<?xml version="1.0" encoding="UTF-8"?>
<testsuites name="hic" time="1459" tests="13" failures="1" errors="0">
   <testsuite name="hic" tests="13" failures="1" errors="0" time="1459" timestamp="2019-12-31 08:00:35" hostname="Administrator - 172.30.0.53" id="Test Suites/HIC/hic">
      <properties>
         <property name="deviceName" value=""/>
         <property name="devicePlatform" value=""/>
         <property name="logFolder" value="D:\\Test\\AgileTest\\Reports\\HIC\\hic\\20191231_080029"/>
         <property name="logFiles" value="D:\\Test\\AgileTest\\Reports\\HIC\\hic\\20191231_080029\\execution0.log"/>
         <property name="attachments" value="D:\\Test\\AgileTest\\Reports\\HIC\\hic\\20191231_080029\\../Screenshots/iPhone 6/HIC/ACA/ACA/20191231_080042/0.png, D:\\Test\\AgileTest\\Reports\\HIC\\hic\\20191231_080029\\../Screenshots/iPhone 6/HIC/ACA/ACA/20191231_080042/1.png, D:\\Test\\AgileTest\\Reports\\HIC\\hic\\20191231_080029\\../Screenshots/iPhone 6/HIC/ACA/ACA/20191231_080042/2.png, D:\\Test\\AgileTest\\Reports\\HIC\\hic\\20191231_080029\\../Screenshots/iPhone 6/HIC/Dental/National General/20191231_080122/0.png, D:\\Test\\AgileTest\\Reports\\HIC\\hic\\20191231_080029\\../Screenshots/iPhone 6/HIC/Dental/National General/20191231_080122/1.png, D:\\Test\\AgileTest\\Reports\\HIC\\hic\\20191231_080029\\../Screenshots/iPhone 6/HIC/Dental/National General/20191231_080122/2.png, D:\\Test\\AgileTest\\Reports\\HIC\\hic\\20191231_080029\\../Screenshots/iPhone 6/HIC/Dental/National General/20191231_080122/3.png, D:\\Test\\AgileTest\\Reports\\HIC\\hic\\20191231_080029\\../Screenshots/iPhone 6/HIC/Dental/National General/20191231_080122/4.png, D:\\Test\\AgileTest\\Reports\\HIC\\hic\\20191231_080029\\../Screenshots/iPhone 6/HIC/Dental/National General/20191231_080122/5.png, D:\\Test\\AgileTest\\Reports\\HIC\\hic\\20191231_080029\\../Screenshots/iPhone 6/HIC/Dental/National General/20191231_080122/6.png, D:\\Test\\AgileTest\\Reports\\HIC\\hic\\20191231_080029\\../Screenshots/iPhone 6/HIC/Dental/National General/20191231_080122/7.png, D:\\Test\\AgileTest\\Reports\\HIC\\hic\\20191231_080029\\../Screenshots/iPhone 6/HIC/Dental/National General/20191231_080122/8.png, D:\\Test\\AgileTest\\Reports\\HIC\\hic\\20191231_080029\\../Screenshots/iPhone 6/HIC/Dental/USA Access/20191231_080338/0.png, D:\\Test\\AgileTest\\Reports\\HIC\\hic\\20191231_080029\\../Screenshots/iPhone 6/HIC/Dental/USA Access/20191231_080338/1.png, D:\\Test\\AgileTest\\Reports\\HIC\\hic\\20191231_080029\\../Screenshots/iPhone 6/HIC/Dental/USA Access/20191231_080338/2.png, D:\\Test\\AgileTest\\Reports\\HIC\\hic\\20191231_080029\\../Screenshots/iPhone 6/HIC/Dental/USA Access/20191231_080338/3.png, D:\\Test\\AgileTest\\Reports\\HIC\\hic\\20191231_080029\\../Screenshots/iPhone 6/HIC/Dental/USA Access/20191231_080338/4.png, D:\\Test\\AgileTest\\Reports\\HIC\\hic\\20191231_080029\\../Screenshots/iPhone 6/HIC/Dental/USA Access/20191231_080338/5.png, D:\\Test\\AgileTest\\Reports\\HIC\\hic\\20191231_080029\\../Screenshots/iPhone 6/HIC/Dental/USA Access/20191231_080338/6.png, D:\\Test\\AgileTest\\Reports\\HIC\\hic\\20191231_080029\\../Screenshots/iPhone 6/HIC/Dental/USA Access/20191231_080338/7.png, D:\\Test\\AgileTest\\Reports\\HIC\\hic\\20191231_080029\\../Screenshots/iPhone 6/HIC/Dental/USA Access/20191231_080338/8.png, D:\\Test\\AgileTest\\Reports\\HIC\\hic\\20191231_080029\\../Screenshots/iPhone 6/HIC/Dental/USA Access/20191231_080338/9.png, D:\\Test\\AgileTest\\Reports\\HIC\\hic\\20191231_080029\\../Screenshots/iPhone 6/HIC/HBI/Core Shield/20191231_080558/0.png, D:\\Test\\AgileTest\\Reports\\HIC\\hic\\20191231_080029\\../Screenshots/iPhone 6/HIC/HBI/Core Shield/20191231_080558/1.png, D:\\Test\\AgileTest\\Reports\\HIC\\hic\\20191231_080029\\../Screenshots/iPhone 6/HIC/HBI/Core Shield/20191231_080558/2.png, D:\\Test\\AgileTest\\Reports\\HIC\\hic\\20191231_080029\\../Screenshots/iPhone 6/HIC/HBI/Core Shield/20191231_080558/3.png, D:\\Test\\AgileTest\\Reports\\HIC\\hic\\20191231_080029\\../Screenshots/iPhone 6/HIC/HBI/Core Shield/20191231_080558/4.png, D:\\Test\\AgileTest\\Reports\\HIC\\hic\\20191231_080029\\../Screenshots/iPhone 6/HIC/HBI/Core Shield/20191231_080558/5.png, D:\\Test\\AgileTest\\Reports\\HIC\\hic\\20191231_080029\\../Screenshots/iPhone 6/HIC/HBI/Core Shield/20191231_080558/6.png, D:\\Test\\AgileTest\\Reports\\HIC\\hic\\20191231_080029\\../Screenshots/iPhone 6/HIC/HBI/Core Shield/20191231_080558/7.png, D:\\Test\\AgileTest\\Reports\\HIC\\hic\\20191231_080029\\../Screenshots/iPhone 6/HIC/HBI/Core Shield/20191231_080558/8.png, D:\\Test\\AgileTest\\Reports\\HIC\\hic\\20191231_080029\\../Screenshots/iPhone 6/HIC/HBI/Fixed Cash Benefit/20191231_080741/0.png, D:\\Test\\AgileTest\\Reports\\HIC\\hic\\20191231_080029\\../Screenshots/iPhone 6/HIC/HBI/Fixed Cash Benefit/20191231_080741/1.png, D:\\Test\\AgileTest\\Reports\\HIC\\hic\\20191231_080029\\../Screenshots/iPhone 6/HIC/HBI/Fixed Cash Benefit/20191231_080741/2.png, D:\\Test\\AgileTest\\Reports\\HIC\\hic\\20191231_080029\\../Screenshots/iPhone 6/HIC/HBI/Fixed Cash Benefit/20191231_080741/3.png, D:\\Test\\AgileTest\\Reports\\HIC\\hic\\20191231_080029\\../Screenshots/iPhone 6/HIC/HBI/Fixed Cash Benefit/20191231_080741/4.png, D:\\Test\\AgileTest\\Reports\\HIC\\hic\\20191231_080029\\../Screenshots/iPhone 6/HIC/HBI/Fixed Cash Benefit/20191231_080741/5.png, D:\\Test\\AgileTest\\Reports\\HIC\\hic\\20191231_080029\\../Screenshots/iPhone 6/HIC/HBI/Fixed Cash Benefit/20191231_080741/6.png, D:\\Test\\AgileTest\\Reports\\HIC\\hic\\20191231_080029\\../Screenshots/iPhone 6/HIC/HBI/Fixed Cash Benefit/20191231_080741/7.png, D:\\Test\\AgileTest\\Reports\\HIC\\hic\\20191231_080029\\../Screenshots/iPhone 6/HIC/HBI/Fixed Cash Benefit/20191231_080741/8.png, D:\\Test\\AgileTest\\Reports\\HIC\\hic\\20191231_080029\\../Screenshots/iPhone 6/HIC/HBI/Health Choice/20191231_080922/0.png, D:\\Test\\AgileTest\\Reports\\HIC\\hic\\20191231_080029\\../Screenshots/iPhone 6/HIC/HBI/Health Choice/20191231_080922/1.png, D:\\Test\\AgileTest\\Reports\\HIC\\hic\\20191231_080029\\../Screenshots/iPhone 6/HIC/HBI/Health Choice/20191231_080922/2.png, D:\\Test\\AgileTest\\Reports\\HIC\\hic\\20191231_080029\\../Screenshots/iPhone 6/HIC/HBI/Health Choice/20191231_080922/3.png, D:\\Test\\AgileTest\\Reports\\HIC\\hic\\20191231_080029\\../Screenshots/iPhone 6/HIC/HBI/Health Choice/20191231_080922/4.png, D:\\Test\\AgileTest\\Reports\\HIC\\hic\\20191231_080029\\../Screenshots/iPhone 6/HIC/HBI/Health Choice/20191231_080922/5.png, D:\\Test\\AgileTest\\Reports\\HIC\\hic\\20191231_080029\\../Screenshots/iPhone 6/HIC/HBI/Health Choice/20191231_080922/6.png, D:\\Test\\AgileTest\\Reports\\HIC\\hic\\20191231_080029\\../Screenshots/iPhone 6/HIC/HBI/Health Choice/20191231_080922/7.png, D:\\Test\\AgileTest\\Reports\\HIC\\hic\\20191231_080029\\../Screenshots/iPhone 6/HIC/HBI/Health Choice/20191231_080922/8.png, D:\\Test\\AgileTest\\Reports\\HIC\\hic\\20191231_080029\\../Screenshots/iPhone 6/HIC/HBI/Legion Limited Medical/20191231_081112/0.png, D:\\Test\\AgileTest\\Reports\\HIC\\hic\\20191231_080029\\../Screenshots/iPhone 6/HIC/HBI/Legion Limited Medical/20191231_081112/1.png, D:\\Test\\AgileTest\\Reports\\HIC\\hic\\20191231_080029\\../Screenshots/iPhone 6/HIC/HBI/Legion Limited Medical/20191231_081112/2.png, D:\\Test\\AgileTest\\Reports\\HIC\\hic\\20191231_080029\\../Screenshots/iPhone 6/HIC/HBI/Legion Limited Medical/20191231_081112/3.png, D:\\Test\\AgileTest\\Reports\\HIC\\hic\\20191231_080029\\../Screenshots/iPhone 6/HIC/HBI/Legion Limited Medical/20191231_081112/4.png, D:\\Test\\AgileTest\\Reports\\HIC\\hic\\20191231_080029\\../Screenshots/iPhone 6/HIC/HBI/Legion Limited Medical/20191231_081112/5.png, D:\\Test\\AgileTest\\Reports\\HIC\\hic\\20191231_080029\\../Screenshots/iPhone 6/HIC/HBI/Legion Limited Medical/20191231_081112/6.png, D:\\Test\\AgileTest\\Reports\\HIC\\hic\\20191231_080029\\../Screenshots/iPhone 6/HIC/HBI/Legion Limited Medical/20191231_081112/7.png, D:\\Test\\AgileTest\\Reports\\HIC\\hic\\20191231_080029\\../Screenshots/iPhone 6/HIC/HBI/Legion Limited Medical/20191231_081112/8.png, D:\\Test\\AgileTest\\Reports\\HIC\\hic\\20191231_080029\\../Screenshots/iPhone 6/HIC/HBI/Vitala Care/20191231_081251/0.png, D:\\Test\\AgileTest\\Reports\\HIC\\hic\\20191231_080029\\../Screenshots/iPhone 6/HIC/HBI/Vitala Care/20191231_081251/1.png, D:\\Test\\AgileTest\\Reports\\HIC\\hic\\20191231_080029\\../Screenshots/iPhone 6/HIC/HBI/Vitala Care/20191231_081251/2.png, D:\\Test\\AgileTest\\Reports\\HIC\\hic\\20191231_080029\\../Screenshots/iPhone 6/HIC/HBI/Vitala Care/20191231_081251/3.png, D:\\Test\\AgileTest\\Reports\\HIC\\hic\\20191231_080029\\../Screenshots/iPhone 6/HIC/HBI/Vitala Care/20191231_081251/4.png, D:\\Test\\AgileTest\\Reports\\HIC\\hic\\20191231_080029\\../Screenshots/iPhone 6/HIC/HBI/Vitala Care/20191231_081251/5.png, D:\\Test\\AgileTest\\Reports\\HIC\\hic\\20191231_080029\\../Screenshots/iPhone 6/HIC/HBI/Vitala Care/20191231_081251/6.png, D:\\Test\\AgileTest\\Reports\\HIC\\hic\\20191231_080029\\../Screenshots/iPhone 6/HIC/HBI/Vitala Care/20191231_081251/7.png, D:\\Test\\AgileTest\\Reports\\HIC\\hic\\20191231_080029\\../Screenshots/iPhone 6/HIC/HBI/Vitala Care/20191231_081251/8.png, D:\\Test\\AgileTest\\Reports\\HIC\\hic\\20191231_080029\\../Screenshots/iPhone 6/HIC/HBI/Vitala Care/20191231_081251/9.png, D:\\Test\\AgileTest\\Reports\\HIC\\hic\\20191231_080029\\../Screenshots/iPhone 6/HIC/Medicare/Medicare/20191231_081442/0.png, D:\\Test\\AgileTest\\Reports\\HIC\\hic\\20191231_080029\\../Screenshots/iPhone 6/HIC/Medicare/Medicare/20191231_081442/1.png, D:\\Test\\AgileTest\\Reports\\HIC\\hic\\20191231_080029\\../Screenshots/iPhone 6/HIC/Medicare/Medicare/20191231_081442/2.png, D:\\Test\\AgileTest\\Reports\\HIC\\hic\\20191231_080029\\../Screenshots/iPhone 6/HIC/Medicare/Medicare/20191231_081442/3.png, D:\\Test\\AgileTest\\Reports\\HIC\\hic\\20191231_080029\\../Screenshots/iPhone 6/HIC/STM/AdvantHealth/20191231_081514/0.png, D:\\Test\\AgileTest\\Reports\\HIC\\hic\\20191231_080029\\../Screenshots/iPhone 6/HIC/STM/AdvantHealth/20191231_081514/1.png, D:\\Test\\AgileTest\\Reports\\HIC\\hic\\20191231_080029\\../Screenshots/iPhone 6/HIC/STM/AdvantHealth/20191231_081514/2.png, D:\\Test\\AgileTest\\Reports\\HIC\\hic\\20191231_080029\\../Screenshots/iPhone 6/HIC/STM/AdvantHealth/20191231_081514/3.png, D:\\Test\\AgileTest\\Reports\\HIC\\hic\\20191231_080029\\../Screenshots/iPhone 6/HIC/STM/AdvantHealth/20191231_081514/4.png, D:\\Test\\AgileTest\\Reports\\HIC\\hic\\20191231_080029\\../Screenshots/iPhone 6/HIC/STM/AdvantHealth/20191231_081514/5.png, D:\\Test\\AgileTest\\Reports\\HIC\\hic\\20191231_080029\\../Screenshots/iPhone 6/HIC/STM/AdvantHealth/20191231_081514/6.png, D:\\Test\\AgileTest\\Reports\\HIC\\hic\\20191231_080029\\../Screenshots/iPhone 6/HIC/STM/AdvantHealth/20191231_081514/7.png, D:\\Test\\AgileTest\\Reports\\HIC\\hic\\20191231_080029\\../Screenshots/iPhone 6/HIC/STM/AdvantHealth/20191231_081514/8.png, D:\\Test\\AgileTest\\Reports\\HIC\\hic\\20191231_080029\\../Screenshots/iPhone 6/HIC/STM/AdvantHealth/20191231_081514/9.png, D:\\Test\\AgileTest\\Reports\\HIC\\hic\\20191231_080029\\../Screenshots/iPhone 6/HIC/STM/AdvantHealth/20191231_081514/10.png, D:\\Test\\AgileTest\\Reports\\HIC\\hic\\20191231_080029\\../Screenshots/iPhone 6/HIC/STM/AdvantHealth/20191231_081514/11.png, D:\\Test\\AgileTest\\Reports\\HIC\\hic\\20191231_080029\\../Screenshots/iPhone 6/HIC/STM/Aspen/20191231_081722/0.png, D:\\Test\\AgileTest\\Reports\\HIC\\hic\\20191231_080029\\../Screenshots/iPhone 6/HIC/STM/Aspen/20191231_081722/1.png, D:\\Test\\AgileTest\\Reports\\HIC\\hic\\20191231_080029\\../Screenshots/iPhone 6/HIC/STM/Aspen/20191231_081722/2.png, D:\\Test\\AgileTest\\Reports\\HIC\\hic\\20191231_080029\\../Screenshots/iPhone 6/HIC/STM/Aspen/20191231_081722/3.png, D:\\Test\\AgileTest\\Reports\\HIC\\hic\\20191231_080029\\../Screenshots/iPhone 6/HIC/STM/Aspen/20191231_081722/4.png, D:\\Test\\AgileTest\\Reports\\HIC\\hic\\20191231_080029\\../Screenshots/iPhone 6/HIC/STM/Aspen/20191231_081722/5.png, D:\\Test\\AgileTest\\Reports\\HIC\\hic\\20191231_080029\\../Screenshots/iPhone 6/HIC/STM/Aspen/20191231_081722/6.png, D:\\Test\\AgileTest\\Reports\\HIC\\hic\\20191231_080029\\1577798303213.png, D:\\Test\\AgileTest\\Reports\\HIC\\hic\\20191231_080029\\../Screenshots/iPhone 6/HIC/STM/Aspen/20191231_081722/7.png, D:\\Test\\AgileTest\\Reports\\HIC\\hic\\20191231_080029\\../Screenshots/iPhone 6/HIC/STM/Aspen/20191231_081722/8.png, D:\\Test\\AgileTest\\Reports\\HIC\\hic\\20191231_080029\\../Screenshots/iPhone 6/HIC/STM/Aspen/20191231_081722/9.png, D:\\Test\\AgileTest\\Reports\\HIC\\hic\\20191231_080029\\../Screenshots/iPhone 6/HIC/STM/Aspen/20191231_081722/10.png, D:\\Test\\AgileTest\\Reports\\HIC\\hic\\20191231_080029\\../Screenshots/iPhone 6/HIC/STM/Everest Prime/20191231_081927/0.png, D:\\Test\\AgileTest\\Reports\\HIC\\hic\\20191231_080029\\../Screenshots/iPhone 6/HIC/STM/Everest Prime/20191231_081927/1.png, D:\\Test\\AgileTest\\Reports\\HIC\\hic\\20191231_080029\\../Screenshots/iPhone 6/HIC/STM/Everest Prime/20191231_081927/2.png, D:\\Test\\AgileTest\\Reports\\HIC\\hic\\20191231_080029\\../Screenshots/iPhone 6/HIC/STM/Everest Prime/20191231_081927/3.png, D:\\Test\\AgileTest\\Reports\\HIC\\hic\\20191231_080029\\../Screenshots/iPhone 6/HIC/STM/Everest Prime/20191231_081927/4.png, D:\\Test\\AgileTest\\Reports\\HIC\\hic\\20191231_080029\\../Screenshots/iPhone 6/HIC/STM/Everest Prime/20191231_081927/5.png, D:\\Test\\AgileTest\\Reports\\HIC\\hic\\20191231_080029\\../Screenshots/iPhone 6/HIC/STM/Everest Prime/20191231_081927/6.png, D:\\Test\\AgileTest\\Reports\\HIC\\hic\\20191231_080029\\1577798422773.png, D:\\Test\\AgileTest\\Reports\\HIC\\hic\\20191231_080029\\../Screenshots/iPhone 6/HIC/STM/Everest Prime/20191231_081927/7.png, D:\\Test\\AgileTest\\Reports\\HIC\\hic\\20191231_080029\\../Screenshots/iPhone 6/HIC/STM/Everest Prime/20191231_081927/8.png, D:\\Test\\AgileTest\\Reports\\HIC\\hic\\20191231_080029\\../Screenshots/iPhone 6/HIC/STM/Everest Prime/20191231_081927/9.png, D:\\Test\\AgileTest\\Reports\\HIC\\hic\\20191231_080029\\../Screenshots/iPhone 6/HIC/STM/Everest Prime/20191231_081927/10.png, D:\\Test\\AgileTest\\Reports\\HIC\\hic\\20191231_080029\\../Screenshots/iPhone 6/HIC/STM/Slaico/20191231_082115/0.png, D:\\Test\\AgileTest\\Reports\\HIC\\hic\\20191231_080029\\../Screenshots/iPhone 6/HIC/STM/Slaico/20191231_082115/1.png, D:\\Test\\AgileTest\\Reports\\HIC\\hic\\20191231_080029\\../Screenshots/iPhone 6/HIC/STM/Slaico/20191231_082115/2.png, D:\\Test\\AgileTest\\Reports\\HIC\\hic\\20191231_080029\\../Screenshots/iPhone 6/HIC/STM/Slaico/20191231_082115/3.png, D:\\Test\\AgileTest\\Reports\\HIC\\hic\\20191231_080029\\../Screenshots/iPhone 6/HIC/STM/Slaico/20191231_082115/4.png, D:\\Test\\AgileTest\\Reports\\HIC\\hic\\20191231_080029\\../Screenshots/iPhone 6/HIC/STM/Slaico/20191231_082115/5.png, D:\\Test\\AgileTest\\Reports\\HIC\\hic\\20191231_080029\\../Screenshots/iPhone 6/HIC/STM/Slaico/20191231_082115/6.png, D:\\Test\\AgileTest\\Reports\\HIC\\hic\\20191231_080029\\1577798528479.png, D:\\Test\\AgileTest\\Reports\\HIC\\hic\\20191231_080029\\../Screenshots/iPhone 6/HIC/STM/Slaico/20191231_082115/7.png, D:\\Test\\AgileTest\\Reports\\HIC\\hic\\20191231_080029\\../Screenshots/iPhone 6/HIC/STM/Slaico/20191231_082115/8.png, D:\\Test\\AgileTest\\Reports\\HIC\\hic\\20191231_080029\\1577798589676.png, D:\\Test\\AgileTest\\Reports\\HIC\\hic\\20191231_080029\\../Screenshots/iPhone 6/HIC/Teladoc/Teladoc/20191231_082311/0.png, D:\\Test\\AgileTest\\Reports\\HIC\\hic\\20191231_080029\\../Screenshots/iPhone 6/HIC/Teladoc/Teladoc/20191231_082311/1.png, D:\\Test\\AgileTest\\Reports\\HIC\\hic\\20191231_080029\\../Screenshots/iPhone 6/HIC/Teladoc/Teladoc/20191231_082311/2.png, D:\\Test\\AgileTest\\Reports\\HIC\\hic\\20191231_080029\\../Screenshots/iPhone 6/HIC/Teladoc/Teladoc/20191231_082311/3.png, D:\\Test\\AgileTest\\Reports\\HIC\\hic\\20191231_080029\\../Screenshots/iPhone 6/HIC/Teladoc/Teladoc/20191231_082311/4.png, D:\\Test\\AgileTest\\Reports\\HIC\\hic\\20191231_080029\\../Screenshots/iPhone 6/HIC/Teladoc/Teladoc/20191231_082311/5.png, D:\\Test\\AgileTest\\Reports\\HIC\\hic\\20191231_080029\\../Screenshots/iPhone 6/HIC/Teladoc/Teladoc/20191231_082311/6.png, D:\\Test\\AgileTest\\Reports\\HIC\\hic\\20191231_080029\\../Screenshots/iPhone 6/HIC/Teladoc/Teladoc/20191231_082311/7.png"/>
         <property name="hostName" value="Administrator - 172.30.0.53"/>
         <property name="os" value="Windows Server 2012 R2 64bit"/>
         <property name="katalonVersion" value="5.10.1.1"/>
         <property name="browser" value="Safari 11"/>
         <property name="hostAddress" value="172.30.0.53"/>
         <property name="sessionId" value="0950801aadf6543cf05c5368fa3268e9"/>
         <property name="seleniumVersion" value="3.7.1"/>
         <property name="proxyInformation" value="ProxyInformation{proxyOption=NO_PROXY, proxyServerType=HTTP, password=, proxyServerAddress=, proxyServerPort=0}"/>
         <property name="platform" value="Windows Server 2012 R2"/>
      </properties>
      <testcase name="Test Cases/HIC/ACA" classname="Test Cases/HIC/ACA" status="PASSED">
         <system-out><![CDATA[2019-12-31 08:00:38 - [TEST_CASE][PASSED] - Test Cases/HIC/ACA: Test Cases/HIC/ACA

2019-12-31 08:00:39 - [TEST_STEP][PASSED] - callTestCase(findTestCase("HIC/_include/get_hicScreenPath"), ["project":"HIC", "productLine":"ACA", "carrierName":"ACA"], CONTINUE_ON_FAILURE): Call Test Case 'Test Cases/HIC/_include/get_hicScreenPath' successfully

2019-12-31 08:00:41 - [TEST_CASE][PASSED] - Test Cases/HIC/_include/get_hicScreenPath: Test Cases/HIC/_include/get_hicScreenPath

2019-12-31 08:00:42 - [TEST_STEP][PASSED] - m = getExecutionProperties(): null

2019-12-31 08:00:42 - [TEST_STEP][PASSED] - deviceName = get("mobileEmulation").get("deviceName"): null

2019-12-31 08:00:42 - [TEST_STEP][PASSED] - println(deviceName): null

2019-12-31 08:00:42 - [TEST_STEP][PASSED] - now = new java.util.Date(): null

2019-12-31 08:00:42 - [TEST_STEP][PASSED] - mydate = now.format("yyyyMMdd_HHmmss"): null

2019-12-31 08:00:42 - [TEST_STEP][PASSED] - screenPath = "../Screenshots/": null

2019-12-31 08:00:42 - [TEST_STEP][PASSED] - screenPath = screenPath + deviceName + "/" + project + "/" + productLine + "/" + carrierName + "/" + mydate + "/": null

2019-12-31 08:00:42 - [TEST_STEP][PASSED] - println(screenPath): null

2019-12-31 08:00:42 - [MESSAGE][PASSED] - Call Test Case 'Test Cases/HIC/_include/get_hicScreenPath' successfully

2019-12-31 08:00:42 - [TEST_STEP][PASSED] - i = 0: null

2019-12-31 08:00:42 - [TEST_STEP][PASSED] - callTestCase(findTestCase("AHI/_include/openWebSite"), ["env":"https://qa.healthinsurance.com/"], CONTINUE_ON_FAILURE): Call Test Case 'Test Cases/AHI/_include/openWebSite' successfully

2019-12-31 08:00:43 - [TEST_CASE][PASSED] - Test Cases/AHI/_include/openWebSite: Test Cases/AHI/_include/openWebSite

2019-12-31 08:00:43 - [TEST_STEP][PASSED] - openBrowser(env): Browser is opened with url: 'https://qa.healthinsurance.com/'

2019-12-31 08:00:45 - [MESSAGE][INFO] - Starting 'Chrome' driver

2019-12-31 08:00:45 - [MESSAGE][INFO] - User set preference: ['mobileEmulation', '{deviceName=iPhone 6}']

2019-12-31 08:00:45 - [MESSAGE][INFO] - User set preference: ['args', '[--incognito, --aggressive-cache-discard, --window-size=375,677, --no-sandbox]']

2019-12-31 08:00:45 - [MESSAGE][INFO] - Action delay is set to 0 seconds

2019-12-31 08:00:56 - [MESSAGE][PASSED] - Browser is opened with url: 'https://qa.healthinsurance.com/'

2019-12-31 08:00:56 - [TEST_STEP][PASSED] - waitForPageLoad(20): Wait for page load successfully

2019-12-31 08:00:57 - [MESSAGE][PASSED] - Wait for page load successfully

2019-12-31 08:00:57 - [TEST_STEP][PASSED] - callTestCase(findTestCase("AHI/_include/get_screenshot"), [:], STOP_ON_FAILURE): Call Test Case 'Test Cases/AHI/_include/get_screenshot' successfully

2019-12-31 08:00:57 - [TEST_CASE][PASSED] - Test Cases/AHI/_include/get_screenshot: Test Cases/AHI/_include/get_screenshot

2019-12-31 08:00:57 - [TEST_STEP][PASSED] - takeScreenshot(screenPath + i + ".png"): Taking screenshot successfully

2019-12-31 08:00:58 - [MESSAGE][PASSED] - Taking screenshot successfully
[[ATTACHMENT|D:\\Test\\AgileTest\\Reports\\HIC\\hic\\20191231_080029\\../Screenshots/iPhone 6/HIC/ACA/ACA/20191231_080042/0.png]]

2019-12-31 08:00:58 - [TEST_STEP][PASSED] - (internal.GlobalVariable.i++): null

2019-12-31 08:00:58 - [MESSAGE][PASSED] - Call Test Case 'Test Cases/AHI/_include/get_screenshot' successfully

2019-12-31 08:00:58 - [MESSAGE][PASSED] - Call Test Case 'Test Cases/AHI/_include/openWebSite' successfully

2019-12-31 08:00:58 - [TEST_STEP][PASSED] - click(findTestObject("hic/nav/navButton")): Object: 'Object Repository/hic/nav/navButton' is clicked on

2019-12-31 08:00:59 - [MESSAGE][PASSED] - Object: 'Object Repository/hic/nav/navButton' is clicked on

2019-12-31 08:00:59 - [TEST_STEP][PASSED] - click(findTestObject("hic/nav/acaLink")): Object: 'Object Repository/hic/nav/acaLink' is clicked on

2019-12-31 08:00:59 - [MESSAGE][PASSED] - Object: 'Object Repository/hic/nav/acaLink' is clicked on

2019-12-31 08:00:59 - [TEST_STEP][PASSED] - Thread.sleep(2000): null

2019-12-31 08:01:01 - [TEST_STEP][PASSED] - callTestCase(findTestCase("AHI/_include/get_screenshot"), [:], STOP_ON_FAILURE): Call Test Case 'Test Cases/AHI/_include/get_screenshot' successfully

2019-12-31 08:01:02 - [TEST_CASE][PASSED] - Test Cases/AHI/_include/get_screenshot: Test Cases/AHI/_include/get_screenshot

2019-12-31 08:01:02 - [TEST_STEP][PASSED] - takeScreenshot(screenPath + i + ".png"): Taking screenshot successfully

2019-12-31 08:01:05 - [MESSAGE][PASSED] - Taking screenshot successfully
[[ATTACHMENT|D:\\Test\\AgileTest\\Reports\\HIC\\hic\\20191231_080029\\../Screenshots/iPhone 6/HIC/ACA/ACA/20191231_080042/1.png]]

2019-12-31 08:01:05 - [TEST_STEP][PASSED] - (internal.GlobalVariable.i++): null

2019-12-31 08:01:05 - [MESSAGE][PASSED] - Call Test Case 'Test Cases/AHI/_include/get_screenshot' successfully

2019-12-31 08:01:05 - [TEST_STEP][PASSED] - setText(findTestObject("hic/aca/zip"), "33186"): Text '33186' is set on object 'Object Repository/hic/aca/zip'

2019-12-31 08:01:06 - [MESSAGE][PASSED] - Text '33186' is set on object 'Object Repository/hic/aca/zip'

2019-12-31 08:01:06 - [TEST_STEP][PASSED] - Thread.sleep(5000): null

2019-12-31 08:01:11 - [TEST_STEP][PASSED] - click(findTestObject("hic/aca/comparePlan")): Object: 'Object Repository/hic/aca/comparePlan' is clicked on

2019-12-31 08:01:16 - [MESSAGE][PASSED] - Object: 'Object Repository/hic/aca/comparePlan' is clicked on

2019-12-31 08:01:16 - [TEST_STEP][PASSED] - Thread.sleep(5000): null

2019-12-31 08:01:21 - [TEST_STEP][PASSED] - callTestCase(findTestCase("AHI/_include/get_screenshot"), [:], STOP_ON_FAILURE): Call Test Case 'Test Cases/AHI/_include/get_screenshot' successfully

2019-12-31 08:01:21 - [TEST_CASE][PASSED] - Test Cases/AHI/_include/get_screenshot: Test Cases/AHI/_include/get_screenshot

2019-12-31 08:01:21 - [TEST_STEP][PASSED] - takeScreenshot(screenPath + i + ".png"): Taking screenshot successfully

2019-12-31 08:01:21 - [MESSAGE][PASSED] - Taking screenshot successfully
[[ATTACHMENT|D:\\Test\\AgileTest\\Reports\\HIC\\hic\\20191231_080029\\../Screenshots/iPhone 6/HIC/ACA/ACA/20191231_080042/2.png]]

2019-12-31 08:01:21 - [TEST_STEP][PASSED] - (internal.GlobalVariable.i++): null

2019-12-31 08:01:22 - [MESSAGE][PASSED] - Call Test Case 'Test Cases/AHI/_include/get_screenshot' successfully]]></system-out>
         <system-err><![CDATA[]]></system-err>
      </testcase>
      <testcase name="Test Cases/HIC/Dental/National General" classname="Test Cases/HIC/Dental/National General" status="PASSED">
         <system-out><![CDATA[2019-12-31 08:01:22 - [TEST_CASE][PASSED] - Test Cases/HIC/Dental/National General: Test Cases/HIC/Dental/National General

2019-12-31 08:01:22 - [TEST_STEP][PASSED] - callTestCase(findTestCase("HIC/_include/get_hicScreenPath"), ["project":"HIC", "productLine":"Dental", "carrierName":"National General"], CONTINUE_ON_FAILURE): Call Test Case 'Test Cases/HIC/_include/get_hicScreenPath' successfully

2019-12-31 08:01:22 - [TEST_CASE][PASSED] - Test Cases/HIC/_include/get_hicScreenPath: Test Cases/HIC/_include/get_hicScreenPath

2019-12-31 08:01:22 - [TEST_STEP][PASSED] - m = getExecutionProperties(): null

2019-12-31 08:01:22 - [TEST_STEP][PASSED] - deviceName = get("mobileEmulation").get("deviceName"): null

2019-12-31 08:01:22 - [TEST_STEP][PASSED] - println(deviceName): null

2019-12-31 08:01:22 - [TEST_STEP][PASSED] - now = new java.util.Date(): null

2019-12-31 08:01:22 - [TEST_STEP][PASSED] - mydate = now.format("yyyyMMdd_HHmmss"): null

2019-12-31 08:01:22 - [TEST_STEP][PASSED] - screenPath = "../Screenshots/": null

2019-12-31 08:01:22 - [TEST_STEP][PASSED] - screenPath = screenPath + deviceName + "/" + project + "/" + productLine + "/" + carrierName + "/" + mydate + "/": null

2019-12-31 08:01:22 - [TEST_STEP][PASSED] - println(screenPath): null

2019-12-31 08:01:22 - [MESSAGE][PASSED] - Call Test Case 'Test Cases/HIC/_include/get_hicScreenPath' successfully

2019-12-31 08:01:22 - [TEST_STEP][PASSED] - i = 0: null

2019-12-31 08:01:22 - [TEST_STEP][PASSED] - callTestCase(findTestCase("AHI/_include/openWebSite"), ["env":"https://qa.healthinsurance.com/"], CONTINUE_ON_FAILURE): Call Test Case 'Test Cases/AHI/_include/openWebSite' successfully

2019-12-31 08:01:22 - [TEST_CASE][PASSED] - Test Cases/AHI/_include/openWebSite: Test Cases/AHI/_include/openWebSite

2019-12-31 08:01:22 - [TEST_STEP][PASSED] - openBrowser(env): Browser is opened with url: 'https://qa.healthinsurance.com/'

2019-12-31 08:01:22 - [MESSAGE][WARNING] - A browser is already opened. Closing browser and opening a new one

2019-12-31 08:01:24 - [MESSAGE][INFO] - Starting 'Chrome' driver

2019-12-31 08:01:24 - [MESSAGE][INFO] - User set preference: ['mobileEmulation', '{deviceName=iPhone 6}']

2019-12-31 08:01:24 - [MESSAGE][INFO] - User set preference: ['args', '[--incognito, --aggressive-cache-discard, --window-size=375,677, --no-sandbox]']

2019-12-31 08:01:28 - [MESSAGE][PASSED] - Browser is opened with url: 'https://qa.healthinsurance.com/'

2019-12-31 08:01:28 - [TEST_STEP][PASSED] - waitForPageLoad(20): Wait for page load successfully

2019-12-31 08:01:28 - [MESSAGE][PASSED] - Wait for page load successfully

2019-12-31 08:01:28 - [TEST_STEP][PASSED] - callTestCase(findTestCase("AHI/_include/get_screenshot"), [:], STOP_ON_FAILURE): Call Test Case 'Test Cases/AHI/_include/get_screenshot' successfully

2019-12-31 08:01:28 - [TEST_CASE][PASSED] - Test Cases/AHI/_include/get_screenshot: Test Cases/AHI/_include/get_screenshot

2019-12-31 08:01:28 - [TEST_STEP][PASSED] - takeScreenshot(screenPath + i + ".png"): Taking screenshot successfully

2019-12-31 08:01:29 - [MESSAGE][PASSED] - Taking screenshot successfully
[[ATTACHMENT|D:\\Test\\AgileTest\\Reports\\HIC\\hic\\20191231_080029\\../Screenshots/iPhone 6/HIC/Dental/National General/20191231_080122/0.png]]

2019-12-31 08:01:29 - [TEST_STEP][PASSED] - (internal.GlobalVariable.i++): null

2019-12-31 08:01:29 - [MESSAGE][PASSED] - Call Test Case 'Test Cases/AHI/_include/get_screenshot' successfully

2019-12-31 08:01:29 - [MESSAGE][PASSED] - Call Test Case 'Test Cases/AHI/_include/openWebSite' successfully

2019-12-31 08:01:29 - [TEST_STEP][PASSED] - click(findTestObject("hic/nav/navButton")): Object: 'Object Repository/hic/nav/navButton' is clicked on

2019-12-31 08:01:29 - [MESSAGE][PASSED] - Object: 'Object Repository/hic/nav/navButton' is clicked on

2019-12-31 08:01:29 - [TEST_STEP][PASSED] - Thread.sleep(2000): null

2019-12-31 08:01:31 - [TEST_STEP][PASSED] - click(findTestObject("hic/nav/dentalLink")): Object: 'Object Repository/hic/nav/dentalLink' is clicked on

2019-12-31 08:01:31 - [MESSAGE][PASSED] - Object: 'Object Repository/hic/nav/dentalLink' is clicked on

2019-12-31 08:01:31 - [TEST_STEP][PASSED] - Thread.sleep(2000): null

2019-12-31 08:01:33 - [TEST_STEP][PASSED] - callTestCase(findTestCase("AHI/_include/get_screenshot"), [:], STOP_ON_FAILURE): Call Test Case 'Test Cases/AHI/_include/get_screenshot' successfully

2019-12-31 08:01:33 - [TEST_CASE][PASSED] - Test Cases/AHI/_include/get_screenshot: Test Cases/AHI/_include/get_screenshot

2019-12-31 08:01:33 - [TEST_STEP][PASSED] - takeScreenshot(screenPath + i + ".png"): Taking screenshot successfully

2019-12-31 08:01:34 - [MESSAGE][PASSED] - Taking screenshot successfully
[[ATTACHMENT|D:\\Test\\AgileTest\\Reports\\HIC\\hic\\20191231_080029\\../Screenshots/iPhone 6/HIC/Dental/National General/20191231_080122/1.png]]

2019-12-31 08:01:34 - [TEST_STEP][PASSED] - (internal.GlobalVariable.i++): null

2019-12-31 08:01:34 - [MESSAGE][PASSED] - Call Test Case 'Test Cases/AHI/_include/get_screenshot' successfully

2019-12-31 08:01:34 - [TEST_STEP][PASSED] - callTestCase(findTestCase("HIC/_include/stm_census"), ["zipcode":"35215"], STOP_ON_FAILURE): Call Test Case 'Test Cases/HIC/_include/stm_census' successfully

2019-12-31 08:01:34 - [TEST_CASE][PASSED] - Test Cases/HIC/_include/stm_census: Test Cases/HIC/_include/stm_census

2019-12-31 08:01:34 - [TEST_STEP][PASSED] - setText(findTestObject("hic/stm/zip"), zipcode): Text '35215' is set on object 'Object Repository/hic/stm/zip'

2019-12-31 08:01:34 - [MESSAGE][PASSED] - Text '35215' is set on object 'Object Repository/hic/stm/zip'

2019-12-31 08:01:34 - [TEST_STEP][PASSED] - Thread.sleep(500): null

2019-12-31 08:01:35 - [TEST_STEP][PASSED] - setText(findTestObject("hic/stm/primaryDOB"), "03031987"): Text '03031987' is set on object 'Object Repository/hic/stm/primaryDOB'

2019-12-31 08:01:35 - [MESSAGE][PASSED] - Text '03031987' is set on object 'Object Repository/hic/stm/primaryDOB'

2019-12-31 08:01:35 - [TEST_STEP][PASSED] - click(findTestObject("hic/stm/female")): Object: 'Object Repository/hic/stm/female' is clicked on

2019-12-31 08:01:35 - [MESSAGE][PASSED] - Object: 'Object Repository/hic/stm/female' is clicked on

2019-12-31 08:01:35 - [TEST_STEP][PASSED] - Thread.sleep(3000): null

2019-12-31 08:01:38 - [TEST_STEP][PASSED] - click(findTestObject("hic/stm/submitButton")): Object: 'Object Repository/hic/stm/submitButton' is clicked on

2019-12-31 08:01:41 - [MESSAGE][PASSED] - Object: 'Object Repository/hic/stm/submitButton' is clicked on

2019-12-31 08:01:41 - [TEST_STEP][PASSED] - Thread.sleep(6000): null

2019-12-31 08:01:47 - [TEST_STEP][PASSED] - callTestCase(findTestCase("AHI/_include/check_quoteleadform"), [:], STOP_ON_FAILURE): Call Test Case 'Test Cases/AHI/_include/check_quoteleadform' successfully

2019-12-31 08:01:47 - [TEST_CASE][PASSED] - Test Cases/AHI/_include/check_quoteleadform: Test Cases/AHI/_include/check_quoteleadform

2019-12-31 08:01:47 - [TEST_STEP][PASSED] - callTestCase(findTestCase("AHI/_include/name"), [:], CONTINUE_ON_FAILURE): Call Test Case 'Test Cases/AHI/_include/name' successfully

2019-12-31 08:01:47 - [TEST_CASE][PASSED] - Test Cases/AHI/_include/name: Test Cases/AHI/_include/name

2019-12-31 08:01:48 - [TEST_STEP][PASSED] - driver = getWebDriver(): null

2019-12-31 08:01:48 - [TEST_STEP][PASSED] - selenium = new com.thoughtworks.selenium.webdriven.WebDriverBackedSelenium(driver, internal.GlobalVariable.ENV): null

2019-12-31 08:01:48 - [TEST_STEP][PASSED] - FirstName = "Test-123": null

2019-12-31 08:01:48 - [TEST_STEP][PASSED] - LastName = selenium.getEval("{var x="ABCDEFGHIJKLMNOPQRSTUVWXYZabcdefghijklmnopqrstuvwxyz"; var tmp="ZZ11-"; for (i=0;i<8;i++) tmp+=x.charAt(Math.ceil(51*Math.random()));tmp;}"): null

2019-12-31 08:01:48 - [TEST_STEP][PASSED] - Address = selenium.getEval("{var x="ABCDEFGHIJKLMNOPQRSTUVWXYZabcdefghijklmnopqrstuvwxyz"; var tmp=""; for (i=0;i<8;i++) tmp+=x.charAt(Math.ceil(51*Math.random()));tmp;}"): null

2019-12-31 08:01:48 - [TEST_STEP][PASSED] - City = selenium.getEval("{var x="ABCDEFGHIJKLMNOPQRSTUVWXYZabcdefghijklmnopqrstuvwxyz"; var tmp=""; for (i=0;i<8;i++) tmp+=x.charAt(Math.ceil(51*Math.random()));tmp;}"): null

2019-12-31 08:01:48 - [TEST_STEP][PASSED] - tel1 = selenium.getEval("{var x="123456789"; var tmp=""; for (i=0;i<3;i++) tmp+=x.charAt(Math.ceil(8*Math.random()));tmp;}"): null

2019-12-31 08:01:48 - [TEST_STEP][PASSED] - tel2 = selenium.getEval("{var x="123456789"; var tmp=""; for (i=0;i<3;i++) tmp+=x.charAt(Math.ceil(8*Math.random()));tmp;}"): null

2019-12-31 08:01:48 - [TEST_STEP][PASSED] - tel3 = selenium.getEval("{var x="123456789"; var tmp=""; for (i=0;i<4;i++) tmp+=x.charAt(Math.ceil(8*Math.random()));tmp;}"): null

2019-12-31 08:01:48 - [TEST_STEP][PASSED] - Tel = selenium.getExpression(tel1 + "-" + tel2 + "-" + tel3): null

2019-12-31 08:01:48 - [TEST_STEP][PASSED] - AutoEmail = selenium.getEval("{var x="ABCDEFGHIJKLMNOPQRSTUVWXYZabcdefghijklmnopqrstuvwxyz"; var tmp="test."; for (i=0;i<8;i++) tmp+=x.charAt(Math.ceil(51*Math.random()));tmp+="@suryani.cn";}"): null

2019-12-31 08:01:48 - [TEST_STEP][PASSED] - FirstName = FirstName: null

2019-12-31 08:01:48 - [TEST_STEP][PASSED] - LastName = LastName: null

2019-12-31 08:01:48 - [TEST_STEP][PASSED] - Address = Address: null

2019-12-31 08:01:48 - [TEST_STEP][PASSED] - City = City: null

2019-12-31 08:01:48 - [TEST_STEP][PASSED] - Tel = Tel: null

2019-12-31 08:01:48 - [TEST_STEP][PASSED] - AutoEmail = AutoEmail: null

2019-12-31 08:01:48 - [TEST_STEP][PASSED] - println(FirstName): null

2019-12-31 08:01:48 - [TEST_STEP][PASSED] - println(LastName): null

2019-12-31 08:01:48 - [TEST_STEP][PASSED] - println(Address): null

2019-12-31 08:01:48 - [TEST_STEP][PASSED] - println(City): null

2019-12-31 08:01:48 - [TEST_STEP][PASSED] - println(Tel): null

2019-12-31 08:01:48 - [TEST_STEP][PASSED] - println(AutoEmail): null

2019-12-31 08:01:48 - [MESSAGE][PASSED] - Call Test Case 'Test Cases/AHI/_include/name' successfully

2019-12-31 08:01:48 - [TEST_STEP][PASSED] - leadform_exist = test.MobileKeywords.isElementPresent_Web(findTestObject("mobileSanity/quote lead form/lead_form"), 20): test.MobileKeywords.isElementPresent_Web is PASSED

2019-12-31 08:02:09 - [MESSAGE][INFO] - Unable to find the element located by 'By.xpath: //*[@id = 'lightboxLeadForm']'. Please recheck the objects properties to make sure the desired element is located. 

2019-12-31 08:02:09 - [MESSAGE][PASSED] - test.MobileKeywords.isElementPresent_Web is PASSED

2019-12-31 08:02:09 - [TEST_STEP][PASSED] - if (leadform_exist): null

2019-12-31 08:02:09 - [MESSAGE][PASSED] - Call Test Case 'Test Cases/AHI/_include/check_quoteleadform' successfully

2019-12-31 08:02:09 - [TEST_STEP][PASSED] - callTestCase(findTestCase("AHI/_include/get_screenshot"), [:], STOP_ON_FAILURE): Call Test Case 'Test Cases/AHI/_include/get_screenshot' successfully

2019-12-31 08:02:09 - [TEST_CASE][PASSED] - Test Cases/AHI/_include/get_screenshot: Test Cases/AHI/_include/get_screenshot

2019-12-31 08:02:09 - [TEST_STEP][PASSED] - takeScreenshot(screenPath + i + ".png"): Taking screenshot successfully

2019-12-31 08:02:10 - [MESSAGE][PASSED] - Taking screenshot successfully
[[ATTACHMENT|D:\\Test\\AgileTest\\Reports\\HIC\\hic\\20191231_080029\\../Screenshots/iPhone 6/HIC/Dental/National General/20191231_080122/2.png]]

2019-12-31 08:02:10 - [TEST_STEP][PASSED] - (internal.GlobalVariable.i++): null

2019-12-31 08:02:10 - [MESSAGE][PASSED] - Call Test Case 'Test Cases/AHI/_include/get_screenshot' successfully

2019-12-31 08:02:10 - [TEST_STEP][PASSED] - Thread.sleep(1000): null

2019-12-31 08:02:11 - [MESSAGE][PASSED] - Call Test Case 'Test Cases/HIC/_include/stm_census' successfully

2019-12-31 08:02:11 - [TEST_STEP][PASSED] - click(findTestObject("mobileSanity/Dental/filter/btn_filter")): Object: 'Object Repository/mobileSanity/Dental/filter/btn_filter' is clicked on

2019-12-31 08:02:11 - [MESSAGE][PASSED] - Object: 'Object Repository/mobileSanity/Dental/filter/btn_filter' is clicked on

2019-12-31 08:02:11 - [TEST_STEP][PASSED] - waitForElementVisible(findTestObject("mobileSanity/Dental/filter/btn_company"), 10): Object 'Object Repository/mobileSanity/Dental/filter/btn_company' is visible

2019-12-31 08:02:11 - [MESSAGE][PASSED] - Object 'Object Repository/mobileSanity/Dental/filter/btn_company' is visible

2019-12-31 08:02:11 - [TEST_STEP][PASSED] - click(findTestObject("mobileSanity/Dental/filter/btn_company")): Object: 'Object Repository/mobileSanity/Dental/filter/btn_company' is clicked on

2019-12-31 08:02:11 - [MESSAGE][PASSED] - Object: 'Object Repository/mobileSanity/Dental/filter/btn_company' is clicked on

2019-12-31 08:02:11 - [TEST_STEP][PASSED] - Thread.sleep(2000): null

2019-12-31 08:02:13 - [TEST_STEP][PASSED] - click(findTestObject("mobileSanity/Dental/filter/btn_ng")): Object: 'Object Repository/mobileSanity/Dental/filter/btn_ng' is clicked on

2019-12-31 08:02:13 - [MESSAGE][PASSED] - Object: 'Object Repository/mobileSanity/Dental/filter/btn_ng' is clicked on

2019-12-31 08:02:13 - [TEST_STEP][PASSED] - waitForJQueryLoad(20, STOP_ON_FAILURE): jQuery is ready.

2019-12-31 08:02:14 - [MESSAGE][PASSED] - jQuery is ready.

2019-12-31 08:02:14 - [TEST_STEP][PASSED] - callTestCase(findTestCase("AHI/_include/get_screenshot"), [:], STOP_ON_FAILURE): Call Test Case 'Test Cases/AHI/_include/get_screenshot' successfully

2019-12-31 08:02:14 - [TEST_CASE][PASSED] - Test Cases/AHI/_include/get_screenshot: Test Cases/AHI/_include/get_screenshot

2019-12-31 08:02:14 - [TEST_STEP][PASSED] - takeScreenshot(screenPath + i + ".png"): Taking screenshot successfully

2019-12-31 08:02:14 - [MESSAGE][PASSED] - Taking screenshot successfully
[[ATTACHMENT|D:\\Test\\AgileTest\\Reports\\HIC\\hic\\20191231_080029\\../Screenshots/iPhone 6/HIC/Dental/National General/20191231_080122/3.png]]

2019-12-31 08:02:14 - [TEST_STEP][PASSED] - (internal.GlobalVariable.i++): null

2019-12-31 08:02:14 - [MESSAGE][PASSED] - Call Test Case 'Test Cases/AHI/_include/get_screenshot' successfully

2019-12-31 08:02:14 - [TEST_STEP][PASSED] - click(findTestObject("mobileSanity/Dental/filter/btn_filter")): Object: 'Object Repository/mobileSanity/Dental/filter/btn_filter' is clicked on

2019-12-31 08:02:14 - [MESSAGE][PASSED] - Object: 'Object Repository/mobileSanity/Dental/filter/btn_filter' is clicked on

2019-12-31 08:02:14 - [TEST_STEP][PASSED] - Thread.sleep(2000): null

2019-12-31 08:02:16 - [TEST_STEP][PASSED] - scrollToPosition(0, 600): Browser is scrolled to position x = 0, y = 600

2019-12-31 08:02:16 - [MESSAGE][PASSED] - Browser is scrolled to position x = 0, y = 600

2019-12-31 08:02:16 - [TEST_STEP][PASSED] - Thread.sleep(2000): null

2019-12-31 08:02:18 - [TEST_STEP][PASSED] - click(findTestObject("mobileSanity/Dental/quote/a_Select This Plan")): Object: 'Object Repository/mobileSanity/Dental/quote/a_Select This Plan' is clicked on

2019-12-31 08:02:19 - [MESSAGE][PASSED] - Object: 'Object Repository/mobileSanity/Dental/quote/a_Select This Plan' is clicked on

2019-12-31 08:02:19 - [TEST_STEP][PASSED] - waitForPageLoad(10): Wait for page load successfully

2019-12-31 08:02:22 - [MESSAGE][PASSED] - Wait for page load successfully

2019-12-31 08:02:22 - [TEST_STEP][PASSED] - callTestCase(findTestCase("AHI/_include/get_screenshot"), [:], STOP_ON_FAILURE): Call Test Case 'Test Cases/AHI/_include/get_screenshot' successfully

2019-12-31 08:02:22 - [TEST_CASE][PASSED] - Test Cases/AHI/_include/get_screenshot: Test Cases/AHI/_include/get_screenshot

2019-12-31 08:02:22 - [TEST_STEP][PASSED] - takeScreenshot(screenPath + i + ".png"): Taking screenshot successfully

2019-12-31 08:02:23 - [MESSAGE][PASSED] - Taking screenshot successfully
[[ATTACHMENT|D:\\Test\\AgileTest\\Reports\\HIC\\hic\\20191231_080029\\../Screenshots/iPhone 6/HIC/Dental/National General/20191231_080122/4.png]]

2019-12-31 08:02:23 - [TEST_STEP][PASSED] - (internal.GlobalVariable.i++): null

2019-12-31 08:02:23 - [MESSAGE][PASSED] - Call Test Case 'Test Cases/AHI/_include/get_screenshot' successfully

2019-12-31 08:02:23 - [TEST_STEP][PASSED] - Thread.sleep(2000): null

2019-12-31 08:02:25 - [TEST_STEP][PASSED] - click(findTestObject("mobileSanity/Dental/apply/span_Start Secure Application")): Object: 'Object Repository/mobileSanity/Dental/apply/span_Start Secure Application' is clicked on

2019-12-31 08:02:27 - [MESSAGE][PASSED] - Object: 'Object Repository/mobileSanity/Dental/apply/span_Start Secure Application' is clicked on

2019-12-31 08:02:27 - [TEST_STEP][PASSED] - waitForPageLoad(10): Wait for page load successfully

2019-12-31 08:02:27 - [MESSAGE][PASSED] - Wait for page load successfully

2019-12-31 08:02:27 - [TEST_STEP][PASSED] - Thread.sleep(2000): null

2019-12-31 08:02:29 - [TEST_STEP][PASSED] - callTestCase(findTestCase("AHI/_include/get_screenshot"), [:], STOP_ON_FAILURE): Call Test Case 'Test Cases/AHI/_include/get_screenshot' successfully

2019-12-31 08:02:29 - [TEST_CASE][PASSED] - Test Cases/AHI/_include/get_screenshot: Test Cases/AHI/_include/get_screenshot

2019-12-31 08:02:29 - [TEST_STEP][PASSED] - takeScreenshot(screenPath + i + ".png"): Taking screenshot successfully

2019-12-31 08:02:30 - [MESSAGE][PASSED] - Taking screenshot successfully
[[ATTACHMENT|D:\\Test\\AgileTest\\Reports\\HIC\\hic\\20191231_080029\\../Screenshots/iPhone 6/HIC/Dental/National General/20191231_080122/5.png]]

2019-12-31 08:02:30 - [TEST_STEP][PASSED] - (internal.GlobalVariable.i++): null

2019-12-31 08:02:30 - [MESSAGE][PASSED] - Call Test Case 'Test Cases/AHI/_include/get_screenshot' successfully

2019-12-31 08:02:30 - [TEST_STEP][PASSED] - callTestCase(findTestCase("AHI/_include/goToEnd_dental"), ["carrier":"nationalgeneral"], CONTINUE_ON_FAILURE): Call Test Case 'Test Cases/AHI/_include/goToEnd_dental' successfully

2019-12-31 08:02:30 - [TEST_CASE][PASSED] - Test Cases/AHI/_include/goToEnd_dental: Test Cases/AHI/_include/goToEnd_dental

2019-12-31 08:02:30 - [TEST_STEP][PASSED] - callTestCase(findTestCase("AHI/_include/name"), [:], CONTINUE_ON_FAILURE): Call Test Case 'Test Cases/AHI/_include/name' successfully

2019-12-31 08:02:30 - [TEST_CASE][PASSED] - Test Cases/AHI/_include/name: Test Cases/AHI/_include/name

2019-12-31 08:02:30 - [TEST_STEP][PASSED] - driver = getWebDriver(): null

2019-12-31 08:02:30 - [TEST_STEP][PASSED] - selenium = new com.thoughtworks.selenium.webdriven.WebDriverBackedSelenium(driver, internal.GlobalVariable.ENV): null

2019-12-31 08:02:30 - [TEST_STEP][PASSED] - FirstName = "Test-123": null

2019-12-31 08:02:30 - [TEST_STEP][PASSED] - LastName = selenium.getEval("{var x="ABCDEFGHIJKLMNOPQRSTUVWXYZabcdefghijklmnopqrstuvwxyz"; var tmp="ZZ11-"; for (i=0;i<8;i++) tmp+=x.charAt(Math.ceil(51*Math.random()));tmp;}"): null

2019-12-31 08:02:30 - [TEST_STEP][PASSED] - Address = selenium.getEval("{var x="ABCDEFGHIJKLMNOPQRSTUVWXYZabcdefghijklmnopqrstuvwxyz"; var tmp=""; for (i=0;i<8;i++) tmp+=x.charAt(Math.ceil(51*Math.random()));tmp;}"): null

2019-12-31 08:02:30 - [TEST_STEP][PASSED] - City = selenium.getEval("{var x="ABCDEFGHIJKLMNOPQRSTUVWXYZabcdefghijklmnopqrstuvwxyz"; var tmp=""; for (i=0;i<8;i++) tmp+=x.charAt(Math.ceil(51*Math.random()));tmp;}"): null

2019-12-31 08:02:30 - [TEST_STEP][PASSED] - tel1 = selenium.getEval("{var x="123456789"; var tmp=""; for (i=0;i<3;i++) tmp+=x.charAt(Math.ceil(8*Math.random()));tmp;}"): null

2019-12-31 08:02:30 - [TEST_STEP][PASSED] - tel2 = selenium.getEval("{var x="123456789"; var tmp=""; for (i=0;i<3;i++) tmp+=x.charAt(Math.ceil(8*Math.random()));tmp;}"): null

2019-12-31 08:02:30 - [TEST_STEP][PASSED] - tel3 = selenium.getEval("{var x="123456789"; var tmp=""; for (i=0;i<4;i++) tmp+=x.charAt(Math.ceil(8*Math.random()));tmp;}"): null

2019-12-31 08:02:30 - [TEST_STEP][PASSED] - Tel = selenium.getExpression(tel1 + "-" + tel2 + "-" + tel3): null

2019-12-31 08:02:30 - [TEST_STEP][PASSED] - AutoEmail = selenium.getEval("{var x="ABCDEFGHIJKLMNOPQRSTUVWXYZabcdefghijklmnopqrstuvwxyz"; var tmp="test."; for (i=0;i<8;i++) tmp+=x.charAt(Math.ceil(51*Math.random()));tmp+="@suryani.cn";}"): null

2019-12-31 08:02:30 - [TEST_STEP][PASSED] - FirstName = FirstName: null

2019-12-31 08:02:30 - [TEST_STEP][PASSED] - LastName = LastName: null

2019-12-31 08:02:30 - [TEST_STEP][PASSED] - Address = Address: null

2019-12-31 08:02:30 - [TEST_STEP][PASSED] - City = City: null

2019-12-31 08:02:30 - [TEST_STEP][PASSED] - Tel = Tel: null

2019-12-31 08:02:30 - [TEST_STEP][PASSED] - AutoEmail = AutoEmail: null

2019-12-31 08:02:30 - [TEST_STEP][PASSED] - println(FirstName): null

2019-12-31 08:02:30 - [TEST_STEP][PASSED] - println(LastName): null

2019-12-31 08:02:30 - [TEST_STEP][PASSED] - println(Address): null

2019-12-31 08:02:30 - [TEST_STEP][PASSED] - println(City): null

2019-12-31 08:02:30 - [TEST_STEP][PASSED] - println(Tel): null

2019-12-31 08:02:30 - [TEST_STEP][PASSED] - println(AutoEmail): null

2019-12-31 08:02:30 - [MESSAGE][PASSED] - Call Test Case 'Test Cases/AHI/_include/name' successfully

2019-12-31 08:02:30 - [TEST_STEP][PASSED] - Thread.sleep(3000): null

2019-12-31 08:02:33 - [TEST_STEP][PASSED] - setText(findTestObject("mobileSanity/Dental/app_page1/input__member-P-1-firstName"), FirstName): Text 'Test-123' is set on object 'Object Repository/mobileSanity/Dental/app_page1/input__member-P-1-firstName'

2019-12-31 08:02:33 - [MESSAGE][PASSED] - Text 'Test-123' is set on object 'Object Repository/mobileSanity/Dental/app_page1/input__member-P-1-firstName'

2019-12-31 08:02:33 - [TEST_STEP][PASSED] - setText(findTestObject("mobileSanity/Dental/app_page1/input__member-P-1-lastName"), LastName): Text 'ZZ11-Cojznxdy' is set on object 'Object Repository/mobileSanity/Dental/app_page1/input__member-P-1-lastName'

2019-12-31 08:02:34 - [MESSAGE][PASSED] - Text 'ZZ11-Cojznxdy' is set on object 'Object Repository/mobileSanity/Dental/app_page1/input__member-P-1-lastName'

2019-12-31 08:02:34 - [TEST_STEP][PASSED] - setText(findTestObject("mobileSanity/Dental/app_page1/input__address"), Address): Text 'ilvBxnJo' is set on object 'Object Repository/mobileSanity/Dental/app_page1/input__address'

2019-12-31 08:02:34 - [MESSAGE][PASSED] - Text 'ilvBxnJo' is set on object 'Object Repository/mobileSanity/Dental/app_page1/input__address'

2019-12-31 08:02:34 - [TEST_STEP][PASSED] - setText(findTestObject("mobileSanity/Dental/app_page1/input__city"), City): Text 'rVhnFyXe' is set on object 'Object Repository/mobileSanity/Dental/app_page1/input__city'

2019-12-31 08:02:34 - [MESSAGE][PASSED] - Text 'rVhnFyXe' is set on object 'Object Repository/mobileSanity/Dental/app_page1/input__city'

2019-12-31 08:02:34 - [TEST_STEP][PASSED] - setText(findTestObject("mobileSanity/Dental/app_page1/input__email"), AutoEmail): Text 'test.GfRLOpyE@suryani.cn' is set on object 'Object Repository/mobileSanity/Dental/app_page1/input__email'

2019-12-31 08:02:35 - [MESSAGE][PASSED] - Text 'test.GfRLOpyE@suryani.cn' is set on object 'Object Repository/mobileSanity/Dental/app_page1/input__email'

2019-12-31 08:02:35 - [TEST_STEP][PASSED] - setText(findTestObject("mobileSanity/Dental/app_page1/input_phone"), Tel): Text '489-965-2323' is set on object 'Object Repository/mobileSanity/Dental/app_page1/input_phone'

2019-12-31 08:02:36 - [MESSAGE][PASSED] - Text '489-965-2323' is set on object 'Object Repository/mobileSanity/Dental/app_page1/input_phone'

2019-12-31 08:02:36 - [TEST_STEP][PASSED] - click(findTestObject("mobileSanity/Dental/app_page1/a_Continue to Step 2 - Payment")): Object: 'Object Repository/mobileSanity/Dental/app_page1/a_Continue to Step 2 - Payment' is clicked on

2019-12-31 08:02:37 - [MESSAGE][PASSED] - Object: 'Object Repository/mobileSanity/Dental/app_page1/a_Continue to Step 2 - Payment' is clicked on

2019-12-31 08:02:37 - [TEST_STEP][PASSED] - waitForPageLoad(10): Wait for page load successfully

2019-12-31 08:02:37 - [MESSAGE][PASSED] - Wait for page load successfully

2019-12-31 08:02:37 - [TEST_STEP][PASSED] - Thread.sleep(2000): null

2019-12-31 08:02:39 - [TEST_STEP][PASSED] - if (carrier == "usa"): null

2019-12-31 08:02:39 - [TEST_STEP][PASSED] - callTestCase(findTestCase("AHI/_include/get_screenshot"), [:], STOP_ON_FAILURE): Call Test Case 'Test Cases/AHI/_include/get_screenshot' successfully

2019-12-31 08:02:39 - [TEST_CASE][PASSED] - Test Cases/AHI/_include/get_screenshot: Test Cases/AHI/_include/get_screenshot

2019-12-31 08:02:39 - [TEST_STEP][PASSED] - takeScreenshot(screenPath + i + ".png"): Taking screenshot successfully

2019-12-31 08:02:41 - [MESSAGE][PASSED] - Taking screenshot successfully
[[ATTACHMENT|D:\\Test\\AgileTest\\Reports\\HIC\\hic\\20191231_080029\\../Screenshots/iPhone 6/HIC/Dental/National General/20191231_080122/6.png]]

2019-12-31 08:02:41 - [TEST_STEP][PASSED] - (internal.GlobalVariable.i++): null

2019-12-31 08:02:41 - [MESSAGE][PASSED] - Call Test Case 'Test Cases/AHI/_include/get_screenshot' successfully

2019-12-31 08:02:41 - [TEST_STEP][PASSED] - setText(findTestObject("mobileSanity/Dental/app_page2/input__credit-card-first"), FirstName): Text 'Test-123' is set on object 'Object Repository/mobileSanity/Dental/app_page2/input__credit-card-first'

2019-12-31 08:02:41 - [MESSAGE][PASSED] - Text 'Test-123' is set on object 'Object Repository/mobileSanity/Dental/app_page2/input__credit-card-first'

2019-12-31 08:02:41 - [TEST_STEP][PASSED] - setText(findTestObject("mobileSanity/Dental/app_page2/input__credit-card-last"), LastName): Text 'ZZ11-Cojznxdy' is set on object 'Object Repository/mobileSanity/Dental/app_page2/input__credit-card-last'

2019-12-31 08:02:42 - [MESSAGE][PASSED] - Text 'ZZ11-Cojznxdy' is set on object 'Object Repository/mobileSanity/Dental/app_page2/input__credit-card-last'

2019-12-31 08:02:42 - [TEST_STEP][PASSED] - selectOptionByValue(findTestObject("mobileSanity/Dental/app_page2/select_MM010203040506070809101"), "12", true): All options with value '12' are selected in object 'Object Repository/mobileSanity/Dental/app_page2/select_MM010203040506070809101'  using regular expression

2019-12-31 08:02:42 - [MESSAGE][PASSED] - All options with value '12' are selected in object 'Object Repository/mobileSanity/Dental/app_page2/select_MM010203040506070809101'  using regular expression

2019-12-31 08:02:42 - [TEST_STEP][PASSED] - selectOptionByValue(findTestObject("mobileSanity/Dental/app_page2/select_YYYY2019202020212022202"), "2026", true): All options with value '2026' are selected in object 'Object Repository/mobileSanity/Dental/app_page2/select_YYYY2019202020212022202'  using regular expression

2019-12-31 08:02:42 - [MESSAGE][PASSED] - All options with value '2026' are selected in object 'Object Repository/mobileSanity/Dental/app_page2/select_YYYY2019202020212022202'  using regular expression

2019-12-31 08:02:42 - [TEST_STEP][PASSED] - setText(findTestObject("mobileSanity/Dental/app_page2/input__credit-card-number"), "4111111111111111"): Text '4111111111111111' is set on object 'Object Repository/mobileSanity/Dental/app_page2/input__credit-card-number'

2019-12-31 08:02:43 - [MESSAGE][PASSED] - Text '4111111111111111' is set on object 'Object Repository/mobileSanity/Dental/app_page2/input__credit-card-number'

2019-12-31 08:02:43 - [TEST_STEP][PASSED] - setText(findTestObject("mobileSanity/Dental/app_page2/input__cvv"), "123"): Text '123' is set on object 'Object Repository/mobileSanity/Dental/app_page2/input__cvv'

2019-12-31 08:02:43 - [MESSAGE][PASSED] - Text '123' is set on object 'Object Repository/mobileSanity/Dental/app_page2/input__cvv'

2019-12-31 08:02:43 - [TEST_STEP][PASSED] - click(findTestObject("mobileSanity/Dental/app_page2/label_My billing address is th")): Object: 'Object Repository/mobileSanity/Dental/app_page2/label_My billing address is th' is clicked on

2019-12-31 08:02:43 - [MESSAGE][PASSED] - Object: 'Object Repository/mobileSanity/Dental/app_page2/label_My billing address is th' is clicked on

2019-12-31 08:02:43 - [TEST_STEP][PASSED] - click(findTestObject("mobileSanity/Dental/app_page2/label_I Accept Authorization f")): Object: 'Object Repository/mobileSanity/Dental/app_page2/label_I Accept Authorization f' is clicked on

2019-12-31 08:02:43 - [MESSAGE][PASSED] - Object: 'Object Repository/mobileSanity/Dental/app_page2/label_I Accept Authorization f' is clicked on

2019-12-31 08:02:43 - [TEST_STEP][PASSED] - click(findTestObject("mobileSanity/Dental/app_page2/a_Continue to Step 3 - Review")): Object: 'Object Repository/mobileSanity/Dental/app_page2/a_Continue to Step 3 - Review' is clicked on

2019-12-31 08:02:44 - [MESSAGE][PASSED] - Object: 'Object Repository/mobileSanity/Dental/app_page2/a_Continue to Step 3 - Review' is clicked on

2019-12-31 08:02:44 - [TEST_STEP][PASSED] - waitForPageLoad(20): Wait for page load successfully

2019-12-31 08:02:44 - [MESSAGE][PASSED] - Wait for page load successfully

2019-12-31 08:02:44 - [TEST_STEP][PASSED] - Thread.sleep(2000): null

2019-12-31 08:02:46 - [TEST_STEP][PASSED] - waitForElementClickable(findTestObject("mobileSanity/Dental/app_page3/label"), 20): Object 'Object Repository/mobileSanity/Dental/app_page3/label' is clickable

2019-12-31 08:02:46 - [MESSAGE][PASSED] - Object 'Object Repository/mobileSanity/Dental/app_page3/label' is clickable

2019-12-31 08:02:46 - [TEST_STEP][PASSED] - callTestCase(findTestCase("AHI/_include/get_screenshot"), [:], STOP_ON_FAILURE): Call Test Case 'Test Cases/AHI/_include/get_screenshot' successfully

2019-12-31 08:02:46 - [TEST_CASE][PASSED] - Test Cases/AHI/_include/get_screenshot: Test Cases/AHI/_include/get_screenshot

2019-12-31 08:02:46 - [TEST_STEP][PASSED] - takeScreenshot(screenPath + i + ".png"): Taking screenshot successfully

2019-12-31 08:02:46 - [MESSAGE][PASSED] - Taking screenshot successfully
[[ATTACHMENT|D:\\Test\\AgileTest\\Reports\\HIC\\hic\\20191231_080029\\../Screenshots/iPhone 6/HIC/Dental/National General/20191231_080122/7.png]]

2019-12-31 08:02:46 - [TEST_STEP][PASSED] - (internal.GlobalVariable.i++): null

2019-12-31 08:02:46 - [MESSAGE][PASSED] - Call Test Case 'Test Cases/AHI/_include/get_screenshot' successfully

2019-12-31 08:02:46 - [TEST_STEP][PASSED] - click(findTestObject("mobileSanity/Dental/app_page3/label")): Object: 'Object Repository/mobileSanity/Dental/app_page3/label' is clicked on

2019-12-31 08:02:47 - [MESSAGE][PASSED] - Object: 'Object Repository/mobileSanity/Dental/app_page3/label' is clicked on

2019-12-31 08:02:47 - [TEST_STEP][PASSED] - click(findTestObject("mobileSanity/Dental/app_page3/p_CLICK TO SIGN")): Object: 'Object Repository/mobileSanity/Dental/app_page3/p_CLICK TO SIGN' is clicked on

2019-12-31 08:02:47 - [MESSAGE][PASSED] - Object: 'Object Repository/mobileSanity/Dental/app_page3/p_CLICK TO SIGN' is clicked on

2019-12-31 08:02:47 - [TEST_STEP][PASSED] - click(findTestObject("mobileSanity/Dental/app_page3/a_Submit Your Application")): Object: 'Object Repository/mobileSanity/Dental/app_page3/a_Submit Your Application' is clicked on

2019-12-31 08:02:47 - [MESSAGE][PASSED] - Object: 'Object Repository/mobileSanity/Dental/app_page3/a_Submit Your Application' is clicked on

2019-12-31 08:02:47 - [TEST_STEP][PASSED] - Thread.sleep(50000): null

2019-12-31 08:03:37 - [TEST_STEP][PASSED] - waitForElementPresent(findTestObject("mobileSanity/Dental/app_page4/js-app-confirmation"), 20): Object 'Object Repository/mobileSanity/Dental/app_page4/js-app-confirmation' is present

2019-12-31 08:03:37 - [MESSAGE][PASSED] - Object 'Object Repository/mobileSanity/Dental/app_page4/js-app-confirmation' is present

2019-12-31 08:03:37 - [TEST_STEP][PASSED] - callTestCase(findTestCase("AHI/_include/get_screenshot"), [:], STOP_ON_FAILURE): Call Test Case 'Test Cases/AHI/_include/get_screenshot' successfully

2019-12-31 08:03:38 - [TEST_CASE][PASSED] - Test Cases/AHI/_include/get_screenshot: Test Cases/AHI/_include/get_screenshot

2019-12-31 08:03:38 - [TEST_STEP][PASSED] - takeScreenshot(screenPath + i + ".png"): Taking screenshot successfully

2019-12-31 08:03:38 - [MESSAGE][PASSED] - Taking screenshot successfully
[[ATTACHMENT|D:\\Test\\AgileTest\\Reports\\HIC\\hic\\20191231_080029\\../Screenshots/iPhone 6/HIC/Dental/National General/20191231_080122/8.png]]

2019-12-31 08:03:38 - [TEST_STEP][PASSED] - (internal.GlobalVariable.i++): null

2019-12-31 08:03:38 - [MESSAGE][PASSED] - Call Test Case 'Test Cases/AHI/_include/get_screenshot' successfully

2019-12-31 08:03:38 - [MESSAGE][PASSED] - Call Test Case 'Test Cases/AHI/_include/goToEnd_dental' successfully]]></system-out>
         <system-err><![CDATA[]]></system-err>
      </testcase>
      <testcase name="Test Cases/HIC/Dental/USA Access" classname="Test Cases/HIC/Dental/USA Access" status="PASSED">
         <system-out><![CDATA[2019-12-31 08:03:38 - [TEST_CASE][PASSED] - Test Cases/HIC/Dental/USA Access: Test Cases/HIC/Dental/USA Access

2019-12-31 08:03:38 - [TEST_STEP][PASSED] - callTestCase(findTestCase("HIC/_include/get_hicScreenPath"), ["project":"HIC", "productLine":"Dental", "carrierName":"USA Access"], CONTINUE_ON_FAILURE): Call Test Case 'Test Cases/HIC/_include/get_hicScreenPath' successfully

2019-12-31 08:03:38 - [TEST_CASE][PASSED] - Test Cases/HIC/_include/get_hicScreenPath: Test Cases/HIC/_include/get_hicScreenPath

2019-12-31 08:03:38 - [TEST_STEP][PASSED] - m = getExecutionProperties(): null

2019-12-31 08:03:38 - [TEST_STEP][PASSED] - deviceName = get("mobileEmulation").get("deviceName"): null

2019-12-31 08:03:38 - [TEST_STEP][PASSED] - println(deviceName): null

2019-12-31 08:03:38 - [TEST_STEP][PASSED] - now = new java.util.Date(): null

2019-12-31 08:03:38 - [TEST_STEP][PASSED] - mydate = now.format("yyyyMMdd_HHmmss"): null

2019-12-31 08:03:38 - [TEST_STEP][PASSED] - screenPath = "../Screenshots/": null

2019-12-31 08:03:38 - [TEST_STEP][PASSED] - screenPath = screenPath + deviceName + "/" + project + "/" + productLine + "/" + carrierName + "/" + mydate + "/": null

2019-12-31 08:03:38 - [TEST_STEP][PASSED] - println(screenPath): null

2019-12-31 08:03:38 - [MESSAGE][PASSED] - Call Test Case 'Test Cases/HIC/_include/get_hicScreenPath' successfully

2019-12-31 08:03:38 - [TEST_STEP][PASSED] - i = 0: null

2019-12-31 08:03:38 - [TEST_STEP][PASSED] - callTestCase(findTestCase("AHI/_include/openWebSite"), ["env":"https://qa.healthinsurance.com/"], CONTINUE_ON_FAILURE): Call Test Case 'Test Cases/AHI/_include/openWebSite' successfully

2019-12-31 08:03:39 - [TEST_CASE][PASSED] - Test Cases/AHI/_include/openWebSite: Test Cases/AHI/_include/openWebSite

2019-12-31 08:03:39 - [TEST_STEP][PASSED] - openBrowser(env): Browser is opened with url: 'https://qa.healthinsurance.com/'

2019-12-31 08:03:39 - [MESSAGE][WARNING] - A browser is already opened. Closing browser and opening a new one

2019-12-31 08:03:40 - [MESSAGE][INFO] - Starting 'Chrome' driver

2019-12-31 08:03:40 - [MESSAGE][INFO] - User set preference: ['mobileEmulation', '{deviceName=iPhone 6}']

2019-12-31 08:03:40 - [MESSAGE][INFO] - User set preference: ['args', '[--incognito, --aggressive-cache-discard, --window-size=375,677, --no-sandbox]']

2019-12-31 08:03:44 - [MESSAGE][PASSED] - Browser is opened with url: 'https://qa.healthinsurance.com/'

2019-12-31 08:03:44 - [TEST_STEP][PASSED] - waitForPageLoad(20): Wait for page load successfully

2019-12-31 08:03:44 - [MESSAGE][PASSED] - Wait for page load successfully

2019-12-31 08:03:44 - [TEST_STEP][PASSED] - callTestCase(findTestCase("AHI/_include/get_screenshot"), [:], STOP_ON_FAILURE): Call Test Case 'Test Cases/AHI/_include/get_screenshot' successfully

2019-12-31 08:03:44 - [TEST_CASE][PASSED] - Test Cases/AHI/_include/get_screenshot: Test Cases/AHI/_include/get_screenshot

2019-12-31 08:03:44 - [TEST_STEP][PASSED] - takeScreenshot(screenPath + i + ".png"): Taking screenshot successfully

2019-12-31 08:03:44 - [MESSAGE][PASSED] - Taking screenshot successfully
[[ATTACHMENT|D:\\Test\\AgileTest\\Reports\\HIC\\hic\\20191231_080029\\../Screenshots/iPhone 6/HIC/Dental/USA Access/20191231_080338/0.png]]

2019-12-31 08:03:44 - [TEST_STEP][PASSED] - (internal.GlobalVariable.i++): null

2019-12-31 08:03:44 - [MESSAGE][PASSED] - Call Test Case 'Test Cases/AHI/_include/get_screenshot' successfully

2019-12-31 08:03:44 - [MESSAGE][PASSED] - Call Test Case 'Test Cases/AHI/_include/openWebSite' successfully

2019-12-31 08:03:44 - [TEST_STEP][PASSED] - click(findTestObject("hic/nav/navButton")): Object: 'Object Repository/hic/nav/navButton' is clicked on

2019-12-31 08:03:44 - [MESSAGE][PASSED] - Object: 'Object Repository/hic/nav/navButton' is clicked on

2019-12-31 08:03:44 - [TEST_STEP][PASSED] - Thread.sleep(2000): null

2019-12-31 08:03:46 - [TEST_STEP][PASSED] - click(findTestObject("hic/nav/dentalLink")): Object: 'Object Repository/hic/nav/dentalLink' is clicked on

2019-12-31 08:03:47 - [MESSAGE][PASSED] - Object: 'Object Repository/hic/nav/dentalLink' is clicked on

2019-12-31 08:03:47 - [TEST_STEP][PASSED] - Thread.sleep(2000): null

2019-12-31 08:03:49 - [TEST_STEP][PASSED] - callTestCase(findTestCase("AHI/_include/get_screenshot"), [:], STOP_ON_FAILURE): Call Test Case 'Test Cases/AHI/_include/get_screenshot' successfully

2019-12-31 08:03:49 - [TEST_CASE][PASSED] - Test Cases/AHI/_include/get_screenshot: Test Cases/AHI/_include/get_screenshot

2019-12-31 08:03:49 - [TEST_STEP][PASSED] - takeScreenshot(screenPath + i + ".png"): Taking screenshot successfully

2019-12-31 08:03:49 - [MESSAGE][PASSED] - Taking screenshot successfully
[[ATTACHMENT|D:\\Test\\AgileTest\\Reports\\HIC\\hic\\20191231_080029\\../Screenshots/iPhone 6/HIC/Dental/USA Access/20191231_080338/1.png]]

2019-12-31 08:03:49 - [TEST_STEP][PASSED] - (internal.GlobalVariable.i++): null

2019-12-31 08:03:49 - [MESSAGE][PASSED] - Call Test Case 'Test Cases/AHI/_include/get_screenshot' successfully

2019-12-31 08:03:49 - [TEST_STEP][PASSED] - callTestCase(findTestCase("HIC/_include/stm_census"), ["zipcode":"35215"], STOP_ON_FAILURE): Call Test Case 'Test Cases/HIC/_include/stm_census' successfully

2019-12-31 08:03:49 - [TEST_CASE][PASSED] - Test Cases/HIC/_include/stm_census: Test Cases/HIC/_include/stm_census

2019-12-31 08:03:49 - [TEST_STEP][PASSED] - setText(findTestObject("hic/stm/zip"), zipcode): Text '35215' is set on object 'Object Repository/hic/stm/zip'

2019-12-31 08:03:49 - [MESSAGE][PASSED] - Text '35215' is set on object 'Object Repository/hic/stm/zip'

2019-12-31 08:03:49 - [TEST_STEP][PASSED] - Thread.sleep(500): null

2019-12-31 08:03:50 - [TEST_STEP][PASSED] - setText(findTestObject("hic/stm/primaryDOB"), "03031987"): Text '03031987' is set on object 'Object Repository/hic/stm/primaryDOB'

2019-12-31 08:03:50 - [MESSAGE][PASSED] - Text '03031987' is set on object 'Object Repository/hic/stm/primaryDOB'

2019-12-31 08:03:50 - [TEST_STEP][PASSED] - click(findTestObject("hic/stm/female")): Object: 'Object Repository/hic/stm/female' is clicked on

2019-12-31 08:03:50 - [MESSAGE][PASSED] - Object: 'Object Repository/hic/stm/female' is clicked on

2019-12-31 08:03:50 - [TEST_STEP][PASSED] - Thread.sleep(3000): null

2019-12-31 08:03:53 - [TEST_STEP][PASSED] - click(findTestObject("hic/stm/submitButton")): Object: 'Object Repository/hic/stm/submitButton' is clicked on

2019-12-31 08:03:54 - [MESSAGE][PASSED] - Object: 'Object Repository/hic/stm/submitButton' is clicked on

2019-12-31 08:03:54 - [TEST_STEP][PASSED] - Thread.sleep(6000): null

2019-12-31 08:04:00 - [TEST_STEP][PASSED] - callTestCase(findTestCase("AHI/_include/check_quoteleadform"), [:], STOP_ON_FAILURE): Call Test Case 'Test Cases/AHI/_include/check_quoteleadform' successfully

2019-12-31 08:04:00 - [TEST_CASE][PASSED] - Test Cases/AHI/_include/check_quoteleadform: Test Cases/AHI/_include/check_quoteleadform

2019-12-31 08:04:00 - [TEST_STEP][PASSED] - callTestCase(findTestCase("AHI/_include/name"), [:], CONTINUE_ON_FAILURE): Call Test Case 'Test Cases/AHI/_include/name' successfully

2019-12-31 08:04:00 - [TEST_CASE][PASSED] - Test Cases/AHI/_include/name: Test Cases/AHI/_include/name

2019-12-31 08:04:00 - [TEST_STEP][PASSED] - driver = getWebDriver(): null

2019-12-31 08:04:00 - [TEST_STEP][PASSED] - selenium = new com.thoughtworks.selenium.webdriven.WebDriverBackedSelenium(driver, internal.GlobalVariable.ENV): null

2019-12-31 08:04:00 - [TEST_STEP][PASSED] - FirstName = "Test-123": null

2019-12-31 08:04:00 - [TEST_STEP][PASSED] - LastName = selenium.getEval("{var x="ABCDEFGHIJKLMNOPQRSTUVWXYZabcdefghijklmnopqrstuvwxyz"; var tmp="ZZ11-"; for (i=0;i<8;i++) tmp+=x.charAt(Math.ceil(51*Math.random()));tmp;}"): null

2019-12-31 08:04:00 - [TEST_STEP][PASSED] - Address = selenium.getEval("{var x="ABCDEFGHIJKLMNOPQRSTUVWXYZabcdefghijklmnopqrstuvwxyz"; var tmp=""; for (i=0;i<8;i++) tmp+=x.charAt(Math.ceil(51*Math.random()));tmp;}"): null

2019-12-31 08:04:00 - [TEST_STEP][PASSED] - City = selenium.getEval("{var x="ABCDEFGHIJKLMNOPQRSTUVWXYZabcdefghijklmnopqrstuvwxyz"; var tmp=""; for (i=0;i<8;i++) tmp+=x.charAt(Math.ceil(51*Math.random()));tmp;}"): null

2019-12-31 08:04:00 - [TEST_STEP][PASSED] - tel1 = selenium.getEval("{var x="123456789"; var tmp=""; for (i=0;i<3;i++) tmp+=x.charAt(Math.ceil(8*Math.random()));tmp;}"): null

2019-12-31 08:04:00 - [TEST_STEP][PASSED] - tel2 = selenium.getEval("{var x="123456789"; var tmp=""; for (i=0;i<3;i++) tmp+=x.charAt(Math.ceil(8*Math.random()));tmp;}"): null

2019-12-31 08:04:00 - [TEST_STEP][PASSED] - tel3 = selenium.getEval("{var x="123456789"; var tmp=""; for (i=0;i<4;i++) tmp+=x.charAt(Math.ceil(8*Math.random()));tmp;}"): null

2019-12-31 08:04:00 - [TEST_STEP][PASSED] - Tel = selenium.getExpression(tel1 + "-" + tel2 + "-" + tel3): null

2019-12-31 08:04:00 - [TEST_STEP][PASSED] - AutoEmail = selenium.getEval("{var x="ABCDEFGHIJKLMNOPQRSTUVWXYZabcdefghijklmnopqrstuvwxyz"; var tmp="test."; for (i=0;i<8;i++) tmp+=x.charAt(Math.ceil(51*Math.random()));tmp+="@suryani.cn";}"): null

2019-12-31 08:04:00 - [TEST_STEP][PASSED] - FirstName = FirstName: null

2019-12-31 08:04:00 - [TEST_STEP][PASSED] - LastName = LastName: null

2019-12-31 08:04:00 - [TEST_STEP][PASSED] - Address = Address: null

2019-12-31 08:04:00 - [TEST_STEP][PASSED] - City = City: null

2019-12-31 08:04:00 - [TEST_STEP][PASSED] - Tel = Tel: null

2019-12-31 08:04:00 - [TEST_STEP][PASSED] - AutoEmail = AutoEmail: null

2019-12-31 08:04:00 - [TEST_STEP][PASSED] - println(FirstName): null

2019-12-31 08:04:00 - [TEST_STEP][PASSED] - println(LastName): null

2019-12-31 08:04:00 - [TEST_STEP][PASSED] - println(Address): null

2019-12-31 08:04:00 - [TEST_STEP][PASSED] - println(City): null

2019-12-31 08:04:00 - [TEST_STEP][PASSED] - println(Tel): null

2019-12-31 08:04:00 - [TEST_STEP][PASSED] - println(AutoEmail): null

2019-12-31 08:04:00 - [MESSAGE][PASSED] - Call Test Case 'Test Cases/AHI/_include/name' successfully

2019-12-31 08:04:00 - [TEST_STEP][PASSED] - leadform_exist = test.MobileKeywords.isElementPresent_Web(findTestObject("mobileSanity/quote lead form/lead_form"), 20): test.MobileKeywords.isElementPresent_Web is PASSED

2019-12-31 08:04:20 - [MESSAGE][INFO] - Unable to find the element located by 'By.xpath: //*[@id = 'lightboxLeadForm']'. Please recheck the objects properties to make sure the desired element is located. 

2019-12-31 08:04:20 - [MESSAGE][PASSED] - test.MobileKeywords.isElementPresent_Web is PASSED

2019-12-31 08:04:20 - [TEST_STEP][PASSED] - if (leadform_exist): null

2019-12-31 08:04:20 - [MESSAGE][PASSED] - Call Test Case 'Test Cases/AHI/_include/check_quoteleadform' successfully

2019-12-31 08:04:20 - [TEST_STEP][PASSED] - callTestCase(findTestCase("AHI/_include/get_screenshot"), [:], STOP_ON_FAILURE): Call Test Case 'Test Cases/AHI/_include/get_screenshot' successfully

2019-12-31 08:04:20 - [TEST_CASE][PASSED] - Test Cases/AHI/_include/get_screenshot: Test Cases/AHI/_include/get_screenshot

2019-12-31 08:04:20 - [TEST_STEP][PASSED] - takeScreenshot(screenPath + i + ".png"): Taking screenshot successfully

2019-12-31 08:04:21 - [MESSAGE][PASSED] - Taking screenshot successfully
[[ATTACHMENT|D:\\Test\\AgileTest\\Reports\\HIC\\hic\\20191231_080029\\../Screenshots/iPhone 6/HIC/Dental/USA Access/20191231_080338/2.png]]

2019-12-31 08:04:21 - [TEST_STEP][PASSED] - (internal.GlobalVariable.i++): null

2019-12-31 08:04:21 - [MESSAGE][PASSED] - Call Test Case 'Test Cases/AHI/_include/get_screenshot' successfully

2019-12-31 08:04:21 - [TEST_STEP][PASSED] - Thread.sleep(1000): null

2019-12-31 08:04:22 - [MESSAGE][PASSED] - Call Test Case 'Test Cases/HIC/_include/stm_census' successfully

2019-12-31 08:04:22 - [TEST_STEP][PASSED] - click(findTestObject("mobileSanity/Dental/filter/btn_filter")): Object: 'Object Repository/mobileSanity/Dental/filter/btn_filter' is clicked on

2019-12-31 08:04:22 - [MESSAGE][PASSED] - Object: 'Object Repository/mobileSanity/Dental/filter/btn_filter' is clicked on

2019-12-31 08:04:22 - [TEST_STEP][PASSED] - waitForElementVisible(findTestObject("mobileSanity/Dental/filter/btn_company"), 10): Object 'Object Repository/mobileSanity/Dental/filter/btn_company' is visible

2019-12-31 08:04:22 - [MESSAGE][PASSED] - Object 'Object Repository/mobileSanity/Dental/filter/btn_company' is visible

2019-12-31 08:04:22 - [TEST_STEP][PASSED] - click(findTestObject("mobileSanity/Dental/filter/btn_company")): Object: 'Object Repository/mobileSanity/Dental/filter/btn_company' is clicked on

2019-12-31 08:04:22 - [MESSAGE][PASSED] - Object: 'Object Repository/mobileSanity/Dental/filter/btn_company' is clicked on

2019-12-31 08:04:22 - [TEST_STEP][PASSED] - Thread.sleep(2000): null

2019-12-31 08:04:24 - [TEST_STEP][PASSED] - click(findTestObject("mobileSanity/Dental/filter/btn_usa")): Object: 'Object Repository/mobileSanity/Dental/filter/btn_usa' is clicked on

2019-12-31 08:04:24 - [MESSAGE][PASSED] - Object: 'Object Repository/mobileSanity/Dental/filter/btn_usa' is clicked on

2019-12-31 08:04:24 - [TEST_STEP][PASSED] - waitForJQueryLoad(20, STOP_ON_FAILURE): jQuery is ready.

2019-12-31 08:04:25 - [MESSAGE][PASSED] - jQuery is ready.

2019-12-31 08:04:25 - [TEST_STEP][PASSED] - callTestCase(findTestCase("AHI/_include/get_screenshot"), [:], STOP_ON_FAILURE): Call Test Case 'Test Cases/AHI/_include/get_screenshot' successfully

2019-12-31 08:04:25 - [TEST_CASE][PASSED] - Test Cases/AHI/_include/get_screenshot: Test Cases/AHI/_include/get_screenshot

2019-12-31 08:04:25 - [TEST_STEP][PASSED] - takeScreenshot(screenPath + i + ".png"): Taking screenshot successfully

2019-12-31 08:04:25 - [MESSAGE][PASSED] - Taking screenshot successfully
[[ATTACHMENT|D:\\Test\\AgileTest\\Reports\\HIC\\hic\\20191231_080029\\../Screenshots/iPhone 6/HIC/Dental/USA Access/20191231_080338/3.png]]

2019-12-31 08:04:25 - [TEST_STEP][PASSED] - (internal.GlobalVariable.i++): null

2019-12-31 08:04:25 - [MESSAGE][PASSED] - Call Test Case 'Test Cases/AHI/_include/get_screenshot' successfully

2019-12-31 08:04:25 - [TEST_STEP][PASSED] - click(findTestObject("mobileSanity/Dental/filter/btn_filter")): Object: 'Object Repository/mobileSanity/Dental/filter/btn_filter' is clicked on

2019-12-31 08:04:25 - [MESSAGE][PASSED] - Object: 'Object Repository/mobileSanity/Dental/filter/btn_filter' is clicked on

2019-12-31 08:04:25 - [TEST_STEP][PASSED] - Thread.sleep(2000): null

2019-12-31 08:04:27 - [TEST_STEP][PASSED] - scrollToPosition(0, 600): Browser is scrolled to position x = 0, y = 600

2019-12-31 08:04:27 - [MESSAGE][PASSED] - Browser is scrolled to position x = 0, y = 600

2019-12-31 08:04:27 - [TEST_STEP][PASSED] - Thread.sleep(2000): null

2019-12-31 08:04:29 - [TEST_STEP][PASSED] - click(findTestObject("mobileSanity/Dental/quote/a_Select This Plan")): Object: 'Object Repository/mobileSanity/Dental/quote/a_Select This Plan' is clicked on

2019-12-31 08:04:30 - [MESSAGE][PASSED] - Object: 'Object Repository/mobileSanity/Dental/quote/a_Select This Plan' is clicked on

2019-12-31 08:04:30 - [TEST_STEP][PASSED] - waitForPageLoad(10): Wait for page load successfully

2019-12-31 08:04:31 - [MESSAGE][PASSED] - Wait for page load successfully

2019-12-31 08:04:31 - [TEST_STEP][PASSED] - callTestCase(findTestCase("AHI/_include/get_screenshot"), [:], STOP_ON_FAILURE): Call Test Case 'Test Cases/AHI/_include/get_screenshot' successfully

2019-12-31 08:04:31 - [TEST_CASE][PASSED] - Test Cases/AHI/_include/get_screenshot: Test Cases/AHI/_include/get_screenshot

2019-12-31 08:04:31 - [TEST_STEP][PASSED] - takeScreenshot(screenPath + i + ".png"): Taking screenshot successfully

2019-12-31 08:04:31 - [MESSAGE][PASSED] - Taking screenshot successfully
[[ATTACHMENT|D:\\Test\\AgileTest\\Reports\\HIC\\hic\\20191231_080029\\../Screenshots/iPhone 6/HIC/Dental/USA Access/20191231_080338/4.png]]

2019-12-31 08:04:31 - [TEST_STEP][PASSED] - (internal.GlobalVariable.i++): null

2019-12-31 08:04:31 - [MESSAGE][PASSED] - Call Test Case 'Test Cases/AHI/_include/get_screenshot' successfully

2019-12-31 08:04:31 - [TEST_STEP][PASSED] - Thread.sleep(2000): null

2019-12-31 08:04:33 - [TEST_STEP][PASSED] - click(findTestObject("mobileSanity/Dental/apply/span_Start Secure Application")): Object: 'Object Repository/mobileSanity/Dental/apply/span_Start Secure Application' is clicked on

2019-12-31 08:04:38 - [MESSAGE][PASSED] - Object: 'Object Repository/mobileSanity/Dental/apply/span_Start Secure Application' is clicked on

2019-12-31 08:04:38 - [TEST_STEP][PASSED] - waitForPageLoad(10): Wait for page load successfully

2019-12-31 08:04:38 - [MESSAGE][PASSED] - Wait for page load successfully

2019-12-31 08:04:38 - [TEST_STEP][PASSED] - Thread.sleep(2000): null

2019-12-31 08:04:40 - [TEST_STEP][PASSED] - callTestCase(findTestCase("AHI/_include/get_screenshot"), [:], STOP_ON_FAILURE): Call Test Case 'Test Cases/AHI/_include/get_screenshot' successfully

2019-12-31 08:04:40 - [TEST_CASE][PASSED] - Test Cases/AHI/_include/get_screenshot: Test Cases/AHI/_include/get_screenshot

2019-12-31 08:04:40 - [TEST_STEP][PASSED] - takeScreenshot(screenPath + i + ".png"): Taking screenshot successfully

2019-12-31 08:04:40 - [MESSAGE][PASSED] - Taking screenshot successfully
[[ATTACHMENT|D:\\Test\\AgileTest\\Reports\\HIC\\hic\\20191231_080029\\../Screenshots/iPhone 6/HIC/Dental/USA Access/20191231_080338/5.png]]

2019-12-31 08:04:40 - [TEST_STEP][PASSED] - (internal.GlobalVariable.i++): null

2019-12-31 08:04:40 - [MESSAGE][PASSED] - Call Test Case 'Test Cases/AHI/_include/get_screenshot' successfully

2019-12-31 08:04:40 - [TEST_STEP][PASSED] - callTestCase(findTestCase("AHI/_include/goToEnd_dental"), ["carrier":"usa"], CONTINUE_ON_FAILURE): Call Test Case 'Test Cases/AHI/_include/goToEnd_dental' successfully

2019-12-31 08:04:40 - [TEST_CASE][PASSED] - Test Cases/AHI/_include/goToEnd_dental: Test Cases/AHI/_include/goToEnd_dental

2019-12-31 08:04:40 - [TEST_STEP][PASSED] - callTestCase(findTestCase("AHI/_include/name"), [:], CONTINUE_ON_FAILURE): Call Test Case 'Test Cases/AHI/_include/name' successfully

2019-12-31 08:04:40 - [TEST_CASE][PASSED] - Test Cases/AHI/_include/name: Test Cases/AHI/_include/name

2019-12-31 08:04:40 - [TEST_STEP][PASSED] - driver = getWebDriver(): null

2019-12-31 08:04:40 - [TEST_STEP][PASSED] - selenium = new com.thoughtworks.selenium.webdriven.WebDriverBackedSelenium(driver, internal.GlobalVariable.ENV): null

2019-12-31 08:04:40 - [TEST_STEP][PASSED] - FirstName = "Test-123": null

2019-12-31 08:04:40 - [TEST_STEP][PASSED] - LastName = selenium.getEval("{var x="ABCDEFGHIJKLMNOPQRSTUVWXYZabcdefghijklmnopqrstuvwxyz"; var tmp="ZZ11-"; for (i=0;i<8;i++) tmp+=x.charAt(Math.ceil(51*Math.random()));tmp;}"): null

2019-12-31 08:04:40 - [TEST_STEP][PASSED] - Address = selenium.getEval("{var x="ABCDEFGHIJKLMNOPQRSTUVWXYZabcdefghijklmnopqrstuvwxyz"; var tmp=""; for (i=0;i<8;i++) tmp+=x.charAt(Math.ceil(51*Math.random()));tmp;}"): null

2019-12-31 08:04:40 - [TEST_STEP][PASSED] - City = selenium.getEval("{var x="ABCDEFGHIJKLMNOPQRSTUVWXYZabcdefghijklmnopqrstuvwxyz"; var tmp=""; for (i=0;i<8;i++) tmp+=x.charAt(Math.ceil(51*Math.random()));tmp;}"): null

2019-12-31 08:04:40 - [TEST_STEP][PASSED] - tel1 = selenium.getEval("{var x="123456789"; var tmp=""; for (i=0;i<3;i++) tmp+=x.charAt(Math.ceil(8*Math.random()));tmp;}"): null

2019-12-31 08:04:40 - [TEST_STEP][PASSED] - tel2 = selenium.getEval("{var x="123456789"; var tmp=""; for (i=0;i<3;i++) tmp+=x.charAt(Math.ceil(8*Math.random()));tmp;}"): null

2019-12-31 08:04:40 - [TEST_STEP][PASSED] - tel3 = selenium.getEval("{var x="123456789"; var tmp=""; for (i=0;i<4;i++) tmp+=x.charAt(Math.ceil(8*Math.random()));tmp;}"): null

2019-12-31 08:04:40 - [TEST_STEP][PASSED] - Tel = selenium.getExpression(tel1 + "-" + tel2 + "-" + tel3): null

2019-12-31 08:04:40 - [TEST_STEP][PASSED] - AutoEmail = selenium.getEval("{var x="ABCDEFGHIJKLMNOPQRSTUVWXYZabcdefghijklmnopqrstuvwxyz"; var tmp="test."; for (i=0;i<8;i++) tmp+=x.charAt(Math.ceil(51*Math.random()));tmp+="@suryani.cn";}"): null

2019-12-31 08:04:40 - [TEST_STEP][PASSED] - FirstName = FirstName: null

2019-12-31 08:04:40 - [TEST_STEP][PASSED] - LastName = LastName: null

2019-12-31 08:04:40 - [TEST_STEP][PASSED] - Address = Address: null

2019-12-31 08:04:40 - [TEST_STEP][PASSED] - City = City: null

2019-12-31 08:04:40 - [TEST_STEP][PASSED] - Tel = Tel: null

2019-12-31 08:04:40 - [TEST_STEP][PASSED] - AutoEmail = AutoEmail: null

2019-12-31 08:04:40 - [TEST_STEP][PASSED] - println(FirstName): null

2019-12-31 08:04:40 - [TEST_STEP][PASSED] - println(LastName): null

2019-12-31 08:04:40 - [TEST_STEP][PASSED] - println(Address): null

2019-12-31 08:04:40 - [TEST_STEP][PASSED] - println(City): null

2019-12-31 08:04:40 - [TEST_STEP][PASSED] - println(Tel): null

2019-12-31 08:04:40 - [TEST_STEP][PASSED] - println(AutoEmail): null

2019-12-31 08:04:40 - [MESSAGE][PASSED] - Call Test Case 'Test Cases/AHI/_include/name' successfully

2019-12-31 08:04:40 - [TEST_STEP][PASSED] - Thread.sleep(3000): null

2019-12-31 08:04:43 - [TEST_STEP][PASSED] - setText(findTestObject("mobileSanity/Dental/app_page1/input__member-P-1-firstName"), FirstName): Text 'Test-123' is set on object 'Object Repository/mobileSanity/Dental/app_page1/input__member-P-1-firstName'

2019-12-31 08:04:44 - [MESSAGE][PASSED] - Text 'Test-123' is set on object 'Object Repository/mobileSanity/Dental/app_page1/input__member-P-1-firstName'

2019-12-31 08:04:44 - [TEST_STEP][PASSED] - setText(findTestObject("mobileSanity/Dental/app_page1/input__member-P-1-lastName"), LastName): Text 'ZZ11-ZCwTVDoe' is set on object 'Object Repository/mobileSanity/Dental/app_page1/input__member-P-1-lastName'

2019-12-31 08:04:44 - [MESSAGE][PASSED] - Text 'ZZ11-ZCwTVDoe' is set on object 'Object Repository/mobileSanity/Dental/app_page1/input__member-P-1-lastName'

2019-12-31 08:04:44 - [TEST_STEP][PASSED] - setText(findTestObject("mobileSanity/Dental/app_page1/input__address"), Address): Text 'eyMPKWxE' is set on object 'Object Repository/mobileSanity/Dental/app_page1/input__address'

2019-12-31 08:04:45 - [MESSAGE][PASSED] - Text 'eyMPKWxE' is set on object 'Object Repository/mobileSanity/Dental/app_page1/input__address'

2019-12-31 08:04:45 - [TEST_STEP][PASSED] - setText(findTestObject("mobileSanity/Dental/app_page1/input__city"), City): Text 'BkjPEuRq' is set on object 'Object Repository/mobileSanity/Dental/app_page1/input__city'

2019-12-31 08:04:45 - [MESSAGE][PASSED] - Text 'BkjPEuRq' is set on object 'Object Repository/mobileSanity/Dental/app_page1/input__city'

2019-12-31 08:04:45 - [TEST_STEP][PASSED] - setText(findTestObject("mobileSanity/Dental/app_page1/input__email"), AutoEmail): Text 'test.sTNpoziY@suryani.cn' is set on object 'Object Repository/mobileSanity/Dental/app_page1/input__email'

2019-12-31 08:04:46 - [MESSAGE][PASSED] - Text 'test.sTNpoziY@suryani.cn' is set on object 'Object Repository/mobileSanity/Dental/app_page1/input__email'

2019-12-31 08:04:46 - [TEST_STEP][PASSED] - setText(findTestObject("mobileSanity/Dental/app_page1/input_phone"), Tel): Text '876-775-6482' is set on object 'Object Repository/mobileSanity/Dental/app_page1/input_phone'

2019-12-31 08:04:46 - [MESSAGE][PASSED] - Text '876-775-6482' is set on object 'Object Repository/mobileSanity/Dental/app_page1/input_phone'

2019-12-31 08:04:46 - [TEST_STEP][PASSED] - click(findTestObject("mobileSanity/Dental/app_page1/a_Continue to Step 2 - Payment")): Object: 'Object Repository/mobileSanity/Dental/app_page1/a_Continue to Step 2 - Payment' is clicked on

2019-12-31 08:04:46 - [MESSAGE][PASSED] - Object: 'Object Repository/mobileSanity/Dental/app_page1/a_Continue to Step 2 - Payment' is clicked on

2019-12-31 08:04:46 - [TEST_STEP][PASSED] - waitForPageLoad(10): Wait for page load successfully

2019-12-31 08:04:46 - [MESSAGE][PASSED] - Wait for page load successfully

2019-12-31 08:04:46 - [TEST_STEP][PASSED] - Thread.sleep(2000): null

2019-12-31 08:04:48 - [TEST_STEP][PASSED] - if (carrier == "usa"): null

2019-12-31 08:04:48 - [TEST_STEP][PASSED] - callTestCase(findTestCase("AHI/_include/get_screenshot"), [:], STOP_ON_FAILURE): Call Test Case 'Test Cases/AHI/_include/get_screenshot' successfully

2019-12-31 08:04:48 - [TEST_CASE][PASSED] - Test Cases/AHI/_include/get_screenshot: Test Cases/AHI/_include/get_screenshot

2019-12-31 08:04:48 - [TEST_STEP][PASSED] - takeScreenshot(screenPath + i + ".png"): Taking screenshot successfully

2019-12-31 08:04:48 - [MESSAGE][PASSED] - Taking screenshot successfully
[[ATTACHMENT|D:\\Test\\AgileTest\\Reports\\HIC\\hic\\20191231_080029\\../Screenshots/iPhone 6/HIC/Dental/USA Access/20191231_080338/6.png]]

2019-12-31 08:04:48 - [TEST_STEP][PASSED] - (internal.GlobalVariable.i++): null

2019-12-31 08:04:48 - [MESSAGE][PASSED] - Call Test Case 'Test Cases/AHI/_include/get_screenshot' successfully

2019-12-31 08:04:48 - [TEST_STEP][PASSED] - click(findTestObject("mobileSanity/Dental/app_page2/membership/label_ihaveread")): Object: 'Object Repository/mobileSanity/Dental/app_page2/membership/label_ihaveread' is clicked on

2019-12-31 08:04:48 - [MESSAGE][PASSED] - Object: 'Object Repository/mobileSanity/Dental/app_page2/membership/label_ihaveread' is clicked on

2019-12-31 08:04:48 - [TEST_STEP][PASSED] - click(findTestObject("mobileSanity/Dental/app_page2/membership/a_ok")): Object: 'Object Repository/mobileSanity/Dental/app_page2/membership/a_ok' is clicked on

2019-12-31 08:04:48 - [MESSAGE][PASSED] - Object: 'Object Repository/mobileSanity/Dental/app_page2/membership/a_ok' is clicked on

2019-12-31 08:04:49 - [TEST_STEP][PASSED] - Thread.sleep(3000): null

2019-12-31 08:04:52 - [TEST_STEP][PASSED] - callTestCase(findTestCase("AHI/_include/get_screenshot"), [:], STOP_ON_FAILURE): Call Test Case 'Test Cases/AHI/_include/get_screenshot' successfully

2019-12-31 08:04:52 - [TEST_CASE][PASSED] - Test Cases/AHI/_include/get_screenshot: Test Cases/AHI/_include/get_screenshot

2019-12-31 08:04:52 - [TEST_STEP][PASSED] - takeScreenshot(screenPath + i + ".png"): Taking screenshot successfully

2019-12-31 08:04:52 - [MESSAGE][PASSED] - Taking screenshot successfully
[[ATTACHMENT|D:\\Test\\AgileTest\\Reports\\HIC\\hic\\20191231_080029\\../Screenshots/iPhone 6/HIC/Dental/USA Access/20191231_080338/7.png]]

2019-12-31 08:04:52 - [TEST_STEP][PASSED] - (internal.GlobalVariable.i++): null

2019-12-31 08:04:52 - [MESSAGE][PASSED] - Call Test Case 'Test Cases/AHI/_include/get_screenshot' successfully

2019-12-31 08:04:52 - [TEST_STEP][PASSED] - setText(findTestObject("mobileSanity/Dental/app_page2/input__credit-card-first"), FirstName): Text 'Test-123' is set on object 'Object Repository/mobileSanity/Dental/app_page2/input__credit-card-first'

2019-12-31 08:04:53 - [MESSAGE][PASSED] - Text 'Test-123' is set on object 'Object Repository/mobileSanity/Dental/app_page2/input__credit-card-first'

2019-12-31 08:04:53 - [TEST_STEP][PASSED] - setText(findTestObject("mobileSanity/Dental/app_page2/input__credit-card-last"), LastName): Text 'ZZ11-ZCwTVDoe' is set on object 'Object Repository/mobileSanity/Dental/app_page2/input__credit-card-last'

2019-12-31 08:04:54 - [MESSAGE][PASSED] - Text 'ZZ11-ZCwTVDoe' is set on object 'Object Repository/mobileSanity/Dental/app_page2/input__credit-card-last'

2019-12-31 08:04:54 - [TEST_STEP][PASSED] - selectOptionByValue(findTestObject("mobileSanity/Dental/app_page2/select_MM010203040506070809101"), "12", true): All options with value '12' are selected in object 'Object Repository/mobileSanity/Dental/app_page2/select_MM010203040506070809101'  using regular expression

2019-12-31 08:04:55 - [MESSAGE][PASSED] - All options with value '12' are selected in object 'Object Repository/mobileSanity/Dental/app_page2/select_MM010203040506070809101'  using regular expression

2019-12-31 08:04:55 - [TEST_STEP][PASSED] - selectOptionByValue(findTestObject("mobileSanity/Dental/app_page2/select_YYYY2019202020212022202"), "2026", true): All options with value '2026' are selected in object 'Object Repository/mobileSanity/Dental/app_page2/select_YYYY2019202020212022202'  using regular expression

2019-12-31 08:04:55 - [MESSAGE][PASSED] - All options with value '2026' are selected in object 'Object Repository/mobileSanity/Dental/app_page2/select_YYYY2019202020212022202'  using regular expression

2019-12-31 08:04:55 - [TEST_STEP][PASSED] - setText(findTestObject("mobileSanity/Dental/app_page2/input__credit-card-number"), "4111111111111111"): Text '4111111111111111' is set on object 'Object Repository/mobileSanity/Dental/app_page2/input__credit-card-number'

2019-12-31 08:04:55 - [MESSAGE][PASSED] - Text '4111111111111111' is set on object 'Object Repository/mobileSanity/Dental/app_page2/input__credit-card-number'

2019-12-31 08:04:55 - [TEST_STEP][PASSED] - setText(findTestObject("mobileSanity/Dental/app_page2/input__cvv"), "123"): Text '123' is set on object 'Object Repository/mobileSanity/Dental/app_page2/input__cvv'

2019-12-31 08:04:55 - [MESSAGE][PASSED] - Text '123' is set on object 'Object Repository/mobileSanity/Dental/app_page2/input__cvv'

2019-12-31 08:04:55 - [TEST_STEP][PASSED] - click(findTestObject("mobileSanity/Dental/app_page2/label_My billing address is th")): Object: 'Object Repository/mobileSanity/Dental/app_page2/label_My billing address is th' is clicked on

2019-12-31 08:04:55 - [MESSAGE][PASSED] - Object: 'Object Repository/mobileSanity/Dental/app_page2/label_My billing address is th' is clicked on

2019-12-31 08:04:55 - [TEST_STEP][PASSED] - click(findTestObject("mobileSanity/Dental/app_page2/label_I Accept Authorization f")): Object: 'Object Repository/mobileSanity/Dental/app_page2/label_I Accept Authorization f' is clicked on

2019-12-31 08:04:56 - [MESSAGE][PASSED] - Object: 'Object Repository/mobileSanity/Dental/app_page2/label_I Accept Authorization f' is clicked on

2019-12-31 08:04:56 - [TEST_STEP][PASSED] - click(findTestObject("mobileSanity/Dental/app_page2/a_Continue to Step 3 - Review")): Object: 'Object Repository/mobileSanity/Dental/app_page2/a_Continue to Step 3 - Review' is clicked on

2019-12-31 08:04:56 - [MESSAGE][PASSED] - Object: 'Object Repository/mobileSanity/Dental/app_page2/a_Continue to Step 3 - Review' is clicked on

2019-12-31 08:04:56 - [TEST_STEP][PASSED] - waitForPageLoad(20): Wait for page load successfully

2019-12-31 08:04:56 - [MESSAGE][PASSED] - Wait for page load successfully

2019-12-31 08:04:56 - [TEST_STEP][PASSED] - Thread.sleep(2000): null

2019-12-31 08:04:58 - [TEST_STEP][PASSED] - waitForElementClickable(findTestObject("mobileSanity/Dental/app_page3/label"), 20): Object 'Object Repository/mobileSanity/Dental/app_page3/label' is clickable

2019-12-31 08:05:06 - [MESSAGE][PASSED] - Object 'Object Repository/mobileSanity/Dental/app_page3/label' is clickable

2019-12-31 08:05:06 - [TEST_STEP][PASSED] - callTestCase(findTestCase("AHI/_include/get_screenshot"), [:], STOP_ON_FAILURE): Call Test Case 'Test Cases/AHI/_include/get_screenshot' successfully

2019-12-31 08:05:06 - [TEST_CASE][PASSED] - Test Cases/AHI/_include/get_screenshot: Test Cases/AHI/_include/get_screenshot

2019-12-31 08:05:06 - [TEST_STEP][PASSED] - takeScreenshot(screenPath + i + ".png"): Taking screenshot successfully

2019-12-31 08:05:07 - [MESSAGE][PASSED] - Taking screenshot successfully
[[ATTACHMENT|D:\\Test\\AgileTest\\Reports\\HIC\\hic\\20191231_080029\\../Screenshots/iPhone 6/HIC/Dental/USA Access/20191231_080338/8.png]]

2019-12-31 08:05:07 - [TEST_STEP][PASSED] - (internal.GlobalVariable.i++): null

2019-12-31 08:05:07 - [MESSAGE][PASSED] - Call Test Case 'Test Cases/AHI/_include/get_screenshot' successfully

2019-12-31 08:05:07 - [TEST_STEP][PASSED] - click(findTestObject("mobileSanity/Dental/app_page3/label")): Object: 'Object Repository/mobileSanity/Dental/app_page3/label' is clicked on

2019-12-31 08:05:07 - [MESSAGE][PASSED] - Object: 'Object Repository/mobileSanity/Dental/app_page3/label' is clicked on

2019-12-31 08:05:07 - [TEST_STEP][PASSED] - click(findTestObject("mobileSanity/Dental/app_page3/p_CLICK TO SIGN")): Object: 'Object Repository/mobileSanity/Dental/app_page3/p_CLICK TO SIGN' is clicked on

2019-12-31 08:05:07 - [MESSAGE][PASSED] - Object: 'Object Repository/mobileSanity/Dental/app_page3/p_CLICK TO SIGN' is clicked on

2019-12-31 08:05:07 - [TEST_STEP][PASSED] - click(findTestObject("mobileSanity/Dental/app_page3/a_Submit Your Application")): Object: 'Object Repository/mobileSanity/Dental/app_page3/a_Submit Your Application' is clicked on

2019-12-31 08:05:07 - [MESSAGE][PASSED] - Object: 'Object Repository/mobileSanity/Dental/app_page3/a_Submit Your Application' is clicked on

2019-12-31 08:05:07 - [TEST_STEP][PASSED] - Thread.sleep(50000): null

2019-12-31 08:05:57 - [TEST_STEP][PASSED] - waitForElementPresent(findTestObject("mobileSanity/Dental/app_page4/js-app-confirmation"), 20): Object 'Object Repository/mobileSanity/Dental/app_page4/js-app-confirmation' is present

2019-12-31 08:05:57 - [MESSAGE][PASSED] - Object 'Object Repository/mobileSanity/Dental/app_page4/js-app-confirmation' is present

2019-12-31 08:05:57 - [TEST_STEP][PASSED] - callTestCase(findTestCase("AHI/_include/get_screenshot"), [:], STOP_ON_FAILURE): Call Test Case 'Test Cases/AHI/_include/get_screenshot' successfully

2019-12-31 08:05:57 - [TEST_CASE][PASSED] - Test Cases/AHI/_include/get_screenshot: Test Cases/AHI/_include/get_screenshot

2019-12-31 08:05:57 - [TEST_STEP][PASSED] - takeScreenshot(screenPath + i + ".png"): Taking screenshot successfully

2019-12-31 08:05:58 - [MESSAGE][PASSED] - Taking screenshot successfully
[[ATTACHMENT|D:\\Test\\AgileTest\\Reports\\HIC\\hic\\20191231_080029\\../Screenshots/iPhone 6/HIC/Dental/USA Access/20191231_080338/9.png]]

2019-12-31 08:05:58 - [TEST_STEP][PASSED] - (internal.GlobalVariable.i++): null

2019-12-31 08:05:58 - [MESSAGE][PASSED] - Call Test Case 'Test Cases/AHI/_include/get_screenshot' successfully

2019-12-31 08:05:58 - [MESSAGE][PASSED] - Call Test Case 'Test Cases/AHI/_include/goToEnd_dental' successfully]]></system-out>
         <system-err><![CDATA[]]></system-err>
      </testcase>
      <testcase name="Test Cases/HIC/HBI/Core Shield" classname="Test Cases/HIC/HBI/Core Shield" status="PASSED">
         <system-out><![CDATA[2019-12-31 08:05:58 - [TEST_CASE][PASSED] - Test Cases/HIC/HBI/Core Shield: Test Cases/HIC/HBI/Core Shield

2019-12-31 08:05:58 - [TEST_STEP][PASSED] - callTestCase(findTestCase("HIC/_include/get_hicScreenPath"), ["project":"HIC", "productLine":"HBI", "carrierName":"Core Shield"], CONTINUE_ON_FAILURE): Call Test Case 'Test Cases/HIC/_include/get_hicScreenPath' successfully

2019-12-31 08:05:58 - [TEST_CASE][PASSED] - Test Cases/HIC/_include/get_hicScreenPath: Test Cases/HIC/_include/get_hicScreenPath

2019-12-31 08:05:58 - [TEST_STEP][PASSED] - m = getExecutionProperties(): null

2019-12-31 08:05:58 - [TEST_STEP][PASSED] - deviceName = get("mobileEmulation").get("deviceName"): null

2019-12-31 08:05:58 - [TEST_STEP][PASSED] - println(deviceName): null

2019-12-31 08:05:58 - [TEST_STEP][PASSED] - now = new java.util.Date(): null

2019-12-31 08:05:58 - [TEST_STEP][PASSED] - mydate = now.format("yyyyMMdd_HHmmss"): null

2019-12-31 08:05:58 - [TEST_STEP][PASSED] - screenPath = "../Screenshots/": null

2019-12-31 08:05:58 - [TEST_STEP][PASSED] - screenPath = screenPath + deviceName + "/" + project + "/" + productLine + "/" + carrierName + "/" + mydate + "/": null

2019-12-31 08:05:58 - [TEST_STEP][PASSED] - println(screenPath): null

2019-12-31 08:05:58 - [MESSAGE][PASSED] - Call Test Case 'Test Cases/HIC/_include/get_hicScreenPath' successfully

2019-12-31 08:05:58 - [TEST_STEP][PASSED] - i = 0: null

2019-12-31 08:05:58 - [TEST_STEP][PASSED] - callTestCase(findTestCase("AHI/_include/openWebSite"), ["env":"https://qa.healthinsurance.com/"], CONTINUE_ON_FAILURE): Call Test Case 'Test Cases/AHI/_include/openWebSite' successfully

2019-12-31 08:05:58 - [TEST_CASE][PASSED] - Test Cases/AHI/_include/openWebSite: Test Cases/AHI/_include/openWebSite

2019-12-31 08:05:58 - [TEST_STEP][PASSED] - openBrowser(env): Browser is opened with url: 'https://qa.healthinsurance.com/'

2019-12-31 08:05:58 - [MESSAGE][WARNING] - A browser is already opened. Closing browser and opening a new one

2019-12-31 08:05:59 - [MESSAGE][INFO] - Starting 'Chrome' driver

2019-12-31 08:05:59 - [MESSAGE][INFO] - User set preference: ['mobileEmulation', '{deviceName=iPhone 6}']

2019-12-31 08:05:59 - [MESSAGE][INFO] - User set preference: ['args', '[--incognito, --aggressive-cache-discard, --window-size=375,677, --no-sandbox]']

2019-12-31 08:06:03 - [MESSAGE][PASSED] - Browser is opened with url: 'https://qa.healthinsurance.com/'

2019-12-31 08:06:03 - [TEST_STEP][PASSED] - waitForPageLoad(20): Wait for page load successfully

2019-12-31 08:06:03 - [MESSAGE][PASSED] - Wait for page load successfully

2019-12-31 08:06:03 - [TEST_STEP][PASSED] - callTestCase(findTestCase("AHI/_include/get_screenshot"), [:], STOP_ON_FAILURE): Call Test Case 'Test Cases/AHI/_include/get_screenshot' successfully

2019-12-31 08:06:03 - [TEST_CASE][PASSED] - Test Cases/AHI/_include/get_screenshot: Test Cases/AHI/_include/get_screenshot

2019-12-31 08:06:03 - [TEST_STEP][PASSED] - takeScreenshot(screenPath + i + ".png"): Taking screenshot successfully

2019-12-31 08:06:03 - [MESSAGE][PASSED] - Taking screenshot successfully
[[ATTACHMENT|D:\\Test\\AgileTest\\Reports\\HIC\\hic\\20191231_080029\\../Screenshots/iPhone 6/HIC/HBI/Core Shield/20191231_080558/0.png]]

2019-12-31 08:06:03 - [TEST_STEP][PASSED] - (internal.GlobalVariable.i++): null

2019-12-31 08:06:03 - [MESSAGE][PASSED] - Call Test Case 'Test Cases/AHI/_include/get_screenshot' successfully

2019-12-31 08:06:03 - [MESSAGE][PASSED] - Call Test Case 'Test Cases/AHI/_include/openWebSite' successfully

2019-12-31 08:06:03 - [TEST_STEP][PASSED] - click(findTestObject("hic/nav/navButton")): Object: 'Object Repository/hic/nav/navButton' is clicked on

2019-12-31 08:06:04 - [MESSAGE][PASSED] - Object: 'Object Repository/hic/nav/navButton' is clicked on

2019-12-31 08:06:04 - [TEST_STEP][PASSED] - Thread.sleep(2000): null

2019-12-31 08:06:06 - [TEST_STEP][PASSED] - click(findTestObject("hic/nav/hbiLink")): Object: 'Object Repository/hic/nav/hbiLink' is clicked on

2019-12-31 08:06:06 - [MESSAGE][PASSED] - Object: 'Object Repository/hic/nav/hbiLink' is clicked on

2019-12-31 08:06:06 - [TEST_STEP][PASSED] - Thread.sleep(2000): null

2019-12-31 08:06:08 - [TEST_STEP][PASSED] - callTestCase(findTestCase("AHI/_include/get_screenshot"), [:], STOP_ON_FAILURE): Call Test Case 'Test Cases/AHI/_include/get_screenshot' successfully

2019-12-31 08:06:08 - [TEST_CASE][PASSED] - Test Cases/AHI/_include/get_screenshot: Test Cases/AHI/_include/get_screenshot

2019-12-31 08:06:08 - [TEST_STEP][PASSED] - takeScreenshot(screenPath + i + ".png"): Taking screenshot successfully

2019-12-31 08:06:09 - [MESSAGE][PASSED] - Taking screenshot successfully
[[ATTACHMENT|D:\\Test\\AgileTest\\Reports\\HIC\\hic\\20191231_080029\\../Screenshots/iPhone 6/HIC/HBI/Core Shield/20191231_080558/1.png]]

2019-12-31 08:06:09 - [TEST_STEP][PASSED] - (internal.GlobalVariable.i++): null

2019-12-31 08:06:09 - [MESSAGE][PASSED] - Call Test Case 'Test Cases/AHI/_include/get_screenshot' successfully

2019-12-31 08:06:09 - [TEST_STEP][PASSED] - callTestCase(findTestCase("HIC/_include/stm_census"), ["zipcode":"35215"], STOP_ON_FAILURE): Call Test Case 'Test Cases/HIC/_include/stm_census' successfully

2019-12-31 08:06:09 - [TEST_CASE][PASSED] - Test Cases/HIC/_include/stm_census: Test Cases/HIC/_include/stm_census

2019-12-31 08:06:09 - [TEST_STEP][PASSED] - setText(findTestObject("hic/stm/zip"), zipcode): Text '35215' is set on object 'Object Repository/hic/stm/zip'

2019-12-31 08:06:09 - [MESSAGE][PASSED] - Text '35215' is set on object 'Object Repository/hic/stm/zip'

2019-12-31 08:06:09 - [TEST_STEP][PASSED] - Thread.sleep(500): null

2019-12-31 08:06:09 - [TEST_STEP][PASSED] - setText(findTestObject("hic/stm/primaryDOB"), "03031987"): Text '03031987' is set on object 'Object Repository/hic/stm/primaryDOB'

2019-12-31 08:06:10 - [MESSAGE][PASSED] - Text '03031987' is set on object 'Object Repository/hic/stm/primaryDOB'

2019-12-31 08:06:10 - [TEST_STEP][PASSED] - click(findTestObject("hic/stm/female")): Object: 'Object Repository/hic/stm/female' is clicked on

2019-12-31 08:06:10 - [MESSAGE][PASSED] - Object: 'Object Repository/hic/stm/female' is clicked on

2019-12-31 08:06:10 - [TEST_STEP][PASSED] - Thread.sleep(3000): null

2019-12-31 08:06:13 - [TEST_STEP][PASSED] - click(findTestObject("hic/stm/submitButton")): Object: 'Object Repository/hic/stm/submitButton' is clicked on

2019-12-31 08:06:15 - [MESSAGE][PASSED] - Object: 'Object Repository/hic/stm/submitButton' is clicked on

2019-12-31 08:06:15 - [TEST_STEP][PASSED] - Thread.sleep(6000): null

2019-12-31 08:06:21 - [TEST_STEP][PASSED] - callTestCase(findTestCase("AHI/_include/check_quoteleadform"), [:], STOP_ON_FAILURE): Call Test Case 'Test Cases/AHI/_include/check_quoteleadform' successfully

2019-12-31 08:06:21 - [TEST_CASE][PASSED] - Test Cases/AHI/_include/check_quoteleadform: Test Cases/AHI/_include/check_quoteleadform

2019-12-31 08:06:21 - [TEST_STEP][PASSED] - callTestCase(findTestCase("AHI/_include/name"), [:], CONTINUE_ON_FAILURE): Call Test Case 'Test Cases/AHI/_include/name' successfully

2019-12-31 08:06:21 - [TEST_CASE][PASSED] - Test Cases/AHI/_include/name: Test Cases/AHI/_include/name

2019-12-31 08:06:21 - [TEST_STEP][PASSED] - driver = getWebDriver(): null

2019-12-31 08:06:21 - [TEST_STEP][PASSED] - selenium = new com.thoughtworks.selenium.webdriven.WebDriverBackedSelenium(driver, internal.GlobalVariable.ENV): null

2019-12-31 08:06:21 - [TEST_STEP][PASSED] - FirstName = "Test-123": null

2019-12-31 08:06:21 - [TEST_STEP][PASSED] - LastName = selenium.getEval("{var x="ABCDEFGHIJKLMNOPQRSTUVWXYZabcdefghijklmnopqrstuvwxyz"; var tmp="ZZ11-"; for (i=0;i<8;i++) tmp+=x.charAt(Math.ceil(51*Math.random()));tmp;}"): null

2019-12-31 08:06:21 - [TEST_STEP][PASSED] - Address = selenium.getEval("{var x="ABCDEFGHIJKLMNOPQRSTUVWXYZabcdefghijklmnopqrstuvwxyz"; var tmp=""; for (i=0;i<8;i++) tmp+=x.charAt(Math.ceil(51*Math.random()));tmp;}"): null

2019-12-31 08:06:21 - [TEST_STEP][PASSED] - City = selenium.getEval("{var x="ABCDEFGHIJKLMNOPQRSTUVWXYZabcdefghijklmnopqrstuvwxyz"; var tmp=""; for (i=0;i<8;i++) tmp+=x.charAt(Math.ceil(51*Math.random()));tmp;}"): null

2019-12-31 08:06:21 - [TEST_STEP][PASSED] - tel1 = selenium.getEval("{var x="123456789"; var tmp=""; for (i=0;i<3;i++) tmp+=x.charAt(Math.ceil(8*Math.random()));tmp;}"): null

2019-12-31 08:06:21 - [TEST_STEP][PASSED] - tel2 = selenium.getEval("{var x="123456789"; var tmp=""; for (i=0;i<3;i++) tmp+=x.charAt(Math.ceil(8*Math.random()));tmp;}"): null

2019-12-31 08:06:21 - [TEST_STEP][PASSED] - tel3 = selenium.getEval("{var x="123456789"; var tmp=""; for (i=0;i<4;i++) tmp+=x.charAt(Math.ceil(8*Math.random()));tmp;}"): null

2019-12-31 08:06:21 - [TEST_STEP][PASSED] - Tel = selenium.getExpression(tel1 + "-" + tel2 + "-" + tel3): null

2019-12-31 08:06:21 - [TEST_STEP][PASSED] - AutoEmail = selenium.getEval("{var x="ABCDEFGHIJKLMNOPQRSTUVWXYZabcdefghijklmnopqrstuvwxyz"; var tmp="test."; for (i=0;i<8;i++) tmp+=x.charAt(Math.ceil(51*Math.random()));tmp+="@suryani.cn";}"): null

2019-12-31 08:06:21 - [TEST_STEP][PASSED] - FirstName = FirstName: null

2019-12-31 08:06:21 - [TEST_STEP][PASSED] - LastName = LastName: null

2019-12-31 08:06:21 - [TEST_STEP][PASSED] - Address = Address: null

2019-12-31 08:06:21 - [TEST_STEP][PASSED] - City = City: null

2019-12-31 08:06:21 - [TEST_STEP][PASSED] - Tel = Tel: null

2019-12-31 08:06:21 - [TEST_STEP][PASSED] - AutoEmail = AutoEmail: null

2019-12-31 08:06:21 - [TEST_STEP][PASSED] - println(FirstName): null

2019-12-31 08:06:21 - [TEST_STEP][PASSED] - println(LastName): null

2019-12-31 08:06:21 - [TEST_STEP][PASSED] - println(Address): null

2019-12-31 08:06:21 - [TEST_STEP][PASSED] - println(City): null

2019-12-31 08:06:21 - [TEST_STEP][PASSED] - println(Tel): null

2019-12-31 08:06:21 - [TEST_STEP][PASSED] - println(AutoEmail): null

2019-12-31 08:06:21 - [MESSAGE][PASSED] - Call Test Case 'Test Cases/AHI/_include/name' successfully

2019-12-31 08:06:21 - [TEST_STEP][PASSED] - leadform_exist = test.MobileKeywords.isElementPresent_Web(findTestObject("mobileSanity/quote lead form/lead_form"), 20): test.MobileKeywords.isElementPresent_Web is PASSED

2019-12-31 08:06:21 - [MESSAGE][PASSED] - test.MobileKeywords.isElementPresent_Web is PASSED

2019-12-31 08:06:21 - [TEST_STEP][PASSED] - if (leadform_exist): null

2019-12-31 08:06:21 - [TEST_STEP][PASSED] - setText(findTestObject("mobileSanity/quote lead form/first"), FirstName): Text 'Test-123' is set on object 'Object Repository/mobileSanity/quote lead form/first'

2019-12-31 08:06:22 - [MESSAGE][PASSED] - Text 'Test-123' is set on object 'Object Repository/mobileSanity/quote lead form/first'

2019-12-31 08:06:22 - [TEST_STEP][PASSED] - setText(findTestObject("mobileSanity/quote lead form/last"), LastName): Text 'ZZ11-PueNVcqG' is set on object 'Object Repository/mobileSanity/quote lead form/last'

2019-12-31 08:06:23 - [MESSAGE][PASSED] - Text 'ZZ11-PueNVcqG' is set on object 'Object Repository/mobileSanity/quote lead form/last'

2019-12-31 08:06:23 - [TEST_STEP][PASSED] - setText(findTestObject("mobileSanity/quote lead form/email"), AutoEmail): Text 'test.yZcExXub@suryani.cn' is set on object 'Object Repository/mobileSanity/quote lead form/email'

2019-12-31 08:06:24 - [MESSAGE][PASSED] - Text 'test.yZcExXub@suryani.cn' is set on object 'Object Repository/mobileSanity/quote lead form/email'

2019-12-31 08:06:24 - [TEST_STEP][PASSED] - setText(findTestObject("mobileSanity/quote lead form/phone"), Tel): Text '524-862-5289' is set on object 'Object Repository/mobileSanity/quote lead form/phone'

2019-12-31 08:06:24 - [MESSAGE][PASSED] - Text '524-862-5289' is set on object 'Object Repository/mobileSanity/quote lead form/phone'

2019-12-31 08:06:24 - [TEST_STEP][PASSED] - click(findTestObject("mobileSanity/quote lead form/submit")): Object: 'Object Repository/mobileSanity/quote lead form/submit' is clicked on

2019-12-31 08:06:24 - [MESSAGE][PASSED] - Object: 'Object Repository/mobileSanity/quote lead form/submit' is clicked on

2019-12-31 08:06:24 - [TEST_STEP][PASSED] - Thread.sleep(3000): null

2019-12-31 08:06:27 - [MESSAGE][PASSED] - Call Test Case 'Test Cases/AHI/_include/check_quoteleadform' successfully

2019-12-31 08:06:27 - [TEST_STEP][PASSED] - callTestCase(findTestCase("AHI/_include/get_screenshot"), [:], STOP_ON_FAILURE): Call Test Case 'Test Cases/AHI/_include/get_screenshot' successfully

2019-12-31 08:06:27 - [TEST_CASE][PASSED] - Test Cases/AHI/_include/get_screenshot: Test Cases/AHI/_include/get_screenshot

2019-12-31 08:06:27 - [TEST_STEP][PASSED] - takeScreenshot(screenPath + i + ".png"): Taking screenshot successfully

2019-12-31 08:06:27 - [MESSAGE][PASSED] - Taking screenshot successfully
[[ATTACHMENT|D:\\Test\\AgileTest\\Reports\\HIC\\hic\\20191231_080029\\../Screenshots/iPhone 6/HIC/HBI/Core Shield/20191231_080558/2.png]]

2019-12-31 08:06:27 - [TEST_STEP][PASSED] - (internal.GlobalVariable.i++): null

2019-12-31 08:06:27 - [MESSAGE][PASSED] - Call Test Case 'Test Cases/AHI/_include/get_screenshot' successfully

2019-12-31 08:06:27 - [TEST_STEP][PASSED] - Thread.sleep(1000): null

2019-12-31 08:06:28 - [MESSAGE][PASSED] - Call Test Case 'Test Cases/HIC/_include/stm_census' successfully

2019-12-31 08:06:28 - [TEST_STEP][PASSED] - Thread.sleep(5000): null

2019-12-31 08:06:34 - [TEST_STEP][PASSED] - scrollToPosition(200, 2300): Browser is scrolled to position x = 200, y = 2300

2019-12-31 08:06:34 - [MESSAGE][PASSED] - Browser is scrolled to position x = 200, y = 2300

2019-12-31 08:06:34 - [TEST_STEP][PASSED] - click(findTestObject("mobileSanity/HBI/quote/a_Core Shield")): Object: 'Object Repository/mobileSanity/HBI/quote/a_Core Shield' is clicked on

2019-12-31 08:06:35 - [MESSAGE][PASSED] - Object: 'Object Repository/mobileSanity/HBI/quote/a_Core Shield' is clicked on

2019-12-31 08:06:35 - [TEST_STEP][PASSED] - waitForPageLoad(20): Wait for page load successfully

2019-12-31 08:06:36 - [MESSAGE][PASSED] - Wait for page load successfully

2019-12-31 08:06:36 - [TEST_STEP][PASSED] - callTestCase(findTestCase("AHI/_include/get_screenshot"), [:], STOP_ON_FAILURE): Call Test Case 'Test Cases/AHI/_include/get_screenshot' successfully

2019-12-31 08:06:36 - [TEST_CASE][PASSED] - Test Cases/AHI/_include/get_screenshot: Test Cases/AHI/_include/get_screenshot

2019-12-31 08:06:36 - [TEST_STEP][PASSED] - takeScreenshot(screenPath + i + ".png"): Taking screenshot successfully

2019-12-31 08:06:36 - [MESSAGE][PASSED] - Taking screenshot successfully
[[ATTACHMENT|D:\\Test\\AgileTest\\Reports\\HIC\\hic\\20191231_080029\\../Screenshots/iPhone 6/HIC/HBI/Core Shield/20191231_080558/3.png]]

2019-12-31 08:06:36 - [TEST_STEP][PASSED] - (internal.GlobalVariable.i++): null

2019-12-31 08:06:36 - [MESSAGE][PASSED] - Call Test Case 'Test Cases/AHI/_include/get_screenshot' successfully

2019-12-31 08:06:36 - [TEST_STEP][PASSED] - click(findTestObject("mobileSanity/HBI/detail/a_Apply for This Plan")): Object: 'Object Repository/mobileSanity/HBI/detail/a_Apply for This Plan' is clicked on

2019-12-31 08:06:38 - [MESSAGE][PASSED] - Object: 'Object Repository/mobileSanity/HBI/detail/a_Apply for This Plan' is clicked on

2019-12-31 08:06:38 - [TEST_STEP][PASSED] - waitForPageLoad(20): Wait for page load successfully

2019-12-31 08:06:39 - [MESSAGE][PASSED] - Wait for page load successfully

2019-12-31 08:06:39 - [TEST_STEP][PASSED] - callTestCase(findTestCase("AHI/_include/get_screenshot"), [:], STOP_ON_FAILURE): Call Test Case 'Test Cases/AHI/_include/get_screenshot' successfully

2019-12-31 08:06:39 - [TEST_CASE][PASSED] - Test Cases/AHI/_include/get_screenshot: Test Cases/AHI/_include/get_screenshot

2019-12-31 08:06:39 - [TEST_STEP][PASSED] - takeScreenshot(screenPath + i + ".png"): Taking screenshot successfully

2019-12-31 08:06:39 - [MESSAGE][PASSED] - Taking screenshot successfully
[[ATTACHMENT|D:\\Test\\AgileTest\\Reports\\HIC\\hic\\20191231_080029\\../Screenshots/iPhone 6/HIC/HBI/Core Shield/20191231_080558/4.png]]

2019-12-31 08:06:39 - [TEST_STEP][PASSED] - (internal.GlobalVariable.i++): null

2019-12-31 08:06:39 - [MESSAGE][PASSED] - Call Test Case 'Test Cases/AHI/_include/get_screenshot' successfully

2019-12-31 08:06:39 - [TEST_STEP][PASSED] - click(findTestObject("mobileSanity/HBI/Page_Apply/span_Start Secure Application")): Object: 'Object Repository/mobileSanity/HBI/Page_Apply/span_Start Secure Application' is clicked on

2019-12-31 08:06:40 - [MESSAGE][PASSED] - Object: 'Object Repository/mobileSanity/HBI/Page_Apply/span_Start Secure Application' is clicked on

2019-12-31 08:06:40 - [TEST_STEP][PASSED] - waitForPageLoad(20): Wait for page load successfully

2019-12-31 08:06:41 - [MESSAGE][PASSED] - Wait for page load successfully

2019-12-31 08:06:41 - [TEST_STEP][PASSED] - Thread.sleep(5000): null

2019-12-31 08:06:46 - [TEST_STEP][PASSED] - callTestCase(findTestCase("AHI/_include/get_screenshot"), [:], STOP_ON_FAILURE): Call Test Case 'Test Cases/AHI/_include/get_screenshot' successfully

2019-12-31 08:06:46 - [TEST_CASE][PASSED] - Test Cases/AHI/_include/get_screenshot: Test Cases/AHI/_include/get_screenshot

2019-12-31 08:06:46 - [TEST_STEP][PASSED] - takeScreenshot(screenPath + i + ".png"): Taking screenshot successfully

2019-12-31 08:06:47 - [MESSAGE][PASSED] - Taking screenshot successfully
[[ATTACHMENT|D:\\Test\\AgileTest\\Reports\\HIC\\hic\\20191231_080029\\../Screenshots/iPhone 6/HIC/HBI/Core Shield/20191231_080558/5.png]]

2019-12-31 08:06:47 - [TEST_STEP][PASSED] - (internal.GlobalVariable.i++): null

2019-12-31 08:06:47 - [MESSAGE][PASSED] - Call Test Case 'Test Cases/AHI/_include/get_screenshot' successfully

2019-12-31 08:06:47 - [TEST_STEP][PASSED] - callTestCase(findTestCase("AHI/_include/goToEnd_hbi"), ["carrier":"coreshield"], CONTINUE_ON_FAILURE): Call Test Case 'Test Cases/AHI/_include/goToEnd_hbi' successfully

2019-12-31 08:06:47 - [TEST_CASE][PASSED] - Test Cases/AHI/_include/goToEnd_hbi: Test Cases/AHI/_include/goToEnd_hbi

2019-12-31 08:06:48 - [TEST_STEP][PASSED] - if (state == "ca"): null

2019-12-31 08:06:48 - [TEST_STEP][PASSED] - callTestCase(findTestCase("AHI/_include/name"), [:], CONTINUE_ON_FAILURE): Call Test Case 'Test Cases/AHI/_include/name' successfully

2019-12-31 08:06:48 - [TEST_CASE][PASSED] - Test Cases/AHI/_include/name: Test Cases/AHI/_include/name

2019-12-31 08:06:48 - [TEST_STEP][PASSED] - driver = getWebDriver(): null

2019-12-31 08:06:48 - [TEST_STEP][PASSED] - selenium = new com.thoughtworks.selenium.webdriven.WebDriverBackedSelenium(driver, internal.GlobalVariable.ENV): null

2019-12-31 08:06:48 - [TEST_STEP][PASSED] - FirstName = "Test-123": null

2019-12-31 08:06:48 - [TEST_STEP][PASSED] - LastName = selenium.getEval("{var x="ABCDEFGHIJKLMNOPQRSTUVWXYZabcdefghijklmnopqrstuvwxyz"; var tmp="ZZ11-"; for (i=0;i<8;i++) tmp+=x.charAt(Math.ceil(51*Math.random()));tmp;}"): null

2019-12-31 08:06:48 - [TEST_STEP][PASSED] - Address = selenium.getEval("{var x="ABCDEFGHIJKLMNOPQRSTUVWXYZabcdefghijklmnopqrstuvwxyz"; var tmp=""; for (i=0;i<8;i++) tmp+=x.charAt(Math.ceil(51*Math.random()));tmp;}"): null

2019-12-31 08:06:48 - [TEST_STEP][PASSED] - City = selenium.getEval("{var x="ABCDEFGHIJKLMNOPQRSTUVWXYZabcdefghijklmnopqrstuvwxyz"; var tmp=""; for (i=0;i<8;i++) tmp+=x.charAt(Math.ceil(51*Math.random()));tmp;}"): null

2019-12-31 08:06:48 - [TEST_STEP][PASSED] - tel1 = selenium.getEval("{var x="123456789"; var tmp=""; for (i=0;i<3;i++) tmp+=x.charAt(Math.ceil(8*Math.random()));tmp;}"): null

2019-12-31 08:06:48 - [TEST_STEP][PASSED] - tel2 = selenium.getEval("{var x="123456789"; var tmp=""; for (i=0;i<3;i++) tmp+=x.charAt(Math.ceil(8*Math.random()));tmp;}"): null

2019-12-31 08:06:48 - [TEST_STEP][PASSED] - tel3 = selenium.getEval("{var x="123456789"; var tmp=""; for (i=0;i<4;i++) tmp+=x.charAt(Math.ceil(8*Math.random()));tmp;}"): null

2019-12-31 08:06:48 - [TEST_STEP][PASSED] - Tel = selenium.getExpression(tel1 + "-" + tel2 + "-" + tel3): null

2019-12-31 08:06:48 - [TEST_STEP][PASSED] - AutoEmail = selenium.getEval("{var x="ABCDEFGHIJKLMNOPQRSTUVWXYZabcdefghijklmnopqrstuvwxyz"; var tmp="test."; for (i=0;i<8;i++) tmp+=x.charAt(Math.ceil(51*Math.random()));tmp+="@suryani.cn";}"): null

2019-12-31 08:06:48 - [TEST_STEP][PASSED] - FirstName = FirstName: null

2019-12-31 08:06:48 - [TEST_STEP][PASSED] - LastName = LastName: null

2019-12-31 08:06:48 - [TEST_STEP][PASSED] - Address = Address: null

2019-12-31 08:06:48 - [TEST_STEP][PASSED] - City = City: null

2019-12-31 08:06:48 - [TEST_STEP][PASSED] - Tel = Tel: null

2019-12-31 08:06:48 - [TEST_STEP][PASSED] - AutoEmail = AutoEmail: null

2019-12-31 08:06:48 - [TEST_STEP][PASSED] - println(FirstName): null

2019-12-31 08:06:48 - [TEST_STEP][PASSED] - println(LastName): null

2019-12-31 08:06:48 - [TEST_STEP][PASSED] - println(Address): null

2019-12-31 08:06:48 - [TEST_STEP][PASSED] - println(City): null

2019-12-31 08:06:48 - [TEST_STEP][PASSED] - println(Tel): null

2019-12-31 08:06:48 - [TEST_STEP][PASSED] - println(AutoEmail): null

2019-12-31 08:06:48 - [MESSAGE][PASSED] - Call Test Case 'Test Cases/AHI/_include/name' successfully

2019-12-31 08:06:48 - [TEST_STEP][PASSED] - setText(findTestObject("mobileSanity/HBI/Page_App Page 1/input__member-P-1-firstName"), FirstName): Text 'Test-123' is set on object 'Object Repository/mobileSanity/HBI/Page_App Page 1/input__member-P-1-firstName'

2019-12-31 08:06:48 - [MESSAGE][PASSED] - Text 'Test-123' is set on object 'Object Repository/mobileSanity/HBI/Page_App Page 1/input__member-P-1-firstName'

2019-12-31 08:06:48 - [TEST_STEP][PASSED] - setText(findTestObject("mobileSanity/HBI/Page_App Page 1/input__member-P-1-lastName"), LastName): Text 'ZZ11-rNvtDfgf' is set on object 'Object Repository/mobileSanity/HBI/Page_App Page 1/input__member-P-1-lastName'

2019-12-31 08:06:48 - [MESSAGE][PASSED] - Text 'ZZ11-rNvtDfgf' is set on object 'Object Repository/mobileSanity/HBI/Page_App Page 1/input__member-P-1-lastName'

2019-12-31 08:06:48 - [TEST_STEP][PASSED] - if (carrier == "agileone" || carrier == "agilesecure"): null

2019-12-31 08:06:48 - [TEST_STEP][PASSED] - setText(findTestObject("mobileSanity/HBI/Page_App Page 1/input__address"), Address): Text 'iKBcwlZO' is set on object 'Object Repository/mobileSanity/HBI/Page_App Page 1/input__address'

2019-12-31 08:06:48 - [MESSAGE][PASSED] - Text 'iKBcwlZO' is set on object 'Object Repository/mobileSanity/HBI/Page_App Page 1/input__address'

2019-12-31 08:06:48 - [TEST_STEP][PASSED] - setText(findTestObject("mobileSanity/HBI/Page_App Page 1/input__city"), City): Text 'wgsWYJmX' is set on object 'Object Repository/mobileSanity/HBI/Page_App Page 1/input__city'

2019-12-31 08:06:49 - [MESSAGE][PASSED] - Text 'wgsWYJmX' is set on object 'Object Repository/mobileSanity/HBI/Page_App Page 1/input__city'

2019-12-31 08:06:49 - [TEST_STEP][PASSED] - setText(findTestObject("mobileSanity/HBI/Page_App Page 1/input__email"), AutoEmail): Text 'test.kQEPpPxY@suryani.cn' is set on object 'Object Repository/mobileSanity/HBI/Page_App Page 1/input__email'

2019-12-31 08:06:49 - [MESSAGE][PASSED] - Text 'test.kQEPpPxY@suryani.cn' is set on object 'Object Repository/mobileSanity/HBI/Page_App Page 1/input__email'

2019-12-31 08:06:49 - [TEST_STEP][PASSED] - setText(findTestObject("mobileSanity/HBI/Page_App Page 1/input_tel"), Tel): Text '448-952-7285' is set on object 'Object Repository/mobileSanity/HBI/Page_App Page 1/input_tel'

2019-12-31 08:06:49 - [MESSAGE][PASSED] - Text '448-952-7285' is set on object 'Object Repository/mobileSanity/HBI/Page_App Page 1/input_tel'

2019-12-31 08:06:49 - [TEST_STEP][PASSED] - Thread.sleep(5000): null

2019-12-31 08:06:54 - [TEST_STEP][PASSED] - click(findTestObject("mobileSanity/HBI/Page_App Page 1/a_Continue to Step 2 - Payment")): Object: 'Object Repository/mobileSanity/HBI/Page_App Page 1/a_Continue to Step 2 - Payment' is clicked on

2019-12-31 08:06:54 - [MESSAGE][PASSED] - Object: 'Object Repository/mobileSanity/HBI/Page_App Page 1/a_Continue to Step 2 - Payment' is clicked on

2019-12-31 08:06:54 - [TEST_STEP][PASSED] - waitForPageLoad(20): Wait for page load successfully

2019-12-31 08:06:54 - [MESSAGE][PASSED] - Wait for page load successfully

2019-12-31 08:06:54 - [TEST_STEP][PASSED] - Thread.sleep(2000): null

2019-12-31 08:06:56 - [TEST_STEP][PASSED] - waitForElementVisible(findTestObject("mobileSanity/HBI/Page_App Page 2/input__credit-card-first"), 20): Object 'Object Repository/mobileSanity/HBI/Page_App Page 2/input__credit-card-first' is visible

2019-12-31 08:06:56 - [MESSAGE][PASSED] - Object 'Object Repository/mobileSanity/HBI/Page_App Page 2/input__credit-card-first' is visible

2019-12-31 08:06:56 - [TEST_STEP][PASSED] - callTestCase(findTestCase("AHI/_include/get_screenshot"), [:], STOP_ON_FAILURE): Call Test Case 'Test Cases/AHI/_include/get_screenshot' successfully

2019-12-31 08:06:56 - [TEST_CASE][PASSED] - Test Cases/AHI/_include/get_screenshot: Test Cases/AHI/_include/get_screenshot

2019-12-31 08:06:56 - [TEST_STEP][PASSED] - takeScreenshot(screenPath + i + ".png"): Taking screenshot successfully

2019-12-31 08:06:57 - [MESSAGE][PASSED] - Taking screenshot successfully
[[ATTACHMENT|D:\\Test\\AgileTest\\Reports\\HIC\\hic\\20191231_080029\\../Screenshots/iPhone 6/HIC/HBI/Core Shield/20191231_080558/6.png]]

2019-12-31 08:06:57 - [TEST_STEP][PASSED] - (internal.GlobalVariable.i++): null

2019-12-31 08:06:57 - [MESSAGE][PASSED] - Call Test Case 'Test Cases/AHI/_include/get_screenshot' successfully

2019-12-31 08:06:57 - [TEST_STEP][PASSED] - setText(findTestObject("mobileSanity/HBI/Page_App Page 2/input__credit-card-first"), FirstName): Text 'Test-123' is set on object 'Object Repository/mobileSanity/HBI/Page_App Page 2/input__credit-card-first'

2019-12-31 08:06:57 - [MESSAGE][PASSED] - Text 'Test-123' is set on object 'Object Repository/mobileSanity/HBI/Page_App Page 2/input__credit-card-first'

2019-12-31 08:06:57 - [TEST_STEP][PASSED] - setText(findTestObject("mobileSanity/HBI/Page_App Page 2/input__credit-card-last"), LastName): Text 'ZZ11-rNvtDfgf' is set on object 'Object Repository/mobileSanity/HBI/Page_App Page 2/input__credit-card-last'

2019-12-31 08:06:57 - [MESSAGE][PASSED] - Text 'ZZ11-rNvtDfgf' is set on object 'Object Repository/mobileSanity/HBI/Page_App Page 2/input__credit-card-last'

2019-12-31 08:06:57 - [TEST_STEP][PASSED] - selectOptionByValue(findTestObject("mobileSanity/HBI/Page_App Page 2/select_MM010203040506070809101"), "12", true): All options with value '12' are selected in object 'Object Repository/mobileSanity/HBI/Page_App Page 2/select_MM010203040506070809101'  using regular expression

2019-12-31 08:06:57 - [MESSAGE][PASSED] - All options with value '12' are selected in object 'Object Repository/mobileSanity/HBI/Page_App Page 2/select_MM010203040506070809101'  using regular expression

2019-12-31 08:06:57 - [TEST_STEP][PASSED] - selectOptionByValue(findTestObject("mobileSanity/HBI/Page_App Page 2/select_YYYY2019202020212022202"), "2026", true): All options with value '2026' are selected in object 'Object Repository/mobileSanity/HBI/Page_App Page 2/select_YYYY2019202020212022202'  using regular expression

2019-12-31 08:06:58 - [MESSAGE][PASSED] - All options with value '2026' are selected in object 'Object Repository/mobileSanity/HBI/Page_App Page 2/select_YYYY2019202020212022202'  using regular expression

2019-12-31 08:06:58 - [TEST_STEP][PASSED] - setText(findTestObject("mobileSanity/HBI/Page_App Page 2/input__credit-card-number"), "4111111111111111"): Text '4111111111111111' is set on object 'Object Repository/mobileSanity/HBI/Page_App Page 2/input__credit-card-number'

2019-12-31 08:06:58 - [MESSAGE][PASSED] - Text '4111111111111111' is set on object 'Object Repository/mobileSanity/HBI/Page_App Page 2/input__credit-card-number'

2019-12-31 08:06:58 - [TEST_STEP][PASSED] - setText(findTestObject("mobileSanity/HBI/Page_App Page 2/input__cvv"), "123"): Text '123' is set on object 'Object Repository/mobileSanity/HBI/Page_App Page 2/input__cvv'

2019-12-31 08:06:58 - [MESSAGE][PASSED] - Text '123' is set on object 'Object Repository/mobileSanity/HBI/Page_App Page 2/input__cvv'

2019-12-31 08:06:58 - [TEST_STEP][PASSED] - click(findTestObject("mobileSanity/HBI/Page_App Page 2/label_My billing address is th")): Object: 'Object Repository/mobileSanity/HBI/Page_App Page 2/label_My billing address is th' is clicked on

2019-12-31 08:06:58 - [MESSAGE][PASSED] - Object: 'Object Repository/mobileSanity/HBI/Page_App Page 2/label_My billing address is th' is clicked on

2019-12-31 08:06:58 - [TEST_STEP][PASSED] - click(findTestObject("mobileSanity/HBI/Page_App Page 2/label_I Accept Authorization f")): Object: 'Object Repository/mobileSanity/HBI/Page_App Page 2/label_I Accept Authorization f' is clicked on

2019-12-31 08:06:58 - [MESSAGE][PASSED] - Object: 'Object Repository/mobileSanity/HBI/Page_App Page 2/label_I Accept Authorization f' is clicked on

2019-12-31 08:06:58 - [TEST_STEP][PASSED] - click(findTestObject("mobileSanity/HBI/Page_App Page 2/a_Continue to Step 3 - Review")): Object: 'Object Repository/mobileSanity/HBI/Page_App Page 2/a_Continue to Step 3 - Review' is clicked on

2019-12-31 08:06:58 - [MESSAGE][PASSED] - Object: 'Object Repository/mobileSanity/HBI/Page_App Page 2/a_Continue to Step 3 - Review' is clicked on

2019-12-31 08:06:58 - [TEST_STEP][PASSED] - waitForPageLoad(20): Wait for page load successfully

2019-12-31 08:06:58 - [MESSAGE][PASSED] - Wait for page load successfully

2019-12-31 08:06:58 - [TEST_STEP][PASSED] - Thread.sleep(10000): null

2019-12-31 08:07:08 - [TEST_STEP][PASSED] - waitForElementPresent(findTestObject("mobileSanity/HBI/Page_App Page 3/label"), 20): Object 'Object Repository/mobileSanity/HBI/Page_App Page 3/label' is present

2019-12-31 08:07:09 - [MESSAGE][PASSED] - Object 'Object Repository/mobileSanity/HBI/Page_App Page 3/label' is present

2019-12-31 08:07:09 - [TEST_STEP][PASSED] - callTestCase(findTestCase("AHI/_include/get_screenshot"), [:], STOP_ON_FAILURE): Call Test Case 'Test Cases/AHI/_include/get_screenshot' successfully

2019-12-31 08:07:09 - [TEST_CASE][PASSED] - Test Cases/AHI/_include/get_screenshot: Test Cases/AHI/_include/get_screenshot

2019-12-31 08:07:09 - [TEST_STEP][PASSED] - takeScreenshot(screenPath + i + ".png"): Taking screenshot successfully

2019-12-31 08:07:10 - [MESSAGE][PASSED] - Taking screenshot successfully
[[ATTACHMENT|D:\\Test\\AgileTest\\Reports\\HIC\\hic\\20191231_080029\\../Screenshots/iPhone 6/HIC/HBI/Core Shield/20191231_080558/7.png]]

2019-12-31 08:07:10 - [TEST_STEP][PASSED] - (internal.GlobalVariable.i++): null

2019-12-31 08:07:10 - [MESSAGE][PASSED] - Call Test Case 'Test Cases/AHI/_include/get_screenshot' successfully

2019-12-31 08:07:10 - [TEST_STEP][PASSED] - click(findTestObject("mobileSanity/HBI/Page_App Page 3/label")): Object: 'Object Repository/mobileSanity/HBI/Page_App Page 3/label' is clicked on

2019-12-31 08:07:10 - [MESSAGE][PASSED] - Object: 'Object Repository/mobileSanity/HBI/Page_App Page 3/label' is clicked on

2019-12-31 08:07:10 - [TEST_STEP][PASSED] - click(findTestObject("mobileSanity/HBI/Page_App Page 3/p_CLICK TO SIGN")): Object: 'Object Repository/mobileSanity/HBI/Page_App Page 3/p_CLICK TO SIGN' is clicked on

2019-12-31 08:07:10 - [MESSAGE][PASSED] - Object: 'Object Repository/mobileSanity/HBI/Page_App Page 3/p_CLICK TO SIGN' is clicked on

2019-12-31 08:07:10 - [TEST_STEP][PASSED] - click(findTestObject("mobileSanity/HBI/Page_App Page 3/a_Submit Your Application")): Object: 'Object Repository/mobileSanity/HBI/Page_App Page 3/a_Submit Your Application' is clicked on

2019-12-31 08:07:10 - [MESSAGE][PASSED] - Object: 'Object Repository/mobileSanity/HBI/Page_App Page 3/a_Submit Your Application' is clicked on

2019-12-31 08:07:10 - [TEST_STEP][PASSED] - Thread.sleep(30000): null

2019-12-31 08:07:40 - [TEST_STEP][PASSED] - callTestCase(findTestCase("AHI/_include/get_screenshot"), [:], STOP_ON_FAILURE): Call Test Case 'Test Cases/AHI/_include/get_screenshot' successfully

2019-12-31 08:07:40 - [TEST_CASE][PASSED] - Test Cases/AHI/_include/get_screenshot: Test Cases/AHI/_include/get_screenshot

2019-12-31 08:07:40 - [TEST_STEP][PASSED] - takeScreenshot(screenPath + i + ".png"): Taking screenshot successfully

2019-12-31 08:07:41 - [MESSAGE][PASSED] - Taking screenshot successfully
[[ATTACHMENT|D:\\Test\\AgileTest\\Reports\\HIC\\hic\\20191231_080029\\../Screenshots/iPhone 6/HIC/HBI/Core Shield/20191231_080558/8.png]]

2019-12-31 08:07:41 - [TEST_STEP][PASSED] - (internal.GlobalVariable.i++): null

2019-12-31 08:07:41 - [MESSAGE][PASSED] - Call Test Case 'Test Cases/AHI/_include/get_screenshot' successfully

2019-12-31 08:07:41 - [TEST_STEP][PASSED] - verifyTextPresent("Congratulations", false): Text 'Congratulations' is present on page 

2019-12-31 08:07:41 - [MESSAGE][PASSED] - Text 'Congratulations' is present on page 

2019-12-31 08:07:41 - [MESSAGE][PASSED] - Call Test Case 'Test Cases/AHI/_include/goToEnd_hbi' successfully]]></system-out>
         <system-err><![CDATA[]]></system-err>
      </testcase>
      <testcase name="Test Cases/HIC/HBI/Fixed Cash Benefit" classname="Test Cases/HIC/HBI/Fixed Cash Benefit" status="PASSED">
         <system-out><![CDATA[2019-12-31 08:07:41 - [TEST_CASE][PASSED] - Test Cases/HIC/HBI/Fixed Cash Benefit: Test Cases/HIC/HBI/Fixed Cash Benefit

2019-12-31 08:07:41 - [TEST_STEP][PASSED] - callTestCase(findTestCase("HIC/_include/get_hicScreenPath"), ["project":"HIC", "productLine":"HBI", "carrierName":"Fixed Cash Benefit"], CONTINUE_ON_FAILURE): Call Test Case 'Test Cases/HIC/_include/get_hicScreenPath' successfully

2019-12-31 08:07:41 - [TEST_CASE][PASSED] - Test Cases/HIC/_include/get_hicScreenPath: Test Cases/HIC/_include/get_hicScreenPath

2019-12-31 08:07:41 - [TEST_STEP][PASSED] - m = getExecutionProperties(): null

2019-12-31 08:07:41 - [TEST_STEP][PASSED] - deviceName = get("mobileEmulation").get("deviceName"): null

2019-12-31 08:07:41 - [TEST_STEP][PASSED] - println(deviceName): null

2019-12-31 08:07:41 - [TEST_STEP][PASSED] - now = new java.util.Date(): null

2019-12-31 08:07:41 - [TEST_STEP][PASSED] - mydate = now.format("yyyyMMdd_HHmmss"): null

2019-12-31 08:07:41 - [TEST_STEP][PASSED] - screenPath = "../Screenshots/": null

2019-12-31 08:07:41 - [TEST_STEP][PASSED] - screenPath = screenPath + deviceName + "/" + project + "/" + productLine + "/" + carrierName + "/" + mydate + "/": null

2019-12-31 08:07:41 - [TEST_STEP][PASSED] - println(screenPath): null

2019-12-31 08:07:41 - [MESSAGE][PASSED] - Call Test Case 'Test Cases/HIC/_include/get_hicScreenPath' successfully

2019-12-31 08:07:41 - [TEST_STEP][PASSED] - i = 0: null

2019-12-31 08:07:41 - [TEST_STEP][PASSED] - callTestCase(findTestCase("AHI/_include/openWebSite"), ["env":"https://qa.healthinsurance.com/"], CONTINUE_ON_FAILURE): Call Test Case 'Test Cases/AHI/_include/openWebSite' successfully

2019-12-31 08:07:41 - [TEST_CASE][PASSED] - Test Cases/AHI/_include/openWebSite: Test Cases/AHI/_include/openWebSite

2019-12-31 08:07:41 - [TEST_STEP][PASSED] - openBrowser(env): Browser is opened with url: 'https://qa.healthinsurance.com/'

2019-12-31 08:07:41 - [MESSAGE][WARNING] - A browser is already opened. Closing browser and opening a new one

2019-12-31 08:07:42 - [MESSAGE][INFO] - Starting 'Chrome' driver

2019-12-31 08:07:42 - [MESSAGE][INFO] - User set preference: ['mobileEmulation', '{deviceName=iPhone 6}']

2019-12-31 08:07:42 - [MESSAGE][INFO] - User set preference: ['args', '[--incognito, --aggressive-cache-discard, --window-size=375,677, --no-sandbox]']

2019-12-31 08:07:47 - [MESSAGE][PASSED] - Browser is opened with url: 'https://qa.healthinsurance.com/'

2019-12-31 08:07:47 - [TEST_STEP][PASSED] - waitForPageLoad(20): Wait for page load successfully

2019-12-31 08:07:47 - [MESSAGE][PASSED] - Wait for page load successfully

2019-12-31 08:07:47 - [TEST_STEP][PASSED] - callTestCase(findTestCase("AHI/_include/get_screenshot"), [:], STOP_ON_FAILURE): Call Test Case 'Test Cases/AHI/_include/get_screenshot' successfully

2019-12-31 08:07:47 - [TEST_CASE][PASSED] - Test Cases/AHI/_include/get_screenshot: Test Cases/AHI/_include/get_screenshot

2019-12-31 08:07:47 - [TEST_STEP][PASSED] - takeScreenshot(screenPath + i + ".png"): Taking screenshot successfully

2019-12-31 08:07:48 - [MESSAGE][PASSED] - Taking screenshot successfully
[[ATTACHMENT|D:\\Test\\AgileTest\\Reports\\HIC\\hic\\20191231_080029\\../Screenshots/iPhone 6/HIC/HBI/Fixed Cash Benefit/20191231_080741/0.png]]

2019-12-31 08:07:48 - [TEST_STEP][PASSED] - (internal.GlobalVariable.i++): null

2019-12-31 08:07:48 - [MESSAGE][PASSED] - Call Test Case 'Test Cases/AHI/_include/get_screenshot' successfully

2019-12-31 08:07:48 - [MESSAGE][PASSED] - Call Test Case 'Test Cases/AHI/_include/openWebSite' successfully

2019-12-31 08:07:48 - [TEST_STEP][PASSED] - click(findTestObject("hic/nav/navButton")): Object: 'Object Repository/hic/nav/navButton' is clicked on

2019-12-31 08:07:48 - [MESSAGE][PASSED] - Object: 'Object Repository/hic/nav/navButton' is clicked on

2019-12-31 08:07:48 - [TEST_STEP][PASSED] - Thread.sleep(2000): null

2019-12-31 08:07:50 - [TEST_STEP][PASSED] - click(findTestObject("hic/nav/hbiLink")): Object: 'Object Repository/hic/nav/hbiLink' is clicked on

2019-12-31 08:07:50 - [MESSAGE][PASSED] - Object: 'Object Repository/hic/nav/hbiLink' is clicked on

2019-12-31 08:07:50 - [TEST_STEP][PASSED] - Thread.sleep(2000): null

2019-12-31 08:07:52 - [TEST_STEP][PASSED] - callTestCase(findTestCase("AHI/_include/get_screenshot"), [:], STOP_ON_FAILURE): Call Test Case 'Test Cases/AHI/_include/get_screenshot' successfully

2019-12-31 08:07:52 - [TEST_CASE][PASSED] - Test Cases/AHI/_include/get_screenshot: Test Cases/AHI/_include/get_screenshot

2019-12-31 08:07:52 - [TEST_STEP][PASSED] - takeScreenshot(screenPath + i + ".png"): Taking screenshot successfully

2019-12-31 08:07:53 - [MESSAGE][PASSED] - Taking screenshot successfully
[[ATTACHMENT|D:\\Test\\AgileTest\\Reports\\HIC\\hic\\20191231_080029\\../Screenshots/iPhone 6/HIC/HBI/Fixed Cash Benefit/20191231_080741/1.png]]

2019-12-31 08:07:53 - [TEST_STEP][PASSED] - (internal.GlobalVariable.i++): null

2019-12-31 08:07:53 - [MESSAGE][PASSED] - Call Test Case 'Test Cases/AHI/_include/get_screenshot' successfully

2019-12-31 08:07:53 - [TEST_STEP][PASSED] - callTestCase(findTestCase("HIC/_include/stm_census"), ["zipcode":"85364"], STOP_ON_FAILURE): Call Test Case 'Test Cases/HIC/_include/stm_census' successfully

2019-12-31 08:07:53 - [TEST_CASE][PASSED] - Test Cases/HIC/_include/stm_census: Test Cases/HIC/_include/stm_census

2019-12-31 08:07:53 - [TEST_STEP][PASSED] - setText(findTestObject("hic/stm/zip"), zipcode): Text '85364' is set on object 'Object Repository/hic/stm/zip'

2019-12-31 08:07:53 - [MESSAGE][PASSED] - Text '85364' is set on object 'Object Repository/hic/stm/zip'

2019-12-31 08:07:53 - [TEST_STEP][PASSED] - Thread.sleep(500): null

2019-12-31 08:07:54 - [TEST_STEP][PASSED] - setText(findTestObject("hic/stm/primaryDOB"), "03031987"): Text '03031987' is set on object 'Object Repository/hic/stm/primaryDOB'

2019-12-31 08:07:54 - [MESSAGE][PASSED] - Text '03031987' is set on object 'Object Repository/hic/stm/primaryDOB'

2019-12-31 08:07:54 - [TEST_STEP][PASSED] - click(findTestObject("hic/stm/female")): Object: 'Object Repository/hic/stm/female' is clicked on

2019-12-31 08:07:54 - [MESSAGE][PASSED] - Object: 'Object Repository/hic/stm/female' is clicked on

2019-12-31 08:07:54 - [TEST_STEP][PASSED] - Thread.sleep(3000): null

2019-12-31 08:07:57 - [TEST_STEP][PASSED] - click(findTestObject("hic/stm/submitButton")): Object: 'Object Repository/hic/stm/submitButton' is clicked on

2019-12-31 08:07:59 - [MESSAGE][PASSED] - Object: 'Object Repository/hic/stm/submitButton' is clicked on

2019-12-31 08:07:59 - [TEST_STEP][PASSED] - Thread.sleep(6000): null

2019-12-31 08:08:05 - [TEST_STEP][PASSED] - callTestCase(findTestCase("AHI/_include/check_quoteleadform"), [:], STOP_ON_FAILURE): Call Test Case 'Test Cases/AHI/_include/check_quoteleadform' successfully

2019-12-31 08:08:06 - [TEST_CASE][PASSED] - Test Cases/AHI/_include/check_quoteleadform: Test Cases/AHI/_include/check_quoteleadform

2019-12-31 08:08:06 - [TEST_STEP][PASSED] - callTestCase(findTestCase("AHI/_include/name"), [:], CONTINUE_ON_FAILURE): Call Test Case 'Test Cases/AHI/_include/name' successfully

2019-12-31 08:08:06 - [TEST_CASE][PASSED] - Test Cases/AHI/_include/name: Test Cases/AHI/_include/name

2019-12-31 08:08:06 - [TEST_STEP][PASSED] - driver = getWebDriver(): null

2019-12-31 08:08:06 - [TEST_STEP][PASSED] - selenium = new com.thoughtworks.selenium.webdriven.WebDriverBackedSelenium(driver, internal.GlobalVariable.ENV): null

2019-12-31 08:08:06 - [TEST_STEP][PASSED] - FirstName = "Test-123": null

2019-12-31 08:08:06 - [TEST_STEP][PASSED] - LastName = selenium.getEval("{var x="ABCDEFGHIJKLMNOPQRSTUVWXYZabcdefghijklmnopqrstuvwxyz"; var tmp="ZZ11-"; for (i=0;i<8;i++) tmp+=x.charAt(Math.ceil(51*Math.random()));tmp;}"): null

2019-12-31 08:08:06 - [TEST_STEP][PASSED] - Address = selenium.getEval("{var x="ABCDEFGHIJKLMNOPQRSTUVWXYZabcdefghijklmnopqrstuvwxyz"; var tmp=""; for (i=0;i<8;i++) tmp+=x.charAt(Math.ceil(51*Math.random()));tmp;}"): null

2019-12-31 08:08:06 - [TEST_STEP][PASSED] - City = selenium.getEval("{var x="ABCDEFGHIJKLMNOPQRSTUVWXYZabcdefghijklmnopqrstuvwxyz"; var tmp=""; for (i=0;i<8;i++) tmp+=x.charAt(Math.ceil(51*Math.random()));tmp;}"): null

2019-12-31 08:08:06 - [TEST_STEP][PASSED] - tel1 = selenium.getEval("{var x="123456789"; var tmp=""; for (i=0;i<3;i++) tmp+=x.charAt(Math.ceil(8*Math.random()));tmp;}"): null

2019-12-31 08:08:06 - [TEST_STEP][PASSED] - tel2 = selenium.getEval("{var x="123456789"; var tmp=""; for (i=0;i<3;i++) tmp+=x.charAt(Math.ceil(8*Math.random()));tmp;}"): null

2019-12-31 08:08:06 - [TEST_STEP][PASSED] - tel3 = selenium.getEval("{var x="123456789"; var tmp=""; for (i=0;i<4;i++) tmp+=x.charAt(Math.ceil(8*Math.random()));tmp;}"): null

2019-12-31 08:08:06 - [TEST_STEP][PASSED] - Tel = selenium.getExpression(tel1 + "-" + tel2 + "-" + tel3): null

2019-12-31 08:08:06 - [TEST_STEP][PASSED] - AutoEmail = selenium.getEval("{var x="ABCDEFGHIJKLMNOPQRSTUVWXYZabcdefghijklmnopqrstuvwxyz"; var tmp="test."; for (i=0;i<8;i++) tmp+=x.charAt(Math.ceil(51*Math.random()));tmp+="@suryani.cn";}"): null

2019-12-31 08:08:06 - [TEST_STEP][PASSED] - FirstName = FirstName: null

2019-12-31 08:08:06 - [TEST_STEP][PASSED] - LastName = LastName: null

2019-12-31 08:08:06 - [TEST_STEP][PASSED] - Address = Address: null

2019-12-31 08:08:06 - [TEST_STEP][PASSED] - City = City: null

2019-12-31 08:08:06 - [TEST_STEP][PASSED] - Tel = Tel: null

2019-12-31 08:08:06 - [TEST_STEP][PASSED] - AutoEmail = AutoEmail: null

2019-12-31 08:08:06 - [TEST_STEP][PASSED] - println(FirstName): null

2019-12-31 08:08:06 - [TEST_STEP][PASSED] - println(LastName): null

2019-12-31 08:08:06 - [TEST_STEP][PASSED] - println(Address): null

2019-12-31 08:08:06 - [TEST_STEP][PASSED] - println(City): null

2019-12-31 08:08:06 - [TEST_STEP][PASSED] - println(Tel): null

2019-12-31 08:08:06 - [TEST_STEP][PASSED] - println(AutoEmail): null

2019-12-31 08:08:06 - [MESSAGE][PASSED] - Call Test Case 'Test Cases/AHI/_include/name' successfully

2019-12-31 08:08:06 - [TEST_STEP][PASSED] - leadform_exist = test.MobileKeywords.isElementPresent_Web(findTestObject("mobileSanity/quote lead form/lead_form"), 20): test.MobileKeywords.isElementPresent_Web is PASSED

2019-12-31 08:08:06 - [MESSAGE][PASSED] - test.MobileKeywords.isElementPresent_Web is PASSED

2019-12-31 08:08:06 - [TEST_STEP][PASSED] - if (leadform_exist): null

2019-12-31 08:08:06 - [TEST_STEP][PASSED] - setText(findTestObject("mobileSanity/quote lead form/first"), FirstName): Text 'Test-123' is set on object 'Object Repository/mobileSanity/quote lead form/first'

2019-12-31 08:08:06 - [MESSAGE][PASSED] - Text 'Test-123' is set on object 'Object Repository/mobileSanity/quote lead form/first'

2019-12-31 08:08:06 - [TEST_STEP][PASSED] - setText(findTestObject("mobileSanity/quote lead form/last"), LastName): Text 'ZZ11-DFQaRafH' is set on object 'Object Repository/mobileSanity/quote lead form/last'

2019-12-31 08:08:06 - [MESSAGE][PASSED] - Text 'ZZ11-DFQaRafH' is set on object 'Object Repository/mobileSanity/quote lead form/last'

2019-12-31 08:08:06 - [TEST_STEP][PASSED] - setText(findTestObject("mobileSanity/quote lead form/email"), AutoEmail): Text 'test.wMkeUCQs@suryani.cn' is set on object 'Object Repository/mobileSanity/quote lead form/email'

2019-12-31 08:08:06 - [MESSAGE][PASSED] - Text 'test.wMkeUCQs@suryani.cn' is set on object 'Object Repository/mobileSanity/quote lead form/email'

2019-12-31 08:08:06 - [TEST_STEP][PASSED] - setText(findTestObject("mobileSanity/quote lead form/phone"), Tel): Text '389-994-7564' is set on object 'Object Repository/mobileSanity/quote lead form/phone'

2019-12-31 08:08:06 - [MESSAGE][PASSED] - Text '389-994-7564' is set on object 'Object Repository/mobileSanity/quote lead form/phone'

2019-12-31 08:08:06 - [TEST_STEP][PASSED] - click(findTestObject("mobileSanity/quote lead form/submit")): Object: 'Object Repository/mobileSanity/quote lead form/submit' is clicked on

2019-12-31 08:08:07 - [MESSAGE][PASSED] - Object: 'Object Repository/mobileSanity/quote lead form/submit' is clicked on

2019-12-31 08:08:07 - [TEST_STEP][PASSED] - Thread.sleep(3000): null

2019-12-31 08:08:10 - [MESSAGE][PASSED] - Call Test Case 'Test Cases/AHI/_include/check_quoteleadform' successfully

2019-12-31 08:08:10 - [TEST_STEP][PASSED] - callTestCase(findTestCase("AHI/_include/get_screenshot"), [:], STOP_ON_FAILURE): Call Test Case 'Test Cases/AHI/_include/get_screenshot' successfully

2019-12-31 08:08:10 - [TEST_CASE][PASSED] - Test Cases/AHI/_include/get_screenshot: Test Cases/AHI/_include/get_screenshot

2019-12-31 08:08:10 - [TEST_STEP][PASSED] - takeScreenshot(screenPath + i + ".png"): Taking screenshot successfully

2019-12-31 08:08:10 - [MESSAGE][PASSED] - Taking screenshot successfully
[[ATTACHMENT|D:\\Test\\AgileTest\\Reports\\HIC\\hic\\20191231_080029\\../Screenshots/iPhone 6/HIC/HBI/Fixed Cash Benefit/20191231_080741/2.png]]

2019-12-31 08:08:10 - [TEST_STEP][PASSED] - (internal.GlobalVariable.i++): null

2019-12-31 08:08:10 - [MESSAGE][PASSED] - Call Test Case 'Test Cases/AHI/_include/get_screenshot' successfully

2019-12-31 08:08:10 - [TEST_STEP][PASSED] - Thread.sleep(1000): null

2019-12-31 08:08:11 - [MESSAGE][PASSED] - Call Test Case 'Test Cases/HIC/_include/stm_census' successfully

2019-12-31 08:08:11 - [TEST_STEP][PASSED] - Thread.sleep(5000): null

2019-12-31 08:08:16 - [TEST_STEP][PASSED] - scrollToPosition(200, 2300): Browser is scrolled to position x = 200, y = 2300

2019-12-31 08:08:16 - [MESSAGE][PASSED] - Browser is scrolled to position x = 200, y = 2300

2019-12-31 08:08:16 - [TEST_STEP][PASSED] - click(findTestObject("mobileSanity/HBI/quote/a_Fixed Cash Benefit")): Object: 'Object Repository/mobileSanity/HBI/quote/a_Fixed Cash Benefit' is clicked on

2019-12-31 08:08:17 - [MESSAGE][PASSED] - Object: 'Object Repository/mobileSanity/HBI/quote/a_Fixed Cash Benefit' is clicked on

2019-12-31 08:08:17 - [TEST_STEP][PASSED] - waitForPageLoad(20): Wait for page load successfully

2019-12-31 08:08:18 - [MESSAGE][PASSED] - Wait for page load successfully

2019-12-31 08:08:18 - [TEST_STEP][PASSED] - callTestCase(findTestCase("AHI/_include/get_screenshot"), [:], STOP_ON_FAILURE): Call Test Case 'Test Cases/AHI/_include/get_screenshot' successfully

2019-12-31 08:08:18 - [TEST_CASE][PASSED] - Test Cases/AHI/_include/get_screenshot: Test Cases/AHI/_include/get_screenshot

2019-12-31 08:08:18 - [TEST_STEP][PASSED] - takeScreenshot(screenPath + i + ".png"): Taking screenshot successfully

2019-12-31 08:08:19 - [MESSAGE][PASSED] - Taking screenshot successfully
[[ATTACHMENT|D:\\Test\\AgileTest\\Reports\\HIC\\hic\\20191231_080029\\../Screenshots/iPhone 6/HIC/HBI/Fixed Cash Benefit/20191231_080741/3.png]]

2019-12-31 08:08:19 - [TEST_STEP][PASSED] - (internal.GlobalVariable.i++): null

2019-12-31 08:08:19 - [MESSAGE][PASSED] - Call Test Case 'Test Cases/AHI/_include/get_screenshot' successfully

2019-12-31 08:08:19 - [TEST_STEP][PASSED] - click(findTestObject("mobileSanity/HBI/detail/a_Apply for This Plan")): Object: 'Object Repository/mobileSanity/HBI/detail/a_Apply for This Plan' is clicked on

2019-12-31 08:08:20 - [MESSAGE][PASSED] - Object: 'Object Repository/mobileSanity/HBI/detail/a_Apply for This Plan' is clicked on

2019-12-31 08:08:20 - [TEST_STEP][PASSED] - waitForPageLoad(20): Wait for page load successfully

2019-12-31 08:08:20 - [MESSAGE][PASSED] - Wait for page load successfully

2019-12-31 08:08:20 - [TEST_STEP][PASSED] - callTestCase(findTestCase("AHI/_include/get_screenshot"), [:], STOP_ON_FAILURE): Call Test Case 'Test Cases/AHI/_include/get_screenshot' successfully

2019-12-31 08:08:20 - [TEST_CASE][PASSED] - Test Cases/AHI/_include/get_screenshot: Test Cases/AHI/_include/get_screenshot

2019-12-31 08:08:20 - [TEST_STEP][PASSED] - takeScreenshot(screenPath + i + ".png"): Taking screenshot successfully

2019-12-31 08:08:21 - [MESSAGE][PASSED] - Taking screenshot successfully
[[ATTACHMENT|D:\\Test\\AgileTest\\Reports\\HIC\\hic\\20191231_080029\\../Screenshots/iPhone 6/HIC/HBI/Fixed Cash Benefit/20191231_080741/4.png]]

2019-12-31 08:08:21 - [TEST_STEP][PASSED] - (internal.GlobalVariable.i++): null

2019-12-31 08:08:21 - [MESSAGE][PASSED] - Call Test Case 'Test Cases/AHI/_include/get_screenshot' successfully

2019-12-31 08:08:21 - [TEST_STEP][PASSED] - click(findTestObject("mobileSanity/HBI/Page_Apply/span_Start Secure Application")): Object: 'Object Repository/mobileSanity/HBI/Page_Apply/span_Start Secure Application' is clicked on

2019-12-31 08:08:21 - [MESSAGE][PASSED] - Object: 'Object Repository/mobileSanity/HBI/Page_Apply/span_Start Secure Application' is clicked on

2019-12-31 08:08:21 - [TEST_STEP][PASSED] - waitForPageLoad(20): Wait for page load successfully

2019-12-31 08:08:22 - [MESSAGE][PASSED] - Wait for page load successfully

2019-12-31 08:08:22 - [TEST_STEP][PASSED] - Thread.sleep(5000): null

2019-12-31 08:08:27 - [TEST_STEP][PASSED] - callTestCase(findTestCase("AHI/_include/get_screenshot"), [:], STOP_ON_FAILURE): Call Test Case 'Test Cases/AHI/_include/get_screenshot' successfully

2019-12-31 08:08:27 - [TEST_CASE][PASSED] - Test Cases/AHI/_include/get_screenshot: Test Cases/AHI/_include/get_screenshot

2019-12-31 08:08:27 - [TEST_STEP][PASSED] - takeScreenshot(screenPath + i + ".png"): Taking screenshot successfully

2019-12-31 08:08:27 - [MESSAGE][PASSED] - Taking screenshot successfully
[[ATTACHMENT|D:\\Test\\AgileTest\\Reports\\HIC\\hic\\20191231_080029\\../Screenshots/iPhone 6/HIC/HBI/Fixed Cash Benefit/20191231_080741/5.png]]

2019-12-31 08:08:27 - [TEST_STEP][PASSED] - (internal.GlobalVariable.i++): null

2019-12-31 08:08:27 - [MESSAGE][PASSED] - Call Test Case 'Test Cases/AHI/_include/get_screenshot' successfully

2019-12-31 08:08:27 - [TEST_STEP][PASSED] - callTestCase(findTestCase("AHI/_include/goToEnd_hbi"), ["carrier":"FixedCashBenefit"], CONTINUE_ON_FAILURE): Call Test Case 'Test Cases/AHI/_include/goToEnd_hbi' successfully

2019-12-31 08:08:27 - [TEST_CASE][PASSED] - Test Cases/AHI/_include/goToEnd_hbi: Test Cases/AHI/_include/goToEnd_hbi

2019-12-31 08:08:27 - [TEST_STEP][PASSED] - if (state == "ca"): null

2019-12-31 08:08:27 - [TEST_STEP][PASSED] - callTestCase(findTestCase("AHI/_include/name"), [:], CONTINUE_ON_FAILURE): Call Test Case 'Test Cases/AHI/_include/name' successfully

2019-12-31 08:08:27 - [TEST_CASE][PASSED] - Test Cases/AHI/_include/name: Test Cases/AHI/_include/name

2019-12-31 08:08:27 - [TEST_STEP][PASSED] - driver = getWebDriver(): null

2019-12-31 08:08:27 - [TEST_STEP][PASSED] - selenium = new com.thoughtworks.selenium.webdriven.WebDriverBackedSelenium(driver, internal.GlobalVariable.ENV): null

2019-12-31 08:08:28 - [TEST_STEP][PASSED] - FirstName = "Test-123": null

2019-12-31 08:08:28 - [TEST_STEP][PASSED] - LastName = selenium.getEval("{var x="ABCDEFGHIJKLMNOPQRSTUVWXYZabcdefghijklmnopqrstuvwxyz"; var tmp="ZZ11-"; for (i=0;i<8;i++) tmp+=x.charAt(Math.ceil(51*Math.random()));tmp;}"): null

2019-12-31 08:08:28 - [TEST_STEP][PASSED] - Address = selenium.getEval("{var x="ABCDEFGHIJKLMNOPQRSTUVWXYZabcdefghijklmnopqrstuvwxyz"; var tmp=""; for (i=0;i<8;i++) tmp+=x.charAt(Math.ceil(51*Math.random()));tmp;}"): null

2019-12-31 08:08:28 - [TEST_STEP][PASSED] - City = selenium.getEval("{var x="ABCDEFGHIJKLMNOPQRSTUVWXYZabcdefghijklmnopqrstuvwxyz"; var tmp=""; for (i=0;i<8;i++) tmp+=x.charAt(Math.ceil(51*Math.random()));tmp;}"): null

2019-12-31 08:08:28 - [TEST_STEP][PASSED] - tel1 = selenium.getEval("{var x="123456789"; var tmp=""; for (i=0;i<3;i++) tmp+=x.charAt(Math.ceil(8*Math.random()));tmp;}"): null

2019-12-31 08:08:28 - [TEST_STEP][PASSED] - tel2 = selenium.getEval("{var x="123456789"; var tmp=""; for (i=0;i<3;i++) tmp+=x.charAt(Math.ceil(8*Math.random()));tmp;}"): null

2019-12-31 08:08:28 - [TEST_STEP][PASSED] - tel3 = selenium.getEval("{var x="123456789"; var tmp=""; for (i=0;i<4;i++) tmp+=x.charAt(Math.ceil(8*Math.random()));tmp;}"): null

2019-12-31 08:08:28 - [TEST_STEP][PASSED] - Tel = selenium.getExpression(tel1 + "-" + tel2 + "-" + tel3): null

2019-12-31 08:08:28 - [TEST_STEP][PASSED] - AutoEmail = selenium.getEval("{var x="ABCDEFGHIJKLMNOPQRSTUVWXYZabcdefghijklmnopqrstuvwxyz"; var tmp="test."; for (i=0;i<8;i++) tmp+=x.charAt(Math.ceil(51*Math.random()));tmp+="@suryani.cn";}"): null

2019-12-31 08:08:28 - [TEST_STEP][PASSED] - FirstName = FirstName: null

2019-12-31 08:08:28 - [TEST_STEP][PASSED] - LastName = LastName: null

2019-12-31 08:08:28 - [TEST_STEP][PASSED] - Address = Address: null

2019-12-31 08:08:28 - [TEST_STEP][PASSED] - City = City: null

2019-12-31 08:08:28 - [TEST_STEP][PASSED] - Tel = Tel: null

2019-12-31 08:08:28 - [TEST_STEP][PASSED] - AutoEmail = AutoEmail: null

2019-12-31 08:08:28 - [TEST_STEP][PASSED] - println(FirstName): null

2019-12-31 08:08:28 - [TEST_STEP][PASSED] - println(LastName): null

2019-12-31 08:08:28 - [TEST_STEP][PASSED] - println(Address): null

2019-12-31 08:08:28 - [TEST_STEP][PASSED] - println(City): null

2019-12-31 08:08:28 - [TEST_STEP][PASSED] - println(Tel): null

2019-12-31 08:08:28 - [TEST_STEP][PASSED] - println(AutoEmail): null

2019-12-31 08:08:28 - [MESSAGE][PASSED] - Call Test Case 'Test Cases/AHI/_include/name' successfully

2019-12-31 08:08:28 - [TEST_STEP][PASSED] - setText(findTestObject("mobileSanity/HBI/Page_App Page 1/input__member-P-1-firstName"), FirstName): Text 'Test-123' is set on object 'Object Repository/mobileSanity/HBI/Page_App Page 1/input__member-P-1-firstName'

2019-12-31 08:08:28 - [MESSAGE][PASSED] - Text 'Test-123' is set on object 'Object Repository/mobileSanity/HBI/Page_App Page 1/input__member-P-1-firstName'

2019-12-31 08:08:28 - [TEST_STEP][PASSED] - setText(findTestObject("mobileSanity/HBI/Page_App Page 1/input__member-P-1-lastName"), LastName): Text 'ZZ11-ljuwalPs' is set on object 'Object Repository/mobileSanity/HBI/Page_App Page 1/input__member-P-1-lastName'

2019-12-31 08:08:28 - [MESSAGE][PASSED] - Text 'ZZ11-ljuwalPs' is set on object 'Object Repository/mobileSanity/HBI/Page_App Page 1/input__member-P-1-lastName'

2019-12-31 08:08:28 - [TEST_STEP][PASSED] - if (carrier == "agileone" || carrier == "agilesecure"): null

2019-12-31 08:08:28 - [TEST_STEP][PASSED] - setText(findTestObject("mobileSanity/HBI/Page_App Page 1/input__address"), Address): Text 'xXxlJWye' is set on object 'Object Repository/mobileSanity/HBI/Page_App Page 1/input__address'

2019-12-31 08:08:28 - [MESSAGE][PASSED] - Text 'xXxlJWye' is set on object 'Object Repository/mobileSanity/HBI/Page_App Page 1/input__address'

2019-12-31 08:08:28 - [TEST_STEP][PASSED] - setText(findTestObject("mobileSanity/HBI/Page_App Page 1/input__city"), City): Text 'MWvqMMiI' is set on object 'Object Repository/mobileSanity/HBI/Page_App Page 1/input__city'

2019-12-31 08:08:28 - [MESSAGE][PASSED] - Text 'MWvqMMiI' is set on object 'Object Repository/mobileSanity/HBI/Page_App Page 1/input__city'

2019-12-31 08:08:28 - [TEST_STEP][PASSED] - setText(findTestObject("mobileSanity/HBI/Page_App Page 1/input__email"), AutoEmail): Text 'test.NIvmuafj@suryani.cn' is set on object 'Object Repository/mobileSanity/HBI/Page_App Page 1/input__email'

2019-12-31 08:08:28 - [MESSAGE][PASSED] - Text 'test.NIvmuafj@suryani.cn' is set on object 'Object Repository/mobileSanity/HBI/Page_App Page 1/input__email'

2019-12-31 08:08:28 - [TEST_STEP][PASSED] - setText(findTestObject("mobileSanity/HBI/Page_App Page 1/input_tel"), Tel): Text '323-236-2254' is set on object 'Object Repository/mobileSanity/HBI/Page_App Page 1/input_tel'

2019-12-31 08:08:28 - [MESSAGE][PASSED] - Text '323-236-2254' is set on object 'Object Repository/mobileSanity/HBI/Page_App Page 1/input_tel'

2019-12-31 08:08:28 - [TEST_STEP][PASSED] - Thread.sleep(5000): null

2019-12-31 08:08:33 - [TEST_STEP][PASSED] - click(findTestObject("mobileSanity/HBI/Page_App Page 1/a_Continue to Step 2 - Payment")): Object: 'Object Repository/mobileSanity/HBI/Page_App Page 1/a_Continue to Step 2 - Payment' is clicked on

2019-12-31 08:08:34 - [MESSAGE][PASSED] - Object: 'Object Repository/mobileSanity/HBI/Page_App Page 1/a_Continue to Step 2 - Payment' is clicked on

2019-12-31 08:08:34 - [TEST_STEP][PASSED] - waitForPageLoad(20): Wait for page load successfully

2019-12-31 08:08:34 - [MESSAGE][PASSED] - Wait for page load successfully

2019-12-31 08:08:34 - [TEST_STEP][PASSED] - Thread.sleep(2000): null

2019-12-31 08:08:36 - [TEST_STEP][PASSED] - waitForElementVisible(findTestObject("mobileSanity/HBI/Page_App Page 2/input__credit-card-first"), 20): Object 'Object Repository/mobileSanity/HBI/Page_App Page 2/input__credit-card-first' is visible

2019-12-31 08:08:36 - [MESSAGE][PASSED] - Object 'Object Repository/mobileSanity/HBI/Page_App Page 2/input__credit-card-first' is visible

2019-12-31 08:08:36 - [TEST_STEP][PASSED] - callTestCase(findTestCase("AHI/_include/get_screenshot"), [:], STOP_ON_FAILURE): Call Test Case 'Test Cases/AHI/_include/get_screenshot' successfully

2019-12-31 08:08:36 - [TEST_CASE][PASSED] - Test Cases/AHI/_include/get_screenshot: Test Cases/AHI/_include/get_screenshot

2019-12-31 08:08:36 - [TEST_STEP][PASSED] - takeScreenshot(screenPath + i + ".png"): Taking screenshot successfully

2019-12-31 08:08:36 - [MESSAGE][PASSED] - Taking screenshot successfully
[[ATTACHMENT|D:\\Test\\AgileTest\\Reports\\HIC\\hic\\20191231_080029\\../Screenshots/iPhone 6/HIC/HBI/Fixed Cash Benefit/20191231_080741/6.png]]

2019-12-31 08:08:36 - [TEST_STEP][PASSED] - (internal.GlobalVariable.i++): null

2019-12-31 08:08:36 - [MESSAGE][PASSED] - Call Test Case 'Test Cases/AHI/_include/get_screenshot' successfully

2019-12-31 08:08:36 - [TEST_STEP][PASSED] - setText(findTestObject("mobileSanity/HBI/Page_App Page 2/input__credit-card-first"), FirstName): Text 'Test-123' is set on object 'Object Repository/mobileSanity/HBI/Page_App Page 2/input__credit-card-first'

2019-12-31 08:08:37 - [MESSAGE][PASSED] - Text 'Test-123' is set on object 'Object Repository/mobileSanity/HBI/Page_App Page 2/input__credit-card-first'

2019-12-31 08:08:37 - [TEST_STEP][PASSED] - setText(findTestObject("mobileSanity/HBI/Page_App Page 2/input__credit-card-last"), LastName): Text 'ZZ11-ljuwalPs' is set on object 'Object Repository/mobileSanity/HBI/Page_App Page 2/input__credit-card-last'

2019-12-31 08:08:37 - [MESSAGE][PASSED] - Text 'ZZ11-ljuwalPs' is set on object 'Object Repository/mobileSanity/HBI/Page_App Page 2/input__credit-card-last'

2019-12-31 08:08:37 - [TEST_STEP][PASSED] - selectOptionByValue(findTestObject("mobileSanity/HBI/Page_App Page 2/select_MM010203040506070809101"), "12", true): All options with value '12' are selected in object 'Object Repository/mobileSanity/HBI/Page_App Page 2/select_MM010203040506070809101'  using regular expression

2019-12-31 08:08:37 - [MESSAGE][PASSED] - All options with value '12' are selected in object 'Object Repository/mobileSanity/HBI/Page_App Page 2/select_MM010203040506070809101'  using regular expression

2019-12-31 08:08:37 - [TEST_STEP][PASSED] - selectOptionByValue(findTestObject("mobileSanity/HBI/Page_App Page 2/select_YYYY2019202020212022202"), "2026", true): All options with value '2026' are selected in object 'Object Repository/mobileSanity/HBI/Page_App Page 2/select_YYYY2019202020212022202'  using regular expression

2019-12-31 08:08:38 - [MESSAGE][PASSED] - All options with value '2026' are selected in object 'Object Repository/mobileSanity/HBI/Page_App Page 2/select_YYYY2019202020212022202'  using regular expression

2019-12-31 08:08:38 - [TEST_STEP][PASSED] - setText(findTestObject("mobileSanity/HBI/Page_App Page 2/input__credit-card-number"), "4111111111111111"): Text '4111111111111111' is set on object 'Object Repository/mobileSanity/HBI/Page_App Page 2/input__credit-card-number'

2019-12-31 08:08:39 - [MESSAGE][PASSED] - Text '4111111111111111' is set on object 'Object Repository/mobileSanity/HBI/Page_App Page 2/input__credit-card-number'

2019-12-31 08:08:39 - [TEST_STEP][PASSED] - setText(findTestObject("mobileSanity/HBI/Page_App Page 2/input__cvv"), "123"): Text '123' is set on object 'Object Repository/mobileSanity/HBI/Page_App Page 2/input__cvv'

2019-12-31 08:08:39 - [MESSAGE][PASSED] - Text '123' is set on object 'Object Repository/mobileSanity/HBI/Page_App Page 2/input__cvv'

2019-12-31 08:08:39 - [TEST_STEP][PASSED] - click(findTestObject("mobileSanity/HBI/Page_App Page 2/label_My billing address is th")): Object: 'Object Repository/mobileSanity/HBI/Page_App Page 2/label_My billing address is th' is clicked on

2019-12-31 08:08:40 - [MESSAGE][PASSED] - Object: 'Object Repository/mobileSanity/HBI/Page_App Page 2/label_My billing address is th' is clicked on

2019-12-31 08:08:40 - [TEST_STEP][PASSED] - click(findTestObject("mobileSanity/HBI/Page_App Page 2/label_I Accept Authorization f")): Object: 'Object Repository/mobileSanity/HBI/Page_App Page 2/label_I Accept Authorization f' is clicked on

2019-12-31 08:08:40 - [MESSAGE][PASSED] - Object: 'Object Repository/mobileSanity/HBI/Page_App Page 2/label_I Accept Authorization f' is clicked on

2019-12-31 08:08:40 - [TEST_STEP][PASSED] - click(findTestObject("mobileSanity/HBI/Page_App Page 2/a_Continue to Step 3 - Review")): Object: 'Object Repository/mobileSanity/HBI/Page_App Page 2/a_Continue to Step 3 - Review' is clicked on

2019-12-31 08:08:40 - [MESSAGE][PASSED] - Object: 'Object Repository/mobileSanity/HBI/Page_App Page 2/a_Continue to Step 3 - Review' is clicked on

2019-12-31 08:08:40 - [TEST_STEP][PASSED] - waitForPageLoad(20): Wait for page load successfully

2019-12-31 08:08:40 - [MESSAGE][PASSED] - Wait for page load successfully

2019-12-31 08:08:40 - [TEST_STEP][PASSED] - Thread.sleep(10000): null

2019-12-31 08:08:50 - [TEST_STEP][PASSED] - waitForElementPresent(findTestObject("mobileSanity/HBI/Page_App Page 3/label"), 20): Object 'Object Repository/mobileSanity/HBI/Page_App Page 3/label' is present

2019-12-31 08:08:51 - [MESSAGE][PASSED] - Object 'Object Repository/mobileSanity/HBI/Page_App Page 3/label' is present

2019-12-31 08:08:51 - [TEST_STEP][PASSED] - callTestCase(findTestCase("AHI/_include/get_screenshot"), [:], STOP_ON_FAILURE): Call Test Case 'Test Cases/AHI/_include/get_screenshot' successfully

2019-12-31 08:08:51 - [TEST_CASE][PASSED] - Test Cases/AHI/_include/get_screenshot: Test Cases/AHI/_include/get_screenshot

2019-12-31 08:08:51 - [TEST_STEP][PASSED] - takeScreenshot(screenPath + i + ".png"): Taking screenshot successfully

2019-12-31 08:08:51 - [MESSAGE][PASSED] - Taking screenshot successfully
[[ATTACHMENT|D:\\Test\\AgileTest\\Reports\\HIC\\hic\\20191231_080029\\../Screenshots/iPhone 6/HIC/HBI/Fixed Cash Benefit/20191231_080741/7.png]]

2019-12-31 08:08:51 - [TEST_STEP][PASSED] - (internal.GlobalVariable.i++): null

2019-12-31 08:08:51 - [MESSAGE][PASSED] - Call Test Case 'Test Cases/AHI/_include/get_screenshot' successfully

2019-12-31 08:08:51 - [TEST_STEP][PASSED] - click(findTestObject("mobileSanity/HBI/Page_App Page 3/label")): Object: 'Object Repository/mobileSanity/HBI/Page_App Page 3/label' is clicked on

2019-12-31 08:08:51 - [MESSAGE][PASSED] - Object: 'Object Repository/mobileSanity/HBI/Page_App Page 3/label' is clicked on

2019-12-31 08:08:51 - [TEST_STEP][PASSED] - click(findTestObject("mobileSanity/HBI/Page_App Page 3/p_CLICK TO SIGN")): Object: 'Object Repository/mobileSanity/HBI/Page_App Page 3/p_CLICK TO SIGN' is clicked on

2019-12-31 08:08:51 - [MESSAGE][PASSED] - Object: 'Object Repository/mobileSanity/HBI/Page_App Page 3/p_CLICK TO SIGN' is clicked on

2019-12-31 08:08:51 - [TEST_STEP][PASSED] - click(findTestObject("mobileSanity/HBI/Page_App Page 3/a_Submit Your Application")): Object: 'Object Repository/mobileSanity/HBI/Page_App Page 3/a_Submit Your Application' is clicked on

2019-12-31 08:08:51 - [MESSAGE][PASSED] - Object: 'Object Repository/mobileSanity/HBI/Page_App Page 3/a_Submit Your Application' is clicked on

2019-12-31 08:08:51 - [TEST_STEP][PASSED] - Thread.sleep(30000): null

2019-12-31 08:09:21 - [TEST_STEP][PASSED] - callTestCase(findTestCase("AHI/_include/get_screenshot"), [:], STOP_ON_FAILURE): Call Test Case 'Test Cases/AHI/_include/get_screenshot' successfully

2019-12-31 08:09:21 - [TEST_CASE][PASSED] - Test Cases/AHI/_include/get_screenshot: Test Cases/AHI/_include/get_screenshot

2019-12-31 08:09:21 - [TEST_STEP][PASSED] - takeScreenshot(screenPath + i + ".png"): Taking screenshot successfully

2019-12-31 08:09:22 - [MESSAGE][PASSED] - Taking screenshot successfully
[[ATTACHMENT|D:\\Test\\AgileTest\\Reports\\HIC\\hic\\20191231_080029\\../Screenshots/iPhone 6/HIC/HBI/Fixed Cash Benefit/20191231_080741/8.png]]

2019-12-31 08:09:22 - [TEST_STEP][PASSED] - (internal.GlobalVariable.i++): null

2019-12-31 08:09:22 - [MESSAGE][PASSED] - Call Test Case 'Test Cases/AHI/_include/get_screenshot' successfully

2019-12-31 08:09:22 - [TEST_STEP][PASSED] - verifyTextPresent("Congratulations", false): Text 'Congratulations' is present on page 

2019-12-31 08:09:22 - [MESSAGE][PASSED] - Text 'Congratulations' is present on page 

2019-12-31 08:09:22 - [MESSAGE][PASSED] - Call Test Case 'Test Cases/AHI/_include/goToEnd_hbi' successfully]]></system-out>
         <system-err><![CDATA[]]></system-err>
      </testcase>
      <testcase name="Test Cases/HIC/HBI/Health Choice" classname="Test Cases/HIC/HBI/Health Choice" status="PASSED">
         <system-out><![CDATA[2019-12-31 08:09:22 - [TEST_CASE][PASSED] - Test Cases/HIC/HBI/Health Choice: Test Cases/HIC/HBI/Health Choice

2019-12-31 08:09:22 - [TEST_STEP][PASSED] - callTestCase(findTestCase("HIC/_include/get_hicScreenPath"), ["project":"HIC", "productLine":"HBI", "carrierName":"Health Choice"], CONTINUE_ON_FAILURE): Call Test Case 'Test Cases/HIC/_include/get_hicScreenPath' successfully

2019-12-31 08:09:22 - [TEST_CASE][PASSED] - Test Cases/HIC/_include/get_hicScreenPath: Test Cases/HIC/_include/get_hicScreenPath

2019-12-31 08:09:22 - [TEST_STEP][PASSED] - m = getExecutionProperties(): null

2019-12-31 08:09:22 - [TEST_STEP][PASSED] - deviceName = get("mobileEmulation").get("deviceName"): null

2019-12-31 08:09:22 - [TEST_STEP][PASSED] - println(deviceName): null

2019-12-31 08:09:22 - [TEST_STEP][PASSED] - now = new java.util.Date(): null

2019-12-31 08:09:22 - [TEST_STEP][PASSED] - mydate = now.format("yyyyMMdd_HHmmss"): null

2019-12-31 08:09:22 - [TEST_STEP][PASSED] - screenPath = "../Screenshots/": null

2019-12-31 08:09:22 - [TEST_STEP][PASSED] - screenPath = screenPath + deviceName + "/" + project + "/" + productLine + "/" + carrierName + "/" + mydate + "/": null

2019-12-31 08:09:22 - [TEST_STEP][PASSED] - println(screenPath): null

2019-12-31 08:09:22 - [MESSAGE][PASSED] - Call Test Case 'Test Cases/HIC/_include/get_hicScreenPath' successfully

2019-12-31 08:09:22 - [TEST_STEP][PASSED] - i = 0: null

2019-12-31 08:09:22 - [TEST_STEP][PASSED] - callTestCase(findTestCase("AHI/_include/openWebSite"), ["env":"https://qa.healthinsurance.com/"], CONTINUE_ON_FAILURE): Call Test Case 'Test Cases/AHI/_include/openWebSite' successfully

2019-12-31 08:09:22 - [TEST_CASE][PASSED] - Test Cases/AHI/_include/openWebSite: Test Cases/AHI/_include/openWebSite

2019-12-31 08:09:22 - [TEST_STEP][PASSED] - openBrowser(env): Browser is opened with url: 'https://qa.healthinsurance.com/'

2019-12-31 08:09:22 - [MESSAGE][WARNING] - A browser is already opened. Closing browser and opening a new one

2019-12-31 08:09:24 - [MESSAGE][INFO] - Starting 'Chrome' driver

2019-12-31 08:09:24 - [MESSAGE][INFO] - User set preference: ['mobileEmulation', '{deviceName=iPhone 6}']

2019-12-31 08:09:24 - [MESSAGE][INFO] - User set preference: ['args', '[--incognito, --aggressive-cache-discard, --window-size=375,677, --no-sandbox]']

2019-12-31 08:09:28 - [MESSAGE][PASSED] - Browser is opened with url: 'https://qa.healthinsurance.com/'

2019-12-31 08:09:28 - [TEST_STEP][PASSED] - waitForPageLoad(20): Wait for page load successfully

2019-12-31 08:09:28 - [MESSAGE][PASSED] - Wait for page load successfully

2019-12-31 08:09:28 - [TEST_STEP][PASSED] - callTestCase(findTestCase("AHI/_include/get_screenshot"), [:], STOP_ON_FAILURE): Call Test Case 'Test Cases/AHI/_include/get_screenshot' successfully

2019-12-31 08:09:28 - [TEST_CASE][PASSED] - Test Cases/AHI/_include/get_screenshot: Test Cases/AHI/_include/get_screenshot

2019-12-31 08:09:28 - [TEST_STEP][PASSED] - takeScreenshot(screenPath + i + ".png"): Taking screenshot successfully

2019-12-31 08:09:29 - [MESSAGE][PASSED] - Taking screenshot successfully
[[ATTACHMENT|D:\\Test\\AgileTest\\Reports\\HIC\\hic\\20191231_080029\\../Screenshots/iPhone 6/HIC/HBI/Health Choice/20191231_080922/0.png]]

2019-12-31 08:09:29 - [TEST_STEP][PASSED] - (internal.GlobalVariable.i++): null

2019-12-31 08:09:29 - [MESSAGE][PASSED] - Call Test Case 'Test Cases/AHI/_include/get_screenshot' successfully

2019-12-31 08:09:29 - [MESSAGE][PASSED] - Call Test Case 'Test Cases/AHI/_include/openWebSite' successfully

2019-12-31 08:09:29 - [TEST_STEP][PASSED] - click(findTestObject("hic/nav/navButton")): Object: 'Object Repository/hic/nav/navButton' is clicked on

2019-12-31 08:09:29 - [MESSAGE][PASSED] - Object: 'Object Repository/hic/nav/navButton' is clicked on

2019-12-31 08:09:29 - [TEST_STEP][PASSED] - Thread.sleep(2000): null

2019-12-31 08:09:31 - [TEST_STEP][PASSED] - click(findTestObject("hic/nav/hbiLink")): Object: 'Object Repository/hic/nav/hbiLink' is clicked on

2019-12-31 08:09:31 - [MESSAGE][PASSED] - Object: 'Object Repository/hic/nav/hbiLink' is clicked on

2019-12-31 08:09:31 - [TEST_STEP][PASSED] - Thread.sleep(2000): null

2019-12-31 08:09:33 - [TEST_STEP][PASSED] - callTestCase(findTestCase("AHI/_include/get_screenshot"), [:], STOP_ON_FAILURE): Call Test Case 'Test Cases/AHI/_include/get_screenshot' successfully

2019-12-31 08:09:34 - [TEST_CASE][PASSED] - Test Cases/AHI/_include/get_screenshot: Test Cases/AHI/_include/get_screenshot

2019-12-31 08:09:34 - [TEST_STEP][PASSED] - takeScreenshot(screenPath + i + ".png"): Taking screenshot successfully

2019-12-31 08:09:34 - [MESSAGE][PASSED] - Taking screenshot successfully
[[ATTACHMENT|D:\\Test\\AgileTest\\Reports\\HIC\\hic\\20191231_080029\\../Screenshots/iPhone 6/HIC/HBI/Health Choice/20191231_080922/1.png]]

2019-12-31 08:09:34 - [TEST_STEP][PASSED] - (internal.GlobalVariable.i++): null

2019-12-31 08:09:34 - [MESSAGE][PASSED] - Call Test Case 'Test Cases/AHI/_include/get_screenshot' successfully

2019-12-31 08:09:34 - [TEST_STEP][PASSED] - callTestCase(findTestCase("HIC/_include/stm_census"), ["zipcode":"35215"], STOP_ON_FAILURE): Call Test Case 'Test Cases/HIC/_include/stm_census' successfully

2019-12-31 08:09:34 - [TEST_CASE][PASSED] - Test Cases/HIC/_include/stm_census: Test Cases/HIC/_include/stm_census

2019-12-31 08:09:34 - [TEST_STEP][PASSED] - setText(findTestObject("hic/stm/zip"), zipcode): Text '35215' is set on object 'Object Repository/hic/stm/zip'

2019-12-31 08:09:34 - [MESSAGE][PASSED] - Text '35215' is set on object 'Object Repository/hic/stm/zip'

2019-12-31 08:09:34 - [TEST_STEP][PASSED] - Thread.sleep(500): null

2019-12-31 08:09:35 - [TEST_STEP][PASSED] - setText(findTestObject("hic/stm/primaryDOB"), "03031987"): Text '03031987' is set on object 'Object Repository/hic/stm/primaryDOB'

2019-12-31 08:09:35 - [MESSAGE][PASSED] - Text '03031987' is set on object 'Object Repository/hic/stm/primaryDOB'

2019-12-31 08:09:35 - [TEST_STEP][PASSED] - click(findTestObject("hic/stm/female")): Object: 'Object Repository/hic/stm/female' is clicked on

2019-12-31 08:09:35 - [MESSAGE][PASSED] - Object: 'Object Repository/hic/stm/female' is clicked on

2019-12-31 08:09:35 - [TEST_STEP][PASSED] - Thread.sleep(3000): null

2019-12-31 08:09:38 - [TEST_STEP][PASSED] - click(findTestObject("hic/stm/submitButton")): Object: 'Object Repository/hic/stm/submitButton' is clicked on

2019-12-31 08:09:40 - [MESSAGE][PASSED] - Object: 'Object Repository/hic/stm/submitButton' is clicked on

2019-12-31 08:09:41 - [TEST_STEP][PASSED] - Thread.sleep(6000): null

2019-12-31 08:09:47 - [TEST_STEP][PASSED] - callTestCase(findTestCase("AHI/_include/check_quoteleadform"), [:], STOP_ON_FAILURE): Call Test Case 'Test Cases/AHI/_include/check_quoteleadform' successfully

2019-12-31 08:09:47 - [TEST_CASE][PASSED] - Test Cases/AHI/_include/check_quoteleadform: Test Cases/AHI/_include/check_quoteleadform

2019-12-31 08:09:47 - [TEST_STEP][PASSED] - callTestCase(findTestCase("AHI/_include/name"), [:], CONTINUE_ON_FAILURE): Call Test Case 'Test Cases/AHI/_include/name' successfully

2019-12-31 08:09:47 - [TEST_CASE][PASSED] - Test Cases/AHI/_include/name: Test Cases/AHI/_include/name

2019-12-31 08:09:47 - [TEST_STEP][PASSED] - driver = getWebDriver(): null

2019-12-31 08:09:47 - [TEST_STEP][PASSED] - selenium = new com.thoughtworks.selenium.webdriven.WebDriverBackedSelenium(driver, internal.GlobalVariable.ENV): null

2019-12-31 08:09:47 - [TEST_STEP][PASSED] - FirstName = "Test-123": null

2019-12-31 08:09:47 - [TEST_STEP][PASSED] - LastName = selenium.getEval("{var x="ABCDEFGHIJKLMNOPQRSTUVWXYZabcdefghijklmnopqrstuvwxyz"; var tmp="ZZ11-"; for (i=0;i<8;i++) tmp+=x.charAt(Math.ceil(51*Math.random()));tmp;}"): null

2019-12-31 08:09:47 - [TEST_STEP][PASSED] - Address = selenium.getEval("{var x="ABCDEFGHIJKLMNOPQRSTUVWXYZabcdefghijklmnopqrstuvwxyz"; var tmp=""; for (i=0;i<8;i++) tmp+=x.charAt(Math.ceil(51*Math.random()));tmp;}"): null

2019-12-31 08:09:47 - [TEST_STEP][PASSED] - City = selenium.getEval("{var x="ABCDEFGHIJKLMNOPQRSTUVWXYZabcdefghijklmnopqrstuvwxyz"; var tmp=""; for (i=0;i<8;i++) tmp+=x.charAt(Math.ceil(51*Math.random()));tmp;}"): null

2019-12-31 08:09:47 - [TEST_STEP][PASSED] - tel1 = selenium.getEval("{var x="123456789"; var tmp=""; for (i=0;i<3;i++) tmp+=x.charAt(Math.ceil(8*Math.random()));tmp;}"): null

2019-12-31 08:09:47 - [TEST_STEP][PASSED] - tel2 = selenium.getEval("{var x="123456789"; var tmp=""; for (i=0;i<3;i++) tmp+=x.charAt(Math.ceil(8*Math.random()));tmp;}"): null

2019-12-31 08:09:47 - [TEST_STEP][PASSED] - tel3 = selenium.getEval("{var x="123456789"; var tmp=""; for (i=0;i<4;i++) tmp+=x.charAt(Math.ceil(8*Math.random()));tmp;}"): null

2019-12-31 08:09:47 - [TEST_STEP][PASSED] - Tel = selenium.getExpression(tel1 + "-" + tel2 + "-" + tel3): null

2019-12-31 08:09:48 - [TEST_STEP][PASSED] - AutoEmail = selenium.getEval("{var x="ABCDEFGHIJKLMNOPQRSTUVWXYZabcdefghijklmnopqrstuvwxyz"; var tmp="test."; for (i=0;i<8;i++) tmp+=x.charAt(Math.ceil(51*Math.random()));tmp+="@suryani.cn";}"): null

2019-12-31 08:09:48 - [TEST_STEP][PASSED] - FirstName = FirstName: null

2019-12-31 08:09:48 - [TEST_STEP][PASSED] - LastName = LastName: null

2019-12-31 08:09:48 - [TEST_STEP][PASSED] - Address = Address: null

2019-12-31 08:09:48 - [TEST_STEP][PASSED] - City = City: null

2019-12-31 08:09:48 - [TEST_STEP][PASSED] - Tel = Tel: null

2019-12-31 08:09:48 - [TEST_STEP][PASSED] - AutoEmail = AutoEmail: null

2019-12-31 08:09:48 - [TEST_STEP][PASSED] - println(FirstName): null

2019-12-31 08:09:48 - [TEST_STEP][PASSED] - println(LastName): null

2019-12-31 08:09:48 - [TEST_STEP][PASSED] - println(Address): null

2019-12-31 08:09:48 - [TEST_STEP][PASSED] - println(City): null

2019-12-31 08:09:48 - [TEST_STEP][PASSED] - println(Tel): null

2019-12-31 08:09:48 - [TEST_STEP][PASSED] - println(AutoEmail): null

2019-12-31 08:09:48 - [MESSAGE][PASSED] - Call Test Case 'Test Cases/AHI/_include/name' successfully

2019-12-31 08:09:48 - [TEST_STEP][PASSED] - leadform_exist = test.MobileKeywords.isElementPresent_Web(findTestObject("mobileSanity/quote lead form/lead_form"), 20): test.MobileKeywords.isElementPresent_Web is PASSED

2019-12-31 08:09:48 - [MESSAGE][PASSED] - test.MobileKeywords.isElementPresent_Web is PASSED

2019-12-31 08:09:48 - [TEST_STEP][PASSED] - if (leadform_exist): null

2019-12-31 08:09:48 - [TEST_STEP][PASSED] - setText(findTestObject("mobileSanity/quote lead form/first"), FirstName): Text 'Test-123' is set on object 'Object Repository/mobileSanity/quote lead form/first'

2019-12-31 08:09:48 - [MESSAGE][PASSED] - Text 'Test-123' is set on object 'Object Repository/mobileSanity/quote lead form/first'

2019-12-31 08:09:48 - [TEST_STEP][PASSED] - setText(findTestObject("mobileSanity/quote lead form/last"), LastName): Text 'ZZ11-iJcyhMJs' is set on object 'Object Repository/mobileSanity/quote lead form/last'

2019-12-31 08:09:49 - [MESSAGE][PASSED] - Text 'ZZ11-iJcyhMJs' is set on object 'Object Repository/mobileSanity/quote lead form/last'

2019-12-31 08:09:49 - [TEST_STEP][PASSED] - setText(findTestObject("mobileSanity/quote lead form/email"), AutoEmail): Text 'test.pyOwNlPd@suryani.cn' is set on object 'Object Repository/mobileSanity/quote lead form/email'

2019-12-31 08:09:50 - [MESSAGE][PASSED] - Text 'test.pyOwNlPd@suryani.cn' is set on object 'Object Repository/mobileSanity/quote lead form/email'

2019-12-31 08:09:50 - [TEST_STEP][PASSED] - setText(findTestObject("mobileSanity/quote lead form/phone"), Tel): Text '393-982-7588' is set on object 'Object Repository/mobileSanity/quote lead form/phone'

2019-12-31 08:09:50 - [MESSAGE][PASSED] - Text '393-982-7588' is set on object 'Object Repository/mobileSanity/quote lead form/phone'

2019-12-31 08:09:50 - [TEST_STEP][PASSED] - click(findTestObject("mobileSanity/quote lead form/submit")): Object: 'Object Repository/mobileSanity/quote lead form/submit' is clicked on

2019-12-31 08:09:51 - [MESSAGE][PASSED] - Object: 'Object Repository/mobileSanity/quote lead form/submit' is clicked on

2019-12-31 08:09:51 - [TEST_STEP][PASSED] - Thread.sleep(3000): null

2019-12-31 08:09:54 - [MESSAGE][PASSED] - Call Test Case 'Test Cases/AHI/_include/check_quoteleadform' successfully

2019-12-31 08:09:54 - [TEST_STEP][PASSED] - callTestCase(findTestCase("AHI/_include/get_screenshot"), [:], STOP_ON_FAILURE): Call Test Case 'Test Cases/AHI/_include/get_screenshot' successfully

2019-12-31 08:09:54 - [TEST_CASE][PASSED] - Test Cases/AHI/_include/get_screenshot: Test Cases/AHI/_include/get_screenshot

2019-12-31 08:09:54 - [TEST_STEP][PASSED] - takeScreenshot(screenPath + i + ".png"): Taking screenshot successfully

2019-12-31 08:09:55 - [MESSAGE][PASSED] - Taking screenshot successfully
[[ATTACHMENT|D:\\Test\\AgileTest\\Reports\\HIC\\hic\\20191231_080029\\../Screenshots/iPhone 6/HIC/HBI/Health Choice/20191231_080922/2.png]]

2019-12-31 08:09:55 - [TEST_STEP][PASSED] - (internal.GlobalVariable.i++): null

2019-12-31 08:09:55 - [MESSAGE][PASSED] - Call Test Case 'Test Cases/AHI/_include/get_screenshot' successfully

2019-12-31 08:09:55 - [TEST_STEP][PASSED] - Thread.sleep(1000): null

2019-12-31 08:09:56 - [MESSAGE][PASSED] - Call Test Case 'Test Cases/HIC/_include/stm_census' successfully

2019-12-31 08:09:56 - [TEST_STEP][PASSED] - Thread.sleep(5000): null

2019-12-31 08:10:01 - [TEST_STEP][PASSED] - scrollToPosition(200, 2300): Browser is scrolled to position x = 200, y = 2300

2019-12-31 08:10:01 - [MESSAGE][PASSED] - Browser is scrolled to position x = 200, y = 2300

2019-12-31 08:10:01 - [TEST_STEP][PASSED] - click(findTestObject("mobileSanity/HBI/quote/a_Health Choice")): Object: 'Object Repository/mobileSanity/HBI/quote/a_Health Choice' is clicked on

2019-12-31 08:10:02 - [MESSAGE][PASSED] - Object: 'Object Repository/mobileSanity/HBI/quote/a_Health Choice' is clicked on

2019-12-31 08:10:02 - [TEST_STEP][PASSED] - waitForPageLoad(20): Wait for page load successfully

2019-12-31 08:10:02 - [MESSAGE][PASSED] - Wait for page load successfully

2019-12-31 08:10:02 - [TEST_STEP][PASSED] - callTestCase(findTestCase("AHI/_include/get_screenshot"), [:], STOP_ON_FAILURE): Call Test Case 'Test Cases/AHI/_include/get_screenshot' successfully

2019-12-31 08:10:02 - [TEST_CASE][PASSED] - Test Cases/AHI/_include/get_screenshot: Test Cases/AHI/_include/get_screenshot

2019-12-31 08:10:02 - [TEST_STEP][PASSED] - takeScreenshot(screenPath + i + ".png"): Taking screenshot successfully

2019-12-31 08:10:03 - [MESSAGE][PASSED] - Taking screenshot successfully
[[ATTACHMENT|D:\\Test\\AgileTest\\Reports\\HIC\\hic\\20191231_080029\\../Screenshots/iPhone 6/HIC/HBI/Health Choice/20191231_080922/3.png]]

2019-12-31 08:10:03 - [TEST_STEP][PASSED] - (internal.GlobalVariable.i++): null

2019-12-31 08:10:03 - [MESSAGE][PASSED] - Call Test Case 'Test Cases/AHI/_include/get_screenshot' successfully

2019-12-31 08:10:03 - [TEST_STEP][PASSED] - click(findTestObject("mobileSanity/HBI/detail/a_Apply for This Plan")): Object: 'Object Repository/mobileSanity/HBI/detail/a_Apply for This Plan' is clicked on

2019-12-31 08:10:03 - [MESSAGE][PASSED] - Object: 'Object Repository/mobileSanity/HBI/detail/a_Apply for This Plan' is clicked on

2019-12-31 08:10:03 - [TEST_STEP][PASSED] - waitForPageLoad(20): Wait for page load successfully

2019-12-31 08:10:04 - [MESSAGE][PASSED] - Wait for page load successfully

2019-12-31 08:10:04 - [TEST_STEP][PASSED] - callTestCase(findTestCase("AHI/_include/get_screenshot"), [:], STOP_ON_FAILURE): Call Test Case 'Test Cases/AHI/_include/get_screenshot' successfully

2019-12-31 08:10:04 - [TEST_CASE][PASSED] - Test Cases/AHI/_include/get_screenshot: Test Cases/AHI/_include/get_screenshot

2019-12-31 08:10:04 - [TEST_STEP][PASSED] - takeScreenshot(screenPath + i + ".png"): Taking screenshot successfully

2019-12-31 08:10:05 - [MESSAGE][PASSED] - Taking screenshot successfully
[[ATTACHMENT|D:\\Test\\AgileTest\\Reports\\HIC\\hic\\20191231_080029\\../Screenshots/iPhone 6/HIC/HBI/Health Choice/20191231_080922/4.png]]

2019-12-31 08:10:05 - [TEST_STEP][PASSED] - (internal.GlobalVariable.i++): null

2019-12-31 08:10:05 - [MESSAGE][PASSED] - Call Test Case 'Test Cases/AHI/_include/get_screenshot' successfully

2019-12-31 08:10:05 - [TEST_STEP][PASSED] - click(findTestObject("mobileSanity/HBI/Page_Apply/span_Start Secure Application")): Object: 'Object Repository/mobileSanity/HBI/Page_Apply/span_Start Secure Application' is clicked on

2019-12-31 08:10:06 - [MESSAGE][PASSED] - Object: 'Object Repository/mobileSanity/HBI/Page_Apply/span_Start Secure Application' is clicked on

2019-12-31 08:10:06 - [TEST_STEP][PASSED] - waitForPageLoad(20): Wait for page load successfully

2019-12-31 08:10:06 - [MESSAGE][PASSED] - Wait for page load successfully

2019-12-31 08:10:06 - [TEST_STEP][PASSED] - Thread.sleep(5000): null

2019-12-31 08:10:11 - [TEST_STEP][PASSED] - callTestCase(findTestCase("AHI/_include/get_screenshot"), [:], STOP_ON_FAILURE): Call Test Case 'Test Cases/AHI/_include/get_screenshot' successfully

2019-12-31 08:10:11 - [TEST_CASE][PASSED] - Test Cases/AHI/_include/get_screenshot: Test Cases/AHI/_include/get_screenshot

2019-12-31 08:10:11 - [TEST_STEP][PASSED] - takeScreenshot(screenPath + i + ".png"): Taking screenshot successfully

2019-12-31 08:10:12 - [MESSAGE][PASSED] - Taking screenshot successfully
[[ATTACHMENT|D:\\Test\\AgileTest\\Reports\\HIC\\hic\\20191231_080029\\../Screenshots/iPhone 6/HIC/HBI/Health Choice/20191231_080922/5.png]]

2019-12-31 08:10:12 - [TEST_STEP][PASSED] - (internal.GlobalVariable.i++): null

2019-12-31 08:10:12 - [MESSAGE][PASSED] - Call Test Case 'Test Cases/AHI/_include/get_screenshot' successfully

2019-12-31 08:10:12 - [TEST_STEP][PASSED] - callTestCase(findTestCase("AHI/_include/goToEnd_hbi"), ["carrier":"healthchoiceplus"], CONTINUE_ON_FAILURE): Call Test Case 'Test Cases/AHI/_include/goToEnd_hbi' successfully

2019-12-31 08:10:12 - [TEST_CASE][PASSED] - Test Cases/AHI/_include/goToEnd_hbi: Test Cases/AHI/_include/goToEnd_hbi

2019-12-31 08:10:12 - [TEST_STEP][PASSED] - if (state == "ca"): null

2019-12-31 08:10:12 - [TEST_STEP][PASSED] - callTestCase(findTestCase("AHI/_include/name"), [:], CONTINUE_ON_FAILURE): Call Test Case 'Test Cases/AHI/_include/name' successfully

2019-12-31 08:10:12 - [TEST_CASE][PASSED] - Test Cases/AHI/_include/name: Test Cases/AHI/_include/name

2019-12-31 08:10:12 - [TEST_STEP][PASSED] - driver = getWebDriver(): null

2019-12-31 08:10:12 - [TEST_STEP][PASSED] - selenium = new com.thoughtworks.selenium.webdriven.WebDriverBackedSelenium(driver, internal.GlobalVariable.ENV): null

2019-12-31 08:10:12 - [TEST_STEP][PASSED] - FirstName = "Test-123": null

2019-12-31 08:10:12 - [TEST_STEP][PASSED] - LastName = selenium.getEval("{var x="ABCDEFGHIJKLMNOPQRSTUVWXYZabcdefghijklmnopqrstuvwxyz"; var tmp="ZZ11-"; for (i=0;i<8;i++) tmp+=x.charAt(Math.ceil(51*Math.random()));tmp;}"): null

2019-12-31 08:10:12 - [TEST_STEP][PASSED] - Address = selenium.getEval("{var x="ABCDEFGHIJKLMNOPQRSTUVWXYZabcdefghijklmnopqrstuvwxyz"; var tmp=""; for (i=0;i<8;i++) tmp+=x.charAt(Math.ceil(51*Math.random()));tmp;}"): null

2019-12-31 08:10:12 - [TEST_STEP][PASSED] - City = selenium.getEval("{var x="ABCDEFGHIJKLMNOPQRSTUVWXYZabcdefghijklmnopqrstuvwxyz"; var tmp=""; for (i=0;i<8;i++) tmp+=x.charAt(Math.ceil(51*Math.random()));tmp;}"): null

2019-12-31 08:10:12 - [TEST_STEP][PASSED] - tel1 = selenium.getEval("{var x="123456789"; var tmp=""; for (i=0;i<3;i++) tmp+=x.charAt(Math.ceil(8*Math.random()));tmp;}"): null

2019-12-31 08:10:12 - [TEST_STEP][PASSED] - tel2 = selenium.getEval("{var x="123456789"; var tmp=""; for (i=0;i<3;i++) tmp+=x.charAt(Math.ceil(8*Math.random()));tmp;}"): null

2019-12-31 08:10:12 - [TEST_STEP][PASSED] - tel3 = selenium.getEval("{var x="123456789"; var tmp=""; for (i=0;i<4;i++) tmp+=x.charAt(Math.ceil(8*Math.random()));tmp;}"): null

2019-12-31 08:10:12 - [TEST_STEP][PASSED] - Tel = selenium.getExpression(tel1 + "-" + tel2 + "-" + tel3): null

2019-12-31 08:10:12 - [TEST_STEP][PASSED] - AutoEmail = selenium.getEval("{var x="ABCDEFGHIJKLMNOPQRSTUVWXYZabcdefghijklmnopqrstuvwxyz"; var tmp="test."; for (i=0;i<8;i++) tmp+=x.charAt(Math.ceil(51*Math.random()));tmp+="@suryani.cn";}"): null

2019-12-31 08:10:12 - [TEST_STEP][PASSED] - FirstName = FirstName: null

2019-12-31 08:10:12 - [TEST_STEP][PASSED] - LastName = LastName: null

2019-12-31 08:10:12 - [TEST_STEP][PASSED] - Address = Address: null

2019-12-31 08:10:12 - [TEST_STEP][PASSED] - City = City: null

2019-12-31 08:10:12 - [TEST_STEP][PASSED] - Tel = Tel: null

2019-12-31 08:10:12 - [TEST_STEP][PASSED] - AutoEmail = AutoEmail: null

2019-12-31 08:10:12 - [TEST_STEP][PASSED] - println(FirstName): null

2019-12-31 08:10:12 - [TEST_STEP][PASSED] - println(LastName): null

2019-12-31 08:10:12 - [TEST_STEP][PASSED] - println(Address): null

2019-12-31 08:10:12 - [TEST_STEP][PASSED] - println(City): null

2019-12-31 08:10:12 - [TEST_STEP][PASSED] - println(Tel): null

2019-12-31 08:10:12 - [TEST_STEP][PASSED] - println(AutoEmail): null

2019-12-31 08:10:12 - [MESSAGE][PASSED] - Call Test Case 'Test Cases/AHI/_include/name' successfully

2019-12-31 08:10:12 - [TEST_STEP][PASSED] - setText(findTestObject("mobileSanity/HBI/Page_App Page 1/input__member-P-1-firstName"), FirstName): Text 'Test-123' is set on object 'Object Repository/mobileSanity/HBI/Page_App Page 1/input__member-P-1-firstName'

2019-12-31 08:10:13 - [MESSAGE][PASSED] - Text 'Test-123' is set on object 'Object Repository/mobileSanity/HBI/Page_App Page 1/input__member-P-1-firstName'

2019-12-31 08:10:13 - [TEST_STEP][PASSED] - setText(findTestObject("mobileSanity/HBI/Page_App Page 1/input__member-P-1-lastName"), LastName): Text 'ZZ11-onizuPhg' is set on object 'Object Repository/mobileSanity/HBI/Page_App Page 1/input__member-P-1-lastName'

2019-12-31 08:10:13 - [MESSAGE][PASSED] - Text 'ZZ11-onizuPhg' is set on object 'Object Repository/mobileSanity/HBI/Page_App Page 1/input__member-P-1-lastName'

2019-12-31 08:10:14 - [TEST_STEP][PASSED] - if (carrier == "agileone" || carrier == "agilesecure"): null

2019-12-31 08:10:14 - [TEST_STEP][PASSED] - setText(findTestObject("mobileSanity/HBI/Page_App Page 1/input__address"), Address): Text 'zblodXTj' is set on object 'Object Repository/mobileSanity/HBI/Page_App Page 1/input__address'

2019-12-31 08:10:14 - [MESSAGE][PASSED] - Text 'zblodXTj' is set on object 'Object Repository/mobileSanity/HBI/Page_App Page 1/input__address'

2019-12-31 08:10:14 - [TEST_STEP][PASSED] - setText(findTestObject("mobileSanity/HBI/Page_App Page 1/input__city"), City): Text 'VtqQjGrP' is set on object 'Object Repository/mobileSanity/HBI/Page_App Page 1/input__city'

2019-12-31 08:10:14 - [MESSAGE][PASSED] - Text 'VtqQjGrP' is set on object 'Object Repository/mobileSanity/HBI/Page_App Page 1/input__city'

2019-12-31 08:10:14 - [TEST_STEP][PASSED] - setText(findTestObject("mobileSanity/HBI/Page_App Page 1/input__email"), AutoEmail): Text 'test.ORaTZsHa@suryani.cn' is set on object 'Object Repository/mobileSanity/HBI/Page_App Page 1/input__email'

2019-12-31 08:10:14 - [MESSAGE][PASSED] - Text 'test.ORaTZsHa@suryani.cn' is set on object 'Object Repository/mobileSanity/HBI/Page_App Page 1/input__email'

2019-12-31 08:10:14 - [TEST_STEP][PASSED] - setText(findTestObject("mobileSanity/HBI/Page_App Page 1/input_tel"), Tel): Text '437-484-6288' is set on object 'Object Repository/mobileSanity/HBI/Page_App Page 1/input_tel'

2019-12-31 08:10:15 - [MESSAGE][PASSED] - Text '437-484-6288' is set on object 'Object Repository/mobileSanity/HBI/Page_App Page 1/input_tel'

2019-12-31 08:10:15 - [TEST_STEP][PASSED] - Thread.sleep(5000): null

2019-12-31 08:10:20 - [TEST_STEP][PASSED] - click(findTestObject("mobileSanity/HBI/Page_App Page 1/a_Continue to Step 2 - Payment")): Object: 'Object Repository/mobileSanity/HBI/Page_App Page 1/a_Continue to Step 2 - Payment' is clicked on

2019-12-31 08:10:20 - [MESSAGE][PASSED] - Object: 'Object Repository/mobileSanity/HBI/Page_App Page 1/a_Continue to Step 2 - Payment' is clicked on

2019-12-31 08:10:20 - [TEST_STEP][PASSED] - waitForPageLoad(20): Wait for page load successfully

2019-12-31 08:10:20 - [MESSAGE][PASSED] - Wait for page load successfully

2019-12-31 08:10:20 - [TEST_STEP][PASSED] - Thread.sleep(2000): null

2019-12-31 08:10:22 - [TEST_STEP][PASSED] - waitForElementVisible(findTestObject("mobileSanity/HBI/Page_App Page 2/input__credit-card-first"), 20): Object 'Object Repository/mobileSanity/HBI/Page_App Page 2/input__credit-card-first' is visible

2019-12-31 08:10:23 - [MESSAGE][PASSED] - Object 'Object Repository/mobileSanity/HBI/Page_App Page 2/input__credit-card-first' is visible

2019-12-31 08:10:23 - [TEST_STEP][PASSED] - callTestCase(findTestCase("AHI/_include/get_screenshot"), [:], STOP_ON_FAILURE): Call Test Case 'Test Cases/AHI/_include/get_screenshot' successfully

2019-12-31 08:10:24 - [TEST_CASE][PASSED] - Test Cases/AHI/_include/get_screenshot: Test Cases/AHI/_include/get_screenshot

2019-12-31 08:10:24 - [TEST_STEP][PASSED] - takeScreenshot(screenPath + i + ".png"): Taking screenshot successfully

2019-12-31 08:10:24 - [MESSAGE][PASSED] - Taking screenshot successfully
[[ATTACHMENT|D:\\Test\\AgileTest\\Reports\\HIC\\hic\\20191231_080029\\../Screenshots/iPhone 6/HIC/HBI/Health Choice/20191231_080922/6.png]]

2019-12-31 08:10:24 - [TEST_STEP][PASSED] - (internal.GlobalVariable.i++): null

2019-12-31 08:10:24 - [MESSAGE][PASSED] - Call Test Case 'Test Cases/AHI/_include/get_screenshot' successfully

2019-12-31 08:10:24 - [TEST_STEP][PASSED] - setText(findTestObject("mobileSanity/HBI/Page_App Page 2/input__credit-card-first"), FirstName): Text 'Test-123' is set on object 'Object Repository/mobileSanity/HBI/Page_App Page 2/input__credit-card-first'

2019-12-31 08:10:24 - [MESSAGE][PASSED] - Text 'Test-123' is set on object 'Object Repository/mobileSanity/HBI/Page_App Page 2/input__credit-card-first'

2019-12-31 08:10:24 - [TEST_STEP][PASSED] - setText(findTestObject("mobileSanity/HBI/Page_App Page 2/input__credit-card-last"), LastName): Text 'ZZ11-onizuPhg' is set on object 'Object Repository/mobileSanity/HBI/Page_App Page 2/input__credit-card-last'

2019-12-31 08:10:25 - [MESSAGE][PASSED] - Text 'ZZ11-onizuPhg' is set on object 'Object Repository/mobileSanity/HBI/Page_App Page 2/input__credit-card-last'

2019-12-31 08:10:25 - [TEST_STEP][PASSED] - selectOptionByValue(findTestObject("mobileSanity/HBI/Page_App Page 2/select_MM010203040506070809101"), "12", true): All options with value '12' are selected in object 'Object Repository/mobileSanity/HBI/Page_App Page 2/select_MM010203040506070809101'  using regular expression

2019-12-31 08:10:25 - [MESSAGE][PASSED] - All options with value '12' are selected in object 'Object Repository/mobileSanity/HBI/Page_App Page 2/select_MM010203040506070809101'  using regular expression

2019-12-31 08:10:25 - [TEST_STEP][PASSED] - selectOptionByValue(findTestObject("mobileSanity/HBI/Page_App Page 2/select_YYYY2019202020212022202"), "2026", true): All options with value '2026' are selected in object 'Object Repository/mobileSanity/HBI/Page_App Page 2/select_YYYY2019202020212022202'  using regular expression

2019-12-31 08:10:26 - [MESSAGE][PASSED] - All options with value '2026' are selected in object 'Object Repository/mobileSanity/HBI/Page_App Page 2/select_YYYY2019202020212022202'  using regular expression

2019-12-31 08:10:26 - [TEST_STEP][PASSED] - setText(findTestObject("mobileSanity/HBI/Page_App Page 2/input__credit-card-number"), "4111111111111111"): Text '4111111111111111' is set on object 'Object Repository/mobileSanity/HBI/Page_App Page 2/input__credit-card-number'

2019-12-31 08:10:26 - [MESSAGE][PASSED] - Text '4111111111111111' is set on object 'Object Repository/mobileSanity/HBI/Page_App Page 2/input__credit-card-number'

2019-12-31 08:10:26 - [TEST_STEP][PASSED] - setText(findTestObject("mobileSanity/HBI/Page_App Page 2/input__cvv"), "123"): Text '123' is set on object 'Object Repository/mobileSanity/HBI/Page_App Page 2/input__cvv'

2019-12-31 08:10:26 - [MESSAGE][PASSED] - Text '123' is set on object 'Object Repository/mobileSanity/HBI/Page_App Page 2/input__cvv'

2019-12-31 08:10:26 - [TEST_STEP][PASSED] - click(findTestObject("mobileSanity/HBI/Page_App Page 2/label_My billing address is th")): Object: 'Object Repository/mobileSanity/HBI/Page_App Page 2/label_My billing address is th' is clicked on

2019-12-31 08:10:26 - [MESSAGE][PASSED] - Object: 'Object Repository/mobileSanity/HBI/Page_App Page 2/label_My billing address is th' is clicked on

2019-12-31 08:10:26 - [TEST_STEP][PASSED] - click(findTestObject("mobileSanity/HBI/Page_App Page 2/label_I Accept Authorization f")): Object: 'Object Repository/mobileSanity/HBI/Page_App Page 2/label_I Accept Authorization f' is clicked on

2019-12-31 08:10:26 - [MESSAGE][PASSED] - Object: 'Object Repository/mobileSanity/HBI/Page_App Page 2/label_I Accept Authorization f' is clicked on

2019-12-31 08:10:26 - [TEST_STEP][PASSED] - click(findTestObject("mobileSanity/HBI/Page_App Page 2/a_Continue to Step 3 - Review")): Object: 'Object Repository/mobileSanity/HBI/Page_App Page 2/a_Continue to Step 3 - Review' is clicked on

2019-12-31 08:10:27 - [MESSAGE][PASSED] - Object: 'Object Repository/mobileSanity/HBI/Page_App Page 2/a_Continue to Step 3 - Review' is clicked on

2019-12-31 08:10:27 - [TEST_STEP][PASSED] - waitForPageLoad(20): Wait for page load successfully

2019-12-31 08:10:30 - [MESSAGE][PASSED] - Wait for page load successfully

2019-12-31 08:10:30 - [TEST_STEP][PASSED] - Thread.sleep(10000): null

2019-12-31 08:10:40 - [TEST_STEP][PASSED] - waitForElementPresent(findTestObject("mobileSanity/HBI/Page_App Page 3/label"), 20): Object 'Object Repository/mobileSanity/HBI/Page_App Page 3/label' is present

2019-12-31 08:10:40 - [MESSAGE][PASSED] - Object 'Object Repository/mobileSanity/HBI/Page_App Page 3/label' is present

2019-12-31 08:10:40 - [TEST_STEP][PASSED] - callTestCase(findTestCase("AHI/_include/get_screenshot"), [:], STOP_ON_FAILURE): Call Test Case 'Test Cases/AHI/_include/get_screenshot' successfully

2019-12-31 08:10:40 - [TEST_CASE][PASSED] - Test Cases/AHI/_include/get_screenshot: Test Cases/AHI/_include/get_screenshot

2019-12-31 08:10:40 - [TEST_STEP][PASSED] - takeScreenshot(screenPath + i + ".png"): Taking screenshot successfully

2019-12-31 08:10:41 - [MESSAGE][PASSED] - Taking screenshot successfully
[[ATTACHMENT|D:\\Test\\AgileTest\\Reports\\HIC\\hic\\20191231_080029\\../Screenshots/iPhone 6/HIC/HBI/Health Choice/20191231_080922/7.png]]

2019-12-31 08:10:41 - [TEST_STEP][PASSED] - (internal.GlobalVariable.i++): null

2019-12-31 08:10:41 - [MESSAGE][PASSED] - Call Test Case 'Test Cases/AHI/_include/get_screenshot' successfully

2019-12-31 08:10:41 - [TEST_STEP][PASSED] - click(findTestObject("mobileSanity/HBI/Page_App Page 3/label")): Object: 'Object Repository/mobileSanity/HBI/Page_App Page 3/label' is clicked on

2019-12-31 08:10:41 - [MESSAGE][PASSED] - Object: 'Object Repository/mobileSanity/HBI/Page_App Page 3/label' is clicked on

2019-12-31 08:10:41 - [TEST_STEP][PASSED] - click(findTestObject("mobileSanity/HBI/Page_App Page 3/p_CLICK TO SIGN")): Object: 'Object Repository/mobileSanity/HBI/Page_App Page 3/p_CLICK TO SIGN' is clicked on

2019-12-31 08:10:41 - [MESSAGE][PASSED] - Object: 'Object Repository/mobileSanity/HBI/Page_App Page 3/p_CLICK TO SIGN' is clicked on

2019-12-31 08:10:41 - [TEST_STEP][PASSED] - click(findTestObject("mobileSanity/HBI/Page_App Page 3/a_Submit Your Application")): Object: 'Object Repository/mobileSanity/HBI/Page_App Page 3/a_Submit Your Application' is clicked on

2019-12-31 08:10:41 - [MESSAGE][PASSED] - Object: 'Object Repository/mobileSanity/HBI/Page_App Page 3/a_Submit Your Application' is clicked on

2019-12-31 08:10:41 - [TEST_STEP][PASSED] - Thread.sleep(30000): null

2019-12-31 08:11:11 - [TEST_STEP][PASSED] - callTestCase(findTestCase("AHI/_include/get_screenshot"), [:], STOP_ON_FAILURE): Call Test Case 'Test Cases/AHI/_include/get_screenshot' successfully

2019-12-31 08:11:11 - [TEST_CASE][PASSED] - Test Cases/AHI/_include/get_screenshot: Test Cases/AHI/_include/get_screenshot

2019-12-31 08:11:11 - [TEST_STEP][PASSED] - takeScreenshot(screenPath + i + ".png"): Taking screenshot successfully

2019-12-31 08:11:12 - [MESSAGE][PASSED] - Taking screenshot successfully
[[ATTACHMENT|D:\\Test\\AgileTest\\Reports\\HIC\\hic\\20191231_080029\\../Screenshots/iPhone 6/HIC/HBI/Health Choice/20191231_080922/8.png]]

2019-12-31 08:11:12 - [TEST_STEP][PASSED] - (internal.GlobalVariable.i++): null

2019-12-31 08:11:12 - [MESSAGE][PASSED] - Call Test Case 'Test Cases/AHI/_include/get_screenshot' successfully

2019-12-31 08:11:12 - [TEST_STEP][PASSED] - verifyTextPresent("Congratulations", false): Text 'Congratulations' is present on page 

2019-12-31 08:11:12 - [MESSAGE][PASSED] - Text 'Congratulations' is present on page 

2019-12-31 08:11:12 - [MESSAGE][PASSED] - Call Test Case 'Test Cases/AHI/_include/goToEnd_hbi' successfully]]></system-out>
         <system-err><![CDATA[]]></system-err>
      </testcase>
      <testcase name="Test Cases/HIC/HBI/Legion Limited Medical" classname="Test Cases/HIC/HBI/Legion Limited Medical" status="PASSED">
         <system-out><![CDATA[2019-12-31 08:11:12 - [TEST_CASE][PASSED] - Test Cases/HIC/HBI/Legion Limited Medical: Test Cases/HIC/HBI/Legion Limited Medical

2019-12-31 08:11:12 - [TEST_STEP][PASSED] - callTestCase(findTestCase("HIC/_include/get_hicScreenPath"), ["project":"HIC", "productLine":"HBI", "carrierName":"Legion Limited Medical"], CONTINUE_ON_FAILURE): Call Test Case 'Test Cases/HIC/_include/get_hicScreenPath' successfully

2019-12-31 08:11:12 - [TEST_CASE][PASSED] - Test Cases/HIC/_include/get_hicScreenPath: Test Cases/HIC/_include/get_hicScreenPath

2019-12-31 08:11:12 - [TEST_STEP][PASSED] - m = getExecutionProperties(): null

2019-12-31 08:11:12 - [TEST_STEP][PASSED] - deviceName = get("mobileEmulation").get("deviceName"): null

2019-12-31 08:11:12 - [TEST_STEP][PASSED] - println(deviceName): null

2019-12-31 08:11:12 - [TEST_STEP][PASSED] - now = new java.util.Date(): null

2019-12-31 08:11:12 - [TEST_STEP][PASSED] - mydate = now.format("yyyyMMdd_HHmmss"): null

2019-12-31 08:11:12 - [TEST_STEP][PASSED] - screenPath = "../Screenshots/": null

2019-12-31 08:11:12 - [TEST_STEP][PASSED] - screenPath = screenPath + deviceName + "/" + project + "/" + productLine + "/" + carrierName + "/" + mydate + "/": null

2019-12-31 08:11:12 - [TEST_STEP][PASSED] - println(screenPath): null

2019-12-31 08:11:12 - [MESSAGE][PASSED] - Call Test Case 'Test Cases/HIC/_include/get_hicScreenPath' successfully

2019-12-31 08:11:12 - [TEST_STEP][PASSED] - i = 0: null

2019-12-31 08:11:12 - [TEST_STEP][PASSED] - callTestCase(findTestCase("AHI/_include/openWebSite"), ["env":"https://qa.healthinsurance.com/"], CONTINUE_ON_FAILURE): Call Test Case 'Test Cases/AHI/_include/openWebSite' successfully

2019-12-31 08:11:12 - [TEST_CASE][PASSED] - Test Cases/AHI/_include/openWebSite: Test Cases/AHI/_include/openWebSite

2019-12-31 08:11:12 - [TEST_STEP][PASSED] - openBrowser(env): Browser is opened with url: 'https://qa.healthinsurance.com/'

2019-12-31 08:11:12 - [MESSAGE][WARNING] - A browser is already opened. Closing browser and opening a new one

2019-12-31 08:11:13 - [MESSAGE][INFO] - Starting 'Chrome' driver

2019-12-31 08:11:13 - [MESSAGE][INFO] - User set preference: ['mobileEmulation', '{deviceName=iPhone 6}']

2019-12-31 08:11:13 - [MESSAGE][INFO] - User set preference: ['args', '[--incognito, --aggressive-cache-discard, --window-size=375,677, --no-sandbox]']

2019-12-31 08:11:17 - [MESSAGE][PASSED] - Browser is opened with url: 'https://qa.healthinsurance.com/'

2019-12-31 08:11:17 - [TEST_STEP][PASSED] - waitForPageLoad(20): Wait for page load successfully

2019-12-31 08:11:17 - [MESSAGE][PASSED] - Wait for page load successfully

2019-12-31 08:11:17 - [TEST_STEP][PASSED] - callTestCase(findTestCase("AHI/_include/get_screenshot"), [:], STOP_ON_FAILURE): Call Test Case 'Test Cases/AHI/_include/get_screenshot' successfully

2019-12-31 08:11:17 - [TEST_CASE][PASSED] - Test Cases/AHI/_include/get_screenshot: Test Cases/AHI/_include/get_screenshot

2019-12-31 08:11:17 - [TEST_STEP][PASSED] - takeScreenshot(screenPath + i + ".png"): Taking screenshot successfully

2019-12-31 08:11:18 - [MESSAGE][PASSED] - Taking screenshot successfully
[[ATTACHMENT|D:\\Test\\AgileTest\\Reports\\HIC\\hic\\20191231_080029\\../Screenshots/iPhone 6/HIC/HBI/Legion Limited Medical/20191231_081112/0.png]]

2019-12-31 08:11:18 - [TEST_STEP][PASSED] - (internal.GlobalVariable.i++): null

2019-12-31 08:11:18 - [MESSAGE][PASSED] - Call Test Case 'Test Cases/AHI/_include/get_screenshot' successfully

2019-12-31 08:11:18 - [MESSAGE][PASSED] - Call Test Case 'Test Cases/AHI/_include/openWebSite' successfully

2019-12-31 08:11:18 - [TEST_STEP][PASSED] - click(findTestObject("hic/nav/navButton")): Object: 'Object Repository/hic/nav/navButton' is clicked on

2019-12-31 08:11:18 - [MESSAGE][PASSED] - Object: 'Object Repository/hic/nav/navButton' is clicked on

2019-12-31 08:11:18 - [TEST_STEP][PASSED] - Thread.sleep(2000): null

2019-12-31 08:11:20 - [TEST_STEP][PASSED] - click(findTestObject("hic/nav/hbiLink")): Object: 'Object Repository/hic/nav/hbiLink' is clicked on

2019-12-31 08:11:20 - [MESSAGE][PASSED] - Object: 'Object Repository/hic/nav/hbiLink' is clicked on

2019-12-31 08:11:20 - [TEST_STEP][PASSED] - Thread.sleep(2000): null

2019-12-31 08:11:22 - [TEST_STEP][PASSED] - callTestCase(findTestCase("AHI/_include/get_screenshot"), [:], STOP_ON_FAILURE): Call Test Case 'Test Cases/AHI/_include/get_screenshot' successfully

2019-12-31 08:11:22 - [TEST_CASE][PASSED] - Test Cases/AHI/_include/get_screenshot: Test Cases/AHI/_include/get_screenshot

2019-12-31 08:11:22 - [TEST_STEP][PASSED] - takeScreenshot(screenPath + i + ".png"): Taking screenshot successfully

2019-12-31 08:11:22 - [MESSAGE][PASSED] - Taking screenshot successfully
[[ATTACHMENT|D:\\Test\\AgileTest\\Reports\\HIC\\hic\\20191231_080029\\../Screenshots/iPhone 6/HIC/HBI/Legion Limited Medical/20191231_081112/1.png]]

2019-12-31 08:11:22 - [TEST_STEP][PASSED] - (internal.GlobalVariable.i++): null

2019-12-31 08:11:22 - [MESSAGE][PASSED] - Call Test Case 'Test Cases/AHI/_include/get_screenshot' successfully

2019-12-31 08:11:22 - [TEST_STEP][PASSED] - callTestCase(findTestCase("HIC/_include/stm_census"), ["zipcode":"35215"], STOP_ON_FAILURE): Call Test Case 'Test Cases/HIC/_include/stm_census' successfully

2019-12-31 08:11:23 - [TEST_CASE][PASSED] - Test Cases/HIC/_include/stm_census: Test Cases/HIC/_include/stm_census

2019-12-31 08:11:23 - [TEST_STEP][PASSED] - setText(findTestObject("hic/stm/zip"), zipcode): Text '35215' is set on object 'Object Repository/hic/stm/zip'

2019-12-31 08:11:23 - [MESSAGE][PASSED] - Text '35215' is set on object 'Object Repository/hic/stm/zip'

2019-12-31 08:11:23 - [TEST_STEP][PASSED] - Thread.sleep(500): null

2019-12-31 08:11:24 - [TEST_STEP][PASSED] - setText(findTestObject("hic/stm/primaryDOB"), "03031987"): Text '03031987' is set on object 'Object Repository/hic/stm/primaryDOB'

2019-12-31 08:11:24 - [MESSAGE][PASSED] - Text '03031987' is set on object 'Object Repository/hic/stm/primaryDOB'

2019-12-31 08:11:24 - [TEST_STEP][PASSED] - click(findTestObject("hic/stm/female")): Object: 'Object Repository/hic/stm/female' is clicked on

2019-12-31 08:11:24 - [MESSAGE][PASSED] - Object: 'Object Repository/hic/stm/female' is clicked on

2019-12-31 08:11:24 - [TEST_STEP][PASSED] - Thread.sleep(3000): null

2019-12-31 08:11:27 - [TEST_STEP][PASSED] - click(findTestObject("hic/stm/submitButton")): Object: 'Object Repository/hic/stm/submitButton' is clicked on

2019-12-31 08:11:29 - [MESSAGE][PASSED] - Object: 'Object Repository/hic/stm/submitButton' is clicked on

2019-12-31 08:11:29 - [TEST_STEP][PASSED] - Thread.sleep(6000): null

2019-12-31 08:11:35 - [TEST_STEP][PASSED] - callTestCase(findTestCase("AHI/_include/check_quoteleadform"), [:], STOP_ON_FAILURE): Call Test Case 'Test Cases/AHI/_include/check_quoteleadform' successfully

2019-12-31 08:11:35 - [TEST_CASE][PASSED] - Test Cases/AHI/_include/check_quoteleadform: Test Cases/AHI/_include/check_quoteleadform

2019-12-31 08:11:35 - [TEST_STEP][PASSED] - callTestCase(findTestCase("AHI/_include/name"), [:], CONTINUE_ON_FAILURE): Call Test Case 'Test Cases/AHI/_include/name' successfully

2019-12-31 08:11:35 - [TEST_CASE][PASSED] - Test Cases/AHI/_include/name: Test Cases/AHI/_include/name

2019-12-31 08:11:35 - [TEST_STEP][PASSED] - driver = getWebDriver(): null

2019-12-31 08:11:35 - [TEST_STEP][PASSED] - selenium = new com.thoughtworks.selenium.webdriven.WebDriverBackedSelenium(driver, internal.GlobalVariable.ENV): null

2019-12-31 08:11:35 - [TEST_STEP][PASSED] - FirstName = "Test-123": null

2019-12-31 08:11:35 - [TEST_STEP][PASSED] - LastName = selenium.getEval("{var x="ABCDEFGHIJKLMNOPQRSTUVWXYZabcdefghijklmnopqrstuvwxyz"; var tmp="ZZ11-"; for (i=0;i<8;i++) tmp+=x.charAt(Math.ceil(51*Math.random()));tmp;}"): null

2019-12-31 08:11:35 - [TEST_STEP][PASSED] - Address = selenium.getEval("{var x="ABCDEFGHIJKLMNOPQRSTUVWXYZabcdefghijklmnopqrstuvwxyz"; var tmp=""; for (i=0;i<8;i++) tmp+=x.charAt(Math.ceil(51*Math.random()));tmp;}"): null

2019-12-31 08:11:35 - [TEST_STEP][PASSED] - City = selenium.getEval("{var x="ABCDEFGHIJKLMNOPQRSTUVWXYZabcdefghijklmnopqrstuvwxyz"; var tmp=""; for (i=0;i<8;i++) tmp+=x.charAt(Math.ceil(51*Math.random()));tmp;}"): null

2019-12-31 08:11:35 - [TEST_STEP][PASSED] - tel1 = selenium.getEval("{var x="123456789"; var tmp=""; for (i=0;i<3;i++) tmp+=x.charAt(Math.ceil(8*Math.random()));tmp;}"): null

2019-12-31 08:11:35 - [TEST_STEP][PASSED] - tel2 = selenium.getEval("{var x="123456789"; var tmp=""; for (i=0;i<3;i++) tmp+=x.charAt(Math.ceil(8*Math.random()));tmp;}"): null

2019-12-31 08:11:35 - [TEST_STEP][PASSED] - tel3 = selenium.getEval("{var x="123456789"; var tmp=""; for (i=0;i<4;i++) tmp+=x.charAt(Math.ceil(8*Math.random()));tmp;}"): null

2019-12-31 08:11:35 - [TEST_STEP][PASSED] - Tel = selenium.getExpression(tel1 + "-" + tel2 + "-" + tel3): null

2019-12-31 08:11:35 - [TEST_STEP][PASSED] - AutoEmail = selenium.getEval("{var x="ABCDEFGHIJKLMNOPQRSTUVWXYZabcdefghijklmnopqrstuvwxyz"; var tmp="test."; for (i=0;i<8;i++) tmp+=x.charAt(Math.ceil(51*Math.random()));tmp+="@suryani.cn";}"): null

2019-12-31 08:11:35 - [TEST_STEP][PASSED] - FirstName = FirstName: null

2019-12-31 08:11:35 - [TEST_STEP][PASSED] - LastName = LastName: null

2019-12-31 08:11:35 - [TEST_STEP][PASSED] - Address = Address: null

2019-12-31 08:11:35 - [TEST_STEP][PASSED] - City = City: null

2019-12-31 08:11:35 - [TEST_STEP][PASSED] - Tel = Tel: null

2019-12-31 08:11:35 - [TEST_STEP][PASSED] - AutoEmail = AutoEmail: null

2019-12-31 08:11:35 - [TEST_STEP][PASSED] - println(FirstName): null

2019-12-31 08:11:35 - [TEST_STEP][PASSED] - println(LastName): null

2019-12-31 08:11:35 - [TEST_STEP][PASSED] - println(Address): null

2019-12-31 08:11:35 - [TEST_STEP][PASSED] - println(City): null

2019-12-31 08:11:35 - [TEST_STEP][PASSED] - println(Tel): null

2019-12-31 08:11:35 - [TEST_STEP][PASSED] - println(AutoEmail): null

2019-12-31 08:11:35 - [MESSAGE][PASSED] - Call Test Case 'Test Cases/AHI/_include/name' successfully

2019-12-31 08:11:35 - [TEST_STEP][PASSED] - leadform_exist = test.MobileKeywords.isElementPresent_Web(findTestObject("mobileSanity/quote lead form/lead_form"), 20): test.MobileKeywords.isElementPresent_Web is PASSED

2019-12-31 08:11:35 - [MESSAGE][PASSED] - test.MobileKeywords.isElementPresent_Web is PASSED

2019-12-31 08:11:35 - [TEST_STEP][PASSED] - if (leadform_exist): null

2019-12-31 08:11:35 - [TEST_STEP][PASSED] - setText(findTestObject("mobileSanity/quote lead form/first"), FirstName): Text 'Test-123' is set on object 'Object Repository/mobileSanity/quote lead form/first'

2019-12-31 08:11:35 - [MESSAGE][PASSED] - Text 'Test-123' is set on object 'Object Repository/mobileSanity/quote lead form/first'

2019-12-31 08:11:35 - [TEST_STEP][PASSED] - setText(findTestObject("mobileSanity/quote lead form/last"), LastName): Text 'ZZ11-xfSSbNKE' is set on object 'Object Repository/mobileSanity/quote lead form/last'

2019-12-31 08:11:35 - [MESSAGE][PASSED] - Text 'ZZ11-xfSSbNKE' is set on object 'Object Repository/mobileSanity/quote lead form/last'

2019-12-31 08:11:35 - [TEST_STEP][PASSED] - setText(findTestObject("mobileSanity/quote lead form/email"), AutoEmail): Text 'test.XqXuhqWG@suryani.cn' is set on object 'Object Repository/mobileSanity/quote lead form/email'

2019-12-31 08:11:35 - [MESSAGE][PASSED] - Text 'test.XqXuhqWG@suryani.cn' is set on object 'Object Repository/mobileSanity/quote lead form/email'

2019-12-31 08:11:35 - [TEST_STEP][PASSED] - setText(findTestObject("mobileSanity/quote lead form/phone"), Tel): Text '394-867-2582' is set on object 'Object Repository/mobileSanity/quote lead form/phone'

2019-12-31 08:11:36 - [MESSAGE][PASSED] - Text '394-867-2582' is set on object 'Object Repository/mobileSanity/quote lead form/phone'

2019-12-31 08:11:36 - [TEST_STEP][PASSED] - click(findTestObject("mobileSanity/quote lead form/submit")): Object: 'Object Repository/mobileSanity/quote lead form/submit' is clicked on

2019-12-31 08:11:36 - [MESSAGE][PASSED] - Object: 'Object Repository/mobileSanity/quote lead form/submit' is clicked on

2019-12-31 08:11:36 - [TEST_STEP][PASSED] - Thread.sleep(3000): null

2019-12-31 08:11:39 - [MESSAGE][PASSED] - Call Test Case 'Test Cases/AHI/_include/check_quoteleadform' successfully

2019-12-31 08:11:39 - [TEST_STEP][PASSED] - callTestCase(findTestCase("AHI/_include/get_screenshot"), [:], STOP_ON_FAILURE): Call Test Case 'Test Cases/AHI/_include/get_screenshot' successfully

2019-12-31 08:11:39 - [TEST_CASE][PASSED] - Test Cases/AHI/_include/get_screenshot: Test Cases/AHI/_include/get_screenshot

2019-12-31 08:11:39 - [TEST_STEP][PASSED] - takeScreenshot(screenPath + i + ".png"): Taking screenshot successfully

2019-12-31 08:11:40 - [MESSAGE][PASSED] - Taking screenshot successfully
[[ATTACHMENT|D:\\Test\\AgileTest\\Reports\\HIC\\hic\\20191231_080029\\../Screenshots/iPhone 6/HIC/HBI/Legion Limited Medical/20191231_081112/2.png]]

2019-12-31 08:11:40 - [TEST_STEP][PASSED] - (internal.GlobalVariable.i++): null

2019-12-31 08:11:40 - [MESSAGE][PASSED] - Call Test Case 'Test Cases/AHI/_include/get_screenshot' successfully

2019-12-31 08:11:40 - [TEST_STEP][PASSED] - Thread.sleep(1000): null

2019-12-31 08:11:41 - [MESSAGE][PASSED] - Call Test Case 'Test Cases/HIC/_include/stm_census' successfully

2019-12-31 08:11:41 - [TEST_STEP][PASSED] - click(findTestObject("mobileSanity/HBI/quote/a_Legion Limited Medical 500")): Object: 'Object Repository/mobileSanity/HBI/quote/a_Legion Limited Medical 500' is clicked on

2019-12-31 08:11:42 - [MESSAGE][PASSED] - Object: 'Object Repository/mobileSanity/HBI/quote/a_Legion Limited Medical 500' is clicked on

2019-12-31 08:11:42 - [TEST_STEP][PASSED] - waitForPageLoad(20): Wait for page load successfully

2019-12-31 08:11:42 - [MESSAGE][PASSED] - Wait for page load successfully

2019-12-31 08:11:42 - [TEST_STEP][PASSED] - callTestCase(findTestCase("AHI/_include/get_screenshot"), [:], STOP_ON_FAILURE): Call Test Case 'Test Cases/AHI/_include/get_screenshot' successfully

2019-12-31 08:11:42 - [TEST_CASE][PASSED] - Test Cases/AHI/_include/get_screenshot: Test Cases/AHI/_include/get_screenshot

2019-12-31 08:11:42 - [TEST_STEP][PASSED] - takeScreenshot(screenPath + i + ".png"): Taking screenshot successfully

2019-12-31 08:11:44 - [MESSAGE][PASSED] - Taking screenshot successfully
[[ATTACHMENT|D:\\Test\\AgileTest\\Reports\\HIC\\hic\\20191231_080029\\../Screenshots/iPhone 6/HIC/HBI/Legion Limited Medical/20191231_081112/3.png]]

2019-12-31 08:11:44 - [TEST_STEP][PASSED] - (internal.GlobalVariable.i++): null

2019-12-31 08:11:44 - [MESSAGE][PASSED] - Call Test Case 'Test Cases/AHI/_include/get_screenshot' successfully

2019-12-31 08:11:44 - [TEST_STEP][PASSED] - click(findTestObject("mobileSanity/HBI/detail/a_Apply for This Plan")): Object: 'Object Repository/mobileSanity/HBI/detail/a_Apply for This Plan' is clicked on

2019-12-31 08:11:44 - [MESSAGE][PASSED] - Object: 'Object Repository/mobileSanity/HBI/detail/a_Apply for This Plan' is clicked on

2019-12-31 08:11:44 - [TEST_STEP][PASSED] - waitForPageLoad(20): Wait for page load successfully

2019-12-31 08:11:45 - [MESSAGE][PASSED] - Wait for page load successfully

2019-12-31 08:11:45 - [TEST_STEP][PASSED] - callTestCase(findTestCase("AHI/_include/get_screenshot"), [:], STOP_ON_FAILURE): Call Test Case 'Test Cases/AHI/_include/get_screenshot' successfully

2019-12-31 08:11:45 - [TEST_CASE][PASSED] - Test Cases/AHI/_include/get_screenshot: Test Cases/AHI/_include/get_screenshot

2019-12-31 08:11:45 - [TEST_STEP][PASSED] - takeScreenshot(screenPath + i + ".png"): Taking screenshot successfully

2019-12-31 08:11:46 - [MESSAGE][PASSED] - Taking screenshot successfully
[[ATTACHMENT|D:\\Test\\AgileTest\\Reports\\HIC\\hic\\20191231_080029\\../Screenshots/iPhone 6/HIC/HBI/Legion Limited Medical/20191231_081112/4.png]]

2019-12-31 08:11:46 - [TEST_STEP][PASSED] - (internal.GlobalVariable.i++): null

2019-12-31 08:11:46 - [MESSAGE][PASSED] - Call Test Case 'Test Cases/AHI/_include/get_screenshot' successfully

2019-12-31 08:11:46 - [TEST_STEP][PASSED] - click(findTestObject("mobileSanity/HBI/Page_Apply/span_Start Secure Application")): Object: 'Object Repository/mobileSanity/HBI/Page_Apply/span_Start Secure Application' is clicked on

2019-12-31 08:11:46 - [MESSAGE][PASSED] - Object: 'Object Repository/mobileSanity/HBI/Page_Apply/span_Start Secure Application' is clicked on

2019-12-31 08:11:46 - [TEST_STEP][PASSED] - waitForPageLoad(20): Wait for page load successfully

2019-12-31 08:11:48 - [MESSAGE][PASSED] - Wait for page load successfully

2019-12-31 08:11:48 - [TEST_STEP][PASSED] - Thread.sleep(5000): null

2019-12-31 08:11:53 - [TEST_STEP][PASSED] - callTestCase(findTestCase("AHI/_include/get_screenshot"), [:], STOP_ON_FAILURE): Call Test Case 'Test Cases/AHI/_include/get_screenshot' successfully

2019-12-31 08:11:53 - [TEST_CASE][PASSED] - Test Cases/AHI/_include/get_screenshot: Test Cases/AHI/_include/get_screenshot

2019-12-31 08:11:53 - [TEST_STEP][PASSED] - takeScreenshot(screenPath + i + ".png"): Taking screenshot successfully

2019-12-31 08:11:54 - [MESSAGE][PASSED] - Taking screenshot successfully
[[ATTACHMENT|D:\\Test\\AgileTest\\Reports\\HIC\\hic\\20191231_080029\\../Screenshots/iPhone 6/HIC/HBI/Legion Limited Medical/20191231_081112/5.png]]

2019-12-31 08:11:54 - [TEST_STEP][PASSED] - (internal.GlobalVariable.i++): null

2019-12-31 08:11:54 - [MESSAGE][PASSED] - Call Test Case 'Test Cases/AHI/_include/get_screenshot' successfully

2019-12-31 08:11:54 - [TEST_STEP][PASSED] - callTestCase(findTestCase("AHI/_include/goToEnd_hbi"), ["carrier":"legionlimitedmedical"], CONTINUE_ON_FAILURE): Call Test Case 'Test Cases/AHI/_include/goToEnd_hbi' successfully

2019-12-31 08:11:54 - [TEST_CASE][PASSED] - Test Cases/AHI/_include/goToEnd_hbi: Test Cases/AHI/_include/goToEnd_hbi

2019-12-31 08:11:54 - [TEST_STEP][PASSED] - if (state == "ca"): null

2019-12-31 08:11:54 - [TEST_STEP][PASSED] - callTestCase(findTestCase("AHI/_include/name"), [:], CONTINUE_ON_FAILURE): Call Test Case 'Test Cases/AHI/_include/name' successfully

2019-12-31 08:11:54 - [TEST_CASE][PASSED] - Test Cases/AHI/_include/name: Test Cases/AHI/_include/name

2019-12-31 08:11:54 - [TEST_STEP][PASSED] - driver = getWebDriver(): null

2019-12-31 08:11:54 - [TEST_STEP][PASSED] - selenium = new com.thoughtworks.selenium.webdriven.WebDriverBackedSelenium(driver, internal.GlobalVariable.ENV): null

2019-12-31 08:11:54 - [TEST_STEP][PASSED] - FirstName = "Test-123": null

2019-12-31 08:11:54 - [TEST_STEP][PASSED] - LastName = selenium.getEval("{var x="ABCDEFGHIJKLMNOPQRSTUVWXYZabcdefghijklmnopqrstuvwxyz"; var tmp="ZZ11-"; for (i=0;i<8;i++) tmp+=x.charAt(Math.ceil(51*Math.random()));tmp;}"): null

2019-12-31 08:11:54 - [TEST_STEP][PASSED] - Address = selenium.getEval("{var x="ABCDEFGHIJKLMNOPQRSTUVWXYZabcdefghijklmnopqrstuvwxyz"; var tmp=""; for (i=0;i<8;i++) tmp+=x.charAt(Math.ceil(51*Math.random()));tmp;}"): null

2019-12-31 08:11:54 - [TEST_STEP][PASSED] - City = selenium.getEval("{var x="ABCDEFGHIJKLMNOPQRSTUVWXYZabcdefghijklmnopqrstuvwxyz"; var tmp=""; for (i=0;i<8;i++) tmp+=x.charAt(Math.ceil(51*Math.random()));tmp;}"): null

2019-12-31 08:11:54 - [TEST_STEP][PASSED] - tel1 = selenium.getEval("{var x="123456789"; var tmp=""; for (i=0;i<3;i++) tmp+=x.charAt(Math.ceil(8*Math.random()));tmp;}"): null

2019-12-31 08:11:54 - [TEST_STEP][PASSED] - tel2 = selenium.getEval("{var x="123456789"; var tmp=""; for (i=0;i<3;i++) tmp+=x.charAt(Math.ceil(8*Math.random()));tmp;}"): null

2019-12-31 08:11:54 - [TEST_STEP][PASSED] - tel3 = selenium.getEval("{var x="123456789"; var tmp=""; for (i=0;i<4;i++) tmp+=x.charAt(Math.ceil(8*Math.random()));tmp;}"): null

2019-12-31 08:11:54 - [TEST_STEP][PASSED] - Tel = selenium.getExpression(tel1 + "-" + tel2 + "-" + tel3): null

2019-12-31 08:11:54 - [TEST_STEP][PASSED] - AutoEmail = selenium.getEval("{var x="ABCDEFGHIJKLMNOPQRSTUVWXYZabcdefghijklmnopqrstuvwxyz"; var tmp="test."; for (i=0;i<8;i++) tmp+=x.charAt(Math.ceil(51*Math.random()));tmp+="@suryani.cn";}"): null

2019-12-31 08:11:54 - [TEST_STEP][PASSED] - FirstName = FirstName: null

2019-12-31 08:11:54 - [TEST_STEP][PASSED] - LastName = LastName: null

2019-12-31 08:11:54 - [TEST_STEP][PASSED] - Address = Address: null

2019-12-31 08:11:54 - [TEST_STEP][PASSED] - City = City: null

2019-12-31 08:11:54 - [TEST_STEP][PASSED] - Tel = Tel: null

2019-12-31 08:11:54 - [TEST_STEP][PASSED] - AutoEmail = AutoEmail: null

2019-12-31 08:11:54 - [TEST_STEP][PASSED] - println(FirstName): null

2019-12-31 08:11:54 - [TEST_STEP][PASSED] - println(LastName): null

2019-12-31 08:11:54 - [TEST_STEP][PASSED] - println(Address): null

2019-12-31 08:11:54 - [TEST_STEP][PASSED] - println(City): null

2019-12-31 08:11:54 - [TEST_STEP][PASSED] - println(Tel): null

2019-12-31 08:11:54 - [TEST_STEP][PASSED] - println(AutoEmail): null

2019-12-31 08:11:54 - [MESSAGE][PASSED] - Call Test Case 'Test Cases/AHI/_include/name' successfully

2019-12-31 08:11:54 - [TEST_STEP][PASSED] - setText(findTestObject("mobileSanity/HBI/Page_App Page 1/input__member-P-1-firstName"), FirstName): Text 'Test-123' is set on object 'Object Repository/mobileSanity/HBI/Page_App Page 1/input__member-P-1-firstName'

2019-12-31 08:11:54 - [MESSAGE][PASSED] - Text 'Test-123' is set on object 'Object Repository/mobileSanity/HBI/Page_App Page 1/input__member-P-1-firstName'

2019-12-31 08:11:54 - [TEST_STEP][PASSED] - setText(findTestObject("mobileSanity/HBI/Page_App Page 1/input__member-P-1-lastName"), LastName): Text 'ZZ11-MWMaJXOT' is set on object 'Object Repository/mobileSanity/HBI/Page_App Page 1/input__member-P-1-lastName'

2019-12-31 08:11:54 - [MESSAGE][PASSED] - Text 'ZZ11-MWMaJXOT' is set on object 'Object Repository/mobileSanity/HBI/Page_App Page 1/input__member-P-1-lastName'

2019-12-31 08:11:54 - [TEST_STEP][PASSED] - if (carrier == "agileone" || carrier == "agilesecure"): null

2019-12-31 08:11:54 - [TEST_STEP][PASSED] - setText(findTestObject("mobileSanity/HBI/Page_App Page 1/input__address"), Address): Text 'SVzhOLlE' is set on object 'Object Repository/mobileSanity/HBI/Page_App Page 1/input__address'

2019-12-31 08:11:55 - [MESSAGE][PASSED] - Text 'SVzhOLlE' is set on object 'Object Repository/mobileSanity/HBI/Page_App Page 1/input__address'

2019-12-31 08:11:55 - [TEST_STEP][PASSED] - setText(findTestObject("mobileSanity/HBI/Page_App Page 1/input__city"), City): Text 'ueMJJjtf' is set on object 'Object Repository/mobileSanity/HBI/Page_App Page 1/input__city'

2019-12-31 08:11:55 - [MESSAGE][PASSED] - Text 'ueMJJjtf' is set on object 'Object Repository/mobileSanity/HBI/Page_App Page 1/input__city'

2019-12-31 08:11:55 - [TEST_STEP][PASSED] - setText(findTestObject("mobileSanity/HBI/Page_App Page 1/input__email"), AutoEmail): Text 'test.BMxWsWdI@suryani.cn' is set on object 'Object Repository/mobileSanity/HBI/Page_App Page 1/input__email'

2019-12-31 08:11:55 - [MESSAGE][PASSED] - Text 'test.BMxWsWdI@suryani.cn' is set on object 'Object Repository/mobileSanity/HBI/Page_App Page 1/input__email'

2019-12-31 08:11:55 - [TEST_STEP][PASSED] - setText(findTestObject("mobileSanity/HBI/Page_App Page 1/input_tel"), Tel): Text '837-725-9965' is set on object 'Object Repository/mobileSanity/HBI/Page_App Page 1/input_tel'

2019-12-31 08:11:55 - [MESSAGE][PASSED] - Text '837-725-9965' is set on object 'Object Repository/mobileSanity/HBI/Page_App Page 1/input_tel'

2019-12-31 08:11:55 - [TEST_STEP][PASSED] - Thread.sleep(5000): null

2019-12-31 08:12:00 - [TEST_STEP][PASSED] - click(findTestObject("mobileSanity/HBI/Page_App Page 1/a_Continue to Step 2 - Payment")): Object: 'Object Repository/mobileSanity/HBI/Page_App Page 1/a_Continue to Step 2 - Payment' is clicked on

2019-12-31 08:12:01 - [MESSAGE][PASSED] - Object: 'Object Repository/mobileSanity/HBI/Page_App Page 1/a_Continue to Step 2 - Payment' is clicked on

2019-12-31 08:12:01 - [TEST_STEP][PASSED] - waitForPageLoad(20): Wait for page load successfully

2019-12-31 08:12:01 - [MESSAGE][PASSED] - Wait for page load successfully

2019-12-31 08:12:01 - [TEST_STEP][PASSED] - Thread.sleep(2000): null

2019-12-31 08:12:03 - [TEST_STEP][PASSED] - waitForElementVisible(findTestObject("mobileSanity/HBI/Page_App Page 2/input__credit-card-first"), 20): Object 'Object Repository/mobileSanity/HBI/Page_App Page 2/input__credit-card-first' is visible

2019-12-31 08:12:03 - [MESSAGE][PASSED] - Object 'Object Repository/mobileSanity/HBI/Page_App Page 2/input__credit-card-first' is visible

2019-12-31 08:12:03 - [TEST_STEP][PASSED] - callTestCase(findTestCase("AHI/_include/get_screenshot"), [:], STOP_ON_FAILURE): Call Test Case 'Test Cases/AHI/_include/get_screenshot' successfully

2019-12-31 08:12:03 - [TEST_CASE][PASSED] - Test Cases/AHI/_include/get_screenshot: Test Cases/AHI/_include/get_screenshot

2019-12-31 08:12:03 - [TEST_STEP][PASSED] - takeScreenshot(screenPath + i + ".png"): Taking screenshot successfully

2019-12-31 08:12:04 - [MESSAGE][PASSED] - Taking screenshot successfully
[[ATTACHMENT|D:\\Test\\AgileTest\\Reports\\HIC\\hic\\20191231_080029\\../Screenshots/iPhone 6/HIC/HBI/Legion Limited Medical/20191231_081112/6.png]]

2019-12-31 08:12:04 - [TEST_STEP][PASSED] - (internal.GlobalVariable.i++): null

2019-12-31 08:12:04 - [MESSAGE][PASSED] - Call Test Case 'Test Cases/AHI/_include/get_screenshot' successfully

2019-12-31 08:12:04 - [TEST_STEP][PASSED] - setText(findTestObject("mobileSanity/HBI/Page_App Page 2/input__credit-card-first"), FirstName): Text 'Test-123' is set on object 'Object Repository/mobileSanity/HBI/Page_App Page 2/input__credit-card-first'

2019-12-31 08:12:04 - [MESSAGE][PASSED] - Text 'Test-123' is set on object 'Object Repository/mobileSanity/HBI/Page_App Page 2/input__credit-card-first'

2019-12-31 08:12:04 - [TEST_STEP][PASSED] - setText(findTestObject("mobileSanity/HBI/Page_App Page 2/input__credit-card-last"), LastName): Text 'ZZ11-MWMaJXOT' is set on object 'Object Repository/mobileSanity/HBI/Page_App Page 2/input__credit-card-last'

2019-12-31 08:12:04 - [MESSAGE][PASSED] - Text 'ZZ11-MWMaJXOT' is set on object 'Object Repository/mobileSanity/HBI/Page_App Page 2/input__credit-card-last'

2019-12-31 08:12:04 - [TEST_STEP][PASSED] - selectOptionByValue(findTestObject("mobileSanity/HBI/Page_App Page 2/select_MM010203040506070809101"), "12", true): All options with value '12' are selected in object 'Object Repository/mobileSanity/HBI/Page_App Page 2/select_MM010203040506070809101'  using regular expression

2019-12-31 08:12:05 - [MESSAGE][PASSED] - All options with value '12' are selected in object 'Object Repository/mobileSanity/HBI/Page_App Page 2/select_MM010203040506070809101'  using regular expression

2019-12-31 08:12:05 - [TEST_STEP][PASSED] - selectOptionByValue(findTestObject("mobileSanity/HBI/Page_App Page 2/select_YYYY2019202020212022202"), "2026", true): All options with value '2026' are selected in object 'Object Repository/mobileSanity/HBI/Page_App Page 2/select_YYYY2019202020212022202'  using regular expression

2019-12-31 08:12:05 - [MESSAGE][PASSED] - All options with value '2026' are selected in object 'Object Repository/mobileSanity/HBI/Page_App Page 2/select_YYYY2019202020212022202'  using regular expression

2019-12-31 08:12:05 - [TEST_STEP][PASSED] - setText(findTestObject("mobileSanity/HBI/Page_App Page 2/input__credit-card-number"), "4111111111111111"): Text '4111111111111111' is set on object 'Object Repository/mobileSanity/HBI/Page_App Page 2/input__credit-card-number'

2019-12-31 08:12:06 - [MESSAGE][PASSED] - Text '4111111111111111' is set on object 'Object Repository/mobileSanity/HBI/Page_App Page 2/input__credit-card-number'

2019-12-31 08:12:06 - [TEST_STEP][PASSED] - setText(findTestObject("mobileSanity/HBI/Page_App Page 2/input__cvv"), "123"): Text '123' is set on object 'Object Repository/mobileSanity/HBI/Page_App Page 2/input__cvv'

2019-12-31 08:12:07 - [MESSAGE][PASSED] - Text '123' is set on object 'Object Repository/mobileSanity/HBI/Page_App Page 2/input__cvv'

2019-12-31 08:12:07 - [TEST_STEP][PASSED] - click(findTestObject("mobileSanity/HBI/Page_App Page 2/label_My billing address is th")): Object: 'Object Repository/mobileSanity/HBI/Page_App Page 2/label_My billing address is th' is clicked on

2019-12-31 08:12:07 - [MESSAGE][PASSED] - Object: 'Object Repository/mobileSanity/HBI/Page_App Page 2/label_My billing address is th' is clicked on

2019-12-31 08:12:07 - [TEST_STEP][PASSED] - click(findTestObject("mobileSanity/HBI/Page_App Page 2/label_I Accept Authorization f")): Object: 'Object Repository/mobileSanity/HBI/Page_App Page 2/label_I Accept Authorization f' is clicked on

2019-12-31 08:12:07 - [MESSAGE][PASSED] - Object: 'Object Repository/mobileSanity/HBI/Page_App Page 2/label_I Accept Authorization f' is clicked on

2019-12-31 08:12:07 - [TEST_STEP][PASSED] - click(findTestObject("mobileSanity/HBI/Page_App Page 2/a_Continue to Step 3 - Review")): Object: 'Object Repository/mobileSanity/HBI/Page_App Page 2/a_Continue to Step 3 - Review' is clicked on

2019-12-31 08:12:09 - [MESSAGE][PASSED] - Object: 'Object Repository/mobileSanity/HBI/Page_App Page 2/a_Continue to Step 3 - Review' is clicked on

2019-12-31 08:12:09 - [TEST_STEP][PASSED] - waitForPageLoad(20): Wait for page load successfully

2019-12-31 08:12:09 - [MESSAGE][PASSED] - Wait for page load successfully

2019-12-31 08:12:09 - [TEST_STEP][PASSED] - Thread.sleep(10000): null

2019-12-31 08:12:19 - [TEST_STEP][PASSED] - waitForElementPresent(findTestObject("mobileSanity/HBI/Page_App Page 3/label"), 20): Object 'Object Repository/mobileSanity/HBI/Page_App Page 3/label' is present

2019-12-31 08:12:19 - [MESSAGE][PASSED] - Object 'Object Repository/mobileSanity/HBI/Page_App Page 3/label' is present

2019-12-31 08:12:19 - [TEST_STEP][PASSED] - callTestCase(findTestCase("AHI/_include/get_screenshot"), [:], STOP_ON_FAILURE): Call Test Case 'Test Cases/AHI/_include/get_screenshot' successfully

2019-12-31 08:12:19 - [TEST_CASE][PASSED] - Test Cases/AHI/_include/get_screenshot: Test Cases/AHI/_include/get_screenshot

2019-12-31 08:12:19 - [TEST_STEP][PASSED] - takeScreenshot(screenPath + i + ".png"): Taking screenshot successfully

2019-12-31 08:12:19 - [MESSAGE][PASSED] - Taking screenshot successfully
[[ATTACHMENT|D:\\Test\\AgileTest\\Reports\\HIC\\hic\\20191231_080029\\../Screenshots/iPhone 6/HIC/HBI/Legion Limited Medical/20191231_081112/7.png]]

2019-12-31 08:12:19 - [TEST_STEP][PASSED] - (internal.GlobalVariable.i++): null

2019-12-31 08:12:19 - [MESSAGE][PASSED] - Call Test Case 'Test Cases/AHI/_include/get_screenshot' successfully

2019-12-31 08:12:19 - [TEST_STEP][PASSED] - click(findTestObject("mobileSanity/HBI/Page_App Page 3/label")): Object: 'Object Repository/mobileSanity/HBI/Page_App Page 3/label' is clicked on

2019-12-31 08:12:20 - [MESSAGE][PASSED] - Object: 'Object Repository/mobileSanity/HBI/Page_App Page 3/label' is clicked on

2019-12-31 08:12:20 - [TEST_STEP][PASSED] - click(findTestObject("mobileSanity/HBI/Page_App Page 3/p_CLICK TO SIGN")): Object: 'Object Repository/mobileSanity/HBI/Page_App Page 3/p_CLICK TO SIGN' is clicked on

2019-12-31 08:12:20 - [MESSAGE][PASSED] - Object: 'Object Repository/mobileSanity/HBI/Page_App Page 3/p_CLICK TO SIGN' is clicked on

2019-12-31 08:12:20 - [TEST_STEP][PASSED] - click(findTestObject("mobileSanity/HBI/Page_App Page 3/a_Submit Your Application")): Object: 'Object Repository/mobileSanity/HBI/Page_App Page 3/a_Submit Your Application' is clicked on

2019-12-31 08:12:20 - [MESSAGE][PASSED] - Object: 'Object Repository/mobileSanity/HBI/Page_App Page 3/a_Submit Your Application' is clicked on

2019-12-31 08:12:20 - [TEST_STEP][PASSED] - Thread.sleep(30000): null

2019-12-31 08:12:50 - [TEST_STEP][PASSED] - callTestCase(findTestCase("AHI/_include/get_screenshot"), [:], STOP_ON_FAILURE): Call Test Case 'Test Cases/AHI/_include/get_screenshot' successfully

2019-12-31 08:12:50 - [TEST_CASE][PASSED] - Test Cases/AHI/_include/get_screenshot: Test Cases/AHI/_include/get_screenshot

2019-12-31 08:12:50 - [TEST_STEP][PASSED] - takeScreenshot(screenPath + i + ".png"): Taking screenshot successfully

2019-12-31 08:12:51 - [MESSAGE][PASSED] - Taking screenshot successfully
[[ATTACHMENT|D:\\Test\\AgileTest\\Reports\\HIC\\hic\\20191231_080029\\../Screenshots/iPhone 6/HIC/HBI/Legion Limited Medical/20191231_081112/8.png]]

2019-12-31 08:12:51 - [TEST_STEP][PASSED] - (internal.GlobalVariable.i++): null

2019-12-31 08:12:51 - [MESSAGE][PASSED] - Call Test Case 'Test Cases/AHI/_include/get_screenshot' successfully

2019-12-31 08:12:51 - [TEST_STEP][PASSED] - verifyTextPresent("Congratulations", false): Text 'Congratulations' is present on page 

2019-12-31 08:12:51 - [MESSAGE][PASSED] - Text 'Congratulations' is present on page 

2019-12-31 08:12:51 - [MESSAGE][PASSED] - Call Test Case 'Test Cases/AHI/_include/goToEnd_hbi' successfully]]></system-out>
         <system-err><![CDATA[]]></system-err>
      </testcase>
      <testcase name="Test Cases/HIC/HBI/Vitala Care" classname="Test Cases/HIC/HBI/Vitala Care" status="PASSED">
         <system-out><![CDATA[2019-12-31 08:12:51 - [TEST_CASE][PASSED] - Test Cases/HIC/HBI/Vitala Care: Test Cases/HIC/HBI/Vitala Care

2019-12-31 08:12:51 - [TEST_STEP][PASSED] - callTestCase(findTestCase("HIC/_include/get_hicScreenPath"), ["project":"HIC", "productLine":"HBI", "carrierName":"Vitala Care"], CONTINUE_ON_FAILURE): Call Test Case 'Test Cases/HIC/_include/get_hicScreenPath' successfully

2019-12-31 08:12:51 - [TEST_CASE][PASSED] - Test Cases/HIC/_include/get_hicScreenPath: Test Cases/HIC/_include/get_hicScreenPath

2019-12-31 08:12:51 - [TEST_STEP][PASSED] - m = getExecutionProperties(): null

2019-12-31 08:12:51 - [TEST_STEP][PASSED] - deviceName = get("mobileEmulation").get("deviceName"): null

2019-12-31 08:12:51 - [TEST_STEP][PASSED] - println(deviceName): null

2019-12-31 08:12:51 - [TEST_STEP][PASSED] - now = new java.util.Date(): null

2019-12-31 08:12:51 - [TEST_STEP][PASSED] - mydate = now.format("yyyyMMdd_HHmmss"): null

2019-12-31 08:12:51 - [TEST_STEP][PASSED] - screenPath = "../Screenshots/": null

2019-12-31 08:12:51 - [TEST_STEP][PASSED] - screenPath = screenPath + deviceName + "/" + project + "/" + productLine + "/" + carrierName + "/" + mydate + "/": null

2019-12-31 08:12:51 - [TEST_STEP][PASSED] - println(screenPath): null

2019-12-31 08:12:51 - [MESSAGE][PASSED] - Call Test Case 'Test Cases/HIC/_include/get_hicScreenPath' successfully

2019-12-31 08:12:51 - [TEST_STEP][PASSED] - i = 0: null

2019-12-31 08:12:51 - [TEST_STEP][PASSED] - callTestCase(findTestCase("AHI/_include/openWebSite"), ["env":"https://qa.healthinsurance.com/"], CONTINUE_ON_FAILURE): Call Test Case 'Test Cases/AHI/_include/openWebSite' successfully

2019-12-31 08:12:51 - [TEST_CASE][PASSED] - Test Cases/AHI/_include/openWebSite: Test Cases/AHI/_include/openWebSite

2019-12-31 08:12:51 - [TEST_STEP][PASSED] - openBrowser(env): Browser is opened with url: 'https://qa.healthinsurance.com/'

2019-12-31 08:12:51 - [MESSAGE][WARNING] - A browser is already opened. Closing browser and opening a new one

2019-12-31 08:12:53 - [MESSAGE][INFO] - Starting 'Chrome' driver

2019-12-31 08:12:53 - [MESSAGE][INFO] - User set preference: ['mobileEmulation', '{deviceName=iPhone 6}']

2019-12-31 08:12:53 - [MESSAGE][INFO] - User set preference: ['args', '[--incognito, --aggressive-cache-discard, --window-size=375,677, --no-sandbox]']

2019-12-31 08:12:58 - [MESSAGE][PASSED] - Browser is opened with url: 'https://qa.healthinsurance.com/'

2019-12-31 08:12:58 - [TEST_STEP][PASSED] - waitForPageLoad(20): Wait for page load successfully

2019-12-31 08:12:58 - [MESSAGE][PASSED] - Wait for page load successfully

2019-12-31 08:12:58 - [TEST_STEP][PASSED] - callTestCase(findTestCase("AHI/_include/get_screenshot"), [:], STOP_ON_FAILURE): Call Test Case 'Test Cases/AHI/_include/get_screenshot' successfully

2019-12-31 08:12:58 - [TEST_CASE][PASSED] - Test Cases/AHI/_include/get_screenshot: Test Cases/AHI/_include/get_screenshot

2019-12-31 08:12:58 - [TEST_STEP][PASSED] - takeScreenshot(screenPath + i + ".png"): Taking screenshot successfully

2019-12-31 08:12:59 - [MESSAGE][PASSED] - Taking screenshot successfully
[[ATTACHMENT|D:\\Test\\AgileTest\\Reports\\HIC\\hic\\20191231_080029\\../Screenshots/iPhone 6/HIC/HBI/Vitala Care/20191231_081251/0.png]]

2019-12-31 08:12:59 - [TEST_STEP][PASSED] - (internal.GlobalVariable.i++): null

2019-12-31 08:12:59 - [MESSAGE][PASSED] - Call Test Case 'Test Cases/AHI/_include/get_screenshot' successfully

2019-12-31 08:12:59 - [MESSAGE][PASSED] - Call Test Case 'Test Cases/AHI/_include/openWebSite' successfully

2019-12-31 08:12:59 - [TEST_STEP][PASSED] - click(findTestObject("hic/nav/navButton")): Object: 'Object Repository/hic/nav/navButton' is clicked on

2019-12-31 08:12:59 - [MESSAGE][PASSED] - Object: 'Object Repository/hic/nav/navButton' is clicked on

2019-12-31 08:12:59 - [TEST_STEP][PASSED] - Thread.sleep(2000): null

2019-12-31 08:13:01 - [TEST_STEP][PASSED] - click(findTestObject("hic/nav/hbiLink")): Object: 'Object Repository/hic/nav/hbiLink' is clicked on

2019-12-31 08:13:01 - [MESSAGE][PASSED] - Object: 'Object Repository/hic/nav/hbiLink' is clicked on

2019-12-31 08:13:01 - [TEST_STEP][PASSED] - Thread.sleep(2000): null

2019-12-31 08:13:03 - [TEST_STEP][PASSED] - callTestCase(findTestCase("AHI/_include/get_screenshot"), [:], STOP_ON_FAILURE): Call Test Case 'Test Cases/AHI/_include/get_screenshot' successfully

2019-12-31 08:13:03 - [TEST_CASE][PASSED] - Test Cases/AHI/_include/get_screenshot: Test Cases/AHI/_include/get_screenshot

2019-12-31 08:13:03 - [TEST_STEP][PASSED] - takeScreenshot(screenPath + i + ".png"): Taking screenshot successfully

2019-12-31 08:13:04 - [MESSAGE][PASSED] - Taking screenshot successfully
[[ATTACHMENT|D:\\Test\\AgileTest\\Reports\\HIC\\hic\\20191231_080029\\../Screenshots/iPhone 6/HIC/HBI/Vitala Care/20191231_081251/1.png]]

2019-12-31 08:13:04 - [TEST_STEP][PASSED] - (internal.GlobalVariable.i++): null

2019-12-31 08:13:04 - [MESSAGE][PASSED] - Call Test Case 'Test Cases/AHI/_include/get_screenshot' successfully

2019-12-31 08:13:04 - [TEST_STEP][PASSED] - callTestCase(findTestCase("HIC/_include/stm_census"), ["zipcode":"90011"], STOP_ON_FAILURE): Call Test Case 'Test Cases/HIC/_include/stm_census' successfully

2019-12-31 08:13:04 - [TEST_CASE][PASSED] - Test Cases/HIC/_include/stm_census: Test Cases/HIC/_include/stm_census

2019-12-31 08:13:04 - [TEST_STEP][PASSED] - setText(findTestObject("hic/stm/zip"), zipcode): Text '90011' is set on object 'Object Repository/hic/stm/zip'

2019-12-31 08:13:04 - [MESSAGE][PASSED] - Text '90011' is set on object 'Object Repository/hic/stm/zip'

2019-12-31 08:13:04 - [TEST_STEP][PASSED] - Thread.sleep(500): null

2019-12-31 08:13:04 - [TEST_STEP][PASSED] - setText(findTestObject("hic/stm/primaryDOB"), "03031987"): Text '03031987' is set on object 'Object Repository/hic/stm/primaryDOB'

2019-12-31 08:13:05 - [MESSAGE][PASSED] - Text '03031987' is set on object 'Object Repository/hic/stm/primaryDOB'

2019-12-31 08:13:05 - [TEST_STEP][PASSED] - click(findTestObject("hic/stm/female")): Object: 'Object Repository/hic/stm/female' is clicked on

2019-12-31 08:13:05 - [MESSAGE][PASSED] - Object: 'Object Repository/hic/stm/female' is clicked on

2019-12-31 08:13:05 - [TEST_STEP][PASSED] - Thread.sleep(3000): null

2019-12-31 08:13:08 - [TEST_STEP][PASSED] - click(findTestObject("hic/stm/submitButton")): Object: 'Object Repository/hic/stm/submitButton' is clicked on

2019-12-31 08:13:09 - [MESSAGE][PASSED] - Object: 'Object Repository/hic/stm/submitButton' is clicked on

2019-12-31 08:13:09 - [TEST_STEP][PASSED] - Thread.sleep(6000): null

2019-12-31 08:13:15 - [TEST_STEP][PASSED] - callTestCase(findTestCase("AHI/_include/check_quoteleadform"), [:], STOP_ON_FAILURE): Call Test Case 'Test Cases/AHI/_include/check_quoteleadform' successfully

2019-12-31 08:13:15 - [TEST_CASE][PASSED] - Test Cases/AHI/_include/check_quoteleadform: Test Cases/AHI/_include/check_quoteleadform

2019-12-31 08:13:15 - [TEST_STEP][PASSED] - callTestCase(findTestCase("AHI/_include/name"), [:], CONTINUE_ON_FAILURE): Call Test Case 'Test Cases/AHI/_include/name' successfully

2019-12-31 08:13:15 - [TEST_CASE][PASSED] - Test Cases/AHI/_include/name: Test Cases/AHI/_include/name

2019-12-31 08:13:15 - [TEST_STEP][PASSED] - driver = getWebDriver(): null

2019-12-31 08:13:15 - [TEST_STEP][PASSED] - selenium = new com.thoughtworks.selenium.webdriven.WebDriverBackedSelenium(driver, internal.GlobalVariable.ENV): null

2019-12-31 08:13:15 - [TEST_STEP][PASSED] - FirstName = "Test-123": null

2019-12-31 08:13:15 - [TEST_STEP][PASSED] - LastName = selenium.getEval("{var x="ABCDEFGHIJKLMNOPQRSTUVWXYZabcdefghijklmnopqrstuvwxyz"; var tmp="ZZ11-"; for (i=0;i<8;i++) tmp+=x.charAt(Math.ceil(51*Math.random()));tmp;}"): null

2019-12-31 08:13:16 - [TEST_STEP][PASSED] - Address = selenium.getEval("{var x="ABCDEFGHIJKLMNOPQRSTUVWXYZabcdefghijklmnopqrstuvwxyz"; var tmp=""; for (i=0;i<8;i++) tmp+=x.charAt(Math.ceil(51*Math.random()));tmp;}"): null

2019-12-31 08:13:16 - [TEST_STEP][PASSED] - City = selenium.getEval("{var x="ABCDEFGHIJKLMNOPQRSTUVWXYZabcdefghijklmnopqrstuvwxyz"; var tmp=""; for (i=0;i<8;i++) tmp+=x.charAt(Math.ceil(51*Math.random()));tmp;}"): null

2019-12-31 08:13:16 - [TEST_STEP][PASSED] - tel1 = selenium.getEval("{var x="123456789"; var tmp=""; for (i=0;i<3;i++) tmp+=x.charAt(Math.ceil(8*Math.random()));tmp;}"): null

2019-12-31 08:13:16 - [TEST_STEP][PASSED] - tel2 = selenium.getEval("{var x="123456789"; var tmp=""; for (i=0;i<3;i++) tmp+=x.charAt(Math.ceil(8*Math.random()));tmp;}"): null

2019-12-31 08:13:16 - [TEST_STEP][PASSED] - tel3 = selenium.getEval("{var x="123456789"; var tmp=""; for (i=0;i<4;i++) tmp+=x.charAt(Math.ceil(8*Math.random()));tmp;}"): null

2019-12-31 08:13:16 - [TEST_STEP][PASSED] - Tel = selenium.getExpression(tel1 + "-" + tel2 + "-" + tel3): null

2019-12-31 08:13:16 - [TEST_STEP][PASSED] - AutoEmail = selenium.getEval("{var x="ABCDEFGHIJKLMNOPQRSTUVWXYZabcdefghijklmnopqrstuvwxyz"; var tmp="test."; for (i=0;i<8;i++) tmp+=x.charAt(Math.ceil(51*Math.random()));tmp+="@suryani.cn";}"): null

2019-12-31 08:13:16 - [TEST_STEP][PASSED] - FirstName = FirstName: null

2019-12-31 08:13:16 - [TEST_STEP][PASSED] - LastName = LastName: null

2019-12-31 08:13:16 - [TEST_STEP][PASSED] - Address = Address: null

2019-12-31 08:13:16 - [TEST_STEP][PASSED] - City = City: null

2019-12-31 08:13:16 - [TEST_STEP][PASSED] - Tel = Tel: null

2019-12-31 08:13:16 - [TEST_STEP][PASSED] - AutoEmail = AutoEmail: null

2019-12-31 08:13:16 - [TEST_STEP][PASSED] - println(FirstName): null

2019-12-31 08:13:16 - [TEST_STEP][PASSED] - println(LastName): null

2019-12-31 08:13:16 - [TEST_STEP][PASSED] - println(Address): null

2019-12-31 08:13:16 - [TEST_STEP][PASSED] - println(City): null

2019-12-31 08:13:16 - [TEST_STEP][PASSED] - println(Tel): null

2019-12-31 08:13:16 - [TEST_STEP][PASSED] - println(AutoEmail): null

2019-12-31 08:13:16 - [MESSAGE][PASSED] - Call Test Case 'Test Cases/AHI/_include/name' successfully

2019-12-31 08:13:16 - [TEST_STEP][PASSED] - leadform_exist = test.MobileKeywords.isElementPresent_Web(findTestObject("mobileSanity/quote lead form/lead_form"), 20): test.MobileKeywords.isElementPresent_Web is PASSED

2019-12-31 08:13:16 - [MESSAGE][PASSED] - test.MobileKeywords.isElementPresent_Web is PASSED

2019-12-31 08:13:16 - [TEST_STEP][PASSED] - if (leadform_exist): null

2019-12-31 08:13:16 - [TEST_STEP][PASSED] - setText(findTestObject("mobileSanity/quote lead form/first"), FirstName): Text 'Test-123' is set on object 'Object Repository/mobileSanity/quote lead form/first'

2019-12-31 08:13:16 - [MESSAGE][PASSED] - Text 'Test-123' is set on object 'Object Repository/mobileSanity/quote lead form/first'

2019-12-31 08:13:16 - [TEST_STEP][PASSED] - setText(findTestObject("mobileSanity/quote lead form/last"), LastName): Text 'ZZ11-cXseSTOz' is set on object 'Object Repository/mobileSanity/quote lead form/last'

2019-12-31 08:13:17 - [MESSAGE][PASSED] - Text 'ZZ11-cXseSTOz' is set on object 'Object Repository/mobileSanity/quote lead form/last'

2019-12-31 08:13:17 - [TEST_STEP][PASSED] - setText(findTestObject("mobileSanity/quote lead form/email"), AutoEmail): Text 'test.dUTdBBvf@suryani.cn' is set on object 'Object Repository/mobileSanity/quote lead form/email'

2019-12-31 08:13:18 - [MESSAGE][PASSED] - Text 'test.dUTdBBvf@suryani.cn' is set on object 'Object Repository/mobileSanity/quote lead form/email'

2019-12-31 08:13:18 - [TEST_STEP][PASSED] - setText(findTestObject("mobileSanity/quote lead form/phone"), Tel): Text '226-482-3283' is set on object 'Object Repository/mobileSanity/quote lead form/phone'

2019-12-31 08:13:18 - [MESSAGE][PASSED] - Text '226-482-3283' is set on object 'Object Repository/mobileSanity/quote lead form/phone'

2019-12-31 08:13:18 - [TEST_STEP][PASSED] - click(findTestObject("mobileSanity/quote lead form/submit")): Object: 'Object Repository/mobileSanity/quote lead form/submit' is clicked on

2019-12-31 08:13:18 - [MESSAGE][PASSED] - Object: 'Object Repository/mobileSanity/quote lead form/submit' is clicked on

2019-12-31 08:13:18 - [TEST_STEP][PASSED] - Thread.sleep(3000): null

2019-12-31 08:13:21 - [MESSAGE][PASSED] - Call Test Case 'Test Cases/AHI/_include/check_quoteleadform' successfully

2019-12-31 08:13:21 - [TEST_STEP][PASSED] - callTestCase(findTestCase("AHI/_include/get_screenshot"), [:], STOP_ON_FAILURE): Call Test Case 'Test Cases/AHI/_include/get_screenshot' successfully

2019-12-31 08:13:21 - [TEST_CASE][PASSED] - Test Cases/AHI/_include/get_screenshot: Test Cases/AHI/_include/get_screenshot

2019-12-31 08:13:21 - [TEST_STEP][PASSED] - takeScreenshot(screenPath + i + ".png"): Taking screenshot successfully

2019-12-31 08:13:22 - [MESSAGE][PASSED] - Taking screenshot successfully
[[ATTACHMENT|D:\\Test\\AgileTest\\Reports\\HIC\\hic\\20191231_080029\\../Screenshots/iPhone 6/HIC/HBI/Vitala Care/20191231_081251/2.png]]

2019-12-31 08:13:22 - [TEST_STEP][PASSED] - (internal.GlobalVariable.i++): null

2019-12-31 08:13:23 - [MESSAGE][PASSED] - Call Test Case 'Test Cases/AHI/_include/get_screenshot' successfully

2019-12-31 08:13:23 - [TEST_STEP][PASSED] - Thread.sleep(1000): null

2019-12-31 08:13:24 - [MESSAGE][PASSED] - Call Test Case 'Test Cases/HIC/_include/stm_census' successfully

2019-12-31 08:13:24 - [TEST_STEP][PASSED] - Thread.sleep(5000): null

2019-12-31 08:13:29 - [TEST_STEP][PASSED] - scrollToPosition(200, 2300): Browser is scrolled to position x = 200, y = 2300

2019-12-31 08:13:29 - [MESSAGE][PASSED] - Browser is scrolled to position x = 200, y = 2300

2019-12-31 08:13:29 - [TEST_STEP][PASSED] - click(findTestObject("mobileSanity/HBI/quote/a_Vitala Care")): Object: 'Object Repository/mobileSanity/HBI/quote/a_Vitala Care' is clicked on

2019-12-31 08:13:29 - [MESSAGE][PASSED] - Object: 'Object Repository/mobileSanity/HBI/quote/a_Vitala Care' is clicked on

2019-12-31 08:13:29 - [TEST_STEP][PASSED] - waitForPageLoad(20): Wait for page load successfully

2019-12-31 08:13:29 - [MESSAGE][PASSED] - Wait for page load successfully

2019-12-31 08:13:29 - [TEST_STEP][PASSED] - callTestCase(findTestCase("AHI/_include/get_screenshot"), [:], STOP_ON_FAILURE): Call Test Case 'Test Cases/AHI/_include/get_screenshot' successfully

2019-12-31 08:13:29 - [TEST_CASE][PASSED] - Test Cases/AHI/_include/get_screenshot: Test Cases/AHI/_include/get_screenshot

2019-12-31 08:13:29 - [TEST_STEP][PASSED] - takeScreenshot(screenPath + i + ".png"): Taking screenshot successfully

2019-12-31 08:13:31 - [MESSAGE][PASSED] - Taking screenshot successfully
[[ATTACHMENT|D:\\Test\\AgileTest\\Reports\\HIC\\hic\\20191231_080029\\../Screenshots/iPhone 6/HIC/HBI/Vitala Care/20191231_081251/3.png]]

2019-12-31 08:13:31 - [TEST_STEP][PASSED] - (internal.GlobalVariable.i++): null

2019-12-31 08:13:31 - [MESSAGE][PASSED] - Call Test Case 'Test Cases/AHI/_include/get_screenshot' successfully

2019-12-31 08:13:31 - [TEST_STEP][PASSED] - click(findTestObject("mobileSanity/HBI/detail/a_Apply for This Plan")): Object: 'Object Repository/mobileSanity/HBI/detail/a_Apply for This Plan' is clicked on

2019-12-31 08:13:31 - [MESSAGE][PASSED] - Object: 'Object Repository/mobileSanity/HBI/detail/a_Apply for This Plan' is clicked on

2019-12-31 08:13:31 - [TEST_STEP][PASSED] - waitForPageLoad(20): Wait for page load successfully

2019-12-31 08:13:31 - [MESSAGE][PASSED] - Wait for page load successfully

2019-12-31 08:13:31 - [TEST_STEP][PASSED] - callTestCase(findTestCase("AHI/_include/get_screenshot"), [:], STOP_ON_FAILURE): Call Test Case 'Test Cases/AHI/_include/get_screenshot' successfully

2019-12-31 08:13:31 - [TEST_CASE][PASSED] - Test Cases/AHI/_include/get_screenshot: Test Cases/AHI/_include/get_screenshot

2019-12-31 08:13:31 - [TEST_STEP][PASSED] - takeScreenshot(screenPath + i + ".png"): Taking screenshot successfully

2019-12-31 08:13:32 - [MESSAGE][PASSED] - Taking screenshot successfully
[[ATTACHMENT|D:\\Test\\AgileTest\\Reports\\HIC\\hic\\20191231_080029\\../Screenshots/iPhone 6/HIC/HBI/Vitala Care/20191231_081251/4.png]]

2019-12-31 08:13:32 - [TEST_STEP][PASSED] - (internal.GlobalVariable.i++): null

2019-12-31 08:13:32 - [MESSAGE][PASSED] - Call Test Case 'Test Cases/AHI/_include/get_screenshot' successfully

2019-12-31 08:13:32 - [TEST_STEP][PASSED] - click(findTestObject("mobileSanity/HBI/Page_Apply/span_Start Secure Application")): Object: 'Object Repository/mobileSanity/HBI/Page_Apply/span_Start Secure Application' is clicked on

2019-12-31 08:13:32 - [MESSAGE][PASSED] - Object: 'Object Repository/mobileSanity/HBI/Page_Apply/span_Start Secure Application' is clicked on

2019-12-31 08:13:32 - [TEST_STEP][PASSED] - waitForPageLoad(20): Wait for page load successfully

2019-12-31 08:13:33 - [MESSAGE][PASSED] - Wait for page load successfully

2019-12-31 08:13:33 - [TEST_STEP][PASSED] - Thread.sleep(5000): null

2019-12-31 08:13:38 - [TEST_STEP][PASSED] - callTestCase(findTestCase("AHI/_include/get_screenshot"), [:], STOP_ON_FAILURE): Call Test Case 'Test Cases/AHI/_include/get_screenshot' successfully

2019-12-31 08:13:38 - [TEST_CASE][PASSED] - Test Cases/AHI/_include/get_screenshot: Test Cases/AHI/_include/get_screenshot

2019-12-31 08:13:38 - [TEST_STEP][PASSED] - takeScreenshot(screenPath + i + ".png"): Taking screenshot successfully

2019-12-31 08:13:39 - [MESSAGE][PASSED] - Taking screenshot successfully
[[ATTACHMENT|D:\\Test\\AgileTest\\Reports\\HIC\\hic\\20191231_080029\\../Screenshots/iPhone 6/HIC/HBI/Vitala Care/20191231_081251/5.png]]

2019-12-31 08:13:39 - [TEST_STEP][PASSED] - (internal.GlobalVariable.i++): null

2019-12-31 08:13:39 - [MESSAGE][PASSED] - Call Test Case 'Test Cases/AHI/_include/get_screenshot' successfully

2019-12-31 08:13:39 - [TEST_STEP][PASSED] - callTestCase(findTestCase("AHI/_include/goToEnd_hbi"), ["state":"ca", "carrier":"vitalacare"], CONTINUE_ON_FAILURE): Call Test Case 'Test Cases/AHI/_include/goToEnd_hbi' successfully

2019-12-31 08:13:39 - [TEST_CASE][PASSED] - Test Cases/AHI/_include/goToEnd_hbi: Test Cases/AHI/_include/goToEnd_hbi

2019-12-31 08:13:39 - [TEST_STEP][PASSED] - if (state == "ca"): Call Test Case 'Test Cases/AHI/_include/get_screenshot' successfully

2019-12-31 08:13:39 - [TEST_STEP][PASSED] - Thread.sleep(3000): null

2019-12-31 08:13:42 - [TEST_STEP][PASSED] - click(findTestObject("mobileSanity/HBI/Page_App Page 1/yes_question_1")): Object: 'Object Repository/mobileSanity/HBI/Page_App Page 1/yes_question_1' is clicked on

2019-12-31 08:13:42 - [MESSAGE][PASSED] - Object: 'Object Repository/mobileSanity/HBI/Page_App Page 1/yes_question_1' is clicked on

2019-12-31 08:13:42 - [TEST_STEP][PASSED] - click(findTestObject("mobileSanity/HBI/Page_App Page 1/continue_to_app_info")): Object: 'Object Repository/mobileSanity/HBI/Page_App Page 1/continue_to_app_info' is clicked on

2019-12-31 08:13:42 - [MESSAGE][PASSED] - Object: 'Object Repository/mobileSanity/HBI/Page_App Page 1/continue_to_app_info' is clicked on

2019-12-31 08:13:42 - [TEST_STEP][PASSED] - waitForPageLoad(20): Wait for page load successfully

2019-12-31 08:13:42 - [MESSAGE][PASSED] - Wait for page load successfully

2019-12-31 08:13:42 - [TEST_STEP][PASSED] - Thread.sleep(3000): null

2019-12-31 08:13:45 - [TEST_STEP][PASSED] - callTestCase(findTestCase("AHI/_include/get_screenshot"), [:], STOP_ON_FAILURE): Call Test Case 'Test Cases/AHI/_include/get_screenshot' successfully

2019-12-31 08:13:45 - [TEST_CASE][PASSED] - Test Cases/AHI/_include/get_screenshot: Test Cases/AHI/_include/get_screenshot

2019-12-31 08:13:45 - [TEST_STEP][PASSED] - takeScreenshot(screenPath + i + ".png"): Taking screenshot successfully

2019-12-31 08:13:46 - [MESSAGE][PASSED] - Taking screenshot successfully
[[ATTACHMENT|D:\\Test\\AgileTest\\Reports\\HIC\\hic\\20191231_080029\\../Screenshots/iPhone 6/HIC/HBI/Vitala Care/20191231_081251/6.png]]

2019-12-31 08:13:46 - [TEST_STEP][PASSED] - (internal.GlobalVariable.i++): null

2019-12-31 08:13:46 - [MESSAGE][PASSED] - Call Test Case 'Test Cases/AHI/_include/get_screenshot' successfully

2019-12-31 08:13:46 - [TEST_STEP][PASSED] - callTestCase(findTestCase("AHI/_include/name"), [:], CONTINUE_ON_FAILURE): Call Test Case 'Test Cases/AHI/_include/name' successfully

2019-12-31 08:13:46 - [TEST_CASE][PASSED] - Test Cases/AHI/_include/name: Test Cases/AHI/_include/name

2019-12-31 08:13:46 - [TEST_STEP][PASSED] - driver = getWebDriver(): null

2019-12-31 08:13:46 - [TEST_STEP][PASSED] - selenium = new com.thoughtworks.selenium.webdriven.WebDriverBackedSelenium(driver, internal.GlobalVariable.ENV): null

2019-12-31 08:13:46 - [TEST_STEP][PASSED] - FirstName = "Test-123": null

2019-12-31 08:13:46 - [TEST_STEP][PASSED] - LastName = selenium.getEval("{var x="ABCDEFGHIJKLMNOPQRSTUVWXYZabcdefghijklmnopqrstuvwxyz"; var tmp="ZZ11-"; for (i=0;i<8;i++) tmp+=x.charAt(Math.ceil(51*Math.random()));tmp;}"): null

2019-12-31 08:13:46 - [TEST_STEP][PASSED] - Address = selenium.getEval("{var x="ABCDEFGHIJKLMNOPQRSTUVWXYZabcdefghijklmnopqrstuvwxyz"; var tmp=""; for (i=0;i<8;i++) tmp+=x.charAt(Math.ceil(51*Math.random()));tmp;}"): null

2019-12-31 08:13:46 - [TEST_STEP][PASSED] - City = selenium.getEval("{var x="ABCDEFGHIJKLMNOPQRSTUVWXYZabcdefghijklmnopqrstuvwxyz"; var tmp=""; for (i=0;i<8;i++) tmp+=x.charAt(Math.ceil(51*Math.random()));tmp;}"): null

2019-12-31 08:13:46 - [TEST_STEP][PASSED] - tel1 = selenium.getEval("{var x="123456789"; var tmp=""; for (i=0;i<3;i++) tmp+=x.charAt(Math.ceil(8*Math.random()));tmp;}"): null

2019-12-31 08:13:46 - [TEST_STEP][PASSED] - tel2 = selenium.getEval("{var x="123456789"; var tmp=""; for (i=0;i<3;i++) tmp+=x.charAt(Math.ceil(8*Math.random()));tmp;}"): null

2019-12-31 08:13:46 - [TEST_STEP][PASSED] - tel3 = selenium.getEval("{var x="123456789"; var tmp=""; for (i=0;i<4;i++) tmp+=x.charAt(Math.ceil(8*Math.random()));tmp;}"): null

2019-12-31 08:13:46 - [TEST_STEP][PASSED] - Tel = selenium.getExpression(tel1 + "-" + tel2 + "-" + tel3): null

2019-12-31 08:13:46 - [TEST_STEP][PASSED] - AutoEmail = selenium.getEval("{var x="ABCDEFGHIJKLMNOPQRSTUVWXYZabcdefghijklmnopqrstuvwxyz"; var tmp="test."; for (i=0;i<8;i++) tmp+=x.charAt(Math.ceil(51*Math.random()));tmp+="@suryani.cn";}"): null

2019-12-31 08:13:46 - [TEST_STEP][PASSED] - FirstName = FirstName: null

2019-12-31 08:13:46 - [TEST_STEP][PASSED] - LastName = LastName: null

2019-12-31 08:13:46 - [TEST_STEP][PASSED] - Address = Address: null

2019-12-31 08:13:46 - [TEST_STEP][PASSED] - City = City: null

2019-12-31 08:13:46 - [TEST_STEP][PASSED] - Tel = Tel: null

2019-12-31 08:13:46 - [TEST_STEP][PASSED] - AutoEmail = AutoEmail: null

2019-12-31 08:13:46 - [TEST_STEP][PASSED] - println(FirstName): null

2019-12-31 08:13:46 - [TEST_STEP][PASSED] - println(LastName): null

2019-12-31 08:13:46 - [TEST_STEP][PASSED] - println(Address): null

2019-12-31 08:13:46 - [TEST_STEP][PASSED] - println(City): null

2019-12-31 08:13:46 - [TEST_STEP][PASSED] - println(Tel): null

2019-12-31 08:13:46 - [TEST_STEP][PASSED] - println(AutoEmail): null

2019-12-31 08:13:46 - [MESSAGE][PASSED] - Call Test Case 'Test Cases/AHI/_include/name' successfully

2019-12-31 08:13:46 - [TEST_STEP][PASSED] - setText(findTestObject("mobileSanity/HBI/Page_App Page 1/input__member-P-1-firstName"), FirstName): Text 'Test-123' is set on object 'Object Repository/mobileSanity/HBI/Page_App Page 1/input__member-P-1-firstName'

2019-12-31 08:13:46 - [MESSAGE][PASSED] - Text 'Test-123' is set on object 'Object Repository/mobileSanity/HBI/Page_App Page 1/input__member-P-1-firstName'

2019-12-31 08:13:46 - [TEST_STEP][PASSED] - setText(findTestObject("mobileSanity/HBI/Page_App Page 1/input__member-P-1-lastName"), LastName): Text 'ZZ11-yaXDxcXN' is set on object 'Object Repository/mobileSanity/HBI/Page_App Page 1/input__member-P-1-lastName'

2019-12-31 08:13:46 - [MESSAGE][PASSED] - Text 'ZZ11-yaXDxcXN' is set on object 'Object Repository/mobileSanity/HBI/Page_App Page 1/input__member-P-1-lastName'

2019-12-31 08:13:46 - [TEST_STEP][PASSED] - if (carrier == "agileone" || carrier == "agilesecure"): null

2019-12-31 08:13:46 - [TEST_STEP][PASSED] - setText(findTestObject("mobileSanity/HBI/Page_App Page 1/input__address"), Address): Text 'PXMZvdCt' is set on object 'Object Repository/mobileSanity/HBI/Page_App Page 1/input__address'

2019-12-31 08:13:46 - [MESSAGE][PASSED] - Text 'PXMZvdCt' is set on object 'Object Repository/mobileSanity/HBI/Page_App Page 1/input__address'

2019-12-31 08:13:46 - [TEST_STEP][PASSED] - setText(findTestObject("mobileSanity/HBI/Page_App Page 1/input__city"), City): Text 'rBkxnJCb' is set on object 'Object Repository/mobileSanity/HBI/Page_App Page 1/input__city'

2019-12-31 08:13:47 - [MESSAGE][PASSED] - Text 'rBkxnJCb' is set on object 'Object Repository/mobileSanity/HBI/Page_App Page 1/input__city'

2019-12-31 08:13:47 - [TEST_STEP][PASSED] - setText(findTestObject("mobileSanity/HBI/Page_App Page 1/input__email"), AutoEmail): Text 'test.nsFXZjmN@suryani.cn' is set on object 'Object Repository/mobileSanity/HBI/Page_App Page 1/input__email'

2019-12-31 08:13:47 - [MESSAGE][PASSED] - Text 'test.nsFXZjmN@suryani.cn' is set on object 'Object Repository/mobileSanity/HBI/Page_App Page 1/input__email'

2019-12-31 08:13:47 - [TEST_STEP][PASSED] - setText(findTestObject("mobileSanity/HBI/Page_App Page 1/input_tel"), Tel): Text '465-689-4573' is set on object 'Object Repository/mobileSanity/HBI/Page_App Page 1/input_tel'

2019-12-31 08:13:47 - [MESSAGE][PASSED] - Text '465-689-4573' is set on object 'Object Repository/mobileSanity/HBI/Page_App Page 1/input_tel'

2019-12-31 08:13:47 - [TEST_STEP][PASSED] - Thread.sleep(5000): null

2019-12-31 08:13:52 - [TEST_STEP][PASSED] - click(findTestObject("mobileSanity/HBI/Page_App Page 1/a_Continue to Step 2 - Payment")): Object: 'Object Repository/mobileSanity/HBI/Page_App Page 1/a_Continue to Step 2 - Payment' is clicked on

2019-12-31 08:13:52 - [MESSAGE][PASSED] - Object: 'Object Repository/mobileSanity/HBI/Page_App Page 1/a_Continue to Step 2 - Payment' is clicked on

2019-12-31 08:13:52 - [TEST_STEP][PASSED] - waitForPageLoad(20): Wait for page load successfully

2019-12-31 08:13:52 - [MESSAGE][PASSED] - Wait for page load successfully

2019-12-31 08:13:52 - [TEST_STEP][PASSED] - Thread.sleep(2000): null

2019-12-31 08:13:54 - [TEST_STEP][PASSED] - waitForElementVisible(findTestObject("mobileSanity/HBI/Page_App Page 2/input__credit-card-first"), 20): Object 'Object Repository/mobileSanity/HBI/Page_App Page 2/input__credit-card-first' is visible

2019-12-31 08:13:54 - [MESSAGE][PASSED] - Object 'Object Repository/mobileSanity/HBI/Page_App Page 2/input__credit-card-first' is visible

2019-12-31 08:13:54 - [TEST_STEP][PASSED] - callTestCase(findTestCase("AHI/_include/get_screenshot"), [:], STOP_ON_FAILURE): Call Test Case 'Test Cases/AHI/_include/get_screenshot' successfully

2019-12-31 08:13:54 - [TEST_CASE][PASSED] - Test Cases/AHI/_include/get_screenshot: Test Cases/AHI/_include/get_screenshot

2019-12-31 08:13:54 - [TEST_STEP][PASSED] - takeScreenshot(screenPath + i + ".png"): Taking screenshot successfully

2019-12-31 08:13:55 - [MESSAGE][PASSED] - Taking screenshot successfully
[[ATTACHMENT|D:\\Test\\AgileTest\\Reports\\HIC\\hic\\20191231_080029\\../Screenshots/iPhone 6/HIC/HBI/Vitala Care/20191231_081251/7.png]]

2019-12-31 08:13:55 - [TEST_STEP][PASSED] - (internal.GlobalVariable.i++): null

2019-12-31 08:13:55 - [MESSAGE][PASSED] - Call Test Case 'Test Cases/AHI/_include/get_screenshot' successfully

2019-12-31 08:13:55 - [TEST_STEP][PASSED] - setText(findTestObject("mobileSanity/HBI/Page_App Page 2/input__credit-card-first"), FirstName): Text 'Test-123' is set on object 'Object Repository/mobileSanity/HBI/Page_App Page 2/input__credit-card-first'

2019-12-31 08:13:55 - [MESSAGE][PASSED] - Text 'Test-123' is set on object 'Object Repository/mobileSanity/HBI/Page_App Page 2/input__credit-card-first'

2019-12-31 08:13:55 - [TEST_STEP][PASSED] - setText(findTestObject("mobileSanity/HBI/Page_App Page 2/input__credit-card-last"), LastName): Text 'ZZ11-yaXDxcXN' is set on object 'Object Repository/mobileSanity/HBI/Page_App Page 2/input__credit-card-last'

2019-12-31 08:13:55 - [MESSAGE][PASSED] - Text 'ZZ11-yaXDxcXN' is set on object 'Object Repository/mobileSanity/HBI/Page_App Page 2/input__credit-card-last'

2019-12-31 08:13:55 - [TEST_STEP][PASSED] - selectOptionByValue(findTestObject("mobileSanity/HBI/Page_App Page 2/select_MM010203040506070809101"), "12", true): All options with value '12' are selected in object 'Object Repository/mobileSanity/HBI/Page_App Page 2/select_MM010203040506070809101'  using regular expression

2019-12-31 08:13:55 - [MESSAGE][PASSED] - All options with value '12' are selected in object 'Object Repository/mobileSanity/HBI/Page_App Page 2/select_MM010203040506070809101'  using regular expression

2019-12-31 08:13:55 - [TEST_STEP][PASSED] - selectOptionByValue(findTestObject("mobileSanity/HBI/Page_App Page 2/select_YYYY2019202020212022202"), "2026", true): All options with value '2026' are selected in object 'Object Repository/mobileSanity/HBI/Page_App Page 2/select_YYYY2019202020212022202'  using regular expression

2019-12-31 08:13:56 - [MESSAGE][PASSED] - All options with value '2026' are selected in object 'Object Repository/mobileSanity/HBI/Page_App Page 2/select_YYYY2019202020212022202'  using regular expression

2019-12-31 08:13:56 - [TEST_STEP][PASSED] - setText(findTestObject("mobileSanity/HBI/Page_App Page 2/input__credit-card-number"), "4111111111111111"): Text '4111111111111111' is set on object 'Object Repository/mobileSanity/HBI/Page_App Page 2/input__credit-card-number'

2019-12-31 08:13:56 - [MESSAGE][PASSED] - Text '4111111111111111' is set on object 'Object Repository/mobileSanity/HBI/Page_App Page 2/input__credit-card-number'

2019-12-31 08:13:56 - [TEST_STEP][PASSED] - setText(findTestObject("mobileSanity/HBI/Page_App Page 2/input__cvv"), "123"): Text '123' is set on object 'Object Repository/mobileSanity/HBI/Page_App Page 2/input__cvv'

2019-12-31 08:13:56 - [MESSAGE][PASSED] - Text '123' is set on object 'Object Repository/mobileSanity/HBI/Page_App Page 2/input__cvv'

2019-12-31 08:13:56 - [TEST_STEP][PASSED] - click(findTestObject("mobileSanity/HBI/Page_App Page 2/label_My billing address is th")): Object: 'Object Repository/mobileSanity/HBI/Page_App Page 2/label_My billing address is th' is clicked on

2019-12-31 08:13:56 - [MESSAGE][PASSED] - Object: 'Object Repository/mobileSanity/HBI/Page_App Page 2/label_My billing address is th' is clicked on

2019-12-31 08:13:56 - [TEST_STEP][PASSED] - click(findTestObject("mobileSanity/HBI/Page_App Page 2/label_I Accept Authorization f")): Object: 'Object Repository/mobileSanity/HBI/Page_App Page 2/label_I Accept Authorization f' is clicked on

2019-12-31 08:13:56 - [MESSAGE][PASSED] - Object: 'Object Repository/mobileSanity/HBI/Page_App Page 2/label_I Accept Authorization f' is clicked on

2019-12-31 08:13:56 - [TEST_STEP][PASSED] - click(findTestObject("mobileSanity/HBI/Page_App Page 2/a_Continue to Step 3 - Review")): Object: 'Object Repository/mobileSanity/HBI/Page_App Page 2/a_Continue to Step 3 - Review' is clicked on

2019-12-31 08:13:56 - [MESSAGE][PASSED] - Object: 'Object Repository/mobileSanity/HBI/Page_App Page 2/a_Continue to Step 3 - Review' is clicked on

2019-12-31 08:13:56 - [TEST_STEP][PASSED] - waitForPageLoad(20): Wait for page load successfully

2019-12-31 08:13:56 - [MESSAGE][PASSED] - Wait for page load successfully

2019-12-31 08:13:56 - [TEST_STEP][PASSED] - Thread.sleep(10000): null

2019-12-31 08:14:06 - [TEST_STEP][PASSED] - waitForElementPresent(findTestObject("mobileSanity/HBI/Page_App Page 3/label"), 20): Object 'Object Repository/mobileSanity/HBI/Page_App Page 3/label' is present

2019-12-31 08:14:07 - [MESSAGE][PASSED] - Object 'Object Repository/mobileSanity/HBI/Page_App Page 3/label' is present

2019-12-31 08:14:07 - [TEST_STEP][PASSED] - callTestCase(findTestCase("AHI/_include/get_screenshot"), [:], STOP_ON_FAILURE): Call Test Case 'Test Cases/AHI/_include/get_screenshot' successfully

2019-12-31 08:14:07 - [TEST_CASE][PASSED] - Test Cases/AHI/_include/get_screenshot: Test Cases/AHI/_include/get_screenshot

2019-12-31 08:14:07 - [TEST_STEP][PASSED] - takeScreenshot(screenPath + i + ".png"): Taking screenshot successfully

2019-12-31 08:14:08 - [MESSAGE][PASSED] - Taking screenshot successfully
[[ATTACHMENT|D:\\Test\\AgileTest\\Reports\\HIC\\hic\\20191231_080029\\../Screenshots/iPhone 6/HIC/HBI/Vitala Care/20191231_081251/8.png]]

2019-12-31 08:14:08 - [TEST_STEP][PASSED] - (internal.GlobalVariable.i++): null

2019-12-31 08:14:08 - [MESSAGE][PASSED] - Call Test Case 'Test Cases/AHI/_include/get_screenshot' successfully

2019-12-31 08:14:08 - [TEST_STEP][PASSED] - click(findTestObject("mobileSanity/HBI/Page_App Page 3/label")): Object: 'Object Repository/mobileSanity/HBI/Page_App Page 3/label' is clicked on

2019-12-31 08:14:09 - [MESSAGE][PASSED] - Object: 'Object Repository/mobileSanity/HBI/Page_App Page 3/label' is clicked on

2019-12-31 08:14:09 - [TEST_STEP][PASSED] - click(findTestObject("mobileSanity/HBI/Page_App Page 3/p_CLICK TO SIGN")): Object: 'Object Repository/mobileSanity/HBI/Page_App Page 3/p_CLICK TO SIGN' is clicked on

2019-12-31 08:14:09 - [MESSAGE][PASSED] - Object: 'Object Repository/mobileSanity/HBI/Page_App Page 3/p_CLICK TO SIGN' is clicked on

2019-12-31 08:14:09 - [TEST_STEP][PASSED] - click(findTestObject("mobileSanity/HBI/Page_App Page 3/a_Submit Your Application")): Object: 'Object Repository/mobileSanity/HBI/Page_App Page 3/a_Submit Your Application' is clicked on

2019-12-31 08:14:09 - [MESSAGE][PASSED] - Object: 'Object Repository/mobileSanity/HBI/Page_App Page 3/a_Submit Your Application' is clicked on

2019-12-31 08:14:09 - [TEST_STEP][PASSED] - Thread.sleep(30000): null

2019-12-31 08:14:39 - [TEST_STEP][PASSED] - callTestCase(findTestCase("AHI/_include/get_screenshot"), [:], STOP_ON_FAILURE): Call Test Case 'Test Cases/AHI/_include/get_screenshot' successfully

2019-12-31 08:14:39 - [TEST_CASE][PASSED] - Test Cases/AHI/_include/get_screenshot: Test Cases/AHI/_include/get_screenshot

2019-12-31 08:14:39 - [TEST_STEP][PASSED] - takeScreenshot(screenPath + i + ".png"): Taking screenshot successfully

2019-12-31 08:14:41 - [MESSAGE][PASSED] - Taking screenshot successfully
[[ATTACHMENT|D:\\Test\\AgileTest\\Reports\\HIC\\hic\\20191231_080029\\../Screenshots/iPhone 6/HIC/HBI/Vitala Care/20191231_081251/9.png]]

2019-12-31 08:14:41 - [TEST_STEP][PASSED] - (internal.GlobalVariable.i++): null

2019-12-31 08:14:41 - [MESSAGE][PASSED] - Call Test Case 'Test Cases/AHI/_include/get_screenshot' successfully

2019-12-31 08:14:41 - [TEST_STEP][PASSED] - verifyTextPresent("Congratulations", false): Text 'Congratulations' is present on page 

2019-12-31 08:14:41 - [MESSAGE][PASSED] - Text 'Congratulations' is present on page 

2019-12-31 08:14:41 - [MESSAGE][PASSED] - Call Test Case 'Test Cases/AHI/_include/goToEnd_hbi' successfully]]></system-out>
         <system-err><![CDATA[]]></system-err>
      </testcase>
      <testcase name="Test Cases/HIC/Medicare" classname="Test Cases/HIC/Medicare" status="PASSED">
         <system-out><![CDATA[2019-12-31 08:14:41 - [TEST_CASE][PASSED] - Test Cases/HIC/Medicare: Test Cases/HIC/Medicare

2019-12-31 08:14:42 - [TEST_STEP][PASSED] - callTestCase(findTestCase("HIC/_include/get_hicScreenPath"), ["project":"HIC", "productLine":"Medicare", "carrierName":"Medicare"], CONTINUE_ON_FAILURE): Call Test Case 'Test Cases/HIC/_include/get_hicScreenPath' successfully

2019-12-31 08:14:42 - [TEST_CASE][PASSED] - Test Cases/HIC/_include/get_hicScreenPath: Test Cases/HIC/_include/get_hicScreenPath

2019-12-31 08:14:42 - [TEST_STEP][PASSED] - m = getExecutionProperties(): null

2019-12-31 08:14:42 - [TEST_STEP][PASSED] - deviceName = get("mobileEmulation").get("deviceName"): null

2019-12-31 08:14:42 - [TEST_STEP][PASSED] - println(deviceName): null

2019-12-31 08:14:42 - [TEST_STEP][PASSED] - now = new java.util.Date(): null

2019-12-31 08:14:42 - [TEST_STEP][PASSED] - mydate = now.format("yyyyMMdd_HHmmss"): null

2019-12-31 08:14:42 - [TEST_STEP][PASSED] - screenPath = "../Screenshots/": null

2019-12-31 08:14:42 - [TEST_STEP][PASSED] - screenPath = screenPath + deviceName + "/" + project + "/" + productLine + "/" + carrierName + "/" + mydate + "/": null

2019-12-31 08:14:42 - [TEST_STEP][PASSED] - println(screenPath): null

2019-12-31 08:14:42 - [MESSAGE][PASSED] - Call Test Case 'Test Cases/HIC/_include/get_hicScreenPath' successfully

2019-12-31 08:14:42 - [TEST_STEP][PASSED] - i = 0: null

2019-12-31 08:14:42 - [TEST_STEP][PASSED] - callTestCase(findTestCase("AHI/_include/openWebSite"), ["env":"https://qa.healthinsurance.com/"], CONTINUE_ON_FAILURE): Call Test Case 'Test Cases/AHI/_include/openWebSite' successfully

2019-12-31 08:14:42 - [TEST_CASE][PASSED] - Test Cases/AHI/_include/openWebSite: Test Cases/AHI/_include/openWebSite

2019-12-31 08:14:42 - [TEST_STEP][PASSED] - openBrowser(env): Browser is opened with url: 'https://qa.healthinsurance.com/'

2019-12-31 08:14:42 - [MESSAGE][WARNING] - A browser is already opened. Closing browser and opening a new one

2019-12-31 08:14:43 - [MESSAGE][INFO] - Starting 'Chrome' driver

2019-12-31 08:14:43 - [MESSAGE][INFO] - User set preference: ['mobileEmulation', '{deviceName=iPhone 6}']

2019-12-31 08:14:43 - [MESSAGE][INFO] - User set preference: ['args', '[--incognito, --aggressive-cache-discard, --window-size=375,677, --no-sandbox]']

2019-12-31 08:14:48 - [MESSAGE][PASSED] - Browser is opened with url: 'https://qa.healthinsurance.com/'

2019-12-31 08:14:48 - [TEST_STEP][PASSED] - waitForPageLoad(20): Wait for page load successfully

2019-12-31 08:14:48 - [MESSAGE][PASSED] - Wait for page load successfully

2019-12-31 08:14:48 - [TEST_STEP][PASSED] - callTestCase(findTestCase("AHI/_include/get_screenshot"), [:], STOP_ON_FAILURE): Call Test Case 'Test Cases/AHI/_include/get_screenshot' successfully

2019-12-31 08:14:48 - [TEST_CASE][PASSED] - Test Cases/AHI/_include/get_screenshot: Test Cases/AHI/_include/get_screenshot

2019-12-31 08:14:48 - [TEST_STEP][PASSED] - takeScreenshot(screenPath + i + ".png"): Taking screenshot successfully

2019-12-31 08:14:48 - [MESSAGE][PASSED] - Taking screenshot successfully
[[ATTACHMENT|D:\\Test\\AgileTest\\Reports\\HIC\\hic\\20191231_080029\\../Screenshots/iPhone 6/HIC/Medicare/Medicare/20191231_081442/0.png]]

2019-12-31 08:14:48 - [TEST_STEP][PASSED] - (internal.GlobalVariable.i++): null

2019-12-31 08:14:48 - [MESSAGE][PASSED] - Call Test Case 'Test Cases/AHI/_include/get_screenshot' successfully

2019-12-31 08:14:48 - [MESSAGE][PASSED] - Call Test Case 'Test Cases/AHI/_include/openWebSite' successfully

2019-12-31 08:14:48 - [TEST_STEP][PASSED] - click(findTestObject("hic/nav/navButton")): Object: 'Object Repository/hic/nav/navButton' is clicked on

2019-12-31 08:14:48 - [MESSAGE][PASSED] - Object: 'Object Repository/hic/nav/navButton' is clicked on

2019-12-31 08:14:48 - [TEST_STEP][PASSED] - click(findTestObject("hic/nav/medicareLink")): Object: 'Object Repository/hic/nav/medicareLink' is clicked on

2019-12-31 08:14:49 - [MESSAGE][PASSED] - Object: 'Object Repository/hic/nav/medicareLink' is clicked on

2019-12-31 08:14:49 - [TEST_STEP][PASSED] - Thread.sleep(2000): null

2019-12-31 08:14:51 - [TEST_STEP][PASSED] - callTestCase(findTestCase("AHI/_include/get_screenshot"), [:], STOP_ON_FAILURE): Call Test Case 'Test Cases/AHI/_include/get_screenshot' successfully

2019-12-31 08:14:51 - [TEST_CASE][PASSED] - Test Cases/AHI/_include/get_screenshot: Test Cases/AHI/_include/get_screenshot

2019-12-31 08:14:51 - [TEST_STEP][PASSED] - takeScreenshot(screenPath + i + ".png"): Taking screenshot successfully

2019-12-31 08:14:51 - [MESSAGE][PASSED] - Taking screenshot successfully
[[ATTACHMENT|D:\\Test\\AgileTest\\Reports\\HIC\\hic\\20191231_080029\\../Screenshots/iPhone 6/HIC/Medicare/Medicare/20191231_081442/1.png]]

2019-12-31 08:14:51 - [TEST_STEP][PASSED] - (internal.GlobalVariable.i++): null

2019-12-31 08:14:51 - [MESSAGE][PASSED] - Call Test Case 'Test Cases/AHI/_include/get_screenshot' successfully

2019-12-31 08:14:51 - [TEST_STEP][PASSED] - setText(findTestObject("hic/aca/zip"), "33186"): Text '33186' is set on object 'Object Repository/hic/aca/zip'

2019-12-31 08:14:51 - [MESSAGE][PASSED] - Text '33186' is set on object 'Object Repository/hic/aca/zip'

2019-12-31 08:14:51 - [TEST_STEP][PASSED] - Thread.sleep(5000): null

2019-12-31 08:14:56 - [TEST_STEP][PASSED] - click(findTestObject("hic/aca/comparePlan")): Object: 'Object Repository/hic/aca/comparePlan' is clicked on

2019-12-31 08:14:57 - [MESSAGE][PASSED] - Object: 'Object Repository/hic/aca/comparePlan' is clicked on

2019-12-31 08:14:57 - [TEST_STEP][PASSED] - Thread.sleep(5000): null

2019-12-31 08:15:02 - [TEST_STEP][PASSED] - callTestCase(findTestCase("AHI/_include/get_screenshot"), [:], STOP_ON_FAILURE): Call Test Case 'Test Cases/AHI/_include/get_screenshot' successfully

2019-12-31 08:15:03 - [TEST_CASE][PASSED] - Test Cases/AHI/_include/get_screenshot: Test Cases/AHI/_include/get_screenshot

2019-12-31 08:15:03 - [TEST_STEP][PASSED] - takeScreenshot(screenPath + i + ".png"): Taking screenshot successfully

2019-12-31 08:15:03 - [MESSAGE][PASSED] - Taking screenshot successfully
[[ATTACHMENT|D:\\Test\\AgileTest\\Reports\\HIC\\hic\\20191231_080029\\../Screenshots/iPhone 6/HIC/Medicare/Medicare/20191231_081442/2.png]]

2019-12-31 08:15:03 - [TEST_STEP][PASSED] - (internal.GlobalVariable.i++): null

2019-12-31 08:15:03 - [MESSAGE][PASSED] - Call Test Case 'Test Cases/AHI/_include/get_screenshot' successfully

2019-12-31 08:15:03 - [TEST_STEP][PASSED] - setText(findTestObject("hic/medicare/firstName"), "testfirst"): Text 'testfirst' is set on object 'Object Repository/hic/medicare/firstName'

2019-12-31 08:15:04 - [MESSAGE][PASSED] - Text 'testfirst' is set on object 'Object Repository/hic/medicare/firstName'

2019-12-31 08:15:04 - [TEST_STEP][PASSED] - setText(findTestObject("hic/medicare/lastName"), "testlast"): Text 'testlast' is set on object 'Object Repository/hic/medicare/lastName'

2019-12-31 08:15:04 - [MESSAGE][PASSED] - Text 'testlast' is set on object 'Object Repository/hic/medicare/lastName'

2019-12-31 08:15:04 - [TEST_STEP][PASSED] - setText(findTestObject("hic/medicare/phone"), "4524523625"): Text '4524523625' is set on object 'Object Repository/hic/medicare/phone'

2019-12-31 08:15:06 - [MESSAGE][PASSED] - Text '4524523625' is set on object 'Object Repository/hic/medicare/phone'

2019-12-31 08:15:06 - [TEST_STEP][PASSED] - setText(findTestObject("hic/medicare/email"), "test.test555@suryani.cn"): Text 'test.test555@suryani.cn' is set on object 'Object Repository/hic/medicare/email'

2019-12-31 08:15:06 - [MESSAGE][PASSED] - Text 'test.test555@suryani.cn' is set on object 'Object Repository/hic/medicare/email'

2019-12-31 08:15:06 - [TEST_STEP][PASSED] - click(findTestObject("hic/medicare/continue")): Object: 'Object Repository/hic/medicare/continue' is clicked on

2019-12-31 08:15:07 - [MESSAGE][PASSED] - Object: 'Object Repository/hic/medicare/continue' is clicked on

2019-12-31 08:15:07 - [TEST_STEP][PASSED] - Thread.sleep(5000): null

2019-12-31 08:15:12 - [TEST_STEP][PASSED] - callTestCase(findTestCase("AHI/_include/get_screenshot"), [:], STOP_ON_FAILURE): Call Test Case 'Test Cases/AHI/_include/get_screenshot' successfully

2019-12-31 08:15:12 - [TEST_CASE][PASSED] - Test Cases/AHI/_include/get_screenshot: Test Cases/AHI/_include/get_screenshot

2019-12-31 08:15:12 - [TEST_STEP][PASSED] - takeScreenshot(screenPath + i + ".png"): Taking screenshot successfully

2019-12-31 08:15:12 - [MESSAGE][PASSED] - Taking screenshot successfully
[[ATTACHMENT|D:\\Test\\AgileTest\\Reports\\HIC\\hic\\20191231_080029\\../Screenshots/iPhone 6/HIC/Medicare/Medicare/20191231_081442/3.png]]

2019-12-31 08:15:12 - [TEST_STEP][PASSED] - (internal.GlobalVariable.i++): null

2019-12-31 08:15:12 - [MESSAGE][PASSED] - Call Test Case 'Test Cases/AHI/_include/get_screenshot' successfully]]></system-out>
         <system-err><![CDATA[]]></system-err>
      </testcase>
      <testcase name="Test Cases/HIC/STM/AdvantHealth" classname="Test Cases/HIC/STM/AdvantHealth" status="PASSED">
         <system-out><![CDATA[2019-12-31 08:15:12 - [TEST_CASE][PASSED] - Test Cases/HIC/STM/AdvantHealth: Test Cases/HIC/STM/AdvantHealth

2019-12-31 08:15:14 - [TEST_STEP][PASSED] - callTestCase(findTestCase("HIC/_include/get_hicScreenPath"), ["project":"HIC", "productLine":"STM", "carrierName":"AdvantHealth"], CONTINUE_ON_FAILURE): Call Test Case 'Test Cases/HIC/_include/get_hicScreenPath' successfully

2019-12-31 08:15:14 - [TEST_CASE][PASSED] - Test Cases/HIC/_include/get_hicScreenPath: Test Cases/HIC/_include/get_hicScreenPath

2019-12-31 08:15:14 - [TEST_STEP][PASSED] - m = getExecutionProperties(): null

2019-12-31 08:15:14 - [TEST_STEP][PASSED] - deviceName = get("mobileEmulation").get("deviceName"): null

2019-12-31 08:15:14 - [TEST_STEP][PASSED] - println(deviceName): null

2019-12-31 08:15:14 - [TEST_STEP][PASSED] - now = new java.util.Date(): null

2019-12-31 08:15:14 - [TEST_STEP][PASSED] - mydate = now.format("yyyyMMdd_HHmmss"): null

2019-12-31 08:15:14 - [TEST_STEP][PASSED] - screenPath = "../Screenshots/": null

2019-12-31 08:15:14 - [TEST_STEP][PASSED] - screenPath = screenPath + deviceName + "/" + project + "/" + productLine + "/" + carrierName + "/" + mydate + "/": null

2019-12-31 08:15:14 - [TEST_STEP][PASSED] - println(screenPath): null

2019-12-31 08:15:14 - [MESSAGE][PASSED] - Call Test Case 'Test Cases/HIC/_include/get_hicScreenPath' successfully

2019-12-31 08:15:14 - [TEST_STEP][PASSED] - i = 0: null

2019-12-31 08:15:14 - [TEST_STEP][PASSED] - callTestCase(findTestCase("AHI/_include/openWebSite"), ["env":"https://qa.healthinsurance.com/"], CONTINUE_ON_FAILURE): Call Test Case 'Test Cases/AHI/_include/openWebSite' successfully

2019-12-31 08:15:14 - [TEST_CASE][PASSED] - Test Cases/AHI/_include/openWebSite: Test Cases/AHI/_include/openWebSite

2019-12-31 08:15:14 - [TEST_STEP][PASSED] - openBrowser(env): Browser is opened with url: 'https://qa.healthinsurance.com/'

2019-12-31 08:15:14 - [MESSAGE][WARNING] - A browser is already opened. Closing browser and opening a new one

2019-12-31 08:15:16 - [MESSAGE][INFO] - Starting 'Chrome' driver

2019-12-31 08:15:16 - [MESSAGE][INFO] - User set preference: ['mobileEmulation', '{deviceName=iPhone 6}']

2019-12-31 08:15:16 - [MESSAGE][INFO] - User set preference: ['args', '[--incognito, --aggressive-cache-discard, --window-size=375,677, --no-sandbox]']

2019-12-31 08:15:20 - [MESSAGE][PASSED] - Browser is opened with url: 'https://qa.healthinsurance.com/'

2019-12-31 08:15:20 - [TEST_STEP][PASSED] - waitForPageLoad(20): Wait for page load successfully

2019-12-31 08:15:20 - [MESSAGE][PASSED] - Wait for page load successfully

2019-12-31 08:15:20 - [TEST_STEP][PASSED] - callTestCase(findTestCase("AHI/_include/get_screenshot"), [:], STOP_ON_FAILURE): Call Test Case 'Test Cases/AHI/_include/get_screenshot' successfully

2019-12-31 08:15:20 - [TEST_CASE][PASSED] - Test Cases/AHI/_include/get_screenshot: Test Cases/AHI/_include/get_screenshot

2019-12-31 08:15:20 - [TEST_STEP][PASSED] - takeScreenshot(screenPath + i + ".png"): Taking screenshot successfully

2019-12-31 08:15:20 - [MESSAGE][PASSED] - Taking screenshot successfully
[[ATTACHMENT|D:\\Test\\AgileTest\\Reports\\HIC\\hic\\20191231_080029\\../Screenshots/iPhone 6/HIC/STM/AdvantHealth/20191231_081514/0.png]]

2019-12-31 08:15:20 - [TEST_STEP][PASSED] - (internal.GlobalVariable.i++): null

2019-12-31 08:15:20 - [MESSAGE][PASSED] - Call Test Case 'Test Cases/AHI/_include/get_screenshot' successfully

2019-12-31 08:15:20 - [MESSAGE][PASSED] - Call Test Case 'Test Cases/AHI/_include/openWebSite' successfully

2019-12-31 08:15:20 - [TEST_STEP][PASSED] - click(findTestObject("hic/nav/navButton")): Object: 'Object Repository/hic/nav/navButton' is clicked on

2019-12-31 08:15:20 - [MESSAGE][PASSED] - Object: 'Object Repository/hic/nav/navButton' is clicked on

2019-12-31 08:15:20 - [TEST_STEP][PASSED] - Thread.sleep(2000): null

2019-12-31 08:15:22 - [TEST_STEP][PASSED] - click(findTestObject("hic/nav/stmLink")): Object: 'Object Repository/hic/nav/stmLink' is clicked on

2019-12-31 08:15:23 - [MESSAGE][PASSED] - Object: 'Object Repository/hic/nav/stmLink' is clicked on

2019-12-31 08:15:23 - [TEST_STEP][PASSED] - Thread.sleep(2000): null

2019-12-31 08:15:25 - [TEST_STEP][PASSED] - callTestCase(findTestCase("AHI/_include/get_screenshot"), [:], STOP_ON_FAILURE): Call Test Case 'Test Cases/AHI/_include/get_screenshot' successfully

2019-12-31 08:15:25 - [TEST_CASE][PASSED] - Test Cases/AHI/_include/get_screenshot: Test Cases/AHI/_include/get_screenshot

2019-12-31 08:15:25 - [TEST_STEP][PASSED] - takeScreenshot(screenPath + i + ".png"): Taking screenshot successfully

2019-12-31 08:15:25 - [MESSAGE][PASSED] - Taking screenshot successfully
[[ATTACHMENT|D:\\Test\\AgileTest\\Reports\\HIC\\hic\\20191231_080029\\../Screenshots/iPhone 6/HIC/STM/AdvantHealth/20191231_081514/1.png]]

2019-12-31 08:15:25 - [TEST_STEP][PASSED] - (internal.GlobalVariable.i++): null

2019-12-31 08:15:25 - [MESSAGE][PASSED] - Call Test Case 'Test Cases/AHI/_include/get_screenshot' successfully

2019-12-31 08:15:25 - [TEST_STEP][PASSED] - callTestCase(findTestCase("HIC/_include/stm_census"), ["zipcode":"35215"], STOP_ON_FAILURE): Call Test Case 'Test Cases/HIC/_include/stm_census' successfully

2019-12-31 08:15:26 - [TEST_CASE][PASSED] - Test Cases/HIC/_include/stm_census: Test Cases/HIC/_include/stm_census

2019-12-31 08:15:26 - [TEST_STEP][PASSED] - setText(findTestObject("hic/stm/zip"), zipcode): Text '35215' is set on object 'Object Repository/hic/stm/zip'

2019-12-31 08:15:26 - [MESSAGE][PASSED] - Text '35215' is set on object 'Object Repository/hic/stm/zip'

2019-12-31 08:15:26 - [TEST_STEP][PASSED] - Thread.sleep(500): null

2019-12-31 08:15:26 - [TEST_STEP][PASSED] - setText(findTestObject("hic/stm/primaryDOB"), "03031987"): Text '03031987' is set on object 'Object Repository/hic/stm/primaryDOB'

2019-12-31 08:15:27 - [MESSAGE][PASSED] - Text '03031987' is set on object 'Object Repository/hic/stm/primaryDOB'

2019-12-31 08:15:27 - [TEST_STEP][PASSED] - click(findTestObject("hic/stm/female")): Object: 'Object Repository/hic/stm/female' is clicked on

2019-12-31 08:15:27 - [MESSAGE][PASSED] - Object: 'Object Repository/hic/stm/female' is clicked on

2019-12-31 08:15:27 - [TEST_STEP][PASSED] - Thread.sleep(3000): null

2019-12-31 08:15:30 - [TEST_STEP][PASSED] - click(findTestObject("hic/stm/submitButton")): Object: 'Object Repository/hic/stm/submitButton' is clicked on

2019-12-31 08:15:32 - [MESSAGE][PASSED] - Object: 'Object Repository/hic/stm/submitButton' is clicked on

2019-12-31 08:15:32 - [TEST_STEP][PASSED] - Thread.sleep(6000): null

2019-12-31 08:15:38 - [TEST_STEP][PASSED] - callTestCase(findTestCase("AHI/_include/check_quoteleadform"), [:], STOP_ON_FAILURE): Call Test Case 'Test Cases/AHI/_include/check_quoteleadform' successfully

2019-12-31 08:15:38 - [TEST_CASE][PASSED] - Test Cases/AHI/_include/check_quoteleadform: Test Cases/AHI/_include/check_quoteleadform

2019-12-31 08:15:38 - [TEST_STEP][PASSED] - callTestCase(findTestCase("AHI/_include/name"), [:], CONTINUE_ON_FAILURE): Call Test Case 'Test Cases/AHI/_include/name' successfully

2019-12-31 08:15:38 - [TEST_CASE][PASSED] - Test Cases/AHI/_include/name: Test Cases/AHI/_include/name

2019-12-31 08:15:38 - [TEST_STEP][PASSED] - driver = getWebDriver(): null

2019-12-31 08:15:38 - [TEST_STEP][PASSED] - selenium = new com.thoughtworks.selenium.webdriven.WebDriverBackedSelenium(driver, internal.GlobalVariable.ENV): null

2019-12-31 08:15:38 - [TEST_STEP][PASSED] - FirstName = "Test-123": null

2019-12-31 08:15:38 - [TEST_STEP][PASSED] - LastName = selenium.getEval("{var x="ABCDEFGHIJKLMNOPQRSTUVWXYZabcdefghijklmnopqrstuvwxyz"; var tmp="ZZ11-"; for (i=0;i<8;i++) tmp+=x.charAt(Math.ceil(51*Math.random()));tmp;}"): null

2019-12-31 08:15:38 - [TEST_STEP][PASSED] - Address = selenium.getEval("{var x="ABCDEFGHIJKLMNOPQRSTUVWXYZabcdefghijklmnopqrstuvwxyz"; var tmp=""; for (i=0;i<8;i++) tmp+=x.charAt(Math.ceil(51*Math.random()));tmp;}"): null

2019-12-31 08:15:38 - [TEST_STEP][PASSED] - City = selenium.getEval("{var x="ABCDEFGHIJKLMNOPQRSTUVWXYZabcdefghijklmnopqrstuvwxyz"; var tmp=""; for (i=0;i<8;i++) tmp+=x.charAt(Math.ceil(51*Math.random()));tmp;}"): null

2019-12-31 08:15:38 - [TEST_STEP][PASSED] - tel1 = selenium.getEval("{var x="123456789"; var tmp=""; for (i=0;i<3;i++) tmp+=x.charAt(Math.ceil(8*Math.random()));tmp;}"): null

2019-12-31 08:15:38 - [TEST_STEP][PASSED] - tel2 = selenium.getEval("{var x="123456789"; var tmp=""; for (i=0;i<3;i++) tmp+=x.charAt(Math.ceil(8*Math.random()));tmp;}"): null

2019-12-31 08:15:38 - [TEST_STEP][PASSED] - tel3 = selenium.getEval("{var x="123456789"; var tmp=""; for (i=0;i<4;i++) tmp+=x.charAt(Math.ceil(8*Math.random()));tmp;}"): null

2019-12-31 08:15:38 - [TEST_STEP][PASSED] - Tel = selenium.getExpression(tel1 + "-" + tel2 + "-" + tel3): null

2019-12-31 08:15:38 - [TEST_STEP][PASSED] - AutoEmail = selenium.getEval("{var x="ABCDEFGHIJKLMNOPQRSTUVWXYZabcdefghijklmnopqrstuvwxyz"; var tmp="test."; for (i=0;i<8;i++) tmp+=x.charAt(Math.ceil(51*Math.random()));tmp+="@suryani.cn";}"): null

2019-12-31 08:15:38 - [TEST_STEP][PASSED] - FirstName = FirstName: null

2019-12-31 08:15:38 - [TEST_STEP][PASSED] - LastName = LastName: null

2019-12-31 08:15:38 - [TEST_STEP][PASSED] - Address = Address: null

2019-12-31 08:15:38 - [TEST_STEP][PASSED] - City = City: null

2019-12-31 08:15:38 - [TEST_STEP][PASSED] - Tel = Tel: null

2019-12-31 08:15:38 - [TEST_STEP][PASSED] - AutoEmail = AutoEmail: null

2019-12-31 08:15:38 - [TEST_STEP][PASSED] - println(FirstName): null

2019-12-31 08:15:38 - [TEST_STEP][PASSED] - println(LastName): null

2019-12-31 08:15:38 - [TEST_STEP][PASSED] - println(Address): null

2019-12-31 08:15:38 - [TEST_STEP][PASSED] - println(City): null

2019-12-31 08:15:38 - [TEST_STEP][PASSED] - println(Tel): null

2019-12-31 08:15:38 - [TEST_STEP][PASSED] - println(AutoEmail): null

2019-12-31 08:15:38 - [MESSAGE][PASSED] - Call Test Case 'Test Cases/AHI/_include/name' successfully

2019-12-31 08:15:38 - [TEST_STEP][PASSED] - leadform_exist = test.MobileKeywords.isElementPresent_Web(findTestObject("mobileSanity/quote lead form/lead_form"), 20): test.MobileKeywords.isElementPresent_Web is PASSED

2019-12-31 08:15:38 - [MESSAGE][PASSED] - test.MobileKeywords.isElementPresent_Web is PASSED

2019-12-31 08:15:38 - [TEST_STEP][PASSED] - if (leadform_exist): null

2019-12-31 08:15:38 - [TEST_STEP][PASSED] - setText(findTestObject("mobileSanity/quote lead form/first"), FirstName): Text 'Test-123' is set on object 'Object Repository/mobileSanity/quote lead form/first'

2019-12-31 08:15:39 - [MESSAGE][PASSED] - Text 'Test-123' is set on object 'Object Repository/mobileSanity/quote lead form/first'

2019-12-31 08:15:39 - [TEST_STEP][PASSED] - setText(findTestObject("mobileSanity/quote lead form/last"), LastName): Text 'ZZ11-geQwDcCy' is set on object 'Object Repository/mobileSanity/quote lead form/last'

2019-12-31 08:15:39 - [MESSAGE][PASSED] - Text 'ZZ11-geQwDcCy' is set on object 'Object Repository/mobileSanity/quote lead form/last'

2019-12-31 08:15:39 - [TEST_STEP][PASSED] - setText(findTestObject("mobileSanity/quote lead form/email"), AutoEmail): Text 'test.jCRFgGFX@suryani.cn' is set on object 'Object Repository/mobileSanity/quote lead form/email'

2019-12-31 08:15:39 - [MESSAGE][PASSED] - Text 'test.jCRFgGFX@suryani.cn' is set on object 'Object Repository/mobileSanity/quote lead form/email'

2019-12-31 08:15:39 - [TEST_STEP][PASSED] - setText(findTestObject("mobileSanity/quote lead form/phone"), Tel): Text '466-678-8992' is set on object 'Object Repository/mobileSanity/quote lead form/phone'

2019-12-31 08:15:39 - [MESSAGE][PASSED] - Text '466-678-8992' is set on object 'Object Repository/mobileSanity/quote lead form/phone'

2019-12-31 08:15:39 - [TEST_STEP][PASSED] - click(findTestObject("mobileSanity/quote lead form/submit")): Object: 'Object Repository/mobileSanity/quote lead form/submit' is clicked on

2019-12-31 08:15:40 - [MESSAGE][PASSED] - Object: 'Object Repository/mobileSanity/quote lead form/submit' is clicked on

2019-12-31 08:15:40 - [TEST_STEP][PASSED] - Thread.sleep(3000): null

2019-12-31 08:15:43 - [MESSAGE][PASSED] - Call Test Case 'Test Cases/AHI/_include/check_quoteleadform' successfully

2019-12-31 08:15:43 - [TEST_STEP][PASSED] - callTestCase(findTestCase("AHI/_include/get_screenshot"), [:], STOP_ON_FAILURE): Call Test Case 'Test Cases/AHI/_include/get_screenshot' successfully

2019-12-31 08:15:43 - [TEST_CASE][PASSED] - Test Cases/AHI/_include/get_screenshot: Test Cases/AHI/_include/get_screenshot

2019-12-31 08:15:43 - [TEST_STEP][PASSED] - takeScreenshot(screenPath + i + ".png"): Taking screenshot successfully

2019-12-31 08:15:43 - [MESSAGE][PASSED] - Taking screenshot successfully
[[ATTACHMENT|D:\\Test\\AgileTest\\Reports\\HIC\\hic\\20191231_080029\\../Screenshots/iPhone 6/HIC/STM/AdvantHealth/20191231_081514/2.png]]

2019-12-31 08:15:43 - [TEST_STEP][PASSED] - (internal.GlobalVariable.i++): null

2019-12-31 08:15:43 - [MESSAGE][PASSED] - Call Test Case 'Test Cases/AHI/_include/get_screenshot' successfully

2019-12-31 08:15:43 - [TEST_STEP][PASSED] - Thread.sleep(1000): null

2019-12-31 08:15:44 - [MESSAGE][PASSED] - Call Test Case 'Test Cases/HIC/_include/stm_census' successfully

2019-12-31 08:15:44 - [TEST_STEP][PASSED] - callTestCase(findTestCase("AHI/_include/filter_stm"), ["carrier":"advanthealth"], STOP_ON_FAILURE): Call Test Case 'Test Cases/AHI/_include/filter_stm' successfully

2019-12-31 08:15:44 - [TEST_CASE][PASSED] - Test Cases/AHI/_include/filter_stm: Test Cases/AHI/_include/filter_stm

2019-12-31 08:15:45 - [TEST_STEP][PASSED] - driver = getWebDriver(): null

2019-12-31 08:15:45 - [TEST_STEP][PASSED] - selenium = new com.thoughtworks.selenium.webdriven.WebDriverBackedSelenium(driver, internal.GlobalVariable.ENV): null

2019-12-31 08:15:45 - [TEST_STEP][PASSED] - Thread.sleep(1000): null

2019-12-31 08:15:46 - [TEST_STEP][PASSED] - click(findTestObject("mobileSanity/STM/STM Quote Page/button_filters")): Object: 'Object Repository/mobileSanity/STM/STM Quote Page/button_filters' is clicked on

2019-12-31 08:15:46 - [MESSAGE][PASSED] - Object: 'Object Repository/mobileSanity/STM/STM Quote Page/button_filters' is clicked on

2019-12-31 08:15:46 - [TEST_STEP][PASSED] - Thread.sleep(1000): null

2019-12-31 08:15:47 - [TEST_STEP][PASSED] - click(findTestObject("mobileSanity/STM/STM Quote Page/i_Insurance company")): Object: 'Object Repository/mobileSanity/STM/STM Quote Page/i_Insurance company' is clicked on

2019-12-31 08:15:47 - [MESSAGE][PASSED] - Object: 'Object Repository/mobileSanity/STM/STM Quote Page/i_Insurance company' is clicked on

2019-12-31 08:15:47 - [TEST_STEP][PASSED] - Thread.sleep(1000): null

2019-12-31 08:15:48 - [TEST_STEP][PASSED] - filter_carrier = "//input[@name='filter[carrier]' and @value='" + carrier + "']/following::label": null

2019-12-31 08:15:48 - [TEST_STEP][PASSED] - println(filter_carrier): null

2019-12-31 08:15:48 - [TEST_STEP][PASSED] - test.MobileKeywords.clickJS_ByXpath(filter_carrier): test.MobileKeywords.clickJS_ByXpath is PASSED

2019-12-31 08:15:49 - [MESSAGE][PASSED] - Execute JavaScript 'arguments[0].click()' successfully

2019-12-31 08:15:49 - [MESSAGE][PASSED] - test.MobileKeywords.clickJS_ByXpath is PASSED

2019-12-31 08:15:49 - [TEST_STEP][PASSED] - click(findTestObject("mobileSanity/STM/STM Quote Page/js-close c-link-button")): Object: 'Object Repository/mobileSanity/STM/STM Quote Page/js-close c-link-button' is clicked on

2019-12-31 08:15:49 - [MESSAGE][PASSED] - Object: 'Object Repository/mobileSanity/STM/STM Quote Page/js-close c-link-button' is clicked on

2019-12-31 08:15:49 - [TEST_STEP][PASSED] - Thread.sleep(2000): null

2019-12-31 08:15:51 - [TEST_STEP][PASSED] - callTestCase(findTestCase("AHI/_include/get_screenshot"), [:], STOP_ON_FAILURE): Call Test Case 'Test Cases/AHI/_include/get_screenshot' successfully

2019-12-31 08:15:51 - [TEST_CASE][PASSED] - Test Cases/AHI/_include/get_screenshot: Test Cases/AHI/_include/get_screenshot

2019-12-31 08:15:51 - [TEST_STEP][PASSED] - takeScreenshot(screenPath + i + ".png"): Taking screenshot successfully

2019-12-31 08:15:52 - [MESSAGE][PASSED] - Taking screenshot successfully
[[ATTACHMENT|D:\\Test\\AgileTest\\Reports\\HIC\\hic\\20191231_080029\\../Screenshots/iPhone 6/HIC/STM/AdvantHealth/20191231_081514/3.png]]

2019-12-31 08:15:52 - [TEST_STEP][PASSED] - (internal.GlobalVariable.i++): null

2019-12-31 08:15:52 - [MESSAGE][PASSED] - Call Test Case 'Test Cases/AHI/_include/get_screenshot' successfully

2019-12-31 08:15:52 - [MESSAGE][PASSED] - Call Test Case 'Test Cases/AHI/_include/filter_stm' successfully

2019-12-31 08:15:52 - [TEST_STEP][PASSED] - callTestCase(findTestCase("AHI/_include/goToDetail_stm"), ["carrier":"advanthealth"], STOP_ON_FAILURE): Call Test Case 'Test Cases/AHI/_include/goToDetail_stm' successfully

2019-12-31 08:15:52 - [TEST_CASE][PASSED] - Test Cases/AHI/_include/goToDetail_stm: Test Cases/AHI/_include/goToDetail_stm

2019-12-31 08:15:52 - [TEST_STEP][PASSED] - driver = getWebDriver(): null

2019-12-31 08:15:52 - [TEST_STEP][PASSED] - selenium = new com.thoughtworks.selenium.webdriven.WebDriverBackedSelenium(driver, internal.GlobalVariable.ENV): null

2019-12-31 08:15:52 - [TEST_STEP][PASSED] - a_plan_name = "xpath=//a[contains(@href,'/term-health-insurance/plan/" + carrier + "')]": null

2019-12-31 08:15:52 - [TEST_STEP][PASSED] - println(a_plan_name): null

2019-12-31 08:15:52 - [TEST_STEP][PASSED] - selenium.click(a_plan_name): null

2019-12-31 08:15:57 - [TEST_STEP][PASSED] - waitForPageLoad(20): Wait for page load successfully

2019-12-31 08:15:57 - [MESSAGE][PASSED] - Wait for page load successfully

2019-12-31 08:15:57 - [TEST_STEP][PASSED] - Thread.sleep(2000): null

2019-12-31 08:15:59 - [TEST_STEP][PASSED] - callTestCase(findTestCase("AHI/_include/get_screenshot"), [:], STOP_ON_FAILURE): Call Test Case 'Test Cases/AHI/_include/get_screenshot' successfully

2019-12-31 08:15:59 - [TEST_CASE][PASSED] - Test Cases/AHI/_include/get_screenshot: Test Cases/AHI/_include/get_screenshot

2019-12-31 08:15:59 - [TEST_STEP][PASSED] - takeScreenshot(screenPath + i + ".png"): Taking screenshot successfully

2019-12-31 08:15:59 - [MESSAGE][PASSED] - Taking screenshot successfully
[[ATTACHMENT|D:\\Test\\AgileTest\\Reports\\HIC\\hic\\20191231_080029\\../Screenshots/iPhone 6/HIC/STM/AdvantHealth/20191231_081514/4.png]]

2019-12-31 08:15:59 - [TEST_STEP][PASSED] - (internal.GlobalVariable.i++): null

2019-12-31 08:15:59 - [MESSAGE][PASSED] - Call Test Case 'Test Cases/AHI/_include/get_screenshot' successfully

2019-12-31 08:15:59 - [MESSAGE][PASSED] - Call Test Case 'Test Cases/AHI/_include/goToDetail_stm' successfully

2019-12-31 08:15:59 - [TEST_STEP][PASSED] - callTestCase(findTestCase("AHI/_include/apply_stm"), [:], STOP_ON_FAILURE): Call Test Case 'Test Cases/AHI/_include/apply_stm' successfully

2019-12-31 08:15:59 - [TEST_CASE][PASSED] - Test Cases/AHI/_include/apply_stm: Test Cases/AHI/_include/apply_stm

2019-12-31 08:15:59 - [TEST_STEP][PASSED] - waitForElementVisible(findTestObject("mobileSanity/STM/STM PlanDetail Page/a_Apply for This Plan"), 5): Object 'Object Repository/mobileSanity/STM/STM PlanDetail Page/a_Apply for This Plan' is visible

2019-12-31 08:15:59 - [MESSAGE][PASSED] - Object 'Object Repository/mobileSanity/STM/STM PlanDetail Page/a_Apply for This Plan' is visible

2019-12-31 08:15:59 - [TEST_STEP][PASSED] - click(findTestObject("mobileSanity/STM/STM PlanDetail Page/a_Apply for This Plan")): Object: 'Object Repository/mobileSanity/STM/STM PlanDetail Page/a_Apply for This Plan' is clicked on

2019-12-31 08:16:01 - [MESSAGE][PASSED] - Object: 'Object Repository/mobileSanity/STM/STM PlanDetail Page/a_Apply for This Plan' is clicked on

2019-12-31 08:16:01 - [TEST_STEP][PASSED] - waitForPageLoad(10): Wait for page load successfully

2019-12-31 08:16:01 - [MESSAGE][PASSED] - Wait for page load successfully

2019-12-31 08:16:01 - [TEST_STEP][PASSED] - Thread.sleep(2000): null

2019-12-31 08:16:03 - [TEST_STEP][PASSED] - callTestCase(findTestCase("AHI/_include/get_screenshot"), [:], STOP_ON_FAILURE): Call Test Case 'Test Cases/AHI/_include/get_screenshot' successfully

2019-12-31 08:16:03 - [TEST_CASE][PASSED] - Test Cases/AHI/_include/get_screenshot: Test Cases/AHI/_include/get_screenshot

2019-12-31 08:16:03 - [TEST_STEP][PASSED] - takeScreenshot(screenPath + i + ".png"): Taking screenshot successfully

2019-12-31 08:16:04 - [MESSAGE][PASSED] - Taking screenshot successfully
[[ATTACHMENT|D:\\Test\\AgileTest\\Reports\\HIC\\hic\\20191231_080029\\../Screenshots/iPhone 6/HIC/STM/AdvantHealth/20191231_081514/5.png]]

2019-12-31 08:16:04 - [TEST_STEP][PASSED] - (internal.GlobalVariable.i++): null

2019-12-31 08:16:04 - [MESSAGE][PASSED] - Call Test Case 'Test Cases/AHI/_include/get_screenshot' successfully

2019-12-31 08:16:04 - [TEST_STEP][PASSED] - waitForElementVisible(findTestObject("mobileSanity/STM/STM Apply Page/a_Start Secure Application"), 5): Object 'Object Repository/mobileSanity/STM/STM Apply Page/a_Start Secure Application' is visible

2019-12-31 08:16:04 - [MESSAGE][PASSED] - Object 'Object Repository/mobileSanity/STM/STM Apply Page/a_Start Secure Application' is visible

2019-12-31 08:16:04 - [TEST_STEP][PASSED] - click(findTestObject("mobileSanity/STM/STM Apply Page/a_Start Secure Application")): Object: 'Object Repository/mobileSanity/STM/STM Apply Page/a_Start Secure Application' is clicked on

2019-12-31 08:16:04 - [MESSAGE][PASSED] - Object: 'Object Repository/mobileSanity/STM/STM Apply Page/a_Start Secure Application' is clicked on

2019-12-31 08:16:04 - [TEST_STEP][PASSED] - waitForPageLoad(20): Wait for page load successfully

2019-12-31 08:16:04 - [MESSAGE][PASSED] - Wait for page load successfully

2019-12-31 08:16:04 - [TEST_STEP][PASSED] - Thread.sleep(2000): null

2019-12-31 08:16:06 - [TEST_STEP][PASSED] - callTestCase(findTestCase("AHI/_include/get_screenshot"), [:], STOP_ON_FAILURE): Call Test Case 'Test Cases/AHI/_include/get_screenshot' successfully

2019-12-31 08:16:06 - [TEST_CASE][PASSED] - Test Cases/AHI/_include/get_screenshot: Test Cases/AHI/_include/get_screenshot

2019-12-31 08:16:06 - [TEST_STEP][PASSED] - takeScreenshot(screenPath + i + ".png"): Taking screenshot successfully

2019-12-31 08:16:07 - [MESSAGE][PASSED] - Taking screenshot successfully
[[ATTACHMENT|D:\\Test\\AgileTest\\Reports\\HIC\\hic\\20191231_080029\\../Screenshots/iPhone 6/HIC/STM/AdvantHealth/20191231_081514/6.png]]

2019-12-31 08:16:07 - [TEST_STEP][PASSED] - (internal.GlobalVariable.i++): null

2019-12-31 08:16:07 - [MESSAGE][PASSED] - Call Test Case 'Test Cases/AHI/_include/get_screenshot' successfully

2019-12-31 08:16:07 - [MESSAGE][PASSED] - Call Test Case 'Test Cases/AHI/_include/apply_stm' successfully

2019-12-31 08:16:07 - [TEST_STEP][PASSED] - callTestCase(findTestCase("AHI/_include/goToEnd_stm_autofill"), [:], STOP_ON_FAILURE): Call Test Case 'Test Cases/AHI/_include/goToEnd_stm_autofill' successfully

2019-12-31 08:16:07 - [TEST_CASE][PASSED] - Test Cases/AHI/_include/goToEnd_stm_autofill: Test Cases/AHI/_include/goToEnd_stm_autofill

2019-12-31 08:16:07 - [TEST_STEP][PASSED] - callTestCase(findTestCase("AHI/_include/name"), [:], CONTINUE_ON_FAILURE): Call Test Case 'Test Cases/AHI/_include/name' successfully

2019-12-31 08:16:07 - [TEST_CASE][PASSED] - Test Cases/AHI/_include/name: Test Cases/AHI/_include/name

2019-12-31 08:16:07 - [TEST_STEP][PASSED] - driver = getWebDriver(): null

2019-12-31 08:16:07 - [TEST_STEP][PASSED] - selenium = new com.thoughtworks.selenium.webdriven.WebDriverBackedSelenium(driver, internal.GlobalVariable.ENV): null

2019-12-31 08:16:07 - [TEST_STEP][PASSED] - FirstName = "Test-123": null

2019-12-31 08:16:07 - [TEST_STEP][PASSED] - LastName = selenium.getEval("{var x="ABCDEFGHIJKLMNOPQRSTUVWXYZabcdefghijklmnopqrstuvwxyz"; var tmp="ZZ11-"; for (i=0;i<8;i++) tmp+=x.charAt(Math.ceil(51*Math.random()));tmp;}"): null

2019-12-31 08:16:07 - [TEST_STEP][PASSED] - Address = selenium.getEval("{var x="ABCDEFGHIJKLMNOPQRSTUVWXYZabcdefghijklmnopqrstuvwxyz"; var tmp=""; for (i=0;i<8;i++) tmp+=x.charAt(Math.ceil(51*Math.random()));tmp;}"): null

2019-12-31 08:16:07 - [TEST_STEP][PASSED] - City = selenium.getEval("{var x="ABCDEFGHIJKLMNOPQRSTUVWXYZabcdefghijklmnopqrstuvwxyz"; var tmp=""; for (i=0;i<8;i++) tmp+=x.charAt(Math.ceil(51*Math.random()));tmp;}"): null

2019-12-31 08:16:07 - [TEST_STEP][PASSED] - tel1 = selenium.getEval("{var x="123456789"; var tmp=""; for (i=0;i<3;i++) tmp+=x.charAt(Math.ceil(8*Math.random()));tmp;}"): null

2019-12-31 08:16:07 - [TEST_STEP][PASSED] - tel2 = selenium.getEval("{var x="123456789"; var tmp=""; for (i=0;i<3;i++) tmp+=x.charAt(Math.ceil(8*Math.random()));tmp;}"): null

2019-12-31 08:16:07 - [TEST_STEP][PASSED] - tel3 = selenium.getEval("{var x="123456789"; var tmp=""; for (i=0;i<4;i++) tmp+=x.charAt(Math.ceil(8*Math.random()));tmp;}"): null

2019-12-31 08:16:07 - [TEST_STEP][PASSED] - Tel = selenium.getExpression(tel1 + "-" + tel2 + "-" + tel3): null

2019-12-31 08:16:07 - [TEST_STEP][PASSED] - AutoEmail = selenium.getEval("{var x="ABCDEFGHIJKLMNOPQRSTUVWXYZabcdefghijklmnopqrstuvwxyz"; var tmp="test."; for (i=0;i<8;i++) tmp+=x.charAt(Math.ceil(51*Math.random()));tmp+="@suryani.cn";}"): null

2019-12-31 08:16:07 - [TEST_STEP][PASSED] - FirstName = FirstName: null

2019-12-31 08:16:07 - [TEST_STEP][PASSED] - LastName = LastName: null

2019-12-31 08:16:07 - [TEST_STEP][PASSED] - Address = Address: null

2019-12-31 08:16:07 - [TEST_STEP][PASSED] - City = City: null

2019-12-31 08:16:07 - [TEST_STEP][PASSED] - Tel = Tel: null

2019-12-31 08:16:07 - [TEST_STEP][PASSED] - AutoEmail = AutoEmail: null

2019-12-31 08:16:07 - [TEST_STEP][PASSED] - println(FirstName): null

2019-12-31 08:16:07 - [TEST_STEP][PASSED] - println(LastName): null

2019-12-31 08:16:07 - [TEST_STEP][PASSED] - println(Address): null

2019-12-31 08:16:07 - [TEST_STEP][PASSED] - println(City): null

2019-12-31 08:16:07 - [TEST_STEP][PASSED] - println(Tel): null

2019-12-31 08:16:07 - [TEST_STEP][PASSED] - println(AutoEmail): null

2019-12-31 08:16:07 - [MESSAGE][PASSED] - Call Test Case 'Test Cases/AHI/_include/name' successfully

2019-12-31 08:16:07 - [TEST_STEP][PASSED] - try: Call Test Case 'Test Cases/AHI/_include/get_screenshot' successfully

2019-12-31 08:16:07 - [TEST_STEP][PASSED] - if (verifyTextPresent("Month Duration Acknowledgement", false)): Call Test Case 'Test Cases/AHI/_include/get_screenshot' successfully

2019-12-31 08:16:07 - [MESSAGE][PASSED] - Text 'Month Duration Acknowledgement' is present on page 

2019-12-31 08:16:07 - [TEST_STEP][PASSED] - click(findTestObject("mobileSanity/STM/Page_App Page 1/label_By checking this box I u")): Object: 'Object Repository/mobileSanity/STM/Page_App Page 1/label_By checking this box I u' is clicked on

2019-12-31 08:16:08 - [MESSAGE][PASSED] - Object: 'Object Repository/mobileSanity/STM/Page_App Page 1/label_By checking this box I u' is clicked on

2019-12-31 08:16:08 - [TEST_STEP][PASSED] - click(findTestObject("mobileSanity/STM/Page_App Page 1/button_Continue to Application")): Object: 'Object Repository/mobileSanity/STM/Page_App Page 1/button_Continue to Application' is clicked on

2019-12-31 08:16:08 - [MESSAGE][PASSED] - Object: 'Object Repository/mobileSanity/STM/Page_App Page 1/button_Continue to Application' is clicked on

2019-12-31 08:16:08 - [TEST_STEP][PASSED] - waitForPageLoad(20): Wait for page load successfully

2019-12-31 08:16:10 - [MESSAGE][PASSED] - Wait for page load successfully

2019-12-31 08:16:10 - [TEST_STEP][PASSED] - Thread.sleep(5000): null

2019-12-31 08:16:15 - [TEST_STEP][PASSED] - callTestCase(findTestCase("AHI/_include/get_screenshot"), [:], STOP_ON_FAILURE): Call Test Case 'Test Cases/AHI/_include/get_screenshot' successfully

2019-12-31 08:16:15 - [TEST_CASE][PASSED] - Test Cases/AHI/_include/get_screenshot: Test Cases/AHI/_include/get_screenshot

2019-12-31 08:16:15 - [TEST_STEP][PASSED] - takeScreenshot(screenPath + i + ".png"): Taking screenshot successfully

2019-12-31 08:16:16 - [MESSAGE][PASSED] - Taking screenshot successfully
[[ATTACHMENT|D:\\Test\\AgileTest\\Reports\\HIC\\hic\\20191231_080029\\../Screenshots/iPhone 6/HIC/STM/AdvantHealth/20191231_081514/7.png]]

2019-12-31 08:16:16 - [TEST_STEP][PASSED] - (internal.GlobalVariable.i++): null

2019-12-31 08:16:16 - [MESSAGE][PASSED] - Call Test Case 'Test Cases/AHI/_include/get_screenshot' successfully

2019-12-31 08:16:16 - [TEST_STEP][PASSED] - waitForPageLoad(10): Wait for page load successfully

2019-12-31 08:16:16 - [MESSAGE][PASSED] - Wait for page load successfully

2019-12-31 08:16:16 - [TEST_STEP][PASSED] - Thread.sleep(3000): null

2019-12-31 08:16:19 - [TEST_STEP][PASSED] - waitForElementVisible(findTestObject("mobileSanity/STM/Page_App Page 1/a_Autofill App Info"), 20): Object 'Object Repository/mobileSanity/STM/Page_App Page 1/a_Autofill App Info' is visible

2019-12-31 08:16:19 - [MESSAGE][PASSED] - Object 'Object Repository/mobileSanity/STM/Page_App Page 1/a_Autofill App Info' is visible

2019-12-31 08:16:19 - [TEST_STEP][PASSED] - click(findTestObject("mobileSanity/STM/Page_App Page 1/a_Autofill App Info")): Object: 'Object Repository/mobileSanity/STM/Page_App Page 1/a_Autofill App Info' is clicked on

2019-12-31 08:16:19 - [MESSAGE][PASSED] - Object: 'Object Repository/mobileSanity/STM/Page_App Page 1/a_Autofill App Info' is clicked on

2019-12-31 08:16:19 - [TEST_STEP][PASSED] - Thread.sleep(1000): null

2019-12-31 08:16:20 - [TEST_STEP][PASSED] - click(findTestObject("mobileSanity/STM/Page_App Page 1/a_Autofill App Info")): Object: 'Object Repository/mobileSanity/STM/Page_App Page 1/a_Autofill App Info' is clicked on

2019-12-31 08:16:20 - [MESSAGE][PASSED] - Object: 'Object Repository/mobileSanity/STM/Page_App Page 1/a_Autofill App Info' is clicked on

2019-12-31 08:16:20 - [TEST_STEP][PASSED] - Thread.sleep(1000): null

2019-12-31 08:16:21 - [TEST_STEP][PASSED] - waitForElementVisible(findTestObject("mobileSanity/STM/Page_App Page 1/a_Continue"), 20): Object 'Object Repository/mobileSanity/STM/Page_App Page 1/a_Continue' is visible

2019-12-31 08:16:21 - [MESSAGE][PASSED] - Object 'Object Repository/mobileSanity/STM/Page_App Page 1/a_Continue' is visible

2019-12-31 08:16:21 - [TEST_STEP][PASSED] - click(findTestObject("mobileSanity/STM/Page_App Page 1/a_Continue")): Object: 'Object Repository/mobileSanity/STM/Page_App Page 1/a_Continue' is clicked on

2019-12-31 08:16:21 - [MESSAGE][PASSED] - Object: 'Object Repository/mobileSanity/STM/Page_App Page 1/a_Continue' is clicked on

2019-12-31 08:16:21 - [TEST_STEP][PASSED] - waitForPageLoad(20): Wait for page load successfully

2019-12-31 08:16:21 - [MESSAGE][PASSED] - Wait for page load successfully

2019-12-31 08:16:21 - [TEST_STEP][PASSED] - Thread.sleep(5000): null

2019-12-31 08:16:26 - [TEST_STEP][PASSED] - callTestCase(findTestCase("AHI/_include/get_screenshot"), [:], STOP_ON_FAILURE): Call Test Case 'Test Cases/AHI/_include/get_screenshot' successfully

2019-12-31 08:16:26 - [TEST_CASE][PASSED] - Test Cases/AHI/_include/get_screenshot: Test Cases/AHI/_include/get_screenshot

2019-12-31 08:16:26 - [TEST_STEP][PASSED] - takeScreenshot(screenPath + i + ".png"): Taking screenshot successfully

2019-12-31 08:16:27 - [MESSAGE][PASSED] - Taking screenshot successfully
[[ATTACHMENT|D:\\Test\\AgileTest\\Reports\\HIC\\hic\\20191231_080029\\../Screenshots/iPhone 6/HIC/STM/AdvantHealth/20191231_081514/8.png]]

2019-12-31 08:16:27 - [TEST_STEP][PASSED] - (internal.GlobalVariable.i++): null

2019-12-31 08:16:27 - [MESSAGE][PASSED] - Call Test Case 'Test Cases/AHI/_include/get_screenshot' successfully

2019-12-31 08:16:27 - [TEST_STEP][PASSED] - click(findTestObject("mobileSanity/STM/Page_App Page 2/a_Continue to Step 3 - Payment")): Object: 'Object Repository/mobileSanity/STM/Page_App Page 2/a_Continue to Step 3 - Payment' is clicked on

2019-12-31 08:16:27 - [MESSAGE][PASSED] - Object: 'Object Repository/mobileSanity/STM/Page_App Page 2/a_Continue to Step 3 - Payment' is clicked on

2019-12-31 08:16:27 - [TEST_STEP][PASSED] - waitForPageLoad(20): Wait for page load successfully

2019-12-31 08:16:27 - [MESSAGE][PASSED] - Wait for page load successfully

2019-12-31 08:16:27 - [TEST_STEP][PASSED] - waitForElementVisible(findTestObject("mobileSanity/STM/Page_App Page 3/input__credit-card-cvv"), 20): Object 'Object Repository/mobileSanity/STM/Page_App Page 3/input__credit-card-cvv' is visible

2019-12-31 08:16:27 - [MESSAGE][PASSED] - Object 'Object Repository/mobileSanity/STM/Page_App Page 3/input__credit-card-cvv' is visible

2019-12-31 08:16:27 - [TEST_STEP][PASSED] - Thread.sleep(2000): null

2019-12-31 08:16:29 - [TEST_STEP][PASSED] - callTestCase(findTestCase("AHI/_include/get_screenshot"), [:], STOP_ON_FAILURE): Call Test Case 'Test Cases/AHI/_include/get_screenshot' successfully

2019-12-31 08:16:29 - [TEST_CASE][PASSED] - Test Cases/AHI/_include/get_screenshot: Test Cases/AHI/_include/get_screenshot

2019-12-31 08:16:29 - [TEST_STEP][PASSED] - takeScreenshot(screenPath + i + ".png"): Taking screenshot successfully

2019-12-31 08:16:31 - [MESSAGE][PASSED] - Taking screenshot successfully
[[ATTACHMENT|D:\\Test\\AgileTest\\Reports\\HIC\\hic\\20191231_080029\\../Screenshots/iPhone 6/HIC/STM/AdvantHealth/20191231_081514/9.png]]

2019-12-31 08:16:31 - [TEST_STEP][PASSED] - (internal.GlobalVariable.i++): null

2019-12-31 08:16:31 - [MESSAGE][PASSED] - Call Test Case 'Test Cases/AHI/_include/get_screenshot' successfully

2019-12-31 08:16:31 - [TEST_STEP][PASSED] - clearText(findTestObject("mobileSanity/STM/Page_App Page 3/input__credit-card-cvv")): Text of object 'Object Repository/mobileSanity/STM/Page_App Page 3/input__credit-card-cvv' is cleared

2019-12-31 08:16:31 - [MESSAGE][PASSED] - Text of object 'Object Repository/mobileSanity/STM/Page_App Page 3/input__credit-card-cvv' is cleared

2019-12-31 08:16:31 - [TEST_STEP][PASSED] - setText(findTestObject("mobileSanity/STM/Page_App Page 3/input__credit-card-cvv"), "123"): Text '123' is set on object 'Object Repository/mobileSanity/STM/Page_App Page 3/input__credit-card-cvv'

2019-12-31 08:16:31 - [MESSAGE][PASSED] - Text '123' is set on object 'Object Repository/mobileSanity/STM/Page_App Page 3/input__credit-card-cvv'

2019-12-31 08:16:31 - [TEST_STEP][PASSED] - click(findTestObject("mobileSanity/STM/Page_App Page 3/label_I Accept Authorization f")): Object: 'Object Repository/mobileSanity/STM/Page_App Page 3/label_I Accept Authorization f' is clicked on

2019-12-31 08:16:31 - [MESSAGE][PASSED] - Object: 'Object Repository/mobileSanity/STM/Page_App Page 3/label_I Accept Authorization f' is clicked on

2019-12-31 08:16:31 - [TEST_STEP][PASSED] - click(findTestObject("mobileSanity/STM/Page_App Page 3/a_Continue to Step 4 - Review")): Object: 'Object Repository/mobileSanity/STM/Page_App Page 3/a_Continue to Step 4 - Review' is clicked on

2019-12-31 08:16:31 - [MESSAGE][PASSED] - Object: 'Object Repository/mobileSanity/STM/Page_App Page 3/a_Continue to Step 4 - Review' is clicked on

2019-12-31 08:16:31 - [TEST_STEP][PASSED] - waitForPageLoad(10): Wait for page load successfully

2019-12-31 08:16:31 - [MESSAGE][PASSED] - Wait for page load successfully

2019-12-31 08:16:31 - [TEST_STEP][PASSED] - waitForElementClickable(findTestObject("mobileSanity/STM/Page_App Page 4/label"), 10): Object 'Object Repository/mobileSanity/STM/Page_App Page 4/label' is clickable

2019-12-31 08:16:32 - [MESSAGE][PASSED] - Object 'Object Repository/mobileSanity/STM/Page_App Page 4/label' is clickable

2019-12-31 08:16:32 - [TEST_STEP][PASSED] - Thread.sleep(2000): null

2019-12-31 08:16:34 - [TEST_STEP][PASSED] - callTestCase(findTestCase("AHI/_include/get_screenshot"), [:], STOP_ON_FAILURE): Call Test Case 'Test Cases/AHI/_include/get_screenshot' successfully

2019-12-31 08:16:34 - [TEST_CASE][PASSED] - Test Cases/AHI/_include/get_screenshot: Test Cases/AHI/_include/get_screenshot

2019-12-31 08:16:34 - [TEST_STEP][PASSED] - takeScreenshot(screenPath + i + ".png"): Taking screenshot successfully

2019-12-31 08:16:34 - [MESSAGE][PASSED] - Taking screenshot successfully
[[ATTACHMENT|D:\\Test\\AgileTest\\Reports\\HIC\\hic\\20191231_080029\\../Screenshots/iPhone 6/HIC/STM/AdvantHealth/20191231_081514/10.png]]

2019-12-31 08:16:34 - [TEST_STEP][PASSED] - (internal.GlobalVariable.i++): null

2019-12-31 08:16:34 - [MESSAGE][PASSED] - Call Test Case 'Test Cases/AHI/_include/get_screenshot' successfully

2019-12-31 08:16:34 - [TEST_STEP][PASSED] - click(findTestObject("mobileSanity/STM/Page_App Page 4/label")): Object: 'Object Repository/mobileSanity/STM/Page_App Page 4/label' is clicked on

2019-12-31 08:16:34 - [MESSAGE][PASSED] - Object: 'Object Repository/mobileSanity/STM/Page_App Page 4/label' is clicked on

2019-12-31 08:16:34 - [TEST_STEP][PASSED] - click(findTestObject("mobileSanity/STM/Page_App Page 4/div_CLICK TO SIGN")): Object: 'Object Repository/mobileSanity/STM/Page_App Page 4/div_CLICK TO SIGN' is clicked on

2019-12-31 08:16:34 - [MESSAGE][PASSED] - Object: 'Object Repository/mobileSanity/STM/Page_App Page 4/div_CLICK TO SIGN' is clicked on

2019-12-31 08:16:34 - [TEST_STEP][PASSED] - click(findTestObject("mobileSanity/STM/Page_App Page 4/a_Submit Your Application")): Object: 'Object Repository/mobileSanity/STM/Page_App Page 4/a_Submit Your Application' is clicked on

2019-12-31 08:16:35 - [MESSAGE][PASSED] - Object: 'Object Repository/mobileSanity/STM/Page_App Page 4/a_Submit Your Application' is clicked on

2019-12-31 08:16:35 - [TEST_STEP][PASSED] - Thread.sleep(30000): null

2019-12-31 08:17:05 - [TEST_STEP][PASSED] - waitForElementPresent(findTestObject("mobileSanity/STM/Page_App Page 6/app-page-wrapper"), 20): Object 'Object Repository/mobileSanity/STM/Page_App Page 6/app-page-wrapper' is present

2019-12-31 08:17:21 - [MESSAGE][PASSED] - Object 'Object Repository/mobileSanity/STM/Page_App Page 6/app-page-wrapper' is present

2019-12-31 08:17:21 - [TEST_STEP][PASSED] - callTestCase(findTestCase("AHI/_include/get_screenshot"), [:], STOP_ON_FAILURE): Call Test Case 'Test Cases/AHI/_include/get_screenshot' successfully

2019-12-31 08:17:21 - [TEST_CASE][PASSED] - Test Cases/AHI/_include/get_screenshot: Test Cases/AHI/_include/get_screenshot

2019-12-31 08:17:22 - [TEST_STEP][PASSED] - takeScreenshot(screenPath + i + ".png"): Taking screenshot successfully

2019-12-31 08:17:22 - [MESSAGE][PASSED] - Taking screenshot successfully
[[ATTACHMENT|D:\\Test\\AgileTest\\Reports\\HIC\\hic\\20191231_080029\\../Screenshots/iPhone 6/HIC/STM/AdvantHealth/20191231_081514/11.png]]

2019-12-31 08:17:22 - [TEST_STEP][PASSED] - (internal.GlobalVariable.i++): null

2019-12-31 08:17:22 - [MESSAGE][PASSED] - Call Test Case 'Test Cases/AHI/_include/get_screenshot' successfully

2019-12-31 08:17:22 - [MESSAGE][PASSED] - Call Test Case 'Test Cases/AHI/_include/goToEnd_stm_autofill' successfully]]></system-out>
         <system-err><![CDATA[]]></system-err>
      </testcase>
      <testcase name="Test Cases/HIC/STM/Aspen" classname="Test Cases/HIC/STM/Aspen" status="PASSED">
         <system-out><![CDATA[2019-12-31 08:17:22 - [TEST_CASE][PASSED] - Test Cases/HIC/STM/Aspen: Test Cases/HIC/STM/Aspen

2019-12-31 08:17:22 - [TEST_STEP][PASSED] - callTestCase(findTestCase("HIC/_include/get_hicScreenPath"), ["project":"HIC", "productLine":"STM", "carrierName":"Aspen"], CONTINUE_ON_FAILURE): Call Test Case 'Test Cases/HIC/_include/get_hicScreenPath' successfully

2019-12-31 08:17:22 - [TEST_CASE][PASSED] - Test Cases/HIC/_include/get_hicScreenPath: Test Cases/HIC/_include/get_hicScreenPath

2019-12-31 08:17:22 - [TEST_STEP][PASSED] - m = getExecutionProperties(): null

2019-12-31 08:17:22 - [TEST_STEP][PASSED] - deviceName = get("mobileEmulation").get("deviceName"): null

2019-12-31 08:17:22 - [TEST_STEP][PASSED] - println(deviceName): null

2019-12-31 08:17:22 - [TEST_STEP][PASSED] - now = new java.util.Date(): null

2019-12-31 08:17:22 - [TEST_STEP][PASSED] - mydate = now.format("yyyyMMdd_HHmmss"): null

2019-12-31 08:17:22 - [TEST_STEP][PASSED] - screenPath = "../Screenshots/": null

2019-12-31 08:17:22 - [TEST_STEP][PASSED] - screenPath = screenPath + deviceName + "/" + project + "/" + productLine + "/" + carrierName + "/" + mydate + "/": null

2019-12-31 08:17:22 - [TEST_STEP][PASSED] - println(screenPath): null

2019-12-31 08:17:22 - [MESSAGE][PASSED] - Call Test Case 'Test Cases/HIC/_include/get_hicScreenPath' successfully

2019-12-31 08:17:22 - [TEST_STEP][PASSED] - i = 0: null

2019-12-31 08:17:22 - [TEST_STEP][PASSED] - callTestCase(findTestCase("AHI/_include/openWebSite"), ["env":"https://qa.healthinsurance.com/"], CONTINUE_ON_FAILURE): Call Test Case 'Test Cases/AHI/_include/openWebSite' successfully

2019-12-31 08:17:22 - [TEST_CASE][PASSED] - Test Cases/AHI/_include/openWebSite: Test Cases/AHI/_include/openWebSite

2019-12-31 08:17:22 - [TEST_STEP][PASSED] - openBrowser(env): Browser is opened with url: 'https://qa.healthinsurance.com/'

2019-12-31 08:17:22 - [MESSAGE][WARNING] - A browser is already opened. Closing browser and opening a new one

2019-12-31 08:17:23 - [MESSAGE][INFO] - Starting 'Chrome' driver

2019-12-31 08:17:23 - [MESSAGE][INFO] - User set preference: ['mobileEmulation', '{deviceName=iPhone 6}']

2019-12-31 08:17:23 - [MESSAGE][INFO] - User set preference: ['args', '[--incognito, --aggressive-cache-discard, --window-size=375,677, --no-sandbox]']

2019-12-31 08:17:28 - [MESSAGE][PASSED] - Browser is opened with url: 'https://qa.healthinsurance.com/'

2019-12-31 08:17:28 - [TEST_STEP][PASSED] - waitForPageLoad(20): Wait for page load successfully

2019-12-31 08:17:28 - [MESSAGE][PASSED] - Wait for page load successfully

2019-12-31 08:17:28 - [TEST_STEP][PASSED] - callTestCase(findTestCase("AHI/_include/get_screenshot"), [:], STOP_ON_FAILURE): Call Test Case 'Test Cases/AHI/_include/get_screenshot' successfully

2019-12-31 08:17:28 - [TEST_CASE][PASSED] - Test Cases/AHI/_include/get_screenshot: Test Cases/AHI/_include/get_screenshot

2019-12-31 08:17:28 - [TEST_STEP][PASSED] - takeScreenshot(screenPath + i + ".png"): Taking screenshot successfully

2019-12-31 08:17:29 - [MESSAGE][PASSED] - Taking screenshot successfully
[[ATTACHMENT|D:\\Test\\AgileTest\\Reports\\HIC\\hic\\20191231_080029\\../Screenshots/iPhone 6/HIC/STM/Aspen/20191231_081722/0.png]]

2019-12-31 08:17:29 - [TEST_STEP][PASSED] - (internal.GlobalVariable.i++): null

2019-12-31 08:17:29 - [MESSAGE][PASSED] - Call Test Case 'Test Cases/AHI/_include/get_screenshot' successfully

2019-12-31 08:17:29 - [MESSAGE][PASSED] - Call Test Case 'Test Cases/AHI/_include/openWebSite' successfully

2019-12-31 08:17:29 - [TEST_STEP][PASSED] - click(findTestObject("hic/nav/navButton")): Object: 'Object Repository/hic/nav/navButton' is clicked on

2019-12-31 08:17:29 - [MESSAGE][PASSED] - Object: 'Object Repository/hic/nav/navButton' is clicked on

2019-12-31 08:17:29 - [TEST_STEP][PASSED] - Thread.sleep(2000): null

2019-12-31 08:17:31 - [TEST_STEP][PASSED] - click(findTestObject("hic/nav/stmLink")): Object: 'Object Repository/hic/nav/stmLink' is clicked on

2019-12-31 08:17:31 - [MESSAGE][PASSED] - Object: 'Object Repository/hic/nav/stmLink' is clicked on

2019-12-31 08:17:31 - [TEST_STEP][PASSED] - Thread.sleep(2000): null

2019-12-31 08:17:33 - [TEST_STEP][PASSED] - callTestCase(findTestCase("AHI/_include/get_screenshot"), [:], STOP_ON_FAILURE): Call Test Case 'Test Cases/AHI/_include/get_screenshot' successfully

2019-12-31 08:17:33 - [TEST_CASE][PASSED] - Test Cases/AHI/_include/get_screenshot: Test Cases/AHI/_include/get_screenshot

2019-12-31 08:17:33 - [TEST_STEP][PASSED] - takeScreenshot(screenPath + i + ".png"): Taking screenshot successfully

2019-12-31 08:17:34 - [MESSAGE][PASSED] - Taking screenshot successfully
[[ATTACHMENT|D:\\Test\\AgileTest\\Reports\\HIC\\hic\\20191231_080029\\../Screenshots/iPhone 6/HIC/STM/Aspen/20191231_081722/1.png]]

2019-12-31 08:17:34 - [TEST_STEP][PASSED] - (internal.GlobalVariable.i++): null

2019-12-31 08:17:34 - [MESSAGE][PASSED] - Call Test Case 'Test Cases/AHI/_include/get_screenshot' successfully

2019-12-31 08:17:34 - [TEST_STEP][PASSED] - callTestCase(findTestCase("HIC/_include/stm_census"), ["zipcode":"60602"], STOP_ON_FAILURE): Call Test Case 'Test Cases/HIC/_include/stm_census' successfully

2019-12-31 08:17:34 - [TEST_CASE][PASSED] - Test Cases/HIC/_include/stm_census: Test Cases/HIC/_include/stm_census

2019-12-31 08:17:34 - [TEST_STEP][PASSED] - setText(findTestObject("hic/stm/zip"), zipcode): Text '60602' is set on object 'Object Repository/hic/stm/zip'

2019-12-31 08:17:39 - [MESSAGE][PASSED] - Text '60602' is set on object 'Object Repository/hic/stm/zip'

2019-12-31 08:17:39 - [TEST_STEP][PASSED] - Thread.sleep(500): null

2019-12-31 08:17:40 - [TEST_STEP][PASSED] - setText(findTestObject("hic/stm/primaryDOB"), "03031987"): Text '03031987' is set on object 'Object Repository/hic/stm/primaryDOB'

2019-12-31 08:17:41 - [MESSAGE][PASSED] - Text '03031987' is set on object 'Object Repository/hic/stm/primaryDOB'

2019-12-31 08:17:41 - [TEST_STEP][PASSED] - click(findTestObject("hic/stm/female")): Object: 'Object Repository/hic/stm/female' is clicked on

2019-12-31 08:17:42 - [MESSAGE][PASSED] - Object: 'Object Repository/hic/stm/female' is clicked on

2019-12-31 08:17:42 - [TEST_STEP][PASSED] - Thread.sleep(3000): null

2019-12-31 08:17:45 - [TEST_STEP][PASSED] - click(findTestObject("hic/stm/submitButton")): Object: 'Object Repository/hic/stm/submitButton' is clicked on

2019-12-31 08:17:47 - [MESSAGE][PASSED] - Object: 'Object Repository/hic/stm/submitButton' is clicked on

2019-12-31 08:17:47 - [TEST_STEP][PASSED] - Thread.sleep(6000): null

2019-12-31 08:17:53 - [TEST_STEP][PASSED] - callTestCase(findTestCase("AHI/_include/check_quoteleadform"), [:], STOP_ON_FAILURE): Call Test Case 'Test Cases/AHI/_include/check_quoteleadform' successfully

2019-12-31 08:17:53 - [TEST_CASE][PASSED] - Test Cases/AHI/_include/check_quoteleadform: Test Cases/AHI/_include/check_quoteleadform

2019-12-31 08:17:53 - [TEST_STEP][PASSED] - callTestCase(findTestCase("AHI/_include/name"), [:], CONTINUE_ON_FAILURE): Call Test Case 'Test Cases/AHI/_include/name' successfully

2019-12-31 08:17:53 - [TEST_CASE][PASSED] - Test Cases/AHI/_include/name: Test Cases/AHI/_include/name

2019-12-31 08:17:53 - [TEST_STEP][PASSED] - driver = getWebDriver(): null

2019-12-31 08:17:53 - [TEST_STEP][PASSED] - selenium = new com.thoughtworks.selenium.webdriven.WebDriverBackedSelenium(driver, internal.GlobalVariable.ENV): null

2019-12-31 08:17:53 - [TEST_STEP][PASSED] - FirstName = "Test-123": null

2019-12-31 08:17:53 - [TEST_STEP][PASSED] - LastName = selenium.getEval("{var x="ABCDEFGHIJKLMNOPQRSTUVWXYZabcdefghijklmnopqrstuvwxyz"; var tmp="ZZ11-"; for (i=0;i<8;i++) tmp+=x.charAt(Math.ceil(51*Math.random()));tmp;}"): null

2019-12-31 08:17:53 - [TEST_STEP][PASSED] - Address = selenium.getEval("{var x="ABCDEFGHIJKLMNOPQRSTUVWXYZabcdefghijklmnopqrstuvwxyz"; var tmp=""; for (i=0;i<8;i++) tmp+=x.charAt(Math.ceil(51*Math.random()));tmp;}"): null

2019-12-31 08:17:53 - [TEST_STEP][PASSED] - City = selenium.getEval("{var x="ABCDEFGHIJKLMNOPQRSTUVWXYZabcdefghijklmnopqrstuvwxyz"; var tmp=""; for (i=0;i<8;i++) tmp+=x.charAt(Math.ceil(51*Math.random()));tmp;}"): null

2019-12-31 08:17:53 - [TEST_STEP][PASSED] - tel1 = selenium.getEval("{var x="123456789"; var tmp=""; for (i=0;i<3;i++) tmp+=x.charAt(Math.ceil(8*Math.random()));tmp;}"): null

2019-12-31 08:17:53 - [TEST_STEP][PASSED] - tel2 = selenium.getEval("{var x="123456789"; var tmp=""; for (i=0;i<3;i++) tmp+=x.charAt(Math.ceil(8*Math.random()));tmp;}"): null

2019-12-31 08:17:53 - [TEST_STEP][PASSED] - tel3 = selenium.getEval("{var x="123456789"; var tmp=""; for (i=0;i<4;i++) tmp+=x.charAt(Math.ceil(8*Math.random()));tmp;}"): null

2019-12-31 08:17:53 - [TEST_STEP][PASSED] - Tel = selenium.getExpression(tel1 + "-" + tel2 + "-" + tel3): null

2019-12-31 08:17:53 - [TEST_STEP][PASSED] - AutoEmail = selenium.getEval("{var x="ABCDEFGHIJKLMNOPQRSTUVWXYZabcdefghijklmnopqrstuvwxyz"; var tmp="test."; for (i=0;i<8;i++) tmp+=x.charAt(Math.ceil(51*Math.random()));tmp+="@suryani.cn";}"): null

2019-12-31 08:17:53 - [TEST_STEP][PASSED] - FirstName = FirstName: null

2019-12-31 08:17:53 - [TEST_STEP][PASSED] - LastName = LastName: null

2019-12-31 08:17:53 - [TEST_STEP][PASSED] - Address = Address: null

2019-12-31 08:17:53 - [TEST_STEP][PASSED] - City = City: null

2019-12-31 08:17:53 - [TEST_STEP][PASSED] - Tel = Tel: null

2019-12-31 08:17:53 - [TEST_STEP][PASSED] - AutoEmail = AutoEmail: null

2019-12-31 08:17:53 - [TEST_STEP][PASSED] - println(FirstName): null

2019-12-31 08:17:53 - [TEST_STEP][PASSED] - println(LastName): null

2019-12-31 08:17:53 - [TEST_STEP][PASSED] - println(Address): null

2019-12-31 08:17:53 - [TEST_STEP][PASSED] - println(City): null

2019-12-31 08:17:53 - [TEST_STEP][PASSED] - println(Tel): null

2019-12-31 08:17:53 - [TEST_STEP][PASSED] - println(AutoEmail): null

2019-12-31 08:17:53 - [MESSAGE][PASSED] - Call Test Case 'Test Cases/AHI/_include/name' successfully

2019-12-31 08:17:53 - [TEST_STEP][PASSED] - leadform_exist = test.MobileKeywords.isElementPresent_Web(findTestObject("mobileSanity/quote lead form/lead_form"), 20): test.MobileKeywords.isElementPresent_Web is PASSED

2019-12-31 08:17:53 - [MESSAGE][PASSED] - test.MobileKeywords.isElementPresent_Web is PASSED

2019-12-31 08:17:53 - [TEST_STEP][PASSED] - if (leadform_exist): null

2019-12-31 08:17:53 - [TEST_STEP][PASSED] - setText(findTestObject("mobileSanity/quote lead form/first"), FirstName): Text 'Test-123' is set on object 'Object Repository/mobileSanity/quote lead form/first'

2019-12-31 08:17:54 - [MESSAGE][PASSED] - Text 'Test-123' is set on object 'Object Repository/mobileSanity/quote lead form/first'

2019-12-31 08:17:54 - [TEST_STEP][PASSED] - setText(findTestObject("mobileSanity/quote lead form/last"), LastName): Text 'ZZ11-yiIXCZef' is set on object 'Object Repository/mobileSanity/quote lead form/last'

2019-12-31 08:17:54 - [MESSAGE][PASSED] - Text 'ZZ11-yiIXCZef' is set on object 'Object Repository/mobileSanity/quote lead form/last'

2019-12-31 08:17:54 - [TEST_STEP][PASSED] - setText(findTestObject("mobileSanity/quote lead form/email"), AutoEmail): Text 'test.HJuknLUS@suryani.cn' is set on object 'Object Repository/mobileSanity/quote lead form/email'

2019-12-31 08:17:54 - [MESSAGE][PASSED] - Text 'test.HJuknLUS@suryani.cn' is set on object 'Object Repository/mobileSanity/quote lead form/email'

2019-12-31 08:17:54 - [TEST_STEP][PASSED] - setText(findTestObject("mobileSanity/quote lead form/phone"), Tel): Text '583-975-3485' is set on object 'Object Repository/mobileSanity/quote lead form/phone'

2019-12-31 08:17:54 - [MESSAGE][PASSED] - Text '583-975-3485' is set on object 'Object Repository/mobileSanity/quote lead form/phone'

2019-12-31 08:17:54 - [TEST_STEP][PASSED] - click(findTestObject("mobileSanity/quote lead form/submit")): Object: 'Object Repository/mobileSanity/quote lead form/submit' is clicked on

2019-12-31 08:17:54 - [MESSAGE][PASSED] - Object: 'Object Repository/mobileSanity/quote lead form/submit' is clicked on

2019-12-31 08:17:54 - [TEST_STEP][PASSED] - Thread.sleep(3000): null

2019-12-31 08:17:57 - [MESSAGE][PASSED] - Call Test Case 'Test Cases/AHI/_include/check_quoteleadform' successfully

2019-12-31 08:17:57 - [TEST_STEP][PASSED] - callTestCase(findTestCase("AHI/_include/get_screenshot"), [:], STOP_ON_FAILURE): Call Test Case 'Test Cases/AHI/_include/get_screenshot' successfully

2019-12-31 08:17:57 - [TEST_CASE][PASSED] - Test Cases/AHI/_include/get_screenshot: Test Cases/AHI/_include/get_screenshot

2019-12-31 08:17:57 - [TEST_STEP][PASSED] - takeScreenshot(screenPath + i + ".png"): Taking screenshot successfully

2019-12-31 08:17:58 - [MESSAGE][PASSED] - Taking screenshot successfully
[[ATTACHMENT|D:\\Test\\AgileTest\\Reports\\HIC\\hic\\20191231_080029\\../Screenshots/iPhone 6/HIC/STM/Aspen/20191231_081722/2.png]]

2019-12-31 08:17:58 - [TEST_STEP][PASSED] - (internal.GlobalVariable.i++): null

2019-12-31 08:17:58 - [MESSAGE][PASSED] - Call Test Case 'Test Cases/AHI/_include/get_screenshot' successfully

2019-12-31 08:17:58 - [TEST_STEP][PASSED] - Thread.sleep(1000): null

2019-12-31 08:17:59 - [MESSAGE][PASSED] - Call Test Case 'Test Cases/HIC/_include/stm_census' successfully

2019-12-31 08:17:59 - [TEST_STEP][PASSED] - callTestCase(findTestCase("AHI/_include/filter_stm"), ["carrier":"aspen"], STOP_ON_FAILURE): Call Test Case 'Test Cases/AHI/_include/filter_stm' successfully

2019-12-31 08:17:59 - [TEST_CASE][PASSED] - Test Cases/AHI/_include/filter_stm: Test Cases/AHI/_include/filter_stm

2019-12-31 08:17:59 - [TEST_STEP][PASSED] - driver = getWebDriver(): null

2019-12-31 08:17:59 - [TEST_STEP][PASSED] - selenium = new com.thoughtworks.selenium.webdriven.WebDriverBackedSelenium(driver, internal.GlobalVariable.ENV): null

2019-12-31 08:17:59 - [TEST_STEP][PASSED] - Thread.sleep(1000): null

2019-12-31 08:18:00 - [TEST_STEP][PASSED] - click(findTestObject("mobileSanity/STM/STM Quote Page/button_filters")): Object: 'Object Repository/mobileSanity/STM/STM Quote Page/button_filters' is clicked on

2019-12-31 08:18:00 - [MESSAGE][PASSED] - Object: 'Object Repository/mobileSanity/STM/STM Quote Page/button_filters' is clicked on

2019-12-31 08:18:00 - [TEST_STEP][PASSED] - Thread.sleep(1000): null

2019-12-31 08:18:01 - [TEST_STEP][PASSED] - click(findTestObject("mobileSanity/STM/STM Quote Page/i_Insurance company")): Object: 'Object Repository/mobileSanity/STM/STM Quote Page/i_Insurance company' is clicked on

2019-12-31 08:18:02 - [MESSAGE][PASSED] - Object: 'Object Repository/mobileSanity/STM/STM Quote Page/i_Insurance company' is clicked on

2019-12-31 08:18:02 - [TEST_STEP][PASSED] - Thread.sleep(1000): null

2019-12-31 08:18:03 - [TEST_STEP][PASSED] - filter_carrier = "//input[@name='filter[carrier]' and @value='" + carrier + "']/following::label": null

2019-12-31 08:18:03 - [TEST_STEP][PASSED] - println(filter_carrier): null

2019-12-31 08:18:03 - [TEST_STEP][PASSED] - test.MobileKeywords.clickJS_ByXpath(filter_carrier): test.MobileKeywords.clickJS_ByXpath is PASSED

2019-12-31 08:18:03 - [MESSAGE][PASSED] - Execute JavaScript 'arguments[0].click()' successfully

2019-12-31 08:18:03 - [MESSAGE][PASSED] - test.MobileKeywords.clickJS_ByXpath is PASSED

2019-12-31 08:18:03 - [TEST_STEP][PASSED] - click(findTestObject("mobileSanity/STM/STM Quote Page/js-close c-link-button")): Object: 'Object Repository/mobileSanity/STM/STM Quote Page/js-close c-link-button' is clicked on

2019-12-31 08:18:03 - [MESSAGE][PASSED] - Object: 'Object Repository/mobileSanity/STM/STM Quote Page/js-close c-link-button' is clicked on

2019-12-31 08:18:03 - [TEST_STEP][PASSED] - Thread.sleep(2000): null

2019-12-31 08:18:05 - [TEST_STEP][PASSED] - callTestCase(findTestCase("AHI/_include/get_screenshot"), [:], STOP_ON_FAILURE): Call Test Case 'Test Cases/AHI/_include/get_screenshot' successfully

2019-12-31 08:18:05 - [TEST_CASE][PASSED] - Test Cases/AHI/_include/get_screenshot: Test Cases/AHI/_include/get_screenshot

2019-12-31 08:18:05 - [TEST_STEP][PASSED] - takeScreenshot(screenPath + i + ".png"): Taking screenshot successfully

2019-12-31 08:18:05 - [MESSAGE][PASSED] - Taking screenshot successfully
[[ATTACHMENT|D:\\Test\\AgileTest\\Reports\\HIC\\hic\\20191231_080029\\../Screenshots/iPhone 6/HIC/STM/Aspen/20191231_081722/3.png]]

2019-12-31 08:18:05 - [TEST_STEP][PASSED] - (internal.GlobalVariable.i++): null

2019-12-31 08:18:05 - [MESSAGE][PASSED] - Call Test Case 'Test Cases/AHI/_include/get_screenshot' successfully

2019-12-31 08:18:05 - [MESSAGE][PASSED] - Call Test Case 'Test Cases/AHI/_include/filter_stm' successfully

2019-12-31 08:18:05 - [TEST_STEP][PASSED] - callTestCase(findTestCase("AHI/_include/goToDetail_stm"), ["carrier":"aspen"], STOP_ON_FAILURE): Call Test Case 'Test Cases/AHI/_include/goToDetail_stm' successfully

2019-12-31 08:18:05 - [TEST_CASE][PASSED] - Test Cases/AHI/_include/goToDetail_stm: Test Cases/AHI/_include/goToDetail_stm

2019-12-31 08:18:05 - [TEST_STEP][PASSED] - driver = getWebDriver(): null

2019-12-31 08:18:05 - [TEST_STEP][PASSED] - selenium = new com.thoughtworks.selenium.webdriven.WebDriverBackedSelenium(driver, internal.GlobalVariable.ENV): null

2019-12-31 08:18:06 - [TEST_STEP][PASSED] - a_plan_name = "xpath=//a[contains(@href,'/term-health-insurance/plan/" + carrier + "')]": null

2019-12-31 08:18:06 - [TEST_STEP][PASSED] - println(a_plan_name): null

2019-12-31 08:18:06 - [TEST_STEP][PASSED] - selenium.click(a_plan_name): null

2019-12-31 08:18:08 - [TEST_STEP][PASSED] - waitForPageLoad(20): Wait for page load successfully

2019-12-31 08:18:08 - [MESSAGE][PASSED] - Wait for page load successfully

2019-12-31 08:18:08 - [TEST_STEP][PASSED] - Thread.sleep(2000): null

2019-12-31 08:18:10 - [TEST_STEP][PASSED] - callTestCase(findTestCase("AHI/_include/get_screenshot"), [:], STOP_ON_FAILURE): Call Test Case 'Test Cases/AHI/_include/get_screenshot' successfully

2019-12-31 08:18:10 - [TEST_CASE][PASSED] - Test Cases/AHI/_include/get_screenshot: Test Cases/AHI/_include/get_screenshot

2019-12-31 08:18:10 - [TEST_STEP][PASSED] - takeScreenshot(screenPath + i + ".png"): Taking screenshot successfully

2019-12-31 08:18:11 - [MESSAGE][PASSED] - Taking screenshot successfully
[[ATTACHMENT|D:\\Test\\AgileTest\\Reports\\HIC\\hic\\20191231_080029\\../Screenshots/iPhone 6/HIC/STM/Aspen/20191231_081722/4.png]]

2019-12-31 08:18:11 - [TEST_STEP][PASSED] - (internal.GlobalVariable.i++): null

2019-12-31 08:18:11 - [MESSAGE][PASSED] - Call Test Case 'Test Cases/AHI/_include/get_screenshot' successfully

2019-12-31 08:18:11 - [MESSAGE][PASSED] - Call Test Case 'Test Cases/AHI/_include/goToDetail_stm' successfully

2019-12-31 08:18:11 - [TEST_STEP][PASSED] - callTestCase(findTestCase("AHI/_include/apply_stm"), [:], STOP_ON_FAILURE): Call Test Case 'Test Cases/AHI/_include/apply_stm' successfully

2019-12-31 08:18:11 - [TEST_CASE][PASSED] - Test Cases/AHI/_include/apply_stm: Test Cases/AHI/_include/apply_stm

2019-12-31 08:18:11 - [TEST_STEP][PASSED] - waitForElementVisible(findTestObject("mobileSanity/STM/STM PlanDetail Page/a_Apply for This Plan"), 5): Object 'Object Repository/mobileSanity/STM/STM PlanDetail Page/a_Apply for This Plan' is visible

2019-12-31 08:18:11 - [MESSAGE][PASSED] - Object 'Object Repository/mobileSanity/STM/STM PlanDetail Page/a_Apply for This Plan' is visible

2019-12-31 08:18:11 - [TEST_STEP][PASSED] - click(findTestObject("mobileSanity/STM/STM PlanDetail Page/a_Apply for This Plan")): Object: 'Object Repository/mobileSanity/STM/STM PlanDetail Page/a_Apply for This Plan' is clicked on

2019-12-31 08:18:13 - [MESSAGE][PASSED] - Object: 'Object Repository/mobileSanity/STM/STM PlanDetail Page/a_Apply for This Plan' is clicked on

2019-12-31 08:18:13 - [TEST_STEP][PASSED] - waitForPageLoad(10): Wait for page load successfully

2019-12-31 08:18:14 - [MESSAGE][PASSED] - Wait for page load successfully

2019-12-31 08:18:14 - [TEST_STEP][PASSED] - Thread.sleep(2000): null

2019-12-31 08:18:16 - [TEST_STEP][PASSED] - callTestCase(findTestCase("AHI/_include/get_screenshot"), [:], STOP_ON_FAILURE): Call Test Case 'Test Cases/AHI/_include/get_screenshot' successfully

2019-12-31 08:18:16 - [TEST_CASE][PASSED] - Test Cases/AHI/_include/get_screenshot: Test Cases/AHI/_include/get_screenshot

2019-12-31 08:18:16 - [TEST_STEP][PASSED] - takeScreenshot(screenPath + i + ".png"): Taking screenshot successfully

2019-12-31 08:18:17 - [MESSAGE][PASSED] - Taking screenshot successfully
[[ATTACHMENT|D:\\Test\\AgileTest\\Reports\\HIC\\hic\\20191231_080029\\../Screenshots/iPhone 6/HIC/STM/Aspen/20191231_081722/5.png]]

2019-12-31 08:18:17 - [TEST_STEP][PASSED] - (internal.GlobalVariable.i++): null

2019-12-31 08:18:17 - [MESSAGE][PASSED] - Call Test Case 'Test Cases/AHI/_include/get_screenshot' successfully

2019-12-31 08:18:17 - [TEST_STEP][PASSED] - waitForElementVisible(findTestObject("mobileSanity/STM/STM Apply Page/a_Start Secure Application"), 5): Object 'Object Repository/mobileSanity/STM/STM Apply Page/a_Start Secure Application' is visible

2019-12-31 08:18:17 - [MESSAGE][PASSED] - Object 'Object Repository/mobileSanity/STM/STM Apply Page/a_Start Secure Application' is visible

2019-12-31 08:18:17 - [TEST_STEP][PASSED] - click(findTestObject("mobileSanity/STM/STM Apply Page/a_Start Secure Application")): Object: 'Object Repository/mobileSanity/STM/STM Apply Page/a_Start Secure Application' is clicked on

2019-12-31 08:18:18 - [MESSAGE][PASSED] - Object: 'Object Repository/mobileSanity/STM/STM Apply Page/a_Start Secure Application' is clicked on

2019-12-31 08:18:18 - [TEST_STEP][PASSED] - waitForPageLoad(20): Wait for page load successfully

2019-12-31 08:18:20 - [MESSAGE][PASSED] - Wait for page load successfully

2019-12-31 08:18:20 - [TEST_STEP][PASSED] - Thread.sleep(2000): null

2019-12-31 08:18:22 - [TEST_STEP][PASSED] - callTestCase(findTestCase("AHI/_include/get_screenshot"), [:], STOP_ON_FAILURE): Call Test Case 'Test Cases/AHI/_include/get_screenshot' successfully

2019-12-31 08:18:22 - [TEST_CASE][PASSED] - Test Cases/AHI/_include/get_screenshot: Test Cases/AHI/_include/get_screenshot

2019-12-31 08:18:22 - [TEST_STEP][PASSED] - takeScreenshot(screenPath + i + ".png"): Taking screenshot successfully

2019-12-31 08:18:22 - [MESSAGE][PASSED] - Taking screenshot successfully
[[ATTACHMENT|D:\\Test\\AgileTest\\Reports\\HIC\\hic\\20191231_080029\\../Screenshots/iPhone 6/HIC/STM/Aspen/20191231_081722/6.png]]

2019-12-31 08:18:22 - [TEST_STEP][PASSED] - (internal.GlobalVariable.i++): null

2019-12-31 08:18:22 - [MESSAGE][PASSED] - Call Test Case 'Test Cases/AHI/_include/get_screenshot' successfully

2019-12-31 08:18:22 - [MESSAGE][PASSED] - Call Test Case 'Test Cases/AHI/_include/apply_stm' successfully

2019-12-31 08:18:22 - [TEST_STEP][PASSED] - callTestCase(findTestCase("AHI/_include/goToEnd_stm_autofill"), [:], STOP_ON_FAILURE): Call Test Case 'Test Cases/AHI/_include/goToEnd_stm_autofill' successfully

2019-12-31 08:18:22 - [TEST_CASE][PASSED] - Test Cases/AHI/_include/goToEnd_stm_autofill: Test Cases/AHI/_include/goToEnd_stm_autofill

2019-12-31 08:18:22 - [TEST_STEP][PASSED] - callTestCase(findTestCase("AHI/_include/name"), [:], CONTINUE_ON_FAILURE): Call Test Case 'Test Cases/AHI/_include/name' successfully

2019-12-31 08:18:22 - [TEST_CASE][PASSED] - Test Cases/AHI/_include/name: Test Cases/AHI/_include/name

2019-12-31 08:18:22 - [TEST_STEP][PASSED] - driver = getWebDriver(): null

2019-12-31 08:18:22 - [TEST_STEP][PASSED] - selenium = new com.thoughtworks.selenium.webdriven.WebDriverBackedSelenium(driver, internal.GlobalVariable.ENV): null

2019-12-31 08:18:22 - [TEST_STEP][PASSED] - FirstName = "Test-123": null

2019-12-31 08:18:22 - [TEST_STEP][PASSED] - LastName = selenium.getEval("{var x="ABCDEFGHIJKLMNOPQRSTUVWXYZabcdefghijklmnopqrstuvwxyz"; var tmp="ZZ11-"; for (i=0;i<8;i++) tmp+=x.charAt(Math.ceil(51*Math.random()));tmp;}"): null

2019-12-31 08:18:22 - [TEST_STEP][PASSED] - Address = selenium.getEval("{var x="ABCDEFGHIJKLMNOPQRSTUVWXYZabcdefghijklmnopqrstuvwxyz"; var tmp=""; for (i=0;i<8;i++) tmp+=x.charAt(Math.ceil(51*Math.random()));tmp;}"): null

2019-12-31 08:18:22 - [TEST_STEP][PASSED] - City = selenium.getEval("{var x="ABCDEFGHIJKLMNOPQRSTUVWXYZabcdefghijklmnopqrstuvwxyz"; var tmp=""; for (i=0;i<8;i++) tmp+=x.charAt(Math.ceil(51*Math.random()));tmp;}"): null

2019-12-31 08:18:22 - [TEST_STEP][PASSED] - tel1 = selenium.getEval("{var x="123456789"; var tmp=""; for (i=0;i<3;i++) tmp+=x.charAt(Math.ceil(8*Math.random()));tmp;}"): null

2019-12-31 08:18:22 - [TEST_STEP][PASSED] - tel2 = selenium.getEval("{var x="123456789"; var tmp=""; for (i=0;i<3;i++) tmp+=x.charAt(Math.ceil(8*Math.random()));tmp;}"): null

2019-12-31 08:18:22 - [TEST_STEP][PASSED] - tel3 = selenium.getEval("{var x="123456789"; var tmp=""; for (i=0;i<4;i++) tmp+=x.charAt(Math.ceil(8*Math.random()));tmp;}"): null

2019-12-31 08:18:22 - [TEST_STEP][PASSED] - Tel = selenium.getExpression(tel1 + "-" + tel2 + "-" + tel3): null

2019-12-31 08:18:22 - [TEST_STEP][PASSED] - AutoEmail = selenium.getEval("{var x="ABCDEFGHIJKLMNOPQRSTUVWXYZabcdefghijklmnopqrstuvwxyz"; var tmp="test."; for (i=0;i<8;i++) tmp+=x.charAt(Math.ceil(51*Math.random()));tmp+="@suryani.cn";}"): null

2019-12-31 08:18:22 - [TEST_STEP][PASSED] - FirstName = FirstName: null

2019-12-31 08:18:22 - [TEST_STEP][PASSED] - LastName = LastName: null

2019-12-31 08:18:22 - [TEST_STEP][PASSED] - Address = Address: null

2019-12-31 08:18:22 - [TEST_STEP][PASSED] - City = City: null

2019-12-31 08:18:22 - [TEST_STEP][PASSED] - Tel = Tel: null

2019-12-31 08:18:22 - [TEST_STEP][PASSED] - AutoEmail = AutoEmail: null

2019-12-31 08:18:22 - [TEST_STEP][PASSED] - println(FirstName): null

2019-12-31 08:18:22 - [TEST_STEP][PASSED] - println(LastName): null

2019-12-31 08:18:22 - [TEST_STEP][PASSED] - println(Address): null

2019-12-31 08:18:22 - [TEST_STEP][PASSED] - println(City): null

2019-12-31 08:18:22 - [TEST_STEP][PASSED] - println(Tel): null

2019-12-31 08:18:22 - [TEST_STEP][PASSED] - println(AutoEmail): null

2019-12-31 08:18:22 - [MESSAGE][PASSED] - Call Test Case 'Test Cases/AHI/_include/name' successfully

2019-12-31 08:18:22 - [TEST_STEP][FAILED] - try: Unable to verify text 'Month Duration Acknowledgement' is present  (Root cause: com.kms.katalon.core.exception.StepFailedException: Text 'Month Duration Acknowledgement' is not present on page )

2019-12-31 08:18:22 - [TEST_STEP][FAILED] - if (verifyTextPresent("Month Duration Acknowledgement", false)): Unable to verify text 'Month Duration Acknowledgement' is present  (Root cause: com.kms.katalon.core.exception.StepFailedException: Text 'Month Duration Acknowledgement' is not present on page )

2019-12-31 08:18:23 - [MESSAGE][FAILED] - Text 'Month Duration Acknowledgement' is not present on page 

2019-12-31 08:18:23 - [MESSAGE][FAILED] - Unable to verify text 'Month Duration Acknowledgement' is present  (Root cause: com.kms.katalon.core.exception.StepFailedException: Text 'Month Duration Acknowledgement' is not present on page )
[[ATTACHMENT|D:\\Test\\AgileTest\\Reports\\HIC\\hic\\20191231_080029\\1577798303213.png]]

2019-12-31 08:18:23 - [TEST_STEP][PASSED] - catch (Exception e): null

2019-12-31 08:18:23 - [TEST_STEP][PASSED] - println("no consecutive"): null

2019-12-31 08:18:23 - [TEST_STEP][PASSED] - waitForPageLoad(10): Wait for page load successfully

2019-12-31 08:18:23 - [MESSAGE][PASSED] - Wait for page load successfully

2019-12-31 08:18:23 - [TEST_STEP][PASSED] - Thread.sleep(3000): null

2019-12-31 08:18:26 - [TEST_STEP][PASSED] - waitForElementVisible(findTestObject("mobileSanity/STM/Page_App Page 1/a_Autofill App Info"), 20): Object 'Object Repository/mobileSanity/STM/Page_App Page 1/a_Autofill App Info' is visible

2019-12-31 08:18:27 - [MESSAGE][PASSED] - Object 'Object Repository/mobileSanity/STM/Page_App Page 1/a_Autofill App Info' is visible

2019-12-31 08:18:27 - [TEST_STEP][PASSED] - click(findTestObject("mobileSanity/STM/Page_App Page 1/a_Autofill App Info")): Object: 'Object Repository/mobileSanity/STM/Page_App Page 1/a_Autofill App Info' is clicked on

2019-12-31 08:18:27 - [MESSAGE][PASSED] - Object: 'Object Repository/mobileSanity/STM/Page_App Page 1/a_Autofill App Info' is clicked on

2019-12-31 08:18:27 - [TEST_STEP][PASSED] - Thread.sleep(1000): null

2019-12-31 08:18:28 - [TEST_STEP][PASSED] - click(findTestObject("mobileSanity/STM/Page_App Page 1/a_Autofill App Info")): Object: 'Object Repository/mobileSanity/STM/Page_App Page 1/a_Autofill App Info' is clicked on

2019-12-31 08:18:29 - [MESSAGE][PASSED] - Object: 'Object Repository/mobileSanity/STM/Page_App Page 1/a_Autofill App Info' is clicked on

2019-12-31 08:18:29 - [TEST_STEP][PASSED] - Thread.sleep(1000): null

2019-12-31 08:18:30 - [TEST_STEP][PASSED] - waitForElementVisible(findTestObject("mobileSanity/STM/Page_App Page 1/a_Continue"), 20): Object 'Object Repository/mobileSanity/STM/Page_App Page 1/a_Continue' is visible

2019-12-31 08:18:31 - [MESSAGE][PASSED] - Object 'Object Repository/mobileSanity/STM/Page_App Page 1/a_Continue' is visible

2019-12-31 08:18:31 - [TEST_STEP][PASSED] - click(findTestObject("mobileSanity/STM/Page_App Page 1/a_Continue")): Object: 'Object Repository/mobileSanity/STM/Page_App Page 1/a_Continue' is clicked on

2019-12-31 08:18:32 - [MESSAGE][PASSED] - Object: 'Object Repository/mobileSanity/STM/Page_App Page 1/a_Continue' is clicked on

2019-12-31 08:18:32 - [TEST_STEP][PASSED] - waitForPageLoad(20): Wait for page load successfully

2019-12-31 08:18:32 - [MESSAGE][PASSED] - Wait for page load successfully

2019-12-31 08:18:32 - [TEST_STEP][PASSED] - Thread.sleep(5000): null

2019-12-31 08:18:37 - [TEST_STEP][PASSED] - callTestCase(findTestCase("AHI/_include/get_screenshot"), [:], STOP_ON_FAILURE): Call Test Case 'Test Cases/AHI/_include/get_screenshot' successfully

2019-12-31 08:18:37 - [TEST_CASE][PASSED] - Test Cases/AHI/_include/get_screenshot: Test Cases/AHI/_include/get_screenshot

2019-12-31 08:18:37 - [TEST_STEP][PASSED] - takeScreenshot(screenPath + i + ".png"): Taking screenshot successfully

2019-12-31 08:18:39 - [MESSAGE][PASSED] - Taking screenshot successfully
[[ATTACHMENT|D:\\Test\\AgileTest\\Reports\\HIC\\hic\\20191231_080029\\../Screenshots/iPhone 6/HIC/STM/Aspen/20191231_081722/7.png]]

2019-12-31 08:18:39 - [TEST_STEP][PASSED] - (internal.GlobalVariable.i++): null

2019-12-31 08:18:39 - [MESSAGE][PASSED] - Call Test Case 'Test Cases/AHI/_include/get_screenshot' successfully

2019-12-31 08:18:39 - [TEST_STEP][PASSED] - click(findTestObject("mobileSanity/STM/Page_App Page 2/a_Continue to Step 3 - Payment")): Object: 'Object Repository/mobileSanity/STM/Page_App Page 2/a_Continue to Step 3 - Payment' is clicked on

2019-12-31 08:18:40 - [MESSAGE][PASSED] - Object: 'Object Repository/mobileSanity/STM/Page_App Page 2/a_Continue to Step 3 - Payment' is clicked on

2019-12-31 08:18:40 - [TEST_STEP][PASSED] - waitForPageLoad(20): Wait for page load successfully

2019-12-31 08:18:41 - [MESSAGE][PASSED] - Wait for page load successfully

2019-12-31 08:18:41 - [TEST_STEP][PASSED] - waitForElementVisible(findTestObject("mobileSanity/STM/Page_App Page 3/input__credit-card-cvv"), 20): Object 'Object Repository/mobileSanity/STM/Page_App Page 3/input__credit-card-cvv' is visible

2019-12-31 08:18:41 - [MESSAGE][PASSED] - Object 'Object Repository/mobileSanity/STM/Page_App Page 3/input__credit-card-cvv' is visible

2019-12-31 08:18:41 - [TEST_STEP][PASSED] - Thread.sleep(2000): null

2019-12-31 08:18:43 - [TEST_STEP][PASSED] - callTestCase(findTestCase("AHI/_include/get_screenshot"), [:], STOP_ON_FAILURE): Call Test Case 'Test Cases/AHI/_include/get_screenshot' successfully

2019-12-31 08:18:43 - [TEST_CASE][PASSED] - Test Cases/AHI/_include/get_screenshot: Test Cases/AHI/_include/get_screenshot

2019-12-31 08:18:43 - [TEST_STEP][PASSED] - takeScreenshot(screenPath + i + ".png"): Taking screenshot successfully

2019-12-31 08:18:44 - [MESSAGE][PASSED] - Taking screenshot successfully
[[ATTACHMENT|D:\\Test\\AgileTest\\Reports\\HIC\\hic\\20191231_080029\\../Screenshots/iPhone 6/HIC/STM/Aspen/20191231_081722/8.png]]

2019-12-31 08:18:44 - [TEST_STEP][PASSED] - (internal.GlobalVariable.i++): null

2019-12-31 08:18:44 - [MESSAGE][PASSED] - Call Test Case 'Test Cases/AHI/_include/get_screenshot' successfully

2019-12-31 08:18:44 - [TEST_STEP][PASSED] - clearText(findTestObject("mobileSanity/STM/Page_App Page 3/input__credit-card-cvv")): Text of object 'Object Repository/mobileSanity/STM/Page_App Page 3/input__credit-card-cvv' is cleared

2019-12-31 08:18:44 - [MESSAGE][PASSED] - Text of object 'Object Repository/mobileSanity/STM/Page_App Page 3/input__credit-card-cvv' is cleared

2019-12-31 08:18:44 - [TEST_STEP][PASSED] - setText(findTestObject("mobileSanity/STM/Page_App Page 3/input__credit-card-cvv"), "123"): Text '123' is set on object 'Object Repository/mobileSanity/STM/Page_App Page 3/input__credit-card-cvv'

2019-12-31 08:18:45 - [MESSAGE][PASSED] - Text '123' is set on object 'Object Repository/mobileSanity/STM/Page_App Page 3/input__credit-card-cvv'

2019-12-31 08:18:45 - [TEST_STEP][PASSED] - click(findTestObject("mobileSanity/STM/Page_App Page 3/label_I Accept Authorization f")): Object: 'Object Repository/mobileSanity/STM/Page_App Page 3/label_I Accept Authorization f' is clicked on

2019-12-31 08:18:46 - [MESSAGE][PASSED] - Object: 'Object Repository/mobileSanity/STM/Page_App Page 3/label_I Accept Authorization f' is clicked on

2019-12-31 08:18:46 - [TEST_STEP][PASSED] - click(findTestObject("mobileSanity/STM/Page_App Page 3/a_Continue to Step 4 - Review")): Object: 'Object Repository/mobileSanity/STM/Page_App Page 3/a_Continue to Step 4 - Review' is clicked on

2019-12-31 08:18:46 - [MESSAGE][PASSED] - Object: 'Object Repository/mobileSanity/STM/Page_App Page 3/a_Continue to Step 4 - Review' is clicked on

2019-12-31 08:18:46 - [TEST_STEP][PASSED] - waitForPageLoad(10): Wait for page load successfully

2019-12-31 08:18:47 - [MESSAGE][PASSED] - Wait for page load successfully

2019-12-31 08:18:47 - [TEST_STEP][PASSED] - waitForElementClickable(findTestObject("mobileSanity/STM/Page_App Page 4/label"), 10): Object 'Object Repository/mobileSanity/STM/Page_App Page 4/label' is clickable

2019-12-31 08:18:47 - [MESSAGE][PASSED] - Object 'Object Repository/mobileSanity/STM/Page_App Page 4/label' is clickable

2019-12-31 08:18:47 - [TEST_STEP][PASSED] - Thread.sleep(2000): null

2019-12-31 08:18:49 - [TEST_STEP][PASSED] - callTestCase(findTestCase("AHI/_include/get_screenshot"), [:], STOP_ON_FAILURE): Call Test Case 'Test Cases/AHI/_include/get_screenshot' successfully

2019-12-31 08:18:49 - [TEST_CASE][PASSED] - Test Cases/AHI/_include/get_screenshot: Test Cases/AHI/_include/get_screenshot

2019-12-31 08:18:49 - [TEST_STEP][PASSED] - takeScreenshot(screenPath + i + ".png"): Taking screenshot successfully

2019-12-31 08:18:50 - [MESSAGE][PASSED] - Taking screenshot successfully
[[ATTACHMENT|D:\\Test\\AgileTest\\Reports\\HIC\\hic\\20191231_080029\\../Screenshots/iPhone 6/HIC/STM/Aspen/20191231_081722/9.png]]

2019-12-31 08:18:50 - [TEST_STEP][PASSED] - (internal.GlobalVariable.i++): null

2019-12-31 08:18:50 - [MESSAGE][PASSED] - Call Test Case 'Test Cases/AHI/_include/get_screenshot' successfully

2019-12-31 08:18:50 - [TEST_STEP][PASSED] - click(findTestObject("mobileSanity/STM/Page_App Page 4/label")): Object: 'Object Repository/mobileSanity/STM/Page_App Page 4/label' is clicked on

2019-12-31 08:18:50 - [MESSAGE][PASSED] - Object: 'Object Repository/mobileSanity/STM/Page_App Page 4/label' is clicked on

2019-12-31 08:18:50 - [TEST_STEP][PASSED] - click(findTestObject("mobileSanity/STM/Page_App Page 4/div_CLICK TO SIGN")): Object: 'Object Repository/mobileSanity/STM/Page_App Page 4/div_CLICK TO SIGN' is clicked on

2019-12-31 08:18:50 - [MESSAGE][PASSED] - Object: 'Object Repository/mobileSanity/STM/Page_App Page 4/div_CLICK TO SIGN' is clicked on

2019-12-31 08:18:50 - [TEST_STEP][PASSED] - click(findTestObject("mobileSanity/STM/Page_App Page 4/a_Submit Your Application")): Object: 'Object Repository/mobileSanity/STM/Page_App Page 4/a_Submit Your Application' is clicked on

2019-12-31 08:18:51 - [MESSAGE][PASSED] - Object: 'Object Repository/mobileSanity/STM/Page_App Page 4/a_Submit Your Application' is clicked on

2019-12-31 08:18:51 - [TEST_STEP][PASSED] - Thread.sleep(30000): null

2019-12-31 08:19:21 - [TEST_STEP][PASSED] - waitForElementPresent(findTestObject("mobileSanity/STM/Page_App Page 6/app-page-wrapper"), 20): Object 'Object Repository/mobileSanity/STM/Page_App Page 6/app-page-wrapper' is present

2019-12-31 08:19:21 - [MESSAGE][PASSED] - Object 'Object Repository/mobileSanity/STM/Page_App Page 6/app-page-wrapper' is present

2019-12-31 08:19:21 - [TEST_STEP][PASSED] - callTestCase(findTestCase("AHI/_include/get_screenshot"), [:], STOP_ON_FAILURE): Call Test Case 'Test Cases/AHI/_include/get_screenshot' successfully

2019-12-31 08:19:21 - [TEST_CASE][PASSED] - Test Cases/AHI/_include/get_screenshot: Test Cases/AHI/_include/get_screenshot

2019-12-31 08:19:21 - [TEST_STEP][PASSED] - takeScreenshot(screenPath + i + ".png"): Taking screenshot successfully

2019-12-31 08:19:22 - [MESSAGE][PASSED] - Taking screenshot successfully
[[ATTACHMENT|D:\\Test\\AgileTest\\Reports\\HIC\\hic\\20191231_080029\\../Screenshots/iPhone 6/HIC/STM/Aspen/20191231_081722/10.png]]

2019-12-31 08:19:22 - [TEST_STEP][PASSED] - (internal.GlobalVariable.i++): null

2019-12-31 08:19:22 - [MESSAGE][PASSED] - Call Test Case 'Test Cases/AHI/_include/get_screenshot' successfully

2019-12-31 08:19:22 - [MESSAGE][PASSED] - Call Test Case 'Test Cases/AHI/_include/goToEnd_stm_autofill' successfully]]></system-out>
         <system-err><![CDATA[]]></system-err>
      </testcase>
      <testcase name="Test Cases/HIC/STM/Everest Prime" classname="Test Cases/HIC/STM/Everest Prime" status="PASSED">
         <system-out><![CDATA[2019-12-31 08:19:22 - [TEST_CASE][PASSED] - Test Cases/HIC/STM/Everest Prime: Test Cases/HIC/STM/Everest Prime

2019-12-31 08:19:27 - [TEST_STEP][PASSED] - callTestCase(findTestCase("HIC/_include/get_hicScreenPath"), ["project":"HIC", "productLine":"STM", "carrierName":"Everest Prime"], CONTINUE_ON_FAILURE): Call Test Case 'Test Cases/HIC/_include/get_hicScreenPath' successfully

2019-12-31 08:19:27 - [TEST_CASE][PASSED] - Test Cases/HIC/_include/get_hicScreenPath: Test Cases/HIC/_include/get_hicScreenPath

2019-12-31 08:19:27 - [TEST_STEP][PASSED] - m = getExecutionProperties(): null

2019-12-31 08:19:27 - [TEST_STEP][PASSED] - deviceName = get("mobileEmulation").get("deviceName"): null

2019-12-31 08:19:27 - [TEST_STEP][PASSED] - println(deviceName): null

2019-12-31 08:19:27 - [TEST_STEP][PASSED] - now = new java.util.Date(): null

2019-12-31 08:19:27 - [TEST_STEP][PASSED] - mydate = now.format("yyyyMMdd_HHmmss"): null

2019-12-31 08:19:27 - [TEST_STEP][PASSED] - screenPath = "../Screenshots/": null

2019-12-31 08:19:27 - [TEST_STEP][PASSED] - screenPath = screenPath + deviceName + "/" + project + "/" + productLine + "/" + carrierName + "/" + mydate + "/": null

2019-12-31 08:19:27 - [TEST_STEP][PASSED] - println(screenPath): null

2019-12-31 08:19:27 - [MESSAGE][PASSED] - Call Test Case 'Test Cases/HIC/_include/get_hicScreenPath' successfully

2019-12-31 08:19:27 - [TEST_STEP][PASSED] - i = 0: null

2019-12-31 08:19:27 - [TEST_STEP][PASSED] - callTestCase(findTestCase("AHI/_include/openWebSite"), ["env":"https://qa.healthinsurance.com/"], CONTINUE_ON_FAILURE): Call Test Case 'Test Cases/AHI/_include/openWebSite' successfully

2019-12-31 08:19:27 - [TEST_CASE][PASSED] - Test Cases/AHI/_include/openWebSite: Test Cases/AHI/_include/openWebSite

2019-12-31 08:19:27 - [TEST_STEP][PASSED] - openBrowser(env): Browser is opened with url: 'https://qa.healthinsurance.com/'

2019-12-31 08:19:27 - [MESSAGE][WARNING] - A browser is already opened. Closing browser and opening a new one

2019-12-31 08:19:29 - [MESSAGE][INFO] - Starting 'Chrome' driver

2019-12-31 08:19:29 - [MESSAGE][INFO] - User set preference: ['mobileEmulation', '{deviceName=iPhone 6}']

2019-12-31 08:19:29 - [MESSAGE][INFO] - User set preference: ['args', '[--incognito, --aggressive-cache-discard, --window-size=375,677, --no-sandbox]']

2019-12-31 08:19:35 - [MESSAGE][PASSED] - Browser is opened with url: 'https://qa.healthinsurance.com/'

2019-12-31 08:19:35 - [TEST_STEP][PASSED] - waitForPageLoad(20): Wait for page load successfully

2019-12-31 08:19:35 - [MESSAGE][PASSED] - Wait for page load successfully

2019-12-31 08:19:35 - [TEST_STEP][PASSED] - callTestCase(findTestCase("AHI/_include/get_screenshot"), [:], STOP_ON_FAILURE): Call Test Case 'Test Cases/AHI/_include/get_screenshot' successfully

2019-12-31 08:19:35 - [TEST_CASE][PASSED] - Test Cases/AHI/_include/get_screenshot: Test Cases/AHI/_include/get_screenshot

2019-12-31 08:19:35 - [TEST_STEP][PASSED] - takeScreenshot(screenPath + i + ".png"): Taking screenshot successfully

2019-12-31 08:19:37 - [MESSAGE][PASSED] - Taking screenshot successfully
[[ATTACHMENT|D:\\Test\\AgileTest\\Reports\\HIC\\hic\\20191231_080029\\../Screenshots/iPhone 6/HIC/STM/Everest Prime/20191231_081927/0.png]]

2019-12-31 08:19:37 - [TEST_STEP][PASSED] - (internal.GlobalVariable.i++): null

2019-12-31 08:19:37 - [MESSAGE][PASSED] - Call Test Case 'Test Cases/AHI/_include/get_screenshot' successfully

2019-12-31 08:19:37 - [MESSAGE][PASSED] - Call Test Case 'Test Cases/AHI/_include/openWebSite' successfully

2019-12-31 08:19:37 - [TEST_STEP][PASSED] - click(findTestObject("hic/nav/navButton")): Object: 'Object Repository/hic/nav/navButton' is clicked on

2019-12-31 08:19:37 - [MESSAGE][PASSED] - Object: 'Object Repository/hic/nav/navButton' is clicked on

2019-12-31 08:19:37 - [TEST_STEP][PASSED] - Thread.sleep(2000): null

2019-12-31 08:19:39 - [TEST_STEP][PASSED] - click(findTestObject("hic/nav/stmLink")): Object: 'Object Repository/hic/nav/stmLink' is clicked on

2019-12-31 08:19:40 - [MESSAGE][PASSED] - Object: 'Object Repository/hic/nav/stmLink' is clicked on

2019-12-31 08:19:40 - [TEST_STEP][PASSED] - Thread.sleep(2000): null

2019-12-31 08:19:42 - [TEST_STEP][PASSED] - callTestCase(findTestCase("AHI/_include/get_screenshot"), [:], STOP_ON_FAILURE): Call Test Case 'Test Cases/AHI/_include/get_screenshot' successfully

2019-12-31 08:19:42 - [TEST_CASE][PASSED] - Test Cases/AHI/_include/get_screenshot: Test Cases/AHI/_include/get_screenshot

2019-12-31 08:19:42 - [TEST_STEP][PASSED] - takeScreenshot(screenPath + i + ".png"): Taking screenshot successfully

2019-12-31 08:19:42 - [MESSAGE][PASSED] - Taking screenshot successfully
[[ATTACHMENT|D:\\Test\\AgileTest\\Reports\\HIC\\hic\\20191231_080029\\../Screenshots/iPhone 6/HIC/STM/Everest Prime/20191231_081927/1.png]]

2019-12-31 08:19:42 - [TEST_STEP][PASSED] - (internal.GlobalVariable.i++): null

2019-12-31 08:19:42 - [MESSAGE][PASSED] - Call Test Case 'Test Cases/AHI/_include/get_screenshot' successfully

2019-12-31 08:19:42 - [TEST_STEP][PASSED] - callTestCase(findTestCase("HIC/_include/stm_census"), ["zipcode":"35215"], STOP_ON_FAILURE): Call Test Case 'Test Cases/HIC/_include/stm_census' successfully

2019-12-31 08:19:42 - [TEST_CASE][PASSED] - Test Cases/HIC/_include/stm_census: Test Cases/HIC/_include/stm_census

2019-12-31 08:19:42 - [TEST_STEP][PASSED] - setText(findTestObject("hic/stm/zip"), zipcode): Text '35215' is set on object 'Object Repository/hic/stm/zip'

2019-12-31 08:19:43 - [MESSAGE][PASSED] - Text '35215' is set on object 'Object Repository/hic/stm/zip'

2019-12-31 08:19:43 - [TEST_STEP][PASSED] - Thread.sleep(500): null

2019-12-31 08:19:43 - [TEST_STEP][PASSED] - setText(findTestObject("hic/stm/primaryDOB"), "03031987"): Text '03031987' is set on object 'Object Repository/hic/stm/primaryDOB'

2019-12-31 08:19:44 - [MESSAGE][PASSED] - Text '03031987' is set on object 'Object Repository/hic/stm/primaryDOB'

2019-12-31 08:19:44 - [TEST_STEP][PASSED] - click(findTestObject("hic/stm/female")): Object: 'Object Repository/hic/stm/female' is clicked on

2019-12-31 08:19:44 - [MESSAGE][PASSED] - Object: 'Object Repository/hic/stm/female' is clicked on

2019-12-31 08:19:44 - [TEST_STEP][PASSED] - Thread.sleep(3000): null

2019-12-31 08:19:47 - [TEST_STEP][PASSED] - click(findTestObject("hic/stm/submitButton")): Object: 'Object Repository/hic/stm/submitButton' is clicked on

2019-12-31 08:19:48 - [MESSAGE][PASSED] - Object: 'Object Repository/hic/stm/submitButton' is clicked on

2019-12-31 08:19:48 - [TEST_STEP][PASSED] - Thread.sleep(6000): null

2019-12-31 08:19:54 - [TEST_STEP][PASSED] - callTestCase(findTestCase("AHI/_include/check_quoteleadform"), [:], STOP_ON_FAILURE): Call Test Case 'Test Cases/AHI/_include/check_quoteleadform' successfully

2019-12-31 08:19:55 - [TEST_CASE][PASSED] - Test Cases/AHI/_include/check_quoteleadform: Test Cases/AHI/_include/check_quoteleadform

2019-12-31 08:19:55 - [TEST_STEP][PASSED] - callTestCase(findTestCase("AHI/_include/name"), [:], CONTINUE_ON_FAILURE): Call Test Case 'Test Cases/AHI/_include/name' successfully

2019-12-31 08:19:55 - [TEST_CASE][PASSED] - Test Cases/AHI/_include/name: Test Cases/AHI/_include/name

2019-12-31 08:19:55 - [TEST_STEP][PASSED] - driver = getWebDriver(): null

2019-12-31 08:19:55 - [TEST_STEP][PASSED] - selenium = new com.thoughtworks.selenium.webdriven.WebDriverBackedSelenium(driver, internal.GlobalVariable.ENV): null

2019-12-31 08:19:55 - [TEST_STEP][PASSED] - FirstName = "Test-123": null

2019-12-31 08:19:55 - [TEST_STEP][PASSED] - LastName = selenium.getEval("{var x="ABCDEFGHIJKLMNOPQRSTUVWXYZabcdefghijklmnopqrstuvwxyz"; var tmp="ZZ11-"; for (i=0;i<8;i++) tmp+=x.charAt(Math.ceil(51*Math.random()));tmp;}"): null

2019-12-31 08:19:55 - [TEST_STEP][PASSED] - Address = selenium.getEval("{var x="ABCDEFGHIJKLMNOPQRSTUVWXYZabcdefghijklmnopqrstuvwxyz"; var tmp=""; for (i=0;i<8;i++) tmp+=x.charAt(Math.ceil(51*Math.random()));tmp;}"): null

2019-12-31 08:19:55 - [TEST_STEP][PASSED] - City = selenium.getEval("{var x="ABCDEFGHIJKLMNOPQRSTUVWXYZabcdefghijklmnopqrstuvwxyz"; var tmp=""; for (i=0;i<8;i++) tmp+=x.charAt(Math.ceil(51*Math.random()));tmp;}"): null

2019-12-31 08:19:55 - [TEST_STEP][PASSED] - tel1 = selenium.getEval("{var x="123456789"; var tmp=""; for (i=0;i<3;i++) tmp+=x.charAt(Math.ceil(8*Math.random()));tmp;}"): null

2019-12-31 08:19:55 - [TEST_STEP][PASSED] - tel2 = selenium.getEval("{var x="123456789"; var tmp=""; for (i=0;i<3;i++) tmp+=x.charAt(Math.ceil(8*Math.random()));tmp;}"): null

2019-12-31 08:19:55 - [TEST_STEP][PASSED] - tel3 = selenium.getEval("{var x="123456789"; var tmp=""; for (i=0;i<4;i++) tmp+=x.charAt(Math.ceil(8*Math.random()));tmp;}"): null

2019-12-31 08:19:55 - [TEST_STEP][PASSED] - Tel = selenium.getExpression(tel1 + "-" + tel2 + "-" + tel3): null

2019-12-31 08:19:55 - [TEST_STEP][PASSED] - AutoEmail = selenium.getEval("{var x="ABCDEFGHIJKLMNOPQRSTUVWXYZabcdefghijklmnopqrstuvwxyz"; var tmp="test."; for (i=0;i<8;i++) tmp+=x.charAt(Math.ceil(51*Math.random()));tmp+="@suryani.cn";}"): null

2019-12-31 08:19:55 - [TEST_STEP][PASSED] - FirstName = FirstName: null

2019-12-31 08:19:55 - [TEST_STEP][PASSED] - LastName = LastName: null

2019-12-31 08:19:55 - [TEST_STEP][PASSED] - Address = Address: null

2019-12-31 08:19:55 - [TEST_STEP][PASSED] - City = City: null

2019-12-31 08:19:55 - [TEST_STEP][PASSED] - Tel = Tel: null

2019-12-31 08:19:55 - [TEST_STEP][PASSED] - AutoEmail = AutoEmail: null

2019-12-31 08:19:55 - [TEST_STEP][PASSED] - println(FirstName): null

2019-12-31 08:19:55 - [TEST_STEP][PASSED] - println(LastName): null

2019-12-31 08:19:55 - [TEST_STEP][PASSED] - println(Address): null

2019-12-31 08:19:55 - [TEST_STEP][PASSED] - println(City): null

2019-12-31 08:19:55 - [TEST_STEP][PASSED] - println(Tel): null

2019-12-31 08:19:55 - [TEST_STEP][PASSED] - println(AutoEmail): null

2019-12-31 08:19:55 - [MESSAGE][PASSED] - Call Test Case 'Test Cases/AHI/_include/name' successfully

2019-12-31 08:19:55 - [TEST_STEP][PASSED] - leadform_exist = test.MobileKeywords.isElementPresent_Web(findTestObject("mobileSanity/quote lead form/lead_form"), 20): test.MobileKeywords.isElementPresent_Web is PASSED

2019-12-31 08:19:55 - [MESSAGE][PASSED] - test.MobileKeywords.isElementPresent_Web is PASSED

2019-12-31 08:19:55 - [TEST_STEP][PASSED] - if (leadform_exist): null

2019-12-31 08:19:55 - [TEST_STEP][PASSED] - setText(findTestObject("mobileSanity/quote lead form/first"), FirstName): Text 'Test-123' is set on object 'Object Repository/mobileSanity/quote lead form/first'

2019-12-31 08:19:56 - [MESSAGE][PASSED] - Text 'Test-123' is set on object 'Object Repository/mobileSanity/quote lead form/first'

2019-12-31 08:19:56 - [TEST_STEP][PASSED] - setText(findTestObject("mobileSanity/quote lead form/last"), LastName): Text 'ZZ11-ebstyGUh' is set on object 'Object Repository/mobileSanity/quote lead form/last'

2019-12-31 08:19:56 - [MESSAGE][PASSED] - Text 'ZZ11-ebstyGUh' is set on object 'Object Repository/mobileSanity/quote lead form/last'

2019-12-31 08:19:56 - [TEST_STEP][PASSED] - setText(findTestObject("mobileSanity/quote lead form/email"), AutoEmail): Text 'test.xZvxqOQr@suryani.cn' is set on object 'Object Repository/mobileSanity/quote lead form/email'

2019-12-31 08:19:56 - [MESSAGE][PASSED] - Text 'test.xZvxqOQr@suryani.cn' is set on object 'Object Repository/mobileSanity/quote lead form/email'

2019-12-31 08:19:56 - [TEST_STEP][PASSED] - setText(findTestObject("mobileSanity/quote lead form/phone"), Tel): Text '756-829-4963' is set on object 'Object Repository/mobileSanity/quote lead form/phone'

2019-12-31 08:19:56 - [MESSAGE][PASSED] - Text '756-829-4963' is set on object 'Object Repository/mobileSanity/quote lead form/phone'

2019-12-31 08:19:56 - [TEST_STEP][PASSED] - click(findTestObject("mobileSanity/quote lead form/submit")): Object: 'Object Repository/mobileSanity/quote lead form/submit' is clicked on

2019-12-31 08:19:57 - [MESSAGE][PASSED] - Object: 'Object Repository/mobileSanity/quote lead form/submit' is clicked on

2019-12-31 08:19:57 - [TEST_STEP][PASSED] - Thread.sleep(3000): null

2019-12-31 08:20:00 - [MESSAGE][PASSED] - Call Test Case 'Test Cases/AHI/_include/check_quoteleadform' successfully

2019-12-31 08:20:00 - [TEST_STEP][PASSED] - callTestCase(findTestCase("AHI/_include/get_screenshot"), [:], STOP_ON_FAILURE): Call Test Case 'Test Cases/AHI/_include/get_screenshot' successfully

2019-12-31 08:20:00 - [TEST_CASE][PASSED] - Test Cases/AHI/_include/get_screenshot: Test Cases/AHI/_include/get_screenshot

2019-12-31 08:20:00 - [TEST_STEP][PASSED] - takeScreenshot(screenPath + i + ".png"): Taking screenshot successfully

2019-12-31 08:20:00 - [MESSAGE][PASSED] - Taking screenshot successfully
[[ATTACHMENT|D:\\Test\\AgileTest\\Reports\\HIC\\hic\\20191231_080029\\../Screenshots/iPhone 6/HIC/STM/Everest Prime/20191231_081927/2.png]]

2019-12-31 08:20:00 - [TEST_STEP][PASSED] - (internal.GlobalVariable.i++): null

2019-12-31 08:20:00 - [MESSAGE][PASSED] - Call Test Case 'Test Cases/AHI/_include/get_screenshot' successfully

2019-12-31 08:20:00 - [TEST_STEP][PASSED] - Thread.sleep(1000): null

2019-12-31 08:20:01 - [MESSAGE][PASSED] - Call Test Case 'Test Cases/HIC/_include/stm_census' successfully

2019-12-31 08:20:01 - [TEST_STEP][PASSED] - callTestCase(findTestCase("AHI/_include/filter_stm"), ["carrier":"everest"], STOP_ON_FAILURE): Call Test Case 'Test Cases/AHI/_include/filter_stm' successfully

2019-12-31 08:20:01 - [TEST_CASE][PASSED] - Test Cases/AHI/_include/filter_stm: Test Cases/AHI/_include/filter_stm

2019-12-31 08:20:01 - [TEST_STEP][PASSED] - driver = getWebDriver(): null

2019-12-31 08:20:01 - [TEST_STEP][PASSED] - selenium = new com.thoughtworks.selenium.webdriven.WebDriverBackedSelenium(driver, internal.GlobalVariable.ENV): null

2019-12-31 08:20:02 - [TEST_STEP][PASSED] - Thread.sleep(1000): null

2019-12-31 08:20:03 - [TEST_STEP][PASSED] - click(findTestObject("mobileSanity/STM/STM Quote Page/button_filters")): Object: 'Object Repository/mobileSanity/STM/STM Quote Page/button_filters' is clicked on

2019-12-31 08:20:03 - [MESSAGE][PASSED] - Object: 'Object Repository/mobileSanity/STM/STM Quote Page/button_filters' is clicked on

2019-12-31 08:20:03 - [TEST_STEP][PASSED] - Thread.sleep(1000): null

2019-12-31 08:20:04 - [TEST_STEP][PASSED] - click(findTestObject("mobileSanity/STM/STM Quote Page/i_Insurance company")): Object: 'Object Repository/mobileSanity/STM/STM Quote Page/i_Insurance company' is clicked on

2019-12-31 08:20:04 - [MESSAGE][PASSED] - Object: 'Object Repository/mobileSanity/STM/STM Quote Page/i_Insurance company' is clicked on

2019-12-31 08:20:04 - [TEST_STEP][PASSED] - Thread.sleep(1000): null

2019-12-31 08:20:05 - [TEST_STEP][PASSED] - filter_carrier = "//input[@name='filter[carrier]' and @value='" + carrier + "']/following::label": null

2019-12-31 08:20:05 - [TEST_STEP][PASSED] - println(filter_carrier): null

2019-12-31 08:20:05 - [TEST_STEP][PASSED] - test.MobileKeywords.clickJS_ByXpath(filter_carrier): test.MobileKeywords.clickJS_ByXpath is PASSED

2019-12-31 08:20:05 - [MESSAGE][PASSED] - Execute JavaScript 'arguments[0].click()' successfully

2019-12-31 08:20:05 - [MESSAGE][PASSED] - test.MobileKeywords.clickJS_ByXpath is PASSED

2019-12-31 08:20:05 - [TEST_STEP][PASSED] - click(findTestObject("mobileSanity/STM/STM Quote Page/js-close c-link-button")): Object: 'Object Repository/mobileSanity/STM/STM Quote Page/js-close c-link-button' is clicked on

2019-12-31 08:20:06 - [MESSAGE][PASSED] - Object: 'Object Repository/mobileSanity/STM/STM Quote Page/js-close c-link-button' is clicked on

2019-12-31 08:20:06 - [TEST_STEP][PASSED] - Thread.sleep(2000): null

2019-12-31 08:20:08 - [TEST_STEP][PASSED] - callTestCase(findTestCase("AHI/_include/get_screenshot"), [:], STOP_ON_FAILURE): Call Test Case 'Test Cases/AHI/_include/get_screenshot' successfully

2019-12-31 08:20:08 - [TEST_CASE][PASSED] - Test Cases/AHI/_include/get_screenshot: Test Cases/AHI/_include/get_screenshot

2019-12-31 08:20:08 - [TEST_STEP][PASSED] - takeScreenshot(screenPath + i + ".png"): Taking screenshot successfully

2019-12-31 08:20:08 - [MESSAGE][PASSED] - Taking screenshot successfully
[[ATTACHMENT|D:\\Test\\AgileTest\\Reports\\HIC\\hic\\20191231_080029\\../Screenshots/iPhone 6/HIC/STM/Everest Prime/20191231_081927/3.png]]

2019-12-31 08:20:08 - [TEST_STEP][PASSED] - (internal.GlobalVariable.i++): null

2019-12-31 08:20:08 - [MESSAGE][PASSED] - Call Test Case 'Test Cases/AHI/_include/get_screenshot' successfully

2019-12-31 08:20:08 - [MESSAGE][PASSED] - Call Test Case 'Test Cases/AHI/_include/filter_stm' successfully

2019-12-31 08:20:08 - [TEST_STEP][PASSED] - callTestCase(findTestCase("AHI/_include/goToDetail_stm"), ["carrier":"everest"], STOP_ON_FAILURE): Call Test Case 'Test Cases/AHI/_include/goToDetail_stm' successfully

2019-12-31 08:20:08 - [TEST_CASE][PASSED] - Test Cases/AHI/_include/goToDetail_stm: Test Cases/AHI/_include/goToDetail_stm

2019-12-31 08:20:08 - [TEST_STEP][PASSED] - driver = getWebDriver(): null

2019-12-31 08:20:08 - [TEST_STEP][PASSED] - selenium = new com.thoughtworks.selenium.webdriven.WebDriverBackedSelenium(driver, internal.GlobalVariable.ENV): null

2019-12-31 08:20:08 - [TEST_STEP][PASSED] - a_plan_name = "xpath=//a[contains(@href,'/term-health-insurance/plan/" + carrier + "')]": null

2019-12-31 08:20:08 - [TEST_STEP][PASSED] - println(a_plan_name): null

2019-12-31 08:20:08 - [TEST_STEP][PASSED] - selenium.click(a_plan_name): null

2019-12-31 08:20:11 - [TEST_STEP][PASSED] - waitForPageLoad(20): Wait for page load successfully

2019-12-31 08:20:12 - [MESSAGE][PASSED] - Wait for page load successfully

2019-12-31 08:20:12 - [TEST_STEP][PASSED] - Thread.sleep(2000): null

2019-12-31 08:20:14 - [TEST_STEP][PASSED] - callTestCase(findTestCase("AHI/_include/get_screenshot"), [:], STOP_ON_FAILURE): Call Test Case 'Test Cases/AHI/_include/get_screenshot' successfully

2019-12-31 08:20:14 - [TEST_CASE][PASSED] - Test Cases/AHI/_include/get_screenshot: Test Cases/AHI/_include/get_screenshot

2019-12-31 08:20:14 - [TEST_STEP][PASSED] - takeScreenshot(screenPath + i + ".png"): Taking screenshot successfully

2019-12-31 08:20:14 - [MESSAGE][PASSED] - Taking screenshot successfully
[[ATTACHMENT|D:\\Test\\AgileTest\\Reports\\HIC\\hic\\20191231_080029\\../Screenshots/iPhone 6/HIC/STM/Everest Prime/20191231_081927/4.png]]

2019-12-31 08:20:14 - [TEST_STEP][PASSED] - (internal.GlobalVariable.i++): null

2019-12-31 08:20:14 - [MESSAGE][PASSED] - Call Test Case 'Test Cases/AHI/_include/get_screenshot' successfully

2019-12-31 08:20:14 - [MESSAGE][PASSED] - Call Test Case 'Test Cases/AHI/_include/goToDetail_stm' successfully

2019-12-31 08:20:14 - [TEST_STEP][PASSED] - callTestCase(findTestCase("AHI/_include/apply_stm"), [:], STOP_ON_FAILURE): Call Test Case 'Test Cases/AHI/_include/apply_stm' successfully

2019-12-31 08:20:14 - [TEST_CASE][PASSED] - Test Cases/AHI/_include/apply_stm: Test Cases/AHI/_include/apply_stm

2019-12-31 08:20:14 - [TEST_STEP][PASSED] - waitForElementVisible(findTestObject("mobileSanity/STM/STM PlanDetail Page/a_Apply for This Plan"), 5): Object 'Object Repository/mobileSanity/STM/STM PlanDetail Page/a_Apply for This Plan' is visible

2019-12-31 08:20:14 - [MESSAGE][PASSED] - Object 'Object Repository/mobileSanity/STM/STM PlanDetail Page/a_Apply for This Plan' is visible

2019-12-31 08:20:14 - [TEST_STEP][PASSED] - click(findTestObject("mobileSanity/STM/STM PlanDetail Page/a_Apply for This Plan")): Object: 'Object Repository/mobileSanity/STM/STM PlanDetail Page/a_Apply for This Plan' is clicked on

2019-12-31 08:20:15 - [MESSAGE][PASSED] - Object: 'Object Repository/mobileSanity/STM/STM PlanDetail Page/a_Apply for This Plan' is clicked on

2019-12-31 08:20:15 - [TEST_STEP][PASSED] - waitForPageLoad(10): Wait for page load successfully

2019-12-31 08:20:16 - [MESSAGE][PASSED] - Wait for page load successfully

2019-12-31 08:20:16 - [TEST_STEP][PASSED] - Thread.sleep(2000): null

2019-12-31 08:20:18 - [TEST_STEP][PASSED] - callTestCase(findTestCase("AHI/_include/get_screenshot"), [:], STOP_ON_FAILURE): Call Test Case 'Test Cases/AHI/_include/get_screenshot' successfully

2019-12-31 08:20:18 - [TEST_CASE][PASSED] - Test Cases/AHI/_include/get_screenshot: Test Cases/AHI/_include/get_screenshot

2019-12-31 08:20:18 - [TEST_STEP][PASSED] - takeScreenshot(screenPath + i + ".png"): Taking screenshot successfully

2019-12-31 08:20:18 - [MESSAGE][PASSED] - Taking screenshot successfully
[[ATTACHMENT|D:\\Test\\AgileTest\\Reports\\HIC\\hic\\20191231_080029\\../Screenshots/iPhone 6/HIC/STM/Everest Prime/20191231_081927/5.png]]

2019-12-31 08:20:18 - [TEST_STEP][PASSED] - (internal.GlobalVariable.i++): null

2019-12-31 08:20:18 - [MESSAGE][PASSED] - Call Test Case 'Test Cases/AHI/_include/get_screenshot' successfully

2019-12-31 08:20:18 - [TEST_STEP][PASSED] - waitForElementVisible(findTestObject("mobileSanity/STM/STM Apply Page/a_Start Secure Application"), 5): Object 'Object Repository/mobileSanity/STM/STM Apply Page/a_Start Secure Application' is visible

2019-12-31 08:20:18 - [MESSAGE][PASSED] - Object 'Object Repository/mobileSanity/STM/STM Apply Page/a_Start Secure Application' is visible

2019-12-31 08:20:18 - [TEST_STEP][PASSED] - click(findTestObject("mobileSanity/STM/STM Apply Page/a_Start Secure Application")): Object: 'Object Repository/mobileSanity/STM/STM Apply Page/a_Start Secure Application' is clicked on

2019-12-31 08:20:19 - [MESSAGE][PASSED] - Object: 'Object Repository/mobileSanity/STM/STM Apply Page/a_Start Secure Application' is clicked on

2019-12-31 08:20:19 - [TEST_STEP][PASSED] - waitForPageLoad(20): Wait for page load successfully

2019-12-31 08:20:19 - [MESSAGE][PASSED] - Wait for page load successfully

2019-12-31 08:20:19 - [TEST_STEP][PASSED] - Thread.sleep(2000): null

2019-12-31 08:20:21 - [TEST_STEP][PASSED] - callTestCase(findTestCase("AHI/_include/get_screenshot"), [:], STOP_ON_FAILURE): Call Test Case 'Test Cases/AHI/_include/get_screenshot' successfully

2019-12-31 08:20:22 - [TEST_CASE][PASSED] - Test Cases/AHI/_include/get_screenshot: Test Cases/AHI/_include/get_screenshot

2019-12-31 08:20:22 - [TEST_STEP][PASSED] - takeScreenshot(screenPath + i + ".png"): Taking screenshot successfully

2019-12-31 08:20:22 - [MESSAGE][PASSED] - Taking screenshot successfully
[[ATTACHMENT|D:\\Test\\AgileTest\\Reports\\HIC\\hic\\20191231_080029\\../Screenshots/iPhone 6/HIC/STM/Everest Prime/20191231_081927/6.png]]

2019-12-31 08:20:22 - [TEST_STEP][PASSED] - (internal.GlobalVariable.i++): null

2019-12-31 08:20:22 - [MESSAGE][PASSED] - Call Test Case 'Test Cases/AHI/_include/get_screenshot' successfully

2019-12-31 08:20:22 - [MESSAGE][PASSED] - Call Test Case 'Test Cases/AHI/_include/apply_stm' successfully

2019-12-31 08:20:22 - [TEST_STEP][PASSED] - callTestCase(findTestCase("AHI/_include/goToEnd_stm_autofill"), [:], STOP_ON_FAILURE): Call Test Case 'Test Cases/AHI/_include/goToEnd_stm_autofill' successfully

2019-12-31 08:20:22 - [TEST_CASE][PASSED] - Test Cases/AHI/_include/goToEnd_stm_autofill: Test Cases/AHI/_include/goToEnd_stm_autofill

2019-12-31 08:20:22 - [TEST_STEP][PASSED] - callTestCase(findTestCase("AHI/_include/name"), [:], CONTINUE_ON_FAILURE): Call Test Case 'Test Cases/AHI/_include/name' successfully

2019-12-31 08:20:22 - [TEST_CASE][PASSED] - Test Cases/AHI/_include/name: Test Cases/AHI/_include/name

2019-12-31 08:20:22 - [TEST_STEP][PASSED] - driver = getWebDriver(): null

2019-12-31 08:20:22 - [TEST_STEP][PASSED] - selenium = new com.thoughtworks.selenium.webdriven.WebDriverBackedSelenium(driver, internal.GlobalVariable.ENV): null

2019-12-31 08:20:22 - [TEST_STEP][PASSED] - FirstName = "Test-123": null

2019-12-31 08:20:22 - [TEST_STEP][PASSED] - LastName = selenium.getEval("{var x="ABCDEFGHIJKLMNOPQRSTUVWXYZabcdefghijklmnopqrstuvwxyz"; var tmp="ZZ11-"; for (i=0;i<8;i++) tmp+=x.charAt(Math.ceil(51*Math.random()));tmp;}"): null

2019-12-31 08:20:22 - [TEST_STEP][PASSED] - Address = selenium.getEval("{var x="ABCDEFGHIJKLMNOPQRSTUVWXYZabcdefghijklmnopqrstuvwxyz"; var tmp=""; for (i=0;i<8;i++) tmp+=x.charAt(Math.ceil(51*Math.random()));tmp;}"): null

2019-12-31 08:20:22 - [TEST_STEP][PASSED] - City = selenium.getEval("{var x="ABCDEFGHIJKLMNOPQRSTUVWXYZabcdefghijklmnopqrstuvwxyz"; var tmp=""; for (i=0;i<8;i++) tmp+=x.charAt(Math.ceil(51*Math.random()));tmp;}"): null

2019-12-31 08:20:22 - [TEST_STEP][PASSED] - tel1 = selenium.getEval("{var x="123456789"; var tmp=""; for (i=0;i<3;i++) tmp+=x.charAt(Math.ceil(8*Math.random()));tmp;}"): null

2019-12-31 08:20:22 - [TEST_STEP][PASSED] - tel2 = selenium.getEval("{var x="123456789"; var tmp=""; for (i=0;i<3;i++) tmp+=x.charAt(Math.ceil(8*Math.random()));tmp;}"): null

2019-12-31 08:20:22 - [TEST_STEP][PASSED] - tel3 = selenium.getEval("{var x="123456789"; var tmp=""; for (i=0;i<4;i++) tmp+=x.charAt(Math.ceil(8*Math.random()));tmp;}"): null

2019-12-31 08:20:22 - [TEST_STEP][PASSED] - Tel = selenium.getExpression(tel1 + "-" + tel2 + "-" + tel3): null

2019-12-31 08:20:22 - [TEST_STEP][PASSED] - AutoEmail = selenium.getEval("{var x="ABCDEFGHIJKLMNOPQRSTUVWXYZabcdefghijklmnopqrstuvwxyz"; var tmp="test."; for (i=0;i<8;i++) tmp+=x.charAt(Math.ceil(51*Math.random()));tmp+="@suryani.cn";}"): null

2019-12-31 08:20:22 - [TEST_STEP][PASSED] - FirstName = FirstName: null

2019-12-31 08:20:22 - [TEST_STEP][PASSED] - LastName = LastName: null

2019-12-31 08:20:22 - [TEST_STEP][PASSED] - Address = Address: null

2019-12-31 08:20:22 - [TEST_STEP][PASSED] - City = City: null

2019-12-31 08:20:22 - [TEST_STEP][PASSED] - Tel = Tel: null

2019-12-31 08:20:22 - [TEST_STEP][PASSED] - AutoEmail = AutoEmail: null

2019-12-31 08:20:22 - [TEST_STEP][PASSED] - println(FirstName): null

2019-12-31 08:20:22 - [TEST_STEP][PASSED] - println(LastName): null

2019-12-31 08:20:22 - [TEST_STEP][PASSED] - println(Address): null

2019-12-31 08:20:22 - [TEST_STEP][PASSED] - println(City): null

2019-12-31 08:20:22 - [TEST_STEP][PASSED] - println(Tel): null

2019-12-31 08:20:22 - [TEST_STEP][PASSED] - println(AutoEmail): null

2019-12-31 08:20:22 - [MESSAGE][PASSED] - Call Test Case 'Test Cases/AHI/_include/name' successfully

2019-12-31 08:20:22 - [TEST_STEP][FAILED] - try: Unable to verify text 'Month Duration Acknowledgement' is present  (Root cause: com.kms.katalon.core.exception.StepFailedException: Text 'Month Duration Acknowledgement' is not present on page )

2019-12-31 08:20:22 - [TEST_STEP][FAILED] - if (verifyTextPresent("Month Duration Acknowledgement", false)): Unable to verify text 'Month Duration Acknowledgement' is present  (Root cause: com.kms.katalon.core.exception.StepFailedException: Text 'Month Duration Acknowledgement' is not present on page )

2019-12-31 08:20:22 - [MESSAGE][FAILED] - Text 'Month Duration Acknowledgement' is not present on page 

2019-12-31 08:20:23 - [MESSAGE][FAILED] - Unable to verify text 'Month Duration Acknowledgement' is present  (Root cause: com.kms.katalon.core.exception.StepFailedException: Text 'Month Duration Acknowledgement' is not present on page )
[[ATTACHMENT|D:\\Test\\AgileTest\\Reports\\HIC\\hic\\20191231_080029\\1577798422773.png]]

2019-12-31 08:20:23 - [TEST_STEP][PASSED] - catch (Exception e): null

2019-12-31 08:20:23 - [TEST_STEP][PASSED] - println("no consecutive"): null

2019-12-31 08:20:23 - [TEST_STEP][PASSED] - waitForPageLoad(10): Wait for page load successfully

2019-12-31 08:20:23 - [MESSAGE][PASSED] - Wait for page load successfully

2019-12-31 08:20:23 - [TEST_STEP][PASSED] - Thread.sleep(3000): null

2019-12-31 08:20:26 - [TEST_STEP][PASSED] - waitForElementVisible(findTestObject("mobileSanity/STM/Page_App Page 1/a_Autofill App Info"), 20): Object 'Object Repository/mobileSanity/STM/Page_App Page 1/a_Autofill App Info' is visible

2019-12-31 08:20:26 - [MESSAGE][PASSED] - Object 'Object Repository/mobileSanity/STM/Page_App Page 1/a_Autofill App Info' is visible

2019-12-31 08:20:26 - [TEST_STEP][PASSED] - click(findTestObject("mobileSanity/STM/Page_App Page 1/a_Autofill App Info")): Object: 'Object Repository/mobileSanity/STM/Page_App Page 1/a_Autofill App Info' is clicked on

2019-12-31 08:20:26 - [MESSAGE][PASSED] - Object: 'Object Repository/mobileSanity/STM/Page_App Page 1/a_Autofill App Info' is clicked on

2019-12-31 08:20:26 - [TEST_STEP][PASSED] - Thread.sleep(1000): null

2019-12-31 08:20:27 - [TEST_STEP][PASSED] - click(findTestObject("mobileSanity/STM/Page_App Page 1/a_Autofill App Info")): Object: 'Object Repository/mobileSanity/STM/Page_App Page 1/a_Autofill App Info' is clicked on

2019-12-31 08:20:27 - [MESSAGE][PASSED] - Object: 'Object Repository/mobileSanity/STM/Page_App Page 1/a_Autofill App Info' is clicked on

2019-12-31 08:20:27 - [TEST_STEP][PASSED] - Thread.sleep(1000): null

2019-12-31 08:20:28 - [TEST_STEP][PASSED] - waitForElementVisible(findTestObject("mobileSanity/STM/Page_App Page 1/a_Continue"), 20): Object 'Object Repository/mobileSanity/STM/Page_App Page 1/a_Continue' is visible

2019-12-31 08:20:28 - [MESSAGE][PASSED] - Object 'Object Repository/mobileSanity/STM/Page_App Page 1/a_Continue' is visible

2019-12-31 08:20:28 - [TEST_STEP][PASSED] - click(findTestObject("mobileSanity/STM/Page_App Page 1/a_Continue")): Object: 'Object Repository/mobileSanity/STM/Page_App Page 1/a_Continue' is clicked on

2019-12-31 08:20:28 - [MESSAGE][PASSED] - Object: 'Object Repository/mobileSanity/STM/Page_App Page 1/a_Continue' is clicked on

2019-12-31 08:20:28 - [TEST_STEP][PASSED] - waitForPageLoad(20): Wait for page load successfully

2019-12-31 08:20:28 - [MESSAGE][PASSED] - Wait for page load successfully

2019-12-31 08:20:28 - [TEST_STEP][PASSED] - Thread.sleep(5000): null

2019-12-31 08:20:33 - [TEST_STEP][PASSED] - callTestCase(findTestCase("AHI/_include/get_screenshot"), [:], STOP_ON_FAILURE): Call Test Case 'Test Cases/AHI/_include/get_screenshot' successfully

2019-12-31 08:20:33 - [TEST_CASE][PASSED] - Test Cases/AHI/_include/get_screenshot: Test Cases/AHI/_include/get_screenshot

2019-12-31 08:20:33 - [TEST_STEP][PASSED] - takeScreenshot(screenPath + i + ".png"): Taking screenshot successfully

2019-12-31 08:20:34 - [MESSAGE][PASSED] - Taking screenshot successfully
[[ATTACHMENT|D:\\Test\\AgileTest\\Reports\\HIC\\hic\\20191231_080029\\../Screenshots/iPhone 6/HIC/STM/Everest Prime/20191231_081927/7.png]]

2019-12-31 08:20:34 - [TEST_STEP][PASSED] - (internal.GlobalVariable.i++): null

2019-12-31 08:20:34 - [MESSAGE][PASSED] - Call Test Case 'Test Cases/AHI/_include/get_screenshot' successfully

2019-12-31 08:20:34 - [TEST_STEP][PASSED] - click(findTestObject("mobileSanity/STM/Page_App Page 2/a_Continue to Step 3 - Payment")): Object: 'Object Repository/mobileSanity/STM/Page_App Page 2/a_Continue to Step 3 - Payment' is clicked on

2019-12-31 08:20:34 - [MESSAGE][PASSED] - Object: 'Object Repository/mobileSanity/STM/Page_App Page 2/a_Continue to Step 3 - Payment' is clicked on

2019-12-31 08:20:34 - [TEST_STEP][PASSED] - waitForPageLoad(20): Wait for page load successfully

2019-12-31 08:20:34 - [MESSAGE][PASSED] - Wait for page load successfully

2019-12-31 08:20:34 - [TEST_STEP][PASSED] - waitForElementVisible(findTestObject("mobileSanity/STM/Page_App Page 3/input__credit-card-cvv"), 20): Object 'Object Repository/mobileSanity/STM/Page_App Page 3/input__credit-card-cvv' is visible

2019-12-31 08:20:35 - [MESSAGE][PASSED] - Object 'Object Repository/mobileSanity/STM/Page_App Page 3/input__credit-card-cvv' is visible

2019-12-31 08:20:35 - [TEST_STEP][PASSED] - Thread.sleep(2000): null

2019-12-31 08:20:37 - [TEST_STEP][PASSED] - callTestCase(findTestCase("AHI/_include/get_screenshot"), [:], STOP_ON_FAILURE): Call Test Case 'Test Cases/AHI/_include/get_screenshot' successfully

2019-12-31 08:20:37 - [TEST_CASE][PASSED] - Test Cases/AHI/_include/get_screenshot: Test Cases/AHI/_include/get_screenshot

2019-12-31 08:20:37 - [TEST_STEP][PASSED] - takeScreenshot(screenPath + i + ".png"): Taking screenshot successfully

2019-12-31 08:20:38 - [MESSAGE][PASSED] - Taking screenshot successfully
[[ATTACHMENT|D:\\Test\\AgileTest\\Reports\\HIC\\hic\\20191231_080029\\../Screenshots/iPhone 6/HIC/STM/Everest Prime/20191231_081927/8.png]]

2019-12-31 08:20:38 - [TEST_STEP][PASSED] - (internal.GlobalVariable.i++): null

2019-12-31 08:20:38 - [MESSAGE][PASSED] - Call Test Case 'Test Cases/AHI/_include/get_screenshot' successfully

2019-12-31 08:20:38 - [TEST_STEP][PASSED] - clearText(findTestObject("mobileSanity/STM/Page_App Page 3/input__credit-card-cvv")): Text of object 'Object Repository/mobileSanity/STM/Page_App Page 3/input__credit-card-cvv' is cleared

2019-12-31 08:20:38 - [MESSAGE][PASSED] - Text of object 'Object Repository/mobileSanity/STM/Page_App Page 3/input__credit-card-cvv' is cleared

2019-12-31 08:20:38 - [TEST_STEP][PASSED] - setText(findTestObject("mobileSanity/STM/Page_App Page 3/input__credit-card-cvv"), "123"): Text '123' is set on object 'Object Repository/mobileSanity/STM/Page_App Page 3/input__credit-card-cvv'

2019-12-31 08:20:38 - [MESSAGE][PASSED] - Text '123' is set on object 'Object Repository/mobileSanity/STM/Page_App Page 3/input__credit-card-cvv'

2019-12-31 08:20:38 - [TEST_STEP][PASSED] - click(findTestObject("mobileSanity/STM/Page_App Page 3/label_I Accept Authorization f")): Object: 'Object Repository/mobileSanity/STM/Page_App Page 3/label_I Accept Authorization f' is clicked on

2019-12-31 08:20:38 - [MESSAGE][PASSED] - Object: 'Object Repository/mobileSanity/STM/Page_App Page 3/label_I Accept Authorization f' is clicked on

2019-12-31 08:20:38 - [TEST_STEP][PASSED] - click(findTestObject("mobileSanity/STM/Page_App Page 3/a_Continue to Step 4 - Review")): Object: 'Object Repository/mobileSanity/STM/Page_App Page 3/a_Continue to Step 4 - Review' is clicked on

2019-12-31 08:20:38 - [MESSAGE][PASSED] - Object: 'Object Repository/mobileSanity/STM/Page_App Page 3/a_Continue to Step 4 - Review' is clicked on

2019-12-31 08:20:38 - [TEST_STEP][PASSED] - waitForPageLoad(10): Wait for page load successfully

2019-12-31 08:20:38 - [MESSAGE][PASSED] - Wait for page load successfully

2019-12-31 08:20:38 - [TEST_STEP][PASSED] - waitForElementClickable(findTestObject("mobileSanity/STM/Page_App Page 4/label"), 10): Object 'Object Repository/mobileSanity/STM/Page_App Page 4/label' is clickable

2019-12-31 08:20:39 - [MESSAGE][PASSED] - Object 'Object Repository/mobileSanity/STM/Page_App Page 4/label' is clickable

2019-12-31 08:20:39 - [TEST_STEP][PASSED] - Thread.sleep(2000): null

2019-12-31 08:20:41 - [TEST_STEP][PASSED] - callTestCase(findTestCase("AHI/_include/get_screenshot"), [:], STOP_ON_FAILURE): Call Test Case 'Test Cases/AHI/_include/get_screenshot' successfully

2019-12-31 08:20:41 - [TEST_CASE][PASSED] - Test Cases/AHI/_include/get_screenshot: Test Cases/AHI/_include/get_screenshot

2019-12-31 08:20:41 - [TEST_STEP][PASSED] - takeScreenshot(screenPath + i + ".png"): Taking screenshot successfully

2019-12-31 08:20:43 - [MESSAGE][PASSED] - Taking screenshot successfully
[[ATTACHMENT|D:\\Test\\AgileTest\\Reports\\HIC\\hic\\20191231_080029\\../Screenshots/iPhone 6/HIC/STM/Everest Prime/20191231_081927/9.png]]

2019-12-31 08:20:43 - [TEST_STEP][PASSED] - (internal.GlobalVariable.i++): null

2019-12-31 08:20:43 - [MESSAGE][PASSED] - Call Test Case 'Test Cases/AHI/_include/get_screenshot' successfully

2019-12-31 08:20:43 - [TEST_STEP][PASSED] - click(findTestObject("mobileSanity/STM/Page_App Page 4/label")): Object: 'Object Repository/mobileSanity/STM/Page_App Page 4/label' is clicked on

2019-12-31 08:20:43 - [MESSAGE][PASSED] - Object: 'Object Repository/mobileSanity/STM/Page_App Page 4/label' is clicked on

2019-12-31 08:20:43 - [TEST_STEP][PASSED] - click(findTestObject("mobileSanity/STM/Page_App Page 4/div_CLICK TO SIGN")): Object: 'Object Repository/mobileSanity/STM/Page_App Page 4/div_CLICK TO SIGN' is clicked on

2019-12-31 08:20:43 - [MESSAGE][PASSED] - Object: 'Object Repository/mobileSanity/STM/Page_App Page 4/div_CLICK TO SIGN' is clicked on

2019-12-31 08:20:43 - [TEST_STEP][PASSED] - click(findTestObject("mobileSanity/STM/Page_App Page 4/a_Submit Your Application")): Object: 'Object Repository/mobileSanity/STM/Page_App Page 4/a_Submit Your Application' is clicked on

2019-12-31 08:20:43 - [MESSAGE][PASSED] - Object: 'Object Repository/mobileSanity/STM/Page_App Page 4/a_Submit Your Application' is clicked on

2019-12-31 08:20:43 - [TEST_STEP][PASSED] - Thread.sleep(30000): null

2019-12-31 08:21:13 - [TEST_STEP][PASSED] - waitForElementPresent(findTestObject("mobileSanity/STM/Page_App Page 6/app-page-wrapper"), 20): Object 'Object Repository/mobileSanity/STM/Page_App Page 6/app-page-wrapper' is present

2019-12-31 08:21:13 - [MESSAGE][PASSED] - Object 'Object Repository/mobileSanity/STM/Page_App Page 6/app-page-wrapper' is present

2019-12-31 08:21:13 - [TEST_STEP][PASSED] - callTestCase(findTestCase("AHI/_include/get_screenshot"), [:], STOP_ON_FAILURE): Call Test Case 'Test Cases/AHI/_include/get_screenshot' successfully

2019-12-31 08:21:13 - [TEST_CASE][PASSED] - Test Cases/AHI/_include/get_screenshot: Test Cases/AHI/_include/get_screenshot

2019-12-31 08:21:13 - [TEST_STEP][PASSED] - takeScreenshot(screenPath + i + ".png"): Taking screenshot successfully

2019-12-31 08:21:14 - [MESSAGE][PASSED] - Taking screenshot successfully
[[ATTACHMENT|D:\\Test\\AgileTest\\Reports\\HIC\\hic\\20191231_080029\\../Screenshots/iPhone 6/HIC/STM/Everest Prime/20191231_081927/10.png]]

2019-12-31 08:21:14 - [TEST_STEP][PASSED] - (internal.GlobalVariable.i++): null

2019-12-31 08:21:14 - [MESSAGE][PASSED] - Call Test Case 'Test Cases/AHI/_include/get_screenshot' successfully

2019-12-31 08:21:14 - [MESSAGE][PASSED] - Call Test Case 'Test Cases/AHI/_include/goToEnd_stm_autofill' successfully]]></system-out>
         <system-err><![CDATA[]]></system-err>
      </testcase>
      <testcase name="Test Cases/HIC/STM/Slaico" classname="Test Cases/HIC/STM/Slaico" status="FAILED">
         <failure type="FAILED" message="Test Cases/HIC/STM/Slaico FAILED.
Reason:
com.kms.katalon.core.exception.StepFailedException: Unable to clear text of object 'Object Repository/mobileSanity/STM/Page_App Page 3/input__credit-card-cvv' (Root cause: com.kms.katalon.core.webui.exception.WebElementNotFoundException: Web element with id: 'Object Repository/mobileSanity/STM/Page_App Page 3/input__credit-card-cvv' located by 'By.xpath: //*[@id = 'credit-card-cvv']' not found)
	at com.kms.katalon.core.keyword.internal.KeywordMain.stepFailed(KeywordMain.groovy:36)
	at com.kms.katalon.core.webui.keyword.internal.WebUIKeywordMain.stepFailed(WebUIKeywordMain.groovy:65)
	at com.kms.katalon.core.webui.keyword.internal.WebUIKeywordMain.runKeyword(WebUIKeywordMain.groovy:43)
	at com.kms.katalon.core.webui.keyword.builtin.ClearTextKeyword.clearText(ClearTextKeyword.groovy:61)
	at com.kms.katalon.core.webui.keyword.builtin.ClearTextKeyword.execute(ClearTextKeyword.groovy:34)
	at com.kms.katalon.core.keyword.internal.KeywordExecutor.executeKeywordForPlatform(KeywordExecutor.groovy:53)
	at com.kms.katalon.core.webui.keyword.WebUiBuiltInKeywords.clearText(WebUiBuiltInKeywords.groovy:3817)
	at com.kms.katalon.core.webui.keyword.WebUiBuiltInKeywords$clearText$13.call(Unknown Source)
	at goToEnd_stm_autofill.run(goToEnd_stm_autofill:71)
	at com.kms.katalon.core.main.ScriptEngine.run(ScriptEngine.java:194)
	at com.kms.katalon.core.main.ScriptEngine.runScriptAsRawText(ScriptEngine.java:119)
	at com.kms.katalon.core.main.TestCaseExecutor.runScript(TestCaseExecutor.java:328)
	at com.kms.katalon.core.main.TestCaseExecutor.doExecute(TestCaseExecutor.java:319)
	at com.kms.katalon.core.main.TestCaseExecutor.processExecutionPhase(TestCaseExecutor.java:298)
	at com.kms.katalon.core.main.TestCaseExecutor.accessMainPhase(TestCaseExecutor.java:290)
	at com.kms.katalon.core.main.TestCaseExecutor.execute(TestCaseExecutor.java:224)
	at com.kms.katalon.core.main.TestCaseMain.runTestCase(TestCaseMain.java:106)
	at com.kms.katalon.core.keyword.builtin.CallTestCaseKeyword$_callTestCase_closure1.doCall(CallTestCaseKeyword.groovy:59)
	at com.kms.katalon.core.keyword.builtin.CallTestCaseKeyword$_callTestCase_closure1.call(CallTestCaseKeyword.groovy)
	at com.kms.katalon.core.keyword.internal.KeywordMain.runKeyword(KeywordMain.groovy:54)
	at com.kms.katalon.core.keyword.builtin.CallTestCaseKeyword.callTestCase(CallTestCaseKeyword.groovy:80)
	at com.kms.katalon.core.keyword.builtin.CallTestCaseKeyword.execute(CallTestCaseKeyword.groovy:44)
	at com.kms.katalon.core.keyword.internal.KeywordExecutor.executeKeywordForPlatform(KeywordExecutor.groovy:53)
	at com.kms.katalon.core.keyword.BuiltinKeywords.callTestCase(BuiltinKeywords.groovy:334)
	at Slaico.run(Slaico:41)
	at com.kms.katalon.core.main.ScriptEngine.run(ScriptEngine.java:194)
	at com.kms.katalon.core.main.ScriptEngine.runScriptAsRawText(ScriptEngine.java:119)
	at com.kms.katalon.core.main.TestCaseExecutor.runScript(TestCaseExecutor.java:328)
	at com.kms.katalon.core.main.TestCaseExecutor.doExecute(TestCaseExecutor.java:319)
	at com.kms.katalon.core.main.TestCaseExecutor.processExecutionPhase(TestCaseExecutor.java:298)
	at com.kms.katalon.core.main.TestCaseExecutor.accessMainPhase(TestCaseExecutor.java:290)
	at com.kms.katalon.core.main.TestCaseExecutor.execute(TestCaseExecutor.java:224)
	at com.kms.katalon.core.main.TestSuiteExecutor.accessTestCaseMainPhase(TestSuiteExecutor.java:129)
	at com.kms.katalon.core.main.TestSuiteExecutor.accessTestSuiteMainPhase(TestSuiteExecutor.java:112)
	at com.kms.katalon.core.main.TestSuiteExecutor.execute(TestSuiteExecutor.java:81)
	at com.kms.katalon.core.main.TestCaseMain.startTestSuite(TestCaseMain.java:149)
	at com.kms.katalon.core.main.TestCaseMain$startTestSuite$0.call(Unknown Source)
	at TempTestSuite1577797229431.run(TempTestSuite1577797229431.groovy:36)
"/>
         <system-out><![CDATA[2019-12-31 08:21:14 - [TEST_CASE][FAILED] - Test Cases/HIC/STM/Slaico: Test Cases/HIC/STM/Slaico FAILED.
Reason:
com.kms.katalon.core.exception.StepFailedException: Unable to clear text of object 'Object Repository/mobileSanity/STM/Page_App Page 3/input__credit-card-cvv' (Root cause: com.kms.katalon.core.webui.exception.WebElementNotFoundException: Web element with id: 'Object Repository/mobileSanity/STM/Page_App Page 3/input__credit-card-cvv' located by 'By.xpath: //*[@id = 'credit-card-cvv']' not found)
	at com.kms.katalon.core.keyword.internal.KeywordMain.stepFailed(KeywordMain.groovy:36)
	at com.kms.katalon.core.webui.keyword.internal.WebUIKeywordMain.stepFailed(WebUIKeywordMain.groovy:65)
	at com.kms.katalon.core.webui.keyword.internal.WebUIKeywordMain.runKeyword(WebUIKeywordMain.groovy:43)
	at com.kms.katalon.core.webui.keyword.builtin.ClearTextKeyword.clearText(ClearTextKeyword.groovy:61)
	at com.kms.katalon.core.webui.keyword.builtin.ClearTextKeyword.execute(ClearTextKeyword.groovy:34)
	at com.kms.katalon.core.keyword.internal.KeywordExecutor.executeKeywordForPlatform(KeywordExecutor.groovy:53)
	at com.kms.katalon.core.webui.keyword.WebUiBuiltInKeywords.clearText(WebUiBuiltInKeywords.groovy:3817)
	at com.kms.katalon.core.webui.keyword.WebUiBuiltInKeywords$clearText$13.call(Unknown Source)
	at goToEnd_stm_autofill.run(goToEnd_stm_autofill:71)
	at com.kms.katalon.core.main.ScriptEngine.run(ScriptEngine.java:194)
	at com.kms.katalon.core.main.ScriptEngine.runScriptAsRawText(ScriptEngine.java:119)
	at com.kms.katalon.core.main.TestCaseExecutor.runScript(TestCaseExecutor.java:328)
	at com.kms.katalon.core.main.TestCaseExecutor.doExecute(TestCaseExecutor.java:319)
	at com.kms.katalon.core.main.TestCaseExecutor.processExecutionPhase(TestCaseExecutor.java:298)
	at com.kms.katalon.core.main.TestCaseExecutor.accessMainPhase(TestCaseExecutor.java:290)
	at com.kms.katalon.core.main.TestCaseExecutor.execute(TestCaseExecutor.java:224)
	at com.kms.katalon.core.main.TestCaseMain.runTestCase(TestCaseMain.java:106)
	at com.kms.katalon.core.keyword.builtin.CallTestCaseKeyword$_callTestCase_closure1.doCall(CallTestCaseKeyword.groovy:59)
	at com.kms.katalon.core.keyword.builtin.CallTestCaseKeyword$_callTestCase_closure1.call(CallTestCaseKeyword.groovy)
	at com.kms.katalon.core.keyword.internal.KeywordMain.runKeyword(KeywordMain.groovy:54)
	at com.kms.katalon.core.keyword.builtin.CallTestCaseKeyword.callTestCase(CallTestCaseKeyword.groovy:80)
	at com.kms.katalon.core.keyword.builtin.CallTestCaseKeyword.execute(CallTestCaseKeyword.groovy:44)
	at com.kms.katalon.core.keyword.internal.KeywordExecutor.executeKeywordForPlatform(KeywordExecutor.groovy:53)
	at com.kms.katalon.core.keyword.BuiltinKeywords.callTestCase(BuiltinKeywords.groovy:334)
	at Slaico.run(Slaico:41)
	at com.kms.katalon.core.main.ScriptEngine.run(ScriptEngine.java:194)
	at com.kms.katalon.core.main.ScriptEngine.runScriptAsRawText(ScriptEngine.java:119)
	at com.kms.katalon.core.main.TestCaseExecutor.runScript(TestCaseExecutor.java:328)
	at com.kms.katalon.core.main.TestCaseExecutor.doExecute(TestCaseExecutor.java:319)
	at com.kms.katalon.core.main.TestCaseExecutor.processExecutionPhase(TestCaseExecutor.java:298)
	at com.kms.katalon.core.main.TestCaseExecutor.accessMainPhase(TestCaseExecutor.java:290)
	at com.kms.katalon.core.main.TestCaseExecutor.execute(TestCaseExecutor.java:224)
	at com.kms.katalon.core.main.TestSuiteExecutor.accessTestCaseMainPhase(TestSuiteExecutor.java:129)
	at com.kms.katalon.core.main.TestSuiteExecutor.accessTestSuiteMainPhase(TestSuiteExecutor.java:112)
	at com.kms.katalon.core.main.TestSuiteExecutor.execute(TestSuiteExecutor.java:81)
	at com.kms.katalon.core.main.TestCaseMain.startTestSuite(TestCaseMain.java:149)
	at com.kms.katalon.core.main.TestCaseMain$startTestSuite$0.call(Unknown Source)
	at TempTestSuite1577797229431.run(TempTestSuite1577797229431.groovy:36)


2019-12-31 08:21:15 - [TEST_STEP][PASSED] - callTestCase(findTestCase("HIC/_include/get_hicScreenPath"), ["project":"HIC", "productLine":"STM", "carrierName":"Slaico"], CONTINUE_ON_FAILURE): Call Test Case 'Test Cases/HIC/_include/get_hicScreenPath' successfully

2019-12-31 08:21:15 - [TEST_CASE][PASSED] - Test Cases/HIC/_include/get_hicScreenPath: Test Cases/HIC/_include/get_hicScreenPath

2019-12-31 08:21:15 - [TEST_STEP][PASSED] - m = getExecutionProperties(): null

2019-12-31 08:21:15 - [TEST_STEP][PASSED] - deviceName = get("mobileEmulation").get("deviceName"): null

2019-12-31 08:21:15 - [TEST_STEP][PASSED] - println(deviceName): null

2019-12-31 08:21:15 - [TEST_STEP][PASSED] - now = new java.util.Date(): null

2019-12-31 08:21:15 - [TEST_STEP][PASSED] - mydate = now.format("yyyyMMdd_HHmmss"): null

2019-12-31 08:21:15 - [TEST_STEP][PASSED] - screenPath = "../Screenshots/": null

2019-12-31 08:21:15 - [TEST_STEP][PASSED] - screenPath = screenPath + deviceName + "/" + project + "/" + productLine + "/" + carrierName + "/" + mydate + "/": null

2019-12-31 08:21:15 - [TEST_STEP][PASSED] - println(screenPath): null

2019-12-31 08:21:15 - [MESSAGE][PASSED] - Call Test Case 'Test Cases/HIC/_include/get_hicScreenPath' successfully

2019-12-31 08:21:15 - [TEST_STEP][PASSED] - i = 0: null

2019-12-31 08:21:15 - [TEST_STEP][PASSED] - callTestCase(findTestCase("AHI/_include/openWebSite"), ["env":"https://qa.healthinsurance.com/"], CONTINUE_ON_FAILURE): Call Test Case 'Test Cases/AHI/_include/openWebSite' successfully

2019-12-31 08:21:15 - [TEST_CASE][PASSED] - Test Cases/AHI/_include/openWebSite: Test Cases/AHI/_include/openWebSite

2019-12-31 08:21:15 - [TEST_STEP][PASSED] - openBrowser(env): Browser is opened with url: 'https://qa.healthinsurance.com/'

2019-12-31 08:21:15 - [MESSAGE][WARNING] - A browser is already opened. Closing browser and opening a new one

2019-12-31 08:21:16 - [MESSAGE][INFO] - Starting 'Chrome' driver

2019-12-31 08:21:16 - [MESSAGE][INFO] - User set preference: ['mobileEmulation', '{deviceName=iPhone 6}']

2019-12-31 08:21:16 - [MESSAGE][INFO] - User set preference: ['args', '[--incognito, --aggressive-cache-discard, --window-size=375,677, --no-sandbox]']

2019-12-31 08:21:22 - [MESSAGE][PASSED] - Browser is opened with url: 'https://qa.healthinsurance.com/'

2019-12-31 08:21:22 - [TEST_STEP][PASSED] - waitForPageLoad(20): Wait for page load successfully

2019-12-31 08:21:22 - [MESSAGE][PASSED] - Wait for page load successfully

2019-12-31 08:21:22 - [TEST_STEP][PASSED] - callTestCase(findTestCase("AHI/_include/get_screenshot"), [:], STOP_ON_FAILURE): Call Test Case 'Test Cases/AHI/_include/get_screenshot' successfully

2019-12-31 08:21:22 - [TEST_CASE][PASSED] - Test Cases/AHI/_include/get_screenshot: Test Cases/AHI/_include/get_screenshot

2019-12-31 08:21:22 - [TEST_STEP][PASSED] - takeScreenshot(screenPath + i + ".png"): Taking screenshot successfully

2019-12-31 08:21:22 - [MESSAGE][PASSED] - Taking screenshot successfully
[[ATTACHMENT|D:\\Test\\AgileTest\\Reports\\HIC\\hic\\20191231_080029\\../Screenshots/iPhone 6/HIC/STM/Slaico/20191231_082115/0.png]]

2019-12-31 08:21:22 - [TEST_STEP][PASSED] - (internal.GlobalVariable.i++): null

2019-12-31 08:21:22 - [MESSAGE][PASSED] - Call Test Case 'Test Cases/AHI/_include/get_screenshot' successfully

2019-12-31 08:21:22 - [MESSAGE][PASSED] - Call Test Case 'Test Cases/AHI/_include/openWebSite' successfully

2019-12-31 08:21:22 - [TEST_STEP][PASSED] - click(findTestObject("hic/nav/navButton")): Object: 'Object Repository/hic/nav/navButton' is clicked on

2019-12-31 08:21:23 - [MESSAGE][PASSED] - Object: 'Object Repository/hic/nav/navButton' is clicked on

2019-12-31 08:21:23 - [TEST_STEP][PASSED] - Thread.sleep(2000): null

2019-12-31 08:21:25 - [TEST_STEP][PASSED] - click(findTestObject("hic/nav/stmLink")): Object: 'Object Repository/hic/nav/stmLink' is clicked on

2019-12-31 08:21:25 - [MESSAGE][PASSED] - Object: 'Object Repository/hic/nav/stmLink' is clicked on

2019-12-31 08:21:25 - [TEST_STEP][PASSED] - Thread.sleep(2000): null

2019-12-31 08:21:27 - [TEST_STEP][PASSED] - callTestCase(findTestCase("AHI/_include/get_screenshot"), [:], STOP_ON_FAILURE): Call Test Case 'Test Cases/AHI/_include/get_screenshot' successfully

2019-12-31 08:21:27 - [TEST_CASE][PASSED] - Test Cases/AHI/_include/get_screenshot: Test Cases/AHI/_include/get_screenshot

2019-12-31 08:21:28 - [TEST_STEP][PASSED] - takeScreenshot(screenPath + i + ".png"): Taking screenshot successfully

2019-12-31 08:21:28 - [MESSAGE][PASSED] - Taking screenshot successfully
[[ATTACHMENT|D:\\Test\\AgileTest\\Reports\\HIC\\hic\\20191231_080029\\../Screenshots/iPhone 6/HIC/STM/Slaico/20191231_082115/1.png]]

2019-12-31 08:21:28 - [TEST_STEP][PASSED] - (internal.GlobalVariable.i++): null

2019-12-31 08:21:28 - [MESSAGE][PASSED] - Call Test Case 'Test Cases/AHI/_include/get_screenshot' successfully

2019-12-31 08:21:28 - [TEST_STEP][PASSED] - callTestCase(findTestCase("HIC/_include/stm_census"), ["zipcode":"60602"], STOP_ON_FAILURE): Call Test Case 'Test Cases/HIC/_include/stm_census' successfully

2019-12-31 08:21:28 - [TEST_CASE][PASSED] - Test Cases/HIC/_include/stm_census: Test Cases/HIC/_include/stm_census

2019-12-31 08:21:28 - [TEST_STEP][PASSED] - setText(findTestObject("hic/stm/zip"), zipcode): Text '60602' is set on object 'Object Repository/hic/stm/zip'

2019-12-31 08:21:29 - [MESSAGE][PASSED] - Text '60602' is set on object 'Object Repository/hic/stm/zip'

2019-12-31 08:21:29 - [TEST_STEP][PASSED] - Thread.sleep(500): null

2019-12-31 08:21:29 - [TEST_STEP][PASSED] - setText(findTestObject("hic/stm/primaryDOB"), "03031987"): Text '03031987' is set on object 'Object Repository/hic/stm/primaryDOB'

2019-12-31 08:21:30 - [MESSAGE][PASSED] - Text '03031987' is set on object 'Object Repository/hic/stm/primaryDOB'

2019-12-31 08:21:30 - [TEST_STEP][PASSED] - click(findTestObject("hic/stm/female")): Object: 'Object Repository/hic/stm/female' is clicked on

2019-12-31 08:21:30 - [MESSAGE][PASSED] - Object: 'Object Repository/hic/stm/female' is clicked on

2019-12-31 08:21:30 - [TEST_STEP][PASSED] - Thread.sleep(3000): null

2019-12-31 08:21:33 - [TEST_STEP][PASSED] - click(findTestObject("hic/stm/submitButton")): Object: 'Object Repository/hic/stm/submitButton' is clicked on

2019-12-31 08:21:34 - [MESSAGE][PASSED] - Object: 'Object Repository/hic/stm/submitButton' is clicked on

2019-12-31 08:21:34 - [TEST_STEP][PASSED] - Thread.sleep(6000): null

2019-12-31 08:21:40 - [TEST_STEP][PASSED] - callTestCase(findTestCase("AHI/_include/check_quoteleadform"), [:], STOP_ON_FAILURE): Call Test Case 'Test Cases/AHI/_include/check_quoteleadform' successfully

2019-12-31 08:21:40 - [TEST_CASE][PASSED] - Test Cases/AHI/_include/check_quoteleadform: Test Cases/AHI/_include/check_quoteleadform

2019-12-31 08:21:40 - [TEST_STEP][PASSED] - callTestCase(findTestCase("AHI/_include/name"), [:], CONTINUE_ON_FAILURE): Call Test Case 'Test Cases/AHI/_include/name' successfully

2019-12-31 08:21:40 - [TEST_CASE][PASSED] - Test Cases/AHI/_include/name: Test Cases/AHI/_include/name

2019-12-31 08:21:40 - [TEST_STEP][PASSED] - driver = getWebDriver(): null

2019-12-31 08:21:40 - [TEST_STEP][PASSED] - selenium = new com.thoughtworks.selenium.webdriven.WebDriverBackedSelenium(driver, internal.GlobalVariable.ENV): null

2019-12-31 08:21:41 - [TEST_STEP][PASSED] - FirstName = "Test-123": null

2019-12-31 08:21:41 - [TEST_STEP][PASSED] - LastName = selenium.getEval("{var x="ABCDEFGHIJKLMNOPQRSTUVWXYZabcdefghijklmnopqrstuvwxyz"; var tmp="ZZ11-"; for (i=0;i<8;i++) tmp+=x.charAt(Math.ceil(51*Math.random()));tmp;}"): null

2019-12-31 08:21:41 - [TEST_STEP][PASSED] - Address = selenium.getEval("{var x="ABCDEFGHIJKLMNOPQRSTUVWXYZabcdefghijklmnopqrstuvwxyz"; var tmp=""; for (i=0;i<8;i++) tmp+=x.charAt(Math.ceil(51*Math.random()));tmp;}"): null

2019-12-31 08:21:41 - [TEST_STEP][PASSED] - City = selenium.getEval("{var x="ABCDEFGHIJKLMNOPQRSTUVWXYZabcdefghijklmnopqrstuvwxyz"; var tmp=""; for (i=0;i<8;i++) tmp+=x.charAt(Math.ceil(51*Math.random()));tmp;}"): null

2019-12-31 08:21:41 - [TEST_STEP][PASSED] - tel1 = selenium.getEval("{var x="123456789"; var tmp=""; for (i=0;i<3;i++) tmp+=x.charAt(Math.ceil(8*Math.random()));tmp;}"): null

2019-12-31 08:21:41 - [TEST_STEP][PASSED] - tel2 = selenium.getEval("{var x="123456789"; var tmp=""; for (i=0;i<3;i++) tmp+=x.charAt(Math.ceil(8*Math.random()));tmp;}"): null

2019-12-31 08:21:41 - [TEST_STEP][PASSED] - tel3 = selenium.getEval("{var x="123456789"; var tmp=""; for (i=0;i<4;i++) tmp+=x.charAt(Math.ceil(8*Math.random()));tmp;}"): null

2019-12-31 08:21:41 - [TEST_STEP][PASSED] - Tel = selenium.getExpression(tel1 + "-" + tel2 + "-" + tel3): null

2019-12-31 08:21:41 - [TEST_STEP][PASSED] - AutoEmail = selenium.getEval("{var x="ABCDEFGHIJKLMNOPQRSTUVWXYZabcdefghijklmnopqrstuvwxyz"; var tmp="test."; for (i=0;i<8;i++) tmp+=x.charAt(Math.ceil(51*Math.random()));tmp+="@suryani.cn";}"): null

2019-12-31 08:21:41 - [TEST_STEP][PASSED] - FirstName = FirstName: null

2019-12-31 08:21:41 - [TEST_STEP][PASSED] - LastName = LastName: null

2019-12-31 08:21:41 - [TEST_STEP][PASSED] - Address = Address: null

2019-12-31 08:21:41 - [TEST_STEP][PASSED] - City = City: null

2019-12-31 08:21:41 - [TEST_STEP][PASSED] - Tel = Tel: null

2019-12-31 08:21:41 - [TEST_STEP][PASSED] - AutoEmail = AutoEmail: null

2019-12-31 08:21:41 - [TEST_STEP][PASSED] - println(FirstName): null

2019-12-31 08:21:41 - [TEST_STEP][PASSED] - println(LastName): null

2019-12-31 08:21:41 - [TEST_STEP][PASSED] - println(Address): null

2019-12-31 08:21:41 - [TEST_STEP][PASSED] - println(City): null

2019-12-31 08:21:41 - [TEST_STEP][PASSED] - println(Tel): null

2019-12-31 08:21:41 - [TEST_STEP][PASSED] - println(AutoEmail): null

2019-12-31 08:21:41 - [MESSAGE][PASSED] - Call Test Case 'Test Cases/AHI/_include/name' successfully

2019-12-31 08:21:41 - [TEST_STEP][PASSED] - leadform_exist = test.MobileKeywords.isElementPresent_Web(findTestObject("mobileSanity/quote lead form/lead_form"), 20): test.MobileKeywords.isElementPresent_Web is PASSED

2019-12-31 08:21:42 - [MESSAGE][PASSED] - test.MobileKeywords.isElementPresent_Web is PASSED

2019-12-31 08:21:42 - [TEST_STEP][PASSED] - if (leadform_exist): null

2019-12-31 08:21:42 - [TEST_STEP][PASSED] - setText(findTestObject("mobileSanity/quote lead form/first"), FirstName): Text 'Test-123' is set on object 'Object Repository/mobileSanity/quote lead form/first'

2019-12-31 08:21:42 - [MESSAGE][PASSED] - Text 'Test-123' is set on object 'Object Repository/mobileSanity/quote lead form/first'

2019-12-31 08:21:42 - [TEST_STEP][PASSED] - setText(findTestObject("mobileSanity/quote lead form/last"), LastName): Text 'ZZ11-yFrrtPVa' is set on object 'Object Repository/mobileSanity/quote lead form/last'

2019-12-31 08:21:42 - [MESSAGE][PASSED] - Text 'ZZ11-yFrrtPVa' is set on object 'Object Repository/mobileSanity/quote lead form/last'

2019-12-31 08:21:42 - [TEST_STEP][PASSED] - setText(findTestObject("mobileSanity/quote lead form/email"), AutoEmail): Text 'test.NOkNXoQW@suryani.cn' is set on object 'Object Repository/mobileSanity/quote lead form/email'

2019-12-31 08:21:43 - [MESSAGE][PASSED] - Text 'test.NOkNXoQW@suryani.cn' is set on object 'Object Repository/mobileSanity/quote lead form/email'

2019-12-31 08:21:43 - [TEST_STEP][PASSED] - setText(findTestObject("mobileSanity/quote lead form/phone"), Tel): Text '554-934-6776' is set on object 'Object Repository/mobileSanity/quote lead form/phone'

2019-12-31 08:21:43 - [MESSAGE][PASSED] - Text '554-934-6776' is set on object 'Object Repository/mobileSanity/quote lead form/phone'

2019-12-31 08:21:43 - [TEST_STEP][PASSED] - click(findTestObject("mobileSanity/quote lead form/submit")): Object: 'Object Repository/mobileSanity/quote lead form/submit' is clicked on

2019-12-31 08:21:43 - [MESSAGE][PASSED] - Object: 'Object Repository/mobileSanity/quote lead form/submit' is clicked on

2019-12-31 08:21:43 - [TEST_STEP][PASSED] - Thread.sleep(3000): null

2019-12-31 08:21:46 - [MESSAGE][PASSED] - Call Test Case 'Test Cases/AHI/_include/check_quoteleadform' successfully

2019-12-31 08:21:46 - [TEST_STEP][PASSED] - callTestCase(findTestCase("AHI/_include/get_screenshot"), [:], STOP_ON_FAILURE): Call Test Case 'Test Cases/AHI/_include/get_screenshot' successfully

2019-12-31 08:21:46 - [TEST_CASE][PASSED] - Test Cases/AHI/_include/get_screenshot: Test Cases/AHI/_include/get_screenshot

2019-12-31 08:21:46 - [TEST_STEP][PASSED] - takeScreenshot(screenPath + i + ".png"): Taking screenshot successfully

2019-12-31 08:21:47 - [MESSAGE][PASSED] - Taking screenshot successfully
[[ATTACHMENT|D:\\Test\\AgileTest\\Reports\\HIC\\hic\\20191231_080029\\../Screenshots/iPhone 6/HIC/STM/Slaico/20191231_082115/2.png]]

2019-12-31 08:21:47 - [TEST_STEP][PASSED] - (internal.GlobalVariable.i++): null

2019-12-31 08:21:47 - [MESSAGE][PASSED] - Call Test Case 'Test Cases/AHI/_include/get_screenshot' successfully

2019-12-31 08:21:47 - [TEST_STEP][PASSED] - Thread.sleep(1000): null

2019-12-31 08:21:48 - [MESSAGE][PASSED] - Call Test Case 'Test Cases/HIC/_include/stm_census' successfully

2019-12-31 08:21:48 - [TEST_STEP][PASSED] - callTestCase(findTestCase("AHI/_include/filter_stm"), ["carrier":"slaico"], STOP_ON_FAILURE): Call Test Case 'Test Cases/AHI/_include/filter_stm' successfully

2019-12-31 08:21:48 - [TEST_CASE][PASSED] - Test Cases/AHI/_include/filter_stm: Test Cases/AHI/_include/filter_stm

2019-12-31 08:21:48 - [TEST_STEP][PASSED] - driver = getWebDriver(): null

2019-12-31 08:21:48 - [TEST_STEP][PASSED] - selenium = new com.thoughtworks.selenium.webdriven.WebDriverBackedSelenium(driver, internal.GlobalVariable.ENV): null

2019-12-31 08:21:48 - [TEST_STEP][PASSED] - Thread.sleep(1000): null

2019-12-31 08:21:49 - [TEST_STEP][PASSED] - click(findTestObject("mobileSanity/STM/STM Quote Page/button_filters")): Object: 'Object Repository/mobileSanity/STM/STM Quote Page/button_filters' is clicked on

2019-12-31 08:21:49 - [MESSAGE][PASSED] - Object: 'Object Repository/mobileSanity/STM/STM Quote Page/button_filters' is clicked on

2019-12-31 08:21:49 - [TEST_STEP][PASSED] - Thread.sleep(1000): null

2019-12-31 08:21:50 - [TEST_STEP][PASSED] - click(findTestObject("mobileSanity/STM/STM Quote Page/i_Insurance company")): Object: 'Object Repository/mobileSanity/STM/STM Quote Page/i_Insurance company' is clicked on

2019-12-31 08:21:50 - [MESSAGE][PASSED] - Object: 'Object Repository/mobileSanity/STM/STM Quote Page/i_Insurance company' is clicked on

2019-12-31 08:21:50 - [TEST_STEP][PASSED] - Thread.sleep(1000): null

2019-12-31 08:21:51 - [TEST_STEP][PASSED] - filter_carrier = "//input[@name='filter[carrier]' and @value='" + carrier + "']/following::label": null

2019-12-31 08:21:51 - [TEST_STEP][PASSED] - println(filter_carrier): null

2019-12-31 08:21:51 - [TEST_STEP][PASSED] - test.MobileKeywords.clickJS_ByXpath(filter_carrier): test.MobileKeywords.clickJS_ByXpath is PASSED

2019-12-31 08:21:51 - [MESSAGE][PASSED] - Execute JavaScript 'arguments[0].click()' successfully

2019-12-31 08:21:51 - [MESSAGE][PASSED] - test.MobileKeywords.clickJS_ByXpath is PASSED

2019-12-31 08:21:51 - [TEST_STEP][PASSED] - click(findTestObject("mobileSanity/STM/STM Quote Page/js-close c-link-button")): Object: 'Object Repository/mobileSanity/STM/STM Quote Page/js-close c-link-button' is clicked on

2019-12-31 08:21:52 - [MESSAGE][PASSED] - Object: 'Object Repository/mobileSanity/STM/STM Quote Page/js-close c-link-button' is clicked on

2019-12-31 08:21:52 - [TEST_STEP][PASSED] - Thread.sleep(2000): null

2019-12-31 08:21:54 - [TEST_STEP][PASSED] - callTestCase(findTestCase("AHI/_include/get_screenshot"), [:], STOP_ON_FAILURE): Call Test Case 'Test Cases/AHI/_include/get_screenshot' successfully

2019-12-31 08:21:54 - [TEST_CASE][PASSED] - Test Cases/AHI/_include/get_screenshot: Test Cases/AHI/_include/get_screenshot

2019-12-31 08:21:54 - [TEST_STEP][PASSED] - takeScreenshot(screenPath + i + ".png"): Taking screenshot successfully

2019-12-31 08:21:54 - [MESSAGE][PASSED] - Taking screenshot successfully
[[ATTACHMENT|D:\\Test\\AgileTest\\Reports\\HIC\\hic\\20191231_080029\\../Screenshots/iPhone 6/HIC/STM/Slaico/20191231_082115/3.png]]

2019-12-31 08:21:54 - [TEST_STEP][PASSED] - (internal.GlobalVariable.i++): null

2019-12-31 08:21:54 - [MESSAGE][PASSED] - Call Test Case 'Test Cases/AHI/_include/get_screenshot' successfully

2019-12-31 08:21:54 - [MESSAGE][PASSED] - Call Test Case 'Test Cases/AHI/_include/filter_stm' successfully

2019-12-31 08:21:54 - [TEST_STEP][PASSED] - callTestCase(findTestCase("AHI/_include/goToDetail_stm"), ["carrier":"slaico"], STOP_ON_FAILURE): Call Test Case 'Test Cases/AHI/_include/goToDetail_stm' successfully

2019-12-31 08:21:54 - [TEST_CASE][PASSED] - Test Cases/AHI/_include/goToDetail_stm: Test Cases/AHI/_include/goToDetail_stm

2019-12-31 08:21:54 - [TEST_STEP][PASSED] - driver = getWebDriver(): null

2019-12-31 08:21:54 - [TEST_STEP][PASSED] - selenium = new com.thoughtworks.selenium.webdriven.WebDriverBackedSelenium(driver, internal.GlobalVariable.ENV): null

2019-12-31 08:21:54 - [TEST_STEP][PASSED] - a_plan_name = "xpath=//a[contains(@href,'/term-health-insurance/plan/" + carrier + "')]": null

2019-12-31 08:21:54 - [TEST_STEP][PASSED] - println(a_plan_name): null

2019-12-31 08:21:54 - [TEST_STEP][PASSED] - selenium.click(a_plan_name): null

2019-12-31 08:21:57 - [TEST_STEP][PASSED] - waitForPageLoad(20): Wait for page load successfully

2019-12-31 08:21:57 - [MESSAGE][PASSED] - Wait for page load successfully

2019-12-31 08:21:57 - [TEST_STEP][PASSED] - Thread.sleep(2000): null

2019-12-31 08:21:59 - [TEST_STEP][PASSED] - callTestCase(findTestCase("AHI/_include/get_screenshot"), [:], STOP_ON_FAILURE): Call Test Case 'Test Cases/AHI/_include/get_screenshot' successfully

2019-12-31 08:21:59 - [TEST_CASE][PASSED] - Test Cases/AHI/_include/get_screenshot: Test Cases/AHI/_include/get_screenshot

2019-12-31 08:21:59 - [TEST_STEP][PASSED] - takeScreenshot(screenPath + i + ".png"): Taking screenshot successfully

2019-12-31 08:21:59 - [MESSAGE][PASSED] - Taking screenshot successfully
[[ATTACHMENT|D:\\Test\\AgileTest\\Reports\\HIC\\hic\\20191231_080029\\../Screenshots/iPhone 6/HIC/STM/Slaico/20191231_082115/4.png]]

2019-12-31 08:21:59 - [TEST_STEP][PASSED] - (internal.GlobalVariable.i++): null

2019-12-31 08:21:59 - [MESSAGE][PASSED] - Call Test Case 'Test Cases/AHI/_include/get_screenshot' successfully

2019-12-31 08:21:59 - [MESSAGE][PASSED] - Call Test Case 'Test Cases/AHI/_include/goToDetail_stm' successfully

2019-12-31 08:21:59 - [TEST_STEP][PASSED] - callTestCase(findTestCase("AHI/_include/apply_stm"), [:], STOP_ON_FAILURE): Call Test Case 'Test Cases/AHI/_include/apply_stm' successfully

2019-12-31 08:21:59 - [TEST_CASE][PASSED] - Test Cases/AHI/_include/apply_stm: Test Cases/AHI/_include/apply_stm

2019-12-31 08:21:59 - [TEST_STEP][PASSED] - waitForElementVisible(findTestObject("mobileSanity/STM/STM PlanDetail Page/a_Apply for This Plan"), 5): Object 'Object Repository/mobileSanity/STM/STM PlanDetail Page/a_Apply for This Plan' is visible

2019-12-31 08:21:59 - [MESSAGE][PASSED] - Object 'Object Repository/mobileSanity/STM/STM PlanDetail Page/a_Apply for This Plan' is visible

2019-12-31 08:21:59 - [TEST_STEP][PASSED] - click(findTestObject("mobileSanity/STM/STM PlanDetail Page/a_Apply for This Plan")): Object: 'Object Repository/mobileSanity/STM/STM PlanDetail Page/a_Apply for This Plan' is clicked on

2019-12-31 08:22:00 - [MESSAGE][PASSED] - Object: 'Object Repository/mobileSanity/STM/STM PlanDetail Page/a_Apply for This Plan' is clicked on

2019-12-31 08:22:00 - [TEST_STEP][PASSED] - waitForPageLoad(10): Wait for page load successfully

2019-12-31 08:22:01 - [MESSAGE][PASSED] - Wait for page load successfully

2019-12-31 08:22:01 - [TEST_STEP][PASSED] - Thread.sleep(2000): null

2019-12-31 08:22:03 - [TEST_STEP][PASSED] - callTestCase(findTestCase("AHI/_include/get_screenshot"), [:], STOP_ON_FAILURE): Call Test Case 'Test Cases/AHI/_include/get_screenshot' successfully

2019-12-31 08:22:03 - [TEST_CASE][PASSED] - Test Cases/AHI/_include/get_screenshot: Test Cases/AHI/_include/get_screenshot

2019-12-31 08:22:03 - [TEST_STEP][PASSED] - takeScreenshot(screenPath + i + ".png"): Taking screenshot successfully

2019-12-31 08:22:03 - [MESSAGE][PASSED] - Taking screenshot successfully
[[ATTACHMENT|D:\\Test\\AgileTest\\Reports\\HIC\\hic\\20191231_080029\\../Screenshots/iPhone 6/HIC/STM/Slaico/20191231_082115/5.png]]

2019-12-31 08:22:03 - [TEST_STEP][PASSED] - (internal.GlobalVariable.i++): null

2019-12-31 08:22:03 - [MESSAGE][PASSED] - Call Test Case 'Test Cases/AHI/_include/get_screenshot' successfully

2019-12-31 08:22:03 - [TEST_STEP][PASSED] - waitForElementVisible(findTestObject("mobileSanity/STM/STM Apply Page/a_Start Secure Application"), 5): Object 'Object Repository/mobileSanity/STM/STM Apply Page/a_Start Secure Application' is visible

2019-12-31 08:22:03 - [MESSAGE][PASSED] - Object 'Object Repository/mobileSanity/STM/STM Apply Page/a_Start Secure Application' is visible

2019-12-31 08:22:03 - [TEST_STEP][PASSED] - click(findTestObject("mobileSanity/STM/STM Apply Page/a_Start Secure Application")): Object: 'Object Repository/mobileSanity/STM/STM Apply Page/a_Start Secure Application' is clicked on

2019-12-31 08:22:03 - [MESSAGE][PASSED] - Object: 'Object Repository/mobileSanity/STM/STM Apply Page/a_Start Secure Application' is clicked on

2019-12-31 08:22:03 - [TEST_STEP][PASSED] - waitForPageLoad(20): Wait for page load successfully

2019-12-31 08:22:05 - [MESSAGE][PASSED] - Wait for page load successfully

2019-12-31 08:22:05 - [TEST_STEP][PASSED] - Thread.sleep(2000): null

2019-12-31 08:22:07 - [TEST_STEP][PASSED] - callTestCase(findTestCase("AHI/_include/get_screenshot"), [:], STOP_ON_FAILURE): Call Test Case 'Test Cases/AHI/_include/get_screenshot' successfully

2019-12-31 08:22:07 - [TEST_CASE][PASSED] - Test Cases/AHI/_include/get_screenshot: Test Cases/AHI/_include/get_screenshot

2019-12-31 08:22:07 - [TEST_STEP][PASSED] - takeScreenshot(screenPath + i + ".png"): Taking screenshot successfully

2019-12-31 08:22:08 - [MESSAGE][PASSED] - Taking screenshot successfully
[[ATTACHMENT|D:\\Test\\AgileTest\\Reports\\HIC\\hic\\20191231_080029\\../Screenshots/iPhone 6/HIC/STM/Slaico/20191231_082115/6.png]]

2019-12-31 08:22:08 - [TEST_STEP][PASSED] - (internal.GlobalVariable.i++): null

2019-12-31 08:22:08 - [MESSAGE][PASSED] - Call Test Case 'Test Cases/AHI/_include/get_screenshot' successfully

2019-12-31 08:22:08 - [MESSAGE][PASSED] - Call Test Case 'Test Cases/AHI/_include/apply_stm' successfully

2019-12-31 08:22:08 - [TEST_STEP][FAILED] - callTestCase(findTestCase("AHI/_include/goToEnd_stm_autofill"), [:], STOP_ON_FAILURE): callTestCase(findTestCase("AHI/_include/goToEnd_stm_autofill"), [:], STOP_ON_FAILURE) FAILED.
Reason:
com.kms.katalon.core.exception.StepFailedException: Unable to clear text of object 'Object Repository/mobileSanity/STM/Page_App Page 3/input__credit-card-cvv' (Root cause: com.kms.katalon.core.webui.exception.WebElementNotFoundException: Web element with id: 'Object Repository/mobileSanity/STM/Page_App Page 3/input__credit-card-cvv' located by 'By.xpath: //*[@id = 'credit-card-cvv']' not found)
	at com.kms.katalon.core.keyword.internal.KeywordMain.stepFailed(KeywordMain.groovy:36)
	at com.kms.katalon.core.webui.keyword.internal.WebUIKeywordMain.stepFailed(WebUIKeywordMain.groovy:65)
	at com.kms.katalon.core.webui.keyword.internal.WebUIKeywordMain.runKeyword(WebUIKeywordMain.groovy:43)
	at com.kms.katalon.core.webui.keyword.builtin.ClearTextKeyword.clearText(ClearTextKeyword.groovy:61)
	at com.kms.katalon.core.webui.keyword.builtin.ClearTextKeyword.execute(ClearTextKeyword.groovy:34)
	at com.kms.katalon.core.keyword.internal.KeywordExecutor.executeKeywordForPlatform(KeywordExecutor.groovy:53)
	at com.kms.katalon.core.webui.keyword.WebUiBuiltInKeywords.clearText(WebUiBuiltInKeywords.groovy:3817)
	at com.kms.katalon.core.webui.keyword.WebUiBuiltInKeywords$clearText$13.call(Unknown Source)
	at goToEnd_stm_autofill.run(goToEnd_stm_autofill:71)
	at com.kms.katalon.core.main.ScriptEngine.run(ScriptEngine.java:194)
	at com.kms.katalon.core.main.ScriptEngine.runScriptAsRawText(ScriptEngine.java:119)
	at com.kms.katalon.core.main.TestCaseExecutor.runScript(TestCaseExecutor.java:328)
	at com.kms.katalon.core.main.TestCaseExecutor.doExecute(TestCaseExecutor.java:319)
	at com.kms.katalon.core.main.TestCaseExecutor.processExecutionPhase(TestCaseExecutor.java:298)
	at com.kms.katalon.core.main.TestCaseExecutor.accessMainPhase(TestCaseExecutor.java:290)
	at com.kms.katalon.core.main.TestCaseExecutor.execute(TestCaseExecutor.java:224)
	at com.kms.katalon.core.main.TestCaseMain.runTestCase(TestCaseMain.java:106)
	at com.kms.katalon.core.keyword.builtin.CallTestCaseKeyword$_callTestCase_closure1.doCall(CallTestCaseKeyword.groovy:59)
	at com.kms.katalon.core.keyword.builtin.CallTestCaseKeyword$_callTestCase_closure1.call(CallTestCaseKeyword.groovy)
	at com.kms.katalon.core.keyword.internal.KeywordMain.runKeyword(KeywordMain.groovy:54)
	at com.kms.katalon.core.keyword.builtin.CallTestCaseKeyword.callTestCase(CallTestCaseKeyword.groovy:80)
	at com.kms.katalon.core.keyword.builtin.CallTestCaseKeyword.execute(CallTestCaseKeyword.groovy:44)
	at com.kms.katalon.core.keyword.internal.KeywordExecutor.executeKeywordForPlatform(KeywordExecutor.groovy:53)
	at com.kms.katalon.core.keyword.BuiltinKeywords.callTestCase(BuiltinKeywords.groovy:334)
	at Slaico.run(Slaico:41)
	at com.kms.katalon.core.main.ScriptEngine.run(ScriptEngine.java:194)
	at com.kms.katalon.core.main.ScriptEngine.runScriptAsRawText(ScriptEngine.java:119)
	at com.kms.katalon.core.main.TestCaseExecutor.runScript(TestCaseExecutor.java:328)
	at com.kms.katalon.core.main.TestCaseExecutor.doExecute(TestCaseExecutor.java:319)
	at com.kms.katalon.core.main.TestCaseExecutor.processExecutionPhase(TestCaseExecutor.java:298)
	at com.kms.katalon.core.main.TestCaseExecutor.accessMainPhase(TestCaseExecutor.java:290)
	at com.kms.katalon.core.main.TestCaseExecutor.execute(TestCaseExecutor.java:224)
	at com.kms.katalon.core.main.TestSuiteExecutor.accessTestCaseMainPhase(TestSuiteExecutor.java:129)
	at com.kms.katalon.core.main.TestSuiteExecutor.accessTestSuiteMainPhase(TestSuiteExecutor.java:112)
	at com.kms.katalon.core.main.TestSuiteExecutor.execute(TestSuiteExecutor.java:81)
	at com.kms.katalon.core.main.TestCaseMain.startTestSuite(TestCaseMain.java:149)
	at com.kms.katalon.core.main.TestCaseMain$startTestSuite$0.call(Unknown Source)
	at TempTestSuite1577797229431.run(TempTestSuite1577797229431.groovy:36)


2019-12-31 08:22:08 - [TEST_CASE][FAILED] - Test Cases/AHI/_include/goToEnd_stm_autofill: Test Cases/AHI/_include/goToEnd_stm_autofill FAILED.
Reason:
com.kms.katalon.core.exception.StepFailedException: Unable to clear text of object 'Object Repository/mobileSanity/STM/Page_App Page 3/input__credit-card-cvv' (Root cause: com.kms.katalon.core.webui.exception.WebElementNotFoundException: Web element with id: 'Object Repository/mobileSanity/STM/Page_App Page 3/input__credit-card-cvv' located by 'By.xpath: //*[@id = 'credit-card-cvv']' not found)
	at com.kms.katalon.core.keyword.internal.KeywordMain.stepFailed(KeywordMain.groovy:36)
	at com.kms.katalon.core.webui.keyword.internal.WebUIKeywordMain.stepFailed(WebUIKeywordMain.groovy:65)
	at com.kms.katalon.core.webui.keyword.internal.WebUIKeywordMain.runKeyword(WebUIKeywordMain.groovy:43)
	at com.kms.katalon.core.webui.keyword.builtin.ClearTextKeyword.clearText(ClearTextKeyword.groovy:61)
	at com.kms.katalon.core.webui.keyword.builtin.ClearTextKeyword.execute(ClearTextKeyword.groovy:34)
	at com.kms.katalon.core.keyword.internal.KeywordExecutor.executeKeywordForPlatform(KeywordExecutor.groovy:53)
	at com.kms.katalon.core.webui.keyword.WebUiBuiltInKeywords.clearText(WebUiBuiltInKeywords.groovy:3817)
	at com.kms.katalon.core.webui.keyword.WebUiBuiltInKeywords$clearText$13.call(Unknown Source)
	at goToEnd_stm_autofill.run(goToEnd_stm_autofill:71)
	at com.kms.katalon.core.main.ScriptEngine.run(ScriptEngine.java:194)
	at com.kms.katalon.core.main.ScriptEngine.runScriptAsRawText(ScriptEngine.java:119)
	at com.kms.katalon.core.main.TestCaseExecutor.runScript(TestCaseExecutor.java:328)
	at com.kms.katalon.core.main.TestCaseExecutor.doExecute(TestCaseExecutor.java:319)
	at com.kms.katalon.core.main.TestCaseExecutor.processExecutionPhase(TestCaseExecutor.java:298)
	at com.kms.katalon.core.main.TestCaseExecutor.accessMainPhase(TestCaseExecutor.java:290)
	at com.kms.katalon.core.main.TestCaseExecutor.execute(TestCaseExecutor.java:224)
	at com.kms.katalon.core.main.TestCaseMain.runTestCase(TestCaseMain.java:106)
	at com.kms.katalon.core.keyword.builtin.CallTestCaseKeyword$_callTestCase_closure1.doCall(CallTestCaseKeyword.groovy:59)
	at com.kms.katalon.core.keyword.builtin.CallTestCaseKeyword$_callTestCase_closure1.call(CallTestCaseKeyword.groovy)
	at com.kms.katalon.core.keyword.internal.KeywordMain.runKeyword(KeywordMain.groovy:54)
	at com.kms.katalon.core.keyword.builtin.CallTestCaseKeyword.callTestCase(CallTestCaseKeyword.groovy:80)
	at com.kms.katalon.core.keyword.builtin.CallTestCaseKeyword.execute(CallTestCaseKeyword.groovy:44)
	at com.kms.katalon.core.keyword.internal.KeywordExecutor.executeKeywordForPlatform(KeywordExecutor.groovy:53)
	at com.kms.katalon.core.keyword.BuiltinKeywords.callTestCase(BuiltinKeywords.groovy:334)
	at Slaico.run(Slaico:41)
	at com.kms.katalon.core.main.ScriptEngine.run(ScriptEngine.java:194)
	at com.kms.katalon.core.main.ScriptEngine.runScriptAsRawText(ScriptEngine.java:119)
	at com.kms.katalon.core.main.TestCaseExecutor.runScript(TestCaseExecutor.java:328)
	at com.kms.katalon.core.main.TestCaseExecutor.doExecute(TestCaseExecutor.java:319)
	at com.kms.katalon.core.main.TestCaseExecutor.processExecutionPhase(TestCaseExecutor.java:298)
	at com.kms.katalon.core.main.TestCaseExecutor.accessMainPhase(TestCaseExecutor.java:290)
	at com.kms.katalon.core.main.TestCaseExecutor.execute(TestCaseExecutor.java:224)
	at com.kms.katalon.core.main.TestSuiteExecutor.accessTestCaseMainPhase(TestSuiteExecutor.java:129)
	at com.kms.katalon.core.main.TestSuiteExecutor.accessTestSuiteMainPhase(TestSuiteExecutor.java:112)
	at com.kms.katalon.core.main.TestSuiteExecutor.execute(TestSuiteExecutor.java:81)
	at com.kms.katalon.core.main.TestCaseMain.startTestSuite(TestCaseMain.java:149)
	at com.kms.katalon.core.main.TestCaseMain$startTestSuite$0.call(Unknown Source)
	at TempTestSuite1577797229431.run(TempTestSuite1577797229431.groovy:36)


2019-12-31 08:22:08 - [TEST_STEP][PASSED] - callTestCase(findTestCase("AHI/_include/name"), [:], CONTINUE_ON_FAILURE): Call Test Case 'Test Cases/AHI/_include/name' successfully

2019-12-31 08:22:08 - [TEST_CASE][PASSED] - Test Cases/AHI/_include/name: Test Cases/AHI/_include/name

2019-12-31 08:22:08 - [TEST_STEP][PASSED] - driver = getWebDriver(): null

2019-12-31 08:22:08 - [TEST_STEP][PASSED] - selenium = new com.thoughtworks.selenium.webdriven.WebDriverBackedSelenium(driver, internal.GlobalVariable.ENV): null

2019-12-31 08:22:08 - [TEST_STEP][PASSED] - FirstName = "Test-123": null

2019-12-31 08:22:08 - [TEST_STEP][PASSED] - LastName = selenium.getEval("{var x="ABCDEFGHIJKLMNOPQRSTUVWXYZabcdefghijklmnopqrstuvwxyz"; var tmp="ZZ11-"; for (i=0;i<8;i++) tmp+=x.charAt(Math.ceil(51*Math.random()));tmp;}"): null

2019-12-31 08:22:08 - [TEST_STEP][PASSED] - Address = selenium.getEval("{var x="ABCDEFGHIJKLMNOPQRSTUVWXYZabcdefghijklmnopqrstuvwxyz"; var tmp=""; for (i=0;i<8;i++) tmp+=x.charAt(Math.ceil(51*Math.random()));tmp;}"): null

2019-12-31 08:22:08 - [TEST_STEP][PASSED] - City = selenium.getEval("{var x="ABCDEFGHIJKLMNOPQRSTUVWXYZabcdefghijklmnopqrstuvwxyz"; var tmp=""; for (i=0;i<8;i++) tmp+=x.charAt(Math.ceil(51*Math.random()));tmp;}"): null

2019-12-31 08:22:08 - [TEST_STEP][PASSED] - tel1 = selenium.getEval("{var x="123456789"; var tmp=""; for (i=0;i<3;i++) tmp+=x.charAt(Math.ceil(8*Math.random()));tmp;}"): null

2019-12-31 08:22:08 - [TEST_STEP][PASSED] - tel2 = selenium.getEval("{var x="123456789"; var tmp=""; for (i=0;i<3;i++) tmp+=x.charAt(Math.ceil(8*Math.random()));tmp;}"): null

2019-12-31 08:22:08 - [TEST_STEP][PASSED] - tel3 = selenium.getEval("{var x="123456789"; var tmp=""; for (i=0;i<4;i++) tmp+=x.charAt(Math.ceil(8*Math.random()));tmp;}"): null

2019-12-31 08:22:08 - [TEST_STEP][PASSED] - Tel = selenium.getExpression(tel1 + "-" + tel2 + "-" + tel3): null

2019-12-31 08:22:08 - [TEST_STEP][PASSED] - AutoEmail = selenium.getEval("{var x="ABCDEFGHIJKLMNOPQRSTUVWXYZabcdefghijklmnopqrstuvwxyz"; var tmp="test."; for (i=0;i<8;i++) tmp+=x.charAt(Math.ceil(51*Math.random()));tmp+="@suryani.cn";}"): null

2019-12-31 08:22:08 - [TEST_STEP][PASSED] - FirstName = FirstName: null

2019-12-31 08:22:08 - [TEST_STEP][PASSED] - LastName = LastName: null

2019-12-31 08:22:08 - [TEST_STEP][PASSED] - Address = Address: null

2019-12-31 08:22:08 - [TEST_STEP][PASSED] - City = City: null

2019-12-31 08:22:08 - [TEST_STEP][PASSED] - Tel = Tel: null

2019-12-31 08:22:08 - [TEST_STEP][PASSED] - AutoEmail = AutoEmail: null

2019-12-31 08:22:08 - [TEST_STEP][PASSED] - println(FirstName): null

2019-12-31 08:22:08 - [TEST_STEP][PASSED] - println(LastName): null

2019-12-31 08:22:08 - [TEST_STEP][PASSED] - println(Address): null

2019-12-31 08:22:08 - [TEST_STEP][PASSED] - println(City): null

2019-12-31 08:22:08 - [TEST_STEP][PASSED] - println(Tel): null

2019-12-31 08:22:08 - [TEST_STEP][PASSED] - println(AutoEmail): null

2019-12-31 08:22:08 - [MESSAGE][PASSED] - Call Test Case 'Test Cases/AHI/_include/name' successfully

2019-12-31 08:22:08 - [TEST_STEP][FAILED] - try: Unable to verify text 'Month Duration Acknowledgement' is present  (Root cause: com.kms.katalon.core.exception.StepFailedException: Text 'Month Duration Acknowledgement' is not present on page )

2019-12-31 08:22:08 - [TEST_STEP][FAILED] - if (verifyTextPresent("Month Duration Acknowledgement", false)): Unable to verify text 'Month Duration Acknowledgement' is present  (Root cause: com.kms.katalon.core.exception.StepFailedException: Text 'Month Duration Acknowledgement' is not present on page )

2019-12-31 08:22:08 - [MESSAGE][FAILED] - Text 'Month Duration Acknowledgement' is not present on page 

2019-12-31 08:22:08 - [MESSAGE][FAILED] - Unable to verify text 'Month Duration Acknowledgement' is present  (Root cause: com.kms.katalon.core.exception.StepFailedException: Text 'Month Duration Acknowledgement' is not present on page )
[[ATTACHMENT|D:\\Test\\AgileTest\\Reports\\HIC\\hic\\20191231_080029\\1577798528479.png]]

2019-12-31 08:22:08 - [TEST_STEP][PASSED] - catch (Exception e): null

2019-12-31 08:22:08 - [TEST_STEP][PASSED] - println("no consecutive"): null

2019-12-31 08:22:08 - [TEST_STEP][PASSED] - waitForPageLoad(10): Wait for page load successfully

2019-12-31 08:22:08 - [MESSAGE][PASSED] - Wait for page load successfully

2019-12-31 08:22:08 - [TEST_STEP][PASSED] - Thread.sleep(3000): null

2019-12-31 08:22:11 - [TEST_STEP][PASSED] - waitForElementVisible(findTestObject("mobileSanity/STM/Page_App Page 1/a_Autofill App Info"), 20): Object 'Object Repository/mobileSanity/STM/Page_App Page 1/a_Autofill App Info' is visible

2019-12-31 08:22:11 - [MESSAGE][PASSED] - Object 'Object Repository/mobileSanity/STM/Page_App Page 1/a_Autofill App Info' is visible

2019-12-31 08:22:11 - [TEST_STEP][PASSED] - click(findTestObject("mobileSanity/STM/Page_App Page 1/a_Autofill App Info")): Object: 'Object Repository/mobileSanity/STM/Page_App Page 1/a_Autofill App Info' is clicked on

2019-12-31 08:22:12 - [MESSAGE][PASSED] - Object: 'Object Repository/mobileSanity/STM/Page_App Page 1/a_Autofill App Info' is clicked on

2019-12-31 08:22:12 - [TEST_STEP][PASSED] - Thread.sleep(1000): null

2019-12-31 08:22:13 - [TEST_STEP][PASSED] - click(findTestObject("mobileSanity/STM/Page_App Page 1/a_Autofill App Info")): Object: 'Object Repository/mobileSanity/STM/Page_App Page 1/a_Autofill App Info' is clicked on

2019-12-31 08:22:13 - [MESSAGE][PASSED] - Object: 'Object Repository/mobileSanity/STM/Page_App Page 1/a_Autofill App Info' is clicked on

2019-12-31 08:22:13 - [TEST_STEP][PASSED] - Thread.sleep(1000): null

2019-12-31 08:22:14 - [TEST_STEP][PASSED] - waitForElementVisible(findTestObject("mobileSanity/STM/Page_App Page 1/a_Continue"), 20): Object 'Object Repository/mobileSanity/STM/Page_App Page 1/a_Continue' is visible

2019-12-31 08:22:14 - [MESSAGE][PASSED] - Object 'Object Repository/mobileSanity/STM/Page_App Page 1/a_Continue' is visible

2019-12-31 08:22:14 - [TEST_STEP][PASSED] - click(findTestObject("mobileSanity/STM/Page_App Page 1/a_Continue")): Object: 'Object Repository/mobileSanity/STM/Page_App Page 1/a_Continue' is clicked on

2019-12-31 08:22:14 - [MESSAGE][PASSED] - Object: 'Object Repository/mobileSanity/STM/Page_App Page 1/a_Continue' is clicked on

2019-12-31 08:22:14 - [TEST_STEP][PASSED] - waitForPageLoad(20): Wait for page load successfully

2019-12-31 08:22:14 - [MESSAGE][PASSED] - Wait for page load successfully

2019-12-31 08:22:14 - [TEST_STEP][PASSED] - Thread.sleep(5000): null

2019-12-31 08:22:19 - [TEST_STEP][PASSED] - callTestCase(findTestCase("AHI/_include/get_screenshot"), [:], STOP_ON_FAILURE): Call Test Case 'Test Cases/AHI/_include/get_screenshot' successfully

2019-12-31 08:22:19 - [TEST_CASE][PASSED] - Test Cases/AHI/_include/get_screenshot: Test Cases/AHI/_include/get_screenshot

2019-12-31 08:22:19 - [TEST_STEP][PASSED] - takeScreenshot(screenPath + i + ".png"): Taking screenshot successfully

2019-12-31 08:22:19 - [MESSAGE][PASSED] - Taking screenshot successfully
[[ATTACHMENT|D:\\Test\\AgileTest\\Reports\\HIC\\hic\\20191231_080029\\../Screenshots/iPhone 6/HIC/STM/Slaico/20191231_082115/7.png]]

2019-12-31 08:22:19 - [TEST_STEP][PASSED] - (internal.GlobalVariable.i++): null

2019-12-31 08:22:19 - [MESSAGE][PASSED] - Call Test Case 'Test Cases/AHI/_include/get_screenshot' successfully

2019-12-31 08:22:19 - [TEST_STEP][PASSED] - click(findTestObject("mobileSanity/STM/Page_App Page 2/a_Continue to Step 3 - Payment")): Object: 'Object Repository/mobileSanity/STM/Page_App Page 2/a_Continue to Step 3 - Payment' is clicked on

2019-12-31 08:22:20 - [MESSAGE][PASSED] - Object: 'Object Repository/mobileSanity/STM/Page_App Page 2/a_Continue to Step 3 - Payment' is clicked on

2019-12-31 08:22:20 - [TEST_STEP][PASSED] - waitForPageLoad(20): Wait for page load successfully

2019-12-31 08:22:20 - [MESSAGE][PASSED] - Wait for page load successfully

2019-12-31 08:22:20 - [TEST_STEP][PASSED] - waitForElementVisible(findTestObject("mobileSanity/STM/Page_App Page 3/input__credit-card-cvv"), 20): Web element with id: 'Object Repository/mobileSanity/STM/Page_App Page 3/input__credit-card-cvv' located by 'By.xpath: //*[@id = 'credit-card-cvv']' not found

2019-12-31 08:22:43 - [MESSAGE][INFO] - Unable to find the element located by 'By.xpath: //*[@id = 'credit-card-cvv']'. Please recheck the objects properties to make sure the desired element is located. 

2019-12-31 08:22:43 - [MESSAGE][WARNING] - Web element with id: 'Object Repository/mobileSanity/STM/Page_App Page 3/input__credit-card-cvv' located by 'By.xpath: //*[@id = 'credit-card-cvv']' not found

2019-12-31 08:22:43 - [TEST_STEP][PASSED] - Thread.sleep(2000): null

2019-12-31 08:22:45 - [TEST_STEP][PASSED] - callTestCase(findTestCase("AHI/_include/get_screenshot"), [:], STOP_ON_FAILURE): Call Test Case 'Test Cases/AHI/_include/get_screenshot' successfully

2019-12-31 08:22:45 - [TEST_CASE][PASSED] - Test Cases/AHI/_include/get_screenshot: Test Cases/AHI/_include/get_screenshot

2019-12-31 08:22:45 - [TEST_STEP][PASSED] - takeScreenshot(screenPath + i + ".png"): Taking screenshot successfully

2019-12-31 08:22:45 - [MESSAGE][PASSED] - Taking screenshot successfully
[[ATTACHMENT|D:\\Test\\AgileTest\\Reports\\HIC\\hic\\20191231_080029\\../Screenshots/iPhone 6/HIC/STM/Slaico/20191231_082115/8.png]]

2019-12-31 08:22:45 - [TEST_STEP][PASSED] - (internal.GlobalVariable.i++): null

2019-12-31 08:22:45 - [MESSAGE][PASSED] - Call Test Case 'Test Cases/AHI/_include/get_screenshot' successfully

2019-12-31 08:22:45 - [TEST_STEP][FAILED] - clearText(findTestObject("mobileSanity/STM/Page_App Page 3/input__credit-card-cvv")): clearText(findTestObject("mobileSanity/STM/Page_App Page 3/input__credit-card-cvv")) FAILED.
Reason:
com.kms.katalon.core.exception.StepFailedException: Unable to clear text of object 'Object Repository/mobileSanity/STM/Page_App Page 3/input__credit-card-cvv' (Root cause: com.kms.katalon.core.webui.exception.WebElementNotFoundException: Web element with id: 'Object Repository/mobileSanity/STM/Page_App Page 3/input__credit-card-cvv' located by 'By.xpath: //*[@id = 'credit-card-cvv']' not found)
	at com.kms.katalon.core.keyword.internal.KeywordMain.stepFailed(KeywordMain.groovy:36)
	at com.kms.katalon.core.webui.keyword.internal.WebUIKeywordMain.stepFailed(WebUIKeywordMain.groovy:65)
	at com.kms.katalon.core.webui.keyword.internal.WebUIKeywordMain.runKeyword(WebUIKeywordMain.groovy:43)
	at com.kms.katalon.core.webui.keyword.builtin.ClearTextKeyword.clearText(ClearTextKeyword.groovy:61)
	at com.kms.katalon.core.webui.keyword.builtin.ClearTextKeyword.execute(ClearTextKeyword.groovy:34)
	at com.kms.katalon.core.keyword.internal.KeywordExecutor.executeKeywordForPlatform(KeywordExecutor.groovy:53)
	at com.kms.katalon.core.webui.keyword.WebUiBuiltInKeywords.clearText(WebUiBuiltInKeywords.groovy:3817)
	at com.kms.katalon.core.webui.keyword.WebUiBuiltInKeywords$clearText$13.call(Unknown Source)
	at goToEnd_stm_autofill.run(goToEnd_stm_autofill:71)
	at com.kms.katalon.core.main.ScriptEngine.run(ScriptEngine.java:194)
	at com.kms.katalon.core.main.ScriptEngine.runScriptAsRawText(ScriptEngine.java:119)
	at com.kms.katalon.core.main.TestCaseExecutor.runScript(TestCaseExecutor.java:328)
	at com.kms.katalon.core.main.TestCaseExecutor.doExecute(TestCaseExecutor.java:319)
	at com.kms.katalon.core.main.TestCaseExecutor.processExecutionPhase(TestCaseExecutor.java:298)
	at com.kms.katalon.core.main.TestCaseExecutor.accessMainPhase(TestCaseExecutor.java:290)
	at com.kms.katalon.core.main.TestCaseExecutor.execute(TestCaseExecutor.java:224)
	at com.kms.katalon.core.main.TestCaseMain.runTestCase(TestCaseMain.java:106)
	at com.kms.katalon.core.keyword.builtin.CallTestCaseKeyword$_callTestCase_closure1.doCall(CallTestCaseKeyword.groovy:59)
	at com.kms.katalon.core.keyword.builtin.CallTestCaseKeyword$_callTestCase_closure1.call(CallTestCaseKeyword.groovy)
	at com.kms.katalon.core.keyword.internal.KeywordMain.runKeyword(KeywordMain.groovy:54)
	at com.kms.katalon.core.keyword.builtin.CallTestCaseKeyword.callTestCase(CallTestCaseKeyword.groovy:80)
	at com.kms.katalon.core.keyword.builtin.CallTestCaseKeyword.execute(CallTestCaseKeyword.groovy:44)
	at com.kms.katalon.core.keyword.internal.KeywordExecutor.executeKeywordForPlatform(KeywordExecutor.groovy:53)
	at com.kms.katalon.core.keyword.BuiltinKeywords.callTestCase(BuiltinKeywords.groovy:334)
	at Slaico.run(Slaico:41)
	at com.kms.katalon.core.main.ScriptEngine.run(ScriptEngine.java:194)
	at com.kms.katalon.core.main.ScriptEngine.runScriptAsRawText(ScriptEngine.java:119)
	at com.kms.katalon.core.main.TestCaseExecutor.runScript(TestCaseExecutor.java:328)
	at com.kms.katalon.core.main.TestCaseExecutor.doExecute(TestCaseExecutor.java:319)
	at com.kms.katalon.core.main.TestCaseExecutor.processExecutionPhase(TestCaseExecutor.java:298)
	at com.kms.katalon.core.main.TestCaseExecutor.accessMainPhase(TestCaseExecutor.java:290)
	at com.kms.katalon.core.main.TestCaseExecutor.execute(TestCaseExecutor.java:224)
	at com.kms.katalon.core.main.TestSuiteExecutor.accessTestCaseMainPhase(TestSuiteExecutor.java:129)
	at com.kms.katalon.core.main.TestSuiteExecutor.accessTestSuiteMainPhase(TestSuiteExecutor.java:112)
	at com.kms.katalon.core.main.TestSuiteExecutor.execute(TestSuiteExecutor.java:81)
	at com.kms.katalon.core.main.TestCaseMain.startTestSuite(TestCaseMain.java:149)
	at com.kms.katalon.core.main.TestCaseMain$startTestSuite$0.call(Unknown Source)
	at TempTestSuite1577797229431.run(TempTestSuite1577797229431.groovy:36)


2019-12-31 08:23:09 - [MESSAGE][INFO] - Unable to find the element located by 'By.xpath: //*[@id = 'credit-card-cvv']'. Please recheck the objects properties to make sure the desired element is located. 

2019-12-31 08:23:10 - [MESSAGE][FAILED] - Unable to clear text of object 'Object Repository/mobileSanity/STM/Page_App Page 3/input__credit-card-cvv' (Root cause: com.kms.katalon.core.webui.exception.WebElementNotFoundException: Web element with id: 'Object Repository/mobileSanity/STM/Page_App Page 3/input__credit-card-cvv' located by 'By.xpath: //*[@id = 'credit-card-cvv']' not found)
[[ATTACHMENT|D:\\Test\\AgileTest\\Reports\\HIC\\hic\\20191231_080029\\1577798589676.png]]

2019-12-31 08:23:10 - [MESSAGE][FAILED] - clearText(findTestObject("mobileSanity/STM/Page_App Page 3/input__credit-card-cvv")) FAILED.
Reason:
com.kms.katalon.core.exception.StepFailedException: Unable to clear text of object 'Object Repository/mobileSanity/STM/Page_App Page 3/input__credit-card-cvv' (Root cause: com.kms.katalon.core.webui.exception.WebElementNotFoundException: Web element with id: 'Object Repository/mobileSanity/STM/Page_App Page 3/input__credit-card-cvv' located by 'By.xpath: //*[@id = 'credit-card-cvv']' not found)
	at com.kms.katalon.core.keyword.internal.KeywordMain.stepFailed(KeywordMain.groovy:36)
	at com.kms.katalon.core.webui.keyword.internal.WebUIKeywordMain.stepFailed(WebUIKeywordMain.groovy:65)
	at com.kms.katalon.core.webui.keyword.internal.WebUIKeywordMain.runKeyword(WebUIKeywordMain.groovy:43)
	at com.kms.katalon.core.webui.keyword.builtin.ClearTextKeyword.clearText(ClearTextKeyword.groovy:61)
	at com.kms.katalon.core.webui.keyword.builtin.ClearTextKeyword.execute(ClearTextKeyword.groovy:34)
	at com.kms.katalon.core.keyword.internal.KeywordExecutor.executeKeywordForPlatform(KeywordExecutor.groovy:53)
	at com.kms.katalon.core.webui.keyword.WebUiBuiltInKeywords.clearText(WebUiBuiltInKeywords.groovy:3817)
	at com.kms.katalon.core.webui.keyword.WebUiBuiltInKeywords$clearText$13.call(Unknown Source)
	at goToEnd_stm_autofill.run(goToEnd_stm_autofill:71)
	at com.kms.katalon.core.main.ScriptEngine.run(ScriptEngine.java:194)
	at com.kms.katalon.core.main.ScriptEngine.runScriptAsRawText(ScriptEngine.java:119)
	at com.kms.katalon.core.main.TestCaseExecutor.runScript(TestCaseExecutor.java:328)
	at com.kms.katalon.core.main.TestCaseExecutor.doExecute(TestCaseExecutor.java:319)
	at com.kms.katalon.core.main.TestCaseExecutor.processExecutionPhase(TestCaseExecutor.java:298)
	at com.kms.katalon.core.main.TestCaseExecutor.accessMainPhase(TestCaseExecutor.java:290)
	at com.kms.katalon.core.main.TestCaseExecutor.execute(TestCaseExecutor.java:224)
	at com.kms.katalon.core.main.TestCaseMain.runTestCase(TestCaseMain.java:106)
	at com.kms.katalon.core.keyword.builtin.CallTestCaseKeyword$_callTestCase_closure1.doCall(CallTestCaseKeyword.groovy:59)
	at com.kms.katalon.core.keyword.builtin.CallTestCaseKeyword$_callTestCase_closure1.call(CallTestCaseKeyword.groovy)
	at com.kms.katalon.core.keyword.internal.KeywordMain.runKeyword(KeywordMain.groovy:54)
	at com.kms.katalon.core.keyword.builtin.CallTestCaseKeyword.callTestCase(CallTestCaseKeyword.groovy:80)
	at com.kms.katalon.core.keyword.builtin.CallTestCaseKeyword.execute(CallTestCaseKeyword.groovy:44)
	at com.kms.katalon.core.keyword.internal.KeywordExecutor.executeKeywordForPlatform(KeywordExecutor.groovy:53)
	at com.kms.katalon.core.keyword.BuiltinKeywords.callTestCase(BuiltinKeywords.groovy:334)
	at Slaico.run(Slaico:41)
	at com.kms.katalon.core.main.ScriptEngine.run(ScriptEngine.java:194)
	at com.kms.katalon.core.main.ScriptEngine.runScriptAsRawText(ScriptEngine.java:119)
	at com.kms.katalon.core.main.TestCaseExecutor.runScript(TestCaseExecutor.java:328)
	at com.kms.katalon.core.main.TestCaseExecutor.doExecute(TestCaseExecutor.java:319)
	at com.kms.katalon.core.main.TestCaseExecutor.processExecutionPhase(TestCaseExecutor.java:298)
	at com.kms.katalon.core.main.TestCaseExecutor.accessMainPhase(TestCaseExecutor.java:290)
	at com.kms.katalon.core.main.TestCaseExecutor.execute(TestCaseExecutor.java:224)
	at com.kms.katalon.core.main.TestSuiteExecutor.accessTestCaseMainPhase(TestSuiteExecutor.java:129)
	at com.kms.katalon.core.main.TestSuiteExecutor.accessTestSuiteMainPhase(TestSuiteExecutor.java:112)
	at com.kms.katalon.core.main.TestSuiteExecutor.execute(TestSuiteExecutor.java:81)
	at com.kms.katalon.core.main.TestCaseMain.startTestSuite(TestCaseMain.java:149)
	at com.kms.katalon.core.main.TestCaseMain$startTestSuite$0.call(Unknown Source)
	at TempTestSuite1577797229431.run(TempTestSuite1577797229431.groovy:36)


2019-12-31 08:23:10 - [MESSAGE][FAILED] - Unable to call Test Case 'Test Cases/AHI/_include/goToEnd_stm_autofill' (Root cause: com.kms.katalon.core.exception.StepFailedException: Call Test Case 'Test Cases/AHI/_include/goToEnd_stm_autofill' failed)

2019-12-31 08:23:10 - [MESSAGE][FAILED] - callTestCase(findTestCase("AHI/_include/goToEnd_stm_autofill"), [:], STOP_ON_FAILURE) FAILED.
Reason:
com.kms.katalon.core.exception.StepFailedException: Unable to clear text of object 'Object Repository/mobileSanity/STM/Page_App Page 3/input__credit-card-cvv' (Root cause: com.kms.katalon.core.webui.exception.WebElementNotFoundException: Web element with id: 'Object Repository/mobileSanity/STM/Page_App Page 3/input__credit-card-cvv' located by 'By.xpath: //*[@id = 'credit-card-cvv']' not found)
	at com.kms.katalon.core.keyword.internal.KeywordMain.stepFailed(KeywordMain.groovy:36)
	at com.kms.katalon.core.webui.keyword.internal.WebUIKeywordMain.stepFailed(WebUIKeywordMain.groovy:65)
	at com.kms.katalon.core.webui.keyword.internal.WebUIKeywordMain.runKeyword(WebUIKeywordMain.groovy:43)
	at com.kms.katalon.core.webui.keyword.builtin.ClearTextKeyword.clearText(ClearTextKeyword.groovy:61)
	at com.kms.katalon.core.webui.keyword.builtin.ClearTextKeyword.execute(ClearTextKeyword.groovy:34)
	at com.kms.katalon.core.keyword.internal.KeywordExecutor.executeKeywordForPlatform(KeywordExecutor.groovy:53)
	at com.kms.katalon.core.webui.keyword.WebUiBuiltInKeywords.clearText(WebUiBuiltInKeywords.groovy:3817)
	at com.kms.katalon.core.webui.keyword.WebUiBuiltInKeywords$clearText$13.call(Unknown Source)
	at goToEnd_stm_autofill.run(goToEnd_stm_autofill:71)
	at com.kms.katalon.core.main.ScriptEngine.run(ScriptEngine.java:194)
	at com.kms.katalon.core.main.ScriptEngine.runScriptAsRawText(ScriptEngine.java:119)
	at com.kms.katalon.core.main.TestCaseExecutor.runScript(TestCaseExecutor.java:328)
	at com.kms.katalon.core.main.TestCaseExecutor.doExecute(TestCaseExecutor.java:319)
	at com.kms.katalon.core.main.TestCaseExecutor.processExecutionPhase(TestCaseExecutor.java:298)
	at com.kms.katalon.core.main.TestCaseExecutor.accessMainPhase(TestCaseExecutor.java:290)
	at com.kms.katalon.core.main.TestCaseExecutor.execute(TestCaseExecutor.java:224)
	at com.kms.katalon.core.main.TestCaseMain.runTestCase(TestCaseMain.java:106)
	at com.kms.katalon.core.keyword.builtin.CallTestCaseKeyword$_callTestCase_closure1.doCall(CallTestCaseKeyword.groovy:59)
	at com.kms.katalon.core.keyword.builtin.CallTestCaseKeyword$_callTestCase_closure1.call(CallTestCaseKeyword.groovy)
	at com.kms.katalon.core.keyword.internal.KeywordMain.runKeyword(KeywordMain.groovy:54)
	at com.kms.katalon.core.keyword.builtin.CallTestCaseKeyword.callTestCase(CallTestCaseKeyword.groovy:80)
	at com.kms.katalon.core.keyword.builtin.CallTestCaseKeyword.execute(CallTestCaseKeyword.groovy:44)
	at com.kms.katalon.core.keyword.internal.KeywordExecutor.executeKeywordForPlatform(KeywordExecutor.groovy:53)
	at com.kms.katalon.core.keyword.BuiltinKeywords.callTestCase(BuiltinKeywords.groovy:334)
	at Slaico.run(Slaico:41)
	at com.kms.katalon.core.main.ScriptEngine.run(ScriptEngine.java:194)
	at com.kms.katalon.core.main.ScriptEngine.runScriptAsRawText(ScriptEngine.java:119)
	at com.kms.katalon.core.main.TestCaseExecutor.runScript(TestCaseExecutor.java:328)
	at com.kms.katalon.core.main.TestCaseExecutor.doExecute(TestCaseExecutor.java:319)
	at com.kms.katalon.core.main.TestCaseExecutor.processExecutionPhase(TestCaseExecutor.java:298)
	at com.kms.katalon.core.main.TestCaseExecutor.accessMainPhase(TestCaseExecutor.java:290)
	at com.kms.katalon.core.main.TestCaseExecutor.execute(TestCaseExecutor.java:224)
	at com.kms.katalon.core.main.TestSuiteExecutor.accessTestCaseMainPhase(TestSuiteExecutor.java:129)
	at com.kms.katalon.core.main.TestSuiteExecutor.accessTestSuiteMainPhase(TestSuiteExecutor.java:112)
	at com.kms.katalon.core.main.TestSuiteExecutor.execute(TestSuiteExecutor.java:81)
	at com.kms.katalon.core.main.TestCaseMain.startTestSuite(TestCaseMain.java:149)
	at com.kms.katalon.core.main.TestCaseMain$startTestSuite$0.call(Unknown Source)
	at TempTestSuite1577797229431.run(TempTestSuite1577797229431.groovy:36)]]></system-out>
         <system-err><![CDATA[2019-12-31 08:21:14 - [TEST_CASE][FAILED] - Test Cases/HIC/STM/Slaico: Test Cases/HIC/STM/Slaico FAILED.
Reason:
com.kms.katalon.core.exception.StepFailedException: Unable to clear text of object 'Object Repository/mobileSanity/STM/Page_App Page 3/input__credit-card-cvv' (Root cause: com.kms.katalon.core.webui.exception.WebElementNotFoundException: Web element with id: 'Object Repository/mobileSanity/STM/Page_App Page 3/input__credit-card-cvv' located by 'By.xpath: //*[@id = 'credit-card-cvv']' not found)
	at com.kms.katalon.core.keyword.internal.KeywordMain.stepFailed(KeywordMain.groovy:36)
	at com.kms.katalon.core.webui.keyword.internal.WebUIKeywordMain.stepFailed(WebUIKeywordMain.groovy:65)
	at com.kms.katalon.core.webui.keyword.internal.WebUIKeywordMain.runKeyword(WebUIKeywordMain.groovy:43)
	at com.kms.katalon.core.webui.keyword.builtin.ClearTextKeyword.clearText(ClearTextKeyword.groovy:61)
	at com.kms.katalon.core.webui.keyword.builtin.ClearTextKeyword.execute(ClearTextKeyword.groovy:34)
	at com.kms.katalon.core.keyword.internal.KeywordExecutor.executeKeywordForPlatform(KeywordExecutor.groovy:53)
	at com.kms.katalon.core.webui.keyword.WebUiBuiltInKeywords.clearText(WebUiBuiltInKeywords.groovy:3817)
	at com.kms.katalon.core.webui.keyword.WebUiBuiltInKeywords$clearText$13.call(Unknown Source)
	at goToEnd_stm_autofill.run(goToEnd_stm_autofill:71)
	at com.kms.katalon.core.main.ScriptEngine.run(ScriptEngine.java:194)
	at com.kms.katalon.core.main.ScriptEngine.runScriptAsRawText(ScriptEngine.java:119)
	at com.kms.katalon.core.main.TestCaseExecutor.runScript(TestCaseExecutor.java:328)
	at com.kms.katalon.core.main.TestCaseExecutor.doExecute(TestCaseExecutor.java:319)
	at com.kms.katalon.core.main.TestCaseExecutor.processExecutionPhase(TestCaseExecutor.java:298)
	at com.kms.katalon.core.main.TestCaseExecutor.accessMainPhase(TestCaseExecutor.java:290)
	at com.kms.katalon.core.main.TestCaseExecutor.execute(TestCaseExecutor.java:224)
	at com.kms.katalon.core.main.TestCaseMain.runTestCase(TestCaseMain.java:106)
	at com.kms.katalon.core.keyword.builtin.CallTestCaseKeyword$_callTestCase_closure1.doCall(CallTestCaseKeyword.groovy:59)
	at com.kms.katalon.core.keyword.builtin.CallTestCaseKeyword$_callTestCase_closure1.call(CallTestCaseKeyword.groovy)
	at com.kms.katalon.core.keyword.internal.KeywordMain.runKeyword(KeywordMain.groovy:54)
	at com.kms.katalon.core.keyword.builtin.CallTestCaseKeyword.callTestCase(CallTestCaseKeyword.groovy:80)
	at com.kms.katalon.core.keyword.builtin.CallTestCaseKeyword.execute(CallTestCaseKeyword.groovy:44)
	at com.kms.katalon.core.keyword.internal.KeywordExecutor.executeKeywordForPlatform(KeywordExecutor.groovy:53)
	at com.kms.katalon.core.keyword.BuiltinKeywords.callTestCase(BuiltinKeywords.groovy:334)
	at Slaico.run(Slaico:41)
	at com.kms.katalon.core.main.ScriptEngine.run(ScriptEngine.java:194)
	at com.kms.katalon.core.main.ScriptEngine.runScriptAsRawText(ScriptEngine.java:119)
	at com.kms.katalon.core.main.TestCaseExecutor.runScript(TestCaseExecutor.java:328)
	at com.kms.katalon.core.main.TestCaseExecutor.doExecute(TestCaseExecutor.java:319)
	at com.kms.katalon.core.main.TestCaseExecutor.processExecutionPhase(TestCaseExecutor.java:298)
	at com.kms.katalon.core.main.TestCaseExecutor.accessMainPhase(TestCaseExecutor.java:290)
	at com.kms.katalon.core.main.TestCaseExecutor.execute(TestCaseExecutor.java:224)
	at com.kms.katalon.core.main.TestSuiteExecutor.accessTestCaseMainPhase(TestSuiteExecutor.java:129)
	at com.kms.katalon.core.main.TestSuiteExecutor.accessTestSuiteMainPhase(TestSuiteExecutor.java:112)
	at com.kms.katalon.core.main.TestSuiteExecutor.execute(TestSuiteExecutor.java:81)
	at com.kms.katalon.core.main.TestCaseMain.startTestSuite(TestCaseMain.java:149)
	at com.kms.katalon.core.main.TestCaseMain$startTestSuite$0.call(Unknown Source)
	at TempTestSuite1577797229431.run(TempTestSuite1577797229431.groovy:36)]]></system-err>
      </testcase>
      <testcase name="Test Cases/HIC/Teladoc" classname="Test Cases/HIC/Teladoc" status="PASSED">
         <system-out><![CDATA[2019-12-31 08:23:10 - [TEST_CASE][PASSED] - Test Cases/HIC/Teladoc: Test Cases/HIC/Teladoc

2019-12-31 08:23:11 - [TEST_STEP][PASSED] - callTestCase(findTestCase("HIC/_include/get_hicScreenPath"), ["project":"HIC", "productLine":"Teladoc", "carrierName":"Teladoc"], CONTINUE_ON_FAILURE): Call Test Case 'Test Cases/HIC/_include/get_hicScreenPath' successfully

2019-12-31 08:23:11 - [TEST_CASE][PASSED] - Test Cases/HIC/_include/get_hicScreenPath: Test Cases/HIC/_include/get_hicScreenPath

2019-12-31 08:23:11 - [TEST_STEP][PASSED] - m = getExecutionProperties(): null

2019-12-31 08:23:11 - [TEST_STEP][PASSED] - deviceName = get("mobileEmulation").get("deviceName"): null

2019-12-31 08:23:11 - [TEST_STEP][PASSED] - println(deviceName): null

2019-12-31 08:23:11 - [TEST_STEP][PASSED] - now = new java.util.Date(): null

2019-12-31 08:23:11 - [TEST_STEP][PASSED] - mydate = now.format("yyyyMMdd_HHmmss"): null

2019-12-31 08:23:11 - [TEST_STEP][PASSED] - screenPath = "../Screenshots/": null

2019-12-31 08:23:11 - [TEST_STEP][PASSED] - screenPath = screenPath + deviceName + "/" + project + "/" + productLine + "/" + carrierName + "/" + mydate + "/": null

2019-12-31 08:23:11 - [TEST_STEP][PASSED] - println(screenPath): null

2019-12-31 08:23:11 - [MESSAGE][PASSED] - Call Test Case 'Test Cases/HIC/_include/get_hicScreenPath' successfully

2019-12-31 08:23:11 - [TEST_STEP][PASSED] - i = 0: null

2019-12-31 08:23:11 - [TEST_STEP][PASSED] - callTestCase(findTestCase("AHI/_include/openWebSite"), ["env":"https://qa.healthinsurance.com/"], CONTINUE_ON_FAILURE): Call Test Case 'Test Cases/AHI/_include/openWebSite' successfully

2019-12-31 08:23:11 - [TEST_CASE][PASSED] - Test Cases/AHI/_include/openWebSite: Test Cases/AHI/_include/openWebSite

2019-12-31 08:23:11 - [TEST_STEP][PASSED] - openBrowser(env): Browser is opened with url: 'https://qa.healthinsurance.com/'

2019-12-31 08:23:11 - [MESSAGE][WARNING] - A browser is already opened. Closing browser and opening a new one

2019-12-31 08:23:12 - [MESSAGE][INFO] - Starting 'Chrome' driver

2019-12-31 08:23:12 - [MESSAGE][INFO] - User set preference: ['mobileEmulation', '{deviceName=iPhone 6}']

2019-12-31 08:23:12 - [MESSAGE][INFO] - User set preference: ['args', '[--incognito, --aggressive-cache-discard, --window-size=375,677, --no-sandbox]']

2019-12-31 08:23:18 - [MESSAGE][PASSED] - Browser is opened with url: 'https://qa.healthinsurance.com/'

2019-12-31 08:23:18 - [TEST_STEP][PASSED] - waitForPageLoad(20): Wait for page load successfully

2019-12-31 08:23:18 - [MESSAGE][PASSED] - Wait for page load successfully

2019-12-31 08:23:18 - [TEST_STEP][PASSED] - callTestCase(findTestCase("AHI/_include/get_screenshot"), [:], STOP_ON_FAILURE): Call Test Case 'Test Cases/AHI/_include/get_screenshot' successfully

2019-12-31 08:23:18 - [TEST_CASE][PASSED] - Test Cases/AHI/_include/get_screenshot: Test Cases/AHI/_include/get_screenshot

2019-12-31 08:23:18 - [TEST_STEP][PASSED] - takeScreenshot(screenPath + i + ".png"): Taking screenshot successfully

2019-12-31 08:23:18 - [MESSAGE][PASSED] - Taking screenshot successfully
[[ATTACHMENT|D:\\Test\\AgileTest\\Reports\\HIC\\hic\\20191231_080029\\../Screenshots/iPhone 6/HIC/Teladoc/Teladoc/20191231_082311/0.png]]

2019-12-31 08:23:18 - [TEST_STEP][PASSED] - (internal.GlobalVariable.i++): null

2019-12-31 08:23:18 - [MESSAGE][PASSED] - Call Test Case 'Test Cases/AHI/_include/get_screenshot' successfully

2019-12-31 08:23:18 - [MESSAGE][PASSED] - Call Test Case 'Test Cases/AHI/_include/openWebSite' successfully

2019-12-31 08:23:18 - [TEST_STEP][PASSED] - click(findTestObject("hic/nav/navButton")): Object: 'Object Repository/hic/nav/navButton' is clicked on

2019-12-31 08:23:18 - [MESSAGE][PASSED] - Object: 'Object Repository/hic/nav/navButton' is clicked on

2019-12-31 08:23:18 - [TEST_STEP][PASSED] - Thread.sleep(2000): null

2019-12-31 08:23:21 - [TEST_STEP][PASSED] - click(findTestObject("hic/nav/teladocLink")): Object: 'Object Repository/hic/nav/teladocLink' is clicked on

2019-12-31 08:23:21 - [MESSAGE][PASSED] - Object: 'Object Repository/hic/nav/teladocLink' is clicked on

2019-12-31 08:23:21 - [TEST_STEP][PASSED] - Thread.sleep(2000): null

2019-12-31 08:23:23 - [TEST_STEP][PASSED] - callTestCase(findTestCase("AHI/_include/get_screenshot"), [:], STOP_ON_FAILURE): Call Test Case 'Test Cases/AHI/_include/get_screenshot' successfully

2019-12-31 08:23:23 - [TEST_CASE][PASSED] - Test Cases/AHI/_include/get_screenshot: Test Cases/AHI/_include/get_screenshot

2019-12-31 08:23:23 - [TEST_STEP][PASSED] - takeScreenshot(screenPath + i + ".png"): Taking screenshot successfully

2019-12-31 08:23:23 - [MESSAGE][PASSED] - Taking screenshot successfully
[[ATTACHMENT|D:\\Test\\AgileTest\\Reports\\HIC\\hic\\20191231_080029\\../Screenshots/iPhone 6/HIC/Teladoc/Teladoc/20191231_082311/1.png]]

2019-12-31 08:23:23 - [TEST_STEP][PASSED] - (internal.GlobalVariable.i++): null

2019-12-31 08:23:23 - [MESSAGE][PASSED] - Call Test Case 'Test Cases/AHI/_include/get_screenshot' successfully

2019-12-31 08:23:23 - [TEST_STEP][PASSED] - setText(findTestObject("hic/stm/zip"), zipcode): Text '35215' is set on object 'Object Repository/hic/stm/zip'

2019-12-31 08:23:24 - [MESSAGE][PASSED] - Text '35215' is set on object 'Object Repository/hic/stm/zip'

2019-12-31 08:23:24 - [TEST_STEP][PASSED] - Thread.sleep(500): null

2019-12-31 08:23:25 - [TEST_STEP][PASSED] - setText(findTestObject("hic/stm/primaryDOB"), "03031987"): Text '03031987' is set on object 'Object Repository/hic/stm/primaryDOB'

2019-12-31 08:23:25 - [MESSAGE][PASSED] - Text '03031987' is set on object 'Object Repository/hic/stm/primaryDOB'

2019-12-31 08:23:25 - [TEST_STEP][PASSED] - click(findTestObject("hic/stm/female")): Object: 'Object Repository/hic/stm/female' is clicked on

2019-12-31 08:23:25 - [MESSAGE][PASSED] - Object: 'Object Repository/hic/stm/female' is clicked on

2019-12-31 08:23:25 - [TEST_STEP][PASSED] - Thread.sleep(3000): null

2019-12-31 08:23:28 - [TEST_STEP][PASSED] - click(findTestObject("hic/teladoc/seePlans")): Object: 'Object Repository/hic/teladoc/seePlans' is clicked on

2019-12-31 08:23:29 - [MESSAGE][PASSED] - Object: 'Object Repository/hic/teladoc/seePlans' is clicked on

2019-12-31 08:23:29 - [TEST_STEP][PASSED] - Thread.sleep(6000): null

2019-12-31 08:23:35 - [TEST_STEP][PASSED] - callTestCase(findTestCase("AHI/_include/get_screenshot"), [:], STOP_ON_FAILURE): Call Test Case 'Test Cases/AHI/_include/get_screenshot' successfully

2019-12-31 08:23:36 - [TEST_CASE][PASSED] - Test Cases/AHI/_include/get_screenshot: Test Cases/AHI/_include/get_screenshot

2019-12-31 08:23:36 - [TEST_STEP][PASSED] - takeScreenshot(screenPath + i + ".png"): Taking screenshot successfully

2019-12-31 08:23:36 - [MESSAGE][PASSED] - Taking screenshot successfully
[[ATTACHMENT|D:\\Test\\AgileTest\\Reports\\HIC\\hic\\20191231_080029\\../Screenshots/iPhone 6/HIC/Teladoc/Teladoc/20191231_082311/2.png]]

2019-12-31 08:23:36 - [TEST_STEP][PASSED] - (internal.GlobalVariable.i++): null

2019-12-31 08:23:36 - [MESSAGE][PASSED] - Call Test Case 'Test Cases/AHI/_include/get_screenshot' successfully

2019-12-31 08:23:36 - [TEST_STEP][PASSED] - Thread.sleep(1000): null

2019-12-31 08:23:37 - [TEST_STEP][PASSED] - click(findTestObject("mobileSanity/Teladoc/census/get_a_quote")): Object: 'Object Repository/mobileSanity/Teladoc/census/get_a_quote' is clicked on

2019-12-31 08:23:37 - [MESSAGE][PASSED] - Object: 'Object Repository/mobileSanity/Teladoc/census/get_a_quote' is clicked on

2019-12-31 08:23:37 - [TEST_STEP][PASSED] - waitForPageLoad(20): Wait for page load successfully

2019-12-31 08:23:38 - [MESSAGE][PASSED] - Wait for page load successfully

2019-12-31 08:23:38 - [TEST_STEP][PASSED] - waitForElementVisible(findTestObject("mobileSanity/Teladoc/apply_button"), 20): Object 'Object Repository/mobileSanity/Teladoc/apply_button' is visible

2019-12-31 08:23:38 - [MESSAGE][PASSED] - Object 'Object Repository/mobileSanity/Teladoc/apply_button' is visible

2019-12-31 08:23:38 - [TEST_STEP][PASSED] - callTestCase(findTestCase("AHI/_include/get_screenshot"), [:], STOP_ON_FAILURE): Call Test Case 'Test Cases/AHI/_include/get_screenshot' successfully

2019-12-31 08:23:38 - [TEST_CASE][PASSED] - Test Cases/AHI/_include/get_screenshot: Test Cases/AHI/_include/get_screenshot

2019-12-31 08:23:38 - [TEST_STEP][PASSED] - takeScreenshot(screenPath + i + ".png"): Taking screenshot successfully

2019-12-31 08:23:39 - [MESSAGE][PASSED] - Taking screenshot successfully
[[ATTACHMENT|D:\\Test\\AgileTest\\Reports\\HIC\\hic\\20191231_080029\\../Screenshots/iPhone 6/HIC/Teladoc/Teladoc/20191231_082311/3.png]]

2019-12-31 08:23:39 - [TEST_STEP][PASSED] - (internal.GlobalVariable.i++): null

2019-12-31 08:23:39 - [MESSAGE][PASSED] - Call Test Case 'Test Cases/AHI/_include/get_screenshot' successfully

2019-12-31 08:23:39 - [TEST_STEP][PASSED] - click(findTestObject("mobileSanity/Teladoc/apply_button")): Object: 'Object Repository/mobileSanity/Teladoc/apply_button' is clicked on

2019-12-31 08:23:39 - [MESSAGE][PASSED] - Object: 'Object Repository/mobileSanity/Teladoc/apply_button' is clicked on

2019-12-31 08:23:39 - [TEST_STEP][PASSED] - waitForPageLoad(20): Wait for page load successfully

2019-12-31 08:23:40 - [MESSAGE][PASSED] - Wait for page load successfully

2019-12-31 08:23:40 - [TEST_STEP][PASSED] - waitForElementPresent(findTestObject("mobileSanity/Teladoc/Page_App Page 1/input__member-P-1-firstName"), 20): Object 'Object Repository/mobileSanity/Teladoc/Page_App Page 1/input__member-P-1-firstName' is present

2019-12-31 08:23:40 - [MESSAGE][PASSED] - Object 'Object Repository/mobileSanity/Teladoc/Page_App Page 1/input__member-P-1-firstName' is present

2019-12-31 08:23:40 - [TEST_STEP][PASSED] - callTestCase(findTestCase("AHI/_include/get_screenshot"), [:], STOP_ON_FAILURE): Call Test Case 'Test Cases/AHI/_include/get_screenshot' successfully

2019-12-31 08:23:40 - [TEST_CASE][PASSED] - Test Cases/AHI/_include/get_screenshot: Test Cases/AHI/_include/get_screenshot

2019-12-31 08:23:40 - [TEST_STEP][PASSED] - takeScreenshot(screenPath + i + ".png"): Taking screenshot successfully

2019-12-31 08:23:40 - [MESSAGE][PASSED] - Taking screenshot successfully
[[ATTACHMENT|D:\\Test\\AgileTest\\Reports\\HIC\\hic\\20191231_080029\\../Screenshots/iPhone 6/HIC/Teladoc/Teladoc/20191231_082311/4.png]]

2019-12-31 08:23:40 - [TEST_STEP][PASSED] - (internal.GlobalVariable.i++): null

2019-12-31 08:23:40 - [MESSAGE][PASSED] - Call Test Case 'Test Cases/AHI/_include/get_screenshot' successfully

2019-12-31 08:23:40 - [TEST_STEP][PASSED] - callTestCase(findTestCase("AHI/_include/name"), [:], STOP_ON_FAILURE): Call Test Case 'Test Cases/AHI/_include/name' successfully

2019-12-31 08:23:40 - [TEST_CASE][PASSED] - Test Cases/AHI/_include/name: Test Cases/AHI/_include/name

2019-12-31 08:23:40 - [TEST_STEP][PASSED] - driver = getWebDriver(): null

2019-12-31 08:23:40 - [TEST_STEP][PASSED] - selenium = new com.thoughtworks.selenium.webdriven.WebDriverBackedSelenium(driver, internal.GlobalVariable.ENV): null

2019-12-31 08:23:40 - [TEST_STEP][PASSED] - FirstName = "Test-123": null

2019-12-31 08:23:40 - [TEST_STEP][PASSED] - LastName = selenium.getEval("{var x="ABCDEFGHIJKLMNOPQRSTUVWXYZabcdefghijklmnopqrstuvwxyz"; var tmp="ZZ11-"; for (i=0;i<8;i++) tmp+=x.charAt(Math.ceil(51*Math.random()));tmp;}"): null

2019-12-31 08:23:40 - [TEST_STEP][PASSED] - Address = selenium.getEval("{var x="ABCDEFGHIJKLMNOPQRSTUVWXYZabcdefghijklmnopqrstuvwxyz"; var tmp=""; for (i=0;i<8;i++) tmp+=x.charAt(Math.ceil(51*Math.random()));tmp;}"): null

2019-12-31 08:23:40 - [TEST_STEP][PASSED] - City = selenium.getEval("{var x="ABCDEFGHIJKLMNOPQRSTUVWXYZabcdefghijklmnopqrstuvwxyz"; var tmp=""; for (i=0;i<8;i++) tmp+=x.charAt(Math.ceil(51*Math.random()));tmp;}"): null

2019-12-31 08:23:40 - [TEST_STEP][PASSED] - tel1 = selenium.getEval("{var x="123456789"; var tmp=""; for (i=0;i<3;i++) tmp+=x.charAt(Math.ceil(8*Math.random()));tmp;}"): null

2019-12-31 08:23:40 - [TEST_STEP][PASSED] - tel2 = selenium.getEval("{var x="123456789"; var tmp=""; for (i=0;i<3;i++) tmp+=x.charAt(Math.ceil(8*Math.random()));tmp;}"): null

2019-12-31 08:23:40 - [TEST_STEP][PASSED] - tel3 = selenium.getEval("{var x="123456789"; var tmp=""; for (i=0;i<4;i++) tmp+=x.charAt(Math.ceil(8*Math.random()));tmp;}"): null

2019-12-31 08:23:40 - [TEST_STEP][PASSED] - Tel = selenium.getExpression(tel1 + "-" + tel2 + "-" + tel3): null

2019-12-31 08:23:40 - [TEST_STEP][PASSED] - AutoEmail = selenium.getEval("{var x="ABCDEFGHIJKLMNOPQRSTUVWXYZabcdefghijklmnopqrstuvwxyz"; var tmp="test."; for (i=0;i<8;i++) tmp+=x.charAt(Math.ceil(51*Math.random()));tmp+="@suryani.cn";}"): null

2019-12-31 08:23:40 - [TEST_STEP][PASSED] - FirstName = FirstName: null

2019-12-31 08:23:40 - [TEST_STEP][PASSED] - LastName = LastName: null

2019-12-31 08:23:40 - [TEST_STEP][PASSED] - Address = Address: null

2019-12-31 08:23:40 - [TEST_STEP][PASSED] - City = City: null

2019-12-31 08:23:40 - [TEST_STEP][PASSED] - Tel = Tel: null

2019-12-31 08:23:40 - [TEST_STEP][PASSED] - AutoEmail = AutoEmail: null

2019-12-31 08:23:40 - [TEST_STEP][PASSED] - println(FirstName): null

2019-12-31 08:23:40 - [TEST_STEP][PASSED] - println(LastName): null

2019-12-31 08:23:40 - [TEST_STEP][PASSED] - println(Address): null

2019-12-31 08:23:40 - [TEST_STEP][PASSED] - println(City): null

2019-12-31 08:23:40 - [TEST_STEP][PASSED] - println(Tel): null

2019-12-31 08:23:40 - [TEST_STEP][PASSED] - println(AutoEmail): null

2019-12-31 08:23:40 - [MESSAGE][PASSED] - Call Test Case 'Test Cases/AHI/_include/name' successfully

2019-12-31 08:23:40 - [TEST_STEP][PASSED] - setText(findTestObject("mobileSanity/Teladoc/Page_App Page 1/input__member-P-1-firstName"), FirstName): Text 'Test-123' is set on object 'Object Repository/mobileSanity/Teladoc/Page_App Page 1/input__member-P-1-firstName'

2019-12-31 08:23:41 - [MESSAGE][PASSED] - Text 'Test-123' is set on object 'Object Repository/mobileSanity/Teladoc/Page_App Page 1/input__member-P-1-firstName'

2019-12-31 08:23:41 - [TEST_STEP][PASSED] - setText(findTestObject("mobileSanity/Teladoc/Page_App Page 1/input__member-P-1-lastName"), LastName): Text 'ZZ11-tSKKCyyr' is set on object 'Object Repository/mobileSanity/Teladoc/Page_App Page 1/input__member-P-1-lastName'

2019-12-31 08:23:41 - [MESSAGE][PASSED] - Text 'ZZ11-tSKKCyyr' is set on object 'Object Repository/mobileSanity/Teladoc/Page_App Page 1/input__member-P-1-lastName'

2019-12-31 08:23:41 - [TEST_STEP][PASSED] - selectOptionByValue(findTestObject("mobileSanity/Teladoc/Page_App Page 1/select_01020304050607"), "05", true): All options with value '05' are selected in object 'Object Repository/mobileSanity/Teladoc/Page_App Page 1/select_01020304050607'  using regular expression

2019-12-31 08:23:41 - [MESSAGE][PASSED] - All options with value '05' are selected in object 'Object Repository/mobileSanity/Teladoc/Page_App Page 1/select_01020304050607'  using regular expression

2019-12-31 08:23:41 - [TEST_STEP][PASSED] - selectOptionByValue(findTestObject("mobileSanity/Teladoc/Page_App Page 1/select_00102030405060708091011"), "06", true): All options with value '06' are selected in object 'Object Repository/mobileSanity/Teladoc/Page_App Page 1/select_00102030405060708091011'  using regular expression

2019-12-31 08:23:42 - [MESSAGE][PASSED] - All options with value '06' are selected in object 'Object Repository/mobileSanity/Teladoc/Page_App Page 1/select_00102030405060708091011'  using regular expression

2019-12-31 08:23:42 - [TEST_STEP][PASSED] - setText(findTestObject("mobileSanity/Teladoc/Page_App Page 1/input_lbs"), "180"): Text '180' is set on object 'Object Repository/mobileSanity/Teladoc/Page_App Page 1/input_lbs'

2019-12-31 08:23:42 - [MESSAGE][PASSED] - Text '180' is set on object 'Object Repository/mobileSanity/Teladoc/Page_App Page 1/input_lbs'

2019-12-31 08:23:42 - [TEST_STEP][PASSED] - setText(findTestObject("mobileSanity/Teladoc/Page_App Page 1/input__address"), Address): Text 'FluQbRgE' is set on object 'Object Repository/mobileSanity/Teladoc/Page_App Page 1/input__address'

2019-12-31 08:23:42 - [MESSAGE][PASSED] - Text 'FluQbRgE' is set on object 'Object Repository/mobileSanity/Teladoc/Page_App Page 1/input__address'

2019-12-31 08:23:42 - [TEST_STEP][PASSED] - setText(findTestObject("mobileSanity/Teladoc/Page_App Page 1/input__city"), City): Text 'vRmwmpcm' is set on object 'Object Repository/mobileSanity/Teladoc/Page_App Page 1/input__city'

2019-12-31 08:23:42 - [MESSAGE][PASSED] - Text 'vRmwmpcm' is set on object 'Object Repository/mobileSanity/Teladoc/Page_App Page 1/input__city'

2019-12-31 08:23:42 - [TEST_STEP][PASSED] - setText(findTestObject("mobileSanity/Teladoc/Page_App Page 1/input__email"), AutoEmail): Text 'test.taXcJUtd@suryani.cn' is set on object 'Object Repository/mobileSanity/Teladoc/Page_App Page 1/input__email'

2019-12-31 08:23:42 - [MESSAGE][PASSED] - Text 'test.taXcJUtd@suryani.cn' is set on object 'Object Repository/mobileSanity/Teladoc/Page_App Page 1/input__email'

2019-12-31 08:23:42 - [TEST_STEP][PASSED] - setText(findTestObject("mobileSanity/Teladoc/Page_App Page 1/input_phone number"), Tel): Text '563-489-3976' is set on object 'Object Repository/mobileSanity/Teladoc/Page_App Page 1/input_phone number'

2019-12-31 08:23:43 - [MESSAGE][PASSED] - Text '563-489-3976' is set on object 'Object Repository/mobileSanity/Teladoc/Page_App Page 1/input_phone number'

2019-12-31 08:23:43 - [TEST_STEP][PASSED] - click(findTestObject("mobileSanity/Teladoc/Page_App Page 1/a_Continue to Step 2 - Payment")): Object: 'Object Repository/mobileSanity/Teladoc/Page_App Page 1/a_Continue to Step 2 - Payment' is clicked on

2019-12-31 08:23:43 - [MESSAGE][PASSED] - Object: 'Object Repository/mobileSanity/Teladoc/Page_App Page 1/a_Continue to Step 2 - Payment' is clicked on

2019-12-31 08:23:43 - [TEST_STEP][PASSED] - waitForPageLoad(20): Wait for page load successfully

2019-12-31 08:23:43 - [MESSAGE][PASSED] - Wait for page load successfully

2019-12-31 08:23:43 - [TEST_STEP][PASSED] - waitForElementVisible(findTestObject("mobileSanity/Teladoc/Page_App Page 2/input__credit-card-first"), 20): Object 'Object Repository/mobileSanity/Teladoc/Page_App Page 2/input__credit-card-first' is visible

2019-12-31 08:23:43 - [MESSAGE][PASSED] - Object 'Object Repository/mobileSanity/Teladoc/Page_App Page 2/input__credit-card-first' is visible

2019-12-31 08:23:43 - [TEST_STEP][PASSED] - callTestCase(findTestCase("AHI/_include/get_screenshot"), [:], STOP_ON_FAILURE): Call Test Case 'Test Cases/AHI/_include/get_screenshot' successfully

2019-12-31 08:23:43 - [TEST_CASE][PASSED] - Test Cases/AHI/_include/get_screenshot: Test Cases/AHI/_include/get_screenshot

2019-12-31 08:23:43 - [TEST_STEP][PASSED] - takeScreenshot(screenPath + i + ".png"): Taking screenshot successfully

2019-12-31 08:23:44 - [MESSAGE][PASSED] - Taking screenshot successfully
[[ATTACHMENT|D:\\Test\\AgileTest\\Reports\\HIC\\hic\\20191231_080029\\../Screenshots/iPhone 6/HIC/Teladoc/Teladoc/20191231_082311/5.png]]

2019-12-31 08:23:44 - [TEST_STEP][PASSED] - (internal.GlobalVariable.i++): null

2019-12-31 08:23:44 - [MESSAGE][PASSED] - Call Test Case 'Test Cases/AHI/_include/get_screenshot' successfully

2019-12-31 08:23:44 - [TEST_STEP][PASSED] - setText(findTestObject("mobileSanity/Teladoc/Page_App Page 2/input__credit-card-first"), FirstName): Text 'Test-123' is set on object 'Object Repository/mobileSanity/Teladoc/Page_App Page 2/input__credit-card-first'

2019-12-31 08:23:44 - [MESSAGE][PASSED] - Text 'Test-123' is set on object 'Object Repository/mobileSanity/Teladoc/Page_App Page 2/input__credit-card-first'

2019-12-31 08:23:44 - [TEST_STEP][PASSED] - setText(findTestObject("mobileSanity/Teladoc/Page_App Page 2/input__credit-card-last"), LastName): Text 'ZZ11-tSKKCyyr' is set on object 'Object Repository/mobileSanity/Teladoc/Page_App Page 2/input__credit-card-last'

2019-12-31 08:23:44 - [MESSAGE][PASSED] - Text 'ZZ11-tSKKCyyr' is set on object 'Object Repository/mobileSanity/Teladoc/Page_App Page 2/input__credit-card-last'

2019-12-31 08:23:44 - [TEST_STEP][PASSED] - selectOptionByValue(findTestObject("mobileSanity/Teladoc/Page_App Page 2/select_MM010203040506070809101"), "12", true): All options with value '12' are selected in object 'Object Repository/mobileSanity/Teladoc/Page_App Page 2/select_MM010203040506070809101'  using regular expression

2019-12-31 08:23:44 - [MESSAGE][PASSED] - All options with value '12' are selected in object 'Object Repository/mobileSanity/Teladoc/Page_App Page 2/select_MM010203040506070809101'  using regular expression

2019-12-31 08:23:44 - [TEST_STEP][PASSED] - selectOptionByValue(findTestObject("mobileSanity/Teladoc/Page_App Page 2/select_YYYY2019202020212022202"), "2026", true): All options with value '2026' are selected in object 'Object Repository/mobileSanity/Teladoc/Page_App Page 2/select_YYYY2019202020212022202'  using regular expression

2019-12-31 08:23:45 - [MESSAGE][PASSED] - All options with value '2026' are selected in object 'Object Repository/mobileSanity/Teladoc/Page_App Page 2/select_YYYY2019202020212022202'  using regular expression

2019-12-31 08:23:45 - [TEST_STEP][PASSED] - setText(findTestObject("mobileSanity/Teladoc/Page_App Page 2/input__credit-card-number"), "4111111111111111"): Text '4111111111111111' is set on object 'Object Repository/mobileSanity/Teladoc/Page_App Page 2/input__credit-card-number'

2019-12-31 08:23:45 - [MESSAGE][PASSED] - Text '4111111111111111' is set on object 'Object Repository/mobileSanity/Teladoc/Page_App Page 2/input__credit-card-number'

2019-12-31 08:23:45 - [TEST_STEP][PASSED] - setText(findTestObject("mobileSanity/Teladoc/Page_App Page 2/input__credit-card-cvv"), "122"): Text '122' is set on object 'Object Repository/mobileSanity/Teladoc/Page_App Page 2/input__credit-card-cvv'

2019-12-31 08:23:45 - [MESSAGE][PASSED] - Text '122' is set on object 'Object Repository/mobileSanity/Teladoc/Page_App Page 2/input__credit-card-cvv'

2019-12-31 08:23:45 - [TEST_STEP][PASSED] - click(findTestObject("mobileSanity/Teladoc/Page_App Page 2/label_My billing address is th")): Object: 'Object Repository/mobileSanity/Teladoc/Page_App Page 2/label_My billing address is th' is clicked on

2019-12-31 08:23:45 - [MESSAGE][PASSED] - Object: 'Object Repository/mobileSanity/Teladoc/Page_App Page 2/label_My billing address is th' is clicked on

2019-12-31 08:23:45 - [TEST_STEP][PASSED] - click(findTestObject("mobileSanity/Teladoc/Page_App Page 2/label_I Accept Authorization f")): Object: 'Object Repository/mobileSanity/Teladoc/Page_App Page 2/label_I Accept Authorization f' is clicked on

2019-12-31 08:23:45 - [MESSAGE][PASSED] - Object: 'Object Repository/mobileSanity/Teladoc/Page_App Page 2/label_I Accept Authorization f' is clicked on

2019-12-31 08:23:45 - [TEST_STEP][PASSED] - click(findTestObject("mobileSanity/Teladoc/Page_App Page 2/a_Continue to Step 3 - Review")): Object: 'Object Repository/mobileSanity/Teladoc/Page_App Page 2/a_Continue to Step 3 - Review' is clicked on

2019-12-31 08:23:45 - [MESSAGE][PASSED] - Object: 'Object Repository/mobileSanity/Teladoc/Page_App Page 2/a_Continue to Step 3 - Review' is clicked on

2019-12-31 08:23:45 - [TEST_STEP][PASSED] - waitForPageLoad(20): Wait for page load successfully

2019-12-31 08:23:45 - [MESSAGE][PASSED] - Wait for page load successfully

2019-12-31 08:23:45 - [TEST_STEP][PASSED] - waitForElementPresent(findTestObject("mobileSanity/Teladoc/Page_App Page 3/label"), 20): Object 'Object Repository/mobileSanity/Teladoc/Page_App Page 3/label' is present

2019-12-31 08:23:56 - [MESSAGE][PASSED] - Object 'Object Repository/mobileSanity/Teladoc/Page_App Page 3/label' is present

2019-12-31 08:23:56 - [TEST_STEP][PASSED] - Thread.sleep(5000): null

2019-12-31 08:24:01 - [TEST_STEP][PASSED] - callTestCase(findTestCase("AHI/_include/get_screenshot"), [:], STOP_ON_FAILURE): Call Test Case 'Test Cases/AHI/_include/get_screenshot' successfully

2019-12-31 08:24:02 - [TEST_CASE][PASSED] - Test Cases/AHI/_include/get_screenshot: Test Cases/AHI/_include/get_screenshot

2019-12-31 08:24:02 - [TEST_STEP][PASSED] - takeScreenshot(screenPath + i + ".png"): Taking screenshot successfully

2019-12-31 08:24:02 - [MESSAGE][PASSED] - Taking screenshot successfully
[[ATTACHMENT|D:\\Test\\AgileTest\\Reports\\HIC\\hic\\20191231_080029\\../Screenshots/iPhone 6/HIC/Teladoc/Teladoc/20191231_082311/6.png]]

2019-12-31 08:24:02 - [TEST_STEP][PASSED] - (internal.GlobalVariable.i++): null

2019-12-31 08:24:02 - [MESSAGE][PASSED] - Call Test Case 'Test Cases/AHI/_include/get_screenshot' successfully

2019-12-31 08:24:02 - [TEST_STEP][PASSED] - scrollToElement(findTestObject("mobileSanity/Teladoc/Page_App Page 3/label"), 10): Scroll to object 'Object Repository/mobileSanity/Teladoc/Page_App Page 3/label' successfully

2019-12-31 08:24:02 - [MESSAGE][PASSED] - Scroll to object 'Object Repository/mobileSanity/Teladoc/Page_App Page 3/label' successfully

2019-12-31 08:24:02 - [TEST_STEP][PASSED] - waitForElementClickable(findTestObject("mobileSanity/Teladoc/Page_App Page 3/label"), 10): Object 'Object Repository/mobileSanity/Teladoc/Page_App Page 3/label' is clickable

2019-12-31 08:24:02 - [MESSAGE][PASSED] - Object 'Object Repository/mobileSanity/Teladoc/Page_App Page 3/label' is clickable

2019-12-31 08:24:02 - [TEST_STEP][PASSED] - click(findTestObject("mobileSanity/Teladoc/Page_App Page 3/label")): Object: 'Object Repository/mobileSanity/Teladoc/Page_App Page 3/label' is clicked on

2019-12-31 08:24:02 - [MESSAGE][PASSED] - Object: 'Object Repository/mobileSanity/Teladoc/Page_App Page 3/label' is clicked on

2019-12-31 08:24:02 - [TEST_STEP][PASSED] - click(findTestObject("mobileSanity/Teladoc/Page_App Page 3/p_")): Object: 'Object Repository/mobileSanity/Teladoc/Page_App Page 3/p_' is clicked on

2019-12-31 08:24:02 - [MESSAGE][PASSED] - Object: 'Object Repository/mobileSanity/Teladoc/Page_App Page 3/p_' is clicked on

2019-12-31 08:24:02 - [TEST_STEP][PASSED] - click(findTestObject("mobileSanity/Teladoc/Page_App Page 3/a_Submit Your Application")): Object: 'Object Repository/mobileSanity/Teladoc/Page_App Page 3/a_Submit Your Application' is clicked on

2019-12-31 08:24:02 - [MESSAGE][PASSED] - Object: 'Object Repository/mobileSanity/Teladoc/Page_App Page 3/a_Submit Your Application' is clicked on

2019-12-31 08:24:02 - [TEST_STEP][PASSED] - Thread.sleep(50000): null

2019-12-31 08:24:52 - [TEST_STEP][PASSED] - callTestCase(findTestCase("AHI/_include/get_screenshot"), [:], STOP_ON_FAILURE): Call Test Case 'Test Cases/AHI/_include/get_screenshot' successfully

2019-12-31 08:24:52 - [TEST_CASE][PASSED] - Test Cases/AHI/_include/get_screenshot: Test Cases/AHI/_include/get_screenshot

2019-12-31 08:24:52 - [TEST_STEP][PASSED] - takeScreenshot(screenPath + i + ".png"): Taking screenshot successfully

2019-12-31 08:24:53 - [MESSAGE][PASSED] - Taking screenshot successfully
[[ATTACHMENT|D:\\Test\\AgileTest\\Reports\\HIC\\hic\\20191231_080029\\../Screenshots/iPhone 6/HIC/Teladoc/Teladoc/20191231_082311/7.png]]

2019-12-31 08:24:53 - [TEST_STEP][PASSED] - (internal.GlobalVariable.i++): null

2019-12-31 08:24:53 - [MESSAGE][PASSED] - Call Test Case 'Test Cases/AHI/_include/get_screenshot' successfully

2019-12-31 08:24:53 - [TEST_STEP][PASSED] - verifyTextPresent("Congratulations", false): Text 'Congratulations' is present on page 

2019-12-31 08:24:53 - [MESSAGE][PASSED] - Text 'Congratulations' is present on page]]></system-out>
         <system-err><![CDATA[]]></system-err>
      </testcase>
      <system-out><![CDATA[2019-12-31 08:00:35 - [TEST_SUITE][FAILED] - hic: Test Cases/HIC/STM/Slaico FAILED.
Reason:
com.kms.katalon.core.exception.StepFailedException: Unable to clear text of object 'Object Repository/mobileSanity/STM/Page_App Page 3/input__credit-card-cvv' (Root cause: com.kms.katalon.core.webui.exception.WebElementNotFoundException: Web element with id: 'Object Repository/mobileSanity/STM/Page_App Page 3/input__credit-card-cvv' located by 'By.xpath: //*[@id = 'credit-card-cvv']' not found)
	at com.kms.katalon.core.keyword.internal.KeywordMain.stepFailed(KeywordMain.groovy:36)
	at com.kms.katalon.core.webui.keyword.internal.WebUIKeywordMain.stepFailed(WebUIKeywordMain.groovy:65)
	at com.kms.katalon.core.webui.keyword.internal.WebUIKeywordMain.runKeyword(WebUIKeywordMain.groovy:43)
	at com.kms.katalon.core.webui.keyword.builtin.ClearTextKeyword.clearText(ClearTextKeyword.groovy:61)
	at com.kms.katalon.core.webui.keyword.builtin.ClearTextKeyword.execute(ClearTextKeyword.groovy:34)
	at com.kms.katalon.core.keyword.internal.KeywordExecutor.executeKeywordForPlatform(KeywordExecutor.groovy:53)
	at com.kms.katalon.core.webui.keyword.WebUiBuiltInKeywords.clearText(WebUiBuiltInKeywords.groovy:3817)
	at com.kms.katalon.core.webui.keyword.WebUiBuiltInKeywords$clearText$13.call(Unknown Source)
	at goToEnd_stm_autofill.run(goToEnd_stm_autofill:71)
	at com.kms.katalon.core.main.ScriptEngine.run(ScriptEngine.java:194)
	at com.kms.katalon.core.main.ScriptEngine.runScriptAsRawText(ScriptEngine.java:119)
	at com.kms.katalon.core.main.TestCaseExecutor.runScript(TestCaseExecutor.java:328)
	at com.kms.katalon.core.main.TestCaseExecutor.doExecute(TestCaseExecutor.java:319)
	at com.kms.katalon.core.main.TestCaseExecutor.processExecutionPhase(TestCaseExecutor.java:298)
	at com.kms.katalon.core.main.TestCaseExecutor.accessMainPhase(TestCaseExecutor.java:290)
	at com.kms.katalon.core.main.TestCaseExecutor.execute(TestCaseExecutor.java:224)
	at com.kms.katalon.core.main.TestCaseMain.runTestCase(TestCaseMain.java:106)
	at com.kms.katalon.core.keyword.builtin.CallTestCaseKeyword$_callTestCase_closure1.doCall(CallTestCaseKeyword.groovy:59)
	at com.kms.katalon.core.keyword.builtin.CallTestCaseKeyword$_callTestCase_closure1.call(CallTestCaseKeyword.groovy)
	at com.kms.katalon.core.keyword.internal.KeywordMain.runKeyword(KeywordMain.groovy:54)
	at com.kms.katalon.core.keyword.builtin.CallTestCaseKeyword.callTestCase(CallTestCaseKeyword.groovy:80)
	at com.kms.katalon.core.keyword.builtin.CallTestCaseKeyword.execute(CallTestCaseKeyword.groovy:44)
	at com.kms.katalon.core.keyword.internal.KeywordExecutor.executeKeywordForPlatform(KeywordExecutor.groovy:53)
	at com.kms.katalon.core.keyword.BuiltinKeywords.callTestCase(BuiltinKeywords.groovy:334)
	at Slaico.run(Slaico:41)
	at com.kms.katalon.core.main.ScriptEngine.run(ScriptEngine.java:194)
	at com.kms.katalon.core.main.ScriptEngine.runScriptAsRawText(ScriptEngine.java:119)
	at com.kms.katalon.core.main.TestCaseExecutor.runScript(TestCaseExecutor.java:328)
	at com.kms.katalon.core.main.TestCaseExecutor.doExecute(TestCaseExecutor.java:319)
	at com.kms.katalon.core.main.TestCaseExecutor.processExecutionPhase(TestCaseExecutor.java:298)
	at com.kms.katalon.core.main.TestCaseExecutor.accessMainPhase(TestCaseExecutor.java:290)
	at com.kms.katalon.core.main.TestCaseExecutor.execute(TestCaseExecutor.java:224)
	at com.kms.katalon.core.main.TestSuiteExecutor.accessTestCaseMainPhase(TestSuiteExecutor.java:129)
	at com.kms.katalon.core.main.TestSuiteExecutor.accessTestSuiteMainPhase(TestSuiteExecutor.java:112)
	at com.kms.katalon.core.main.TestSuiteExecutor.execute(TestSuiteExecutor.java:81)
	at com.kms.katalon.core.main.TestCaseMain.startTestSuite(TestCaseMain.java:149)
	at com.kms.katalon.core.main.TestCaseMain$startTestSuite$0.call(Unknown Source)
	at TempTestSuite1577797229431.run(TempTestSuite1577797229431.groovy:36)]]></system-out>
      <system-err><![CDATA[2019-12-31 08:00:35 - [TEST_SUITE][FAILED] - hic: Test Cases/HIC/STM/Slaico FAILED.
Reason:
com.kms.katalon.core.exception.StepFailedException: Unable to clear text of object 'Object Repository/mobileSanity/STM/Page_App Page 3/input__credit-card-cvv' (Root cause: com.kms.katalon.core.webui.exception.WebElementNotFoundException: Web element with id: 'Object Repository/mobileSanity/STM/Page_App Page 3/input__credit-card-cvv' located by 'By.xpath: //*[@id = 'credit-card-cvv']' not found)
	at com.kms.katalon.core.keyword.internal.KeywordMain.stepFailed(KeywordMain.groovy:36)
	at com.kms.katalon.core.webui.keyword.internal.WebUIKeywordMain.stepFailed(WebUIKeywordMain.groovy:65)
	at com.kms.katalon.core.webui.keyword.internal.WebUIKeywordMain.runKeyword(WebUIKeywordMain.groovy:43)
	at com.kms.katalon.core.webui.keyword.builtin.ClearTextKeyword.clearText(ClearTextKeyword.groovy:61)
	at com.kms.katalon.core.webui.keyword.builtin.ClearTextKeyword.execute(ClearTextKeyword.groovy:34)
	at com.kms.katalon.core.keyword.internal.KeywordExecutor.executeKeywordForPlatform(KeywordExecutor.groovy:53)
	at com.kms.katalon.core.webui.keyword.WebUiBuiltInKeywords.clearText(WebUiBuiltInKeywords.groovy:3817)
	at com.kms.katalon.core.webui.keyword.WebUiBuiltInKeywords$clearText$13.call(Unknown Source)
	at goToEnd_stm_autofill.run(goToEnd_stm_autofill:71)
	at com.kms.katalon.core.main.ScriptEngine.run(ScriptEngine.java:194)
	at com.kms.katalon.core.main.ScriptEngine.runScriptAsRawText(ScriptEngine.java:119)
	at com.kms.katalon.core.main.TestCaseExecutor.runScript(TestCaseExecutor.java:328)
	at com.kms.katalon.core.main.TestCaseExecutor.doExecute(TestCaseExecutor.java:319)
	at com.kms.katalon.core.main.TestCaseExecutor.processExecutionPhase(TestCaseExecutor.java:298)
	at com.kms.katalon.core.main.TestCaseExecutor.accessMainPhase(TestCaseExecutor.java:290)
	at com.kms.katalon.core.main.TestCaseExecutor.execute(TestCaseExecutor.java:224)
	at com.kms.katalon.core.main.TestCaseMain.runTestCase(TestCaseMain.java:106)
	at com.kms.katalon.core.keyword.builtin.CallTestCaseKeyword$_callTestCase_closure1.doCall(CallTestCaseKeyword.groovy:59)
	at com.kms.katalon.core.keyword.builtin.CallTestCaseKeyword$_callTestCase_closure1.call(CallTestCaseKeyword.groovy)
	at com.kms.katalon.core.keyword.internal.KeywordMain.runKeyword(KeywordMain.groovy:54)
	at com.kms.katalon.core.keyword.builtin.CallTestCaseKeyword.callTestCase(CallTestCaseKeyword.groovy:80)
	at com.kms.katalon.core.keyword.builtin.CallTestCaseKeyword.execute(CallTestCaseKeyword.groovy:44)
	at com.kms.katalon.core.keyword.internal.KeywordExecutor.executeKeywordForPlatform(KeywordExecutor.groovy:53)
	at com.kms.katalon.core.keyword.BuiltinKeywords.callTestCase(BuiltinKeywords.groovy:334)
	at Slaico.run(Slaico:41)
	at com.kms.katalon.core.main.ScriptEngine.run(ScriptEngine.java:194)
	at com.kms.katalon.core.main.ScriptEngine.runScriptAsRawText(ScriptEngine.java:119)
	at com.kms.katalon.core.main.TestCaseExecutor.runScript(TestCaseExecutor.java:328)
	at com.kms.katalon.core.main.TestCaseExecutor.doExecute(TestCaseExecutor.java:319)
	at com.kms.katalon.core.main.TestCaseExecutor.processExecutionPhase(TestCaseExecutor.java:298)
	at com.kms.katalon.core.main.TestCaseExecutor.accessMainPhase(TestCaseExecutor.java:290)
	at com.kms.katalon.core.main.TestCaseExecutor.execute(TestCaseExecutor.java:224)
	at com.kms.katalon.core.main.TestSuiteExecutor.accessTestCaseMainPhase(TestSuiteExecutor.java:129)
	at com.kms.katalon.core.main.TestSuiteExecutor.accessTestSuiteMainPhase(TestSuiteExecutor.java:112)
	at com.kms.katalon.core.main.TestSuiteExecutor.execute(TestSuiteExecutor.java:81)
	at com.kms.katalon.core.main.TestCaseMain.startTestSuite(TestCaseMain.java:149)
	at com.kms.katalon.core.main.TestCaseMain$startTestSuite$0.call(Unknown Source)
	at TempTestSuite1577797229431.run(TempTestSuite1577797229431.groovy:36)]]></system-err>
   </testsuite>
</testsuites>
