<?xml version="1.0" encoding="UTF-8"?>
<testsuites name="LLBenefits" time="45" tests="0" failures="1" errors="0">
   <testsuite name="LLBenefits" tests="0" failures="1" errors="0" time="45" timestamp="2019-12-06 01:58:28" hostname="Administrator - 172.30.0.53" id="Test Suites/PrivateLabel/LLBenefits">
      <properties>
         <property name="deviceName" value=""/>
         <property name="devicePlatform" value=""/>
         <property name="logFolder" value="D:\\Test\\AgileTest\\Reports\\PrivateLabel\\LLBenefits\\20191206_013831"/>
         <property name="logFiles" value="D:\\Test\\AgileTest\\Reports\\PrivateLabel\\LLBenefits\\20191206_013831\\execution0.log"/>
         <property name="attachments" value="D:\\Test\\AgileTest\\Reports\\PrivateLabel\\LLBenefits\\20191206_013831\\../Screenshots/iPhone 6/LLBenefits/Vitala Care/20191206_015830/0.png, D:\\Test\\AgileTest\\Reports\\PrivateLabel\\LLBenefits\\20191206_013831\\../Screenshots/iPhone 6/LLBenefits/Vitala Care/20191206_015830/1.png, D:\\Test\\AgileTest\\Reports\\PrivateLabel\\LLBenefits\\20191206_013831\\../Screenshots/iPhone 6/LLBenefits/Vitala Care/20191206_015830/2.png, D:\\Test\\AgileTest\\Reports\\PrivateLabel\\LLBenefits\\20191206_013831\\../Screenshots/iPhone 6/LLBenefits/Vitala Care/20191206_015830/3.png, D:\\Test\\AgileTest\\Reports\\PrivateLabel\\LLBenefits\\20191206_013831\\1575615553517.png"/>
         <property name="hostName" value="Administrator - 172.30.0.53"/>
         <property name="os" value="Windows Server 2012 R2 64bit"/>
         <property name="katalonVersion" value="5.10.1.1"/>
         <property name="browser" value="Safari 11"/>
         <property name="hostAddress" value="172.30.0.53"/>
         <property name="sessionId" value="79b12c0d66ac1d58cd962079589523f1"/>
         <property name="seleniumVersion" value="3.7.1"/>
         <property name="proxyInformation" value="ProxyInformation{proxyOption=NO_PROXY, proxyServerType=HTTP, password=, proxyServerAddress=, proxyServerPort=0}"/>
         <property name="platform" value="Windows Server 2012 R2"/>
      </properties>
      <testcase name="Test Cases/PL Site/LLBenefits/hbi/Vitala Care" classname="Test Cases/PL Site/LLBenefits/hbi/Vitala Care" status="FAILED">
         <failure type="FAILED" message="Test Cases/PL Site/LLBenefits/hbi/Vitala Care FAILED.
Reason:
com.kms.katalon.core.exception.StepFailedException: Unable to click on object 'Object Repository/mobileSanity/HBI/quote/a_Vitala Care' (Root cause: com.kms.katalon.core.webui.exception.WebElementNotFoundException: Web element with id: 'Object Repository/mobileSanity/HBI/quote/a_Vitala Care' located by 'By.xpath: //li[@class='js-plan plan js-plan-responsive' and @data-id='vitalacare-ca-100a-100-30-50-3']/div[2]/table/tbody/tr/td/a' not found)
	at com.kms.katalon.core.keyword.internal.KeywordMain.stepFailed(KeywordMain.groovy:36)
	at com.kms.katalon.core.webui.keyword.internal.WebUIKeywordMain.stepFailed(WebUIKeywordMain.groovy:65)
	at com.kms.katalon.core.webui.keyword.internal.WebUIKeywordMain.runKeyword(WebUIKeywordMain.groovy:27)
	at com.kms.katalon.core.webui.keyword.builtin.ClickKeyword.click(ClickKeyword.groovy:86)
	at com.kms.katalon.core.webui.keyword.builtin.ClickKeyword.execute(ClickKeyword.groovy:67)
	at com.kms.katalon.core.keyword.internal.KeywordExecutor.executeKeywordForPlatform(KeywordExecutor.groovy:53)
	at com.kms.katalon.core.webui.keyword.WebUiBuiltInKeywords.click(WebUiBuiltInKeywords.groovy:616)
	at com.kms.katalon.core.webui.keyword.WebUiBuiltInKeywords$click$2.call(Unknown Source)
	at Vitala Care.run(Vitala Care:30)
	at com.kms.katalon.core.main.ScriptEngine.run(ScriptEngine.java:194)
	at com.kms.katalon.core.main.ScriptEngine.runScriptAsRawText(ScriptEngine.java:119)
	at com.kms.katalon.core.main.TestCaseExecutor.runScript(TestCaseExecutor.java:328)
	at com.kms.katalon.core.main.TestCaseExecutor.doExecute(TestCaseExecutor.java:319)
	at com.kms.katalon.core.main.TestCaseExecutor.processExecutionPhase(TestCaseExecutor.java:298)
	at com.kms.katalon.core.main.TestCaseExecutor.accessMainPhase(TestCaseExecutor.java:290)
	at com.kms.katalon.core.main.TestCaseExecutor.execute(TestCaseExecutor.java:224)
	at com.kms.katalon.core.main.TestSuiteExecutor.accessTestCaseMainPhase(TestSuiteExecutor.java:129)
	at com.kms.katalon.core.main.TestSuiteExecutor.accessTestSuiteMainPhase(TestSuiteExecutor.java:112)
	at com.kms.katalon.core.main.TestSuiteExecutor.execute(TestSuiteExecutor.java:81)
	at com.kms.katalon.core.main.TestCaseMain.startTestSuite(TestCaseMain.java:149)
	at com.kms.katalon.core.main.TestCaseMain$startTestSuite$0.call(Unknown Source)
	at TempTestSuite1575614311027.run(TempTestSuite1575614311027.groovy:36)
"/>
         <system-out><![CDATA[2019-12-06 01:58:29 - [TEST_CASE][FAILED] - Test Cases/PL Site/LLBenefits/hbi/Vitala Care: Test Cases/PL Site/LLBenefits/hbi/Vitala Care FAILED.
Reason:
com.kms.katalon.core.exception.StepFailedException: Unable to click on object 'Object Repository/mobileSanity/HBI/quote/a_Vitala Care' (Root cause: com.kms.katalon.core.webui.exception.WebElementNotFoundException: Web element with id: 'Object Repository/mobileSanity/HBI/quote/a_Vitala Care' located by 'By.xpath: //li[@class='js-plan plan js-plan-responsive' and @data-id='vitalacare-ca-100a-100-30-50-3']/div[2]/table/tbody/tr/td/a' not found)
	at com.kms.katalon.core.keyword.internal.KeywordMain.stepFailed(KeywordMain.groovy:36)
	at com.kms.katalon.core.webui.keyword.internal.WebUIKeywordMain.stepFailed(WebUIKeywordMain.groovy:65)
	at com.kms.katalon.core.webui.keyword.internal.WebUIKeywordMain.runKeyword(WebUIKeywordMain.groovy:27)
	at com.kms.katalon.core.webui.keyword.builtin.ClickKeyword.click(ClickKeyword.groovy:86)
	at com.kms.katalon.core.webui.keyword.builtin.ClickKeyword.execute(ClickKeyword.groovy:67)
	at com.kms.katalon.core.keyword.internal.KeywordExecutor.executeKeywordForPlatform(KeywordExecutor.groovy:53)
	at com.kms.katalon.core.webui.keyword.WebUiBuiltInKeywords.click(WebUiBuiltInKeywords.groovy:616)
	at com.kms.katalon.core.webui.keyword.WebUiBuiltInKeywords$click$2.call(Unknown Source)
	at Vitala Care.run(Vitala Care:30)
	at com.kms.katalon.core.main.ScriptEngine.run(ScriptEngine.java:194)
	at com.kms.katalon.core.main.ScriptEngine.runScriptAsRawText(ScriptEngine.java:119)
	at com.kms.katalon.core.main.TestCaseExecutor.runScript(TestCaseExecutor.java:328)
	at com.kms.katalon.core.main.TestCaseExecutor.doExecute(TestCaseExecutor.java:319)
	at com.kms.katalon.core.main.TestCaseExecutor.processExecutionPhase(TestCaseExecutor.java:298)
	at com.kms.katalon.core.main.TestCaseExecutor.accessMainPhase(TestCaseExecutor.java:290)
	at com.kms.katalon.core.main.TestCaseExecutor.execute(TestCaseExecutor.java:224)
	at com.kms.katalon.core.main.TestSuiteExecutor.accessTestCaseMainPhase(TestSuiteExecutor.java:129)
	at com.kms.katalon.core.main.TestSuiteExecutor.accessTestSuiteMainPhase(TestSuiteExecutor.java:112)
	at com.kms.katalon.core.main.TestSuiteExecutor.execute(TestSuiteExecutor.java:81)
	at com.kms.katalon.core.main.TestCaseMain.startTestSuite(TestCaseMain.java:149)
	at com.kms.katalon.core.main.TestCaseMain$startTestSuite$0.call(Unknown Source)
	at TempTestSuite1575614311027.run(TempTestSuite1575614311027.groovy:36)


2019-12-06 01:58:29 - [TEST_STEP][PASSED] - callTestCase(findTestCase("mobileWeb/_include/get_screenPath"), ["productLine":"LLBenefits", "carrierName":"Vitala Care"], CONTINUE_ON_FAILURE): Call Test Case 'Test Cases/mobileWeb/_include/get_screenPath' successfully

2019-12-06 01:58:29 - [TEST_CASE][PASSED] - Test Cases/mobileWeb/_include/get_screenPath: Test Cases/mobileWeb/_include/get_screenPath

2019-12-06 01:58:30 - [TEST_STEP][PASSED] - m = getExecutionProperties(): null

2019-12-06 01:58:30 - [TEST_STEP][PASSED] - deviceName = get("mobileEmulation").get("deviceName"): null

2019-12-06 01:58:30 - [TEST_STEP][PASSED] - println(deviceName): null

2019-12-06 01:58:30 - [TEST_STEP][PASSED] - now = new java.util.Date(): null

2019-12-06 01:58:30 - [TEST_STEP][PASSED] - mydate = now.format("yyyyMMdd_HHmmss"): null

2019-12-06 01:58:30 - [TEST_STEP][PASSED] - screenPath = "../Screenshots/": null

2019-12-06 01:58:30 - [TEST_STEP][PASSED] - screenPath = screenPath + deviceName + "/" + productLine + "/" + carrierName + "/" + mydate + "/": null

2019-12-06 01:58:30 - [TEST_STEP][PASSED] - println(screenPath): null

2019-12-06 01:58:30 - [MESSAGE][PASSED] - Call Test Case 'Test Cases/mobileWeb/_include/get_screenPath' successfully

2019-12-06 01:58:30 - [TEST_STEP][PASSED] - i = 0: null

2019-12-06 01:58:30 - [TEST_STEP][PASSED] - callTestCase(findTestCase("mobileWeb/_include/openWebSite"), ["env":"https://llbenefits--qa.storefront.mybenefitskeeper.com"], STOP_ON_FAILURE): Call Test Case 'Test Cases/mobileWeb/_include/openWebSite' successfully

2019-12-06 01:58:30 - [TEST_CASE][PASSED] - Test Cases/mobileWeb/_include/openWebSite: Test Cases/mobileWeb/_include/openWebSite

2019-12-06 01:58:30 - [TEST_STEP][PASSED] - openBrowser(env): Browser is opened with url: 'https://llbenefits--qa.storefront.mybenefitskeeper.com'

2019-12-06 01:58:30 - [MESSAGE][INFO] - Starting 'Chrome' driver

2019-12-06 01:58:30 - [MESSAGE][INFO] - User set preference: ['mobileEmulation', '{deviceName=iPhone 6}']

2019-12-06 01:58:30 - [MESSAGE][INFO] - User set preference: ['args', '[--incognito, --aggressive-cache-discard, --window-size=375,677, --no-sandbox]']

2019-12-06 01:58:30 - [MESSAGE][INFO] - Action delay is set to 0 seconds

2019-12-06 01:58:33 - [MESSAGE][PASSED] - Browser is opened with url: 'https://llbenefits--qa.storefront.mybenefitskeeper.com'

2019-12-06 01:58:33 - [TEST_STEP][PASSED] - waitForPageLoad(20): Wait for page load successfully

2019-12-06 01:58:33 - [MESSAGE][PASSED] - Wait for page load successfully

2019-12-06 01:58:33 - [TEST_STEP][PASSED] - callTestCase(findTestCase("mobileWeb/_include/get_screenshot"), [:], STOP_ON_FAILURE): Call Test Case 'Test Cases/mobileWeb/_include/get_screenshot' successfully

2019-12-06 01:58:34 - [TEST_CASE][PASSED] - Test Cases/mobileWeb/_include/get_screenshot: Test Cases/mobileWeb/_include/get_screenshot

2019-12-06 01:58:34 - [TEST_STEP][PASSED] - takeScreenshot(screenPath + i + ".png"): Taking screenshot successfully

2019-12-06 01:58:34 - [MESSAGE][PASSED] - Taking screenshot successfully
[[ATTACHMENT|D:\\Test\\AgileTest\\Reports\\PrivateLabel\\LLBenefits\\20191206_013831\\../Screenshots/iPhone 6/LLBenefits/Vitala Care/20191206_015830/0.png]]

2019-12-06 01:58:34 - [TEST_STEP][PASSED] - (internal.GlobalVariable.i++): null

2019-12-06 01:58:34 - [MESSAGE][PASSED] - Call Test Case 'Test Cases/mobileWeb/_include/get_screenshot' successfully

2019-12-06 01:58:34 - [MESSAGE][PASSED] - Call Test Case 'Test Cases/mobileWeb/_include/openWebSite' successfully

2019-12-06 01:58:34 - [TEST_STEP][PASSED] - callTestCase(findTestCase("mobileWeb/_include/census_hbi"), ["zipcode":"33186"], CONTINUE_ON_FAILURE): Call Test Case 'Test Cases/mobileWeb/_include/census_hbi' successfully

2019-12-06 01:58:34 - [TEST_CASE][PASSED] - Test Cases/mobileWeb/_include/census_hbi: Test Cases/mobileWeb/_include/census_hbi

2019-12-06 01:58:34 - [TEST_STEP][PASSED] - click(findTestObject("mobileSanity/Common/side_nav/menu")): Object: 'Object Repository/mobileSanity/Common/side_nav/menu' is clicked on

2019-12-06 01:58:35 - [MESSAGE][PASSED] - Object: 'Object Repository/mobileSanity/Common/side_nav/menu' is clicked on

2019-12-06 01:58:35 - [TEST_STEP][PASSED] - Thread.sleep(3000): null

2019-12-06 01:58:38 - [TEST_STEP][PASSED] - callTestCase(findTestCase("mobileWeb/_include/get_screenshot"), [:], STOP_ON_FAILURE): Call Test Case 'Test Cases/mobileWeb/_include/get_screenshot' successfully

2019-12-06 01:58:38 - [TEST_CASE][PASSED] - Test Cases/mobileWeb/_include/get_screenshot: Test Cases/mobileWeb/_include/get_screenshot

2019-12-06 01:58:38 - [TEST_STEP][PASSED] - takeScreenshot(screenPath + i + ".png"): Taking screenshot successfully

2019-12-06 01:58:38 - [MESSAGE][PASSED] - Taking screenshot successfully
[[ATTACHMENT|D:\\Test\\AgileTest\\Reports\\PrivateLabel\\LLBenefits\\20191206_013831\\../Screenshots/iPhone 6/LLBenefits/Vitala Care/20191206_015830/1.png]]

2019-12-06 01:58:38 - [TEST_STEP][PASSED] - (internal.GlobalVariable.i++): null

2019-12-06 01:58:38 - [MESSAGE][PASSED] - Call Test Case 'Test Cases/mobileWeb/_include/get_screenshot' successfully

2019-12-06 01:58:38 - [TEST_STEP][PASSED] - click(findTestObject("mobileSanity/Common/side_nav/nav_hbi")): Object: 'Object Repository/mobileSanity/Common/side_nav/nav_hbi' is clicked on

2019-12-06 01:58:39 - [MESSAGE][PASSED] - Object: 'Object Repository/mobileSanity/Common/side_nav/nav_hbi' is clicked on

2019-12-06 01:58:39 - [TEST_STEP][PASSED] - waitForPageLoad(10): Wait for page load successfully

2019-12-06 01:58:39 - [MESSAGE][PASSED] - Wait for page load successfully

2019-12-06 01:58:39 - [TEST_STEP][PASSED] - Thread.sleep(3000): null

2019-12-06 01:58:42 - [TEST_STEP][PASSED] - callTestCase(findTestCase("mobileWeb/_include/get_screenshot"), [:], STOP_ON_FAILURE): Call Test Case 'Test Cases/mobileWeb/_include/get_screenshot' successfully

2019-12-06 01:58:42 - [TEST_CASE][PASSED] - Test Cases/mobileWeb/_include/get_screenshot: Test Cases/mobileWeb/_include/get_screenshot

2019-12-06 01:58:42 - [TEST_STEP][PASSED] - takeScreenshot(screenPath + i + ".png"): Taking screenshot successfully

2019-12-06 01:58:42 - [MESSAGE][PASSED] - Taking screenshot successfully
[[ATTACHMENT|D:\\Test\\AgileTest\\Reports\\PrivateLabel\\LLBenefits\\20191206_013831\\../Screenshots/iPhone 6/LLBenefits/Vitala Care/20191206_015830/2.png]]

2019-12-06 01:58:42 - [TEST_STEP][PASSED] - (internal.GlobalVariable.i++): null

2019-12-06 01:58:42 - [MESSAGE][PASSED] - Call Test Case 'Test Cases/mobileWeb/_include/get_screenshot' successfully

2019-12-06 01:58:42 - [TEST_STEP][PASSED] - setText(findTestObject("mobileSanity/HBI/census/input_Location_zip-input"), zipcode): Text '33186' is set on object 'Object Repository/mobileSanity/HBI/census/input_Location_zip-input'

2019-12-06 01:58:42 - [MESSAGE][PASSED] - Text '33186' is set on object 'Object Repository/mobileSanity/HBI/census/input_Location_zip-input'

2019-12-06 01:58:42 - [TEST_STEP][PASSED] - Thread.sleep(500): null

2019-12-06 01:58:43 - [TEST_STEP][PASSED] - setText(findTestObject("mobileSanity/HBI/census/input_Date of Birth_dob-0"), "12121980"): Text '12121980' is set on object 'Object Repository/mobileSanity/HBI/census/input_Date of Birth_dob-0'

2019-12-06 01:58:43 - [MESSAGE][PASSED] - Text '12121980' is set on object 'Object Repository/mobileSanity/HBI/census/input_Date of Birth_dob-0'

2019-12-06 01:58:43 - [TEST_STEP][PASSED] - click(findTestObject("mobileSanity/HBI/census/label_Male")): Object: 'Object Repository/mobileSanity/HBI/census/label_Male' is clicked on

2019-12-06 01:58:43 - [MESSAGE][PASSED] - Object: 'Object Repository/mobileSanity/HBI/census/label_Male' is clicked on

2019-12-06 01:58:43 - [TEST_STEP][PASSED] - click(findTestObject("mobileSanity/HBI/census/label_Get a Quote")): Object: 'Object Repository/mobileSanity/HBI/census/label_Get a Quote' is clicked on

2019-12-06 01:58:44 - [MESSAGE][PASSED] - Object: 'Object Repository/mobileSanity/HBI/census/label_Get a Quote' is clicked on

2019-12-06 01:58:44 - [TEST_STEP][PASSED] - waitForPageLoad(20): Wait for page load successfully

2019-12-06 01:58:44 - [MESSAGE][PASSED] - Wait for page load successfully

2019-12-06 01:58:44 - [TEST_STEP][PASSED] - Thread.sleep(3000): null

2019-12-06 01:58:47 - [TEST_STEP][PASSED] - callTestCase(findTestCase("mobileWeb/_include/get_screenshot"), [:], STOP_ON_FAILURE): Call Test Case 'Test Cases/mobileWeb/_include/get_screenshot' successfully

2019-12-06 01:58:47 - [TEST_CASE][PASSED] - Test Cases/mobileWeb/_include/get_screenshot: Test Cases/mobileWeb/_include/get_screenshot

2019-12-06 01:58:47 - [TEST_STEP][PASSED] - takeScreenshot(screenPath + i + ".png"): Taking screenshot successfully

2019-12-06 01:58:47 - [MESSAGE][PASSED] - Taking screenshot successfully
[[ATTACHMENT|D:\\Test\\AgileTest\\Reports\\PrivateLabel\\LLBenefits\\20191206_013831\\../Screenshots/iPhone 6/LLBenefits/Vitala Care/20191206_015830/3.png]]

2019-12-06 01:58:47 - [TEST_STEP][PASSED] - (internal.GlobalVariable.i++): null

2019-12-06 01:58:47 - [MESSAGE][PASSED] - Call Test Case 'Test Cases/mobileWeb/_include/get_screenshot' successfully

2019-12-06 01:58:47 - [MESSAGE][PASSED] - Call Test Case 'Test Cases/mobileWeb/_include/census_hbi' successfully

2019-12-06 01:58:47 - [TEST_STEP][PASSED] - Thread.sleep(5000): null

2019-12-06 01:58:52 - [TEST_STEP][PASSED] - scrollToPosition(200, 2300): Browser is scrolled to position x = 200, y = 2300

2019-12-06 01:58:52 - [MESSAGE][PASSED] - Browser is scrolled to position x = 200, y = 2300

2019-12-06 01:58:52 - [TEST_STEP][FAILED] - click(findTestObject("mobileSanity/HBI/quote/a_Vitala Care")): click(findTestObject("mobileSanity/HBI/quote/a_Vitala Care")) FAILED.
Reason:
com.kms.katalon.core.exception.StepFailedException: Unable to click on object 'Object Repository/mobileSanity/HBI/quote/a_Vitala Care' (Root cause: com.kms.katalon.core.webui.exception.WebElementNotFoundException: Web element with id: 'Object Repository/mobileSanity/HBI/quote/a_Vitala Care' located by 'By.xpath: //li[@class='js-plan plan js-plan-responsive' and @data-id='vitalacare-ca-100a-100-30-50-3']/div[2]/table/tbody/tr/td/a' not found)
	at com.kms.katalon.core.keyword.internal.KeywordMain.stepFailed(KeywordMain.groovy:36)
	at com.kms.katalon.core.webui.keyword.internal.WebUIKeywordMain.stepFailed(WebUIKeywordMain.groovy:65)
	at com.kms.katalon.core.webui.keyword.internal.WebUIKeywordMain.runKeyword(WebUIKeywordMain.groovy:27)
	at com.kms.katalon.core.webui.keyword.builtin.ClickKeyword.click(ClickKeyword.groovy:86)
	at com.kms.katalon.core.webui.keyword.builtin.ClickKeyword.execute(ClickKeyword.groovy:67)
	at com.kms.katalon.core.keyword.internal.KeywordExecutor.executeKeywordForPlatform(KeywordExecutor.groovy:53)
	at com.kms.katalon.core.webui.keyword.WebUiBuiltInKeywords.click(WebUiBuiltInKeywords.groovy:616)
	at com.kms.katalon.core.webui.keyword.WebUiBuiltInKeywords$click$2.call(Unknown Source)
	at Vitala Care.run(Vitala Care:30)
	at com.kms.katalon.core.main.ScriptEngine.run(ScriptEngine.java:194)
	at com.kms.katalon.core.main.ScriptEngine.runScriptAsRawText(ScriptEngine.java:119)
	at com.kms.katalon.core.main.TestCaseExecutor.runScript(TestCaseExecutor.java:328)
	at com.kms.katalon.core.main.TestCaseExecutor.doExecute(TestCaseExecutor.java:319)
	at com.kms.katalon.core.main.TestCaseExecutor.processExecutionPhase(TestCaseExecutor.java:298)
	at com.kms.katalon.core.main.TestCaseExecutor.accessMainPhase(TestCaseExecutor.java:290)
	at com.kms.katalon.core.main.TestCaseExecutor.execute(TestCaseExecutor.java:224)
	at com.kms.katalon.core.main.TestSuiteExecutor.accessTestCaseMainPhase(TestSuiteExecutor.java:129)
	at com.kms.katalon.core.main.TestSuiteExecutor.accessTestSuiteMainPhase(TestSuiteExecutor.java:112)
	at com.kms.katalon.core.main.TestSuiteExecutor.execute(TestSuiteExecutor.java:81)
	at com.kms.katalon.core.main.TestCaseMain.startTestSuite(TestCaseMain.java:149)
	at com.kms.katalon.core.main.TestCaseMain$startTestSuite$0.call(Unknown Source)
	at TempTestSuite1575614311027.run(TempTestSuite1575614311027.groovy:36)


2019-12-06 01:59:13 - [MESSAGE][INFO] - Unable to find the element located by 'By.xpath: //li[@class='js-plan plan js-plan-responsive' and @data-id='vitalacare-ca-100a-100-30-50-3']/div[2]/table/tbody/tr/td/a'. Please recheck the objects properties to make sure the desired element is located. 

2019-12-06 01:59:13 - [MESSAGE][FAILED] - Unable to click on object 'Object Repository/mobileSanity/HBI/quote/a_Vitala Care' (Root cause: com.kms.katalon.core.webui.exception.WebElementNotFoundException: Web element with id: 'Object Repository/mobileSanity/HBI/quote/a_Vitala Care' located by 'By.xpath: //li[@class='js-plan plan js-plan-responsive' and @data-id='vitalacare-ca-100a-100-30-50-3']/div[2]/table/tbody/tr/td/a' not found)
[[ATTACHMENT|D:\\Test\\AgileTest\\Reports\\PrivateLabel\\LLBenefits\\20191206_013831\\1575615553517.png]]

2019-12-06 01:59:13 - [MESSAGE][FAILED] - click(findTestObject("mobileSanity/HBI/quote/a_Vitala Care")) FAILED.
Reason:
com.kms.katalon.core.exception.StepFailedException: Unable to click on object 'Object Repository/mobileSanity/HBI/quote/a_Vitala Care' (Root cause: com.kms.katalon.core.webui.exception.WebElementNotFoundException: Web element with id: 'Object Repository/mobileSanity/HBI/quote/a_Vitala Care' located by 'By.xpath: //li[@class='js-plan plan js-plan-responsive' and @data-id='vitalacare-ca-100a-100-30-50-3']/div[2]/table/tbody/tr/td/a' not found)
	at com.kms.katalon.core.keyword.internal.KeywordMain.stepFailed(KeywordMain.groovy:36)
	at com.kms.katalon.core.webui.keyword.internal.WebUIKeywordMain.stepFailed(WebUIKeywordMain.groovy:65)
	at com.kms.katalon.core.webui.keyword.internal.WebUIKeywordMain.runKeyword(WebUIKeywordMain.groovy:27)
	at com.kms.katalon.core.webui.keyword.builtin.ClickKeyword.click(ClickKeyword.groovy:86)
	at com.kms.katalon.core.webui.keyword.builtin.ClickKeyword.execute(ClickKeyword.groovy:67)
	at com.kms.katalon.core.keyword.internal.KeywordExecutor.executeKeywordForPlatform(KeywordExecutor.groovy:53)
	at com.kms.katalon.core.webui.keyword.WebUiBuiltInKeywords.click(WebUiBuiltInKeywords.groovy:616)
	at com.kms.katalon.core.webui.keyword.WebUiBuiltInKeywords$click$2.call(Unknown Source)
	at Vitala Care.run(Vitala Care:30)
	at com.kms.katalon.core.main.ScriptEngine.run(ScriptEngine.java:194)
	at com.kms.katalon.core.main.ScriptEngine.runScriptAsRawText(ScriptEngine.java:119)
	at com.kms.katalon.core.main.TestCaseExecutor.runScript(TestCaseExecutor.java:328)
	at com.kms.katalon.core.main.TestCaseExecutor.doExecute(TestCaseExecutor.java:319)
	at com.kms.katalon.core.main.TestCaseExecutor.processExecutionPhase(TestCaseExecutor.java:298)
	at com.kms.katalon.core.main.TestCaseExecutor.accessMainPhase(TestCaseExecutor.java:290)
	at com.kms.katalon.core.main.TestCaseExecutor.execute(TestCaseExecutor.java:224)
	at com.kms.katalon.core.main.TestSuiteExecutor.accessTestCaseMainPhase(TestSuiteExecutor.java:129)
	at com.kms.katalon.core.main.TestSuiteExecutor.accessTestSuiteMainPhase(TestSuiteExecutor.java:112)
	at com.kms.katalon.core.main.TestSuiteExecutor.execute(TestSuiteExecutor.java:81)
	at com.kms.katalon.core.main.TestCaseMain.startTestSuite(TestCaseMain.java:149)
	at com.kms.katalon.core.main.TestCaseMain$startTestSuite$0.call(Unknown Source)
	at TempTestSuite1575614311027.run(TempTestSuite1575614311027.groovy:36)]]></system-out>
         <system-err><![CDATA[2019-12-06 01:58:29 - [TEST_CASE][FAILED] - Test Cases/PL Site/LLBenefits/hbi/Vitala Care: Test Cases/PL Site/LLBenefits/hbi/Vitala Care FAILED.
Reason:
com.kms.katalon.core.exception.StepFailedException: Unable to click on object 'Object Repository/mobileSanity/HBI/quote/a_Vitala Care' (Root cause: com.kms.katalon.core.webui.exception.WebElementNotFoundException: Web element with id: 'Object Repository/mobileSanity/HBI/quote/a_Vitala Care' located by 'By.xpath: //li[@class='js-plan plan js-plan-responsive' and @data-id='vitalacare-ca-100a-100-30-50-3']/div[2]/table/tbody/tr/td/a' not found)
	at com.kms.katalon.core.keyword.internal.KeywordMain.stepFailed(KeywordMain.groovy:36)
	at com.kms.katalon.core.webui.keyword.internal.WebUIKeywordMain.stepFailed(WebUIKeywordMain.groovy:65)
	at com.kms.katalon.core.webui.keyword.internal.WebUIKeywordMain.runKeyword(WebUIKeywordMain.groovy:27)
	at com.kms.katalon.core.webui.keyword.builtin.ClickKeyword.click(ClickKeyword.groovy:86)
	at com.kms.katalon.core.webui.keyword.builtin.ClickKeyword.execute(ClickKeyword.groovy:67)
	at com.kms.katalon.core.keyword.internal.KeywordExecutor.executeKeywordForPlatform(KeywordExecutor.groovy:53)
	at com.kms.katalon.core.webui.keyword.WebUiBuiltInKeywords.click(WebUiBuiltInKeywords.groovy:616)
	at com.kms.katalon.core.webui.keyword.WebUiBuiltInKeywords$click$2.call(Unknown Source)
	at Vitala Care.run(Vitala Care:30)
	at com.kms.katalon.core.main.ScriptEngine.run(ScriptEngine.java:194)
	at com.kms.katalon.core.main.ScriptEngine.runScriptAsRawText(ScriptEngine.java:119)
	at com.kms.katalon.core.main.TestCaseExecutor.runScript(TestCaseExecutor.java:328)
	at com.kms.katalon.core.main.TestCaseExecutor.doExecute(TestCaseExecutor.java:319)
	at com.kms.katalon.core.main.TestCaseExecutor.processExecutionPhase(TestCaseExecutor.java:298)
	at com.kms.katalon.core.main.TestCaseExecutor.accessMainPhase(TestCaseExecutor.java:290)
	at com.kms.katalon.core.main.TestCaseExecutor.execute(TestCaseExecutor.java:224)
	at com.kms.katalon.core.main.TestSuiteExecutor.accessTestCaseMainPhase(TestSuiteExecutor.java:129)
	at com.kms.katalon.core.main.TestSuiteExecutor.accessTestSuiteMainPhase(TestSuiteExecutor.java:112)
	at com.kms.katalon.core.main.TestSuiteExecutor.execute(TestSuiteExecutor.java:81)
	at com.kms.katalon.core.main.TestCaseMain.startTestSuite(TestCaseMain.java:149)
	at com.kms.katalon.core.main.TestCaseMain$startTestSuite$0.call(Unknown Source)
	at TempTestSuite1575614311027.run(TempTestSuite1575614311027.groovy:36)]]></system-err>
      </testcase>
      <system-out><![CDATA[2019-12-06 01:58:28 - [TEST_SUITE][FAILED] - LLBenefits: Test Cases/PL Site/LLBenefits/hbi/Vitala Care FAILED.
Reason:
com.kms.katalon.core.exception.StepFailedException: Unable to click on object 'Object Repository/mobileSanity/HBI/quote/a_Vitala Care' (Root cause: com.kms.katalon.core.webui.exception.WebElementNotFoundException: Web element with id: 'Object Repository/mobileSanity/HBI/quote/a_Vitala Care' located by 'By.xpath: //li[@class='js-plan plan js-plan-responsive' and @data-id='vitalacare-ca-100a-100-30-50-3']/div[2]/table/tbody/tr/td/a' not found)
	at com.kms.katalon.core.keyword.internal.KeywordMain.stepFailed(KeywordMain.groovy:36)
	at com.kms.katalon.core.webui.keyword.internal.WebUIKeywordMain.stepFailed(WebUIKeywordMain.groovy:65)
	at com.kms.katalon.core.webui.keyword.internal.WebUIKeywordMain.runKeyword(WebUIKeywordMain.groovy:27)
	at com.kms.katalon.core.webui.keyword.builtin.ClickKeyword.click(ClickKeyword.groovy:86)
	at com.kms.katalon.core.webui.keyword.builtin.ClickKeyword.execute(ClickKeyword.groovy:67)
	at com.kms.katalon.core.keyword.internal.KeywordExecutor.executeKeywordForPlatform(KeywordExecutor.groovy:53)
	at com.kms.katalon.core.webui.keyword.WebUiBuiltInKeywords.click(WebUiBuiltInKeywords.groovy:616)
	at com.kms.katalon.core.webui.keyword.WebUiBuiltInKeywords$click$2.call(Unknown Source)
	at Vitala Care.run(Vitala Care:30)
	at com.kms.katalon.core.main.ScriptEngine.run(ScriptEngine.java:194)
	at com.kms.katalon.core.main.ScriptEngine.runScriptAsRawText(ScriptEngine.java:119)
	at com.kms.katalon.core.main.TestCaseExecutor.runScript(TestCaseExecutor.java:328)
	at com.kms.katalon.core.main.TestCaseExecutor.doExecute(TestCaseExecutor.java:319)
	at com.kms.katalon.core.main.TestCaseExecutor.processExecutionPhase(TestCaseExecutor.java:298)
	at com.kms.katalon.core.main.TestCaseExecutor.accessMainPhase(TestCaseExecutor.java:290)
	at com.kms.katalon.core.main.TestCaseExecutor.execute(TestCaseExecutor.java:224)
	at com.kms.katalon.core.main.TestSuiteExecutor.accessTestCaseMainPhase(TestSuiteExecutor.java:129)
	at com.kms.katalon.core.main.TestSuiteExecutor.accessTestSuiteMainPhase(TestSuiteExecutor.java:112)
	at com.kms.katalon.core.main.TestSuiteExecutor.execute(TestSuiteExecutor.java:81)
	at com.kms.katalon.core.main.TestCaseMain.startTestSuite(TestCaseMain.java:149)
	at com.kms.katalon.core.main.TestCaseMain$startTestSuite$0.call(Unknown Source)
	at TempTestSuite1575614311027.run(TempTestSuite1575614311027.groovy:36)]]></system-out>
      <system-err><![CDATA[2019-12-06 01:58:28 - [TEST_SUITE][FAILED] - LLBenefits: Test Cases/PL Site/LLBenefits/hbi/Vitala Care FAILED.
Reason:
com.kms.katalon.core.exception.StepFailedException: Unable to click on object 'Object Repository/mobileSanity/HBI/quote/a_Vitala Care' (Root cause: com.kms.katalon.core.webui.exception.WebElementNotFoundException: Web element with id: 'Object Repository/mobileSanity/HBI/quote/a_Vitala Care' located by 'By.xpath: //li[@class='js-plan plan js-plan-responsive' and @data-id='vitalacare-ca-100a-100-30-50-3']/div[2]/table/tbody/tr/td/a' not found)
	at com.kms.katalon.core.keyword.internal.KeywordMain.stepFailed(KeywordMain.groovy:36)
	at com.kms.katalon.core.webui.keyword.internal.WebUIKeywordMain.stepFailed(WebUIKeywordMain.groovy:65)
	at com.kms.katalon.core.webui.keyword.internal.WebUIKeywordMain.runKeyword(WebUIKeywordMain.groovy:27)
	at com.kms.katalon.core.webui.keyword.builtin.ClickKeyword.click(ClickKeyword.groovy:86)
	at com.kms.katalon.core.webui.keyword.builtin.ClickKeyword.execute(ClickKeyword.groovy:67)
	at com.kms.katalon.core.keyword.internal.KeywordExecutor.executeKeywordForPlatform(KeywordExecutor.groovy:53)
	at com.kms.katalon.core.webui.keyword.WebUiBuiltInKeywords.click(WebUiBuiltInKeywords.groovy:616)
	at com.kms.katalon.core.webui.keyword.WebUiBuiltInKeywords$click$2.call(Unknown Source)
	at Vitala Care.run(Vitala Care:30)
	at com.kms.katalon.core.main.ScriptEngine.run(ScriptEngine.java:194)
	at com.kms.katalon.core.main.ScriptEngine.runScriptAsRawText(ScriptEngine.java:119)
	at com.kms.katalon.core.main.TestCaseExecutor.runScript(TestCaseExecutor.java:328)
	at com.kms.katalon.core.main.TestCaseExecutor.doExecute(TestCaseExecutor.java:319)
	at com.kms.katalon.core.main.TestCaseExecutor.processExecutionPhase(TestCaseExecutor.java:298)
	at com.kms.katalon.core.main.TestCaseExecutor.accessMainPhase(TestCaseExecutor.java:290)
	at com.kms.katalon.core.main.TestCaseExecutor.execute(TestCaseExecutor.java:224)
	at com.kms.katalon.core.main.TestSuiteExecutor.accessTestCaseMainPhase(TestSuiteExecutor.java:129)
	at com.kms.katalon.core.main.TestSuiteExecutor.accessTestSuiteMainPhase(TestSuiteExecutor.java:112)
	at com.kms.katalon.core.main.TestSuiteExecutor.execute(TestSuiteExecutor.java:81)
	at com.kms.katalon.core.main.TestCaseMain.startTestSuite(TestCaseMain.java:149)
	at com.kms.katalon.core.main.TestCaseMain$startTestSuite$0.call(Unknown Source)
	at TempTestSuite1575614311027.run(TempTestSuite1575614311027.groovy:36)]]></system-err>
   </testsuite>
</testsuites>
