<?xml version="1.0" encoding="UTF-8"?>
<testsuites name="stm" time="744" tests="7" failures="0" errors="0">
   <testsuite name="stm" tests="7" failures="0" errors="0" time="744" timestamp="2019-12-15 08:09:34" hostname="Administrator - 172.30.0.53" id="Test Suites/AHI/stm">
      <properties>
         <property name="deviceName" value=""/>
         <property name="devicePlatform" value=""/>
         <property name="logFolder" value="D:\\Test\\AgileTest\\Reports\\AHI\\stm\\20191215_080038"/>
         <property name="logFiles" value="D:\\Test\\AgileTest\\Reports\\AHI\\stm\\20191215_080038\\execution0.log"/>
         <property name="attachments" value="D:\\Test\\AgileTest\\Reports\\AHI\\stm\\20191215_080038\\../Screenshots/iPhone 6/stm/AdvantHealth/20191215_080936/0.png, D:\\Test\\AgileTest\\Reports\\AHI\\stm\\20191215_080038\\../Screenshots/iPhone 6/stm/AdvantHealth/20191215_080936/1.png, D:\\Test\\AgileTest\\Reports\\AHI\\stm\\20191215_080038\\../Screenshots/iPhone 6/stm/AdvantHealth/20191215_080936/2.png, D:\\Test\\AgileTest\\Reports\\AHI\\stm\\20191215_080038\\../Screenshots/iPhone 6/stm/AdvantHealth/20191215_080936/3.png, D:\\Test\\AgileTest\\Reports\\AHI\\stm\\20191215_080038\\../Screenshots/iPhone 6/stm/AdvantHealth/20191215_080936/4.png, D:\\Test\\AgileTest\\Reports\\AHI\\stm\\20191215_080038\\../Screenshots/iPhone 6/stm/AdvantHealth/20191215_080936/5.png, D:\\Test\\AgileTest\\Reports\\AHI\\stm\\20191215_080038\\../Screenshots/iPhone 6/stm/AdvantHealth/20191215_080936/6.png, D:\\Test\\AgileTest\\Reports\\AHI\\stm\\20191215_080038\\../Screenshots/iPhone 6/stm/AdvantHealth/20191215_080936/7.png, D:\\Test\\AgileTest\\Reports\\AHI\\stm\\20191215_080038\\../Screenshots/iPhone 6/stm/AdvantHealth/20191215_080936/8.png, D:\\Test\\AgileTest\\Reports\\AHI\\stm\\20191215_080038\\../Screenshots/iPhone 6/stm/AdvantHealth/20191215_080936/9.png, D:\\Test\\AgileTest\\Reports\\AHI\\stm\\20191215_080038\\../Screenshots/iPhone 6/stm/AdvantHealth/20191215_080936/10.png, D:\\Test\\AgileTest\\Reports\\AHI\\stm\\20191215_080038\\../Screenshots/iPhone 6/stm/AdvantHealth/20191215_080936/11.png, D:\\Test\\AgileTest\\Reports\\AHI\\stm\\20191215_080038\\../Screenshots/iPhone 6/stm/Aspen/20191215_081144/0.png, D:\\Test\\AgileTest\\Reports\\AHI\\stm\\20191215_080038\\../Screenshots/iPhone 6/stm/Aspen/20191215_081144/1.png, D:\\Test\\AgileTest\\Reports\\AHI\\stm\\20191215_080038\\../Screenshots/iPhone 6/stm/Aspen/20191215_081144/2.png, D:\\Test\\AgileTest\\Reports\\AHI\\stm\\20191215_080038\\../Screenshots/iPhone 6/stm/Aspen/20191215_081144/3.png, D:\\Test\\AgileTest\\Reports\\AHI\\stm\\20191215_080038\\../Screenshots/iPhone 6/stm/Aspen/20191215_081144/4.png, D:\\Test\\AgileTest\\Reports\\AHI\\stm\\20191215_080038\\../Screenshots/iPhone 6/stm/Aspen/20191215_081144/5.png, D:\\Test\\AgileTest\\Reports\\AHI\\stm\\20191215_080038\\../Screenshots/iPhone 6/stm/Aspen/20191215_081144/6.png, D:\\Test\\AgileTest\\Reports\\AHI\\stm\\20191215_080038\\1576415554677.png, D:\\Test\\AgileTest\\Reports\\AHI\\stm\\20191215_080038\\../Screenshots/iPhone 6/stm/Aspen/20191215_081144/7.png, D:\\Test\\AgileTest\\Reports\\AHI\\stm\\20191215_080038\\../Screenshots/iPhone 6/stm/Aspen/20191215_081144/8.png, D:\\Test\\AgileTest\\Reports\\AHI\\stm\\20191215_080038\\../Screenshots/iPhone 6/stm/Aspen/20191215_081144/9.png, D:\\Test\\AgileTest\\Reports\\AHI\\stm\\20191215_080038\\../Screenshots/iPhone 6/stm/Aspen/20191215_081144/10.png, D:\\Test\\AgileTest\\Reports\\AHI\\stm\\20191215_080038\\../Screenshots/iPhone 6/stm/Companion/20191215_081324/0.png, D:\\Test\\AgileTest\\Reports\\AHI\\stm\\20191215_080038\\../Screenshots/iPhone 6/stm/Companion/20191215_081324/1.png, D:\\Test\\AgileTest\\Reports\\AHI\\stm\\20191215_080038\\../Screenshots/iPhone 6/stm/Companion/20191215_081324/2.png, D:\\Test\\AgileTest\\Reports\\AHI\\stm\\20191215_080038\\../Screenshots/iPhone 6/stm/Companion/20191215_081324/3.png, D:\\Test\\AgileTest\\Reports\\AHI\\stm\\20191215_080038\\../Screenshots/iPhone 6/stm/Companion/20191215_081324/4.png, D:\\Test\\AgileTest\\Reports\\AHI\\stm\\20191215_080038\\../Screenshots/iPhone 6/stm/Companion/20191215_081324/5.png, D:\\Test\\AgileTest\\Reports\\AHI\\stm\\20191215_080038\\../Screenshots/iPhone 6/stm/Companion/20191215_081324/6.png, D:\\Test\\AgileTest\\Reports\\AHI\\stm\\20191215_080038\\1576415653253.png, D:\\Test\\AgileTest\\Reports\\AHI\\stm\\20191215_080038\\../Screenshots/iPhone 6/stm/Companion/20191215_081324/7.png, D:\\Test\\AgileTest\\Reports\\AHI\\stm\\20191215_080038\\../Screenshots/iPhone 6/stm/Companion/20191215_081324/8.png, D:\\Test\\AgileTest\\Reports\\AHI\\stm\\20191215_080038\\../Screenshots/iPhone 6/stm/Companion/20191215_081324/9.png, D:\\Test\\AgileTest\\Reports\\AHI\\stm\\20191215_080038\\../Screenshots/iPhone 6/stm/Companion/20191215_081324/10.png, D:\\Test\\AgileTest\\Reports\\AHI\\stm\\20191215_080038\\../Screenshots/iPhone 6/stm/Everest Prime/20191215_081516/0.png, D:\\Test\\AgileTest\\Reports\\AHI\\stm\\20191215_080038\\../Screenshots/iPhone 6/stm/Everest Prime/20191215_081516/1.png, D:\\Test\\AgileTest\\Reports\\AHI\\stm\\20191215_080038\\../Screenshots/iPhone 6/stm/Everest Prime/20191215_081516/2.png, D:\\Test\\AgileTest\\Reports\\AHI\\stm\\20191215_080038\\../Screenshots/iPhone 6/stm/Everest Prime/20191215_081516/3.png, D:\\Test\\AgileTest\\Reports\\AHI\\stm\\20191215_080038\\../Screenshots/iPhone 6/stm/Everest Prime/20191215_081516/4.png, D:\\Test\\AgileTest\\Reports\\AHI\\stm\\20191215_080038\\../Screenshots/iPhone 6/stm/Everest Prime/20191215_081516/5.png, D:\\Test\\AgileTest\\Reports\\AHI\\stm\\20191215_080038\\../Screenshots/iPhone 6/stm/Everest Prime/20191215_081516/6.png, D:\\Test\\AgileTest\\Reports\\AHI\\stm\\20191215_080038\\1576415759942.png, D:\\Test\\AgileTest\\Reports\\AHI\\stm\\20191215_080038\\../Screenshots/iPhone 6/stm/Everest Prime/20191215_081516/7.png, D:\\Test\\AgileTest\\Reports\\AHI\\stm\\20191215_080038\\../Screenshots/iPhone 6/stm/Everest Prime/20191215_081516/8.png, D:\\Test\\AgileTest\\Reports\\AHI\\stm\\20191215_080038\\../Screenshots/iPhone 6/stm/Everest Prime/20191215_081516/9.png, D:\\Test\\AgileTest\\Reports\\AHI\\stm\\20191215_080038\\../Screenshots/iPhone 6/stm/Everest Prime/20191215_081516/10.png, D:\\Test\\AgileTest\\Reports\\AHI\\stm\\20191215_080038\\../Screenshots/iPhone 6/stm/Everest/20191215_081653/0.png, D:\\Test\\AgileTest\\Reports\\AHI\\stm\\20191215_080038\\../Screenshots/iPhone 6/stm/Everest/20191215_081653/1.png, D:\\Test\\AgileTest\\Reports\\AHI\\stm\\20191215_080038\\../Screenshots/iPhone 6/stm/Everest/20191215_081653/2.png, D:\\Test\\AgileTest\\Reports\\AHI\\stm\\20191215_080038\\../Screenshots/iPhone 6/stm/Everest/20191215_081653/3.png, D:\\Test\\AgileTest\\Reports\\AHI\\stm\\20191215_080038\\../Screenshots/iPhone 6/stm/Everest/20191215_081653/4.png, D:\\Test\\AgileTest\\Reports\\AHI\\stm\\20191215_080038\\../Screenshots/iPhone 6/stm/Everest/20191215_081653/5.png, D:\\Test\\AgileTest\\Reports\\AHI\\stm\\20191215_080038\\../Screenshots/iPhone 6/stm/Everest/20191215_081653/6.png, D:\\Test\\AgileTest\\Reports\\AHI\\stm\\20191215_080038\\1576415854589.png, D:\\Test\\AgileTest\\Reports\\AHI\\stm\\20191215_080038\\../Screenshots/iPhone 6/stm/Everest/20191215_081653/7.png, D:\\Test\\AgileTest\\Reports\\AHI\\stm\\20191215_080038\\../Screenshots/iPhone 6/stm/Everest/20191215_081653/8.png, D:\\Test\\AgileTest\\Reports\\AHI\\stm\\20191215_080038\\../Screenshots/iPhone 6/stm/Everest/20191215_081653/9.png, D:\\Test\\AgileTest\\Reports\\AHI\\stm\\20191215_080038\\../Screenshots/iPhone 6/stm/Everest/20191215_081653/10.png, D:\\Test\\AgileTest\\Reports\\AHI\\stm\\20191215_080038\\../Screenshots/iPhone 6/stm/National General/20191215_081823/0.png, D:\\Test\\AgileTest\\Reports\\AHI\\stm\\20191215_080038\\../Screenshots/iPhone 6/stm/National General/20191215_081823/1.png, D:\\Test\\AgileTest\\Reports\\AHI\\stm\\20191215_080038\\../Screenshots/iPhone 6/stm/National General/20191215_081823/2.png, D:\\Test\\AgileTest\\Reports\\AHI\\stm\\20191215_080038\\../Screenshots/iPhone 6/stm/National General/20191215_081823/3.png, D:\\Test\\AgileTest\\Reports\\AHI\\stm\\20191215_080038\\../Screenshots/iPhone 6/stm/National General/20191215_081823/4.png, D:\\Test\\AgileTest\\Reports\\AHI\\stm\\20191215_080038\\../Screenshots/iPhone 6/stm/National General/20191215_081823/5.png, D:\\Test\\AgileTest\\Reports\\AHI\\stm\\20191215_080038\\../Screenshots/iPhone 6/stm/National General/20191215_081823/6.png, D:\\Test\\AgileTest\\Reports\\AHI\\stm\\20191215_080038\\../Screenshots/iPhone 6/stm/National General/20191215_081823/7.png, D:\\Test\\AgileTest\\Reports\\AHI\\stm\\20191215_080038\\../Screenshots/iPhone 6/stm/National General/20191215_081823/8.png, D:\\Test\\AgileTest\\Reports\\AHI\\stm\\20191215_080038\\../Screenshots/iPhone 6/stm/National General/20191215_081823/9.png, D:\\Test\\AgileTest\\Reports\\AHI\\stm\\20191215_080038\\../Screenshots/iPhone 6/stm/National General/20191215_081823/10.png, D:\\Test\\AgileTest\\Reports\\AHI\\stm\\20191215_080038\\../Screenshots/iPhone 6/stm/National General/20191215_081823/11.png, D:\\Test\\AgileTest\\Reports\\AHI\\stm\\20191215_080038\\../Screenshots/iPhone 6/stm/Slaico/20191215_082022/0.png, D:\\Test\\AgileTest\\Reports\\AHI\\stm\\20191215_080038\\../Screenshots/iPhone 6/stm/Slaico/20191215_082022/1.png, D:\\Test\\AgileTest\\Reports\\AHI\\stm\\20191215_080038\\../Screenshots/iPhone 6/stm/Slaico/20191215_082022/2.png, D:\\Test\\AgileTest\\Reports\\AHI\\stm\\20191215_080038\\../Screenshots/iPhone 6/stm/Slaico/20191215_082022/3.png, D:\\Test\\AgileTest\\Reports\\AHI\\stm\\20191215_080038\\../Screenshots/iPhone 6/stm/Slaico/20191215_082022/4.png, D:\\Test\\AgileTest\\Reports\\AHI\\stm\\20191215_080038\\../Screenshots/iPhone 6/stm/Slaico/20191215_082022/5.png, D:\\Test\\AgileTest\\Reports\\AHI\\stm\\20191215_080038\\../Screenshots/iPhone 6/stm/Slaico/20191215_082022/6.png, D:\\Test\\AgileTest\\Reports\\AHI\\stm\\20191215_080038\\1576416068439.png, D:\\Test\\AgileTest\\Reports\\AHI\\stm\\20191215_080038\\../Screenshots/iPhone 6/stm/Slaico/20191215_082022/7.png, D:\\Test\\AgileTest\\Reports\\AHI\\stm\\20191215_080038\\../Screenshots/iPhone 6/stm/Slaico/20191215_082022/8.png, D:\\Test\\AgileTest\\Reports\\AHI\\stm\\20191215_080038\\../Screenshots/iPhone 6/stm/Slaico/20191215_082022/9.png, D:\\Test\\AgileTest\\Reports\\AHI\\stm\\20191215_080038\\../Screenshots/iPhone 6/stm/Slaico/20191215_082022/10.png"/>
         <property name="hostName" value="Administrator - 172.30.0.53"/>
         <property name="os" value="Windows Server 2012 R2 64bit"/>
         <property name="katalonVersion" value="5.10.1.1"/>
         <property name="browser" value="Safari 11"/>
         <property name="hostAddress" value="172.30.0.53"/>
         <property name="sessionId" value="909cc39dfce39f9823d0410b8e76609a"/>
         <property name="seleniumVersion" value="3.7.1"/>
         <property name="proxyInformation" value="ProxyInformation{proxyOption=NO_PROXY, proxyServerType=HTTP, password=, proxyServerAddress=, proxyServerPort=0}"/>
         <property name="platform" value="Windows Server 2012 R2"/>
      </properties>
      <testcase name="Test Cases/AHI/stm/AdvantHealth" classname="Test Cases/AHI/stm/AdvantHealth" status="PASSED">
         <system-out><![CDATA[2019-12-15 08:09:34 - [TEST_CASE][PASSED] - Test Cases/AHI/stm/AdvantHealth: Test Cases/AHI/stm/AdvantHealth

2019-12-15 08:09:35 - [TEST_STEP][PASSED] - callTestCase(findTestCase("AHI/_include/get_screenPath"), ["productLine":"stm", "carrierName":"AdvantHealth"], CONTINUE_ON_FAILURE): Call Test Case 'Test Cases/AHI/_include/get_screenPath' successfully

2019-12-15 08:09:35 - [TEST_CASE][PASSED] - Test Cases/AHI/_include/get_screenPath: Test Cases/AHI/_include/get_screenPath

2019-12-15 08:09:36 - [TEST_STEP][PASSED] - m = getExecutionProperties(): null

2019-12-15 08:09:36 - [TEST_STEP][PASSED] - deviceName = get("mobileEmulation").get("deviceName"): null

2019-12-15 08:09:36 - [TEST_STEP][PASSED] - println(deviceName): null

2019-12-15 08:09:36 - [TEST_STEP][PASSED] - now = new java.util.Date(): null

2019-12-15 08:09:36 - [TEST_STEP][PASSED] - mydate = now.format("yyyyMMdd_HHmmss"): null

2019-12-15 08:09:36 - [TEST_STEP][PASSED] - screenPath = "../Screenshots/": null

2019-12-15 08:09:36 - [TEST_STEP][PASSED] - screenPath = screenPath + deviceName + "/" + productLine + "/" + carrierName + "/" + mydate + "/": null

2019-12-15 08:09:36 - [TEST_STEP][PASSED] - println(screenPath): null

2019-12-15 08:09:36 - [MESSAGE][PASSED] - Call Test Case 'Test Cases/AHI/_include/get_screenPath' successfully

2019-12-15 08:09:36 - [TEST_STEP][PASSED] - i = 0: null

2019-12-15 08:09:36 - [TEST_STEP][PASSED] - callTestCase(findTestCase("AHI/_include/openWebSite"), [:], CONTINUE_ON_FAILURE): Call Test Case 'Test Cases/AHI/_include/openWebSite' successfully

2019-12-15 08:09:36 - [TEST_CASE][PASSED] - Test Cases/AHI/_include/openWebSite: Test Cases/AHI/_include/openWebSite

2019-12-15 08:09:36 - [TEST_STEP][PASSED] - openBrowser(env): Browser is opened with url: 'https://praetemptatus.agilehealthinsurance.com'

2019-12-15 08:09:36 - [MESSAGE][INFO] - Starting 'Chrome' driver

2019-12-15 08:09:36 - [MESSAGE][INFO] - User set preference: ['mobileEmulation', '{deviceName=iPhone 6}']

2019-12-15 08:09:36 - [MESSAGE][INFO] - User set preference: ['args', '[--incognito, --aggressive-cache-discard, --window-size=375,677, --no-sandbox]']

2019-12-15 08:09:36 - [MESSAGE][INFO] - Action delay is set to 0 seconds

2019-12-15 08:09:41 - [MESSAGE][PASSED] - Browser is opened with url: 'https://praetemptatus.agilehealthinsurance.com'

2019-12-15 08:09:41 - [TEST_STEP][PASSED] - waitForPageLoad(20): Wait for page load successfully

2019-12-15 08:09:41 - [MESSAGE][PASSED] - Wait for page load successfully

2019-12-15 08:09:41 - [TEST_STEP][PASSED] - callTestCase(findTestCase("AHI/_include/get_screenshot"), [:], STOP_ON_FAILURE): Call Test Case 'Test Cases/AHI/_include/get_screenshot' successfully

2019-12-15 08:09:41 - [TEST_CASE][PASSED] - Test Cases/AHI/_include/get_screenshot: Test Cases/AHI/_include/get_screenshot

2019-12-15 08:09:41 - [TEST_STEP][PASSED] - takeScreenshot(screenPath + i + ".png"): Taking screenshot successfully

2019-12-15 08:09:43 - [MESSAGE][PASSED] - Taking screenshot successfully
[[ATTACHMENT|D:\\Test\\AgileTest\\Reports\\AHI\\stm\\20191215_080038\\../Screenshots/iPhone 6/stm/AdvantHealth/20191215_080936/0.png]]

2019-12-15 08:09:43 - [TEST_STEP][PASSED] - (internal.GlobalVariable.i++): null

2019-12-15 08:09:43 - [MESSAGE][PASSED] - Call Test Case 'Test Cases/AHI/_include/get_screenshot' successfully

2019-12-15 08:09:43 - [MESSAGE][PASSED] - Call Test Case 'Test Cases/AHI/_include/openWebSite' successfully

2019-12-15 08:09:43 - [TEST_STEP][PASSED] - callTestCase(findTestCase("AHI/_include/census_stm"), ["zipcode":"35215"], STOP_ON_FAILURE): Call Test Case 'Test Cases/AHI/_include/census_stm' successfully

2019-12-15 08:09:43 - [TEST_CASE][PASSED] - Test Cases/AHI/_include/census_stm: Test Cases/AHI/_include/census_stm

2019-12-15 08:09:43 - [TEST_STEP][PASSED] - waitForElementClickable(findTestObject("mobileSanity/STM/Home Page/a_Quote  Save Today"), 10): Object 'Object Repository/mobileSanity/STM/Home Page/a_Quote  Save Today' is clickable

2019-12-15 08:09:43 - [MESSAGE][PASSED] - Object 'Object Repository/mobileSanity/STM/Home Page/a_Quote  Save Today' is clickable

2019-12-15 08:09:43 - [TEST_STEP][PASSED] - click(findTestObject("mobileSanity/STM/Home Page/a_Quote  Save Today")): Object: 'Object Repository/mobileSanity/STM/Home Page/a_Quote  Save Today' is clicked on

2019-12-15 08:09:44 - [MESSAGE][PASSED] - Object: 'Object Repository/mobileSanity/STM/Home Page/a_Quote  Save Today' is clicked on

2019-12-15 08:09:44 - [TEST_STEP][PASSED] - waitForPageLoad(10): Wait for page load successfully

2019-12-15 08:09:45 - [MESSAGE][PASSED] - Wait for page load successfully

2019-12-15 08:09:45 - [TEST_STEP][PASSED] - callTestCase(findTestCase("AHI/_include/get_screenshot"), [:], STOP_ON_FAILURE): Call Test Case 'Test Cases/AHI/_include/get_screenshot' successfully

2019-12-15 08:09:45 - [TEST_CASE][PASSED] - Test Cases/AHI/_include/get_screenshot: Test Cases/AHI/_include/get_screenshot

2019-12-15 08:09:45 - [TEST_STEP][PASSED] - takeScreenshot(screenPath + i + ".png"): Taking screenshot successfully

2019-12-15 08:09:46 - [MESSAGE][PASSED] - Taking screenshot successfully
[[ATTACHMENT|D:\\Test\\AgileTest\\Reports\\AHI\\stm\\20191215_080038\\../Screenshots/iPhone 6/stm/AdvantHealth/20191215_080936/1.png]]

2019-12-15 08:09:46 - [TEST_STEP][PASSED] - (internal.GlobalVariable.i++): null

2019-12-15 08:09:46 - [MESSAGE][PASSED] - Call Test Case 'Test Cases/AHI/_include/get_screenshot' successfully

2019-12-15 08:09:46 - [TEST_STEP][PASSED] - setText(findTestObject("mobileSanity/STM/STM Census Page/input_Location_zip-input"), zipcode): Text '35215' is set on object 'Object Repository/mobileSanity/STM/STM Census Page/input_Location_zip-input'

2019-12-15 08:09:46 - [MESSAGE][PASSED] - Text '35215' is set on object 'Object Repository/mobileSanity/STM/STM Census Page/input_Location_zip-input'

2019-12-15 08:09:46 - [TEST_STEP][PASSED] - Thread.sleep(500): null

2019-12-15 08:09:47 - [TEST_STEP][PASSED] - setText(findTestObject("mobileSanity/STM/STM Census Page/input_Date of Birth_dob-0"), "03031987"): Text '03031987' is set on object 'Object Repository/mobileSanity/STM/STM Census Page/input_Date of Birth_dob-0'

2019-12-15 08:09:48 - [MESSAGE][PASSED] - Text '03031987' is set on object 'Object Repository/mobileSanity/STM/STM Census Page/input_Date of Birth_dob-0'

2019-12-15 08:09:48 - [TEST_STEP][PASSED] - click(findTestObject("mobileSanity/STM/STM Census Page/label_Male")): Object: 'Object Repository/mobileSanity/STM/STM Census Page/label_Male' is clicked on

2019-12-15 08:09:48 - [MESSAGE][PASSED] - Object: 'Object Repository/mobileSanity/STM/STM Census Page/label_Male' is clicked on

2019-12-15 08:09:48 - [TEST_STEP][PASSED] - click(findTestObject("mobileSanity/STM/STM Census Page/label_Compare Plans")): Object: 'Object Repository/mobileSanity/STM/STM Census Page/label_Compare Plans' is clicked on

2019-12-15 08:09:51 - [MESSAGE][PASSED] - Object: 'Object Repository/mobileSanity/STM/STM Census Page/label_Compare Plans' is clicked on

2019-12-15 08:09:51 - [TEST_STEP][PASSED] - waitForElementVisible(findTestObject("mobileSanity/STM/STM Quote Page/button_sort"), 20): Object 'Object Repository/mobileSanity/STM/STM Quote Page/button_sort' is visible

2019-12-15 08:09:52 - [MESSAGE][PASSED] - Object 'Object Repository/mobileSanity/STM/STM Quote Page/button_sort' is visible

2019-12-15 08:09:52 - [TEST_STEP][PASSED] - Thread.sleep(3000): null

2019-12-15 08:09:55 - [TEST_STEP][PASSED] - callTestCase(findTestCase("AHI/_include/check_quoteleadform"), [:], STOP_ON_FAILURE): Call Test Case 'Test Cases/AHI/_include/check_quoteleadform' successfully

2019-12-15 08:09:55 - [TEST_CASE][PASSED] - Test Cases/AHI/_include/check_quoteleadform: Test Cases/AHI/_include/check_quoteleadform

2019-12-15 08:09:56 - [TEST_STEP][PASSED] - callTestCase(findTestCase("AHI/_include/name"), [:], CONTINUE_ON_FAILURE): Call Test Case 'Test Cases/AHI/_include/name' successfully

2019-12-15 08:09:56 - [TEST_CASE][PASSED] - Test Cases/AHI/_include/name: Test Cases/AHI/_include/name

2019-12-15 08:09:56 - [TEST_STEP][PASSED] - driver = getWebDriver(): null

2019-12-15 08:09:56 - [TEST_STEP][PASSED] - selenium = new com.thoughtworks.selenium.webdriven.WebDriverBackedSelenium(driver, internal.GlobalVariable.ENV): null

2019-12-15 08:09:56 - [TEST_STEP][PASSED] - FirstName = "Test-123": null

2019-12-15 08:09:56 - [TEST_STEP][PASSED] - LastName = selenium.getEval("{var x="ABCDEFGHIJKLMNOPQRSTUVWXYZabcdefghijklmnopqrstuvwxyz"; var tmp="ZZ11-"; for (i=0;i<8;i++) tmp+=x.charAt(Math.ceil(51*Math.random()));tmp;}"): null

2019-12-15 08:09:57 - [TEST_STEP][PASSED] - Address = selenium.getEval("{var x="ABCDEFGHIJKLMNOPQRSTUVWXYZabcdefghijklmnopqrstuvwxyz"; var tmp=""; for (i=0;i<8;i++) tmp+=x.charAt(Math.ceil(51*Math.random()));tmp;}"): null

2019-12-15 08:09:57 - [TEST_STEP][PASSED] - City = selenium.getEval("{var x="ABCDEFGHIJKLMNOPQRSTUVWXYZabcdefghijklmnopqrstuvwxyz"; var tmp=""; for (i=0;i<8;i++) tmp+=x.charAt(Math.ceil(51*Math.random()));tmp;}"): null

2019-12-15 08:09:57 - [TEST_STEP][PASSED] - tel1 = selenium.getEval("{var x="123456789"; var tmp=""; for (i=0;i<3;i++) tmp+=x.charAt(Math.ceil(8*Math.random()));tmp;}"): null

2019-12-15 08:09:57 - [TEST_STEP][PASSED] - tel2 = selenium.getEval("{var x="123456789"; var tmp=""; for (i=0;i<3;i++) tmp+=x.charAt(Math.ceil(8*Math.random()));tmp;}"): null

2019-12-15 08:09:57 - [TEST_STEP][PASSED] - tel3 = selenium.getEval("{var x="123456789"; var tmp=""; for (i=0;i<4;i++) tmp+=x.charAt(Math.ceil(8*Math.random()));tmp;}"): null

2019-12-15 08:09:57 - [TEST_STEP][PASSED] - Tel = selenium.getExpression(tel1 + "-" + tel2 + "-" + tel3): null

2019-12-15 08:09:57 - [TEST_STEP][PASSED] - AutoEmail = selenium.getEval("{var x="ABCDEFGHIJKLMNOPQRSTUVWXYZabcdefghijklmnopqrstuvwxyz"; var tmp="test."; for (i=0;i<8;i++) tmp+=x.charAt(Math.ceil(51*Math.random()));tmp+="@suryani.cn";}"): null

2019-12-15 08:09:57 - [TEST_STEP][PASSED] - FirstName = FirstName: null

2019-12-15 08:09:57 - [TEST_STEP][PASSED] - LastName = LastName: null

2019-12-15 08:09:57 - [TEST_STEP][PASSED] - Address = Address: null

2019-12-15 08:09:57 - [TEST_STEP][PASSED] - City = City: null

2019-12-15 08:09:57 - [TEST_STEP][PASSED] - Tel = Tel: null

2019-12-15 08:09:57 - [TEST_STEP][PASSED] - AutoEmail = AutoEmail: null

2019-12-15 08:09:57 - [TEST_STEP][PASSED] - println(FirstName): null

2019-12-15 08:09:57 - [TEST_STEP][PASSED] - println(LastName): null

2019-12-15 08:09:57 - [TEST_STEP][PASSED] - println(Address): null

2019-12-15 08:09:57 - [TEST_STEP][PASSED] - println(City): null

2019-12-15 08:09:57 - [TEST_STEP][PASSED] - println(Tel): null

2019-12-15 08:09:57 - [TEST_STEP][PASSED] - println(AutoEmail): null

2019-12-15 08:09:57 - [MESSAGE][PASSED] - Call Test Case 'Test Cases/AHI/_include/name' successfully

2019-12-15 08:09:57 - [TEST_STEP][PASSED] - leadform_exist = test.MobileKeywords.isElementPresent_Web(findTestObject("mobileSanity/quote lead form/lead_form"), 20): test.MobileKeywords.isElementPresent_Web is PASSED

2019-12-15 08:09:57 - [MESSAGE][PASSED] - test.MobileKeywords.isElementPresent_Web is PASSED

2019-12-15 08:09:57 - [TEST_STEP][PASSED] - if (leadform_exist): null

2019-12-15 08:09:57 - [TEST_STEP][PASSED] - setText(findTestObject("mobileSanity/quote lead form/first"), FirstName): Text 'Test-123' is set on object 'Object Repository/mobileSanity/quote lead form/first'

2019-12-15 08:09:58 - [MESSAGE][PASSED] - Text 'Test-123' is set on object 'Object Repository/mobileSanity/quote lead form/first'

2019-12-15 08:09:58 - [TEST_STEP][PASSED] - setText(findTestObject("mobileSanity/quote lead form/last"), LastName): Text 'ZZ11-UHnxBcEX' is set on object 'Object Repository/mobileSanity/quote lead form/last'

2019-12-15 08:09:59 - [MESSAGE][PASSED] - Text 'ZZ11-UHnxBcEX' is set on object 'Object Repository/mobileSanity/quote lead form/last'

2019-12-15 08:09:59 - [TEST_STEP][PASSED] - setText(findTestObject("mobileSanity/quote lead form/email"), AutoEmail): Text 'test.NOortdVe@suryani.cn' is set on object 'Object Repository/mobileSanity/quote lead form/email'

2019-12-15 08:09:59 - [MESSAGE][PASSED] - Text 'test.NOortdVe@suryani.cn' is set on object 'Object Repository/mobileSanity/quote lead form/email'

2019-12-15 08:09:59 - [TEST_STEP][PASSED] - setText(findTestObject("mobileSanity/quote lead form/phone"), Tel): Text '494-528-7584' is set on object 'Object Repository/mobileSanity/quote lead form/phone'

2019-12-15 08:09:59 - [MESSAGE][PASSED] - Text '494-528-7584' is set on object 'Object Repository/mobileSanity/quote lead form/phone'

2019-12-15 08:09:59 - [TEST_STEP][PASSED] - click(findTestObject("mobileSanity/quote lead form/submit")): Object: 'Object Repository/mobileSanity/quote lead form/submit' is clicked on

2019-12-15 08:09:59 - [MESSAGE][PASSED] - Object: 'Object Repository/mobileSanity/quote lead form/submit' is clicked on

2019-12-15 08:09:59 - [TEST_STEP][PASSED] - Thread.sleep(3000): null

2019-12-15 08:10:02 - [MESSAGE][PASSED] - Call Test Case 'Test Cases/AHI/_include/check_quoteleadform' successfully

2019-12-15 08:10:02 - [TEST_STEP][PASSED] - callTestCase(findTestCase("AHI/_include/get_screenshot"), [:], STOP_ON_FAILURE): Call Test Case 'Test Cases/AHI/_include/get_screenshot' successfully

2019-12-15 08:10:02 - [TEST_CASE][PASSED] - Test Cases/AHI/_include/get_screenshot: Test Cases/AHI/_include/get_screenshot

2019-12-15 08:10:02 - [TEST_STEP][PASSED] - takeScreenshot(screenPath + i + ".png"): Taking screenshot successfully

2019-12-15 08:10:03 - [MESSAGE][PASSED] - Taking screenshot successfully
[[ATTACHMENT|D:\\Test\\AgileTest\\Reports\\AHI\\stm\\20191215_080038\\../Screenshots/iPhone 6/stm/AdvantHealth/20191215_080936/2.png]]

2019-12-15 08:10:03 - [TEST_STEP][PASSED] - (internal.GlobalVariable.i++): null

2019-12-15 08:10:03 - [MESSAGE][PASSED] - Call Test Case 'Test Cases/AHI/_include/get_screenshot' successfully

2019-12-15 08:10:03 - [TEST_STEP][PASSED] - Thread.sleep(1000): null

2019-12-15 08:10:04 - [MESSAGE][PASSED] - Call Test Case 'Test Cases/AHI/_include/census_stm' successfully

2019-12-15 08:10:04 - [TEST_STEP][PASSED] - callTestCase(findTestCase("AHI/_include/filter_stm"), ["carrier":"advanthealth"], STOP_ON_FAILURE): Call Test Case 'Test Cases/AHI/_include/filter_stm' successfully

2019-12-15 08:10:04 - [TEST_CASE][PASSED] - Test Cases/AHI/_include/filter_stm: Test Cases/AHI/_include/filter_stm

2019-12-15 08:10:04 - [TEST_STEP][PASSED] - driver = getWebDriver(): null

2019-12-15 08:10:04 - [TEST_STEP][PASSED] - selenium = new com.thoughtworks.selenium.webdriven.WebDriverBackedSelenium(driver, internal.GlobalVariable.ENV): null

2019-12-15 08:10:04 - [TEST_STEP][PASSED] - Thread.sleep(1000): null

2019-12-15 08:10:05 - [TEST_STEP][PASSED] - click(findTestObject("mobileSanity/STM/STM Quote Page/button_filters")): Object: 'Object Repository/mobileSanity/STM/STM Quote Page/button_filters' is clicked on

2019-12-15 08:10:06 - [MESSAGE][PASSED] - Object: 'Object Repository/mobileSanity/STM/STM Quote Page/button_filters' is clicked on

2019-12-15 08:10:06 - [TEST_STEP][PASSED] - Thread.sleep(1000): null

2019-12-15 08:10:07 - [TEST_STEP][PASSED] - click(findTestObject("mobileSanity/STM/STM Quote Page/i_Insurance company")): Object: 'Object Repository/mobileSanity/STM/STM Quote Page/i_Insurance company' is clicked on

2019-12-15 08:10:07 - [MESSAGE][PASSED] - Object: 'Object Repository/mobileSanity/STM/STM Quote Page/i_Insurance company' is clicked on

2019-12-15 08:10:07 - [TEST_STEP][PASSED] - Thread.sleep(1000): null

2019-12-15 08:10:08 - [TEST_STEP][PASSED] - filter_carrier = "//input[@name='filter[carrier]' and @value='" + carrier + "']/following::label": null

2019-12-15 08:10:08 - [TEST_STEP][PASSED] - println(filter_carrier): null

2019-12-15 08:10:08 - [TEST_STEP][PASSED] - test.MobileKeywords.clickJS_ByXpath(filter_carrier): test.MobileKeywords.clickJS_ByXpath is PASSED

2019-12-15 08:10:08 - [MESSAGE][PASSED] - Execute JavaScript 'arguments[0].click()' successfully

2019-12-15 08:10:08 - [MESSAGE][PASSED] - test.MobileKeywords.clickJS_ByXpath is PASSED

2019-12-15 08:10:08 - [TEST_STEP][PASSED] - click(findTestObject("mobileSanity/STM/STM Quote Page/js-close c-link-button")): Object: 'Object Repository/mobileSanity/STM/STM Quote Page/js-close c-link-button' is clicked on

2019-12-15 08:10:09 - [MESSAGE][PASSED] - Object: 'Object Repository/mobileSanity/STM/STM Quote Page/js-close c-link-button' is clicked on

2019-12-15 08:10:09 - [TEST_STEP][PASSED] - Thread.sleep(2000): null

2019-12-15 08:10:11 - [TEST_STEP][PASSED] - callTestCase(findTestCase("AHI/_include/get_screenshot"), [:], STOP_ON_FAILURE): Call Test Case 'Test Cases/AHI/_include/get_screenshot' successfully

2019-12-15 08:10:11 - [TEST_CASE][PASSED] - Test Cases/AHI/_include/get_screenshot: Test Cases/AHI/_include/get_screenshot

2019-12-15 08:10:11 - [TEST_STEP][PASSED] - takeScreenshot(screenPath + i + ".png"): Taking screenshot successfully

2019-12-15 08:10:12 - [MESSAGE][PASSED] - Taking screenshot successfully
[[ATTACHMENT|D:\\Test\\AgileTest\\Reports\\AHI\\stm\\20191215_080038\\../Screenshots/iPhone 6/stm/AdvantHealth/20191215_080936/3.png]]

2019-12-15 08:10:12 - [TEST_STEP][PASSED] - (internal.GlobalVariable.i++): null

2019-12-15 08:10:12 - [MESSAGE][PASSED] - Call Test Case 'Test Cases/AHI/_include/get_screenshot' successfully

2019-12-15 08:10:12 - [MESSAGE][PASSED] - Call Test Case 'Test Cases/AHI/_include/filter_stm' successfully

2019-12-15 08:10:12 - [TEST_STEP][PASSED] - callTestCase(findTestCase("AHI/_include/goToDetail_stm"), ["carrier":"advanthealth"], STOP_ON_FAILURE): Call Test Case 'Test Cases/AHI/_include/goToDetail_stm' successfully

2019-12-15 08:10:12 - [TEST_CASE][PASSED] - Test Cases/AHI/_include/goToDetail_stm: Test Cases/AHI/_include/goToDetail_stm

2019-12-15 08:10:12 - [TEST_STEP][PASSED] - driver = getWebDriver(): null

2019-12-15 08:10:12 - [TEST_STEP][PASSED] - selenium = new com.thoughtworks.selenium.webdriven.WebDriverBackedSelenium(driver, internal.GlobalVariable.ENV): null

2019-12-15 08:10:12 - [TEST_STEP][PASSED] - a_plan_name = "xpath=//a[contains(@href,'/term-health-insurance/plan/" + carrier + "')]": null

2019-12-15 08:10:12 - [TEST_STEP][PASSED] - println(a_plan_name): null

2019-12-15 08:10:12 - [TEST_STEP][PASSED] - selenium.click(a_plan_name): null

2019-12-15 08:10:14 - [TEST_STEP][PASSED] - waitForPageLoad(20): Wait for page load successfully

2019-12-15 08:10:15 - [MESSAGE][PASSED] - Wait for page load successfully

2019-12-15 08:10:15 - [TEST_STEP][PASSED] - Thread.sleep(2000): null

2019-12-15 08:10:17 - [TEST_STEP][PASSED] - callTestCase(findTestCase("AHI/_include/get_screenshot"), [:], STOP_ON_FAILURE): Call Test Case 'Test Cases/AHI/_include/get_screenshot' successfully

2019-12-15 08:10:17 - [TEST_CASE][PASSED] - Test Cases/AHI/_include/get_screenshot: Test Cases/AHI/_include/get_screenshot

2019-12-15 08:10:17 - [TEST_STEP][PASSED] - takeScreenshot(screenPath + i + ".png"): Taking screenshot successfully

2019-12-15 08:10:17 - [MESSAGE][PASSED] - Taking screenshot successfully
[[ATTACHMENT|D:\\Test\\AgileTest\\Reports\\AHI\\stm\\20191215_080038\\../Screenshots/iPhone 6/stm/AdvantHealth/20191215_080936/4.png]]

2019-12-15 08:10:17 - [TEST_STEP][PASSED] - (internal.GlobalVariable.i++): null

2019-12-15 08:10:17 - [MESSAGE][PASSED] - Call Test Case 'Test Cases/AHI/_include/get_screenshot' successfully

2019-12-15 08:10:17 - [MESSAGE][PASSED] - Call Test Case 'Test Cases/AHI/_include/goToDetail_stm' successfully

2019-12-15 08:10:17 - [TEST_STEP][PASSED] - callTestCase(findTestCase("AHI/_include/apply_stm"), [:], STOP_ON_FAILURE): Call Test Case 'Test Cases/AHI/_include/apply_stm' successfully

2019-12-15 08:10:17 - [TEST_CASE][PASSED] - Test Cases/AHI/_include/apply_stm: Test Cases/AHI/_include/apply_stm

2019-12-15 08:10:17 - [TEST_STEP][PASSED] - waitForElementVisible(findTestObject("mobileSanity/STM/STM PlanDetail Page/a_Apply for This Plan"), 5): Object 'Object Repository/mobileSanity/STM/STM PlanDetail Page/a_Apply for This Plan' is visible

2019-12-15 08:10:18 - [MESSAGE][PASSED] - Object 'Object Repository/mobileSanity/STM/STM PlanDetail Page/a_Apply for This Plan' is visible

2019-12-15 08:10:18 - [TEST_STEP][PASSED] - click(findTestObject("mobileSanity/STM/STM PlanDetail Page/a_Apply for This Plan")): Object: 'Object Repository/mobileSanity/STM/STM PlanDetail Page/a_Apply for This Plan' is clicked on

2019-12-15 08:10:18 - [MESSAGE][PASSED] - Object: 'Object Repository/mobileSanity/STM/STM PlanDetail Page/a_Apply for This Plan' is clicked on

2019-12-15 08:10:18 - [TEST_STEP][PASSED] - waitForPageLoad(10): Wait for page load successfully

2019-12-15 08:10:19 - [MESSAGE][PASSED] - Wait for page load successfully

2019-12-15 08:10:19 - [TEST_STEP][PASSED] - Thread.sleep(2000): null

2019-12-15 08:10:21 - [TEST_STEP][PASSED] - callTestCase(findTestCase("AHI/_include/get_screenshot"), [:], STOP_ON_FAILURE): Call Test Case 'Test Cases/AHI/_include/get_screenshot' successfully

2019-12-15 08:10:21 - [TEST_CASE][PASSED] - Test Cases/AHI/_include/get_screenshot: Test Cases/AHI/_include/get_screenshot

2019-12-15 08:10:21 - [TEST_STEP][PASSED] - takeScreenshot(screenPath + i + ".png"): Taking screenshot successfully

2019-12-15 08:10:22 - [MESSAGE][PASSED] - Taking screenshot successfully
[[ATTACHMENT|D:\\Test\\AgileTest\\Reports\\AHI\\stm\\20191215_080038\\../Screenshots/iPhone 6/stm/AdvantHealth/20191215_080936/5.png]]

2019-12-15 08:10:22 - [TEST_STEP][PASSED] - (internal.GlobalVariable.i++): null

2019-12-15 08:10:22 - [MESSAGE][PASSED] - Call Test Case 'Test Cases/AHI/_include/get_screenshot' successfully

2019-12-15 08:10:22 - [TEST_STEP][PASSED] - waitForElementVisible(findTestObject("mobileSanity/STM/STM Apply Page/a_Start Secure Application"), 5): Object 'Object Repository/mobileSanity/STM/STM Apply Page/a_Start Secure Application' is visible

2019-12-15 08:10:22 - [MESSAGE][PASSED] - Object 'Object Repository/mobileSanity/STM/STM Apply Page/a_Start Secure Application' is visible

2019-12-15 08:10:22 - [TEST_STEP][PASSED] - click(findTestObject("mobileSanity/STM/STM Apply Page/a_Start Secure Application")): Object: 'Object Repository/mobileSanity/STM/STM Apply Page/a_Start Secure Application' is clicked on

2019-12-15 08:10:22 - [MESSAGE][PASSED] - Object: 'Object Repository/mobileSanity/STM/STM Apply Page/a_Start Secure Application' is clicked on

2019-12-15 08:10:22 - [TEST_STEP][PASSED] - waitForPageLoad(20): Wait for page load successfully

2019-12-15 08:10:22 - [MESSAGE][PASSED] - Wait for page load successfully

2019-12-15 08:10:22 - [TEST_STEP][PASSED] - Thread.sleep(2000): null

2019-12-15 08:10:24 - [TEST_STEP][PASSED] - callTestCase(findTestCase("AHI/_include/get_screenshot"), [:], STOP_ON_FAILURE): Call Test Case 'Test Cases/AHI/_include/get_screenshot' successfully

2019-12-15 08:10:24 - [TEST_CASE][PASSED] - Test Cases/AHI/_include/get_screenshot: Test Cases/AHI/_include/get_screenshot

2019-12-15 08:10:24 - [TEST_STEP][PASSED] - takeScreenshot(screenPath + i + ".png"): Taking screenshot successfully

2019-12-15 08:10:25 - [MESSAGE][PASSED] - Taking screenshot successfully
[[ATTACHMENT|D:\\Test\\AgileTest\\Reports\\AHI\\stm\\20191215_080038\\../Screenshots/iPhone 6/stm/AdvantHealth/20191215_080936/6.png]]

2019-12-15 08:10:25 - [TEST_STEP][PASSED] - (internal.GlobalVariable.i++): null

2019-12-15 08:10:25 - [MESSAGE][PASSED] - Call Test Case 'Test Cases/AHI/_include/get_screenshot' successfully

2019-12-15 08:10:25 - [MESSAGE][PASSED] - Call Test Case 'Test Cases/AHI/_include/apply_stm' successfully

2019-12-15 08:10:25 - [TEST_STEP][PASSED] - callTestCase(findTestCase("AHI/_include/goToEnd_stm_autofill"), [:], STOP_ON_FAILURE): Call Test Case 'Test Cases/AHI/_include/goToEnd_stm_autofill' successfully

2019-12-15 08:10:25 - [TEST_CASE][PASSED] - Test Cases/AHI/_include/goToEnd_stm_autofill: Test Cases/AHI/_include/goToEnd_stm_autofill

2019-12-15 08:10:25 - [TEST_STEP][PASSED] - callTestCase(findTestCase("AHI/_include/name"), [:], CONTINUE_ON_FAILURE): Call Test Case 'Test Cases/AHI/_include/name' successfully

2019-12-15 08:10:25 - [TEST_CASE][PASSED] - Test Cases/AHI/_include/name: Test Cases/AHI/_include/name

2019-12-15 08:10:25 - [TEST_STEP][PASSED] - driver = getWebDriver(): null

2019-12-15 08:10:25 - [TEST_STEP][PASSED] - selenium = new com.thoughtworks.selenium.webdriven.WebDriverBackedSelenium(driver, internal.GlobalVariable.ENV): null

2019-12-15 08:10:25 - [TEST_STEP][PASSED] - FirstName = "Test-123": null

2019-12-15 08:10:25 - [TEST_STEP][PASSED] - LastName = selenium.getEval("{var x="ABCDEFGHIJKLMNOPQRSTUVWXYZabcdefghijklmnopqrstuvwxyz"; var tmp="ZZ11-"; for (i=0;i<8;i++) tmp+=x.charAt(Math.ceil(51*Math.random()));tmp;}"): null

2019-12-15 08:10:25 - [TEST_STEP][PASSED] - Address = selenium.getEval("{var x="ABCDEFGHIJKLMNOPQRSTUVWXYZabcdefghijklmnopqrstuvwxyz"; var tmp=""; for (i=0;i<8;i++) tmp+=x.charAt(Math.ceil(51*Math.random()));tmp;}"): null

2019-12-15 08:10:25 - [TEST_STEP][PASSED] - City = selenium.getEval("{var x="ABCDEFGHIJKLMNOPQRSTUVWXYZabcdefghijklmnopqrstuvwxyz"; var tmp=""; for (i=0;i<8;i++) tmp+=x.charAt(Math.ceil(51*Math.random()));tmp;}"): null

2019-12-15 08:10:25 - [TEST_STEP][PASSED] - tel1 = selenium.getEval("{var x="123456789"; var tmp=""; for (i=0;i<3;i++) tmp+=x.charAt(Math.ceil(8*Math.random()));tmp;}"): null

2019-12-15 08:10:25 - [TEST_STEP][PASSED] - tel2 = selenium.getEval("{var x="123456789"; var tmp=""; for (i=0;i<3;i++) tmp+=x.charAt(Math.ceil(8*Math.random()));tmp;}"): null

2019-12-15 08:10:25 - [TEST_STEP][PASSED] - tel3 = selenium.getEval("{var x="123456789"; var tmp=""; for (i=0;i<4;i++) tmp+=x.charAt(Math.ceil(8*Math.random()));tmp;}"): null

2019-12-15 08:10:25 - [TEST_STEP][PASSED] - Tel = selenium.getExpression(tel1 + "-" + tel2 + "-" + tel3): null

2019-12-15 08:10:25 - [TEST_STEP][PASSED] - AutoEmail = selenium.getEval("{var x="ABCDEFGHIJKLMNOPQRSTUVWXYZabcdefghijklmnopqrstuvwxyz"; var tmp="test."; for (i=0;i<8;i++) tmp+=x.charAt(Math.ceil(51*Math.random()));tmp+="@suryani.cn";}"): null

2019-12-15 08:10:25 - [TEST_STEP][PASSED] - FirstName = FirstName: null

2019-12-15 08:10:25 - [TEST_STEP][PASSED] - LastName = LastName: null

2019-12-15 08:10:25 - [TEST_STEP][PASSED] - Address = Address: null

2019-12-15 08:10:25 - [TEST_STEP][PASSED] - City = City: null

2019-12-15 08:10:25 - [TEST_STEP][PASSED] - Tel = Tel: null

2019-12-15 08:10:25 - [TEST_STEP][PASSED] - AutoEmail = AutoEmail: null

2019-12-15 08:10:25 - [TEST_STEP][PASSED] - println(FirstName): null

2019-12-15 08:10:25 - [TEST_STEP][PASSED] - println(LastName): null

2019-12-15 08:10:25 - [TEST_STEP][PASSED] - println(Address): null

2019-12-15 08:10:25 - [TEST_STEP][PASSED] - println(City): null

2019-12-15 08:10:25 - [TEST_STEP][PASSED] - println(Tel): null

2019-12-15 08:10:25 - [TEST_STEP][PASSED] - println(AutoEmail): null

2019-12-15 08:10:25 - [MESSAGE][PASSED] - Call Test Case 'Test Cases/AHI/_include/name' successfully

2019-12-15 08:10:25 - [TEST_STEP][PASSED] - try: Call Test Case 'Test Cases/AHI/_include/get_screenshot' successfully

2019-12-15 08:10:25 - [TEST_STEP][PASSED] - if (verifyTextPresent("Month Duration Acknowledgement", false)): Call Test Case 'Test Cases/AHI/_include/get_screenshot' successfully

2019-12-15 08:10:25 - [MESSAGE][PASSED] - Text 'Month Duration Acknowledgement' is present on page 

2019-12-15 08:10:25 - [TEST_STEP][PASSED] - click(findTestObject("mobileSanity/STM/Page_App Page 1/label_By checking this box I u")): Object: 'Object Repository/mobileSanity/STM/Page_App Page 1/label_By checking this box I u' is clicked on

2019-12-15 08:10:25 - [MESSAGE][PASSED] - Object: 'Object Repository/mobileSanity/STM/Page_App Page 1/label_By checking this box I u' is clicked on

2019-12-15 08:10:25 - [TEST_STEP][PASSED] - click(findTestObject("mobileSanity/STM/Page_App Page 1/button_Continue to Application")): Object: 'Object Repository/mobileSanity/STM/Page_App Page 1/button_Continue to Application' is clicked on

2019-12-15 08:10:26 - [MESSAGE][PASSED] - Object: 'Object Repository/mobileSanity/STM/Page_App Page 1/button_Continue to Application' is clicked on

2019-12-15 08:10:26 - [TEST_STEP][PASSED] - waitForPageLoad(20): Wait for page load successfully

2019-12-15 08:10:27 - [MESSAGE][PASSED] - Wait for page load successfully

2019-12-15 08:10:27 - [TEST_STEP][PASSED] - Thread.sleep(5000): null

2019-12-15 08:10:32 - [TEST_STEP][PASSED] - callTestCase(findTestCase("AHI/_include/get_screenshot"), [:], STOP_ON_FAILURE): Call Test Case 'Test Cases/AHI/_include/get_screenshot' successfully

2019-12-15 08:10:32 - [TEST_CASE][PASSED] - Test Cases/AHI/_include/get_screenshot: Test Cases/AHI/_include/get_screenshot

2019-12-15 08:10:32 - [TEST_STEP][PASSED] - takeScreenshot(screenPath + i + ".png"): Taking screenshot successfully

2019-12-15 08:10:33 - [MESSAGE][PASSED] - Taking screenshot successfully
[[ATTACHMENT|D:\\Test\\AgileTest\\Reports\\AHI\\stm\\20191215_080038\\../Screenshots/iPhone 6/stm/AdvantHealth/20191215_080936/7.png]]

2019-12-15 08:10:33 - [TEST_STEP][PASSED] - (internal.GlobalVariable.i++): null

2019-12-15 08:10:33 - [MESSAGE][PASSED] - Call Test Case 'Test Cases/AHI/_include/get_screenshot' successfully

2019-12-15 08:10:33 - [TEST_STEP][PASSED] - waitForPageLoad(10): Wait for page load successfully

2019-12-15 08:10:33 - [MESSAGE][PASSED] - Wait for page load successfully

2019-12-15 08:10:33 - [TEST_STEP][PASSED] - Thread.sleep(3000): null

2019-12-15 08:10:36 - [TEST_STEP][PASSED] - waitForElementVisible(findTestObject("mobileSanity/STM/Page_App Page 1/a_Autofill App Info"), 20): Object 'Object Repository/mobileSanity/STM/Page_App Page 1/a_Autofill App Info' is visible

2019-12-15 08:10:37 - [MESSAGE][PASSED] - Object 'Object Repository/mobileSanity/STM/Page_App Page 1/a_Autofill App Info' is visible

2019-12-15 08:10:37 - [TEST_STEP][PASSED] - click(findTestObject("mobileSanity/STM/Page_App Page 1/a_Autofill App Info")): Object: 'Object Repository/mobileSanity/STM/Page_App Page 1/a_Autofill App Info' is clicked on

2019-12-15 08:10:37 - [MESSAGE][PASSED] - Object: 'Object Repository/mobileSanity/STM/Page_App Page 1/a_Autofill App Info' is clicked on

2019-12-15 08:10:37 - [TEST_STEP][PASSED] - Thread.sleep(1000): null

2019-12-15 08:10:38 - [TEST_STEP][PASSED] - click(findTestObject("mobileSanity/STM/Page_App Page 1/a_Autofill App Info")): Object: 'Object Repository/mobileSanity/STM/Page_App Page 1/a_Autofill App Info' is clicked on

2019-12-15 08:10:38 - [MESSAGE][PASSED] - Object: 'Object Repository/mobileSanity/STM/Page_App Page 1/a_Autofill App Info' is clicked on

2019-12-15 08:10:38 - [TEST_STEP][PASSED] - Thread.sleep(1000): null

2019-12-15 08:10:39 - [TEST_STEP][PASSED] - waitForElementVisible(findTestObject("mobileSanity/STM/Page_App Page 1/a_Continue"), 20): Object 'Object Repository/mobileSanity/STM/Page_App Page 1/a_Continue' is visible

2019-12-15 08:10:39 - [MESSAGE][PASSED] - Object 'Object Repository/mobileSanity/STM/Page_App Page 1/a_Continue' is visible

2019-12-15 08:10:39 - [TEST_STEP][PASSED] - click(findTestObject("mobileSanity/STM/Page_App Page 1/a_Continue")): Object: 'Object Repository/mobileSanity/STM/Page_App Page 1/a_Continue' is clicked on

2019-12-15 08:10:39 - [MESSAGE][PASSED] - Object: 'Object Repository/mobileSanity/STM/Page_App Page 1/a_Continue' is clicked on

2019-12-15 08:10:39 - [TEST_STEP][PASSED] - waitForPageLoad(20): Wait for page load successfully

2019-12-15 08:10:39 - [MESSAGE][PASSED] - Wait for page load successfully

2019-12-15 08:10:39 - [TEST_STEP][PASSED] - Thread.sleep(5000): null

2019-12-15 08:10:44 - [TEST_STEP][PASSED] - callTestCase(findTestCase("AHI/_include/get_screenshot"), [:], STOP_ON_FAILURE): Call Test Case 'Test Cases/AHI/_include/get_screenshot' successfully

2019-12-15 08:10:44 - [TEST_CASE][PASSED] - Test Cases/AHI/_include/get_screenshot: Test Cases/AHI/_include/get_screenshot

2019-12-15 08:10:44 - [TEST_STEP][PASSED] - takeScreenshot(screenPath + i + ".png"): Taking screenshot successfully

2019-12-15 08:10:44 - [MESSAGE][PASSED] - Taking screenshot successfully
[[ATTACHMENT|D:\\Test\\AgileTest\\Reports\\AHI\\stm\\20191215_080038\\../Screenshots/iPhone 6/stm/AdvantHealth/20191215_080936/8.png]]

2019-12-15 08:10:44 - [TEST_STEP][PASSED] - (internal.GlobalVariable.i++): null

2019-12-15 08:10:44 - [MESSAGE][PASSED] - Call Test Case 'Test Cases/AHI/_include/get_screenshot' successfully

2019-12-15 08:10:44 - [TEST_STEP][PASSED] - click(findTestObject("mobileSanity/STM/Page_App Page 2/a_Continue to Step 3 - Payment")): Object: 'Object Repository/mobileSanity/STM/Page_App Page 2/a_Continue to Step 3 - Payment' is clicked on

2019-12-15 08:10:45 - [MESSAGE][PASSED] - Object: 'Object Repository/mobileSanity/STM/Page_App Page 2/a_Continue to Step 3 - Payment' is clicked on

2019-12-15 08:10:45 - [TEST_STEP][PASSED] - waitForPageLoad(20): Wait for page load successfully

2019-12-15 08:10:45 - [MESSAGE][PASSED] - Wait for page load successfully

2019-12-15 08:10:45 - [TEST_STEP][PASSED] - waitForElementVisible(findTestObject("mobileSanity/STM/Page_App Page 3/input__credit-card-cvv"), 20): Object 'Object Repository/mobileSanity/STM/Page_App Page 3/input__credit-card-cvv' is visible

2019-12-15 08:10:45 - [MESSAGE][PASSED] - Object 'Object Repository/mobileSanity/STM/Page_App Page 3/input__credit-card-cvv' is visible

2019-12-15 08:10:45 - [TEST_STEP][PASSED] - Thread.sleep(2000): null

2019-12-15 08:10:47 - [TEST_STEP][PASSED] - callTestCase(findTestCase("AHI/_include/get_screenshot"), [:], STOP_ON_FAILURE): Call Test Case 'Test Cases/AHI/_include/get_screenshot' successfully

2019-12-15 08:10:47 - [TEST_CASE][PASSED] - Test Cases/AHI/_include/get_screenshot: Test Cases/AHI/_include/get_screenshot

2019-12-15 08:10:47 - [TEST_STEP][PASSED] - takeScreenshot(screenPath + i + ".png"): Taking screenshot successfully

2019-12-15 08:10:48 - [MESSAGE][PASSED] - Taking screenshot successfully
[[ATTACHMENT|D:\\Test\\AgileTest\\Reports\\AHI\\stm\\20191215_080038\\../Screenshots/iPhone 6/stm/AdvantHealth/20191215_080936/9.png]]

2019-12-15 08:10:48 - [TEST_STEP][PASSED] - (internal.GlobalVariable.i++): null

2019-12-15 08:10:48 - [MESSAGE][PASSED] - Call Test Case 'Test Cases/AHI/_include/get_screenshot' successfully

2019-12-15 08:10:48 - [TEST_STEP][PASSED] - clearText(findTestObject("mobileSanity/STM/Page_App Page 3/input__credit-card-cvv")): Text of object 'Object Repository/mobileSanity/STM/Page_App Page 3/input__credit-card-cvv' is cleared

2019-12-15 08:10:48 - [MESSAGE][PASSED] - Text of object 'Object Repository/mobileSanity/STM/Page_App Page 3/input__credit-card-cvv' is cleared

2019-12-15 08:10:48 - [TEST_STEP][PASSED] - setText(findTestObject("mobileSanity/STM/Page_App Page 3/input__credit-card-cvv"), "123"): Text '123' is set on object 'Object Repository/mobileSanity/STM/Page_App Page 3/input__credit-card-cvv'

2019-12-15 08:10:48 - [MESSAGE][PASSED] - Text '123' is set on object 'Object Repository/mobileSanity/STM/Page_App Page 3/input__credit-card-cvv'

2019-12-15 08:10:48 - [TEST_STEP][PASSED] - click(findTestObject("mobileSanity/STM/Page_App Page 3/label_I Accept Authorization f")): Object: 'Object Repository/mobileSanity/STM/Page_App Page 3/label_I Accept Authorization f' is clicked on

2019-12-15 08:10:48 - [MESSAGE][PASSED] - Object: 'Object Repository/mobileSanity/STM/Page_App Page 3/label_I Accept Authorization f' is clicked on

2019-12-15 08:10:48 - [TEST_STEP][PASSED] - click(findTestObject("mobileSanity/STM/Page_App Page 3/a_Continue to Step 4 - Review")): Object: 'Object Repository/mobileSanity/STM/Page_App Page 3/a_Continue to Step 4 - Review' is clicked on

2019-12-15 08:10:48 - [MESSAGE][PASSED] - Object: 'Object Repository/mobileSanity/STM/Page_App Page 3/a_Continue to Step 4 - Review' is clicked on

2019-12-15 08:10:48 - [TEST_STEP][PASSED] - waitForPageLoad(10): Wait for page load successfully

2019-12-15 08:10:48 - [MESSAGE][PASSED] - Wait for page load successfully

2019-12-15 08:10:48 - [TEST_STEP][PASSED] - waitForElementClickable(findTestObject("mobileSanity/STM/Page_App Page 4/label"), 10): Object 'Object Repository/mobileSanity/STM/Page_App Page 4/label' is clickable

2019-12-15 08:10:49 - [MESSAGE][PASSED] - Object 'Object Repository/mobileSanity/STM/Page_App Page 4/label' is clickable

2019-12-15 08:10:49 - [TEST_STEP][PASSED] - Thread.sleep(2000): null

2019-12-15 08:10:51 - [TEST_STEP][PASSED] - callTestCase(findTestCase("AHI/_include/get_screenshot"), [:], STOP_ON_FAILURE): Call Test Case 'Test Cases/AHI/_include/get_screenshot' successfully

2019-12-15 08:10:51 - [TEST_CASE][PASSED] - Test Cases/AHI/_include/get_screenshot: Test Cases/AHI/_include/get_screenshot

2019-12-15 08:10:51 - [TEST_STEP][PASSED] - takeScreenshot(screenPath + i + ".png"): Taking screenshot successfully

2019-12-15 08:10:51 - [MESSAGE][PASSED] - Taking screenshot successfully
[[ATTACHMENT|D:\\Test\\AgileTest\\Reports\\AHI\\stm\\20191215_080038\\../Screenshots/iPhone 6/stm/AdvantHealth/20191215_080936/10.png]]

2019-12-15 08:10:51 - [TEST_STEP][PASSED] - (internal.GlobalVariable.i++): null

2019-12-15 08:10:51 - [MESSAGE][PASSED] - Call Test Case 'Test Cases/AHI/_include/get_screenshot' successfully

2019-12-15 08:10:51 - [TEST_STEP][PASSED] - click(findTestObject("mobileSanity/STM/Page_App Page 4/label")): Object: 'Object Repository/mobileSanity/STM/Page_App Page 4/label' is clicked on

2019-12-15 08:10:51 - [MESSAGE][PASSED] - Object: 'Object Repository/mobileSanity/STM/Page_App Page 4/label' is clicked on

2019-12-15 08:10:51 - [TEST_STEP][PASSED] - click(findTestObject("mobileSanity/STM/Page_App Page 4/div_CLICK TO SIGN")): Object: 'Object Repository/mobileSanity/STM/Page_App Page 4/div_CLICK TO SIGN' is clicked on

2019-12-15 08:10:51 - [MESSAGE][PASSED] - Object: 'Object Repository/mobileSanity/STM/Page_App Page 4/div_CLICK TO SIGN' is clicked on

2019-12-15 08:10:51 - [TEST_STEP][PASSED] - click(findTestObject("mobileSanity/STM/Page_App Page 4/a_Submit Your Application")): Object: 'Object Repository/mobileSanity/STM/Page_App Page 4/a_Submit Your Application' is clicked on

2019-12-15 08:10:52 - [MESSAGE][PASSED] - Object: 'Object Repository/mobileSanity/STM/Page_App Page 4/a_Submit Your Application' is clicked on

2019-12-15 08:10:52 - [TEST_STEP][PASSED] - Thread.sleep(30000): null

2019-12-15 08:11:22 - [TEST_STEP][PASSED] - waitForElementPresent(findTestObject("mobileSanity/STM/Page_App Page 6/app-page-wrapper"), 20): Object 'Object Repository/mobileSanity/STM/Page_App Page 6/app-page-wrapper' is not present after 20 second(s)

2019-12-15 08:11:43 - [MESSAGE][INFO] - Unable to find the element located by 'By.xpath: //div[@id='app-page-wrapper' and @data-page='confirmation']'. Please recheck the objects properties to make sure the desired element is located. 

2019-12-15 08:11:43 - [MESSAGE][WARNING] - Object 'Object Repository/mobileSanity/STM/Page_App Page 6/app-page-wrapper' is not present after 20 second(s)

2019-12-15 08:11:43 - [TEST_STEP][PASSED] - callTestCase(findTestCase("AHI/_include/get_screenshot"), [:], STOP_ON_FAILURE): Call Test Case 'Test Cases/AHI/_include/get_screenshot' successfully

2019-12-15 08:11:43 - [TEST_CASE][PASSED] - Test Cases/AHI/_include/get_screenshot: Test Cases/AHI/_include/get_screenshot

2019-12-15 08:11:43 - [TEST_STEP][PASSED] - takeScreenshot(screenPath + i + ".png"): Taking screenshot successfully

2019-12-15 08:11:43 - [MESSAGE][PASSED] - Taking screenshot successfully
[[ATTACHMENT|D:\\Test\\AgileTest\\Reports\\AHI\\stm\\20191215_080038\\../Screenshots/iPhone 6/stm/AdvantHealth/20191215_080936/11.png]]

2019-12-15 08:11:43 - [TEST_STEP][PASSED] - (internal.GlobalVariable.i++): null

2019-12-15 08:11:43 - [MESSAGE][PASSED] - Call Test Case 'Test Cases/AHI/_include/get_screenshot' successfully

2019-12-15 08:11:43 - [MESSAGE][PASSED] - Call Test Case 'Test Cases/AHI/_include/goToEnd_stm_autofill' successfully]]></system-out>
         <system-err><![CDATA[]]></system-err>
      </testcase>
      <testcase name="Test Cases/AHI/stm/Aspen" classname="Test Cases/AHI/stm/Aspen" status="PASSED">
         <system-out><![CDATA[2019-12-15 08:11:43 - [TEST_CASE][PASSED] - Test Cases/AHI/stm/Aspen: Test Cases/AHI/stm/Aspen

2019-12-15 08:11:44 - [TEST_STEP][PASSED] - callTestCase(findTestCase("AHI/_include/get_screenPath"), ["productLine":"stm", "carrierName":"Aspen"], CONTINUE_ON_FAILURE): Call Test Case 'Test Cases/AHI/_include/get_screenPath' successfully

2019-12-15 08:11:44 - [TEST_CASE][PASSED] - Test Cases/AHI/_include/get_screenPath: Test Cases/AHI/_include/get_screenPath

2019-12-15 08:11:44 - [TEST_STEP][PASSED] - m = getExecutionProperties(): null

2019-12-15 08:11:44 - [TEST_STEP][PASSED] - deviceName = get("mobileEmulation").get("deviceName"): null

2019-12-15 08:11:44 - [TEST_STEP][PASSED] - println(deviceName): null

2019-12-15 08:11:44 - [TEST_STEP][PASSED] - now = new java.util.Date(): null

2019-12-15 08:11:44 - [TEST_STEP][PASSED] - mydate = now.format("yyyyMMdd_HHmmss"): null

2019-12-15 08:11:44 - [TEST_STEP][PASSED] - screenPath = "../Screenshots/": null

2019-12-15 08:11:44 - [TEST_STEP][PASSED] - screenPath = screenPath + deviceName + "/" + productLine + "/" + carrierName + "/" + mydate + "/": null

2019-12-15 08:11:44 - [TEST_STEP][PASSED] - println(screenPath): null

2019-12-15 08:11:44 - [MESSAGE][PASSED] - Call Test Case 'Test Cases/AHI/_include/get_screenPath' successfully

2019-12-15 08:11:44 - [TEST_STEP][PASSED] - i = 0: null

2019-12-15 08:11:44 - [TEST_STEP][PASSED] - callTestCase(findTestCase("AHI/_include/openWebSite"), [:], STOP_ON_FAILURE): Call Test Case 'Test Cases/AHI/_include/openWebSite' successfully

2019-12-15 08:11:44 - [TEST_CASE][PASSED] - Test Cases/AHI/_include/openWebSite: Test Cases/AHI/_include/openWebSite

2019-12-15 08:11:44 - [TEST_STEP][PASSED] - openBrowser(env): Browser is opened with url: 'https://praetemptatus.agilehealthinsurance.com'

2019-12-15 08:11:44 - [MESSAGE][WARNING] - A browser is already opened. Closing browser and opening a new one

2019-12-15 08:11:46 - [MESSAGE][INFO] - Starting 'Chrome' driver

2019-12-15 08:11:46 - [MESSAGE][INFO] - User set preference: ['mobileEmulation', '{deviceName=iPhone 6}']

2019-12-15 08:11:46 - [MESSAGE][INFO] - User set preference: ['args', '[--incognito, --aggressive-cache-discard, --window-size=375,677, --no-sandbox]']

2019-12-15 08:11:53 - [MESSAGE][PASSED] - Browser is opened with url: 'https://praetemptatus.agilehealthinsurance.com'

2019-12-15 08:11:53 - [TEST_STEP][PASSED] - waitForPageLoad(20): Wait for page load successfully

2019-12-15 08:11:53 - [MESSAGE][PASSED] - Wait for page load successfully

2019-12-15 08:11:53 - [TEST_STEP][PASSED] - callTestCase(findTestCase("AHI/_include/get_screenshot"), [:], STOP_ON_FAILURE): Call Test Case 'Test Cases/AHI/_include/get_screenshot' successfully

2019-12-15 08:11:53 - [TEST_CASE][PASSED] - Test Cases/AHI/_include/get_screenshot: Test Cases/AHI/_include/get_screenshot

2019-12-15 08:11:53 - [TEST_STEP][PASSED] - takeScreenshot(screenPath + i + ".png"): Taking screenshot successfully

2019-12-15 08:11:55 - [MESSAGE][PASSED] - Taking screenshot successfully
[[ATTACHMENT|D:\\Test\\AgileTest\\Reports\\AHI\\stm\\20191215_080038\\../Screenshots/iPhone 6/stm/Aspen/20191215_081144/0.png]]

2019-12-15 08:11:55 - [TEST_STEP][PASSED] - (internal.GlobalVariable.i++): null

2019-12-15 08:11:55 - [MESSAGE][PASSED] - Call Test Case 'Test Cases/AHI/_include/get_screenshot' successfully

2019-12-15 08:11:55 - [MESSAGE][PASSED] - Call Test Case 'Test Cases/AHI/_include/openWebSite' successfully

2019-12-15 08:11:55 - [TEST_STEP][PASSED] - callTestCase(findTestCase("AHI/_include/census_stm"), ["zipcode":"60602"], STOP_ON_FAILURE): Call Test Case 'Test Cases/AHI/_include/census_stm' successfully

2019-12-15 08:11:56 - [TEST_CASE][PASSED] - Test Cases/AHI/_include/census_stm: Test Cases/AHI/_include/census_stm

2019-12-15 08:11:56 - [TEST_STEP][PASSED] - waitForElementClickable(findTestObject("mobileSanity/STM/Home Page/a_Quote  Save Today"), 10): Object 'Object Repository/mobileSanity/STM/Home Page/a_Quote  Save Today' is clickable

2019-12-15 08:11:56 - [MESSAGE][PASSED] - Object 'Object Repository/mobileSanity/STM/Home Page/a_Quote  Save Today' is clickable

2019-12-15 08:11:56 - [TEST_STEP][PASSED] - click(findTestObject("mobileSanity/STM/Home Page/a_Quote  Save Today")): Object: 'Object Repository/mobileSanity/STM/Home Page/a_Quote  Save Today' is clicked on

2019-12-15 08:11:57 - [MESSAGE][PASSED] - Object: 'Object Repository/mobileSanity/STM/Home Page/a_Quote  Save Today' is clicked on

2019-12-15 08:11:57 - [TEST_STEP][PASSED] - waitForPageLoad(10): Wait for page load successfully

2019-12-15 08:11:57 - [MESSAGE][PASSED] - Wait for page load successfully

2019-12-15 08:11:57 - [TEST_STEP][PASSED] - callTestCase(findTestCase("AHI/_include/get_screenshot"), [:], STOP_ON_FAILURE): Call Test Case 'Test Cases/AHI/_include/get_screenshot' successfully

2019-12-15 08:11:57 - [TEST_CASE][PASSED] - Test Cases/AHI/_include/get_screenshot: Test Cases/AHI/_include/get_screenshot

2019-12-15 08:11:57 - [TEST_STEP][PASSED] - takeScreenshot(screenPath + i + ".png"): Taking screenshot successfully

2019-12-15 08:11:58 - [MESSAGE][PASSED] - Taking screenshot successfully
[[ATTACHMENT|D:\\Test\\AgileTest\\Reports\\AHI\\stm\\20191215_080038\\../Screenshots/iPhone 6/stm/Aspen/20191215_081144/1.png]]

2019-12-15 08:11:58 - [TEST_STEP][PASSED] - (internal.GlobalVariable.i++): null

2019-12-15 08:11:58 - [MESSAGE][PASSED] - Call Test Case 'Test Cases/AHI/_include/get_screenshot' successfully

2019-12-15 08:11:58 - [TEST_STEP][PASSED] - setText(findTestObject("mobileSanity/STM/STM Census Page/input_Location_zip-input"), zipcode): Text '60602' is set on object 'Object Repository/mobileSanity/STM/STM Census Page/input_Location_zip-input'

2019-12-15 08:12:00 - [MESSAGE][PASSED] - Text '60602' is set on object 'Object Repository/mobileSanity/STM/STM Census Page/input_Location_zip-input'

2019-12-15 08:12:00 - [TEST_STEP][PASSED] - Thread.sleep(500): null

2019-12-15 08:12:00 - [TEST_STEP][PASSED] - setText(findTestObject("mobileSanity/STM/STM Census Page/input_Date of Birth_dob-0"), "03031987"): Text '03031987' is set on object 'Object Repository/mobileSanity/STM/STM Census Page/input_Date of Birth_dob-0'

2019-12-15 08:12:01 - [MESSAGE][PASSED] - Text '03031987' is set on object 'Object Repository/mobileSanity/STM/STM Census Page/input_Date of Birth_dob-0'

2019-12-15 08:12:01 - [TEST_STEP][PASSED] - click(findTestObject("mobileSanity/STM/STM Census Page/label_Male")): Object: 'Object Repository/mobileSanity/STM/STM Census Page/label_Male' is clicked on

2019-12-15 08:12:01 - [MESSAGE][PASSED] - Object: 'Object Repository/mobileSanity/STM/STM Census Page/label_Male' is clicked on

2019-12-15 08:12:01 - [TEST_STEP][PASSED] - click(findTestObject("mobileSanity/STM/STM Census Page/label_Compare Plans")): Object: 'Object Repository/mobileSanity/STM/STM Census Page/label_Compare Plans' is clicked on

2019-12-15 08:12:03 - [MESSAGE][PASSED] - Object: 'Object Repository/mobileSanity/STM/STM Census Page/label_Compare Plans' is clicked on

2019-12-15 08:12:03 - [TEST_STEP][PASSED] - waitForElementVisible(findTestObject("mobileSanity/STM/STM Quote Page/button_sort"), 20): Object 'Object Repository/mobileSanity/STM/STM Quote Page/button_sort' is visible

2019-12-15 08:12:04 - [MESSAGE][PASSED] - Object 'Object Repository/mobileSanity/STM/STM Quote Page/button_sort' is visible

2019-12-15 08:12:04 - [TEST_STEP][PASSED] - Thread.sleep(3000): null

2019-12-15 08:12:07 - [TEST_STEP][PASSED] - callTestCase(findTestCase("AHI/_include/check_quoteleadform"), [:], STOP_ON_FAILURE): Call Test Case 'Test Cases/AHI/_include/check_quoteleadform' successfully

2019-12-15 08:12:07 - [TEST_CASE][PASSED] - Test Cases/AHI/_include/check_quoteleadform: Test Cases/AHI/_include/check_quoteleadform

2019-12-15 08:12:07 - [TEST_STEP][PASSED] - callTestCase(findTestCase("AHI/_include/name"), [:], CONTINUE_ON_FAILURE): Call Test Case 'Test Cases/AHI/_include/name' successfully

2019-12-15 08:12:07 - [TEST_CASE][PASSED] - Test Cases/AHI/_include/name: Test Cases/AHI/_include/name

2019-12-15 08:12:08 - [TEST_STEP][PASSED] - driver = getWebDriver(): null

2019-12-15 08:12:08 - [TEST_STEP][PASSED] - selenium = new com.thoughtworks.selenium.webdriven.WebDriverBackedSelenium(driver, internal.GlobalVariable.ENV): null

2019-12-15 08:12:08 - [TEST_STEP][PASSED] - FirstName = "Test-123": null

2019-12-15 08:12:08 - [TEST_STEP][PASSED] - LastName = selenium.getEval("{var x="ABCDEFGHIJKLMNOPQRSTUVWXYZabcdefghijklmnopqrstuvwxyz"; var tmp="ZZ11-"; for (i=0;i<8;i++) tmp+=x.charAt(Math.ceil(51*Math.random()));tmp;}"): null

2019-12-15 08:12:08 - [TEST_STEP][PASSED] - Address = selenium.getEval("{var x="ABCDEFGHIJKLMNOPQRSTUVWXYZabcdefghijklmnopqrstuvwxyz"; var tmp=""; for (i=0;i<8;i++) tmp+=x.charAt(Math.ceil(51*Math.random()));tmp;}"): null

2019-12-15 08:12:08 - [TEST_STEP][PASSED] - City = selenium.getEval("{var x="ABCDEFGHIJKLMNOPQRSTUVWXYZabcdefghijklmnopqrstuvwxyz"; var tmp=""; for (i=0;i<8;i++) tmp+=x.charAt(Math.ceil(51*Math.random()));tmp;}"): null

2019-12-15 08:12:08 - [TEST_STEP][PASSED] - tel1 = selenium.getEval("{var x="123456789"; var tmp=""; for (i=0;i<3;i++) tmp+=x.charAt(Math.ceil(8*Math.random()));tmp;}"): null

2019-12-15 08:12:08 - [TEST_STEP][PASSED] - tel2 = selenium.getEval("{var x="123456789"; var tmp=""; for (i=0;i<3;i++) tmp+=x.charAt(Math.ceil(8*Math.random()));tmp;}"): null

2019-12-15 08:12:08 - [TEST_STEP][PASSED] - tel3 = selenium.getEval("{var x="123456789"; var tmp=""; for (i=0;i<4;i++) tmp+=x.charAt(Math.ceil(8*Math.random()));tmp;}"): null

2019-12-15 08:12:08 - [TEST_STEP][PASSED] - Tel = selenium.getExpression(tel1 + "-" + tel2 + "-" + tel3): null

2019-12-15 08:12:08 - [TEST_STEP][PASSED] - AutoEmail = selenium.getEval("{var x="ABCDEFGHIJKLMNOPQRSTUVWXYZabcdefghijklmnopqrstuvwxyz"; var tmp="test."; for (i=0;i<8;i++) tmp+=x.charAt(Math.ceil(51*Math.random()));tmp+="@suryani.cn";}"): null

2019-12-15 08:12:08 - [TEST_STEP][PASSED] - FirstName = FirstName: null

2019-12-15 08:12:08 - [TEST_STEP][PASSED] - LastName = LastName: null

2019-12-15 08:12:08 - [TEST_STEP][PASSED] - Address = Address: null

2019-12-15 08:12:08 - [TEST_STEP][PASSED] - City = City: null

2019-12-15 08:12:08 - [TEST_STEP][PASSED] - Tel = Tel: null

2019-12-15 08:12:08 - [TEST_STEP][PASSED] - AutoEmail = AutoEmail: null

2019-12-15 08:12:08 - [TEST_STEP][PASSED] - println(FirstName): null

2019-12-15 08:12:08 - [TEST_STEP][PASSED] - println(LastName): null

2019-12-15 08:12:08 - [TEST_STEP][PASSED] - println(Address): null

2019-12-15 08:12:08 - [TEST_STEP][PASSED] - println(City): null

2019-12-15 08:12:08 - [TEST_STEP][PASSED] - println(Tel): null

2019-12-15 08:12:08 - [TEST_STEP][PASSED] - println(AutoEmail): null

2019-12-15 08:12:08 - [MESSAGE][PASSED] - Call Test Case 'Test Cases/AHI/_include/name' successfully

2019-12-15 08:12:08 - [TEST_STEP][PASSED] - leadform_exist = test.MobileKeywords.isElementPresent_Web(findTestObject("mobileSanity/quote lead form/lead_form"), 20): test.MobileKeywords.isElementPresent_Web is PASSED

2019-12-15 08:12:08 - [MESSAGE][PASSED] - test.MobileKeywords.isElementPresent_Web is PASSED

2019-12-15 08:12:08 - [TEST_STEP][PASSED] - if (leadform_exist): null

2019-12-15 08:12:08 - [TEST_STEP][PASSED] - setText(findTestObject("mobileSanity/quote lead form/first"), FirstName): Text 'Test-123' is set on object 'Object Repository/mobileSanity/quote lead form/first'

2019-12-15 08:12:09 - [MESSAGE][PASSED] - Text 'Test-123' is set on object 'Object Repository/mobileSanity/quote lead form/first'

2019-12-15 08:12:09 - [TEST_STEP][PASSED] - setText(findTestObject("mobileSanity/quote lead form/last"), LastName): Text 'ZZ11-cIjdQRSP' is set on object 'Object Repository/mobileSanity/quote lead form/last'

2019-12-15 08:12:09 - [MESSAGE][PASSED] - Text 'ZZ11-cIjdQRSP' is set on object 'Object Repository/mobileSanity/quote lead form/last'

2019-12-15 08:12:09 - [TEST_STEP][PASSED] - setText(findTestObject("mobileSanity/quote lead form/email"), AutoEmail): Text 'test.GOfNUawf@suryani.cn' is set on object 'Object Repository/mobileSanity/quote lead form/email'

2019-12-15 08:12:10 - [MESSAGE][PASSED] - Text 'test.GOfNUawf@suryani.cn' is set on object 'Object Repository/mobileSanity/quote lead form/email'

2019-12-15 08:12:10 - [TEST_STEP][PASSED] - setText(findTestObject("mobileSanity/quote lead form/phone"), Tel): Text '595-726-6862' is set on object 'Object Repository/mobileSanity/quote lead form/phone'

2019-12-15 08:12:10 - [MESSAGE][PASSED] - Text '595-726-6862' is set on object 'Object Repository/mobileSanity/quote lead form/phone'

2019-12-15 08:12:10 - [TEST_STEP][PASSED] - click(findTestObject("mobileSanity/quote lead form/submit")): Object: 'Object Repository/mobileSanity/quote lead form/submit' is clicked on

2019-12-15 08:12:10 - [MESSAGE][PASSED] - Object: 'Object Repository/mobileSanity/quote lead form/submit' is clicked on

2019-12-15 08:12:10 - [TEST_STEP][PASSED] - Thread.sleep(3000): null

2019-12-15 08:12:13 - [MESSAGE][PASSED] - Call Test Case 'Test Cases/AHI/_include/check_quoteleadform' successfully

2019-12-15 08:12:13 - [TEST_STEP][PASSED] - callTestCase(findTestCase("AHI/_include/get_screenshot"), [:], STOP_ON_FAILURE): Call Test Case 'Test Cases/AHI/_include/get_screenshot' successfully

2019-12-15 08:12:13 - [TEST_CASE][PASSED] - Test Cases/AHI/_include/get_screenshot: Test Cases/AHI/_include/get_screenshot

2019-12-15 08:12:13 - [TEST_STEP][PASSED] - takeScreenshot(screenPath + i + ".png"): Taking screenshot successfully

2019-12-15 08:12:14 - [MESSAGE][PASSED] - Taking screenshot successfully
[[ATTACHMENT|D:\\Test\\AgileTest\\Reports\\AHI\\stm\\20191215_080038\\../Screenshots/iPhone 6/stm/Aspen/20191215_081144/2.png]]

2019-12-15 08:12:14 - [TEST_STEP][PASSED] - (internal.GlobalVariable.i++): null

2019-12-15 08:12:14 - [MESSAGE][PASSED] - Call Test Case 'Test Cases/AHI/_include/get_screenshot' successfully

2019-12-15 08:12:14 - [TEST_STEP][PASSED] - Thread.sleep(1000): null

2019-12-15 08:12:15 - [MESSAGE][PASSED] - Call Test Case 'Test Cases/AHI/_include/census_stm' successfully

2019-12-15 08:12:15 - [TEST_STEP][PASSED] - callTestCase(findTestCase("AHI/_include/filter_stm"), ["carrier":"aspen"], STOP_ON_FAILURE): Call Test Case 'Test Cases/AHI/_include/filter_stm' successfully

2019-12-15 08:12:15 - [TEST_CASE][PASSED] - Test Cases/AHI/_include/filter_stm: Test Cases/AHI/_include/filter_stm

2019-12-15 08:12:15 - [TEST_STEP][PASSED] - driver = getWebDriver(): null

2019-12-15 08:12:15 - [TEST_STEP][PASSED] - selenium = new com.thoughtworks.selenium.webdriven.WebDriverBackedSelenium(driver, internal.GlobalVariable.ENV): null

2019-12-15 08:12:15 - [TEST_STEP][PASSED] - Thread.sleep(1000): null

2019-12-15 08:12:16 - [TEST_STEP][PASSED] - click(findTestObject("mobileSanity/STM/STM Quote Page/button_filters")): Object: 'Object Repository/mobileSanity/STM/STM Quote Page/button_filters' is clicked on

2019-12-15 08:12:16 - [MESSAGE][PASSED] - Object: 'Object Repository/mobileSanity/STM/STM Quote Page/button_filters' is clicked on

2019-12-15 08:12:16 - [TEST_STEP][PASSED] - Thread.sleep(1000): null

2019-12-15 08:12:17 - [TEST_STEP][PASSED] - click(findTestObject("mobileSanity/STM/STM Quote Page/i_Insurance company")): Object: 'Object Repository/mobileSanity/STM/STM Quote Page/i_Insurance company' is clicked on

2019-12-15 08:12:17 - [MESSAGE][PASSED] - Object: 'Object Repository/mobileSanity/STM/STM Quote Page/i_Insurance company' is clicked on

2019-12-15 08:12:17 - [TEST_STEP][PASSED] - Thread.sleep(1000): null

2019-12-15 08:12:18 - [TEST_STEP][PASSED] - filter_carrier = "//input[@name='filter[carrier]' and @value='" + carrier + "']/following::label": null

2019-12-15 08:12:18 - [TEST_STEP][PASSED] - println(filter_carrier): null

2019-12-15 08:12:18 - [TEST_STEP][PASSED] - test.MobileKeywords.clickJS_ByXpath(filter_carrier): test.MobileKeywords.clickJS_ByXpath is PASSED

2019-12-15 08:12:19 - [MESSAGE][PASSED] - Execute JavaScript 'arguments[0].click()' successfully

2019-12-15 08:12:19 - [MESSAGE][PASSED] - test.MobileKeywords.clickJS_ByXpath is PASSED

2019-12-15 08:12:19 - [TEST_STEP][PASSED] - click(findTestObject("mobileSanity/STM/STM Quote Page/js-close c-link-button")): Object: 'Object Repository/mobileSanity/STM/STM Quote Page/js-close c-link-button' is clicked on

2019-12-15 08:12:19 - [MESSAGE][PASSED] - Object: 'Object Repository/mobileSanity/STM/STM Quote Page/js-close c-link-button' is clicked on

2019-12-15 08:12:19 - [TEST_STEP][PASSED] - Thread.sleep(2000): null

2019-12-15 08:12:21 - [TEST_STEP][PASSED] - callTestCase(findTestCase("AHI/_include/get_screenshot"), [:], STOP_ON_FAILURE): Call Test Case 'Test Cases/AHI/_include/get_screenshot' successfully

2019-12-15 08:12:21 - [TEST_CASE][PASSED] - Test Cases/AHI/_include/get_screenshot: Test Cases/AHI/_include/get_screenshot

2019-12-15 08:12:21 - [TEST_STEP][PASSED] - takeScreenshot(screenPath + i + ".png"): Taking screenshot successfully

2019-12-15 08:12:22 - [MESSAGE][PASSED] - Taking screenshot successfully
[[ATTACHMENT|D:\\Test\\AgileTest\\Reports\\AHI\\stm\\20191215_080038\\../Screenshots/iPhone 6/stm/Aspen/20191215_081144/3.png]]

2019-12-15 08:12:22 - [TEST_STEP][PASSED] - (internal.GlobalVariable.i++): null

2019-12-15 08:12:22 - [MESSAGE][PASSED] - Call Test Case 'Test Cases/AHI/_include/get_screenshot' successfully

2019-12-15 08:12:22 - [MESSAGE][PASSED] - Call Test Case 'Test Cases/AHI/_include/filter_stm' successfully

2019-12-15 08:12:22 - [TEST_STEP][PASSED] - callTestCase(findTestCase("AHI/_include/goToDetail_stm"), ["carrier":"aspen"], STOP_ON_FAILURE): Call Test Case 'Test Cases/AHI/_include/goToDetail_stm' successfully

2019-12-15 08:12:22 - [TEST_CASE][PASSED] - Test Cases/AHI/_include/goToDetail_stm: Test Cases/AHI/_include/goToDetail_stm

2019-12-15 08:12:22 - [TEST_STEP][PASSED] - driver = getWebDriver(): null

2019-12-15 08:12:22 - [TEST_STEP][PASSED] - selenium = new com.thoughtworks.selenium.webdriven.WebDriverBackedSelenium(driver, internal.GlobalVariable.ENV): null

2019-12-15 08:12:22 - [TEST_STEP][PASSED] - a_plan_name = "xpath=//a[contains(@href,'/term-health-insurance/plan/" + carrier + "')]": null

2019-12-15 08:12:22 - [TEST_STEP][PASSED] - println(a_plan_name): null

2019-12-15 08:12:22 - [TEST_STEP][PASSED] - selenium.click(a_plan_name): null

2019-12-15 08:12:23 - [TEST_STEP][PASSED] - waitForPageLoad(20): Wait for page load successfully

2019-12-15 08:12:24 - [MESSAGE][PASSED] - Wait for page load successfully

2019-12-15 08:12:24 - [TEST_STEP][PASSED] - Thread.sleep(2000): null

2019-12-15 08:12:26 - [TEST_STEP][PASSED] - callTestCase(findTestCase("AHI/_include/get_screenshot"), [:], STOP_ON_FAILURE): Call Test Case 'Test Cases/AHI/_include/get_screenshot' successfully

2019-12-15 08:12:26 - [TEST_CASE][PASSED] - Test Cases/AHI/_include/get_screenshot: Test Cases/AHI/_include/get_screenshot

2019-12-15 08:12:26 - [TEST_STEP][PASSED] - takeScreenshot(screenPath + i + ".png"): Taking screenshot successfully

2019-12-15 08:12:26 - [MESSAGE][PASSED] - Taking screenshot successfully
[[ATTACHMENT|D:\\Test\\AgileTest\\Reports\\AHI\\stm\\20191215_080038\\../Screenshots/iPhone 6/stm/Aspen/20191215_081144/4.png]]

2019-12-15 08:12:26 - [TEST_STEP][PASSED] - (internal.GlobalVariable.i++): null

2019-12-15 08:12:26 - [MESSAGE][PASSED] - Call Test Case 'Test Cases/AHI/_include/get_screenshot' successfully

2019-12-15 08:12:26 - [MESSAGE][PASSED] - Call Test Case 'Test Cases/AHI/_include/goToDetail_stm' successfully

2019-12-15 08:12:26 - [TEST_STEP][PASSED] - callTestCase(findTestCase("AHI/_include/apply_stm"), [:], STOP_ON_FAILURE): Call Test Case 'Test Cases/AHI/_include/apply_stm' successfully

2019-12-15 08:12:26 - [TEST_CASE][PASSED] - Test Cases/AHI/_include/apply_stm: Test Cases/AHI/_include/apply_stm

2019-12-15 08:12:26 - [TEST_STEP][PASSED] - waitForElementVisible(findTestObject("mobileSanity/STM/STM PlanDetail Page/a_Apply for This Plan"), 5): Object 'Object Repository/mobileSanity/STM/STM PlanDetail Page/a_Apply for This Plan' is visible

2019-12-15 08:12:26 - [MESSAGE][PASSED] - Object 'Object Repository/mobileSanity/STM/STM PlanDetail Page/a_Apply for This Plan' is visible

2019-12-15 08:12:26 - [TEST_STEP][PASSED] - click(findTestObject("mobileSanity/STM/STM PlanDetail Page/a_Apply for This Plan")): Object: 'Object Repository/mobileSanity/STM/STM PlanDetail Page/a_Apply for This Plan' is clicked on

2019-12-15 08:12:27 - [MESSAGE][PASSED] - Object: 'Object Repository/mobileSanity/STM/STM PlanDetail Page/a_Apply for This Plan' is clicked on

2019-12-15 08:12:27 - [TEST_STEP][PASSED] - waitForPageLoad(10): Wait for page load successfully

2019-12-15 08:12:28 - [MESSAGE][PASSED] - Wait for page load successfully

2019-12-15 08:12:28 - [TEST_STEP][PASSED] - Thread.sleep(2000): null

2019-12-15 08:12:30 - [TEST_STEP][PASSED] - callTestCase(findTestCase("AHI/_include/get_screenshot"), [:], STOP_ON_FAILURE): Call Test Case 'Test Cases/AHI/_include/get_screenshot' successfully

2019-12-15 08:12:30 - [TEST_CASE][PASSED] - Test Cases/AHI/_include/get_screenshot: Test Cases/AHI/_include/get_screenshot

2019-12-15 08:12:30 - [TEST_STEP][PASSED] - takeScreenshot(screenPath + i + ".png"): Taking screenshot successfully

2019-12-15 08:12:30 - [MESSAGE][PASSED] - Taking screenshot successfully
[[ATTACHMENT|D:\\Test\\AgileTest\\Reports\\AHI\\stm\\20191215_080038\\../Screenshots/iPhone 6/stm/Aspen/20191215_081144/5.png]]

2019-12-15 08:12:30 - [TEST_STEP][PASSED] - (internal.GlobalVariable.i++): null

2019-12-15 08:12:30 - [MESSAGE][PASSED] - Call Test Case 'Test Cases/AHI/_include/get_screenshot' successfully

2019-12-15 08:12:30 - [TEST_STEP][PASSED] - waitForElementVisible(findTestObject("mobileSanity/STM/STM Apply Page/a_Start Secure Application"), 5): Object 'Object Repository/mobileSanity/STM/STM Apply Page/a_Start Secure Application' is visible

2019-12-15 08:12:30 - [MESSAGE][PASSED] - Object 'Object Repository/mobileSanity/STM/STM Apply Page/a_Start Secure Application' is visible

2019-12-15 08:12:30 - [TEST_STEP][PASSED] - click(findTestObject("mobileSanity/STM/STM Apply Page/a_Start Secure Application")): Object: 'Object Repository/mobileSanity/STM/STM Apply Page/a_Start Secure Application' is clicked on

2019-12-15 08:12:31 - [MESSAGE][PASSED] - Object: 'Object Repository/mobileSanity/STM/STM Apply Page/a_Start Secure Application' is clicked on

2019-12-15 08:12:31 - [TEST_STEP][PASSED] - waitForPageLoad(20): Wait for page load successfully

2019-12-15 08:12:31 - [MESSAGE][PASSED] - Wait for page load successfully

2019-12-15 08:12:31 - [TEST_STEP][PASSED] - Thread.sleep(2000): null

2019-12-15 08:12:33 - [TEST_STEP][PASSED] - callTestCase(findTestCase("AHI/_include/get_screenshot"), [:], STOP_ON_FAILURE): Call Test Case 'Test Cases/AHI/_include/get_screenshot' successfully

2019-12-15 08:12:33 - [TEST_CASE][PASSED] - Test Cases/AHI/_include/get_screenshot: Test Cases/AHI/_include/get_screenshot

2019-12-15 08:12:33 - [TEST_STEP][PASSED] - takeScreenshot(screenPath + i + ".png"): Taking screenshot successfully

2019-12-15 08:12:34 - [MESSAGE][PASSED] - Taking screenshot successfully
[[ATTACHMENT|D:\\Test\\AgileTest\\Reports\\AHI\\stm\\20191215_080038\\../Screenshots/iPhone 6/stm/Aspen/20191215_081144/6.png]]

2019-12-15 08:12:34 - [TEST_STEP][PASSED] - (internal.GlobalVariable.i++): null

2019-12-15 08:12:34 - [MESSAGE][PASSED] - Call Test Case 'Test Cases/AHI/_include/get_screenshot' successfully

2019-12-15 08:12:34 - [MESSAGE][PASSED] - Call Test Case 'Test Cases/AHI/_include/apply_stm' successfully

2019-12-15 08:12:34 - [TEST_STEP][PASSED] - callTestCase(findTestCase("AHI/_include/goToEnd_stm_autofill"), [:], STOP_ON_FAILURE): Call Test Case 'Test Cases/AHI/_include/goToEnd_stm_autofill' successfully

2019-12-15 08:12:34 - [TEST_CASE][PASSED] - Test Cases/AHI/_include/goToEnd_stm_autofill: Test Cases/AHI/_include/goToEnd_stm_autofill

2019-12-15 08:12:34 - [TEST_STEP][PASSED] - callTestCase(findTestCase("AHI/_include/name"), [:], CONTINUE_ON_FAILURE): Call Test Case 'Test Cases/AHI/_include/name' successfully

2019-12-15 08:12:34 - [TEST_CASE][PASSED] - Test Cases/AHI/_include/name: Test Cases/AHI/_include/name

2019-12-15 08:12:34 - [TEST_STEP][PASSED] - driver = getWebDriver(): null

2019-12-15 08:12:34 - [TEST_STEP][PASSED] - selenium = new com.thoughtworks.selenium.webdriven.WebDriverBackedSelenium(driver, internal.GlobalVariable.ENV): null

2019-12-15 08:12:34 - [TEST_STEP][PASSED] - FirstName = "Test-123": null

2019-12-15 08:12:34 - [TEST_STEP][PASSED] - LastName = selenium.getEval("{var x="ABCDEFGHIJKLMNOPQRSTUVWXYZabcdefghijklmnopqrstuvwxyz"; var tmp="ZZ11-"; for (i=0;i<8;i++) tmp+=x.charAt(Math.ceil(51*Math.random()));tmp;}"): null

2019-12-15 08:12:34 - [TEST_STEP][PASSED] - Address = selenium.getEval("{var x="ABCDEFGHIJKLMNOPQRSTUVWXYZabcdefghijklmnopqrstuvwxyz"; var tmp=""; for (i=0;i<8;i++) tmp+=x.charAt(Math.ceil(51*Math.random()));tmp;}"): null

2019-12-15 08:12:34 - [TEST_STEP][PASSED] - City = selenium.getEval("{var x="ABCDEFGHIJKLMNOPQRSTUVWXYZabcdefghijklmnopqrstuvwxyz"; var tmp=""; for (i=0;i<8;i++) tmp+=x.charAt(Math.ceil(51*Math.random()));tmp;}"): null

2019-12-15 08:12:34 - [TEST_STEP][PASSED] - tel1 = selenium.getEval("{var x="123456789"; var tmp=""; for (i=0;i<3;i++) tmp+=x.charAt(Math.ceil(8*Math.random()));tmp;}"): null

2019-12-15 08:12:34 - [TEST_STEP][PASSED] - tel2 = selenium.getEval("{var x="123456789"; var tmp=""; for (i=0;i<3;i++) tmp+=x.charAt(Math.ceil(8*Math.random()));tmp;}"): null

2019-12-15 08:12:34 - [TEST_STEP][PASSED] - tel3 = selenium.getEval("{var x="123456789"; var tmp=""; for (i=0;i<4;i++) tmp+=x.charAt(Math.ceil(8*Math.random()));tmp;}"): null

2019-12-15 08:12:34 - [TEST_STEP][PASSED] - Tel = selenium.getExpression(tel1 + "-" + tel2 + "-" + tel3): null

2019-12-15 08:12:34 - [TEST_STEP][PASSED] - AutoEmail = selenium.getEval("{var x="ABCDEFGHIJKLMNOPQRSTUVWXYZabcdefghijklmnopqrstuvwxyz"; var tmp="test."; for (i=0;i<8;i++) tmp+=x.charAt(Math.ceil(51*Math.random()));tmp+="@suryani.cn";}"): null

2019-12-15 08:12:34 - [TEST_STEP][PASSED] - FirstName = FirstName: null

2019-12-15 08:12:34 - [TEST_STEP][PASSED] - LastName = LastName: null

2019-12-15 08:12:34 - [TEST_STEP][PASSED] - Address = Address: null

2019-12-15 08:12:34 - [TEST_STEP][PASSED] - City = City: null

2019-12-15 08:12:34 - [TEST_STEP][PASSED] - Tel = Tel: null

2019-12-15 08:12:34 - [TEST_STEP][PASSED] - AutoEmail = AutoEmail: null

2019-12-15 08:12:34 - [TEST_STEP][PASSED] - println(FirstName): null

2019-12-15 08:12:34 - [TEST_STEP][PASSED] - println(LastName): null

2019-12-15 08:12:34 - [TEST_STEP][PASSED] - println(Address): null

2019-12-15 08:12:34 - [TEST_STEP][PASSED] - println(City): null

2019-12-15 08:12:34 - [TEST_STEP][PASSED] - println(Tel): null

2019-12-15 08:12:34 - [TEST_STEP][PASSED] - println(AutoEmail): null

2019-12-15 08:12:34 - [MESSAGE][PASSED] - Call Test Case 'Test Cases/AHI/_include/name' successfully

2019-12-15 08:12:34 - [TEST_STEP][FAILED] - try: Unable to verify text 'Month Duration Acknowledgement' is present  (Root cause: com.kms.katalon.core.exception.StepFailedException: Text 'Month Duration Acknowledgement' is not present on page )

2019-12-15 08:12:34 - [TEST_STEP][FAILED] - if (verifyTextPresent("Month Duration Acknowledgement", false)): Unable to verify text 'Month Duration Acknowledgement' is present  (Root cause: com.kms.katalon.core.exception.StepFailedException: Text 'Month Duration Acknowledgement' is not present on page )

2019-12-15 08:12:34 - [MESSAGE][FAILED] - Text 'Month Duration Acknowledgement' is not present on page 

2019-12-15 08:12:35 - [MESSAGE][FAILED] - Unable to verify text 'Month Duration Acknowledgement' is present  (Root cause: com.kms.katalon.core.exception.StepFailedException: Text 'Month Duration Acknowledgement' is not present on page )
[[ATTACHMENT|D:\\Test\\AgileTest\\Reports\\AHI\\stm\\20191215_080038\\1576415554677.png]]

2019-12-15 08:12:35 - [TEST_STEP][PASSED] - catch (Exception e): null

2019-12-15 08:12:35 - [TEST_STEP][PASSED] - println("no consecutive"): null

2019-12-15 08:12:35 - [TEST_STEP][PASSED] - waitForPageLoad(10): Wait for page load successfully

2019-12-15 08:12:35 - [MESSAGE][PASSED] - Wait for page load successfully

2019-12-15 08:12:35 - [TEST_STEP][PASSED] - Thread.sleep(3000): null

2019-12-15 08:12:38 - [TEST_STEP][PASSED] - waitForElementVisible(findTestObject("mobileSanity/STM/Page_App Page 1/a_Autofill App Info"), 20): Object 'Object Repository/mobileSanity/STM/Page_App Page 1/a_Autofill App Info' is visible

2019-12-15 08:12:38 - [MESSAGE][PASSED] - Object 'Object Repository/mobileSanity/STM/Page_App Page 1/a_Autofill App Info' is visible

2019-12-15 08:12:38 - [TEST_STEP][PASSED] - click(findTestObject("mobileSanity/STM/Page_App Page 1/a_Autofill App Info")): Object: 'Object Repository/mobileSanity/STM/Page_App Page 1/a_Autofill App Info' is clicked on

2019-12-15 08:12:38 - [MESSAGE][PASSED] - Object: 'Object Repository/mobileSanity/STM/Page_App Page 1/a_Autofill App Info' is clicked on

2019-12-15 08:12:38 - [TEST_STEP][PASSED] - Thread.sleep(1000): null

2019-12-15 08:12:39 - [TEST_STEP][PASSED] - click(findTestObject("mobileSanity/STM/Page_App Page 1/a_Autofill App Info")): Object: 'Object Repository/mobileSanity/STM/Page_App Page 1/a_Autofill App Info' is clicked on

2019-12-15 08:12:39 - [MESSAGE][PASSED] - Object: 'Object Repository/mobileSanity/STM/Page_App Page 1/a_Autofill App Info' is clicked on

2019-12-15 08:12:39 - [TEST_STEP][PASSED] - Thread.sleep(1000): null

2019-12-15 08:12:40 - [TEST_STEP][PASSED] - waitForElementVisible(findTestObject("mobileSanity/STM/Page_App Page 1/a_Continue"), 20): Object 'Object Repository/mobileSanity/STM/Page_App Page 1/a_Continue' is visible

2019-12-15 08:12:40 - [MESSAGE][PASSED] - Object 'Object Repository/mobileSanity/STM/Page_App Page 1/a_Continue' is visible

2019-12-15 08:12:40 - [TEST_STEP][PASSED] - click(findTestObject("mobileSanity/STM/Page_App Page 1/a_Continue")): Object: 'Object Repository/mobileSanity/STM/Page_App Page 1/a_Continue' is clicked on

2019-12-15 08:12:40 - [MESSAGE][PASSED] - Object: 'Object Repository/mobileSanity/STM/Page_App Page 1/a_Continue' is clicked on

2019-12-15 08:12:40 - [TEST_STEP][PASSED] - waitForPageLoad(20): Wait for page load successfully

2019-12-15 08:12:40 - [MESSAGE][PASSED] - Wait for page load successfully

2019-12-15 08:12:40 - [TEST_STEP][PASSED] - Thread.sleep(5000): null

2019-12-15 08:12:45 - [TEST_STEP][PASSED] - callTestCase(findTestCase("AHI/_include/get_screenshot"), [:], STOP_ON_FAILURE): Call Test Case 'Test Cases/AHI/_include/get_screenshot' successfully

2019-12-15 08:12:45 - [TEST_CASE][PASSED] - Test Cases/AHI/_include/get_screenshot: Test Cases/AHI/_include/get_screenshot

2019-12-15 08:12:45 - [TEST_STEP][PASSED] - takeScreenshot(screenPath + i + ".png"): Taking screenshot successfully

2019-12-15 08:12:46 - [MESSAGE][PASSED] - Taking screenshot successfully
[[ATTACHMENT|D:\\Test\\AgileTest\\Reports\\AHI\\stm\\20191215_080038\\../Screenshots/iPhone 6/stm/Aspen/20191215_081144/7.png]]

2019-12-15 08:12:46 - [TEST_STEP][PASSED] - (internal.GlobalVariable.i++): null

2019-12-15 08:12:46 - [MESSAGE][PASSED] - Call Test Case 'Test Cases/AHI/_include/get_screenshot' successfully

2019-12-15 08:12:46 - [TEST_STEP][PASSED] - click(findTestObject("mobileSanity/STM/Page_App Page 2/a_Continue to Step 3 - Payment")): Object: 'Object Repository/mobileSanity/STM/Page_App Page 2/a_Continue to Step 3 - Payment' is clicked on

2019-12-15 08:12:46 - [MESSAGE][PASSED] - Object: 'Object Repository/mobileSanity/STM/Page_App Page 2/a_Continue to Step 3 - Payment' is clicked on

2019-12-15 08:12:46 - [TEST_STEP][PASSED] - waitForPageLoad(20): Wait for page load successfully

2019-12-15 08:12:46 - [MESSAGE][PASSED] - Wait for page load successfully

2019-12-15 08:12:46 - [TEST_STEP][PASSED] - waitForElementVisible(findTestObject("mobileSanity/STM/Page_App Page 3/input__credit-card-cvv"), 20): Object 'Object Repository/mobileSanity/STM/Page_App Page 3/input__credit-card-cvv' is visible

2019-12-15 08:12:47 - [MESSAGE][PASSED] - Object 'Object Repository/mobileSanity/STM/Page_App Page 3/input__credit-card-cvv' is visible

2019-12-15 08:12:47 - [TEST_STEP][PASSED] - Thread.sleep(2000): null

2019-12-15 08:12:49 - [TEST_STEP][PASSED] - callTestCase(findTestCase("AHI/_include/get_screenshot"), [:], STOP_ON_FAILURE): Call Test Case 'Test Cases/AHI/_include/get_screenshot' successfully

2019-12-15 08:12:49 - [TEST_CASE][PASSED] - Test Cases/AHI/_include/get_screenshot: Test Cases/AHI/_include/get_screenshot

2019-12-15 08:12:49 - [TEST_STEP][PASSED] - takeScreenshot(screenPath + i + ".png"): Taking screenshot successfully

2019-12-15 08:12:49 - [MESSAGE][PASSED] - Taking screenshot successfully
[[ATTACHMENT|D:\\Test\\AgileTest\\Reports\\AHI\\stm\\20191215_080038\\../Screenshots/iPhone 6/stm/Aspen/20191215_081144/8.png]]

2019-12-15 08:12:49 - [TEST_STEP][PASSED] - (internal.GlobalVariable.i++): null

2019-12-15 08:12:49 - [MESSAGE][PASSED] - Call Test Case 'Test Cases/AHI/_include/get_screenshot' successfully

2019-12-15 08:12:49 - [TEST_STEP][PASSED] - clearText(findTestObject("mobileSanity/STM/Page_App Page 3/input__credit-card-cvv")): Text of object 'Object Repository/mobileSanity/STM/Page_App Page 3/input__credit-card-cvv' is cleared

2019-12-15 08:12:49 - [MESSAGE][PASSED] - Text of object 'Object Repository/mobileSanity/STM/Page_App Page 3/input__credit-card-cvv' is cleared

2019-12-15 08:12:49 - [TEST_STEP][PASSED] - setText(findTestObject("mobileSanity/STM/Page_App Page 3/input__credit-card-cvv"), "123"): Text '123' is set on object 'Object Repository/mobileSanity/STM/Page_App Page 3/input__credit-card-cvv'

2019-12-15 08:12:49 - [MESSAGE][PASSED] - Text '123' is set on object 'Object Repository/mobileSanity/STM/Page_App Page 3/input__credit-card-cvv'

2019-12-15 08:12:49 - [TEST_STEP][PASSED] - click(findTestObject("mobileSanity/STM/Page_App Page 3/label_I Accept Authorization f")): Object: 'Object Repository/mobileSanity/STM/Page_App Page 3/label_I Accept Authorization f' is clicked on

2019-12-15 08:12:49 - [MESSAGE][PASSED] - Object: 'Object Repository/mobileSanity/STM/Page_App Page 3/label_I Accept Authorization f' is clicked on

2019-12-15 08:12:49 - [TEST_STEP][PASSED] - click(findTestObject("mobileSanity/STM/Page_App Page 3/a_Continue to Step 4 - Review")): Object: 'Object Repository/mobileSanity/STM/Page_App Page 3/a_Continue to Step 4 - Review' is clicked on

2019-12-15 08:12:50 - [MESSAGE][PASSED] - Object: 'Object Repository/mobileSanity/STM/Page_App Page 3/a_Continue to Step 4 - Review' is clicked on

2019-12-15 08:12:50 - [TEST_STEP][PASSED] - waitForPageLoad(10): Wait for page load successfully

2019-12-15 08:12:50 - [MESSAGE][PASSED] - Wait for page load successfully

2019-12-15 08:12:50 - [TEST_STEP][PASSED] - waitForElementClickable(findTestObject("mobileSanity/STM/Page_App Page 4/label"), 10): Object 'Object Repository/mobileSanity/STM/Page_App Page 4/label' is clickable

2019-12-15 08:12:50 - [MESSAGE][PASSED] - Object 'Object Repository/mobileSanity/STM/Page_App Page 4/label' is clickable

2019-12-15 08:12:50 - [TEST_STEP][PASSED] - Thread.sleep(2000): null

2019-12-15 08:12:52 - [TEST_STEP][PASSED] - callTestCase(findTestCase("AHI/_include/get_screenshot"), [:], STOP_ON_FAILURE): Call Test Case 'Test Cases/AHI/_include/get_screenshot' successfully

2019-12-15 08:12:52 - [TEST_CASE][PASSED] - Test Cases/AHI/_include/get_screenshot: Test Cases/AHI/_include/get_screenshot

2019-12-15 08:12:52 - [TEST_STEP][PASSED] - takeScreenshot(screenPath + i + ".png"): Taking screenshot successfully

2019-12-15 08:12:53 - [MESSAGE][PASSED] - Taking screenshot successfully
[[ATTACHMENT|D:\\Test\\AgileTest\\Reports\\AHI\\stm\\20191215_080038\\../Screenshots/iPhone 6/stm/Aspen/20191215_081144/9.png]]

2019-12-15 08:12:53 - [TEST_STEP][PASSED] - (internal.GlobalVariable.i++): null

2019-12-15 08:12:53 - [MESSAGE][PASSED] - Call Test Case 'Test Cases/AHI/_include/get_screenshot' successfully

2019-12-15 08:12:53 - [TEST_STEP][PASSED] - click(findTestObject("mobileSanity/STM/Page_App Page 4/label")): Object: 'Object Repository/mobileSanity/STM/Page_App Page 4/label' is clicked on

2019-12-15 08:12:53 - [MESSAGE][PASSED] - Object: 'Object Repository/mobileSanity/STM/Page_App Page 4/label' is clicked on

2019-12-15 08:12:53 - [TEST_STEP][PASSED] - click(findTestObject("mobileSanity/STM/Page_App Page 4/div_CLICK TO SIGN")): Object: 'Object Repository/mobileSanity/STM/Page_App Page 4/div_CLICK TO SIGN' is clicked on

2019-12-15 08:12:53 - [MESSAGE][PASSED] - Object: 'Object Repository/mobileSanity/STM/Page_App Page 4/div_CLICK TO SIGN' is clicked on

2019-12-15 08:12:53 - [TEST_STEP][PASSED] - click(findTestObject("mobileSanity/STM/Page_App Page 4/a_Submit Your Application")): Object: 'Object Repository/mobileSanity/STM/Page_App Page 4/a_Submit Your Application' is clicked on

2019-12-15 08:12:53 - [MESSAGE][PASSED] - Object: 'Object Repository/mobileSanity/STM/Page_App Page 4/a_Submit Your Application' is clicked on

2019-12-15 08:12:53 - [TEST_STEP][PASSED] - Thread.sleep(30000): null

2019-12-15 08:13:23 - [TEST_STEP][PASSED] - waitForElementPresent(findTestObject("mobileSanity/STM/Page_App Page 6/app-page-wrapper"), 20): Object 'Object Repository/mobileSanity/STM/Page_App Page 6/app-page-wrapper' is present

2019-12-15 08:13:23 - [MESSAGE][PASSED] - Object 'Object Repository/mobileSanity/STM/Page_App Page 6/app-page-wrapper' is present

2019-12-15 08:13:23 - [TEST_STEP][PASSED] - callTestCase(findTestCase("AHI/_include/get_screenshot"), [:], STOP_ON_FAILURE): Call Test Case 'Test Cases/AHI/_include/get_screenshot' successfully

2019-12-15 08:13:23 - [TEST_CASE][PASSED] - Test Cases/AHI/_include/get_screenshot: Test Cases/AHI/_include/get_screenshot

2019-12-15 08:13:23 - [TEST_STEP][PASSED] - takeScreenshot(screenPath + i + ".png"): Taking screenshot successfully

2019-12-15 08:13:23 - [MESSAGE][PASSED] - Taking screenshot successfully
[[ATTACHMENT|D:\\Test\\AgileTest\\Reports\\AHI\\stm\\20191215_080038\\../Screenshots/iPhone 6/stm/Aspen/20191215_081144/10.png]]

2019-12-15 08:13:23 - [TEST_STEP][PASSED] - (internal.GlobalVariable.i++): null

2019-12-15 08:13:23 - [MESSAGE][PASSED] - Call Test Case 'Test Cases/AHI/_include/get_screenshot' successfully

2019-12-15 08:13:23 - [MESSAGE][PASSED] - Call Test Case 'Test Cases/AHI/_include/goToEnd_stm_autofill' successfully]]></system-out>
         <system-err><![CDATA[]]></system-err>
      </testcase>
      <testcase name="Test Cases/AHI/stm/Companion" classname="Test Cases/AHI/stm/Companion" status="PASSED">
         <system-out><![CDATA[2019-12-15 08:13:23 - [TEST_CASE][PASSED] - Test Cases/AHI/stm/Companion: Test Cases/AHI/stm/Companion

2019-12-15 08:13:24 - [TEST_STEP][PASSED] - callTestCase(findTestCase("AHI/_include/get_screenPath"), ["productLine":"stm", "carrierName":"Companion"], CONTINUE_ON_FAILURE): Call Test Case 'Test Cases/AHI/_include/get_screenPath' successfully

2019-12-15 08:13:24 - [TEST_CASE][PASSED] - Test Cases/AHI/_include/get_screenPath: Test Cases/AHI/_include/get_screenPath

2019-12-15 08:13:24 - [TEST_STEP][PASSED] - m = getExecutionProperties(): null

2019-12-15 08:13:24 - [TEST_STEP][PASSED] - deviceName = get("mobileEmulation").get("deviceName"): null

2019-12-15 08:13:24 - [TEST_STEP][PASSED] - println(deviceName): null

2019-12-15 08:13:24 - [TEST_STEP][PASSED] - now = new java.util.Date(): null

2019-12-15 08:13:24 - [TEST_STEP][PASSED] - mydate = now.format("yyyyMMdd_HHmmss"): null

2019-12-15 08:13:24 - [TEST_STEP][PASSED] - screenPath = "../Screenshots/": null

2019-12-15 08:13:24 - [TEST_STEP][PASSED] - screenPath = screenPath + deviceName + "/" + productLine + "/" + carrierName + "/" + mydate + "/": null

2019-12-15 08:13:24 - [TEST_STEP][PASSED] - println(screenPath): null

2019-12-15 08:13:24 - [MESSAGE][PASSED] - Call Test Case 'Test Cases/AHI/_include/get_screenPath' successfully

2019-12-15 08:13:24 - [TEST_STEP][PASSED] - i = 0: null

2019-12-15 08:13:24 - [TEST_STEP][PASSED] - callTestCase(findTestCase("AHI/_include/openWebSite"), [:], CONTINUE_ON_FAILURE): Call Test Case 'Test Cases/AHI/_include/openWebSite' successfully

2019-12-15 08:13:24 - [TEST_CASE][PASSED] - Test Cases/AHI/_include/openWebSite: Test Cases/AHI/_include/openWebSite

2019-12-15 08:13:24 - [TEST_STEP][PASSED] - openBrowser(env): Browser is opened with url: 'https://praetemptatus.agilehealthinsurance.com'

2019-12-15 08:13:24 - [MESSAGE][WARNING] - A browser is already opened. Closing browser and opening a new one

2019-12-15 08:13:25 - [MESSAGE][INFO] - Starting 'Chrome' driver

2019-12-15 08:13:25 - [MESSAGE][INFO] - User set preference: ['mobileEmulation', '{deviceName=iPhone 6}']

2019-12-15 08:13:25 - [MESSAGE][INFO] - User set preference: ['args', '[--incognito, --aggressive-cache-discard, --window-size=375,677, --no-sandbox]']

2019-12-15 08:13:28 - [MESSAGE][PASSED] - Browser is opened with url: 'https://praetemptatus.agilehealthinsurance.com'

2019-12-15 08:13:28 - [TEST_STEP][PASSED] - waitForPageLoad(20): Wait for page load successfully

2019-12-15 08:13:28 - [MESSAGE][PASSED] - Wait for page load successfully

2019-12-15 08:13:28 - [TEST_STEP][PASSED] - callTestCase(findTestCase("AHI/_include/get_screenshot"), [:], STOP_ON_FAILURE): Call Test Case 'Test Cases/AHI/_include/get_screenshot' successfully

2019-12-15 08:13:28 - [TEST_CASE][PASSED] - Test Cases/AHI/_include/get_screenshot: Test Cases/AHI/_include/get_screenshot

2019-12-15 08:13:28 - [TEST_STEP][PASSED] - takeScreenshot(screenPath + i + ".png"): Taking screenshot successfully

2019-12-15 08:13:29 - [MESSAGE][PASSED] - Taking screenshot successfully
[[ATTACHMENT|D:\\Test\\AgileTest\\Reports\\AHI\\stm\\20191215_080038\\../Screenshots/iPhone 6/stm/Companion/20191215_081324/0.png]]

2019-12-15 08:13:29 - [TEST_STEP][PASSED] - (internal.GlobalVariable.i++): null

2019-12-15 08:13:29 - [MESSAGE][PASSED] - Call Test Case 'Test Cases/AHI/_include/get_screenshot' successfully

2019-12-15 08:13:29 - [MESSAGE][PASSED] - Call Test Case 'Test Cases/AHI/_include/openWebSite' successfully

2019-12-15 08:13:29 - [TEST_STEP][PASSED] - callTestCase(findTestCase("AHI/_include/census_stm"), [:], CONTINUE_ON_FAILURE): Call Test Case 'Test Cases/AHI/_include/census_stm' successfully

2019-12-15 08:13:29 - [TEST_CASE][PASSED] - Test Cases/AHI/_include/census_stm: Test Cases/AHI/_include/census_stm

2019-12-15 08:13:29 - [TEST_STEP][PASSED] - waitForElementClickable(findTestObject("mobileSanity/STM/Home Page/a_Quote  Save Today"), 10): Object 'Object Repository/mobileSanity/STM/Home Page/a_Quote  Save Today' is clickable

2019-12-15 08:13:29 - [MESSAGE][PASSED] - Object 'Object Repository/mobileSanity/STM/Home Page/a_Quote  Save Today' is clickable

2019-12-15 08:13:29 - [TEST_STEP][PASSED] - click(findTestObject("mobileSanity/STM/Home Page/a_Quote  Save Today")): Object: 'Object Repository/mobileSanity/STM/Home Page/a_Quote  Save Today' is clicked on

2019-12-15 08:13:30 - [MESSAGE][PASSED] - Object: 'Object Repository/mobileSanity/STM/Home Page/a_Quote  Save Today' is clicked on

2019-12-15 08:13:30 - [TEST_STEP][PASSED] - waitForPageLoad(10): Wait for page load successfully

2019-12-15 08:13:31 - [MESSAGE][PASSED] - Wait for page load successfully

2019-12-15 08:13:31 - [TEST_STEP][PASSED] - callTestCase(findTestCase("AHI/_include/get_screenshot"), [:], STOP_ON_FAILURE): Call Test Case 'Test Cases/AHI/_include/get_screenshot' successfully

2019-12-15 08:13:31 - [TEST_CASE][PASSED] - Test Cases/AHI/_include/get_screenshot: Test Cases/AHI/_include/get_screenshot

2019-12-15 08:13:31 - [TEST_STEP][PASSED] - takeScreenshot(screenPath + i + ".png"): Taking screenshot successfully

2019-12-15 08:13:31 - [MESSAGE][PASSED] - Taking screenshot successfully
[[ATTACHMENT|D:\\Test\\AgileTest\\Reports\\AHI\\stm\\20191215_080038\\../Screenshots/iPhone 6/stm/Companion/20191215_081324/1.png]]

2019-12-15 08:13:31 - [TEST_STEP][PASSED] - (internal.GlobalVariable.i++): null

2019-12-15 08:13:31 - [MESSAGE][PASSED] - Call Test Case 'Test Cases/AHI/_include/get_screenshot' successfully

2019-12-15 08:13:31 - [TEST_STEP][PASSED] - setText(findTestObject("mobileSanity/STM/STM Census Page/input_Location_zip-input"), zipcode): Text '35215' is set on object 'Object Repository/mobileSanity/STM/STM Census Page/input_Location_zip-input'

2019-12-15 08:13:32 - [MESSAGE][PASSED] - Text '35215' is set on object 'Object Repository/mobileSanity/STM/STM Census Page/input_Location_zip-input'

2019-12-15 08:13:32 - [TEST_STEP][PASSED] - Thread.sleep(500): null

2019-12-15 08:13:32 - [TEST_STEP][PASSED] - setText(findTestObject("mobileSanity/STM/STM Census Page/input_Date of Birth_dob-0"), "03031987"): Text '03031987' is set on object 'Object Repository/mobileSanity/STM/STM Census Page/input_Date of Birth_dob-0'

2019-12-15 08:13:33 - [MESSAGE][PASSED] - Text '03031987' is set on object 'Object Repository/mobileSanity/STM/STM Census Page/input_Date of Birth_dob-0'

2019-12-15 08:13:33 - [TEST_STEP][PASSED] - click(findTestObject("mobileSanity/STM/STM Census Page/label_Male")): Object: 'Object Repository/mobileSanity/STM/STM Census Page/label_Male' is clicked on

2019-12-15 08:13:33 - [MESSAGE][PASSED] - Object: 'Object Repository/mobileSanity/STM/STM Census Page/label_Male' is clicked on

2019-12-15 08:13:33 - [TEST_STEP][PASSED] - click(findTestObject("mobileSanity/STM/STM Census Page/label_Compare Plans")): Object: 'Object Repository/mobileSanity/STM/STM Census Page/label_Compare Plans' is clicked on

2019-12-15 08:13:37 - [MESSAGE][PASSED] - Object: 'Object Repository/mobileSanity/STM/STM Census Page/label_Compare Plans' is clicked on

2019-12-15 08:13:37 - [TEST_STEP][PASSED] - waitForElementVisible(findTestObject("mobileSanity/STM/STM Quote Page/button_sort"), 20): Object 'Object Repository/mobileSanity/STM/STM Quote Page/button_sort' is visible

2019-12-15 08:13:37 - [MESSAGE][PASSED] - Object 'Object Repository/mobileSanity/STM/STM Quote Page/button_sort' is visible

2019-12-15 08:13:37 - [TEST_STEP][PASSED] - Thread.sleep(3000): null

2019-12-15 08:13:40 - [TEST_STEP][PASSED] - callTestCase(findTestCase("AHI/_include/check_quoteleadform"), [:], STOP_ON_FAILURE): Call Test Case 'Test Cases/AHI/_include/check_quoteleadform' successfully

2019-12-15 08:13:41 - [TEST_CASE][PASSED] - Test Cases/AHI/_include/check_quoteleadform: Test Cases/AHI/_include/check_quoteleadform

2019-12-15 08:13:41 - [TEST_STEP][PASSED] - callTestCase(findTestCase("AHI/_include/name"), [:], CONTINUE_ON_FAILURE): Call Test Case 'Test Cases/AHI/_include/name' successfully

2019-12-15 08:13:41 - [TEST_CASE][PASSED] - Test Cases/AHI/_include/name: Test Cases/AHI/_include/name

2019-12-15 08:13:41 - [TEST_STEP][PASSED] - driver = getWebDriver(): null

2019-12-15 08:13:41 - [TEST_STEP][PASSED] - selenium = new com.thoughtworks.selenium.webdriven.WebDriverBackedSelenium(driver, internal.GlobalVariable.ENV): null

2019-12-15 08:13:41 - [TEST_STEP][PASSED] - FirstName = "Test-123": null

2019-12-15 08:13:41 - [TEST_STEP][PASSED] - LastName = selenium.getEval("{var x="ABCDEFGHIJKLMNOPQRSTUVWXYZabcdefghijklmnopqrstuvwxyz"; var tmp="ZZ11-"; for (i=0;i<8;i++) tmp+=x.charAt(Math.ceil(51*Math.random()));tmp;}"): null

2019-12-15 08:13:41 - [TEST_STEP][PASSED] - Address = selenium.getEval("{var x="ABCDEFGHIJKLMNOPQRSTUVWXYZabcdefghijklmnopqrstuvwxyz"; var tmp=""; for (i=0;i<8;i++) tmp+=x.charAt(Math.ceil(51*Math.random()));tmp;}"): null

2019-12-15 08:13:41 - [TEST_STEP][PASSED] - City = selenium.getEval("{var x="ABCDEFGHIJKLMNOPQRSTUVWXYZabcdefghijklmnopqrstuvwxyz"; var tmp=""; for (i=0;i<8;i++) tmp+=x.charAt(Math.ceil(51*Math.random()));tmp;}"): null

2019-12-15 08:13:41 - [TEST_STEP][PASSED] - tel1 = selenium.getEval("{var x="123456789"; var tmp=""; for (i=0;i<3;i++) tmp+=x.charAt(Math.ceil(8*Math.random()));tmp;}"): null

2019-12-15 08:13:41 - [TEST_STEP][PASSED] - tel2 = selenium.getEval("{var x="123456789"; var tmp=""; for (i=0;i<3;i++) tmp+=x.charAt(Math.ceil(8*Math.random()));tmp;}"): null

2019-12-15 08:13:41 - [TEST_STEP][PASSED] - tel3 = selenium.getEval("{var x="123456789"; var tmp=""; for (i=0;i<4;i++) tmp+=x.charAt(Math.ceil(8*Math.random()));tmp;}"): null

2019-12-15 08:13:41 - [TEST_STEP][PASSED] - Tel = selenium.getExpression(tel1 + "-" + tel2 + "-" + tel3): null

2019-12-15 08:13:41 - [TEST_STEP][PASSED] - AutoEmail = selenium.getEval("{var x="ABCDEFGHIJKLMNOPQRSTUVWXYZabcdefghijklmnopqrstuvwxyz"; var tmp="test."; for (i=0;i<8;i++) tmp+=x.charAt(Math.ceil(51*Math.random()));tmp+="@suryani.cn";}"): null

2019-12-15 08:13:41 - [TEST_STEP][PASSED] - FirstName = FirstName: null

2019-12-15 08:13:41 - [TEST_STEP][PASSED] - LastName = LastName: null

2019-12-15 08:13:41 - [TEST_STEP][PASSED] - Address = Address: null

2019-12-15 08:13:41 - [TEST_STEP][PASSED] - City = City: null

2019-12-15 08:13:41 - [TEST_STEP][PASSED] - Tel = Tel: null

2019-12-15 08:13:41 - [TEST_STEP][PASSED] - AutoEmail = AutoEmail: null

2019-12-15 08:13:41 - [TEST_STEP][PASSED] - println(FirstName): null

2019-12-15 08:13:41 - [TEST_STEP][PASSED] - println(LastName): null

2019-12-15 08:13:41 - [TEST_STEP][PASSED] - println(Address): null

2019-12-15 08:13:41 - [TEST_STEP][PASSED] - println(City): null

2019-12-15 08:13:41 - [TEST_STEP][PASSED] - println(Tel): null

2019-12-15 08:13:41 - [TEST_STEP][PASSED] - println(AutoEmail): null

2019-12-15 08:13:41 - [MESSAGE][PASSED] - Call Test Case 'Test Cases/AHI/_include/name' successfully

2019-12-15 08:13:41 - [TEST_STEP][PASSED] - leadform_exist = test.MobileKeywords.isElementPresent_Web(findTestObject("mobileSanity/quote lead form/lead_form"), 20): test.MobileKeywords.isElementPresent_Web is PASSED

2019-12-15 08:13:41 - [MESSAGE][PASSED] - test.MobileKeywords.isElementPresent_Web is PASSED

2019-12-15 08:13:41 - [TEST_STEP][PASSED] - if (leadform_exist): null

2019-12-15 08:13:41 - [TEST_STEP][PASSED] - setText(findTestObject("mobileSanity/quote lead form/first"), FirstName): Text 'Test-123' is set on object 'Object Repository/mobileSanity/quote lead form/first'

2019-12-15 08:13:41 - [MESSAGE][PASSED] - Text 'Test-123' is set on object 'Object Repository/mobileSanity/quote lead form/first'

2019-12-15 08:13:41 - [TEST_STEP][PASSED] - setText(findTestObject("mobileSanity/quote lead form/last"), LastName): Text 'ZZ11-xeXpDXNa' is set on object 'Object Repository/mobileSanity/quote lead form/last'

2019-12-15 08:13:41 - [MESSAGE][PASSED] - Text 'ZZ11-xeXpDXNa' is set on object 'Object Repository/mobileSanity/quote lead form/last'

2019-12-15 08:13:41 - [TEST_STEP][PASSED] - setText(findTestObject("mobileSanity/quote lead form/email"), AutoEmail): Text 'test.pakJegOF@suryani.cn' is set on object 'Object Repository/mobileSanity/quote lead form/email'

2019-12-15 08:13:42 - [MESSAGE][PASSED] - Text 'test.pakJegOF@suryani.cn' is set on object 'Object Repository/mobileSanity/quote lead form/email'

2019-12-15 08:13:42 - [TEST_STEP][PASSED] - setText(findTestObject("mobileSanity/quote lead form/phone"), Tel): Text '689-945-7296' is set on object 'Object Repository/mobileSanity/quote lead form/phone'

2019-12-15 08:13:42 - [MESSAGE][PASSED] - Text '689-945-7296' is set on object 'Object Repository/mobileSanity/quote lead form/phone'

2019-12-15 08:13:42 - [TEST_STEP][PASSED] - click(findTestObject("mobileSanity/quote lead form/submit")): Object: 'Object Repository/mobileSanity/quote lead form/submit' is clicked on

2019-12-15 08:13:42 - [MESSAGE][PASSED] - Object: 'Object Repository/mobileSanity/quote lead form/submit' is clicked on

2019-12-15 08:13:42 - [TEST_STEP][PASSED] - Thread.sleep(3000): null

2019-12-15 08:13:45 - [MESSAGE][PASSED] - Call Test Case 'Test Cases/AHI/_include/check_quoteleadform' successfully

2019-12-15 08:13:45 - [TEST_STEP][PASSED] - callTestCase(findTestCase("AHI/_include/get_screenshot"), [:], STOP_ON_FAILURE): Call Test Case 'Test Cases/AHI/_include/get_screenshot' successfully

2019-12-15 08:13:45 - [TEST_CASE][PASSED] - Test Cases/AHI/_include/get_screenshot: Test Cases/AHI/_include/get_screenshot

2019-12-15 08:13:45 - [TEST_STEP][PASSED] - takeScreenshot(screenPath + i + ".png"): Taking screenshot successfully

2019-12-15 08:13:46 - [MESSAGE][PASSED] - Taking screenshot successfully
[[ATTACHMENT|D:\\Test\\AgileTest\\Reports\\AHI\\stm\\20191215_080038\\../Screenshots/iPhone 6/stm/Companion/20191215_081324/2.png]]

2019-12-15 08:13:46 - [TEST_STEP][PASSED] - (internal.GlobalVariable.i++): null

2019-12-15 08:13:46 - [MESSAGE][PASSED] - Call Test Case 'Test Cases/AHI/_include/get_screenshot' successfully

2019-12-15 08:13:46 - [TEST_STEP][PASSED] - Thread.sleep(1000): null

2019-12-15 08:13:47 - [MESSAGE][PASSED] - Call Test Case 'Test Cases/AHI/_include/census_stm' successfully

2019-12-15 08:13:47 - [TEST_STEP][PASSED] - callTestCase(findTestCase("AHI/_include/filter_stm"), ["carrier":"pivotcompanion"], STOP_ON_FAILURE): Call Test Case 'Test Cases/AHI/_include/filter_stm' successfully

2019-12-15 08:13:47 - [TEST_CASE][PASSED] - Test Cases/AHI/_include/filter_stm: Test Cases/AHI/_include/filter_stm

2019-12-15 08:13:47 - [TEST_STEP][PASSED] - driver = getWebDriver(): null

2019-12-15 08:13:47 - [TEST_STEP][PASSED] - selenium = new com.thoughtworks.selenium.webdriven.WebDriverBackedSelenium(driver, internal.GlobalVariable.ENV): null

2019-12-15 08:13:47 - [TEST_STEP][PASSED] - Thread.sleep(1000): null

2019-12-15 08:13:48 - [TEST_STEP][PASSED] - click(findTestObject("mobileSanity/STM/STM Quote Page/button_filters")): Object: 'Object Repository/mobileSanity/STM/STM Quote Page/button_filters' is clicked on

2019-12-15 08:13:49 - [MESSAGE][PASSED] - Object: 'Object Repository/mobileSanity/STM/STM Quote Page/button_filters' is clicked on

2019-12-15 08:13:49 - [TEST_STEP][PASSED] - Thread.sleep(1000): null

2019-12-15 08:13:50 - [TEST_STEP][PASSED] - click(findTestObject("mobileSanity/STM/STM Quote Page/i_Insurance company")): Object: 'Object Repository/mobileSanity/STM/STM Quote Page/i_Insurance company' is clicked on

2019-12-15 08:13:50 - [MESSAGE][PASSED] - Object: 'Object Repository/mobileSanity/STM/STM Quote Page/i_Insurance company' is clicked on

2019-12-15 08:13:50 - [TEST_STEP][PASSED] - Thread.sleep(1000): null

2019-12-15 08:13:51 - [TEST_STEP][PASSED] - filter_carrier = "//input[@name='filter[carrier]' and @value='" + carrier + "']/following::label": null

2019-12-15 08:13:51 - [TEST_STEP][PASSED] - println(filter_carrier): null

2019-12-15 08:13:51 - [TEST_STEP][PASSED] - test.MobileKeywords.clickJS_ByXpath(filter_carrier): test.MobileKeywords.clickJS_ByXpath is PASSED

2019-12-15 08:13:52 - [MESSAGE][PASSED] - Execute JavaScript 'arguments[0].click()' successfully

2019-12-15 08:13:52 - [MESSAGE][PASSED] - test.MobileKeywords.clickJS_ByXpath is PASSED

2019-12-15 08:13:52 - [TEST_STEP][PASSED] - click(findTestObject("mobileSanity/STM/STM Quote Page/js-close c-link-button")): Object: 'Object Repository/mobileSanity/STM/STM Quote Page/js-close c-link-button' is clicked on

2019-12-15 08:13:53 - [MESSAGE][PASSED] - Object: 'Object Repository/mobileSanity/STM/STM Quote Page/js-close c-link-button' is clicked on

2019-12-15 08:13:53 - [TEST_STEP][PASSED] - Thread.sleep(2000): null

2019-12-15 08:13:55 - [TEST_STEP][PASSED] - callTestCase(findTestCase("AHI/_include/get_screenshot"), [:], STOP_ON_FAILURE): Call Test Case 'Test Cases/AHI/_include/get_screenshot' successfully

2019-12-15 08:13:55 - [TEST_CASE][PASSED] - Test Cases/AHI/_include/get_screenshot: Test Cases/AHI/_include/get_screenshot

2019-12-15 08:13:55 - [TEST_STEP][PASSED] - takeScreenshot(screenPath + i + ".png"): Taking screenshot successfully

2019-12-15 08:13:56 - [MESSAGE][PASSED] - Taking screenshot successfully
[[ATTACHMENT|D:\\Test\\AgileTest\\Reports\\AHI\\stm\\20191215_080038\\../Screenshots/iPhone 6/stm/Companion/20191215_081324/3.png]]

2019-12-15 08:13:56 - [TEST_STEP][PASSED] - (internal.GlobalVariable.i++): null

2019-12-15 08:13:56 - [MESSAGE][PASSED] - Call Test Case 'Test Cases/AHI/_include/get_screenshot' successfully

2019-12-15 08:13:56 - [MESSAGE][PASSED] - Call Test Case 'Test Cases/AHI/_include/filter_stm' successfully

2019-12-15 08:13:56 - [TEST_STEP][PASSED] - callTestCase(findTestCase("AHI/_include/goToDetail_stm"), ["carrier":"pivot-health-choice"], STOP_ON_FAILURE): Call Test Case 'Test Cases/AHI/_include/goToDetail_stm' successfully

2019-12-15 08:13:56 - [TEST_CASE][PASSED] - Test Cases/AHI/_include/goToDetail_stm: Test Cases/AHI/_include/goToDetail_stm

2019-12-15 08:13:56 - [TEST_STEP][PASSED] - driver = getWebDriver(): null

2019-12-15 08:13:56 - [TEST_STEP][PASSED] - selenium = new com.thoughtworks.selenium.webdriven.WebDriverBackedSelenium(driver, internal.GlobalVariable.ENV): null

2019-12-15 08:13:56 - [TEST_STEP][PASSED] - a_plan_name = "xpath=//a[contains(@href,'/term-health-insurance/plan/" + carrier + "')]": null

2019-12-15 08:13:56 - [TEST_STEP][PASSED] - println(a_plan_name): null

2019-12-15 08:13:56 - [TEST_STEP][PASSED] - selenium.click(a_plan_name): null

2019-12-15 08:13:58 - [TEST_STEP][PASSED] - waitForPageLoad(20): Wait for page load successfully

2019-12-15 08:13:59 - [MESSAGE][PASSED] - Wait for page load successfully

2019-12-15 08:13:59 - [TEST_STEP][PASSED] - Thread.sleep(2000): null

2019-12-15 08:14:01 - [TEST_STEP][PASSED] - callTestCase(findTestCase("AHI/_include/get_screenshot"), [:], STOP_ON_FAILURE): Call Test Case 'Test Cases/AHI/_include/get_screenshot' successfully

2019-12-15 08:14:01 - [TEST_CASE][PASSED] - Test Cases/AHI/_include/get_screenshot: Test Cases/AHI/_include/get_screenshot

2019-12-15 08:14:01 - [TEST_STEP][PASSED] - takeScreenshot(screenPath + i + ".png"): Taking screenshot successfully

2019-12-15 08:14:02 - [MESSAGE][PASSED] - Taking screenshot successfully
[[ATTACHMENT|D:\\Test\\AgileTest\\Reports\\AHI\\stm\\20191215_080038\\../Screenshots/iPhone 6/stm/Companion/20191215_081324/4.png]]

2019-12-15 08:14:02 - [TEST_STEP][PASSED] - (internal.GlobalVariable.i++): null

2019-12-15 08:14:02 - [MESSAGE][PASSED] - Call Test Case 'Test Cases/AHI/_include/get_screenshot' successfully

2019-12-15 08:14:02 - [MESSAGE][PASSED] - Call Test Case 'Test Cases/AHI/_include/goToDetail_stm' successfully

2019-12-15 08:14:02 - [TEST_STEP][PASSED] - callTestCase(findTestCase("AHI/_include/apply_stm"), [:], STOP_ON_FAILURE): Call Test Case 'Test Cases/AHI/_include/apply_stm' successfully

2019-12-15 08:14:02 - [TEST_CASE][PASSED] - Test Cases/AHI/_include/apply_stm: Test Cases/AHI/_include/apply_stm

2019-12-15 08:14:02 - [TEST_STEP][PASSED] - waitForElementVisible(findTestObject("mobileSanity/STM/STM PlanDetail Page/a_Apply for This Plan"), 5): Object 'Object Repository/mobileSanity/STM/STM PlanDetail Page/a_Apply for This Plan' is visible

2019-12-15 08:14:02 - [MESSAGE][PASSED] - Object 'Object Repository/mobileSanity/STM/STM PlanDetail Page/a_Apply for This Plan' is visible

2019-12-15 08:14:02 - [TEST_STEP][PASSED] - click(findTestObject("mobileSanity/STM/STM PlanDetail Page/a_Apply for This Plan")): Object: 'Object Repository/mobileSanity/STM/STM PlanDetail Page/a_Apply for This Plan' is clicked on

2019-12-15 08:14:02 - [MESSAGE][PASSED] - Object: 'Object Repository/mobileSanity/STM/STM PlanDetail Page/a_Apply for This Plan' is clicked on

2019-12-15 08:14:02 - [TEST_STEP][PASSED] - waitForPageLoad(10): Wait for page load successfully

2019-12-15 08:14:04 - [MESSAGE][PASSED] - Wait for page load successfully

2019-12-15 08:14:04 - [TEST_STEP][PASSED] - Thread.sleep(2000): null

2019-12-15 08:14:06 - [TEST_STEP][PASSED] - callTestCase(findTestCase("AHI/_include/get_screenshot"), [:], STOP_ON_FAILURE): Call Test Case 'Test Cases/AHI/_include/get_screenshot' successfully

2019-12-15 08:14:06 - [TEST_CASE][PASSED] - Test Cases/AHI/_include/get_screenshot: Test Cases/AHI/_include/get_screenshot

2019-12-15 08:14:06 - [TEST_STEP][PASSED] - takeScreenshot(screenPath + i + ".png"): Taking screenshot successfully

2019-12-15 08:14:06 - [MESSAGE][PASSED] - Taking screenshot successfully
[[ATTACHMENT|D:\\Test\\AgileTest\\Reports\\AHI\\stm\\20191215_080038\\../Screenshots/iPhone 6/stm/Companion/20191215_081324/5.png]]

2019-12-15 08:14:06 - [TEST_STEP][PASSED] - (internal.GlobalVariable.i++): null

2019-12-15 08:14:06 - [MESSAGE][PASSED] - Call Test Case 'Test Cases/AHI/_include/get_screenshot' successfully

2019-12-15 08:14:06 - [TEST_STEP][PASSED] - waitForElementVisible(findTestObject("mobileSanity/STM/STM Apply Page/a_Start Secure Application"), 5): Object 'Object Repository/mobileSanity/STM/STM Apply Page/a_Start Secure Application' is visible

2019-12-15 08:14:07 - [MESSAGE][PASSED] - Object 'Object Repository/mobileSanity/STM/STM Apply Page/a_Start Secure Application' is visible

2019-12-15 08:14:07 - [TEST_STEP][PASSED] - click(findTestObject("mobileSanity/STM/STM Apply Page/a_Start Secure Application")): Object: 'Object Repository/mobileSanity/STM/STM Apply Page/a_Start Secure Application' is clicked on

2019-12-15 08:14:09 - [MESSAGE][PASSED] - Object: 'Object Repository/mobileSanity/STM/STM Apply Page/a_Start Secure Application' is clicked on

2019-12-15 08:14:09 - [TEST_STEP][PASSED] - waitForPageLoad(20): Wait for page load successfully

2019-12-15 08:14:10 - [MESSAGE][PASSED] - Wait for page load successfully

2019-12-15 08:14:10 - [TEST_STEP][PASSED] - Thread.sleep(2000): null

2019-12-15 08:14:12 - [TEST_STEP][PASSED] - callTestCase(findTestCase("AHI/_include/get_screenshot"), [:], STOP_ON_FAILURE): Call Test Case 'Test Cases/AHI/_include/get_screenshot' successfully

2019-12-15 08:14:12 - [TEST_CASE][PASSED] - Test Cases/AHI/_include/get_screenshot: Test Cases/AHI/_include/get_screenshot

2019-12-15 08:14:12 - [TEST_STEP][PASSED] - takeScreenshot(screenPath + i + ".png"): Taking screenshot successfully

2019-12-15 08:14:12 - [MESSAGE][PASSED] - Taking screenshot successfully
[[ATTACHMENT|D:\\Test\\AgileTest\\Reports\\AHI\\stm\\20191215_080038\\../Screenshots/iPhone 6/stm/Companion/20191215_081324/6.png]]

2019-12-15 08:14:12 - [TEST_STEP][PASSED] - (internal.GlobalVariable.i++): null

2019-12-15 08:14:12 - [MESSAGE][PASSED] - Call Test Case 'Test Cases/AHI/_include/get_screenshot' successfully

2019-12-15 08:14:12 - [MESSAGE][PASSED] - Call Test Case 'Test Cases/AHI/_include/apply_stm' successfully

2019-12-15 08:14:12 - [TEST_STEP][PASSED] - callTestCase(findTestCase("AHI/_include/goToEnd_stm_autofill"), [:], STOP_ON_FAILURE): Call Test Case 'Test Cases/AHI/_include/goToEnd_stm_autofill' successfully

2019-12-15 08:14:12 - [TEST_CASE][PASSED] - Test Cases/AHI/_include/goToEnd_stm_autofill: Test Cases/AHI/_include/goToEnd_stm_autofill

2019-12-15 08:14:12 - [TEST_STEP][PASSED] - callTestCase(findTestCase("AHI/_include/name"), [:], CONTINUE_ON_FAILURE): Call Test Case 'Test Cases/AHI/_include/name' successfully

2019-12-15 08:14:12 - [TEST_CASE][PASSED] - Test Cases/AHI/_include/name: Test Cases/AHI/_include/name

2019-12-15 08:14:12 - [TEST_STEP][PASSED] - driver = getWebDriver(): null

2019-12-15 08:14:12 - [TEST_STEP][PASSED] - selenium = new com.thoughtworks.selenium.webdriven.WebDriverBackedSelenium(driver, internal.GlobalVariable.ENV): null

2019-12-15 08:14:12 - [TEST_STEP][PASSED] - FirstName = "Test-123": null

2019-12-15 08:14:13 - [TEST_STEP][PASSED] - LastName = selenium.getEval("{var x="ABCDEFGHIJKLMNOPQRSTUVWXYZabcdefghijklmnopqrstuvwxyz"; var tmp="ZZ11-"; for (i=0;i<8;i++) tmp+=x.charAt(Math.ceil(51*Math.random()));tmp;}"): null

2019-12-15 08:14:13 - [TEST_STEP][PASSED] - Address = selenium.getEval("{var x="ABCDEFGHIJKLMNOPQRSTUVWXYZabcdefghijklmnopqrstuvwxyz"; var tmp=""; for (i=0;i<8;i++) tmp+=x.charAt(Math.ceil(51*Math.random()));tmp;}"): null

2019-12-15 08:14:13 - [TEST_STEP][PASSED] - City = selenium.getEval("{var x="ABCDEFGHIJKLMNOPQRSTUVWXYZabcdefghijklmnopqrstuvwxyz"; var tmp=""; for (i=0;i<8;i++) tmp+=x.charAt(Math.ceil(51*Math.random()));tmp;}"): null

2019-12-15 08:14:13 - [TEST_STEP][PASSED] - tel1 = selenium.getEval("{var x="123456789"; var tmp=""; for (i=0;i<3;i++) tmp+=x.charAt(Math.ceil(8*Math.random()));tmp;}"): null

2019-12-15 08:14:13 - [TEST_STEP][PASSED] - tel2 = selenium.getEval("{var x="123456789"; var tmp=""; for (i=0;i<3;i++) tmp+=x.charAt(Math.ceil(8*Math.random()));tmp;}"): null

2019-12-15 08:14:13 - [TEST_STEP][PASSED] - tel3 = selenium.getEval("{var x="123456789"; var tmp=""; for (i=0;i<4;i++) tmp+=x.charAt(Math.ceil(8*Math.random()));tmp;}"): null

2019-12-15 08:14:13 - [TEST_STEP][PASSED] - Tel = selenium.getExpression(tel1 + "-" + tel2 + "-" + tel3): null

2019-12-15 08:14:13 - [TEST_STEP][PASSED] - AutoEmail = selenium.getEval("{var x="ABCDEFGHIJKLMNOPQRSTUVWXYZabcdefghijklmnopqrstuvwxyz"; var tmp="test."; for (i=0;i<8;i++) tmp+=x.charAt(Math.ceil(51*Math.random()));tmp+="@suryani.cn";}"): null

2019-12-15 08:14:13 - [TEST_STEP][PASSED] - FirstName = FirstName: null

2019-12-15 08:14:13 - [TEST_STEP][PASSED] - LastName = LastName: null

2019-12-15 08:14:13 - [TEST_STEP][PASSED] - Address = Address: null

2019-12-15 08:14:13 - [TEST_STEP][PASSED] - City = City: null

2019-12-15 08:14:13 - [TEST_STEP][PASSED] - Tel = Tel: null

2019-12-15 08:14:13 - [TEST_STEP][PASSED] - AutoEmail = AutoEmail: null

2019-12-15 08:14:13 - [TEST_STEP][PASSED] - println(FirstName): null

2019-12-15 08:14:13 - [TEST_STEP][PASSED] - println(LastName): null

2019-12-15 08:14:13 - [TEST_STEP][PASSED] - println(Address): null

2019-12-15 08:14:13 - [TEST_STEP][PASSED] - println(City): null

2019-12-15 08:14:13 - [TEST_STEP][PASSED] - println(Tel): null

2019-12-15 08:14:13 - [TEST_STEP][PASSED] - println(AutoEmail): null

2019-12-15 08:14:13 - [MESSAGE][PASSED] - Call Test Case 'Test Cases/AHI/_include/name' successfully

2019-12-15 08:14:13 - [TEST_STEP][FAILED] - try: Unable to verify text 'Month Duration Acknowledgement' is present  (Root cause: com.kms.katalon.core.exception.StepFailedException: Text 'Month Duration Acknowledgement' is not present on page )

2019-12-15 08:14:13 - [TEST_STEP][FAILED] - if (verifyTextPresent("Month Duration Acknowledgement", false)): Unable to verify text 'Month Duration Acknowledgement' is present  (Root cause: com.kms.katalon.core.exception.StepFailedException: Text 'Month Duration Acknowledgement' is not present on page )

2019-12-15 08:14:13 - [MESSAGE][FAILED] - Text 'Month Duration Acknowledgement' is not present on page 

2019-12-15 08:14:13 - [MESSAGE][FAILED] - Unable to verify text 'Month Duration Acknowledgement' is present  (Root cause: com.kms.katalon.core.exception.StepFailedException: Text 'Month Duration Acknowledgement' is not present on page )
[[ATTACHMENT|D:\\Test\\AgileTest\\Reports\\AHI\\stm\\20191215_080038\\1576415653253.png]]

2019-12-15 08:14:13 - [TEST_STEP][PASSED] - catch (Exception e): null

2019-12-15 08:14:13 - [TEST_STEP][PASSED] - println("no consecutive"): null

2019-12-15 08:14:13 - [TEST_STEP][PASSED] - waitForPageLoad(10): Wait for page load successfully

2019-12-15 08:14:13 - [MESSAGE][PASSED] - Wait for page load successfully

2019-12-15 08:14:13 - [TEST_STEP][PASSED] - Thread.sleep(3000): null

2019-12-15 08:14:16 - [TEST_STEP][PASSED] - waitForElementVisible(findTestObject("mobileSanity/STM/Page_App Page 1/a_Autofill App Info"), 20): Object 'Object Repository/mobileSanity/STM/Page_App Page 1/a_Autofill App Info' is visible

2019-12-15 08:14:16 - [MESSAGE][PASSED] - Object 'Object Repository/mobileSanity/STM/Page_App Page 1/a_Autofill App Info' is visible

2019-12-15 08:14:16 - [TEST_STEP][PASSED] - click(findTestObject("mobileSanity/STM/Page_App Page 1/a_Autofill App Info")): Object: 'Object Repository/mobileSanity/STM/Page_App Page 1/a_Autofill App Info' is clicked on

2019-12-15 08:14:16 - [MESSAGE][PASSED] - Object: 'Object Repository/mobileSanity/STM/Page_App Page 1/a_Autofill App Info' is clicked on

2019-12-15 08:14:16 - [TEST_STEP][PASSED] - Thread.sleep(1000): null

2019-12-15 08:14:17 - [TEST_STEP][PASSED] - click(findTestObject("mobileSanity/STM/Page_App Page 1/a_Autofill App Info")): Object: 'Object Repository/mobileSanity/STM/Page_App Page 1/a_Autofill App Info' is clicked on

2019-12-15 08:14:17 - [MESSAGE][PASSED] - Object: 'Object Repository/mobileSanity/STM/Page_App Page 1/a_Autofill App Info' is clicked on

2019-12-15 08:14:17 - [TEST_STEP][PASSED] - Thread.sleep(1000): null

2019-12-15 08:14:18 - [TEST_STEP][PASSED] - waitForElementVisible(findTestObject("mobileSanity/STM/Page_App Page 1/a_Continue"), 20): Object 'Object Repository/mobileSanity/STM/Page_App Page 1/a_Continue' is visible

2019-12-15 08:14:18 - [MESSAGE][PASSED] - Object 'Object Repository/mobileSanity/STM/Page_App Page 1/a_Continue' is visible

2019-12-15 08:14:18 - [TEST_STEP][PASSED] - click(findTestObject("mobileSanity/STM/Page_App Page 1/a_Continue")): Object: 'Object Repository/mobileSanity/STM/Page_App Page 1/a_Continue' is clicked on

2019-12-15 08:14:21 - [MESSAGE][PASSED] - Object: 'Object Repository/mobileSanity/STM/Page_App Page 1/a_Continue' is clicked on

2019-12-15 08:14:21 - [TEST_STEP][PASSED] - waitForPageLoad(20): Wait for page load successfully

2019-12-15 08:14:21 - [MESSAGE][PASSED] - Wait for page load successfully

2019-12-15 08:14:21 - [TEST_STEP][PASSED] - Thread.sleep(5000): null

2019-12-15 08:14:26 - [TEST_STEP][PASSED] - callTestCase(findTestCase("AHI/_include/get_screenshot"), [:], STOP_ON_FAILURE): Call Test Case 'Test Cases/AHI/_include/get_screenshot' successfully

2019-12-15 08:14:26 - [TEST_CASE][PASSED] - Test Cases/AHI/_include/get_screenshot: Test Cases/AHI/_include/get_screenshot

2019-12-15 08:14:26 - [TEST_STEP][PASSED] - takeScreenshot(screenPath + i + ".png"): Taking screenshot successfully

2019-12-15 08:14:27 - [MESSAGE][PASSED] - Taking screenshot successfully
[[ATTACHMENT|D:\\Test\\AgileTest\\Reports\\AHI\\stm\\20191215_080038\\../Screenshots/iPhone 6/stm/Companion/20191215_081324/7.png]]

2019-12-15 08:14:27 - [TEST_STEP][PASSED] - (internal.GlobalVariable.i++): null

2019-12-15 08:14:27 - [MESSAGE][PASSED] - Call Test Case 'Test Cases/AHI/_include/get_screenshot' successfully

2019-12-15 08:14:27 - [TEST_STEP][PASSED] - click(findTestObject("mobileSanity/STM/Page_App Page 2/a_Continue to Step 3 - Payment")): Object: 'Object Repository/mobileSanity/STM/Page_App Page 2/a_Continue to Step 3 - Payment' is clicked on

2019-12-15 08:14:28 - [MESSAGE][PASSED] - Object: 'Object Repository/mobileSanity/STM/Page_App Page 2/a_Continue to Step 3 - Payment' is clicked on

2019-12-15 08:14:28 - [TEST_STEP][PASSED] - waitForPageLoad(20): Wait for page load successfully

2019-12-15 08:14:28 - [MESSAGE][PASSED] - Wait for page load successfully

2019-12-15 08:14:28 - [TEST_STEP][PASSED] - waitForElementVisible(findTestObject("mobileSanity/STM/Page_App Page 3/input__credit-card-cvv"), 20): Object 'Object Repository/mobileSanity/STM/Page_App Page 3/input__credit-card-cvv' is visible

2019-12-15 08:14:28 - [MESSAGE][PASSED] - Object 'Object Repository/mobileSanity/STM/Page_App Page 3/input__credit-card-cvv' is visible

2019-12-15 08:14:28 - [TEST_STEP][PASSED] - Thread.sleep(2000): null

2019-12-15 08:14:30 - [TEST_STEP][PASSED] - callTestCase(findTestCase("AHI/_include/get_screenshot"), [:], STOP_ON_FAILURE): Call Test Case 'Test Cases/AHI/_include/get_screenshot' successfully

2019-12-15 08:14:30 - [TEST_CASE][PASSED] - Test Cases/AHI/_include/get_screenshot: Test Cases/AHI/_include/get_screenshot

2019-12-15 08:14:30 - [TEST_STEP][PASSED] - takeScreenshot(screenPath + i + ".png"): Taking screenshot successfully

2019-12-15 08:14:30 - [MESSAGE][PASSED] - Taking screenshot successfully
[[ATTACHMENT|D:\\Test\\AgileTest\\Reports\\AHI\\stm\\20191215_080038\\../Screenshots/iPhone 6/stm/Companion/20191215_081324/8.png]]

2019-12-15 08:14:30 - [TEST_STEP][PASSED] - (internal.GlobalVariable.i++): null

2019-12-15 08:14:30 - [MESSAGE][PASSED] - Call Test Case 'Test Cases/AHI/_include/get_screenshot' successfully

2019-12-15 08:14:30 - [TEST_STEP][PASSED] - clearText(findTestObject("mobileSanity/STM/Page_App Page 3/input__credit-card-cvv")): Text of object 'Object Repository/mobileSanity/STM/Page_App Page 3/input__credit-card-cvv' is cleared

2019-12-15 08:14:30 - [MESSAGE][PASSED] - Text of object 'Object Repository/mobileSanity/STM/Page_App Page 3/input__credit-card-cvv' is cleared

2019-12-15 08:14:30 - [TEST_STEP][PASSED] - setText(findTestObject("mobileSanity/STM/Page_App Page 3/input__credit-card-cvv"), "123"): Text '123' is set on object 'Object Repository/mobileSanity/STM/Page_App Page 3/input__credit-card-cvv'

2019-12-15 08:14:30 - [MESSAGE][PASSED] - Text '123' is set on object 'Object Repository/mobileSanity/STM/Page_App Page 3/input__credit-card-cvv'

2019-12-15 08:14:30 - [TEST_STEP][PASSED] - click(findTestObject("mobileSanity/STM/Page_App Page 3/label_I Accept Authorization f")): Object: 'Object Repository/mobileSanity/STM/Page_App Page 3/label_I Accept Authorization f' is clicked on

2019-12-15 08:14:30 - [MESSAGE][PASSED] - Object: 'Object Repository/mobileSanity/STM/Page_App Page 3/label_I Accept Authorization f' is clicked on

2019-12-15 08:14:30 - [TEST_STEP][PASSED] - click(findTestObject("mobileSanity/STM/Page_App Page 3/a_Continue to Step 4 - Review")): Object: 'Object Repository/mobileSanity/STM/Page_App Page 3/a_Continue to Step 4 - Review' is clicked on

2019-12-15 08:14:31 - [MESSAGE][PASSED] - Object: 'Object Repository/mobileSanity/STM/Page_App Page 3/a_Continue to Step 4 - Review' is clicked on

2019-12-15 08:14:31 - [TEST_STEP][PASSED] - waitForPageLoad(10): Wait for page load successfully

2019-12-15 08:14:31 - [MESSAGE][PASSED] - Wait for page load successfully

2019-12-15 08:14:31 - [TEST_STEP][PASSED] - waitForElementClickable(findTestObject("mobileSanity/STM/Page_App Page 4/label"), 10): Web element with id: 'Object Repository/mobileSanity/STM/Page_App Page 4/label' located by 'By.xpath: //input[@id = 'consent-checkbox-0']' not found

2019-12-15 08:14:42 - [MESSAGE][INFO] - Unable to find the element located by 'By.xpath: //input[@id = 'consent-checkbox-0']'. Please recheck the objects properties to make sure the desired element is located. 

2019-12-15 08:14:42 - [MESSAGE][WARNING] - Web element with id: 'Object Repository/mobileSanity/STM/Page_App Page 4/label' located by 'By.xpath: //input[@id = 'consent-checkbox-0']' not found

2019-12-15 08:14:42 - [TEST_STEP][PASSED] - Thread.sleep(2000): null

2019-12-15 08:14:44 - [TEST_STEP][PASSED] - callTestCase(findTestCase("AHI/_include/get_screenshot"), [:], STOP_ON_FAILURE): Call Test Case 'Test Cases/AHI/_include/get_screenshot' successfully

2019-12-15 08:14:44 - [TEST_CASE][PASSED] - Test Cases/AHI/_include/get_screenshot: Test Cases/AHI/_include/get_screenshot

2019-12-15 08:14:44 - [TEST_STEP][PASSED] - takeScreenshot(screenPath + i + ".png"): Taking screenshot successfully

2019-12-15 08:14:45 - [MESSAGE][PASSED] - Taking screenshot successfully
[[ATTACHMENT|D:\\Test\\AgileTest\\Reports\\AHI\\stm\\20191215_080038\\../Screenshots/iPhone 6/stm/Companion/20191215_081324/9.png]]

2019-12-15 08:14:45 - [TEST_STEP][PASSED] - (internal.GlobalVariable.i++): null

2019-12-15 08:14:45 - [MESSAGE][PASSED] - Call Test Case 'Test Cases/AHI/_include/get_screenshot' successfully

2019-12-15 08:14:45 - [TEST_STEP][PASSED] - click(findTestObject("mobileSanity/STM/Page_App Page 4/label")): Object: 'Object Repository/mobileSanity/STM/Page_App Page 4/label' is clicked on

2019-12-15 08:14:45 - [MESSAGE][PASSED] - Object: 'Object Repository/mobileSanity/STM/Page_App Page 4/label' is clicked on

2019-12-15 08:14:45 - [TEST_STEP][PASSED] - click(findTestObject("mobileSanity/STM/Page_App Page 4/div_CLICK TO SIGN")): Object: 'Object Repository/mobileSanity/STM/Page_App Page 4/div_CLICK TO SIGN' is clicked on

2019-12-15 08:14:45 - [MESSAGE][PASSED] - Object: 'Object Repository/mobileSanity/STM/Page_App Page 4/div_CLICK TO SIGN' is clicked on

2019-12-15 08:14:45 - [TEST_STEP][PASSED] - click(findTestObject("mobileSanity/STM/Page_App Page 4/a_Submit Your Application")): Object: 'Object Repository/mobileSanity/STM/Page_App Page 4/a_Submit Your Application' is clicked on

2019-12-15 08:14:45 - [MESSAGE][PASSED] - Object: 'Object Repository/mobileSanity/STM/Page_App Page 4/a_Submit Your Application' is clicked on

2019-12-15 08:14:45 - [TEST_STEP][PASSED] - Thread.sleep(30000): null

2019-12-15 08:15:15 - [TEST_STEP][PASSED] - waitForElementPresent(findTestObject("mobileSanity/STM/Page_App Page 6/app-page-wrapper"), 20): Object 'Object Repository/mobileSanity/STM/Page_App Page 6/app-page-wrapper' is present

2019-12-15 08:15:15 - [MESSAGE][PASSED] - Object 'Object Repository/mobileSanity/STM/Page_App Page 6/app-page-wrapper' is present

2019-12-15 08:15:15 - [TEST_STEP][PASSED] - callTestCase(findTestCase("AHI/_include/get_screenshot"), [:], STOP_ON_FAILURE): Call Test Case 'Test Cases/AHI/_include/get_screenshot' successfully

2019-12-15 08:15:15 - [TEST_CASE][PASSED] - Test Cases/AHI/_include/get_screenshot: Test Cases/AHI/_include/get_screenshot

2019-12-15 08:15:15 - [TEST_STEP][PASSED] - takeScreenshot(screenPath + i + ".png"): Taking screenshot successfully

2019-12-15 08:15:16 - [MESSAGE][PASSED] - Taking screenshot successfully
[[ATTACHMENT|D:\\Test\\AgileTest\\Reports\\AHI\\stm\\20191215_080038\\../Screenshots/iPhone 6/stm/Companion/20191215_081324/10.png]]

2019-12-15 08:15:16 - [TEST_STEP][PASSED] - (internal.GlobalVariable.i++): null

2019-12-15 08:15:16 - [MESSAGE][PASSED] - Call Test Case 'Test Cases/AHI/_include/get_screenshot' successfully

2019-12-15 08:15:16 - [MESSAGE][PASSED] - Call Test Case 'Test Cases/AHI/_include/goToEnd_stm_autofill' successfully]]></system-out>
         <system-err><![CDATA[]]></system-err>
      </testcase>
      <testcase name="Test Cases/AHI/stm/Everest Prime" classname="Test Cases/AHI/stm/Everest Prime" status="PASSED">
         <system-out><![CDATA[2019-12-15 08:15:16 - [TEST_CASE][PASSED] - Test Cases/AHI/stm/Everest Prime: Test Cases/AHI/stm/Everest Prime

2019-12-15 08:15:16 - [TEST_STEP][PASSED] - callTestCase(findTestCase("AHI/_include/get_screenPath"), ["productLine":"stm", "carrierName":"Everest Prime"], CONTINUE_ON_FAILURE): Call Test Case 'Test Cases/AHI/_include/get_screenPath' successfully

2019-12-15 08:15:16 - [TEST_CASE][PASSED] - Test Cases/AHI/_include/get_screenPath: Test Cases/AHI/_include/get_screenPath

2019-12-15 08:15:16 - [TEST_STEP][PASSED] - m = getExecutionProperties(): null

2019-12-15 08:15:16 - [TEST_STEP][PASSED] - deviceName = get("mobileEmulation").get("deviceName"): null

2019-12-15 08:15:16 - [TEST_STEP][PASSED] - println(deviceName): null

2019-12-15 08:15:16 - [TEST_STEP][PASSED] - now = new java.util.Date(): null

2019-12-15 08:15:16 - [TEST_STEP][PASSED] - mydate = now.format("yyyyMMdd_HHmmss"): null

2019-12-15 08:15:16 - [TEST_STEP][PASSED] - screenPath = "../Screenshots/": null

2019-12-15 08:15:16 - [TEST_STEP][PASSED] - screenPath = screenPath + deviceName + "/" + productLine + "/" + carrierName + "/" + mydate + "/": null

2019-12-15 08:15:16 - [TEST_STEP][PASSED] - println(screenPath): null

2019-12-15 08:15:16 - [MESSAGE][PASSED] - Call Test Case 'Test Cases/AHI/_include/get_screenPath' successfully

2019-12-15 08:15:16 - [TEST_STEP][PASSED] - i = 0: null

2019-12-15 08:15:16 - [TEST_STEP][PASSED] - callTestCase(findTestCase("AHI/_include/openWebSite"), [:], CONTINUE_ON_FAILURE): Call Test Case 'Test Cases/AHI/_include/openWebSite' successfully

2019-12-15 08:15:16 - [TEST_CASE][PASSED] - Test Cases/AHI/_include/openWebSite: Test Cases/AHI/_include/openWebSite

2019-12-15 08:15:16 - [TEST_STEP][PASSED] - openBrowser(env): Browser is opened with url: 'https://praetemptatus.agilehealthinsurance.com'

2019-12-15 08:15:16 - [MESSAGE][WARNING] - A browser is already opened. Closing browser and opening a new one

2019-12-15 08:15:18 - [MESSAGE][INFO] - Starting 'Chrome' driver

2019-12-15 08:15:18 - [MESSAGE][INFO] - User set preference: ['mobileEmulation', '{deviceName=iPhone 6}']

2019-12-15 08:15:18 - [MESSAGE][INFO] - User set preference: ['args', '[--incognito, --aggressive-cache-discard, --window-size=375,677, --no-sandbox]']

2019-12-15 08:15:23 - [MESSAGE][PASSED] - Browser is opened with url: 'https://praetemptatus.agilehealthinsurance.com'

2019-12-15 08:15:23 - [TEST_STEP][PASSED] - waitForPageLoad(20): Wait for page load successfully

2019-12-15 08:15:24 - [MESSAGE][PASSED] - Wait for page load successfully

2019-12-15 08:15:24 - [TEST_STEP][PASSED] - callTestCase(findTestCase("AHI/_include/get_screenshot"), [:], STOP_ON_FAILURE): Call Test Case 'Test Cases/AHI/_include/get_screenshot' successfully

2019-12-15 08:15:24 - [TEST_CASE][PASSED] - Test Cases/AHI/_include/get_screenshot: Test Cases/AHI/_include/get_screenshot

2019-12-15 08:15:24 - [TEST_STEP][PASSED] - takeScreenshot(screenPath + i + ".png"): Taking screenshot successfully

2019-12-15 08:15:25 - [MESSAGE][PASSED] - Taking screenshot successfully
[[ATTACHMENT|D:\\Test\\AgileTest\\Reports\\AHI\\stm\\20191215_080038\\../Screenshots/iPhone 6/stm/Everest Prime/20191215_081516/0.png]]

2019-12-15 08:15:25 - [TEST_STEP][PASSED] - (internal.GlobalVariable.i++): null

2019-12-15 08:15:25 - [MESSAGE][PASSED] - Call Test Case 'Test Cases/AHI/_include/get_screenshot' successfully

2019-12-15 08:15:25 - [MESSAGE][PASSED] - Call Test Case 'Test Cases/AHI/_include/openWebSite' successfully

2019-12-15 08:15:25 - [TEST_STEP][PASSED] - callTestCase(findTestCase("AHI/_include/census_stm"), [:], CONTINUE_ON_FAILURE): Call Test Case 'Test Cases/AHI/_include/census_stm' successfully

2019-12-15 08:15:25 - [TEST_CASE][PASSED] - Test Cases/AHI/_include/census_stm: Test Cases/AHI/_include/census_stm

2019-12-15 08:15:25 - [TEST_STEP][PASSED] - waitForElementClickable(findTestObject("mobileSanity/STM/Home Page/a_Quote  Save Today"), 10): Object 'Object Repository/mobileSanity/STM/Home Page/a_Quote  Save Today' is clickable

2019-12-15 08:15:25 - [MESSAGE][PASSED] - Object 'Object Repository/mobileSanity/STM/Home Page/a_Quote  Save Today' is clickable

2019-12-15 08:15:25 - [TEST_STEP][PASSED] - click(findTestObject("mobileSanity/STM/Home Page/a_Quote  Save Today")): Object: 'Object Repository/mobileSanity/STM/Home Page/a_Quote  Save Today' is clicked on

2019-12-15 08:15:27 - [MESSAGE][PASSED] - Object: 'Object Repository/mobileSanity/STM/Home Page/a_Quote  Save Today' is clicked on

2019-12-15 08:15:27 - [TEST_STEP][PASSED] - waitForPageLoad(10): Wait for page load successfully

2019-12-15 08:15:27 - [MESSAGE][PASSED] - Wait for page load successfully

2019-12-15 08:15:27 - [TEST_STEP][PASSED] - callTestCase(findTestCase("AHI/_include/get_screenshot"), [:], STOP_ON_FAILURE): Call Test Case 'Test Cases/AHI/_include/get_screenshot' successfully

2019-12-15 08:15:27 - [TEST_CASE][PASSED] - Test Cases/AHI/_include/get_screenshot: Test Cases/AHI/_include/get_screenshot

2019-12-15 08:15:27 - [TEST_STEP][PASSED] - takeScreenshot(screenPath + i + ".png"): Taking screenshot successfully

2019-12-15 08:15:28 - [MESSAGE][PASSED] - Taking screenshot successfully
[[ATTACHMENT|D:\\Test\\AgileTest\\Reports\\AHI\\stm\\20191215_080038\\../Screenshots/iPhone 6/stm/Everest Prime/20191215_081516/1.png]]

2019-12-15 08:15:28 - [TEST_STEP][PASSED] - (internal.GlobalVariable.i++): null

2019-12-15 08:15:28 - [MESSAGE][PASSED] - Call Test Case 'Test Cases/AHI/_include/get_screenshot' successfully

2019-12-15 08:15:28 - [TEST_STEP][PASSED] - setText(findTestObject("mobileSanity/STM/STM Census Page/input_Location_zip-input"), zipcode): Text '35215' is set on object 'Object Repository/mobileSanity/STM/STM Census Page/input_Location_zip-input'

2019-12-15 08:15:29 - [MESSAGE][PASSED] - Text '35215' is set on object 'Object Repository/mobileSanity/STM/STM Census Page/input_Location_zip-input'

2019-12-15 08:15:29 - [TEST_STEP][PASSED] - Thread.sleep(500): null

2019-12-15 08:15:29 - [TEST_STEP][PASSED] - setText(findTestObject("mobileSanity/STM/STM Census Page/input_Date of Birth_dob-0"), "03031987"): Text '03031987' is set on object 'Object Repository/mobileSanity/STM/STM Census Page/input_Date of Birth_dob-0'

2019-12-15 08:15:30 - [MESSAGE][PASSED] - Text '03031987' is set on object 'Object Repository/mobileSanity/STM/STM Census Page/input_Date of Birth_dob-0'

2019-12-15 08:15:30 - [TEST_STEP][PASSED] - click(findTestObject("mobileSanity/STM/STM Census Page/label_Male")): Object: 'Object Repository/mobileSanity/STM/STM Census Page/label_Male' is clicked on

2019-12-15 08:15:30 - [MESSAGE][PASSED] - Object: 'Object Repository/mobileSanity/STM/STM Census Page/label_Male' is clicked on

2019-12-15 08:15:30 - [TEST_STEP][PASSED] - click(findTestObject("mobileSanity/STM/STM Census Page/label_Compare Plans")): Object: 'Object Repository/mobileSanity/STM/STM Census Page/label_Compare Plans' is clicked on

2019-12-15 08:15:32 - [MESSAGE][PASSED] - Object: 'Object Repository/mobileSanity/STM/STM Census Page/label_Compare Plans' is clicked on

2019-12-15 08:15:32 - [TEST_STEP][PASSED] - waitForElementVisible(findTestObject("mobileSanity/STM/STM Quote Page/button_sort"), 20): Object 'Object Repository/mobileSanity/STM/STM Quote Page/button_sort' is visible

2019-12-15 08:15:32 - [MESSAGE][PASSED] - Object 'Object Repository/mobileSanity/STM/STM Quote Page/button_sort' is visible

2019-12-15 08:15:32 - [TEST_STEP][PASSED] - Thread.sleep(3000): null

2019-12-15 08:15:35 - [TEST_STEP][PASSED] - callTestCase(findTestCase("AHI/_include/check_quoteleadform"), [:], STOP_ON_FAILURE): Call Test Case 'Test Cases/AHI/_include/check_quoteleadform' successfully

2019-12-15 08:15:35 - [TEST_CASE][PASSED] - Test Cases/AHI/_include/check_quoteleadform: Test Cases/AHI/_include/check_quoteleadform

2019-12-15 08:15:35 - [TEST_STEP][PASSED] - callTestCase(findTestCase("AHI/_include/name"), [:], CONTINUE_ON_FAILURE): Call Test Case 'Test Cases/AHI/_include/name' successfully

2019-12-15 08:15:35 - [TEST_CASE][PASSED] - Test Cases/AHI/_include/name: Test Cases/AHI/_include/name

2019-12-15 08:15:35 - [TEST_STEP][PASSED] - driver = getWebDriver(): null

2019-12-15 08:15:35 - [TEST_STEP][PASSED] - selenium = new com.thoughtworks.selenium.webdriven.WebDriverBackedSelenium(driver, internal.GlobalVariable.ENV): null

2019-12-15 08:15:35 - [TEST_STEP][PASSED] - FirstName = "Test-123": null

2019-12-15 08:15:35 - [TEST_STEP][PASSED] - LastName = selenium.getEval("{var x="ABCDEFGHIJKLMNOPQRSTUVWXYZabcdefghijklmnopqrstuvwxyz"; var tmp="ZZ11-"; for (i=0;i<8;i++) tmp+=x.charAt(Math.ceil(51*Math.random()));tmp;}"): null

2019-12-15 08:15:35 - [TEST_STEP][PASSED] - Address = selenium.getEval("{var x="ABCDEFGHIJKLMNOPQRSTUVWXYZabcdefghijklmnopqrstuvwxyz"; var tmp=""; for (i=0;i<8;i++) tmp+=x.charAt(Math.ceil(51*Math.random()));tmp;}"): null

2019-12-15 08:15:35 - [TEST_STEP][PASSED] - City = selenium.getEval("{var x="ABCDEFGHIJKLMNOPQRSTUVWXYZabcdefghijklmnopqrstuvwxyz"; var tmp=""; for (i=0;i<8;i++) tmp+=x.charAt(Math.ceil(51*Math.random()));tmp;}"): null

2019-12-15 08:15:35 - [TEST_STEP][PASSED] - tel1 = selenium.getEval("{var x="123456789"; var tmp=""; for (i=0;i<3;i++) tmp+=x.charAt(Math.ceil(8*Math.random()));tmp;}"): null

2019-12-15 08:15:35 - [TEST_STEP][PASSED] - tel2 = selenium.getEval("{var x="123456789"; var tmp=""; for (i=0;i<3;i++) tmp+=x.charAt(Math.ceil(8*Math.random()));tmp;}"): null

2019-12-15 08:15:35 - [TEST_STEP][PASSED] - tel3 = selenium.getEval("{var x="123456789"; var tmp=""; for (i=0;i<4;i++) tmp+=x.charAt(Math.ceil(8*Math.random()));tmp;}"): null

2019-12-15 08:15:35 - [TEST_STEP][PASSED] - Tel = selenium.getExpression(tel1 + "-" + tel2 + "-" + tel3): null

2019-12-15 08:15:35 - [TEST_STEP][PASSED] - AutoEmail = selenium.getEval("{var x="ABCDEFGHIJKLMNOPQRSTUVWXYZabcdefghijklmnopqrstuvwxyz"; var tmp="test."; for (i=0;i<8;i++) tmp+=x.charAt(Math.ceil(51*Math.random()));tmp+="@suryani.cn";}"): null

2019-12-15 08:15:35 - [TEST_STEP][PASSED] - FirstName = FirstName: null

2019-12-15 08:15:35 - [TEST_STEP][PASSED] - LastName = LastName: null

2019-12-15 08:15:35 - [TEST_STEP][PASSED] - Address = Address: null

2019-12-15 08:15:35 - [TEST_STEP][PASSED] - City = City: null

2019-12-15 08:15:35 - [TEST_STEP][PASSED] - Tel = Tel: null

2019-12-15 08:15:35 - [TEST_STEP][PASSED] - AutoEmail = AutoEmail: null

2019-12-15 08:15:35 - [TEST_STEP][PASSED] - println(FirstName): null

2019-12-15 08:15:35 - [TEST_STEP][PASSED] - println(LastName): null

2019-12-15 08:15:35 - [TEST_STEP][PASSED] - println(Address): null

2019-12-15 08:15:35 - [TEST_STEP][PASSED] - println(City): null

2019-12-15 08:15:35 - [TEST_STEP][PASSED] - println(Tel): null

2019-12-15 08:15:35 - [TEST_STEP][PASSED] - println(AutoEmail): null

2019-12-15 08:15:35 - [MESSAGE][PASSED] - Call Test Case 'Test Cases/AHI/_include/name' successfully

2019-12-15 08:15:35 - [TEST_STEP][PASSED] - leadform_exist = test.MobileKeywords.isElementPresent_Web(findTestObject("mobileSanity/quote lead form/lead_form"), 20): test.MobileKeywords.isElementPresent_Web is PASSED

2019-12-15 08:15:35 - [MESSAGE][PASSED] - test.MobileKeywords.isElementPresent_Web is PASSED

2019-12-15 08:15:35 - [TEST_STEP][PASSED] - if (leadform_exist): null

2019-12-15 08:15:35 - [TEST_STEP][PASSED] - setText(findTestObject("mobileSanity/quote lead form/first"), FirstName): Text 'Test-123' is set on object 'Object Repository/mobileSanity/quote lead form/first'

2019-12-15 08:15:35 - [MESSAGE][PASSED] - Text 'Test-123' is set on object 'Object Repository/mobileSanity/quote lead form/first'

2019-12-15 08:15:35 - [TEST_STEP][PASSED] - setText(findTestObject("mobileSanity/quote lead form/last"), LastName): Text 'ZZ11-UZDPKJSs' is set on object 'Object Repository/mobileSanity/quote lead form/last'

2019-12-15 08:15:36 - [MESSAGE][PASSED] - Text 'ZZ11-UZDPKJSs' is set on object 'Object Repository/mobileSanity/quote lead form/last'

2019-12-15 08:15:36 - [TEST_STEP][PASSED] - setText(findTestObject("mobileSanity/quote lead form/email"), AutoEmail): Text 'test.sHUoqcqO@suryani.cn' is set on object 'Object Repository/mobileSanity/quote lead form/email'

2019-12-15 08:15:36 - [MESSAGE][PASSED] - Text 'test.sHUoqcqO@suryani.cn' is set on object 'Object Repository/mobileSanity/quote lead form/email'

2019-12-15 08:15:36 - [TEST_STEP][PASSED] - setText(findTestObject("mobileSanity/quote lead form/phone"), Tel): Text '797-524-7833' is set on object 'Object Repository/mobileSanity/quote lead form/phone'

2019-12-15 08:15:36 - [MESSAGE][PASSED] - Text '797-524-7833' is set on object 'Object Repository/mobileSanity/quote lead form/phone'

2019-12-15 08:15:36 - [TEST_STEP][PASSED] - click(findTestObject("mobileSanity/quote lead form/submit")): Object: 'Object Repository/mobileSanity/quote lead form/submit' is clicked on

2019-12-15 08:15:36 - [MESSAGE][PASSED] - Object: 'Object Repository/mobileSanity/quote lead form/submit' is clicked on

2019-12-15 08:15:36 - [TEST_STEP][PASSED] - Thread.sleep(3000): null

2019-12-15 08:15:39 - [MESSAGE][PASSED] - Call Test Case 'Test Cases/AHI/_include/check_quoteleadform' successfully

2019-12-15 08:15:39 - [TEST_STEP][PASSED] - callTestCase(findTestCase("AHI/_include/get_screenshot"), [:], STOP_ON_FAILURE): Call Test Case 'Test Cases/AHI/_include/get_screenshot' successfully

2019-12-15 08:15:39 - [TEST_CASE][PASSED] - Test Cases/AHI/_include/get_screenshot: Test Cases/AHI/_include/get_screenshot

2019-12-15 08:15:39 - [TEST_STEP][PASSED] - takeScreenshot(screenPath + i + ".png"): Taking screenshot successfully

2019-12-15 08:15:40 - [MESSAGE][PASSED] - Taking screenshot successfully
[[ATTACHMENT|D:\\Test\\AgileTest\\Reports\\AHI\\stm\\20191215_080038\\../Screenshots/iPhone 6/stm/Everest Prime/20191215_081516/2.png]]

2019-12-15 08:15:40 - [TEST_STEP][PASSED] - (internal.GlobalVariable.i++): null

2019-12-15 08:15:40 - [MESSAGE][PASSED] - Call Test Case 'Test Cases/AHI/_include/get_screenshot' successfully

2019-12-15 08:15:40 - [TEST_STEP][PASSED] - Thread.sleep(1000): null

2019-12-15 08:15:41 - [MESSAGE][PASSED] - Call Test Case 'Test Cases/AHI/_include/census_stm' successfully

2019-12-15 08:15:41 - [TEST_STEP][PASSED] - callTestCase(findTestCase("AHI/_include/filter_stm"), ["carrier":"everest"], STOP_ON_FAILURE): Call Test Case 'Test Cases/AHI/_include/filter_stm' successfully

2019-12-15 08:15:41 - [TEST_CASE][PASSED] - Test Cases/AHI/_include/filter_stm: Test Cases/AHI/_include/filter_stm

2019-12-15 08:15:41 - [TEST_STEP][PASSED] - driver = getWebDriver(): null

2019-12-15 08:15:41 - [TEST_STEP][PASSED] - selenium = new com.thoughtworks.selenium.webdriven.WebDriverBackedSelenium(driver, internal.GlobalVariable.ENV): null

2019-12-15 08:15:41 - [TEST_STEP][PASSED] - Thread.sleep(1000): null

2019-12-15 08:15:42 - [TEST_STEP][PASSED] - click(findTestObject("mobileSanity/STM/STM Quote Page/button_filters")): Object: 'Object Repository/mobileSanity/STM/STM Quote Page/button_filters' is clicked on

2019-12-15 08:15:42 - [MESSAGE][PASSED] - Object: 'Object Repository/mobileSanity/STM/STM Quote Page/button_filters' is clicked on

2019-12-15 08:15:42 - [TEST_STEP][PASSED] - Thread.sleep(1000): null

2019-12-15 08:15:43 - [TEST_STEP][PASSED] - click(findTestObject("mobileSanity/STM/STM Quote Page/i_Insurance company")): Object: 'Object Repository/mobileSanity/STM/STM Quote Page/i_Insurance company' is clicked on

2019-12-15 08:15:43 - [MESSAGE][PASSED] - Object: 'Object Repository/mobileSanity/STM/STM Quote Page/i_Insurance company' is clicked on

2019-12-15 08:15:43 - [TEST_STEP][PASSED] - Thread.sleep(1000): null

2019-12-15 08:15:44 - [TEST_STEP][PASSED] - filter_carrier = "//input[@name='filter[carrier]' and @value='" + carrier + "']/following::label": null

2019-12-15 08:15:44 - [TEST_STEP][PASSED] - println(filter_carrier): null

2019-12-15 08:15:44 - [TEST_STEP][PASSED] - test.MobileKeywords.clickJS_ByXpath(filter_carrier): test.MobileKeywords.clickJS_ByXpath is PASSED

2019-12-15 08:15:44 - [MESSAGE][PASSED] - Execute JavaScript 'arguments[0].click()' successfully

2019-12-15 08:15:44 - [MESSAGE][PASSED] - test.MobileKeywords.clickJS_ByXpath is PASSED

2019-12-15 08:15:44 - [TEST_STEP][PASSED] - click(findTestObject("mobileSanity/STM/STM Quote Page/js-close c-link-button")): Object: 'Object Repository/mobileSanity/STM/STM Quote Page/js-close c-link-button' is clicked on

2019-12-15 08:15:45 - [MESSAGE][PASSED] - Object: 'Object Repository/mobileSanity/STM/STM Quote Page/js-close c-link-button' is clicked on

2019-12-15 08:15:45 - [TEST_STEP][PASSED] - Thread.sleep(2000): null

2019-12-15 08:15:47 - [TEST_STEP][PASSED] - callTestCase(findTestCase("AHI/_include/get_screenshot"), [:], STOP_ON_FAILURE): Call Test Case 'Test Cases/AHI/_include/get_screenshot' successfully

2019-12-15 08:15:47 - [TEST_CASE][PASSED] - Test Cases/AHI/_include/get_screenshot: Test Cases/AHI/_include/get_screenshot

2019-12-15 08:15:47 - [TEST_STEP][PASSED] - takeScreenshot(screenPath + i + ".png"): Taking screenshot successfully

2019-12-15 08:15:47 - [MESSAGE][PASSED] - Taking screenshot successfully
[[ATTACHMENT|D:\\Test\\AgileTest\\Reports\\AHI\\stm\\20191215_080038\\../Screenshots/iPhone 6/stm/Everest Prime/20191215_081516/3.png]]

2019-12-15 08:15:47 - [TEST_STEP][PASSED] - (internal.GlobalVariable.i++): null

2019-12-15 08:15:47 - [MESSAGE][PASSED] - Call Test Case 'Test Cases/AHI/_include/get_screenshot' successfully

2019-12-15 08:15:47 - [MESSAGE][PASSED] - Call Test Case 'Test Cases/AHI/_include/filter_stm' successfully

2019-12-15 08:15:47 - [TEST_STEP][PASSED] - callTestCase(findTestCase("AHI/_include/goToDetail_stm"), ["carrier":"everest"], STOP_ON_FAILURE): Call Test Case 'Test Cases/AHI/_include/goToDetail_stm' successfully

2019-12-15 08:15:47 - [TEST_CASE][PASSED] - Test Cases/AHI/_include/goToDetail_stm: Test Cases/AHI/_include/goToDetail_stm

2019-12-15 08:15:47 - [TEST_STEP][PASSED] - driver = getWebDriver(): null

2019-12-15 08:15:47 - [TEST_STEP][PASSED] - selenium = new com.thoughtworks.selenium.webdriven.WebDriverBackedSelenium(driver, internal.GlobalVariable.ENV): null

2019-12-15 08:15:47 - [TEST_STEP][PASSED] - a_plan_name = "xpath=//a[contains(@href,'/term-health-insurance/plan/" + carrier + "')]": null

2019-12-15 08:15:47 - [TEST_STEP][PASSED] - println(a_plan_name): null

2019-12-15 08:15:47 - [TEST_STEP][PASSED] - selenium.click(a_plan_name): null

2019-12-15 08:15:48 - [TEST_STEP][PASSED] - waitForPageLoad(20): Wait for page load successfully

2019-12-15 08:15:49 - [MESSAGE][PASSED] - Wait for page load successfully

2019-12-15 08:15:49 - [TEST_STEP][PASSED] - Thread.sleep(2000): null

2019-12-15 08:15:51 - [TEST_STEP][PASSED] - callTestCase(findTestCase("AHI/_include/get_screenshot"), [:], STOP_ON_FAILURE): Call Test Case 'Test Cases/AHI/_include/get_screenshot' successfully

2019-12-15 08:15:51 - [TEST_CASE][PASSED] - Test Cases/AHI/_include/get_screenshot: Test Cases/AHI/_include/get_screenshot

2019-12-15 08:15:51 - [TEST_STEP][PASSED] - takeScreenshot(screenPath + i + ".png"): Taking screenshot successfully

2019-12-15 08:15:52 - [MESSAGE][PASSED] - Taking screenshot successfully
[[ATTACHMENT|D:\\Test\\AgileTest\\Reports\\AHI\\stm\\20191215_080038\\../Screenshots/iPhone 6/stm/Everest Prime/20191215_081516/4.png]]

2019-12-15 08:15:52 - [TEST_STEP][PASSED] - (internal.GlobalVariable.i++): null

2019-12-15 08:15:52 - [MESSAGE][PASSED] - Call Test Case 'Test Cases/AHI/_include/get_screenshot' successfully

2019-12-15 08:15:52 - [MESSAGE][PASSED] - Call Test Case 'Test Cases/AHI/_include/goToDetail_stm' successfully

2019-12-15 08:15:52 - [TEST_STEP][PASSED] - callTestCase(findTestCase("AHI/_include/apply_stm"), [:], STOP_ON_FAILURE): Call Test Case 'Test Cases/AHI/_include/apply_stm' successfully

2019-12-15 08:15:52 - [TEST_CASE][PASSED] - Test Cases/AHI/_include/apply_stm: Test Cases/AHI/_include/apply_stm

2019-12-15 08:15:52 - [TEST_STEP][PASSED] - waitForElementVisible(findTestObject("mobileSanity/STM/STM PlanDetail Page/a_Apply for This Plan"), 5): Object 'Object Repository/mobileSanity/STM/STM PlanDetail Page/a_Apply for This Plan' is visible

2019-12-15 08:15:52 - [MESSAGE][PASSED] - Object 'Object Repository/mobileSanity/STM/STM PlanDetail Page/a_Apply for This Plan' is visible

2019-12-15 08:15:52 - [TEST_STEP][PASSED] - click(findTestObject("mobileSanity/STM/STM PlanDetail Page/a_Apply for This Plan")): Object: 'Object Repository/mobileSanity/STM/STM PlanDetail Page/a_Apply for This Plan' is clicked on

2019-12-15 08:15:52 - [MESSAGE][PASSED] - Object: 'Object Repository/mobileSanity/STM/STM PlanDetail Page/a_Apply for This Plan' is clicked on

2019-12-15 08:15:52 - [TEST_STEP][PASSED] - waitForPageLoad(10): Wait for page load successfully

2019-12-15 08:15:53 - [MESSAGE][PASSED] - Wait for page load successfully

2019-12-15 08:15:53 - [TEST_STEP][PASSED] - Thread.sleep(2000): null

2019-12-15 08:15:55 - [TEST_STEP][PASSED] - callTestCase(findTestCase("AHI/_include/get_screenshot"), [:], STOP_ON_FAILURE): Call Test Case 'Test Cases/AHI/_include/get_screenshot' successfully

2019-12-15 08:15:55 - [TEST_CASE][PASSED] - Test Cases/AHI/_include/get_screenshot: Test Cases/AHI/_include/get_screenshot

2019-12-15 08:15:55 - [TEST_STEP][PASSED] - takeScreenshot(screenPath + i + ".png"): Taking screenshot successfully

2019-12-15 08:15:55 - [MESSAGE][PASSED] - Taking screenshot successfully
[[ATTACHMENT|D:\\Test\\AgileTest\\Reports\\AHI\\stm\\20191215_080038\\../Screenshots/iPhone 6/stm/Everest Prime/20191215_081516/5.png]]

2019-12-15 08:15:55 - [TEST_STEP][PASSED] - (internal.GlobalVariable.i++): null

2019-12-15 08:15:55 - [MESSAGE][PASSED] - Call Test Case 'Test Cases/AHI/_include/get_screenshot' successfully

2019-12-15 08:15:55 - [TEST_STEP][PASSED] - waitForElementVisible(findTestObject("mobileSanity/STM/STM Apply Page/a_Start Secure Application"), 5): Object 'Object Repository/mobileSanity/STM/STM Apply Page/a_Start Secure Application' is visible

2019-12-15 08:15:55 - [MESSAGE][PASSED] - Object 'Object Repository/mobileSanity/STM/STM Apply Page/a_Start Secure Application' is visible

2019-12-15 08:15:55 - [TEST_STEP][PASSED] - click(findTestObject("mobileSanity/STM/STM Apply Page/a_Start Secure Application")): Object: 'Object Repository/mobileSanity/STM/STM Apply Page/a_Start Secure Application' is clicked on

2019-12-15 08:15:56 - [MESSAGE][PASSED] - Object: 'Object Repository/mobileSanity/STM/STM Apply Page/a_Start Secure Application' is clicked on

2019-12-15 08:15:56 - [TEST_STEP][PASSED] - waitForPageLoad(20): Wait for page load successfully

2019-12-15 08:15:57 - [MESSAGE][PASSED] - Wait for page load successfully

2019-12-15 08:15:57 - [TEST_STEP][PASSED] - Thread.sleep(2000): null

2019-12-15 08:15:59 - [TEST_STEP][PASSED] - callTestCase(findTestCase("AHI/_include/get_screenshot"), [:], STOP_ON_FAILURE): Call Test Case 'Test Cases/AHI/_include/get_screenshot' successfully

2019-12-15 08:15:59 - [TEST_CASE][PASSED] - Test Cases/AHI/_include/get_screenshot: Test Cases/AHI/_include/get_screenshot

2019-12-15 08:15:59 - [TEST_STEP][PASSED] - takeScreenshot(screenPath + i + ".png"): Taking screenshot successfully

2019-12-15 08:15:59 - [MESSAGE][PASSED] - Taking screenshot successfully
[[ATTACHMENT|D:\\Test\\AgileTest\\Reports\\AHI\\stm\\20191215_080038\\../Screenshots/iPhone 6/stm/Everest Prime/20191215_081516/6.png]]

2019-12-15 08:15:59 - [TEST_STEP][PASSED] - (internal.GlobalVariable.i++): null

2019-12-15 08:15:59 - [MESSAGE][PASSED] - Call Test Case 'Test Cases/AHI/_include/get_screenshot' successfully

2019-12-15 08:15:59 - [MESSAGE][PASSED] - Call Test Case 'Test Cases/AHI/_include/apply_stm' successfully

2019-12-15 08:15:59 - [TEST_STEP][PASSED] - callTestCase(findTestCase("AHI/_include/goToEnd_stm_autofill"), [:], STOP_ON_FAILURE): Call Test Case 'Test Cases/AHI/_include/goToEnd_stm_autofill' successfully

2019-12-15 08:15:59 - [TEST_CASE][PASSED] - Test Cases/AHI/_include/goToEnd_stm_autofill: Test Cases/AHI/_include/goToEnd_stm_autofill

2019-12-15 08:15:59 - [TEST_STEP][PASSED] - callTestCase(findTestCase("AHI/_include/name"), [:], CONTINUE_ON_FAILURE): Call Test Case 'Test Cases/AHI/_include/name' successfully

2019-12-15 08:15:59 - [TEST_CASE][PASSED] - Test Cases/AHI/_include/name: Test Cases/AHI/_include/name

2019-12-15 08:15:59 - [TEST_STEP][PASSED] - driver = getWebDriver(): null

2019-12-15 08:15:59 - [TEST_STEP][PASSED] - selenium = new com.thoughtworks.selenium.webdriven.WebDriverBackedSelenium(driver, internal.GlobalVariable.ENV): null

2019-12-15 08:15:59 - [TEST_STEP][PASSED] - FirstName = "Test-123": null

2019-12-15 08:15:59 - [TEST_STEP][PASSED] - LastName = selenium.getEval("{var x="ABCDEFGHIJKLMNOPQRSTUVWXYZabcdefghijklmnopqrstuvwxyz"; var tmp="ZZ11-"; for (i=0;i<8;i++) tmp+=x.charAt(Math.ceil(51*Math.random()));tmp;}"): null

2019-12-15 08:15:59 - [TEST_STEP][PASSED] - Address = selenium.getEval("{var x="ABCDEFGHIJKLMNOPQRSTUVWXYZabcdefghijklmnopqrstuvwxyz"; var tmp=""; for (i=0;i<8;i++) tmp+=x.charAt(Math.ceil(51*Math.random()));tmp;}"): null

2019-12-15 08:15:59 - [TEST_STEP][PASSED] - City = selenium.getEval("{var x="ABCDEFGHIJKLMNOPQRSTUVWXYZabcdefghijklmnopqrstuvwxyz"; var tmp=""; for (i=0;i<8;i++) tmp+=x.charAt(Math.ceil(51*Math.random()));tmp;}"): null

2019-12-15 08:15:59 - [TEST_STEP][PASSED] - tel1 = selenium.getEval("{var x="123456789"; var tmp=""; for (i=0;i<3;i++) tmp+=x.charAt(Math.ceil(8*Math.random()));tmp;}"): null

2019-12-15 08:15:59 - [TEST_STEP][PASSED] - tel2 = selenium.getEval("{var x="123456789"; var tmp=""; for (i=0;i<3;i++) tmp+=x.charAt(Math.ceil(8*Math.random()));tmp;}"): null

2019-12-15 08:15:59 - [TEST_STEP][PASSED] - tel3 = selenium.getEval("{var x="123456789"; var tmp=""; for (i=0;i<4;i++) tmp+=x.charAt(Math.ceil(8*Math.random()));tmp;}"): null

2019-12-15 08:15:59 - [TEST_STEP][PASSED] - Tel = selenium.getExpression(tel1 + "-" + tel2 + "-" + tel3): null

2019-12-15 08:15:59 - [TEST_STEP][PASSED] - AutoEmail = selenium.getEval("{var x="ABCDEFGHIJKLMNOPQRSTUVWXYZabcdefghijklmnopqrstuvwxyz"; var tmp="test."; for (i=0;i<8;i++) tmp+=x.charAt(Math.ceil(51*Math.random()));tmp+="@suryani.cn";}"): null

2019-12-15 08:15:59 - [TEST_STEP][PASSED] - FirstName = FirstName: null

2019-12-15 08:15:59 - [TEST_STEP][PASSED] - LastName = LastName: null

2019-12-15 08:15:59 - [TEST_STEP][PASSED] - Address = Address: null

2019-12-15 08:15:59 - [TEST_STEP][PASSED] - City = City: null

2019-12-15 08:15:59 - [TEST_STEP][PASSED] - Tel = Tel: null

2019-12-15 08:15:59 - [TEST_STEP][PASSED] - AutoEmail = AutoEmail: null

2019-12-15 08:15:59 - [TEST_STEP][PASSED] - println(FirstName): null

2019-12-15 08:15:59 - [TEST_STEP][PASSED] - println(LastName): null

2019-12-15 08:15:59 - [TEST_STEP][PASSED] - println(Address): null

2019-12-15 08:15:59 - [TEST_STEP][PASSED] - println(City): null

2019-12-15 08:15:59 - [TEST_STEP][PASSED] - println(Tel): null

2019-12-15 08:15:59 - [TEST_STEP][PASSED] - println(AutoEmail): null

2019-12-15 08:15:59 - [MESSAGE][PASSED] - Call Test Case 'Test Cases/AHI/_include/name' successfully

2019-12-15 08:15:59 - [TEST_STEP][FAILED] - try: Unable to verify text 'Month Duration Acknowledgement' is present  (Root cause: com.kms.katalon.core.exception.StepFailedException: Text 'Month Duration Acknowledgement' is not present on page )

2019-12-15 08:15:59 - [TEST_STEP][FAILED] - if (verifyTextPresent("Month Duration Acknowledgement", false)): Unable to verify text 'Month Duration Acknowledgement' is present  (Root cause: com.kms.katalon.core.exception.StepFailedException: Text 'Month Duration Acknowledgement' is not present on page )

2019-12-15 08:15:59 - [MESSAGE][FAILED] - Text 'Month Duration Acknowledgement' is not present on page 

2019-12-15 08:16:00 - [MESSAGE][FAILED] - Unable to verify text 'Month Duration Acknowledgement' is present  (Root cause: com.kms.katalon.core.exception.StepFailedException: Text 'Month Duration Acknowledgement' is not present on page )
[[ATTACHMENT|D:\\Test\\AgileTest\\Reports\\AHI\\stm\\20191215_080038\\1576415759942.png]]

2019-12-15 08:16:00 - [TEST_STEP][PASSED] - catch (Exception e): null

2019-12-15 08:16:00 - [TEST_STEP][PASSED] - println("no consecutive"): null

2019-12-15 08:16:00 - [TEST_STEP][PASSED] - waitForPageLoad(10): Wait for page load successfully

2019-12-15 08:16:00 - [MESSAGE][PASSED] - Wait for page load successfully

2019-12-15 08:16:00 - [TEST_STEP][PASSED] - Thread.sleep(3000): null

2019-12-15 08:16:03 - [TEST_STEP][PASSED] - waitForElementVisible(findTestObject("mobileSanity/STM/Page_App Page 1/a_Autofill App Info"), 20): Object 'Object Repository/mobileSanity/STM/Page_App Page 1/a_Autofill App Info' is visible

2019-12-15 08:16:03 - [MESSAGE][PASSED] - Object 'Object Repository/mobileSanity/STM/Page_App Page 1/a_Autofill App Info' is visible

2019-12-15 08:16:03 - [TEST_STEP][PASSED] - click(findTestObject("mobileSanity/STM/Page_App Page 1/a_Autofill App Info")): Object: 'Object Repository/mobileSanity/STM/Page_App Page 1/a_Autofill App Info' is clicked on

2019-12-15 08:16:05 - [MESSAGE][PASSED] - Object: 'Object Repository/mobileSanity/STM/Page_App Page 1/a_Autofill App Info' is clicked on

2019-12-15 08:16:05 - [TEST_STEP][PASSED] - Thread.sleep(1000): null

2019-12-15 08:16:06 - [TEST_STEP][PASSED] - click(findTestObject("mobileSanity/STM/Page_App Page 1/a_Autofill App Info")): Object: 'Object Repository/mobileSanity/STM/Page_App Page 1/a_Autofill App Info' is clicked on

2019-12-15 08:16:06 - [MESSAGE][PASSED] - Object: 'Object Repository/mobileSanity/STM/Page_App Page 1/a_Autofill App Info' is clicked on

2019-12-15 08:16:06 - [TEST_STEP][PASSED] - Thread.sleep(1000): null

2019-12-15 08:16:07 - [TEST_STEP][PASSED] - waitForElementVisible(findTestObject("mobileSanity/STM/Page_App Page 1/a_Continue"), 20): Object 'Object Repository/mobileSanity/STM/Page_App Page 1/a_Continue' is visible

2019-12-15 08:16:07 - [MESSAGE][PASSED] - Object 'Object Repository/mobileSanity/STM/Page_App Page 1/a_Continue' is visible

2019-12-15 08:16:07 - [TEST_STEP][PASSED] - click(findTestObject("mobileSanity/STM/Page_App Page 1/a_Continue")): Object: 'Object Repository/mobileSanity/STM/Page_App Page 1/a_Continue' is clicked on

2019-12-15 08:16:08 - [MESSAGE][PASSED] - Object: 'Object Repository/mobileSanity/STM/Page_App Page 1/a_Continue' is clicked on

2019-12-15 08:16:08 - [TEST_STEP][PASSED] - waitForPageLoad(20): Wait for page load successfully

2019-12-15 08:16:08 - [MESSAGE][PASSED] - Wait for page load successfully

2019-12-15 08:16:08 - [TEST_STEP][PASSED] - Thread.sleep(5000): null

2019-12-15 08:16:13 - [TEST_STEP][PASSED] - callTestCase(findTestCase("AHI/_include/get_screenshot"), [:], STOP_ON_FAILURE): Call Test Case 'Test Cases/AHI/_include/get_screenshot' successfully

2019-12-15 08:16:13 - [TEST_CASE][PASSED] - Test Cases/AHI/_include/get_screenshot: Test Cases/AHI/_include/get_screenshot

2019-12-15 08:16:13 - [TEST_STEP][PASSED] - takeScreenshot(screenPath + i + ".png"): Taking screenshot successfully

2019-12-15 08:16:13 - [MESSAGE][PASSED] - Taking screenshot successfully
[[ATTACHMENT|D:\\Test\\AgileTest\\Reports\\AHI\\stm\\20191215_080038\\../Screenshots/iPhone 6/stm/Everest Prime/20191215_081516/7.png]]

2019-12-15 08:16:13 - [TEST_STEP][PASSED] - (internal.GlobalVariable.i++): null

2019-12-15 08:16:13 - [MESSAGE][PASSED] - Call Test Case 'Test Cases/AHI/_include/get_screenshot' successfully

2019-12-15 08:16:13 - [TEST_STEP][PASSED] - click(findTestObject("mobileSanity/STM/Page_App Page 2/a_Continue to Step 3 - Payment")): Object: 'Object Repository/mobileSanity/STM/Page_App Page 2/a_Continue to Step 3 - Payment' is clicked on

2019-12-15 08:16:14 - [MESSAGE][PASSED] - Object: 'Object Repository/mobileSanity/STM/Page_App Page 2/a_Continue to Step 3 - Payment' is clicked on

2019-12-15 08:16:14 - [TEST_STEP][PASSED] - waitForPageLoad(20): Wait for page load successfully

2019-12-15 08:16:14 - [MESSAGE][PASSED] - Wait for page load successfully

2019-12-15 08:16:14 - [TEST_STEP][PASSED] - waitForElementVisible(findTestObject("mobileSanity/STM/Page_App Page 3/input__credit-card-cvv"), 20): Object 'Object Repository/mobileSanity/STM/Page_App Page 3/input__credit-card-cvv' is visible

2019-12-15 08:16:14 - [MESSAGE][PASSED] - Object 'Object Repository/mobileSanity/STM/Page_App Page 3/input__credit-card-cvv' is visible

2019-12-15 08:16:14 - [TEST_STEP][PASSED] - Thread.sleep(2000): null

2019-12-15 08:16:16 - [TEST_STEP][PASSED] - callTestCase(findTestCase("AHI/_include/get_screenshot"), [:], STOP_ON_FAILURE): Call Test Case 'Test Cases/AHI/_include/get_screenshot' successfully

2019-12-15 08:16:16 - [TEST_CASE][PASSED] - Test Cases/AHI/_include/get_screenshot: Test Cases/AHI/_include/get_screenshot

2019-12-15 08:16:16 - [TEST_STEP][PASSED] - takeScreenshot(screenPath + i + ".png"): Taking screenshot successfully

2019-12-15 08:16:18 - [MESSAGE][PASSED] - Taking screenshot successfully
[[ATTACHMENT|D:\\Test\\AgileTest\\Reports\\AHI\\stm\\20191215_080038\\../Screenshots/iPhone 6/stm/Everest Prime/20191215_081516/8.png]]

2019-12-15 08:16:18 - [TEST_STEP][PASSED] - (internal.GlobalVariable.i++): null

2019-12-15 08:16:18 - [MESSAGE][PASSED] - Call Test Case 'Test Cases/AHI/_include/get_screenshot' successfully

2019-12-15 08:16:18 - [TEST_STEP][PASSED] - clearText(findTestObject("mobileSanity/STM/Page_App Page 3/input__credit-card-cvv")): Text of object 'Object Repository/mobileSanity/STM/Page_App Page 3/input__credit-card-cvv' is cleared

2019-12-15 08:16:18 - [MESSAGE][PASSED] - Text of object 'Object Repository/mobileSanity/STM/Page_App Page 3/input__credit-card-cvv' is cleared

2019-12-15 08:16:18 - [TEST_STEP][PASSED] - setText(findTestObject("mobileSanity/STM/Page_App Page 3/input__credit-card-cvv"), "123"): Text '123' is set on object 'Object Repository/mobileSanity/STM/Page_App Page 3/input__credit-card-cvv'

2019-12-15 08:16:18 - [MESSAGE][PASSED] - Text '123' is set on object 'Object Repository/mobileSanity/STM/Page_App Page 3/input__credit-card-cvv'

2019-12-15 08:16:18 - [TEST_STEP][PASSED] - click(findTestObject("mobileSanity/STM/Page_App Page 3/label_I Accept Authorization f")): Object: 'Object Repository/mobileSanity/STM/Page_App Page 3/label_I Accept Authorization f' is clicked on

2019-12-15 08:16:18 - [MESSAGE][PASSED] - Object: 'Object Repository/mobileSanity/STM/Page_App Page 3/label_I Accept Authorization f' is clicked on

2019-12-15 08:16:18 - [TEST_STEP][PASSED] - click(findTestObject("mobileSanity/STM/Page_App Page 3/a_Continue to Step 4 - Review")): Object: 'Object Repository/mobileSanity/STM/Page_App Page 3/a_Continue to Step 4 - Review' is clicked on

2019-12-15 08:16:19 - [MESSAGE][PASSED] - Object: 'Object Repository/mobileSanity/STM/Page_App Page 3/a_Continue to Step 4 - Review' is clicked on

2019-12-15 08:16:19 - [TEST_STEP][PASSED] - waitForPageLoad(10): Wait for page load successfully

2019-12-15 08:16:19 - [MESSAGE][PASSED] - Wait for page load successfully

2019-12-15 08:16:19 - [TEST_STEP][PASSED] - waitForElementClickable(findTestObject("mobileSanity/STM/Page_App Page 4/label"), 10): Object 'Object Repository/mobileSanity/STM/Page_App Page 4/label' is clickable

2019-12-15 08:16:19 - [MESSAGE][PASSED] - Object 'Object Repository/mobileSanity/STM/Page_App Page 4/label' is clickable

2019-12-15 08:16:19 - [TEST_STEP][PASSED] - Thread.sleep(2000): null

2019-12-15 08:16:21 - [TEST_STEP][PASSED] - callTestCase(findTestCase("AHI/_include/get_screenshot"), [:], STOP_ON_FAILURE): Call Test Case 'Test Cases/AHI/_include/get_screenshot' successfully

2019-12-15 08:16:21 - [TEST_CASE][PASSED] - Test Cases/AHI/_include/get_screenshot: Test Cases/AHI/_include/get_screenshot

2019-12-15 08:16:21 - [TEST_STEP][PASSED] - takeScreenshot(screenPath + i + ".png"): Taking screenshot successfully

2019-12-15 08:16:22 - [MESSAGE][PASSED] - Taking screenshot successfully
[[ATTACHMENT|D:\\Test\\AgileTest\\Reports\\AHI\\stm\\20191215_080038\\../Screenshots/iPhone 6/stm/Everest Prime/20191215_081516/9.png]]

2019-12-15 08:16:22 - [TEST_STEP][PASSED] - (internal.GlobalVariable.i++): null

2019-12-15 08:16:22 - [MESSAGE][PASSED] - Call Test Case 'Test Cases/AHI/_include/get_screenshot' successfully

2019-12-15 08:16:22 - [TEST_STEP][PASSED] - click(findTestObject("mobileSanity/STM/Page_App Page 4/label")): Object: 'Object Repository/mobileSanity/STM/Page_App Page 4/label' is clicked on

2019-12-15 08:16:22 - [MESSAGE][PASSED] - Object: 'Object Repository/mobileSanity/STM/Page_App Page 4/label' is clicked on

2019-12-15 08:16:22 - [TEST_STEP][PASSED] - click(findTestObject("mobileSanity/STM/Page_App Page 4/div_CLICK TO SIGN")): Object: 'Object Repository/mobileSanity/STM/Page_App Page 4/div_CLICK TO SIGN' is clicked on

2019-12-15 08:16:22 - [MESSAGE][PASSED] - Object: 'Object Repository/mobileSanity/STM/Page_App Page 4/div_CLICK TO SIGN' is clicked on

2019-12-15 08:16:22 - [TEST_STEP][PASSED] - click(findTestObject("mobileSanity/STM/Page_App Page 4/a_Submit Your Application")): Object: 'Object Repository/mobileSanity/STM/Page_App Page 4/a_Submit Your Application' is clicked on

2019-12-15 08:16:22 - [MESSAGE][PASSED] - Object: 'Object Repository/mobileSanity/STM/Page_App Page 4/a_Submit Your Application' is clicked on

2019-12-15 08:16:22 - [TEST_STEP][PASSED] - Thread.sleep(30000): null

2019-12-15 08:16:52 - [TEST_STEP][PASSED] - waitForElementPresent(findTestObject("mobileSanity/STM/Page_App Page 6/app-page-wrapper"), 20): Object 'Object Repository/mobileSanity/STM/Page_App Page 6/app-page-wrapper' is present

2019-12-15 08:16:52 - [MESSAGE][PASSED] - Object 'Object Repository/mobileSanity/STM/Page_App Page 6/app-page-wrapper' is present

2019-12-15 08:16:52 - [TEST_STEP][PASSED] - callTestCase(findTestCase("AHI/_include/get_screenshot"), [:], STOP_ON_FAILURE): Call Test Case 'Test Cases/AHI/_include/get_screenshot' successfully

2019-12-15 08:16:52 - [TEST_CASE][PASSED] - Test Cases/AHI/_include/get_screenshot: Test Cases/AHI/_include/get_screenshot

2019-12-15 08:16:52 - [TEST_STEP][PASSED] - takeScreenshot(screenPath + i + ".png"): Taking screenshot successfully

2019-12-15 08:16:53 - [MESSAGE][PASSED] - Taking screenshot successfully
[[ATTACHMENT|D:\\Test\\AgileTest\\Reports\\AHI\\stm\\20191215_080038\\../Screenshots/iPhone 6/stm/Everest Prime/20191215_081516/10.png]]

2019-12-15 08:16:53 - [TEST_STEP][PASSED] - (internal.GlobalVariable.i++): null

2019-12-15 08:16:53 - [MESSAGE][PASSED] - Call Test Case 'Test Cases/AHI/_include/get_screenshot' successfully

2019-12-15 08:16:53 - [MESSAGE][PASSED] - Call Test Case 'Test Cases/AHI/_include/goToEnd_stm_autofill' successfully]]></system-out>
         <system-err><![CDATA[]]></system-err>
      </testcase>
      <testcase name="Test Cases/AHI/stm/Everest" classname="Test Cases/AHI/stm/Everest" status="PASSED">
         <system-out><![CDATA[2019-12-15 08:16:53 - [TEST_CASE][PASSED] - Test Cases/AHI/stm/Everest: Test Cases/AHI/stm/Everest

2019-12-15 08:16:53 - [TEST_STEP][PASSED] - callTestCase(findTestCase("AHI/_include/get_screenPath"), ["productLine":"stm", "carrierName":"Everest"], CONTINUE_ON_FAILURE): Call Test Case 'Test Cases/AHI/_include/get_screenPath' successfully

2019-12-15 08:16:53 - [TEST_CASE][PASSED] - Test Cases/AHI/_include/get_screenPath: Test Cases/AHI/_include/get_screenPath

2019-12-15 08:16:53 - [TEST_STEP][PASSED] - m = getExecutionProperties(): null

2019-12-15 08:16:53 - [TEST_STEP][PASSED] - deviceName = get("mobileEmulation").get("deviceName"): null

2019-12-15 08:16:53 - [TEST_STEP][PASSED] - println(deviceName): null

2019-12-15 08:16:53 - [TEST_STEP][PASSED] - now = new java.util.Date(): null

2019-12-15 08:16:53 - [TEST_STEP][PASSED] - mydate = now.format("yyyyMMdd_HHmmss"): null

2019-12-15 08:16:53 - [TEST_STEP][PASSED] - screenPath = "../Screenshots/": null

2019-12-15 08:16:53 - [TEST_STEP][PASSED] - screenPath = screenPath + deviceName + "/" + productLine + "/" + carrierName + "/" + mydate + "/": null

2019-12-15 08:16:53 - [TEST_STEP][PASSED] - println(screenPath): null

2019-12-15 08:16:53 - [MESSAGE][PASSED] - Call Test Case 'Test Cases/AHI/_include/get_screenPath' successfully

2019-12-15 08:16:53 - [TEST_STEP][PASSED] - i = 0: null

2019-12-15 08:16:53 - [TEST_STEP][PASSED] - callTestCase(findTestCase("AHI/_include/openWebSite"), [:], STOP_ON_FAILURE): Call Test Case 'Test Cases/AHI/_include/openWebSite' successfully

2019-12-15 08:16:53 - [TEST_CASE][PASSED] - Test Cases/AHI/_include/openWebSite: Test Cases/AHI/_include/openWebSite

2019-12-15 08:16:53 - [TEST_STEP][PASSED] - openBrowser(env): Browser is opened with url: 'https://praetemptatus.agilehealthinsurance.com'

2019-12-15 08:16:53 - [MESSAGE][WARNING] - A browser is already opened. Closing browser and opening a new one

2019-12-15 08:16:54 - [MESSAGE][INFO] - Starting 'Chrome' driver

2019-12-15 08:16:54 - [MESSAGE][INFO] - User set preference: ['mobileEmulation', '{deviceName=iPhone 6}']

2019-12-15 08:16:54 - [MESSAGE][INFO] - User set preference: ['args', '[--incognito, --aggressive-cache-discard, --window-size=375,677, --no-sandbox]']

2019-12-15 08:16:59 - [MESSAGE][PASSED] - Browser is opened with url: 'https://praetemptatus.agilehealthinsurance.com'

2019-12-15 08:16:59 - [TEST_STEP][PASSED] - waitForPageLoad(20): Wait for page load successfully

2019-12-15 08:16:59 - [MESSAGE][PASSED] - Wait for page load successfully

2019-12-15 08:16:59 - [TEST_STEP][PASSED] - callTestCase(findTestCase("AHI/_include/get_screenshot"), [:], STOP_ON_FAILURE): Call Test Case 'Test Cases/AHI/_include/get_screenshot' successfully

2019-12-15 08:16:59 - [TEST_CASE][PASSED] - Test Cases/AHI/_include/get_screenshot: Test Cases/AHI/_include/get_screenshot

2019-12-15 08:16:59 - [TEST_STEP][PASSED] - takeScreenshot(screenPath + i + ".png"): Taking screenshot successfully

2019-12-15 08:17:00 - [MESSAGE][PASSED] - Taking screenshot successfully
[[ATTACHMENT|D:\\Test\\AgileTest\\Reports\\AHI\\stm\\20191215_080038\\../Screenshots/iPhone 6/stm/Everest/20191215_081653/0.png]]

2019-12-15 08:17:00 - [TEST_STEP][PASSED] - (internal.GlobalVariable.i++): null

2019-12-15 08:17:00 - [MESSAGE][PASSED] - Call Test Case 'Test Cases/AHI/_include/get_screenshot' successfully

2019-12-15 08:17:00 - [MESSAGE][PASSED] - Call Test Case 'Test Cases/AHI/_include/openWebSite' successfully

2019-12-15 08:17:00 - [TEST_STEP][PASSED] - callTestCase(findTestCase("AHI/_include/census_stm"), ["zipcode":"83709"], STOP_ON_FAILURE): Call Test Case 'Test Cases/AHI/_include/census_stm' successfully

2019-12-15 08:17:00 - [TEST_CASE][PASSED] - Test Cases/AHI/_include/census_stm: Test Cases/AHI/_include/census_stm

2019-12-15 08:17:00 - [TEST_STEP][PASSED] - waitForElementClickable(findTestObject("mobileSanity/STM/Home Page/a_Quote  Save Today"), 10): Object 'Object Repository/mobileSanity/STM/Home Page/a_Quote  Save Today' is clickable

2019-12-15 08:17:00 - [MESSAGE][PASSED] - Object 'Object Repository/mobileSanity/STM/Home Page/a_Quote  Save Today' is clickable

2019-12-15 08:17:00 - [TEST_STEP][PASSED] - click(findTestObject("mobileSanity/STM/Home Page/a_Quote  Save Today")): Object: 'Object Repository/mobileSanity/STM/Home Page/a_Quote  Save Today' is clicked on

2019-12-15 08:17:01 - [MESSAGE][PASSED] - Object: 'Object Repository/mobileSanity/STM/Home Page/a_Quote  Save Today' is clicked on

2019-12-15 08:17:01 - [TEST_STEP][PASSED] - waitForPageLoad(10): Wait for page load successfully

2019-12-15 08:17:03 - [MESSAGE][PASSED] - Wait for page load successfully

2019-12-15 08:17:03 - [TEST_STEP][PASSED] - callTestCase(findTestCase("AHI/_include/get_screenshot"), [:], STOP_ON_FAILURE): Call Test Case 'Test Cases/AHI/_include/get_screenshot' successfully

2019-12-15 08:17:03 - [TEST_CASE][PASSED] - Test Cases/AHI/_include/get_screenshot: Test Cases/AHI/_include/get_screenshot

2019-12-15 08:17:03 - [TEST_STEP][PASSED] - takeScreenshot(screenPath + i + ".png"): Taking screenshot successfully

2019-12-15 08:17:04 - [MESSAGE][PASSED] - Taking screenshot successfully
[[ATTACHMENT|D:\\Test\\AgileTest\\Reports\\AHI\\stm\\20191215_080038\\../Screenshots/iPhone 6/stm/Everest/20191215_081653/1.png]]

2019-12-15 08:17:04 - [TEST_STEP][PASSED] - (internal.GlobalVariable.i++): null

2019-12-15 08:17:04 - [MESSAGE][PASSED] - Call Test Case 'Test Cases/AHI/_include/get_screenshot' successfully

2019-12-15 08:17:04 - [TEST_STEP][PASSED] - setText(findTestObject("mobileSanity/STM/STM Census Page/input_Location_zip-input"), zipcode): Text '83709' is set on object 'Object Repository/mobileSanity/STM/STM Census Page/input_Location_zip-input'

2019-12-15 08:17:04 - [MESSAGE][PASSED] - Text '83709' is set on object 'Object Repository/mobileSanity/STM/STM Census Page/input_Location_zip-input'

2019-12-15 08:17:04 - [TEST_STEP][PASSED] - Thread.sleep(500): null

2019-12-15 08:17:04 - [TEST_STEP][PASSED] - setText(findTestObject("mobileSanity/STM/STM Census Page/input_Date of Birth_dob-0"), "03031987"): Text '03031987' is set on object 'Object Repository/mobileSanity/STM/STM Census Page/input_Date of Birth_dob-0'

2019-12-15 08:17:05 - [MESSAGE][PASSED] - Text '03031987' is set on object 'Object Repository/mobileSanity/STM/STM Census Page/input_Date of Birth_dob-0'

2019-12-15 08:17:05 - [TEST_STEP][PASSED] - click(findTestObject("mobileSanity/STM/STM Census Page/label_Male")): Object: 'Object Repository/mobileSanity/STM/STM Census Page/label_Male' is clicked on

2019-12-15 08:17:05 - [MESSAGE][PASSED] - Object: 'Object Repository/mobileSanity/STM/STM Census Page/label_Male' is clicked on

2019-12-15 08:17:05 - [TEST_STEP][PASSED] - click(findTestObject("mobileSanity/STM/STM Census Page/label_Compare Plans")): Object: 'Object Repository/mobileSanity/STM/STM Census Page/label_Compare Plans' is clicked on

2019-12-15 08:17:06 - [MESSAGE][PASSED] - Object: 'Object Repository/mobileSanity/STM/STM Census Page/label_Compare Plans' is clicked on

2019-12-15 08:17:06 - [TEST_STEP][PASSED] - waitForElementVisible(findTestObject("mobileSanity/STM/STM Quote Page/button_sort"), 20): Object 'Object Repository/mobileSanity/STM/STM Quote Page/button_sort' is visible

2019-12-15 08:17:07 - [MESSAGE][PASSED] - Object 'Object Repository/mobileSanity/STM/STM Quote Page/button_sort' is visible

2019-12-15 08:17:07 - [TEST_STEP][PASSED] - Thread.sleep(3000): null

2019-12-15 08:17:10 - [TEST_STEP][PASSED] - callTestCase(findTestCase("AHI/_include/check_quoteleadform"), [:], STOP_ON_FAILURE): Call Test Case 'Test Cases/AHI/_include/check_quoteleadform' successfully

2019-12-15 08:17:10 - [TEST_CASE][PASSED] - Test Cases/AHI/_include/check_quoteleadform: Test Cases/AHI/_include/check_quoteleadform

2019-12-15 08:17:10 - [TEST_STEP][PASSED] - callTestCase(findTestCase("AHI/_include/name"), [:], CONTINUE_ON_FAILURE): Call Test Case 'Test Cases/AHI/_include/name' successfully

2019-12-15 08:17:10 - [TEST_CASE][PASSED] - Test Cases/AHI/_include/name: Test Cases/AHI/_include/name

2019-12-15 08:17:10 - [TEST_STEP][PASSED] - driver = getWebDriver(): null

2019-12-15 08:17:10 - [TEST_STEP][PASSED] - selenium = new com.thoughtworks.selenium.webdriven.WebDriverBackedSelenium(driver, internal.GlobalVariable.ENV): null

2019-12-15 08:17:10 - [TEST_STEP][PASSED] - FirstName = "Test-123": null

2019-12-15 08:17:10 - [TEST_STEP][PASSED] - LastName = selenium.getEval("{var x="ABCDEFGHIJKLMNOPQRSTUVWXYZabcdefghijklmnopqrstuvwxyz"; var tmp="ZZ11-"; for (i=0;i<8;i++) tmp+=x.charAt(Math.ceil(51*Math.random()));tmp;}"): null

2019-12-15 08:17:10 - [TEST_STEP][PASSED] - Address = selenium.getEval("{var x="ABCDEFGHIJKLMNOPQRSTUVWXYZabcdefghijklmnopqrstuvwxyz"; var tmp=""; for (i=0;i<8;i++) tmp+=x.charAt(Math.ceil(51*Math.random()));tmp;}"): null

2019-12-15 08:17:10 - [TEST_STEP][PASSED] - City = selenium.getEval("{var x="ABCDEFGHIJKLMNOPQRSTUVWXYZabcdefghijklmnopqrstuvwxyz"; var tmp=""; for (i=0;i<8;i++) tmp+=x.charAt(Math.ceil(51*Math.random()));tmp;}"): null

2019-12-15 08:17:10 - [TEST_STEP][PASSED] - tel1 = selenium.getEval("{var x="123456789"; var tmp=""; for (i=0;i<3;i++) tmp+=x.charAt(Math.ceil(8*Math.random()));tmp;}"): null

2019-12-15 08:17:10 - [TEST_STEP][PASSED] - tel2 = selenium.getEval("{var x="123456789"; var tmp=""; for (i=0;i<3;i++) tmp+=x.charAt(Math.ceil(8*Math.random()));tmp;}"): null

2019-12-15 08:17:10 - [TEST_STEP][PASSED] - tel3 = selenium.getEval("{var x="123456789"; var tmp=""; for (i=0;i<4;i++) tmp+=x.charAt(Math.ceil(8*Math.random()));tmp;}"): null

2019-12-15 08:17:10 - [TEST_STEP][PASSED] - Tel = selenium.getExpression(tel1 + "-" + tel2 + "-" + tel3): null

2019-12-15 08:17:10 - [TEST_STEP][PASSED] - AutoEmail = selenium.getEval("{var x="ABCDEFGHIJKLMNOPQRSTUVWXYZabcdefghijklmnopqrstuvwxyz"; var tmp="test."; for (i=0;i<8;i++) tmp+=x.charAt(Math.ceil(51*Math.random()));tmp+="@suryani.cn";}"): null

2019-12-15 08:17:10 - [TEST_STEP][PASSED] - FirstName = FirstName: null

2019-12-15 08:17:10 - [TEST_STEP][PASSED] - LastName = LastName: null

2019-12-15 08:17:10 - [TEST_STEP][PASSED] - Address = Address: null

2019-12-15 08:17:10 - [TEST_STEP][PASSED] - City = City: null

2019-12-15 08:17:10 - [TEST_STEP][PASSED] - Tel = Tel: null

2019-12-15 08:17:10 - [TEST_STEP][PASSED] - AutoEmail = AutoEmail: null

2019-12-15 08:17:10 - [TEST_STEP][PASSED] - println(FirstName): null

2019-12-15 08:17:10 - [TEST_STEP][PASSED] - println(LastName): null

2019-12-15 08:17:10 - [TEST_STEP][PASSED] - println(Address): null

2019-12-15 08:17:10 - [TEST_STEP][PASSED] - println(City): null

2019-12-15 08:17:10 - [TEST_STEP][PASSED] - println(Tel): null

2019-12-15 08:17:10 - [TEST_STEP][PASSED] - println(AutoEmail): null

2019-12-15 08:17:10 - [MESSAGE][PASSED] - Call Test Case 'Test Cases/AHI/_include/name' successfully

2019-12-15 08:17:10 - [TEST_STEP][PASSED] - leadform_exist = test.MobileKeywords.isElementPresent_Web(findTestObject("mobileSanity/quote lead form/lead_form"), 20): test.MobileKeywords.isElementPresent_Web is PASSED

2019-12-15 08:17:10 - [MESSAGE][PASSED] - test.MobileKeywords.isElementPresent_Web is PASSED

2019-12-15 08:17:10 - [TEST_STEP][PASSED] - if (leadform_exist): null

2019-12-15 08:17:10 - [TEST_STEP][PASSED] - setText(findTestObject("mobileSanity/quote lead form/first"), FirstName): Text 'Test-123' is set on object 'Object Repository/mobileSanity/quote lead form/first'

2019-12-15 08:17:11 - [MESSAGE][PASSED] - Text 'Test-123' is set on object 'Object Repository/mobileSanity/quote lead form/first'

2019-12-15 08:17:11 - [TEST_STEP][PASSED] - setText(findTestObject("mobileSanity/quote lead form/last"), LastName): Text 'ZZ11-SwUXXQUQ' is set on object 'Object Repository/mobileSanity/quote lead form/last'

2019-12-15 08:17:11 - [MESSAGE][PASSED] - Text 'ZZ11-SwUXXQUQ' is set on object 'Object Repository/mobileSanity/quote lead form/last'

2019-12-15 08:17:11 - [TEST_STEP][PASSED] - setText(findTestObject("mobileSanity/quote lead form/email"), AutoEmail): Text 'test.GIhyofOW@suryani.cn' is set on object 'Object Repository/mobileSanity/quote lead form/email'

2019-12-15 08:17:11 - [MESSAGE][PASSED] - Text 'test.GIhyofOW@suryani.cn' is set on object 'Object Repository/mobileSanity/quote lead form/email'

2019-12-15 08:17:11 - [TEST_STEP][PASSED] - setText(findTestObject("mobileSanity/quote lead form/phone"), Tel): Text '867-353-9984' is set on object 'Object Repository/mobileSanity/quote lead form/phone'

2019-12-15 08:17:11 - [MESSAGE][PASSED] - Text '867-353-9984' is set on object 'Object Repository/mobileSanity/quote lead form/phone'

2019-12-15 08:17:11 - [TEST_STEP][PASSED] - click(findTestObject("mobileSanity/quote lead form/submit")): Object: 'Object Repository/mobileSanity/quote lead form/submit' is clicked on

2019-12-15 08:17:11 - [MESSAGE][PASSED] - Object: 'Object Repository/mobileSanity/quote lead form/submit' is clicked on

2019-12-15 08:17:11 - [TEST_STEP][PASSED] - Thread.sleep(3000): null

2019-12-15 08:17:14 - [MESSAGE][PASSED] - Call Test Case 'Test Cases/AHI/_include/check_quoteleadform' successfully

2019-12-15 08:17:14 - [TEST_STEP][PASSED] - callTestCase(findTestCase("AHI/_include/get_screenshot"), [:], STOP_ON_FAILURE): Call Test Case 'Test Cases/AHI/_include/get_screenshot' successfully

2019-12-15 08:17:14 - [TEST_CASE][PASSED] - Test Cases/AHI/_include/get_screenshot: Test Cases/AHI/_include/get_screenshot

2019-12-15 08:17:14 - [TEST_STEP][PASSED] - takeScreenshot(screenPath + i + ".png"): Taking screenshot successfully

2019-12-15 08:17:15 - [MESSAGE][PASSED] - Taking screenshot successfully
[[ATTACHMENT|D:\\Test\\AgileTest\\Reports\\AHI\\stm\\20191215_080038\\../Screenshots/iPhone 6/stm/Everest/20191215_081653/2.png]]

2019-12-15 08:17:15 - [TEST_STEP][PASSED] - (internal.GlobalVariable.i++): null

2019-12-15 08:17:15 - [MESSAGE][PASSED] - Call Test Case 'Test Cases/AHI/_include/get_screenshot' successfully

2019-12-15 08:17:15 - [TEST_STEP][PASSED] - Thread.sleep(1000): null

2019-12-15 08:17:16 - [MESSAGE][PASSED] - Call Test Case 'Test Cases/AHI/_include/census_stm' successfully

2019-12-15 08:17:16 - [TEST_STEP][PASSED] - callTestCase(findTestCase("AHI/_include/filter_stm"), ["carrier":"everest-one"], STOP_ON_FAILURE): Call Test Case 'Test Cases/AHI/_include/filter_stm' successfully

2019-12-15 08:17:16 - [TEST_CASE][PASSED] - Test Cases/AHI/_include/filter_stm: Test Cases/AHI/_include/filter_stm

2019-12-15 08:17:16 - [TEST_STEP][PASSED] - driver = getWebDriver(): null

2019-12-15 08:17:16 - [TEST_STEP][PASSED] - selenium = new com.thoughtworks.selenium.webdriven.WebDriverBackedSelenium(driver, internal.GlobalVariable.ENV): null

2019-12-15 08:17:16 - [TEST_STEP][PASSED] - Thread.sleep(1000): null

2019-12-15 08:17:17 - [TEST_STEP][PASSED] - click(findTestObject("mobileSanity/STM/STM Quote Page/button_filters")): Object: 'Object Repository/mobileSanity/STM/STM Quote Page/button_filters' is clicked on

2019-12-15 08:17:17 - [MESSAGE][PASSED] - Object: 'Object Repository/mobileSanity/STM/STM Quote Page/button_filters' is clicked on

2019-12-15 08:17:17 - [TEST_STEP][PASSED] - Thread.sleep(1000): null

2019-12-15 08:17:18 - [TEST_STEP][PASSED] - click(findTestObject("mobileSanity/STM/STM Quote Page/i_Insurance company")): Object: 'Object Repository/mobileSanity/STM/STM Quote Page/i_Insurance company' is clicked on

2019-12-15 08:17:18 - [MESSAGE][PASSED] - Object: 'Object Repository/mobileSanity/STM/STM Quote Page/i_Insurance company' is clicked on

2019-12-15 08:17:18 - [TEST_STEP][PASSED] - Thread.sleep(1000): null

2019-12-15 08:17:19 - [TEST_STEP][PASSED] - filter_carrier = "//input[@name='filter[carrier]' and @value='" + carrier + "']/following::label": null

2019-12-15 08:17:19 - [TEST_STEP][PASSED] - println(filter_carrier): null

2019-12-15 08:17:19 - [TEST_STEP][PASSED] - test.MobileKeywords.clickJS_ByXpath(filter_carrier): test.MobileKeywords.clickJS_ByXpath is PASSED

2019-12-15 08:17:20 - [MESSAGE][PASSED] - Execute JavaScript 'arguments[0].click()' successfully

2019-12-15 08:17:20 - [MESSAGE][PASSED] - test.MobileKeywords.clickJS_ByXpath is PASSED

2019-12-15 08:17:20 - [TEST_STEP][PASSED] - click(findTestObject("mobileSanity/STM/STM Quote Page/js-close c-link-button")): Object: 'Object Repository/mobileSanity/STM/STM Quote Page/js-close c-link-button' is clicked on

2019-12-15 08:17:20 - [MESSAGE][PASSED] - Object: 'Object Repository/mobileSanity/STM/STM Quote Page/js-close c-link-button' is clicked on

2019-12-15 08:17:20 - [TEST_STEP][PASSED] - Thread.sleep(2000): null

2019-12-15 08:17:22 - [TEST_STEP][PASSED] - callTestCase(findTestCase("AHI/_include/get_screenshot"), [:], STOP_ON_FAILURE): Call Test Case 'Test Cases/AHI/_include/get_screenshot' successfully

2019-12-15 08:17:22 - [TEST_CASE][PASSED] - Test Cases/AHI/_include/get_screenshot: Test Cases/AHI/_include/get_screenshot

2019-12-15 08:17:22 - [TEST_STEP][PASSED] - takeScreenshot(screenPath + i + ".png"): Taking screenshot successfully

2019-12-15 08:17:22 - [MESSAGE][PASSED] - Taking screenshot successfully
[[ATTACHMENT|D:\\Test\\AgileTest\\Reports\\AHI\\stm\\20191215_080038\\../Screenshots/iPhone 6/stm/Everest/20191215_081653/3.png]]

2019-12-15 08:17:22 - [TEST_STEP][PASSED] - (internal.GlobalVariable.i++): null

2019-12-15 08:17:22 - [MESSAGE][PASSED] - Call Test Case 'Test Cases/AHI/_include/get_screenshot' successfully

2019-12-15 08:17:22 - [MESSAGE][PASSED] - Call Test Case 'Test Cases/AHI/_include/filter_stm' successfully

2019-12-15 08:17:22 - [TEST_STEP][PASSED] - callTestCase(findTestCase("AHI/_include/goToDetail_stm"), ["carrier":"everest-one"], STOP_ON_FAILURE): Call Test Case 'Test Cases/AHI/_include/goToDetail_stm' successfully

2019-12-15 08:17:22 - [TEST_CASE][PASSED] - Test Cases/AHI/_include/goToDetail_stm: Test Cases/AHI/_include/goToDetail_stm

2019-12-15 08:17:22 - [TEST_STEP][PASSED] - driver = getWebDriver(): null

2019-12-15 08:17:22 - [TEST_STEP][PASSED] - selenium = new com.thoughtworks.selenium.webdriven.WebDriverBackedSelenium(driver, internal.GlobalVariable.ENV): null

2019-12-15 08:17:22 - [TEST_STEP][PASSED] - a_plan_name = "xpath=//a[contains(@href,'/term-health-insurance/plan/" + carrier + "')]": null

2019-12-15 08:17:22 - [TEST_STEP][PASSED] - println(a_plan_name): null

2019-12-15 08:17:22 - [TEST_STEP][PASSED] - selenium.click(a_plan_name): null

2019-12-15 08:17:23 - [TEST_STEP][PASSED] - waitForPageLoad(20): Wait for page load successfully

2019-12-15 08:17:23 - [MESSAGE][PASSED] - Wait for page load successfully

2019-12-15 08:17:23 - [TEST_STEP][PASSED] - Thread.sleep(2000): null

2019-12-15 08:17:25 - [TEST_STEP][PASSED] - callTestCase(findTestCase("AHI/_include/get_screenshot"), [:], STOP_ON_FAILURE): Call Test Case 'Test Cases/AHI/_include/get_screenshot' successfully

2019-12-15 08:17:25 - [TEST_CASE][PASSED] - Test Cases/AHI/_include/get_screenshot: Test Cases/AHI/_include/get_screenshot

2019-12-15 08:17:25 - [TEST_STEP][PASSED] - takeScreenshot(screenPath + i + ".png"): Taking screenshot successfully

2019-12-15 08:17:26 - [MESSAGE][PASSED] - Taking screenshot successfully
[[ATTACHMENT|D:\\Test\\AgileTest\\Reports\\AHI\\stm\\20191215_080038\\../Screenshots/iPhone 6/stm/Everest/20191215_081653/4.png]]

2019-12-15 08:17:26 - [TEST_STEP][PASSED] - (internal.GlobalVariable.i++): null

2019-12-15 08:17:26 - [MESSAGE][PASSED] - Call Test Case 'Test Cases/AHI/_include/get_screenshot' successfully

2019-12-15 08:17:26 - [MESSAGE][PASSED] - Call Test Case 'Test Cases/AHI/_include/goToDetail_stm' successfully

2019-12-15 08:17:26 - [TEST_STEP][PASSED] - callTestCase(findTestCase("AHI/_include/apply_stm"), [:], STOP_ON_FAILURE): Call Test Case 'Test Cases/AHI/_include/apply_stm' successfully

2019-12-15 08:17:26 - [TEST_CASE][PASSED] - Test Cases/AHI/_include/apply_stm: Test Cases/AHI/_include/apply_stm

2019-12-15 08:17:26 - [TEST_STEP][PASSED] - waitForElementVisible(findTestObject("mobileSanity/STM/STM PlanDetail Page/a_Apply for This Plan"), 5): Object 'Object Repository/mobileSanity/STM/STM PlanDetail Page/a_Apply for This Plan' is visible

2019-12-15 08:17:26 - [MESSAGE][PASSED] - Object 'Object Repository/mobileSanity/STM/STM PlanDetail Page/a_Apply for This Plan' is visible

2019-12-15 08:17:26 - [TEST_STEP][PASSED] - click(findTestObject("mobileSanity/STM/STM PlanDetail Page/a_Apply for This Plan")): Object: 'Object Repository/mobileSanity/STM/STM PlanDetail Page/a_Apply for This Plan' is clicked on

2019-12-15 08:17:26 - [MESSAGE][PASSED] - Object: 'Object Repository/mobileSanity/STM/STM PlanDetail Page/a_Apply for This Plan' is clicked on

2019-12-15 08:17:26 - [TEST_STEP][PASSED] - waitForPageLoad(10): Wait for page load successfully

2019-12-15 08:17:26 - [MESSAGE][PASSED] - Wait for page load successfully

2019-12-15 08:17:26 - [TEST_STEP][PASSED] - Thread.sleep(2000): null

2019-12-15 08:17:28 - [TEST_STEP][PASSED] - callTestCase(findTestCase("AHI/_include/get_screenshot"), [:], STOP_ON_FAILURE): Call Test Case 'Test Cases/AHI/_include/get_screenshot' successfully

2019-12-15 08:17:28 - [TEST_CASE][PASSED] - Test Cases/AHI/_include/get_screenshot: Test Cases/AHI/_include/get_screenshot

2019-12-15 08:17:28 - [TEST_STEP][PASSED] - takeScreenshot(screenPath + i + ".png"): Taking screenshot successfully

2019-12-15 08:17:29 - [MESSAGE][PASSED] - Taking screenshot successfully
[[ATTACHMENT|D:\\Test\\AgileTest\\Reports\\AHI\\stm\\20191215_080038\\../Screenshots/iPhone 6/stm/Everest/20191215_081653/5.png]]

2019-12-15 08:17:29 - [TEST_STEP][PASSED] - (internal.GlobalVariable.i++): null

2019-12-15 08:17:29 - [MESSAGE][PASSED] - Call Test Case 'Test Cases/AHI/_include/get_screenshot' successfully

2019-12-15 08:17:29 - [TEST_STEP][PASSED] - waitForElementVisible(findTestObject("mobileSanity/STM/STM Apply Page/a_Start Secure Application"), 5): Object 'Object Repository/mobileSanity/STM/STM Apply Page/a_Start Secure Application' is visible

2019-12-15 08:17:30 - [MESSAGE][PASSED] - Object 'Object Repository/mobileSanity/STM/STM Apply Page/a_Start Secure Application' is visible

2019-12-15 08:17:30 - [TEST_STEP][PASSED] - click(findTestObject("mobileSanity/STM/STM Apply Page/a_Start Secure Application")): Object: 'Object Repository/mobileSanity/STM/STM Apply Page/a_Start Secure Application' is clicked on

2019-12-15 08:17:31 - [MESSAGE][PASSED] - Object: 'Object Repository/mobileSanity/STM/STM Apply Page/a_Start Secure Application' is clicked on

2019-12-15 08:17:31 - [TEST_STEP][PASSED] - waitForPageLoad(20): Wait for page load successfully

2019-12-15 08:17:31 - [MESSAGE][PASSED] - Wait for page load successfully

2019-12-15 08:17:31 - [TEST_STEP][PASSED] - Thread.sleep(2000): null

2019-12-15 08:17:33 - [TEST_STEP][PASSED] - callTestCase(findTestCase("AHI/_include/get_screenshot"), [:], STOP_ON_FAILURE): Call Test Case 'Test Cases/AHI/_include/get_screenshot' successfully

2019-12-15 08:17:33 - [TEST_CASE][PASSED] - Test Cases/AHI/_include/get_screenshot: Test Cases/AHI/_include/get_screenshot

2019-12-15 08:17:33 - [TEST_STEP][PASSED] - takeScreenshot(screenPath + i + ".png"): Taking screenshot successfully

2019-12-15 08:17:34 - [MESSAGE][PASSED] - Taking screenshot successfully
[[ATTACHMENT|D:\\Test\\AgileTest\\Reports\\AHI\\stm\\20191215_080038\\../Screenshots/iPhone 6/stm/Everest/20191215_081653/6.png]]

2019-12-15 08:17:34 - [TEST_STEP][PASSED] - (internal.GlobalVariable.i++): null

2019-12-15 08:17:34 - [MESSAGE][PASSED] - Call Test Case 'Test Cases/AHI/_include/get_screenshot' successfully

2019-12-15 08:17:34 - [MESSAGE][PASSED] - Call Test Case 'Test Cases/AHI/_include/apply_stm' successfully

2019-12-15 08:17:34 - [TEST_STEP][PASSED] - callTestCase(findTestCase("AHI/_include/goToEnd_stm_autofill"), [:], STOP_ON_FAILURE): Call Test Case 'Test Cases/AHI/_include/goToEnd_stm_autofill' successfully

2019-12-15 08:17:34 - [TEST_CASE][PASSED] - Test Cases/AHI/_include/goToEnd_stm_autofill: Test Cases/AHI/_include/goToEnd_stm_autofill

2019-12-15 08:17:34 - [TEST_STEP][PASSED] - callTestCase(findTestCase("AHI/_include/name"), [:], CONTINUE_ON_FAILURE): Call Test Case 'Test Cases/AHI/_include/name' successfully

2019-12-15 08:17:34 - [TEST_CASE][PASSED] - Test Cases/AHI/_include/name: Test Cases/AHI/_include/name

2019-12-15 08:17:34 - [TEST_STEP][PASSED] - driver = getWebDriver(): null

2019-12-15 08:17:34 - [TEST_STEP][PASSED] - selenium = new com.thoughtworks.selenium.webdriven.WebDriverBackedSelenium(driver, internal.GlobalVariable.ENV): null

2019-12-15 08:17:34 - [TEST_STEP][PASSED] - FirstName = "Test-123": null

2019-12-15 08:17:34 - [TEST_STEP][PASSED] - LastName = selenium.getEval("{var x="ABCDEFGHIJKLMNOPQRSTUVWXYZabcdefghijklmnopqrstuvwxyz"; var tmp="ZZ11-"; for (i=0;i<8;i++) tmp+=x.charAt(Math.ceil(51*Math.random()));tmp;}"): null

2019-12-15 08:17:34 - [TEST_STEP][PASSED] - Address = selenium.getEval("{var x="ABCDEFGHIJKLMNOPQRSTUVWXYZabcdefghijklmnopqrstuvwxyz"; var tmp=""; for (i=0;i<8;i++) tmp+=x.charAt(Math.ceil(51*Math.random()));tmp;}"): null

2019-12-15 08:17:34 - [TEST_STEP][PASSED] - City = selenium.getEval("{var x="ABCDEFGHIJKLMNOPQRSTUVWXYZabcdefghijklmnopqrstuvwxyz"; var tmp=""; for (i=0;i<8;i++) tmp+=x.charAt(Math.ceil(51*Math.random()));tmp;}"): null

2019-12-15 08:17:34 - [TEST_STEP][PASSED] - tel1 = selenium.getEval("{var x="123456789"; var tmp=""; for (i=0;i<3;i++) tmp+=x.charAt(Math.ceil(8*Math.random()));tmp;}"): null

2019-12-15 08:17:34 - [TEST_STEP][PASSED] - tel2 = selenium.getEval("{var x="123456789"; var tmp=""; for (i=0;i<3;i++) tmp+=x.charAt(Math.ceil(8*Math.random()));tmp;}"): null

2019-12-15 08:17:34 - [TEST_STEP][PASSED] - tel3 = selenium.getEval("{var x="123456789"; var tmp=""; for (i=0;i<4;i++) tmp+=x.charAt(Math.ceil(8*Math.random()));tmp;}"): null

2019-12-15 08:17:34 - [TEST_STEP][PASSED] - Tel = selenium.getExpression(tel1 + "-" + tel2 + "-" + tel3): null

2019-12-15 08:17:34 - [TEST_STEP][PASSED] - AutoEmail = selenium.getEval("{var x="ABCDEFGHIJKLMNOPQRSTUVWXYZabcdefghijklmnopqrstuvwxyz"; var tmp="test."; for (i=0;i<8;i++) tmp+=x.charAt(Math.ceil(51*Math.random()));tmp+="@suryani.cn";}"): null

2019-12-15 08:17:34 - [TEST_STEP][PASSED] - FirstName = FirstName: null

2019-12-15 08:17:34 - [TEST_STEP][PASSED] - LastName = LastName: null

2019-12-15 08:17:34 - [TEST_STEP][PASSED] - Address = Address: null

2019-12-15 08:17:34 - [TEST_STEP][PASSED] - City = City: null

2019-12-15 08:17:34 - [TEST_STEP][PASSED] - Tel = Tel: null

2019-12-15 08:17:34 - [TEST_STEP][PASSED] - AutoEmail = AutoEmail: null

2019-12-15 08:17:34 - [TEST_STEP][PASSED] - println(FirstName): null

2019-12-15 08:17:34 - [TEST_STEP][PASSED] - println(LastName): null

2019-12-15 08:17:34 - [TEST_STEP][PASSED] - println(Address): null

2019-12-15 08:17:34 - [TEST_STEP][PASSED] - println(City): null

2019-12-15 08:17:34 - [TEST_STEP][PASSED] - println(Tel): null

2019-12-15 08:17:34 - [TEST_STEP][PASSED] - println(AutoEmail): null

2019-12-15 08:17:34 - [MESSAGE][PASSED] - Call Test Case 'Test Cases/AHI/_include/name' successfully

2019-12-15 08:17:34 - [TEST_STEP][FAILED] - try: Unable to verify text 'Month Duration Acknowledgement' is present  (Root cause: com.kms.katalon.core.exception.StepFailedException: Text 'Month Duration Acknowledgement' is not present on page )

2019-12-15 08:17:34 - [TEST_STEP][FAILED] - if (verifyTextPresent("Month Duration Acknowledgement", false)): Unable to verify text 'Month Duration Acknowledgement' is present  (Root cause: com.kms.katalon.core.exception.StepFailedException: Text 'Month Duration Acknowledgement' is not present on page )

2019-12-15 08:17:34 - [MESSAGE][FAILED] - Text 'Month Duration Acknowledgement' is not present on page 

2019-12-15 08:17:34 - [MESSAGE][FAILED] - Unable to verify text 'Month Duration Acknowledgement' is present  (Root cause: com.kms.katalon.core.exception.StepFailedException: Text 'Month Duration Acknowledgement' is not present on page )
[[ATTACHMENT|D:\\Test\\AgileTest\\Reports\\AHI\\stm\\20191215_080038\\1576415854589.png]]

2019-12-15 08:17:34 - [TEST_STEP][PASSED] - catch (Exception e): null

2019-12-15 08:17:34 - [TEST_STEP][PASSED] - println("no consecutive"): null

2019-12-15 08:17:34 - [TEST_STEP][PASSED] - waitForPageLoad(10): Wait for page load successfully

2019-12-15 08:17:34 - [MESSAGE][PASSED] - Wait for page load successfully

2019-12-15 08:17:34 - [TEST_STEP][PASSED] - Thread.sleep(3000): null

2019-12-15 08:17:37 - [TEST_STEP][PASSED] - waitForElementVisible(findTestObject("mobileSanity/STM/Page_App Page 1/a_Autofill App Info"), 20): Object 'Object Repository/mobileSanity/STM/Page_App Page 1/a_Autofill App Info' is visible

2019-12-15 08:17:37 - [MESSAGE][PASSED] - Object 'Object Repository/mobileSanity/STM/Page_App Page 1/a_Autofill App Info' is visible

2019-12-15 08:17:37 - [TEST_STEP][PASSED] - click(findTestObject("mobileSanity/STM/Page_App Page 1/a_Autofill App Info")): Object: 'Object Repository/mobileSanity/STM/Page_App Page 1/a_Autofill App Info' is clicked on

2019-12-15 08:17:38 - [MESSAGE][PASSED] - Object: 'Object Repository/mobileSanity/STM/Page_App Page 1/a_Autofill App Info' is clicked on

2019-12-15 08:17:38 - [TEST_STEP][PASSED] - Thread.sleep(1000): null

2019-12-15 08:17:39 - [TEST_STEP][PASSED] - click(findTestObject("mobileSanity/STM/Page_App Page 1/a_Autofill App Info")): Object: 'Object Repository/mobileSanity/STM/Page_App Page 1/a_Autofill App Info' is clicked on

2019-12-15 08:17:39 - [MESSAGE][PASSED] - Object: 'Object Repository/mobileSanity/STM/Page_App Page 1/a_Autofill App Info' is clicked on

2019-12-15 08:17:39 - [TEST_STEP][PASSED] - Thread.sleep(1000): null

2019-12-15 08:17:40 - [TEST_STEP][PASSED] - waitForElementVisible(findTestObject("mobileSanity/STM/Page_App Page 1/a_Continue"), 20): Object 'Object Repository/mobileSanity/STM/Page_App Page 1/a_Continue' is visible

2019-12-15 08:17:40 - [MESSAGE][PASSED] - Object 'Object Repository/mobileSanity/STM/Page_App Page 1/a_Continue' is visible

2019-12-15 08:17:40 - [TEST_STEP][PASSED] - click(findTestObject("mobileSanity/STM/Page_App Page 1/a_Continue")): Object: 'Object Repository/mobileSanity/STM/Page_App Page 1/a_Continue' is clicked on

2019-12-15 08:17:40 - [MESSAGE][PASSED] - Object: 'Object Repository/mobileSanity/STM/Page_App Page 1/a_Continue' is clicked on

2019-12-15 08:17:40 - [TEST_STEP][PASSED] - waitForPageLoad(20): Wait for page load successfully

2019-12-15 08:17:40 - [MESSAGE][PASSED] - Wait for page load successfully

2019-12-15 08:17:40 - [TEST_STEP][PASSED] - Thread.sleep(5000): null

2019-12-15 08:17:45 - [TEST_STEP][PASSED] - callTestCase(findTestCase("AHI/_include/get_screenshot"), [:], STOP_ON_FAILURE): Call Test Case 'Test Cases/AHI/_include/get_screenshot' successfully

2019-12-15 08:17:45 - [TEST_CASE][PASSED] - Test Cases/AHI/_include/get_screenshot: Test Cases/AHI/_include/get_screenshot

2019-12-15 08:17:45 - [TEST_STEP][PASSED] - takeScreenshot(screenPath + i + ".png"): Taking screenshot successfully

2019-12-15 08:17:46 - [MESSAGE][PASSED] - Taking screenshot successfully
[[ATTACHMENT|D:\\Test\\AgileTest\\Reports\\AHI\\stm\\20191215_080038\\../Screenshots/iPhone 6/stm/Everest/20191215_081653/7.png]]

2019-12-15 08:17:46 - [TEST_STEP][PASSED] - (internal.GlobalVariable.i++): null

2019-12-15 08:17:46 - [MESSAGE][PASSED] - Call Test Case 'Test Cases/AHI/_include/get_screenshot' successfully

2019-12-15 08:17:46 - [TEST_STEP][PASSED] - click(findTestObject("mobileSanity/STM/Page_App Page 2/a_Continue to Step 3 - Payment")): Object: 'Object Repository/mobileSanity/STM/Page_App Page 2/a_Continue to Step 3 - Payment' is clicked on

2019-12-15 08:17:46 - [MESSAGE][PASSED] - Object: 'Object Repository/mobileSanity/STM/Page_App Page 2/a_Continue to Step 3 - Payment' is clicked on

2019-12-15 08:17:46 - [TEST_STEP][PASSED] - waitForPageLoad(20): Wait for page load successfully

2019-12-15 08:17:46 - [MESSAGE][PASSED] - Wait for page load successfully

2019-12-15 08:17:46 - [TEST_STEP][PASSED] - waitForElementVisible(findTestObject("mobileSanity/STM/Page_App Page 3/input__credit-card-cvv"), 20): Object 'Object Repository/mobileSanity/STM/Page_App Page 3/input__credit-card-cvv' is visible

2019-12-15 08:17:46 - [MESSAGE][PASSED] - Object 'Object Repository/mobileSanity/STM/Page_App Page 3/input__credit-card-cvv' is visible

2019-12-15 08:17:46 - [TEST_STEP][PASSED] - Thread.sleep(2000): null

2019-12-15 08:17:48 - [TEST_STEP][PASSED] - callTestCase(findTestCase("AHI/_include/get_screenshot"), [:], STOP_ON_FAILURE): Call Test Case 'Test Cases/AHI/_include/get_screenshot' successfully

2019-12-15 08:17:48 - [TEST_CASE][PASSED] - Test Cases/AHI/_include/get_screenshot: Test Cases/AHI/_include/get_screenshot

2019-12-15 08:17:48 - [TEST_STEP][PASSED] - takeScreenshot(screenPath + i + ".png"): Taking screenshot successfully

2019-12-15 08:17:48 - [MESSAGE][PASSED] - Taking screenshot successfully
[[ATTACHMENT|D:\\Test\\AgileTest\\Reports\\AHI\\stm\\20191215_080038\\../Screenshots/iPhone 6/stm/Everest/20191215_081653/8.png]]

2019-12-15 08:17:48 - [TEST_STEP][PASSED] - (internal.GlobalVariable.i++): null

2019-12-15 08:17:48 - [MESSAGE][PASSED] - Call Test Case 'Test Cases/AHI/_include/get_screenshot' successfully

2019-12-15 08:17:48 - [TEST_STEP][PASSED] - clearText(findTestObject("mobileSanity/STM/Page_App Page 3/input__credit-card-cvv")): Text of object 'Object Repository/mobileSanity/STM/Page_App Page 3/input__credit-card-cvv' is cleared

2019-12-15 08:17:48 - [MESSAGE][PASSED] - Text of object 'Object Repository/mobileSanity/STM/Page_App Page 3/input__credit-card-cvv' is cleared

2019-12-15 08:17:48 - [TEST_STEP][PASSED] - setText(findTestObject("mobileSanity/STM/Page_App Page 3/input__credit-card-cvv"), "123"): Text '123' is set on object 'Object Repository/mobileSanity/STM/Page_App Page 3/input__credit-card-cvv'

2019-12-15 08:17:49 - [MESSAGE][PASSED] - Text '123' is set on object 'Object Repository/mobileSanity/STM/Page_App Page 3/input__credit-card-cvv'

2019-12-15 08:17:49 - [TEST_STEP][PASSED] - click(findTestObject("mobileSanity/STM/Page_App Page 3/label_I Accept Authorization f")): Object: 'Object Repository/mobileSanity/STM/Page_App Page 3/label_I Accept Authorization f' is clicked on

2019-12-15 08:17:49 - [MESSAGE][PASSED] - Object: 'Object Repository/mobileSanity/STM/Page_App Page 3/label_I Accept Authorization f' is clicked on

2019-12-15 08:17:49 - [TEST_STEP][PASSED] - click(findTestObject("mobileSanity/STM/Page_App Page 3/a_Continue to Step 4 - Review")): Object: 'Object Repository/mobileSanity/STM/Page_App Page 3/a_Continue to Step 4 - Review' is clicked on

2019-12-15 08:17:49 - [MESSAGE][PASSED] - Object: 'Object Repository/mobileSanity/STM/Page_App Page 3/a_Continue to Step 4 - Review' is clicked on

2019-12-15 08:17:49 - [TEST_STEP][PASSED] - waitForPageLoad(10): Wait for page load successfully

2019-12-15 08:17:49 - [MESSAGE][PASSED] - Wait for page load successfully

2019-12-15 08:17:49 - [TEST_STEP][PASSED] - waitForElementClickable(findTestObject("mobileSanity/STM/Page_App Page 4/label"), 10): Object 'Object Repository/mobileSanity/STM/Page_App Page 4/label' is clickable

2019-12-15 08:17:50 - [MESSAGE][PASSED] - Object 'Object Repository/mobileSanity/STM/Page_App Page 4/label' is clickable

2019-12-15 08:17:50 - [TEST_STEP][PASSED] - Thread.sleep(2000): null

2019-12-15 08:17:52 - [TEST_STEP][PASSED] - callTestCase(findTestCase("AHI/_include/get_screenshot"), [:], STOP_ON_FAILURE): Call Test Case 'Test Cases/AHI/_include/get_screenshot' successfully

2019-12-15 08:17:52 - [TEST_CASE][PASSED] - Test Cases/AHI/_include/get_screenshot: Test Cases/AHI/_include/get_screenshot

2019-12-15 08:17:52 - [TEST_STEP][PASSED] - takeScreenshot(screenPath + i + ".png"): Taking screenshot successfully

2019-12-15 08:17:52 - [MESSAGE][PASSED] - Taking screenshot successfully
[[ATTACHMENT|D:\\Test\\AgileTest\\Reports\\AHI\\stm\\20191215_080038\\../Screenshots/iPhone 6/stm/Everest/20191215_081653/9.png]]

2019-12-15 08:17:52 - [TEST_STEP][PASSED] - (internal.GlobalVariable.i++): null

2019-12-15 08:17:52 - [MESSAGE][PASSED] - Call Test Case 'Test Cases/AHI/_include/get_screenshot' successfully

2019-12-15 08:17:52 - [TEST_STEP][PASSED] - click(findTestObject("mobileSanity/STM/Page_App Page 4/label")): Object: 'Object Repository/mobileSanity/STM/Page_App Page 4/label' is clicked on

2019-12-15 08:17:52 - [MESSAGE][PASSED] - Object: 'Object Repository/mobileSanity/STM/Page_App Page 4/label' is clicked on

2019-12-15 08:17:52 - [TEST_STEP][PASSED] - click(findTestObject("mobileSanity/STM/Page_App Page 4/div_CLICK TO SIGN")): Object: 'Object Repository/mobileSanity/STM/Page_App Page 4/div_CLICK TO SIGN' is clicked on

2019-12-15 08:17:52 - [MESSAGE][PASSED] - Object: 'Object Repository/mobileSanity/STM/Page_App Page 4/div_CLICK TO SIGN' is clicked on

2019-12-15 08:17:52 - [TEST_STEP][PASSED] - click(findTestObject("mobileSanity/STM/Page_App Page 4/a_Submit Your Application")): Object: 'Object Repository/mobileSanity/STM/Page_App Page 4/a_Submit Your Application' is clicked on

2019-12-15 08:17:53 - [MESSAGE][PASSED] - Object: 'Object Repository/mobileSanity/STM/Page_App Page 4/a_Submit Your Application' is clicked on

2019-12-15 08:17:53 - [TEST_STEP][PASSED] - Thread.sleep(30000): null

2019-12-15 08:18:23 - [TEST_STEP][PASSED] - waitForElementPresent(findTestObject("mobileSanity/STM/Page_App Page 6/app-page-wrapper"), 20): Object 'Object Repository/mobileSanity/STM/Page_App Page 6/app-page-wrapper' is present

2019-12-15 08:18:23 - [MESSAGE][PASSED] - Object 'Object Repository/mobileSanity/STM/Page_App Page 6/app-page-wrapper' is present

2019-12-15 08:18:23 - [TEST_STEP][PASSED] - callTestCase(findTestCase("AHI/_include/get_screenshot"), [:], STOP_ON_FAILURE): Call Test Case 'Test Cases/AHI/_include/get_screenshot' successfully

2019-12-15 08:18:23 - [TEST_CASE][PASSED] - Test Cases/AHI/_include/get_screenshot: Test Cases/AHI/_include/get_screenshot

2019-12-15 08:18:23 - [TEST_STEP][PASSED] - takeScreenshot(screenPath + i + ".png"): Taking screenshot successfully

2019-12-15 08:18:23 - [MESSAGE][PASSED] - Taking screenshot successfully
[[ATTACHMENT|D:\\Test\\AgileTest\\Reports\\AHI\\stm\\20191215_080038\\../Screenshots/iPhone 6/stm/Everest/20191215_081653/10.png]]

2019-12-15 08:18:23 - [TEST_STEP][PASSED] - (internal.GlobalVariable.i++): null

2019-12-15 08:18:23 - [MESSAGE][PASSED] - Call Test Case 'Test Cases/AHI/_include/get_screenshot' successfully

2019-12-15 08:18:23 - [MESSAGE][PASSED] - Call Test Case 'Test Cases/AHI/_include/goToEnd_stm_autofill' successfully]]></system-out>
         <system-err><![CDATA[]]></system-err>
      </testcase>
      <testcase name="Test Cases/AHI/stm/NationalGeneral" classname="Test Cases/AHI/stm/NationalGeneral" status="PASSED">
         <system-out><![CDATA[2019-12-15 08:18:23 - [TEST_CASE][PASSED] - Test Cases/AHI/stm/NationalGeneral: Test Cases/AHI/stm/NationalGeneral

2019-12-15 08:18:23 - [TEST_STEP][PASSED] - callTestCase(findTestCase("AHI/_include/get_screenPath"), ["productLine":"stm", "carrierName":"National General"], CONTINUE_ON_FAILURE): Call Test Case 'Test Cases/AHI/_include/get_screenPath' successfully

2019-12-15 08:18:23 - [TEST_CASE][PASSED] - Test Cases/AHI/_include/get_screenPath: Test Cases/AHI/_include/get_screenPath

2019-12-15 08:18:23 - [TEST_STEP][PASSED] - m = getExecutionProperties(): null

2019-12-15 08:18:23 - [TEST_STEP][PASSED] - deviceName = get("mobileEmulation").get("deviceName"): null

2019-12-15 08:18:23 - [TEST_STEP][PASSED] - println(deviceName): null

2019-12-15 08:18:23 - [TEST_STEP][PASSED] - now = new java.util.Date(): null

2019-12-15 08:18:23 - [TEST_STEP][PASSED] - mydate = now.format("yyyyMMdd_HHmmss"): null

2019-12-15 08:18:23 - [TEST_STEP][PASSED] - screenPath = "../Screenshots/": null

2019-12-15 08:18:23 - [TEST_STEP][PASSED] - screenPath = screenPath + deviceName + "/" + productLine + "/" + carrierName + "/" + mydate + "/": null

2019-12-15 08:18:23 - [TEST_STEP][PASSED] - println(screenPath): null

2019-12-15 08:18:23 - [MESSAGE][PASSED] - Call Test Case 'Test Cases/AHI/_include/get_screenPath' successfully

2019-12-15 08:18:23 - [TEST_STEP][PASSED] - i = 0: null

2019-12-15 08:18:23 - [TEST_STEP][PASSED] - callTestCase(findTestCase("AHI/_include/openWebSite"), [:], CONTINUE_ON_FAILURE): Call Test Case 'Test Cases/AHI/_include/openWebSite' successfully

2019-12-15 08:18:23 - [TEST_CASE][PASSED] - Test Cases/AHI/_include/openWebSite: Test Cases/AHI/_include/openWebSite

2019-12-15 08:18:23 - [TEST_STEP][PASSED] - openBrowser(env): Browser is opened with url: 'https://praetemptatus.agilehealthinsurance.com'

2019-12-15 08:18:23 - [MESSAGE][WARNING] - A browser is already opened. Closing browser and opening a new one

2019-12-15 08:18:25 - [MESSAGE][INFO] - Starting 'Chrome' driver

2019-12-15 08:18:25 - [MESSAGE][INFO] - User set preference: ['mobileEmulation', '{deviceName=iPhone 6}']

2019-12-15 08:18:25 - [MESSAGE][INFO] - User set preference: ['args', '[--incognito, --aggressive-cache-discard, --window-size=375,677, --no-sandbox]']

2019-12-15 08:18:27 - [MESSAGE][PASSED] - Browser is opened with url: 'https://praetemptatus.agilehealthinsurance.com'

2019-12-15 08:18:27 - [TEST_STEP][PASSED] - waitForPageLoad(20): Wait for page load successfully

2019-12-15 08:18:27 - [MESSAGE][PASSED] - Wait for page load successfully

2019-12-15 08:18:27 - [TEST_STEP][PASSED] - callTestCase(findTestCase("AHI/_include/get_screenshot"), [:], STOP_ON_FAILURE): Call Test Case 'Test Cases/AHI/_include/get_screenshot' successfully

2019-12-15 08:18:27 - [TEST_CASE][PASSED] - Test Cases/AHI/_include/get_screenshot: Test Cases/AHI/_include/get_screenshot

2019-12-15 08:18:27 - [TEST_STEP][PASSED] - takeScreenshot(screenPath + i + ".png"): Taking screenshot successfully

2019-12-15 08:18:28 - [MESSAGE][PASSED] - Taking screenshot successfully
[[ATTACHMENT|D:\\Test\\AgileTest\\Reports\\AHI\\stm\\20191215_080038\\../Screenshots/iPhone 6/stm/National General/20191215_081823/0.png]]

2019-12-15 08:18:28 - [TEST_STEP][PASSED] - (internal.GlobalVariable.i++): null

2019-12-15 08:18:28 - [MESSAGE][PASSED] - Call Test Case 'Test Cases/AHI/_include/get_screenshot' successfully

2019-12-15 08:18:28 - [MESSAGE][PASSED] - Call Test Case 'Test Cases/AHI/_include/openWebSite' successfully

2019-12-15 08:18:28 - [TEST_STEP][PASSED] - callTestCase(findTestCase("AHI/_include/census_stm"), [:], CONTINUE_ON_FAILURE): Call Test Case 'Test Cases/AHI/_include/census_stm' successfully

2019-12-15 08:18:29 - [TEST_CASE][PASSED] - Test Cases/AHI/_include/census_stm: Test Cases/AHI/_include/census_stm

2019-12-15 08:18:29 - [TEST_STEP][PASSED] - waitForElementClickable(findTestObject("mobileSanity/STM/Home Page/a_Quote  Save Today"), 10): Object 'Object Repository/mobileSanity/STM/Home Page/a_Quote  Save Today' is clickable

2019-12-15 08:18:29 - [MESSAGE][PASSED] - Object 'Object Repository/mobileSanity/STM/Home Page/a_Quote  Save Today' is clickable

2019-12-15 08:18:29 - [TEST_STEP][PASSED] - click(findTestObject("mobileSanity/STM/Home Page/a_Quote  Save Today")): Object: 'Object Repository/mobileSanity/STM/Home Page/a_Quote  Save Today' is clicked on

2019-12-15 08:18:29 - [MESSAGE][PASSED] - Object: 'Object Repository/mobileSanity/STM/Home Page/a_Quote  Save Today' is clicked on

2019-12-15 08:18:29 - [TEST_STEP][PASSED] - waitForPageLoad(10): Wait for page load successfully

2019-12-15 08:18:29 - [MESSAGE][PASSED] - Wait for page load successfully

2019-12-15 08:18:29 - [TEST_STEP][PASSED] - callTestCase(findTestCase("AHI/_include/get_screenshot"), [:], STOP_ON_FAILURE): Call Test Case 'Test Cases/AHI/_include/get_screenshot' successfully

2019-12-15 08:18:29 - [TEST_CASE][PASSED] - Test Cases/AHI/_include/get_screenshot: Test Cases/AHI/_include/get_screenshot

2019-12-15 08:18:29 - [TEST_STEP][PASSED] - takeScreenshot(screenPath + i + ".png"): Taking screenshot successfully

2019-12-15 08:18:30 - [MESSAGE][PASSED] - Taking screenshot successfully
[[ATTACHMENT|D:\\Test\\AgileTest\\Reports\\AHI\\stm\\20191215_080038\\../Screenshots/iPhone 6/stm/National General/20191215_081823/1.png]]

2019-12-15 08:18:30 - [TEST_STEP][PASSED] - (internal.GlobalVariable.i++): null

2019-12-15 08:18:30 - [MESSAGE][PASSED] - Call Test Case 'Test Cases/AHI/_include/get_screenshot' successfully

2019-12-15 08:18:30 - [TEST_STEP][PASSED] - setText(findTestObject("mobileSanity/STM/STM Census Page/input_Location_zip-input"), zipcode): Text '35215' is set on object 'Object Repository/mobileSanity/STM/STM Census Page/input_Location_zip-input'

2019-12-15 08:18:30 - [MESSAGE][PASSED] - Text '35215' is set on object 'Object Repository/mobileSanity/STM/STM Census Page/input_Location_zip-input'

2019-12-15 08:18:30 - [TEST_STEP][PASSED] - Thread.sleep(500): null

2019-12-15 08:18:31 - [TEST_STEP][PASSED] - setText(findTestObject("mobileSanity/STM/STM Census Page/input_Date of Birth_dob-0"), "03031987"): Text '03031987' is set on object 'Object Repository/mobileSanity/STM/STM Census Page/input_Date of Birth_dob-0'

2019-12-15 08:18:31 - [MESSAGE][PASSED] - Text '03031987' is set on object 'Object Repository/mobileSanity/STM/STM Census Page/input_Date of Birth_dob-0'

2019-12-15 08:18:31 - [TEST_STEP][PASSED] - click(findTestObject("mobileSanity/STM/STM Census Page/label_Male")): Object: 'Object Repository/mobileSanity/STM/STM Census Page/label_Male' is clicked on

2019-12-15 08:18:31 - [MESSAGE][PASSED] - Object: 'Object Repository/mobileSanity/STM/STM Census Page/label_Male' is clicked on

2019-12-15 08:18:31 - [TEST_STEP][PASSED] - click(findTestObject("mobileSanity/STM/STM Census Page/label_Compare Plans")): Object: 'Object Repository/mobileSanity/STM/STM Census Page/label_Compare Plans' is clicked on

2019-12-15 08:18:32 - [MESSAGE][PASSED] - Object: 'Object Repository/mobileSanity/STM/STM Census Page/label_Compare Plans' is clicked on

2019-12-15 08:18:32 - [TEST_STEP][PASSED] - waitForElementVisible(findTestObject("mobileSanity/STM/STM Quote Page/button_sort"), 20): Object 'Object Repository/mobileSanity/STM/STM Quote Page/button_sort' is visible

2019-12-15 08:18:33 - [MESSAGE][PASSED] - Object 'Object Repository/mobileSanity/STM/STM Quote Page/button_sort' is visible

2019-12-15 08:18:33 - [TEST_STEP][PASSED] - Thread.sleep(3000): null

2019-12-15 08:18:36 - [TEST_STEP][PASSED] - callTestCase(findTestCase("AHI/_include/check_quoteleadform"), [:], STOP_ON_FAILURE): Call Test Case 'Test Cases/AHI/_include/check_quoteleadform' successfully

2019-12-15 08:18:36 - [TEST_CASE][PASSED] - Test Cases/AHI/_include/check_quoteleadform: Test Cases/AHI/_include/check_quoteleadform

2019-12-15 08:18:36 - [TEST_STEP][PASSED] - callTestCase(findTestCase("AHI/_include/name"), [:], CONTINUE_ON_FAILURE): Call Test Case 'Test Cases/AHI/_include/name' successfully

2019-12-15 08:18:36 - [TEST_CASE][PASSED] - Test Cases/AHI/_include/name: Test Cases/AHI/_include/name

2019-12-15 08:18:36 - [TEST_STEP][PASSED] - driver = getWebDriver(): null

2019-12-15 08:18:36 - [TEST_STEP][PASSED] - selenium = new com.thoughtworks.selenium.webdriven.WebDriverBackedSelenium(driver, internal.GlobalVariable.ENV): null

2019-12-15 08:18:36 - [TEST_STEP][PASSED] - FirstName = "Test-123": null

2019-12-15 08:18:36 - [TEST_STEP][PASSED] - LastName = selenium.getEval("{var x="ABCDEFGHIJKLMNOPQRSTUVWXYZabcdefghijklmnopqrstuvwxyz"; var tmp="ZZ11-"; for (i=0;i<8;i++) tmp+=x.charAt(Math.ceil(51*Math.random()));tmp;}"): null

2019-12-15 08:18:36 - [TEST_STEP][PASSED] - Address = selenium.getEval("{var x="ABCDEFGHIJKLMNOPQRSTUVWXYZabcdefghijklmnopqrstuvwxyz"; var tmp=""; for (i=0;i<8;i++) tmp+=x.charAt(Math.ceil(51*Math.random()));tmp;}"): null

2019-12-15 08:18:36 - [TEST_STEP][PASSED] - City = selenium.getEval("{var x="ABCDEFGHIJKLMNOPQRSTUVWXYZabcdefghijklmnopqrstuvwxyz"; var tmp=""; for (i=0;i<8;i++) tmp+=x.charAt(Math.ceil(51*Math.random()));tmp;}"): null

2019-12-15 08:18:36 - [TEST_STEP][PASSED] - tel1 = selenium.getEval("{var x="123456789"; var tmp=""; for (i=0;i<3;i++) tmp+=x.charAt(Math.ceil(8*Math.random()));tmp;}"): null

2019-12-15 08:18:36 - [TEST_STEP][PASSED] - tel2 = selenium.getEval("{var x="123456789"; var tmp=""; for (i=0;i<3;i++) tmp+=x.charAt(Math.ceil(8*Math.random()));tmp;}"): null

2019-12-15 08:18:36 - [TEST_STEP][PASSED] - tel3 = selenium.getEval("{var x="123456789"; var tmp=""; for (i=0;i<4;i++) tmp+=x.charAt(Math.ceil(8*Math.random()));tmp;}"): null

2019-12-15 08:18:36 - [TEST_STEP][PASSED] - Tel = selenium.getExpression(tel1 + "-" + tel2 + "-" + tel3): null

2019-12-15 08:18:36 - [TEST_STEP][PASSED] - AutoEmail = selenium.getEval("{var x="ABCDEFGHIJKLMNOPQRSTUVWXYZabcdefghijklmnopqrstuvwxyz"; var tmp="test."; for (i=0;i<8;i++) tmp+=x.charAt(Math.ceil(51*Math.random()));tmp+="@suryani.cn";}"): null

2019-12-15 08:18:37 - [TEST_STEP][PASSED] - FirstName = FirstName: null

2019-12-15 08:18:37 - [TEST_STEP][PASSED] - LastName = LastName: null

2019-12-15 08:18:37 - [TEST_STEP][PASSED] - Address = Address: null

2019-12-15 08:18:37 - [TEST_STEP][PASSED] - City = City: null

2019-12-15 08:18:37 - [TEST_STEP][PASSED] - Tel = Tel: null

2019-12-15 08:18:37 - [TEST_STEP][PASSED] - AutoEmail = AutoEmail: null

2019-12-15 08:18:37 - [TEST_STEP][PASSED] - println(FirstName): null

2019-12-15 08:18:37 - [TEST_STEP][PASSED] - println(LastName): null

2019-12-15 08:18:37 - [TEST_STEP][PASSED] - println(Address): null

2019-12-15 08:18:37 - [TEST_STEP][PASSED] - println(City): null

2019-12-15 08:18:37 - [TEST_STEP][PASSED] - println(Tel): null

2019-12-15 08:18:37 - [TEST_STEP][PASSED] - println(AutoEmail): null

2019-12-15 08:18:37 - [MESSAGE][PASSED] - Call Test Case 'Test Cases/AHI/_include/name' successfully

2019-12-15 08:18:37 - [TEST_STEP][PASSED] - leadform_exist = test.MobileKeywords.isElementPresent_Web(findTestObject("mobileSanity/quote lead form/lead_form"), 20): test.MobileKeywords.isElementPresent_Web is PASSED

2019-12-15 08:18:37 - [MESSAGE][PASSED] - test.MobileKeywords.isElementPresent_Web is PASSED

2019-12-15 08:18:37 - [TEST_STEP][PASSED] - if (leadform_exist): null

2019-12-15 08:18:37 - [TEST_STEP][PASSED] - setText(findTestObject("mobileSanity/quote lead form/first"), FirstName): Text 'Test-123' is set on object 'Object Repository/mobileSanity/quote lead form/first'

2019-12-15 08:18:38 - [MESSAGE][PASSED] - Text 'Test-123' is set on object 'Object Repository/mobileSanity/quote lead form/first'

2019-12-15 08:18:38 - [TEST_STEP][PASSED] - setText(findTestObject("mobileSanity/quote lead form/last"), LastName): Text 'ZZ11-PKdhQVwr' is set on object 'Object Repository/mobileSanity/quote lead form/last'

2019-12-15 08:18:41 - [MESSAGE][PASSED] - Text 'ZZ11-PKdhQVwr' is set on object 'Object Repository/mobileSanity/quote lead form/last'

2019-12-15 08:18:41 - [TEST_STEP][PASSED] - setText(findTestObject("mobileSanity/quote lead form/email"), AutoEmail): Text 'test.sJXKEZIr@suryani.cn' is set on object 'Object Repository/mobileSanity/quote lead form/email'

2019-12-15 08:18:41 - [MESSAGE][PASSED] - Text 'test.sJXKEZIr@suryani.cn' is set on object 'Object Repository/mobileSanity/quote lead form/email'

2019-12-15 08:18:41 - [TEST_STEP][PASSED] - setText(findTestObject("mobileSanity/quote lead form/phone"), Tel): Text '383-735-6237' is set on object 'Object Repository/mobileSanity/quote lead form/phone'

2019-12-15 08:18:42 - [MESSAGE][PASSED] - Text '383-735-6237' is set on object 'Object Repository/mobileSanity/quote lead form/phone'

2019-12-15 08:18:42 - [TEST_STEP][PASSED] - click(findTestObject("mobileSanity/quote lead form/submit")): Object: 'Object Repository/mobileSanity/quote lead form/submit' is clicked on

2019-12-15 08:18:43 - [MESSAGE][PASSED] - Object: 'Object Repository/mobileSanity/quote lead form/submit' is clicked on

2019-12-15 08:18:43 - [TEST_STEP][PASSED] - Thread.sleep(3000): null

2019-12-15 08:18:46 - [MESSAGE][PASSED] - Call Test Case 'Test Cases/AHI/_include/check_quoteleadform' successfully

2019-12-15 08:18:46 - [TEST_STEP][PASSED] - callTestCase(findTestCase("AHI/_include/get_screenshot"), [:], STOP_ON_FAILURE): Call Test Case 'Test Cases/AHI/_include/get_screenshot' successfully

2019-12-15 08:18:46 - [TEST_CASE][PASSED] - Test Cases/AHI/_include/get_screenshot: Test Cases/AHI/_include/get_screenshot

2019-12-15 08:18:46 - [TEST_STEP][PASSED] - takeScreenshot(screenPath + i + ".png"): Taking screenshot successfully

2019-12-15 08:18:47 - [MESSAGE][PASSED] - Taking screenshot successfully
[[ATTACHMENT|D:\\Test\\AgileTest\\Reports\\AHI\\stm\\20191215_080038\\../Screenshots/iPhone 6/stm/National General/20191215_081823/2.png]]

2019-12-15 08:18:47 - [TEST_STEP][PASSED] - (internal.GlobalVariable.i++): null

2019-12-15 08:18:47 - [MESSAGE][PASSED] - Call Test Case 'Test Cases/AHI/_include/get_screenshot' successfully

2019-12-15 08:18:47 - [TEST_STEP][PASSED] - Thread.sleep(1000): null

2019-12-15 08:18:48 - [MESSAGE][PASSED] - Call Test Case 'Test Cases/AHI/_include/census_stm' successfully

2019-12-15 08:18:48 - [TEST_STEP][PASSED] - callTestCase(findTestCase("AHI/_include/filter_stm"), ["carrier":"nationalgeneral"], STOP_ON_FAILURE): Call Test Case 'Test Cases/AHI/_include/filter_stm' successfully

2019-12-15 08:18:48 - [TEST_CASE][PASSED] - Test Cases/AHI/_include/filter_stm: Test Cases/AHI/_include/filter_stm

2019-12-15 08:18:48 - [TEST_STEP][PASSED] - driver = getWebDriver(): null

2019-12-15 08:18:48 - [TEST_STEP][PASSED] - selenium = new com.thoughtworks.selenium.webdriven.WebDriverBackedSelenium(driver, internal.GlobalVariable.ENV): null

2019-12-15 08:18:48 - [TEST_STEP][PASSED] - Thread.sleep(1000): null

2019-12-15 08:18:49 - [TEST_STEP][PASSED] - click(findTestObject("mobileSanity/STM/STM Quote Page/button_filters")): Object: 'Object Repository/mobileSanity/STM/STM Quote Page/button_filters' is clicked on

2019-12-15 08:18:49 - [MESSAGE][PASSED] - Object: 'Object Repository/mobileSanity/STM/STM Quote Page/button_filters' is clicked on

2019-12-15 08:18:49 - [TEST_STEP][PASSED] - Thread.sleep(1000): null

2019-12-15 08:18:50 - [TEST_STEP][PASSED] - click(findTestObject("mobileSanity/STM/STM Quote Page/i_Insurance company")): Object: 'Object Repository/mobileSanity/STM/STM Quote Page/i_Insurance company' is clicked on

2019-12-15 08:18:51 - [MESSAGE][PASSED] - Object: 'Object Repository/mobileSanity/STM/STM Quote Page/i_Insurance company' is clicked on

2019-12-15 08:18:51 - [TEST_STEP][PASSED] - Thread.sleep(1000): null

2019-12-15 08:18:52 - [TEST_STEP][PASSED] - filter_carrier = "//input[@name='filter[carrier]' and @value='" + carrier + "']/following::label": null

2019-12-15 08:18:52 - [TEST_STEP][PASSED] - println(filter_carrier): null

2019-12-15 08:18:52 - [TEST_STEP][PASSED] - test.MobileKeywords.clickJS_ByXpath(filter_carrier): test.MobileKeywords.clickJS_ByXpath is PASSED

2019-12-15 08:18:52 - [MESSAGE][PASSED] - Execute JavaScript 'arguments[0].click()' successfully

2019-12-15 08:18:52 - [MESSAGE][PASSED] - test.MobileKeywords.clickJS_ByXpath is PASSED

2019-12-15 08:18:52 - [TEST_STEP][PASSED] - click(findTestObject("mobileSanity/STM/STM Quote Page/js-close c-link-button")): Object: 'Object Repository/mobileSanity/STM/STM Quote Page/js-close c-link-button' is clicked on

2019-12-15 08:18:52 - [MESSAGE][PASSED] - Object: 'Object Repository/mobileSanity/STM/STM Quote Page/js-close c-link-button' is clicked on

2019-12-15 08:18:52 - [TEST_STEP][PASSED] - Thread.sleep(2000): null

2019-12-15 08:18:54 - [TEST_STEP][PASSED] - callTestCase(findTestCase("AHI/_include/get_screenshot"), [:], STOP_ON_FAILURE): Call Test Case 'Test Cases/AHI/_include/get_screenshot' successfully

2019-12-15 08:18:54 - [TEST_CASE][PASSED] - Test Cases/AHI/_include/get_screenshot: Test Cases/AHI/_include/get_screenshot

2019-12-15 08:18:54 - [TEST_STEP][PASSED] - takeScreenshot(screenPath + i + ".png"): Taking screenshot successfully

2019-12-15 08:18:54 - [MESSAGE][PASSED] - Taking screenshot successfully
[[ATTACHMENT|D:\\Test\\AgileTest\\Reports\\AHI\\stm\\20191215_080038\\../Screenshots/iPhone 6/stm/National General/20191215_081823/3.png]]

2019-12-15 08:18:54 - [TEST_STEP][PASSED] - (internal.GlobalVariable.i++): null

2019-12-15 08:18:54 - [MESSAGE][PASSED] - Call Test Case 'Test Cases/AHI/_include/get_screenshot' successfully

2019-12-15 08:18:54 - [MESSAGE][PASSED] - Call Test Case 'Test Cases/AHI/_include/filter_stm' successfully

2019-12-15 08:18:54 - [TEST_STEP][PASSED] - callTestCase(findTestCase("AHI/_include/goToDetail_stm"), ["carrier":"nationalgeneral"], STOP_ON_FAILURE): Call Test Case 'Test Cases/AHI/_include/goToDetail_stm' successfully

2019-12-15 08:18:55 - [TEST_CASE][PASSED] - Test Cases/AHI/_include/goToDetail_stm: Test Cases/AHI/_include/goToDetail_stm

2019-12-15 08:18:55 - [TEST_STEP][PASSED] - driver = getWebDriver(): null

2019-12-15 08:18:55 - [TEST_STEP][PASSED] - selenium = new com.thoughtworks.selenium.webdriven.WebDriverBackedSelenium(driver, internal.GlobalVariable.ENV): null

2019-12-15 08:18:55 - [TEST_STEP][PASSED] - a_plan_name = "xpath=//a[contains(@href,'/term-health-insurance/plan/" + carrier + "')]": null

2019-12-15 08:18:55 - [TEST_STEP][PASSED] - println(a_plan_name): null

2019-12-15 08:18:55 - [TEST_STEP][PASSED] - selenium.click(a_plan_name): null

2019-12-15 08:18:55 - [TEST_STEP][PASSED] - waitForPageLoad(20): Wait for page load successfully

2019-12-15 08:18:55 - [MESSAGE][PASSED] - Wait for page load successfully

2019-12-15 08:18:55 - [TEST_STEP][PASSED] - Thread.sleep(2000): null

2019-12-15 08:18:57 - [TEST_STEP][PASSED] - callTestCase(findTestCase("AHI/_include/get_screenshot"), [:], STOP_ON_FAILURE): Call Test Case 'Test Cases/AHI/_include/get_screenshot' successfully

2019-12-15 08:18:57 - [TEST_CASE][PASSED] - Test Cases/AHI/_include/get_screenshot: Test Cases/AHI/_include/get_screenshot

2019-12-15 08:18:57 - [TEST_STEP][PASSED] - takeScreenshot(screenPath + i + ".png"): Taking screenshot successfully

2019-12-15 08:18:58 - [MESSAGE][PASSED] - Taking screenshot successfully
[[ATTACHMENT|D:\\Test\\AgileTest\\Reports\\AHI\\stm\\20191215_080038\\../Screenshots/iPhone 6/stm/National General/20191215_081823/4.png]]

2019-12-15 08:18:58 - [TEST_STEP][PASSED] - (internal.GlobalVariable.i++): null

2019-12-15 08:18:58 - [MESSAGE][PASSED] - Call Test Case 'Test Cases/AHI/_include/get_screenshot' successfully

2019-12-15 08:18:58 - [MESSAGE][PASSED] - Call Test Case 'Test Cases/AHI/_include/goToDetail_stm' successfully

2019-12-15 08:18:58 - [TEST_STEP][PASSED] - callTestCase(findTestCase("AHI/_include/apply_stm"), [:], STOP_ON_FAILURE): Call Test Case 'Test Cases/AHI/_include/apply_stm' successfully

2019-12-15 08:18:58 - [TEST_CASE][PASSED] - Test Cases/AHI/_include/apply_stm: Test Cases/AHI/_include/apply_stm

2019-12-15 08:18:58 - [TEST_STEP][PASSED] - waitForElementVisible(findTestObject("mobileSanity/STM/STM PlanDetail Page/a_Apply for This Plan"), 5): Object 'Object Repository/mobileSanity/STM/STM PlanDetail Page/a_Apply for This Plan' is visible

2019-12-15 08:18:58 - [MESSAGE][PASSED] - Object 'Object Repository/mobileSanity/STM/STM PlanDetail Page/a_Apply for This Plan' is visible

2019-12-15 08:18:58 - [TEST_STEP][PASSED] - click(findTestObject("mobileSanity/STM/STM PlanDetail Page/a_Apply for This Plan")): Object: 'Object Repository/mobileSanity/STM/STM PlanDetail Page/a_Apply for This Plan' is clicked on

2019-12-15 08:18:58 - [MESSAGE][PASSED] - Object: 'Object Repository/mobileSanity/STM/STM PlanDetail Page/a_Apply for This Plan' is clicked on

2019-12-15 08:18:58 - [TEST_STEP][PASSED] - waitForPageLoad(10): Wait for page load successfully

2019-12-15 08:18:59 - [MESSAGE][PASSED] - Wait for page load successfully

2019-12-15 08:18:59 - [TEST_STEP][PASSED] - Thread.sleep(2000): null

2019-12-15 08:19:01 - [TEST_STEP][PASSED] - callTestCase(findTestCase("AHI/_include/get_screenshot"), [:], STOP_ON_FAILURE): Call Test Case 'Test Cases/AHI/_include/get_screenshot' successfully

2019-12-15 08:19:01 - [TEST_CASE][PASSED] - Test Cases/AHI/_include/get_screenshot: Test Cases/AHI/_include/get_screenshot

2019-12-15 08:19:01 - [TEST_STEP][PASSED] - takeScreenshot(screenPath + i + ".png"): Taking screenshot successfully

2019-12-15 08:19:01 - [MESSAGE][PASSED] - Taking screenshot successfully
[[ATTACHMENT|D:\\Test\\AgileTest\\Reports\\AHI\\stm\\20191215_080038\\../Screenshots/iPhone 6/stm/National General/20191215_081823/5.png]]

2019-12-15 08:19:01 - [TEST_STEP][PASSED] - (internal.GlobalVariable.i++): null

2019-12-15 08:19:01 - [MESSAGE][PASSED] - Call Test Case 'Test Cases/AHI/_include/get_screenshot' successfully

2019-12-15 08:19:01 - [TEST_STEP][PASSED] - waitForElementVisible(findTestObject("mobileSanity/STM/STM Apply Page/a_Start Secure Application"), 5): Object 'Object Repository/mobileSanity/STM/STM Apply Page/a_Start Secure Application' is visible

2019-12-15 08:19:01 - [MESSAGE][PASSED] - Object 'Object Repository/mobileSanity/STM/STM Apply Page/a_Start Secure Application' is visible

2019-12-15 08:19:01 - [TEST_STEP][PASSED] - click(findTestObject("mobileSanity/STM/STM Apply Page/a_Start Secure Application")): Object: 'Object Repository/mobileSanity/STM/STM Apply Page/a_Start Secure Application' is clicked on

2019-12-15 08:19:02 - [MESSAGE][PASSED] - Object: 'Object Repository/mobileSanity/STM/STM Apply Page/a_Start Secure Application' is clicked on

2019-12-15 08:19:02 - [TEST_STEP][PASSED] - waitForPageLoad(20): Wait for page load successfully

2019-12-15 08:19:02 - [MESSAGE][PASSED] - Wait for page load successfully

2019-12-15 08:19:02 - [TEST_STEP][PASSED] - Thread.sleep(2000): null

2019-12-15 08:19:04 - [TEST_STEP][PASSED] - callTestCase(findTestCase("AHI/_include/get_screenshot"), [:], STOP_ON_FAILURE): Call Test Case 'Test Cases/AHI/_include/get_screenshot' successfully

2019-12-15 08:19:04 - [TEST_CASE][PASSED] - Test Cases/AHI/_include/get_screenshot: Test Cases/AHI/_include/get_screenshot

2019-12-15 08:19:04 - [TEST_STEP][PASSED] - takeScreenshot(screenPath + i + ".png"): Taking screenshot successfully

2019-12-15 08:19:05 - [MESSAGE][PASSED] - Taking screenshot successfully
[[ATTACHMENT|D:\\Test\\AgileTest\\Reports\\AHI\\stm\\20191215_080038\\../Screenshots/iPhone 6/stm/National General/20191215_081823/6.png]]

2019-12-15 08:19:05 - [TEST_STEP][PASSED] - (internal.GlobalVariable.i++): null

2019-12-15 08:19:05 - [MESSAGE][PASSED] - Call Test Case 'Test Cases/AHI/_include/get_screenshot' successfully

2019-12-15 08:19:05 - [MESSAGE][PASSED] - Call Test Case 'Test Cases/AHI/_include/apply_stm' successfully

2019-12-15 08:19:05 - [TEST_STEP][PASSED] - callTestCase(findTestCase("AHI/_include/goToEnd_stm_autofill"), [:], STOP_ON_FAILURE): Call Test Case 'Test Cases/AHI/_include/goToEnd_stm_autofill' successfully

2019-12-15 08:19:05 - [TEST_CASE][PASSED] - Test Cases/AHI/_include/goToEnd_stm_autofill: Test Cases/AHI/_include/goToEnd_stm_autofill

2019-12-15 08:19:05 - [TEST_STEP][PASSED] - callTestCase(findTestCase("AHI/_include/name"), [:], CONTINUE_ON_FAILURE): Call Test Case 'Test Cases/AHI/_include/name' successfully

2019-12-15 08:19:05 - [TEST_CASE][PASSED] - Test Cases/AHI/_include/name: Test Cases/AHI/_include/name

2019-12-15 08:19:05 - [TEST_STEP][PASSED] - driver = getWebDriver(): null

2019-12-15 08:19:05 - [TEST_STEP][PASSED] - selenium = new com.thoughtworks.selenium.webdriven.WebDriverBackedSelenium(driver, internal.GlobalVariable.ENV): null

2019-12-15 08:19:05 - [TEST_STEP][PASSED] - FirstName = "Test-123": null

2019-12-15 08:19:05 - [TEST_STEP][PASSED] - LastName = selenium.getEval("{var x="ABCDEFGHIJKLMNOPQRSTUVWXYZabcdefghijklmnopqrstuvwxyz"; var tmp="ZZ11-"; for (i=0;i<8;i++) tmp+=x.charAt(Math.ceil(51*Math.random()));tmp;}"): null

2019-12-15 08:19:05 - [TEST_STEP][PASSED] - Address = selenium.getEval("{var x="ABCDEFGHIJKLMNOPQRSTUVWXYZabcdefghijklmnopqrstuvwxyz"; var tmp=""; for (i=0;i<8;i++) tmp+=x.charAt(Math.ceil(51*Math.random()));tmp;}"): null

2019-12-15 08:19:05 - [TEST_STEP][PASSED] - City = selenium.getEval("{var x="ABCDEFGHIJKLMNOPQRSTUVWXYZabcdefghijklmnopqrstuvwxyz"; var tmp=""; for (i=0;i<8;i++) tmp+=x.charAt(Math.ceil(51*Math.random()));tmp;}"): null

2019-12-15 08:19:05 - [TEST_STEP][PASSED] - tel1 = selenium.getEval("{var x="123456789"; var tmp=""; for (i=0;i<3;i++) tmp+=x.charAt(Math.ceil(8*Math.random()));tmp;}"): null

2019-12-15 08:19:05 - [TEST_STEP][PASSED] - tel2 = selenium.getEval("{var x="123456789"; var tmp=""; for (i=0;i<3;i++) tmp+=x.charAt(Math.ceil(8*Math.random()));tmp;}"): null

2019-12-15 08:19:05 - [TEST_STEP][PASSED] - tel3 = selenium.getEval("{var x="123456789"; var tmp=""; for (i=0;i<4;i++) tmp+=x.charAt(Math.ceil(8*Math.random()));tmp;}"): null

2019-12-15 08:19:05 - [TEST_STEP][PASSED] - Tel = selenium.getExpression(tel1 + "-" + tel2 + "-" + tel3): null

2019-12-15 08:19:05 - [TEST_STEP][PASSED] - AutoEmail = selenium.getEval("{var x="ABCDEFGHIJKLMNOPQRSTUVWXYZabcdefghijklmnopqrstuvwxyz"; var tmp="test."; for (i=0;i<8;i++) tmp+=x.charAt(Math.ceil(51*Math.random()));tmp+="@suryani.cn";}"): null

2019-12-15 08:19:05 - [TEST_STEP][PASSED] - FirstName = FirstName: null

2019-12-15 08:19:05 - [TEST_STEP][PASSED] - LastName = LastName: null

2019-12-15 08:19:05 - [TEST_STEP][PASSED] - Address = Address: null

2019-12-15 08:19:05 - [TEST_STEP][PASSED] - City = City: null

2019-12-15 08:19:05 - [TEST_STEP][PASSED] - Tel = Tel: null

2019-12-15 08:19:05 - [TEST_STEP][PASSED] - AutoEmail = AutoEmail: null

2019-12-15 08:19:05 - [TEST_STEP][PASSED] - println(FirstName): null

2019-12-15 08:19:05 - [TEST_STEP][PASSED] - println(LastName): null

2019-12-15 08:19:05 - [TEST_STEP][PASSED] - println(Address): null

2019-12-15 08:19:05 - [TEST_STEP][PASSED] - println(City): null

2019-12-15 08:19:05 - [TEST_STEP][PASSED] - println(Tel): null

2019-12-15 08:19:05 - [TEST_STEP][PASSED] - println(AutoEmail): null

2019-12-15 08:19:05 - [MESSAGE][PASSED] - Call Test Case 'Test Cases/AHI/_include/name' successfully

2019-12-15 08:19:05 - [TEST_STEP][PASSED] - try: Call Test Case 'Test Cases/AHI/_include/get_screenshot' successfully

2019-12-15 08:19:05 - [TEST_STEP][PASSED] - if (verifyTextPresent("Month Duration Acknowledgement", false)): Call Test Case 'Test Cases/AHI/_include/get_screenshot' successfully

2019-12-15 08:19:05 - [MESSAGE][PASSED] - Text 'Month Duration Acknowledgement' is present on page 

2019-12-15 08:19:05 - [TEST_STEP][PASSED] - click(findTestObject("mobileSanity/STM/Page_App Page 1/label_By checking this box I u")): Object: 'Object Repository/mobileSanity/STM/Page_App Page 1/label_By checking this box I u' is clicked on

2019-12-15 08:19:05 - [MESSAGE][PASSED] - Object: 'Object Repository/mobileSanity/STM/Page_App Page 1/label_By checking this box I u' is clicked on

2019-12-15 08:19:05 - [TEST_STEP][PASSED] - click(findTestObject("mobileSanity/STM/Page_App Page 1/button_Continue to Application")): Object: 'Object Repository/mobileSanity/STM/Page_App Page 1/button_Continue to Application' is clicked on

2019-12-15 08:19:05 - [MESSAGE][PASSED] - Object: 'Object Repository/mobileSanity/STM/Page_App Page 1/button_Continue to Application' is clicked on

2019-12-15 08:19:05 - [TEST_STEP][PASSED] - waitForPageLoad(20): Wait for page load successfully

2019-12-15 08:19:06 - [MESSAGE][PASSED] - Wait for page load successfully

2019-12-15 08:19:06 - [TEST_STEP][PASSED] - Thread.sleep(5000): null

2019-12-15 08:19:11 - [TEST_STEP][PASSED] - callTestCase(findTestCase("AHI/_include/get_screenshot"), [:], STOP_ON_FAILURE): Call Test Case 'Test Cases/AHI/_include/get_screenshot' successfully

2019-12-15 08:19:11 - [TEST_CASE][PASSED] - Test Cases/AHI/_include/get_screenshot: Test Cases/AHI/_include/get_screenshot

2019-12-15 08:19:11 - [TEST_STEP][PASSED] - takeScreenshot(screenPath + i + ".png"): Taking screenshot successfully

2019-12-15 08:19:11 - [MESSAGE][PASSED] - Taking screenshot successfully
[[ATTACHMENT|D:\\Test\\AgileTest\\Reports\\AHI\\stm\\20191215_080038\\../Screenshots/iPhone 6/stm/National General/20191215_081823/7.png]]

2019-12-15 08:19:11 - [TEST_STEP][PASSED] - (internal.GlobalVariable.i++): null

2019-12-15 08:19:11 - [MESSAGE][PASSED] - Call Test Case 'Test Cases/AHI/_include/get_screenshot' successfully

2019-12-15 08:19:11 - [TEST_STEP][PASSED] - waitForPageLoad(10): Wait for page load successfully

2019-12-15 08:19:11 - [MESSAGE][PASSED] - Wait for page load successfully

2019-12-15 08:19:11 - [TEST_STEP][PASSED] - Thread.sleep(3000): null

2019-12-15 08:19:14 - [TEST_STEP][PASSED] - waitForElementVisible(findTestObject("mobileSanity/STM/Page_App Page 1/a_Autofill App Info"), 20): Object 'Object Repository/mobileSanity/STM/Page_App Page 1/a_Autofill App Info' is visible

2019-12-15 08:19:14 - [MESSAGE][PASSED] - Object 'Object Repository/mobileSanity/STM/Page_App Page 1/a_Autofill App Info' is visible

2019-12-15 08:19:14 - [TEST_STEP][PASSED] - click(findTestObject("mobileSanity/STM/Page_App Page 1/a_Autofill App Info")): Object: 'Object Repository/mobileSanity/STM/Page_App Page 1/a_Autofill App Info' is clicked on

2019-12-15 08:19:14 - [MESSAGE][PASSED] - Object: 'Object Repository/mobileSanity/STM/Page_App Page 1/a_Autofill App Info' is clicked on

2019-12-15 08:19:14 - [TEST_STEP][PASSED] - Thread.sleep(1000): null

2019-12-15 08:19:15 - [TEST_STEP][PASSED] - click(findTestObject("mobileSanity/STM/Page_App Page 1/a_Autofill App Info")): Object: 'Object Repository/mobileSanity/STM/Page_App Page 1/a_Autofill App Info' is clicked on

2019-12-15 08:19:16 - [MESSAGE][PASSED] - Object: 'Object Repository/mobileSanity/STM/Page_App Page 1/a_Autofill App Info' is clicked on

2019-12-15 08:19:16 - [TEST_STEP][PASSED] - Thread.sleep(1000): null

2019-12-15 08:19:17 - [TEST_STEP][PASSED] - waitForElementVisible(findTestObject("mobileSanity/STM/Page_App Page 1/a_Continue"), 20): Object 'Object Repository/mobileSanity/STM/Page_App Page 1/a_Continue' is visible

2019-12-15 08:19:17 - [MESSAGE][PASSED] - Object 'Object Repository/mobileSanity/STM/Page_App Page 1/a_Continue' is visible

2019-12-15 08:19:17 - [TEST_STEP][PASSED] - click(findTestObject("mobileSanity/STM/Page_App Page 1/a_Continue")): Object: 'Object Repository/mobileSanity/STM/Page_App Page 1/a_Continue' is clicked on

2019-12-15 08:19:17 - [MESSAGE][PASSED] - Object: 'Object Repository/mobileSanity/STM/Page_App Page 1/a_Continue' is clicked on

2019-12-15 08:19:17 - [TEST_STEP][PASSED] - waitForPageLoad(20): Wait for page load successfully

2019-12-15 08:19:17 - [MESSAGE][PASSED] - Wait for page load successfully

2019-12-15 08:19:17 - [TEST_STEP][PASSED] - Thread.sleep(5000): null

2019-12-15 08:19:22 - [TEST_STEP][PASSED] - callTestCase(findTestCase("AHI/_include/get_screenshot"), [:], STOP_ON_FAILURE): Call Test Case 'Test Cases/AHI/_include/get_screenshot' successfully

2019-12-15 08:19:22 - [TEST_CASE][PASSED] - Test Cases/AHI/_include/get_screenshot: Test Cases/AHI/_include/get_screenshot

2019-12-15 08:19:22 - [TEST_STEP][PASSED] - takeScreenshot(screenPath + i + ".png"): Taking screenshot successfully

2019-12-15 08:19:23 - [MESSAGE][PASSED] - Taking screenshot successfully
[[ATTACHMENT|D:\\Test\\AgileTest\\Reports\\AHI\\stm\\20191215_080038\\../Screenshots/iPhone 6/stm/National General/20191215_081823/8.png]]

2019-12-15 08:19:23 - [TEST_STEP][PASSED] - (internal.GlobalVariable.i++): null

2019-12-15 08:19:23 - [MESSAGE][PASSED] - Call Test Case 'Test Cases/AHI/_include/get_screenshot' successfully

2019-12-15 08:19:23 - [TEST_STEP][PASSED] - click(findTestObject("mobileSanity/STM/Page_App Page 2/a_Continue to Step 3 - Payment")): Object: 'Object Repository/mobileSanity/STM/Page_App Page 2/a_Continue to Step 3 - Payment' is clicked on

2019-12-15 08:19:23 - [MESSAGE][PASSED] - Object: 'Object Repository/mobileSanity/STM/Page_App Page 2/a_Continue to Step 3 - Payment' is clicked on

2019-12-15 08:19:23 - [TEST_STEP][PASSED] - waitForPageLoad(20): Wait for page load successfully

2019-12-15 08:19:23 - [MESSAGE][PASSED] - Wait for page load successfully

2019-12-15 08:19:23 - [TEST_STEP][PASSED] - waitForElementVisible(findTestObject("mobileSanity/STM/Page_App Page 3/input__credit-card-cvv"), 20): Object 'Object Repository/mobileSanity/STM/Page_App Page 3/input__credit-card-cvv' is visible

2019-12-15 08:19:23 - [MESSAGE][PASSED] - Object 'Object Repository/mobileSanity/STM/Page_App Page 3/input__credit-card-cvv' is visible

2019-12-15 08:19:23 - [TEST_STEP][PASSED] - Thread.sleep(2000): null

2019-12-15 08:19:25 - [TEST_STEP][PASSED] - callTestCase(findTestCase("AHI/_include/get_screenshot"), [:], STOP_ON_FAILURE): Call Test Case 'Test Cases/AHI/_include/get_screenshot' successfully

2019-12-15 08:19:25 - [TEST_CASE][PASSED] - Test Cases/AHI/_include/get_screenshot: Test Cases/AHI/_include/get_screenshot

2019-12-15 08:19:25 - [TEST_STEP][PASSED] - takeScreenshot(screenPath + i + ".png"): Taking screenshot successfully

2019-12-15 08:19:26 - [MESSAGE][PASSED] - Taking screenshot successfully
[[ATTACHMENT|D:\\Test\\AgileTest\\Reports\\AHI\\stm\\20191215_080038\\../Screenshots/iPhone 6/stm/National General/20191215_081823/9.png]]

2019-12-15 08:19:26 - [TEST_STEP][PASSED] - (internal.GlobalVariable.i++): null

2019-12-15 08:19:26 - [MESSAGE][PASSED] - Call Test Case 'Test Cases/AHI/_include/get_screenshot' successfully

2019-12-15 08:19:26 - [TEST_STEP][PASSED] - clearText(findTestObject("mobileSanity/STM/Page_App Page 3/input__credit-card-cvv")): Text of object 'Object Repository/mobileSanity/STM/Page_App Page 3/input__credit-card-cvv' is cleared

2019-12-15 08:19:26 - [MESSAGE][PASSED] - Text of object 'Object Repository/mobileSanity/STM/Page_App Page 3/input__credit-card-cvv' is cleared

2019-12-15 08:19:26 - [TEST_STEP][PASSED] - setText(findTestObject("mobileSanity/STM/Page_App Page 3/input__credit-card-cvv"), "123"): Text '123' is set on object 'Object Repository/mobileSanity/STM/Page_App Page 3/input__credit-card-cvv'

2019-12-15 08:19:26 - [MESSAGE][PASSED] - Text '123' is set on object 'Object Repository/mobileSanity/STM/Page_App Page 3/input__credit-card-cvv'

2019-12-15 08:19:26 - [TEST_STEP][PASSED] - click(findTestObject("mobileSanity/STM/Page_App Page 3/label_I Accept Authorization f")): Object: 'Object Repository/mobileSanity/STM/Page_App Page 3/label_I Accept Authorization f' is clicked on

2019-12-15 08:19:26 - [MESSAGE][PASSED] - Object: 'Object Repository/mobileSanity/STM/Page_App Page 3/label_I Accept Authorization f' is clicked on

2019-12-15 08:19:26 - [TEST_STEP][PASSED] - click(findTestObject("mobileSanity/STM/Page_App Page 3/a_Continue to Step 4 - Review")): Object: 'Object Repository/mobileSanity/STM/Page_App Page 3/a_Continue to Step 4 - Review' is clicked on

2019-12-15 08:19:26 - [MESSAGE][PASSED] - Object: 'Object Repository/mobileSanity/STM/Page_App Page 3/a_Continue to Step 4 - Review' is clicked on

2019-12-15 08:19:26 - [TEST_STEP][PASSED] - waitForPageLoad(10): Wait for page load successfully

2019-12-15 08:19:27 - [MESSAGE][PASSED] - Wait for page load successfully

2019-12-15 08:19:27 - [TEST_STEP][PASSED] - waitForElementClickable(findTestObject("mobileSanity/STM/Page_App Page 4/label"), 10): Object 'Object Repository/mobileSanity/STM/Page_App Page 4/label' is clickable

2019-12-15 08:19:27 - [MESSAGE][PASSED] - Object 'Object Repository/mobileSanity/STM/Page_App Page 4/label' is clickable

2019-12-15 08:19:27 - [TEST_STEP][PASSED] - Thread.sleep(2000): null

2019-12-15 08:19:29 - [TEST_STEP][PASSED] - callTestCase(findTestCase("AHI/_include/get_screenshot"), [:], STOP_ON_FAILURE): Call Test Case 'Test Cases/AHI/_include/get_screenshot' successfully

2019-12-15 08:19:29 - [TEST_CASE][PASSED] - Test Cases/AHI/_include/get_screenshot: Test Cases/AHI/_include/get_screenshot

2019-12-15 08:19:29 - [TEST_STEP][PASSED] - takeScreenshot(screenPath + i + ".png"): Taking screenshot successfully

2019-12-15 08:19:29 - [MESSAGE][PASSED] - Taking screenshot successfully
[[ATTACHMENT|D:\\Test\\AgileTest\\Reports\\AHI\\stm\\20191215_080038\\../Screenshots/iPhone 6/stm/National General/20191215_081823/10.png]]

2019-12-15 08:19:29 - [TEST_STEP][PASSED] - (internal.GlobalVariable.i++): null

2019-12-15 08:19:29 - [MESSAGE][PASSED] - Call Test Case 'Test Cases/AHI/_include/get_screenshot' successfully

2019-12-15 08:19:29 - [TEST_STEP][PASSED] - click(findTestObject("mobileSanity/STM/Page_App Page 4/label")): Object: 'Object Repository/mobileSanity/STM/Page_App Page 4/label' is clicked on

2019-12-15 08:19:29 - [MESSAGE][PASSED] - Object: 'Object Repository/mobileSanity/STM/Page_App Page 4/label' is clicked on

2019-12-15 08:19:29 - [TEST_STEP][PASSED] - click(findTestObject("mobileSanity/STM/Page_App Page 4/div_CLICK TO SIGN")): Object: 'Object Repository/mobileSanity/STM/Page_App Page 4/div_CLICK TO SIGN' is clicked on

2019-12-15 08:19:29 - [MESSAGE][PASSED] - Object: 'Object Repository/mobileSanity/STM/Page_App Page 4/div_CLICK TO SIGN' is clicked on

2019-12-15 08:19:29 - [TEST_STEP][PASSED] - click(findTestObject("mobileSanity/STM/Page_App Page 4/a_Submit Your Application")): Object: 'Object Repository/mobileSanity/STM/Page_App Page 4/a_Submit Your Application' is clicked on

2019-12-15 08:19:30 - [MESSAGE][PASSED] - Object: 'Object Repository/mobileSanity/STM/Page_App Page 4/a_Submit Your Application' is clicked on

2019-12-15 08:19:30 - [TEST_STEP][PASSED] - Thread.sleep(30000): null

2019-12-15 08:20:00 - [TEST_STEP][PASSED] - waitForElementPresent(findTestObject("mobileSanity/STM/Page_App Page 6/app-page-wrapper"), 20): Object 'Object Repository/mobileSanity/STM/Page_App Page 6/app-page-wrapper' is not present after 20 second(s)

2019-12-15 08:20:20 - [MESSAGE][INFO] - Unable to find the element located by 'By.xpath: //div[@id='app-page-wrapper' and @data-page='confirmation']'. Please recheck the objects properties to make sure the desired element is located. 

2019-12-15 08:20:20 - [MESSAGE][WARNING] - Object 'Object Repository/mobileSanity/STM/Page_App Page 6/app-page-wrapper' is not present after 20 second(s)

2019-12-15 08:20:20 - [TEST_STEP][PASSED] - callTestCase(findTestCase("AHI/_include/get_screenshot"), [:], STOP_ON_FAILURE): Call Test Case 'Test Cases/AHI/_include/get_screenshot' successfully

2019-12-15 08:20:20 - [TEST_CASE][PASSED] - Test Cases/AHI/_include/get_screenshot: Test Cases/AHI/_include/get_screenshot

2019-12-15 08:20:20 - [TEST_STEP][PASSED] - takeScreenshot(screenPath + i + ".png"): Taking screenshot successfully

2019-12-15 08:20:22 - [MESSAGE][PASSED] - Taking screenshot successfully
[[ATTACHMENT|D:\\Test\\AgileTest\\Reports\\AHI\\stm\\20191215_080038\\../Screenshots/iPhone 6/stm/National General/20191215_081823/11.png]]

2019-12-15 08:20:22 - [TEST_STEP][PASSED] - (internal.GlobalVariable.i++): null

2019-12-15 08:20:22 - [MESSAGE][PASSED] - Call Test Case 'Test Cases/AHI/_include/get_screenshot' successfully

2019-12-15 08:20:22 - [MESSAGE][PASSED] - Call Test Case 'Test Cases/AHI/_include/goToEnd_stm_autofill' successfully]]></system-out>
         <system-err><![CDATA[]]></system-err>
      </testcase>
      <testcase name="Test Cases/AHI/stm/Slaico" classname="Test Cases/AHI/stm/Slaico" status="PASSED">
         <system-out><![CDATA[2019-12-15 08:20:22 - [TEST_CASE][PASSED] - Test Cases/AHI/stm/Slaico: Test Cases/AHI/stm/Slaico

2019-12-15 08:20:22 - [TEST_STEP][PASSED] - callTestCase(findTestCase("AHI/_include/get_screenPath"), ["productLine":"stm", "carrierName":"Slaico"], CONTINUE_ON_FAILURE): Call Test Case 'Test Cases/AHI/_include/get_screenPath' successfully

2019-12-15 08:20:22 - [TEST_CASE][PASSED] - Test Cases/AHI/_include/get_screenPath: Test Cases/AHI/_include/get_screenPath

2019-12-15 08:20:22 - [TEST_STEP][PASSED] - m = getExecutionProperties(): null

2019-12-15 08:20:22 - [TEST_STEP][PASSED] - deviceName = get("mobileEmulation").get("deviceName"): null

2019-12-15 08:20:22 - [TEST_STEP][PASSED] - println(deviceName): null

2019-12-15 08:20:22 - [TEST_STEP][PASSED] - now = new java.util.Date(): null

2019-12-15 08:20:22 - [TEST_STEP][PASSED] - mydate = now.format("yyyyMMdd_HHmmss"): null

2019-12-15 08:20:22 - [TEST_STEP][PASSED] - screenPath = "../Screenshots/": null

2019-12-15 08:20:22 - [TEST_STEP][PASSED] - screenPath = screenPath + deviceName + "/" + productLine + "/" + carrierName + "/" + mydate + "/": null

2019-12-15 08:20:22 - [TEST_STEP][PASSED] - println(screenPath): null

2019-12-15 08:20:22 - [MESSAGE][PASSED] - Call Test Case 'Test Cases/AHI/_include/get_screenPath' successfully

2019-12-15 08:20:22 - [TEST_STEP][PASSED] - i = 0: null

2019-12-15 08:20:22 - [TEST_STEP][PASSED] - callTestCase(findTestCase("AHI/_include/openWebSite"), [:], STOP_ON_FAILURE): Call Test Case 'Test Cases/AHI/_include/openWebSite' successfully

2019-12-15 08:20:22 - [TEST_CASE][PASSED] - Test Cases/AHI/_include/openWebSite: Test Cases/AHI/_include/openWebSite

2019-12-15 08:20:22 - [TEST_STEP][PASSED] - openBrowser(env): Browser is opened with url: 'https://praetemptatus.agilehealthinsurance.com'

2019-12-15 08:20:22 - [MESSAGE][WARNING] - A browser is already opened. Closing browser and opening a new one

2019-12-15 08:20:24 - [MESSAGE][INFO] - Starting 'Chrome' driver

2019-12-15 08:20:24 - [MESSAGE][INFO] - User set preference: ['mobileEmulation', '{deviceName=iPhone 6}']

2019-12-15 08:20:24 - [MESSAGE][INFO] - User set preference: ['args', '[--incognito, --aggressive-cache-discard, --window-size=375,677, --no-sandbox]']

2019-12-15 08:20:28 - [MESSAGE][PASSED] - Browser is opened with url: 'https://praetemptatus.agilehealthinsurance.com'

2019-12-15 08:20:28 - [TEST_STEP][PASSED] - waitForPageLoad(20): Wait for page load successfully

2019-12-15 08:20:29 - [MESSAGE][PASSED] - Wait for page load successfully

2019-12-15 08:20:29 - [TEST_STEP][PASSED] - callTestCase(findTestCase("AHI/_include/get_screenshot"), [:], STOP_ON_FAILURE): Call Test Case 'Test Cases/AHI/_include/get_screenshot' successfully

2019-12-15 08:20:29 - [TEST_CASE][PASSED] - Test Cases/AHI/_include/get_screenshot: Test Cases/AHI/_include/get_screenshot

2019-12-15 08:20:29 - [TEST_STEP][PASSED] - takeScreenshot(screenPath + i + ".png"): Taking screenshot successfully

2019-12-15 08:20:30 - [MESSAGE][PASSED] - Taking screenshot successfully
[[ATTACHMENT|D:\\Test\\AgileTest\\Reports\\AHI\\stm\\20191215_080038\\../Screenshots/iPhone 6/stm/Slaico/20191215_082022/0.png]]

2019-12-15 08:20:30 - [TEST_STEP][PASSED] - (internal.GlobalVariable.i++): null

2019-12-15 08:20:30 - [MESSAGE][PASSED] - Call Test Case 'Test Cases/AHI/_include/get_screenshot' successfully

2019-12-15 08:20:30 - [MESSAGE][PASSED] - Call Test Case 'Test Cases/AHI/_include/openWebSite' successfully

2019-12-15 08:20:30 - [TEST_STEP][PASSED] - callTestCase(findTestCase("AHI/_include/census_stm"), ["zipcode":"60602"], STOP_ON_FAILURE): Call Test Case 'Test Cases/AHI/_include/census_stm' successfully

2019-12-15 08:20:30 - [TEST_CASE][PASSED] - Test Cases/AHI/_include/census_stm: Test Cases/AHI/_include/census_stm

2019-12-15 08:20:30 - [TEST_STEP][PASSED] - waitForElementClickable(findTestObject("mobileSanity/STM/Home Page/a_Quote  Save Today"), 10): Object 'Object Repository/mobileSanity/STM/Home Page/a_Quote  Save Today' is clickable

2019-12-15 08:20:30 - [MESSAGE][PASSED] - Object 'Object Repository/mobileSanity/STM/Home Page/a_Quote  Save Today' is clickable

2019-12-15 08:20:30 - [TEST_STEP][PASSED] - click(findTestObject("mobileSanity/STM/Home Page/a_Quote  Save Today")): Object: 'Object Repository/mobileSanity/STM/Home Page/a_Quote  Save Today' is clicked on

2019-12-15 08:20:31 - [MESSAGE][PASSED] - Object: 'Object Repository/mobileSanity/STM/Home Page/a_Quote  Save Today' is clicked on

2019-12-15 08:20:31 - [TEST_STEP][PASSED] - waitForPageLoad(10): Wait for page load successfully

2019-12-15 08:20:31 - [MESSAGE][PASSED] - Wait for page load successfully

2019-12-15 08:20:31 - [TEST_STEP][PASSED] - callTestCase(findTestCase("AHI/_include/get_screenshot"), [:], STOP_ON_FAILURE): Call Test Case 'Test Cases/AHI/_include/get_screenshot' successfully

2019-12-15 08:20:32 - [TEST_CASE][PASSED] - Test Cases/AHI/_include/get_screenshot: Test Cases/AHI/_include/get_screenshot

2019-12-15 08:20:32 - [TEST_STEP][PASSED] - takeScreenshot(screenPath + i + ".png"): Taking screenshot successfully

2019-12-15 08:20:32 - [MESSAGE][PASSED] - Taking screenshot successfully
[[ATTACHMENT|D:\\Test\\AgileTest\\Reports\\AHI\\stm\\20191215_080038\\../Screenshots/iPhone 6/stm/Slaico/20191215_082022/1.png]]

2019-12-15 08:20:32 - [TEST_STEP][PASSED] - (internal.GlobalVariable.i++): null

2019-12-15 08:20:32 - [MESSAGE][PASSED] - Call Test Case 'Test Cases/AHI/_include/get_screenshot' successfully

2019-12-15 08:20:32 - [TEST_STEP][PASSED] - setText(findTestObject("mobileSanity/STM/STM Census Page/input_Location_zip-input"), zipcode): Text '60602' is set on object 'Object Repository/mobileSanity/STM/STM Census Page/input_Location_zip-input'

2019-12-15 08:20:34 - [MESSAGE][PASSED] - Text '60602' is set on object 'Object Repository/mobileSanity/STM/STM Census Page/input_Location_zip-input'

2019-12-15 08:20:34 - [TEST_STEP][PASSED] - Thread.sleep(500): null

2019-12-15 08:20:34 - [TEST_STEP][PASSED] - setText(findTestObject("mobileSanity/STM/STM Census Page/input_Date of Birth_dob-0"), "03031987"): Text '03031987' is set on object 'Object Repository/mobileSanity/STM/STM Census Page/input_Date of Birth_dob-0'

2019-12-15 08:20:35 - [MESSAGE][PASSED] - Text '03031987' is set on object 'Object Repository/mobileSanity/STM/STM Census Page/input_Date of Birth_dob-0'

2019-12-15 08:20:35 - [TEST_STEP][PASSED] - click(findTestObject("mobileSanity/STM/STM Census Page/label_Male")): Object: 'Object Repository/mobileSanity/STM/STM Census Page/label_Male' is clicked on

2019-12-15 08:20:35 - [MESSAGE][PASSED] - Object: 'Object Repository/mobileSanity/STM/STM Census Page/label_Male' is clicked on

2019-12-15 08:20:35 - [TEST_STEP][PASSED] - click(findTestObject("mobileSanity/STM/STM Census Page/label_Compare Plans")): Object: 'Object Repository/mobileSanity/STM/STM Census Page/label_Compare Plans' is clicked on

2019-12-15 08:20:36 - [MESSAGE][PASSED] - Object: 'Object Repository/mobileSanity/STM/STM Census Page/label_Compare Plans' is clicked on

2019-12-15 08:20:36 - [TEST_STEP][PASSED] - waitForElementVisible(findTestObject("mobileSanity/STM/STM Quote Page/button_sort"), 20): Object 'Object Repository/mobileSanity/STM/STM Quote Page/button_sort' is visible

2019-12-15 08:20:37 - [MESSAGE][PASSED] - Object 'Object Repository/mobileSanity/STM/STM Quote Page/button_sort' is visible

2019-12-15 08:20:37 - [TEST_STEP][PASSED] - Thread.sleep(3000): null

2019-12-15 08:20:40 - [TEST_STEP][PASSED] - callTestCase(findTestCase("AHI/_include/check_quoteleadform"), [:], STOP_ON_FAILURE): Call Test Case 'Test Cases/AHI/_include/check_quoteleadform' successfully

2019-12-15 08:20:40 - [TEST_CASE][PASSED] - Test Cases/AHI/_include/check_quoteleadform: Test Cases/AHI/_include/check_quoteleadform

2019-12-15 08:20:40 - [TEST_STEP][PASSED] - callTestCase(findTestCase("AHI/_include/name"), [:], CONTINUE_ON_FAILURE): Call Test Case 'Test Cases/AHI/_include/name' successfully

2019-12-15 08:20:40 - [TEST_CASE][PASSED] - Test Cases/AHI/_include/name: Test Cases/AHI/_include/name

2019-12-15 08:20:40 - [TEST_STEP][PASSED] - driver = getWebDriver(): null

2019-12-15 08:20:40 - [TEST_STEP][PASSED] - selenium = new com.thoughtworks.selenium.webdriven.WebDriverBackedSelenium(driver, internal.GlobalVariable.ENV): null

2019-12-15 08:20:41 - [TEST_STEP][PASSED] - FirstName = "Test-123": null

2019-12-15 08:20:41 - [TEST_STEP][PASSED] - LastName = selenium.getEval("{var x="ABCDEFGHIJKLMNOPQRSTUVWXYZabcdefghijklmnopqrstuvwxyz"; var tmp="ZZ11-"; for (i=0;i<8;i++) tmp+=x.charAt(Math.ceil(51*Math.random()));tmp;}"): null

2019-12-15 08:20:41 - [TEST_STEP][PASSED] - Address = selenium.getEval("{var x="ABCDEFGHIJKLMNOPQRSTUVWXYZabcdefghijklmnopqrstuvwxyz"; var tmp=""; for (i=0;i<8;i++) tmp+=x.charAt(Math.ceil(51*Math.random()));tmp;}"): null

2019-12-15 08:20:41 - [TEST_STEP][PASSED] - City = selenium.getEval("{var x="ABCDEFGHIJKLMNOPQRSTUVWXYZabcdefghijklmnopqrstuvwxyz"; var tmp=""; for (i=0;i<8;i++) tmp+=x.charAt(Math.ceil(51*Math.random()));tmp;}"): null

2019-12-15 08:20:41 - [TEST_STEP][PASSED] - tel1 = selenium.getEval("{var x="123456789"; var tmp=""; for (i=0;i<3;i++) tmp+=x.charAt(Math.ceil(8*Math.random()));tmp;}"): null

2019-12-15 08:20:41 - [TEST_STEP][PASSED] - tel2 = selenium.getEval("{var x="123456789"; var tmp=""; for (i=0;i<3;i++) tmp+=x.charAt(Math.ceil(8*Math.random()));tmp;}"): null

2019-12-15 08:20:41 - [TEST_STEP][PASSED] - tel3 = selenium.getEval("{var x="123456789"; var tmp=""; for (i=0;i<4;i++) tmp+=x.charAt(Math.ceil(8*Math.random()));tmp;}"): null

2019-12-15 08:20:41 - [TEST_STEP][PASSED] - Tel = selenium.getExpression(tel1 + "-" + tel2 + "-" + tel3): null

2019-12-15 08:20:41 - [TEST_STEP][PASSED] - AutoEmail = selenium.getEval("{var x="ABCDEFGHIJKLMNOPQRSTUVWXYZabcdefghijklmnopqrstuvwxyz"; var tmp="test."; for (i=0;i<8;i++) tmp+=x.charAt(Math.ceil(51*Math.random()));tmp+="@suryani.cn";}"): null

2019-12-15 08:20:41 - [TEST_STEP][PASSED] - FirstName = FirstName: null

2019-12-15 08:20:41 - [TEST_STEP][PASSED] - LastName = LastName: null

2019-12-15 08:20:41 - [TEST_STEP][PASSED] - Address = Address: null

2019-12-15 08:20:41 - [TEST_STEP][PASSED] - City = City: null

2019-12-15 08:20:41 - [TEST_STEP][PASSED] - Tel = Tel: null

2019-12-15 08:20:41 - [TEST_STEP][PASSED] - AutoEmail = AutoEmail: null

2019-12-15 08:20:41 - [TEST_STEP][PASSED] - println(FirstName): null

2019-12-15 08:20:41 - [TEST_STEP][PASSED] - println(LastName): null

2019-12-15 08:20:41 - [TEST_STEP][PASSED] - println(Address): null

2019-12-15 08:20:41 - [TEST_STEP][PASSED] - println(City): null

2019-12-15 08:20:41 - [TEST_STEP][PASSED] - println(Tel): null

2019-12-15 08:20:41 - [TEST_STEP][PASSED] - println(AutoEmail): null

2019-12-15 08:20:41 - [MESSAGE][PASSED] - Call Test Case 'Test Cases/AHI/_include/name' successfully

2019-12-15 08:20:41 - [TEST_STEP][PASSED] - leadform_exist = test.MobileKeywords.isElementPresent_Web(findTestObject("mobileSanity/quote lead form/lead_form"), 20): test.MobileKeywords.isElementPresent_Web is PASSED

2019-12-15 08:20:41 - [MESSAGE][PASSED] - test.MobileKeywords.isElementPresent_Web is PASSED

2019-12-15 08:20:41 - [TEST_STEP][PASSED] - if (leadform_exist): null

2019-12-15 08:20:41 - [TEST_STEP][PASSED] - setText(findTestObject("mobileSanity/quote lead form/first"), FirstName): Text 'Test-123' is set on object 'Object Repository/mobileSanity/quote lead form/first'

2019-12-15 08:20:41 - [MESSAGE][PASSED] - Text 'Test-123' is set on object 'Object Repository/mobileSanity/quote lead form/first'

2019-12-15 08:20:41 - [TEST_STEP][PASSED] - setText(findTestObject("mobileSanity/quote lead form/last"), LastName): Text 'ZZ11-ZjZbEWLe' is set on object 'Object Repository/mobileSanity/quote lead form/last'

2019-12-15 08:20:42 - [MESSAGE][PASSED] - Text 'ZZ11-ZjZbEWLe' is set on object 'Object Repository/mobileSanity/quote lead form/last'

2019-12-15 08:20:42 - [TEST_STEP][PASSED] - setText(findTestObject("mobileSanity/quote lead form/email"), AutoEmail): Text 'test.yglPZEWM@suryani.cn' is set on object 'Object Repository/mobileSanity/quote lead form/email'

2019-12-15 08:20:42 - [MESSAGE][PASSED] - Text 'test.yglPZEWM@suryani.cn' is set on object 'Object Repository/mobileSanity/quote lead form/email'

2019-12-15 08:20:42 - [TEST_STEP][PASSED] - setText(findTestObject("mobileSanity/quote lead form/phone"), Tel): Text '884-899-7772' is set on object 'Object Repository/mobileSanity/quote lead form/phone'

2019-12-15 08:20:42 - [MESSAGE][PASSED] - Text '884-899-7772' is set on object 'Object Repository/mobileSanity/quote lead form/phone'

2019-12-15 08:20:42 - [TEST_STEP][PASSED] - click(findTestObject("mobileSanity/quote lead form/submit")): Object: 'Object Repository/mobileSanity/quote lead form/submit' is clicked on

2019-12-15 08:20:42 - [MESSAGE][PASSED] - Object: 'Object Repository/mobileSanity/quote lead form/submit' is clicked on

2019-12-15 08:20:42 - [TEST_STEP][PASSED] - Thread.sleep(3000): null

2019-12-15 08:20:45 - [MESSAGE][PASSED] - Call Test Case 'Test Cases/AHI/_include/check_quoteleadform' successfully

2019-12-15 08:20:45 - [TEST_STEP][PASSED] - callTestCase(findTestCase("AHI/_include/get_screenshot"), [:], STOP_ON_FAILURE): Call Test Case 'Test Cases/AHI/_include/get_screenshot' successfully

2019-12-15 08:20:45 - [TEST_CASE][PASSED] - Test Cases/AHI/_include/get_screenshot: Test Cases/AHI/_include/get_screenshot

2019-12-15 08:20:45 - [TEST_STEP][PASSED] - takeScreenshot(screenPath + i + ".png"): Taking screenshot successfully

2019-12-15 08:20:46 - [MESSAGE][PASSED] - Taking screenshot successfully
[[ATTACHMENT|D:\\Test\\AgileTest\\Reports\\AHI\\stm\\20191215_080038\\../Screenshots/iPhone 6/stm/Slaico/20191215_082022/2.png]]

2019-12-15 08:20:46 - [TEST_STEP][PASSED] - (internal.GlobalVariable.i++): null

2019-12-15 08:20:46 - [MESSAGE][PASSED] - Call Test Case 'Test Cases/AHI/_include/get_screenshot' successfully

2019-12-15 08:20:46 - [TEST_STEP][PASSED] - Thread.sleep(1000): null

2019-12-15 08:20:47 - [MESSAGE][PASSED] - Call Test Case 'Test Cases/AHI/_include/census_stm' successfully

2019-12-15 08:20:47 - [TEST_STEP][PASSED] - callTestCase(findTestCase("AHI/_include/filter_stm"), ["carrier":"slaico"], STOP_ON_FAILURE): Call Test Case 'Test Cases/AHI/_include/filter_stm' successfully

2019-12-15 08:20:47 - [TEST_CASE][PASSED] - Test Cases/AHI/_include/filter_stm: Test Cases/AHI/_include/filter_stm

2019-12-15 08:20:47 - [TEST_STEP][PASSED] - driver = getWebDriver(): null

2019-12-15 08:20:47 - [TEST_STEP][PASSED] - selenium = new com.thoughtworks.selenium.webdriven.WebDriverBackedSelenium(driver, internal.GlobalVariable.ENV): null

2019-12-15 08:20:47 - [TEST_STEP][PASSED] - Thread.sleep(1000): null

2019-12-15 08:20:48 - [TEST_STEP][PASSED] - click(findTestObject("mobileSanity/STM/STM Quote Page/button_filters")): Object: 'Object Repository/mobileSanity/STM/STM Quote Page/button_filters' is clicked on

2019-12-15 08:20:48 - [MESSAGE][PASSED] - Object: 'Object Repository/mobileSanity/STM/STM Quote Page/button_filters' is clicked on

2019-12-15 08:20:48 - [TEST_STEP][PASSED] - Thread.sleep(1000): null

2019-12-15 08:20:49 - [TEST_STEP][PASSED] - click(findTestObject("mobileSanity/STM/STM Quote Page/i_Insurance company")): Object: 'Object Repository/mobileSanity/STM/STM Quote Page/i_Insurance company' is clicked on

2019-12-15 08:20:49 - [MESSAGE][PASSED] - Object: 'Object Repository/mobileSanity/STM/STM Quote Page/i_Insurance company' is clicked on

2019-12-15 08:20:49 - [TEST_STEP][PASSED] - Thread.sleep(1000): null

2019-12-15 08:20:50 - [TEST_STEP][PASSED] - filter_carrier = "//input[@name='filter[carrier]' and @value='" + carrier + "']/following::label": null

2019-12-15 08:20:50 - [TEST_STEP][PASSED] - println(filter_carrier): null

2019-12-15 08:20:50 - [TEST_STEP][PASSED] - test.MobileKeywords.clickJS_ByXpath(filter_carrier): test.MobileKeywords.clickJS_ByXpath is PASSED

2019-12-15 08:20:50 - [MESSAGE][PASSED] - Execute JavaScript 'arguments[0].click()' successfully

2019-12-15 08:20:50 - [MESSAGE][PASSED] - test.MobileKeywords.clickJS_ByXpath is PASSED

2019-12-15 08:20:50 - [TEST_STEP][PASSED] - click(findTestObject("mobileSanity/STM/STM Quote Page/js-close c-link-button")): Object: 'Object Repository/mobileSanity/STM/STM Quote Page/js-close c-link-button' is clicked on

2019-12-15 08:20:51 - [MESSAGE][PASSED] - Object: 'Object Repository/mobileSanity/STM/STM Quote Page/js-close c-link-button' is clicked on

2019-12-15 08:20:51 - [TEST_STEP][PASSED] - Thread.sleep(2000): null

2019-12-15 08:20:53 - [TEST_STEP][PASSED] - callTestCase(findTestCase("AHI/_include/get_screenshot"), [:], STOP_ON_FAILURE): Call Test Case 'Test Cases/AHI/_include/get_screenshot' successfully

2019-12-15 08:20:53 - [TEST_CASE][PASSED] - Test Cases/AHI/_include/get_screenshot: Test Cases/AHI/_include/get_screenshot

2019-12-15 08:20:53 - [TEST_STEP][PASSED] - takeScreenshot(screenPath + i + ".png"): Taking screenshot successfully

2019-12-15 08:20:53 - [MESSAGE][PASSED] - Taking screenshot successfully
[[ATTACHMENT|D:\\Test\\AgileTest\\Reports\\AHI\\stm\\20191215_080038\\../Screenshots/iPhone 6/stm/Slaico/20191215_082022/3.png]]

2019-12-15 08:20:53 - [TEST_STEP][PASSED] - (internal.GlobalVariable.i++): null

2019-12-15 08:20:53 - [MESSAGE][PASSED] - Call Test Case 'Test Cases/AHI/_include/get_screenshot' successfully

2019-12-15 08:20:53 - [MESSAGE][PASSED] - Call Test Case 'Test Cases/AHI/_include/filter_stm' successfully

2019-12-15 08:20:53 - [TEST_STEP][PASSED] - callTestCase(findTestCase("AHI/_include/goToDetail_stm"), ["carrier":"slaico"], STOP_ON_FAILURE): Call Test Case 'Test Cases/AHI/_include/goToDetail_stm' successfully

2019-12-15 08:20:53 - [TEST_CASE][PASSED] - Test Cases/AHI/_include/goToDetail_stm: Test Cases/AHI/_include/goToDetail_stm

2019-12-15 08:20:53 - [TEST_STEP][PASSED] - driver = getWebDriver(): null

2019-12-15 08:20:53 - [TEST_STEP][PASSED] - selenium = new com.thoughtworks.selenium.webdriven.WebDriverBackedSelenium(driver, internal.GlobalVariable.ENV): null

2019-12-15 08:20:53 - [TEST_STEP][PASSED] - a_plan_name = "xpath=//a[contains(@href,'/term-health-insurance/plan/" + carrier + "')]": null

2019-12-15 08:20:53 - [TEST_STEP][PASSED] - println(a_plan_name): null

2019-12-15 08:20:53 - [TEST_STEP][PASSED] - selenium.click(a_plan_name): null

2019-12-15 08:20:54 - [TEST_STEP][PASSED] - waitForPageLoad(20): Wait for page load successfully

2019-12-15 08:20:54 - [MESSAGE][PASSED] - Wait for page load successfully

2019-12-15 08:20:54 - [TEST_STEP][PASSED] - Thread.sleep(2000): null

2019-12-15 08:20:56 - [TEST_STEP][PASSED] - callTestCase(findTestCase("AHI/_include/get_screenshot"), [:], STOP_ON_FAILURE): Call Test Case 'Test Cases/AHI/_include/get_screenshot' successfully

2019-12-15 08:20:56 - [TEST_CASE][PASSED] - Test Cases/AHI/_include/get_screenshot: Test Cases/AHI/_include/get_screenshot

2019-12-15 08:20:56 - [TEST_STEP][PASSED] - takeScreenshot(screenPath + i + ".png"): Taking screenshot successfully

2019-12-15 08:20:57 - [MESSAGE][PASSED] - Taking screenshot successfully
[[ATTACHMENT|D:\\Test\\AgileTest\\Reports\\AHI\\stm\\20191215_080038\\../Screenshots/iPhone 6/stm/Slaico/20191215_082022/4.png]]

2019-12-15 08:20:57 - [TEST_STEP][PASSED] - (internal.GlobalVariable.i++): null

2019-12-15 08:20:57 - [MESSAGE][PASSED] - Call Test Case 'Test Cases/AHI/_include/get_screenshot' successfully

2019-12-15 08:20:57 - [MESSAGE][PASSED] - Call Test Case 'Test Cases/AHI/_include/goToDetail_stm' successfully

2019-12-15 08:20:57 - [TEST_STEP][PASSED] - callTestCase(findTestCase("AHI/_include/apply_stm"), [:], STOP_ON_FAILURE): Call Test Case 'Test Cases/AHI/_include/apply_stm' successfully

2019-12-15 08:20:57 - [TEST_CASE][PASSED] - Test Cases/AHI/_include/apply_stm: Test Cases/AHI/_include/apply_stm

2019-12-15 08:20:57 - [TEST_STEP][PASSED] - waitForElementVisible(findTestObject("mobileSanity/STM/STM PlanDetail Page/a_Apply for This Plan"), 5): Object 'Object Repository/mobileSanity/STM/STM PlanDetail Page/a_Apply for This Plan' is visible

2019-12-15 08:20:57 - [MESSAGE][PASSED] - Object 'Object Repository/mobileSanity/STM/STM PlanDetail Page/a_Apply for This Plan' is visible

2019-12-15 08:20:57 - [TEST_STEP][PASSED] - click(findTestObject("mobileSanity/STM/STM PlanDetail Page/a_Apply for This Plan")): Object: 'Object Repository/mobileSanity/STM/STM PlanDetail Page/a_Apply for This Plan' is clicked on

2019-12-15 08:20:59 - [MESSAGE][PASSED] - Object: 'Object Repository/mobileSanity/STM/STM PlanDetail Page/a_Apply for This Plan' is clicked on

2019-12-15 08:20:59 - [TEST_STEP][PASSED] - waitForPageLoad(10): Wait for page load successfully

2019-12-15 08:20:59 - [MESSAGE][PASSED] - Wait for page load successfully

2019-12-15 08:20:59 - [TEST_STEP][PASSED] - Thread.sleep(2000): null

2019-12-15 08:21:01 - [TEST_STEP][PASSED] - callTestCase(findTestCase("AHI/_include/get_screenshot"), [:], STOP_ON_FAILURE): Call Test Case 'Test Cases/AHI/_include/get_screenshot' successfully

2019-12-15 08:21:01 - [TEST_CASE][PASSED] - Test Cases/AHI/_include/get_screenshot: Test Cases/AHI/_include/get_screenshot

2019-12-15 08:21:01 - [TEST_STEP][PASSED] - takeScreenshot(screenPath + i + ".png"): Taking screenshot successfully

2019-12-15 08:21:02 - [MESSAGE][PASSED] - Taking screenshot successfully
[[ATTACHMENT|D:\\Test\\AgileTest\\Reports\\AHI\\stm\\20191215_080038\\../Screenshots/iPhone 6/stm/Slaico/20191215_082022/5.png]]

2019-12-15 08:21:02 - [TEST_STEP][PASSED] - (internal.GlobalVariable.i++): null

2019-12-15 08:21:02 - [MESSAGE][PASSED] - Call Test Case 'Test Cases/AHI/_include/get_screenshot' successfully

2019-12-15 08:21:02 - [TEST_STEP][PASSED] - waitForElementVisible(findTestObject("mobileSanity/STM/STM Apply Page/a_Start Secure Application"), 5): Object 'Object Repository/mobileSanity/STM/STM Apply Page/a_Start Secure Application' is visible

2019-12-15 08:21:02 - [MESSAGE][PASSED] - Object 'Object Repository/mobileSanity/STM/STM Apply Page/a_Start Secure Application' is visible

2019-12-15 08:21:02 - [TEST_STEP][PASSED] - click(findTestObject("mobileSanity/STM/STM Apply Page/a_Start Secure Application")): Object: 'Object Repository/mobileSanity/STM/STM Apply Page/a_Start Secure Application' is clicked on

2019-12-15 08:21:03 - [MESSAGE][PASSED] - Object: 'Object Repository/mobileSanity/STM/STM Apply Page/a_Start Secure Application' is clicked on

2019-12-15 08:21:03 - [TEST_STEP][PASSED] - waitForPageLoad(20): Wait for page load successfully

2019-12-15 08:21:05 - [MESSAGE][PASSED] - Wait for page load successfully

2019-12-15 08:21:05 - [TEST_STEP][PASSED] - Thread.sleep(2000): null

2019-12-15 08:21:07 - [TEST_STEP][PASSED] - callTestCase(findTestCase("AHI/_include/get_screenshot"), [:], STOP_ON_FAILURE): Call Test Case 'Test Cases/AHI/_include/get_screenshot' successfully

2019-12-15 08:21:07 - [TEST_CASE][PASSED] - Test Cases/AHI/_include/get_screenshot: Test Cases/AHI/_include/get_screenshot

2019-12-15 08:21:07 - [TEST_STEP][PASSED] - takeScreenshot(screenPath + i + ".png"): Taking screenshot successfully

2019-12-15 08:21:07 - [MESSAGE][PASSED] - Taking screenshot successfully
[[ATTACHMENT|D:\\Test\\AgileTest\\Reports\\AHI\\stm\\20191215_080038\\../Screenshots/iPhone 6/stm/Slaico/20191215_082022/6.png]]

2019-12-15 08:21:07 - [TEST_STEP][PASSED] - (internal.GlobalVariable.i++): null

2019-12-15 08:21:07 - [MESSAGE][PASSED] - Call Test Case 'Test Cases/AHI/_include/get_screenshot' successfully

2019-12-15 08:21:07 - [MESSAGE][PASSED] - Call Test Case 'Test Cases/AHI/_include/apply_stm' successfully

2019-12-15 08:21:07 - [TEST_STEP][PASSED] - callTestCase(findTestCase("AHI/_include/goToEnd_stm_autofill"), [:], STOP_ON_FAILURE): Call Test Case 'Test Cases/AHI/_include/goToEnd_stm_autofill' successfully

2019-12-15 08:21:07 - [TEST_CASE][PASSED] - Test Cases/AHI/_include/goToEnd_stm_autofill: Test Cases/AHI/_include/goToEnd_stm_autofill

2019-12-15 08:21:07 - [TEST_STEP][PASSED] - callTestCase(findTestCase("AHI/_include/name"), [:], CONTINUE_ON_FAILURE): Call Test Case 'Test Cases/AHI/_include/name' successfully

2019-12-15 08:21:07 - [TEST_CASE][PASSED] - Test Cases/AHI/_include/name: Test Cases/AHI/_include/name

2019-12-15 08:21:07 - [TEST_STEP][PASSED] - driver = getWebDriver(): null

2019-12-15 08:21:07 - [TEST_STEP][PASSED] - selenium = new com.thoughtworks.selenium.webdriven.WebDriverBackedSelenium(driver, internal.GlobalVariable.ENV): null

2019-12-15 08:21:07 - [TEST_STEP][PASSED] - FirstName = "Test-123": null

2019-12-15 08:21:07 - [TEST_STEP][PASSED] - LastName = selenium.getEval("{var x="ABCDEFGHIJKLMNOPQRSTUVWXYZabcdefghijklmnopqrstuvwxyz"; var tmp="ZZ11-"; for (i=0;i<8;i++) tmp+=x.charAt(Math.ceil(51*Math.random()));tmp;}"): null

2019-12-15 08:21:07 - [TEST_STEP][PASSED] - Address = selenium.getEval("{var x="ABCDEFGHIJKLMNOPQRSTUVWXYZabcdefghijklmnopqrstuvwxyz"; var tmp=""; for (i=0;i<8;i++) tmp+=x.charAt(Math.ceil(51*Math.random()));tmp;}"): null

2019-12-15 08:21:07 - [TEST_STEP][PASSED] - City = selenium.getEval("{var x="ABCDEFGHIJKLMNOPQRSTUVWXYZabcdefghijklmnopqrstuvwxyz"; var tmp=""; for (i=0;i<8;i++) tmp+=x.charAt(Math.ceil(51*Math.random()));tmp;}"): null

2019-12-15 08:21:07 - [TEST_STEP][PASSED] - tel1 = selenium.getEval("{var x="123456789"; var tmp=""; for (i=0;i<3;i++) tmp+=x.charAt(Math.ceil(8*Math.random()));tmp;}"): null

2019-12-15 08:21:07 - [TEST_STEP][PASSED] - tel2 = selenium.getEval("{var x="123456789"; var tmp=""; for (i=0;i<3;i++) tmp+=x.charAt(Math.ceil(8*Math.random()));tmp;}"): null

2019-12-15 08:21:07 - [TEST_STEP][PASSED] - tel3 = selenium.getEval("{var x="123456789"; var tmp=""; for (i=0;i<4;i++) tmp+=x.charAt(Math.ceil(8*Math.random()));tmp;}"): null

2019-12-15 08:21:07 - [TEST_STEP][PASSED] - Tel = selenium.getExpression(tel1 + "-" + tel2 + "-" + tel3): null

2019-12-15 08:21:07 - [TEST_STEP][PASSED] - AutoEmail = selenium.getEval("{var x="ABCDEFGHIJKLMNOPQRSTUVWXYZabcdefghijklmnopqrstuvwxyz"; var tmp="test."; for (i=0;i<8;i++) tmp+=x.charAt(Math.ceil(51*Math.random()));tmp+="@suryani.cn";}"): null

2019-12-15 08:21:08 - [TEST_STEP][PASSED] - FirstName = FirstName: null

2019-12-15 08:21:08 - [TEST_STEP][PASSED] - LastName = LastName: null

2019-12-15 08:21:08 - [TEST_STEP][PASSED] - Address = Address: null

2019-12-15 08:21:08 - [TEST_STEP][PASSED] - City = City: null

2019-12-15 08:21:08 - [TEST_STEP][PASSED] - Tel = Tel: null

2019-12-15 08:21:08 - [TEST_STEP][PASSED] - AutoEmail = AutoEmail: null

2019-12-15 08:21:08 - [TEST_STEP][PASSED] - println(FirstName): null

2019-12-15 08:21:08 - [TEST_STEP][PASSED] - println(LastName): null

2019-12-15 08:21:08 - [TEST_STEP][PASSED] - println(Address): null

2019-12-15 08:21:08 - [TEST_STEP][PASSED] - println(City): null

2019-12-15 08:21:08 - [TEST_STEP][PASSED] - println(Tel): null

2019-12-15 08:21:08 - [TEST_STEP][PASSED] - println(AutoEmail): null

2019-12-15 08:21:08 - [MESSAGE][PASSED] - Call Test Case 'Test Cases/AHI/_include/name' successfully

2019-12-15 08:21:08 - [TEST_STEP][FAILED] - try: Unable to verify text 'Month Duration Acknowledgement' is present  (Root cause: com.kms.katalon.core.exception.StepFailedException: Text 'Month Duration Acknowledgement' is not present on page )

2019-12-15 08:21:08 - [TEST_STEP][FAILED] - if (verifyTextPresent("Month Duration Acknowledgement", false)): Unable to verify text 'Month Duration Acknowledgement' is present  (Root cause: com.kms.katalon.core.exception.StepFailedException: Text 'Month Duration Acknowledgement' is not present on page )

2019-12-15 08:21:08 - [MESSAGE][FAILED] - Text 'Month Duration Acknowledgement' is not present on page 

2019-12-15 08:21:08 - [MESSAGE][FAILED] - Unable to verify text 'Month Duration Acknowledgement' is present  (Root cause: com.kms.katalon.core.exception.StepFailedException: Text 'Month Duration Acknowledgement' is not present on page )
[[ATTACHMENT|D:\\Test\\AgileTest\\Reports\\AHI\\stm\\20191215_080038\\1576416068439.png]]

2019-12-15 08:21:08 - [TEST_STEP][PASSED] - catch (Exception e): null

2019-12-15 08:21:08 - [TEST_STEP][PASSED] - println("no consecutive"): null

2019-12-15 08:21:08 - [TEST_STEP][PASSED] - waitForPageLoad(10): Wait for page load successfully

2019-12-15 08:21:08 - [MESSAGE][PASSED] - Wait for page load successfully

2019-12-15 08:21:08 - [TEST_STEP][PASSED] - Thread.sleep(3000): null

2019-12-15 08:21:11 - [TEST_STEP][PASSED] - waitForElementVisible(findTestObject("mobileSanity/STM/Page_App Page 1/a_Autofill App Info"), 20): Object 'Object Repository/mobileSanity/STM/Page_App Page 1/a_Autofill App Info' is visible

2019-12-15 08:21:11 - [MESSAGE][PASSED] - Object 'Object Repository/mobileSanity/STM/Page_App Page 1/a_Autofill App Info' is visible

2019-12-15 08:21:11 - [TEST_STEP][PASSED] - click(findTestObject("mobileSanity/STM/Page_App Page 1/a_Autofill App Info")): Object: 'Object Repository/mobileSanity/STM/Page_App Page 1/a_Autofill App Info' is clicked on

2019-12-15 08:21:12 - [MESSAGE][PASSED] - Object: 'Object Repository/mobileSanity/STM/Page_App Page 1/a_Autofill App Info' is clicked on

2019-12-15 08:21:12 - [TEST_STEP][PASSED] - Thread.sleep(1000): null

2019-12-15 08:21:13 - [TEST_STEP][PASSED] - click(findTestObject("mobileSanity/STM/Page_App Page 1/a_Autofill App Info")): Object: 'Object Repository/mobileSanity/STM/Page_App Page 1/a_Autofill App Info' is clicked on

2019-12-15 08:21:13 - [MESSAGE][PASSED] - Object: 'Object Repository/mobileSanity/STM/Page_App Page 1/a_Autofill App Info' is clicked on

2019-12-15 08:21:13 - [TEST_STEP][PASSED] - Thread.sleep(1000): null

2019-12-15 08:21:14 - [TEST_STEP][PASSED] - waitForElementVisible(findTestObject("mobileSanity/STM/Page_App Page 1/a_Continue"), 20): Object 'Object Repository/mobileSanity/STM/Page_App Page 1/a_Continue' is visible

2019-12-15 08:21:14 - [MESSAGE][PASSED] - Object 'Object Repository/mobileSanity/STM/Page_App Page 1/a_Continue' is visible

2019-12-15 08:21:14 - [TEST_STEP][PASSED] - click(findTestObject("mobileSanity/STM/Page_App Page 1/a_Continue")): Object: 'Object Repository/mobileSanity/STM/Page_App Page 1/a_Continue' is clicked on

2019-12-15 08:21:14 - [MESSAGE][PASSED] - Object: 'Object Repository/mobileSanity/STM/Page_App Page 1/a_Continue' is clicked on

2019-12-15 08:21:14 - [TEST_STEP][PASSED] - waitForPageLoad(20): Wait for page load successfully

2019-12-15 08:21:14 - [MESSAGE][PASSED] - Wait for page load successfully

2019-12-15 08:21:14 - [TEST_STEP][PASSED] - Thread.sleep(5000): null

2019-12-15 08:21:19 - [TEST_STEP][PASSED] - callTestCase(findTestCase("AHI/_include/get_screenshot"), [:], STOP_ON_FAILURE): Call Test Case 'Test Cases/AHI/_include/get_screenshot' successfully

2019-12-15 08:21:19 - [TEST_CASE][PASSED] - Test Cases/AHI/_include/get_screenshot: Test Cases/AHI/_include/get_screenshot

2019-12-15 08:21:19 - [TEST_STEP][PASSED] - takeScreenshot(screenPath + i + ".png"): Taking screenshot successfully

2019-12-15 08:21:20 - [MESSAGE][PASSED] - Taking screenshot successfully
[[ATTACHMENT|D:\\Test\\AgileTest\\Reports\\AHI\\stm\\20191215_080038\\../Screenshots/iPhone 6/stm/Slaico/20191215_082022/7.png]]

2019-12-15 08:21:20 - [TEST_STEP][PASSED] - (internal.GlobalVariable.i++): null

2019-12-15 08:21:20 - [MESSAGE][PASSED] - Call Test Case 'Test Cases/AHI/_include/get_screenshot' successfully

2019-12-15 08:21:20 - [TEST_STEP][PASSED] - click(findTestObject("mobileSanity/STM/Page_App Page 2/a_Continue to Step 3 - Payment")): Object: 'Object Repository/mobileSanity/STM/Page_App Page 2/a_Continue to Step 3 - Payment' is clicked on

2019-12-15 08:21:20 - [MESSAGE][PASSED] - Object: 'Object Repository/mobileSanity/STM/Page_App Page 2/a_Continue to Step 3 - Payment' is clicked on

2019-12-15 08:21:20 - [TEST_STEP][PASSED] - waitForPageLoad(20): Wait for page load successfully

2019-12-15 08:21:20 - [MESSAGE][PASSED] - Wait for page load successfully

2019-12-15 08:21:20 - [TEST_STEP][PASSED] - waitForElementVisible(findTestObject("mobileSanity/STM/Page_App Page 3/input__credit-card-cvv"), 20): Object 'Object Repository/mobileSanity/STM/Page_App Page 3/input__credit-card-cvv' is visible

2019-12-15 08:21:20 - [MESSAGE][PASSED] - Object 'Object Repository/mobileSanity/STM/Page_App Page 3/input__credit-card-cvv' is visible

2019-12-15 08:21:20 - [TEST_STEP][PASSED] - Thread.sleep(2000): null

2019-12-15 08:21:22 - [TEST_STEP][PASSED] - callTestCase(findTestCase("AHI/_include/get_screenshot"), [:], STOP_ON_FAILURE): Call Test Case 'Test Cases/AHI/_include/get_screenshot' successfully

2019-12-15 08:21:23 - [TEST_CASE][PASSED] - Test Cases/AHI/_include/get_screenshot: Test Cases/AHI/_include/get_screenshot

2019-12-15 08:21:23 - [TEST_STEP][PASSED] - takeScreenshot(screenPath + i + ".png"): Taking screenshot successfully

2019-12-15 08:21:23 - [MESSAGE][PASSED] - Taking screenshot successfully
[[ATTACHMENT|D:\\Test\\AgileTest\\Reports\\AHI\\stm\\20191215_080038\\../Screenshots/iPhone 6/stm/Slaico/20191215_082022/8.png]]

2019-12-15 08:21:23 - [TEST_STEP][PASSED] - (internal.GlobalVariable.i++): null

2019-12-15 08:21:23 - [MESSAGE][PASSED] - Call Test Case 'Test Cases/AHI/_include/get_screenshot' successfully

2019-12-15 08:21:23 - [TEST_STEP][PASSED] - clearText(findTestObject("mobileSanity/STM/Page_App Page 3/input__credit-card-cvv")): Text of object 'Object Repository/mobileSanity/STM/Page_App Page 3/input__credit-card-cvv' is cleared

2019-12-15 08:21:23 - [MESSAGE][PASSED] - Text of object 'Object Repository/mobileSanity/STM/Page_App Page 3/input__credit-card-cvv' is cleared

2019-12-15 08:21:23 - [TEST_STEP][PASSED] - setText(findTestObject("mobileSanity/STM/Page_App Page 3/input__credit-card-cvv"), "123"): Text '123' is set on object 'Object Repository/mobileSanity/STM/Page_App Page 3/input__credit-card-cvv'

2019-12-15 08:21:23 - [MESSAGE][PASSED] - Text '123' is set on object 'Object Repository/mobileSanity/STM/Page_App Page 3/input__credit-card-cvv'

2019-12-15 08:21:23 - [TEST_STEP][PASSED] - click(findTestObject("mobileSanity/STM/Page_App Page 3/label_I Accept Authorization f")): Object: 'Object Repository/mobileSanity/STM/Page_App Page 3/label_I Accept Authorization f' is clicked on

2019-12-15 08:21:23 - [MESSAGE][PASSED] - Object: 'Object Repository/mobileSanity/STM/Page_App Page 3/label_I Accept Authorization f' is clicked on

2019-12-15 08:21:23 - [TEST_STEP][PASSED] - click(findTestObject("mobileSanity/STM/Page_App Page 3/a_Continue to Step 4 - Review")): Object: 'Object Repository/mobileSanity/STM/Page_App Page 3/a_Continue to Step 4 - Review' is clicked on

2019-12-15 08:21:24 - [MESSAGE][PASSED] - Object: 'Object Repository/mobileSanity/STM/Page_App Page 3/a_Continue to Step 4 - Review' is clicked on

2019-12-15 08:21:24 - [TEST_STEP][PASSED] - waitForPageLoad(10): Wait for page load successfully

2019-12-15 08:21:24 - [MESSAGE][PASSED] - Wait for page load successfully

2019-12-15 08:21:24 - [TEST_STEP][PASSED] - waitForElementClickable(findTestObject("mobileSanity/STM/Page_App Page 4/label"), 10): Object 'Object Repository/mobileSanity/STM/Page_App Page 4/label' is clickable

2019-12-15 08:21:24 - [MESSAGE][PASSED] - Object 'Object Repository/mobileSanity/STM/Page_App Page 4/label' is clickable

2019-12-15 08:21:24 - [TEST_STEP][PASSED] - Thread.sleep(2000): null

2019-12-15 08:21:26 - [TEST_STEP][PASSED] - callTestCase(findTestCase("AHI/_include/get_screenshot"), [:], STOP_ON_FAILURE): Call Test Case 'Test Cases/AHI/_include/get_screenshot' successfully

2019-12-15 08:21:26 - [TEST_CASE][PASSED] - Test Cases/AHI/_include/get_screenshot: Test Cases/AHI/_include/get_screenshot

2019-12-15 08:21:26 - [TEST_STEP][PASSED] - takeScreenshot(screenPath + i + ".png"): Taking screenshot successfully

2019-12-15 08:21:26 - [MESSAGE][PASSED] - Taking screenshot successfully
[[ATTACHMENT|D:\\Test\\AgileTest\\Reports\\AHI\\stm\\20191215_080038\\../Screenshots/iPhone 6/stm/Slaico/20191215_082022/9.png]]

2019-12-15 08:21:26 - [TEST_STEP][PASSED] - (internal.GlobalVariable.i++): null

2019-12-15 08:21:26 - [MESSAGE][PASSED] - Call Test Case 'Test Cases/AHI/_include/get_screenshot' successfully

2019-12-15 08:21:26 - [TEST_STEP][PASSED] - click(findTestObject("mobileSanity/STM/Page_App Page 4/label")): Object: 'Object Repository/mobileSanity/STM/Page_App Page 4/label' is clicked on

2019-12-15 08:21:27 - [MESSAGE][PASSED] - Object: 'Object Repository/mobileSanity/STM/Page_App Page 4/label' is clicked on

2019-12-15 08:21:27 - [TEST_STEP][PASSED] - click(findTestObject("mobileSanity/STM/Page_App Page 4/div_CLICK TO SIGN")): Object: 'Object Repository/mobileSanity/STM/Page_App Page 4/div_CLICK TO SIGN' is clicked on

2019-12-15 08:21:27 - [MESSAGE][PASSED] - Object: 'Object Repository/mobileSanity/STM/Page_App Page 4/div_CLICK TO SIGN' is clicked on

2019-12-15 08:21:27 - [TEST_STEP][PASSED] - click(findTestObject("mobileSanity/STM/Page_App Page 4/a_Submit Your Application")): Object: 'Object Repository/mobileSanity/STM/Page_App Page 4/a_Submit Your Application' is clicked on

2019-12-15 08:21:27 - [MESSAGE][PASSED] - Object: 'Object Repository/mobileSanity/STM/Page_App Page 4/a_Submit Your Application' is clicked on

2019-12-15 08:21:27 - [TEST_STEP][PASSED] - Thread.sleep(30000): null

2019-12-15 08:21:57 - [TEST_STEP][PASSED] - waitForElementPresent(findTestObject("mobileSanity/STM/Page_App Page 6/app-page-wrapper"), 20): Object 'Object Repository/mobileSanity/STM/Page_App Page 6/app-page-wrapper' is present

2019-12-15 08:21:57 - [MESSAGE][PASSED] - Object 'Object Repository/mobileSanity/STM/Page_App Page 6/app-page-wrapper' is present

2019-12-15 08:21:57 - [TEST_STEP][PASSED] - callTestCase(findTestCase("AHI/_include/get_screenshot"), [:], STOP_ON_FAILURE): Call Test Case 'Test Cases/AHI/_include/get_screenshot' successfully

2019-12-15 08:21:57 - [TEST_CASE][PASSED] - Test Cases/AHI/_include/get_screenshot: Test Cases/AHI/_include/get_screenshot

2019-12-15 08:21:57 - [TEST_STEP][PASSED] - takeScreenshot(screenPath + i + ".png"): Taking screenshot successfully

2019-12-15 08:21:58 - [MESSAGE][PASSED] - Taking screenshot successfully
[[ATTACHMENT|D:\\Test\\AgileTest\\Reports\\AHI\\stm\\20191215_080038\\../Screenshots/iPhone 6/stm/Slaico/20191215_082022/10.png]]

2019-12-15 08:21:58 - [TEST_STEP][PASSED] - (internal.GlobalVariable.i++): null

2019-12-15 08:21:58 - [MESSAGE][PASSED] - Call Test Case 'Test Cases/AHI/_include/get_screenshot' successfully

2019-12-15 08:21:58 - [MESSAGE][PASSED] - Call Test Case 'Test Cases/AHI/_include/goToEnd_stm_autofill' successfully]]></system-out>
         <system-err><![CDATA[]]></system-err>
      </testcase>
      <system-out><![CDATA[2019-12-15 08:09:34 - [TEST_SUITE][PASSED] - stm: Test Cases/AHI/stm/Slaico]]></system-out>
      <system-err><![CDATA[]]></system-err>
   </testsuite>
</testsuites>
