<?xml version="1.0" encoding="UTF-8"?>
<testsuites name="stm" time="696" tests="2" failures="4" errors="1">
   <testsuite name="stm" tests="2" failures="4" errors="1" time="696" timestamp="2019-04-09 18:36:51" hostname="denisyu - 172.16.86.34" id="Test Suites/mobileWeb/stm">
      <properties>
         <property name="deviceName" value=""/>
         <property name="devicePlatform" value=""/>
         <property name="logFolder" value="/Users/denisyu/workplace/test/AgileTest/Reports/mobileWeb/stm/20190409_183636"/>
         <property name="logFiles" value="/Users/denisyu/workplace/test/AgileTest/Reports/mobileWeb/stm/20190409_183636/execution0.log"/>
         <property name="attachments" value="../Screenshots/mobileWeb/stm/Slaico/20190409_183652/image0.png, ../Screenshots/mobileWeb/stm/Slaico/20190409_183652/1.png, ../Screenshots/mobileWeb/stm/Slaico/20190409_183652/2.png, ../Screenshots/mobileWeb/stm/Slaico/20190409_183652/3.png, ../Screenshots/mobileWeb/stm/AdvantHealth/20190409_183928/0.png, ../Screenshots/mobileWeb/stm/AdvantHealth/20190409_183928/1.png, ../Screenshots/mobileWeb/stm/AdvantHealth/20190409_183928/2.png, ../Screenshots/mobileWeb/stm/AdvantHealth/20190409_183928/3.png, ../Screenshots/mobileWeb/stm/AdvantHealth/20190409_183928/4.png, ../Screenshots/mobileWeb/stm/AdvantHealth/20190409_183928/5.png, ../Screenshots/mobileWeb/stm/AdvantHealth/20190409_183928/6.png, ../Screenshots/mobileWeb/stm/AdvantHealth/20190409_183928/7.png, ../Screenshots/mobileWeb/stm/AdvantHealth/20190409_183928/8.png, ../Screenshots/mobileWeb/stm/AdvantHealth/20190409_183928/9.png, ../Screenshots/mobileWeb/stm/Companion/20190409_184124/0.png, ../Screenshots/mobileWeb/stm/Companion/20190409_184124/1.png, ../Screenshots/mobileWeb/stm/Companion/20190409_184124/2.png, /Users/denisyu/workplace/test/AgileTest/Reports/mobileWeb/stm/20190409_183636/1554806505227.png, ../Screenshots/mobileWeb/stm/Everest/20190409_184146/0.png, ../Screenshots/mobileWeb/stm/Everest/20190409_184146/1.png, ../Screenshots/mobileWeb/stm/Everest/20190409_184146/2.png, ../Screenshots/mobileWeb/stm/Everest/20190409_184146/3.png, ../Screenshots/mobileWeb/stm/Everest/20190409_184146/4.png, /Users/denisyu/workplace/test/AgileTest/Reports/mobileWeb/stm/20190409_183636/1554806536093.png, ../Screenshots/mobileWeb/stm/Everest Prime/20190409_184216/0.png, ../Screenshots/mobileWeb/stm/Everest Prime/20190409_184216/1.png, ../Screenshots/mobileWeb/stm/Everest Prime/20190409_184216/2.png, ../Screenshots/mobileWeb/stm/Everest Prime/20190409_184216/3.png, ../Screenshots/mobileWeb/stm/Everest Prime/20190409_184216/4.png, ../Screenshots/mobileWeb/stm/Everest Prime/20190409_184216/5.png, ../Screenshots/mobileWeb/stm/Everest Prime/20190409_184216/6.png, ../Screenshots/mobileWeb/stm/Everest Prime/20190409_184216/7.png, ../Screenshots/mobileWeb/stm/Everest Prime/20190409_184216/8.png, ../Screenshots/mobileWeb/stm/Everest Prime/20190409_184216/9.png, ../Screenshots/mobileWeb/stm/Everest Prime/20190409_184216/10.png, ../Screenshots/mobileWeb/stm/Everest Prime/20190409_184216/11.png, ../Screenshots/mobileWeb/stm/Everest Prime/20190409_184216/12.png, ../Screenshots/mobileWeb/stm/LifeShield/20190409_184508/0.png, ../Screenshots/mobileWeb/stm/LifeShield/20190409_184508/1.png, ../Screenshots/mobileWeb/stm/LifeShield/20190409_184508/2.png, ../Screenshots/mobileWeb/stm/LifeShield/20190409_184508/3.png, ../Screenshots/mobileWeb/stm/LifeShield/20190409_184508/4.png, ../Screenshots/mobileWeb/stm/LifeShield/20190409_184508/5.png, ../Screenshots/mobileWeb/stm/LifeShield/20190409_184508/6.png, /Users/denisyu/workplace/test/AgileTest/Reports/mobileWeb/stm/20190409_183636/1554806795341.png, ../Screenshots/mobileWeb/stm/National General/20190409_184637/0.png, ../Screenshots/mobileWeb/stm/National General/20190409_184637/1.png, ../Screenshots/mobileWeb/stm/National General/20190409_184637/2.png, ../Screenshots/mobileWeb/stm/National General/20190409_184637/3.png, ../Screenshots/mobileWeb/stm/National General/20190409_184637/4.png, ../Screenshots/mobileWeb/stm/National General/20190409_184637/5.png, ../Screenshots/mobileWeb/stm/National General/20190409_184637/6.png, ../Screenshots/mobileWeb/stm/National General/20190409_184637/7.png, /Users/denisyu/workplace/test/AgileTest/Reports/mobileWeb/stm/20190409_183636/1554806907215.png"/>
         <property name="hostName" value="denisyu - 172.16.86.34"/>
         <property name="os" value="Mac OS X 64bit"/>
         <property name="katalonVersion" value="5.10.1.1"/>
         <property name="browser" value="Safari 11"/>
         <property name="hostAddress" value="172.16.86.34"/>
         <property name="sessionId" value="2fd4b55bf5646dafda8ce5f703e770f6"/>
         <property name="seleniumVersion" value="3.7.1"/>
         <property name="proxyInformation" value="ProxyInformation{proxyOption=NO_PROXY, proxyServerType=HTTP, password=, proxyServerAddress=, proxyServerPort=0}"/>
         <property name="platform" value="Mac OS X"/>
      </properties>
      <testcase name="Test Cases/mobileWeb/stm/Slaico" classname="Test Cases/mobileWeb/stm/Slaico" status="ERROR">
         <error type="ERROR" message="Test Cases/mobileWeb/stm/Slaico FAILED.
Reason:
com.thoughtworks.selenium.SeleniumException: Timed out waiting for action to finish
	at com.thoughtworks.selenium.webdriven.Timer.run(Timer.java:46)
	at com.thoughtworks.selenium.webdriven.WebDriverCommandProcessor.execute(WebDriverCommandProcessor.java:150)
	at com.thoughtworks.selenium.webdriven.WebDriverCommandProcessor.doCommand(WebDriverCommandProcessor.java:76)
	at com.thoughtworks.selenium.DefaultSelenium.click(DefaultSelenium.java:198)
	at com.thoughtworks.selenium.Selenium$click.call(Unknown Source)
	at goToDetail_stm.run(goToDetail_stm:30)
	at com.kms.katalon.core.main.ScriptEngine.run(ScriptEngine.java:194)
	at com.kms.katalon.core.main.ScriptEngine.runScriptAsRawText(ScriptEngine.java:119)
	at com.kms.katalon.core.main.TestCaseExecutor.runScript(TestCaseExecutor.java:328)
	at com.kms.katalon.core.main.TestCaseExecutor.doExecute(TestCaseExecutor.java:319)
	at com.kms.katalon.core.main.TestCaseExecutor.processExecutionPhase(TestCaseExecutor.java:298)
	at com.kms.katalon.core.main.TestCaseExecutor.accessMainPhase(TestCaseExecutor.java:290)
	at com.kms.katalon.core.main.TestCaseExecutor.execute(TestCaseExecutor.java:224)
	at com.kms.katalon.core.main.TestCaseMain.runTestCase(TestCaseMain.java:106)
	at com.kms.katalon.core.keyword.builtin.CallTestCaseKeyword$_callTestCase_closure1.doCall(CallTestCaseKeyword.groovy:59)
	at com.kms.katalon.core.keyword.builtin.CallTestCaseKeyword$_callTestCase_closure1.call(CallTestCaseKeyword.groovy)
	at com.kms.katalon.core.keyword.internal.KeywordMain.runKeyword(KeywordMain.groovy:54)
	at com.kms.katalon.core.keyword.builtin.CallTestCaseKeyword.callTestCase(CallTestCaseKeyword.groovy:80)
	at com.kms.katalon.core.keyword.builtin.CallTestCaseKeyword.execute(CallTestCaseKeyword.groovy:44)
	at com.kms.katalon.core.keyword.internal.KeywordExecutor.executeKeywordForPlatform(KeywordExecutor.groovy:53)
	at com.kms.katalon.core.keyword.BuiltinKeywords.callTestCase(BuiltinKeywords.groovy:334)
	at Slaico.run(Slaico:38)
	at com.kms.katalon.core.main.ScriptEngine.run(ScriptEngine.java:194)
	at com.kms.katalon.core.main.ScriptEngine.runScriptAsRawText(ScriptEngine.java:119)
	at com.kms.katalon.core.main.TestCaseExecutor.runScript(TestCaseExecutor.java:328)
	at com.kms.katalon.core.main.TestCaseExecutor.doExecute(TestCaseExecutor.java:319)
	at com.kms.katalon.core.main.TestCaseExecutor.processExecutionPhase(TestCaseExecutor.java:298)
	at com.kms.katalon.core.main.TestCaseExecutor.accessMainPhase(TestCaseExecutor.java:290)
	at com.kms.katalon.core.main.TestCaseExecutor.execute(TestCaseExecutor.java:224)
	at com.kms.katalon.core.main.TestSuiteExecutor.accessTestCaseMainPhase(TestSuiteExecutor.java:129)
	at com.kms.katalon.core.main.TestSuiteExecutor.accessTestSuiteMainPhase(TestSuiteExecutor.java:112)
	at com.kms.katalon.core.main.TestSuiteExecutor.execute(TestSuiteExecutor.java:81)
	at com.kms.katalon.core.main.TestCaseMain.startTestSuite(TestCaseMain.java:149)
	at com.kms.katalon.core.main.TestCaseMain$startTestSuite$0.call(Unknown Source)
	at TempTestSuite1554806206518.run(TempTestSuite1554806206518.groovy:36)
"/>
         <system-out><![CDATA[2019-04-09 18:36:51 - [TEST_CASE][ERROR] - Test Cases/mobileWeb/stm/Slaico: Test Cases/mobileWeb/stm/Slaico FAILED.
Reason:
com.thoughtworks.selenium.SeleniumException: Timed out waiting for action to finish
	at com.thoughtworks.selenium.webdriven.Timer.run(Timer.java:46)
	at com.thoughtworks.selenium.webdriven.WebDriverCommandProcessor.execute(WebDriverCommandProcessor.java:150)
	at com.thoughtworks.selenium.webdriven.WebDriverCommandProcessor.doCommand(WebDriverCommandProcessor.java:76)
	at com.thoughtworks.selenium.DefaultSelenium.click(DefaultSelenium.java:198)
	at com.thoughtworks.selenium.Selenium$click.call(Unknown Source)
	at goToDetail_stm.run(goToDetail_stm:30)
	at com.kms.katalon.core.main.ScriptEngine.run(ScriptEngine.java:194)
	at com.kms.katalon.core.main.ScriptEngine.runScriptAsRawText(ScriptEngine.java:119)
	at com.kms.katalon.core.main.TestCaseExecutor.runScript(TestCaseExecutor.java:328)
	at com.kms.katalon.core.main.TestCaseExecutor.doExecute(TestCaseExecutor.java:319)
	at com.kms.katalon.core.main.TestCaseExecutor.processExecutionPhase(TestCaseExecutor.java:298)
	at com.kms.katalon.core.main.TestCaseExecutor.accessMainPhase(TestCaseExecutor.java:290)
	at com.kms.katalon.core.main.TestCaseExecutor.execute(TestCaseExecutor.java:224)
	at com.kms.katalon.core.main.TestCaseMain.runTestCase(TestCaseMain.java:106)
	at com.kms.katalon.core.keyword.builtin.CallTestCaseKeyword$_callTestCase_closure1.doCall(CallTestCaseKeyword.groovy:59)
	at com.kms.katalon.core.keyword.builtin.CallTestCaseKeyword$_callTestCase_closure1.call(CallTestCaseKeyword.groovy)
	at com.kms.katalon.core.keyword.internal.KeywordMain.runKeyword(KeywordMain.groovy:54)
	at com.kms.katalon.core.keyword.builtin.CallTestCaseKeyword.callTestCase(CallTestCaseKeyword.groovy:80)
	at com.kms.katalon.core.keyword.builtin.CallTestCaseKeyword.execute(CallTestCaseKeyword.groovy:44)
	at com.kms.katalon.core.keyword.internal.KeywordExecutor.executeKeywordForPlatform(KeywordExecutor.groovy:53)
	at com.kms.katalon.core.keyword.BuiltinKeywords.callTestCase(BuiltinKeywords.groovy:334)
	at Slaico.run(Slaico:38)
	at com.kms.katalon.core.main.ScriptEngine.run(ScriptEngine.java:194)
	at com.kms.katalon.core.main.ScriptEngine.runScriptAsRawText(ScriptEngine.java:119)
	at com.kms.katalon.core.main.TestCaseExecutor.runScript(TestCaseExecutor.java:328)
	at com.kms.katalon.core.main.TestCaseExecutor.doExecute(TestCaseExecutor.java:319)
	at com.kms.katalon.core.main.TestCaseExecutor.processExecutionPhase(TestCaseExecutor.java:298)
	at com.kms.katalon.core.main.TestCaseExecutor.accessMainPhase(TestCaseExecutor.java:290)
	at com.kms.katalon.core.main.TestCaseExecutor.execute(TestCaseExecutor.java:224)
	at com.kms.katalon.core.main.TestSuiteExecutor.accessTestCaseMainPhase(TestSuiteExecutor.java:129)
	at com.kms.katalon.core.main.TestSuiteExecutor.accessTestSuiteMainPhase(TestSuiteExecutor.java:112)
	at com.kms.katalon.core.main.TestSuiteExecutor.execute(TestSuiteExecutor.java:81)
	at com.kms.katalon.core.main.TestCaseMain.startTestSuite(TestCaseMain.java:149)
	at com.kms.katalon.core.main.TestCaseMain$startTestSuite$0.call(Unknown Source)
	at TempTestSuite1554806206518.run(TempTestSuite1554806206518.groovy:36)


2019-04-09 18:36:52 - [TEST_STEP][PASSED] - now = new java.util.Date(): null

2019-04-09 18:36:52 - [TEST_STEP][PASSED] - mydate = now.format("yyyyMMdd_HHmmss"): null

2019-04-09 18:36:52 - [TEST_STEP][PASSED] - screenPath = stmPath + "Slaico/" + mydate + "/": null

2019-04-09 18:36:52 - [TEST_STEP][PASSED] - i = 0: null

2019-04-09 18:36:52 - [TEST_STEP][PASSED] - openBrowser(""): Browser is opened with url: ''

2019-04-09 18:36:53 - [MESSAGE][INFO] - Starting 'Chrome' driver

2019-04-09 18:36:53 - [MESSAGE][INFO] - User set preference: ['mobileEmulation', '{deviceName=iPhone X}']

2019-04-09 18:36:53 - [MESSAGE][INFO] - User set preference: ['args', '[]']

2019-04-09 18:36:53 - [MESSAGE][INFO] - Action delay is set to 0 seconds

2019-04-09 18:36:57 - [MESSAGE][PASSED] - Browser is opened with url: ''

2019-04-09 18:36:57 - [TEST_STEP][PASSED] - navigateToUrl(ENV): Navigate to 'https://praetemptatus.agilehealthinsurance.com' successfully

2019-04-09 18:37:07 - [MESSAGE][PASSED] - Navigate to 'https://praetemptatus.agilehealthinsurance.com' successfully

2019-04-09 18:37:07 - [TEST_STEP][PASSED] - waitForPageLoad(10): Wait for page load successfully

2019-04-09 18:37:07 - [MESSAGE][PASSED] - Wait for page load successfully

2019-04-09 18:37:07 - [TEST_STEP][PASSED] - callTestCase(findTestCase("mobileWeb/_include/get_wholePage"), [:], STOP_ON_FAILURE): Call Test Case 'Test Cases/mobileWeb/_include/get_wholePage' successfully

2019-04-09 18:37:07 - [TEST_CASE][PASSED] - Test Cases/mobileWeb/_include/get_wholePage: Test Cases/mobileWeb/_include/get_wholePage

2019-04-09 18:37:08 - [TEST_STEP][PASSED] - driver = getWebDriver(): null

2019-04-09 18:37:08 - [TEST_STEP][PASSED] - fileName = screenPath + i + ".png": null

2019-04-09 18:37:08 - [TEST_STEP][PASSED] - out = new java.io.File(fileName): null

2019-04-09 18:37:08 - [TEST_STEP][PASSED] - takeScreenshot(screenPath + "image" + i + ".png"): Taking screenshot successfully

2019-04-09 18:37:09 - [MESSAGE][PASSED] - Taking screenshot successfully
[[ATTACHMENT|../Screenshots/mobileWeb/stm/Slaico/20190409_183652/image0.png]]

2019-04-09 18:37:09 - [TEST_STEP][PASSED] - takeEntirePage(driver, out, 500): null

2019-04-09 18:37:09 - [TEST_STEP][PASSED] - screenshot = viewportPasting(timeout)).takeScreenshot(webDriver): null

2019-04-09 18:37:43 - [TEST_STEP][PASSED] - ImageIO.write(screenshot.getImage(), "PNG", file): null

2019-04-09 18:37:43 - [TEST_STEP][PASSED] - (internal.GlobalVariable.i++): null

2019-04-09 18:37:43 - [MESSAGE][PASSED] - Call Test Case 'Test Cases/mobileWeb/_include/get_wholePage' successfully

2019-04-09 18:37:43 - [TEST_STEP][PASSED] - callTestCase(findTestCase("mobileWeb/_include/census_stm"), ["zipcode":"60602"], STOP_ON_FAILURE): Call Test Case 'Test Cases/mobileWeb/_include/census_stm' successfully

2019-04-09 18:37:43 - [TEST_CASE][PASSED] - Test Cases/mobileWeb/_include/census_stm: Test Cases/mobileWeb/_include/census_stm

2019-04-09 18:37:44 - [TEST_STEP][PASSED] - waitForElementClickable(findTestObject("mobileSanity/STM/Home Page/a_Quote  Save Today"), 10): Object 'Object Repository/mobileSanity/STM/Home Page/a_Quote  Save Today' is clickable

2019-04-09 18:37:44 - [MESSAGE][PASSED] - Object 'Object Repository/mobileSanity/STM/Home Page/a_Quote  Save Today' is clickable

2019-04-09 18:37:44 - [TEST_STEP][PASSED] - click(findTestObject("mobileSanity/STM/Home Page/a_Quote  Save Today")): Object: 'Object Repository/mobileSanity/STM/Home Page/a_Quote  Save Today' is clicked on

2019-04-09 18:37:50 - [MESSAGE][PASSED] - Object: 'Object Repository/mobileSanity/STM/Home Page/a_Quote  Save Today' is clicked on

2019-04-09 18:37:50 - [TEST_STEP][PASSED] - waitForPageLoad(10): Wait for page load successfully

2019-04-09 18:37:50 - [MESSAGE][PASSED] - Wait for page load successfully

2019-04-09 18:37:50 - [TEST_STEP][PASSED] - callTestCase(findTestCase("mobileWeb/_include/get_screenshot"), [:], STOP_ON_FAILURE): Call Test Case 'Test Cases/mobileWeb/_include/get_screenshot' successfully

2019-04-09 18:37:50 - [TEST_CASE][PASSED] - Test Cases/mobileWeb/_include/get_screenshot: Test Cases/mobileWeb/_include/get_screenshot

2019-04-09 18:37:50 - [TEST_STEP][PASSED] - takeScreenshot(screenPath + i + ".png"): Taking screenshot successfully

2019-04-09 18:37:51 - [MESSAGE][PASSED] - Taking screenshot successfully
[[ATTACHMENT|../Screenshots/mobileWeb/stm/Slaico/20190409_183652/1.png]]

2019-04-09 18:37:51 - [TEST_STEP][PASSED] - (internal.GlobalVariable.i++): null

2019-04-09 18:37:51 - [MESSAGE][PASSED] - Call Test Case 'Test Cases/mobileWeb/_include/get_screenshot' successfully

2019-04-09 18:37:51 - [TEST_STEP][PASSED] - setText(findTestObject("mobileSanity/STM/STM Census Page/input_Location_zip-input"), zipcode): Text '60602' is set on object 'Object Repository/mobileSanity/STM/STM Census Page/input_Location_zip-input'

2019-04-09 18:37:51 - [MESSAGE][PASSED] - Text '60602' is set on object 'Object Repository/mobileSanity/STM/STM Census Page/input_Location_zip-input'

2019-04-09 18:37:51 - [TEST_STEP][PASSED] - Thread.sleep(500): null

2019-04-09 18:37:51 - [TEST_STEP][PASSED] - setText(findTestObject("mobileSanity/STM/STM Census Page/input_Date of Birth_dob-0"), "03031987"): Text '03031987' is set on object 'Object Repository/mobileSanity/STM/STM Census Page/input_Date of Birth_dob-0'

2019-04-09 18:37:52 - [MESSAGE][PASSED] - Text '03031987' is set on object 'Object Repository/mobileSanity/STM/STM Census Page/input_Date of Birth_dob-0'

2019-04-09 18:37:52 - [TEST_STEP][PASSED] - click(findTestObject("mobileSanity/STM/STM Census Page/label_Male")): Object: 'Object Repository/mobileSanity/STM/STM Census Page/label_Male' is clicked on

2019-04-09 18:37:52 - [MESSAGE][PASSED] - Object: 'Object Repository/mobileSanity/STM/STM Census Page/label_Male' is clicked on

2019-04-09 18:37:52 - [TEST_STEP][PASSED] - click(findTestObject("mobileSanity/STM/STM Census Page/label_Compare Plans")): Object: 'Object Repository/mobileSanity/STM/STM Census Page/label_Compare Plans' is clicked on

2019-04-09 18:37:52 - [MESSAGE][PASSED] - Object: 'Object Repository/mobileSanity/STM/STM Census Page/label_Compare Plans' is clicked on

2019-04-09 18:37:52 - [TEST_STEP][PASSED] - waitForPageLoad(10): Wait for page load successfully

2019-04-09 18:37:52 - [MESSAGE][PASSED] - Wait for page load successfully

2019-04-09 18:37:52 - [TEST_STEP][PASSED] - callTestCase(findTestCase("mobileWeb/_include/get_screenshot"), [:], STOP_ON_FAILURE): Call Test Case 'Test Cases/mobileWeb/_include/get_screenshot' successfully

2019-04-09 18:37:52 - [TEST_CASE][PASSED] - Test Cases/mobileWeb/_include/get_screenshot: Test Cases/mobileWeb/_include/get_screenshot

2019-04-09 18:37:52 - [TEST_STEP][PASSED] - takeScreenshot(screenPath + i + ".png"): Taking screenshot successfully

2019-04-09 18:38:01 - [MESSAGE][PASSED] - Taking screenshot successfully
[[ATTACHMENT|../Screenshots/mobileWeb/stm/Slaico/20190409_183652/2.png]]

2019-04-09 18:38:01 - [TEST_STEP][PASSED] - (internal.GlobalVariable.i++): null

2019-04-09 18:38:01 - [MESSAGE][PASSED] - Call Test Case 'Test Cases/mobileWeb/_include/get_screenshot' successfully

2019-04-09 18:38:01 - [MESSAGE][PASSED] - Call Test Case 'Test Cases/mobileWeb/_include/census_stm' successfully

2019-04-09 18:38:01 - [TEST_STEP][PASSED] - callTestCase(findTestCase("mobileWeb/_include/filter_stm"), ["carrier":"slaico"], STOP_ON_FAILURE): Call Test Case 'Test Cases/mobileWeb/_include/filter_stm' successfully

2019-04-09 18:38:01 - [TEST_CASE][PASSED] - Test Cases/mobileWeb/_include/filter_stm: Test Cases/mobileWeb/_include/filter_stm

2019-04-09 18:38:02 - [TEST_STEP][PASSED] - driver = getWebDriver(): null

2019-04-09 18:38:02 - [TEST_STEP][PASSED] - selenium = new com.thoughtworks.selenium.webdriven.WebDriverBackedSelenium(driver, internal.GlobalVariable.ENV): null

2019-04-09 18:38:02 - [TEST_STEP][PASSED] - click(findTestObject("mobileSanity/STM/STM Quote Page/button_6 months")): Object: 'Object Repository/mobileSanity/STM/STM Quote Page/button_6 months' is clicked on

2019-04-09 18:38:02 - [MESSAGE][PASSED] - Object: 'Object Repository/mobileSanity/STM/STM Quote Page/button_6 months' is clicked on

2019-04-09 18:38:02 - [TEST_STEP][PASSED] - test.MobileKeywords.clickJS(findTestObject("mobileSanity/STM/STM Quote Page/radio_6 months")): test.MobileKeywords.clickJS is PASSED

2019-04-09 18:38:03 - [MESSAGE][PASSED] - Execute JavaScript 'arguments[0].click()' successfully

2019-04-09 18:38:03 - [MESSAGE][PASSED] - test.MobileKeywords.clickJS is PASSED

2019-04-09 18:38:03 - [TEST_STEP][PASSED] - Thread.sleep(1000): null

2019-04-09 18:38:04 - [TEST_STEP][PASSED] - test.MobileKeywords.clickJS(findTestObject("mobileSanity/STM/STM Quote Page/duration_show_plans")): test.MobileKeywords.clickJS is PASSED

2019-04-09 18:38:04 - [MESSAGE][PASSED] - Execute JavaScript 'arguments[0].click()' successfully

2019-04-09 18:38:04 - [MESSAGE][PASSED] - test.MobileKeywords.clickJS is PASSED

2019-04-09 18:38:04 - [TEST_STEP][PASSED] - waitForJQueryLoad(10, STOP_ON_FAILURE): jQuery is ready.

2019-04-09 18:38:04 - [MESSAGE][PASSED] - jQuery is ready.

2019-04-09 18:38:04 - [TEST_STEP][PASSED] - Thread.sleep(1000): null

2019-04-09 18:38:05 - [TEST_STEP][PASSED] - click(findTestObject("mobileSanity/STM/STM Quote Page/button_filters")): Object: 'Object Repository/mobileSanity/STM/STM Quote Page/button_filters' is clicked on

2019-04-09 18:38:06 - [MESSAGE][PASSED] - Object: 'Object Repository/mobileSanity/STM/STM Quote Page/button_filters' is clicked on

2019-04-09 18:38:06 - [TEST_STEP][PASSED] - Thread.sleep(1000): null

2019-04-09 18:38:07 - [TEST_STEP][PASSED] - click(findTestObject("mobileSanity/STM/STM Quote Page/i_Insurance company")): Object: 'Object Repository/mobileSanity/STM/STM Quote Page/i_Insurance company' is clicked on

2019-04-09 18:38:07 - [MESSAGE][PASSED] - Object: 'Object Repository/mobileSanity/STM/STM Quote Page/i_Insurance company' is clicked on

2019-04-09 18:38:07 - [TEST_STEP][PASSED] - Thread.sleep(1000): null

2019-04-09 18:38:08 - [TEST_STEP][PASSED] - filter_carrier = "//input[@name='filter[carrier]' and @value='" + carrier + "']/following::label": null

2019-04-09 18:38:08 - [TEST_STEP][PASSED] - println(filter_carrier): null

2019-04-09 18:38:08 - [TEST_STEP][PASSED] - test.MobileKeywords.clickJS_ByXpath(filter_carrier): test.MobileKeywords.clickJS_ByXpath is PASSED

2019-04-09 18:38:08 - [MESSAGE][PASSED] - Execute JavaScript 'arguments[0].click()' successfully

2019-04-09 18:38:08 - [MESSAGE][PASSED] - test.MobileKeywords.clickJS_ByXpath is PASSED

2019-04-09 18:38:08 - [TEST_STEP][PASSED] - Thread.sleep(1000): null

2019-04-09 18:38:09 - [TEST_STEP][PASSED] - scrollToElement(findTestObject("mobileSanity/STM/STM Quote Page/a_Show Plans"), 1000): Scroll to object 'Object Repository/mobileSanity/STM/STM Quote Page/a_Show Plans' successfully

2019-04-09 18:38:09 - [MESSAGE][PASSED] - Scroll to object 'Object Repository/mobileSanity/STM/STM Quote Page/a_Show Plans' successfully

2019-04-09 18:38:09 - [TEST_STEP][PASSED] - click(findTestObject("mobileSanity/STM/STM Quote Page/a_Show Plans")): Object: 'Object Repository/mobileSanity/STM/STM Quote Page/a_Show Plans' is clicked on

2019-04-09 18:38:09 - [MESSAGE][PASSED] - Object: 'Object Repository/mobileSanity/STM/STM Quote Page/a_Show Plans' is clicked on

2019-04-09 18:38:09 - [TEST_STEP][PASSED] - waitForJQueryLoad(10, STOP_ON_FAILURE): jQuery is ready.

2019-04-09 18:38:10 - [MESSAGE][PASSED] - jQuery is ready.

2019-04-09 18:38:10 - [TEST_STEP][PASSED] - Thread.sleep(1000): null

2019-04-09 18:38:11 - [TEST_STEP][PASSED] - callTestCase(findTestCase("mobileWeb/_include/get_screenshot"), [:], STOP_ON_FAILURE): Call Test Case 'Test Cases/mobileWeb/_include/get_screenshot' successfully

2019-04-09 18:38:11 - [TEST_CASE][PASSED] - Test Cases/mobileWeb/_include/get_screenshot: Test Cases/mobileWeb/_include/get_screenshot

2019-04-09 18:38:11 - [TEST_STEP][PASSED] - takeScreenshot(screenPath + i + ".png"): Taking screenshot successfully

2019-04-09 18:38:11 - [MESSAGE][PASSED] - Taking screenshot successfully
[[ATTACHMENT|../Screenshots/mobileWeb/stm/Slaico/20190409_183652/3.png]]

2019-04-09 18:38:11 - [TEST_STEP][PASSED] - (internal.GlobalVariable.i++): null

2019-04-09 18:38:11 - [MESSAGE][PASSED] - Call Test Case 'Test Cases/mobileWeb/_include/get_screenshot' successfully

2019-04-09 18:38:11 - [MESSAGE][PASSED] - Call Test Case 'Test Cases/mobileWeb/_include/filter_stm' successfully

2019-04-09 18:38:11 - [TEST_STEP][ERROR] - callTestCase(findTestCase("mobileWeb/_include/goToDetail_stm"), ["carrier":"slaico"], STOP_ON_FAILURE): callTestCase(findTestCase("mobileWeb/_include/goToDetail_stm"), ["carrier":"slaico"], STOP_ON_FAILURE) FAILED.
Reason:
com.thoughtworks.selenium.SeleniumException: Timed out waiting for action to finish
	at com.thoughtworks.selenium.webdriven.Timer.run(Timer.java:46)
	at com.thoughtworks.selenium.webdriven.WebDriverCommandProcessor.execute(WebDriverCommandProcessor.java:150)
	at com.thoughtworks.selenium.webdriven.WebDriverCommandProcessor.doCommand(WebDriverCommandProcessor.java:76)
	at com.thoughtworks.selenium.DefaultSelenium.click(DefaultSelenium.java:198)
	at com.thoughtworks.selenium.Selenium$click.call(Unknown Source)
	at goToDetail_stm.run(goToDetail_stm:30)
	at com.kms.katalon.core.main.ScriptEngine.run(ScriptEngine.java:194)
	at com.kms.katalon.core.main.ScriptEngine.runScriptAsRawText(ScriptEngine.java:119)
	at com.kms.katalon.core.main.TestCaseExecutor.runScript(TestCaseExecutor.java:328)
	at com.kms.katalon.core.main.TestCaseExecutor.doExecute(TestCaseExecutor.java:319)
	at com.kms.katalon.core.main.TestCaseExecutor.processExecutionPhase(TestCaseExecutor.java:298)
	at com.kms.katalon.core.main.TestCaseExecutor.accessMainPhase(TestCaseExecutor.java:290)
	at com.kms.katalon.core.main.TestCaseExecutor.execute(TestCaseExecutor.java:224)
	at com.kms.katalon.core.main.TestCaseMain.runTestCase(TestCaseMain.java:106)
	at com.kms.katalon.core.keyword.builtin.CallTestCaseKeyword$_callTestCase_closure1.doCall(CallTestCaseKeyword.groovy:59)
	at com.kms.katalon.core.keyword.builtin.CallTestCaseKeyword$_callTestCase_closure1.call(CallTestCaseKeyword.groovy)
	at com.kms.katalon.core.keyword.internal.KeywordMain.runKeyword(KeywordMain.groovy:54)
	at com.kms.katalon.core.keyword.builtin.CallTestCaseKeyword.callTestCase(CallTestCaseKeyword.groovy:80)
	at com.kms.katalon.core.keyword.builtin.CallTestCaseKeyword.execute(CallTestCaseKeyword.groovy:44)
	at com.kms.katalon.core.keyword.internal.KeywordExecutor.executeKeywordForPlatform(KeywordExecutor.groovy:53)
	at com.kms.katalon.core.keyword.BuiltinKeywords.callTestCase(BuiltinKeywords.groovy:334)
	at Slaico.run(Slaico:38)
	at com.kms.katalon.core.main.ScriptEngine.run(ScriptEngine.java:194)
	at com.kms.katalon.core.main.ScriptEngine.runScriptAsRawText(ScriptEngine.java:119)
	at com.kms.katalon.core.main.TestCaseExecutor.runScript(TestCaseExecutor.java:328)
	at com.kms.katalon.core.main.TestCaseExecutor.doExecute(TestCaseExecutor.java:319)
	at com.kms.katalon.core.main.TestCaseExecutor.processExecutionPhase(TestCaseExecutor.java:298)
	at com.kms.katalon.core.main.TestCaseExecutor.accessMainPhase(TestCaseExecutor.java:290)
	at com.kms.katalon.core.main.TestCaseExecutor.execute(TestCaseExecutor.java:224)
	at com.kms.katalon.core.main.TestSuiteExecutor.accessTestCaseMainPhase(TestSuiteExecutor.java:129)
	at com.kms.katalon.core.main.TestSuiteExecutor.accessTestSuiteMainPhase(TestSuiteExecutor.java:112)
	at com.kms.katalon.core.main.TestSuiteExecutor.execute(TestSuiteExecutor.java:81)
	at com.kms.katalon.core.main.TestCaseMain.startTestSuite(TestCaseMain.java:149)
	at com.kms.katalon.core.main.TestCaseMain$startTestSuite$0.call(Unknown Source)
	at TempTestSuite1554806206518.run(TempTestSuite1554806206518.groovy:36)


2019-04-09 18:38:11 - [TEST_CASE][ERROR] - Test Cases/mobileWeb/_include/goToDetail_stm: Test Cases/mobileWeb/_include/goToDetail_stm FAILED.
Reason:
com.thoughtworks.selenium.SeleniumException: Timed out waiting for action to finish
	at com.thoughtworks.selenium.webdriven.Timer.run(Timer.java:46)
	at com.thoughtworks.selenium.webdriven.WebDriverCommandProcessor.execute(WebDriverCommandProcessor.java:150)
	at com.thoughtworks.selenium.webdriven.WebDriverCommandProcessor.doCommand(WebDriverCommandProcessor.java:76)
	at com.thoughtworks.selenium.DefaultSelenium.click(DefaultSelenium.java:198)
	at com.thoughtworks.selenium.Selenium$click.call(Unknown Source)
	at goToDetail_stm.run(goToDetail_stm:30)
	at com.kms.katalon.core.main.ScriptEngine.run(ScriptEngine.java:194)
	at com.kms.katalon.core.main.ScriptEngine.runScriptAsRawText(ScriptEngine.java:119)
	at com.kms.katalon.core.main.TestCaseExecutor.runScript(TestCaseExecutor.java:328)
	at com.kms.katalon.core.main.TestCaseExecutor.doExecute(TestCaseExecutor.java:319)
	at com.kms.katalon.core.main.TestCaseExecutor.processExecutionPhase(TestCaseExecutor.java:298)
	at com.kms.katalon.core.main.TestCaseExecutor.accessMainPhase(TestCaseExecutor.java:290)
	at com.kms.katalon.core.main.TestCaseExecutor.execute(TestCaseExecutor.java:224)
	at com.kms.katalon.core.main.TestCaseMain.runTestCase(TestCaseMain.java:106)
	at com.kms.katalon.core.keyword.builtin.CallTestCaseKeyword$_callTestCase_closure1.doCall(CallTestCaseKeyword.groovy:59)
	at com.kms.katalon.core.keyword.builtin.CallTestCaseKeyword$_callTestCase_closure1.call(CallTestCaseKeyword.groovy)
	at com.kms.katalon.core.keyword.internal.KeywordMain.runKeyword(KeywordMain.groovy:54)
	at com.kms.katalon.core.keyword.builtin.CallTestCaseKeyword.callTestCase(CallTestCaseKeyword.groovy:80)
	at com.kms.katalon.core.keyword.builtin.CallTestCaseKeyword.execute(CallTestCaseKeyword.groovy:44)
	at com.kms.katalon.core.keyword.internal.KeywordExecutor.executeKeywordForPlatform(KeywordExecutor.groovy:53)
	at com.kms.katalon.core.keyword.BuiltinKeywords.callTestCase(BuiltinKeywords.groovy:334)
	at Slaico.run(Slaico:38)
	at com.kms.katalon.core.main.ScriptEngine.run(ScriptEngine.java:194)
	at com.kms.katalon.core.main.ScriptEngine.runScriptAsRawText(ScriptEngine.java:119)
	at com.kms.katalon.core.main.TestCaseExecutor.runScript(TestCaseExecutor.java:328)
	at com.kms.katalon.core.main.TestCaseExecutor.doExecute(TestCaseExecutor.java:319)
	at com.kms.katalon.core.main.TestCaseExecutor.processExecutionPhase(TestCaseExecutor.java:298)
	at com.kms.katalon.core.main.TestCaseExecutor.accessMainPhase(TestCaseExecutor.java:290)
	at com.kms.katalon.core.main.TestCaseExecutor.execute(TestCaseExecutor.java:224)
	at com.kms.katalon.core.main.TestSuiteExecutor.accessTestCaseMainPhase(TestSuiteExecutor.java:129)
	at com.kms.katalon.core.main.TestSuiteExecutor.accessTestSuiteMainPhase(TestSuiteExecutor.java:112)
	at com.kms.katalon.core.main.TestSuiteExecutor.execute(TestSuiteExecutor.java:81)
	at com.kms.katalon.core.main.TestCaseMain.startTestSuite(TestCaseMain.java:149)
	at com.kms.katalon.core.main.TestCaseMain$startTestSuite$0.call(Unknown Source)
	at TempTestSuite1554806206518.run(TempTestSuite1554806206518.groovy:36)


2019-04-09 18:38:11 - [TEST_STEP][PASSED] - driver = getWebDriver(): null

2019-04-09 18:38:11 - [TEST_STEP][PASSED] - selenium = new com.thoughtworks.selenium.webdriven.WebDriverBackedSelenium(driver, internal.GlobalVariable.ENV): null

2019-04-09 18:38:12 - [TEST_STEP][PASSED] - a_plan_name = "xpath=//a[contains(@href,'/term-health-insurance/plan/" + carrier + "')]": null

2019-04-09 18:38:12 - [TEST_STEP][PASSED] - println(a_plan_name): null

2019-04-09 18:38:12 - [TEST_STEP][ERROR] - selenium.click(a_plan_name): selenium.click(a_plan_name) FAILED.
Reason:
com.thoughtworks.selenium.SeleniumException: Timed out waiting for action to finish
	at com.thoughtworks.selenium.webdriven.Timer.run(Timer.java:46)
	at com.thoughtworks.selenium.webdriven.WebDriverCommandProcessor.execute(WebDriverCommandProcessor.java:150)
	at com.thoughtworks.selenium.webdriven.WebDriverCommandProcessor.doCommand(WebDriverCommandProcessor.java:76)
	at com.thoughtworks.selenium.DefaultSelenium.click(DefaultSelenium.java:198)
	at com.thoughtworks.selenium.Selenium$click.call(Unknown Source)
	at goToDetail_stm.run(goToDetail_stm:30)
	at com.kms.katalon.core.main.ScriptEngine.run(ScriptEngine.java:194)
	at com.kms.katalon.core.main.ScriptEngine.runScriptAsRawText(ScriptEngine.java:119)
	at com.kms.katalon.core.main.TestCaseExecutor.runScript(TestCaseExecutor.java:328)
	at com.kms.katalon.core.main.TestCaseExecutor.doExecute(TestCaseExecutor.java:319)
	at com.kms.katalon.core.main.TestCaseExecutor.processExecutionPhase(TestCaseExecutor.java:298)
	at com.kms.katalon.core.main.TestCaseExecutor.accessMainPhase(TestCaseExecutor.java:290)
	at com.kms.katalon.core.main.TestCaseExecutor.execute(TestCaseExecutor.java:224)
	at com.kms.katalon.core.main.TestCaseMain.runTestCase(TestCaseMain.java:106)
	at com.kms.katalon.core.keyword.builtin.CallTestCaseKeyword$_callTestCase_closure1.doCall(CallTestCaseKeyword.groovy:59)
	at com.kms.katalon.core.keyword.builtin.CallTestCaseKeyword$_callTestCase_closure1.call(CallTestCaseKeyword.groovy)
	at com.kms.katalon.core.keyword.internal.KeywordMain.runKeyword(KeywordMain.groovy:54)
	at com.kms.katalon.core.keyword.builtin.CallTestCaseKeyword.callTestCase(CallTestCaseKeyword.groovy:80)
	at com.kms.katalon.core.keyword.builtin.CallTestCaseKeyword.execute(CallTestCaseKeyword.groovy:44)
	at com.kms.katalon.core.keyword.internal.KeywordExecutor.executeKeywordForPlatform(KeywordExecutor.groovy:53)
	at com.kms.katalon.core.keyword.BuiltinKeywords.callTestCase(BuiltinKeywords.groovy:334)
	at Slaico.run(Slaico:38)
	at com.kms.katalon.core.main.ScriptEngine.run(ScriptEngine.java:194)
	at com.kms.katalon.core.main.ScriptEngine.runScriptAsRawText(ScriptEngine.java:119)
	at com.kms.katalon.core.main.TestCaseExecutor.runScript(TestCaseExecutor.java:328)
	at com.kms.katalon.core.main.TestCaseExecutor.doExecute(TestCaseExecutor.java:319)
	at com.kms.katalon.core.main.TestCaseExecutor.processExecutionPhase(TestCaseExecutor.java:298)
	at com.kms.katalon.core.main.TestCaseExecutor.accessMainPhase(TestCaseExecutor.java:290)
	at com.kms.katalon.core.main.TestCaseExecutor.execute(TestCaseExecutor.java:224)
	at com.kms.katalon.core.main.TestSuiteExecutor.accessTestCaseMainPhase(TestSuiteExecutor.java:129)
	at com.kms.katalon.core.main.TestSuiteExecutor.accessTestSuiteMainPhase(TestSuiteExecutor.java:112)
	at com.kms.katalon.core.main.TestSuiteExecutor.execute(TestSuiteExecutor.java:81)
	at com.kms.katalon.core.main.TestCaseMain.startTestSuite(TestCaseMain.java:149)
	at com.kms.katalon.core.main.TestCaseMain$startTestSuite$0.call(Unknown Source)
	at TempTestSuite1554806206518.run(TempTestSuite1554806206518.groovy:36)


2019-04-09 18:39:28 - [MESSAGE][ERROR] - selenium.click(a_plan_name) FAILED.
Reason:
com.thoughtworks.selenium.SeleniumException: Timed out waiting for action to finish
	at com.thoughtworks.selenium.webdriven.Timer.run(Timer.java:46)
	at com.thoughtworks.selenium.webdriven.WebDriverCommandProcessor.execute(WebDriverCommandProcessor.java:150)
	at com.thoughtworks.selenium.webdriven.WebDriverCommandProcessor.doCommand(WebDriverCommandProcessor.java:76)
	at com.thoughtworks.selenium.DefaultSelenium.click(DefaultSelenium.java:198)
	at com.thoughtworks.selenium.Selenium$click.call(Unknown Source)
	at goToDetail_stm.run(goToDetail_stm:30)
	at com.kms.katalon.core.main.ScriptEngine.run(ScriptEngine.java:194)
	at com.kms.katalon.core.main.ScriptEngine.runScriptAsRawText(ScriptEngine.java:119)
	at com.kms.katalon.core.main.TestCaseExecutor.runScript(TestCaseExecutor.java:328)
	at com.kms.katalon.core.main.TestCaseExecutor.doExecute(TestCaseExecutor.java:319)
	at com.kms.katalon.core.main.TestCaseExecutor.processExecutionPhase(TestCaseExecutor.java:298)
	at com.kms.katalon.core.main.TestCaseExecutor.accessMainPhase(TestCaseExecutor.java:290)
	at com.kms.katalon.core.main.TestCaseExecutor.execute(TestCaseExecutor.java:224)
	at com.kms.katalon.core.main.TestCaseMain.runTestCase(TestCaseMain.java:106)
	at com.kms.katalon.core.keyword.builtin.CallTestCaseKeyword$_callTestCase_closure1.doCall(CallTestCaseKeyword.groovy:59)
	at com.kms.katalon.core.keyword.builtin.CallTestCaseKeyword$_callTestCase_closure1.call(CallTestCaseKeyword.groovy)
	at com.kms.katalon.core.keyword.internal.KeywordMain.runKeyword(KeywordMain.groovy:54)
	at com.kms.katalon.core.keyword.builtin.CallTestCaseKeyword.callTestCase(CallTestCaseKeyword.groovy:80)
	at com.kms.katalon.core.keyword.builtin.CallTestCaseKeyword.execute(CallTestCaseKeyword.groovy:44)
	at com.kms.katalon.core.keyword.internal.KeywordExecutor.executeKeywordForPlatform(KeywordExecutor.groovy:53)
	at com.kms.katalon.core.keyword.BuiltinKeywords.callTestCase(BuiltinKeywords.groovy:334)
	at Slaico.run(Slaico:38)
	at com.kms.katalon.core.main.ScriptEngine.run(ScriptEngine.java:194)
	at com.kms.katalon.core.main.ScriptEngine.runScriptAsRawText(ScriptEngine.java:119)
	at com.kms.katalon.core.main.TestCaseExecutor.runScript(TestCaseExecutor.java:328)
	at com.kms.katalon.core.main.TestCaseExecutor.doExecute(TestCaseExecutor.java:319)
	at com.kms.katalon.core.main.TestCaseExecutor.processExecutionPhase(TestCaseExecutor.java:298)
	at com.kms.katalon.core.main.TestCaseExecutor.accessMainPhase(TestCaseExecutor.java:290)
	at com.kms.katalon.core.main.TestCaseExecutor.execute(TestCaseExecutor.java:224)
	at com.kms.katalon.core.main.TestSuiteExecutor.accessTestCaseMainPhase(TestSuiteExecutor.java:129)
	at com.kms.katalon.core.main.TestSuiteExecutor.accessTestSuiteMainPhase(TestSuiteExecutor.java:112)
	at com.kms.katalon.core.main.TestSuiteExecutor.execute(TestSuiteExecutor.java:81)
	at com.kms.katalon.core.main.TestCaseMain.startTestSuite(TestCaseMain.java:149)
	at com.kms.katalon.core.main.TestCaseMain$startTestSuite$0.call(Unknown Source)
	at TempTestSuite1554806206518.run(TempTestSuite1554806206518.groovy:36)


2019-04-09 18:39:28 - [MESSAGE][FAILED] - Unable to call Test Case 'Test Cases/mobileWeb/_include/goToDetail_stm' (Root cause: com.kms.katalon.core.exception.StepErrorException: Call Test Case 'Test Cases/mobileWeb/_include/goToDetail_stm' failed because of error(s))

2019-04-09 18:39:28 - [MESSAGE][ERROR] - callTestCase(findTestCase("mobileWeb/_include/goToDetail_stm"), ["carrier":"slaico"], STOP_ON_FAILURE) FAILED.
Reason:
com.thoughtworks.selenium.SeleniumException: Timed out waiting for action to finish
	at com.thoughtworks.selenium.webdriven.Timer.run(Timer.java:46)
	at com.thoughtworks.selenium.webdriven.WebDriverCommandProcessor.execute(WebDriverCommandProcessor.java:150)
	at com.thoughtworks.selenium.webdriven.WebDriverCommandProcessor.doCommand(WebDriverCommandProcessor.java:76)
	at com.thoughtworks.selenium.DefaultSelenium.click(DefaultSelenium.java:198)
	at com.thoughtworks.selenium.Selenium$click.call(Unknown Source)
	at goToDetail_stm.run(goToDetail_stm:30)
	at com.kms.katalon.core.main.ScriptEngine.run(ScriptEngine.java:194)
	at com.kms.katalon.core.main.ScriptEngine.runScriptAsRawText(ScriptEngine.java:119)
	at com.kms.katalon.core.main.TestCaseExecutor.runScript(TestCaseExecutor.java:328)
	at com.kms.katalon.core.main.TestCaseExecutor.doExecute(TestCaseExecutor.java:319)
	at com.kms.katalon.core.main.TestCaseExecutor.processExecutionPhase(TestCaseExecutor.java:298)
	at com.kms.katalon.core.main.TestCaseExecutor.accessMainPhase(TestCaseExecutor.java:290)
	at com.kms.katalon.core.main.TestCaseExecutor.execute(TestCaseExecutor.java:224)
	at com.kms.katalon.core.main.TestCaseMain.runTestCase(TestCaseMain.java:106)
	at com.kms.katalon.core.keyword.builtin.CallTestCaseKeyword$_callTestCase_closure1.doCall(CallTestCaseKeyword.groovy:59)
	at com.kms.katalon.core.keyword.builtin.CallTestCaseKeyword$_callTestCase_closure1.call(CallTestCaseKeyword.groovy)
	at com.kms.katalon.core.keyword.internal.KeywordMain.runKeyword(KeywordMain.groovy:54)
	at com.kms.katalon.core.keyword.builtin.CallTestCaseKeyword.callTestCase(CallTestCaseKeyword.groovy:80)
	at com.kms.katalon.core.keyword.builtin.CallTestCaseKeyword.execute(CallTestCaseKeyword.groovy:44)
	at com.kms.katalon.core.keyword.internal.KeywordExecutor.executeKeywordForPlatform(KeywordExecutor.groovy:53)
	at com.kms.katalon.core.keyword.BuiltinKeywords.callTestCase(BuiltinKeywords.groovy:334)
	at Slaico.run(Slaico:38)
	at com.kms.katalon.core.main.ScriptEngine.run(ScriptEngine.java:194)
	at com.kms.katalon.core.main.ScriptEngine.runScriptAsRawText(ScriptEngine.java:119)
	at com.kms.katalon.core.main.TestCaseExecutor.runScript(TestCaseExecutor.java:328)
	at com.kms.katalon.core.main.TestCaseExecutor.doExecute(TestCaseExecutor.java:319)
	at com.kms.katalon.core.main.TestCaseExecutor.processExecutionPhase(TestCaseExecutor.java:298)
	at com.kms.katalon.core.main.TestCaseExecutor.accessMainPhase(TestCaseExecutor.java:290)
	at com.kms.katalon.core.main.TestCaseExecutor.execute(TestCaseExecutor.java:224)
	at com.kms.katalon.core.main.TestSuiteExecutor.accessTestCaseMainPhase(TestSuiteExecutor.java:129)
	at com.kms.katalon.core.main.TestSuiteExecutor.accessTestSuiteMainPhase(TestSuiteExecutor.java:112)
	at com.kms.katalon.core.main.TestSuiteExecutor.execute(TestSuiteExecutor.java:81)
	at com.kms.katalon.core.main.TestCaseMain.startTestSuite(TestCaseMain.java:149)
	at com.kms.katalon.core.main.TestCaseMain$startTestSuite$0.call(Unknown Source)
	at TempTestSuite1554806206518.run(TempTestSuite1554806206518.groovy:36)]]></system-out>
         <system-err><![CDATA[2019-04-09 18:36:51 - [TEST_CASE][ERROR] - Test Cases/mobileWeb/stm/Slaico: Test Cases/mobileWeb/stm/Slaico FAILED.
Reason:
com.thoughtworks.selenium.SeleniumException: Timed out waiting for action to finish
	at com.thoughtworks.selenium.webdriven.Timer.run(Timer.java:46)
	at com.thoughtworks.selenium.webdriven.WebDriverCommandProcessor.execute(WebDriverCommandProcessor.java:150)
	at com.thoughtworks.selenium.webdriven.WebDriverCommandProcessor.doCommand(WebDriverCommandProcessor.java:76)
	at com.thoughtworks.selenium.DefaultSelenium.click(DefaultSelenium.java:198)
	at com.thoughtworks.selenium.Selenium$click.call(Unknown Source)
	at goToDetail_stm.run(goToDetail_stm:30)
	at com.kms.katalon.core.main.ScriptEngine.run(ScriptEngine.java:194)
	at com.kms.katalon.core.main.ScriptEngine.runScriptAsRawText(ScriptEngine.java:119)
	at com.kms.katalon.core.main.TestCaseExecutor.runScript(TestCaseExecutor.java:328)
	at com.kms.katalon.core.main.TestCaseExecutor.doExecute(TestCaseExecutor.java:319)
	at com.kms.katalon.core.main.TestCaseExecutor.processExecutionPhase(TestCaseExecutor.java:298)
	at com.kms.katalon.core.main.TestCaseExecutor.accessMainPhase(TestCaseExecutor.java:290)
	at com.kms.katalon.core.main.TestCaseExecutor.execute(TestCaseExecutor.java:224)
	at com.kms.katalon.core.main.TestCaseMain.runTestCase(TestCaseMain.java:106)
	at com.kms.katalon.core.keyword.builtin.CallTestCaseKeyword$_callTestCase_closure1.doCall(CallTestCaseKeyword.groovy:59)
	at com.kms.katalon.core.keyword.builtin.CallTestCaseKeyword$_callTestCase_closure1.call(CallTestCaseKeyword.groovy)
	at com.kms.katalon.core.keyword.internal.KeywordMain.runKeyword(KeywordMain.groovy:54)
	at com.kms.katalon.core.keyword.builtin.CallTestCaseKeyword.callTestCase(CallTestCaseKeyword.groovy:80)
	at com.kms.katalon.core.keyword.builtin.CallTestCaseKeyword.execute(CallTestCaseKeyword.groovy:44)
	at com.kms.katalon.core.keyword.internal.KeywordExecutor.executeKeywordForPlatform(KeywordExecutor.groovy:53)
	at com.kms.katalon.core.keyword.BuiltinKeywords.callTestCase(BuiltinKeywords.groovy:334)
	at Slaico.run(Slaico:38)
	at com.kms.katalon.core.main.ScriptEngine.run(ScriptEngine.java:194)
	at com.kms.katalon.core.main.ScriptEngine.runScriptAsRawText(ScriptEngine.java:119)
	at com.kms.katalon.core.main.TestCaseExecutor.runScript(TestCaseExecutor.java:328)
	at com.kms.katalon.core.main.TestCaseExecutor.doExecute(TestCaseExecutor.java:319)
	at com.kms.katalon.core.main.TestCaseExecutor.processExecutionPhase(TestCaseExecutor.java:298)
	at com.kms.katalon.core.main.TestCaseExecutor.accessMainPhase(TestCaseExecutor.java:290)
	at com.kms.katalon.core.main.TestCaseExecutor.execute(TestCaseExecutor.java:224)
	at com.kms.katalon.core.main.TestSuiteExecutor.accessTestCaseMainPhase(TestSuiteExecutor.java:129)
	at com.kms.katalon.core.main.TestSuiteExecutor.accessTestSuiteMainPhase(TestSuiteExecutor.java:112)
	at com.kms.katalon.core.main.TestSuiteExecutor.execute(TestSuiteExecutor.java:81)
	at com.kms.katalon.core.main.TestCaseMain.startTestSuite(TestCaseMain.java:149)
	at com.kms.katalon.core.main.TestCaseMain$startTestSuite$0.call(Unknown Source)
	at TempTestSuite1554806206518.run(TempTestSuite1554806206518.groovy:36)]]></system-err>
      </testcase>
      <testcase name="Test Cases/mobileWeb/stm/AdvantHealth" classname="Test Cases/mobileWeb/stm/AdvantHealth" status="PASSED">
         <system-out><![CDATA[2019-04-09 18:39:28 - [TEST_CASE][PASSED] - Test Cases/mobileWeb/stm/AdvantHealth: Test Cases/mobileWeb/stm/AdvantHealth

2019-04-09 18:39:28 - [TEST_STEP][PASSED] - now = new java.util.Date(): null

2019-04-09 18:39:28 - [TEST_STEP][PASSED] - mydate = now.format("yyyyMMdd_HHmmss"): null

2019-04-09 18:39:28 - [TEST_STEP][PASSED] - screenPath = stmPath + "AdvantHealth/" + mydate + "/": null

2019-04-09 18:39:28 - [TEST_STEP][PASSED] - i = 0: null

2019-04-09 18:39:28 - [TEST_STEP][PASSED] - callTestCase(findTestCase("mobileWeb/_include/openWebSite"), [:], CONTINUE_ON_FAILURE): Call Test Case 'Test Cases/mobileWeb/_include/openWebSite' successfully

2019-04-09 18:39:28 - [TEST_CASE][PASSED] - Test Cases/mobileWeb/_include/openWebSite: Test Cases/mobileWeb/_include/openWebSite

2019-04-09 18:39:29 - [TEST_STEP][PASSED] - openBrowser(""): Browser is opened with url: ''

2019-04-09 18:39:29 - [MESSAGE][WARNING] - A browser is already opened. Closing browser and opening a new one

2019-04-09 18:39:29 - [MESSAGE][INFO] - Starting 'Chrome' driver

2019-04-09 18:39:29 - [MESSAGE][INFO] - User set preference: ['mobileEmulation', '{deviceName=iPhone X}']

2019-04-09 18:39:29 - [MESSAGE][INFO] - User set preference: ['args', '[]']

2019-04-09 18:39:30 - [MESSAGE][PASSED] - Browser is opened with url: ''

2019-04-09 18:39:30 - [TEST_STEP][PASSED] - navigateToUrl(ENV): Navigate to 'https://praetemptatus.agilehealthinsurance.com' successfully

2019-04-09 18:39:34 - [MESSAGE][PASSED] - Navigate to 'https://praetemptatus.agilehealthinsurance.com' successfully

2019-04-09 18:39:34 - [TEST_STEP][PASSED] - waitForPageLoad(10): Wait for page load successfully

2019-04-09 18:39:34 - [MESSAGE][PASSED] - Wait for page load successfully

2019-04-09 18:39:34 - [TEST_STEP][PASSED] - callTestCase(findTestCase("mobileWeb/_include/get_screenshot"), [:], STOP_ON_FAILURE): Call Test Case 'Test Cases/mobileWeb/_include/get_screenshot' successfully

2019-04-09 18:39:34 - [TEST_CASE][PASSED] - Test Cases/mobileWeb/_include/get_screenshot: Test Cases/mobileWeb/_include/get_screenshot

2019-04-09 18:39:34 - [TEST_STEP][PASSED] - takeScreenshot(screenPath + i + ".png"): Taking screenshot successfully

2019-04-09 18:39:35 - [MESSAGE][PASSED] - Taking screenshot successfully
[[ATTACHMENT|../Screenshots/mobileWeb/stm/AdvantHealth/20190409_183928/0.png]]

2019-04-09 18:39:35 - [TEST_STEP][PASSED] - (internal.GlobalVariable.i++): null

2019-04-09 18:39:35 - [MESSAGE][PASSED] - Call Test Case 'Test Cases/mobileWeb/_include/get_screenshot' successfully

2019-04-09 18:39:35 - [MESSAGE][PASSED] - Call Test Case 'Test Cases/mobileWeb/_include/openWebSite' successfully

2019-04-09 18:39:35 - [TEST_STEP][PASSED] - callTestCase(findTestCase("mobileWeb/_include/census_stm"), ["zipcode":"35215"], STOP_ON_FAILURE): Call Test Case 'Test Cases/mobileWeb/_include/census_stm' successfully

2019-04-09 18:39:35 - [TEST_CASE][PASSED] - Test Cases/mobileWeb/_include/census_stm: Test Cases/mobileWeb/_include/census_stm

2019-04-09 18:39:35 - [TEST_STEP][PASSED] - waitForElementClickable(findTestObject("mobileSanity/STM/Home Page/a_Quote  Save Today"), 10): Object 'Object Repository/mobileSanity/STM/Home Page/a_Quote  Save Today' is clickable

2019-04-09 18:39:35 - [MESSAGE][PASSED] - Object 'Object Repository/mobileSanity/STM/Home Page/a_Quote  Save Today' is clickable

2019-04-09 18:39:35 - [TEST_STEP][PASSED] - click(findTestObject("mobileSanity/STM/Home Page/a_Quote  Save Today")): Object: 'Object Repository/mobileSanity/STM/Home Page/a_Quote  Save Today' is clicked on

2019-04-09 18:39:36 - [MESSAGE][PASSED] - Object: 'Object Repository/mobileSanity/STM/Home Page/a_Quote  Save Today' is clicked on

2019-04-09 18:39:36 - [TEST_STEP][PASSED] - waitForPageLoad(10): Wait for page load successfully

2019-04-09 18:39:36 - [MESSAGE][PASSED] - Wait for page load successfully

2019-04-09 18:39:36 - [TEST_STEP][PASSED] - callTestCase(findTestCase("mobileWeb/_include/get_screenshot"), [:], STOP_ON_FAILURE): Call Test Case 'Test Cases/mobileWeb/_include/get_screenshot' successfully

2019-04-09 18:39:36 - [TEST_CASE][PASSED] - Test Cases/mobileWeb/_include/get_screenshot: Test Cases/mobileWeb/_include/get_screenshot

2019-04-09 18:39:36 - [TEST_STEP][PASSED] - takeScreenshot(screenPath + i + ".png"): Taking screenshot successfully

2019-04-09 18:39:37 - [MESSAGE][PASSED] - Taking screenshot successfully
[[ATTACHMENT|../Screenshots/mobileWeb/stm/AdvantHealth/20190409_183928/1.png]]

2019-04-09 18:39:37 - [TEST_STEP][PASSED] - (internal.GlobalVariable.i++): null

2019-04-09 18:39:37 - [MESSAGE][PASSED] - Call Test Case 'Test Cases/mobileWeb/_include/get_screenshot' successfully

2019-04-09 18:39:37 - [TEST_STEP][PASSED] - setText(findTestObject("mobileSanity/STM/STM Census Page/input_Location_zip-input"), zipcode): Text '35215' is set on object 'Object Repository/mobileSanity/STM/STM Census Page/input_Location_zip-input'

2019-04-09 18:39:38 - [MESSAGE][PASSED] - Text '35215' is set on object 'Object Repository/mobileSanity/STM/STM Census Page/input_Location_zip-input'

2019-04-09 18:39:38 - [TEST_STEP][PASSED] - Thread.sleep(500): null

2019-04-09 18:39:38 - [TEST_STEP][PASSED] - setText(findTestObject("mobileSanity/STM/STM Census Page/input_Date of Birth_dob-0"), "03031987"): Text '03031987' is set on object 'Object Repository/mobileSanity/STM/STM Census Page/input_Date of Birth_dob-0'

2019-04-09 18:39:38 - [MESSAGE][PASSED] - Text '03031987' is set on object 'Object Repository/mobileSanity/STM/STM Census Page/input_Date of Birth_dob-0'

2019-04-09 18:39:38 - [TEST_STEP][PASSED] - click(findTestObject("mobileSanity/STM/STM Census Page/label_Male")): Object: 'Object Repository/mobileSanity/STM/STM Census Page/label_Male' is clicked on

2019-04-09 18:39:38 - [MESSAGE][PASSED] - Object: 'Object Repository/mobileSanity/STM/STM Census Page/label_Male' is clicked on

2019-04-09 18:39:38 - [TEST_STEP][PASSED] - click(findTestObject("mobileSanity/STM/STM Census Page/label_Compare Plans")): Object: 'Object Repository/mobileSanity/STM/STM Census Page/label_Compare Plans' is clicked on

2019-04-09 18:39:39 - [MESSAGE][PASSED] - Object: 'Object Repository/mobileSanity/STM/STM Census Page/label_Compare Plans' is clicked on

2019-04-09 18:39:39 - [TEST_STEP][PASSED] - waitForPageLoad(10): Wait for page load successfully

2019-04-09 18:39:39 - [MESSAGE][PASSED] - Wait for page load successfully

2019-04-09 18:39:39 - [TEST_STEP][PASSED] - callTestCase(findTestCase("mobileWeb/_include/get_screenshot"), [:], STOP_ON_FAILURE): Call Test Case 'Test Cases/mobileWeb/_include/get_screenshot' successfully

2019-04-09 18:39:39 - [TEST_CASE][PASSED] - Test Cases/mobileWeb/_include/get_screenshot: Test Cases/mobileWeb/_include/get_screenshot

2019-04-09 18:39:39 - [TEST_STEP][PASSED] - takeScreenshot(screenPath + i + ".png"): Taking screenshot successfully

2019-04-09 18:39:47 - [MESSAGE][PASSED] - Taking screenshot successfully
[[ATTACHMENT|../Screenshots/mobileWeb/stm/AdvantHealth/20190409_183928/2.png]]

2019-04-09 18:39:47 - [TEST_STEP][PASSED] - (internal.GlobalVariable.i++): null

2019-04-09 18:39:47 - [MESSAGE][PASSED] - Call Test Case 'Test Cases/mobileWeb/_include/get_screenshot' successfully

2019-04-09 18:39:47 - [MESSAGE][PASSED] - Call Test Case 'Test Cases/mobileWeb/_include/census_stm' successfully

2019-04-09 18:39:47 - [TEST_STEP][PASSED] - Thread.sleep(2000): null

2019-04-09 18:39:49 - [TEST_STEP][PASSED] - click(findTestObject("mobileSanity/STM/STM Quote Page/button_filters")): Object: 'Object Repository/mobileSanity/STM/STM Quote Page/button_filters' is clicked on

2019-04-09 18:39:49 - [MESSAGE][PASSED] - Object: 'Object Repository/mobileSanity/STM/STM Quote Page/button_filters' is clicked on

2019-04-09 18:39:49 - [TEST_STEP][PASSED] - Thread.sleep(500): null

2019-04-09 18:39:50 - [TEST_STEP][PASSED] - click(findTestObject("mobileSanity/STM/STM Quote Page/i_Insurance company")): Object: 'Object Repository/mobileSanity/STM/STM Quote Page/i_Insurance company' is clicked on

2019-04-09 18:39:50 - [MESSAGE][PASSED] - Object: 'Object Repository/mobileSanity/STM/STM Quote Page/i_Insurance company' is clicked on

2019-04-09 18:39:50 - [TEST_STEP][PASSED] - Thread.sleep(300): null

2019-04-09 18:39:50 - [TEST_STEP][PASSED] - test.MobileKeywords.clickJS(findTestObject("mobileSanity/STM/STM Quote Page/label_AdvantHealth")): test.MobileKeywords.clickJS is PASSED

2019-04-09 18:39:50 - [MESSAGE][PASSED] - Execute JavaScript 'arguments[0].click()' successfully

2019-04-09 18:39:50 - [MESSAGE][PASSED] - test.MobileKeywords.clickJS is PASSED

2019-04-09 18:39:50 - [TEST_STEP][PASSED] - Thread.sleep(300): null

2019-04-09 18:39:51 - [TEST_STEP][PASSED] - click(findTestObject("mobileSanity/STM/STM Quote Page/a_Show Plans")): Object: 'Object Repository/mobileSanity/STM/STM Quote Page/a_Show Plans' is clicked on

2019-04-09 18:39:51 - [MESSAGE][PASSED] - Object: 'Object Repository/mobileSanity/STM/STM Quote Page/a_Show Plans' is clicked on

2019-04-09 18:39:51 - [TEST_STEP][PASSED] - Thread.sleep(2000): null

2019-04-09 18:39:53 - [TEST_STEP][PASSED] - click(findTestObject("mobileSanity/STM/STM Quote Page/a_AdvantHealth Plan 2 2.5K206.")): Object: 'Object Repository/mobileSanity/STM/STM Quote Page/a_AdvantHealth Plan 2 2.5K206.' is clicked on

2019-04-09 18:39:56 - [MESSAGE][PASSED] - Object: 'Object Repository/mobileSanity/STM/STM Quote Page/a_AdvantHealth Plan 2 2.5K206.' is clicked on

2019-04-09 18:39:56 - [TEST_STEP][PASSED] - Thread.sleep(2000): null

2019-04-09 18:39:58 - [TEST_STEP][PASSED] - click(findTestObject("mobileSanity/STM/STM PlanDetail Page/a_Apply for This Plan")): Object: 'Object Repository/mobileSanity/STM/STM PlanDetail Page/a_Apply for This Plan' is clicked on

2019-04-09 18:40:04 - [MESSAGE][PASSED] - Object: 'Object Repository/mobileSanity/STM/STM PlanDetail Page/a_Apply for This Plan' is clicked on

2019-04-09 18:40:04 - [TEST_STEP][PASSED] - waitForPageLoad(10): Wait for page load successfully

2019-04-09 18:40:04 - [MESSAGE][PASSED] - Wait for page load successfully

2019-04-09 18:40:04 - [TEST_STEP][PASSED] - click(findTestObject("mobileSanity/STM/STM Apply Page/span_ Add")): Object: 'Object Repository/mobileSanity/STM/STM Apply Page/span_ Add' is clicked on

2019-04-09 18:40:05 - [MESSAGE][PASSED] - Object: 'Object Repository/mobileSanity/STM/STM Apply Page/span_ Add' is clicked on

2019-04-09 18:40:05 - [TEST_STEP][PASSED] - click(findTestObject("mobileSanity/STM/STM Apply Page/button_ AddRemove")): Object: 'Object Repository/mobileSanity/STM/STM Apply Page/button_ AddRemove' is clicked on

2019-04-09 18:40:05 - [MESSAGE][PASSED] - Object: 'Object Repository/mobileSanity/STM/STM Apply Page/button_ AddRemove' is clicked on

2019-04-09 18:40:05 - [TEST_STEP][PASSED] - waitForElementVisible(findTestObject("mobileSanity/STM/STM Apply Page/a_Start Secure Application"), 0): Object 'Object Repository/mobileSanity/STM/STM Apply Page/a_Start Secure Application' is visible

2019-04-09 18:40:05 - [MESSAGE][WARNING] - Timeout '0' is invalid. Using default page load timeout: '20'

2019-04-09 18:40:05 - [MESSAGE][PASSED] - Object 'Object Repository/mobileSanity/STM/STM Apply Page/a_Start Secure Application' is visible

2019-04-09 18:40:05 - [TEST_STEP][PASSED] - click(findTestObject("mobileSanity/STM/STM Apply Page/a_Start Secure Application")): Object: 'Object Repository/mobileSanity/STM/STM Apply Page/a_Start Secure Application' is clicked on

2019-04-09 18:40:12 - [MESSAGE][PASSED] - Object: 'Object Repository/mobileSanity/STM/STM Apply Page/a_Start Secure Application' is clicked on

2019-04-09 18:40:12 - [TEST_STEP][PASSED] - callTestCase(findTestCase("mobileWeb/_include/get_screenshot"), [:], STOP_ON_FAILURE): Call Test Case 'Test Cases/mobileWeb/_include/get_screenshot' successfully

2019-04-09 18:40:12 - [TEST_CASE][PASSED] - Test Cases/mobileWeb/_include/get_screenshot: Test Cases/mobileWeb/_include/get_screenshot

2019-04-09 18:40:12 - [TEST_STEP][PASSED] - takeScreenshot(screenPath + i + ".png"): Taking screenshot successfully

2019-04-09 18:40:14 - [MESSAGE][PASSED] - Taking screenshot successfully
[[ATTACHMENT|../Screenshots/mobileWeb/stm/AdvantHealth/20190409_183928/3.png]]

2019-04-09 18:40:14 - [TEST_STEP][PASSED] - (internal.GlobalVariable.i++): null

2019-04-09 18:40:14 - [MESSAGE][PASSED] - Call Test Case 'Test Cases/mobileWeb/_include/get_screenshot' successfully

2019-04-09 18:40:14 - [TEST_STEP][PASSED] - click(findTestObject("mobileSanity/STM/Page_App Page 1/label_By checking this box I u")): Object: 'Object Repository/mobileSanity/STM/Page_App Page 1/label_By checking this box I u' is clicked on

2019-04-09 18:40:14 - [MESSAGE][PASSED] - Object: 'Object Repository/mobileSanity/STM/Page_App Page 1/label_By checking this box I u' is clicked on

2019-04-09 18:40:14 - [TEST_STEP][PASSED] - click(findTestObject("mobileSanity/STM/Page_App Page 1/button_Continue to Application")): Object: 'Object Repository/mobileSanity/STM/Page_App Page 1/button_Continue to Application' is clicked on

2019-04-09 18:40:15 - [MESSAGE][PASSED] - Object: 'Object Repository/mobileSanity/STM/Page_App Page 1/button_Continue to Application' is clicked on

2019-04-09 18:40:15 - [TEST_STEP][PASSED] - callTestCase(findTestCase("mobileWeb/_include/goToEnd_stm_autofill"), [:], STOP_ON_FAILURE): Call Test Case 'Test Cases/mobileWeb/_include/goToEnd_stm_autofill' successfully

2019-04-09 18:40:15 - [TEST_CASE][PASSED] - Test Cases/mobileWeb/_include/goToEnd_stm_autofill: Test Cases/mobileWeb/_include/goToEnd_stm_autofill

2019-04-09 18:40:15 - [TEST_STEP][PASSED] - callTestCase(findTestCase("mobileWeb/_include/name"), [:], CONTINUE_ON_FAILURE): Call Test Case 'Test Cases/mobileWeb/_include/name' successfully

2019-04-09 18:40:15 - [TEST_CASE][PASSED] - Test Cases/mobileWeb/_include/name: Test Cases/mobileWeb/_include/name

2019-04-09 18:40:16 - [TEST_STEP][PASSED] - driver = getWebDriver(): null

2019-04-09 18:40:16 - [TEST_STEP][PASSED] - selenium = new com.thoughtworks.selenium.webdriven.WebDriverBackedSelenium(driver, internal.GlobalVariable.ENV): null

2019-04-09 18:40:16 - [TEST_STEP][PASSED] - FirstName = "Test-123": null

2019-04-09 18:40:16 - [TEST_STEP][PASSED] - LastName = selenium.getEval("{var x="ABCDEFGHIJKLMNOPQRSTUVWXYZabcdefghijklmnopqrstuvwxyz"; var tmp="ZZ11-"; for (i=0;i<8;i++) tmp+=x.charAt(Math.ceil(51*Math.random()));tmp;}"): null

2019-04-09 18:40:16 - [TEST_STEP][PASSED] - Address = selenium.getEval("{var x="ABCDEFGHIJKLMNOPQRSTUVWXYZabcdefghijklmnopqrstuvwxyz"; var tmp=""; for (i=0;i<8;i++) tmp+=x.charAt(Math.ceil(51*Math.random()));tmp;}"): null

2019-04-09 18:40:16 - [TEST_STEP][PASSED] - City = selenium.getEval("{var x="ABCDEFGHIJKLMNOPQRSTUVWXYZabcdefghijklmnopqrstuvwxyz"; var tmp=""; for (i=0;i<8;i++) tmp+=x.charAt(Math.ceil(51*Math.random()));tmp;}"): null

2019-04-09 18:40:16 - [TEST_STEP][PASSED] - tel1 = selenium.getEval("{var x="123456789"; var tmp=""; for (i=0;i<3;i++) tmp+=x.charAt(Math.ceil(8*Math.random()));tmp;}"): null

2019-04-09 18:40:16 - [TEST_STEP][PASSED] - tel2 = selenium.getEval("{var x="123456789"; var tmp=""; for (i=0;i<3;i++) tmp+=x.charAt(Math.ceil(8*Math.random()));tmp;}"): null

2019-04-09 18:40:16 - [TEST_STEP][PASSED] - tel3 = selenium.getEval("{var x="123456789"; var tmp=""; for (i=0;i<4;i++) tmp+=x.charAt(Math.ceil(8*Math.random()));tmp;}"): null

2019-04-09 18:40:16 - [TEST_STEP][PASSED] - Tel = selenium.getExpression(tel1 + "-" + tel2 + "-" + tel3): null

2019-04-09 18:40:16 - [TEST_STEP][PASSED] - AutoEmail = selenium.getEval("{var x="ABCDEFGHIJKLMNOPQRSTUVWXYZabcdefghijklmnopqrstuvwxyz"; var tmp="test."; for (i=0;i<8;i++) tmp+=x.charAt(Math.ceil(51*Math.random()));tmp+="@suryani.cn";}"): null

2019-04-09 18:40:16 - [TEST_STEP][PASSED] - FirstName = FirstName: null

2019-04-09 18:40:16 - [TEST_STEP][PASSED] - LastName = LastName: null

2019-04-09 18:40:16 - [TEST_STEP][PASSED] - Address = Address: null

2019-04-09 18:40:16 - [TEST_STEP][PASSED] - City = City: null

2019-04-09 18:40:16 - [TEST_STEP][PASSED] - Tel = Tel: null

2019-04-09 18:40:16 - [TEST_STEP][PASSED] - AutoEmail = AutoEmail: null

2019-04-09 18:40:16 - [TEST_STEP][PASSED] - println(FirstName): null

2019-04-09 18:40:16 - [TEST_STEP][PASSED] - println(LastName): null

2019-04-09 18:40:16 - [TEST_STEP][PASSED] - println(Address): null

2019-04-09 18:40:16 - [TEST_STEP][PASSED] - println(City): null

2019-04-09 18:40:16 - [TEST_STEP][PASSED] - println(Tel): null

2019-04-09 18:40:16 - [TEST_STEP][PASSED] - println(AutoEmail): null

2019-04-09 18:40:16 - [MESSAGE][PASSED] - Call Test Case 'Test Cases/mobileWeb/_include/name' successfully

2019-04-09 18:40:16 - [TEST_STEP][PASSED] - waitForPageLoad(0): Wait for page load successfully

2019-04-09 18:40:16 - [MESSAGE][WARNING] - Timeout '0' is invalid. Using default page load timeout: '20'

2019-04-09 18:40:16 - [MESSAGE][PASSED] - Wait for page load successfully

2019-04-09 18:40:16 - [TEST_STEP][PASSED] - Thread.sleep(1000): null

2019-04-09 18:40:17 - [TEST_STEP][PASSED] - callTestCase(findTestCase("mobileWeb/_include/get_screenshot"), [:], STOP_ON_FAILURE): Call Test Case 'Test Cases/mobileWeb/_include/get_screenshot' successfully

2019-04-09 18:40:17 - [TEST_CASE][PASSED] - Test Cases/mobileWeb/_include/get_screenshot: Test Cases/mobileWeb/_include/get_screenshot

2019-04-09 18:40:17 - [TEST_STEP][PASSED] - takeScreenshot(screenPath + i + ".png"): Taking screenshot successfully

2019-04-09 18:40:18 - [MESSAGE][PASSED] - Taking screenshot successfully
[[ATTACHMENT|../Screenshots/mobileWeb/stm/AdvantHealth/20190409_183928/4.png]]

2019-04-09 18:40:18 - [TEST_STEP][PASSED] - (internal.GlobalVariable.i++): null

2019-04-09 18:40:18 - [MESSAGE][PASSED] - Call Test Case 'Test Cases/mobileWeb/_include/get_screenshot' successfully

2019-04-09 18:40:18 - [TEST_STEP][PASSED] - waitForElementVisible(findTestObject("mobileSanity/STM/Page_App Page 1/a_Autofill App Info"), 0): Object 'Object Repository/mobileSanity/STM/Page_App Page 1/a_Autofill App Info' is visible

2019-04-09 18:40:18 - [MESSAGE][WARNING] - Timeout '0' is invalid. Using default page load timeout: '20'

2019-04-09 18:40:18 - [MESSAGE][PASSED] - Object 'Object Repository/mobileSanity/STM/Page_App Page 1/a_Autofill App Info' is visible

2019-04-09 18:40:18 - [TEST_STEP][PASSED] - click(findTestObject("mobileSanity/STM/Page_App Page 1/a_Autofill App Info")): Object: 'Object Repository/mobileSanity/STM/Page_App Page 1/a_Autofill App Info' is clicked on

2019-04-09 18:40:18 - [MESSAGE][PASSED] - Object: 'Object Repository/mobileSanity/STM/Page_App Page 1/a_Autofill App Info' is clicked on

2019-04-09 18:40:18 - [TEST_STEP][PASSED] - Thread.sleep(1000): null

2019-04-09 18:40:19 - [TEST_STEP][PASSED] - waitForElementVisible(findTestObject("mobileSanity/STM/Page_App Page 1/a_Continue"), 0): Object 'Object Repository/mobileSanity/STM/Page_App Page 1/a_Continue' is visible

2019-04-09 18:40:19 - [MESSAGE][WARNING] - Timeout '0' is invalid. Using default page load timeout: '20'

2019-04-09 18:40:19 - [MESSAGE][PASSED] - Object 'Object Repository/mobileSanity/STM/Page_App Page 1/a_Continue' is visible

2019-04-09 18:40:19 - [TEST_STEP][PASSED] - click(findTestObject("mobileSanity/STM/Page_App Page 1/a_Continue")): Object: 'Object Repository/mobileSanity/STM/Page_App Page 1/a_Continue' is clicked on

2019-04-09 18:40:19 - [MESSAGE][PASSED] - Object: 'Object Repository/mobileSanity/STM/Page_App Page 1/a_Continue' is clicked on

2019-04-09 18:40:19 - [TEST_STEP][PASSED] - waitForPageLoad(10): Wait for page load successfully

2019-04-09 18:40:19 - [MESSAGE][PASSED] - Wait for page load successfully

2019-04-09 18:40:19 - [TEST_STEP][PASSED] - callTestCase(findTestCase("mobileWeb/_include/get_screenshot"), [:], STOP_ON_FAILURE): Call Test Case 'Test Cases/mobileWeb/_include/get_screenshot' successfully

2019-04-09 18:40:19 - [TEST_CASE][PASSED] - Test Cases/mobileWeb/_include/get_screenshot: Test Cases/mobileWeb/_include/get_screenshot

2019-04-09 18:40:19 - [TEST_STEP][PASSED] - takeScreenshot(screenPath + i + ".png"): Taking screenshot successfully

2019-04-09 18:40:20 - [MESSAGE][PASSED] - Taking screenshot successfully
[[ATTACHMENT|../Screenshots/mobileWeb/stm/AdvantHealth/20190409_183928/5.png]]

2019-04-09 18:40:20 - [TEST_STEP][PASSED] - (internal.GlobalVariable.i++): null

2019-04-09 18:40:20 - [MESSAGE][PASSED] - Call Test Case 'Test Cases/mobileWeb/_include/get_screenshot' successfully

2019-04-09 18:40:20 - [TEST_STEP][PASSED] - click(findTestObject("mobileSanity/STM/Page_App Page 2/a_Continue to Step 3 - Payment")): Object: 'Object Repository/mobileSanity/STM/Page_App Page 2/a_Continue to Step 3 - Payment' is clicked on

2019-04-09 18:40:23 - [MESSAGE][PASSED] - Object: 'Object Repository/mobileSanity/STM/Page_App Page 2/a_Continue to Step 3 - Payment' is clicked on

2019-04-09 18:40:23 - [TEST_STEP][PASSED] - Thread.sleep(2000): null

2019-04-09 18:40:25 - [TEST_STEP][PASSED] - clearText(findTestObject("mobileSanity/STM/Page_App Page 3/input__credit-card-cvv")): Text of object 'Object Repository/mobileSanity/STM/Page_App Page 3/input__credit-card-cvv' is cleared

2019-04-09 18:40:27 - [MESSAGE][PASSED] - Text of object 'Object Repository/mobileSanity/STM/Page_App Page 3/input__credit-card-cvv' is cleared

2019-04-09 18:40:27 - [TEST_STEP][PASSED] - setText(findTestObject("mobileSanity/STM/Page_App Page 3/input__credit-card-cvv"), "123"): Text '123' is set on object 'Object Repository/mobileSanity/STM/Page_App Page 3/input__credit-card-cvv'

2019-04-09 18:40:27 - [MESSAGE][PASSED] - Text '123' is set on object 'Object Repository/mobileSanity/STM/Page_App Page 3/input__credit-card-cvv'

2019-04-09 18:40:27 - [TEST_STEP][PASSED] - click(findTestObject("mobileSanity/STM/Page_App Page 3/label_I Accept Authorization f")): Object: 'Object Repository/mobileSanity/STM/Page_App Page 3/label_I Accept Authorization f' is clicked on

2019-04-09 18:40:27 - [MESSAGE][PASSED] - Object: 'Object Repository/mobileSanity/STM/Page_App Page 3/label_I Accept Authorization f' is clicked on

2019-04-09 18:40:27 - [TEST_STEP][PASSED] - callTestCase(findTestCase("mobileWeb/_include/get_screenshot"), [:], STOP_ON_FAILURE): Call Test Case 'Test Cases/mobileWeb/_include/get_screenshot' successfully

2019-04-09 18:40:27 - [TEST_CASE][PASSED] - Test Cases/mobileWeb/_include/get_screenshot: Test Cases/mobileWeb/_include/get_screenshot

2019-04-09 18:40:27 - [TEST_STEP][PASSED] - takeScreenshot(screenPath + i + ".png"): Taking screenshot successfully

2019-04-09 18:40:28 - [MESSAGE][PASSED] - Taking screenshot successfully
[[ATTACHMENT|../Screenshots/mobileWeb/stm/AdvantHealth/20190409_183928/6.png]]

2019-04-09 18:40:28 - [TEST_STEP][PASSED] - (internal.GlobalVariable.i++): null

2019-04-09 18:40:28 - [MESSAGE][PASSED] - Call Test Case 'Test Cases/mobileWeb/_include/get_screenshot' successfully

2019-04-09 18:40:28 - [TEST_STEP][PASSED] - click(findTestObject("mobileSanity/STM/Page_App Page 3/a_Continue to Step 4 - Review")): Object: 'Object Repository/mobileSanity/STM/Page_App Page 3/a_Continue to Step 4 - Review' is clicked on

2019-04-09 18:40:28 - [MESSAGE][PASSED] - Object: 'Object Repository/mobileSanity/STM/Page_App Page 3/a_Continue to Step 4 - Review' is clicked on

2019-04-09 18:40:28 - [TEST_STEP][PASSED] - waitForElementClickable(findTestObject("mobileSanity/STM/Page_App Page 4/label"), 10): Object 'Object Repository/mobileSanity/STM/Page_App Page 4/label' is clickable

2019-04-09 18:40:34 - [MESSAGE][PASSED] - Object 'Object Repository/mobileSanity/STM/Page_App Page 4/label' is clickable

2019-04-09 18:40:34 - [TEST_STEP][PASSED] - click(findTestObject("mobileSanity/STM/Page_App Page 4/label")): Object: 'Object Repository/mobileSanity/STM/Page_App Page 4/label' is clicked on

2019-04-09 18:40:34 - [MESSAGE][PASSED] - Object: 'Object Repository/mobileSanity/STM/Page_App Page 4/label' is clicked on

2019-04-09 18:40:34 - [TEST_STEP][PASSED] - click(findTestObject("mobileSanity/STM/Page_App Page 4/div_CLICK TO SIGN")): Object: 'Object Repository/mobileSanity/STM/Page_App Page 4/div_CLICK TO SIGN' is clicked on

2019-04-09 18:40:34 - [MESSAGE][PASSED] - Object: 'Object Repository/mobileSanity/STM/Page_App Page 4/div_CLICK TO SIGN' is clicked on

2019-04-09 18:40:34 - [TEST_STEP][PASSED] - callTestCase(findTestCase("mobileWeb/_include/get_screenshot"), [:], STOP_ON_FAILURE): Call Test Case 'Test Cases/mobileWeb/_include/get_screenshot' successfully

2019-04-09 18:40:34 - [TEST_CASE][PASSED] - Test Cases/mobileWeb/_include/get_screenshot: Test Cases/mobileWeb/_include/get_screenshot

2019-04-09 18:40:34 - [TEST_STEP][PASSED] - takeScreenshot(screenPath + i + ".png"): Taking screenshot successfully

2019-04-09 18:40:35 - [MESSAGE][PASSED] - Taking screenshot successfully
[[ATTACHMENT|../Screenshots/mobileWeb/stm/AdvantHealth/20190409_183928/7.png]]

2019-04-09 18:40:35 - [TEST_STEP][PASSED] - (internal.GlobalVariable.i++): null

2019-04-09 18:40:35 - [MESSAGE][PASSED] - Call Test Case 'Test Cases/mobileWeb/_include/get_screenshot' successfully

2019-04-09 18:40:35 - [TEST_STEP][PASSED] - click(findTestObject("mobileSanity/STM/Page_App Page 4/a_Submit Your Application")): Object: 'Object Repository/mobileSanity/STM/Page_App Page 4/a_Submit Your Application' is clicked on

2019-04-09 18:40:35 - [MESSAGE][PASSED] - Object: 'Object Repository/mobileSanity/STM/Page_App Page 4/a_Submit Your Application' is clicked on

2019-04-09 18:40:35 - [TEST_STEP][PASSED] - Thread.sleep(2000): null

2019-04-09 18:40:37 - [TEST_STEP][PASSED] - callTestCase(findTestCase("mobileWeb/_include/get_screenshot"), [:], STOP_ON_FAILURE): Call Test Case 'Test Cases/mobileWeb/_include/get_screenshot' successfully

2019-04-09 18:40:37 - [TEST_CASE][PASSED] - Test Cases/mobileWeb/_include/get_screenshot: Test Cases/mobileWeb/_include/get_screenshot

2019-04-09 18:40:37 - [TEST_STEP][PASSED] - takeScreenshot(screenPath + i + ".png"): Taking screenshot successfully

2019-04-09 18:40:38 - [MESSAGE][PASSED] - Taking screenshot successfully
[[ATTACHMENT|../Screenshots/mobileWeb/stm/AdvantHealth/20190409_183928/8.png]]

2019-04-09 18:40:38 - [TEST_STEP][PASSED] - (internal.GlobalVariable.i++): null

2019-04-09 18:40:38 - [MESSAGE][PASSED] - Call Test Case 'Test Cases/mobileWeb/_include/get_screenshot' successfully

2019-04-09 18:40:38 - [TEST_STEP][PASSED] - waitForElementPresent(findTestObject("mobileSanity/STM/Page_App Page 6/span_planName"), 30): Object 'Object Repository/mobileSanity/STM/Page_App Page 6/span_planName' is not present after 30 second(s)

2019-04-09 18:41:09 - [MESSAGE][INFO] - Unable to find the element located by 'By.xpath: id("js-app-confirmation")/div[@class="app-confirmation-main"]/div[@class="app-confirmation-container"]/p[@class="reset"]/span[@class="emphasize"]'. Please recheck the objects properties to make sure the desired element is located. 

2019-04-09 18:41:09 - [MESSAGE][WARNING] - Object 'Object Repository/mobileSanity/STM/Page_App Page 6/span_planName' is not present after 30 second(s)

2019-04-09 18:41:09 - [TEST_STEP][PASSED] - verifyElementPresent(findTestObject("mobileSanity/STM/Page_App Page 6/span_planName"), 0): Object 'Object Repository/mobileSanity/STM/Page_App Page 6/span_planName' is present

2019-04-09 18:41:09 - [MESSAGE][WARNING] - Timeout '0' is invalid. Using default page load timeout: '20'

2019-04-09 18:41:23 - [MESSAGE][PASSED] - Object 'Object Repository/mobileSanity/STM/Page_App Page 6/span_planName' is present

2019-04-09 18:41:23 - [TEST_STEP][PASSED] - verifyElementPresent(findTestObject("mobileSanity/STM/Page_App Page 6/span_approved"), 0): Object 'Object Repository/mobileSanity/STM/Page_App Page 6/span_approved' is present

2019-04-09 18:41:23 - [MESSAGE][WARNING] - Timeout '0' is invalid. Using default page load timeout: '20'

2019-04-09 18:41:23 - [MESSAGE][PASSED] - Object 'Object Repository/mobileSanity/STM/Page_App Page 6/span_approved' is present

2019-04-09 18:41:23 - [TEST_STEP][PASSED] - callTestCase(findTestCase("mobileWeb/_include/get_screenshot"), [:], STOP_ON_FAILURE): Call Test Case 'Test Cases/mobileWeb/_include/get_screenshot' successfully

2019-04-09 18:41:23 - [TEST_CASE][PASSED] - Test Cases/mobileWeb/_include/get_screenshot: Test Cases/mobileWeb/_include/get_screenshot

2019-04-09 18:41:23 - [TEST_STEP][PASSED] - takeScreenshot(screenPath + i + ".png"): Taking screenshot successfully

2019-04-09 18:41:24 - [MESSAGE][PASSED] - Taking screenshot successfully
[[ATTACHMENT|../Screenshots/mobileWeb/stm/AdvantHealth/20190409_183928/9.png]]

2019-04-09 18:41:24 - [TEST_STEP][PASSED] - (internal.GlobalVariable.i++): null

2019-04-09 18:41:24 - [MESSAGE][PASSED] - Call Test Case 'Test Cases/mobileWeb/_include/get_screenshot' successfully

2019-04-09 18:41:24 - [MESSAGE][PASSED] - Call Test Case 'Test Cases/mobileWeb/_include/goToEnd_stm_autofill' successfully]]></system-out>
         <system-err><![CDATA[]]></system-err>
      </testcase>
      <testcase name="Test Cases/mobileWeb/stm/Companion" classname="Test Cases/mobileWeb/stm/Companion" status="FAILED">
         <failure type="FAILED" message="Test Cases/mobileWeb/stm/Companion FAILED.
Reason:
com.kms.katalon.core.exception.StepFailedException: Unable to click on object 'Object Repository/mobileSanity/STM/STM Quote Page/button_filters' (Root cause: org.openqa.selenium.StaleElementReferenceException: stale element reference: element is not attached to the page document
  (Session info: chrome=73.0.3683.103)
  (Driver info: chromedriver=2.43.600229 (3fae4d0cda5334b4f533bede5a4787f7b832d052),platform=Mac OS X 10.14.4 x86_64) (WARNING: The server did not provide any stacktrace information)
Command duration or timeout: 0 milliseconds
For documentation on this error, please visit: http://seleniumhq.org/exceptions/stale_element_reference.html
Build info: version: '3.7.1', revision: '8a0099a', time: '2017-11-06T21:07:36.161Z'
System info: host: 'Deniss-MacBook-Pro.local', ip: 'fe80:0:0:0:10f1:a73f:e71a:955a%en0', os.name: 'Mac OS X', os.arch: 'x86_64', os.version: '10.14.4', java.version: '1.8.0_181'
Driver info: com.kms.katalon.selenium.driver.CChromeDriver
Capabilities {acceptInsecureCerts: false, acceptSslCerts: false, applicationCacheEnabled: false, browserConnectionEnabled: false, browserName: chrome, chrome: {chromedriverVersion: 2.43.600229 (3fae4d0cda5334..., userDataDir: /var/folders/95/4qsvf70n5s5...}, cssSelectorsEnabled: true, databaseEnabled: false, goog:chromeOptions: {debuggerAddress: localhost:51299}, handlesAlerts: true, hasTouchScreen: true, javascriptEnabled: true, locationContextEnabled: true, mobileEmulationEnabled: true, nativeEvents: true, networkConnectionEnabled: false, pageLoadStrategy: normal, platform: MAC, platformName: MAC, rotatable: false, setWindowRect: true, takesHeapSnapshot: true, takesScreenshot: true, unexpectedAlertBehaviour: , unhandledPromptBehavior: , version: 73.0.3683.103, webStorageEnabled: true}
Session ID: ab3a3c830f63af99e439880d33073556)
	at com.kms.katalon.core.keyword.internal.KeywordMain.stepFailed(KeywordMain.groovy:36)
	at com.kms.katalon.core.webui.keyword.internal.WebUIKeywordMain.stepFailed(WebUIKeywordMain.groovy:65)
	at com.kms.katalon.core.webui.keyword.internal.WebUIKeywordMain.runKeyword(WebUIKeywordMain.groovy:27)
	at com.kms.katalon.core.webui.keyword.builtin.ClickKeyword.click(ClickKeyword.groovy:86)
	at com.kms.katalon.core.webui.keyword.builtin.ClickKeyword.execute(ClickKeyword.groovy:67)
	at com.kms.katalon.core.keyword.internal.KeywordExecutor.executeKeywordForPlatform(KeywordExecutor.groovy:53)
	at com.kms.katalon.core.webui.keyword.WebUiBuiltInKeywords.click(WebUiBuiltInKeywords.groovy:616)
	at com.kms.katalon.core.webui.keyword.WebUiBuiltInKeywords$click$4.call(Unknown Source)
	at filter_stm.run(filter_stm:38)
	at com.kms.katalon.core.main.ScriptEngine.run(ScriptEngine.java:194)
	at com.kms.katalon.core.main.ScriptEngine.runScriptAsRawText(ScriptEngine.java:119)
	at com.kms.katalon.core.main.TestCaseExecutor.runScript(TestCaseExecutor.java:328)
	at com.kms.katalon.core.main.TestCaseExecutor.doExecute(TestCaseExecutor.java:319)
	at com.kms.katalon.core.main.TestCaseExecutor.processExecutionPhase(TestCaseExecutor.java:298)
	at com.kms.katalon.core.main.TestCaseExecutor.accessMainPhase(TestCaseExecutor.java:290)
	at com.kms.katalon.core.main.TestCaseExecutor.execute(TestCaseExecutor.java:224)
	at com.kms.katalon.core.main.TestCaseMain.runTestCase(TestCaseMain.java:106)
	at com.kms.katalon.core.keyword.builtin.CallTestCaseKeyword$_callTestCase_closure1.doCall(CallTestCaseKeyword.groovy:59)
	at com.kms.katalon.core.keyword.builtin.CallTestCaseKeyword$_callTestCase_closure1.call(CallTestCaseKeyword.groovy)
	at com.kms.katalon.core.keyword.internal.KeywordMain.runKeyword(KeywordMain.groovy:54)
	at com.kms.katalon.core.keyword.builtin.CallTestCaseKeyword.callTestCase(CallTestCaseKeyword.groovy:80)
	at com.kms.katalon.core.keyword.builtin.CallTestCaseKeyword.execute(CallTestCaseKeyword.groovy:44)
	at com.kms.katalon.core.keyword.internal.KeywordExecutor.executeKeywordForPlatform(KeywordExecutor.groovy:53)
	at com.kms.katalon.core.keyword.BuiltinKeywords.callTestCase(BuiltinKeywords.groovy:334)
	at Companion.run(Companion:28)
	at com.kms.katalon.core.main.ScriptEngine.run(ScriptEngine.java:194)
	at com.kms.katalon.core.main.ScriptEngine.runScriptAsRawText(ScriptEngine.java:119)
	at com.kms.katalon.core.main.TestCaseExecutor.runScript(TestCaseExecutor.java:328)
	at com.kms.katalon.core.main.TestCaseExecutor.doExecute(TestCaseExecutor.java:319)
	at com.kms.katalon.core.main.TestCaseExecutor.processExecutionPhase(TestCaseExecutor.java:298)
	at com.kms.katalon.core.main.TestCaseExecutor.accessMainPhase(TestCaseExecutor.java:290)
	at com.kms.katalon.core.main.TestCaseExecutor.execute(TestCaseExecutor.java:224)
	at com.kms.katalon.core.main.TestSuiteExecutor.accessTestCaseMainPhase(TestSuiteExecutor.java:129)
	at com.kms.katalon.core.main.TestSuiteExecutor.accessTestSuiteMainPhase(TestSuiteExecutor.java:112)
	at com.kms.katalon.core.main.TestSuiteExecutor.execute(TestSuiteExecutor.java:81)
	at com.kms.katalon.core.main.TestCaseMain.startTestSuite(TestCaseMain.java:149)
	at com.kms.katalon.core.main.TestCaseMain$startTestSuite$0.call(Unknown Source)
	at TempTestSuite1554806206518.run(TempTestSuite1554806206518.groovy:36)
"/>
         <system-out><![CDATA[2019-04-09 18:41:24 - [TEST_CASE][FAILED] - Test Cases/mobileWeb/stm/Companion: Test Cases/mobileWeb/stm/Companion FAILED.
Reason:
com.kms.katalon.core.exception.StepFailedException: Unable to click on object 'Object Repository/mobileSanity/STM/STM Quote Page/button_filters' (Root cause: org.openqa.selenium.StaleElementReferenceException: stale element reference: element is not attached to the page document
  (Session info: chrome=73.0.3683.103)
  (Driver info: chromedriver=2.43.600229 (3fae4d0cda5334b4f533bede5a4787f7b832d052),platform=Mac OS X 10.14.4 x86_64) (WARNING: The server did not provide any stacktrace information)
Command duration or timeout: 0 milliseconds
For documentation on this error, please visit: http://seleniumhq.org/exceptions/stale_element_reference.html
Build info: version: '3.7.1', revision: '8a0099a', time: '2017-11-06T21:07:36.161Z'
System info: host: 'Deniss-MacBook-Pro.local', ip: 'fe80:0:0:0:10f1:a73f:e71a:955a%en0', os.name: 'Mac OS X', os.arch: 'x86_64', os.version: '10.14.4', java.version: '1.8.0_181'
Driver info: com.kms.katalon.selenium.driver.CChromeDriver
Capabilities {acceptInsecureCerts: false, acceptSslCerts: false, applicationCacheEnabled: false, browserConnectionEnabled: false, browserName: chrome, chrome: {chromedriverVersion: 2.43.600229 (3fae4d0cda5334..., userDataDir: /var/folders/95/4qsvf70n5s5...}, cssSelectorsEnabled: true, databaseEnabled: false, goog:chromeOptions: {debuggerAddress: localhost:51299}, handlesAlerts: true, hasTouchScreen: true, javascriptEnabled: true, locationContextEnabled: true, mobileEmulationEnabled: true, nativeEvents: true, networkConnectionEnabled: false, pageLoadStrategy: normal, platform: MAC, platformName: MAC, rotatable: false, setWindowRect: true, takesHeapSnapshot: true, takesScreenshot: true, unexpectedAlertBehaviour: , unhandledPromptBehavior: , version: 73.0.3683.103, webStorageEnabled: true}
Session ID: ab3a3c830f63af99e439880d33073556)
	at com.kms.katalon.core.keyword.internal.KeywordMain.stepFailed(KeywordMain.groovy:36)
	at com.kms.katalon.core.webui.keyword.internal.WebUIKeywordMain.stepFailed(WebUIKeywordMain.groovy:65)
	at com.kms.katalon.core.webui.keyword.internal.WebUIKeywordMain.runKeyword(WebUIKeywordMain.groovy:27)
	at com.kms.katalon.core.webui.keyword.builtin.ClickKeyword.click(ClickKeyword.groovy:86)
	at com.kms.katalon.core.webui.keyword.builtin.ClickKeyword.execute(ClickKeyword.groovy:67)
	at com.kms.katalon.core.keyword.internal.KeywordExecutor.executeKeywordForPlatform(KeywordExecutor.groovy:53)
	at com.kms.katalon.core.webui.keyword.WebUiBuiltInKeywords.click(WebUiBuiltInKeywords.groovy:616)
	at com.kms.katalon.core.webui.keyword.WebUiBuiltInKeywords$click$4.call(Unknown Source)
	at filter_stm.run(filter_stm:38)
	at com.kms.katalon.core.main.ScriptEngine.run(ScriptEngine.java:194)
	at com.kms.katalon.core.main.ScriptEngine.runScriptAsRawText(ScriptEngine.java:119)
	at com.kms.katalon.core.main.TestCaseExecutor.runScript(TestCaseExecutor.java:328)
	at com.kms.katalon.core.main.TestCaseExecutor.doExecute(TestCaseExecutor.java:319)
	at com.kms.katalon.core.main.TestCaseExecutor.processExecutionPhase(TestCaseExecutor.java:298)
	at com.kms.katalon.core.main.TestCaseExecutor.accessMainPhase(TestCaseExecutor.java:290)
	at com.kms.katalon.core.main.TestCaseExecutor.execute(TestCaseExecutor.java:224)
	at com.kms.katalon.core.main.TestCaseMain.runTestCase(TestCaseMain.java:106)
	at com.kms.katalon.core.keyword.builtin.CallTestCaseKeyword$_callTestCase_closure1.doCall(CallTestCaseKeyword.groovy:59)
	at com.kms.katalon.core.keyword.builtin.CallTestCaseKeyword$_callTestCase_closure1.call(CallTestCaseKeyword.groovy)
	at com.kms.katalon.core.keyword.internal.KeywordMain.runKeyword(KeywordMain.groovy:54)
	at com.kms.katalon.core.keyword.builtin.CallTestCaseKeyword.callTestCase(CallTestCaseKeyword.groovy:80)
	at com.kms.katalon.core.keyword.builtin.CallTestCaseKeyword.execute(CallTestCaseKeyword.groovy:44)
	at com.kms.katalon.core.keyword.internal.KeywordExecutor.executeKeywordForPlatform(KeywordExecutor.groovy:53)
	at com.kms.katalon.core.keyword.BuiltinKeywords.callTestCase(BuiltinKeywords.groovy:334)
	at Companion.run(Companion:28)
	at com.kms.katalon.core.main.ScriptEngine.run(ScriptEngine.java:194)
	at com.kms.katalon.core.main.ScriptEngine.runScriptAsRawText(ScriptEngine.java:119)
	at com.kms.katalon.core.main.TestCaseExecutor.runScript(TestCaseExecutor.java:328)
	at com.kms.katalon.core.main.TestCaseExecutor.doExecute(TestCaseExecutor.java:319)
	at com.kms.katalon.core.main.TestCaseExecutor.processExecutionPhase(TestCaseExecutor.java:298)
	at com.kms.katalon.core.main.TestCaseExecutor.accessMainPhase(TestCaseExecutor.java:290)
	at com.kms.katalon.core.main.TestCaseExecutor.execute(TestCaseExecutor.java:224)
	at com.kms.katalon.core.main.TestSuiteExecutor.accessTestCaseMainPhase(TestSuiteExecutor.java:129)
	at com.kms.katalon.core.main.TestSuiteExecutor.accessTestSuiteMainPhase(TestSuiteExecutor.java:112)
	at com.kms.katalon.core.main.TestSuiteExecutor.execute(TestSuiteExecutor.java:81)
	at com.kms.katalon.core.main.TestCaseMain.startTestSuite(TestCaseMain.java:149)
	at com.kms.katalon.core.main.TestCaseMain$startTestSuite$0.call(Unknown Source)
	at TempTestSuite1554806206518.run(TempTestSuite1554806206518.groovy:36)


2019-04-09 18:41:24 - [TEST_STEP][PASSED] - now = new java.util.Date(): null

2019-04-09 18:41:24 - [TEST_STEP][PASSED] - mydate = now.format("yyyyMMdd_HHmmss"): null

2019-04-09 18:41:24 - [TEST_STEP][PASSED] - screenPath = stmPath + "Companion/" + mydate + "/": null

2019-04-09 18:41:24 - [TEST_STEP][PASSED] - i = 0: null

2019-04-09 18:41:24 - [TEST_STEP][PASSED] - callTestCase(findTestCase("mobileWeb/_include/openWebSite"), [:], CONTINUE_ON_FAILURE): Call Test Case 'Test Cases/mobileWeb/_include/openWebSite' successfully

2019-04-09 18:41:24 - [TEST_CASE][PASSED] - Test Cases/mobileWeb/_include/openWebSite: Test Cases/mobileWeb/_include/openWebSite

2019-04-09 18:41:24 - [TEST_STEP][PASSED] - openBrowser(""): Browser is opened with url: ''

2019-04-09 18:41:24 - [MESSAGE][WARNING] - A browser is already opened. Closing browser and opening a new one

2019-04-09 18:41:24 - [MESSAGE][INFO] - Starting 'Chrome' driver

2019-04-09 18:41:24 - [MESSAGE][INFO] - User set preference: ['mobileEmulation', '{deviceName=iPhone X}']

2019-04-09 18:41:24 - [MESSAGE][INFO] - User set preference: ['args', '[]']

2019-04-09 18:41:26 - [MESSAGE][PASSED] - Browser is opened with url: ''

2019-04-09 18:41:26 - [TEST_STEP][PASSED] - navigateToUrl(ENV): Navigate to 'https://praetemptatus.agilehealthinsurance.com' successfully

2019-04-09 18:41:29 - [MESSAGE][PASSED] - Navigate to 'https://praetemptatus.agilehealthinsurance.com' successfully

2019-04-09 18:41:29 - [TEST_STEP][PASSED] - waitForPageLoad(10): Wait for page load successfully

2019-04-09 18:41:29 - [MESSAGE][PASSED] - Wait for page load successfully

2019-04-09 18:41:29 - [TEST_STEP][PASSED] - callTestCase(findTestCase("mobileWeb/_include/get_screenshot"), [:], STOP_ON_FAILURE): Call Test Case 'Test Cases/mobileWeb/_include/get_screenshot' successfully

2019-04-09 18:41:29 - [TEST_CASE][PASSED] - Test Cases/mobileWeb/_include/get_screenshot: Test Cases/mobileWeb/_include/get_screenshot

2019-04-09 18:41:29 - [TEST_STEP][PASSED] - takeScreenshot(screenPath + i + ".png"): Taking screenshot successfully

2019-04-09 18:41:30 - [MESSAGE][PASSED] - Taking screenshot successfully
[[ATTACHMENT|../Screenshots/mobileWeb/stm/Companion/20190409_184124/0.png]]

2019-04-09 18:41:30 - [TEST_STEP][PASSED] - (internal.GlobalVariable.i++): null

2019-04-09 18:41:30 - [MESSAGE][PASSED] - Call Test Case 'Test Cases/mobileWeb/_include/get_screenshot' successfully

2019-04-09 18:41:30 - [MESSAGE][PASSED] - Call Test Case 'Test Cases/mobileWeb/_include/openWebSite' successfully

2019-04-09 18:41:30 - [TEST_STEP][PASSED] - callTestCase(findTestCase("mobileWeb/_include/census_stm"), [:], CONTINUE_ON_FAILURE): Call Test Case 'Test Cases/mobileWeb/_include/census_stm' successfully

2019-04-09 18:41:30 - [TEST_CASE][PASSED] - Test Cases/mobileWeb/_include/census_stm: Test Cases/mobileWeb/_include/census_stm

2019-04-09 18:41:30 - [TEST_STEP][PASSED] - waitForElementClickable(findTestObject("mobileSanity/STM/Home Page/a_Quote  Save Today"), 10): Object 'Object Repository/mobileSanity/STM/Home Page/a_Quote  Save Today' is clickable

2019-04-09 18:41:30 - [MESSAGE][PASSED] - Object 'Object Repository/mobileSanity/STM/Home Page/a_Quote  Save Today' is clickable

2019-04-09 18:41:30 - [TEST_STEP][PASSED] - click(findTestObject("mobileSanity/STM/Home Page/a_Quote  Save Today")): Object: 'Object Repository/mobileSanity/STM/Home Page/a_Quote  Save Today' is clicked on

2019-04-09 18:41:31 - [MESSAGE][PASSED] - Object: 'Object Repository/mobileSanity/STM/Home Page/a_Quote  Save Today' is clicked on

2019-04-09 18:41:31 - [TEST_STEP][PASSED] - waitForPageLoad(10): Wait for page load successfully

2019-04-09 18:41:31 - [MESSAGE][PASSED] - Wait for page load successfully

2019-04-09 18:41:31 - [TEST_STEP][PASSED] - callTestCase(findTestCase("mobileWeb/_include/get_screenshot"), [:], STOP_ON_FAILURE): Call Test Case 'Test Cases/mobileWeb/_include/get_screenshot' successfully

2019-04-09 18:41:31 - [TEST_CASE][PASSED] - Test Cases/mobileWeb/_include/get_screenshot: Test Cases/mobileWeb/_include/get_screenshot

2019-04-09 18:41:31 - [TEST_STEP][PASSED] - takeScreenshot(screenPath + i + ".png"): Taking screenshot successfully

2019-04-09 18:41:32 - [MESSAGE][PASSED] - Taking screenshot successfully
[[ATTACHMENT|../Screenshots/mobileWeb/stm/Companion/20190409_184124/1.png]]

2019-04-09 18:41:32 - [TEST_STEP][PASSED] - (internal.GlobalVariable.i++): null

2019-04-09 18:41:32 - [MESSAGE][PASSED] - Call Test Case 'Test Cases/mobileWeb/_include/get_screenshot' successfully

2019-04-09 18:41:32 - [TEST_STEP][PASSED] - setText(findTestObject("mobileSanity/STM/STM Census Page/input_Location_zip-input"), zipcode): Text '35215' is set on object 'Object Repository/mobileSanity/STM/STM Census Page/input_Location_zip-input'

2019-04-09 18:41:33 - [MESSAGE][PASSED] - Text '35215' is set on object 'Object Repository/mobileSanity/STM/STM Census Page/input_Location_zip-input'

2019-04-09 18:41:33 - [TEST_STEP][PASSED] - Thread.sleep(500): null

2019-04-09 18:41:33 - [TEST_STEP][PASSED] - setText(findTestObject("mobileSanity/STM/STM Census Page/input_Date of Birth_dob-0"), "03031987"): Text '03031987' is set on object 'Object Repository/mobileSanity/STM/STM Census Page/input_Date of Birth_dob-0'

2019-04-09 18:41:33 - [MESSAGE][PASSED] - Text '03031987' is set on object 'Object Repository/mobileSanity/STM/STM Census Page/input_Date of Birth_dob-0'

2019-04-09 18:41:33 - [TEST_STEP][PASSED] - click(findTestObject("mobileSanity/STM/STM Census Page/label_Male")): Object: 'Object Repository/mobileSanity/STM/STM Census Page/label_Male' is clicked on

2019-04-09 18:41:33 - [MESSAGE][PASSED] - Object: 'Object Repository/mobileSanity/STM/STM Census Page/label_Male' is clicked on

2019-04-09 18:41:33 - [TEST_STEP][PASSED] - click(findTestObject("mobileSanity/STM/STM Census Page/label_Compare Plans")): Object: 'Object Repository/mobileSanity/STM/STM Census Page/label_Compare Plans' is clicked on

2019-04-09 18:41:33 - [MESSAGE][PASSED] - Object: 'Object Repository/mobileSanity/STM/STM Census Page/label_Compare Plans' is clicked on

2019-04-09 18:41:33 - [TEST_STEP][PASSED] - waitForPageLoad(10): Wait for page load successfully

2019-04-09 18:41:33 - [MESSAGE][PASSED] - Wait for page load successfully

2019-04-09 18:41:33 - [TEST_STEP][PASSED] - callTestCase(findTestCase("mobileWeb/_include/get_screenshot"), [:], STOP_ON_FAILURE): Call Test Case 'Test Cases/mobileWeb/_include/get_screenshot' successfully

2019-04-09 18:41:33 - [TEST_CASE][PASSED] - Test Cases/mobileWeb/_include/get_screenshot: Test Cases/mobileWeb/_include/get_screenshot

2019-04-09 18:41:33 - [TEST_STEP][PASSED] - takeScreenshot(screenPath + i + ".png"): Taking screenshot successfully

2019-04-09 18:41:41 - [MESSAGE][PASSED] - Taking screenshot successfully
[[ATTACHMENT|../Screenshots/mobileWeb/stm/Companion/20190409_184124/2.png]]

2019-04-09 18:41:41 - [TEST_STEP][PASSED] - (internal.GlobalVariable.i++): null

2019-04-09 18:41:41 - [MESSAGE][PASSED] - Call Test Case 'Test Cases/mobileWeb/_include/get_screenshot' successfully

2019-04-09 18:41:41 - [MESSAGE][PASSED] - Call Test Case 'Test Cases/mobileWeb/_include/census_stm' successfully

2019-04-09 18:41:41 - [TEST_STEP][FAILED] - callTestCase(findTestCase("mobileWeb/_include/filter_stm"), ["carrier":"pivotcompanion"], STOP_ON_FAILURE): callTestCase(findTestCase("mobileWeb/_include/filter_stm"), ["carrier":"pivotcompanion"], STOP_ON_FAILURE) FAILED.
Reason:
com.kms.katalon.core.exception.StepFailedException: Unable to click on object 'Object Repository/mobileSanity/STM/STM Quote Page/button_filters' (Root cause: org.openqa.selenium.StaleElementReferenceException: stale element reference: element is not attached to the page document
  (Session info: chrome=73.0.3683.103)
  (Driver info: chromedriver=2.43.600229 (3fae4d0cda5334b4f533bede5a4787f7b832d052),platform=Mac OS X 10.14.4 x86_64) (WARNING: The server did not provide any stacktrace information)
Command duration or timeout: 0 milliseconds
For documentation on this error, please visit: http://seleniumhq.org/exceptions/stale_element_reference.html
Build info: version: '3.7.1', revision: '8a0099a', time: '2017-11-06T21:07:36.161Z'
System info: host: 'Deniss-MacBook-Pro.local', ip: 'fe80:0:0:0:10f1:a73f:e71a:955a%en0', os.name: 'Mac OS X', os.arch: 'x86_64', os.version: '10.14.4', java.version: '1.8.0_181'
Driver info: com.kms.katalon.selenium.driver.CChromeDriver
Capabilities {acceptInsecureCerts: false, acceptSslCerts: false, applicationCacheEnabled: false, browserConnectionEnabled: false, browserName: chrome, chrome: {chromedriverVersion: 2.43.600229 (3fae4d0cda5334..., userDataDir: /var/folders/95/4qsvf70n5s5...}, cssSelectorsEnabled: true, databaseEnabled: false, goog:chromeOptions: {debuggerAddress: localhost:51299}, handlesAlerts: true, hasTouchScreen: true, javascriptEnabled: true, locationContextEnabled: true, mobileEmulationEnabled: true, nativeEvents: true, networkConnectionEnabled: false, pageLoadStrategy: normal, platform: MAC, platformName: MAC, rotatable: false, setWindowRect: true, takesHeapSnapshot: true, takesScreenshot: true, unexpectedAlertBehaviour: , unhandledPromptBehavior: , version: 73.0.3683.103, webStorageEnabled: true}
Session ID: ab3a3c830f63af99e439880d33073556)
	at com.kms.katalon.core.keyword.internal.KeywordMain.stepFailed(KeywordMain.groovy:36)
	at com.kms.katalon.core.webui.keyword.internal.WebUIKeywordMain.stepFailed(WebUIKeywordMain.groovy:65)
	at com.kms.katalon.core.webui.keyword.internal.WebUIKeywordMain.runKeyword(WebUIKeywordMain.groovy:27)
	at com.kms.katalon.core.webui.keyword.builtin.ClickKeyword.click(ClickKeyword.groovy:86)
	at com.kms.katalon.core.webui.keyword.builtin.ClickKeyword.execute(ClickKeyword.groovy:67)
	at com.kms.katalon.core.keyword.internal.KeywordExecutor.executeKeywordForPlatform(KeywordExecutor.groovy:53)
	at com.kms.katalon.core.webui.keyword.WebUiBuiltInKeywords.click(WebUiBuiltInKeywords.groovy:616)
	at com.kms.katalon.core.webui.keyword.WebUiBuiltInKeywords$click$4.call(Unknown Source)
	at filter_stm.run(filter_stm:38)
	at com.kms.katalon.core.main.ScriptEngine.run(ScriptEngine.java:194)
	at com.kms.katalon.core.main.ScriptEngine.runScriptAsRawText(ScriptEngine.java:119)
	at com.kms.katalon.core.main.TestCaseExecutor.runScript(TestCaseExecutor.java:328)
	at com.kms.katalon.core.main.TestCaseExecutor.doExecute(TestCaseExecutor.java:319)
	at com.kms.katalon.core.main.TestCaseExecutor.processExecutionPhase(TestCaseExecutor.java:298)
	at com.kms.katalon.core.main.TestCaseExecutor.accessMainPhase(TestCaseExecutor.java:290)
	at com.kms.katalon.core.main.TestCaseExecutor.execute(TestCaseExecutor.java:224)
	at com.kms.katalon.core.main.TestCaseMain.runTestCase(TestCaseMain.java:106)
	at com.kms.katalon.core.keyword.builtin.CallTestCaseKeyword$_callTestCase_closure1.doCall(CallTestCaseKeyword.groovy:59)
	at com.kms.katalon.core.keyword.builtin.CallTestCaseKeyword$_callTestCase_closure1.call(CallTestCaseKeyword.groovy)
	at com.kms.katalon.core.keyword.internal.KeywordMain.runKeyword(KeywordMain.groovy:54)
	at com.kms.katalon.core.keyword.builtin.CallTestCaseKeyword.callTestCase(CallTestCaseKeyword.groovy:80)
	at com.kms.katalon.core.keyword.builtin.CallTestCaseKeyword.execute(CallTestCaseKeyword.groovy:44)
	at com.kms.katalon.core.keyword.internal.KeywordExecutor.executeKeywordForPlatform(KeywordExecutor.groovy:53)
	at com.kms.katalon.core.keyword.BuiltinKeywords.callTestCase(BuiltinKeywords.groovy:334)
	at Companion.run(Companion:28)
	at com.kms.katalon.core.main.ScriptEngine.run(ScriptEngine.java:194)
	at com.kms.katalon.core.main.ScriptEngine.runScriptAsRawText(ScriptEngine.java:119)
	at com.kms.katalon.core.main.TestCaseExecutor.runScript(TestCaseExecutor.java:328)
	at com.kms.katalon.core.main.TestCaseExecutor.doExecute(TestCaseExecutor.java:319)
	at com.kms.katalon.core.main.TestCaseExecutor.processExecutionPhase(TestCaseExecutor.java:298)
	at com.kms.katalon.core.main.TestCaseExecutor.accessMainPhase(TestCaseExecutor.java:290)
	at com.kms.katalon.core.main.TestCaseExecutor.execute(TestCaseExecutor.java:224)
	at com.kms.katalon.core.main.TestSuiteExecutor.accessTestCaseMainPhase(TestSuiteExecutor.java:129)
	at com.kms.katalon.core.main.TestSuiteExecutor.accessTestSuiteMainPhase(TestSuiteExecutor.java:112)
	at com.kms.katalon.core.main.TestSuiteExecutor.execute(TestSuiteExecutor.java:81)
	at com.kms.katalon.core.main.TestCaseMain.startTestSuite(TestCaseMain.java:149)
	at com.kms.katalon.core.main.TestCaseMain$startTestSuite$0.call(Unknown Source)
	at TempTestSuite1554806206518.run(TempTestSuite1554806206518.groovy:36)


2019-04-09 18:41:41 - [TEST_CASE][FAILED] - Test Cases/mobileWeb/_include/filter_stm: Test Cases/mobileWeb/_include/filter_stm FAILED.
Reason:
com.kms.katalon.core.exception.StepFailedException: Unable to click on object 'Object Repository/mobileSanity/STM/STM Quote Page/button_filters' (Root cause: org.openqa.selenium.StaleElementReferenceException: stale element reference: element is not attached to the page document
  (Session info: chrome=73.0.3683.103)
  (Driver info: chromedriver=2.43.600229 (3fae4d0cda5334b4f533bede5a4787f7b832d052),platform=Mac OS X 10.14.4 x86_64) (WARNING: The server did not provide any stacktrace information)
Command duration or timeout: 0 milliseconds
For documentation on this error, please visit: http://seleniumhq.org/exceptions/stale_element_reference.html
Build info: version: '3.7.1', revision: '8a0099a', time: '2017-11-06T21:07:36.161Z'
System info: host: 'Deniss-MacBook-Pro.local', ip: 'fe80:0:0:0:10f1:a73f:e71a:955a%en0', os.name: 'Mac OS X', os.arch: 'x86_64', os.version: '10.14.4', java.version: '1.8.0_181'
Driver info: com.kms.katalon.selenium.driver.CChromeDriver
Capabilities {acceptInsecureCerts: false, acceptSslCerts: false, applicationCacheEnabled: false, browserConnectionEnabled: false, browserName: chrome, chrome: {chromedriverVersion: 2.43.600229 (3fae4d0cda5334..., userDataDir: /var/folders/95/4qsvf70n5s5...}, cssSelectorsEnabled: true, databaseEnabled: false, goog:chromeOptions: {debuggerAddress: localhost:51299}, handlesAlerts: true, hasTouchScreen: true, javascriptEnabled: true, locationContextEnabled: true, mobileEmulationEnabled: true, nativeEvents: true, networkConnectionEnabled: false, pageLoadStrategy: normal, platform: MAC, platformName: MAC, rotatable: false, setWindowRect: true, takesHeapSnapshot: true, takesScreenshot: true, unexpectedAlertBehaviour: , unhandledPromptBehavior: , version: 73.0.3683.103, webStorageEnabled: true}
Session ID: ab3a3c830f63af99e439880d33073556)
	at com.kms.katalon.core.keyword.internal.KeywordMain.stepFailed(KeywordMain.groovy:36)
	at com.kms.katalon.core.webui.keyword.internal.WebUIKeywordMain.stepFailed(WebUIKeywordMain.groovy:65)
	at com.kms.katalon.core.webui.keyword.internal.WebUIKeywordMain.runKeyword(WebUIKeywordMain.groovy:27)
	at com.kms.katalon.core.webui.keyword.builtin.ClickKeyword.click(ClickKeyword.groovy:86)
	at com.kms.katalon.core.webui.keyword.builtin.ClickKeyword.execute(ClickKeyword.groovy:67)
	at com.kms.katalon.core.keyword.internal.KeywordExecutor.executeKeywordForPlatform(KeywordExecutor.groovy:53)
	at com.kms.katalon.core.webui.keyword.WebUiBuiltInKeywords.click(WebUiBuiltInKeywords.groovy:616)
	at com.kms.katalon.core.webui.keyword.WebUiBuiltInKeywords$click$4.call(Unknown Source)
	at filter_stm.run(filter_stm:38)
	at com.kms.katalon.core.main.ScriptEngine.run(ScriptEngine.java:194)
	at com.kms.katalon.core.main.ScriptEngine.runScriptAsRawText(ScriptEngine.java:119)
	at com.kms.katalon.core.main.TestCaseExecutor.runScript(TestCaseExecutor.java:328)
	at com.kms.katalon.core.main.TestCaseExecutor.doExecute(TestCaseExecutor.java:319)
	at com.kms.katalon.core.main.TestCaseExecutor.processExecutionPhase(TestCaseExecutor.java:298)
	at com.kms.katalon.core.main.TestCaseExecutor.accessMainPhase(TestCaseExecutor.java:290)
	at com.kms.katalon.core.main.TestCaseExecutor.execute(TestCaseExecutor.java:224)
	at com.kms.katalon.core.main.TestCaseMain.runTestCase(TestCaseMain.java:106)
	at com.kms.katalon.core.keyword.builtin.CallTestCaseKeyword$_callTestCase_closure1.doCall(CallTestCaseKeyword.groovy:59)
	at com.kms.katalon.core.keyword.builtin.CallTestCaseKeyword$_callTestCase_closure1.call(CallTestCaseKeyword.groovy)
	at com.kms.katalon.core.keyword.internal.KeywordMain.runKeyword(KeywordMain.groovy:54)
	at com.kms.katalon.core.keyword.builtin.CallTestCaseKeyword.callTestCase(CallTestCaseKeyword.groovy:80)
	at com.kms.katalon.core.keyword.builtin.CallTestCaseKeyword.execute(CallTestCaseKeyword.groovy:44)
	at com.kms.katalon.core.keyword.internal.KeywordExecutor.executeKeywordForPlatform(KeywordExecutor.groovy:53)
	at com.kms.katalon.core.keyword.BuiltinKeywords.callTestCase(BuiltinKeywords.groovy:334)
	at Companion.run(Companion:28)
	at com.kms.katalon.core.main.ScriptEngine.run(ScriptEngine.java:194)
	at com.kms.katalon.core.main.ScriptEngine.runScriptAsRawText(ScriptEngine.java:119)
	at com.kms.katalon.core.main.TestCaseExecutor.runScript(TestCaseExecutor.java:328)
	at com.kms.katalon.core.main.TestCaseExecutor.doExecute(TestCaseExecutor.java:319)
	at com.kms.katalon.core.main.TestCaseExecutor.processExecutionPhase(TestCaseExecutor.java:298)
	at com.kms.katalon.core.main.TestCaseExecutor.accessMainPhase(TestCaseExecutor.java:290)
	at com.kms.katalon.core.main.TestCaseExecutor.execute(TestCaseExecutor.java:224)
	at com.kms.katalon.core.main.TestSuiteExecutor.accessTestCaseMainPhase(TestSuiteExecutor.java:129)
	at com.kms.katalon.core.main.TestSuiteExecutor.accessTestSuiteMainPhase(TestSuiteExecutor.java:112)
	at com.kms.katalon.core.main.TestSuiteExecutor.execute(TestSuiteExecutor.java:81)
	at com.kms.katalon.core.main.TestCaseMain.startTestSuite(TestCaseMain.java:149)
	at com.kms.katalon.core.main.TestCaseMain$startTestSuite$0.call(Unknown Source)
	at TempTestSuite1554806206518.run(TempTestSuite1554806206518.groovy:36)


2019-04-09 18:41:41 - [TEST_STEP][PASSED] - driver = getWebDriver(): null

2019-04-09 18:41:41 - [TEST_STEP][PASSED] - selenium = new com.thoughtworks.selenium.webdriven.WebDriverBackedSelenium(driver, internal.GlobalVariable.ENV): null

2019-04-09 18:41:41 - [TEST_STEP][PASSED] - click(findTestObject("mobileSanity/STM/STM Quote Page/button_6 months")): Object: 'Object Repository/mobileSanity/STM/STM Quote Page/button_6 months' is clicked on

2019-04-09 18:41:41 - [MESSAGE][PASSED] - Object: 'Object Repository/mobileSanity/STM/STM Quote Page/button_6 months' is clicked on

2019-04-09 18:41:41 - [TEST_STEP][PASSED] - test.MobileKeywords.clickJS(findTestObject("mobileSanity/STM/STM Quote Page/radio_6 months")): test.MobileKeywords.clickJS is PASSED

2019-04-09 18:41:42 - [MESSAGE][PASSED] - Execute JavaScript 'arguments[0].click()' successfully

2019-04-09 18:41:42 - [MESSAGE][PASSED] - test.MobileKeywords.clickJS is PASSED

2019-04-09 18:41:42 - [TEST_STEP][PASSED] - Thread.sleep(1000): null

2019-04-09 18:41:43 - [TEST_STEP][PASSED] - test.MobileKeywords.clickJS(findTestObject("mobileSanity/STM/STM Quote Page/duration_show_plans")): test.MobileKeywords.clickJS is PASSED

2019-04-09 18:41:43 - [MESSAGE][PASSED] - Execute JavaScript 'arguments[0].click()' successfully

2019-04-09 18:41:43 - [MESSAGE][PASSED] - test.MobileKeywords.clickJS is PASSED

2019-04-09 18:41:43 - [TEST_STEP][PASSED] - waitForJQueryLoad(10, STOP_ON_FAILURE): jQuery is ready.

2019-04-09 18:41:44 - [MESSAGE][PASSED] - jQuery is ready.

2019-04-09 18:41:44 - [TEST_STEP][PASSED] - Thread.sleep(1000): null

2019-04-09 18:41:45 - [TEST_STEP][FAILED] - click(findTestObject("mobileSanity/STM/STM Quote Page/button_filters")): click(findTestObject("mobileSanity/STM/STM Quote Page/button_filters")) FAILED.
Reason:
com.kms.katalon.core.exception.StepFailedException: Unable to click on object 'Object Repository/mobileSanity/STM/STM Quote Page/button_filters' (Root cause: org.openqa.selenium.StaleElementReferenceException: stale element reference: element is not attached to the page document
  (Session info: chrome=73.0.3683.103)
  (Driver info: chromedriver=2.43.600229 (3fae4d0cda5334b4f533bede5a4787f7b832d052),platform=Mac OS X 10.14.4 x86_64) (WARNING: The server did not provide any stacktrace information)
Command duration or timeout: 0 milliseconds
For documentation on this error, please visit: http://seleniumhq.org/exceptions/stale_element_reference.html
Build info: version: '3.7.1', revision: '8a0099a', time: '2017-11-06T21:07:36.161Z'
System info: host: 'Deniss-MacBook-Pro.local', ip: 'fe80:0:0:0:10f1:a73f:e71a:955a%en0', os.name: 'Mac OS X', os.arch: 'x86_64', os.version: '10.14.4', java.version: '1.8.0_181'
Driver info: com.kms.katalon.selenium.driver.CChromeDriver
Capabilities {acceptInsecureCerts: false, acceptSslCerts: false, applicationCacheEnabled: false, browserConnectionEnabled: false, browserName: chrome, chrome: {chromedriverVersion: 2.43.600229 (3fae4d0cda5334..., userDataDir: /var/folders/95/4qsvf70n5s5...}, cssSelectorsEnabled: true, databaseEnabled: false, goog:chromeOptions: {debuggerAddress: localhost:51299}, handlesAlerts: true, hasTouchScreen: true, javascriptEnabled: true, locationContextEnabled: true, mobileEmulationEnabled: true, nativeEvents: true, networkConnectionEnabled: false, pageLoadStrategy: normal, platform: MAC, platformName: MAC, rotatable: false, setWindowRect: true, takesHeapSnapshot: true, takesScreenshot: true, unexpectedAlertBehaviour: , unhandledPromptBehavior: , version: 73.0.3683.103, webStorageEnabled: true}
Session ID: ab3a3c830f63af99e439880d33073556)
	at com.kms.katalon.core.keyword.internal.KeywordMain.stepFailed(KeywordMain.groovy:36)
	at com.kms.katalon.core.webui.keyword.internal.WebUIKeywordMain.stepFailed(WebUIKeywordMain.groovy:65)
	at com.kms.katalon.core.webui.keyword.internal.WebUIKeywordMain.runKeyword(WebUIKeywordMain.groovy:27)
	at com.kms.katalon.core.webui.keyword.builtin.ClickKeyword.click(ClickKeyword.groovy:86)
	at com.kms.katalon.core.webui.keyword.builtin.ClickKeyword.execute(ClickKeyword.groovy:67)
	at com.kms.katalon.core.keyword.internal.KeywordExecutor.executeKeywordForPlatform(KeywordExecutor.groovy:53)
	at com.kms.katalon.core.webui.keyword.WebUiBuiltInKeywords.click(WebUiBuiltInKeywords.groovy:616)
	at com.kms.katalon.core.webui.keyword.WebUiBuiltInKeywords$click$4.call(Unknown Source)
	at filter_stm.run(filter_stm:38)
	at com.kms.katalon.core.main.ScriptEngine.run(ScriptEngine.java:194)
	at com.kms.katalon.core.main.ScriptEngine.runScriptAsRawText(ScriptEngine.java:119)
	at com.kms.katalon.core.main.TestCaseExecutor.runScript(TestCaseExecutor.java:328)
	at com.kms.katalon.core.main.TestCaseExecutor.doExecute(TestCaseExecutor.java:319)
	at com.kms.katalon.core.main.TestCaseExecutor.processExecutionPhase(TestCaseExecutor.java:298)
	at com.kms.katalon.core.main.TestCaseExecutor.accessMainPhase(TestCaseExecutor.java:290)
	at com.kms.katalon.core.main.TestCaseExecutor.execute(TestCaseExecutor.java:224)
	at com.kms.katalon.core.main.TestCaseMain.runTestCase(TestCaseMain.java:106)
	at com.kms.katalon.core.keyword.builtin.CallTestCaseKeyword$_callTestCase_closure1.doCall(CallTestCaseKeyword.groovy:59)
	at com.kms.katalon.core.keyword.builtin.CallTestCaseKeyword$_callTestCase_closure1.call(CallTestCaseKeyword.groovy)
	at com.kms.katalon.core.keyword.internal.KeywordMain.runKeyword(KeywordMain.groovy:54)
	at com.kms.katalon.core.keyword.builtin.CallTestCaseKeyword.callTestCase(CallTestCaseKeyword.groovy:80)
	at com.kms.katalon.core.keyword.builtin.CallTestCaseKeyword.execute(CallTestCaseKeyword.groovy:44)
	at com.kms.katalon.core.keyword.internal.KeywordExecutor.executeKeywordForPlatform(KeywordExecutor.groovy:53)
	at com.kms.katalon.core.keyword.BuiltinKeywords.callTestCase(BuiltinKeywords.groovy:334)
	at Companion.run(Companion:28)
	at com.kms.katalon.core.main.ScriptEngine.run(ScriptEngine.java:194)
	at com.kms.katalon.core.main.ScriptEngine.runScriptAsRawText(ScriptEngine.java:119)
	at com.kms.katalon.core.main.TestCaseExecutor.runScript(TestCaseExecutor.java:328)
	at com.kms.katalon.core.main.TestCaseExecutor.doExecute(TestCaseExecutor.java:319)
	at com.kms.katalon.core.main.TestCaseExecutor.processExecutionPhase(TestCaseExecutor.java:298)
	at com.kms.katalon.core.main.TestCaseExecutor.accessMainPhase(TestCaseExecutor.java:290)
	at com.kms.katalon.core.main.TestCaseExecutor.execute(TestCaseExecutor.java:224)
	at com.kms.katalon.core.main.TestSuiteExecutor.accessTestCaseMainPhase(TestSuiteExecutor.java:129)
	at com.kms.katalon.core.main.TestSuiteExecutor.accessTestSuiteMainPhase(TestSuiteExecutor.java:112)
	at com.kms.katalon.core.main.TestSuiteExecutor.execute(TestSuiteExecutor.java:81)
	at com.kms.katalon.core.main.TestCaseMain.startTestSuite(TestCaseMain.java:149)
	at com.kms.katalon.core.main.TestCaseMain$startTestSuite$0.call(Unknown Source)
	at TempTestSuite1554806206518.run(TempTestSuite1554806206518.groovy:36)


2019-04-09 18:41:46 - [MESSAGE][FAILED] - Unable to click on object 'Object Repository/mobileSanity/STM/STM Quote Page/button_filters' (Root cause: org.openqa.selenium.StaleElementReferenceException: stale element reference: element is not attached to the page document
  (Session info: chrome=73.0.3683.103)
  (Driver info: chromedriver=2.43.600229 (3fae4d0cda5334b4f533bede5a4787f7b832d052),platform=Mac OS X 10.14.4 x86_64) (WARNING: The server did not provide any stacktrace information)
Command duration or timeout: 0 milliseconds
For documentation on this error, please visit: http://seleniumhq.org/exceptions/stale_element_reference.html
Build info: version: '3.7.1', revision: '8a0099a', time: '2017-11-06T21:07:36.161Z'
System info: host: 'Deniss-MacBook-Pro.local', ip: 'fe80:0:0:0:10f1:a73f:e71a:955a%en0', os.name: 'Mac OS X', os.arch: 'x86_64', os.version: '10.14.4', java.version: '1.8.0_181'
Driver info: com.kms.katalon.selenium.driver.CChromeDriver
Capabilities {acceptInsecureCerts: false, acceptSslCerts: false, applicationCacheEnabled: false, browserConnectionEnabled: false, browserName: chrome, chrome: {chromedriverVersion: 2.43.600229 (3fae4d0cda5334..., userDataDir: /var/folders/95/4qsvf70n5s5...}, cssSelectorsEnabled: true, databaseEnabled: false, goog:chromeOptions: {debuggerAddress: localhost:51299}, handlesAlerts: true, hasTouchScreen: true, javascriptEnabled: true, locationContextEnabled: true, mobileEmulationEnabled: true, nativeEvents: true, networkConnectionEnabled: false, pageLoadStrategy: normal, platform: MAC, platformName: MAC, rotatable: false, setWindowRect: true, takesHeapSnapshot: true, takesScreenshot: true, unexpectedAlertBehaviour: , unhandledPromptBehavior: , version: 73.0.3683.103, webStorageEnabled: true}
Session ID: ab3a3c830f63af99e439880d33073556)
[[ATTACHMENT|/Users/denisyu/workplace/test/AgileTest/Reports/mobileWeb/stm/20190409_183636/1554806505227.png]]

2019-04-09 18:41:46 - [MESSAGE][FAILED] - click(findTestObject("mobileSanity/STM/STM Quote Page/button_filters")) FAILED.
Reason:
com.kms.katalon.core.exception.StepFailedException: Unable to click on object 'Object Repository/mobileSanity/STM/STM Quote Page/button_filters' (Root cause: org.openqa.selenium.StaleElementReferenceException: stale element reference: element is not attached to the page document
  (Session info: chrome=73.0.3683.103)
  (Driver info: chromedriver=2.43.600229 (3fae4d0cda5334b4f533bede5a4787f7b832d052),platform=Mac OS X 10.14.4 x86_64) (WARNING: The server did not provide any stacktrace information)
Command duration or timeout: 0 milliseconds
For documentation on this error, please visit: http://seleniumhq.org/exceptions/stale_element_reference.html
Build info: version: '3.7.1', revision: '8a0099a', time: '2017-11-06T21:07:36.161Z'
System info: host: 'Deniss-MacBook-Pro.local', ip: 'fe80:0:0:0:10f1:a73f:e71a:955a%en0', os.name: 'Mac OS X', os.arch: 'x86_64', os.version: '10.14.4', java.version: '1.8.0_181'
Driver info: com.kms.katalon.selenium.driver.CChromeDriver
Capabilities {acceptInsecureCerts: false, acceptSslCerts: false, applicationCacheEnabled: false, browserConnectionEnabled: false, browserName: chrome, chrome: {chromedriverVersion: 2.43.600229 (3fae4d0cda5334..., userDataDir: /var/folders/95/4qsvf70n5s5...}, cssSelectorsEnabled: true, databaseEnabled: false, goog:chromeOptions: {debuggerAddress: localhost:51299}, handlesAlerts: true, hasTouchScreen: true, javascriptEnabled: true, locationContextEnabled: true, mobileEmulationEnabled: true, nativeEvents: true, networkConnectionEnabled: false, pageLoadStrategy: normal, platform: MAC, platformName: MAC, rotatable: false, setWindowRect: true, takesHeapSnapshot: true, takesScreenshot: true, unexpectedAlertBehaviour: , unhandledPromptBehavior: , version: 73.0.3683.103, webStorageEnabled: true}
Session ID: ab3a3c830f63af99e439880d33073556)
	at com.kms.katalon.core.keyword.internal.KeywordMain.stepFailed(KeywordMain.groovy:36)
	at com.kms.katalon.core.webui.keyword.internal.WebUIKeywordMain.stepFailed(WebUIKeywordMain.groovy:65)
	at com.kms.katalon.core.webui.keyword.internal.WebUIKeywordMain.runKeyword(WebUIKeywordMain.groovy:27)
	at com.kms.katalon.core.webui.keyword.builtin.ClickKeyword.click(ClickKeyword.groovy:86)
	at com.kms.katalon.core.webui.keyword.builtin.ClickKeyword.execute(ClickKeyword.groovy:67)
	at com.kms.katalon.core.keyword.internal.KeywordExecutor.executeKeywordForPlatform(KeywordExecutor.groovy:53)
	at com.kms.katalon.core.webui.keyword.WebUiBuiltInKeywords.click(WebUiBuiltInKeywords.groovy:616)
	at com.kms.katalon.core.webui.keyword.WebUiBuiltInKeywords$click$4.call(Unknown Source)
	at filter_stm.run(filter_stm:38)
	at com.kms.katalon.core.main.ScriptEngine.run(ScriptEngine.java:194)
	at com.kms.katalon.core.main.ScriptEngine.runScriptAsRawText(ScriptEngine.java:119)
	at com.kms.katalon.core.main.TestCaseExecutor.runScript(TestCaseExecutor.java:328)
	at com.kms.katalon.core.main.TestCaseExecutor.doExecute(TestCaseExecutor.java:319)
	at com.kms.katalon.core.main.TestCaseExecutor.processExecutionPhase(TestCaseExecutor.java:298)
	at com.kms.katalon.core.main.TestCaseExecutor.accessMainPhase(TestCaseExecutor.java:290)
	at com.kms.katalon.core.main.TestCaseExecutor.execute(TestCaseExecutor.java:224)
	at com.kms.katalon.core.main.TestCaseMain.runTestCase(TestCaseMain.java:106)
	at com.kms.katalon.core.keyword.builtin.CallTestCaseKeyword$_callTestCase_closure1.doCall(CallTestCaseKeyword.groovy:59)
	at com.kms.katalon.core.keyword.builtin.CallTestCaseKeyword$_callTestCase_closure1.call(CallTestCaseKeyword.groovy)
	at com.kms.katalon.core.keyword.internal.KeywordMain.runKeyword(KeywordMain.groovy:54)
	at com.kms.katalon.core.keyword.builtin.CallTestCaseKeyword.callTestCase(CallTestCaseKeyword.groovy:80)
	at com.kms.katalon.core.keyword.builtin.CallTestCaseKeyword.execute(CallTestCaseKeyword.groovy:44)
	at com.kms.katalon.core.keyword.internal.KeywordExecutor.executeKeywordForPlatform(KeywordExecutor.groovy:53)
	at com.kms.katalon.core.keyword.BuiltinKeywords.callTestCase(BuiltinKeywords.groovy:334)
	at Companion.run(Companion:28)
	at com.kms.katalon.core.main.ScriptEngine.run(ScriptEngine.java:194)
	at com.kms.katalon.core.main.ScriptEngine.runScriptAsRawText(ScriptEngine.java:119)
	at com.kms.katalon.core.main.TestCaseExecutor.runScript(TestCaseExecutor.java:328)
	at com.kms.katalon.core.main.TestCaseExecutor.doExecute(TestCaseExecutor.java:319)
	at com.kms.katalon.core.main.TestCaseExecutor.processExecutionPhase(TestCaseExecutor.java:298)
	at com.kms.katalon.core.main.TestCaseExecutor.accessMainPhase(TestCaseExecutor.java:290)
	at com.kms.katalon.core.main.TestCaseExecutor.execute(TestCaseExecutor.java:224)
	at com.kms.katalon.core.main.TestSuiteExecutor.accessTestCaseMainPhase(TestSuiteExecutor.java:129)
	at com.kms.katalon.core.main.TestSuiteExecutor.accessTestSuiteMainPhase(TestSuiteExecutor.java:112)
	at com.kms.katalon.core.main.TestSuiteExecutor.execute(TestSuiteExecutor.java:81)
	at com.kms.katalon.core.main.TestCaseMain.startTestSuite(TestCaseMain.java:149)
	at com.kms.katalon.core.main.TestCaseMain$startTestSuite$0.call(Unknown Source)
	at TempTestSuite1554806206518.run(TempTestSuite1554806206518.groovy:36)


2019-04-09 18:41:46 - [MESSAGE][FAILED] - Unable to call Test Case 'Test Cases/mobileWeb/_include/filter_stm' (Root cause: com.kms.katalon.core.exception.StepFailedException: Call Test Case 'Test Cases/mobileWeb/_include/filter_stm' failed)

2019-04-09 18:41:46 - [MESSAGE][FAILED] - callTestCase(findTestCase("mobileWeb/_include/filter_stm"), ["carrier":"pivotcompanion"], STOP_ON_FAILURE) FAILED.
Reason:
com.kms.katalon.core.exception.StepFailedException: Unable to click on object 'Object Repository/mobileSanity/STM/STM Quote Page/button_filters' (Root cause: org.openqa.selenium.StaleElementReferenceException: stale element reference: element is not attached to the page document
  (Session info: chrome=73.0.3683.103)
  (Driver info: chromedriver=2.43.600229 (3fae4d0cda5334b4f533bede5a4787f7b832d052),platform=Mac OS X 10.14.4 x86_64) (WARNING: The server did not provide any stacktrace information)
Command duration or timeout: 0 milliseconds
For documentation on this error, please visit: http://seleniumhq.org/exceptions/stale_element_reference.html
Build info: version: '3.7.1', revision: '8a0099a', time: '2017-11-06T21:07:36.161Z'
System info: host: 'Deniss-MacBook-Pro.local', ip: 'fe80:0:0:0:10f1:a73f:e71a:955a%en0', os.name: 'Mac OS X', os.arch: 'x86_64', os.version: '10.14.4', java.version: '1.8.0_181'
Driver info: com.kms.katalon.selenium.driver.CChromeDriver
Capabilities {acceptInsecureCerts: false, acceptSslCerts: false, applicationCacheEnabled: false, browserConnectionEnabled: false, browserName: chrome, chrome: {chromedriverVersion: 2.43.600229 (3fae4d0cda5334..., userDataDir: /var/folders/95/4qsvf70n5s5...}, cssSelectorsEnabled: true, databaseEnabled: false, goog:chromeOptions: {debuggerAddress: localhost:51299}, handlesAlerts: true, hasTouchScreen: true, javascriptEnabled: true, locationContextEnabled: true, mobileEmulationEnabled: true, nativeEvents: true, networkConnectionEnabled: false, pageLoadStrategy: normal, platform: MAC, platformName: MAC, rotatable: false, setWindowRect: true, takesHeapSnapshot: true, takesScreenshot: true, unexpectedAlertBehaviour: , unhandledPromptBehavior: , version: 73.0.3683.103, webStorageEnabled: true}
Session ID: ab3a3c830f63af99e439880d33073556)
	at com.kms.katalon.core.keyword.internal.KeywordMain.stepFailed(KeywordMain.groovy:36)
	at com.kms.katalon.core.webui.keyword.internal.WebUIKeywordMain.stepFailed(WebUIKeywordMain.groovy:65)
	at com.kms.katalon.core.webui.keyword.internal.WebUIKeywordMain.runKeyword(WebUIKeywordMain.groovy:27)
	at com.kms.katalon.core.webui.keyword.builtin.ClickKeyword.click(ClickKeyword.groovy:86)
	at com.kms.katalon.core.webui.keyword.builtin.ClickKeyword.execute(ClickKeyword.groovy:67)
	at com.kms.katalon.core.keyword.internal.KeywordExecutor.executeKeywordForPlatform(KeywordExecutor.groovy:53)
	at com.kms.katalon.core.webui.keyword.WebUiBuiltInKeywords.click(WebUiBuiltInKeywords.groovy:616)
	at com.kms.katalon.core.webui.keyword.WebUiBuiltInKeywords$click$4.call(Unknown Source)
	at filter_stm.run(filter_stm:38)
	at com.kms.katalon.core.main.ScriptEngine.run(ScriptEngine.java:194)
	at com.kms.katalon.core.main.ScriptEngine.runScriptAsRawText(ScriptEngine.java:119)
	at com.kms.katalon.core.main.TestCaseExecutor.runScript(TestCaseExecutor.java:328)
	at com.kms.katalon.core.main.TestCaseExecutor.doExecute(TestCaseExecutor.java:319)
	at com.kms.katalon.core.main.TestCaseExecutor.processExecutionPhase(TestCaseExecutor.java:298)
	at com.kms.katalon.core.main.TestCaseExecutor.accessMainPhase(TestCaseExecutor.java:290)
	at com.kms.katalon.core.main.TestCaseExecutor.execute(TestCaseExecutor.java:224)
	at com.kms.katalon.core.main.TestCaseMain.runTestCase(TestCaseMain.java:106)
	at com.kms.katalon.core.keyword.builtin.CallTestCaseKeyword$_callTestCase_closure1.doCall(CallTestCaseKeyword.groovy:59)
	at com.kms.katalon.core.keyword.builtin.CallTestCaseKeyword$_callTestCase_closure1.call(CallTestCaseKeyword.groovy)
	at com.kms.katalon.core.keyword.internal.KeywordMain.runKeyword(KeywordMain.groovy:54)
	at com.kms.katalon.core.keyword.builtin.CallTestCaseKeyword.callTestCase(CallTestCaseKeyword.groovy:80)
	at com.kms.katalon.core.keyword.builtin.CallTestCaseKeyword.execute(CallTestCaseKeyword.groovy:44)
	at com.kms.katalon.core.keyword.internal.KeywordExecutor.executeKeywordForPlatform(KeywordExecutor.groovy:53)
	at com.kms.katalon.core.keyword.BuiltinKeywords.callTestCase(BuiltinKeywords.groovy:334)
	at Companion.run(Companion:28)
	at com.kms.katalon.core.main.ScriptEngine.run(ScriptEngine.java:194)
	at com.kms.katalon.core.main.ScriptEngine.runScriptAsRawText(ScriptEngine.java:119)
	at com.kms.katalon.core.main.TestCaseExecutor.runScript(TestCaseExecutor.java:328)
	at com.kms.katalon.core.main.TestCaseExecutor.doExecute(TestCaseExecutor.java:319)
	at com.kms.katalon.core.main.TestCaseExecutor.processExecutionPhase(TestCaseExecutor.java:298)
	at com.kms.katalon.core.main.TestCaseExecutor.accessMainPhase(TestCaseExecutor.java:290)
	at com.kms.katalon.core.main.TestCaseExecutor.execute(TestCaseExecutor.java:224)
	at com.kms.katalon.core.main.TestSuiteExecutor.accessTestCaseMainPhase(TestSuiteExecutor.java:129)
	at com.kms.katalon.core.main.TestSuiteExecutor.accessTestSuiteMainPhase(TestSuiteExecutor.java:112)
	at com.kms.katalon.core.main.TestSuiteExecutor.execute(TestSuiteExecutor.java:81)
	at com.kms.katalon.core.main.TestCaseMain.startTestSuite(TestCaseMain.java:149)
	at com.kms.katalon.core.main.TestCaseMain$startTestSuite$0.call(Unknown Source)
	at TempTestSuite1554806206518.run(TempTestSuite1554806206518.groovy:36)]]></system-out>
         <system-err><![CDATA[2019-04-09 18:41:24 - [TEST_CASE][FAILED] - Test Cases/mobileWeb/stm/Companion: Test Cases/mobileWeb/stm/Companion FAILED.
Reason:
com.kms.katalon.core.exception.StepFailedException: Unable to click on object 'Object Repository/mobileSanity/STM/STM Quote Page/button_filters' (Root cause: org.openqa.selenium.StaleElementReferenceException: stale element reference: element is not attached to the page document
  (Session info: chrome=73.0.3683.103)
  (Driver info: chromedriver=2.43.600229 (3fae4d0cda5334b4f533bede5a4787f7b832d052),platform=Mac OS X 10.14.4 x86_64) (WARNING: The server did not provide any stacktrace information)
Command duration or timeout: 0 milliseconds
For documentation on this error, please visit: http://seleniumhq.org/exceptions/stale_element_reference.html
Build info: version: '3.7.1', revision: '8a0099a', time: '2017-11-06T21:07:36.161Z'
System info: host: 'Deniss-MacBook-Pro.local', ip: 'fe80:0:0:0:10f1:a73f:e71a:955a%en0', os.name: 'Mac OS X', os.arch: 'x86_64', os.version: '10.14.4', java.version: '1.8.0_181'
Driver info: com.kms.katalon.selenium.driver.CChromeDriver
Capabilities {acceptInsecureCerts: false, acceptSslCerts: false, applicationCacheEnabled: false, browserConnectionEnabled: false, browserName: chrome, chrome: {chromedriverVersion: 2.43.600229 (3fae4d0cda5334..., userDataDir: /var/folders/95/4qsvf70n5s5...}, cssSelectorsEnabled: true, databaseEnabled: false, goog:chromeOptions: {debuggerAddress: localhost:51299}, handlesAlerts: true, hasTouchScreen: true, javascriptEnabled: true, locationContextEnabled: true, mobileEmulationEnabled: true, nativeEvents: true, networkConnectionEnabled: false, pageLoadStrategy: normal, platform: MAC, platformName: MAC, rotatable: false, setWindowRect: true, takesHeapSnapshot: true, takesScreenshot: true, unexpectedAlertBehaviour: , unhandledPromptBehavior: , version: 73.0.3683.103, webStorageEnabled: true}
Session ID: ab3a3c830f63af99e439880d33073556)
	at com.kms.katalon.core.keyword.internal.KeywordMain.stepFailed(KeywordMain.groovy:36)
	at com.kms.katalon.core.webui.keyword.internal.WebUIKeywordMain.stepFailed(WebUIKeywordMain.groovy:65)
	at com.kms.katalon.core.webui.keyword.internal.WebUIKeywordMain.runKeyword(WebUIKeywordMain.groovy:27)
	at com.kms.katalon.core.webui.keyword.builtin.ClickKeyword.click(ClickKeyword.groovy:86)
	at com.kms.katalon.core.webui.keyword.builtin.ClickKeyword.execute(ClickKeyword.groovy:67)
	at com.kms.katalon.core.keyword.internal.KeywordExecutor.executeKeywordForPlatform(KeywordExecutor.groovy:53)
	at com.kms.katalon.core.webui.keyword.WebUiBuiltInKeywords.click(WebUiBuiltInKeywords.groovy:616)
	at com.kms.katalon.core.webui.keyword.WebUiBuiltInKeywords$click$4.call(Unknown Source)
	at filter_stm.run(filter_stm:38)
	at com.kms.katalon.core.main.ScriptEngine.run(ScriptEngine.java:194)
	at com.kms.katalon.core.main.ScriptEngine.runScriptAsRawText(ScriptEngine.java:119)
	at com.kms.katalon.core.main.TestCaseExecutor.runScript(TestCaseExecutor.java:328)
	at com.kms.katalon.core.main.TestCaseExecutor.doExecute(TestCaseExecutor.java:319)
	at com.kms.katalon.core.main.TestCaseExecutor.processExecutionPhase(TestCaseExecutor.java:298)
	at com.kms.katalon.core.main.TestCaseExecutor.accessMainPhase(TestCaseExecutor.java:290)
	at com.kms.katalon.core.main.TestCaseExecutor.execute(TestCaseExecutor.java:224)
	at com.kms.katalon.core.main.TestCaseMain.runTestCase(TestCaseMain.java:106)
	at com.kms.katalon.core.keyword.builtin.CallTestCaseKeyword$_callTestCase_closure1.doCall(CallTestCaseKeyword.groovy:59)
	at com.kms.katalon.core.keyword.builtin.CallTestCaseKeyword$_callTestCase_closure1.call(CallTestCaseKeyword.groovy)
	at com.kms.katalon.core.keyword.internal.KeywordMain.runKeyword(KeywordMain.groovy:54)
	at com.kms.katalon.core.keyword.builtin.CallTestCaseKeyword.callTestCase(CallTestCaseKeyword.groovy:80)
	at com.kms.katalon.core.keyword.builtin.CallTestCaseKeyword.execute(CallTestCaseKeyword.groovy:44)
	at com.kms.katalon.core.keyword.internal.KeywordExecutor.executeKeywordForPlatform(KeywordExecutor.groovy:53)
	at com.kms.katalon.core.keyword.BuiltinKeywords.callTestCase(BuiltinKeywords.groovy:334)
	at Companion.run(Companion:28)
	at com.kms.katalon.core.main.ScriptEngine.run(ScriptEngine.java:194)
	at com.kms.katalon.core.main.ScriptEngine.runScriptAsRawText(ScriptEngine.java:119)
	at com.kms.katalon.core.main.TestCaseExecutor.runScript(TestCaseExecutor.java:328)
	at com.kms.katalon.core.main.TestCaseExecutor.doExecute(TestCaseExecutor.java:319)
	at com.kms.katalon.core.main.TestCaseExecutor.processExecutionPhase(TestCaseExecutor.java:298)
	at com.kms.katalon.core.main.TestCaseExecutor.accessMainPhase(TestCaseExecutor.java:290)
	at com.kms.katalon.core.main.TestCaseExecutor.execute(TestCaseExecutor.java:224)
	at com.kms.katalon.core.main.TestSuiteExecutor.accessTestCaseMainPhase(TestSuiteExecutor.java:129)
	at com.kms.katalon.core.main.TestSuiteExecutor.accessTestSuiteMainPhase(TestSuiteExecutor.java:112)
	at com.kms.katalon.core.main.TestSuiteExecutor.execute(TestSuiteExecutor.java:81)
	at com.kms.katalon.core.main.TestCaseMain.startTestSuite(TestCaseMain.java:149)
	at com.kms.katalon.core.main.TestCaseMain$startTestSuite$0.call(Unknown Source)
	at TempTestSuite1554806206518.run(TempTestSuite1554806206518.groovy:36)]]></system-err>
      </testcase>
      <testcase name="Test Cases/mobileWeb/stm/Everest" classname="Test Cases/mobileWeb/stm/Everest" status="FAILED">
         <failure type="FAILED" message="Test Cases/mobileWeb/stm/Everest FAILED.
Reason:
com.kms.katalon.core.exception.StepFailedException: Unable to click on object 'Object Repository/mobileSanity/STM/STM PlanDetail Page/a_Apply for This Plan' (Root cause: org.openqa.selenium.WebDriverException: unknown error: Element &lt;a id=&quot;plan-details-primary-apply&quot; data-analytics=&quot;{&amp;quot;census&amp;quot;:{&amp;quot;isCanonical&amp;quot;:false,&amp;quot;dentalIsCanonical&amp;quot;:true,&amp;quot;oneTimePaymentSelected&amp;quot;:false,&amp;quot;stIndeterminateContractLength&amp;quot;:true,&amp;quot;planYear&amp;quot;:2015,&amp;quot;member&amp;quot;:[{&amp;quot;role&amp;quot;:&amp;quot;P&amp;quot;,&amp;quot;age&amp;quot;:32,&amp;quot;smoker&amp;quot;:false,&amp;quot;gender&amp;quot;:&amp;quot;M&amp;quot;,&amp;quot;dob&amp;quot;:&amp;quot;1987-03-03&amp;quot;,&amp;quot;eligible&amp;quot;:true}],&amp;quot;dentalEffective&amp;quot;:&amp;quot;2019-05-01T04:00:00.000Z&amp;quot;,&amp;quot;effective&amp;quot;:&amp;quot;2019-04-10T04:00:00.000Z&amp;quot;,&amp;quot;maxEffectiveEnd&amp;quot;:null,&amp;quot;location&amp;quot;:{&amp;quot;zip&amp;quot;:&amp;quot;83709&amp;quot;,&amp;quot;state&amp;quot;:&amp;quot;ID&amp;quot;,&amp;quot;county&amp;quot;:&amp;quot;Ada&amp;quot;,&amp;quot;fullCodeList&amp;quot;:[&amp;quot;13000&amp;quot;],&amp;quot;_id&amp;quot;:{&amp;quot;_bsontype&amp;quot;:&amp;quot;ObjectID&amp;quot;,&amp;quot;id&amp;quot;:{&amp;quot;type&amp;quot;:&amp;quot;Buffer&amp;quot;,&amp;quot;data&amp;quot;:[92,165,153,148,159,6,36,96,177,59,92,151]}},&amp;quot;fips&amp;quot;:&amp;quot;16001&amp;quot;,&amp;quot;code&amp;quot;:&amp;quot;13000&amp;quot;,&amp;quot;maRegionCode&amp;quot;:&amp;quot;23&amp;quot;,&amp;quot;pdpRegionCode&amp;quot;:&amp;quot;31&amp;quot;,&amp;quot;ifpRegionCode&amp;quot;:&amp;quot;3&amp;quot;,&amp;quot;defaultedCounty&amp;quot;:false,&amp;quot;city&amp;quot;:&amp;quot;Boise&amp;quot;,&amp;quot;stateName&amp;quot;:&amp;quot;Idaho&amp;quot;},&amp;quot;effectiveEnd&amp;quot;:&amp;quot;2019-10-07T04:00:00.000Z&amp;quot;},&amp;quot;plan&amp;quot;:{&amp;quot;_id&amp;quot;:&amp;quot;5cab6f6c99d438d3246265b7&amp;quot;,&amp;quot;coinsurance&amp;quot;:20,&amp;quot;primaryDoctorVisit&amp;quot;:{&amp;quot;amount&amp;quot;:30,&amp;quot;message&amp;quot;:&amp;quot;$30 Copay per visit or consultation per Covered Not to exceed a maximum of 3 Doctor's Office or Urgent Care Center Visits Copays per Covered Person. Coinsurance is %d%% of Eligible Expenses and benefits are not subject to the Plan Deductible. Doctor's office or urgent care visits or doctor consultations in excess of the maximum number of Doctor's Office or Urgent Care Center Visits' Copays will be subject to the Plan Deductible and Coinsurance.&amp;quot;},&amp;quot;specialist&amp;quot;:{&amp;quot;amount&amp;quot;:30,&amp;quot;message&amp;quot;:&amp;quot;$30 Copayment per visit per Covered Person not to exceed a maximum of 3 Copayments per Covered Person. Eligible Expenses and benefits are not subject to the Plan Deductible or Coinsurance.  Office Visits in excess of the maximum number of Copayments will be subject to the Plan Deductible and Coinsurance.&amp;quot;},&amp;quot;periodicExam&amp;quot;:{&amp;quot;amount&amp;quot;:20,&amp;quot;message&amp;quot;:&amp;quot;$50 Copayment for one annual Routine Physical Exam. Coinsurance is %d%% and benefits are not subject to the Plan Deductible.&amp;quot;},&amp;quot;obGynExam&amp;quot;:{&amp;quot;amount&amp;quot;:0,&amp;quot;message&amp;quot;:&amp;quot;Not Covered&amp;quot;},&amp;quot;wellBaby&amp;quot;:{&amp;quot;amount&amp;quot;:0,&amp;quot;message&amp;quot;:&amp;quot;Not Covered&amp;quot;},&amp;quot;chiropractic&amp;quot;:{&amp;quot;amount&amp;quot;:0,&amp;quot;message&amp;quot;:&amp;quot;Not Covered&amp;quot;},&amp;quot;mentalHealth&amp;quot;:{&amp;quot;amount&amp;quot;:100,&amp;quot;message&amp;quot;:&amp;quot;Inpatient: $100 per day, 31 day maximum per Covered Person per Coverage Period. Outpatient: $50 per visit, 10 visits per Covered Person per Coverage Period&amp;quot;},&amp;quot;rxGeneric&amp;quot;:{&amp;quot;amount&amp;quot;:0,&amp;quot;message&amp;quot;:&amp;quot;Not covered except those administered by a Doctor in an\rInpatient or Outpatient setting covered under this Policy as an Eligible\rExpense.&amp;quot;},&amp;quot;rxBrand&amp;quot;:{&amp;quot;amount&amp;quot;:0,&amp;quot;message&amp;quot;:&amp;quot;Not covered except those administered by a Doctor in an\rInpatient or Outpatient setting covered under this Policy as an Eligible\rExpense.&amp;quot;},&amp;quot;rxNonFormulary&amp;quot;:{&amp;quot;amount&amp;quot;:0,&amp;quot;message&amp;quot;:&amp;quot;Not covered except those administered by a Doctor in an\rInpatient or Outpatient setting covered under this Policy as an Eligible\rExpense.&amp;quot;},&amp;quot;rxDeductible&amp;quot;:{&amp;quot;amount&amp;quot;:0,&amp;quot;message&amp;quot;:&amp;quot;N/A&amp;quot;},&amp;quot;labXray&amp;quot;:{&amp;quot;amount&amp;quot;:0,&amp;quot;message&amp;quot;:&amp;quot;&amp;quot;},&amp;quot;emergency&amp;quot;:{&amp;quot;amount&amp;quot;:24,&amp;quot;message&amp;quot;:&amp;quot;Emergency Room (This includes the emergency room physician charge, 24 hours surveillance and all miscellaneous medical charges) The benefit payable for each emergency room visit, including professional and facility services, will not exceed $250 per visit.&amp;quot;},&amp;quot;outpatient&amp;quot;:{&amp;quot;amount&amp;quot;:1,&amp;quot;message&amp;quot;:&amp;quot;Facility charges up to a max of $1,250 per day; $5,000 Surgeon and $1,000 Assistant Surgeon\\nlimitations apply&amp;quot;},&amp;quot;hospitalization&amp;quot;:{&amp;quot;amount&amp;quot;:1,&amp;quot;message&amp;quot;:&amp;quot;Average Standard Room Rate: $1,000 per day. Hospital ICU: $1,250 per day&amp;quot;},&amp;quot;anesthesia&amp;quot;:{&amp;quot;amount&amp;quot;:1,&amp;quot;message&amp;quot;:&amp;quot;$1,000 per surgery, for all Eligible Expenses combined, not to exceed $2,000 per Covered Person per Coverage Period.&amp;quot;},&amp;quot;preAndPostNatal&amp;quot;:{&amp;quot;amount&amp;quot;:0,&amp;quot;message&amp;quot;:&amp;quot;Not Covered&amp;quot;},&amp;quot;deliveryHospital&amp;quot;:{&amp;quot;amount&amp;quot;:0,&amp;quot;message&amp;quot;:&amp;quot;Not Covered&amp;quot;},&amp;quot;urgentCare&amp;quot;:{&amp;quot;amount&amp;quot;:0,&amp;quot;message&amp;quot;:&amp;quot;&amp;quot;},&amp;quot;familyMoopType&amp;quot;:&amp;quot;All Members&amp;quot;,&amp;quot;maxOOPLimits&amp;quot;:0,&amp;quot;familyDeductibleType&amp;quot;:&amp;quot;M&amp;quot;,&amp;quot;maxDeductibleLimits&amp;quot;:0,&amp;quot;deductibleTotalingType&amp;quot;:&amp;quot;A&amp;quot;,&amp;quot;additionalCoverages&amp;quot;:[],&amp;quot;carrierId&amp;quot;:&amp;quot;everest-one&amp;quot;,&amp;quot;planSubType&amp;quot;:&amp;quot;lite&amp;quot;,&amp;quot;planName&amp;quot;:&amp;quot;Everest 5000/20/9000/250000&amp;quot;,&amp;quot;wellBabyCare&amp;quot;:false,&amp;quot;periodicHealthExam&amp;quot;:false,&amp;quot;periodicObGyn&amp;quot;:false,&amp;quot;maternity&amp;quot;:false,&amp;quot;prescriptionDrug&amp;quot;:false,&amp;quot;moopIncludesDeductible&amp;quot;:false,&amp;quot;familyMoop&amp;quot;:27000,&amp;quot;familyMoopIncludesDeductible&amp;quot;:false,&amp;quot;primaryCarePhysicianRequired&amp;quot;:false,&amp;quot;referralsRequired&amp;quot;:false,&amp;quot;primaryCareServiceBenefit&amp;quot;:false,&amp;quot;primaryCareBenefitURL&amp;quot;:&amp;quot;&amp;quot;,&amp;quot;oonCoverage&amp;quot;:false,&amp;quot;internationalCoverage&amp;quot;:&amp;quot;&amp;quot;,&amp;quot;internationalCoverageDetail&amp;quot;:&amp;quot;&amp;quot;,&amp;quot;planType&amp;quot;:&amp;quot;&amp;quot;,&amp;quot;officeVisit&amp;quot;:&amp;quot;0&amp;quot;,&amp;quot;network&amp;quot;:&amp;quot;No Network (See Physician Directory Below)&amp;quot;,&amp;quot;waitingPeriodForIllnesses&amp;quot;:5,&amp;quot;__v&amp;quot;:0,&amp;quot;planId&amp;quot;:&amp;quot;everest-one-id-5000-20-9000-250000&amp;quot;,&amp;quot;providerInfo&amp;quot;:{&amp;quot;_id&amp;quot;:&amp;quot;58519ba1b539540400f9a511&amp;quot;,&amp;quot;updated&amp;quot;:&amp;quot;2017-07-06T05:36:32.609Z&amp;quot;,&amp;quot;uri&amp;quot;:&amp;quot;everest-7s6q2&amp;quot;,&amp;quot;lastUpdatedBy&amp;quot;:&amp;quot;Michael Bass&amp;quot;,&amp;quot;hpId&amp;quot;:&amp;quot;everest-one&amp;quot;,&amp;quot;displayName&amp;quot;:&amp;quot;Everest&amp;quot;,&amp;quot;logoFile&amp;quot;:&amp;quot;https://assets.healthpocket.com/qa/everest-b2e87338087415ea0cf4c96a506ca45b.png&amp;quot;,&amp;quot;url&amp;quot;:&amp;quot;&amp;quot;,&amp;quot;__v&amp;quot;:0,&amp;quot;created&amp;quot;:&amp;quot;2016-12-14T19:21:05.191Z&amp;quot;,&amp;quot;sourceNames&amp;quot;:[&amp;quot;everest&amp;quot;],&amp;quot;companyName&amp;quot;:[{&amp;quot;name&amp;quot;:&amp;quot;Everest Reinsurance Company&amp;quot;,&amp;quot;_id&amp;quot;:&amp;quot;595dcc60908b4800048314d3&amp;quot;,&amp;quot;state&amp;quot;:&amp;quot;ALL&amp;quot;}],&amp;quot;productLines&amp;quot;:[&amp;quot;ST&amp;quot;],&amp;quot;states&amp;quot;:[]},&amp;quot;breakdown&amp;quot;:{&amp;quot;applicant&amp;quot;:24.72,&amp;quot;spouse&amp;quot;:0,&amp;quot;children&amp;quot;:0,&amp;quot;tax&amp;quot;:1,&amp;quot;baseRate&amp;quot;:24.72,&amp;quot;monthlyCost&amp;quot;:24.72,&amp;quot;initialCost&amp;quot;:24.72,&amp;quot;totalRecurringFee&amp;quot;:0},&amp;quot;deductible&amp;quot;:5000,&amp;quot;externalPlanId&amp;quot;:133,&amp;quot;coinsuranceLimit&amp;quot;:20000,&amp;quot;companyName&amp;quot;:&amp;quot;Everest Reinsurance Company&amp;quot;,&amp;quot;lifetimeMax&amp;quot;:250000,&amp;quot;moop&amp;quot;:9000,&amp;quot;outOfPocketMax&amp;quot;:9000,&amp;quot;maxDurationMonths&amp;quot;:6,&amp;quot;extended&amp;quot;:false,&amp;quot;daily&amp;quot;:false,&amp;quot;extendedPlanId&amp;quot;:&amp;quot;everest-one-id-5000-20-9000-250000-extended&amp;quot;,&amp;quot;consecutiveDurationMonths&amp;quot;:6,&amp;quot;consecutiveOption&amp;quot;:1,&amp;quot;familyDeductible&amp;quot;:15000,&amp;quot;minEffectiveDate&amp;quot;:&amp;quot;2019-04-10T04:00:00.000Z&amp;quot;,&amp;quot;effectiveEnd&amp;quot;:&amp;quot;2019-10-09T04:00:00.000Z&amp;quot;,&amp;quot;maxEffectiveEnd&amp;quot;:&amp;quot;2019-10-09T04:00:00.000Z&amp;quot;,&amp;quot;coverageDurationPeriod&amp;quot;:6,&amp;quot;logoFile&amp;quot;:&amp;quot;https://assets.healthpocket.com/qa/everest-b2e87338087415ea0cf4c96a506ca45b.png&amp;quot;,&amp;quot;hasFees&amp;quot;:false},&amp;quot;productLine&amp;quot;:&amp;quot;Short Term&amp;quot;,&amp;quot;selectedConsecutive&amp;quot;:false}&quot; class=&quot;js-apply btn btn-primary btn-lg apply-btn&quot; role=&quot;button&quot; href=&quot;/term-health-insurance/apply/everest-one-id-5000-20-9000-250000&quot;>...&lt;/a> is not clickable at point (140, 22). Other element would receive the click: &lt;a id=&quot;plan-info-docker-apply&quot; class=&quot;btn btn-primary btn-med apply-btn&quot; role=&quot;button&quot; href=&quot;/term-health-insurance/apply/everest-one-id-5000-20-9000-250000&quot;>...&lt;/a>
  (Session info: chrome=73.0.3683.103)
  (Driver info: chromedriver=2.43.600229 (3fae4d0cda5334b4f533bede5a4787f7b832d052),platform=Mac OS X 10.14.4 x86_64) (WARNING: The server did not provide any stacktrace information)
Command duration or timeout: 0 milliseconds
Build info: version: '3.7.1', revision: '8a0099a', time: '2017-11-06T21:07:36.161Z'
System info: host: 'Deniss-MacBook-Pro.local', ip: 'fe80:0:0:0:10f1:a73f:e71a:955a%en0', os.name: 'Mac OS X', os.arch: 'x86_64', os.version: '10.14.4', java.version: '1.8.0_181'
Driver info: com.kms.katalon.selenium.driver.CChromeDriver
Capabilities {acceptInsecureCerts: false, acceptSslCerts: false, applicationCacheEnabled: false, browserConnectionEnabled: false, browserName: chrome, chrome: {chromedriverVersion: 2.43.600229 (3fae4d0cda5334..., userDataDir: /var/folders/95/4qsvf70n5s5...}, cssSelectorsEnabled: true, databaseEnabled: false, goog:chromeOptions: {debuggerAddress: localhost:51493}, handlesAlerts: true, hasTouchScreen: true, javascriptEnabled: true, locationContextEnabled: true, mobileEmulationEnabled: true, nativeEvents: true, networkConnectionEnabled: false, pageLoadStrategy: normal, platform: MAC, platformName: MAC, rotatable: false, setWindowRect: true, takesHeapSnapshot: true, takesScreenshot: true, unexpectedAlertBehaviour: , unhandledPromptBehavior: , version: 73.0.3683.103, webStorageEnabled: true}
Session ID: a452633a5bcba101740a3b73a550b7c9)
	at com.kms.katalon.core.keyword.internal.KeywordMain.stepFailed(KeywordMain.groovy:36)
	at com.kms.katalon.core.webui.keyword.internal.WebUIKeywordMain.stepFailed(WebUIKeywordMain.groovy:65)
	at com.kms.katalon.core.webui.keyword.internal.WebUIKeywordMain.runKeyword(WebUIKeywordMain.groovy:27)
	at com.kms.katalon.core.webui.keyword.builtin.ClickKeyword.click(ClickKeyword.groovy:86)
	at com.kms.katalon.core.webui.keyword.builtin.ClickKeyword.execute(ClickKeyword.groovy:67)
	at com.kms.katalon.core.keyword.internal.KeywordExecutor.executeKeywordForPlatform(KeywordExecutor.groovy:53)
	at com.kms.katalon.core.webui.keyword.WebUiBuiltInKeywords.click(WebUiBuiltInKeywords.groovy:616)
	at com.kms.katalon.core.webui.keyword.WebUiBuiltInKeywords$click$4.call(Unknown Source)
	at apply_stm.run(apply_stm:18)
	at com.kms.katalon.core.main.ScriptEngine.run(ScriptEngine.java:194)
	at com.kms.katalon.core.main.ScriptEngine.runScriptAsRawText(ScriptEngine.java:119)
	at com.kms.katalon.core.main.TestCaseExecutor.runScript(TestCaseExecutor.java:328)
	at com.kms.katalon.core.main.TestCaseExecutor.doExecute(TestCaseExecutor.java:319)
	at com.kms.katalon.core.main.TestCaseExecutor.processExecutionPhase(TestCaseExecutor.java:298)
	at com.kms.katalon.core.main.TestCaseExecutor.accessMainPhase(TestCaseExecutor.java:290)
	at com.kms.katalon.core.main.TestCaseExecutor.execute(TestCaseExecutor.java:224)
	at com.kms.katalon.core.main.TestCaseMain.runTestCase(TestCaseMain.java:106)
	at com.kms.katalon.core.keyword.builtin.CallTestCaseKeyword$_callTestCase_closure1.doCall(CallTestCaseKeyword.groovy:59)
	at com.kms.katalon.core.keyword.builtin.CallTestCaseKeyword$_callTestCase_closure1.call(CallTestCaseKeyword.groovy)
	at com.kms.katalon.core.keyword.internal.KeywordMain.runKeyword(KeywordMain.groovy:54)
	at com.kms.katalon.core.keyword.builtin.CallTestCaseKeyword.callTestCase(CallTestCaseKeyword.groovy:80)
	at com.kms.katalon.core.keyword.builtin.CallTestCaseKeyword.execute(CallTestCaseKeyword.groovy:44)
	at com.kms.katalon.core.keyword.internal.KeywordExecutor.executeKeywordForPlatform(KeywordExecutor.groovy:53)
	at com.kms.katalon.core.keyword.BuiltinKeywords.callTestCase(BuiltinKeywords.groovy:334)
	at Everest.run(Everest:32)
	at com.kms.katalon.core.main.ScriptEngine.run(ScriptEngine.java:194)
	at com.kms.katalon.core.main.ScriptEngine.runScriptAsRawText(ScriptEngine.java:119)
	at com.kms.katalon.core.main.TestCaseExecutor.runScript(TestCaseExecutor.java:328)
	at com.kms.katalon.core.main.TestCaseExecutor.doExecute(TestCaseExecutor.java:319)
	at com.kms.katalon.core.main.TestCaseExecutor.processExecutionPhase(TestCaseExecutor.java:298)
	at com.kms.katalon.core.main.TestCaseExecutor.accessMainPhase(TestCaseExecutor.java:290)
	at com.kms.katalon.core.main.TestCaseExecutor.execute(TestCaseExecutor.java:224)
	at com.kms.katalon.core.main.TestSuiteExecutor.accessTestCaseMainPhase(TestSuiteExecutor.java:129)
	at com.kms.katalon.core.main.TestSuiteExecutor.accessTestSuiteMainPhase(TestSuiteExecutor.java:112)
	at com.kms.katalon.core.main.TestSuiteExecutor.execute(TestSuiteExecutor.java:81)
	at com.kms.katalon.core.main.TestCaseMain.startTestSuite(TestCaseMain.java:149)
	at com.kms.katalon.core.main.TestCaseMain$startTestSuite$0.call(Unknown Source)
	at TempTestSuite1554806206518.run(TempTestSuite1554806206518.groovy:36)
"/>
         <system-out><![CDATA[2019-04-09 18:41:46 - [TEST_CASE][FAILED] - Test Cases/mobileWeb/stm/Everest: Test Cases/mobileWeb/stm/Everest FAILED.
Reason:
com.kms.katalon.core.exception.StepFailedException: Unable to click on object 'Object Repository/mobileSanity/STM/STM PlanDetail Page/a_Apply for This Plan' (Root cause: org.openqa.selenium.WebDriverException: unknown error: Element <a id="plan-details-primary-apply" data-analytics="{&quot;census&quot;:{&quot;isCanonical&quot;:false,&quot;dentalIsCanonical&quot;:true,&quot;oneTimePaymentSelected&quot;:false,&quot;stIndeterminateContractLength&quot;:true,&quot;planYear&quot;:2015,&quot;member&quot;:[{&quot;role&quot;:&quot;P&quot;,&quot;age&quot;:32,&quot;smoker&quot;:false,&quot;gender&quot;:&quot;M&quot;,&quot;dob&quot;:&quot;1987-03-03&quot;,&quot;eligible&quot;:true}],&quot;dentalEffective&quot;:&quot;2019-05-01T04:00:00.000Z&quot;,&quot;effective&quot;:&quot;2019-04-10T04:00:00.000Z&quot;,&quot;maxEffectiveEnd&quot;:null,&quot;location&quot;:{&quot;zip&quot;:&quot;83709&quot;,&quot;state&quot;:&quot;ID&quot;,&quot;county&quot;:&quot;Ada&quot;,&quot;fullCodeList&quot;:[&quot;13000&quot;],&quot;_id&quot;:{&quot;_bsontype&quot;:&quot;ObjectID&quot;,&quot;id&quot;:{&quot;type&quot;:&quot;Buffer&quot;,&quot;data&quot;:[92,165,153,148,159,6,36,96,177,59,92,151]}},&quot;fips&quot;:&quot;16001&quot;,&quot;code&quot;:&quot;13000&quot;,&quot;maRegionCode&quot;:&quot;23&quot;,&quot;pdpRegionCode&quot;:&quot;31&quot;,&quot;ifpRegionCode&quot;:&quot;3&quot;,&quot;defaultedCounty&quot;:false,&quot;city&quot;:&quot;Boise&quot;,&quot;stateName&quot;:&quot;Idaho&quot;},&quot;effectiveEnd&quot;:&quot;2019-10-07T04:00:00.000Z&quot;},&quot;plan&quot;:{&quot;_id&quot;:&quot;5cab6f6c99d438d3246265b7&quot;,&quot;coinsurance&quot;:20,&quot;primaryDoctorVisit&quot;:{&quot;amount&quot;:30,&quot;message&quot;:&quot;$30 Copay per visit or consultation per Covered Not to exceed a maximum of 3 Doctor's Office or Urgent Care Center Visits Copays per Covered Person. Coinsurance is %d%% of Eligible Expenses and benefits are not subject to the Plan Deductible. Doctor's office or urgent care visits or doctor consultations in excess of the maximum number of Doctor's Office or Urgent Care Center Visits' Copays will be subject to the Plan Deductible and Coinsurance.&quot;},&quot;specialist&quot;:{&quot;amount&quot;:30,&quot;message&quot;:&quot;$30 Copayment per visit per Covered Person not to exceed a maximum of 3 Copayments per Covered Person. Eligible Expenses and benefits are not subject to the Plan Deductible or Coinsurance.  Office Visits in excess of the maximum number of Copayments will be subject to the Plan Deductible and Coinsurance.&quot;},&quot;periodicExam&quot;:{&quot;amount&quot;:20,&quot;message&quot;:&quot;$50 Copayment for one annual Routine Physical Exam. Coinsurance is %d%% and benefits are not subject to the Plan Deductible.&quot;},&quot;obGynExam&quot;:{&quot;amount&quot;:0,&quot;message&quot;:&quot;Not Covered&quot;},&quot;wellBaby&quot;:{&quot;amount&quot;:0,&quot;message&quot;:&quot;Not Covered&quot;},&quot;chiropractic&quot;:{&quot;amount&quot;:0,&quot;message&quot;:&quot;Not Covered&quot;},&quot;mentalHealth&quot;:{&quot;amount&quot;:100,&quot;message&quot;:&quot;Inpatient: $100 per day, 31 day maximum per Covered Person per Coverage Period. Outpatient: $50 per visit, 10 visits per Covered Person per Coverage Period&quot;},&quot;rxGeneric&quot;:{&quot;amount&quot;:0,&quot;message&quot;:&quot;Not covered except those administered by a Doctor in an\rInpatient or Outpatient setting covered under this Policy as an Eligible\rExpense.&quot;},&quot;rxBrand&quot;:{&quot;amount&quot;:0,&quot;message&quot;:&quot;Not covered except those administered by a Doctor in an\rInpatient or Outpatient setting covered under this Policy as an Eligible\rExpense.&quot;},&quot;rxNonFormulary&quot;:{&quot;amount&quot;:0,&quot;message&quot;:&quot;Not covered except those administered by a Doctor in an\rInpatient or Outpatient setting covered under this Policy as an Eligible\rExpense.&quot;},&quot;rxDeductible&quot;:{&quot;amount&quot;:0,&quot;message&quot;:&quot;N/A&quot;},&quot;labXray&quot;:{&quot;amount&quot;:0,&quot;message&quot;:&quot;&quot;},&quot;emergency&quot;:{&quot;amount&quot;:24,&quot;message&quot;:&quot;Emergency Room (This includes the emergency room physician charge, 24 hours surveillance and all miscellaneous medical charges) The benefit payable for each emergency room visit, including professional and facility services, will not exceed $250 per visit.&quot;},&quot;outpatient&quot;:{&quot;amount&quot;:1,&quot;message&quot;:&quot;Facility charges up to a max of $1,250 per day; $5,000 Surgeon and $1,000 Assistant Surgeon\\nlimitations apply&quot;},&quot;hospitalization&quot;:{&quot;amount&quot;:1,&quot;message&quot;:&quot;Average Standard Room Rate: $1,000 per day. Hospital ICU: $1,250 per day&quot;},&quot;anesthesia&quot;:{&quot;amount&quot;:1,&quot;message&quot;:&quot;$1,000 per surgery, for all Eligible Expenses combined, not to exceed $2,000 per Covered Person per Coverage Period.&quot;},&quot;preAndPostNatal&quot;:{&quot;amount&quot;:0,&quot;message&quot;:&quot;Not Covered&quot;},&quot;deliveryHospital&quot;:{&quot;amount&quot;:0,&quot;message&quot;:&quot;Not Covered&quot;},&quot;urgentCare&quot;:{&quot;amount&quot;:0,&quot;message&quot;:&quot;&quot;},&quot;familyMoopType&quot;:&quot;All Members&quot;,&quot;maxOOPLimits&quot;:0,&quot;familyDeductibleType&quot;:&quot;M&quot;,&quot;maxDeductibleLimits&quot;:0,&quot;deductibleTotalingType&quot;:&quot;A&quot;,&quot;additionalCoverages&quot;:[],&quot;carrierId&quot;:&quot;everest-one&quot;,&quot;planSubType&quot;:&quot;lite&quot;,&quot;planName&quot;:&quot;Everest 5000/20/9000/250000&quot;,&quot;wellBabyCare&quot;:false,&quot;periodicHealthExam&quot;:false,&quot;periodicObGyn&quot;:false,&quot;maternity&quot;:false,&quot;prescriptionDrug&quot;:false,&quot;moopIncludesDeductible&quot;:false,&quot;familyMoop&quot;:27000,&quot;familyMoopIncludesDeductible&quot;:false,&quot;primaryCarePhysicianRequired&quot;:false,&quot;referralsRequired&quot;:false,&quot;primaryCareServiceBenefit&quot;:false,&quot;primaryCareBenefitURL&quot;:&quot;&quot;,&quot;oonCoverage&quot;:false,&quot;internationalCoverage&quot;:&quot;&quot;,&quot;internationalCoverageDetail&quot;:&quot;&quot;,&quot;planType&quot;:&quot;&quot;,&quot;officeVisit&quot;:&quot;0&quot;,&quot;network&quot;:&quot;No Network (See Physician Directory Below)&quot;,&quot;waitingPeriodForIllnesses&quot;:5,&quot;__v&quot;:0,&quot;planId&quot;:&quot;everest-one-id-5000-20-9000-250000&quot;,&quot;providerInfo&quot;:{&quot;_id&quot;:&quot;58519ba1b539540400f9a511&quot;,&quot;updated&quot;:&quot;2017-07-06T05:36:32.609Z&quot;,&quot;uri&quot;:&quot;everest-7s6q2&quot;,&quot;lastUpdatedBy&quot;:&quot;Michael Bass&quot;,&quot;hpId&quot;:&quot;everest-one&quot;,&quot;displayName&quot;:&quot;Everest&quot;,&quot;logoFile&quot;:&quot;https://assets.healthpocket.com/qa/everest-b2e87338087415ea0cf4c96a506ca45b.png&quot;,&quot;url&quot;:&quot;&quot;,&quot;__v&quot;:0,&quot;created&quot;:&quot;2016-12-14T19:21:05.191Z&quot;,&quot;sourceNames&quot;:[&quot;everest&quot;],&quot;companyName&quot;:[{&quot;name&quot;:&quot;Everest Reinsurance Company&quot;,&quot;_id&quot;:&quot;595dcc60908b4800048314d3&quot;,&quot;state&quot;:&quot;ALL&quot;}],&quot;productLines&quot;:[&quot;ST&quot;],&quot;states&quot;:[]},&quot;breakdown&quot;:{&quot;applicant&quot;:24.72,&quot;spouse&quot;:0,&quot;children&quot;:0,&quot;tax&quot;:1,&quot;baseRate&quot;:24.72,&quot;monthlyCost&quot;:24.72,&quot;initialCost&quot;:24.72,&quot;totalRecurringFee&quot;:0},&quot;deductible&quot;:5000,&quot;externalPlanId&quot;:133,&quot;coinsuranceLimit&quot;:20000,&quot;companyName&quot;:&quot;Everest Reinsurance Company&quot;,&quot;lifetimeMax&quot;:250000,&quot;moop&quot;:9000,&quot;outOfPocketMax&quot;:9000,&quot;maxDurationMonths&quot;:6,&quot;extended&quot;:false,&quot;daily&quot;:false,&quot;extendedPlanId&quot;:&quot;everest-one-id-5000-20-9000-250000-extended&quot;,&quot;consecutiveDurationMonths&quot;:6,&quot;consecutiveOption&quot;:1,&quot;familyDeductible&quot;:15000,&quot;minEffectiveDate&quot;:&quot;2019-04-10T04:00:00.000Z&quot;,&quot;effectiveEnd&quot;:&quot;2019-10-09T04:00:00.000Z&quot;,&quot;maxEffectiveEnd&quot;:&quot;2019-10-09T04:00:00.000Z&quot;,&quot;coverageDurationPeriod&quot;:6,&quot;logoFile&quot;:&quot;https://assets.healthpocket.com/qa/everest-b2e87338087415ea0cf4c96a506ca45b.png&quot;,&quot;hasFees&quot;:false},&quot;productLine&quot;:&quot;Short Term&quot;,&quot;selectedConsecutive&quot;:false}" class="js-apply btn btn-primary btn-lg apply-btn" role="button" href="/term-health-insurance/apply/everest-one-id-5000-20-9000-250000">...</a> is not clickable at point (140, 22). Other element would receive the click: <a id="plan-info-docker-apply" class="btn btn-primary btn-med apply-btn" role="button" href="/term-health-insurance/apply/everest-one-id-5000-20-9000-250000">...</a>
  (Session info: chrome=73.0.3683.103)
  (Driver info: chromedriver=2.43.600229 (3fae4d0cda5334b4f533bede5a4787f7b832d052),platform=Mac OS X 10.14.4 x86_64) (WARNING: The server did not provide any stacktrace information)
Command duration or timeout: 0 milliseconds
Build info: version: '3.7.1', revision: '8a0099a', time: '2017-11-06T21:07:36.161Z'
System info: host: 'Deniss-MacBook-Pro.local', ip: 'fe80:0:0:0:10f1:a73f:e71a:955a%en0', os.name: 'Mac OS X', os.arch: 'x86_64', os.version: '10.14.4', java.version: '1.8.0_181'
Driver info: com.kms.katalon.selenium.driver.CChromeDriver
Capabilities {acceptInsecureCerts: false, acceptSslCerts: false, applicationCacheEnabled: false, browserConnectionEnabled: false, browserName: chrome, chrome: {chromedriverVersion: 2.43.600229 (3fae4d0cda5334..., userDataDir: /var/folders/95/4qsvf70n5s5...}, cssSelectorsEnabled: true, databaseEnabled: false, goog:chromeOptions: {debuggerAddress: localhost:51493}, handlesAlerts: true, hasTouchScreen: true, javascriptEnabled: true, locationContextEnabled: true, mobileEmulationEnabled: true, nativeEvents: true, networkConnectionEnabled: false, pageLoadStrategy: normal, platform: MAC, platformName: MAC, rotatable: false, setWindowRect: true, takesHeapSnapshot: true, takesScreenshot: true, unexpectedAlertBehaviour: , unhandledPromptBehavior: , version: 73.0.3683.103, webStorageEnabled: true}
Session ID: a452633a5bcba101740a3b73a550b7c9)
	at com.kms.katalon.core.keyword.internal.KeywordMain.stepFailed(KeywordMain.groovy:36)
	at com.kms.katalon.core.webui.keyword.internal.WebUIKeywordMain.stepFailed(WebUIKeywordMain.groovy:65)
	at com.kms.katalon.core.webui.keyword.internal.WebUIKeywordMain.runKeyword(WebUIKeywordMain.groovy:27)
	at com.kms.katalon.core.webui.keyword.builtin.ClickKeyword.click(ClickKeyword.groovy:86)
	at com.kms.katalon.core.webui.keyword.builtin.ClickKeyword.execute(ClickKeyword.groovy:67)
	at com.kms.katalon.core.keyword.internal.KeywordExecutor.executeKeywordForPlatform(KeywordExecutor.groovy:53)
	at com.kms.katalon.core.webui.keyword.WebUiBuiltInKeywords.click(WebUiBuiltInKeywords.groovy:616)
	at com.kms.katalon.core.webui.keyword.WebUiBuiltInKeywords$click$4.call(Unknown Source)
	at apply_stm.run(apply_stm:18)
	at com.kms.katalon.core.main.ScriptEngine.run(ScriptEngine.java:194)
	at com.kms.katalon.core.main.ScriptEngine.runScriptAsRawText(ScriptEngine.java:119)
	at com.kms.katalon.core.main.TestCaseExecutor.runScript(TestCaseExecutor.java:328)
	at com.kms.katalon.core.main.TestCaseExecutor.doExecute(TestCaseExecutor.java:319)
	at com.kms.katalon.core.main.TestCaseExecutor.processExecutionPhase(TestCaseExecutor.java:298)
	at com.kms.katalon.core.main.TestCaseExecutor.accessMainPhase(TestCaseExecutor.java:290)
	at com.kms.katalon.core.main.TestCaseExecutor.execute(TestCaseExecutor.java:224)
	at com.kms.katalon.core.main.TestCaseMain.runTestCase(TestCaseMain.java:106)
	at com.kms.katalon.core.keyword.builtin.CallTestCaseKeyword$_callTestCase_closure1.doCall(CallTestCaseKeyword.groovy:59)
	at com.kms.katalon.core.keyword.builtin.CallTestCaseKeyword$_callTestCase_closure1.call(CallTestCaseKeyword.groovy)
	at com.kms.katalon.core.keyword.internal.KeywordMain.runKeyword(KeywordMain.groovy:54)
	at com.kms.katalon.core.keyword.builtin.CallTestCaseKeyword.callTestCase(CallTestCaseKeyword.groovy:80)
	at com.kms.katalon.core.keyword.builtin.CallTestCaseKeyword.execute(CallTestCaseKeyword.groovy:44)
	at com.kms.katalon.core.keyword.internal.KeywordExecutor.executeKeywordForPlatform(KeywordExecutor.groovy:53)
	at com.kms.katalon.core.keyword.BuiltinKeywords.callTestCase(BuiltinKeywords.groovy:334)
	at Everest.run(Everest:32)
	at com.kms.katalon.core.main.ScriptEngine.run(ScriptEngine.java:194)
	at com.kms.katalon.core.main.ScriptEngine.runScriptAsRawText(ScriptEngine.java:119)
	at com.kms.katalon.core.main.TestCaseExecutor.runScript(TestCaseExecutor.java:328)
	at com.kms.katalon.core.main.TestCaseExecutor.doExecute(TestCaseExecutor.java:319)
	at com.kms.katalon.core.main.TestCaseExecutor.processExecutionPhase(TestCaseExecutor.java:298)
	at com.kms.katalon.core.main.TestCaseExecutor.accessMainPhase(TestCaseExecutor.java:290)
	at com.kms.katalon.core.main.TestCaseExecutor.execute(TestCaseExecutor.java:224)
	at com.kms.katalon.core.main.TestSuiteExecutor.accessTestCaseMainPhase(TestSuiteExecutor.java:129)
	at com.kms.katalon.core.main.TestSuiteExecutor.accessTestSuiteMainPhase(TestSuiteExecutor.java:112)
	at com.kms.katalon.core.main.TestSuiteExecutor.execute(TestSuiteExecutor.java:81)
	at com.kms.katalon.core.main.TestCaseMain.startTestSuite(TestCaseMain.java:149)
	at com.kms.katalon.core.main.TestCaseMain$startTestSuite$0.call(Unknown Source)
	at TempTestSuite1554806206518.run(TempTestSuite1554806206518.groovy:36)


2019-04-09 18:41:46 - [TEST_STEP][PASSED] - now = new java.util.Date(): null

2019-04-09 18:41:46 - [TEST_STEP][PASSED] - mydate = now.format("yyyyMMdd_HHmmss"): null

2019-04-09 18:41:46 - [TEST_STEP][PASSED] - screenPath = stmPath + "Everest/" + mydate + "/": null

2019-04-09 18:41:46 - [TEST_STEP][PASSED] - i = 0: null

2019-04-09 18:41:46 - [TEST_STEP][PASSED] - callTestCase(findTestCase("mobileWeb/_include/openWebSite"), [:], STOP_ON_FAILURE): Call Test Case 'Test Cases/mobileWeb/_include/openWebSite' successfully

2019-04-09 18:41:46 - [TEST_CASE][PASSED] - Test Cases/mobileWeb/_include/openWebSite: Test Cases/mobileWeb/_include/openWebSite

2019-04-09 18:41:46 - [TEST_STEP][PASSED] - openBrowser(""): Browser is opened with url: ''

2019-04-09 18:41:46 - [MESSAGE][WARNING] - A browser is already opened. Closing browser and opening a new one

2019-04-09 18:41:46 - [MESSAGE][INFO] - Starting 'Chrome' driver

2019-04-09 18:41:46 - [MESSAGE][INFO] - User set preference: ['mobileEmulation', '{deviceName=iPhone X}']

2019-04-09 18:41:46 - [MESSAGE][INFO] - User set preference: ['args', '[]']

2019-04-09 18:41:48 - [MESSAGE][PASSED] - Browser is opened with url: ''

2019-04-09 18:41:48 - [TEST_STEP][PASSED] - navigateToUrl(ENV): Navigate to 'https://praetemptatus.agilehealthinsurance.com' successfully

2019-04-09 18:41:51 - [MESSAGE][PASSED] - Navigate to 'https://praetemptatus.agilehealthinsurance.com' successfully

2019-04-09 18:41:51 - [TEST_STEP][PASSED] - waitForPageLoad(10): Wait for page load successfully

2019-04-09 18:41:51 - [MESSAGE][PASSED] - Wait for page load successfully

2019-04-09 18:41:51 - [TEST_STEP][PASSED] - callTestCase(findTestCase("mobileWeb/_include/get_screenshot"), [:], STOP_ON_FAILURE): Call Test Case 'Test Cases/mobileWeb/_include/get_screenshot' successfully

2019-04-09 18:41:51 - [TEST_CASE][PASSED] - Test Cases/mobileWeb/_include/get_screenshot: Test Cases/mobileWeb/_include/get_screenshot

2019-04-09 18:41:51 - [TEST_STEP][PASSED] - takeScreenshot(screenPath + i + ".png"): Taking screenshot successfully

2019-04-09 18:41:52 - [MESSAGE][PASSED] - Taking screenshot successfully
[[ATTACHMENT|../Screenshots/mobileWeb/stm/Everest/20190409_184146/0.png]]

2019-04-09 18:41:52 - [TEST_STEP][PASSED] - (internal.GlobalVariable.i++): null

2019-04-09 18:41:52 - [MESSAGE][PASSED] - Call Test Case 'Test Cases/mobileWeb/_include/get_screenshot' successfully

2019-04-09 18:41:52 - [MESSAGE][PASSED] - Call Test Case 'Test Cases/mobileWeb/_include/openWebSite' successfully

2019-04-09 18:41:52 - [TEST_STEP][PASSED] - callTestCase(findTestCase("mobileWeb/_include/census_stm"), ["zipcode":"83709"], STOP_ON_FAILURE): Call Test Case 'Test Cases/mobileWeb/_include/census_stm' successfully

2019-04-09 18:41:52 - [TEST_CASE][PASSED] - Test Cases/mobileWeb/_include/census_stm: Test Cases/mobileWeb/_include/census_stm

2019-04-09 18:41:52 - [TEST_STEP][PASSED] - waitForElementClickable(findTestObject("mobileSanity/STM/Home Page/a_Quote  Save Today"), 10): Object 'Object Repository/mobileSanity/STM/Home Page/a_Quote  Save Today' is clickable

2019-04-09 18:41:52 - [MESSAGE][PASSED] - Object 'Object Repository/mobileSanity/STM/Home Page/a_Quote  Save Today' is clickable

2019-04-09 18:41:52 - [TEST_STEP][PASSED] - click(findTestObject("mobileSanity/STM/Home Page/a_Quote  Save Today")): Object: 'Object Repository/mobileSanity/STM/Home Page/a_Quote  Save Today' is clicked on

2019-04-09 18:41:53 - [MESSAGE][PASSED] - Object: 'Object Repository/mobileSanity/STM/Home Page/a_Quote  Save Today' is clicked on

2019-04-09 18:41:53 - [TEST_STEP][PASSED] - waitForPageLoad(10): Wait for page load successfully

2019-04-09 18:41:53 - [MESSAGE][PASSED] - Wait for page load successfully

2019-04-09 18:41:53 - [TEST_STEP][PASSED] - callTestCase(findTestCase("mobileWeb/_include/get_screenshot"), [:], STOP_ON_FAILURE): Call Test Case 'Test Cases/mobileWeb/_include/get_screenshot' successfully

2019-04-09 18:41:53 - [TEST_CASE][PASSED] - Test Cases/mobileWeb/_include/get_screenshot: Test Cases/mobileWeb/_include/get_screenshot

2019-04-09 18:41:53 - [TEST_STEP][PASSED] - takeScreenshot(screenPath + i + ".png"): Taking screenshot successfully

2019-04-09 18:41:55 - [MESSAGE][PASSED] - Taking screenshot successfully
[[ATTACHMENT|../Screenshots/mobileWeb/stm/Everest/20190409_184146/1.png]]

2019-04-09 18:41:55 - [TEST_STEP][PASSED] - (internal.GlobalVariable.i++): null

2019-04-09 18:41:55 - [MESSAGE][PASSED] - Call Test Case 'Test Cases/mobileWeb/_include/get_screenshot' successfully

2019-04-09 18:41:55 - [TEST_STEP][PASSED] - setText(findTestObject("mobileSanity/STM/STM Census Page/input_Location_zip-input"), zipcode): Text '83709' is set on object 'Object Repository/mobileSanity/STM/STM Census Page/input_Location_zip-input'

2019-04-09 18:41:55 - [MESSAGE][PASSED] - Text '83709' is set on object 'Object Repository/mobileSanity/STM/STM Census Page/input_Location_zip-input'

2019-04-09 18:41:55 - [TEST_STEP][PASSED] - Thread.sleep(500): null

2019-04-09 18:41:55 - [TEST_STEP][PASSED] - setText(findTestObject("mobileSanity/STM/STM Census Page/input_Date of Birth_dob-0"), "03031987"): Text '03031987' is set on object 'Object Repository/mobileSanity/STM/STM Census Page/input_Date of Birth_dob-0'

2019-04-09 18:41:56 - [MESSAGE][PASSED] - Text '03031987' is set on object 'Object Repository/mobileSanity/STM/STM Census Page/input_Date of Birth_dob-0'

2019-04-09 18:41:56 - [TEST_STEP][PASSED] - click(findTestObject("mobileSanity/STM/STM Census Page/label_Male")): Object: 'Object Repository/mobileSanity/STM/STM Census Page/label_Male' is clicked on

2019-04-09 18:41:56 - [MESSAGE][PASSED] - Object: 'Object Repository/mobileSanity/STM/STM Census Page/label_Male' is clicked on

2019-04-09 18:41:56 - [TEST_STEP][PASSED] - click(findTestObject("mobileSanity/STM/STM Census Page/label_Compare Plans")): Object: 'Object Repository/mobileSanity/STM/STM Census Page/label_Compare Plans' is clicked on

2019-04-09 18:41:56 - [MESSAGE][PASSED] - Object: 'Object Repository/mobileSanity/STM/STM Census Page/label_Compare Plans' is clicked on

2019-04-09 18:41:56 - [TEST_STEP][PASSED] - waitForPageLoad(10): Wait for page load successfully

2019-04-09 18:41:56 - [MESSAGE][PASSED] - Wait for page load successfully

2019-04-09 18:41:56 - [TEST_STEP][PASSED] - callTestCase(findTestCase("mobileWeb/_include/get_screenshot"), [:], STOP_ON_FAILURE): Call Test Case 'Test Cases/mobileWeb/_include/get_screenshot' successfully

2019-04-09 18:41:56 - [TEST_CASE][PASSED] - Test Cases/mobileWeb/_include/get_screenshot: Test Cases/mobileWeb/_include/get_screenshot

2019-04-09 18:41:56 - [TEST_STEP][PASSED] - takeScreenshot(screenPath + i + ".png"): Taking screenshot successfully

2019-04-09 18:42:01 - [MESSAGE][PASSED] - Taking screenshot successfully
[[ATTACHMENT|../Screenshots/mobileWeb/stm/Everest/20190409_184146/2.png]]

2019-04-09 18:42:01 - [TEST_STEP][PASSED] - (internal.GlobalVariable.i++): null

2019-04-09 18:42:01 - [MESSAGE][PASSED] - Call Test Case 'Test Cases/mobileWeb/_include/get_screenshot' successfully

2019-04-09 18:42:01 - [MESSAGE][PASSED] - Call Test Case 'Test Cases/mobileWeb/_include/census_stm' successfully

2019-04-09 18:42:01 - [TEST_STEP][PASSED] - callTestCase(findTestCase("mobileWeb/_include/filter_stm"), ["carrier":"everest-one"], STOP_ON_FAILURE): Call Test Case 'Test Cases/mobileWeb/_include/filter_stm' successfully

2019-04-09 18:42:01 - [TEST_CASE][PASSED] - Test Cases/mobileWeb/_include/filter_stm: Test Cases/mobileWeb/_include/filter_stm

2019-04-09 18:42:01 - [TEST_STEP][PASSED] - driver = getWebDriver(): null

2019-04-09 18:42:01 - [TEST_STEP][PASSED] - selenium = new com.thoughtworks.selenium.webdriven.WebDriverBackedSelenium(driver, internal.GlobalVariable.ENV): null

2019-04-09 18:42:01 - [TEST_STEP][PASSED] - click(findTestObject("mobileSanity/STM/STM Quote Page/button_6 months")): Object: 'Object Repository/mobileSanity/STM/STM Quote Page/button_6 months' is clicked on

2019-04-09 18:42:02 - [MESSAGE][PASSED] - Object: 'Object Repository/mobileSanity/STM/STM Quote Page/button_6 months' is clicked on

2019-04-09 18:42:02 - [TEST_STEP][PASSED] - test.MobileKeywords.clickJS(findTestObject("mobileSanity/STM/STM Quote Page/radio_6 months")): test.MobileKeywords.clickJS is PASSED

2019-04-09 18:42:02 - [MESSAGE][PASSED] - Execute JavaScript 'arguments[0].click()' successfully

2019-04-09 18:42:02 - [MESSAGE][PASSED] - test.MobileKeywords.clickJS is PASSED

2019-04-09 18:42:02 - [TEST_STEP][PASSED] - Thread.sleep(1000): null

2019-04-09 18:42:03 - [TEST_STEP][PASSED] - test.MobileKeywords.clickJS(findTestObject("mobileSanity/STM/STM Quote Page/duration_show_plans")): test.MobileKeywords.clickJS is PASSED

2019-04-09 18:42:03 - [MESSAGE][PASSED] - Execute JavaScript 'arguments[0].click()' successfully

2019-04-09 18:42:03 - [MESSAGE][PASSED] - test.MobileKeywords.clickJS is PASSED

2019-04-09 18:42:03 - [TEST_STEP][PASSED] - waitForJQueryLoad(10, STOP_ON_FAILURE): jQuery is ready.

2019-04-09 18:42:04 - [MESSAGE][PASSED] - jQuery is ready.

2019-04-09 18:42:04 - [TEST_STEP][PASSED] - Thread.sleep(1000): null

2019-04-09 18:42:05 - [TEST_STEP][PASSED] - click(findTestObject("mobileSanity/STM/STM Quote Page/button_filters")): Object: 'Object Repository/mobileSanity/STM/STM Quote Page/button_filters' is clicked on

2019-04-09 18:42:05 - [MESSAGE][PASSED] - Object: 'Object Repository/mobileSanity/STM/STM Quote Page/button_filters' is clicked on

2019-04-09 18:42:05 - [TEST_STEP][PASSED] - Thread.sleep(1000): null

2019-04-09 18:42:06 - [TEST_STEP][PASSED] - click(findTestObject("mobileSanity/STM/STM Quote Page/i_Insurance company")): Object: 'Object Repository/mobileSanity/STM/STM Quote Page/i_Insurance company' is clicked on

2019-04-09 18:42:06 - [MESSAGE][PASSED] - Object: 'Object Repository/mobileSanity/STM/STM Quote Page/i_Insurance company' is clicked on

2019-04-09 18:42:06 - [TEST_STEP][PASSED] - Thread.sleep(1000): null

2019-04-09 18:42:07 - [TEST_STEP][PASSED] - filter_carrier = "//input[@name='filter[carrier]' and @value='" + carrier + "']/following::label": null

2019-04-09 18:42:07 - [TEST_STEP][PASSED] - println(filter_carrier): null

2019-04-09 18:42:07 - [TEST_STEP][PASSED] - test.MobileKeywords.clickJS_ByXpath(filter_carrier): test.MobileKeywords.clickJS_ByXpath is PASSED

2019-04-09 18:42:07 - [MESSAGE][PASSED] - Execute JavaScript 'arguments[0].click()' successfully

2019-04-09 18:42:07 - [MESSAGE][PASSED] - test.MobileKeywords.clickJS_ByXpath is PASSED

2019-04-09 18:42:07 - [TEST_STEP][PASSED] - Thread.sleep(1000): null

2019-04-09 18:42:08 - [TEST_STEP][PASSED] - scrollToElement(findTestObject("mobileSanity/STM/STM Quote Page/a_Show Plans"), 1000): Scroll to object 'Object Repository/mobileSanity/STM/STM Quote Page/a_Show Plans' successfully

2019-04-09 18:42:08 - [MESSAGE][PASSED] - Scroll to object 'Object Repository/mobileSanity/STM/STM Quote Page/a_Show Plans' successfully

2019-04-09 18:42:08 - [TEST_STEP][PASSED] - click(findTestObject("mobileSanity/STM/STM Quote Page/a_Show Plans")): Object: 'Object Repository/mobileSanity/STM/STM Quote Page/a_Show Plans' is clicked on

2019-04-09 18:42:09 - [MESSAGE][PASSED] - Object: 'Object Repository/mobileSanity/STM/STM Quote Page/a_Show Plans' is clicked on

2019-04-09 18:42:09 - [TEST_STEP][PASSED] - waitForJQueryLoad(10, STOP_ON_FAILURE): jQuery is ready.

2019-04-09 18:42:09 - [MESSAGE][PASSED] - jQuery is ready.

2019-04-09 18:42:09 - [TEST_STEP][PASSED] - Thread.sleep(1000): null

2019-04-09 18:42:10 - [TEST_STEP][PASSED] - callTestCase(findTestCase("mobileWeb/_include/get_screenshot"), [:], STOP_ON_FAILURE): Call Test Case 'Test Cases/mobileWeb/_include/get_screenshot' successfully

2019-04-09 18:42:10 - [TEST_CASE][PASSED] - Test Cases/mobileWeb/_include/get_screenshot: Test Cases/mobileWeb/_include/get_screenshot

2019-04-09 18:42:10 - [TEST_STEP][PASSED] - takeScreenshot(screenPath + i + ".png"): Taking screenshot successfully

2019-04-09 18:42:11 - [MESSAGE][PASSED] - Taking screenshot successfully
[[ATTACHMENT|../Screenshots/mobileWeb/stm/Everest/20190409_184146/3.png]]

2019-04-09 18:42:11 - [TEST_STEP][PASSED] - (internal.GlobalVariable.i++): null

2019-04-09 18:42:11 - [MESSAGE][PASSED] - Call Test Case 'Test Cases/mobileWeb/_include/get_screenshot' successfully

2019-04-09 18:42:11 - [MESSAGE][PASSED] - Call Test Case 'Test Cases/mobileWeb/_include/filter_stm' successfully

2019-04-09 18:42:11 - [TEST_STEP][PASSED] - callTestCase(findTestCase("mobileWeb/_include/goToDetail_stm"), ["carrier":"everest-one"], STOP_ON_FAILURE): Call Test Case 'Test Cases/mobileWeb/_include/goToDetail_stm' successfully

2019-04-09 18:42:11 - [TEST_CASE][PASSED] - Test Cases/mobileWeb/_include/goToDetail_stm: Test Cases/mobileWeb/_include/goToDetail_stm

2019-04-09 18:42:11 - [TEST_STEP][PASSED] - driver = getWebDriver(): null

2019-04-09 18:42:11 - [TEST_STEP][PASSED] - selenium = new com.thoughtworks.selenium.webdriven.WebDriverBackedSelenium(driver, internal.GlobalVariable.ENV): null

2019-04-09 18:42:11 - [TEST_STEP][PASSED] - a_plan_name = "xpath=//a[contains(@href,'/term-health-insurance/plan/" + carrier + "')]": null

2019-04-09 18:42:11 - [TEST_STEP][PASSED] - println(a_plan_name): null

2019-04-09 18:42:11 - [TEST_STEP][PASSED] - selenium.click(a_plan_name): null

2019-04-09 18:42:14 - [TEST_STEP][PASSED] - waitForPageLoad(10): Wait for page load successfully

2019-04-09 18:42:14 - [MESSAGE][PASSED] - Wait for page load successfully

2019-04-09 18:42:14 - [TEST_STEP][PASSED] - callTestCase(findTestCase("mobileWeb/_include/get_screenshot"), [:], STOP_ON_FAILURE): Call Test Case 'Test Cases/mobileWeb/_include/get_screenshot' successfully

2019-04-09 18:42:14 - [TEST_CASE][PASSED] - Test Cases/mobileWeb/_include/get_screenshot: Test Cases/mobileWeb/_include/get_screenshot

2019-04-09 18:42:14 - [TEST_STEP][PASSED] - takeScreenshot(screenPath + i + ".png"): Taking screenshot successfully

2019-04-09 18:42:15 - [MESSAGE][PASSED] - Taking screenshot successfully
[[ATTACHMENT|../Screenshots/mobileWeb/stm/Everest/20190409_184146/4.png]]

2019-04-09 18:42:15 - [TEST_STEP][PASSED] - (internal.GlobalVariable.i++): null

2019-04-09 18:42:15 - [MESSAGE][PASSED] - Call Test Case 'Test Cases/mobileWeb/_include/get_screenshot' successfully

2019-04-09 18:42:15 - [MESSAGE][PASSED] - Call Test Case 'Test Cases/mobileWeb/_include/goToDetail_stm' successfully

2019-04-09 18:42:15 - [TEST_STEP][FAILED] - callTestCase(findTestCase("mobileWeb/_include/apply_stm"), [:], STOP_ON_FAILURE): callTestCase(findTestCase("mobileWeb/_include/apply_stm"), [:], STOP_ON_FAILURE) FAILED.
Reason:
com.kms.katalon.core.exception.StepFailedException: Unable to click on object 'Object Repository/mobileSanity/STM/STM PlanDetail Page/a_Apply for This Plan' (Root cause: org.openqa.selenium.WebDriverException: unknown error: Element <a id="plan-details-primary-apply" data-analytics="{&quot;census&quot;:{&quot;isCanonical&quot;:false,&quot;dentalIsCanonical&quot;:true,&quot;oneTimePaymentSelected&quot;:false,&quot;stIndeterminateContractLength&quot;:true,&quot;planYear&quot;:2015,&quot;member&quot;:[{&quot;role&quot;:&quot;P&quot;,&quot;age&quot;:32,&quot;smoker&quot;:false,&quot;gender&quot;:&quot;M&quot;,&quot;dob&quot;:&quot;1987-03-03&quot;,&quot;eligible&quot;:true}],&quot;dentalEffective&quot;:&quot;2019-05-01T04:00:00.000Z&quot;,&quot;effective&quot;:&quot;2019-04-10T04:00:00.000Z&quot;,&quot;maxEffectiveEnd&quot;:null,&quot;location&quot;:{&quot;zip&quot;:&quot;83709&quot;,&quot;state&quot;:&quot;ID&quot;,&quot;county&quot;:&quot;Ada&quot;,&quot;fullCodeList&quot;:[&quot;13000&quot;],&quot;_id&quot;:{&quot;_bsontype&quot;:&quot;ObjectID&quot;,&quot;id&quot;:{&quot;type&quot;:&quot;Buffer&quot;,&quot;data&quot;:[92,165,153,148,159,6,36,96,177,59,92,151]}},&quot;fips&quot;:&quot;16001&quot;,&quot;code&quot;:&quot;13000&quot;,&quot;maRegionCode&quot;:&quot;23&quot;,&quot;pdpRegionCode&quot;:&quot;31&quot;,&quot;ifpRegionCode&quot;:&quot;3&quot;,&quot;defaultedCounty&quot;:false,&quot;city&quot;:&quot;Boise&quot;,&quot;stateName&quot;:&quot;Idaho&quot;},&quot;effectiveEnd&quot;:&quot;2019-10-07T04:00:00.000Z&quot;},&quot;plan&quot;:{&quot;_id&quot;:&quot;5cab6f6c99d438d3246265b7&quot;,&quot;coinsurance&quot;:20,&quot;primaryDoctorVisit&quot;:{&quot;amount&quot;:30,&quot;message&quot;:&quot;$30 Copay per visit or consultation per Covered Not to exceed a maximum of 3 Doctor's Office or Urgent Care Center Visits Copays per Covered Person. Coinsurance is %d%% of Eligible Expenses and benefits are not subject to the Plan Deductible. Doctor's office or urgent care visits or doctor consultations in excess of the maximum number of Doctor's Office or Urgent Care Center Visits' Copays will be subject to the Plan Deductible and Coinsurance.&quot;},&quot;specialist&quot;:{&quot;amount&quot;:30,&quot;message&quot;:&quot;$30 Copayment per visit per Covered Person not to exceed a maximum of 3 Copayments per Covered Person. Eligible Expenses and benefits are not subject to the Plan Deductible or Coinsurance.  Office Visits in excess of the maximum number of Copayments will be subject to the Plan Deductible and Coinsurance.&quot;},&quot;periodicExam&quot;:{&quot;amount&quot;:20,&quot;message&quot;:&quot;$50 Copayment for one annual Routine Physical Exam. Coinsurance is %d%% and benefits are not subject to the Plan Deductible.&quot;},&quot;obGynExam&quot;:{&quot;amount&quot;:0,&quot;message&quot;:&quot;Not Covered&quot;},&quot;wellBaby&quot;:{&quot;amount&quot;:0,&quot;message&quot;:&quot;Not Covered&quot;},&quot;chiropractic&quot;:{&quot;amount&quot;:0,&quot;message&quot;:&quot;Not Covered&quot;},&quot;mentalHealth&quot;:{&quot;amount&quot;:100,&quot;message&quot;:&quot;Inpatient: $100 per day, 31 day maximum per Covered Person per Coverage Period. Outpatient: $50 per visit, 10 visits per Covered Person per Coverage Period&quot;},&quot;rxGeneric&quot;:{&quot;amount&quot;:0,&quot;message&quot;:&quot;Not covered except those administered by a Doctor in an\rInpatient or Outpatient setting covered under this Policy as an Eligible\rExpense.&quot;},&quot;rxBrand&quot;:{&quot;amount&quot;:0,&quot;message&quot;:&quot;Not covered except those administered by a Doctor in an\rInpatient or Outpatient setting covered under this Policy as an Eligible\rExpense.&quot;},&quot;rxNonFormulary&quot;:{&quot;amount&quot;:0,&quot;message&quot;:&quot;Not covered except those administered by a Doctor in an\rInpatient or Outpatient setting covered under this Policy as an Eligible\rExpense.&quot;},&quot;rxDeductible&quot;:{&quot;amount&quot;:0,&quot;message&quot;:&quot;N/A&quot;},&quot;labXray&quot;:{&quot;amount&quot;:0,&quot;message&quot;:&quot;&quot;},&quot;emergency&quot;:{&quot;amount&quot;:24,&quot;message&quot;:&quot;Emergency Room (This includes the emergency room physician charge, 24 hours surveillance and all miscellaneous medical charges) The benefit payable for each emergency room visit, including professional and facility services, will not exceed $250 per visit.&quot;},&quot;outpatient&quot;:{&quot;amount&quot;:1,&quot;message&quot;:&quot;Facility charges up to a max of $1,250 per day; $5,000 Surgeon and $1,000 Assistant Surgeon\\nlimitations apply&quot;},&quot;hospitalization&quot;:{&quot;amount&quot;:1,&quot;message&quot;:&quot;Average Standard Room Rate: $1,000 per day. Hospital ICU: $1,250 per day&quot;},&quot;anesthesia&quot;:{&quot;amount&quot;:1,&quot;message&quot;:&quot;$1,000 per surgery, for all Eligible Expenses combined, not to exceed $2,000 per Covered Person per Coverage Period.&quot;},&quot;preAndPostNatal&quot;:{&quot;amount&quot;:0,&quot;message&quot;:&quot;Not Covered&quot;},&quot;deliveryHospital&quot;:{&quot;amount&quot;:0,&quot;message&quot;:&quot;Not Covered&quot;},&quot;urgentCare&quot;:{&quot;amount&quot;:0,&quot;message&quot;:&quot;&quot;},&quot;familyMoopType&quot;:&quot;All Members&quot;,&quot;maxOOPLimits&quot;:0,&quot;familyDeductibleType&quot;:&quot;M&quot;,&quot;maxDeductibleLimits&quot;:0,&quot;deductibleTotalingType&quot;:&quot;A&quot;,&quot;additionalCoverages&quot;:[],&quot;carrierId&quot;:&quot;everest-one&quot;,&quot;planSubType&quot;:&quot;lite&quot;,&quot;planName&quot;:&quot;Everest 5000/20/9000/250000&quot;,&quot;wellBabyCare&quot;:false,&quot;periodicHealthExam&quot;:false,&quot;periodicObGyn&quot;:false,&quot;maternity&quot;:false,&quot;prescriptionDrug&quot;:false,&quot;moopIncludesDeductible&quot;:false,&quot;familyMoop&quot;:27000,&quot;familyMoopIncludesDeductible&quot;:false,&quot;primaryCarePhysicianRequired&quot;:false,&quot;referralsRequired&quot;:false,&quot;primaryCareServiceBenefit&quot;:false,&quot;primaryCareBenefitURL&quot;:&quot;&quot;,&quot;oonCoverage&quot;:false,&quot;internationalCoverage&quot;:&quot;&quot;,&quot;internationalCoverageDetail&quot;:&quot;&quot;,&quot;planType&quot;:&quot;&quot;,&quot;officeVisit&quot;:&quot;0&quot;,&quot;network&quot;:&quot;No Network (See Physician Directory Below)&quot;,&quot;waitingPeriodForIllnesses&quot;:5,&quot;__v&quot;:0,&quot;planId&quot;:&quot;everest-one-id-5000-20-9000-250000&quot;,&quot;providerInfo&quot;:{&quot;_id&quot;:&quot;58519ba1b539540400f9a511&quot;,&quot;updated&quot;:&quot;2017-07-06T05:36:32.609Z&quot;,&quot;uri&quot;:&quot;everest-7s6q2&quot;,&quot;lastUpdatedBy&quot;:&quot;Michael Bass&quot;,&quot;hpId&quot;:&quot;everest-one&quot;,&quot;displayName&quot;:&quot;Everest&quot;,&quot;logoFile&quot;:&quot;https://assets.healthpocket.com/qa/everest-b2e87338087415ea0cf4c96a506ca45b.png&quot;,&quot;url&quot;:&quot;&quot;,&quot;__v&quot;:0,&quot;created&quot;:&quot;2016-12-14T19:21:05.191Z&quot;,&quot;sourceNames&quot;:[&quot;everest&quot;],&quot;companyName&quot;:[{&quot;name&quot;:&quot;Everest Reinsurance Company&quot;,&quot;_id&quot;:&quot;595dcc60908b4800048314d3&quot;,&quot;state&quot;:&quot;ALL&quot;}],&quot;productLines&quot;:[&quot;ST&quot;],&quot;states&quot;:[]},&quot;breakdown&quot;:{&quot;applicant&quot;:24.72,&quot;spouse&quot;:0,&quot;children&quot;:0,&quot;tax&quot;:1,&quot;baseRate&quot;:24.72,&quot;monthlyCost&quot;:24.72,&quot;initialCost&quot;:24.72,&quot;totalRecurringFee&quot;:0},&quot;deductible&quot;:5000,&quot;externalPlanId&quot;:133,&quot;coinsuranceLimit&quot;:20000,&quot;companyName&quot;:&quot;Everest Reinsurance Company&quot;,&quot;lifetimeMax&quot;:250000,&quot;moop&quot;:9000,&quot;outOfPocketMax&quot;:9000,&quot;maxDurationMonths&quot;:6,&quot;extended&quot;:false,&quot;daily&quot;:false,&quot;extendedPlanId&quot;:&quot;everest-one-id-5000-20-9000-250000-extended&quot;,&quot;consecutiveDurationMonths&quot;:6,&quot;consecutiveOption&quot;:1,&quot;familyDeductible&quot;:15000,&quot;minEffectiveDate&quot;:&quot;2019-04-10T04:00:00.000Z&quot;,&quot;effectiveEnd&quot;:&quot;2019-10-09T04:00:00.000Z&quot;,&quot;maxEffectiveEnd&quot;:&quot;2019-10-09T04:00:00.000Z&quot;,&quot;coverageDurationPeriod&quot;:6,&quot;logoFile&quot;:&quot;https://assets.healthpocket.com/qa/everest-b2e87338087415ea0cf4c96a506ca45b.png&quot;,&quot;hasFees&quot;:false},&quot;productLine&quot;:&quot;Short Term&quot;,&quot;selectedConsecutive&quot;:false}" class="js-apply btn btn-primary btn-lg apply-btn" role="button" href="/term-health-insurance/apply/everest-one-id-5000-20-9000-250000">...</a> is not clickable at point (140, 22). Other element would receive the click: <a id="plan-info-docker-apply" class="btn btn-primary btn-med apply-btn" role="button" href="/term-health-insurance/apply/everest-one-id-5000-20-9000-250000">...</a>
  (Session info: chrome=73.0.3683.103)
  (Driver info: chromedriver=2.43.600229 (3fae4d0cda5334b4f533bede5a4787f7b832d052),platform=Mac OS X 10.14.4 x86_64) (WARNING: The server did not provide any stacktrace information)
Command duration or timeout: 0 milliseconds
Build info: version: '3.7.1', revision: '8a0099a', time: '2017-11-06T21:07:36.161Z'
System info: host: 'Deniss-MacBook-Pro.local', ip: 'fe80:0:0:0:10f1:a73f:e71a:955a%en0', os.name: 'Mac OS X', os.arch: 'x86_64', os.version: '10.14.4', java.version: '1.8.0_181'
Driver info: com.kms.katalon.selenium.driver.CChromeDriver
Capabilities {acceptInsecureCerts: false, acceptSslCerts: false, applicationCacheEnabled: false, browserConnectionEnabled: false, browserName: chrome, chrome: {chromedriverVersion: 2.43.600229 (3fae4d0cda5334..., userDataDir: /var/folders/95/4qsvf70n5s5...}, cssSelectorsEnabled: true, databaseEnabled: false, goog:chromeOptions: {debuggerAddress: localhost:51493}, handlesAlerts: true, hasTouchScreen: true, javascriptEnabled: true, locationContextEnabled: true, mobileEmulationEnabled: true, nativeEvents: true, networkConnectionEnabled: false, pageLoadStrategy: normal, platform: MAC, platformName: MAC, rotatable: false, setWindowRect: true, takesHeapSnapshot: true, takesScreenshot: true, unexpectedAlertBehaviour: , unhandledPromptBehavior: , version: 73.0.3683.103, webStorageEnabled: true}
Session ID: a452633a5bcba101740a3b73a550b7c9)
	at com.kms.katalon.core.keyword.internal.KeywordMain.stepFailed(KeywordMain.groovy:36)
	at com.kms.katalon.core.webui.keyword.internal.WebUIKeywordMain.stepFailed(WebUIKeywordMain.groovy:65)
	at com.kms.katalon.core.webui.keyword.internal.WebUIKeywordMain.runKeyword(WebUIKeywordMain.groovy:27)
	at com.kms.katalon.core.webui.keyword.builtin.ClickKeyword.click(ClickKeyword.groovy:86)
	at com.kms.katalon.core.webui.keyword.builtin.ClickKeyword.execute(ClickKeyword.groovy:67)
	at com.kms.katalon.core.keyword.internal.KeywordExecutor.executeKeywordForPlatform(KeywordExecutor.groovy:53)
	at com.kms.katalon.core.webui.keyword.WebUiBuiltInKeywords.click(WebUiBuiltInKeywords.groovy:616)
	at com.kms.katalon.core.webui.keyword.WebUiBuiltInKeywords$click$4.call(Unknown Source)
	at apply_stm.run(apply_stm:18)
	at com.kms.katalon.core.main.ScriptEngine.run(ScriptEngine.java:194)
	at com.kms.katalon.core.main.ScriptEngine.runScriptAsRawText(ScriptEngine.java:119)
	at com.kms.katalon.core.main.TestCaseExecutor.runScript(TestCaseExecutor.java:328)
	at com.kms.katalon.core.main.TestCaseExecutor.doExecute(TestCaseExecutor.java:319)
	at com.kms.katalon.core.main.TestCaseExecutor.processExecutionPhase(TestCaseExecutor.java:298)
	at com.kms.katalon.core.main.TestCaseExecutor.accessMainPhase(TestCaseExecutor.java:290)
	at com.kms.katalon.core.main.TestCaseExecutor.execute(TestCaseExecutor.java:224)
	at com.kms.katalon.core.main.TestCaseMain.runTestCase(TestCaseMain.java:106)
	at com.kms.katalon.core.keyword.builtin.CallTestCaseKeyword$_callTestCase_closure1.doCall(CallTestCaseKeyword.groovy:59)
	at com.kms.katalon.core.keyword.builtin.CallTestCaseKeyword$_callTestCase_closure1.call(CallTestCaseKeyword.groovy)
	at com.kms.katalon.core.keyword.internal.KeywordMain.runKeyword(KeywordMain.groovy:54)
	at com.kms.katalon.core.keyword.builtin.CallTestCaseKeyword.callTestCase(CallTestCaseKeyword.groovy:80)
	at com.kms.katalon.core.keyword.builtin.CallTestCaseKeyword.execute(CallTestCaseKeyword.groovy:44)
	at com.kms.katalon.core.keyword.internal.KeywordExecutor.executeKeywordForPlatform(KeywordExecutor.groovy:53)
	at com.kms.katalon.core.keyword.BuiltinKeywords.callTestCase(BuiltinKeywords.groovy:334)
	at Everest.run(Everest:32)
	at com.kms.katalon.core.main.ScriptEngine.run(ScriptEngine.java:194)
	at com.kms.katalon.core.main.ScriptEngine.runScriptAsRawText(ScriptEngine.java:119)
	at com.kms.katalon.core.main.TestCaseExecutor.runScript(TestCaseExecutor.java:328)
	at com.kms.katalon.core.main.TestCaseExecutor.doExecute(TestCaseExecutor.java:319)
	at com.kms.katalon.core.main.TestCaseExecutor.processExecutionPhase(TestCaseExecutor.java:298)
	at com.kms.katalon.core.main.TestCaseExecutor.accessMainPhase(TestCaseExecutor.java:290)
	at com.kms.katalon.core.main.TestCaseExecutor.execute(TestCaseExecutor.java:224)
	at com.kms.katalon.core.main.TestSuiteExecutor.accessTestCaseMainPhase(TestSuiteExecutor.java:129)
	at com.kms.katalon.core.main.TestSuiteExecutor.accessTestSuiteMainPhase(TestSuiteExecutor.java:112)
	at com.kms.katalon.core.main.TestSuiteExecutor.execute(TestSuiteExecutor.java:81)
	at com.kms.katalon.core.main.TestCaseMain.startTestSuite(TestCaseMain.java:149)
	at com.kms.katalon.core.main.TestCaseMain$startTestSuite$0.call(Unknown Source)
	at TempTestSuite1554806206518.run(TempTestSuite1554806206518.groovy:36)


2019-04-09 18:42:15 - [TEST_CASE][FAILED] - Test Cases/mobileWeb/_include/apply_stm: Test Cases/mobileWeb/_include/apply_stm FAILED.
Reason:
com.kms.katalon.core.exception.StepFailedException: Unable to click on object 'Object Repository/mobileSanity/STM/STM PlanDetail Page/a_Apply for This Plan' (Root cause: org.openqa.selenium.WebDriverException: unknown error: Element <a id="plan-details-primary-apply" data-analytics="{&quot;census&quot;:{&quot;isCanonical&quot;:false,&quot;dentalIsCanonical&quot;:true,&quot;oneTimePaymentSelected&quot;:false,&quot;stIndeterminateContractLength&quot;:true,&quot;planYear&quot;:2015,&quot;member&quot;:[{&quot;role&quot;:&quot;P&quot;,&quot;age&quot;:32,&quot;smoker&quot;:false,&quot;gender&quot;:&quot;M&quot;,&quot;dob&quot;:&quot;1987-03-03&quot;,&quot;eligible&quot;:true}],&quot;dentalEffective&quot;:&quot;2019-05-01T04:00:00.000Z&quot;,&quot;effective&quot;:&quot;2019-04-10T04:00:00.000Z&quot;,&quot;maxEffectiveEnd&quot;:null,&quot;location&quot;:{&quot;zip&quot;:&quot;83709&quot;,&quot;state&quot;:&quot;ID&quot;,&quot;county&quot;:&quot;Ada&quot;,&quot;fullCodeList&quot;:[&quot;13000&quot;],&quot;_id&quot;:{&quot;_bsontype&quot;:&quot;ObjectID&quot;,&quot;id&quot;:{&quot;type&quot;:&quot;Buffer&quot;,&quot;data&quot;:[92,165,153,148,159,6,36,96,177,59,92,151]}},&quot;fips&quot;:&quot;16001&quot;,&quot;code&quot;:&quot;13000&quot;,&quot;maRegionCode&quot;:&quot;23&quot;,&quot;pdpRegionCode&quot;:&quot;31&quot;,&quot;ifpRegionCode&quot;:&quot;3&quot;,&quot;defaultedCounty&quot;:false,&quot;city&quot;:&quot;Boise&quot;,&quot;stateName&quot;:&quot;Idaho&quot;},&quot;effectiveEnd&quot;:&quot;2019-10-07T04:00:00.000Z&quot;},&quot;plan&quot;:{&quot;_id&quot;:&quot;5cab6f6c99d438d3246265b7&quot;,&quot;coinsurance&quot;:20,&quot;primaryDoctorVisit&quot;:{&quot;amount&quot;:30,&quot;message&quot;:&quot;$30 Copay per visit or consultation per Covered Not to exceed a maximum of 3 Doctor's Office or Urgent Care Center Visits Copays per Covered Person. Coinsurance is %d%% of Eligible Expenses and benefits are not subject to the Plan Deductible. Doctor's office or urgent care visits or doctor consultations in excess of the maximum number of Doctor's Office or Urgent Care Center Visits' Copays will be subject to the Plan Deductible and Coinsurance.&quot;},&quot;specialist&quot;:{&quot;amount&quot;:30,&quot;message&quot;:&quot;$30 Copayment per visit per Covered Person not to exceed a maximum of 3 Copayments per Covered Person. Eligible Expenses and benefits are not subject to the Plan Deductible or Coinsurance.  Office Visits in excess of the maximum number of Copayments will be subject to the Plan Deductible and Coinsurance.&quot;},&quot;periodicExam&quot;:{&quot;amount&quot;:20,&quot;message&quot;:&quot;$50 Copayment for one annual Routine Physical Exam. Coinsurance is %d%% and benefits are not subject to the Plan Deductible.&quot;},&quot;obGynExam&quot;:{&quot;amount&quot;:0,&quot;message&quot;:&quot;Not Covered&quot;},&quot;wellBaby&quot;:{&quot;amount&quot;:0,&quot;message&quot;:&quot;Not Covered&quot;},&quot;chiropractic&quot;:{&quot;amount&quot;:0,&quot;message&quot;:&quot;Not Covered&quot;},&quot;mentalHealth&quot;:{&quot;amount&quot;:100,&quot;message&quot;:&quot;Inpatient: $100 per day, 31 day maximum per Covered Person per Coverage Period. Outpatient: $50 per visit, 10 visits per Covered Person per Coverage Period&quot;},&quot;rxGeneric&quot;:{&quot;amount&quot;:0,&quot;message&quot;:&quot;Not covered except those administered by a Doctor in an\rInpatient or Outpatient setting covered under this Policy as an Eligible\rExpense.&quot;},&quot;rxBrand&quot;:{&quot;amount&quot;:0,&quot;message&quot;:&quot;Not covered except those administered by a Doctor in an\rInpatient or Outpatient setting covered under this Policy as an Eligible\rExpense.&quot;},&quot;rxNonFormulary&quot;:{&quot;amount&quot;:0,&quot;message&quot;:&quot;Not covered except those administered by a Doctor in an\rInpatient or Outpatient setting covered under this Policy as an Eligible\rExpense.&quot;},&quot;rxDeductible&quot;:{&quot;amount&quot;:0,&quot;message&quot;:&quot;N/A&quot;},&quot;labXray&quot;:{&quot;amount&quot;:0,&quot;message&quot;:&quot;&quot;},&quot;emergency&quot;:{&quot;amount&quot;:24,&quot;message&quot;:&quot;Emergency Room (This includes the emergency room physician charge, 24 hours surveillance and all miscellaneous medical charges) The benefit payable for each emergency room visit, including professional and facility services, will not exceed $250 per visit.&quot;},&quot;outpatient&quot;:{&quot;amount&quot;:1,&quot;message&quot;:&quot;Facility charges up to a max of $1,250 per day; $5,000 Surgeon and $1,000 Assistant Surgeon\\nlimitations apply&quot;},&quot;hospitalization&quot;:{&quot;amount&quot;:1,&quot;message&quot;:&quot;Average Standard Room Rate: $1,000 per day. Hospital ICU: $1,250 per day&quot;},&quot;anesthesia&quot;:{&quot;amount&quot;:1,&quot;message&quot;:&quot;$1,000 per surgery, for all Eligible Expenses combined, not to exceed $2,000 per Covered Person per Coverage Period.&quot;},&quot;preAndPostNatal&quot;:{&quot;amount&quot;:0,&quot;message&quot;:&quot;Not Covered&quot;},&quot;deliveryHospital&quot;:{&quot;amount&quot;:0,&quot;message&quot;:&quot;Not Covered&quot;},&quot;urgentCare&quot;:{&quot;amount&quot;:0,&quot;message&quot;:&quot;&quot;},&quot;familyMoopType&quot;:&quot;All Members&quot;,&quot;maxOOPLimits&quot;:0,&quot;familyDeductibleType&quot;:&quot;M&quot;,&quot;maxDeductibleLimits&quot;:0,&quot;deductibleTotalingType&quot;:&quot;A&quot;,&quot;additionalCoverages&quot;:[],&quot;carrierId&quot;:&quot;everest-one&quot;,&quot;planSubType&quot;:&quot;lite&quot;,&quot;planName&quot;:&quot;Everest 5000/20/9000/250000&quot;,&quot;wellBabyCare&quot;:false,&quot;periodicHealthExam&quot;:false,&quot;periodicObGyn&quot;:false,&quot;maternity&quot;:false,&quot;prescriptionDrug&quot;:false,&quot;moopIncludesDeductible&quot;:false,&quot;familyMoop&quot;:27000,&quot;familyMoopIncludesDeductible&quot;:false,&quot;primaryCarePhysicianRequired&quot;:false,&quot;referralsRequired&quot;:false,&quot;primaryCareServiceBenefit&quot;:false,&quot;primaryCareBenefitURL&quot;:&quot;&quot;,&quot;oonCoverage&quot;:false,&quot;internationalCoverage&quot;:&quot;&quot;,&quot;internationalCoverageDetail&quot;:&quot;&quot;,&quot;planType&quot;:&quot;&quot;,&quot;officeVisit&quot;:&quot;0&quot;,&quot;network&quot;:&quot;No Network (See Physician Directory Below)&quot;,&quot;waitingPeriodForIllnesses&quot;:5,&quot;__v&quot;:0,&quot;planId&quot;:&quot;everest-one-id-5000-20-9000-250000&quot;,&quot;providerInfo&quot;:{&quot;_id&quot;:&quot;58519ba1b539540400f9a511&quot;,&quot;updated&quot;:&quot;2017-07-06T05:36:32.609Z&quot;,&quot;uri&quot;:&quot;everest-7s6q2&quot;,&quot;lastUpdatedBy&quot;:&quot;Michael Bass&quot;,&quot;hpId&quot;:&quot;everest-one&quot;,&quot;displayName&quot;:&quot;Everest&quot;,&quot;logoFile&quot;:&quot;https://assets.healthpocket.com/qa/everest-b2e87338087415ea0cf4c96a506ca45b.png&quot;,&quot;url&quot;:&quot;&quot;,&quot;__v&quot;:0,&quot;created&quot;:&quot;2016-12-14T19:21:05.191Z&quot;,&quot;sourceNames&quot;:[&quot;everest&quot;],&quot;companyName&quot;:[{&quot;name&quot;:&quot;Everest Reinsurance Company&quot;,&quot;_id&quot;:&quot;595dcc60908b4800048314d3&quot;,&quot;state&quot;:&quot;ALL&quot;}],&quot;productLines&quot;:[&quot;ST&quot;],&quot;states&quot;:[]},&quot;breakdown&quot;:{&quot;applicant&quot;:24.72,&quot;spouse&quot;:0,&quot;children&quot;:0,&quot;tax&quot;:1,&quot;baseRate&quot;:24.72,&quot;monthlyCost&quot;:24.72,&quot;initialCost&quot;:24.72,&quot;totalRecurringFee&quot;:0},&quot;deductible&quot;:5000,&quot;externalPlanId&quot;:133,&quot;coinsuranceLimit&quot;:20000,&quot;companyName&quot;:&quot;Everest Reinsurance Company&quot;,&quot;lifetimeMax&quot;:250000,&quot;moop&quot;:9000,&quot;outOfPocketMax&quot;:9000,&quot;maxDurationMonths&quot;:6,&quot;extended&quot;:false,&quot;daily&quot;:false,&quot;extendedPlanId&quot;:&quot;everest-one-id-5000-20-9000-250000-extended&quot;,&quot;consecutiveDurationMonths&quot;:6,&quot;consecutiveOption&quot;:1,&quot;familyDeductible&quot;:15000,&quot;minEffectiveDate&quot;:&quot;2019-04-10T04:00:00.000Z&quot;,&quot;effectiveEnd&quot;:&quot;2019-10-09T04:00:00.000Z&quot;,&quot;maxEffectiveEnd&quot;:&quot;2019-10-09T04:00:00.000Z&quot;,&quot;coverageDurationPeriod&quot;:6,&quot;logoFile&quot;:&quot;https://assets.healthpocket.com/qa/everest-b2e87338087415ea0cf4c96a506ca45b.png&quot;,&quot;hasFees&quot;:false},&quot;productLine&quot;:&quot;Short Term&quot;,&quot;selectedConsecutive&quot;:false}" class="js-apply btn btn-primary btn-lg apply-btn" role="button" href="/term-health-insurance/apply/everest-one-id-5000-20-9000-250000">...</a> is not clickable at point (140, 22). Other element would receive the click: <a id="plan-info-docker-apply" class="btn btn-primary btn-med apply-btn" role="button" href="/term-health-insurance/apply/everest-one-id-5000-20-9000-250000">...</a>
  (Session info: chrome=73.0.3683.103)
  (Driver info: chromedriver=2.43.600229 (3fae4d0cda5334b4f533bede5a4787f7b832d052),platform=Mac OS X 10.14.4 x86_64) (WARNING: The server did not provide any stacktrace information)
Command duration or timeout: 0 milliseconds
Build info: version: '3.7.1', revision: '8a0099a', time: '2017-11-06T21:07:36.161Z'
System info: host: 'Deniss-MacBook-Pro.local', ip: 'fe80:0:0:0:10f1:a73f:e71a:955a%en0', os.name: 'Mac OS X', os.arch: 'x86_64', os.version: '10.14.4', java.version: '1.8.0_181'
Driver info: com.kms.katalon.selenium.driver.CChromeDriver
Capabilities {acceptInsecureCerts: false, acceptSslCerts: false, applicationCacheEnabled: false, browserConnectionEnabled: false, browserName: chrome, chrome: {chromedriverVersion: 2.43.600229 (3fae4d0cda5334..., userDataDir: /var/folders/95/4qsvf70n5s5...}, cssSelectorsEnabled: true, databaseEnabled: false, goog:chromeOptions: {debuggerAddress: localhost:51493}, handlesAlerts: true, hasTouchScreen: true, javascriptEnabled: true, locationContextEnabled: true, mobileEmulationEnabled: true, nativeEvents: true, networkConnectionEnabled: false, pageLoadStrategy: normal, platform: MAC, platformName: MAC, rotatable: false, setWindowRect: true, takesHeapSnapshot: true, takesScreenshot: true, unexpectedAlertBehaviour: , unhandledPromptBehavior: , version: 73.0.3683.103, webStorageEnabled: true}
Session ID: a452633a5bcba101740a3b73a550b7c9)
	at com.kms.katalon.core.keyword.internal.KeywordMain.stepFailed(KeywordMain.groovy:36)
	at com.kms.katalon.core.webui.keyword.internal.WebUIKeywordMain.stepFailed(WebUIKeywordMain.groovy:65)
	at com.kms.katalon.core.webui.keyword.internal.WebUIKeywordMain.runKeyword(WebUIKeywordMain.groovy:27)
	at com.kms.katalon.core.webui.keyword.builtin.ClickKeyword.click(ClickKeyword.groovy:86)
	at com.kms.katalon.core.webui.keyword.builtin.ClickKeyword.execute(ClickKeyword.groovy:67)
	at com.kms.katalon.core.keyword.internal.KeywordExecutor.executeKeywordForPlatform(KeywordExecutor.groovy:53)
	at com.kms.katalon.core.webui.keyword.WebUiBuiltInKeywords.click(WebUiBuiltInKeywords.groovy:616)
	at com.kms.katalon.core.webui.keyword.WebUiBuiltInKeywords$click$4.call(Unknown Source)
	at apply_stm.run(apply_stm:18)
	at com.kms.katalon.core.main.ScriptEngine.run(ScriptEngine.java:194)
	at com.kms.katalon.core.main.ScriptEngine.runScriptAsRawText(ScriptEngine.java:119)
	at com.kms.katalon.core.main.TestCaseExecutor.runScript(TestCaseExecutor.java:328)
	at com.kms.katalon.core.main.TestCaseExecutor.doExecute(TestCaseExecutor.java:319)
	at com.kms.katalon.core.main.TestCaseExecutor.processExecutionPhase(TestCaseExecutor.java:298)
	at com.kms.katalon.core.main.TestCaseExecutor.accessMainPhase(TestCaseExecutor.java:290)
	at com.kms.katalon.core.main.TestCaseExecutor.execute(TestCaseExecutor.java:224)
	at com.kms.katalon.core.main.TestCaseMain.runTestCase(TestCaseMain.java:106)
	at com.kms.katalon.core.keyword.builtin.CallTestCaseKeyword$_callTestCase_closure1.doCall(CallTestCaseKeyword.groovy:59)
	at com.kms.katalon.core.keyword.builtin.CallTestCaseKeyword$_callTestCase_closure1.call(CallTestCaseKeyword.groovy)
	at com.kms.katalon.core.keyword.internal.KeywordMain.runKeyword(KeywordMain.groovy:54)
	at com.kms.katalon.core.keyword.builtin.CallTestCaseKeyword.callTestCase(CallTestCaseKeyword.groovy:80)
	at com.kms.katalon.core.keyword.builtin.CallTestCaseKeyword.execute(CallTestCaseKeyword.groovy:44)
	at com.kms.katalon.core.keyword.internal.KeywordExecutor.executeKeywordForPlatform(KeywordExecutor.groovy:53)
	at com.kms.katalon.core.keyword.BuiltinKeywords.callTestCase(BuiltinKeywords.groovy:334)
	at Everest.run(Everest:32)
	at com.kms.katalon.core.main.ScriptEngine.run(ScriptEngine.java:194)
	at com.kms.katalon.core.main.ScriptEngine.runScriptAsRawText(ScriptEngine.java:119)
	at com.kms.katalon.core.main.TestCaseExecutor.runScript(TestCaseExecutor.java:328)
	at com.kms.katalon.core.main.TestCaseExecutor.doExecute(TestCaseExecutor.java:319)
	at com.kms.katalon.core.main.TestCaseExecutor.processExecutionPhase(TestCaseExecutor.java:298)
	at com.kms.katalon.core.main.TestCaseExecutor.accessMainPhase(TestCaseExecutor.java:290)
	at com.kms.katalon.core.main.TestCaseExecutor.execute(TestCaseExecutor.java:224)
	at com.kms.katalon.core.main.TestSuiteExecutor.accessTestCaseMainPhase(TestSuiteExecutor.java:129)
	at com.kms.katalon.core.main.TestSuiteExecutor.accessTestSuiteMainPhase(TestSuiteExecutor.java:112)
	at com.kms.katalon.core.main.TestSuiteExecutor.execute(TestSuiteExecutor.java:81)
	at com.kms.katalon.core.main.TestCaseMain.startTestSuite(TestCaseMain.java:149)
	at com.kms.katalon.core.main.TestCaseMain$startTestSuite$0.call(Unknown Source)
	at TempTestSuite1554806206518.run(TempTestSuite1554806206518.groovy:36)


2019-04-09 18:42:15 - [TEST_STEP][PASSED] - waitForElementVisible(findTestObject("mobileSanity/STM/STM PlanDetail Page/a_Apply for This Plan"), 5): Object 'Object Repository/mobileSanity/STM/STM PlanDetail Page/a_Apply for This Plan' is visible

2019-04-09 18:42:16 - [MESSAGE][PASSED] - Object 'Object Repository/mobileSanity/STM/STM PlanDetail Page/a_Apply for This Plan' is visible

2019-04-09 18:42:16 - [TEST_STEP][FAILED] - click(findTestObject("mobileSanity/STM/STM PlanDetail Page/a_Apply for This Plan")): click(findTestObject("mobileSanity/STM/STM PlanDetail Page/a_Apply for This Plan")) FAILED.
Reason:
com.kms.katalon.core.exception.StepFailedException: Unable to click on object 'Object Repository/mobileSanity/STM/STM PlanDetail Page/a_Apply for This Plan' (Root cause: org.openqa.selenium.WebDriverException: unknown error: Element <a id="plan-details-primary-apply" data-analytics="{&quot;census&quot;:{&quot;isCanonical&quot;:false,&quot;dentalIsCanonical&quot;:true,&quot;oneTimePaymentSelected&quot;:false,&quot;stIndeterminateContractLength&quot;:true,&quot;planYear&quot;:2015,&quot;member&quot;:[{&quot;role&quot;:&quot;P&quot;,&quot;age&quot;:32,&quot;smoker&quot;:false,&quot;gender&quot;:&quot;M&quot;,&quot;dob&quot;:&quot;1987-03-03&quot;,&quot;eligible&quot;:true}],&quot;dentalEffective&quot;:&quot;2019-05-01T04:00:00.000Z&quot;,&quot;effective&quot;:&quot;2019-04-10T04:00:00.000Z&quot;,&quot;maxEffectiveEnd&quot;:null,&quot;location&quot;:{&quot;zip&quot;:&quot;83709&quot;,&quot;state&quot;:&quot;ID&quot;,&quot;county&quot;:&quot;Ada&quot;,&quot;fullCodeList&quot;:[&quot;13000&quot;],&quot;_id&quot;:{&quot;_bsontype&quot;:&quot;ObjectID&quot;,&quot;id&quot;:{&quot;type&quot;:&quot;Buffer&quot;,&quot;data&quot;:[92,165,153,148,159,6,36,96,177,59,92,151]}},&quot;fips&quot;:&quot;16001&quot;,&quot;code&quot;:&quot;13000&quot;,&quot;maRegionCode&quot;:&quot;23&quot;,&quot;pdpRegionCode&quot;:&quot;31&quot;,&quot;ifpRegionCode&quot;:&quot;3&quot;,&quot;defaultedCounty&quot;:false,&quot;city&quot;:&quot;Boise&quot;,&quot;stateName&quot;:&quot;Idaho&quot;},&quot;effectiveEnd&quot;:&quot;2019-10-07T04:00:00.000Z&quot;},&quot;plan&quot;:{&quot;_id&quot;:&quot;5cab6f6c99d438d3246265b7&quot;,&quot;coinsurance&quot;:20,&quot;primaryDoctorVisit&quot;:{&quot;amount&quot;:30,&quot;message&quot;:&quot;$30 Copay per visit or consultation per Covered Not to exceed a maximum of 3 Doctor's Office or Urgent Care Center Visits Copays per Covered Person. Coinsurance is %d%% of Eligible Expenses and benefits are not subject to the Plan Deductible. Doctor's office or urgent care visits or doctor consultations in excess of the maximum number of Doctor's Office or Urgent Care Center Visits' Copays will be subject to the Plan Deductible and Coinsurance.&quot;},&quot;specialist&quot;:{&quot;amount&quot;:30,&quot;message&quot;:&quot;$30 Copayment per visit per Covered Person not to exceed a maximum of 3 Copayments per Covered Person. Eligible Expenses and benefits are not subject to the Plan Deductible or Coinsurance.  Office Visits in excess of the maximum number of Copayments will be subject to the Plan Deductible and Coinsurance.&quot;},&quot;periodicExam&quot;:{&quot;amount&quot;:20,&quot;message&quot;:&quot;$50 Copayment for one annual Routine Physical Exam. Coinsurance is %d%% and benefits are not subject to the Plan Deductible.&quot;},&quot;obGynExam&quot;:{&quot;amount&quot;:0,&quot;message&quot;:&quot;Not Covered&quot;},&quot;wellBaby&quot;:{&quot;amount&quot;:0,&quot;message&quot;:&quot;Not Covered&quot;},&quot;chiropractic&quot;:{&quot;amount&quot;:0,&quot;message&quot;:&quot;Not Covered&quot;},&quot;mentalHealth&quot;:{&quot;amount&quot;:100,&quot;message&quot;:&quot;Inpatient: $100 per day, 31 day maximum per Covered Person per Coverage Period. Outpatient: $50 per visit, 10 visits per Covered Person per Coverage Period&quot;},&quot;rxGeneric&quot;:{&quot;amount&quot;:0,&quot;message&quot;:&quot;Not covered except those administered by a Doctor in an\rInpatient or Outpatient setting covered under this Policy as an Eligible\rExpense.&quot;},&quot;rxBrand&quot;:{&quot;amount&quot;:0,&quot;message&quot;:&quot;Not covered except those administered by a Doctor in an\rInpatient or Outpatient setting covered under this Policy as an Eligible\rExpense.&quot;},&quot;rxNonFormulary&quot;:{&quot;amount&quot;:0,&quot;message&quot;:&quot;Not covered except those administered by a Doctor in an\rInpatient or Outpatient setting covered under this Policy as an Eligible\rExpense.&quot;},&quot;rxDeductible&quot;:{&quot;amount&quot;:0,&quot;message&quot;:&quot;N/A&quot;},&quot;labXray&quot;:{&quot;amount&quot;:0,&quot;message&quot;:&quot;&quot;},&quot;emergency&quot;:{&quot;amount&quot;:24,&quot;message&quot;:&quot;Emergency Room (This includes the emergency room physician charge, 24 hours surveillance and all miscellaneous medical charges) The benefit payable for each emergency room visit, including professional and facility services, will not exceed $250 per visit.&quot;},&quot;outpatient&quot;:{&quot;amount&quot;:1,&quot;message&quot;:&quot;Facility charges up to a max of $1,250 per day; $5,000 Surgeon and $1,000 Assistant Surgeon\\nlimitations apply&quot;},&quot;hospitalization&quot;:{&quot;amount&quot;:1,&quot;message&quot;:&quot;Average Standard Room Rate: $1,000 per day. Hospital ICU: $1,250 per day&quot;},&quot;anesthesia&quot;:{&quot;amount&quot;:1,&quot;message&quot;:&quot;$1,000 per surgery, for all Eligible Expenses combined, not to exceed $2,000 per Covered Person per Coverage Period.&quot;},&quot;preAndPostNatal&quot;:{&quot;amount&quot;:0,&quot;message&quot;:&quot;Not Covered&quot;},&quot;deliveryHospital&quot;:{&quot;amount&quot;:0,&quot;message&quot;:&quot;Not Covered&quot;},&quot;urgentCare&quot;:{&quot;amount&quot;:0,&quot;message&quot;:&quot;&quot;},&quot;familyMoopType&quot;:&quot;All Members&quot;,&quot;maxOOPLimits&quot;:0,&quot;familyDeductibleType&quot;:&quot;M&quot;,&quot;maxDeductibleLimits&quot;:0,&quot;deductibleTotalingType&quot;:&quot;A&quot;,&quot;additionalCoverages&quot;:[],&quot;carrierId&quot;:&quot;everest-one&quot;,&quot;planSubType&quot;:&quot;lite&quot;,&quot;planName&quot;:&quot;Everest 5000/20/9000/250000&quot;,&quot;wellBabyCare&quot;:false,&quot;periodicHealthExam&quot;:false,&quot;periodicObGyn&quot;:false,&quot;maternity&quot;:false,&quot;prescriptionDrug&quot;:false,&quot;moopIncludesDeductible&quot;:false,&quot;familyMoop&quot;:27000,&quot;familyMoopIncludesDeductible&quot;:false,&quot;primaryCarePhysicianRequired&quot;:false,&quot;referralsRequired&quot;:false,&quot;primaryCareServiceBenefit&quot;:false,&quot;primaryCareBenefitURL&quot;:&quot;&quot;,&quot;oonCoverage&quot;:false,&quot;internationalCoverage&quot;:&quot;&quot;,&quot;internationalCoverageDetail&quot;:&quot;&quot;,&quot;planType&quot;:&quot;&quot;,&quot;officeVisit&quot;:&quot;0&quot;,&quot;network&quot;:&quot;No Network (See Physician Directory Below)&quot;,&quot;waitingPeriodForIllnesses&quot;:5,&quot;__v&quot;:0,&quot;planId&quot;:&quot;everest-one-id-5000-20-9000-250000&quot;,&quot;providerInfo&quot;:{&quot;_id&quot;:&quot;58519ba1b539540400f9a511&quot;,&quot;updated&quot;:&quot;2017-07-06T05:36:32.609Z&quot;,&quot;uri&quot;:&quot;everest-7s6q2&quot;,&quot;lastUpdatedBy&quot;:&quot;Michael Bass&quot;,&quot;hpId&quot;:&quot;everest-one&quot;,&quot;displayName&quot;:&quot;Everest&quot;,&quot;logoFile&quot;:&quot;https://assets.healthpocket.com/qa/everest-b2e87338087415ea0cf4c96a506ca45b.png&quot;,&quot;url&quot;:&quot;&quot;,&quot;__v&quot;:0,&quot;created&quot;:&quot;2016-12-14T19:21:05.191Z&quot;,&quot;sourceNames&quot;:[&quot;everest&quot;],&quot;companyName&quot;:[{&quot;name&quot;:&quot;Everest Reinsurance Company&quot;,&quot;_id&quot;:&quot;595dcc60908b4800048314d3&quot;,&quot;state&quot;:&quot;ALL&quot;}],&quot;productLines&quot;:[&quot;ST&quot;],&quot;states&quot;:[]},&quot;breakdown&quot;:{&quot;applicant&quot;:24.72,&quot;spouse&quot;:0,&quot;children&quot;:0,&quot;tax&quot;:1,&quot;baseRate&quot;:24.72,&quot;monthlyCost&quot;:24.72,&quot;initialCost&quot;:24.72,&quot;totalRecurringFee&quot;:0},&quot;deductible&quot;:5000,&quot;externalPlanId&quot;:133,&quot;coinsuranceLimit&quot;:20000,&quot;companyName&quot;:&quot;Everest Reinsurance Company&quot;,&quot;lifetimeMax&quot;:250000,&quot;moop&quot;:9000,&quot;outOfPocketMax&quot;:9000,&quot;maxDurationMonths&quot;:6,&quot;extended&quot;:false,&quot;daily&quot;:false,&quot;extendedPlanId&quot;:&quot;everest-one-id-5000-20-9000-250000-extended&quot;,&quot;consecutiveDurationMonths&quot;:6,&quot;consecutiveOption&quot;:1,&quot;familyDeductible&quot;:15000,&quot;minEffectiveDate&quot;:&quot;2019-04-10T04:00:00.000Z&quot;,&quot;effectiveEnd&quot;:&quot;2019-10-09T04:00:00.000Z&quot;,&quot;maxEffectiveEnd&quot;:&quot;2019-10-09T04:00:00.000Z&quot;,&quot;coverageDurationPeriod&quot;:6,&quot;logoFile&quot;:&quot;https://assets.healthpocket.com/qa/everest-b2e87338087415ea0cf4c96a506ca45b.png&quot;,&quot;hasFees&quot;:false},&quot;productLine&quot;:&quot;Short Term&quot;,&quot;selectedConsecutive&quot;:false}" class="js-apply btn btn-primary btn-lg apply-btn" role="button" href="/term-health-insurance/apply/everest-one-id-5000-20-9000-250000">...</a> is not clickable at point (140, 22). Other element would receive the click: <a id="plan-info-docker-apply" class="btn btn-primary btn-med apply-btn" role="button" href="/term-health-insurance/apply/everest-one-id-5000-20-9000-250000">...</a>
  (Session info: chrome=73.0.3683.103)
  (Driver info: chromedriver=2.43.600229 (3fae4d0cda5334b4f533bede5a4787f7b832d052),platform=Mac OS X 10.14.4 x86_64) (WARNING: The server did not provide any stacktrace information)
Command duration or timeout: 0 milliseconds
Build info: version: '3.7.1', revision: '8a0099a', time: '2017-11-06T21:07:36.161Z'
System info: host: 'Deniss-MacBook-Pro.local', ip: 'fe80:0:0:0:10f1:a73f:e71a:955a%en0', os.name: 'Mac OS X', os.arch: 'x86_64', os.version: '10.14.4', java.version: '1.8.0_181'
Driver info: com.kms.katalon.selenium.driver.CChromeDriver
Capabilities {acceptInsecureCerts: false, acceptSslCerts: false, applicationCacheEnabled: false, browserConnectionEnabled: false, browserName: chrome, chrome: {chromedriverVersion: 2.43.600229 (3fae4d0cda5334..., userDataDir: /var/folders/95/4qsvf70n5s5...}, cssSelectorsEnabled: true, databaseEnabled: false, goog:chromeOptions: {debuggerAddress: localhost:51493}, handlesAlerts: true, hasTouchScreen: true, javascriptEnabled: true, locationContextEnabled: true, mobileEmulationEnabled: true, nativeEvents: true, networkConnectionEnabled: false, pageLoadStrategy: normal, platform: MAC, platformName: MAC, rotatable: false, setWindowRect: true, takesHeapSnapshot: true, takesScreenshot: true, unexpectedAlertBehaviour: , unhandledPromptBehavior: , version: 73.0.3683.103, webStorageEnabled: true}
Session ID: a452633a5bcba101740a3b73a550b7c9)
	at com.kms.katalon.core.keyword.internal.KeywordMain.stepFailed(KeywordMain.groovy:36)
	at com.kms.katalon.core.webui.keyword.internal.WebUIKeywordMain.stepFailed(WebUIKeywordMain.groovy:65)
	at com.kms.katalon.core.webui.keyword.internal.WebUIKeywordMain.runKeyword(WebUIKeywordMain.groovy:27)
	at com.kms.katalon.core.webui.keyword.builtin.ClickKeyword.click(ClickKeyword.groovy:86)
	at com.kms.katalon.core.webui.keyword.builtin.ClickKeyword.execute(ClickKeyword.groovy:67)
	at com.kms.katalon.core.keyword.internal.KeywordExecutor.executeKeywordForPlatform(KeywordExecutor.groovy:53)
	at com.kms.katalon.core.webui.keyword.WebUiBuiltInKeywords.click(WebUiBuiltInKeywords.groovy:616)
	at com.kms.katalon.core.webui.keyword.WebUiBuiltInKeywords$click$4.call(Unknown Source)
	at apply_stm.run(apply_stm:18)
	at com.kms.katalon.core.main.ScriptEngine.run(ScriptEngine.java:194)
	at com.kms.katalon.core.main.ScriptEngine.runScriptAsRawText(ScriptEngine.java:119)
	at com.kms.katalon.core.main.TestCaseExecutor.runScript(TestCaseExecutor.java:328)
	at com.kms.katalon.core.main.TestCaseExecutor.doExecute(TestCaseExecutor.java:319)
	at com.kms.katalon.core.main.TestCaseExecutor.processExecutionPhase(TestCaseExecutor.java:298)
	at com.kms.katalon.core.main.TestCaseExecutor.accessMainPhase(TestCaseExecutor.java:290)
	at com.kms.katalon.core.main.TestCaseExecutor.execute(TestCaseExecutor.java:224)
	at com.kms.katalon.core.main.TestCaseMain.runTestCase(TestCaseMain.java:106)
	at com.kms.katalon.core.keyword.builtin.CallTestCaseKeyword$_callTestCase_closure1.doCall(CallTestCaseKeyword.groovy:59)
	at com.kms.katalon.core.keyword.builtin.CallTestCaseKeyword$_callTestCase_closure1.call(CallTestCaseKeyword.groovy)
	at com.kms.katalon.core.keyword.internal.KeywordMain.runKeyword(KeywordMain.groovy:54)
	at com.kms.katalon.core.keyword.builtin.CallTestCaseKeyword.callTestCase(CallTestCaseKeyword.groovy:80)
	at com.kms.katalon.core.keyword.builtin.CallTestCaseKeyword.execute(CallTestCaseKeyword.groovy:44)
	at com.kms.katalon.core.keyword.internal.KeywordExecutor.executeKeywordForPlatform(KeywordExecutor.groovy:53)
	at com.kms.katalon.core.keyword.BuiltinKeywords.callTestCase(BuiltinKeywords.groovy:334)
	at Everest.run(Everest:32)
	at com.kms.katalon.core.main.ScriptEngine.run(ScriptEngine.java:194)
	at com.kms.katalon.core.main.ScriptEngine.runScriptAsRawText(ScriptEngine.java:119)
	at com.kms.katalon.core.main.TestCaseExecutor.runScript(TestCaseExecutor.java:328)
	at com.kms.katalon.core.main.TestCaseExecutor.doExecute(TestCaseExecutor.java:319)
	at com.kms.katalon.core.main.TestCaseExecutor.processExecutionPhase(TestCaseExecutor.java:298)
	at com.kms.katalon.core.main.TestCaseExecutor.accessMainPhase(TestCaseExecutor.java:290)
	at com.kms.katalon.core.main.TestCaseExecutor.execute(TestCaseExecutor.java:224)
	at com.kms.katalon.core.main.TestSuiteExecutor.accessTestCaseMainPhase(TestSuiteExecutor.java:129)
	at com.kms.katalon.core.main.TestSuiteExecutor.accessTestSuiteMainPhase(TestSuiteExecutor.java:112)
	at com.kms.katalon.core.main.TestSuiteExecutor.execute(TestSuiteExecutor.java:81)
	at com.kms.katalon.core.main.TestCaseMain.startTestSuite(TestCaseMain.java:149)
	at com.kms.katalon.core.main.TestCaseMain$startTestSuite$0.call(Unknown Source)
	at TempTestSuite1554806206518.run(TempTestSuite1554806206518.groovy:36)


2019-04-09 18:42:16 - [MESSAGE][FAILED] - Unable to click on object 'Object Repository/mobileSanity/STM/STM PlanDetail Page/a_Apply for This Plan' (Root cause: org.openqa.selenium.WebDriverException: unknown error: Element <a id="plan-details-primary-apply" data-analytics="{&quot;census&quot;:{&quot;isCanonical&quot;:false,&quot;dentalIsCanonical&quot;:true,&quot;oneTimePaymentSelected&quot;:false,&quot;stIndeterminateContractLength&quot;:true,&quot;planYear&quot;:2015,&quot;member&quot;:[{&quot;role&quot;:&quot;P&quot;,&quot;age&quot;:32,&quot;smoker&quot;:false,&quot;gender&quot;:&quot;M&quot;,&quot;dob&quot;:&quot;1987-03-03&quot;,&quot;eligible&quot;:true}],&quot;dentalEffective&quot;:&quot;2019-05-01T04:00:00.000Z&quot;,&quot;effective&quot;:&quot;2019-04-10T04:00:00.000Z&quot;,&quot;maxEffectiveEnd&quot;:null,&quot;location&quot;:{&quot;zip&quot;:&quot;83709&quot;,&quot;state&quot;:&quot;ID&quot;,&quot;county&quot;:&quot;Ada&quot;,&quot;fullCodeList&quot;:[&quot;13000&quot;],&quot;_id&quot;:{&quot;_bsontype&quot;:&quot;ObjectID&quot;,&quot;id&quot;:{&quot;type&quot;:&quot;Buffer&quot;,&quot;data&quot;:[92,165,153,148,159,6,36,96,177,59,92,151]}},&quot;fips&quot;:&quot;16001&quot;,&quot;code&quot;:&quot;13000&quot;,&quot;maRegionCode&quot;:&quot;23&quot;,&quot;pdpRegionCode&quot;:&quot;31&quot;,&quot;ifpRegionCode&quot;:&quot;3&quot;,&quot;defaultedCounty&quot;:false,&quot;city&quot;:&quot;Boise&quot;,&quot;stateName&quot;:&quot;Idaho&quot;},&quot;effectiveEnd&quot;:&quot;2019-10-07T04:00:00.000Z&quot;},&quot;plan&quot;:{&quot;_id&quot;:&quot;5cab6f6c99d438d3246265b7&quot;,&quot;coinsurance&quot;:20,&quot;primaryDoctorVisit&quot;:{&quot;amount&quot;:30,&quot;message&quot;:&quot;$30 Copay per visit or consultation per Covered Not to exceed a maximum of 3 Doctor's Office or Urgent Care Center Visits Copays per Covered Person. Coinsurance is %d%% of Eligible Expenses and benefits are not subject to the Plan Deductible. Doctor's office or urgent care visits or doctor consultations in excess of the maximum number of Doctor's Office or Urgent Care Center Visits' Copays will be subject to the Plan Deductible and Coinsurance.&quot;},&quot;specialist&quot;:{&quot;amount&quot;:30,&quot;message&quot;:&quot;$30 Copayment per visit per Covered Person not to exceed a maximum of 3 Copayments per Covered Person. Eligible Expenses and benefits are not subject to the Plan Deductible or Coinsurance.  Office Visits in excess of the maximum number of Copayments will be subject to the Plan Deductible and Coinsurance.&quot;},&quot;periodicExam&quot;:{&quot;amount&quot;:20,&quot;message&quot;:&quot;$50 Copayment for one annual Routine Physical Exam. Coinsurance is %d%% and benefits are not subject to the Plan Deductible.&quot;},&quot;obGynExam&quot;:{&quot;amount&quot;:0,&quot;message&quot;:&quot;Not Covered&quot;},&quot;wellBaby&quot;:{&quot;amount&quot;:0,&quot;message&quot;:&quot;Not Covered&quot;},&quot;chiropractic&quot;:{&quot;amount&quot;:0,&quot;message&quot;:&quot;Not Covered&quot;},&quot;mentalHealth&quot;:{&quot;amount&quot;:100,&quot;message&quot;:&quot;Inpatient: $100 per day, 31 day maximum per Covered Person per Coverage Period. Outpatient: $50 per visit, 10 visits per Covered Person per Coverage Period&quot;},&quot;rxGeneric&quot;:{&quot;amount&quot;:0,&quot;message&quot;:&quot;Not covered except those administered by a Doctor in an\rInpatient or Outpatient setting covered under this Policy as an Eligible\rExpense.&quot;},&quot;rxBrand&quot;:{&quot;amount&quot;:0,&quot;message&quot;:&quot;Not covered except those administered by a Doctor in an\rInpatient or Outpatient setting covered under this Policy as an Eligible\rExpense.&quot;},&quot;rxNonFormulary&quot;:{&quot;amount&quot;:0,&quot;message&quot;:&quot;Not covered except those administered by a Doctor in an\rInpatient or Outpatient setting covered under this Policy as an Eligible\rExpense.&quot;},&quot;rxDeductible&quot;:{&quot;amount&quot;:0,&quot;message&quot;:&quot;N/A&quot;},&quot;labXray&quot;:{&quot;amount&quot;:0,&quot;message&quot;:&quot;&quot;},&quot;emergency&quot;:{&quot;amount&quot;:24,&quot;message&quot;:&quot;Emergency Room (This includes the emergency room physician charge, 24 hours surveillance and all miscellaneous medical charges) The benefit payable for each emergency room visit, including professional and facility services, will not exceed $250 per visit.&quot;},&quot;outpatient&quot;:{&quot;amount&quot;:1,&quot;message&quot;:&quot;Facility charges up to a max of $1,250 per day; $5,000 Surgeon and $1,000 Assistant Surgeon\\nlimitations apply&quot;},&quot;hospitalization&quot;:{&quot;amount&quot;:1,&quot;message&quot;:&quot;Average Standard Room Rate: $1,000 per day. Hospital ICU: $1,250 per day&quot;},&quot;anesthesia&quot;:{&quot;amount&quot;:1,&quot;message&quot;:&quot;$1,000 per surgery, for all Eligible Expenses combined, not to exceed $2,000 per Covered Person per Coverage Period.&quot;},&quot;preAndPostNatal&quot;:{&quot;amount&quot;:0,&quot;message&quot;:&quot;Not Covered&quot;},&quot;deliveryHospital&quot;:{&quot;amount&quot;:0,&quot;message&quot;:&quot;Not Covered&quot;},&quot;urgentCare&quot;:{&quot;amount&quot;:0,&quot;message&quot;:&quot;&quot;},&quot;familyMoopType&quot;:&quot;All Members&quot;,&quot;maxOOPLimits&quot;:0,&quot;familyDeductibleType&quot;:&quot;M&quot;,&quot;maxDeductibleLimits&quot;:0,&quot;deductibleTotalingType&quot;:&quot;A&quot;,&quot;additionalCoverages&quot;:[],&quot;carrierId&quot;:&quot;everest-one&quot;,&quot;planSubType&quot;:&quot;lite&quot;,&quot;planName&quot;:&quot;Everest 5000/20/9000/250000&quot;,&quot;wellBabyCare&quot;:false,&quot;periodicHealthExam&quot;:false,&quot;periodicObGyn&quot;:false,&quot;maternity&quot;:false,&quot;prescriptionDrug&quot;:false,&quot;moopIncludesDeductible&quot;:false,&quot;familyMoop&quot;:27000,&quot;familyMoopIncludesDeductible&quot;:false,&quot;primaryCarePhysicianRequired&quot;:false,&quot;referralsRequired&quot;:false,&quot;primaryCareServiceBenefit&quot;:false,&quot;primaryCareBenefitURL&quot;:&quot;&quot;,&quot;oonCoverage&quot;:false,&quot;internationalCoverage&quot;:&quot;&quot;,&quot;internationalCoverageDetail&quot;:&quot;&quot;,&quot;planType&quot;:&quot;&quot;,&quot;officeVisit&quot;:&quot;0&quot;,&quot;network&quot;:&quot;No Network (See Physician Directory Below)&quot;,&quot;waitingPeriodForIllnesses&quot;:5,&quot;__v&quot;:0,&quot;planId&quot;:&quot;everest-one-id-5000-20-9000-250000&quot;,&quot;providerInfo&quot;:{&quot;_id&quot;:&quot;58519ba1b539540400f9a511&quot;,&quot;updated&quot;:&quot;2017-07-06T05:36:32.609Z&quot;,&quot;uri&quot;:&quot;everest-7s6q2&quot;,&quot;lastUpdatedBy&quot;:&quot;Michael Bass&quot;,&quot;hpId&quot;:&quot;everest-one&quot;,&quot;displayName&quot;:&quot;Everest&quot;,&quot;logoFile&quot;:&quot;https://assets.healthpocket.com/qa/everest-b2e87338087415ea0cf4c96a506ca45b.png&quot;,&quot;url&quot;:&quot;&quot;,&quot;__v&quot;:0,&quot;created&quot;:&quot;2016-12-14T19:21:05.191Z&quot;,&quot;sourceNames&quot;:[&quot;everest&quot;],&quot;companyName&quot;:[{&quot;name&quot;:&quot;Everest Reinsurance Company&quot;,&quot;_id&quot;:&quot;595dcc60908b4800048314d3&quot;,&quot;state&quot;:&quot;ALL&quot;}],&quot;productLines&quot;:[&quot;ST&quot;],&quot;states&quot;:[]},&quot;breakdown&quot;:{&quot;applicant&quot;:24.72,&quot;spouse&quot;:0,&quot;children&quot;:0,&quot;tax&quot;:1,&quot;baseRate&quot;:24.72,&quot;monthlyCost&quot;:24.72,&quot;initialCost&quot;:24.72,&quot;totalRecurringFee&quot;:0},&quot;deductible&quot;:5000,&quot;externalPlanId&quot;:133,&quot;coinsuranceLimit&quot;:20000,&quot;companyName&quot;:&quot;Everest Reinsurance Company&quot;,&quot;lifetimeMax&quot;:250000,&quot;moop&quot;:9000,&quot;outOfPocketMax&quot;:9000,&quot;maxDurationMonths&quot;:6,&quot;extended&quot;:false,&quot;daily&quot;:false,&quot;extendedPlanId&quot;:&quot;everest-one-id-5000-20-9000-250000-extended&quot;,&quot;consecutiveDurationMonths&quot;:6,&quot;consecutiveOption&quot;:1,&quot;familyDeductible&quot;:15000,&quot;minEffectiveDate&quot;:&quot;2019-04-10T04:00:00.000Z&quot;,&quot;effectiveEnd&quot;:&quot;2019-10-09T04:00:00.000Z&quot;,&quot;maxEffectiveEnd&quot;:&quot;2019-10-09T04:00:00.000Z&quot;,&quot;coverageDurationPeriod&quot;:6,&quot;logoFile&quot;:&quot;https://assets.healthpocket.com/qa/everest-b2e87338087415ea0cf4c96a506ca45b.png&quot;,&quot;hasFees&quot;:false},&quot;productLine&quot;:&quot;Short Term&quot;,&quot;selectedConsecutive&quot;:false}" class="js-apply btn btn-primary btn-lg apply-btn" role="button" href="/term-health-insurance/apply/everest-one-id-5000-20-9000-250000">...</a> is not clickable at point (140, 22). Other element would receive the click: <a id="plan-info-docker-apply" class="btn btn-primary btn-med apply-btn" role="button" href="/term-health-insurance/apply/everest-one-id-5000-20-9000-250000">...</a>
  (Session info: chrome=73.0.3683.103)
  (Driver info: chromedriver=2.43.600229 (3fae4d0cda5334b4f533bede5a4787f7b832d052),platform=Mac OS X 10.14.4 x86_64) (WARNING: The server did not provide any stacktrace information)
Command duration or timeout: 0 milliseconds
Build info: version: '3.7.1', revision: '8a0099a', time: '2017-11-06T21:07:36.161Z'
System info: host: 'Deniss-MacBook-Pro.local', ip: 'fe80:0:0:0:10f1:a73f:e71a:955a%en0', os.name: 'Mac OS X', os.arch: 'x86_64', os.version: '10.14.4', java.version: '1.8.0_181'
Driver info: com.kms.katalon.selenium.driver.CChromeDriver
Capabilities {acceptInsecureCerts: false, acceptSslCerts: false, applicationCacheEnabled: false, browserConnectionEnabled: false, browserName: chrome, chrome: {chromedriverVersion: 2.43.600229 (3fae4d0cda5334..., userDataDir: /var/folders/95/4qsvf70n5s5...}, cssSelectorsEnabled: true, databaseEnabled: false, goog:chromeOptions: {debuggerAddress: localhost:51493}, handlesAlerts: true, hasTouchScreen: true, javascriptEnabled: true, locationContextEnabled: true, mobileEmulationEnabled: true, nativeEvents: true, networkConnectionEnabled: false, pageLoadStrategy: normal, platform: MAC, platformName: MAC, rotatable: false, setWindowRect: true, takesHeapSnapshot: true, takesScreenshot: true, unexpectedAlertBehaviour: , unhandledPromptBehavior: , version: 73.0.3683.103, webStorageEnabled: true}
Session ID: a452633a5bcba101740a3b73a550b7c9)
[[ATTACHMENT|/Users/denisyu/workplace/test/AgileTest/Reports/mobileWeb/stm/20190409_183636/1554806536093.png]]

2019-04-09 18:42:16 - [MESSAGE][FAILED] - click(findTestObject("mobileSanity/STM/STM PlanDetail Page/a_Apply for This Plan")) FAILED.
Reason:
com.kms.katalon.core.exception.StepFailedException: Unable to click on object 'Object Repository/mobileSanity/STM/STM PlanDetail Page/a_Apply for This Plan' (Root cause: org.openqa.selenium.WebDriverException: unknown error: Element <a id="plan-details-primary-apply" data-analytics="{&quot;census&quot;:{&quot;isCanonical&quot;:false,&quot;dentalIsCanonical&quot;:true,&quot;oneTimePaymentSelected&quot;:false,&quot;stIndeterminateContractLength&quot;:true,&quot;planYear&quot;:2015,&quot;member&quot;:[{&quot;role&quot;:&quot;P&quot;,&quot;age&quot;:32,&quot;smoker&quot;:false,&quot;gender&quot;:&quot;M&quot;,&quot;dob&quot;:&quot;1987-03-03&quot;,&quot;eligible&quot;:true}],&quot;dentalEffective&quot;:&quot;2019-05-01T04:00:00.000Z&quot;,&quot;effective&quot;:&quot;2019-04-10T04:00:00.000Z&quot;,&quot;maxEffectiveEnd&quot;:null,&quot;location&quot;:{&quot;zip&quot;:&quot;83709&quot;,&quot;state&quot;:&quot;ID&quot;,&quot;county&quot;:&quot;Ada&quot;,&quot;fullCodeList&quot;:[&quot;13000&quot;],&quot;_id&quot;:{&quot;_bsontype&quot;:&quot;ObjectID&quot;,&quot;id&quot;:{&quot;type&quot;:&quot;Buffer&quot;,&quot;data&quot;:[92,165,153,148,159,6,36,96,177,59,92,151]}},&quot;fips&quot;:&quot;16001&quot;,&quot;code&quot;:&quot;13000&quot;,&quot;maRegionCode&quot;:&quot;23&quot;,&quot;pdpRegionCode&quot;:&quot;31&quot;,&quot;ifpRegionCode&quot;:&quot;3&quot;,&quot;defaultedCounty&quot;:false,&quot;city&quot;:&quot;Boise&quot;,&quot;stateName&quot;:&quot;Idaho&quot;},&quot;effectiveEnd&quot;:&quot;2019-10-07T04:00:00.000Z&quot;},&quot;plan&quot;:{&quot;_id&quot;:&quot;5cab6f6c99d438d3246265b7&quot;,&quot;coinsurance&quot;:20,&quot;primaryDoctorVisit&quot;:{&quot;amount&quot;:30,&quot;message&quot;:&quot;$30 Copay per visit or consultation per Covered Not to exceed a maximum of 3 Doctor's Office or Urgent Care Center Visits Copays per Covered Person. Coinsurance is %d%% of Eligible Expenses and benefits are not subject to the Plan Deductible. Doctor's office or urgent care visits or doctor consultations in excess of the maximum number of Doctor's Office or Urgent Care Center Visits' Copays will be subject to the Plan Deductible and Coinsurance.&quot;},&quot;specialist&quot;:{&quot;amount&quot;:30,&quot;message&quot;:&quot;$30 Copayment per visit per Covered Person not to exceed a maximum of 3 Copayments per Covered Person. Eligible Expenses and benefits are not subject to the Plan Deductible or Coinsurance.  Office Visits in excess of the maximum number of Copayments will be subject to the Plan Deductible and Coinsurance.&quot;},&quot;periodicExam&quot;:{&quot;amount&quot;:20,&quot;message&quot;:&quot;$50 Copayment for one annual Routine Physical Exam. Coinsurance is %d%% and benefits are not subject to the Plan Deductible.&quot;},&quot;obGynExam&quot;:{&quot;amount&quot;:0,&quot;message&quot;:&quot;Not Covered&quot;},&quot;wellBaby&quot;:{&quot;amount&quot;:0,&quot;message&quot;:&quot;Not Covered&quot;},&quot;chiropractic&quot;:{&quot;amount&quot;:0,&quot;message&quot;:&quot;Not Covered&quot;},&quot;mentalHealth&quot;:{&quot;amount&quot;:100,&quot;message&quot;:&quot;Inpatient: $100 per day, 31 day maximum per Covered Person per Coverage Period. Outpatient: $50 per visit, 10 visits per Covered Person per Coverage Period&quot;},&quot;rxGeneric&quot;:{&quot;amount&quot;:0,&quot;message&quot;:&quot;Not covered except those administered by a Doctor in an\rInpatient or Outpatient setting covered under this Policy as an Eligible\rExpense.&quot;},&quot;rxBrand&quot;:{&quot;amount&quot;:0,&quot;message&quot;:&quot;Not covered except those administered by a Doctor in an\rInpatient or Outpatient setting covered under this Policy as an Eligible\rExpense.&quot;},&quot;rxNonFormulary&quot;:{&quot;amount&quot;:0,&quot;message&quot;:&quot;Not covered except those administered by a Doctor in an\rInpatient or Outpatient setting covered under this Policy as an Eligible\rExpense.&quot;},&quot;rxDeductible&quot;:{&quot;amount&quot;:0,&quot;message&quot;:&quot;N/A&quot;},&quot;labXray&quot;:{&quot;amount&quot;:0,&quot;message&quot;:&quot;&quot;},&quot;emergency&quot;:{&quot;amount&quot;:24,&quot;message&quot;:&quot;Emergency Room (This includes the emergency room physician charge, 24 hours surveillance and all miscellaneous medical charges) The benefit payable for each emergency room visit, including professional and facility services, will not exceed $250 per visit.&quot;},&quot;outpatient&quot;:{&quot;amount&quot;:1,&quot;message&quot;:&quot;Facility charges up to a max of $1,250 per day; $5,000 Surgeon and $1,000 Assistant Surgeon\\nlimitations apply&quot;},&quot;hospitalization&quot;:{&quot;amount&quot;:1,&quot;message&quot;:&quot;Average Standard Room Rate: $1,000 per day. Hospital ICU: $1,250 per day&quot;},&quot;anesthesia&quot;:{&quot;amount&quot;:1,&quot;message&quot;:&quot;$1,000 per surgery, for all Eligible Expenses combined, not to exceed $2,000 per Covered Person per Coverage Period.&quot;},&quot;preAndPostNatal&quot;:{&quot;amount&quot;:0,&quot;message&quot;:&quot;Not Covered&quot;},&quot;deliveryHospital&quot;:{&quot;amount&quot;:0,&quot;message&quot;:&quot;Not Covered&quot;},&quot;urgentCare&quot;:{&quot;amount&quot;:0,&quot;message&quot;:&quot;&quot;},&quot;familyMoopType&quot;:&quot;All Members&quot;,&quot;maxOOPLimits&quot;:0,&quot;familyDeductibleType&quot;:&quot;M&quot;,&quot;maxDeductibleLimits&quot;:0,&quot;deductibleTotalingType&quot;:&quot;A&quot;,&quot;additionalCoverages&quot;:[],&quot;carrierId&quot;:&quot;everest-one&quot;,&quot;planSubType&quot;:&quot;lite&quot;,&quot;planName&quot;:&quot;Everest 5000/20/9000/250000&quot;,&quot;wellBabyCare&quot;:false,&quot;periodicHealthExam&quot;:false,&quot;periodicObGyn&quot;:false,&quot;maternity&quot;:false,&quot;prescriptionDrug&quot;:false,&quot;moopIncludesDeductible&quot;:false,&quot;familyMoop&quot;:27000,&quot;familyMoopIncludesDeductible&quot;:false,&quot;primaryCarePhysicianRequired&quot;:false,&quot;referralsRequired&quot;:false,&quot;primaryCareServiceBenefit&quot;:false,&quot;primaryCareBenefitURL&quot;:&quot;&quot;,&quot;oonCoverage&quot;:false,&quot;internationalCoverage&quot;:&quot;&quot;,&quot;internationalCoverageDetail&quot;:&quot;&quot;,&quot;planType&quot;:&quot;&quot;,&quot;officeVisit&quot;:&quot;0&quot;,&quot;network&quot;:&quot;No Network (See Physician Directory Below)&quot;,&quot;waitingPeriodForIllnesses&quot;:5,&quot;__v&quot;:0,&quot;planId&quot;:&quot;everest-one-id-5000-20-9000-250000&quot;,&quot;providerInfo&quot;:{&quot;_id&quot;:&quot;58519ba1b539540400f9a511&quot;,&quot;updated&quot;:&quot;2017-07-06T05:36:32.609Z&quot;,&quot;uri&quot;:&quot;everest-7s6q2&quot;,&quot;lastUpdatedBy&quot;:&quot;Michael Bass&quot;,&quot;hpId&quot;:&quot;everest-one&quot;,&quot;displayName&quot;:&quot;Everest&quot;,&quot;logoFile&quot;:&quot;https://assets.healthpocket.com/qa/everest-b2e87338087415ea0cf4c96a506ca45b.png&quot;,&quot;url&quot;:&quot;&quot;,&quot;__v&quot;:0,&quot;created&quot;:&quot;2016-12-14T19:21:05.191Z&quot;,&quot;sourceNames&quot;:[&quot;everest&quot;],&quot;companyName&quot;:[{&quot;name&quot;:&quot;Everest Reinsurance Company&quot;,&quot;_id&quot;:&quot;595dcc60908b4800048314d3&quot;,&quot;state&quot;:&quot;ALL&quot;}],&quot;productLines&quot;:[&quot;ST&quot;],&quot;states&quot;:[]},&quot;breakdown&quot;:{&quot;applicant&quot;:24.72,&quot;spouse&quot;:0,&quot;children&quot;:0,&quot;tax&quot;:1,&quot;baseRate&quot;:24.72,&quot;monthlyCost&quot;:24.72,&quot;initialCost&quot;:24.72,&quot;totalRecurringFee&quot;:0},&quot;deductible&quot;:5000,&quot;externalPlanId&quot;:133,&quot;coinsuranceLimit&quot;:20000,&quot;companyName&quot;:&quot;Everest Reinsurance Company&quot;,&quot;lifetimeMax&quot;:250000,&quot;moop&quot;:9000,&quot;outOfPocketMax&quot;:9000,&quot;maxDurationMonths&quot;:6,&quot;extended&quot;:false,&quot;daily&quot;:false,&quot;extendedPlanId&quot;:&quot;everest-one-id-5000-20-9000-250000-extended&quot;,&quot;consecutiveDurationMonths&quot;:6,&quot;consecutiveOption&quot;:1,&quot;familyDeductible&quot;:15000,&quot;minEffectiveDate&quot;:&quot;2019-04-10T04:00:00.000Z&quot;,&quot;effectiveEnd&quot;:&quot;2019-10-09T04:00:00.000Z&quot;,&quot;maxEffectiveEnd&quot;:&quot;2019-10-09T04:00:00.000Z&quot;,&quot;coverageDurationPeriod&quot;:6,&quot;logoFile&quot;:&quot;https://assets.healthpocket.com/qa/everest-b2e87338087415ea0cf4c96a506ca45b.png&quot;,&quot;hasFees&quot;:false},&quot;productLine&quot;:&quot;Short Term&quot;,&quot;selectedConsecutive&quot;:false}" class="js-apply btn btn-primary btn-lg apply-btn" role="button" href="/term-health-insurance/apply/everest-one-id-5000-20-9000-250000">...</a> is not clickable at point (140, 22). Other element would receive the click: <a id="plan-info-docker-apply" class="btn btn-primary btn-med apply-btn" role="button" href="/term-health-insurance/apply/everest-one-id-5000-20-9000-250000">...</a>
  (Session info: chrome=73.0.3683.103)
  (Driver info: chromedriver=2.43.600229 (3fae4d0cda5334b4f533bede5a4787f7b832d052),platform=Mac OS X 10.14.4 x86_64) (WARNING: The server did not provide any stacktrace information)
Command duration or timeout: 0 milliseconds
Build info: version: '3.7.1', revision: '8a0099a', time: '2017-11-06T21:07:36.161Z'
System info: host: 'Deniss-MacBook-Pro.local', ip: 'fe80:0:0:0:10f1:a73f:e71a:955a%en0', os.name: 'Mac OS X', os.arch: 'x86_64', os.version: '10.14.4', java.version: '1.8.0_181'
Driver info: com.kms.katalon.selenium.driver.CChromeDriver
Capabilities {acceptInsecureCerts: false, acceptSslCerts: false, applicationCacheEnabled: false, browserConnectionEnabled: false, browserName: chrome, chrome: {chromedriverVersion: 2.43.600229 (3fae4d0cda5334..., userDataDir: /var/folders/95/4qsvf70n5s5...}, cssSelectorsEnabled: true, databaseEnabled: false, goog:chromeOptions: {debuggerAddress: localhost:51493}, handlesAlerts: true, hasTouchScreen: true, javascriptEnabled: true, locationContextEnabled: true, mobileEmulationEnabled: true, nativeEvents: true, networkConnectionEnabled: false, pageLoadStrategy: normal, platform: MAC, platformName: MAC, rotatable: false, setWindowRect: true, takesHeapSnapshot: true, takesScreenshot: true, unexpectedAlertBehaviour: , unhandledPromptBehavior: , version: 73.0.3683.103, webStorageEnabled: true}
Session ID: a452633a5bcba101740a3b73a550b7c9)
	at com.kms.katalon.core.keyword.internal.KeywordMain.stepFailed(KeywordMain.groovy:36)
	at com.kms.katalon.core.webui.keyword.internal.WebUIKeywordMain.stepFailed(WebUIKeywordMain.groovy:65)
	at com.kms.katalon.core.webui.keyword.internal.WebUIKeywordMain.runKeyword(WebUIKeywordMain.groovy:27)
	at com.kms.katalon.core.webui.keyword.builtin.ClickKeyword.click(ClickKeyword.groovy:86)
	at com.kms.katalon.core.webui.keyword.builtin.ClickKeyword.execute(ClickKeyword.groovy:67)
	at com.kms.katalon.core.keyword.internal.KeywordExecutor.executeKeywordForPlatform(KeywordExecutor.groovy:53)
	at com.kms.katalon.core.webui.keyword.WebUiBuiltInKeywords.click(WebUiBuiltInKeywords.groovy:616)
	at com.kms.katalon.core.webui.keyword.WebUiBuiltInKeywords$click$4.call(Unknown Source)
	at apply_stm.run(apply_stm:18)
	at com.kms.katalon.core.main.ScriptEngine.run(ScriptEngine.java:194)
	at com.kms.katalon.core.main.ScriptEngine.runScriptAsRawText(ScriptEngine.java:119)
	at com.kms.katalon.core.main.TestCaseExecutor.runScript(TestCaseExecutor.java:328)
	at com.kms.katalon.core.main.TestCaseExecutor.doExecute(TestCaseExecutor.java:319)
	at com.kms.katalon.core.main.TestCaseExecutor.processExecutionPhase(TestCaseExecutor.java:298)
	at com.kms.katalon.core.main.TestCaseExecutor.accessMainPhase(TestCaseExecutor.java:290)
	at com.kms.katalon.core.main.TestCaseExecutor.execute(TestCaseExecutor.java:224)
	at com.kms.katalon.core.main.TestCaseMain.runTestCase(TestCaseMain.java:106)
	at com.kms.katalon.core.keyword.builtin.CallTestCaseKeyword$_callTestCase_closure1.doCall(CallTestCaseKeyword.groovy:59)
	at com.kms.katalon.core.keyword.builtin.CallTestCaseKeyword$_callTestCase_closure1.call(CallTestCaseKeyword.groovy)
	at com.kms.katalon.core.keyword.internal.KeywordMain.runKeyword(KeywordMain.groovy:54)
	at com.kms.katalon.core.keyword.builtin.CallTestCaseKeyword.callTestCase(CallTestCaseKeyword.groovy:80)
	at com.kms.katalon.core.keyword.builtin.CallTestCaseKeyword.execute(CallTestCaseKeyword.groovy:44)
	at com.kms.katalon.core.keyword.internal.KeywordExecutor.executeKeywordForPlatform(KeywordExecutor.groovy:53)
	at com.kms.katalon.core.keyword.BuiltinKeywords.callTestCase(BuiltinKeywords.groovy:334)
	at Everest.run(Everest:32)
	at com.kms.katalon.core.main.ScriptEngine.run(ScriptEngine.java:194)
	at com.kms.katalon.core.main.ScriptEngine.runScriptAsRawText(ScriptEngine.java:119)
	at com.kms.katalon.core.main.TestCaseExecutor.runScript(TestCaseExecutor.java:328)
	at com.kms.katalon.core.main.TestCaseExecutor.doExecute(TestCaseExecutor.java:319)
	at com.kms.katalon.core.main.TestCaseExecutor.processExecutionPhase(TestCaseExecutor.java:298)
	at com.kms.katalon.core.main.TestCaseExecutor.accessMainPhase(TestCaseExecutor.java:290)
	at com.kms.katalon.core.main.TestCaseExecutor.execute(TestCaseExecutor.java:224)
	at com.kms.katalon.core.main.TestSuiteExecutor.accessTestCaseMainPhase(TestSuiteExecutor.java:129)
	at com.kms.katalon.core.main.TestSuiteExecutor.accessTestSuiteMainPhase(TestSuiteExecutor.java:112)
	at com.kms.katalon.core.main.TestSuiteExecutor.execute(TestSuiteExecutor.java:81)
	at com.kms.katalon.core.main.TestCaseMain.startTestSuite(TestCaseMain.java:149)
	at com.kms.katalon.core.main.TestCaseMain$startTestSuite$0.call(Unknown Source)
	at TempTestSuite1554806206518.run(TempTestSuite1554806206518.groovy:36)


2019-04-09 18:42:16 - [MESSAGE][FAILED] - Unable to call Test Case 'Test Cases/mobileWeb/_include/apply_stm' (Root cause: com.kms.katalon.core.exception.StepFailedException: Call Test Case 'Test Cases/mobileWeb/_include/apply_stm' failed)

2019-04-09 18:42:16 - [MESSAGE][FAILED] - callTestCase(findTestCase("mobileWeb/_include/apply_stm"), [:], STOP_ON_FAILURE) FAILED.
Reason:
com.kms.katalon.core.exception.StepFailedException: Unable to click on object 'Object Repository/mobileSanity/STM/STM PlanDetail Page/a_Apply for This Plan' (Root cause: org.openqa.selenium.WebDriverException: unknown error: Element <a id="plan-details-primary-apply" data-analytics="{&quot;census&quot;:{&quot;isCanonical&quot;:false,&quot;dentalIsCanonical&quot;:true,&quot;oneTimePaymentSelected&quot;:false,&quot;stIndeterminateContractLength&quot;:true,&quot;planYear&quot;:2015,&quot;member&quot;:[{&quot;role&quot;:&quot;P&quot;,&quot;age&quot;:32,&quot;smoker&quot;:false,&quot;gender&quot;:&quot;M&quot;,&quot;dob&quot;:&quot;1987-03-03&quot;,&quot;eligible&quot;:true}],&quot;dentalEffective&quot;:&quot;2019-05-01T04:00:00.000Z&quot;,&quot;effective&quot;:&quot;2019-04-10T04:00:00.000Z&quot;,&quot;maxEffectiveEnd&quot;:null,&quot;location&quot;:{&quot;zip&quot;:&quot;83709&quot;,&quot;state&quot;:&quot;ID&quot;,&quot;county&quot;:&quot;Ada&quot;,&quot;fullCodeList&quot;:[&quot;13000&quot;],&quot;_id&quot;:{&quot;_bsontype&quot;:&quot;ObjectID&quot;,&quot;id&quot;:{&quot;type&quot;:&quot;Buffer&quot;,&quot;data&quot;:[92,165,153,148,159,6,36,96,177,59,92,151]}},&quot;fips&quot;:&quot;16001&quot;,&quot;code&quot;:&quot;13000&quot;,&quot;maRegionCode&quot;:&quot;23&quot;,&quot;pdpRegionCode&quot;:&quot;31&quot;,&quot;ifpRegionCode&quot;:&quot;3&quot;,&quot;defaultedCounty&quot;:false,&quot;city&quot;:&quot;Boise&quot;,&quot;stateName&quot;:&quot;Idaho&quot;},&quot;effectiveEnd&quot;:&quot;2019-10-07T04:00:00.000Z&quot;},&quot;plan&quot;:{&quot;_id&quot;:&quot;5cab6f6c99d438d3246265b7&quot;,&quot;coinsurance&quot;:20,&quot;primaryDoctorVisit&quot;:{&quot;amount&quot;:30,&quot;message&quot;:&quot;$30 Copay per visit or consultation per Covered Not to exceed a maximum of 3 Doctor's Office or Urgent Care Center Visits Copays per Covered Person. Coinsurance is %d%% of Eligible Expenses and benefits are not subject to the Plan Deductible. Doctor's office or urgent care visits or doctor consultations in excess of the maximum number of Doctor's Office or Urgent Care Center Visits' Copays will be subject to the Plan Deductible and Coinsurance.&quot;},&quot;specialist&quot;:{&quot;amount&quot;:30,&quot;message&quot;:&quot;$30 Copayment per visit per Covered Person not to exceed a maximum of 3 Copayments per Covered Person. Eligible Expenses and benefits are not subject to the Plan Deductible or Coinsurance.  Office Visits in excess of the maximum number of Copayments will be subject to the Plan Deductible and Coinsurance.&quot;},&quot;periodicExam&quot;:{&quot;amount&quot;:20,&quot;message&quot;:&quot;$50 Copayment for one annual Routine Physical Exam. Coinsurance is %d%% and benefits are not subject to the Plan Deductible.&quot;},&quot;obGynExam&quot;:{&quot;amount&quot;:0,&quot;message&quot;:&quot;Not Covered&quot;},&quot;wellBaby&quot;:{&quot;amount&quot;:0,&quot;message&quot;:&quot;Not Covered&quot;},&quot;chiropractic&quot;:{&quot;amount&quot;:0,&quot;message&quot;:&quot;Not Covered&quot;},&quot;mentalHealth&quot;:{&quot;amount&quot;:100,&quot;message&quot;:&quot;Inpatient: $100 per day, 31 day maximum per Covered Person per Coverage Period. Outpatient: $50 per visit, 10 visits per Covered Person per Coverage Period&quot;},&quot;rxGeneric&quot;:{&quot;amount&quot;:0,&quot;message&quot;:&quot;Not covered except those administered by a Doctor in an\rInpatient or Outpatient setting covered under this Policy as an Eligible\rExpense.&quot;},&quot;rxBrand&quot;:{&quot;amount&quot;:0,&quot;message&quot;:&quot;Not covered except those administered by a Doctor in an\rInpatient or Outpatient setting covered under this Policy as an Eligible\rExpense.&quot;},&quot;rxNonFormulary&quot;:{&quot;amount&quot;:0,&quot;message&quot;:&quot;Not covered except those administered by a Doctor in an\rInpatient or Outpatient setting covered under this Policy as an Eligible\rExpense.&quot;},&quot;rxDeductible&quot;:{&quot;amount&quot;:0,&quot;message&quot;:&quot;N/A&quot;},&quot;labXray&quot;:{&quot;amount&quot;:0,&quot;message&quot;:&quot;&quot;},&quot;emergency&quot;:{&quot;amount&quot;:24,&quot;message&quot;:&quot;Emergency Room (This includes the emergency room physician charge, 24 hours surveillance and all miscellaneous medical charges) The benefit payable for each emergency room visit, including professional and facility services, will not exceed $250 per visit.&quot;},&quot;outpatient&quot;:{&quot;amount&quot;:1,&quot;message&quot;:&quot;Facility charges up to a max of $1,250 per day; $5,000 Surgeon and $1,000 Assistant Surgeon\\nlimitations apply&quot;},&quot;hospitalization&quot;:{&quot;amount&quot;:1,&quot;message&quot;:&quot;Average Standard Room Rate: $1,000 per day. Hospital ICU: $1,250 per day&quot;},&quot;anesthesia&quot;:{&quot;amount&quot;:1,&quot;message&quot;:&quot;$1,000 per surgery, for all Eligible Expenses combined, not to exceed $2,000 per Covered Person per Coverage Period.&quot;},&quot;preAndPostNatal&quot;:{&quot;amount&quot;:0,&quot;message&quot;:&quot;Not Covered&quot;},&quot;deliveryHospital&quot;:{&quot;amount&quot;:0,&quot;message&quot;:&quot;Not Covered&quot;},&quot;urgentCare&quot;:{&quot;amount&quot;:0,&quot;message&quot;:&quot;&quot;},&quot;familyMoopType&quot;:&quot;All Members&quot;,&quot;maxOOPLimits&quot;:0,&quot;familyDeductibleType&quot;:&quot;M&quot;,&quot;maxDeductibleLimits&quot;:0,&quot;deductibleTotalingType&quot;:&quot;A&quot;,&quot;additionalCoverages&quot;:[],&quot;carrierId&quot;:&quot;everest-one&quot;,&quot;planSubType&quot;:&quot;lite&quot;,&quot;planName&quot;:&quot;Everest 5000/20/9000/250000&quot;,&quot;wellBabyCare&quot;:false,&quot;periodicHealthExam&quot;:false,&quot;periodicObGyn&quot;:false,&quot;maternity&quot;:false,&quot;prescriptionDrug&quot;:false,&quot;moopIncludesDeductible&quot;:false,&quot;familyMoop&quot;:27000,&quot;familyMoopIncludesDeductible&quot;:false,&quot;primaryCarePhysicianRequired&quot;:false,&quot;referralsRequired&quot;:false,&quot;primaryCareServiceBenefit&quot;:false,&quot;primaryCareBenefitURL&quot;:&quot;&quot;,&quot;oonCoverage&quot;:false,&quot;internationalCoverage&quot;:&quot;&quot;,&quot;internationalCoverageDetail&quot;:&quot;&quot;,&quot;planType&quot;:&quot;&quot;,&quot;officeVisit&quot;:&quot;0&quot;,&quot;network&quot;:&quot;No Network (See Physician Directory Below)&quot;,&quot;waitingPeriodForIllnesses&quot;:5,&quot;__v&quot;:0,&quot;planId&quot;:&quot;everest-one-id-5000-20-9000-250000&quot;,&quot;providerInfo&quot;:{&quot;_id&quot;:&quot;58519ba1b539540400f9a511&quot;,&quot;updated&quot;:&quot;2017-07-06T05:36:32.609Z&quot;,&quot;uri&quot;:&quot;everest-7s6q2&quot;,&quot;lastUpdatedBy&quot;:&quot;Michael Bass&quot;,&quot;hpId&quot;:&quot;everest-one&quot;,&quot;displayName&quot;:&quot;Everest&quot;,&quot;logoFile&quot;:&quot;https://assets.healthpocket.com/qa/everest-b2e87338087415ea0cf4c96a506ca45b.png&quot;,&quot;url&quot;:&quot;&quot;,&quot;__v&quot;:0,&quot;created&quot;:&quot;2016-12-14T19:21:05.191Z&quot;,&quot;sourceNames&quot;:[&quot;everest&quot;],&quot;companyName&quot;:[{&quot;name&quot;:&quot;Everest Reinsurance Company&quot;,&quot;_id&quot;:&quot;595dcc60908b4800048314d3&quot;,&quot;state&quot;:&quot;ALL&quot;}],&quot;productLines&quot;:[&quot;ST&quot;],&quot;states&quot;:[]},&quot;breakdown&quot;:{&quot;applicant&quot;:24.72,&quot;spouse&quot;:0,&quot;children&quot;:0,&quot;tax&quot;:1,&quot;baseRate&quot;:24.72,&quot;monthlyCost&quot;:24.72,&quot;initialCost&quot;:24.72,&quot;totalRecurringFee&quot;:0},&quot;deductible&quot;:5000,&quot;externalPlanId&quot;:133,&quot;coinsuranceLimit&quot;:20000,&quot;companyName&quot;:&quot;Everest Reinsurance Company&quot;,&quot;lifetimeMax&quot;:250000,&quot;moop&quot;:9000,&quot;outOfPocketMax&quot;:9000,&quot;maxDurationMonths&quot;:6,&quot;extended&quot;:false,&quot;daily&quot;:false,&quot;extendedPlanId&quot;:&quot;everest-one-id-5000-20-9000-250000-extended&quot;,&quot;consecutiveDurationMonths&quot;:6,&quot;consecutiveOption&quot;:1,&quot;familyDeductible&quot;:15000,&quot;minEffectiveDate&quot;:&quot;2019-04-10T04:00:00.000Z&quot;,&quot;effectiveEnd&quot;:&quot;2019-10-09T04:00:00.000Z&quot;,&quot;maxEffectiveEnd&quot;:&quot;2019-10-09T04:00:00.000Z&quot;,&quot;coverageDurationPeriod&quot;:6,&quot;logoFile&quot;:&quot;https://assets.healthpocket.com/qa/everest-b2e87338087415ea0cf4c96a506ca45b.png&quot;,&quot;hasFees&quot;:false},&quot;productLine&quot;:&quot;Short Term&quot;,&quot;selectedConsecutive&quot;:false}" class="js-apply btn btn-primary btn-lg apply-btn" role="button" href="/term-health-insurance/apply/everest-one-id-5000-20-9000-250000">...</a> is not clickable at point (140, 22). Other element would receive the click: <a id="plan-info-docker-apply" class="btn btn-primary btn-med apply-btn" role="button" href="/term-health-insurance/apply/everest-one-id-5000-20-9000-250000">...</a>
  (Session info: chrome=73.0.3683.103)
  (Driver info: chromedriver=2.43.600229 (3fae4d0cda5334b4f533bede5a4787f7b832d052),platform=Mac OS X 10.14.4 x86_64) (WARNING: The server did not provide any stacktrace information)
Command duration or timeout: 0 milliseconds
Build info: version: '3.7.1', revision: '8a0099a', time: '2017-11-06T21:07:36.161Z'
System info: host: 'Deniss-MacBook-Pro.local', ip: 'fe80:0:0:0:10f1:a73f:e71a:955a%en0', os.name: 'Mac OS X', os.arch: 'x86_64', os.version: '10.14.4', java.version: '1.8.0_181'
Driver info: com.kms.katalon.selenium.driver.CChromeDriver
Capabilities {acceptInsecureCerts: false, acceptSslCerts: false, applicationCacheEnabled: false, browserConnectionEnabled: false, browserName: chrome, chrome: {chromedriverVersion: 2.43.600229 (3fae4d0cda5334..., userDataDir: /var/folders/95/4qsvf70n5s5...}, cssSelectorsEnabled: true, databaseEnabled: false, goog:chromeOptions: {debuggerAddress: localhost:51493}, handlesAlerts: true, hasTouchScreen: true, javascriptEnabled: true, locationContextEnabled: true, mobileEmulationEnabled: true, nativeEvents: true, networkConnectionEnabled: false, pageLoadStrategy: normal, platform: MAC, platformName: MAC, rotatable: false, setWindowRect: true, takesHeapSnapshot: true, takesScreenshot: true, unexpectedAlertBehaviour: , unhandledPromptBehavior: , version: 73.0.3683.103, webStorageEnabled: true}
Session ID: a452633a5bcba101740a3b73a550b7c9)
	at com.kms.katalon.core.keyword.internal.KeywordMain.stepFailed(KeywordMain.groovy:36)
	at com.kms.katalon.core.webui.keyword.internal.WebUIKeywordMain.stepFailed(WebUIKeywordMain.groovy:65)
	at com.kms.katalon.core.webui.keyword.internal.WebUIKeywordMain.runKeyword(WebUIKeywordMain.groovy:27)
	at com.kms.katalon.core.webui.keyword.builtin.ClickKeyword.click(ClickKeyword.groovy:86)
	at com.kms.katalon.core.webui.keyword.builtin.ClickKeyword.execute(ClickKeyword.groovy:67)
	at com.kms.katalon.core.keyword.internal.KeywordExecutor.executeKeywordForPlatform(KeywordExecutor.groovy:53)
	at com.kms.katalon.core.webui.keyword.WebUiBuiltInKeywords.click(WebUiBuiltInKeywords.groovy:616)
	at com.kms.katalon.core.webui.keyword.WebUiBuiltInKeywords$click$4.call(Unknown Source)
	at apply_stm.run(apply_stm:18)
	at com.kms.katalon.core.main.ScriptEngine.run(ScriptEngine.java:194)
	at com.kms.katalon.core.main.ScriptEngine.runScriptAsRawText(ScriptEngine.java:119)
	at com.kms.katalon.core.main.TestCaseExecutor.runScript(TestCaseExecutor.java:328)
	at com.kms.katalon.core.main.TestCaseExecutor.doExecute(TestCaseExecutor.java:319)
	at com.kms.katalon.core.main.TestCaseExecutor.processExecutionPhase(TestCaseExecutor.java:298)
	at com.kms.katalon.core.main.TestCaseExecutor.accessMainPhase(TestCaseExecutor.java:290)
	at com.kms.katalon.core.main.TestCaseExecutor.execute(TestCaseExecutor.java:224)
	at com.kms.katalon.core.main.TestCaseMain.runTestCase(TestCaseMain.java:106)
	at com.kms.katalon.core.keyword.builtin.CallTestCaseKeyword$_callTestCase_closure1.doCall(CallTestCaseKeyword.groovy:59)
	at com.kms.katalon.core.keyword.builtin.CallTestCaseKeyword$_callTestCase_closure1.call(CallTestCaseKeyword.groovy)
	at com.kms.katalon.core.keyword.internal.KeywordMain.runKeyword(KeywordMain.groovy:54)
	at com.kms.katalon.core.keyword.builtin.CallTestCaseKeyword.callTestCase(CallTestCaseKeyword.groovy:80)
	at com.kms.katalon.core.keyword.builtin.CallTestCaseKeyword.execute(CallTestCaseKeyword.groovy:44)
	at com.kms.katalon.core.keyword.internal.KeywordExecutor.executeKeywordForPlatform(KeywordExecutor.groovy:53)
	at com.kms.katalon.core.keyword.BuiltinKeywords.callTestCase(BuiltinKeywords.groovy:334)
	at Everest.run(Everest:32)
	at com.kms.katalon.core.main.ScriptEngine.run(ScriptEngine.java:194)
	at com.kms.katalon.core.main.ScriptEngine.runScriptAsRawText(ScriptEngine.java:119)
	at com.kms.katalon.core.main.TestCaseExecutor.runScript(TestCaseExecutor.java:328)
	at com.kms.katalon.core.main.TestCaseExecutor.doExecute(TestCaseExecutor.java:319)
	at com.kms.katalon.core.main.TestCaseExecutor.processExecutionPhase(TestCaseExecutor.java:298)
	at com.kms.katalon.core.main.TestCaseExecutor.accessMainPhase(TestCaseExecutor.java:290)
	at com.kms.katalon.core.main.TestCaseExecutor.execute(TestCaseExecutor.java:224)
	at com.kms.katalon.core.main.TestSuiteExecutor.accessTestCaseMainPhase(TestSuiteExecutor.java:129)
	at com.kms.katalon.core.main.TestSuiteExecutor.accessTestSuiteMainPhase(TestSuiteExecutor.java:112)
	at com.kms.katalon.core.main.TestSuiteExecutor.execute(TestSuiteExecutor.java:81)
	at com.kms.katalon.core.main.TestCaseMain.startTestSuite(TestCaseMain.java:149)
	at com.kms.katalon.core.main.TestCaseMain$startTestSuite$0.call(Unknown Source)
	at TempTestSuite1554806206518.run(TempTestSuite1554806206518.groovy:36)]]></system-out>
         <system-err><![CDATA[2019-04-09 18:41:46 - [TEST_CASE][FAILED] - Test Cases/mobileWeb/stm/Everest: Test Cases/mobileWeb/stm/Everest FAILED.
Reason:
com.kms.katalon.core.exception.StepFailedException: Unable to click on object 'Object Repository/mobileSanity/STM/STM PlanDetail Page/a_Apply for This Plan' (Root cause: org.openqa.selenium.WebDriverException: unknown error: Element <a id="plan-details-primary-apply" data-analytics="{&quot;census&quot;:{&quot;isCanonical&quot;:false,&quot;dentalIsCanonical&quot;:true,&quot;oneTimePaymentSelected&quot;:false,&quot;stIndeterminateContractLength&quot;:true,&quot;planYear&quot;:2015,&quot;member&quot;:[{&quot;role&quot;:&quot;P&quot;,&quot;age&quot;:32,&quot;smoker&quot;:false,&quot;gender&quot;:&quot;M&quot;,&quot;dob&quot;:&quot;1987-03-03&quot;,&quot;eligible&quot;:true}],&quot;dentalEffective&quot;:&quot;2019-05-01T04:00:00.000Z&quot;,&quot;effective&quot;:&quot;2019-04-10T04:00:00.000Z&quot;,&quot;maxEffectiveEnd&quot;:null,&quot;location&quot;:{&quot;zip&quot;:&quot;83709&quot;,&quot;state&quot;:&quot;ID&quot;,&quot;county&quot;:&quot;Ada&quot;,&quot;fullCodeList&quot;:[&quot;13000&quot;],&quot;_id&quot;:{&quot;_bsontype&quot;:&quot;ObjectID&quot;,&quot;id&quot;:{&quot;type&quot;:&quot;Buffer&quot;,&quot;data&quot;:[92,165,153,148,159,6,36,96,177,59,92,151]}},&quot;fips&quot;:&quot;16001&quot;,&quot;code&quot;:&quot;13000&quot;,&quot;maRegionCode&quot;:&quot;23&quot;,&quot;pdpRegionCode&quot;:&quot;31&quot;,&quot;ifpRegionCode&quot;:&quot;3&quot;,&quot;defaultedCounty&quot;:false,&quot;city&quot;:&quot;Boise&quot;,&quot;stateName&quot;:&quot;Idaho&quot;},&quot;effectiveEnd&quot;:&quot;2019-10-07T04:00:00.000Z&quot;},&quot;plan&quot;:{&quot;_id&quot;:&quot;5cab6f6c99d438d3246265b7&quot;,&quot;coinsurance&quot;:20,&quot;primaryDoctorVisit&quot;:{&quot;amount&quot;:30,&quot;message&quot;:&quot;$30 Copay per visit or consultation per Covered Not to exceed a maximum of 3 Doctor's Office or Urgent Care Center Visits Copays per Covered Person. Coinsurance is %d%% of Eligible Expenses and benefits are not subject to the Plan Deductible. Doctor's office or urgent care visits or doctor consultations in excess of the maximum number of Doctor's Office or Urgent Care Center Visits' Copays will be subject to the Plan Deductible and Coinsurance.&quot;},&quot;specialist&quot;:{&quot;amount&quot;:30,&quot;message&quot;:&quot;$30 Copayment per visit per Covered Person not to exceed a maximum of 3 Copayments per Covered Person. Eligible Expenses and benefits are not subject to the Plan Deductible or Coinsurance.  Office Visits in excess of the maximum number of Copayments will be subject to the Plan Deductible and Coinsurance.&quot;},&quot;periodicExam&quot;:{&quot;amount&quot;:20,&quot;message&quot;:&quot;$50 Copayment for one annual Routine Physical Exam. Coinsurance is %d%% and benefits are not subject to the Plan Deductible.&quot;},&quot;obGynExam&quot;:{&quot;amount&quot;:0,&quot;message&quot;:&quot;Not Covered&quot;},&quot;wellBaby&quot;:{&quot;amount&quot;:0,&quot;message&quot;:&quot;Not Covered&quot;},&quot;chiropractic&quot;:{&quot;amount&quot;:0,&quot;message&quot;:&quot;Not Covered&quot;},&quot;mentalHealth&quot;:{&quot;amount&quot;:100,&quot;message&quot;:&quot;Inpatient: $100 per day, 31 day maximum per Covered Person per Coverage Period. Outpatient: $50 per visit, 10 visits per Covered Person per Coverage Period&quot;},&quot;rxGeneric&quot;:{&quot;amount&quot;:0,&quot;message&quot;:&quot;Not covered except those administered by a Doctor in an\rInpatient or Outpatient setting covered under this Policy as an Eligible\rExpense.&quot;},&quot;rxBrand&quot;:{&quot;amount&quot;:0,&quot;message&quot;:&quot;Not covered except those administered by a Doctor in an\rInpatient or Outpatient setting covered under this Policy as an Eligible\rExpense.&quot;},&quot;rxNonFormulary&quot;:{&quot;amount&quot;:0,&quot;message&quot;:&quot;Not covered except those administered by a Doctor in an\rInpatient or Outpatient setting covered under this Policy as an Eligible\rExpense.&quot;},&quot;rxDeductible&quot;:{&quot;amount&quot;:0,&quot;message&quot;:&quot;N/A&quot;},&quot;labXray&quot;:{&quot;amount&quot;:0,&quot;message&quot;:&quot;&quot;},&quot;emergency&quot;:{&quot;amount&quot;:24,&quot;message&quot;:&quot;Emergency Room (This includes the emergency room physician charge, 24 hours surveillance and all miscellaneous medical charges) The benefit payable for each emergency room visit, including professional and facility services, will not exceed $250 per visit.&quot;},&quot;outpatient&quot;:{&quot;amount&quot;:1,&quot;message&quot;:&quot;Facility charges up to a max of $1,250 per day; $5,000 Surgeon and $1,000 Assistant Surgeon\\nlimitations apply&quot;},&quot;hospitalization&quot;:{&quot;amount&quot;:1,&quot;message&quot;:&quot;Average Standard Room Rate: $1,000 per day. Hospital ICU: $1,250 per day&quot;},&quot;anesthesia&quot;:{&quot;amount&quot;:1,&quot;message&quot;:&quot;$1,000 per surgery, for all Eligible Expenses combined, not to exceed $2,000 per Covered Person per Coverage Period.&quot;},&quot;preAndPostNatal&quot;:{&quot;amount&quot;:0,&quot;message&quot;:&quot;Not Covered&quot;},&quot;deliveryHospital&quot;:{&quot;amount&quot;:0,&quot;message&quot;:&quot;Not Covered&quot;},&quot;urgentCare&quot;:{&quot;amount&quot;:0,&quot;message&quot;:&quot;&quot;},&quot;familyMoopType&quot;:&quot;All Members&quot;,&quot;maxOOPLimits&quot;:0,&quot;familyDeductibleType&quot;:&quot;M&quot;,&quot;maxDeductibleLimits&quot;:0,&quot;deductibleTotalingType&quot;:&quot;A&quot;,&quot;additionalCoverages&quot;:[],&quot;carrierId&quot;:&quot;everest-one&quot;,&quot;planSubType&quot;:&quot;lite&quot;,&quot;planName&quot;:&quot;Everest 5000/20/9000/250000&quot;,&quot;wellBabyCare&quot;:false,&quot;periodicHealthExam&quot;:false,&quot;periodicObGyn&quot;:false,&quot;maternity&quot;:false,&quot;prescriptionDrug&quot;:false,&quot;moopIncludesDeductible&quot;:false,&quot;familyMoop&quot;:27000,&quot;familyMoopIncludesDeductible&quot;:false,&quot;primaryCarePhysicianRequired&quot;:false,&quot;referralsRequired&quot;:false,&quot;primaryCareServiceBenefit&quot;:false,&quot;primaryCareBenefitURL&quot;:&quot;&quot;,&quot;oonCoverage&quot;:false,&quot;internationalCoverage&quot;:&quot;&quot;,&quot;internationalCoverageDetail&quot;:&quot;&quot;,&quot;planType&quot;:&quot;&quot;,&quot;officeVisit&quot;:&quot;0&quot;,&quot;network&quot;:&quot;No Network (See Physician Directory Below)&quot;,&quot;waitingPeriodForIllnesses&quot;:5,&quot;__v&quot;:0,&quot;planId&quot;:&quot;everest-one-id-5000-20-9000-250000&quot;,&quot;providerInfo&quot;:{&quot;_id&quot;:&quot;58519ba1b539540400f9a511&quot;,&quot;updated&quot;:&quot;2017-07-06T05:36:32.609Z&quot;,&quot;uri&quot;:&quot;everest-7s6q2&quot;,&quot;lastUpdatedBy&quot;:&quot;Michael Bass&quot;,&quot;hpId&quot;:&quot;everest-one&quot;,&quot;displayName&quot;:&quot;Everest&quot;,&quot;logoFile&quot;:&quot;https://assets.healthpocket.com/qa/everest-b2e87338087415ea0cf4c96a506ca45b.png&quot;,&quot;url&quot;:&quot;&quot;,&quot;__v&quot;:0,&quot;created&quot;:&quot;2016-12-14T19:21:05.191Z&quot;,&quot;sourceNames&quot;:[&quot;everest&quot;],&quot;companyName&quot;:[{&quot;name&quot;:&quot;Everest Reinsurance Company&quot;,&quot;_id&quot;:&quot;595dcc60908b4800048314d3&quot;,&quot;state&quot;:&quot;ALL&quot;}],&quot;productLines&quot;:[&quot;ST&quot;],&quot;states&quot;:[]},&quot;breakdown&quot;:{&quot;applicant&quot;:24.72,&quot;spouse&quot;:0,&quot;children&quot;:0,&quot;tax&quot;:1,&quot;baseRate&quot;:24.72,&quot;monthlyCost&quot;:24.72,&quot;initialCost&quot;:24.72,&quot;totalRecurringFee&quot;:0},&quot;deductible&quot;:5000,&quot;externalPlanId&quot;:133,&quot;coinsuranceLimit&quot;:20000,&quot;companyName&quot;:&quot;Everest Reinsurance Company&quot;,&quot;lifetimeMax&quot;:250000,&quot;moop&quot;:9000,&quot;outOfPocketMax&quot;:9000,&quot;maxDurationMonths&quot;:6,&quot;extended&quot;:false,&quot;daily&quot;:false,&quot;extendedPlanId&quot;:&quot;everest-one-id-5000-20-9000-250000-extended&quot;,&quot;consecutiveDurationMonths&quot;:6,&quot;consecutiveOption&quot;:1,&quot;familyDeductible&quot;:15000,&quot;minEffectiveDate&quot;:&quot;2019-04-10T04:00:00.000Z&quot;,&quot;effectiveEnd&quot;:&quot;2019-10-09T04:00:00.000Z&quot;,&quot;maxEffectiveEnd&quot;:&quot;2019-10-09T04:00:00.000Z&quot;,&quot;coverageDurationPeriod&quot;:6,&quot;logoFile&quot;:&quot;https://assets.healthpocket.com/qa/everest-b2e87338087415ea0cf4c96a506ca45b.png&quot;,&quot;hasFees&quot;:false},&quot;productLine&quot;:&quot;Short Term&quot;,&quot;selectedConsecutive&quot;:false}" class="js-apply btn btn-primary btn-lg apply-btn" role="button" href="/term-health-insurance/apply/everest-one-id-5000-20-9000-250000">...</a> is not clickable at point (140, 22). Other element would receive the click: <a id="plan-info-docker-apply" class="btn btn-primary btn-med apply-btn" role="button" href="/term-health-insurance/apply/everest-one-id-5000-20-9000-250000">...</a>
  (Session info: chrome=73.0.3683.103)
  (Driver info: chromedriver=2.43.600229 (3fae4d0cda5334b4f533bede5a4787f7b832d052),platform=Mac OS X 10.14.4 x86_64) (WARNING: The server did not provide any stacktrace information)
Command duration or timeout: 0 milliseconds
Build info: version: '3.7.1', revision: '8a0099a', time: '2017-11-06T21:07:36.161Z'
System info: host: 'Deniss-MacBook-Pro.local', ip: 'fe80:0:0:0:10f1:a73f:e71a:955a%en0', os.name: 'Mac OS X', os.arch: 'x86_64', os.version: '10.14.4', java.version: '1.8.0_181'
Driver info: com.kms.katalon.selenium.driver.CChromeDriver
Capabilities {acceptInsecureCerts: false, acceptSslCerts: false, applicationCacheEnabled: false, browserConnectionEnabled: false, browserName: chrome, chrome: {chromedriverVersion: 2.43.600229 (3fae4d0cda5334..., userDataDir: /var/folders/95/4qsvf70n5s5...}, cssSelectorsEnabled: true, databaseEnabled: false, goog:chromeOptions: {debuggerAddress: localhost:51493}, handlesAlerts: true, hasTouchScreen: true, javascriptEnabled: true, locationContextEnabled: true, mobileEmulationEnabled: true, nativeEvents: true, networkConnectionEnabled: false, pageLoadStrategy: normal, platform: MAC, platformName: MAC, rotatable: false, setWindowRect: true, takesHeapSnapshot: true, takesScreenshot: true, unexpectedAlertBehaviour: , unhandledPromptBehavior: , version: 73.0.3683.103, webStorageEnabled: true}
Session ID: a452633a5bcba101740a3b73a550b7c9)
	at com.kms.katalon.core.keyword.internal.KeywordMain.stepFailed(KeywordMain.groovy:36)
	at com.kms.katalon.core.webui.keyword.internal.WebUIKeywordMain.stepFailed(WebUIKeywordMain.groovy:65)
	at com.kms.katalon.core.webui.keyword.internal.WebUIKeywordMain.runKeyword(WebUIKeywordMain.groovy:27)
	at com.kms.katalon.core.webui.keyword.builtin.ClickKeyword.click(ClickKeyword.groovy:86)
	at com.kms.katalon.core.webui.keyword.builtin.ClickKeyword.execute(ClickKeyword.groovy:67)
	at com.kms.katalon.core.keyword.internal.KeywordExecutor.executeKeywordForPlatform(KeywordExecutor.groovy:53)
	at com.kms.katalon.core.webui.keyword.WebUiBuiltInKeywords.click(WebUiBuiltInKeywords.groovy:616)
	at com.kms.katalon.core.webui.keyword.WebUiBuiltInKeywords$click$4.call(Unknown Source)
	at apply_stm.run(apply_stm:18)
	at com.kms.katalon.core.main.ScriptEngine.run(ScriptEngine.java:194)
	at com.kms.katalon.core.main.ScriptEngine.runScriptAsRawText(ScriptEngine.java:119)
	at com.kms.katalon.core.main.TestCaseExecutor.runScript(TestCaseExecutor.java:328)
	at com.kms.katalon.core.main.TestCaseExecutor.doExecute(TestCaseExecutor.java:319)
	at com.kms.katalon.core.main.TestCaseExecutor.processExecutionPhase(TestCaseExecutor.java:298)
	at com.kms.katalon.core.main.TestCaseExecutor.accessMainPhase(TestCaseExecutor.java:290)
	at com.kms.katalon.core.main.TestCaseExecutor.execute(TestCaseExecutor.java:224)
	at com.kms.katalon.core.main.TestCaseMain.runTestCase(TestCaseMain.java:106)
	at com.kms.katalon.core.keyword.builtin.CallTestCaseKeyword$_callTestCase_closure1.doCall(CallTestCaseKeyword.groovy:59)
	at com.kms.katalon.core.keyword.builtin.CallTestCaseKeyword$_callTestCase_closure1.call(CallTestCaseKeyword.groovy)
	at com.kms.katalon.core.keyword.internal.KeywordMain.runKeyword(KeywordMain.groovy:54)
	at com.kms.katalon.core.keyword.builtin.CallTestCaseKeyword.callTestCase(CallTestCaseKeyword.groovy:80)
	at com.kms.katalon.core.keyword.builtin.CallTestCaseKeyword.execute(CallTestCaseKeyword.groovy:44)
	at com.kms.katalon.core.keyword.internal.KeywordExecutor.executeKeywordForPlatform(KeywordExecutor.groovy:53)
	at com.kms.katalon.core.keyword.BuiltinKeywords.callTestCase(BuiltinKeywords.groovy:334)
	at Everest.run(Everest:32)
	at com.kms.katalon.core.main.ScriptEngine.run(ScriptEngine.java:194)
	at com.kms.katalon.core.main.ScriptEngine.runScriptAsRawText(ScriptEngine.java:119)
	at com.kms.katalon.core.main.TestCaseExecutor.runScript(TestCaseExecutor.java:328)
	at com.kms.katalon.core.main.TestCaseExecutor.doExecute(TestCaseExecutor.java:319)
	at com.kms.katalon.core.main.TestCaseExecutor.processExecutionPhase(TestCaseExecutor.java:298)
	at com.kms.katalon.core.main.TestCaseExecutor.accessMainPhase(TestCaseExecutor.java:290)
	at com.kms.katalon.core.main.TestCaseExecutor.execute(TestCaseExecutor.java:224)
	at com.kms.katalon.core.main.TestSuiteExecutor.accessTestCaseMainPhase(TestSuiteExecutor.java:129)
	at com.kms.katalon.core.main.TestSuiteExecutor.accessTestSuiteMainPhase(TestSuiteExecutor.java:112)
	at com.kms.katalon.core.main.TestSuiteExecutor.execute(TestSuiteExecutor.java:81)
	at com.kms.katalon.core.main.TestCaseMain.startTestSuite(TestCaseMain.java:149)
	at com.kms.katalon.core.main.TestCaseMain$startTestSuite$0.call(Unknown Source)
	at TempTestSuite1554806206518.run(TempTestSuite1554806206518.groovy:36)]]></system-err>
      </testcase>
      <testcase name="Test Cases/mobileWeb/stm/Everest Prime" classname="Test Cases/mobileWeb/stm/Everest Prime" status="PASSED">
         <system-out><![CDATA[2019-04-09 18:42:16 - [TEST_CASE][PASSED] - Test Cases/mobileWeb/stm/Everest Prime: Test Cases/mobileWeb/stm/Everest Prime

2019-04-09 18:42:16 - [TEST_STEP][PASSED] - now = new java.util.Date(): null

2019-04-09 18:42:16 - [TEST_STEP][PASSED] - mydate = now.format("yyyyMMdd_HHmmss"): null

2019-04-09 18:42:16 - [TEST_STEP][PASSED] - screenPath = stmPath + "Everest Prime/" + mydate + "/": null

2019-04-09 18:42:16 - [TEST_STEP][PASSED] - i = 0: null

2019-04-09 18:42:16 - [TEST_STEP][PASSED] - callTestCase(findTestCase("mobileWeb/_include/openWebSite"), [:], CONTINUE_ON_FAILURE): Call Test Case 'Test Cases/mobileWeb/_include/openWebSite' successfully

2019-04-09 18:42:17 - [TEST_CASE][PASSED] - Test Cases/mobileWeb/_include/openWebSite: Test Cases/mobileWeb/_include/openWebSite

2019-04-09 18:42:17 - [TEST_STEP][PASSED] - openBrowser(""): Browser is opened with url: ''

2019-04-09 18:42:17 - [MESSAGE][WARNING] - A browser is already opened. Closing browser and opening a new one

2019-04-09 18:42:17 - [MESSAGE][INFO] - Starting 'Chrome' driver

2019-04-09 18:42:17 - [MESSAGE][INFO] - User set preference: ['mobileEmulation', '{deviceName=iPhone X}']

2019-04-09 18:42:17 - [MESSAGE][INFO] - User set preference: ['args', '[]']

2019-04-09 18:42:18 - [MESSAGE][PASSED] - Browser is opened with url: ''

2019-04-09 18:42:18 - [TEST_STEP][PASSED] - navigateToUrl(ENV): Navigate to 'https://praetemptatus.agilehealthinsurance.com' successfully

2019-04-09 18:42:20 - [MESSAGE][PASSED] - Navigate to 'https://praetemptatus.agilehealthinsurance.com' successfully

2019-04-09 18:42:20 - [TEST_STEP][PASSED] - waitForPageLoad(10): Wait for page load successfully

2019-04-09 18:42:20 - [MESSAGE][PASSED] - Wait for page load successfully

2019-04-09 18:42:20 - [TEST_STEP][PASSED] - callTestCase(findTestCase("mobileWeb/_include/get_screenshot"), [:], STOP_ON_FAILURE): Call Test Case 'Test Cases/mobileWeb/_include/get_screenshot' successfully

2019-04-09 18:42:20 - [TEST_CASE][PASSED] - Test Cases/mobileWeb/_include/get_screenshot: Test Cases/mobileWeb/_include/get_screenshot

2019-04-09 18:42:20 - [TEST_STEP][PASSED] - takeScreenshot(screenPath + i + ".png"): Taking screenshot successfully

2019-04-09 18:42:22 - [MESSAGE][PASSED] - Taking screenshot successfully
[[ATTACHMENT|../Screenshots/mobileWeb/stm/Everest Prime/20190409_184216/0.png]]

2019-04-09 18:42:22 - [TEST_STEP][PASSED] - (internal.GlobalVariable.i++): null

2019-04-09 18:42:22 - [MESSAGE][PASSED] - Call Test Case 'Test Cases/mobileWeb/_include/get_screenshot' successfully

2019-04-09 18:42:22 - [MESSAGE][PASSED] - Call Test Case 'Test Cases/mobileWeb/_include/openWebSite' successfully

2019-04-09 18:42:22 - [TEST_STEP][PASSED] - callTestCase(findTestCase("mobileWeb/_include/census_stm"), [:], CONTINUE_ON_FAILURE): Call Test Case 'Test Cases/mobileWeb/_include/census_stm' successfully

2019-04-09 18:42:22 - [TEST_CASE][PASSED] - Test Cases/mobileWeb/_include/census_stm: Test Cases/mobileWeb/_include/census_stm

2019-04-09 18:42:22 - [TEST_STEP][PASSED] - waitForElementClickable(findTestObject("mobileSanity/STM/Home Page/a_Quote  Save Today"), 10): Object 'Object Repository/mobileSanity/STM/Home Page/a_Quote  Save Today' is clickable

2019-04-09 18:42:22 - [MESSAGE][PASSED] - Object 'Object Repository/mobileSanity/STM/Home Page/a_Quote  Save Today' is clickable

2019-04-09 18:42:22 - [TEST_STEP][PASSED] - click(findTestObject("mobileSanity/STM/Home Page/a_Quote  Save Today")): Object: 'Object Repository/mobileSanity/STM/Home Page/a_Quote  Save Today' is clicked on

2019-04-09 18:42:23 - [MESSAGE][PASSED] - Object: 'Object Repository/mobileSanity/STM/Home Page/a_Quote  Save Today' is clicked on

2019-04-09 18:42:23 - [TEST_STEP][PASSED] - waitForPageLoad(10): Wait for page load successfully

2019-04-09 18:42:23 - [MESSAGE][PASSED] - Wait for page load successfully

2019-04-09 18:42:23 - [TEST_STEP][PASSED] - callTestCase(findTestCase("mobileWeb/_include/get_screenshot"), [:], STOP_ON_FAILURE): Call Test Case 'Test Cases/mobileWeb/_include/get_screenshot' successfully

2019-04-09 18:42:23 - [TEST_CASE][PASSED] - Test Cases/mobileWeb/_include/get_screenshot: Test Cases/mobileWeb/_include/get_screenshot

2019-04-09 18:42:23 - [TEST_STEP][PASSED] - takeScreenshot(screenPath + i + ".png"): Taking screenshot successfully

2019-04-09 18:42:24 - [MESSAGE][PASSED] - Taking screenshot successfully
[[ATTACHMENT|../Screenshots/mobileWeb/stm/Everest Prime/20190409_184216/1.png]]

2019-04-09 18:42:24 - [TEST_STEP][PASSED] - (internal.GlobalVariable.i++): null

2019-04-09 18:42:24 - [MESSAGE][PASSED] - Call Test Case 'Test Cases/mobileWeb/_include/get_screenshot' successfully

2019-04-09 18:42:24 - [TEST_STEP][PASSED] - setText(findTestObject("mobileSanity/STM/STM Census Page/input_Location_zip-input"), zipcode): Text '35215' is set on object 'Object Repository/mobileSanity/STM/STM Census Page/input_Location_zip-input'

2019-04-09 18:42:25 - [MESSAGE][PASSED] - Text '35215' is set on object 'Object Repository/mobileSanity/STM/STM Census Page/input_Location_zip-input'

2019-04-09 18:42:25 - [TEST_STEP][PASSED] - Thread.sleep(500): null

2019-04-09 18:42:25 - [TEST_STEP][PASSED] - setText(findTestObject("mobileSanity/STM/STM Census Page/input_Date of Birth_dob-0"), "03031987"): Text '03031987' is set on object 'Object Repository/mobileSanity/STM/STM Census Page/input_Date of Birth_dob-0'

2019-04-09 18:42:25 - [MESSAGE][PASSED] - Text '03031987' is set on object 'Object Repository/mobileSanity/STM/STM Census Page/input_Date of Birth_dob-0'

2019-04-09 18:42:25 - [TEST_STEP][PASSED] - click(findTestObject("mobileSanity/STM/STM Census Page/label_Male")): Object: 'Object Repository/mobileSanity/STM/STM Census Page/label_Male' is clicked on

2019-04-09 18:42:25 - [MESSAGE][PASSED] - Object: 'Object Repository/mobileSanity/STM/STM Census Page/label_Male' is clicked on

2019-04-09 18:42:25 - [TEST_STEP][PASSED] - click(findTestObject("mobileSanity/STM/STM Census Page/label_Compare Plans")): Object: 'Object Repository/mobileSanity/STM/STM Census Page/label_Compare Plans' is clicked on

2019-04-09 18:42:25 - [MESSAGE][PASSED] - Object: 'Object Repository/mobileSanity/STM/STM Census Page/label_Compare Plans' is clicked on

2019-04-09 18:42:25 - [TEST_STEP][PASSED] - waitForPageLoad(10): Wait for page load successfully

2019-04-09 18:42:25 - [MESSAGE][PASSED] - Wait for page load successfully

2019-04-09 18:42:25 - [TEST_STEP][PASSED] - callTestCase(findTestCase("mobileWeb/_include/get_screenshot"), [:], STOP_ON_FAILURE): Call Test Case 'Test Cases/mobileWeb/_include/get_screenshot' successfully

2019-04-09 18:42:25 - [TEST_CASE][PASSED] - Test Cases/mobileWeb/_include/get_screenshot: Test Cases/mobileWeb/_include/get_screenshot

2019-04-09 18:42:25 - [TEST_STEP][PASSED] - takeScreenshot(screenPath + i + ".png"): Taking screenshot successfully

2019-04-09 18:42:31 - [MESSAGE][PASSED] - Taking screenshot successfully
[[ATTACHMENT|../Screenshots/mobileWeb/stm/Everest Prime/20190409_184216/2.png]]

2019-04-09 18:42:31 - [TEST_STEP][PASSED] - (internal.GlobalVariable.i++): null

2019-04-09 18:42:31 - [MESSAGE][PASSED] - Call Test Case 'Test Cases/mobileWeb/_include/get_screenshot' successfully

2019-04-09 18:42:31 - [MESSAGE][PASSED] - Call Test Case 'Test Cases/mobileWeb/_include/census_stm' successfully

2019-04-09 18:42:31 - [TEST_STEP][PASSED] - callTestCase(findTestCase("mobileWeb/_include/filter_stm"), ["carrier":"everest"], STOP_ON_FAILURE): Call Test Case 'Test Cases/mobileWeb/_include/filter_stm' successfully

2019-04-09 18:42:31 - [TEST_CASE][PASSED] - Test Cases/mobileWeb/_include/filter_stm: Test Cases/mobileWeb/_include/filter_stm

2019-04-09 18:42:31 - [TEST_STEP][PASSED] - driver = getWebDriver(): null

2019-04-09 18:42:31 - [TEST_STEP][PASSED] - selenium = new com.thoughtworks.selenium.webdriven.WebDriverBackedSelenium(driver, internal.GlobalVariable.ENV): null

2019-04-09 18:42:31 - [TEST_STEP][PASSED] - click(findTestObject("mobileSanity/STM/STM Quote Page/button_6 months")): Object: 'Object Repository/mobileSanity/STM/STM Quote Page/button_6 months' is clicked on

2019-04-09 18:42:31 - [MESSAGE][PASSED] - Object: 'Object Repository/mobileSanity/STM/STM Quote Page/button_6 months' is clicked on

2019-04-09 18:42:31 - [TEST_STEP][PASSED] - test.MobileKeywords.clickJS(findTestObject("mobileSanity/STM/STM Quote Page/radio_6 months")): test.MobileKeywords.clickJS is PASSED

2019-04-09 18:42:32 - [MESSAGE][PASSED] - Execute JavaScript 'arguments[0].click()' successfully

2019-04-09 18:42:32 - [MESSAGE][PASSED] - test.MobileKeywords.clickJS is PASSED

2019-04-09 18:42:32 - [TEST_STEP][PASSED] - Thread.sleep(1000): null

2019-04-09 18:42:33 - [TEST_STEP][PASSED] - test.MobileKeywords.clickJS(findTestObject("mobileSanity/STM/STM Quote Page/duration_show_plans")): test.MobileKeywords.clickJS is PASSED

2019-04-09 18:42:33 - [MESSAGE][PASSED] - Execute JavaScript 'arguments[0].click()' successfully

2019-04-09 18:42:33 - [MESSAGE][PASSED] - test.MobileKeywords.clickJS is PASSED

2019-04-09 18:42:33 - [TEST_STEP][PASSED] - waitForJQueryLoad(10, STOP_ON_FAILURE): jQuery is ready.

2019-04-09 18:42:34 - [MESSAGE][PASSED] - jQuery is ready.

2019-04-09 18:42:34 - [TEST_STEP][PASSED] - Thread.sleep(1000): null

2019-04-09 18:42:35 - [TEST_STEP][PASSED] - click(findTestObject("mobileSanity/STM/STM Quote Page/button_filters")): Object: 'Object Repository/mobileSanity/STM/STM Quote Page/button_filters' is clicked on

2019-04-09 18:42:35 - [MESSAGE][PASSED] - Object: 'Object Repository/mobileSanity/STM/STM Quote Page/button_filters' is clicked on

2019-04-09 18:42:35 - [TEST_STEP][PASSED] - Thread.sleep(1000): null

2019-04-09 18:42:36 - [TEST_STEP][PASSED] - click(findTestObject("mobileSanity/STM/STM Quote Page/i_Insurance company")): Object: 'Object Repository/mobileSanity/STM/STM Quote Page/i_Insurance company' is clicked on

2019-04-09 18:42:36 - [MESSAGE][PASSED] - Object: 'Object Repository/mobileSanity/STM/STM Quote Page/i_Insurance company' is clicked on

2019-04-09 18:42:36 - [TEST_STEP][PASSED] - Thread.sleep(1000): null

2019-04-09 18:42:37 - [TEST_STEP][PASSED] - filter_carrier = "//input[@name='filter[carrier]' and @value='" + carrier + "']/following::label": null

2019-04-09 18:42:37 - [TEST_STEP][PASSED] - println(filter_carrier): null

2019-04-09 18:42:37 - [TEST_STEP][PASSED] - test.MobileKeywords.clickJS_ByXpath(filter_carrier): test.MobileKeywords.clickJS_ByXpath is PASSED

2019-04-09 18:42:37 - [MESSAGE][PASSED] - Execute JavaScript 'arguments[0].click()' successfully

2019-04-09 18:42:37 - [MESSAGE][PASSED] - test.MobileKeywords.clickJS_ByXpath is PASSED

2019-04-09 18:42:37 - [TEST_STEP][PASSED] - Thread.sleep(1000): null

2019-04-09 18:42:38 - [TEST_STEP][PASSED] - scrollToElement(findTestObject("mobileSanity/STM/STM Quote Page/a_Show Plans"), 1000): Scroll to object 'Object Repository/mobileSanity/STM/STM Quote Page/a_Show Plans' successfully

2019-04-09 18:42:38 - [MESSAGE][PASSED] - Scroll to object 'Object Repository/mobileSanity/STM/STM Quote Page/a_Show Plans' successfully

2019-04-09 18:42:38 - [TEST_STEP][PASSED] - click(findTestObject("mobileSanity/STM/STM Quote Page/a_Show Plans")): Object: 'Object Repository/mobileSanity/STM/STM Quote Page/a_Show Plans' is clicked on

2019-04-09 18:42:38 - [MESSAGE][PASSED] - Object: 'Object Repository/mobileSanity/STM/STM Quote Page/a_Show Plans' is clicked on

2019-04-09 18:42:38 - [TEST_STEP][PASSED] - waitForJQueryLoad(10, STOP_ON_FAILURE): jQuery is ready.

2019-04-09 18:42:39 - [MESSAGE][PASSED] - jQuery is ready.

2019-04-09 18:42:39 - [TEST_STEP][PASSED] - Thread.sleep(1000): null

2019-04-09 18:42:40 - [TEST_STEP][PASSED] - callTestCase(findTestCase("mobileWeb/_include/get_screenshot"), [:], STOP_ON_FAILURE): Call Test Case 'Test Cases/mobileWeb/_include/get_screenshot' successfully

2019-04-09 18:42:40 - [TEST_CASE][PASSED] - Test Cases/mobileWeb/_include/get_screenshot: Test Cases/mobileWeb/_include/get_screenshot

2019-04-09 18:42:40 - [TEST_STEP][PASSED] - takeScreenshot(screenPath + i + ".png"): Taking screenshot successfully

2019-04-09 18:42:41 - [MESSAGE][PASSED] - Taking screenshot successfully
[[ATTACHMENT|../Screenshots/mobileWeb/stm/Everest Prime/20190409_184216/3.png]]

2019-04-09 18:42:41 - [TEST_STEP][PASSED] - (internal.GlobalVariable.i++): null

2019-04-09 18:42:41 - [MESSAGE][PASSED] - Call Test Case 'Test Cases/mobileWeb/_include/get_screenshot' successfully

2019-04-09 18:42:41 - [MESSAGE][PASSED] - Call Test Case 'Test Cases/mobileWeb/_include/filter_stm' successfully

2019-04-09 18:42:41 - [TEST_STEP][PASSED] - callTestCase(findTestCase("mobileWeb/_include/goToDetail_stm"), ["carrier":"everest"], STOP_ON_FAILURE): Call Test Case 'Test Cases/mobileWeb/_include/goToDetail_stm' successfully

2019-04-09 18:42:41 - [TEST_CASE][PASSED] - Test Cases/mobileWeb/_include/goToDetail_stm: Test Cases/mobileWeb/_include/goToDetail_stm

2019-04-09 18:42:41 - [TEST_STEP][PASSED] - driver = getWebDriver(): null

2019-04-09 18:42:41 - [TEST_STEP][PASSED] - selenium = new com.thoughtworks.selenium.webdriven.WebDriverBackedSelenium(driver, internal.GlobalVariable.ENV): null

2019-04-09 18:42:41 - [TEST_STEP][PASSED] - a_plan_name = "xpath=//a[contains(@href,'/term-health-insurance/plan/" + carrier + "')]": null

2019-04-09 18:42:41 - [TEST_STEP][PASSED] - println(a_plan_name): null

2019-04-09 18:42:41 - [TEST_STEP][PASSED] - selenium.click(a_plan_name): null

2019-04-09 18:42:43 - [TEST_STEP][PASSED] - waitForPageLoad(10): Wait for page load successfully

2019-04-09 18:42:43 - [MESSAGE][PASSED] - Wait for page load successfully

2019-04-09 18:42:43 - [TEST_STEP][PASSED] - callTestCase(findTestCase("mobileWeb/_include/get_screenshot"), [:], STOP_ON_FAILURE): Call Test Case 'Test Cases/mobileWeb/_include/get_screenshot' successfully

2019-04-09 18:42:44 - [TEST_CASE][PASSED] - Test Cases/mobileWeb/_include/get_screenshot: Test Cases/mobileWeb/_include/get_screenshot

2019-04-09 18:42:44 - [TEST_STEP][PASSED] - takeScreenshot(screenPath + i + ".png"): Taking screenshot successfully

2019-04-09 18:42:45 - [MESSAGE][PASSED] - Taking screenshot successfully
[[ATTACHMENT|../Screenshots/mobileWeb/stm/Everest Prime/20190409_184216/4.png]]

2019-04-09 18:42:45 - [TEST_STEP][PASSED] - (internal.GlobalVariable.i++): null

2019-04-09 18:42:45 - [MESSAGE][PASSED] - Call Test Case 'Test Cases/mobileWeb/_include/get_screenshot' successfully

2019-04-09 18:42:45 - [MESSAGE][PASSED] - Call Test Case 'Test Cases/mobileWeb/_include/goToDetail_stm' successfully

2019-04-09 18:42:45 - [TEST_STEP][PASSED] - callTestCase(findTestCase("mobileWeb/_include/apply_stm"), [:], STOP_ON_FAILURE): Call Test Case 'Test Cases/mobileWeb/_include/apply_stm' successfully

2019-04-09 18:42:45 - [TEST_CASE][PASSED] - Test Cases/mobileWeb/_include/apply_stm: Test Cases/mobileWeb/_include/apply_stm

2019-04-09 18:42:45 - [TEST_STEP][PASSED] - waitForElementVisible(findTestObject("mobileSanity/STM/STM PlanDetail Page/a_Apply for This Plan"), 5): Object 'Object Repository/mobileSanity/STM/STM PlanDetail Page/a_Apply for This Plan' is visible

2019-04-09 18:42:45 - [MESSAGE][PASSED] - Object 'Object Repository/mobileSanity/STM/STM PlanDetail Page/a_Apply for This Plan' is visible

2019-04-09 18:42:45 - [TEST_STEP][PASSED] - click(findTestObject("mobileSanity/STM/STM PlanDetail Page/a_Apply for This Plan")): Object: 'Object Repository/mobileSanity/STM/STM PlanDetail Page/a_Apply for This Plan' is clicked on

2019-04-09 18:42:47 - [MESSAGE][PASSED] - Object: 'Object Repository/mobileSanity/STM/STM PlanDetail Page/a_Apply for This Plan' is clicked on

2019-04-09 18:42:47 - [TEST_STEP][PASSED] - waitForPageLoad(10): Wait for page load successfully

2019-04-09 18:42:47 - [MESSAGE][PASSED] - Wait for page load successfully

2019-04-09 18:42:47 - [TEST_STEP][PASSED] - callTestCase(findTestCase("mobileWeb/_include/get_screenshot"), [:], STOP_ON_FAILURE): Call Test Case 'Test Cases/mobileWeb/_include/get_screenshot' successfully

2019-04-09 18:42:47 - [TEST_CASE][PASSED] - Test Cases/mobileWeb/_include/get_screenshot: Test Cases/mobileWeb/_include/get_screenshot

2019-04-09 18:42:47 - [TEST_STEP][PASSED] - takeScreenshot(screenPath + i + ".png"): Taking screenshot successfully

2019-04-09 18:42:48 - [MESSAGE][PASSED] - Taking screenshot successfully
[[ATTACHMENT|../Screenshots/mobileWeb/stm/Everest Prime/20190409_184216/5.png]]

2019-04-09 18:42:48 - [TEST_STEP][PASSED] - (internal.GlobalVariable.i++): null

2019-04-09 18:42:48 - [MESSAGE][PASSED] - Call Test Case 'Test Cases/mobileWeb/_include/get_screenshot' successfully

2019-04-09 18:42:48 - [TEST_STEP][PASSED] - waitForElementVisible(findTestObject("mobileSanity/STM/STM Apply Page/a_Start Secure Application"), 5): Object 'Object Repository/mobileSanity/STM/STM Apply Page/a_Start Secure Application' is visible

2019-04-09 18:42:49 - [MESSAGE][PASSED] - Object 'Object Repository/mobileSanity/STM/STM Apply Page/a_Start Secure Application' is visible

2019-04-09 18:42:49 - [TEST_STEP][PASSED] - click(findTestObject("mobileSanity/STM/STM Apply Page/a_Start Secure Application")): Object: 'Object Repository/mobileSanity/STM/STM Apply Page/a_Start Secure Application' is clicked on

2019-04-09 18:42:50 - [MESSAGE][PASSED] - Object: 'Object Repository/mobileSanity/STM/STM Apply Page/a_Start Secure Application' is clicked on

2019-04-09 18:42:50 - [TEST_STEP][PASSED] - waitForPageLoad(10): Wait for page load successfully

2019-04-09 18:42:50 - [MESSAGE][PASSED] - Wait for page load successfully

2019-04-09 18:42:50 - [TEST_STEP][PASSED] - callTestCase(findTestCase("mobileWeb/_include/get_screenshot"), [:], STOP_ON_FAILURE): Call Test Case 'Test Cases/mobileWeb/_include/get_screenshot' successfully

2019-04-09 18:42:50 - [TEST_CASE][PASSED] - Test Cases/mobileWeb/_include/get_screenshot: Test Cases/mobileWeb/_include/get_screenshot

2019-04-09 18:42:50 - [TEST_STEP][PASSED] - takeScreenshot(screenPath + i + ".png"): Taking screenshot successfully

2019-04-09 18:42:57 - [MESSAGE][PASSED] - Taking screenshot successfully
[[ATTACHMENT|../Screenshots/mobileWeb/stm/Everest Prime/20190409_184216/6.png]]

2019-04-09 18:42:57 - [TEST_STEP][PASSED] - (internal.GlobalVariable.i++): null

2019-04-09 18:42:57 - [MESSAGE][PASSED] - Call Test Case 'Test Cases/mobileWeb/_include/get_screenshot' successfully

2019-04-09 18:42:57 - [MESSAGE][PASSED] - Call Test Case 'Test Cases/mobileWeb/_include/apply_stm' successfully

2019-04-09 18:42:57 - [TEST_STEP][PASSED] - callTestCase(findTestCase("mobileWeb/_include/goToEnd_stm_autofill"), [:], STOP_ON_FAILURE): Call Test Case 'Test Cases/mobileWeb/_include/goToEnd_stm_autofill' successfully

2019-04-09 18:42:57 - [TEST_CASE][PASSED] - Test Cases/mobileWeb/_include/goToEnd_stm_autofill: Test Cases/mobileWeb/_include/goToEnd_stm_autofill

2019-04-09 18:42:57 - [TEST_STEP][PASSED] - callTestCase(findTestCase("mobileWeb/_include/name"), [:], CONTINUE_ON_FAILURE): Call Test Case 'Test Cases/mobileWeb/_include/name' successfully

2019-04-09 18:42:57 - [TEST_CASE][PASSED] - Test Cases/mobileWeb/_include/name: Test Cases/mobileWeb/_include/name

2019-04-09 18:42:57 - [TEST_STEP][PASSED] - driver = getWebDriver(): null

2019-04-09 18:42:57 - [TEST_STEP][PASSED] - selenium = new com.thoughtworks.selenium.webdriven.WebDriverBackedSelenium(driver, internal.GlobalVariable.ENV): null

2019-04-09 18:42:57 - [TEST_STEP][PASSED] - FirstName = "Test-123": null

2019-04-09 18:42:57 - [TEST_STEP][PASSED] - LastName = selenium.getEval("{var x="ABCDEFGHIJKLMNOPQRSTUVWXYZabcdefghijklmnopqrstuvwxyz"; var tmp="ZZ11-"; for (i=0;i<8;i++) tmp+=x.charAt(Math.ceil(51*Math.random()));tmp;}"): null

2019-04-09 18:42:57 - [TEST_STEP][PASSED] - Address = selenium.getEval("{var x="ABCDEFGHIJKLMNOPQRSTUVWXYZabcdefghijklmnopqrstuvwxyz"; var tmp=""; for (i=0;i<8;i++) tmp+=x.charAt(Math.ceil(51*Math.random()));tmp;}"): null

2019-04-09 18:42:57 - [TEST_STEP][PASSED] - City = selenium.getEval("{var x="ABCDEFGHIJKLMNOPQRSTUVWXYZabcdefghijklmnopqrstuvwxyz"; var tmp=""; for (i=0;i<8;i++) tmp+=x.charAt(Math.ceil(51*Math.random()));tmp;}"): null

2019-04-09 18:42:57 - [TEST_STEP][PASSED] - tel1 = selenium.getEval("{var x="123456789"; var tmp=""; for (i=0;i<3;i++) tmp+=x.charAt(Math.ceil(8*Math.random()));tmp;}"): null

2019-04-09 18:42:57 - [TEST_STEP][PASSED] - tel2 = selenium.getEval("{var x="123456789"; var tmp=""; for (i=0;i<3;i++) tmp+=x.charAt(Math.ceil(8*Math.random()));tmp;}"): null

2019-04-09 18:42:57 - [TEST_STEP][PASSED] - tel3 = selenium.getEval("{var x="123456789"; var tmp=""; for (i=0;i<4;i++) tmp+=x.charAt(Math.ceil(8*Math.random()));tmp;}"): null

2019-04-09 18:42:57 - [TEST_STEP][PASSED] - Tel = selenium.getExpression(tel1 + "-" + tel2 + "-" + tel3): null

2019-04-09 18:42:57 - [TEST_STEP][PASSED] - AutoEmail = selenium.getEval("{var x="ABCDEFGHIJKLMNOPQRSTUVWXYZabcdefghijklmnopqrstuvwxyz"; var tmp="test."; for (i=0;i<8;i++) tmp+=x.charAt(Math.ceil(51*Math.random()));tmp+="@suryani.cn";}"): null

2019-04-09 18:42:57 - [TEST_STEP][PASSED] - FirstName = FirstName: null

2019-04-09 18:42:57 - [TEST_STEP][PASSED] - LastName = LastName: null

2019-04-09 18:42:57 - [TEST_STEP][PASSED] - Address = Address: null

2019-04-09 18:42:57 - [TEST_STEP][PASSED] - City = City: null

2019-04-09 18:42:57 - [TEST_STEP][PASSED] - Tel = Tel: null

2019-04-09 18:42:57 - [TEST_STEP][PASSED] - AutoEmail = AutoEmail: null

2019-04-09 18:42:57 - [TEST_STEP][PASSED] - println(FirstName): null

2019-04-09 18:42:57 - [TEST_STEP][PASSED] - println(LastName): null

2019-04-09 18:42:57 - [TEST_STEP][PASSED] - println(Address): null

2019-04-09 18:42:57 - [TEST_STEP][PASSED] - println(City): null

2019-04-09 18:42:57 - [TEST_STEP][PASSED] - println(Tel): null

2019-04-09 18:42:57 - [TEST_STEP][PASSED] - println(AutoEmail): null

2019-04-09 18:42:57 - [MESSAGE][PASSED] - Call Test Case 'Test Cases/mobileWeb/_include/name' successfully

2019-04-09 18:42:57 - [TEST_STEP][PASSED] - waitForPageLoad(0): Wait for page load successfully

2019-04-09 18:42:57 - [MESSAGE][WARNING] - Timeout '0' is invalid. Using default page load timeout: '20'

2019-04-09 18:42:57 - [MESSAGE][PASSED] - Wait for page load successfully

2019-04-09 18:42:57 - [TEST_STEP][PASSED] - Thread.sleep(1000): null

2019-04-09 18:42:58 - [TEST_STEP][PASSED] - callTestCase(findTestCase("mobileWeb/_include/get_screenshot"), [:], STOP_ON_FAILURE): Call Test Case 'Test Cases/mobileWeb/_include/get_screenshot' successfully

2019-04-09 18:42:58 - [TEST_CASE][PASSED] - Test Cases/mobileWeb/_include/get_screenshot: Test Cases/mobileWeb/_include/get_screenshot

2019-04-09 18:42:58 - [TEST_STEP][PASSED] - takeScreenshot(screenPath + i + ".png"): Taking screenshot successfully

2019-04-09 18:42:59 - [MESSAGE][PASSED] - Taking screenshot successfully
[[ATTACHMENT|../Screenshots/mobileWeb/stm/Everest Prime/20190409_184216/7.png]]

2019-04-09 18:42:59 - [TEST_STEP][PASSED] - (internal.GlobalVariable.i++): null

2019-04-09 18:42:59 - [MESSAGE][PASSED] - Call Test Case 'Test Cases/mobileWeb/_include/get_screenshot' successfully

2019-04-09 18:42:59 - [TEST_STEP][PASSED] - waitForElementVisible(findTestObject("mobileSanity/STM/Page_App Page 1/a_Autofill App Info"), 0): Object 'Object Repository/mobileSanity/STM/Page_App Page 1/a_Autofill App Info' is visible

2019-04-09 18:42:59 - [MESSAGE][WARNING] - Timeout '0' is invalid. Using default page load timeout: '20'

2019-04-09 18:42:59 - [MESSAGE][PASSED] - Object 'Object Repository/mobileSanity/STM/Page_App Page 1/a_Autofill App Info' is visible

2019-04-09 18:42:59 - [TEST_STEP][PASSED] - click(findTestObject("mobileSanity/STM/Page_App Page 1/a_Autofill App Info")): Object: 'Object Repository/mobileSanity/STM/Page_App Page 1/a_Autofill App Info' is clicked on

2019-04-09 18:42:59 - [MESSAGE][PASSED] - Object: 'Object Repository/mobileSanity/STM/Page_App Page 1/a_Autofill App Info' is clicked on

2019-04-09 18:42:59 - [TEST_STEP][PASSED] - Thread.sleep(1000): null

2019-04-09 18:43:00 - [TEST_STEP][PASSED] - waitForElementVisible(findTestObject("mobileSanity/STM/Page_App Page 1/a_Continue"), 0): Object 'Object Repository/mobileSanity/STM/Page_App Page 1/a_Continue' is visible

2019-04-09 18:43:00 - [MESSAGE][WARNING] - Timeout '0' is invalid. Using default page load timeout: '20'

2019-04-09 18:43:00 - [MESSAGE][PASSED] - Object 'Object Repository/mobileSanity/STM/Page_App Page 1/a_Continue' is visible

2019-04-09 18:43:00 - [TEST_STEP][PASSED] - click(findTestObject("mobileSanity/STM/Page_App Page 1/a_Continue")): Object: 'Object Repository/mobileSanity/STM/Page_App Page 1/a_Continue' is clicked on

2019-04-09 18:43:00 - [MESSAGE][PASSED] - Object: 'Object Repository/mobileSanity/STM/Page_App Page 1/a_Continue' is clicked on

2019-04-09 18:43:00 - [TEST_STEP][PASSED] - waitForPageLoad(10): Wait for page load successfully

2019-04-09 18:43:00 - [MESSAGE][PASSED] - Wait for page load successfully

2019-04-09 18:43:00 - [TEST_STEP][PASSED] - callTestCase(findTestCase("mobileWeb/_include/get_screenshot"), [:], STOP_ON_FAILURE): Call Test Case 'Test Cases/mobileWeb/_include/get_screenshot' successfully

2019-04-09 18:43:00 - [TEST_CASE][PASSED] - Test Cases/mobileWeb/_include/get_screenshot: Test Cases/mobileWeb/_include/get_screenshot

2019-04-09 18:43:00 - [TEST_STEP][PASSED] - takeScreenshot(screenPath + i + ".png"): Taking screenshot successfully

2019-04-09 18:43:01 - [MESSAGE][PASSED] - Taking screenshot successfully
[[ATTACHMENT|../Screenshots/mobileWeb/stm/Everest Prime/20190409_184216/8.png]]

2019-04-09 18:43:01 - [TEST_STEP][PASSED] - (internal.GlobalVariable.i++): null

2019-04-09 18:43:01 - [MESSAGE][PASSED] - Call Test Case 'Test Cases/mobileWeb/_include/get_screenshot' successfully

2019-04-09 18:43:01 - [TEST_STEP][PASSED] - click(findTestObject("mobileSanity/STM/Page_App Page 2/a_Continue to Step 3 - Payment")): Object: 'Object Repository/mobileSanity/STM/Page_App Page 2/a_Continue to Step 3 - Payment' is clicked on

2019-04-09 18:43:03 - [MESSAGE][PASSED] - Object: 'Object Repository/mobileSanity/STM/Page_App Page 2/a_Continue to Step 3 - Payment' is clicked on

2019-04-09 18:43:03 - [TEST_STEP][PASSED] - Thread.sleep(2000): null

2019-04-09 18:43:05 - [TEST_STEP][PASSED] - clearText(findTestObject("mobileSanity/STM/Page_App Page 3/input__credit-card-cvv")): Text of object 'Object Repository/mobileSanity/STM/Page_App Page 3/input__credit-card-cvv' is cleared

2019-04-09 18:43:05 - [MESSAGE][PASSED] - Text of object 'Object Repository/mobileSanity/STM/Page_App Page 3/input__credit-card-cvv' is cleared

2019-04-09 18:43:05 - [TEST_STEP][PASSED] - setText(findTestObject("mobileSanity/STM/Page_App Page 3/input__credit-card-cvv"), "123"): Text '123' is set on object 'Object Repository/mobileSanity/STM/Page_App Page 3/input__credit-card-cvv'

2019-04-09 18:43:05 - [MESSAGE][PASSED] - Text '123' is set on object 'Object Repository/mobileSanity/STM/Page_App Page 3/input__credit-card-cvv'

2019-04-09 18:43:05 - [TEST_STEP][PASSED] - click(findTestObject("mobileSanity/STM/Page_App Page 3/label_I Accept Authorization f")): Object: 'Object Repository/mobileSanity/STM/Page_App Page 3/label_I Accept Authorization f' is clicked on

2019-04-09 18:43:05 - [MESSAGE][PASSED] - Object: 'Object Repository/mobileSanity/STM/Page_App Page 3/label_I Accept Authorization f' is clicked on

2019-04-09 18:43:05 - [TEST_STEP][PASSED] - callTestCase(findTestCase("mobileWeb/_include/get_screenshot"), [:], STOP_ON_FAILURE): Call Test Case 'Test Cases/mobileWeb/_include/get_screenshot' successfully

2019-04-09 18:43:05 - [TEST_CASE][PASSED] - Test Cases/mobileWeb/_include/get_screenshot: Test Cases/mobileWeb/_include/get_screenshot

2019-04-09 18:43:05 - [TEST_STEP][PASSED] - takeScreenshot(screenPath + i + ".png"): Taking screenshot successfully

2019-04-09 18:43:06 - [MESSAGE][PASSED] - Taking screenshot successfully
[[ATTACHMENT|../Screenshots/mobileWeb/stm/Everest Prime/20190409_184216/9.png]]

2019-04-09 18:43:06 - [TEST_STEP][PASSED] - (internal.GlobalVariable.i++): null

2019-04-09 18:43:06 - [MESSAGE][PASSED] - Call Test Case 'Test Cases/mobileWeb/_include/get_screenshot' successfully

2019-04-09 18:43:06 - [TEST_STEP][PASSED] - click(findTestObject("mobileSanity/STM/Page_App Page 3/a_Continue to Step 4 - Review")): Object: 'Object Repository/mobileSanity/STM/Page_App Page 3/a_Continue to Step 4 - Review' is clicked on

2019-04-09 18:43:06 - [MESSAGE][PASSED] - Object: 'Object Repository/mobileSanity/STM/Page_App Page 3/a_Continue to Step 4 - Review' is clicked on

2019-04-09 18:43:06 - [TEST_STEP][PASSED] - waitForElementClickable(findTestObject("mobileSanity/STM/Page_App Page 4/label"), 10): Object 'Object Repository/mobileSanity/STM/Page_App Page 4/label' is clickable

2019-04-09 18:43:08 - [MESSAGE][PASSED] - Object 'Object Repository/mobileSanity/STM/Page_App Page 4/label' is clickable

2019-04-09 18:43:08 - [TEST_STEP][PASSED] - click(findTestObject("mobileSanity/STM/Page_App Page 4/label")): Object: 'Object Repository/mobileSanity/STM/Page_App Page 4/label' is clicked on

2019-04-09 18:43:08 - [MESSAGE][PASSED] - Object: 'Object Repository/mobileSanity/STM/Page_App Page 4/label' is clicked on

2019-04-09 18:43:08 - [TEST_STEP][PASSED] - click(findTestObject("mobileSanity/STM/Page_App Page 4/div_CLICK TO SIGN")): Object: 'Object Repository/mobileSanity/STM/Page_App Page 4/div_CLICK TO SIGN' is clicked on

2019-04-09 18:43:08 - [MESSAGE][PASSED] - Object: 'Object Repository/mobileSanity/STM/Page_App Page 4/div_CLICK TO SIGN' is clicked on

2019-04-09 18:43:08 - [TEST_STEP][PASSED] - callTestCase(findTestCase("mobileWeb/_include/get_screenshot"), [:], STOP_ON_FAILURE): Call Test Case 'Test Cases/mobileWeb/_include/get_screenshot' successfully

2019-04-09 18:43:08 - [TEST_CASE][PASSED] - Test Cases/mobileWeb/_include/get_screenshot: Test Cases/mobileWeb/_include/get_screenshot

2019-04-09 18:43:08 - [TEST_STEP][PASSED] - takeScreenshot(screenPath + i + ".png"): Taking screenshot successfully

2019-04-09 18:43:09 - [MESSAGE][PASSED] - Taking screenshot successfully
[[ATTACHMENT|../Screenshots/mobileWeb/stm/Everest Prime/20190409_184216/10.png]]

2019-04-09 18:43:09 - [TEST_STEP][PASSED] - (internal.GlobalVariable.i++): null

2019-04-09 18:43:09 - [MESSAGE][PASSED] - Call Test Case 'Test Cases/mobileWeb/_include/get_screenshot' successfully

2019-04-09 18:43:09 - [TEST_STEP][PASSED] - click(findTestObject("mobileSanity/STM/Page_App Page 4/a_Submit Your Application")): Object: 'Object Repository/mobileSanity/STM/Page_App Page 4/a_Submit Your Application' is clicked on

2019-04-09 18:43:09 - [MESSAGE][PASSED] - Object: 'Object Repository/mobileSanity/STM/Page_App Page 4/a_Submit Your Application' is clicked on

2019-04-09 18:43:09 - [TEST_STEP][PASSED] - Thread.sleep(2000): null

2019-04-09 18:43:11 - [TEST_STEP][PASSED] - callTestCase(findTestCase("mobileWeb/_include/get_screenshot"), [:], STOP_ON_FAILURE): Call Test Case 'Test Cases/mobileWeb/_include/get_screenshot' successfully

2019-04-09 18:43:11 - [TEST_CASE][PASSED] - Test Cases/mobileWeb/_include/get_screenshot: Test Cases/mobileWeb/_include/get_screenshot

2019-04-09 18:43:11 - [TEST_STEP][PASSED] - takeScreenshot(screenPath + i + ".png"): Taking screenshot successfully

2019-04-09 18:43:12 - [MESSAGE][PASSED] - Taking screenshot successfully
[[ATTACHMENT|../Screenshots/mobileWeb/stm/Everest Prime/20190409_184216/11.png]]

2019-04-09 18:43:12 - [TEST_STEP][PASSED] - (internal.GlobalVariable.i++): null

2019-04-09 18:43:12 - [MESSAGE][PASSED] - Call Test Case 'Test Cases/mobileWeb/_include/get_screenshot' successfully

2019-04-09 18:43:12 - [TEST_STEP][PASSED] - waitForElementPresent(findTestObject("mobileSanity/STM/Page_App Page 6/span_planName"), 30): Object 'Object Repository/mobileSanity/STM/Page_App Page 6/span_planName' is not present after 30 second(s)

2019-04-09 18:43:43 - [MESSAGE][INFO] - Unable to find the element located by 'By.xpath: id("js-app-confirmation")/div[@class="app-confirmation-main"]/div[@class="app-confirmation-container"]/p[@class="reset"]/span[@class="emphasize"]'. Please recheck the objects properties to make sure the desired element is located. 

2019-04-09 18:43:43 - [MESSAGE][WARNING] - Object 'Object Repository/mobileSanity/STM/Page_App Page 6/span_planName' is not present after 30 second(s)

2019-04-09 18:43:43 - [TEST_STEP][PASSED] - verifyElementPresent(findTestObject("mobileSanity/STM/Page_App Page 6/span_planName"), 0): Object 'Object Repository/mobileSanity/STM/Page_App Page 6/span_planName' is present

2019-04-09 18:43:43 - [MESSAGE][WARNING] - Timeout '0' is invalid. Using default page load timeout: '20'

2019-04-09 18:45:06 - [MESSAGE][PASSED] - Object 'Object Repository/mobileSanity/STM/Page_App Page 6/span_planName' is present

2019-04-09 18:45:06 - [TEST_STEP][PASSED] - verifyElementPresent(findTestObject("mobileSanity/STM/Page_App Page 6/span_approved"), 0): Object 'Object Repository/mobileSanity/STM/Page_App Page 6/span_approved' is present

2019-04-09 18:45:06 - [MESSAGE][WARNING] - Timeout '0' is invalid. Using default page load timeout: '20'

2019-04-09 18:45:06 - [MESSAGE][PASSED] - Object 'Object Repository/mobileSanity/STM/Page_App Page 6/span_approved' is present

2019-04-09 18:45:06 - [TEST_STEP][PASSED] - callTestCase(findTestCase("mobileWeb/_include/get_screenshot"), [:], STOP_ON_FAILURE): Call Test Case 'Test Cases/mobileWeb/_include/get_screenshot' successfully

2019-04-09 18:45:06 - [TEST_CASE][PASSED] - Test Cases/mobileWeb/_include/get_screenshot: Test Cases/mobileWeb/_include/get_screenshot

2019-04-09 18:45:06 - [TEST_STEP][PASSED] - takeScreenshot(screenPath + i + ".png"): Taking screenshot successfully

2019-04-09 18:45:07 - [MESSAGE][PASSED] - Taking screenshot successfully
[[ATTACHMENT|../Screenshots/mobileWeb/stm/Everest Prime/20190409_184216/12.png]]

2019-04-09 18:45:07 - [TEST_STEP][PASSED] - (internal.GlobalVariable.i++): null

2019-04-09 18:45:07 - [MESSAGE][PASSED] - Call Test Case 'Test Cases/mobileWeb/_include/get_screenshot' successfully

2019-04-09 18:45:07 - [MESSAGE][PASSED] - Call Test Case 'Test Cases/mobileWeb/_include/goToEnd_stm_autofill' successfully]]></system-out>
         <system-err><![CDATA[]]></system-err>
      </testcase>
      <testcase name="Test Cases/mobileWeb/stm/LifeShield" classname="Test Cases/mobileWeb/stm/LifeShield" status="FAILED">
         <failure type="FAILED" message="Test Cases/mobileWeb/stm/LifeShield FAILED.
Reason:
com.kms.katalon.core.exception.StepFailedException: Unable to click on object 'Object Repository/mobileSanity/STM/Page_App Page 4/label' (Root cause: com.kms.katalon.core.webui.exception.WebElementNotFoundException: Web element with id: 'Object Repository/mobileSanity/STM/Page_App Page 4/label' located by 'By.xpath: //input[@id = 'consent-checkbox-0']' not found)
	at com.kms.katalon.core.keyword.internal.KeywordMain.stepFailed(KeywordMain.groovy:36)
	at com.kms.katalon.core.webui.keyword.internal.WebUIKeywordMain.stepFailed(WebUIKeywordMain.groovy:65)
	at com.kms.katalon.core.webui.keyword.internal.WebUIKeywordMain.runKeyword(WebUIKeywordMain.groovy:27)
	at com.kms.katalon.core.webui.keyword.builtin.ClickKeyword.click(ClickKeyword.groovy:86)
	at com.kms.katalon.core.webui.keyword.builtin.ClickKeyword.execute(ClickKeyword.groovy:67)
	at com.kms.katalon.core.keyword.internal.KeywordExecutor.executeKeywordForPlatform(KeywordExecutor.groovy:53)
	at com.kms.katalon.core.webui.keyword.WebUiBuiltInKeywords.click(WebUiBuiltInKeywords.groovy:616)
	at com.kms.katalon.core.webui.keyword.WebUiBuiltInKeywords$click$4.call(Unknown Source)
	at goToEnd_stm_autofill.run(goToEnd_stm_autofill:55)
	at com.kms.katalon.core.main.ScriptEngine.run(ScriptEngine.java:194)
	at com.kms.katalon.core.main.ScriptEngine.runScriptAsRawText(ScriptEngine.java:119)
	at com.kms.katalon.core.main.TestCaseExecutor.runScript(TestCaseExecutor.java:328)
	at com.kms.katalon.core.main.TestCaseExecutor.doExecute(TestCaseExecutor.java:319)
	at com.kms.katalon.core.main.TestCaseExecutor.processExecutionPhase(TestCaseExecutor.java:298)
	at com.kms.katalon.core.main.TestCaseExecutor.accessMainPhase(TestCaseExecutor.java:290)
	at com.kms.katalon.core.main.TestCaseExecutor.execute(TestCaseExecutor.java:224)
	at com.kms.katalon.core.main.TestCaseMain.runTestCase(TestCaseMain.java:106)
	at com.kms.katalon.core.keyword.builtin.CallTestCaseKeyword$_callTestCase_closure1.doCall(CallTestCaseKeyword.groovy:59)
	at com.kms.katalon.core.keyword.builtin.CallTestCaseKeyword$_callTestCase_closure1.call(CallTestCaseKeyword.groovy)
	at com.kms.katalon.core.keyword.internal.KeywordMain.runKeyword(KeywordMain.groovy:54)
	at com.kms.katalon.core.keyword.builtin.CallTestCaseKeyword.callTestCase(CallTestCaseKeyword.groovy:80)
	at com.kms.katalon.core.keyword.builtin.CallTestCaseKeyword.execute(CallTestCaseKeyword.groovy:44)
	at com.kms.katalon.core.keyword.internal.KeywordExecutor.executeKeywordForPlatform(KeywordExecutor.groovy:53)
	at com.kms.katalon.core.keyword.BuiltinKeywords.callTestCase(BuiltinKeywords.groovy:334)
	at LifeShield.run(LifeShield:40)
	at com.kms.katalon.core.main.ScriptEngine.run(ScriptEngine.java:194)
	at com.kms.katalon.core.main.ScriptEngine.runScriptAsRawText(ScriptEngine.java:119)
	at com.kms.katalon.core.main.TestCaseExecutor.runScript(TestCaseExecutor.java:328)
	at com.kms.katalon.core.main.TestCaseExecutor.doExecute(TestCaseExecutor.java:319)
	at com.kms.katalon.core.main.TestCaseExecutor.processExecutionPhase(TestCaseExecutor.java:298)
	at com.kms.katalon.core.main.TestCaseExecutor.accessMainPhase(TestCaseExecutor.java:290)
	at com.kms.katalon.core.main.TestCaseExecutor.execute(TestCaseExecutor.java:224)
	at com.kms.katalon.core.main.TestSuiteExecutor.accessTestCaseMainPhase(TestSuiteExecutor.java:129)
	at com.kms.katalon.core.main.TestSuiteExecutor.accessTestSuiteMainPhase(TestSuiteExecutor.java:112)
	at com.kms.katalon.core.main.TestSuiteExecutor.execute(TestSuiteExecutor.java:81)
	at com.kms.katalon.core.main.TestCaseMain.startTestSuite(TestCaseMain.java:149)
	at com.kms.katalon.core.main.TestCaseMain$startTestSuite$0.call(Unknown Source)
	at TempTestSuite1554806206518.run(TempTestSuite1554806206518.groovy:36)
"/>
         <system-out><![CDATA[2019-04-09 18:45:07 - [TEST_CASE][FAILED] - Test Cases/mobileWeb/stm/LifeShield: Test Cases/mobileWeb/stm/LifeShield FAILED.
Reason:
com.kms.katalon.core.exception.StepFailedException: Unable to click on object 'Object Repository/mobileSanity/STM/Page_App Page 4/label' (Root cause: com.kms.katalon.core.webui.exception.WebElementNotFoundException: Web element with id: 'Object Repository/mobileSanity/STM/Page_App Page 4/label' located by 'By.xpath: //input[@id = 'consent-checkbox-0']' not found)
	at com.kms.katalon.core.keyword.internal.KeywordMain.stepFailed(KeywordMain.groovy:36)
	at com.kms.katalon.core.webui.keyword.internal.WebUIKeywordMain.stepFailed(WebUIKeywordMain.groovy:65)
	at com.kms.katalon.core.webui.keyword.internal.WebUIKeywordMain.runKeyword(WebUIKeywordMain.groovy:27)
	at com.kms.katalon.core.webui.keyword.builtin.ClickKeyword.click(ClickKeyword.groovy:86)
	at com.kms.katalon.core.webui.keyword.builtin.ClickKeyword.execute(ClickKeyword.groovy:67)
	at com.kms.katalon.core.keyword.internal.KeywordExecutor.executeKeywordForPlatform(KeywordExecutor.groovy:53)
	at com.kms.katalon.core.webui.keyword.WebUiBuiltInKeywords.click(WebUiBuiltInKeywords.groovy:616)
	at com.kms.katalon.core.webui.keyword.WebUiBuiltInKeywords$click$4.call(Unknown Source)
	at goToEnd_stm_autofill.run(goToEnd_stm_autofill:55)
	at com.kms.katalon.core.main.ScriptEngine.run(ScriptEngine.java:194)
	at com.kms.katalon.core.main.ScriptEngine.runScriptAsRawText(ScriptEngine.java:119)
	at com.kms.katalon.core.main.TestCaseExecutor.runScript(TestCaseExecutor.java:328)
	at com.kms.katalon.core.main.TestCaseExecutor.doExecute(TestCaseExecutor.java:319)
	at com.kms.katalon.core.main.TestCaseExecutor.processExecutionPhase(TestCaseExecutor.java:298)
	at com.kms.katalon.core.main.TestCaseExecutor.accessMainPhase(TestCaseExecutor.java:290)
	at com.kms.katalon.core.main.TestCaseExecutor.execute(TestCaseExecutor.java:224)
	at com.kms.katalon.core.main.TestCaseMain.runTestCase(TestCaseMain.java:106)
	at com.kms.katalon.core.keyword.builtin.CallTestCaseKeyword$_callTestCase_closure1.doCall(CallTestCaseKeyword.groovy:59)
	at com.kms.katalon.core.keyword.builtin.CallTestCaseKeyword$_callTestCase_closure1.call(CallTestCaseKeyword.groovy)
	at com.kms.katalon.core.keyword.internal.KeywordMain.runKeyword(KeywordMain.groovy:54)
	at com.kms.katalon.core.keyword.builtin.CallTestCaseKeyword.callTestCase(CallTestCaseKeyword.groovy:80)
	at com.kms.katalon.core.keyword.builtin.CallTestCaseKeyword.execute(CallTestCaseKeyword.groovy:44)
	at com.kms.katalon.core.keyword.internal.KeywordExecutor.executeKeywordForPlatform(KeywordExecutor.groovy:53)
	at com.kms.katalon.core.keyword.BuiltinKeywords.callTestCase(BuiltinKeywords.groovy:334)
	at LifeShield.run(LifeShield:40)
	at com.kms.katalon.core.main.ScriptEngine.run(ScriptEngine.java:194)
	at com.kms.katalon.core.main.ScriptEngine.runScriptAsRawText(ScriptEngine.java:119)
	at com.kms.katalon.core.main.TestCaseExecutor.runScript(TestCaseExecutor.java:328)
	at com.kms.katalon.core.main.TestCaseExecutor.doExecute(TestCaseExecutor.java:319)
	at com.kms.katalon.core.main.TestCaseExecutor.processExecutionPhase(TestCaseExecutor.java:298)
	at com.kms.katalon.core.main.TestCaseExecutor.accessMainPhase(TestCaseExecutor.java:290)
	at com.kms.katalon.core.main.TestCaseExecutor.execute(TestCaseExecutor.java:224)
	at com.kms.katalon.core.main.TestSuiteExecutor.accessTestCaseMainPhase(TestSuiteExecutor.java:129)
	at com.kms.katalon.core.main.TestSuiteExecutor.accessTestSuiteMainPhase(TestSuiteExecutor.java:112)
	at com.kms.katalon.core.main.TestSuiteExecutor.execute(TestSuiteExecutor.java:81)
	at com.kms.katalon.core.main.TestCaseMain.startTestSuite(TestCaseMain.java:149)
	at com.kms.katalon.core.main.TestCaseMain$startTestSuite$0.call(Unknown Source)
	at TempTestSuite1554806206518.run(TempTestSuite1554806206518.groovy:36)


2019-04-09 18:45:08 - [TEST_STEP][PASSED] - now = new java.util.Date(): null

2019-04-09 18:45:08 - [TEST_STEP][PASSED] - mydate = now.format("yyyyMMdd_HHmmss"): null

2019-04-09 18:45:08 - [TEST_STEP][PASSED] - screenPath = stmPath + "LifeShield/" + mydate + "/": null

2019-04-09 18:45:08 - [TEST_STEP][PASSED] - i = 0: null

2019-04-09 18:45:08 - [TEST_STEP][PASSED] - callTestCase(findTestCase("mobileWeb/_include/openWebSite"), [:], STOP_ON_FAILURE): Call Test Case 'Test Cases/mobileWeb/_include/openWebSite' successfully

2019-04-09 18:45:08 - [TEST_CASE][PASSED] - Test Cases/mobileWeb/_include/openWebSite: Test Cases/mobileWeb/_include/openWebSite

2019-04-09 18:45:08 - [TEST_STEP][PASSED] - openBrowser(""): Browser is opened with url: ''

2019-04-09 18:45:08 - [MESSAGE][WARNING] - A browser is already opened. Closing browser and opening a new one

2019-04-09 18:45:08 - [MESSAGE][INFO] - Starting 'Chrome' driver

2019-04-09 18:45:08 - [MESSAGE][INFO] - User set preference: ['mobileEmulation', '{deviceName=iPhone X}']

2019-04-09 18:45:08 - [MESSAGE][INFO] - User set preference: ['args', '[]']

2019-04-09 18:45:09 - [MESSAGE][PASSED] - Browser is opened with url: ''

2019-04-09 18:45:09 - [TEST_STEP][PASSED] - navigateToUrl(ENV): Navigate to 'https://praetemptatus.agilehealthinsurance.com' successfully

2019-04-09 18:45:13 - [MESSAGE][PASSED] - Navigate to 'https://praetemptatus.agilehealthinsurance.com' successfully

2019-04-09 18:45:13 - [TEST_STEP][PASSED] - waitForPageLoad(10): Wait for page load successfully

2019-04-09 18:45:13 - [MESSAGE][PASSED] - Wait for page load successfully

2019-04-09 18:45:13 - [TEST_STEP][PASSED] - callTestCase(findTestCase("mobileWeb/_include/get_screenshot"), [:], STOP_ON_FAILURE): Call Test Case 'Test Cases/mobileWeb/_include/get_screenshot' successfully

2019-04-09 18:45:13 - [TEST_CASE][PASSED] - Test Cases/mobileWeb/_include/get_screenshot: Test Cases/mobileWeb/_include/get_screenshot

2019-04-09 18:45:13 - [TEST_STEP][PASSED] - takeScreenshot(screenPath + i + ".png"): Taking screenshot successfully

2019-04-09 18:45:15 - [MESSAGE][PASSED] - Taking screenshot successfully
[[ATTACHMENT|../Screenshots/mobileWeb/stm/LifeShield/20190409_184508/0.png]]

2019-04-09 18:45:15 - [TEST_STEP][PASSED] - (internal.GlobalVariable.i++): null

2019-04-09 18:45:15 - [MESSAGE][PASSED] - Call Test Case 'Test Cases/mobileWeb/_include/get_screenshot' successfully

2019-04-09 18:45:15 - [MESSAGE][PASSED] - Call Test Case 'Test Cases/mobileWeb/_include/openWebSite' successfully

2019-04-09 18:45:15 - [TEST_STEP][PASSED] - callTestCase(findTestCase("mobileWeb/_include/census_stm"), ["zipcode":"60602"], STOP_ON_FAILURE): Call Test Case 'Test Cases/mobileWeb/_include/census_stm' successfully

2019-04-09 18:45:15 - [TEST_CASE][PASSED] - Test Cases/mobileWeb/_include/census_stm: Test Cases/mobileWeb/_include/census_stm

2019-04-09 18:45:15 - [TEST_STEP][PASSED] - waitForElementClickable(findTestObject("mobileSanity/STM/Home Page/a_Quote  Save Today"), 10): Object 'Object Repository/mobileSanity/STM/Home Page/a_Quote  Save Today' is clickable

2019-04-09 18:45:15 - [MESSAGE][PASSED] - Object 'Object Repository/mobileSanity/STM/Home Page/a_Quote  Save Today' is clickable

2019-04-09 18:45:15 - [TEST_STEP][PASSED] - click(findTestObject("mobileSanity/STM/Home Page/a_Quote  Save Today")): Object: 'Object Repository/mobileSanity/STM/Home Page/a_Quote  Save Today' is clicked on

2019-04-09 18:45:16 - [MESSAGE][PASSED] - Object: 'Object Repository/mobileSanity/STM/Home Page/a_Quote  Save Today' is clicked on

2019-04-09 18:45:16 - [TEST_STEP][PASSED] - waitForPageLoad(10): Wait for page load successfully

2019-04-09 18:45:16 - [MESSAGE][PASSED] - Wait for page load successfully

2019-04-09 18:45:16 - [TEST_STEP][PASSED] - callTestCase(findTestCase("mobileWeb/_include/get_screenshot"), [:], STOP_ON_FAILURE): Call Test Case 'Test Cases/mobileWeb/_include/get_screenshot' successfully

2019-04-09 18:45:16 - [TEST_CASE][PASSED] - Test Cases/mobileWeb/_include/get_screenshot: Test Cases/mobileWeb/_include/get_screenshot

2019-04-09 18:45:16 - [TEST_STEP][PASSED] - takeScreenshot(screenPath + i + ".png"): Taking screenshot successfully

2019-04-09 18:45:17 - [MESSAGE][PASSED] - Taking screenshot successfully
[[ATTACHMENT|../Screenshots/mobileWeb/stm/LifeShield/20190409_184508/1.png]]

2019-04-09 18:45:17 - [TEST_STEP][PASSED] - (internal.GlobalVariable.i++): null

2019-04-09 18:45:17 - [MESSAGE][PASSED] - Call Test Case 'Test Cases/mobileWeb/_include/get_screenshot' successfully

2019-04-09 18:45:17 - [TEST_STEP][PASSED] - setText(findTestObject("mobileSanity/STM/STM Census Page/input_Location_zip-input"), zipcode): Text '60602' is set on object 'Object Repository/mobileSanity/STM/STM Census Page/input_Location_zip-input'

2019-04-09 18:45:18 - [MESSAGE][PASSED] - Text '60602' is set on object 'Object Repository/mobileSanity/STM/STM Census Page/input_Location_zip-input'

2019-04-09 18:45:18 - [TEST_STEP][PASSED] - Thread.sleep(500): null

2019-04-09 18:45:18 - [TEST_STEP][PASSED] - setText(findTestObject("mobileSanity/STM/STM Census Page/input_Date of Birth_dob-0"), "03031987"): Text '03031987' is set on object 'Object Repository/mobileSanity/STM/STM Census Page/input_Date of Birth_dob-0'

2019-04-09 18:45:18 - [MESSAGE][PASSED] - Text '03031987' is set on object 'Object Repository/mobileSanity/STM/STM Census Page/input_Date of Birth_dob-0'

2019-04-09 18:45:18 - [TEST_STEP][PASSED] - click(findTestObject("mobileSanity/STM/STM Census Page/label_Male")): Object: 'Object Repository/mobileSanity/STM/STM Census Page/label_Male' is clicked on

2019-04-09 18:45:18 - [MESSAGE][PASSED] - Object: 'Object Repository/mobileSanity/STM/STM Census Page/label_Male' is clicked on

2019-04-09 18:45:18 - [TEST_STEP][PASSED] - click(findTestObject("mobileSanity/STM/STM Census Page/label_Compare Plans")): Object: 'Object Repository/mobileSanity/STM/STM Census Page/label_Compare Plans' is clicked on

2019-04-09 18:45:18 - [MESSAGE][PASSED] - Object: 'Object Repository/mobileSanity/STM/STM Census Page/label_Compare Plans' is clicked on

2019-04-09 18:45:18 - [TEST_STEP][PASSED] - waitForPageLoad(10): Wait for page load successfully

2019-04-09 18:45:18 - [MESSAGE][PASSED] - Wait for page load successfully

2019-04-09 18:45:18 - [TEST_STEP][PASSED] - callTestCase(findTestCase("mobileWeb/_include/get_screenshot"), [:], STOP_ON_FAILURE): Call Test Case 'Test Cases/mobileWeb/_include/get_screenshot' successfully

2019-04-09 18:45:18 - [TEST_CASE][PASSED] - Test Cases/mobileWeb/_include/get_screenshot: Test Cases/mobileWeb/_include/get_screenshot

2019-04-09 18:45:18 - [TEST_STEP][PASSED] - takeScreenshot(screenPath + i + ".png"): Taking screenshot successfully

2019-04-09 18:45:19 - [MESSAGE][PASSED] - Taking screenshot successfully
[[ATTACHMENT|../Screenshots/mobileWeb/stm/LifeShield/20190409_184508/2.png]]

2019-04-09 18:45:19 - [TEST_STEP][PASSED] - (internal.GlobalVariable.i++): null

2019-04-09 18:45:19 - [MESSAGE][PASSED] - Call Test Case 'Test Cases/mobileWeb/_include/get_screenshot' successfully

2019-04-09 18:45:19 - [MESSAGE][PASSED] - Call Test Case 'Test Cases/mobileWeb/_include/census_stm' successfully

2019-04-09 18:45:19 - [TEST_STEP][PASSED] - callTestCase(findTestCase("mobileWeb/_include/goToDetail_stm"), ["carrier":"lifeshield"], STOP_ON_FAILURE): Call Test Case 'Test Cases/mobileWeb/_include/goToDetail_stm' successfully

2019-04-09 18:45:19 - [TEST_CASE][PASSED] - Test Cases/mobileWeb/_include/goToDetail_stm: Test Cases/mobileWeb/_include/goToDetail_stm

2019-04-09 18:45:19 - [TEST_STEP][PASSED] - driver = getWebDriver(): null

2019-04-09 18:45:19 - [TEST_STEP][PASSED] - selenium = new com.thoughtworks.selenium.webdriven.WebDriverBackedSelenium(driver, internal.GlobalVariable.ENV): null

2019-04-09 18:45:27 - [TEST_STEP][PASSED] - a_plan_name = "xpath=//a[contains(@href,'/term-health-insurance/plan/" + carrier + "')]": null

2019-04-09 18:45:27 - [TEST_STEP][PASSED] - println(a_plan_name): null

2019-04-09 18:45:27 - [TEST_STEP][PASSED] - selenium.click(a_plan_name): null

2019-04-09 18:45:30 - [TEST_STEP][PASSED] - waitForPageLoad(10): Wait for page load successfully

2019-04-09 18:45:30 - [MESSAGE][PASSED] - Wait for page load successfully

2019-04-09 18:45:30 - [TEST_STEP][PASSED] - callTestCase(findTestCase("mobileWeb/_include/get_screenshot"), [:], STOP_ON_FAILURE): Call Test Case 'Test Cases/mobileWeb/_include/get_screenshot' successfully

2019-04-09 18:45:30 - [TEST_CASE][PASSED] - Test Cases/mobileWeb/_include/get_screenshot: Test Cases/mobileWeb/_include/get_screenshot

2019-04-09 18:45:30 - [TEST_STEP][PASSED] - takeScreenshot(screenPath + i + ".png"): Taking screenshot successfully

2019-04-09 18:45:31 - [MESSAGE][PASSED] - Taking screenshot successfully
[[ATTACHMENT|../Screenshots/mobileWeb/stm/LifeShield/20190409_184508/3.png]]

2019-04-09 18:45:31 - [TEST_STEP][PASSED] - (internal.GlobalVariable.i++): null

2019-04-09 18:45:31 - [MESSAGE][PASSED] - Call Test Case 'Test Cases/mobileWeb/_include/get_screenshot' successfully

2019-04-09 18:45:31 - [MESSAGE][PASSED] - Call Test Case 'Test Cases/mobileWeb/_include/goToDetail_stm' successfully

2019-04-09 18:45:31 - [TEST_STEP][PASSED] - waitForElementVisible(findTestObject("mobileSanity/STM/STM PlanDetail Page/a_Apply for This Plan"), 0): Object 'Object Repository/mobileSanity/STM/STM PlanDetail Page/a_Apply for This Plan' is visible

2019-04-09 18:45:31 - [MESSAGE][WARNING] - Timeout '0' is invalid. Using default page load timeout: '20'

2019-04-09 18:45:31 - [MESSAGE][PASSED] - Object 'Object Repository/mobileSanity/STM/STM PlanDetail Page/a_Apply for This Plan' is visible

2019-04-09 18:45:31 - [TEST_STEP][PASSED] - click(findTestObject("mobileSanity/STM/STM PlanDetail Page/a_Apply for This Plan")): Object: 'Object Repository/mobileSanity/STM/STM PlanDetail Page/a_Apply for This Plan' is clicked on

2019-04-09 18:45:33 - [MESSAGE][PASSED] - Object: 'Object Repository/mobileSanity/STM/STM PlanDetail Page/a_Apply for This Plan' is clicked on

2019-04-09 18:45:33 - [TEST_STEP][PASSED] - click(findTestObject("mobileSanity/STM/STM Apply Page/span_ Add")): Object: 'Object Repository/mobileSanity/STM/STM Apply Page/span_ Add' is clicked on

2019-04-09 18:45:33 - [MESSAGE][PASSED] - Object: 'Object Repository/mobileSanity/STM/STM Apply Page/span_ Add' is clicked on

2019-04-09 18:45:33 - [TEST_STEP][PASSED] - waitForElementVisible(findTestObject("mobileSanity/STM/STM Apply Page/a_Start Secure Application"), 0): Object 'Object Repository/mobileSanity/STM/STM Apply Page/a_Start Secure Application' is visible

2019-04-09 18:45:33 - [MESSAGE][WARNING] - Timeout '0' is invalid. Using default page load timeout: '20'

2019-04-09 18:45:34 - [MESSAGE][PASSED] - Object 'Object Repository/mobileSanity/STM/STM Apply Page/a_Start Secure Application' is visible

2019-04-09 18:45:34 - [TEST_STEP][PASSED] - click(findTestObject("mobileSanity/STM/STM Apply Page/a_Start Secure Application")): Object: 'Object Repository/mobileSanity/STM/STM Apply Page/a_Start Secure Application' is clicked on

2019-04-09 18:45:35 - [MESSAGE][PASSED] - Object: 'Object Repository/mobileSanity/STM/STM Apply Page/a_Start Secure Application' is clicked on

2019-04-09 18:45:35 - [TEST_STEP][FAILED] - callTestCase(findTestCase("mobileWeb/_include/goToEnd_stm_autofill"), [:], STOP_ON_FAILURE): callTestCase(findTestCase("mobileWeb/_include/goToEnd_stm_autofill"), [:], STOP_ON_FAILURE) FAILED.
Reason:
com.kms.katalon.core.exception.StepFailedException: Unable to click on object 'Object Repository/mobileSanity/STM/Page_App Page 4/label' (Root cause: com.kms.katalon.core.webui.exception.WebElementNotFoundException: Web element with id: 'Object Repository/mobileSanity/STM/Page_App Page 4/label' located by 'By.xpath: //input[@id = 'consent-checkbox-0']' not found)
	at com.kms.katalon.core.keyword.internal.KeywordMain.stepFailed(KeywordMain.groovy:36)
	at com.kms.katalon.core.webui.keyword.internal.WebUIKeywordMain.stepFailed(WebUIKeywordMain.groovy:65)
	at com.kms.katalon.core.webui.keyword.internal.WebUIKeywordMain.runKeyword(WebUIKeywordMain.groovy:27)
	at com.kms.katalon.core.webui.keyword.builtin.ClickKeyword.click(ClickKeyword.groovy:86)
	at com.kms.katalon.core.webui.keyword.builtin.ClickKeyword.execute(ClickKeyword.groovy:67)
	at com.kms.katalon.core.keyword.internal.KeywordExecutor.executeKeywordForPlatform(KeywordExecutor.groovy:53)
	at com.kms.katalon.core.webui.keyword.WebUiBuiltInKeywords.click(WebUiBuiltInKeywords.groovy:616)
	at com.kms.katalon.core.webui.keyword.WebUiBuiltInKeywords$click$4.call(Unknown Source)
	at goToEnd_stm_autofill.run(goToEnd_stm_autofill:55)
	at com.kms.katalon.core.main.ScriptEngine.run(ScriptEngine.java:194)
	at com.kms.katalon.core.main.ScriptEngine.runScriptAsRawText(ScriptEngine.java:119)
	at com.kms.katalon.core.main.TestCaseExecutor.runScript(TestCaseExecutor.java:328)
	at com.kms.katalon.core.main.TestCaseExecutor.doExecute(TestCaseExecutor.java:319)
	at com.kms.katalon.core.main.TestCaseExecutor.processExecutionPhase(TestCaseExecutor.java:298)
	at com.kms.katalon.core.main.TestCaseExecutor.accessMainPhase(TestCaseExecutor.java:290)
	at com.kms.katalon.core.main.TestCaseExecutor.execute(TestCaseExecutor.java:224)
	at com.kms.katalon.core.main.TestCaseMain.runTestCase(TestCaseMain.java:106)
	at com.kms.katalon.core.keyword.builtin.CallTestCaseKeyword$_callTestCase_closure1.doCall(CallTestCaseKeyword.groovy:59)
	at com.kms.katalon.core.keyword.builtin.CallTestCaseKeyword$_callTestCase_closure1.call(CallTestCaseKeyword.groovy)
	at com.kms.katalon.core.keyword.internal.KeywordMain.runKeyword(KeywordMain.groovy:54)
	at com.kms.katalon.core.keyword.builtin.CallTestCaseKeyword.callTestCase(CallTestCaseKeyword.groovy:80)
	at com.kms.katalon.core.keyword.builtin.CallTestCaseKeyword.execute(CallTestCaseKeyword.groovy:44)
	at com.kms.katalon.core.keyword.internal.KeywordExecutor.executeKeywordForPlatform(KeywordExecutor.groovy:53)
	at com.kms.katalon.core.keyword.BuiltinKeywords.callTestCase(BuiltinKeywords.groovy:334)
	at LifeShield.run(LifeShield:40)
	at com.kms.katalon.core.main.ScriptEngine.run(ScriptEngine.java:194)
	at com.kms.katalon.core.main.ScriptEngine.runScriptAsRawText(ScriptEngine.java:119)
	at com.kms.katalon.core.main.TestCaseExecutor.runScript(TestCaseExecutor.java:328)
	at com.kms.katalon.core.main.TestCaseExecutor.doExecute(TestCaseExecutor.java:319)
	at com.kms.katalon.core.main.TestCaseExecutor.processExecutionPhase(TestCaseExecutor.java:298)
	at com.kms.katalon.core.main.TestCaseExecutor.accessMainPhase(TestCaseExecutor.java:290)
	at com.kms.katalon.core.main.TestCaseExecutor.execute(TestCaseExecutor.java:224)
	at com.kms.katalon.core.main.TestSuiteExecutor.accessTestCaseMainPhase(TestSuiteExecutor.java:129)
	at com.kms.katalon.core.main.TestSuiteExecutor.accessTestSuiteMainPhase(TestSuiteExecutor.java:112)
	at com.kms.katalon.core.main.TestSuiteExecutor.execute(TestSuiteExecutor.java:81)
	at com.kms.katalon.core.main.TestCaseMain.startTestSuite(TestCaseMain.java:149)
	at com.kms.katalon.core.main.TestCaseMain$startTestSuite$0.call(Unknown Source)
	at TempTestSuite1554806206518.run(TempTestSuite1554806206518.groovy:36)


2019-04-09 18:45:35 - [TEST_CASE][FAILED] - Test Cases/mobileWeb/_include/goToEnd_stm_autofill: Test Cases/mobileWeb/_include/goToEnd_stm_autofill FAILED.
Reason:
com.kms.katalon.core.exception.StepFailedException: Unable to click on object 'Object Repository/mobileSanity/STM/Page_App Page 4/label' (Root cause: com.kms.katalon.core.webui.exception.WebElementNotFoundException: Web element with id: 'Object Repository/mobileSanity/STM/Page_App Page 4/label' located by 'By.xpath: //input[@id = 'consent-checkbox-0']' not found)
	at com.kms.katalon.core.keyword.internal.KeywordMain.stepFailed(KeywordMain.groovy:36)
	at com.kms.katalon.core.webui.keyword.internal.WebUIKeywordMain.stepFailed(WebUIKeywordMain.groovy:65)
	at com.kms.katalon.core.webui.keyword.internal.WebUIKeywordMain.runKeyword(WebUIKeywordMain.groovy:27)
	at com.kms.katalon.core.webui.keyword.builtin.ClickKeyword.click(ClickKeyword.groovy:86)
	at com.kms.katalon.core.webui.keyword.builtin.ClickKeyword.execute(ClickKeyword.groovy:67)
	at com.kms.katalon.core.keyword.internal.KeywordExecutor.executeKeywordForPlatform(KeywordExecutor.groovy:53)
	at com.kms.katalon.core.webui.keyword.WebUiBuiltInKeywords.click(WebUiBuiltInKeywords.groovy:616)
	at com.kms.katalon.core.webui.keyword.WebUiBuiltInKeywords$click$4.call(Unknown Source)
	at goToEnd_stm_autofill.run(goToEnd_stm_autofill:55)
	at com.kms.katalon.core.main.ScriptEngine.run(ScriptEngine.java:194)
	at com.kms.katalon.core.main.ScriptEngine.runScriptAsRawText(ScriptEngine.java:119)
	at com.kms.katalon.core.main.TestCaseExecutor.runScript(TestCaseExecutor.java:328)
	at com.kms.katalon.core.main.TestCaseExecutor.doExecute(TestCaseExecutor.java:319)
	at com.kms.katalon.core.main.TestCaseExecutor.processExecutionPhase(TestCaseExecutor.java:298)
	at com.kms.katalon.core.main.TestCaseExecutor.accessMainPhase(TestCaseExecutor.java:290)
	at com.kms.katalon.core.main.TestCaseExecutor.execute(TestCaseExecutor.java:224)
	at com.kms.katalon.core.main.TestCaseMain.runTestCase(TestCaseMain.java:106)
	at com.kms.katalon.core.keyword.builtin.CallTestCaseKeyword$_callTestCase_closure1.doCall(CallTestCaseKeyword.groovy:59)
	at com.kms.katalon.core.keyword.builtin.CallTestCaseKeyword$_callTestCase_closure1.call(CallTestCaseKeyword.groovy)
	at com.kms.katalon.core.keyword.internal.KeywordMain.runKeyword(KeywordMain.groovy:54)
	at com.kms.katalon.core.keyword.builtin.CallTestCaseKeyword.callTestCase(CallTestCaseKeyword.groovy:80)
	at com.kms.katalon.core.keyword.builtin.CallTestCaseKeyword.execute(CallTestCaseKeyword.groovy:44)
	at com.kms.katalon.core.keyword.internal.KeywordExecutor.executeKeywordForPlatform(KeywordExecutor.groovy:53)
	at com.kms.katalon.core.keyword.BuiltinKeywords.callTestCase(BuiltinKeywords.groovy:334)
	at LifeShield.run(LifeShield:40)
	at com.kms.katalon.core.main.ScriptEngine.run(ScriptEngine.java:194)
	at com.kms.katalon.core.main.ScriptEngine.runScriptAsRawText(ScriptEngine.java:119)
	at com.kms.katalon.core.main.TestCaseExecutor.runScript(TestCaseExecutor.java:328)
	at com.kms.katalon.core.main.TestCaseExecutor.doExecute(TestCaseExecutor.java:319)
	at com.kms.katalon.core.main.TestCaseExecutor.processExecutionPhase(TestCaseExecutor.java:298)
	at com.kms.katalon.core.main.TestCaseExecutor.accessMainPhase(TestCaseExecutor.java:290)
	at com.kms.katalon.core.main.TestCaseExecutor.execute(TestCaseExecutor.java:224)
	at com.kms.katalon.core.main.TestSuiteExecutor.accessTestCaseMainPhase(TestSuiteExecutor.java:129)
	at com.kms.katalon.core.main.TestSuiteExecutor.accessTestSuiteMainPhase(TestSuiteExecutor.java:112)
	at com.kms.katalon.core.main.TestSuiteExecutor.execute(TestSuiteExecutor.java:81)
	at com.kms.katalon.core.main.TestCaseMain.startTestSuite(TestCaseMain.java:149)
	at com.kms.katalon.core.main.TestCaseMain$startTestSuite$0.call(Unknown Source)
	at TempTestSuite1554806206518.run(TempTestSuite1554806206518.groovy:36)


2019-04-09 18:45:35 - [TEST_STEP][PASSED] - callTestCase(findTestCase("mobileWeb/_include/name"), [:], CONTINUE_ON_FAILURE): Call Test Case 'Test Cases/mobileWeb/_include/name' successfully

2019-04-09 18:45:35 - [TEST_CASE][PASSED] - Test Cases/mobileWeb/_include/name: Test Cases/mobileWeb/_include/name

2019-04-09 18:45:35 - [TEST_STEP][PASSED] - driver = getWebDriver(): null

2019-04-09 18:45:35 - [TEST_STEP][PASSED] - selenium = new com.thoughtworks.selenium.webdriven.WebDriverBackedSelenium(driver, internal.GlobalVariable.ENV): null

2019-04-09 18:45:35 - [TEST_STEP][PASSED] - FirstName = "Test-123": null

2019-04-09 18:45:35 - [TEST_STEP][PASSED] - LastName = selenium.getEval("{var x="ABCDEFGHIJKLMNOPQRSTUVWXYZabcdefghijklmnopqrstuvwxyz"; var tmp="ZZ11-"; for (i=0;i<8;i++) tmp+=x.charAt(Math.ceil(51*Math.random()));tmp;}"): null

2019-04-09 18:45:35 - [TEST_STEP][PASSED] - Address = selenium.getEval("{var x="ABCDEFGHIJKLMNOPQRSTUVWXYZabcdefghijklmnopqrstuvwxyz"; var tmp=""; for (i=0;i<8;i++) tmp+=x.charAt(Math.ceil(51*Math.random()));tmp;}"): null

2019-04-09 18:45:35 - [TEST_STEP][PASSED] - City = selenium.getEval("{var x="ABCDEFGHIJKLMNOPQRSTUVWXYZabcdefghijklmnopqrstuvwxyz"; var tmp=""; for (i=0;i<8;i++) tmp+=x.charAt(Math.ceil(51*Math.random()));tmp;}"): null

2019-04-09 18:45:35 - [TEST_STEP][PASSED] - tel1 = selenium.getEval("{var x="123456789"; var tmp=""; for (i=0;i<3;i++) tmp+=x.charAt(Math.ceil(8*Math.random()));tmp;}"): null

2019-04-09 18:45:35 - [TEST_STEP][PASSED] - tel2 = selenium.getEval("{var x="123456789"; var tmp=""; for (i=0;i<3;i++) tmp+=x.charAt(Math.ceil(8*Math.random()));tmp;}"): null

2019-04-09 18:45:36 - [TEST_STEP][PASSED] - tel3 = selenium.getEval("{var x="123456789"; var tmp=""; for (i=0;i<4;i++) tmp+=x.charAt(Math.ceil(8*Math.random()));tmp;}"): null

2019-04-09 18:45:36 - [TEST_STEP][PASSED] - Tel = selenium.getExpression(tel1 + "-" + tel2 + "-" + tel3): null

2019-04-09 18:45:36 - [TEST_STEP][PASSED] - AutoEmail = selenium.getEval("{var x="ABCDEFGHIJKLMNOPQRSTUVWXYZabcdefghijklmnopqrstuvwxyz"; var tmp="test."; for (i=0;i<8;i++) tmp+=x.charAt(Math.ceil(51*Math.random()));tmp+="@suryani.cn";}"): null

2019-04-09 18:45:36 - [TEST_STEP][PASSED] - FirstName = FirstName: null

2019-04-09 18:45:36 - [TEST_STEP][PASSED] - LastName = LastName: null

2019-04-09 18:45:36 - [TEST_STEP][PASSED] - Address = Address: null

2019-04-09 18:45:36 - [TEST_STEP][PASSED] - City = City: null

2019-04-09 18:45:36 - [TEST_STEP][PASSED] - Tel = Tel: null

2019-04-09 18:45:36 - [TEST_STEP][PASSED] - AutoEmail = AutoEmail: null

2019-04-09 18:45:36 - [TEST_STEP][PASSED] - println(FirstName): null

2019-04-09 18:45:36 - [TEST_STEP][PASSED] - println(LastName): null

2019-04-09 18:45:36 - [TEST_STEP][PASSED] - println(Address): null

2019-04-09 18:45:36 - [TEST_STEP][PASSED] - println(City): null

2019-04-09 18:45:36 - [TEST_STEP][PASSED] - println(Tel): null

2019-04-09 18:45:36 - [TEST_STEP][PASSED] - println(AutoEmail): null

2019-04-09 18:45:36 - [MESSAGE][PASSED] - Call Test Case 'Test Cases/mobileWeb/_include/name' successfully

2019-04-09 18:45:36 - [TEST_STEP][PASSED] - waitForPageLoad(0): Wait for page load successfully

2019-04-09 18:45:36 - [MESSAGE][WARNING] - Timeout '0' is invalid. Using default page load timeout: '20'

2019-04-09 18:45:36 - [MESSAGE][PASSED] - Wait for page load successfully

2019-04-09 18:45:36 - [TEST_STEP][PASSED] - Thread.sleep(1000): null

2019-04-09 18:45:37 - [TEST_STEP][PASSED] - callTestCase(findTestCase("mobileWeb/_include/get_screenshot"), [:], STOP_ON_FAILURE): Call Test Case 'Test Cases/mobileWeb/_include/get_screenshot' successfully

2019-04-09 18:45:37 - [TEST_CASE][PASSED] - Test Cases/mobileWeb/_include/get_screenshot: Test Cases/mobileWeb/_include/get_screenshot

2019-04-09 18:45:37 - [TEST_STEP][PASSED] - takeScreenshot(screenPath + i + ".png"): Taking screenshot successfully

2019-04-09 18:45:38 - [MESSAGE][PASSED] - Taking screenshot successfully
[[ATTACHMENT|../Screenshots/mobileWeb/stm/LifeShield/20190409_184508/4.png]]

2019-04-09 18:45:38 - [TEST_STEP][PASSED] - (internal.GlobalVariable.i++): null

2019-04-09 18:45:38 - [MESSAGE][PASSED] - Call Test Case 'Test Cases/mobileWeb/_include/get_screenshot' successfully

2019-04-09 18:45:38 - [TEST_STEP][PASSED] - waitForElementVisible(findTestObject("mobileSanity/STM/Page_App Page 1/a_Autofill App Info"), 0): Object 'Object Repository/mobileSanity/STM/Page_App Page 1/a_Autofill App Info' is visible

2019-04-09 18:45:38 - [MESSAGE][WARNING] - Timeout '0' is invalid. Using default page load timeout: '20'

2019-04-09 18:45:38 - [MESSAGE][PASSED] - Object 'Object Repository/mobileSanity/STM/Page_App Page 1/a_Autofill App Info' is visible

2019-04-09 18:45:38 - [TEST_STEP][PASSED] - click(findTestObject("mobileSanity/STM/Page_App Page 1/a_Autofill App Info")): Object: 'Object Repository/mobileSanity/STM/Page_App Page 1/a_Autofill App Info' is clicked on

2019-04-09 18:45:38 - [MESSAGE][PASSED] - Object: 'Object Repository/mobileSanity/STM/Page_App Page 1/a_Autofill App Info' is clicked on

2019-04-09 18:45:38 - [TEST_STEP][PASSED] - Thread.sleep(1000): null

2019-04-09 18:45:39 - [TEST_STEP][PASSED] - waitForElementVisible(findTestObject("mobileSanity/STM/Page_App Page 1/a_Continue"), 0): Object 'Object Repository/mobileSanity/STM/Page_App Page 1/a_Continue' is visible

2019-04-09 18:45:39 - [MESSAGE][WARNING] - Timeout '0' is invalid. Using default page load timeout: '20'

2019-04-09 18:45:39 - [MESSAGE][PASSED] - Object 'Object Repository/mobileSanity/STM/Page_App Page 1/a_Continue' is visible

2019-04-09 18:45:39 - [TEST_STEP][PASSED] - click(findTestObject("mobileSanity/STM/Page_App Page 1/a_Continue")): Object: 'Object Repository/mobileSanity/STM/Page_App Page 1/a_Continue' is clicked on

2019-04-09 18:45:39 - [MESSAGE][PASSED] - Object: 'Object Repository/mobileSanity/STM/Page_App Page 1/a_Continue' is clicked on

2019-04-09 18:45:39 - [TEST_STEP][PASSED] - waitForPageLoad(10): Wait for page load successfully

2019-04-09 18:45:39 - [MESSAGE][PASSED] - Wait for page load successfully

2019-04-09 18:45:39 - [TEST_STEP][PASSED] - callTestCase(findTestCase("mobileWeb/_include/get_screenshot"), [:], STOP_ON_FAILURE): Call Test Case 'Test Cases/mobileWeb/_include/get_screenshot' successfully

2019-04-09 18:45:39 - [TEST_CASE][PASSED] - Test Cases/mobileWeb/_include/get_screenshot: Test Cases/mobileWeb/_include/get_screenshot

2019-04-09 18:45:39 - [TEST_STEP][PASSED] - takeScreenshot(screenPath + i + ".png"): Taking screenshot successfully

2019-04-09 18:45:40 - [MESSAGE][PASSED] - Taking screenshot successfully
[[ATTACHMENT|../Screenshots/mobileWeb/stm/LifeShield/20190409_184508/5.png]]

2019-04-09 18:45:40 - [TEST_STEP][PASSED] - (internal.GlobalVariable.i++): null

2019-04-09 18:45:40 - [MESSAGE][PASSED] - Call Test Case 'Test Cases/mobileWeb/_include/get_screenshot' successfully

2019-04-09 18:45:40 - [TEST_STEP][PASSED] - click(findTestObject("mobileSanity/STM/Page_App Page 2/a_Continue to Step 3 - Payment")): Object: 'Object Repository/mobileSanity/STM/Page_App Page 2/a_Continue to Step 3 - Payment' is clicked on

2019-04-09 18:45:40 - [MESSAGE][PASSED] - Object: 'Object Repository/mobileSanity/STM/Page_App Page 2/a_Continue to Step 3 - Payment' is clicked on

2019-04-09 18:45:40 - [TEST_STEP][PASSED] - Thread.sleep(2000): null

2019-04-09 18:45:42 - [TEST_STEP][PASSED] - clearText(findTestObject("mobileSanity/STM/Page_App Page 3/input__credit-card-cvv")): Text of object 'Object Repository/mobileSanity/STM/Page_App Page 3/input__credit-card-cvv' is cleared

2019-04-09 18:45:42 - [MESSAGE][PASSED] - Text of object 'Object Repository/mobileSanity/STM/Page_App Page 3/input__credit-card-cvv' is cleared

2019-04-09 18:45:42 - [TEST_STEP][PASSED] - setText(findTestObject("mobileSanity/STM/Page_App Page 3/input__credit-card-cvv"), "123"): Text '123' is set on object 'Object Repository/mobileSanity/STM/Page_App Page 3/input__credit-card-cvv'

2019-04-09 18:45:43 - [MESSAGE][PASSED] - Text '123' is set on object 'Object Repository/mobileSanity/STM/Page_App Page 3/input__credit-card-cvv'

2019-04-09 18:45:43 - [TEST_STEP][PASSED] - click(findTestObject("mobileSanity/STM/Page_App Page 3/label_I Accept Authorization f")): Object: 'Object Repository/mobileSanity/STM/Page_App Page 3/label_I Accept Authorization f' is clicked on

2019-04-09 18:45:43 - [MESSAGE][PASSED] - Object: 'Object Repository/mobileSanity/STM/Page_App Page 3/label_I Accept Authorization f' is clicked on

2019-04-09 18:45:43 - [TEST_STEP][PASSED] - callTestCase(findTestCase("mobileWeb/_include/get_screenshot"), [:], STOP_ON_FAILURE): Call Test Case 'Test Cases/mobileWeb/_include/get_screenshot' successfully

2019-04-09 18:45:43 - [TEST_CASE][PASSED] - Test Cases/mobileWeb/_include/get_screenshot: Test Cases/mobileWeb/_include/get_screenshot

2019-04-09 18:45:43 - [TEST_STEP][PASSED] - takeScreenshot(screenPath + i + ".png"): Taking screenshot successfully

2019-04-09 18:46:04 - [MESSAGE][PASSED] - Taking screenshot successfully
[[ATTACHMENT|../Screenshots/mobileWeb/stm/LifeShield/20190409_184508/6.png]]

2019-04-09 18:46:04 - [TEST_STEP][PASSED] - (internal.GlobalVariable.i++): null

2019-04-09 18:46:04 - [MESSAGE][PASSED] - Call Test Case 'Test Cases/mobileWeb/_include/get_screenshot' successfully

2019-04-09 18:46:04 - [TEST_STEP][PASSED] - click(findTestObject("mobileSanity/STM/Page_App Page 3/a_Continue to Step 4 - Review")): Object: 'Object Repository/mobileSanity/STM/Page_App Page 3/a_Continue to Step 4 - Review' is clicked on

2019-04-09 18:46:04 - [MESSAGE][PASSED] - Object: 'Object Repository/mobileSanity/STM/Page_App Page 3/a_Continue to Step 4 - Review' is clicked on

2019-04-09 18:46:04 - [TEST_STEP][PASSED] - waitForElementClickable(findTestObject("mobileSanity/STM/Page_App Page 4/label"), 10): Web element with id: 'Object Repository/mobileSanity/STM/Page_App Page 4/label' located by 'By.xpath: //input[@id = 'consent-checkbox-0']' not found

2019-04-09 18:46:14 - [MESSAGE][INFO] - Unable to find the element located by 'By.xpath: //input[@id = 'consent-checkbox-0']'. Please recheck the objects properties to make sure the desired element is located. 

2019-04-09 18:46:14 - [MESSAGE][WARNING] - Web element with id: 'Object Repository/mobileSanity/STM/Page_App Page 4/label' located by 'By.xpath: //input[@id = 'consent-checkbox-0']' not found

2019-04-09 18:46:14 - [TEST_STEP][FAILED] - click(findTestObject("mobileSanity/STM/Page_App Page 4/label")): click(findTestObject("mobileSanity/STM/Page_App Page 4/label")) FAILED.
Reason:
com.kms.katalon.core.exception.StepFailedException: Unable to click on object 'Object Repository/mobileSanity/STM/Page_App Page 4/label' (Root cause: com.kms.katalon.core.webui.exception.WebElementNotFoundException: Web element with id: 'Object Repository/mobileSanity/STM/Page_App Page 4/label' located by 'By.xpath: //input[@id = 'consent-checkbox-0']' not found)
	at com.kms.katalon.core.keyword.internal.KeywordMain.stepFailed(KeywordMain.groovy:36)
	at com.kms.katalon.core.webui.keyword.internal.WebUIKeywordMain.stepFailed(WebUIKeywordMain.groovy:65)
	at com.kms.katalon.core.webui.keyword.internal.WebUIKeywordMain.runKeyword(WebUIKeywordMain.groovy:27)
	at com.kms.katalon.core.webui.keyword.builtin.ClickKeyword.click(ClickKeyword.groovy:86)
	at com.kms.katalon.core.webui.keyword.builtin.ClickKeyword.execute(ClickKeyword.groovy:67)
	at com.kms.katalon.core.keyword.internal.KeywordExecutor.executeKeywordForPlatform(KeywordExecutor.groovy:53)
	at com.kms.katalon.core.webui.keyword.WebUiBuiltInKeywords.click(WebUiBuiltInKeywords.groovy:616)
	at com.kms.katalon.core.webui.keyword.WebUiBuiltInKeywords$click$4.call(Unknown Source)
	at goToEnd_stm_autofill.run(goToEnd_stm_autofill:55)
	at com.kms.katalon.core.main.ScriptEngine.run(ScriptEngine.java:194)
	at com.kms.katalon.core.main.ScriptEngine.runScriptAsRawText(ScriptEngine.java:119)
	at com.kms.katalon.core.main.TestCaseExecutor.runScript(TestCaseExecutor.java:328)
	at com.kms.katalon.core.main.TestCaseExecutor.doExecute(TestCaseExecutor.java:319)
	at com.kms.katalon.core.main.TestCaseExecutor.processExecutionPhase(TestCaseExecutor.java:298)
	at com.kms.katalon.core.main.TestCaseExecutor.accessMainPhase(TestCaseExecutor.java:290)
	at com.kms.katalon.core.main.TestCaseExecutor.execute(TestCaseExecutor.java:224)
	at com.kms.katalon.core.main.TestCaseMain.runTestCase(TestCaseMain.java:106)
	at com.kms.katalon.core.keyword.builtin.CallTestCaseKeyword$_callTestCase_closure1.doCall(CallTestCaseKeyword.groovy:59)
	at com.kms.katalon.core.keyword.builtin.CallTestCaseKeyword$_callTestCase_closure1.call(CallTestCaseKeyword.groovy)
	at com.kms.katalon.core.keyword.internal.KeywordMain.runKeyword(KeywordMain.groovy:54)
	at com.kms.katalon.core.keyword.builtin.CallTestCaseKeyword.callTestCase(CallTestCaseKeyword.groovy:80)
	at com.kms.katalon.core.keyword.builtin.CallTestCaseKeyword.execute(CallTestCaseKeyword.groovy:44)
	at com.kms.katalon.core.keyword.internal.KeywordExecutor.executeKeywordForPlatform(KeywordExecutor.groovy:53)
	at com.kms.katalon.core.keyword.BuiltinKeywords.callTestCase(BuiltinKeywords.groovy:334)
	at LifeShield.run(LifeShield:40)
	at com.kms.katalon.core.main.ScriptEngine.run(ScriptEngine.java:194)
	at com.kms.katalon.core.main.ScriptEngine.runScriptAsRawText(ScriptEngine.java:119)
	at com.kms.katalon.core.main.TestCaseExecutor.runScript(TestCaseExecutor.java:328)
	at com.kms.katalon.core.main.TestCaseExecutor.doExecute(TestCaseExecutor.java:319)
	at com.kms.katalon.core.main.TestCaseExecutor.processExecutionPhase(TestCaseExecutor.java:298)
	at com.kms.katalon.core.main.TestCaseExecutor.accessMainPhase(TestCaseExecutor.java:290)
	at com.kms.katalon.core.main.TestCaseExecutor.execute(TestCaseExecutor.java:224)
	at com.kms.katalon.core.main.TestSuiteExecutor.accessTestCaseMainPhase(TestSuiteExecutor.java:129)
	at com.kms.katalon.core.main.TestSuiteExecutor.accessTestSuiteMainPhase(TestSuiteExecutor.java:112)
	at com.kms.katalon.core.main.TestSuiteExecutor.execute(TestSuiteExecutor.java:81)
	at com.kms.katalon.core.main.TestCaseMain.startTestSuite(TestCaseMain.java:149)
	at com.kms.katalon.core.main.TestCaseMain$startTestSuite$0.call(Unknown Source)
	at TempTestSuite1554806206518.run(TempTestSuite1554806206518.groovy:36)


2019-04-09 18:46:35 - [MESSAGE][INFO] - Unable to find the element located by 'By.xpath: //input[@id = 'consent-checkbox-0']'. Please recheck the objects properties to make sure the desired element is located. 

2019-04-09 18:46:36 - [MESSAGE][FAILED] - Unable to click on object 'Object Repository/mobileSanity/STM/Page_App Page 4/label' (Root cause: com.kms.katalon.core.webui.exception.WebElementNotFoundException: Web element with id: 'Object Repository/mobileSanity/STM/Page_App Page 4/label' located by 'By.xpath: //input[@id = 'consent-checkbox-0']' not found)
[[ATTACHMENT|/Users/denisyu/workplace/test/AgileTest/Reports/mobileWeb/stm/20190409_183636/1554806795341.png]]

2019-04-09 18:46:36 - [MESSAGE][FAILED] - click(findTestObject("mobileSanity/STM/Page_App Page 4/label")) FAILED.
Reason:
com.kms.katalon.core.exception.StepFailedException: Unable to click on object 'Object Repository/mobileSanity/STM/Page_App Page 4/label' (Root cause: com.kms.katalon.core.webui.exception.WebElementNotFoundException: Web element with id: 'Object Repository/mobileSanity/STM/Page_App Page 4/label' located by 'By.xpath: //input[@id = 'consent-checkbox-0']' not found)
	at com.kms.katalon.core.keyword.internal.KeywordMain.stepFailed(KeywordMain.groovy:36)
	at com.kms.katalon.core.webui.keyword.internal.WebUIKeywordMain.stepFailed(WebUIKeywordMain.groovy:65)
	at com.kms.katalon.core.webui.keyword.internal.WebUIKeywordMain.runKeyword(WebUIKeywordMain.groovy:27)
	at com.kms.katalon.core.webui.keyword.builtin.ClickKeyword.click(ClickKeyword.groovy:86)
	at com.kms.katalon.core.webui.keyword.builtin.ClickKeyword.execute(ClickKeyword.groovy:67)
	at com.kms.katalon.core.keyword.internal.KeywordExecutor.executeKeywordForPlatform(KeywordExecutor.groovy:53)
	at com.kms.katalon.core.webui.keyword.WebUiBuiltInKeywords.click(WebUiBuiltInKeywords.groovy:616)
	at com.kms.katalon.core.webui.keyword.WebUiBuiltInKeywords$click$4.call(Unknown Source)
	at goToEnd_stm_autofill.run(goToEnd_stm_autofill:55)
	at com.kms.katalon.core.main.ScriptEngine.run(ScriptEngine.java:194)
	at com.kms.katalon.core.main.ScriptEngine.runScriptAsRawText(ScriptEngine.java:119)
	at com.kms.katalon.core.main.TestCaseExecutor.runScript(TestCaseExecutor.java:328)
	at com.kms.katalon.core.main.TestCaseExecutor.doExecute(TestCaseExecutor.java:319)
	at com.kms.katalon.core.main.TestCaseExecutor.processExecutionPhase(TestCaseExecutor.java:298)
	at com.kms.katalon.core.main.TestCaseExecutor.accessMainPhase(TestCaseExecutor.java:290)
	at com.kms.katalon.core.main.TestCaseExecutor.execute(TestCaseExecutor.java:224)
	at com.kms.katalon.core.main.TestCaseMain.runTestCase(TestCaseMain.java:106)
	at com.kms.katalon.core.keyword.builtin.CallTestCaseKeyword$_callTestCase_closure1.doCall(CallTestCaseKeyword.groovy:59)
	at com.kms.katalon.core.keyword.builtin.CallTestCaseKeyword$_callTestCase_closure1.call(CallTestCaseKeyword.groovy)
	at com.kms.katalon.core.keyword.internal.KeywordMain.runKeyword(KeywordMain.groovy:54)
	at com.kms.katalon.core.keyword.builtin.CallTestCaseKeyword.callTestCase(CallTestCaseKeyword.groovy:80)
	at com.kms.katalon.core.keyword.builtin.CallTestCaseKeyword.execute(CallTestCaseKeyword.groovy:44)
	at com.kms.katalon.core.keyword.internal.KeywordExecutor.executeKeywordForPlatform(KeywordExecutor.groovy:53)
	at com.kms.katalon.core.keyword.BuiltinKeywords.callTestCase(BuiltinKeywords.groovy:334)
	at LifeShield.run(LifeShield:40)
	at com.kms.katalon.core.main.ScriptEngine.run(ScriptEngine.java:194)
	at com.kms.katalon.core.main.ScriptEngine.runScriptAsRawText(ScriptEngine.java:119)
	at com.kms.katalon.core.main.TestCaseExecutor.runScript(TestCaseExecutor.java:328)
	at com.kms.katalon.core.main.TestCaseExecutor.doExecute(TestCaseExecutor.java:319)
	at com.kms.katalon.core.main.TestCaseExecutor.processExecutionPhase(TestCaseExecutor.java:298)
	at com.kms.katalon.core.main.TestCaseExecutor.accessMainPhase(TestCaseExecutor.java:290)
	at com.kms.katalon.core.main.TestCaseExecutor.execute(TestCaseExecutor.java:224)
	at com.kms.katalon.core.main.TestSuiteExecutor.accessTestCaseMainPhase(TestSuiteExecutor.java:129)
	at com.kms.katalon.core.main.TestSuiteExecutor.accessTestSuiteMainPhase(TestSuiteExecutor.java:112)
	at com.kms.katalon.core.main.TestSuiteExecutor.execute(TestSuiteExecutor.java:81)
	at com.kms.katalon.core.main.TestCaseMain.startTestSuite(TestCaseMain.java:149)
	at com.kms.katalon.core.main.TestCaseMain$startTestSuite$0.call(Unknown Source)
	at TempTestSuite1554806206518.run(TempTestSuite1554806206518.groovy:36)


2019-04-09 18:46:36 - [MESSAGE][FAILED] - Unable to call Test Case 'Test Cases/mobileWeb/_include/goToEnd_stm_autofill' (Root cause: com.kms.katalon.core.exception.StepFailedException: Call Test Case 'Test Cases/mobileWeb/_include/goToEnd_stm_autofill' failed)

2019-04-09 18:46:36 - [MESSAGE][FAILED] - callTestCase(findTestCase("mobileWeb/_include/goToEnd_stm_autofill"), [:], STOP_ON_FAILURE) FAILED.
Reason:
com.kms.katalon.core.exception.StepFailedException: Unable to click on object 'Object Repository/mobileSanity/STM/Page_App Page 4/label' (Root cause: com.kms.katalon.core.webui.exception.WebElementNotFoundException: Web element with id: 'Object Repository/mobileSanity/STM/Page_App Page 4/label' located by 'By.xpath: //input[@id = 'consent-checkbox-0']' not found)
	at com.kms.katalon.core.keyword.internal.KeywordMain.stepFailed(KeywordMain.groovy:36)
	at com.kms.katalon.core.webui.keyword.internal.WebUIKeywordMain.stepFailed(WebUIKeywordMain.groovy:65)
	at com.kms.katalon.core.webui.keyword.internal.WebUIKeywordMain.runKeyword(WebUIKeywordMain.groovy:27)
	at com.kms.katalon.core.webui.keyword.builtin.ClickKeyword.click(ClickKeyword.groovy:86)
	at com.kms.katalon.core.webui.keyword.builtin.ClickKeyword.execute(ClickKeyword.groovy:67)
	at com.kms.katalon.core.keyword.internal.KeywordExecutor.executeKeywordForPlatform(KeywordExecutor.groovy:53)
	at com.kms.katalon.core.webui.keyword.WebUiBuiltInKeywords.click(WebUiBuiltInKeywords.groovy:616)
	at com.kms.katalon.core.webui.keyword.WebUiBuiltInKeywords$click$4.call(Unknown Source)
	at goToEnd_stm_autofill.run(goToEnd_stm_autofill:55)
	at com.kms.katalon.core.main.ScriptEngine.run(ScriptEngine.java:194)
	at com.kms.katalon.core.main.ScriptEngine.runScriptAsRawText(ScriptEngine.java:119)
	at com.kms.katalon.core.main.TestCaseExecutor.runScript(TestCaseExecutor.java:328)
	at com.kms.katalon.core.main.TestCaseExecutor.doExecute(TestCaseExecutor.java:319)
	at com.kms.katalon.core.main.TestCaseExecutor.processExecutionPhase(TestCaseExecutor.java:298)
	at com.kms.katalon.core.main.TestCaseExecutor.accessMainPhase(TestCaseExecutor.java:290)
	at com.kms.katalon.core.main.TestCaseExecutor.execute(TestCaseExecutor.java:224)
	at com.kms.katalon.core.main.TestCaseMain.runTestCase(TestCaseMain.java:106)
	at com.kms.katalon.core.keyword.builtin.CallTestCaseKeyword$_callTestCase_closure1.doCall(CallTestCaseKeyword.groovy:59)
	at com.kms.katalon.core.keyword.builtin.CallTestCaseKeyword$_callTestCase_closure1.call(CallTestCaseKeyword.groovy)
	at com.kms.katalon.core.keyword.internal.KeywordMain.runKeyword(KeywordMain.groovy:54)
	at com.kms.katalon.core.keyword.builtin.CallTestCaseKeyword.callTestCase(CallTestCaseKeyword.groovy:80)
	at com.kms.katalon.core.keyword.builtin.CallTestCaseKeyword.execute(CallTestCaseKeyword.groovy:44)
	at com.kms.katalon.core.keyword.internal.KeywordExecutor.executeKeywordForPlatform(KeywordExecutor.groovy:53)
	at com.kms.katalon.core.keyword.BuiltinKeywords.callTestCase(BuiltinKeywords.groovy:334)
	at LifeShield.run(LifeShield:40)
	at com.kms.katalon.core.main.ScriptEngine.run(ScriptEngine.java:194)
	at com.kms.katalon.core.main.ScriptEngine.runScriptAsRawText(ScriptEngine.java:119)
	at com.kms.katalon.core.main.TestCaseExecutor.runScript(TestCaseExecutor.java:328)
	at com.kms.katalon.core.main.TestCaseExecutor.doExecute(TestCaseExecutor.java:319)
	at com.kms.katalon.core.main.TestCaseExecutor.processExecutionPhase(TestCaseExecutor.java:298)
	at com.kms.katalon.core.main.TestCaseExecutor.accessMainPhase(TestCaseExecutor.java:290)
	at com.kms.katalon.core.main.TestCaseExecutor.execute(TestCaseExecutor.java:224)
	at com.kms.katalon.core.main.TestSuiteExecutor.accessTestCaseMainPhase(TestSuiteExecutor.java:129)
	at com.kms.katalon.core.main.TestSuiteExecutor.accessTestSuiteMainPhase(TestSuiteExecutor.java:112)
	at com.kms.katalon.core.main.TestSuiteExecutor.execute(TestSuiteExecutor.java:81)
	at com.kms.katalon.core.main.TestCaseMain.startTestSuite(TestCaseMain.java:149)
	at com.kms.katalon.core.main.TestCaseMain$startTestSuite$0.call(Unknown Source)
	at TempTestSuite1554806206518.run(TempTestSuite1554806206518.groovy:36)]]></system-out>
         <system-err><![CDATA[2019-04-09 18:45:07 - [TEST_CASE][FAILED] - Test Cases/mobileWeb/stm/LifeShield: Test Cases/mobileWeb/stm/LifeShield FAILED.
Reason:
com.kms.katalon.core.exception.StepFailedException: Unable to click on object 'Object Repository/mobileSanity/STM/Page_App Page 4/label' (Root cause: com.kms.katalon.core.webui.exception.WebElementNotFoundException: Web element with id: 'Object Repository/mobileSanity/STM/Page_App Page 4/label' located by 'By.xpath: //input[@id = 'consent-checkbox-0']' not found)
	at com.kms.katalon.core.keyword.internal.KeywordMain.stepFailed(KeywordMain.groovy:36)
	at com.kms.katalon.core.webui.keyword.internal.WebUIKeywordMain.stepFailed(WebUIKeywordMain.groovy:65)
	at com.kms.katalon.core.webui.keyword.internal.WebUIKeywordMain.runKeyword(WebUIKeywordMain.groovy:27)
	at com.kms.katalon.core.webui.keyword.builtin.ClickKeyword.click(ClickKeyword.groovy:86)
	at com.kms.katalon.core.webui.keyword.builtin.ClickKeyword.execute(ClickKeyword.groovy:67)
	at com.kms.katalon.core.keyword.internal.KeywordExecutor.executeKeywordForPlatform(KeywordExecutor.groovy:53)
	at com.kms.katalon.core.webui.keyword.WebUiBuiltInKeywords.click(WebUiBuiltInKeywords.groovy:616)
	at com.kms.katalon.core.webui.keyword.WebUiBuiltInKeywords$click$4.call(Unknown Source)
	at goToEnd_stm_autofill.run(goToEnd_stm_autofill:55)
	at com.kms.katalon.core.main.ScriptEngine.run(ScriptEngine.java:194)
	at com.kms.katalon.core.main.ScriptEngine.runScriptAsRawText(ScriptEngine.java:119)
	at com.kms.katalon.core.main.TestCaseExecutor.runScript(TestCaseExecutor.java:328)
	at com.kms.katalon.core.main.TestCaseExecutor.doExecute(TestCaseExecutor.java:319)
	at com.kms.katalon.core.main.TestCaseExecutor.processExecutionPhase(TestCaseExecutor.java:298)
	at com.kms.katalon.core.main.TestCaseExecutor.accessMainPhase(TestCaseExecutor.java:290)
	at com.kms.katalon.core.main.TestCaseExecutor.execute(TestCaseExecutor.java:224)
	at com.kms.katalon.core.main.TestCaseMain.runTestCase(TestCaseMain.java:106)
	at com.kms.katalon.core.keyword.builtin.CallTestCaseKeyword$_callTestCase_closure1.doCall(CallTestCaseKeyword.groovy:59)
	at com.kms.katalon.core.keyword.builtin.CallTestCaseKeyword$_callTestCase_closure1.call(CallTestCaseKeyword.groovy)
	at com.kms.katalon.core.keyword.internal.KeywordMain.runKeyword(KeywordMain.groovy:54)
	at com.kms.katalon.core.keyword.builtin.CallTestCaseKeyword.callTestCase(CallTestCaseKeyword.groovy:80)
	at com.kms.katalon.core.keyword.builtin.CallTestCaseKeyword.execute(CallTestCaseKeyword.groovy:44)
	at com.kms.katalon.core.keyword.internal.KeywordExecutor.executeKeywordForPlatform(KeywordExecutor.groovy:53)
	at com.kms.katalon.core.keyword.BuiltinKeywords.callTestCase(BuiltinKeywords.groovy:334)
	at LifeShield.run(LifeShield:40)
	at com.kms.katalon.core.main.ScriptEngine.run(ScriptEngine.java:194)
	at com.kms.katalon.core.main.ScriptEngine.runScriptAsRawText(ScriptEngine.java:119)
	at com.kms.katalon.core.main.TestCaseExecutor.runScript(TestCaseExecutor.java:328)
	at com.kms.katalon.core.main.TestCaseExecutor.doExecute(TestCaseExecutor.java:319)
	at com.kms.katalon.core.main.TestCaseExecutor.processExecutionPhase(TestCaseExecutor.java:298)
	at com.kms.katalon.core.main.TestCaseExecutor.accessMainPhase(TestCaseExecutor.java:290)
	at com.kms.katalon.core.main.TestCaseExecutor.execute(TestCaseExecutor.java:224)
	at com.kms.katalon.core.main.TestSuiteExecutor.accessTestCaseMainPhase(TestSuiteExecutor.java:129)
	at com.kms.katalon.core.main.TestSuiteExecutor.accessTestSuiteMainPhase(TestSuiteExecutor.java:112)
	at com.kms.katalon.core.main.TestSuiteExecutor.execute(TestSuiteExecutor.java:81)
	at com.kms.katalon.core.main.TestCaseMain.startTestSuite(TestCaseMain.java:149)
	at com.kms.katalon.core.main.TestCaseMain$startTestSuite$0.call(Unknown Source)
	at TempTestSuite1554806206518.run(TempTestSuite1554806206518.groovy:36)]]></system-err>
      </testcase>
      <testcase name="Test Cases/mobileWeb/stm/NationalGeneral" classname="Test Cases/mobileWeb/stm/NationalGeneral" status="FAILED">
         <failure type="FAILED" message="Test Cases/mobileWeb/stm/NationalGeneral FAILED.
Reason:
com.kms.katalon.core.exception.StepFailedException: Unable to click on object 'Object Repository/mobileSanity/STM/Page_App Page 1/a_Continue' (Root cause: org.openqa.selenium.ElementNotVisibleException: element not interactable
  (Session info: chrome=73.0.3683.103)
  (Driver info: chromedriver=2.43.600229 (3fae4d0cda5334b4f533bede5a4787f7b832d052),platform=Mac OS X 10.14.4 x86_64) (WARNING: The server did not provide any stacktrace information)
Command duration or timeout: 0 milliseconds
Build info: version: '3.7.1', revision: '8a0099a', time: '2017-11-06T21:07:36.161Z'
System info: host: 'Deniss-MacBook-Pro.local', ip: 'fe80:0:0:0:10f1:a73f:e71a:955a%en0', os.name: 'Mac OS X', os.arch: 'x86_64', os.version: '10.14.4', java.version: '1.8.0_181'
Driver info: com.kms.katalon.selenium.driver.CChromeDriver
Capabilities {acceptInsecureCerts: false, acceptSslCerts: false, applicationCacheEnabled: false, browserConnectionEnabled: false, browserName: chrome, chrome: {chromedriverVersion: 2.43.600229 (3fae4d0cda5334..., userDataDir: /var/folders/95/4qsvf70n5s5...}, cssSelectorsEnabled: true, databaseEnabled: false, goog:chromeOptions: {debuggerAddress: localhost:52302}, handlesAlerts: true, hasTouchScreen: true, javascriptEnabled: true, locationContextEnabled: true, mobileEmulationEnabled: true, nativeEvents: true, networkConnectionEnabled: false, pageLoadStrategy: normal, platform: MAC, platformName: MAC, rotatable: false, setWindowRect: true, takesHeapSnapshot: true, takesScreenshot: true, unexpectedAlertBehaviour: , unhandledPromptBehavior: , version: 73.0.3683.103, webStorageEnabled: true}
Session ID: 2fd4b55bf5646dafda8ce5f703e770f6)
	at com.kms.katalon.core.keyword.internal.KeywordMain.stepFailed(KeywordMain.groovy:36)
	at com.kms.katalon.core.webui.keyword.internal.WebUIKeywordMain.stepFailed(WebUIKeywordMain.groovy:65)
	at com.kms.katalon.core.webui.keyword.internal.WebUIKeywordMain.runKeyword(WebUIKeywordMain.groovy:27)
	at com.kms.katalon.core.webui.keyword.builtin.ClickKeyword.click(ClickKeyword.groovy:86)
	at com.kms.katalon.core.webui.keyword.builtin.ClickKeyword.execute(ClickKeyword.groovy:67)
	at com.kms.katalon.core.keyword.internal.KeywordExecutor.executeKeywordForPlatform(KeywordExecutor.groovy:53)
	at com.kms.katalon.core.webui.keyword.WebUiBuiltInKeywords.click(WebUiBuiltInKeywords.groovy:616)
	at com.kms.katalon.core.webui.keyword.WebUiBuiltInKeywords$click$4.call(Unknown Source)
	at goToEnd_stm_autofill.run(goToEnd_stm_autofill:33)
	at com.kms.katalon.core.main.ScriptEngine.run(ScriptEngine.java:194)
	at com.kms.katalon.core.main.ScriptEngine.runScriptAsRawText(ScriptEngine.java:119)
	at com.kms.katalon.core.main.TestCaseExecutor.runScript(TestCaseExecutor.java:328)
	at com.kms.katalon.core.main.TestCaseExecutor.doExecute(TestCaseExecutor.java:319)
	at com.kms.katalon.core.main.TestCaseExecutor.processExecutionPhase(TestCaseExecutor.java:298)
	at com.kms.katalon.core.main.TestCaseExecutor.accessMainPhase(TestCaseExecutor.java:290)
	at com.kms.katalon.core.main.TestCaseExecutor.execute(TestCaseExecutor.java:224)
	at com.kms.katalon.core.main.TestCaseMain.runTestCase(TestCaseMain.java:106)
	at com.kms.katalon.core.keyword.builtin.CallTestCaseKeyword$_callTestCase_closure1.doCall(CallTestCaseKeyword.groovy:59)
	at com.kms.katalon.core.keyword.builtin.CallTestCaseKeyword$_callTestCase_closure1.call(CallTestCaseKeyword.groovy)
	at com.kms.katalon.core.keyword.internal.KeywordMain.runKeyword(KeywordMain.groovy:54)
	at com.kms.katalon.core.keyword.builtin.CallTestCaseKeyword.callTestCase(CallTestCaseKeyword.groovy:80)
	at com.kms.katalon.core.keyword.builtin.CallTestCaseKeyword.execute(CallTestCaseKeyword.groovy:44)
	at com.kms.katalon.core.keyword.internal.KeywordExecutor.executeKeywordForPlatform(KeywordExecutor.groovy:53)
	at com.kms.katalon.core.keyword.BuiltinKeywords.callTestCase(BuiltinKeywords.groovy:334)
	at NationalGeneral.run(NationalGeneral:34)
	at com.kms.katalon.core.main.ScriptEngine.run(ScriptEngine.java:194)
	at com.kms.katalon.core.main.ScriptEngine.runScriptAsRawText(ScriptEngine.java:119)
	at com.kms.katalon.core.main.TestCaseExecutor.runScript(TestCaseExecutor.java:328)
	at com.kms.katalon.core.main.TestCaseExecutor.doExecute(TestCaseExecutor.java:319)
	at com.kms.katalon.core.main.TestCaseExecutor.processExecutionPhase(TestCaseExecutor.java:298)
	at com.kms.katalon.core.main.TestCaseExecutor.accessMainPhase(TestCaseExecutor.java:290)
	at com.kms.katalon.core.main.TestCaseExecutor.execute(TestCaseExecutor.java:224)
	at com.kms.katalon.core.main.TestSuiteExecutor.accessTestCaseMainPhase(TestSuiteExecutor.java:129)
	at com.kms.katalon.core.main.TestSuiteExecutor.accessTestSuiteMainPhase(TestSuiteExecutor.java:112)
	at com.kms.katalon.core.main.TestSuiteExecutor.execute(TestSuiteExecutor.java:81)
	at com.kms.katalon.core.main.TestCaseMain.startTestSuite(TestCaseMain.java:149)
	at com.kms.katalon.core.main.TestCaseMain$startTestSuite$0.call(Unknown Source)
	at TempTestSuite1554806206518.run(TempTestSuite1554806206518.groovy:36)
"/>
         <system-out><![CDATA[2019-04-09 18:46:36 - [TEST_CASE][FAILED] - Test Cases/mobileWeb/stm/NationalGeneral: Test Cases/mobileWeb/stm/NationalGeneral FAILED.
Reason:
com.kms.katalon.core.exception.StepFailedException: Unable to click on object 'Object Repository/mobileSanity/STM/Page_App Page 1/a_Continue' (Root cause: org.openqa.selenium.ElementNotVisibleException: element not interactable
  (Session info: chrome=73.0.3683.103)
  (Driver info: chromedriver=2.43.600229 (3fae4d0cda5334b4f533bede5a4787f7b832d052),platform=Mac OS X 10.14.4 x86_64) (WARNING: The server did not provide any stacktrace information)
Command duration or timeout: 0 milliseconds
Build info: version: '3.7.1', revision: '8a0099a', time: '2017-11-06T21:07:36.161Z'
System info: host: 'Deniss-MacBook-Pro.local', ip: 'fe80:0:0:0:10f1:a73f:e71a:955a%en0', os.name: 'Mac OS X', os.arch: 'x86_64', os.version: '10.14.4', java.version: '1.8.0_181'
Driver info: com.kms.katalon.selenium.driver.CChromeDriver
Capabilities {acceptInsecureCerts: false, acceptSslCerts: false, applicationCacheEnabled: false, browserConnectionEnabled: false, browserName: chrome, chrome: {chromedriverVersion: 2.43.600229 (3fae4d0cda5334..., userDataDir: /var/folders/95/4qsvf70n5s5...}, cssSelectorsEnabled: true, databaseEnabled: false, goog:chromeOptions: {debuggerAddress: localhost:52302}, handlesAlerts: true, hasTouchScreen: true, javascriptEnabled: true, locationContextEnabled: true, mobileEmulationEnabled: true, nativeEvents: true, networkConnectionEnabled: false, pageLoadStrategy: normal, platform: MAC, platformName: MAC, rotatable: false, setWindowRect: true, takesHeapSnapshot: true, takesScreenshot: true, unexpectedAlertBehaviour: , unhandledPromptBehavior: , version: 73.0.3683.103, webStorageEnabled: true}
Session ID: 2fd4b55bf5646dafda8ce5f703e770f6)
	at com.kms.katalon.core.keyword.internal.KeywordMain.stepFailed(KeywordMain.groovy:36)
	at com.kms.katalon.core.webui.keyword.internal.WebUIKeywordMain.stepFailed(WebUIKeywordMain.groovy:65)
	at com.kms.katalon.core.webui.keyword.internal.WebUIKeywordMain.runKeyword(WebUIKeywordMain.groovy:27)
	at com.kms.katalon.core.webui.keyword.builtin.ClickKeyword.click(ClickKeyword.groovy:86)
	at com.kms.katalon.core.webui.keyword.builtin.ClickKeyword.execute(ClickKeyword.groovy:67)
	at com.kms.katalon.core.keyword.internal.KeywordExecutor.executeKeywordForPlatform(KeywordExecutor.groovy:53)
	at com.kms.katalon.core.webui.keyword.WebUiBuiltInKeywords.click(WebUiBuiltInKeywords.groovy:616)
	at com.kms.katalon.core.webui.keyword.WebUiBuiltInKeywords$click$4.call(Unknown Source)
	at goToEnd_stm_autofill.run(goToEnd_stm_autofill:33)
	at com.kms.katalon.core.main.ScriptEngine.run(ScriptEngine.java:194)
	at com.kms.katalon.core.main.ScriptEngine.runScriptAsRawText(ScriptEngine.java:119)
	at com.kms.katalon.core.main.TestCaseExecutor.runScript(TestCaseExecutor.java:328)
	at com.kms.katalon.core.main.TestCaseExecutor.doExecute(TestCaseExecutor.java:319)
	at com.kms.katalon.core.main.TestCaseExecutor.processExecutionPhase(TestCaseExecutor.java:298)
	at com.kms.katalon.core.main.TestCaseExecutor.accessMainPhase(TestCaseExecutor.java:290)
	at com.kms.katalon.core.main.TestCaseExecutor.execute(TestCaseExecutor.java:224)
	at com.kms.katalon.core.main.TestCaseMain.runTestCase(TestCaseMain.java:106)
	at com.kms.katalon.core.keyword.builtin.CallTestCaseKeyword$_callTestCase_closure1.doCall(CallTestCaseKeyword.groovy:59)
	at com.kms.katalon.core.keyword.builtin.CallTestCaseKeyword$_callTestCase_closure1.call(CallTestCaseKeyword.groovy)
	at com.kms.katalon.core.keyword.internal.KeywordMain.runKeyword(KeywordMain.groovy:54)
	at com.kms.katalon.core.keyword.builtin.CallTestCaseKeyword.callTestCase(CallTestCaseKeyword.groovy:80)
	at com.kms.katalon.core.keyword.builtin.CallTestCaseKeyword.execute(CallTestCaseKeyword.groovy:44)
	at com.kms.katalon.core.keyword.internal.KeywordExecutor.executeKeywordForPlatform(KeywordExecutor.groovy:53)
	at com.kms.katalon.core.keyword.BuiltinKeywords.callTestCase(BuiltinKeywords.groovy:334)
	at NationalGeneral.run(NationalGeneral:34)
	at com.kms.katalon.core.main.ScriptEngine.run(ScriptEngine.java:194)
	at com.kms.katalon.core.main.ScriptEngine.runScriptAsRawText(ScriptEngine.java:119)
	at com.kms.katalon.core.main.TestCaseExecutor.runScript(TestCaseExecutor.java:328)
	at com.kms.katalon.core.main.TestCaseExecutor.doExecute(TestCaseExecutor.java:319)
	at com.kms.katalon.core.main.TestCaseExecutor.processExecutionPhase(TestCaseExecutor.java:298)
	at com.kms.katalon.core.main.TestCaseExecutor.accessMainPhase(TestCaseExecutor.java:290)
	at com.kms.katalon.core.main.TestCaseExecutor.execute(TestCaseExecutor.java:224)
	at com.kms.katalon.core.main.TestSuiteExecutor.accessTestCaseMainPhase(TestSuiteExecutor.java:129)
	at com.kms.katalon.core.main.TestSuiteExecutor.accessTestSuiteMainPhase(TestSuiteExecutor.java:112)
	at com.kms.katalon.core.main.TestSuiteExecutor.execute(TestSuiteExecutor.java:81)
	at com.kms.katalon.core.main.TestCaseMain.startTestSuite(TestCaseMain.java:149)
	at com.kms.katalon.core.main.TestCaseMain$startTestSuite$0.call(Unknown Source)
	at TempTestSuite1554806206518.run(TempTestSuite1554806206518.groovy:36)


2019-04-09 18:46:37 - [TEST_STEP][PASSED] - now = new java.util.Date(): null

2019-04-09 18:46:37 - [TEST_STEP][PASSED] - mydate = now.format("yyyyMMdd_HHmmss"): null

2019-04-09 18:46:37 - [TEST_STEP][PASSED] - screenPath = stmPath + "National General/" + mydate + "/": null

2019-04-09 18:46:37 - [TEST_STEP][PASSED] - i = 0: null

2019-04-09 18:46:37 - [TEST_STEP][PASSED] - callTestCase(findTestCase("mobileWeb/_include/openWebSite"), [:], CONTINUE_ON_FAILURE): Call Test Case 'Test Cases/mobileWeb/_include/openWebSite' successfully

2019-04-09 18:46:37 - [TEST_CASE][PASSED] - Test Cases/mobileWeb/_include/openWebSite: Test Cases/mobileWeb/_include/openWebSite

2019-04-09 18:46:37 - [TEST_STEP][PASSED] - openBrowser(""): Browser is opened with url: ''

2019-04-09 18:46:37 - [MESSAGE][WARNING] - A browser is already opened. Closing browser and opening a new one

2019-04-09 18:46:37 - [MESSAGE][INFO] - Starting 'Chrome' driver

2019-04-09 18:46:37 - [MESSAGE][INFO] - User set preference: ['mobileEmulation', '{deviceName=iPhone X}']

2019-04-09 18:46:37 - [MESSAGE][INFO] - User set preference: ['args', '[]']

2019-04-09 18:46:39 - [MESSAGE][PASSED] - Browser is opened with url: ''

2019-04-09 18:46:39 - [TEST_STEP][PASSED] - navigateToUrl(ENV): Navigate to 'https://praetemptatus.agilehealthinsurance.com' successfully

2019-04-09 18:46:44 - [MESSAGE][PASSED] - Navigate to 'https://praetemptatus.agilehealthinsurance.com' successfully

2019-04-09 18:46:44 - [TEST_STEP][PASSED] - waitForPageLoad(10): Wait for page load successfully

2019-04-09 18:46:44 - [MESSAGE][PASSED] - Wait for page load successfully

2019-04-09 18:46:44 - [TEST_STEP][PASSED] - callTestCase(findTestCase("mobileWeb/_include/get_screenshot"), [:], STOP_ON_FAILURE): Call Test Case 'Test Cases/mobileWeb/_include/get_screenshot' successfully

2019-04-09 18:46:44 - [TEST_CASE][PASSED] - Test Cases/mobileWeb/_include/get_screenshot: Test Cases/mobileWeb/_include/get_screenshot

2019-04-09 18:46:44 - [TEST_STEP][PASSED] - takeScreenshot(screenPath + i + ".png"): Taking screenshot successfully

2019-04-09 18:46:46 - [MESSAGE][PASSED] - Taking screenshot successfully
[[ATTACHMENT|../Screenshots/mobileWeb/stm/National General/20190409_184637/0.png]]

2019-04-09 18:46:46 - [TEST_STEP][PASSED] - (internal.GlobalVariable.i++): null

2019-04-09 18:46:46 - [MESSAGE][PASSED] - Call Test Case 'Test Cases/mobileWeb/_include/get_screenshot' successfully

2019-04-09 18:46:46 - [MESSAGE][PASSED] - Call Test Case 'Test Cases/mobileWeb/_include/openWebSite' successfully

2019-04-09 18:46:46 - [TEST_STEP][PASSED] - callTestCase(findTestCase("mobileWeb/_include/census_stm"), [:], CONTINUE_ON_FAILURE): Call Test Case 'Test Cases/mobileWeb/_include/census_stm' successfully

2019-04-09 18:46:46 - [TEST_CASE][PASSED] - Test Cases/mobileWeb/_include/census_stm: Test Cases/mobileWeb/_include/census_stm

2019-04-09 18:46:46 - [TEST_STEP][PASSED] - waitForElementClickable(findTestObject("mobileSanity/STM/Home Page/a_Quote  Save Today"), 10): Object 'Object Repository/mobileSanity/STM/Home Page/a_Quote  Save Today' is clickable

2019-04-09 18:46:46 - [MESSAGE][PASSED] - Object 'Object Repository/mobileSanity/STM/Home Page/a_Quote  Save Today' is clickable

2019-04-09 18:46:46 - [TEST_STEP][PASSED] - click(findTestObject("mobileSanity/STM/Home Page/a_Quote  Save Today")): Object: 'Object Repository/mobileSanity/STM/Home Page/a_Quote  Save Today' is clicked on

2019-04-09 18:46:47 - [MESSAGE][PASSED] - Object: 'Object Repository/mobileSanity/STM/Home Page/a_Quote  Save Today' is clicked on

2019-04-09 18:46:47 - [TEST_STEP][PASSED] - waitForPageLoad(10): Wait for page load successfully

2019-04-09 18:46:47 - [MESSAGE][PASSED] - Wait for page load successfully

2019-04-09 18:46:47 - [TEST_STEP][PASSED] - callTestCase(findTestCase("mobileWeb/_include/get_screenshot"), [:], STOP_ON_FAILURE): Call Test Case 'Test Cases/mobileWeb/_include/get_screenshot' successfully

2019-04-09 18:46:48 - [TEST_CASE][PASSED] - Test Cases/mobileWeb/_include/get_screenshot: Test Cases/mobileWeb/_include/get_screenshot

2019-04-09 18:46:48 - [TEST_STEP][PASSED] - takeScreenshot(screenPath + i + ".png"): Taking screenshot successfully

2019-04-09 18:46:50 - [MESSAGE][PASSED] - Taking screenshot successfully
[[ATTACHMENT|../Screenshots/mobileWeb/stm/National General/20190409_184637/1.png]]

2019-04-09 18:46:50 - [TEST_STEP][PASSED] - (internal.GlobalVariable.i++): null

2019-04-09 18:46:50 - [MESSAGE][PASSED] - Call Test Case 'Test Cases/mobileWeb/_include/get_screenshot' successfully

2019-04-09 18:46:50 - [TEST_STEP][PASSED] - setText(findTestObject("mobileSanity/STM/STM Census Page/input_Location_zip-input"), zipcode): Text '35215' is set on object 'Object Repository/mobileSanity/STM/STM Census Page/input_Location_zip-input'

2019-04-09 18:46:50 - [MESSAGE][PASSED] - Text '35215' is set on object 'Object Repository/mobileSanity/STM/STM Census Page/input_Location_zip-input'

2019-04-09 18:46:50 - [TEST_STEP][PASSED] - Thread.sleep(500): null

2019-04-09 18:46:50 - [TEST_STEP][PASSED] - setText(findTestObject("mobileSanity/STM/STM Census Page/input_Date of Birth_dob-0"), "03031987"): Text '03031987' is set on object 'Object Repository/mobileSanity/STM/STM Census Page/input_Date of Birth_dob-0'

2019-04-09 18:46:51 - [MESSAGE][PASSED] - Text '03031987' is set on object 'Object Repository/mobileSanity/STM/STM Census Page/input_Date of Birth_dob-0'

2019-04-09 18:46:51 - [TEST_STEP][PASSED] - click(findTestObject("mobileSanity/STM/STM Census Page/label_Male")): Object: 'Object Repository/mobileSanity/STM/STM Census Page/label_Male' is clicked on

2019-04-09 18:46:51 - [MESSAGE][PASSED] - Object: 'Object Repository/mobileSanity/STM/STM Census Page/label_Male' is clicked on

2019-04-09 18:46:51 - [TEST_STEP][PASSED] - click(findTestObject("mobileSanity/STM/STM Census Page/label_Compare Plans")): Object: 'Object Repository/mobileSanity/STM/STM Census Page/label_Compare Plans' is clicked on

2019-04-09 18:46:59 - [MESSAGE][PASSED] - Object: 'Object Repository/mobileSanity/STM/STM Census Page/label_Compare Plans' is clicked on

2019-04-09 18:46:59 - [TEST_STEP][PASSED] - waitForPageLoad(10): Wait for page load successfully

2019-04-09 18:46:59 - [MESSAGE][PASSED] - Wait for page load successfully

2019-04-09 18:46:59 - [TEST_STEP][PASSED] - callTestCase(findTestCase("mobileWeb/_include/get_screenshot"), [:], STOP_ON_FAILURE): Call Test Case 'Test Cases/mobileWeb/_include/get_screenshot' successfully

2019-04-09 18:46:59 - [TEST_CASE][PASSED] - Test Cases/mobileWeb/_include/get_screenshot: Test Cases/mobileWeb/_include/get_screenshot

2019-04-09 18:46:59 - [TEST_STEP][PASSED] - takeScreenshot(screenPath + i + ".png"): Taking screenshot successfully

2019-04-09 18:47:00 - [MESSAGE][PASSED] - Taking screenshot successfully
[[ATTACHMENT|../Screenshots/mobileWeb/stm/National General/20190409_184637/2.png]]

2019-04-09 18:47:00 - [TEST_STEP][PASSED] - (internal.GlobalVariable.i++): null

2019-04-09 18:47:00 - [MESSAGE][PASSED] - Call Test Case 'Test Cases/mobileWeb/_include/get_screenshot' successfully

2019-04-09 18:47:00 - [MESSAGE][PASSED] - Call Test Case 'Test Cases/mobileWeb/_include/census_stm' successfully

2019-04-09 18:47:00 - [TEST_STEP][PASSED] - callTestCase(findTestCase("mobileWeb/_include/filter_stm"), ["carrier":"nationalgeneral"], STOP_ON_FAILURE): Call Test Case 'Test Cases/mobileWeb/_include/filter_stm' successfully

2019-04-09 18:47:01 - [TEST_CASE][PASSED] - Test Cases/mobileWeb/_include/filter_stm: Test Cases/mobileWeb/_include/filter_stm

2019-04-09 18:47:01 - [TEST_STEP][PASSED] - driver = getWebDriver(): null

2019-04-09 18:47:01 - [TEST_STEP][PASSED] - selenium = new com.thoughtworks.selenium.webdriven.WebDriverBackedSelenium(driver, internal.GlobalVariable.ENV): null

2019-04-09 18:47:01 - [TEST_STEP][PASSED] - click(findTestObject("mobileSanity/STM/STM Quote Page/button_6 months")): Object: 'Object Repository/mobileSanity/STM/STM Quote Page/button_6 months' is clicked on

2019-04-09 18:47:01 - [MESSAGE][PASSED] - Object: 'Object Repository/mobileSanity/STM/STM Quote Page/button_6 months' is clicked on

2019-04-09 18:47:01 - [TEST_STEP][PASSED] - test.MobileKeywords.clickJS(findTestObject("mobileSanity/STM/STM Quote Page/radio_6 months")): test.MobileKeywords.clickJS is PASSED

2019-04-09 18:47:01 - [MESSAGE][PASSED] - Execute JavaScript 'arguments[0].click()' successfully

2019-04-09 18:47:01 - [MESSAGE][PASSED] - test.MobileKeywords.clickJS is PASSED

2019-04-09 18:47:01 - [TEST_STEP][PASSED] - Thread.sleep(1000): null

2019-04-09 18:47:02 - [TEST_STEP][PASSED] - test.MobileKeywords.clickJS(findTestObject("mobileSanity/STM/STM Quote Page/duration_show_plans")): test.MobileKeywords.clickJS is PASSED

2019-04-09 18:47:02 - [MESSAGE][PASSED] - Execute JavaScript 'arguments[0].click()' successfully

2019-04-09 18:47:02 - [MESSAGE][PASSED] - test.MobileKeywords.clickJS is PASSED

2019-04-09 18:47:02 - [TEST_STEP][PASSED] - waitForJQueryLoad(10, STOP_ON_FAILURE): jQuery is ready.

2019-04-09 18:47:03 - [MESSAGE][PASSED] - jQuery is ready.

2019-04-09 18:47:03 - [TEST_STEP][PASSED] - Thread.sleep(1000): null

2019-04-09 18:47:04 - [TEST_STEP][PASSED] - click(findTestObject("mobileSanity/STM/STM Quote Page/button_filters")): Object: 'Object Repository/mobileSanity/STM/STM Quote Page/button_filters' is clicked on

2019-04-09 18:47:04 - [MESSAGE][PASSED] - Object: 'Object Repository/mobileSanity/STM/STM Quote Page/button_filters' is clicked on

2019-04-09 18:47:04 - [TEST_STEP][PASSED] - Thread.sleep(1000): null

2019-04-09 18:47:05 - [TEST_STEP][PASSED] - click(findTestObject("mobileSanity/STM/STM Quote Page/i_Insurance company")): Object: 'Object Repository/mobileSanity/STM/STM Quote Page/i_Insurance company' is clicked on

2019-04-09 18:47:05 - [MESSAGE][PASSED] - Object: 'Object Repository/mobileSanity/STM/STM Quote Page/i_Insurance company' is clicked on

2019-04-09 18:47:05 - [TEST_STEP][PASSED] - Thread.sleep(1000): null

2019-04-09 18:47:06 - [TEST_STEP][PASSED] - filter_carrier = "//input[@name='filter[carrier]' and @value='" + carrier + "']/following::label": null

2019-04-09 18:47:06 - [TEST_STEP][PASSED] - println(filter_carrier): null

2019-04-09 18:47:06 - [TEST_STEP][PASSED] - test.MobileKeywords.clickJS_ByXpath(filter_carrier): test.MobileKeywords.clickJS_ByXpath is PASSED

2019-04-09 18:47:06 - [MESSAGE][PASSED] - Execute JavaScript 'arguments[0].click()' successfully

2019-04-09 18:47:06 - [MESSAGE][PASSED] - test.MobileKeywords.clickJS_ByXpath is PASSED

2019-04-09 18:47:06 - [TEST_STEP][PASSED] - Thread.sleep(1000): null

2019-04-09 18:47:07 - [TEST_STEP][PASSED] - scrollToElement(findTestObject("mobileSanity/STM/STM Quote Page/a_Show Plans"), 1000): Scroll to object 'Object Repository/mobileSanity/STM/STM Quote Page/a_Show Plans' successfully

2019-04-09 18:47:07 - [MESSAGE][PASSED] - Scroll to object 'Object Repository/mobileSanity/STM/STM Quote Page/a_Show Plans' successfully

2019-04-09 18:47:07 - [TEST_STEP][PASSED] - click(findTestObject("mobileSanity/STM/STM Quote Page/a_Show Plans")): Object: 'Object Repository/mobileSanity/STM/STM Quote Page/a_Show Plans' is clicked on

2019-04-09 18:47:08 - [MESSAGE][PASSED] - Object: 'Object Repository/mobileSanity/STM/STM Quote Page/a_Show Plans' is clicked on

2019-04-09 18:47:08 - [TEST_STEP][PASSED] - waitForJQueryLoad(10, STOP_ON_FAILURE): jQuery is ready.

2019-04-09 18:47:08 - [MESSAGE][PASSED] - jQuery is ready.

2019-04-09 18:47:08 - [TEST_STEP][PASSED] - Thread.sleep(1000): null

2019-04-09 18:47:09 - [TEST_STEP][PASSED] - callTestCase(findTestCase("mobileWeb/_include/get_screenshot"), [:], STOP_ON_FAILURE): Call Test Case 'Test Cases/mobileWeb/_include/get_screenshot' successfully

2019-04-09 18:47:09 - [TEST_CASE][PASSED] - Test Cases/mobileWeb/_include/get_screenshot: Test Cases/mobileWeb/_include/get_screenshot

2019-04-09 18:47:09 - [TEST_STEP][PASSED] - takeScreenshot(screenPath + i + ".png"): Taking screenshot successfully

2019-04-09 18:47:10 - [MESSAGE][PASSED] - Taking screenshot successfully
[[ATTACHMENT|../Screenshots/mobileWeb/stm/National General/20190409_184637/3.png]]

2019-04-09 18:47:10 - [TEST_STEP][PASSED] - (internal.GlobalVariable.i++): null

2019-04-09 18:47:10 - [MESSAGE][PASSED] - Call Test Case 'Test Cases/mobileWeb/_include/get_screenshot' successfully

2019-04-09 18:47:10 - [MESSAGE][PASSED] - Call Test Case 'Test Cases/mobileWeb/_include/filter_stm' successfully

2019-04-09 18:47:10 - [TEST_STEP][PASSED] - callTestCase(findTestCase("mobileWeb/_include/goToDetail_stm"), ["carrier":"nationalgeneral"], STOP_ON_FAILURE): Call Test Case 'Test Cases/mobileWeb/_include/goToDetail_stm' successfully

2019-04-09 18:47:10 - [TEST_CASE][PASSED] - Test Cases/mobileWeb/_include/goToDetail_stm: Test Cases/mobileWeb/_include/goToDetail_stm

2019-04-09 18:47:10 - [TEST_STEP][PASSED] - driver = getWebDriver(): null

2019-04-09 18:47:10 - [TEST_STEP][PASSED] - selenium = new com.thoughtworks.selenium.webdriven.WebDriverBackedSelenium(driver, internal.GlobalVariable.ENV): null

2019-04-09 18:47:10 - [TEST_STEP][PASSED] - a_plan_name = "xpath=//a[contains(@href,'/term-health-insurance/plan/" + carrier + "')]": null

2019-04-09 18:47:10 - [TEST_STEP][PASSED] - println(a_plan_name): null

2019-04-09 18:47:10 - [TEST_STEP][PASSED] - selenium.click(a_plan_name): null

2019-04-09 18:47:13 - [TEST_STEP][PASSED] - waitForPageLoad(10): Wait for page load successfully

2019-04-09 18:47:13 - [MESSAGE][PASSED] - Wait for page load successfully

2019-04-09 18:47:13 - [TEST_STEP][PASSED] - callTestCase(findTestCase("mobileWeb/_include/get_screenshot"), [:], STOP_ON_FAILURE): Call Test Case 'Test Cases/mobileWeb/_include/get_screenshot' successfully

2019-04-09 18:47:13 - [TEST_CASE][PASSED] - Test Cases/mobileWeb/_include/get_screenshot: Test Cases/mobileWeb/_include/get_screenshot

2019-04-09 18:47:13 - [TEST_STEP][PASSED] - takeScreenshot(screenPath + i + ".png"): Taking screenshot successfully

2019-04-09 18:47:15 - [MESSAGE][PASSED] - Taking screenshot successfully
[[ATTACHMENT|../Screenshots/mobileWeb/stm/National General/20190409_184637/4.png]]

2019-04-09 18:47:15 - [TEST_STEP][PASSED] - (internal.GlobalVariable.i++): null

2019-04-09 18:47:15 - [MESSAGE][PASSED] - Call Test Case 'Test Cases/mobileWeb/_include/get_screenshot' successfully

2019-04-09 18:47:15 - [MESSAGE][PASSED] - Call Test Case 'Test Cases/mobileWeb/_include/goToDetail_stm' successfully

2019-04-09 18:47:15 - [TEST_STEP][PASSED] - callTestCase(findTestCase("mobileWeb/_include/apply_stm"), [:], STOP_ON_FAILURE): Call Test Case 'Test Cases/mobileWeb/_include/apply_stm' successfully

2019-04-09 18:47:15 - [TEST_CASE][PASSED] - Test Cases/mobileWeb/_include/apply_stm: Test Cases/mobileWeb/_include/apply_stm

2019-04-09 18:47:15 - [TEST_STEP][PASSED] - waitForElementVisible(findTestObject("mobileSanity/STM/STM PlanDetail Page/a_Apply for This Plan"), 5): Object 'Object Repository/mobileSanity/STM/STM PlanDetail Page/a_Apply for This Plan' is visible

2019-04-09 18:47:15 - [MESSAGE][PASSED] - Object 'Object Repository/mobileSanity/STM/STM PlanDetail Page/a_Apply for This Plan' is visible

2019-04-09 18:47:15 - [TEST_STEP][PASSED] - click(findTestObject("mobileSanity/STM/STM PlanDetail Page/a_Apply for This Plan")): Object: 'Object Repository/mobileSanity/STM/STM PlanDetail Page/a_Apply for This Plan' is clicked on

2019-04-09 18:47:17 - [MESSAGE][PASSED] - Object: 'Object Repository/mobileSanity/STM/STM PlanDetail Page/a_Apply for This Plan' is clicked on

2019-04-09 18:47:17 - [TEST_STEP][PASSED] - waitForPageLoad(10): Wait for page load successfully

2019-04-09 18:47:17 - [MESSAGE][PASSED] - Wait for page load successfully

2019-04-09 18:47:17 - [TEST_STEP][PASSED] - callTestCase(findTestCase("mobileWeb/_include/get_screenshot"), [:], STOP_ON_FAILURE): Call Test Case 'Test Cases/mobileWeb/_include/get_screenshot' successfully

2019-04-09 18:47:18 - [TEST_CASE][PASSED] - Test Cases/mobileWeb/_include/get_screenshot: Test Cases/mobileWeb/_include/get_screenshot

2019-04-09 18:47:18 - [TEST_STEP][PASSED] - takeScreenshot(screenPath + i + ".png"): Taking screenshot successfully

2019-04-09 18:47:19 - [MESSAGE][PASSED] - Taking screenshot successfully
[[ATTACHMENT|../Screenshots/mobileWeb/stm/National General/20190409_184637/5.png]]

2019-04-09 18:47:19 - [TEST_STEP][PASSED] - (internal.GlobalVariable.i++): null

2019-04-09 18:47:19 - [MESSAGE][PASSED] - Call Test Case 'Test Cases/mobileWeb/_include/get_screenshot' successfully

2019-04-09 18:47:19 - [TEST_STEP][PASSED] - waitForElementVisible(findTestObject("mobileSanity/STM/STM Apply Page/a_Start Secure Application"), 5): Object 'Object Repository/mobileSanity/STM/STM Apply Page/a_Start Secure Application' is visible

2019-04-09 18:47:19 - [MESSAGE][PASSED] - Object 'Object Repository/mobileSanity/STM/STM Apply Page/a_Start Secure Application' is visible

2019-04-09 18:47:19 - [TEST_STEP][PASSED] - click(findTestObject("mobileSanity/STM/STM Apply Page/a_Start Secure Application")): Object: 'Object Repository/mobileSanity/STM/STM Apply Page/a_Start Secure Application' is clicked on

2019-04-09 18:47:21 - [MESSAGE][PASSED] - Object: 'Object Repository/mobileSanity/STM/STM Apply Page/a_Start Secure Application' is clicked on

2019-04-09 18:47:21 - [TEST_STEP][PASSED] - waitForPageLoad(10): Wait for page load successfully

2019-04-09 18:47:21 - [MESSAGE][PASSED] - Wait for page load successfully

2019-04-09 18:47:21 - [TEST_STEP][PASSED] - callTestCase(findTestCase("mobileWeb/_include/get_screenshot"), [:], STOP_ON_FAILURE): Call Test Case 'Test Cases/mobileWeb/_include/get_screenshot' successfully

2019-04-09 18:47:21 - [TEST_CASE][PASSED] - Test Cases/mobileWeb/_include/get_screenshot: Test Cases/mobileWeb/_include/get_screenshot

2019-04-09 18:47:21 - [TEST_STEP][PASSED] - takeScreenshot(screenPath + i + ".png"): Taking screenshot successfully

2019-04-09 18:47:42 - [MESSAGE][PASSED] - Taking screenshot successfully
[[ATTACHMENT|../Screenshots/mobileWeb/stm/National General/20190409_184637/6.png]]

2019-04-09 18:47:42 - [TEST_STEP][PASSED] - (internal.GlobalVariable.i++): null

2019-04-09 18:47:42 - [MESSAGE][PASSED] - Call Test Case 'Test Cases/mobileWeb/_include/get_screenshot' successfully

2019-04-09 18:47:42 - [MESSAGE][PASSED] - Call Test Case 'Test Cases/mobileWeb/_include/apply_stm' successfully

2019-04-09 18:47:42 - [TEST_STEP][FAILED] - callTestCase(findTestCase("mobileWeb/_include/goToEnd_stm_autofill"), [:], STOP_ON_FAILURE): callTestCase(findTestCase("mobileWeb/_include/goToEnd_stm_autofill"), [:], STOP_ON_FAILURE) FAILED.
Reason:
com.kms.katalon.core.exception.StepFailedException: Unable to click on object 'Object Repository/mobileSanity/STM/Page_App Page 1/a_Continue' (Root cause: org.openqa.selenium.ElementNotVisibleException: element not interactable
  (Session info: chrome=73.0.3683.103)
  (Driver info: chromedriver=2.43.600229 (3fae4d0cda5334b4f533bede5a4787f7b832d052),platform=Mac OS X 10.14.4 x86_64) (WARNING: The server did not provide any stacktrace information)
Command duration or timeout: 0 milliseconds
Build info: version: '3.7.1', revision: '8a0099a', time: '2017-11-06T21:07:36.161Z'
System info: host: 'Deniss-MacBook-Pro.local', ip: 'fe80:0:0:0:10f1:a73f:e71a:955a%en0', os.name: 'Mac OS X', os.arch: 'x86_64', os.version: '10.14.4', java.version: '1.8.0_181'
Driver info: com.kms.katalon.selenium.driver.CChromeDriver
Capabilities {acceptInsecureCerts: false, acceptSslCerts: false, applicationCacheEnabled: false, browserConnectionEnabled: false, browserName: chrome, chrome: {chromedriverVersion: 2.43.600229 (3fae4d0cda5334..., userDataDir: /var/folders/95/4qsvf70n5s5...}, cssSelectorsEnabled: true, databaseEnabled: false, goog:chromeOptions: {debuggerAddress: localhost:52302}, handlesAlerts: true, hasTouchScreen: true, javascriptEnabled: true, locationContextEnabled: true, mobileEmulationEnabled: true, nativeEvents: true, networkConnectionEnabled: false, pageLoadStrategy: normal, platform: MAC, platformName: MAC, rotatable: false, setWindowRect: true, takesHeapSnapshot: true, takesScreenshot: true, unexpectedAlertBehaviour: , unhandledPromptBehavior: , version: 73.0.3683.103, webStorageEnabled: true}
Session ID: 2fd4b55bf5646dafda8ce5f703e770f6)
	at com.kms.katalon.core.keyword.internal.KeywordMain.stepFailed(KeywordMain.groovy:36)
	at com.kms.katalon.core.webui.keyword.internal.WebUIKeywordMain.stepFailed(WebUIKeywordMain.groovy:65)
	at com.kms.katalon.core.webui.keyword.internal.WebUIKeywordMain.runKeyword(WebUIKeywordMain.groovy:27)
	at com.kms.katalon.core.webui.keyword.builtin.ClickKeyword.click(ClickKeyword.groovy:86)
	at com.kms.katalon.core.webui.keyword.builtin.ClickKeyword.execute(ClickKeyword.groovy:67)
	at com.kms.katalon.core.keyword.internal.KeywordExecutor.executeKeywordForPlatform(KeywordExecutor.groovy:53)
	at com.kms.katalon.core.webui.keyword.WebUiBuiltInKeywords.click(WebUiBuiltInKeywords.groovy:616)
	at com.kms.katalon.core.webui.keyword.WebUiBuiltInKeywords$click$4.call(Unknown Source)
	at goToEnd_stm_autofill.run(goToEnd_stm_autofill:33)
	at com.kms.katalon.core.main.ScriptEngine.run(ScriptEngine.java:194)
	at com.kms.katalon.core.main.ScriptEngine.runScriptAsRawText(ScriptEngine.java:119)
	at com.kms.katalon.core.main.TestCaseExecutor.runScript(TestCaseExecutor.java:328)
	at com.kms.katalon.core.main.TestCaseExecutor.doExecute(TestCaseExecutor.java:319)
	at com.kms.katalon.core.main.TestCaseExecutor.processExecutionPhase(TestCaseExecutor.java:298)
	at com.kms.katalon.core.main.TestCaseExecutor.accessMainPhase(TestCaseExecutor.java:290)
	at com.kms.katalon.core.main.TestCaseExecutor.execute(TestCaseExecutor.java:224)
	at com.kms.katalon.core.main.TestCaseMain.runTestCase(TestCaseMain.java:106)
	at com.kms.katalon.core.keyword.builtin.CallTestCaseKeyword$_callTestCase_closure1.doCall(CallTestCaseKeyword.groovy:59)
	at com.kms.katalon.core.keyword.builtin.CallTestCaseKeyword$_callTestCase_closure1.call(CallTestCaseKeyword.groovy)
	at com.kms.katalon.core.keyword.internal.KeywordMain.runKeyword(KeywordMain.groovy:54)
	at com.kms.katalon.core.keyword.builtin.CallTestCaseKeyword.callTestCase(CallTestCaseKeyword.groovy:80)
	at com.kms.katalon.core.keyword.builtin.CallTestCaseKeyword.execute(CallTestCaseKeyword.groovy:44)
	at com.kms.katalon.core.keyword.internal.KeywordExecutor.executeKeywordForPlatform(KeywordExecutor.groovy:53)
	at com.kms.katalon.core.keyword.BuiltinKeywords.callTestCase(BuiltinKeywords.groovy:334)
	at NationalGeneral.run(NationalGeneral:34)
	at com.kms.katalon.core.main.ScriptEngine.run(ScriptEngine.java:194)
	at com.kms.katalon.core.main.ScriptEngine.runScriptAsRawText(ScriptEngine.java:119)
	at com.kms.katalon.core.main.TestCaseExecutor.runScript(TestCaseExecutor.java:328)
	at com.kms.katalon.core.main.TestCaseExecutor.doExecute(TestCaseExecutor.java:319)
	at com.kms.katalon.core.main.TestCaseExecutor.processExecutionPhase(TestCaseExecutor.java:298)
	at com.kms.katalon.core.main.TestCaseExecutor.accessMainPhase(TestCaseExecutor.java:290)
	at com.kms.katalon.core.main.TestCaseExecutor.execute(TestCaseExecutor.java:224)
	at com.kms.katalon.core.main.TestSuiteExecutor.accessTestCaseMainPhase(TestSuiteExecutor.java:129)
	at com.kms.katalon.core.main.TestSuiteExecutor.accessTestSuiteMainPhase(TestSuiteExecutor.java:112)
	at com.kms.katalon.core.main.TestSuiteExecutor.execute(TestSuiteExecutor.java:81)
	at com.kms.katalon.core.main.TestCaseMain.startTestSuite(TestCaseMain.java:149)
	at com.kms.katalon.core.main.TestCaseMain$startTestSuite$0.call(Unknown Source)
	at TempTestSuite1554806206518.run(TempTestSuite1554806206518.groovy:36)


2019-04-09 18:47:42 - [TEST_CASE][FAILED] - Test Cases/mobileWeb/_include/goToEnd_stm_autofill: Test Cases/mobileWeb/_include/goToEnd_stm_autofill FAILED.
Reason:
com.kms.katalon.core.exception.StepFailedException: Unable to click on object 'Object Repository/mobileSanity/STM/Page_App Page 1/a_Continue' (Root cause: org.openqa.selenium.ElementNotVisibleException: element not interactable
  (Session info: chrome=73.0.3683.103)
  (Driver info: chromedriver=2.43.600229 (3fae4d0cda5334b4f533bede5a4787f7b832d052),platform=Mac OS X 10.14.4 x86_64) (WARNING: The server did not provide any stacktrace information)
Command duration or timeout: 0 milliseconds
Build info: version: '3.7.1', revision: '8a0099a', time: '2017-11-06T21:07:36.161Z'
System info: host: 'Deniss-MacBook-Pro.local', ip: 'fe80:0:0:0:10f1:a73f:e71a:955a%en0', os.name: 'Mac OS X', os.arch: 'x86_64', os.version: '10.14.4', java.version: '1.8.0_181'
Driver info: com.kms.katalon.selenium.driver.CChromeDriver
Capabilities {acceptInsecureCerts: false, acceptSslCerts: false, applicationCacheEnabled: false, browserConnectionEnabled: false, browserName: chrome, chrome: {chromedriverVersion: 2.43.600229 (3fae4d0cda5334..., userDataDir: /var/folders/95/4qsvf70n5s5...}, cssSelectorsEnabled: true, databaseEnabled: false, goog:chromeOptions: {debuggerAddress: localhost:52302}, handlesAlerts: true, hasTouchScreen: true, javascriptEnabled: true, locationContextEnabled: true, mobileEmulationEnabled: true, nativeEvents: true, networkConnectionEnabled: false, pageLoadStrategy: normal, platform: MAC, platformName: MAC, rotatable: false, setWindowRect: true, takesHeapSnapshot: true, takesScreenshot: true, unexpectedAlertBehaviour: , unhandledPromptBehavior: , version: 73.0.3683.103, webStorageEnabled: true}
Session ID: 2fd4b55bf5646dafda8ce5f703e770f6)
	at com.kms.katalon.core.keyword.internal.KeywordMain.stepFailed(KeywordMain.groovy:36)
	at com.kms.katalon.core.webui.keyword.internal.WebUIKeywordMain.stepFailed(WebUIKeywordMain.groovy:65)
	at com.kms.katalon.core.webui.keyword.internal.WebUIKeywordMain.runKeyword(WebUIKeywordMain.groovy:27)
	at com.kms.katalon.core.webui.keyword.builtin.ClickKeyword.click(ClickKeyword.groovy:86)
	at com.kms.katalon.core.webui.keyword.builtin.ClickKeyword.execute(ClickKeyword.groovy:67)
	at com.kms.katalon.core.keyword.internal.KeywordExecutor.executeKeywordForPlatform(KeywordExecutor.groovy:53)
	at com.kms.katalon.core.webui.keyword.WebUiBuiltInKeywords.click(WebUiBuiltInKeywords.groovy:616)
	at com.kms.katalon.core.webui.keyword.WebUiBuiltInKeywords$click$4.call(Unknown Source)
	at goToEnd_stm_autofill.run(goToEnd_stm_autofill:33)
	at com.kms.katalon.core.main.ScriptEngine.run(ScriptEngine.java:194)
	at com.kms.katalon.core.main.ScriptEngine.runScriptAsRawText(ScriptEngine.java:119)
	at com.kms.katalon.core.main.TestCaseExecutor.runScript(TestCaseExecutor.java:328)
	at com.kms.katalon.core.main.TestCaseExecutor.doExecute(TestCaseExecutor.java:319)
	at com.kms.katalon.core.main.TestCaseExecutor.processExecutionPhase(TestCaseExecutor.java:298)
	at com.kms.katalon.core.main.TestCaseExecutor.accessMainPhase(TestCaseExecutor.java:290)
	at com.kms.katalon.core.main.TestCaseExecutor.execute(TestCaseExecutor.java:224)
	at com.kms.katalon.core.main.TestCaseMain.runTestCase(TestCaseMain.java:106)
	at com.kms.katalon.core.keyword.builtin.CallTestCaseKeyword$_callTestCase_closure1.doCall(CallTestCaseKeyword.groovy:59)
	at com.kms.katalon.core.keyword.builtin.CallTestCaseKeyword$_callTestCase_closure1.call(CallTestCaseKeyword.groovy)
	at com.kms.katalon.core.keyword.internal.KeywordMain.runKeyword(KeywordMain.groovy:54)
	at com.kms.katalon.core.keyword.builtin.CallTestCaseKeyword.callTestCase(CallTestCaseKeyword.groovy:80)
	at com.kms.katalon.core.keyword.builtin.CallTestCaseKeyword.execute(CallTestCaseKeyword.groovy:44)
	at com.kms.katalon.core.keyword.internal.KeywordExecutor.executeKeywordForPlatform(KeywordExecutor.groovy:53)
	at com.kms.katalon.core.keyword.BuiltinKeywords.callTestCase(BuiltinKeywords.groovy:334)
	at NationalGeneral.run(NationalGeneral:34)
	at com.kms.katalon.core.main.ScriptEngine.run(ScriptEngine.java:194)
	at com.kms.katalon.core.main.ScriptEngine.runScriptAsRawText(ScriptEngine.java:119)
	at com.kms.katalon.core.main.TestCaseExecutor.runScript(TestCaseExecutor.java:328)
	at com.kms.katalon.core.main.TestCaseExecutor.doExecute(TestCaseExecutor.java:319)
	at com.kms.katalon.core.main.TestCaseExecutor.processExecutionPhase(TestCaseExecutor.java:298)
	at com.kms.katalon.core.main.TestCaseExecutor.accessMainPhase(TestCaseExecutor.java:290)
	at com.kms.katalon.core.main.TestCaseExecutor.execute(TestCaseExecutor.java:224)
	at com.kms.katalon.core.main.TestSuiteExecutor.accessTestCaseMainPhase(TestSuiteExecutor.java:129)
	at com.kms.katalon.core.main.TestSuiteExecutor.accessTestSuiteMainPhase(TestSuiteExecutor.java:112)
	at com.kms.katalon.core.main.TestSuiteExecutor.execute(TestSuiteExecutor.java:81)
	at com.kms.katalon.core.main.TestCaseMain.startTestSuite(TestCaseMain.java:149)
	at com.kms.katalon.core.main.TestCaseMain$startTestSuite$0.call(Unknown Source)
	at TempTestSuite1554806206518.run(TempTestSuite1554806206518.groovy:36)


2019-04-09 18:47:42 - [TEST_STEP][PASSED] - callTestCase(findTestCase("mobileWeb/_include/name"), [:], CONTINUE_ON_FAILURE): Call Test Case 'Test Cases/mobileWeb/_include/name' successfully

2019-04-09 18:47:42 - [TEST_CASE][PASSED] - Test Cases/mobileWeb/_include/name: Test Cases/mobileWeb/_include/name

2019-04-09 18:47:42 - [TEST_STEP][PASSED] - driver = getWebDriver(): null

2019-04-09 18:47:42 - [TEST_STEP][PASSED] - selenium = new com.thoughtworks.selenium.webdriven.WebDriverBackedSelenium(driver, internal.GlobalVariable.ENV): null

2019-04-09 18:47:42 - [TEST_STEP][PASSED] - FirstName = "Test-123": null

2019-04-09 18:47:43 - [TEST_STEP][PASSED] - LastName = selenium.getEval("{var x="ABCDEFGHIJKLMNOPQRSTUVWXYZabcdefghijklmnopqrstuvwxyz"; var tmp="ZZ11-"; for (i=0;i<8;i++) tmp+=x.charAt(Math.ceil(51*Math.random()));tmp;}"): null

2019-04-09 18:47:43 - [TEST_STEP][PASSED] - Address = selenium.getEval("{var x="ABCDEFGHIJKLMNOPQRSTUVWXYZabcdefghijklmnopqrstuvwxyz"; var tmp=""; for (i=0;i<8;i++) tmp+=x.charAt(Math.ceil(51*Math.random()));tmp;}"): null

2019-04-09 18:47:43 - [TEST_STEP][PASSED] - City = selenium.getEval("{var x="ABCDEFGHIJKLMNOPQRSTUVWXYZabcdefghijklmnopqrstuvwxyz"; var tmp=""; for (i=0;i<8;i++) tmp+=x.charAt(Math.ceil(51*Math.random()));tmp;}"): null

2019-04-09 18:47:43 - [TEST_STEP][PASSED] - tel1 = selenium.getEval("{var x="123456789"; var tmp=""; for (i=0;i<3;i++) tmp+=x.charAt(Math.ceil(8*Math.random()));tmp;}"): null

2019-04-09 18:47:43 - [TEST_STEP][PASSED] - tel2 = selenium.getEval("{var x="123456789"; var tmp=""; for (i=0;i<3;i++) tmp+=x.charAt(Math.ceil(8*Math.random()));tmp;}"): null

2019-04-09 18:47:43 - [TEST_STEP][PASSED] - tel3 = selenium.getEval("{var x="123456789"; var tmp=""; for (i=0;i<4;i++) tmp+=x.charAt(Math.ceil(8*Math.random()));tmp;}"): null

2019-04-09 18:47:43 - [TEST_STEP][PASSED] - Tel = selenium.getExpression(tel1 + "-" + tel2 + "-" + tel3): null

2019-04-09 18:47:43 - [TEST_STEP][PASSED] - AutoEmail = selenium.getEval("{var x="ABCDEFGHIJKLMNOPQRSTUVWXYZabcdefghijklmnopqrstuvwxyz"; var tmp="test."; for (i=0;i<8;i++) tmp+=x.charAt(Math.ceil(51*Math.random()));tmp+="@suryani.cn";}"): null

2019-04-09 18:47:43 - [TEST_STEP][PASSED] - FirstName = FirstName: null

2019-04-09 18:47:43 - [TEST_STEP][PASSED] - LastName = LastName: null

2019-04-09 18:47:43 - [TEST_STEP][PASSED] - Address = Address: null

2019-04-09 18:47:43 - [TEST_STEP][PASSED] - City = City: null

2019-04-09 18:47:43 - [TEST_STEP][PASSED] - Tel = Tel: null

2019-04-09 18:47:43 - [TEST_STEP][PASSED] - AutoEmail = AutoEmail: null

2019-04-09 18:47:43 - [TEST_STEP][PASSED] - println(FirstName): null

2019-04-09 18:47:43 - [TEST_STEP][PASSED] - println(LastName): null

2019-04-09 18:47:43 - [TEST_STEP][PASSED] - println(Address): null

2019-04-09 18:47:43 - [TEST_STEP][PASSED] - println(City): null

2019-04-09 18:47:43 - [TEST_STEP][PASSED] - println(Tel): null

2019-04-09 18:47:43 - [TEST_STEP][PASSED] - println(AutoEmail): null

2019-04-09 18:47:43 - [MESSAGE][PASSED] - Call Test Case 'Test Cases/mobileWeb/_include/name' successfully

2019-04-09 18:47:43 - [TEST_STEP][PASSED] - waitForPageLoad(0): Wait for page load successfully

2019-04-09 18:47:43 - [MESSAGE][WARNING] - Timeout '0' is invalid. Using default page load timeout: '20'

2019-04-09 18:47:43 - [MESSAGE][PASSED] - Wait for page load successfully

2019-04-09 18:47:43 - [TEST_STEP][PASSED] - Thread.sleep(1000): null

2019-04-09 18:47:44 - [TEST_STEP][PASSED] - callTestCase(findTestCase("mobileWeb/_include/get_screenshot"), [:], STOP_ON_FAILURE): Call Test Case 'Test Cases/mobileWeb/_include/get_screenshot' successfully

2019-04-09 18:47:44 - [TEST_CASE][PASSED] - Test Cases/mobileWeb/_include/get_screenshot: Test Cases/mobileWeb/_include/get_screenshot

2019-04-09 18:47:44 - [TEST_STEP][PASSED] - takeScreenshot(screenPath + i + ".png"): Taking screenshot successfully

2019-04-09 18:48:05 - [MESSAGE][PASSED] - Taking screenshot successfully
[[ATTACHMENT|../Screenshots/mobileWeb/stm/National General/20190409_184637/7.png]]

2019-04-09 18:48:05 - [TEST_STEP][PASSED] - (internal.GlobalVariable.i++): null

2019-04-09 18:48:05 - [MESSAGE][PASSED] - Call Test Case 'Test Cases/mobileWeb/_include/get_screenshot' successfully

2019-04-09 18:48:05 - [TEST_STEP][PASSED] - waitForElementVisible(findTestObject("mobileSanity/STM/Page_App Page 1/a_Autofill App Info"), 0): Object 'Object Repository/mobileSanity/STM/Page_App Page 1/a_Autofill App Info' is visible

2019-04-09 18:48:05 - [MESSAGE][WARNING] - Timeout '0' is invalid. Using default page load timeout: '20'

2019-04-09 18:48:05 - [MESSAGE][PASSED] - Object 'Object Repository/mobileSanity/STM/Page_App Page 1/a_Autofill App Info' is visible

2019-04-09 18:48:05 - [TEST_STEP][PASSED] - click(findTestObject("mobileSanity/STM/Page_App Page 1/a_Autofill App Info")): Object: 'Object Repository/mobileSanity/STM/Page_App Page 1/a_Autofill App Info' is clicked on

2019-04-09 18:48:05 - [MESSAGE][PASSED] - Object: 'Object Repository/mobileSanity/STM/Page_App Page 1/a_Autofill App Info' is clicked on

2019-04-09 18:48:05 - [TEST_STEP][PASSED] - Thread.sleep(1000): null

2019-04-09 18:48:06 - [TEST_STEP][PASSED] - waitForElementVisible(findTestObject("mobileSanity/STM/Page_App Page 1/a_Continue"), 0): Object 'Object Repository/mobileSanity/STM/Page_App Page 1/a_Continue' is not visible after 20 second(s)

2019-04-09 18:48:06 - [MESSAGE][WARNING] - Timeout '0' is invalid. Using default page load timeout: '20'

2019-04-09 18:48:27 - [MESSAGE][WARNING] - Object 'Object Repository/mobileSanity/STM/Page_App Page 1/a_Continue' is not visible after 20 second(s)

2019-04-09 18:48:27 - [TEST_STEP][FAILED] - click(findTestObject("mobileSanity/STM/Page_App Page 1/a_Continue")): click(findTestObject("mobileSanity/STM/Page_App Page 1/a_Continue")) FAILED.
Reason:
com.kms.katalon.core.exception.StepFailedException: Unable to click on object 'Object Repository/mobileSanity/STM/Page_App Page 1/a_Continue' (Root cause: org.openqa.selenium.ElementNotVisibleException: element not interactable
  (Session info: chrome=73.0.3683.103)
  (Driver info: chromedriver=2.43.600229 (3fae4d0cda5334b4f533bede5a4787f7b832d052),platform=Mac OS X 10.14.4 x86_64) (WARNING: The server did not provide any stacktrace information)
Command duration or timeout: 0 milliseconds
Build info: version: '3.7.1', revision: '8a0099a', time: '2017-11-06T21:07:36.161Z'
System info: host: 'Deniss-MacBook-Pro.local', ip: 'fe80:0:0:0:10f1:a73f:e71a:955a%en0', os.name: 'Mac OS X', os.arch: 'x86_64', os.version: '10.14.4', java.version: '1.8.0_181'
Driver info: com.kms.katalon.selenium.driver.CChromeDriver
Capabilities {acceptInsecureCerts: false, acceptSslCerts: false, applicationCacheEnabled: false, browserConnectionEnabled: false, browserName: chrome, chrome: {chromedriverVersion: 2.43.600229 (3fae4d0cda5334..., userDataDir: /var/folders/95/4qsvf70n5s5...}, cssSelectorsEnabled: true, databaseEnabled: false, goog:chromeOptions: {debuggerAddress: localhost:52302}, handlesAlerts: true, hasTouchScreen: true, javascriptEnabled: true, locationContextEnabled: true, mobileEmulationEnabled: true, nativeEvents: true, networkConnectionEnabled: false, pageLoadStrategy: normal, platform: MAC, platformName: MAC, rotatable: false, setWindowRect: true, takesHeapSnapshot: true, takesScreenshot: true, unexpectedAlertBehaviour: , unhandledPromptBehavior: , version: 73.0.3683.103, webStorageEnabled: true}
Session ID: 2fd4b55bf5646dafda8ce5f703e770f6)
	at com.kms.katalon.core.keyword.internal.KeywordMain.stepFailed(KeywordMain.groovy:36)
	at com.kms.katalon.core.webui.keyword.internal.WebUIKeywordMain.stepFailed(WebUIKeywordMain.groovy:65)
	at com.kms.katalon.core.webui.keyword.internal.WebUIKeywordMain.runKeyword(WebUIKeywordMain.groovy:27)
	at com.kms.katalon.core.webui.keyword.builtin.ClickKeyword.click(ClickKeyword.groovy:86)
	at com.kms.katalon.core.webui.keyword.builtin.ClickKeyword.execute(ClickKeyword.groovy:67)
	at com.kms.katalon.core.keyword.internal.KeywordExecutor.executeKeywordForPlatform(KeywordExecutor.groovy:53)
	at com.kms.katalon.core.webui.keyword.WebUiBuiltInKeywords.click(WebUiBuiltInKeywords.groovy:616)
	at com.kms.katalon.core.webui.keyword.WebUiBuiltInKeywords$click$4.call(Unknown Source)
	at goToEnd_stm_autofill.run(goToEnd_stm_autofill:33)
	at com.kms.katalon.core.main.ScriptEngine.run(ScriptEngine.java:194)
	at com.kms.katalon.core.main.ScriptEngine.runScriptAsRawText(ScriptEngine.java:119)
	at com.kms.katalon.core.main.TestCaseExecutor.runScript(TestCaseExecutor.java:328)
	at com.kms.katalon.core.main.TestCaseExecutor.doExecute(TestCaseExecutor.java:319)
	at com.kms.katalon.core.main.TestCaseExecutor.processExecutionPhase(TestCaseExecutor.java:298)
	at com.kms.katalon.core.main.TestCaseExecutor.accessMainPhase(TestCaseExecutor.java:290)
	at com.kms.katalon.core.main.TestCaseExecutor.execute(TestCaseExecutor.java:224)
	at com.kms.katalon.core.main.TestCaseMain.runTestCase(TestCaseMain.java:106)
	at com.kms.katalon.core.keyword.builtin.CallTestCaseKeyword$_callTestCase_closure1.doCall(CallTestCaseKeyword.groovy:59)
	at com.kms.katalon.core.keyword.builtin.CallTestCaseKeyword$_callTestCase_closure1.call(CallTestCaseKeyword.groovy)
	at com.kms.katalon.core.keyword.internal.KeywordMain.runKeyword(KeywordMain.groovy:54)
	at com.kms.katalon.core.keyword.builtin.CallTestCaseKeyword.callTestCase(CallTestCaseKeyword.groovy:80)
	at com.kms.katalon.core.keyword.builtin.CallTestCaseKeyword.execute(CallTestCaseKeyword.groovy:44)
	at com.kms.katalon.core.keyword.internal.KeywordExecutor.executeKeywordForPlatform(KeywordExecutor.groovy:53)
	at com.kms.katalon.core.keyword.BuiltinKeywords.callTestCase(BuiltinKeywords.groovy:334)
	at NationalGeneral.run(NationalGeneral:34)
	at com.kms.katalon.core.main.ScriptEngine.run(ScriptEngine.java:194)
	at com.kms.katalon.core.main.ScriptEngine.runScriptAsRawText(ScriptEngine.java:119)
	at com.kms.katalon.core.main.TestCaseExecutor.runScript(TestCaseExecutor.java:328)
	at com.kms.katalon.core.main.TestCaseExecutor.doExecute(TestCaseExecutor.java:319)
	at com.kms.katalon.core.main.TestCaseExecutor.processExecutionPhase(TestCaseExecutor.java:298)
	at com.kms.katalon.core.main.TestCaseExecutor.accessMainPhase(TestCaseExecutor.java:290)
	at com.kms.katalon.core.main.TestCaseExecutor.execute(TestCaseExecutor.java:224)
	at com.kms.katalon.core.main.TestSuiteExecutor.accessTestCaseMainPhase(TestSuiteExecutor.java:129)
	at com.kms.katalon.core.main.TestSuiteExecutor.accessTestSuiteMainPhase(TestSuiteExecutor.java:112)
	at com.kms.katalon.core.main.TestSuiteExecutor.execute(TestSuiteExecutor.java:81)
	at com.kms.katalon.core.main.TestCaseMain.startTestSuite(TestCaseMain.java:149)
	at com.kms.katalon.core.main.TestCaseMain$startTestSuite$0.call(Unknown Source)
	at TempTestSuite1554806206518.run(TempTestSuite1554806206518.groovy:36)


2019-04-09 18:48:27 - [MESSAGE][FAILED] - Unable to click on object 'Object Repository/mobileSanity/STM/Page_App Page 1/a_Continue' (Root cause: org.openqa.selenium.ElementNotVisibleException: element not interactable
  (Session info: chrome=73.0.3683.103)
  (Driver info: chromedriver=2.43.600229 (3fae4d0cda5334b4f533bede5a4787f7b832d052),platform=Mac OS X 10.14.4 x86_64) (WARNING: The server did not provide any stacktrace information)
Command duration or timeout: 0 milliseconds
Build info: version: '3.7.1', revision: '8a0099a', time: '2017-11-06T21:07:36.161Z'
System info: host: 'Deniss-MacBook-Pro.local', ip: 'fe80:0:0:0:10f1:a73f:e71a:955a%en0', os.name: 'Mac OS X', os.arch: 'x86_64', os.version: '10.14.4', java.version: '1.8.0_181'
Driver info: com.kms.katalon.selenium.driver.CChromeDriver
Capabilities {acceptInsecureCerts: false, acceptSslCerts: false, applicationCacheEnabled: false, browserConnectionEnabled: false, browserName: chrome, chrome: {chromedriverVersion: 2.43.600229 (3fae4d0cda5334..., userDataDir: /var/folders/95/4qsvf70n5s5...}, cssSelectorsEnabled: true, databaseEnabled: false, goog:chromeOptions: {debuggerAddress: localhost:52302}, handlesAlerts: true, hasTouchScreen: true, javascriptEnabled: true, locationContextEnabled: true, mobileEmulationEnabled: true, nativeEvents: true, networkConnectionEnabled: false, pageLoadStrategy: normal, platform: MAC, platformName: MAC, rotatable: false, setWindowRect: true, takesHeapSnapshot: true, takesScreenshot: true, unexpectedAlertBehaviour: , unhandledPromptBehavior: , version: 73.0.3683.103, webStorageEnabled: true}
Session ID: 2fd4b55bf5646dafda8ce5f703e770f6)
[[ATTACHMENT|/Users/denisyu/workplace/test/AgileTest/Reports/mobileWeb/stm/20190409_183636/1554806907215.png]]

2019-04-09 18:48:27 - [MESSAGE][FAILED] - click(findTestObject("mobileSanity/STM/Page_App Page 1/a_Continue")) FAILED.
Reason:
com.kms.katalon.core.exception.StepFailedException: Unable to click on object 'Object Repository/mobileSanity/STM/Page_App Page 1/a_Continue' (Root cause: org.openqa.selenium.ElementNotVisibleException: element not interactable
  (Session info: chrome=73.0.3683.103)
  (Driver info: chromedriver=2.43.600229 (3fae4d0cda5334b4f533bede5a4787f7b832d052),platform=Mac OS X 10.14.4 x86_64) (WARNING: The server did not provide any stacktrace information)
Command duration or timeout: 0 milliseconds
Build info: version: '3.7.1', revision: '8a0099a', time: '2017-11-06T21:07:36.161Z'
System info: host: 'Deniss-MacBook-Pro.local', ip: 'fe80:0:0:0:10f1:a73f:e71a:955a%en0', os.name: 'Mac OS X', os.arch: 'x86_64', os.version: '10.14.4', java.version: '1.8.0_181'
Driver info: com.kms.katalon.selenium.driver.CChromeDriver
Capabilities {acceptInsecureCerts: false, acceptSslCerts: false, applicationCacheEnabled: false, browserConnectionEnabled: false, browserName: chrome, chrome: {chromedriverVersion: 2.43.600229 (3fae4d0cda5334..., userDataDir: /var/folders/95/4qsvf70n5s5...}, cssSelectorsEnabled: true, databaseEnabled: false, goog:chromeOptions: {debuggerAddress: localhost:52302}, handlesAlerts: true, hasTouchScreen: true, javascriptEnabled: true, locationContextEnabled: true, mobileEmulationEnabled: true, nativeEvents: true, networkConnectionEnabled: false, pageLoadStrategy: normal, platform: MAC, platformName: MAC, rotatable: false, setWindowRect: true, takesHeapSnapshot: true, takesScreenshot: true, unexpectedAlertBehaviour: , unhandledPromptBehavior: , version: 73.0.3683.103, webStorageEnabled: true}
Session ID: 2fd4b55bf5646dafda8ce5f703e770f6)
	at com.kms.katalon.core.keyword.internal.KeywordMain.stepFailed(KeywordMain.groovy:36)
	at com.kms.katalon.core.webui.keyword.internal.WebUIKeywordMain.stepFailed(WebUIKeywordMain.groovy:65)
	at com.kms.katalon.core.webui.keyword.internal.WebUIKeywordMain.runKeyword(WebUIKeywordMain.groovy:27)
	at com.kms.katalon.core.webui.keyword.builtin.ClickKeyword.click(ClickKeyword.groovy:86)
	at com.kms.katalon.core.webui.keyword.builtin.ClickKeyword.execute(ClickKeyword.groovy:67)
	at com.kms.katalon.core.keyword.internal.KeywordExecutor.executeKeywordForPlatform(KeywordExecutor.groovy:53)
	at com.kms.katalon.core.webui.keyword.WebUiBuiltInKeywords.click(WebUiBuiltInKeywords.groovy:616)
	at com.kms.katalon.core.webui.keyword.WebUiBuiltInKeywords$click$4.call(Unknown Source)
	at goToEnd_stm_autofill.run(goToEnd_stm_autofill:33)
	at com.kms.katalon.core.main.ScriptEngine.run(ScriptEngine.java:194)
	at com.kms.katalon.core.main.ScriptEngine.runScriptAsRawText(ScriptEngine.java:119)
	at com.kms.katalon.core.main.TestCaseExecutor.runScript(TestCaseExecutor.java:328)
	at com.kms.katalon.core.main.TestCaseExecutor.doExecute(TestCaseExecutor.java:319)
	at com.kms.katalon.core.main.TestCaseExecutor.processExecutionPhase(TestCaseExecutor.java:298)
	at com.kms.katalon.core.main.TestCaseExecutor.accessMainPhase(TestCaseExecutor.java:290)
	at com.kms.katalon.core.main.TestCaseExecutor.execute(TestCaseExecutor.java:224)
	at com.kms.katalon.core.main.TestCaseMain.runTestCase(TestCaseMain.java:106)
	at com.kms.katalon.core.keyword.builtin.CallTestCaseKeyword$_callTestCase_closure1.doCall(CallTestCaseKeyword.groovy:59)
	at com.kms.katalon.core.keyword.builtin.CallTestCaseKeyword$_callTestCase_closure1.call(CallTestCaseKeyword.groovy)
	at com.kms.katalon.core.keyword.internal.KeywordMain.runKeyword(KeywordMain.groovy:54)
	at com.kms.katalon.core.keyword.builtin.CallTestCaseKeyword.callTestCase(CallTestCaseKeyword.groovy:80)
	at com.kms.katalon.core.keyword.builtin.CallTestCaseKeyword.execute(CallTestCaseKeyword.groovy:44)
	at com.kms.katalon.core.keyword.internal.KeywordExecutor.executeKeywordForPlatform(KeywordExecutor.groovy:53)
	at com.kms.katalon.core.keyword.BuiltinKeywords.callTestCase(BuiltinKeywords.groovy:334)
	at NationalGeneral.run(NationalGeneral:34)
	at com.kms.katalon.core.main.ScriptEngine.run(ScriptEngine.java:194)
	at com.kms.katalon.core.main.ScriptEngine.runScriptAsRawText(ScriptEngine.java:119)
	at com.kms.katalon.core.main.TestCaseExecutor.runScript(TestCaseExecutor.java:328)
	at com.kms.katalon.core.main.TestCaseExecutor.doExecute(TestCaseExecutor.java:319)
	at com.kms.katalon.core.main.TestCaseExecutor.processExecutionPhase(TestCaseExecutor.java:298)
	at com.kms.katalon.core.main.TestCaseExecutor.accessMainPhase(TestCaseExecutor.java:290)
	at com.kms.katalon.core.main.TestCaseExecutor.execute(TestCaseExecutor.java:224)
	at com.kms.katalon.core.main.TestSuiteExecutor.accessTestCaseMainPhase(TestSuiteExecutor.java:129)
	at com.kms.katalon.core.main.TestSuiteExecutor.accessTestSuiteMainPhase(TestSuiteExecutor.java:112)
	at com.kms.katalon.core.main.TestSuiteExecutor.execute(TestSuiteExecutor.java:81)
	at com.kms.katalon.core.main.TestCaseMain.startTestSuite(TestCaseMain.java:149)
	at com.kms.katalon.core.main.TestCaseMain$startTestSuite$0.call(Unknown Source)
	at TempTestSuite1554806206518.run(TempTestSuite1554806206518.groovy:36)


2019-04-09 18:48:27 - [MESSAGE][FAILED] - Unable to call Test Case 'Test Cases/mobileWeb/_include/goToEnd_stm_autofill' (Root cause: com.kms.katalon.core.exception.StepFailedException: Call Test Case 'Test Cases/mobileWeb/_include/goToEnd_stm_autofill' failed)

2019-04-09 18:48:27 - [MESSAGE][FAILED] - callTestCase(findTestCase("mobileWeb/_include/goToEnd_stm_autofill"), [:], STOP_ON_FAILURE) FAILED.
Reason:
com.kms.katalon.core.exception.StepFailedException: Unable to click on object 'Object Repository/mobileSanity/STM/Page_App Page 1/a_Continue' (Root cause: org.openqa.selenium.ElementNotVisibleException: element not interactable
  (Session info: chrome=73.0.3683.103)
  (Driver info: chromedriver=2.43.600229 (3fae4d0cda5334b4f533bede5a4787f7b832d052),platform=Mac OS X 10.14.4 x86_64) (WARNING: The server did not provide any stacktrace information)
Command duration or timeout: 0 milliseconds
Build info: version: '3.7.1', revision: '8a0099a', time: '2017-11-06T21:07:36.161Z'
System info: host: 'Deniss-MacBook-Pro.local', ip: 'fe80:0:0:0:10f1:a73f:e71a:955a%en0', os.name: 'Mac OS X', os.arch: 'x86_64', os.version: '10.14.4', java.version: '1.8.0_181'
Driver info: com.kms.katalon.selenium.driver.CChromeDriver
Capabilities {acceptInsecureCerts: false, acceptSslCerts: false, applicationCacheEnabled: false, browserConnectionEnabled: false, browserName: chrome, chrome: {chromedriverVersion: 2.43.600229 (3fae4d0cda5334..., userDataDir: /var/folders/95/4qsvf70n5s5...}, cssSelectorsEnabled: true, databaseEnabled: false, goog:chromeOptions: {debuggerAddress: localhost:52302}, handlesAlerts: true, hasTouchScreen: true, javascriptEnabled: true, locationContextEnabled: true, mobileEmulationEnabled: true, nativeEvents: true, networkConnectionEnabled: false, pageLoadStrategy: normal, platform: MAC, platformName: MAC, rotatable: false, setWindowRect: true, takesHeapSnapshot: true, takesScreenshot: true, unexpectedAlertBehaviour: , unhandledPromptBehavior: , version: 73.0.3683.103, webStorageEnabled: true}
Session ID: 2fd4b55bf5646dafda8ce5f703e770f6)
	at com.kms.katalon.core.keyword.internal.KeywordMain.stepFailed(KeywordMain.groovy:36)
	at com.kms.katalon.core.webui.keyword.internal.WebUIKeywordMain.stepFailed(WebUIKeywordMain.groovy:65)
	at com.kms.katalon.core.webui.keyword.internal.WebUIKeywordMain.runKeyword(WebUIKeywordMain.groovy:27)
	at com.kms.katalon.core.webui.keyword.builtin.ClickKeyword.click(ClickKeyword.groovy:86)
	at com.kms.katalon.core.webui.keyword.builtin.ClickKeyword.execute(ClickKeyword.groovy:67)
	at com.kms.katalon.core.keyword.internal.KeywordExecutor.executeKeywordForPlatform(KeywordExecutor.groovy:53)
	at com.kms.katalon.core.webui.keyword.WebUiBuiltInKeywords.click(WebUiBuiltInKeywords.groovy:616)
	at com.kms.katalon.core.webui.keyword.WebUiBuiltInKeywords$click$4.call(Unknown Source)
	at goToEnd_stm_autofill.run(goToEnd_stm_autofill:33)
	at com.kms.katalon.core.main.ScriptEngine.run(ScriptEngine.java:194)
	at com.kms.katalon.core.main.ScriptEngine.runScriptAsRawText(ScriptEngine.java:119)
	at com.kms.katalon.core.main.TestCaseExecutor.runScript(TestCaseExecutor.java:328)
	at com.kms.katalon.core.main.TestCaseExecutor.doExecute(TestCaseExecutor.java:319)
	at com.kms.katalon.core.main.TestCaseExecutor.processExecutionPhase(TestCaseExecutor.java:298)
	at com.kms.katalon.core.main.TestCaseExecutor.accessMainPhase(TestCaseExecutor.java:290)
	at com.kms.katalon.core.main.TestCaseExecutor.execute(TestCaseExecutor.java:224)
	at com.kms.katalon.core.main.TestCaseMain.runTestCase(TestCaseMain.java:106)
	at com.kms.katalon.core.keyword.builtin.CallTestCaseKeyword$_callTestCase_closure1.doCall(CallTestCaseKeyword.groovy:59)
	at com.kms.katalon.core.keyword.builtin.CallTestCaseKeyword$_callTestCase_closure1.call(CallTestCaseKeyword.groovy)
	at com.kms.katalon.core.keyword.internal.KeywordMain.runKeyword(KeywordMain.groovy:54)
	at com.kms.katalon.core.keyword.builtin.CallTestCaseKeyword.callTestCase(CallTestCaseKeyword.groovy:80)
	at com.kms.katalon.core.keyword.builtin.CallTestCaseKeyword.execute(CallTestCaseKeyword.groovy:44)
	at com.kms.katalon.core.keyword.internal.KeywordExecutor.executeKeywordForPlatform(KeywordExecutor.groovy:53)
	at com.kms.katalon.core.keyword.BuiltinKeywords.callTestCase(BuiltinKeywords.groovy:334)
	at NationalGeneral.run(NationalGeneral:34)
	at com.kms.katalon.core.main.ScriptEngine.run(ScriptEngine.java:194)
	at com.kms.katalon.core.main.ScriptEngine.runScriptAsRawText(ScriptEngine.java:119)
	at com.kms.katalon.core.main.TestCaseExecutor.runScript(TestCaseExecutor.java:328)
	at com.kms.katalon.core.main.TestCaseExecutor.doExecute(TestCaseExecutor.java:319)
	at com.kms.katalon.core.main.TestCaseExecutor.processExecutionPhase(TestCaseExecutor.java:298)
	at com.kms.katalon.core.main.TestCaseExecutor.accessMainPhase(TestCaseExecutor.java:290)
	at com.kms.katalon.core.main.TestCaseExecutor.execute(TestCaseExecutor.java:224)
	at com.kms.katalon.core.main.TestSuiteExecutor.accessTestCaseMainPhase(TestSuiteExecutor.java:129)
	at com.kms.katalon.core.main.TestSuiteExecutor.accessTestSuiteMainPhase(TestSuiteExecutor.java:112)
	at com.kms.katalon.core.main.TestSuiteExecutor.execute(TestSuiteExecutor.java:81)
	at com.kms.katalon.core.main.TestCaseMain.startTestSuite(TestCaseMain.java:149)
	at com.kms.katalon.core.main.TestCaseMain$startTestSuite$0.call(Unknown Source)
	at TempTestSuite1554806206518.run(TempTestSuite1554806206518.groovy:36)]]></system-out>
         <system-err><![CDATA[2019-04-09 18:46:36 - [TEST_CASE][FAILED] - Test Cases/mobileWeb/stm/NationalGeneral: Test Cases/mobileWeb/stm/NationalGeneral FAILED.
Reason:
com.kms.katalon.core.exception.StepFailedException: Unable to click on object 'Object Repository/mobileSanity/STM/Page_App Page 1/a_Continue' (Root cause: org.openqa.selenium.ElementNotVisibleException: element not interactable
  (Session info: chrome=73.0.3683.103)
  (Driver info: chromedriver=2.43.600229 (3fae4d0cda5334b4f533bede5a4787f7b832d052),platform=Mac OS X 10.14.4 x86_64) (WARNING: The server did not provide any stacktrace information)
Command duration or timeout: 0 milliseconds
Build info: version: '3.7.1', revision: '8a0099a', time: '2017-11-06T21:07:36.161Z'
System info: host: 'Deniss-MacBook-Pro.local', ip: 'fe80:0:0:0:10f1:a73f:e71a:955a%en0', os.name: 'Mac OS X', os.arch: 'x86_64', os.version: '10.14.4', java.version: '1.8.0_181'
Driver info: com.kms.katalon.selenium.driver.CChromeDriver
Capabilities {acceptInsecureCerts: false, acceptSslCerts: false, applicationCacheEnabled: false, browserConnectionEnabled: false, browserName: chrome, chrome: {chromedriverVersion: 2.43.600229 (3fae4d0cda5334..., userDataDir: /var/folders/95/4qsvf70n5s5...}, cssSelectorsEnabled: true, databaseEnabled: false, goog:chromeOptions: {debuggerAddress: localhost:52302}, handlesAlerts: true, hasTouchScreen: true, javascriptEnabled: true, locationContextEnabled: true, mobileEmulationEnabled: true, nativeEvents: true, networkConnectionEnabled: false, pageLoadStrategy: normal, platform: MAC, platformName: MAC, rotatable: false, setWindowRect: true, takesHeapSnapshot: true, takesScreenshot: true, unexpectedAlertBehaviour: , unhandledPromptBehavior: , version: 73.0.3683.103, webStorageEnabled: true}
Session ID: 2fd4b55bf5646dafda8ce5f703e770f6)
	at com.kms.katalon.core.keyword.internal.KeywordMain.stepFailed(KeywordMain.groovy:36)
	at com.kms.katalon.core.webui.keyword.internal.WebUIKeywordMain.stepFailed(WebUIKeywordMain.groovy:65)
	at com.kms.katalon.core.webui.keyword.internal.WebUIKeywordMain.runKeyword(WebUIKeywordMain.groovy:27)
	at com.kms.katalon.core.webui.keyword.builtin.ClickKeyword.click(ClickKeyword.groovy:86)
	at com.kms.katalon.core.webui.keyword.builtin.ClickKeyword.execute(ClickKeyword.groovy:67)
	at com.kms.katalon.core.keyword.internal.KeywordExecutor.executeKeywordForPlatform(KeywordExecutor.groovy:53)
	at com.kms.katalon.core.webui.keyword.WebUiBuiltInKeywords.click(WebUiBuiltInKeywords.groovy:616)
	at com.kms.katalon.core.webui.keyword.WebUiBuiltInKeywords$click$4.call(Unknown Source)
	at goToEnd_stm_autofill.run(goToEnd_stm_autofill:33)
	at com.kms.katalon.core.main.ScriptEngine.run(ScriptEngine.java:194)
	at com.kms.katalon.core.main.ScriptEngine.runScriptAsRawText(ScriptEngine.java:119)
	at com.kms.katalon.core.main.TestCaseExecutor.runScript(TestCaseExecutor.java:328)
	at com.kms.katalon.core.main.TestCaseExecutor.doExecute(TestCaseExecutor.java:319)
	at com.kms.katalon.core.main.TestCaseExecutor.processExecutionPhase(TestCaseExecutor.java:298)
	at com.kms.katalon.core.main.TestCaseExecutor.accessMainPhase(TestCaseExecutor.java:290)
	at com.kms.katalon.core.main.TestCaseExecutor.execute(TestCaseExecutor.java:224)
	at com.kms.katalon.core.main.TestCaseMain.runTestCase(TestCaseMain.java:106)
	at com.kms.katalon.core.keyword.builtin.CallTestCaseKeyword$_callTestCase_closure1.doCall(CallTestCaseKeyword.groovy:59)
	at com.kms.katalon.core.keyword.builtin.CallTestCaseKeyword$_callTestCase_closure1.call(CallTestCaseKeyword.groovy)
	at com.kms.katalon.core.keyword.internal.KeywordMain.runKeyword(KeywordMain.groovy:54)
	at com.kms.katalon.core.keyword.builtin.CallTestCaseKeyword.callTestCase(CallTestCaseKeyword.groovy:80)
	at com.kms.katalon.core.keyword.builtin.CallTestCaseKeyword.execute(CallTestCaseKeyword.groovy:44)
	at com.kms.katalon.core.keyword.internal.KeywordExecutor.executeKeywordForPlatform(KeywordExecutor.groovy:53)
	at com.kms.katalon.core.keyword.BuiltinKeywords.callTestCase(BuiltinKeywords.groovy:334)
	at NationalGeneral.run(NationalGeneral:34)
	at com.kms.katalon.core.main.ScriptEngine.run(ScriptEngine.java:194)
	at com.kms.katalon.core.main.ScriptEngine.runScriptAsRawText(ScriptEngine.java:119)
	at com.kms.katalon.core.main.TestCaseExecutor.runScript(TestCaseExecutor.java:328)
	at com.kms.katalon.core.main.TestCaseExecutor.doExecute(TestCaseExecutor.java:319)
	at com.kms.katalon.core.main.TestCaseExecutor.processExecutionPhase(TestCaseExecutor.java:298)
	at com.kms.katalon.core.main.TestCaseExecutor.accessMainPhase(TestCaseExecutor.java:290)
	at com.kms.katalon.core.main.TestCaseExecutor.execute(TestCaseExecutor.java:224)
	at com.kms.katalon.core.main.TestSuiteExecutor.accessTestCaseMainPhase(TestSuiteExecutor.java:129)
	at com.kms.katalon.core.main.TestSuiteExecutor.accessTestSuiteMainPhase(TestSuiteExecutor.java:112)
	at com.kms.katalon.core.main.TestSuiteExecutor.execute(TestSuiteExecutor.java:81)
	at com.kms.katalon.core.main.TestCaseMain.startTestSuite(TestCaseMain.java:149)
	at com.kms.katalon.core.main.TestCaseMain$startTestSuite$0.call(Unknown Source)
	at TempTestSuite1554806206518.run(TempTestSuite1554806206518.groovy:36)]]></system-err>
      </testcase>
      <system-out><![CDATA[2019-04-09 18:36:51 - [TEST_SUITE][ERROR] - stm: Test Cases/mobileWeb/stm/Slaico FAILED.
Reason:
com.thoughtworks.selenium.SeleniumException: Timed out waiting for action to finish
	at com.thoughtworks.selenium.webdriven.Timer.run(Timer.java:46)
	at com.thoughtworks.selenium.webdriven.WebDriverCommandProcessor.execute(WebDriverCommandProcessor.java:150)
	at com.thoughtworks.selenium.webdriven.WebDriverCommandProcessor.doCommand(WebDriverCommandProcessor.java:76)
	at com.thoughtworks.selenium.DefaultSelenium.click(DefaultSelenium.java:198)
	at com.thoughtworks.selenium.Selenium$click.call(Unknown Source)
	at goToDetail_stm.run(goToDetail_stm:30)
	at com.kms.katalon.core.main.ScriptEngine.run(ScriptEngine.java:194)
	at com.kms.katalon.core.main.ScriptEngine.runScriptAsRawText(ScriptEngine.java:119)
	at com.kms.katalon.core.main.TestCaseExecutor.runScript(TestCaseExecutor.java:328)
	at com.kms.katalon.core.main.TestCaseExecutor.doExecute(TestCaseExecutor.java:319)
	at com.kms.katalon.core.main.TestCaseExecutor.processExecutionPhase(TestCaseExecutor.java:298)
	at com.kms.katalon.core.main.TestCaseExecutor.accessMainPhase(TestCaseExecutor.java:290)
	at com.kms.katalon.core.main.TestCaseExecutor.execute(TestCaseExecutor.java:224)
	at com.kms.katalon.core.main.TestCaseMain.runTestCase(TestCaseMain.java:106)
	at com.kms.katalon.core.keyword.builtin.CallTestCaseKeyword$_callTestCase_closure1.doCall(CallTestCaseKeyword.groovy:59)
	at com.kms.katalon.core.keyword.builtin.CallTestCaseKeyword$_callTestCase_closure1.call(CallTestCaseKeyword.groovy)
	at com.kms.katalon.core.keyword.internal.KeywordMain.runKeyword(KeywordMain.groovy:54)
	at com.kms.katalon.core.keyword.builtin.CallTestCaseKeyword.callTestCase(CallTestCaseKeyword.groovy:80)
	at com.kms.katalon.core.keyword.builtin.CallTestCaseKeyword.execute(CallTestCaseKeyword.groovy:44)
	at com.kms.katalon.core.keyword.internal.KeywordExecutor.executeKeywordForPlatform(KeywordExecutor.groovy:53)
	at com.kms.katalon.core.keyword.BuiltinKeywords.callTestCase(BuiltinKeywords.groovy:334)
	at Slaico.run(Slaico:38)
	at com.kms.katalon.core.main.ScriptEngine.run(ScriptEngine.java:194)
	at com.kms.katalon.core.main.ScriptEngine.runScriptAsRawText(ScriptEngine.java:119)
	at com.kms.katalon.core.main.TestCaseExecutor.runScript(TestCaseExecutor.java:328)
	at com.kms.katalon.core.main.TestCaseExecutor.doExecute(TestCaseExecutor.java:319)
	at com.kms.katalon.core.main.TestCaseExecutor.processExecutionPhase(TestCaseExecutor.java:298)
	at com.kms.katalon.core.main.TestCaseExecutor.accessMainPhase(TestCaseExecutor.java:290)
	at com.kms.katalon.core.main.TestCaseExecutor.execute(TestCaseExecutor.java:224)
	at com.kms.katalon.core.main.TestSuiteExecutor.accessTestCaseMainPhase(TestSuiteExecutor.java:129)
	at com.kms.katalon.core.main.TestSuiteExecutor.accessTestSuiteMainPhase(TestSuiteExecutor.java:112)
	at com.kms.katalon.core.main.TestSuiteExecutor.execute(TestSuiteExecutor.java:81)
	at com.kms.katalon.core.main.TestCaseMain.startTestSuite(TestCaseMain.java:149)
	at com.kms.katalon.core.main.TestCaseMain$startTestSuite$0.call(Unknown Source)
	at TempTestSuite1554806206518.run(TempTestSuite1554806206518.groovy:36)]]></system-out>
      <system-err><![CDATA[2019-04-09 18:36:51 - [TEST_SUITE][ERROR] - stm: Test Cases/mobileWeb/stm/Slaico FAILED.
Reason:
com.thoughtworks.selenium.SeleniumException: Timed out waiting for action to finish
	at com.thoughtworks.selenium.webdriven.Timer.run(Timer.java:46)
	at com.thoughtworks.selenium.webdriven.WebDriverCommandProcessor.execute(WebDriverCommandProcessor.java:150)
	at com.thoughtworks.selenium.webdriven.WebDriverCommandProcessor.doCommand(WebDriverCommandProcessor.java:76)
	at com.thoughtworks.selenium.DefaultSelenium.click(DefaultSelenium.java:198)
	at com.thoughtworks.selenium.Selenium$click.call(Unknown Source)
	at goToDetail_stm.run(goToDetail_stm:30)
	at com.kms.katalon.core.main.ScriptEngine.run(ScriptEngine.java:194)
	at com.kms.katalon.core.main.ScriptEngine.runScriptAsRawText(ScriptEngine.java:119)
	at com.kms.katalon.core.main.TestCaseExecutor.runScript(TestCaseExecutor.java:328)
	at com.kms.katalon.core.main.TestCaseExecutor.doExecute(TestCaseExecutor.java:319)
	at com.kms.katalon.core.main.TestCaseExecutor.processExecutionPhase(TestCaseExecutor.java:298)
	at com.kms.katalon.core.main.TestCaseExecutor.accessMainPhase(TestCaseExecutor.java:290)
	at com.kms.katalon.core.main.TestCaseExecutor.execute(TestCaseExecutor.java:224)
	at com.kms.katalon.core.main.TestCaseMain.runTestCase(TestCaseMain.java:106)
	at com.kms.katalon.core.keyword.builtin.CallTestCaseKeyword$_callTestCase_closure1.doCall(CallTestCaseKeyword.groovy:59)
	at com.kms.katalon.core.keyword.builtin.CallTestCaseKeyword$_callTestCase_closure1.call(CallTestCaseKeyword.groovy)
	at com.kms.katalon.core.keyword.internal.KeywordMain.runKeyword(KeywordMain.groovy:54)
	at com.kms.katalon.core.keyword.builtin.CallTestCaseKeyword.callTestCase(CallTestCaseKeyword.groovy:80)
	at com.kms.katalon.core.keyword.builtin.CallTestCaseKeyword.execute(CallTestCaseKeyword.groovy:44)
	at com.kms.katalon.core.keyword.internal.KeywordExecutor.executeKeywordForPlatform(KeywordExecutor.groovy:53)
	at com.kms.katalon.core.keyword.BuiltinKeywords.callTestCase(BuiltinKeywords.groovy:334)
	at Slaico.run(Slaico:38)
	at com.kms.katalon.core.main.ScriptEngine.run(ScriptEngine.java:194)
	at com.kms.katalon.core.main.ScriptEngine.runScriptAsRawText(ScriptEngine.java:119)
	at com.kms.katalon.core.main.TestCaseExecutor.runScript(TestCaseExecutor.java:328)
	at com.kms.katalon.core.main.TestCaseExecutor.doExecute(TestCaseExecutor.java:319)
	at com.kms.katalon.core.main.TestCaseExecutor.processExecutionPhase(TestCaseExecutor.java:298)
	at com.kms.katalon.core.main.TestCaseExecutor.accessMainPhase(TestCaseExecutor.java:290)
	at com.kms.katalon.core.main.TestCaseExecutor.execute(TestCaseExecutor.java:224)
	at com.kms.katalon.core.main.TestSuiteExecutor.accessTestCaseMainPhase(TestSuiteExecutor.java:129)
	at com.kms.katalon.core.main.TestSuiteExecutor.accessTestSuiteMainPhase(TestSuiteExecutor.java:112)
	at com.kms.katalon.core.main.TestSuiteExecutor.execute(TestSuiteExecutor.java:81)
	at com.kms.katalon.core.main.TestCaseMain.startTestSuite(TestCaseMain.java:149)
	at com.kms.katalon.core.main.TestCaseMain$startTestSuite$0.call(Unknown Source)
	at TempTestSuite1554806206518.run(TempTestSuite1554806206518.groovy:36)]]></system-err>
   </testsuite>
</testsuites>
