<?xml version="1.0" encoding="UTF-8"?>
<testsuites name="hic" time="116" tests="0" failures="0" errors="8">
   <testsuite name="hic" tests="0" failures="0" errors="8" time="116" timestamp="2020-03-19 08:00:39" hostname="Administrator - 172.30.0.53" id="Test Suites/HIC/hic">
      <properties>
         <property name="deviceName" value=""/>
         <property name="devicePlatform" value=""/>
         <property name="logFolder" value="D:\\Test\\AgileTest\\Reports\\HIC\\hic\\20200319_080033"/>
         <property name="logFiles" value="D:\\Test\\AgileTest\\Reports\\HIC\\hic\\20200319_080033\\execution0.log"/>
         <property name="attachments" value="D:\\Test\\AgileTest\\Reports\\HIC\\hic\\20200319_080033\\../Screenshots/iPhone 6/HIC/ACA/ACA/20200319_080045/0.png, D:\\Test\\AgileTest\\Reports\\HIC\\hic\\20200319_080033\\../Screenshots/iPhone 6/HIC/Cancer/Cancer/20200319_080109/0.png, D:\\Test\\AgileTest\\Reports\\HIC\\hic\\20200319_080033\\../Screenshots/iPhone 6/HIC/Dental/USA Access/20200319_080129/0.png, D:\\Test\\AgileTest\\Reports\\HIC\\hic\\20200319_080033\\../Screenshots/iPhone 6/HIC/HBI/HBI/20200319_080142/0.png, D:\\Test\\AgileTest\\Reports\\HIC\\hic\\20200319_080033\\../Screenshots/iPhone 6/HIC/Medicare/Medicare/20200319_080158/0.png, D:\\Test\\AgileTest\\Reports\\HIC\\hic\\20200319_080033\\../Screenshots/iPhone 6/HIC/Pet/Pet/20200319_080208/0.png, D:\\Test\\AgileTest\\Reports\\HIC\\hic\\20200319_080033\\../Screenshots/iPhone 6/HIC/STM/STM/20200319_080217/0.png, D:\\Test\\AgileTest\\Reports\\HIC\\hic\\20200319_080033\\../Screenshots/iPhone 6/HIC/Teladoc/Teladoc/20200319_080227/0.png"/>
         <property name="hostName" value="Administrator - 172.30.0.53"/>
         <property name="os" value="Windows Server 2012 R2 64bit"/>
         <property name="katalonVersion" value="5.10.1.1"/>
         <property name="browser" value="Safari 11"/>
         <property name="hostAddress" value="172.30.0.53"/>
         <property name="sessionId" value="eb52f0b1c9ac134c42bb698f3ed28741"/>
         <property name="seleniumVersion" value="3.7.1"/>
         <property name="proxyInformation" value="ProxyInformation{proxyOption=NO_PROXY, proxyServerType=HTTP, password=, proxyServerAddress=, proxyServerPort=0}"/>
         <property name="platform" value="Windows Server 2012 R2"/>
      </properties>
      <testcase name="Test Cases/HIC/New/ACA" classname="Test Cases/HIC/New/ACA" status="ERROR">
         <error type="ERROR" message="Test Cases/HIC/New/ACA FAILED.
Reason:
com.thoughtworks.selenium.SeleniumException: unknown error: Element &lt;button type=&quot;button&quot; class=&quot;Button-h8watj-0 jWworc trye76-1 btYWOg btn btn-primary&quot; aria-haspopup=&quot;true&quot; aria-expanded=&quot;false&quot; id=&quot;product-lines&quot; title=&quot;Select a Product Line&quot; data-toggle=&quot;dropdown&quot;>...&lt;/button> is not clickable at point (187, 636). Other element would receive the click: &lt;a href=&quot;tel:5558675309&quot; class=&quot;sc-1dmd8vs-31 kWuInD&quot;>...&lt;/a>
  (Session info: chrome=80.0.3987.149)
  (Driver info: chromedriver=2.43.600210 (68dcf5eebde37173d4027fa8635e332711d2874a),platform=Windows NT 6.3.9600 x86_64) (WARNING: The server did not provide any stacktrace information)
Command duration or timeout: 0 milliseconds
Build info: version: '3.7.1', revision: '8a0099a', time: '2017-11-06T21:07:36.161Z'
System info: host: 'WIN-U215233FMVE', ip: '172.30.0.53', os.name: 'Windows Server 2012 R2', os.arch: 'amd64', os.version: '6.3', java.version: '1.8.0_181'
Driver info: com.kms.katalon.selenium.driver.CChromeDriver
Capabilities {acceptInsecureCerts: false, acceptSslCerts: false, applicationCacheEnabled: false, browserConnectionEnabled: false, browserName: chrome, chrome: {chromedriverVersion: 2.43.600210 (68dcf5eebde371..., userDataDir: C:\Users\ADMINI~1\AppData\L...}, cssSelectorsEnabled: true, databaseEnabled: false, goog:chromeOptions: {debuggerAddress: localhost:61385}, handlesAlerts: true, hasTouchScreen: true, javascriptEnabled: true, locationContextEnabled: true, mobileEmulationEnabled: true, nativeEvents: true, networkConnectionEnabled: false, pageLoadStrategy: normal, platform: XP, platformName: XP, rotatable: false, setWindowRect: true, takesHeapSnapshot: true, takesScreenshot: true, unexpectedAlertBehaviour: , unhandledPromptBehavior: , version: 80.0.3987.149, webStorageEnabled: true}
Session ID: 493e229fb49bd4660e2cf50d929db72a
	at com.thoughtworks.selenium.webdriven.SeleneseCommand.apply(SeleneseCommand.java:45)
	at com.thoughtworks.selenium.webdriven.Timer.run(Timer.java:41)
	at com.thoughtworks.selenium.webdriven.WebDriverCommandProcessor.execute(WebDriverCommandProcessor.java:150)
	at com.thoughtworks.selenium.webdriven.WebDriverCommandProcessor.doCommand(WebDriverCommandProcessor.java:76)
	at com.thoughtworks.selenium.DefaultSelenium.click(DefaultSelenium.java:198)
	at com.thoughtworks.selenium.Selenium$click.call(Unknown Source)
	at ACA.run(ACA:35)
	at com.kms.katalon.core.main.ScriptEngine.run(ScriptEngine.java:194)
	at com.kms.katalon.core.main.ScriptEngine.runScriptAsRawText(ScriptEngine.java:119)
	at com.kms.katalon.core.main.TestCaseExecutor.runScript(TestCaseExecutor.java:328)
	at com.kms.katalon.core.main.TestCaseExecutor.doExecute(TestCaseExecutor.java:319)
	at com.kms.katalon.core.main.TestCaseExecutor.processExecutionPhase(TestCaseExecutor.java:298)
	at com.kms.katalon.core.main.TestCaseExecutor.accessMainPhase(TestCaseExecutor.java:290)
	at com.kms.katalon.core.main.TestCaseExecutor.execute(TestCaseExecutor.java:224)
	at com.kms.katalon.core.main.TestSuiteExecutor.accessTestCaseMainPhase(TestSuiteExecutor.java:129)
	at com.kms.katalon.core.main.TestSuiteExecutor.accessTestSuiteMainPhase(TestSuiteExecutor.java:112)
	at com.kms.katalon.core.main.TestSuiteExecutor.execute(TestSuiteExecutor.java:81)
	at com.kms.katalon.core.main.TestCaseMain.startTestSuite(TestCaseMain.java:149)
	at com.kms.katalon.core.main.TestCaseMain$startTestSuite$0.call(Unknown Source)
	at TempTestSuite1584619233819.run(TempTestSuite1584619233819.groovy:36)
Caused by: org.openqa.selenium.WebDriverException: unknown error: Element &lt;button type=&quot;button&quot; class=&quot;Button-h8watj-0 jWworc trye76-1 btYWOg btn btn-primary&quot; aria-haspopup=&quot;true&quot; aria-expanded=&quot;false&quot; id=&quot;product-lines&quot; title=&quot;Select a Product Line&quot; data-toggle=&quot;dropdown&quot;>...&lt;/button> is not clickable at point (187, 636). Other element would receive the click: &lt;a href=&quot;tel:5558675309&quot; class=&quot;sc-1dmd8vs-31 kWuInD&quot;>...&lt;/a>
  (Session info: chrome=80.0.3987.149)
  (Driver info: chromedriver=2.43.600210 (68dcf5eebde37173d4027fa8635e332711d2874a),platform=Windows NT 6.3.9600 x86_64) (WARNING: The server did not provide any stacktrace information)
Command duration or timeout: 0 milliseconds
Build info: version: '3.7.1', revision: '8a0099a', time: '2017-11-06T21:07:36.161Z'
System info: host: 'WIN-U215233FMVE', ip: '172.30.0.53', os.name: 'Windows Server 2012 R2', os.arch: 'amd64', os.version: '6.3', java.version: '1.8.0_181'
Driver info: com.kms.katalon.selenium.driver.CChromeDriver
Capabilities {acceptInsecureCerts: false, acceptSslCerts: false, applicationCacheEnabled: false, browserConnectionEnabled: false, browserName: chrome, chrome: {chromedriverVersion: 2.43.600210 (68dcf5eebde371..., userDataDir: C:\Users\ADMINI~1\AppData\L...}, cssSelectorsEnabled: true, databaseEnabled: false, goog:chromeOptions: {debuggerAddress: localhost:61385}, handlesAlerts: true, hasTouchScreen: true, javascriptEnabled: true, locationContextEnabled: true, mobileEmulationEnabled: true, nativeEvents: true, networkConnectionEnabled: false, pageLoadStrategy: normal, platform: XP, platformName: XP, rotatable: false, setWindowRect: true, takesHeapSnapshot: true, takesScreenshot: true, unexpectedAlertBehaviour: , unhandledPromptBehavior: , version: 80.0.3987.149, webStorageEnabled: true}
Session ID: 493e229fb49bd4660e2cf50d929db72a
	at org.openqa.selenium.remote.ErrorHandler.createThrowable(ErrorHandler.java:214)
	at org.openqa.selenium.remote.ErrorHandler.throwIfResponseFailed(ErrorHandler.java:166)
	at org.openqa.selenium.remote.http.JsonHttpResponseCodec.reconstructValue(JsonHttpResponseCodec.java:40)
	at org.openqa.selenium.remote.http.AbstractHttpResponseCodec.decode(AbstractHttpResponseCodec.java:80)
	at org.openqa.selenium.remote.http.AbstractHttpResponseCodec.decode(AbstractHttpResponseCodec.java:44)
	at org.openqa.selenium.remote.HttpCommandExecutor.execute(HttpCommandExecutor.java:164)
	at org.openqa.selenium.remote.service.DriverCommandExecutor.execute(DriverCommandExecutor.java:83)
	at org.openqa.selenium.remote.RemoteWebDriver.execute(RemoteWebDriver.java:600)
	at com.kms.katalon.selenium.driver.CChromeDriver.execute(CChromeDriver.java:20)
	at org.openqa.selenium.remote.RemoteWebElement.execute(RemoteWebElement.java:279)
	at org.openqa.selenium.remote.RemoteWebElement.click(RemoteWebElement.java:83)
	at com.thoughtworks.selenium.webdriven.commands.Click.handleSeleneseCommand(Click.java:40)
	at com.thoughtworks.selenium.webdriven.commands.Click.handleSeleneseCommand(Click.java:26)
	at com.thoughtworks.selenium.webdriven.SeleneseCommand.apply(SeleneseCommand.java:36)
	at com.thoughtworks.selenium.webdriven.Timer.run(Timer.java:41)
	at com.thoughtworks.selenium.webdriven.WebDriverCommandProcessor.execute(WebDriverCommandProcessor.java:150)
	at com.thoughtworks.selenium.webdriven.WebDriverCommandProcessor.doCommand(WebDriverCommandProcessor.java:76)
	at com.thoughtworks.selenium.DefaultSelenium.click(DefaultSelenium.java:198)
	at com.thoughtworks.selenium.Selenium$click.call(Unknown Source)
	at Script1583723920815.run(Script1583723920815.groovy:35)
	... 13 more
"/>
         <system-out><![CDATA[2020-03-19 08:00:41 - [TEST_CASE][ERROR] - Test Cases/HIC/New/ACA: Test Cases/HIC/New/ACA FAILED.
Reason:
com.thoughtworks.selenium.SeleniumException: unknown error: Element <button type="button" class="Button-h8watj-0 jWworc trye76-1 btYWOg btn btn-primary" aria-haspopup="true" aria-expanded="false" id="product-lines" title="Select a Product Line" data-toggle="dropdown">...</button> is not clickable at point (187, 636). Other element would receive the click: <a href="tel:5558675309" class="sc-1dmd8vs-31 kWuInD">...</a>
  (Session info: chrome=80.0.3987.149)
  (Driver info: chromedriver=2.43.600210 (68dcf5eebde37173d4027fa8635e332711d2874a),platform=Windows NT 6.3.9600 x86_64) (WARNING: The server did not provide any stacktrace information)
Command duration or timeout: 0 milliseconds
Build info: version: '3.7.1', revision: '8a0099a', time: '2017-11-06T21:07:36.161Z'
System info: host: 'WIN-U215233FMVE', ip: '172.30.0.53', os.name: 'Windows Server 2012 R2', os.arch: 'amd64', os.version: '6.3', java.version: '1.8.0_181'
Driver info: com.kms.katalon.selenium.driver.CChromeDriver
Capabilities {acceptInsecureCerts: false, acceptSslCerts: false, applicationCacheEnabled: false, browserConnectionEnabled: false, browserName: chrome, chrome: {chromedriverVersion: 2.43.600210 (68dcf5eebde371..., userDataDir: C:\Users\ADMINI~1\AppData\L...}, cssSelectorsEnabled: true, databaseEnabled: false, goog:chromeOptions: {debuggerAddress: localhost:61385}, handlesAlerts: true, hasTouchScreen: true, javascriptEnabled: true, locationContextEnabled: true, mobileEmulationEnabled: true, nativeEvents: true, networkConnectionEnabled: false, pageLoadStrategy: normal, platform: XP, platformName: XP, rotatable: false, setWindowRect: true, takesHeapSnapshot: true, takesScreenshot: true, unexpectedAlertBehaviour: , unhandledPromptBehavior: , version: 80.0.3987.149, webStorageEnabled: true}
Session ID: 493e229fb49bd4660e2cf50d929db72a
	at com.thoughtworks.selenium.webdriven.SeleneseCommand.apply(SeleneseCommand.java:45)
	at com.thoughtworks.selenium.webdriven.Timer.run(Timer.java:41)
	at com.thoughtworks.selenium.webdriven.WebDriverCommandProcessor.execute(WebDriverCommandProcessor.java:150)
	at com.thoughtworks.selenium.webdriven.WebDriverCommandProcessor.doCommand(WebDriverCommandProcessor.java:76)
	at com.thoughtworks.selenium.DefaultSelenium.click(DefaultSelenium.java:198)
	at com.thoughtworks.selenium.Selenium$click.call(Unknown Source)
	at ACA.run(ACA:35)
	at com.kms.katalon.core.main.ScriptEngine.run(ScriptEngine.java:194)
	at com.kms.katalon.core.main.ScriptEngine.runScriptAsRawText(ScriptEngine.java:119)
	at com.kms.katalon.core.main.TestCaseExecutor.runScript(TestCaseExecutor.java:328)
	at com.kms.katalon.core.main.TestCaseExecutor.doExecute(TestCaseExecutor.java:319)
	at com.kms.katalon.core.main.TestCaseExecutor.processExecutionPhase(TestCaseExecutor.java:298)
	at com.kms.katalon.core.main.TestCaseExecutor.accessMainPhase(TestCaseExecutor.java:290)
	at com.kms.katalon.core.main.TestCaseExecutor.execute(TestCaseExecutor.java:224)
	at com.kms.katalon.core.main.TestSuiteExecutor.accessTestCaseMainPhase(TestSuiteExecutor.java:129)
	at com.kms.katalon.core.main.TestSuiteExecutor.accessTestSuiteMainPhase(TestSuiteExecutor.java:112)
	at com.kms.katalon.core.main.TestSuiteExecutor.execute(TestSuiteExecutor.java:81)
	at com.kms.katalon.core.main.TestCaseMain.startTestSuite(TestCaseMain.java:149)
	at com.kms.katalon.core.main.TestCaseMain$startTestSuite$0.call(Unknown Source)
	at TempTestSuite1584619233819.run(TempTestSuite1584619233819.groovy:36)
Caused by: org.openqa.selenium.WebDriverException: unknown error: Element <button type="button" class="Button-h8watj-0 jWworc trye76-1 btYWOg btn btn-primary" aria-haspopup="true" aria-expanded="false" id="product-lines" title="Select a Product Line" data-toggle="dropdown">...</button> is not clickable at point (187, 636). Other element would receive the click: <a href="tel:5558675309" class="sc-1dmd8vs-31 kWuInD">...</a>
  (Session info: chrome=80.0.3987.149)
  (Driver info: chromedriver=2.43.600210 (68dcf5eebde37173d4027fa8635e332711d2874a),platform=Windows NT 6.3.9600 x86_64) (WARNING: The server did not provide any stacktrace information)
Command duration or timeout: 0 milliseconds
Build info: version: '3.7.1', revision: '8a0099a', time: '2017-11-06T21:07:36.161Z'
System info: host: 'WIN-U215233FMVE', ip: '172.30.0.53', os.name: 'Windows Server 2012 R2', os.arch: 'amd64', os.version: '6.3', java.version: '1.8.0_181'
Driver info: com.kms.katalon.selenium.driver.CChromeDriver
Capabilities {acceptInsecureCerts: false, acceptSslCerts: false, applicationCacheEnabled: false, browserConnectionEnabled: false, browserName: chrome, chrome: {chromedriverVersion: 2.43.600210 (68dcf5eebde371..., userDataDir: C:\Users\ADMINI~1\AppData\L...}, cssSelectorsEnabled: true, databaseEnabled: false, goog:chromeOptions: {debuggerAddress: localhost:61385}, handlesAlerts: true, hasTouchScreen: true, javascriptEnabled: true, locationContextEnabled: true, mobileEmulationEnabled: true, nativeEvents: true, networkConnectionEnabled: false, pageLoadStrategy: normal, platform: XP, platformName: XP, rotatable: false, setWindowRect: true, takesHeapSnapshot: true, takesScreenshot: true, unexpectedAlertBehaviour: , unhandledPromptBehavior: , version: 80.0.3987.149, webStorageEnabled: true}
Session ID: 493e229fb49bd4660e2cf50d929db72a
	at org.openqa.selenium.remote.ErrorHandler.createThrowable(ErrorHandler.java:214)
	at org.openqa.selenium.remote.ErrorHandler.throwIfResponseFailed(ErrorHandler.java:166)
	at org.openqa.selenium.remote.http.JsonHttpResponseCodec.reconstructValue(JsonHttpResponseCodec.java:40)
	at org.openqa.selenium.remote.http.AbstractHttpResponseCodec.decode(AbstractHttpResponseCodec.java:80)
	at org.openqa.selenium.remote.http.AbstractHttpResponseCodec.decode(AbstractHttpResponseCodec.java:44)
	at org.openqa.selenium.remote.HttpCommandExecutor.execute(HttpCommandExecutor.java:164)
	at org.openqa.selenium.remote.service.DriverCommandExecutor.execute(DriverCommandExecutor.java:83)
	at org.openqa.selenium.remote.RemoteWebDriver.execute(RemoteWebDriver.java:600)
	at com.kms.katalon.selenium.driver.CChromeDriver.execute(CChromeDriver.java:20)
	at org.openqa.selenium.remote.RemoteWebElement.execute(RemoteWebElement.java:279)
	at org.openqa.selenium.remote.RemoteWebElement.click(RemoteWebElement.java:83)
	at com.thoughtworks.selenium.webdriven.commands.Click.handleSeleneseCommand(Click.java:40)
	at com.thoughtworks.selenium.webdriven.commands.Click.handleSeleneseCommand(Click.java:26)
	at com.thoughtworks.selenium.webdriven.SeleneseCommand.apply(SeleneseCommand.java:36)
	at com.thoughtworks.selenium.webdriven.Timer.run(Timer.java:41)
	at com.thoughtworks.selenium.webdriven.WebDriverCommandProcessor.execute(WebDriverCommandProcessor.java:150)
	at com.thoughtworks.selenium.webdriven.WebDriverCommandProcessor.doCommand(WebDriverCommandProcessor.java:76)
	at com.thoughtworks.selenium.DefaultSelenium.click(DefaultSelenium.java:198)
	at com.thoughtworks.selenium.Selenium$click.call(Unknown Source)
	at Script1583723920815.run(Script1583723920815.groovy:35)
	... 13 more


2020-03-19 08:00:42 - [TEST_STEP][PASSED] - callTestCase(findTestCase("HIC/_include/get_hicScreenPath"), ["project":"HIC", "productLine":"ACA", "carrierName":"ACA"], CONTINUE_ON_FAILURE): Call Test Case 'Test Cases/HIC/_include/get_hicScreenPath' successfully

2020-03-19 08:00:43 - [TEST_CASE][PASSED] - Test Cases/HIC/_include/get_hicScreenPath: Test Cases/HIC/_include/get_hicScreenPath

2020-03-19 08:00:45 - [TEST_STEP][PASSED] - m = getExecutionProperties(): null

2020-03-19 08:00:45 - [TEST_STEP][PASSED] - deviceName = get("mobileEmulation").get("deviceName"): null

2020-03-19 08:00:45 - [TEST_STEP][PASSED] - println(deviceName): null

2020-03-19 08:00:45 - [TEST_STEP][PASSED] - now = new java.util.Date(): null

2020-03-19 08:00:45 - [TEST_STEP][PASSED] - mydate = now.format("yyyyMMdd_HHmmss"): null

2020-03-19 08:00:45 - [TEST_STEP][PASSED] - screenPath = "../Screenshots/": null

2020-03-19 08:00:45 - [TEST_STEP][PASSED] - screenPath = screenPath + deviceName + "/" + project + "/" + productLine + "/" + carrierName + "/" + mydate + "/": null

2020-03-19 08:00:45 - [TEST_STEP][PASSED] - println(screenPath): null

2020-03-19 08:00:45 - [MESSAGE][PASSED] - Call Test Case 'Test Cases/HIC/_include/get_hicScreenPath' successfully

2020-03-19 08:00:46 - [TEST_STEP][PASSED] - i = 0: null

2020-03-19 08:00:46 - [TEST_STEP][PASSED] - callTestCase(findTestCase("AHI/_include/openWebSite"), ["env":env], CONTINUE_ON_FAILURE): Call Test Case 'Test Cases/AHI/_include/openWebSite' successfully

2020-03-19 08:00:46 - [TEST_CASE][PASSED] - Test Cases/AHI/_include/openWebSite: Test Cases/AHI/_include/openWebSite

2020-03-19 08:00:48 - [TEST_STEP][PASSED] - openBrowser(env): Browser is opened with url: 'https://qa.healthinsurance.com'

2020-03-19 08:00:48 - [MESSAGE][INFO] - Starting 'Chrome' driver

2020-03-19 08:00:49 - [MESSAGE][INFO] - User set preference: ['mobileEmulation', '{deviceName=iPhone 6}']

2020-03-19 08:00:49 - [MESSAGE][INFO] - User set preference: ['args', '[--incognito, --aggressive-cache-discard, --window-size=375,677, --no-sandbox, --ignore-certificate-errors]']

2020-03-19 08:00:49 - [MESSAGE][INFO] - Action delay is set to 0 seconds

2020-03-19 08:01:02 - [MESSAGE][PASSED] - Browser is opened with url: 'https://qa.healthinsurance.com'

2020-03-19 08:01:02 - [TEST_STEP][PASSED] - waitForPageLoad(20): Wait for page load successfully

2020-03-19 08:01:04 - [MESSAGE][PASSED] - Wait for page load successfully

2020-03-19 08:01:04 - [TEST_STEP][PASSED] - callTestCase(findTestCase("AHI/_include/get_screenshot"), [:], STOP_ON_FAILURE): Call Test Case 'Test Cases/AHI/_include/get_screenshot' successfully

2020-03-19 08:01:04 - [TEST_CASE][PASSED] - Test Cases/AHI/_include/get_screenshot: Test Cases/AHI/_include/get_screenshot

2020-03-19 08:01:04 - [TEST_STEP][PASSED] - Thread.sleep(1000): null

2020-03-19 08:01:05 - [TEST_STEP][PASSED] - takeScreenshot(screenPath + i + ".png"): Taking screenshot successfully

2020-03-19 08:01:06 - [MESSAGE][PASSED] - Taking screenshot successfully
[[ATTACHMENT|D:\\Test\\AgileTest\\Reports\\HIC\\hic\\20200319_080033\\../Screenshots/iPhone 6/HIC/ACA/ACA/20200319_080045/0.png]]

2020-03-19 08:01:06 - [TEST_STEP][PASSED] - (internal.GlobalVariable.i++): null

2020-03-19 08:01:06 - [MESSAGE][PASSED] - Call Test Case 'Test Cases/AHI/_include/get_screenshot' successfully

2020-03-19 08:01:06 - [MESSAGE][PASSED] - Call Test Case 'Test Cases/AHI/_include/openWebSite' successfully

2020-03-19 08:01:06 - [TEST_STEP][PASSED] - driver = getWebDriver(): null

2020-03-19 08:01:06 - [TEST_STEP][PASSED] - baseUrl = env: null

2020-03-19 08:01:06 - [TEST_STEP][PASSED] - selenium = new com.thoughtworks.selenium.webdriven.WebDriverBackedSelenium(driver, baseUrl): null

2020-03-19 08:01:06 - [TEST_STEP][ERROR] - selenium.click("id=product-lines"): selenium.click("id=product-lines") FAILED.
Reason:
com.thoughtworks.selenium.SeleniumException: unknown error: Element <button type="button" class="Button-h8watj-0 jWworc trye76-1 btYWOg btn btn-primary" aria-haspopup="true" aria-expanded="false" id="product-lines" title="Select a Product Line" data-toggle="dropdown">...</button> is not clickable at point (187, 636). Other element would receive the click: <a href="tel:5558675309" class="sc-1dmd8vs-31 kWuInD">...</a>
  (Session info: chrome=80.0.3987.149)
  (Driver info: chromedriver=2.43.600210 (68dcf5eebde37173d4027fa8635e332711d2874a),platform=Windows NT 6.3.9600 x86_64) (WARNING: The server did not provide any stacktrace information)
Command duration or timeout: 0 milliseconds
Build info: version: '3.7.1', revision: '8a0099a', time: '2017-11-06T21:07:36.161Z'
System info: host: 'WIN-U215233FMVE', ip: '172.30.0.53', os.name: 'Windows Server 2012 R2', os.arch: 'amd64', os.version: '6.3', java.version: '1.8.0_181'
Driver info: com.kms.katalon.selenium.driver.CChromeDriver
Capabilities {acceptInsecureCerts: false, acceptSslCerts: false, applicationCacheEnabled: false, browserConnectionEnabled: false, browserName: chrome, chrome: {chromedriverVersion: 2.43.600210 (68dcf5eebde371..., userDataDir: C:\Users\ADMINI~1\AppData\L...}, cssSelectorsEnabled: true, databaseEnabled: false, goog:chromeOptions: {debuggerAddress: localhost:61385}, handlesAlerts: true, hasTouchScreen: true, javascriptEnabled: true, locationContextEnabled: true, mobileEmulationEnabled: true, nativeEvents: true, networkConnectionEnabled: false, pageLoadStrategy: normal, platform: XP, platformName: XP, rotatable: false, setWindowRect: true, takesHeapSnapshot: true, takesScreenshot: true, unexpectedAlertBehaviour: , unhandledPromptBehavior: , version: 80.0.3987.149, webStorageEnabled: true}
Session ID: 493e229fb49bd4660e2cf50d929db72a
	at com.thoughtworks.selenium.webdriven.SeleneseCommand.apply(SeleneseCommand.java:45)
	at com.thoughtworks.selenium.webdriven.Timer.run(Timer.java:41)
	at com.thoughtworks.selenium.webdriven.WebDriverCommandProcessor.execute(WebDriverCommandProcessor.java:150)
	at com.thoughtworks.selenium.webdriven.WebDriverCommandProcessor.doCommand(WebDriverCommandProcessor.java:76)
	at com.thoughtworks.selenium.DefaultSelenium.click(DefaultSelenium.java:198)
	at com.thoughtworks.selenium.Selenium$click.call(Unknown Source)
	at ACA.run(ACA:35)
	at com.kms.katalon.core.main.ScriptEngine.run(ScriptEngine.java:194)
	at com.kms.katalon.core.main.ScriptEngine.runScriptAsRawText(ScriptEngine.java:119)
	at com.kms.katalon.core.main.TestCaseExecutor.runScript(TestCaseExecutor.java:328)
	at com.kms.katalon.core.main.TestCaseExecutor.doExecute(TestCaseExecutor.java:319)
	at com.kms.katalon.core.main.TestCaseExecutor.processExecutionPhase(TestCaseExecutor.java:298)
	at com.kms.katalon.core.main.TestCaseExecutor.accessMainPhase(TestCaseExecutor.java:290)
	at com.kms.katalon.core.main.TestCaseExecutor.execute(TestCaseExecutor.java:224)
	at com.kms.katalon.core.main.TestSuiteExecutor.accessTestCaseMainPhase(TestSuiteExecutor.java:129)
	at com.kms.katalon.core.main.TestSuiteExecutor.accessTestSuiteMainPhase(TestSuiteExecutor.java:112)
	at com.kms.katalon.core.main.TestSuiteExecutor.execute(TestSuiteExecutor.java:81)
	at com.kms.katalon.core.main.TestCaseMain.startTestSuite(TestCaseMain.java:149)
	at com.kms.katalon.core.main.TestCaseMain$startTestSuite$0.call(Unknown Source)
	at TempTestSuite1584619233819.run(TempTestSuite1584619233819.groovy:36)
Caused by: org.openqa.selenium.WebDriverException: unknown error: Element <button type="button" class="Button-h8watj-0 jWworc trye76-1 btYWOg btn btn-primary" aria-haspopup="true" aria-expanded="false" id="product-lines" title="Select a Product Line" data-toggle="dropdown">...</button> is not clickable at point (187, 636). Other element would receive the click: <a href="tel:5558675309" class="sc-1dmd8vs-31 kWuInD">...</a>
  (Session info: chrome=80.0.3987.149)
  (Driver info: chromedriver=2.43.600210 (68dcf5eebde37173d4027fa8635e332711d2874a),platform=Windows NT 6.3.9600 x86_64) (WARNING: The server did not provide any stacktrace information)
Command duration or timeout: 0 milliseconds
Build info: version: '3.7.1', revision: '8a0099a', time: '2017-11-06T21:07:36.161Z'
System info: host: 'WIN-U215233FMVE', ip: '172.30.0.53', os.name: 'Windows Server 2012 R2', os.arch: 'amd64', os.version: '6.3', java.version: '1.8.0_181'
Driver info: com.kms.katalon.selenium.driver.CChromeDriver
Capabilities {acceptInsecureCerts: false, acceptSslCerts: false, applicationCacheEnabled: false, browserConnectionEnabled: false, browserName: chrome, chrome: {chromedriverVersion: 2.43.600210 (68dcf5eebde371..., userDataDir: C:\Users\ADMINI~1\AppData\L...}, cssSelectorsEnabled: true, databaseEnabled: false, goog:chromeOptions: {debuggerAddress: localhost:61385}, handlesAlerts: true, hasTouchScreen: true, javascriptEnabled: true, locationContextEnabled: true, mobileEmulationEnabled: true, nativeEvents: true, networkConnectionEnabled: false, pageLoadStrategy: normal, platform: XP, platformName: XP, rotatable: false, setWindowRect: true, takesHeapSnapshot: true, takesScreenshot: true, unexpectedAlertBehaviour: , unhandledPromptBehavior: , version: 80.0.3987.149, webStorageEnabled: true}
Session ID: 493e229fb49bd4660e2cf50d929db72a
	at org.openqa.selenium.remote.ErrorHandler.createThrowable(ErrorHandler.java:214)
	at org.openqa.selenium.remote.ErrorHandler.throwIfResponseFailed(ErrorHandler.java:166)
	at org.openqa.selenium.remote.http.JsonHttpResponseCodec.reconstructValue(JsonHttpResponseCodec.java:40)
	at org.openqa.selenium.remote.http.AbstractHttpResponseCodec.decode(AbstractHttpResponseCodec.java:80)
	at org.openqa.selenium.remote.http.AbstractHttpResponseCodec.decode(AbstractHttpResponseCodec.java:44)
	at org.openqa.selenium.remote.HttpCommandExecutor.execute(HttpCommandExecutor.java:164)
	at org.openqa.selenium.remote.service.DriverCommandExecutor.execute(DriverCommandExecutor.java:83)
	at org.openqa.selenium.remote.RemoteWebDriver.execute(RemoteWebDriver.java:600)
	at com.kms.katalon.selenium.driver.CChromeDriver.execute(CChromeDriver.java:20)
	at org.openqa.selenium.remote.RemoteWebElement.execute(RemoteWebElement.java:279)
	at org.openqa.selenium.remote.RemoteWebElement.click(RemoteWebElement.java:83)
	at com.thoughtworks.selenium.webdriven.commands.Click.handleSeleneseCommand(Click.java:40)
	at com.thoughtworks.selenium.webdriven.commands.Click.handleSeleneseCommand(Click.java:26)
	at com.thoughtworks.selenium.webdriven.SeleneseCommand.apply(SeleneseCommand.java:36)
	at com.thoughtworks.selenium.webdriven.Timer.run(Timer.java:41)
	at com.thoughtworks.selenium.webdriven.WebDriverCommandProcessor.execute(WebDriverCommandProcessor.java:150)
	at com.thoughtworks.selenium.webdriven.WebDriverCommandProcessor.doCommand(WebDriverCommandProcessor.java:76)
	at com.thoughtworks.selenium.DefaultSelenium.click(DefaultSelenium.java:198)
	at com.thoughtworks.selenium.Selenium$click.call(Unknown Source)
	at Script1583723920815.run(Script1583723920815.groovy:35)
	... 13 more


2020-03-19 08:01:07 - [MESSAGE][ERROR] - selenium.click("id=product-lines") FAILED.
Reason:
com.thoughtworks.selenium.SeleniumException: unknown error: Element <button type="button" class="Button-h8watj-0 jWworc trye76-1 btYWOg btn btn-primary" aria-haspopup="true" aria-expanded="false" id="product-lines" title="Select a Product Line" data-toggle="dropdown">...</button> is not clickable at point (187, 636). Other element would receive the click: <a href="tel:5558675309" class="sc-1dmd8vs-31 kWuInD">...</a>
  (Session info: chrome=80.0.3987.149)
  (Driver info: chromedriver=2.43.600210 (68dcf5eebde37173d4027fa8635e332711d2874a),platform=Windows NT 6.3.9600 x86_64) (WARNING: The server did not provide any stacktrace information)
Command duration or timeout: 0 milliseconds
Build info: version: '3.7.1', revision: '8a0099a', time: '2017-11-06T21:07:36.161Z'
System info: host: 'WIN-U215233FMVE', ip: '172.30.0.53', os.name: 'Windows Server 2012 R2', os.arch: 'amd64', os.version: '6.3', java.version: '1.8.0_181'
Driver info: com.kms.katalon.selenium.driver.CChromeDriver
Capabilities {acceptInsecureCerts: false, acceptSslCerts: false, applicationCacheEnabled: false, browserConnectionEnabled: false, browserName: chrome, chrome: {chromedriverVersion: 2.43.600210 (68dcf5eebde371..., userDataDir: C:\Users\ADMINI~1\AppData\L...}, cssSelectorsEnabled: true, databaseEnabled: false, goog:chromeOptions: {debuggerAddress: localhost:61385}, handlesAlerts: true, hasTouchScreen: true, javascriptEnabled: true, locationContextEnabled: true, mobileEmulationEnabled: true, nativeEvents: true, networkConnectionEnabled: false, pageLoadStrategy: normal, platform: XP, platformName: XP, rotatable: false, setWindowRect: true, takesHeapSnapshot: true, takesScreenshot: true, unexpectedAlertBehaviour: , unhandledPromptBehavior: , version: 80.0.3987.149, webStorageEnabled: true}
Session ID: 493e229fb49bd4660e2cf50d929db72a
	at com.thoughtworks.selenium.webdriven.SeleneseCommand.apply(SeleneseCommand.java:45)
	at com.thoughtworks.selenium.webdriven.Timer.run(Timer.java:41)
	at com.thoughtworks.selenium.webdriven.WebDriverCommandProcessor.execute(WebDriverCommandProcessor.java:150)
	at com.thoughtworks.selenium.webdriven.WebDriverCommandProcessor.doCommand(WebDriverCommandProcessor.java:76)
	at com.thoughtworks.selenium.DefaultSelenium.click(DefaultSelenium.java:198)
	at com.thoughtworks.selenium.Selenium$click.call(Unknown Source)
	at ACA.run(ACA:35)
	at com.kms.katalon.core.main.ScriptEngine.run(ScriptEngine.java:194)
	at com.kms.katalon.core.main.ScriptEngine.runScriptAsRawText(ScriptEngine.java:119)
	at com.kms.katalon.core.main.TestCaseExecutor.runScript(TestCaseExecutor.java:328)
	at com.kms.katalon.core.main.TestCaseExecutor.doExecute(TestCaseExecutor.java:319)
	at com.kms.katalon.core.main.TestCaseExecutor.processExecutionPhase(TestCaseExecutor.java:298)
	at com.kms.katalon.core.main.TestCaseExecutor.accessMainPhase(TestCaseExecutor.java:290)
	at com.kms.katalon.core.main.TestCaseExecutor.execute(TestCaseExecutor.java:224)
	at com.kms.katalon.core.main.TestSuiteExecutor.accessTestCaseMainPhase(TestSuiteExecutor.java:129)
	at com.kms.katalon.core.main.TestSuiteExecutor.accessTestSuiteMainPhase(TestSuiteExecutor.java:112)
	at com.kms.katalon.core.main.TestSuiteExecutor.execute(TestSuiteExecutor.java:81)
	at com.kms.katalon.core.main.TestCaseMain.startTestSuite(TestCaseMain.java:149)
	at com.kms.katalon.core.main.TestCaseMain$startTestSuite$0.call(Unknown Source)
	at TempTestSuite1584619233819.run(TempTestSuite1584619233819.groovy:36)
Caused by: org.openqa.selenium.WebDriverException: unknown error: Element <button type="button" class="Button-h8watj-0 jWworc trye76-1 btYWOg btn btn-primary" aria-haspopup="true" aria-expanded="false" id="product-lines" title="Select a Product Line" data-toggle="dropdown">...</button> is not clickable at point (187, 636). Other element would receive the click: <a href="tel:5558675309" class="sc-1dmd8vs-31 kWuInD">...</a>
  (Session info: chrome=80.0.3987.149)
  (Driver info: chromedriver=2.43.600210 (68dcf5eebde37173d4027fa8635e332711d2874a),platform=Windows NT 6.3.9600 x86_64) (WARNING: The server did not provide any stacktrace information)
Command duration or timeout: 0 milliseconds
Build info: version: '3.7.1', revision: '8a0099a', time: '2017-11-06T21:07:36.161Z'
System info: host: 'WIN-U215233FMVE', ip: '172.30.0.53', os.name: 'Windows Server 2012 R2', os.arch: 'amd64', os.version: '6.3', java.version: '1.8.0_181'
Driver info: com.kms.katalon.selenium.driver.CChromeDriver
Capabilities {acceptInsecureCerts: false, acceptSslCerts: false, applicationCacheEnabled: false, browserConnectionEnabled: false, browserName: chrome, chrome: {chromedriverVersion: 2.43.600210 (68dcf5eebde371..., userDataDir: C:\Users\ADMINI~1\AppData\L...}, cssSelectorsEnabled: true, databaseEnabled: false, goog:chromeOptions: {debuggerAddress: localhost:61385}, handlesAlerts: true, hasTouchScreen: true, javascriptEnabled: true, locationContextEnabled: true, mobileEmulationEnabled: true, nativeEvents: true, networkConnectionEnabled: false, pageLoadStrategy: normal, platform: XP, platformName: XP, rotatable: false, setWindowRect: true, takesHeapSnapshot: true, takesScreenshot: true, unexpectedAlertBehaviour: , unhandledPromptBehavior: , version: 80.0.3987.149, webStorageEnabled: true}
Session ID: 493e229fb49bd4660e2cf50d929db72a
	at org.openqa.selenium.remote.ErrorHandler.createThrowable(ErrorHandler.java:214)
	at org.openqa.selenium.remote.ErrorHandler.throwIfResponseFailed(ErrorHandler.java:166)
	at org.openqa.selenium.remote.http.JsonHttpResponseCodec.reconstructValue(JsonHttpResponseCodec.java:40)
	at org.openqa.selenium.remote.http.AbstractHttpResponseCodec.decode(AbstractHttpResponseCodec.java:80)
	at org.openqa.selenium.remote.http.AbstractHttpResponseCodec.decode(AbstractHttpResponseCodec.java:44)
	at org.openqa.selenium.remote.HttpCommandExecutor.execute(HttpCommandExecutor.java:164)
	at org.openqa.selenium.remote.service.DriverCommandExecutor.execute(DriverCommandExecutor.java:83)
	at org.openqa.selenium.remote.RemoteWebDriver.execute(RemoteWebDriver.java:600)
	at com.kms.katalon.selenium.driver.CChromeDriver.execute(CChromeDriver.java:20)
	at org.openqa.selenium.remote.RemoteWebElement.execute(RemoteWebElement.java:279)
	at org.openqa.selenium.remote.RemoteWebElement.click(RemoteWebElement.java:83)
	at com.thoughtworks.selenium.webdriven.commands.Click.handleSeleneseCommand(Click.java:40)
	at com.thoughtworks.selenium.webdriven.commands.Click.handleSeleneseCommand(Click.java:26)
	at com.thoughtworks.selenium.webdriven.SeleneseCommand.apply(SeleneseCommand.java:36)
	at com.thoughtworks.selenium.webdriven.Timer.run(Timer.java:41)
	at com.thoughtworks.selenium.webdriven.WebDriverCommandProcessor.execute(WebDriverCommandProcessor.java:150)
	at com.thoughtworks.selenium.webdriven.WebDriverCommandProcessor.doCommand(WebDriverCommandProcessor.java:76)
	at com.thoughtworks.selenium.DefaultSelenium.click(DefaultSelenium.java:198)
	at com.thoughtworks.selenium.Selenium$click.call(Unknown Source)
	at Script1583723920815.run(Script1583723920815.groovy:35)
	... 13 more]]></system-out>
         <system-err><![CDATA[2020-03-19 08:00:41 - [TEST_CASE][ERROR] - Test Cases/HIC/New/ACA: Test Cases/HIC/New/ACA FAILED.
Reason:
com.thoughtworks.selenium.SeleniumException: unknown error: Element <button type="button" class="Button-h8watj-0 jWworc trye76-1 btYWOg btn btn-primary" aria-haspopup="true" aria-expanded="false" id="product-lines" title="Select a Product Line" data-toggle="dropdown">...</button> is not clickable at point (187, 636). Other element would receive the click: <a href="tel:5558675309" class="sc-1dmd8vs-31 kWuInD">...</a>
  (Session info: chrome=80.0.3987.149)
  (Driver info: chromedriver=2.43.600210 (68dcf5eebde37173d4027fa8635e332711d2874a),platform=Windows NT 6.3.9600 x86_64) (WARNING: The server did not provide any stacktrace information)
Command duration or timeout: 0 milliseconds
Build info: version: '3.7.1', revision: '8a0099a', time: '2017-11-06T21:07:36.161Z'
System info: host: 'WIN-U215233FMVE', ip: '172.30.0.53', os.name: 'Windows Server 2012 R2', os.arch: 'amd64', os.version: '6.3', java.version: '1.8.0_181'
Driver info: com.kms.katalon.selenium.driver.CChromeDriver
Capabilities {acceptInsecureCerts: false, acceptSslCerts: false, applicationCacheEnabled: false, browserConnectionEnabled: false, browserName: chrome, chrome: {chromedriverVersion: 2.43.600210 (68dcf5eebde371..., userDataDir: C:\Users\ADMINI~1\AppData\L...}, cssSelectorsEnabled: true, databaseEnabled: false, goog:chromeOptions: {debuggerAddress: localhost:61385}, handlesAlerts: true, hasTouchScreen: true, javascriptEnabled: true, locationContextEnabled: true, mobileEmulationEnabled: true, nativeEvents: true, networkConnectionEnabled: false, pageLoadStrategy: normal, platform: XP, platformName: XP, rotatable: false, setWindowRect: true, takesHeapSnapshot: true, takesScreenshot: true, unexpectedAlertBehaviour: , unhandledPromptBehavior: , version: 80.0.3987.149, webStorageEnabled: true}
Session ID: 493e229fb49bd4660e2cf50d929db72a
	at com.thoughtworks.selenium.webdriven.SeleneseCommand.apply(SeleneseCommand.java:45)
	at com.thoughtworks.selenium.webdriven.Timer.run(Timer.java:41)
	at com.thoughtworks.selenium.webdriven.WebDriverCommandProcessor.execute(WebDriverCommandProcessor.java:150)
	at com.thoughtworks.selenium.webdriven.WebDriverCommandProcessor.doCommand(WebDriverCommandProcessor.java:76)
	at com.thoughtworks.selenium.DefaultSelenium.click(DefaultSelenium.java:198)
	at com.thoughtworks.selenium.Selenium$click.call(Unknown Source)
	at ACA.run(ACA:35)
	at com.kms.katalon.core.main.ScriptEngine.run(ScriptEngine.java:194)
	at com.kms.katalon.core.main.ScriptEngine.runScriptAsRawText(ScriptEngine.java:119)
	at com.kms.katalon.core.main.TestCaseExecutor.runScript(TestCaseExecutor.java:328)
	at com.kms.katalon.core.main.TestCaseExecutor.doExecute(TestCaseExecutor.java:319)
	at com.kms.katalon.core.main.TestCaseExecutor.processExecutionPhase(TestCaseExecutor.java:298)
	at com.kms.katalon.core.main.TestCaseExecutor.accessMainPhase(TestCaseExecutor.java:290)
	at com.kms.katalon.core.main.TestCaseExecutor.execute(TestCaseExecutor.java:224)
	at com.kms.katalon.core.main.TestSuiteExecutor.accessTestCaseMainPhase(TestSuiteExecutor.java:129)
	at com.kms.katalon.core.main.TestSuiteExecutor.accessTestSuiteMainPhase(TestSuiteExecutor.java:112)
	at com.kms.katalon.core.main.TestSuiteExecutor.execute(TestSuiteExecutor.java:81)
	at com.kms.katalon.core.main.TestCaseMain.startTestSuite(TestCaseMain.java:149)
	at com.kms.katalon.core.main.TestCaseMain$startTestSuite$0.call(Unknown Source)
	at TempTestSuite1584619233819.run(TempTestSuite1584619233819.groovy:36)
Caused by: org.openqa.selenium.WebDriverException: unknown error: Element <button type="button" class="Button-h8watj-0 jWworc trye76-1 btYWOg btn btn-primary" aria-haspopup="true" aria-expanded="false" id="product-lines" title="Select a Product Line" data-toggle="dropdown">...</button> is not clickable at point (187, 636). Other element would receive the click: <a href="tel:5558675309" class="sc-1dmd8vs-31 kWuInD">...</a>
  (Session info: chrome=80.0.3987.149)
  (Driver info: chromedriver=2.43.600210 (68dcf5eebde37173d4027fa8635e332711d2874a),platform=Windows NT 6.3.9600 x86_64) (WARNING: The server did not provide any stacktrace information)
Command duration or timeout: 0 milliseconds
Build info: version: '3.7.1', revision: '8a0099a', time: '2017-11-06T21:07:36.161Z'
System info: host: 'WIN-U215233FMVE', ip: '172.30.0.53', os.name: 'Windows Server 2012 R2', os.arch: 'amd64', os.version: '6.3', java.version: '1.8.0_181'
Driver info: com.kms.katalon.selenium.driver.CChromeDriver
Capabilities {acceptInsecureCerts: false, acceptSslCerts: false, applicationCacheEnabled: false, browserConnectionEnabled: false, browserName: chrome, chrome: {chromedriverVersion: 2.43.600210 (68dcf5eebde371..., userDataDir: C:\Users\ADMINI~1\AppData\L...}, cssSelectorsEnabled: true, databaseEnabled: false, goog:chromeOptions: {debuggerAddress: localhost:61385}, handlesAlerts: true, hasTouchScreen: true, javascriptEnabled: true, locationContextEnabled: true, mobileEmulationEnabled: true, nativeEvents: true, networkConnectionEnabled: false, pageLoadStrategy: normal, platform: XP, platformName: XP, rotatable: false, setWindowRect: true, takesHeapSnapshot: true, takesScreenshot: true, unexpectedAlertBehaviour: , unhandledPromptBehavior: , version: 80.0.3987.149, webStorageEnabled: true}
Session ID: 493e229fb49bd4660e2cf50d929db72a
	at org.openqa.selenium.remote.ErrorHandler.createThrowable(ErrorHandler.java:214)
	at org.openqa.selenium.remote.ErrorHandler.throwIfResponseFailed(ErrorHandler.java:166)
	at org.openqa.selenium.remote.http.JsonHttpResponseCodec.reconstructValue(JsonHttpResponseCodec.java:40)
	at org.openqa.selenium.remote.http.AbstractHttpResponseCodec.decode(AbstractHttpResponseCodec.java:80)
	at org.openqa.selenium.remote.http.AbstractHttpResponseCodec.decode(AbstractHttpResponseCodec.java:44)
	at org.openqa.selenium.remote.HttpCommandExecutor.execute(HttpCommandExecutor.java:164)
	at org.openqa.selenium.remote.service.DriverCommandExecutor.execute(DriverCommandExecutor.java:83)
	at org.openqa.selenium.remote.RemoteWebDriver.execute(RemoteWebDriver.java:600)
	at com.kms.katalon.selenium.driver.CChromeDriver.execute(CChromeDriver.java:20)
	at org.openqa.selenium.remote.RemoteWebElement.execute(RemoteWebElement.java:279)
	at org.openqa.selenium.remote.RemoteWebElement.click(RemoteWebElement.java:83)
	at com.thoughtworks.selenium.webdriven.commands.Click.handleSeleneseCommand(Click.java:40)
	at com.thoughtworks.selenium.webdriven.commands.Click.handleSeleneseCommand(Click.java:26)
	at com.thoughtworks.selenium.webdriven.SeleneseCommand.apply(SeleneseCommand.java:36)
	at com.thoughtworks.selenium.webdriven.Timer.run(Timer.java:41)
	at com.thoughtworks.selenium.webdriven.WebDriverCommandProcessor.execute(WebDriverCommandProcessor.java:150)
	at com.thoughtworks.selenium.webdriven.WebDriverCommandProcessor.doCommand(WebDriverCommandProcessor.java:76)
	at com.thoughtworks.selenium.DefaultSelenium.click(DefaultSelenium.java:198)
	at com.thoughtworks.selenium.Selenium$click.call(Unknown Source)
	at Script1583723920815.run(Script1583723920815.groovy:35)
	... 13 more]]></system-err>
      </testcase>
      <testcase name="Test Cases/HIC/New/Cancer" classname="Test Cases/HIC/New/Cancer" status="ERROR">
         <error type="ERROR" message="Test Cases/HIC/New/Cancer FAILED.
Reason:
com.thoughtworks.selenium.SeleniumException: unknown error: Element &lt;button type=&quot;button&quot; class=&quot;Button-h8watj-0 jWworc trye76-1 btYWOg btn btn-primary&quot; aria-haspopup=&quot;true&quot; aria-expanded=&quot;false&quot; id=&quot;product-lines&quot; title=&quot;Select a Product Line&quot; data-toggle=&quot;dropdown&quot;>...&lt;/button> is not clickable at point (187, 636). Other element would receive the click: &lt;a href=&quot;tel:5558675309&quot; class=&quot;sc-1dmd8vs-31 kWuInD&quot;>...&lt;/a>
  (Session info: chrome=80.0.3987.149)
  (Driver info: chromedriver=2.43.600210 (68dcf5eebde37173d4027fa8635e332711d2874a),platform=Windows NT 6.3.9600 x86_64) (WARNING: The server did not provide any stacktrace information)
Command duration or timeout: 0 milliseconds
Build info: version: '3.7.1', revision: '8a0099a', time: '2017-11-06T21:07:36.161Z'
System info: host: 'WIN-U215233FMVE', ip: '172.30.0.53', os.name: 'Windows Server 2012 R2', os.arch: 'amd64', os.version: '6.3', java.version: '1.8.0_181'
Driver info: com.kms.katalon.selenium.driver.CChromeDriver
Capabilities {acceptInsecureCerts: false, acceptSslCerts: false, applicationCacheEnabled: false, browserConnectionEnabled: false, browserName: chrome, chrome: {chromedriverVersion: 2.43.600210 (68dcf5eebde371..., userDataDir: C:\Users\ADMINI~1\AppData\L...}, cssSelectorsEnabled: true, databaseEnabled: false, goog:chromeOptions: {debuggerAddress: localhost:61559}, handlesAlerts: true, hasTouchScreen: true, javascriptEnabled: true, locationContextEnabled: true, mobileEmulationEnabled: true, nativeEvents: true, networkConnectionEnabled: false, pageLoadStrategy: normal, platform: XP, platformName: XP, rotatable: false, setWindowRect: true, takesHeapSnapshot: true, takesScreenshot: true, unexpectedAlertBehaviour: , unhandledPromptBehavior: , version: 80.0.3987.149, webStorageEnabled: true}
Session ID: 56ce64e9b69bd2d21cb816c326d4f81d
	at com.thoughtworks.selenium.webdriven.SeleneseCommand.apply(SeleneseCommand.java:45)
	at com.thoughtworks.selenium.webdriven.Timer.run(Timer.java:41)
	at com.thoughtworks.selenium.webdriven.WebDriverCommandProcessor.execute(WebDriverCommandProcessor.java:150)
	at com.thoughtworks.selenium.webdriven.WebDriverCommandProcessor.doCommand(WebDriverCommandProcessor.java:76)
	at com.thoughtworks.selenium.DefaultSelenium.click(DefaultSelenium.java:198)
	at com.thoughtworks.selenium.Selenium$click.call(Unknown Source)
	at Cancer.run(Cancer:35)
	at com.kms.katalon.core.main.ScriptEngine.run(ScriptEngine.java:194)
	at com.kms.katalon.core.main.ScriptEngine.runScriptAsRawText(ScriptEngine.java:119)
	at com.kms.katalon.core.main.TestCaseExecutor.runScript(TestCaseExecutor.java:328)
	at com.kms.katalon.core.main.TestCaseExecutor.doExecute(TestCaseExecutor.java:319)
	at com.kms.katalon.core.main.TestCaseExecutor.processExecutionPhase(TestCaseExecutor.java:298)
	at com.kms.katalon.core.main.TestCaseExecutor.accessMainPhase(TestCaseExecutor.java:290)
	at com.kms.katalon.core.main.TestCaseExecutor.execute(TestCaseExecutor.java:224)
	at com.kms.katalon.core.main.TestSuiteExecutor.accessTestCaseMainPhase(TestSuiteExecutor.java:129)
	at com.kms.katalon.core.main.TestSuiteExecutor.accessTestSuiteMainPhase(TestSuiteExecutor.java:112)
	at com.kms.katalon.core.main.TestSuiteExecutor.execute(TestSuiteExecutor.java:81)
	at com.kms.katalon.core.main.TestCaseMain.startTestSuite(TestCaseMain.java:149)
	at com.kms.katalon.core.main.TestCaseMain$startTestSuite$0.call(Unknown Source)
	at TempTestSuite1584619233819.run(TempTestSuite1584619233819.groovy:36)
Caused by: org.openqa.selenium.WebDriverException: unknown error: Element &lt;button type=&quot;button&quot; class=&quot;Button-h8watj-0 jWworc trye76-1 btYWOg btn btn-primary&quot; aria-haspopup=&quot;true&quot; aria-expanded=&quot;false&quot; id=&quot;product-lines&quot; title=&quot;Select a Product Line&quot; data-toggle=&quot;dropdown&quot;>...&lt;/button> is not clickable at point (187, 636). Other element would receive the click: &lt;a href=&quot;tel:5558675309&quot; class=&quot;sc-1dmd8vs-31 kWuInD&quot;>...&lt;/a>
  (Session info: chrome=80.0.3987.149)
  (Driver info: chromedriver=2.43.600210 (68dcf5eebde37173d4027fa8635e332711d2874a),platform=Windows NT 6.3.9600 x86_64) (WARNING: The server did not provide any stacktrace information)
Command duration or timeout: 0 milliseconds
Build info: version: '3.7.1', revision: '8a0099a', time: '2017-11-06T21:07:36.161Z'
System info: host: 'WIN-U215233FMVE', ip: '172.30.0.53', os.name: 'Windows Server 2012 R2', os.arch: 'amd64', os.version: '6.3', java.version: '1.8.0_181'
Driver info: com.kms.katalon.selenium.driver.CChromeDriver
Capabilities {acceptInsecureCerts: false, acceptSslCerts: false, applicationCacheEnabled: false, browserConnectionEnabled: false, browserName: chrome, chrome: {chromedriverVersion: 2.43.600210 (68dcf5eebde371..., userDataDir: C:\Users\ADMINI~1\AppData\L...}, cssSelectorsEnabled: true, databaseEnabled: false, goog:chromeOptions: {debuggerAddress: localhost:61559}, handlesAlerts: true, hasTouchScreen: true, javascriptEnabled: true, locationContextEnabled: true, mobileEmulationEnabled: true, nativeEvents: true, networkConnectionEnabled: false, pageLoadStrategy: normal, platform: XP, platformName: XP, rotatable: false, setWindowRect: true, takesHeapSnapshot: true, takesScreenshot: true, unexpectedAlertBehaviour: , unhandledPromptBehavior: , version: 80.0.3987.149, webStorageEnabled: true}
Session ID: 56ce64e9b69bd2d21cb816c326d4f81d
	at org.openqa.selenium.remote.ErrorHandler.createThrowable(ErrorHandler.java:214)
	at org.openqa.selenium.remote.ErrorHandler.throwIfResponseFailed(ErrorHandler.java:166)
	at org.openqa.selenium.remote.http.JsonHttpResponseCodec.reconstructValue(JsonHttpResponseCodec.java:40)
	at org.openqa.selenium.remote.http.AbstractHttpResponseCodec.decode(AbstractHttpResponseCodec.java:80)
	at org.openqa.selenium.remote.http.AbstractHttpResponseCodec.decode(AbstractHttpResponseCodec.java:44)
	at org.openqa.selenium.remote.HttpCommandExecutor.execute(HttpCommandExecutor.java:164)
	at org.openqa.selenium.remote.service.DriverCommandExecutor.execute(DriverCommandExecutor.java:83)
	at org.openqa.selenium.remote.RemoteWebDriver.execute(RemoteWebDriver.java:600)
	at com.kms.katalon.selenium.driver.CChromeDriver.execute(CChromeDriver.java:20)
	at org.openqa.selenium.remote.RemoteWebElement.execute(RemoteWebElement.java:279)
	at org.openqa.selenium.remote.RemoteWebElement.click(RemoteWebElement.java:83)
	at com.thoughtworks.selenium.webdriven.commands.Click.handleSeleneseCommand(Click.java:40)
	at com.thoughtworks.selenium.webdriven.commands.Click.handleSeleneseCommand(Click.java:26)
	at com.thoughtworks.selenium.webdriven.SeleneseCommand.apply(SeleneseCommand.java:36)
	at com.thoughtworks.selenium.webdriven.Timer.run(Timer.java:41)
	at com.thoughtworks.selenium.webdriven.WebDriverCommandProcessor.execute(WebDriverCommandProcessor.java:150)
	at com.thoughtworks.selenium.webdriven.WebDriverCommandProcessor.doCommand(WebDriverCommandProcessor.java:76)
	at com.thoughtworks.selenium.DefaultSelenium.click(DefaultSelenium.java:198)
	at com.thoughtworks.selenium.Selenium$click.call(Unknown Source)
	at Script1583724604507.run(Script1583724604507.groovy:35)
	... 13 more
"/>
         <system-out><![CDATA[2020-03-19 08:01:07 - [TEST_CASE][ERROR] - Test Cases/HIC/New/Cancer: Test Cases/HIC/New/Cancer FAILED.
Reason:
com.thoughtworks.selenium.SeleniumException: unknown error: Element <button type="button" class="Button-h8watj-0 jWworc trye76-1 btYWOg btn btn-primary" aria-haspopup="true" aria-expanded="false" id="product-lines" title="Select a Product Line" data-toggle="dropdown">...</button> is not clickable at point (187, 636). Other element would receive the click: <a href="tel:5558675309" class="sc-1dmd8vs-31 kWuInD">...</a>
  (Session info: chrome=80.0.3987.149)
  (Driver info: chromedriver=2.43.600210 (68dcf5eebde37173d4027fa8635e332711d2874a),platform=Windows NT 6.3.9600 x86_64) (WARNING: The server did not provide any stacktrace information)
Command duration or timeout: 0 milliseconds
Build info: version: '3.7.1', revision: '8a0099a', time: '2017-11-06T21:07:36.161Z'
System info: host: 'WIN-U215233FMVE', ip: '172.30.0.53', os.name: 'Windows Server 2012 R2', os.arch: 'amd64', os.version: '6.3', java.version: '1.8.0_181'
Driver info: com.kms.katalon.selenium.driver.CChromeDriver
Capabilities {acceptInsecureCerts: false, acceptSslCerts: false, applicationCacheEnabled: false, browserConnectionEnabled: false, browserName: chrome, chrome: {chromedriverVersion: 2.43.600210 (68dcf5eebde371..., userDataDir: C:\Users\ADMINI~1\AppData\L...}, cssSelectorsEnabled: true, databaseEnabled: false, goog:chromeOptions: {debuggerAddress: localhost:61559}, handlesAlerts: true, hasTouchScreen: true, javascriptEnabled: true, locationContextEnabled: true, mobileEmulationEnabled: true, nativeEvents: true, networkConnectionEnabled: false, pageLoadStrategy: normal, platform: XP, platformName: XP, rotatable: false, setWindowRect: true, takesHeapSnapshot: true, takesScreenshot: true, unexpectedAlertBehaviour: , unhandledPromptBehavior: , version: 80.0.3987.149, webStorageEnabled: true}
Session ID: 56ce64e9b69bd2d21cb816c326d4f81d
	at com.thoughtworks.selenium.webdriven.SeleneseCommand.apply(SeleneseCommand.java:45)
	at com.thoughtworks.selenium.webdriven.Timer.run(Timer.java:41)
	at com.thoughtworks.selenium.webdriven.WebDriverCommandProcessor.execute(WebDriverCommandProcessor.java:150)
	at com.thoughtworks.selenium.webdriven.WebDriverCommandProcessor.doCommand(WebDriverCommandProcessor.java:76)
	at com.thoughtworks.selenium.DefaultSelenium.click(DefaultSelenium.java:198)
	at com.thoughtworks.selenium.Selenium$click.call(Unknown Source)
	at Cancer.run(Cancer:35)
	at com.kms.katalon.core.main.ScriptEngine.run(ScriptEngine.java:194)
	at com.kms.katalon.core.main.ScriptEngine.runScriptAsRawText(ScriptEngine.java:119)
	at com.kms.katalon.core.main.TestCaseExecutor.runScript(TestCaseExecutor.java:328)
	at com.kms.katalon.core.main.TestCaseExecutor.doExecute(TestCaseExecutor.java:319)
	at com.kms.katalon.core.main.TestCaseExecutor.processExecutionPhase(TestCaseExecutor.java:298)
	at com.kms.katalon.core.main.TestCaseExecutor.accessMainPhase(TestCaseExecutor.java:290)
	at com.kms.katalon.core.main.TestCaseExecutor.execute(TestCaseExecutor.java:224)
	at com.kms.katalon.core.main.TestSuiteExecutor.accessTestCaseMainPhase(TestSuiteExecutor.java:129)
	at com.kms.katalon.core.main.TestSuiteExecutor.accessTestSuiteMainPhase(TestSuiteExecutor.java:112)
	at com.kms.katalon.core.main.TestSuiteExecutor.execute(TestSuiteExecutor.java:81)
	at com.kms.katalon.core.main.TestCaseMain.startTestSuite(TestCaseMain.java:149)
	at com.kms.katalon.core.main.TestCaseMain$startTestSuite$0.call(Unknown Source)
	at TempTestSuite1584619233819.run(TempTestSuite1584619233819.groovy:36)
Caused by: org.openqa.selenium.WebDriverException: unknown error: Element <button type="button" class="Button-h8watj-0 jWworc trye76-1 btYWOg btn btn-primary" aria-haspopup="true" aria-expanded="false" id="product-lines" title="Select a Product Line" data-toggle="dropdown">...</button> is not clickable at point (187, 636). Other element would receive the click: <a href="tel:5558675309" class="sc-1dmd8vs-31 kWuInD">...</a>
  (Session info: chrome=80.0.3987.149)
  (Driver info: chromedriver=2.43.600210 (68dcf5eebde37173d4027fa8635e332711d2874a),platform=Windows NT 6.3.9600 x86_64) (WARNING: The server did not provide any stacktrace information)
Command duration or timeout: 0 milliseconds
Build info: version: '3.7.1', revision: '8a0099a', time: '2017-11-06T21:07:36.161Z'
System info: host: 'WIN-U215233FMVE', ip: '172.30.0.53', os.name: 'Windows Server 2012 R2', os.arch: 'amd64', os.version: '6.3', java.version: '1.8.0_181'
Driver info: com.kms.katalon.selenium.driver.CChromeDriver
Capabilities {acceptInsecureCerts: false, acceptSslCerts: false, applicationCacheEnabled: false, browserConnectionEnabled: false, browserName: chrome, chrome: {chromedriverVersion: 2.43.600210 (68dcf5eebde371..., userDataDir: C:\Users\ADMINI~1\AppData\L...}, cssSelectorsEnabled: true, databaseEnabled: false, goog:chromeOptions: {debuggerAddress: localhost:61559}, handlesAlerts: true, hasTouchScreen: true, javascriptEnabled: true, locationContextEnabled: true, mobileEmulationEnabled: true, nativeEvents: true, networkConnectionEnabled: false, pageLoadStrategy: normal, platform: XP, platformName: XP, rotatable: false, setWindowRect: true, takesHeapSnapshot: true, takesScreenshot: true, unexpectedAlertBehaviour: , unhandledPromptBehavior: , version: 80.0.3987.149, webStorageEnabled: true}
Session ID: 56ce64e9b69bd2d21cb816c326d4f81d
	at org.openqa.selenium.remote.ErrorHandler.createThrowable(ErrorHandler.java:214)
	at org.openqa.selenium.remote.ErrorHandler.throwIfResponseFailed(ErrorHandler.java:166)
	at org.openqa.selenium.remote.http.JsonHttpResponseCodec.reconstructValue(JsonHttpResponseCodec.java:40)
	at org.openqa.selenium.remote.http.AbstractHttpResponseCodec.decode(AbstractHttpResponseCodec.java:80)
	at org.openqa.selenium.remote.http.AbstractHttpResponseCodec.decode(AbstractHttpResponseCodec.java:44)
	at org.openqa.selenium.remote.HttpCommandExecutor.execute(HttpCommandExecutor.java:164)
	at org.openqa.selenium.remote.service.DriverCommandExecutor.execute(DriverCommandExecutor.java:83)
	at org.openqa.selenium.remote.RemoteWebDriver.execute(RemoteWebDriver.java:600)
	at com.kms.katalon.selenium.driver.CChromeDriver.execute(CChromeDriver.java:20)
	at org.openqa.selenium.remote.RemoteWebElement.execute(RemoteWebElement.java:279)
	at org.openqa.selenium.remote.RemoteWebElement.click(RemoteWebElement.java:83)
	at com.thoughtworks.selenium.webdriven.commands.Click.handleSeleneseCommand(Click.java:40)
	at com.thoughtworks.selenium.webdriven.commands.Click.handleSeleneseCommand(Click.java:26)
	at com.thoughtworks.selenium.webdriven.SeleneseCommand.apply(SeleneseCommand.java:36)
	at com.thoughtworks.selenium.webdriven.Timer.run(Timer.java:41)
	at com.thoughtworks.selenium.webdriven.WebDriverCommandProcessor.execute(WebDriverCommandProcessor.java:150)
	at com.thoughtworks.selenium.webdriven.WebDriverCommandProcessor.doCommand(WebDriverCommandProcessor.java:76)
	at com.thoughtworks.selenium.DefaultSelenium.click(DefaultSelenium.java:198)
	at com.thoughtworks.selenium.Selenium$click.call(Unknown Source)
	at Script1583724604507.run(Script1583724604507.groovy:35)
	... 13 more


2020-03-19 08:01:08 - [TEST_STEP][PASSED] - callTestCase(findTestCase("HIC/_include/get_hicScreenPath"), ["project":"HIC", "productLine":"Cancer", "carrierName":"Cancer"], CONTINUE_ON_FAILURE): Call Test Case 'Test Cases/HIC/_include/get_hicScreenPath' successfully

2020-03-19 08:01:09 - [TEST_CASE][PASSED] - Test Cases/HIC/_include/get_hicScreenPath: Test Cases/HIC/_include/get_hicScreenPath

2020-03-19 08:01:09 - [TEST_STEP][PASSED] - m = getExecutionProperties(): null

2020-03-19 08:01:09 - [TEST_STEP][PASSED] - deviceName = get("mobileEmulation").get("deviceName"): null

2020-03-19 08:01:09 - [TEST_STEP][PASSED] - println(deviceName): null

2020-03-19 08:01:09 - [TEST_STEP][PASSED] - now = new java.util.Date(): null

2020-03-19 08:01:09 - [TEST_STEP][PASSED] - mydate = now.format("yyyyMMdd_HHmmss"): null

2020-03-19 08:01:09 - [TEST_STEP][PASSED] - screenPath = "../Screenshots/": null

2020-03-19 08:01:09 - [TEST_STEP][PASSED] - screenPath = screenPath + deviceName + "/" + project + "/" + productLine + "/" + carrierName + "/" + mydate + "/": null

2020-03-19 08:01:09 - [TEST_STEP][PASSED] - println(screenPath): null

2020-03-19 08:01:09 - [MESSAGE][PASSED] - Call Test Case 'Test Cases/HIC/_include/get_hicScreenPath' successfully

2020-03-19 08:01:09 - [TEST_STEP][PASSED] - i = 0: null

2020-03-19 08:01:09 - [TEST_STEP][PASSED] - callTestCase(findTestCase("AHI/_include/openWebSite"), ["env":env], CONTINUE_ON_FAILURE): Call Test Case 'Test Cases/AHI/_include/openWebSite' successfully

2020-03-19 08:01:09 - [TEST_CASE][PASSED] - Test Cases/AHI/_include/openWebSite: Test Cases/AHI/_include/openWebSite

2020-03-19 08:01:09 - [TEST_STEP][PASSED] - openBrowser(env): Browser is opened with url: 'https://qa.healthinsurance.com'

2020-03-19 08:01:09 - [MESSAGE][WARNING] - A browser is already opened. Closing browser and opening a new one

2020-03-19 08:01:12 - [MESSAGE][INFO] - Starting 'Chrome' driver

2020-03-19 08:01:12 - [MESSAGE][INFO] - User set preference: ['mobileEmulation', '{deviceName=iPhone 6}']

2020-03-19 08:01:12 - [MESSAGE][INFO] - User set preference: ['args', '[--incognito, --aggressive-cache-discard, --window-size=375,677, --no-sandbox, --ignore-certificate-errors]']

2020-03-19 08:01:22 - [MESSAGE][PASSED] - Browser is opened with url: 'https://qa.healthinsurance.com'

2020-03-19 08:01:22 - [TEST_STEP][PASSED] - waitForPageLoad(20): Wait for page load successfully

2020-03-19 08:01:22 - [MESSAGE][PASSED] - Wait for page load successfully

2020-03-19 08:01:22 - [TEST_STEP][PASSED] - callTestCase(findTestCase("AHI/_include/get_screenshot"), [:], STOP_ON_FAILURE): Call Test Case 'Test Cases/AHI/_include/get_screenshot' successfully

2020-03-19 08:01:22 - [TEST_CASE][PASSED] - Test Cases/AHI/_include/get_screenshot: Test Cases/AHI/_include/get_screenshot

2020-03-19 08:01:22 - [TEST_STEP][PASSED] - Thread.sleep(1000): null

2020-03-19 08:01:25 - [TEST_STEP][PASSED] - takeScreenshot(screenPath + i + ".png"): Taking screenshot successfully

2020-03-19 08:01:26 - [MESSAGE][PASSED] - Taking screenshot successfully
[[ATTACHMENT|D:\\Test\\AgileTest\\Reports\\HIC\\hic\\20200319_080033\\../Screenshots/iPhone 6/HIC/Cancer/Cancer/20200319_080109/0.png]]

2020-03-19 08:01:26 - [TEST_STEP][PASSED] - (internal.GlobalVariable.i++): null

2020-03-19 08:01:26 - [MESSAGE][PASSED] - Call Test Case 'Test Cases/AHI/_include/get_screenshot' successfully

2020-03-19 08:01:26 - [MESSAGE][PASSED] - Call Test Case 'Test Cases/AHI/_include/openWebSite' successfully

2020-03-19 08:01:26 - [TEST_STEP][PASSED] - driver = getWebDriver(): null

2020-03-19 08:01:26 - [TEST_STEP][PASSED] - baseUrl = env: null

2020-03-19 08:01:26 - [TEST_STEP][PASSED] - selenium = new com.thoughtworks.selenium.webdriven.WebDriverBackedSelenium(driver, baseUrl): null

2020-03-19 08:01:27 - [TEST_STEP][ERROR] - selenium.click("id=product-lines"): selenium.click("id=product-lines") FAILED.
Reason:
com.thoughtworks.selenium.SeleniumException: unknown error: Element <button type="button" class="Button-h8watj-0 jWworc trye76-1 btYWOg btn btn-primary" aria-haspopup="true" aria-expanded="false" id="product-lines" title="Select a Product Line" data-toggle="dropdown">...</button> is not clickable at point (187, 636). Other element would receive the click: <a href="tel:5558675309" class="sc-1dmd8vs-31 kWuInD">...</a>
  (Session info: chrome=80.0.3987.149)
  (Driver info: chromedriver=2.43.600210 (68dcf5eebde37173d4027fa8635e332711d2874a),platform=Windows NT 6.3.9600 x86_64) (WARNING: The server did not provide any stacktrace information)
Command duration or timeout: 0 milliseconds
Build info: version: '3.7.1', revision: '8a0099a', time: '2017-11-06T21:07:36.161Z'
System info: host: 'WIN-U215233FMVE', ip: '172.30.0.53', os.name: 'Windows Server 2012 R2', os.arch: 'amd64', os.version: '6.3', java.version: '1.8.0_181'
Driver info: com.kms.katalon.selenium.driver.CChromeDriver
Capabilities {acceptInsecureCerts: false, acceptSslCerts: false, applicationCacheEnabled: false, browserConnectionEnabled: false, browserName: chrome, chrome: {chromedriverVersion: 2.43.600210 (68dcf5eebde371..., userDataDir: C:\Users\ADMINI~1\AppData\L...}, cssSelectorsEnabled: true, databaseEnabled: false, goog:chromeOptions: {debuggerAddress: localhost:61559}, handlesAlerts: true, hasTouchScreen: true, javascriptEnabled: true, locationContextEnabled: true, mobileEmulationEnabled: true, nativeEvents: true, networkConnectionEnabled: false, pageLoadStrategy: normal, platform: XP, platformName: XP, rotatable: false, setWindowRect: true, takesHeapSnapshot: true, takesScreenshot: true, unexpectedAlertBehaviour: , unhandledPromptBehavior: , version: 80.0.3987.149, webStorageEnabled: true}
Session ID: 56ce64e9b69bd2d21cb816c326d4f81d
	at com.thoughtworks.selenium.webdriven.SeleneseCommand.apply(SeleneseCommand.java:45)
	at com.thoughtworks.selenium.webdriven.Timer.run(Timer.java:41)
	at com.thoughtworks.selenium.webdriven.WebDriverCommandProcessor.execute(WebDriverCommandProcessor.java:150)
	at com.thoughtworks.selenium.webdriven.WebDriverCommandProcessor.doCommand(WebDriverCommandProcessor.java:76)
	at com.thoughtworks.selenium.DefaultSelenium.click(DefaultSelenium.java:198)
	at com.thoughtworks.selenium.Selenium$click.call(Unknown Source)
	at Cancer.run(Cancer:35)
	at com.kms.katalon.core.main.ScriptEngine.run(ScriptEngine.java:194)
	at com.kms.katalon.core.main.ScriptEngine.runScriptAsRawText(ScriptEngine.java:119)
	at com.kms.katalon.core.main.TestCaseExecutor.runScript(TestCaseExecutor.java:328)
	at com.kms.katalon.core.main.TestCaseExecutor.doExecute(TestCaseExecutor.java:319)
	at com.kms.katalon.core.main.TestCaseExecutor.processExecutionPhase(TestCaseExecutor.java:298)
	at com.kms.katalon.core.main.TestCaseExecutor.accessMainPhase(TestCaseExecutor.java:290)
	at com.kms.katalon.core.main.TestCaseExecutor.execute(TestCaseExecutor.java:224)
	at com.kms.katalon.core.main.TestSuiteExecutor.accessTestCaseMainPhase(TestSuiteExecutor.java:129)
	at com.kms.katalon.core.main.TestSuiteExecutor.accessTestSuiteMainPhase(TestSuiteExecutor.java:112)
	at com.kms.katalon.core.main.TestSuiteExecutor.execute(TestSuiteExecutor.java:81)
	at com.kms.katalon.core.main.TestCaseMain.startTestSuite(TestCaseMain.java:149)
	at com.kms.katalon.core.main.TestCaseMain$startTestSuite$0.call(Unknown Source)
	at TempTestSuite1584619233819.run(TempTestSuite1584619233819.groovy:36)
Caused by: org.openqa.selenium.WebDriverException: unknown error: Element <button type="button" class="Button-h8watj-0 jWworc trye76-1 btYWOg btn btn-primary" aria-haspopup="true" aria-expanded="false" id="product-lines" title="Select a Product Line" data-toggle="dropdown">...</button> is not clickable at point (187, 636). Other element would receive the click: <a href="tel:5558675309" class="sc-1dmd8vs-31 kWuInD">...</a>
  (Session info: chrome=80.0.3987.149)
  (Driver info: chromedriver=2.43.600210 (68dcf5eebde37173d4027fa8635e332711d2874a),platform=Windows NT 6.3.9600 x86_64) (WARNING: The server did not provide any stacktrace information)
Command duration or timeout: 0 milliseconds
Build info: version: '3.7.1', revision: '8a0099a', time: '2017-11-06T21:07:36.161Z'
System info: host: 'WIN-U215233FMVE', ip: '172.30.0.53', os.name: 'Windows Server 2012 R2', os.arch: 'amd64', os.version: '6.3', java.version: '1.8.0_181'
Driver info: com.kms.katalon.selenium.driver.CChromeDriver
Capabilities {acceptInsecureCerts: false, acceptSslCerts: false, applicationCacheEnabled: false, browserConnectionEnabled: false, browserName: chrome, chrome: {chromedriverVersion: 2.43.600210 (68dcf5eebde371..., userDataDir: C:\Users\ADMINI~1\AppData\L...}, cssSelectorsEnabled: true, databaseEnabled: false, goog:chromeOptions: {debuggerAddress: localhost:61559}, handlesAlerts: true, hasTouchScreen: true, javascriptEnabled: true, locationContextEnabled: true, mobileEmulationEnabled: true, nativeEvents: true, networkConnectionEnabled: false, pageLoadStrategy: normal, platform: XP, platformName: XP, rotatable: false, setWindowRect: true, takesHeapSnapshot: true, takesScreenshot: true, unexpectedAlertBehaviour: , unhandledPromptBehavior: , version: 80.0.3987.149, webStorageEnabled: true}
Session ID: 56ce64e9b69bd2d21cb816c326d4f81d
	at org.openqa.selenium.remote.ErrorHandler.createThrowable(ErrorHandler.java:214)
	at org.openqa.selenium.remote.ErrorHandler.throwIfResponseFailed(ErrorHandler.java:166)
	at org.openqa.selenium.remote.http.JsonHttpResponseCodec.reconstructValue(JsonHttpResponseCodec.java:40)
	at org.openqa.selenium.remote.http.AbstractHttpResponseCodec.decode(AbstractHttpResponseCodec.java:80)
	at org.openqa.selenium.remote.http.AbstractHttpResponseCodec.decode(AbstractHttpResponseCodec.java:44)
	at org.openqa.selenium.remote.HttpCommandExecutor.execute(HttpCommandExecutor.java:164)
	at org.openqa.selenium.remote.service.DriverCommandExecutor.execute(DriverCommandExecutor.java:83)
	at org.openqa.selenium.remote.RemoteWebDriver.execute(RemoteWebDriver.java:600)
	at com.kms.katalon.selenium.driver.CChromeDriver.execute(CChromeDriver.java:20)
	at org.openqa.selenium.remote.RemoteWebElement.execute(RemoteWebElement.java:279)
	at org.openqa.selenium.remote.RemoteWebElement.click(RemoteWebElement.java:83)
	at com.thoughtworks.selenium.webdriven.commands.Click.handleSeleneseCommand(Click.java:40)
	at com.thoughtworks.selenium.webdriven.commands.Click.handleSeleneseCommand(Click.java:26)
	at com.thoughtworks.selenium.webdriven.SeleneseCommand.apply(SeleneseCommand.java:36)
	at com.thoughtworks.selenium.webdriven.Timer.run(Timer.java:41)
	at com.thoughtworks.selenium.webdriven.WebDriverCommandProcessor.execute(WebDriverCommandProcessor.java:150)
	at com.thoughtworks.selenium.webdriven.WebDriverCommandProcessor.doCommand(WebDriverCommandProcessor.java:76)
	at com.thoughtworks.selenium.DefaultSelenium.click(DefaultSelenium.java:198)
	at com.thoughtworks.selenium.Selenium$click.call(Unknown Source)
	at Script1583724604507.run(Script1583724604507.groovy:35)
	... 13 more


2020-03-19 08:01:28 - [MESSAGE][ERROR] - selenium.click("id=product-lines") FAILED.
Reason:
com.thoughtworks.selenium.SeleniumException: unknown error: Element <button type="button" class="Button-h8watj-0 jWworc trye76-1 btYWOg btn btn-primary" aria-haspopup="true" aria-expanded="false" id="product-lines" title="Select a Product Line" data-toggle="dropdown">...</button> is not clickable at point (187, 636). Other element would receive the click: <a href="tel:5558675309" class="sc-1dmd8vs-31 kWuInD">...</a>
  (Session info: chrome=80.0.3987.149)
  (Driver info: chromedriver=2.43.600210 (68dcf5eebde37173d4027fa8635e332711d2874a),platform=Windows NT 6.3.9600 x86_64) (WARNING: The server did not provide any stacktrace information)
Command duration or timeout: 0 milliseconds
Build info: version: '3.7.1', revision: '8a0099a', time: '2017-11-06T21:07:36.161Z'
System info: host: 'WIN-U215233FMVE', ip: '172.30.0.53', os.name: 'Windows Server 2012 R2', os.arch: 'amd64', os.version: '6.3', java.version: '1.8.0_181'
Driver info: com.kms.katalon.selenium.driver.CChromeDriver
Capabilities {acceptInsecureCerts: false, acceptSslCerts: false, applicationCacheEnabled: false, browserConnectionEnabled: false, browserName: chrome, chrome: {chromedriverVersion: 2.43.600210 (68dcf5eebde371..., userDataDir: C:\Users\ADMINI~1\AppData\L...}, cssSelectorsEnabled: true, databaseEnabled: false, goog:chromeOptions: {debuggerAddress: localhost:61559}, handlesAlerts: true, hasTouchScreen: true, javascriptEnabled: true, locationContextEnabled: true, mobileEmulationEnabled: true, nativeEvents: true, networkConnectionEnabled: false, pageLoadStrategy: normal, platform: XP, platformName: XP, rotatable: false, setWindowRect: true, takesHeapSnapshot: true, takesScreenshot: true, unexpectedAlertBehaviour: , unhandledPromptBehavior: , version: 80.0.3987.149, webStorageEnabled: true}
Session ID: 56ce64e9b69bd2d21cb816c326d4f81d
	at com.thoughtworks.selenium.webdriven.SeleneseCommand.apply(SeleneseCommand.java:45)
	at com.thoughtworks.selenium.webdriven.Timer.run(Timer.java:41)
	at com.thoughtworks.selenium.webdriven.WebDriverCommandProcessor.execute(WebDriverCommandProcessor.java:150)
	at com.thoughtworks.selenium.webdriven.WebDriverCommandProcessor.doCommand(WebDriverCommandProcessor.java:76)
	at com.thoughtworks.selenium.DefaultSelenium.click(DefaultSelenium.java:198)
	at com.thoughtworks.selenium.Selenium$click.call(Unknown Source)
	at Cancer.run(Cancer:35)
	at com.kms.katalon.core.main.ScriptEngine.run(ScriptEngine.java:194)
	at com.kms.katalon.core.main.ScriptEngine.runScriptAsRawText(ScriptEngine.java:119)
	at com.kms.katalon.core.main.TestCaseExecutor.runScript(TestCaseExecutor.java:328)
	at com.kms.katalon.core.main.TestCaseExecutor.doExecute(TestCaseExecutor.java:319)
	at com.kms.katalon.core.main.TestCaseExecutor.processExecutionPhase(TestCaseExecutor.java:298)
	at com.kms.katalon.core.main.TestCaseExecutor.accessMainPhase(TestCaseExecutor.java:290)
	at com.kms.katalon.core.main.TestCaseExecutor.execute(TestCaseExecutor.java:224)
	at com.kms.katalon.core.main.TestSuiteExecutor.accessTestCaseMainPhase(TestSuiteExecutor.java:129)
	at com.kms.katalon.core.main.TestSuiteExecutor.accessTestSuiteMainPhase(TestSuiteExecutor.java:112)
	at com.kms.katalon.core.main.TestSuiteExecutor.execute(TestSuiteExecutor.java:81)
	at com.kms.katalon.core.main.TestCaseMain.startTestSuite(TestCaseMain.java:149)
	at com.kms.katalon.core.main.TestCaseMain$startTestSuite$0.call(Unknown Source)
	at TempTestSuite1584619233819.run(TempTestSuite1584619233819.groovy:36)
Caused by: org.openqa.selenium.WebDriverException: unknown error: Element <button type="button" class="Button-h8watj-0 jWworc trye76-1 btYWOg btn btn-primary" aria-haspopup="true" aria-expanded="false" id="product-lines" title="Select a Product Line" data-toggle="dropdown">...</button> is not clickable at point (187, 636). Other element would receive the click: <a href="tel:5558675309" class="sc-1dmd8vs-31 kWuInD">...</a>
  (Session info: chrome=80.0.3987.149)
  (Driver info: chromedriver=2.43.600210 (68dcf5eebde37173d4027fa8635e332711d2874a),platform=Windows NT 6.3.9600 x86_64) (WARNING: The server did not provide any stacktrace information)
Command duration or timeout: 0 milliseconds
Build info: version: '3.7.1', revision: '8a0099a', time: '2017-11-06T21:07:36.161Z'
System info: host: 'WIN-U215233FMVE', ip: '172.30.0.53', os.name: 'Windows Server 2012 R2', os.arch: 'amd64', os.version: '6.3', java.version: '1.8.0_181'
Driver info: com.kms.katalon.selenium.driver.CChromeDriver
Capabilities {acceptInsecureCerts: false, acceptSslCerts: false, applicationCacheEnabled: false, browserConnectionEnabled: false, browserName: chrome, chrome: {chromedriverVersion: 2.43.600210 (68dcf5eebde371..., userDataDir: C:\Users\ADMINI~1\AppData\L...}, cssSelectorsEnabled: true, databaseEnabled: false, goog:chromeOptions: {debuggerAddress: localhost:61559}, handlesAlerts: true, hasTouchScreen: true, javascriptEnabled: true, locationContextEnabled: true, mobileEmulationEnabled: true, nativeEvents: true, networkConnectionEnabled: false, pageLoadStrategy: normal, platform: XP, platformName: XP, rotatable: false, setWindowRect: true, takesHeapSnapshot: true, takesScreenshot: true, unexpectedAlertBehaviour: , unhandledPromptBehavior: , version: 80.0.3987.149, webStorageEnabled: true}
Session ID: 56ce64e9b69bd2d21cb816c326d4f81d
	at org.openqa.selenium.remote.ErrorHandler.createThrowable(ErrorHandler.java:214)
	at org.openqa.selenium.remote.ErrorHandler.throwIfResponseFailed(ErrorHandler.java:166)
	at org.openqa.selenium.remote.http.JsonHttpResponseCodec.reconstructValue(JsonHttpResponseCodec.java:40)
	at org.openqa.selenium.remote.http.AbstractHttpResponseCodec.decode(AbstractHttpResponseCodec.java:80)
	at org.openqa.selenium.remote.http.AbstractHttpResponseCodec.decode(AbstractHttpResponseCodec.java:44)
	at org.openqa.selenium.remote.HttpCommandExecutor.execute(HttpCommandExecutor.java:164)
	at org.openqa.selenium.remote.service.DriverCommandExecutor.execute(DriverCommandExecutor.java:83)
	at org.openqa.selenium.remote.RemoteWebDriver.execute(RemoteWebDriver.java:600)
	at com.kms.katalon.selenium.driver.CChromeDriver.execute(CChromeDriver.java:20)
	at org.openqa.selenium.remote.RemoteWebElement.execute(RemoteWebElement.java:279)
	at org.openqa.selenium.remote.RemoteWebElement.click(RemoteWebElement.java:83)
	at com.thoughtworks.selenium.webdriven.commands.Click.handleSeleneseCommand(Click.java:40)
	at com.thoughtworks.selenium.webdriven.commands.Click.handleSeleneseCommand(Click.java:26)
	at com.thoughtworks.selenium.webdriven.SeleneseCommand.apply(SeleneseCommand.java:36)
	at com.thoughtworks.selenium.webdriven.Timer.run(Timer.java:41)
	at com.thoughtworks.selenium.webdriven.WebDriverCommandProcessor.execute(WebDriverCommandProcessor.java:150)
	at com.thoughtworks.selenium.webdriven.WebDriverCommandProcessor.doCommand(WebDriverCommandProcessor.java:76)
	at com.thoughtworks.selenium.DefaultSelenium.click(DefaultSelenium.java:198)
	at com.thoughtworks.selenium.Selenium$click.call(Unknown Source)
	at Script1583724604507.run(Script1583724604507.groovy:35)
	... 13 more]]></system-out>
         <system-err><![CDATA[2020-03-19 08:01:07 - [TEST_CASE][ERROR] - Test Cases/HIC/New/Cancer: Test Cases/HIC/New/Cancer FAILED.
Reason:
com.thoughtworks.selenium.SeleniumException: unknown error: Element <button type="button" class="Button-h8watj-0 jWworc trye76-1 btYWOg btn btn-primary" aria-haspopup="true" aria-expanded="false" id="product-lines" title="Select a Product Line" data-toggle="dropdown">...</button> is not clickable at point (187, 636). Other element would receive the click: <a href="tel:5558675309" class="sc-1dmd8vs-31 kWuInD">...</a>
  (Session info: chrome=80.0.3987.149)
  (Driver info: chromedriver=2.43.600210 (68dcf5eebde37173d4027fa8635e332711d2874a),platform=Windows NT 6.3.9600 x86_64) (WARNING: The server did not provide any stacktrace information)
Command duration or timeout: 0 milliseconds
Build info: version: '3.7.1', revision: '8a0099a', time: '2017-11-06T21:07:36.161Z'
System info: host: 'WIN-U215233FMVE', ip: '172.30.0.53', os.name: 'Windows Server 2012 R2', os.arch: 'amd64', os.version: '6.3', java.version: '1.8.0_181'
Driver info: com.kms.katalon.selenium.driver.CChromeDriver
Capabilities {acceptInsecureCerts: false, acceptSslCerts: false, applicationCacheEnabled: false, browserConnectionEnabled: false, browserName: chrome, chrome: {chromedriverVersion: 2.43.600210 (68dcf5eebde371..., userDataDir: C:\Users\ADMINI~1\AppData\L...}, cssSelectorsEnabled: true, databaseEnabled: false, goog:chromeOptions: {debuggerAddress: localhost:61559}, handlesAlerts: true, hasTouchScreen: true, javascriptEnabled: true, locationContextEnabled: true, mobileEmulationEnabled: true, nativeEvents: true, networkConnectionEnabled: false, pageLoadStrategy: normal, platform: XP, platformName: XP, rotatable: false, setWindowRect: true, takesHeapSnapshot: true, takesScreenshot: true, unexpectedAlertBehaviour: , unhandledPromptBehavior: , version: 80.0.3987.149, webStorageEnabled: true}
Session ID: 56ce64e9b69bd2d21cb816c326d4f81d
	at com.thoughtworks.selenium.webdriven.SeleneseCommand.apply(SeleneseCommand.java:45)
	at com.thoughtworks.selenium.webdriven.Timer.run(Timer.java:41)
	at com.thoughtworks.selenium.webdriven.WebDriverCommandProcessor.execute(WebDriverCommandProcessor.java:150)
	at com.thoughtworks.selenium.webdriven.WebDriverCommandProcessor.doCommand(WebDriverCommandProcessor.java:76)
	at com.thoughtworks.selenium.DefaultSelenium.click(DefaultSelenium.java:198)
	at com.thoughtworks.selenium.Selenium$click.call(Unknown Source)
	at Cancer.run(Cancer:35)
	at com.kms.katalon.core.main.ScriptEngine.run(ScriptEngine.java:194)
	at com.kms.katalon.core.main.ScriptEngine.runScriptAsRawText(ScriptEngine.java:119)
	at com.kms.katalon.core.main.TestCaseExecutor.runScript(TestCaseExecutor.java:328)
	at com.kms.katalon.core.main.TestCaseExecutor.doExecute(TestCaseExecutor.java:319)
	at com.kms.katalon.core.main.TestCaseExecutor.processExecutionPhase(TestCaseExecutor.java:298)
	at com.kms.katalon.core.main.TestCaseExecutor.accessMainPhase(TestCaseExecutor.java:290)
	at com.kms.katalon.core.main.TestCaseExecutor.execute(TestCaseExecutor.java:224)
	at com.kms.katalon.core.main.TestSuiteExecutor.accessTestCaseMainPhase(TestSuiteExecutor.java:129)
	at com.kms.katalon.core.main.TestSuiteExecutor.accessTestSuiteMainPhase(TestSuiteExecutor.java:112)
	at com.kms.katalon.core.main.TestSuiteExecutor.execute(TestSuiteExecutor.java:81)
	at com.kms.katalon.core.main.TestCaseMain.startTestSuite(TestCaseMain.java:149)
	at com.kms.katalon.core.main.TestCaseMain$startTestSuite$0.call(Unknown Source)
	at TempTestSuite1584619233819.run(TempTestSuite1584619233819.groovy:36)
Caused by: org.openqa.selenium.WebDriverException: unknown error: Element <button type="button" class="Button-h8watj-0 jWworc trye76-1 btYWOg btn btn-primary" aria-haspopup="true" aria-expanded="false" id="product-lines" title="Select a Product Line" data-toggle="dropdown">...</button> is not clickable at point (187, 636). Other element would receive the click: <a href="tel:5558675309" class="sc-1dmd8vs-31 kWuInD">...</a>
  (Session info: chrome=80.0.3987.149)
  (Driver info: chromedriver=2.43.600210 (68dcf5eebde37173d4027fa8635e332711d2874a),platform=Windows NT 6.3.9600 x86_64) (WARNING: The server did not provide any stacktrace information)
Command duration or timeout: 0 milliseconds
Build info: version: '3.7.1', revision: '8a0099a', time: '2017-11-06T21:07:36.161Z'
System info: host: 'WIN-U215233FMVE', ip: '172.30.0.53', os.name: 'Windows Server 2012 R2', os.arch: 'amd64', os.version: '6.3', java.version: '1.8.0_181'
Driver info: com.kms.katalon.selenium.driver.CChromeDriver
Capabilities {acceptInsecureCerts: false, acceptSslCerts: false, applicationCacheEnabled: false, browserConnectionEnabled: false, browserName: chrome, chrome: {chromedriverVersion: 2.43.600210 (68dcf5eebde371..., userDataDir: C:\Users\ADMINI~1\AppData\L...}, cssSelectorsEnabled: true, databaseEnabled: false, goog:chromeOptions: {debuggerAddress: localhost:61559}, handlesAlerts: true, hasTouchScreen: true, javascriptEnabled: true, locationContextEnabled: true, mobileEmulationEnabled: true, nativeEvents: true, networkConnectionEnabled: false, pageLoadStrategy: normal, platform: XP, platformName: XP, rotatable: false, setWindowRect: true, takesHeapSnapshot: true, takesScreenshot: true, unexpectedAlertBehaviour: , unhandledPromptBehavior: , version: 80.0.3987.149, webStorageEnabled: true}
Session ID: 56ce64e9b69bd2d21cb816c326d4f81d
	at org.openqa.selenium.remote.ErrorHandler.createThrowable(ErrorHandler.java:214)
	at org.openqa.selenium.remote.ErrorHandler.throwIfResponseFailed(ErrorHandler.java:166)
	at org.openqa.selenium.remote.http.JsonHttpResponseCodec.reconstructValue(JsonHttpResponseCodec.java:40)
	at org.openqa.selenium.remote.http.AbstractHttpResponseCodec.decode(AbstractHttpResponseCodec.java:80)
	at org.openqa.selenium.remote.http.AbstractHttpResponseCodec.decode(AbstractHttpResponseCodec.java:44)
	at org.openqa.selenium.remote.HttpCommandExecutor.execute(HttpCommandExecutor.java:164)
	at org.openqa.selenium.remote.service.DriverCommandExecutor.execute(DriverCommandExecutor.java:83)
	at org.openqa.selenium.remote.RemoteWebDriver.execute(RemoteWebDriver.java:600)
	at com.kms.katalon.selenium.driver.CChromeDriver.execute(CChromeDriver.java:20)
	at org.openqa.selenium.remote.RemoteWebElement.execute(RemoteWebElement.java:279)
	at org.openqa.selenium.remote.RemoteWebElement.click(RemoteWebElement.java:83)
	at com.thoughtworks.selenium.webdriven.commands.Click.handleSeleneseCommand(Click.java:40)
	at com.thoughtworks.selenium.webdriven.commands.Click.handleSeleneseCommand(Click.java:26)
	at com.thoughtworks.selenium.webdriven.SeleneseCommand.apply(SeleneseCommand.java:36)
	at com.thoughtworks.selenium.webdriven.Timer.run(Timer.java:41)
	at com.thoughtworks.selenium.webdriven.WebDriverCommandProcessor.execute(WebDriverCommandProcessor.java:150)
	at com.thoughtworks.selenium.webdriven.WebDriverCommandProcessor.doCommand(WebDriverCommandProcessor.java:76)
	at com.thoughtworks.selenium.DefaultSelenium.click(DefaultSelenium.java:198)
	at com.thoughtworks.selenium.Selenium$click.call(Unknown Source)
	at Script1583724604507.run(Script1583724604507.groovy:35)
	... 13 more]]></system-err>
      </testcase>
      <testcase name="Test Cases/HIC/New/Dental" classname="Test Cases/HIC/New/Dental" status="ERROR">
         <error type="ERROR" message="Test Cases/HIC/New/Dental FAILED.
Reason:
com.thoughtworks.selenium.SeleniumException: unknown error: Element &lt;button type=&quot;button&quot; class=&quot;Button-h8watj-0 jWworc trye76-1 btYWOg btn btn-primary&quot; aria-haspopup=&quot;true&quot; aria-expanded=&quot;false&quot; id=&quot;product-lines&quot; title=&quot;Select a Product Line&quot; data-toggle=&quot;dropdown&quot;>...&lt;/button> is not clickable at point (187, 636). Other element would receive the click: &lt;a href=&quot;tel:5558675309&quot; class=&quot;sc-1dmd8vs-31 kWuInD&quot;>...&lt;/a>
  (Session info: chrome=80.0.3987.149)
  (Driver info: chromedriver=2.43.600210 (68dcf5eebde37173d4027fa8635e332711d2874a),platform=Windows NT 6.3.9600 x86_64) (WARNING: The server did not provide any stacktrace information)
Command duration or timeout: 0 milliseconds
Build info: version: '3.7.1', revision: '8a0099a', time: '2017-11-06T21:07:36.161Z'
System info: host: 'WIN-U215233FMVE', ip: '172.30.0.53', os.name: 'Windows Server 2012 R2', os.arch: 'amd64', os.version: '6.3', java.version: '1.8.0_181'
Driver info: com.kms.katalon.selenium.driver.CChromeDriver
Capabilities {acceptInsecureCerts: false, acceptSslCerts: false, applicationCacheEnabled: false, browserConnectionEnabled: false, browserName: chrome, chrome: {chromedriverVersion: 2.43.600210 (68dcf5eebde371..., userDataDir: C:\Users\ADMINI~1\AppData\L...}, cssSelectorsEnabled: true, databaseEnabled: false, goog:chromeOptions: {debuggerAddress: localhost:61651}, handlesAlerts: true, hasTouchScreen: true, javascriptEnabled: true, locationContextEnabled: true, mobileEmulationEnabled: true, nativeEvents: true, networkConnectionEnabled: false, pageLoadStrategy: normal, platform: XP, platformName: XP, rotatable: false, setWindowRect: true, takesHeapSnapshot: true, takesScreenshot: true, unexpectedAlertBehaviour: , unhandledPromptBehavior: , version: 80.0.3987.149, webStorageEnabled: true}
Session ID: ae920a0da08d868a09f98fb3d13cd276
	at com.thoughtworks.selenium.webdriven.SeleneseCommand.apply(SeleneseCommand.java:45)
	at com.thoughtworks.selenium.webdriven.Timer.run(Timer.java:41)
	at com.thoughtworks.selenium.webdriven.WebDriverCommandProcessor.execute(WebDriverCommandProcessor.java:150)
	at com.thoughtworks.selenium.webdriven.WebDriverCommandProcessor.doCommand(WebDriverCommandProcessor.java:76)
	at com.thoughtworks.selenium.DefaultSelenium.click(DefaultSelenium.java:198)
	at com.thoughtworks.selenium.Selenium$click.call(Unknown Source)
	at Dental.run(Dental:31)
	at com.kms.katalon.core.main.ScriptEngine.run(ScriptEngine.java:194)
	at com.kms.katalon.core.main.ScriptEngine.runScriptAsRawText(ScriptEngine.java:119)
	at com.kms.katalon.core.main.TestCaseExecutor.runScript(TestCaseExecutor.java:328)
	at com.kms.katalon.core.main.TestCaseExecutor.doExecute(TestCaseExecutor.java:319)
	at com.kms.katalon.core.main.TestCaseExecutor.processExecutionPhase(TestCaseExecutor.java:298)
	at com.kms.katalon.core.main.TestCaseExecutor.accessMainPhase(TestCaseExecutor.java:290)
	at com.kms.katalon.core.main.TestCaseExecutor.execute(TestCaseExecutor.java:224)
	at com.kms.katalon.core.main.TestSuiteExecutor.accessTestCaseMainPhase(TestSuiteExecutor.java:129)
	at com.kms.katalon.core.main.TestSuiteExecutor.accessTestSuiteMainPhase(TestSuiteExecutor.java:112)
	at com.kms.katalon.core.main.TestSuiteExecutor.execute(TestSuiteExecutor.java:81)
	at com.kms.katalon.core.main.TestCaseMain.startTestSuite(TestCaseMain.java:149)
	at com.kms.katalon.core.main.TestCaseMain$startTestSuite$0.call(Unknown Source)
	at TempTestSuite1584619233819.run(TempTestSuite1584619233819.groovy:36)
Caused by: org.openqa.selenium.WebDriverException: unknown error: Element &lt;button type=&quot;button&quot; class=&quot;Button-h8watj-0 jWworc trye76-1 btYWOg btn btn-primary&quot; aria-haspopup=&quot;true&quot; aria-expanded=&quot;false&quot; id=&quot;product-lines&quot; title=&quot;Select a Product Line&quot; data-toggle=&quot;dropdown&quot;>...&lt;/button> is not clickable at point (187, 636). Other element would receive the click: &lt;a href=&quot;tel:5558675309&quot; class=&quot;sc-1dmd8vs-31 kWuInD&quot;>...&lt;/a>
  (Session info: chrome=80.0.3987.149)
  (Driver info: chromedriver=2.43.600210 (68dcf5eebde37173d4027fa8635e332711d2874a),platform=Windows NT 6.3.9600 x86_64) (WARNING: The server did not provide any stacktrace information)
Command duration or timeout: 0 milliseconds
Build info: version: '3.7.1', revision: '8a0099a', time: '2017-11-06T21:07:36.161Z'
System info: host: 'WIN-U215233FMVE', ip: '172.30.0.53', os.name: 'Windows Server 2012 R2', os.arch: 'amd64', os.version: '6.3', java.version: '1.8.0_181'
Driver info: com.kms.katalon.selenium.driver.CChromeDriver
Capabilities {acceptInsecureCerts: false, acceptSslCerts: false, applicationCacheEnabled: false, browserConnectionEnabled: false, browserName: chrome, chrome: {chromedriverVersion: 2.43.600210 (68dcf5eebde371..., userDataDir: C:\Users\ADMINI~1\AppData\L...}, cssSelectorsEnabled: true, databaseEnabled: false, goog:chromeOptions: {debuggerAddress: localhost:61651}, handlesAlerts: true, hasTouchScreen: true, javascriptEnabled: true, locationContextEnabled: true, mobileEmulationEnabled: true, nativeEvents: true, networkConnectionEnabled: false, pageLoadStrategy: normal, platform: XP, platformName: XP, rotatable: false, setWindowRect: true, takesHeapSnapshot: true, takesScreenshot: true, unexpectedAlertBehaviour: , unhandledPromptBehavior: , version: 80.0.3987.149, webStorageEnabled: true}
Session ID: ae920a0da08d868a09f98fb3d13cd276
	at org.openqa.selenium.remote.ErrorHandler.createThrowable(ErrorHandler.java:214)
	at org.openqa.selenium.remote.ErrorHandler.throwIfResponseFailed(ErrorHandler.java:166)
	at org.openqa.selenium.remote.http.JsonHttpResponseCodec.reconstructValue(JsonHttpResponseCodec.java:40)
	at org.openqa.selenium.remote.http.AbstractHttpResponseCodec.decode(AbstractHttpResponseCodec.java:80)
	at org.openqa.selenium.remote.http.AbstractHttpResponseCodec.decode(AbstractHttpResponseCodec.java:44)
	at org.openqa.selenium.remote.HttpCommandExecutor.execute(HttpCommandExecutor.java:164)
	at org.openqa.selenium.remote.service.DriverCommandExecutor.execute(DriverCommandExecutor.java:83)
	at org.openqa.selenium.remote.RemoteWebDriver.execute(RemoteWebDriver.java:600)
	at com.kms.katalon.selenium.driver.CChromeDriver.execute(CChromeDriver.java:20)
	at org.openqa.selenium.remote.RemoteWebElement.execute(RemoteWebElement.java:279)
	at org.openqa.selenium.remote.RemoteWebElement.click(RemoteWebElement.java:83)
	at com.thoughtworks.selenium.webdriven.commands.Click.handleSeleneseCommand(Click.java:40)
	at com.thoughtworks.selenium.webdriven.commands.Click.handleSeleneseCommand(Click.java:26)
	at com.thoughtworks.selenium.webdriven.SeleneseCommand.apply(SeleneseCommand.java:36)
	at com.thoughtworks.selenium.webdriven.Timer.run(Timer.java:41)
	at com.thoughtworks.selenium.webdriven.WebDriverCommandProcessor.execute(WebDriverCommandProcessor.java:150)
	at com.thoughtworks.selenium.webdriven.WebDriverCommandProcessor.doCommand(WebDriverCommandProcessor.java:76)
	at com.thoughtworks.selenium.DefaultSelenium.click(DefaultSelenium.java:198)
	at com.thoughtworks.selenium.Selenium$click.call(Unknown Source)
	at Script1583731110248.run(Script1583731110248.groovy:31)
	... 13 more
"/>
         <system-out><![CDATA[2020-03-19 08:01:28 - [TEST_CASE][ERROR] - Test Cases/HIC/New/Dental: Test Cases/HIC/New/Dental FAILED.
Reason:
com.thoughtworks.selenium.SeleniumException: unknown error: Element <button type="button" class="Button-h8watj-0 jWworc trye76-1 btYWOg btn btn-primary" aria-haspopup="true" aria-expanded="false" id="product-lines" title="Select a Product Line" data-toggle="dropdown">...</button> is not clickable at point (187, 636). Other element would receive the click: <a href="tel:5558675309" class="sc-1dmd8vs-31 kWuInD">...</a>
  (Session info: chrome=80.0.3987.149)
  (Driver info: chromedriver=2.43.600210 (68dcf5eebde37173d4027fa8635e332711d2874a),platform=Windows NT 6.3.9600 x86_64) (WARNING: The server did not provide any stacktrace information)
Command duration or timeout: 0 milliseconds
Build info: version: '3.7.1', revision: '8a0099a', time: '2017-11-06T21:07:36.161Z'
System info: host: 'WIN-U215233FMVE', ip: '172.30.0.53', os.name: 'Windows Server 2012 R2', os.arch: 'amd64', os.version: '6.3', java.version: '1.8.0_181'
Driver info: com.kms.katalon.selenium.driver.CChromeDriver
Capabilities {acceptInsecureCerts: false, acceptSslCerts: false, applicationCacheEnabled: false, browserConnectionEnabled: false, browserName: chrome, chrome: {chromedriverVersion: 2.43.600210 (68dcf5eebde371..., userDataDir: C:\Users\ADMINI~1\AppData\L...}, cssSelectorsEnabled: true, databaseEnabled: false, goog:chromeOptions: {debuggerAddress: localhost:61651}, handlesAlerts: true, hasTouchScreen: true, javascriptEnabled: true, locationContextEnabled: true, mobileEmulationEnabled: true, nativeEvents: true, networkConnectionEnabled: false, pageLoadStrategy: normal, platform: XP, platformName: XP, rotatable: false, setWindowRect: true, takesHeapSnapshot: true, takesScreenshot: true, unexpectedAlertBehaviour: , unhandledPromptBehavior: , version: 80.0.3987.149, webStorageEnabled: true}
Session ID: ae920a0da08d868a09f98fb3d13cd276
	at com.thoughtworks.selenium.webdriven.SeleneseCommand.apply(SeleneseCommand.java:45)
	at com.thoughtworks.selenium.webdriven.Timer.run(Timer.java:41)
	at com.thoughtworks.selenium.webdriven.WebDriverCommandProcessor.execute(WebDriverCommandProcessor.java:150)
	at com.thoughtworks.selenium.webdriven.WebDriverCommandProcessor.doCommand(WebDriverCommandProcessor.java:76)
	at com.thoughtworks.selenium.DefaultSelenium.click(DefaultSelenium.java:198)
	at com.thoughtworks.selenium.Selenium$click.call(Unknown Source)
	at Dental.run(Dental:31)
	at com.kms.katalon.core.main.ScriptEngine.run(ScriptEngine.java:194)
	at com.kms.katalon.core.main.ScriptEngine.runScriptAsRawText(ScriptEngine.java:119)
	at com.kms.katalon.core.main.TestCaseExecutor.runScript(TestCaseExecutor.java:328)
	at com.kms.katalon.core.main.TestCaseExecutor.doExecute(TestCaseExecutor.java:319)
	at com.kms.katalon.core.main.TestCaseExecutor.processExecutionPhase(TestCaseExecutor.java:298)
	at com.kms.katalon.core.main.TestCaseExecutor.accessMainPhase(TestCaseExecutor.java:290)
	at com.kms.katalon.core.main.TestCaseExecutor.execute(TestCaseExecutor.java:224)
	at com.kms.katalon.core.main.TestSuiteExecutor.accessTestCaseMainPhase(TestSuiteExecutor.java:129)
	at com.kms.katalon.core.main.TestSuiteExecutor.accessTestSuiteMainPhase(TestSuiteExecutor.java:112)
	at com.kms.katalon.core.main.TestSuiteExecutor.execute(TestSuiteExecutor.java:81)
	at com.kms.katalon.core.main.TestCaseMain.startTestSuite(TestCaseMain.java:149)
	at com.kms.katalon.core.main.TestCaseMain$startTestSuite$0.call(Unknown Source)
	at TempTestSuite1584619233819.run(TempTestSuite1584619233819.groovy:36)
Caused by: org.openqa.selenium.WebDriverException: unknown error: Element <button type="button" class="Button-h8watj-0 jWworc trye76-1 btYWOg btn btn-primary" aria-haspopup="true" aria-expanded="false" id="product-lines" title="Select a Product Line" data-toggle="dropdown">...</button> is not clickable at point (187, 636). Other element would receive the click: <a href="tel:5558675309" class="sc-1dmd8vs-31 kWuInD">...</a>
  (Session info: chrome=80.0.3987.149)
  (Driver info: chromedriver=2.43.600210 (68dcf5eebde37173d4027fa8635e332711d2874a),platform=Windows NT 6.3.9600 x86_64) (WARNING: The server did not provide any stacktrace information)
Command duration or timeout: 0 milliseconds
Build info: version: '3.7.1', revision: '8a0099a', time: '2017-11-06T21:07:36.161Z'
System info: host: 'WIN-U215233FMVE', ip: '172.30.0.53', os.name: 'Windows Server 2012 R2', os.arch: 'amd64', os.version: '6.3', java.version: '1.8.0_181'
Driver info: com.kms.katalon.selenium.driver.CChromeDriver
Capabilities {acceptInsecureCerts: false, acceptSslCerts: false, applicationCacheEnabled: false, browserConnectionEnabled: false, browserName: chrome, chrome: {chromedriverVersion: 2.43.600210 (68dcf5eebde371..., userDataDir: C:\Users\ADMINI~1\AppData\L...}, cssSelectorsEnabled: true, databaseEnabled: false, goog:chromeOptions: {debuggerAddress: localhost:61651}, handlesAlerts: true, hasTouchScreen: true, javascriptEnabled: true, locationContextEnabled: true, mobileEmulationEnabled: true, nativeEvents: true, networkConnectionEnabled: false, pageLoadStrategy: normal, platform: XP, platformName: XP, rotatable: false, setWindowRect: true, takesHeapSnapshot: true, takesScreenshot: true, unexpectedAlertBehaviour: , unhandledPromptBehavior: , version: 80.0.3987.149, webStorageEnabled: true}
Session ID: ae920a0da08d868a09f98fb3d13cd276
	at org.openqa.selenium.remote.ErrorHandler.createThrowable(ErrorHandler.java:214)
	at org.openqa.selenium.remote.ErrorHandler.throwIfResponseFailed(ErrorHandler.java:166)
	at org.openqa.selenium.remote.http.JsonHttpResponseCodec.reconstructValue(JsonHttpResponseCodec.java:40)
	at org.openqa.selenium.remote.http.AbstractHttpResponseCodec.decode(AbstractHttpResponseCodec.java:80)
	at org.openqa.selenium.remote.http.AbstractHttpResponseCodec.decode(AbstractHttpResponseCodec.java:44)
	at org.openqa.selenium.remote.HttpCommandExecutor.execute(HttpCommandExecutor.java:164)
	at org.openqa.selenium.remote.service.DriverCommandExecutor.execute(DriverCommandExecutor.java:83)
	at org.openqa.selenium.remote.RemoteWebDriver.execute(RemoteWebDriver.java:600)
	at com.kms.katalon.selenium.driver.CChromeDriver.execute(CChromeDriver.java:20)
	at org.openqa.selenium.remote.RemoteWebElement.execute(RemoteWebElement.java:279)
	at org.openqa.selenium.remote.RemoteWebElement.click(RemoteWebElement.java:83)
	at com.thoughtworks.selenium.webdriven.commands.Click.handleSeleneseCommand(Click.java:40)
	at com.thoughtworks.selenium.webdriven.commands.Click.handleSeleneseCommand(Click.java:26)
	at com.thoughtworks.selenium.webdriven.SeleneseCommand.apply(SeleneseCommand.java:36)
	at com.thoughtworks.selenium.webdriven.Timer.run(Timer.java:41)
	at com.thoughtworks.selenium.webdriven.WebDriverCommandProcessor.execute(WebDriverCommandProcessor.java:150)
	at com.thoughtworks.selenium.webdriven.WebDriverCommandProcessor.doCommand(WebDriverCommandProcessor.java:76)
	at com.thoughtworks.selenium.DefaultSelenium.click(DefaultSelenium.java:198)
	at com.thoughtworks.selenium.Selenium$click.call(Unknown Source)
	at Script1583731110248.run(Script1583731110248.groovy:31)
	... 13 more


2020-03-19 08:01:28 - [TEST_STEP][PASSED] - callTestCase(findTestCase("HIC/_include/get_hicScreenPath"), ["project":"HIC", "productLine":"Dental", "carrierName":"USA Access"], CONTINUE_ON_FAILURE): Call Test Case 'Test Cases/HIC/_include/get_hicScreenPath' successfully

2020-03-19 08:01:28 - [TEST_CASE][PASSED] - Test Cases/HIC/_include/get_hicScreenPath: Test Cases/HIC/_include/get_hicScreenPath

2020-03-19 08:01:29 - [TEST_STEP][PASSED] - m = getExecutionProperties(): null

2020-03-19 08:01:29 - [TEST_STEP][PASSED] - deviceName = get("mobileEmulation").get("deviceName"): null

2020-03-19 08:01:29 - [TEST_STEP][PASSED] - println(deviceName): null

2020-03-19 08:01:29 - [TEST_STEP][PASSED] - now = new java.util.Date(): null

2020-03-19 08:01:29 - [TEST_STEP][PASSED] - mydate = now.format("yyyyMMdd_HHmmss"): null

2020-03-19 08:01:29 - [TEST_STEP][PASSED] - screenPath = "../Screenshots/": null

2020-03-19 08:01:29 - [TEST_STEP][PASSED] - screenPath = screenPath + deviceName + "/" + project + "/" + productLine + "/" + carrierName + "/" + mydate + "/": null

2020-03-19 08:01:29 - [TEST_STEP][PASSED] - println(screenPath): null

2020-03-19 08:01:29 - [MESSAGE][PASSED] - Call Test Case 'Test Cases/HIC/_include/get_hicScreenPath' successfully

2020-03-19 08:01:29 - [TEST_STEP][PASSED] - i = 0: null

2020-03-19 08:01:29 - [TEST_STEP][PASSED] - callTestCase(findTestCase("AHI/_include/openWebSite"), ["env":env], CONTINUE_ON_FAILURE): Call Test Case 'Test Cases/AHI/_include/openWebSite' successfully

2020-03-19 08:01:29 - [TEST_CASE][PASSED] - Test Cases/AHI/_include/openWebSite: Test Cases/AHI/_include/openWebSite

2020-03-19 08:01:29 - [TEST_STEP][PASSED] - openBrowser(env): Browser is opened with url: 'https://qa.healthinsurance.com'

2020-03-19 08:01:29 - [MESSAGE][WARNING] - A browser is already opened. Closing browser and opening a new one

2020-03-19 08:01:30 - [MESSAGE][INFO] - Starting 'Chrome' driver

2020-03-19 08:01:30 - [MESSAGE][INFO] - User set preference: ['mobileEmulation', '{deviceName=iPhone 6}']

2020-03-19 08:01:30 - [MESSAGE][INFO] - User set preference: ['args', '[--incognito, --aggressive-cache-discard, --window-size=375,677, --no-sandbox, --ignore-certificate-errors]']

2020-03-19 08:01:37 - [MESSAGE][PASSED] - Browser is opened with url: 'https://qa.healthinsurance.com'

2020-03-19 08:01:37 - [TEST_STEP][PASSED] - waitForPageLoad(20): Wait for page load successfully

2020-03-19 08:01:37 - [MESSAGE][PASSED] - Wait for page load successfully

2020-03-19 08:01:37 - [TEST_STEP][PASSED] - callTestCase(findTestCase("AHI/_include/get_screenshot"), [:], STOP_ON_FAILURE): Call Test Case 'Test Cases/AHI/_include/get_screenshot' successfully

2020-03-19 08:01:37 - [TEST_CASE][PASSED] - Test Cases/AHI/_include/get_screenshot: Test Cases/AHI/_include/get_screenshot

2020-03-19 08:01:37 - [TEST_STEP][PASSED] - Thread.sleep(1000): null

2020-03-19 08:01:38 - [TEST_STEP][PASSED] - takeScreenshot(screenPath + i + ".png"): Taking screenshot successfully

2020-03-19 08:01:39 - [MESSAGE][PASSED] - Taking screenshot successfully
[[ATTACHMENT|D:\\Test\\AgileTest\\Reports\\HIC\\hic\\20200319_080033\\../Screenshots/iPhone 6/HIC/Dental/USA Access/20200319_080129/0.png]]

2020-03-19 08:01:39 - [TEST_STEP][PASSED] - (internal.GlobalVariable.i++): null

2020-03-19 08:01:39 - [MESSAGE][PASSED] - Call Test Case 'Test Cases/AHI/_include/get_screenshot' successfully

2020-03-19 08:01:39 - [MESSAGE][PASSED] - Call Test Case 'Test Cases/AHI/_include/openWebSite' successfully

2020-03-19 08:01:39 - [TEST_STEP][PASSED] - driver = getWebDriver(): null

2020-03-19 08:01:39 - [TEST_STEP][PASSED] - baseUrl = env: null

2020-03-19 08:01:39 - [TEST_STEP][PASSED] - selenium = new com.thoughtworks.selenium.webdriven.WebDriverBackedSelenium(driver, baseUrl): null

2020-03-19 08:01:40 - [TEST_STEP][ERROR] - selenium.click("id=product-lines"): selenium.click("id=product-lines") FAILED.
Reason:
com.thoughtworks.selenium.SeleniumException: unknown error: Element <button type="button" class="Button-h8watj-0 jWworc trye76-1 btYWOg btn btn-primary" aria-haspopup="true" aria-expanded="false" id="product-lines" title="Select a Product Line" data-toggle="dropdown">...</button> is not clickable at point (187, 636). Other element would receive the click: <a href="tel:5558675309" class="sc-1dmd8vs-31 kWuInD">...</a>
  (Session info: chrome=80.0.3987.149)
  (Driver info: chromedriver=2.43.600210 (68dcf5eebde37173d4027fa8635e332711d2874a),platform=Windows NT 6.3.9600 x86_64) (WARNING: The server did not provide any stacktrace information)
Command duration or timeout: 0 milliseconds
Build info: version: '3.7.1', revision: '8a0099a', time: '2017-11-06T21:07:36.161Z'
System info: host: 'WIN-U215233FMVE', ip: '172.30.0.53', os.name: 'Windows Server 2012 R2', os.arch: 'amd64', os.version: '6.3', java.version: '1.8.0_181'
Driver info: com.kms.katalon.selenium.driver.CChromeDriver
Capabilities {acceptInsecureCerts: false, acceptSslCerts: false, applicationCacheEnabled: false, browserConnectionEnabled: false, browserName: chrome, chrome: {chromedriverVersion: 2.43.600210 (68dcf5eebde371..., userDataDir: C:\Users\ADMINI~1\AppData\L...}, cssSelectorsEnabled: true, databaseEnabled: false, goog:chromeOptions: {debuggerAddress: localhost:61651}, handlesAlerts: true, hasTouchScreen: true, javascriptEnabled: true, locationContextEnabled: true, mobileEmulationEnabled: true, nativeEvents: true, networkConnectionEnabled: false, pageLoadStrategy: normal, platform: XP, platformName: XP, rotatable: false, setWindowRect: true, takesHeapSnapshot: true, takesScreenshot: true, unexpectedAlertBehaviour: , unhandledPromptBehavior: , version: 80.0.3987.149, webStorageEnabled: true}
Session ID: ae920a0da08d868a09f98fb3d13cd276
	at com.thoughtworks.selenium.webdriven.SeleneseCommand.apply(SeleneseCommand.java:45)
	at com.thoughtworks.selenium.webdriven.Timer.run(Timer.java:41)
	at com.thoughtworks.selenium.webdriven.WebDriverCommandProcessor.execute(WebDriverCommandProcessor.java:150)
	at com.thoughtworks.selenium.webdriven.WebDriverCommandProcessor.doCommand(WebDriverCommandProcessor.java:76)
	at com.thoughtworks.selenium.DefaultSelenium.click(DefaultSelenium.java:198)
	at com.thoughtworks.selenium.Selenium$click.call(Unknown Source)
	at Dental.run(Dental:31)
	at com.kms.katalon.core.main.ScriptEngine.run(ScriptEngine.java:194)
	at com.kms.katalon.core.main.ScriptEngine.runScriptAsRawText(ScriptEngine.java:119)
	at com.kms.katalon.core.main.TestCaseExecutor.runScript(TestCaseExecutor.java:328)
	at com.kms.katalon.core.main.TestCaseExecutor.doExecute(TestCaseExecutor.java:319)
	at com.kms.katalon.core.main.TestCaseExecutor.processExecutionPhase(TestCaseExecutor.java:298)
	at com.kms.katalon.core.main.TestCaseExecutor.accessMainPhase(TestCaseExecutor.java:290)
	at com.kms.katalon.core.main.TestCaseExecutor.execute(TestCaseExecutor.java:224)
	at com.kms.katalon.core.main.TestSuiteExecutor.accessTestCaseMainPhase(TestSuiteExecutor.java:129)
	at com.kms.katalon.core.main.TestSuiteExecutor.accessTestSuiteMainPhase(TestSuiteExecutor.java:112)
	at com.kms.katalon.core.main.TestSuiteExecutor.execute(TestSuiteExecutor.java:81)
	at com.kms.katalon.core.main.TestCaseMain.startTestSuite(TestCaseMain.java:149)
	at com.kms.katalon.core.main.TestCaseMain$startTestSuite$0.call(Unknown Source)
	at TempTestSuite1584619233819.run(TempTestSuite1584619233819.groovy:36)
Caused by: org.openqa.selenium.WebDriverException: unknown error: Element <button type="button" class="Button-h8watj-0 jWworc trye76-1 btYWOg btn btn-primary" aria-haspopup="true" aria-expanded="false" id="product-lines" title="Select a Product Line" data-toggle="dropdown">...</button> is not clickable at point (187, 636). Other element would receive the click: <a href="tel:5558675309" class="sc-1dmd8vs-31 kWuInD">...</a>
  (Session info: chrome=80.0.3987.149)
  (Driver info: chromedriver=2.43.600210 (68dcf5eebde37173d4027fa8635e332711d2874a),platform=Windows NT 6.3.9600 x86_64) (WARNING: The server did not provide any stacktrace information)
Command duration or timeout: 0 milliseconds
Build info: version: '3.7.1', revision: '8a0099a', time: '2017-11-06T21:07:36.161Z'
System info: host: 'WIN-U215233FMVE', ip: '172.30.0.53', os.name: 'Windows Server 2012 R2', os.arch: 'amd64', os.version: '6.3', java.version: '1.8.0_181'
Driver info: com.kms.katalon.selenium.driver.CChromeDriver
Capabilities {acceptInsecureCerts: false, acceptSslCerts: false, applicationCacheEnabled: false, browserConnectionEnabled: false, browserName: chrome, chrome: {chromedriverVersion: 2.43.600210 (68dcf5eebde371..., userDataDir: C:\Users\ADMINI~1\AppData\L...}, cssSelectorsEnabled: true, databaseEnabled: false, goog:chromeOptions: {debuggerAddress: localhost:61651}, handlesAlerts: true, hasTouchScreen: true, javascriptEnabled: true, locationContextEnabled: true, mobileEmulationEnabled: true, nativeEvents: true, networkConnectionEnabled: false, pageLoadStrategy: normal, platform: XP, platformName: XP, rotatable: false, setWindowRect: true, takesHeapSnapshot: true, takesScreenshot: true, unexpectedAlertBehaviour: , unhandledPromptBehavior: , version: 80.0.3987.149, webStorageEnabled: true}
Session ID: ae920a0da08d868a09f98fb3d13cd276
	at org.openqa.selenium.remote.ErrorHandler.createThrowable(ErrorHandler.java:214)
	at org.openqa.selenium.remote.ErrorHandler.throwIfResponseFailed(ErrorHandler.java:166)
	at org.openqa.selenium.remote.http.JsonHttpResponseCodec.reconstructValue(JsonHttpResponseCodec.java:40)
	at org.openqa.selenium.remote.http.AbstractHttpResponseCodec.decode(AbstractHttpResponseCodec.java:80)
	at org.openqa.selenium.remote.http.AbstractHttpResponseCodec.decode(AbstractHttpResponseCodec.java:44)
	at org.openqa.selenium.remote.HttpCommandExecutor.execute(HttpCommandExecutor.java:164)
	at org.openqa.selenium.remote.service.DriverCommandExecutor.execute(DriverCommandExecutor.java:83)
	at org.openqa.selenium.remote.RemoteWebDriver.execute(RemoteWebDriver.java:600)
	at com.kms.katalon.selenium.driver.CChromeDriver.execute(CChromeDriver.java:20)
	at org.openqa.selenium.remote.RemoteWebElement.execute(RemoteWebElement.java:279)
	at org.openqa.selenium.remote.RemoteWebElement.click(RemoteWebElement.java:83)
	at com.thoughtworks.selenium.webdriven.commands.Click.handleSeleneseCommand(Click.java:40)
	at com.thoughtworks.selenium.webdriven.commands.Click.handleSeleneseCommand(Click.java:26)
	at com.thoughtworks.selenium.webdriven.SeleneseCommand.apply(SeleneseCommand.java:36)
	at com.thoughtworks.selenium.webdriven.Timer.run(Timer.java:41)
	at com.thoughtworks.selenium.webdriven.WebDriverCommandProcessor.execute(WebDriverCommandProcessor.java:150)
	at com.thoughtworks.selenium.webdriven.WebDriverCommandProcessor.doCommand(WebDriverCommandProcessor.java:76)
	at com.thoughtworks.selenium.DefaultSelenium.click(DefaultSelenium.java:198)
	at com.thoughtworks.selenium.Selenium$click.call(Unknown Source)
	at Script1583731110248.run(Script1583731110248.groovy:31)
	... 13 more


2020-03-19 08:01:41 - [MESSAGE][ERROR] - selenium.click("id=product-lines") FAILED.
Reason:
com.thoughtworks.selenium.SeleniumException: unknown error: Element <button type="button" class="Button-h8watj-0 jWworc trye76-1 btYWOg btn btn-primary" aria-haspopup="true" aria-expanded="false" id="product-lines" title="Select a Product Line" data-toggle="dropdown">...</button> is not clickable at point (187, 636). Other element would receive the click: <a href="tel:5558675309" class="sc-1dmd8vs-31 kWuInD">...</a>
  (Session info: chrome=80.0.3987.149)
  (Driver info: chromedriver=2.43.600210 (68dcf5eebde37173d4027fa8635e332711d2874a),platform=Windows NT 6.3.9600 x86_64) (WARNING: The server did not provide any stacktrace information)
Command duration or timeout: 0 milliseconds
Build info: version: '3.7.1', revision: '8a0099a', time: '2017-11-06T21:07:36.161Z'
System info: host: 'WIN-U215233FMVE', ip: '172.30.0.53', os.name: 'Windows Server 2012 R2', os.arch: 'amd64', os.version: '6.3', java.version: '1.8.0_181'
Driver info: com.kms.katalon.selenium.driver.CChromeDriver
Capabilities {acceptInsecureCerts: false, acceptSslCerts: false, applicationCacheEnabled: false, browserConnectionEnabled: false, browserName: chrome, chrome: {chromedriverVersion: 2.43.600210 (68dcf5eebde371..., userDataDir: C:\Users\ADMINI~1\AppData\L...}, cssSelectorsEnabled: true, databaseEnabled: false, goog:chromeOptions: {debuggerAddress: localhost:61651}, handlesAlerts: true, hasTouchScreen: true, javascriptEnabled: true, locationContextEnabled: true, mobileEmulationEnabled: true, nativeEvents: true, networkConnectionEnabled: false, pageLoadStrategy: normal, platform: XP, platformName: XP, rotatable: false, setWindowRect: true, takesHeapSnapshot: true, takesScreenshot: true, unexpectedAlertBehaviour: , unhandledPromptBehavior: , version: 80.0.3987.149, webStorageEnabled: true}
Session ID: ae920a0da08d868a09f98fb3d13cd276
	at com.thoughtworks.selenium.webdriven.SeleneseCommand.apply(SeleneseCommand.java:45)
	at com.thoughtworks.selenium.webdriven.Timer.run(Timer.java:41)
	at com.thoughtworks.selenium.webdriven.WebDriverCommandProcessor.execute(WebDriverCommandProcessor.java:150)
	at com.thoughtworks.selenium.webdriven.WebDriverCommandProcessor.doCommand(WebDriverCommandProcessor.java:76)
	at com.thoughtworks.selenium.DefaultSelenium.click(DefaultSelenium.java:198)
	at com.thoughtworks.selenium.Selenium$click.call(Unknown Source)
	at Dental.run(Dental:31)
	at com.kms.katalon.core.main.ScriptEngine.run(ScriptEngine.java:194)
	at com.kms.katalon.core.main.ScriptEngine.runScriptAsRawText(ScriptEngine.java:119)
	at com.kms.katalon.core.main.TestCaseExecutor.runScript(TestCaseExecutor.java:328)
	at com.kms.katalon.core.main.TestCaseExecutor.doExecute(TestCaseExecutor.java:319)
	at com.kms.katalon.core.main.TestCaseExecutor.processExecutionPhase(TestCaseExecutor.java:298)
	at com.kms.katalon.core.main.TestCaseExecutor.accessMainPhase(TestCaseExecutor.java:290)
	at com.kms.katalon.core.main.TestCaseExecutor.execute(TestCaseExecutor.java:224)
	at com.kms.katalon.core.main.TestSuiteExecutor.accessTestCaseMainPhase(TestSuiteExecutor.java:129)
	at com.kms.katalon.core.main.TestSuiteExecutor.accessTestSuiteMainPhase(TestSuiteExecutor.java:112)
	at com.kms.katalon.core.main.TestSuiteExecutor.execute(TestSuiteExecutor.java:81)
	at com.kms.katalon.core.main.TestCaseMain.startTestSuite(TestCaseMain.java:149)
	at com.kms.katalon.core.main.TestCaseMain$startTestSuite$0.call(Unknown Source)
	at TempTestSuite1584619233819.run(TempTestSuite1584619233819.groovy:36)
Caused by: org.openqa.selenium.WebDriverException: unknown error: Element <button type="button" class="Button-h8watj-0 jWworc trye76-1 btYWOg btn btn-primary" aria-haspopup="true" aria-expanded="false" id="product-lines" title="Select a Product Line" data-toggle="dropdown">...</button> is not clickable at point (187, 636). Other element would receive the click: <a href="tel:5558675309" class="sc-1dmd8vs-31 kWuInD">...</a>
  (Session info: chrome=80.0.3987.149)
  (Driver info: chromedriver=2.43.600210 (68dcf5eebde37173d4027fa8635e332711d2874a),platform=Windows NT 6.3.9600 x86_64) (WARNING: The server did not provide any stacktrace information)
Command duration or timeout: 0 milliseconds
Build info: version: '3.7.1', revision: '8a0099a', time: '2017-11-06T21:07:36.161Z'
System info: host: 'WIN-U215233FMVE', ip: '172.30.0.53', os.name: 'Windows Server 2012 R2', os.arch: 'amd64', os.version: '6.3', java.version: '1.8.0_181'
Driver info: com.kms.katalon.selenium.driver.CChromeDriver
Capabilities {acceptInsecureCerts: false, acceptSslCerts: false, applicationCacheEnabled: false, browserConnectionEnabled: false, browserName: chrome, chrome: {chromedriverVersion: 2.43.600210 (68dcf5eebde371..., userDataDir: C:\Users\ADMINI~1\AppData\L...}, cssSelectorsEnabled: true, databaseEnabled: false, goog:chromeOptions: {debuggerAddress: localhost:61651}, handlesAlerts: true, hasTouchScreen: true, javascriptEnabled: true, locationContextEnabled: true, mobileEmulationEnabled: true, nativeEvents: true, networkConnectionEnabled: false, pageLoadStrategy: normal, platform: XP, platformName: XP, rotatable: false, setWindowRect: true, takesHeapSnapshot: true, takesScreenshot: true, unexpectedAlertBehaviour: , unhandledPromptBehavior: , version: 80.0.3987.149, webStorageEnabled: true}
Session ID: ae920a0da08d868a09f98fb3d13cd276
	at org.openqa.selenium.remote.ErrorHandler.createThrowable(ErrorHandler.java:214)
	at org.openqa.selenium.remote.ErrorHandler.throwIfResponseFailed(ErrorHandler.java:166)
	at org.openqa.selenium.remote.http.JsonHttpResponseCodec.reconstructValue(JsonHttpResponseCodec.java:40)
	at org.openqa.selenium.remote.http.AbstractHttpResponseCodec.decode(AbstractHttpResponseCodec.java:80)
	at org.openqa.selenium.remote.http.AbstractHttpResponseCodec.decode(AbstractHttpResponseCodec.java:44)
	at org.openqa.selenium.remote.HttpCommandExecutor.execute(HttpCommandExecutor.java:164)
	at org.openqa.selenium.remote.service.DriverCommandExecutor.execute(DriverCommandExecutor.java:83)
	at org.openqa.selenium.remote.RemoteWebDriver.execute(RemoteWebDriver.java:600)
	at com.kms.katalon.selenium.driver.CChromeDriver.execute(CChromeDriver.java:20)
	at org.openqa.selenium.remote.RemoteWebElement.execute(RemoteWebElement.java:279)
	at org.openqa.selenium.remote.RemoteWebElement.click(RemoteWebElement.java:83)
	at com.thoughtworks.selenium.webdriven.commands.Click.handleSeleneseCommand(Click.java:40)
	at com.thoughtworks.selenium.webdriven.commands.Click.handleSeleneseCommand(Click.java:26)
	at com.thoughtworks.selenium.webdriven.SeleneseCommand.apply(SeleneseCommand.java:36)
	at com.thoughtworks.selenium.webdriven.Timer.run(Timer.java:41)
	at com.thoughtworks.selenium.webdriven.WebDriverCommandProcessor.execute(WebDriverCommandProcessor.java:150)
	at com.thoughtworks.selenium.webdriven.WebDriverCommandProcessor.doCommand(WebDriverCommandProcessor.java:76)
	at com.thoughtworks.selenium.DefaultSelenium.click(DefaultSelenium.java:198)
	at com.thoughtworks.selenium.Selenium$click.call(Unknown Source)
	at Script1583731110248.run(Script1583731110248.groovy:31)
	... 13 more]]></system-out>
         <system-err><![CDATA[2020-03-19 08:01:28 - [TEST_CASE][ERROR] - Test Cases/HIC/New/Dental: Test Cases/HIC/New/Dental FAILED.
Reason:
com.thoughtworks.selenium.SeleniumException: unknown error: Element <button type="button" class="Button-h8watj-0 jWworc trye76-1 btYWOg btn btn-primary" aria-haspopup="true" aria-expanded="false" id="product-lines" title="Select a Product Line" data-toggle="dropdown">...</button> is not clickable at point (187, 636). Other element would receive the click: <a href="tel:5558675309" class="sc-1dmd8vs-31 kWuInD">...</a>
  (Session info: chrome=80.0.3987.149)
  (Driver info: chromedriver=2.43.600210 (68dcf5eebde37173d4027fa8635e332711d2874a),platform=Windows NT 6.3.9600 x86_64) (WARNING: The server did not provide any stacktrace information)
Command duration or timeout: 0 milliseconds
Build info: version: '3.7.1', revision: '8a0099a', time: '2017-11-06T21:07:36.161Z'
System info: host: 'WIN-U215233FMVE', ip: '172.30.0.53', os.name: 'Windows Server 2012 R2', os.arch: 'amd64', os.version: '6.3', java.version: '1.8.0_181'
Driver info: com.kms.katalon.selenium.driver.CChromeDriver
Capabilities {acceptInsecureCerts: false, acceptSslCerts: false, applicationCacheEnabled: false, browserConnectionEnabled: false, browserName: chrome, chrome: {chromedriverVersion: 2.43.600210 (68dcf5eebde371..., userDataDir: C:\Users\ADMINI~1\AppData\L...}, cssSelectorsEnabled: true, databaseEnabled: false, goog:chromeOptions: {debuggerAddress: localhost:61651}, handlesAlerts: true, hasTouchScreen: true, javascriptEnabled: true, locationContextEnabled: true, mobileEmulationEnabled: true, nativeEvents: true, networkConnectionEnabled: false, pageLoadStrategy: normal, platform: XP, platformName: XP, rotatable: false, setWindowRect: true, takesHeapSnapshot: true, takesScreenshot: true, unexpectedAlertBehaviour: , unhandledPromptBehavior: , version: 80.0.3987.149, webStorageEnabled: true}
Session ID: ae920a0da08d868a09f98fb3d13cd276
	at com.thoughtworks.selenium.webdriven.SeleneseCommand.apply(SeleneseCommand.java:45)
	at com.thoughtworks.selenium.webdriven.Timer.run(Timer.java:41)
	at com.thoughtworks.selenium.webdriven.WebDriverCommandProcessor.execute(WebDriverCommandProcessor.java:150)
	at com.thoughtworks.selenium.webdriven.WebDriverCommandProcessor.doCommand(WebDriverCommandProcessor.java:76)
	at com.thoughtworks.selenium.DefaultSelenium.click(DefaultSelenium.java:198)
	at com.thoughtworks.selenium.Selenium$click.call(Unknown Source)
	at Dental.run(Dental:31)
	at com.kms.katalon.core.main.ScriptEngine.run(ScriptEngine.java:194)
	at com.kms.katalon.core.main.ScriptEngine.runScriptAsRawText(ScriptEngine.java:119)
	at com.kms.katalon.core.main.TestCaseExecutor.runScript(TestCaseExecutor.java:328)
	at com.kms.katalon.core.main.TestCaseExecutor.doExecute(TestCaseExecutor.java:319)
	at com.kms.katalon.core.main.TestCaseExecutor.processExecutionPhase(TestCaseExecutor.java:298)
	at com.kms.katalon.core.main.TestCaseExecutor.accessMainPhase(TestCaseExecutor.java:290)
	at com.kms.katalon.core.main.TestCaseExecutor.execute(TestCaseExecutor.java:224)
	at com.kms.katalon.core.main.TestSuiteExecutor.accessTestCaseMainPhase(TestSuiteExecutor.java:129)
	at com.kms.katalon.core.main.TestSuiteExecutor.accessTestSuiteMainPhase(TestSuiteExecutor.java:112)
	at com.kms.katalon.core.main.TestSuiteExecutor.execute(TestSuiteExecutor.java:81)
	at com.kms.katalon.core.main.TestCaseMain.startTestSuite(TestCaseMain.java:149)
	at com.kms.katalon.core.main.TestCaseMain$startTestSuite$0.call(Unknown Source)
	at TempTestSuite1584619233819.run(TempTestSuite1584619233819.groovy:36)
Caused by: org.openqa.selenium.WebDriverException: unknown error: Element <button type="button" class="Button-h8watj-0 jWworc trye76-1 btYWOg btn btn-primary" aria-haspopup="true" aria-expanded="false" id="product-lines" title="Select a Product Line" data-toggle="dropdown">...</button> is not clickable at point (187, 636). Other element would receive the click: <a href="tel:5558675309" class="sc-1dmd8vs-31 kWuInD">...</a>
  (Session info: chrome=80.0.3987.149)
  (Driver info: chromedriver=2.43.600210 (68dcf5eebde37173d4027fa8635e332711d2874a),platform=Windows NT 6.3.9600 x86_64) (WARNING: The server did not provide any stacktrace information)
Command duration or timeout: 0 milliseconds
Build info: version: '3.7.1', revision: '8a0099a', time: '2017-11-06T21:07:36.161Z'
System info: host: 'WIN-U215233FMVE', ip: '172.30.0.53', os.name: 'Windows Server 2012 R2', os.arch: 'amd64', os.version: '6.3', java.version: '1.8.0_181'
Driver info: com.kms.katalon.selenium.driver.CChromeDriver
Capabilities {acceptInsecureCerts: false, acceptSslCerts: false, applicationCacheEnabled: false, browserConnectionEnabled: false, browserName: chrome, chrome: {chromedriverVersion: 2.43.600210 (68dcf5eebde371..., userDataDir: C:\Users\ADMINI~1\AppData\L...}, cssSelectorsEnabled: true, databaseEnabled: false, goog:chromeOptions: {debuggerAddress: localhost:61651}, handlesAlerts: true, hasTouchScreen: true, javascriptEnabled: true, locationContextEnabled: true, mobileEmulationEnabled: true, nativeEvents: true, networkConnectionEnabled: false, pageLoadStrategy: normal, platform: XP, platformName: XP, rotatable: false, setWindowRect: true, takesHeapSnapshot: true, takesScreenshot: true, unexpectedAlertBehaviour: , unhandledPromptBehavior: , version: 80.0.3987.149, webStorageEnabled: true}
Session ID: ae920a0da08d868a09f98fb3d13cd276
	at org.openqa.selenium.remote.ErrorHandler.createThrowable(ErrorHandler.java:214)
	at org.openqa.selenium.remote.ErrorHandler.throwIfResponseFailed(ErrorHandler.java:166)
	at org.openqa.selenium.remote.http.JsonHttpResponseCodec.reconstructValue(JsonHttpResponseCodec.java:40)
	at org.openqa.selenium.remote.http.AbstractHttpResponseCodec.decode(AbstractHttpResponseCodec.java:80)
	at org.openqa.selenium.remote.http.AbstractHttpResponseCodec.decode(AbstractHttpResponseCodec.java:44)
	at org.openqa.selenium.remote.HttpCommandExecutor.execute(HttpCommandExecutor.java:164)
	at org.openqa.selenium.remote.service.DriverCommandExecutor.execute(DriverCommandExecutor.java:83)
	at org.openqa.selenium.remote.RemoteWebDriver.execute(RemoteWebDriver.java:600)
	at com.kms.katalon.selenium.driver.CChromeDriver.execute(CChromeDriver.java:20)
	at org.openqa.selenium.remote.RemoteWebElement.execute(RemoteWebElement.java:279)
	at org.openqa.selenium.remote.RemoteWebElement.click(RemoteWebElement.java:83)
	at com.thoughtworks.selenium.webdriven.commands.Click.handleSeleneseCommand(Click.java:40)
	at com.thoughtworks.selenium.webdriven.commands.Click.handleSeleneseCommand(Click.java:26)
	at com.thoughtworks.selenium.webdriven.SeleneseCommand.apply(SeleneseCommand.java:36)
	at com.thoughtworks.selenium.webdriven.Timer.run(Timer.java:41)
	at com.thoughtworks.selenium.webdriven.WebDriverCommandProcessor.execute(WebDriverCommandProcessor.java:150)
	at com.thoughtworks.selenium.webdriven.WebDriverCommandProcessor.doCommand(WebDriverCommandProcessor.java:76)
	at com.thoughtworks.selenium.DefaultSelenium.click(DefaultSelenium.java:198)
	at com.thoughtworks.selenium.Selenium$click.call(Unknown Source)
	at Script1583731110248.run(Script1583731110248.groovy:31)
	... 13 more]]></system-err>
      </testcase>
      <testcase name="Test Cases/HIC/New/HBI" classname="Test Cases/HIC/New/HBI" status="ERROR">
         <error type="ERROR" message="Test Cases/HIC/New/HBI FAILED.
Reason:
com.thoughtworks.selenium.SeleniumException: unknown error: Element &lt;button type=&quot;button&quot; class=&quot;Button-h8watj-0 jWworc trye76-1 btYWOg btn btn-primary&quot; aria-haspopup=&quot;true&quot; aria-expanded=&quot;false&quot; id=&quot;product-lines&quot; title=&quot;Select a Product Line&quot; data-toggle=&quot;dropdown&quot;>...&lt;/button> is not clickable at point (187, 636). Other element would receive the click: &lt;a href=&quot;tel:5558675309&quot; class=&quot;sc-1dmd8vs-31 kWuInD&quot;>...&lt;/a>
  (Session info: chrome=80.0.3987.149)
  (Driver info: chromedriver=2.43.600210 (68dcf5eebde37173d4027fa8635e332711d2874a),platform=Windows NT 6.3.9600 x86_64) (WARNING: The server did not provide any stacktrace information)
Command duration or timeout: 0 milliseconds
Build info: version: '3.7.1', revision: '8a0099a', time: '2017-11-06T21:07:36.161Z'
System info: host: 'WIN-U215233FMVE', ip: '172.30.0.53', os.name: 'Windows Server 2012 R2', os.arch: 'amd64', os.version: '6.3', java.version: '1.8.0_181'
Driver info: com.kms.katalon.selenium.driver.CChromeDriver
Capabilities {acceptInsecureCerts: false, acceptSslCerts: false, applicationCacheEnabled: false, browserConnectionEnabled: false, browserName: chrome, chrome: {chromedriverVersion: 2.43.600210 (68dcf5eebde371..., userDataDir: C:\Users\ADMINI~1\AppData\L...}, cssSelectorsEnabled: true, databaseEnabled: false, goog:chromeOptions: {debuggerAddress: localhost:61728}, handlesAlerts: true, hasTouchScreen: true, javascriptEnabled: true, locationContextEnabled: true, mobileEmulationEnabled: true, nativeEvents: true, networkConnectionEnabled: false, pageLoadStrategy: normal, platform: XP, platformName: XP, rotatable: false, setWindowRect: true, takesHeapSnapshot: true, takesScreenshot: true, unexpectedAlertBehaviour: , unhandledPromptBehavior: , version: 80.0.3987.149, webStorageEnabled: true}
Session ID: af52ea4591f51dc1ddff1d668521cea9
	at com.thoughtworks.selenium.webdriven.SeleneseCommand.apply(SeleneseCommand.java:45)
	at com.thoughtworks.selenium.webdriven.Timer.run(Timer.java:41)
	at com.thoughtworks.selenium.webdriven.WebDriverCommandProcessor.execute(WebDriverCommandProcessor.java:150)
	at com.thoughtworks.selenium.webdriven.WebDriverCommandProcessor.doCommand(WebDriverCommandProcessor.java:76)
	at com.thoughtworks.selenium.DefaultSelenium.click(DefaultSelenium.java:198)
	at com.thoughtworks.selenium.Selenium$click.call(Unknown Source)
	at HBI.run(HBI:35)
	at com.kms.katalon.core.main.ScriptEngine.run(ScriptEngine.java:194)
	at com.kms.katalon.core.main.ScriptEngine.runScriptAsRawText(ScriptEngine.java:119)
	at com.kms.katalon.core.main.TestCaseExecutor.runScript(TestCaseExecutor.java:328)
	at com.kms.katalon.core.main.TestCaseExecutor.doExecute(TestCaseExecutor.java:319)
	at com.kms.katalon.core.main.TestCaseExecutor.processExecutionPhase(TestCaseExecutor.java:298)
	at com.kms.katalon.core.main.TestCaseExecutor.accessMainPhase(TestCaseExecutor.java:290)
	at com.kms.katalon.core.main.TestCaseExecutor.execute(TestCaseExecutor.java:224)
	at com.kms.katalon.core.main.TestSuiteExecutor.accessTestCaseMainPhase(TestSuiteExecutor.java:129)
	at com.kms.katalon.core.main.TestSuiteExecutor.accessTestSuiteMainPhase(TestSuiteExecutor.java:112)
	at com.kms.katalon.core.main.TestSuiteExecutor.execute(TestSuiteExecutor.java:81)
	at com.kms.katalon.core.main.TestCaseMain.startTestSuite(TestCaseMain.java:149)
	at com.kms.katalon.core.main.TestCaseMain$startTestSuite$0.call(Unknown Source)
	at TempTestSuite1584619233819.run(TempTestSuite1584619233819.groovy:36)
Caused by: org.openqa.selenium.WebDriverException: unknown error: Element &lt;button type=&quot;button&quot; class=&quot;Button-h8watj-0 jWworc trye76-1 btYWOg btn btn-primary&quot; aria-haspopup=&quot;true&quot; aria-expanded=&quot;false&quot; id=&quot;product-lines&quot; title=&quot;Select a Product Line&quot; data-toggle=&quot;dropdown&quot;>...&lt;/button> is not clickable at point (187, 636). Other element would receive the click: &lt;a href=&quot;tel:5558675309&quot; class=&quot;sc-1dmd8vs-31 kWuInD&quot;>...&lt;/a>
  (Session info: chrome=80.0.3987.149)
  (Driver info: chromedriver=2.43.600210 (68dcf5eebde37173d4027fa8635e332711d2874a),platform=Windows NT 6.3.9600 x86_64) (WARNING: The server did not provide any stacktrace information)
Command duration or timeout: 0 milliseconds
Build info: version: '3.7.1', revision: '8a0099a', time: '2017-11-06T21:07:36.161Z'
System info: host: 'WIN-U215233FMVE', ip: '172.30.0.53', os.name: 'Windows Server 2012 R2', os.arch: 'amd64', os.version: '6.3', java.version: '1.8.0_181'
Driver info: com.kms.katalon.selenium.driver.CChromeDriver
Capabilities {acceptInsecureCerts: false, acceptSslCerts: false, applicationCacheEnabled: false, browserConnectionEnabled: false, browserName: chrome, chrome: {chromedriverVersion: 2.43.600210 (68dcf5eebde371..., userDataDir: C:\Users\ADMINI~1\AppData\L...}, cssSelectorsEnabled: true, databaseEnabled: false, goog:chromeOptions: {debuggerAddress: localhost:61728}, handlesAlerts: true, hasTouchScreen: true, javascriptEnabled: true, locationContextEnabled: true, mobileEmulationEnabled: true, nativeEvents: true, networkConnectionEnabled: false, pageLoadStrategy: normal, platform: XP, platformName: XP, rotatable: false, setWindowRect: true, takesHeapSnapshot: true, takesScreenshot: true, unexpectedAlertBehaviour: , unhandledPromptBehavior: , version: 80.0.3987.149, webStorageEnabled: true}
Session ID: af52ea4591f51dc1ddff1d668521cea9
	at org.openqa.selenium.remote.ErrorHandler.createThrowable(ErrorHandler.java:214)
	at org.openqa.selenium.remote.ErrorHandler.throwIfResponseFailed(ErrorHandler.java:166)
	at org.openqa.selenium.remote.http.JsonHttpResponseCodec.reconstructValue(JsonHttpResponseCodec.java:40)
	at org.openqa.selenium.remote.http.AbstractHttpResponseCodec.decode(AbstractHttpResponseCodec.java:80)
	at org.openqa.selenium.remote.http.AbstractHttpResponseCodec.decode(AbstractHttpResponseCodec.java:44)
	at org.openqa.selenium.remote.HttpCommandExecutor.execute(HttpCommandExecutor.java:164)
	at org.openqa.selenium.remote.service.DriverCommandExecutor.execute(DriverCommandExecutor.java:83)
	at org.openqa.selenium.remote.RemoteWebDriver.execute(RemoteWebDriver.java:600)
	at com.kms.katalon.selenium.driver.CChromeDriver.execute(CChromeDriver.java:20)
	at org.openqa.selenium.remote.RemoteWebElement.execute(RemoteWebElement.java:279)
	at org.openqa.selenium.remote.RemoteWebElement.click(RemoteWebElement.java:83)
	at com.thoughtworks.selenium.webdriven.commands.Click.handleSeleneseCommand(Click.java:40)
	at com.thoughtworks.selenium.webdriven.commands.Click.handleSeleneseCommand(Click.java:26)
	at com.thoughtworks.selenium.webdriven.SeleneseCommand.apply(SeleneseCommand.java:36)
	at com.thoughtworks.selenium.webdriven.Timer.run(Timer.java:41)
	at com.thoughtworks.selenium.webdriven.WebDriverCommandProcessor.execute(WebDriverCommandProcessor.java:150)
	at com.thoughtworks.selenium.webdriven.WebDriverCommandProcessor.doCommand(WebDriverCommandProcessor.java:76)
	at com.thoughtworks.selenium.DefaultSelenium.click(DefaultSelenium.java:198)
	at com.thoughtworks.selenium.Selenium$click.call(Unknown Source)
	at Script1583731799742.run(Script1583731799742.groovy:35)
	... 13 more
"/>
         <system-out><![CDATA[2020-03-19 08:01:41 - [TEST_CASE][ERROR] - Test Cases/HIC/New/HBI: Test Cases/HIC/New/HBI FAILED.
Reason:
com.thoughtworks.selenium.SeleniumException: unknown error: Element <button type="button" class="Button-h8watj-0 jWworc trye76-1 btYWOg btn btn-primary" aria-haspopup="true" aria-expanded="false" id="product-lines" title="Select a Product Line" data-toggle="dropdown">...</button> is not clickable at point (187, 636). Other element would receive the click: <a href="tel:5558675309" class="sc-1dmd8vs-31 kWuInD">...</a>
  (Session info: chrome=80.0.3987.149)
  (Driver info: chromedriver=2.43.600210 (68dcf5eebde37173d4027fa8635e332711d2874a),platform=Windows NT 6.3.9600 x86_64) (WARNING: The server did not provide any stacktrace information)
Command duration or timeout: 0 milliseconds
Build info: version: '3.7.1', revision: '8a0099a', time: '2017-11-06T21:07:36.161Z'
System info: host: 'WIN-U215233FMVE', ip: '172.30.0.53', os.name: 'Windows Server 2012 R2', os.arch: 'amd64', os.version: '6.3', java.version: '1.8.0_181'
Driver info: com.kms.katalon.selenium.driver.CChromeDriver
Capabilities {acceptInsecureCerts: false, acceptSslCerts: false, applicationCacheEnabled: false, browserConnectionEnabled: false, browserName: chrome, chrome: {chromedriverVersion: 2.43.600210 (68dcf5eebde371..., userDataDir: C:\Users\ADMINI~1\AppData\L...}, cssSelectorsEnabled: true, databaseEnabled: false, goog:chromeOptions: {debuggerAddress: localhost:61728}, handlesAlerts: true, hasTouchScreen: true, javascriptEnabled: true, locationContextEnabled: true, mobileEmulationEnabled: true, nativeEvents: true, networkConnectionEnabled: false, pageLoadStrategy: normal, platform: XP, platformName: XP, rotatable: false, setWindowRect: true, takesHeapSnapshot: true, takesScreenshot: true, unexpectedAlertBehaviour: , unhandledPromptBehavior: , version: 80.0.3987.149, webStorageEnabled: true}
Session ID: af52ea4591f51dc1ddff1d668521cea9
	at com.thoughtworks.selenium.webdriven.SeleneseCommand.apply(SeleneseCommand.java:45)
	at com.thoughtworks.selenium.webdriven.Timer.run(Timer.java:41)
	at com.thoughtworks.selenium.webdriven.WebDriverCommandProcessor.execute(WebDriverCommandProcessor.java:150)
	at com.thoughtworks.selenium.webdriven.WebDriverCommandProcessor.doCommand(WebDriverCommandProcessor.java:76)
	at com.thoughtworks.selenium.DefaultSelenium.click(DefaultSelenium.java:198)
	at com.thoughtworks.selenium.Selenium$click.call(Unknown Source)
	at HBI.run(HBI:35)
	at com.kms.katalon.core.main.ScriptEngine.run(ScriptEngine.java:194)
	at com.kms.katalon.core.main.ScriptEngine.runScriptAsRawText(ScriptEngine.java:119)
	at com.kms.katalon.core.main.TestCaseExecutor.runScript(TestCaseExecutor.java:328)
	at com.kms.katalon.core.main.TestCaseExecutor.doExecute(TestCaseExecutor.java:319)
	at com.kms.katalon.core.main.TestCaseExecutor.processExecutionPhase(TestCaseExecutor.java:298)
	at com.kms.katalon.core.main.TestCaseExecutor.accessMainPhase(TestCaseExecutor.java:290)
	at com.kms.katalon.core.main.TestCaseExecutor.execute(TestCaseExecutor.java:224)
	at com.kms.katalon.core.main.TestSuiteExecutor.accessTestCaseMainPhase(TestSuiteExecutor.java:129)
	at com.kms.katalon.core.main.TestSuiteExecutor.accessTestSuiteMainPhase(TestSuiteExecutor.java:112)
	at com.kms.katalon.core.main.TestSuiteExecutor.execute(TestSuiteExecutor.java:81)
	at com.kms.katalon.core.main.TestCaseMain.startTestSuite(TestCaseMain.java:149)
	at com.kms.katalon.core.main.TestCaseMain$startTestSuite$0.call(Unknown Source)
	at TempTestSuite1584619233819.run(TempTestSuite1584619233819.groovy:36)
Caused by: org.openqa.selenium.WebDriverException: unknown error: Element <button type="button" class="Button-h8watj-0 jWworc trye76-1 btYWOg btn btn-primary" aria-haspopup="true" aria-expanded="false" id="product-lines" title="Select a Product Line" data-toggle="dropdown">...</button> is not clickable at point (187, 636). Other element would receive the click: <a href="tel:5558675309" class="sc-1dmd8vs-31 kWuInD">...</a>
  (Session info: chrome=80.0.3987.149)
  (Driver info: chromedriver=2.43.600210 (68dcf5eebde37173d4027fa8635e332711d2874a),platform=Windows NT 6.3.9600 x86_64) (WARNING: The server did not provide any stacktrace information)
Command duration or timeout: 0 milliseconds
Build info: version: '3.7.1', revision: '8a0099a', time: '2017-11-06T21:07:36.161Z'
System info: host: 'WIN-U215233FMVE', ip: '172.30.0.53', os.name: 'Windows Server 2012 R2', os.arch: 'amd64', os.version: '6.3', java.version: '1.8.0_181'
Driver info: com.kms.katalon.selenium.driver.CChromeDriver
Capabilities {acceptInsecureCerts: false, acceptSslCerts: false, applicationCacheEnabled: false, browserConnectionEnabled: false, browserName: chrome, chrome: {chromedriverVersion: 2.43.600210 (68dcf5eebde371..., userDataDir: C:\Users\ADMINI~1\AppData\L...}, cssSelectorsEnabled: true, databaseEnabled: false, goog:chromeOptions: {debuggerAddress: localhost:61728}, handlesAlerts: true, hasTouchScreen: true, javascriptEnabled: true, locationContextEnabled: true, mobileEmulationEnabled: true, nativeEvents: true, networkConnectionEnabled: false, pageLoadStrategy: normal, platform: XP, platformName: XP, rotatable: false, setWindowRect: true, takesHeapSnapshot: true, takesScreenshot: true, unexpectedAlertBehaviour: , unhandledPromptBehavior: , version: 80.0.3987.149, webStorageEnabled: true}
Session ID: af52ea4591f51dc1ddff1d668521cea9
	at org.openqa.selenium.remote.ErrorHandler.createThrowable(ErrorHandler.java:214)
	at org.openqa.selenium.remote.ErrorHandler.throwIfResponseFailed(ErrorHandler.java:166)
	at org.openqa.selenium.remote.http.JsonHttpResponseCodec.reconstructValue(JsonHttpResponseCodec.java:40)
	at org.openqa.selenium.remote.http.AbstractHttpResponseCodec.decode(AbstractHttpResponseCodec.java:80)
	at org.openqa.selenium.remote.http.AbstractHttpResponseCodec.decode(AbstractHttpResponseCodec.java:44)
	at org.openqa.selenium.remote.HttpCommandExecutor.execute(HttpCommandExecutor.java:164)
	at org.openqa.selenium.remote.service.DriverCommandExecutor.execute(DriverCommandExecutor.java:83)
	at org.openqa.selenium.remote.RemoteWebDriver.execute(RemoteWebDriver.java:600)
	at com.kms.katalon.selenium.driver.CChromeDriver.execute(CChromeDriver.java:20)
	at org.openqa.selenium.remote.RemoteWebElement.execute(RemoteWebElement.java:279)
	at org.openqa.selenium.remote.RemoteWebElement.click(RemoteWebElement.java:83)
	at com.thoughtworks.selenium.webdriven.commands.Click.handleSeleneseCommand(Click.java:40)
	at com.thoughtworks.selenium.webdriven.commands.Click.handleSeleneseCommand(Click.java:26)
	at com.thoughtworks.selenium.webdriven.SeleneseCommand.apply(SeleneseCommand.java:36)
	at com.thoughtworks.selenium.webdriven.Timer.run(Timer.java:41)
	at com.thoughtworks.selenium.webdriven.WebDriverCommandProcessor.execute(WebDriverCommandProcessor.java:150)
	at com.thoughtworks.selenium.webdriven.WebDriverCommandProcessor.doCommand(WebDriverCommandProcessor.java:76)
	at com.thoughtworks.selenium.DefaultSelenium.click(DefaultSelenium.java:198)
	at com.thoughtworks.selenium.Selenium$click.call(Unknown Source)
	at Script1583731799742.run(Script1583731799742.groovy:35)
	... 13 more


2020-03-19 08:01:42 - [TEST_STEP][PASSED] - callTestCase(findTestCase("HIC/_include/get_hicScreenPath"), ["project":"HIC", "productLine":"HBI", "carrierName":"HBI"], CONTINUE_ON_FAILURE): Call Test Case 'Test Cases/HIC/_include/get_hicScreenPath' successfully

2020-03-19 08:01:42 - [TEST_CASE][PASSED] - Test Cases/HIC/_include/get_hicScreenPath: Test Cases/HIC/_include/get_hicScreenPath

2020-03-19 08:01:42 - [TEST_STEP][PASSED] - m = getExecutionProperties(): null

2020-03-19 08:01:42 - [TEST_STEP][PASSED] - deviceName = get("mobileEmulation").get("deviceName"): null

2020-03-19 08:01:42 - [TEST_STEP][PASSED] - println(deviceName): null

2020-03-19 08:01:42 - [TEST_STEP][PASSED] - now = new java.util.Date(): null

2020-03-19 08:01:42 - [TEST_STEP][PASSED] - mydate = now.format("yyyyMMdd_HHmmss"): null

2020-03-19 08:01:42 - [TEST_STEP][PASSED] - screenPath = "../Screenshots/": null

2020-03-19 08:01:42 - [TEST_STEP][PASSED] - screenPath = screenPath + deviceName + "/" + project + "/" + productLine + "/" + carrierName + "/" + mydate + "/": null

2020-03-19 08:01:42 - [TEST_STEP][PASSED] - println(screenPath): null

2020-03-19 08:01:42 - [MESSAGE][PASSED] - Call Test Case 'Test Cases/HIC/_include/get_hicScreenPath' successfully

2020-03-19 08:01:42 - [TEST_STEP][PASSED] - i = 0: null

2020-03-19 08:01:42 - [TEST_STEP][PASSED] - callTestCase(findTestCase("AHI/_include/openWebSite"), ["env":env], CONTINUE_ON_FAILURE): Call Test Case 'Test Cases/AHI/_include/openWebSite' successfully

2020-03-19 08:01:42 - [TEST_CASE][PASSED] - Test Cases/AHI/_include/openWebSite: Test Cases/AHI/_include/openWebSite

2020-03-19 08:01:42 - [TEST_STEP][PASSED] - openBrowser(env): Browser is opened with url: 'https://qa.healthinsurance.com'

2020-03-19 08:01:42 - [MESSAGE][WARNING] - A browser is already opened. Closing browser and opening a new one

2020-03-19 08:01:45 - [MESSAGE][INFO] - Starting 'Chrome' driver

2020-03-19 08:01:45 - [MESSAGE][INFO] - User set preference: ['mobileEmulation', '{deviceName=iPhone 6}']

2020-03-19 08:01:45 - [MESSAGE][INFO] - User set preference: ['args', '[--incognito, --aggressive-cache-discard, --window-size=375,677, --no-sandbox, --ignore-certificate-errors]']

2020-03-19 08:01:55 - [MESSAGE][PASSED] - Browser is opened with url: 'https://qa.healthinsurance.com'

2020-03-19 08:01:55 - [TEST_STEP][PASSED] - waitForPageLoad(20): Wait for page load successfully

2020-03-19 08:01:55 - [MESSAGE][PASSED] - Wait for page load successfully

2020-03-19 08:01:55 - [TEST_STEP][PASSED] - callTestCase(findTestCase("AHI/_include/get_screenshot"), [:], STOP_ON_FAILURE): Call Test Case 'Test Cases/AHI/_include/get_screenshot' successfully

2020-03-19 08:01:55 - [TEST_CASE][PASSED] - Test Cases/AHI/_include/get_screenshot: Test Cases/AHI/_include/get_screenshot

2020-03-19 08:01:55 - [TEST_STEP][PASSED] - Thread.sleep(1000): null

2020-03-19 08:01:56 - [TEST_STEP][PASSED] - takeScreenshot(screenPath + i + ".png"): Taking screenshot successfully

2020-03-19 08:01:57 - [MESSAGE][PASSED] - Taking screenshot successfully
[[ATTACHMENT|D:\\Test\\AgileTest\\Reports\\HIC\\hic\\20200319_080033\\../Screenshots/iPhone 6/HIC/HBI/HBI/20200319_080142/0.png]]

2020-03-19 08:01:57 - [TEST_STEP][PASSED] - (internal.GlobalVariable.i++): null

2020-03-19 08:01:57 - [MESSAGE][PASSED] - Call Test Case 'Test Cases/AHI/_include/get_screenshot' successfully

2020-03-19 08:01:57 - [MESSAGE][PASSED] - Call Test Case 'Test Cases/AHI/_include/openWebSite' successfully

2020-03-19 08:01:57 - [TEST_STEP][PASSED] - driver = getWebDriver(): null

2020-03-19 08:01:57 - [TEST_STEP][PASSED] - baseUrl = env: null

2020-03-19 08:01:57 - [TEST_STEP][PASSED] - selenium = new com.thoughtworks.selenium.webdriven.WebDriverBackedSelenium(driver, baseUrl): null

2020-03-19 08:01:57 - [TEST_STEP][ERROR] - selenium.click("id=product-lines"): selenium.click("id=product-lines") FAILED.
Reason:
com.thoughtworks.selenium.SeleniumException: unknown error: Element <button type="button" class="Button-h8watj-0 jWworc trye76-1 btYWOg btn btn-primary" aria-haspopup="true" aria-expanded="false" id="product-lines" title="Select a Product Line" data-toggle="dropdown">...</button> is not clickable at point (187, 636). Other element would receive the click: <a href="tel:5558675309" class="sc-1dmd8vs-31 kWuInD">...</a>
  (Session info: chrome=80.0.3987.149)
  (Driver info: chromedriver=2.43.600210 (68dcf5eebde37173d4027fa8635e332711d2874a),platform=Windows NT 6.3.9600 x86_64) (WARNING: The server did not provide any stacktrace information)
Command duration or timeout: 0 milliseconds
Build info: version: '3.7.1', revision: '8a0099a', time: '2017-11-06T21:07:36.161Z'
System info: host: 'WIN-U215233FMVE', ip: '172.30.0.53', os.name: 'Windows Server 2012 R2', os.arch: 'amd64', os.version: '6.3', java.version: '1.8.0_181'
Driver info: com.kms.katalon.selenium.driver.CChromeDriver
Capabilities {acceptInsecureCerts: false, acceptSslCerts: false, applicationCacheEnabled: false, browserConnectionEnabled: false, browserName: chrome, chrome: {chromedriverVersion: 2.43.600210 (68dcf5eebde371..., userDataDir: C:\Users\ADMINI~1\AppData\L...}, cssSelectorsEnabled: true, databaseEnabled: false, goog:chromeOptions: {debuggerAddress: localhost:61728}, handlesAlerts: true, hasTouchScreen: true, javascriptEnabled: true, locationContextEnabled: true, mobileEmulationEnabled: true, nativeEvents: true, networkConnectionEnabled: false, pageLoadStrategy: normal, platform: XP, platformName: XP, rotatable: false, setWindowRect: true, takesHeapSnapshot: true, takesScreenshot: true, unexpectedAlertBehaviour: , unhandledPromptBehavior: , version: 80.0.3987.149, webStorageEnabled: true}
Session ID: af52ea4591f51dc1ddff1d668521cea9
	at com.thoughtworks.selenium.webdriven.SeleneseCommand.apply(SeleneseCommand.java:45)
	at com.thoughtworks.selenium.webdriven.Timer.run(Timer.java:41)
	at com.thoughtworks.selenium.webdriven.WebDriverCommandProcessor.execute(WebDriverCommandProcessor.java:150)
	at com.thoughtworks.selenium.webdriven.WebDriverCommandProcessor.doCommand(WebDriverCommandProcessor.java:76)
	at com.thoughtworks.selenium.DefaultSelenium.click(DefaultSelenium.java:198)
	at com.thoughtworks.selenium.Selenium$click.call(Unknown Source)
	at HBI.run(HBI:35)
	at com.kms.katalon.core.main.ScriptEngine.run(ScriptEngine.java:194)
	at com.kms.katalon.core.main.ScriptEngine.runScriptAsRawText(ScriptEngine.java:119)
	at com.kms.katalon.core.main.TestCaseExecutor.runScript(TestCaseExecutor.java:328)
	at com.kms.katalon.core.main.TestCaseExecutor.doExecute(TestCaseExecutor.java:319)
	at com.kms.katalon.core.main.TestCaseExecutor.processExecutionPhase(TestCaseExecutor.java:298)
	at com.kms.katalon.core.main.TestCaseExecutor.accessMainPhase(TestCaseExecutor.java:290)
	at com.kms.katalon.core.main.TestCaseExecutor.execute(TestCaseExecutor.java:224)
	at com.kms.katalon.core.main.TestSuiteExecutor.accessTestCaseMainPhase(TestSuiteExecutor.java:129)
	at com.kms.katalon.core.main.TestSuiteExecutor.accessTestSuiteMainPhase(TestSuiteExecutor.java:112)
	at com.kms.katalon.core.main.TestSuiteExecutor.execute(TestSuiteExecutor.java:81)
	at com.kms.katalon.core.main.TestCaseMain.startTestSuite(TestCaseMain.java:149)
	at com.kms.katalon.core.main.TestCaseMain$startTestSuite$0.call(Unknown Source)
	at TempTestSuite1584619233819.run(TempTestSuite1584619233819.groovy:36)
Caused by: org.openqa.selenium.WebDriverException: unknown error: Element <button type="button" class="Button-h8watj-0 jWworc trye76-1 btYWOg btn btn-primary" aria-haspopup="true" aria-expanded="false" id="product-lines" title="Select a Product Line" data-toggle="dropdown">...</button> is not clickable at point (187, 636). Other element would receive the click: <a href="tel:5558675309" class="sc-1dmd8vs-31 kWuInD">...</a>
  (Session info: chrome=80.0.3987.149)
  (Driver info: chromedriver=2.43.600210 (68dcf5eebde37173d4027fa8635e332711d2874a),platform=Windows NT 6.3.9600 x86_64) (WARNING: The server did not provide any stacktrace information)
Command duration or timeout: 0 milliseconds
Build info: version: '3.7.1', revision: '8a0099a', time: '2017-11-06T21:07:36.161Z'
System info: host: 'WIN-U215233FMVE', ip: '172.30.0.53', os.name: 'Windows Server 2012 R2', os.arch: 'amd64', os.version: '6.3', java.version: '1.8.0_181'
Driver info: com.kms.katalon.selenium.driver.CChromeDriver
Capabilities {acceptInsecureCerts: false, acceptSslCerts: false, applicationCacheEnabled: false, browserConnectionEnabled: false, browserName: chrome, chrome: {chromedriverVersion: 2.43.600210 (68dcf5eebde371..., userDataDir: C:\Users\ADMINI~1\AppData\L...}, cssSelectorsEnabled: true, databaseEnabled: false, goog:chromeOptions: {debuggerAddress: localhost:61728}, handlesAlerts: true, hasTouchScreen: true, javascriptEnabled: true, locationContextEnabled: true, mobileEmulationEnabled: true, nativeEvents: true, networkConnectionEnabled: false, pageLoadStrategy: normal, platform: XP, platformName: XP, rotatable: false, setWindowRect: true, takesHeapSnapshot: true, takesScreenshot: true, unexpectedAlertBehaviour: , unhandledPromptBehavior: , version: 80.0.3987.149, webStorageEnabled: true}
Session ID: af52ea4591f51dc1ddff1d668521cea9
	at org.openqa.selenium.remote.ErrorHandler.createThrowable(ErrorHandler.java:214)
	at org.openqa.selenium.remote.ErrorHandler.throwIfResponseFailed(ErrorHandler.java:166)
	at org.openqa.selenium.remote.http.JsonHttpResponseCodec.reconstructValue(JsonHttpResponseCodec.java:40)
	at org.openqa.selenium.remote.http.AbstractHttpResponseCodec.decode(AbstractHttpResponseCodec.java:80)
	at org.openqa.selenium.remote.http.AbstractHttpResponseCodec.decode(AbstractHttpResponseCodec.java:44)
	at org.openqa.selenium.remote.HttpCommandExecutor.execute(HttpCommandExecutor.java:164)
	at org.openqa.selenium.remote.service.DriverCommandExecutor.execute(DriverCommandExecutor.java:83)
	at org.openqa.selenium.remote.RemoteWebDriver.execute(RemoteWebDriver.java:600)
	at com.kms.katalon.selenium.driver.CChromeDriver.execute(CChromeDriver.java:20)
	at org.openqa.selenium.remote.RemoteWebElement.execute(RemoteWebElement.java:279)
	at org.openqa.selenium.remote.RemoteWebElement.click(RemoteWebElement.java:83)
	at com.thoughtworks.selenium.webdriven.commands.Click.handleSeleneseCommand(Click.java:40)
	at com.thoughtworks.selenium.webdriven.commands.Click.handleSeleneseCommand(Click.java:26)
	at com.thoughtworks.selenium.webdriven.SeleneseCommand.apply(SeleneseCommand.java:36)
	at com.thoughtworks.selenium.webdriven.Timer.run(Timer.java:41)
	at com.thoughtworks.selenium.webdriven.WebDriverCommandProcessor.execute(WebDriverCommandProcessor.java:150)
	at com.thoughtworks.selenium.webdriven.WebDriverCommandProcessor.doCommand(WebDriverCommandProcessor.java:76)
	at com.thoughtworks.selenium.DefaultSelenium.click(DefaultSelenium.java:198)
	at com.thoughtworks.selenium.Selenium$click.call(Unknown Source)
	at Script1583731799742.run(Script1583731799742.groovy:35)
	... 13 more


2020-03-19 08:01:57 - [MESSAGE][ERROR] - selenium.click("id=product-lines") FAILED.
Reason:
com.thoughtworks.selenium.SeleniumException: unknown error: Element <button type="button" class="Button-h8watj-0 jWworc trye76-1 btYWOg btn btn-primary" aria-haspopup="true" aria-expanded="false" id="product-lines" title="Select a Product Line" data-toggle="dropdown">...</button> is not clickable at point (187, 636). Other element would receive the click: <a href="tel:5558675309" class="sc-1dmd8vs-31 kWuInD">...</a>
  (Session info: chrome=80.0.3987.149)
  (Driver info: chromedriver=2.43.600210 (68dcf5eebde37173d4027fa8635e332711d2874a),platform=Windows NT 6.3.9600 x86_64) (WARNING: The server did not provide any stacktrace information)
Command duration or timeout: 0 milliseconds
Build info: version: '3.7.1', revision: '8a0099a', time: '2017-11-06T21:07:36.161Z'
System info: host: 'WIN-U215233FMVE', ip: '172.30.0.53', os.name: 'Windows Server 2012 R2', os.arch: 'amd64', os.version: '6.3', java.version: '1.8.0_181'
Driver info: com.kms.katalon.selenium.driver.CChromeDriver
Capabilities {acceptInsecureCerts: false, acceptSslCerts: false, applicationCacheEnabled: false, browserConnectionEnabled: false, browserName: chrome, chrome: {chromedriverVersion: 2.43.600210 (68dcf5eebde371..., userDataDir: C:\Users\ADMINI~1\AppData\L...}, cssSelectorsEnabled: true, databaseEnabled: false, goog:chromeOptions: {debuggerAddress: localhost:61728}, handlesAlerts: true, hasTouchScreen: true, javascriptEnabled: true, locationContextEnabled: true, mobileEmulationEnabled: true, nativeEvents: true, networkConnectionEnabled: false, pageLoadStrategy: normal, platform: XP, platformName: XP, rotatable: false, setWindowRect: true, takesHeapSnapshot: true, takesScreenshot: true, unexpectedAlertBehaviour: , unhandledPromptBehavior: , version: 80.0.3987.149, webStorageEnabled: true}
Session ID: af52ea4591f51dc1ddff1d668521cea9
	at com.thoughtworks.selenium.webdriven.SeleneseCommand.apply(SeleneseCommand.java:45)
	at com.thoughtworks.selenium.webdriven.Timer.run(Timer.java:41)
	at com.thoughtworks.selenium.webdriven.WebDriverCommandProcessor.execute(WebDriverCommandProcessor.java:150)
	at com.thoughtworks.selenium.webdriven.WebDriverCommandProcessor.doCommand(WebDriverCommandProcessor.java:76)
	at com.thoughtworks.selenium.DefaultSelenium.click(DefaultSelenium.java:198)
	at com.thoughtworks.selenium.Selenium$click.call(Unknown Source)
	at HBI.run(HBI:35)
	at com.kms.katalon.core.main.ScriptEngine.run(ScriptEngine.java:194)
	at com.kms.katalon.core.main.ScriptEngine.runScriptAsRawText(ScriptEngine.java:119)
	at com.kms.katalon.core.main.TestCaseExecutor.runScript(TestCaseExecutor.java:328)
	at com.kms.katalon.core.main.TestCaseExecutor.doExecute(TestCaseExecutor.java:319)
	at com.kms.katalon.core.main.TestCaseExecutor.processExecutionPhase(TestCaseExecutor.java:298)
	at com.kms.katalon.core.main.TestCaseExecutor.accessMainPhase(TestCaseExecutor.java:290)
	at com.kms.katalon.core.main.TestCaseExecutor.execute(TestCaseExecutor.java:224)
	at com.kms.katalon.core.main.TestSuiteExecutor.accessTestCaseMainPhase(TestSuiteExecutor.java:129)
	at com.kms.katalon.core.main.TestSuiteExecutor.accessTestSuiteMainPhase(TestSuiteExecutor.java:112)
	at com.kms.katalon.core.main.TestSuiteExecutor.execute(TestSuiteExecutor.java:81)
	at com.kms.katalon.core.main.TestCaseMain.startTestSuite(TestCaseMain.java:149)
	at com.kms.katalon.core.main.TestCaseMain$startTestSuite$0.call(Unknown Source)
	at TempTestSuite1584619233819.run(TempTestSuite1584619233819.groovy:36)
Caused by: org.openqa.selenium.WebDriverException: unknown error: Element <button type="button" class="Button-h8watj-0 jWworc trye76-1 btYWOg btn btn-primary" aria-haspopup="true" aria-expanded="false" id="product-lines" title="Select a Product Line" data-toggle="dropdown">...</button> is not clickable at point (187, 636). Other element would receive the click: <a href="tel:5558675309" class="sc-1dmd8vs-31 kWuInD">...</a>
  (Session info: chrome=80.0.3987.149)
  (Driver info: chromedriver=2.43.600210 (68dcf5eebde37173d4027fa8635e332711d2874a),platform=Windows NT 6.3.9600 x86_64) (WARNING: The server did not provide any stacktrace information)
Command duration or timeout: 0 milliseconds
Build info: version: '3.7.1', revision: '8a0099a', time: '2017-11-06T21:07:36.161Z'
System info: host: 'WIN-U215233FMVE', ip: '172.30.0.53', os.name: 'Windows Server 2012 R2', os.arch: 'amd64', os.version: '6.3', java.version: '1.8.0_181'
Driver info: com.kms.katalon.selenium.driver.CChromeDriver
Capabilities {acceptInsecureCerts: false, acceptSslCerts: false, applicationCacheEnabled: false, browserConnectionEnabled: false, browserName: chrome, chrome: {chromedriverVersion: 2.43.600210 (68dcf5eebde371..., userDataDir: C:\Users\ADMINI~1\AppData\L...}, cssSelectorsEnabled: true, databaseEnabled: false, goog:chromeOptions: {debuggerAddress: localhost:61728}, handlesAlerts: true, hasTouchScreen: true, javascriptEnabled: true, locationContextEnabled: true, mobileEmulationEnabled: true, nativeEvents: true, networkConnectionEnabled: false, pageLoadStrategy: normal, platform: XP, platformName: XP, rotatable: false, setWindowRect: true, takesHeapSnapshot: true, takesScreenshot: true, unexpectedAlertBehaviour: , unhandledPromptBehavior: , version: 80.0.3987.149, webStorageEnabled: true}
Session ID: af52ea4591f51dc1ddff1d668521cea9
	at org.openqa.selenium.remote.ErrorHandler.createThrowable(ErrorHandler.java:214)
	at org.openqa.selenium.remote.ErrorHandler.throwIfResponseFailed(ErrorHandler.java:166)
	at org.openqa.selenium.remote.http.JsonHttpResponseCodec.reconstructValue(JsonHttpResponseCodec.java:40)
	at org.openqa.selenium.remote.http.AbstractHttpResponseCodec.decode(AbstractHttpResponseCodec.java:80)
	at org.openqa.selenium.remote.http.AbstractHttpResponseCodec.decode(AbstractHttpResponseCodec.java:44)
	at org.openqa.selenium.remote.HttpCommandExecutor.execute(HttpCommandExecutor.java:164)
	at org.openqa.selenium.remote.service.DriverCommandExecutor.execute(DriverCommandExecutor.java:83)
	at org.openqa.selenium.remote.RemoteWebDriver.execute(RemoteWebDriver.java:600)
	at com.kms.katalon.selenium.driver.CChromeDriver.execute(CChromeDriver.java:20)
	at org.openqa.selenium.remote.RemoteWebElement.execute(RemoteWebElement.java:279)
	at org.openqa.selenium.remote.RemoteWebElement.click(RemoteWebElement.java:83)
	at com.thoughtworks.selenium.webdriven.commands.Click.handleSeleneseCommand(Click.java:40)
	at com.thoughtworks.selenium.webdriven.commands.Click.handleSeleneseCommand(Click.java:26)
	at com.thoughtworks.selenium.webdriven.SeleneseCommand.apply(SeleneseCommand.java:36)
	at com.thoughtworks.selenium.webdriven.Timer.run(Timer.java:41)
	at com.thoughtworks.selenium.webdriven.WebDriverCommandProcessor.execute(WebDriverCommandProcessor.java:150)
	at com.thoughtworks.selenium.webdriven.WebDriverCommandProcessor.doCommand(WebDriverCommandProcessor.java:76)
	at com.thoughtworks.selenium.DefaultSelenium.click(DefaultSelenium.java:198)
	at com.thoughtworks.selenium.Selenium$click.call(Unknown Source)
	at Script1583731799742.run(Script1583731799742.groovy:35)
	... 13 more]]></system-out>
         <system-err><![CDATA[2020-03-19 08:01:41 - [TEST_CASE][ERROR] - Test Cases/HIC/New/HBI: Test Cases/HIC/New/HBI FAILED.
Reason:
com.thoughtworks.selenium.SeleniumException: unknown error: Element <button type="button" class="Button-h8watj-0 jWworc trye76-1 btYWOg btn btn-primary" aria-haspopup="true" aria-expanded="false" id="product-lines" title="Select a Product Line" data-toggle="dropdown">...</button> is not clickable at point (187, 636). Other element would receive the click: <a href="tel:5558675309" class="sc-1dmd8vs-31 kWuInD">...</a>
  (Session info: chrome=80.0.3987.149)
  (Driver info: chromedriver=2.43.600210 (68dcf5eebde37173d4027fa8635e332711d2874a),platform=Windows NT 6.3.9600 x86_64) (WARNING: The server did not provide any stacktrace information)
Command duration or timeout: 0 milliseconds
Build info: version: '3.7.1', revision: '8a0099a', time: '2017-11-06T21:07:36.161Z'
System info: host: 'WIN-U215233FMVE', ip: '172.30.0.53', os.name: 'Windows Server 2012 R2', os.arch: 'amd64', os.version: '6.3', java.version: '1.8.0_181'
Driver info: com.kms.katalon.selenium.driver.CChromeDriver
Capabilities {acceptInsecureCerts: false, acceptSslCerts: false, applicationCacheEnabled: false, browserConnectionEnabled: false, browserName: chrome, chrome: {chromedriverVersion: 2.43.600210 (68dcf5eebde371..., userDataDir: C:\Users\ADMINI~1\AppData\L...}, cssSelectorsEnabled: true, databaseEnabled: false, goog:chromeOptions: {debuggerAddress: localhost:61728}, handlesAlerts: true, hasTouchScreen: true, javascriptEnabled: true, locationContextEnabled: true, mobileEmulationEnabled: true, nativeEvents: true, networkConnectionEnabled: false, pageLoadStrategy: normal, platform: XP, platformName: XP, rotatable: false, setWindowRect: true, takesHeapSnapshot: true, takesScreenshot: true, unexpectedAlertBehaviour: , unhandledPromptBehavior: , version: 80.0.3987.149, webStorageEnabled: true}
Session ID: af52ea4591f51dc1ddff1d668521cea9
	at com.thoughtworks.selenium.webdriven.SeleneseCommand.apply(SeleneseCommand.java:45)
	at com.thoughtworks.selenium.webdriven.Timer.run(Timer.java:41)
	at com.thoughtworks.selenium.webdriven.WebDriverCommandProcessor.execute(WebDriverCommandProcessor.java:150)
	at com.thoughtworks.selenium.webdriven.WebDriverCommandProcessor.doCommand(WebDriverCommandProcessor.java:76)
	at com.thoughtworks.selenium.DefaultSelenium.click(DefaultSelenium.java:198)
	at com.thoughtworks.selenium.Selenium$click.call(Unknown Source)
	at HBI.run(HBI:35)
	at com.kms.katalon.core.main.ScriptEngine.run(ScriptEngine.java:194)
	at com.kms.katalon.core.main.ScriptEngine.runScriptAsRawText(ScriptEngine.java:119)
	at com.kms.katalon.core.main.TestCaseExecutor.runScript(TestCaseExecutor.java:328)
	at com.kms.katalon.core.main.TestCaseExecutor.doExecute(TestCaseExecutor.java:319)
	at com.kms.katalon.core.main.TestCaseExecutor.processExecutionPhase(TestCaseExecutor.java:298)
	at com.kms.katalon.core.main.TestCaseExecutor.accessMainPhase(TestCaseExecutor.java:290)
	at com.kms.katalon.core.main.TestCaseExecutor.execute(TestCaseExecutor.java:224)
	at com.kms.katalon.core.main.TestSuiteExecutor.accessTestCaseMainPhase(TestSuiteExecutor.java:129)
	at com.kms.katalon.core.main.TestSuiteExecutor.accessTestSuiteMainPhase(TestSuiteExecutor.java:112)
	at com.kms.katalon.core.main.TestSuiteExecutor.execute(TestSuiteExecutor.java:81)
	at com.kms.katalon.core.main.TestCaseMain.startTestSuite(TestCaseMain.java:149)
	at com.kms.katalon.core.main.TestCaseMain$startTestSuite$0.call(Unknown Source)
	at TempTestSuite1584619233819.run(TempTestSuite1584619233819.groovy:36)
Caused by: org.openqa.selenium.WebDriverException: unknown error: Element <button type="button" class="Button-h8watj-0 jWworc trye76-1 btYWOg btn btn-primary" aria-haspopup="true" aria-expanded="false" id="product-lines" title="Select a Product Line" data-toggle="dropdown">...</button> is not clickable at point (187, 636). Other element would receive the click: <a href="tel:5558675309" class="sc-1dmd8vs-31 kWuInD">...</a>
  (Session info: chrome=80.0.3987.149)
  (Driver info: chromedriver=2.43.600210 (68dcf5eebde37173d4027fa8635e332711d2874a),platform=Windows NT 6.3.9600 x86_64) (WARNING: The server did not provide any stacktrace information)
Command duration or timeout: 0 milliseconds
Build info: version: '3.7.1', revision: '8a0099a', time: '2017-11-06T21:07:36.161Z'
System info: host: 'WIN-U215233FMVE', ip: '172.30.0.53', os.name: 'Windows Server 2012 R2', os.arch: 'amd64', os.version: '6.3', java.version: '1.8.0_181'
Driver info: com.kms.katalon.selenium.driver.CChromeDriver
Capabilities {acceptInsecureCerts: false, acceptSslCerts: false, applicationCacheEnabled: false, browserConnectionEnabled: false, browserName: chrome, chrome: {chromedriverVersion: 2.43.600210 (68dcf5eebde371..., userDataDir: C:\Users\ADMINI~1\AppData\L...}, cssSelectorsEnabled: true, databaseEnabled: false, goog:chromeOptions: {debuggerAddress: localhost:61728}, handlesAlerts: true, hasTouchScreen: true, javascriptEnabled: true, locationContextEnabled: true, mobileEmulationEnabled: true, nativeEvents: true, networkConnectionEnabled: false, pageLoadStrategy: normal, platform: XP, platformName: XP, rotatable: false, setWindowRect: true, takesHeapSnapshot: true, takesScreenshot: true, unexpectedAlertBehaviour: , unhandledPromptBehavior: , version: 80.0.3987.149, webStorageEnabled: true}
Session ID: af52ea4591f51dc1ddff1d668521cea9
	at org.openqa.selenium.remote.ErrorHandler.createThrowable(ErrorHandler.java:214)
	at org.openqa.selenium.remote.ErrorHandler.throwIfResponseFailed(ErrorHandler.java:166)
	at org.openqa.selenium.remote.http.JsonHttpResponseCodec.reconstructValue(JsonHttpResponseCodec.java:40)
	at org.openqa.selenium.remote.http.AbstractHttpResponseCodec.decode(AbstractHttpResponseCodec.java:80)
	at org.openqa.selenium.remote.http.AbstractHttpResponseCodec.decode(AbstractHttpResponseCodec.java:44)
	at org.openqa.selenium.remote.HttpCommandExecutor.execute(HttpCommandExecutor.java:164)
	at org.openqa.selenium.remote.service.DriverCommandExecutor.execute(DriverCommandExecutor.java:83)
	at org.openqa.selenium.remote.RemoteWebDriver.execute(RemoteWebDriver.java:600)
	at com.kms.katalon.selenium.driver.CChromeDriver.execute(CChromeDriver.java:20)
	at org.openqa.selenium.remote.RemoteWebElement.execute(RemoteWebElement.java:279)
	at org.openqa.selenium.remote.RemoteWebElement.click(RemoteWebElement.java:83)
	at com.thoughtworks.selenium.webdriven.commands.Click.handleSeleneseCommand(Click.java:40)
	at com.thoughtworks.selenium.webdriven.commands.Click.handleSeleneseCommand(Click.java:26)
	at com.thoughtworks.selenium.webdriven.SeleneseCommand.apply(SeleneseCommand.java:36)
	at com.thoughtworks.selenium.webdriven.Timer.run(Timer.java:41)
	at com.thoughtworks.selenium.webdriven.WebDriverCommandProcessor.execute(WebDriverCommandProcessor.java:150)
	at com.thoughtworks.selenium.webdriven.WebDriverCommandProcessor.doCommand(WebDriverCommandProcessor.java:76)
	at com.thoughtworks.selenium.DefaultSelenium.click(DefaultSelenium.java:198)
	at com.thoughtworks.selenium.Selenium$click.call(Unknown Source)
	at Script1583731799742.run(Script1583731799742.groovy:35)
	... 13 more]]></system-err>
      </testcase>
      <testcase name="Test Cases/HIC/New/Medicare" classname="Test Cases/HIC/New/Medicare" status="ERROR">
         <error type="ERROR" message="Test Cases/HIC/New/Medicare FAILED.
Reason:
com.thoughtworks.selenium.SeleniumException: unknown error: Element &lt;button type=&quot;button&quot; class=&quot;r4giz5-1 r4giz5-2 nmdtlk-0 trye76-5 hLKSSy btn btn-primary&quot;>...&lt;/button> is not clickable at point (187, 631). Other element would receive the click: &lt;div class=&quot;sc-1dmd8vs-30 jsxlaR&quot;>...&lt;/div>
  (Session info: chrome=80.0.3987.149)
  (Driver info: chromedriver=2.43.600210 (68dcf5eebde37173d4027fa8635e332711d2874a),platform=Windows NT 6.3.9600 x86_64) (WARNING: The server did not provide any stacktrace information)
Command duration or timeout: 0 milliseconds
Build info: version: '3.7.1', revision: '8a0099a', time: '2017-11-06T21:07:36.161Z'
System info: host: 'WIN-U215233FMVE', ip: '172.30.0.53', os.name: 'Windows Server 2012 R2', os.arch: 'amd64', os.version: '6.3', java.version: '1.8.0_181'
Driver info: com.kms.katalon.selenium.driver.CChromeDriver
Capabilities {acceptInsecureCerts: false, acceptSslCerts: false, applicationCacheEnabled: false, browserConnectionEnabled: false, browserName: chrome, chrome: {chromedriverVersion: 2.43.600210 (68dcf5eebde371..., userDataDir: C:\Users\ADMINI~1\AppData\L...}, cssSelectorsEnabled: true, databaseEnabled: false, goog:chromeOptions: {debuggerAddress: localhost:61822}, handlesAlerts: true, hasTouchScreen: true, javascriptEnabled: true, locationContextEnabled: true, mobileEmulationEnabled: true, nativeEvents: true, networkConnectionEnabled: false, pageLoadStrategy: normal, platform: XP, platformName: XP, rotatable: false, setWindowRect: true, takesHeapSnapshot: true, takesScreenshot: true, unexpectedAlertBehaviour: , unhandledPromptBehavior: , version: 80.0.3987.149, webStorageEnabled: true}
Session ID: 195575107ded87a2d64308fbe441e3b7
	at com.thoughtworks.selenium.webdriven.SeleneseCommand.apply(SeleneseCommand.java:45)
	at com.thoughtworks.selenium.webdriven.Timer.run(Timer.java:41)
	at com.thoughtworks.selenium.webdriven.WebDriverCommandProcessor.execute(WebDriverCommandProcessor.java:150)
	at com.thoughtworks.selenium.webdriven.WebDriverCommandProcessor.doCommand(WebDriverCommandProcessor.java:76)
	at com.thoughtworks.selenium.DefaultSelenium.click(DefaultSelenium.java:198)
	at com.thoughtworks.selenium.Selenium$click.call(Unknown Source)
	at Medicare.run(Medicare:35)
	at com.kms.katalon.core.main.ScriptEngine.run(ScriptEngine.java:194)
	at com.kms.katalon.core.main.ScriptEngine.runScriptAsRawText(ScriptEngine.java:119)
	at com.kms.katalon.core.main.TestCaseExecutor.runScript(TestCaseExecutor.java:328)
	at com.kms.katalon.core.main.TestCaseExecutor.doExecute(TestCaseExecutor.java:319)
	at com.kms.katalon.core.main.TestCaseExecutor.processExecutionPhase(TestCaseExecutor.java:298)
	at com.kms.katalon.core.main.TestCaseExecutor.accessMainPhase(TestCaseExecutor.java:290)
	at com.kms.katalon.core.main.TestCaseExecutor.execute(TestCaseExecutor.java:224)
	at com.kms.katalon.core.main.TestSuiteExecutor.accessTestCaseMainPhase(TestSuiteExecutor.java:129)
	at com.kms.katalon.core.main.TestSuiteExecutor.accessTestSuiteMainPhase(TestSuiteExecutor.java:112)
	at com.kms.katalon.core.main.TestSuiteExecutor.execute(TestSuiteExecutor.java:81)
	at com.kms.katalon.core.main.TestCaseMain.startTestSuite(TestCaseMain.java:149)
	at com.kms.katalon.core.main.TestCaseMain$startTestSuite$0.call(Unknown Source)
	at TempTestSuite1584619233819.run(TempTestSuite1584619233819.groovy:36)
Caused by: org.openqa.selenium.WebDriverException: unknown error: Element &lt;button type=&quot;button&quot; class=&quot;r4giz5-1 r4giz5-2 nmdtlk-0 trye76-5 hLKSSy btn btn-primary&quot;>...&lt;/button> is not clickable at point (187, 631). Other element would receive the click: &lt;div class=&quot;sc-1dmd8vs-30 jsxlaR&quot;>...&lt;/div>
  (Session info: chrome=80.0.3987.149)
  (Driver info: chromedriver=2.43.600210 (68dcf5eebde37173d4027fa8635e332711d2874a),platform=Windows NT 6.3.9600 x86_64) (WARNING: The server did not provide any stacktrace information)
Command duration or timeout: 0 milliseconds
Build info: version: '3.7.1', revision: '8a0099a', time: '2017-11-06T21:07:36.161Z'
System info: host: 'WIN-U215233FMVE', ip: '172.30.0.53', os.name: 'Windows Server 2012 R2', os.arch: 'amd64', os.version: '6.3', java.version: '1.8.0_181'
Driver info: com.kms.katalon.selenium.driver.CChromeDriver
Capabilities {acceptInsecureCerts: false, acceptSslCerts: false, applicationCacheEnabled: false, browserConnectionEnabled: false, browserName: chrome, chrome: {chromedriverVersion: 2.43.600210 (68dcf5eebde371..., userDataDir: C:\Users\ADMINI~1\AppData\L...}, cssSelectorsEnabled: true, databaseEnabled: false, goog:chromeOptions: {debuggerAddress: localhost:61822}, handlesAlerts: true, hasTouchScreen: true, javascriptEnabled: true, locationContextEnabled: true, mobileEmulationEnabled: true, nativeEvents: true, networkConnectionEnabled: false, pageLoadStrategy: normal, platform: XP, platformName: XP, rotatable: false, setWindowRect: true, takesHeapSnapshot: true, takesScreenshot: true, unexpectedAlertBehaviour: , unhandledPromptBehavior: , version: 80.0.3987.149, webStorageEnabled: true}
Session ID: 195575107ded87a2d64308fbe441e3b7
	at org.openqa.selenium.remote.ErrorHandler.createThrowable(ErrorHandler.java:214)
	at org.openqa.selenium.remote.ErrorHandler.throwIfResponseFailed(ErrorHandler.java:166)
	at org.openqa.selenium.remote.http.JsonHttpResponseCodec.reconstructValue(JsonHttpResponseCodec.java:40)
	at org.openqa.selenium.remote.http.AbstractHttpResponseCodec.decode(AbstractHttpResponseCodec.java:80)
	at org.openqa.selenium.remote.http.AbstractHttpResponseCodec.decode(AbstractHttpResponseCodec.java:44)
	at org.openqa.selenium.remote.HttpCommandExecutor.execute(HttpCommandExecutor.java:164)
	at org.openqa.selenium.remote.service.DriverCommandExecutor.execute(DriverCommandExecutor.java:83)
	at org.openqa.selenium.remote.RemoteWebDriver.execute(RemoteWebDriver.java:600)
	at com.kms.katalon.selenium.driver.CChromeDriver.execute(CChromeDriver.java:20)
	at org.openqa.selenium.remote.RemoteWebElement.execute(RemoteWebElement.java:279)
	at org.openqa.selenium.remote.RemoteWebElement.click(RemoteWebElement.java:83)
	at com.thoughtworks.selenium.webdriven.commands.Click.handleSeleneseCommand(Click.java:40)
	at com.thoughtworks.selenium.webdriven.commands.Click.handleSeleneseCommand(Click.java:26)
	at com.thoughtworks.selenium.webdriven.SeleneseCommand.apply(SeleneseCommand.java:36)
	at com.thoughtworks.selenium.webdriven.Timer.run(Timer.java:41)
	at com.thoughtworks.selenium.webdriven.WebDriverCommandProcessor.execute(WebDriverCommandProcessor.java:150)
	at com.thoughtworks.selenium.webdriven.WebDriverCommandProcessor.doCommand(WebDriverCommandProcessor.java:76)
	at com.thoughtworks.selenium.DefaultSelenium.click(DefaultSelenium.java:198)
	at com.thoughtworks.selenium.Selenium$click.call(Unknown Source)
	at Script1583722637163.run(Script1583722637163.groovy:35)
	... 13 more
"/>
         <system-out><![CDATA[2020-03-19 08:01:57 - [TEST_CASE][ERROR] - Test Cases/HIC/New/Medicare: Test Cases/HIC/New/Medicare FAILED.
Reason:
com.thoughtworks.selenium.SeleniumException: unknown error: Element <button type="button" class="r4giz5-1 r4giz5-2 nmdtlk-0 trye76-5 hLKSSy btn btn-primary">...</button> is not clickable at point (187, 631). Other element would receive the click: <div class="sc-1dmd8vs-30 jsxlaR">...</div>
  (Session info: chrome=80.0.3987.149)
  (Driver info: chromedriver=2.43.600210 (68dcf5eebde37173d4027fa8635e332711d2874a),platform=Windows NT 6.3.9600 x86_64) (WARNING: The server did not provide any stacktrace information)
Command duration or timeout: 0 milliseconds
Build info: version: '3.7.1', revision: '8a0099a', time: '2017-11-06T21:07:36.161Z'
System info: host: 'WIN-U215233FMVE', ip: '172.30.0.53', os.name: 'Windows Server 2012 R2', os.arch: 'amd64', os.version: '6.3', java.version: '1.8.0_181'
Driver info: com.kms.katalon.selenium.driver.CChromeDriver
Capabilities {acceptInsecureCerts: false, acceptSslCerts: false, applicationCacheEnabled: false, browserConnectionEnabled: false, browserName: chrome, chrome: {chromedriverVersion: 2.43.600210 (68dcf5eebde371..., userDataDir: C:\Users\ADMINI~1\AppData\L...}, cssSelectorsEnabled: true, databaseEnabled: false, goog:chromeOptions: {debuggerAddress: localhost:61822}, handlesAlerts: true, hasTouchScreen: true, javascriptEnabled: true, locationContextEnabled: true, mobileEmulationEnabled: true, nativeEvents: true, networkConnectionEnabled: false, pageLoadStrategy: normal, platform: XP, platformName: XP, rotatable: false, setWindowRect: true, takesHeapSnapshot: true, takesScreenshot: true, unexpectedAlertBehaviour: , unhandledPromptBehavior: , version: 80.0.3987.149, webStorageEnabled: true}
Session ID: 195575107ded87a2d64308fbe441e3b7
	at com.thoughtworks.selenium.webdriven.SeleneseCommand.apply(SeleneseCommand.java:45)
	at com.thoughtworks.selenium.webdriven.Timer.run(Timer.java:41)
	at com.thoughtworks.selenium.webdriven.WebDriverCommandProcessor.execute(WebDriverCommandProcessor.java:150)
	at com.thoughtworks.selenium.webdriven.WebDriverCommandProcessor.doCommand(WebDriverCommandProcessor.java:76)
	at com.thoughtworks.selenium.DefaultSelenium.click(DefaultSelenium.java:198)
	at com.thoughtworks.selenium.Selenium$click.call(Unknown Source)
	at Medicare.run(Medicare:35)
	at com.kms.katalon.core.main.ScriptEngine.run(ScriptEngine.java:194)
	at com.kms.katalon.core.main.ScriptEngine.runScriptAsRawText(ScriptEngine.java:119)
	at com.kms.katalon.core.main.TestCaseExecutor.runScript(TestCaseExecutor.java:328)
	at com.kms.katalon.core.main.TestCaseExecutor.doExecute(TestCaseExecutor.java:319)
	at com.kms.katalon.core.main.TestCaseExecutor.processExecutionPhase(TestCaseExecutor.java:298)
	at com.kms.katalon.core.main.TestCaseExecutor.accessMainPhase(TestCaseExecutor.java:290)
	at com.kms.katalon.core.main.TestCaseExecutor.execute(TestCaseExecutor.java:224)
	at com.kms.katalon.core.main.TestSuiteExecutor.accessTestCaseMainPhase(TestSuiteExecutor.java:129)
	at com.kms.katalon.core.main.TestSuiteExecutor.accessTestSuiteMainPhase(TestSuiteExecutor.java:112)
	at com.kms.katalon.core.main.TestSuiteExecutor.execute(TestSuiteExecutor.java:81)
	at com.kms.katalon.core.main.TestCaseMain.startTestSuite(TestCaseMain.java:149)
	at com.kms.katalon.core.main.TestCaseMain$startTestSuite$0.call(Unknown Source)
	at TempTestSuite1584619233819.run(TempTestSuite1584619233819.groovy:36)
Caused by: org.openqa.selenium.WebDriverException: unknown error: Element <button type="button" class="r4giz5-1 r4giz5-2 nmdtlk-0 trye76-5 hLKSSy btn btn-primary">...</button> is not clickable at point (187, 631). Other element would receive the click: <div class="sc-1dmd8vs-30 jsxlaR">...</div>
  (Session info: chrome=80.0.3987.149)
  (Driver info: chromedriver=2.43.600210 (68dcf5eebde37173d4027fa8635e332711d2874a),platform=Windows NT 6.3.9600 x86_64) (WARNING: The server did not provide any stacktrace information)
Command duration or timeout: 0 milliseconds
Build info: version: '3.7.1', revision: '8a0099a', time: '2017-11-06T21:07:36.161Z'
System info: host: 'WIN-U215233FMVE', ip: '172.30.0.53', os.name: 'Windows Server 2012 R2', os.arch: 'amd64', os.version: '6.3', java.version: '1.8.0_181'
Driver info: com.kms.katalon.selenium.driver.CChromeDriver
Capabilities {acceptInsecureCerts: false, acceptSslCerts: false, applicationCacheEnabled: false, browserConnectionEnabled: false, browserName: chrome, chrome: {chromedriverVersion: 2.43.600210 (68dcf5eebde371..., userDataDir: C:\Users\ADMINI~1\AppData\L...}, cssSelectorsEnabled: true, databaseEnabled: false, goog:chromeOptions: {debuggerAddress: localhost:61822}, handlesAlerts: true, hasTouchScreen: true, javascriptEnabled: true, locationContextEnabled: true, mobileEmulationEnabled: true, nativeEvents: true, networkConnectionEnabled: false, pageLoadStrategy: normal, platform: XP, platformName: XP, rotatable: false, setWindowRect: true, takesHeapSnapshot: true, takesScreenshot: true, unexpectedAlertBehaviour: , unhandledPromptBehavior: , version: 80.0.3987.149, webStorageEnabled: true}
Session ID: 195575107ded87a2d64308fbe441e3b7
	at org.openqa.selenium.remote.ErrorHandler.createThrowable(ErrorHandler.java:214)
	at org.openqa.selenium.remote.ErrorHandler.throwIfResponseFailed(ErrorHandler.java:166)
	at org.openqa.selenium.remote.http.JsonHttpResponseCodec.reconstructValue(JsonHttpResponseCodec.java:40)
	at org.openqa.selenium.remote.http.AbstractHttpResponseCodec.decode(AbstractHttpResponseCodec.java:80)
	at org.openqa.selenium.remote.http.AbstractHttpResponseCodec.decode(AbstractHttpResponseCodec.java:44)
	at org.openqa.selenium.remote.HttpCommandExecutor.execute(HttpCommandExecutor.java:164)
	at org.openqa.selenium.remote.service.DriverCommandExecutor.execute(DriverCommandExecutor.java:83)
	at org.openqa.selenium.remote.RemoteWebDriver.execute(RemoteWebDriver.java:600)
	at com.kms.katalon.selenium.driver.CChromeDriver.execute(CChromeDriver.java:20)
	at org.openqa.selenium.remote.RemoteWebElement.execute(RemoteWebElement.java:279)
	at org.openqa.selenium.remote.RemoteWebElement.click(RemoteWebElement.java:83)
	at com.thoughtworks.selenium.webdriven.commands.Click.handleSeleneseCommand(Click.java:40)
	at com.thoughtworks.selenium.webdriven.commands.Click.handleSeleneseCommand(Click.java:26)
	at com.thoughtworks.selenium.webdriven.SeleneseCommand.apply(SeleneseCommand.java:36)
	at com.thoughtworks.selenium.webdriven.Timer.run(Timer.java:41)
	at com.thoughtworks.selenium.webdriven.WebDriverCommandProcessor.execute(WebDriverCommandProcessor.java:150)
	at com.thoughtworks.selenium.webdriven.WebDriverCommandProcessor.doCommand(WebDriverCommandProcessor.java:76)
	at com.thoughtworks.selenium.DefaultSelenium.click(DefaultSelenium.java:198)
	at com.thoughtworks.selenium.Selenium$click.call(Unknown Source)
	at Script1583722637163.run(Script1583722637163.groovy:35)
	... 13 more


2020-03-19 08:01:58 - [TEST_STEP][PASSED] - callTestCase(findTestCase("HIC/_include/get_hicScreenPath"), ["project":"HIC", "productLine":"Medicare", "carrierName":"Medicare"], CONTINUE_ON_FAILURE): Call Test Case 'Test Cases/HIC/_include/get_hicScreenPath' successfully

2020-03-19 08:01:58 - [TEST_CASE][PASSED] - Test Cases/HIC/_include/get_hicScreenPath: Test Cases/HIC/_include/get_hicScreenPath

2020-03-19 08:01:58 - [TEST_STEP][PASSED] - m = getExecutionProperties(): null

2020-03-19 08:01:58 - [TEST_STEP][PASSED] - deviceName = get("mobileEmulation").get("deviceName"): null

2020-03-19 08:01:58 - [TEST_STEP][PASSED] - println(deviceName): null

2020-03-19 08:01:58 - [TEST_STEP][PASSED] - now = new java.util.Date(): null

2020-03-19 08:01:58 - [TEST_STEP][PASSED] - mydate = now.format("yyyyMMdd_HHmmss"): null

2020-03-19 08:01:58 - [TEST_STEP][PASSED] - screenPath = "../Screenshots/": null

2020-03-19 08:01:58 - [TEST_STEP][PASSED] - screenPath = screenPath + deviceName + "/" + project + "/" + productLine + "/" + carrierName + "/" + mydate + "/": null

2020-03-19 08:01:58 - [TEST_STEP][PASSED] - println(screenPath): null

2020-03-19 08:01:58 - [MESSAGE][PASSED] - Call Test Case 'Test Cases/HIC/_include/get_hicScreenPath' successfully

2020-03-19 08:01:58 - [TEST_STEP][PASSED] - i = 0: null

2020-03-19 08:01:58 - [TEST_STEP][PASSED] - callTestCase(findTestCase("AHI/_include/openWebSite"), ["env":env], CONTINUE_ON_FAILURE): Call Test Case 'Test Cases/AHI/_include/openWebSite' successfully

2020-03-19 08:01:58 - [TEST_CASE][PASSED] - Test Cases/AHI/_include/openWebSite: Test Cases/AHI/_include/openWebSite

2020-03-19 08:01:58 - [TEST_STEP][PASSED] - openBrowser(env): Browser is opened with url: 'https://qa.healthinsurance.com/'

2020-03-19 08:01:58 - [MESSAGE][WARNING] - A browser is already opened. Closing browser and opening a new one

2020-03-19 08:01:59 - [MESSAGE][INFO] - Starting 'Chrome' driver

2020-03-19 08:01:59 - [MESSAGE][INFO] - User set preference: ['mobileEmulation', '{deviceName=iPhone 6}']

2020-03-19 08:01:59 - [MESSAGE][INFO] - User set preference: ['args', '[--incognito, --aggressive-cache-discard, --window-size=375,677, --no-sandbox, --ignore-certificate-errors]']

2020-03-19 08:02:05 - [MESSAGE][PASSED] - Browser is opened with url: 'https://qa.healthinsurance.com/'

2020-03-19 08:02:05 - [TEST_STEP][PASSED] - waitForPageLoad(20): Wait for page load successfully

2020-03-19 08:02:05 - [MESSAGE][PASSED] - Wait for page load successfully

2020-03-19 08:02:05 - [TEST_STEP][PASSED] - callTestCase(findTestCase("AHI/_include/get_screenshot"), [:], STOP_ON_FAILURE): Call Test Case 'Test Cases/AHI/_include/get_screenshot' successfully

2020-03-19 08:02:05 - [TEST_CASE][PASSED] - Test Cases/AHI/_include/get_screenshot: Test Cases/AHI/_include/get_screenshot

2020-03-19 08:02:05 - [TEST_STEP][PASSED] - Thread.sleep(1000): null

2020-03-19 08:02:06 - [TEST_STEP][PASSED] - takeScreenshot(screenPath + i + ".png"): Taking screenshot successfully

2020-03-19 08:02:07 - [MESSAGE][PASSED] - Taking screenshot successfully
[[ATTACHMENT|D:\\Test\\AgileTest\\Reports\\HIC\\hic\\20200319_080033\\../Screenshots/iPhone 6/HIC/Medicare/Medicare/20200319_080158/0.png]]

2020-03-19 08:02:07 - [TEST_STEP][PASSED] - (internal.GlobalVariable.i++): null

2020-03-19 08:02:07 - [MESSAGE][PASSED] - Call Test Case 'Test Cases/AHI/_include/get_screenshot' successfully

2020-03-19 08:02:07 - [MESSAGE][PASSED] - Call Test Case 'Test Cases/AHI/_include/openWebSite' successfully

2020-03-19 08:02:07 - [TEST_STEP][PASSED] - driver = getWebDriver(): null

2020-03-19 08:02:07 - [TEST_STEP][PASSED] - baseUrl = env: null

2020-03-19 08:02:07 - [TEST_STEP][PASSED] - selenium = new com.thoughtworks.selenium.webdriven.WebDriverBackedSelenium(driver, baseUrl): null

2020-03-19 08:02:07 - [TEST_STEP][ERROR] - selenium.click("//button[contains(text(),'COMPARE HEALTH PLANS')]"): selenium.click("//button[contains(text(),'COMPARE HEALTH PLANS')]") FAILED.
Reason:
com.thoughtworks.selenium.SeleniumException: unknown error: Element <button type="button" class="r4giz5-1 r4giz5-2 nmdtlk-0 trye76-5 hLKSSy btn btn-primary">...</button> is not clickable at point (187, 631). Other element would receive the click: <div class="sc-1dmd8vs-30 jsxlaR">...</div>
  (Session info: chrome=80.0.3987.149)
  (Driver info: chromedriver=2.43.600210 (68dcf5eebde37173d4027fa8635e332711d2874a),platform=Windows NT 6.3.9600 x86_64) (WARNING: The server did not provide any stacktrace information)
Command duration or timeout: 0 milliseconds
Build info: version: '3.7.1', revision: '8a0099a', time: '2017-11-06T21:07:36.161Z'
System info: host: 'WIN-U215233FMVE', ip: '172.30.0.53', os.name: 'Windows Server 2012 R2', os.arch: 'amd64', os.version: '6.3', java.version: '1.8.0_181'
Driver info: com.kms.katalon.selenium.driver.CChromeDriver
Capabilities {acceptInsecureCerts: false, acceptSslCerts: false, applicationCacheEnabled: false, browserConnectionEnabled: false, browserName: chrome, chrome: {chromedriverVersion: 2.43.600210 (68dcf5eebde371..., userDataDir: C:\Users\ADMINI~1\AppData\L...}, cssSelectorsEnabled: true, databaseEnabled: false, goog:chromeOptions: {debuggerAddress: localhost:61822}, handlesAlerts: true, hasTouchScreen: true, javascriptEnabled: true, locationContextEnabled: true, mobileEmulationEnabled: true, nativeEvents: true, networkConnectionEnabled: false, pageLoadStrategy: normal, platform: XP, platformName: XP, rotatable: false, setWindowRect: true, takesHeapSnapshot: true, takesScreenshot: true, unexpectedAlertBehaviour: , unhandledPromptBehavior: , version: 80.0.3987.149, webStorageEnabled: true}
Session ID: 195575107ded87a2d64308fbe441e3b7
	at com.thoughtworks.selenium.webdriven.SeleneseCommand.apply(SeleneseCommand.java:45)
	at com.thoughtworks.selenium.webdriven.Timer.run(Timer.java:41)
	at com.thoughtworks.selenium.webdriven.WebDriverCommandProcessor.execute(WebDriverCommandProcessor.java:150)
	at com.thoughtworks.selenium.webdriven.WebDriverCommandProcessor.doCommand(WebDriverCommandProcessor.java:76)
	at com.thoughtworks.selenium.DefaultSelenium.click(DefaultSelenium.java:198)
	at com.thoughtworks.selenium.Selenium$click.call(Unknown Source)
	at Medicare.run(Medicare:35)
	at com.kms.katalon.core.main.ScriptEngine.run(ScriptEngine.java:194)
	at com.kms.katalon.core.main.ScriptEngine.runScriptAsRawText(ScriptEngine.java:119)
	at com.kms.katalon.core.main.TestCaseExecutor.runScript(TestCaseExecutor.java:328)
	at com.kms.katalon.core.main.TestCaseExecutor.doExecute(TestCaseExecutor.java:319)
	at com.kms.katalon.core.main.TestCaseExecutor.processExecutionPhase(TestCaseExecutor.java:298)
	at com.kms.katalon.core.main.TestCaseExecutor.accessMainPhase(TestCaseExecutor.java:290)
	at com.kms.katalon.core.main.TestCaseExecutor.execute(TestCaseExecutor.java:224)
	at com.kms.katalon.core.main.TestSuiteExecutor.accessTestCaseMainPhase(TestSuiteExecutor.java:129)
	at com.kms.katalon.core.main.TestSuiteExecutor.accessTestSuiteMainPhase(TestSuiteExecutor.java:112)
	at com.kms.katalon.core.main.TestSuiteExecutor.execute(TestSuiteExecutor.java:81)
	at com.kms.katalon.core.main.TestCaseMain.startTestSuite(TestCaseMain.java:149)
	at com.kms.katalon.core.main.TestCaseMain$startTestSuite$0.call(Unknown Source)
	at TempTestSuite1584619233819.run(TempTestSuite1584619233819.groovy:36)
Caused by: org.openqa.selenium.WebDriverException: unknown error: Element <button type="button" class="r4giz5-1 r4giz5-2 nmdtlk-0 trye76-5 hLKSSy btn btn-primary">...</button> is not clickable at point (187, 631). Other element would receive the click: <div class="sc-1dmd8vs-30 jsxlaR">...</div>
  (Session info: chrome=80.0.3987.149)
  (Driver info: chromedriver=2.43.600210 (68dcf5eebde37173d4027fa8635e332711d2874a),platform=Windows NT 6.3.9600 x86_64) (WARNING: The server did not provide any stacktrace information)
Command duration or timeout: 0 milliseconds
Build info: version: '3.7.1', revision: '8a0099a', time: '2017-11-06T21:07:36.161Z'
System info: host: 'WIN-U215233FMVE', ip: '172.30.0.53', os.name: 'Windows Server 2012 R2', os.arch: 'amd64', os.version: '6.3', java.version: '1.8.0_181'
Driver info: com.kms.katalon.selenium.driver.CChromeDriver
Capabilities {acceptInsecureCerts: false, acceptSslCerts: false, applicationCacheEnabled: false, browserConnectionEnabled: false, browserName: chrome, chrome: {chromedriverVersion: 2.43.600210 (68dcf5eebde371..., userDataDir: C:\Users\ADMINI~1\AppData\L...}, cssSelectorsEnabled: true, databaseEnabled: false, goog:chromeOptions: {debuggerAddress: localhost:61822}, handlesAlerts: true, hasTouchScreen: true, javascriptEnabled: true, locationContextEnabled: true, mobileEmulationEnabled: true, nativeEvents: true, networkConnectionEnabled: false, pageLoadStrategy: normal, platform: XP, platformName: XP, rotatable: false, setWindowRect: true, takesHeapSnapshot: true, takesScreenshot: true, unexpectedAlertBehaviour: , unhandledPromptBehavior: , version: 80.0.3987.149, webStorageEnabled: true}
Session ID: 195575107ded87a2d64308fbe441e3b7
	at org.openqa.selenium.remote.ErrorHandler.createThrowable(ErrorHandler.java:214)
	at org.openqa.selenium.remote.ErrorHandler.throwIfResponseFailed(ErrorHandler.java:166)
	at org.openqa.selenium.remote.http.JsonHttpResponseCodec.reconstructValue(JsonHttpResponseCodec.java:40)
	at org.openqa.selenium.remote.http.AbstractHttpResponseCodec.decode(AbstractHttpResponseCodec.java:80)
	at org.openqa.selenium.remote.http.AbstractHttpResponseCodec.decode(AbstractHttpResponseCodec.java:44)
	at org.openqa.selenium.remote.HttpCommandExecutor.execute(HttpCommandExecutor.java:164)
	at org.openqa.selenium.remote.service.DriverCommandExecutor.execute(DriverCommandExecutor.java:83)
	at org.openqa.selenium.remote.RemoteWebDriver.execute(RemoteWebDriver.java:600)
	at com.kms.katalon.selenium.driver.CChromeDriver.execute(CChromeDriver.java:20)
	at org.openqa.selenium.remote.RemoteWebElement.execute(RemoteWebElement.java:279)
	at org.openqa.selenium.remote.RemoteWebElement.click(RemoteWebElement.java:83)
	at com.thoughtworks.selenium.webdriven.commands.Click.handleSeleneseCommand(Click.java:40)
	at com.thoughtworks.selenium.webdriven.commands.Click.handleSeleneseCommand(Click.java:26)
	at com.thoughtworks.selenium.webdriven.SeleneseCommand.apply(SeleneseCommand.java:36)
	at com.thoughtworks.selenium.webdriven.Timer.run(Timer.java:41)
	at com.thoughtworks.selenium.webdriven.WebDriverCommandProcessor.execute(WebDriverCommandProcessor.java:150)
	at com.thoughtworks.selenium.webdriven.WebDriverCommandProcessor.doCommand(WebDriverCommandProcessor.java:76)
	at com.thoughtworks.selenium.DefaultSelenium.click(DefaultSelenium.java:198)
	at com.thoughtworks.selenium.Selenium$click.call(Unknown Source)
	at Script1583722637163.run(Script1583722637163.groovy:35)
	... 13 more


2020-03-19 08:02:08 - [MESSAGE][ERROR] - selenium.click("//button[contains(text(),'COMPARE HEALTH PLANS')]") FAILED.
Reason:
com.thoughtworks.selenium.SeleniumException: unknown error: Element <button type="button" class="r4giz5-1 r4giz5-2 nmdtlk-0 trye76-5 hLKSSy btn btn-primary">...</button> is not clickable at point (187, 631). Other element would receive the click: <div class="sc-1dmd8vs-30 jsxlaR">...</div>
  (Session info: chrome=80.0.3987.149)
  (Driver info: chromedriver=2.43.600210 (68dcf5eebde37173d4027fa8635e332711d2874a),platform=Windows NT 6.3.9600 x86_64) (WARNING: The server did not provide any stacktrace information)
Command duration or timeout: 0 milliseconds
Build info: version: '3.7.1', revision: '8a0099a', time: '2017-11-06T21:07:36.161Z'
System info: host: 'WIN-U215233FMVE', ip: '172.30.0.53', os.name: 'Windows Server 2012 R2', os.arch: 'amd64', os.version: '6.3', java.version: '1.8.0_181'
Driver info: com.kms.katalon.selenium.driver.CChromeDriver
Capabilities {acceptInsecureCerts: false, acceptSslCerts: false, applicationCacheEnabled: false, browserConnectionEnabled: false, browserName: chrome, chrome: {chromedriverVersion: 2.43.600210 (68dcf5eebde371..., userDataDir: C:\Users\ADMINI~1\AppData\L...}, cssSelectorsEnabled: true, databaseEnabled: false, goog:chromeOptions: {debuggerAddress: localhost:61822}, handlesAlerts: true, hasTouchScreen: true, javascriptEnabled: true, locationContextEnabled: true, mobileEmulationEnabled: true, nativeEvents: true, networkConnectionEnabled: false, pageLoadStrategy: normal, platform: XP, platformName: XP, rotatable: false, setWindowRect: true, takesHeapSnapshot: true, takesScreenshot: true, unexpectedAlertBehaviour: , unhandledPromptBehavior: , version: 80.0.3987.149, webStorageEnabled: true}
Session ID: 195575107ded87a2d64308fbe441e3b7
	at com.thoughtworks.selenium.webdriven.SeleneseCommand.apply(SeleneseCommand.java:45)
	at com.thoughtworks.selenium.webdriven.Timer.run(Timer.java:41)
	at com.thoughtworks.selenium.webdriven.WebDriverCommandProcessor.execute(WebDriverCommandProcessor.java:150)
	at com.thoughtworks.selenium.webdriven.WebDriverCommandProcessor.doCommand(WebDriverCommandProcessor.java:76)
	at com.thoughtworks.selenium.DefaultSelenium.click(DefaultSelenium.java:198)
	at com.thoughtworks.selenium.Selenium$click.call(Unknown Source)
	at Medicare.run(Medicare:35)
	at com.kms.katalon.core.main.ScriptEngine.run(ScriptEngine.java:194)
	at com.kms.katalon.core.main.ScriptEngine.runScriptAsRawText(ScriptEngine.java:119)
	at com.kms.katalon.core.main.TestCaseExecutor.runScript(TestCaseExecutor.java:328)
	at com.kms.katalon.core.main.TestCaseExecutor.doExecute(TestCaseExecutor.java:319)
	at com.kms.katalon.core.main.TestCaseExecutor.processExecutionPhase(TestCaseExecutor.java:298)
	at com.kms.katalon.core.main.TestCaseExecutor.accessMainPhase(TestCaseExecutor.java:290)
	at com.kms.katalon.core.main.TestCaseExecutor.execute(TestCaseExecutor.java:224)
	at com.kms.katalon.core.main.TestSuiteExecutor.accessTestCaseMainPhase(TestSuiteExecutor.java:129)
	at com.kms.katalon.core.main.TestSuiteExecutor.accessTestSuiteMainPhase(TestSuiteExecutor.java:112)
	at com.kms.katalon.core.main.TestSuiteExecutor.execute(TestSuiteExecutor.java:81)
	at com.kms.katalon.core.main.TestCaseMain.startTestSuite(TestCaseMain.java:149)
	at com.kms.katalon.core.main.TestCaseMain$startTestSuite$0.call(Unknown Source)
	at TempTestSuite1584619233819.run(TempTestSuite1584619233819.groovy:36)
Caused by: org.openqa.selenium.WebDriverException: unknown error: Element <button type="button" class="r4giz5-1 r4giz5-2 nmdtlk-0 trye76-5 hLKSSy btn btn-primary">...</button> is not clickable at point (187, 631). Other element would receive the click: <div class="sc-1dmd8vs-30 jsxlaR">...</div>
  (Session info: chrome=80.0.3987.149)
  (Driver info: chromedriver=2.43.600210 (68dcf5eebde37173d4027fa8635e332711d2874a),platform=Windows NT 6.3.9600 x86_64) (WARNING: The server did not provide any stacktrace information)
Command duration or timeout: 0 milliseconds
Build info: version: '3.7.1', revision: '8a0099a', time: '2017-11-06T21:07:36.161Z'
System info: host: 'WIN-U215233FMVE', ip: '172.30.0.53', os.name: 'Windows Server 2012 R2', os.arch: 'amd64', os.version: '6.3', java.version: '1.8.0_181'
Driver info: com.kms.katalon.selenium.driver.CChromeDriver
Capabilities {acceptInsecureCerts: false, acceptSslCerts: false, applicationCacheEnabled: false, browserConnectionEnabled: false, browserName: chrome, chrome: {chromedriverVersion: 2.43.600210 (68dcf5eebde371..., userDataDir: C:\Users\ADMINI~1\AppData\L...}, cssSelectorsEnabled: true, databaseEnabled: false, goog:chromeOptions: {debuggerAddress: localhost:61822}, handlesAlerts: true, hasTouchScreen: true, javascriptEnabled: true, locationContextEnabled: true, mobileEmulationEnabled: true, nativeEvents: true, networkConnectionEnabled: false, pageLoadStrategy: normal, platform: XP, platformName: XP, rotatable: false, setWindowRect: true, takesHeapSnapshot: true, takesScreenshot: true, unexpectedAlertBehaviour: , unhandledPromptBehavior: , version: 80.0.3987.149, webStorageEnabled: true}
Session ID: 195575107ded87a2d64308fbe441e3b7
	at org.openqa.selenium.remote.ErrorHandler.createThrowable(ErrorHandler.java:214)
	at org.openqa.selenium.remote.ErrorHandler.throwIfResponseFailed(ErrorHandler.java:166)
	at org.openqa.selenium.remote.http.JsonHttpResponseCodec.reconstructValue(JsonHttpResponseCodec.java:40)
	at org.openqa.selenium.remote.http.AbstractHttpResponseCodec.decode(AbstractHttpResponseCodec.java:80)
	at org.openqa.selenium.remote.http.AbstractHttpResponseCodec.decode(AbstractHttpResponseCodec.java:44)
	at org.openqa.selenium.remote.HttpCommandExecutor.execute(HttpCommandExecutor.java:164)
	at org.openqa.selenium.remote.service.DriverCommandExecutor.execute(DriverCommandExecutor.java:83)
	at org.openqa.selenium.remote.RemoteWebDriver.execute(RemoteWebDriver.java:600)
	at com.kms.katalon.selenium.driver.CChromeDriver.execute(CChromeDriver.java:20)
	at org.openqa.selenium.remote.RemoteWebElement.execute(RemoteWebElement.java:279)
	at org.openqa.selenium.remote.RemoteWebElement.click(RemoteWebElement.java:83)
	at com.thoughtworks.selenium.webdriven.commands.Click.handleSeleneseCommand(Click.java:40)
	at com.thoughtworks.selenium.webdriven.commands.Click.handleSeleneseCommand(Click.java:26)
	at com.thoughtworks.selenium.webdriven.SeleneseCommand.apply(SeleneseCommand.java:36)
	at com.thoughtworks.selenium.webdriven.Timer.run(Timer.java:41)
	at com.thoughtworks.selenium.webdriven.WebDriverCommandProcessor.execute(WebDriverCommandProcessor.java:150)
	at com.thoughtworks.selenium.webdriven.WebDriverCommandProcessor.doCommand(WebDriverCommandProcessor.java:76)
	at com.thoughtworks.selenium.DefaultSelenium.click(DefaultSelenium.java:198)
	at com.thoughtworks.selenium.Selenium$click.call(Unknown Source)
	at Script1583722637163.run(Script1583722637163.groovy:35)
	... 13 more]]></system-out>
         <system-err><![CDATA[2020-03-19 08:01:57 - [TEST_CASE][ERROR] - Test Cases/HIC/New/Medicare: Test Cases/HIC/New/Medicare FAILED.
Reason:
com.thoughtworks.selenium.SeleniumException: unknown error: Element <button type="button" class="r4giz5-1 r4giz5-2 nmdtlk-0 trye76-5 hLKSSy btn btn-primary">...</button> is not clickable at point (187, 631). Other element would receive the click: <div class="sc-1dmd8vs-30 jsxlaR">...</div>
  (Session info: chrome=80.0.3987.149)
  (Driver info: chromedriver=2.43.600210 (68dcf5eebde37173d4027fa8635e332711d2874a),platform=Windows NT 6.3.9600 x86_64) (WARNING: The server did not provide any stacktrace information)
Command duration or timeout: 0 milliseconds
Build info: version: '3.7.1', revision: '8a0099a', time: '2017-11-06T21:07:36.161Z'
System info: host: 'WIN-U215233FMVE', ip: '172.30.0.53', os.name: 'Windows Server 2012 R2', os.arch: 'amd64', os.version: '6.3', java.version: '1.8.0_181'
Driver info: com.kms.katalon.selenium.driver.CChromeDriver
Capabilities {acceptInsecureCerts: false, acceptSslCerts: false, applicationCacheEnabled: false, browserConnectionEnabled: false, browserName: chrome, chrome: {chromedriverVersion: 2.43.600210 (68dcf5eebde371..., userDataDir: C:\Users\ADMINI~1\AppData\L...}, cssSelectorsEnabled: true, databaseEnabled: false, goog:chromeOptions: {debuggerAddress: localhost:61822}, handlesAlerts: true, hasTouchScreen: true, javascriptEnabled: true, locationContextEnabled: true, mobileEmulationEnabled: true, nativeEvents: true, networkConnectionEnabled: false, pageLoadStrategy: normal, platform: XP, platformName: XP, rotatable: false, setWindowRect: true, takesHeapSnapshot: true, takesScreenshot: true, unexpectedAlertBehaviour: , unhandledPromptBehavior: , version: 80.0.3987.149, webStorageEnabled: true}
Session ID: 195575107ded87a2d64308fbe441e3b7
	at com.thoughtworks.selenium.webdriven.SeleneseCommand.apply(SeleneseCommand.java:45)
	at com.thoughtworks.selenium.webdriven.Timer.run(Timer.java:41)
	at com.thoughtworks.selenium.webdriven.WebDriverCommandProcessor.execute(WebDriverCommandProcessor.java:150)
	at com.thoughtworks.selenium.webdriven.WebDriverCommandProcessor.doCommand(WebDriverCommandProcessor.java:76)
	at com.thoughtworks.selenium.DefaultSelenium.click(DefaultSelenium.java:198)
	at com.thoughtworks.selenium.Selenium$click.call(Unknown Source)
	at Medicare.run(Medicare:35)
	at com.kms.katalon.core.main.ScriptEngine.run(ScriptEngine.java:194)
	at com.kms.katalon.core.main.ScriptEngine.runScriptAsRawText(ScriptEngine.java:119)
	at com.kms.katalon.core.main.TestCaseExecutor.runScript(TestCaseExecutor.java:328)
	at com.kms.katalon.core.main.TestCaseExecutor.doExecute(TestCaseExecutor.java:319)
	at com.kms.katalon.core.main.TestCaseExecutor.processExecutionPhase(TestCaseExecutor.java:298)
	at com.kms.katalon.core.main.TestCaseExecutor.accessMainPhase(TestCaseExecutor.java:290)
	at com.kms.katalon.core.main.TestCaseExecutor.execute(TestCaseExecutor.java:224)
	at com.kms.katalon.core.main.TestSuiteExecutor.accessTestCaseMainPhase(TestSuiteExecutor.java:129)
	at com.kms.katalon.core.main.TestSuiteExecutor.accessTestSuiteMainPhase(TestSuiteExecutor.java:112)
	at com.kms.katalon.core.main.TestSuiteExecutor.execute(TestSuiteExecutor.java:81)
	at com.kms.katalon.core.main.TestCaseMain.startTestSuite(TestCaseMain.java:149)
	at com.kms.katalon.core.main.TestCaseMain$startTestSuite$0.call(Unknown Source)
	at TempTestSuite1584619233819.run(TempTestSuite1584619233819.groovy:36)
Caused by: org.openqa.selenium.WebDriverException: unknown error: Element <button type="button" class="r4giz5-1 r4giz5-2 nmdtlk-0 trye76-5 hLKSSy btn btn-primary">...</button> is not clickable at point (187, 631). Other element would receive the click: <div class="sc-1dmd8vs-30 jsxlaR">...</div>
  (Session info: chrome=80.0.3987.149)
  (Driver info: chromedriver=2.43.600210 (68dcf5eebde37173d4027fa8635e332711d2874a),platform=Windows NT 6.3.9600 x86_64) (WARNING: The server did not provide any stacktrace information)
Command duration or timeout: 0 milliseconds
Build info: version: '3.7.1', revision: '8a0099a', time: '2017-11-06T21:07:36.161Z'
System info: host: 'WIN-U215233FMVE', ip: '172.30.0.53', os.name: 'Windows Server 2012 R2', os.arch: 'amd64', os.version: '6.3', java.version: '1.8.0_181'
Driver info: com.kms.katalon.selenium.driver.CChromeDriver
Capabilities {acceptInsecureCerts: false, acceptSslCerts: false, applicationCacheEnabled: false, browserConnectionEnabled: false, browserName: chrome, chrome: {chromedriverVersion: 2.43.600210 (68dcf5eebde371..., userDataDir: C:\Users\ADMINI~1\AppData\L...}, cssSelectorsEnabled: true, databaseEnabled: false, goog:chromeOptions: {debuggerAddress: localhost:61822}, handlesAlerts: true, hasTouchScreen: true, javascriptEnabled: true, locationContextEnabled: true, mobileEmulationEnabled: true, nativeEvents: true, networkConnectionEnabled: false, pageLoadStrategy: normal, platform: XP, platformName: XP, rotatable: false, setWindowRect: true, takesHeapSnapshot: true, takesScreenshot: true, unexpectedAlertBehaviour: , unhandledPromptBehavior: , version: 80.0.3987.149, webStorageEnabled: true}
Session ID: 195575107ded87a2d64308fbe441e3b7
	at org.openqa.selenium.remote.ErrorHandler.createThrowable(ErrorHandler.java:214)
	at org.openqa.selenium.remote.ErrorHandler.throwIfResponseFailed(ErrorHandler.java:166)
	at org.openqa.selenium.remote.http.JsonHttpResponseCodec.reconstructValue(JsonHttpResponseCodec.java:40)
	at org.openqa.selenium.remote.http.AbstractHttpResponseCodec.decode(AbstractHttpResponseCodec.java:80)
	at org.openqa.selenium.remote.http.AbstractHttpResponseCodec.decode(AbstractHttpResponseCodec.java:44)
	at org.openqa.selenium.remote.HttpCommandExecutor.execute(HttpCommandExecutor.java:164)
	at org.openqa.selenium.remote.service.DriverCommandExecutor.execute(DriverCommandExecutor.java:83)
	at org.openqa.selenium.remote.RemoteWebDriver.execute(RemoteWebDriver.java:600)
	at com.kms.katalon.selenium.driver.CChromeDriver.execute(CChromeDriver.java:20)
	at org.openqa.selenium.remote.RemoteWebElement.execute(RemoteWebElement.java:279)
	at org.openqa.selenium.remote.RemoteWebElement.click(RemoteWebElement.java:83)
	at com.thoughtworks.selenium.webdriven.commands.Click.handleSeleneseCommand(Click.java:40)
	at com.thoughtworks.selenium.webdriven.commands.Click.handleSeleneseCommand(Click.java:26)
	at com.thoughtworks.selenium.webdriven.SeleneseCommand.apply(SeleneseCommand.java:36)
	at com.thoughtworks.selenium.webdriven.Timer.run(Timer.java:41)
	at com.thoughtworks.selenium.webdriven.WebDriverCommandProcessor.execute(WebDriverCommandProcessor.java:150)
	at com.thoughtworks.selenium.webdriven.WebDriverCommandProcessor.doCommand(WebDriverCommandProcessor.java:76)
	at com.thoughtworks.selenium.DefaultSelenium.click(DefaultSelenium.java:198)
	at com.thoughtworks.selenium.Selenium$click.call(Unknown Source)
	at Script1583722637163.run(Script1583722637163.groovy:35)
	... 13 more]]></system-err>
      </testcase>
      <testcase name="Test Cases/HIC/New/Pet" classname="Test Cases/HIC/New/Pet" status="ERROR">
         <error type="ERROR" message="Test Cases/HIC/New/Pet FAILED.
Reason:
com.thoughtworks.selenium.SeleniumException: unknown error: Element &lt;button type=&quot;button&quot; class=&quot;Button-h8watj-0 jWworc trye76-1 btYWOg btn btn-primary&quot; aria-haspopup=&quot;true&quot; aria-expanded=&quot;false&quot; id=&quot;product-lines&quot; title=&quot;Select a Product Line&quot; data-toggle=&quot;dropdown&quot;>...&lt;/button> is not clickable at point (187, 636). Other element would receive the click: &lt;a href=&quot;tel:5558675309&quot; class=&quot;sc-1dmd8vs-31 kWuInD&quot;>...&lt;/a>
  (Session info: chrome=80.0.3987.149)
  (Driver info: chromedriver=2.43.600210 (68dcf5eebde37173d4027fa8635e332711d2874a),platform=Windows NT 6.3.9600 x86_64) (WARNING: The server did not provide any stacktrace information)
Command duration or timeout: 0 milliseconds
Build info: version: '3.7.1', revision: '8a0099a', time: '2017-11-06T21:07:36.161Z'
System info: host: 'WIN-U215233FMVE', ip: '172.30.0.53', os.name: 'Windows Server 2012 R2', os.arch: 'amd64', os.version: '6.3', java.version: '1.8.0_181'
Driver info: com.kms.katalon.selenium.driver.CChromeDriver
Capabilities {acceptInsecureCerts: false, acceptSslCerts: false, applicationCacheEnabled: false, browserConnectionEnabled: false, browserName: chrome, chrome: {chromedriverVersion: 2.43.600210 (68dcf5eebde371..., userDataDir: C:\Users\ADMINI~1\AppData\L...}, cssSelectorsEnabled: true, databaseEnabled: false, goog:chromeOptions: {debuggerAddress: localhost:61937}, handlesAlerts: true, hasTouchScreen: true, javascriptEnabled: true, locationContextEnabled: true, mobileEmulationEnabled: true, nativeEvents: true, networkConnectionEnabled: false, pageLoadStrategy: normal, platform: XP, platformName: XP, rotatable: false, setWindowRect: true, takesHeapSnapshot: true, takesScreenshot: true, unexpectedAlertBehaviour: , unhandledPromptBehavior: , version: 80.0.3987.149, webStorageEnabled: true}
Session ID: 442e161de117405604f0c0a65a2a98dc
	at com.thoughtworks.selenium.webdriven.SeleneseCommand.apply(SeleneseCommand.java:45)
	at com.thoughtworks.selenium.webdriven.Timer.run(Timer.java:41)
	at com.thoughtworks.selenium.webdriven.WebDriverCommandProcessor.execute(WebDriverCommandProcessor.java:150)
	at com.thoughtworks.selenium.webdriven.WebDriverCommandProcessor.doCommand(WebDriverCommandProcessor.java:76)
	at com.thoughtworks.selenium.DefaultSelenium.click(DefaultSelenium.java:198)
	at com.thoughtworks.selenium.Selenium$click.call(Unknown Source)
	at Pet.run(Pet:35)
	at com.kms.katalon.core.main.ScriptEngine.run(ScriptEngine.java:194)
	at com.kms.katalon.core.main.ScriptEngine.runScriptAsRawText(ScriptEngine.java:119)
	at com.kms.katalon.core.main.TestCaseExecutor.runScript(TestCaseExecutor.java:328)
	at com.kms.katalon.core.main.TestCaseExecutor.doExecute(TestCaseExecutor.java:319)
	at com.kms.katalon.core.main.TestCaseExecutor.processExecutionPhase(TestCaseExecutor.java:298)
	at com.kms.katalon.core.main.TestCaseExecutor.accessMainPhase(TestCaseExecutor.java:290)
	at com.kms.katalon.core.main.TestCaseExecutor.execute(TestCaseExecutor.java:224)
	at com.kms.katalon.core.main.TestSuiteExecutor.accessTestCaseMainPhase(TestSuiteExecutor.java:129)
	at com.kms.katalon.core.main.TestSuiteExecutor.accessTestSuiteMainPhase(TestSuiteExecutor.java:112)
	at com.kms.katalon.core.main.TestSuiteExecutor.execute(TestSuiteExecutor.java:81)
	at com.kms.katalon.core.main.TestCaseMain.startTestSuite(TestCaseMain.java:149)
	at com.kms.katalon.core.main.TestCaseMain$startTestSuite$0.call(Unknown Source)
	at TempTestSuite1584619233819.run(TempTestSuite1584619233819.groovy:36)
Caused by: org.openqa.selenium.WebDriverException: unknown error: Element &lt;button type=&quot;button&quot; class=&quot;Button-h8watj-0 jWworc trye76-1 btYWOg btn btn-primary&quot; aria-haspopup=&quot;true&quot; aria-expanded=&quot;false&quot; id=&quot;product-lines&quot; title=&quot;Select a Product Line&quot; data-toggle=&quot;dropdown&quot;>...&lt;/button> is not clickable at point (187, 636). Other element would receive the click: &lt;a href=&quot;tel:5558675309&quot; class=&quot;sc-1dmd8vs-31 kWuInD&quot;>...&lt;/a>
  (Session info: chrome=80.0.3987.149)
  (Driver info: chromedriver=2.43.600210 (68dcf5eebde37173d4027fa8635e332711d2874a),platform=Windows NT 6.3.9600 x86_64) (WARNING: The server did not provide any stacktrace information)
Command duration or timeout: 0 milliseconds
Build info: version: '3.7.1', revision: '8a0099a', time: '2017-11-06T21:07:36.161Z'
System info: host: 'WIN-U215233FMVE', ip: '172.30.0.53', os.name: 'Windows Server 2012 R2', os.arch: 'amd64', os.version: '6.3', java.version: '1.8.0_181'
Driver info: com.kms.katalon.selenium.driver.CChromeDriver
Capabilities {acceptInsecureCerts: false, acceptSslCerts: false, applicationCacheEnabled: false, browserConnectionEnabled: false, browserName: chrome, chrome: {chromedriverVersion: 2.43.600210 (68dcf5eebde371..., userDataDir: C:\Users\ADMINI~1\AppData\L...}, cssSelectorsEnabled: true, databaseEnabled: false, goog:chromeOptions: {debuggerAddress: localhost:61937}, handlesAlerts: true, hasTouchScreen: true, javascriptEnabled: true, locationContextEnabled: true, mobileEmulationEnabled: true, nativeEvents: true, networkConnectionEnabled: false, pageLoadStrategy: normal, platform: XP, platformName: XP, rotatable: false, setWindowRect: true, takesHeapSnapshot: true, takesScreenshot: true, unexpectedAlertBehaviour: , unhandledPromptBehavior: , version: 80.0.3987.149, webStorageEnabled: true}
Session ID: 442e161de117405604f0c0a65a2a98dc
	at org.openqa.selenium.remote.ErrorHandler.createThrowable(ErrorHandler.java:214)
	at org.openqa.selenium.remote.ErrorHandler.throwIfResponseFailed(ErrorHandler.java:166)
	at org.openqa.selenium.remote.http.JsonHttpResponseCodec.reconstructValue(JsonHttpResponseCodec.java:40)
	at org.openqa.selenium.remote.http.AbstractHttpResponseCodec.decode(AbstractHttpResponseCodec.java:80)
	at org.openqa.selenium.remote.http.AbstractHttpResponseCodec.decode(AbstractHttpResponseCodec.java:44)
	at org.openqa.selenium.remote.HttpCommandExecutor.execute(HttpCommandExecutor.java:164)
	at org.openqa.selenium.remote.service.DriverCommandExecutor.execute(DriverCommandExecutor.java:83)
	at org.openqa.selenium.remote.RemoteWebDriver.execute(RemoteWebDriver.java:600)
	at com.kms.katalon.selenium.driver.CChromeDriver.execute(CChromeDriver.java:20)
	at org.openqa.selenium.remote.RemoteWebElement.execute(RemoteWebElement.java:279)
	at org.openqa.selenium.remote.RemoteWebElement.click(RemoteWebElement.java:83)
	at com.thoughtworks.selenium.webdriven.commands.Click.handleSeleneseCommand(Click.java:40)
	at com.thoughtworks.selenium.webdriven.commands.Click.handleSeleneseCommand(Click.java:26)
	at com.thoughtworks.selenium.webdriven.SeleneseCommand.apply(SeleneseCommand.java:36)
	at com.thoughtworks.selenium.webdriven.Timer.run(Timer.java:41)
	at com.thoughtworks.selenium.webdriven.WebDriverCommandProcessor.execute(WebDriverCommandProcessor.java:150)
	at com.thoughtworks.selenium.webdriven.WebDriverCommandProcessor.doCommand(WebDriverCommandProcessor.java:76)
	at com.thoughtworks.selenium.DefaultSelenium.click(DefaultSelenium.java:198)
	at com.thoughtworks.selenium.Selenium$click.call(Unknown Source)
	at Script1583732522951.run(Script1583732522951.groovy:35)
	... 13 more
"/>
         <system-out><![CDATA[2020-03-19 08:02:08 - [TEST_CASE][ERROR] - Test Cases/HIC/New/Pet: Test Cases/HIC/New/Pet FAILED.
Reason:
com.thoughtworks.selenium.SeleniumException: unknown error: Element <button type="button" class="Button-h8watj-0 jWworc trye76-1 btYWOg btn btn-primary" aria-haspopup="true" aria-expanded="false" id="product-lines" title="Select a Product Line" data-toggle="dropdown">...</button> is not clickable at point (187, 636). Other element would receive the click: <a href="tel:5558675309" class="sc-1dmd8vs-31 kWuInD">...</a>
  (Session info: chrome=80.0.3987.149)
  (Driver info: chromedriver=2.43.600210 (68dcf5eebde37173d4027fa8635e332711d2874a),platform=Windows NT 6.3.9600 x86_64) (WARNING: The server did not provide any stacktrace information)
Command duration or timeout: 0 milliseconds
Build info: version: '3.7.1', revision: '8a0099a', time: '2017-11-06T21:07:36.161Z'
System info: host: 'WIN-U215233FMVE', ip: '172.30.0.53', os.name: 'Windows Server 2012 R2', os.arch: 'amd64', os.version: '6.3', java.version: '1.8.0_181'
Driver info: com.kms.katalon.selenium.driver.CChromeDriver
Capabilities {acceptInsecureCerts: false, acceptSslCerts: false, applicationCacheEnabled: false, browserConnectionEnabled: false, browserName: chrome, chrome: {chromedriverVersion: 2.43.600210 (68dcf5eebde371..., userDataDir: C:\Users\ADMINI~1\AppData\L...}, cssSelectorsEnabled: true, databaseEnabled: false, goog:chromeOptions: {debuggerAddress: localhost:61937}, handlesAlerts: true, hasTouchScreen: true, javascriptEnabled: true, locationContextEnabled: true, mobileEmulationEnabled: true, nativeEvents: true, networkConnectionEnabled: false, pageLoadStrategy: normal, platform: XP, platformName: XP, rotatable: false, setWindowRect: true, takesHeapSnapshot: true, takesScreenshot: true, unexpectedAlertBehaviour: , unhandledPromptBehavior: , version: 80.0.3987.149, webStorageEnabled: true}
Session ID: 442e161de117405604f0c0a65a2a98dc
	at com.thoughtworks.selenium.webdriven.SeleneseCommand.apply(SeleneseCommand.java:45)
	at com.thoughtworks.selenium.webdriven.Timer.run(Timer.java:41)
	at com.thoughtworks.selenium.webdriven.WebDriverCommandProcessor.execute(WebDriverCommandProcessor.java:150)
	at com.thoughtworks.selenium.webdriven.WebDriverCommandProcessor.doCommand(WebDriverCommandProcessor.java:76)
	at com.thoughtworks.selenium.DefaultSelenium.click(DefaultSelenium.java:198)
	at com.thoughtworks.selenium.Selenium$click.call(Unknown Source)
	at Pet.run(Pet:35)
	at com.kms.katalon.core.main.ScriptEngine.run(ScriptEngine.java:194)
	at com.kms.katalon.core.main.ScriptEngine.runScriptAsRawText(ScriptEngine.java:119)
	at com.kms.katalon.core.main.TestCaseExecutor.runScript(TestCaseExecutor.java:328)
	at com.kms.katalon.core.main.TestCaseExecutor.doExecute(TestCaseExecutor.java:319)
	at com.kms.katalon.core.main.TestCaseExecutor.processExecutionPhase(TestCaseExecutor.java:298)
	at com.kms.katalon.core.main.TestCaseExecutor.accessMainPhase(TestCaseExecutor.java:290)
	at com.kms.katalon.core.main.TestCaseExecutor.execute(TestCaseExecutor.java:224)
	at com.kms.katalon.core.main.TestSuiteExecutor.accessTestCaseMainPhase(TestSuiteExecutor.java:129)
	at com.kms.katalon.core.main.TestSuiteExecutor.accessTestSuiteMainPhase(TestSuiteExecutor.java:112)
	at com.kms.katalon.core.main.TestSuiteExecutor.execute(TestSuiteExecutor.java:81)
	at com.kms.katalon.core.main.TestCaseMain.startTestSuite(TestCaseMain.java:149)
	at com.kms.katalon.core.main.TestCaseMain$startTestSuite$0.call(Unknown Source)
	at TempTestSuite1584619233819.run(TempTestSuite1584619233819.groovy:36)
Caused by: org.openqa.selenium.WebDriverException: unknown error: Element <button type="button" class="Button-h8watj-0 jWworc trye76-1 btYWOg btn btn-primary" aria-haspopup="true" aria-expanded="false" id="product-lines" title="Select a Product Line" data-toggle="dropdown">...</button> is not clickable at point (187, 636). Other element would receive the click: <a href="tel:5558675309" class="sc-1dmd8vs-31 kWuInD">...</a>
  (Session info: chrome=80.0.3987.149)
  (Driver info: chromedriver=2.43.600210 (68dcf5eebde37173d4027fa8635e332711d2874a),platform=Windows NT 6.3.9600 x86_64) (WARNING: The server did not provide any stacktrace information)
Command duration or timeout: 0 milliseconds
Build info: version: '3.7.1', revision: '8a0099a', time: '2017-11-06T21:07:36.161Z'
System info: host: 'WIN-U215233FMVE', ip: '172.30.0.53', os.name: 'Windows Server 2012 R2', os.arch: 'amd64', os.version: '6.3', java.version: '1.8.0_181'
Driver info: com.kms.katalon.selenium.driver.CChromeDriver
Capabilities {acceptInsecureCerts: false, acceptSslCerts: false, applicationCacheEnabled: false, browserConnectionEnabled: false, browserName: chrome, chrome: {chromedriverVersion: 2.43.600210 (68dcf5eebde371..., userDataDir: C:\Users\ADMINI~1\AppData\L...}, cssSelectorsEnabled: true, databaseEnabled: false, goog:chromeOptions: {debuggerAddress: localhost:61937}, handlesAlerts: true, hasTouchScreen: true, javascriptEnabled: true, locationContextEnabled: true, mobileEmulationEnabled: true, nativeEvents: true, networkConnectionEnabled: false, pageLoadStrategy: normal, platform: XP, platformName: XP, rotatable: false, setWindowRect: true, takesHeapSnapshot: true, takesScreenshot: true, unexpectedAlertBehaviour: , unhandledPromptBehavior: , version: 80.0.3987.149, webStorageEnabled: true}
Session ID: 442e161de117405604f0c0a65a2a98dc
	at org.openqa.selenium.remote.ErrorHandler.createThrowable(ErrorHandler.java:214)
	at org.openqa.selenium.remote.ErrorHandler.throwIfResponseFailed(ErrorHandler.java:166)
	at org.openqa.selenium.remote.http.JsonHttpResponseCodec.reconstructValue(JsonHttpResponseCodec.java:40)
	at org.openqa.selenium.remote.http.AbstractHttpResponseCodec.decode(AbstractHttpResponseCodec.java:80)
	at org.openqa.selenium.remote.http.AbstractHttpResponseCodec.decode(AbstractHttpResponseCodec.java:44)
	at org.openqa.selenium.remote.HttpCommandExecutor.execute(HttpCommandExecutor.java:164)
	at org.openqa.selenium.remote.service.DriverCommandExecutor.execute(DriverCommandExecutor.java:83)
	at org.openqa.selenium.remote.RemoteWebDriver.execute(RemoteWebDriver.java:600)
	at com.kms.katalon.selenium.driver.CChromeDriver.execute(CChromeDriver.java:20)
	at org.openqa.selenium.remote.RemoteWebElement.execute(RemoteWebElement.java:279)
	at org.openqa.selenium.remote.RemoteWebElement.click(RemoteWebElement.java:83)
	at com.thoughtworks.selenium.webdriven.commands.Click.handleSeleneseCommand(Click.java:40)
	at com.thoughtworks.selenium.webdriven.commands.Click.handleSeleneseCommand(Click.java:26)
	at com.thoughtworks.selenium.webdriven.SeleneseCommand.apply(SeleneseCommand.java:36)
	at com.thoughtworks.selenium.webdriven.Timer.run(Timer.java:41)
	at com.thoughtworks.selenium.webdriven.WebDriverCommandProcessor.execute(WebDriverCommandProcessor.java:150)
	at com.thoughtworks.selenium.webdriven.WebDriverCommandProcessor.doCommand(WebDriverCommandProcessor.java:76)
	at com.thoughtworks.selenium.DefaultSelenium.click(DefaultSelenium.java:198)
	at com.thoughtworks.selenium.Selenium$click.call(Unknown Source)
	at Script1583732522951.run(Script1583732522951.groovy:35)
	... 13 more


2020-03-19 08:02:08 - [TEST_STEP][PASSED] - callTestCase(findTestCase("HIC/_include/get_hicScreenPath"), ["project":"HIC", "productLine":"Pet", "carrierName":"Pet"], CONTINUE_ON_FAILURE): Call Test Case 'Test Cases/HIC/_include/get_hicScreenPath' successfully

2020-03-19 08:02:08 - [TEST_CASE][PASSED] - Test Cases/HIC/_include/get_hicScreenPath: Test Cases/HIC/_include/get_hicScreenPath

2020-03-19 08:02:08 - [TEST_STEP][PASSED] - m = getExecutionProperties(): null

2020-03-19 08:02:08 - [TEST_STEP][PASSED] - deviceName = get("mobileEmulation").get("deviceName"): null

2020-03-19 08:02:08 - [TEST_STEP][PASSED] - println(deviceName): null

2020-03-19 08:02:08 - [TEST_STEP][PASSED] - now = new java.util.Date(): null

2020-03-19 08:02:08 - [TEST_STEP][PASSED] - mydate = now.format("yyyyMMdd_HHmmss"): null

2020-03-19 08:02:08 - [TEST_STEP][PASSED] - screenPath = "../Screenshots/": null

2020-03-19 08:02:08 - [TEST_STEP][PASSED] - screenPath = screenPath + deviceName + "/" + project + "/" + productLine + "/" + carrierName + "/" + mydate + "/": null

2020-03-19 08:02:08 - [TEST_STEP][PASSED] - println(screenPath): null

2020-03-19 08:02:08 - [MESSAGE][PASSED] - Call Test Case 'Test Cases/HIC/_include/get_hicScreenPath' successfully

2020-03-19 08:02:08 - [TEST_STEP][PASSED] - i = 0: null

2020-03-19 08:02:08 - [TEST_STEP][PASSED] - callTestCase(findTestCase("AHI/_include/openWebSite"), ["env":env], CONTINUE_ON_FAILURE): Call Test Case 'Test Cases/AHI/_include/openWebSite' successfully

2020-03-19 08:02:08 - [TEST_CASE][PASSED] - Test Cases/AHI/_include/openWebSite: Test Cases/AHI/_include/openWebSite

2020-03-19 08:02:08 - [TEST_STEP][PASSED] - openBrowser(env): Browser is opened with url: 'https://qa.healthinsurance.com'

2020-03-19 08:02:08 - [MESSAGE][WARNING] - A browser is already opened. Closing browser and opening a new one

2020-03-19 08:02:09 - [MESSAGE][INFO] - Starting 'Chrome' driver

2020-03-19 08:02:09 - [MESSAGE][INFO] - User set preference: ['mobileEmulation', '{deviceName=iPhone 6}']

2020-03-19 08:02:09 - [MESSAGE][INFO] - User set preference: ['args', '[--incognito, --aggressive-cache-discard, --window-size=375,677, --no-sandbox, --ignore-certificate-errors]']

2020-03-19 08:02:15 - [MESSAGE][PASSED] - Browser is opened with url: 'https://qa.healthinsurance.com'

2020-03-19 08:02:15 - [TEST_STEP][PASSED] - waitForPageLoad(20): Wait for page load successfully

2020-03-19 08:02:15 - [MESSAGE][PASSED] - Wait for page load successfully

2020-03-19 08:02:15 - [TEST_STEP][PASSED] - callTestCase(findTestCase("AHI/_include/get_screenshot"), [:], STOP_ON_FAILURE): Call Test Case 'Test Cases/AHI/_include/get_screenshot' successfully

2020-03-19 08:02:15 - [TEST_CASE][PASSED] - Test Cases/AHI/_include/get_screenshot: Test Cases/AHI/_include/get_screenshot

2020-03-19 08:02:15 - [TEST_STEP][PASSED] - Thread.sleep(1000): null

2020-03-19 08:02:16 - [TEST_STEP][PASSED] - takeScreenshot(screenPath + i + ".png"): Taking screenshot successfully

2020-03-19 08:02:17 - [MESSAGE][PASSED] - Taking screenshot successfully
[[ATTACHMENT|D:\\Test\\AgileTest\\Reports\\HIC\\hic\\20200319_080033\\../Screenshots/iPhone 6/HIC/Pet/Pet/20200319_080208/0.png]]

2020-03-19 08:02:17 - [TEST_STEP][PASSED] - (internal.GlobalVariable.i++): null

2020-03-19 08:02:17 - [MESSAGE][PASSED] - Call Test Case 'Test Cases/AHI/_include/get_screenshot' successfully

2020-03-19 08:02:17 - [MESSAGE][PASSED] - Call Test Case 'Test Cases/AHI/_include/openWebSite' successfully

2020-03-19 08:02:17 - [TEST_STEP][PASSED] - driver = getWebDriver(): null

2020-03-19 08:02:17 - [TEST_STEP][PASSED] - baseUrl = env: null

2020-03-19 08:02:17 - [TEST_STEP][PASSED] - selenium = new com.thoughtworks.selenium.webdriven.WebDriverBackedSelenium(driver, baseUrl): null

2020-03-19 08:02:17 - [TEST_STEP][ERROR] - selenium.click("id=product-lines"): selenium.click("id=product-lines") FAILED.
Reason:
com.thoughtworks.selenium.SeleniumException: unknown error: Element <button type="button" class="Button-h8watj-0 jWworc trye76-1 btYWOg btn btn-primary" aria-haspopup="true" aria-expanded="false" id="product-lines" title="Select a Product Line" data-toggle="dropdown">...</button> is not clickable at point (187, 636). Other element would receive the click: <a href="tel:5558675309" class="sc-1dmd8vs-31 kWuInD">...</a>
  (Session info: chrome=80.0.3987.149)
  (Driver info: chromedriver=2.43.600210 (68dcf5eebde37173d4027fa8635e332711d2874a),platform=Windows NT 6.3.9600 x86_64) (WARNING: The server did not provide any stacktrace information)
Command duration or timeout: 0 milliseconds
Build info: version: '3.7.1', revision: '8a0099a', time: '2017-11-06T21:07:36.161Z'
System info: host: 'WIN-U215233FMVE', ip: '172.30.0.53', os.name: 'Windows Server 2012 R2', os.arch: 'amd64', os.version: '6.3', java.version: '1.8.0_181'
Driver info: com.kms.katalon.selenium.driver.CChromeDriver
Capabilities {acceptInsecureCerts: false, acceptSslCerts: false, applicationCacheEnabled: false, browserConnectionEnabled: false, browserName: chrome, chrome: {chromedriverVersion: 2.43.600210 (68dcf5eebde371..., userDataDir: C:\Users\ADMINI~1\AppData\L...}, cssSelectorsEnabled: true, databaseEnabled: false, goog:chromeOptions: {debuggerAddress: localhost:61937}, handlesAlerts: true, hasTouchScreen: true, javascriptEnabled: true, locationContextEnabled: true, mobileEmulationEnabled: true, nativeEvents: true, networkConnectionEnabled: false, pageLoadStrategy: normal, platform: XP, platformName: XP, rotatable: false, setWindowRect: true, takesHeapSnapshot: true, takesScreenshot: true, unexpectedAlertBehaviour: , unhandledPromptBehavior: , version: 80.0.3987.149, webStorageEnabled: true}
Session ID: 442e161de117405604f0c0a65a2a98dc
	at com.thoughtworks.selenium.webdriven.SeleneseCommand.apply(SeleneseCommand.java:45)
	at com.thoughtworks.selenium.webdriven.Timer.run(Timer.java:41)
	at com.thoughtworks.selenium.webdriven.WebDriverCommandProcessor.execute(WebDriverCommandProcessor.java:150)
	at com.thoughtworks.selenium.webdriven.WebDriverCommandProcessor.doCommand(WebDriverCommandProcessor.java:76)
	at com.thoughtworks.selenium.DefaultSelenium.click(DefaultSelenium.java:198)
	at com.thoughtworks.selenium.Selenium$click.call(Unknown Source)
	at Pet.run(Pet:35)
	at com.kms.katalon.core.main.ScriptEngine.run(ScriptEngine.java:194)
	at com.kms.katalon.core.main.ScriptEngine.runScriptAsRawText(ScriptEngine.java:119)
	at com.kms.katalon.core.main.TestCaseExecutor.runScript(TestCaseExecutor.java:328)
	at com.kms.katalon.core.main.TestCaseExecutor.doExecute(TestCaseExecutor.java:319)
	at com.kms.katalon.core.main.TestCaseExecutor.processExecutionPhase(TestCaseExecutor.java:298)
	at com.kms.katalon.core.main.TestCaseExecutor.accessMainPhase(TestCaseExecutor.java:290)
	at com.kms.katalon.core.main.TestCaseExecutor.execute(TestCaseExecutor.java:224)
	at com.kms.katalon.core.main.TestSuiteExecutor.accessTestCaseMainPhase(TestSuiteExecutor.java:129)
	at com.kms.katalon.core.main.TestSuiteExecutor.accessTestSuiteMainPhase(TestSuiteExecutor.java:112)
	at com.kms.katalon.core.main.TestSuiteExecutor.execute(TestSuiteExecutor.java:81)
	at com.kms.katalon.core.main.TestCaseMain.startTestSuite(TestCaseMain.java:149)
	at com.kms.katalon.core.main.TestCaseMain$startTestSuite$0.call(Unknown Source)
	at TempTestSuite1584619233819.run(TempTestSuite1584619233819.groovy:36)
Caused by: org.openqa.selenium.WebDriverException: unknown error: Element <button type="button" class="Button-h8watj-0 jWworc trye76-1 btYWOg btn btn-primary" aria-haspopup="true" aria-expanded="false" id="product-lines" title="Select a Product Line" data-toggle="dropdown">...</button> is not clickable at point (187, 636). Other element would receive the click: <a href="tel:5558675309" class="sc-1dmd8vs-31 kWuInD">...</a>
  (Session info: chrome=80.0.3987.149)
  (Driver info: chromedriver=2.43.600210 (68dcf5eebde37173d4027fa8635e332711d2874a),platform=Windows NT 6.3.9600 x86_64) (WARNING: The server did not provide any stacktrace information)
Command duration or timeout: 0 milliseconds
Build info: version: '3.7.1', revision: '8a0099a', time: '2017-11-06T21:07:36.161Z'
System info: host: 'WIN-U215233FMVE', ip: '172.30.0.53', os.name: 'Windows Server 2012 R2', os.arch: 'amd64', os.version: '6.3', java.version: '1.8.0_181'
Driver info: com.kms.katalon.selenium.driver.CChromeDriver
Capabilities {acceptInsecureCerts: false, acceptSslCerts: false, applicationCacheEnabled: false, browserConnectionEnabled: false, browserName: chrome, chrome: {chromedriverVersion: 2.43.600210 (68dcf5eebde371..., userDataDir: C:\Users\ADMINI~1\AppData\L...}, cssSelectorsEnabled: true, databaseEnabled: false, goog:chromeOptions: {debuggerAddress: localhost:61937}, handlesAlerts: true, hasTouchScreen: true, javascriptEnabled: true, locationContextEnabled: true, mobileEmulationEnabled: true, nativeEvents: true, networkConnectionEnabled: false, pageLoadStrategy: normal, platform: XP, platformName: XP, rotatable: false, setWindowRect: true, takesHeapSnapshot: true, takesScreenshot: true, unexpectedAlertBehaviour: , unhandledPromptBehavior: , version: 80.0.3987.149, webStorageEnabled: true}
Session ID: 442e161de117405604f0c0a65a2a98dc
	at org.openqa.selenium.remote.ErrorHandler.createThrowable(ErrorHandler.java:214)
	at org.openqa.selenium.remote.ErrorHandler.throwIfResponseFailed(ErrorHandler.java:166)
	at org.openqa.selenium.remote.http.JsonHttpResponseCodec.reconstructValue(JsonHttpResponseCodec.java:40)
	at org.openqa.selenium.remote.http.AbstractHttpResponseCodec.decode(AbstractHttpResponseCodec.java:80)
	at org.openqa.selenium.remote.http.AbstractHttpResponseCodec.decode(AbstractHttpResponseCodec.java:44)
	at org.openqa.selenium.remote.HttpCommandExecutor.execute(HttpCommandExecutor.java:164)
	at org.openqa.selenium.remote.service.DriverCommandExecutor.execute(DriverCommandExecutor.java:83)
	at org.openqa.selenium.remote.RemoteWebDriver.execute(RemoteWebDriver.java:600)
	at com.kms.katalon.selenium.driver.CChromeDriver.execute(CChromeDriver.java:20)
	at org.openqa.selenium.remote.RemoteWebElement.execute(RemoteWebElement.java:279)
	at org.openqa.selenium.remote.RemoteWebElement.click(RemoteWebElement.java:83)
	at com.thoughtworks.selenium.webdriven.commands.Click.handleSeleneseCommand(Click.java:40)
	at com.thoughtworks.selenium.webdriven.commands.Click.handleSeleneseCommand(Click.java:26)
	at com.thoughtworks.selenium.webdriven.SeleneseCommand.apply(SeleneseCommand.java:36)
	at com.thoughtworks.selenium.webdriven.Timer.run(Timer.java:41)
	at com.thoughtworks.selenium.webdriven.WebDriverCommandProcessor.execute(WebDriverCommandProcessor.java:150)
	at com.thoughtworks.selenium.webdriven.WebDriverCommandProcessor.doCommand(WebDriverCommandProcessor.java:76)
	at com.thoughtworks.selenium.DefaultSelenium.click(DefaultSelenium.java:198)
	at com.thoughtworks.selenium.Selenium$click.call(Unknown Source)
	at Script1583732522951.run(Script1583732522951.groovy:35)
	... 13 more


2020-03-19 08:02:17 - [MESSAGE][ERROR] - selenium.click("id=product-lines") FAILED.
Reason:
com.thoughtworks.selenium.SeleniumException: unknown error: Element <button type="button" class="Button-h8watj-0 jWworc trye76-1 btYWOg btn btn-primary" aria-haspopup="true" aria-expanded="false" id="product-lines" title="Select a Product Line" data-toggle="dropdown">...</button> is not clickable at point (187, 636). Other element would receive the click: <a href="tel:5558675309" class="sc-1dmd8vs-31 kWuInD">...</a>
  (Session info: chrome=80.0.3987.149)
  (Driver info: chromedriver=2.43.600210 (68dcf5eebde37173d4027fa8635e332711d2874a),platform=Windows NT 6.3.9600 x86_64) (WARNING: The server did not provide any stacktrace information)
Command duration or timeout: 0 milliseconds
Build info: version: '3.7.1', revision: '8a0099a', time: '2017-11-06T21:07:36.161Z'
System info: host: 'WIN-U215233FMVE', ip: '172.30.0.53', os.name: 'Windows Server 2012 R2', os.arch: 'amd64', os.version: '6.3', java.version: '1.8.0_181'
Driver info: com.kms.katalon.selenium.driver.CChromeDriver
Capabilities {acceptInsecureCerts: false, acceptSslCerts: false, applicationCacheEnabled: false, browserConnectionEnabled: false, browserName: chrome, chrome: {chromedriverVersion: 2.43.600210 (68dcf5eebde371..., userDataDir: C:\Users\ADMINI~1\AppData\L...}, cssSelectorsEnabled: true, databaseEnabled: false, goog:chromeOptions: {debuggerAddress: localhost:61937}, handlesAlerts: true, hasTouchScreen: true, javascriptEnabled: true, locationContextEnabled: true, mobileEmulationEnabled: true, nativeEvents: true, networkConnectionEnabled: false, pageLoadStrategy: normal, platform: XP, platformName: XP, rotatable: false, setWindowRect: true, takesHeapSnapshot: true, takesScreenshot: true, unexpectedAlertBehaviour: , unhandledPromptBehavior: , version: 80.0.3987.149, webStorageEnabled: true}
Session ID: 442e161de117405604f0c0a65a2a98dc
	at com.thoughtworks.selenium.webdriven.SeleneseCommand.apply(SeleneseCommand.java:45)
	at com.thoughtworks.selenium.webdriven.Timer.run(Timer.java:41)
	at com.thoughtworks.selenium.webdriven.WebDriverCommandProcessor.execute(WebDriverCommandProcessor.java:150)
	at com.thoughtworks.selenium.webdriven.WebDriverCommandProcessor.doCommand(WebDriverCommandProcessor.java:76)
	at com.thoughtworks.selenium.DefaultSelenium.click(DefaultSelenium.java:198)
	at com.thoughtworks.selenium.Selenium$click.call(Unknown Source)
	at Pet.run(Pet:35)
	at com.kms.katalon.core.main.ScriptEngine.run(ScriptEngine.java:194)
	at com.kms.katalon.core.main.ScriptEngine.runScriptAsRawText(ScriptEngine.java:119)
	at com.kms.katalon.core.main.TestCaseExecutor.runScript(TestCaseExecutor.java:328)
	at com.kms.katalon.core.main.TestCaseExecutor.doExecute(TestCaseExecutor.java:319)
	at com.kms.katalon.core.main.TestCaseExecutor.processExecutionPhase(TestCaseExecutor.java:298)
	at com.kms.katalon.core.main.TestCaseExecutor.accessMainPhase(TestCaseExecutor.java:290)
	at com.kms.katalon.core.main.TestCaseExecutor.execute(TestCaseExecutor.java:224)
	at com.kms.katalon.core.main.TestSuiteExecutor.accessTestCaseMainPhase(TestSuiteExecutor.java:129)
	at com.kms.katalon.core.main.TestSuiteExecutor.accessTestSuiteMainPhase(TestSuiteExecutor.java:112)
	at com.kms.katalon.core.main.TestSuiteExecutor.execute(TestSuiteExecutor.java:81)
	at com.kms.katalon.core.main.TestCaseMain.startTestSuite(TestCaseMain.java:149)
	at com.kms.katalon.core.main.TestCaseMain$startTestSuite$0.call(Unknown Source)
	at TempTestSuite1584619233819.run(TempTestSuite1584619233819.groovy:36)
Caused by: org.openqa.selenium.WebDriverException: unknown error: Element <button type="button" class="Button-h8watj-0 jWworc trye76-1 btYWOg btn btn-primary" aria-haspopup="true" aria-expanded="false" id="product-lines" title="Select a Product Line" data-toggle="dropdown">...</button> is not clickable at point (187, 636). Other element would receive the click: <a href="tel:5558675309" class="sc-1dmd8vs-31 kWuInD">...</a>
  (Session info: chrome=80.0.3987.149)
  (Driver info: chromedriver=2.43.600210 (68dcf5eebde37173d4027fa8635e332711d2874a),platform=Windows NT 6.3.9600 x86_64) (WARNING: The server did not provide any stacktrace information)
Command duration or timeout: 0 milliseconds
Build info: version: '3.7.1', revision: '8a0099a', time: '2017-11-06T21:07:36.161Z'
System info: host: 'WIN-U215233FMVE', ip: '172.30.0.53', os.name: 'Windows Server 2012 R2', os.arch: 'amd64', os.version: '6.3', java.version: '1.8.0_181'
Driver info: com.kms.katalon.selenium.driver.CChromeDriver
Capabilities {acceptInsecureCerts: false, acceptSslCerts: false, applicationCacheEnabled: false, browserConnectionEnabled: false, browserName: chrome, chrome: {chromedriverVersion: 2.43.600210 (68dcf5eebde371..., userDataDir: C:\Users\ADMINI~1\AppData\L...}, cssSelectorsEnabled: true, databaseEnabled: false, goog:chromeOptions: {debuggerAddress: localhost:61937}, handlesAlerts: true, hasTouchScreen: true, javascriptEnabled: true, locationContextEnabled: true, mobileEmulationEnabled: true, nativeEvents: true, networkConnectionEnabled: false, pageLoadStrategy: normal, platform: XP, platformName: XP, rotatable: false, setWindowRect: true, takesHeapSnapshot: true, takesScreenshot: true, unexpectedAlertBehaviour: , unhandledPromptBehavior: , version: 80.0.3987.149, webStorageEnabled: true}
Session ID: 442e161de117405604f0c0a65a2a98dc
	at org.openqa.selenium.remote.ErrorHandler.createThrowable(ErrorHandler.java:214)
	at org.openqa.selenium.remote.ErrorHandler.throwIfResponseFailed(ErrorHandler.java:166)
	at org.openqa.selenium.remote.http.JsonHttpResponseCodec.reconstructValue(JsonHttpResponseCodec.java:40)
	at org.openqa.selenium.remote.http.AbstractHttpResponseCodec.decode(AbstractHttpResponseCodec.java:80)
	at org.openqa.selenium.remote.http.AbstractHttpResponseCodec.decode(AbstractHttpResponseCodec.java:44)
	at org.openqa.selenium.remote.HttpCommandExecutor.execute(HttpCommandExecutor.java:164)
	at org.openqa.selenium.remote.service.DriverCommandExecutor.execute(DriverCommandExecutor.java:83)
	at org.openqa.selenium.remote.RemoteWebDriver.execute(RemoteWebDriver.java:600)
	at com.kms.katalon.selenium.driver.CChromeDriver.execute(CChromeDriver.java:20)
	at org.openqa.selenium.remote.RemoteWebElement.execute(RemoteWebElement.java:279)
	at org.openqa.selenium.remote.RemoteWebElement.click(RemoteWebElement.java:83)
	at com.thoughtworks.selenium.webdriven.commands.Click.handleSeleneseCommand(Click.java:40)
	at com.thoughtworks.selenium.webdriven.commands.Click.handleSeleneseCommand(Click.java:26)
	at com.thoughtworks.selenium.webdriven.SeleneseCommand.apply(SeleneseCommand.java:36)
	at com.thoughtworks.selenium.webdriven.Timer.run(Timer.java:41)
	at com.thoughtworks.selenium.webdriven.WebDriverCommandProcessor.execute(WebDriverCommandProcessor.java:150)
	at com.thoughtworks.selenium.webdriven.WebDriverCommandProcessor.doCommand(WebDriverCommandProcessor.java:76)
	at com.thoughtworks.selenium.DefaultSelenium.click(DefaultSelenium.java:198)
	at com.thoughtworks.selenium.Selenium$click.call(Unknown Source)
	at Script1583732522951.run(Script1583732522951.groovy:35)
	... 13 more]]></system-out>
         <system-err><![CDATA[2020-03-19 08:02:08 - [TEST_CASE][ERROR] - Test Cases/HIC/New/Pet: Test Cases/HIC/New/Pet FAILED.
Reason:
com.thoughtworks.selenium.SeleniumException: unknown error: Element <button type="button" class="Button-h8watj-0 jWworc trye76-1 btYWOg btn btn-primary" aria-haspopup="true" aria-expanded="false" id="product-lines" title="Select a Product Line" data-toggle="dropdown">...</button> is not clickable at point (187, 636). Other element would receive the click: <a href="tel:5558675309" class="sc-1dmd8vs-31 kWuInD">...</a>
  (Session info: chrome=80.0.3987.149)
  (Driver info: chromedriver=2.43.600210 (68dcf5eebde37173d4027fa8635e332711d2874a),platform=Windows NT 6.3.9600 x86_64) (WARNING: The server did not provide any stacktrace information)
Command duration or timeout: 0 milliseconds
Build info: version: '3.7.1', revision: '8a0099a', time: '2017-11-06T21:07:36.161Z'
System info: host: 'WIN-U215233FMVE', ip: '172.30.0.53', os.name: 'Windows Server 2012 R2', os.arch: 'amd64', os.version: '6.3', java.version: '1.8.0_181'
Driver info: com.kms.katalon.selenium.driver.CChromeDriver
Capabilities {acceptInsecureCerts: false, acceptSslCerts: false, applicationCacheEnabled: false, browserConnectionEnabled: false, browserName: chrome, chrome: {chromedriverVersion: 2.43.600210 (68dcf5eebde371..., userDataDir: C:\Users\ADMINI~1\AppData\L...}, cssSelectorsEnabled: true, databaseEnabled: false, goog:chromeOptions: {debuggerAddress: localhost:61937}, handlesAlerts: true, hasTouchScreen: true, javascriptEnabled: true, locationContextEnabled: true, mobileEmulationEnabled: true, nativeEvents: true, networkConnectionEnabled: false, pageLoadStrategy: normal, platform: XP, platformName: XP, rotatable: false, setWindowRect: true, takesHeapSnapshot: true, takesScreenshot: true, unexpectedAlertBehaviour: , unhandledPromptBehavior: , version: 80.0.3987.149, webStorageEnabled: true}
Session ID: 442e161de117405604f0c0a65a2a98dc
	at com.thoughtworks.selenium.webdriven.SeleneseCommand.apply(SeleneseCommand.java:45)
	at com.thoughtworks.selenium.webdriven.Timer.run(Timer.java:41)
	at com.thoughtworks.selenium.webdriven.WebDriverCommandProcessor.execute(WebDriverCommandProcessor.java:150)
	at com.thoughtworks.selenium.webdriven.WebDriverCommandProcessor.doCommand(WebDriverCommandProcessor.java:76)
	at com.thoughtworks.selenium.DefaultSelenium.click(DefaultSelenium.java:198)
	at com.thoughtworks.selenium.Selenium$click.call(Unknown Source)
	at Pet.run(Pet:35)
	at com.kms.katalon.core.main.ScriptEngine.run(ScriptEngine.java:194)
	at com.kms.katalon.core.main.ScriptEngine.runScriptAsRawText(ScriptEngine.java:119)
	at com.kms.katalon.core.main.TestCaseExecutor.runScript(TestCaseExecutor.java:328)
	at com.kms.katalon.core.main.TestCaseExecutor.doExecute(TestCaseExecutor.java:319)
	at com.kms.katalon.core.main.TestCaseExecutor.processExecutionPhase(TestCaseExecutor.java:298)
	at com.kms.katalon.core.main.TestCaseExecutor.accessMainPhase(TestCaseExecutor.java:290)
	at com.kms.katalon.core.main.TestCaseExecutor.execute(TestCaseExecutor.java:224)
	at com.kms.katalon.core.main.TestSuiteExecutor.accessTestCaseMainPhase(TestSuiteExecutor.java:129)
	at com.kms.katalon.core.main.TestSuiteExecutor.accessTestSuiteMainPhase(TestSuiteExecutor.java:112)
	at com.kms.katalon.core.main.TestSuiteExecutor.execute(TestSuiteExecutor.java:81)
	at com.kms.katalon.core.main.TestCaseMain.startTestSuite(TestCaseMain.java:149)
	at com.kms.katalon.core.main.TestCaseMain$startTestSuite$0.call(Unknown Source)
	at TempTestSuite1584619233819.run(TempTestSuite1584619233819.groovy:36)
Caused by: org.openqa.selenium.WebDriverException: unknown error: Element <button type="button" class="Button-h8watj-0 jWworc trye76-1 btYWOg btn btn-primary" aria-haspopup="true" aria-expanded="false" id="product-lines" title="Select a Product Line" data-toggle="dropdown">...</button> is not clickable at point (187, 636). Other element would receive the click: <a href="tel:5558675309" class="sc-1dmd8vs-31 kWuInD">...</a>
  (Session info: chrome=80.0.3987.149)
  (Driver info: chromedriver=2.43.600210 (68dcf5eebde37173d4027fa8635e332711d2874a),platform=Windows NT 6.3.9600 x86_64) (WARNING: The server did not provide any stacktrace information)
Command duration or timeout: 0 milliseconds
Build info: version: '3.7.1', revision: '8a0099a', time: '2017-11-06T21:07:36.161Z'
System info: host: 'WIN-U215233FMVE', ip: '172.30.0.53', os.name: 'Windows Server 2012 R2', os.arch: 'amd64', os.version: '6.3', java.version: '1.8.0_181'
Driver info: com.kms.katalon.selenium.driver.CChromeDriver
Capabilities {acceptInsecureCerts: false, acceptSslCerts: false, applicationCacheEnabled: false, browserConnectionEnabled: false, browserName: chrome, chrome: {chromedriverVersion: 2.43.600210 (68dcf5eebde371..., userDataDir: C:\Users\ADMINI~1\AppData\L...}, cssSelectorsEnabled: true, databaseEnabled: false, goog:chromeOptions: {debuggerAddress: localhost:61937}, handlesAlerts: true, hasTouchScreen: true, javascriptEnabled: true, locationContextEnabled: true, mobileEmulationEnabled: true, nativeEvents: true, networkConnectionEnabled: false, pageLoadStrategy: normal, platform: XP, platformName: XP, rotatable: false, setWindowRect: true, takesHeapSnapshot: true, takesScreenshot: true, unexpectedAlertBehaviour: , unhandledPromptBehavior: , version: 80.0.3987.149, webStorageEnabled: true}
Session ID: 442e161de117405604f0c0a65a2a98dc
	at org.openqa.selenium.remote.ErrorHandler.createThrowable(ErrorHandler.java:214)
	at org.openqa.selenium.remote.ErrorHandler.throwIfResponseFailed(ErrorHandler.java:166)
	at org.openqa.selenium.remote.http.JsonHttpResponseCodec.reconstructValue(JsonHttpResponseCodec.java:40)
	at org.openqa.selenium.remote.http.AbstractHttpResponseCodec.decode(AbstractHttpResponseCodec.java:80)
	at org.openqa.selenium.remote.http.AbstractHttpResponseCodec.decode(AbstractHttpResponseCodec.java:44)
	at org.openqa.selenium.remote.HttpCommandExecutor.execute(HttpCommandExecutor.java:164)
	at org.openqa.selenium.remote.service.DriverCommandExecutor.execute(DriverCommandExecutor.java:83)
	at org.openqa.selenium.remote.RemoteWebDriver.execute(RemoteWebDriver.java:600)
	at com.kms.katalon.selenium.driver.CChromeDriver.execute(CChromeDriver.java:20)
	at org.openqa.selenium.remote.RemoteWebElement.execute(RemoteWebElement.java:279)
	at org.openqa.selenium.remote.RemoteWebElement.click(RemoteWebElement.java:83)
	at com.thoughtworks.selenium.webdriven.commands.Click.handleSeleneseCommand(Click.java:40)
	at com.thoughtworks.selenium.webdriven.commands.Click.handleSeleneseCommand(Click.java:26)
	at com.thoughtworks.selenium.webdriven.SeleneseCommand.apply(SeleneseCommand.java:36)
	at com.thoughtworks.selenium.webdriven.Timer.run(Timer.java:41)
	at com.thoughtworks.selenium.webdriven.WebDriverCommandProcessor.execute(WebDriverCommandProcessor.java:150)
	at com.thoughtworks.selenium.webdriven.WebDriverCommandProcessor.doCommand(WebDriverCommandProcessor.java:76)
	at com.thoughtworks.selenium.DefaultSelenium.click(DefaultSelenium.java:198)
	at com.thoughtworks.selenium.Selenium$click.call(Unknown Source)
	at Script1583732522951.run(Script1583732522951.groovy:35)
	... 13 more]]></system-err>
      </testcase>
      <testcase name="Test Cases/HIC/New/STM" classname="Test Cases/HIC/New/STM" status="ERROR">
         <error type="ERROR" message="Test Cases/HIC/New/STM FAILED.
Reason:
com.thoughtworks.selenium.SeleniumException: unknown error: Element &lt;button type=&quot;button&quot; class=&quot;Button-h8watj-0 jWworc trye76-1 btYWOg btn btn-primary&quot; aria-haspopup=&quot;true&quot; aria-expanded=&quot;false&quot; id=&quot;product-lines&quot; title=&quot;Select a Product Line&quot; data-toggle=&quot;dropdown&quot;>...&lt;/button> is not clickable at point (187, 636). Other element would receive the click: &lt;a href=&quot;tel:5558675309&quot; class=&quot;sc-1dmd8vs-31 kWuInD&quot;>...&lt;/a>
  (Session info: chrome=80.0.3987.149)
  (Driver info: chromedriver=2.43.600210 (68dcf5eebde37173d4027fa8635e332711d2874a),platform=Windows NT 6.3.9600 x86_64) (WARNING: The server did not provide any stacktrace information)
Command duration or timeout: 0 milliseconds
Build info: version: '3.7.1', revision: '8a0099a', time: '2017-11-06T21:07:36.161Z'
System info: host: 'WIN-U215233FMVE', ip: '172.30.0.53', os.name: 'Windows Server 2012 R2', os.arch: 'amd64', os.version: '6.3', java.version: '1.8.0_181'
Driver info: com.kms.katalon.selenium.driver.CChromeDriver
Capabilities {acceptInsecureCerts: false, acceptSslCerts: false, applicationCacheEnabled: false, browserConnectionEnabled: false, browserName: chrome, chrome: {chromedriverVersion: 2.43.600210 (68dcf5eebde371..., userDataDir: C:\Users\ADMINI~1\AppData\L...}, cssSelectorsEnabled: true, databaseEnabled: false, goog:chromeOptions: {debuggerAddress: localhost:62042}, handlesAlerts: true, hasTouchScreen: true, javascriptEnabled: true, locationContextEnabled: true, mobileEmulationEnabled: true, nativeEvents: true, networkConnectionEnabled: false, pageLoadStrategy: normal, platform: XP, platformName: XP, rotatable: false, setWindowRect: true, takesHeapSnapshot: true, takesScreenshot: true, unexpectedAlertBehaviour: , unhandledPromptBehavior: , version: 80.0.3987.149, webStorageEnabled: true}
Session ID: 7736e0cd1fb0f7b764e6385be1a96d16
	at com.thoughtworks.selenium.webdriven.SeleneseCommand.apply(SeleneseCommand.java:45)
	at com.thoughtworks.selenium.webdriven.Timer.run(Timer.java:41)
	at com.thoughtworks.selenium.webdriven.WebDriverCommandProcessor.execute(WebDriverCommandProcessor.java:150)
	at com.thoughtworks.selenium.webdriven.WebDriverCommandProcessor.doCommand(WebDriverCommandProcessor.java:76)
	at com.thoughtworks.selenium.DefaultSelenium.click(DefaultSelenium.java:198)
	at com.thoughtworks.selenium.Selenium$click.call(Unknown Source)
	at STM.run(STM:35)
	at com.kms.katalon.core.main.ScriptEngine.run(ScriptEngine.java:194)
	at com.kms.katalon.core.main.ScriptEngine.runScriptAsRawText(ScriptEngine.java:119)
	at com.kms.katalon.core.main.TestCaseExecutor.runScript(TestCaseExecutor.java:328)
	at com.kms.katalon.core.main.TestCaseExecutor.doExecute(TestCaseExecutor.java:319)
	at com.kms.katalon.core.main.TestCaseExecutor.processExecutionPhase(TestCaseExecutor.java:298)
	at com.kms.katalon.core.main.TestCaseExecutor.accessMainPhase(TestCaseExecutor.java:290)
	at com.kms.katalon.core.main.TestCaseExecutor.execute(TestCaseExecutor.java:224)
	at com.kms.katalon.core.main.TestSuiteExecutor.accessTestCaseMainPhase(TestSuiteExecutor.java:129)
	at com.kms.katalon.core.main.TestSuiteExecutor.accessTestSuiteMainPhase(TestSuiteExecutor.java:112)
	at com.kms.katalon.core.main.TestSuiteExecutor.execute(TestSuiteExecutor.java:81)
	at com.kms.katalon.core.main.TestCaseMain.startTestSuite(TestCaseMain.java:149)
	at com.kms.katalon.core.main.TestCaseMain$startTestSuite$0.call(Unknown Source)
	at TempTestSuite1584619233819.run(TempTestSuite1584619233819.groovy:36)
Caused by: org.openqa.selenium.WebDriverException: unknown error: Element &lt;button type=&quot;button&quot; class=&quot;Button-h8watj-0 jWworc trye76-1 btYWOg btn btn-primary&quot; aria-haspopup=&quot;true&quot; aria-expanded=&quot;false&quot; id=&quot;product-lines&quot; title=&quot;Select a Product Line&quot; data-toggle=&quot;dropdown&quot;>...&lt;/button> is not clickable at point (187, 636). Other element would receive the click: &lt;a href=&quot;tel:5558675309&quot; class=&quot;sc-1dmd8vs-31 kWuInD&quot;>...&lt;/a>
  (Session info: chrome=80.0.3987.149)
  (Driver info: chromedriver=2.43.600210 (68dcf5eebde37173d4027fa8635e332711d2874a),platform=Windows NT 6.3.9600 x86_64) (WARNING: The server did not provide any stacktrace information)
Command duration or timeout: 0 milliseconds
Build info: version: '3.7.1', revision: '8a0099a', time: '2017-11-06T21:07:36.161Z'
System info: host: 'WIN-U215233FMVE', ip: '172.30.0.53', os.name: 'Windows Server 2012 R2', os.arch: 'amd64', os.version: '6.3', java.version: '1.8.0_181'
Driver info: com.kms.katalon.selenium.driver.CChromeDriver
Capabilities {acceptInsecureCerts: false, acceptSslCerts: false, applicationCacheEnabled: false, browserConnectionEnabled: false, browserName: chrome, chrome: {chromedriverVersion: 2.43.600210 (68dcf5eebde371..., userDataDir: C:\Users\ADMINI~1\AppData\L...}, cssSelectorsEnabled: true, databaseEnabled: false, goog:chromeOptions: {debuggerAddress: localhost:62042}, handlesAlerts: true, hasTouchScreen: true, javascriptEnabled: true, locationContextEnabled: true, mobileEmulationEnabled: true, nativeEvents: true, networkConnectionEnabled: false, pageLoadStrategy: normal, platform: XP, platformName: XP, rotatable: false, setWindowRect: true, takesHeapSnapshot: true, takesScreenshot: true, unexpectedAlertBehaviour: , unhandledPromptBehavior: , version: 80.0.3987.149, webStorageEnabled: true}
Session ID: 7736e0cd1fb0f7b764e6385be1a96d16
	at org.openqa.selenium.remote.ErrorHandler.createThrowable(ErrorHandler.java:214)
	at org.openqa.selenium.remote.ErrorHandler.throwIfResponseFailed(ErrorHandler.java:166)
	at org.openqa.selenium.remote.http.JsonHttpResponseCodec.reconstructValue(JsonHttpResponseCodec.java:40)
	at org.openqa.selenium.remote.http.AbstractHttpResponseCodec.decode(AbstractHttpResponseCodec.java:80)
	at org.openqa.selenium.remote.http.AbstractHttpResponseCodec.decode(AbstractHttpResponseCodec.java:44)
	at org.openqa.selenium.remote.HttpCommandExecutor.execute(HttpCommandExecutor.java:164)
	at org.openqa.selenium.remote.service.DriverCommandExecutor.execute(DriverCommandExecutor.java:83)
	at org.openqa.selenium.remote.RemoteWebDriver.execute(RemoteWebDriver.java:600)
	at com.kms.katalon.selenium.driver.CChromeDriver.execute(CChromeDriver.java:20)
	at org.openqa.selenium.remote.RemoteWebElement.execute(RemoteWebElement.java:279)
	at org.openqa.selenium.remote.RemoteWebElement.click(RemoteWebElement.java:83)
	at com.thoughtworks.selenium.webdriven.commands.Click.handleSeleneseCommand(Click.java:40)
	at com.thoughtworks.selenium.webdriven.commands.Click.handleSeleneseCommand(Click.java:26)
	at com.thoughtworks.selenium.webdriven.SeleneseCommand.apply(SeleneseCommand.java:36)
	at com.thoughtworks.selenium.webdriven.Timer.run(Timer.java:41)
	at com.thoughtworks.selenium.webdriven.WebDriverCommandProcessor.execute(WebDriverCommandProcessor.java:150)
	at com.thoughtworks.selenium.webdriven.WebDriverCommandProcessor.doCommand(WebDriverCommandProcessor.java:76)
	at com.thoughtworks.selenium.DefaultSelenium.click(DefaultSelenium.java:198)
	at com.thoughtworks.selenium.Selenium$click.call(Unknown Source)
	at Script1583732361465.run(Script1583732361465.groovy:35)
	... 13 more
"/>
         <system-out><![CDATA[2020-03-19 08:02:17 - [TEST_CASE][ERROR] - Test Cases/HIC/New/STM: Test Cases/HIC/New/STM FAILED.
Reason:
com.thoughtworks.selenium.SeleniumException: unknown error: Element <button type="button" class="Button-h8watj-0 jWworc trye76-1 btYWOg btn btn-primary" aria-haspopup="true" aria-expanded="false" id="product-lines" title="Select a Product Line" data-toggle="dropdown">...</button> is not clickable at point (187, 636). Other element would receive the click: <a href="tel:5558675309" class="sc-1dmd8vs-31 kWuInD">...</a>
  (Session info: chrome=80.0.3987.149)
  (Driver info: chromedriver=2.43.600210 (68dcf5eebde37173d4027fa8635e332711d2874a),platform=Windows NT 6.3.9600 x86_64) (WARNING: The server did not provide any stacktrace information)
Command duration or timeout: 0 milliseconds
Build info: version: '3.7.1', revision: '8a0099a', time: '2017-11-06T21:07:36.161Z'
System info: host: 'WIN-U215233FMVE', ip: '172.30.0.53', os.name: 'Windows Server 2012 R2', os.arch: 'amd64', os.version: '6.3', java.version: '1.8.0_181'
Driver info: com.kms.katalon.selenium.driver.CChromeDriver
Capabilities {acceptInsecureCerts: false, acceptSslCerts: false, applicationCacheEnabled: false, browserConnectionEnabled: false, browserName: chrome, chrome: {chromedriverVersion: 2.43.600210 (68dcf5eebde371..., userDataDir: C:\Users\ADMINI~1\AppData\L...}, cssSelectorsEnabled: true, databaseEnabled: false, goog:chromeOptions: {debuggerAddress: localhost:62042}, handlesAlerts: true, hasTouchScreen: true, javascriptEnabled: true, locationContextEnabled: true, mobileEmulationEnabled: true, nativeEvents: true, networkConnectionEnabled: false, pageLoadStrategy: normal, platform: XP, platformName: XP, rotatable: false, setWindowRect: true, takesHeapSnapshot: true, takesScreenshot: true, unexpectedAlertBehaviour: , unhandledPromptBehavior: , version: 80.0.3987.149, webStorageEnabled: true}
Session ID: 7736e0cd1fb0f7b764e6385be1a96d16
	at com.thoughtworks.selenium.webdriven.SeleneseCommand.apply(SeleneseCommand.java:45)
	at com.thoughtworks.selenium.webdriven.Timer.run(Timer.java:41)
	at com.thoughtworks.selenium.webdriven.WebDriverCommandProcessor.execute(WebDriverCommandProcessor.java:150)
	at com.thoughtworks.selenium.webdriven.WebDriverCommandProcessor.doCommand(WebDriverCommandProcessor.java:76)
	at com.thoughtworks.selenium.DefaultSelenium.click(DefaultSelenium.java:198)
	at com.thoughtworks.selenium.Selenium$click.call(Unknown Source)
	at STM.run(STM:35)
	at com.kms.katalon.core.main.ScriptEngine.run(ScriptEngine.java:194)
	at com.kms.katalon.core.main.ScriptEngine.runScriptAsRawText(ScriptEngine.java:119)
	at com.kms.katalon.core.main.TestCaseExecutor.runScript(TestCaseExecutor.java:328)
	at com.kms.katalon.core.main.TestCaseExecutor.doExecute(TestCaseExecutor.java:319)
	at com.kms.katalon.core.main.TestCaseExecutor.processExecutionPhase(TestCaseExecutor.java:298)
	at com.kms.katalon.core.main.TestCaseExecutor.accessMainPhase(TestCaseExecutor.java:290)
	at com.kms.katalon.core.main.TestCaseExecutor.execute(TestCaseExecutor.java:224)
	at com.kms.katalon.core.main.TestSuiteExecutor.accessTestCaseMainPhase(TestSuiteExecutor.java:129)
	at com.kms.katalon.core.main.TestSuiteExecutor.accessTestSuiteMainPhase(TestSuiteExecutor.java:112)
	at com.kms.katalon.core.main.TestSuiteExecutor.execute(TestSuiteExecutor.java:81)
	at com.kms.katalon.core.main.TestCaseMain.startTestSuite(TestCaseMain.java:149)
	at com.kms.katalon.core.main.TestCaseMain$startTestSuite$0.call(Unknown Source)
	at TempTestSuite1584619233819.run(TempTestSuite1584619233819.groovy:36)
Caused by: org.openqa.selenium.WebDriverException: unknown error: Element <button type="button" class="Button-h8watj-0 jWworc trye76-1 btYWOg btn btn-primary" aria-haspopup="true" aria-expanded="false" id="product-lines" title="Select a Product Line" data-toggle="dropdown">...</button> is not clickable at point (187, 636). Other element would receive the click: <a href="tel:5558675309" class="sc-1dmd8vs-31 kWuInD">...</a>
  (Session info: chrome=80.0.3987.149)
  (Driver info: chromedriver=2.43.600210 (68dcf5eebde37173d4027fa8635e332711d2874a),platform=Windows NT 6.3.9600 x86_64) (WARNING: The server did not provide any stacktrace information)
Command duration or timeout: 0 milliseconds
Build info: version: '3.7.1', revision: '8a0099a', time: '2017-11-06T21:07:36.161Z'
System info: host: 'WIN-U215233FMVE', ip: '172.30.0.53', os.name: 'Windows Server 2012 R2', os.arch: 'amd64', os.version: '6.3', java.version: '1.8.0_181'
Driver info: com.kms.katalon.selenium.driver.CChromeDriver
Capabilities {acceptInsecureCerts: false, acceptSslCerts: false, applicationCacheEnabled: false, browserConnectionEnabled: false, browserName: chrome, chrome: {chromedriverVersion: 2.43.600210 (68dcf5eebde371..., userDataDir: C:\Users\ADMINI~1\AppData\L...}, cssSelectorsEnabled: true, databaseEnabled: false, goog:chromeOptions: {debuggerAddress: localhost:62042}, handlesAlerts: true, hasTouchScreen: true, javascriptEnabled: true, locationContextEnabled: true, mobileEmulationEnabled: true, nativeEvents: true, networkConnectionEnabled: false, pageLoadStrategy: normal, platform: XP, platformName: XP, rotatable: false, setWindowRect: true, takesHeapSnapshot: true, takesScreenshot: true, unexpectedAlertBehaviour: , unhandledPromptBehavior: , version: 80.0.3987.149, webStorageEnabled: true}
Session ID: 7736e0cd1fb0f7b764e6385be1a96d16
	at org.openqa.selenium.remote.ErrorHandler.createThrowable(ErrorHandler.java:214)
	at org.openqa.selenium.remote.ErrorHandler.throwIfResponseFailed(ErrorHandler.java:166)
	at org.openqa.selenium.remote.http.JsonHttpResponseCodec.reconstructValue(JsonHttpResponseCodec.java:40)
	at org.openqa.selenium.remote.http.AbstractHttpResponseCodec.decode(AbstractHttpResponseCodec.java:80)
	at org.openqa.selenium.remote.http.AbstractHttpResponseCodec.decode(AbstractHttpResponseCodec.java:44)
	at org.openqa.selenium.remote.HttpCommandExecutor.execute(HttpCommandExecutor.java:164)
	at org.openqa.selenium.remote.service.DriverCommandExecutor.execute(DriverCommandExecutor.java:83)
	at org.openqa.selenium.remote.RemoteWebDriver.execute(RemoteWebDriver.java:600)
	at com.kms.katalon.selenium.driver.CChromeDriver.execute(CChromeDriver.java:20)
	at org.openqa.selenium.remote.RemoteWebElement.execute(RemoteWebElement.java:279)
	at org.openqa.selenium.remote.RemoteWebElement.click(RemoteWebElement.java:83)
	at com.thoughtworks.selenium.webdriven.commands.Click.handleSeleneseCommand(Click.java:40)
	at com.thoughtworks.selenium.webdriven.commands.Click.handleSeleneseCommand(Click.java:26)
	at com.thoughtworks.selenium.webdriven.SeleneseCommand.apply(SeleneseCommand.java:36)
	at com.thoughtworks.selenium.webdriven.Timer.run(Timer.java:41)
	at com.thoughtworks.selenium.webdriven.WebDriverCommandProcessor.execute(WebDriverCommandProcessor.java:150)
	at com.thoughtworks.selenium.webdriven.WebDriverCommandProcessor.doCommand(WebDriverCommandProcessor.java:76)
	at com.thoughtworks.selenium.DefaultSelenium.click(DefaultSelenium.java:198)
	at com.thoughtworks.selenium.Selenium$click.call(Unknown Source)
	at Script1583732361465.run(Script1583732361465.groovy:35)
	... 13 more


2020-03-19 08:02:17 - [TEST_STEP][PASSED] - callTestCase(findTestCase("HIC/_include/get_hicScreenPath"), ["project":"HIC", "productLine":"STM", "carrierName":"STM"], CONTINUE_ON_FAILURE): Call Test Case 'Test Cases/HIC/_include/get_hicScreenPath' successfully

2020-03-19 08:02:17 - [TEST_CASE][PASSED] - Test Cases/HIC/_include/get_hicScreenPath: Test Cases/HIC/_include/get_hicScreenPath

2020-03-19 08:02:17 - [TEST_STEP][PASSED] - m = getExecutionProperties(): null

2020-03-19 08:02:17 - [TEST_STEP][PASSED] - deviceName = get("mobileEmulation").get("deviceName"): null

2020-03-19 08:02:17 - [TEST_STEP][PASSED] - println(deviceName): null

2020-03-19 08:02:17 - [TEST_STEP][PASSED] - now = new java.util.Date(): null

2020-03-19 08:02:17 - [TEST_STEP][PASSED] - mydate = now.format("yyyyMMdd_HHmmss"): null

2020-03-19 08:02:17 - [TEST_STEP][PASSED] - screenPath = "../Screenshots/": null

2020-03-19 08:02:17 - [TEST_STEP][PASSED] - screenPath = screenPath + deviceName + "/" + project + "/" + productLine + "/" + carrierName + "/" + mydate + "/": null

2020-03-19 08:02:17 - [TEST_STEP][PASSED] - println(screenPath): null

2020-03-19 08:02:17 - [MESSAGE][PASSED] - Call Test Case 'Test Cases/HIC/_include/get_hicScreenPath' successfully

2020-03-19 08:02:17 - [TEST_STEP][PASSED] - i = 0: null

2020-03-19 08:02:17 - [TEST_STEP][PASSED] - callTestCase(findTestCase("AHI/_include/openWebSite"), ["env":env], CONTINUE_ON_FAILURE): Call Test Case 'Test Cases/AHI/_include/openWebSite' successfully

2020-03-19 08:02:18 - [TEST_CASE][PASSED] - Test Cases/AHI/_include/openWebSite: Test Cases/AHI/_include/openWebSite

2020-03-19 08:02:18 - [TEST_STEP][PASSED] - openBrowser(env): Browser is opened with url: 'https://qa.healthinsurance.com'

2020-03-19 08:02:18 - [MESSAGE][WARNING] - A browser is already opened. Closing browser and opening a new one

2020-03-19 08:02:19 - [MESSAGE][INFO] - Starting 'Chrome' driver

2020-03-19 08:02:19 - [MESSAGE][INFO] - User set preference: ['mobileEmulation', '{deviceName=iPhone 6}']

2020-03-19 08:02:19 - [MESSAGE][INFO] - User set preference: ['args', '[--incognito, --aggressive-cache-discard, --window-size=375,677, --no-sandbox, --ignore-certificate-errors]']

2020-03-19 08:02:25 - [MESSAGE][PASSED] - Browser is opened with url: 'https://qa.healthinsurance.com'

2020-03-19 08:02:25 - [TEST_STEP][PASSED] - waitForPageLoad(20): Wait for page load successfully

2020-03-19 08:02:25 - [MESSAGE][PASSED] - Wait for page load successfully

2020-03-19 08:02:25 - [TEST_STEP][PASSED] - callTestCase(findTestCase("AHI/_include/get_screenshot"), [:], STOP_ON_FAILURE): Call Test Case 'Test Cases/AHI/_include/get_screenshot' successfully

2020-03-19 08:02:25 - [TEST_CASE][PASSED] - Test Cases/AHI/_include/get_screenshot: Test Cases/AHI/_include/get_screenshot

2020-03-19 08:02:25 - [TEST_STEP][PASSED] - Thread.sleep(1000): null

2020-03-19 08:02:26 - [TEST_STEP][PASSED] - takeScreenshot(screenPath + i + ".png"): Taking screenshot successfully

2020-03-19 08:02:26 - [MESSAGE][PASSED] - Taking screenshot successfully
[[ATTACHMENT|D:\\Test\\AgileTest\\Reports\\HIC\\hic\\20200319_080033\\../Screenshots/iPhone 6/HIC/STM/STM/20200319_080217/0.png]]

2020-03-19 08:02:26 - [TEST_STEP][PASSED] - (internal.GlobalVariable.i++): null

2020-03-19 08:02:26 - [MESSAGE][PASSED] - Call Test Case 'Test Cases/AHI/_include/get_screenshot' successfully

2020-03-19 08:02:26 - [MESSAGE][PASSED] - Call Test Case 'Test Cases/AHI/_include/openWebSite' successfully

2020-03-19 08:02:26 - [TEST_STEP][PASSED] - driver = getWebDriver(): null

2020-03-19 08:02:26 - [TEST_STEP][PASSED] - baseUrl = env: null

2020-03-19 08:02:26 - [TEST_STEP][PASSED] - selenium = new com.thoughtworks.selenium.webdriven.WebDriverBackedSelenium(driver, baseUrl): null

2020-03-19 08:02:26 - [TEST_STEP][ERROR] - selenium.click("id=product-lines"): selenium.click("id=product-lines") FAILED.
Reason:
com.thoughtworks.selenium.SeleniumException: unknown error: Element <button type="button" class="Button-h8watj-0 jWworc trye76-1 btYWOg btn btn-primary" aria-haspopup="true" aria-expanded="false" id="product-lines" title="Select a Product Line" data-toggle="dropdown">...</button> is not clickable at point (187, 636). Other element would receive the click: <a href="tel:5558675309" class="sc-1dmd8vs-31 kWuInD">...</a>
  (Session info: chrome=80.0.3987.149)
  (Driver info: chromedriver=2.43.600210 (68dcf5eebde37173d4027fa8635e332711d2874a),platform=Windows NT 6.3.9600 x86_64) (WARNING: The server did not provide any stacktrace information)
Command duration or timeout: 0 milliseconds
Build info: version: '3.7.1', revision: '8a0099a', time: '2017-11-06T21:07:36.161Z'
System info: host: 'WIN-U215233FMVE', ip: '172.30.0.53', os.name: 'Windows Server 2012 R2', os.arch: 'amd64', os.version: '6.3', java.version: '1.8.0_181'
Driver info: com.kms.katalon.selenium.driver.CChromeDriver
Capabilities {acceptInsecureCerts: false, acceptSslCerts: false, applicationCacheEnabled: false, browserConnectionEnabled: false, browserName: chrome, chrome: {chromedriverVersion: 2.43.600210 (68dcf5eebde371..., userDataDir: C:\Users\ADMINI~1\AppData\L...}, cssSelectorsEnabled: true, databaseEnabled: false, goog:chromeOptions: {debuggerAddress: localhost:62042}, handlesAlerts: true, hasTouchScreen: true, javascriptEnabled: true, locationContextEnabled: true, mobileEmulationEnabled: true, nativeEvents: true, networkConnectionEnabled: false, pageLoadStrategy: normal, platform: XP, platformName: XP, rotatable: false, setWindowRect: true, takesHeapSnapshot: true, takesScreenshot: true, unexpectedAlertBehaviour: , unhandledPromptBehavior: , version: 80.0.3987.149, webStorageEnabled: true}
Session ID: 7736e0cd1fb0f7b764e6385be1a96d16
	at com.thoughtworks.selenium.webdriven.SeleneseCommand.apply(SeleneseCommand.java:45)
	at com.thoughtworks.selenium.webdriven.Timer.run(Timer.java:41)
	at com.thoughtworks.selenium.webdriven.WebDriverCommandProcessor.execute(WebDriverCommandProcessor.java:150)
	at com.thoughtworks.selenium.webdriven.WebDriverCommandProcessor.doCommand(WebDriverCommandProcessor.java:76)
	at com.thoughtworks.selenium.DefaultSelenium.click(DefaultSelenium.java:198)
	at com.thoughtworks.selenium.Selenium$click.call(Unknown Source)
	at STM.run(STM:35)
	at com.kms.katalon.core.main.ScriptEngine.run(ScriptEngine.java:194)
	at com.kms.katalon.core.main.ScriptEngine.runScriptAsRawText(ScriptEngine.java:119)
	at com.kms.katalon.core.main.TestCaseExecutor.runScript(TestCaseExecutor.java:328)
	at com.kms.katalon.core.main.TestCaseExecutor.doExecute(TestCaseExecutor.java:319)
	at com.kms.katalon.core.main.TestCaseExecutor.processExecutionPhase(TestCaseExecutor.java:298)
	at com.kms.katalon.core.main.TestCaseExecutor.accessMainPhase(TestCaseExecutor.java:290)
	at com.kms.katalon.core.main.TestCaseExecutor.execute(TestCaseExecutor.java:224)
	at com.kms.katalon.core.main.TestSuiteExecutor.accessTestCaseMainPhase(TestSuiteExecutor.java:129)
	at com.kms.katalon.core.main.TestSuiteExecutor.accessTestSuiteMainPhase(TestSuiteExecutor.java:112)
	at com.kms.katalon.core.main.TestSuiteExecutor.execute(TestSuiteExecutor.java:81)
	at com.kms.katalon.core.main.TestCaseMain.startTestSuite(TestCaseMain.java:149)
	at com.kms.katalon.core.main.TestCaseMain$startTestSuite$0.call(Unknown Source)
	at TempTestSuite1584619233819.run(TempTestSuite1584619233819.groovy:36)
Caused by: org.openqa.selenium.WebDriverException: unknown error: Element <button type="button" class="Button-h8watj-0 jWworc trye76-1 btYWOg btn btn-primary" aria-haspopup="true" aria-expanded="false" id="product-lines" title="Select a Product Line" data-toggle="dropdown">...</button> is not clickable at point (187, 636). Other element would receive the click: <a href="tel:5558675309" class="sc-1dmd8vs-31 kWuInD">...</a>
  (Session info: chrome=80.0.3987.149)
  (Driver info: chromedriver=2.43.600210 (68dcf5eebde37173d4027fa8635e332711d2874a),platform=Windows NT 6.3.9600 x86_64) (WARNING: The server did not provide any stacktrace information)
Command duration or timeout: 0 milliseconds
Build info: version: '3.7.1', revision: '8a0099a', time: '2017-11-06T21:07:36.161Z'
System info: host: 'WIN-U215233FMVE', ip: '172.30.0.53', os.name: 'Windows Server 2012 R2', os.arch: 'amd64', os.version: '6.3', java.version: '1.8.0_181'
Driver info: com.kms.katalon.selenium.driver.CChromeDriver
Capabilities {acceptInsecureCerts: false, acceptSslCerts: false, applicationCacheEnabled: false, browserConnectionEnabled: false, browserName: chrome, chrome: {chromedriverVersion: 2.43.600210 (68dcf5eebde371..., userDataDir: C:\Users\ADMINI~1\AppData\L...}, cssSelectorsEnabled: true, databaseEnabled: false, goog:chromeOptions: {debuggerAddress: localhost:62042}, handlesAlerts: true, hasTouchScreen: true, javascriptEnabled: true, locationContextEnabled: true, mobileEmulationEnabled: true, nativeEvents: true, networkConnectionEnabled: false, pageLoadStrategy: normal, platform: XP, platformName: XP, rotatable: false, setWindowRect: true, takesHeapSnapshot: true, takesScreenshot: true, unexpectedAlertBehaviour: , unhandledPromptBehavior: , version: 80.0.3987.149, webStorageEnabled: true}
Session ID: 7736e0cd1fb0f7b764e6385be1a96d16
	at org.openqa.selenium.remote.ErrorHandler.createThrowable(ErrorHandler.java:214)
	at org.openqa.selenium.remote.ErrorHandler.throwIfResponseFailed(ErrorHandler.java:166)
	at org.openqa.selenium.remote.http.JsonHttpResponseCodec.reconstructValue(JsonHttpResponseCodec.java:40)
	at org.openqa.selenium.remote.http.AbstractHttpResponseCodec.decode(AbstractHttpResponseCodec.java:80)
	at org.openqa.selenium.remote.http.AbstractHttpResponseCodec.decode(AbstractHttpResponseCodec.java:44)
	at org.openqa.selenium.remote.HttpCommandExecutor.execute(HttpCommandExecutor.java:164)
	at org.openqa.selenium.remote.service.DriverCommandExecutor.execute(DriverCommandExecutor.java:83)
	at org.openqa.selenium.remote.RemoteWebDriver.execute(RemoteWebDriver.java:600)
	at com.kms.katalon.selenium.driver.CChromeDriver.execute(CChromeDriver.java:20)
	at org.openqa.selenium.remote.RemoteWebElement.execute(RemoteWebElement.java:279)
	at org.openqa.selenium.remote.RemoteWebElement.click(RemoteWebElement.java:83)
	at com.thoughtworks.selenium.webdriven.commands.Click.handleSeleneseCommand(Click.java:40)
	at com.thoughtworks.selenium.webdriven.commands.Click.handleSeleneseCommand(Click.java:26)
	at com.thoughtworks.selenium.webdriven.SeleneseCommand.apply(SeleneseCommand.java:36)
	at com.thoughtworks.selenium.webdriven.Timer.run(Timer.java:41)
	at com.thoughtworks.selenium.webdriven.WebDriverCommandProcessor.execute(WebDriverCommandProcessor.java:150)
	at com.thoughtworks.selenium.webdriven.WebDriverCommandProcessor.doCommand(WebDriverCommandProcessor.java:76)
	at com.thoughtworks.selenium.DefaultSelenium.click(DefaultSelenium.java:198)
	at com.thoughtworks.selenium.Selenium$click.call(Unknown Source)
	at Script1583732361465.run(Script1583732361465.groovy:35)
	... 13 more


2020-03-19 08:02:26 - [MESSAGE][ERROR] - selenium.click("id=product-lines") FAILED.
Reason:
com.thoughtworks.selenium.SeleniumException: unknown error: Element <button type="button" class="Button-h8watj-0 jWworc trye76-1 btYWOg btn btn-primary" aria-haspopup="true" aria-expanded="false" id="product-lines" title="Select a Product Line" data-toggle="dropdown">...</button> is not clickable at point (187, 636). Other element would receive the click: <a href="tel:5558675309" class="sc-1dmd8vs-31 kWuInD">...</a>
  (Session info: chrome=80.0.3987.149)
  (Driver info: chromedriver=2.43.600210 (68dcf5eebde37173d4027fa8635e332711d2874a),platform=Windows NT 6.3.9600 x86_64) (WARNING: The server did not provide any stacktrace information)
Command duration or timeout: 0 milliseconds
Build info: version: '3.7.1', revision: '8a0099a', time: '2017-11-06T21:07:36.161Z'
System info: host: 'WIN-U215233FMVE', ip: '172.30.0.53', os.name: 'Windows Server 2012 R2', os.arch: 'amd64', os.version: '6.3', java.version: '1.8.0_181'
Driver info: com.kms.katalon.selenium.driver.CChromeDriver
Capabilities {acceptInsecureCerts: false, acceptSslCerts: false, applicationCacheEnabled: false, browserConnectionEnabled: false, browserName: chrome, chrome: {chromedriverVersion: 2.43.600210 (68dcf5eebde371..., userDataDir: C:\Users\ADMINI~1\AppData\L...}, cssSelectorsEnabled: true, databaseEnabled: false, goog:chromeOptions: {debuggerAddress: localhost:62042}, handlesAlerts: true, hasTouchScreen: true, javascriptEnabled: true, locationContextEnabled: true, mobileEmulationEnabled: true, nativeEvents: true, networkConnectionEnabled: false, pageLoadStrategy: normal, platform: XP, platformName: XP, rotatable: false, setWindowRect: true, takesHeapSnapshot: true, takesScreenshot: true, unexpectedAlertBehaviour: , unhandledPromptBehavior: , version: 80.0.3987.149, webStorageEnabled: true}
Session ID: 7736e0cd1fb0f7b764e6385be1a96d16
	at com.thoughtworks.selenium.webdriven.SeleneseCommand.apply(SeleneseCommand.java:45)
	at com.thoughtworks.selenium.webdriven.Timer.run(Timer.java:41)
	at com.thoughtworks.selenium.webdriven.WebDriverCommandProcessor.execute(WebDriverCommandProcessor.java:150)
	at com.thoughtworks.selenium.webdriven.WebDriverCommandProcessor.doCommand(WebDriverCommandProcessor.java:76)
	at com.thoughtworks.selenium.DefaultSelenium.click(DefaultSelenium.java:198)
	at com.thoughtworks.selenium.Selenium$click.call(Unknown Source)
	at STM.run(STM:35)
	at com.kms.katalon.core.main.ScriptEngine.run(ScriptEngine.java:194)
	at com.kms.katalon.core.main.ScriptEngine.runScriptAsRawText(ScriptEngine.java:119)
	at com.kms.katalon.core.main.TestCaseExecutor.runScript(TestCaseExecutor.java:328)
	at com.kms.katalon.core.main.TestCaseExecutor.doExecute(TestCaseExecutor.java:319)
	at com.kms.katalon.core.main.TestCaseExecutor.processExecutionPhase(TestCaseExecutor.java:298)
	at com.kms.katalon.core.main.TestCaseExecutor.accessMainPhase(TestCaseExecutor.java:290)
	at com.kms.katalon.core.main.TestCaseExecutor.execute(TestCaseExecutor.java:224)
	at com.kms.katalon.core.main.TestSuiteExecutor.accessTestCaseMainPhase(TestSuiteExecutor.java:129)
	at com.kms.katalon.core.main.TestSuiteExecutor.accessTestSuiteMainPhase(TestSuiteExecutor.java:112)
	at com.kms.katalon.core.main.TestSuiteExecutor.execute(TestSuiteExecutor.java:81)
	at com.kms.katalon.core.main.TestCaseMain.startTestSuite(TestCaseMain.java:149)
	at com.kms.katalon.core.main.TestCaseMain$startTestSuite$0.call(Unknown Source)
	at TempTestSuite1584619233819.run(TempTestSuite1584619233819.groovy:36)
Caused by: org.openqa.selenium.WebDriverException: unknown error: Element <button type="button" class="Button-h8watj-0 jWworc trye76-1 btYWOg btn btn-primary" aria-haspopup="true" aria-expanded="false" id="product-lines" title="Select a Product Line" data-toggle="dropdown">...</button> is not clickable at point (187, 636). Other element would receive the click: <a href="tel:5558675309" class="sc-1dmd8vs-31 kWuInD">...</a>
  (Session info: chrome=80.0.3987.149)
  (Driver info: chromedriver=2.43.600210 (68dcf5eebde37173d4027fa8635e332711d2874a),platform=Windows NT 6.3.9600 x86_64) (WARNING: The server did not provide any stacktrace information)
Command duration or timeout: 0 milliseconds
Build info: version: '3.7.1', revision: '8a0099a', time: '2017-11-06T21:07:36.161Z'
System info: host: 'WIN-U215233FMVE', ip: '172.30.0.53', os.name: 'Windows Server 2012 R2', os.arch: 'amd64', os.version: '6.3', java.version: '1.8.0_181'
Driver info: com.kms.katalon.selenium.driver.CChromeDriver
Capabilities {acceptInsecureCerts: false, acceptSslCerts: false, applicationCacheEnabled: false, browserConnectionEnabled: false, browserName: chrome, chrome: {chromedriverVersion: 2.43.600210 (68dcf5eebde371..., userDataDir: C:\Users\ADMINI~1\AppData\L...}, cssSelectorsEnabled: true, databaseEnabled: false, goog:chromeOptions: {debuggerAddress: localhost:62042}, handlesAlerts: true, hasTouchScreen: true, javascriptEnabled: true, locationContextEnabled: true, mobileEmulationEnabled: true, nativeEvents: true, networkConnectionEnabled: false, pageLoadStrategy: normal, platform: XP, platformName: XP, rotatable: false, setWindowRect: true, takesHeapSnapshot: true, takesScreenshot: true, unexpectedAlertBehaviour: , unhandledPromptBehavior: , version: 80.0.3987.149, webStorageEnabled: true}
Session ID: 7736e0cd1fb0f7b764e6385be1a96d16
	at org.openqa.selenium.remote.ErrorHandler.createThrowable(ErrorHandler.java:214)
	at org.openqa.selenium.remote.ErrorHandler.throwIfResponseFailed(ErrorHandler.java:166)
	at org.openqa.selenium.remote.http.JsonHttpResponseCodec.reconstructValue(JsonHttpResponseCodec.java:40)
	at org.openqa.selenium.remote.http.AbstractHttpResponseCodec.decode(AbstractHttpResponseCodec.java:80)
	at org.openqa.selenium.remote.http.AbstractHttpResponseCodec.decode(AbstractHttpResponseCodec.java:44)
	at org.openqa.selenium.remote.HttpCommandExecutor.execute(HttpCommandExecutor.java:164)
	at org.openqa.selenium.remote.service.DriverCommandExecutor.execute(DriverCommandExecutor.java:83)
	at org.openqa.selenium.remote.RemoteWebDriver.execute(RemoteWebDriver.java:600)
	at com.kms.katalon.selenium.driver.CChromeDriver.execute(CChromeDriver.java:20)
	at org.openqa.selenium.remote.RemoteWebElement.execute(RemoteWebElement.java:279)
	at org.openqa.selenium.remote.RemoteWebElement.click(RemoteWebElement.java:83)
	at com.thoughtworks.selenium.webdriven.commands.Click.handleSeleneseCommand(Click.java:40)
	at com.thoughtworks.selenium.webdriven.commands.Click.handleSeleneseCommand(Click.java:26)
	at com.thoughtworks.selenium.webdriven.SeleneseCommand.apply(SeleneseCommand.java:36)
	at com.thoughtworks.selenium.webdriven.Timer.run(Timer.java:41)
	at com.thoughtworks.selenium.webdriven.WebDriverCommandProcessor.execute(WebDriverCommandProcessor.java:150)
	at com.thoughtworks.selenium.webdriven.WebDriverCommandProcessor.doCommand(WebDriverCommandProcessor.java:76)
	at com.thoughtworks.selenium.DefaultSelenium.click(DefaultSelenium.java:198)
	at com.thoughtworks.selenium.Selenium$click.call(Unknown Source)
	at Script1583732361465.run(Script1583732361465.groovy:35)
	... 13 more]]></system-out>
         <system-err><![CDATA[2020-03-19 08:02:17 - [TEST_CASE][ERROR] - Test Cases/HIC/New/STM: Test Cases/HIC/New/STM FAILED.
Reason:
com.thoughtworks.selenium.SeleniumException: unknown error: Element <button type="button" class="Button-h8watj-0 jWworc trye76-1 btYWOg btn btn-primary" aria-haspopup="true" aria-expanded="false" id="product-lines" title="Select a Product Line" data-toggle="dropdown">...</button> is not clickable at point (187, 636). Other element would receive the click: <a href="tel:5558675309" class="sc-1dmd8vs-31 kWuInD">...</a>
  (Session info: chrome=80.0.3987.149)
  (Driver info: chromedriver=2.43.600210 (68dcf5eebde37173d4027fa8635e332711d2874a),platform=Windows NT 6.3.9600 x86_64) (WARNING: The server did not provide any stacktrace information)
Command duration or timeout: 0 milliseconds
Build info: version: '3.7.1', revision: '8a0099a', time: '2017-11-06T21:07:36.161Z'
System info: host: 'WIN-U215233FMVE', ip: '172.30.0.53', os.name: 'Windows Server 2012 R2', os.arch: 'amd64', os.version: '6.3', java.version: '1.8.0_181'
Driver info: com.kms.katalon.selenium.driver.CChromeDriver
Capabilities {acceptInsecureCerts: false, acceptSslCerts: false, applicationCacheEnabled: false, browserConnectionEnabled: false, browserName: chrome, chrome: {chromedriverVersion: 2.43.600210 (68dcf5eebde371..., userDataDir: C:\Users\ADMINI~1\AppData\L...}, cssSelectorsEnabled: true, databaseEnabled: false, goog:chromeOptions: {debuggerAddress: localhost:62042}, handlesAlerts: true, hasTouchScreen: true, javascriptEnabled: true, locationContextEnabled: true, mobileEmulationEnabled: true, nativeEvents: true, networkConnectionEnabled: false, pageLoadStrategy: normal, platform: XP, platformName: XP, rotatable: false, setWindowRect: true, takesHeapSnapshot: true, takesScreenshot: true, unexpectedAlertBehaviour: , unhandledPromptBehavior: , version: 80.0.3987.149, webStorageEnabled: true}
Session ID: 7736e0cd1fb0f7b764e6385be1a96d16
	at com.thoughtworks.selenium.webdriven.SeleneseCommand.apply(SeleneseCommand.java:45)
	at com.thoughtworks.selenium.webdriven.Timer.run(Timer.java:41)
	at com.thoughtworks.selenium.webdriven.WebDriverCommandProcessor.execute(WebDriverCommandProcessor.java:150)
	at com.thoughtworks.selenium.webdriven.WebDriverCommandProcessor.doCommand(WebDriverCommandProcessor.java:76)
	at com.thoughtworks.selenium.DefaultSelenium.click(DefaultSelenium.java:198)
	at com.thoughtworks.selenium.Selenium$click.call(Unknown Source)
	at STM.run(STM:35)
	at com.kms.katalon.core.main.ScriptEngine.run(ScriptEngine.java:194)
	at com.kms.katalon.core.main.ScriptEngine.runScriptAsRawText(ScriptEngine.java:119)
	at com.kms.katalon.core.main.TestCaseExecutor.runScript(TestCaseExecutor.java:328)
	at com.kms.katalon.core.main.TestCaseExecutor.doExecute(TestCaseExecutor.java:319)
	at com.kms.katalon.core.main.TestCaseExecutor.processExecutionPhase(TestCaseExecutor.java:298)
	at com.kms.katalon.core.main.TestCaseExecutor.accessMainPhase(TestCaseExecutor.java:290)
	at com.kms.katalon.core.main.TestCaseExecutor.execute(TestCaseExecutor.java:224)
	at com.kms.katalon.core.main.TestSuiteExecutor.accessTestCaseMainPhase(TestSuiteExecutor.java:129)
	at com.kms.katalon.core.main.TestSuiteExecutor.accessTestSuiteMainPhase(TestSuiteExecutor.java:112)
	at com.kms.katalon.core.main.TestSuiteExecutor.execute(TestSuiteExecutor.java:81)
	at com.kms.katalon.core.main.TestCaseMain.startTestSuite(TestCaseMain.java:149)
	at com.kms.katalon.core.main.TestCaseMain$startTestSuite$0.call(Unknown Source)
	at TempTestSuite1584619233819.run(TempTestSuite1584619233819.groovy:36)
Caused by: org.openqa.selenium.WebDriverException: unknown error: Element <button type="button" class="Button-h8watj-0 jWworc trye76-1 btYWOg btn btn-primary" aria-haspopup="true" aria-expanded="false" id="product-lines" title="Select a Product Line" data-toggle="dropdown">...</button> is not clickable at point (187, 636). Other element would receive the click: <a href="tel:5558675309" class="sc-1dmd8vs-31 kWuInD">...</a>
  (Session info: chrome=80.0.3987.149)
  (Driver info: chromedriver=2.43.600210 (68dcf5eebde37173d4027fa8635e332711d2874a),platform=Windows NT 6.3.9600 x86_64) (WARNING: The server did not provide any stacktrace information)
Command duration or timeout: 0 milliseconds
Build info: version: '3.7.1', revision: '8a0099a', time: '2017-11-06T21:07:36.161Z'
System info: host: 'WIN-U215233FMVE', ip: '172.30.0.53', os.name: 'Windows Server 2012 R2', os.arch: 'amd64', os.version: '6.3', java.version: '1.8.0_181'
Driver info: com.kms.katalon.selenium.driver.CChromeDriver
Capabilities {acceptInsecureCerts: false, acceptSslCerts: false, applicationCacheEnabled: false, browserConnectionEnabled: false, browserName: chrome, chrome: {chromedriverVersion: 2.43.600210 (68dcf5eebde371..., userDataDir: C:\Users\ADMINI~1\AppData\L...}, cssSelectorsEnabled: true, databaseEnabled: false, goog:chromeOptions: {debuggerAddress: localhost:62042}, handlesAlerts: true, hasTouchScreen: true, javascriptEnabled: true, locationContextEnabled: true, mobileEmulationEnabled: true, nativeEvents: true, networkConnectionEnabled: false, pageLoadStrategy: normal, platform: XP, platformName: XP, rotatable: false, setWindowRect: true, takesHeapSnapshot: true, takesScreenshot: true, unexpectedAlertBehaviour: , unhandledPromptBehavior: , version: 80.0.3987.149, webStorageEnabled: true}
Session ID: 7736e0cd1fb0f7b764e6385be1a96d16
	at org.openqa.selenium.remote.ErrorHandler.createThrowable(ErrorHandler.java:214)
	at org.openqa.selenium.remote.ErrorHandler.throwIfResponseFailed(ErrorHandler.java:166)
	at org.openqa.selenium.remote.http.JsonHttpResponseCodec.reconstructValue(JsonHttpResponseCodec.java:40)
	at org.openqa.selenium.remote.http.AbstractHttpResponseCodec.decode(AbstractHttpResponseCodec.java:80)
	at org.openqa.selenium.remote.http.AbstractHttpResponseCodec.decode(AbstractHttpResponseCodec.java:44)
	at org.openqa.selenium.remote.HttpCommandExecutor.execute(HttpCommandExecutor.java:164)
	at org.openqa.selenium.remote.service.DriverCommandExecutor.execute(DriverCommandExecutor.java:83)
	at org.openqa.selenium.remote.RemoteWebDriver.execute(RemoteWebDriver.java:600)
	at com.kms.katalon.selenium.driver.CChromeDriver.execute(CChromeDriver.java:20)
	at org.openqa.selenium.remote.RemoteWebElement.execute(RemoteWebElement.java:279)
	at org.openqa.selenium.remote.RemoteWebElement.click(RemoteWebElement.java:83)
	at com.thoughtworks.selenium.webdriven.commands.Click.handleSeleneseCommand(Click.java:40)
	at com.thoughtworks.selenium.webdriven.commands.Click.handleSeleneseCommand(Click.java:26)
	at com.thoughtworks.selenium.webdriven.SeleneseCommand.apply(SeleneseCommand.java:36)
	at com.thoughtworks.selenium.webdriven.Timer.run(Timer.java:41)
	at com.thoughtworks.selenium.webdriven.WebDriverCommandProcessor.execute(WebDriverCommandProcessor.java:150)
	at com.thoughtworks.selenium.webdriven.WebDriverCommandProcessor.doCommand(WebDriverCommandProcessor.java:76)
	at com.thoughtworks.selenium.DefaultSelenium.click(DefaultSelenium.java:198)
	at com.thoughtworks.selenium.Selenium$click.call(Unknown Source)
	at Script1583732361465.run(Script1583732361465.groovy:35)
	... 13 more]]></system-err>
      </testcase>
      <testcase name="Test Cases/HIC/New/Teladoc" classname="Test Cases/HIC/New/Teladoc" status="ERROR">
         <error type="ERROR" message="Test Cases/HIC/New/Teladoc FAILED.
Reason:
com.thoughtworks.selenium.SeleniumException: unknown error: Element &lt;button type=&quot;button&quot; class=&quot;Button-h8watj-0 jWworc trye76-1 btYWOg btn btn-primary&quot; aria-haspopup=&quot;true&quot; aria-expanded=&quot;false&quot; id=&quot;product-lines&quot; title=&quot;Select a Product Line&quot; data-toggle=&quot;dropdown&quot;>...&lt;/button> is not clickable at point (187, 636). Other element would receive the click: &lt;a href=&quot;tel:5558675309&quot; class=&quot;sc-1dmd8vs-31 kWuInD&quot;>...&lt;/a>
  (Session info: chrome=80.0.3987.149)
  (Driver info: chromedriver=2.43.600210 (68dcf5eebde37173d4027fa8635e332711d2874a),platform=Windows NT 6.3.9600 x86_64) (WARNING: The server did not provide any stacktrace information)
Command duration or timeout: 0 milliseconds
Build info: version: '3.7.1', revision: '8a0099a', time: '2017-11-06T21:07:36.161Z'
System info: host: 'WIN-U215233FMVE', ip: '172.30.0.53', os.name: 'Windows Server 2012 R2', os.arch: 'amd64', os.version: '6.3', java.version: '1.8.0_181'
Driver info: com.kms.katalon.selenium.driver.CChromeDriver
Capabilities {acceptInsecureCerts: false, acceptSslCerts: false, applicationCacheEnabled: false, browserConnectionEnabled: false, browserName: chrome, chrome: {chromedriverVersion: 2.43.600210 (68dcf5eebde371..., userDataDir: C:\Users\ADMINI~1\AppData\L...}, cssSelectorsEnabled: true, databaseEnabled: false, goog:chromeOptions: {debuggerAddress: localhost:62086}, handlesAlerts: true, hasTouchScreen: true, javascriptEnabled: true, locationContextEnabled: true, mobileEmulationEnabled: true, nativeEvents: true, networkConnectionEnabled: false, pageLoadStrategy: normal, platform: XP, platformName: XP, rotatable: false, setWindowRect: true, takesHeapSnapshot: true, takesScreenshot: true, unexpectedAlertBehaviour: , unhandledPromptBehavior: , version: 80.0.3987.149, webStorageEnabled: true}
Session ID: eb52f0b1c9ac134c42bb698f3ed28741
	at com.thoughtworks.selenium.webdriven.SeleneseCommand.apply(SeleneseCommand.java:45)
	at com.thoughtworks.selenium.webdriven.Timer.run(Timer.java:41)
	at com.thoughtworks.selenium.webdriven.WebDriverCommandProcessor.execute(WebDriverCommandProcessor.java:150)
	at com.thoughtworks.selenium.webdriven.WebDriverCommandProcessor.doCommand(WebDriverCommandProcessor.java:76)
	at com.thoughtworks.selenium.DefaultSelenium.click(DefaultSelenium.java:198)
	at com.thoughtworks.selenium.Selenium$click.call(Unknown Source)
	at Teladoc.run(Teladoc:31)
	at com.kms.katalon.core.main.ScriptEngine.run(ScriptEngine.java:194)
	at com.kms.katalon.core.main.ScriptEngine.runScriptAsRawText(ScriptEngine.java:119)
	at com.kms.katalon.core.main.TestCaseExecutor.runScript(TestCaseExecutor.java:328)
	at com.kms.katalon.core.main.TestCaseExecutor.doExecute(TestCaseExecutor.java:319)
	at com.kms.katalon.core.main.TestCaseExecutor.processExecutionPhase(TestCaseExecutor.java:298)
	at com.kms.katalon.core.main.TestCaseExecutor.accessMainPhase(TestCaseExecutor.java:290)
	at com.kms.katalon.core.main.TestCaseExecutor.execute(TestCaseExecutor.java:224)
	at com.kms.katalon.core.main.TestSuiteExecutor.accessTestCaseMainPhase(TestSuiteExecutor.java:129)
	at com.kms.katalon.core.main.TestSuiteExecutor.accessTestSuiteMainPhase(TestSuiteExecutor.java:112)
	at com.kms.katalon.core.main.TestSuiteExecutor.execute(TestSuiteExecutor.java:81)
	at com.kms.katalon.core.main.TestCaseMain.startTestSuite(TestCaseMain.java:149)
	at com.kms.katalon.core.main.TestCaseMain$startTestSuite$0.call(Unknown Source)
	at TempTestSuite1584619233819.run(TempTestSuite1584619233819.groovy:36)
Caused by: org.openqa.selenium.WebDriverException: unknown error: Element &lt;button type=&quot;button&quot; class=&quot;Button-h8watj-0 jWworc trye76-1 btYWOg btn btn-primary&quot; aria-haspopup=&quot;true&quot; aria-expanded=&quot;false&quot; id=&quot;product-lines&quot; title=&quot;Select a Product Line&quot; data-toggle=&quot;dropdown&quot;>...&lt;/button> is not clickable at point (187, 636). Other element would receive the click: &lt;a href=&quot;tel:5558675309&quot; class=&quot;sc-1dmd8vs-31 kWuInD&quot;>...&lt;/a>
  (Session info: chrome=80.0.3987.149)
  (Driver info: chromedriver=2.43.600210 (68dcf5eebde37173d4027fa8635e332711d2874a),platform=Windows NT 6.3.9600 x86_64) (WARNING: The server did not provide any stacktrace information)
Command duration or timeout: 0 milliseconds
Build info: version: '3.7.1', revision: '8a0099a', time: '2017-11-06T21:07:36.161Z'
System info: host: 'WIN-U215233FMVE', ip: '172.30.0.53', os.name: 'Windows Server 2012 R2', os.arch: 'amd64', os.version: '6.3', java.version: '1.8.0_181'
Driver info: com.kms.katalon.selenium.driver.CChromeDriver
Capabilities {acceptInsecureCerts: false, acceptSslCerts: false, applicationCacheEnabled: false, browserConnectionEnabled: false, browserName: chrome, chrome: {chromedriverVersion: 2.43.600210 (68dcf5eebde371..., userDataDir: C:\Users\ADMINI~1\AppData\L...}, cssSelectorsEnabled: true, databaseEnabled: false, goog:chromeOptions: {debuggerAddress: localhost:62086}, handlesAlerts: true, hasTouchScreen: true, javascriptEnabled: true, locationContextEnabled: true, mobileEmulationEnabled: true, nativeEvents: true, networkConnectionEnabled: false, pageLoadStrategy: normal, platform: XP, platformName: XP, rotatable: false, setWindowRect: true, takesHeapSnapshot: true, takesScreenshot: true, unexpectedAlertBehaviour: , unhandledPromptBehavior: , version: 80.0.3987.149, webStorageEnabled: true}
Session ID: eb52f0b1c9ac134c42bb698f3ed28741
	at org.openqa.selenium.remote.ErrorHandler.createThrowable(ErrorHandler.java:214)
	at org.openqa.selenium.remote.ErrorHandler.throwIfResponseFailed(ErrorHandler.java:166)
	at org.openqa.selenium.remote.http.JsonHttpResponseCodec.reconstructValue(JsonHttpResponseCodec.java:40)
	at org.openqa.selenium.remote.http.AbstractHttpResponseCodec.decode(AbstractHttpResponseCodec.java:80)
	at org.openqa.selenium.remote.http.AbstractHttpResponseCodec.decode(AbstractHttpResponseCodec.java:44)
	at org.openqa.selenium.remote.HttpCommandExecutor.execute(HttpCommandExecutor.java:164)
	at org.openqa.selenium.remote.service.DriverCommandExecutor.execute(DriverCommandExecutor.java:83)
	at org.openqa.selenium.remote.RemoteWebDriver.execute(RemoteWebDriver.java:600)
	at com.kms.katalon.selenium.driver.CChromeDriver.execute(CChromeDriver.java:20)
	at org.openqa.selenium.remote.RemoteWebElement.execute(RemoteWebElement.java:279)
	at org.openqa.selenium.remote.RemoteWebElement.click(RemoteWebElement.java:83)
	at com.thoughtworks.selenium.webdriven.commands.Click.handleSeleneseCommand(Click.java:40)
	at com.thoughtworks.selenium.webdriven.commands.Click.handleSeleneseCommand(Click.java:26)
	at com.thoughtworks.selenium.webdriven.SeleneseCommand.apply(SeleneseCommand.java:36)
	at com.thoughtworks.selenium.webdriven.Timer.run(Timer.java:41)
	at com.thoughtworks.selenium.webdriven.WebDriverCommandProcessor.execute(WebDriverCommandProcessor.java:150)
	at com.thoughtworks.selenium.webdriven.WebDriverCommandProcessor.doCommand(WebDriverCommandProcessor.java:76)
	at com.thoughtworks.selenium.DefaultSelenium.click(DefaultSelenium.java:198)
	at com.thoughtworks.selenium.Selenium$click.call(Unknown Source)
	at Script1583733125683.run(Script1583733125683.groovy:31)
	... 13 more
"/>
         <system-out><![CDATA[2020-03-19 08:02:26 - [TEST_CASE][ERROR] - Test Cases/HIC/New/Teladoc: Test Cases/HIC/New/Teladoc FAILED.
Reason:
com.thoughtworks.selenium.SeleniumException: unknown error: Element <button type="button" class="Button-h8watj-0 jWworc trye76-1 btYWOg btn btn-primary" aria-haspopup="true" aria-expanded="false" id="product-lines" title="Select a Product Line" data-toggle="dropdown">...</button> is not clickable at point (187, 636). Other element would receive the click: <a href="tel:5558675309" class="sc-1dmd8vs-31 kWuInD">...</a>
  (Session info: chrome=80.0.3987.149)
  (Driver info: chromedriver=2.43.600210 (68dcf5eebde37173d4027fa8635e332711d2874a),platform=Windows NT 6.3.9600 x86_64) (WARNING: The server did not provide any stacktrace information)
Command duration or timeout: 0 milliseconds
Build info: version: '3.7.1', revision: '8a0099a', time: '2017-11-06T21:07:36.161Z'
System info: host: 'WIN-U215233FMVE', ip: '172.30.0.53', os.name: 'Windows Server 2012 R2', os.arch: 'amd64', os.version: '6.3', java.version: '1.8.0_181'
Driver info: com.kms.katalon.selenium.driver.CChromeDriver
Capabilities {acceptInsecureCerts: false, acceptSslCerts: false, applicationCacheEnabled: false, browserConnectionEnabled: false, browserName: chrome, chrome: {chromedriverVersion: 2.43.600210 (68dcf5eebde371..., userDataDir: C:\Users\ADMINI~1\AppData\L...}, cssSelectorsEnabled: true, databaseEnabled: false, goog:chromeOptions: {debuggerAddress: localhost:62086}, handlesAlerts: true, hasTouchScreen: true, javascriptEnabled: true, locationContextEnabled: true, mobileEmulationEnabled: true, nativeEvents: true, networkConnectionEnabled: false, pageLoadStrategy: normal, platform: XP, platformName: XP, rotatable: false, setWindowRect: true, takesHeapSnapshot: true, takesScreenshot: true, unexpectedAlertBehaviour: , unhandledPromptBehavior: , version: 80.0.3987.149, webStorageEnabled: true}
Session ID: eb52f0b1c9ac134c42bb698f3ed28741
	at com.thoughtworks.selenium.webdriven.SeleneseCommand.apply(SeleneseCommand.java:45)
	at com.thoughtworks.selenium.webdriven.Timer.run(Timer.java:41)
	at com.thoughtworks.selenium.webdriven.WebDriverCommandProcessor.execute(WebDriverCommandProcessor.java:150)
	at com.thoughtworks.selenium.webdriven.WebDriverCommandProcessor.doCommand(WebDriverCommandProcessor.java:76)
	at com.thoughtworks.selenium.DefaultSelenium.click(DefaultSelenium.java:198)
	at com.thoughtworks.selenium.Selenium$click.call(Unknown Source)
	at Teladoc.run(Teladoc:31)
	at com.kms.katalon.core.main.ScriptEngine.run(ScriptEngine.java:194)
	at com.kms.katalon.core.main.ScriptEngine.runScriptAsRawText(ScriptEngine.java:119)
	at com.kms.katalon.core.main.TestCaseExecutor.runScript(TestCaseExecutor.java:328)
	at com.kms.katalon.core.main.TestCaseExecutor.doExecute(TestCaseExecutor.java:319)
	at com.kms.katalon.core.main.TestCaseExecutor.processExecutionPhase(TestCaseExecutor.java:298)
	at com.kms.katalon.core.main.TestCaseExecutor.accessMainPhase(TestCaseExecutor.java:290)
	at com.kms.katalon.core.main.TestCaseExecutor.execute(TestCaseExecutor.java:224)
	at com.kms.katalon.core.main.TestSuiteExecutor.accessTestCaseMainPhase(TestSuiteExecutor.java:129)
	at com.kms.katalon.core.main.TestSuiteExecutor.accessTestSuiteMainPhase(TestSuiteExecutor.java:112)
	at com.kms.katalon.core.main.TestSuiteExecutor.execute(TestSuiteExecutor.java:81)
	at com.kms.katalon.core.main.TestCaseMain.startTestSuite(TestCaseMain.java:149)
	at com.kms.katalon.core.main.TestCaseMain$startTestSuite$0.call(Unknown Source)
	at TempTestSuite1584619233819.run(TempTestSuite1584619233819.groovy:36)
Caused by: org.openqa.selenium.WebDriverException: unknown error: Element <button type="button" class="Button-h8watj-0 jWworc trye76-1 btYWOg btn btn-primary" aria-haspopup="true" aria-expanded="false" id="product-lines" title="Select a Product Line" data-toggle="dropdown">...</button> is not clickable at point (187, 636). Other element would receive the click: <a href="tel:5558675309" class="sc-1dmd8vs-31 kWuInD">...</a>
  (Session info: chrome=80.0.3987.149)
  (Driver info: chromedriver=2.43.600210 (68dcf5eebde37173d4027fa8635e332711d2874a),platform=Windows NT 6.3.9600 x86_64) (WARNING: The server did not provide any stacktrace information)
Command duration or timeout: 0 milliseconds
Build info: version: '3.7.1', revision: '8a0099a', time: '2017-11-06T21:07:36.161Z'
System info: host: 'WIN-U215233FMVE', ip: '172.30.0.53', os.name: 'Windows Server 2012 R2', os.arch: 'amd64', os.version: '6.3', java.version: '1.8.0_181'
Driver info: com.kms.katalon.selenium.driver.CChromeDriver
Capabilities {acceptInsecureCerts: false, acceptSslCerts: false, applicationCacheEnabled: false, browserConnectionEnabled: false, browserName: chrome, chrome: {chromedriverVersion: 2.43.600210 (68dcf5eebde371..., userDataDir: C:\Users\ADMINI~1\AppData\L...}, cssSelectorsEnabled: true, databaseEnabled: false, goog:chromeOptions: {debuggerAddress: localhost:62086}, handlesAlerts: true, hasTouchScreen: true, javascriptEnabled: true, locationContextEnabled: true, mobileEmulationEnabled: true, nativeEvents: true, networkConnectionEnabled: false, pageLoadStrategy: normal, platform: XP, platformName: XP, rotatable: false, setWindowRect: true, takesHeapSnapshot: true, takesScreenshot: true, unexpectedAlertBehaviour: , unhandledPromptBehavior: , version: 80.0.3987.149, webStorageEnabled: true}
Session ID: eb52f0b1c9ac134c42bb698f3ed28741
	at org.openqa.selenium.remote.ErrorHandler.createThrowable(ErrorHandler.java:214)
	at org.openqa.selenium.remote.ErrorHandler.throwIfResponseFailed(ErrorHandler.java:166)
	at org.openqa.selenium.remote.http.JsonHttpResponseCodec.reconstructValue(JsonHttpResponseCodec.java:40)
	at org.openqa.selenium.remote.http.AbstractHttpResponseCodec.decode(AbstractHttpResponseCodec.java:80)
	at org.openqa.selenium.remote.http.AbstractHttpResponseCodec.decode(AbstractHttpResponseCodec.java:44)
	at org.openqa.selenium.remote.HttpCommandExecutor.execute(HttpCommandExecutor.java:164)
	at org.openqa.selenium.remote.service.DriverCommandExecutor.execute(DriverCommandExecutor.java:83)
	at org.openqa.selenium.remote.RemoteWebDriver.execute(RemoteWebDriver.java:600)
	at com.kms.katalon.selenium.driver.CChromeDriver.execute(CChromeDriver.java:20)
	at org.openqa.selenium.remote.RemoteWebElement.execute(RemoteWebElement.java:279)
	at org.openqa.selenium.remote.RemoteWebElement.click(RemoteWebElement.java:83)
	at com.thoughtworks.selenium.webdriven.commands.Click.handleSeleneseCommand(Click.java:40)
	at com.thoughtworks.selenium.webdriven.commands.Click.handleSeleneseCommand(Click.java:26)
	at com.thoughtworks.selenium.webdriven.SeleneseCommand.apply(SeleneseCommand.java:36)
	at com.thoughtworks.selenium.webdriven.Timer.run(Timer.java:41)
	at com.thoughtworks.selenium.webdriven.WebDriverCommandProcessor.execute(WebDriverCommandProcessor.java:150)
	at com.thoughtworks.selenium.webdriven.WebDriverCommandProcessor.doCommand(WebDriverCommandProcessor.java:76)
	at com.thoughtworks.selenium.DefaultSelenium.click(DefaultSelenium.java:198)
	at com.thoughtworks.selenium.Selenium$click.call(Unknown Source)
	at Script1583733125683.run(Script1583733125683.groovy:31)
	... 13 more


2020-03-19 08:02:27 - [TEST_STEP][PASSED] - callTestCase(findTestCase("HIC/_include/get_hicScreenPath"), ["project":"HIC", "productLine":"Teladoc", "carrierName":"Teladoc"], CONTINUE_ON_FAILURE): Call Test Case 'Test Cases/HIC/_include/get_hicScreenPath' successfully

2020-03-19 08:02:27 - [TEST_CASE][PASSED] - Test Cases/HIC/_include/get_hicScreenPath: Test Cases/HIC/_include/get_hicScreenPath

2020-03-19 08:02:27 - [TEST_STEP][PASSED] - m = getExecutionProperties(): null

2020-03-19 08:02:27 - [TEST_STEP][PASSED] - deviceName = get("mobileEmulation").get("deviceName"): null

2020-03-19 08:02:27 - [TEST_STEP][PASSED] - println(deviceName): null

2020-03-19 08:02:27 - [TEST_STEP][PASSED] - now = new java.util.Date(): null

2020-03-19 08:02:27 - [TEST_STEP][PASSED] - mydate = now.format("yyyyMMdd_HHmmss"): null

2020-03-19 08:02:27 - [TEST_STEP][PASSED] - screenPath = "../Screenshots/": null

2020-03-19 08:02:27 - [TEST_STEP][PASSED] - screenPath = screenPath + deviceName + "/" + project + "/" + productLine + "/" + carrierName + "/" + mydate + "/": null

2020-03-19 08:02:27 - [TEST_STEP][PASSED] - println(screenPath): null

2020-03-19 08:02:27 - [MESSAGE][PASSED] - Call Test Case 'Test Cases/HIC/_include/get_hicScreenPath' successfully

2020-03-19 08:02:27 - [TEST_STEP][PASSED] - i = 0: null

2020-03-19 08:02:27 - [TEST_STEP][PASSED] - callTestCase(findTestCase("AHI/_include/openWebSite"), ["env":env], CONTINUE_ON_FAILURE): Call Test Case 'Test Cases/AHI/_include/openWebSite' successfully

2020-03-19 08:02:27 - [TEST_CASE][PASSED] - Test Cases/AHI/_include/openWebSite: Test Cases/AHI/_include/openWebSite

2020-03-19 08:02:27 - [TEST_STEP][PASSED] - openBrowser(env): Browser is opened with url: 'https://qa.healthinsurance.com'

2020-03-19 08:02:27 - [MESSAGE][WARNING] - A browser is already opened. Closing browser and opening a new one

2020-03-19 08:02:28 - [MESSAGE][INFO] - Starting 'Chrome' driver

2020-03-19 08:02:28 - [MESSAGE][INFO] - User set preference: ['mobileEmulation', '{deviceName=iPhone 6}']

2020-03-19 08:02:28 - [MESSAGE][INFO] - User set preference: ['args', '[--incognito, --aggressive-cache-discard, --window-size=375,677, --no-sandbox, --ignore-certificate-errors]']

2020-03-19 08:02:32 - [MESSAGE][PASSED] - Browser is opened with url: 'https://qa.healthinsurance.com'

2020-03-19 08:02:32 - [TEST_STEP][PASSED] - waitForPageLoad(20): Wait for page load successfully

2020-03-19 08:02:32 - [MESSAGE][PASSED] - Wait for page load successfully

2020-03-19 08:02:32 - [TEST_STEP][PASSED] - callTestCase(findTestCase("AHI/_include/get_screenshot"), [:], STOP_ON_FAILURE): Call Test Case 'Test Cases/AHI/_include/get_screenshot' successfully

2020-03-19 08:02:32 - [TEST_CASE][PASSED] - Test Cases/AHI/_include/get_screenshot: Test Cases/AHI/_include/get_screenshot

2020-03-19 08:02:32 - [TEST_STEP][PASSED] - Thread.sleep(1000): null

2020-03-19 08:02:33 - [TEST_STEP][PASSED] - takeScreenshot(screenPath + i + ".png"): Taking screenshot successfully

2020-03-19 08:02:34 - [MESSAGE][PASSED] - Taking screenshot successfully
[[ATTACHMENT|D:\\Test\\AgileTest\\Reports\\HIC\\hic\\20200319_080033\\../Screenshots/iPhone 6/HIC/Teladoc/Teladoc/20200319_080227/0.png]]

2020-03-19 08:02:34 - [TEST_STEP][PASSED] - (internal.GlobalVariable.i++): null

2020-03-19 08:02:34 - [MESSAGE][PASSED] - Call Test Case 'Test Cases/AHI/_include/get_screenshot' successfully

2020-03-19 08:02:34 - [MESSAGE][PASSED] - Call Test Case 'Test Cases/AHI/_include/openWebSite' successfully

2020-03-19 08:02:34 - [TEST_STEP][PASSED] - driver = getWebDriver(): null

2020-03-19 08:02:34 - [TEST_STEP][PASSED] - baseUrl = env: null

2020-03-19 08:02:34 - [TEST_STEP][PASSED] - selenium = new com.thoughtworks.selenium.webdriven.WebDriverBackedSelenium(driver, baseUrl): null

2020-03-19 08:02:34 - [TEST_STEP][ERROR] - selenium.click("id=product-lines"): selenium.click("id=product-lines") FAILED.
Reason:
com.thoughtworks.selenium.SeleniumException: unknown error: Element <button type="button" class="Button-h8watj-0 jWworc trye76-1 btYWOg btn btn-primary" aria-haspopup="true" aria-expanded="false" id="product-lines" title="Select a Product Line" data-toggle="dropdown">...</button> is not clickable at point (187, 636). Other element would receive the click: <a href="tel:5558675309" class="sc-1dmd8vs-31 kWuInD">...</a>
  (Session info: chrome=80.0.3987.149)
  (Driver info: chromedriver=2.43.600210 (68dcf5eebde37173d4027fa8635e332711d2874a),platform=Windows NT 6.3.9600 x86_64) (WARNING: The server did not provide any stacktrace information)
Command duration or timeout: 0 milliseconds
Build info: version: '3.7.1', revision: '8a0099a', time: '2017-11-06T21:07:36.161Z'
System info: host: 'WIN-U215233FMVE', ip: '172.30.0.53', os.name: 'Windows Server 2012 R2', os.arch: 'amd64', os.version: '6.3', java.version: '1.8.0_181'
Driver info: com.kms.katalon.selenium.driver.CChromeDriver
Capabilities {acceptInsecureCerts: false, acceptSslCerts: false, applicationCacheEnabled: false, browserConnectionEnabled: false, browserName: chrome, chrome: {chromedriverVersion: 2.43.600210 (68dcf5eebde371..., userDataDir: C:\Users\ADMINI~1\AppData\L...}, cssSelectorsEnabled: true, databaseEnabled: false, goog:chromeOptions: {debuggerAddress: localhost:62086}, handlesAlerts: true, hasTouchScreen: true, javascriptEnabled: true, locationContextEnabled: true, mobileEmulationEnabled: true, nativeEvents: true, networkConnectionEnabled: false, pageLoadStrategy: normal, platform: XP, platformName: XP, rotatable: false, setWindowRect: true, takesHeapSnapshot: true, takesScreenshot: true, unexpectedAlertBehaviour: , unhandledPromptBehavior: , version: 80.0.3987.149, webStorageEnabled: true}
Session ID: eb52f0b1c9ac134c42bb698f3ed28741
	at com.thoughtworks.selenium.webdriven.SeleneseCommand.apply(SeleneseCommand.java:45)
	at com.thoughtworks.selenium.webdriven.Timer.run(Timer.java:41)
	at com.thoughtworks.selenium.webdriven.WebDriverCommandProcessor.execute(WebDriverCommandProcessor.java:150)
	at com.thoughtworks.selenium.webdriven.WebDriverCommandProcessor.doCommand(WebDriverCommandProcessor.java:76)
	at com.thoughtworks.selenium.DefaultSelenium.click(DefaultSelenium.java:198)
	at com.thoughtworks.selenium.Selenium$click.call(Unknown Source)
	at Teladoc.run(Teladoc:31)
	at com.kms.katalon.core.main.ScriptEngine.run(ScriptEngine.java:194)
	at com.kms.katalon.core.main.ScriptEngine.runScriptAsRawText(ScriptEngine.java:119)
	at com.kms.katalon.core.main.TestCaseExecutor.runScript(TestCaseExecutor.java:328)
	at com.kms.katalon.core.main.TestCaseExecutor.doExecute(TestCaseExecutor.java:319)
	at com.kms.katalon.core.main.TestCaseExecutor.processExecutionPhase(TestCaseExecutor.java:298)
	at com.kms.katalon.core.main.TestCaseExecutor.accessMainPhase(TestCaseExecutor.java:290)
	at com.kms.katalon.core.main.TestCaseExecutor.execute(TestCaseExecutor.java:224)
	at com.kms.katalon.core.main.TestSuiteExecutor.accessTestCaseMainPhase(TestSuiteExecutor.java:129)
	at com.kms.katalon.core.main.TestSuiteExecutor.accessTestSuiteMainPhase(TestSuiteExecutor.java:112)
	at com.kms.katalon.core.main.TestSuiteExecutor.execute(TestSuiteExecutor.java:81)
	at com.kms.katalon.core.main.TestCaseMain.startTestSuite(TestCaseMain.java:149)
	at com.kms.katalon.core.main.TestCaseMain$startTestSuite$0.call(Unknown Source)
	at TempTestSuite1584619233819.run(TempTestSuite1584619233819.groovy:36)
Caused by: org.openqa.selenium.WebDriverException: unknown error: Element <button type="button" class="Button-h8watj-0 jWworc trye76-1 btYWOg btn btn-primary" aria-haspopup="true" aria-expanded="false" id="product-lines" title="Select a Product Line" data-toggle="dropdown">...</button> is not clickable at point (187, 636). Other element would receive the click: <a href="tel:5558675309" class="sc-1dmd8vs-31 kWuInD">...</a>
  (Session info: chrome=80.0.3987.149)
  (Driver info: chromedriver=2.43.600210 (68dcf5eebde37173d4027fa8635e332711d2874a),platform=Windows NT 6.3.9600 x86_64) (WARNING: The server did not provide any stacktrace information)
Command duration or timeout: 0 milliseconds
Build info: version: '3.7.1', revision: '8a0099a', time: '2017-11-06T21:07:36.161Z'
System info: host: 'WIN-U215233FMVE', ip: '172.30.0.53', os.name: 'Windows Server 2012 R2', os.arch: 'amd64', os.version: '6.3', java.version: '1.8.0_181'
Driver info: com.kms.katalon.selenium.driver.CChromeDriver
Capabilities {acceptInsecureCerts: false, acceptSslCerts: false, applicationCacheEnabled: false, browserConnectionEnabled: false, browserName: chrome, chrome: {chromedriverVersion: 2.43.600210 (68dcf5eebde371..., userDataDir: C:\Users\ADMINI~1\AppData\L...}, cssSelectorsEnabled: true, databaseEnabled: false, goog:chromeOptions: {debuggerAddress: localhost:62086}, handlesAlerts: true, hasTouchScreen: true, javascriptEnabled: true, locationContextEnabled: true, mobileEmulationEnabled: true, nativeEvents: true, networkConnectionEnabled: false, pageLoadStrategy: normal, platform: XP, platformName: XP, rotatable: false, setWindowRect: true, takesHeapSnapshot: true, takesScreenshot: true, unexpectedAlertBehaviour: , unhandledPromptBehavior: , version: 80.0.3987.149, webStorageEnabled: true}
Session ID: eb52f0b1c9ac134c42bb698f3ed28741
	at org.openqa.selenium.remote.ErrorHandler.createThrowable(ErrorHandler.java:214)
	at org.openqa.selenium.remote.ErrorHandler.throwIfResponseFailed(ErrorHandler.java:166)
	at org.openqa.selenium.remote.http.JsonHttpResponseCodec.reconstructValue(JsonHttpResponseCodec.java:40)
	at org.openqa.selenium.remote.http.AbstractHttpResponseCodec.decode(AbstractHttpResponseCodec.java:80)
	at org.openqa.selenium.remote.http.AbstractHttpResponseCodec.decode(AbstractHttpResponseCodec.java:44)
	at org.openqa.selenium.remote.HttpCommandExecutor.execute(HttpCommandExecutor.java:164)
	at org.openqa.selenium.remote.service.DriverCommandExecutor.execute(DriverCommandExecutor.java:83)
	at org.openqa.selenium.remote.RemoteWebDriver.execute(RemoteWebDriver.java:600)
	at com.kms.katalon.selenium.driver.CChromeDriver.execute(CChromeDriver.java:20)
	at org.openqa.selenium.remote.RemoteWebElement.execute(RemoteWebElement.java:279)
	at org.openqa.selenium.remote.RemoteWebElement.click(RemoteWebElement.java:83)
	at com.thoughtworks.selenium.webdriven.commands.Click.handleSeleneseCommand(Click.java:40)
	at com.thoughtworks.selenium.webdriven.commands.Click.handleSeleneseCommand(Click.java:26)
	at com.thoughtworks.selenium.webdriven.SeleneseCommand.apply(SeleneseCommand.java:36)
	at com.thoughtworks.selenium.webdriven.Timer.run(Timer.java:41)
	at com.thoughtworks.selenium.webdriven.WebDriverCommandProcessor.execute(WebDriverCommandProcessor.java:150)
	at com.thoughtworks.selenium.webdriven.WebDriverCommandProcessor.doCommand(WebDriverCommandProcessor.java:76)
	at com.thoughtworks.selenium.DefaultSelenium.click(DefaultSelenium.java:198)
	at com.thoughtworks.selenium.Selenium$click.call(Unknown Source)
	at Script1583733125683.run(Script1583733125683.groovy:31)
	... 13 more


2020-03-19 08:02:35 - [MESSAGE][ERROR] - selenium.click("id=product-lines") FAILED.
Reason:
com.thoughtworks.selenium.SeleniumException: unknown error: Element <button type="button" class="Button-h8watj-0 jWworc trye76-1 btYWOg btn btn-primary" aria-haspopup="true" aria-expanded="false" id="product-lines" title="Select a Product Line" data-toggle="dropdown">...</button> is not clickable at point (187, 636). Other element would receive the click: <a href="tel:5558675309" class="sc-1dmd8vs-31 kWuInD">...</a>
  (Session info: chrome=80.0.3987.149)
  (Driver info: chromedriver=2.43.600210 (68dcf5eebde37173d4027fa8635e332711d2874a),platform=Windows NT 6.3.9600 x86_64) (WARNING: The server did not provide any stacktrace information)
Command duration or timeout: 0 milliseconds
Build info: version: '3.7.1', revision: '8a0099a', time: '2017-11-06T21:07:36.161Z'
System info: host: 'WIN-U215233FMVE', ip: '172.30.0.53', os.name: 'Windows Server 2012 R2', os.arch: 'amd64', os.version: '6.3', java.version: '1.8.0_181'
Driver info: com.kms.katalon.selenium.driver.CChromeDriver
Capabilities {acceptInsecureCerts: false, acceptSslCerts: false, applicationCacheEnabled: false, browserConnectionEnabled: false, browserName: chrome, chrome: {chromedriverVersion: 2.43.600210 (68dcf5eebde371..., userDataDir: C:\Users\ADMINI~1\AppData\L...}, cssSelectorsEnabled: true, databaseEnabled: false, goog:chromeOptions: {debuggerAddress: localhost:62086}, handlesAlerts: true, hasTouchScreen: true, javascriptEnabled: true, locationContextEnabled: true, mobileEmulationEnabled: true, nativeEvents: true, networkConnectionEnabled: false, pageLoadStrategy: normal, platform: XP, platformName: XP, rotatable: false, setWindowRect: true, takesHeapSnapshot: true, takesScreenshot: true, unexpectedAlertBehaviour: , unhandledPromptBehavior: , version: 80.0.3987.149, webStorageEnabled: true}
Session ID: eb52f0b1c9ac134c42bb698f3ed28741
	at com.thoughtworks.selenium.webdriven.SeleneseCommand.apply(SeleneseCommand.java:45)
	at com.thoughtworks.selenium.webdriven.Timer.run(Timer.java:41)
	at com.thoughtworks.selenium.webdriven.WebDriverCommandProcessor.execute(WebDriverCommandProcessor.java:150)
	at com.thoughtworks.selenium.webdriven.WebDriverCommandProcessor.doCommand(WebDriverCommandProcessor.java:76)
	at com.thoughtworks.selenium.DefaultSelenium.click(DefaultSelenium.java:198)
	at com.thoughtworks.selenium.Selenium$click.call(Unknown Source)
	at Teladoc.run(Teladoc:31)
	at com.kms.katalon.core.main.ScriptEngine.run(ScriptEngine.java:194)
	at com.kms.katalon.core.main.ScriptEngine.runScriptAsRawText(ScriptEngine.java:119)
	at com.kms.katalon.core.main.TestCaseExecutor.runScript(TestCaseExecutor.java:328)
	at com.kms.katalon.core.main.TestCaseExecutor.doExecute(TestCaseExecutor.java:319)
	at com.kms.katalon.core.main.TestCaseExecutor.processExecutionPhase(TestCaseExecutor.java:298)
	at com.kms.katalon.core.main.TestCaseExecutor.accessMainPhase(TestCaseExecutor.java:290)
	at com.kms.katalon.core.main.TestCaseExecutor.execute(TestCaseExecutor.java:224)
	at com.kms.katalon.core.main.TestSuiteExecutor.accessTestCaseMainPhase(TestSuiteExecutor.java:129)
	at com.kms.katalon.core.main.TestSuiteExecutor.accessTestSuiteMainPhase(TestSuiteExecutor.java:112)
	at com.kms.katalon.core.main.TestSuiteExecutor.execute(TestSuiteExecutor.java:81)
	at com.kms.katalon.core.main.TestCaseMain.startTestSuite(TestCaseMain.java:149)
	at com.kms.katalon.core.main.TestCaseMain$startTestSuite$0.call(Unknown Source)
	at TempTestSuite1584619233819.run(TempTestSuite1584619233819.groovy:36)
Caused by: org.openqa.selenium.WebDriverException: unknown error: Element <button type="button" class="Button-h8watj-0 jWworc trye76-1 btYWOg btn btn-primary" aria-haspopup="true" aria-expanded="false" id="product-lines" title="Select a Product Line" data-toggle="dropdown">...</button> is not clickable at point (187, 636). Other element would receive the click: <a href="tel:5558675309" class="sc-1dmd8vs-31 kWuInD">...</a>
  (Session info: chrome=80.0.3987.149)
  (Driver info: chromedriver=2.43.600210 (68dcf5eebde37173d4027fa8635e332711d2874a),platform=Windows NT 6.3.9600 x86_64) (WARNING: The server did not provide any stacktrace information)
Command duration or timeout: 0 milliseconds
Build info: version: '3.7.1', revision: '8a0099a', time: '2017-11-06T21:07:36.161Z'
System info: host: 'WIN-U215233FMVE', ip: '172.30.0.53', os.name: 'Windows Server 2012 R2', os.arch: 'amd64', os.version: '6.3', java.version: '1.8.0_181'
Driver info: com.kms.katalon.selenium.driver.CChromeDriver
Capabilities {acceptInsecureCerts: false, acceptSslCerts: false, applicationCacheEnabled: false, browserConnectionEnabled: false, browserName: chrome, chrome: {chromedriverVersion: 2.43.600210 (68dcf5eebde371..., userDataDir: C:\Users\ADMINI~1\AppData\L...}, cssSelectorsEnabled: true, databaseEnabled: false, goog:chromeOptions: {debuggerAddress: localhost:62086}, handlesAlerts: true, hasTouchScreen: true, javascriptEnabled: true, locationContextEnabled: true, mobileEmulationEnabled: true, nativeEvents: true, networkConnectionEnabled: false, pageLoadStrategy: normal, platform: XP, platformName: XP, rotatable: false, setWindowRect: true, takesHeapSnapshot: true, takesScreenshot: true, unexpectedAlertBehaviour: , unhandledPromptBehavior: , version: 80.0.3987.149, webStorageEnabled: true}
Session ID: eb52f0b1c9ac134c42bb698f3ed28741
	at org.openqa.selenium.remote.ErrorHandler.createThrowable(ErrorHandler.java:214)
	at org.openqa.selenium.remote.ErrorHandler.throwIfResponseFailed(ErrorHandler.java:166)
	at org.openqa.selenium.remote.http.JsonHttpResponseCodec.reconstructValue(JsonHttpResponseCodec.java:40)
	at org.openqa.selenium.remote.http.AbstractHttpResponseCodec.decode(AbstractHttpResponseCodec.java:80)
	at org.openqa.selenium.remote.http.AbstractHttpResponseCodec.decode(AbstractHttpResponseCodec.java:44)
	at org.openqa.selenium.remote.HttpCommandExecutor.execute(HttpCommandExecutor.java:164)
	at org.openqa.selenium.remote.service.DriverCommandExecutor.execute(DriverCommandExecutor.java:83)
	at org.openqa.selenium.remote.RemoteWebDriver.execute(RemoteWebDriver.java:600)
	at com.kms.katalon.selenium.driver.CChromeDriver.execute(CChromeDriver.java:20)
	at org.openqa.selenium.remote.RemoteWebElement.execute(RemoteWebElement.java:279)
	at org.openqa.selenium.remote.RemoteWebElement.click(RemoteWebElement.java:83)
	at com.thoughtworks.selenium.webdriven.commands.Click.handleSeleneseCommand(Click.java:40)
	at com.thoughtworks.selenium.webdriven.commands.Click.handleSeleneseCommand(Click.java:26)
	at com.thoughtworks.selenium.webdriven.SeleneseCommand.apply(SeleneseCommand.java:36)
	at com.thoughtworks.selenium.webdriven.Timer.run(Timer.java:41)
	at com.thoughtworks.selenium.webdriven.WebDriverCommandProcessor.execute(WebDriverCommandProcessor.java:150)
	at com.thoughtworks.selenium.webdriven.WebDriverCommandProcessor.doCommand(WebDriverCommandProcessor.java:76)
	at com.thoughtworks.selenium.DefaultSelenium.click(DefaultSelenium.java:198)
	at com.thoughtworks.selenium.Selenium$click.call(Unknown Source)
	at Script1583733125683.run(Script1583733125683.groovy:31)
	... 13 more]]></system-out>
         <system-err><![CDATA[2020-03-19 08:02:26 - [TEST_CASE][ERROR] - Test Cases/HIC/New/Teladoc: Test Cases/HIC/New/Teladoc FAILED.
Reason:
com.thoughtworks.selenium.SeleniumException: unknown error: Element <button type="button" class="Button-h8watj-0 jWworc trye76-1 btYWOg btn btn-primary" aria-haspopup="true" aria-expanded="false" id="product-lines" title="Select a Product Line" data-toggle="dropdown">...</button> is not clickable at point (187, 636). Other element would receive the click: <a href="tel:5558675309" class="sc-1dmd8vs-31 kWuInD">...</a>
  (Session info: chrome=80.0.3987.149)
  (Driver info: chromedriver=2.43.600210 (68dcf5eebde37173d4027fa8635e332711d2874a),platform=Windows NT 6.3.9600 x86_64) (WARNING: The server did not provide any stacktrace information)
Command duration or timeout: 0 milliseconds
Build info: version: '3.7.1', revision: '8a0099a', time: '2017-11-06T21:07:36.161Z'
System info: host: 'WIN-U215233FMVE', ip: '172.30.0.53', os.name: 'Windows Server 2012 R2', os.arch: 'amd64', os.version: '6.3', java.version: '1.8.0_181'
Driver info: com.kms.katalon.selenium.driver.CChromeDriver
Capabilities {acceptInsecureCerts: false, acceptSslCerts: false, applicationCacheEnabled: false, browserConnectionEnabled: false, browserName: chrome, chrome: {chromedriverVersion: 2.43.600210 (68dcf5eebde371..., userDataDir: C:\Users\ADMINI~1\AppData\L...}, cssSelectorsEnabled: true, databaseEnabled: false, goog:chromeOptions: {debuggerAddress: localhost:62086}, handlesAlerts: true, hasTouchScreen: true, javascriptEnabled: true, locationContextEnabled: true, mobileEmulationEnabled: true, nativeEvents: true, networkConnectionEnabled: false, pageLoadStrategy: normal, platform: XP, platformName: XP, rotatable: false, setWindowRect: true, takesHeapSnapshot: true, takesScreenshot: true, unexpectedAlertBehaviour: , unhandledPromptBehavior: , version: 80.0.3987.149, webStorageEnabled: true}
Session ID: eb52f0b1c9ac134c42bb698f3ed28741
	at com.thoughtworks.selenium.webdriven.SeleneseCommand.apply(SeleneseCommand.java:45)
	at com.thoughtworks.selenium.webdriven.Timer.run(Timer.java:41)
	at com.thoughtworks.selenium.webdriven.WebDriverCommandProcessor.execute(WebDriverCommandProcessor.java:150)
	at com.thoughtworks.selenium.webdriven.WebDriverCommandProcessor.doCommand(WebDriverCommandProcessor.java:76)
	at com.thoughtworks.selenium.DefaultSelenium.click(DefaultSelenium.java:198)
	at com.thoughtworks.selenium.Selenium$click.call(Unknown Source)
	at Teladoc.run(Teladoc:31)
	at com.kms.katalon.core.main.ScriptEngine.run(ScriptEngine.java:194)
	at com.kms.katalon.core.main.ScriptEngine.runScriptAsRawText(ScriptEngine.java:119)
	at com.kms.katalon.core.main.TestCaseExecutor.runScript(TestCaseExecutor.java:328)
	at com.kms.katalon.core.main.TestCaseExecutor.doExecute(TestCaseExecutor.java:319)
	at com.kms.katalon.core.main.TestCaseExecutor.processExecutionPhase(TestCaseExecutor.java:298)
	at com.kms.katalon.core.main.TestCaseExecutor.accessMainPhase(TestCaseExecutor.java:290)
	at com.kms.katalon.core.main.TestCaseExecutor.execute(TestCaseExecutor.java:224)
	at com.kms.katalon.core.main.TestSuiteExecutor.accessTestCaseMainPhase(TestSuiteExecutor.java:129)
	at com.kms.katalon.core.main.TestSuiteExecutor.accessTestSuiteMainPhase(TestSuiteExecutor.java:112)
	at com.kms.katalon.core.main.TestSuiteExecutor.execute(TestSuiteExecutor.java:81)
	at com.kms.katalon.core.main.TestCaseMain.startTestSuite(TestCaseMain.java:149)
	at com.kms.katalon.core.main.TestCaseMain$startTestSuite$0.call(Unknown Source)
	at TempTestSuite1584619233819.run(TempTestSuite1584619233819.groovy:36)
Caused by: org.openqa.selenium.WebDriverException: unknown error: Element <button type="button" class="Button-h8watj-0 jWworc trye76-1 btYWOg btn btn-primary" aria-haspopup="true" aria-expanded="false" id="product-lines" title="Select a Product Line" data-toggle="dropdown">...</button> is not clickable at point (187, 636). Other element would receive the click: <a href="tel:5558675309" class="sc-1dmd8vs-31 kWuInD">...</a>
  (Session info: chrome=80.0.3987.149)
  (Driver info: chromedriver=2.43.600210 (68dcf5eebde37173d4027fa8635e332711d2874a),platform=Windows NT 6.3.9600 x86_64) (WARNING: The server did not provide any stacktrace information)
Command duration or timeout: 0 milliseconds
Build info: version: '3.7.1', revision: '8a0099a', time: '2017-11-06T21:07:36.161Z'
System info: host: 'WIN-U215233FMVE', ip: '172.30.0.53', os.name: 'Windows Server 2012 R2', os.arch: 'amd64', os.version: '6.3', java.version: '1.8.0_181'
Driver info: com.kms.katalon.selenium.driver.CChromeDriver
Capabilities {acceptInsecureCerts: false, acceptSslCerts: false, applicationCacheEnabled: false, browserConnectionEnabled: false, browserName: chrome, chrome: {chromedriverVersion: 2.43.600210 (68dcf5eebde371..., userDataDir: C:\Users\ADMINI~1\AppData\L...}, cssSelectorsEnabled: true, databaseEnabled: false, goog:chromeOptions: {debuggerAddress: localhost:62086}, handlesAlerts: true, hasTouchScreen: true, javascriptEnabled: true, locationContextEnabled: true, mobileEmulationEnabled: true, nativeEvents: true, networkConnectionEnabled: false, pageLoadStrategy: normal, platform: XP, platformName: XP, rotatable: false, setWindowRect: true, takesHeapSnapshot: true, takesScreenshot: true, unexpectedAlertBehaviour: , unhandledPromptBehavior: , version: 80.0.3987.149, webStorageEnabled: true}
Session ID: eb52f0b1c9ac134c42bb698f3ed28741
	at org.openqa.selenium.remote.ErrorHandler.createThrowable(ErrorHandler.java:214)
	at org.openqa.selenium.remote.ErrorHandler.throwIfResponseFailed(ErrorHandler.java:166)
	at org.openqa.selenium.remote.http.JsonHttpResponseCodec.reconstructValue(JsonHttpResponseCodec.java:40)
	at org.openqa.selenium.remote.http.AbstractHttpResponseCodec.decode(AbstractHttpResponseCodec.java:80)
	at org.openqa.selenium.remote.http.AbstractHttpResponseCodec.decode(AbstractHttpResponseCodec.java:44)
	at org.openqa.selenium.remote.HttpCommandExecutor.execute(HttpCommandExecutor.java:164)
	at org.openqa.selenium.remote.service.DriverCommandExecutor.execute(DriverCommandExecutor.java:83)
	at org.openqa.selenium.remote.RemoteWebDriver.execute(RemoteWebDriver.java:600)
	at com.kms.katalon.selenium.driver.CChromeDriver.execute(CChromeDriver.java:20)
	at org.openqa.selenium.remote.RemoteWebElement.execute(RemoteWebElement.java:279)
	at org.openqa.selenium.remote.RemoteWebElement.click(RemoteWebElement.java:83)
	at com.thoughtworks.selenium.webdriven.commands.Click.handleSeleneseCommand(Click.java:40)
	at com.thoughtworks.selenium.webdriven.commands.Click.handleSeleneseCommand(Click.java:26)
	at com.thoughtworks.selenium.webdriven.SeleneseCommand.apply(SeleneseCommand.java:36)
	at com.thoughtworks.selenium.webdriven.Timer.run(Timer.java:41)
	at com.thoughtworks.selenium.webdriven.WebDriverCommandProcessor.execute(WebDriverCommandProcessor.java:150)
	at com.thoughtworks.selenium.webdriven.WebDriverCommandProcessor.doCommand(WebDriverCommandProcessor.java:76)
	at com.thoughtworks.selenium.DefaultSelenium.click(DefaultSelenium.java:198)
	at com.thoughtworks.selenium.Selenium$click.call(Unknown Source)
	at Script1583733125683.run(Script1583733125683.groovy:31)
	... 13 more]]></system-err>
      </testcase>
      <system-out><![CDATA[2020-03-19 08:00:39 - [TEST_SUITE][ERROR] - hic: Test Cases/HIC/New/ACA FAILED.
Reason:
com.thoughtworks.selenium.SeleniumException: unknown error: Element <button type="button" class="Button-h8watj-0 jWworc trye76-1 btYWOg btn btn-primary" aria-haspopup="true" aria-expanded="false" id="product-lines" title="Select a Product Line" data-toggle="dropdown">...</button> is not clickable at point (187, 636). Other element would receive the click: <a href="tel:5558675309" class="sc-1dmd8vs-31 kWuInD">...</a>
  (Session info: chrome=80.0.3987.149)
  (Driver info: chromedriver=2.43.600210 (68dcf5eebde37173d4027fa8635e332711d2874a),platform=Windows NT 6.3.9600 x86_64) (WARNING: The server did not provide any stacktrace information)
Command duration or timeout: 0 milliseconds
Build info: version: '3.7.1', revision: '8a0099a', time: '2017-11-06T21:07:36.161Z'
System info: host: 'WIN-U215233FMVE', ip: '172.30.0.53', os.name: 'Windows Server 2012 R2', os.arch: 'amd64', os.version: '6.3', java.version: '1.8.0_181'
Driver info: com.kms.katalon.selenium.driver.CChromeDriver
Capabilities {acceptInsecureCerts: false, acceptSslCerts: false, applicationCacheEnabled: false, browserConnectionEnabled: false, browserName: chrome, chrome: {chromedriverVersion: 2.43.600210 (68dcf5eebde371..., userDataDir: C:\Users\ADMINI~1\AppData\L...}, cssSelectorsEnabled: true, databaseEnabled: false, goog:chromeOptions: {debuggerAddress: localhost:61385}, handlesAlerts: true, hasTouchScreen: true, javascriptEnabled: true, locationContextEnabled: true, mobileEmulationEnabled: true, nativeEvents: true, networkConnectionEnabled: false, pageLoadStrategy: normal, platform: XP, platformName: XP, rotatable: false, setWindowRect: true, takesHeapSnapshot: true, takesScreenshot: true, unexpectedAlertBehaviour: , unhandledPromptBehavior: , version: 80.0.3987.149, webStorageEnabled: true}
Session ID: 493e229fb49bd4660e2cf50d929db72a
	at com.thoughtworks.selenium.webdriven.SeleneseCommand.apply(SeleneseCommand.java:45)
	at com.thoughtworks.selenium.webdriven.Timer.run(Timer.java:41)
	at com.thoughtworks.selenium.webdriven.WebDriverCommandProcessor.execute(WebDriverCommandProcessor.java:150)
	at com.thoughtworks.selenium.webdriven.WebDriverCommandProcessor.doCommand(WebDriverCommandProcessor.java:76)
	at com.thoughtworks.selenium.DefaultSelenium.click(DefaultSelenium.java:198)
	at com.thoughtworks.selenium.Selenium$click.call(Unknown Source)
	at ACA.run(ACA:35)
	at com.kms.katalon.core.main.ScriptEngine.run(ScriptEngine.java:194)
	at com.kms.katalon.core.main.ScriptEngine.runScriptAsRawText(ScriptEngine.java:119)
	at com.kms.katalon.core.main.TestCaseExecutor.runScript(TestCaseExecutor.java:328)
	at com.kms.katalon.core.main.TestCaseExecutor.doExecute(TestCaseExecutor.java:319)
	at com.kms.katalon.core.main.TestCaseExecutor.processExecutionPhase(TestCaseExecutor.java:298)
	at com.kms.katalon.core.main.TestCaseExecutor.accessMainPhase(TestCaseExecutor.java:290)
	at com.kms.katalon.core.main.TestCaseExecutor.execute(TestCaseExecutor.java:224)
	at com.kms.katalon.core.main.TestSuiteExecutor.accessTestCaseMainPhase(TestSuiteExecutor.java:129)
	at com.kms.katalon.core.main.TestSuiteExecutor.accessTestSuiteMainPhase(TestSuiteExecutor.java:112)
	at com.kms.katalon.core.main.TestSuiteExecutor.execute(TestSuiteExecutor.java:81)
	at com.kms.katalon.core.main.TestCaseMain.startTestSuite(TestCaseMain.java:149)
	at com.kms.katalon.core.main.TestCaseMain$startTestSuite$0.call(Unknown Source)
	at TempTestSuite1584619233819.run(TempTestSuite1584619233819.groovy:36)
Caused by: org.openqa.selenium.WebDriverException: unknown error: Element <button type="button" class="Button-h8watj-0 jWworc trye76-1 btYWOg btn btn-primary" aria-haspopup="true" aria-expanded="false" id="product-lines" title="Select a Product Line" data-toggle="dropdown">...</button> is not clickable at point (187, 636). Other element would receive the click: <a href="tel:5558675309" class="sc-1dmd8vs-31 kWuInD">...</a>
  (Session info: chrome=80.0.3987.149)
  (Driver info: chromedriver=2.43.600210 (68dcf5eebde37173d4027fa8635e332711d2874a),platform=Windows NT 6.3.9600 x86_64) (WARNING: The server did not provide any stacktrace information)
Command duration or timeout: 0 milliseconds
Build info: version: '3.7.1', revision: '8a0099a', time: '2017-11-06T21:07:36.161Z'
System info: host: 'WIN-U215233FMVE', ip: '172.30.0.53', os.name: 'Windows Server 2012 R2', os.arch: 'amd64', os.version: '6.3', java.version: '1.8.0_181'
Driver info: com.kms.katalon.selenium.driver.CChromeDriver
Capabilities {acceptInsecureCerts: false, acceptSslCerts: false, applicationCacheEnabled: false, browserConnectionEnabled: false, browserName: chrome, chrome: {chromedriverVersion: 2.43.600210 (68dcf5eebde371..., userDataDir: C:\Users\ADMINI~1\AppData\L...}, cssSelectorsEnabled: true, databaseEnabled: false, goog:chromeOptions: {debuggerAddress: localhost:61385}, handlesAlerts: true, hasTouchScreen: true, javascriptEnabled: true, locationContextEnabled: true, mobileEmulationEnabled: true, nativeEvents: true, networkConnectionEnabled: false, pageLoadStrategy: normal, platform: XP, platformName: XP, rotatable: false, setWindowRect: true, takesHeapSnapshot: true, takesScreenshot: true, unexpectedAlertBehaviour: , unhandledPromptBehavior: , version: 80.0.3987.149, webStorageEnabled: true}
Session ID: 493e229fb49bd4660e2cf50d929db72a
	at org.openqa.selenium.remote.ErrorHandler.createThrowable(ErrorHandler.java:214)
	at org.openqa.selenium.remote.ErrorHandler.throwIfResponseFailed(ErrorHandler.java:166)
	at org.openqa.selenium.remote.http.JsonHttpResponseCodec.reconstructValue(JsonHttpResponseCodec.java:40)
	at org.openqa.selenium.remote.http.AbstractHttpResponseCodec.decode(AbstractHttpResponseCodec.java:80)
	at org.openqa.selenium.remote.http.AbstractHttpResponseCodec.decode(AbstractHttpResponseCodec.java:44)
	at org.openqa.selenium.remote.HttpCommandExecutor.execute(HttpCommandExecutor.java:164)
	at org.openqa.selenium.remote.service.DriverCommandExecutor.execute(DriverCommandExecutor.java:83)
	at org.openqa.selenium.remote.RemoteWebDriver.execute(RemoteWebDriver.java:600)
	at com.kms.katalon.selenium.driver.CChromeDriver.execute(CChromeDriver.java:20)
	at org.openqa.selenium.remote.RemoteWebElement.execute(RemoteWebElement.java:279)
	at org.openqa.selenium.remote.RemoteWebElement.click(RemoteWebElement.java:83)
	at com.thoughtworks.selenium.webdriven.commands.Click.handleSeleneseCommand(Click.java:40)
	at com.thoughtworks.selenium.webdriven.commands.Click.handleSeleneseCommand(Click.java:26)
	at com.thoughtworks.selenium.webdriven.SeleneseCommand.apply(SeleneseCommand.java:36)
	at com.thoughtworks.selenium.webdriven.Timer.run(Timer.java:41)
	at com.thoughtworks.selenium.webdriven.WebDriverCommandProcessor.execute(WebDriverCommandProcessor.java:150)
	at com.thoughtworks.selenium.webdriven.WebDriverCommandProcessor.doCommand(WebDriverCommandProcessor.java:76)
	at com.thoughtworks.selenium.DefaultSelenium.click(DefaultSelenium.java:198)
	at com.thoughtworks.selenium.Selenium$click.call(Unknown Source)
	at Script1583723920815.run(Script1583723920815.groovy:35)
	... 13 more]]></system-out>
      <system-err><![CDATA[2020-03-19 08:00:39 - [TEST_SUITE][ERROR] - hic: Test Cases/HIC/New/ACA FAILED.
Reason:
com.thoughtworks.selenium.SeleniumException: unknown error: Element <button type="button" class="Button-h8watj-0 jWworc trye76-1 btYWOg btn btn-primary" aria-haspopup="true" aria-expanded="false" id="product-lines" title="Select a Product Line" data-toggle="dropdown">...</button> is not clickable at point (187, 636). Other element would receive the click: <a href="tel:5558675309" class="sc-1dmd8vs-31 kWuInD">...</a>
  (Session info: chrome=80.0.3987.149)
  (Driver info: chromedriver=2.43.600210 (68dcf5eebde37173d4027fa8635e332711d2874a),platform=Windows NT 6.3.9600 x86_64) (WARNING: The server did not provide any stacktrace information)
Command duration or timeout: 0 milliseconds
Build info: version: '3.7.1', revision: '8a0099a', time: '2017-11-06T21:07:36.161Z'
System info: host: 'WIN-U215233FMVE', ip: '172.30.0.53', os.name: 'Windows Server 2012 R2', os.arch: 'amd64', os.version: '6.3', java.version: '1.8.0_181'
Driver info: com.kms.katalon.selenium.driver.CChromeDriver
Capabilities {acceptInsecureCerts: false, acceptSslCerts: false, applicationCacheEnabled: false, browserConnectionEnabled: false, browserName: chrome, chrome: {chromedriverVersion: 2.43.600210 (68dcf5eebde371..., userDataDir: C:\Users\ADMINI~1\AppData\L...}, cssSelectorsEnabled: true, databaseEnabled: false, goog:chromeOptions: {debuggerAddress: localhost:61385}, handlesAlerts: true, hasTouchScreen: true, javascriptEnabled: true, locationContextEnabled: true, mobileEmulationEnabled: true, nativeEvents: true, networkConnectionEnabled: false, pageLoadStrategy: normal, platform: XP, platformName: XP, rotatable: false, setWindowRect: true, takesHeapSnapshot: true, takesScreenshot: true, unexpectedAlertBehaviour: , unhandledPromptBehavior: , version: 80.0.3987.149, webStorageEnabled: true}
Session ID: 493e229fb49bd4660e2cf50d929db72a
	at com.thoughtworks.selenium.webdriven.SeleneseCommand.apply(SeleneseCommand.java:45)
	at com.thoughtworks.selenium.webdriven.Timer.run(Timer.java:41)
	at com.thoughtworks.selenium.webdriven.WebDriverCommandProcessor.execute(WebDriverCommandProcessor.java:150)
	at com.thoughtworks.selenium.webdriven.WebDriverCommandProcessor.doCommand(WebDriverCommandProcessor.java:76)
	at com.thoughtworks.selenium.DefaultSelenium.click(DefaultSelenium.java:198)
	at com.thoughtworks.selenium.Selenium$click.call(Unknown Source)
	at ACA.run(ACA:35)
	at com.kms.katalon.core.main.ScriptEngine.run(ScriptEngine.java:194)
	at com.kms.katalon.core.main.ScriptEngine.runScriptAsRawText(ScriptEngine.java:119)
	at com.kms.katalon.core.main.TestCaseExecutor.runScript(TestCaseExecutor.java:328)
	at com.kms.katalon.core.main.TestCaseExecutor.doExecute(TestCaseExecutor.java:319)
	at com.kms.katalon.core.main.TestCaseExecutor.processExecutionPhase(TestCaseExecutor.java:298)
	at com.kms.katalon.core.main.TestCaseExecutor.accessMainPhase(TestCaseExecutor.java:290)
	at com.kms.katalon.core.main.TestCaseExecutor.execute(TestCaseExecutor.java:224)
	at com.kms.katalon.core.main.TestSuiteExecutor.accessTestCaseMainPhase(TestSuiteExecutor.java:129)
	at com.kms.katalon.core.main.TestSuiteExecutor.accessTestSuiteMainPhase(TestSuiteExecutor.java:112)
	at com.kms.katalon.core.main.TestSuiteExecutor.execute(TestSuiteExecutor.java:81)
	at com.kms.katalon.core.main.TestCaseMain.startTestSuite(TestCaseMain.java:149)
	at com.kms.katalon.core.main.TestCaseMain$startTestSuite$0.call(Unknown Source)
	at TempTestSuite1584619233819.run(TempTestSuite1584619233819.groovy:36)
Caused by: org.openqa.selenium.WebDriverException: unknown error: Element <button type="button" class="Button-h8watj-0 jWworc trye76-1 btYWOg btn btn-primary" aria-haspopup="true" aria-expanded="false" id="product-lines" title="Select a Product Line" data-toggle="dropdown">...</button> is not clickable at point (187, 636). Other element would receive the click: <a href="tel:5558675309" class="sc-1dmd8vs-31 kWuInD">...</a>
  (Session info: chrome=80.0.3987.149)
  (Driver info: chromedriver=2.43.600210 (68dcf5eebde37173d4027fa8635e332711d2874a),platform=Windows NT 6.3.9600 x86_64) (WARNING: The server did not provide any stacktrace information)
Command duration or timeout: 0 milliseconds
Build info: version: '3.7.1', revision: '8a0099a', time: '2017-11-06T21:07:36.161Z'
System info: host: 'WIN-U215233FMVE', ip: '172.30.0.53', os.name: 'Windows Server 2012 R2', os.arch: 'amd64', os.version: '6.3', java.version: '1.8.0_181'
Driver info: com.kms.katalon.selenium.driver.CChromeDriver
Capabilities {acceptInsecureCerts: false, acceptSslCerts: false, applicationCacheEnabled: false, browserConnectionEnabled: false, browserName: chrome, chrome: {chromedriverVersion: 2.43.600210 (68dcf5eebde371..., userDataDir: C:\Users\ADMINI~1\AppData\L...}, cssSelectorsEnabled: true, databaseEnabled: false, goog:chromeOptions: {debuggerAddress: localhost:61385}, handlesAlerts: true, hasTouchScreen: true, javascriptEnabled: true, locationContextEnabled: true, mobileEmulationEnabled: true, nativeEvents: true, networkConnectionEnabled: false, pageLoadStrategy: normal, platform: XP, platformName: XP, rotatable: false, setWindowRect: true, takesHeapSnapshot: true, takesScreenshot: true, unexpectedAlertBehaviour: , unhandledPromptBehavior: , version: 80.0.3987.149, webStorageEnabled: true}
Session ID: 493e229fb49bd4660e2cf50d929db72a
	at org.openqa.selenium.remote.ErrorHandler.createThrowable(ErrorHandler.java:214)
	at org.openqa.selenium.remote.ErrorHandler.throwIfResponseFailed(ErrorHandler.java:166)
	at org.openqa.selenium.remote.http.JsonHttpResponseCodec.reconstructValue(JsonHttpResponseCodec.java:40)
	at org.openqa.selenium.remote.http.AbstractHttpResponseCodec.decode(AbstractHttpResponseCodec.java:80)
	at org.openqa.selenium.remote.http.AbstractHttpResponseCodec.decode(AbstractHttpResponseCodec.java:44)
	at org.openqa.selenium.remote.HttpCommandExecutor.execute(HttpCommandExecutor.java:164)
	at org.openqa.selenium.remote.service.DriverCommandExecutor.execute(DriverCommandExecutor.java:83)
	at org.openqa.selenium.remote.RemoteWebDriver.execute(RemoteWebDriver.java:600)
	at com.kms.katalon.selenium.driver.CChromeDriver.execute(CChromeDriver.java:20)
	at org.openqa.selenium.remote.RemoteWebElement.execute(RemoteWebElement.java:279)
	at org.openqa.selenium.remote.RemoteWebElement.click(RemoteWebElement.java:83)
	at com.thoughtworks.selenium.webdriven.commands.Click.handleSeleneseCommand(Click.java:40)
	at com.thoughtworks.selenium.webdriven.commands.Click.handleSeleneseCommand(Click.java:26)
	at com.thoughtworks.selenium.webdriven.SeleneseCommand.apply(SeleneseCommand.java:36)
	at com.thoughtworks.selenium.webdriven.Timer.run(Timer.java:41)
	at com.thoughtworks.selenium.webdriven.WebDriverCommandProcessor.execute(WebDriverCommandProcessor.java:150)
	at com.thoughtworks.selenium.webdriven.WebDriverCommandProcessor.doCommand(WebDriverCommandProcessor.java:76)
	at com.thoughtworks.selenium.DefaultSelenium.click(DefaultSelenium.java:198)
	at com.thoughtworks.selenium.Selenium$click.call(Unknown Source)
	at Script1583723920815.run(Script1583723920815.groovy:35)
	... 13 more]]></system-err>
   </testsuite>
</testsuites>
