<?xml version="1.0" encoding="UTF-8"?>
<testsuites name="hic" time="1725" tests="18" failures="2" errors="0">
   <testsuite name="hic" tests="18" failures="2" errors="0" time="1725" timestamp="2019-12-02 00:24:49" hostname="Administrator - 172.30.0.53" id="Test Suites/HIC/hic">
      <properties>
         <property name="deviceName" value=""/>
         <property name="devicePlatform" value=""/>
         <property name="logFolder" value="D:\\Test\\AgileTest\\Reports\\HIC\\hic\\20191202_002446"/>
         <property name="logFiles" value="D:\\Test\\AgileTest\\Reports\\HIC\\hic\\20191202_002446\\execution0.log"/>
         <property name="attachments" value="D:\\Test\\AgileTest\\Reports\\HIC\\hic\\20191202_002446\\../Screenshots/iPhone 6/HIC/ACA/ACA/20191202_002451/0.png, D:\\Test\\AgileTest\\Reports\\HIC\\hic\\20191202_002446\\../Screenshots/iPhone 6/HIC/ACA/ACA/20191202_002451/1.png, D:\\Test\\AgileTest\\Reports\\HIC\\hic\\20191202_002446\\../Screenshots/iPhone 6/HIC/ACA/ACA/20191202_002451/2.png, D:\\Test\\AgileTest\\Reports\\HIC\\hic\\20191202_002446\\../Screenshots/iPhone 6/HIC/Dental/National General/20191202_002514/0.png, D:\\Test\\AgileTest\\Reports\\HIC\\hic\\20191202_002446\\../Screenshots/iPhone 6/HIC/Dental/National General/20191202_002514/1.png, D:\\Test\\AgileTest\\Reports\\HIC\\hic\\20191202_002446\\../Screenshots/iPhone 6/HIC/Dental/National General/20191202_002514/2.png, D:\\Test\\AgileTest\\Reports\\HIC\\hic\\20191202_002446\\../Screenshots/iPhone 6/HIC/Dental/National General/20191202_002514/3.png, D:\\Test\\AgileTest\\Reports\\HIC\\hic\\20191202_002446\\../Screenshots/iPhone 6/HIC/Dental/National General/20191202_002514/4.png, D:\\Test\\AgileTest\\Reports\\HIC\\hic\\20191202_002446\\../Screenshots/iPhone 6/HIC/Dental/National General/20191202_002514/5.png, D:\\Test\\AgileTest\\Reports\\HIC\\hic\\20191202_002446\\../Screenshots/iPhone 6/HIC/Dental/National General/20191202_002514/6.png, D:\\Test\\AgileTest\\Reports\\HIC\\hic\\20191202_002446\\../Screenshots/iPhone 6/HIC/Dental/National General/20191202_002514/7.png, D:\\Test\\AgileTest\\Reports\\HIC\\hic\\20191202_002446\\../Screenshots/iPhone 6/HIC/Dental/National General/20191202_002514/8.png, D:\\Test\\AgileTest\\Reports\\HIC\\hic\\20191202_002446\\../Screenshots/iPhone 6/HIC/Dental/USA Access/20191202_002719/0.png, D:\\Test\\AgileTest\\Reports\\HIC\\hic\\20191202_002446\\../Screenshots/iPhone 6/HIC/Dental/USA Access/20191202_002719/1.png, D:\\Test\\AgileTest\\Reports\\HIC\\hic\\20191202_002446\\../Screenshots/iPhone 6/HIC/Dental/USA Access/20191202_002719/2.png, D:\\Test\\AgileTest\\Reports\\HIC\\hic\\20191202_002446\\../Screenshots/iPhone 6/HIC/Dental/USA Access/20191202_002719/3.png, D:\\Test\\AgileTest\\Reports\\HIC\\hic\\20191202_002446\\../Screenshots/iPhone 6/HIC/Dental/USA Access/20191202_002719/4.png, D:\\Test\\AgileTest\\Reports\\HIC\\hic\\20191202_002446\\../Screenshots/iPhone 6/HIC/Dental/USA Access/20191202_002719/5.png, D:\\Test\\AgileTest\\Reports\\HIC\\hic\\20191202_002446\\../Screenshots/iPhone 6/HIC/Dental/USA Access/20191202_002719/6.png, D:\\Test\\AgileTest\\Reports\\HIC\\hic\\20191202_002446\\../Screenshots/iPhone 6/HIC/Dental/USA Access/20191202_002719/7.png, D:\\Test\\AgileTest\\Reports\\HIC\\hic\\20191202_002446\\../Screenshots/iPhone 6/HIC/Dental/USA Access/20191202_002719/8.png, D:\\Test\\AgileTest\\Reports\\HIC\\hic\\20191202_002446\\../Screenshots/iPhone 6/HIC/Dental/USA Access/20191202_002719/9.png, D:\\Test\\AgileTest\\Reports\\HIC\\hic\\20191202_002446\\../Screenshots/iPhone 6/HIC/HBI/Agile One/20191202_002908/0.png, D:\\Test\\AgileTest\\Reports\\HIC\\hic\\20191202_002446\\../Screenshots/iPhone 6/HIC/HBI/Agile One/20191202_002908/1.png, D:\\Test\\AgileTest\\Reports\\HIC\\hic\\20191202_002446\\../Screenshots/iPhone 6/HIC/HBI/Agile One/20191202_002908/2.png, D:\\Test\\AgileTest\\Reports\\HIC\\hic\\20191202_002446\\../Screenshots/iPhone 6/HIC/HBI/Agile One/20191202_002908/3.png, D:\\Test\\AgileTest\\Reports\\HIC\\hic\\20191202_002446\\../Screenshots/iPhone 6/HIC/HBI/Agile One/20191202_002908/4.png, D:\\Test\\AgileTest\\Reports\\HIC\\hic\\20191202_002446\\../Screenshots/iPhone 6/HIC/HBI/Agile One/20191202_002908/5.png, D:\\Test\\AgileTest\\Reports\\HIC\\hic\\20191202_002446\\../Screenshots/iPhone 6/HIC/HBI/Agile One/20191202_002908/6.png, D:\\Test\\AgileTest\\Reports\\HIC\\hic\\20191202_002446\\../Screenshots/iPhone 6/HIC/HBI/Agile One/20191202_002908/7.png, D:\\Test\\AgileTest\\Reports\\HIC\\hic\\20191202_002446\\../Screenshots/iPhone 6/HIC/HBI/Agile One/20191202_002908/8.png, D:\\Test\\AgileTest\\Reports\\HIC\\hic\\20191202_002446\\../Screenshots/iPhone 6/HIC/HBI/Agile Secure/20191202_003032/0.png, D:\\Test\\AgileTest\\Reports\\HIC\\hic\\20191202_002446\\../Screenshots/iPhone 6/HIC/HBI/Agile Secure/20191202_003032/1.png, D:\\Test\\AgileTest\\Reports\\HIC\\hic\\20191202_002446\\../Screenshots/iPhone 6/HIC/HBI/Agile Secure/20191202_003032/2.png, D:\\Test\\AgileTest\\Reports\\HIC\\hic\\20191202_002446\\../Screenshots/iPhone 6/HIC/HBI/Agile Secure/20191202_003032/3.png, D:\\Test\\AgileTest\\Reports\\HIC\\hic\\20191202_002446\\../Screenshots/iPhone 6/HIC/HBI/Agile Secure/20191202_003032/4.png, D:\\Test\\AgileTest\\Reports\\HIC\\hic\\20191202_002446\\../Screenshots/iPhone 6/HIC/HBI/Agile Secure/20191202_003032/5.png, D:\\Test\\AgileTest\\Reports\\HIC\\hic\\20191202_002446\\../Screenshots/iPhone 6/HIC/HBI/Agile Secure/20191202_003032/6.png, D:\\Test\\AgileTest\\Reports\\HIC\\hic\\20191202_002446\\../Screenshots/iPhone 6/HIC/HBI/Agile Secure/20191202_003032/7.png, D:\\Test\\AgileTest\\Reports\\HIC\\hic\\20191202_002446\\../Screenshots/iPhone 6/HIC/HBI/Cardinal Choice/20191202_003151/0.png, D:\\Test\\AgileTest\\Reports\\HIC\\hic\\20191202_002446\\../Screenshots/iPhone 6/HIC/HBI/Cardinal Choice/20191202_003151/1.png, D:\\Test\\AgileTest\\Reports\\HIC\\hic\\20191202_002446\\../Screenshots/iPhone 6/HIC/HBI/Cardinal Choice/20191202_003151/2.png, D:\\Test\\AgileTest\\Reports\\HIC\\hic\\20191202_002446\\../Screenshots/iPhone 6/HIC/HBI/Cardinal Choice/20191202_003151/3.png, D:\\Test\\AgileTest\\Reports\\HIC\\hic\\20191202_002446\\../Screenshots/iPhone 6/HIC/HBI/Cardinal Choice/20191202_003151/4.png, D:\\Test\\AgileTest\\Reports\\HIC\\hic\\20191202_002446\\../Screenshots/iPhone 6/HIC/HBI/Cardinal Choice/20191202_003151/5.png, D:\\Test\\AgileTest\\Reports\\HIC\\hic\\20191202_002446\\../Screenshots/iPhone 6/HIC/HBI/Cardinal Choice/20191202_003151/6.png, D:\\Test\\AgileTest\\Reports\\HIC\\hic\\20191202_002446\\../Screenshots/iPhone 6/HIC/HBI/Cardinal Choice/20191202_003151/7.png, D:\\Test\\AgileTest\\Reports\\HIC\\hic\\20191202_002446\\../Screenshots/iPhone 6/HIC/HBI/Cardinal Choice/20191202_003151/8.png, D:\\Test\\AgileTest\\Reports\\HIC\\hic\\20191202_002446\\../Screenshots/iPhone 6/HIC/HBI/Core Shield/20191202_003314/0.png, D:\\Test\\AgileTest\\Reports\\HIC\\hic\\20191202_002446\\../Screenshots/iPhone 6/HIC/HBI/Core Shield/20191202_003314/1.png, D:\\Test\\AgileTest\\Reports\\HIC\\hic\\20191202_002446\\../Screenshots/iPhone 6/HIC/HBI/Core Shield/20191202_003314/2.png, D:\\Test\\AgileTest\\Reports\\HIC\\hic\\20191202_002446\\../Screenshots/iPhone 6/HIC/HBI/Core Shield/20191202_003314/3.png, D:\\Test\\AgileTest\\Reports\\HIC\\hic\\20191202_002446\\../Screenshots/iPhone 6/HIC/HBI/Core Shield/20191202_003314/4.png, D:\\Test\\AgileTest\\Reports\\HIC\\hic\\20191202_002446\\../Screenshots/iPhone 6/HIC/HBI/Core Shield/20191202_003314/5.png, D:\\Test\\AgileTest\\Reports\\HIC\\hic\\20191202_002446\\../Screenshots/iPhone 6/HIC/HBI/Core Shield/20191202_003314/6.png, D:\\Test\\AgileTest\\Reports\\HIC\\hic\\20191202_002446\\../Screenshots/iPhone 6/HIC/HBI/Core Shield/20191202_003314/7.png, D:\\Test\\AgileTest\\Reports\\HIC\\hic\\20191202_002446\\../Screenshots/iPhone 6/HIC/HBI/Core Shield/20191202_003314/8.png, D:\\Test\\AgileTest\\Reports\\HIC\\hic\\20191202_002446\\../Screenshots/iPhone 6/HIC/HBI/Fixed Cash Benefit/20191202_003439/0.png, D:\\Test\\AgileTest\\Reports\\HIC\\hic\\20191202_002446\\../Screenshots/iPhone 6/HIC/HBI/Fixed Cash Benefit/20191202_003439/1.png, D:\\Test\\AgileTest\\Reports\\HIC\\hic\\20191202_002446\\../Screenshots/iPhone 6/HIC/HBI/Fixed Cash Benefit/20191202_003439/2.png, D:\\Test\\AgileTest\\Reports\\HIC\\hic\\20191202_002446\\../Screenshots/iPhone 6/HIC/HBI/Fixed Cash Benefit/20191202_003439/3.png, D:\\Test\\AgileTest\\Reports\\HIC\\hic\\20191202_002446\\../Screenshots/iPhone 6/HIC/HBI/Fixed Cash Benefit/20191202_003439/4.png, D:\\Test\\AgileTest\\Reports\\HIC\\hic\\20191202_002446\\../Screenshots/iPhone 6/HIC/HBI/Fixed Cash Benefit/20191202_003439/5.png, D:\\Test\\AgileTest\\Reports\\HIC\\hic\\20191202_002446\\../Screenshots/iPhone 6/HIC/HBI/Fixed Cash Benefit/20191202_003439/6.png, D:\\Test\\AgileTest\\Reports\\HIC\\hic\\20191202_002446\\../Screenshots/iPhone 6/HIC/HBI/Fixed Cash Benefit/20191202_003439/7.png, D:\\Test\\AgileTest\\Reports\\HIC\\hic\\20191202_002446\\../Screenshots/iPhone 6/HIC/HBI/Fixed Cash Benefit/20191202_003439/8.png, D:\\Test\\AgileTest\\Reports\\HIC\\hic\\20191202_002446\\../Screenshots/iPhone 6/HIC/HBI/Health Choice/20191202_003604/0.png, D:\\Test\\AgileTest\\Reports\\HIC\\hic\\20191202_002446\\../Screenshots/iPhone 6/HIC/HBI/Health Choice/20191202_003604/1.png, D:\\Test\\AgileTest\\Reports\\HIC\\hic\\20191202_002446\\../Screenshots/iPhone 6/HIC/HBI/Health Choice/20191202_003604/2.png, D:\\Test\\AgileTest\\Reports\\HIC\\hic\\20191202_002446\\../Screenshots/iPhone 6/HIC/HBI/Health Choice/20191202_003604/3.png, D:\\Test\\AgileTest\\Reports\\HIC\\hic\\20191202_002446\\../Screenshots/iPhone 6/HIC/HBI/Health Choice/20191202_003604/4.png, D:\\Test\\AgileTest\\Reports\\HIC\\hic\\20191202_002446\\../Screenshots/iPhone 6/HIC/HBI/Health Choice/20191202_003604/5.png, D:\\Test\\AgileTest\\Reports\\HIC\\hic\\20191202_002446\\../Screenshots/iPhone 6/HIC/HBI/Health Choice/20191202_003604/6.png, D:\\Test\\AgileTest\\Reports\\HIC\\hic\\20191202_002446\\../Screenshots/iPhone 6/HIC/HBI/Health Choice/20191202_003604/7.png, D:\\Test\\AgileTest\\Reports\\HIC\\hic\\20191202_002446\\../Screenshots/iPhone 6/HIC/HBI/Health Choice/20191202_003604/8.png, D:\\Test\\AgileTest\\Reports\\HIC\\hic\\20191202_002446\\../Screenshots/iPhone 6/HIC/HBI/Legion Limited Medical/20191202_003727/0.png, D:\\Test\\AgileTest\\Reports\\HIC\\hic\\20191202_002446\\../Screenshots/iPhone 6/HIC/HBI/Legion Limited Medical/20191202_003727/1.png, D:\\Test\\AgileTest\\Reports\\HIC\\hic\\20191202_002446\\../Screenshots/iPhone 6/HIC/HBI/Legion Limited Medical/20191202_003727/2.png, D:\\Test\\AgileTest\\Reports\\HIC\\hic\\20191202_002446\\../Screenshots/iPhone 6/HIC/HBI/Legion Limited Medical/20191202_003727/3.png, D:\\Test\\AgileTest\\Reports\\HIC\\hic\\20191202_002446\\../Screenshots/iPhone 6/HIC/HBI/Legion Limited Medical/20191202_003727/4.png, D:\\Test\\AgileTest\\Reports\\HIC\\hic\\20191202_002446\\../Screenshots/iPhone 6/HIC/HBI/Legion Limited Medical/20191202_003727/5.png, D:\\Test\\AgileTest\\Reports\\HIC\\hic\\20191202_002446\\../Screenshots/iPhone 6/HIC/HBI/Legion Limited Medical/20191202_003727/6.png, D:\\Test\\AgileTest\\Reports\\HIC\\hic\\20191202_002446\\../Screenshots/iPhone 6/HIC/HBI/Legion Limited Medical/20191202_003727/7.png, D:\\Test\\AgileTest\\Reports\\HIC\\hic\\20191202_002446\\../Screenshots/iPhone 6/HIC/HBI/Legion Limited Medical/20191202_003727/8.png, D:\\Test\\AgileTest\\Reports\\HIC\\hic\\20191202_002446\\../Screenshots/iPhone 6/HIC/HBI/Vitala Care/20191202_003843/0.png, D:\\Test\\AgileTest\\Reports\\HIC\\hic\\20191202_002446\\../Screenshots/iPhone 6/HIC/HBI/Vitala Care/20191202_003843/1.png, D:\\Test\\AgileTest\\Reports\\HIC\\hic\\20191202_002446\\../Screenshots/iPhone 6/HIC/HBI/Vitala Care/20191202_003843/2.png, D:\\Test\\AgileTest\\Reports\\HIC\\hic\\20191202_002446\\../Screenshots/iPhone 6/HIC/HBI/Vitala Care/20191202_003843/3.png, D:\\Test\\AgileTest\\Reports\\HIC\\hic\\20191202_002446\\../Screenshots/iPhone 6/HIC/HBI/Vitala Care/20191202_003843/4.png, D:\\Test\\AgileTest\\Reports\\HIC\\hic\\20191202_002446\\../Screenshots/iPhone 6/HIC/HBI/Vitala Care/20191202_003843/5.png, D:\\Test\\AgileTest\\Reports\\HIC\\hic\\20191202_002446\\../Screenshots/iPhone 6/HIC/HBI/Vitala Care/20191202_003843/6.png, D:\\Test\\AgileTest\\Reports\\HIC\\hic\\20191202_002446\\../Screenshots/iPhone 6/HIC/HBI/Vitala Care/20191202_003843/7.png, D:\\Test\\AgileTest\\Reports\\HIC\\hic\\20191202_002446\\../Screenshots/iPhone 6/HIC/HBI/Vitala Care/20191202_003843/8.png, D:\\Test\\AgileTest\\Reports\\HIC\\hic\\20191202_002446\\../Screenshots/iPhone 6/HIC/HBI/Vitala Care/20191202_003843/9.png, D:\\Test\\AgileTest\\Reports\\HIC\\hic\\20191202_002446\\../Screenshots/iPhone 6/HIC/Medicare/Medicare/20191202_004014/0.png, D:\\Test\\AgileTest\\Reports\\HIC\\hic\\20191202_002446\\../Screenshots/iPhone 6/HIC/Medicare/Medicare/20191202_004014/1.png, D:\\Test\\AgileTest\\Reports\\HIC\\hic\\20191202_002446\\../Screenshots/iPhone 6/HIC/Medicare/Medicare/20191202_004014/2.png, D:\\Test\\AgileTest\\Reports\\HIC\\hic\\20191202_002446\\1575265252480.png, D:\\Test\\AgileTest\\Reports\\HIC\\hic\\20191202_002446\\../Screenshots/iPhone 6/HIC/STM/AdvantHealth/20191202_004053/0.png, D:\\Test\\AgileTest\\Reports\\HIC\\hic\\20191202_002446\\../Screenshots/iPhone 6/HIC/STM/AdvantHealth/20191202_004053/1.png, D:\\Test\\AgileTest\\Reports\\HIC\\hic\\20191202_002446\\../Screenshots/iPhone 6/HIC/STM/AdvantHealth/20191202_004053/2.png, D:\\Test\\AgileTest\\Reports\\HIC\\hic\\20191202_002446\\../Screenshots/iPhone 6/HIC/STM/AdvantHealth/20191202_004053/3.png, D:\\Test\\AgileTest\\Reports\\HIC\\hic\\20191202_002446\\../Screenshots/iPhone 6/HIC/STM/AdvantHealth/20191202_004053/4.png, D:\\Test\\AgileTest\\Reports\\HIC\\hic\\20191202_002446\\../Screenshots/iPhone 6/HIC/STM/AdvantHealth/20191202_004053/5.png, D:\\Test\\AgileTest\\Reports\\HIC\\hic\\20191202_002446\\../Screenshots/iPhone 6/HIC/STM/AdvantHealth/20191202_004053/6.png, D:\\Test\\AgileTest\\Reports\\HIC\\hic\\20191202_002446\\../Screenshots/iPhone 6/HIC/STM/AdvantHealth/20191202_004053/7.png, D:\\Test\\AgileTest\\Reports\\HIC\\hic\\20191202_002446\\../Screenshots/iPhone 6/HIC/STM/AdvantHealth/20191202_004053/8.png, D:\\Test\\AgileTest\\Reports\\HIC\\hic\\20191202_002446\\../Screenshots/iPhone 6/HIC/STM/AdvantHealth/20191202_004053/9.png, D:\\Test\\AgileTest\\Reports\\HIC\\hic\\20191202_002446\\../Screenshots/iPhone 6/HIC/STM/AdvantHealth/20191202_004053/10.png, D:\\Test\\AgileTest\\Reports\\HIC\\hic\\20191202_002446\\../Screenshots/iPhone 6/HIC/STM/AdvantHealth/20191202_004053/11.png, D:\\Test\\AgileTest\\Reports\\HIC\\hic\\20191202_002446\\../Screenshots/iPhone 6/HIC/STM/Aspen/20191202_004236/0.png, D:\\Test\\AgileTest\\Reports\\HIC\\hic\\20191202_002446\\../Screenshots/iPhone 6/HIC/STM/Aspen/20191202_004236/1.png, D:\\Test\\AgileTest\\Reports\\HIC\\hic\\20191202_002446\\../Screenshots/iPhone 6/HIC/STM/Aspen/20191202_004236/2.png, D:\\Test\\AgileTest\\Reports\\HIC\\hic\\20191202_002446\\../Screenshots/iPhone 6/HIC/STM/Aspen/20191202_004236/3.png, D:\\Test\\AgileTest\\Reports\\HIC\\hic\\20191202_002446\\../Screenshots/iPhone 6/HIC/STM/Aspen/20191202_004236/4.png, D:\\Test\\AgileTest\\Reports\\HIC\\hic\\20191202_002446\\../Screenshots/iPhone 6/HIC/STM/Aspen/20191202_004236/5.png, D:\\Test\\AgileTest\\Reports\\HIC\\hic\\20191202_002446\\../Screenshots/iPhone 6/HIC/STM/Aspen/20191202_004236/6.png, D:\\Test\\AgileTest\\Reports\\HIC\\hic\\20191202_002446\\1575265398723.png, D:\\Test\\AgileTest\\Reports\\HIC\\hic\\20191202_002446\\../Screenshots/iPhone 6/HIC/STM/Aspen/20191202_004236/7.png, D:\\Test\\AgileTest\\Reports\\HIC\\hic\\20191202_002446\\../Screenshots/iPhone 6/HIC/STM/Aspen/20191202_004236/8.png, D:\\Test\\AgileTest\\Reports\\HIC\\hic\\20191202_002446\\../Screenshots/iPhone 6/HIC/STM/Aspen/20191202_004236/9.png, D:\\Test\\AgileTest\\Reports\\HIC\\hic\\20191202_002446\\../Screenshots/iPhone 6/HIC/STM/Aspen/20191202_004236/10.png, D:\\Test\\AgileTest\\Reports\\HIC\\hic\\20191202_002446\\../Screenshots/iPhone 6/HIC/STM/Companion/20191202_004407/0.png, D:\\Test\\AgileTest\\Reports\\HIC\\hic\\20191202_002446\\../Screenshots/iPhone 6/HIC/STM/Companion/20191202_004407/1.png, D:\\Test\\AgileTest\\Reports\\HIC\\hic\\20191202_002446\\../Screenshots/iPhone 6/HIC/STM/Companion/20191202_004407/2.png, D:\\Test\\AgileTest\\Reports\\HIC\\hic\\20191202_002446\\../Screenshots/iPhone 6/HIC/STM/Companion/20191202_004407/3.png, D:\\Test\\AgileTest\\Reports\\HIC\\hic\\20191202_002446\\../Screenshots/iPhone 6/HIC/STM/Companion/20191202_004407/4.png, D:\\Test\\AgileTest\\Reports\\HIC\\hic\\20191202_002446\\../Screenshots/iPhone 6/HIC/STM/Companion/20191202_004407/5.png, D:\\Test\\AgileTest\\Reports\\HIC\\hic\\20191202_002446\\../Screenshots/iPhone 6/HIC/STM/Companion/20191202_004407/6.png, D:\\Test\\AgileTest\\Reports\\HIC\\hic\\20191202_002446\\1575265487189.png, D:\\Test\\AgileTest\\Reports\\HIC\\hic\\20191202_002446\\../Screenshots/iPhone 6/HIC/STM/Companion/20191202_004407/7.png, D:\\Test\\AgileTest\\Reports\\HIC\\hic\\20191202_002446\\../Screenshots/iPhone 6/HIC/STM/Companion/20191202_004407/8.png, D:\\Test\\AgileTest\\Reports\\HIC\\hic\\20191202_002446\\../Screenshots/iPhone 6/HIC/STM/Companion/20191202_004407/9.png, D:\\Test\\AgileTest\\Reports\\HIC\\hic\\20191202_002446\\../Screenshots/iPhone 6/HIC/STM/Companion/20191202_004407/10.png, D:\\Test\\AgileTest\\Reports\\HIC\\hic\\20191202_002446\\../Screenshots/iPhone 6/HIC/STM/Everest Prime/20191202_004546/0.png, D:\\Test\\AgileTest\\Reports\\HIC\\hic\\20191202_002446\\../Screenshots/iPhone 6/HIC/STM/Everest Prime/20191202_004546/1.png, D:\\Test\\AgileTest\\Reports\\HIC\\hic\\20191202_002446\\../Screenshots/iPhone 6/HIC/STM/Everest Prime/20191202_004546/2.png, D:\\Test\\AgileTest\\Reports\\HIC\\hic\\20191202_002446\\../Screenshots/iPhone 6/HIC/STM/Everest Prime/20191202_004546/3.png, D:\\Test\\AgileTest\\Reports\\HIC\\hic\\20191202_002446\\../Screenshots/iPhone 6/HIC/STM/Everest Prime/20191202_004546/4.png, D:\\Test\\AgileTest\\Reports\\HIC\\hic\\20191202_002446\\../Screenshots/iPhone 6/HIC/STM/Everest Prime/20191202_004546/5.png, D:\\Test\\AgileTest\\Reports\\HIC\\hic\\20191202_002446\\../Screenshots/iPhone 6/HIC/STM/Everest Prime/20191202_004546/6.png, D:\\Test\\AgileTest\\Reports\\HIC\\hic\\20191202_002446\\1575265585651.png, D:\\Test\\AgileTest\\Reports\\HIC\\hic\\20191202_002446\\../Screenshots/iPhone 6/HIC/STM/Everest Prime/20191202_004546/7.png, D:\\Test\\AgileTest\\Reports\\HIC\\hic\\20191202_002446\\../Screenshots/iPhone 6/HIC/STM/Everest Prime/20191202_004546/8.png, D:\\Test\\AgileTest\\Reports\\HIC\\hic\\20191202_002446\\../Screenshots/iPhone 6/HIC/STM/Everest Prime/20191202_004546/9.png, D:\\Test\\AgileTest\\Reports\\HIC\\hic\\20191202_002446\\../Screenshots/iPhone 6/HIC/STM/Everest Prime/20191202_004546/10.png, D:\\Test\\AgileTest\\Reports\\HIC\\hic\\20191202_002446\\../Screenshots/iPhone 6/HIC/STM/Everest/20191202_004714/0.png, D:\\Test\\AgileTest\\Reports\\HIC\\hic\\20191202_002446\\../Screenshots/iPhone 6/HIC/STM/Everest/20191202_004714/1.png, D:\\Test\\AgileTest\\Reports\\HIC\\hic\\20191202_002446\\../Screenshots/iPhone 6/HIC/STM/Everest/20191202_004714/2.png, D:\\Test\\AgileTest\\Reports\\HIC\\hic\\20191202_002446\\../Screenshots/iPhone 6/HIC/STM/Everest/20191202_004714/3.png, D:\\Test\\AgileTest\\Reports\\HIC\\hic\\20191202_002446\\../Screenshots/iPhone 6/HIC/STM/Everest/20191202_004714/4.png, D:\\Test\\AgileTest\\Reports\\HIC\\hic\\20191202_002446\\../Screenshots/iPhone 6/HIC/STM/Everest/20191202_004714/5.png, D:\\Test\\AgileTest\\Reports\\HIC\\hic\\20191202_002446\\../Screenshots/iPhone 6/HIC/STM/Everest/20191202_004714/6.png, D:\\Test\\AgileTest\\Reports\\HIC\\hic\\20191202_002446\\1575265674630.png, D:\\Test\\AgileTest\\Reports\\HIC\\hic\\20191202_002446\\../Screenshots/iPhone 6/HIC/STM/Everest/20191202_004714/7.png, D:\\Test\\AgileTest\\Reports\\HIC\\hic\\20191202_002446\\../Screenshots/iPhone 6/HIC/STM/Everest/20191202_004714/8.png, D:\\Test\\AgileTest\\Reports\\HIC\\hic\\20191202_002446\\../Screenshots/iPhone 6/HIC/STM/Everest/20191202_004714/9.png, D:\\Test\\AgileTest\\Reports\\HIC\\hic\\20191202_002446\\../Screenshots/iPhone 6/HIC/STM/Everest/20191202_004714/10.png, D:\\Test\\AgileTest\\Reports\\HIC\\hic\\20191202_002446\\../Screenshots/iPhone 6/HIC/STM/National General/20191202_004843/0.png, D:\\Test\\AgileTest\\Reports\\HIC\\hic\\20191202_002446\\../Screenshots/iPhone 6/HIC/STM/National General/20191202_004843/1.png, D:\\Test\\AgileTest\\Reports\\HIC\\hic\\20191202_002446\\../Screenshots/iPhone 6/HIC/STM/National General/20191202_004843/2.png, D:\\Test\\AgileTest\\Reports\\HIC\\hic\\20191202_002446\\../Screenshots/iPhone 6/HIC/STM/National General/20191202_004843/3.png, D:\\Test\\AgileTest\\Reports\\HIC\\hic\\20191202_002446\\../Screenshots/iPhone 6/HIC/STM/National General/20191202_004843/4.png, D:\\Test\\AgileTest\\Reports\\HIC\\hic\\20191202_002446\\../Screenshots/iPhone 6/HIC/STM/National General/20191202_004843/5.png, D:\\Test\\AgileTest\\Reports\\HIC\\hic\\20191202_002446\\../Screenshots/iPhone 6/HIC/STM/National General/20191202_004843/6.png, D:\\Test\\AgileTest\\Reports\\HIC\\hic\\20191202_002446\\../Screenshots/iPhone 6/HIC/STM/National General/20191202_004843/7.png, D:\\Test\\AgileTest\\Reports\\HIC\\hic\\20191202_002446\\../Screenshots/iPhone 6/HIC/STM/National General/20191202_004843/8.png, D:\\Test\\AgileTest\\Reports\\HIC\\hic\\20191202_002446\\../Screenshots/iPhone 6/HIC/STM/National General/20191202_004843/9.png, D:\\Test\\AgileTest\\Reports\\HIC\\hic\\20191202_002446\\1575265825265.png, D:\\Test\\AgileTest\\Reports\\HIC\\hic\\20191202_002446\\../Screenshots/iPhone 6/HIC/STM/Slaico/20191202_005025/0.png, D:\\Test\\AgileTest\\Reports\\HIC\\hic\\20191202_002446\\../Screenshots/iPhone 6/HIC/STM/Slaico/20191202_005025/1.png, D:\\Test\\AgileTest\\Reports\\HIC\\hic\\20191202_002446\\../Screenshots/iPhone 6/HIC/STM/Slaico/20191202_005025/2.png, D:\\Test\\AgileTest\\Reports\\HIC\\hic\\20191202_002446\\../Screenshots/iPhone 6/HIC/STM/Slaico/20191202_005025/3.png, D:\\Test\\AgileTest\\Reports\\HIC\\hic\\20191202_002446\\../Screenshots/iPhone 6/HIC/STM/Slaico/20191202_005025/4.png, D:\\Test\\AgileTest\\Reports\\HIC\\hic\\20191202_002446\\../Screenshots/iPhone 6/HIC/STM/Slaico/20191202_005025/5.png, D:\\Test\\AgileTest\\Reports\\HIC\\hic\\20191202_002446\\../Screenshots/iPhone 6/HIC/STM/Slaico/20191202_005025/6.png, D:\\Test\\AgileTest\\Reports\\HIC\\hic\\20191202_002446\\1575265869712.png, D:\\Test\\AgileTest\\Reports\\HIC\\hic\\20191202_002446\\../Screenshots/iPhone 6/HIC/STM/Slaico/20191202_005025/7.png, D:\\Test\\AgileTest\\Reports\\HIC\\hic\\20191202_002446\\../Screenshots/iPhone 6/HIC/STM/Slaico/20191202_005025/8.png, D:\\Test\\AgileTest\\Reports\\HIC\\hic\\20191202_002446\\../Screenshots/iPhone 6/HIC/STM/Slaico/20191202_005025/9.png, D:\\Test\\AgileTest\\Reports\\HIC\\hic\\20191202_002446\\../Screenshots/iPhone 6/HIC/STM/Slaico/20191202_005025/10.png, D:\\Test\\AgileTest\\Reports\\HIC\\hic\\20191202_002446\\../Screenshots/iPhone 6/HIC/Teladoc/teladoc/20191202_005158/0.png, D:\\Test\\AgileTest\\Reports\\HIC\\hic\\20191202_002446\\../Screenshots/iPhone 6/HIC/Teladoc/teladoc/20191202_005158/1.png, D:\\Test\\AgileTest\\Reports\\HIC\\hic\\20191202_002446\\../Screenshots/iPhone 6/HIC/Teladoc/teladoc/20191202_005158/2.png, D:\\Test\\AgileTest\\Reports\\HIC\\hic\\20191202_002446\\../Screenshots/iPhone 6/HIC/Teladoc/teladoc/20191202_005158/3.png, D:\\Test\\AgileTest\\Reports\\HIC\\hic\\20191202_002446\\../Screenshots/iPhone 6/HIC/Teladoc/teladoc/20191202_005158/4.png, D:\\Test\\AgileTest\\Reports\\HIC\\hic\\20191202_002446\\../Screenshots/iPhone 6/HIC/Teladoc/teladoc/20191202_005158/5.png, D:\\Test\\AgileTest\\Reports\\HIC\\hic\\20191202_002446\\../Screenshots/iPhone 6/HIC/Teladoc/teladoc/20191202_005158/6.png, D:\\Test\\AgileTest\\Reports\\HIC\\hic\\20191202_002446\\../Screenshots/iPhone 6/HIC/Teladoc/teladoc/20191202_005158/7.png"/>
         <property name="hostName" value="Administrator - 172.30.0.53"/>
         <property name="os" value="Windows Server 2012 R2 64bit"/>
         <property name="katalonVersion" value="5.10.1.1"/>
         <property name="browser" value="Safari 11"/>
         <property name="hostAddress" value="172.30.0.53"/>
         <property name="sessionId" value="069f752507dbd839c90ded2d3d8a59a2"/>
         <property name="seleniumVersion" value="3.7.1"/>
         <property name="proxyInformation" value="ProxyInformation{proxyOption=NO_PROXY, proxyServerType=HTTP, password=, proxyServerAddress=, proxyServerPort=0}"/>
         <property name="platform" value="Windows Server 2012 R2"/>
      </properties>
      <testcase name="Test Cases/HIC/ACA" classname="Test Cases/HIC/ACA" status="PASSED">
         <system-out><![CDATA[2019-12-02 00:24:50 - [TEST_CASE][PASSED] - Test Cases/HIC/ACA: Test Cases/HIC/ACA

2019-12-02 00:24:51 - [TEST_STEP][PASSED] - callTestCase(findTestCase("HIC/_include/get_hicScreenPath"), ["project":"HIC", "productLine":"ACA", "carrierName":"ACA"], CONTINUE_ON_FAILURE): Call Test Case 'Test Cases/HIC/_include/get_hicScreenPath' successfully

2019-12-02 00:24:51 - [TEST_CASE][PASSED] - Test Cases/HIC/_include/get_hicScreenPath: Test Cases/HIC/_include/get_hicScreenPath

2019-12-02 00:24:51 - [TEST_STEP][PASSED] - m = getExecutionProperties(): null

2019-12-02 00:24:51 - [TEST_STEP][PASSED] - deviceName = get("mobileEmulation").get("deviceName"): null

2019-12-02 00:24:51 - [TEST_STEP][PASSED] - println(deviceName): null

2019-12-02 00:24:51 - [TEST_STEP][PASSED] - now = new java.util.Date(): null

2019-12-02 00:24:51 - [TEST_STEP][PASSED] - mydate = now.format("yyyyMMdd_HHmmss"): null

2019-12-02 00:24:51 - [TEST_STEP][PASSED] - screenPath = "../Screenshots/": null

2019-12-02 00:24:51 - [TEST_STEP][PASSED] - screenPath = screenPath + deviceName + "/" + project + "/" + productLine + "/" + carrierName + "/" + mydate + "/": null

2019-12-02 00:24:51 - [TEST_STEP][PASSED] - println(screenPath): null

2019-12-02 00:24:51 - [MESSAGE][PASSED] - Call Test Case 'Test Cases/HIC/_include/get_hicScreenPath' successfully

2019-12-02 00:24:51 - [TEST_STEP][PASSED] - i = 0: null

2019-12-02 00:24:51 - [TEST_STEP][PASSED] - callTestCase(findTestCase("mobileWeb/_include/openWebSite"), ["env":"https://qa.healthinsurance.com/"], CONTINUE_ON_FAILURE): Call Test Case 'Test Cases/mobileWeb/_include/openWebSite' successfully

2019-12-02 00:24:51 - [TEST_CASE][PASSED] - Test Cases/mobileWeb/_include/openWebSite: Test Cases/mobileWeb/_include/openWebSite

2019-12-02 00:24:52 - [TEST_STEP][PASSED] - openBrowser(env): Browser is opened with url: 'https://qa.healthinsurance.com/'

2019-12-02 00:24:52 - [MESSAGE][INFO] - Starting 'Chrome' driver

2019-12-02 00:24:52 - [MESSAGE][INFO] - User set preference: ['mobileEmulation', '{deviceName=iPhone 6}']

2019-12-02 00:24:52 - [MESSAGE][INFO] - User set preference: ['args', '[--incognito, --aggressive-cache-discard, --window-size=375,677, --no-sandbox]']

2019-12-02 00:24:52 - [MESSAGE][INFO] - Action delay is set to 0 seconds

2019-12-02 00:24:56 - [MESSAGE][PASSED] - Browser is opened with url: 'https://qa.healthinsurance.com/'

2019-12-02 00:24:56 - [TEST_STEP][PASSED] - waitForPageLoad(20): Wait for page load successfully

2019-12-02 00:24:57 - [MESSAGE][PASSED] - Wait for page load successfully

2019-12-02 00:24:57 - [TEST_STEP][PASSED] - callTestCase(findTestCase("mobileWeb/_include/get_screenshot"), [:], STOP_ON_FAILURE): Call Test Case 'Test Cases/mobileWeb/_include/get_screenshot' successfully

2019-12-02 00:24:57 - [TEST_CASE][PASSED] - Test Cases/mobileWeb/_include/get_screenshot: Test Cases/mobileWeb/_include/get_screenshot

2019-12-02 00:24:57 - [TEST_STEP][PASSED] - takeScreenshot(screenPath + i + ".png"): Taking screenshot successfully

2019-12-02 00:24:57 - [MESSAGE][PASSED] - Taking screenshot successfully
[[ATTACHMENT|D:\\Test\\AgileTest\\Reports\\HIC\\hic\\20191202_002446\\../Screenshots/iPhone 6/HIC/ACA/ACA/20191202_002451/0.png]]

2019-12-02 00:24:57 - [TEST_STEP][PASSED] - (internal.GlobalVariable.i++): null

2019-12-02 00:24:57 - [MESSAGE][PASSED] - Call Test Case 'Test Cases/mobileWeb/_include/get_screenshot' successfully

2019-12-02 00:24:57 - [MESSAGE][PASSED] - Call Test Case 'Test Cases/mobileWeb/_include/openWebSite' successfully

2019-12-02 00:24:57 - [TEST_STEP][PASSED] - click(findTestObject("hic/nav/navButton")): Object: 'Object Repository/hic/nav/navButton' is clicked on

2019-12-02 00:24:58 - [MESSAGE][PASSED] - Object: 'Object Repository/hic/nav/navButton' is clicked on

2019-12-02 00:24:58 - [TEST_STEP][PASSED] - click(findTestObject("hic/nav/acaLink")): Object: 'Object Repository/hic/nav/acaLink' is clicked on

2019-12-02 00:24:58 - [MESSAGE][PASSED] - Object: 'Object Repository/hic/nav/acaLink' is clicked on

2019-12-02 00:24:58 - [TEST_STEP][PASSED] - Thread.sleep(2000): null

2019-12-02 00:25:00 - [TEST_STEP][PASSED] - callTestCase(findTestCase("mobileWeb/_include/get_screenshot"), [:], STOP_ON_FAILURE): Call Test Case 'Test Cases/mobileWeb/_include/get_screenshot' successfully

2019-12-02 00:25:00 - [TEST_CASE][PASSED] - Test Cases/mobileWeb/_include/get_screenshot: Test Cases/mobileWeb/_include/get_screenshot

2019-12-02 00:25:00 - [TEST_STEP][PASSED] - takeScreenshot(screenPath + i + ".png"): Taking screenshot successfully

2019-12-02 00:25:00 - [MESSAGE][PASSED] - Taking screenshot successfully
[[ATTACHMENT|D:\\Test\\AgileTest\\Reports\\HIC\\hic\\20191202_002446\\../Screenshots/iPhone 6/HIC/ACA/ACA/20191202_002451/1.png]]

2019-12-02 00:25:00 - [TEST_STEP][PASSED] - (internal.GlobalVariable.i++): null

2019-12-02 00:25:00 - [MESSAGE][PASSED] - Call Test Case 'Test Cases/mobileWeb/_include/get_screenshot' successfully

2019-12-02 00:25:00 - [TEST_STEP][PASSED] - setText(findTestObject("hic/aca/zip"), "33186"): Text '33186' is set on object 'Object Repository/hic/aca/zip'

2019-12-02 00:25:01 - [MESSAGE][PASSED] - Text '33186' is set on object 'Object Repository/hic/aca/zip'

2019-12-02 00:25:01 - [TEST_STEP][PASSED] - Thread.sleep(5000): null

2019-12-02 00:25:06 - [TEST_STEP][PASSED] - click(findTestObject("hic/aca/comparePlan")): Object: 'Object Repository/hic/aca/comparePlan' is clicked on

2019-12-02 00:25:08 - [MESSAGE][PASSED] - Object: 'Object Repository/hic/aca/comparePlan' is clicked on

2019-12-02 00:25:08 - [TEST_STEP][PASSED] - Thread.sleep(5000): null

2019-12-02 00:25:13 - [TEST_STEP][PASSED] - callTestCase(findTestCase("mobileWeb/_include/get_screenshot"), [:], STOP_ON_FAILURE): Call Test Case 'Test Cases/mobileWeb/_include/get_screenshot' successfully

2019-12-02 00:25:13 - [TEST_CASE][PASSED] - Test Cases/mobileWeb/_include/get_screenshot: Test Cases/mobileWeb/_include/get_screenshot

2019-12-02 00:25:13 - [TEST_STEP][PASSED] - takeScreenshot(screenPath + i + ".png"): Taking screenshot successfully

2019-12-02 00:25:14 - [MESSAGE][PASSED] - Taking screenshot successfully
[[ATTACHMENT|D:\\Test\\AgileTest\\Reports\\HIC\\hic\\20191202_002446\\../Screenshots/iPhone 6/HIC/ACA/ACA/20191202_002451/2.png]]

2019-12-02 00:25:14 - [TEST_STEP][PASSED] - (internal.GlobalVariable.i++): null

2019-12-02 00:25:14 - [MESSAGE][PASSED] - Call Test Case 'Test Cases/mobileWeb/_include/get_screenshot' successfully]]></system-out>
         <system-err><![CDATA[]]></system-err>
      </testcase>
      <testcase name="Test Cases/HIC/Dental/National General" classname="Test Cases/HIC/Dental/National General" status="PASSED">
         <system-out><![CDATA[2019-12-02 00:25:14 - [TEST_CASE][PASSED] - Test Cases/HIC/Dental/National General: Test Cases/HIC/Dental/National General

2019-12-02 00:25:14 - [TEST_STEP][PASSED] - callTestCase(findTestCase("HIC/_include/get_hicScreenPath"), ["project":"HIC", "productLine":"Dental", "carrierName":"National General"], CONTINUE_ON_FAILURE): Call Test Case 'Test Cases/HIC/_include/get_hicScreenPath' successfully

2019-12-02 00:25:14 - [TEST_CASE][PASSED] - Test Cases/HIC/_include/get_hicScreenPath: Test Cases/HIC/_include/get_hicScreenPath

2019-12-02 00:25:14 - [TEST_STEP][PASSED] - m = getExecutionProperties(): null

2019-12-02 00:25:14 - [TEST_STEP][PASSED] - deviceName = get("mobileEmulation").get("deviceName"): null

2019-12-02 00:25:14 - [TEST_STEP][PASSED] - println(deviceName): null

2019-12-02 00:25:14 - [TEST_STEP][PASSED] - now = new java.util.Date(): null

2019-12-02 00:25:14 - [TEST_STEP][PASSED] - mydate = now.format("yyyyMMdd_HHmmss"): null

2019-12-02 00:25:14 - [TEST_STEP][PASSED] - screenPath = "../Screenshots/": null

2019-12-02 00:25:14 - [TEST_STEP][PASSED] - screenPath = screenPath + deviceName + "/" + project + "/" + productLine + "/" + carrierName + "/" + mydate + "/": null

2019-12-02 00:25:14 - [TEST_STEP][PASSED] - println(screenPath): null

2019-12-02 00:25:14 - [MESSAGE][PASSED] - Call Test Case 'Test Cases/HIC/_include/get_hicScreenPath' successfully

2019-12-02 00:25:14 - [TEST_STEP][PASSED] - i = 0: null

2019-12-02 00:25:14 - [TEST_STEP][PASSED] - callTestCase(findTestCase("mobileWeb/_include/openWebSite"), ["env":"https://qa.healthinsurance.com/"], CONTINUE_ON_FAILURE): Call Test Case 'Test Cases/mobileWeb/_include/openWebSite' successfully

2019-12-02 00:25:14 - [TEST_CASE][PASSED] - Test Cases/mobileWeb/_include/openWebSite: Test Cases/mobileWeb/_include/openWebSite

2019-12-02 00:25:15 - [TEST_STEP][PASSED] - openBrowser(env): Browser is opened with url: 'https://qa.healthinsurance.com/'

2019-12-02 00:25:15 - [MESSAGE][WARNING] - A browser is already opened. Closing browser and opening a new one

2019-12-02 00:25:17 - [MESSAGE][INFO] - Starting 'Chrome' driver

2019-12-02 00:25:17 - [MESSAGE][INFO] - User set preference: ['mobileEmulation', '{deviceName=iPhone 6}']

2019-12-02 00:25:17 - [MESSAGE][INFO] - User set preference: ['args', '[--incognito, --aggressive-cache-discard, --window-size=375,677, --no-sandbox]']

2019-12-02 00:25:23 - [MESSAGE][PASSED] - Browser is opened with url: 'https://qa.healthinsurance.com/'

2019-12-02 00:25:23 - [TEST_STEP][PASSED] - waitForPageLoad(20): Wait for page load successfully

2019-12-02 00:25:23 - [MESSAGE][PASSED] - Wait for page load successfully

2019-12-02 00:25:23 - [TEST_STEP][PASSED] - callTestCase(findTestCase("mobileWeb/_include/get_screenshot"), [:], STOP_ON_FAILURE): Call Test Case 'Test Cases/mobileWeb/_include/get_screenshot' successfully

2019-12-02 00:25:23 - [TEST_CASE][PASSED] - Test Cases/mobileWeb/_include/get_screenshot: Test Cases/mobileWeb/_include/get_screenshot

2019-12-02 00:25:23 - [TEST_STEP][PASSED] - takeScreenshot(screenPath + i + ".png"): Taking screenshot successfully

2019-12-02 00:25:24 - [MESSAGE][PASSED] - Taking screenshot successfully
[[ATTACHMENT|D:\\Test\\AgileTest\\Reports\\HIC\\hic\\20191202_002446\\../Screenshots/iPhone 6/HIC/Dental/National General/20191202_002514/0.png]]

2019-12-02 00:25:24 - [TEST_STEP][PASSED] - (internal.GlobalVariable.i++): null

2019-12-02 00:25:24 - [MESSAGE][PASSED] - Call Test Case 'Test Cases/mobileWeb/_include/get_screenshot' successfully

2019-12-02 00:25:24 - [MESSAGE][PASSED] - Call Test Case 'Test Cases/mobileWeb/_include/openWebSite' successfully

2019-12-02 00:25:24 - [TEST_STEP][PASSED] - click(findTestObject("hic/nav/navButton")): Object: 'Object Repository/hic/nav/navButton' is clicked on

2019-12-02 00:25:24 - [MESSAGE][PASSED] - Object: 'Object Repository/hic/nav/navButton' is clicked on

2019-12-02 00:25:24 - [TEST_STEP][PASSED] - Thread.sleep(2000): null

2019-12-02 00:25:26 - [TEST_STEP][PASSED] - click(findTestObject("hic/nav/dentalLink")): Object: 'Object Repository/hic/nav/dentalLink' is clicked on

2019-12-02 00:25:26 - [MESSAGE][PASSED] - Object: 'Object Repository/hic/nav/dentalLink' is clicked on

2019-12-02 00:25:26 - [TEST_STEP][PASSED] - Thread.sleep(2000): null

2019-12-02 00:25:28 - [TEST_STEP][PASSED] - callTestCase(findTestCase("mobileWeb/_include/get_screenshot"), [:], STOP_ON_FAILURE): Call Test Case 'Test Cases/mobileWeb/_include/get_screenshot' successfully

2019-12-02 00:25:28 - [TEST_CASE][PASSED] - Test Cases/mobileWeb/_include/get_screenshot: Test Cases/mobileWeb/_include/get_screenshot

2019-12-02 00:25:28 - [TEST_STEP][PASSED] - takeScreenshot(screenPath + i + ".png"): Taking screenshot successfully

2019-12-02 00:25:29 - [MESSAGE][PASSED] - Taking screenshot successfully
[[ATTACHMENT|D:\\Test\\AgileTest\\Reports\\HIC\\hic\\20191202_002446\\../Screenshots/iPhone 6/HIC/Dental/National General/20191202_002514/1.png]]

2019-12-02 00:25:29 - [TEST_STEP][PASSED] - (internal.GlobalVariable.i++): null

2019-12-02 00:25:29 - [MESSAGE][PASSED] - Call Test Case 'Test Cases/mobileWeb/_include/get_screenshot' successfully

2019-12-02 00:25:29 - [TEST_STEP][PASSED] - callTestCase(findTestCase("HIC/_include/stm_census"), ["zipcode":"35215"], STOP_ON_FAILURE): Call Test Case 'Test Cases/HIC/_include/stm_census' successfully

2019-12-02 00:25:29 - [TEST_CASE][PASSED] - Test Cases/HIC/_include/stm_census: Test Cases/HIC/_include/stm_census

2019-12-02 00:25:29 - [TEST_STEP][PASSED] - setText(findTestObject("hic/stm/zip"), zipcode): Text '35215' is set on object 'Object Repository/hic/stm/zip'

2019-12-02 00:25:29 - [MESSAGE][PASSED] - Text '35215' is set on object 'Object Repository/hic/stm/zip'

2019-12-02 00:25:29 - [TEST_STEP][PASSED] - Thread.sleep(500): null

2019-12-02 00:25:30 - [TEST_STEP][PASSED] - setText(findTestObject("hic/stm/primaryDOB"), "03031987"): Text '03031987' is set on object 'Object Repository/hic/stm/primaryDOB'

2019-12-02 00:25:30 - [MESSAGE][PASSED] - Text '03031987' is set on object 'Object Repository/hic/stm/primaryDOB'

2019-12-02 00:25:30 - [TEST_STEP][PASSED] - click(findTestObject("hic/stm/female")): Object: 'Object Repository/hic/stm/female' is clicked on

2019-12-02 00:25:30 - [MESSAGE][PASSED] - Object: 'Object Repository/hic/stm/female' is clicked on

2019-12-02 00:25:30 - [TEST_STEP][PASSED] - Thread.sleep(3000): null

2019-12-02 00:25:33 - [TEST_STEP][PASSED] - click(findTestObject("hic/stm/submitButton")): Object: 'Object Repository/hic/stm/submitButton' is clicked on

2019-12-02 00:25:34 - [MESSAGE][PASSED] - Object: 'Object Repository/hic/stm/submitButton' is clicked on

2019-12-02 00:25:34 - [TEST_STEP][PASSED] - Thread.sleep(6000): null

2019-12-02 00:25:40 - [TEST_STEP][PASSED] - callTestCase(findTestCase("mobileWeb/_include/get_screenshot"), [:], STOP_ON_FAILURE): Call Test Case 'Test Cases/mobileWeb/_include/get_screenshot' successfully

2019-12-02 00:25:40 - [TEST_CASE][PASSED] - Test Cases/mobileWeb/_include/get_screenshot: Test Cases/mobileWeb/_include/get_screenshot

2019-12-02 00:25:40 - [TEST_STEP][PASSED] - takeScreenshot(screenPath + i + ".png"): Taking screenshot successfully

2019-12-02 00:25:40 - [MESSAGE][PASSED] - Taking screenshot successfully
[[ATTACHMENT|D:\\Test\\AgileTest\\Reports\\HIC\\hic\\20191202_002446\\../Screenshots/iPhone 6/HIC/Dental/National General/20191202_002514/2.png]]

2019-12-02 00:25:40 - [TEST_STEP][PASSED] - (internal.GlobalVariable.i++): null

2019-12-02 00:25:40 - [MESSAGE][PASSED] - Call Test Case 'Test Cases/mobileWeb/_include/get_screenshot' successfully

2019-12-02 00:25:40 - [TEST_STEP][PASSED] - Thread.sleep(1000): null

2019-12-02 00:25:41 - [MESSAGE][PASSED] - Call Test Case 'Test Cases/HIC/_include/stm_census' successfully

2019-12-02 00:25:41 - [TEST_STEP][PASSED] - click(findTestObject("mobileSanity/Dental/filter/btn_filter")): Object: 'Object Repository/mobileSanity/Dental/filter/btn_filter' is clicked on

2019-12-02 00:25:41 - [MESSAGE][PASSED] - Object: 'Object Repository/mobileSanity/Dental/filter/btn_filter' is clicked on

2019-12-02 00:25:41 - [TEST_STEP][PASSED] - waitForElementVisible(findTestObject("mobileSanity/Dental/filter/btn_company"), 10): Object 'Object Repository/mobileSanity/Dental/filter/btn_company' is visible

2019-12-02 00:25:42 - [MESSAGE][PASSED] - Object 'Object Repository/mobileSanity/Dental/filter/btn_company' is visible

2019-12-02 00:25:42 - [TEST_STEP][PASSED] - click(findTestObject("mobileSanity/Dental/filter/btn_company")): Object: 'Object Repository/mobileSanity/Dental/filter/btn_company' is clicked on

2019-12-02 00:25:42 - [MESSAGE][PASSED] - Object: 'Object Repository/mobileSanity/Dental/filter/btn_company' is clicked on

2019-12-02 00:25:42 - [TEST_STEP][PASSED] - Thread.sleep(2000): null

2019-12-02 00:25:44 - [TEST_STEP][PASSED] - click(findTestObject("mobileSanity/Dental/filter/btn_ng")): Object: 'Object Repository/mobileSanity/Dental/filter/btn_ng' is clicked on

2019-12-02 00:25:44 - [MESSAGE][PASSED] - Object: 'Object Repository/mobileSanity/Dental/filter/btn_ng' is clicked on

2019-12-02 00:25:44 - [TEST_STEP][PASSED] - waitForJQueryLoad(20, STOP_ON_FAILURE): jQuery is ready.

2019-12-02 00:25:44 - [MESSAGE][PASSED] - jQuery is ready.

2019-12-02 00:25:44 - [TEST_STEP][PASSED] - callTestCase(findTestCase("mobileWeb/_include/get_screenshot"), [:], STOP_ON_FAILURE): Call Test Case 'Test Cases/mobileWeb/_include/get_screenshot' successfully

2019-12-02 00:25:45 - [TEST_CASE][PASSED] - Test Cases/mobileWeb/_include/get_screenshot: Test Cases/mobileWeb/_include/get_screenshot

2019-12-02 00:25:45 - [TEST_STEP][PASSED] - takeScreenshot(screenPath + i + ".png"): Taking screenshot successfully

2019-12-02 00:25:45 - [MESSAGE][PASSED] - Taking screenshot successfully
[[ATTACHMENT|D:\\Test\\AgileTest\\Reports\\HIC\\hic\\20191202_002446\\../Screenshots/iPhone 6/HIC/Dental/National General/20191202_002514/3.png]]

2019-12-02 00:25:45 - [TEST_STEP][PASSED] - (internal.GlobalVariable.i++): null

2019-12-02 00:25:45 - [MESSAGE][PASSED] - Call Test Case 'Test Cases/mobileWeb/_include/get_screenshot' successfully

2019-12-02 00:25:45 - [TEST_STEP][PASSED] - click(findTestObject("mobileSanity/Dental/filter/btn_filter")): Object: 'Object Repository/mobileSanity/Dental/filter/btn_filter' is clicked on

2019-12-02 00:25:45 - [MESSAGE][PASSED] - Object: 'Object Repository/mobileSanity/Dental/filter/btn_filter' is clicked on

2019-12-02 00:25:45 - [TEST_STEP][PASSED] - Thread.sleep(2000): null

2019-12-02 00:25:47 - [TEST_STEP][PASSED] - scrollToPosition(0, 600): Browser is scrolled to position x = 0, y = 600

2019-12-02 00:25:47 - [MESSAGE][PASSED] - Browser is scrolled to position x = 0, y = 600

2019-12-02 00:25:47 - [TEST_STEP][PASSED] - Thread.sleep(2000): null

2019-12-02 00:25:49 - [TEST_STEP][PASSED] - click(findTestObject("mobileSanity/Dental/quote/a_Select This Plan")): Object: 'Object Repository/mobileSanity/Dental/quote/a_Select This Plan' is clicked on

2019-12-02 00:25:50 - [MESSAGE][PASSED] - Object: 'Object Repository/mobileSanity/Dental/quote/a_Select This Plan' is clicked on

2019-12-02 00:25:50 - [TEST_STEP][PASSED] - waitForPageLoad(10): Wait for page load successfully

2019-12-02 00:25:50 - [MESSAGE][PASSED] - Wait for page load successfully

2019-12-02 00:25:50 - [TEST_STEP][PASSED] - callTestCase(findTestCase("mobileWeb/_include/get_screenshot"), [:], STOP_ON_FAILURE): Call Test Case 'Test Cases/mobileWeb/_include/get_screenshot' successfully

2019-12-02 00:25:50 - [TEST_CASE][PASSED] - Test Cases/mobileWeb/_include/get_screenshot: Test Cases/mobileWeb/_include/get_screenshot

2019-12-02 00:25:50 - [TEST_STEP][PASSED] - takeScreenshot(screenPath + i + ".png"): Taking screenshot successfully

2019-12-02 00:25:50 - [MESSAGE][PASSED] - Taking screenshot successfully
[[ATTACHMENT|D:\\Test\\AgileTest\\Reports\\HIC\\hic\\20191202_002446\\../Screenshots/iPhone 6/HIC/Dental/National General/20191202_002514/4.png]]

2019-12-02 00:25:50 - [TEST_STEP][PASSED] - (internal.GlobalVariable.i++): null

2019-12-02 00:25:50 - [MESSAGE][PASSED] - Call Test Case 'Test Cases/mobileWeb/_include/get_screenshot' successfully

2019-12-02 00:25:50 - [TEST_STEP][PASSED] - Thread.sleep(2000): null

2019-12-02 00:25:52 - [TEST_STEP][PASSED] - click(findTestObject("mobileSanity/Dental/apply/span_Start Secure Application")): Object: 'Object Repository/mobileSanity/Dental/apply/span_Start Secure Application' is clicked on

2019-12-02 00:25:53 - [MESSAGE][PASSED] - Object: 'Object Repository/mobileSanity/Dental/apply/span_Start Secure Application' is clicked on

2019-12-02 00:25:53 - [TEST_STEP][PASSED] - waitForPageLoad(10): Wait for page load successfully

2019-12-02 00:25:53 - [MESSAGE][PASSED] - Wait for page load successfully

2019-12-02 00:25:53 - [TEST_STEP][PASSED] - Thread.sleep(2000): null

2019-12-02 00:25:55 - [TEST_STEP][PASSED] - callTestCase(findTestCase("mobileWeb/_include/get_screenshot"), [:], STOP_ON_FAILURE): Call Test Case 'Test Cases/mobileWeb/_include/get_screenshot' successfully

2019-12-02 00:25:55 - [TEST_CASE][PASSED] - Test Cases/mobileWeb/_include/get_screenshot: Test Cases/mobileWeb/_include/get_screenshot

2019-12-02 00:25:55 - [TEST_STEP][PASSED] - takeScreenshot(screenPath + i + ".png"): Taking screenshot successfully

2019-12-02 00:25:55 - [MESSAGE][PASSED] - Taking screenshot successfully
[[ATTACHMENT|D:\\Test\\AgileTest\\Reports\\HIC\\hic\\20191202_002446\\../Screenshots/iPhone 6/HIC/Dental/National General/20191202_002514/5.png]]

2019-12-02 00:25:55 - [TEST_STEP][PASSED] - (internal.GlobalVariable.i++): null

2019-12-02 00:25:55 - [MESSAGE][PASSED] - Call Test Case 'Test Cases/mobileWeb/_include/get_screenshot' successfully

2019-12-02 00:25:55 - [TEST_STEP][PASSED] - callTestCase(findTestCase("mobileWeb/_include/goToEnd_dental"), ["carrier":"nationalgeneral"], CONTINUE_ON_FAILURE): Call Test Case 'Test Cases/mobileWeb/_include/goToEnd_dental' successfully

2019-12-02 00:25:56 - [TEST_CASE][PASSED] - Test Cases/mobileWeb/_include/goToEnd_dental: Test Cases/mobileWeb/_include/goToEnd_dental

2019-12-02 00:25:56 - [TEST_STEP][PASSED] - callTestCase(findTestCase("mobileWeb/_include/name"), [:], CONTINUE_ON_FAILURE): Call Test Case 'Test Cases/mobileWeb/_include/name' successfully

2019-12-02 00:25:56 - [TEST_CASE][PASSED] - Test Cases/mobileWeb/_include/name: Test Cases/mobileWeb/_include/name

2019-12-02 00:25:56 - [TEST_STEP][PASSED] - driver = getWebDriver(): null

2019-12-02 00:25:56 - [TEST_STEP][PASSED] - selenium = new com.thoughtworks.selenium.webdriven.WebDriverBackedSelenium(driver, internal.GlobalVariable.ENV): null

2019-12-02 00:25:56 - [TEST_STEP][PASSED] - FirstName = "Test-123": null

2019-12-02 00:25:56 - [TEST_STEP][PASSED] - LastName = selenium.getEval("{var x="ABCDEFGHIJKLMNOPQRSTUVWXYZabcdefghijklmnopqrstuvwxyz"; var tmp="ZZ11-"; for (i=0;i<8;i++) tmp+=x.charAt(Math.ceil(51*Math.random()));tmp;}"): null

2019-12-02 00:25:56 - [TEST_STEP][PASSED] - Address = selenium.getEval("{var x="ABCDEFGHIJKLMNOPQRSTUVWXYZabcdefghijklmnopqrstuvwxyz"; var tmp=""; for (i=0;i<8;i++) tmp+=x.charAt(Math.ceil(51*Math.random()));tmp;}"): null

2019-12-02 00:25:56 - [TEST_STEP][PASSED] - City = selenium.getEval("{var x="ABCDEFGHIJKLMNOPQRSTUVWXYZabcdefghijklmnopqrstuvwxyz"; var tmp=""; for (i=0;i<8;i++) tmp+=x.charAt(Math.ceil(51*Math.random()));tmp;}"): null

2019-12-02 00:25:56 - [TEST_STEP][PASSED] - tel1 = selenium.getEval("{var x="123456789"; var tmp=""; for (i=0;i<3;i++) tmp+=x.charAt(Math.ceil(8*Math.random()));tmp;}"): null

2019-12-02 00:25:56 - [TEST_STEP][PASSED] - tel2 = selenium.getEval("{var x="123456789"; var tmp=""; for (i=0;i<3;i++) tmp+=x.charAt(Math.ceil(8*Math.random()));tmp;}"): null

2019-12-02 00:25:56 - [TEST_STEP][PASSED] - tel3 = selenium.getEval("{var x="123456789"; var tmp=""; for (i=0;i<4;i++) tmp+=x.charAt(Math.ceil(8*Math.random()));tmp;}"): null

2019-12-02 00:25:57 - [TEST_STEP][PASSED] - Tel = selenium.getExpression(tel1 + "-" + tel2 + "-" + tel3): null

2019-12-02 00:25:57 - [TEST_STEP][PASSED] - AutoEmail = selenium.getEval("{var x="ABCDEFGHIJKLMNOPQRSTUVWXYZabcdefghijklmnopqrstuvwxyz"; var tmp="test."; for (i=0;i<8;i++) tmp+=x.charAt(Math.ceil(51*Math.random()));tmp+="@suryani.cn";}"): null

2019-12-02 00:25:57 - [TEST_STEP][PASSED] - FirstName = FirstName: null

2019-12-02 00:25:57 - [TEST_STEP][PASSED] - LastName = LastName: null

2019-12-02 00:25:57 - [TEST_STEP][PASSED] - Address = Address: null

2019-12-02 00:25:57 - [TEST_STEP][PASSED] - City = City: null

2019-12-02 00:25:57 - [TEST_STEP][PASSED] - Tel = Tel: null

2019-12-02 00:25:57 - [TEST_STEP][PASSED] - AutoEmail = AutoEmail: null

2019-12-02 00:25:57 - [TEST_STEP][PASSED] - println(FirstName): null

2019-12-02 00:25:57 - [TEST_STEP][PASSED] - println(LastName): null

2019-12-02 00:25:57 - [TEST_STEP][PASSED] - println(Address): null

2019-12-02 00:25:57 - [TEST_STEP][PASSED] - println(City): null

2019-12-02 00:25:57 - [TEST_STEP][PASSED] - println(Tel): null

2019-12-02 00:25:57 - [TEST_STEP][PASSED] - println(AutoEmail): null

2019-12-02 00:25:57 - [MESSAGE][PASSED] - Call Test Case 'Test Cases/mobileWeb/_include/name' successfully

2019-12-02 00:25:57 - [TEST_STEP][PASSED] - Thread.sleep(3000): null

2019-12-02 00:26:00 - [TEST_STEP][PASSED] - setText(findTestObject("mobileSanity/Dental/app_page1/input__member-P-1-firstName"), FirstName): Text 'Test-123' is set on object 'Object Repository/mobileSanity/Dental/app_page1/input__member-P-1-firstName'

2019-12-02 00:26:00 - [MESSAGE][PASSED] - Text 'Test-123' is set on object 'Object Repository/mobileSanity/Dental/app_page1/input__member-P-1-firstName'

2019-12-02 00:26:00 - [TEST_STEP][PASSED] - setText(findTestObject("mobileSanity/Dental/app_page1/input__member-P-1-lastName"), LastName): Text 'ZZ11-yOVNfOxd' is set on object 'Object Repository/mobileSanity/Dental/app_page1/input__member-P-1-lastName'

2019-12-02 00:26:00 - [MESSAGE][PASSED] - Text 'ZZ11-yOVNfOxd' is set on object 'Object Repository/mobileSanity/Dental/app_page1/input__member-P-1-lastName'

2019-12-02 00:26:00 - [TEST_STEP][PASSED] - setText(findTestObject("mobileSanity/Dental/app_page1/input__address"), Address): Text 'xqyHrdKF' is set on object 'Object Repository/mobileSanity/Dental/app_page1/input__address'

2019-12-02 00:26:00 - [MESSAGE][PASSED] - Text 'xqyHrdKF' is set on object 'Object Repository/mobileSanity/Dental/app_page1/input__address'

2019-12-02 00:26:00 - [TEST_STEP][PASSED] - setText(findTestObject("mobileSanity/Dental/app_page1/input__city"), City): Text 'OojxxJMW' is set on object 'Object Repository/mobileSanity/Dental/app_page1/input__city'

2019-12-02 00:26:00 - [MESSAGE][PASSED] - Text 'OojxxJMW' is set on object 'Object Repository/mobileSanity/Dental/app_page1/input__city'

2019-12-02 00:26:00 - [TEST_STEP][PASSED] - setText(findTestObject("mobileSanity/Dental/app_page1/input__email"), AutoEmail): Text 'test.oMiPSTMU@suryani.cn' is set on object 'Object Repository/mobileSanity/Dental/app_page1/input__email'

2019-12-02 00:26:01 - [MESSAGE][PASSED] - Text 'test.oMiPSTMU@suryani.cn' is set on object 'Object Repository/mobileSanity/Dental/app_page1/input__email'

2019-12-02 00:26:01 - [TEST_STEP][PASSED] - setText(findTestObject("mobileSanity/Dental/app_page1/input_phone"), Tel): Text '345-446-7673' is set on object 'Object Repository/mobileSanity/Dental/app_page1/input_phone'

2019-12-02 00:26:01 - [MESSAGE][PASSED] - Text '345-446-7673' is set on object 'Object Repository/mobileSanity/Dental/app_page1/input_phone'

2019-12-02 00:26:01 - [TEST_STEP][PASSED] - click(findTestObject("mobileSanity/Dental/app_page1/a_Continue to Step 2 - Payment")): Object: 'Object Repository/mobileSanity/Dental/app_page1/a_Continue to Step 2 - Payment' is clicked on

2019-12-02 00:26:01 - [MESSAGE][PASSED] - Object: 'Object Repository/mobileSanity/Dental/app_page1/a_Continue to Step 2 - Payment' is clicked on

2019-12-02 00:26:01 - [TEST_STEP][PASSED] - waitForPageLoad(10): Wait for page load successfully

2019-12-02 00:26:01 - [MESSAGE][PASSED] - Wait for page load successfully

2019-12-02 00:26:01 - [TEST_STEP][PASSED] - Thread.sleep(2000): null

2019-12-02 00:26:03 - [TEST_STEP][PASSED] - if (carrier == "usa"): null

2019-12-02 00:26:03 - [TEST_STEP][PASSED] - callTestCase(findTestCase("mobileWeb/_include/get_screenshot"), [:], STOP_ON_FAILURE): Call Test Case 'Test Cases/mobileWeb/_include/get_screenshot' successfully

2019-12-02 00:26:03 - [TEST_CASE][PASSED] - Test Cases/mobileWeb/_include/get_screenshot: Test Cases/mobileWeb/_include/get_screenshot

2019-12-02 00:26:03 - [TEST_STEP][PASSED] - takeScreenshot(screenPath + i + ".png"): Taking screenshot successfully

2019-12-02 00:26:04 - [MESSAGE][PASSED] - Taking screenshot successfully
[[ATTACHMENT|D:\\Test\\AgileTest\\Reports\\HIC\\hic\\20191202_002446\\../Screenshots/iPhone 6/HIC/Dental/National General/20191202_002514/6.png]]

2019-12-02 00:26:04 - [TEST_STEP][PASSED] - (internal.GlobalVariable.i++): null

2019-12-02 00:26:04 - [MESSAGE][PASSED] - Call Test Case 'Test Cases/mobileWeb/_include/get_screenshot' successfully

2019-12-02 00:26:04 - [TEST_STEP][PASSED] - setText(findTestObject("mobileSanity/Dental/app_page2/input__credit-card-first"), FirstName): Text 'Test-123' is set on object 'Object Repository/mobileSanity/Dental/app_page2/input__credit-card-first'

2019-12-02 00:26:04 - [MESSAGE][PASSED] - Text 'Test-123' is set on object 'Object Repository/mobileSanity/Dental/app_page2/input__credit-card-first'

2019-12-02 00:26:04 - [TEST_STEP][PASSED] - setText(findTestObject("mobileSanity/Dental/app_page2/input__credit-card-last"), LastName): Text 'ZZ11-yOVNfOxd' is set on object 'Object Repository/mobileSanity/Dental/app_page2/input__credit-card-last'

2019-12-02 00:26:04 - [MESSAGE][PASSED] - Text 'ZZ11-yOVNfOxd' is set on object 'Object Repository/mobileSanity/Dental/app_page2/input__credit-card-last'

2019-12-02 00:26:04 - [TEST_STEP][PASSED] - selectOptionByValue(findTestObject("mobileSanity/Dental/app_page2/select_MM010203040506070809101"), "12", true): All options with value '12' are selected in object 'Object Repository/mobileSanity/Dental/app_page2/select_MM010203040506070809101'  using regular expression

2019-12-02 00:26:04 - [MESSAGE][PASSED] - All options with value '12' are selected in object 'Object Repository/mobileSanity/Dental/app_page2/select_MM010203040506070809101'  using regular expression

2019-12-02 00:26:04 - [TEST_STEP][PASSED] - selectOptionByValue(findTestObject("mobileSanity/Dental/app_page2/select_YYYY2019202020212022202"), "2026", true): All options with value '2026' are selected in object 'Object Repository/mobileSanity/Dental/app_page2/select_YYYY2019202020212022202'  using regular expression

2019-12-02 00:26:04 - [MESSAGE][PASSED] - All options with value '2026' are selected in object 'Object Repository/mobileSanity/Dental/app_page2/select_YYYY2019202020212022202'  using regular expression

2019-12-02 00:26:04 - [TEST_STEP][PASSED] - setText(findTestObject("mobileSanity/Dental/app_page2/input__credit-card-number"), "4111111111111111"): Text '4111111111111111' is set on object 'Object Repository/mobileSanity/Dental/app_page2/input__credit-card-number'

2019-12-02 00:26:05 - [MESSAGE][PASSED] - Text '4111111111111111' is set on object 'Object Repository/mobileSanity/Dental/app_page2/input__credit-card-number'

2019-12-02 00:26:05 - [TEST_STEP][PASSED] - setText(findTestObject("mobileSanity/Dental/app_page2/input__cvv"), "123"): Text '123' is set on object 'Object Repository/mobileSanity/Dental/app_page2/input__cvv'

2019-12-02 00:26:05 - [MESSAGE][PASSED] - Text '123' is set on object 'Object Repository/mobileSanity/Dental/app_page2/input__cvv'

2019-12-02 00:26:05 - [TEST_STEP][PASSED] - click(findTestObject("mobileSanity/Dental/app_page2/label_My billing address is th")): Object: 'Object Repository/mobileSanity/Dental/app_page2/label_My billing address is th' is clicked on

2019-12-02 00:26:05 - [MESSAGE][PASSED] - Object: 'Object Repository/mobileSanity/Dental/app_page2/label_My billing address is th' is clicked on

2019-12-02 00:26:05 - [TEST_STEP][PASSED] - click(findTestObject("mobileSanity/Dental/app_page2/label_I Accept Authorization f")): Object: 'Object Repository/mobileSanity/Dental/app_page2/label_I Accept Authorization f' is clicked on

2019-12-02 00:26:05 - [MESSAGE][PASSED] - Object: 'Object Repository/mobileSanity/Dental/app_page2/label_I Accept Authorization f' is clicked on

2019-12-02 00:26:05 - [TEST_STEP][PASSED] - click(findTestObject("mobileSanity/Dental/app_page2/a_Continue to Step 3 - Review")): Object: 'Object Repository/mobileSanity/Dental/app_page2/a_Continue to Step 3 - Review' is clicked on

2019-12-02 00:26:05 - [MESSAGE][PASSED] - Object: 'Object Repository/mobileSanity/Dental/app_page2/a_Continue to Step 3 - Review' is clicked on

2019-12-02 00:26:05 - [TEST_STEP][PASSED] - waitForPageLoad(20): Wait for page load successfully

2019-12-02 00:26:05 - [MESSAGE][PASSED] - Wait for page load successfully

2019-12-02 00:26:05 - [TEST_STEP][PASSED] - Thread.sleep(2000): null

2019-12-02 00:26:07 - [TEST_STEP][PASSED] - waitForElementClickable(findTestObject("mobileSanity/Dental/app_page3/label"), 20): Object 'Object Repository/mobileSanity/Dental/app_page3/label' is clickable

2019-12-02 00:26:07 - [MESSAGE][PASSED] - Object 'Object Repository/mobileSanity/Dental/app_page3/label' is clickable

2019-12-02 00:26:07 - [TEST_STEP][PASSED] - callTestCase(findTestCase("mobileWeb/_include/get_screenshot"), [:], STOP_ON_FAILURE): Call Test Case 'Test Cases/mobileWeb/_include/get_screenshot' successfully

2019-12-02 00:26:07 - [TEST_CASE][PASSED] - Test Cases/mobileWeb/_include/get_screenshot: Test Cases/mobileWeb/_include/get_screenshot

2019-12-02 00:26:07 - [TEST_STEP][PASSED] - takeScreenshot(screenPath + i + ".png"): Taking screenshot successfully

2019-12-02 00:26:08 - [MESSAGE][PASSED] - Taking screenshot successfully
[[ATTACHMENT|D:\\Test\\AgileTest\\Reports\\HIC\\hic\\20191202_002446\\../Screenshots/iPhone 6/HIC/Dental/National General/20191202_002514/7.png]]

2019-12-02 00:26:08 - [TEST_STEP][PASSED] - (internal.GlobalVariable.i++): null

2019-12-02 00:26:08 - [MESSAGE][PASSED] - Call Test Case 'Test Cases/mobileWeb/_include/get_screenshot' successfully

2019-12-02 00:26:08 - [TEST_STEP][PASSED] - click(findTestObject("mobileSanity/Dental/app_page3/label")): Object: 'Object Repository/mobileSanity/Dental/app_page3/label' is clicked on

2019-12-02 00:26:08 - [MESSAGE][PASSED] - Object: 'Object Repository/mobileSanity/Dental/app_page3/label' is clicked on

2019-12-02 00:26:08 - [TEST_STEP][PASSED] - click(findTestObject("mobileSanity/Dental/app_page3/p_CLICK TO SIGN")): Object: 'Object Repository/mobileSanity/Dental/app_page3/p_CLICK TO SIGN' is clicked on

2019-12-02 00:26:08 - [MESSAGE][PASSED] - Object: 'Object Repository/mobileSanity/Dental/app_page3/p_CLICK TO SIGN' is clicked on

2019-12-02 00:26:08 - [TEST_STEP][PASSED] - click(findTestObject("mobileSanity/Dental/app_page3/a_Submit Your Application")): Object: 'Object Repository/mobileSanity/Dental/app_page3/a_Submit Your Application' is clicked on

2019-12-02 00:26:08 - [MESSAGE][PASSED] - Object: 'Object Repository/mobileSanity/Dental/app_page3/a_Submit Your Application' is clicked on

2019-12-02 00:26:08 - [TEST_STEP][PASSED] - Thread.sleep(50000): null

2019-12-02 00:26:58 - [TEST_STEP][PASSED] - waitForElementPresent(findTestObject("mobileSanity/Dental/app_page4/js-app-confirmation"), 20): Object 'Object Repository/mobileSanity/Dental/app_page4/js-app-confirmation' is not present after 20 second(s)

2019-12-02 00:27:19 - [MESSAGE][INFO] - Unable to find the element located by 'By.xpath: //*[@id = 'js-app-confirmation']'. Please recheck the objects properties to make sure the desired element is located. 

2019-12-02 00:27:19 - [MESSAGE][WARNING] - Object 'Object Repository/mobileSanity/Dental/app_page4/js-app-confirmation' is not present after 20 second(s)

2019-12-02 00:27:19 - [TEST_STEP][PASSED] - callTestCase(findTestCase("mobileWeb/_include/get_screenshot"), [:], STOP_ON_FAILURE): Call Test Case 'Test Cases/mobileWeb/_include/get_screenshot' successfully

2019-12-02 00:27:19 - [TEST_CASE][PASSED] - Test Cases/mobileWeb/_include/get_screenshot: Test Cases/mobileWeb/_include/get_screenshot

2019-12-02 00:27:19 - [TEST_STEP][PASSED] - takeScreenshot(screenPath + i + ".png"): Taking screenshot successfully

2019-12-02 00:27:19 - [MESSAGE][PASSED] - Taking screenshot successfully
[[ATTACHMENT|D:\\Test\\AgileTest\\Reports\\HIC\\hic\\20191202_002446\\../Screenshots/iPhone 6/HIC/Dental/National General/20191202_002514/8.png]]

2019-12-02 00:27:19 - [TEST_STEP][PASSED] - (internal.GlobalVariable.i++): null

2019-12-02 00:27:19 - [MESSAGE][PASSED] - Call Test Case 'Test Cases/mobileWeb/_include/get_screenshot' successfully

2019-12-02 00:27:19 - [MESSAGE][PASSED] - Call Test Case 'Test Cases/mobileWeb/_include/goToEnd_dental' successfully]]></system-out>
         <system-err><![CDATA[]]></system-err>
      </testcase>
      <testcase name="Test Cases/HIC/Dental/USA Access" classname="Test Cases/HIC/Dental/USA Access" status="PASSED">
         <system-out><![CDATA[2019-12-02 00:27:19 - [TEST_CASE][PASSED] - Test Cases/HIC/Dental/USA Access: Test Cases/HIC/Dental/USA Access

2019-12-02 00:27:19 - [TEST_STEP][PASSED] - callTestCase(findTestCase("HIC/_include/get_hicScreenPath"), ["project":"HIC", "productLine":"Dental", "carrierName":"USA Access"], CONTINUE_ON_FAILURE): Call Test Case 'Test Cases/HIC/_include/get_hicScreenPath' successfully

2019-12-02 00:27:19 - [TEST_CASE][PASSED] - Test Cases/HIC/_include/get_hicScreenPath: Test Cases/HIC/_include/get_hicScreenPath

2019-12-02 00:27:19 - [TEST_STEP][PASSED] - m = getExecutionProperties(): null

2019-12-02 00:27:19 - [TEST_STEP][PASSED] - deviceName = get("mobileEmulation").get("deviceName"): null

2019-12-02 00:27:19 - [TEST_STEP][PASSED] - println(deviceName): null

2019-12-02 00:27:19 - [TEST_STEP][PASSED] - now = new java.util.Date(): null

2019-12-02 00:27:19 - [TEST_STEP][PASSED] - mydate = now.format("yyyyMMdd_HHmmss"): null

2019-12-02 00:27:19 - [TEST_STEP][PASSED] - screenPath = "../Screenshots/": null

2019-12-02 00:27:19 - [TEST_STEP][PASSED] - screenPath = screenPath + deviceName + "/" + project + "/" + productLine + "/" + carrierName + "/" + mydate + "/": null

2019-12-02 00:27:19 - [TEST_STEP][PASSED] - println(screenPath): null

2019-12-02 00:27:19 - [MESSAGE][PASSED] - Call Test Case 'Test Cases/HIC/_include/get_hicScreenPath' successfully

2019-12-02 00:27:19 - [TEST_STEP][PASSED] - i = 0: null

2019-12-02 00:27:19 - [TEST_STEP][PASSED] - callTestCase(findTestCase("mobileWeb/_include/openWebSite"), ["env":"https://qa.healthinsurance.com/"], CONTINUE_ON_FAILURE): Call Test Case 'Test Cases/mobileWeb/_include/openWebSite' successfully

2019-12-02 00:27:19 - [TEST_CASE][PASSED] - Test Cases/mobileWeb/_include/openWebSite: Test Cases/mobileWeb/_include/openWebSite

2019-12-02 00:27:19 - [TEST_STEP][PASSED] - openBrowser(env): Browser is opened with url: 'https://qa.healthinsurance.com/'

2019-12-02 00:27:19 - [MESSAGE][WARNING] - A browser is already opened. Closing browser and opening a new one

2019-12-02 00:27:20 - [MESSAGE][INFO] - Starting 'Chrome' driver

2019-12-02 00:27:20 - [MESSAGE][INFO] - User set preference: ['mobileEmulation', '{deviceName=iPhone 6}']

2019-12-02 00:27:20 - [MESSAGE][INFO] - User set preference: ['args', '[--incognito, --aggressive-cache-discard, --window-size=375,677, --no-sandbox]']

2019-12-02 00:27:22 - [MESSAGE][PASSED] - Browser is opened with url: 'https://qa.healthinsurance.com/'

2019-12-02 00:27:22 - [TEST_STEP][PASSED] - waitForPageLoad(20): Wait for page load successfully

2019-12-02 00:27:22 - [MESSAGE][PASSED] - Wait for page load successfully

2019-12-02 00:27:22 - [TEST_STEP][PASSED] - callTestCase(findTestCase("mobileWeb/_include/get_screenshot"), [:], STOP_ON_FAILURE): Call Test Case 'Test Cases/mobileWeb/_include/get_screenshot' successfully

2019-12-02 00:27:23 - [TEST_CASE][PASSED] - Test Cases/mobileWeb/_include/get_screenshot: Test Cases/mobileWeb/_include/get_screenshot

2019-12-02 00:27:23 - [TEST_STEP][PASSED] - takeScreenshot(screenPath + i + ".png"): Taking screenshot successfully

2019-12-02 00:27:23 - [MESSAGE][PASSED] - Taking screenshot successfully
[[ATTACHMENT|D:\\Test\\AgileTest\\Reports\\HIC\\hic\\20191202_002446\\../Screenshots/iPhone 6/HIC/Dental/USA Access/20191202_002719/0.png]]

2019-12-02 00:27:23 - [TEST_STEP][PASSED] - (internal.GlobalVariable.i++): null

2019-12-02 00:27:23 - [MESSAGE][PASSED] - Call Test Case 'Test Cases/mobileWeb/_include/get_screenshot' successfully

2019-12-02 00:27:23 - [MESSAGE][PASSED] - Call Test Case 'Test Cases/mobileWeb/_include/openWebSite' successfully

2019-12-02 00:27:23 - [TEST_STEP][PASSED] - click(findTestObject("hic/nav/navButton")): Object: 'Object Repository/hic/nav/navButton' is clicked on

2019-12-02 00:27:23 - [MESSAGE][PASSED] - Object: 'Object Repository/hic/nav/navButton' is clicked on

2019-12-02 00:27:23 - [TEST_STEP][PASSED] - Thread.sleep(2000): null

2019-12-02 00:27:25 - [TEST_STEP][PASSED] - click(findTestObject("hic/nav/dentalLink")): Object: 'Object Repository/hic/nav/dentalLink' is clicked on

2019-12-02 00:27:25 - [MESSAGE][PASSED] - Object: 'Object Repository/hic/nav/dentalLink' is clicked on

2019-12-02 00:27:25 - [TEST_STEP][PASSED] - Thread.sleep(2000): null

2019-12-02 00:27:27 - [TEST_STEP][PASSED] - callTestCase(findTestCase("mobileWeb/_include/get_screenshot"), [:], STOP_ON_FAILURE): Call Test Case 'Test Cases/mobileWeb/_include/get_screenshot' successfully

2019-12-02 00:27:27 - [TEST_CASE][PASSED] - Test Cases/mobileWeb/_include/get_screenshot: Test Cases/mobileWeb/_include/get_screenshot

2019-12-02 00:27:27 - [TEST_STEP][PASSED] - takeScreenshot(screenPath + i + ".png"): Taking screenshot successfully

2019-12-02 00:27:28 - [MESSAGE][PASSED] - Taking screenshot successfully
[[ATTACHMENT|D:\\Test\\AgileTest\\Reports\\HIC\\hic\\20191202_002446\\../Screenshots/iPhone 6/HIC/Dental/USA Access/20191202_002719/1.png]]

2019-12-02 00:27:28 - [TEST_STEP][PASSED] - (internal.GlobalVariable.i++): null

2019-12-02 00:27:28 - [MESSAGE][PASSED] - Call Test Case 'Test Cases/mobileWeb/_include/get_screenshot' successfully

2019-12-02 00:27:28 - [TEST_STEP][PASSED] - callTestCase(findTestCase("HIC/_include/stm_census"), ["zipcode":"35215"], STOP_ON_FAILURE): Call Test Case 'Test Cases/HIC/_include/stm_census' successfully

2019-12-02 00:27:28 - [TEST_CASE][PASSED] - Test Cases/HIC/_include/stm_census: Test Cases/HIC/_include/stm_census

2019-12-02 00:27:28 - [TEST_STEP][PASSED] - setText(findTestObject("hic/stm/zip"), zipcode): Text '35215' is set on object 'Object Repository/hic/stm/zip'

2019-12-02 00:27:28 - [MESSAGE][PASSED] - Text '35215' is set on object 'Object Repository/hic/stm/zip'

2019-12-02 00:27:28 - [TEST_STEP][PASSED] - Thread.sleep(500): null

2019-12-02 00:27:28 - [TEST_STEP][PASSED] - setText(findTestObject("hic/stm/primaryDOB"), "03031987"): Text '03031987' is set on object 'Object Repository/hic/stm/primaryDOB'

2019-12-02 00:27:29 - [MESSAGE][PASSED] - Text '03031987' is set on object 'Object Repository/hic/stm/primaryDOB'

2019-12-02 00:27:29 - [TEST_STEP][PASSED] - click(findTestObject("hic/stm/female")): Object: 'Object Repository/hic/stm/female' is clicked on

2019-12-02 00:27:29 - [MESSAGE][PASSED] - Object: 'Object Repository/hic/stm/female' is clicked on

2019-12-02 00:27:29 - [TEST_STEP][PASSED] - Thread.sleep(3000): null

2019-12-02 00:27:32 - [TEST_STEP][PASSED] - click(findTestObject("hic/stm/submitButton")): Object: 'Object Repository/hic/stm/submitButton' is clicked on

2019-12-02 00:27:32 - [MESSAGE][PASSED] - Object: 'Object Repository/hic/stm/submitButton' is clicked on

2019-12-02 00:27:32 - [TEST_STEP][PASSED] - Thread.sleep(6000): null

2019-12-02 00:27:38 - [TEST_STEP][PASSED] - callTestCase(findTestCase("mobileWeb/_include/get_screenshot"), [:], STOP_ON_FAILURE): Call Test Case 'Test Cases/mobileWeb/_include/get_screenshot' successfully

2019-12-02 00:27:38 - [TEST_CASE][PASSED] - Test Cases/mobileWeb/_include/get_screenshot: Test Cases/mobileWeb/_include/get_screenshot

2019-12-02 00:27:38 - [TEST_STEP][PASSED] - takeScreenshot(screenPath + i + ".png"): Taking screenshot successfully

2019-12-02 00:27:39 - [MESSAGE][PASSED] - Taking screenshot successfully
[[ATTACHMENT|D:\\Test\\AgileTest\\Reports\\HIC\\hic\\20191202_002446\\../Screenshots/iPhone 6/HIC/Dental/USA Access/20191202_002719/2.png]]

2019-12-02 00:27:39 - [TEST_STEP][PASSED] - (internal.GlobalVariable.i++): null

2019-12-02 00:27:39 - [MESSAGE][PASSED] - Call Test Case 'Test Cases/mobileWeb/_include/get_screenshot' successfully

2019-12-02 00:27:39 - [TEST_STEP][PASSED] - Thread.sleep(1000): null

2019-12-02 00:27:40 - [MESSAGE][PASSED] - Call Test Case 'Test Cases/HIC/_include/stm_census' successfully

2019-12-02 00:27:40 - [TEST_STEP][PASSED] - click(findTestObject("mobileSanity/Dental/filter/btn_filter")): Object: 'Object Repository/mobileSanity/Dental/filter/btn_filter' is clicked on

2019-12-02 00:27:40 - [MESSAGE][PASSED] - Object: 'Object Repository/mobileSanity/Dental/filter/btn_filter' is clicked on

2019-12-02 00:27:40 - [TEST_STEP][PASSED] - waitForElementVisible(findTestObject("mobileSanity/Dental/filter/btn_company"), 10): Object 'Object Repository/mobileSanity/Dental/filter/btn_company' is visible

2019-12-02 00:27:40 - [MESSAGE][PASSED] - Object 'Object Repository/mobileSanity/Dental/filter/btn_company' is visible

2019-12-02 00:27:40 - [TEST_STEP][PASSED] - click(findTestObject("mobileSanity/Dental/filter/btn_company")): Object: 'Object Repository/mobileSanity/Dental/filter/btn_company' is clicked on

2019-12-02 00:27:40 - [MESSAGE][PASSED] - Object: 'Object Repository/mobileSanity/Dental/filter/btn_company' is clicked on

2019-12-02 00:27:40 - [TEST_STEP][PASSED] - Thread.sleep(2000): null

2019-12-02 00:27:42 - [TEST_STEP][PASSED] - click(findTestObject("mobileSanity/Dental/filter/btn_usa")): Object: 'Object Repository/mobileSanity/Dental/filter/btn_usa' is clicked on

2019-12-02 00:27:42 - [MESSAGE][PASSED] - Object: 'Object Repository/mobileSanity/Dental/filter/btn_usa' is clicked on

2019-12-02 00:27:42 - [TEST_STEP][PASSED] - waitForJQueryLoad(20, STOP_ON_FAILURE): jQuery is ready.

2019-12-02 00:27:43 - [MESSAGE][PASSED] - jQuery is ready.

2019-12-02 00:27:43 - [TEST_STEP][PASSED] - callTestCase(findTestCase("mobileWeb/_include/get_screenshot"), [:], STOP_ON_FAILURE): Call Test Case 'Test Cases/mobileWeb/_include/get_screenshot' successfully

2019-12-02 00:27:43 - [TEST_CASE][PASSED] - Test Cases/mobileWeb/_include/get_screenshot: Test Cases/mobileWeb/_include/get_screenshot

2019-12-02 00:27:43 - [TEST_STEP][PASSED] - takeScreenshot(screenPath + i + ".png"): Taking screenshot successfully

2019-12-02 00:27:43 - [MESSAGE][PASSED] - Taking screenshot successfully
[[ATTACHMENT|D:\\Test\\AgileTest\\Reports\\HIC\\hic\\20191202_002446\\../Screenshots/iPhone 6/HIC/Dental/USA Access/20191202_002719/3.png]]

2019-12-02 00:27:43 - [TEST_STEP][PASSED] - (internal.GlobalVariable.i++): null

2019-12-02 00:27:43 - [MESSAGE][PASSED] - Call Test Case 'Test Cases/mobileWeb/_include/get_screenshot' successfully

2019-12-02 00:27:43 - [TEST_STEP][PASSED] - click(findTestObject("mobileSanity/Dental/filter/btn_filter")): Object: 'Object Repository/mobileSanity/Dental/filter/btn_filter' is clicked on

2019-12-02 00:27:43 - [MESSAGE][PASSED] - Object: 'Object Repository/mobileSanity/Dental/filter/btn_filter' is clicked on

2019-12-02 00:27:43 - [TEST_STEP][PASSED] - Thread.sleep(2000): null

2019-12-02 00:27:45 - [TEST_STEP][PASSED] - scrollToPosition(0, 600): Browser is scrolled to position x = 0, y = 600

2019-12-02 00:27:45 - [MESSAGE][PASSED] - Browser is scrolled to position x = 0, y = 600

2019-12-02 00:27:45 - [TEST_STEP][PASSED] - Thread.sleep(2000): null

2019-12-02 00:27:47 - [TEST_STEP][PASSED] - click(findTestObject("mobileSanity/Dental/quote/a_Select This Plan")): Object: 'Object Repository/mobileSanity/Dental/quote/a_Select This Plan' is clicked on

2019-12-02 00:27:48 - [MESSAGE][PASSED] - Object: 'Object Repository/mobileSanity/Dental/quote/a_Select This Plan' is clicked on

2019-12-02 00:27:48 - [TEST_STEP][PASSED] - waitForPageLoad(10): Wait for page load successfully

2019-12-02 00:27:48 - [MESSAGE][PASSED] - Wait for page load successfully

2019-12-02 00:27:48 - [TEST_STEP][PASSED] - callTestCase(findTestCase("mobileWeb/_include/get_screenshot"), [:], STOP_ON_FAILURE): Call Test Case 'Test Cases/mobileWeb/_include/get_screenshot' successfully

2019-12-02 00:27:48 - [TEST_CASE][PASSED] - Test Cases/mobileWeb/_include/get_screenshot: Test Cases/mobileWeb/_include/get_screenshot

2019-12-02 00:27:48 - [TEST_STEP][PASSED] - takeScreenshot(screenPath + i + ".png"): Taking screenshot successfully

2019-12-02 00:27:49 - [MESSAGE][PASSED] - Taking screenshot successfully
[[ATTACHMENT|D:\\Test\\AgileTest\\Reports\\HIC\\hic\\20191202_002446\\../Screenshots/iPhone 6/HIC/Dental/USA Access/20191202_002719/4.png]]

2019-12-02 00:27:49 - [TEST_STEP][PASSED] - (internal.GlobalVariable.i++): null

2019-12-02 00:27:49 - [MESSAGE][PASSED] - Call Test Case 'Test Cases/mobileWeb/_include/get_screenshot' successfully

2019-12-02 00:27:49 - [TEST_STEP][PASSED] - Thread.sleep(2000): null

2019-12-02 00:27:51 - [TEST_STEP][PASSED] - click(findTestObject("mobileSanity/Dental/apply/span_Start Secure Application")): Object: 'Object Repository/mobileSanity/Dental/apply/span_Start Secure Application' is clicked on

2019-12-02 00:27:51 - [MESSAGE][PASSED] - Object: 'Object Repository/mobileSanity/Dental/apply/span_Start Secure Application' is clicked on

2019-12-02 00:27:51 - [TEST_STEP][PASSED] - waitForPageLoad(10): Wait for page load successfully

2019-12-02 00:27:51 - [MESSAGE][PASSED] - Wait for page load successfully

2019-12-02 00:27:51 - [TEST_STEP][PASSED] - Thread.sleep(2000): null

2019-12-02 00:27:53 - [TEST_STEP][PASSED] - callTestCase(findTestCase("mobileWeb/_include/get_screenshot"), [:], STOP_ON_FAILURE): Call Test Case 'Test Cases/mobileWeb/_include/get_screenshot' successfully

2019-12-02 00:27:53 - [TEST_CASE][PASSED] - Test Cases/mobileWeb/_include/get_screenshot: Test Cases/mobileWeb/_include/get_screenshot

2019-12-02 00:27:53 - [TEST_STEP][PASSED] - takeScreenshot(screenPath + i + ".png"): Taking screenshot successfully

2019-12-02 00:27:54 - [MESSAGE][PASSED] - Taking screenshot successfully
[[ATTACHMENT|D:\\Test\\AgileTest\\Reports\\HIC\\hic\\20191202_002446\\../Screenshots/iPhone 6/HIC/Dental/USA Access/20191202_002719/5.png]]

2019-12-02 00:27:54 - [TEST_STEP][PASSED] - (internal.GlobalVariable.i++): null

2019-12-02 00:27:54 - [MESSAGE][PASSED] - Call Test Case 'Test Cases/mobileWeb/_include/get_screenshot' successfully

2019-12-02 00:27:54 - [TEST_STEP][PASSED] - callTestCase(findTestCase("mobileWeb/_include/goToEnd_dental"), ["carrier":"usa"], CONTINUE_ON_FAILURE): Call Test Case 'Test Cases/mobileWeb/_include/goToEnd_dental' successfully

2019-12-02 00:27:54 - [TEST_CASE][PASSED] - Test Cases/mobileWeb/_include/goToEnd_dental: Test Cases/mobileWeb/_include/goToEnd_dental

2019-12-02 00:27:54 - [TEST_STEP][PASSED] - callTestCase(findTestCase("mobileWeb/_include/name"), [:], CONTINUE_ON_FAILURE): Call Test Case 'Test Cases/mobileWeb/_include/name' successfully

2019-12-02 00:27:54 - [TEST_CASE][PASSED] - Test Cases/mobileWeb/_include/name: Test Cases/mobileWeb/_include/name

2019-12-02 00:27:54 - [TEST_STEP][PASSED] - driver = getWebDriver(): null

2019-12-02 00:27:54 - [TEST_STEP][PASSED] - selenium = new com.thoughtworks.selenium.webdriven.WebDriverBackedSelenium(driver, internal.GlobalVariable.ENV): null

2019-12-02 00:27:54 - [TEST_STEP][PASSED] - FirstName = "Test-123": null

2019-12-02 00:27:54 - [TEST_STEP][PASSED] - LastName = selenium.getEval("{var x="ABCDEFGHIJKLMNOPQRSTUVWXYZabcdefghijklmnopqrstuvwxyz"; var tmp="ZZ11-"; for (i=0;i<8;i++) tmp+=x.charAt(Math.ceil(51*Math.random()));tmp;}"): null

2019-12-02 00:27:54 - [TEST_STEP][PASSED] - Address = selenium.getEval("{var x="ABCDEFGHIJKLMNOPQRSTUVWXYZabcdefghijklmnopqrstuvwxyz"; var tmp=""; for (i=0;i<8;i++) tmp+=x.charAt(Math.ceil(51*Math.random()));tmp;}"): null

2019-12-02 00:27:54 - [TEST_STEP][PASSED] - City = selenium.getEval("{var x="ABCDEFGHIJKLMNOPQRSTUVWXYZabcdefghijklmnopqrstuvwxyz"; var tmp=""; for (i=0;i<8;i++) tmp+=x.charAt(Math.ceil(51*Math.random()));tmp;}"): null

2019-12-02 00:27:54 - [TEST_STEP][PASSED] - tel1 = selenium.getEval("{var x="123456789"; var tmp=""; for (i=0;i<3;i++) tmp+=x.charAt(Math.ceil(8*Math.random()));tmp;}"): null

2019-12-02 00:27:54 - [TEST_STEP][PASSED] - tel2 = selenium.getEval("{var x="123456789"; var tmp=""; for (i=0;i<3;i++) tmp+=x.charAt(Math.ceil(8*Math.random()));tmp;}"): null

2019-12-02 00:27:54 - [TEST_STEP][PASSED] - tel3 = selenium.getEval("{var x="123456789"; var tmp=""; for (i=0;i<4;i++) tmp+=x.charAt(Math.ceil(8*Math.random()));tmp;}"): null

2019-12-02 00:27:54 - [TEST_STEP][PASSED] - Tel = selenium.getExpression(tel1 + "-" + tel2 + "-" + tel3): null

2019-12-02 00:27:54 - [TEST_STEP][PASSED] - AutoEmail = selenium.getEval("{var x="ABCDEFGHIJKLMNOPQRSTUVWXYZabcdefghijklmnopqrstuvwxyz"; var tmp="test."; for (i=0;i<8;i++) tmp+=x.charAt(Math.ceil(51*Math.random()));tmp+="@suryani.cn";}"): null

2019-12-02 00:27:54 - [TEST_STEP][PASSED] - FirstName = FirstName: null

2019-12-02 00:27:54 - [TEST_STEP][PASSED] - LastName = LastName: null

2019-12-02 00:27:54 - [TEST_STEP][PASSED] - Address = Address: null

2019-12-02 00:27:54 - [TEST_STEP][PASSED] - City = City: null

2019-12-02 00:27:54 - [TEST_STEP][PASSED] - Tel = Tel: null

2019-12-02 00:27:54 - [TEST_STEP][PASSED] - AutoEmail = AutoEmail: null

2019-12-02 00:27:54 - [TEST_STEP][PASSED] - println(FirstName): null

2019-12-02 00:27:54 - [TEST_STEP][PASSED] - println(LastName): null

2019-12-02 00:27:54 - [TEST_STEP][PASSED] - println(Address): null

2019-12-02 00:27:54 - [TEST_STEP][PASSED] - println(City): null

2019-12-02 00:27:54 - [TEST_STEP][PASSED] - println(Tel): null

2019-12-02 00:27:54 - [TEST_STEP][PASSED] - println(AutoEmail): null

2019-12-02 00:27:54 - [MESSAGE][PASSED] - Call Test Case 'Test Cases/mobileWeb/_include/name' successfully

2019-12-02 00:27:54 - [TEST_STEP][PASSED] - Thread.sleep(3000): null

2019-12-02 00:27:57 - [TEST_STEP][PASSED] - setText(findTestObject("mobileSanity/Dental/app_page1/input__member-P-1-firstName"), FirstName): Text 'Test-123' is set on object 'Object Repository/mobileSanity/Dental/app_page1/input__member-P-1-firstName'

2019-12-02 00:27:57 - [MESSAGE][PASSED] - Text 'Test-123' is set on object 'Object Repository/mobileSanity/Dental/app_page1/input__member-P-1-firstName'

2019-12-02 00:27:57 - [TEST_STEP][PASSED] - setText(findTestObject("mobileSanity/Dental/app_page1/input__member-P-1-lastName"), LastName): Text 'ZZ11-GITPfdOM' is set on object 'Object Repository/mobileSanity/Dental/app_page1/input__member-P-1-lastName'

2019-12-02 00:27:57 - [MESSAGE][PASSED] - Text 'ZZ11-GITPfdOM' is set on object 'Object Repository/mobileSanity/Dental/app_page1/input__member-P-1-lastName'

2019-12-02 00:27:57 - [TEST_STEP][PASSED] - setText(findTestObject("mobileSanity/Dental/app_page1/input__address"), Address): Text 'Sjemdvnb' is set on object 'Object Repository/mobileSanity/Dental/app_page1/input__address'

2019-12-02 00:27:58 - [MESSAGE][PASSED] - Text 'Sjemdvnb' is set on object 'Object Repository/mobileSanity/Dental/app_page1/input__address'

2019-12-02 00:27:58 - [TEST_STEP][PASSED] - setText(findTestObject("mobileSanity/Dental/app_page1/input__city"), City): Text 'ZfvcwlOo' is set on object 'Object Repository/mobileSanity/Dental/app_page1/input__city'

2019-12-02 00:27:58 - [MESSAGE][PASSED] - Text 'ZfvcwlOo' is set on object 'Object Repository/mobileSanity/Dental/app_page1/input__city'

2019-12-02 00:27:58 - [TEST_STEP][PASSED] - setText(findTestObject("mobileSanity/Dental/app_page1/input__email"), AutoEmail): Text 'test.ChUblNPU@suryani.cn' is set on object 'Object Repository/mobileSanity/Dental/app_page1/input__email'

2019-12-02 00:27:58 - [MESSAGE][PASSED] - Text 'test.ChUblNPU@suryani.cn' is set on object 'Object Repository/mobileSanity/Dental/app_page1/input__email'

2019-12-02 00:27:58 - [TEST_STEP][PASSED] - setText(findTestObject("mobileSanity/Dental/app_page1/input_phone"), Tel): Text '339-688-4438' is set on object 'Object Repository/mobileSanity/Dental/app_page1/input_phone'

2019-12-02 00:27:58 - [MESSAGE][PASSED] - Text '339-688-4438' is set on object 'Object Repository/mobileSanity/Dental/app_page1/input_phone'

2019-12-02 00:27:58 - [TEST_STEP][PASSED] - click(findTestObject("mobileSanity/Dental/app_page1/a_Continue to Step 2 - Payment")): Object: 'Object Repository/mobileSanity/Dental/app_page1/a_Continue to Step 2 - Payment' is clicked on

2019-12-02 00:27:58 - [MESSAGE][PASSED] - Object: 'Object Repository/mobileSanity/Dental/app_page1/a_Continue to Step 2 - Payment' is clicked on

2019-12-02 00:27:58 - [TEST_STEP][PASSED] - waitForPageLoad(10): Wait for page load successfully

2019-12-02 00:27:58 - [MESSAGE][PASSED] - Wait for page load successfully

2019-12-02 00:27:58 - [TEST_STEP][PASSED] - Thread.sleep(2000): null

2019-12-02 00:28:00 - [TEST_STEP][PASSED] - if (carrier == "usa"): null

2019-12-02 00:28:00 - [TEST_STEP][PASSED] - callTestCase(findTestCase("mobileWeb/_include/get_screenshot"), [:], STOP_ON_FAILURE): Call Test Case 'Test Cases/mobileWeb/_include/get_screenshot' successfully

2019-12-02 00:28:00 - [TEST_CASE][PASSED] - Test Cases/mobileWeb/_include/get_screenshot: Test Cases/mobileWeb/_include/get_screenshot

2019-12-02 00:28:00 - [TEST_STEP][PASSED] - takeScreenshot(screenPath + i + ".png"): Taking screenshot successfully

2019-12-02 00:28:01 - [MESSAGE][PASSED] - Taking screenshot successfully
[[ATTACHMENT|D:\\Test\\AgileTest\\Reports\\HIC\\hic\\20191202_002446\\../Screenshots/iPhone 6/HIC/Dental/USA Access/20191202_002719/6.png]]

2019-12-02 00:28:01 - [TEST_STEP][PASSED] - (internal.GlobalVariable.i++): null

2019-12-02 00:28:01 - [MESSAGE][PASSED] - Call Test Case 'Test Cases/mobileWeb/_include/get_screenshot' successfully

2019-12-02 00:28:01 - [TEST_STEP][PASSED] - click(findTestObject("mobileSanity/Dental/app_page2/membership/label_ihaveread")): Object: 'Object Repository/mobileSanity/Dental/app_page2/membership/label_ihaveread' is clicked on

2019-12-02 00:28:01 - [MESSAGE][PASSED] - Object: 'Object Repository/mobileSanity/Dental/app_page2/membership/label_ihaveread' is clicked on

2019-12-02 00:28:01 - [TEST_STEP][PASSED] - click(findTestObject("mobileSanity/Dental/app_page2/membership/a_ok")): Object: 'Object Repository/mobileSanity/Dental/app_page2/membership/a_ok' is clicked on

2019-12-02 00:28:01 - [MESSAGE][PASSED] - Object: 'Object Repository/mobileSanity/Dental/app_page2/membership/a_ok' is clicked on

2019-12-02 00:28:01 - [TEST_STEP][PASSED] - Thread.sleep(3000): null

2019-12-02 00:28:04 - [TEST_STEP][PASSED] - callTestCase(findTestCase("mobileWeb/_include/get_screenshot"), [:], STOP_ON_FAILURE): Call Test Case 'Test Cases/mobileWeb/_include/get_screenshot' successfully

2019-12-02 00:28:04 - [TEST_CASE][PASSED] - Test Cases/mobileWeb/_include/get_screenshot: Test Cases/mobileWeb/_include/get_screenshot

2019-12-02 00:28:04 - [TEST_STEP][PASSED] - takeScreenshot(screenPath + i + ".png"): Taking screenshot successfully

2019-12-02 00:28:04 - [MESSAGE][PASSED] - Taking screenshot successfully
[[ATTACHMENT|D:\\Test\\AgileTest\\Reports\\HIC\\hic\\20191202_002446\\../Screenshots/iPhone 6/HIC/Dental/USA Access/20191202_002719/7.png]]

2019-12-02 00:28:04 - [TEST_STEP][PASSED] - (internal.GlobalVariable.i++): null

2019-12-02 00:28:04 - [MESSAGE][PASSED] - Call Test Case 'Test Cases/mobileWeb/_include/get_screenshot' successfully

2019-12-02 00:28:04 - [TEST_STEP][PASSED] - setText(findTestObject("mobileSanity/Dental/app_page2/input__credit-card-first"), FirstName): Text 'Test-123' is set on object 'Object Repository/mobileSanity/Dental/app_page2/input__credit-card-first'

2019-12-02 00:28:05 - [MESSAGE][PASSED] - Text 'Test-123' is set on object 'Object Repository/mobileSanity/Dental/app_page2/input__credit-card-first'

2019-12-02 00:28:05 - [TEST_STEP][PASSED] - setText(findTestObject("mobileSanity/Dental/app_page2/input__credit-card-last"), LastName): Text 'ZZ11-GITPfdOM' is set on object 'Object Repository/mobileSanity/Dental/app_page2/input__credit-card-last'

2019-12-02 00:28:05 - [MESSAGE][PASSED] - Text 'ZZ11-GITPfdOM' is set on object 'Object Repository/mobileSanity/Dental/app_page2/input__credit-card-last'

2019-12-02 00:28:05 - [TEST_STEP][PASSED] - selectOptionByValue(findTestObject("mobileSanity/Dental/app_page2/select_MM010203040506070809101"), "12", true): All options with value '12' are selected in object 'Object Repository/mobileSanity/Dental/app_page2/select_MM010203040506070809101'  using regular expression

2019-12-02 00:28:05 - [MESSAGE][PASSED] - All options with value '12' are selected in object 'Object Repository/mobileSanity/Dental/app_page2/select_MM010203040506070809101'  using regular expression

2019-12-02 00:28:05 - [TEST_STEP][PASSED] - selectOptionByValue(findTestObject("mobileSanity/Dental/app_page2/select_YYYY2019202020212022202"), "2026", true): All options with value '2026' are selected in object 'Object Repository/mobileSanity/Dental/app_page2/select_YYYY2019202020212022202'  using regular expression

2019-12-02 00:28:05 - [MESSAGE][PASSED] - All options with value '2026' are selected in object 'Object Repository/mobileSanity/Dental/app_page2/select_YYYY2019202020212022202'  using regular expression

2019-12-02 00:28:05 - [TEST_STEP][PASSED] - setText(findTestObject("mobileSanity/Dental/app_page2/input__credit-card-number"), "4111111111111111"): Text '4111111111111111' is set on object 'Object Repository/mobileSanity/Dental/app_page2/input__credit-card-number'

2019-12-02 00:28:06 - [MESSAGE][PASSED] - Text '4111111111111111' is set on object 'Object Repository/mobileSanity/Dental/app_page2/input__credit-card-number'

2019-12-02 00:28:06 - [TEST_STEP][PASSED] - setText(findTestObject("mobileSanity/Dental/app_page2/input__cvv"), "123"): Text '123' is set on object 'Object Repository/mobileSanity/Dental/app_page2/input__cvv'

2019-12-02 00:28:06 - [MESSAGE][PASSED] - Text '123' is set on object 'Object Repository/mobileSanity/Dental/app_page2/input__cvv'

2019-12-02 00:28:06 - [TEST_STEP][PASSED] - click(findTestObject("mobileSanity/Dental/app_page2/label_My billing address is th")): Object: 'Object Repository/mobileSanity/Dental/app_page2/label_My billing address is th' is clicked on

2019-12-02 00:28:06 - [MESSAGE][PASSED] - Object: 'Object Repository/mobileSanity/Dental/app_page2/label_My billing address is th' is clicked on

2019-12-02 00:28:06 - [TEST_STEP][PASSED] - click(findTestObject("mobileSanity/Dental/app_page2/label_I Accept Authorization f")): Object: 'Object Repository/mobileSanity/Dental/app_page2/label_I Accept Authorization f' is clicked on

2019-12-02 00:28:06 - [MESSAGE][PASSED] - Object: 'Object Repository/mobileSanity/Dental/app_page2/label_I Accept Authorization f' is clicked on

2019-12-02 00:28:06 - [TEST_STEP][PASSED] - click(findTestObject("mobileSanity/Dental/app_page2/a_Continue to Step 3 - Review")): Object: 'Object Repository/mobileSanity/Dental/app_page2/a_Continue to Step 3 - Review' is clicked on

2019-12-02 00:28:06 - [MESSAGE][PASSED] - Object: 'Object Repository/mobileSanity/Dental/app_page2/a_Continue to Step 3 - Review' is clicked on

2019-12-02 00:28:06 - [TEST_STEP][PASSED] - waitForPageLoad(20): Wait for page load successfully

2019-12-02 00:28:06 - [MESSAGE][PASSED] - Wait for page load successfully

2019-12-02 00:28:06 - [TEST_STEP][PASSED] - Thread.sleep(2000): null

2019-12-02 00:28:08 - [TEST_STEP][PASSED] - waitForElementClickable(findTestObject("mobileSanity/Dental/app_page3/label"), 20): Object 'Object Repository/mobileSanity/Dental/app_page3/label' is clickable

2019-12-02 00:28:17 - [MESSAGE][PASSED] - Object 'Object Repository/mobileSanity/Dental/app_page3/label' is clickable

2019-12-02 00:28:17 - [TEST_STEP][PASSED] - callTestCase(findTestCase("mobileWeb/_include/get_screenshot"), [:], STOP_ON_FAILURE): Call Test Case 'Test Cases/mobileWeb/_include/get_screenshot' successfully

2019-12-02 00:28:17 - [TEST_CASE][PASSED] - Test Cases/mobileWeb/_include/get_screenshot: Test Cases/mobileWeb/_include/get_screenshot

2019-12-02 00:28:17 - [TEST_STEP][PASSED] - takeScreenshot(screenPath + i + ".png"): Taking screenshot successfully

2019-12-02 00:28:17 - [MESSAGE][PASSED] - Taking screenshot successfully
[[ATTACHMENT|D:\\Test\\AgileTest\\Reports\\HIC\\hic\\20191202_002446\\../Screenshots/iPhone 6/HIC/Dental/USA Access/20191202_002719/8.png]]

2019-12-02 00:28:17 - [TEST_STEP][PASSED] - (internal.GlobalVariable.i++): null

2019-12-02 00:28:17 - [MESSAGE][PASSED] - Call Test Case 'Test Cases/mobileWeb/_include/get_screenshot' successfully

2019-12-02 00:28:17 - [TEST_STEP][PASSED] - click(findTestObject("mobileSanity/Dental/app_page3/label")): Object: 'Object Repository/mobileSanity/Dental/app_page3/label' is clicked on

2019-12-02 00:28:17 - [MESSAGE][PASSED] - Object: 'Object Repository/mobileSanity/Dental/app_page3/label' is clicked on

2019-12-02 00:28:17 - [TEST_STEP][PASSED] - click(findTestObject("mobileSanity/Dental/app_page3/p_CLICK TO SIGN")): Object: 'Object Repository/mobileSanity/Dental/app_page3/p_CLICK TO SIGN' is clicked on

2019-12-02 00:28:17 - [MESSAGE][PASSED] - Object: 'Object Repository/mobileSanity/Dental/app_page3/p_CLICK TO SIGN' is clicked on

2019-12-02 00:28:17 - [TEST_STEP][PASSED] - click(findTestObject("mobileSanity/Dental/app_page3/a_Submit Your Application")): Object: 'Object Repository/mobileSanity/Dental/app_page3/a_Submit Your Application' is clicked on

2019-12-02 00:28:17 - [MESSAGE][PASSED] - Object: 'Object Repository/mobileSanity/Dental/app_page3/a_Submit Your Application' is clicked on

2019-12-02 00:28:17 - [TEST_STEP][PASSED] - Thread.sleep(50000): null

2019-12-02 00:29:07 - [TEST_STEP][PASSED] - waitForElementPresent(findTestObject("mobileSanity/Dental/app_page4/js-app-confirmation"), 20): Object 'Object Repository/mobileSanity/Dental/app_page4/js-app-confirmation' is present

2019-12-02 00:29:07 - [MESSAGE][PASSED] - Object 'Object Repository/mobileSanity/Dental/app_page4/js-app-confirmation' is present

2019-12-02 00:29:07 - [TEST_STEP][PASSED] - callTestCase(findTestCase("mobileWeb/_include/get_screenshot"), [:], STOP_ON_FAILURE): Call Test Case 'Test Cases/mobileWeb/_include/get_screenshot' successfully

2019-12-02 00:29:07 - [TEST_CASE][PASSED] - Test Cases/mobileWeb/_include/get_screenshot: Test Cases/mobileWeb/_include/get_screenshot

2019-12-02 00:29:07 - [TEST_STEP][PASSED] - takeScreenshot(screenPath + i + ".png"): Taking screenshot successfully

2019-12-02 00:29:08 - [MESSAGE][PASSED] - Taking screenshot successfully
[[ATTACHMENT|D:\\Test\\AgileTest\\Reports\\HIC\\hic\\20191202_002446\\../Screenshots/iPhone 6/HIC/Dental/USA Access/20191202_002719/9.png]]

2019-12-02 00:29:08 - [TEST_STEP][PASSED] - (internal.GlobalVariable.i++): null

2019-12-02 00:29:08 - [MESSAGE][PASSED] - Call Test Case 'Test Cases/mobileWeb/_include/get_screenshot' successfully

2019-12-02 00:29:08 - [MESSAGE][PASSED] - Call Test Case 'Test Cases/mobileWeb/_include/goToEnd_dental' successfully]]></system-out>
         <system-err><![CDATA[]]></system-err>
      </testcase>
      <testcase name="Test Cases/HIC/HBI/Agile One" classname="Test Cases/HIC/HBI/Agile One" status="PASSED">
         <system-out><![CDATA[2019-12-02 00:29:08 - [TEST_CASE][PASSED] - Test Cases/HIC/HBI/Agile One: Test Cases/HIC/HBI/Agile One

2019-12-02 00:29:08 - [TEST_STEP][PASSED] - callTestCase(findTestCase("HIC/_include/get_hicScreenPath"), ["project":"HIC", "productLine":"HBI", "carrierName":"Agile One"], CONTINUE_ON_FAILURE): Call Test Case 'Test Cases/HIC/_include/get_hicScreenPath' successfully

2019-12-02 00:29:08 - [TEST_CASE][PASSED] - Test Cases/HIC/_include/get_hicScreenPath: Test Cases/HIC/_include/get_hicScreenPath

2019-12-02 00:29:08 - [TEST_STEP][PASSED] - m = getExecutionProperties(): null

2019-12-02 00:29:08 - [TEST_STEP][PASSED] - deviceName = get("mobileEmulation").get("deviceName"): null

2019-12-02 00:29:08 - [TEST_STEP][PASSED] - println(deviceName): null

2019-12-02 00:29:08 - [TEST_STEP][PASSED] - now = new java.util.Date(): null

2019-12-02 00:29:08 - [TEST_STEP][PASSED] - mydate = now.format("yyyyMMdd_HHmmss"): null

2019-12-02 00:29:08 - [TEST_STEP][PASSED] - screenPath = "../Screenshots/": null

2019-12-02 00:29:08 - [TEST_STEP][PASSED] - screenPath = screenPath + deviceName + "/" + project + "/" + productLine + "/" + carrierName + "/" + mydate + "/": null

2019-12-02 00:29:08 - [TEST_STEP][PASSED] - println(screenPath): null

2019-12-02 00:29:08 - [MESSAGE][PASSED] - Call Test Case 'Test Cases/HIC/_include/get_hicScreenPath' successfully

2019-12-02 00:29:08 - [TEST_STEP][PASSED] - i = 0: null

2019-12-02 00:29:08 - [TEST_STEP][PASSED] - callTestCase(findTestCase("mobileWeb/_include/openWebSite"), ["env":"https://qa.healthinsurance.com/"], CONTINUE_ON_FAILURE): Call Test Case 'Test Cases/mobileWeb/_include/openWebSite' successfully

2019-12-02 00:29:08 - [TEST_CASE][PASSED] - Test Cases/mobileWeb/_include/openWebSite: Test Cases/mobileWeb/_include/openWebSite

2019-12-02 00:29:08 - [TEST_STEP][PASSED] - openBrowser(env): Browser is opened with url: 'https://qa.healthinsurance.com/'

2019-12-02 00:29:08 - [MESSAGE][WARNING] - A browser is already opened. Closing browser and opening a new one

2019-12-02 00:29:09 - [MESSAGE][INFO] - Starting 'Chrome' driver

2019-12-02 00:29:09 - [MESSAGE][INFO] - User set preference: ['mobileEmulation', '{deviceName=iPhone 6}']

2019-12-02 00:29:09 - [MESSAGE][INFO] - User set preference: ['args', '[--incognito, --aggressive-cache-discard, --window-size=375,677, --no-sandbox]']

2019-12-02 00:29:11 - [MESSAGE][PASSED] - Browser is opened with url: 'https://qa.healthinsurance.com/'

2019-12-02 00:29:11 - [TEST_STEP][PASSED] - waitForPageLoad(20): Wait for page load successfully

2019-12-02 00:29:11 - [MESSAGE][PASSED] - Wait for page load successfully

2019-12-02 00:29:11 - [TEST_STEP][PASSED] - callTestCase(findTestCase("mobileWeb/_include/get_screenshot"), [:], STOP_ON_FAILURE): Call Test Case 'Test Cases/mobileWeb/_include/get_screenshot' successfully

2019-12-02 00:29:11 - [TEST_CASE][PASSED] - Test Cases/mobileWeb/_include/get_screenshot: Test Cases/mobileWeb/_include/get_screenshot

2019-12-02 00:29:11 - [TEST_STEP][PASSED] - takeScreenshot(screenPath + i + ".png"): Taking screenshot successfully

2019-12-02 00:29:12 - [MESSAGE][PASSED] - Taking screenshot successfully
[[ATTACHMENT|D:\\Test\\AgileTest\\Reports\\HIC\\hic\\20191202_002446\\../Screenshots/iPhone 6/HIC/HBI/Agile One/20191202_002908/0.png]]

2019-12-02 00:29:12 - [TEST_STEP][PASSED] - (internal.GlobalVariable.i++): null

2019-12-02 00:29:12 - [MESSAGE][PASSED] - Call Test Case 'Test Cases/mobileWeb/_include/get_screenshot' successfully

2019-12-02 00:29:12 - [MESSAGE][PASSED] - Call Test Case 'Test Cases/mobileWeb/_include/openWebSite' successfully

2019-12-02 00:29:12 - [TEST_STEP][PASSED] - click(findTestObject("hic/nav/navButton")): Object: 'Object Repository/hic/nav/navButton' is clicked on

2019-12-02 00:29:12 - [MESSAGE][PASSED] - Object: 'Object Repository/hic/nav/navButton' is clicked on

2019-12-02 00:29:12 - [TEST_STEP][PASSED] - Thread.sleep(2000): null

2019-12-02 00:29:14 - [TEST_STEP][PASSED] - click(findTestObject("hic/nav/hbiLink")): Object: 'Object Repository/hic/nav/hbiLink' is clicked on

2019-12-02 00:29:14 - [MESSAGE][PASSED] - Object: 'Object Repository/hic/nav/hbiLink' is clicked on

2019-12-02 00:29:14 - [TEST_STEP][PASSED] - Thread.sleep(2000): null

2019-12-02 00:29:16 - [TEST_STEP][PASSED] - callTestCase(findTestCase("mobileWeb/_include/get_screenshot"), [:], STOP_ON_FAILURE): Call Test Case 'Test Cases/mobileWeb/_include/get_screenshot' successfully

2019-12-02 00:29:16 - [TEST_CASE][PASSED] - Test Cases/mobileWeb/_include/get_screenshot: Test Cases/mobileWeb/_include/get_screenshot

2019-12-02 00:29:16 - [TEST_STEP][PASSED] - takeScreenshot(screenPath + i + ".png"): Taking screenshot successfully

2019-12-02 00:29:16 - [MESSAGE][PASSED] - Taking screenshot successfully
[[ATTACHMENT|D:\\Test\\AgileTest\\Reports\\HIC\\hic\\20191202_002446\\../Screenshots/iPhone 6/HIC/HBI/Agile One/20191202_002908/1.png]]

2019-12-02 00:29:16 - [TEST_STEP][PASSED] - (internal.GlobalVariable.i++): null

2019-12-02 00:29:16 - [MESSAGE][PASSED] - Call Test Case 'Test Cases/mobileWeb/_include/get_screenshot' successfully

2019-12-02 00:29:16 - [TEST_STEP][PASSED] - callTestCase(findTestCase("HIC/_include/stm_census"), ["zipcode":"35215"], STOP_ON_FAILURE): Call Test Case 'Test Cases/HIC/_include/stm_census' successfully

2019-12-02 00:29:16 - [TEST_CASE][PASSED] - Test Cases/HIC/_include/stm_census: Test Cases/HIC/_include/stm_census

2019-12-02 00:29:16 - [TEST_STEP][PASSED] - setText(findTestObject("hic/stm/zip"), zipcode): Text '35215' is set on object 'Object Repository/hic/stm/zip'

2019-12-02 00:29:16 - [MESSAGE][PASSED] - Text '35215' is set on object 'Object Repository/hic/stm/zip'

2019-12-02 00:29:16 - [TEST_STEP][PASSED] - Thread.sleep(500): null

2019-12-02 00:29:17 - [TEST_STEP][PASSED] - setText(findTestObject("hic/stm/primaryDOB"), "03031987"): Text '03031987' is set on object 'Object Repository/hic/stm/primaryDOB'

2019-12-02 00:29:17 - [MESSAGE][PASSED] - Text '03031987' is set on object 'Object Repository/hic/stm/primaryDOB'

2019-12-02 00:29:17 - [TEST_STEP][PASSED] - click(findTestObject("hic/stm/female")): Object: 'Object Repository/hic/stm/female' is clicked on

2019-12-02 00:29:17 - [MESSAGE][PASSED] - Object: 'Object Repository/hic/stm/female' is clicked on

2019-12-02 00:29:17 - [TEST_STEP][PASSED] - Thread.sleep(3000): null

2019-12-02 00:29:20 - [TEST_STEP][PASSED] - click(findTestObject("hic/stm/submitButton")): Object: 'Object Repository/hic/stm/submitButton' is clicked on

2019-12-02 00:29:21 - [MESSAGE][PASSED] - Object: 'Object Repository/hic/stm/submitButton' is clicked on

2019-12-02 00:29:21 - [TEST_STEP][PASSED] - Thread.sleep(6000): null

2019-12-02 00:29:27 - [TEST_STEP][PASSED] - callTestCase(findTestCase("mobileWeb/_include/get_screenshot"), [:], STOP_ON_FAILURE): Call Test Case 'Test Cases/mobileWeb/_include/get_screenshot' successfully

2019-12-02 00:29:27 - [TEST_CASE][PASSED] - Test Cases/mobileWeb/_include/get_screenshot: Test Cases/mobileWeb/_include/get_screenshot

2019-12-02 00:29:27 - [TEST_STEP][PASSED] - takeScreenshot(screenPath + i + ".png"): Taking screenshot successfully

2019-12-02 00:29:28 - [MESSAGE][PASSED] - Taking screenshot successfully
[[ATTACHMENT|D:\\Test\\AgileTest\\Reports\\HIC\\hic\\20191202_002446\\../Screenshots/iPhone 6/HIC/HBI/Agile One/20191202_002908/2.png]]

2019-12-02 00:29:28 - [TEST_STEP][PASSED] - (internal.GlobalVariable.i++): null

2019-12-02 00:29:28 - [MESSAGE][PASSED] - Call Test Case 'Test Cases/mobileWeb/_include/get_screenshot' successfully

2019-12-02 00:29:28 - [TEST_STEP][PASSED] - Thread.sleep(1000): null

2019-12-02 00:29:29 - [MESSAGE][PASSED] - Call Test Case 'Test Cases/HIC/_include/stm_census' successfully

2019-12-02 00:29:29 - [TEST_STEP][PASSED] - Thread.sleep(5000): null

2019-12-02 00:29:34 - [TEST_STEP][PASSED] - scrollToPosition(200, 2300): Browser is scrolled to position x = 200, y = 2300

2019-12-02 00:29:34 - [MESSAGE][PASSED] - Browser is scrolled to position x = 200, y = 2300

2019-12-02 00:29:34 - [TEST_STEP][PASSED] - click(findTestObject("mobileSanity/HBI/quote/a_Agile One 750")): Object: 'Object Repository/mobileSanity/HBI/quote/a_Agile One 750' is clicked on

2019-12-02 00:29:34 - [MESSAGE][PASSED] - Object: 'Object Repository/mobileSanity/HBI/quote/a_Agile One 750' is clicked on

2019-12-02 00:29:34 - [TEST_STEP][PASSED] - waitForPageLoad(20): Wait for page load successfully

2019-12-02 00:29:35 - [MESSAGE][PASSED] - Wait for page load successfully

2019-12-02 00:29:35 - [TEST_STEP][PASSED] - waitForElementPresent(findTestObject("mobileSanity/HBI/detail/a_Apply for This Plan"), 20): Object 'Object Repository/mobileSanity/HBI/detail/a_Apply for This Plan' is present

2019-12-02 00:29:35 - [MESSAGE][PASSED] - Object 'Object Repository/mobileSanity/HBI/detail/a_Apply for This Plan' is present

2019-12-02 00:29:35 - [TEST_STEP][PASSED] - callTestCase(findTestCase("mobileWeb/_include/get_screenshot"), [:], STOP_ON_FAILURE): Call Test Case 'Test Cases/mobileWeb/_include/get_screenshot' successfully

2019-12-02 00:29:35 - [TEST_CASE][PASSED] - Test Cases/mobileWeb/_include/get_screenshot: Test Cases/mobileWeb/_include/get_screenshot

2019-12-02 00:29:35 - [TEST_STEP][PASSED] - takeScreenshot(screenPath + i + ".png"): Taking screenshot successfully

2019-12-02 00:29:35 - [MESSAGE][PASSED] - Taking screenshot successfully
[[ATTACHMENT|D:\\Test\\AgileTest\\Reports\\HIC\\hic\\20191202_002446\\../Screenshots/iPhone 6/HIC/HBI/Agile One/20191202_002908/3.png]]

2019-12-02 00:29:35 - [TEST_STEP][PASSED] - (internal.GlobalVariable.i++): null

2019-12-02 00:29:35 - [MESSAGE][PASSED] - Call Test Case 'Test Cases/mobileWeb/_include/get_screenshot' successfully

2019-12-02 00:29:35 - [TEST_STEP][PASSED] - click(findTestObject("mobileSanity/HBI/detail/a_Apply for This Plan")): Object: 'Object Repository/mobileSanity/HBI/detail/a_Apply for This Plan' is clicked on

2019-12-02 00:29:36 - [MESSAGE][PASSED] - Object: 'Object Repository/mobileSanity/HBI/detail/a_Apply for This Plan' is clicked on

2019-12-02 00:29:36 - [TEST_STEP][PASSED] - waitForPageLoad(20): Wait for page load successfully

2019-12-02 00:29:36 - [MESSAGE][PASSED] - Wait for page load successfully

2019-12-02 00:29:36 - [TEST_STEP][PASSED] - waitForElementPresent(findTestObject("mobileSanity/HBI/Page_Apply/span_Start Secure Application"), 20): Object 'Object Repository/mobileSanity/HBI/Page_Apply/span_Start Secure Application' is present

2019-12-02 00:29:36 - [MESSAGE][PASSED] - Object 'Object Repository/mobileSanity/HBI/Page_Apply/span_Start Secure Application' is present

2019-12-02 00:29:36 - [TEST_STEP][PASSED] - callTestCase(findTestCase("mobileWeb/_include/get_screenshot"), [:], STOP_ON_FAILURE): Call Test Case 'Test Cases/mobileWeb/_include/get_screenshot' successfully

2019-12-02 00:29:36 - [TEST_CASE][PASSED] - Test Cases/mobileWeb/_include/get_screenshot: Test Cases/mobileWeb/_include/get_screenshot

2019-12-02 00:29:36 - [TEST_STEP][PASSED] - takeScreenshot(screenPath + i + ".png"): Taking screenshot successfully

2019-12-02 00:29:37 - [MESSAGE][PASSED] - Taking screenshot successfully
[[ATTACHMENT|D:\\Test\\AgileTest\\Reports\\HIC\\hic\\20191202_002446\\../Screenshots/iPhone 6/HIC/HBI/Agile One/20191202_002908/4.png]]

2019-12-02 00:29:37 - [TEST_STEP][PASSED] - (internal.GlobalVariable.i++): null

2019-12-02 00:29:37 - [MESSAGE][PASSED] - Call Test Case 'Test Cases/mobileWeb/_include/get_screenshot' successfully

2019-12-02 00:29:37 - [TEST_STEP][PASSED] - click(findTestObject("mobileSanity/HBI/Page_Apply/span_Start Secure Application")): Object: 'Object Repository/mobileSanity/HBI/Page_Apply/span_Start Secure Application' is clicked on

2019-12-02 00:29:37 - [MESSAGE][PASSED] - Object: 'Object Repository/mobileSanity/HBI/Page_Apply/span_Start Secure Application' is clicked on

2019-12-02 00:29:37 - [TEST_STEP][PASSED] - waitForPageLoad(20): Wait for page load successfully

2019-12-02 00:29:37 - [MESSAGE][PASSED] - Wait for page load successfully

2019-12-02 00:29:37 - [TEST_STEP][PASSED] - Thread.sleep(5000): null

2019-12-02 00:29:42 - [TEST_STEP][PASSED] - callTestCase(findTestCase("mobileWeb/_include/get_screenshot"), [:], STOP_ON_FAILURE): Call Test Case 'Test Cases/mobileWeb/_include/get_screenshot' successfully

2019-12-02 00:29:42 - [TEST_CASE][PASSED] - Test Cases/mobileWeb/_include/get_screenshot: Test Cases/mobileWeb/_include/get_screenshot

2019-12-02 00:29:42 - [TEST_STEP][PASSED] - takeScreenshot(screenPath + i + ".png"): Taking screenshot successfully

2019-12-02 00:29:43 - [MESSAGE][PASSED] - Taking screenshot successfully
[[ATTACHMENT|D:\\Test\\AgileTest\\Reports\\HIC\\hic\\20191202_002446\\../Screenshots/iPhone 6/HIC/HBI/Agile One/20191202_002908/5.png]]

2019-12-02 00:29:43 - [TEST_STEP][PASSED] - (internal.GlobalVariable.i++): null

2019-12-02 00:29:43 - [MESSAGE][PASSED] - Call Test Case 'Test Cases/mobileWeb/_include/get_screenshot' successfully

2019-12-02 00:29:43 - [TEST_STEP][PASSED] - callTestCase(findTestCase("mobileWeb/_include/goToEnd_hbi"), ["carrier":"agileone"], CONTINUE_ON_FAILURE): Call Test Case 'Test Cases/mobileWeb/_include/goToEnd_hbi' successfully

2019-12-02 00:29:43 - [TEST_CASE][PASSED] - Test Cases/mobileWeb/_include/goToEnd_hbi: Test Cases/mobileWeb/_include/goToEnd_hbi

2019-12-02 00:29:43 - [TEST_STEP][PASSED] - if (state == "ca"): null

2019-12-02 00:29:43 - [TEST_STEP][PASSED] - callTestCase(findTestCase("mobileWeb/_include/name"), [:], CONTINUE_ON_FAILURE): Call Test Case 'Test Cases/mobileWeb/_include/name' successfully

2019-12-02 00:29:43 - [TEST_CASE][PASSED] - Test Cases/mobileWeb/_include/name: Test Cases/mobileWeb/_include/name

2019-12-02 00:29:43 - [TEST_STEP][PASSED] - driver = getWebDriver(): null

2019-12-02 00:29:43 - [TEST_STEP][PASSED] - selenium = new com.thoughtworks.selenium.webdriven.WebDriverBackedSelenium(driver, internal.GlobalVariable.ENV): null

2019-12-02 00:29:43 - [TEST_STEP][PASSED] - FirstName = "Test-123": null

2019-12-02 00:29:43 - [TEST_STEP][PASSED] - LastName = selenium.getEval("{var x="ABCDEFGHIJKLMNOPQRSTUVWXYZabcdefghijklmnopqrstuvwxyz"; var tmp="ZZ11-"; for (i=0;i<8;i++) tmp+=x.charAt(Math.ceil(51*Math.random()));tmp;}"): null

2019-12-02 00:29:43 - [TEST_STEP][PASSED] - Address = selenium.getEval("{var x="ABCDEFGHIJKLMNOPQRSTUVWXYZabcdefghijklmnopqrstuvwxyz"; var tmp=""; for (i=0;i<8;i++) tmp+=x.charAt(Math.ceil(51*Math.random()));tmp;}"): null

2019-12-02 00:29:43 - [TEST_STEP][PASSED] - City = selenium.getEval("{var x="ABCDEFGHIJKLMNOPQRSTUVWXYZabcdefghijklmnopqrstuvwxyz"; var tmp=""; for (i=0;i<8;i++) tmp+=x.charAt(Math.ceil(51*Math.random()));tmp;}"): null

2019-12-02 00:29:43 - [TEST_STEP][PASSED] - tel1 = selenium.getEval("{var x="123456789"; var tmp=""; for (i=0;i<3;i++) tmp+=x.charAt(Math.ceil(8*Math.random()));tmp;}"): null

2019-12-02 00:29:43 - [TEST_STEP][PASSED] - tel2 = selenium.getEval("{var x="123456789"; var tmp=""; for (i=0;i<3;i++) tmp+=x.charAt(Math.ceil(8*Math.random()));tmp;}"): null

2019-12-02 00:29:43 - [TEST_STEP][PASSED] - tel3 = selenium.getEval("{var x="123456789"; var tmp=""; for (i=0;i<4;i++) tmp+=x.charAt(Math.ceil(8*Math.random()));tmp;}"): null

2019-12-02 00:29:43 - [TEST_STEP][PASSED] - Tel = selenium.getExpression(tel1 + "-" + tel2 + "-" + tel3): null

2019-12-02 00:29:43 - [TEST_STEP][PASSED] - AutoEmail = selenium.getEval("{var x="ABCDEFGHIJKLMNOPQRSTUVWXYZabcdefghijklmnopqrstuvwxyz"; var tmp="test."; for (i=0;i<8;i++) tmp+=x.charAt(Math.ceil(51*Math.random()));tmp+="@suryani.cn";}"): null

2019-12-02 00:29:43 - [TEST_STEP][PASSED] - FirstName = FirstName: null

2019-12-02 00:29:43 - [TEST_STEP][PASSED] - LastName = LastName: null

2019-12-02 00:29:43 - [TEST_STEP][PASSED] - Address = Address: null

2019-12-02 00:29:43 - [TEST_STEP][PASSED] - City = City: null

2019-12-02 00:29:43 - [TEST_STEP][PASSED] - Tel = Tel: null

2019-12-02 00:29:43 - [TEST_STEP][PASSED] - AutoEmail = AutoEmail: null

2019-12-02 00:29:43 - [TEST_STEP][PASSED] - println(FirstName): null

2019-12-02 00:29:43 - [TEST_STEP][PASSED] - println(LastName): null

2019-12-02 00:29:43 - [TEST_STEP][PASSED] - println(Address): null

2019-12-02 00:29:43 - [TEST_STEP][PASSED] - println(City): null

2019-12-02 00:29:43 - [TEST_STEP][PASSED] - println(Tel): null

2019-12-02 00:29:43 - [TEST_STEP][PASSED] - println(AutoEmail): null

2019-12-02 00:29:43 - [MESSAGE][PASSED] - Call Test Case 'Test Cases/mobileWeb/_include/name' successfully

2019-12-02 00:29:43 - [TEST_STEP][PASSED] - setText(findTestObject("mobileSanity/HBI/Page_App Page 1/input__member-P-1-firstName"), FirstName): Text 'Test-123' is set on object 'Object Repository/mobileSanity/HBI/Page_App Page 1/input__member-P-1-firstName'

2019-12-02 00:29:43 - [MESSAGE][PASSED] - Text 'Test-123' is set on object 'Object Repository/mobileSanity/HBI/Page_App Page 1/input__member-P-1-firstName'

2019-12-02 00:29:43 - [TEST_STEP][PASSED] - setText(findTestObject("mobileSanity/HBI/Page_App Page 1/input__member-P-1-lastName"), LastName): Text 'ZZ11-xTzwCXNG' is set on object 'Object Repository/mobileSanity/HBI/Page_App Page 1/input__member-P-1-lastName'

2019-12-02 00:29:44 - [MESSAGE][PASSED] - Text 'ZZ11-xTzwCXNG' is set on object 'Object Repository/mobileSanity/HBI/Page_App Page 1/input__member-P-1-lastName'

2019-12-02 00:29:44 - [TEST_STEP][PASSED] - if (carrier == "agileone" || carrier == "agilesecure"): Text 'test6' is set on object 'Object Repository/mobileSanity/HBI/Page_App Page 1/input__contingent-beneficiary-relationship'

2019-12-02 00:29:44 - [TEST_STEP][PASSED] - setText(findTestObject("mobileSanity/HBI/Page_App Page 1/input__primary-beneficiary-fir"), "test1"): Text 'test1' is set on object 'Object Repository/mobileSanity/HBI/Page_App Page 1/input__primary-beneficiary-fir'

2019-12-02 00:29:44 - [MESSAGE][PASSED] - Text 'test1' is set on object 'Object Repository/mobileSanity/HBI/Page_App Page 1/input__primary-beneficiary-fir'

2019-12-02 00:29:44 - [TEST_STEP][PASSED] - setText(findTestObject("mobileSanity/HBI/Page_App Page 1/input__primary-beneficiary-las"), "test2"): Text 'test2' is set on object 'Object Repository/mobileSanity/HBI/Page_App Page 1/input__primary-beneficiary-las'

2019-12-02 00:29:44 - [MESSAGE][PASSED] - Text 'test2' is set on object 'Object Repository/mobileSanity/HBI/Page_App Page 1/input__primary-beneficiary-las'

2019-12-02 00:29:44 - [TEST_STEP][PASSED] - setText(findTestObject("mobileSanity/HBI/Page_App Page 1/input__primary-beneficiary-rel"), "test3"): Text 'test3' is set on object 'Object Repository/mobileSanity/HBI/Page_App Page 1/input__primary-beneficiary-rel'

2019-12-02 00:29:44 - [MESSAGE][PASSED] - Text 'test3' is set on object 'Object Repository/mobileSanity/HBI/Page_App Page 1/input__primary-beneficiary-rel'

2019-12-02 00:29:44 - [TEST_STEP][PASSED] - setText(findTestObject("mobileSanity/HBI/Page_App Page 1/input__contingent-beneficiary-"), "test4"): Text 'test4' is set on object 'Object Repository/mobileSanity/HBI/Page_App Page 1/input__contingent-beneficiary-'

2019-12-02 00:29:44 - [MESSAGE][PASSED] - Text 'test4' is set on object 'Object Repository/mobileSanity/HBI/Page_App Page 1/input__contingent-beneficiary-'

2019-12-02 00:29:44 - [TEST_STEP][PASSED] - setText(findTestObject("mobileSanity/HBI/Page_App Page 1/input__contingent-beneficiary-_lastname"), "test5"): Text 'test5' is set on object 'Object Repository/mobileSanity/HBI/Page_App Page 1/input__contingent-beneficiary-_lastname'

2019-12-02 00:29:44 - [MESSAGE][PASSED] - Text 'test5' is set on object 'Object Repository/mobileSanity/HBI/Page_App Page 1/input__contingent-beneficiary-_lastname'

2019-12-02 00:29:44 - [TEST_STEP][PASSED] - setText(findTestObject("mobileSanity/HBI/Page_App Page 1/input__contingent-beneficiary-relationship"), "test6"): Text 'test6' is set on object 'Object Repository/mobileSanity/HBI/Page_App Page 1/input__contingent-beneficiary-relationship'

2019-12-02 00:29:45 - [MESSAGE][PASSED] - Text 'test6' is set on object 'Object Repository/mobileSanity/HBI/Page_App Page 1/input__contingent-beneficiary-relationship'

2019-12-02 00:29:45 - [TEST_STEP][PASSED] - setText(findTestObject("mobileSanity/HBI/Page_App Page 1/input__address"), Address): Text 'raoFWqlN' is set on object 'Object Repository/mobileSanity/HBI/Page_App Page 1/input__address'

2019-12-02 00:29:45 - [MESSAGE][PASSED] - Text 'raoFWqlN' is set on object 'Object Repository/mobileSanity/HBI/Page_App Page 1/input__address'

2019-12-02 00:29:45 - [TEST_STEP][PASSED] - setText(findTestObject("mobileSanity/HBI/Page_App Page 1/input__city"), City): Text 'DhzPynjY' is set on object 'Object Repository/mobileSanity/HBI/Page_App Page 1/input__city'

2019-12-02 00:29:45 - [MESSAGE][PASSED] - Text 'DhzPynjY' is set on object 'Object Repository/mobileSanity/HBI/Page_App Page 1/input__city'

2019-12-02 00:29:45 - [TEST_STEP][PASSED] - setText(findTestObject("mobileSanity/HBI/Page_App Page 1/input__email"), AutoEmail): Text 'test.pIsrngaM@suryani.cn' is set on object 'Object Repository/mobileSanity/HBI/Page_App Page 1/input__email'

2019-12-02 00:29:45 - [MESSAGE][PASSED] - Text 'test.pIsrngaM@suryani.cn' is set on object 'Object Repository/mobileSanity/HBI/Page_App Page 1/input__email'

2019-12-02 00:29:45 - [TEST_STEP][PASSED] - setText(findTestObject("mobileSanity/HBI/Page_App Page 1/input_tel"), Tel): Text '728-865-6854' is set on object 'Object Repository/mobileSanity/HBI/Page_App Page 1/input_tel'

2019-12-02 00:29:45 - [MESSAGE][PASSED] - Text '728-865-6854' is set on object 'Object Repository/mobileSanity/HBI/Page_App Page 1/input_tel'

2019-12-02 00:29:45 - [TEST_STEP][PASSED] - click(findTestObject("mobileSanity/HBI/Page_App Page 1/a_Continue to Step 2 - Payment")): Object: 'Object Repository/mobileSanity/HBI/Page_App Page 1/a_Continue to Step 2 - Payment' is clicked on

2019-12-02 00:29:46 - [MESSAGE][PASSED] - Object: 'Object Repository/mobileSanity/HBI/Page_App Page 1/a_Continue to Step 2 - Payment' is clicked on

2019-12-02 00:29:46 - [TEST_STEP][PASSED] - waitForPageLoad(20): Wait for page load successfully

2019-12-02 00:29:46 - [MESSAGE][PASSED] - Wait for page load successfully

2019-12-02 00:29:46 - [TEST_STEP][PASSED] - Thread.sleep(2000): null

2019-12-02 00:29:48 - [TEST_STEP][PASSED] - waitForElementVisible(findTestObject("mobileSanity/HBI/Page_App Page 2/input__credit-card-first"), 20): Object 'Object Repository/mobileSanity/HBI/Page_App Page 2/input__credit-card-first' is visible

2019-12-02 00:29:48 - [MESSAGE][PASSED] - Object 'Object Repository/mobileSanity/HBI/Page_App Page 2/input__credit-card-first' is visible

2019-12-02 00:29:48 - [TEST_STEP][PASSED] - callTestCase(findTestCase("mobileWeb/_include/get_screenshot"), [:], STOP_ON_FAILURE): Call Test Case 'Test Cases/mobileWeb/_include/get_screenshot' successfully

2019-12-02 00:29:48 - [TEST_CASE][PASSED] - Test Cases/mobileWeb/_include/get_screenshot: Test Cases/mobileWeb/_include/get_screenshot

2019-12-02 00:29:48 - [TEST_STEP][PASSED] - takeScreenshot(screenPath + i + ".png"): Taking screenshot successfully

2019-12-02 00:29:48 - [MESSAGE][PASSED] - Taking screenshot successfully
[[ATTACHMENT|D:\\Test\\AgileTest\\Reports\\HIC\\hic\\20191202_002446\\../Screenshots/iPhone 6/HIC/HBI/Agile One/20191202_002908/6.png]]

2019-12-02 00:29:48 - [TEST_STEP][PASSED] - (internal.GlobalVariable.i++): null

2019-12-02 00:29:48 - [MESSAGE][PASSED] - Call Test Case 'Test Cases/mobileWeb/_include/get_screenshot' successfully

2019-12-02 00:29:48 - [TEST_STEP][PASSED] - setText(findTestObject("mobileSanity/HBI/Page_App Page 2/input__credit-card-first"), FirstName): Text 'Test-123' is set on object 'Object Repository/mobileSanity/HBI/Page_App Page 2/input__credit-card-first'

2019-12-02 00:29:48 - [MESSAGE][PASSED] - Text 'Test-123' is set on object 'Object Repository/mobileSanity/HBI/Page_App Page 2/input__credit-card-first'

2019-12-02 00:29:48 - [TEST_STEP][PASSED] - setText(findTestObject("mobileSanity/HBI/Page_App Page 2/input__credit-card-last"), LastName): Text 'ZZ11-xTzwCXNG' is set on object 'Object Repository/mobileSanity/HBI/Page_App Page 2/input__credit-card-last'

2019-12-02 00:29:48 - [MESSAGE][PASSED] - Text 'ZZ11-xTzwCXNG' is set on object 'Object Repository/mobileSanity/HBI/Page_App Page 2/input__credit-card-last'

2019-12-02 00:29:48 - [TEST_STEP][PASSED] - selectOptionByValue(findTestObject("mobileSanity/HBI/Page_App Page 2/select_MM010203040506070809101"), "12", true): All options with value '12' are selected in object 'Object Repository/mobileSanity/HBI/Page_App Page 2/select_MM010203040506070809101'  using regular expression

2019-12-02 00:29:49 - [MESSAGE][PASSED] - All options with value '12' are selected in object 'Object Repository/mobileSanity/HBI/Page_App Page 2/select_MM010203040506070809101'  using regular expression

2019-12-02 00:29:49 - [TEST_STEP][PASSED] - selectOptionByValue(findTestObject("mobileSanity/HBI/Page_App Page 2/select_YYYY2019202020212022202"), "2026", true): All options with value '2026' are selected in object 'Object Repository/mobileSanity/HBI/Page_App Page 2/select_YYYY2019202020212022202'  using regular expression

2019-12-02 00:29:49 - [MESSAGE][PASSED] - All options with value '2026' are selected in object 'Object Repository/mobileSanity/HBI/Page_App Page 2/select_YYYY2019202020212022202'  using regular expression

2019-12-02 00:29:49 - [TEST_STEP][PASSED] - setText(findTestObject("mobileSanity/HBI/Page_App Page 2/input__credit-card-number"), "4111111111111111"): Text '4111111111111111' is set on object 'Object Repository/mobileSanity/HBI/Page_App Page 2/input__credit-card-number'

2019-12-02 00:29:50 - [MESSAGE][PASSED] - Text '4111111111111111' is set on object 'Object Repository/mobileSanity/HBI/Page_App Page 2/input__credit-card-number'

2019-12-02 00:29:50 - [TEST_STEP][PASSED] - setText(findTestObject("mobileSanity/HBI/Page_App Page 2/input__cvv"), "123"): Text '123' is set on object 'Object Repository/mobileSanity/HBI/Page_App Page 2/input__cvv'

2019-12-02 00:29:50 - [MESSAGE][PASSED] - Text '123' is set on object 'Object Repository/mobileSanity/HBI/Page_App Page 2/input__cvv'

2019-12-02 00:29:50 - [TEST_STEP][PASSED] - click(findTestObject("mobileSanity/HBI/Page_App Page 2/label_My billing address is th")): Object: 'Object Repository/mobileSanity/HBI/Page_App Page 2/label_My billing address is th' is clicked on

2019-12-02 00:29:50 - [MESSAGE][PASSED] - Object: 'Object Repository/mobileSanity/HBI/Page_App Page 2/label_My billing address is th' is clicked on

2019-12-02 00:29:50 - [TEST_STEP][PASSED] - click(findTestObject("mobileSanity/HBI/Page_App Page 2/label_I Accept Authorization f")): Object: 'Object Repository/mobileSanity/HBI/Page_App Page 2/label_I Accept Authorization f' is clicked on

2019-12-02 00:29:50 - [MESSAGE][PASSED] - Object: 'Object Repository/mobileSanity/HBI/Page_App Page 2/label_I Accept Authorization f' is clicked on

2019-12-02 00:29:50 - [TEST_STEP][PASSED] - click(findTestObject("mobileSanity/HBI/Page_App Page 2/a_Continue to Step 3 - Review")): Object: 'Object Repository/mobileSanity/HBI/Page_App Page 2/a_Continue to Step 3 - Review' is clicked on

2019-12-02 00:29:50 - [MESSAGE][PASSED] - Object: 'Object Repository/mobileSanity/HBI/Page_App Page 2/a_Continue to Step 3 - Review' is clicked on

2019-12-02 00:29:50 - [TEST_STEP][PASSED] - waitForPageLoad(20): Wait for page load successfully

2019-12-02 00:29:51 - [MESSAGE][PASSED] - Wait for page load successfully

2019-12-02 00:29:51 - [TEST_STEP][PASSED] - Thread.sleep(10000): null

2019-12-02 00:30:01 - [TEST_STEP][PASSED] - waitForElementPresent(findTestObject("mobileSanity/HBI/Page_App Page 3/label"), 20): Object 'Object Repository/mobileSanity/HBI/Page_App Page 3/label' is present

2019-12-02 00:30:01 - [MESSAGE][PASSED] - Object 'Object Repository/mobileSanity/HBI/Page_App Page 3/label' is present

2019-12-02 00:30:01 - [TEST_STEP][PASSED] - callTestCase(findTestCase("mobileWeb/_include/get_screenshot"), [:], STOP_ON_FAILURE): Call Test Case 'Test Cases/mobileWeb/_include/get_screenshot' successfully

2019-12-02 00:30:01 - [TEST_CASE][PASSED] - Test Cases/mobileWeb/_include/get_screenshot: Test Cases/mobileWeb/_include/get_screenshot

2019-12-02 00:30:01 - [TEST_STEP][PASSED] - takeScreenshot(screenPath + i + ".png"): Taking screenshot successfully

2019-12-02 00:30:01 - [MESSAGE][PASSED] - Taking screenshot successfully
[[ATTACHMENT|D:\\Test\\AgileTest\\Reports\\HIC\\hic\\20191202_002446\\../Screenshots/iPhone 6/HIC/HBI/Agile One/20191202_002908/7.png]]

2019-12-02 00:30:01 - [TEST_STEP][PASSED] - (internal.GlobalVariable.i++): null

2019-12-02 00:30:01 - [MESSAGE][PASSED] - Call Test Case 'Test Cases/mobileWeb/_include/get_screenshot' successfully

2019-12-02 00:30:01 - [TEST_STEP][PASSED] - click(findTestObject("mobileSanity/HBI/Page_App Page 3/label")): Object: 'Object Repository/mobileSanity/HBI/Page_App Page 3/label' is clicked on

2019-12-02 00:30:01 - [MESSAGE][PASSED] - Object: 'Object Repository/mobileSanity/HBI/Page_App Page 3/label' is clicked on

2019-12-02 00:30:01 - [TEST_STEP][PASSED] - click(findTestObject("mobileSanity/HBI/Page_App Page 3/p_CLICK TO SIGN")): Object: 'Object Repository/mobileSanity/HBI/Page_App Page 3/p_CLICK TO SIGN' is clicked on

2019-12-02 00:30:01 - [MESSAGE][PASSED] - Object: 'Object Repository/mobileSanity/HBI/Page_App Page 3/p_CLICK TO SIGN' is clicked on

2019-12-02 00:30:01 - [TEST_STEP][PASSED] - click(findTestObject("mobileSanity/HBI/Page_App Page 3/a_Submit Your Application")): Object: 'Object Repository/mobileSanity/HBI/Page_App Page 3/a_Submit Your Application' is clicked on

2019-12-02 00:30:01 - [MESSAGE][PASSED] - Object: 'Object Repository/mobileSanity/HBI/Page_App Page 3/a_Submit Your Application' is clicked on

2019-12-02 00:30:01 - [TEST_STEP][PASSED] - Thread.sleep(30000): null

2019-12-02 00:30:31 - [TEST_STEP][PASSED] - callTestCase(findTestCase("mobileWeb/_include/get_screenshot"), [:], STOP_ON_FAILURE): Call Test Case 'Test Cases/mobileWeb/_include/get_screenshot' successfully

2019-12-02 00:30:31 - [TEST_CASE][PASSED] - Test Cases/mobileWeb/_include/get_screenshot: Test Cases/mobileWeb/_include/get_screenshot

2019-12-02 00:30:31 - [TEST_STEP][PASSED] - takeScreenshot(screenPath + i + ".png"): Taking screenshot successfully

2019-12-02 00:30:32 - [MESSAGE][PASSED] - Taking screenshot successfully
[[ATTACHMENT|D:\\Test\\AgileTest\\Reports\\HIC\\hic\\20191202_002446\\../Screenshots/iPhone 6/HIC/HBI/Agile One/20191202_002908/8.png]]

2019-12-02 00:30:32 - [TEST_STEP][PASSED] - (internal.GlobalVariable.i++): null

2019-12-02 00:30:32 - [MESSAGE][PASSED] - Call Test Case 'Test Cases/mobileWeb/_include/get_screenshot' successfully

2019-12-02 00:30:32 - [TEST_STEP][PASSED] - verifyTextPresent("Congratulations", false): Text 'Congratulations' is present on page 

2019-12-02 00:30:32 - [MESSAGE][PASSED] - Text 'Congratulations' is present on page 

2019-12-02 00:30:32 - [MESSAGE][PASSED] - Call Test Case 'Test Cases/mobileWeb/_include/goToEnd_hbi' successfully]]></system-out>
         <system-err><![CDATA[]]></system-err>
      </testcase>
      <testcase name="Test Cases/HIC/HBI/Agile Secure" classname="Test Cases/HIC/HBI/Agile Secure" status="PASSED">
         <system-out><![CDATA[2019-12-02 00:30:32 - [TEST_CASE][PASSED] - Test Cases/HIC/HBI/Agile Secure: Test Cases/HIC/HBI/Agile Secure

2019-12-02 00:30:32 - [TEST_STEP][PASSED] - callTestCase(findTestCase("HIC/_include/get_hicScreenPath"), ["project":"HIC", "productLine":"HBI", "carrierName":"Agile Secure"], CONTINUE_ON_FAILURE): Call Test Case 'Test Cases/HIC/_include/get_hicScreenPath' successfully

2019-12-02 00:30:32 - [TEST_CASE][PASSED] - Test Cases/HIC/_include/get_hicScreenPath: Test Cases/HIC/_include/get_hicScreenPath

2019-12-02 00:30:32 - [TEST_STEP][PASSED] - m = getExecutionProperties(): null

2019-12-02 00:30:32 - [TEST_STEP][PASSED] - deviceName = get("mobileEmulation").get("deviceName"): null

2019-12-02 00:30:32 - [TEST_STEP][PASSED] - println(deviceName): null

2019-12-02 00:30:32 - [TEST_STEP][PASSED] - now = new java.util.Date(): null

2019-12-02 00:30:32 - [TEST_STEP][PASSED] - mydate = now.format("yyyyMMdd_HHmmss"): null

2019-12-02 00:30:32 - [TEST_STEP][PASSED] - screenPath = "../Screenshots/": null

2019-12-02 00:30:32 - [TEST_STEP][PASSED] - screenPath = screenPath + deviceName + "/" + project + "/" + productLine + "/" + carrierName + "/" + mydate + "/": null

2019-12-02 00:30:32 - [TEST_STEP][PASSED] - println(screenPath): null

2019-12-02 00:30:32 - [MESSAGE][PASSED] - Call Test Case 'Test Cases/HIC/_include/get_hicScreenPath' successfully

2019-12-02 00:30:32 - [TEST_STEP][PASSED] - i = 0: null

2019-12-02 00:30:32 - [TEST_STEP][PASSED] - callTestCase(findTestCase("mobileWeb/_include/openWebSite"), ["env":"https://qa.healthinsurance.com/"], CONTINUE_ON_FAILURE): Call Test Case 'Test Cases/mobileWeb/_include/openWebSite' successfully

2019-12-02 00:30:32 - [TEST_CASE][PASSED] - Test Cases/mobileWeb/_include/openWebSite: Test Cases/mobileWeb/_include/openWebSite

2019-12-02 00:30:32 - [TEST_STEP][PASSED] - openBrowser(env): Browser is opened with url: 'https://qa.healthinsurance.com/'

2019-12-02 00:30:32 - [MESSAGE][WARNING] - A browser is already opened. Closing browser and opening a new one

2019-12-02 00:30:33 - [MESSAGE][INFO] - Starting 'Chrome' driver

2019-12-02 00:30:33 - [MESSAGE][INFO] - User set preference: ['mobileEmulation', '{deviceName=iPhone 6}']

2019-12-02 00:30:33 - [MESSAGE][INFO] - User set preference: ['args', '[--incognito, --aggressive-cache-discard, --window-size=375,677, --no-sandbox]']

2019-12-02 00:30:36 - [MESSAGE][PASSED] - Browser is opened with url: 'https://qa.healthinsurance.com/'

2019-12-02 00:30:36 - [TEST_STEP][PASSED] - waitForPageLoad(20): Wait for page load successfully

2019-12-02 00:30:36 - [MESSAGE][PASSED] - Wait for page load successfully

2019-12-02 00:30:36 - [TEST_STEP][PASSED] - callTestCase(findTestCase("mobileWeb/_include/get_screenshot"), [:], STOP_ON_FAILURE): Call Test Case 'Test Cases/mobileWeb/_include/get_screenshot' successfully

2019-12-02 00:30:36 - [TEST_CASE][PASSED] - Test Cases/mobileWeb/_include/get_screenshot: Test Cases/mobileWeb/_include/get_screenshot

2019-12-02 00:30:36 - [TEST_STEP][PASSED] - takeScreenshot(screenPath + i + ".png"): Taking screenshot successfully

2019-12-02 00:30:37 - [MESSAGE][PASSED] - Taking screenshot successfully
[[ATTACHMENT|D:\\Test\\AgileTest\\Reports\\HIC\\hic\\20191202_002446\\../Screenshots/iPhone 6/HIC/HBI/Agile Secure/20191202_003032/0.png]]

2019-12-02 00:30:37 - [TEST_STEP][PASSED] - (internal.GlobalVariable.i++): null

2019-12-02 00:30:37 - [MESSAGE][PASSED] - Call Test Case 'Test Cases/mobileWeb/_include/get_screenshot' successfully

2019-12-02 00:30:37 - [MESSAGE][PASSED] - Call Test Case 'Test Cases/mobileWeb/_include/openWebSite' successfully

2019-12-02 00:30:37 - [TEST_STEP][PASSED] - click(findTestObject("hic/nav/navButton")): Object: 'Object Repository/hic/nav/navButton' is clicked on

2019-12-02 00:30:37 - [MESSAGE][PASSED] - Object: 'Object Repository/hic/nav/navButton' is clicked on

2019-12-02 00:30:37 - [TEST_STEP][PASSED] - Thread.sleep(2000): null

2019-12-02 00:30:39 - [TEST_STEP][PASSED] - click(findTestObject("hic/nav/hbiLink")): Object: 'Object Repository/hic/nav/hbiLink' is clicked on

2019-12-02 00:30:39 - [MESSAGE][PASSED] - Object: 'Object Repository/hic/nav/hbiLink' is clicked on

2019-12-02 00:30:39 - [TEST_STEP][PASSED] - Thread.sleep(2000): null

2019-12-02 00:30:41 - [TEST_STEP][PASSED] - callTestCase(findTestCase("mobileWeb/_include/get_screenshot"), [:], STOP_ON_FAILURE): Call Test Case 'Test Cases/mobileWeb/_include/get_screenshot' successfully

2019-12-02 00:30:41 - [TEST_CASE][PASSED] - Test Cases/mobileWeb/_include/get_screenshot: Test Cases/mobileWeb/_include/get_screenshot

2019-12-02 00:30:41 - [TEST_STEP][PASSED] - takeScreenshot(screenPath + i + ".png"): Taking screenshot successfully

2019-12-02 00:30:41 - [MESSAGE][PASSED] - Taking screenshot successfully
[[ATTACHMENT|D:\\Test\\AgileTest\\Reports\\HIC\\hic\\20191202_002446\\../Screenshots/iPhone 6/HIC/HBI/Agile Secure/20191202_003032/1.png]]

2019-12-02 00:30:41 - [TEST_STEP][PASSED] - (internal.GlobalVariable.i++): null

2019-12-02 00:30:41 - [MESSAGE][PASSED] - Call Test Case 'Test Cases/mobileWeb/_include/get_screenshot' successfully

2019-12-02 00:30:41 - [TEST_STEP][PASSED] - callTestCase(findTestCase("HIC/_include/stm_census"), ["zipcode":"08701"], STOP_ON_FAILURE): Call Test Case 'Test Cases/HIC/_include/stm_census' successfully

2019-12-02 00:30:42 - [TEST_CASE][PASSED] - Test Cases/HIC/_include/stm_census: Test Cases/HIC/_include/stm_census

2019-12-02 00:30:42 - [TEST_STEP][PASSED] - setText(findTestObject("hic/stm/zip"), zipcode): Text '08701' is set on object 'Object Repository/hic/stm/zip'

2019-12-02 00:30:42 - [MESSAGE][PASSED] - Text '08701' is set on object 'Object Repository/hic/stm/zip'

2019-12-02 00:30:42 - [TEST_STEP][PASSED] - Thread.sleep(500): null

2019-12-02 00:30:42 - [TEST_STEP][PASSED] - setText(findTestObject("hic/stm/primaryDOB"), "03031987"): Text '03031987' is set on object 'Object Repository/hic/stm/primaryDOB'

2019-12-02 00:30:43 - [MESSAGE][PASSED] - Text '03031987' is set on object 'Object Repository/hic/stm/primaryDOB'

2019-12-02 00:30:43 - [TEST_STEP][PASSED] - click(findTestObject("hic/stm/female")): Object: 'Object Repository/hic/stm/female' is clicked on

2019-12-02 00:30:43 - [MESSAGE][PASSED] - Object: 'Object Repository/hic/stm/female' is clicked on

2019-12-02 00:30:43 - [TEST_STEP][PASSED] - Thread.sleep(3000): null

2019-12-02 00:30:46 - [TEST_STEP][PASSED] - click(findTestObject("hic/stm/submitButton")): Object: 'Object Repository/hic/stm/submitButton' is clicked on

2019-12-02 00:30:47 - [MESSAGE][PASSED] - Object: 'Object Repository/hic/stm/submitButton' is clicked on

2019-12-02 00:30:47 - [TEST_STEP][PASSED] - Thread.sleep(6000): null

2019-12-02 00:30:53 - [TEST_STEP][PASSED] - callTestCase(findTestCase("mobileWeb/_include/get_screenshot"), [:], STOP_ON_FAILURE): Call Test Case 'Test Cases/mobileWeb/_include/get_screenshot' successfully

2019-12-02 00:30:53 - [TEST_CASE][PASSED] - Test Cases/mobileWeb/_include/get_screenshot: Test Cases/mobileWeb/_include/get_screenshot

2019-12-02 00:30:53 - [TEST_STEP][PASSED] - takeScreenshot(screenPath + i + ".png"): Taking screenshot successfully

2019-12-02 00:30:53 - [MESSAGE][PASSED] - Taking screenshot successfully
[[ATTACHMENT|D:\\Test\\AgileTest\\Reports\\HIC\\hic\\20191202_002446\\../Screenshots/iPhone 6/HIC/HBI/Agile Secure/20191202_003032/2.png]]

2019-12-02 00:30:53 - [TEST_STEP][PASSED] - (internal.GlobalVariable.i++): null

2019-12-02 00:30:53 - [MESSAGE][PASSED] - Call Test Case 'Test Cases/mobileWeb/_include/get_screenshot' successfully

2019-12-02 00:30:53 - [TEST_STEP][PASSED] - Thread.sleep(1000): null

2019-12-02 00:30:54 - [MESSAGE][PASSED] - Call Test Case 'Test Cases/HIC/_include/stm_census' successfully

2019-12-02 00:30:54 - [TEST_STEP][PASSED] - click(findTestObject("mobileSanity/HBI/detail/a_Apply for This Plan")): Object: 'Object Repository/mobileSanity/HBI/detail/a_Apply for This Plan' is clicked on

2019-12-02 00:30:54 - [MESSAGE][PASSED] - Object: 'Object Repository/mobileSanity/HBI/detail/a_Apply for This Plan' is clicked on

2019-12-02 00:30:54 - [TEST_STEP][PASSED] - waitForPageLoad(20): Wait for page load successfully

2019-12-02 00:30:55 - [MESSAGE][PASSED] - Wait for page load successfully

2019-12-02 00:30:55 - [TEST_STEP][PASSED] - callTestCase(findTestCase("mobileWeb/_include/get_screenshot"), [:], STOP_ON_FAILURE): Call Test Case 'Test Cases/mobileWeb/_include/get_screenshot' successfully

2019-12-02 00:30:55 - [TEST_CASE][PASSED] - Test Cases/mobileWeb/_include/get_screenshot: Test Cases/mobileWeb/_include/get_screenshot

2019-12-02 00:30:55 - [TEST_STEP][PASSED] - takeScreenshot(screenPath + i + ".png"): Taking screenshot successfully

2019-12-02 00:30:55 - [MESSAGE][PASSED] - Taking screenshot successfully
[[ATTACHMENT|D:\\Test\\AgileTest\\Reports\\HIC\\hic\\20191202_002446\\../Screenshots/iPhone 6/HIC/HBI/Agile Secure/20191202_003032/3.png]]

2019-12-02 00:30:55 - [TEST_STEP][PASSED] - (internal.GlobalVariable.i++): null

2019-12-02 00:30:55 - [MESSAGE][PASSED] - Call Test Case 'Test Cases/mobileWeb/_include/get_screenshot' successfully

2019-12-02 00:30:55 - [TEST_STEP][PASSED] - click(findTestObject("mobileSanity/HBI/Page_Apply/span_Start Secure Application")): Object: 'Object Repository/mobileSanity/HBI/Page_Apply/span_Start Secure Application' is clicked on

2019-12-02 00:30:56 - [MESSAGE][PASSED] - Object: 'Object Repository/mobileSanity/HBI/Page_Apply/span_Start Secure Application' is clicked on

2019-12-02 00:30:56 - [TEST_STEP][PASSED] - waitForPageLoad(20): Wait for page load successfully

2019-12-02 00:30:56 - [MESSAGE][PASSED] - Wait for page load successfully

2019-12-02 00:30:56 - [TEST_STEP][PASSED] - Thread.sleep(5000): null

2019-12-02 00:31:01 - [TEST_STEP][PASSED] - callTestCase(findTestCase("mobileWeb/_include/get_screenshot"), [:], STOP_ON_FAILURE): Call Test Case 'Test Cases/mobileWeb/_include/get_screenshot' successfully

2019-12-02 00:31:02 - [TEST_CASE][PASSED] - Test Cases/mobileWeb/_include/get_screenshot: Test Cases/mobileWeb/_include/get_screenshot

2019-12-02 00:31:02 - [TEST_STEP][PASSED] - takeScreenshot(screenPath + i + ".png"): Taking screenshot successfully

2019-12-02 00:31:02 - [MESSAGE][PASSED] - Taking screenshot successfully
[[ATTACHMENT|D:\\Test\\AgileTest\\Reports\\HIC\\hic\\20191202_002446\\../Screenshots/iPhone 6/HIC/HBI/Agile Secure/20191202_003032/4.png]]

2019-12-02 00:31:02 - [TEST_STEP][PASSED] - (internal.GlobalVariable.i++): null

2019-12-02 00:31:02 - [MESSAGE][PASSED] - Call Test Case 'Test Cases/mobileWeb/_include/get_screenshot' successfully

2019-12-02 00:31:02 - [TEST_STEP][PASSED] - callTestCase(findTestCase("mobileWeb/_include/goToEnd_hbi"), ["carrier":"agilesecure"], CONTINUE_ON_FAILURE): Call Test Case 'Test Cases/mobileWeb/_include/goToEnd_hbi' successfully

2019-12-02 00:31:02 - [TEST_CASE][PASSED] - Test Cases/mobileWeb/_include/goToEnd_hbi: Test Cases/mobileWeb/_include/goToEnd_hbi

2019-12-02 00:31:02 - [TEST_STEP][PASSED] - if (state == "ca"): null

2019-12-02 00:31:02 - [TEST_STEP][PASSED] - callTestCase(findTestCase("mobileWeb/_include/name"), [:], CONTINUE_ON_FAILURE): Call Test Case 'Test Cases/mobileWeb/_include/name' successfully

2019-12-02 00:31:02 - [TEST_CASE][PASSED] - Test Cases/mobileWeb/_include/name: Test Cases/mobileWeb/_include/name

2019-12-02 00:31:02 - [TEST_STEP][PASSED] - driver = getWebDriver(): null

2019-12-02 00:31:02 - [TEST_STEP][PASSED] - selenium = new com.thoughtworks.selenium.webdriven.WebDriverBackedSelenium(driver, internal.GlobalVariable.ENV): null

2019-12-02 00:31:02 - [TEST_STEP][PASSED] - FirstName = "Test-123": null

2019-12-02 00:31:02 - [TEST_STEP][PASSED] - LastName = selenium.getEval("{var x="ABCDEFGHIJKLMNOPQRSTUVWXYZabcdefghijklmnopqrstuvwxyz"; var tmp="ZZ11-"; for (i=0;i<8;i++) tmp+=x.charAt(Math.ceil(51*Math.random()));tmp;}"): null

2019-12-02 00:31:02 - [TEST_STEP][PASSED] - Address = selenium.getEval("{var x="ABCDEFGHIJKLMNOPQRSTUVWXYZabcdefghijklmnopqrstuvwxyz"; var tmp=""; for (i=0;i<8;i++) tmp+=x.charAt(Math.ceil(51*Math.random()));tmp;}"): null

2019-12-02 00:31:02 - [TEST_STEP][PASSED] - City = selenium.getEval("{var x="ABCDEFGHIJKLMNOPQRSTUVWXYZabcdefghijklmnopqrstuvwxyz"; var tmp=""; for (i=0;i<8;i++) tmp+=x.charAt(Math.ceil(51*Math.random()));tmp;}"): null

2019-12-02 00:31:02 - [TEST_STEP][PASSED] - tel1 = selenium.getEval("{var x="123456789"; var tmp=""; for (i=0;i<3;i++) tmp+=x.charAt(Math.ceil(8*Math.random()));tmp;}"): null

2019-12-02 00:31:02 - [TEST_STEP][PASSED] - tel2 = selenium.getEval("{var x="123456789"; var tmp=""; for (i=0;i<3;i++) tmp+=x.charAt(Math.ceil(8*Math.random()));tmp;}"): null

2019-12-02 00:31:02 - [TEST_STEP][PASSED] - tel3 = selenium.getEval("{var x="123456789"; var tmp=""; for (i=0;i<4;i++) tmp+=x.charAt(Math.ceil(8*Math.random()));tmp;}"): null

2019-12-02 00:31:02 - [TEST_STEP][PASSED] - Tel = selenium.getExpression(tel1 + "-" + tel2 + "-" + tel3): null

2019-12-02 00:31:02 - [TEST_STEP][PASSED] - AutoEmail = selenium.getEval("{var x="ABCDEFGHIJKLMNOPQRSTUVWXYZabcdefghijklmnopqrstuvwxyz"; var tmp="test."; for (i=0;i<8;i++) tmp+=x.charAt(Math.ceil(51*Math.random()));tmp+="@suryani.cn";}"): null

2019-12-02 00:31:02 - [TEST_STEP][PASSED] - FirstName = FirstName: null

2019-12-02 00:31:02 - [TEST_STEP][PASSED] - LastName = LastName: null

2019-12-02 00:31:02 - [TEST_STEP][PASSED] - Address = Address: null

2019-12-02 00:31:02 - [TEST_STEP][PASSED] - City = City: null

2019-12-02 00:31:02 - [TEST_STEP][PASSED] - Tel = Tel: null

2019-12-02 00:31:02 - [TEST_STEP][PASSED] - AutoEmail = AutoEmail: null

2019-12-02 00:31:02 - [TEST_STEP][PASSED] - println(FirstName): null

2019-12-02 00:31:02 - [TEST_STEP][PASSED] - println(LastName): null

2019-12-02 00:31:02 - [TEST_STEP][PASSED] - println(Address): null

2019-12-02 00:31:02 - [TEST_STEP][PASSED] - println(City): null

2019-12-02 00:31:02 - [TEST_STEP][PASSED] - println(Tel): null

2019-12-02 00:31:02 - [TEST_STEP][PASSED] - println(AutoEmail): null

2019-12-02 00:31:02 - [MESSAGE][PASSED] - Call Test Case 'Test Cases/mobileWeb/_include/name' successfully

2019-12-02 00:31:02 - [TEST_STEP][PASSED] - setText(findTestObject("mobileSanity/HBI/Page_App Page 1/input__member-P-1-firstName"), FirstName): Text 'Test-123' is set on object 'Object Repository/mobileSanity/HBI/Page_App Page 1/input__member-P-1-firstName'

2019-12-02 00:31:02 - [MESSAGE][PASSED] - Text 'Test-123' is set on object 'Object Repository/mobileSanity/HBI/Page_App Page 1/input__member-P-1-firstName'

2019-12-02 00:31:02 - [TEST_STEP][PASSED] - setText(findTestObject("mobileSanity/HBI/Page_App Page 1/input__member-P-1-lastName"), LastName): Text 'ZZ11-vPXhTITH' is set on object 'Object Repository/mobileSanity/HBI/Page_App Page 1/input__member-P-1-lastName'

2019-12-02 00:31:02 - [MESSAGE][PASSED] - Text 'ZZ11-vPXhTITH' is set on object 'Object Repository/mobileSanity/HBI/Page_App Page 1/input__member-P-1-lastName'

2019-12-02 00:31:02 - [TEST_STEP][PASSED] - if (carrier == "agileone" || carrier == "agilesecure"): Text 'test6' is set on object 'Object Repository/mobileSanity/HBI/Page_App Page 1/input__contingent-beneficiary-relationship'

2019-12-02 00:31:02 - [TEST_STEP][PASSED] - setText(findTestObject("mobileSanity/HBI/Page_App Page 1/input__primary-beneficiary-fir"), "test1"): Text 'test1' is set on object 'Object Repository/mobileSanity/HBI/Page_App Page 1/input__primary-beneficiary-fir'

2019-12-02 00:31:03 - [MESSAGE][PASSED] - Text 'test1' is set on object 'Object Repository/mobileSanity/HBI/Page_App Page 1/input__primary-beneficiary-fir'

2019-12-02 00:31:03 - [TEST_STEP][PASSED] - setText(findTestObject("mobileSanity/HBI/Page_App Page 1/input__primary-beneficiary-las"), "test2"): Text 'test2' is set on object 'Object Repository/mobileSanity/HBI/Page_App Page 1/input__primary-beneficiary-las'

2019-12-02 00:31:03 - [MESSAGE][PASSED] - Text 'test2' is set on object 'Object Repository/mobileSanity/HBI/Page_App Page 1/input__primary-beneficiary-las'

2019-12-02 00:31:03 - [TEST_STEP][PASSED] - setText(findTestObject("mobileSanity/HBI/Page_App Page 1/input__primary-beneficiary-rel"), "test3"): Text 'test3' is set on object 'Object Repository/mobileSanity/HBI/Page_App Page 1/input__primary-beneficiary-rel'

2019-12-02 00:31:03 - [MESSAGE][PASSED] - Text 'test3' is set on object 'Object Repository/mobileSanity/HBI/Page_App Page 1/input__primary-beneficiary-rel'

2019-12-02 00:31:03 - [TEST_STEP][PASSED] - setText(findTestObject("mobileSanity/HBI/Page_App Page 1/input__contingent-beneficiary-"), "test4"): Text 'test4' is set on object 'Object Repository/mobileSanity/HBI/Page_App Page 1/input__contingent-beneficiary-'

2019-12-02 00:31:03 - [MESSAGE][PASSED] - Text 'test4' is set on object 'Object Repository/mobileSanity/HBI/Page_App Page 1/input__contingent-beneficiary-'

2019-12-02 00:31:03 - [TEST_STEP][PASSED] - setText(findTestObject("mobileSanity/HBI/Page_App Page 1/input__contingent-beneficiary-_lastname"), "test5"): Text 'test5' is set on object 'Object Repository/mobileSanity/HBI/Page_App Page 1/input__contingent-beneficiary-_lastname'

2019-12-02 00:31:03 - [MESSAGE][PASSED] - Text 'test5' is set on object 'Object Repository/mobileSanity/HBI/Page_App Page 1/input__contingent-beneficiary-_lastname'

2019-12-02 00:31:03 - [TEST_STEP][PASSED] - setText(findTestObject("mobileSanity/HBI/Page_App Page 1/input__contingent-beneficiary-relationship"), "test6"): Text 'test6' is set on object 'Object Repository/mobileSanity/HBI/Page_App Page 1/input__contingent-beneficiary-relationship'

2019-12-02 00:31:03 - [MESSAGE][PASSED] - Text 'test6' is set on object 'Object Repository/mobileSanity/HBI/Page_App Page 1/input__contingent-beneficiary-relationship'

2019-12-02 00:31:03 - [TEST_STEP][PASSED] - setText(findTestObject("mobileSanity/HBI/Page_App Page 1/input__address"), Address): Text 'MXzRzeHV' is set on object 'Object Repository/mobileSanity/HBI/Page_App Page 1/input__address'

2019-12-02 00:31:04 - [MESSAGE][PASSED] - Text 'MXzRzeHV' is set on object 'Object Repository/mobileSanity/HBI/Page_App Page 1/input__address'

2019-12-02 00:31:04 - [TEST_STEP][PASSED] - setText(findTestObject("mobileSanity/HBI/Page_App Page 1/input__city"), City): Text 'WtjMJXNO' is set on object 'Object Repository/mobileSanity/HBI/Page_App Page 1/input__city'

2019-12-02 00:31:04 - [MESSAGE][PASSED] - Text 'WtjMJXNO' is set on object 'Object Repository/mobileSanity/HBI/Page_App Page 1/input__city'

2019-12-02 00:31:04 - [TEST_STEP][PASSED] - setText(findTestObject("mobileSanity/HBI/Page_App Page 1/input__email"), AutoEmail): Text 'test.sRqXRzXE@suryani.cn' is set on object 'Object Repository/mobileSanity/HBI/Page_App Page 1/input__email'

2019-12-02 00:31:04 - [MESSAGE][PASSED] - Text 'test.sRqXRzXE@suryani.cn' is set on object 'Object Repository/mobileSanity/HBI/Page_App Page 1/input__email'

2019-12-02 00:31:04 - [TEST_STEP][PASSED] - setText(findTestObject("mobileSanity/HBI/Page_App Page 1/input_tel"), Tel): Text '783-928-3326' is set on object 'Object Repository/mobileSanity/HBI/Page_App Page 1/input_tel'

2019-12-02 00:31:04 - [MESSAGE][PASSED] - Text '783-928-3326' is set on object 'Object Repository/mobileSanity/HBI/Page_App Page 1/input_tel'

2019-12-02 00:31:04 - [TEST_STEP][PASSED] - click(findTestObject("mobileSanity/HBI/Page_App Page 1/a_Continue to Step 2 - Payment")): Object: 'Object Repository/mobileSanity/HBI/Page_App Page 1/a_Continue to Step 2 - Payment' is clicked on

2019-12-02 00:31:05 - [MESSAGE][PASSED] - Object: 'Object Repository/mobileSanity/HBI/Page_App Page 1/a_Continue to Step 2 - Payment' is clicked on

2019-12-02 00:31:05 - [TEST_STEP][PASSED] - waitForPageLoad(20): Wait for page load successfully

2019-12-02 00:31:05 - [MESSAGE][PASSED] - Wait for page load successfully

2019-12-02 00:31:05 - [TEST_STEP][PASSED] - Thread.sleep(2000): null

2019-12-02 00:31:07 - [TEST_STEP][PASSED] - waitForElementVisible(findTestObject("mobileSanity/HBI/Page_App Page 2/input__credit-card-first"), 20): Object 'Object Repository/mobileSanity/HBI/Page_App Page 2/input__credit-card-first' is visible

2019-12-02 00:31:07 - [MESSAGE][PASSED] - Object 'Object Repository/mobileSanity/HBI/Page_App Page 2/input__credit-card-first' is visible

2019-12-02 00:31:07 - [TEST_STEP][PASSED] - callTestCase(findTestCase("mobileWeb/_include/get_screenshot"), [:], STOP_ON_FAILURE): Call Test Case 'Test Cases/mobileWeb/_include/get_screenshot' successfully

2019-12-02 00:31:07 - [TEST_CASE][PASSED] - Test Cases/mobileWeb/_include/get_screenshot: Test Cases/mobileWeb/_include/get_screenshot

2019-12-02 00:31:07 - [TEST_STEP][PASSED] - takeScreenshot(screenPath + i + ".png"): Taking screenshot successfully

2019-12-02 00:31:07 - [MESSAGE][PASSED] - Taking screenshot successfully
[[ATTACHMENT|D:\\Test\\AgileTest\\Reports\\HIC\\hic\\20191202_002446\\../Screenshots/iPhone 6/HIC/HBI/Agile Secure/20191202_003032/5.png]]

2019-12-02 00:31:07 - [TEST_STEP][PASSED] - (internal.GlobalVariable.i++): null

2019-12-02 00:31:07 - [MESSAGE][PASSED] - Call Test Case 'Test Cases/mobileWeb/_include/get_screenshot' successfully

2019-12-02 00:31:07 - [TEST_STEP][PASSED] - setText(findTestObject("mobileSanity/HBI/Page_App Page 2/input__credit-card-first"), FirstName): Text 'Test-123' is set on object 'Object Repository/mobileSanity/HBI/Page_App Page 2/input__credit-card-first'

2019-12-02 00:31:07 - [MESSAGE][PASSED] - Text 'Test-123' is set on object 'Object Repository/mobileSanity/HBI/Page_App Page 2/input__credit-card-first'

2019-12-02 00:31:07 - [TEST_STEP][PASSED] - setText(findTestObject("mobileSanity/HBI/Page_App Page 2/input__credit-card-last"), LastName): Text 'ZZ11-vPXhTITH' is set on object 'Object Repository/mobileSanity/HBI/Page_App Page 2/input__credit-card-last'

2019-12-02 00:31:08 - [MESSAGE][PASSED] - Text 'ZZ11-vPXhTITH' is set on object 'Object Repository/mobileSanity/HBI/Page_App Page 2/input__credit-card-last'

2019-12-02 00:31:08 - [TEST_STEP][PASSED] - selectOptionByValue(findTestObject("mobileSanity/HBI/Page_App Page 2/select_MM010203040506070809101"), "12", true): All options with value '12' are selected in object 'Object Repository/mobileSanity/HBI/Page_App Page 2/select_MM010203040506070809101'  using regular expression

2019-12-02 00:31:08 - [MESSAGE][PASSED] - All options with value '12' are selected in object 'Object Repository/mobileSanity/HBI/Page_App Page 2/select_MM010203040506070809101'  using regular expression

2019-12-02 00:31:08 - [TEST_STEP][PASSED] - selectOptionByValue(findTestObject("mobileSanity/HBI/Page_App Page 2/select_YYYY2019202020212022202"), "2026", true): All options with value '2026' are selected in object 'Object Repository/mobileSanity/HBI/Page_App Page 2/select_YYYY2019202020212022202'  using regular expression

2019-12-02 00:31:08 - [MESSAGE][PASSED] - All options with value '2026' are selected in object 'Object Repository/mobileSanity/HBI/Page_App Page 2/select_YYYY2019202020212022202'  using regular expression

2019-12-02 00:31:08 - [TEST_STEP][PASSED] - setText(findTestObject("mobileSanity/HBI/Page_App Page 2/input__credit-card-number"), "4111111111111111"): Text '4111111111111111' is set on object 'Object Repository/mobileSanity/HBI/Page_App Page 2/input__credit-card-number'

2019-12-02 00:31:08 - [MESSAGE][PASSED] - Text '4111111111111111' is set on object 'Object Repository/mobileSanity/HBI/Page_App Page 2/input__credit-card-number'

2019-12-02 00:31:08 - [TEST_STEP][PASSED] - setText(findTestObject("mobileSanity/HBI/Page_App Page 2/input__cvv"), "123"): Text '123' is set on object 'Object Repository/mobileSanity/HBI/Page_App Page 2/input__cvv'

2019-12-02 00:31:08 - [MESSAGE][PASSED] - Text '123' is set on object 'Object Repository/mobileSanity/HBI/Page_App Page 2/input__cvv'

2019-12-02 00:31:08 - [TEST_STEP][PASSED] - click(findTestObject("mobileSanity/HBI/Page_App Page 2/label_My billing address is th")): Object: 'Object Repository/mobileSanity/HBI/Page_App Page 2/label_My billing address is th' is clicked on

2019-12-02 00:31:09 - [MESSAGE][PASSED] - Object: 'Object Repository/mobileSanity/HBI/Page_App Page 2/label_My billing address is th' is clicked on

2019-12-02 00:31:09 - [TEST_STEP][PASSED] - click(findTestObject("mobileSanity/HBI/Page_App Page 2/label_I Accept Authorization f")): Object: 'Object Repository/mobileSanity/HBI/Page_App Page 2/label_I Accept Authorization f' is clicked on

2019-12-02 00:31:09 - [MESSAGE][PASSED] - Object: 'Object Repository/mobileSanity/HBI/Page_App Page 2/label_I Accept Authorization f' is clicked on

2019-12-02 00:31:09 - [TEST_STEP][PASSED] - click(findTestObject("mobileSanity/HBI/Page_App Page 2/a_Continue to Step 3 - Review")): Object: 'Object Repository/mobileSanity/HBI/Page_App Page 2/a_Continue to Step 3 - Review' is clicked on

2019-12-02 00:31:09 - [MESSAGE][PASSED] - Object: 'Object Repository/mobileSanity/HBI/Page_App Page 2/a_Continue to Step 3 - Review' is clicked on

2019-12-02 00:31:09 - [TEST_STEP][PASSED] - waitForPageLoad(20): Wait for page load successfully

2019-12-02 00:31:09 - [MESSAGE][PASSED] - Wait for page load successfully

2019-12-02 00:31:09 - [TEST_STEP][PASSED] - Thread.sleep(10000): null

2019-12-02 00:31:19 - [TEST_STEP][PASSED] - waitForElementPresent(findTestObject("mobileSanity/HBI/Page_App Page 3/label"), 20): Object 'Object Repository/mobileSanity/HBI/Page_App Page 3/label' is present

2019-12-02 00:31:19 - [MESSAGE][PASSED] - Object 'Object Repository/mobileSanity/HBI/Page_App Page 3/label' is present

2019-12-02 00:31:19 - [TEST_STEP][PASSED] - callTestCase(findTestCase("mobileWeb/_include/get_screenshot"), [:], STOP_ON_FAILURE): Call Test Case 'Test Cases/mobileWeb/_include/get_screenshot' successfully

2019-12-02 00:31:19 - [TEST_CASE][PASSED] - Test Cases/mobileWeb/_include/get_screenshot: Test Cases/mobileWeb/_include/get_screenshot

2019-12-02 00:31:19 - [TEST_STEP][PASSED] - takeScreenshot(screenPath + i + ".png"): Taking screenshot successfully

2019-12-02 00:31:20 - [MESSAGE][PASSED] - Taking screenshot successfully
[[ATTACHMENT|D:\\Test\\AgileTest\\Reports\\HIC\\hic\\20191202_002446\\../Screenshots/iPhone 6/HIC/HBI/Agile Secure/20191202_003032/6.png]]

2019-12-02 00:31:20 - [TEST_STEP][PASSED] - (internal.GlobalVariable.i++): null

2019-12-02 00:31:20 - [MESSAGE][PASSED] - Call Test Case 'Test Cases/mobileWeb/_include/get_screenshot' successfully

2019-12-02 00:31:20 - [TEST_STEP][PASSED] - click(findTestObject("mobileSanity/HBI/Page_App Page 3/label")): Object: 'Object Repository/mobileSanity/HBI/Page_App Page 3/label' is clicked on

2019-12-02 00:31:20 - [MESSAGE][PASSED] - Object: 'Object Repository/mobileSanity/HBI/Page_App Page 3/label' is clicked on

2019-12-02 00:31:20 - [TEST_STEP][PASSED] - click(findTestObject("mobileSanity/HBI/Page_App Page 3/p_CLICK TO SIGN")): Object: 'Object Repository/mobileSanity/HBI/Page_App Page 3/p_CLICK TO SIGN' is clicked on

2019-12-02 00:31:20 - [MESSAGE][PASSED] - Object: 'Object Repository/mobileSanity/HBI/Page_App Page 3/p_CLICK TO SIGN' is clicked on

2019-12-02 00:31:20 - [TEST_STEP][PASSED] - click(findTestObject("mobileSanity/HBI/Page_App Page 3/a_Submit Your Application")): Object: 'Object Repository/mobileSanity/HBI/Page_App Page 3/a_Submit Your Application' is clicked on

2019-12-02 00:31:20 - [MESSAGE][PASSED] - Object: 'Object Repository/mobileSanity/HBI/Page_App Page 3/a_Submit Your Application' is clicked on

2019-12-02 00:31:20 - [TEST_STEP][PASSED] - Thread.sleep(30000): null

2019-12-02 00:31:50 - [TEST_STEP][PASSED] - callTestCase(findTestCase("mobileWeb/_include/get_screenshot"), [:], STOP_ON_FAILURE): Call Test Case 'Test Cases/mobileWeb/_include/get_screenshot' successfully

2019-12-02 00:31:50 - [TEST_CASE][PASSED] - Test Cases/mobileWeb/_include/get_screenshot: Test Cases/mobileWeb/_include/get_screenshot

2019-12-02 00:31:50 - [TEST_STEP][PASSED] - takeScreenshot(screenPath + i + ".png"): Taking screenshot successfully

2019-12-02 00:31:50 - [MESSAGE][PASSED] - Taking screenshot successfully
[[ATTACHMENT|D:\\Test\\AgileTest\\Reports\\HIC\\hic\\20191202_002446\\../Screenshots/iPhone 6/HIC/HBI/Agile Secure/20191202_003032/7.png]]

2019-12-02 00:31:50 - [TEST_STEP][PASSED] - (internal.GlobalVariable.i++): null

2019-12-02 00:31:50 - [MESSAGE][PASSED] - Call Test Case 'Test Cases/mobileWeb/_include/get_screenshot' successfully

2019-12-02 00:31:50 - [TEST_STEP][PASSED] - verifyTextPresent("Congratulations", false): Text 'Congratulations' is present on page 

2019-12-02 00:31:51 - [MESSAGE][PASSED] - Text 'Congratulations' is present on page 

2019-12-02 00:31:51 - [MESSAGE][PASSED] - Call Test Case 'Test Cases/mobileWeb/_include/goToEnd_hbi' successfully]]></system-out>
         <system-err><![CDATA[]]></system-err>
      </testcase>
      <testcase name="Test Cases/HIC/HBI/Cardinal Choice" classname="Test Cases/HIC/HBI/Cardinal Choice" status="PASSED">
         <system-out><![CDATA[2019-12-02 00:31:51 - [TEST_CASE][PASSED] - Test Cases/HIC/HBI/Cardinal Choice: Test Cases/HIC/HBI/Cardinal Choice

2019-12-02 00:31:51 - [TEST_STEP][PASSED] - callTestCase(findTestCase("HIC/_include/get_hicScreenPath"), ["project":"HIC", "productLine":"HBI", "carrierName":"Cardinal Choice"], CONTINUE_ON_FAILURE): Call Test Case 'Test Cases/HIC/_include/get_hicScreenPath' successfully

2019-12-02 00:31:51 - [TEST_CASE][PASSED] - Test Cases/HIC/_include/get_hicScreenPath: Test Cases/HIC/_include/get_hicScreenPath

2019-12-02 00:31:51 - [TEST_STEP][PASSED] - m = getExecutionProperties(): null

2019-12-02 00:31:51 - [TEST_STEP][PASSED] - deviceName = get("mobileEmulation").get("deviceName"): null

2019-12-02 00:31:51 - [TEST_STEP][PASSED] - println(deviceName): null

2019-12-02 00:31:51 - [TEST_STEP][PASSED] - now = new java.util.Date(): null

2019-12-02 00:31:51 - [TEST_STEP][PASSED] - mydate = now.format("yyyyMMdd_HHmmss"): null

2019-12-02 00:31:51 - [TEST_STEP][PASSED] - screenPath = "../Screenshots/": null

2019-12-02 00:31:51 - [TEST_STEP][PASSED] - screenPath = screenPath + deviceName + "/" + project + "/" + productLine + "/" + carrierName + "/" + mydate + "/": null

2019-12-02 00:31:51 - [TEST_STEP][PASSED] - println(screenPath): null

2019-12-02 00:31:51 - [MESSAGE][PASSED] - Call Test Case 'Test Cases/HIC/_include/get_hicScreenPath' successfully

2019-12-02 00:31:51 - [TEST_STEP][PASSED] - i = 0: null

2019-12-02 00:31:51 - [TEST_STEP][PASSED] - callTestCase(findTestCase("mobileWeb/_include/openWebSite"), ["env":"https://qa.healthinsurance.com/"], CONTINUE_ON_FAILURE): Call Test Case 'Test Cases/mobileWeb/_include/openWebSite' successfully

2019-12-02 00:31:51 - [TEST_CASE][PASSED] - Test Cases/mobileWeb/_include/openWebSite: Test Cases/mobileWeb/_include/openWebSite

2019-12-02 00:31:51 - [TEST_STEP][PASSED] - openBrowser(env): Browser is opened with url: 'https://qa.healthinsurance.com/'

2019-12-02 00:31:51 - [MESSAGE][WARNING] - A browser is already opened. Closing browser and opening a new one

2019-12-02 00:31:52 - [MESSAGE][INFO] - Starting 'Chrome' driver

2019-12-02 00:31:52 - [MESSAGE][INFO] - User set preference: ['mobileEmulation', '{deviceName=iPhone 6}']

2019-12-02 00:31:52 - [MESSAGE][INFO] - User set preference: ['args', '[--incognito, --aggressive-cache-discard, --window-size=375,677, --no-sandbox]']

2019-12-02 00:31:55 - [MESSAGE][PASSED] - Browser is opened with url: 'https://qa.healthinsurance.com/'

2019-12-02 00:31:55 - [TEST_STEP][PASSED] - waitForPageLoad(20): Wait for page load successfully

2019-12-02 00:31:55 - [MESSAGE][PASSED] - Wait for page load successfully

2019-12-02 00:31:55 - [TEST_STEP][PASSED] - callTestCase(findTestCase("mobileWeb/_include/get_screenshot"), [:], STOP_ON_FAILURE): Call Test Case 'Test Cases/mobileWeb/_include/get_screenshot' successfully

2019-12-02 00:31:55 - [TEST_CASE][PASSED] - Test Cases/mobileWeb/_include/get_screenshot: Test Cases/mobileWeb/_include/get_screenshot

2019-12-02 00:31:55 - [TEST_STEP][PASSED] - takeScreenshot(screenPath + i + ".png"): Taking screenshot successfully

2019-12-02 00:31:56 - [MESSAGE][PASSED] - Taking screenshot successfully
[[ATTACHMENT|D:\\Test\\AgileTest\\Reports\\HIC\\hic\\20191202_002446\\../Screenshots/iPhone 6/HIC/HBI/Cardinal Choice/20191202_003151/0.png]]

2019-12-02 00:31:56 - [TEST_STEP][PASSED] - (internal.GlobalVariable.i++): null

2019-12-02 00:31:56 - [MESSAGE][PASSED] - Call Test Case 'Test Cases/mobileWeb/_include/get_screenshot' successfully

2019-12-02 00:31:56 - [MESSAGE][PASSED] - Call Test Case 'Test Cases/mobileWeb/_include/openWebSite' successfully

2019-12-02 00:31:56 - [TEST_STEP][PASSED] - click(findTestObject("hic/nav/navButton")): Object: 'Object Repository/hic/nav/navButton' is clicked on

2019-12-02 00:31:56 - [MESSAGE][PASSED] - Object: 'Object Repository/hic/nav/navButton' is clicked on

2019-12-02 00:31:56 - [TEST_STEP][PASSED] - Thread.sleep(2000): null

2019-12-02 00:31:58 - [TEST_STEP][PASSED] - click(findTestObject("hic/nav/hbiLink")): Object: 'Object Repository/hic/nav/hbiLink' is clicked on

2019-12-02 00:31:58 - [MESSAGE][PASSED] - Object: 'Object Repository/hic/nav/hbiLink' is clicked on

2019-12-02 00:31:58 - [TEST_STEP][PASSED] - Thread.sleep(2000): null

2019-12-02 00:32:00 - [TEST_STEP][PASSED] - callTestCase(findTestCase("mobileWeb/_include/get_screenshot"), [:], STOP_ON_FAILURE): Call Test Case 'Test Cases/mobileWeb/_include/get_screenshot' successfully

2019-12-02 00:32:00 - [TEST_CASE][PASSED] - Test Cases/mobileWeb/_include/get_screenshot: Test Cases/mobileWeb/_include/get_screenshot

2019-12-02 00:32:00 - [TEST_STEP][PASSED] - takeScreenshot(screenPath + i + ".png"): Taking screenshot successfully

2019-12-02 00:32:00 - [MESSAGE][PASSED] - Taking screenshot successfully
[[ATTACHMENT|D:\\Test\\AgileTest\\Reports\\HIC\\hic\\20191202_002446\\../Screenshots/iPhone 6/HIC/HBI/Cardinal Choice/20191202_003151/1.png]]

2019-12-02 00:32:00 - [TEST_STEP][PASSED] - (internal.GlobalVariable.i++): null

2019-12-02 00:32:00 - [MESSAGE][PASSED] - Call Test Case 'Test Cases/mobileWeb/_include/get_screenshot' successfully

2019-12-02 00:32:00 - [TEST_STEP][PASSED] - callTestCase(findTestCase("HIC/_include/stm_census"), ["zipcode":"35215"], STOP_ON_FAILURE): Call Test Case 'Test Cases/HIC/_include/stm_census' successfully

2019-12-02 00:32:00 - [TEST_CASE][PASSED] - Test Cases/HIC/_include/stm_census: Test Cases/HIC/_include/stm_census

2019-12-02 00:32:00 - [TEST_STEP][PASSED] - setText(findTestObject("hic/stm/zip"), zipcode): Text '35215' is set on object 'Object Repository/hic/stm/zip'

2019-12-02 00:32:00 - [MESSAGE][PASSED] - Text '35215' is set on object 'Object Repository/hic/stm/zip'

2019-12-02 00:32:00 - [TEST_STEP][PASSED] - Thread.sleep(500): null

2019-12-02 00:32:01 - [TEST_STEP][PASSED] - setText(findTestObject("hic/stm/primaryDOB"), "03031987"): Text '03031987' is set on object 'Object Repository/hic/stm/primaryDOB'

2019-12-02 00:32:01 - [MESSAGE][PASSED] - Text '03031987' is set on object 'Object Repository/hic/stm/primaryDOB'

2019-12-02 00:32:01 - [TEST_STEP][PASSED] - click(findTestObject("hic/stm/female")): Object: 'Object Repository/hic/stm/female' is clicked on

2019-12-02 00:32:01 - [MESSAGE][PASSED] - Object: 'Object Repository/hic/stm/female' is clicked on

2019-12-02 00:32:01 - [TEST_STEP][PASSED] - Thread.sleep(3000): null

2019-12-02 00:32:04 - [TEST_STEP][PASSED] - click(findTestObject("hic/stm/submitButton")): Object: 'Object Repository/hic/stm/submitButton' is clicked on

2019-12-02 00:32:05 - [MESSAGE][PASSED] - Object: 'Object Repository/hic/stm/submitButton' is clicked on

2019-12-02 00:32:05 - [TEST_STEP][PASSED] - Thread.sleep(6000): null

2019-12-02 00:32:11 - [TEST_STEP][PASSED] - callTestCase(findTestCase("mobileWeb/_include/get_screenshot"), [:], STOP_ON_FAILURE): Call Test Case 'Test Cases/mobileWeb/_include/get_screenshot' successfully

2019-12-02 00:32:11 - [TEST_CASE][PASSED] - Test Cases/mobileWeb/_include/get_screenshot: Test Cases/mobileWeb/_include/get_screenshot

2019-12-02 00:32:11 - [TEST_STEP][PASSED] - takeScreenshot(screenPath + i + ".png"): Taking screenshot successfully

2019-12-02 00:32:12 - [MESSAGE][PASSED] - Taking screenshot successfully
[[ATTACHMENT|D:\\Test\\AgileTest\\Reports\\HIC\\hic\\20191202_002446\\../Screenshots/iPhone 6/HIC/HBI/Cardinal Choice/20191202_003151/2.png]]

2019-12-02 00:32:12 - [TEST_STEP][PASSED] - (internal.GlobalVariable.i++): null

2019-12-02 00:32:12 - [MESSAGE][PASSED] - Call Test Case 'Test Cases/mobileWeb/_include/get_screenshot' successfully

2019-12-02 00:32:12 - [TEST_STEP][PASSED] - Thread.sleep(1000): null

2019-12-02 00:32:13 - [MESSAGE][PASSED] - Call Test Case 'Test Cases/HIC/_include/stm_census' successfully

2019-12-02 00:32:13 - [TEST_STEP][PASSED] - Thread.sleep(5000): null

2019-12-02 00:32:18 - [TEST_STEP][PASSED] - scrollToPosition(200, 2300): Browser is scrolled to position x = 200, y = 2300

2019-12-02 00:32:18 - [MESSAGE][PASSED] - Browser is scrolled to position x = 200, y = 2300

2019-12-02 00:32:18 - [TEST_STEP][PASSED] - click(findTestObject("mobileSanity/HBI/quote/a_Cardinal Choice")): Object: 'Object Repository/mobileSanity/HBI/quote/a_Cardinal Choice' is clicked on

2019-12-02 00:32:18 - [MESSAGE][PASSED] - Object: 'Object Repository/mobileSanity/HBI/quote/a_Cardinal Choice' is clicked on

2019-12-02 00:32:18 - [TEST_STEP][PASSED] - waitForPageLoad(20): Wait for page load successfully

2019-12-02 00:32:18 - [MESSAGE][PASSED] - Wait for page load successfully

2019-12-02 00:32:18 - [TEST_STEP][PASSED] - callTestCase(findTestCase("mobileWeb/_include/get_screenshot"), [:], STOP_ON_FAILURE): Call Test Case 'Test Cases/mobileWeb/_include/get_screenshot' successfully

2019-12-02 00:32:18 - [TEST_CASE][PASSED] - Test Cases/mobileWeb/_include/get_screenshot: Test Cases/mobileWeb/_include/get_screenshot

2019-12-02 00:32:18 - [TEST_STEP][PASSED] - takeScreenshot(screenPath + i + ".png"): Taking screenshot successfully

2019-12-02 00:32:19 - [MESSAGE][PASSED] - Taking screenshot successfully
[[ATTACHMENT|D:\\Test\\AgileTest\\Reports\\HIC\\hic\\20191202_002446\\../Screenshots/iPhone 6/HIC/HBI/Cardinal Choice/20191202_003151/3.png]]

2019-12-02 00:32:19 - [TEST_STEP][PASSED] - (internal.GlobalVariable.i++): null

2019-12-02 00:32:19 - [MESSAGE][PASSED] - Call Test Case 'Test Cases/mobileWeb/_include/get_screenshot' successfully

2019-12-02 00:32:19 - [TEST_STEP][PASSED] - click(findTestObject("mobileSanity/HBI/detail/a_Apply for This Plan")): Object: 'Object Repository/mobileSanity/HBI/detail/a_Apply for This Plan' is clicked on

2019-12-02 00:32:19 - [MESSAGE][PASSED] - Object: 'Object Repository/mobileSanity/HBI/detail/a_Apply for This Plan' is clicked on

2019-12-02 00:32:19 - [TEST_STEP][PASSED] - waitForPageLoad(20): Wait for page load successfully

2019-12-02 00:32:19 - [MESSAGE][PASSED] - Wait for page load successfully

2019-12-02 00:32:19 - [TEST_STEP][PASSED] - callTestCase(findTestCase("mobileWeb/_include/get_screenshot"), [:], STOP_ON_FAILURE): Call Test Case 'Test Cases/mobileWeb/_include/get_screenshot' successfully

2019-12-02 00:32:19 - [TEST_CASE][PASSED] - Test Cases/mobileWeb/_include/get_screenshot: Test Cases/mobileWeb/_include/get_screenshot

2019-12-02 00:32:19 - [TEST_STEP][PASSED] - takeScreenshot(screenPath + i + ".png"): Taking screenshot successfully

2019-12-02 00:32:20 - [MESSAGE][PASSED] - Taking screenshot successfully
[[ATTACHMENT|D:\\Test\\AgileTest\\Reports\\HIC\\hic\\20191202_002446\\../Screenshots/iPhone 6/HIC/HBI/Cardinal Choice/20191202_003151/4.png]]

2019-12-02 00:32:20 - [TEST_STEP][PASSED] - (internal.GlobalVariable.i++): null

2019-12-02 00:32:20 - [MESSAGE][PASSED] - Call Test Case 'Test Cases/mobileWeb/_include/get_screenshot' successfully

2019-12-02 00:32:20 - [TEST_STEP][PASSED] - click(findTestObject("mobileSanity/HBI/Page_Apply/span_Start Secure Application")): Object: 'Object Repository/mobileSanity/HBI/Page_Apply/span_Start Secure Application' is clicked on

2019-12-02 00:32:20 - [MESSAGE][PASSED] - Object: 'Object Repository/mobileSanity/HBI/Page_Apply/span_Start Secure Application' is clicked on

2019-12-02 00:32:20 - [TEST_STEP][PASSED] - waitForPageLoad(20): Wait for page load successfully

2019-12-02 00:32:20 - [MESSAGE][PASSED] - Wait for page load successfully

2019-12-02 00:32:20 - [TEST_STEP][PASSED] - Thread.sleep(5000): null

2019-12-02 00:32:25 - [TEST_STEP][PASSED] - callTestCase(findTestCase("mobileWeb/_include/get_screenshot"), [:], STOP_ON_FAILURE): Call Test Case 'Test Cases/mobileWeb/_include/get_screenshot' successfully

2019-12-02 00:32:25 - [TEST_CASE][PASSED] - Test Cases/mobileWeb/_include/get_screenshot: Test Cases/mobileWeb/_include/get_screenshot

2019-12-02 00:32:25 - [TEST_STEP][PASSED] - takeScreenshot(screenPath + i + ".png"): Taking screenshot successfully

2019-12-02 00:32:26 - [MESSAGE][PASSED] - Taking screenshot successfully
[[ATTACHMENT|D:\\Test\\AgileTest\\Reports\\HIC\\hic\\20191202_002446\\../Screenshots/iPhone 6/HIC/HBI/Cardinal Choice/20191202_003151/5.png]]

2019-12-02 00:32:26 - [TEST_STEP][PASSED] - (internal.GlobalVariable.i++): null

2019-12-02 00:32:26 - [MESSAGE][PASSED] - Call Test Case 'Test Cases/mobileWeb/_include/get_screenshot' successfully

2019-12-02 00:32:26 - [TEST_STEP][PASSED] - callTestCase(findTestCase("mobileWeb/_include/goToEnd_hbi"), ["carrier":"cardinalchoice"], CONTINUE_ON_FAILURE): Call Test Case 'Test Cases/mobileWeb/_include/goToEnd_hbi' successfully

2019-12-02 00:32:26 - [TEST_CASE][PASSED] - Test Cases/mobileWeb/_include/goToEnd_hbi: Test Cases/mobileWeb/_include/goToEnd_hbi

2019-12-02 00:32:26 - [TEST_STEP][PASSED] - if (state == "ca"): null

2019-12-02 00:32:26 - [TEST_STEP][PASSED] - callTestCase(findTestCase("mobileWeb/_include/name"), [:], CONTINUE_ON_FAILURE): Call Test Case 'Test Cases/mobileWeb/_include/name' successfully

2019-12-02 00:32:26 - [TEST_CASE][PASSED] - Test Cases/mobileWeb/_include/name: Test Cases/mobileWeb/_include/name

2019-12-02 00:32:26 - [TEST_STEP][PASSED] - driver = getWebDriver(): null

2019-12-02 00:32:26 - [TEST_STEP][PASSED] - selenium = new com.thoughtworks.selenium.webdriven.WebDriverBackedSelenium(driver, internal.GlobalVariable.ENV): null

2019-12-02 00:32:26 - [TEST_STEP][PASSED] - FirstName = "Test-123": null

2019-12-02 00:32:26 - [TEST_STEP][PASSED] - LastName = selenium.getEval("{var x="ABCDEFGHIJKLMNOPQRSTUVWXYZabcdefghijklmnopqrstuvwxyz"; var tmp="ZZ11-"; for (i=0;i<8;i++) tmp+=x.charAt(Math.ceil(51*Math.random()));tmp;}"): null

2019-12-02 00:32:26 - [TEST_STEP][PASSED] - Address = selenium.getEval("{var x="ABCDEFGHIJKLMNOPQRSTUVWXYZabcdefghijklmnopqrstuvwxyz"; var tmp=""; for (i=0;i<8;i++) tmp+=x.charAt(Math.ceil(51*Math.random()));tmp;}"): null

2019-12-02 00:32:26 - [TEST_STEP][PASSED] - City = selenium.getEval("{var x="ABCDEFGHIJKLMNOPQRSTUVWXYZabcdefghijklmnopqrstuvwxyz"; var tmp=""; for (i=0;i<8;i++) tmp+=x.charAt(Math.ceil(51*Math.random()));tmp;}"): null

2019-12-02 00:32:26 - [TEST_STEP][PASSED] - tel1 = selenium.getEval("{var x="123456789"; var tmp=""; for (i=0;i<3;i++) tmp+=x.charAt(Math.ceil(8*Math.random()));tmp;}"): null

2019-12-02 00:32:26 - [TEST_STEP][PASSED] - tel2 = selenium.getEval("{var x="123456789"; var tmp=""; for (i=0;i<3;i++) tmp+=x.charAt(Math.ceil(8*Math.random()));tmp;}"): null

2019-12-02 00:32:26 - [TEST_STEP][PASSED] - tel3 = selenium.getEval("{var x="123456789"; var tmp=""; for (i=0;i<4;i++) tmp+=x.charAt(Math.ceil(8*Math.random()));tmp;}"): null

2019-12-02 00:32:26 - [TEST_STEP][PASSED] - Tel = selenium.getExpression(tel1 + "-" + tel2 + "-" + tel3): null

2019-12-02 00:32:26 - [TEST_STEP][PASSED] - AutoEmail = selenium.getEval("{var x="ABCDEFGHIJKLMNOPQRSTUVWXYZabcdefghijklmnopqrstuvwxyz"; var tmp="test."; for (i=0;i<8;i++) tmp+=x.charAt(Math.ceil(51*Math.random()));tmp+="@suryani.cn";}"): null

2019-12-02 00:32:26 - [TEST_STEP][PASSED] - FirstName = FirstName: null

2019-12-02 00:32:26 - [TEST_STEP][PASSED] - LastName = LastName: null

2019-12-02 00:32:26 - [TEST_STEP][PASSED] - Address = Address: null

2019-12-02 00:32:26 - [TEST_STEP][PASSED] - City = City: null

2019-12-02 00:32:26 - [TEST_STEP][PASSED] - Tel = Tel: null

2019-12-02 00:32:26 - [TEST_STEP][PASSED] - AutoEmail = AutoEmail: null

2019-12-02 00:32:26 - [TEST_STEP][PASSED] - println(FirstName): null

2019-12-02 00:32:26 - [TEST_STEP][PASSED] - println(LastName): null

2019-12-02 00:32:26 - [TEST_STEP][PASSED] - println(Address): null

2019-12-02 00:32:26 - [TEST_STEP][PASSED] - println(City): null

2019-12-02 00:32:26 - [TEST_STEP][PASSED] - println(Tel): null

2019-12-02 00:32:26 - [TEST_STEP][PASSED] - println(AutoEmail): null

2019-12-02 00:32:26 - [MESSAGE][PASSED] - Call Test Case 'Test Cases/mobileWeb/_include/name' successfully

2019-12-02 00:32:26 - [TEST_STEP][PASSED] - setText(findTestObject("mobileSanity/HBI/Page_App Page 1/input__member-P-1-firstName"), FirstName): Text 'Test-123' is set on object 'Object Repository/mobileSanity/HBI/Page_App Page 1/input__member-P-1-firstName'

2019-12-02 00:32:27 - [MESSAGE][PASSED] - Text 'Test-123' is set on object 'Object Repository/mobileSanity/HBI/Page_App Page 1/input__member-P-1-firstName'

2019-12-02 00:32:27 - [TEST_STEP][PASSED] - setText(findTestObject("mobileSanity/HBI/Page_App Page 1/input__member-P-1-lastName"), LastName): Text 'ZZ11-objFiFRk' is set on object 'Object Repository/mobileSanity/HBI/Page_App Page 1/input__member-P-1-lastName'

2019-12-02 00:32:27 - [MESSAGE][PASSED] - Text 'ZZ11-objFiFRk' is set on object 'Object Repository/mobileSanity/HBI/Page_App Page 1/input__member-P-1-lastName'

2019-12-02 00:32:27 - [TEST_STEP][PASSED] - if (carrier == "agileone" || carrier == "agilesecure"): null

2019-12-02 00:32:27 - [TEST_STEP][PASSED] - setText(findTestObject("mobileSanity/HBI/Page_App Page 1/input__address"), Address): Text 'oDOxDYZZ' is set on object 'Object Repository/mobileSanity/HBI/Page_App Page 1/input__address'

2019-12-02 00:32:27 - [MESSAGE][PASSED] - Text 'oDOxDYZZ' is set on object 'Object Repository/mobileSanity/HBI/Page_App Page 1/input__address'

2019-12-02 00:32:27 - [TEST_STEP][PASSED] - setText(findTestObject("mobileSanity/HBI/Page_App Page 1/input__city"), City): Text 'lYPiwjkB' is set on object 'Object Repository/mobileSanity/HBI/Page_App Page 1/input__city'

2019-12-02 00:32:27 - [MESSAGE][PASSED] - Text 'lYPiwjkB' is set on object 'Object Repository/mobileSanity/HBI/Page_App Page 1/input__city'

2019-12-02 00:32:27 - [TEST_STEP][PASSED] - setText(findTestObject("mobileSanity/HBI/Page_App Page 1/input__email"), AutoEmail): Text 'test.dEmZcGQG@suryani.cn' is set on object 'Object Repository/mobileSanity/HBI/Page_App Page 1/input__email'

2019-12-02 00:32:28 - [MESSAGE][PASSED] - Text 'test.dEmZcGQG@suryani.cn' is set on object 'Object Repository/mobileSanity/HBI/Page_App Page 1/input__email'

2019-12-02 00:32:28 - [TEST_STEP][PASSED] - setText(findTestObject("mobileSanity/HBI/Page_App Page 1/input_tel"), Tel): Text '932-833-9955' is set on object 'Object Repository/mobileSanity/HBI/Page_App Page 1/input_tel'

2019-12-02 00:32:28 - [MESSAGE][PASSED] - Text '932-833-9955' is set on object 'Object Repository/mobileSanity/HBI/Page_App Page 1/input_tel'

2019-12-02 00:32:28 - [TEST_STEP][PASSED] - click(findTestObject("mobileSanity/HBI/Page_App Page 1/a_Continue to Step 2 - Payment")): Object: 'Object Repository/mobileSanity/HBI/Page_App Page 1/a_Continue to Step 2 - Payment' is clicked on

2019-12-02 00:32:28 - [MESSAGE][PASSED] - Object: 'Object Repository/mobileSanity/HBI/Page_App Page 1/a_Continue to Step 2 - Payment' is clicked on

2019-12-02 00:32:28 - [TEST_STEP][PASSED] - waitForPageLoad(20): Wait for page load successfully

2019-12-02 00:32:28 - [MESSAGE][PASSED] - Wait for page load successfully

2019-12-02 00:32:28 - [TEST_STEP][PASSED] - Thread.sleep(2000): null

2019-12-02 00:32:30 - [TEST_STEP][PASSED] - waitForElementVisible(findTestObject("mobileSanity/HBI/Page_App Page 2/input__credit-card-first"), 20): Object 'Object Repository/mobileSanity/HBI/Page_App Page 2/input__credit-card-first' is visible

2019-12-02 00:32:30 - [MESSAGE][PASSED] - Object 'Object Repository/mobileSanity/HBI/Page_App Page 2/input__credit-card-first' is visible

2019-12-02 00:32:30 - [TEST_STEP][PASSED] - callTestCase(findTestCase("mobileWeb/_include/get_screenshot"), [:], STOP_ON_FAILURE): Call Test Case 'Test Cases/mobileWeb/_include/get_screenshot' successfully

2019-12-02 00:32:30 - [TEST_CASE][PASSED] - Test Cases/mobileWeb/_include/get_screenshot: Test Cases/mobileWeb/_include/get_screenshot

2019-12-02 00:32:30 - [TEST_STEP][PASSED] - takeScreenshot(screenPath + i + ".png"): Taking screenshot successfully

2019-12-02 00:32:31 - [MESSAGE][PASSED] - Taking screenshot successfully
[[ATTACHMENT|D:\\Test\\AgileTest\\Reports\\HIC\\hic\\20191202_002446\\../Screenshots/iPhone 6/HIC/HBI/Cardinal Choice/20191202_003151/6.png]]

2019-12-02 00:32:31 - [TEST_STEP][PASSED] - (internal.GlobalVariable.i++): null

2019-12-02 00:32:31 - [MESSAGE][PASSED] - Call Test Case 'Test Cases/mobileWeb/_include/get_screenshot' successfully

2019-12-02 00:32:31 - [TEST_STEP][PASSED] - setText(findTestObject("mobileSanity/HBI/Page_App Page 2/input__credit-card-first"), FirstName): Text 'Test-123' is set on object 'Object Repository/mobileSanity/HBI/Page_App Page 2/input__credit-card-first'

2019-12-02 00:32:31 - [MESSAGE][PASSED] - Text 'Test-123' is set on object 'Object Repository/mobileSanity/HBI/Page_App Page 2/input__credit-card-first'

2019-12-02 00:32:31 - [TEST_STEP][PASSED] - setText(findTestObject("mobileSanity/HBI/Page_App Page 2/input__credit-card-last"), LastName): Text 'ZZ11-objFiFRk' is set on object 'Object Repository/mobileSanity/HBI/Page_App Page 2/input__credit-card-last'

2019-12-02 00:32:31 - [MESSAGE][PASSED] - Text 'ZZ11-objFiFRk' is set on object 'Object Repository/mobileSanity/HBI/Page_App Page 2/input__credit-card-last'

2019-12-02 00:32:31 - [TEST_STEP][PASSED] - selectOptionByValue(findTestObject("mobileSanity/HBI/Page_App Page 2/select_MM010203040506070809101"), "12", true): All options with value '12' are selected in object 'Object Repository/mobileSanity/HBI/Page_App Page 2/select_MM010203040506070809101'  using regular expression

2019-12-02 00:32:31 - [MESSAGE][PASSED] - All options with value '12' are selected in object 'Object Repository/mobileSanity/HBI/Page_App Page 2/select_MM010203040506070809101'  using regular expression

2019-12-02 00:32:31 - [TEST_STEP][PASSED] - selectOptionByValue(findTestObject("mobileSanity/HBI/Page_App Page 2/select_YYYY2019202020212022202"), "2026", true): All options with value '2026' are selected in object 'Object Repository/mobileSanity/HBI/Page_App Page 2/select_YYYY2019202020212022202'  using regular expression

2019-12-02 00:32:31 - [MESSAGE][PASSED] - All options with value '2026' are selected in object 'Object Repository/mobileSanity/HBI/Page_App Page 2/select_YYYY2019202020212022202'  using regular expression

2019-12-02 00:32:31 - [TEST_STEP][PASSED] - setText(findTestObject("mobileSanity/HBI/Page_App Page 2/input__credit-card-number"), "4111111111111111"): Text '4111111111111111' is set on object 'Object Repository/mobileSanity/HBI/Page_App Page 2/input__credit-card-number'

2019-12-02 00:32:31 - [MESSAGE][PASSED] - Text '4111111111111111' is set on object 'Object Repository/mobileSanity/HBI/Page_App Page 2/input__credit-card-number'

2019-12-02 00:32:31 - [TEST_STEP][PASSED] - setText(findTestObject("mobileSanity/HBI/Page_App Page 2/input__cvv"), "123"): Text '123' is set on object 'Object Repository/mobileSanity/HBI/Page_App Page 2/input__cvv'

2019-12-02 00:32:32 - [MESSAGE][PASSED] - Text '123' is set on object 'Object Repository/mobileSanity/HBI/Page_App Page 2/input__cvv'

2019-12-02 00:32:32 - [TEST_STEP][PASSED] - click(findTestObject("mobileSanity/HBI/Page_App Page 2/label_My billing address is th")): Object: 'Object Repository/mobileSanity/HBI/Page_App Page 2/label_My billing address is th' is clicked on

2019-12-02 00:32:32 - [MESSAGE][PASSED] - Object: 'Object Repository/mobileSanity/HBI/Page_App Page 2/label_My billing address is th' is clicked on

2019-12-02 00:32:32 - [TEST_STEP][PASSED] - click(findTestObject("mobileSanity/HBI/Page_App Page 2/label_I Accept Authorization f")): Object: 'Object Repository/mobileSanity/HBI/Page_App Page 2/label_I Accept Authorization f' is clicked on

2019-12-02 00:32:32 - [MESSAGE][PASSED] - Object: 'Object Repository/mobileSanity/HBI/Page_App Page 2/label_I Accept Authorization f' is clicked on

2019-12-02 00:32:32 - [TEST_STEP][PASSED] - click(findTestObject("mobileSanity/HBI/Page_App Page 2/a_Continue to Step 3 - Review")): Object: 'Object Repository/mobileSanity/HBI/Page_App Page 2/a_Continue to Step 3 - Review' is clicked on

2019-12-02 00:32:32 - [MESSAGE][PASSED] - Object: 'Object Repository/mobileSanity/HBI/Page_App Page 2/a_Continue to Step 3 - Review' is clicked on

2019-12-02 00:32:32 - [TEST_STEP][PASSED] - waitForPageLoad(20): Wait for page load successfully

2019-12-02 00:32:32 - [MESSAGE][PASSED] - Wait for page load successfully

2019-12-02 00:32:32 - [TEST_STEP][PASSED] - Thread.sleep(10000): null

2019-12-02 00:32:42 - [TEST_STEP][PASSED] - waitForElementPresent(findTestObject("mobileSanity/HBI/Page_App Page 3/label"), 20): Object 'Object Repository/mobileSanity/HBI/Page_App Page 3/label' is present

2019-12-02 00:32:43 - [MESSAGE][PASSED] - Object 'Object Repository/mobileSanity/HBI/Page_App Page 3/label' is present

2019-12-02 00:32:43 - [TEST_STEP][PASSED] - callTestCase(findTestCase("mobileWeb/_include/get_screenshot"), [:], STOP_ON_FAILURE): Call Test Case 'Test Cases/mobileWeb/_include/get_screenshot' successfully

2019-12-02 00:32:43 - [TEST_CASE][PASSED] - Test Cases/mobileWeb/_include/get_screenshot: Test Cases/mobileWeb/_include/get_screenshot

2019-12-02 00:32:43 - [TEST_STEP][PASSED] - takeScreenshot(screenPath + i + ".png"): Taking screenshot successfully

2019-12-02 00:32:43 - [MESSAGE][PASSED] - Taking screenshot successfully
[[ATTACHMENT|D:\\Test\\AgileTest\\Reports\\HIC\\hic\\20191202_002446\\../Screenshots/iPhone 6/HIC/HBI/Cardinal Choice/20191202_003151/7.png]]

2019-12-02 00:32:43 - [TEST_STEP][PASSED] - (internal.GlobalVariable.i++): null

2019-12-02 00:32:43 - [MESSAGE][PASSED] - Call Test Case 'Test Cases/mobileWeb/_include/get_screenshot' successfully

2019-12-02 00:32:43 - [TEST_STEP][PASSED] - click(findTestObject("mobileSanity/HBI/Page_App Page 3/label")): Object: 'Object Repository/mobileSanity/HBI/Page_App Page 3/label' is clicked on

2019-12-02 00:32:43 - [MESSAGE][PASSED] - Object: 'Object Repository/mobileSanity/HBI/Page_App Page 3/label' is clicked on

2019-12-02 00:32:43 - [TEST_STEP][PASSED] - click(findTestObject("mobileSanity/HBI/Page_App Page 3/p_CLICK TO SIGN")): Object: 'Object Repository/mobileSanity/HBI/Page_App Page 3/p_CLICK TO SIGN' is clicked on

2019-12-02 00:32:43 - [MESSAGE][PASSED] - Object: 'Object Repository/mobileSanity/HBI/Page_App Page 3/p_CLICK TO SIGN' is clicked on

2019-12-02 00:32:43 - [TEST_STEP][PASSED] - click(findTestObject("mobileSanity/HBI/Page_App Page 3/a_Submit Your Application")): Object: 'Object Repository/mobileSanity/HBI/Page_App Page 3/a_Submit Your Application' is clicked on

2019-12-02 00:32:43 - [MESSAGE][PASSED] - Object: 'Object Repository/mobileSanity/HBI/Page_App Page 3/a_Submit Your Application' is clicked on

2019-12-02 00:32:43 - [TEST_STEP][PASSED] - Thread.sleep(30000): null

2019-12-02 00:33:13 - [TEST_STEP][PASSED] - callTestCase(findTestCase("mobileWeb/_include/get_screenshot"), [:], STOP_ON_FAILURE): Call Test Case 'Test Cases/mobileWeb/_include/get_screenshot' successfully

2019-12-02 00:33:13 - [TEST_CASE][PASSED] - Test Cases/mobileWeb/_include/get_screenshot: Test Cases/mobileWeb/_include/get_screenshot

2019-12-02 00:33:13 - [TEST_STEP][PASSED] - takeScreenshot(screenPath + i + ".png"): Taking screenshot successfully

2019-12-02 00:33:14 - [MESSAGE][PASSED] - Taking screenshot successfully
[[ATTACHMENT|D:\\Test\\AgileTest\\Reports\\HIC\\hic\\20191202_002446\\../Screenshots/iPhone 6/HIC/HBI/Cardinal Choice/20191202_003151/8.png]]

2019-12-02 00:33:14 - [TEST_STEP][PASSED] - (internal.GlobalVariable.i++): null

2019-12-02 00:33:14 - [MESSAGE][PASSED] - Call Test Case 'Test Cases/mobileWeb/_include/get_screenshot' successfully

2019-12-02 00:33:14 - [TEST_STEP][PASSED] - verifyTextPresent("Congratulations", false): Text 'Congratulations' is present on page 

2019-12-02 00:33:14 - [MESSAGE][PASSED] - Text 'Congratulations' is present on page 

2019-12-02 00:33:14 - [MESSAGE][PASSED] - Call Test Case 'Test Cases/mobileWeb/_include/goToEnd_hbi' successfully]]></system-out>
         <system-err><![CDATA[]]></system-err>
      </testcase>
      <testcase name="Test Cases/HIC/HBI/Core Shield" classname="Test Cases/HIC/HBI/Core Shield" status="PASSED">
         <system-out><![CDATA[2019-12-02 00:33:14 - [TEST_CASE][PASSED] - Test Cases/HIC/HBI/Core Shield: Test Cases/HIC/HBI/Core Shield

2019-12-02 00:33:14 - [TEST_STEP][PASSED] - callTestCase(findTestCase("HIC/_include/get_hicScreenPath"), ["project":"HIC", "productLine":"HBI", "carrierName":"Core Shield"], CONTINUE_ON_FAILURE): Call Test Case 'Test Cases/HIC/_include/get_hicScreenPath' successfully

2019-12-02 00:33:14 - [TEST_CASE][PASSED] - Test Cases/HIC/_include/get_hicScreenPath: Test Cases/HIC/_include/get_hicScreenPath

2019-12-02 00:33:14 - [TEST_STEP][PASSED] - m = getExecutionProperties(): null

2019-12-02 00:33:14 - [TEST_STEP][PASSED] - deviceName = get("mobileEmulation").get("deviceName"): null

2019-12-02 00:33:14 - [TEST_STEP][PASSED] - println(deviceName): null

2019-12-02 00:33:14 - [TEST_STEP][PASSED] - now = new java.util.Date(): null

2019-12-02 00:33:14 - [TEST_STEP][PASSED] - mydate = now.format("yyyyMMdd_HHmmss"): null

2019-12-02 00:33:14 - [TEST_STEP][PASSED] - screenPath = "../Screenshots/": null

2019-12-02 00:33:14 - [TEST_STEP][PASSED] - screenPath = screenPath + deviceName + "/" + project + "/" + productLine + "/" + carrierName + "/" + mydate + "/": null

2019-12-02 00:33:14 - [TEST_STEP][PASSED] - println(screenPath): null

2019-12-02 00:33:14 - [MESSAGE][PASSED] - Call Test Case 'Test Cases/HIC/_include/get_hicScreenPath' successfully

2019-12-02 00:33:14 - [TEST_STEP][PASSED] - i = 0: null

2019-12-02 00:33:14 - [TEST_STEP][PASSED] - callTestCase(findTestCase("mobileWeb/_include/openWebSite"), ["env":"https://qa.healthinsurance.com/"], CONTINUE_ON_FAILURE): Call Test Case 'Test Cases/mobileWeb/_include/openWebSite' successfully

2019-12-02 00:33:14 - [TEST_CASE][PASSED] - Test Cases/mobileWeb/_include/openWebSite: Test Cases/mobileWeb/_include/openWebSite

2019-12-02 00:33:14 - [TEST_STEP][PASSED] - openBrowser(env): Browser is opened with url: 'https://qa.healthinsurance.com/'

2019-12-02 00:33:14 - [MESSAGE][WARNING] - A browser is already opened. Closing browser and opening a new one

2019-12-02 00:33:15 - [MESSAGE][INFO] - Starting 'Chrome' driver

2019-12-02 00:33:15 - [MESSAGE][INFO] - User set preference: ['mobileEmulation', '{deviceName=iPhone 6}']

2019-12-02 00:33:15 - [MESSAGE][INFO] - User set preference: ['args', '[--incognito, --aggressive-cache-discard, --window-size=375,677, --no-sandbox]']

2019-12-02 00:33:18 - [MESSAGE][PASSED] - Browser is opened with url: 'https://qa.healthinsurance.com/'

2019-12-02 00:33:18 - [TEST_STEP][PASSED] - waitForPageLoad(20): Wait for page load successfully

2019-12-02 00:33:18 - [MESSAGE][PASSED] - Wait for page load successfully

2019-12-02 00:33:18 - [TEST_STEP][PASSED] - callTestCase(findTestCase("mobileWeb/_include/get_screenshot"), [:], STOP_ON_FAILURE): Call Test Case 'Test Cases/mobileWeb/_include/get_screenshot' successfully

2019-12-02 00:33:18 - [TEST_CASE][PASSED] - Test Cases/mobileWeb/_include/get_screenshot: Test Cases/mobileWeb/_include/get_screenshot

2019-12-02 00:33:18 - [TEST_STEP][PASSED] - takeScreenshot(screenPath + i + ".png"): Taking screenshot successfully

2019-12-02 00:33:18 - [MESSAGE][PASSED] - Taking screenshot successfully
[[ATTACHMENT|D:\\Test\\AgileTest\\Reports\\HIC\\hic\\20191202_002446\\../Screenshots/iPhone 6/HIC/HBI/Core Shield/20191202_003314/0.png]]

2019-12-02 00:33:18 - [TEST_STEP][PASSED] - (internal.GlobalVariable.i++): null

2019-12-02 00:33:18 - [MESSAGE][PASSED] - Call Test Case 'Test Cases/mobileWeb/_include/get_screenshot' successfully

2019-12-02 00:33:18 - [MESSAGE][PASSED] - Call Test Case 'Test Cases/mobileWeb/_include/openWebSite' successfully

2019-12-02 00:33:18 - [TEST_STEP][PASSED] - click(findTestObject("hic/nav/navButton")): Object: 'Object Repository/hic/nav/navButton' is clicked on

2019-12-02 00:33:18 - [MESSAGE][PASSED] - Object: 'Object Repository/hic/nav/navButton' is clicked on

2019-12-02 00:33:18 - [TEST_STEP][PASSED] - Thread.sleep(2000): null

2019-12-02 00:33:20 - [TEST_STEP][PASSED] - click(findTestObject("hic/nav/hbiLink")): Object: 'Object Repository/hic/nav/hbiLink' is clicked on

2019-12-02 00:33:20 - [MESSAGE][PASSED] - Object: 'Object Repository/hic/nav/hbiLink' is clicked on

2019-12-02 00:33:20 - [TEST_STEP][PASSED] - Thread.sleep(2000): null

2019-12-02 00:33:22 - [TEST_STEP][PASSED] - callTestCase(findTestCase("mobileWeb/_include/get_screenshot"), [:], STOP_ON_FAILURE): Call Test Case 'Test Cases/mobileWeb/_include/get_screenshot' successfully

2019-12-02 00:33:23 - [TEST_CASE][PASSED] - Test Cases/mobileWeb/_include/get_screenshot: Test Cases/mobileWeb/_include/get_screenshot

2019-12-02 00:33:23 - [TEST_STEP][PASSED] - takeScreenshot(screenPath + i + ".png"): Taking screenshot successfully

2019-12-02 00:33:23 - [MESSAGE][PASSED] - Taking screenshot successfully
[[ATTACHMENT|D:\\Test\\AgileTest\\Reports\\HIC\\hic\\20191202_002446\\../Screenshots/iPhone 6/HIC/HBI/Core Shield/20191202_003314/1.png]]

2019-12-02 00:33:23 - [TEST_STEP][PASSED] - (internal.GlobalVariable.i++): null

2019-12-02 00:33:23 - [MESSAGE][PASSED] - Call Test Case 'Test Cases/mobileWeb/_include/get_screenshot' successfully

2019-12-02 00:33:23 - [TEST_STEP][PASSED] - callTestCase(findTestCase("HIC/_include/stm_census"), ["zipcode":"35215"], STOP_ON_FAILURE): Call Test Case 'Test Cases/HIC/_include/stm_census' successfully

2019-12-02 00:33:23 - [TEST_CASE][PASSED] - Test Cases/HIC/_include/stm_census: Test Cases/HIC/_include/stm_census

2019-12-02 00:33:23 - [TEST_STEP][PASSED] - setText(findTestObject("hic/stm/zip"), zipcode): Text '35215' is set on object 'Object Repository/hic/stm/zip'

2019-12-02 00:33:23 - [MESSAGE][PASSED] - Text '35215' is set on object 'Object Repository/hic/stm/zip'

2019-12-02 00:33:23 - [TEST_STEP][PASSED] - Thread.sleep(500): null

2019-12-02 00:33:24 - [TEST_STEP][PASSED] - setText(findTestObject("hic/stm/primaryDOB"), "03031987"): Text '03031987' is set on object 'Object Repository/hic/stm/primaryDOB'

2019-12-02 00:33:24 - [MESSAGE][PASSED] - Text '03031987' is set on object 'Object Repository/hic/stm/primaryDOB'

2019-12-02 00:33:24 - [TEST_STEP][PASSED] - click(findTestObject("hic/stm/female")): Object: 'Object Repository/hic/stm/female' is clicked on

2019-12-02 00:33:25 - [MESSAGE][PASSED] - Object: 'Object Repository/hic/stm/female' is clicked on

2019-12-02 00:33:25 - [TEST_STEP][PASSED] - Thread.sleep(3000): null

2019-12-02 00:33:28 - [TEST_STEP][PASSED] - click(findTestObject("hic/stm/submitButton")): Object: 'Object Repository/hic/stm/submitButton' is clicked on

2019-12-02 00:33:29 - [MESSAGE][PASSED] - Object: 'Object Repository/hic/stm/submitButton' is clicked on

2019-12-02 00:33:29 - [TEST_STEP][PASSED] - Thread.sleep(6000): null

2019-12-02 00:33:35 - [TEST_STEP][PASSED] - callTestCase(findTestCase("mobileWeb/_include/get_screenshot"), [:], STOP_ON_FAILURE): Call Test Case 'Test Cases/mobileWeb/_include/get_screenshot' successfully

2019-12-02 00:33:35 - [TEST_CASE][PASSED] - Test Cases/mobileWeb/_include/get_screenshot: Test Cases/mobileWeb/_include/get_screenshot

2019-12-02 00:33:35 - [TEST_STEP][PASSED] - takeScreenshot(screenPath + i + ".png"): Taking screenshot successfully

2019-12-02 00:33:35 - [MESSAGE][PASSED] - Taking screenshot successfully
[[ATTACHMENT|D:\\Test\\AgileTest\\Reports\\HIC\\hic\\20191202_002446\\../Screenshots/iPhone 6/HIC/HBI/Core Shield/20191202_003314/2.png]]

2019-12-02 00:33:35 - [TEST_STEP][PASSED] - (internal.GlobalVariable.i++): null

2019-12-02 00:33:35 - [MESSAGE][PASSED] - Call Test Case 'Test Cases/mobileWeb/_include/get_screenshot' successfully

2019-12-02 00:33:35 - [TEST_STEP][PASSED] - Thread.sleep(1000): null

2019-12-02 00:33:36 - [MESSAGE][PASSED] - Call Test Case 'Test Cases/HIC/_include/stm_census' successfully

2019-12-02 00:33:36 - [TEST_STEP][PASSED] - Thread.sleep(5000): null

2019-12-02 00:33:41 - [TEST_STEP][PASSED] - scrollToPosition(200, 2300): Browser is scrolled to position x = 200, y = 2300

2019-12-02 00:33:41 - [MESSAGE][PASSED] - Browser is scrolled to position x = 200, y = 2300

2019-12-02 00:33:41 - [TEST_STEP][PASSED] - click(findTestObject("mobileSanity/HBI/quote/a_Core Shield")): Object: 'Object Repository/mobileSanity/HBI/quote/a_Core Shield' is clicked on

2019-12-02 00:33:42 - [MESSAGE][PASSED] - Object: 'Object Repository/mobileSanity/HBI/quote/a_Core Shield' is clicked on

2019-12-02 00:33:42 - [TEST_STEP][PASSED] - waitForPageLoad(20): Wait for page load successfully

2019-12-02 00:33:42 - [MESSAGE][PASSED] - Wait for page load successfully

2019-12-02 00:33:42 - [TEST_STEP][PASSED] - callTestCase(findTestCase("mobileWeb/_include/get_screenshot"), [:], STOP_ON_FAILURE): Call Test Case 'Test Cases/mobileWeb/_include/get_screenshot' successfully

2019-12-02 00:33:42 - [TEST_CASE][PASSED] - Test Cases/mobileWeb/_include/get_screenshot: Test Cases/mobileWeb/_include/get_screenshot

2019-12-02 00:33:42 - [TEST_STEP][PASSED] - takeScreenshot(screenPath + i + ".png"): Taking screenshot successfully

2019-12-02 00:33:43 - [MESSAGE][PASSED] - Taking screenshot successfully
[[ATTACHMENT|D:\\Test\\AgileTest\\Reports\\HIC\\hic\\20191202_002446\\../Screenshots/iPhone 6/HIC/HBI/Core Shield/20191202_003314/3.png]]

2019-12-02 00:33:43 - [TEST_STEP][PASSED] - (internal.GlobalVariable.i++): null

2019-12-02 00:33:43 - [MESSAGE][PASSED] - Call Test Case 'Test Cases/mobileWeb/_include/get_screenshot' successfully

2019-12-02 00:33:43 - [TEST_STEP][PASSED] - click(findTestObject("mobileSanity/HBI/detail/a_Apply for This Plan")): Object: 'Object Repository/mobileSanity/HBI/detail/a_Apply for This Plan' is clicked on

2019-12-02 00:33:43 - [MESSAGE][PASSED] - Object: 'Object Repository/mobileSanity/HBI/detail/a_Apply for This Plan' is clicked on

2019-12-02 00:33:43 - [TEST_STEP][PASSED] - waitForPageLoad(20): Wait for page load successfully

2019-12-02 00:33:43 - [MESSAGE][PASSED] - Wait for page load successfully

2019-12-02 00:33:43 - [TEST_STEP][PASSED] - callTestCase(findTestCase("mobileWeb/_include/get_screenshot"), [:], STOP_ON_FAILURE): Call Test Case 'Test Cases/mobileWeb/_include/get_screenshot' successfully

2019-12-02 00:33:43 - [TEST_CASE][PASSED] - Test Cases/mobileWeb/_include/get_screenshot: Test Cases/mobileWeb/_include/get_screenshot

2019-12-02 00:33:43 - [TEST_STEP][PASSED] - takeScreenshot(screenPath + i + ".png"): Taking screenshot successfully

2019-12-02 00:33:44 - [MESSAGE][PASSED] - Taking screenshot successfully
[[ATTACHMENT|D:\\Test\\AgileTest\\Reports\\HIC\\hic\\20191202_002446\\../Screenshots/iPhone 6/HIC/HBI/Core Shield/20191202_003314/4.png]]

2019-12-02 00:33:44 - [TEST_STEP][PASSED] - (internal.GlobalVariable.i++): null

2019-12-02 00:33:44 - [MESSAGE][PASSED] - Call Test Case 'Test Cases/mobileWeb/_include/get_screenshot' successfully

2019-12-02 00:33:44 - [TEST_STEP][PASSED] - click(findTestObject("mobileSanity/HBI/Page_Apply/span_Start Secure Application")): Object: 'Object Repository/mobileSanity/HBI/Page_Apply/span_Start Secure Application' is clicked on

2019-12-02 00:33:44 - [MESSAGE][PASSED] - Object: 'Object Repository/mobileSanity/HBI/Page_Apply/span_Start Secure Application' is clicked on

2019-12-02 00:33:44 - [TEST_STEP][PASSED] - waitForPageLoad(20): Wait for page load successfully

2019-12-02 00:33:45 - [MESSAGE][PASSED] - Wait for page load successfully

2019-12-02 00:33:45 - [TEST_STEP][PASSED] - Thread.sleep(5000): null

2019-12-02 00:33:50 - [TEST_STEP][PASSED] - callTestCase(findTestCase("mobileWeb/_include/get_screenshot"), [:], STOP_ON_FAILURE): Call Test Case 'Test Cases/mobileWeb/_include/get_screenshot' successfully

2019-12-02 00:33:50 - [TEST_CASE][PASSED] - Test Cases/mobileWeb/_include/get_screenshot: Test Cases/mobileWeb/_include/get_screenshot

2019-12-02 00:33:50 - [TEST_STEP][PASSED] - takeScreenshot(screenPath + i + ".png"): Taking screenshot successfully

2019-12-02 00:33:50 - [MESSAGE][PASSED] - Taking screenshot successfully
[[ATTACHMENT|D:\\Test\\AgileTest\\Reports\\HIC\\hic\\20191202_002446\\../Screenshots/iPhone 6/HIC/HBI/Core Shield/20191202_003314/5.png]]

2019-12-02 00:33:50 - [TEST_STEP][PASSED] - (internal.GlobalVariable.i++): null

2019-12-02 00:33:50 - [MESSAGE][PASSED] - Call Test Case 'Test Cases/mobileWeb/_include/get_screenshot' successfully

2019-12-02 00:33:50 - [TEST_STEP][PASSED] - callTestCase(findTestCase("mobileWeb/_include/goToEnd_hbi"), ["carrier":"coreshield"], CONTINUE_ON_FAILURE): Call Test Case 'Test Cases/mobileWeb/_include/goToEnd_hbi' successfully

2019-12-02 00:33:50 - [TEST_CASE][PASSED] - Test Cases/mobileWeb/_include/goToEnd_hbi: Test Cases/mobileWeb/_include/goToEnd_hbi

2019-12-02 00:33:50 - [TEST_STEP][PASSED] - if (state == "ca"): null

2019-12-02 00:33:50 - [TEST_STEP][PASSED] - callTestCase(findTestCase("mobileWeb/_include/name"), [:], CONTINUE_ON_FAILURE): Call Test Case 'Test Cases/mobileWeb/_include/name' successfully

2019-12-02 00:33:50 - [TEST_CASE][PASSED] - Test Cases/mobileWeb/_include/name: Test Cases/mobileWeb/_include/name

2019-12-02 00:33:50 - [TEST_STEP][PASSED] - driver = getWebDriver(): null

2019-12-02 00:33:50 - [TEST_STEP][PASSED] - selenium = new com.thoughtworks.selenium.webdriven.WebDriverBackedSelenium(driver, internal.GlobalVariable.ENV): null

2019-12-02 00:33:50 - [TEST_STEP][PASSED] - FirstName = "Test-123": null

2019-12-02 00:33:50 - [TEST_STEP][PASSED] - LastName = selenium.getEval("{var x="ABCDEFGHIJKLMNOPQRSTUVWXYZabcdefghijklmnopqrstuvwxyz"; var tmp="ZZ11-"; for (i=0;i<8;i++) tmp+=x.charAt(Math.ceil(51*Math.random()));tmp;}"): null

2019-12-02 00:33:50 - [TEST_STEP][PASSED] - Address = selenium.getEval("{var x="ABCDEFGHIJKLMNOPQRSTUVWXYZabcdefghijklmnopqrstuvwxyz"; var tmp=""; for (i=0;i<8;i++) tmp+=x.charAt(Math.ceil(51*Math.random()));tmp;}"): null

2019-12-02 00:33:50 - [TEST_STEP][PASSED] - City = selenium.getEval("{var x="ABCDEFGHIJKLMNOPQRSTUVWXYZabcdefghijklmnopqrstuvwxyz"; var tmp=""; for (i=0;i<8;i++) tmp+=x.charAt(Math.ceil(51*Math.random()));tmp;}"): null

2019-12-02 00:33:50 - [TEST_STEP][PASSED] - tel1 = selenium.getEval("{var x="123456789"; var tmp=""; for (i=0;i<3;i++) tmp+=x.charAt(Math.ceil(8*Math.random()));tmp;}"): null

2019-12-02 00:33:50 - [TEST_STEP][PASSED] - tel2 = selenium.getEval("{var x="123456789"; var tmp=""; for (i=0;i<3;i++) tmp+=x.charAt(Math.ceil(8*Math.random()));tmp;}"): null

2019-12-02 00:33:50 - [TEST_STEP][PASSED] - tel3 = selenium.getEval("{var x="123456789"; var tmp=""; for (i=0;i<4;i++) tmp+=x.charAt(Math.ceil(8*Math.random()));tmp;}"): null

2019-12-02 00:33:50 - [TEST_STEP][PASSED] - Tel = selenium.getExpression(tel1 + "-" + tel2 + "-" + tel3): null

2019-12-02 00:33:50 - [TEST_STEP][PASSED] - AutoEmail = selenium.getEval("{var x="ABCDEFGHIJKLMNOPQRSTUVWXYZabcdefghijklmnopqrstuvwxyz"; var tmp="test."; for (i=0;i<8;i++) tmp+=x.charAt(Math.ceil(51*Math.random()));tmp+="@suryani.cn";}"): null

2019-12-02 00:33:50 - [TEST_STEP][PASSED] - FirstName = FirstName: null

2019-12-02 00:33:50 - [TEST_STEP][PASSED] - LastName = LastName: null

2019-12-02 00:33:50 - [TEST_STEP][PASSED] - Address = Address: null

2019-12-02 00:33:50 - [TEST_STEP][PASSED] - City = City: null

2019-12-02 00:33:50 - [TEST_STEP][PASSED] - Tel = Tel: null

2019-12-02 00:33:50 - [TEST_STEP][PASSED] - AutoEmail = AutoEmail: null

2019-12-02 00:33:50 - [TEST_STEP][PASSED] - println(FirstName): null

2019-12-02 00:33:50 - [TEST_STEP][PASSED] - println(LastName): null

2019-12-02 00:33:50 - [TEST_STEP][PASSED] - println(Address): null

2019-12-02 00:33:50 - [TEST_STEP][PASSED] - println(City): null

2019-12-02 00:33:50 - [TEST_STEP][PASSED] - println(Tel): null

2019-12-02 00:33:50 - [TEST_STEP][PASSED] - println(AutoEmail): null

2019-12-02 00:33:50 - [MESSAGE][PASSED] - Call Test Case 'Test Cases/mobileWeb/_include/name' successfully

2019-12-02 00:33:50 - [TEST_STEP][PASSED] - setText(findTestObject("mobileSanity/HBI/Page_App Page 1/input__member-P-1-firstName"), FirstName): Text 'Test-123' is set on object 'Object Repository/mobileSanity/HBI/Page_App Page 1/input__member-P-1-firstName'

2019-12-02 00:33:51 - [MESSAGE][PASSED] - Text 'Test-123' is set on object 'Object Repository/mobileSanity/HBI/Page_App Page 1/input__member-P-1-firstName'

2019-12-02 00:33:51 - [TEST_STEP][PASSED] - setText(findTestObject("mobileSanity/HBI/Page_App Page 1/input__member-P-1-lastName"), LastName): Text 'ZZ11-BPqtcyfw' is set on object 'Object Repository/mobileSanity/HBI/Page_App Page 1/input__member-P-1-lastName'

2019-12-02 00:33:51 - [MESSAGE][PASSED] - Text 'ZZ11-BPqtcyfw' is set on object 'Object Repository/mobileSanity/HBI/Page_App Page 1/input__member-P-1-lastName'

2019-12-02 00:33:51 - [TEST_STEP][PASSED] - if (carrier == "agileone" || carrier == "agilesecure"): null

2019-12-02 00:33:51 - [TEST_STEP][PASSED] - setText(findTestObject("mobileSanity/HBI/Page_App Page 1/input__address"), Address): Text 'MkEcXINc' is set on object 'Object Repository/mobileSanity/HBI/Page_App Page 1/input__address'

2019-12-02 00:33:51 - [MESSAGE][PASSED] - Text 'MkEcXINc' is set on object 'Object Repository/mobileSanity/HBI/Page_App Page 1/input__address'

2019-12-02 00:33:51 - [TEST_STEP][PASSED] - setText(findTestObject("mobileSanity/HBI/Page_App Page 1/input__city"), City): Text 'WFPtcYlZ' is set on object 'Object Repository/mobileSanity/HBI/Page_App Page 1/input__city'

2019-12-02 00:33:51 - [MESSAGE][PASSED] - Text 'WFPtcYlZ' is set on object 'Object Repository/mobileSanity/HBI/Page_App Page 1/input__city'

2019-12-02 00:33:51 - [TEST_STEP][PASSED] - setText(findTestObject("mobileSanity/HBI/Page_App Page 1/input__email"), AutoEmail): Text 'test.UZLRXicY@suryani.cn' is set on object 'Object Repository/mobileSanity/HBI/Page_App Page 1/input__email'

2019-12-02 00:33:52 - [MESSAGE][PASSED] - Text 'test.UZLRXicY@suryani.cn' is set on object 'Object Repository/mobileSanity/HBI/Page_App Page 1/input__email'

2019-12-02 00:33:52 - [TEST_STEP][PASSED] - setText(findTestObject("mobileSanity/HBI/Page_App Page 1/input_tel"), Tel): Text '563-966-8388' is set on object 'Object Repository/mobileSanity/HBI/Page_App Page 1/input_tel'

2019-12-02 00:33:52 - [MESSAGE][PASSED] - Text '563-966-8388' is set on object 'Object Repository/mobileSanity/HBI/Page_App Page 1/input_tel'

2019-12-02 00:33:52 - [TEST_STEP][PASSED] - click(findTestObject("mobileSanity/HBI/Page_App Page 1/a_Continue to Step 2 - Payment")): Object: 'Object Repository/mobileSanity/HBI/Page_App Page 1/a_Continue to Step 2 - Payment' is clicked on

2019-12-02 00:33:52 - [MESSAGE][PASSED] - Object: 'Object Repository/mobileSanity/HBI/Page_App Page 1/a_Continue to Step 2 - Payment' is clicked on

2019-12-02 00:33:52 - [TEST_STEP][PASSED] - waitForPageLoad(20): Wait for page load successfully

2019-12-02 00:33:52 - [MESSAGE][PASSED] - Wait for page load successfully

2019-12-02 00:33:52 - [TEST_STEP][PASSED] - Thread.sleep(2000): null

2019-12-02 00:33:54 - [TEST_STEP][PASSED] - waitForElementVisible(findTestObject("mobileSanity/HBI/Page_App Page 2/input__credit-card-first"), 20): Object 'Object Repository/mobileSanity/HBI/Page_App Page 2/input__credit-card-first' is visible

2019-12-02 00:33:54 - [MESSAGE][PASSED] - Object 'Object Repository/mobileSanity/HBI/Page_App Page 2/input__credit-card-first' is visible

2019-12-02 00:33:54 - [TEST_STEP][PASSED] - callTestCase(findTestCase("mobileWeb/_include/get_screenshot"), [:], STOP_ON_FAILURE): Call Test Case 'Test Cases/mobileWeb/_include/get_screenshot' successfully

2019-12-02 00:33:54 - [TEST_CASE][PASSED] - Test Cases/mobileWeb/_include/get_screenshot: Test Cases/mobileWeb/_include/get_screenshot

2019-12-02 00:33:54 - [TEST_STEP][PASSED] - takeScreenshot(screenPath + i + ".png"): Taking screenshot successfully

2019-12-02 00:33:55 - [MESSAGE][PASSED] - Taking screenshot successfully
[[ATTACHMENT|D:\\Test\\AgileTest\\Reports\\HIC\\hic\\20191202_002446\\../Screenshots/iPhone 6/HIC/HBI/Core Shield/20191202_003314/6.png]]

2019-12-02 00:33:55 - [TEST_STEP][PASSED] - (internal.GlobalVariable.i++): null

2019-12-02 00:33:55 - [MESSAGE][PASSED] - Call Test Case 'Test Cases/mobileWeb/_include/get_screenshot' successfully

2019-12-02 00:33:55 - [TEST_STEP][PASSED] - setText(findTestObject("mobileSanity/HBI/Page_App Page 2/input__credit-card-first"), FirstName): Text 'Test-123' is set on object 'Object Repository/mobileSanity/HBI/Page_App Page 2/input__credit-card-first'

2019-12-02 00:33:55 - [MESSAGE][PASSED] - Text 'Test-123' is set on object 'Object Repository/mobileSanity/HBI/Page_App Page 2/input__credit-card-first'

2019-12-02 00:33:55 - [TEST_STEP][PASSED] - setText(findTestObject("mobileSanity/HBI/Page_App Page 2/input__credit-card-last"), LastName): Text 'ZZ11-BPqtcyfw' is set on object 'Object Repository/mobileSanity/HBI/Page_App Page 2/input__credit-card-last'

2019-12-02 00:33:55 - [MESSAGE][PASSED] - Text 'ZZ11-BPqtcyfw' is set on object 'Object Repository/mobileSanity/HBI/Page_App Page 2/input__credit-card-last'

2019-12-02 00:33:55 - [TEST_STEP][PASSED] - selectOptionByValue(findTestObject("mobileSanity/HBI/Page_App Page 2/select_MM010203040506070809101"), "12", true): All options with value '12' are selected in object 'Object Repository/mobileSanity/HBI/Page_App Page 2/select_MM010203040506070809101'  using regular expression

2019-12-02 00:33:56 - [MESSAGE][PASSED] - All options with value '12' are selected in object 'Object Repository/mobileSanity/HBI/Page_App Page 2/select_MM010203040506070809101'  using regular expression

2019-12-02 00:33:56 - [TEST_STEP][PASSED] - selectOptionByValue(findTestObject("mobileSanity/HBI/Page_App Page 2/select_YYYY2019202020212022202"), "2026", true): All options with value '2026' are selected in object 'Object Repository/mobileSanity/HBI/Page_App Page 2/select_YYYY2019202020212022202'  using regular expression

2019-12-02 00:33:56 - [MESSAGE][PASSED] - All options with value '2026' are selected in object 'Object Repository/mobileSanity/HBI/Page_App Page 2/select_YYYY2019202020212022202'  using regular expression

2019-12-02 00:33:56 - [TEST_STEP][PASSED] - setText(findTestObject("mobileSanity/HBI/Page_App Page 2/input__credit-card-number"), "4111111111111111"): Text '4111111111111111' is set on object 'Object Repository/mobileSanity/HBI/Page_App Page 2/input__credit-card-number'

2019-12-02 00:33:56 - [MESSAGE][PASSED] - Text '4111111111111111' is set on object 'Object Repository/mobileSanity/HBI/Page_App Page 2/input__credit-card-number'

2019-12-02 00:33:56 - [TEST_STEP][PASSED] - setText(findTestObject("mobileSanity/HBI/Page_App Page 2/input__cvv"), "123"): Text '123' is set on object 'Object Repository/mobileSanity/HBI/Page_App Page 2/input__cvv'

2019-12-02 00:33:56 - [MESSAGE][PASSED] - Text '123' is set on object 'Object Repository/mobileSanity/HBI/Page_App Page 2/input__cvv'

2019-12-02 00:33:56 - [TEST_STEP][PASSED] - click(findTestObject("mobileSanity/HBI/Page_App Page 2/label_My billing address is th")): Object: 'Object Repository/mobileSanity/HBI/Page_App Page 2/label_My billing address is th' is clicked on

2019-12-02 00:33:56 - [MESSAGE][PASSED] - Object: 'Object Repository/mobileSanity/HBI/Page_App Page 2/label_My billing address is th' is clicked on

2019-12-02 00:33:56 - [TEST_STEP][PASSED] - click(findTestObject("mobileSanity/HBI/Page_App Page 2/label_I Accept Authorization f")): Object: 'Object Repository/mobileSanity/HBI/Page_App Page 2/label_I Accept Authorization f' is clicked on

2019-12-02 00:33:57 - [MESSAGE][PASSED] - Object: 'Object Repository/mobileSanity/HBI/Page_App Page 2/label_I Accept Authorization f' is clicked on

2019-12-02 00:33:57 - [TEST_STEP][PASSED] - click(findTestObject("mobileSanity/HBI/Page_App Page 2/a_Continue to Step 3 - Review")): Object: 'Object Repository/mobileSanity/HBI/Page_App Page 2/a_Continue to Step 3 - Review' is clicked on

2019-12-02 00:33:57 - [MESSAGE][PASSED] - Object: 'Object Repository/mobileSanity/HBI/Page_App Page 2/a_Continue to Step 3 - Review' is clicked on

2019-12-02 00:33:57 - [TEST_STEP][PASSED] - waitForPageLoad(20): Wait for page load successfully

2019-12-02 00:33:57 - [MESSAGE][PASSED] - Wait for page load successfully

2019-12-02 00:33:57 - [TEST_STEP][PASSED] - Thread.sleep(10000): null

2019-12-02 00:34:07 - [TEST_STEP][PASSED] - waitForElementPresent(findTestObject("mobileSanity/HBI/Page_App Page 3/label"), 20): Object 'Object Repository/mobileSanity/HBI/Page_App Page 3/label' is present

2019-12-02 00:34:07 - [MESSAGE][PASSED] - Object 'Object Repository/mobileSanity/HBI/Page_App Page 3/label' is present

2019-12-02 00:34:07 - [TEST_STEP][PASSED] - callTestCase(findTestCase("mobileWeb/_include/get_screenshot"), [:], STOP_ON_FAILURE): Call Test Case 'Test Cases/mobileWeb/_include/get_screenshot' successfully

2019-12-02 00:34:07 - [TEST_CASE][PASSED] - Test Cases/mobileWeb/_include/get_screenshot: Test Cases/mobileWeb/_include/get_screenshot

2019-12-02 00:34:07 - [TEST_STEP][PASSED] - takeScreenshot(screenPath + i + ".png"): Taking screenshot successfully

2019-12-02 00:34:08 - [MESSAGE][PASSED] - Taking screenshot successfully
[[ATTACHMENT|D:\\Test\\AgileTest\\Reports\\HIC\\hic\\20191202_002446\\../Screenshots/iPhone 6/HIC/HBI/Core Shield/20191202_003314/7.png]]

2019-12-02 00:34:08 - [TEST_STEP][PASSED] - (internal.GlobalVariable.i++): null

2019-12-02 00:34:08 - [MESSAGE][PASSED] - Call Test Case 'Test Cases/mobileWeb/_include/get_screenshot' successfully

2019-12-02 00:34:08 - [TEST_STEP][PASSED] - click(findTestObject("mobileSanity/HBI/Page_App Page 3/label")): Object: 'Object Repository/mobileSanity/HBI/Page_App Page 3/label' is clicked on

2019-12-02 00:34:08 - [MESSAGE][PASSED] - Object: 'Object Repository/mobileSanity/HBI/Page_App Page 3/label' is clicked on

2019-12-02 00:34:08 - [TEST_STEP][PASSED] - click(findTestObject("mobileSanity/HBI/Page_App Page 3/p_CLICK TO SIGN")): Object: 'Object Repository/mobileSanity/HBI/Page_App Page 3/p_CLICK TO SIGN' is clicked on

2019-12-02 00:34:08 - [MESSAGE][PASSED] - Object: 'Object Repository/mobileSanity/HBI/Page_App Page 3/p_CLICK TO SIGN' is clicked on

2019-12-02 00:34:08 - [TEST_STEP][PASSED] - click(findTestObject("mobileSanity/HBI/Page_App Page 3/a_Submit Your Application")): Object: 'Object Repository/mobileSanity/HBI/Page_App Page 3/a_Submit Your Application' is clicked on

2019-12-02 00:34:08 - [MESSAGE][PASSED] - Object: 'Object Repository/mobileSanity/HBI/Page_App Page 3/a_Submit Your Application' is clicked on

2019-12-02 00:34:08 - [TEST_STEP][PASSED] - Thread.sleep(30000): null

2019-12-02 00:34:38 - [TEST_STEP][PASSED] - callTestCase(findTestCase("mobileWeb/_include/get_screenshot"), [:], STOP_ON_FAILURE): Call Test Case 'Test Cases/mobileWeb/_include/get_screenshot' successfully

2019-12-02 00:34:38 - [TEST_CASE][PASSED] - Test Cases/mobileWeb/_include/get_screenshot: Test Cases/mobileWeb/_include/get_screenshot

2019-12-02 00:34:38 - [TEST_STEP][PASSED] - takeScreenshot(screenPath + i + ".png"): Taking screenshot successfully

2019-12-02 00:34:38 - [MESSAGE][PASSED] - Taking screenshot successfully
[[ATTACHMENT|D:\\Test\\AgileTest\\Reports\\HIC\\hic\\20191202_002446\\../Screenshots/iPhone 6/HIC/HBI/Core Shield/20191202_003314/8.png]]

2019-12-02 00:34:38 - [TEST_STEP][PASSED] - (internal.GlobalVariable.i++): null

2019-12-02 00:34:38 - [MESSAGE][PASSED] - Call Test Case 'Test Cases/mobileWeb/_include/get_screenshot' successfully

2019-12-02 00:34:38 - [TEST_STEP][PASSED] - verifyTextPresent("Congratulations", false): Text 'Congratulations' is present on page 

2019-12-02 00:34:39 - [MESSAGE][PASSED] - Text 'Congratulations' is present on page 

2019-12-02 00:34:39 - [MESSAGE][PASSED] - Call Test Case 'Test Cases/mobileWeb/_include/goToEnd_hbi' successfully]]></system-out>
         <system-err><![CDATA[]]></system-err>
      </testcase>
      <testcase name="Test Cases/HIC/HBI/Fixed Cash Benefit" classname="Test Cases/HIC/HBI/Fixed Cash Benefit" status="PASSED">
         <system-out><![CDATA[2019-12-02 00:34:39 - [TEST_CASE][PASSED] - Test Cases/HIC/HBI/Fixed Cash Benefit: Test Cases/HIC/HBI/Fixed Cash Benefit

2019-12-02 00:34:39 - [TEST_STEP][PASSED] - callTestCase(findTestCase("HIC/_include/get_hicScreenPath"), ["project":"HIC", "productLine":"HBI", "carrierName":"Fixed Cash Benefit"], CONTINUE_ON_FAILURE): Call Test Case 'Test Cases/HIC/_include/get_hicScreenPath' successfully

2019-12-02 00:34:39 - [TEST_CASE][PASSED] - Test Cases/HIC/_include/get_hicScreenPath: Test Cases/HIC/_include/get_hicScreenPath

2019-12-02 00:34:39 - [TEST_STEP][PASSED] - m = getExecutionProperties(): null

2019-12-02 00:34:39 - [TEST_STEP][PASSED] - deviceName = get("mobileEmulation").get("deviceName"): null

2019-12-02 00:34:39 - [TEST_STEP][PASSED] - println(deviceName): null

2019-12-02 00:34:39 - [TEST_STEP][PASSED] - now = new java.util.Date(): null

2019-12-02 00:34:39 - [TEST_STEP][PASSED] - mydate = now.format("yyyyMMdd_HHmmss"): null

2019-12-02 00:34:39 - [TEST_STEP][PASSED] - screenPath = "../Screenshots/": null

2019-12-02 00:34:39 - [TEST_STEP][PASSED] - screenPath = screenPath + deviceName + "/" + project + "/" + productLine + "/" + carrierName + "/" + mydate + "/": null

2019-12-02 00:34:39 - [TEST_STEP][PASSED] - println(screenPath): null

2019-12-02 00:34:39 - [MESSAGE][PASSED] - Call Test Case 'Test Cases/HIC/_include/get_hicScreenPath' successfully

2019-12-02 00:34:39 - [TEST_STEP][PASSED] - i = 0: null

2019-12-02 00:34:39 - [TEST_STEP][PASSED] - callTestCase(findTestCase("mobileWeb/_include/openWebSite"), ["env":"https://qa.healthinsurance.com/"], CONTINUE_ON_FAILURE): Call Test Case 'Test Cases/mobileWeb/_include/openWebSite' successfully

2019-12-02 00:34:39 - [TEST_CASE][PASSED] - Test Cases/mobileWeb/_include/openWebSite: Test Cases/mobileWeb/_include/openWebSite

2019-12-02 00:34:39 - [TEST_STEP][PASSED] - openBrowser(env): Browser is opened with url: 'https://qa.healthinsurance.com/'

2019-12-02 00:34:39 - [MESSAGE][WARNING] - A browser is already opened. Closing browser and opening a new one

2019-12-02 00:34:40 - [MESSAGE][INFO] - Starting 'Chrome' driver

2019-12-02 00:34:40 - [MESSAGE][INFO] - User set preference: ['mobileEmulation', '{deviceName=iPhone 6}']

2019-12-02 00:34:40 - [MESSAGE][INFO] - User set preference: ['args', '[--incognito, --aggressive-cache-discard, --window-size=375,677, --no-sandbox]']

2019-12-02 00:34:42 - [MESSAGE][PASSED] - Browser is opened with url: 'https://qa.healthinsurance.com/'

2019-12-02 00:34:42 - [TEST_STEP][PASSED] - waitForPageLoad(20): Wait for page load successfully

2019-12-02 00:34:42 - [MESSAGE][PASSED] - Wait for page load successfully

2019-12-02 00:34:42 - [TEST_STEP][PASSED] - callTestCase(findTestCase("mobileWeb/_include/get_screenshot"), [:], STOP_ON_FAILURE): Call Test Case 'Test Cases/mobileWeb/_include/get_screenshot' successfully

2019-12-02 00:34:42 - [TEST_CASE][PASSED] - Test Cases/mobileWeb/_include/get_screenshot: Test Cases/mobileWeb/_include/get_screenshot

2019-12-02 00:34:42 - [TEST_STEP][PASSED] - takeScreenshot(screenPath + i + ".png"): Taking screenshot successfully

2019-12-02 00:34:42 - [MESSAGE][PASSED] - Taking screenshot successfully
[[ATTACHMENT|D:\\Test\\AgileTest\\Reports\\HIC\\hic\\20191202_002446\\../Screenshots/iPhone 6/HIC/HBI/Fixed Cash Benefit/20191202_003439/0.png]]

2019-12-02 00:34:42 - [TEST_STEP][PASSED] - (internal.GlobalVariable.i++): null

2019-12-02 00:34:42 - [MESSAGE][PASSED] - Call Test Case 'Test Cases/mobileWeb/_include/get_screenshot' successfully

2019-12-02 00:34:42 - [MESSAGE][PASSED] - Call Test Case 'Test Cases/mobileWeb/_include/openWebSite' successfully

2019-12-02 00:34:42 - [TEST_STEP][PASSED] - click(findTestObject("hic/nav/navButton")): Object: 'Object Repository/hic/nav/navButton' is clicked on

2019-12-02 00:34:43 - [MESSAGE][PASSED] - Object: 'Object Repository/hic/nav/navButton' is clicked on

2019-12-02 00:34:43 - [TEST_STEP][PASSED] - Thread.sleep(2000): null

2019-12-02 00:34:45 - [TEST_STEP][PASSED] - click(findTestObject("hic/nav/hbiLink")): Object: 'Object Repository/hic/nav/hbiLink' is clicked on

2019-12-02 00:34:45 - [MESSAGE][PASSED] - Object: 'Object Repository/hic/nav/hbiLink' is clicked on

2019-12-02 00:34:45 - [TEST_STEP][PASSED] - Thread.sleep(2000): null

2019-12-02 00:34:47 - [TEST_STEP][PASSED] - callTestCase(findTestCase("mobileWeb/_include/get_screenshot"), [:], STOP_ON_FAILURE): Call Test Case 'Test Cases/mobileWeb/_include/get_screenshot' successfully

2019-12-02 00:34:47 - [TEST_CASE][PASSED] - Test Cases/mobileWeb/_include/get_screenshot: Test Cases/mobileWeb/_include/get_screenshot

2019-12-02 00:34:47 - [TEST_STEP][PASSED] - takeScreenshot(screenPath + i + ".png"): Taking screenshot successfully

2019-12-02 00:34:47 - [MESSAGE][PASSED] - Taking screenshot successfully
[[ATTACHMENT|D:\\Test\\AgileTest\\Reports\\HIC\\hic\\20191202_002446\\../Screenshots/iPhone 6/HIC/HBI/Fixed Cash Benefit/20191202_003439/1.png]]

2019-12-02 00:34:47 - [TEST_STEP][PASSED] - (internal.GlobalVariable.i++): null

2019-12-02 00:34:47 - [MESSAGE][PASSED] - Call Test Case 'Test Cases/mobileWeb/_include/get_screenshot' successfully

2019-12-02 00:34:47 - [TEST_STEP][PASSED] - callTestCase(findTestCase("HIC/_include/stm_census"), ["zipcode":"85364"], STOP_ON_FAILURE): Call Test Case 'Test Cases/HIC/_include/stm_census' successfully

2019-12-02 00:34:47 - [TEST_CASE][PASSED] - Test Cases/HIC/_include/stm_census: Test Cases/HIC/_include/stm_census

2019-12-02 00:34:47 - [TEST_STEP][PASSED] - setText(findTestObject("hic/stm/zip"), zipcode): Text '85364' is set on object 'Object Repository/hic/stm/zip'

2019-12-02 00:34:47 - [MESSAGE][PASSED] - Text '85364' is set on object 'Object Repository/hic/stm/zip'

2019-12-02 00:34:47 - [TEST_STEP][PASSED] - Thread.sleep(500): null

2019-12-02 00:34:48 - [TEST_STEP][PASSED] - setText(findTestObject("hic/stm/primaryDOB"), "03031987"): Text '03031987' is set on object 'Object Repository/hic/stm/primaryDOB'

2019-12-02 00:34:48 - [MESSAGE][PASSED] - Text '03031987' is set on object 'Object Repository/hic/stm/primaryDOB'

2019-12-02 00:34:48 - [TEST_STEP][PASSED] - click(findTestObject("hic/stm/female")): Object: 'Object Repository/hic/stm/female' is clicked on

2019-12-02 00:34:48 - [MESSAGE][PASSED] - Object: 'Object Repository/hic/stm/female' is clicked on

2019-12-02 00:34:48 - [TEST_STEP][PASSED] - Thread.sleep(3000): null

2019-12-02 00:34:51 - [TEST_STEP][PASSED] - click(findTestObject("hic/stm/submitButton")): Object: 'Object Repository/hic/stm/submitButton' is clicked on

2019-12-02 00:34:53 - [MESSAGE][PASSED] - Object: 'Object Repository/hic/stm/submitButton' is clicked on

2019-12-02 00:34:53 - [TEST_STEP][PASSED] - Thread.sleep(6000): null

2019-12-02 00:34:59 - [TEST_STEP][PASSED] - callTestCase(findTestCase("mobileWeb/_include/get_screenshot"), [:], STOP_ON_FAILURE): Call Test Case 'Test Cases/mobileWeb/_include/get_screenshot' successfully

2019-12-02 00:34:59 - [TEST_CASE][PASSED] - Test Cases/mobileWeb/_include/get_screenshot: Test Cases/mobileWeb/_include/get_screenshot

2019-12-02 00:34:59 - [TEST_STEP][PASSED] - takeScreenshot(screenPath + i + ".png"): Taking screenshot successfully

2019-12-02 00:35:00 - [MESSAGE][PASSED] - Taking screenshot successfully
[[ATTACHMENT|D:\\Test\\AgileTest\\Reports\\HIC\\hic\\20191202_002446\\../Screenshots/iPhone 6/HIC/HBI/Fixed Cash Benefit/20191202_003439/2.png]]

2019-12-02 00:35:00 - [TEST_STEP][PASSED] - (internal.GlobalVariable.i++): null

2019-12-02 00:35:00 - [MESSAGE][PASSED] - Call Test Case 'Test Cases/mobileWeb/_include/get_screenshot' successfully

2019-12-02 00:35:00 - [TEST_STEP][PASSED] - Thread.sleep(1000): null

2019-12-02 00:35:01 - [MESSAGE][PASSED] - Call Test Case 'Test Cases/HIC/_include/stm_census' successfully

2019-12-02 00:35:01 - [TEST_STEP][PASSED] - Thread.sleep(5000): null

2019-12-02 00:35:06 - [TEST_STEP][PASSED] - scrollToPosition(200, 2300): Browser is scrolled to position x = 200, y = 2300

2019-12-02 00:35:06 - [MESSAGE][PASSED] - Browser is scrolled to position x = 200, y = 2300

2019-12-02 00:35:06 - [TEST_STEP][PASSED] - click(findTestObject("mobileSanity/HBI/quote/a_Fixed Cash Benefit")): Object: 'Object Repository/mobileSanity/HBI/quote/a_Fixed Cash Benefit' is clicked on

2019-12-02 00:35:07 - [MESSAGE][PASSED] - Object: 'Object Repository/mobileSanity/HBI/quote/a_Fixed Cash Benefit' is clicked on

2019-12-02 00:35:07 - [TEST_STEP][PASSED] - waitForPageLoad(20): Wait for page load successfully

2019-12-02 00:35:07 - [MESSAGE][PASSED] - Wait for page load successfully

2019-12-02 00:35:07 - [TEST_STEP][PASSED] - callTestCase(findTestCase("mobileWeb/_include/get_screenshot"), [:], STOP_ON_FAILURE): Call Test Case 'Test Cases/mobileWeb/_include/get_screenshot' successfully

2019-12-02 00:35:07 - [TEST_CASE][PASSED] - Test Cases/mobileWeb/_include/get_screenshot: Test Cases/mobileWeb/_include/get_screenshot

2019-12-02 00:35:07 - [TEST_STEP][PASSED] - takeScreenshot(screenPath + i + ".png"): Taking screenshot successfully

2019-12-02 00:35:08 - [MESSAGE][PASSED] - Taking screenshot successfully
[[ATTACHMENT|D:\\Test\\AgileTest\\Reports\\HIC\\hic\\20191202_002446\\../Screenshots/iPhone 6/HIC/HBI/Fixed Cash Benefit/20191202_003439/3.png]]

2019-12-02 00:35:08 - [TEST_STEP][PASSED] - (internal.GlobalVariable.i++): null

2019-12-02 00:35:08 - [MESSAGE][PASSED] - Call Test Case 'Test Cases/mobileWeb/_include/get_screenshot' successfully

2019-12-02 00:35:08 - [TEST_STEP][PASSED] - click(findTestObject("mobileSanity/HBI/detail/a_Apply for This Plan")): Object: 'Object Repository/mobileSanity/HBI/detail/a_Apply for This Plan' is clicked on

2019-12-02 00:35:08 - [MESSAGE][PASSED] - Object: 'Object Repository/mobileSanity/HBI/detail/a_Apply for This Plan' is clicked on

2019-12-02 00:35:08 - [TEST_STEP][PASSED] - waitForPageLoad(20): Wait for page load successfully

2019-12-02 00:35:08 - [MESSAGE][PASSED] - Wait for page load successfully

2019-12-02 00:35:08 - [TEST_STEP][PASSED] - callTestCase(findTestCase("mobileWeb/_include/get_screenshot"), [:], STOP_ON_FAILURE): Call Test Case 'Test Cases/mobileWeb/_include/get_screenshot' successfully

2019-12-02 00:35:08 - [TEST_CASE][PASSED] - Test Cases/mobileWeb/_include/get_screenshot: Test Cases/mobileWeb/_include/get_screenshot

2019-12-02 00:35:08 - [TEST_STEP][PASSED] - takeScreenshot(screenPath + i + ".png"): Taking screenshot successfully

2019-12-02 00:35:09 - [MESSAGE][PASSED] - Taking screenshot successfully
[[ATTACHMENT|D:\\Test\\AgileTest\\Reports\\HIC\\hic\\20191202_002446\\../Screenshots/iPhone 6/HIC/HBI/Fixed Cash Benefit/20191202_003439/4.png]]

2019-12-02 00:35:09 - [TEST_STEP][PASSED] - (internal.GlobalVariable.i++): null

2019-12-02 00:35:09 - [MESSAGE][PASSED] - Call Test Case 'Test Cases/mobileWeb/_include/get_screenshot' successfully

2019-12-02 00:35:09 - [TEST_STEP][PASSED] - click(findTestObject("mobileSanity/HBI/Page_Apply/span_Start Secure Application")): Object: 'Object Repository/mobileSanity/HBI/Page_Apply/span_Start Secure Application' is clicked on

2019-12-02 00:35:10 - [MESSAGE][PASSED] - Object: 'Object Repository/mobileSanity/HBI/Page_Apply/span_Start Secure Application' is clicked on

2019-12-02 00:35:10 - [TEST_STEP][PASSED] - waitForPageLoad(20): Wait for page load successfully

2019-12-02 00:35:10 - [MESSAGE][PASSED] - Wait for page load successfully

2019-12-02 00:35:10 - [TEST_STEP][PASSED] - Thread.sleep(5000): null

2019-12-02 00:35:15 - [TEST_STEP][PASSED] - callTestCase(findTestCase("mobileWeb/_include/get_screenshot"), [:], STOP_ON_FAILURE): Call Test Case 'Test Cases/mobileWeb/_include/get_screenshot' successfully

2019-12-02 00:35:15 - [TEST_CASE][PASSED] - Test Cases/mobileWeb/_include/get_screenshot: Test Cases/mobileWeb/_include/get_screenshot

2019-12-02 00:35:15 - [TEST_STEP][PASSED] - takeScreenshot(screenPath + i + ".png"): Taking screenshot successfully

2019-12-02 00:35:15 - [MESSAGE][PASSED] - Taking screenshot successfully
[[ATTACHMENT|D:\\Test\\AgileTest\\Reports\\HIC\\hic\\20191202_002446\\../Screenshots/iPhone 6/HIC/HBI/Fixed Cash Benefit/20191202_003439/5.png]]

2019-12-02 00:35:15 - [TEST_STEP][PASSED] - (internal.GlobalVariable.i++): null

2019-12-02 00:35:15 - [MESSAGE][PASSED] - Call Test Case 'Test Cases/mobileWeb/_include/get_screenshot' successfully

2019-12-02 00:35:15 - [TEST_STEP][PASSED] - callTestCase(findTestCase("mobileWeb/_include/goToEnd_hbi"), ["carrier":"FixedCashBenefit"], CONTINUE_ON_FAILURE): Call Test Case 'Test Cases/mobileWeb/_include/goToEnd_hbi' successfully

2019-12-02 00:35:15 - [TEST_CASE][PASSED] - Test Cases/mobileWeb/_include/goToEnd_hbi: Test Cases/mobileWeb/_include/goToEnd_hbi

2019-12-02 00:35:15 - [TEST_STEP][PASSED] - if (state == "ca"): null

2019-12-02 00:35:15 - [TEST_STEP][PASSED] - callTestCase(findTestCase("mobileWeb/_include/name"), [:], CONTINUE_ON_FAILURE): Call Test Case 'Test Cases/mobileWeb/_include/name' successfully

2019-12-02 00:35:15 - [TEST_CASE][PASSED] - Test Cases/mobileWeb/_include/name: Test Cases/mobileWeb/_include/name

2019-12-02 00:35:15 - [TEST_STEP][PASSED] - driver = getWebDriver(): null

2019-12-02 00:35:15 - [TEST_STEP][PASSED] - selenium = new com.thoughtworks.selenium.webdriven.WebDriverBackedSelenium(driver, internal.GlobalVariable.ENV): null

2019-12-02 00:35:15 - [TEST_STEP][PASSED] - FirstName = "Test-123": null

2019-12-02 00:35:15 - [TEST_STEP][PASSED] - LastName = selenium.getEval("{var x="ABCDEFGHIJKLMNOPQRSTUVWXYZabcdefghijklmnopqrstuvwxyz"; var tmp="ZZ11-"; for (i=0;i<8;i++) tmp+=x.charAt(Math.ceil(51*Math.random()));tmp;}"): null

2019-12-02 00:35:16 - [TEST_STEP][PASSED] - Address = selenium.getEval("{var x="ABCDEFGHIJKLMNOPQRSTUVWXYZabcdefghijklmnopqrstuvwxyz"; var tmp=""; for (i=0;i<8;i++) tmp+=x.charAt(Math.ceil(51*Math.random()));tmp;}"): null

2019-12-02 00:35:16 - [TEST_STEP][PASSED] - City = selenium.getEval("{var x="ABCDEFGHIJKLMNOPQRSTUVWXYZabcdefghijklmnopqrstuvwxyz"; var tmp=""; for (i=0;i<8;i++) tmp+=x.charAt(Math.ceil(51*Math.random()));tmp;}"): null

2019-12-02 00:35:16 - [TEST_STEP][PASSED] - tel1 = selenium.getEval("{var x="123456789"; var tmp=""; for (i=0;i<3;i++) tmp+=x.charAt(Math.ceil(8*Math.random()));tmp;}"): null

2019-12-02 00:35:16 - [TEST_STEP][PASSED] - tel2 = selenium.getEval("{var x="123456789"; var tmp=""; for (i=0;i<3;i++) tmp+=x.charAt(Math.ceil(8*Math.random()));tmp;}"): null

2019-12-02 00:35:16 - [TEST_STEP][PASSED] - tel3 = selenium.getEval("{var x="123456789"; var tmp=""; for (i=0;i<4;i++) tmp+=x.charAt(Math.ceil(8*Math.random()));tmp;}"): null

2019-12-02 00:35:16 - [TEST_STEP][PASSED] - Tel = selenium.getExpression(tel1 + "-" + tel2 + "-" + tel3): null

2019-12-02 00:35:16 - [TEST_STEP][PASSED] - AutoEmail = selenium.getEval("{var x="ABCDEFGHIJKLMNOPQRSTUVWXYZabcdefghijklmnopqrstuvwxyz"; var tmp="test."; for (i=0;i<8;i++) tmp+=x.charAt(Math.ceil(51*Math.random()));tmp+="@suryani.cn";}"): null

2019-12-02 00:35:16 - [TEST_STEP][PASSED] - FirstName = FirstName: null

2019-12-02 00:35:16 - [TEST_STEP][PASSED] - LastName = LastName: null

2019-12-02 00:35:16 - [TEST_STEP][PASSED] - Address = Address: null

2019-12-02 00:35:16 - [TEST_STEP][PASSED] - City = City: null

2019-12-02 00:35:16 - [TEST_STEP][PASSED] - Tel = Tel: null

2019-12-02 00:35:16 - [TEST_STEP][PASSED] - AutoEmail = AutoEmail: null

2019-12-02 00:35:16 - [TEST_STEP][PASSED] - println(FirstName): null

2019-12-02 00:35:16 - [TEST_STEP][PASSED] - println(LastName): null

2019-12-02 00:35:16 - [TEST_STEP][PASSED] - println(Address): null

2019-12-02 00:35:16 - [TEST_STEP][PASSED] - println(City): null

2019-12-02 00:35:16 - [TEST_STEP][PASSED] - println(Tel): null

2019-12-02 00:35:16 - [TEST_STEP][PASSED] - println(AutoEmail): null

2019-12-02 00:35:16 - [MESSAGE][PASSED] - Call Test Case 'Test Cases/mobileWeb/_include/name' successfully

2019-12-02 00:35:16 - [TEST_STEP][PASSED] - setText(findTestObject("mobileSanity/HBI/Page_App Page 1/input__member-P-1-firstName"), FirstName): Text 'Test-123' is set on object 'Object Repository/mobileSanity/HBI/Page_App Page 1/input__member-P-1-firstName'

2019-12-02 00:35:17 - [MESSAGE][PASSED] - Text 'Test-123' is set on object 'Object Repository/mobileSanity/HBI/Page_App Page 1/input__member-P-1-firstName'

2019-12-02 00:35:17 - [TEST_STEP][PASSED] - setText(findTestObject("mobileSanity/HBI/Page_App Page 1/input__member-P-1-lastName"), LastName): Text 'ZZ11-ukfXvGuo' is set on object 'Object Repository/mobileSanity/HBI/Page_App Page 1/input__member-P-1-lastName'

2019-12-02 00:35:17 - [MESSAGE][PASSED] - Text 'ZZ11-ukfXvGuo' is set on object 'Object Repository/mobileSanity/HBI/Page_App Page 1/input__member-P-1-lastName'

2019-12-02 00:35:17 - [TEST_STEP][PASSED] - if (carrier == "agileone" || carrier == "agilesecure"): null

2019-12-02 00:35:17 - [TEST_STEP][PASSED] - setText(findTestObject("mobileSanity/HBI/Page_App Page 1/input__address"), Address): Text 'jCjjSSoK' is set on object 'Object Repository/mobileSanity/HBI/Page_App Page 1/input__address'

2019-12-02 00:35:17 - [MESSAGE][PASSED] - Text 'jCjjSSoK' is set on object 'Object Repository/mobileSanity/HBI/Page_App Page 1/input__address'

2019-12-02 00:35:17 - [TEST_STEP][PASSED] - setText(findTestObject("mobileSanity/HBI/Page_App Page 1/input__city"), City): Text 'dsCqJoCz' is set on object 'Object Repository/mobileSanity/HBI/Page_App Page 1/input__city'

2019-12-02 00:35:17 - [MESSAGE][PASSED] - Text 'dsCqJoCz' is set on object 'Object Repository/mobileSanity/HBI/Page_App Page 1/input__city'

2019-12-02 00:35:17 - [TEST_STEP][PASSED] - setText(findTestObject("mobileSanity/HBI/Page_App Page 1/input__email"), AutoEmail): Text 'test.baatCaKX@suryani.cn' is set on object 'Object Repository/mobileSanity/HBI/Page_App Page 1/input__email'

2019-12-02 00:35:17 - [MESSAGE][PASSED] - Text 'test.baatCaKX@suryani.cn' is set on object 'Object Repository/mobileSanity/HBI/Page_App Page 1/input__email'

2019-12-02 00:35:17 - [TEST_STEP][PASSED] - setText(findTestObject("mobileSanity/HBI/Page_App Page 1/input_tel"), Tel): Text '757-685-7737' is set on object 'Object Repository/mobileSanity/HBI/Page_App Page 1/input_tel'

2019-12-02 00:35:18 - [MESSAGE][PASSED] - Text '757-685-7737' is set on object 'Object Repository/mobileSanity/HBI/Page_App Page 1/input_tel'

2019-12-02 00:35:18 - [TEST_STEP][PASSED] - click(findTestObject("mobileSanity/HBI/Page_App Page 1/a_Continue to Step 2 - Payment")): Object: 'Object Repository/mobileSanity/HBI/Page_App Page 1/a_Continue to Step 2 - Payment' is clicked on

2019-12-02 00:35:18 - [MESSAGE][PASSED] - Object: 'Object Repository/mobileSanity/HBI/Page_App Page 1/a_Continue to Step 2 - Payment' is clicked on

2019-12-02 00:35:18 - [TEST_STEP][PASSED] - waitForPageLoad(20): Wait for page load successfully

2019-12-02 00:35:18 - [MESSAGE][PASSED] - Wait for page load successfully

2019-12-02 00:35:18 - [TEST_STEP][PASSED] - Thread.sleep(2000): null

2019-12-02 00:35:20 - [TEST_STEP][PASSED] - waitForElementVisible(findTestObject("mobileSanity/HBI/Page_App Page 2/input__credit-card-first"), 20): Object 'Object Repository/mobileSanity/HBI/Page_App Page 2/input__credit-card-first' is visible

2019-12-02 00:35:20 - [MESSAGE][PASSED] - Object 'Object Repository/mobileSanity/HBI/Page_App Page 2/input__credit-card-first' is visible

2019-12-02 00:35:20 - [TEST_STEP][PASSED] - callTestCase(findTestCase("mobileWeb/_include/get_screenshot"), [:], STOP_ON_FAILURE): Call Test Case 'Test Cases/mobileWeb/_include/get_screenshot' successfully

2019-12-02 00:35:20 - [TEST_CASE][PASSED] - Test Cases/mobileWeb/_include/get_screenshot: Test Cases/mobileWeb/_include/get_screenshot

2019-12-02 00:35:20 - [TEST_STEP][PASSED] - takeScreenshot(screenPath + i + ".png"): Taking screenshot successfully

2019-12-02 00:35:20 - [MESSAGE][PASSED] - Taking screenshot successfully
[[ATTACHMENT|D:\\Test\\AgileTest\\Reports\\HIC\\hic\\20191202_002446\\../Screenshots/iPhone 6/HIC/HBI/Fixed Cash Benefit/20191202_003439/6.png]]

2019-12-02 00:35:20 - [TEST_STEP][PASSED] - (internal.GlobalVariable.i++): null

2019-12-02 00:35:20 - [MESSAGE][PASSED] - Call Test Case 'Test Cases/mobileWeb/_include/get_screenshot' successfully

2019-12-02 00:35:20 - [TEST_STEP][PASSED] - setText(findTestObject("mobileSanity/HBI/Page_App Page 2/input__credit-card-first"), FirstName): Text 'Test-123' is set on object 'Object Repository/mobileSanity/HBI/Page_App Page 2/input__credit-card-first'

2019-12-02 00:35:21 - [MESSAGE][PASSED] - Text 'Test-123' is set on object 'Object Repository/mobileSanity/HBI/Page_App Page 2/input__credit-card-first'

2019-12-02 00:35:21 - [TEST_STEP][PASSED] - setText(findTestObject("mobileSanity/HBI/Page_App Page 2/input__credit-card-last"), LastName): Text 'ZZ11-ukfXvGuo' is set on object 'Object Repository/mobileSanity/HBI/Page_App Page 2/input__credit-card-last'

2019-12-02 00:35:21 - [MESSAGE][PASSED] - Text 'ZZ11-ukfXvGuo' is set on object 'Object Repository/mobileSanity/HBI/Page_App Page 2/input__credit-card-last'

2019-12-02 00:35:21 - [TEST_STEP][PASSED] - selectOptionByValue(findTestObject("mobileSanity/HBI/Page_App Page 2/select_MM010203040506070809101"), "12", true): All options with value '12' are selected in object 'Object Repository/mobileSanity/HBI/Page_App Page 2/select_MM010203040506070809101'  using regular expression

2019-12-02 00:35:21 - [MESSAGE][PASSED] - All options with value '12' are selected in object 'Object Repository/mobileSanity/HBI/Page_App Page 2/select_MM010203040506070809101'  using regular expression

2019-12-02 00:35:21 - [TEST_STEP][PASSED] - selectOptionByValue(findTestObject("mobileSanity/HBI/Page_App Page 2/select_YYYY2019202020212022202"), "2026", true): All options with value '2026' are selected in object 'Object Repository/mobileSanity/HBI/Page_App Page 2/select_YYYY2019202020212022202'  using regular expression

2019-12-02 00:35:21 - [MESSAGE][PASSED] - All options with value '2026' are selected in object 'Object Repository/mobileSanity/HBI/Page_App Page 2/select_YYYY2019202020212022202'  using regular expression

2019-12-02 00:35:21 - [TEST_STEP][PASSED] - setText(findTestObject("mobileSanity/HBI/Page_App Page 2/input__credit-card-number"), "4111111111111111"): Text '4111111111111111' is set on object 'Object Repository/mobileSanity/HBI/Page_App Page 2/input__credit-card-number'

2019-12-02 00:35:21 - [MESSAGE][PASSED] - Text '4111111111111111' is set on object 'Object Repository/mobileSanity/HBI/Page_App Page 2/input__credit-card-number'

2019-12-02 00:35:21 - [TEST_STEP][PASSED] - setText(findTestObject("mobileSanity/HBI/Page_App Page 2/input__cvv"), "123"): Text '123' is set on object 'Object Repository/mobileSanity/HBI/Page_App Page 2/input__cvv'

2019-12-02 00:35:22 - [MESSAGE][PASSED] - Text '123' is set on object 'Object Repository/mobileSanity/HBI/Page_App Page 2/input__cvv'

2019-12-02 00:35:22 - [TEST_STEP][PASSED] - click(findTestObject("mobileSanity/HBI/Page_App Page 2/label_My billing address is th")): Object: 'Object Repository/mobileSanity/HBI/Page_App Page 2/label_My billing address is th' is clicked on

2019-12-02 00:35:22 - [MESSAGE][PASSED] - Object: 'Object Repository/mobileSanity/HBI/Page_App Page 2/label_My billing address is th' is clicked on

2019-12-02 00:35:22 - [TEST_STEP][PASSED] - click(findTestObject("mobileSanity/HBI/Page_App Page 2/label_I Accept Authorization f")): Object: 'Object Repository/mobileSanity/HBI/Page_App Page 2/label_I Accept Authorization f' is clicked on

2019-12-02 00:35:22 - [MESSAGE][PASSED] - Object: 'Object Repository/mobileSanity/HBI/Page_App Page 2/label_I Accept Authorization f' is clicked on

2019-12-02 00:35:22 - [TEST_STEP][PASSED] - click(findTestObject("mobileSanity/HBI/Page_App Page 2/a_Continue to Step 3 - Review")): Object: 'Object Repository/mobileSanity/HBI/Page_App Page 2/a_Continue to Step 3 - Review' is clicked on

2019-12-02 00:35:22 - [MESSAGE][PASSED] - Object: 'Object Repository/mobileSanity/HBI/Page_App Page 2/a_Continue to Step 3 - Review' is clicked on

2019-12-02 00:35:22 - [TEST_STEP][PASSED] - waitForPageLoad(20): Wait for page load successfully

2019-12-02 00:35:22 - [MESSAGE][PASSED] - Wait for page load successfully

2019-12-02 00:35:22 - [TEST_STEP][PASSED] - Thread.sleep(10000): null

2019-12-02 00:35:32 - [TEST_STEP][PASSED] - waitForElementPresent(findTestObject("mobileSanity/HBI/Page_App Page 3/label"), 20): Object 'Object Repository/mobileSanity/HBI/Page_App Page 3/label' is present

2019-12-02 00:35:33 - [MESSAGE][PASSED] - Object 'Object Repository/mobileSanity/HBI/Page_App Page 3/label' is present

2019-12-02 00:35:33 - [TEST_STEP][PASSED] - callTestCase(findTestCase("mobileWeb/_include/get_screenshot"), [:], STOP_ON_FAILURE): Call Test Case 'Test Cases/mobileWeb/_include/get_screenshot' successfully

2019-12-02 00:35:33 - [TEST_CASE][PASSED] - Test Cases/mobileWeb/_include/get_screenshot: Test Cases/mobileWeb/_include/get_screenshot

2019-12-02 00:35:33 - [TEST_STEP][PASSED] - takeScreenshot(screenPath + i + ".png"): Taking screenshot successfully

2019-12-02 00:35:33 - [MESSAGE][PASSED] - Taking screenshot successfully
[[ATTACHMENT|D:\\Test\\AgileTest\\Reports\\HIC\\hic\\20191202_002446\\../Screenshots/iPhone 6/HIC/HBI/Fixed Cash Benefit/20191202_003439/7.png]]

2019-12-02 00:35:33 - [TEST_STEP][PASSED] - (internal.GlobalVariable.i++): null

2019-12-02 00:35:33 - [MESSAGE][PASSED] - Call Test Case 'Test Cases/mobileWeb/_include/get_screenshot' successfully

2019-12-02 00:35:33 - [TEST_STEP][PASSED] - click(findTestObject("mobileSanity/HBI/Page_App Page 3/label")): Object: 'Object Repository/mobileSanity/HBI/Page_App Page 3/label' is clicked on

2019-12-02 00:35:33 - [MESSAGE][PASSED] - Object: 'Object Repository/mobileSanity/HBI/Page_App Page 3/label' is clicked on

2019-12-02 00:35:33 - [TEST_STEP][PASSED] - click(findTestObject("mobileSanity/HBI/Page_App Page 3/p_CLICK TO SIGN")): Object: 'Object Repository/mobileSanity/HBI/Page_App Page 3/p_CLICK TO SIGN' is clicked on

2019-12-02 00:35:33 - [MESSAGE][PASSED] - Object: 'Object Repository/mobileSanity/HBI/Page_App Page 3/p_CLICK TO SIGN' is clicked on

2019-12-02 00:35:33 - [TEST_STEP][PASSED] - click(findTestObject("mobileSanity/HBI/Page_App Page 3/a_Submit Your Application")): Object: 'Object Repository/mobileSanity/HBI/Page_App Page 3/a_Submit Your Application' is clicked on

2019-12-02 00:35:33 - [MESSAGE][PASSED] - Object: 'Object Repository/mobileSanity/HBI/Page_App Page 3/a_Submit Your Application' is clicked on

2019-12-02 00:35:33 - [TEST_STEP][PASSED] - Thread.sleep(30000): null

2019-12-02 00:36:03 - [TEST_STEP][PASSED] - callTestCase(findTestCase("mobileWeb/_include/get_screenshot"), [:], STOP_ON_FAILURE): Call Test Case 'Test Cases/mobileWeb/_include/get_screenshot' successfully

2019-12-02 00:36:03 - [TEST_CASE][PASSED] - Test Cases/mobileWeb/_include/get_screenshot: Test Cases/mobileWeb/_include/get_screenshot

2019-12-02 00:36:03 - [TEST_STEP][PASSED] - takeScreenshot(screenPath + i + ".png"): Taking screenshot successfully

2019-12-02 00:36:04 - [MESSAGE][PASSED] - Taking screenshot successfully
[[ATTACHMENT|D:\\Test\\AgileTest\\Reports\\HIC\\hic\\20191202_002446\\../Screenshots/iPhone 6/HIC/HBI/Fixed Cash Benefit/20191202_003439/8.png]]

2019-12-02 00:36:04 - [TEST_STEP][PASSED] - (internal.GlobalVariable.i++): null

2019-12-02 00:36:04 - [MESSAGE][PASSED] - Call Test Case 'Test Cases/mobileWeb/_include/get_screenshot' successfully

2019-12-02 00:36:04 - [TEST_STEP][PASSED] - verifyTextPresent("Congratulations", false): Text 'Congratulations' is present on page 

2019-12-02 00:36:04 - [MESSAGE][PASSED] - Text 'Congratulations' is present on page 

2019-12-02 00:36:04 - [MESSAGE][PASSED] - Call Test Case 'Test Cases/mobileWeb/_include/goToEnd_hbi' successfully]]></system-out>
         <system-err><![CDATA[]]></system-err>
      </testcase>
      <testcase name="Test Cases/HIC/HBI/Health Choice" classname="Test Cases/HIC/HBI/Health Choice" status="PASSED">
         <system-out><![CDATA[2019-12-02 00:36:04 - [TEST_CASE][PASSED] - Test Cases/HIC/HBI/Health Choice: Test Cases/HIC/HBI/Health Choice

2019-12-02 00:36:04 - [TEST_STEP][PASSED] - callTestCase(findTestCase("HIC/_include/get_hicScreenPath"), ["project":"HIC", "productLine":"HBI", "carrierName":"Health Choice"], CONTINUE_ON_FAILURE): Call Test Case 'Test Cases/HIC/_include/get_hicScreenPath' successfully

2019-12-02 00:36:04 - [TEST_CASE][PASSED] - Test Cases/HIC/_include/get_hicScreenPath: Test Cases/HIC/_include/get_hicScreenPath

2019-12-02 00:36:04 - [TEST_STEP][PASSED] - m = getExecutionProperties(): null

2019-12-02 00:36:04 - [TEST_STEP][PASSED] - deviceName = get("mobileEmulation").get("deviceName"): null

2019-12-02 00:36:04 - [TEST_STEP][PASSED] - println(deviceName): null

2019-12-02 00:36:04 - [TEST_STEP][PASSED] - now = new java.util.Date(): null

2019-12-02 00:36:04 - [TEST_STEP][PASSED] - mydate = now.format("yyyyMMdd_HHmmss"): null

2019-12-02 00:36:04 - [TEST_STEP][PASSED] - screenPath = "../Screenshots/": null

2019-12-02 00:36:04 - [TEST_STEP][PASSED] - screenPath = screenPath + deviceName + "/" + project + "/" + productLine + "/" + carrierName + "/" + mydate + "/": null

2019-12-02 00:36:04 - [TEST_STEP][PASSED] - println(screenPath): null

2019-12-02 00:36:04 - [MESSAGE][PASSED] - Call Test Case 'Test Cases/HIC/_include/get_hicScreenPath' successfully

2019-12-02 00:36:04 - [TEST_STEP][PASSED] - i = 0: null

2019-12-02 00:36:04 - [TEST_STEP][PASSED] - callTestCase(findTestCase("mobileWeb/_include/openWebSite"), ["env":"https://qa.healthinsurance.com/"], CONTINUE_ON_FAILURE): Call Test Case 'Test Cases/mobileWeb/_include/openWebSite' successfully

2019-12-02 00:36:04 - [TEST_CASE][PASSED] - Test Cases/mobileWeb/_include/openWebSite: Test Cases/mobileWeb/_include/openWebSite

2019-12-02 00:36:04 - [TEST_STEP][PASSED] - openBrowser(env): Browser is opened with url: 'https://qa.healthinsurance.com/'

2019-12-02 00:36:04 - [MESSAGE][WARNING] - A browser is already opened. Closing browser and opening a new one

2019-12-02 00:36:05 - [MESSAGE][INFO] - Starting 'Chrome' driver

2019-12-02 00:36:05 - [MESSAGE][INFO] - User set preference: ['mobileEmulation', '{deviceName=iPhone 6}']

2019-12-02 00:36:05 - [MESSAGE][INFO] - User set preference: ['args', '[--incognito, --aggressive-cache-discard, --window-size=375,677, --no-sandbox]']

2019-12-02 00:36:07 - [MESSAGE][PASSED] - Browser is opened with url: 'https://qa.healthinsurance.com/'

2019-12-02 00:36:07 - [TEST_STEP][PASSED] - waitForPageLoad(20): Wait for page load successfully

2019-12-02 00:36:07 - [MESSAGE][PASSED] - Wait for page load successfully

2019-12-02 00:36:07 - [TEST_STEP][PASSED] - callTestCase(findTestCase("mobileWeb/_include/get_screenshot"), [:], STOP_ON_FAILURE): Call Test Case 'Test Cases/mobileWeb/_include/get_screenshot' successfully

2019-12-02 00:36:07 - [TEST_CASE][PASSED] - Test Cases/mobileWeb/_include/get_screenshot: Test Cases/mobileWeb/_include/get_screenshot

2019-12-02 00:36:07 - [TEST_STEP][PASSED] - takeScreenshot(screenPath + i + ".png"): Taking screenshot successfully

2019-12-02 00:36:08 - [MESSAGE][PASSED] - Taking screenshot successfully
[[ATTACHMENT|D:\\Test\\AgileTest\\Reports\\HIC\\hic\\20191202_002446\\../Screenshots/iPhone 6/HIC/HBI/Health Choice/20191202_003604/0.png]]

2019-12-02 00:36:08 - [TEST_STEP][PASSED] - (internal.GlobalVariable.i++): null

2019-12-02 00:36:08 - [MESSAGE][PASSED] - Call Test Case 'Test Cases/mobileWeb/_include/get_screenshot' successfully

2019-12-02 00:36:08 - [MESSAGE][PASSED] - Call Test Case 'Test Cases/mobileWeb/_include/openWebSite' successfully

2019-12-02 00:36:08 - [TEST_STEP][PASSED] - click(findTestObject("hic/nav/navButton")): Object: 'Object Repository/hic/nav/navButton' is clicked on

2019-12-02 00:36:08 - [MESSAGE][PASSED] - Object: 'Object Repository/hic/nav/navButton' is clicked on

2019-12-02 00:36:08 - [TEST_STEP][PASSED] - Thread.sleep(2000): null

2019-12-02 00:36:10 - [TEST_STEP][PASSED] - click(findTestObject("hic/nav/hbiLink")): Object: 'Object Repository/hic/nav/hbiLink' is clicked on

2019-12-02 00:36:10 - [MESSAGE][PASSED] - Object: 'Object Repository/hic/nav/hbiLink' is clicked on

2019-12-02 00:36:10 - [TEST_STEP][PASSED] - Thread.sleep(2000): null

2019-12-02 00:36:12 - [TEST_STEP][PASSED] - callTestCase(findTestCase("mobileWeb/_include/get_screenshot"), [:], STOP_ON_FAILURE): Call Test Case 'Test Cases/mobileWeb/_include/get_screenshot' successfully

2019-12-02 00:36:12 - [TEST_CASE][PASSED] - Test Cases/mobileWeb/_include/get_screenshot: Test Cases/mobileWeb/_include/get_screenshot

2019-12-02 00:36:12 - [TEST_STEP][PASSED] - takeScreenshot(screenPath + i + ".png"): Taking screenshot successfully

2019-12-02 00:36:12 - [MESSAGE][PASSED] - Taking screenshot successfully
[[ATTACHMENT|D:\\Test\\AgileTest\\Reports\\HIC\\hic\\20191202_002446\\../Screenshots/iPhone 6/HIC/HBI/Health Choice/20191202_003604/1.png]]

2019-12-02 00:36:12 - [TEST_STEP][PASSED] - (internal.GlobalVariable.i++): null

2019-12-02 00:36:12 - [MESSAGE][PASSED] - Call Test Case 'Test Cases/mobileWeb/_include/get_screenshot' successfully

2019-12-02 00:36:12 - [TEST_STEP][PASSED] - callTestCase(findTestCase("HIC/_include/stm_census"), ["zipcode":"35215"], STOP_ON_FAILURE): Call Test Case 'Test Cases/HIC/_include/stm_census' successfully

2019-12-02 00:36:13 - [TEST_CASE][PASSED] - Test Cases/HIC/_include/stm_census: Test Cases/HIC/_include/stm_census

2019-12-02 00:36:13 - [TEST_STEP][PASSED] - setText(findTestObject("hic/stm/zip"), zipcode): Text '35215' is set on object 'Object Repository/hic/stm/zip'

2019-12-02 00:36:13 - [MESSAGE][PASSED] - Text '35215' is set on object 'Object Repository/hic/stm/zip'

2019-12-02 00:36:13 - [TEST_STEP][PASSED] - Thread.sleep(500): null

2019-12-02 00:36:13 - [TEST_STEP][PASSED] - setText(findTestObject("hic/stm/primaryDOB"), "03031987"): Text '03031987' is set on object 'Object Repository/hic/stm/primaryDOB'

2019-12-02 00:36:14 - [MESSAGE][PASSED] - Text '03031987' is set on object 'Object Repository/hic/stm/primaryDOB'

2019-12-02 00:36:14 - [TEST_STEP][PASSED] - click(findTestObject("hic/stm/female")): Object: 'Object Repository/hic/stm/female' is clicked on

2019-12-02 00:36:14 - [MESSAGE][PASSED] - Object: 'Object Repository/hic/stm/female' is clicked on

2019-12-02 00:36:14 - [TEST_STEP][PASSED] - Thread.sleep(3000): null

2019-12-02 00:36:17 - [TEST_STEP][PASSED] - click(findTestObject("hic/stm/submitButton")): Object: 'Object Repository/hic/stm/submitButton' is clicked on

2019-12-02 00:36:18 - [MESSAGE][PASSED] - Object: 'Object Repository/hic/stm/submitButton' is clicked on

2019-12-02 00:36:18 - [TEST_STEP][PASSED] - Thread.sleep(6000): null

2019-12-02 00:36:24 - [TEST_STEP][PASSED] - callTestCase(findTestCase("mobileWeb/_include/get_screenshot"), [:], STOP_ON_FAILURE): Call Test Case 'Test Cases/mobileWeb/_include/get_screenshot' successfully

2019-12-02 00:36:24 - [TEST_CASE][PASSED] - Test Cases/mobileWeb/_include/get_screenshot: Test Cases/mobileWeb/_include/get_screenshot

2019-12-02 00:36:24 - [TEST_STEP][PASSED] - takeScreenshot(screenPath + i + ".png"): Taking screenshot successfully

2019-12-02 00:36:24 - [MESSAGE][PASSED] - Taking screenshot successfully
[[ATTACHMENT|D:\\Test\\AgileTest\\Reports\\HIC\\hic\\20191202_002446\\../Screenshots/iPhone 6/HIC/HBI/Health Choice/20191202_003604/2.png]]

2019-12-02 00:36:24 - [TEST_STEP][PASSED] - (internal.GlobalVariable.i++): null

2019-12-02 00:36:24 - [MESSAGE][PASSED] - Call Test Case 'Test Cases/mobileWeb/_include/get_screenshot' successfully

2019-12-02 00:36:24 - [TEST_STEP][PASSED] - Thread.sleep(1000): null

2019-12-02 00:36:25 - [MESSAGE][PASSED] - Call Test Case 'Test Cases/HIC/_include/stm_census' successfully

2019-12-02 00:36:25 - [TEST_STEP][PASSED] - Thread.sleep(5000): null

2019-12-02 00:36:30 - [TEST_STEP][PASSED] - scrollToPosition(200, 2300): Browser is scrolled to position x = 200, y = 2300

2019-12-02 00:36:30 - [MESSAGE][PASSED] - Browser is scrolled to position x = 200, y = 2300

2019-12-02 00:36:30 - [TEST_STEP][PASSED] - click(findTestObject("mobileSanity/HBI/quote/a_Health Choice")): Object: 'Object Repository/mobileSanity/HBI/quote/a_Health Choice' is clicked on

2019-12-02 00:36:31 - [MESSAGE][PASSED] - Object: 'Object Repository/mobileSanity/HBI/quote/a_Health Choice' is clicked on

2019-12-02 00:36:31 - [TEST_STEP][PASSED] - waitForPageLoad(20): Wait for page load successfully

2019-12-02 00:36:31 - [MESSAGE][PASSED] - Wait for page load successfully

2019-12-02 00:36:31 - [TEST_STEP][PASSED] - callTestCase(findTestCase("mobileWeb/_include/get_screenshot"), [:], STOP_ON_FAILURE): Call Test Case 'Test Cases/mobileWeb/_include/get_screenshot' successfully

2019-12-02 00:36:31 - [TEST_CASE][PASSED] - Test Cases/mobileWeb/_include/get_screenshot: Test Cases/mobileWeb/_include/get_screenshot

2019-12-02 00:36:31 - [TEST_STEP][PASSED] - takeScreenshot(screenPath + i + ".png"): Taking screenshot successfully

2019-12-02 00:36:32 - [MESSAGE][PASSED] - Taking screenshot successfully
[[ATTACHMENT|D:\\Test\\AgileTest\\Reports\\HIC\\hic\\20191202_002446\\../Screenshots/iPhone 6/HIC/HBI/Health Choice/20191202_003604/3.png]]

2019-12-02 00:36:32 - [TEST_STEP][PASSED] - (internal.GlobalVariable.i++): null

2019-12-02 00:36:32 - [MESSAGE][PASSED] - Call Test Case 'Test Cases/mobileWeb/_include/get_screenshot' successfully

2019-12-02 00:36:32 - [TEST_STEP][PASSED] - click(findTestObject("mobileSanity/HBI/detail/a_Apply for This Plan")): Object: 'Object Repository/mobileSanity/HBI/detail/a_Apply for This Plan' is clicked on

2019-12-02 00:36:32 - [MESSAGE][PASSED] - Object: 'Object Repository/mobileSanity/HBI/detail/a_Apply for This Plan' is clicked on

2019-12-02 00:36:32 - [TEST_STEP][PASSED] - waitForPageLoad(20): Wait for page load successfully

2019-12-02 00:36:32 - [MESSAGE][PASSED] - Wait for page load successfully

2019-12-02 00:36:32 - [TEST_STEP][PASSED] - callTestCase(findTestCase("mobileWeb/_include/get_screenshot"), [:], STOP_ON_FAILURE): Call Test Case 'Test Cases/mobileWeb/_include/get_screenshot' successfully

2019-12-02 00:36:32 - [TEST_CASE][PASSED] - Test Cases/mobileWeb/_include/get_screenshot: Test Cases/mobileWeb/_include/get_screenshot

2019-12-02 00:36:32 - [TEST_STEP][PASSED] - takeScreenshot(screenPath + i + ".png"): Taking screenshot successfully

2019-12-02 00:36:33 - [MESSAGE][PASSED] - Taking screenshot successfully
[[ATTACHMENT|D:\\Test\\AgileTest\\Reports\\HIC\\hic\\20191202_002446\\../Screenshots/iPhone 6/HIC/HBI/Health Choice/20191202_003604/4.png]]

2019-12-02 00:36:33 - [TEST_STEP][PASSED] - (internal.GlobalVariable.i++): null

2019-12-02 00:36:33 - [MESSAGE][PASSED] - Call Test Case 'Test Cases/mobileWeb/_include/get_screenshot' successfully

2019-12-02 00:36:33 - [TEST_STEP][PASSED] - click(findTestObject("mobileSanity/HBI/Page_Apply/span_Start Secure Application")): Object: 'Object Repository/mobileSanity/HBI/Page_Apply/span_Start Secure Application' is clicked on

2019-12-02 00:36:33 - [MESSAGE][PASSED] - Object: 'Object Repository/mobileSanity/HBI/Page_Apply/span_Start Secure Application' is clicked on

2019-12-02 00:36:33 - [TEST_STEP][PASSED] - waitForPageLoad(20): Wait for page load successfully

2019-12-02 00:36:33 - [MESSAGE][PASSED] - Wait for page load successfully

2019-12-02 00:36:33 - [TEST_STEP][PASSED] - Thread.sleep(5000): null

2019-12-02 00:36:38 - [TEST_STEP][PASSED] - callTestCase(findTestCase("mobileWeb/_include/get_screenshot"), [:], STOP_ON_FAILURE): Call Test Case 'Test Cases/mobileWeb/_include/get_screenshot' successfully

2019-12-02 00:36:38 - [TEST_CASE][PASSED] - Test Cases/mobileWeb/_include/get_screenshot: Test Cases/mobileWeb/_include/get_screenshot

2019-12-02 00:36:38 - [TEST_STEP][PASSED] - takeScreenshot(screenPath + i + ".png"): Taking screenshot successfully

2019-12-02 00:36:39 - [MESSAGE][PASSED] - Taking screenshot successfully
[[ATTACHMENT|D:\\Test\\AgileTest\\Reports\\HIC\\hic\\20191202_002446\\../Screenshots/iPhone 6/HIC/HBI/Health Choice/20191202_003604/5.png]]

2019-12-02 00:36:39 - [TEST_STEP][PASSED] - (internal.GlobalVariable.i++): null

2019-12-02 00:36:39 - [MESSAGE][PASSED] - Call Test Case 'Test Cases/mobileWeb/_include/get_screenshot' successfully

2019-12-02 00:36:39 - [TEST_STEP][PASSED] - callTestCase(findTestCase("mobileWeb/_include/goToEnd_hbi"), ["carrier":"healthchoiceplus"], CONTINUE_ON_FAILURE): Call Test Case 'Test Cases/mobileWeb/_include/goToEnd_hbi' successfully

2019-12-02 00:36:39 - [TEST_CASE][PASSED] - Test Cases/mobileWeb/_include/goToEnd_hbi: Test Cases/mobileWeb/_include/goToEnd_hbi

2019-12-02 00:36:39 - [TEST_STEP][PASSED] - if (state == "ca"): null

2019-12-02 00:36:39 - [TEST_STEP][PASSED] - callTestCase(findTestCase("mobileWeb/_include/name"), [:], CONTINUE_ON_FAILURE): Call Test Case 'Test Cases/mobileWeb/_include/name' successfully

2019-12-02 00:36:39 - [TEST_CASE][PASSED] - Test Cases/mobileWeb/_include/name: Test Cases/mobileWeb/_include/name

2019-12-02 00:36:39 - [TEST_STEP][PASSED] - driver = getWebDriver(): null

2019-12-02 00:36:39 - [TEST_STEP][PASSED] - selenium = new com.thoughtworks.selenium.webdriven.WebDriverBackedSelenium(driver, internal.GlobalVariable.ENV): null

2019-12-02 00:36:39 - [TEST_STEP][PASSED] - FirstName = "Test-123": null

2019-12-02 00:36:39 - [TEST_STEP][PASSED] - LastName = selenium.getEval("{var x="ABCDEFGHIJKLMNOPQRSTUVWXYZabcdefghijklmnopqrstuvwxyz"; var tmp="ZZ11-"; for (i=0;i<8;i++) tmp+=x.charAt(Math.ceil(51*Math.random()));tmp;}"): null

2019-12-02 00:36:39 - [TEST_STEP][PASSED] - Address = selenium.getEval("{var x="ABCDEFGHIJKLMNOPQRSTUVWXYZabcdefghijklmnopqrstuvwxyz"; var tmp=""; for (i=0;i<8;i++) tmp+=x.charAt(Math.ceil(51*Math.random()));tmp;}"): null

2019-12-02 00:36:39 - [TEST_STEP][PASSED] - City = selenium.getEval("{var x="ABCDEFGHIJKLMNOPQRSTUVWXYZabcdefghijklmnopqrstuvwxyz"; var tmp=""; for (i=0;i<8;i++) tmp+=x.charAt(Math.ceil(51*Math.random()));tmp;}"): null

2019-12-02 00:36:39 - [TEST_STEP][PASSED] - tel1 = selenium.getEval("{var x="123456789"; var tmp=""; for (i=0;i<3;i++) tmp+=x.charAt(Math.ceil(8*Math.random()));tmp;}"): null

2019-12-02 00:36:39 - [TEST_STEP][PASSED] - tel2 = selenium.getEval("{var x="123456789"; var tmp=""; for (i=0;i<3;i++) tmp+=x.charAt(Math.ceil(8*Math.random()));tmp;}"): null

2019-12-02 00:36:39 - [TEST_STEP][PASSED] - tel3 = selenium.getEval("{var x="123456789"; var tmp=""; for (i=0;i<4;i++) tmp+=x.charAt(Math.ceil(8*Math.random()));tmp;}"): null

2019-12-02 00:36:39 - [TEST_STEP][PASSED] - Tel = selenium.getExpression(tel1 + "-" + tel2 + "-" + tel3): null

2019-12-02 00:36:39 - [TEST_STEP][PASSED] - AutoEmail = selenium.getEval("{var x="ABCDEFGHIJKLMNOPQRSTUVWXYZabcdefghijklmnopqrstuvwxyz"; var tmp="test."; for (i=0;i<8;i++) tmp+=x.charAt(Math.ceil(51*Math.random()));tmp+="@suryani.cn";}"): null

2019-12-02 00:36:39 - [TEST_STEP][PASSED] - FirstName = FirstName: null

2019-12-02 00:36:39 - [TEST_STEP][PASSED] - LastName = LastName: null

2019-12-02 00:36:39 - [TEST_STEP][PASSED] - Address = Address: null

2019-12-02 00:36:39 - [TEST_STEP][PASSED] - City = City: null

2019-12-02 00:36:39 - [TEST_STEP][PASSED] - Tel = Tel: null

2019-12-02 00:36:39 - [TEST_STEP][PASSED] - AutoEmail = AutoEmail: null

2019-12-02 00:36:39 - [TEST_STEP][PASSED] - println(FirstName): null

2019-12-02 00:36:39 - [TEST_STEP][PASSED] - println(LastName): null

2019-12-02 00:36:39 - [TEST_STEP][PASSED] - println(Address): null

2019-12-02 00:36:39 - [TEST_STEP][PASSED] - println(City): null

2019-12-02 00:36:39 - [TEST_STEP][PASSED] - println(Tel): null

2019-12-02 00:36:39 - [TEST_STEP][PASSED] - println(AutoEmail): null

2019-12-02 00:36:39 - [MESSAGE][PASSED] - Call Test Case 'Test Cases/mobileWeb/_include/name' successfully

2019-12-02 00:36:39 - [TEST_STEP][PASSED] - setText(findTestObject("mobileSanity/HBI/Page_App Page 1/input__member-P-1-firstName"), FirstName): Text 'Test-123' is set on object 'Object Repository/mobileSanity/HBI/Page_App Page 1/input__member-P-1-firstName'

2019-12-02 00:36:39 - [MESSAGE][PASSED] - Text 'Test-123' is set on object 'Object Repository/mobileSanity/HBI/Page_App Page 1/input__member-P-1-firstName'

2019-12-02 00:36:39 - [TEST_STEP][PASSED] - setText(findTestObject("mobileSanity/HBI/Page_App Page 1/input__member-P-1-lastName"), LastName): Text 'ZZ11-ztKHJdco' is set on object 'Object Repository/mobileSanity/HBI/Page_App Page 1/input__member-P-1-lastName'

2019-12-02 00:36:40 - [MESSAGE][PASSED] - Text 'ZZ11-ztKHJdco' is set on object 'Object Repository/mobileSanity/HBI/Page_App Page 1/input__member-P-1-lastName'

2019-12-02 00:36:40 - [TEST_STEP][PASSED] - if (carrier == "agileone" || carrier == "agilesecure"): null

2019-12-02 00:36:40 - [TEST_STEP][PASSED] - setText(findTestObject("mobileSanity/HBI/Page_App Page 1/input__address"), Address): Text 'hLmpRbnj' is set on object 'Object Repository/mobileSanity/HBI/Page_App Page 1/input__address'

2019-12-02 00:36:40 - [MESSAGE][PASSED] - Text 'hLmpRbnj' is set on object 'Object Repository/mobileSanity/HBI/Page_App Page 1/input__address'

2019-12-02 00:36:40 - [TEST_STEP][PASSED] - setText(findTestObject("mobileSanity/HBI/Page_App Page 1/input__city"), City): Text 'vYFmHFDd' is set on object 'Object Repository/mobileSanity/HBI/Page_App Page 1/input__city'

2019-12-02 00:36:40 - [MESSAGE][PASSED] - Text 'vYFmHFDd' is set on object 'Object Repository/mobileSanity/HBI/Page_App Page 1/input__city'

2019-12-02 00:36:40 - [TEST_STEP][PASSED] - setText(findTestObject("mobileSanity/HBI/Page_App Page 1/input__email"), AutoEmail): Text 'test.jkousEVh@suryani.cn' is set on object 'Object Repository/mobileSanity/HBI/Page_App Page 1/input__email'

2019-12-02 00:36:40 - [MESSAGE][PASSED] - Text 'test.jkousEVh@suryani.cn' is set on object 'Object Repository/mobileSanity/HBI/Page_App Page 1/input__email'

2019-12-02 00:36:40 - [TEST_STEP][PASSED] - setText(findTestObject("mobileSanity/HBI/Page_App Page 1/input_tel"), Tel): Text '975-254-3864' is set on object 'Object Repository/mobileSanity/HBI/Page_App Page 1/input_tel'

2019-12-02 00:36:40 - [MESSAGE][PASSED] - Text '975-254-3864' is set on object 'Object Repository/mobileSanity/HBI/Page_App Page 1/input_tel'

2019-12-02 00:36:40 - [TEST_STEP][PASSED] - click(findTestObject("mobileSanity/HBI/Page_App Page 1/a_Continue to Step 2 - Payment")): Object: 'Object Repository/mobileSanity/HBI/Page_App Page 1/a_Continue to Step 2 - Payment' is clicked on

2019-12-02 00:36:41 - [MESSAGE][PASSED] - Object: 'Object Repository/mobileSanity/HBI/Page_App Page 1/a_Continue to Step 2 - Payment' is clicked on

2019-12-02 00:36:41 - [TEST_STEP][PASSED] - waitForPageLoad(20): Wait for page load successfully

2019-12-02 00:36:41 - [MESSAGE][PASSED] - Wait for page load successfully

2019-12-02 00:36:41 - [TEST_STEP][PASSED] - Thread.sleep(2000): null

2019-12-02 00:36:43 - [TEST_STEP][PASSED] - waitForElementVisible(findTestObject("mobileSanity/HBI/Page_App Page 2/input__credit-card-first"), 20): Object 'Object Repository/mobileSanity/HBI/Page_App Page 2/input__credit-card-first' is visible

2019-12-02 00:36:43 - [MESSAGE][PASSED] - Object 'Object Repository/mobileSanity/HBI/Page_App Page 2/input__credit-card-first' is visible

2019-12-02 00:36:43 - [TEST_STEP][PASSED] - callTestCase(findTestCase("mobileWeb/_include/get_screenshot"), [:], STOP_ON_FAILURE): Call Test Case 'Test Cases/mobileWeb/_include/get_screenshot' successfully

2019-12-02 00:36:43 - [TEST_CASE][PASSED] - Test Cases/mobileWeb/_include/get_screenshot: Test Cases/mobileWeb/_include/get_screenshot

2019-12-02 00:36:43 - [TEST_STEP][PASSED] - takeScreenshot(screenPath + i + ".png"): Taking screenshot successfully

2019-12-02 00:36:43 - [MESSAGE][PASSED] - Taking screenshot successfully
[[ATTACHMENT|D:\\Test\\AgileTest\\Reports\\HIC\\hic\\20191202_002446\\../Screenshots/iPhone 6/HIC/HBI/Health Choice/20191202_003604/6.png]]

2019-12-02 00:36:43 - [TEST_STEP][PASSED] - (internal.GlobalVariable.i++): null

2019-12-02 00:36:43 - [MESSAGE][PASSED] - Call Test Case 'Test Cases/mobileWeb/_include/get_screenshot' successfully

2019-12-02 00:36:43 - [TEST_STEP][PASSED] - setText(findTestObject("mobileSanity/HBI/Page_App Page 2/input__credit-card-first"), FirstName): Text 'Test-123' is set on object 'Object Repository/mobileSanity/HBI/Page_App Page 2/input__credit-card-first'

2019-12-02 00:36:43 - [MESSAGE][PASSED] - Text 'Test-123' is set on object 'Object Repository/mobileSanity/HBI/Page_App Page 2/input__credit-card-first'

2019-12-02 00:36:43 - [TEST_STEP][PASSED] - setText(findTestObject("mobileSanity/HBI/Page_App Page 2/input__credit-card-last"), LastName): Text 'ZZ11-ztKHJdco' is set on object 'Object Repository/mobileSanity/HBI/Page_App Page 2/input__credit-card-last'

2019-12-02 00:36:43 - [MESSAGE][PASSED] - Text 'ZZ11-ztKHJdco' is set on object 'Object Repository/mobileSanity/HBI/Page_App Page 2/input__credit-card-last'

2019-12-02 00:36:43 - [TEST_STEP][PASSED] - selectOptionByValue(findTestObject("mobileSanity/HBI/Page_App Page 2/select_MM010203040506070809101"), "12", true): All options with value '12' are selected in object 'Object Repository/mobileSanity/HBI/Page_App Page 2/select_MM010203040506070809101'  using regular expression

2019-12-02 00:36:44 - [MESSAGE][PASSED] - All options with value '12' are selected in object 'Object Repository/mobileSanity/HBI/Page_App Page 2/select_MM010203040506070809101'  using regular expression

2019-12-02 00:36:44 - [TEST_STEP][PASSED] - selectOptionByValue(findTestObject("mobileSanity/HBI/Page_App Page 2/select_YYYY2019202020212022202"), "2026", true): All options with value '2026' are selected in object 'Object Repository/mobileSanity/HBI/Page_App Page 2/select_YYYY2019202020212022202'  using regular expression

2019-12-02 00:36:44 - [MESSAGE][PASSED] - All options with value '2026' are selected in object 'Object Repository/mobileSanity/HBI/Page_App Page 2/select_YYYY2019202020212022202'  using regular expression

2019-12-02 00:36:44 - [TEST_STEP][PASSED] - setText(findTestObject("mobileSanity/HBI/Page_App Page 2/input__credit-card-number"), "4111111111111111"): Text '4111111111111111' is set on object 'Object Repository/mobileSanity/HBI/Page_App Page 2/input__credit-card-number'

2019-12-02 00:36:44 - [MESSAGE][PASSED] - Text '4111111111111111' is set on object 'Object Repository/mobileSanity/HBI/Page_App Page 2/input__credit-card-number'

2019-12-02 00:36:44 - [TEST_STEP][PASSED] - setText(findTestObject("mobileSanity/HBI/Page_App Page 2/input__cvv"), "123"): Text '123' is set on object 'Object Repository/mobileSanity/HBI/Page_App Page 2/input__cvv'

2019-12-02 00:36:44 - [MESSAGE][PASSED] - Text '123' is set on object 'Object Repository/mobileSanity/HBI/Page_App Page 2/input__cvv'

2019-12-02 00:36:44 - [TEST_STEP][PASSED] - click(findTestObject("mobileSanity/HBI/Page_App Page 2/label_My billing address is th")): Object: 'Object Repository/mobileSanity/HBI/Page_App Page 2/label_My billing address is th' is clicked on

2019-12-02 00:36:44 - [MESSAGE][PASSED] - Object: 'Object Repository/mobileSanity/HBI/Page_App Page 2/label_My billing address is th' is clicked on

2019-12-02 00:36:44 - [TEST_STEP][PASSED] - click(findTestObject("mobileSanity/HBI/Page_App Page 2/label_I Accept Authorization f")): Object: 'Object Repository/mobileSanity/HBI/Page_App Page 2/label_I Accept Authorization f' is clicked on

2019-12-02 00:36:44 - [MESSAGE][PASSED] - Object: 'Object Repository/mobileSanity/HBI/Page_App Page 2/label_I Accept Authorization f' is clicked on

2019-12-02 00:36:44 - [TEST_STEP][PASSED] - click(findTestObject("mobileSanity/HBI/Page_App Page 2/a_Continue to Step 3 - Review")): Object: 'Object Repository/mobileSanity/HBI/Page_App Page 2/a_Continue to Step 3 - Review' is clicked on

2019-12-02 00:36:45 - [MESSAGE][PASSED] - Object: 'Object Repository/mobileSanity/HBI/Page_App Page 2/a_Continue to Step 3 - Review' is clicked on

2019-12-02 00:36:45 - [TEST_STEP][PASSED] - waitForPageLoad(20): Wait for page load successfully

2019-12-02 00:36:45 - [MESSAGE][PASSED] - Wait for page load successfully

2019-12-02 00:36:45 - [TEST_STEP][PASSED] - Thread.sleep(10000): null

2019-12-02 00:36:55 - [TEST_STEP][PASSED] - waitForElementPresent(findTestObject("mobileSanity/HBI/Page_App Page 3/label"), 20): Object 'Object Repository/mobileSanity/HBI/Page_App Page 3/label' is present

2019-12-02 00:36:55 - [MESSAGE][PASSED] - Object 'Object Repository/mobileSanity/HBI/Page_App Page 3/label' is present

2019-12-02 00:36:55 - [TEST_STEP][PASSED] - callTestCase(findTestCase("mobileWeb/_include/get_screenshot"), [:], STOP_ON_FAILURE): Call Test Case 'Test Cases/mobileWeb/_include/get_screenshot' successfully

2019-12-02 00:36:55 - [TEST_CASE][PASSED] - Test Cases/mobileWeb/_include/get_screenshot: Test Cases/mobileWeb/_include/get_screenshot

2019-12-02 00:36:55 - [TEST_STEP][PASSED] - takeScreenshot(screenPath + i + ".png"): Taking screenshot successfully

2019-12-02 00:36:56 - [MESSAGE][PASSED] - Taking screenshot successfully
[[ATTACHMENT|D:\\Test\\AgileTest\\Reports\\HIC\\hic\\20191202_002446\\../Screenshots/iPhone 6/HIC/HBI/Health Choice/20191202_003604/7.png]]

2019-12-02 00:36:56 - [TEST_STEP][PASSED] - (internal.GlobalVariable.i++): null

2019-12-02 00:36:56 - [MESSAGE][PASSED] - Call Test Case 'Test Cases/mobileWeb/_include/get_screenshot' successfully

2019-12-02 00:36:56 - [TEST_STEP][PASSED] - click(findTestObject("mobileSanity/HBI/Page_App Page 3/label")): Object: 'Object Repository/mobileSanity/HBI/Page_App Page 3/label' is clicked on

2019-12-02 00:36:56 - [MESSAGE][PASSED] - Object: 'Object Repository/mobileSanity/HBI/Page_App Page 3/label' is clicked on

2019-12-02 00:36:56 - [TEST_STEP][PASSED] - click(findTestObject("mobileSanity/HBI/Page_App Page 3/p_CLICK TO SIGN")): Object: 'Object Repository/mobileSanity/HBI/Page_App Page 3/p_CLICK TO SIGN' is clicked on

2019-12-02 00:36:56 - [MESSAGE][PASSED] - Object: 'Object Repository/mobileSanity/HBI/Page_App Page 3/p_CLICK TO SIGN' is clicked on

2019-12-02 00:36:56 - [TEST_STEP][PASSED] - click(findTestObject("mobileSanity/HBI/Page_App Page 3/a_Submit Your Application")): Object: 'Object Repository/mobileSanity/HBI/Page_App Page 3/a_Submit Your Application' is clicked on

2019-12-02 00:36:56 - [MESSAGE][PASSED] - Object: 'Object Repository/mobileSanity/HBI/Page_App Page 3/a_Submit Your Application' is clicked on

2019-12-02 00:36:56 - [TEST_STEP][PASSED] - Thread.sleep(30000): null

2019-12-02 00:37:26 - [TEST_STEP][PASSED] - callTestCase(findTestCase("mobileWeb/_include/get_screenshot"), [:], STOP_ON_FAILURE): Call Test Case 'Test Cases/mobileWeb/_include/get_screenshot' successfully

2019-12-02 00:37:26 - [TEST_CASE][PASSED] - Test Cases/mobileWeb/_include/get_screenshot: Test Cases/mobileWeb/_include/get_screenshot

2019-12-02 00:37:26 - [TEST_STEP][PASSED] - takeScreenshot(screenPath + i + ".png"): Taking screenshot successfully

2019-12-02 00:37:26 - [MESSAGE][PASSED] - Taking screenshot successfully
[[ATTACHMENT|D:\\Test\\AgileTest\\Reports\\HIC\\hic\\20191202_002446\\../Screenshots/iPhone 6/HIC/HBI/Health Choice/20191202_003604/8.png]]

2019-12-02 00:37:26 - [TEST_STEP][PASSED] - (internal.GlobalVariable.i++): null

2019-12-02 00:37:26 - [MESSAGE][PASSED] - Call Test Case 'Test Cases/mobileWeb/_include/get_screenshot' successfully

2019-12-02 00:37:26 - [TEST_STEP][PASSED] - verifyTextPresent("Congratulations", false): Text 'Congratulations' is present on page 

2019-12-02 00:37:26 - [MESSAGE][PASSED] - Text 'Congratulations' is present on page 

2019-12-02 00:37:26 - [MESSAGE][PASSED] - Call Test Case 'Test Cases/mobileWeb/_include/goToEnd_hbi' successfully]]></system-out>
         <system-err><![CDATA[]]></system-err>
      </testcase>
      <testcase name="Test Cases/HIC/HBI/Legion Limited Medical" classname="Test Cases/HIC/HBI/Legion Limited Medical" status="PASSED">
         <system-out><![CDATA[2019-12-02 00:37:26 - [TEST_CASE][PASSED] - Test Cases/HIC/HBI/Legion Limited Medical: Test Cases/HIC/HBI/Legion Limited Medical

2019-12-02 00:37:26 - [TEST_STEP][PASSED] - callTestCase(findTestCase("HIC/_include/get_hicScreenPath"), ["project":"HIC", "productLine":"HBI", "carrierName":"Legion Limited Medical"], CONTINUE_ON_FAILURE): Call Test Case 'Test Cases/HIC/_include/get_hicScreenPath' successfully

2019-12-02 00:37:27 - [TEST_CASE][PASSED] - Test Cases/HIC/_include/get_hicScreenPath: Test Cases/HIC/_include/get_hicScreenPath

2019-12-02 00:37:27 - [TEST_STEP][PASSED] - m = getExecutionProperties(): null

2019-12-02 00:37:27 - [TEST_STEP][PASSED] - deviceName = get("mobileEmulation").get("deviceName"): null

2019-12-02 00:37:27 - [TEST_STEP][PASSED] - println(deviceName): null

2019-12-02 00:37:27 - [TEST_STEP][PASSED] - now = new java.util.Date(): null

2019-12-02 00:37:27 - [TEST_STEP][PASSED] - mydate = now.format("yyyyMMdd_HHmmss"): null

2019-12-02 00:37:27 - [TEST_STEP][PASSED] - screenPath = "../Screenshots/": null

2019-12-02 00:37:27 - [TEST_STEP][PASSED] - screenPath = screenPath + deviceName + "/" + project + "/" + productLine + "/" + carrierName + "/" + mydate + "/": null

2019-12-02 00:37:27 - [TEST_STEP][PASSED] - println(screenPath): null

2019-12-02 00:37:27 - [MESSAGE][PASSED] - Call Test Case 'Test Cases/HIC/_include/get_hicScreenPath' successfully

2019-12-02 00:37:27 - [TEST_STEP][PASSED] - i = 0: null

2019-12-02 00:37:27 - [TEST_STEP][PASSED] - callTestCase(findTestCase("mobileWeb/_include/openWebSite"), ["env":"https://qa.healthinsurance.com/"], CONTINUE_ON_FAILURE): Call Test Case 'Test Cases/mobileWeb/_include/openWebSite' successfully

2019-12-02 00:37:27 - [TEST_CASE][PASSED] - Test Cases/mobileWeb/_include/openWebSite: Test Cases/mobileWeb/_include/openWebSite

2019-12-02 00:37:27 - [TEST_STEP][PASSED] - openBrowser(env): Browser is opened with url: 'https://qa.healthinsurance.com/'

2019-12-02 00:37:27 - [MESSAGE][WARNING] - A browser is already opened. Closing browser and opening a new one

2019-12-02 00:37:28 - [MESSAGE][INFO] - Starting 'Chrome' driver

2019-12-02 00:37:28 - [MESSAGE][INFO] - User set preference: ['mobileEmulation', '{deviceName=iPhone 6}']

2019-12-02 00:37:28 - [MESSAGE][INFO] - User set preference: ['args', '[--incognito, --aggressive-cache-discard, --window-size=375,677, --no-sandbox]']

2019-12-02 00:37:30 - [MESSAGE][PASSED] - Browser is opened with url: 'https://qa.healthinsurance.com/'

2019-12-02 00:37:30 - [TEST_STEP][PASSED] - waitForPageLoad(20): Wait for page load successfully

2019-12-02 00:37:30 - [MESSAGE][PASSED] - Wait for page load successfully

2019-12-02 00:37:30 - [TEST_STEP][PASSED] - callTestCase(findTestCase("mobileWeb/_include/get_screenshot"), [:], STOP_ON_FAILURE): Call Test Case 'Test Cases/mobileWeb/_include/get_screenshot' successfully

2019-12-02 00:37:30 - [TEST_CASE][PASSED] - Test Cases/mobileWeb/_include/get_screenshot: Test Cases/mobileWeb/_include/get_screenshot

2019-12-02 00:37:30 - [TEST_STEP][PASSED] - takeScreenshot(screenPath + i + ".png"): Taking screenshot successfully

2019-12-02 00:37:30 - [MESSAGE][PASSED] - Taking screenshot successfully
[[ATTACHMENT|D:\\Test\\AgileTest\\Reports\\HIC\\hic\\20191202_002446\\../Screenshots/iPhone 6/HIC/HBI/Legion Limited Medical/20191202_003727/0.png]]

2019-12-02 00:37:30 - [TEST_STEP][PASSED] - (internal.GlobalVariable.i++): null

2019-12-02 00:37:30 - [MESSAGE][PASSED] - Call Test Case 'Test Cases/mobileWeb/_include/get_screenshot' successfully

2019-12-02 00:37:30 - [MESSAGE][PASSED] - Call Test Case 'Test Cases/mobileWeb/_include/openWebSite' successfully

2019-12-02 00:37:30 - [TEST_STEP][PASSED] - click(findTestObject("hic/nav/navButton")): Object: 'Object Repository/hic/nav/navButton' is clicked on

2019-12-02 00:37:30 - [MESSAGE][PASSED] - Object: 'Object Repository/hic/nav/navButton' is clicked on

2019-12-02 00:37:30 - [TEST_STEP][PASSED] - Thread.sleep(2000): null

2019-12-02 00:37:32 - [TEST_STEP][PASSED] - click(findTestObject("hic/nav/hbiLink")): Object: 'Object Repository/hic/nav/hbiLink' is clicked on

2019-12-02 00:37:32 - [MESSAGE][PASSED] - Object: 'Object Repository/hic/nav/hbiLink' is clicked on

2019-12-02 00:37:32 - [TEST_STEP][PASSED] - Thread.sleep(2000): null

2019-12-02 00:37:34 - [TEST_STEP][PASSED] - callTestCase(findTestCase("mobileWeb/_include/get_screenshot"), [:], STOP_ON_FAILURE): Call Test Case 'Test Cases/mobileWeb/_include/get_screenshot' successfully

2019-12-02 00:37:34 - [TEST_CASE][PASSED] - Test Cases/mobileWeb/_include/get_screenshot: Test Cases/mobileWeb/_include/get_screenshot

2019-12-02 00:37:34 - [TEST_STEP][PASSED] - takeScreenshot(screenPath + i + ".png"): Taking screenshot successfully

2019-12-02 00:37:35 - [MESSAGE][PASSED] - Taking screenshot successfully
[[ATTACHMENT|D:\\Test\\AgileTest\\Reports\\HIC\\hic\\20191202_002446\\../Screenshots/iPhone 6/HIC/HBI/Legion Limited Medical/20191202_003727/1.png]]

2019-12-02 00:37:35 - [TEST_STEP][PASSED] - (internal.GlobalVariable.i++): null

2019-12-02 00:37:35 - [MESSAGE][PASSED] - Call Test Case 'Test Cases/mobileWeb/_include/get_screenshot' successfully

2019-12-02 00:37:35 - [TEST_STEP][PASSED] - callTestCase(findTestCase("HIC/_include/stm_census"), ["zipcode":"35215"], STOP_ON_FAILURE): Call Test Case 'Test Cases/HIC/_include/stm_census' successfully

2019-12-02 00:37:35 - [TEST_CASE][PASSED] - Test Cases/HIC/_include/stm_census: Test Cases/HIC/_include/stm_census

2019-12-02 00:37:35 - [TEST_STEP][PASSED] - setText(findTestObject("hic/stm/zip"), zipcode): Text '35215' is set on object 'Object Repository/hic/stm/zip'

2019-12-02 00:37:35 - [MESSAGE][PASSED] - Text '35215' is set on object 'Object Repository/hic/stm/zip'

2019-12-02 00:37:35 - [TEST_STEP][PASSED] - Thread.sleep(500): null

2019-12-02 00:37:35 - [TEST_STEP][PASSED] - setText(findTestObject("hic/stm/primaryDOB"), "03031987"): Text '03031987' is set on object 'Object Repository/hic/stm/primaryDOB'

2019-12-02 00:37:36 - [MESSAGE][PASSED] - Text '03031987' is set on object 'Object Repository/hic/stm/primaryDOB'

2019-12-02 00:37:36 - [TEST_STEP][PASSED] - click(findTestObject("hic/stm/female")): Object: 'Object Repository/hic/stm/female' is clicked on

2019-12-02 00:37:36 - [MESSAGE][PASSED] - Object: 'Object Repository/hic/stm/female' is clicked on

2019-12-02 00:37:36 - [TEST_STEP][PASSED] - Thread.sleep(3000): null

2019-12-02 00:37:39 - [TEST_STEP][PASSED] - click(findTestObject("hic/stm/submitButton")): Object: 'Object Repository/hic/stm/submitButton' is clicked on

2019-12-02 00:37:40 - [MESSAGE][PASSED] - Object: 'Object Repository/hic/stm/submitButton' is clicked on

2019-12-02 00:37:40 - [TEST_STEP][PASSED] - Thread.sleep(6000): null

2019-12-02 00:37:46 - [TEST_STEP][PASSED] - callTestCase(findTestCase("mobileWeb/_include/get_screenshot"), [:], STOP_ON_FAILURE): Call Test Case 'Test Cases/mobileWeb/_include/get_screenshot' successfully

2019-12-02 00:37:46 - [TEST_CASE][PASSED] - Test Cases/mobileWeb/_include/get_screenshot: Test Cases/mobileWeb/_include/get_screenshot

2019-12-02 00:37:46 - [TEST_STEP][PASSED] - takeScreenshot(screenPath + i + ".png"): Taking screenshot successfully

2019-12-02 00:37:46 - [MESSAGE][PASSED] - Taking screenshot successfully
[[ATTACHMENT|D:\\Test\\AgileTest\\Reports\\HIC\\hic\\20191202_002446\\../Screenshots/iPhone 6/HIC/HBI/Legion Limited Medical/20191202_003727/2.png]]

2019-12-02 00:37:46 - [TEST_STEP][PASSED] - (internal.GlobalVariable.i++): null

2019-12-02 00:37:46 - [MESSAGE][PASSED] - Call Test Case 'Test Cases/mobileWeb/_include/get_screenshot' successfully

2019-12-02 00:37:46 - [TEST_STEP][PASSED] - Thread.sleep(1000): null

2019-12-02 00:37:47 - [MESSAGE][PASSED] - Call Test Case 'Test Cases/HIC/_include/stm_census' successfully

2019-12-02 00:37:47 - [TEST_STEP][PASSED] - click(findTestObject("mobileSanity/HBI/quote/a_Legion Limited Medical 500")): Object: 'Object Repository/mobileSanity/HBI/quote/a_Legion Limited Medical 500' is clicked on

2019-12-02 00:37:48 - [MESSAGE][PASSED] - Object: 'Object Repository/mobileSanity/HBI/quote/a_Legion Limited Medical 500' is clicked on

2019-12-02 00:37:48 - [TEST_STEP][PASSED] - waitForPageLoad(20): Wait for page load successfully

2019-12-02 00:37:48 - [MESSAGE][PASSED] - Wait for page load successfully

2019-12-02 00:37:48 - [TEST_STEP][PASSED] - callTestCase(findTestCase("mobileWeb/_include/get_screenshot"), [:], STOP_ON_FAILURE): Call Test Case 'Test Cases/mobileWeb/_include/get_screenshot' successfully

2019-12-02 00:37:48 - [TEST_CASE][PASSED] - Test Cases/mobileWeb/_include/get_screenshot: Test Cases/mobileWeb/_include/get_screenshot

2019-12-02 00:37:48 - [TEST_STEP][PASSED] - takeScreenshot(screenPath + i + ".png"): Taking screenshot successfully

2019-12-02 00:37:48 - [MESSAGE][PASSED] - Taking screenshot successfully
[[ATTACHMENT|D:\\Test\\AgileTest\\Reports\\HIC\\hic\\20191202_002446\\../Screenshots/iPhone 6/HIC/HBI/Legion Limited Medical/20191202_003727/3.png]]

2019-12-02 00:37:48 - [TEST_STEP][PASSED] - (internal.GlobalVariable.i++): null

2019-12-02 00:37:48 - [MESSAGE][PASSED] - Call Test Case 'Test Cases/mobileWeb/_include/get_screenshot' successfully

2019-12-02 00:37:48 - [TEST_STEP][PASSED] - click(findTestObject("mobileSanity/HBI/detail/a_Apply for This Plan")): Object: 'Object Repository/mobileSanity/HBI/detail/a_Apply for This Plan' is clicked on

2019-12-02 00:37:49 - [MESSAGE][PASSED] - Object: 'Object Repository/mobileSanity/HBI/detail/a_Apply for This Plan' is clicked on

2019-12-02 00:37:49 - [TEST_STEP][PASSED] - waitForPageLoad(20): Wait for page load successfully

2019-12-02 00:37:49 - [MESSAGE][PASSED] - Wait for page load successfully

2019-12-02 00:37:49 - [TEST_STEP][PASSED] - callTestCase(findTestCase("mobileWeb/_include/get_screenshot"), [:], STOP_ON_FAILURE): Call Test Case 'Test Cases/mobileWeb/_include/get_screenshot' successfully

2019-12-02 00:37:49 - [TEST_CASE][PASSED] - Test Cases/mobileWeb/_include/get_screenshot: Test Cases/mobileWeb/_include/get_screenshot

2019-12-02 00:37:49 - [TEST_STEP][PASSED] - takeScreenshot(screenPath + i + ".png"): Taking screenshot successfully

2019-12-02 00:37:49 - [MESSAGE][PASSED] - Taking screenshot successfully
[[ATTACHMENT|D:\\Test\\AgileTest\\Reports\\HIC\\hic\\20191202_002446\\../Screenshots/iPhone 6/HIC/HBI/Legion Limited Medical/20191202_003727/4.png]]

2019-12-02 00:37:49 - [TEST_STEP][PASSED] - (internal.GlobalVariable.i++): null

2019-12-02 00:37:49 - [MESSAGE][PASSED] - Call Test Case 'Test Cases/mobileWeb/_include/get_screenshot' successfully

2019-12-02 00:37:49 - [TEST_STEP][PASSED] - click(findTestObject("mobileSanity/HBI/Page_Apply/span_Start Secure Application")): Object: 'Object Repository/mobileSanity/HBI/Page_Apply/span_Start Secure Application' is clicked on

2019-12-02 00:37:50 - [MESSAGE][PASSED] - Object: 'Object Repository/mobileSanity/HBI/Page_Apply/span_Start Secure Application' is clicked on

2019-12-02 00:37:50 - [TEST_STEP][PASSED] - waitForPageLoad(20): Wait for page load successfully

2019-12-02 00:37:50 - [MESSAGE][PASSED] - Wait for page load successfully

2019-12-02 00:37:50 - [TEST_STEP][PASSED] - Thread.sleep(5000): null

2019-12-02 00:37:55 - [TEST_STEP][PASSED] - callTestCase(findTestCase("mobileWeb/_include/get_screenshot"), [:], STOP_ON_FAILURE): Call Test Case 'Test Cases/mobileWeb/_include/get_screenshot' successfully

2019-12-02 00:37:55 - [TEST_CASE][PASSED] - Test Cases/mobileWeb/_include/get_screenshot: Test Cases/mobileWeb/_include/get_screenshot

2019-12-02 00:37:55 - [TEST_STEP][PASSED] - takeScreenshot(screenPath + i + ".png"): Taking screenshot successfully

2019-12-02 00:37:56 - [MESSAGE][PASSED] - Taking screenshot successfully
[[ATTACHMENT|D:\\Test\\AgileTest\\Reports\\HIC\\hic\\20191202_002446\\../Screenshots/iPhone 6/HIC/HBI/Legion Limited Medical/20191202_003727/5.png]]

2019-12-02 00:37:56 - [TEST_STEP][PASSED] - (internal.GlobalVariable.i++): null

2019-12-02 00:37:56 - [MESSAGE][PASSED] - Call Test Case 'Test Cases/mobileWeb/_include/get_screenshot' successfully

2019-12-02 00:37:56 - [TEST_STEP][PASSED] - callTestCase(findTestCase("mobileWeb/_include/goToEnd_hbi"), ["carrier":"legionlimitedmedical"], CONTINUE_ON_FAILURE): Call Test Case 'Test Cases/mobileWeb/_include/goToEnd_hbi' successfully

2019-12-02 00:37:56 - [TEST_CASE][PASSED] - Test Cases/mobileWeb/_include/goToEnd_hbi: Test Cases/mobileWeb/_include/goToEnd_hbi

2019-12-02 00:37:56 - [TEST_STEP][PASSED] - if (state == "ca"): null

2019-12-02 00:37:56 - [TEST_STEP][PASSED] - callTestCase(findTestCase("mobileWeb/_include/name"), [:], CONTINUE_ON_FAILURE): Call Test Case 'Test Cases/mobileWeb/_include/name' successfully

2019-12-02 00:37:56 - [TEST_CASE][PASSED] - Test Cases/mobileWeb/_include/name: Test Cases/mobileWeb/_include/name

2019-12-02 00:37:56 - [TEST_STEP][PASSED] - driver = getWebDriver(): null

2019-12-02 00:37:56 - [TEST_STEP][PASSED] - selenium = new com.thoughtworks.selenium.webdriven.WebDriverBackedSelenium(driver, internal.GlobalVariable.ENV): null

2019-12-02 00:37:56 - [TEST_STEP][PASSED] - FirstName = "Test-123": null

2019-12-02 00:37:56 - [TEST_STEP][PASSED] - LastName = selenium.getEval("{var x="ABCDEFGHIJKLMNOPQRSTUVWXYZabcdefghijklmnopqrstuvwxyz"; var tmp="ZZ11-"; for (i=0;i<8;i++) tmp+=x.charAt(Math.ceil(51*Math.random()));tmp;}"): null

2019-12-02 00:37:56 - [TEST_STEP][PASSED] - Address = selenium.getEval("{var x="ABCDEFGHIJKLMNOPQRSTUVWXYZabcdefghijklmnopqrstuvwxyz"; var tmp=""; for (i=0;i<8;i++) tmp+=x.charAt(Math.ceil(51*Math.random()));tmp;}"): null

2019-12-02 00:37:56 - [TEST_STEP][PASSED] - City = selenium.getEval("{var x="ABCDEFGHIJKLMNOPQRSTUVWXYZabcdefghijklmnopqrstuvwxyz"; var tmp=""; for (i=0;i<8;i++) tmp+=x.charAt(Math.ceil(51*Math.random()));tmp;}"): null

2019-12-02 00:37:56 - [TEST_STEP][PASSED] - tel1 = selenium.getEval("{var x="123456789"; var tmp=""; for (i=0;i<3;i++) tmp+=x.charAt(Math.ceil(8*Math.random()));tmp;}"): null

2019-12-02 00:37:56 - [TEST_STEP][PASSED] - tel2 = selenium.getEval("{var x="123456789"; var tmp=""; for (i=0;i<3;i++) tmp+=x.charAt(Math.ceil(8*Math.random()));tmp;}"): null

2019-12-02 00:37:56 - [TEST_STEP][PASSED] - tel3 = selenium.getEval("{var x="123456789"; var tmp=""; for (i=0;i<4;i++) tmp+=x.charAt(Math.ceil(8*Math.random()));tmp;}"): null

2019-12-02 00:37:56 - [TEST_STEP][PASSED] - Tel = selenium.getExpression(tel1 + "-" + tel2 + "-" + tel3): null

2019-12-02 00:37:56 - [TEST_STEP][PASSED] - AutoEmail = selenium.getEval("{var x="ABCDEFGHIJKLMNOPQRSTUVWXYZabcdefghijklmnopqrstuvwxyz"; var tmp="test."; for (i=0;i<8;i++) tmp+=x.charAt(Math.ceil(51*Math.random()));tmp+="@suryani.cn";}"): null

2019-12-02 00:37:56 - [TEST_STEP][PASSED] - FirstName = FirstName: null

2019-12-02 00:37:56 - [TEST_STEP][PASSED] - LastName = LastName: null

2019-12-02 00:37:56 - [TEST_STEP][PASSED] - Address = Address: null

2019-12-02 00:37:56 - [TEST_STEP][PASSED] - City = City: null

2019-12-02 00:37:56 - [TEST_STEP][PASSED] - Tel = Tel: null

2019-12-02 00:37:56 - [TEST_STEP][PASSED] - AutoEmail = AutoEmail: null

2019-12-02 00:37:56 - [TEST_STEP][PASSED] - println(FirstName): null

2019-12-02 00:37:56 - [TEST_STEP][PASSED] - println(LastName): null

2019-12-02 00:37:56 - [TEST_STEP][PASSED] - println(Address): null

2019-12-02 00:37:56 - [TEST_STEP][PASSED] - println(City): null

2019-12-02 00:37:56 - [TEST_STEP][PASSED] - println(Tel): null

2019-12-02 00:37:56 - [TEST_STEP][PASSED] - println(AutoEmail): null

2019-12-02 00:37:56 - [MESSAGE][PASSED] - Call Test Case 'Test Cases/mobileWeb/_include/name' successfully

2019-12-02 00:37:56 - [TEST_STEP][PASSED] - setText(findTestObject("mobileSanity/HBI/Page_App Page 1/input__member-P-1-firstName"), FirstName): Text 'Test-123' is set on object 'Object Repository/mobileSanity/HBI/Page_App Page 1/input__member-P-1-firstName'

2019-12-02 00:37:56 - [MESSAGE][PASSED] - Text 'Test-123' is set on object 'Object Repository/mobileSanity/HBI/Page_App Page 1/input__member-P-1-firstName'

2019-12-02 00:37:56 - [TEST_STEP][PASSED] - setText(findTestObject("mobileSanity/HBI/Page_App Page 1/input__member-P-1-lastName"), LastName): Text 'ZZ11-pPzqHaMz' is set on object 'Object Repository/mobileSanity/HBI/Page_App Page 1/input__member-P-1-lastName'

2019-12-02 00:37:56 - [MESSAGE][PASSED] - Text 'ZZ11-pPzqHaMz' is set on object 'Object Repository/mobileSanity/HBI/Page_App Page 1/input__member-P-1-lastName'

2019-12-02 00:37:56 - [TEST_STEP][PASSED] - if (carrier == "agileone" || carrier == "agilesecure"): null

2019-12-02 00:37:56 - [TEST_STEP][PASSED] - setText(findTestObject("mobileSanity/HBI/Page_App Page 1/input__address"), Address): Text 'JFEMYJoT' is set on object 'Object Repository/mobileSanity/HBI/Page_App Page 1/input__address'

2019-12-02 00:37:56 - [MESSAGE][PASSED] - Text 'JFEMYJoT' is set on object 'Object Repository/mobileSanity/HBI/Page_App Page 1/input__address'

2019-12-02 00:37:56 - [TEST_STEP][PASSED] - setText(findTestObject("mobileSanity/HBI/Page_App Page 1/input__city"), City): Text 'WgMqNZDx' is set on object 'Object Repository/mobileSanity/HBI/Page_App Page 1/input__city'

2019-12-02 00:37:56 - [MESSAGE][PASSED] - Text 'WgMqNZDx' is set on object 'Object Repository/mobileSanity/HBI/Page_App Page 1/input__city'

2019-12-02 00:37:56 - [TEST_STEP][PASSED] - setText(findTestObject("mobileSanity/HBI/Page_App Page 1/input__email"), AutoEmail): Text 'test.oodQRRBk@suryani.cn' is set on object 'Object Repository/mobileSanity/HBI/Page_App Page 1/input__email'

2019-12-02 00:37:57 - [MESSAGE][PASSED] - Text 'test.oodQRRBk@suryani.cn' is set on object 'Object Repository/mobileSanity/HBI/Page_App Page 1/input__email'

2019-12-02 00:37:57 - [TEST_STEP][PASSED] - setText(findTestObject("mobileSanity/HBI/Page_App Page 1/input_tel"), Tel): Text '496-273-5929' is set on object 'Object Repository/mobileSanity/HBI/Page_App Page 1/input_tel'

2019-12-02 00:37:57 - [MESSAGE][PASSED] - Text '496-273-5929' is set on object 'Object Repository/mobileSanity/HBI/Page_App Page 1/input_tel'

2019-12-02 00:37:57 - [TEST_STEP][PASSED] - click(findTestObject("mobileSanity/HBI/Page_App Page 1/a_Continue to Step 2 - Payment")): Object: 'Object Repository/mobileSanity/HBI/Page_App Page 1/a_Continue to Step 2 - Payment' is clicked on

2019-12-02 00:37:57 - [MESSAGE][PASSED] - Object: 'Object Repository/mobileSanity/HBI/Page_App Page 1/a_Continue to Step 2 - Payment' is clicked on

2019-12-02 00:37:57 - [TEST_STEP][PASSED] - waitForPageLoad(20): Wait for page load successfully

2019-12-02 00:37:57 - [MESSAGE][PASSED] - Wait for page load successfully

2019-12-02 00:37:57 - [TEST_STEP][PASSED] - Thread.sleep(2000): null

2019-12-02 00:37:59 - [TEST_STEP][PASSED] - waitForElementVisible(findTestObject("mobileSanity/HBI/Page_App Page 2/input__credit-card-first"), 20): Object 'Object Repository/mobileSanity/HBI/Page_App Page 2/input__credit-card-first' is visible

2019-12-02 00:37:59 - [MESSAGE][PASSED] - Object 'Object Repository/mobileSanity/HBI/Page_App Page 2/input__credit-card-first' is visible

2019-12-02 00:37:59 - [TEST_STEP][PASSED] - callTestCase(findTestCase("mobileWeb/_include/get_screenshot"), [:], STOP_ON_FAILURE): Call Test Case 'Test Cases/mobileWeb/_include/get_screenshot' successfully

2019-12-02 00:38:00 - [TEST_CASE][PASSED] - Test Cases/mobileWeb/_include/get_screenshot: Test Cases/mobileWeb/_include/get_screenshot

2019-12-02 00:38:00 - [TEST_STEP][PASSED] - takeScreenshot(screenPath + i + ".png"): Taking screenshot successfully

2019-12-02 00:38:00 - [MESSAGE][PASSED] - Taking screenshot successfully
[[ATTACHMENT|D:\\Test\\AgileTest\\Reports\\HIC\\hic\\20191202_002446\\../Screenshots/iPhone 6/HIC/HBI/Legion Limited Medical/20191202_003727/6.png]]

2019-12-02 00:38:00 - [TEST_STEP][PASSED] - (internal.GlobalVariable.i++): null

2019-12-02 00:38:00 - [MESSAGE][PASSED] - Call Test Case 'Test Cases/mobileWeb/_include/get_screenshot' successfully

2019-12-02 00:38:00 - [TEST_STEP][PASSED] - setText(findTestObject("mobileSanity/HBI/Page_App Page 2/input__credit-card-first"), FirstName): Text 'Test-123' is set on object 'Object Repository/mobileSanity/HBI/Page_App Page 2/input__credit-card-first'

2019-12-02 00:38:00 - [MESSAGE][PASSED] - Text 'Test-123' is set on object 'Object Repository/mobileSanity/HBI/Page_App Page 2/input__credit-card-first'

2019-12-02 00:38:00 - [TEST_STEP][PASSED] - setText(findTestObject("mobileSanity/HBI/Page_App Page 2/input__credit-card-last"), LastName): Text 'ZZ11-pPzqHaMz' is set on object 'Object Repository/mobileSanity/HBI/Page_App Page 2/input__credit-card-last'

2019-12-02 00:38:00 - [MESSAGE][PASSED] - Text 'ZZ11-pPzqHaMz' is set on object 'Object Repository/mobileSanity/HBI/Page_App Page 2/input__credit-card-last'

2019-12-02 00:38:00 - [TEST_STEP][PASSED] - selectOptionByValue(findTestObject("mobileSanity/HBI/Page_App Page 2/select_MM010203040506070809101"), "12", true): All options with value '12' are selected in object 'Object Repository/mobileSanity/HBI/Page_App Page 2/select_MM010203040506070809101'  using regular expression

2019-12-02 00:38:00 - [MESSAGE][PASSED] - All options with value '12' are selected in object 'Object Repository/mobileSanity/HBI/Page_App Page 2/select_MM010203040506070809101'  using regular expression

2019-12-02 00:38:00 - [TEST_STEP][PASSED] - selectOptionByValue(findTestObject("mobileSanity/HBI/Page_App Page 2/select_YYYY2019202020212022202"), "2026", true): All options with value '2026' are selected in object 'Object Repository/mobileSanity/HBI/Page_App Page 2/select_YYYY2019202020212022202'  using regular expression

2019-12-02 00:38:01 - [MESSAGE][PASSED] - All options with value '2026' are selected in object 'Object Repository/mobileSanity/HBI/Page_App Page 2/select_YYYY2019202020212022202'  using regular expression

2019-12-02 00:38:01 - [TEST_STEP][PASSED] - setText(findTestObject("mobileSanity/HBI/Page_App Page 2/input__credit-card-number"), "4111111111111111"): Text '4111111111111111' is set on object 'Object Repository/mobileSanity/HBI/Page_App Page 2/input__credit-card-number'

2019-12-02 00:38:01 - [MESSAGE][PASSED] - Text '4111111111111111' is set on object 'Object Repository/mobileSanity/HBI/Page_App Page 2/input__credit-card-number'

2019-12-02 00:38:01 - [TEST_STEP][PASSED] - setText(findTestObject("mobileSanity/HBI/Page_App Page 2/input__cvv"), "123"): Text '123' is set on object 'Object Repository/mobileSanity/HBI/Page_App Page 2/input__cvv'

2019-12-02 00:38:01 - [MESSAGE][PASSED] - Text '123' is set on object 'Object Repository/mobileSanity/HBI/Page_App Page 2/input__cvv'

2019-12-02 00:38:01 - [TEST_STEP][PASSED] - click(findTestObject("mobileSanity/HBI/Page_App Page 2/label_My billing address is th")): Object: 'Object Repository/mobileSanity/HBI/Page_App Page 2/label_My billing address is th' is clicked on

2019-12-02 00:38:01 - [MESSAGE][PASSED] - Object: 'Object Repository/mobileSanity/HBI/Page_App Page 2/label_My billing address is th' is clicked on

2019-12-02 00:38:01 - [TEST_STEP][PASSED] - click(findTestObject("mobileSanity/HBI/Page_App Page 2/label_I Accept Authorization f")): Object: 'Object Repository/mobileSanity/HBI/Page_App Page 2/label_I Accept Authorization f' is clicked on

2019-12-02 00:38:01 - [MESSAGE][PASSED] - Object: 'Object Repository/mobileSanity/HBI/Page_App Page 2/label_I Accept Authorization f' is clicked on

2019-12-02 00:38:01 - [TEST_STEP][PASSED] - click(findTestObject("mobileSanity/HBI/Page_App Page 2/a_Continue to Step 3 - Review")): Object: 'Object Repository/mobileSanity/HBI/Page_App Page 2/a_Continue to Step 3 - Review' is clicked on

2019-12-02 00:38:01 - [MESSAGE][PASSED] - Object: 'Object Repository/mobileSanity/HBI/Page_App Page 2/a_Continue to Step 3 - Review' is clicked on

2019-12-02 00:38:01 - [TEST_STEP][PASSED] - waitForPageLoad(20): Wait for page load successfully

2019-12-02 00:38:01 - [MESSAGE][PASSED] - Wait for page load successfully

2019-12-02 00:38:01 - [TEST_STEP][PASSED] - Thread.sleep(10000): null

2019-12-02 00:38:11 - [TEST_STEP][PASSED] - waitForElementPresent(findTestObject("mobileSanity/HBI/Page_App Page 3/label"), 20): Object 'Object Repository/mobileSanity/HBI/Page_App Page 3/label' is present

2019-12-02 00:38:12 - [MESSAGE][PASSED] - Object 'Object Repository/mobileSanity/HBI/Page_App Page 3/label' is present

2019-12-02 00:38:12 - [TEST_STEP][PASSED] - callTestCase(findTestCase("mobileWeb/_include/get_screenshot"), [:], STOP_ON_FAILURE): Call Test Case 'Test Cases/mobileWeb/_include/get_screenshot' successfully

2019-12-02 00:38:12 - [TEST_CASE][PASSED] - Test Cases/mobileWeb/_include/get_screenshot: Test Cases/mobileWeb/_include/get_screenshot

2019-12-02 00:38:12 - [TEST_STEP][PASSED] - takeScreenshot(screenPath + i + ".png"): Taking screenshot successfully

2019-12-02 00:38:12 - [MESSAGE][PASSED] - Taking screenshot successfully
[[ATTACHMENT|D:\\Test\\AgileTest\\Reports\\HIC\\hic\\20191202_002446\\../Screenshots/iPhone 6/HIC/HBI/Legion Limited Medical/20191202_003727/7.png]]

2019-12-02 00:38:12 - [TEST_STEP][PASSED] - (internal.GlobalVariable.i++): null

2019-12-02 00:38:12 - [MESSAGE][PASSED] - Call Test Case 'Test Cases/mobileWeb/_include/get_screenshot' successfully

2019-12-02 00:38:12 - [TEST_STEP][PASSED] - click(findTestObject("mobileSanity/HBI/Page_App Page 3/label")): Object: 'Object Repository/mobileSanity/HBI/Page_App Page 3/label' is clicked on

2019-12-02 00:38:12 - [MESSAGE][PASSED] - Object: 'Object Repository/mobileSanity/HBI/Page_App Page 3/label' is clicked on

2019-12-02 00:38:12 - [TEST_STEP][PASSED] - click(findTestObject("mobileSanity/HBI/Page_App Page 3/p_CLICK TO SIGN")): Object: 'Object Repository/mobileSanity/HBI/Page_App Page 3/p_CLICK TO SIGN' is clicked on

2019-12-02 00:38:12 - [MESSAGE][PASSED] - Object: 'Object Repository/mobileSanity/HBI/Page_App Page 3/p_CLICK TO SIGN' is clicked on

2019-12-02 00:38:12 - [TEST_STEP][PASSED] - click(findTestObject("mobileSanity/HBI/Page_App Page 3/a_Submit Your Application")): Object: 'Object Repository/mobileSanity/HBI/Page_App Page 3/a_Submit Your Application' is clicked on

2019-12-02 00:38:13 - [MESSAGE][PASSED] - Object: 'Object Repository/mobileSanity/HBI/Page_App Page 3/a_Submit Your Application' is clicked on

2019-12-02 00:38:13 - [TEST_STEP][PASSED] - Thread.sleep(30000): null

2019-12-02 00:38:43 - [TEST_STEP][PASSED] - callTestCase(findTestCase("mobileWeb/_include/get_screenshot"), [:], STOP_ON_FAILURE): Call Test Case 'Test Cases/mobileWeb/_include/get_screenshot' successfully

2019-12-02 00:38:43 - [TEST_CASE][PASSED] - Test Cases/mobileWeb/_include/get_screenshot: Test Cases/mobileWeb/_include/get_screenshot

2019-12-02 00:38:43 - [TEST_STEP][PASSED] - takeScreenshot(screenPath + i + ".png"): Taking screenshot successfully

2019-12-02 00:38:43 - [MESSAGE][PASSED] - Taking screenshot successfully
[[ATTACHMENT|D:\\Test\\AgileTest\\Reports\\HIC\\hic\\20191202_002446\\../Screenshots/iPhone 6/HIC/HBI/Legion Limited Medical/20191202_003727/8.png]]

2019-12-02 00:38:43 - [TEST_STEP][PASSED] - (internal.GlobalVariable.i++): null

2019-12-02 00:38:43 - [MESSAGE][PASSED] - Call Test Case 'Test Cases/mobileWeb/_include/get_screenshot' successfully

2019-12-02 00:38:43 - [TEST_STEP][PASSED] - verifyTextPresent("Congratulations", false): Text 'Congratulations' is present on page 

2019-12-02 00:38:43 - [MESSAGE][PASSED] - Text 'Congratulations' is present on page 

2019-12-02 00:38:43 - [MESSAGE][PASSED] - Call Test Case 'Test Cases/mobileWeb/_include/goToEnd_hbi' successfully]]></system-out>
         <system-err><![CDATA[]]></system-err>
      </testcase>
      <testcase name="Test Cases/HIC/HBI/Vitala Care" classname="Test Cases/HIC/HBI/Vitala Care" status="PASSED">
         <system-out><![CDATA[2019-12-02 00:38:43 - [TEST_CASE][PASSED] - Test Cases/HIC/HBI/Vitala Care: Test Cases/HIC/HBI/Vitala Care

2019-12-02 00:38:43 - [TEST_STEP][PASSED] - callTestCase(findTestCase("HIC/_include/get_hicScreenPath"), ["project":"HIC", "productLine":"HBI", "carrierName":"Vitala Care"], CONTINUE_ON_FAILURE): Call Test Case 'Test Cases/HIC/_include/get_hicScreenPath' successfully

2019-12-02 00:38:43 - [TEST_CASE][PASSED] - Test Cases/HIC/_include/get_hicScreenPath: Test Cases/HIC/_include/get_hicScreenPath

2019-12-02 00:38:43 - [TEST_STEP][PASSED] - m = getExecutionProperties(): null

2019-12-02 00:38:43 - [TEST_STEP][PASSED] - deviceName = get("mobileEmulation").get("deviceName"): null

2019-12-02 00:38:43 - [TEST_STEP][PASSED] - println(deviceName): null

2019-12-02 00:38:43 - [TEST_STEP][PASSED] - now = new java.util.Date(): null

2019-12-02 00:38:43 - [TEST_STEP][PASSED] - mydate = now.format("yyyyMMdd_HHmmss"): null

2019-12-02 00:38:43 - [TEST_STEP][PASSED] - screenPath = "../Screenshots/": null

2019-12-02 00:38:43 - [TEST_STEP][PASSED] - screenPath = screenPath + deviceName + "/" + project + "/" + productLine + "/" + carrierName + "/" + mydate + "/": null

2019-12-02 00:38:43 - [TEST_STEP][PASSED] - println(screenPath): null

2019-12-02 00:38:43 - [MESSAGE][PASSED] - Call Test Case 'Test Cases/HIC/_include/get_hicScreenPath' successfully

2019-12-02 00:38:43 - [TEST_STEP][PASSED] - i = 0: null

2019-12-02 00:38:43 - [TEST_STEP][PASSED] - callTestCase(findTestCase("mobileWeb/_include/openWebSite"), ["env":"https://qa.healthinsurance.com/"], CONTINUE_ON_FAILURE): Call Test Case 'Test Cases/mobileWeb/_include/openWebSite' successfully

2019-12-02 00:38:43 - [TEST_CASE][PASSED] - Test Cases/mobileWeb/_include/openWebSite: Test Cases/mobileWeb/_include/openWebSite

2019-12-02 00:38:43 - [TEST_STEP][PASSED] - openBrowser(env): Browser is opened with url: 'https://qa.healthinsurance.com/'

2019-12-02 00:38:43 - [MESSAGE][WARNING] - A browser is already opened. Closing browser and opening a new one

2019-12-02 00:38:44 - [MESSAGE][INFO] - Starting 'Chrome' driver

2019-12-02 00:38:44 - [MESSAGE][INFO] - User set preference: ['mobileEmulation', '{deviceName=iPhone 6}']

2019-12-02 00:38:44 - [MESSAGE][INFO] - User set preference: ['args', '[--incognito, --aggressive-cache-discard, --window-size=375,677, --no-sandbox]']

2019-12-02 00:38:47 - [MESSAGE][PASSED] - Browser is opened with url: 'https://qa.healthinsurance.com/'

2019-12-02 00:38:47 - [TEST_STEP][PASSED] - waitForPageLoad(20): Wait for page load successfully

2019-12-02 00:38:47 - [MESSAGE][PASSED] - Wait for page load successfully

2019-12-02 00:38:47 - [TEST_STEP][PASSED] - callTestCase(findTestCase("mobileWeb/_include/get_screenshot"), [:], STOP_ON_FAILURE): Call Test Case 'Test Cases/mobileWeb/_include/get_screenshot' successfully

2019-12-02 00:38:47 - [TEST_CASE][PASSED] - Test Cases/mobileWeb/_include/get_screenshot: Test Cases/mobileWeb/_include/get_screenshot

2019-12-02 00:38:47 - [TEST_STEP][PASSED] - takeScreenshot(screenPath + i + ".png"): Taking screenshot successfully

2019-12-02 00:38:47 - [MESSAGE][PASSED] - Taking screenshot successfully
[[ATTACHMENT|D:\\Test\\AgileTest\\Reports\\HIC\\hic\\20191202_002446\\../Screenshots/iPhone 6/HIC/HBI/Vitala Care/20191202_003843/0.png]]

2019-12-02 00:38:47 - [TEST_STEP][PASSED] - (internal.GlobalVariable.i++): null

2019-12-02 00:38:47 - [MESSAGE][PASSED] - Call Test Case 'Test Cases/mobileWeb/_include/get_screenshot' successfully

2019-12-02 00:38:47 - [MESSAGE][PASSED] - Call Test Case 'Test Cases/mobileWeb/_include/openWebSite' successfully

2019-12-02 00:38:47 - [TEST_STEP][PASSED] - click(findTestObject("hic/nav/navButton")): Object: 'Object Repository/hic/nav/navButton' is clicked on

2019-12-02 00:38:47 - [MESSAGE][PASSED] - Object: 'Object Repository/hic/nav/navButton' is clicked on

2019-12-02 00:38:47 - [TEST_STEP][PASSED] - Thread.sleep(2000): null

2019-12-02 00:38:49 - [TEST_STEP][PASSED] - click(findTestObject("hic/nav/hbiLink")): Object: 'Object Repository/hic/nav/hbiLink' is clicked on

2019-12-02 00:38:49 - [MESSAGE][PASSED] - Object: 'Object Repository/hic/nav/hbiLink' is clicked on

2019-12-02 00:38:49 - [TEST_STEP][PASSED] - Thread.sleep(2000): null

2019-12-02 00:38:51 - [TEST_STEP][PASSED] - callTestCase(findTestCase("mobileWeb/_include/get_screenshot"), [:], STOP_ON_FAILURE): Call Test Case 'Test Cases/mobileWeb/_include/get_screenshot' successfully

2019-12-02 00:38:51 - [TEST_CASE][PASSED] - Test Cases/mobileWeb/_include/get_screenshot: Test Cases/mobileWeb/_include/get_screenshot

2019-12-02 00:38:51 - [TEST_STEP][PASSED] - takeScreenshot(screenPath + i + ".png"): Taking screenshot successfully

2019-12-02 00:38:52 - [MESSAGE][PASSED] - Taking screenshot successfully
[[ATTACHMENT|D:\\Test\\AgileTest\\Reports\\HIC\\hic\\20191202_002446\\../Screenshots/iPhone 6/HIC/HBI/Vitala Care/20191202_003843/1.png]]

2019-12-02 00:38:52 - [TEST_STEP][PASSED] - (internal.GlobalVariable.i++): null

2019-12-02 00:38:52 - [MESSAGE][PASSED] - Call Test Case 'Test Cases/mobileWeb/_include/get_screenshot' successfully

2019-12-02 00:38:52 - [TEST_STEP][PASSED] - callTestCase(findTestCase("HIC/_include/stm_census"), ["zipcode":"90011"], STOP_ON_FAILURE): Call Test Case 'Test Cases/HIC/_include/stm_census' successfully

2019-12-02 00:38:52 - [TEST_CASE][PASSED] - Test Cases/HIC/_include/stm_census: Test Cases/HIC/_include/stm_census

2019-12-02 00:38:52 - [TEST_STEP][PASSED] - setText(findTestObject("hic/stm/zip"), zipcode): Text '90011' is set on object 'Object Repository/hic/stm/zip'

2019-12-02 00:38:52 - [MESSAGE][PASSED] - Text '90011' is set on object 'Object Repository/hic/stm/zip'

2019-12-02 00:38:52 - [TEST_STEP][PASSED] - Thread.sleep(500): null

2019-12-02 00:38:52 - [TEST_STEP][PASSED] - setText(findTestObject("hic/stm/primaryDOB"), "03031987"): Text '03031987' is set on object 'Object Repository/hic/stm/primaryDOB'

2019-12-02 00:38:53 - [MESSAGE][PASSED] - Text '03031987' is set on object 'Object Repository/hic/stm/primaryDOB'

2019-12-02 00:38:53 - [TEST_STEP][PASSED] - click(findTestObject("hic/stm/female")): Object: 'Object Repository/hic/stm/female' is clicked on

2019-12-02 00:38:53 - [MESSAGE][PASSED] - Object: 'Object Repository/hic/stm/female' is clicked on

2019-12-02 00:38:53 - [TEST_STEP][PASSED] - Thread.sleep(3000): null

2019-12-02 00:38:56 - [TEST_STEP][PASSED] - click(findTestObject("hic/stm/submitButton")): Object: 'Object Repository/hic/stm/submitButton' is clicked on

2019-12-02 00:38:57 - [MESSAGE][PASSED] - Object: 'Object Repository/hic/stm/submitButton' is clicked on

2019-12-02 00:38:57 - [TEST_STEP][PASSED] - Thread.sleep(6000): null

2019-12-02 00:39:03 - [TEST_STEP][PASSED] - callTestCase(findTestCase("mobileWeb/_include/get_screenshot"), [:], STOP_ON_FAILURE): Call Test Case 'Test Cases/mobileWeb/_include/get_screenshot' successfully

2019-12-02 00:39:03 - [TEST_CASE][PASSED] - Test Cases/mobileWeb/_include/get_screenshot: Test Cases/mobileWeb/_include/get_screenshot

2019-12-02 00:39:03 - [TEST_STEP][PASSED] - takeScreenshot(screenPath + i + ".png"): Taking screenshot successfully

2019-12-02 00:39:03 - [MESSAGE][PASSED] - Taking screenshot successfully
[[ATTACHMENT|D:\\Test\\AgileTest\\Reports\\HIC\\hic\\20191202_002446\\../Screenshots/iPhone 6/HIC/HBI/Vitala Care/20191202_003843/2.png]]

2019-12-02 00:39:03 - [TEST_STEP][PASSED] - (internal.GlobalVariable.i++): null

2019-12-02 00:39:03 - [MESSAGE][PASSED] - Call Test Case 'Test Cases/mobileWeb/_include/get_screenshot' successfully

2019-12-02 00:39:03 - [TEST_STEP][PASSED] - Thread.sleep(1000): null

2019-12-02 00:39:04 - [MESSAGE][PASSED] - Call Test Case 'Test Cases/HIC/_include/stm_census' successfully

2019-12-02 00:39:04 - [TEST_STEP][PASSED] - Thread.sleep(5000): null

2019-12-02 00:39:09 - [TEST_STEP][PASSED] - scrollToPosition(200, 2300): Browser is scrolled to position x = 200, y = 2300

2019-12-02 00:39:09 - [MESSAGE][PASSED] - Browser is scrolled to position x = 200, y = 2300

2019-12-02 00:39:09 - [TEST_STEP][PASSED] - click(findTestObject("mobileSanity/HBI/quote/a_Vitala Care")): Object: 'Object Repository/mobileSanity/HBI/quote/a_Vitala Care' is clicked on

2019-12-02 00:39:10 - [MESSAGE][PASSED] - Object: 'Object Repository/mobileSanity/HBI/quote/a_Vitala Care' is clicked on

2019-12-02 00:39:10 - [TEST_STEP][PASSED] - waitForPageLoad(20): Wait for page load successfully

2019-12-02 00:39:10 - [MESSAGE][PASSED] - Wait for page load successfully

2019-12-02 00:39:10 - [TEST_STEP][PASSED] - callTestCase(findTestCase("mobileWeb/_include/get_screenshot"), [:], STOP_ON_FAILURE): Call Test Case 'Test Cases/mobileWeb/_include/get_screenshot' successfully

2019-12-02 00:39:10 - [TEST_CASE][PASSED] - Test Cases/mobileWeb/_include/get_screenshot: Test Cases/mobileWeb/_include/get_screenshot

2019-12-02 00:39:10 - [TEST_STEP][PASSED] - takeScreenshot(screenPath + i + ".png"): Taking screenshot successfully

2019-12-02 00:39:11 - [MESSAGE][PASSED] - Taking screenshot successfully
[[ATTACHMENT|D:\\Test\\AgileTest\\Reports\\HIC\\hic\\20191202_002446\\../Screenshots/iPhone 6/HIC/HBI/Vitala Care/20191202_003843/3.png]]

2019-12-02 00:39:11 - [TEST_STEP][PASSED] - (internal.GlobalVariable.i++): null

2019-12-02 00:39:11 - [MESSAGE][PASSED] - Call Test Case 'Test Cases/mobileWeb/_include/get_screenshot' successfully

2019-12-02 00:39:11 - [TEST_STEP][PASSED] - click(findTestObject("mobileSanity/HBI/detail/a_Apply for This Plan")): Object: 'Object Repository/mobileSanity/HBI/detail/a_Apply for This Plan' is clicked on

2019-12-02 00:39:11 - [MESSAGE][PASSED] - Object: 'Object Repository/mobileSanity/HBI/detail/a_Apply for This Plan' is clicked on

2019-12-02 00:39:11 - [TEST_STEP][PASSED] - waitForPageLoad(20): Wait for page load successfully

2019-12-02 00:39:11 - [MESSAGE][PASSED] - Wait for page load successfully

2019-12-02 00:39:11 - [TEST_STEP][PASSED] - callTestCase(findTestCase("mobileWeb/_include/get_screenshot"), [:], STOP_ON_FAILURE): Call Test Case 'Test Cases/mobileWeb/_include/get_screenshot' successfully

2019-12-02 00:39:11 - [TEST_CASE][PASSED] - Test Cases/mobileWeb/_include/get_screenshot: Test Cases/mobileWeb/_include/get_screenshot

2019-12-02 00:39:11 - [TEST_STEP][PASSED] - takeScreenshot(screenPath + i + ".png"): Taking screenshot successfully

2019-12-02 00:39:12 - [MESSAGE][PASSED] - Taking screenshot successfully
[[ATTACHMENT|D:\\Test\\AgileTest\\Reports\\HIC\\hic\\20191202_002446\\../Screenshots/iPhone 6/HIC/HBI/Vitala Care/20191202_003843/4.png]]

2019-12-02 00:39:12 - [TEST_STEP][PASSED] - (internal.GlobalVariable.i++): null

2019-12-02 00:39:12 - [MESSAGE][PASSED] - Call Test Case 'Test Cases/mobileWeb/_include/get_screenshot' successfully

2019-12-02 00:39:12 - [TEST_STEP][PASSED] - click(findTestObject("mobileSanity/HBI/Page_Apply/span_Start Secure Application")): Object: 'Object Repository/mobileSanity/HBI/Page_Apply/span_Start Secure Application' is clicked on

2019-12-02 00:39:12 - [MESSAGE][PASSED] - Object: 'Object Repository/mobileSanity/HBI/Page_Apply/span_Start Secure Application' is clicked on

2019-12-02 00:39:12 - [TEST_STEP][PASSED] - waitForPageLoad(20): Wait for page load successfully

2019-12-02 00:39:13 - [MESSAGE][PASSED] - Wait for page load successfully

2019-12-02 00:39:13 - [TEST_STEP][PASSED] - Thread.sleep(5000): null

2019-12-02 00:39:18 - [TEST_STEP][PASSED] - callTestCase(findTestCase("mobileWeb/_include/get_screenshot"), [:], STOP_ON_FAILURE): Call Test Case 'Test Cases/mobileWeb/_include/get_screenshot' successfully

2019-12-02 00:39:18 - [TEST_CASE][PASSED] - Test Cases/mobileWeb/_include/get_screenshot: Test Cases/mobileWeb/_include/get_screenshot

2019-12-02 00:39:18 - [TEST_STEP][PASSED] - takeScreenshot(screenPath + i + ".png"): Taking screenshot successfully

2019-12-02 00:39:18 - [MESSAGE][PASSED] - Taking screenshot successfully
[[ATTACHMENT|D:\\Test\\AgileTest\\Reports\\HIC\\hic\\20191202_002446\\../Screenshots/iPhone 6/HIC/HBI/Vitala Care/20191202_003843/5.png]]

2019-12-02 00:39:18 - [TEST_STEP][PASSED] - (internal.GlobalVariable.i++): null

2019-12-02 00:39:18 - [MESSAGE][PASSED] - Call Test Case 'Test Cases/mobileWeb/_include/get_screenshot' successfully

2019-12-02 00:39:18 - [TEST_STEP][PASSED] - callTestCase(findTestCase("mobileWeb/_include/goToEnd_hbi"), ["state":"ca", "carrier":"vitalacare"], CONTINUE_ON_FAILURE): Call Test Case 'Test Cases/mobileWeb/_include/goToEnd_hbi' successfully

2019-12-02 00:39:18 - [TEST_CASE][PASSED] - Test Cases/mobileWeb/_include/goToEnd_hbi: Test Cases/mobileWeb/_include/goToEnd_hbi

2019-12-02 00:39:18 - [TEST_STEP][PASSED] - if (state == "ca"): Call Test Case 'Test Cases/mobileWeb/_include/get_screenshot' successfully

2019-12-02 00:39:18 - [TEST_STEP][PASSED] - Thread.sleep(3000): null

2019-12-02 00:39:21 - [TEST_STEP][PASSED] - click(findTestObject("mobileSanity/HBI/Page_App Page 1/yes_question_1")): Object: 'Object Repository/mobileSanity/HBI/Page_App Page 1/yes_question_1' is clicked on

2019-12-02 00:39:21 - [MESSAGE][PASSED] - Object: 'Object Repository/mobileSanity/HBI/Page_App Page 1/yes_question_1' is clicked on

2019-12-02 00:39:21 - [TEST_STEP][PASSED] - click(findTestObject("mobileSanity/HBI/Page_App Page 1/continue_to_app_info")): Object: 'Object Repository/mobileSanity/HBI/Page_App Page 1/continue_to_app_info' is clicked on

2019-12-02 00:39:21 - [MESSAGE][PASSED] - Object: 'Object Repository/mobileSanity/HBI/Page_App Page 1/continue_to_app_info' is clicked on

2019-12-02 00:39:21 - [TEST_STEP][PASSED] - waitForPageLoad(20): Wait for page load successfully

2019-12-02 00:39:21 - [MESSAGE][PASSED] - Wait for page load successfully

2019-12-02 00:39:21 - [TEST_STEP][PASSED] - Thread.sleep(3000): null

2019-12-02 00:39:24 - [TEST_STEP][PASSED] - callTestCase(findTestCase("mobileWeb/_include/get_screenshot"), [:], STOP_ON_FAILURE): Call Test Case 'Test Cases/mobileWeb/_include/get_screenshot' successfully

2019-12-02 00:39:24 - [TEST_CASE][PASSED] - Test Cases/mobileWeb/_include/get_screenshot: Test Cases/mobileWeb/_include/get_screenshot

2019-12-02 00:39:24 - [TEST_STEP][PASSED] - takeScreenshot(screenPath + i + ".png"): Taking screenshot successfully

2019-12-02 00:39:25 - [MESSAGE][PASSED] - Taking screenshot successfully
[[ATTACHMENT|D:\\Test\\AgileTest\\Reports\\HIC\\hic\\20191202_002446\\../Screenshots/iPhone 6/HIC/HBI/Vitala Care/20191202_003843/6.png]]

2019-12-02 00:39:25 - [TEST_STEP][PASSED] - (internal.GlobalVariable.i++): null

2019-12-02 00:39:25 - [MESSAGE][PASSED] - Call Test Case 'Test Cases/mobileWeb/_include/get_screenshot' successfully

2019-12-02 00:39:25 - [TEST_STEP][PASSED] - callTestCase(findTestCase("mobileWeb/_include/name"), [:], CONTINUE_ON_FAILURE): Call Test Case 'Test Cases/mobileWeb/_include/name' successfully

2019-12-02 00:39:25 - [TEST_CASE][PASSED] - Test Cases/mobileWeb/_include/name: Test Cases/mobileWeb/_include/name

2019-12-02 00:39:25 - [TEST_STEP][PASSED] - driver = getWebDriver(): null

2019-12-02 00:39:25 - [TEST_STEP][PASSED] - selenium = new com.thoughtworks.selenium.webdriven.WebDriverBackedSelenium(driver, internal.GlobalVariable.ENV): null

2019-12-02 00:39:25 - [TEST_STEP][PASSED] - FirstName = "Test-123": null

2019-12-02 00:39:25 - [TEST_STEP][PASSED] - LastName = selenium.getEval("{var x="ABCDEFGHIJKLMNOPQRSTUVWXYZabcdefghijklmnopqrstuvwxyz"; var tmp="ZZ11-"; for (i=0;i<8;i++) tmp+=x.charAt(Math.ceil(51*Math.random()));tmp;}"): null

2019-12-02 00:39:25 - [TEST_STEP][PASSED] - Address = selenium.getEval("{var x="ABCDEFGHIJKLMNOPQRSTUVWXYZabcdefghijklmnopqrstuvwxyz"; var tmp=""; for (i=0;i<8;i++) tmp+=x.charAt(Math.ceil(51*Math.random()));tmp;}"): null

2019-12-02 00:39:25 - [TEST_STEP][PASSED] - City = selenium.getEval("{var x="ABCDEFGHIJKLMNOPQRSTUVWXYZabcdefghijklmnopqrstuvwxyz"; var tmp=""; for (i=0;i<8;i++) tmp+=x.charAt(Math.ceil(51*Math.random()));tmp;}"): null

2019-12-02 00:39:25 - [TEST_STEP][PASSED] - tel1 = selenium.getEval("{var x="123456789"; var tmp=""; for (i=0;i<3;i++) tmp+=x.charAt(Math.ceil(8*Math.random()));tmp;}"): null

2019-12-02 00:39:25 - [TEST_STEP][PASSED] - tel2 = selenium.getEval("{var x="123456789"; var tmp=""; for (i=0;i<3;i++) tmp+=x.charAt(Math.ceil(8*Math.random()));tmp;}"): null

2019-12-02 00:39:25 - [TEST_STEP][PASSED] - tel3 = selenium.getEval("{var x="123456789"; var tmp=""; for (i=0;i<4;i++) tmp+=x.charAt(Math.ceil(8*Math.random()));tmp;}"): null

2019-12-02 00:39:25 - [TEST_STEP][PASSED] - Tel = selenium.getExpression(tel1 + "-" + tel2 + "-" + tel3): null

2019-12-02 00:39:25 - [TEST_STEP][PASSED] - AutoEmail = selenium.getEval("{var x="ABCDEFGHIJKLMNOPQRSTUVWXYZabcdefghijklmnopqrstuvwxyz"; var tmp="test."; for (i=0;i<8;i++) tmp+=x.charAt(Math.ceil(51*Math.random()));tmp+="@suryani.cn";}"): null

2019-12-02 00:39:25 - [TEST_STEP][PASSED] - FirstName = FirstName: null

2019-12-02 00:39:25 - [TEST_STEP][PASSED] - LastName = LastName: null

2019-12-02 00:39:25 - [TEST_STEP][PASSED] - Address = Address: null

2019-12-02 00:39:25 - [TEST_STEP][PASSED] - City = City: null

2019-12-02 00:39:25 - [TEST_STEP][PASSED] - Tel = Tel: null

2019-12-02 00:39:25 - [TEST_STEP][PASSED] - AutoEmail = AutoEmail: null

2019-12-02 00:39:25 - [TEST_STEP][PASSED] - println(FirstName): null

2019-12-02 00:39:25 - [TEST_STEP][PASSED] - println(LastName): null

2019-12-02 00:39:25 - [TEST_STEP][PASSED] - println(Address): null

2019-12-02 00:39:25 - [TEST_STEP][PASSED] - println(City): null

2019-12-02 00:39:25 - [TEST_STEP][PASSED] - println(Tel): null

2019-12-02 00:39:25 - [TEST_STEP][PASSED] - println(AutoEmail): null

2019-12-02 00:39:25 - [MESSAGE][PASSED] - Call Test Case 'Test Cases/mobileWeb/_include/name' successfully

2019-12-02 00:39:25 - [TEST_STEP][PASSED] - setText(findTestObject("mobileSanity/HBI/Page_App Page 1/input__member-P-1-firstName"), FirstName): Text 'Test-123' is set on object 'Object Repository/mobileSanity/HBI/Page_App Page 1/input__member-P-1-firstName'

2019-12-02 00:39:25 - [MESSAGE][PASSED] - Text 'Test-123' is set on object 'Object Repository/mobileSanity/HBI/Page_App Page 1/input__member-P-1-firstName'

2019-12-02 00:39:25 - [TEST_STEP][PASSED] - setText(findTestObject("mobileSanity/HBI/Page_App Page 1/input__member-P-1-lastName"), LastName): Text 'ZZ11-RalLuJzV' is set on object 'Object Repository/mobileSanity/HBI/Page_App Page 1/input__member-P-1-lastName'

2019-12-02 00:39:26 - [MESSAGE][PASSED] - Text 'ZZ11-RalLuJzV' is set on object 'Object Repository/mobileSanity/HBI/Page_App Page 1/input__member-P-1-lastName'

2019-12-02 00:39:26 - [TEST_STEP][PASSED] - if (carrier == "agileone" || carrier == "agilesecure"): null

2019-12-02 00:39:26 - [TEST_STEP][PASSED] - setText(findTestObject("mobileSanity/HBI/Page_App Page 1/input__address"), Address): Text 'RhjJHkVv' is set on object 'Object Repository/mobileSanity/HBI/Page_App Page 1/input__address'

2019-12-02 00:39:26 - [MESSAGE][PASSED] - Text 'RhjJHkVv' is set on object 'Object Repository/mobileSanity/HBI/Page_App Page 1/input__address'

2019-12-02 00:39:26 - [TEST_STEP][PASSED] - setText(findTestObject("mobileSanity/HBI/Page_App Page 1/input__city"), City): Text 'BOLRJoUz' is set on object 'Object Repository/mobileSanity/HBI/Page_App Page 1/input__city'

2019-12-02 00:39:26 - [MESSAGE][PASSED] - Text 'BOLRJoUz' is set on object 'Object Repository/mobileSanity/HBI/Page_App Page 1/input__city'

2019-12-02 00:39:26 - [TEST_STEP][PASSED] - setText(findTestObject("mobileSanity/HBI/Page_App Page 1/input__email"), AutoEmail): Text 'test.GIgfkWQQ@suryani.cn' is set on object 'Object Repository/mobileSanity/HBI/Page_App Page 1/input__email'

2019-12-02 00:39:27 - [MESSAGE][PASSED] - Text 'test.GIgfkWQQ@suryani.cn' is set on object 'Object Repository/mobileSanity/HBI/Page_App Page 1/input__email'

2019-12-02 00:39:27 - [TEST_STEP][PASSED] - setText(findTestObject("mobileSanity/HBI/Page_App Page 1/input_tel"), Tel): Text '688-838-4963' is set on object 'Object Repository/mobileSanity/HBI/Page_App Page 1/input_tel'

2019-12-02 00:39:27 - [MESSAGE][PASSED] - Text '688-838-4963' is set on object 'Object Repository/mobileSanity/HBI/Page_App Page 1/input_tel'

2019-12-02 00:39:27 - [TEST_STEP][PASSED] - click(findTestObject("mobileSanity/HBI/Page_App Page 1/a_Continue to Step 2 - Payment")): Object: 'Object Repository/mobileSanity/HBI/Page_App Page 1/a_Continue to Step 2 - Payment' is clicked on

2019-12-02 00:39:27 - [MESSAGE][PASSED] - Object: 'Object Repository/mobileSanity/HBI/Page_App Page 1/a_Continue to Step 2 - Payment' is clicked on

2019-12-02 00:39:27 - [TEST_STEP][PASSED] - waitForPageLoad(20): Wait for page load successfully

2019-12-02 00:39:27 - [MESSAGE][PASSED] - Wait for page load successfully

2019-12-02 00:39:27 - [TEST_STEP][PASSED] - Thread.sleep(2000): null

2019-12-02 00:39:29 - [TEST_STEP][PASSED] - waitForElementVisible(findTestObject("mobileSanity/HBI/Page_App Page 2/input__credit-card-first"), 20): Object 'Object Repository/mobileSanity/HBI/Page_App Page 2/input__credit-card-first' is visible

2019-12-02 00:39:29 - [MESSAGE][PASSED] - Object 'Object Repository/mobileSanity/HBI/Page_App Page 2/input__credit-card-first' is visible

2019-12-02 00:39:29 - [TEST_STEP][PASSED] - callTestCase(findTestCase("mobileWeb/_include/get_screenshot"), [:], STOP_ON_FAILURE): Call Test Case 'Test Cases/mobileWeb/_include/get_screenshot' successfully

2019-12-02 00:39:29 - [TEST_CASE][PASSED] - Test Cases/mobileWeb/_include/get_screenshot: Test Cases/mobileWeb/_include/get_screenshot

2019-12-02 00:39:29 - [TEST_STEP][PASSED] - takeScreenshot(screenPath + i + ".png"): Taking screenshot successfully

2019-12-02 00:39:29 - [MESSAGE][PASSED] - Taking screenshot successfully
[[ATTACHMENT|D:\\Test\\AgileTest\\Reports\\HIC\\hic\\20191202_002446\\../Screenshots/iPhone 6/HIC/HBI/Vitala Care/20191202_003843/7.png]]

2019-12-02 00:39:29 - [TEST_STEP][PASSED] - (internal.GlobalVariable.i++): null

2019-12-02 00:39:29 - [MESSAGE][PASSED] - Call Test Case 'Test Cases/mobileWeb/_include/get_screenshot' successfully

2019-12-02 00:39:29 - [TEST_STEP][PASSED] - setText(findTestObject("mobileSanity/HBI/Page_App Page 2/input__credit-card-first"), FirstName): Text 'Test-123' is set on object 'Object Repository/mobileSanity/HBI/Page_App Page 2/input__credit-card-first'

2019-12-02 00:39:30 - [MESSAGE][PASSED] - Text 'Test-123' is set on object 'Object Repository/mobileSanity/HBI/Page_App Page 2/input__credit-card-first'

2019-12-02 00:39:30 - [TEST_STEP][PASSED] - setText(findTestObject("mobileSanity/HBI/Page_App Page 2/input__credit-card-last"), LastName): Text 'ZZ11-RalLuJzV' is set on object 'Object Repository/mobileSanity/HBI/Page_App Page 2/input__credit-card-last'

2019-12-02 00:39:30 - [MESSAGE][PASSED] - Text 'ZZ11-RalLuJzV' is set on object 'Object Repository/mobileSanity/HBI/Page_App Page 2/input__credit-card-last'

2019-12-02 00:39:30 - [TEST_STEP][PASSED] - selectOptionByValue(findTestObject("mobileSanity/HBI/Page_App Page 2/select_MM010203040506070809101"), "12", true): All options with value '12' are selected in object 'Object Repository/mobileSanity/HBI/Page_App Page 2/select_MM010203040506070809101'  using regular expression

2019-12-02 00:39:30 - [MESSAGE][PASSED] - All options with value '12' are selected in object 'Object Repository/mobileSanity/HBI/Page_App Page 2/select_MM010203040506070809101'  using regular expression

2019-12-02 00:39:30 - [TEST_STEP][PASSED] - selectOptionByValue(findTestObject("mobileSanity/HBI/Page_App Page 2/select_YYYY2019202020212022202"), "2026", true): All options with value '2026' are selected in object 'Object Repository/mobileSanity/HBI/Page_App Page 2/select_YYYY2019202020212022202'  using regular expression

2019-12-02 00:39:31 - [MESSAGE][PASSED] - All options with value '2026' are selected in object 'Object Repository/mobileSanity/HBI/Page_App Page 2/select_YYYY2019202020212022202'  using regular expression

2019-12-02 00:39:31 - [TEST_STEP][PASSED] - setText(findTestObject("mobileSanity/HBI/Page_App Page 2/input__credit-card-number"), "4111111111111111"): Text '4111111111111111' is set on object 'Object Repository/mobileSanity/HBI/Page_App Page 2/input__credit-card-number'

2019-12-02 00:39:31 - [MESSAGE][PASSED] - Text '4111111111111111' is set on object 'Object Repository/mobileSanity/HBI/Page_App Page 2/input__credit-card-number'

2019-12-02 00:39:31 - [TEST_STEP][PASSED] - setText(findTestObject("mobileSanity/HBI/Page_App Page 2/input__cvv"), "123"): Text '123' is set on object 'Object Repository/mobileSanity/HBI/Page_App Page 2/input__cvv'

2019-12-02 00:39:31 - [MESSAGE][PASSED] - Text '123' is set on object 'Object Repository/mobileSanity/HBI/Page_App Page 2/input__cvv'

2019-12-02 00:39:31 - [TEST_STEP][PASSED] - click(findTestObject("mobileSanity/HBI/Page_App Page 2/label_My billing address is th")): Object: 'Object Repository/mobileSanity/HBI/Page_App Page 2/label_My billing address is th' is clicked on

2019-12-02 00:39:31 - [MESSAGE][PASSED] - Object: 'Object Repository/mobileSanity/HBI/Page_App Page 2/label_My billing address is th' is clicked on

2019-12-02 00:39:31 - [TEST_STEP][PASSED] - click(findTestObject("mobileSanity/HBI/Page_App Page 2/label_I Accept Authorization f")): Object: 'Object Repository/mobileSanity/HBI/Page_App Page 2/label_I Accept Authorization f' is clicked on

2019-12-02 00:39:31 - [MESSAGE][PASSED] - Object: 'Object Repository/mobileSanity/HBI/Page_App Page 2/label_I Accept Authorization f' is clicked on

2019-12-02 00:39:31 - [TEST_STEP][PASSED] - click(findTestObject("mobileSanity/HBI/Page_App Page 2/a_Continue to Step 3 - Review")): Object: 'Object Repository/mobileSanity/HBI/Page_App Page 2/a_Continue to Step 3 - Review' is clicked on

2019-12-02 00:39:32 - [MESSAGE][PASSED] - Object: 'Object Repository/mobileSanity/HBI/Page_App Page 2/a_Continue to Step 3 - Review' is clicked on

2019-12-02 00:39:32 - [TEST_STEP][PASSED] - waitForPageLoad(20): Wait for page load successfully

2019-12-02 00:39:32 - [MESSAGE][PASSED] - Wait for page load successfully

2019-12-02 00:39:32 - [TEST_STEP][PASSED] - Thread.sleep(10000): null

2019-12-02 00:39:42 - [TEST_STEP][PASSED] - waitForElementPresent(findTestObject("mobileSanity/HBI/Page_App Page 3/label"), 20): Object 'Object Repository/mobileSanity/HBI/Page_App Page 3/label' is present

2019-12-02 00:39:42 - [MESSAGE][PASSED] - Object 'Object Repository/mobileSanity/HBI/Page_App Page 3/label' is present

2019-12-02 00:39:42 - [TEST_STEP][PASSED] - callTestCase(findTestCase("mobileWeb/_include/get_screenshot"), [:], STOP_ON_FAILURE): Call Test Case 'Test Cases/mobileWeb/_include/get_screenshot' successfully

2019-12-02 00:39:42 - [TEST_CASE][PASSED] - Test Cases/mobileWeb/_include/get_screenshot: Test Cases/mobileWeb/_include/get_screenshot

2019-12-02 00:39:42 - [TEST_STEP][PASSED] - takeScreenshot(screenPath + i + ".png"): Taking screenshot successfully

2019-12-02 00:39:43 - [MESSAGE][PASSED] - Taking screenshot successfully
[[ATTACHMENT|D:\\Test\\AgileTest\\Reports\\HIC\\hic\\20191202_002446\\../Screenshots/iPhone 6/HIC/HBI/Vitala Care/20191202_003843/8.png]]

2019-12-02 00:39:43 - [TEST_STEP][PASSED] - (internal.GlobalVariable.i++): null

2019-12-02 00:39:43 - [MESSAGE][PASSED] - Call Test Case 'Test Cases/mobileWeb/_include/get_screenshot' successfully

2019-12-02 00:39:43 - [TEST_STEP][PASSED] - click(findTestObject("mobileSanity/HBI/Page_App Page 3/label")): Object: 'Object Repository/mobileSanity/HBI/Page_App Page 3/label' is clicked on

2019-12-02 00:39:43 - [MESSAGE][PASSED] - Object: 'Object Repository/mobileSanity/HBI/Page_App Page 3/label' is clicked on

2019-12-02 00:39:43 - [TEST_STEP][PASSED] - click(findTestObject("mobileSanity/HBI/Page_App Page 3/p_CLICK TO SIGN")): Object: 'Object Repository/mobileSanity/HBI/Page_App Page 3/p_CLICK TO SIGN' is clicked on

2019-12-02 00:39:43 - [MESSAGE][PASSED] - Object: 'Object Repository/mobileSanity/HBI/Page_App Page 3/p_CLICK TO SIGN' is clicked on

2019-12-02 00:39:43 - [TEST_STEP][PASSED] - click(findTestObject("mobileSanity/HBI/Page_App Page 3/a_Submit Your Application")): Object: 'Object Repository/mobileSanity/HBI/Page_App Page 3/a_Submit Your Application' is clicked on

2019-12-02 00:39:43 - [MESSAGE][PASSED] - Object: 'Object Repository/mobileSanity/HBI/Page_App Page 3/a_Submit Your Application' is clicked on

2019-12-02 00:39:43 - [TEST_STEP][PASSED] - Thread.sleep(30000): null

2019-12-02 00:40:13 - [TEST_STEP][PASSED] - callTestCase(findTestCase("mobileWeb/_include/get_screenshot"), [:], STOP_ON_FAILURE): Call Test Case 'Test Cases/mobileWeb/_include/get_screenshot' successfully

2019-12-02 00:40:13 - [TEST_CASE][PASSED] - Test Cases/mobileWeb/_include/get_screenshot: Test Cases/mobileWeb/_include/get_screenshot

2019-12-02 00:40:13 - [TEST_STEP][PASSED] - takeScreenshot(screenPath + i + ".png"): Taking screenshot successfully

2019-12-02 00:40:13 - [MESSAGE][PASSED] - Taking screenshot successfully
[[ATTACHMENT|D:\\Test\\AgileTest\\Reports\\HIC\\hic\\20191202_002446\\../Screenshots/iPhone 6/HIC/HBI/Vitala Care/20191202_003843/9.png]]

2019-12-02 00:40:13 - [TEST_STEP][PASSED] - (internal.GlobalVariable.i++): null

2019-12-02 00:40:13 - [MESSAGE][PASSED] - Call Test Case 'Test Cases/mobileWeb/_include/get_screenshot' successfully

2019-12-02 00:40:13 - [TEST_STEP][PASSED] - verifyTextPresent("Congratulations", false): Text 'Congratulations' is present on page 

2019-12-02 00:40:13 - [MESSAGE][PASSED] - Text 'Congratulations' is present on page 

2019-12-02 00:40:13 - [MESSAGE][PASSED] - Call Test Case 'Test Cases/mobileWeb/_include/goToEnd_hbi' successfully]]></system-out>
         <system-err><![CDATA[]]></system-err>
      </testcase>
      <testcase name="Test Cases/HIC/Medicare" classname="Test Cases/HIC/Medicare" status="FAILED">
         <failure type="FAILED" message="Test Cases/HIC/Medicare FAILED.
Reason:
com.kms.katalon.core.exception.StepFailedException: Unable to set text 'testfirst' of object 'Object Repository/hic/medicare/firstName' (Root cause: com.kms.katalon.core.webui.exception.WebElementNotFoundException: Web element with id: 'Object Repository/hic/medicare/firstName' located by 'By.xpath: //*[@id = 'lead-first-name-input']' not found)
	at com.kms.katalon.core.keyword.internal.KeywordMain.stepFailed(KeywordMain.groovy:36)
	at com.kms.katalon.core.webui.keyword.internal.WebUIKeywordMain.stepFailed(WebUIKeywordMain.groovy:65)
	at com.kms.katalon.core.webui.keyword.internal.WebUIKeywordMain.runKeyword(WebUIKeywordMain.groovy:27)
	at com.kms.katalon.core.webui.keyword.builtin.SetTextKeyword.setText(SetTextKeyword.groovy:65)
	at com.kms.katalon.core.webui.keyword.builtin.SetTextKeyword.execute(SetTextKeyword.groovy:37)
	at com.kms.katalon.core.keyword.internal.KeywordExecutor.executeKeywordForPlatform(KeywordExecutor.groovy:53)
	at com.kms.katalon.core.webui.keyword.WebUiBuiltInKeywords.setText(WebUiBuiltInKeywords.groovy:950)
	at com.kms.katalon.core.webui.keyword.WebUiBuiltInKeywords$setText$3.call(Unknown Source)
	at Medicare.run(Medicare:41)
	at com.kms.katalon.core.main.ScriptEngine.run(ScriptEngine.java:194)
	at com.kms.katalon.core.main.ScriptEngine.runScriptAsRawText(ScriptEngine.java:119)
	at com.kms.katalon.core.main.TestCaseExecutor.runScript(TestCaseExecutor.java:328)
	at com.kms.katalon.core.main.TestCaseExecutor.doExecute(TestCaseExecutor.java:319)
	at com.kms.katalon.core.main.TestCaseExecutor.processExecutionPhase(TestCaseExecutor.java:298)
	at com.kms.katalon.core.main.TestCaseExecutor.accessMainPhase(TestCaseExecutor.java:290)
	at com.kms.katalon.core.main.TestCaseExecutor.execute(TestCaseExecutor.java:224)
	at com.kms.katalon.core.main.TestSuiteExecutor.accessTestCaseMainPhase(TestSuiteExecutor.java:129)
	at com.kms.katalon.core.main.TestSuiteExecutor.accessTestSuiteMainPhase(TestSuiteExecutor.java:112)
	at com.kms.katalon.core.main.TestSuiteExecutor.execute(TestSuiteExecutor.java:81)
	at com.kms.katalon.core.main.TestCaseMain.startTestSuite(TestCaseMain.java:149)
	at com.kms.katalon.core.main.TestCaseMain$startTestSuite$0.call(Unknown Source)
	at TempTestSuite1575264286726.run(TempTestSuite1575264286726.groovy:36)
"/>
         <system-out><![CDATA[2019-12-02 00:40:13 - [TEST_CASE][FAILED] - Test Cases/HIC/Medicare: Test Cases/HIC/Medicare FAILED.
Reason:
com.kms.katalon.core.exception.StepFailedException: Unable to set text 'testfirst' of object 'Object Repository/hic/medicare/firstName' (Root cause: com.kms.katalon.core.webui.exception.WebElementNotFoundException: Web element with id: 'Object Repository/hic/medicare/firstName' located by 'By.xpath: //*[@id = 'lead-first-name-input']' not found)
	at com.kms.katalon.core.keyword.internal.KeywordMain.stepFailed(KeywordMain.groovy:36)
	at com.kms.katalon.core.webui.keyword.internal.WebUIKeywordMain.stepFailed(WebUIKeywordMain.groovy:65)
	at com.kms.katalon.core.webui.keyword.internal.WebUIKeywordMain.runKeyword(WebUIKeywordMain.groovy:27)
	at com.kms.katalon.core.webui.keyword.builtin.SetTextKeyword.setText(SetTextKeyword.groovy:65)
	at com.kms.katalon.core.webui.keyword.builtin.SetTextKeyword.execute(SetTextKeyword.groovy:37)
	at com.kms.katalon.core.keyword.internal.KeywordExecutor.executeKeywordForPlatform(KeywordExecutor.groovy:53)
	at com.kms.katalon.core.webui.keyword.WebUiBuiltInKeywords.setText(WebUiBuiltInKeywords.groovy:950)
	at com.kms.katalon.core.webui.keyword.WebUiBuiltInKeywords$setText$3.call(Unknown Source)
	at Medicare.run(Medicare:41)
	at com.kms.katalon.core.main.ScriptEngine.run(ScriptEngine.java:194)
	at com.kms.katalon.core.main.ScriptEngine.runScriptAsRawText(ScriptEngine.java:119)
	at com.kms.katalon.core.main.TestCaseExecutor.runScript(TestCaseExecutor.java:328)
	at com.kms.katalon.core.main.TestCaseExecutor.doExecute(TestCaseExecutor.java:319)
	at com.kms.katalon.core.main.TestCaseExecutor.processExecutionPhase(TestCaseExecutor.java:298)
	at com.kms.katalon.core.main.TestCaseExecutor.accessMainPhase(TestCaseExecutor.java:290)
	at com.kms.katalon.core.main.TestCaseExecutor.execute(TestCaseExecutor.java:224)
	at com.kms.katalon.core.main.TestSuiteExecutor.accessTestCaseMainPhase(TestSuiteExecutor.java:129)
	at com.kms.katalon.core.main.TestSuiteExecutor.accessTestSuiteMainPhase(TestSuiteExecutor.java:112)
	at com.kms.katalon.core.main.TestSuiteExecutor.execute(TestSuiteExecutor.java:81)
	at com.kms.katalon.core.main.TestCaseMain.startTestSuite(TestCaseMain.java:149)
	at com.kms.katalon.core.main.TestCaseMain$startTestSuite$0.call(Unknown Source)
	at TempTestSuite1575264286726.run(TempTestSuite1575264286726.groovy:36)


2019-12-02 00:40:13 - [TEST_STEP][PASSED] - callTestCase(findTestCase("HIC/_include/get_hicScreenPath"), ["project":"HIC", "productLine":"Medicare", "carrierName":"Medicare"], CONTINUE_ON_FAILURE): Call Test Case 'Test Cases/HIC/_include/get_hicScreenPath' successfully

2019-12-02 00:40:13 - [TEST_CASE][PASSED] - Test Cases/HIC/_include/get_hicScreenPath: Test Cases/HIC/_include/get_hicScreenPath

2019-12-02 00:40:14 - [TEST_STEP][PASSED] - m = getExecutionProperties(): null

2019-12-02 00:40:14 - [TEST_STEP][PASSED] - deviceName = get("mobileEmulation").get("deviceName"): null

2019-12-02 00:40:14 - [TEST_STEP][PASSED] - println(deviceName): null

2019-12-02 00:40:14 - [TEST_STEP][PASSED] - now = new java.util.Date(): null

2019-12-02 00:40:14 - [TEST_STEP][PASSED] - mydate = now.format("yyyyMMdd_HHmmss"): null

2019-12-02 00:40:14 - [TEST_STEP][PASSED] - screenPath = "../Screenshots/": null

2019-12-02 00:40:14 - [TEST_STEP][PASSED] - screenPath = screenPath + deviceName + "/" + project + "/" + productLine + "/" + carrierName + "/" + mydate + "/": null

2019-12-02 00:40:14 - [TEST_STEP][PASSED] - println(screenPath): null

2019-12-02 00:40:14 - [MESSAGE][PASSED] - Call Test Case 'Test Cases/HIC/_include/get_hicScreenPath' successfully

2019-12-02 00:40:14 - [TEST_STEP][PASSED] - i = 0: null

2019-12-02 00:40:14 - [TEST_STEP][PASSED] - callTestCase(findTestCase("mobileWeb/_include/openWebSite"), ["env":"https://qa.healthinsurance.com/"], CONTINUE_ON_FAILURE): Call Test Case 'Test Cases/mobileWeb/_include/openWebSite' successfully

2019-12-02 00:40:14 - [TEST_CASE][PASSED] - Test Cases/mobileWeb/_include/openWebSite: Test Cases/mobileWeb/_include/openWebSite

2019-12-02 00:40:14 - [TEST_STEP][PASSED] - openBrowser(env): Browser is opened with url: 'https://qa.healthinsurance.com/'

2019-12-02 00:40:14 - [MESSAGE][WARNING] - A browser is already opened. Closing browser and opening a new one

2019-12-02 00:40:14 - [MESSAGE][INFO] - Starting 'Chrome' driver

2019-12-02 00:40:14 - [MESSAGE][INFO] - User set preference: ['mobileEmulation', '{deviceName=iPhone 6}']

2019-12-02 00:40:14 - [MESSAGE][INFO] - User set preference: ['args', '[--incognito, --aggressive-cache-discard, --window-size=375,677, --no-sandbox]']

2019-12-02 00:40:17 - [MESSAGE][PASSED] - Browser is opened with url: 'https://qa.healthinsurance.com/'

2019-12-02 00:40:17 - [TEST_STEP][PASSED] - waitForPageLoad(20): Wait for page load successfully

2019-12-02 00:40:17 - [MESSAGE][PASSED] - Wait for page load successfully

2019-12-02 00:40:17 - [TEST_STEP][PASSED] - callTestCase(findTestCase("mobileWeb/_include/get_screenshot"), [:], STOP_ON_FAILURE): Call Test Case 'Test Cases/mobileWeb/_include/get_screenshot' successfully

2019-12-02 00:40:17 - [TEST_CASE][PASSED] - Test Cases/mobileWeb/_include/get_screenshot: Test Cases/mobileWeb/_include/get_screenshot

2019-12-02 00:40:17 - [TEST_STEP][PASSED] - takeScreenshot(screenPath + i + ".png"): Taking screenshot successfully

2019-12-02 00:40:17 - [MESSAGE][PASSED] - Taking screenshot successfully
[[ATTACHMENT|D:\\Test\\AgileTest\\Reports\\HIC\\hic\\20191202_002446\\../Screenshots/iPhone 6/HIC/Medicare/Medicare/20191202_004014/0.png]]

2019-12-02 00:40:17 - [TEST_STEP][PASSED] - (internal.GlobalVariable.i++): null

2019-12-02 00:40:17 - [MESSAGE][PASSED] - Call Test Case 'Test Cases/mobileWeb/_include/get_screenshot' successfully

2019-12-02 00:40:17 - [MESSAGE][PASSED] - Call Test Case 'Test Cases/mobileWeb/_include/openWebSite' successfully

2019-12-02 00:40:17 - [TEST_STEP][PASSED] - click(findTestObject("hic/nav/navButton")): Object: 'Object Repository/hic/nav/navButton' is clicked on

2019-12-02 00:40:17 - [MESSAGE][PASSED] - Object: 'Object Repository/hic/nav/navButton' is clicked on

2019-12-02 00:40:17 - [TEST_STEP][PASSED] - click(findTestObject("hic/nav/medicareLink")): Object: 'Object Repository/hic/nav/medicareLink' is clicked on

2019-12-02 00:40:17 - [MESSAGE][PASSED] - Object: 'Object Repository/hic/nav/medicareLink' is clicked on

2019-12-02 00:40:17 - [TEST_STEP][PASSED] - Thread.sleep(2000): null

2019-12-02 00:40:19 - [TEST_STEP][PASSED] - callTestCase(findTestCase("mobileWeb/_include/get_screenshot"), [:], STOP_ON_FAILURE): Call Test Case 'Test Cases/mobileWeb/_include/get_screenshot' successfully

2019-12-02 00:40:19 - [TEST_CASE][PASSED] - Test Cases/mobileWeb/_include/get_screenshot: Test Cases/mobileWeb/_include/get_screenshot

2019-12-02 00:40:19 - [TEST_STEP][PASSED] - takeScreenshot(screenPath + i + ".png"): Taking screenshot successfully

2019-12-02 00:40:20 - [MESSAGE][PASSED] - Taking screenshot successfully
[[ATTACHMENT|D:\\Test\\AgileTest\\Reports\\HIC\\hic\\20191202_002446\\../Screenshots/iPhone 6/HIC/Medicare/Medicare/20191202_004014/1.png]]

2019-12-02 00:40:20 - [TEST_STEP][PASSED] - (internal.GlobalVariable.i++): null

2019-12-02 00:40:20 - [MESSAGE][PASSED] - Call Test Case 'Test Cases/mobileWeb/_include/get_screenshot' successfully

2019-12-02 00:40:20 - [TEST_STEP][PASSED] - setText(findTestObject("hic/aca/zip"), "33186"): Text '33186' is set on object 'Object Repository/hic/aca/zip'

2019-12-02 00:40:20 - [MESSAGE][PASSED] - Text '33186' is set on object 'Object Repository/hic/aca/zip'

2019-12-02 00:40:20 - [TEST_STEP][PASSED] - Thread.sleep(5000): null

2019-12-02 00:40:25 - [TEST_STEP][PASSED] - click(findTestObject("hic/aca/comparePlan")): Object: 'Object Repository/hic/aca/comparePlan' is clicked on

2019-12-02 00:40:26 - [MESSAGE][PASSED] - Object: 'Object Repository/hic/aca/comparePlan' is clicked on

2019-12-02 00:40:26 - [TEST_STEP][PASSED] - Thread.sleep(5000): null

2019-12-02 00:40:31 - [TEST_STEP][PASSED] - callTestCase(findTestCase("mobileWeb/_include/get_screenshot"), [:], STOP_ON_FAILURE): Call Test Case 'Test Cases/mobileWeb/_include/get_screenshot' successfully

2019-12-02 00:40:31 - [TEST_CASE][PASSED] - Test Cases/mobileWeb/_include/get_screenshot: Test Cases/mobileWeb/_include/get_screenshot

2019-12-02 00:40:31 - [TEST_STEP][PASSED] - takeScreenshot(screenPath + i + ".png"): Taking screenshot successfully

2019-12-02 00:40:31 - [MESSAGE][PASSED] - Taking screenshot successfully
[[ATTACHMENT|D:\\Test\\AgileTest\\Reports\\HIC\\hic\\20191202_002446\\../Screenshots/iPhone 6/HIC/Medicare/Medicare/20191202_004014/2.png]]

2019-12-02 00:40:31 - [TEST_STEP][PASSED] - (internal.GlobalVariable.i++): null

2019-12-02 00:40:31 - [MESSAGE][PASSED] - Call Test Case 'Test Cases/mobileWeb/_include/get_screenshot' successfully

2019-12-02 00:40:31 - [TEST_STEP][FAILED] - setText(findTestObject("hic/medicare/firstName"), "testfirst"): setText(findTestObject("hic/medicare/firstName"), "testfirst") FAILED.
Reason:
com.kms.katalon.core.exception.StepFailedException: Unable to set text 'testfirst' of object 'Object Repository/hic/medicare/firstName' (Root cause: com.kms.katalon.core.webui.exception.WebElementNotFoundException: Web element with id: 'Object Repository/hic/medicare/firstName' located by 'By.xpath: //*[@id = 'lead-first-name-input']' not found)
	at com.kms.katalon.core.keyword.internal.KeywordMain.stepFailed(KeywordMain.groovy:36)
	at com.kms.katalon.core.webui.keyword.internal.WebUIKeywordMain.stepFailed(WebUIKeywordMain.groovy:65)
	at com.kms.katalon.core.webui.keyword.internal.WebUIKeywordMain.runKeyword(WebUIKeywordMain.groovy:27)
	at com.kms.katalon.core.webui.keyword.builtin.SetTextKeyword.setText(SetTextKeyword.groovy:65)
	at com.kms.katalon.core.webui.keyword.builtin.SetTextKeyword.execute(SetTextKeyword.groovy:37)
	at com.kms.katalon.core.keyword.internal.KeywordExecutor.executeKeywordForPlatform(KeywordExecutor.groovy:53)
	at com.kms.katalon.core.webui.keyword.WebUiBuiltInKeywords.setText(WebUiBuiltInKeywords.groovy:950)
	at com.kms.katalon.core.webui.keyword.WebUiBuiltInKeywords$setText$3.call(Unknown Source)
	at Medicare.run(Medicare:41)
	at com.kms.katalon.core.main.ScriptEngine.run(ScriptEngine.java:194)
	at com.kms.katalon.core.main.ScriptEngine.runScriptAsRawText(ScriptEngine.java:119)
	at com.kms.katalon.core.main.TestCaseExecutor.runScript(TestCaseExecutor.java:328)
	at com.kms.katalon.core.main.TestCaseExecutor.doExecute(TestCaseExecutor.java:319)
	at com.kms.katalon.core.main.TestCaseExecutor.processExecutionPhase(TestCaseExecutor.java:298)
	at com.kms.katalon.core.main.TestCaseExecutor.accessMainPhase(TestCaseExecutor.java:290)
	at com.kms.katalon.core.main.TestCaseExecutor.execute(TestCaseExecutor.java:224)
	at com.kms.katalon.core.main.TestSuiteExecutor.accessTestCaseMainPhase(TestSuiteExecutor.java:129)
	at com.kms.katalon.core.main.TestSuiteExecutor.accessTestSuiteMainPhase(TestSuiteExecutor.java:112)
	at com.kms.katalon.core.main.TestSuiteExecutor.execute(TestSuiteExecutor.java:81)
	at com.kms.katalon.core.main.TestCaseMain.startTestSuite(TestCaseMain.java:149)
	at com.kms.katalon.core.main.TestCaseMain$startTestSuite$0.call(Unknown Source)
	at TempTestSuite1575264286726.run(TempTestSuite1575264286726.groovy:36)


2019-12-02 00:40:52 - [MESSAGE][INFO] - Unable to find the element located by 'By.xpath: //*[@id = 'lead-first-name-input']'. Please recheck the objects properties to make sure the desired element is located. 

2019-12-02 00:40:52 - [MESSAGE][FAILED] - Unable to set text 'testfirst' of object 'Object Repository/hic/medicare/firstName' (Root cause: com.kms.katalon.core.webui.exception.WebElementNotFoundException: Web element with id: 'Object Repository/hic/medicare/firstName' located by 'By.xpath: //*[@id = 'lead-first-name-input']' not found)
[[ATTACHMENT|D:\\Test\\AgileTest\\Reports\\HIC\\hic\\20191202_002446\\1575265252480.png]]

2019-12-02 00:40:52 - [MESSAGE][FAILED] - setText(findTestObject("hic/medicare/firstName"), "testfirst") FAILED.
Reason:
com.kms.katalon.core.exception.StepFailedException: Unable to set text 'testfirst' of object 'Object Repository/hic/medicare/firstName' (Root cause: com.kms.katalon.core.webui.exception.WebElementNotFoundException: Web element with id: 'Object Repository/hic/medicare/firstName' located by 'By.xpath: //*[@id = 'lead-first-name-input']' not found)
	at com.kms.katalon.core.keyword.internal.KeywordMain.stepFailed(KeywordMain.groovy:36)
	at com.kms.katalon.core.webui.keyword.internal.WebUIKeywordMain.stepFailed(WebUIKeywordMain.groovy:65)
	at com.kms.katalon.core.webui.keyword.internal.WebUIKeywordMain.runKeyword(WebUIKeywordMain.groovy:27)
	at com.kms.katalon.core.webui.keyword.builtin.SetTextKeyword.setText(SetTextKeyword.groovy:65)
	at com.kms.katalon.core.webui.keyword.builtin.SetTextKeyword.execute(SetTextKeyword.groovy:37)
	at com.kms.katalon.core.keyword.internal.KeywordExecutor.executeKeywordForPlatform(KeywordExecutor.groovy:53)
	at com.kms.katalon.core.webui.keyword.WebUiBuiltInKeywords.setText(WebUiBuiltInKeywords.groovy:950)
	at com.kms.katalon.core.webui.keyword.WebUiBuiltInKeywords$setText$3.call(Unknown Source)
	at Medicare.run(Medicare:41)
	at com.kms.katalon.core.main.ScriptEngine.run(ScriptEngine.java:194)
	at com.kms.katalon.core.main.ScriptEngine.runScriptAsRawText(ScriptEngine.java:119)
	at com.kms.katalon.core.main.TestCaseExecutor.runScript(TestCaseExecutor.java:328)
	at com.kms.katalon.core.main.TestCaseExecutor.doExecute(TestCaseExecutor.java:319)
	at com.kms.katalon.core.main.TestCaseExecutor.processExecutionPhase(TestCaseExecutor.java:298)
	at com.kms.katalon.core.main.TestCaseExecutor.accessMainPhase(TestCaseExecutor.java:290)
	at com.kms.katalon.core.main.TestCaseExecutor.execute(TestCaseExecutor.java:224)
	at com.kms.katalon.core.main.TestSuiteExecutor.accessTestCaseMainPhase(TestSuiteExecutor.java:129)
	at com.kms.katalon.core.main.TestSuiteExecutor.accessTestSuiteMainPhase(TestSuiteExecutor.java:112)
	at com.kms.katalon.core.main.TestSuiteExecutor.execute(TestSuiteExecutor.java:81)
	at com.kms.katalon.core.main.TestCaseMain.startTestSuite(TestCaseMain.java:149)
	at com.kms.katalon.core.main.TestCaseMain$startTestSuite$0.call(Unknown Source)
	at TempTestSuite1575264286726.run(TempTestSuite1575264286726.groovy:36)]]></system-out>
         <system-err><![CDATA[2019-12-02 00:40:13 - [TEST_CASE][FAILED] - Test Cases/HIC/Medicare: Test Cases/HIC/Medicare FAILED.
Reason:
com.kms.katalon.core.exception.StepFailedException: Unable to set text 'testfirst' of object 'Object Repository/hic/medicare/firstName' (Root cause: com.kms.katalon.core.webui.exception.WebElementNotFoundException: Web element with id: 'Object Repository/hic/medicare/firstName' located by 'By.xpath: //*[@id = 'lead-first-name-input']' not found)
	at com.kms.katalon.core.keyword.internal.KeywordMain.stepFailed(KeywordMain.groovy:36)
	at com.kms.katalon.core.webui.keyword.internal.WebUIKeywordMain.stepFailed(WebUIKeywordMain.groovy:65)
	at com.kms.katalon.core.webui.keyword.internal.WebUIKeywordMain.runKeyword(WebUIKeywordMain.groovy:27)
	at com.kms.katalon.core.webui.keyword.builtin.SetTextKeyword.setText(SetTextKeyword.groovy:65)
	at com.kms.katalon.core.webui.keyword.builtin.SetTextKeyword.execute(SetTextKeyword.groovy:37)
	at com.kms.katalon.core.keyword.internal.KeywordExecutor.executeKeywordForPlatform(KeywordExecutor.groovy:53)
	at com.kms.katalon.core.webui.keyword.WebUiBuiltInKeywords.setText(WebUiBuiltInKeywords.groovy:950)
	at com.kms.katalon.core.webui.keyword.WebUiBuiltInKeywords$setText$3.call(Unknown Source)
	at Medicare.run(Medicare:41)
	at com.kms.katalon.core.main.ScriptEngine.run(ScriptEngine.java:194)
	at com.kms.katalon.core.main.ScriptEngine.runScriptAsRawText(ScriptEngine.java:119)
	at com.kms.katalon.core.main.TestCaseExecutor.runScript(TestCaseExecutor.java:328)
	at com.kms.katalon.core.main.TestCaseExecutor.doExecute(TestCaseExecutor.java:319)
	at com.kms.katalon.core.main.TestCaseExecutor.processExecutionPhase(TestCaseExecutor.java:298)
	at com.kms.katalon.core.main.TestCaseExecutor.accessMainPhase(TestCaseExecutor.java:290)
	at com.kms.katalon.core.main.TestCaseExecutor.execute(TestCaseExecutor.java:224)
	at com.kms.katalon.core.main.TestSuiteExecutor.accessTestCaseMainPhase(TestSuiteExecutor.java:129)
	at com.kms.katalon.core.main.TestSuiteExecutor.accessTestSuiteMainPhase(TestSuiteExecutor.java:112)
	at com.kms.katalon.core.main.TestSuiteExecutor.execute(TestSuiteExecutor.java:81)
	at com.kms.katalon.core.main.TestCaseMain.startTestSuite(TestCaseMain.java:149)
	at com.kms.katalon.core.main.TestCaseMain$startTestSuite$0.call(Unknown Source)
	at TempTestSuite1575264286726.run(TempTestSuite1575264286726.groovy:36)]]></system-err>
      </testcase>
      <testcase name="Test Cases/HIC/STM/AdvantHealth" classname="Test Cases/HIC/STM/AdvantHealth" status="PASSED">
         <system-out><![CDATA[2019-12-02 00:40:52 - [TEST_CASE][PASSED] - Test Cases/HIC/STM/AdvantHealth: Test Cases/HIC/STM/AdvantHealth

2019-12-02 00:40:53 - [TEST_STEP][PASSED] - callTestCase(findTestCase("HIC/_include/get_hicScreenPath"), ["project":"HIC", "productLine":"STM", "carrierName":"AdvantHealth"], CONTINUE_ON_FAILURE): Call Test Case 'Test Cases/HIC/_include/get_hicScreenPath' successfully

2019-12-02 00:40:53 - [TEST_CASE][PASSED] - Test Cases/HIC/_include/get_hicScreenPath: Test Cases/HIC/_include/get_hicScreenPath

2019-12-02 00:40:53 - [TEST_STEP][PASSED] - m = getExecutionProperties(): null

2019-12-02 00:40:53 - [TEST_STEP][PASSED] - deviceName = get("mobileEmulation").get("deviceName"): null

2019-12-02 00:40:53 - [TEST_STEP][PASSED] - println(deviceName): null

2019-12-02 00:40:53 - [TEST_STEP][PASSED] - now = new java.util.Date(): null

2019-12-02 00:40:53 - [TEST_STEP][PASSED] - mydate = now.format("yyyyMMdd_HHmmss"): null

2019-12-02 00:40:53 - [TEST_STEP][PASSED] - screenPath = "../Screenshots/": null

2019-12-02 00:40:53 - [TEST_STEP][PASSED] - screenPath = screenPath + deviceName + "/" + project + "/" + productLine + "/" + carrierName + "/" + mydate + "/": null

2019-12-02 00:40:53 - [TEST_STEP][PASSED] - println(screenPath): null

2019-12-02 00:40:53 - [MESSAGE][PASSED] - Call Test Case 'Test Cases/HIC/_include/get_hicScreenPath' successfully

2019-12-02 00:40:53 - [TEST_STEP][PASSED] - i = 0: null

2019-12-02 00:40:53 - [TEST_STEP][PASSED] - callTestCase(findTestCase("mobileWeb/_include/openWebSite"), ["env":"https://qa.healthinsurance.com/"], CONTINUE_ON_FAILURE): Call Test Case 'Test Cases/mobileWeb/_include/openWebSite' successfully

2019-12-02 00:40:53 - [TEST_CASE][PASSED] - Test Cases/mobileWeb/_include/openWebSite: Test Cases/mobileWeb/_include/openWebSite

2019-12-02 00:40:53 - [TEST_STEP][PASSED] - openBrowser(env): Browser is opened with url: 'https://qa.healthinsurance.com/'

2019-12-02 00:40:53 - [MESSAGE][WARNING] - A browser is already opened. Closing browser and opening a new one

2019-12-02 00:40:54 - [MESSAGE][INFO] - Starting 'Chrome' driver

2019-12-02 00:40:54 - [MESSAGE][INFO] - User set preference: ['mobileEmulation', '{deviceName=iPhone 6}']

2019-12-02 00:40:54 - [MESSAGE][INFO] - User set preference: ['args', '[--incognito, --aggressive-cache-discard, --window-size=375,677, --no-sandbox]']

2019-12-02 00:40:56 - [MESSAGE][PASSED] - Browser is opened with url: 'https://qa.healthinsurance.com/'

2019-12-02 00:40:56 - [TEST_STEP][PASSED] - waitForPageLoad(20): Wait for page load successfully

2019-12-02 00:40:56 - [MESSAGE][PASSED] - Wait for page load successfully

2019-12-02 00:40:56 - [TEST_STEP][PASSED] - callTestCase(findTestCase("mobileWeb/_include/get_screenshot"), [:], STOP_ON_FAILURE): Call Test Case 'Test Cases/mobileWeb/_include/get_screenshot' successfully

2019-12-02 00:40:56 - [TEST_CASE][PASSED] - Test Cases/mobileWeb/_include/get_screenshot: Test Cases/mobileWeb/_include/get_screenshot

2019-12-02 00:40:56 - [TEST_STEP][PASSED] - takeScreenshot(screenPath + i + ".png"): Taking screenshot successfully

2019-12-02 00:40:56 - [MESSAGE][PASSED] - Taking screenshot successfully
[[ATTACHMENT|D:\\Test\\AgileTest\\Reports\\HIC\\hic\\20191202_002446\\../Screenshots/iPhone 6/HIC/STM/AdvantHealth/20191202_004053/0.png]]

2019-12-02 00:40:56 - [TEST_STEP][PASSED] - (internal.GlobalVariable.i++): null

2019-12-02 00:40:56 - [MESSAGE][PASSED] - Call Test Case 'Test Cases/mobileWeb/_include/get_screenshot' successfully

2019-12-02 00:40:56 - [MESSAGE][PASSED] - Call Test Case 'Test Cases/mobileWeb/_include/openWebSite' successfully

2019-12-02 00:40:56 - [TEST_STEP][PASSED] - click(findTestObject("hic/nav/navButton")): Object: 'Object Repository/hic/nav/navButton' is clicked on

2019-12-02 00:40:56 - [MESSAGE][PASSED] - Object: 'Object Repository/hic/nav/navButton' is clicked on

2019-12-02 00:40:56 - [TEST_STEP][PASSED] - Thread.sleep(2000): null

2019-12-02 00:40:58 - [TEST_STEP][PASSED] - click(findTestObject("hic/nav/stmLink")): Object: 'Object Repository/hic/nav/stmLink' is clicked on

2019-12-02 00:40:58 - [MESSAGE][PASSED] - Object: 'Object Repository/hic/nav/stmLink' is clicked on

2019-12-02 00:40:58 - [TEST_STEP][PASSED] - Thread.sleep(2000): null

2019-12-02 00:41:00 - [TEST_STEP][PASSED] - callTestCase(findTestCase("mobileWeb/_include/get_screenshot"), [:], STOP_ON_FAILURE): Call Test Case 'Test Cases/mobileWeb/_include/get_screenshot' successfully

2019-12-02 00:41:00 - [TEST_CASE][PASSED] - Test Cases/mobileWeb/_include/get_screenshot: Test Cases/mobileWeb/_include/get_screenshot

2019-12-02 00:41:00 - [TEST_STEP][PASSED] - takeScreenshot(screenPath + i + ".png"): Taking screenshot successfully

2019-12-02 00:41:01 - [MESSAGE][PASSED] - Taking screenshot successfully
[[ATTACHMENT|D:\\Test\\AgileTest\\Reports\\HIC\\hic\\20191202_002446\\../Screenshots/iPhone 6/HIC/STM/AdvantHealth/20191202_004053/1.png]]

2019-12-02 00:41:01 - [TEST_STEP][PASSED] - (internal.GlobalVariable.i++): null

2019-12-02 00:41:01 - [MESSAGE][PASSED] - Call Test Case 'Test Cases/mobileWeb/_include/get_screenshot' successfully

2019-12-02 00:41:01 - [TEST_STEP][PASSED] - callTestCase(findTestCase("HIC/_include/stm_census"), ["zipcode":"35215"], STOP_ON_FAILURE): Call Test Case 'Test Cases/HIC/_include/stm_census' successfully

2019-12-02 00:41:01 - [TEST_CASE][PASSED] - Test Cases/HIC/_include/stm_census: Test Cases/HIC/_include/stm_census

2019-12-02 00:41:01 - [TEST_STEP][PASSED] - setText(findTestObject("hic/stm/zip"), zipcode): Text '35215' is set on object 'Object Repository/hic/stm/zip'

2019-12-02 00:41:01 - [MESSAGE][PASSED] - Text '35215' is set on object 'Object Repository/hic/stm/zip'

2019-12-02 00:41:01 - [TEST_STEP][PASSED] - Thread.sleep(500): null

2019-12-02 00:41:01 - [TEST_STEP][PASSED] - setText(findTestObject("hic/stm/primaryDOB"), "03031987"): Text '03031987' is set on object 'Object Repository/hic/stm/primaryDOB'

2019-12-02 00:41:02 - [MESSAGE][PASSED] - Text '03031987' is set on object 'Object Repository/hic/stm/primaryDOB'

2019-12-02 00:41:02 - [TEST_STEP][PASSED] - click(findTestObject("hic/stm/female")): Object: 'Object Repository/hic/stm/female' is clicked on

2019-12-02 00:41:02 - [MESSAGE][PASSED] - Object: 'Object Repository/hic/stm/female' is clicked on

2019-12-02 00:41:02 - [TEST_STEP][PASSED] - Thread.sleep(3000): null

2019-12-02 00:41:05 - [TEST_STEP][PASSED] - click(findTestObject("hic/stm/submitButton")): Object: 'Object Repository/hic/stm/submitButton' is clicked on

2019-12-02 00:41:06 - [MESSAGE][PASSED] - Object: 'Object Repository/hic/stm/submitButton' is clicked on

2019-12-02 00:41:06 - [TEST_STEP][PASSED] - Thread.sleep(6000): null

2019-12-02 00:41:12 - [TEST_STEP][PASSED] - callTestCase(findTestCase("mobileWeb/_include/get_screenshot"), [:], STOP_ON_FAILURE): Call Test Case 'Test Cases/mobileWeb/_include/get_screenshot' successfully

2019-12-02 00:41:12 - [TEST_CASE][PASSED] - Test Cases/mobileWeb/_include/get_screenshot: Test Cases/mobileWeb/_include/get_screenshot

2019-12-02 00:41:12 - [TEST_STEP][PASSED] - takeScreenshot(screenPath + i + ".png"): Taking screenshot successfully

2019-12-02 00:41:12 - [MESSAGE][PASSED] - Taking screenshot successfully
[[ATTACHMENT|D:\\Test\\AgileTest\\Reports\\HIC\\hic\\20191202_002446\\../Screenshots/iPhone 6/HIC/STM/AdvantHealth/20191202_004053/2.png]]

2019-12-02 00:41:12 - [TEST_STEP][PASSED] - (internal.GlobalVariable.i++): null

2019-12-02 00:41:12 - [MESSAGE][PASSED] - Call Test Case 'Test Cases/mobileWeb/_include/get_screenshot' successfully

2019-12-02 00:41:12 - [TEST_STEP][PASSED] - Thread.sleep(1000): null

2019-12-02 00:41:13 - [MESSAGE][PASSED] - Call Test Case 'Test Cases/HIC/_include/stm_census' successfully

2019-12-02 00:41:13 - [TEST_STEP][PASSED] - callTestCase(findTestCase("mobileWeb/_include/filter_stm"), ["carrier":"advanthealth"], STOP_ON_FAILURE): Call Test Case 'Test Cases/mobileWeb/_include/filter_stm' successfully

2019-12-02 00:41:13 - [TEST_CASE][PASSED] - Test Cases/mobileWeb/_include/filter_stm: Test Cases/mobileWeb/_include/filter_stm

2019-12-02 00:41:14 - [TEST_STEP][PASSED] - driver = getWebDriver(): null

2019-12-02 00:41:14 - [TEST_STEP][PASSED] - selenium = new com.thoughtworks.selenium.webdriven.WebDriverBackedSelenium(driver, internal.GlobalVariable.ENV): null

2019-12-02 00:41:14 - [TEST_STEP][PASSED] - Thread.sleep(1000): null

2019-12-02 00:41:15 - [TEST_STEP][PASSED] - click(findTestObject("mobileSanity/STM/STM Quote Page/button_filters")): Object: 'Object Repository/mobileSanity/STM/STM Quote Page/button_filters' is clicked on

2019-12-02 00:41:15 - [MESSAGE][PASSED] - Object: 'Object Repository/mobileSanity/STM/STM Quote Page/button_filters' is clicked on

2019-12-02 00:41:15 - [TEST_STEP][PASSED] - Thread.sleep(1000): null

2019-12-02 00:41:16 - [TEST_STEP][PASSED] - click(findTestObject("mobileSanity/STM/STM Quote Page/i_Insurance company")): Object: 'Object Repository/mobileSanity/STM/STM Quote Page/i_Insurance company' is clicked on

2019-12-02 00:41:16 - [MESSAGE][PASSED] - Object: 'Object Repository/mobileSanity/STM/STM Quote Page/i_Insurance company' is clicked on

2019-12-02 00:41:16 - [TEST_STEP][PASSED] - Thread.sleep(1000): null

2019-12-02 00:41:17 - [TEST_STEP][PASSED] - filter_carrier = "//input[@name='filter[carrier]' and @value='" + carrier + "']/following::label": null

2019-12-02 00:41:17 - [TEST_STEP][PASSED] - println(filter_carrier): null

2019-12-02 00:41:17 - [TEST_STEP][PASSED] - test.MobileKeywords.clickJS_ByXpath(filter_carrier): test.MobileKeywords.clickJS_ByXpath is PASSED

2019-12-02 00:41:17 - [MESSAGE][PASSED] - Execute JavaScript 'arguments[0].click()' successfully

2019-12-02 00:41:17 - [MESSAGE][PASSED] - test.MobileKeywords.clickJS_ByXpath is PASSED

2019-12-02 00:41:17 - [TEST_STEP][PASSED] - scrollToElement(findTestObject("mobileSanity/STM/STM Quote Page/a_Show Plans"), 1000): Scroll to object 'Object Repository/mobileSanity/STM/STM Quote Page/a_Show Plans' successfully

2019-12-02 00:41:17 - [MESSAGE][PASSED] - Scroll to object 'Object Repository/mobileSanity/STM/STM Quote Page/a_Show Plans' successfully

2019-12-02 00:41:17 - [TEST_STEP][PASSED] - Thread.sleep(2000): null

2019-12-02 00:41:19 - [TEST_STEP][PASSED] - click(findTestObject("mobileSanity/STM/STM Quote Page/a_Show Plans")): Object: 'Object Repository/mobileSanity/STM/STM Quote Page/a_Show Plans' is clicked on

2019-12-02 00:41:19 - [MESSAGE][PASSED] - Object: 'Object Repository/mobileSanity/STM/STM Quote Page/a_Show Plans' is clicked on

2019-12-02 00:41:19 - [TEST_STEP][PASSED] - waitForJQueryLoad(20, STOP_ON_FAILURE): jQuery is ready.

2019-12-02 00:41:20 - [MESSAGE][PASSED] - jQuery is ready.

2019-12-02 00:41:20 - [TEST_STEP][PASSED] - Thread.sleep(2000): null

2019-12-02 00:41:22 - [TEST_STEP][PASSED] - callTestCase(findTestCase("mobileWeb/_include/get_screenshot"), [:], STOP_ON_FAILURE): Call Test Case 'Test Cases/mobileWeb/_include/get_screenshot' successfully

2019-12-02 00:41:22 - [TEST_CASE][PASSED] - Test Cases/mobileWeb/_include/get_screenshot: Test Cases/mobileWeb/_include/get_screenshot

2019-12-02 00:41:22 - [TEST_STEP][PASSED] - takeScreenshot(screenPath + i + ".png"): Taking screenshot successfully

2019-12-02 00:41:22 - [MESSAGE][PASSED] - Taking screenshot successfully
[[ATTACHMENT|D:\\Test\\AgileTest\\Reports\\HIC\\hic\\20191202_002446\\../Screenshots/iPhone 6/HIC/STM/AdvantHealth/20191202_004053/3.png]]

2019-12-02 00:41:22 - [TEST_STEP][PASSED] - (internal.GlobalVariable.i++): null

2019-12-02 00:41:22 - [MESSAGE][PASSED] - Call Test Case 'Test Cases/mobileWeb/_include/get_screenshot' successfully

2019-12-02 00:41:22 - [MESSAGE][PASSED] - Call Test Case 'Test Cases/mobileWeb/_include/filter_stm' successfully

2019-12-02 00:41:22 - [TEST_STEP][PASSED] - callTestCase(findTestCase("mobileWeb/_include/goToDetail_stm"), ["carrier":"advanthealth"], STOP_ON_FAILURE): Call Test Case 'Test Cases/mobileWeb/_include/goToDetail_stm' successfully

2019-12-02 00:41:22 - [TEST_CASE][PASSED] - Test Cases/mobileWeb/_include/goToDetail_stm: Test Cases/mobileWeb/_include/goToDetail_stm

2019-12-02 00:41:22 - [TEST_STEP][PASSED] - driver = getWebDriver(): null

2019-12-02 00:41:22 - [TEST_STEP][PASSED] - selenium = new com.thoughtworks.selenium.webdriven.WebDriverBackedSelenium(driver, internal.GlobalVariable.ENV): null

2019-12-02 00:41:22 - [TEST_STEP][PASSED] - a_plan_name = "xpath=//a[contains(@href,'/term-health-insurance/plan/" + carrier + "')]": null

2019-12-02 00:41:22 - [TEST_STEP][PASSED] - println(a_plan_name): null

2019-12-02 00:41:22 - [TEST_STEP][PASSED] - selenium.click(a_plan_name): null

2019-12-02 00:41:23 - [TEST_STEP][PASSED] - waitForPageLoad(20): Wait for page load successfully

2019-12-02 00:41:23 - [MESSAGE][PASSED] - Wait for page load successfully

2019-12-02 00:41:23 - [TEST_STEP][PASSED] - Thread.sleep(2000): null

2019-12-02 00:41:25 - [TEST_STEP][PASSED] - callTestCase(findTestCase("mobileWeb/_include/get_screenshot"), [:], STOP_ON_FAILURE): Call Test Case 'Test Cases/mobileWeb/_include/get_screenshot' successfully

2019-12-02 00:41:25 - [TEST_CASE][PASSED] - Test Cases/mobileWeb/_include/get_screenshot: Test Cases/mobileWeb/_include/get_screenshot

2019-12-02 00:41:25 - [TEST_STEP][PASSED] - takeScreenshot(screenPath + i + ".png"): Taking screenshot successfully

2019-12-02 00:41:26 - [MESSAGE][PASSED] - Taking screenshot successfully
[[ATTACHMENT|D:\\Test\\AgileTest\\Reports\\HIC\\hic\\20191202_002446\\../Screenshots/iPhone 6/HIC/STM/AdvantHealth/20191202_004053/4.png]]

2019-12-02 00:41:26 - [TEST_STEP][PASSED] - (internal.GlobalVariable.i++): null

2019-12-02 00:41:26 - [MESSAGE][PASSED] - Call Test Case 'Test Cases/mobileWeb/_include/get_screenshot' successfully

2019-12-02 00:41:26 - [MESSAGE][PASSED] - Call Test Case 'Test Cases/mobileWeb/_include/goToDetail_stm' successfully

2019-12-02 00:41:26 - [TEST_STEP][PASSED] - callTestCase(findTestCase("mobileWeb/_include/apply_stm"), [:], STOP_ON_FAILURE): Call Test Case 'Test Cases/mobileWeb/_include/apply_stm' successfully

2019-12-02 00:41:26 - [TEST_CASE][PASSED] - Test Cases/mobileWeb/_include/apply_stm: Test Cases/mobileWeb/_include/apply_stm

2019-12-02 00:41:26 - [TEST_STEP][PASSED] - waitForElementVisible(findTestObject("mobileSanity/STM/STM PlanDetail Page/a_Apply for This Plan"), 5): Object 'Object Repository/mobileSanity/STM/STM PlanDetail Page/a_Apply for This Plan' is visible

2019-12-02 00:41:26 - [MESSAGE][PASSED] - Object 'Object Repository/mobileSanity/STM/STM PlanDetail Page/a_Apply for This Plan' is visible

2019-12-02 00:41:26 - [TEST_STEP][PASSED] - click(findTestObject("mobileSanity/STM/STM PlanDetail Page/a_Apply for This Plan")): Object: 'Object Repository/mobileSanity/STM/STM PlanDetail Page/a_Apply for This Plan' is clicked on

2019-12-02 00:41:27 - [MESSAGE][PASSED] - Object: 'Object Repository/mobileSanity/STM/STM PlanDetail Page/a_Apply for This Plan' is clicked on

2019-12-02 00:41:27 - [TEST_STEP][PASSED] - waitForPageLoad(10): Wait for page load successfully

2019-12-02 00:41:27 - [MESSAGE][PASSED] - Wait for page load successfully

2019-12-02 00:41:27 - [TEST_STEP][PASSED] - Thread.sleep(2000): null

2019-12-02 00:41:29 - [TEST_STEP][PASSED] - callTestCase(findTestCase("mobileWeb/_include/get_screenshot"), [:], STOP_ON_FAILURE): Call Test Case 'Test Cases/mobileWeb/_include/get_screenshot' successfully

2019-12-02 00:41:29 - [TEST_CASE][PASSED] - Test Cases/mobileWeb/_include/get_screenshot: Test Cases/mobileWeb/_include/get_screenshot

2019-12-02 00:41:29 - [TEST_STEP][PASSED] - takeScreenshot(screenPath + i + ".png"): Taking screenshot successfully

2019-12-02 00:41:29 - [MESSAGE][PASSED] - Taking screenshot successfully
[[ATTACHMENT|D:\\Test\\AgileTest\\Reports\\HIC\\hic\\20191202_002446\\../Screenshots/iPhone 6/HIC/STM/AdvantHealth/20191202_004053/5.png]]

2019-12-02 00:41:29 - [TEST_STEP][PASSED] - (internal.GlobalVariable.i++): null

2019-12-02 00:41:29 - [MESSAGE][PASSED] - Call Test Case 'Test Cases/mobileWeb/_include/get_screenshot' successfully

2019-12-02 00:41:29 - [TEST_STEP][PASSED] - waitForElementVisible(findTestObject("mobileSanity/STM/STM Apply Page/a_Start Secure Application"), 5): Object 'Object Repository/mobileSanity/STM/STM Apply Page/a_Start Secure Application' is visible

2019-12-02 00:41:29 - [MESSAGE][PASSED] - Object 'Object Repository/mobileSanity/STM/STM Apply Page/a_Start Secure Application' is visible

2019-12-02 00:41:29 - [TEST_STEP][PASSED] - click(findTestObject("mobileSanity/STM/STM Apply Page/a_Start Secure Application")): Object: 'Object Repository/mobileSanity/STM/STM Apply Page/a_Start Secure Application' is clicked on

2019-12-02 00:41:29 - [MESSAGE][PASSED] - Object: 'Object Repository/mobileSanity/STM/STM Apply Page/a_Start Secure Application' is clicked on

2019-12-02 00:41:29 - [TEST_STEP][PASSED] - waitForPageLoad(20): Wait for page load successfully

2019-12-02 00:41:30 - [MESSAGE][PASSED] - Wait for page load successfully

2019-12-02 00:41:30 - [TEST_STEP][PASSED] - Thread.sleep(2000): null

2019-12-02 00:41:32 - [TEST_STEP][PASSED] - callTestCase(findTestCase("mobileWeb/_include/get_screenshot"), [:], STOP_ON_FAILURE): Call Test Case 'Test Cases/mobileWeb/_include/get_screenshot' successfully

2019-12-02 00:41:32 - [TEST_CASE][PASSED] - Test Cases/mobileWeb/_include/get_screenshot: Test Cases/mobileWeb/_include/get_screenshot

2019-12-02 00:41:32 - [TEST_STEP][PASSED] - takeScreenshot(screenPath + i + ".png"): Taking screenshot successfully

2019-12-02 00:41:32 - [MESSAGE][PASSED] - Taking screenshot successfully
[[ATTACHMENT|D:\\Test\\AgileTest\\Reports\\HIC\\hic\\20191202_002446\\../Screenshots/iPhone 6/HIC/STM/AdvantHealth/20191202_004053/6.png]]

2019-12-02 00:41:32 - [TEST_STEP][PASSED] - (internal.GlobalVariable.i++): null

2019-12-02 00:41:32 - [MESSAGE][PASSED] - Call Test Case 'Test Cases/mobileWeb/_include/get_screenshot' successfully

2019-12-02 00:41:32 - [MESSAGE][PASSED] - Call Test Case 'Test Cases/mobileWeb/_include/apply_stm' successfully

2019-12-02 00:41:32 - [TEST_STEP][PASSED] - callTestCase(findTestCase("mobileWeb/_include/goToEnd_stm_autofill"), [:], STOP_ON_FAILURE): Call Test Case 'Test Cases/mobileWeb/_include/goToEnd_stm_autofill' successfully

2019-12-02 00:41:32 - [TEST_CASE][PASSED] - Test Cases/mobileWeb/_include/goToEnd_stm_autofill: Test Cases/mobileWeb/_include/goToEnd_stm_autofill

2019-12-02 00:41:32 - [TEST_STEP][PASSED] - callTestCase(findTestCase("mobileWeb/_include/name"), [:], CONTINUE_ON_FAILURE): Call Test Case 'Test Cases/mobileWeb/_include/name' successfully

2019-12-02 00:41:32 - [TEST_CASE][PASSED] - Test Cases/mobileWeb/_include/name: Test Cases/mobileWeb/_include/name

2019-12-02 00:41:32 - [TEST_STEP][PASSED] - driver = getWebDriver(): null

2019-12-02 00:41:32 - [TEST_STEP][PASSED] - selenium = new com.thoughtworks.selenium.webdriven.WebDriverBackedSelenium(driver, internal.GlobalVariable.ENV): null

2019-12-02 00:41:32 - [TEST_STEP][PASSED] - FirstName = "Test-123": null

2019-12-02 00:41:32 - [TEST_STEP][PASSED] - LastName = selenium.getEval("{var x="ABCDEFGHIJKLMNOPQRSTUVWXYZabcdefghijklmnopqrstuvwxyz"; var tmp="ZZ11-"; for (i=0;i<8;i++) tmp+=x.charAt(Math.ceil(51*Math.random()));tmp;}"): null

2019-12-02 00:41:32 - [TEST_STEP][PASSED] - Address = selenium.getEval("{var x="ABCDEFGHIJKLMNOPQRSTUVWXYZabcdefghijklmnopqrstuvwxyz"; var tmp=""; for (i=0;i<8;i++) tmp+=x.charAt(Math.ceil(51*Math.random()));tmp;}"): null

2019-12-02 00:41:32 - [TEST_STEP][PASSED] - City = selenium.getEval("{var x="ABCDEFGHIJKLMNOPQRSTUVWXYZabcdefghijklmnopqrstuvwxyz"; var tmp=""; for (i=0;i<8;i++) tmp+=x.charAt(Math.ceil(51*Math.random()));tmp;}"): null

2019-12-02 00:41:32 - [TEST_STEP][PASSED] - tel1 = selenium.getEval("{var x="123456789"; var tmp=""; for (i=0;i<3;i++) tmp+=x.charAt(Math.ceil(8*Math.random()));tmp;}"): null

2019-12-02 00:41:32 - [TEST_STEP][PASSED] - tel2 = selenium.getEval("{var x="123456789"; var tmp=""; for (i=0;i<3;i++) tmp+=x.charAt(Math.ceil(8*Math.random()));tmp;}"): null

2019-12-02 00:41:32 - [TEST_STEP][PASSED] - tel3 = selenium.getEval("{var x="123456789"; var tmp=""; for (i=0;i<4;i++) tmp+=x.charAt(Math.ceil(8*Math.random()));tmp;}"): null

2019-12-02 00:41:32 - [TEST_STEP][PASSED] - Tel = selenium.getExpression(tel1 + "-" + tel2 + "-" + tel3): null

2019-12-02 00:41:32 - [TEST_STEP][PASSED] - AutoEmail = selenium.getEval("{var x="ABCDEFGHIJKLMNOPQRSTUVWXYZabcdefghijklmnopqrstuvwxyz"; var tmp="test."; for (i=0;i<8;i++) tmp+=x.charAt(Math.ceil(51*Math.random()));tmp+="@suryani.cn";}"): null

2019-12-02 00:41:32 - [TEST_STEP][PASSED] - FirstName = FirstName: null

2019-12-02 00:41:32 - [TEST_STEP][PASSED] - LastName = LastName: null

2019-12-02 00:41:32 - [TEST_STEP][PASSED] - Address = Address: null

2019-12-02 00:41:32 - [TEST_STEP][PASSED] - City = City: null

2019-12-02 00:41:32 - [TEST_STEP][PASSED] - Tel = Tel: null

2019-12-02 00:41:32 - [TEST_STEP][PASSED] - AutoEmail = AutoEmail: null

2019-12-02 00:41:32 - [TEST_STEP][PASSED] - println(FirstName): null

2019-12-02 00:41:32 - [TEST_STEP][PASSED] - println(LastName): null

2019-12-02 00:41:32 - [TEST_STEP][PASSED] - println(Address): null

2019-12-02 00:41:32 - [TEST_STEP][PASSED] - println(City): null

2019-12-02 00:41:32 - [TEST_STEP][PASSED] - println(Tel): null

2019-12-02 00:41:32 - [TEST_STEP][PASSED] - println(AutoEmail): null

2019-12-02 00:41:32 - [MESSAGE][PASSED] - Call Test Case 'Test Cases/mobileWeb/_include/name' successfully

2019-12-02 00:41:32 - [TEST_STEP][PASSED] - try: Call Test Case 'Test Cases/mobileWeb/_include/get_screenshot' successfully

2019-12-02 00:41:32 - [TEST_STEP][PASSED] - if (verifyTextPresent("Month Duration Acknowledgement", false)): Call Test Case 'Test Cases/mobileWeb/_include/get_screenshot' successfully

2019-12-02 00:41:32 - [MESSAGE][PASSED] - Text 'Month Duration Acknowledgement' is present on page 

2019-12-02 00:41:32 - [TEST_STEP][PASSED] - click(findTestObject("mobileSanity/STM/Page_App Page 1/label_By checking this box I u")): Object: 'Object Repository/mobileSanity/STM/Page_App Page 1/label_By checking this box I u' is clicked on

2019-12-02 00:41:32 - [MESSAGE][PASSED] - Object: 'Object Repository/mobileSanity/STM/Page_App Page 1/label_By checking this box I u' is clicked on

2019-12-02 00:41:32 - [TEST_STEP][PASSED] - click(findTestObject("mobileSanity/STM/Page_App Page 1/button_Continue to Application")): Object: 'Object Repository/mobileSanity/STM/Page_App Page 1/button_Continue to Application' is clicked on

2019-12-02 00:41:33 - [MESSAGE][PASSED] - Object: 'Object Repository/mobileSanity/STM/Page_App Page 1/button_Continue to Application' is clicked on

2019-12-02 00:41:33 - [TEST_STEP][PASSED] - waitForPageLoad(20): Wait for page load successfully

2019-12-02 00:41:33 - [MESSAGE][PASSED] - Wait for page load successfully

2019-12-02 00:41:33 - [TEST_STEP][PASSED] - Thread.sleep(5000): null

2019-12-02 00:41:38 - [TEST_STEP][PASSED] - callTestCase(findTestCase("mobileWeb/_include/get_screenshot"), [:], STOP_ON_FAILURE): Call Test Case 'Test Cases/mobileWeb/_include/get_screenshot' successfully

2019-12-02 00:41:38 - [TEST_CASE][PASSED] - Test Cases/mobileWeb/_include/get_screenshot: Test Cases/mobileWeb/_include/get_screenshot

2019-12-02 00:41:38 - [TEST_STEP][PASSED] - takeScreenshot(screenPath + i + ".png"): Taking screenshot successfully

2019-12-02 00:41:38 - [MESSAGE][PASSED] - Taking screenshot successfully
[[ATTACHMENT|D:\\Test\\AgileTest\\Reports\\HIC\\hic\\20191202_002446\\../Screenshots/iPhone 6/HIC/STM/AdvantHealth/20191202_004053/7.png]]

2019-12-02 00:41:38 - [TEST_STEP][PASSED] - (internal.GlobalVariable.i++): null

2019-12-02 00:41:38 - [MESSAGE][PASSED] - Call Test Case 'Test Cases/mobileWeb/_include/get_screenshot' successfully

2019-12-02 00:41:38 - [TEST_STEP][PASSED] - waitForPageLoad(10): Wait for page load successfully

2019-12-02 00:41:38 - [MESSAGE][PASSED] - Wait for page load successfully

2019-12-02 00:41:38 - [TEST_STEP][PASSED] - Thread.sleep(3000): null

2019-12-02 00:41:41 - [TEST_STEP][PASSED] - waitForElementVisible(findTestObject("mobileSanity/STM/Page_App Page 1/a_Autofill App Info"), 20): Object 'Object Repository/mobileSanity/STM/Page_App Page 1/a_Autofill App Info' is visible

2019-12-02 00:41:41 - [MESSAGE][PASSED] - Object 'Object Repository/mobileSanity/STM/Page_App Page 1/a_Autofill App Info' is visible

2019-12-02 00:41:41 - [TEST_STEP][PASSED] - click(findTestObject("mobileSanity/STM/Page_App Page 1/a_Autofill App Info")): Object: 'Object Repository/mobileSanity/STM/Page_App Page 1/a_Autofill App Info' is clicked on

2019-12-02 00:41:41 - [MESSAGE][PASSED] - Object: 'Object Repository/mobileSanity/STM/Page_App Page 1/a_Autofill App Info' is clicked on

2019-12-02 00:41:41 - [TEST_STEP][PASSED] - Thread.sleep(1000): null

2019-12-02 00:41:42 - [TEST_STEP][PASSED] - click(findTestObject("mobileSanity/STM/Page_App Page 1/a_Autofill App Info")): Object: 'Object Repository/mobileSanity/STM/Page_App Page 1/a_Autofill App Info' is clicked on

2019-12-02 00:41:43 - [MESSAGE][PASSED] - Object: 'Object Repository/mobileSanity/STM/Page_App Page 1/a_Autofill App Info' is clicked on

2019-12-02 00:41:43 - [TEST_STEP][PASSED] - Thread.sleep(1000): null

2019-12-02 00:41:44 - [TEST_STEP][PASSED] - waitForElementVisible(findTestObject("mobileSanity/STM/Page_App Page 1/a_Continue"), 20): Object 'Object Repository/mobileSanity/STM/Page_App Page 1/a_Continue' is visible

2019-12-02 00:41:44 - [MESSAGE][PASSED] - Object 'Object Repository/mobileSanity/STM/Page_App Page 1/a_Continue' is visible

2019-12-02 00:41:44 - [TEST_STEP][PASSED] - click(findTestObject("mobileSanity/STM/Page_App Page 1/a_Continue")): Object: 'Object Repository/mobileSanity/STM/Page_App Page 1/a_Continue' is clicked on

2019-12-02 00:41:44 - [MESSAGE][PASSED] - Object: 'Object Repository/mobileSanity/STM/Page_App Page 1/a_Continue' is clicked on

2019-12-02 00:41:44 - [TEST_STEP][PASSED] - waitForPageLoad(20): Wait for page load successfully

2019-12-02 00:41:44 - [MESSAGE][PASSED] - Wait for page load successfully

2019-12-02 00:41:44 - [TEST_STEP][PASSED] - Thread.sleep(5000): null

2019-12-02 00:41:49 - [TEST_STEP][PASSED] - callTestCase(findTestCase("mobileWeb/_include/get_screenshot"), [:], STOP_ON_FAILURE): Call Test Case 'Test Cases/mobileWeb/_include/get_screenshot' successfully

2019-12-02 00:41:49 - [TEST_CASE][PASSED] - Test Cases/mobileWeb/_include/get_screenshot: Test Cases/mobileWeb/_include/get_screenshot

2019-12-02 00:41:49 - [TEST_STEP][PASSED] - takeScreenshot(screenPath + i + ".png"): Taking screenshot successfully

2019-12-02 00:41:49 - [MESSAGE][PASSED] - Taking screenshot successfully
[[ATTACHMENT|D:\\Test\\AgileTest\\Reports\\HIC\\hic\\20191202_002446\\../Screenshots/iPhone 6/HIC/STM/AdvantHealth/20191202_004053/8.png]]

2019-12-02 00:41:49 - [TEST_STEP][PASSED] - (internal.GlobalVariable.i++): null

2019-12-02 00:41:49 - [MESSAGE][PASSED] - Call Test Case 'Test Cases/mobileWeb/_include/get_screenshot' successfully

2019-12-02 00:41:49 - [TEST_STEP][PASSED] - click(findTestObject("mobileSanity/STM/Page_App Page 2/a_Continue to Step 3 - Payment")): Object: 'Object Repository/mobileSanity/STM/Page_App Page 2/a_Continue to Step 3 - Payment' is clicked on

2019-12-02 00:41:49 - [MESSAGE][PASSED] - Object: 'Object Repository/mobileSanity/STM/Page_App Page 2/a_Continue to Step 3 - Payment' is clicked on

2019-12-02 00:41:49 - [TEST_STEP][PASSED] - waitForPageLoad(20): Wait for page load successfully

2019-12-02 00:41:49 - [MESSAGE][PASSED] - Wait for page load successfully

2019-12-02 00:41:49 - [TEST_STEP][PASSED] - waitForElementVisible(findTestObject("mobileSanity/STM/Page_App Page 3/input__credit-card-cvv"), 20): Object 'Object Repository/mobileSanity/STM/Page_App Page 3/input__credit-card-cvv' is visible

2019-12-02 00:41:50 - [MESSAGE][PASSED] - Object 'Object Repository/mobileSanity/STM/Page_App Page 3/input__credit-card-cvv' is visible

2019-12-02 00:41:50 - [TEST_STEP][PASSED] - Thread.sleep(2000): null

2019-12-02 00:41:52 - [TEST_STEP][PASSED] - callTestCase(findTestCase("mobileWeb/_include/get_screenshot"), [:], STOP_ON_FAILURE): Call Test Case 'Test Cases/mobileWeb/_include/get_screenshot' successfully

2019-12-02 00:41:52 - [TEST_CASE][PASSED] - Test Cases/mobileWeb/_include/get_screenshot: Test Cases/mobileWeb/_include/get_screenshot

2019-12-02 00:41:52 - [TEST_STEP][PASSED] - takeScreenshot(screenPath + i + ".png"): Taking screenshot successfully

2019-12-02 00:41:52 - [MESSAGE][PASSED] - Taking screenshot successfully
[[ATTACHMENT|D:\\Test\\AgileTest\\Reports\\HIC\\hic\\20191202_002446\\../Screenshots/iPhone 6/HIC/STM/AdvantHealth/20191202_004053/9.png]]

2019-12-02 00:41:52 - [TEST_STEP][PASSED] - (internal.GlobalVariable.i++): null

2019-12-02 00:41:52 - [MESSAGE][PASSED] - Call Test Case 'Test Cases/mobileWeb/_include/get_screenshot' successfully

2019-12-02 00:41:52 - [TEST_STEP][PASSED] - clearText(findTestObject("mobileSanity/STM/Page_App Page 3/input__credit-card-cvv")): Text of object 'Object Repository/mobileSanity/STM/Page_App Page 3/input__credit-card-cvv' is cleared

2019-12-02 00:41:52 - [MESSAGE][PASSED] - Text of object 'Object Repository/mobileSanity/STM/Page_App Page 3/input__credit-card-cvv' is cleared

2019-12-02 00:41:52 - [TEST_STEP][PASSED] - setText(findTestObject("mobileSanity/STM/Page_App Page 3/input__credit-card-cvv"), "123"): Text '123' is set on object 'Object Repository/mobileSanity/STM/Page_App Page 3/input__credit-card-cvv'

2019-12-02 00:41:53 - [MESSAGE][PASSED] - Text '123' is set on object 'Object Repository/mobileSanity/STM/Page_App Page 3/input__credit-card-cvv'

2019-12-02 00:41:53 - [TEST_STEP][PASSED] - click(findTestObject("mobileSanity/STM/Page_App Page 3/label_I Accept Authorization f")): Object: 'Object Repository/mobileSanity/STM/Page_App Page 3/label_I Accept Authorization f' is clicked on

2019-12-02 00:41:53 - [MESSAGE][PASSED] - Object: 'Object Repository/mobileSanity/STM/Page_App Page 3/label_I Accept Authorization f' is clicked on

2019-12-02 00:41:53 - [TEST_STEP][PASSED] - click(findTestObject("mobileSanity/STM/Page_App Page 3/a_Continue to Step 4 - Review")): Object: 'Object Repository/mobileSanity/STM/Page_App Page 3/a_Continue to Step 4 - Review' is clicked on

2019-12-02 00:41:53 - [MESSAGE][PASSED] - Object: 'Object Repository/mobileSanity/STM/Page_App Page 3/a_Continue to Step 4 - Review' is clicked on

2019-12-02 00:41:53 - [TEST_STEP][PASSED] - waitForPageLoad(10): Wait for page load successfully

2019-12-02 00:41:53 - [MESSAGE][PASSED] - Wait for page load successfully

2019-12-02 00:41:53 - [TEST_STEP][PASSED] - waitForElementClickable(findTestObject("mobileSanity/STM/Page_App Page 4/label"), 10): Object 'Object Repository/mobileSanity/STM/Page_App Page 4/label' is clickable

2019-12-02 00:41:53 - [MESSAGE][PASSED] - Object 'Object Repository/mobileSanity/STM/Page_App Page 4/label' is clickable

2019-12-02 00:41:53 - [TEST_STEP][PASSED] - Thread.sleep(2000): null

2019-12-02 00:41:55 - [TEST_STEP][PASSED] - callTestCase(findTestCase("mobileWeb/_include/get_screenshot"), [:], STOP_ON_FAILURE): Call Test Case 'Test Cases/mobileWeb/_include/get_screenshot' successfully

2019-12-02 00:41:56 - [TEST_CASE][PASSED] - Test Cases/mobileWeb/_include/get_screenshot: Test Cases/mobileWeb/_include/get_screenshot

2019-12-02 00:41:56 - [TEST_STEP][PASSED] - takeScreenshot(screenPath + i + ".png"): Taking screenshot successfully

2019-12-02 00:41:56 - [MESSAGE][PASSED] - Taking screenshot successfully
[[ATTACHMENT|D:\\Test\\AgileTest\\Reports\\HIC\\hic\\20191202_002446\\../Screenshots/iPhone 6/HIC/STM/AdvantHealth/20191202_004053/10.png]]

2019-12-02 00:41:56 - [TEST_STEP][PASSED] - (internal.GlobalVariable.i++): null

2019-12-02 00:41:56 - [MESSAGE][PASSED] - Call Test Case 'Test Cases/mobileWeb/_include/get_screenshot' successfully

2019-12-02 00:41:56 - [TEST_STEP][PASSED] - click(findTestObject("mobileSanity/STM/Page_App Page 4/label")): Object: 'Object Repository/mobileSanity/STM/Page_App Page 4/label' is clicked on

2019-12-02 00:41:56 - [MESSAGE][PASSED] - Object: 'Object Repository/mobileSanity/STM/Page_App Page 4/label' is clicked on

2019-12-02 00:41:56 - [TEST_STEP][PASSED] - click(findTestObject("mobileSanity/STM/Page_App Page 4/div_CLICK TO SIGN")): Object: 'Object Repository/mobileSanity/STM/Page_App Page 4/div_CLICK TO SIGN' is clicked on

2019-12-02 00:41:56 - [MESSAGE][PASSED] - Object: 'Object Repository/mobileSanity/STM/Page_App Page 4/div_CLICK TO SIGN' is clicked on

2019-12-02 00:41:56 - [TEST_STEP][PASSED] - click(findTestObject("mobileSanity/STM/Page_App Page 4/a_Submit Your Application")): Object: 'Object Repository/mobileSanity/STM/Page_App Page 4/a_Submit Your Application' is clicked on

2019-12-02 00:41:56 - [MESSAGE][PASSED] - Object: 'Object Repository/mobileSanity/STM/Page_App Page 4/a_Submit Your Application' is clicked on

2019-12-02 00:41:56 - [TEST_STEP][PASSED] - Thread.sleep(30000): null

2019-12-02 00:42:26 - [TEST_STEP][PASSED] - waitForElementPresent(findTestObject("mobileSanity/STM/Page_App Page 6/app-page-wrapper"), 20): Object 'Object Repository/mobileSanity/STM/Page_App Page 6/app-page-wrapper' is present

2019-12-02 00:42:36 - [MESSAGE][PASSED] - Object 'Object Repository/mobileSanity/STM/Page_App Page 6/app-page-wrapper' is present

2019-12-02 00:42:36 - [TEST_STEP][PASSED] - callTestCase(findTestCase("mobileWeb/_include/get_screenshot"), [:], STOP_ON_FAILURE): Call Test Case 'Test Cases/mobileWeb/_include/get_screenshot' successfully

2019-12-02 00:42:36 - [TEST_CASE][PASSED] - Test Cases/mobileWeb/_include/get_screenshot: Test Cases/mobileWeb/_include/get_screenshot

2019-12-02 00:42:36 - [TEST_STEP][PASSED] - takeScreenshot(screenPath + i + ".png"): Taking screenshot successfully

2019-12-02 00:42:36 - [MESSAGE][PASSED] - Taking screenshot successfully
[[ATTACHMENT|D:\\Test\\AgileTest\\Reports\\HIC\\hic\\20191202_002446\\../Screenshots/iPhone 6/HIC/STM/AdvantHealth/20191202_004053/11.png]]

2019-12-02 00:42:36 - [TEST_STEP][PASSED] - (internal.GlobalVariable.i++): null

2019-12-02 00:42:36 - [MESSAGE][PASSED] - Call Test Case 'Test Cases/mobileWeb/_include/get_screenshot' successfully

2019-12-02 00:42:36 - [MESSAGE][PASSED] - Call Test Case 'Test Cases/mobileWeb/_include/goToEnd_stm_autofill' successfully]]></system-out>
         <system-err><![CDATA[]]></system-err>
      </testcase>
      <testcase name="Test Cases/HIC/STM/Aspen" classname="Test Cases/HIC/STM/Aspen" status="PASSED">
         <system-out><![CDATA[2019-12-02 00:42:36 - [TEST_CASE][PASSED] - Test Cases/HIC/STM/Aspen: Test Cases/HIC/STM/Aspen

2019-12-02 00:42:36 - [TEST_STEP][PASSED] - callTestCase(findTestCase("HIC/_include/get_hicScreenPath"), ["project":"HIC", "productLine":"STM", "carrierName":"Aspen"], CONTINUE_ON_FAILURE): Call Test Case 'Test Cases/HIC/_include/get_hicScreenPath' successfully

2019-12-02 00:42:36 - [TEST_CASE][PASSED] - Test Cases/HIC/_include/get_hicScreenPath: Test Cases/HIC/_include/get_hicScreenPath

2019-12-02 00:42:36 - [TEST_STEP][PASSED] - m = getExecutionProperties(): null

2019-12-02 00:42:36 - [TEST_STEP][PASSED] - deviceName = get("mobileEmulation").get("deviceName"): null

2019-12-02 00:42:36 - [TEST_STEP][PASSED] - println(deviceName): null

2019-12-02 00:42:36 - [TEST_STEP][PASSED] - now = new java.util.Date(): null

2019-12-02 00:42:36 - [TEST_STEP][PASSED] - mydate = now.format("yyyyMMdd_HHmmss"): null

2019-12-02 00:42:36 - [TEST_STEP][PASSED] - screenPath = "../Screenshots/": null

2019-12-02 00:42:36 - [TEST_STEP][PASSED] - screenPath = screenPath + deviceName + "/" + project + "/" + productLine + "/" + carrierName + "/" + mydate + "/": null

2019-12-02 00:42:36 - [TEST_STEP][PASSED] - println(screenPath): null

2019-12-02 00:42:36 - [MESSAGE][PASSED] - Call Test Case 'Test Cases/HIC/_include/get_hicScreenPath' successfully

2019-12-02 00:42:36 - [TEST_STEP][PASSED] - i = 0: null

2019-12-02 00:42:36 - [TEST_STEP][PASSED] - callTestCase(findTestCase("mobileWeb/_include/openWebSite"), ["env":"https://qa.healthinsurance.com/"], CONTINUE_ON_FAILURE): Call Test Case 'Test Cases/mobileWeb/_include/openWebSite' successfully

2019-12-02 00:42:36 - [TEST_CASE][PASSED] - Test Cases/mobileWeb/_include/openWebSite: Test Cases/mobileWeb/_include/openWebSite

2019-12-02 00:42:36 - [TEST_STEP][PASSED] - openBrowser(env): Browser is opened with url: 'https://qa.healthinsurance.com/'

2019-12-02 00:42:36 - [MESSAGE][WARNING] - A browser is already opened. Closing browser and opening a new one

2019-12-02 00:42:37 - [MESSAGE][INFO] - Starting 'Chrome' driver

2019-12-02 00:42:37 - [MESSAGE][INFO] - User set preference: ['mobileEmulation', '{deviceName=iPhone 6}']

2019-12-02 00:42:37 - [MESSAGE][INFO] - User set preference: ['args', '[--incognito, --aggressive-cache-discard, --window-size=375,677, --no-sandbox]']

2019-12-02 00:42:40 - [MESSAGE][PASSED] - Browser is opened with url: 'https://qa.healthinsurance.com/'

2019-12-02 00:42:40 - [TEST_STEP][PASSED] - waitForPageLoad(20): Wait for page load successfully

2019-12-02 00:42:40 - [MESSAGE][PASSED] - Wait for page load successfully

2019-12-02 00:42:40 - [TEST_STEP][PASSED] - callTestCase(findTestCase("mobileWeb/_include/get_screenshot"), [:], STOP_ON_FAILURE): Call Test Case 'Test Cases/mobileWeb/_include/get_screenshot' successfully

2019-12-02 00:42:40 - [TEST_CASE][PASSED] - Test Cases/mobileWeb/_include/get_screenshot: Test Cases/mobileWeb/_include/get_screenshot

2019-12-02 00:42:40 - [TEST_STEP][PASSED] - takeScreenshot(screenPath + i + ".png"): Taking screenshot successfully

2019-12-02 00:42:40 - [MESSAGE][PASSED] - Taking screenshot successfully
[[ATTACHMENT|D:\\Test\\AgileTest\\Reports\\HIC\\hic\\20191202_002446\\../Screenshots/iPhone 6/HIC/STM/Aspen/20191202_004236/0.png]]

2019-12-02 00:42:40 - [TEST_STEP][PASSED] - (internal.GlobalVariable.i++): null

2019-12-02 00:42:40 - [MESSAGE][PASSED] - Call Test Case 'Test Cases/mobileWeb/_include/get_screenshot' successfully

2019-12-02 00:42:40 - [MESSAGE][PASSED] - Call Test Case 'Test Cases/mobileWeb/_include/openWebSite' successfully

2019-12-02 00:42:40 - [TEST_STEP][PASSED] - click(findTestObject("hic/nav/navButton")): Object: 'Object Repository/hic/nav/navButton' is clicked on

2019-12-02 00:42:40 - [MESSAGE][PASSED] - Object: 'Object Repository/hic/nav/navButton' is clicked on

2019-12-02 00:42:40 - [TEST_STEP][PASSED] - Thread.sleep(2000): null

2019-12-02 00:42:42 - [TEST_STEP][PASSED] - click(findTestObject("hic/nav/stmLink")): Object: 'Object Repository/hic/nav/stmLink' is clicked on

2019-12-02 00:42:42 - [MESSAGE][PASSED] - Object: 'Object Repository/hic/nav/stmLink' is clicked on

2019-12-02 00:42:42 - [TEST_STEP][PASSED] - Thread.sleep(2000): null

2019-12-02 00:42:44 - [TEST_STEP][PASSED] - callTestCase(findTestCase("mobileWeb/_include/get_screenshot"), [:], STOP_ON_FAILURE): Call Test Case 'Test Cases/mobileWeb/_include/get_screenshot' successfully

2019-12-02 00:42:44 - [TEST_CASE][PASSED] - Test Cases/mobileWeb/_include/get_screenshot: Test Cases/mobileWeb/_include/get_screenshot

2019-12-02 00:42:44 - [TEST_STEP][PASSED] - takeScreenshot(screenPath + i + ".png"): Taking screenshot successfully

2019-12-02 00:42:45 - [MESSAGE][PASSED] - Taking screenshot successfully
[[ATTACHMENT|D:\\Test\\AgileTest\\Reports\\HIC\\hic\\20191202_002446\\../Screenshots/iPhone 6/HIC/STM/Aspen/20191202_004236/1.png]]

2019-12-02 00:42:45 - [TEST_STEP][PASSED] - (internal.GlobalVariable.i++): null

2019-12-02 00:42:45 - [MESSAGE][PASSED] - Call Test Case 'Test Cases/mobileWeb/_include/get_screenshot' successfully

2019-12-02 00:42:45 - [TEST_STEP][PASSED] - callTestCase(findTestCase("HIC/_include/stm_census"), ["zipcode":"60602"], STOP_ON_FAILURE): Call Test Case 'Test Cases/HIC/_include/stm_census' successfully

2019-12-02 00:42:45 - [TEST_CASE][PASSED] - Test Cases/HIC/_include/stm_census: Test Cases/HIC/_include/stm_census

2019-12-02 00:42:45 - [TEST_STEP][PASSED] - setText(findTestObject("hic/stm/zip"), zipcode): Text '60602' is set on object 'Object Repository/hic/stm/zip'

2019-12-02 00:42:46 - [MESSAGE][PASSED] - Text '60602' is set on object 'Object Repository/hic/stm/zip'

2019-12-02 00:42:46 - [TEST_STEP][PASSED] - Thread.sleep(500): null

2019-12-02 00:42:46 - [TEST_STEP][PASSED] - setText(findTestObject("hic/stm/primaryDOB"), "03031987"): Text '03031987' is set on object 'Object Repository/hic/stm/primaryDOB'

2019-12-02 00:42:47 - [MESSAGE][PASSED] - Text '03031987' is set on object 'Object Repository/hic/stm/primaryDOB'

2019-12-02 00:42:47 - [TEST_STEP][PASSED] - click(findTestObject("hic/stm/female")): Object: 'Object Repository/hic/stm/female' is clicked on

2019-12-02 00:42:47 - [MESSAGE][PASSED] - Object: 'Object Repository/hic/stm/female' is clicked on

2019-12-02 00:42:47 - [TEST_STEP][PASSED] - Thread.sleep(3000): null

2019-12-02 00:42:50 - [TEST_STEP][PASSED] - click(findTestObject("hic/stm/submitButton")): Object: 'Object Repository/hic/stm/submitButton' is clicked on

2019-12-02 00:42:51 - [MESSAGE][PASSED] - Object: 'Object Repository/hic/stm/submitButton' is clicked on

2019-12-02 00:42:51 - [TEST_STEP][PASSED] - Thread.sleep(6000): null

2019-12-02 00:42:57 - [TEST_STEP][PASSED] - callTestCase(findTestCase("mobileWeb/_include/get_screenshot"), [:], STOP_ON_FAILURE): Call Test Case 'Test Cases/mobileWeb/_include/get_screenshot' successfully

2019-12-02 00:42:57 - [TEST_CASE][PASSED] - Test Cases/mobileWeb/_include/get_screenshot: Test Cases/mobileWeb/_include/get_screenshot

2019-12-02 00:42:57 - [TEST_STEP][PASSED] - takeScreenshot(screenPath + i + ".png"): Taking screenshot successfully

2019-12-02 00:42:57 - [MESSAGE][PASSED] - Taking screenshot successfully
[[ATTACHMENT|D:\\Test\\AgileTest\\Reports\\HIC\\hic\\20191202_002446\\../Screenshots/iPhone 6/HIC/STM/Aspen/20191202_004236/2.png]]

2019-12-02 00:42:57 - [TEST_STEP][PASSED] - (internal.GlobalVariable.i++): null

2019-12-02 00:42:57 - [MESSAGE][PASSED] - Call Test Case 'Test Cases/mobileWeb/_include/get_screenshot' successfully

2019-12-02 00:42:57 - [TEST_STEP][PASSED] - Thread.sleep(1000): null

2019-12-02 00:42:58 - [MESSAGE][PASSED] - Call Test Case 'Test Cases/HIC/_include/stm_census' successfully

2019-12-02 00:42:58 - [TEST_STEP][PASSED] - callTestCase(findTestCase("mobileWeb/_include/filter_stm"), ["carrier":"aspen"], STOP_ON_FAILURE): Call Test Case 'Test Cases/mobileWeb/_include/filter_stm' successfully

2019-12-02 00:42:58 - [TEST_CASE][PASSED] - Test Cases/mobileWeb/_include/filter_stm: Test Cases/mobileWeb/_include/filter_stm

2019-12-02 00:42:58 - [TEST_STEP][PASSED] - driver = getWebDriver(): null

2019-12-02 00:42:58 - [TEST_STEP][PASSED] - selenium = new com.thoughtworks.selenium.webdriven.WebDriverBackedSelenium(driver, internal.GlobalVariable.ENV): null

2019-12-02 00:42:58 - [TEST_STEP][PASSED] - Thread.sleep(1000): null

2019-12-02 00:42:59 - [TEST_STEP][PASSED] - click(findTestObject("mobileSanity/STM/STM Quote Page/button_filters")): Object: 'Object Repository/mobileSanity/STM/STM Quote Page/button_filters' is clicked on

2019-12-02 00:43:00 - [MESSAGE][PASSED] - Object: 'Object Repository/mobileSanity/STM/STM Quote Page/button_filters' is clicked on

2019-12-02 00:43:00 - [TEST_STEP][PASSED] - Thread.sleep(1000): null

2019-12-02 00:43:01 - [TEST_STEP][PASSED] - click(findTestObject("mobileSanity/STM/STM Quote Page/i_Insurance company")): Object: 'Object Repository/mobileSanity/STM/STM Quote Page/i_Insurance company' is clicked on

2019-12-02 00:43:01 - [MESSAGE][PASSED] - Object: 'Object Repository/mobileSanity/STM/STM Quote Page/i_Insurance company' is clicked on

2019-12-02 00:43:01 - [TEST_STEP][PASSED] - Thread.sleep(1000): null

2019-12-02 00:43:02 - [TEST_STEP][PASSED] - filter_carrier = "//input[@name='filter[carrier]' and @value='" + carrier + "']/following::label": null

2019-12-02 00:43:02 - [TEST_STEP][PASSED] - println(filter_carrier): null

2019-12-02 00:43:02 - [TEST_STEP][PASSED] - test.MobileKeywords.clickJS_ByXpath(filter_carrier): test.MobileKeywords.clickJS_ByXpath is PASSED

2019-12-02 00:43:02 - [MESSAGE][PASSED] - Execute JavaScript 'arguments[0].click()' successfully

2019-12-02 00:43:02 - [MESSAGE][PASSED] - test.MobileKeywords.clickJS_ByXpath is PASSED

2019-12-02 00:43:02 - [TEST_STEP][PASSED] - scrollToElement(findTestObject("mobileSanity/STM/STM Quote Page/a_Show Plans"), 1000): Scroll to object 'Object Repository/mobileSanity/STM/STM Quote Page/a_Show Plans' successfully

2019-12-02 00:43:02 - [MESSAGE][PASSED] - Scroll to object 'Object Repository/mobileSanity/STM/STM Quote Page/a_Show Plans' successfully

2019-12-02 00:43:02 - [TEST_STEP][PASSED] - Thread.sleep(2000): null

2019-12-02 00:43:04 - [TEST_STEP][PASSED] - click(findTestObject("mobileSanity/STM/STM Quote Page/a_Show Plans")): Object: 'Object Repository/mobileSanity/STM/STM Quote Page/a_Show Plans' is clicked on

2019-12-02 00:43:05 - [MESSAGE][PASSED] - Object: 'Object Repository/mobileSanity/STM/STM Quote Page/a_Show Plans' is clicked on

2019-12-02 00:43:05 - [TEST_STEP][PASSED] - waitForJQueryLoad(20, STOP_ON_FAILURE): jQuery is ready.

2019-12-02 00:43:05 - [MESSAGE][PASSED] - jQuery is ready.

2019-12-02 00:43:05 - [TEST_STEP][PASSED] - Thread.sleep(2000): null

2019-12-02 00:43:07 - [TEST_STEP][PASSED] - callTestCase(findTestCase("mobileWeb/_include/get_screenshot"), [:], STOP_ON_FAILURE): Call Test Case 'Test Cases/mobileWeb/_include/get_screenshot' successfully

2019-12-02 00:43:07 - [TEST_CASE][PASSED] - Test Cases/mobileWeb/_include/get_screenshot: Test Cases/mobileWeb/_include/get_screenshot

2019-12-02 00:43:07 - [TEST_STEP][PASSED] - takeScreenshot(screenPath + i + ".png"): Taking screenshot successfully

2019-12-02 00:43:07 - [MESSAGE][PASSED] - Taking screenshot successfully
[[ATTACHMENT|D:\\Test\\AgileTest\\Reports\\HIC\\hic\\20191202_002446\\../Screenshots/iPhone 6/HIC/STM/Aspen/20191202_004236/3.png]]

2019-12-02 00:43:07 - [TEST_STEP][PASSED] - (internal.GlobalVariable.i++): null

2019-12-02 00:43:07 - [MESSAGE][PASSED] - Call Test Case 'Test Cases/mobileWeb/_include/get_screenshot' successfully

2019-12-02 00:43:07 - [MESSAGE][PASSED] - Call Test Case 'Test Cases/mobileWeb/_include/filter_stm' successfully

2019-12-02 00:43:07 - [TEST_STEP][PASSED] - callTestCase(findTestCase("mobileWeb/_include/goToDetail_stm"), ["carrier":"aspen"], STOP_ON_FAILURE): Call Test Case 'Test Cases/mobileWeb/_include/goToDetail_stm' successfully

2019-12-02 00:43:07 - [TEST_CASE][PASSED] - Test Cases/mobileWeb/_include/goToDetail_stm: Test Cases/mobileWeb/_include/goToDetail_stm

2019-12-02 00:43:07 - [TEST_STEP][PASSED] - driver = getWebDriver(): null

2019-12-02 00:43:07 - [TEST_STEP][PASSED] - selenium = new com.thoughtworks.selenium.webdriven.WebDriverBackedSelenium(driver, internal.GlobalVariable.ENV): null

2019-12-02 00:43:07 - [TEST_STEP][PASSED] - a_plan_name = "xpath=//a[contains(@href,'/term-health-insurance/plan/" + carrier + "')]": null

2019-12-02 00:43:07 - [TEST_STEP][PASSED] - println(a_plan_name): null

2019-12-02 00:43:07 - [TEST_STEP][PASSED] - selenium.click(a_plan_name): null

2019-12-02 00:43:08 - [TEST_STEP][PASSED] - waitForPageLoad(20): Wait for page load successfully

2019-12-02 00:43:08 - [MESSAGE][PASSED] - Wait for page load successfully

2019-12-02 00:43:08 - [TEST_STEP][PASSED] - Thread.sleep(2000): null

2019-12-02 00:43:10 - [TEST_STEP][PASSED] - callTestCase(findTestCase("mobileWeb/_include/get_screenshot"), [:], STOP_ON_FAILURE): Call Test Case 'Test Cases/mobileWeb/_include/get_screenshot' successfully

2019-12-02 00:43:10 - [TEST_CASE][PASSED] - Test Cases/mobileWeb/_include/get_screenshot: Test Cases/mobileWeb/_include/get_screenshot

2019-12-02 00:43:10 - [TEST_STEP][PASSED] - takeScreenshot(screenPath + i + ".png"): Taking screenshot successfully

2019-12-02 00:43:11 - [MESSAGE][PASSED] - Taking screenshot successfully
[[ATTACHMENT|D:\\Test\\AgileTest\\Reports\\HIC\\hic\\20191202_002446\\../Screenshots/iPhone 6/HIC/STM/Aspen/20191202_004236/4.png]]

2019-12-02 00:43:11 - [TEST_STEP][PASSED] - (internal.GlobalVariable.i++): null

2019-12-02 00:43:11 - [MESSAGE][PASSED] - Call Test Case 'Test Cases/mobileWeb/_include/get_screenshot' successfully

2019-12-02 00:43:11 - [MESSAGE][PASSED] - Call Test Case 'Test Cases/mobileWeb/_include/goToDetail_stm' successfully

2019-12-02 00:43:11 - [TEST_STEP][PASSED] - callTestCase(findTestCase("mobileWeb/_include/apply_stm"), [:], STOP_ON_FAILURE): Call Test Case 'Test Cases/mobileWeb/_include/apply_stm' successfully

2019-12-02 00:43:11 - [TEST_CASE][PASSED] - Test Cases/mobileWeb/_include/apply_stm: Test Cases/mobileWeb/_include/apply_stm

2019-12-02 00:43:11 - [TEST_STEP][PASSED] - waitForElementVisible(findTestObject("mobileSanity/STM/STM PlanDetail Page/a_Apply for This Plan"), 5): Object 'Object Repository/mobileSanity/STM/STM PlanDetail Page/a_Apply for This Plan' is visible

2019-12-02 00:43:11 - [MESSAGE][PASSED] - Object 'Object Repository/mobileSanity/STM/STM PlanDetail Page/a_Apply for This Plan' is visible

2019-12-02 00:43:11 - [TEST_STEP][PASSED] - click(findTestObject("mobileSanity/STM/STM PlanDetail Page/a_Apply for This Plan")): Object: 'Object Repository/mobileSanity/STM/STM PlanDetail Page/a_Apply for This Plan' is clicked on

2019-12-02 00:43:11 - [MESSAGE][PASSED] - Object: 'Object Repository/mobileSanity/STM/STM PlanDetail Page/a_Apply for This Plan' is clicked on

2019-12-02 00:43:11 - [TEST_STEP][PASSED] - waitForPageLoad(10): Wait for page load successfully

2019-12-02 00:43:11 - [MESSAGE][PASSED] - Wait for page load successfully

2019-12-02 00:43:11 - [TEST_STEP][PASSED] - Thread.sleep(2000): null

2019-12-02 00:43:13 - [TEST_STEP][PASSED] - callTestCase(findTestCase("mobileWeb/_include/get_screenshot"), [:], STOP_ON_FAILURE): Call Test Case 'Test Cases/mobileWeb/_include/get_screenshot' successfully

2019-12-02 00:43:13 - [TEST_CASE][PASSED] - Test Cases/mobileWeb/_include/get_screenshot: Test Cases/mobileWeb/_include/get_screenshot

2019-12-02 00:43:13 - [TEST_STEP][PASSED] - takeScreenshot(screenPath + i + ".png"): Taking screenshot successfully

2019-12-02 00:43:14 - [MESSAGE][PASSED] - Taking screenshot successfully
[[ATTACHMENT|D:\\Test\\AgileTest\\Reports\\HIC\\hic\\20191202_002446\\../Screenshots/iPhone 6/HIC/STM/Aspen/20191202_004236/5.png]]

2019-12-02 00:43:14 - [TEST_STEP][PASSED] - (internal.GlobalVariable.i++): null

2019-12-02 00:43:14 - [MESSAGE][PASSED] - Call Test Case 'Test Cases/mobileWeb/_include/get_screenshot' successfully

2019-12-02 00:43:14 - [TEST_STEP][PASSED] - waitForElementVisible(findTestObject("mobileSanity/STM/STM Apply Page/a_Start Secure Application"), 5): Object 'Object Repository/mobileSanity/STM/STM Apply Page/a_Start Secure Application' is visible

2019-12-02 00:43:14 - [MESSAGE][PASSED] - Object 'Object Repository/mobileSanity/STM/STM Apply Page/a_Start Secure Application' is visible

2019-12-02 00:43:14 - [TEST_STEP][PASSED] - click(findTestObject("mobileSanity/STM/STM Apply Page/a_Start Secure Application")): Object: 'Object Repository/mobileSanity/STM/STM Apply Page/a_Start Secure Application' is clicked on

2019-12-02 00:43:14 - [MESSAGE][PASSED] - Object: 'Object Repository/mobileSanity/STM/STM Apply Page/a_Start Secure Application' is clicked on

2019-12-02 00:43:14 - [TEST_STEP][PASSED] - waitForPageLoad(20): Wait for page load successfully

2019-12-02 00:43:15 - [MESSAGE][PASSED] - Wait for page load successfully

2019-12-02 00:43:15 - [TEST_STEP][PASSED] - Thread.sleep(2000): null

2019-12-02 00:43:17 - [TEST_STEP][PASSED] - callTestCase(findTestCase("mobileWeb/_include/get_screenshot"), [:], STOP_ON_FAILURE): Call Test Case 'Test Cases/mobileWeb/_include/get_screenshot' successfully

2019-12-02 00:43:17 - [TEST_CASE][PASSED] - Test Cases/mobileWeb/_include/get_screenshot: Test Cases/mobileWeb/_include/get_screenshot

2019-12-02 00:43:17 - [TEST_STEP][PASSED] - takeScreenshot(screenPath + i + ".png"): Taking screenshot successfully

2019-12-02 00:43:17 - [MESSAGE][PASSED] - Taking screenshot successfully
[[ATTACHMENT|D:\\Test\\AgileTest\\Reports\\HIC\\hic\\20191202_002446\\../Screenshots/iPhone 6/HIC/STM/Aspen/20191202_004236/6.png]]

2019-12-02 00:43:17 - [TEST_STEP][PASSED] - (internal.GlobalVariable.i++): null

2019-12-02 00:43:17 - [MESSAGE][PASSED] - Call Test Case 'Test Cases/mobileWeb/_include/get_screenshot' successfully

2019-12-02 00:43:17 - [MESSAGE][PASSED] - Call Test Case 'Test Cases/mobileWeb/_include/apply_stm' successfully

2019-12-02 00:43:17 - [TEST_STEP][PASSED] - callTestCase(findTestCase("mobileWeb/_include/goToEnd_stm_autofill"), [:], STOP_ON_FAILURE): Call Test Case 'Test Cases/mobileWeb/_include/goToEnd_stm_autofill' successfully

2019-12-02 00:43:18 - [TEST_CASE][PASSED] - Test Cases/mobileWeb/_include/goToEnd_stm_autofill: Test Cases/mobileWeb/_include/goToEnd_stm_autofill

2019-12-02 00:43:18 - [TEST_STEP][PASSED] - callTestCase(findTestCase("mobileWeb/_include/name"), [:], CONTINUE_ON_FAILURE): Call Test Case 'Test Cases/mobileWeb/_include/name' successfully

2019-12-02 00:43:18 - [TEST_CASE][PASSED] - Test Cases/mobileWeb/_include/name: Test Cases/mobileWeb/_include/name

2019-12-02 00:43:18 - [TEST_STEP][PASSED] - driver = getWebDriver(): null

2019-12-02 00:43:18 - [TEST_STEP][PASSED] - selenium = new com.thoughtworks.selenium.webdriven.WebDriverBackedSelenium(driver, internal.GlobalVariable.ENV): null

2019-12-02 00:43:18 - [TEST_STEP][PASSED] - FirstName = "Test-123": null

2019-12-02 00:43:18 - [TEST_STEP][PASSED] - LastName = selenium.getEval("{var x="ABCDEFGHIJKLMNOPQRSTUVWXYZabcdefghijklmnopqrstuvwxyz"; var tmp="ZZ11-"; for (i=0;i<8;i++) tmp+=x.charAt(Math.ceil(51*Math.random()));tmp;}"): null

2019-12-02 00:43:18 - [TEST_STEP][PASSED] - Address = selenium.getEval("{var x="ABCDEFGHIJKLMNOPQRSTUVWXYZabcdefghijklmnopqrstuvwxyz"; var tmp=""; for (i=0;i<8;i++) tmp+=x.charAt(Math.ceil(51*Math.random()));tmp;}"): null

2019-12-02 00:43:18 - [TEST_STEP][PASSED] - City = selenium.getEval("{var x="ABCDEFGHIJKLMNOPQRSTUVWXYZabcdefghijklmnopqrstuvwxyz"; var tmp=""; for (i=0;i<8;i++) tmp+=x.charAt(Math.ceil(51*Math.random()));tmp;}"): null

2019-12-02 00:43:18 - [TEST_STEP][PASSED] - tel1 = selenium.getEval("{var x="123456789"; var tmp=""; for (i=0;i<3;i++) tmp+=x.charAt(Math.ceil(8*Math.random()));tmp;}"): null

2019-12-02 00:43:18 - [TEST_STEP][PASSED] - tel2 = selenium.getEval("{var x="123456789"; var tmp=""; for (i=0;i<3;i++) tmp+=x.charAt(Math.ceil(8*Math.random()));tmp;}"): null

2019-12-02 00:43:18 - [TEST_STEP][PASSED] - tel3 = selenium.getEval("{var x="123456789"; var tmp=""; for (i=0;i<4;i++) tmp+=x.charAt(Math.ceil(8*Math.random()));tmp;}"): null

2019-12-02 00:43:18 - [TEST_STEP][PASSED] - Tel = selenium.getExpression(tel1 + "-" + tel2 + "-" + tel3): null

2019-12-02 00:43:18 - [TEST_STEP][PASSED] - AutoEmail = selenium.getEval("{var x="ABCDEFGHIJKLMNOPQRSTUVWXYZabcdefghijklmnopqrstuvwxyz"; var tmp="test."; for (i=0;i<8;i++) tmp+=x.charAt(Math.ceil(51*Math.random()));tmp+="@suryani.cn";}"): null

2019-12-02 00:43:18 - [TEST_STEP][PASSED] - FirstName = FirstName: null

2019-12-02 00:43:18 - [TEST_STEP][PASSED] - LastName = LastName: null

2019-12-02 00:43:18 - [TEST_STEP][PASSED] - Address = Address: null

2019-12-02 00:43:18 - [TEST_STEP][PASSED] - City = City: null

2019-12-02 00:43:18 - [TEST_STEP][PASSED] - Tel = Tel: null

2019-12-02 00:43:18 - [TEST_STEP][PASSED] - AutoEmail = AutoEmail: null

2019-12-02 00:43:18 - [TEST_STEP][PASSED] - println(FirstName): null

2019-12-02 00:43:18 - [TEST_STEP][PASSED] - println(LastName): null

2019-12-02 00:43:18 - [TEST_STEP][PASSED] - println(Address): null

2019-12-02 00:43:18 - [TEST_STEP][PASSED] - println(City): null

2019-12-02 00:43:18 - [TEST_STEP][PASSED] - println(Tel): null

2019-12-02 00:43:18 - [TEST_STEP][PASSED] - println(AutoEmail): null

2019-12-02 00:43:18 - [MESSAGE][PASSED] - Call Test Case 'Test Cases/mobileWeb/_include/name' successfully

2019-12-02 00:43:18 - [TEST_STEP][FAILED] - try: Unable to verify text 'Month Duration Acknowledgement' is present  (Root cause: com.kms.katalon.core.exception.StepFailedException: Text 'Month Duration Acknowledgement' is not present on page )

2019-12-02 00:43:18 - [TEST_STEP][FAILED] - if (verifyTextPresent("Month Duration Acknowledgement", false)): Unable to verify text 'Month Duration Acknowledgement' is present  (Root cause: com.kms.katalon.core.exception.StepFailedException: Text 'Month Duration Acknowledgement' is not present on page )

2019-12-02 00:43:18 - [MESSAGE][FAILED] - Text 'Month Duration Acknowledgement' is not present on page 

2019-12-02 00:43:19 - [MESSAGE][FAILED] - Unable to verify text 'Month Duration Acknowledgement' is present  (Root cause: com.kms.katalon.core.exception.StepFailedException: Text 'Month Duration Acknowledgement' is not present on page )
[[ATTACHMENT|D:\\Test\\AgileTest\\Reports\\HIC\\hic\\20191202_002446\\1575265398723.png]]

2019-12-02 00:43:19 - [TEST_STEP][PASSED] - catch (Exception e): null

2019-12-02 00:43:19 - [TEST_STEP][PASSED] - println("no consecutive"): null

2019-12-02 00:43:19 - [TEST_STEP][PASSED] - waitForPageLoad(10): Wait for page load successfully

2019-12-02 00:43:19 - [MESSAGE][PASSED] - Wait for page load successfully

2019-12-02 00:43:19 - [TEST_STEP][PASSED] - Thread.sleep(3000): null

2019-12-02 00:43:22 - [TEST_STEP][PASSED] - waitForElementVisible(findTestObject("mobileSanity/STM/Page_App Page 1/a_Autofill App Info"), 20): Object 'Object Repository/mobileSanity/STM/Page_App Page 1/a_Autofill App Info' is visible

2019-12-02 00:43:22 - [MESSAGE][PASSED] - Object 'Object Repository/mobileSanity/STM/Page_App Page 1/a_Autofill App Info' is visible

2019-12-02 00:43:22 - [TEST_STEP][PASSED] - click(findTestObject("mobileSanity/STM/Page_App Page 1/a_Autofill App Info")): Object: 'Object Repository/mobileSanity/STM/Page_App Page 1/a_Autofill App Info' is clicked on

2019-12-02 00:43:22 - [MESSAGE][PASSED] - Object: 'Object Repository/mobileSanity/STM/Page_App Page 1/a_Autofill App Info' is clicked on

2019-12-02 00:43:22 - [TEST_STEP][PASSED] - Thread.sleep(1000): null

2019-12-02 00:43:23 - [TEST_STEP][PASSED] - click(findTestObject("mobileSanity/STM/Page_App Page 1/a_Autofill App Info")): Object: 'Object Repository/mobileSanity/STM/Page_App Page 1/a_Autofill App Info' is clicked on

2019-12-02 00:43:23 - [MESSAGE][PASSED] - Object: 'Object Repository/mobileSanity/STM/Page_App Page 1/a_Autofill App Info' is clicked on

2019-12-02 00:43:23 - [TEST_STEP][PASSED] - Thread.sleep(1000): null

2019-12-02 00:43:24 - [TEST_STEP][PASSED] - waitForElementVisible(findTestObject("mobileSanity/STM/Page_App Page 1/a_Continue"), 20): Object 'Object Repository/mobileSanity/STM/Page_App Page 1/a_Continue' is visible

2019-12-02 00:43:24 - [MESSAGE][PASSED] - Object 'Object Repository/mobileSanity/STM/Page_App Page 1/a_Continue' is visible

2019-12-02 00:43:24 - [TEST_STEP][PASSED] - click(findTestObject("mobileSanity/STM/Page_App Page 1/a_Continue")): Object: 'Object Repository/mobileSanity/STM/Page_App Page 1/a_Continue' is clicked on

2019-12-02 00:43:24 - [MESSAGE][PASSED] - Object: 'Object Repository/mobileSanity/STM/Page_App Page 1/a_Continue' is clicked on

2019-12-02 00:43:24 - [TEST_STEP][PASSED] - waitForPageLoad(20): Wait for page load successfully

2019-12-02 00:43:24 - [MESSAGE][PASSED] - Wait for page load successfully

2019-12-02 00:43:24 - [TEST_STEP][PASSED] - Thread.sleep(5000): null

2019-12-02 00:43:29 - [TEST_STEP][PASSED] - callTestCase(findTestCase("mobileWeb/_include/get_screenshot"), [:], STOP_ON_FAILURE): Call Test Case 'Test Cases/mobileWeb/_include/get_screenshot' successfully

2019-12-02 00:43:29 - [TEST_CASE][PASSED] - Test Cases/mobileWeb/_include/get_screenshot: Test Cases/mobileWeb/_include/get_screenshot

2019-12-02 00:43:29 - [TEST_STEP][PASSED] - takeScreenshot(screenPath + i + ".png"): Taking screenshot successfully

2019-12-02 00:43:30 - [MESSAGE][PASSED] - Taking screenshot successfully
[[ATTACHMENT|D:\\Test\\AgileTest\\Reports\\HIC\\hic\\20191202_002446\\../Screenshots/iPhone 6/HIC/STM/Aspen/20191202_004236/7.png]]

2019-12-02 00:43:30 - [TEST_STEP][PASSED] - (internal.GlobalVariable.i++): null

2019-12-02 00:43:30 - [MESSAGE][PASSED] - Call Test Case 'Test Cases/mobileWeb/_include/get_screenshot' successfully

2019-12-02 00:43:30 - [TEST_STEP][PASSED] - click(findTestObject("mobileSanity/STM/Page_App Page 2/a_Continue to Step 3 - Payment")): Object: 'Object Repository/mobileSanity/STM/Page_App Page 2/a_Continue to Step 3 - Payment' is clicked on

2019-12-02 00:43:30 - [MESSAGE][PASSED] - Object: 'Object Repository/mobileSanity/STM/Page_App Page 2/a_Continue to Step 3 - Payment' is clicked on

2019-12-02 00:43:30 - [TEST_STEP][PASSED] - waitForPageLoad(20): Wait for page load successfully

2019-12-02 00:43:30 - [MESSAGE][PASSED] - Wait for page load successfully

2019-12-02 00:43:30 - [TEST_STEP][PASSED] - waitForElementVisible(findTestObject("mobileSanity/STM/Page_App Page 3/input__credit-card-cvv"), 20): Object 'Object Repository/mobileSanity/STM/Page_App Page 3/input__credit-card-cvv' is visible

2019-12-02 00:43:30 - [MESSAGE][PASSED] - Object 'Object Repository/mobileSanity/STM/Page_App Page 3/input__credit-card-cvv' is visible

2019-12-02 00:43:30 - [TEST_STEP][PASSED] - Thread.sleep(2000): null

2019-12-02 00:43:32 - [TEST_STEP][PASSED] - callTestCase(findTestCase("mobileWeb/_include/get_screenshot"), [:], STOP_ON_FAILURE): Call Test Case 'Test Cases/mobileWeb/_include/get_screenshot' successfully

2019-12-02 00:43:32 - [TEST_CASE][PASSED] - Test Cases/mobileWeb/_include/get_screenshot: Test Cases/mobileWeb/_include/get_screenshot

2019-12-02 00:43:32 - [TEST_STEP][PASSED] - takeScreenshot(screenPath + i + ".png"): Taking screenshot successfully

2019-12-02 00:43:32 - [MESSAGE][PASSED] - Taking screenshot successfully
[[ATTACHMENT|D:\\Test\\AgileTest\\Reports\\HIC\\hic\\20191202_002446\\../Screenshots/iPhone 6/HIC/STM/Aspen/20191202_004236/8.png]]

2019-12-02 00:43:32 - [TEST_STEP][PASSED] - (internal.GlobalVariable.i++): null

2019-12-02 00:43:32 - [MESSAGE][PASSED] - Call Test Case 'Test Cases/mobileWeb/_include/get_screenshot' successfully

2019-12-02 00:43:32 - [TEST_STEP][PASSED] - clearText(findTestObject("mobileSanity/STM/Page_App Page 3/input__credit-card-cvv")): Text of object 'Object Repository/mobileSanity/STM/Page_App Page 3/input__credit-card-cvv' is cleared

2019-12-02 00:43:33 - [MESSAGE][PASSED] - Text of object 'Object Repository/mobileSanity/STM/Page_App Page 3/input__credit-card-cvv' is cleared

2019-12-02 00:43:33 - [TEST_STEP][PASSED] - setText(findTestObject("mobileSanity/STM/Page_App Page 3/input__credit-card-cvv"), "123"): Text '123' is set on object 'Object Repository/mobileSanity/STM/Page_App Page 3/input__credit-card-cvv'

2019-12-02 00:43:33 - [MESSAGE][PASSED] - Text '123' is set on object 'Object Repository/mobileSanity/STM/Page_App Page 3/input__credit-card-cvv'

2019-12-02 00:43:33 - [TEST_STEP][PASSED] - click(findTestObject("mobileSanity/STM/Page_App Page 3/label_I Accept Authorization f")): Object: 'Object Repository/mobileSanity/STM/Page_App Page 3/label_I Accept Authorization f' is clicked on

2019-12-02 00:43:33 - [MESSAGE][PASSED] - Object: 'Object Repository/mobileSanity/STM/Page_App Page 3/label_I Accept Authorization f' is clicked on

2019-12-02 00:43:33 - [TEST_STEP][PASSED] - click(findTestObject("mobileSanity/STM/Page_App Page 3/a_Continue to Step 4 - Review")): Object: 'Object Repository/mobileSanity/STM/Page_App Page 3/a_Continue to Step 4 - Review' is clicked on

2019-12-02 00:43:33 - [MESSAGE][PASSED] - Object: 'Object Repository/mobileSanity/STM/Page_App Page 3/a_Continue to Step 4 - Review' is clicked on

2019-12-02 00:43:33 - [TEST_STEP][PASSED] - waitForPageLoad(10): Wait for page load successfully

2019-12-02 00:43:33 - [MESSAGE][PASSED] - Wait for page load successfully

2019-12-02 00:43:33 - [TEST_STEP][PASSED] - waitForElementClickable(findTestObject("mobileSanity/STM/Page_App Page 4/label"), 10): Object 'Object Repository/mobileSanity/STM/Page_App Page 4/label' is clickable

2019-12-02 00:43:34 - [MESSAGE][PASSED] - Object 'Object Repository/mobileSanity/STM/Page_App Page 4/label' is clickable

2019-12-02 00:43:34 - [TEST_STEP][PASSED] - Thread.sleep(2000): null

2019-12-02 00:43:36 - [TEST_STEP][PASSED] - callTestCase(findTestCase("mobileWeb/_include/get_screenshot"), [:], STOP_ON_FAILURE): Call Test Case 'Test Cases/mobileWeb/_include/get_screenshot' successfully

2019-12-02 00:43:36 - [TEST_CASE][PASSED] - Test Cases/mobileWeb/_include/get_screenshot: Test Cases/mobileWeb/_include/get_screenshot

2019-12-02 00:43:36 - [TEST_STEP][PASSED] - takeScreenshot(screenPath + i + ".png"): Taking screenshot successfully

2019-12-02 00:43:36 - [MESSAGE][PASSED] - Taking screenshot successfully
[[ATTACHMENT|D:\\Test\\AgileTest\\Reports\\HIC\\hic\\20191202_002446\\../Screenshots/iPhone 6/HIC/STM/Aspen/20191202_004236/9.png]]

2019-12-02 00:43:36 - [TEST_STEP][PASSED] - (internal.GlobalVariable.i++): null

2019-12-02 00:43:36 - [MESSAGE][PASSED] - Call Test Case 'Test Cases/mobileWeb/_include/get_screenshot' successfully

2019-12-02 00:43:36 - [TEST_STEP][PASSED] - click(findTestObject("mobileSanity/STM/Page_App Page 4/label")): Object: 'Object Repository/mobileSanity/STM/Page_App Page 4/label' is clicked on

2019-12-02 00:43:36 - [MESSAGE][PASSED] - Object: 'Object Repository/mobileSanity/STM/Page_App Page 4/label' is clicked on

2019-12-02 00:43:36 - [TEST_STEP][PASSED] - click(findTestObject("mobileSanity/STM/Page_App Page 4/div_CLICK TO SIGN")): Object: 'Object Repository/mobileSanity/STM/Page_App Page 4/div_CLICK TO SIGN' is clicked on

2019-12-02 00:43:36 - [MESSAGE][PASSED] - Object: 'Object Repository/mobileSanity/STM/Page_App Page 4/div_CLICK TO SIGN' is clicked on

2019-12-02 00:43:36 - [TEST_STEP][PASSED] - click(findTestObject("mobileSanity/STM/Page_App Page 4/a_Submit Your Application")): Object: 'Object Repository/mobileSanity/STM/Page_App Page 4/a_Submit Your Application' is clicked on

2019-12-02 00:43:36 - [MESSAGE][PASSED] - Object: 'Object Repository/mobileSanity/STM/Page_App Page 4/a_Submit Your Application' is clicked on

2019-12-02 00:43:36 - [TEST_STEP][PASSED] - Thread.sleep(30000): null

2019-12-02 00:44:06 - [TEST_STEP][PASSED] - waitForElementPresent(findTestObject("mobileSanity/STM/Page_App Page 6/app-page-wrapper"), 20): Object 'Object Repository/mobileSanity/STM/Page_App Page 6/app-page-wrapper' is present

2019-12-02 00:44:06 - [MESSAGE][PASSED] - Object 'Object Repository/mobileSanity/STM/Page_App Page 6/app-page-wrapper' is present

2019-12-02 00:44:06 - [TEST_STEP][PASSED] - callTestCase(findTestCase("mobileWeb/_include/get_screenshot"), [:], STOP_ON_FAILURE): Call Test Case 'Test Cases/mobileWeb/_include/get_screenshot' successfully

2019-12-02 00:44:06 - [TEST_CASE][PASSED] - Test Cases/mobileWeb/_include/get_screenshot: Test Cases/mobileWeb/_include/get_screenshot

2019-12-02 00:44:06 - [TEST_STEP][PASSED] - takeScreenshot(screenPath + i + ".png"): Taking screenshot successfully

2019-12-02 00:44:07 - [MESSAGE][PASSED] - Taking screenshot successfully
[[ATTACHMENT|D:\\Test\\AgileTest\\Reports\\HIC\\hic\\20191202_002446\\../Screenshots/iPhone 6/HIC/STM/Aspen/20191202_004236/10.png]]

2019-12-02 00:44:07 - [TEST_STEP][PASSED] - (internal.GlobalVariable.i++): null

2019-12-02 00:44:07 - [MESSAGE][PASSED] - Call Test Case 'Test Cases/mobileWeb/_include/get_screenshot' successfully

2019-12-02 00:44:07 - [MESSAGE][PASSED] - Call Test Case 'Test Cases/mobileWeb/_include/goToEnd_stm_autofill' successfully]]></system-out>
         <system-err><![CDATA[]]></system-err>
      </testcase>
      <testcase name="Test Cases/HIC/STM/Companion" classname="Test Cases/HIC/STM/Companion" status="PASSED">
         <system-out><![CDATA[2019-12-02 00:44:07 - [TEST_CASE][PASSED] - Test Cases/HIC/STM/Companion: Test Cases/HIC/STM/Companion

2019-12-02 00:44:07 - [TEST_STEP][PASSED] - callTestCase(findTestCase("HIC/_include/get_hicScreenPath"), ["project":"HIC", "productLine":"STM", "carrierName":"Companion"], CONTINUE_ON_FAILURE): Call Test Case 'Test Cases/HIC/_include/get_hicScreenPath' successfully

2019-12-02 00:44:07 - [TEST_CASE][PASSED] - Test Cases/HIC/_include/get_hicScreenPath: Test Cases/HIC/_include/get_hicScreenPath

2019-12-02 00:44:07 - [TEST_STEP][PASSED] - m = getExecutionProperties(): null

2019-12-02 00:44:07 - [TEST_STEP][PASSED] - deviceName = get("mobileEmulation").get("deviceName"): null

2019-12-02 00:44:07 - [TEST_STEP][PASSED] - println(deviceName): null

2019-12-02 00:44:07 - [TEST_STEP][PASSED] - now = new java.util.Date(): null

2019-12-02 00:44:07 - [TEST_STEP][PASSED] - mydate = now.format("yyyyMMdd_HHmmss"): null

2019-12-02 00:44:07 - [TEST_STEP][PASSED] - screenPath = "../Screenshots/": null

2019-12-02 00:44:07 - [TEST_STEP][PASSED] - screenPath = screenPath + deviceName + "/" + project + "/" + productLine + "/" + carrierName + "/" + mydate + "/": null

2019-12-02 00:44:07 - [TEST_STEP][PASSED] - println(screenPath): null

2019-12-02 00:44:07 - [MESSAGE][PASSED] - Call Test Case 'Test Cases/HIC/_include/get_hicScreenPath' successfully

2019-12-02 00:44:07 - [TEST_STEP][PASSED] - i = 0: null

2019-12-02 00:44:07 - [TEST_STEP][PASSED] - callTestCase(findTestCase("mobileWeb/_include/openWebSite"), ["env":"https://qa.healthinsurance.com/"], CONTINUE_ON_FAILURE): Call Test Case 'Test Cases/mobileWeb/_include/openWebSite' successfully

2019-12-02 00:44:07 - [TEST_CASE][PASSED] - Test Cases/mobileWeb/_include/openWebSite: Test Cases/mobileWeb/_include/openWebSite

2019-12-02 00:44:07 - [TEST_STEP][PASSED] - openBrowser(env): Browser is opened with url: 'https://qa.healthinsurance.com/'

2019-12-02 00:44:07 - [MESSAGE][WARNING] - A browser is already opened. Closing browser and opening a new one

2019-12-02 00:44:08 - [MESSAGE][INFO] - Starting 'Chrome' driver

2019-12-02 00:44:08 - [MESSAGE][INFO] - User set preference: ['mobileEmulation', '{deviceName=iPhone 6}']

2019-12-02 00:44:08 - [MESSAGE][INFO] - User set preference: ['args', '[--incognito, --aggressive-cache-discard, --window-size=375,677, --no-sandbox]']

2019-12-02 00:44:10 - [MESSAGE][PASSED] - Browser is opened with url: 'https://qa.healthinsurance.com/'

2019-12-02 00:44:10 - [TEST_STEP][PASSED] - waitForPageLoad(20): Wait for page load successfully

2019-12-02 00:44:10 - [MESSAGE][PASSED] - Wait for page load successfully

2019-12-02 00:44:10 - [TEST_STEP][PASSED] - callTestCase(findTestCase("mobileWeb/_include/get_screenshot"), [:], STOP_ON_FAILURE): Call Test Case 'Test Cases/mobileWeb/_include/get_screenshot' successfully

2019-12-02 00:44:10 - [TEST_CASE][PASSED] - Test Cases/mobileWeb/_include/get_screenshot: Test Cases/mobileWeb/_include/get_screenshot

2019-12-02 00:44:10 - [TEST_STEP][PASSED] - takeScreenshot(screenPath + i + ".png"): Taking screenshot successfully

2019-12-02 00:44:11 - [MESSAGE][PASSED] - Taking screenshot successfully
[[ATTACHMENT|D:\\Test\\AgileTest\\Reports\\HIC\\hic\\20191202_002446\\../Screenshots/iPhone 6/HIC/STM/Companion/20191202_004407/0.png]]

2019-12-02 00:44:11 - [TEST_STEP][PASSED] - (internal.GlobalVariable.i++): null

2019-12-02 00:44:11 - [MESSAGE][PASSED] - Call Test Case 'Test Cases/mobileWeb/_include/get_screenshot' successfully

2019-12-02 00:44:11 - [MESSAGE][PASSED] - Call Test Case 'Test Cases/mobileWeb/_include/openWebSite' successfully

2019-12-02 00:44:11 - [TEST_STEP][PASSED] - click(findTestObject("hic/nav/navButton")): Object: 'Object Repository/hic/nav/navButton' is clicked on

2019-12-02 00:44:11 - [MESSAGE][PASSED] - Object: 'Object Repository/hic/nav/navButton' is clicked on

2019-12-02 00:44:11 - [TEST_STEP][PASSED] - Thread.sleep(2000): null

2019-12-02 00:44:13 - [TEST_STEP][PASSED] - click(findTestObject("hic/nav/stmLink")): Object: 'Object Repository/hic/nav/stmLink' is clicked on

2019-12-02 00:44:13 - [MESSAGE][PASSED] - Object: 'Object Repository/hic/nav/stmLink' is clicked on

2019-12-02 00:44:13 - [TEST_STEP][PASSED] - Thread.sleep(2000): null

2019-12-02 00:44:15 - [TEST_STEP][PASSED] - callTestCase(findTestCase("mobileWeb/_include/get_screenshot"), [:], STOP_ON_FAILURE): Call Test Case 'Test Cases/mobileWeb/_include/get_screenshot' successfully

2019-12-02 00:44:15 - [TEST_CASE][PASSED] - Test Cases/mobileWeb/_include/get_screenshot: Test Cases/mobileWeb/_include/get_screenshot

2019-12-02 00:44:15 - [TEST_STEP][PASSED] - takeScreenshot(screenPath + i + ".png"): Taking screenshot successfully

2019-12-02 00:44:15 - [MESSAGE][PASSED] - Taking screenshot successfully
[[ATTACHMENT|D:\\Test\\AgileTest\\Reports\\HIC\\hic\\20191202_002446\\../Screenshots/iPhone 6/HIC/STM/Companion/20191202_004407/1.png]]

2019-12-02 00:44:15 - [TEST_STEP][PASSED] - (internal.GlobalVariable.i++): null

2019-12-02 00:44:15 - [MESSAGE][PASSED] - Call Test Case 'Test Cases/mobileWeb/_include/get_screenshot' successfully

2019-12-02 00:44:15 - [TEST_STEP][PASSED] - callTestCase(findTestCase("HIC/_include/stm_census"), ["zipcode":"35215"], STOP_ON_FAILURE): Call Test Case 'Test Cases/HIC/_include/stm_census' successfully

2019-12-02 00:44:15 - [TEST_CASE][PASSED] - Test Cases/HIC/_include/stm_census: Test Cases/HIC/_include/stm_census

2019-12-02 00:44:15 - [TEST_STEP][PASSED] - setText(findTestObject("hic/stm/zip"), zipcode): Text '35215' is set on object 'Object Repository/hic/stm/zip'

2019-12-02 00:44:15 - [MESSAGE][PASSED] - Text '35215' is set on object 'Object Repository/hic/stm/zip'

2019-12-02 00:44:15 - [TEST_STEP][PASSED] - Thread.sleep(500): null

2019-12-02 00:44:16 - [TEST_STEP][PASSED] - setText(findTestObject("hic/stm/primaryDOB"), "03031987"): Text '03031987' is set on object 'Object Repository/hic/stm/primaryDOB'

2019-12-02 00:44:16 - [MESSAGE][PASSED] - Text '03031987' is set on object 'Object Repository/hic/stm/primaryDOB'

2019-12-02 00:44:16 - [TEST_STEP][PASSED] - click(findTestObject("hic/stm/female")): Object: 'Object Repository/hic/stm/female' is clicked on

2019-12-02 00:44:16 - [MESSAGE][PASSED] - Object: 'Object Repository/hic/stm/female' is clicked on

2019-12-02 00:44:16 - [TEST_STEP][PASSED] - Thread.sleep(3000): null

2019-12-02 00:44:19 - [TEST_STEP][PASSED] - click(findTestObject("hic/stm/submitButton")): Object: 'Object Repository/hic/stm/submitButton' is clicked on

2019-12-02 00:44:21 - [MESSAGE][PASSED] - Object: 'Object Repository/hic/stm/submitButton' is clicked on

2019-12-02 00:44:21 - [TEST_STEP][PASSED] - Thread.sleep(6000): null

2019-12-02 00:44:27 - [TEST_STEP][PASSED] - callTestCase(findTestCase("mobileWeb/_include/get_screenshot"), [:], STOP_ON_FAILURE): Call Test Case 'Test Cases/mobileWeb/_include/get_screenshot' successfully

2019-12-02 00:44:27 - [TEST_CASE][PASSED] - Test Cases/mobileWeb/_include/get_screenshot: Test Cases/mobileWeb/_include/get_screenshot

2019-12-02 00:44:27 - [TEST_STEP][PASSED] - takeScreenshot(screenPath + i + ".png"): Taking screenshot successfully

2019-12-02 00:44:27 - [MESSAGE][PASSED] - Taking screenshot successfully
[[ATTACHMENT|D:\\Test\\AgileTest\\Reports\\HIC\\hic\\20191202_002446\\../Screenshots/iPhone 6/HIC/STM/Companion/20191202_004407/2.png]]

2019-12-02 00:44:27 - [TEST_STEP][PASSED] - (internal.GlobalVariable.i++): null

2019-12-02 00:44:27 - [MESSAGE][PASSED] - Call Test Case 'Test Cases/mobileWeb/_include/get_screenshot' successfully

2019-12-02 00:44:27 - [TEST_STEP][PASSED] - Thread.sleep(1000): null

2019-12-02 00:44:28 - [MESSAGE][PASSED] - Call Test Case 'Test Cases/HIC/_include/stm_census' successfully

2019-12-02 00:44:28 - [TEST_STEP][PASSED] - callTestCase(findTestCase("mobileWeb/_include/filter_stm"), ["carrier":"pivotcompanion"], STOP_ON_FAILURE): Call Test Case 'Test Cases/mobileWeb/_include/filter_stm' successfully

2019-12-02 00:44:28 - [TEST_CASE][PASSED] - Test Cases/mobileWeb/_include/filter_stm: Test Cases/mobileWeb/_include/filter_stm

2019-12-02 00:44:28 - [TEST_STEP][PASSED] - driver = getWebDriver(): null

2019-12-02 00:44:28 - [TEST_STEP][PASSED] - selenium = new com.thoughtworks.selenium.webdriven.WebDriverBackedSelenium(driver, internal.GlobalVariable.ENV): null

2019-12-02 00:44:28 - [TEST_STEP][PASSED] - Thread.sleep(1000): null

2019-12-02 00:44:29 - [TEST_STEP][PASSED] - click(findTestObject("mobileSanity/STM/STM Quote Page/button_filters")): Object: 'Object Repository/mobileSanity/STM/STM Quote Page/button_filters' is clicked on

2019-12-02 00:44:29 - [MESSAGE][PASSED] - Object: 'Object Repository/mobileSanity/STM/STM Quote Page/button_filters' is clicked on

2019-12-02 00:44:29 - [TEST_STEP][PASSED] - Thread.sleep(1000): null

2019-12-02 00:44:30 - [TEST_STEP][PASSED] - click(findTestObject("mobileSanity/STM/STM Quote Page/i_Insurance company")): Object: 'Object Repository/mobileSanity/STM/STM Quote Page/i_Insurance company' is clicked on

2019-12-02 00:44:30 - [MESSAGE][PASSED] - Object: 'Object Repository/mobileSanity/STM/STM Quote Page/i_Insurance company' is clicked on

2019-12-02 00:44:30 - [TEST_STEP][PASSED] - Thread.sleep(1000): null

2019-12-02 00:44:31 - [TEST_STEP][PASSED] - filter_carrier = "//input[@name='filter[carrier]' and @value='" + carrier + "']/following::label": null

2019-12-02 00:44:31 - [TEST_STEP][PASSED] - println(filter_carrier): null

2019-12-02 00:44:31 - [TEST_STEP][PASSED] - test.MobileKeywords.clickJS_ByXpath(filter_carrier): test.MobileKeywords.clickJS_ByXpath is PASSED

2019-12-02 00:44:31 - [MESSAGE][PASSED] - Execute JavaScript 'arguments[0].click()' successfully

2019-12-02 00:44:31 - [MESSAGE][PASSED] - test.MobileKeywords.clickJS_ByXpath is PASSED

2019-12-02 00:44:31 - [TEST_STEP][PASSED] - scrollToElement(findTestObject("mobileSanity/STM/STM Quote Page/a_Show Plans"), 1000): Scroll to object 'Object Repository/mobileSanity/STM/STM Quote Page/a_Show Plans' successfully

2019-12-02 00:44:32 - [MESSAGE][PASSED] - Scroll to object 'Object Repository/mobileSanity/STM/STM Quote Page/a_Show Plans' successfully

2019-12-02 00:44:32 - [TEST_STEP][PASSED] - Thread.sleep(2000): null

2019-12-02 00:44:34 - [TEST_STEP][PASSED] - click(findTestObject("mobileSanity/STM/STM Quote Page/a_Show Plans")): Object: 'Object Repository/mobileSanity/STM/STM Quote Page/a_Show Plans' is clicked on

2019-12-02 00:44:34 - [MESSAGE][PASSED] - Object: 'Object Repository/mobileSanity/STM/STM Quote Page/a_Show Plans' is clicked on

2019-12-02 00:44:34 - [TEST_STEP][PASSED] - waitForJQueryLoad(20, STOP_ON_FAILURE): jQuery is ready.

2019-12-02 00:44:34 - [MESSAGE][PASSED] - jQuery is ready.

2019-12-02 00:44:34 - [TEST_STEP][PASSED] - Thread.sleep(2000): null

2019-12-02 00:44:36 - [TEST_STEP][PASSED] - callTestCase(findTestCase("mobileWeb/_include/get_screenshot"), [:], STOP_ON_FAILURE): Call Test Case 'Test Cases/mobileWeb/_include/get_screenshot' successfully

2019-12-02 00:44:36 - [TEST_CASE][PASSED] - Test Cases/mobileWeb/_include/get_screenshot: Test Cases/mobileWeb/_include/get_screenshot

2019-12-02 00:44:36 - [TEST_STEP][PASSED] - takeScreenshot(screenPath + i + ".png"): Taking screenshot successfully

2019-12-02 00:44:36 - [MESSAGE][PASSED] - Taking screenshot successfully
[[ATTACHMENT|D:\\Test\\AgileTest\\Reports\\HIC\\hic\\20191202_002446\\../Screenshots/iPhone 6/HIC/STM/Companion/20191202_004407/3.png]]

2019-12-02 00:44:36 - [TEST_STEP][PASSED] - (internal.GlobalVariable.i++): null

2019-12-02 00:44:36 - [MESSAGE][PASSED] - Call Test Case 'Test Cases/mobileWeb/_include/get_screenshot' successfully

2019-12-02 00:44:36 - [MESSAGE][PASSED] - Call Test Case 'Test Cases/mobileWeb/_include/filter_stm' successfully

2019-12-02 00:44:36 - [TEST_STEP][PASSED] - callTestCase(findTestCase("mobileWeb/_include/goToDetail_stm"), ["carrier":"pivot-health-choice"], STOP_ON_FAILURE): Call Test Case 'Test Cases/mobileWeb/_include/goToDetail_stm' successfully

2019-12-02 00:44:36 - [TEST_CASE][PASSED] - Test Cases/mobileWeb/_include/goToDetail_stm: Test Cases/mobileWeb/_include/goToDetail_stm

2019-12-02 00:44:36 - [TEST_STEP][PASSED] - driver = getWebDriver(): null

2019-12-02 00:44:36 - [TEST_STEP][PASSED] - selenium = new com.thoughtworks.selenium.webdriven.WebDriverBackedSelenium(driver, internal.GlobalVariable.ENV): null

2019-12-02 00:44:36 - [TEST_STEP][PASSED] - a_plan_name = "xpath=//a[contains(@href,'/term-health-insurance/plan/" + carrier + "')]": null

2019-12-02 00:44:36 - [TEST_STEP][PASSED] - println(a_plan_name): null

2019-12-02 00:44:36 - [TEST_STEP][PASSED] - selenium.click(a_plan_name): null

2019-12-02 00:44:37 - [TEST_STEP][PASSED] - waitForPageLoad(20): Wait for page load successfully

2019-12-02 00:44:37 - [MESSAGE][PASSED] - Wait for page load successfully

2019-12-02 00:44:37 - [TEST_STEP][PASSED] - Thread.sleep(2000): null

2019-12-02 00:44:39 - [TEST_STEP][PASSED] - callTestCase(findTestCase("mobileWeb/_include/get_screenshot"), [:], STOP_ON_FAILURE): Call Test Case 'Test Cases/mobileWeb/_include/get_screenshot' successfully

2019-12-02 00:44:39 - [TEST_CASE][PASSED] - Test Cases/mobileWeb/_include/get_screenshot: Test Cases/mobileWeb/_include/get_screenshot

2019-12-02 00:44:39 - [TEST_STEP][PASSED] - takeScreenshot(screenPath + i + ".png"): Taking screenshot successfully

2019-12-02 00:44:40 - [MESSAGE][PASSED] - Taking screenshot successfully
[[ATTACHMENT|D:\\Test\\AgileTest\\Reports\\HIC\\hic\\20191202_002446\\../Screenshots/iPhone 6/HIC/STM/Companion/20191202_004407/4.png]]

2019-12-02 00:44:40 - [TEST_STEP][PASSED] - (internal.GlobalVariable.i++): null

2019-12-02 00:44:40 - [MESSAGE][PASSED] - Call Test Case 'Test Cases/mobileWeb/_include/get_screenshot' successfully

2019-12-02 00:44:40 - [MESSAGE][PASSED] - Call Test Case 'Test Cases/mobileWeb/_include/goToDetail_stm' successfully

2019-12-02 00:44:40 - [TEST_STEP][PASSED] - callTestCase(findTestCase("mobileWeb/_include/apply_stm"), [:], STOP_ON_FAILURE): Call Test Case 'Test Cases/mobileWeb/_include/apply_stm' successfully

2019-12-02 00:44:40 - [TEST_CASE][PASSED] - Test Cases/mobileWeb/_include/apply_stm: Test Cases/mobileWeb/_include/apply_stm

2019-12-02 00:44:40 - [TEST_STEP][PASSED] - waitForElementVisible(findTestObject("mobileSanity/STM/STM PlanDetail Page/a_Apply for This Plan"), 5): Object 'Object Repository/mobileSanity/STM/STM PlanDetail Page/a_Apply for This Plan' is visible

2019-12-02 00:44:40 - [MESSAGE][PASSED] - Object 'Object Repository/mobileSanity/STM/STM PlanDetail Page/a_Apply for This Plan' is visible

2019-12-02 00:44:40 - [TEST_STEP][PASSED] - click(findTestObject("mobileSanity/STM/STM PlanDetail Page/a_Apply for This Plan")): Object: 'Object Repository/mobileSanity/STM/STM PlanDetail Page/a_Apply for This Plan' is clicked on

2019-12-02 00:44:41 - [MESSAGE][PASSED] - Object: 'Object Repository/mobileSanity/STM/STM PlanDetail Page/a_Apply for This Plan' is clicked on

2019-12-02 00:44:41 - [TEST_STEP][PASSED] - waitForPageLoad(10): Wait for page load successfully

2019-12-02 00:44:41 - [MESSAGE][PASSED] - Wait for page load successfully

2019-12-02 00:44:41 - [TEST_STEP][PASSED] - Thread.sleep(2000): null

2019-12-02 00:44:43 - [TEST_STEP][PASSED] - callTestCase(findTestCase("mobileWeb/_include/get_screenshot"), [:], STOP_ON_FAILURE): Call Test Case 'Test Cases/mobileWeb/_include/get_screenshot' successfully

2019-12-02 00:44:43 - [TEST_CASE][PASSED] - Test Cases/mobileWeb/_include/get_screenshot: Test Cases/mobileWeb/_include/get_screenshot

2019-12-02 00:44:43 - [TEST_STEP][PASSED] - takeScreenshot(screenPath + i + ".png"): Taking screenshot successfully

2019-12-02 00:44:43 - [MESSAGE][PASSED] - Taking screenshot successfully
[[ATTACHMENT|D:\\Test\\AgileTest\\Reports\\HIC\\hic\\20191202_002446\\../Screenshots/iPhone 6/HIC/STM/Companion/20191202_004407/5.png]]

2019-12-02 00:44:43 - [TEST_STEP][PASSED] - (internal.GlobalVariable.i++): null

2019-12-02 00:44:43 - [MESSAGE][PASSED] - Call Test Case 'Test Cases/mobileWeb/_include/get_screenshot' successfully

2019-12-02 00:44:43 - [TEST_STEP][PASSED] - waitForElementVisible(findTestObject("mobileSanity/STM/STM Apply Page/a_Start Secure Application"), 5): Object 'Object Repository/mobileSanity/STM/STM Apply Page/a_Start Secure Application' is visible

2019-12-02 00:44:43 - [MESSAGE][PASSED] - Object 'Object Repository/mobileSanity/STM/STM Apply Page/a_Start Secure Application' is visible

2019-12-02 00:44:43 - [TEST_STEP][PASSED] - click(findTestObject("mobileSanity/STM/STM Apply Page/a_Start Secure Application")): Object: 'Object Repository/mobileSanity/STM/STM Apply Page/a_Start Secure Application' is clicked on

2019-12-02 00:44:44 - [MESSAGE][PASSED] - Object: 'Object Repository/mobileSanity/STM/STM Apply Page/a_Start Secure Application' is clicked on

2019-12-02 00:44:44 - [TEST_STEP][PASSED] - waitForPageLoad(20): Wait for page load successfully

2019-12-02 00:44:44 - [MESSAGE][PASSED] - Wait for page load successfully

2019-12-02 00:44:44 - [TEST_STEP][PASSED] - Thread.sleep(2000): null

2019-12-02 00:44:46 - [TEST_STEP][PASSED] - callTestCase(findTestCase("mobileWeb/_include/get_screenshot"), [:], STOP_ON_FAILURE): Call Test Case 'Test Cases/mobileWeb/_include/get_screenshot' successfully

2019-12-02 00:44:46 - [TEST_CASE][PASSED] - Test Cases/mobileWeb/_include/get_screenshot: Test Cases/mobileWeb/_include/get_screenshot

2019-12-02 00:44:46 - [TEST_STEP][PASSED] - takeScreenshot(screenPath + i + ".png"): Taking screenshot successfully

2019-12-02 00:44:46 - [MESSAGE][PASSED] - Taking screenshot successfully
[[ATTACHMENT|D:\\Test\\AgileTest\\Reports\\HIC\\hic\\20191202_002446\\../Screenshots/iPhone 6/HIC/STM/Companion/20191202_004407/6.png]]

2019-12-02 00:44:46 - [TEST_STEP][PASSED] - (internal.GlobalVariable.i++): null

2019-12-02 00:44:46 - [MESSAGE][PASSED] - Call Test Case 'Test Cases/mobileWeb/_include/get_screenshot' successfully

2019-12-02 00:44:46 - [MESSAGE][PASSED] - Call Test Case 'Test Cases/mobileWeb/_include/apply_stm' successfully

2019-12-02 00:44:46 - [TEST_STEP][PASSED] - callTestCase(findTestCase("mobileWeb/_include/goToEnd_stm_autofill"), [:], STOP_ON_FAILURE): Call Test Case 'Test Cases/mobileWeb/_include/goToEnd_stm_autofill' successfully

2019-12-02 00:44:46 - [TEST_CASE][PASSED] - Test Cases/mobileWeb/_include/goToEnd_stm_autofill: Test Cases/mobileWeb/_include/goToEnd_stm_autofill

2019-12-02 00:44:46 - [TEST_STEP][PASSED] - callTestCase(findTestCase("mobileWeb/_include/name"), [:], CONTINUE_ON_FAILURE): Call Test Case 'Test Cases/mobileWeb/_include/name' successfully

2019-12-02 00:44:46 - [TEST_CASE][PASSED] - Test Cases/mobileWeb/_include/name: Test Cases/mobileWeb/_include/name

2019-12-02 00:44:46 - [TEST_STEP][PASSED] - driver = getWebDriver(): null

2019-12-02 00:44:46 - [TEST_STEP][PASSED] - selenium = new com.thoughtworks.selenium.webdriven.WebDriverBackedSelenium(driver, internal.GlobalVariable.ENV): null

2019-12-02 00:44:46 - [TEST_STEP][PASSED] - FirstName = "Test-123": null

2019-12-02 00:44:46 - [TEST_STEP][PASSED] - LastName = selenium.getEval("{var x="ABCDEFGHIJKLMNOPQRSTUVWXYZabcdefghijklmnopqrstuvwxyz"; var tmp="ZZ11-"; for (i=0;i<8;i++) tmp+=x.charAt(Math.ceil(51*Math.random()));tmp;}"): null

2019-12-02 00:44:46 - [TEST_STEP][PASSED] - Address = selenium.getEval("{var x="ABCDEFGHIJKLMNOPQRSTUVWXYZabcdefghijklmnopqrstuvwxyz"; var tmp=""; for (i=0;i<8;i++) tmp+=x.charAt(Math.ceil(51*Math.random()));tmp;}"): null

2019-12-02 00:44:46 - [TEST_STEP][PASSED] - City = selenium.getEval("{var x="ABCDEFGHIJKLMNOPQRSTUVWXYZabcdefghijklmnopqrstuvwxyz"; var tmp=""; for (i=0;i<8;i++) tmp+=x.charAt(Math.ceil(51*Math.random()));tmp;}"): null

2019-12-02 00:44:46 - [TEST_STEP][PASSED] - tel1 = selenium.getEval("{var x="123456789"; var tmp=""; for (i=0;i<3;i++) tmp+=x.charAt(Math.ceil(8*Math.random()));tmp;}"): null

2019-12-02 00:44:46 - [TEST_STEP][PASSED] - tel2 = selenium.getEval("{var x="123456789"; var tmp=""; for (i=0;i<3;i++) tmp+=x.charAt(Math.ceil(8*Math.random()));tmp;}"): null

2019-12-02 00:44:46 - [TEST_STEP][PASSED] - tel3 = selenium.getEval("{var x="123456789"; var tmp=""; for (i=0;i<4;i++) tmp+=x.charAt(Math.ceil(8*Math.random()));tmp;}"): null

2019-12-02 00:44:46 - [TEST_STEP][PASSED] - Tel = selenium.getExpression(tel1 + "-" + tel2 + "-" + tel3): null

2019-12-02 00:44:46 - [TEST_STEP][PASSED] - AutoEmail = selenium.getEval("{var x="ABCDEFGHIJKLMNOPQRSTUVWXYZabcdefghijklmnopqrstuvwxyz"; var tmp="test."; for (i=0;i<8;i++) tmp+=x.charAt(Math.ceil(51*Math.random()));tmp+="@suryani.cn";}"): null

2019-12-02 00:44:46 - [TEST_STEP][PASSED] - FirstName = FirstName: null

2019-12-02 00:44:46 - [TEST_STEP][PASSED] - LastName = LastName: null

2019-12-02 00:44:46 - [TEST_STEP][PASSED] - Address = Address: null

2019-12-02 00:44:46 - [TEST_STEP][PASSED] - City = City: null

2019-12-02 00:44:46 - [TEST_STEP][PASSED] - Tel = Tel: null

2019-12-02 00:44:46 - [TEST_STEP][PASSED] - AutoEmail = AutoEmail: null

2019-12-02 00:44:46 - [TEST_STEP][PASSED] - println(FirstName): null

2019-12-02 00:44:46 - [TEST_STEP][PASSED] - println(LastName): null

2019-12-02 00:44:46 - [TEST_STEP][PASSED] - println(Address): null

2019-12-02 00:44:46 - [TEST_STEP][PASSED] - println(City): null

2019-12-02 00:44:46 - [TEST_STEP][PASSED] - println(Tel): null

2019-12-02 00:44:46 - [TEST_STEP][PASSED] - println(AutoEmail): null

2019-12-02 00:44:46 - [MESSAGE][PASSED] - Call Test Case 'Test Cases/mobileWeb/_include/name' successfully

2019-12-02 00:44:46 - [TEST_STEP][FAILED] - try: Unable to verify text 'Month Duration Acknowledgement' is present  (Root cause: com.kms.katalon.core.exception.StepFailedException: Text 'Month Duration Acknowledgement' is not present on page )

2019-12-02 00:44:46 - [TEST_STEP][FAILED] - if (verifyTextPresent("Month Duration Acknowledgement", false)): Unable to verify text 'Month Duration Acknowledgement' is present  (Root cause: com.kms.katalon.core.exception.StepFailedException: Text 'Month Duration Acknowledgement' is not present on page )

2019-12-02 00:44:47 - [MESSAGE][FAILED] - Text 'Month Duration Acknowledgement' is not present on page 

2019-12-02 00:44:47 - [MESSAGE][FAILED] - Unable to verify text 'Month Duration Acknowledgement' is present  (Root cause: com.kms.katalon.core.exception.StepFailedException: Text 'Month Duration Acknowledgement' is not present on page )
[[ATTACHMENT|D:\\Test\\AgileTest\\Reports\\HIC\\hic\\20191202_002446\\1575265487189.png]]

2019-12-02 00:44:47 - [TEST_STEP][PASSED] - catch (Exception e): null

2019-12-02 00:44:47 - [TEST_STEP][PASSED] - println("no consecutive"): null

2019-12-02 00:44:47 - [TEST_STEP][PASSED] - waitForPageLoad(10): Wait for page load successfully

2019-12-02 00:44:47 - [MESSAGE][PASSED] - Wait for page load successfully

2019-12-02 00:44:47 - [TEST_STEP][PASSED] - Thread.sleep(3000): null

2019-12-02 00:44:50 - [TEST_STEP][PASSED] - waitForElementVisible(findTestObject("mobileSanity/STM/Page_App Page 1/a_Autofill App Info"), 20): Object 'Object Repository/mobileSanity/STM/Page_App Page 1/a_Autofill App Info' is visible

2019-12-02 00:44:50 - [MESSAGE][PASSED] - Object 'Object Repository/mobileSanity/STM/Page_App Page 1/a_Autofill App Info' is visible

2019-12-02 00:44:50 - [TEST_STEP][PASSED] - click(findTestObject("mobileSanity/STM/Page_App Page 1/a_Autofill App Info")): Object: 'Object Repository/mobileSanity/STM/Page_App Page 1/a_Autofill App Info' is clicked on

2019-12-02 00:44:50 - [MESSAGE][PASSED] - Object: 'Object Repository/mobileSanity/STM/Page_App Page 1/a_Autofill App Info' is clicked on

2019-12-02 00:44:50 - [TEST_STEP][PASSED] - Thread.sleep(1000): null

2019-12-02 00:44:51 - [TEST_STEP][PASSED] - click(findTestObject("mobileSanity/STM/Page_App Page 1/a_Autofill App Info")): Object: 'Object Repository/mobileSanity/STM/Page_App Page 1/a_Autofill App Info' is clicked on

2019-12-02 00:44:51 - [MESSAGE][PASSED] - Object: 'Object Repository/mobileSanity/STM/Page_App Page 1/a_Autofill App Info' is clicked on

2019-12-02 00:44:51 - [TEST_STEP][PASSED] - Thread.sleep(1000): null

2019-12-02 00:44:52 - [TEST_STEP][PASSED] - waitForElementVisible(findTestObject("mobileSanity/STM/Page_App Page 1/a_Continue"), 20): Object 'Object Repository/mobileSanity/STM/Page_App Page 1/a_Continue' is visible

2019-12-02 00:44:52 - [MESSAGE][PASSED] - Object 'Object Repository/mobileSanity/STM/Page_App Page 1/a_Continue' is visible

2019-12-02 00:44:52 - [TEST_STEP][PASSED] - click(findTestObject("mobileSanity/STM/Page_App Page 1/a_Continue")): Object: 'Object Repository/mobileSanity/STM/Page_App Page 1/a_Continue' is clicked on

2019-12-02 00:44:52 - [MESSAGE][PASSED] - Object: 'Object Repository/mobileSanity/STM/Page_App Page 1/a_Continue' is clicked on

2019-12-02 00:44:52 - [TEST_STEP][PASSED] - waitForPageLoad(20): Wait for page load successfully

2019-12-02 00:44:52 - [MESSAGE][PASSED] - Wait for page load successfully

2019-12-02 00:44:52 - [TEST_STEP][PASSED] - Thread.sleep(5000): null

2019-12-02 00:44:57 - [TEST_STEP][PASSED] - callTestCase(findTestCase("mobileWeb/_include/get_screenshot"), [:], STOP_ON_FAILURE): Call Test Case 'Test Cases/mobileWeb/_include/get_screenshot' successfully

2019-12-02 00:44:58 - [TEST_CASE][PASSED] - Test Cases/mobileWeb/_include/get_screenshot: Test Cases/mobileWeb/_include/get_screenshot

2019-12-02 00:44:58 - [TEST_STEP][PASSED] - takeScreenshot(screenPath + i + ".png"): Taking screenshot successfully

2019-12-02 00:44:58 - [MESSAGE][PASSED] - Taking screenshot successfully
[[ATTACHMENT|D:\\Test\\AgileTest\\Reports\\HIC\\hic\\20191202_002446\\../Screenshots/iPhone 6/HIC/STM/Companion/20191202_004407/7.png]]

2019-12-02 00:44:58 - [TEST_STEP][PASSED] - (internal.GlobalVariable.i++): null

2019-12-02 00:44:58 - [MESSAGE][PASSED] - Call Test Case 'Test Cases/mobileWeb/_include/get_screenshot' successfully

2019-12-02 00:44:58 - [TEST_STEP][PASSED] - click(findTestObject("mobileSanity/STM/Page_App Page 2/a_Continue to Step 3 - Payment")): Object: 'Object Repository/mobileSanity/STM/Page_App Page 2/a_Continue to Step 3 - Payment' is clicked on

2019-12-02 00:44:58 - [MESSAGE][PASSED] - Object: 'Object Repository/mobileSanity/STM/Page_App Page 2/a_Continue to Step 3 - Payment' is clicked on

2019-12-02 00:44:58 - [TEST_STEP][PASSED] - waitForPageLoad(20): Wait for page load successfully

2019-12-02 00:44:58 - [MESSAGE][PASSED] - Wait for page load successfully

2019-12-02 00:44:58 - [TEST_STEP][PASSED] - waitForElementVisible(findTestObject("mobileSanity/STM/Page_App Page 3/input__credit-card-cvv"), 20): Object 'Object Repository/mobileSanity/STM/Page_App Page 3/input__credit-card-cvv' is visible

2019-12-02 00:44:59 - [MESSAGE][PASSED] - Object 'Object Repository/mobileSanity/STM/Page_App Page 3/input__credit-card-cvv' is visible

2019-12-02 00:44:59 - [TEST_STEP][PASSED] - Thread.sleep(2000): null

2019-12-02 00:45:01 - [TEST_STEP][PASSED] - callTestCase(findTestCase("mobileWeb/_include/get_screenshot"), [:], STOP_ON_FAILURE): Call Test Case 'Test Cases/mobileWeb/_include/get_screenshot' successfully

2019-12-02 00:45:01 - [TEST_CASE][PASSED] - Test Cases/mobileWeb/_include/get_screenshot: Test Cases/mobileWeb/_include/get_screenshot

2019-12-02 00:45:01 - [TEST_STEP][PASSED] - takeScreenshot(screenPath + i + ".png"): Taking screenshot successfully

2019-12-02 00:45:01 - [MESSAGE][PASSED] - Taking screenshot successfully
[[ATTACHMENT|D:\\Test\\AgileTest\\Reports\\HIC\\hic\\20191202_002446\\../Screenshots/iPhone 6/HIC/STM/Companion/20191202_004407/8.png]]

2019-12-02 00:45:01 - [TEST_STEP][PASSED] - (internal.GlobalVariable.i++): null

2019-12-02 00:45:01 - [MESSAGE][PASSED] - Call Test Case 'Test Cases/mobileWeb/_include/get_screenshot' successfully

2019-12-02 00:45:01 - [TEST_STEP][PASSED] - clearText(findTestObject("mobileSanity/STM/Page_App Page 3/input__credit-card-cvv")): Text of object 'Object Repository/mobileSanity/STM/Page_App Page 3/input__credit-card-cvv' is cleared

2019-12-02 00:45:01 - [MESSAGE][PASSED] - Text of object 'Object Repository/mobileSanity/STM/Page_App Page 3/input__credit-card-cvv' is cleared

2019-12-02 00:45:01 - [TEST_STEP][PASSED] - setText(findTestObject("mobileSanity/STM/Page_App Page 3/input__credit-card-cvv"), "123"): Text '123' is set on object 'Object Repository/mobileSanity/STM/Page_App Page 3/input__credit-card-cvv'

2019-12-02 00:45:01 - [MESSAGE][PASSED] - Text '123' is set on object 'Object Repository/mobileSanity/STM/Page_App Page 3/input__credit-card-cvv'

2019-12-02 00:45:01 - [TEST_STEP][PASSED] - click(findTestObject("mobileSanity/STM/Page_App Page 3/label_I Accept Authorization f")): Object: 'Object Repository/mobileSanity/STM/Page_App Page 3/label_I Accept Authorization f' is clicked on

2019-12-02 00:45:02 - [MESSAGE][PASSED] - Object: 'Object Repository/mobileSanity/STM/Page_App Page 3/label_I Accept Authorization f' is clicked on

2019-12-02 00:45:02 - [TEST_STEP][PASSED] - click(findTestObject("mobileSanity/STM/Page_App Page 3/a_Continue to Step 4 - Review")): Object: 'Object Repository/mobileSanity/STM/Page_App Page 3/a_Continue to Step 4 - Review' is clicked on

2019-12-02 00:45:02 - [MESSAGE][PASSED] - Object: 'Object Repository/mobileSanity/STM/Page_App Page 3/a_Continue to Step 4 - Review' is clicked on

2019-12-02 00:45:02 - [TEST_STEP][PASSED] - waitForPageLoad(10): Wait for page load successfully

2019-12-02 00:45:02 - [MESSAGE][PASSED] - Wait for page load successfully

2019-12-02 00:45:02 - [TEST_STEP][PASSED] - waitForElementClickable(findTestObject("mobileSanity/STM/Page_App Page 4/label"), 10): Web element with id: 'Object Repository/mobileSanity/STM/Page_App Page 4/label' located by 'By.xpath: //input[@id = 'consent-checkbox-0']' not found

2019-12-02 00:45:12 - [MESSAGE][INFO] - Unable to find the element located by 'By.xpath: //input[@id = 'consent-checkbox-0']'. Please recheck the objects properties to make sure the desired element is located. 

2019-12-02 00:45:12 - [MESSAGE][WARNING] - Web element with id: 'Object Repository/mobileSanity/STM/Page_App Page 4/label' located by 'By.xpath: //input[@id = 'consent-checkbox-0']' not found

2019-12-02 00:45:12 - [TEST_STEP][PASSED] - Thread.sleep(2000): null

2019-12-02 00:45:14 - [TEST_STEP][PASSED] - callTestCase(findTestCase("mobileWeb/_include/get_screenshot"), [:], STOP_ON_FAILURE): Call Test Case 'Test Cases/mobileWeb/_include/get_screenshot' successfully

2019-12-02 00:45:14 - [TEST_CASE][PASSED] - Test Cases/mobileWeb/_include/get_screenshot: Test Cases/mobileWeb/_include/get_screenshot

2019-12-02 00:45:14 - [TEST_STEP][PASSED] - takeScreenshot(screenPath + i + ".png"): Taking screenshot successfully

2019-12-02 00:45:15 - [MESSAGE][PASSED] - Taking screenshot successfully
[[ATTACHMENT|D:\\Test\\AgileTest\\Reports\\HIC\\hic\\20191202_002446\\../Screenshots/iPhone 6/HIC/STM/Companion/20191202_004407/9.png]]

2019-12-02 00:45:15 - [TEST_STEP][PASSED] - (internal.GlobalVariable.i++): null

2019-12-02 00:45:15 - [MESSAGE][PASSED] - Call Test Case 'Test Cases/mobileWeb/_include/get_screenshot' successfully

2019-12-02 00:45:15 - [TEST_STEP][PASSED] - click(findTestObject("mobileSanity/STM/Page_App Page 4/label")): Object: 'Object Repository/mobileSanity/STM/Page_App Page 4/label' is clicked on

2019-12-02 00:45:15 - [MESSAGE][PASSED] - Object: 'Object Repository/mobileSanity/STM/Page_App Page 4/label' is clicked on

2019-12-02 00:45:15 - [TEST_STEP][PASSED] - click(findTestObject("mobileSanity/STM/Page_App Page 4/div_CLICK TO SIGN")): Object: 'Object Repository/mobileSanity/STM/Page_App Page 4/div_CLICK TO SIGN' is clicked on

2019-12-02 00:45:15 - [MESSAGE][PASSED] - Object: 'Object Repository/mobileSanity/STM/Page_App Page 4/div_CLICK TO SIGN' is clicked on

2019-12-02 00:45:15 - [TEST_STEP][PASSED] - click(findTestObject("mobileSanity/STM/Page_App Page 4/a_Submit Your Application")): Object: 'Object Repository/mobileSanity/STM/Page_App Page 4/a_Submit Your Application' is clicked on

2019-12-02 00:45:15 - [MESSAGE][PASSED] - Object: 'Object Repository/mobileSanity/STM/Page_App Page 4/a_Submit Your Application' is clicked on

2019-12-02 00:45:15 - [TEST_STEP][PASSED] - Thread.sleep(30000): null

2019-12-02 00:45:45 - [TEST_STEP][PASSED] - waitForElementPresent(findTestObject("mobileSanity/STM/Page_App Page 6/app-page-wrapper"), 20): Object 'Object Repository/mobileSanity/STM/Page_App Page 6/app-page-wrapper' is present

2019-12-02 00:45:45 - [MESSAGE][PASSED] - Object 'Object Repository/mobileSanity/STM/Page_App Page 6/app-page-wrapper' is present

2019-12-02 00:45:45 - [TEST_STEP][PASSED] - callTestCase(findTestCase("mobileWeb/_include/get_screenshot"), [:], STOP_ON_FAILURE): Call Test Case 'Test Cases/mobileWeb/_include/get_screenshot' successfully

2019-12-02 00:45:45 - [TEST_CASE][PASSED] - Test Cases/mobileWeb/_include/get_screenshot: Test Cases/mobileWeb/_include/get_screenshot

2019-12-02 00:45:45 - [TEST_STEP][PASSED] - takeScreenshot(screenPath + i + ".png"): Taking screenshot successfully

2019-12-02 00:45:46 - [MESSAGE][PASSED] - Taking screenshot successfully
[[ATTACHMENT|D:\\Test\\AgileTest\\Reports\\HIC\\hic\\20191202_002446\\../Screenshots/iPhone 6/HIC/STM/Companion/20191202_004407/10.png]]

2019-12-02 00:45:46 - [TEST_STEP][PASSED] - (internal.GlobalVariable.i++): null

2019-12-02 00:45:46 - [MESSAGE][PASSED] - Call Test Case 'Test Cases/mobileWeb/_include/get_screenshot' successfully

2019-12-02 00:45:46 - [MESSAGE][PASSED] - Call Test Case 'Test Cases/mobileWeb/_include/goToEnd_stm_autofill' successfully]]></system-out>
         <system-err><![CDATA[]]></system-err>
      </testcase>
      <testcase name="Test Cases/HIC/STM/Everest Prime" classname="Test Cases/HIC/STM/Everest Prime" status="PASSED">
         <system-out><![CDATA[2019-12-02 00:45:46 - [TEST_CASE][PASSED] - Test Cases/HIC/STM/Everest Prime: Test Cases/HIC/STM/Everest Prime

2019-12-02 00:45:46 - [TEST_STEP][PASSED] - callTestCase(findTestCase("HIC/_include/get_hicScreenPath"), ["project":"HIC", "productLine":"STM", "carrierName":"Everest Prime"], CONTINUE_ON_FAILURE): Call Test Case 'Test Cases/HIC/_include/get_hicScreenPath' successfully

2019-12-02 00:45:46 - [TEST_CASE][PASSED] - Test Cases/HIC/_include/get_hicScreenPath: Test Cases/HIC/_include/get_hicScreenPath

2019-12-02 00:45:46 - [TEST_STEP][PASSED] - m = getExecutionProperties(): null

2019-12-02 00:45:46 - [TEST_STEP][PASSED] - deviceName = get("mobileEmulation").get("deviceName"): null

2019-12-02 00:45:46 - [TEST_STEP][PASSED] - println(deviceName): null

2019-12-02 00:45:46 - [TEST_STEP][PASSED] - now = new java.util.Date(): null

2019-12-02 00:45:46 - [TEST_STEP][PASSED] - mydate = now.format("yyyyMMdd_HHmmss"): null

2019-12-02 00:45:46 - [TEST_STEP][PASSED] - screenPath = "../Screenshots/": null

2019-12-02 00:45:46 - [TEST_STEP][PASSED] - screenPath = screenPath + deviceName + "/" + project + "/" + productLine + "/" + carrierName + "/" + mydate + "/": null

2019-12-02 00:45:46 - [TEST_STEP][PASSED] - println(screenPath): null

2019-12-02 00:45:46 - [MESSAGE][PASSED] - Call Test Case 'Test Cases/HIC/_include/get_hicScreenPath' successfully

2019-12-02 00:45:46 - [TEST_STEP][PASSED] - i = 0: null

2019-12-02 00:45:46 - [TEST_STEP][PASSED] - callTestCase(findTestCase("mobileWeb/_include/openWebSite"), ["env":"https://qa.healthinsurance.com/"], CONTINUE_ON_FAILURE): Call Test Case 'Test Cases/mobileWeb/_include/openWebSite' successfully

2019-12-02 00:45:46 - [TEST_CASE][PASSED] - Test Cases/mobileWeb/_include/openWebSite: Test Cases/mobileWeb/_include/openWebSite

2019-12-02 00:45:46 - [TEST_STEP][PASSED] - openBrowser(env): Browser is opened with url: 'https://qa.healthinsurance.com/'

2019-12-02 00:45:46 - [MESSAGE][WARNING] - A browser is already opened. Closing browser and opening a new one

2019-12-02 00:45:47 - [MESSAGE][INFO] - Starting 'Chrome' driver

2019-12-02 00:45:47 - [MESSAGE][INFO] - User set preference: ['mobileEmulation', '{deviceName=iPhone 6}']

2019-12-02 00:45:47 - [MESSAGE][INFO] - User set preference: ['args', '[--incognito, --aggressive-cache-discard, --window-size=375,677, --no-sandbox]']

2019-12-02 00:45:49 - [MESSAGE][PASSED] - Browser is opened with url: 'https://qa.healthinsurance.com/'

2019-12-02 00:45:49 - [TEST_STEP][PASSED] - waitForPageLoad(20): Wait for page load successfully

2019-12-02 00:45:49 - [MESSAGE][PASSED] - Wait for page load successfully

2019-12-02 00:45:49 - [TEST_STEP][PASSED] - callTestCase(findTestCase("mobileWeb/_include/get_screenshot"), [:], STOP_ON_FAILURE): Call Test Case 'Test Cases/mobileWeb/_include/get_screenshot' successfully

2019-12-02 00:45:49 - [TEST_CASE][PASSED] - Test Cases/mobileWeb/_include/get_screenshot: Test Cases/mobileWeb/_include/get_screenshot

2019-12-02 00:45:49 - [TEST_STEP][PASSED] - takeScreenshot(screenPath + i + ".png"): Taking screenshot successfully

2019-12-02 00:45:49 - [MESSAGE][PASSED] - Taking screenshot successfully
[[ATTACHMENT|D:\\Test\\AgileTest\\Reports\\HIC\\hic\\20191202_002446\\../Screenshots/iPhone 6/HIC/STM/Everest Prime/20191202_004546/0.png]]

2019-12-02 00:45:49 - [TEST_STEP][PASSED] - (internal.GlobalVariable.i++): null

2019-12-02 00:45:49 - [MESSAGE][PASSED] - Call Test Case 'Test Cases/mobileWeb/_include/get_screenshot' successfully

2019-12-02 00:45:49 - [MESSAGE][PASSED] - Call Test Case 'Test Cases/mobileWeb/_include/openWebSite' successfully

2019-12-02 00:45:49 - [TEST_STEP][PASSED] - click(findTestObject("hic/nav/navButton")): Object: 'Object Repository/hic/nav/navButton' is clicked on

2019-12-02 00:45:49 - [MESSAGE][PASSED] - Object: 'Object Repository/hic/nav/navButton' is clicked on

2019-12-02 00:45:49 - [TEST_STEP][PASSED] - Thread.sleep(2000): null

2019-12-02 00:45:51 - [TEST_STEP][PASSED] - click(findTestObject("hic/nav/stmLink")): Object: 'Object Repository/hic/nav/stmLink' is clicked on

2019-12-02 00:45:51 - [MESSAGE][PASSED] - Object: 'Object Repository/hic/nav/stmLink' is clicked on

2019-12-02 00:45:51 - [TEST_STEP][PASSED] - Thread.sleep(2000): null

2019-12-02 00:45:53 - [TEST_STEP][PASSED] - callTestCase(findTestCase("mobileWeb/_include/get_screenshot"), [:], STOP_ON_FAILURE): Call Test Case 'Test Cases/mobileWeb/_include/get_screenshot' successfully

2019-12-02 00:45:53 - [TEST_CASE][PASSED] - Test Cases/mobileWeb/_include/get_screenshot: Test Cases/mobileWeb/_include/get_screenshot

2019-12-02 00:45:53 - [TEST_STEP][PASSED] - takeScreenshot(screenPath + i + ".png"): Taking screenshot successfully

2019-12-02 00:45:54 - [MESSAGE][PASSED] - Taking screenshot successfully
[[ATTACHMENT|D:\\Test\\AgileTest\\Reports\\HIC\\hic\\20191202_002446\\../Screenshots/iPhone 6/HIC/STM/Everest Prime/20191202_004546/1.png]]

2019-12-02 00:45:54 - [TEST_STEP][PASSED] - (internal.GlobalVariable.i++): null

2019-12-02 00:45:54 - [MESSAGE][PASSED] - Call Test Case 'Test Cases/mobileWeb/_include/get_screenshot' successfully

2019-12-02 00:45:54 - [TEST_STEP][PASSED] - callTestCase(findTestCase("HIC/_include/stm_census"), ["zipcode":"35215"], STOP_ON_FAILURE): Call Test Case 'Test Cases/HIC/_include/stm_census' successfully

2019-12-02 00:45:54 - [TEST_CASE][PASSED] - Test Cases/HIC/_include/stm_census: Test Cases/HIC/_include/stm_census

2019-12-02 00:45:54 - [TEST_STEP][PASSED] - setText(findTestObject("hic/stm/zip"), zipcode): Text '35215' is set on object 'Object Repository/hic/stm/zip'

2019-12-02 00:45:54 - [MESSAGE][PASSED] - Text '35215' is set on object 'Object Repository/hic/stm/zip'

2019-12-02 00:45:54 - [TEST_STEP][PASSED] - Thread.sleep(500): null

2019-12-02 00:45:54 - [TEST_STEP][PASSED] - setText(findTestObject("hic/stm/primaryDOB"), "03031987"): Text '03031987' is set on object 'Object Repository/hic/stm/primaryDOB'

2019-12-02 00:45:55 - [MESSAGE][PASSED] - Text '03031987' is set on object 'Object Repository/hic/stm/primaryDOB'

2019-12-02 00:45:55 - [TEST_STEP][PASSED] - click(findTestObject("hic/stm/female")): Object: 'Object Repository/hic/stm/female' is clicked on

2019-12-02 00:45:55 - [MESSAGE][PASSED] - Object: 'Object Repository/hic/stm/female' is clicked on

2019-12-02 00:45:55 - [TEST_STEP][PASSED] - Thread.sleep(3000): null

2019-12-02 00:45:58 - [TEST_STEP][PASSED] - click(findTestObject("hic/stm/submitButton")): Object: 'Object Repository/hic/stm/submitButton' is clicked on

2019-12-02 00:45:59 - [MESSAGE][PASSED] - Object: 'Object Repository/hic/stm/submitButton' is clicked on

2019-12-02 00:45:59 - [TEST_STEP][PASSED] - Thread.sleep(6000): null

2019-12-02 00:46:05 - [TEST_STEP][PASSED] - callTestCase(findTestCase("mobileWeb/_include/get_screenshot"), [:], STOP_ON_FAILURE): Call Test Case 'Test Cases/mobileWeb/_include/get_screenshot' successfully

2019-12-02 00:46:05 - [TEST_CASE][PASSED] - Test Cases/mobileWeb/_include/get_screenshot: Test Cases/mobileWeb/_include/get_screenshot

2019-12-02 00:46:05 - [TEST_STEP][PASSED] - takeScreenshot(screenPath + i + ".png"): Taking screenshot successfully

2019-12-02 00:46:05 - [MESSAGE][PASSED] - Taking screenshot successfully
[[ATTACHMENT|D:\\Test\\AgileTest\\Reports\\HIC\\hic\\20191202_002446\\../Screenshots/iPhone 6/HIC/STM/Everest Prime/20191202_004546/2.png]]

2019-12-02 00:46:05 - [TEST_STEP][PASSED] - (internal.GlobalVariable.i++): null

2019-12-02 00:46:05 - [MESSAGE][PASSED] - Call Test Case 'Test Cases/mobileWeb/_include/get_screenshot' successfully

2019-12-02 00:46:05 - [TEST_STEP][PASSED] - Thread.sleep(1000): null

2019-12-02 00:46:06 - [MESSAGE][PASSED] - Call Test Case 'Test Cases/HIC/_include/stm_census' successfully

2019-12-02 00:46:06 - [TEST_STEP][PASSED] - callTestCase(findTestCase("mobileWeb/_include/filter_stm"), ["carrier":"everest"], STOP_ON_FAILURE): Call Test Case 'Test Cases/mobileWeb/_include/filter_stm' successfully

2019-12-02 00:46:07 - [TEST_CASE][PASSED] - Test Cases/mobileWeb/_include/filter_stm: Test Cases/mobileWeb/_include/filter_stm

2019-12-02 00:46:07 - [TEST_STEP][PASSED] - driver = getWebDriver(): null

2019-12-02 00:46:07 - [TEST_STEP][PASSED] - selenium = new com.thoughtworks.selenium.webdriven.WebDriverBackedSelenium(driver, internal.GlobalVariable.ENV): null

2019-12-02 00:46:07 - [TEST_STEP][PASSED] - Thread.sleep(1000): null

2019-12-02 00:46:08 - [TEST_STEP][PASSED] - click(findTestObject("mobileSanity/STM/STM Quote Page/button_filters")): Object: 'Object Repository/mobileSanity/STM/STM Quote Page/button_filters' is clicked on

2019-12-02 00:46:08 - [MESSAGE][PASSED] - Object: 'Object Repository/mobileSanity/STM/STM Quote Page/button_filters' is clicked on

2019-12-02 00:46:08 - [TEST_STEP][PASSED] - Thread.sleep(1000): null

2019-12-02 00:46:09 - [TEST_STEP][PASSED] - click(findTestObject("mobileSanity/STM/STM Quote Page/i_Insurance company")): Object: 'Object Repository/mobileSanity/STM/STM Quote Page/i_Insurance company' is clicked on

2019-12-02 00:46:09 - [MESSAGE][PASSED] - Object: 'Object Repository/mobileSanity/STM/STM Quote Page/i_Insurance company' is clicked on

2019-12-02 00:46:09 - [TEST_STEP][PASSED] - Thread.sleep(1000): null

2019-12-02 00:46:10 - [TEST_STEP][PASSED] - filter_carrier = "//input[@name='filter[carrier]' and @value='" + carrier + "']/following::label": null

2019-12-02 00:46:10 - [TEST_STEP][PASSED] - println(filter_carrier): null

2019-12-02 00:46:10 - [TEST_STEP][PASSED] - test.MobileKeywords.clickJS_ByXpath(filter_carrier): test.MobileKeywords.clickJS_ByXpath is PASSED

2019-12-02 00:46:10 - [MESSAGE][PASSED] - Execute JavaScript 'arguments[0].click()' successfully

2019-12-02 00:46:10 - [MESSAGE][PASSED] - test.MobileKeywords.clickJS_ByXpath is PASSED

2019-12-02 00:46:10 - [TEST_STEP][PASSED] - scrollToElement(findTestObject("mobileSanity/STM/STM Quote Page/a_Show Plans"), 1000): Scroll to object 'Object Repository/mobileSanity/STM/STM Quote Page/a_Show Plans' successfully

2019-12-02 00:46:10 - [MESSAGE][PASSED] - Scroll to object 'Object Repository/mobileSanity/STM/STM Quote Page/a_Show Plans' successfully

2019-12-02 00:46:10 - [TEST_STEP][PASSED] - Thread.sleep(2000): null

2019-12-02 00:46:12 - [TEST_STEP][PASSED] - click(findTestObject("mobileSanity/STM/STM Quote Page/a_Show Plans")): Object: 'Object Repository/mobileSanity/STM/STM Quote Page/a_Show Plans' is clicked on

2019-12-02 00:46:12 - [MESSAGE][PASSED] - Object: 'Object Repository/mobileSanity/STM/STM Quote Page/a_Show Plans' is clicked on

2019-12-02 00:46:12 - [TEST_STEP][PASSED] - waitForJQueryLoad(20, STOP_ON_FAILURE): jQuery is ready.

2019-12-02 00:46:12 - [MESSAGE][PASSED] - jQuery is ready.

2019-12-02 00:46:12 - [TEST_STEP][PASSED] - Thread.sleep(2000): null

2019-12-02 00:46:14 - [TEST_STEP][PASSED] - callTestCase(findTestCase("mobileWeb/_include/get_screenshot"), [:], STOP_ON_FAILURE): Call Test Case 'Test Cases/mobileWeb/_include/get_screenshot' successfully

2019-12-02 00:46:14 - [TEST_CASE][PASSED] - Test Cases/mobileWeb/_include/get_screenshot: Test Cases/mobileWeb/_include/get_screenshot

2019-12-02 00:46:14 - [TEST_STEP][PASSED] - takeScreenshot(screenPath + i + ".png"): Taking screenshot successfully

2019-12-02 00:46:15 - [MESSAGE][PASSED] - Taking screenshot successfully
[[ATTACHMENT|D:\\Test\\AgileTest\\Reports\\HIC\\hic\\20191202_002446\\../Screenshots/iPhone 6/HIC/STM/Everest Prime/20191202_004546/3.png]]

2019-12-02 00:46:15 - [TEST_STEP][PASSED] - (internal.GlobalVariable.i++): null

2019-12-02 00:46:15 - [MESSAGE][PASSED] - Call Test Case 'Test Cases/mobileWeb/_include/get_screenshot' successfully

2019-12-02 00:46:15 - [MESSAGE][PASSED] - Call Test Case 'Test Cases/mobileWeb/_include/filter_stm' successfully

2019-12-02 00:46:15 - [TEST_STEP][PASSED] - callTestCase(findTestCase("mobileWeb/_include/goToDetail_stm"), ["carrier":"everest"], STOP_ON_FAILURE): Call Test Case 'Test Cases/mobileWeb/_include/goToDetail_stm' successfully

2019-12-02 00:46:15 - [TEST_CASE][PASSED] - Test Cases/mobileWeb/_include/goToDetail_stm: Test Cases/mobileWeb/_include/goToDetail_stm

2019-12-02 00:46:15 - [TEST_STEP][PASSED] - driver = getWebDriver(): null

2019-12-02 00:46:15 - [TEST_STEP][PASSED] - selenium = new com.thoughtworks.selenium.webdriven.WebDriverBackedSelenium(driver, internal.GlobalVariable.ENV): null

2019-12-02 00:46:15 - [TEST_STEP][PASSED] - a_plan_name = "xpath=//a[contains(@href,'/term-health-insurance/plan/" + carrier + "')]": null

2019-12-02 00:46:15 - [TEST_STEP][PASSED] - println(a_plan_name): null

2019-12-02 00:46:15 - [TEST_STEP][PASSED] - selenium.click(a_plan_name): null

2019-12-02 00:46:16 - [TEST_STEP][PASSED] - waitForPageLoad(20): Wait for page load successfully

2019-12-02 00:46:16 - [MESSAGE][PASSED] - Wait for page load successfully

2019-12-02 00:46:16 - [TEST_STEP][PASSED] - Thread.sleep(2000): null

2019-12-02 00:46:18 - [TEST_STEP][PASSED] - callTestCase(findTestCase("mobileWeb/_include/get_screenshot"), [:], STOP_ON_FAILURE): Call Test Case 'Test Cases/mobileWeb/_include/get_screenshot' successfully

2019-12-02 00:46:18 - [TEST_CASE][PASSED] - Test Cases/mobileWeb/_include/get_screenshot: Test Cases/mobileWeb/_include/get_screenshot

2019-12-02 00:46:18 - [TEST_STEP][PASSED] - takeScreenshot(screenPath + i + ".png"): Taking screenshot successfully

2019-12-02 00:46:18 - [MESSAGE][PASSED] - Taking screenshot successfully
[[ATTACHMENT|D:\\Test\\AgileTest\\Reports\\HIC\\hic\\20191202_002446\\../Screenshots/iPhone 6/HIC/STM/Everest Prime/20191202_004546/4.png]]

2019-12-02 00:46:18 - [TEST_STEP][PASSED] - (internal.GlobalVariable.i++): null

2019-12-02 00:46:18 - [MESSAGE][PASSED] - Call Test Case 'Test Cases/mobileWeb/_include/get_screenshot' successfully

2019-12-02 00:46:18 - [MESSAGE][PASSED] - Call Test Case 'Test Cases/mobileWeb/_include/goToDetail_stm' successfully

2019-12-02 00:46:18 - [TEST_STEP][PASSED] - callTestCase(findTestCase("mobileWeb/_include/apply_stm"), [:], STOP_ON_FAILURE): Call Test Case 'Test Cases/mobileWeb/_include/apply_stm' successfully

2019-12-02 00:46:18 - [TEST_CASE][PASSED] - Test Cases/mobileWeb/_include/apply_stm: Test Cases/mobileWeb/_include/apply_stm

2019-12-02 00:46:18 - [TEST_STEP][PASSED] - waitForElementVisible(findTestObject("mobileSanity/STM/STM PlanDetail Page/a_Apply for This Plan"), 5): Object 'Object Repository/mobileSanity/STM/STM PlanDetail Page/a_Apply for This Plan' is visible

2019-12-02 00:46:19 - [MESSAGE][PASSED] - Object 'Object Repository/mobileSanity/STM/STM PlanDetail Page/a_Apply for This Plan' is visible

2019-12-02 00:46:19 - [TEST_STEP][PASSED] - click(findTestObject("mobileSanity/STM/STM PlanDetail Page/a_Apply for This Plan")): Object: 'Object Repository/mobileSanity/STM/STM PlanDetail Page/a_Apply for This Plan' is clicked on

2019-12-02 00:46:19 - [MESSAGE][PASSED] - Object: 'Object Repository/mobileSanity/STM/STM PlanDetail Page/a_Apply for This Plan' is clicked on

2019-12-02 00:46:19 - [TEST_STEP][PASSED] - waitForPageLoad(10): Wait for page load successfully

2019-12-02 00:46:19 - [MESSAGE][PASSED] - Wait for page load successfully

2019-12-02 00:46:19 - [TEST_STEP][PASSED] - Thread.sleep(2000): null

2019-12-02 00:46:21 - [TEST_STEP][PASSED] - callTestCase(findTestCase("mobileWeb/_include/get_screenshot"), [:], STOP_ON_FAILURE): Call Test Case 'Test Cases/mobileWeb/_include/get_screenshot' successfully

2019-12-02 00:46:21 - [TEST_CASE][PASSED] - Test Cases/mobileWeb/_include/get_screenshot: Test Cases/mobileWeb/_include/get_screenshot

2019-12-02 00:46:21 - [TEST_STEP][PASSED] - takeScreenshot(screenPath + i + ".png"): Taking screenshot successfully

2019-12-02 00:46:22 - [MESSAGE][PASSED] - Taking screenshot successfully
[[ATTACHMENT|D:\\Test\\AgileTest\\Reports\\HIC\\hic\\20191202_002446\\../Screenshots/iPhone 6/HIC/STM/Everest Prime/20191202_004546/5.png]]

2019-12-02 00:46:22 - [TEST_STEP][PASSED] - (internal.GlobalVariable.i++): null

2019-12-02 00:46:22 - [MESSAGE][PASSED] - Call Test Case 'Test Cases/mobileWeb/_include/get_screenshot' successfully

2019-12-02 00:46:22 - [TEST_STEP][PASSED] - waitForElementVisible(findTestObject("mobileSanity/STM/STM Apply Page/a_Start Secure Application"), 5): Object 'Object Repository/mobileSanity/STM/STM Apply Page/a_Start Secure Application' is visible

2019-12-02 00:46:22 - [MESSAGE][PASSED] - Object 'Object Repository/mobileSanity/STM/STM Apply Page/a_Start Secure Application' is visible

2019-12-02 00:46:22 - [TEST_STEP][PASSED] - click(findTestObject("mobileSanity/STM/STM Apply Page/a_Start Secure Application")): Object: 'Object Repository/mobileSanity/STM/STM Apply Page/a_Start Secure Application' is clicked on

2019-12-02 00:46:22 - [MESSAGE][PASSED] - Object: 'Object Repository/mobileSanity/STM/STM Apply Page/a_Start Secure Application' is clicked on

2019-12-02 00:46:22 - [TEST_STEP][PASSED] - waitForPageLoad(20): Wait for page load successfully

2019-12-02 00:46:22 - [MESSAGE][PASSED] - Wait for page load successfully

2019-12-02 00:46:22 - [TEST_STEP][PASSED] - Thread.sleep(2000): null

2019-12-02 00:46:24 - [TEST_STEP][PASSED] - callTestCase(findTestCase("mobileWeb/_include/get_screenshot"), [:], STOP_ON_FAILURE): Call Test Case 'Test Cases/mobileWeb/_include/get_screenshot' successfully

2019-12-02 00:46:24 - [TEST_CASE][PASSED] - Test Cases/mobileWeb/_include/get_screenshot: Test Cases/mobileWeb/_include/get_screenshot

2019-12-02 00:46:24 - [TEST_STEP][PASSED] - takeScreenshot(screenPath + i + ".png"): Taking screenshot successfully

2019-12-02 00:46:25 - [MESSAGE][PASSED] - Taking screenshot successfully
[[ATTACHMENT|D:\\Test\\AgileTest\\Reports\\HIC\\hic\\20191202_002446\\../Screenshots/iPhone 6/HIC/STM/Everest Prime/20191202_004546/6.png]]

2019-12-02 00:46:25 - [TEST_STEP][PASSED] - (internal.GlobalVariable.i++): null

2019-12-02 00:46:25 - [MESSAGE][PASSED] - Call Test Case 'Test Cases/mobileWeb/_include/get_screenshot' successfully

2019-12-02 00:46:25 - [MESSAGE][PASSED] - Call Test Case 'Test Cases/mobileWeb/_include/apply_stm' successfully

2019-12-02 00:46:25 - [TEST_STEP][PASSED] - callTestCase(findTestCase("mobileWeb/_include/goToEnd_stm_autofill"), [:], STOP_ON_FAILURE): Call Test Case 'Test Cases/mobileWeb/_include/goToEnd_stm_autofill' successfully

2019-12-02 00:46:25 - [TEST_CASE][PASSED] - Test Cases/mobileWeb/_include/goToEnd_stm_autofill: Test Cases/mobileWeb/_include/goToEnd_stm_autofill

2019-12-02 00:46:25 - [TEST_STEP][PASSED] - callTestCase(findTestCase("mobileWeb/_include/name"), [:], CONTINUE_ON_FAILURE): Call Test Case 'Test Cases/mobileWeb/_include/name' successfully

2019-12-02 00:46:25 - [TEST_CASE][PASSED] - Test Cases/mobileWeb/_include/name: Test Cases/mobileWeb/_include/name

2019-12-02 00:46:25 - [TEST_STEP][PASSED] - driver = getWebDriver(): null

2019-12-02 00:46:25 - [TEST_STEP][PASSED] - selenium = new com.thoughtworks.selenium.webdriven.WebDriverBackedSelenium(driver, internal.GlobalVariable.ENV): null

2019-12-02 00:46:25 - [TEST_STEP][PASSED] - FirstName = "Test-123": null

2019-12-02 00:46:25 - [TEST_STEP][PASSED] - LastName = selenium.getEval("{var x="ABCDEFGHIJKLMNOPQRSTUVWXYZabcdefghijklmnopqrstuvwxyz"; var tmp="ZZ11-"; for (i=0;i<8;i++) tmp+=x.charAt(Math.ceil(51*Math.random()));tmp;}"): null

2019-12-02 00:46:25 - [TEST_STEP][PASSED] - Address = selenium.getEval("{var x="ABCDEFGHIJKLMNOPQRSTUVWXYZabcdefghijklmnopqrstuvwxyz"; var tmp=""; for (i=0;i<8;i++) tmp+=x.charAt(Math.ceil(51*Math.random()));tmp;}"): null

2019-12-02 00:46:25 - [TEST_STEP][PASSED] - City = selenium.getEval("{var x="ABCDEFGHIJKLMNOPQRSTUVWXYZabcdefghijklmnopqrstuvwxyz"; var tmp=""; for (i=0;i<8;i++) tmp+=x.charAt(Math.ceil(51*Math.random()));tmp;}"): null

2019-12-02 00:46:25 - [TEST_STEP][PASSED] - tel1 = selenium.getEval("{var x="123456789"; var tmp=""; for (i=0;i<3;i++) tmp+=x.charAt(Math.ceil(8*Math.random()));tmp;}"): null

2019-12-02 00:46:25 - [TEST_STEP][PASSED] - tel2 = selenium.getEval("{var x="123456789"; var tmp=""; for (i=0;i<3;i++) tmp+=x.charAt(Math.ceil(8*Math.random()));tmp;}"): null

2019-12-02 00:46:25 - [TEST_STEP][PASSED] - tel3 = selenium.getEval("{var x="123456789"; var tmp=""; for (i=0;i<4;i++) tmp+=x.charAt(Math.ceil(8*Math.random()));tmp;}"): null

2019-12-02 00:46:25 - [TEST_STEP][PASSED] - Tel = selenium.getExpression(tel1 + "-" + tel2 + "-" + tel3): null

2019-12-02 00:46:25 - [TEST_STEP][PASSED] - AutoEmail = selenium.getEval("{var x="ABCDEFGHIJKLMNOPQRSTUVWXYZabcdefghijklmnopqrstuvwxyz"; var tmp="test."; for (i=0;i<8;i++) tmp+=x.charAt(Math.ceil(51*Math.random()));tmp+="@suryani.cn";}"): null

2019-12-02 00:46:25 - [TEST_STEP][PASSED] - FirstName = FirstName: null

2019-12-02 00:46:25 - [TEST_STEP][PASSED] - LastName = LastName: null

2019-12-02 00:46:25 - [TEST_STEP][PASSED] - Address = Address: null

2019-12-02 00:46:25 - [TEST_STEP][PASSED] - City = City: null

2019-12-02 00:46:25 - [TEST_STEP][PASSED] - Tel = Tel: null

2019-12-02 00:46:25 - [TEST_STEP][PASSED] - AutoEmail = AutoEmail: null

2019-12-02 00:46:25 - [TEST_STEP][PASSED] - println(FirstName): null

2019-12-02 00:46:25 - [TEST_STEP][PASSED] - println(LastName): null

2019-12-02 00:46:25 - [TEST_STEP][PASSED] - println(Address): null

2019-12-02 00:46:25 - [TEST_STEP][PASSED] - println(City): null

2019-12-02 00:46:25 - [TEST_STEP][PASSED] - println(Tel): null

2019-12-02 00:46:25 - [TEST_STEP][PASSED] - println(AutoEmail): null

2019-12-02 00:46:25 - [MESSAGE][PASSED] - Call Test Case 'Test Cases/mobileWeb/_include/name' successfully

2019-12-02 00:46:25 - [TEST_STEP][FAILED] - try: Unable to verify text 'Month Duration Acknowledgement' is present  (Root cause: com.kms.katalon.core.exception.StepFailedException: Text 'Month Duration Acknowledgement' is not present on page )

2019-12-02 00:46:25 - [TEST_STEP][FAILED] - if (verifyTextPresent("Month Duration Acknowledgement", false)): Unable to verify text 'Month Duration Acknowledgement' is present  (Root cause: com.kms.katalon.core.exception.StepFailedException: Text 'Month Duration Acknowledgement' is not present on page )

2019-12-02 00:46:25 - [MESSAGE][FAILED] - Text 'Month Duration Acknowledgement' is not present on page 

2019-12-02 00:46:25 - [MESSAGE][FAILED] - Unable to verify text 'Month Duration Acknowledgement' is present  (Root cause: com.kms.katalon.core.exception.StepFailedException: Text 'Month Duration Acknowledgement' is not present on page )
[[ATTACHMENT|D:\\Test\\AgileTest\\Reports\\HIC\\hic\\20191202_002446\\1575265585651.png]]

2019-12-02 00:46:25 - [TEST_STEP][PASSED] - catch (Exception e): null

2019-12-02 00:46:25 - [TEST_STEP][PASSED] - println("no consecutive"): null

2019-12-02 00:46:25 - [TEST_STEP][PASSED] - waitForPageLoad(10): Wait for page load successfully

2019-12-02 00:46:25 - [MESSAGE][PASSED] - Wait for page load successfully

2019-12-02 00:46:25 - [TEST_STEP][PASSED] - Thread.sleep(3000): null

2019-12-02 00:46:28 - [TEST_STEP][PASSED] - waitForElementVisible(findTestObject("mobileSanity/STM/Page_App Page 1/a_Autofill App Info"), 20): Object 'Object Repository/mobileSanity/STM/Page_App Page 1/a_Autofill App Info' is visible

2019-12-02 00:46:29 - [MESSAGE][PASSED] - Object 'Object Repository/mobileSanity/STM/Page_App Page 1/a_Autofill App Info' is visible

2019-12-02 00:46:29 - [TEST_STEP][PASSED] - click(findTestObject("mobileSanity/STM/Page_App Page 1/a_Autofill App Info")): Object: 'Object Repository/mobileSanity/STM/Page_App Page 1/a_Autofill App Info' is clicked on

2019-12-02 00:46:29 - [MESSAGE][PASSED] - Object: 'Object Repository/mobileSanity/STM/Page_App Page 1/a_Autofill App Info' is clicked on

2019-12-02 00:46:29 - [TEST_STEP][PASSED] - Thread.sleep(1000): null

2019-12-02 00:46:30 - [TEST_STEP][PASSED] - click(findTestObject("mobileSanity/STM/Page_App Page 1/a_Autofill App Info")): Object: 'Object Repository/mobileSanity/STM/Page_App Page 1/a_Autofill App Info' is clicked on

2019-12-02 00:46:30 - [MESSAGE][PASSED] - Object: 'Object Repository/mobileSanity/STM/Page_App Page 1/a_Autofill App Info' is clicked on

2019-12-02 00:46:30 - [TEST_STEP][PASSED] - Thread.sleep(1000): null

2019-12-02 00:46:31 - [TEST_STEP][PASSED] - waitForElementVisible(findTestObject("mobileSanity/STM/Page_App Page 1/a_Continue"), 20): Object 'Object Repository/mobileSanity/STM/Page_App Page 1/a_Continue' is visible

2019-12-02 00:46:31 - [MESSAGE][PASSED] - Object 'Object Repository/mobileSanity/STM/Page_App Page 1/a_Continue' is visible

2019-12-02 00:46:31 - [TEST_STEP][PASSED] - click(findTestObject("mobileSanity/STM/Page_App Page 1/a_Continue")): Object: 'Object Repository/mobileSanity/STM/Page_App Page 1/a_Continue' is clicked on

2019-12-02 00:46:31 - [MESSAGE][PASSED] - Object: 'Object Repository/mobileSanity/STM/Page_App Page 1/a_Continue' is clicked on

2019-12-02 00:46:31 - [TEST_STEP][PASSED] - waitForPageLoad(20): Wait for page load successfully

2019-12-02 00:46:31 - [MESSAGE][PASSED] - Wait for page load successfully

2019-12-02 00:46:31 - [TEST_STEP][PASSED] - Thread.sleep(5000): null

2019-12-02 00:46:36 - [TEST_STEP][PASSED] - callTestCase(findTestCase("mobileWeb/_include/get_screenshot"), [:], STOP_ON_FAILURE): Call Test Case 'Test Cases/mobileWeb/_include/get_screenshot' successfully

2019-12-02 00:46:36 - [TEST_CASE][PASSED] - Test Cases/mobileWeb/_include/get_screenshot: Test Cases/mobileWeb/_include/get_screenshot

2019-12-02 00:46:36 - [TEST_STEP][PASSED] - takeScreenshot(screenPath + i + ".png"): Taking screenshot successfully

2019-12-02 00:46:36 - [MESSAGE][PASSED] - Taking screenshot successfully
[[ATTACHMENT|D:\\Test\\AgileTest\\Reports\\HIC\\hic\\20191202_002446\\../Screenshots/iPhone 6/HIC/STM/Everest Prime/20191202_004546/7.png]]

2019-12-02 00:46:36 - [TEST_STEP][PASSED] - (internal.GlobalVariable.i++): null

2019-12-02 00:46:36 - [MESSAGE][PASSED] - Call Test Case 'Test Cases/mobileWeb/_include/get_screenshot' successfully

2019-12-02 00:46:36 - [TEST_STEP][PASSED] - click(findTestObject("mobileSanity/STM/Page_App Page 2/a_Continue to Step 3 - Payment")): Object: 'Object Repository/mobileSanity/STM/Page_App Page 2/a_Continue to Step 3 - Payment' is clicked on

2019-12-02 00:46:37 - [MESSAGE][PASSED] - Object: 'Object Repository/mobileSanity/STM/Page_App Page 2/a_Continue to Step 3 - Payment' is clicked on

2019-12-02 00:46:37 - [TEST_STEP][PASSED] - waitForPageLoad(20): Wait for page load successfully

2019-12-02 00:46:37 - [MESSAGE][PASSED] - Wait for page load successfully

2019-12-02 00:46:37 - [TEST_STEP][PASSED] - waitForElementVisible(findTestObject("mobileSanity/STM/Page_App Page 3/input__credit-card-cvv"), 20): Object 'Object Repository/mobileSanity/STM/Page_App Page 3/input__credit-card-cvv' is visible

2019-12-02 00:46:37 - [MESSAGE][PASSED] - Object 'Object Repository/mobileSanity/STM/Page_App Page 3/input__credit-card-cvv' is visible

2019-12-02 00:46:37 - [TEST_STEP][PASSED] - Thread.sleep(2000): null

2019-12-02 00:46:39 - [TEST_STEP][PASSED] - callTestCase(findTestCase("mobileWeb/_include/get_screenshot"), [:], STOP_ON_FAILURE): Call Test Case 'Test Cases/mobileWeb/_include/get_screenshot' successfully

2019-12-02 00:46:39 - [TEST_CASE][PASSED] - Test Cases/mobileWeb/_include/get_screenshot: Test Cases/mobileWeb/_include/get_screenshot

2019-12-02 00:46:39 - [TEST_STEP][PASSED] - takeScreenshot(screenPath + i + ".png"): Taking screenshot successfully

2019-12-02 00:46:40 - [MESSAGE][PASSED] - Taking screenshot successfully
[[ATTACHMENT|D:\\Test\\AgileTest\\Reports\\HIC\\hic\\20191202_002446\\../Screenshots/iPhone 6/HIC/STM/Everest Prime/20191202_004546/8.png]]

2019-12-02 00:46:40 - [TEST_STEP][PASSED] - (internal.GlobalVariable.i++): null

2019-12-02 00:46:40 - [MESSAGE][PASSED] - Call Test Case 'Test Cases/mobileWeb/_include/get_screenshot' successfully

2019-12-02 00:46:40 - [TEST_STEP][PASSED] - clearText(findTestObject("mobileSanity/STM/Page_App Page 3/input__credit-card-cvv")): Text of object 'Object Repository/mobileSanity/STM/Page_App Page 3/input__credit-card-cvv' is cleared

2019-12-02 00:46:40 - [MESSAGE][PASSED] - Text of object 'Object Repository/mobileSanity/STM/Page_App Page 3/input__credit-card-cvv' is cleared

2019-12-02 00:46:40 - [TEST_STEP][PASSED] - setText(findTestObject("mobileSanity/STM/Page_App Page 3/input__credit-card-cvv"), "123"): Text '123' is set on object 'Object Repository/mobileSanity/STM/Page_App Page 3/input__credit-card-cvv'

2019-12-02 00:46:40 - [MESSAGE][PASSED] - Text '123' is set on object 'Object Repository/mobileSanity/STM/Page_App Page 3/input__credit-card-cvv'

2019-12-02 00:46:40 - [TEST_STEP][PASSED] - click(findTestObject("mobileSanity/STM/Page_App Page 3/label_I Accept Authorization f")): Object: 'Object Repository/mobileSanity/STM/Page_App Page 3/label_I Accept Authorization f' is clicked on

2019-12-02 00:46:40 - [MESSAGE][PASSED] - Object: 'Object Repository/mobileSanity/STM/Page_App Page 3/label_I Accept Authorization f' is clicked on

2019-12-02 00:46:40 - [TEST_STEP][PASSED] - click(findTestObject("mobileSanity/STM/Page_App Page 3/a_Continue to Step 4 - Review")): Object: 'Object Repository/mobileSanity/STM/Page_App Page 3/a_Continue to Step 4 - Review' is clicked on

2019-12-02 00:46:40 - [MESSAGE][PASSED] - Object: 'Object Repository/mobileSanity/STM/Page_App Page 3/a_Continue to Step 4 - Review' is clicked on

2019-12-02 00:46:40 - [TEST_STEP][PASSED] - waitForPageLoad(10): Wait for page load successfully

2019-12-02 00:46:40 - [MESSAGE][PASSED] - Wait for page load successfully

2019-12-02 00:46:40 - [TEST_STEP][PASSED] - waitForElementClickable(findTestObject("mobileSanity/STM/Page_App Page 4/label"), 10): Object 'Object Repository/mobileSanity/STM/Page_App Page 4/label' is clickable

2019-12-02 00:46:41 - [MESSAGE][PASSED] - Object 'Object Repository/mobileSanity/STM/Page_App Page 4/label' is clickable

2019-12-02 00:46:41 - [TEST_STEP][PASSED] - Thread.sleep(2000): null

2019-12-02 00:46:43 - [TEST_STEP][PASSED] - callTestCase(findTestCase("mobileWeb/_include/get_screenshot"), [:], STOP_ON_FAILURE): Call Test Case 'Test Cases/mobileWeb/_include/get_screenshot' successfully

2019-12-02 00:46:43 - [TEST_CASE][PASSED] - Test Cases/mobileWeb/_include/get_screenshot: Test Cases/mobileWeb/_include/get_screenshot

2019-12-02 00:46:43 - [TEST_STEP][PASSED] - takeScreenshot(screenPath + i + ".png"): Taking screenshot successfully

2019-12-02 00:46:43 - [MESSAGE][PASSED] - Taking screenshot successfully
[[ATTACHMENT|D:\\Test\\AgileTest\\Reports\\HIC\\hic\\20191202_002446\\../Screenshots/iPhone 6/HIC/STM/Everest Prime/20191202_004546/9.png]]

2019-12-02 00:46:43 - [TEST_STEP][PASSED] - (internal.GlobalVariable.i++): null

2019-12-02 00:46:43 - [MESSAGE][PASSED] - Call Test Case 'Test Cases/mobileWeb/_include/get_screenshot' successfully

2019-12-02 00:46:43 - [TEST_STEP][PASSED] - click(findTestObject("mobileSanity/STM/Page_App Page 4/label")): Object: 'Object Repository/mobileSanity/STM/Page_App Page 4/label' is clicked on

2019-12-02 00:46:43 - [MESSAGE][PASSED] - Object: 'Object Repository/mobileSanity/STM/Page_App Page 4/label' is clicked on

2019-12-02 00:46:43 - [TEST_STEP][PASSED] - click(findTestObject("mobileSanity/STM/Page_App Page 4/div_CLICK TO SIGN")): Object: 'Object Repository/mobileSanity/STM/Page_App Page 4/div_CLICK TO SIGN' is clicked on

2019-12-02 00:46:43 - [MESSAGE][PASSED] - Object: 'Object Repository/mobileSanity/STM/Page_App Page 4/div_CLICK TO SIGN' is clicked on

2019-12-02 00:46:43 - [TEST_STEP][PASSED] - click(findTestObject("mobileSanity/STM/Page_App Page 4/a_Submit Your Application")): Object: 'Object Repository/mobileSanity/STM/Page_App Page 4/a_Submit Your Application' is clicked on

2019-12-02 00:46:44 - [MESSAGE][PASSED] - Object: 'Object Repository/mobileSanity/STM/Page_App Page 4/a_Submit Your Application' is clicked on

2019-12-02 00:46:44 - [TEST_STEP][PASSED] - Thread.sleep(30000): null

2019-12-02 00:47:14 - [TEST_STEP][PASSED] - waitForElementPresent(findTestObject("mobileSanity/STM/Page_App Page 6/app-page-wrapper"), 20): Object 'Object Repository/mobileSanity/STM/Page_App Page 6/app-page-wrapper' is present

2019-12-02 00:47:14 - [MESSAGE][PASSED] - Object 'Object Repository/mobileSanity/STM/Page_App Page 6/app-page-wrapper' is present

2019-12-02 00:47:14 - [TEST_STEP][PASSED] - callTestCase(findTestCase("mobileWeb/_include/get_screenshot"), [:], STOP_ON_FAILURE): Call Test Case 'Test Cases/mobileWeb/_include/get_screenshot' successfully

2019-12-02 00:47:14 - [TEST_CASE][PASSED] - Test Cases/mobileWeb/_include/get_screenshot: Test Cases/mobileWeb/_include/get_screenshot

2019-12-02 00:47:14 - [TEST_STEP][PASSED] - takeScreenshot(screenPath + i + ".png"): Taking screenshot successfully

2019-12-02 00:47:14 - [MESSAGE][PASSED] - Taking screenshot successfully
[[ATTACHMENT|D:\\Test\\AgileTest\\Reports\\HIC\\hic\\20191202_002446\\../Screenshots/iPhone 6/HIC/STM/Everest Prime/20191202_004546/10.png]]

2019-12-02 00:47:14 - [TEST_STEP][PASSED] - (internal.GlobalVariable.i++): null

2019-12-02 00:47:14 - [MESSAGE][PASSED] - Call Test Case 'Test Cases/mobileWeb/_include/get_screenshot' successfully

2019-12-02 00:47:14 - [MESSAGE][PASSED] - Call Test Case 'Test Cases/mobileWeb/_include/goToEnd_stm_autofill' successfully]]></system-out>
         <system-err><![CDATA[]]></system-err>
      </testcase>
      <testcase name="Test Cases/HIC/STM/Everest" classname="Test Cases/HIC/STM/Everest" status="PASSED">
         <system-out><![CDATA[2019-12-02 00:47:14 - [TEST_CASE][PASSED] - Test Cases/HIC/STM/Everest: Test Cases/HIC/STM/Everest

2019-12-02 00:47:14 - [TEST_STEP][PASSED] - callTestCase(findTestCase("HIC/_include/get_hicScreenPath"), ["project":"HIC", "productLine":"STM", "carrierName":"Everest"], CONTINUE_ON_FAILURE): Call Test Case 'Test Cases/HIC/_include/get_hicScreenPath' successfully

2019-12-02 00:47:14 - [TEST_CASE][PASSED] - Test Cases/HIC/_include/get_hicScreenPath: Test Cases/HIC/_include/get_hicScreenPath

2019-12-02 00:47:14 - [TEST_STEP][PASSED] - m = getExecutionProperties(): null

2019-12-02 00:47:14 - [TEST_STEP][PASSED] - deviceName = get("mobileEmulation").get("deviceName"): null

2019-12-02 00:47:14 - [TEST_STEP][PASSED] - println(deviceName): null

2019-12-02 00:47:14 - [TEST_STEP][PASSED] - now = new java.util.Date(): null

2019-12-02 00:47:14 - [TEST_STEP][PASSED] - mydate = now.format("yyyyMMdd_HHmmss"): null

2019-12-02 00:47:14 - [TEST_STEP][PASSED] - screenPath = "../Screenshots/": null

2019-12-02 00:47:14 - [TEST_STEP][PASSED] - screenPath = screenPath + deviceName + "/" + project + "/" + productLine + "/" + carrierName + "/" + mydate + "/": null

2019-12-02 00:47:14 - [TEST_STEP][PASSED] - println(screenPath): null

2019-12-02 00:47:14 - [MESSAGE][PASSED] - Call Test Case 'Test Cases/HIC/_include/get_hicScreenPath' successfully

2019-12-02 00:47:14 - [TEST_STEP][PASSED] - i = 0: null

2019-12-02 00:47:14 - [TEST_STEP][PASSED] - callTestCase(findTestCase("mobileWeb/_include/openWebSite"), ["env":"https://qa.healthinsurance.com/"], CONTINUE_ON_FAILURE): Call Test Case 'Test Cases/mobileWeb/_include/openWebSite' successfully

2019-12-02 00:47:14 - [TEST_CASE][PASSED] - Test Cases/mobileWeb/_include/openWebSite: Test Cases/mobileWeb/_include/openWebSite

2019-12-02 00:47:14 - [TEST_STEP][PASSED] - openBrowser(env): Browser is opened with url: 'https://qa.healthinsurance.com/'

2019-12-02 00:47:14 - [MESSAGE][WARNING] - A browser is already opened. Closing browser and opening a new one

2019-12-02 00:47:16 - [MESSAGE][INFO] - Starting 'Chrome' driver

2019-12-02 00:47:16 - [MESSAGE][INFO] - User set preference: ['mobileEmulation', '{deviceName=iPhone 6}']

2019-12-02 00:47:16 - [MESSAGE][INFO] - User set preference: ['args', '[--incognito, --aggressive-cache-discard, --window-size=375,677, --no-sandbox]']

2019-12-02 00:47:18 - [MESSAGE][PASSED] - Browser is opened with url: 'https://qa.healthinsurance.com/'

2019-12-02 00:47:18 - [TEST_STEP][PASSED] - waitForPageLoad(20): Wait for page load successfully

2019-12-02 00:47:18 - [MESSAGE][PASSED] - Wait for page load successfully

2019-12-02 00:47:18 - [TEST_STEP][PASSED] - callTestCase(findTestCase("mobileWeb/_include/get_screenshot"), [:], STOP_ON_FAILURE): Call Test Case 'Test Cases/mobileWeb/_include/get_screenshot' successfully

2019-12-02 00:47:18 - [TEST_CASE][PASSED] - Test Cases/mobileWeb/_include/get_screenshot: Test Cases/mobileWeb/_include/get_screenshot

2019-12-02 00:47:18 - [TEST_STEP][PASSED] - takeScreenshot(screenPath + i + ".png"): Taking screenshot successfully

2019-12-02 00:47:18 - [MESSAGE][PASSED] - Taking screenshot successfully
[[ATTACHMENT|D:\\Test\\AgileTest\\Reports\\HIC\\hic\\20191202_002446\\../Screenshots/iPhone 6/HIC/STM/Everest/20191202_004714/0.png]]

2019-12-02 00:47:18 - [TEST_STEP][PASSED] - (internal.GlobalVariable.i++): null

2019-12-02 00:47:18 - [MESSAGE][PASSED] - Call Test Case 'Test Cases/mobileWeb/_include/get_screenshot' successfully

2019-12-02 00:47:18 - [MESSAGE][PASSED] - Call Test Case 'Test Cases/mobileWeb/_include/openWebSite' successfully

2019-12-02 00:47:18 - [TEST_STEP][PASSED] - click(findTestObject("hic/nav/navButton")): Object: 'Object Repository/hic/nav/navButton' is clicked on

2019-12-02 00:47:18 - [MESSAGE][PASSED] - Object: 'Object Repository/hic/nav/navButton' is clicked on

2019-12-02 00:47:18 - [TEST_STEP][PASSED] - Thread.sleep(2000): null

2019-12-02 00:47:20 - [TEST_STEP][PASSED] - click(findTestObject("hic/nav/stmLink")): Object: 'Object Repository/hic/nav/stmLink' is clicked on

2019-12-02 00:47:21 - [MESSAGE][PASSED] - Object: 'Object Repository/hic/nav/stmLink' is clicked on

2019-12-02 00:47:21 - [TEST_STEP][PASSED] - Thread.sleep(2000): null

2019-12-02 00:47:23 - [TEST_STEP][PASSED] - callTestCase(findTestCase("mobileWeb/_include/get_screenshot"), [:], STOP_ON_FAILURE): Call Test Case 'Test Cases/mobileWeb/_include/get_screenshot' successfully

2019-12-02 00:47:23 - [TEST_CASE][PASSED] - Test Cases/mobileWeb/_include/get_screenshot: Test Cases/mobileWeb/_include/get_screenshot

2019-12-02 00:47:23 - [TEST_STEP][PASSED] - takeScreenshot(screenPath + i + ".png"): Taking screenshot successfully

2019-12-02 00:47:23 - [MESSAGE][PASSED] - Taking screenshot successfully
[[ATTACHMENT|D:\\Test\\AgileTest\\Reports\\HIC\\hic\\20191202_002446\\../Screenshots/iPhone 6/HIC/STM/Everest/20191202_004714/1.png]]

2019-12-02 00:47:23 - [TEST_STEP][PASSED] - (internal.GlobalVariable.i++): null

2019-12-02 00:47:23 - [MESSAGE][PASSED] - Call Test Case 'Test Cases/mobileWeb/_include/get_screenshot' successfully

2019-12-02 00:47:23 - [TEST_STEP][PASSED] - callTestCase(findTestCase("HIC/_include/stm_census"), ["zipcode":"83709"], STOP_ON_FAILURE): Call Test Case 'Test Cases/HIC/_include/stm_census' successfully

2019-12-02 00:47:23 - [TEST_CASE][PASSED] - Test Cases/HIC/_include/stm_census: Test Cases/HIC/_include/stm_census

2019-12-02 00:47:23 - [TEST_STEP][PASSED] - setText(findTestObject("hic/stm/zip"), zipcode): Text '83709' is set on object 'Object Repository/hic/stm/zip'

2019-12-02 00:47:23 - [MESSAGE][PASSED] - Text '83709' is set on object 'Object Repository/hic/stm/zip'

2019-12-02 00:47:23 - [TEST_STEP][PASSED] - Thread.sleep(500): null

2019-12-02 00:47:24 - [TEST_STEP][PASSED] - setText(findTestObject("hic/stm/primaryDOB"), "03031987"): Text '03031987' is set on object 'Object Repository/hic/stm/primaryDOB'

2019-12-02 00:47:24 - [MESSAGE][PASSED] - Text '03031987' is set on object 'Object Repository/hic/stm/primaryDOB'

2019-12-02 00:47:24 - [TEST_STEP][PASSED] - click(findTestObject("hic/stm/female")): Object: 'Object Repository/hic/stm/female' is clicked on

2019-12-02 00:47:24 - [MESSAGE][PASSED] - Object: 'Object Repository/hic/stm/female' is clicked on

2019-12-02 00:47:24 - [TEST_STEP][PASSED] - Thread.sleep(3000): null

2019-12-02 00:47:27 - [TEST_STEP][PASSED] - click(findTestObject("hic/stm/submitButton")): Object: 'Object Repository/hic/stm/submitButton' is clicked on

2019-12-02 00:47:28 - [MESSAGE][PASSED] - Object: 'Object Repository/hic/stm/submitButton' is clicked on

2019-12-02 00:47:28 - [TEST_STEP][PASSED] - Thread.sleep(6000): null

2019-12-02 00:47:34 - [TEST_STEP][PASSED] - callTestCase(findTestCase("mobileWeb/_include/get_screenshot"), [:], STOP_ON_FAILURE): Call Test Case 'Test Cases/mobileWeb/_include/get_screenshot' successfully

2019-12-02 00:47:34 - [TEST_CASE][PASSED] - Test Cases/mobileWeb/_include/get_screenshot: Test Cases/mobileWeb/_include/get_screenshot

2019-12-02 00:47:34 - [TEST_STEP][PASSED] - takeScreenshot(screenPath + i + ".png"): Taking screenshot successfully

2019-12-02 00:47:35 - [MESSAGE][PASSED] - Taking screenshot successfully
[[ATTACHMENT|D:\\Test\\AgileTest\\Reports\\HIC\\hic\\20191202_002446\\../Screenshots/iPhone 6/HIC/STM/Everest/20191202_004714/2.png]]

2019-12-02 00:47:35 - [TEST_STEP][PASSED] - (internal.GlobalVariable.i++): null

2019-12-02 00:47:35 - [MESSAGE][PASSED] - Call Test Case 'Test Cases/mobileWeb/_include/get_screenshot' successfully

2019-12-02 00:47:35 - [TEST_STEP][PASSED] - Thread.sleep(1000): null

2019-12-02 00:47:36 - [MESSAGE][PASSED] - Call Test Case 'Test Cases/HIC/_include/stm_census' successfully

2019-12-02 00:47:36 - [TEST_STEP][PASSED] - callTestCase(findTestCase("mobileWeb/_include/filter_stm"), ["carrier":"everest-one"], STOP_ON_FAILURE): Call Test Case 'Test Cases/mobileWeb/_include/filter_stm' successfully

2019-12-02 00:47:36 - [TEST_CASE][PASSED] - Test Cases/mobileWeb/_include/filter_stm: Test Cases/mobileWeb/_include/filter_stm

2019-12-02 00:47:36 - [TEST_STEP][PASSED] - driver = getWebDriver(): null

2019-12-02 00:47:36 - [TEST_STEP][PASSED] - selenium = new com.thoughtworks.selenium.webdriven.WebDriverBackedSelenium(driver, internal.GlobalVariable.ENV): null

2019-12-02 00:47:36 - [TEST_STEP][PASSED] - Thread.sleep(1000): null

2019-12-02 00:47:37 - [TEST_STEP][PASSED] - click(findTestObject("mobileSanity/STM/STM Quote Page/button_filters")): Object: 'Object Repository/mobileSanity/STM/STM Quote Page/button_filters' is clicked on

2019-12-02 00:47:37 - [MESSAGE][PASSED] - Object: 'Object Repository/mobileSanity/STM/STM Quote Page/button_filters' is clicked on

2019-12-02 00:47:37 - [TEST_STEP][PASSED] - Thread.sleep(1000): null

2019-12-02 00:47:38 - [TEST_STEP][PASSED] - click(findTestObject("mobileSanity/STM/STM Quote Page/i_Insurance company")): Object: 'Object Repository/mobileSanity/STM/STM Quote Page/i_Insurance company' is clicked on

2019-12-02 00:47:38 - [MESSAGE][PASSED] - Object: 'Object Repository/mobileSanity/STM/STM Quote Page/i_Insurance company' is clicked on

2019-12-02 00:47:38 - [TEST_STEP][PASSED] - Thread.sleep(1000): null

2019-12-02 00:47:39 - [TEST_STEP][PASSED] - filter_carrier = "//input[@name='filter[carrier]' and @value='" + carrier + "']/following::label": null

2019-12-02 00:47:39 - [TEST_STEP][PASSED] - println(filter_carrier): null

2019-12-02 00:47:39 - [TEST_STEP][PASSED] - test.MobileKeywords.clickJS_ByXpath(filter_carrier): test.MobileKeywords.clickJS_ByXpath is PASSED

2019-12-02 00:47:39 - [MESSAGE][PASSED] - Execute JavaScript 'arguments[0].click()' successfully

2019-12-02 00:47:39 - [MESSAGE][PASSED] - test.MobileKeywords.clickJS_ByXpath is PASSED

2019-12-02 00:47:39 - [TEST_STEP][PASSED] - scrollToElement(findTestObject("mobileSanity/STM/STM Quote Page/a_Show Plans"), 1000): Scroll to object 'Object Repository/mobileSanity/STM/STM Quote Page/a_Show Plans' successfully

2019-12-02 00:47:39 - [MESSAGE][PASSED] - Scroll to object 'Object Repository/mobileSanity/STM/STM Quote Page/a_Show Plans' successfully

2019-12-02 00:47:39 - [TEST_STEP][PASSED] - Thread.sleep(2000): null

2019-12-02 00:47:41 - [TEST_STEP][PASSED] - click(findTestObject("mobileSanity/STM/STM Quote Page/a_Show Plans")): Object: 'Object Repository/mobileSanity/STM/STM Quote Page/a_Show Plans' is clicked on

2019-12-02 00:47:41 - [MESSAGE][PASSED] - Object: 'Object Repository/mobileSanity/STM/STM Quote Page/a_Show Plans' is clicked on

2019-12-02 00:47:41 - [TEST_STEP][PASSED] - waitForJQueryLoad(20, STOP_ON_FAILURE): jQuery is ready.

2019-12-02 00:47:41 - [MESSAGE][PASSED] - jQuery is ready.

2019-12-02 00:47:41 - [TEST_STEP][PASSED] - Thread.sleep(2000): null

2019-12-02 00:47:43 - [TEST_STEP][PASSED] - callTestCase(findTestCase("mobileWeb/_include/get_screenshot"), [:], STOP_ON_FAILURE): Call Test Case 'Test Cases/mobileWeb/_include/get_screenshot' successfully

2019-12-02 00:47:43 - [TEST_CASE][PASSED] - Test Cases/mobileWeb/_include/get_screenshot: Test Cases/mobileWeb/_include/get_screenshot

2019-12-02 00:47:44 - [TEST_STEP][PASSED] - takeScreenshot(screenPath + i + ".png"): Taking screenshot successfully

2019-12-02 00:47:44 - [MESSAGE][PASSED] - Taking screenshot successfully
[[ATTACHMENT|D:\\Test\\AgileTest\\Reports\\HIC\\hic\\20191202_002446\\../Screenshots/iPhone 6/HIC/STM/Everest/20191202_004714/3.png]]

2019-12-02 00:47:44 - [TEST_STEP][PASSED] - (internal.GlobalVariable.i++): null

2019-12-02 00:47:44 - [MESSAGE][PASSED] - Call Test Case 'Test Cases/mobileWeb/_include/get_screenshot' successfully

2019-12-02 00:47:44 - [MESSAGE][PASSED] - Call Test Case 'Test Cases/mobileWeb/_include/filter_stm' successfully

2019-12-02 00:47:44 - [TEST_STEP][PASSED] - callTestCase(findTestCase("mobileWeb/_include/goToDetail_stm"), ["carrier":"everest-one"], STOP_ON_FAILURE): Call Test Case 'Test Cases/mobileWeb/_include/goToDetail_stm' successfully

2019-12-02 00:47:44 - [TEST_CASE][PASSED] - Test Cases/mobileWeb/_include/goToDetail_stm: Test Cases/mobileWeb/_include/goToDetail_stm

2019-12-02 00:47:44 - [TEST_STEP][PASSED] - driver = getWebDriver(): null

2019-12-02 00:47:44 - [TEST_STEP][PASSED] - selenium = new com.thoughtworks.selenium.webdriven.WebDriverBackedSelenium(driver, internal.GlobalVariable.ENV): null

2019-12-02 00:47:44 - [TEST_STEP][PASSED] - a_plan_name = "xpath=//a[contains(@href,'/term-health-insurance/plan/" + carrier + "')]": null

2019-12-02 00:47:44 - [TEST_STEP][PASSED] - println(a_plan_name): null

2019-12-02 00:47:44 - [TEST_STEP][PASSED] - selenium.click(a_plan_name): null

2019-12-02 00:47:45 - [TEST_STEP][PASSED] - waitForPageLoad(20): Wait for page load successfully

2019-12-02 00:47:45 - [MESSAGE][PASSED] - Wait for page load successfully

2019-12-02 00:47:45 - [TEST_STEP][PASSED] - Thread.sleep(2000): null

2019-12-02 00:47:47 - [TEST_STEP][PASSED] - callTestCase(findTestCase("mobileWeb/_include/get_screenshot"), [:], STOP_ON_FAILURE): Call Test Case 'Test Cases/mobileWeb/_include/get_screenshot' successfully

2019-12-02 00:47:47 - [TEST_CASE][PASSED] - Test Cases/mobileWeb/_include/get_screenshot: Test Cases/mobileWeb/_include/get_screenshot

2019-12-02 00:47:47 - [TEST_STEP][PASSED] - takeScreenshot(screenPath + i + ".png"): Taking screenshot successfully

2019-12-02 00:47:47 - [MESSAGE][PASSED] - Taking screenshot successfully
[[ATTACHMENT|D:\\Test\\AgileTest\\Reports\\HIC\\hic\\20191202_002446\\../Screenshots/iPhone 6/HIC/STM/Everest/20191202_004714/4.png]]

2019-12-02 00:47:47 - [TEST_STEP][PASSED] - (internal.GlobalVariable.i++): null

2019-12-02 00:47:47 - [MESSAGE][PASSED] - Call Test Case 'Test Cases/mobileWeb/_include/get_screenshot' successfully

2019-12-02 00:47:47 - [MESSAGE][PASSED] - Call Test Case 'Test Cases/mobileWeb/_include/goToDetail_stm' successfully

2019-12-02 00:47:47 - [TEST_STEP][PASSED] - callTestCase(findTestCase("mobileWeb/_include/apply_stm"), [:], STOP_ON_FAILURE): Call Test Case 'Test Cases/mobileWeb/_include/apply_stm' successfully

2019-12-02 00:47:47 - [TEST_CASE][PASSED] - Test Cases/mobileWeb/_include/apply_stm: Test Cases/mobileWeb/_include/apply_stm

2019-12-02 00:47:48 - [TEST_STEP][PASSED] - waitForElementVisible(findTestObject("mobileSanity/STM/STM PlanDetail Page/a_Apply for This Plan"), 5): Object 'Object Repository/mobileSanity/STM/STM PlanDetail Page/a_Apply for This Plan' is visible

2019-12-02 00:47:48 - [MESSAGE][PASSED] - Object 'Object Repository/mobileSanity/STM/STM PlanDetail Page/a_Apply for This Plan' is visible

2019-12-02 00:47:48 - [TEST_STEP][PASSED] - click(findTestObject("mobileSanity/STM/STM PlanDetail Page/a_Apply for This Plan")): Object: 'Object Repository/mobileSanity/STM/STM PlanDetail Page/a_Apply for This Plan' is clicked on

2019-12-02 00:47:48 - [MESSAGE][PASSED] - Object: 'Object Repository/mobileSanity/STM/STM PlanDetail Page/a_Apply for This Plan' is clicked on

2019-12-02 00:47:48 - [TEST_STEP][PASSED] - waitForPageLoad(10): Wait for page load successfully

2019-12-02 00:47:48 - [MESSAGE][PASSED] - Wait for page load successfully

2019-12-02 00:47:48 - [TEST_STEP][PASSED] - Thread.sleep(2000): null

2019-12-02 00:47:50 - [TEST_STEP][PASSED] - callTestCase(findTestCase("mobileWeb/_include/get_screenshot"), [:], STOP_ON_FAILURE): Call Test Case 'Test Cases/mobileWeb/_include/get_screenshot' successfully

2019-12-02 00:47:50 - [TEST_CASE][PASSED] - Test Cases/mobileWeb/_include/get_screenshot: Test Cases/mobileWeb/_include/get_screenshot

2019-12-02 00:47:50 - [TEST_STEP][PASSED] - takeScreenshot(screenPath + i + ".png"): Taking screenshot successfully

2019-12-02 00:47:51 - [MESSAGE][PASSED] - Taking screenshot successfully
[[ATTACHMENT|D:\\Test\\AgileTest\\Reports\\HIC\\hic\\20191202_002446\\../Screenshots/iPhone 6/HIC/STM/Everest/20191202_004714/5.png]]

2019-12-02 00:47:51 - [TEST_STEP][PASSED] - (internal.GlobalVariable.i++): null

2019-12-02 00:47:51 - [MESSAGE][PASSED] - Call Test Case 'Test Cases/mobileWeb/_include/get_screenshot' successfully

2019-12-02 00:47:51 - [TEST_STEP][PASSED] - waitForElementVisible(findTestObject("mobileSanity/STM/STM Apply Page/a_Start Secure Application"), 5): Object 'Object Repository/mobileSanity/STM/STM Apply Page/a_Start Secure Application' is visible

2019-12-02 00:47:51 - [MESSAGE][PASSED] - Object 'Object Repository/mobileSanity/STM/STM Apply Page/a_Start Secure Application' is visible

2019-12-02 00:47:51 - [TEST_STEP][PASSED] - click(findTestObject("mobileSanity/STM/STM Apply Page/a_Start Secure Application")): Object: 'Object Repository/mobileSanity/STM/STM Apply Page/a_Start Secure Application' is clicked on

2019-12-02 00:47:51 - [MESSAGE][PASSED] - Object: 'Object Repository/mobileSanity/STM/STM Apply Page/a_Start Secure Application' is clicked on

2019-12-02 00:47:51 - [TEST_STEP][PASSED] - waitForPageLoad(20): Wait for page load successfully

2019-12-02 00:47:51 - [MESSAGE][PASSED] - Wait for page load successfully

2019-12-02 00:47:51 - [TEST_STEP][PASSED] - Thread.sleep(2000): null

2019-12-02 00:47:53 - [TEST_STEP][PASSED] - callTestCase(findTestCase("mobileWeb/_include/get_screenshot"), [:], STOP_ON_FAILURE): Call Test Case 'Test Cases/mobileWeb/_include/get_screenshot' successfully

2019-12-02 00:47:53 - [TEST_CASE][PASSED] - Test Cases/mobileWeb/_include/get_screenshot: Test Cases/mobileWeb/_include/get_screenshot

2019-12-02 00:47:53 - [TEST_STEP][PASSED] - takeScreenshot(screenPath + i + ".png"): Taking screenshot successfully

2019-12-02 00:47:54 - [MESSAGE][PASSED] - Taking screenshot successfully
[[ATTACHMENT|D:\\Test\\AgileTest\\Reports\\HIC\\hic\\20191202_002446\\../Screenshots/iPhone 6/HIC/STM/Everest/20191202_004714/6.png]]

2019-12-02 00:47:54 - [TEST_STEP][PASSED] - (internal.GlobalVariable.i++): null

2019-12-02 00:47:54 - [MESSAGE][PASSED] - Call Test Case 'Test Cases/mobileWeb/_include/get_screenshot' successfully

2019-12-02 00:47:54 - [MESSAGE][PASSED] - Call Test Case 'Test Cases/mobileWeb/_include/apply_stm' successfully

2019-12-02 00:47:54 - [TEST_STEP][PASSED] - callTestCase(findTestCase("mobileWeb/_include/goToEnd_stm_autofill"), [:], STOP_ON_FAILURE): Call Test Case 'Test Cases/mobileWeb/_include/goToEnd_stm_autofill' successfully

2019-12-02 00:47:54 - [TEST_CASE][PASSED] - Test Cases/mobileWeb/_include/goToEnd_stm_autofill: Test Cases/mobileWeb/_include/goToEnd_stm_autofill

2019-12-02 00:47:54 - [TEST_STEP][PASSED] - callTestCase(findTestCase("mobileWeb/_include/name"), [:], CONTINUE_ON_FAILURE): Call Test Case 'Test Cases/mobileWeb/_include/name' successfully

2019-12-02 00:47:54 - [TEST_CASE][PASSED] - Test Cases/mobileWeb/_include/name: Test Cases/mobileWeb/_include/name

2019-12-02 00:47:54 - [TEST_STEP][PASSED] - driver = getWebDriver(): null

2019-12-02 00:47:54 - [TEST_STEP][PASSED] - selenium = new com.thoughtworks.selenium.webdriven.WebDriverBackedSelenium(driver, internal.GlobalVariable.ENV): null

2019-12-02 00:47:54 - [TEST_STEP][PASSED] - FirstName = "Test-123": null

2019-12-02 00:47:54 - [TEST_STEP][PASSED] - LastName = selenium.getEval("{var x="ABCDEFGHIJKLMNOPQRSTUVWXYZabcdefghijklmnopqrstuvwxyz"; var tmp="ZZ11-"; for (i=0;i<8;i++) tmp+=x.charAt(Math.ceil(51*Math.random()));tmp;}"): null

2019-12-02 00:47:54 - [TEST_STEP][PASSED] - Address = selenium.getEval("{var x="ABCDEFGHIJKLMNOPQRSTUVWXYZabcdefghijklmnopqrstuvwxyz"; var tmp=""; for (i=0;i<8;i++) tmp+=x.charAt(Math.ceil(51*Math.random()));tmp;}"): null

2019-12-02 00:47:54 - [TEST_STEP][PASSED] - City = selenium.getEval("{var x="ABCDEFGHIJKLMNOPQRSTUVWXYZabcdefghijklmnopqrstuvwxyz"; var tmp=""; for (i=0;i<8;i++) tmp+=x.charAt(Math.ceil(51*Math.random()));tmp;}"): null

2019-12-02 00:47:54 - [TEST_STEP][PASSED] - tel1 = selenium.getEval("{var x="123456789"; var tmp=""; for (i=0;i<3;i++) tmp+=x.charAt(Math.ceil(8*Math.random()));tmp;}"): null

2019-12-02 00:47:54 - [TEST_STEP][PASSED] - tel2 = selenium.getEval("{var x="123456789"; var tmp=""; for (i=0;i<3;i++) tmp+=x.charAt(Math.ceil(8*Math.random()));tmp;}"): null

2019-12-02 00:47:54 - [TEST_STEP][PASSED] - tel3 = selenium.getEval("{var x="123456789"; var tmp=""; for (i=0;i<4;i++) tmp+=x.charAt(Math.ceil(8*Math.random()));tmp;}"): null

2019-12-02 00:47:54 - [TEST_STEP][PASSED] - Tel = selenium.getExpression(tel1 + "-" + tel2 + "-" + tel3): null

2019-12-02 00:47:54 - [TEST_STEP][PASSED] - AutoEmail = selenium.getEval("{var x="ABCDEFGHIJKLMNOPQRSTUVWXYZabcdefghijklmnopqrstuvwxyz"; var tmp="test."; for (i=0;i<8;i++) tmp+=x.charAt(Math.ceil(51*Math.random()));tmp+="@suryani.cn";}"): null

2019-12-02 00:47:54 - [TEST_STEP][PASSED] - FirstName = FirstName: null

2019-12-02 00:47:54 - [TEST_STEP][PASSED] - LastName = LastName: null

2019-12-02 00:47:54 - [TEST_STEP][PASSED] - Address = Address: null

2019-12-02 00:47:54 - [TEST_STEP][PASSED] - City = City: null

2019-12-02 00:47:54 - [TEST_STEP][PASSED] - Tel = Tel: null

2019-12-02 00:47:54 - [TEST_STEP][PASSED] - AutoEmail = AutoEmail: null

2019-12-02 00:47:54 - [TEST_STEP][PASSED] - println(FirstName): null

2019-12-02 00:47:54 - [TEST_STEP][PASSED] - println(LastName): null

2019-12-02 00:47:54 - [TEST_STEP][PASSED] - println(Address): null

2019-12-02 00:47:54 - [TEST_STEP][PASSED] - println(City): null

2019-12-02 00:47:54 - [TEST_STEP][PASSED] - println(Tel): null

2019-12-02 00:47:54 - [TEST_STEP][PASSED] - println(AutoEmail): null

2019-12-02 00:47:54 - [MESSAGE][PASSED] - Call Test Case 'Test Cases/mobileWeb/_include/name' successfully

2019-12-02 00:47:54 - [TEST_STEP][FAILED] - try: Unable to verify text 'Month Duration Acknowledgement' is present  (Root cause: com.kms.katalon.core.exception.StepFailedException: Text 'Month Duration Acknowledgement' is not present on page )

2019-12-02 00:47:54 - [TEST_STEP][FAILED] - if (verifyTextPresent("Month Duration Acknowledgement", false)): Unable to verify text 'Month Duration Acknowledgement' is present  (Root cause: com.kms.katalon.core.exception.StepFailedException: Text 'Month Duration Acknowledgement' is not present on page )

2019-12-02 00:47:54 - [MESSAGE][FAILED] - Text 'Month Duration Acknowledgement' is not present on page 

2019-12-02 00:47:54 - [MESSAGE][FAILED] - Unable to verify text 'Month Duration Acknowledgement' is present  (Root cause: com.kms.katalon.core.exception.StepFailedException: Text 'Month Duration Acknowledgement' is not present on page )
[[ATTACHMENT|D:\\Test\\AgileTest\\Reports\\HIC\\hic\\20191202_002446\\1575265674630.png]]

2019-12-02 00:47:54 - [TEST_STEP][PASSED] - catch (Exception e): null

2019-12-02 00:47:54 - [TEST_STEP][PASSED] - println("no consecutive"): null

2019-12-02 00:47:54 - [TEST_STEP][PASSED] - waitForPageLoad(10): Wait for page load successfully

2019-12-02 00:47:55 - [MESSAGE][PASSED] - Wait for page load successfully

2019-12-02 00:47:55 - [TEST_STEP][PASSED] - Thread.sleep(3000): null

2019-12-02 00:47:58 - [TEST_STEP][PASSED] - waitForElementVisible(findTestObject("mobileSanity/STM/Page_App Page 1/a_Autofill App Info"), 20): Object 'Object Repository/mobileSanity/STM/Page_App Page 1/a_Autofill App Info' is visible

2019-12-02 00:47:58 - [MESSAGE][PASSED] - Object 'Object Repository/mobileSanity/STM/Page_App Page 1/a_Autofill App Info' is visible

2019-12-02 00:47:58 - [TEST_STEP][PASSED] - click(findTestObject("mobileSanity/STM/Page_App Page 1/a_Autofill App Info")): Object: 'Object Repository/mobileSanity/STM/Page_App Page 1/a_Autofill App Info' is clicked on

2019-12-02 00:47:58 - [MESSAGE][PASSED] - Object: 'Object Repository/mobileSanity/STM/Page_App Page 1/a_Autofill App Info' is clicked on

2019-12-02 00:47:58 - [TEST_STEP][PASSED] - Thread.sleep(1000): null

2019-12-02 00:47:59 - [TEST_STEP][PASSED] - click(findTestObject("mobileSanity/STM/Page_App Page 1/a_Autofill App Info")): Object: 'Object Repository/mobileSanity/STM/Page_App Page 1/a_Autofill App Info' is clicked on

2019-12-02 00:47:59 - [MESSAGE][PASSED] - Object: 'Object Repository/mobileSanity/STM/Page_App Page 1/a_Autofill App Info' is clicked on

2019-12-02 00:47:59 - [TEST_STEP][PASSED] - Thread.sleep(1000): null

2019-12-02 00:48:00 - [TEST_STEP][PASSED] - waitForElementVisible(findTestObject("mobileSanity/STM/Page_App Page 1/a_Continue"), 20): Object 'Object Repository/mobileSanity/STM/Page_App Page 1/a_Continue' is visible

2019-12-02 00:48:00 - [MESSAGE][PASSED] - Object 'Object Repository/mobileSanity/STM/Page_App Page 1/a_Continue' is visible

2019-12-02 00:48:00 - [TEST_STEP][PASSED] - click(findTestObject("mobileSanity/STM/Page_App Page 1/a_Continue")): Object: 'Object Repository/mobileSanity/STM/Page_App Page 1/a_Continue' is clicked on

2019-12-02 00:48:00 - [MESSAGE][PASSED] - Object: 'Object Repository/mobileSanity/STM/Page_App Page 1/a_Continue' is clicked on

2019-12-02 00:48:00 - [TEST_STEP][PASSED] - waitForPageLoad(20): Wait for page load successfully

2019-12-02 00:48:00 - [MESSAGE][PASSED] - Wait for page load successfully

2019-12-02 00:48:00 - [TEST_STEP][PASSED] - Thread.sleep(5000): null

2019-12-02 00:48:05 - [TEST_STEP][PASSED] - callTestCase(findTestCase("mobileWeb/_include/get_screenshot"), [:], STOP_ON_FAILURE): Call Test Case 'Test Cases/mobileWeb/_include/get_screenshot' successfully

2019-12-02 00:48:05 - [TEST_CASE][PASSED] - Test Cases/mobileWeb/_include/get_screenshot: Test Cases/mobileWeb/_include/get_screenshot

2019-12-02 00:48:05 - [TEST_STEP][PASSED] - takeScreenshot(screenPath + i + ".png"): Taking screenshot successfully

2019-12-02 00:48:05 - [MESSAGE][PASSED] - Taking screenshot successfully
[[ATTACHMENT|D:\\Test\\AgileTest\\Reports\\HIC\\hic\\20191202_002446\\../Screenshots/iPhone 6/HIC/STM/Everest/20191202_004714/7.png]]

2019-12-02 00:48:05 - [TEST_STEP][PASSED] - (internal.GlobalVariable.i++): null

2019-12-02 00:48:05 - [MESSAGE][PASSED] - Call Test Case 'Test Cases/mobileWeb/_include/get_screenshot' successfully

2019-12-02 00:48:05 - [TEST_STEP][PASSED] - click(findTestObject("mobileSanity/STM/Page_App Page 2/a_Continue to Step 3 - Payment")): Object: 'Object Repository/mobileSanity/STM/Page_App Page 2/a_Continue to Step 3 - Payment' is clicked on

2019-12-02 00:48:06 - [MESSAGE][PASSED] - Object: 'Object Repository/mobileSanity/STM/Page_App Page 2/a_Continue to Step 3 - Payment' is clicked on

2019-12-02 00:48:06 - [TEST_STEP][PASSED] - waitForPageLoad(20): Wait for page load successfully

2019-12-02 00:48:06 - [MESSAGE][PASSED] - Wait for page load successfully

2019-12-02 00:48:06 - [TEST_STEP][PASSED] - waitForElementVisible(findTestObject("mobileSanity/STM/Page_App Page 3/input__credit-card-cvv"), 20): Object 'Object Repository/mobileSanity/STM/Page_App Page 3/input__credit-card-cvv' is visible

2019-12-02 00:48:06 - [MESSAGE][PASSED] - Object 'Object Repository/mobileSanity/STM/Page_App Page 3/input__credit-card-cvv' is visible

2019-12-02 00:48:06 - [TEST_STEP][PASSED] - Thread.sleep(2000): null

2019-12-02 00:48:08 - [TEST_STEP][PASSED] - callTestCase(findTestCase("mobileWeb/_include/get_screenshot"), [:], STOP_ON_FAILURE): Call Test Case 'Test Cases/mobileWeb/_include/get_screenshot' successfully

2019-12-02 00:48:08 - [TEST_CASE][PASSED] - Test Cases/mobileWeb/_include/get_screenshot: Test Cases/mobileWeb/_include/get_screenshot

2019-12-02 00:48:08 - [TEST_STEP][PASSED] - takeScreenshot(screenPath + i + ".png"): Taking screenshot successfully

2019-12-02 00:48:08 - [MESSAGE][PASSED] - Taking screenshot successfully
[[ATTACHMENT|D:\\Test\\AgileTest\\Reports\\HIC\\hic\\20191202_002446\\../Screenshots/iPhone 6/HIC/STM/Everest/20191202_004714/8.png]]

2019-12-02 00:48:08 - [TEST_STEP][PASSED] - (internal.GlobalVariable.i++): null

2019-12-02 00:48:08 - [MESSAGE][PASSED] - Call Test Case 'Test Cases/mobileWeb/_include/get_screenshot' successfully

2019-12-02 00:48:08 - [TEST_STEP][PASSED] - clearText(findTestObject("mobileSanity/STM/Page_App Page 3/input__credit-card-cvv")): Text of object 'Object Repository/mobileSanity/STM/Page_App Page 3/input__credit-card-cvv' is cleared

2019-12-02 00:48:08 - [MESSAGE][PASSED] - Text of object 'Object Repository/mobileSanity/STM/Page_App Page 3/input__credit-card-cvv' is cleared

2019-12-02 00:48:08 - [TEST_STEP][PASSED] - setText(findTestObject("mobileSanity/STM/Page_App Page 3/input__credit-card-cvv"), "123"): Text '123' is set on object 'Object Repository/mobileSanity/STM/Page_App Page 3/input__credit-card-cvv'

2019-12-02 00:48:08 - [MESSAGE][PASSED] - Text '123' is set on object 'Object Repository/mobileSanity/STM/Page_App Page 3/input__credit-card-cvv'

2019-12-02 00:48:08 - [TEST_STEP][PASSED] - click(findTestObject("mobileSanity/STM/Page_App Page 3/label_I Accept Authorization f")): Object: 'Object Repository/mobileSanity/STM/Page_App Page 3/label_I Accept Authorization f' is clicked on

2019-12-02 00:48:09 - [MESSAGE][PASSED] - Object: 'Object Repository/mobileSanity/STM/Page_App Page 3/label_I Accept Authorization f' is clicked on

2019-12-02 00:48:09 - [TEST_STEP][PASSED] - click(findTestObject("mobileSanity/STM/Page_App Page 3/a_Continue to Step 4 - Review")): Object: 'Object Repository/mobileSanity/STM/Page_App Page 3/a_Continue to Step 4 - Review' is clicked on

2019-12-02 00:48:09 - [MESSAGE][PASSED] - Object: 'Object Repository/mobileSanity/STM/Page_App Page 3/a_Continue to Step 4 - Review' is clicked on

2019-12-02 00:48:09 - [TEST_STEP][PASSED] - waitForPageLoad(10): Wait for page load successfully

2019-12-02 00:48:09 - [MESSAGE][PASSED] - Wait for page load successfully

2019-12-02 00:48:09 - [TEST_STEP][PASSED] - waitForElementClickable(findTestObject("mobileSanity/STM/Page_App Page 4/label"), 10): Object 'Object Repository/mobileSanity/STM/Page_App Page 4/label' is clickable

2019-12-02 00:48:09 - [MESSAGE][PASSED] - Object 'Object Repository/mobileSanity/STM/Page_App Page 4/label' is clickable

2019-12-02 00:48:09 - [TEST_STEP][PASSED] - Thread.sleep(2000): null

2019-12-02 00:48:11 - [TEST_STEP][PASSED] - callTestCase(findTestCase("mobileWeb/_include/get_screenshot"), [:], STOP_ON_FAILURE): Call Test Case 'Test Cases/mobileWeb/_include/get_screenshot' successfully

2019-12-02 00:48:11 - [TEST_CASE][PASSED] - Test Cases/mobileWeb/_include/get_screenshot: Test Cases/mobileWeb/_include/get_screenshot

2019-12-02 00:48:11 - [TEST_STEP][PASSED] - takeScreenshot(screenPath + i + ".png"): Taking screenshot successfully

2019-12-02 00:48:12 - [MESSAGE][PASSED] - Taking screenshot successfully
[[ATTACHMENT|D:\\Test\\AgileTest\\Reports\\HIC\\hic\\20191202_002446\\../Screenshots/iPhone 6/HIC/STM/Everest/20191202_004714/9.png]]

2019-12-02 00:48:12 - [TEST_STEP][PASSED] - (internal.GlobalVariable.i++): null

2019-12-02 00:48:12 - [MESSAGE][PASSED] - Call Test Case 'Test Cases/mobileWeb/_include/get_screenshot' successfully

2019-12-02 00:48:12 - [TEST_STEP][PASSED] - click(findTestObject("mobileSanity/STM/Page_App Page 4/label")): Object: 'Object Repository/mobileSanity/STM/Page_App Page 4/label' is clicked on

2019-12-02 00:48:12 - [MESSAGE][PASSED] - Object: 'Object Repository/mobileSanity/STM/Page_App Page 4/label' is clicked on

2019-12-02 00:48:12 - [TEST_STEP][PASSED] - click(findTestObject("mobileSanity/STM/Page_App Page 4/div_CLICK TO SIGN")): Object: 'Object Repository/mobileSanity/STM/Page_App Page 4/div_CLICK TO SIGN' is clicked on

2019-12-02 00:48:12 - [MESSAGE][PASSED] - Object: 'Object Repository/mobileSanity/STM/Page_App Page 4/div_CLICK TO SIGN' is clicked on

2019-12-02 00:48:12 - [TEST_STEP][PASSED] - click(findTestObject("mobileSanity/STM/Page_App Page 4/a_Submit Your Application")): Object: 'Object Repository/mobileSanity/STM/Page_App Page 4/a_Submit Your Application' is clicked on

2019-12-02 00:48:12 - [MESSAGE][PASSED] - Object: 'Object Repository/mobileSanity/STM/Page_App Page 4/a_Submit Your Application' is clicked on

2019-12-02 00:48:12 - [TEST_STEP][PASSED] - Thread.sleep(30000): null

2019-12-02 00:48:42 - [TEST_STEP][PASSED] - waitForElementPresent(findTestObject("mobileSanity/STM/Page_App Page 6/app-page-wrapper"), 20): Object 'Object Repository/mobileSanity/STM/Page_App Page 6/app-page-wrapper' is present

2019-12-02 00:48:42 - [MESSAGE][PASSED] - Object 'Object Repository/mobileSanity/STM/Page_App Page 6/app-page-wrapper' is present

2019-12-02 00:48:42 - [TEST_STEP][PASSED] - callTestCase(findTestCase("mobileWeb/_include/get_screenshot"), [:], STOP_ON_FAILURE): Call Test Case 'Test Cases/mobileWeb/_include/get_screenshot' successfully

2019-12-02 00:48:42 - [TEST_CASE][PASSED] - Test Cases/mobileWeb/_include/get_screenshot: Test Cases/mobileWeb/_include/get_screenshot

2019-12-02 00:48:42 - [TEST_STEP][PASSED] - takeScreenshot(screenPath + i + ".png"): Taking screenshot successfully

2019-12-02 00:48:43 - [MESSAGE][PASSED] - Taking screenshot successfully
[[ATTACHMENT|D:\\Test\\AgileTest\\Reports\\HIC\\hic\\20191202_002446\\../Screenshots/iPhone 6/HIC/STM/Everest/20191202_004714/10.png]]

2019-12-02 00:48:43 - [TEST_STEP][PASSED] - (internal.GlobalVariable.i++): null

2019-12-02 00:48:43 - [MESSAGE][PASSED] - Call Test Case 'Test Cases/mobileWeb/_include/get_screenshot' successfully

2019-12-02 00:48:43 - [MESSAGE][PASSED] - Call Test Case 'Test Cases/mobileWeb/_include/goToEnd_stm_autofill' successfully]]></system-out>
         <system-err><![CDATA[]]></system-err>
      </testcase>
      <testcase name="Test Cases/HIC/STM/NationalGeneral" classname="Test Cases/HIC/STM/NationalGeneral" status="FAILED">
         <failure type="FAILED" message="Test Cases/HIC/STM/NationalGeneral FAILED.
Reason:
com.kms.katalon.core.exception.StepFailedException: Unable to clear text of object 'Object Repository/mobileSanity/STM/Page_App Page 3/input__credit-card-cvv' (Root cause: com.kms.katalon.core.webui.exception.WebElementNotFoundException: Web element with id: 'Object Repository/mobileSanity/STM/Page_App Page 3/input__credit-card-cvv' located by 'By.xpath: id(&quot;credit-card-cvv&quot;)[count(. | //input[@type = 'text' and @id = 'credit-card-cvv']) = count(//input[@type = 'text' and @id = 'credit-card-cvv'])]' not found)
	at com.kms.katalon.core.keyword.internal.KeywordMain.stepFailed(KeywordMain.groovy:36)
	at com.kms.katalon.core.webui.keyword.internal.WebUIKeywordMain.stepFailed(WebUIKeywordMain.groovy:65)
	at com.kms.katalon.core.webui.keyword.internal.WebUIKeywordMain.runKeyword(WebUIKeywordMain.groovy:43)
	at com.kms.katalon.core.webui.keyword.builtin.ClearTextKeyword.clearText(ClearTextKeyword.groovy:61)
	at com.kms.katalon.core.webui.keyword.builtin.ClearTextKeyword.execute(ClearTextKeyword.groovy:34)
	at com.kms.katalon.core.keyword.internal.KeywordExecutor.executeKeywordForPlatform(KeywordExecutor.groovy:53)
	at com.kms.katalon.core.webui.keyword.WebUiBuiltInKeywords.clearText(WebUiBuiltInKeywords.groovy:3817)
	at com.kms.katalon.core.webui.keyword.WebUiBuiltInKeywords$clearText$13.call(Unknown Source)
	at goToEnd_stm_autofill.run(goToEnd_stm_autofill:71)
	at com.kms.katalon.core.main.ScriptEngine.run(ScriptEngine.java:194)
	at com.kms.katalon.core.main.ScriptEngine.runScriptAsRawText(ScriptEngine.java:119)
	at com.kms.katalon.core.main.TestCaseExecutor.runScript(TestCaseExecutor.java:328)
	at com.kms.katalon.core.main.TestCaseExecutor.doExecute(TestCaseExecutor.java:319)
	at com.kms.katalon.core.main.TestCaseExecutor.processExecutionPhase(TestCaseExecutor.java:298)
	at com.kms.katalon.core.main.TestCaseExecutor.accessMainPhase(TestCaseExecutor.java:290)
	at com.kms.katalon.core.main.TestCaseExecutor.execute(TestCaseExecutor.java:224)
	at com.kms.katalon.core.main.TestCaseMain.runTestCase(TestCaseMain.java:106)
	at com.kms.katalon.core.keyword.builtin.CallTestCaseKeyword$_callTestCase_closure1.doCall(CallTestCaseKeyword.groovy:59)
	at com.kms.katalon.core.keyword.builtin.CallTestCaseKeyword$_callTestCase_closure1.call(CallTestCaseKeyword.groovy)
	at com.kms.katalon.core.keyword.internal.KeywordMain.runKeyword(KeywordMain.groovy:54)
	at com.kms.katalon.core.keyword.builtin.CallTestCaseKeyword.callTestCase(CallTestCaseKeyword.groovy:80)
	at com.kms.katalon.core.keyword.builtin.CallTestCaseKeyword.execute(CallTestCaseKeyword.groovy:44)
	at com.kms.katalon.core.keyword.internal.KeywordExecutor.executeKeywordForPlatform(KeywordExecutor.groovy:53)
	at com.kms.katalon.core.keyword.BuiltinKeywords.callTestCase(BuiltinKeywords.groovy:334)
	at NationalGeneral.run(NationalGeneral:41)
	at com.kms.katalon.core.main.ScriptEngine.run(ScriptEngine.java:194)
	at com.kms.katalon.core.main.ScriptEngine.runScriptAsRawText(ScriptEngine.java:119)
	at com.kms.katalon.core.main.TestCaseExecutor.runScript(TestCaseExecutor.java:328)
	at com.kms.katalon.core.main.TestCaseExecutor.doExecute(TestCaseExecutor.java:319)
	at com.kms.katalon.core.main.TestCaseExecutor.processExecutionPhase(TestCaseExecutor.java:298)
	at com.kms.katalon.core.main.TestCaseExecutor.accessMainPhase(TestCaseExecutor.java:290)
	at com.kms.katalon.core.main.TestCaseExecutor.execute(TestCaseExecutor.java:224)
	at com.kms.katalon.core.main.TestSuiteExecutor.accessTestCaseMainPhase(TestSuiteExecutor.java:129)
	at com.kms.katalon.core.main.TestSuiteExecutor.accessTestSuiteMainPhase(TestSuiteExecutor.java:112)
	at com.kms.katalon.core.main.TestSuiteExecutor.execute(TestSuiteExecutor.java:81)
	at com.kms.katalon.core.main.TestCaseMain.startTestSuite(TestCaseMain.java:149)
	at com.kms.katalon.core.main.TestCaseMain$startTestSuite$0.call(Unknown Source)
	at TempTestSuite1575264286726.run(TempTestSuite1575264286726.groovy:36)
"/>
         <system-out><![CDATA[2019-12-02 00:48:43 - [TEST_CASE][FAILED] - Test Cases/HIC/STM/NationalGeneral: Test Cases/HIC/STM/NationalGeneral FAILED.
Reason:
com.kms.katalon.core.exception.StepFailedException: Unable to clear text of object 'Object Repository/mobileSanity/STM/Page_App Page 3/input__credit-card-cvv' (Root cause: com.kms.katalon.core.webui.exception.WebElementNotFoundException: Web element with id: 'Object Repository/mobileSanity/STM/Page_App Page 3/input__credit-card-cvv' located by 'By.xpath: id("credit-card-cvv")[count(. | //input[@type = 'text' and @id = 'credit-card-cvv']) = count(//input[@type = 'text' and @id = 'credit-card-cvv'])]' not found)
	at com.kms.katalon.core.keyword.internal.KeywordMain.stepFailed(KeywordMain.groovy:36)
	at com.kms.katalon.core.webui.keyword.internal.WebUIKeywordMain.stepFailed(WebUIKeywordMain.groovy:65)
	at com.kms.katalon.core.webui.keyword.internal.WebUIKeywordMain.runKeyword(WebUIKeywordMain.groovy:43)
	at com.kms.katalon.core.webui.keyword.builtin.ClearTextKeyword.clearText(ClearTextKeyword.groovy:61)
	at com.kms.katalon.core.webui.keyword.builtin.ClearTextKeyword.execute(ClearTextKeyword.groovy:34)
	at com.kms.katalon.core.keyword.internal.KeywordExecutor.executeKeywordForPlatform(KeywordExecutor.groovy:53)
	at com.kms.katalon.core.webui.keyword.WebUiBuiltInKeywords.clearText(WebUiBuiltInKeywords.groovy:3817)
	at com.kms.katalon.core.webui.keyword.WebUiBuiltInKeywords$clearText$13.call(Unknown Source)
	at goToEnd_stm_autofill.run(goToEnd_stm_autofill:71)
	at com.kms.katalon.core.main.ScriptEngine.run(ScriptEngine.java:194)
	at com.kms.katalon.core.main.ScriptEngine.runScriptAsRawText(ScriptEngine.java:119)
	at com.kms.katalon.core.main.TestCaseExecutor.runScript(TestCaseExecutor.java:328)
	at com.kms.katalon.core.main.TestCaseExecutor.doExecute(TestCaseExecutor.java:319)
	at com.kms.katalon.core.main.TestCaseExecutor.processExecutionPhase(TestCaseExecutor.java:298)
	at com.kms.katalon.core.main.TestCaseExecutor.accessMainPhase(TestCaseExecutor.java:290)
	at com.kms.katalon.core.main.TestCaseExecutor.execute(TestCaseExecutor.java:224)
	at com.kms.katalon.core.main.TestCaseMain.runTestCase(TestCaseMain.java:106)
	at com.kms.katalon.core.keyword.builtin.CallTestCaseKeyword$_callTestCase_closure1.doCall(CallTestCaseKeyword.groovy:59)
	at com.kms.katalon.core.keyword.builtin.CallTestCaseKeyword$_callTestCase_closure1.call(CallTestCaseKeyword.groovy)
	at com.kms.katalon.core.keyword.internal.KeywordMain.runKeyword(KeywordMain.groovy:54)
	at com.kms.katalon.core.keyword.builtin.CallTestCaseKeyword.callTestCase(CallTestCaseKeyword.groovy:80)
	at com.kms.katalon.core.keyword.builtin.CallTestCaseKeyword.execute(CallTestCaseKeyword.groovy:44)
	at com.kms.katalon.core.keyword.internal.KeywordExecutor.executeKeywordForPlatform(KeywordExecutor.groovy:53)
	at com.kms.katalon.core.keyword.BuiltinKeywords.callTestCase(BuiltinKeywords.groovy:334)
	at NationalGeneral.run(NationalGeneral:41)
	at com.kms.katalon.core.main.ScriptEngine.run(ScriptEngine.java:194)
	at com.kms.katalon.core.main.ScriptEngine.runScriptAsRawText(ScriptEngine.java:119)
	at com.kms.katalon.core.main.TestCaseExecutor.runScript(TestCaseExecutor.java:328)
	at com.kms.katalon.core.main.TestCaseExecutor.doExecute(TestCaseExecutor.java:319)
	at com.kms.katalon.core.main.TestCaseExecutor.processExecutionPhase(TestCaseExecutor.java:298)
	at com.kms.katalon.core.main.TestCaseExecutor.accessMainPhase(TestCaseExecutor.java:290)
	at com.kms.katalon.core.main.TestCaseExecutor.execute(TestCaseExecutor.java:224)
	at com.kms.katalon.core.main.TestSuiteExecutor.accessTestCaseMainPhase(TestSuiteExecutor.java:129)
	at com.kms.katalon.core.main.TestSuiteExecutor.accessTestSuiteMainPhase(TestSuiteExecutor.java:112)
	at com.kms.katalon.core.main.TestSuiteExecutor.execute(TestSuiteExecutor.java:81)
	at com.kms.katalon.core.main.TestCaseMain.startTestSuite(TestCaseMain.java:149)
	at com.kms.katalon.core.main.TestCaseMain$startTestSuite$0.call(Unknown Source)
	at TempTestSuite1575264286726.run(TempTestSuite1575264286726.groovy:36)


2019-12-02 00:48:43 - [TEST_STEP][PASSED] - callTestCase(findTestCase("HIC/_include/get_hicScreenPath"), ["project":"HIC", "productLine":"STM", "carrierName":"National General"], CONTINUE_ON_FAILURE): Call Test Case 'Test Cases/HIC/_include/get_hicScreenPath' successfully

2019-12-02 00:48:43 - [TEST_CASE][PASSED] - Test Cases/HIC/_include/get_hicScreenPath: Test Cases/HIC/_include/get_hicScreenPath

2019-12-02 00:48:43 - [TEST_STEP][PASSED] - m = getExecutionProperties(): null

2019-12-02 00:48:43 - [TEST_STEP][PASSED] - deviceName = get("mobileEmulation").get("deviceName"): null

2019-12-02 00:48:43 - [TEST_STEP][PASSED] - println(deviceName): null

2019-12-02 00:48:43 - [TEST_STEP][PASSED] - now = new java.util.Date(): null

2019-12-02 00:48:43 - [TEST_STEP][PASSED] - mydate = now.format("yyyyMMdd_HHmmss"): null

2019-12-02 00:48:43 - [TEST_STEP][PASSED] - screenPath = "../Screenshots/": null

2019-12-02 00:48:43 - [TEST_STEP][PASSED] - screenPath = screenPath + deviceName + "/" + project + "/" + productLine + "/" + carrierName + "/" + mydate + "/": null

2019-12-02 00:48:43 - [TEST_STEP][PASSED] - println(screenPath): null

2019-12-02 00:48:43 - [MESSAGE][PASSED] - Call Test Case 'Test Cases/HIC/_include/get_hicScreenPath' successfully

2019-12-02 00:48:43 - [TEST_STEP][PASSED] - i = 0: null

2019-12-02 00:48:43 - [TEST_STEP][PASSED] - callTestCase(findTestCase("mobileWeb/_include/openWebSite"), ["env":"https://qa.healthinsurance.com/"], CONTINUE_ON_FAILURE): Call Test Case 'Test Cases/mobileWeb/_include/openWebSite' successfully

2019-12-02 00:48:43 - [TEST_CASE][PASSED] - Test Cases/mobileWeb/_include/openWebSite: Test Cases/mobileWeb/_include/openWebSite

2019-12-02 00:48:43 - [TEST_STEP][PASSED] - openBrowser(env): Browser is opened with url: 'https://qa.healthinsurance.com/'

2019-12-02 00:48:43 - [MESSAGE][WARNING] - A browser is already opened. Closing browser and opening a new one

2019-12-02 00:48:44 - [MESSAGE][INFO] - Starting 'Chrome' driver

2019-12-02 00:48:44 - [MESSAGE][INFO] - User set preference: ['mobileEmulation', '{deviceName=iPhone 6}']

2019-12-02 00:48:44 - [MESSAGE][INFO] - User set preference: ['args', '[--incognito, --aggressive-cache-discard, --window-size=375,677, --no-sandbox]']

2019-12-02 00:48:47 - [MESSAGE][PASSED] - Browser is opened with url: 'https://qa.healthinsurance.com/'

2019-12-02 00:48:47 - [TEST_STEP][PASSED] - waitForPageLoad(20): Wait for page load successfully

2019-12-02 00:48:47 - [MESSAGE][PASSED] - Wait for page load successfully

2019-12-02 00:48:47 - [TEST_STEP][PASSED] - callTestCase(findTestCase("mobileWeb/_include/get_screenshot"), [:], STOP_ON_FAILURE): Call Test Case 'Test Cases/mobileWeb/_include/get_screenshot' successfully

2019-12-02 00:48:47 - [TEST_CASE][PASSED] - Test Cases/mobileWeb/_include/get_screenshot: Test Cases/mobileWeb/_include/get_screenshot

2019-12-02 00:48:47 - [TEST_STEP][PASSED] - takeScreenshot(screenPath + i + ".png"): Taking screenshot successfully

2019-12-02 00:48:47 - [MESSAGE][PASSED] - Taking screenshot successfully
[[ATTACHMENT|D:\\Test\\AgileTest\\Reports\\HIC\\hic\\20191202_002446\\../Screenshots/iPhone 6/HIC/STM/National General/20191202_004843/0.png]]

2019-12-02 00:48:47 - [TEST_STEP][PASSED] - (internal.GlobalVariable.i++): null

2019-12-02 00:48:47 - [MESSAGE][PASSED] - Call Test Case 'Test Cases/mobileWeb/_include/get_screenshot' successfully

2019-12-02 00:48:47 - [MESSAGE][PASSED] - Call Test Case 'Test Cases/mobileWeb/_include/openWebSite' successfully

2019-12-02 00:48:47 - [TEST_STEP][PASSED] - click(findTestObject("hic/nav/navButton")): Object: 'Object Repository/hic/nav/navButton' is clicked on

2019-12-02 00:48:47 - [MESSAGE][PASSED] - Object: 'Object Repository/hic/nav/navButton' is clicked on

2019-12-02 00:48:47 - [TEST_STEP][PASSED] - Thread.sleep(2000): null

2019-12-02 00:48:49 - [TEST_STEP][PASSED] - click(findTestObject("hic/nav/stmLink")): Object: 'Object Repository/hic/nav/stmLink' is clicked on

2019-12-02 00:48:49 - [MESSAGE][PASSED] - Object: 'Object Repository/hic/nav/stmLink' is clicked on

2019-12-02 00:48:49 - [TEST_STEP][PASSED] - Thread.sleep(2000): null

2019-12-02 00:48:51 - [TEST_STEP][PASSED] - callTestCase(findTestCase("mobileWeb/_include/get_screenshot"), [:], STOP_ON_FAILURE): Call Test Case 'Test Cases/mobileWeb/_include/get_screenshot' successfully

2019-12-02 00:48:51 - [TEST_CASE][PASSED] - Test Cases/mobileWeb/_include/get_screenshot: Test Cases/mobileWeb/_include/get_screenshot

2019-12-02 00:48:51 - [TEST_STEP][PASSED] - takeScreenshot(screenPath + i + ".png"): Taking screenshot successfully

2019-12-02 00:48:52 - [MESSAGE][PASSED] - Taking screenshot successfully
[[ATTACHMENT|D:\\Test\\AgileTest\\Reports\\HIC\\hic\\20191202_002446\\../Screenshots/iPhone 6/HIC/STM/National General/20191202_004843/1.png]]

2019-12-02 00:48:52 - [TEST_STEP][PASSED] - (internal.GlobalVariable.i++): null

2019-12-02 00:48:52 - [MESSAGE][PASSED] - Call Test Case 'Test Cases/mobileWeb/_include/get_screenshot' successfully

2019-12-02 00:48:52 - [TEST_STEP][PASSED] - callTestCase(findTestCase("HIC/_include/stm_census"), ["zipcode":"35215"], STOP_ON_FAILURE): Call Test Case 'Test Cases/HIC/_include/stm_census' successfully

2019-12-02 00:48:52 - [TEST_CASE][PASSED] - Test Cases/HIC/_include/stm_census: Test Cases/HIC/_include/stm_census

2019-12-02 00:48:52 - [TEST_STEP][PASSED] - setText(findTestObject("hic/stm/zip"), zipcode): Text '35215' is set on object 'Object Repository/hic/stm/zip'

2019-12-02 00:48:52 - [MESSAGE][PASSED] - Text '35215' is set on object 'Object Repository/hic/stm/zip'

2019-12-02 00:48:52 - [TEST_STEP][PASSED] - Thread.sleep(500): null

2019-12-02 00:48:53 - [TEST_STEP][PASSED] - setText(findTestObject("hic/stm/primaryDOB"), "03031987"): Text '03031987' is set on object 'Object Repository/hic/stm/primaryDOB'

2019-12-02 00:48:53 - [MESSAGE][PASSED] - Text '03031987' is set on object 'Object Repository/hic/stm/primaryDOB'

2019-12-02 00:48:53 - [TEST_STEP][PASSED] - click(findTestObject("hic/stm/female")): Object: 'Object Repository/hic/stm/female' is clicked on

2019-12-02 00:48:53 - [MESSAGE][PASSED] - Object: 'Object Repository/hic/stm/female' is clicked on

2019-12-02 00:48:53 - [TEST_STEP][PASSED] - Thread.sleep(3000): null

2019-12-02 00:48:56 - [TEST_STEP][PASSED] - click(findTestObject("hic/stm/submitButton")): Object: 'Object Repository/hic/stm/submitButton' is clicked on

2019-12-02 00:48:57 - [MESSAGE][PASSED] - Object: 'Object Repository/hic/stm/submitButton' is clicked on

2019-12-02 00:48:57 - [TEST_STEP][PASSED] - Thread.sleep(6000): null

2019-12-02 00:49:03 - [TEST_STEP][PASSED] - callTestCase(findTestCase("mobileWeb/_include/get_screenshot"), [:], STOP_ON_FAILURE): Call Test Case 'Test Cases/mobileWeb/_include/get_screenshot' successfully

2019-12-02 00:49:03 - [TEST_CASE][PASSED] - Test Cases/mobileWeb/_include/get_screenshot: Test Cases/mobileWeb/_include/get_screenshot

2019-12-02 00:49:03 - [TEST_STEP][PASSED] - takeScreenshot(screenPath + i + ".png"): Taking screenshot successfully

2019-12-02 00:49:04 - [MESSAGE][PASSED] - Taking screenshot successfully
[[ATTACHMENT|D:\\Test\\AgileTest\\Reports\\HIC\\hic\\20191202_002446\\../Screenshots/iPhone 6/HIC/STM/National General/20191202_004843/2.png]]

2019-12-02 00:49:04 - [TEST_STEP][PASSED] - (internal.GlobalVariable.i++): null

2019-12-02 00:49:04 - [MESSAGE][PASSED] - Call Test Case 'Test Cases/mobileWeb/_include/get_screenshot' successfully

2019-12-02 00:49:04 - [TEST_STEP][PASSED] - Thread.sleep(1000): null

2019-12-02 00:49:05 - [MESSAGE][PASSED] - Call Test Case 'Test Cases/HIC/_include/stm_census' successfully

2019-12-02 00:49:05 - [TEST_STEP][PASSED] - callTestCase(findTestCase("mobileWeb/_include/filter_stm"), ["carrier":"nationalgeneral"], STOP_ON_FAILURE): Call Test Case 'Test Cases/mobileWeb/_include/filter_stm' successfully

2019-12-02 00:49:05 - [TEST_CASE][PASSED] - Test Cases/mobileWeb/_include/filter_stm: Test Cases/mobileWeb/_include/filter_stm

2019-12-02 00:49:05 - [TEST_STEP][PASSED] - driver = getWebDriver(): null

2019-12-02 00:49:05 - [TEST_STEP][PASSED] - selenium = new com.thoughtworks.selenium.webdriven.WebDriverBackedSelenium(driver, internal.GlobalVariable.ENV): null

2019-12-02 00:49:05 - [TEST_STEP][PASSED] - Thread.sleep(1000): null

2019-12-02 00:49:06 - [TEST_STEP][PASSED] - click(findTestObject("mobileSanity/STM/STM Quote Page/button_filters")): Object: 'Object Repository/mobileSanity/STM/STM Quote Page/button_filters' is clicked on

2019-12-02 00:49:06 - [MESSAGE][PASSED] - Object: 'Object Repository/mobileSanity/STM/STM Quote Page/button_filters' is clicked on

2019-12-02 00:49:06 - [TEST_STEP][PASSED] - Thread.sleep(1000): null

2019-12-02 00:49:07 - [TEST_STEP][PASSED] - click(findTestObject("mobileSanity/STM/STM Quote Page/i_Insurance company")): Object: 'Object Repository/mobileSanity/STM/STM Quote Page/i_Insurance company' is clicked on

2019-12-02 00:49:07 - [MESSAGE][PASSED] - Object: 'Object Repository/mobileSanity/STM/STM Quote Page/i_Insurance company' is clicked on

2019-12-02 00:49:07 - [TEST_STEP][PASSED] - Thread.sleep(1000): null

2019-12-02 00:49:08 - [TEST_STEP][PASSED] - filter_carrier = "//input[@name='filter[carrier]' and @value='" + carrier + "']/following::label": null

2019-12-02 00:49:08 - [TEST_STEP][PASSED] - println(filter_carrier): null

2019-12-02 00:49:08 - [TEST_STEP][PASSED] - test.MobileKeywords.clickJS_ByXpath(filter_carrier): test.MobileKeywords.clickJS_ByXpath is PASSED

2019-12-02 00:49:08 - [MESSAGE][PASSED] - Execute JavaScript 'arguments[0].click()' successfully

2019-12-02 00:49:08 - [MESSAGE][PASSED] - test.MobileKeywords.clickJS_ByXpath is PASSED

2019-12-02 00:49:08 - [TEST_STEP][PASSED] - scrollToElement(findTestObject("mobileSanity/STM/STM Quote Page/a_Show Plans"), 1000): Scroll to object 'Object Repository/mobileSanity/STM/STM Quote Page/a_Show Plans' successfully

2019-12-02 00:49:08 - [MESSAGE][PASSED] - Scroll to object 'Object Repository/mobileSanity/STM/STM Quote Page/a_Show Plans' successfully

2019-12-02 00:49:08 - [TEST_STEP][PASSED] - Thread.sleep(2000): null

2019-12-02 00:49:10 - [TEST_STEP][PASSED] - click(findTestObject("mobileSanity/STM/STM Quote Page/a_Show Plans")): Object: 'Object Repository/mobileSanity/STM/STM Quote Page/a_Show Plans' is clicked on

2019-12-02 00:49:10 - [MESSAGE][PASSED] - Object: 'Object Repository/mobileSanity/STM/STM Quote Page/a_Show Plans' is clicked on

2019-12-02 00:49:10 - [TEST_STEP][PASSED] - waitForJQueryLoad(20, STOP_ON_FAILURE): jQuery is ready.

2019-12-02 00:49:10 - [MESSAGE][PASSED] - jQuery is ready.

2019-12-02 00:49:10 - [TEST_STEP][PASSED] - Thread.sleep(2000): null

2019-12-02 00:49:12 - [TEST_STEP][PASSED] - callTestCase(findTestCase("mobileWeb/_include/get_screenshot"), [:], STOP_ON_FAILURE): Call Test Case 'Test Cases/mobileWeb/_include/get_screenshot' successfully

2019-12-02 00:49:12 - [TEST_CASE][PASSED] - Test Cases/mobileWeb/_include/get_screenshot: Test Cases/mobileWeb/_include/get_screenshot

2019-12-02 00:49:12 - [TEST_STEP][PASSED] - takeScreenshot(screenPath + i + ".png"): Taking screenshot successfully

2019-12-02 00:49:13 - [MESSAGE][PASSED] - Taking screenshot successfully
[[ATTACHMENT|D:\\Test\\AgileTest\\Reports\\HIC\\hic\\20191202_002446\\../Screenshots/iPhone 6/HIC/STM/National General/20191202_004843/3.png]]

2019-12-02 00:49:13 - [TEST_STEP][PASSED] - (internal.GlobalVariable.i++): null

2019-12-02 00:49:13 - [MESSAGE][PASSED] - Call Test Case 'Test Cases/mobileWeb/_include/get_screenshot' successfully

2019-12-02 00:49:13 - [MESSAGE][PASSED] - Call Test Case 'Test Cases/mobileWeb/_include/filter_stm' successfully

2019-12-02 00:49:13 - [TEST_STEP][PASSED] - callTestCase(findTestCase("mobileWeb/_include/goToDetail_stm"), ["carrier":"nationalgeneral"], STOP_ON_FAILURE): Call Test Case 'Test Cases/mobileWeb/_include/goToDetail_stm' successfully

2019-12-02 00:49:13 - [TEST_CASE][PASSED] - Test Cases/mobileWeb/_include/goToDetail_stm: Test Cases/mobileWeb/_include/goToDetail_stm

2019-12-02 00:49:13 - [TEST_STEP][PASSED] - driver = getWebDriver(): null

2019-12-02 00:49:13 - [TEST_STEP][PASSED] - selenium = new com.thoughtworks.selenium.webdriven.WebDriverBackedSelenium(driver, internal.GlobalVariable.ENV): null

2019-12-02 00:49:13 - [TEST_STEP][PASSED] - a_plan_name = "xpath=//a[contains(@href,'/term-health-insurance/plan/" + carrier + "')]": null

2019-12-02 00:49:13 - [TEST_STEP][PASSED] - println(a_plan_name): null

2019-12-02 00:49:13 - [TEST_STEP][PASSED] - selenium.click(a_plan_name): null

2019-12-02 00:49:14 - [TEST_STEP][PASSED] - waitForPageLoad(20): Wait for page load successfully

2019-12-02 00:49:14 - [MESSAGE][PASSED] - Wait for page load successfully

2019-12-02 00:49:14 - [TEST_STEP][PASSED] - Thread.sleep(2000): null

2019-12-02 00:49:16 - [TEST_STEP][PASSED] - callTestCase(findTestCase("mobileWeb/_include/get_screenshot"), [:], STOP_ON_FAILURE): Call Test Case 'Test Cases/mobileWeb/_include/get_screenshot' successfully

2019-12-02 00:49:16 - [TEST_CASE][PASSED] - Test Cases/mobileWeb/_include/get_screenshot: Test Cases/mobileWeb/_include/get_screenshot

2019-12-02 00:49:16 - [TEST_STEP][PASSED] - takeScreenshot(screenPath + i + ".png"): Taking screenshot successfully

2019-12-02 00:49:16 - [MESSAGE][PASSED] - Taking screenshot successfully
[[ATTACHMENT|D:\\Test\\AgileTest\\Reports\\HIC\\hic\\20191202_002446\\../Screenshots/iPhone 6/HIC/STM/National General/20191202_004843/4.png]]

2019-12-02 00:49:16 - [TEST_STEP][PASSED] - (internal.GlobalVariable.i++): null

2019-12-02 00:49:16 - [MESSAGE][PASSED] - Call Test Case 'Test Cases/mobileWeb/_include/get_screenshot' successfully

2019-12-02 00:49:16 - [MESSAGE][PASSED] - Call Test Case 'Test Cases/mobileWeb/_include/goToDetail_stm' successfully

2019-12-02 00:49:16 - [TEST_STEP][PASSED] - callTestCase(findTestCase("mobileWeb/_include/apply_stm"), [:], STOP_ON_FAILURE): Call Test Case 'Test Cases/mobileWeb/_include/apply_stm' successfully

2019-12-02 00:49:16 - [TEST_CASE][PASSED] - Test Cases/mobileWeb/_include/apply_stm: Test Cases/mobileWeb/_include/apply_stm

2019-12-02 00:49:16 - [TEST_STEP][PASSED] - waitForElementVisible(findTestObject("mobileSanity/STM/STM PlanDetail Page/a_Apply for This Plan"), 5): Object 'Object Repository/mobileSanity/STM/STM PlanDetail Page/a_Apply for This Plan' is visible

2019-12-02 00:49:16 - [MESSAGE][PASSED] - Object 'Object Repository/mobileSanity/STM/STM PlanDetail Page/a_Apply for This Plan' is visible

2019-12-02 00:49:16 - [TEST_STEP][PASSED] - click(findTestObject("mobileSanity/STM/STM PlanDetail Page/a_Apply for This Plan")): Object: 'Object Repository/mobileSanity/STM/STM PlanDetail Page/a_Apply for This Plan' is clicked on

2019-12-02 00:49:17 - [MESSAGE][PASSED] - Object: 'Object Repository/mobileSanity/STM/STM PlanDetail Page/a_Apply for This Plan' is clicked on

2019-12-02 00:49:17 - [TEST_STEP][PASSED] - waitForPageLoad(10): Wait for page load successfully

2019-12-02 00:49:17 - [MESSAGE][PASSED] - Wait for page load successfully

2019-12-02 00:49:17 - [TEST_STEP][PASSED] - Thread.sleep(2000): null

2019-12-02 00:49:19 - [TEST_STEP][PASSED] - callTestCase(findTestCase("mobileWeb/_include/get_screenshot"), [:], STOP_ON_FAILURE): Call Test Case 'Test Cases/mobileWeb/_include/get_screenshot' successfully

2019-12-02 00:49:19 - [TEST_CASE][PASSED] - Test Cases/mobileWeb/_include/get_screenshot: Test Cases/mobileWeb/_include/get_screenshot

2019-12-02 00:49:19 - [TEST_STEP][PASSED] - takeScreenshot(screenPath + i + ".png"): Taking screenshot successfully

2019-12-02 00:49:20 - [MESSAGE][PASSED] - Taking screenshot successfully
[[ATTACHMENT|D:\\Test\\AgileTest\\Reports\\HIC\\hic\\20191202_002446\\../Screenshots/iPhone 6/HIC/STM/National General/20191202_004843/5.png]]

2019-12-02 00:49:20 - [TEST_STEP][PASSED] - (internal.GlobalVariable.i++): null

2019-12-02 00:49:20 - [MESSAGE][PASSED] - Call Test Case 'Test Cases/mobileWeb/_include/get_screenshot' successfully

2019-12-02 00:49:20 - [TEST_STEP][PASSED] - waitForElementVisible(findTestObject("mobileSanity/STM/STM Apply Page/a_Start Secure Application"), 5): Object 'Object Repository/mobileSanity/STM/STM Apply Page/a_Start Secure Application' is visible

2019-12-02 00:49:20 - [MESSAGE][PASSED] - Object 'Object Repository/mobileSanity/STM/STM Apply Page/a_Start Secure Application' is visible

2019-12-02 00:49:20 - [TEST_STEP][PASSED] - click(findTestObject("mobileSanity/STM/STM Apply Page/a_Start Secure Application")): Object: 'Object Repository/mobileSanity/STM/STM Apply Page/a_Start Secure Application' is clicked on

2019-12-02 00:49:20 - [MESSAGE][PASSED] - Object: 'Object Repository/mobileSanity/STM/STM Apply Page/a_Start Secure Application' is clicked on

2019-12-02 00:49:20 - [TEST_STEP][PASSED] - waitForPageLoad(20): Wait for page load successfully

2019-12-02 00:49:20 - [MESSAGE][PASSED] - Wait for page load successfully

2019-12-02 00:49:20 - [TEST_STEP][PASSED] - Thread.sleep(2000): null

2019-12-02 00:49:22 - [TEST_STEP][PASSED] - callTestCase(findTestCase("mobileWeb/_include/get_screenshot"), [:], STOP_ON_FAILURE): Call Test Case 'Test Cases/mobileWeb/_include/get_screenshot' successfully

2019-12-02 00:49:22 - [TEST_CASE][PASSED] - Test Cases/mobileWeb/_include/get_screenshot: Test Cases/mobileWeb/_include/get_screenshot

2019-12-02 00:49:22 - [TEST_STEP][PASSED] - takeScreenshot(screenPath + i + ".png"): Taking screenshot successfully

2019-12-02 00:49:23 - [MESSAGE][PASSED] - Taking screenshot successfully
[[ATTACHMENT|D:\\Test\\AgileTest\\Reports\\HIC\\hic\\20191202_002446\\../Screenshots/iPhone 6/HIC/STM/National General/20191202_004843/6.png]]

2019-12-02 00:49:23 - [TEST_STEP][PASSED] - (internal.GlobalVariable.i++): null

2019-12-02 00:49:23 - [MESSAGE][PASSED] - Call Test Case 'Test Cases/mobileWeb/_include/get_screenshot' successfully

2019-12-02 00:49:23 - [MESSAGE][PASSED] - Call Test Case 'Test Cases/mobileWeb/_include/apply_stm' successfully

2019-12-02 00:49:23 - [TEST_STEP][FAILED] - callTestCase(findTestCase("mobileWeb/_include/goToEnd_stm_autofill"), [:], STOP_ON_FAILURE): callTestCase(findTestCase("mobileWeb/_include/goToEnd_stm_autofill"), [:], STOP_ON_FAILURE) FAILED.
Reason:
com.kms.katalon.core.exception.StepFailedException: Unable to clear text of object 'Object Repository/mobileSanity/STM/Page_App Page 3/input__credit-card-cvv' (Root cause: com.kms.katalon.core.webui.exception.WebElementNotFoundException: Web element with id: 'Object Repository/mobileSanity/STM/Page_App Page 3/input__credit-card-cvv' located by 'By.xpath: id("credit-card-cvv")[count(. | //input[@type = 'text' and @id = 'credit-card-cvv']) = count(//input[@type = 'text' and @id = 'credit-card-cvv'])]' not found)
	at com.kms.katalon.core.keyword.internal.KeywordMain.stepFailed(KeywordMain.groovy:36)
	at com.kms.katalon.core.webui.keyword.internal.WebUIKeywordMain.stepFailed(WebUIKeywordMain.groovy:65)
	at com.kms.katalon.core.webui.keyword.internal.WebUIKeywordMain.runKeyword(WebUIKeywordMain.groovy:43)
	at com.kms.katalon.core.webui.keyword.builtin.ClearTextKeyword.clearText(ClearTextKeyword.groovy:61)
	at com.kms.katalon.core.webui.keyword.builtin.ClearTextKeyword.execute(ClearTextKeyword.groovy:34)
	at com.kms.katalon.core.keyword.internal.KeywordExecutor.executeKeywordForPlatform(KeywordExecutor.groovy:53)
	at com.kms.katalon.core.webui.keyword.WebUiBuiltInKeywords.clearText(WebUiBuiltInKeywords.groovy:3817)
	at com.kms.katalon.core.webui.keyword.WebUiBuiltInKeywords$clearText$13.call(Unknown Source)
	at goToEnd_stm_autofill.run(goToEnd_stm_autofill:71)
	at com.kms.katalon.core.main.ScriptEngine.run(ScriptEngine.java:194)
	at com.kms.katalon.core.main.ScriptEngine.runScriptAsRawText(ScriptEngine.java:119)
	at com.kms.katalon.core.main.TestCaseExecutor.runScript(TestCaseExecutor.java:328)
	at com.kms.katalon.core.main.TestCaseExecutor.doExecute(TestCaseExecutor.java:319)
	at com.kms.katalon.core.main.TestCaseExecutor.processExecutionPhase(TestCaseExecutor.java:298)
	at com.kms.katalon.core.main.TestCaseExecutor.accessMainPhase(TestCaseExecutor.java:290)
	at com.kms.katalon.core.main.TestCaseExecutor.execute(TestCaseExecutor.java:224)
	at com.kms.katalon.core.main.TestCaseMain.runTestCase(TestCaseMain.java:106)
	at com.kms.katalon.core.keyword.builtin.CallTestCaseKeyword$_callTestCase_closure1.doCall(CallTestCaseKeyword.groovy:59)
	at com.kms.katalon.core.keyword.builtin.CallTestCaseKeyword$_callTestCase_closure1.call(CallTestCaseKeyword.groovy)
	at com.kms.katalon.core.keyword.internal.KeywordMain.runKeyword(KeywordMain.groovy:54)
	at com.kms.katalon.core.keyword.builtin.CallTestCaseKeyword.callTestCase(CallTestCaseKeyword.groovy:80)
	at com.kms.katalon.core.keyword.builtin.CallTestCaseKeyword.execute(CallTestCaseKeyword.groovy:44)
	at com.kms.katalon.core.keyword.internal.KeywordExecutor.executeKeywordForPlatform(KeywordExecutor.groovy:53)
	at com.kms.katalon.core.keyword.BuiltinKeywords.callTestCase(BuiltinKeywords.groovy:334)
	at NationalGeneral.run(NationalGeneral:41)
	at com.kms.katalon.core.main.ScriptEngine.run(ScriptEngine.java:194)
	at com.kms.katalon.core.main.ScriptEngine.runScriptAsRawText(ScriptEngine.java:119)
	at com.kms.katalon.core.main.TestCaseExecutor.runScript(TestCaseExecutor.java:328)
	at com.kms.katalon.core.main.TestCaseExecutor.doExecute(TestCaseExecutor.java:319)
	at com.kms.katalon.core.main.TestCaseExecutor.processExecutionPhase(TestCaseExecutor.java:298)
	at com.kms.katalon.core.main.TestCaseExecutor.accessMainPhase(TestCaseExecutor.java:290)
	at com.kms.katalon.core.main.TestCaseExecutor.execute(TestCaseExecutor.java:224)
	at com.kms.katalon.core.main.TestSuiteExecutor.accessTestCaseMainPhase(TestSuiteExecutor.java:129)
	at com.kms.katalon.core.main.TestSuiteExecutor.accessTestSuiteMainPhase(TestSuiteExecutor.java:112)
	at com.kms.katalon.core.main.TestSuiteExecutor.execute(TestSuiteExecutor.java:81)
	at com.kms.katalon.core.main.TestCaseMain.startTestSuite(TestCaseMain.java:149)
	at com.kms.katalon.core.main.TestCaseMain$startTestSuite$0.call(Unknown Source)
	at TempTestSuite1575264286726.run(TempTestSuite1575264286726.groovy:36)


2019-12-02 00:49:23 - [TEST_CASE][FAILED] - Test Cases/mobileWeb/_include/goToEnd_stm_autofill: Test Cases/mobileWeb/_include/goToEnd_stm_autofill FAILED.
Reason:
com.kms.katalon.core.exception.StepFailedException: Unable to clear text of object 'Object Repository/mobileSanity/STM/Page_App Page 3/input__credit-card-cvv' (Root cause: com.kms.katalon.core.webui.exception.WebElementNotFoundException: Web element with id: 'Object Repository/mobileSanity/STM/Page_App Page 3/input__credit-card-cvv' located by 'By.xpath: id("credit-card-cvv")[count(. | //input[@type = 'text' and @id = 'credit-card-cvv']) = count(//input[@type = 'text' and @id = 'credit-card-cvv'])]' not found)
	at com.kms.katalon.core.keyword.internal.KeywordMain.stepFailed(KeywordMain.groovy:36)
	at com.kms.katalon.core.webui.keyword.internal.WebUIKeywordMain.stepFailed(WebUIKeywordMain.groovy:65)
	at com.kms.katalon.core.webui.keyword.internal.WebUIKeywordMain.runKeyword(WebUIKeywordMain.groovy:43)
	at com.kms.katalon.core.webui.keyword.builtin.ClearTextKeyword.clearText(ClearTextKeyword.groovy:61)
	at com.kms.katalon.core.webui.keyword.builtin.ClearTextKeyword.execute(ClearTextKeyword.groovy:34)
	at com.kms.katalon.core.keyword.internal.KeywordExecutor.executeKeywordForPlatform(KeywordExecutor.groovy:53)
	at com.kms.katalon.core.webui.keyword.WebUiBuiltInKeywords.clearText(WebUiBuiltInKeywords.groovy:3817)
	at com.kms.katalon.core.webui.keyword.WebUiBuiltInKeywords$clearText$13.call(Unknown Source)
	at goToEnd_stm_autofill.run(goToEnd_stm_autofill:71)
	at com.kms.katalon.core.main.ScriptEngine.run(ScriptEngine.java:194)
	at com.kms.katalon.core.main.ScriptEngine.runScriptAsRawText(ScriptEngine.java:119)
	at com.kms.katalon.core.main.TestCaseExecutor.runScript(TestCaseExecutor.java:328)
	at com.kms.katalon.core.main.TestCaseExecutor.doExecute(TestCaseExecutor.java:319)
	at com.kms.katalon.core.main.TestCaseExecutor.processExecutionPhase(TestCaseExecutor.java:298)
	at com.kms.katalon.core.main.TestCaseExecutor.accessMainPhase(TestCaseExecutor.java:290)
	at com.kms.katalon.core.main.TestCaseExecutor.execute(TestCaseExecutor.java:224)
	at com.kms.katalon.core.main.TestCaseMain.runTestCase(TestCaseMain.java:106)
	at com.kms.katalon.core.keyword.builtin.CallTestCaseKeyword$_callTestCase_closure1.doCall(CallTestCaseKeyword.groovy:59)
	at com.kms.katalon.core.keyword.builtin.CallTestCaseKeyword$_callTestCase_closure1.call(CallTestCaseKeyword.groovy)
	at com.kms.katalon.core.keyword.internal.KeywordMain.runKeyword(KeywordMain.groovy:54)
	at com.kms.katalon.core.keyword.builtin.CallTestCaseKeyword.callTestCase(CallTestCaseKeyword.groovy:80)
	at com.kms.katalon.core.keyword.builtin.CallTestCaseKeyword.execute(CallTestCaseKeyword.groovy:44)
	at com.kms.katalon.core.keyword.internal.KeywordExecutor.executeKeywordForPlatform(KeywordExecutor.groovy:53)
	at com.kms.katalon.core.keyword.BuiltinKeywords.callTestCase(BuiltinKeywords.groovy:334)
	at NationalGeneral.run(NationalGeneral:41)
	at com.kms.katalon.core.main.ScriptEngine.run(ScriptEngine.java:194)
	at com.kms.katalon.core.main.ScriptEngine.runScriptAsRawText(ScriptEngine.java:119)
	at com.kms.katalon.core.main.TestCaseExecutor.runScript(TestCaseExecutor.java:328)
	at com.kms.katalon.core.main.TestCaseExecutor.doExecute(TestCaseExecutor.java:319)
	at com.kms.katalon.core.main.TestCaseExecutor.processExecutionPhase(TestCaseExecutor.java:298)
	at com.kms.katalon.core.main.TestCaseExecutor.accessMainPhase(TestCaseExecutor.java:290)
	at com.kms.katalon.core.main.TestCaseExecutor.execute(TestCaseExecutor.java:224)
	at com.kms.katalon.core.main.TestSuiteExecutor.accessTestCaseMainPhase(TestSuiteExecutor.java:129)
	at com.kms.katalon.core.main.TestSuiteExecutor.accessTestSuiteMainPhase(TestSuiteExecutor.java:112)
	at com.kms.katalon.core.main.TestSuiteExecutor.execute(TestSuiteExecutor.java:81)
	at com.kms.katalon.core.main.TestCaseMain.startTestSuite(TestCaseMain.java:149)
	at com.kms.katalon.core.main.TestCaseMain$startTestSuite$0.call(Unknown Source)
	at TempTestSuite1575264286726.run(TempTestSuite1575264286726.groovy:36)


2019-12-02 00:49:23 - [TEST_STEP][PASSED] - callTestCase(findTestCase("mobileWeb/_include/name"), [:], CONTINUE_ON_FAILURE): Call Test Case 'Test Cases/mobileWeb/_include/name' successfully

2019-12-02 00:49:23 - [TEST_CASE][PASSED] - Test Cases/mobileWeb/_include/name: Test Cases/mobileWeb/_include/name

2019-12-02 00:49:23 - [TEST_STEP][PASSED] - driver = getWebDriver(): null

2019-12-02 00:49:23 - [TEST_STEP][PASSED] - selenium = new com.thoughtworks.selenium.webdriven.WebDriverBackedSelenium(driver, internal.GlobalVariable.ENV): null

2019-12-02 00:49:23 - [TEST_STEP][PASSED] - FirstName = "Test-123": null

2019-12-02 00:49:23 - [TEST_STEP][PASSED] - LastName = selenium.getEval("{var x="ABCDEFGHIJKLMNOPQRSTUVWXYZabcdefghijklmnopqrstuvwxyz"; var tmp="ZZ11-"; for (i=0;i<8;i++) tmp+=x.charAt(Math.ceil(51*Math.random()));tmp;}"): null

2019-12-02 00:49:23 - [TEST_STEP][PASSED] - Address = selenium.getEval("{var x="ABCDEFGHIJKLMNOPQRSTUVWXYZabcdefghijklmnopqrstuvwxyz"; var tmp=""; for (i=0;i<8;i++) tmp+=x.charAt(Math.ceil(51*Math.random()));tmp;}"): null

2019-12-02 00:49:23 - [TEST_STEP][PASSED] - City = selenium.getEval("{var x="ABCDEFGHIJKLMNOPQRSTUVWXYZabcdefghijklmnopqrstuvwxyz"; var tmp=""; for (i=0;i<8;i++) tmp+=x.charAt(Math.ceil(51*Math.random()));tmp;}"): null

2019-12-02 00:49:23 - [TEST_STEP][PASSED] - tel1 = selenium.getEval("{var x="123456789"; var tmp=""; for (i=0;i<3;i++) tmp+=x.charAt(Math.ceil(8*Math.random()));tmp;}"): null

2019-12-02 00:49:23 - [TEST_STEP][PASSED] - tel2 = selenium.getEval("{var x="123456789"; var tmp=""; for (i=0;i<3;i++) tmp+=x.charAt(Math.ceil(8*Math.random()));tmp;}"): null

2019-12-02 00:49:23 - [TEST_STEP][PASSED] - tel3 = selenium.getEval("{var x="123456789"; var tmp=""; for (i=0;i<4;i++) tmp+=x.charAt(Math.ceil(8*Math.random()));tmp;}"): null

2019-12-02 00:49:23 - [TEST_STEP][PASSED] - Tel = selenium.getExpression(tel1 + "-" + tel2 + "-" + tel3): null

2019-12-02 00:49:23 - [TEST_STEP][PASSED] - AutoEmail = selenium.getEval("{var x="ABCDEFGHIJKLMNOPQRSTUVWXYZabcdefghijklmnopqrstuvwxyz"; var tmp="test."; for (i=0;i<8;i++) tmp+=x.charAt(Math.ceil(51*Math.random()));tmp+="@suryani.cn";}"): null

2019-12-02 00:49:23 - [TEST_STEP][PASSED] - FirstName = FirstName: null

2019-12-02 00:49:23 - [TEST_STEP][PASSED] - LastName = LastName: null

2019-12-02 00:49:23 - [TEST_STEP][PASSED] - Address = Address: null

2019-12-02 00:49:23 - [TEST_STEP][PASSED] - City = City: null

2019-12-02 00:49:23 - [TEST_STEP][PASSED] - Tel = Tel: null

2019-12-02 00:49:23 - [TEST_STEP][PASSED] - AutoEmail = AutoEmail: null

2019-12-02 00:49:23 - [TEST_STEP][PASSED] - println(FirstName): null

2019-12-02 00:49:23 - [TEST_STEP][PASSED] - println(LastName): null

2019-12-02 00:49:23 - [TEST_STEP][PASSED] - println(Address): null

2019-12-02 00:49:23 - [TEST_STEP][PASSED] - println(City): null

2019-12-02 00:49:23 - [TEST_STEP][PASSED] - println(Tel): null

2019-12-02 00:49:23 - [TEST_STEP][PASSED] - println(AutoEmail): null

2019-12-02 00:49:23 - [MESSAGE][PASSED] - Call Test Case 'Test Cases/mobileWeb/_include/name' successfully

2019-12-02 00:49:23 - [TEST_STEP][PASSED] - try: Call Test Case 'Test Cases/mobileWeb/_include/get_screenshot' successfully

2019-12-02 00:49:23 - [TEST_STEP][PASSED] - if (verifyTextPresent("Month Duration Acknowledgement", false)): Call Test Case 'Test Cases/mobileWeb/_include/get_screenshot' successfully

2019-12-02 00:49:23 - [MESSAGE][PASSED] - Text 'Month Duration Acknowledgement' is present on page 

2019-12-02 00:49:23 - [TEST_STEP][PASSED] - click(findTestObject("mobileSanity/STM/Page_App Page 1/label_By checking this box I u")): Object: 'Object Repository/mobileSanity/STM/Page_App Page 1/label_By checking this box I u' is clicked on

2019-12-02 00:49:23 - [MESSAGE][PASSED] - Object: 'Object Repository/mobileSanity/STM/Page_App Page 1/label_By checking this box I u' is clicked on

2019-12-02 00:49:23 - [TEST_STEP][PASSED] - click(findTestObject("mobileSanity/STM/Page_App Page 1/button_Continue to Application")): Object: 'Object Repository/mobileSanity/STM/Page_App Page 1/button_Continue to Application' is clicked on

2019-12-02 00:49:25 - [MESSAGE][PASSED] - Object: 'Object Repository/mobileSanity/STM/Page_App Page 1/button_Continue to Application' is clicked on

2019-12-02 00:49:25 - [TEST_STEP][PASSED] - waitForPageLoad(20): Wait for page load successfully

2019-12-02 00:49:25 - [MESSAGE][PASSED] - Wait for page load successfully

2019-12-02 00:49:25 - [TEST_STEP][PASSED] - Thread.sleep(5000): null

2019-12-02 00:49:30 - [TEST_STEP][PASSED] - callTestCase(findTestCase("mobileWeb/_include/get_screenshot"), [:], STOP_ON_FAILURE): Call Test Case 'Test Cases/mobileWeb/_include/get_screenshot' successfully

2019-12-02 00:49:30 - [TEST_CASE][PASSED] - Test Cases/mobileWeb/_include/get_screenshot: Test Cases/mobileWeb/_include/get_screenshot

2019-12-02 00:49:30 - [TEST_STEP][PASSED] - takeScreenshot(screenPath + i + ".png"): Taking screenshot successfully

2019-12-02 00:49:30 - [MESSAGE][PASSED] - Taking screenshot successfully
[[ATTACHMENT|D:\\Test\\AgileTest\\Reports\\HIC\\hic\\20191202_002446\\../Screenshots/iPhone 6/HIC/STM/National General/20191202_004843/7.png]]

2019-12-02 00:49:30 - [TEST_STEP][PASSED] - (internal.GlobalVariable.i++): null

2019-12-02 00:49:30 - [MESSAGE][PASSED] - Call Test Case 'Test Cases/mobileWeb/_include/get_screenshot' successfully

2019-12-02 00:49:30 - [TEST_STEP][PASSED] - waitForPageLoad(10): Wait for page load successfully

2019-12-02 00:49:30 - [MESSAGE][PASSED] - Wait for page load successfully

2019-12-02 00:49:30 - [TEST_STEP][PASSED] - Thread.sleep(3000): null

2019-12-02 00:49:33 - [TEST_STEP][PASSED] - waitForElementVisible(findTestObject("mobileSanity/STM/Page_App Page 1/a_Autofill App Info"), 20): Object 'Object Repository/mobileSanity/STM/Page_App Page 1/a_Autofill App Info' is visible

2019-12-02 00:49:33 - [MESSAGE][PASSED] - Object 'Object Repository/mobileSanity/STM/Page_App Page 1/a_Autofill App Info' is visible

2019-12-02 00:49:33 - [TEST_STEP][PASSED] - click(findTestObject("mobileSanity/STM/Page_App Page 1/a_Autofill App Info")): Object: 'Object Repository/mobileSanity/STM/Page_App Page 1/a_Autofill App Info' is clicked on

2019-12-02 00:49:34 - [MESSAGE][PASSED] - Object: 'Object Repository/mobileSanity/STM/Page_App Page 1/a_Autofill App Info' is clicked on

2019-12-02 00:49:34 - [TEST_STEP][PASSED] - Thread.sleep(1000): null

2019-12-02 00:49:35 - [TEST_STEP][PASSED] - click(findTestObject("mobileSanity/STM/Page_App Page 1/a_Autofill App Info")): Object: 'Object Repository/mobileSanity/STM/Page_App Page 1/a_Autofill App Info' is clicked on

2019-12-02 00:49:35 - [MESSAGE][PASSED] - Object: 'Object Repository/mobileSanity/STM/Page_App Page 1/a_Autofill App Info' is clicked on

2019-12-02 00:49:35 - [TEST_STEP][PASSED] - Thread.sleep(1000): null

2019-12-02 00:49:36 - [TEST_STEP][PASSED] - waitForElementVisible(findTestObject("mobileSanity/STM/Page_App Page 1/a_Continue"), 20): Object 'Object Repository/mobileSanity/STM/Page_App Page 1/a_Continue' is visible

2019-12-02 00:49:36 - [MESSAGE][PASSED] - Object 'Object Repository/mobileSanity/STM/Page_App Page 1/a_Continue' is visible

2019-12-02 00:49:36 - [TEST_STEP][PASSED] - click(findTestObject("mobileSanity/STM/Page_App Page 1/a_Continue")): Object: 'Object Repository/mobileSanity/STM/Page_App Page 1/a_Continue' is clicked on

2019-12-02 00:49:36 - [MESSAGE][PASSED] - Object: 'Object Repository/mobileSanity/STM/Page_App Page 1/a_Continue' is clicked on

2019-12-02 00:49:36 - [TEST_STEP][PASSED] - waitForPageLoad(20): Wait for page load successfully

2019-12-02 00:49:36 - [MESSAGE][PASSED] - Wait for page load successfully

2019-12-02 00:49:36 - [TEST_STEP][PASSED] - Thread.sleep(5000): null

2019-12-02 00:49:41 - [TEST_STEP][PASSED] - callTestCase(findTestCase("mobileWeb/_include/get_screenshot"), [:], STOP_ON_FAILURE): Call Test Case 'Test Cases/mobileWeb/_include/get_screenshot' successfully

2019-12-02 00:49:41 - [TEST_CASE][PASSED] - Test Cases/mobileWeb/_include/get_screenshot: Test Cases/mobileWeb/_include/get_screenshot

2019-12-02 00:49:41 - [TEST_STEP][PASSED] - takeScreenshot(screenPath + i + ".png"): Taking screenshot successfully

2019-12-02 00:49:41 - [MESSAGE][PASSED] - Taking screenshot successfully
[[ATTACHMENT|D:\\Test\\AgileTest\\Reports\\HIC\\hic\\20191202_002446\\../Screenshots/iPhone 6/HIC/STM/National General/20191202_004843/8.png]]

2019-12-02 00:49:41 - [TEST_STEP][PASSED] - (internal.GlobalVariable.i++): null

2019-12-02 00:49:41 - [MESSAGE][PASSED] - Call Test Case 'Test Cases/mobileWeb/_include/get_screenshot' successfully

2019-12-02 00:49:41 - [TEST_STEP][PASSED] - click(findTestObject("mobileSanity/STM/Page_App Page 2/a_Continue to Step 3 - Payment")): Object: 'Object Repository/mobileSanity/STM/Page_App Page 2/a_Continue to Step 3 - Payment' is clicked on

2019-12-02 00:49:42 - [MESSAGE][PASSED] - Object: 'Object Repository/mobileSanity/STM/Page_App Page 2/a_Continue to Step 3 - Payment' is clicked on

2019-12-02 00:49:42 - [TEST_STEP][PASSED] - waitForPageLoad(20): Wait for page load successfully

2019-12-02 00:49:42 - [MESSAGE][PASSED] - Wait for page load successfully

2019-12-02 00:49:42 - [TEST_STEP][PASSED] - waitForElementVisible(findTestObject("mobileSanity/STM/Page_App Page 3/input__credit-card-cvv"), 20): Web element with id: 'Object Repository/mobileSanity/STM/Page_App Page 3/input__credit-card-cvv' located by 'By.xpath: id("credit-card-cvv")[count(. | //input[@type = 'text' and @id = 'credit-card-cvv']) = count(//input[@type = 'text' and @id = 'credit-card-cvv'])]' not found

2019-12-02 00:50:02 - [MESSAGE][INFO] - Unable to find the element located by 'By.xpath: id("credit-card-cvv")[count(. | //input[@type = 'text' and @id = 'credit-card-cvv']) = count(//input[@type = 'text' and @id = 'credit-card-cvv'])]'. Please recheck the objects properties to make sure the desired element is located. 

2019-12-02 00:50:02 - [MESSAGE][WARNING] - Web element with id: 'Object Repository/mobileSanity/STM/Page_App Page 3/input__credit-card-cvv' located by 'By.xpath: id("credit-card-cvv")[count(. | //input[@type = 'text' and @id = 'credit-card-cvv']) = count(//input[@type = 'text' and @id = 'credit-card-cvv'])]' not found

2019-12-02 00:50:02 - [TEST_STEP][PASSED] - Thread.sleep(2000): null

2019-12-02 00:50:04 - [TEST_STEP][PASSED] - callTestCase(findTestCase("mobileWeb/_include/get_screenshot"), [:], STOP_ON_FAILURE): Call Test Case 'Test Cases/mobileWeb/_include/get_screenshot' successfully

2019-12-02 00:50:04 - [TEST_CASE][PASSED] - Test Cases/mobileWeb/_include/get_screenshot: Test Cases/mobileWeb/_include/get_screenshot

2019-12-02 00:50:04 - [TEST_STEP][PASSED] - takeScreenshot(screenPath + i + ".png"): Taking screenshot successfully

2019-12-02 00:50:04 - [MESSAGE][PASSED] - Taking screenshot successfully
[[ATTACHMENT|D:\\Test\\AgileTest\\Reports\\HIC\\hic\\20191202_002446\\../Screenshots/iPhone 6/HIC/STM/National General/20191202_004843/9.png]]

2019-12-02 00:50:04 - [TEST_STEP][PASSED] - (internal.GlobalVariable.i++): null

2019-12-02 00:50:04 - [MESSAGE][PASSED] - Call Test Case 'Test Cases/mobileWeb/_include/get_screenshot' successfully

2019-12-02 00:50:04 - [TEST_STEP][FAILED] - clearText(findTestObject("mobileSanity/STM/Page_App Page 3/input__credit-card-cvv")): clearText(findTestObject("mobileSanity/STM/Page_App Page 3/input__credit-card-cvv")) FAILED.
Reason:
com.kms.katalon.core.exception.StepFailedException: Unable to clear text of object 'Object Repository/mobileSanity/STM/Page_App Page 3/input__credit-card-cvv' (Root cause: com.kms.katalon.core.webui.exception.WebElementNotFoundException: Web element with id: 'Object Repository/mobileSanity/STM/Page_App Page 3/input__credit-card-cvv' located by 'By.xpath: id("credit-card-cvv")[count(. | //input[@type = 'text' and @id = 'credit-card-cvv']) = count(//input[@type = 'text' and @id = 'credit-card-cvv'])]' not found)
	at com.kms.katalon.core.keyword.internal.KeywordMain.stepFailed(KeywordMain.groovy:36)
	at com.kms.katalon.core.webui.keyword.internal.WebUIKeywordMain.stepFailed(WebUIKeywordMain.groovy:65)
	at com.kms.katalon.core.webui.keyword.internal.WebUIKeywordMain.runKeyword(WebUIKeywordMain.groovy:43)
	at com.kms.katalon.core.webui.keyword.builtin.ClearTextKeyword.clearText(ClearTextKeyword.groovy:61)
	at com.kms.katalon.core.webui.keyword.builtin.ClearTextKeyword.execute(ClearTextKeyword.groovy:34)
	at com.kms.katalon.core.keyword.internal.KeywordExecutor.executeKeywordForPlatform(KeywordExecutor.groovy:53)
	at com.kms.katalon.core.webui.keyword.WebUiBuiltInKeywords.clearText(WebUiBuiltInKeywords.groovy:3817)
	at com.kms.katalon.core.webui.keyword.WebUiBuiltInKeywords$clearText$13.call(Unknown Source)
	at goToEnd_stm_autofill.run(goToEnd_stm_autofill:71)
	at com.kms.katalon.core.main.ScriptEngine.run(ScriptEngine.java:194)
	at com.kms.katalon.core.main.ScriptEngine.runScriptAsRawText(ScriptEngine.java:119)
	at com.kms.katalon.core.main.TestCaseExecutor.runScript(TestCaseExecutor.java:328)
	at com.kms.katalon.core.main.TestCaseExecutor.doExecute(TestCaseExecutor.java:319)
	at com.kms.katalon.core.main.TestCaseExecutor.processExecutionPhase(TestCaseExecutor.java:298)
	at com.kms.katalon.core.main.TestCaseExecutor.accessMainPhase(TestCaseExecutor.java:290)
	at com.kms.katalon.core.main.TestCaseExecutor.execute(TestCaseExecutor.java:224)
	at com.kms.katalon.core.main.TestCaseMain.runTestCase(TestCaseMain.java:106)
	at com.kms.katalon.core.keyword.builtin.CallTestCaseKeyword$_callTestCase_closure1.doCall(CallTestCaseKeyword.groovy:59)
	at com.kms.katalon.core.keyword.builtin.CallTestCaseKeyword$_callTestCase_closure1.call(CallTestCaseKeyword.groovy)
	at com.kms.katalon.core.keyword.internal.KeywordMain.runKeyword(KeywordMain.groovy:54)
	at com.kms.katalon.core.keyword.builtin.CallTestCaseKeyword.callTestCase(CallTestCaseKeyword.groovy:80)
	at com.kms.katalon.core.keyword.builtin.CallTestCaseKeyword.execute(CallTestCaseKeyword.groovy:44)
	at com.kms.katalon.core.keyword.internal.KeywordExecutor.executeKeywordForPlatform(KeywordExecutor.groovy:53)
	at com.kms.katalon.core.keyword.BuiltinKeywords.callTestCase(BuiltinKeywords.groovy:334)
	at NationalGeneral.run(NationalGeneral:41)
	at com.kms.katalon.core.main.ScriptEngine.run(ScriptEngine.java:194)
	at com.kms.katalon.core.main.ScriptEngine.runScriptAsRawText(ScriptEngine.java:119)
	at com.kms.katalon.core.main.TestCaseExecutor.runScript(TestCaseExecutor.java:328)
	at com.kms.katalon.core.main.TestCaseExecutor.doExecute(TestCaseExecutor.java:319)
	at com.kms.katalon.core.main.TestCaseExecutor.processExecutionPhase(TestCaseExecutor.java:298)
	at com.kms.katalon.core.main.TestCaseExecutor.accessMainPhase(TestCaseExecutor.java:290)
	at com.kms.katalon.core.main.TestCaseExecutor.execute(TestCaseExecutor.java:224)
	at com.kms.katalon.core.main.TestSuiteExecutor.accessTestCaseMainPhase(TestSuiteExecutor.java:129)
	at com.kms.katalon.core.main.TestSuiteExecutor.accessTestSuiteMainPhase(TestSuiteExecutor.java:112)
	at com.kms.katalon.core.main.TestSuiteExecutor.execute(TestSuiteExecutor.java:81)
	at com.kms.katalon.core.main.TestCaseMain.startTestSuite(TestCaseMain.java:149)
	at com.kms.katalon.core.main.TestCaseMain$startTestSuite$0.call(Unknown Source)
	at TempTestSuite1575264286726.run(TempTestSuite1575264286726.groovy:36)


2019-12-02 00:50:25 - [MESSAGE][INFO] - Unable to find the element located by 'By.xpath: id("credit-card-cvv")[count(. | //input[@type = 'text' and @id = 'credit-card-cvv']) = count(//input[@type = 'text' and @id = 'credit-card-cvv'])]'. Please recheck the objects properties to make sure the desired element is located. 

2019-12-02 00:50:25 - [MESSAGE][FAILED] - Unable to clear text of object 'Object Repository/mobileSanity/STM/Page_App Page 3/input__credit-card-cvv' (Root cause: com.kms.katalon.core.webui.exception.WebElementNotFoundException: Web element with id: 'Object Repository/mobileSanity/STM/Page_App Page 3/input__credit-card-cvv' located by 'By.xpath: id("credit-card-cvv")[count(. | //input[@type = 'text' and @id = 'credit-card-cvv']) = count(//input[@type = 'text' and @id = 'credit-card-cvv'])]' not found)
[[ATTACHMENT|D:\\Test\\AgileTest\\Reports\\HIC\\hic\\20191202_002446\\1575265825265.png]]

2019-12-02 00:50:25 - [MESSAGE][FAILED] - clearText(findTestObject("mobileSanity/STM/Page_App Page 3/input__credit-card-cvv")) FAILED.
Reason:
com.kms.katalon.core.exception.StepFailedException: Unable to clear text of object 'Object Repository/mobileSanity/STM/Page_App Page 3/input__credit-card-cvv' (Root cause: com.kms.katalon.core.webui.exception.WebElementNotFoundException: Web element with id: 'Object Repository/mobileSanity/STM/Page_App Page 3/input__credit-card-cvv' located by 'By.xpath: id("credit-card-cvv")[count(. | //input[@type = 'text' and @id = 'credit-card-cvv']) = count(//input[@type = 'text' and @id = 'credit-card-cvv'])]' not found)
	at com.kms.katalon.core.keyword.internal.KeywordMain.stepFailed(KeywordMain.groovy:36)
	at com.kms.katalon.core.webui.keyword.internal.WebUIKeywordMain.stepFailed(WebUIKeywordMain.groovy:65)
	at com.kms.katalon.core.webui.keyword.internal.WebUIKeywordMain.runKeyword(WebUIKeywordMain.groovy:43)
	at com.kms.katalon.core.webui.keyword.builtin.ClearTextKeyword.clearText(ClearTextKeyword.groovy:61)
	at com.kms.katalon.core.webui.keyword.builtin.ClearTextKeyword.execute(ClearTextKeyword.groovy:34)
	at com.kms.katalon.core.keyword.internal.KeywordExecutor.executeKeywordForPlatform(KeywordExecutor.groovy:53)
	at com.kms.katalon.core.webui.keyword.WebUiBuiltInKeywords.clearText(WebUiBuiltInKeywords.groovy:3817)
	at com.kms.katalon.core.webui.keyword.WebUiBuiltInKeywords$clearText$13.call(Unknown Source)
	at goToEnd_stm_autofill.run(goToEnd_stm_autofill:71)
	at com.kms.katalon.core.main.ScriptEngine.run(ScriptEngine.java:194)
	at com.kms.katalon.core.main.ScriptEngine.runScriptAsRawText(ScriptEngine.java:119)
	at com.kms.katalon.core.main.TestCaseExecutor.runScript(TestCaseExecutor.java:328)
	at com.kms.katalon.core.main.TestCaseExecutor.doExecute(TestCaseExecutor.java:319)
	at com.kms.katalon.core.main.TestCaseExecutor.processExecutionPhase(TestCaseExecutor.java:298)
	at com.kms.katalon.core.main.TestCaseExecutor.accessMainPhase(TestCaseExecutor.java:290)
	at com.kms.katalon.core.main.TestCaseExecutor.execute(TestCaseExecutor.java:224)
	at com.kms.katalon.core.main.TestCaseMain.runTestCase(TestCaseMain.java:106)
	at com.kms.katalon.core.keyword.builtin.CallTestCaseKeyword$_callTestCase_closure1.doCall(CallTestCaseKeyword.groovy:59)
	at com.kms.katalon.core.keyword.builtin.CallTestCaseKeyword$_callTestCase_closure1.call(CallTestCaseKeyword.groovy)
	at com.kms.katalon.core.keyword.internal.KeywordMain.runKeyword(KeywordMain.groovy:54)
	at com.kms.katalon.core.keyword.builtin.CallTestCaseKeyword.callTestCase(CallTestCaseKeyword.groovy:80)
	at com.kms.katalon.core.keyword.builtin.CallTestCaseKeyword.execute(CallTestCaseKeyword.groovy:44)
	at com.kms.katalon.core.keyword.internal.KeywordExecutor.executeKeywordForPlatform(KeywordExecutor.groovy:53)
	at com.kms.katalon.core.keyword.BuiltinKeywords.callTestCase(BuiltinKeywords.groovy:334)
	at NationalGeneral.run(NationalGeneral:41)
	at com.kms.katalon.core.main.ScriptEngine.run(ScriptEngine.java:194)
	at com.kms.katalon.core.main.ScriptEngine.runScriptAsRawText(ScriptEngine.java:119)
	at com.kms.katalon.core.main.TestCaseExecutor.runScript(TestCaseExecutor.java:328)
	at com.kms.katalon.core.main.TestCaseExecutor.doExecute(TestCaseExecutor.java:319)
	at com.kms.katalon.core.main.TestCaseExecutor.processExecutionPhase(TestCaseExecutor.java:298)
	at com.kms.katalon.core.main.TestCaseExecutor.accessMainPhase(TestCaseExecutor.java:290)
	at com.kms.katalon.core.main.TestCaseExecutor.execute(TestCaseExecutor.java:224)
	at com.kms.katalon.core.main.TestSuiteExecutor.accessTestCaseMainPhase(TestSuiteExecutor.java:129)
	at com.kms.katalon.core.main.TestSuiteExecutor.accessTestSuiteMainPhase(TestSuiteExecutor.java:112)
	at com.kms.katalon.core.main.TestSuiteExecutor.execute(TestSuiteExecutor.java:81)
	at com.kms.katalon.core.main.TestCaseMain.startTestSuite(TestCaseMain.java:149)
	at com.kms.katalon.core.main.TestCaseMain$startTestSuite$0.call(Unknown Source)
	at TempTestSuite1575264286726.run(TempTestSuite1575264286726.groovy:36)


2019-12-02 00:50:25 - [MESSAGE][FAILED] - Unable to call Test Case 'Test Cases/mobileWeb/_include/goToEnd_stm_autofill' (Root cause: com.kms.katalon.core.exception.StepFailedException: Call Test Case 'Test Cases/mobileWeb/_include/goToEnd_stm_autofill' failed)

2019-12-02 00:50:25 - [MESSAGE][FAILED] - callTestCase(findTestCase("mobileWeb/_include/goToEnd_stm_autofill"), [:], STOP_ON_FAILURE) FAILED.
Reason:
com.kms.katalon.core.exception.StepFailedException: Unable to clear text of object 'Object Repository/mobileSanity/STM/Page_App Page 3/input__credit-card-cvv' (Root cause: com.kms.katalon.core.webui.exception.WebElementNotFoundException: Web element with id: 'Object Repository/mobileSanity/STM/Page_App Page 3/input__credit-card-cvv' located by 'By.xpath: id("credit-card-cvv")[count(. | //input[@type = 'text' and @id = 'credit-card-cvv']) = count(//input[@type = 'text' and @id = 'credit-card-cvv'])]' not found)
	at com.kms.katalon.core.keyword.internal.KeywordMain.stepFailed(KeywordMain.groovy:36)
	at com.kms.katalon.core.webui.keyword.internal.WebUIKeywordMain.stepFailed(WebUIKeywordMain.groovy:65)
	at com.kms.katalon.core.webui.keyword.internal.WebUIKeywordMain.runKeyword(WebUIKeywordMain.groovy:43)
	at com.kms.katalon.core.webui.keyword.builtin.ClearTextKeyword.clearText(ClearTextKeyword.groovy:61)
	at com.kms.katalon.core.webui.keyword.builtin.ClearTextKeyword.execute(ClearTextKeyword.groovy:34)
	at com.kms.katalon.core.keyword.internal.KeywordExecutor.executeKeywordForPlatform(KeywordExecutor.groovy:53)
	at com.kms.katalon.core.webui.keyword.WebUiBuiltInKeywords.clearText(WebUiBuiltInKeywords.groovy:3817)
	at com.kms.katalon.core.webui.keyword.WebUiBuiltInKeywords$clearText$13.call(Unknown Source)
	at goToEnd_stm_autofill.run(goToEnd_stm_autofill:71)
	at com.kms.katalon.core.main.ScriptEngine.run(ScriptEngine.java:194)
	at com.kms.katalon.core.main.ScriptEngine.runScriptAsRawText(ScriptEngine.java:119)
	at com.kms.katalon.core.main.TestCaseExecutor.runScript(TestCaseExecutor.java:328)
	at com.kms.katalon.core.main.TestCaseExecutor.doExecute(TestCaseExecutor.java:319)
	at com.kms.katalon.core.main.TestCaseExecutor.processExecutionPhase(TestCaseExecutor.java:298)
	at com.kms.katalon.core.main.TestCaseExecutor.accessMainPhase(TestCaseExecutor.java:290)
	at com.kms.katalon.core.main.TestCaseExecutor.execute(TestCaseExecutor.java:224)
	at com.kms.katalon.core.main.TestCaseMain.runTestCase(TestCaseMain.java:106)
	at com.kms.katalon.core.keyword.builtin.CallTestCaseKeyword$_callTestCase_closure1.doCall(CallTestCaseKeyword.groovy:59)
	at com.kms.katalon.core.keyword.builtin.CallTestCaseKeyword$_callTestCase_closure1.call(CallTestCaseKeyword.groovy)
	at com.kms.katalon.core.keyword.internal.KeywordMain.runKeyword(KeywordMain.groovy:54)
	at com.kms.katalon.core.keyword.builtin.CallTestCaseKeyword.callTestCase(CallTestCaseKeyword.groovy:80)
	at com.kms.katalon.core.keyword.builtin.CallTestCaseKeyword.execute(CallTestCaseKeyword.groovy:44)
	at com.kms.katalon.core.keyword.internal.KeywordExecutor.executeKeywordForPlatform(KeywordExecutor.groovy:53)
	at com.kms.katalon.core.keyword.BuiltinKeywords.callTestCase(BuiltinKeywords.groovy:334)
	at NationalGeneral.run(NationalGeneral:41)
	at com.kms.katalon.core.main.ScriptEngine.run(ScriptEngine.java:194)
	at com.kms.katalon.core.main.ScriptEngine.runScriptAsRawText(ScriptEngine.java:119)
	at com.kms.katalon.core.main.TestCaseExecutor.runScript(TestCaseExecutor.java:328)
	at com.kms.katalon.core.main.TestCaseExecutor.doExecute(TestCaseExecutor.java:319)
	at com.kms.katalon.core.main.TestCaseExecutor.processExecutionPhase(TestCaseExecutor.java:298)
	at com.kms.katalon.core.main.TestCaseExecutor.accessMainPhase(TestCaseExecutor.java:290)
	at com.kms.katalon.core.main.TestCaseExecutor.execute(TestCaseExecutor.java:224)
	at com.kms.katalon.core.main.TestSuiteExecutor.accessTestCaseMainPhase(TestSuiteExecutor.java:129)
	at com.kms.katalon.core.main.TestSuiteExecutor.accessTestSuiteMainPhase(TestSuiteExecutor.java:112)
	at com.kms.katalon.core.main.TestSuiteExecutor.execute(TestSuiteExecutor.java:81)
	at com.kms.katalon.core.main.TestCaseMain.startTestSuite(TestCaseMain.java:149)
	at com.kms.katalon.core.main.TestCaseMain$startTestSuite$0.call(Unknown Source)
	at TempTestSuite1575264286726.run(TempTestSuite1575264286726.groovy:36)]]></system-out>
         <system-err><![CDATA[2019-12-02 00:48:43 - [TEST_CASE][FAILED] - Test Cases/HIC/STM/NationalGeneral: Test Cases/HIC/STM/NationalGeneral FAILED.
Reason:
com.kms.katalon.core.exception.StepFailedException: Unable to clear text of object 'Object Repository/mobileSanity/STM/Page_App Page 3/input__credit-card-cvv' (Root cause: com.kms.katalon.core.webui.exception.WebElementNotFoundException: Web element with id: 'Object Repository/mobileSanity/STM/Page_App Page 3/input__credit-card-cvv' located by 'By.xpath: id("credit-card-cvv")[count(. | //input[@type = 'text' and @id = 'credit-card-cvv']) = count(//input[@type = 'text' and @id = 'credit-card-cvv'])]' not found)
	at com.kms.katalon.core.keyword.internal.KeywordMain.stepFailed(KeywordMain.groovy:36)
	at com.kms.katalon.core.webui.keyword.internal.WebUIKeywordMain.stepFailed(WebUIKeywordMain.groovy:65)
	at com.kms.katalon.core.webui.keyword.internal.WebUIKeywordMain.runKeyword(WebUIKeywordMain.groovy:43)
	at com.kms.katalon.core.webui.keyword.builtin.ClearTextKeyword.clearText(ClearTextKeyword.groovy:61)
	at com.kms.katalon.core.webui.keyword.builtin.ClearTextKeyword.execute(ClearTextKeyword.groovy:34)
	at com.kms.katalon.core.keyword.internal.KeywordExecutor.executeKeywordForPlatform(KeywordExecutor.groovy:53)
	at com.kms.katalon.core.webui.keyword.WebUiBuiltInKeywords.clearText(WebUiBuiltInKeywords.groovy:3817)
	at com.kms.katalon.core.webui.keyword.WebUiBuiltInKeywords$clearText$13.call(Unknown Source)
	at goToEnd_stm_autofill.run(goToEnd_stm_autofill:71)
	at com.kms.katalon.core.main.ScriptEngine.run(ScriptEngine.java:194)
	at com.kms.katalon.core.main.ScriptEngine.runScriptAsRawText(ScriptEngine.java:119)
	at com.kms.katalon.core.main.TestCaseExecutor.runScript(TestCaseExecutor.java:328)
	at com.kms.katalon.core.main.TestCaseExecutor.doExecute(TestCaseExecutor.java:319)
	at com.kms.katalon.core.main.TestCaseExecutor.processExecutionPhase(TestCaseExecutor.java:298)
	at com.kms.katalon.core.main.TestCaseExecutor.accessMainPhase(TestCaseExecutor.java:290)
	at com.kms.katalon.core.main.TestCaseExecutor.execute(TestCaseExecutor.java:224)
	at com.kms.katalon.core.main.TestCaseMain.runTestCase(TestCaseMain.java:106)
	at com.kms.katalon.core.keyword.builtin.CallTestCaseKeyword$_callTestCase_closure1.doCall(CallTestCaseKeyword.groovy:59)
	at com.kms.katalon.core.keyword.builtin.CallTestCaseKeyword$_callTestCase_closure1.call(CallTestCaseKeyword.groovy)
	at com.kms.katalon.core.keyword.internal.KeywordMain.runKeyword(KeywordMain.groovy:54)
	at com.kms.katalon.core.keyword.builtin.CallTestCaseKeyword.callTestCase(CallTestCaseKeyword.groovy:80)
	at com.kms.katalon.core.keyword.builtin.CallTestCaseKeyword.execute(CallTestCaseKeyword.groovy:44)
	at com.kms.katalon.core.keyword.internal.KeywordExecutor.executeKeywordForPlatform(KeywordExecutor.groovy:53)
	at com.kms.katalon.core.keyword.BuiltinKeywords.callTestCase(BuiltinKeywords.groovy:334)
	at NationalGeneral.run(NationalGeneral:41)
	at com.kms.katalon.core.main.ScriptEngine.run(ScriptEngine.java:194)
	at com.kms.katalon.core.main.ScriptEngine.runScriptAsRawText(ScriptEngine.java:119)
	at com.kms.katalon.core.main.TestCaseExecutor.runScript(TestCaseExecutor.java:328)
	at com.kms.katalon.core.main.TestCaseExecutor.doExecute(TestCaseExecutor.java:319)
	at com.kms.katalon.core.main.TestCaseExecutor.processExecutionPhase(TestCaseExecutor.java:298)
	at com.kms.katalon.core.main.TestCaseExecutor.accessMainPhase(TestCaseExecutor.java:290)
	at com.kms.katalon.core.main.TestCaseExecutor.execute(TestCaseExecutor.java:224)
	at com.kms.katalon.core.main.TestSuiteExecutor.accessTestCaseMainPhase(TestSuiteExecutor.java:129)
	at com.kms.katalon.core.main.TestSuiteExecutor.accessTestSuiteMainPhase(TestSuiteExecutor.java:112)
	at com.kms.katalon.core.main.TestSuiteExecutor.execute(TestSuiteExecutor.java:81)
	at com.kms.katalon.core.main.TestCaseMain.startTestSuite(TestCaseMain.java:149)
	at com.kms.katalon.core.main.TestCaseMain$startTestSuite$0.call(Unknown Source)
	at TempTestSuite1575264286726.run(TempTestSuite1575264286726.groovy:36)]]></system-err>
      </testcase>
      <testcase name="Test Cases/HIC/STM/Slaico" classname="Test Cases/HIC/STM/Slaico" status="PASSED">
         <system-out><![CDATA[2019-12-02 00:50:25 - [TEST_CASE][PASSED] - Test Cases/HIC/STM/Slaico: Test Cases/HIC/STM/Slaico

2019-12-02 00:50:25 - [TEST_STEP][PASSED] - callTestCase(findTestCase("HIC/_include/get_hicScreenPath"), ["project":"HIC", "productLine":"STM", "carrierName":"Slaico"], CONTINUE_ON_FAILURE): Call Test Case 'Test Cases/HIC/_include/get_hicScreenPath' successfully

2019-12-02 00:50:25 - [TEST_CASE][PASSED] - Test Cases/HIC/_include/get_hicScreenPath: Test Cases/HIC/_include/get_hicScreenPath

2019-12-02 00:50:25 - [TEST_STEP][PASSED] - m = getExecutionProperties(): null

2019-12-02 00:50:25 - [TEST_STEP][PASSED] - deviceName = get("mobileEmulation").get("deviceName"): null

2019-12-02 00:50:25 - [TEST_STEP][PASSED] - println(deviceName): null

2019-12-02 00:50:25 - [TEST_STEP][PASSED] - now = new java.util.Date(): null

2019-12-02 00:50:25 - [TEST_STEP][PASSED] - mydate = now.format("yyyyMMdd_HHmmss"): null

2019-12-02 00:50:25 - [TEST_STEP][PASSED] - screenPath = "../Screenshots/": null

2019-12-02 00:50:25 - [TEST_STEP][PASSED] - screenPath = screenPath + deviceName + "/" + project + "/" + productLine + "/" + carrierName + "/" + mydate + "/": null

2019-12-02 00:50:25 - [TEST_STEP][PASSED] - println(screenPath): null

2019-12-02 00:50:25 - [MESSAGE][PASSED] - Call Test Case 'Test Cases/HIC/_include/get_hicScreenPath' successfully

2019-12-02 00:50:25 - [TEST_STEP][PASSED] - i = 0: null

2019-12-02 00:50:25 - [TEST_STEP][PASSED] - callTestCase(findTestCase("mobileWeb/_include/openWebSite"), ["env":"https://qa.healthinsurance.com/"], CONTINUE_ON_FAILURE): Call Test Case 'Test Cases/mobileWeb/_include/openWebSite' successfully

2019-12-02 00:50:25 - [TEST_CASE][PASSED] - Test Cases/mobileWeb/_include/openWebSite: Test Cases/mobileWeb/_include/openWebSite

2019-12-02 00:50:25 - [TEST_STEP][PASSED] - openBrowser(env): Browser is opened with url: 'https://qa.healthinsurance.com/'

2019-12-02 00:50:25 - [MESSAGE][WARNING] - A browser is already opened. Closing browser and opening a new one

2019-12-02 00:50:26 - [MESSAGE][INFO] - Starting 'Chrome' driver

2019-12-02 00:50:26 - [MESSAGE][INFO] - User set preference: ['mobileEmulation', '{deviceName=iPhone 6}']

2019-12-02 00:50:26 - [MESSAGE][INFO] - User set preference: ['args', '[--incognito, --aggressive-cache-discard, --window-size=375,677, --no-sandbox]']

2019-12-02 00:50:30 - [MESSAGE][PASSED] - Browser is opened with url: 'https://qa.healthinsurance.com/'

2019-12-02 00:50:30 - [TEST_STEP][PASSED] - waitForPageLoad(20): Wait for page load successfully

2019-12-02 00:50:30 - [MESSAGE][PASSED] - Wait for page load successfully

2019-12-02 00:50:30 - [TEST_STEP][PASSED] - callTestCase(findTestCase("mobileWeb/_include/get_screenshot"), [:], STOP_ON_FAILURE): Call Test Case 'Test Cases/mobileWeb/_include/get_screenshot' successfully

2019-12-02 00:50:30 - [TEST_CASE][PASSED] - Test Cases/mobileWeb/_include/get_screenshot: Test Cases/mobileWeb/_include/get_screenshot

2019-12-02 00:50:30 - [TEST_STEP][PASSED] - takeScreenshot(screenPath + i + ".png"): Taking screenshot successfully

2019-12-02 00:50:30 - [MESSAGE][PASSED] - Taking screenshot successfully
[[ATTACHMENT|D:\\Test\\AgileTest\\Reports\\HIC\\hic\\20191202_002446\\../Screenshots/iPhone 6/HIC/STM/Slaico/20191202_005025/0.png]]

2019-12-02 00:50:30 - [TEST_STEP][PASSED] - (internal.GlobalVariable.i++): null

2019-12-02 00:50:30 - [MESSAGE][PASSED] - Call Test Case 'Test Cases/mobileWeb/_include/get_screenshot' successfully

2019-12-02 00:50:30 - [MESSAGE][PASSED] - Call Test Case 'Test Cases/mobileWeb/_include/openWebSite' successfully

2019-12-02 00:50:30 - [TEST_STEP][PASSED] - click(findTestObject("hic/nav/navButton")): Object: 'Object Repository/hic/nav/navButton' is clicked on

2019-12-02 00:50:31 - [MESSAGE][PASSED] - Object: 'Object Repository/hic/nav/navButton' is clicked on

2019-12-02 00:50:31 - [TEST_STEP][PASSED] - Thread.sleep(2000): null

2019-12-02 00:50:33 - [TEST_STEP][PASSED] - click(findTestObject("hic/nav/stmLink")): Object: 'Object Repository/hic/nav/stmLink' is clicked on

2019-12-02 00:50:33 - [MESSAGE][PASSED] - Object: 'Object Repository/hic/nav/stmLink' is clicked on

2019-12-02 00:50:33 - [TEST_STEP][PASSED] - Thread.sleep(2000): null

2019-12-02 00:50:35 - [TEST_STEP][PASSED] - callTestCase(findTestCase("mobileWeb/_include/get_screenshot"), [:], STOP_ON_FAILURE): Call Test Case 'Test Cases/mobileWeb/_include/get_screenshot' successfully

2019-12-02 00:50:35 - [TEST_CASE][PASSED] - Test Cases/mobileWeb/_include/get_screenshot: Test Cases/mobileWeb/_include/get_screenshot

2019-12-02 00:50:35 - [TEST_STEP][PASSED] - takeScreenshot(screenPath + i + ".png"): Taking screenshot successfully

2019-12-02 00:50:35 - [MESSAGE][PASSED] - Taking screenshot successfully
[[ATTACHMENT|D:\\Test\\AgileTest\\Reports\\HIC\\hic\\20191202_002446\\../Screenshots/iPhone 6/HIC/STM/Slaico/20191202_005025/1.png]]

2019-12-02 00:50:35 - [TEST_STEP][PASSED] - (internal.GlobalVariable.i++): null

2019-12-02 00:50:35 - [MESSAGE][PASSED] - Call Test Case 'Test Cases/mobileWeb/_include/get_screenshot' successfully

2019-12-02 00:50:35 - [TEST_STEP][PASSED] - callTestCase(findTestCase("HIC/_include/stm_census"), ["zipcode":"60602"], STOP_ON_FAILURE): Call Test Case 'Test Cases/HIC/_include/stm_census' successfully

2019-12-02 00:50:35 - [TEST_CASE][PASSED] - Test Cases/HIC/_include/stm_census: Test Cases/HIC/_include/stm_census

2019-12-02 00:50:35 - [TEST_STEP][PASSED] - setText(findTestObject("hic/stm/zip"), zipcode): Text '60602' is set on object 'Object Repository/hic/stm/zip'

2019-12-02 00:50:35 - [MESSAGE][PASSED] - Text '60602' is set on object 'Object Repository/hic/stm/zip'

2019-12-02 00:50:35 - [TEST_STEP][PASSED] - Thread.sleep(500): null

2019-12-02 00:50:36 - [TEST_STEP][PASSED] - setText(findTestObject("hic/stm/primaryDOB"), "03031987"): Text '03031987' is set on object 'Object Repository/hic/stm/primaryDOB'

2019-12-02 00:50:36 - [MESSAGE][PASSED] - Text '03031987' is set on object 'Object Repository/hic/stm/primaryDOB'

2019-12-02 00:50:36 - [TEST_STEP][PASSED] - click(findTestObject("hic/stm/female")): Object: 'Object Repository/hic/stm/female' is clicked on

2019-12-02 00:50:36 - [MESSAGE][PASSED] - Object: 'Object Repository/hic/stm/female' is clicked on

2019-12-02 00:50:36 - [TEST_STEP][PASSED] - Thread.sleep(3000): null

2019-12-02 00:50:39 - [TEST_STEP][PASSED] - click(findTestObject("hic/stm/submitButton")): Object: 'Object Repository/hic/stm/submitButton' is clicked on

2019-12-02 00:50:40 - [MESSAGE][PASSED] - Object: 'Object Repository/hic/stm/submitButton' is clicked on

2019-12-02 00:50:40 - [TEST_STEP][PASSED] - Thread.sleep(6000): null

2019-12-02 00:50:46 - [TEST_STEP][PASSED] - callTestCase(findTestCase("mobileWeb/_include/get_screenshot"), [:], STOP_ON_FAILURE): Call Test Case 'Test Cases/mobileWeb/_include/get_screenshot' successfully

2019-12-02 00:50:46 - [TEST_CASE][PASSED] - Test Cases/mobileWeb/_include/get_screenshot: Test Cases/mobileWeb/_include/get_screenshot

2019-12-02 00:50:46 - [TEST_STEP][PASSED] - takeScreenshot(screenPath + i + ".png"): Taking screenshot successfully

2019-12-02 00:50:47 - [MESSAGE][PASSED] - Taking screenshot successfully
[[ATTACHMENT|D:\\Test\\AgileTest\\Reports\\HIC\\hic\\20191202_002446\\../Screenshots/iPhone 6/HIC/STM/Slaico/20191202_005025/2.png]]

2019-12-02 00:50:47 - [TEST_STEP][PASSED] - (internal.GlobalVariable.i++): null

2019-12-02 00:50:47 - [MESSAGE][PASSED] - Call Test Case 'Test Cases/mobileWeb/_include/get_screenshot' successfully

2019-12-02 00:50:47 - [TEST_STEP][PASSED] - Thread.sleep(1000): null

2019-12-02 00:50:48 - [MESSAGE][PASSED] - Call Test Case 'Test Cases/HIC/_include/stm_census' successfully

2019-12-02 00:50:48 - [TEST_STEP][PASSED] - callTestCase(findTestCase("mobileWeb/_include/filter_stm"), ["carrier":"slaico"], STOP_ON_FAILURE): Call Test Case 'Test Cases/mobileWeb/_include/filter_stm' successfully

2019-12-02 00:50:48 - [TEST_CASE][PASSED] - Test Cases/mobileWeb/_include/filter_stm: Test Cases/mobileWeb/_include/filter_stm

2019-12-02 00:50:48 - [TEST_STEP][PASSED] - driver = getWebDriver(): null

2019-12-02 00:50:48 - [TEST_STEP][PASSED] - selenium = new com.thoughtworks.selenium.webdriven.WebDriverBackedSelenium(driver, internal.GlobalVariable.ENV): null

2019-12-02 00:50:48 - [TEST_STEP][PASSED] - Thread.sleep(1000): null

2019-12-02 00:50:49 - [TEST_STEP][PASSED] - click(findTestObject("mobileSanity/STM/STM Quote Page/button_filters")): Object: 'Object Repository/mobileSanity/STM/STM Quote Page/button_filters' is clicked on

2019-12-02 00:50:49 - [MESSAGE][PASSED] - Object: 'Object Repository/mobileSanity/STM/STM Quote Page/button_filters' is clicked on

2019-12-02 00:50:49 - [TEST_STEP][PASSED] - Thread.sleep(1000): null

2019-12-02 00:50:50 - [TEST_STEP][PASSED] - click(findTestObject("mobileSanity/STM/STM Quote Page/i_Insurance company")): Object: 'Object Repository/mobileSanity/STM/STM Quote Page/i_Insurance company' is clicked on

2019-12-02 00:50:50 - [MESSAGE][PASSED] - Object: 'Object Repository/mobileSanity/STM/STM Quote Page/i_Insurance company' is clicked on

2019-12-02 00:50:50 - [TEST_STEP][PASSED] - Thread.sleep(1000): null

2019-12-02 00:50:51 - [TEST_STEP][PASSED] - filter_carrier = "//input[@name='filter[carrier]' and @value='" + carrier + "']/following::label": null

2019-12-02 00:50:51 - [TEST_STEP][PASSED] - println(filter_carrier): null

2019-12-02 00:50:51 - [TEST_STEP][PASSED] - test.MobileKeywords.clickJS_ByXpath(filter_carrier): test.MobileKeywords.clickJS_ByXpath is PASSED

2019-12-02 00:50:52 - [MESSAGE][PASSED] - Execute JavaScript 'arguments[0].click()' successfully

2019-12-02 00:50:52 - [MESSAGE][PASSED] - test.MobileKeywords.clickJS_ByXpath is PASSED

2019-12-02 00:50:52 - [TEST_STEP][PASSED] - scrollToElement(findTestObject("mobileSanity/STM/STM Quote Page/a_Show Plans"), 1000): Scroll to object 'Object Repository/mobileSanity/STM/STM Quote Page/a_Show Plans' successfully

2019-12-02 00:50:52 - [MESSAGE][PASSED] - Scroll to object 'Object Repository/mobileSanity/STM/STM Quote Page/a_Show Plans' successfully

2019-12-02 00:50:52 - [TEST_STEP][PASSED] - Thread.sleep(2000): null

2019-12-02 00:50:54 - [TEST_STEP][PASSED] - click(findTestObject("mobileSanity/STM/STM Quote Page/a_Show Plans")): Object: 'Object Repository/mobileSanity/STM/STM Quote Page/a_Show Plans' is clicked on

2019-12-02 00:50:54 - [MESSAGE][PASSED] - Object: 'Object Repository/mobileSanity/STM/STM Quote Page/a_Show Plans' is clicked on

2019-12-02 00:50:54 - [TEST_STEP][PASSED] - waitForJQueryLoad(20, STOP_ON_FAILURE): jQuery is ready.

2019-12-02 00:50:54 - [MESSAGE][PASSED] - jQuery is ready.

2019-12-02 00:50:54 - [TEST_STEP][PASSED] - Thread.sleep(2000): null

2019-12-02 00:50:56 - [TEST_STEP][PASSED] - callTestCase(findTestCase("mobileWeb/_include/get_screenshot"), [:], STOP_ON_FAILURE): Call Test Case 'Test Cases/mobileWeb/_include/get_screenshot' successfully

2019-12-02 00:50:56 - [TEST_CASE][PASSED] - Test Cases/mobileWeb/_include/get_screenshot: Test Cases/mobileWeb/_include/get_screenshot

2019-12-02 00:50:56 - [TEST_STEP][PASSED] - takeScreenshot(screenPath + i + ".png"): Taking screenshot successfully

2019-12-02 00:50:57 - [MESSAGE][PASSED] - Taking screenshot successfully
[[ATTACHMENT|D:\\Test\\AgileTest\\Reports\\HIC\\hic\\20191202_002446\\../Screenshots/iPhone 6/HIC/STM/Slaico/20191202_005025/3.png]]

2019-12-02 00:50:57 - [TEST_STEP][PASSED] - (internal.GlobalVariable.i++): null

2019-12-02 00:50:57 - [MESSAGE][PASSED] - Call Test Case 'Test Cases/mobileWeb/_include/get_screenshot' successfully

2019-12-02 00:50:57 - [MESSAGE][PASSED] - Call Test Case 'Test Cases/mobileWeb/_include/filter_stm' successfully

2019-12-02 00:50:57 - [TEST_STEP][PASSED] - callTestCase(findTestCase("mobileWeb/_include/goToDetail_stm"), ["carrier":"slaico"], STOP_ON_FAILURE): Call Test Case 'Test Cases/mobileWeb/_include/goToDetail_stm' successfully

2019-12-02 00:50:57 - [TEST_CASE][PASSED] - Test Cases/mobileWeb/_include/goToDetail_stm: Test Cases/mobileWeb/_include/goToDetail_stm

2019-12-02 00:50:57 - [TEST_STEP][PASSED] - driver = getWebDriver(): null

2019-12-02 00:50:57 - [TEST_STEP][PASSED] - selenium = new com.thoughtworks.selenium.webdriven.WebDriverBackedSelenium(driver, internal.GlobalVariable.ENV): null

2019-12-02 00:50:57 - [TEST_STEP][PASSED] - a_plan_name = "xpath=//a[contains(@href,'/term-health-insurance/plan/" + carrier + "')]": null

2019-12-02 00:50:57 - [TEST_STEP][PASSED] - println(a_plan_name): null

2019-12-02 00:50:57 - [TEST_STEP][PASSED] - selenium.click(a_plan_name): null

2019-12-02 00:50:58 - [TEST_STEP][PASSED] - waitForPageLoad(20): Wait for page load successfully

2019-12-02 00:50:59 - [MESSAGE][PASSED] - Wait for page load successfully

2019-12-02 00:50:59 - [TEST_STEP][PASSED] - Thread.sleep(2000): null

2019-12-02 00:51:01 - [TEST_STEP][PASSED] - callTestCase(findTestCase("mobileWeb/_include/get_screenshot"), [:], STOP_ON_FAILURE): Call Test Case 'Test Cases/mobileWeb/_include/get_screenshot' successfully

2019-12-02 00:51:01 - [TEST_CASE][PASSED] - Test Cases/mobileWeb/_include/get_screenshot: Test Cases/mobileWeb/_include/get_screenshot

2019-12-02 00:51:01 - [TEST_STEP][PASSED] - takeScreenshot(screenPath + i + ".png"): Taking screenshot successfully

2019-12-02 00:51:01 - [MESSAGE][PASSED] - Taking screenshot successfully
[[ATTACHMENT|D:\\Test\\AgileTest\\Reports\\HIC\\hic\\20191202_002446\\../Screenshots/iPhone 6/HIC/STM/Slaico/20191202_005025/4.png]]

2019-12-02 00:51:01 - [TEST_STEP][PASSED] - (internal.GlobalVariable.i++): null

2019-12-02 00:51:01 - [MESSAGE][PASSED] - Call Test Case 'Test Cases/mobileWeb/_include/get_screenshot' successfully

2019-12-02 00:51:01 - [MESSAGE][PASSED] - Call Test Case 'Test Cases/mobileWeb/_include/goToDetail_stm' successfully

2019-12-02 00:51:01 - [TEST_STEP][PASSED] - callTestCase(findTestCase("mobileWeb/_include/apply_stm"), [:], STOP_ON_FAILURE): Call Test Case 'Test Cases/mobileWeb/_include/apply_stm' successfully

2019-12-02 00:51:01 - [TEST_CASE][PASSED] - Test Cases/mobileWeb/_include/apply_stm: Test Cases/mobileWeb/_include/apply_stm

2019-12-02 00:51:01 - [TEST_STEP][PASSED] - waitForElementVisible(findTestObject("mobileSanity/STM/STM PlanDetail Page/a_Apply for This Plan"), 5): Object 'Object Repository/mobileSanity/STM/STM PlanDetail Page/a_Apply for This Plan' is visible

2019-12-02 00:51:01 - [MESSAGE][PASSED] - Object 'Object Repository/mobileSanity/STM/STM PlanDetail Page/a_Apply for This Plan' is visible

2019-12-02 00:51:01 - [TEST_STEP][PASSED] - click(findTestObject("mobileSanity/STM/STM PlanDetail Page/a_Apply for This Plan")): Object: 'Object Repository/mobileSanity/STM/STM PlanDetail Page/a_Apply for This Plan' is clicked on

2019-12-02 00:51:02 - [MESSAGE][PASSED] - Object: 'Object Repository/mobileSanity/STM/STM PlanDetail Page/a_Apply for This Plan' is clicked on

2019-12-02 00:51:02 - [TEST_STEP][PASSED] - waitForPageLoad(10): Wait for page load successfully

2019-12-02 00:51:03 - [MESSAGE][PASSED] - Wait for page load successfully

2019-12-02 00:51:03 - [TEST_STEP][PASSED] - Thread.sleep(2000): null

2019-12-02 00:51:05 - [TEST_STEP][PASSED] - callTestCase(findTestCase("mobileWeb/_include/get_screenshot"), [:], STOP_ON_FAILURE): Call Test Case 'Test Cases/mobileWeb/_include/get_screenshot' successfully

2019-12-02 00:51:05 - [TEST_CASE][PASSED] - Test Cases/mobileWeb/_include/get_screenshot: Test Cases/mobileWeb/_include/get_screenshot

2019-12-02 00:51:05 - [TEST_STEP][PASSED] - takeScreenshot(screenPath + i + ".png"): Taking screenshot successfully

2019-12-02 00:51:05 - [MESSAGE][PASSED] - Taking screenshot successfully
[[ATTACHMENT|D:\\Test\\AgileTest\\Reports\\HIC\\hic\\20191202_002446\\../Screenshots/iPhone 6/HIC/STM/Slaico/20191202_005025/5.png]]

2019-12-02 00:51:05 - [TEST_STEP][PASSED] - (internal.GlobalVariable.i++): null

2019-12-02 00:51:05 - [MESSAGE][PASSED] - Call Test Case 'Test Cases/mobileWeb/_include/get_screenshot' successfully

2019-12-02 00:51:05 - [TEST_STEP][PASSED] - waitForElementVisible(findTestObject("mobileSanity/STM/STM Apply Page/a_Start Secure Application"), 5): Object 'Object Repository/mobileSanity/STM/STM Apply Page/a_Start Secure Application' is visible

2019-12-02 00:51:05 - [MESSAGE][PASSED] - Object 'Object Repository/mobileSanity/STM/STM Apply Page/a_Start Secure Application' is visible

2019-12-02 00:51:05 - [TEST_STEP][PASSED] - click(findTestObject("mobileSanity/STM/STM Apply Page/a_Start Secure Application")): Object: 'Object Repository/mobileSanity/STM/STM Apply Page/a_Start Secure Application' is clicked on

2019-12-02 00:51:06 - [MESSAGE][PASSED] - Object: 'Object Repository/mobileSanity/STM/STM Apply Page/a_Start Secure Application' is clicked on

2019-12-02 00:51:06 - [TEST_STEP][PASSED] - waitForPageLoad(20): Wait for page load successfully

2019-12-02 00:51:06 - [MESSAGE][PASSED] - Wait for page load successfully

2019-12-02 00:51:06 - [TEST_STEP][PASSED] - Thread.sleep(2000): null

2019-12-02 00:51:08 - [TEST_STEP][PASSED] - callTestCase(findTestCase("mobileWeb/_include/get_screenshot"), [:], STOP_ON_FAILURE): Call Test Case 'Test Cases/mobileWeb/_include/get_screenshot' successfully

2019-12-02 00:51:08 - [TEST_CASE][PASSED] - Test Cases/mobileWeb/_include/get_screenshot: Test Cases/mobileWeb/_include/get_screenshot

2019-12-02 00:51:08 - [TEST_STEP][PASSED] - takeScreenshot(screenPath + i + ".png"): Taking screenshot successfully

2019-12-02 00:51:09 - [MESSAGE][PASSED] - Taking screenshot successfully
[[ATTACHMENT|D:\\Test\\AgileTest\\Reports\\HIC\\hic\\20191202_002446\\../Screenshots/iPhone 6/HIC/STM/Slaico/20191202_005025/6.png]]

2019-12-02 00:51:09 - [TEST_STEP][PASSED] - (internal.GlobalVariable.i++): null

2019-12-02 00:51:09 - [MESSAGE][PASSED] - Call Test Case 'Test Cases/mobileWeb/_include/get_screenshot' successfully

2019-12-02 00:51:09 - [MESSAGE][PASSED] - Call Test Case 'Test Cases/mobileWeb/_include/apply_stm' successfully

2019-12-02 00:51:09 - [TEST_STEP][PASSED] - callTestCase(findTestCase("mobileWeb/_include/goToEnd_stm_autofill"), [:], STOP_ON_FAILURE): Call Test Case 'Test Cases/mobileWeb/_include/goToEnd_stm_autofill' successfully

2019-12-02 00:51:09 - [TEST_CASE][PASSED] - Test Cases/mobileWeb/_include/goToEnd_stm_autofill: Test Cases/mobileWeb/_include/goToEnd_stm_autofill

2019-12-02 00:51:09 - [TEST_STEP][PASSED] - callTestCase(findTestCase("mobileWeb/_include/name"), [:], CONTINUE_ON_FAILURE): Call Test Case 'Test Cases/mobileWeb/_include/name' successfully

2019-12-02 00:51:09 - [TEST_CASE][PASSED] - Test Cases/mobileWeb/_include/name: Test Cases/mobileWeb/_include/name

2019-12-02 00:51:09 - [TEST_STEP][PASSED] - driver = getWebDriver(): null

2019-12-02 00:51:09 - [TEST_STEP][PASSED] - selenium = new com.thoughtworks.selenium.webdriven.WebDriverBackedSelenium(driver, internal.GlobalVariable.ENV): null

2019-12-02 00:51:09 - [TEST_STEP][PASSED] - FirstName = "Test-123": null

2019-12-02 00:51:09 - [TEST_STEP][PASSED] - LastName = selenium.getEval("{var x="ABCDEFGHIJKLMNOPQRSTUVWXYZabcdefghijklmnopqrstuvwxyz"; var tmp="ZZ11-"; for (i=0;i<8;i++) tmp+=x.charAt(Math.ceil(51*Math.random()));tmp;}"): null

2019-12-02 00:51:09 - [TEST_STEP][PASSED] - Address = selenium.getEval("{var x="ABCDEFGHIJKLMNOPQRSTUVWXYZabcdefghijklmnopqrstuvwxyz"; var tmp=""; for (i=0;i<8;i++) tmp+=x.charAt(Math.ceil(51*Math.random()));tmp;}"): null

2019-12-02 00:51:09 - [TEST_STEP][PASSED] - City = selenium.getEval("{var x="ABCDEFGHIJKLMNOPQRSTUVWXYZabcdefghijklmnopqrstuvwxyz"; var tmp=""; for (i=0;i<8;i++) tmp+=x.charAt(Math.ceil(51*Math.random()));tmp;}"): null

2019-12-02 00:51:09 - [TEST_STEP][PASSED] - tel1 = selenium.getEval("{var x="123456789"; var tmp=""; for (i=0;i<3;i++) tmp+=x.charAt(Math.ceil(8*Math.random()));tmp;}"): null

2019-12-02 00:51:09 - [TEST_STEP][PASSED] - tel2 = selenium.getEval("{var x="123456789"; var tmp=""; for (i=0;i<3;i++) tmp+=x.charAt(Math.ceil(8*Math.random()));tmp;}"): null

2019-12-02 00:51:09 - [TEST_STEP][PASSED] - tel3 = selenium.getEval("{var x="123456789"; var tmp=""; for (i=0;i<4;i++) tmp+=x.charAt(Math.ceil(8*Math.random()));tmp;}"): null

2019-12-02 00:51:09 - [TEST_STEP][PASSED] - Tel = selenium.getExpression(tel1 + "-" + tel2 + "-" + tel3): null

2019-12-02 00:51:09 - [TEST_STEP][PASSED] - AutoEmail = selenium.getEval("{var x="ABCDEFGHIJKLMNOPQRSTUVWXYZabcdefghijklmnopqrstuvwxyz"; var tmp="test."; for (i=0;i<8;i++) tmp+=x.charAt(Math.ceil(51*Math.random()));tmp+="@suryani.cn";}"): null

2019-12-02 00:51:09 - [TEST_STEP][PASSED] - FirstName = FirstName: null

2019-12-02 00:51:09 - [TEST_STEP][PASSED] - LastName = LastName: null

2019-12-02 00:51:09 - [TEST_STEP][PASSED] - Address = Address: null

2019-12-02 00:51:09 - [TEST_STEP][PASSED] - City = City: null

2019-12-02 00:51:09 - [TEST_STEP][PASSED] - Tel = Tel: null

2019-12-02 00:51:09 - [TEST_STEP][PASSED] - AutoEmail = AutoEmail: null

2019-12-02 00:51:09 - [TEST_STEP][PASSED] - println(FirstName): null

2019-12-02 00:51:09 - [TEST_STEP][PASSED] - println(LastName): null

2019-12-02 00:51:09 - [TEST_STEP][PASSED] - println(Address): null

2019-12-02 00:51:09 - [TEST_STEP][PASSED] - println(City): null

2019-12-02 00:51:09 - [TEST_STEP][PASSED] - println(Tel): null

2019-12-02 00:51:09 - [TEST_STEP][PASSED] - println(AutoEmail): null

2019-12-02 00:51:09 - [MESSAGE][PASSED] - Call Test Case 'Test Cases/mobileWeb/_include/name' successfully

2019-12-02 00:51:09 - [TEST_STEP][FAILED] - try: Unable to verify text 'Month Duration Acknowledgement' is present  (Root cause: com.kms.katalon.core.exception.StepFailedException: Text 'Month Duration Acknowledgement' is not present on page )

2019-12-02 00:51:09 - [TEST_STEP][FAILED] - if (verifyTextPresent("Month Duration Acknowledgement", false)): Unable to verify text 'Month Duration Acknowledgement' is present  (Root cause: com.kms.katalon.core.exception.StepFailedException: Text 'Month Duration Acknowledgement' is not present on page )

2019-12-02 00:51:09 - [MESSAGE][FAILED] - Text 'Month Duration Acknowledgement' is not present on page 

2019-12-02 00:51:10 - [MESSAGE][FAILED] - Unable to verify text 'Month Duration Acknowledgement' is present  (Root cause: com.kms.katalon.core.exception.StepFailedException: Text 'Month Duration Acknowledgement' is not present on page )
[[ATTACHMENT|D:\\Test\\AgileTest\\Reports\\HIC\\hic\\20191202_002446\\1575265869712.png]]

2019-12-02 00:51:10 - [TEST_STEP][PASSED] - catch (Exception e): null

2019-12-02 00:51:10 - [TEST_STEP][PASSED] - println("no consecutive"): null

2019-12-02 00:51:10 - [TEST_STEP][PASSED] - waitForPageLoad(10): Wait for page load successfully

2019-12-02 00:51:10 - [MESSAGE][PASSED] - Wait for page load successfully

2019-12-02 00:51:10 - [TEST_STEP][PASSED] - Thread.sleep(3000): null

2019-12-02 00:51:13 - [TEST_STEP][PASSED] - waitForElementVisible(findTestObject("mobileSanity/STM/Page_App Page 1/a_Autofill App Info"), 20): Object 'Object Repository/mobileSanity/STM/Page_App Page 1/a_Autofill App Info' is visible

2019-12-02 00:51:13 - [MESSAGE][PASSED] - Object 'Object Repository/mobileSanity/STM/Page_App Page 1/a_Autofill App Info' is visible

2019-12-02 00:51:13 - [TEST_STEP][PASSED] - click(findTestObject("mobileSanity/STM/Page_App Page 1/a_Autofill App Info")): Object: 'Object Repository/mobileSanity/STM/Page_App Page 1/a_Autofill App Info' is clicked on

2019-12-02 00:51:13 - [MESSAGE][PASSED] - Object: 'Object Repository/mobileSanity/STM/Page_App Page 1/a_Autofill App Info' is clicked on

2019-12-02 00:51:13 - [TEST_STEP][PASSED] - Thread.sleep(1000): null

2019-12-02 00:51:14 - [TEST_STEP][PASSED] - click(findTestObject("mobileSanity/STM/Page_App Page 1/a_Autofill App Info")): Object: 'Object Repository/mobileSanity/STM/Page_App Page 1/a_Autofill App Info' is clicked on

2019-12-02 00:51:14 - [MESSAGE][PASSED] - Object: 'Object Repository/mobileSanity/STM/Page_App Page 1/a_Autofill App Info' is clicked on

2019-12-02 00:51:14 - [TEST_STEP][PASSED] - Thread.sleep(1000): null

2019-12-02 00:51:15 - [TEST_STEP][PASSED] - waitForElementVisible(findTestObject("mobileSanity/STM/Page_App Page 1/a_Continue"), 20): Object 'Object Repository/mobileSanity/STM/Page_App Page 1/a_Continue' is visible

2019-12-02 00:51:15 - [MESSAGE][PASSED] - Object 'Object Repository/mobileSanity/STM/Page_App Page 1/a_Continue' is visible

2019-12-02 00:51:15 - [TEST_STEP][PASSED] - click(findTestObject("mobileSanity/STM/Page_App Page 1/a_Continue")): Object: 'Object Repository/mobileSanity/STM/Page_App Page 1/a_Continue' is clicked on

2019-12-02 00:51:15 - [MESSAGE][PASSED] - Object: 'Object Repository/mobileSanity/STM/Page_App Page 1/a_Continue' is clicked on

2019-12-02 00:51:15 - [TEST_STEP][PASSED] - waitForPageLoad(20): Wait for page load successfully

2019-12-02 00:51:15 - [MESSAGE][PASSED] - Wait for page load successfully

2019-12-02 00:51:15 - [TEST_STEP][PASSED] - Thread.sleep(5000): null

2019-12-02 00:51:20 - [TEST_STEP][PASSED] - callTestCase(findTestCase("mobileWeb/_include/get_screenshot"), [:], STOP_ON_FAILURE): Call Test Case 'Test Cases/mobileWeb/_include/get_screenshot' successfully

2019-12-02 00:51:20 - [TEST_CASE][PASSED] - Test Cases/mobileWeb/_include/get_screenshot: Test Cases/mobileWeb/_include/get_screenshot

2019-12-02 00:51:20 - [TEST_STEP][PASSED] - takeScreenshot(screenPath + i + ".png"): Taking screenshot successfully

2019-12-02 00:51:21 - [MESSAGE][PASSED] - Taking screenshot successfully
[[ATTACHMENT|D:\\Test\\AgileTest\\Reports\\HIC\\hic\\20191202_002446\\../Screenshots/iPhone 6/HIC/STM/Slaico/20191202_005025/7.png]]

2019-12-02 00:51:21 - [TEST_STEP][PASSED] - (internal.GlobalVariable.i++): null

2019-12-02 00:51:21 - [MESSAGE][PASSED] - Call Test Case 'Test Cases/mobileWeb/_include/get_screenshot' successfully

2019-12-02 00:51:21 - [TEST_STEP][PASSED] - click(findTestObject("mobileSanity/STM/Page_App Page 2/a_Continue to Step 3 - Payment")): Object: 'Object Repository/mobileSanity/STM/Page_App Page 2/a_Continue to Step 3 - Payment' is clicked on

2019-12-02 00:51:21 - [MESSAGE][PASSED] - Object: 'Object Repository/mobileSanity/STM/Page_App Page 2/a_Continue to Step 3 - Payment' is clicked on

2019-12-02 00:51:21 - [TEST_STEP][PASSED] - waitForPageLoad(20): Wait for page load successfully

2019-12-02 00:51:21 - [MESSAGE][PASSED] - Wait for page load successfully

2019-12-02 00:51:21 - [TEST_STEP][PASSED] - waitForElementVisible(findTestObject("mobileSanity/STM/Page_App Page 3/input__credit-card-cvv"), 20): Object 'Object Repository/mobileSanity/STM/Page_App Page 3/input__credit-card-cvv' is visible

2019-12-02 00:51:21 - [MESSAGE][PASSED] - Object 'Object Repository/mobileSanity/STM/Page_App Page 3/input__credit-card-cvv' is visible

2019-12-02 00:51:21 - [TEST_STEP][PASSED] - Thread.sleep(2000): null

2019-12-02 00:51:23 - [TEST_STEP][PASSED] - callTestCase(findTestCase("mobileWeb/_include/get_screenshot"), [:], STOP_ON_FAILURE): Call Test Case 'Test Cases/mobileWeb/_include/get_screenshot' successfully

2019-12-02 00:51:23 - [TEST_CASE][PASSED] - Test Cases/mobileWeb/_include/get_screenshot: Test Cases/mobileWeb/_include/get_screenshot

2019-12-02 00:51:23 - [TEST_STEP][PASSED] - takeScreenshot(screenPath + i + ".png"): Taking screenshot successfully

2019-12-02 00:51:23 - [MESSAGE][PASSED] - Taking screenshot successfully
[[ATTACHMENT|D:\\Test\\AgileTest\\Reports\\HIC\\hic\\20191202_002446\\../Screenshots/iPhone 6/HIC/STM/Slaico/20191202_005025/8.png]]

2019-12-02 00:51:23 - [TEST_STEP][PASSED] - (internal.GlobalVariable.i++): null

2019-12-02 00:51:23 - [MESSAGE][PASSED] - Call Test Case 'Test Cases/mobileWeb/_include/get_screenshot' successfully

2019-12-02 00:51:23 - [TEST_STEP][PASSED] - clearText(findTestObject("mobileSanity/STM/Page_App Page 3/input__credit-card-cvv")): Text of object 'Object Repository/mobileSanity/STM/Page_App Page 3/input__credit-card-cvv' is cleared

2019-12-02 00:51:24 - [MESSAGE][PASSED] - Text of object 'Object Repository/mobileSanity/STM/Page_App Page 3/input__credit-card-cvv' is cleared

2019-12-02 00:51:24 - [TEST_STEP][PASSED] - setText(findTestObject("mobileSanity/STM/Page_App Page 3/input__credit-card-cvv"), "123"): Text '123' is set on object 'Object Repository/mobileSanity/STM/Page_App Page 3/input__credit-card-cvv'

2019-12-02 00:51:24 - [MESSAGE][PASSED] - Text '123' is set on object 'Object Repository/mobileSanity/STM/Page_App Page 3/input__credit-card-cvv'

2019-12-02 00:51:24 - [TEST_STEP][PASSED] - click(findTestObject("mobileSanity/STM/Page_App Page 3/label_I Accept Authorization f")): Object: 'Object Repository/mobileSanity/STM/Page_App Page 3/label_I Accept Authorization f' is clicked on

2019-12-02 00:51:24 - [MESSAGE][PASSED] - Object: 'Object Repository/mobileSanity/STM/Page_App Page 3/label_I Accept Authorization f' is clicked on

2019-12-02 00:51:24 - [TEST_STEP][PASSED] - click(findTestObject("mobileSanity/STM/Page_App Page 3/a_Continue to Step 4 - Review")): Object: 'Object Repository/mobileSanity/STM/Page_App Page 3/a_Continue to Step 4 - Review' is clicked on

2019-12-02 00:51:24 - [MESSAGE][PASSED] - Object: 'Object Repository/mobileSanity/STM/Page_App Page 3/a_Continue to Step 4 - Review' is clicked on

2019-12-02 00:51:24 - [TEST_STEP][PASSED] - waitForPageLoad(10): Wait for page load successfully

2019-12-02 00:51:24 - [MESSAGE][PASSED] - Wait for page load successfully

2019-12-02 00:51:24 - [TEST_STEP][PASSED] - waitForElementClickable(findTestObject("mobileSanity/STM/Page_App Page 4/label"), 10): Object 'Object Repository/mobileSanity/STM/Page_App Page 4/label' is clickable

2019-12-02 00:51:25 - [MESSAGE][PASSED] - Object 'Object Repository/mobileSanity/STM/Page_App Page 4/label' is clickable

2019-12-02 00:51:25 - [TEST_STEP][PASSED] - Thread.sleep(2000): null

2019-12-02 00:51:27 - [TEST_STEP][PASSED] - callTestCase(findTestCase("mobileWeb/_include/get_screenshot"), [:], STOP_ON_FAILURE): Call Test Case 'Test Cases/mobileWeb/_include/get_screenshot' successfully

2019-12-02 00:51:27 - [TEST_CASE][PASSED] - Test Cases/mobileWeb/_include/get_screenshot: Test Cases/mobileWeb/_include/get_screenshot

2019-12-02 00:51:27 - [TEST_STEP][PASSED] - takeScreenshot(screenPath + i + ".png"): Taking screenshot successfully

2019-12-02 00:51:27 - [MESSAGE][PASSED] - Taking screenshot successfully
[[ATTACHMENT|D:\\Test\\AgileTest\\Reports\\HIC\\hic\\20191202_002446\\../Screenshots/iPhone 6/HIC/STM/Slaico/20191202_005025/9.png]]

2019-12-02 00:51:27 - [TEST_STEP][PASSED] - (internal.GlobalVariable.i++): null

2019-12-02 00:51:27 - [MESSAGE][PASSED] - Call Test Case 'Test Cases/mobileWeb/_include/get_screenshot' successfully

2019-12-02 00:51:27 - [TEST_STEP][PASSED] - click(findTestObject("mobileSanity/STM/Page_App Page 4/label")): Object: 'Object Repository/mobileSanity/STM/Page_App Page 4/label' is clicked on

2019-12-02 00:51:27 - [MESSAGE][PASSED] - Object: 'Object Repository/mobileSanity/STM/Page_App Page 4/label' is clicked on

2019-12-02 00:51:27 - [TEST_STEP][PASSED] - click(findTestObject("mobileSanity/STM/Page_App Page 4/div_CLICK TO SIGN")): Object: 'Object Repository/mobileSanity/STM/Page_App Page 4/div_CLICK TO SIGN' is clicked on

2019-12-02 00:51:27 - [MESSAGE][PASSED] - Object: 'Object Repository/mobileSanity/STM/Page_App Page 4/div_CLICK TO SIGN' is clicked on

2019-12-02 00:51:27 - [TEST_STEP][PASSED] - click(findTestObject("mobileSanity/STM/Page_App Page 4/a_Submit Your Application")): Object: 'Object Repository/mobileSanity/STM/Page_App Page 4/a_Submit Your Application' is clicked on

2019-12-02 00:51:28 - [MESSAGE][PASSED] - Object: 'Object Repository/mobileSanity/STM/Page_App Page 4/a_Submit Your Application' is clicked on

2019-12-02 00:51:28 - [TEST_STEP][PASSED] - Thread.sleep(30000): null

2019-12-02 00:51:58 - [TEST_STEP][PASSED] - waitForElementPresent(findTestObject("mobileSanity/STM/Page_App Page 6/app-page-wrapper"), 20): Object 'Object Repository/mobileSanity/STM/Page_App Page 6/app-page-wrapper' is present

2019-12-02 00:51:58 - [MESSAGE][PASSED] - Object 'Object Repository/mobileSanity/STM/Page_App Page 6/app-page-wrapper' is present

2019-12-02 00:51:58 - [TEST_STEP][PASSED] - callTestCase(findTestCase("mobileWeb/_include/get_screenshot"), [:], STOP_ON_FAILURE): Call Test Case 'Test Cases/mobileWeb/_include/get_screenshot' successfully

2019-12-02 00:51:58 - [TEST_CASE][PASSED] - Test Cases/mobileWeb/_include/get_screenshot: Test Cases/mobileWeb/_include/get_screenshot

2019-12-02 00:51:58 - [TEST_STEP][PASSED] - takeScreenshot(screenPath + i + ".png"): Taking screenshot successfully

2019-12-02 00:51:58 - [MESSAGE][PASSED] - Taking screenshot successfully
[[ATTACHMENT|D:\\Test\\AgileTest\\Reports\\HIC\\hic\\20191202_002446\\../Screenshots/iPhone 6/HIC/STM/Slaico/20191202_005025/10.png]]

2019-12-02 00:51:58 - [TEST_STEP][PASSED] - (internal.GlobalVariable.i++): null

2019-12-02 00:51:58 - [MESSAGE][PASSED] - Call Test Case 'Test Cases/mobileWeb/_include/get_screenshot' successfully

2019-12-02 00:51:58 - [MESSAGE][PASSED] - Call Test Case 'Test Cases/mobileWeb/_include/goToEnd_stm_autofill' successfully]]></system-out>
         <system-err><![CDATA[]]></system-err>
      </testcase>
      <testcase name="Test Cases/HIC/Teladoc" classname="Test Cases/HIC/Teladoc" status="PASSED">
         <system-out><![CDATA[2019-12-02 00:51:58 - [TEST_CASE][PASSED] - Test Cases/HIC/Teladoc: Test Cases/HIC/Teladoc

2019-12-02 00:51:58 - [TEST_STEP][PASSED] - callTestCase(findTestCase("HIC/_include/get_hicScreenPath"), ["project":"HIC", "productLine":"Teladoc", "carrierName":"teladoc"], CONTINUE_ON_FAILURE): Call Test Case 'Test Cases/HIC/_include/get_hicScreenPath' successfully

2019-12-02 00:51:58 - [TEST_CASE][PASSED] - Test Cases/HIC/_include/get_hicScreenPath: Test Cases/HIC/_include/get_hicScreenPath

2019-12-02 00:51:58 - [TEST_STEP][PASSED] - m = getExecutionProperties(): null

2019-12-02 00:51:58 - [TEST_STEP][PASSED] - deviceName = get("mobileEmulation").get("deviceName"): null

2019-12-02 00:51:58 - [TEST_STEP][PASSED] - println(deviceName): null

2019-12-02 00:51:58 - [TEST_STEP][PASSED] - now = new java.util.Date(): null

2019-12-02 00:51:58 - [TEST_STEP][PASSED] - mydate = now.format("yyyyMMdd_HHmmss"): null

2019-12-02 00:51:58 - [TEST_STEP][PASSED] - screenPath = "../Screenshots/": null

2019-12-02 00:51:58 - [TEST_STEP][PASSED] - screenPath = screenPath + deviceName + "/" + project + "/" + productLine + "/" + carrierName + "/" + mydate + "/": null

2019-12-02 00:51:58 - [TEST_STEP][PASSED] - println(screenPath): null

2019-12-02 00:51:58 - [MESSAGE][PASSED] - Call Test Case 'Test Cases/HIC/_include/get_hicScreenPath' successfully

2019-12-02 00:51:58 - [TEST_STEP][PASSED] - i = 0: null

2019-12-02 00:51:58 - [TEST_STEP][PASSED] - callTestCase(findTestCase("mobileWeb/_include/openWebSite"), ["env":"https://qa.healthinsurance.com/"], CONTINUE_ON_FAILURE): Call Test Case 'Test Cases/mobileWeb/_include/openWebSite' successfully

2019-12-02 00:51:58 - [TEST_CASE][PASSED] - Test Cases/mobileWeb/_include/openWebSite: Test Cases/mobileWeb/_include/openWebSite

2019-12-02 00:51:58 - [TEST_STEP][PASSED] - openBrowser(env): Browser is opened with url: 'https://qa.healthinsurance.com/'

2019-12-02 00:51:58 - [MESSAGE][WARNING] - A browser is already opened. Closing browser and opening a new one

2019-12-02 00:51:59 - [MESSAGE][INFO] - Starting 'Chrome' driver

2019-12-02 00:51:59 - [MESSAGE][INFO] - User set preference: ['mobileEmulation', '{deviceName=iPhone 6}']

2019-12-02 00:51:59 - [MESSAGE][INFO] - User set preference: ['args', '[--incognito, --aggressive-cache-discard, --window-size=375,677, --no-sandbox]']

2019-12-02 00:52:01 - [MESSAGE][PASSED] - Browser is opened with url: 'https://qa.healthinsurance.com/'

2019-12-02 00:52:01 - [TEST_STEP][PASSED] - waitForPageLoad(20): Wait for page load successfully

2019-12-02 00:52:01 - [MESSAGE][PASSED] - Wait for page load successfully

2019-12-02 00:52:01 - [TEST_STEP][PASSED] - callTestCase(findTestCase("mobileWeb/_include/get_screenshot"), [:], STOP_ON_FAILURE): Call Test Case 'Test Cases/mobileWeb/_include/get_screenshot' successfully

2019-12-02 00:52:01 - [TEST_CASE][PASSED] - Test Cases/mobileWeb/_include/get_screenshot: Test Cases/mobileWeb/_include/get_screenshot

2019-12-02 00:52:01 - [TEST_STEP][PASSED] - takeScreenshot(screenPath + i + ".png"): Taking screenshot successfully

2019-12-02 00:52:02 - [MESSAGE][PASSED] - Taking screenshot successfully
[[ATTACHMENT|D:\\Test\\AgileTest\\Reports\\HIC\\hic\\20191202_002446\\../Screenshots/iPhone 6/HIC/Teladoc/teladoc/20191202_005158/0.png]]

2019-12-02 00:52:02 - [TEST_STEP][PASSED] - (internal.GlobalVariable.i++): null

2019-12-02 00:52:02 - [MESSAGE][PASSED] - Call Test Case 'Test Cases/mobileWeb/_include/get_screenshot' successfully

2019-12-02 00:52:02 - [MESSAGE][PASSED] - Call Test Case 'Test Cases/mobileWeb/_include/openWebSite' successfully

2019-12-02 00:52:02 - [TEST_STEP][PASSED] - click(findTestObject("hic/nav/navButton")): Object: 'Object Repository/hic/nav/navButton' is clicked on

2019-12-02 00:52:02 - [MESSAGE][PASSED] - Object: 'Object Repository/hic/nav/navButton' is clicked on

2019-12-02 00:52:02 - [TEST_STEP][PASSED] - Thread.sleep(2000): null

2019-12-02 00:52:04 - [TEST_STEP][PASSED] - click(findTestObject("hic/nav/teladocLink")): Object: 'Object Repository/hic/nav/teladocLink' is clicked on

2019-12-02 00:52:04 - [MESSAGE][PASSED] - Object: 'Object Repository/hic/nav/teladocLink' is clicked on

2019-12-02 00:52:04 - [TEST_STEP][PASSED] - Thread.sleep(2000): null

2019-12-02 00:52:06 - [TEST_STEP][PASSED] - callTestCase(findTestCase("mobileWeb/_include/get_screenshot"), [:], STOP_ON_FAILURE): Call Test Case 'Test Cases/mobileWeb/_include/get_screenshot' successfully

2019-12-02 00:52:06 - [TEST_CASE][PASSED] - Test Cases/mobileWeb/_include/get_screenshot: Test Cases/mobileWeb/_include/get_screenshot

2019-12-02 00:52:06 - [TEST_STEP][PASSED] - takeScreenshot(screenPath + i + ".png"): Taking screenshot successfully

2019-12-02 00:52:06 - [MESSAGE][PASSED] - Taking screenshot successfully
[[ATTACHMENT|D:\\Test\\AgileTest\\Reports\\HIC\\hic\\20191202_002446\\../Screenshots/iPhone 6/HIC/Teladoc/teladoc/20191202_005158/1.png]]

2019-12-02 00:52:06 - [TEST_STEP][PASSED] - (internal.GlobalVariable.i++): null

2019-12-02 00:52:06 - [MESSAGE][PASSED] - Call Test Case 'Test Cases/mobileWeb/_include/get_screenshot' successfully

2019-12-02 00:52:06 - [TEST_STEP][PASSED] - setText(findTestObject("hic/stm/zip"), zipcode): Text '35215' is set on object 'Object Repository/hic/stm/zip'

2019-12-02 00:52:06 - [MESSAGE][PASSED] - Text '35215' is set on object 'Object Repository/hic/stm/zip'

2019-12-02 00:52:06 - [TEST_STEP][PASSED] - Thread.sleep(500): null

2019-12-02 00:52:07 - [TEST_STEP][PASSED] - setText(findTestObject("hic/stm/primaryDOB"), "03031987"): Text '03031987' is set on object 'Object Repository/hic/stm/primaryDOB'

2019-12-02 00:52:07 - [MESSAGE][PASSED] - Text '03031987' is set on object 'Object Repository/hic/stm/primaryDOB'

2019-12-02 00:52:07 - [TEST_STEP][PASSED] - click(findTestObject("hic/stm/female")): Object: 'Object Repository/hic/stm/female' is clicked on

2019-12-02 00:52:07 - [MESSAGE][PASSED] - Object: 'Object Repository/hic/stm/female' is clicked on

2019-12-02 00:52:07 - [TEST_STEP][PASSED] - Thread.sleep(3000): null

2019-12-02 00:52:10 - [TEST_STEP][PASSED] - click(findTestObject("hic/teladoc/seePlans")): Object: 'Object Repository/hic/teladoc/seePlans' is clicked on

2019-12-02 00:52:11 - [MESSAGE][PASSED] - Object: 'Object Repository/hic/teladoc/seePlans' is clicked on

2019-12-02 00:52:11 - [TEST_STEP][PASSED] - Thread.sleep(6000): null

2019-12-02 00:52:17 - [TEST_STEP][PASSED] - callTestCase(findTestCase("mobileWeb/_include/get_screenshot"), [:], STOP_ON_FAILURE): Call Test Case 'Test Cases/mobileWeb/_include/get_screenshot' successfully

2019-12-02 00:52:17 - [TEST_CASE][PASSED] - Test Cases/mobileWeb/_include/get_screenshot: Test Cases/mobileWeb/_include/get_screenshot

2019-12-02 00:52:17 - [TEST_STEP][PASSED] - takeScreenshot(screenPath + i + ".png"): Taking screenshot successfully

2019-12-02 00:52:18 - [MESSAGE][PASSED] - Taking screenshot successfully
[[ATTACHMENT|D:\\Test\\AgileTest\\Reports\\HIC\\hic\\20191202_002446\\../Screenshots/iPhone 6/HIC/Teladoc/teladoc/20191202_005158/2.png]]

2019-12-02 00:52:18 - [TEST_STEP][PASSED] - (internal.GlobalVariable.i++): null

2019-12-02 00:52:18 - [MESSAGE][PASSED] - Call Test Case 'Test Cases/mobileWeb/_include/get_screenshot' successfully

2019-12-02 00:52:18 - [TEST_STEP][PASSED] - Thread.sleep(1000): null

2019-12-02 00:52:19 - [TEST_STEP][PASSED] - click(findTestObject("mobileSanity/Teladoc/census/get_a_quote")): Object: 'Object Repository/mobileSanity/Teladoc/census/get_a_quote' is clicked on

2019-12-02 00:52:19 - [MESSAGE][PASSED] - Object: 'Object Repository/mobileSanity/Teladoc/census/get_a_quote' is clicked on

2019-12-02 00:52:19 - [TEST_STEP][PASSED] - waitForPageLoad(20): Wait for page load successfully

2019-12-02 00:52:19 - [MESSAGE][PASSED] - Wait for page load successfully

2019-12-02 00:52:19 - [TEST_STEP][PASSED] - waitForElementVisible(findTestObject("mobileSanity/Teladoc/apply_button"), 20): Object 'Object Repository/mobileSanity/Teladoc/apply_button' is visible

2019-12-02 00:52:20 - [MESSAGE][PASSED] - Object 'Object Repository/mobileSanity/Teladoc/apply_button' is visible

2019-12-02 00:52:20 - [TEST_STEP][PASSED] - callTestCase(findTestCase("mobileWeb/_include/get_screenshot"), [:], STOP_ON_FAILURE): Call Test Case 'Test Cases/mobileWeb/_include/get_screenshot' successfully

2019-12-02 00:52:20 - [TEST_CASE][PASSED] - Test Cases/mobileWeb/_include/get_screenshot: Test Cases/mobileWeb/_include/get_screenshot

2019-12-02 00:52:20 - [TEST_STEP][PASSED] - takeScreenshot(screenPath + i + ".png"): Taking screenshot successfully

2019-12-02 00:52:20 - [MESSAGE][PASSED] - Taking screenshot successfully
[[ATTACHMENT|D:\\Test\\AgileTest\\Reports\\HIC\\hic\\20191202_002446\\../Screenshots/iPhone 6/HIC/Teladoc/teladoc/20191202_005158/3.png]]

2019-12-02 00:52:20 - [TEST_STEP][PASSED] - (internal.GlobalVariable.i++): null

2019-12-02 00:52:20 - [MESSAGE][PASSED] - Call Test Case 'Test Cases/mobileWeb/_include/get_screenshot' successfully

2019-12-02 00:52:20 - [TEST_STEP][PASSED] - click(findTestObject("mobileSanity/Teladoc/apply_button")): Object: 'Object Repository/mobileSanity/Teladoc/apply_button' is clicked on

2019-12-02 00:52:21 - [MESSAGE][PASSED] - Object: 'Object Repository/mobileSanity/Teladoc/apply_button' is clicked on

2019-12-02 00:52:21 - [TEST_STEP][PASSED] - waitForPageLoad(20): Wait for page load successfully

2019-12-02 00:52:21 - [MESSAGE][PASSED] - Wait for page load successfully

2019-12-02 00:52:21 - [TEST_STEP][PASSED] - waitForElementPresent(findTestObject("mobileSanity/Teladoc/Page_App Page 1/input__member-P-1-firstName"), 20): Object 'Object Repository/mobileSanity/Teladoc/Page_App Page 1/input__member-P-1-firstName' is present

2019-12-02 00:52:22 - [MESSAGE][PASSED] - Object 'Object Repository/mobileSanity/Teladoc/Page_App Page 1/input__member-P-1-firstName' is present

2019-12-02 00:52:22 - [TEST_STEP][PASSED] - callTestCase(findTestCase("mobileWeb/_include/get_screenshot"), [:], STOP_ON_FAILURE): Call Test Case 'Test Cases/mobileWeb/_include/get_screenshot' successfully

2019-12-02 00:52:22 - [TEST_CASE][PASSED] - Test Cases/mobileWeb/_include/get_screenshot: Test Cases/mobileWeb/_include/get_screenshot

2019-12-02 00:52:22 - [TEST_STEP][PASSED] - takeScreenshot(screenPath + i + ".png"): Taking screenshot successfully

2019-12-02 00:52:22 - [MESSAGE][PASSED] - Taking screenshot successfully
[[ATTACHMENT|D:\\Test\\AgileTest\\Reports\\HIC\\hic\\20191202_002446\\../Screenshots/iPhone 6/HIC/Teladoc/teladoc/20191202_005158/4.png]]

2019-12-02 00:52:22 - [TEST_STEP][PASSED] - (internal.GlobalVariable.i++): null

2019-12-02 00:52:22 - [MESSAGE][PASSED] - Call Test Case 'Test Cases/mobileWeb/_include/get_screenshot' successfully

2019-12-02 00:52:22 - [TEST_STEP][PASSED] - callTestCase(findTestCase("mobileWeb/_include/name"), [:], STOP_ON_FAILURE): Call Test Case 'Test Cases/mobileWeb/_include/name' successfully

2019-12-02 00:52:22 - [TEST_CASE][PASSED] - Test Cases/mobileWeb/_include/name: Test Cases/mobileWeb/_include/name

2019-12-02 00:52:22 - [TEST_STEP][PASSED] - driver = getWebDriver(): null

2019-12-02 00:52:22 - [TEST_STEP][PASSED] - selenium = new com.thoughtworks.selenium.webdriven.WebDriverBackedSelenium(driver, internal.GlobalVariable.ENV): null

2019-12-02 00:52:22 - [TEST_STEP][PASSED] - FirstName = "Test-123": null

2019-12-02 00:52:22 - [TEST_STEP][PASSED] - LastName = selenium.getEval("{var x="ABCDEFGHIJKLMNOPQRSTUVWXYZabcdefghijklmnopqrstuvwxyz"; var tmp="ZZ11-"; for (i=0;i<8;i++) tmp+=x.charAt(Math.ceil(51*Math.random()));tmp;}"): null

2019-12-02 00:52:22 - [TEST_STEP][PASSED] - Address = selenium.getEval("{var x="ABCDEFGHIJKLMNOPQRSTUVWXYZabcdefghijklmnopqrstuvwxyz"; var tmp=""; for (i=0;i<8;i++) tmp+=x.charAt(Math.ceil(51*Math.random()));tmp;}"): null

2019-12-02 00:52:22 - [TEST_STEP][PASSED] - City = selenium.getEval("{var x="ABCDEFGHIJKLMNOPQRSTUVWXYZabcdefghijklmnopqrstuvwxyz"; var tmp=""; for (i=0;i<8;i++) tmp+=x.charAt(Math.ceil(51*Math.random()));tmp;}"): null

2019-12-02 00:52:22 - [TEST_STEP][PASSED] - tel1 = selenium.getEval("{var x="123456789"; var tmp=""; for (i=0;i<3;i++) tmp+=x.charAt(Math.ceil(8*Math.random()));tmp;}"): null

2019-12-02 00:52:22 - [TEST_STEP][PASSED] - tel2 = selenium.getEval("{var x="123456789"; var tmp=""; for (i=0;i<3;i++) tmp+=x.charAt(Math.ceil(8*Math.random()));tmp;}"): null

2019-12-02 00:52:22 - [TEST_STEP][PASSED] - tel3 = selenium.getEval("{var x="123456789"; var tmp=""; for (i=0;i<4;i++) tmp+=x.charAt(Math.ceil(8*Math.random()));tmp;}"): null

2019-12-02 00:52:22 - [TEST_STEP][PASSED] - Tel = selenium.getExpression(tel1 + "-" + tel2 + "-" + tel3): null

2019-12-02 00:52:22 - [TEST_STEP][PASSED] - AutoEmail = selenium.getEval("{var x="ABCDEFGHIJKLMNOPQRSTUVWXYZabcdefghijklmnopqrstuvwxyz"; var tmp="test."; for (i=0;i<8;i++) tmp+=x.charAt(Math.ceil(51*Math.random()));tmp+="@suryani.cn";}"): null

2019-12-02 00:52:22 - [TEST_STEP][PASSED] - FirstName = FirstName: null

2019-12-02 00:52:22 - [TEST_STEP][PASSED] - LastName = LastName: null

2019-12-02 00:52:22 - [TEST_STEP][PASSED] - Address = Address: null

2019-12-02 00:52:22 - [TEST_STEP][PASSED] - City = City: null

2019-12-02 00:52:22 - [TEST_STEP][PASSED] - Tel = Tel: null

2019-12-02 00:52:22 - [TEST_STEP][PASSED] - AutoEmail = AutoEmail: null

2019-12-02 00:52:22 - [TEST_STEP][PASSED] - println(FirstName): null

2019-12-02 00:52:22 - [TEST_STEP][PASSED] - println(LastName): null

2019-12-02 00:52:22 - [TEST_STEP][PASSED] - println(Address): null

2019-12-02 00:52:22 - [TEST_STEP][PASSED] - println(City): null

2019-12-02 00:52:22 - [TEST_STEP][PASSED] - println(Tel): null

2019-12-02 00:52:22 - [TEST_STEP][PASSED] - println(AutoEmail): null

2019-12-02 00:52:22 - [MESSAGE][PASSED] - Call Test Case 'Test Cases/mobileWeb/_include/name' successfully

2019-12-02 00:52:22 - [TEST_STEP][PASSED] - setText(findTestObject("mobileSanity/Teladoc/Page_App Page 1/input__member-P-1-firstName"), FirstName): Text 'Test-123' is set on object 'Object Repository/mobileSanity/Teladoc/Page_App Page 1/input__member-P-1-firstName'

2019-12-02 00:52:23 - [MESSAGE][PASSED] - Text 'Test-123' is set on object 'Object Repository/mobileSanity/Teladoc/Page_App Page 1/input__member-P-1-firstName'

2019-12-02 00:52:23 - [TEST_STEP][PASSED] - setText(findTestObject("mobileSanity/Teladoc/Page_App Page 1/input__member-P-1-lastName"), LastName): Text 'ZZ11-ziTvQhzI' is set on object 'Object Repository/mobileSanity/Teladoc/Page_App Page 1/input__member-P-1-lastName'

2019-12-02 00:52:23 - [MESSAGE][PASSED] - Text 'ZZ11-ziTvQhzI' is set on object 'Object Repository/mobileSanity/Teladoc/Page_App Page 1/input__member-P-1-lastName'

2019-12-02 00:52:23 - [TEST_STEP][PASSED] - selectOptionByValue(findTestObject("mobileSanity/Teladoc/Page_App Page 1/select_01020304050607"), "05", true): All options with value '05' are selected in object 'Object Repository/mobileSanity/Teladoc/Page_App Page 1/select_01020304050607'  using regular expression

2019-12-02 00:52:23 - [MESSAGE][PASSED] - All options with value '05' are selected in object 'Object Repository/mobileSanity/Teladoc/Page_App Page 1/select_01020304050607'  using regular expression

2019-12-02 00:52:23 - [TEST_STEP][PASSED] - selectOptionByValue(findTestObject("mobileSanity/Teladoc/Page_App Page 1/select_00102030405060708091011"), "06", true): All options with value '06' are selected in object 'Object Repository/mobileSanity/Teladoc/Page_App Page 1/select_00102030405060708091011'  using regular expression

2019-12-02 00:52:23 - [MESSAGE][PASSED] - All options with value '06' are selected in object 'Object Repository/mobileSanity/Teladoc/Page_App Page 1/select_00102030405060708091011'  using regular expression

2019-12-02 00:52:23 - [TEST_STEP][PASSED] - setText(findTestObject("mobileSanity/Teladoc/Page_App Page 1/input_lbs"), "180"): Text '180' is set on object 'Object Repository/mobileSanity/Teladoc/Page_App Page 1/input_lbs'

2019-12-02 00:52:23 - [MESSAGE][PASSED] - Text '180' is set on object 'Object Repository/mobileSanity/Teladoc/Page_App Page 1/input_lbs'

2019-12-02 00:52:23 - [TEST_STEP][PASSED] - setText(findTestObject("mobileSanity/Teladoc/Page_App Page 1/input__address"), Address): Text 'KbJZclTO' is set on object 'Object Repository/mobileSanity/Teladoc/Page_App Page 1/input__address'

2019-12-02 00:52:24 - [MESSAGE][PASSED] - Text 'KbJZclTO' is set on object 'Object Repository/mobileSanity/Teladoc/Page_App Page 1/input__address'

2019-12-02 00:52:24 - [TEST_STEP][PASSED] - setText(findTestObject("mobileSanity/Teladoc/Page_App Page 1/input__city"), City): Text 'qcVJiUer' is set on object 'Object Repository/mobileSanity/Teladoc/Page_App Page 1/input__city'

2019-12-02 00:52:24 - [MESSAGE][PASSED] - Text 'qcVJiUer' is set on object 'Object Repository/mobileSanity/Teladoc/Page_App Page 1/input__city'

2019-12-02 00:52:24 - [TEST_STEP][PASSED] - setText(findTestObject("mobileSanity/Teladoc/Page_App Page 1/input__email"), AutoEmail): Text 'test.dwedphqp@suryani.cn' is set on object 'Object Repository/mobileSanity/Teladoc/Page_App Page 1/input__email'

2019-12-02 00:52:24 - [MESSAGE][PASSED] - Text 'test.dwedphqp@suryani.cn' is set on object 'Object Repository/mobileSanity/Teladoc/Page_App Page 1/input__email'

2019-12-02 00:52:24 - [TEST_STEP][PASSED] - setText(findTestObject("mobileSanity/Teladoc/Page_App Page 1/input_phone number"), Tel): Text '457-346-2767' is set on object 'Object Repository/mobileSanity/Teladoc/Page_App Page 1/input_phone number'

2019-12-02 00:52:24 - [MESSAGE][PASSED] - Text '457-346-2767' is set on object 'Object Repository/mobileSanity/Teladoc/Page_App Page 1/input_phone number'

2019-12-02 00:52:24 - [TEST_STEP][PASSED] - click(findTestObject("mobileSanity/Teladoc/Page_App Page 1/a_Continue to Step 2 - Payment")): Object: 'Object Repository/mobileSanity/Teladoc/Page_App Page 1/a_Continue to Step 2 - Payment' is clicked on

2019-12-02 00:52:24 - [MESSAGE][PASSED] - Object: 'Object Repository/mobileSanity/Teladoc/Page_App Page 1/a_Continue to Step 2 - Payment' is clicked on

2019-12-02 00:52:24 - [TEST_STEP][PASSED] - waitForPageLoad(20): Wait for page load successfully

2019-12-02 00:52:25 - [MESSAGE][PASSED] - Wait for page load successfully

2019-12-02 00:52:25 - [TEST_STEP][PASSED] - waitForElementVisible(findTestObject("mobileSanity/Teladoc/Page_App Page 2/input__credit-card-first"), 20): Object 'Object Repository/mobileSanity/Teladoc/Page_App Page 2/input__credit-card-first' is visible

2019-12-02 00:52:25 - [MESSAGE][PASSED] - Object 'Object Repository/mobileSanity/Teladoc/Page_App Page 2/input__credit-card-first' is visible

2019-12-02 00:52:25 - [TEST_STEP][PASSED] - callTestCase(findTestCase("mobileWeb/_include/get_screenshot"), [:], STOP_ON_FAILURE): Call Test Case 'Test Cases/mobileWeb/_include/get_screenshot' successfully

2019-12-02 00:52:25 - [TEST_CASE][PASSED] - Test Cases/mobileWeb/_include/get_screenshot: Test Cases/mobileWeb/_include/get_screenshot

2019-12-02 00:52:25 - [TEST_STEP][PASSED] - takeScreenshot(screenPath + i + ".png"): Taking screenshot successfully

2019-12-02 00:52:25 - [MESSAGE][PASSED] - Taking screenshot successfully
[[ATTACHMENT|D:\\Test\\AgileTest\\Reports\\HIC\\hic\\20191202_002446\\../Screenshots/iPhone 6/HIC/Teladoc/teladoc/20191202_005158/5.png]]

2019-12-02 00:52:25 - [TEST_STEP][PASSED] - (internal.GlobalVariable.i++): null

2019-12-02 00:52:25 - [MESSAGE][PASSED] - Call Test Case 'Test Cases/mobileWeb/_include/get_screenshot' successfully

2019-12-02 00:52:25 - [TEST_STEP][PASSED] - setText(findTestObject("mobileSanity/Teladoc/Page_App Page 2/input__credit-card-first"), FirstName): Text 'Test-123' is set on object 'Object Repository/mobileSanity/Teladoc/Page_App Page 2/input__credit-card-first'

2019-12-02 00:52:26 - [MESSAGE][PASSED] - Text 'Test-123' is set on object 'Object Repository/mobileSanity/Teladoc/Page_App Page 2/input__credit-card-first'

2019-12-02 00:52:26 - [TEST_STEP][PASSED] - setText(findTestObject("mobileSanity/Teladoc/Page_App Page 2/input__credit-card-last"), LastName): Text 'ZZ11-ziTvQhzI' is set on object 'Object Repository/mobileSanity/Teladoc/Page_App Page 2/input__credit-card-last'

2019-12-02 00:52:26 - [MESSAGE][PASSED] - Text 'ZZ11-ziTvQhzI' is set on object 'Object Repository/mobileSanity/Teladoc/Page_App Page 2/input__credit-card-last'

2019-12-02 00:52:26 - [TEST_STEP][PASSED] - selectOptionByValue(findTestObject("mobileSanity/Teladoc/Page_App Page 2/select_MM010203040506070809101"), "12", true): All options with value '12' are selected in object 'Object Repository/mobileSanity/Teladoc/Page_App Page 2/select_MM010203040506070809101'  using regular expression

2019-12-02 00:52:26 - [MESSAGE][PASSED] - All options with value '12' are selected in object 'Object Repository/mobileSanity/Teladoc/Page_App Page 2/select_MM010203040506070809101'  using regular expression

2019-12-02 00:52:26 - [TEST_STEP][PASSED] - selectOptionByValue(findTestObject("mobileSanity/Teladoc/Page_App Page 2/select_YYYY2019202020212022202"), "2026", true): All options with value '2026' are selected in object 'Object Repository/mobileSanity/Teladoc/Page_App Page 2/select_YYYY2019202020212022202'  using regular expression

2019-12-02 00:52:26 - [MESSAGE][PASSED] - All options with value '2026' are selected in object 'Object Repository/mobileSanity/Teladoc/Page_App Page 2/select_YYYY2019202020212022202'  using regular expression

2019-12-02 00:52:26 - [TEST_STEP][PASSED] - setText(findTestObject("mobileSanity/Teladoc/Page_App Page 2/input__credit-card-number"), "4111111111111111"): Text '4111111111111111' is set on object 'Object Repository/mobileSanity/Teladoc/Page_App Page 2/input__credit-card-number'

2019-12-02 00:52:26 - [MESSAGE][PASSED] - Text '4111111111111111' is set on object 'Object Repository/mobileSanity/Teladoc/Page_App Page 2/input__credit-card-number'

2019-12-02 00:52:26 - [TEST_STEP][PASSED] - setText(findTestObject("mobileSanity/Teladoc/Page_App Page 2/input__credit-card-cvv"), "122"): Text '122' is set on object 'Object Repository/mobileSanity/Teladoc/Page_App Page 2/input__credit-card-cvv'

2019-12-02 00:52:27 - [MESSAGE][PASSED] - Text '122' is set on object 'Object Repository/mobileSanity/Teladoc/Page_App Page 2/input__credit-card-cvv'

2019-12-02 00:52:27 - [TEST_STEP][PASSED] - click(findTestObject("mobileSanity/Teladoc/Page_App Page 2/label_My billing address is th")): Object: 'Object Repository/mobileSanity/Teladoc/Page_App Page 2/label_My billing address is th' is clicked on

2019-12-02 00:52:27 - [MESSAGE][PASSED] - Object: 'Object Repository/mobileSanity/Teladoc/Page_App Page 2/label_My billing address is th' is clicked on

2019-12-02 00:52:27 - [TEST_STEP][PASSED] - click(findTestObject("mobileSanity/Teladoc/Page_App Page 2/label_I Accept Authorization f")): Object: 'Object Repository/mobileSanity/Teladoc/Page_App Page 2/label_I Accept Authorization f' is clicked on

2019-12-02 00:52:27 - [MESSAGE][PASSED] - Object: 'Object Repository/mobileSanity/Teladoc/Page_App Page 2/label_I Accept Authorization f' is clicked on

2019-12-02 00:52:27 - [TEST_STEP][PASSED] - click(findTestObject("mobileSanity/Teladoc/Page_App Page 2/a_Continue to Step 3 - Review")): Object: 'Object Repository/mobileSanity/Teladoc/Page_App Page 2/a_Continue to Step 3 - Review' is clicked on

2019-12-02 00:52:27 - [MESSAGE][PASSED] - Object: 'Object Repository/mobileSanity/Teladoc/Page_App Page 2/a_Continue to Step 3 - Review' is clicked on

2019-12-02 00:52:27 - [TEST_STEP][PASSED] - waitForPageLoad(20): Wait for page load successfully

2019-12-02 00:52:27 - [MESSAGE][PASSED] - Wait for page load successfully

2019-12-02 00:52:27 - [TEST_STEP][PASSED] - waitForElementPresent(findTestObject("mobileSanity/Teladoc/Page_App Page 3/label"), 20): Object 'Object Repository/mobileSanity/Teladoc/Page_App Page 3/label' is present

2019-12-02 00:52:37 - [MESSAGE][PASSED] - Object 'Object Repository/mobileSanity/Teladoc/Page_App Page 3/label' is present

2019-12-02 00:52:37 - [TEST_STEP][PASSED] - Thread.sleep(5000): null

2019-12-02 00:52:42 - [TEST_STEP][PASSED] - callTestCase(findTestCase("mobileWeb/_include/get_screenshot"), [:], STOP_ON_FAILURE): Call Test Case 'Test Cases/mobileWeb/_include/get_screenshot' successfully

2019-12-02 00:52:42 - [TEST_CASE][PASSED] - Test Cases/mobileWeb/_include/get_screenshot: Test Cases/mobileWeb/_include/get_screenshot

2019-12-02 00:52:42 - [TEST_STEP][PASSED] - takeScreenshot(screenPath + i + ".png"): Taking screenshot successfully

2019-12-02 00:52:43 - [MESSAGE][PASSED] - Taking screenshot successfully
[[ATTACHMENT|D:\\Test\\AgileTest\\Reports\\HIC\\hic\\20191202_002446\\../Screenshots/iPhone 6/HIC/Teladoc/teladoc/20191202_005158/6.png]]

2019-12-02 00:52:43 - [TEST_STEP][PASSED] - (internal.GlobalVariable.i++): null

2019-12-02 00:52:43 - [MESSAGE][PASSED] - Call Test Case 'Test Cases/mobileWeb/_include/get_screenshot' successfully

2019-12-02 00:52:43 - [TEST_STEP][PASSED] - scrollToElement(findTestObject("mobileSanity/Teladoc/Page_App Page 3/label"), 10): Scroll to object 'Object Repository/mobileSanity/Teladoc/Page_App Page 3/label' successfully

2019-12-02 00:52:43 - [MESSAGE][PASSED] - Scroll to object 'Object Repository/mobileSanity/Teladoc/Page_App Page 3/label' successfully

2019-12-02 00:52:43 - [TEST_STEP][PASSED] - waitForElementClickable(findTestObject("mobileSanity/Teladoc/Page_App Page 3/label"), 10): Object 'Object Repository/mobileSanity/Teladoc/Page_App Page 3/label' is clickable

2019-12-02 00:52:43 - [MESSAGE][PASSED] - Object 'Object Repository/mobileSanity/Teladoc/Page_App Page 3/label' is clickable

2019-12-02 00:52:43 - [TEST_STEP][PASSED] - click(findTestObject("mobileSanity/Teladoc/Page_App Page 3/label")): Object: 'Object Repository/mobileSanity/Teladoc/Page_App Page 3/label' is clicked on

2019-12-02 00:52:43 - [MESSAGE][PASSED] - Object: 'Object Repository/mobileSanity/Teladoc/Page_App Page 3/label' is clicked on

2019-12-02 00:52:43 - [TEST_STEP][PASSED] - click(findTestObject("mobileSanity/Teladoc/Page_App Page 3/p_")): Object: 'Object Repository/mobileSanity/Teladoc/Page_App Page 3/p_' is clicked on

2019-12-02 00:52:43 - [MESSAGE][PASSED] - Object: 'Object Repository/mobileSanity/Teladoc/Page_App Page 3/p_' is clicked on

2019-12-02 00:52:43 - [TEST_STEP][PASSED] - click(findTestObject("mobileSanity/Teladoc/Page_App Page 3/a_Submit Your Application")): Object: 'Object Repository/mobileSanity/Teladoc/Page_App Page 3/a_Submit Your Application' is clicked on

2019-12-02 00:52:43 - [MESSAGE][PASSED] - Object: 'Object Repository/mobileSanity/Teladoc/Page_App Page 3/a_Submit Your Application' is clicked on

2019-12-02 00:52:43 - [TEST_STEP][PASSED] - Thread.sleep(50000): null

2019-12-02 00:53:33 - [TEST_STEP][PASSED] - callTestCase(findTestCase("mobileWeb/_include/get_screenshot"), [:], STOP_ON_FAILURE): Call Test Case 'Test Cases/mobileWeb/_include/get_screenshot' successfully

2019-12-02 00:53:33 - [TEST_CASE][PASSED] - Test Cases/mobileWeb/_include/get_screenshot: Test Cases/mobileWeb/_include/get_screenshot

2019-12-02 00:53:33 - [TEST_STEP][PASSED] - takeScreenshot(screenPath + i + ".png"): Taking screenshot successfully

2019-12-02 00:53:34 - [MESSAGE][PASSED] - Taking screenshot successfully
[[ATTACHMENT|D:\\Test\\AgileTest\\Reports\\HIC\\hic\\20191202_002446\\../Screenshots/iPhone 6/HIC/Teladoc/teladoc/20191202_005158/7.png]]

2019-12-02 00:53:34 - [TEST_STEP][PASSED] - (internal.GlobalVariable.i++): null

2019-12-02 00:53:34 - [MESSAGE][PASSED] - Call Test Case 'Test Cases/mobileWeb/_include/get_screenshot' successfully

2019-12-02 00:53:34 - [TEST_STEP][PASSED] - verifyTextPresent("Congratulations", false): Text 'Congratulations' is present on page 

2019-12-02 00:53:34 - [MESSAGE][PASSED] - Text 'Congratulations' is present on page]]></system-out>
         <system-err><![CDATA[]]></system-err>
      </testcase>
      <system-out><![CDATA[2019-12-02 00:24:49 - [TEST_SUITE][FAILED] - hic: Test Cases/HIC/Medicare FAILED.
Reason:
com.kms.katalon.core.exception.StepFailedException: Unable to set text 'testfirst' of object 'Object Repository/hic/medicare/firstName' (Root cause: com.kms.katalon.core.webui.exception.WebElementNotFoundException: Web element with id: 'Object Repository/hic/medicare/firstName' located by 'By.xpath: //*[@id = 'lead-first-name-input']' not found)
	at com.kms.katalon.core.keyword.internal.KeywordMain.stepFailed(KeywordMain.groovy:36)
	at com.kms.katalon.core.webui.keyword.internal.WebUIKeywordMain.stepFailed(WebUIKeywordMain.groovy:65)
	at com.kms.katalon.core.webui.keyword.internal.WebUIKeywordMain.runKeyword(WebUIKeywordMain.groovy:27)
	at com.kms.katalon.core.webui.keyword.builtin.SetTextKeyword.setText(SetTextKeyword.groovy:65)
	at com.kms.katalon.core.webui.keyword.builtin.SetTextKeyword.execute(SetTextKeyword.groovy:37)
	at com.kms.katalon.core.keyword.internal.KeywordExecutor.executeKeywordForPlatform(KeywordExecutor.groovy:53)
	at com.kms.katalon.core.webui.keyword.WebUiBuiltInKeywords.setText(WebUiBuiltInKeywords.groovy:950)
	at com.kms.katalon.core.webui.keyword.WebUiBuiltInKeywords$setText$3.call(Unknown Source)
	at Medicare.run(Medicare:41)
	at com.kms.katalon.core.main.ScriptEngine.run(ScriptEngine.java:194)
	at com.kms.katalon.core.main.ScriptEngine.runScriptAsRawText(ScriptEngine.java:119)
	at com.kms.katalon.core.main.TestCaseExecutor.runScript(TestCaseExecutor.java:328)
	at com.kms.katalon.core.main.TestCaseExecutor.doExecute(TestCaseExecutor.java:319)
	at com.kms.katalon.core.main.TestCaseExecutor.processExecutionPhase(TestCaseExecutor.java:298)
	at com.kms.katalon.core.main.TestCaseExecutor.accessMainPhase(TestCaseExecutor.java:290)
	at com.kms.katalon.core.main.TestCaseExecutor.execute(TestCaseExecutor.java:224)
	at com.kms.katalon.core.main.TestSuiteExecutor.accessTestCaseMainPhase(TestSuiteExecutor.java:129)
	at com.kms.katalon.core.main.TestSuiteExecutor.accessTestSuiteMainPhase(TestSuiteExecutor.java:112)
	at com.kms.katalon.core.main.TestSuiteExecutor.execute(TestSuiteExecutor.java:81)
	at com.kms.katalon.core.main.TestCaseMain.startTestSuite(TestCaseMain.java:149)
	at com.kms.katalon.core.main.TestCaseMain$startTestSuite$0.call(Unknown Source)
	at TempTestSuite1575264286726.run(TempTestSuite1575264286726.groovy:36)]]></system-out>
      <system-err><![CDATA[2019-12-02 00:24:49 - [TEST_SUITE][FAILED] - hic: Test Cases/HIC/Medicare FAILED.
Reason:
com.kms.katalon.core.exception.StepFailedException: Unable to set text 'testfirst' of object 'Object Repository/hic/medicare/firstName' (Root cause: com.kms.katalon.core.webui.exception.WebElementNotFoundException: Web element with id: 'Object Repository/hic/medicare/firstName' located by 'By.xpath: //*[@id = 'lead-first-name-input']' not found)
	at com.kms.katalon.core.keyword.internal.KeywordMain.stepFailed(KeywordMain.groovy:36)
	at com.kms.katalon.core.webui.keyword.internal.WebUIKeywordMain.stepFailed(WebUIKeywordMain.groovy:65)
	at com.kms.katalon.core.webui.keyword.internal.WebUIKeywordMain.runKeyword(WebUIKeywordMain.groovy:27)
	at com.kms.katalon.core.webui.keyword.builtin.SetTextKeyword.setText(SetTextKeyword.groovy:65)
	at com.kms.katalon.core.webui.keyword.builtin.SetTextKeyword.execute(SetTextKeyword.groovy:37)
	at com.kms.katalon.core.keyword.internal.KeywordExecutor.executeKeywordForPlatform(KeywordExecutor.groovy:53)
	at com.kms.katalon.core.webui.keyword.WebUiBuiltInKeywords.setText(WebUiBuiltInKeywords.groovy:950)
	at com.kms.katalon.core.webui.keyword.WebUiBuiltInKeywords$setText$3.call(Unknown Source)
	at Medicare.run(Medicare:41)
	at com.kms.katalon.core.main.ScriptEngine.run(ScriptEngine.java:194)
	at com.kms.katalon.core.main.ScriptEngine.runScriptAsRawText(ScriptEngine.java:119)
	at com.kms.katalon.core.main.TestCaseExecutor.runScript(TestCaseExecutor.java:328)
	at com.kms.katalon.core.main.TestCaseExecutor.doExecute(TestCaseExecutor.java:319)
	at com.kms.katalon.core.main.TestCaseExecutor.processExecutionPhase(TestCaseExecutor.java:298)
	at com.kms.katalon.core.main.TestCaseExecutor.accessMainPhase(TestCaseExecutor.java:290)
	at com.kms.katalon.core.main.TestCaseExecutor.execute(TestCaseExecutor.java:224)
	at com.kms.katalon.core.main.TestSuiteExecutor.accessTestCaseMainPhase(TestSuiteExecutor.java:129)
	at com.kms.katalon.core.main.TestSuiteExecutor.accessTestSuiteMainPhase(TestSuiteExecutor.java:112)
	at com.kms.katalon.core.main.TestSuiteExecutor.execute(TestSuiteExecutor.java:81)
	at com.kms.katalon.core.main.TestCaseMain.startTestSuite(TestCaseMain.java:149)
	at com.kms.katalon.core.main.TestCaseMain$startTestSuite$0.call(Unknown Source)
	at TempTestSuite1575264286726.run(TempTestSuite1575264286726.groovy:36)]]></system-err>
   </testsuite>
</testsuites>
