<?xml version="1.0" encoding="UTF-8"?>
<testsuites name="ahi" time="561" tests="9" failures="0" errors="0">
   <testsuite name="ahi" tests="9" failures="0" errors="0" time="561" timestamp="2020-04-07 08:12:27" hostname="Administrator - 172.30.0.53" id="Test Suites/AHI/ahi">
      <properties>
         <property name="deviceName" value=""/>
         <property name="devicePlatform" value=""/>
         <property name="logFolder" value="D:\\Test\\AgileTest\\Reports\\AHI\\ahi\\20200407_080032"/>
         <property name="logFiles" value="D:\\Test\\AgileTest\\Reports\\AHI\\ahi\\20200407_080032\\execution0.log"/>
         <property name="attachments" value="D:\\Test\\AgileTest\\Reports\\AHI\\ahi\\20200407_080032\\../Screenshots/iPhone 6/AHI/ACA Health Insurance/20200407_081228/0.png, D:\\Test\\AgileTest\\Reports\\AHI\\ahi\\20200407_080032\\../Screenshots/iPhone 6/AHI/ACA Health Insurance/20200407_081228/1.png, D:\\Test\\AgileTest\\Reports\\AHI\\ahi\\20200407_080032\\../Screenshots/iPhone 6/AHI/ACA Health Insurance/20200407_081228/2.png, D:\\Test\\AgileTest\\Reports\\AHI\\ahi\\20200407_080032\\../Screenshots/iPhone 6/AHI/Cancer Insurance/20200407_081251/0.png, D:\\Test\\AgileTest\\Reports\\AHI\\ahi\\20200407_080032\\../Screenshots/iPhone 6/AHI/Cancer Insurance/20200407_081251/1.png, D:\\Test\\AgileTest\\Reports\\AHI\\ahi\\20200407_080032\\../Screenshots/iPhone 6/AHI/Cancer Insurance/20200407_081251/2.png, D:\\Test\\AgileTest\\Reports\\AHI\\ahi\\20200407_080032\\../Screenshots/iPhone 6/AHI/Cancer Insurance/20200407_081251/3.png, D:\\Test\\AgileTest\\Reports\\AHI\\ahi\\20200407_080032\\../Screenshots/iPhone 6/AHI/Cancer Insurance/20200407_081251/4.png, D:\\Test\\AgileTest\\Reports\\AHI\\ahi\\20200407_080032\\../Screenshots/iPhone 6/AHI/Cancer Insurance/20200407_081251/5.png, D:\\Test\\AgileTest\\Reports\\AHI\\ahi\\20200407_080032\\../Screenshots/iPhone 6/AHI/Cancer Insurance/20200407_081251/6.png, D:\\Test\\AgileTest\\Reports\\AHI\\ahi\\20200407_080032\\../Screenshots/iPhone 6/AHI/Cancer Insurance/20200407_081251/7.png, D:\\Test\\AgileTest\\Reports\\AHI\\ahi\\20200407_080032\\../Screenshots/iPhone 6/AHI/Cancer Insurance/20200407_081251/8.png, D:\\Test\\AgileTest\\Reports\\AHI\\ahi\\20200407_080032\\../Screenshots/iPhone 6/AHI/Cancer Insurance/20200407_081251/9.png, D:\\Test\\AgileTest\\Reports\\AHI\\ahi\\20200407_080032\\../Screenshots/iPhone 6/AHI/Dental - National General/20200407_081446/0.png, D:\\Test\\AgileTest\\Reports\\AHI\\ahi\\20200407_080032\\../Screenshots/iPhone 6/AHI/Dental - National General/20200407_081446/1.png, D:\\Test\\AgileTest\\Reports\\AHI\\ahi\\20200407_080032\\../Screenshots/iPhone 6/AHI/Dental - National General/20200407_081446/2.png, D:\\Test\\AgileTest\\Reports\\AHI\\ahi\\20200407_080032\\../Screenshots/iPhone 6/AHI/Dental - National General/20200407_081446/3.png, D:\\Test\\AgileTest\\Reports\\AHI\\ahi\\20200407_080032\\../Screenshots/iPhone 6/AHI/Dental - National General/20200407_081446/4.png, D:\\Test\\AgileTest\\Reports\\AHI\\ahi\\20200407_080032\\../Screenshots/iPhone 6/AHI/Dental - National General/20200407_081446/5.png, D:\\Test\\AgileTest\\Reports\\AHI\\ahi\\20200407_080032\\../Screenshots/iPhone 6/AHI/Dental - National General/20200407_081446/6.png, D:\\Test\\AgileTest\\Reports\\AHI\\ahi\\20200407_080032\\../Screenshots/iPhone 6/AHI/Dental - National General/20200407_081446/7.png, D:\\Test\\AgileTest\\Reports\\AHI\\ahi\\20200407_080032\\../Screenshots/iPhone 6/AHI/Dental - National General/20200407_081446/8.png, D:\\Test\\AgileTest\\Reports\\AHI\\ahi\\20200407_080032\\../Screenshots/iPhone 6/AHI/Dental - USA Access/20200407_081609/0.png, D:\\Test\\AgileTest\\Reports\\AHI\\ahi\\20200407_080032\\../Screenshots/iPhone 6/AHI/Dental - USA Access/20200407_081609/1.png, D:\\Test\\AgileTest\\Reports\\AHI\\ahi\\20200407_080032\\../Screenshots/iPhone 6/AHI/Dental - USA Access/20200407_081609/2.png, D:\\Test\\AgileTest\\Reports\\AHI\\ahi\\20200407_080032\\../Screenshots/iPhone 6/AHI/Dental - USA Access/20200407_081609/3.png, D:\\Test\\AgileTest\\Reports\\AHI\\ahi\\20200407_080032\\../Screenshots/iPhone 6/AHI/Dental - USA Access/20200407_081609/4.png, D:\\Test\\AgileTest\\Reports\\AHI\\ahi\\20200407_080032\\../Screenshots/iPhone 6/AHI/Dental - USA Access/20200407_081609/5.png, D:\\Test\\AgileTest\\Reports\\AHI\\ahi\\20200407_080032\\../Screenshots/iPhone 6/AHI/Dental - USA Access/20200407_081609/6.png, D:\\Test\\AgileTest\\Reports\\AHI\\ahi\\20200407_080032\\../Screenshots/iPhone 6/AHI/Dental - USA Access/20200407_081609/7.png, D:\\Test\\AgileTest\\Reports\\AHI\\ahi\\20200407_080032\\../Screenshots/iPhone 6/AHI/Dental - USA Access/20200407_081609/8.png, D:\\Test\\AgileTest\\Reports\\AHI\\ahi\\20200407_080032\\../Screenshots/iPhone 6/AHI/HBI/20200407_081747/0.png, D:\\Test\\AgileTest\\Reports\\AHI\\ahi\\20200407_080032\\../Screenshots/iPhone 6/AHI/HBI/20200407_081747/1.png, D:\\Test\\AgileTest\\Reports\\AHI\\ahi\\20200407_080032\\../Screenshots/iPhone 6/AHI/HBI/20200407_081747/2.png, D:\\Test\\AgileTest\\Reports\\AHI\\ahi\\20200407_080032\\../Screenshots/iPhone 6/AHI/Medicare/20200407_081805/0.png, D:\\Test\\AgileTest\\Reports\\AHI\\ahi\\20200407_080032\\../Screenshots/iPhone 6/AHI/Medicare/20200407_081805/1.png, D:\\Test\\AgileTest\\Reports\\AHI\\ahi\\20200407_080032\\../Screenshots/iPhone 6/AHI/Pet Insurance/20200407_081826/0.png, D:\\Test\\AgileTest\\Reports\\AHI\\ahi\\20200407_080032\\../Screenshots/iPhone 6/AHI/Pet Insurance/20200407_081826/1.png, D:\\Test\\AgileTest\\Reports\\AHI\\ahi\\20200407_080032\\../Screenshots/iPhone 6/AHI/Pet Insurance/20200407_081826/2.png, D:\\Test\\AgileTest\\Reports\\AHI\\ahi\\20200407_080032\\../Screenshots/iPhone 6/AHI/Pet Insurance/20200407_081826/3.png, D:\\Test\\AgileTest\\Reports\\AHI\\ahi\\20200407_080032\\../Screenshots/iPhone 6/AHI/Pet Insurance/20200407_081826/4.png, D:\\Test\\AgileTest\\Reports\\AHI\\ahi\\20200407_080032\\../Screenshots/iPhone 6/AHI/Pet Insurance/20200407_081826/5.png, D:\\Test\\AgileTest\\Reports\\AHI\\ahi\\20200407_080032\\../Screenshots/iPhone 6/AHI/Pet Insurance/20200407_081826/6.png, D:\\Test\\AgileTest\\Reports\\AHI\\ahi\\20200407_080032\\../Screenshots/iPhone 6/AHI/Pet Insurance/20200407_081826/7.png, D:\\Test\\AgileTest\\Reports\\AHI\\ahi\\20200407_080032\\../Screenshots/iPhone 6/AHI/Pet Insurance/20200407_081826/8.png, D:\\Test\\AgileTest\\Reports\\AHI\\ahi\\20200407_080032\\../Screenshots/iPhone 6/AHI/Pet Insurance/20200407_081826/9.png, D:\\Test\\AgileTest\\Reports\\AHI\\ahi\\20200407_080032\\../Screenshots/iPhone 6/AHI/Pet Insurance/20200407_081826/10.png, D:\\Test\\AgileTest\\Reports\\AHI\\ahi\\20200407_080032\\../Screenshots/iPhone 6/AHI/STM/20200407_082003/0.png, D:\\Test\\AgileTest\\Reports\\AHI\\ahi\\20200407_080032\\../Screenshots/iPhone 6/AHI/STM/20200407_082003/1.png, D:\\Test\\AgileTest\\Reports\\AHI\\ahi\\20200407_080032\\../Screenshots/iPhone 6/AHI/STM/20200407_082003/2.png, D:\\Test\\AgileTest\\Reports\\AHI\\ahi\\20200407_080032\\../Screenshots/iPhone 6/AHI/Teladoc/20200407_082021/0.png, D:\\Test\\AgileTest\\Reports\\AHI\\ahi\\20200407_080032\\../Screenshots/iPhone 6/AHI/Teladoc/20200407_082021/1.png, D:\\Test\\AgileTest\\Reports\\AHI\\ahi\\20200407_080032\\../Screenshots/iPhone 6/AHI/Teladoc/20200407_082021/2.png, D:\\Test\\AgileTest\\Reports\\AHI\\ahi\\20200407_080032\\../Screenshots/iPhone 6/AHI/Teladoc/20200407_082021/3.png, D:\\Test\\AgileTest\\Reports\\AHI\\ahi\\20200407_080032\\../Screenshots/iPhone 6/AHI/Teladoc/20200407_082021/4.png, D:\\Test\\AgileTest\\Reports\\AHI\\ahi\\20200407_080032\\../Screenshots/iPhone 6/AHI/Teladoc/20200407_082021/5.png, D:\\Test\\AgileTest\\Reports\\AHI\\ahi\\20200407_080032\\../Screenshots/iPhone 6/AHI/Teladoc/20200407_082021/6.png"/>
         <property name="hostName" value="Administrator - 172.30.0.53"/>
         <property name="os" value="Windows Server 2012 R2 64bit"/>
         <property name="katalonVersion" value="5.10.1.1"/>
         <property name="browser" value="Safari 11"/>
         <property name="hostAddress" value="172.30.0.53"/>
         <property name="sessionId" value="da3473d6985c2e653746ea2b97453960"/>
         <property name="seleniumVersion" value="3.7.1"/>
         <property name="proxyInformation" value="ProxyInformation{proxyOption=NO_PROXY, proxyServerType=HTTP, password=, proxyServerAddress=, proxyServerPort=0}"/>
         <property name="platform" value="Windows Server 2012 R2"/>
      </properties>
      <testcase name="Test Cases/AHI/NEW/ACA Health Insurance" classname="Test Cases/AHI/NEW/ACA Health Insurance" status="PASSED">
         <system-out><![CDATA[2020-04-07 08:12:27 - [TEST_CASE][PASSED] - Test Cases/AHI/NEW/ACA Health Insurance: Test Cases/AHI/NEW/ACA Health Insurance

2020-04-07 08:12:28 - [TEST_STEP][PASSED] - callTestCase(findTestCase("AHI/_include/get_screenPath"), ["productLine":"AHI", "carrierName":"ACA Health Insurance"], CONTINUE_ON_FAILURE): Call Test Case 'Test Cases/AHI/_include/get_screenPath' successfully

2020-04-07 08:12:28 - [TEST_CASE][PASSED] - Test Cases/AHI/_include/get_screenPath: Test Cases/AHI/_include/get_screenPath

2020-04-07 08:12:28 - [TEST_STEP][PASSED] - m = getExecutionProperties(): null

2020-04-07 08:12:28 - [TEST_STEP][PASSED] - deviceName = get("mobileEmulation").get("deviceName"): null

2020-04-07 08:12:28 - [TEST_STEP][PASSED] - println(deviceName): null

2020-04-07 08:12:28 - [TEST_STEP][PASSED] - now = new java.util.Date(): null

2020-04-07 08:12:28 - [TEST_STEP][PASSED] - mydate = now.format("yyyyMMdd_HHmmss"): null

2020-04-07 08:12:28 - [TEST_STEP][PASSED] - screenPath = "../Screenshots/": null

2020-04-07 08:12:28 - [TEST_STEP][PASSED] - screenPath = screenPath + deviceName + "/" + productLine + "/" + carrierName + "/" + mydate + "/": null

2020-04-07 08:12:28 - [TEST_STEP][PASSED] - println(screenPath): null

2020-04-07 08:12:28 - [MESSAGE][PASSED] - Call Test Case 'Test Cases/AHI/_include/get_screenPath' successfully

2020-04-07 08:12:28 - [TEST_STEP][PASSED] - i = 0: null

2020-04-07 08:12:28 - [TEST_STEP][PASSED] - callTestCase(findTestCase("AHI/_include/openWebSite"), [:], CONTINUE_ON_FAILURE): Call Test Case 'Test Cases/AHI/_include/openWebSite' successfully

2020-04-07 08:12:28 - [TEST_CASE][PASSED] - Test Cases/AHI/_include/openWebSite: Test Cases/AHI/_include/openWebSite

2020-04-07 08:12:29 - [TEST_STEP][PASSED] - openBrowser(env): Browser is opened with url: 'https://praetemptatus.agilehealthinsurance.com'

2020-04-07 08:12:29 - [MESSAGE][INFO] - Starting 'Chrome' driver

2020-04-07 08:12:29 - [MESSAGE][INFO] - User set preference: ['mobileEmulation', '{deviceName=iPhone 6}']

2020-04-07 08:12:29 - [MESSAGE][INFO] - User set preference: ['args', '[--incognito, --aggressive-cache-discard, --window-size=375,677, --no-sandbox, --ignore-certificate-errors]']

2020-04-07 08:12:29 - [MESSAGE][INFO] - Action delay is set to 0 seconds

2020-04-07 08:12:36 - [MESSAGE][PASSED] - Browser is opened with url: 'https://praetemptatus.agilehealthinsurance.com'

2020-04-07 08:12:36 - [TEST_STEP][PASSED] - waitForPageLoad(20): Wait for page load successfully

2020-04-07 08:12:38 - [MESSAGE][PASSED] - Wait for page load successfully

2020-04-07 08:12:38 - [TEST_STEP][PASSED] - callTestCase(findTestCase("AHI/_include/get_screenshot"), [:], STOP_ON_FAILURE): Call Test Case 'Test Cases/AHI/_include/get_screenshot' successfully

2020-04-07 08:12:38 - [TEST_CASE][PASSED] - Test Cases/AHI/_include/get_screenshot: Test Cases/AHI/_include/get_screenshot

2020-04-07 08:12:38 - [TEST_STEP][PASSED] - Thread.sleep(1000): null

2020-04-07 08:12:39 - [TEST_STEP][PASSED] - takeScreenshot(screenPath + i + ".png"): Taking screenshot successfully

2020-04-07 08:12:40 - [MESSAGE][PASSED] - Taking screenshot successfully
[[ATTACHMENT|D:\\Test\\AgileTest\\Reports\\AHI\\ahi\\20200407_080032\\../Screenshots/iPhone 6/AHI/ACA Health Insurance/20200407_081228/0.png]]

2020-04-07 08:12:40 - [TEST_STEP][PASSED] - (internal.GlobalVariable.i++): null

2020-04-07 08:12:40 - [MESSAGE][PASSED] - Call Test Case 'Test Cases/AHI/_include/get_screenshot' successfully

2020-04-07 08:12:40 - [MESSAGE][PASSED] - Call Test Case 'Test Cases/AHI/_include/openWebSite' successfully

2020-04-07 08:12:40 - [TEST_STEP][PASSED] - driver = getWebDriver(): null

2020-04-07 08:12:40 - [TEST_STEP][PASSED] - baseUrl = ENV: null

2020-04-07 08:12:40 - [TEST_STEP][PASSED] - selenium = new com.thoughtworks.selenium.webdriven.WebDriverBackedSelenium(driver, baseUrl): null

2020-04-07 08:12:40 - [TEST_STEP][PASSED] - selenium.click("//*[@class='filter-option-inner-inner']"): null

2020-04-07 08:12:41 - [TEST_STEP][PASSED] - selenium.click("id=bs-select-1-0"): null

2020-04-07 08:12:41 - [TEST_STEP][PASSED] - selenium.click("id=primaryCTA"): null

2020-04-07 08:12:44 - [TEST_STEP][PASSED] - for ([second = 0, second < 10, (second++)]): null

2020-04-07 08:12:44 - [TEST_STEP][PASSED] - try: null

2020-04-07 08:12:44 - [TEST_STEP][PASSED] - if (selenium.isElementPresent("xpath=//h1[contains(text(),'Find the right Individual and Family health care plan for you')]")): null

2020-04-07 08:12:44 - [TEST_STEP][PASSED] - break: null

2020-04-07 08:12:44 - [TEST_STEP][PASSED] - callTestCase(findTestCase("AHI/_include/get_screenshot"), [:], STOP_ON_FAILURE): Call Test Case 'Test Cases/AHI/_include/get_screenshot' successfully

2020-04-07 08:12:44 - [TEST_CASE][PASSED] - Test Cases/AHI/_include/get_screenshot: Test Cases/AHI/_include/get_screenshot

2020-04-07 08:12:44 - [TEST_STEP][PASSED] - Thread.sleep(1000): null

2020-04-07 08:12:45 - [TEST_STEP][PASSED] - takeScreenshot(screenPath + i + ".png"): Taking screenshot successfully

2020-04-07 08:12:46 - [MESSAGE][PASSED] - Taking screenshot successfully
[[ATTACHMENT|D:\\Test\\AgileTest\\Reports\\AHI\\ahi\\20200407_080032\\../Screenshots/iPhone 6/AHI/ACA Health Insurance/20200407_081228/1.png]]

2020-04-07 08:12:46 - [TEST_STEP][PASSED] - (internal.GlobalVariable.i++): null

2020-04-07 08:12:46 - [MESSAGE][PASSED] - Call Test Case 'Test Cases/AHI/_include/get_screenshot' successfully

2020-04-07 08:12:46 - [TEST_STEP][PASSED] - url = selenium.getAttribute("xpath=(//a[@class='front-door-quote-button'])@href"): null

2020-04-07 08:12:46 - [TEST_STEP][PASSED] - navigateToUrl(url): Navigate to 'https://www.healthpocket.com/individual-health-insurance?__hstc=225231557.042e7a5a98065ba2064a12e458e95deb.1586261556965.1586261556965.1586261556965.1&__hssc=225231557.2.1586261556965&__hsfp=937275251' successfully

2020-04-07 08:12:48 - [MESSAGE][PASSED] - Navigate to 'https://www.healthpocket.com/individual-health-insurance?__hstc=225231557.042e7a5a98065ba2064a12e458e95deb.1586261556965.1586261556965.1586261556965.1&__hssc=225231557.2.1586261556965&__hsfp=937275251' successfully

2020-04-07 08:12:48 - [TEST_STEP][PASSED] - waitForPageLoad(10): Wait for page load successfully

2020-04-07 08:12:49 - [MESSAGE][PASSED] - Wait for page load successfully

2020-04-07 08:12:49 - [TEST_STEP][PASSED] - callTestCase(findTestCase("AHI/_include/get_screenshot"), [:], STOP_ON_FAILURE): Call Test Case 'Test Cases/AHI/_include/get_screenshot' successfully

2020-04-07 08:12:49 - [TEST_CASE][PASSED] - Test Cases/AHI/_include/get_screenshot: Test Cases/AHI/_include/get_screenshot

2020-04-07 08:12:49 - [TEST_STEP][PASSED] - Thread.sleep(1000): null

2020-04-07 08:12:50 - [TEST_STEP][PASSED] - takeScreenshot(screenPath + i + ".png"): Taking screenshot successfully

2020-04-07 08:12:50 - [MESSAGE][PASSED] - Taking screenshot successfully
[[ATTACHMENT|D:\\Test\\AgileTest\\Reports\\AHI\\ahi\\20200407_080032\\../Screenshots/iPhone 6/AHI/ACA Health Insurance/20200407_081228/2.png]]

2020-04-07 08:12:50 - [TEST_STEP][PASSED] - (internal.GlobalVariable.i++): null

2020-04-07 08:12:50 - [MESSAGE][PASSED] - Call Test Case 'Test Cases/AHI/_include/get_screenshot' successfully]]></system-out>
         <system-err><![CDATA[]]></system-err>
      </testcase>
      <testcase name="Test Cases/AHI/NEW/Cancer Insurance" classname="Test Cases/AHI/NEW/Cancer Insurance" status="PASSED">
         <system-out><![CDATA[2020-04-07 08:12:50 - [TEST_CASE][PASSED] - Test Cases/AHI/NEW/Cancer Insurance: Test Cases/AHI/NEW/Cancer Insurance

2020-04-07 08:12:51 - [TEST_STEP][PASSED] - callTestCase(findTestCase("AHI/_include/get_screenPath"), ["productLine":"AHI", "carrierName":"Cancer Insurance"], CONTINUE_ON_FAILURE): Call Test Case 'Test Cases/AHI/_include/get_screenPath' successfully

2020-04-07 08:12:51 - [TEST_CASE][PASSED] - Test Cases/AHI/_include/get_screenPath: Test Cases/AHI/_include/get_screenPath

2020-04-07 08:12:51 - [TEST_STEP][PASSED] - m = getExecutionProperties(): null

2020-04-07 08:12:51 - [TEST_STEP][PASSED] - deviceName = get("mobileEmulation").get("deviceName"): null

2020-04-07 08:12:51 - [TEST_STEP][PASSED] - println(deviceName): null

2020-04-07 08:12:51 - [TEST_STEP][PASSED] - now = new java.util.Date(): null

2020-04-07 08:12:51 - [TEST_STEP][PASSED] - mydate = now.format("yyyyMMdd_HHmmss"): null

2020-04-07 08:12:51 - [TEST_STEP][PASSED] - screenPath = "../Screenshots/": null

2020-04-07 08:12:51 - [TEST_STEP][PASSED] - screenPath = screenPath + deviceName + "/" + productLine + "/" + carrierName + "/" + mydate + "/": null

2020-04-07 08:12:51 - [TEST_STEP][PASSED] - println(screenPath): null

2020-04-07 08:12:51 - [MESSAGE][PASSED] - Call Test Case 'Test Cases/AHI/_include/get_screenPath' successfully

2020-04-07 08:12:51 - [TEST_STEP][PASSED] - i = 0: null

2020-04-07 08:12:51 - [TEST_STEP][PASSED] - callTestCase(findTestCase("AHI/_include/openWebSite"), [:], CONTINUE_ON_FAILURE): Call Test Case 'Test Cases/AHI/_include/openWebSite' successfully

2020-04-07 08:12:51 - [TEST_CASE][PASSED] - Test Cases/AHI/_include/openWebSite: Test Cases/AHI/_include/openWebSite

2020-04-07 08:12:51 - [TEST_STEP][PASSED] - openBrowser(env): Browser is opened with url: 'https://praetemptatus.agilehealthinsurance.com'

2020-04-07 08:12:51 - [MESSAGE][WARNING] - A browser is already opened. Closing browser and opening a new one

2020-04-07 08:12:52 - [MESSAGE][INFO] - Starting 'Chrome' driver

2020-04-07 08:12:52 - [MESSAGE][INFO] - User set preference: ['mobileEmulation', '{deviceName=iPhone 6}']

2020-04-07 08:12:52 - [MESSAGE][INFO] - User set preference: ['args', '[--incognito, --aggressive-cache-discard, --window-size=375,677, --no-sandbox, --ignore-certificate-errors]']

2020-04-07 08:12:57 - [MESSAGE][PASSED] - Browser is opened with url: 'https://praetemptatus.agilehealthinsurance.com'

2020-04-07 08:12:57 - [TEST_STEP][PASSED] - waitForPageLoad(20): Wait for page load successfully

2020-04-07 08:12:59 - [MESSAGE][PASSED] - Wait for page load successfully

2020-04-07 08:12:59 - [TEST_STEP][PASSED] - callTestCase(findTestCase("AHI/_include/get_screenshot"), [:], STOP_ON_FAILURE): Call Test Case 'Test Cases/AHI/_include/get_screenshot' successfully

2020-04-07 08:12:59 - [TEST_CASE][PASSED] - Test Cases/AHI/_include/get_screenshot: Test Cases/AHI/_include/get_screenshot

2020-04-07 08:12:59 - [TEST_STEP][PASSED] - Thread.sleep(1000): null

2020-04-07 08:13:00 - [TEST_STEP][PASSED] - takeScreenshot(screenPath + i + ".png"): Taking screenshot successfully

2020-04-07 08:13:01 - [MESSAGE][PASSED] - Taking screenshot successfully
[[ATTACHMENT|D:\\Test\\AgileTest\\Reports\\AHI\\ahi\\20200407_080032\\../Screenshots/iPhone 6/AHI/Cancer Insurance/20200407_081251/0.png]]

2020-04-07 08:13:01 - [TEST_STEP][PASSED] - (internal.GlobalVariable.i++): null

2020-04-07 08:13:01 - [MESSAGE][PASSED] - Call Test Case 'Test Cases/AHI/_include/get_screenshot' successfully

2020-04-07 08:13:01 - [MESSAGE][PASSED] - Call Test Case 'Test Cases/AHI/_include/openWebSite' successfully

2020-04-07 08:13:01 - [TEST_STEP][PASSED] - driver = getWebDriver(): null

2020-04-07 08:13:01 - [TEST_STEP][PASSED] - baseUrl = ENV: null

2020-04-07 08:13:01 - [TEST_STEP][PASSED] - selenium = new com.thoughtworks.selenium.webdriven.WebDriverBackedSelenium(driver, baseUrl): null

2020-04-07 08:13:01 - [TEST_STEP][PASSED] - selenium.click("//*[@class='filter-option-inner-inner']"): null

2020-04-07 08:13:01 - [TEST_STEP][PASSED] - selenium.click("id=bs-select-1-1"): null

2020-04-07 08:13:02 - [TEST_STEP][PASSED] - selenium.click("id=primaryCTA"): null

2020-04-07 08:13:03 - [TEST_STEP][PASSED] - for ([second = 0, second < 20, (second++)]): null

2020-04-07 08:13:03 - [TEST_STEP][PASSED] - try: null

2020-04-07 08:13:03 - [TEST_STEP][PASSED] - if (selenium.isElementPresent("id=zip-input")): null

2020-04-07 08:13:04 - [TEST_STEP][PASSED] - break: null

2020-04-07 08:13:04 - [TEST_STEP][PASSED] - callTestCase(findTestCase("AHI/_include/get_screenshot"), [:], STOP_ON_FAILURE): Call Test Case 'Test Cases/AHI/_include/get_screenshot' successfully

2020-04-07 08:13:04 - [TEST_CASE][PASSED] - Test Cases/AHI/_include/get_screenshot: Test Cases/AHI/_include/get_screenshot

2020-04-07 08:13:04 - [TEST_STEP][PASSED] - Thread.sleep(1000): null

2020-04-07 08:13:05 - [TEST_STEP][PASSED] - takeScreenshot(screenPath + i + ".png"): Taking screenshot successfully

2020-04-07 08:13:06 - [MESSAGE][PASSED] - Taking screenshot successfully
[[ATTACHMENT|D:\\Test\\AgileTest\\Reports\\AHI\\ahi\\20200407_080032\\../Screenshots/iPhone 6/AHI/Cancer Insurance/20200407_081251/1.png]]

2020-04-07 08:13:06 - [TEST_STEP][PASSED] - (internal.GlobalVariable.i++): null

2020-04-07 08:13:06 - [MESSAGE][PASSED] - Call Test Case 'Test Cases/AHI/_include/get_screenshot' successfully

2020-04-07 08:13:06 - [TEST_STEP][PASSED] - sendKeys(findTestObject("mobileSanity/Cancer Insurance/zip"), "35216"): Keys '35216' sent to object: 'Object Repository/mobileSanity/Cancer Insurance/zip'

2020-04-07 08:13:06 - [MESSAGE][PASSED] - Keys '35216' sent to object: 'Object Repository/mobileSanity/Cancer Insurance/zip'

2020-04-07 08:13:06 - [TEST_STEP][PASSED] - sendKeys(findTestObject("mobileSanity/Cancer Insurance/dob-0"), "01/01/1990"): Keys '01/01/1990' sent to object: 'Object Repository/mobileSanity/Cancer Insurance/dob-0'

2020-04-07 08:13:06 - [MESSAGE][PASSED] - Keys '01/01/1990' sent to object: 'Object Repository/mobileSanity/Cancer Insurance/dob-0'

2020-04-07 08:13:06 - [TEST_STEP][PASSED] - Thread.sleep(2000): null

2020-04-07 08:13:08 - [TEST_STEP][PASSED] - selenium.click("//label[@for='gender-m-0']"): null

2020-04-07 08:13:08 - [TEST_STEP][PASSED] - Thread.sleep(3000): null

2020-04-07 08:13:11 - [TEST_STEP][PASSED] - selenium.click("id=js-see-plans"): null

2020-04-07 08:13:13 - [TEST_STEP][PASSED] - for ([second = 0, second < 20, (second++)]): null

2020-04-07 08:13:13 - [TEST_STEP][PASSED] - try: null

2020-04-07 08:13:13 - [TEST_STEP][PASSED] - if (selenium.isElementPresent("xpath=//h1[contains(text(),'3 Cancer Insurance Policies Found')]")): null

2020-04-07 08:13:14 - [TEST_STEP][PASSED] - Thread.sleep(1000): null

2020-04-07 08:13:15 - [TEST_STEP][PASSED] - try: null

2020-04-07 08:13:15 - [TEST_STEP][PASSED] - if (selenium.isElementPresent("xpath=//h1[contains(text(),'3 Cancer Insurance Policies Found')]")): null

2020-04-07 08:13:15 - [TEST_STEP][PASSED] - Thread.sleep(1000): null

2020-04-07 08:13:16 - [TEST_STEP][PASSED] - try: null

2020-04-07 08:13:16 - [TEST_STEP][PASSED] - if (selenium.isElementPresent("xpath=//h1[contains(text(),'3 Cancer Insurance Policies Found')]")): null

2020-04-07 08:13:16 - [TEST_STEP][PASSED] - Thread.sleep(1000): null

2020-04-07 08:13:17 - [TEST_STEP][PASSED] - try: null

2020-04-07 08:13:17 - [TEST_STEP][PASSED] - if (selenium.isElementPresent("xpath=//h1[contains(text(),'3 Cancer Insurance Policies Found')]")): null

2020-04-07 08:13:17 - [TEST_STEP][PASSED] - Thread.sleep(1000): null

2020-04-07 08:13:18 - [TEST_STEP][PASSED] - try: null

2020-04-07 08:13:18 - [TEST_STEP][PASSED] - if (selenium.isElementPresent("xpath=//h1[contains(text(),'3 Cancer Insurance Policies Found')]")): null

2020-04-07 08:13:19 - [TEST_STEP][PASSED] - Thread.sleep(1000): null

2020-04-07 08:13:20 - [TEST_STEP][PASSED] - try: null

2020-04-07 08:13:20 - [TEST_STEP][PASSED] - if (selenium.isElementPresent("xpath=//h1[contains(text(),'3 Cancer Insurance Policies Found')]")): null

2020-04-07 08:13:20 - [TEST_STEP][PASSED] - Thread.sleep(1000): null

2020-04-07 08:13:21 - [TEST_STEP][PASSED] - try: null

2020-04-07 08:13:21 - [TEST_STEP][PASSED] - if (selenium.isElementPresent("xpath=//h1[contains(text(),'3 Cancer Insurance Policies Found')]")): null

2020-04-07 08:13:21 - [TEST_STEP][PASSED] - Thread.sleep(1000): null

2020-04-07 08:13:22 - [TEST_STEP][PASSED] - try: null

2020-04-07 08:13:22 - [TEST_STEP][PASSED] - if (selenium.isElementPresent("xpath=//h1[contains(text(),'3 Cancer Insurance Policies Found')]")): null

2020-04-07 08:13:22 - [TEST_STEP][PASSED] - Thread.sleep(1000): null

2020-04-07 08:13:23 - [TEST_STEP][PASSED] - try: null

2020-04-07 08:13:23 - [TEST_STEP][PASSED] - if (selenium.isElementPresent("xpath=//h1[contains(text(),'3 Cancer Insurance Policies Found')]")): null

2020-04-07 08:13:23 - [TEST_STEP][PASSED] - Thread.sleep(1000): null

2020-04-07 08:13:24 - [TEST_STEP][PASSED] - try: null

2020-04-07 08:13:24 - [TEST_STEP][PASSED] - if (selenium.isElementPresent("xpath=//h1[contains(text(),'3 Cancer Insurance Policies Found')]")): null

2020-04-07 08:13:24 - [TEST_STEP][PASSED] - Thread.sleep(1000): null

2020-04-07 08:13:25 - [TEST_STEP][PASSED] - try: null

2020-04-07 08:13:25 - [TEST_STEP][PASSED] - if (selenium.isElementPresent("xpath=//h1[contains(text(),'3 Cancer Insurance Policies Found')]")): null

2020-04-07 08:13:25 - [TEST_STEP][PASSED] - Thread.sleep(1000): null

2020-04-07 08:13:26 - [TEST_STEP][PASSED] - try: null

2020-04-07 08:13:26 - [TEST_STEP][PASSED] - if (selenium.isElementPresent("xpath=//h1[contains(text(),'3 Cancer Insurance Policies Found')]")): null

2020-04-07 08:13:26 - [TEST_STEP][PASSED] - Thread.sleep(1000): null

2020-04-07 08:13:27 - [TEST_STEP][PASSED] - try: null

2020-04-07 08:13:27 - [TEST_STEP][PASSED] - if (selenium.isElementPresent("xpath=//h1[contains(text(),'3 Cancer Insurance Policies Found')]")): null

2020-04-07 08:13:27 - [TEST_STEP][PASSED] - Thread.sleep(1000): null

2020-04-07 08:13:28 - [TEST_STEP][PASSED] - try: null

2020-04-07 08:13:28 - [TEST_STEP][PASSED] - if (selenium.isElementPresent("xpath=//h1[contains(text(),'3 Cancer Insurance Policies Found')]")): null

2020-04-07 08:13:28 - [TEST_STEP][PASSED] - Thread.sleep(1000): null

2020-04-07 08:13:29 - [TEST_STEP][PASSED] - try: null

2020-04-07 08:13:29 - [TEST_STEP][PASSED] - if (selenium.isElementPresent("xpath=//h1[contains(text(),'3 Cancer Insurance Policies Found')]")): null

2020-04-07 08:13:30 - [TEST_STEP][PASSED] - Thread.sleep(1000): null

2020-04-07 08:13:31 - [TEST_STEP][PASSED] - try: null

2020-04-07 08:13:31 - [TEST_STEP][PASSED] - if (selenium.isElementPresent("xpath=//h1[contains(text(),'3 Cancer Insurance Policies Found')]")): null

2020-04-07 08:13:31 - [TEST_STEP][PASSED] - Thread.sleep(1000): null

2020-04-07 08:13:32 - [TEST_STEP][PASSED] - try: null

2020-04-07 08:13:32 - [TEST_STEP][PASSED] - if (selenium.isElementPresent("xpath=//h1[contains(text(),'3 Cancer Insurance Policies Found')]")): null

2020-04-07 08:13:32 - [TEST_STEP][PASSED] - Thread.sleep(1000): null

2020-04-07 08:13:33 - [TEST_STEP][PASSED] - try: null

2020-04-07 08:13:33 - [TEST_STEP][PASSED] - if (selenium.isElementPresent("xpath=//h1[contains(text(),'3 Cancer Insurance Policies Found')]")): null

2020-04-07 08:13:33 - [TEST_STEP][PASSED] - Thread.sleep(1000): null

2020-04-07 08:13:34 - [TEST_STEP][PASSED] - try: null

2020-04-07 08:13:34 - [TEST_STEP][PASSED] - if (selenium.isElementPresent("xpath=//h1[contains(text(),'3 Cancer Insurance Policies Found')]")): null

2020-04-07 08:13:34 - [TEST_STEP][PASSED] - Thread.sleep(1000): null

2020-04-07 08:13:35 - [TEST_STEP][PASSED] - try: null

2020-04-07 08:13:35 - [TEST_STEP][PASSED] - if (selenium.isElementPresent("xpath=//h1[contains(text(),'3 Cancer Insurance Policies Found')]")): null

2020-04-07 08:13:35 - [TEST_STEP][PASSED] - Thread.sleep(1000): null

2020-04-07 08:13:36 - [TEST_STEP][PASSED] - callTestCase(findTestCase("AHI/_include/get_screenshot"), [:], STOP_ON_FAILURE): Call Test Case 'Test Cases/AHI/_include/get_screenshot' successfully

2020-04-07 08:13:36 - [TEST_CASE][PASSED] - Test Cases/AHI/_include/get_screenshot: Test Cases/AHI/_include/get_screenshot

2020-04-07 08:13:36 - [TEST_STEP][PASSED] - Thread.sleep(1000): null

2020-04-07 08:13:37 - [TEST_STEP][PASSED] - takeScreenshot(screenPath + i + ".png"): Taking screenshot successfully

2020-04-07 08:13:38 - [MESSAGE][PASSED] - Taking screenshot successfully
[[ATTACHMENT|D:\\Test\\AgileTest\\Reports\\AHI\\ahi\\20200407_080032\\../Screenshots/iPhone 6/AHI/Cancer Insurance/20200407_081251/2.png]]

2020-04-07 08:13:38 - [TEST_STEP][PASSED] - (internal.GlobalVariable.i++): null

2020-04-07 08:13:38 - [MESSAGE][PASSED] - Call Test Case 'Test Cases/AHI/_include/get_screenshot' successfully

2020-04-07 08:13:38 - [TEST_STEP][PASSED] - selenium.click("xpath=(//a[contains(text(),'Option 1')])[1]"): null

2020-04-07 08:13:39 - [TEST_STEP][PASSED] - for ([second = 0, second < 20, (second++)]): null

2020-04-07 08:13:39 - [TEST_STEP][PASSED] - try: null

2020-04-07 08:13:39 - [TEST_STEP][PASSED] - if (selenium.isElementPresent("id=plan-details-primary-apply")): null

2020-04-07 08:13:39 - [TEST_STEP][PASSED] - break: null

2020-04-07 08:13:39 - [TEST_STEP][PASSED] - callTestCase(findTestCase("AHI/_include/get_screenshot"), [:], STOP_ON_FAILURE): Call Test Case 'Test Cases/AHI/_include/get_screenshot' successfully

2020-04-07 08:13:39 - [TEST_CASE][PASSED] - Test Cases/AHI/_include/get_screenshot: Test Cases/AHI/_include/get_screenshot

2020-04-07 08:13:39 - [TEST_STEP][PASSED] - Thread.sleep(1000): null

2020-04-07 08:13:40 - [TEST_STEP][PASSED] - takeScreenshot(screenPath + i + ".png"): Taking screenshot successfully

2020-04-07 08:13:41 - [MESSAGE][PASSED] - Taking screenshot successfully
[[ATTACHMENT|D:\\Test\\AgileTest\\Reports\\AHI\\ahi\\20200407_080032\\../Screenshots/iPhone 6/AHI/Cancer Insurance/20200407_081251/3.png]]

2020-04-07 08:13:41 - [TEST_STEP][PASSED] - (internal.GlobalVariable.i++): null

2020-04-07 08:13:41 - [MESSAGE][PASSED] - Call Test Case 'Test Cases/AHI/_include/get_screenshot' successfully

2020-04-07 08:13:41 - [TEST_STEP][PASSED] - selenium.click("id=plan-details-primary-apply"): null

2020-04-07 08:13:43 - [TEST_STEP][PASSED] - for ([second = 0, second < 20, (second++)]): null

2020-04-07 08:13:43 - [TEST_STEP][PASSED] - try: null

2020-04-07 08:13:43 - [TEST_STEP][PASSED] - if (selenium.isElementPresent("id=applyButton")): null

2020-04-07 08:13:44 - [TEST_STEP][PASSED] - break: null

2020-04-07 08:13:44 - [TEST_STEP][PASSED] - callTestCase(findTestCase("AHI/_include/get_screenshot"), [:], STOP_ON_FAILURE): Call Test Case 'Test Cases/AHI/_include/get_screenshot' successfully

2020-04-07 08:13:44 - [TEST_CASE][PASSED] - Test Cases/AHI/_include/get_screenshot: Test Cases/AHI/_include/get_screenshot

2020-04-07 08:13:44 - [TEST_STEP][PASSED] - Thread.sleep(1000): null

2020-04-07 08:13:45 - [TEST_STEP][PASSED] - takeScreenshot(screenPath + i + ".png"): Taking screenshot successfully

2020-04-07 08:13:45 - [MESSAGE][PASSED] - Taking screenshot successfully
[[ATTACHMENT|D:\\Test\\AgileTest\\Reports\\AHI\\ahi\\20200407_080032\\../Screenshots/iPhone 6/AHI/Cancer Insurance/20200407_081251/4.png]]

2020-04-07 08:13:45 - [TEST_STEP][PASSED] - (internal.GlobalVariable.i++): null

2020-04-07 08:13:45 - [MESSAGE][PASSED] - Call Test Case 'Test Cases/AHI/_include/get_screenshot' successfully

2020-04-07 08:13:45 - [TEST_STEP][PASSED] - selenium.click("id=applyButton"): null

2020-04-07 08:13:46 - [TEST_STEP][PASSED] - for ([second = 0, second < 20, (second++)]): null

2020-04-07 08:13:46 - [TEST_STEP][PASSED] - try: null

2020-04-07 08:13:46 - [TEST_STEP][PASSED] - if (selenium.isElementPresent("id=member-P-1-firstName")): null

2020-04-07 08:13:47 - [TEST_STEP][PASSED] - break: null

2020-04-07 08:13:47 - [TEST_STEP][PASSED] - callTestCase(findTestCase("AHI/_include/get_screenshot"), [:], STOP_ON_FAILURE): Call Test Case 'Test Cases/AHI/_include/get_screenshot' successfully

2020-04-07 08:13:47 - [TEST_CASE][PASSED] - Test Cases/AHI/_include/get_screenshot: Test Cases/AHI/_include/get_screenshot

2020-04-07 08:13:47 - [TEST_STEP][PASSED] - Thread.sleep(1000): null

2020-04-07 08:13:48 - [TEST_STEP][PASSED] - takeScreenshot(screenPath + i + ".png"): Taking screenshot successfully

2020-04-07 08:13:49 - [MESSAGE][PASSED] - Taking screenshot successfully
[[ATTACHMENT|D:\\Test\\AgileTest\\Reports\\AHI\\ahi\\20200407_080032\\../Screenshots/iPhone 6/AHI/Cancer Insurance/20200407_081251/5.png]]

2020-04-07 08:13:49 - [TEST_STEP][PASSED] - (internal.GlobalVariable.i++): null

2020-04-07 08:13:49 - [MESSAGE][PASSED] - Call Test Case 'Test Cases/AHI/_include/get_screenshot' successfully

2020-04-07 08:13:49 - [TEST_STEP][PASSED] - callTestCase(findTestCase("AHI/_include/name"), [:], STOP_ON_FAILURE): Call Test Case 'Test Cases/AHI/_include/name' successfully

2020-04-07 08:13:49 - [TEST_CASE][PASSED] - Test Cases/AHI/_include/name: Test Cases/AHI/_include/name

2020-04-07 08:13:49 - [TEST_STEP][PASSED] - driver = getWebDriver(): null

2020-04-07 08:13:49 - [TEST_STEP][PASSED] - selenium = new com.thoughtworks.selenium.webdriven.WebDriverBackedSelenium(driver, internal.GlobalVariable.ENV): null

2020-04-07 08:13:49 - [TEST_STEP][PASSED] - FirstName = "Test-123": null

2020-04-07 08:13:49 - [TEST_STEP][PASSED] - LastName = selenium.getEval("{var x="ABCDEFGHIJKLMNOPQRSTUVWXYZabcdefghijklmnopqrstuvwxyz"; var tmp="ZZ11-"; for (i=0;i<8;i++) tmp+=x.charAt(Math.ceil(51*Math.random()));tmp;}"): null

2020-04-07 08:13:49 - [TEST_STEP][PASSED] - Address = selenium.getEval("{var x="ABCDEFGHIJKLMNOPQRSTUVWXYZabcdefghijklmnopqrstuvwxyz"; var tmp=""; for (i=0;i<8;i++) tmp+=x.charAt(Math.ceil(51*Math.random()));tmp;}"): null

2020-04-07 08:13:49 - [TEST_STEP][PASSED] - City = selenium.getEval("{var x="ABCDEFGHIJKLMNOPQRSTUVWXYZabcdefghijklmnopqrstuvwxyz"; var tmp=""; for (i=0;i<8;i++) tmp+=x.charAt(Math.ceil(51*Math.random()));tmp;}"): null

2020-04-07 08:13:49 - [TEST_STEP][PASSED] - tel1 = selenium.getEval("{var x="123456789"; var tmp=""; for (i=0;i<3;i++) tmp+=x.charAt(Math.ceil(8*Math.random()));tmp;}"): null

2020-04-07 08:13:49 - [TEST_STEP][PASSED] - tel2 = selenium.getEval("{var x="123456789"; var tmp=""; for (i=0;i<3;i++) tmp+=x.charAt(Math.ceil(8*Math.random()));tmp;}"): null

2020-04-07 08:13:49 - [TEST_STEP][PASSED] - tel3 = selenium.getEval("{var x="123456789"; var tmp=""; for (i=0;i<4;i++) tmp+=x.charAt(Math.ceil(8*Math.random()));tmp;}"): null

2020-04-07 08:13:49 - [TEST_STEP][PASSED] - Tel = selenium.getExpression(tel1 + "-" + tel2 + "-" + tel3): null

2020-04-07 08:13:49 - [TEST_STEP][PASSED] - AutoEmail = selenium.getEval("{var x="ABCDEFGHIJKLMNOPQRSTUVWXYZabcdefghijklmnopqrstuvwxyz"; var tmp="test."; for (i=0;i<8;i++) tmp+=x.charAt(Math.ceil(51*Math.random()));tmp+="@suryani.cn";}"): null

2020-04-07 08:13:49 - [TEST_STEP][PASSED] - FirstName = FirstName: null

2020-04-07 08:13:49 - [TEST_STEP][PASSED] - LastName = LastName: null

2020-04-07 08:13:49 - [TEST_STEP][PASSED] - Address = Address: null

2020-04-07 08:13:49 - [TEST_STEP][PASSED] - City = City: null

2020-04-07 08:13:49 - [TEST_STEP][PASSED] - Tel = Tel: null

2020-04-07 08:13:49 - [TEST_STEP][PASSED] - AutoEmail = AutoEmail: null

2020-04-07 08:13:49 - [TEST_STEP][PASSED] - println(FirstName): null

2020-04-07 08:13:49 - [TEST_STEP][PASSED] - println(LastName): null

2020-04-07 08:13:49 - [TEST_STEP][PASSED] - println(Address): null

2020-04-07 08:13:49 - [TEST_STEP][PASSED] - println(City): null

2020-04-07 08:13:49 - [TEST_STEP][PASSED] - println(Tel): null

2020-04-07 08:13:49 - [TEST_STEP][PASSED] - println(AutoEmail): null

2020-04-07 08:13:49 - [MESSAGE][PASSED] - Call Test Case 'Test Cases/AHI/_include/name' successfully

2020-04-07 08:13:49 - [TEST_STEP][PASSED] - selenium.type("id=member-P-1-firstName", FirstName): null

2020-04-07 08:13:49 - [TEST_STEP][PASSED] - selenium.type("id=member-P-1-lastName", LastName): null

2020-04-07 08:13:50 - [TEST_STEP][PASSED] - selenium.type("id=address", Address): null

2020-04-07 08:13:50 - [TEST_STEP][PASSED] - selenium.type("id=city", City): null

2020-04-07 08:13:50 - [TEST_STEP][PASSED] - selenium.type("id=email", AutoEmail): null

2020-04-07 08:13:50 - [TEST_STEP][PASSED] - selenium.type("id=primaryPhone", Tel): null

2020-04-07 08:13:51 - [TEST_STEP][PASSED] - selenium.click("id=js-app-continue-link"): null

2020-04-07 08:13:51 - [TEST_STEP][PASSED] - for ([second = 0, second < 20, (second++)]): null

2020-04-07 08:13:51 - [TEST_STEP][PASSED] - try: null

2020-04-07 08:13:51 - [TEST_STEP][PASSED] - if (selenium.isElementPresent("xpath=(//*[@class='js-question js-app-page-medical-question-wrapper'])[1]/div/button[1]")): null

2020-04-07 08:13:51 - [TEST_STEP][PASSED] - Thread.sleep(1000): null

2020-04-07 08:13:52 - [TEST_STEP][PASSED] - try: null

2020-04-07 08:13:52 - [TEST_STEP][PASSED] - if (selenium.isElementPresent("xpath=(//*[@class='js-question js-app-page-medical-question-wrapper'])[1]/div/button[1]")): null

2020-04-07 08:13:52 - [TEST_STEP][PASSED] - break: null

2020-04-07 08:13:52 - [TEST_STEP][PASSED] - callTestCase(findTestCase("AHI/_include/get_screenshot"), [:], STOP_ON_FAILURE): Call Test Case 'Test Cases/AHI/_include/get_screenshot' successfully

2020-04-07 08:13:52 - [TEST_CASE][PASSED] - Test Cases/AHI/_include/get_screenshot: Test Cases/AHI/_include/get_screenshot

2020-04-07 08:13:52 - [TEST_STEP][PASSED] - Thread.sleep(1000): null

2020-04-07 08:13:53 - [TEST_STEP][PASSED] - takeScreenshot(screenPath + i + ".png"): Taking screenshot successfully

2020-04-07 08:13:54 - [MESSAGE][PASSED] - Taking screenshot successfully
[[ATTACHMENT|D:\\Test\\AgileTest\\Reports\\AHI\\ahi\\20200407_080032\\../Screenshots/iPhone 6/AHI/Cancer Insurance/20200407_081251/6.png]]

2020-04-07 08:13:54 - [TEST_STEP][PASSED] - (internal.GlobalVariable.i++): null

2020-04-07 08:13:54 - [MESSAGE][PASSED] - Call Test Case 'Test Cases/AHI/_include/get_screenshot' successfully

2020-04-07 08:13:54 - [TEST_STEP][PASSED] - for ([i = 1, i < 12, (i++)]): null

2020-04-07 08:13:54 - [TEST_STEP][PASSED] - selenium.click("xpath=(//*[@class='js-question js-app-page-medical-question-wrapper'])[" + i + "]/div/button[1]"): null

2020-04-07 08:13:54 - [TEST_STEP][PASSED] - selenium.click("xpath=(//*[@class='js-question js-app-page-medical-question-wrapper'])[" + i + "]/div/button[1]"): null

2020-04-07 08:13:55 - [TEST_STEP][PASSED] - selenium.click("xpath=(//*[@class='js-question js-app-page-medical-question-wrapper'])[" + i + "]/div/button[1]"): null

2020-04-07 08:13:56 - [TEST_STEP][PASSED] - selenium.click("xpath=(//*[@class='js-question js-app-page-medical-question-wrapper'])[" + i + "]/div/button[1]"): null

2020-04-07 08:13:57 - [TEST_STEP][PASSED] - selenium.click("xpath=(//*[@class='js-question js-app-page-medical-question-wrapper'])[" + i + "]/div/button[1]"): null

2020-04-07 08:13:58 - [TEST_STEP][PASSED] - selenium.click("xpath=(//*[@class='js-question js-app-page-medical-question-wrapper'])[" + i + "]/div/button[1]"): null

2020-04-07 08:13:59 - [TEST_STEP][PASSED] - selenium.click("xpath=(//*[@class='js-question js-app-page-medical-question-wrapper'])[" + i + "]/div/button[1]"): null

2020-04-07 08:14:00 - [TEST_STEP][PASSED] - selenium.click("xpath=(//*[@class='js-question js-app-page-medical-question-wrapper'])[" + i + "]/div/button[1]"): null

2020-04-07 08:14:00 - [TEST_STEP][PASSED] - selenium.click("xpath=(//*[@class='js-question js-app-page-medical-question-wrapper'])[" + i + "]/div/button[1]"): null

2020-04-07 08:14:01 - [TEST_STEP][PASSED] - selenium.click("xpath=(//*[@class='js-question js-app-page-medical-question-wrapper'])[" + i + "]/div/button[1]"): null

2020-04-07 08:14:01 - [TEST_STEP][PASSED] - selenium.click("xpath=(//*[@class='js-question js-app-page-medical-question-wrapper'])[" + i + "]/div/button[1]"): null

2020-04-07 08:14:02 - [TEST_STEP][PASSED] - selenium.click("id=js-app-continue-link"): null

2020-04-07 08:14:03 - [TEST_STEP][PASSED] - for ([second = 0, second < 20, (second++)]): null

2020-04-07 08:14:03 - [TEST_STEP][PASSED] - try: null

2020-04-07 08:14:03 - [TEST_STEP][PASSED] - if (selenium.isElementPresent("id=credit-card-number")): null

2020-04-07 08:14:03 - [TEST_STEP][PASSED] - break: null

2020-04-07 08:14:03 - [TEST_STEP][PASSED] - callTestCase(findTestCase("AHI/_include/get_screenshot"), [:], STOP_ON_FAILURE): Call Test Case 'Test Cases/AHI/_include/get_screenshot' successfully

2020-04-07 08:14:04 - [TEST_CASE][PASSED] - Test Cases/AHI/_include/get_screenshot: Test Cases/AHI/_include/get_screenshot

2020-04-07 08:14:04 - [TEST_STEP][PASSED] - Thread.sleep(1000): null

2020-04-07 08:14:05 - [TEST_STEP][PASSED] - takeScreenshot(screenPath + i + ".png"): Taking screenshot successfully

2020-04-07 08:14:05 - [MESSAGE][PASSED] - Taking screenshot successfully
[[ATTACHMENT|D:\\Test\\AgileTest\\Reports\\AHI\\ahi\\20200407_080032\\../Screenshots/iPhone 6/AHI/Cancer Insurance/20200407_081251/7.png]]

2020-04-07 08:14:05 - [TEST_STEP][PASSED] - (internal.GlobalVariable.i++): null

2020-04-07 08:14:05 - [MESSAGE][PASSED] - Call Test Case 'Test Cases/AHI/_include/get_screenshot' successfully

2020-04-07 08:14:05 - [TEST_STEP][PASSED] - selenium.type("id=credit-card-number", "4111123123123123"): null

2020-04-07 08:14:05 - [TEST_STEP][PASSED] - selenium.type("id=credit-card-first", "test"): null

2020-04-07 08:14:05 - [TEST_STEP][PASSED] - selenium.type("id=credit-card-last", "test"): null

2020-04-07 08:14:06 - [TEST_STEP][PASSED] - selenium.select("id=expiration-month", "12"): null

2020-04-07 08:14:06 - [TEST_STEP][PASSED] - selenium.select("id=expiration-year", "2026"): null

2020-04-07 08:14:06 - [TEST_STEP][PASSED] - selenium.type("id=credit-card-cvv", "123"): null

2020-04-07 08:14:06 - [TEST_STEP][PASSED] - selenium.type("id=credit-card-number", "4111123123123123"): null

2020-04-07 08:14:07 - [TEST_STEP][PASSED] - selenium.click("id=js-same-billing"): null

2020-04-07 08:14:07 - [TEST_STEP][PASSED] - selenium.click("id=credit-payment-authorization"): null

2020-04-07 08:14:07 - [TEST_STEP][PASSED] - selenium.click("id=js-app-continue-link"): null

2020-04-07 08:14:08 - [TEST_STEP][PASSED] - for ([second = 0, second < 20, (second++)]): null

2020-04-07 08:14:08 - [TEST_STEP][PASSED] - try: null

2020-04-07 08:14:08 - [TEST_STEP][PASSED] - if (selenium.isElementPresent("id=consent-checkbox-0")): null

2020-04-07 08:14:08 - [TEST_STEP][PASSED] - Thread.sleep(1000): null

2020-04-07 08:14:09 - [TEST_STEP][PASSED] - try: null

2020-04-07 08:14:09 - [TEST_STEP][PASSED] - if (selenium.isElementPresent("id=consent-checkbox-0")): null

2020-04-07 08:14:11 - [TEST_STEP][PASSED] - break: null

2020-04-07 08:14:11 - [TEST_STEP][PASSED] - callTestCase(findTestCase("AHI/_include/get_screenshot"), [:], STOP_ON_FAILURE): Call Test Case 'Test Cases/AHI/_include/get_screenshot' successfully

2020-04-07 08:14:11 - [TEST_CASE][PASSED] - Test Cases/AHI/_include/get_screenshot: Test Cases/AHI/_include/get_screenshot

2020-04-07 08:14:11 - [TEST_STEP][PASSED] - Thread.sleep(1000): null

2020-04-07 08:14:12 - [TEST_STEP][PASSED] - takeScreenshot(screenPath + i + ".png"): Taking screenshot successfully

2020-04-07 08:14:12 - [MESSAGE][PASSED] - Taking screenshot successfully
[[ATTACHMENT|D:\\Test\\AgileTest\\Reports\\AHI\\ahi\\20200407_080032\\../Screenshots/iPhone 6/AHI/Cancer Insurance/20200407_081251/8.png]]

2020-04-07 08:14:12 - [TEST_STEP][PASSED] - (internal.GlobalVariable.i++): null

2020-04-07 08:14:12 - [MESSAGE][PASSED] - Call Test Case 'Test Cases/AHI/_include/get_screenshot' successfully

2020-04-07 08:14:12 - [TEST_STEP][PASSED] - selenium.click("id=consent-checkbox-0"): null

2020-04-07 08:14:12 - [TEST_STEP][PASSED] - selenium.click("id=js-signature-tab"): null

2020-04-07 08:14:13 - [TEST_STEP][PASSED] - selenium.click("id=js-app-continue-link"): null

2020-04-07 08:14:13 - [TEST_STEP][PASSED] - for ([second = 0, second < 30, (second++)]): null

2020-04-07 08:14:13 - [TEST_STEP][PASSED] - try: null

2020-04-07 08:14:13 - [TEST_STEP][PASSED] - if (selenium.isElementPresent("xpath=//h2[contains(text(),'Thank You')]")): null

2020-04-07 08:14:13 - [TEST_STEP][PASSED] - Thread.sleep(1000): null

2020-04-07 08:14:14 - [TEST_STEP][PASSED] - try: null

2020-04-07 08:14:14 - [TEST_STEP][PASSED] - if (selenium.isElementPresent("xpath=//h2[contains(text(),'Thank You')]")): null

2020-04-07 08:14:14 - [TEST_STEP][PASSED] - Thread.sleep(1000): null

2020-04-07 08:14:15 - [TEST_STEP][PASSED] - try: null

2020-04-07 08:14:15 - [TEST_STEP][PASSED] - if (selenium.isElementPresent("xpath=//h2[contains(text(),'Thank You')]")): null

2020-04-07 08:14:15 - [TEST_STEP][PASSED] - Thread.sleep(1000): null

2020-04-07 08:14:16 - [TEST_STEP][PASSED] - try: null

2020-04-07 08:14:16 - [TEST_STEP][PASSED] - if (selenium.isElementPresent("xpath=//h2[contains(text(),'Thank You')]")): null

2020-04-07 08:14:16 - [TEST_STEP][PASSED] - Thread.sleep(1000): null

2020-04-07 08:14:17 - [TEST_STEP][PASSED] - try: null

2020-04-07 08:14:17 - [TEST_STEP][PASSED] - if (selenium.isElementPresent("xpath=//h2[contains(text(),'Thank You')]")): null

2020-04-07 08:14:17 - [TEST_STEP][PASSED] - Thread.sleep(1000): null

2020-04-07 08:14:18 - [TEST_STEP][PASSED] - try: null

2020-04-07 08:14:18 - [TEST_STEP][PASSED] - if (selenium.isElementPresent("xpath=//h2[contains(text(),'Thank You')]")): null

2020-04-07 08:14:18 - [TEST_STEP][PASSED] - Thread.sleep(1000): null

2020-04-07 08:14:19 - [TEST_STEP][PASSED] - try: null

2020-04-07 08:14:19 - [TEST_STEP][PASSED] - if (selenium.isElementPresent("xpath=//h2[contains(text(),'Thank You')]")): null

2020-04-07 08:14:19 - [TEST_STEP][PASSED] - Thread.sleep(1000): null

2020-04-07 08:14:20 - [TEST_STEP][PASSED] - try: null

2020-04-07 08:14:20 - [TEST_STEP][PASSED] - if (selenium.isElementPresent("xpath=//h2[contains(text(),'Thank You')]")): null

2020-04-07 08:14:20 - [TEST_STEP][PASSED] - Thread.sleep(1000): null

2020-04-07 08:14:21 - [TEST_STEP][PASSED] - try: null

2020-04-07 08:14:21 - [TEST_STEP][PASSED] - if (selenium.isElementPresent("xpath=//h2[contains(text(),'Thank You')]")): null

2020-04-07 08:14:21 - [TEST_STEP][PASSED] - Thread.sleep(1000): null

2020-04-07 08:14:23 - [TEST_STEP][PASSED] - try: null

2020-04-07 08:14:23 - [TEST_STEP][PASSED] - if (selenium.isElementPresent("xpath=//h2[contains(text(),'Thank You')]")): null

2020-04-07 08:14:23 - [TEST_STEP][PASSED] - Thread.sleep(1000): null

2020-04-07 08:14:24 - [TEST_STEP][PASSED] - try: null

2020-04-07 08:14:24 - [TEST_STEP][PASSED] - if (selenium.isElementPresent("xpath=//h2[contains(text(),'Thank You')]")): null

2020-04-07 08:14:24 - [TEST_STEP][PASSED] - Thread.sleep(1000): null

2020-04-07 08:14:25 - [TEST_STEP][PASSED] - try: null

2020-04-07 08:14:25 - [TEST_STEP][PASSED] - if (selenium.isElementPresent("xpath=//h2[contains(text(),'Thank You')]")): null

2020-04-07 08:14:25 - [TEST_STEP][PASSED] - Thread.sleep(1000): null

2020-04-07 08:14:26 - [TEST_STEP][PASSED] - try: null

2020-04-07 08:14:26 - [TEST_STEP][PASSED] - if (selenium.isElementPresent("xpath=//h2[contains(text(),'Thank You')]")): null

2020-04-07 08:14:26 - [TEST_STEP][PASSED] - Thread.sleep(1000): null

2020-04-07 08:14:27 - [TEST_STEP][PASSED] - try: null

2020-04-07 08:14:27 - [TEST_STEP][PASSED] - if (selenium.isElementPresent("xpath=//h2[contains(text(),'Thank You')]")): null

2020-04-07 08:14:27 - [TEST_STEP][PASSED] - Thread.sleep(1000): null

2020-04-07 08:14:28 - [TEST_STEP][PASSED] - try: null

2020-04-07 08:14:28 - [TEST_STEP][PASSED] - if (selenium.isElementPresent("xpath=//h2[contains(text(),'Thank You')]")): null

2020-04-07 08:14:28 - [TEST_STEP][PASSED] - Thread.sleep(1000): null

2020-04-07 08:14:29 - [TEST_STEP][PASSED] - try: null

2020-04-07 08:14:29 - [TEST_STEP][PASSED] - if (selenium.isElementPresent("xpath=//h2[contains(text(),'Thank You')]")): null

2020-04-07 08:14:29 - [TEST_STEP][PASSED] - Thread.sleep(1000): null

2020-04-07 08:14:30 - [TEST_STEP][PASSED] - try: null

2020-04-07 08:14:30 - [TEST_STEP][PASSED] - if (selenium.isElementPresent("xpath=//h2[contains(text(),'Thank You')]")): null

2020-04-07 08:14:30 - [TEST_STEP][PASSED] - Thread.sleep(1000): null

2020-04-07 08:14:31 - [TEST_STEP][PASSED] - try: null

2020-04-07 08:14:31 - [TEST_STEP][PASSED] - if (selenium.isElementPresent("xpath=//h2[contains(text(),'Thank You')]")): null

2020-04-07 08:14:31 - [TEST_STEP][PASSED] - Thread.sleep(1000): null

2020-04-07 08:14:32 - [TEST_STEP][PASSED] - try: null

2020-04-07 08:14:32 - [TEST_STEP][PASSED] - if (selenium.isElementPresent("xpath=//h2[contains(text(),'Thank You')]")): null

2020-04-07 08:14:32 - [TEST_STEP][PASSED] - Thread.sleep(1000): null

2020-04-07 08:14:33 - [TEST_STEP][PASSED] - try: null

2020-04-07 08:14:33 - [TEST_STEP][PASSED] - if (selenium.isElementPresent("xpath=//h2[contains(text(),'Thank You')]")): null

2020-04-07 08:14:33 - [TEST_STEP][PASSED] - Thread.sleep(1000): null

2020-04-07 08:14:34 - [TEST_STEP][PASSED] - try: null

2020-04-07 08:14:34 - [TEST_STEP][PASSED] - if (selenium.isElementPresent("xpath=//h2[contains(text(),'Thank You')]")): null

2020-04-07 08:14:34 - [TEST_STEP][PASSED] - Thread.sleep(1000): null

2020-04-07 08:14:35 - [TEST_STEP][PASSED] - try: null

2020-04-07 08:14:35 - [TEST_STEP][PASSED] - if (selenium.isElementPresent("xpath=//h2[contains(text(),'Thank You')]")): null

2020-04-07 08:14:35 - [TEST_STEP][PASSED] - Thread.sleep(1000): null

2020-04-07 08:14:36 - [TEST_STEP][PASSED] - try: null

2020-04-07 08:14:36 - [TEST_STEP][PASSED] - if (selenium.isElementPresent("xpath=//h2[contains(text(),'Thank You')]")): null

2020-04-07 08:14:36 - [TEST_STEP][PASSED] - Thread.sleep(1000): null

2020-04-07 08:14:37 - [TEST_STEP][PASSED] - try: null

2020-04-07 08:14:37 - [TEST_STEP][PASSED] - if (selenium.isElementPresent("xpath=//h2[contains(text(),'Thank You')]")): null

2020-04-07 08:14:37 - [TEST_STEP][PASSED] - Thread.sleep(1000): null

2020-04-07 08:14:38 - [TEST_STEP][PASSED] - try: null

2020-04-07 08:14:38 - [TEST_STEP][PASSED] - if (selenium.isElementPresent("xpath=//h2[contains(text(),'Thank You')]")): null

2020-04-07 08:14:38 - [TEST_STEP][PASSED] - Thread.sleep(1000): null

2020-04-07 08:14:39 - [TEST_STEP][PASSED] - try: null

2020-04-07 08:14:39 - [TEST_STEP][PASSED] - if (selenium.isElementPresent("xpath=//h2[contains(text(),'Thank You')]")): null

2020-04-07 08:14:39 - [TEST_STEP][PASSED] - Thread.sleep(1000): null

2020-04-07 08:14:40 - [TEST_STEP][PASSED] - try: null

2020-04-07 08:14:40 - [TEST_STEP][PASSED] - if (selenium.isElementPresent("xpath=//h2[contains(text(),'Thank You')]")): null

2020-04-07 08:14:40 - [TEST_STEP][PASSED] - Thread.sleep(1000): null

2020-04-07 08:14:41 - [TEST_STEP][PASSED] - try: null

2020-04-07 08:14:41 - [TEST_STEP][PASSED] - if (selenium.isElementPresent("xpath=//h2[contains(text(),'Thank You')]")): null

2020-04-07 08:14:41 - [TEST_STEP][PASSED] - Thread.sleep(1000): null

2020-04-07 08:14:42 - [TEST_STEP][PASSED] - try: null

2020-04-07 08:14:42 - [TEST_STEP][PASSED] - if (selenium.isElementPresent("xpath=//h2[contains(text(),'Thank You')]")): null

2020-04-07 08:14:42 - [TEST_STEP][PASSED] - Thread.sleep(1000): null

2020-04-07 08:14:43 - [TEST_STEP][PASSED] - try: null

2020-04-07 08:14:43 - [TEST_STEP][PASSED] - if (selenium.isElementPresent("xpath=//h2[contains(text(),'Thank You')]")): null

2020-04-07 08:14:43 - [TEST_STEP][PASSED] - Thread.sleep(1000): null

2020-04-07 08:14:44 - [TEST_STEP][PASSED] - callTestCase(findTestCase("AHI/_include/get_screenshot"), [:], STOP_ON_FAILURE): Call Test Case 'Test Cases/AHI/_include/get_screenshot' successfully

2020-04-07 08:14:44 - [TEST_CASE][PASSED] - Test Cases/AHI/_include/get_screenshot: Test Cases/AHI/_include/get_screenshot

2020-04-07 08:14:44 - [TEST_STEP][PASSED] - Thread.sleep(1000): null

2020-04-07 08:14:45 - [TEST_STEP][PASSED] - takeScreenshot(screenPath + i + ".png"): Taking screenshot successfully

2020-04-07 08:14:46 - [MESSAGE][PASSED] - Taking screenshot successfully
[[ATTACHMENT|D:\\Test\\AgileTest\\Reports\\AHI\\ahi\\20200407_080032\\../Screenshots/iPhone 6/AHI/Cancer Insurance/20200407_081251/9.png]]

2020-04-07 08:14:46 - [TEST_STEP][PASSED] - (internal.GlobalVariable.i++): null

2020-04-07 08:14:46 - [MESSAGE][PASSED] - Call Test Case 'Test Cases/AHI/_include/get_screenshot' successfully]]></system-out>
         <system-err><![CDATA[]]></system-err>
      </testcase>
      <testcase name="Test Cases/AHI/NEW/Dental/National General" classname="Test Cases/AHI/NEW/Dental/National General" status="PASSED">
         <system-out><![CDATA[2020-04-07 08:14:46 - [TEST_CASE][PASSED] - Test Cases/AHI/NEW/Dental/National General: Test Cases/AHI/NEW/Dental/National General

2020-04-07 08:14:46 - [TEST_STEP][PASSED] - callTestCase(findTestCase("AHI/_include/get_screenPath"), ["productLine":"AHI", "carrierName":"Dental - National General"], CONTINUE_ON_FAILURE): Call Test Case 'Test Cases/AHI/_include/get_screenPath' successfully

2020-04-07 08:14:46 - [TEST_CASE][PASSED] - Test Cases/AHI/_include/get_screenPath: Test Cases/AHI/_include/get_screenPath

2020-04-07 08:14:46 - [TEST_STEP][PASSED] - m = getExecutionProperties(): null

2020-04-07 08:14:46 - [TEST_STEP][PASSED] - deviceName = get("mobileEmulation").get("deviceName"): null

2020-04-07 08:14:46 - [TEST_STEP][PASSED] - println(deviceName): null

2020-04-07 08:14:46 - [TEST_STEP][PASSED] - now = new java.util.Date(): null

2020-04-07 08:14:46 - [TEST_STEP][PASSED] - mydate = now.format("yyyyMMdd_HHmmss"): null

2020-04-07 08:14:46 - [TEST_STEP][PASSED] - screenPath = "../Screenshots/": null

2020-04-07 08:14:46 - [TEST_STEP][PASSED] - screenPath = screenPath + deviceName + "/" + productLine + "/" + carrierName + "/" + mydate + "/": null

2020-04-07 08:14:46 - [TEST_STEP][PASSED] - println(screenPath): null

2020-04-07 08:14:46 - [MESSAGE][PASSED] - Call Test Case 'Test Cases/AHI/_include/get_screenPath' successfully

2020-04-07 08:14:46 - [TEST_STEP][PASSED] - i = 0: null

2020-04-07 08:14:46 - [TEST_STEP][PASSED] - callTestCase(findTestCase("AHI/_include/openWebSite"), [:], STOP_ON_FAILURE): Call Test Case 'Test Cases/AHI/_include/openWebSite' successfully

2020-04-07 08:14:46 - [TEST_CASE][PASSED] - Test Cases/AHI/_include/openWebSite: Test Cases/AHI/_include/openWebSite

2020-04-07 08:14:46 - [TEST_STEP][PASSED] - openBrowser(env): Browser is opened with url: 'https://praetemptatus.agilehealthinsurance.com'

2020-04-07 08:14:46 - [MESSAGE][WARNING] - A browser is already opened. Closing browser and opening a new one

2020-04-07 08:14:47 - [MESSAGE][INFO] - Starting 'Chrome' driver

2020-04-07 08:14:47 - [MESSAGE][INFO] - User set preference: ['mobileEmulation', '{deviceName=iPhone 6}']

2020-04-07 08:14:47 - [MESSAGE][INFO] - User set preference: ['args', '[--incognito, --aggressive-cache-discard, --window-size=375,677, --no-sandbox, --ignore-certificate-errors]']

2020-04-07 08:14:51 - [MESSAGE][PASSED] - Browser is opened with url: 'https://praetemptatus.agilehealthinsurance.com'

2020-04-07 08:14:51 - [TEST_STEP][PASSED] - waitForPageLoad(20): Wait for page load successfully

2020-04-07 08:14:51 - [MESSAGE][PASSED] - Wait for page load successfully

2020-04-07 08:14:51 - [TEST_STEP][PASSED] - callTestCase(findTestCase("AHI/_include/get_screenshot"), [:], STOP_ON_FAILURE): Call Test Case 'Test Cases/AHI/_include/get_screenshot' successfully

2020-04-07 08:14:51 - [TEST_CASE][PASSED] - Test Cases/AHI/_include/get_screenshot: Test Cases/AHI/_include/get_screenshot

2020-04-07 08:14:51 - [TEST_STEP][PASSED] - Thread.sleep(1000): null

2020-04-07 08:14:52 - [TEST_STEP][PASSED] - takeScreenshot(screenPath + i + ".png"): Taking screenshot successfully

2020-04-07 08:14:54 - [MESSAGE][PASSED] - Taking screenshot successfully
[[ATTACHMENT|D:\\Test\\AgileTest\\Reports\\AHI\\ahi\\20200407_080032\\../Screenshots/iPhone 6/AHI/Dental - National General/20200407_081446/0.png]]

2020-04-07 08:14:54 - [TEST_STEP][PASSED] - (internal.GlobalVariable.i++): null

2020-04-07 08:14:54 - [MESSAGE][PASSED] - Call Test Case 'Test Cases/AHI/_include/get_screenshot' successfully

2020-04-07 08:14:54 - [MESSAGE][PASSED] - Call Test Case 'Test Cases/AHI/_include/openWebSite' successfully

2020-04-07 08:14:54 - [TEST_STEP][PASSED] - driver = getWebDriver(): null

2020-04-07 08:14:54 - [TEST_STEP][PASSED] - baseUrl = ENV: null

2020-04-07 08:14:54 - [TEST_STEP][PASSED] - selenium = new com.thoughtworks.selenium.webdriven.WebDriverBackedSelenium(driver, baseUrl): null

2020-04-07 08:14:54 - [TEST_STEP][PASSED] - selenium.click("//*[@class='filter-option-inner-inner']"): null

2020-04-07 08:14:54 - [TEST_STEP][PASSED] - selenium.click("id=bs-select-1-2"): null

2020-04-07 08:14:54 - [TEST_STEP][PASSED] - selenium.click("id=primaryCTA"): null

2020-04-07 08:14:55 - [TEST_STEP][PASSED] - for ([second = 0, second < 20, (second++)]): null

2020-04-07 08:14:55 - [TEST_STEP][PASSED] - try: null

2020-04-07 08:14:55 - [TEST_STEP][PASSED] - if (selenium.isElementPresent("id=zip-input")): null

2020-04-07 08:14:57 - [TEST_STEP][PASSED] - break: null

2020-04-07 08:14:57 - [TEST_STEP][PASSED] - callTestCase(findTestCase("AHI/_include/get_screenshot"), [:], STOP_ON_FAILURE): Call Test Case 'Test Cases/AHI/_include/get_screenshot' successfully

2020-04-07 08:14:57 - [TEST_CASE][PASSED] - Test Cases/AHI/_include/get_screenshot: Test Cases/AHI/_include/get_screenshot

2020-04-07 08:14:57 - [TEST_STEP][PASSED] - Thread.sleep(1000): null

2020-04-07 08:14:58 - [TEST_STEP][PASSED] - takeScreenshot(screenPath + i + ".png"): Taking screenshot successfully

2020-04-07 08:14:58 - [MESSAGE][PASSED] - Taking screenshot successfully
[[ATTACHMENT|D:\\Test\\AgileTest\\Reports\\AHI\\ahi\\20200407_080032\\../Screenshots/iPhone 6/AHI/Dental - National General/20200407_081446/1.png]]

2020-04-07 08:14:58 - [TEST_STEP][PASSED] - (internal.GlobalVariable.i++): null

2020-04-07 08:14:58 - [MESSAGE][PASSED] - Call Test Case 'Test Cases/AHI/_include/get_screenshot' successfully

2020-04-07 08:14:58 - [TEST_STEP][PASSED] - setText(findTestObject("mobileSanity/Dental/census/input_Location_zip-input"), "35215"): Text '35215' is set on object 'Object Repository/mobileSanity/Dental/census/input_Location_zip-input'

2020-04-07 08:14:58 - [MESSAGE][PASSED] - Text '35215' is set on object 'Object Repository/mobileSanity/Dental/census/input_Location_zip-input'

2020-04-07 08:14:58 - [TEST_STEP][PASSED] - setText(findTestObject("mobileSanity/Dental/census/input_Date of Birth_dob-0"), "12121980"): Text '12121980' is set on object 'Object Repository/mobileSanity/Dental/census/input_Date of Birth_dob-0'

2020-04-07 08:14:58 - [MESSAGE][PASSED] - Text '12121980' is set on object 'Object Repository/mobileSanity/Dental/census/input_Date of Birth_dob-0'

2020-04-07 08:14:59 - [TEST_STEP][PASSED] - click(findTestObject("mobileSanity/Dental/census/label_Male")): Object: 'Object Repository/mobileSanity/Dental/census/label_Male' is clicked on

2020-04-07 08:14:59 - [MESSAGE][PASSED] - Object: 'Object Repository/mobileSanity/Dental/census/label_Male' is clicked on

2020-04-07 08:14:59 - [TEST_STEP][PASSED] - selenium.click("id=js-see-plans"): null

2020-04-07 08:14:59 - [TEST_STEP][PASSED] - for ([second = 0, second < 20, (second++)]): null

2020-04-07 08:14:59 - [TEST_STEP][PASSED] - try: null

2020-04-07 08:14:59 - [TEST_STEP][PASSED] - if (selenium.isElementPresent("id=js-quote-header")): null

2020-04-07 08:15:01 - [TEST_STEP][PASSED] - break: null

2020-04-07 08:15:01 - [TEST_STEP][PASSED] - callTestCase(findTestCase("AHI/_include/get_screenshot"), [:], STOP_ON_FAILURE): Call Test Case 'Test Cases/AHI/_include/get_screenshot' successfully

2020-04-07 08:15:01 - [TEST_CASE][PASSED] - Test Cases/AHI/_include/get_screenshot: Test Cases/AHI/_include/get_screenshot

2020-04-07 08:15:01 - [TEST_STEP][PASSED] - Thread.sleep(1000): null

2020-04-07 08:15:02 - [TEST_STEP][PASSED] - takeScreenshot(screenPath + i + ".png"): Taking screenshot successfully

2020-04-07 08:15:02 - [MESSAGE][PASSED] - Taking screenshot successfully
[[ATTACHMENT|D:\\Test\\AgileTest\\Reports\\AHI\\ahi\\20200407_080032\\../Screenshots/iPhone 6/AHI/Dental - National General/20200407_081446/2.png]]

2020-04-07 08:15:02 - [TEST_STEP][PASSED] - (internal.GlobalVariable.i++): null

2020-04-07 08:15:02 - [MESSAGE][PASSED] - Call Test Case 'Test Cases/AHI/_include/get_screenshot' successfully

2020-04-07 08:15:02 - [TEST_STEP][PASSED] - click(findTestObject("mobileSanity/Dental/filter/btn_filter")): Object: 'Object Repository/mobileSanity/Dental/filter/btn_filter' is clicked on

2020-04-07 08:15:02 - [MESSAGE][PASSED] - Object: 'Object Repository/mobileSanity/Dental/filter/btn_filter' is clicked on

2020-04-07 08:15:02 - [TEST_STEP][PASSED] - waitForElementVisible(findTestObject("mobileSanity/Dental/filter/btn_company"), 10): Object 'Object Repository/mobileSanity/Dental/filter/btn_company' is visible

2020-04-07 08:15:02 - [MESSAGE][PASSED] - Object 'Object Repository/mobileSanity/Dental/filter/btn_company' is visible

2020-04-07 08:15:02 - [TEST_STEP][PASSED] - click(findTestObject("mobileSanity/Dental/filter/btn_company")): Object: 'Object Repository/mobileSanity/Dental/filter/btn_company' is clicked on

2020-04-07 08:15:02 - [MESSAGE][PASSED] - Object: 'Object Repository/mobileSanity/Dental/filter/btn_company' is clicked on

2020-04-07 08:15:02 - [TEST_STEP][PASSED] - Thread.sleep(2000): null

2020-04-07 08:15:04 - [TEST_STEP][PASSED] - click(findTestObject("mobileSanity/Dental/filter/btn_ng")): Object: 'Object Repository/mobileSanity/Dental/filter/btn_ng' is clicked on

2020-04-07 08:15:05 - [MESSAGE][PASSED] - Object: 'Object Repository/mobileSanity/Dental/filter/btn_ng' is clicked on

2020-04-07 08:15:05 - [TEST_STEP][PASSED] - waitForJQueryLoad(20, STOP_ON_FAILURE): jQuery is ready.

2020-04-07 08:15:05 - [MESSAGE][PASSED] - jQuery is ready.

2020-04-07 08:15:05 - [TEST_STEP][PASSED] - callTestCase(findTestCase("AHI/_include/get_screenshot"), [:], STOP_ON_FAILURE): Call Test Case 'Test Cases/AHI/_include/get_screenshot' successfully

2020-04-07 08:15:05 - [TEST_CASE][PASSED] - Test Cases/AHI/_include/get_screenshot: Test Cases/AHI/_include/get_screenshot

2020-04-07 08:15:05 - [TEST_STEP][PASSED] - Thread.sleep(1000): null

2020-04-07 08:15:06 - [TEST_STEP][PASSED] - takeScreenshot(screenPath + i + ".png"): Taking screenshot successfully

2020-04-07 08:15:07 - [MESSAGE][PASSED] - Taking screenshot successfully
[[ATTACHMENT|D:\\Test\\AgileTest\\Reports\\AHI\\ahi\\20200407_080032\\../Screenshots/iPhone 6/AHI/Dental - National General/20200407_081446/3.png]]

2020-04-07 08:15:07 - [TEST_STEP][PASSED] - (internal.GlobalVariable.i++): null

2020-04-07 08:15:07 - [MESSAGE][PASSED] - Call Test Case 'Test Cases/AHI/_include/get_screenshot' successfully

2020-04-07 08:15:07 - [TEST_STEP][PASSED] - click(findTestObject("mobileSanity/Dental/filter/btn_filter")): Object: 'Object Repository/mobileSanity/Dental/filter/btn_filter' is clicked on

2020-04-07 08:15:07 - [MESSAGE][PASSED] - Object: 'Object Repository/mobileSanity/Dental/filter/btn_filter' is clicked on

2020-04-07 08:15:07 - [TEST_STEP][PASSED] - Thread.sleep(2000): null

2020-04-07 08:15:09 - [TEST_STEP][PASSED] - scrollToPosition(0, 600): Browser is scrolled to position x = 0, y = 600

2020-04-07 08:15:09 - [MESSAGE][PASSED] - Browser is scrolled to position x = 0, y = 600

2020-04-07 08:15:09 - [TEST_STEP][PASSED] - Thread.sleep(2000): null

2020-04-07 08:15:11 - [TEST_STEP][PASSED] - click(findTestObject("mobileSanity/Dental/quote/a_Select This Plan")): Object: 'Object Repository/mobileSanity/Dental/quote/a_Select This Plan' is clicked on

2020-04-07 08:15:12 - [MESSAGE][PASSED] - Object: 'Object Repository/mobileSanity/Dental/quote/a_Select This Plan' is clicked on

2020-04-07 08:15:12 - [TEST_STEP][PASSED] - waitForPageLoad(10): Wait for page load successfully

2020-04-07 08:15:12 - [MESSAGE][PASSED] - Wait for page load successfully

2020-04-07 08:15:12 - [TEST_STEP][PASSED] - callTestCase(findTestCase("AHI/_include/get_screenshot"), [:], STOP_ON_FAILURE): Call Test Case 'Test Cases/AHI/_include/get_screenshot' successfully

2020-04-07 08:15:12 - [TEST_CASE][PASSED] - Test Cases/AHI/_include/get_screenshot: Test Cases/AHI/_include/get_screenshot

2020-04-07 08:15:12 - [TEST_STEP][PASSED] - Thread.sleep(1000): null

2020-04-07 08:15:13 - [TEST_STEP][PASSED] - takeScreenshot(screenPath + i + ".png"): Taking screenshot successfully

2020-04-07 08:15:13 - [MESSAGE][PASSED] - Taking screenshot successfully
[[ATTACHMENT|D:\\Test\\AgileTest\\Reports\\AHI\\ahi\\20200407_080032\\../Screenshots/iPhone 6/AHI/Dental - National General/20200407_081446/4.png]]

2020-04-07 08:15:13 - [TEST_STEP][PASSED] - (internal.GlobalVariable.i++): null

2020-04-07 08:15:13 - [MESSAGE][PASSED] - Call Test Case 'Test Cases/AHI/_include/get_screenshot' successfully

2020-04-07 08:15:13 - [TEST_STEP][PASSED] - Thread.sleep(3000): null

2020-04-07 08:15:16 - [TEST_STEP][PASSED] - click(findTestObject("mobileSanity/Dental/apply/span_Start Secure Application")): Object: 'Object Repository/mobileSanity/Dental/apply/span_Start Secure Application' is clicked on

2020-04-07 08:15:17 - [MESSAGE][PASSED] - Object: 'Object Repository/mobileSanity/Dental/apply/span_Start Secure Application' is clicked on

2020-04-07 08:15:17 - [TEST_STEP][PASSED] - for ([second = 0, second < 20, (second++)]): null

2020-04-07 08:15:17 - [TEST_STEP][PASSED] - try: null

2020-04-07 08:15:17 - [TEST_STEP][PASSED] - if (selenium.isElementPresent("id=member-P-1-firstName")): null

2020-04-07 08:15:18 - [TEST_STEP][PASSED] - break: null

2020-04-07 08:15:18 - [TEST_STEP][PASSED] - callTestCase(findTestCase("AHI/_include/get_screenshot"), [:], STOP_ON_FAILURE): Call Test Case 'Test Cases/AHI/_include/get_screenshot' successfully

2020-04-07 08:15:18 - [TEST_CASE][PASSED] - Test Cases/AHI/_include/get_screenshot: Test Cases/AHI/_include/get_screenshot

2020-04-07 08:15:18 - [TEST_STEP][PASSED] - Thread.sleep(1000): null

2020-04-07 08:15:19 - [TEST_STEP][PASSED] - takeScreenshot(screenPath + i + ".png"): Taking screenshot successfully

2020-04-07 08:15:19 - [MESSAGE][PASSED] - Taking screenshot successfully
[[ATTACHMENT|D:\\Test\\AgileTest\\Reports\\AHI\\ahi\\20200407_080032\\../Screenshots/iPhone 6/AHI/Dental - National General/20200407_081446/5.png]]

2020-04-07 08:15:19 - [TEST_STEP][PASSED] - (internal.GlobalVariable.i++): null

2020-04-07 08:15:19 - [MESSAGE][PASSED] - Call Test Case 'Test Cases/AHI/_include/get_screenshot' successfully

2020-04-07 08:15:19 - [TEST_STEP][PASSED] - callTestCase(findTestCase("AHI/_include/name"), [:], CONTINUE_ON_FAILURE): Call Test Case 'Test Cases/AHI/_include/name' successfully

2020-04-07 08:15:20 - [TEST_CASE][PASSED] - Test Cases/AHI/_include/name: Test Cases/AHI/_include/name

2020-04-07 08:15:20 - [TEST_STEP][PASSED] - driver = getWebDriver(): null

2020-04-07 08:15:20 - [TEST_STEP][PASSED] - selenium = new com.thoughtworks.selenium.webdriven.WebDriverBackedSelenium(driver, internal.GlobalVariable.ENV): null

2020-04-07 08:15:20 - [TEST_STEP][PASSED] - FirstName = "Test-123": null

2020-04-07 08:15:20 - [TEST_STEP][PASSED] - LastName = selenium.getEval("{var x="ABCDEFGHIJKLMNOPQRSTUVWXYZabcdefghijklmnopqrstuvwxyz"; var tmp="ZZ11-"; for (i=0;i<8;i++) tmp+=x.charAt(Math.ceil(51*Math.random()));tmp;}"): null

2020-04-07 08:15:20 - [TEST_STEP][PASSED] - Address = selenium.getEval("{var x="ABCDEFGHIJKLMNOPQRSTUVWXYZabcdefghijklmnopqrstuvwxyz"; var tmp=""; for (i=0;i<8;i++) tmp+=x.charAt(Math.ceil(51*Math.random()));tmp;}"): null

2020-04-07 08:15:20 - [TEST_STEP][PASSED] - City = selenium.getEval("{var x="ABCDEFGHIJKLMNOPQRSTUVWXYZabcdefghijklmnopqrstuvwxyz"; var tmp=""; for (i=0;i<8;i++) tmp+=x.charAt(Math.ceil(51*Math.random()));tmp;}"): null

2020-04-07 08:15:20 - [TEST_STEP][PASSED] - tel1 = selenium.getEval("{var x="123456789"; var tmp=""; for (i=0;i<3;i++) tmp+=x.charAt(Math.ceil(8*Math.random()));tmp;}"): null

2020-04-07 08:15:20 - [TEST_STEP][PASSED] - tel2 = selenium.getEval("{var x="123456789"; var tmp=""; for (i=0;i<3;i++) tmp+=x.charAt(Math.ceil(8*Math.random()));tmp;}"): null

2020-04-07 08:15:20 - [TEST_STEP][PASSED] - tel3 = selenium.getEval("{var x="123456789"; var tmp=""; for (i=0;i<4;i++) tmp+=x.charAt(Math.ceil(8*Math.random()));tmp;}"): null

2020-04-07 08:15:20 - [TEST_STEP][PASSED] - Tel = selenium.getExpression(tel1 + "-" + tel2 + "-" + tel3): null

2020-04-07 08:15:20 - [TEST_STEP][PASSED] - AutoEmail = selenium.getEval("{var x="ABCDEFGHIJKLMNOPQRSTUVWXYZabcdefghijklmnopqrstuvwxyz"; var tmp="test."; for (i=0;i<8;i++) tmp+=x.charAt(Math.ceil(51*Math.random()));tmp+="@suryani.cn";}"): null

2020-04-07 08:15:20 - [TEST_STEP][PASSED] - FirstName = FirstName: null

2020-04-07 08:15:20 - [TEST_STEP][PASSED] - LastName = LastName: null

2020-04-07 08:15:20 - [TEST_STEP][PASSED] - Address = Address: null

2020-04-07 08:15:20 - [TEST_STEP][PASSED] - City = City: null

2020-04-07 08:15:20 - [TEST_STEP][PASSED] - Tel = Tel: null

2020-04-07 08:15:20 - [TEST_STEP][PASSED] - AutoEmail = AutoEmail: null

2020-04-07 08:15:20 - [TEST_STEP][PASSED] - println(FirstName): null

2020-04-07 08:15:20 - [TEST_STEP][PASSED] - println(LastName): null

2020-04-07 08:15:20 - [TEST_STEP][PASSED] - println(Address): null

2020-04-07 08:15:20 - [TEST_STEP][PASSED] - println(City): null

2020-04-07 08:15:20 - [TEST_STEP][PASSED] - println(Tel): null

2020-04-07 08:15:20 - [TEST_STEP][PASSED] - println(AutoEmail): null

2020-04-07 08:15:20 - [MESSAGE][PASSED] - Call Test Case 'Test Cases/AHI/_include/name' successfully

2020-04-07 08:15:20 - [TEST_STEP][PASSED] - Thread.sleep(3000): null

2020-04-07 08:15:23 - [TEST_STEP][PASSED] - setText(findTestObject("mobileSanity/Dental/app_page1/input__member-P-1-firstName"), FirstName): Text 'Test-123' is set on object 'Object Repository/mobileSanity/Dental/app_page1/input__member-P-1-firstName'

2020-04-07 08:15:23 - [MESSAGE][PASSED] - Text 'Test-123' is set on object 'Object Repository/mobileSanity/Dental/app_page1/input__member-P-1-firstName'

2020-04-07 08:15:23 - [TEST_STEP][PASSED] - setText(findTestObject("mobileSanity/Dental/app_page1/input__member-P-1-lastName"), LastName): Text 'ZZ11-qspxXmCq' is set on object 'Object Repository/mobileSanity/Dental/app_page1/input__member-P-1-lastName'

2020-04-07 08:15:24 - [MESSAGE][PASSED] - Text 'ZZ11-qspxXmCq' is set on object 'Object Repository/mobileSanity/Dental/app_page1/input__member-P-1-lastName'

2020-04-07 08:15:24 - [TEST_STEP][PASSED] - setText(findTestObject("mobileSanity/Dental/app_page1/input__address"), Address): Text 'fgyfKpWt' is set on object 'Object Repository/mobileSanity/Dental/app_page1/input__address'

2020-04-07 08:15:24 - [MESSAGE][PASSED] - Text 'fgyfKpWt' is set on object 'Object Repository/mobileSanity/Dental/app_page1/input__address'

2020-04-07 08:15:24 - [TEST_STEP][PASSED] - setText(findTestObject("mobileSanity/Dental/app_page1/input__city"), City): Text 'hobSIJxZ' is set on object 'Object Repository/mobileSanity/Dental/app_page1/input__city'

2020-04-07 08:15:24 - [MESSAGE][PASSED] - Text 'hobSIJxZ' is set on object 'Object Repository/mobileSanity/Dental/app_page1/input__city'

2020-04-07 08:15:24 - [TEST_STEP][PASSED] - setText(findTestObject("mobileSanity/Dental/app_page1/input__email"), AutoEmail): Text 'test.uXolxrWw@suryani.cn' is set on object 'Object Repository/mobileSanity/Dental/app_page1/input__email'

2020-04-07 08:15:25 - [MESSAGE][PASSED] - Text 'test.uXolxrWw@suryani.cn' is set on object 'Object Repository/mobileSanity/Dental/app_page1/input__email'

2020-04-07 08:15:25 - [TEST_STEP][PASSED] - setText(findTestObject("mobileSanity/Dental/app_page1/input_phone"), Tel): Text '392-286-8322' is set on object 'Object Repository/mobileSanity/Dental/app_page1/input_phone'

2020-04-07 08:15:25 - [MESSAGE][PASSED] - Text '392-286-8322' is set on object 'Object Repository/mobileSanity/Dental/app_page1/input_phone'

2020-04-07 08:15:25 - [TEST_STEP][PASSED] - click(findTestObject("mobileSanity/Dental/app_page1/a_Continue to Step 2 - Payment")): Object: 'Object Repository/mobileSanity/Dental/app_page1/a_Continue to Step 2 - Payment' is clicked on

2020-04-07 08:15:25 - [MESSAGE][PASSED] - Object: 'Object Repository/mobileSanity/Dental/app_page1/a_Continue to Step 2 - Payment' is clicked on

2020-04-07 08:15:25 - [TEST_STEP][PASSED] - for ([second = 0, second < 20, (second++)]): null

2020-04-07 08:15:25 - [TEST_STEP][PASSED] - try: null

2020-04-07 08:15:25 - [TEST_STEP][PASSED] - if (selenium.isElementPresent("id=credit-card-number")): null

2020-04-07 08:15:25 - [TEST_STEP][PASSED] - Thread.sleep(1000): null

2020-04-07 08:15:26 - [TEST_STEP][PASSED] - try: null

2020-04-07 08:15:26 - [TEST_STEP][PASSED] - if (selenium.isElementPresent("id=credit-card-number")): null

2020-04-07 08:15:26 - [TEST_STEP][PASSED] - break: null

2020-04-07 08:15:26 - [TEST_STEP][PASSED] - callTestCase(findTestCase("AHI/_include/get_screenshot"), [:], STOP_ON_FAILURE): Call Test Case 'Test Cases/AHI/_include/get_screenshot' successfully

2020-04-07 08:15:26 - [TEST_CASE][PASSED] - Test Cases/AHI/_include/get_screenshot: Test Cases/AHI/_include/get_screenshot

2020-04-07 08:15:26 - [TEST_STEP][PASSED] - Thread.sleep(1000): null

2020-04-07 08:15:27 - [TEST_STEP][PASSED] - takeScreenshot(screenPath + i + ".png"): Taking screenshot successfully

2020-04-07 08:15:28 - [MESSAGE][PASSED] - Taking screenshot successfully
[[ATTACHMENT|D:\\Test\\AgileTest\\Reports\\AHI\\ahi\\20200407_080032\\../Screenshots/iPhone 6/AHI/Dental - National General/20200407_081446/6.png]]

2020-04-07 08:15:28 - [TEST_STEP][PASSED] - (internal.GlobalVariable.i++): null

2020-04-07 08:15:28 - [MESSAGE][PASSED] - Call Test Case 'Test Cases/AHI/_include/get_screenshot' successfully

2020-04-07 08:15:28 - [TEST_STEP][PASSED] - setText(findTestObject("mobileSanity/Dental/app_page2/input__credit-card-first"), FirstName): Text 'Test-123' is set on object 'Object Repository/mobileSanity/Dental/app_page2/input__credit-card-first'

2020-04-07 08:15:28 - [MESSAGE][PASSED] - Text 'Test-123' is set on object 'Object Repository/mobileSanity/Dental/app_page2/input__credit-card-first'

2020-04-07 08:15:28 - [TEST_STEP][PASSED] - setText(findTestObject("mobileSanity/Dental/app_page2/input__credit-card-last"), LastName): Text 'ZZ11-qspxXmCq' is set on object 'Object Repository/mobileSanity/Dental/app_page2/input__credit-card-last'

2020-04-07 08:15:29 - [MESSAGE][PASSED] - Text 'ZZ11-qspxXmCq' is set on object 'Object Repository/mobileSanity/Dental/app_page2/input__credit-card-last'

2020-04-07 08:15:29 - [TEST_STEP][PASSED] - selectOptionByValue(findTestObject("mobileSanity/Dental/app_page2/select_MM010203040506070809101"), "12", true): All options with value '12' are selected in object 'Object Repository/mobileSanity/Dental/app_page2/select_MM010203040506070809101'  using regular expression

2020-04-07 08:15:29 - [MESSAGE][PASSED] - All options with value '12' are selected in object 'Object Repository/mobileSanity/Dental/app_page2/select_MM010203040506070809101'  using regular expression

2020-04-07 08:15:29 - [TEST_STEP][PASSED] - selectOptionByValue(findTestObject("mobileSanity/Dental/app_page2/select_YYYY2019202020212022202"), "2026", true): All options with value '2026' are selected in object 'Object Repository/mobileSanity/Dental/app_page2/select_YYYY2019202020212022202'  using regular expression

2020-04-07 08:15:30 - [MESSAGE][PASSED] - All options with value '2026' are selected in object 'Object Repository/mobileSanity/Dental/app_page2/select_YYYY2019202020212022202'  using regular expression

2020-04-07 08:15:30 - [TEST_STEP][PASSED] - setText(findTestObject("mobileSanity/Dental/app_page2/input__credit-card-number"), "4111111111111111"): Text '4111111111111111' is set on object 'Object Repository/mobileSanity/Dental/app_page2/input__credit-card-number'

2020-04-07 08:15:30 - [MESSAGE][PASSED] - Text '4111111111111111' is set on object 'Object Repository/mobileSanity/Dental/app_page2/input__credit-card-number'

2020-04-07 08:15:30 - [TEST_STEP][PASSED] - setText(findTestObject("mobileSanity/Dental/app_page2/input__cvv"), "123"): Text '123' is set on object 'Object Repository/mobileSanity/Dental/app_page2/input__cvv'

2020-04-07 08:15:30 - [MESSAGE][PASSED] - Text '123' is set on object 'Object Repository/mobileSanity/Dental/app_page2/input__cvv'

2020-04-07 08:15:30 - [TEST_STEP][PASSED] - click(findTestObject("mobileSanity/Dental/app_page2/label_My billing address is th")): Object: 'Object Repository/mobileSanity/Dental/app_page2/label_My billing address is th' is clicked on

2020-04-07 08:15:31 - [MESSAGE][PASSED] - Object: 'Object Repository/mobileSanity/Dental/app_page2/label_My billing address is th' is clicked on

2020-04-07 08:15:31 - [TEST_STEP][PASSED] - click(findTestObject("mobileSanity/Dental/app_page2/label_I Accept Authorization f")): Object: 'Object Repository/mobileSanity/Dental/app_page2/label_I Accept Authorization f' is clicked on

2020-04-07 08:15:31 - [MESSAGE][PASSED] - Object: 'Object Repository/mobileSanity/Dental/app_page2/label_I Accept Authorization f' is clicked on

2020-04-07 08:15:31 - [TEST_STEP][PASSED] - click(findTestObject("mobileSanity/Dental/app_page2/a_Continue to Step 3 - Review")): Object: 'Object Repository/mobileSanity/Dental/app_page2/a_Continue to Step 3 - Review' is clicked on

2020-04-07 08:15:31 - [MESSAGE][PASSED] - Object: 'Object Repository/mobileSanity/Dental/app_page2/a_Continue to Step 3 - Review' is clicked on

2020-04-07 08:15:31 - [TEST_STEP][PASSED] - for ([second = 0, second < 20, (second++)]): null

2020-04-07 08:15:31 - [TEST_STEP][PASSED] - try: null

2020-04-07 08:15:31 - [TEST_STEP][PASSED] - if (selenium.isElementPresent("id=consent-checkbox-0")): null

2020-04-07 08:15:31 - [TEST_STEP][PASSED] - Thread.sleep(1000): null

2020-04-07 08:15:32 - [TEST_STEP][PASSED] - try: null

2020-04-07 08:15:32 - [TEST_STEP][PASSED] - if (selenium.isElementPresent("id=consent-checkbox-0")): null

2020-04-07 08:15:32 - [TEST_STEP][PASSED] - break: null

2020-04-07 08:15:32 - [TEST_STEP][PASSED] - waitForElementClickable(findTestObject("mobileSanity/Dental/app_page3/label"), 20): Object 'Object Repository/mobileSanity/Dental/app_page3/label' is clickable

2020-04-07 08:15:32 - [MESSAGE][PASSED] - Object 'Object Repository/mobileSanity/Dental/app_page3/label' is clickable

2020-04-07 08:15:32 - [TEST_STEP][PASSED] - callTestCase(findTestCase("AHI/_include/get_screenshot"), [:], STOP_ON_FAILURE): Call Test Case 'Test Cases/AHI/_include/get_screenshot' successfully

2020-04-07 08:15:32 - [TEST_CASE][PASSED] - Test Cases/AHI/_include/get_screenshot: Test Cases/AHI/_include/get_screenshot

2020-04-07 08:15:32 - [TEST_STEP][PASSED] - Thread.sleep(1000): null

2020-04-07 08:15:33 - [TEST_STEP][PASSED] - takeScreenshot(screenPath + i + ".png"): Taking screenshot successfully

2020-04-07 08:15:34 - [MESSAGE][PASSED] - Taking screenshot successfully
[[ATTACHMENT|D:\\Test\\AgileTest\\Reports\\AHI\\ahi\\20200407_080032\\../Screenshots/iPhone 6/AHI/Dental - National General/20200407_081446/7.png]]

2020-04-07 08:15:34 - [TEST_STEP][PASSED] - (internal.GlobalVariable.i++): null

2020-04-07 08:15:34 - [MESSAGE][PASSED] - Call Test Case 'Test Cases/AHI/_include/get_screenshot' successfully

2020-04-07 08:15:34 - [TEST_STEP][PASSED] - click(findTestObject("mobileSanity/Dental/app_page3/label")): Object: 'Object Repository/mobileSanity/Dental/app_page3/label' is clicked on

2020-04-07 08:15:34 - [MESSAGE][PASSED] - Object: 'Object Repository/mobileSanity/Dental/app_page3/label' is clicked on

2020-04-07 08:15:34 - [TEST_STEP][PASSED] - click(findTestObject("mobileSanity/Dental/app_page3/p_CLICK TO SIGN")): Object: 'Object Repository/mobileSanity/Dental/app_page3/p_CLICK TO SIGN' is clicked on

2020-04-07 08:15:35 - [MESSAGE][PASSED] - Object: 'Object Repository/mobileSanity/Dental/app_page3/p_CLICK TO SIGN' is clicked on

2020-04-07 08:15:35 - [TEST_STEP][PASSED] - click(findTestObject("mobileSanity/Dental/app_page3/a_Submit Your Application")): Object: 'Object Repository/mobileSanity/Dental/app_page3/a_Submit Your Application' is clicked on

2020-04-07 08:15:35 - [MESSAGE][PASSED] - Object: 'Object Repository/mobileSanity/Dental/app_page3/a_Submit Your Application' is clicked on

2020-04-07 08:15:35 - [TEST_STEP][PASSED] - for ([second = 0, second < 30, (second++)]): null

2020-04-07 08:15:35 - [TEST_STEP][PASSED] - try: null

2020-04-07 08:15:35 - [TEST_STEP][PASSED] - if (selenium.isElementPresent("id=app-confirmation")): null

2020-04-07 08:15:35 - [TEST_STEP][PASSED] - Thread.sleep(1000): null

2020-04-07 08:15:36 - [TEST_STEP][PASSED] - try: null

2020-04-07 08:15:36 - [TEST_STEP][PASSED] - if (selenium.isElementPresent("id=app-confirmation")): null

2020-04-07 08:15:36 - [TEST_STEP][PASSED] - Thread.sleep(1000): null

2020-04-07 08:15:37 - [TEST_STEP][PASSED] - try: null

2020-04-07 08:15:37 - [TEST_STEP][PASSED] - if (selenium.isElementPresent("id=app-confirmation")): null

2020-04-07 08:15:37 - [TEST_STEP][PASSED] - Thread.sleep(1000): null

2020-04-07 08:15:38 - [TEST_STEP][PASSED] - try: null

2020-04-07 08:15:38 - [TEST_STEP][PASSED] - if (selenium.isElementPresent("id=app-confirmation")): null

2020-04-07 08:15:38 - [TEST_STEP][PASSED] - Thread.sleep(1000): null

2020-04-07 08:15:39 - [TEST_STEP][PASSED] - try: null

2020-04-07 08:15:39 - [TEST_STEP][PASSED] - if (selenium.isElementPresent("id=app-confirmation")): null

2020-04-07 08:15:39 - [TEST_STEP][PASSED] - Thread.sleep(1000): null

2020-04-07 08:15:40 - [TEST_STEP][PASSED] - try: null

2020-04-07 08:15:40 - [TEST_STEP][PASSED] - if (selenium.isElementPresent("id=app-confirmation")): null

2020-04-07 08:15:40 - [TEST_STEP][PASSED] - Thread.sleep(1000): null

2020-04-07 08:15:41 - [TEST_STEP][PASSED] - try: null

2020-04-07 08:15:41 - [TEST_STEP][PASSED] - if (selenium.isElementPresent("id=app-confirmation")): null

2020-04-07 08:15:42 - [TEST_STEP][PASSED] - Thread.sleep(1000): null

2020-04-07 08:15:43 - [TEST_STEP][PASSED] - try: null

2020-04-07 08:15:43 - [TEST_STEP][PASSED] - if (selenium.isElementPresent("id=app-confirmation")): null

2020-04-07 08:15:43 - [TEST_STEP][PASSED] - Thread.sleep(1000): null

2020-04-07 08:15:44 - [TEST_STEP][PASSED] - try: null

2020-04-07 08:15:44 - [TEST_STEP][PASSED] - if (selenium.isElementPresent("id=app-confirmation")): null

2020-04-07 08:15:44 - [TEST_STEP][PASSED] - Thread.sleep(1000): null

2020-04-07 08:15:45 - [TEST_STEP][PASSED] - try: null

2020-04-07 08:15:45 - [TEST_STEP][PASSED] - if (selenium.isElementPresent("id=app-confirmation")): null

2020-04-07 08:15:45 - [TEST_STEP][PASSED] - Thread.sleep(1000): null

2020-04-07 08:15:46 - [TEST_STEP][PASSED] - try: null

2020-04-07 08:15:46 - [TEST_STEP][PASSED] - if (selenium.isElementPresent("id=app-confirmation")): null

2020-04-07 08:15:46 - [TEST_STEP][PASSED] - Thread.sleep(1000): null

2020-04-07 08:15:47 - [TEST_STEP][PASSED] - try: null

2020-04-07 08:15:47 - [TEST_STEP][PASSED] - if (selenium.isElementPresent("id=app-confirmation")): null

2020-04-07 08:15:47 - [TEST_STEP][PASSED] - Thread.sleep(1000): null

2020-04-07 08:15:48 - [TEST_STEP][PASSED] - try: null

2020-04-07 08:15:48 - [TEST_STEP][PASSED] - if (selenium.isElementPresent("id=app-confirmation")): null

2020-04-07 08:15:48 - [TEST_STEP][PASSED] - Thread.sleep(1000): null

2020-04-07 08:15:49 - [TEST_STEP][PASSED] - try: null

2020-04-07 08:15:49 - [TEST_STEP][PASSED] - if (selenium.isElementPresent("id=app-confirmation")): null

2020-04-07 08:15:49 - [TEST_STEP][PASSED] - Thread.sleep(1000): null

2020-04-07 08:15:50 - [TEST_STEP][PASSED] - try: null

2020-04-07 08:15:50 - [TEST_STEP][PASSED] - if (selenium.isElementPresent("id=app-confirmation")): null

2020-04-07 08:15:50 - [TEST_STEP][PASSED] - Thread.sleep(1000): null

2020-04-07 08:15:51 - [TEST_STEP][PASSED] - try: null

2020-04-07 08:15:51 - [TEST_STEP][PASSED] - if (selenium.isElementPresent("id=app-confirmation")): null

2020-04-07 08:15:51 - [TEST_STEP][PASSED] - Thread.sleep(1000): null

2020-04-07 08:15:52 - [TEST_STEP][PASSED] - try: null

2020-04-07 08:15:52 - [TEST_STEP][PASSED] - if (selenium.isElementPresent("id=app-confirmation")): null

2020-04-07 08:15:52 - [TEST_STEP][PASSED] - Thread.sleep(1000): null

2020-04-07 08:15:53 - [TEST_STEP][PASSED] - try: null

2020-04-07 08:15:53 - [TEST_STEP][PASSED] - if (selenium.isElementPresent("id=app-confirmation")): null

2020-04-07 08:15:53 - [TEST_STEP][PASSED] - Thread.sleep(1000): null

2020-04-07 08:15:54 - [TEST_STEP][PASSED] - try: null

2020-04-07 08:15:54 - [TEST_STEP][PASSED] - if (selenium.isElementPresent("id=app-confirmation")): null

2020-04-07 08:15:54 - [TEST_STEP][PASSED] - Thread.sleep(1000): null

2020-04-07 08:15:55 - [TEST_STEP][PASSED] - try: null

2020-04-07 08:15:55 - [TEST_STEP][PASSED] - if (selenium.isElementPresent("id=app-confirmation")): null

2020-04-07 08:15:55 - [TEST_STEP][PASSED] - Thread.sleep(1000): null

2020-04-07 08:15:56 - [TEST_STEP][PASSED] - try: null

2020-04-07 08:15:56 - [TEST_STEP][PASSED] - if (selenium.isElementPresent("id=app-confirmation")): null

2020-04-07 08:15:56 - [TEST_STEP][PASSED] - Thread.sleep(1000): null

2020-04-07 08:15:57 - [TEST_STEP][PASSED] - try: null

2020-04-07 08:15:57 - [TEST_STEP][PASSED] - if (selenium.isElementPresent("id=app-confirmation")): null

2020-04-07 08:15:57 - [TEST_STEP][PASSED] - Thread.sleep(1000): null

2020-04-07 08:15:58 - [TEST_STEP][PASSED] - try: null

2020-04-07 08:15:58 - [TEST_STEP][PASSED] - if (selenium.isElementPresent("id=app-confirmation")): null

2020-04-07 08:15:58 - [TEST_STEP][PASSED] - Thread.sleep(1000): null

2020-04-07 08:15:59 - [TEST_STEP][PASSED] - try: null

2020-04-07 08:15:59 - [TEST_STEP][PASSED] - if (selenium.isElementPresent("id=app-confirmation")): null

2020-04-07 08:16:00 - [TEST_STEP][PASSED] - Thread.sleep(1000): null

2020-04-07 08:16:01 - [TEST_STEP][PASSED] - try: null

2020-04-07 08:16:01 - [TEST_STEP][PASSED] - if (selenium.isElementPresent("id=app-confirmation")): null

2020-04-07 08:16:01 - [TEST_STEP][PASSED] - Thread.sleep(1000): null

2020-04-07 08:16:02 - [TEST_STEP][PASSED] - try: null

2020-04-07 08:16:02 - [TEST_STEP][PASSED] - if (selenium.isElementPresent("id=app-confirmation")): null

2020-04-07 08:16:02 - [TEST_STEP][PASSED] - Thread.sleep(1000): null

2020-04-07 08:16:03 - [TEST_STEP][PASSED] - try: null

2020-04-07 08:16:03 - [TEST_STEP][PASSED] - if (selenium.isElementPresent("id=app-confirmation")): null

2020-04-07 08:16:03 - [TEST_STEP][PASSED] - Thread.sleep(1000): null

2020-04-07 08:16:04 - [TEST_STEP][PASSED] - try: null

2020-04-07 08:16:04 - [TEST_STEP][PASSED] - if (selenium.isElementPresent("id=app-confirmation")): null

2020-04-07 08:16:04 - [TEST_STEP][PASSED] - Thread.sleep(1000): null

2020-04-07 08:16:05 - [TEST_STEP][PASSED] - try: null

2020-04-07 08:16:05 - [TEST_STEP][PASSED] - if (selenium.isElementPresent("id=app-confirmation")): null

2020-04-07 08:16:05 - [TEST_STEP][PASSED] - Thread.sleep(1000): null

2020-04-07 08:16:06 - [TEST_STEP][PASSED] - try: null

2020-04-07 08:16:06 - [TEST_STEP][PASSED] - if (selenium.isElementPresent("id=app-confirmation")): null

2020-04-07 08:16:06 - [TEST_STEP][PASSED] - Thread.sleep(1000): null

2020-04-07 08:16:07 - [TEST_STEP][PASSED] - callTestCase(findTestCase("AHI/_include/get_screenshot"), [:], STOP_ON_FAILURE): Call Test Case 'Test Cases/AHI/_include/get_screenshot' successfully

2020-04-07 08:16:07 - [TEST_CASE][PASSED] - Test Cases/AHI/_include/get_screenshot: Test Cases/AHI/_include/get_screenshot

2020-04-07 08:16:07 - [TEST_STEP][PASSED] - Thread.sleep(1000): null

2020-04-07 08:16:08 - [TEST_STEP][PASSED] - takeScreenshot(screenPath + i + ".png"): Taking screenshot successfully

2020-04-07 08:16:09 - [MESSAGE][PASSED] - Taking screenshot successfully
[[ATTACHMENT|D:\\Test\\AgileTest\\Reports\\AHI\\ahi\\20200407_080032\\../Screenshots/iPhone 6/AHI/Dental - National General/20200407_081446/8.png]]

2020-04-07 08:16:09 - [TEST_STEP][PASSED] - (internal.GlobalVariable.i++): null

2020-04-07 08:16:09 - [MESSAGE][PASSED] - Call Test Case 'Test Cases/AHI/_include/get_screenshot' successfully]]></system-out>
         <system-err><![CDATA[]]></system-err>
      </testcase>
      <testcase name="Test Cases/AHI/NEW/Dental/USA Access" classname="Test Cases/AHI/NEW/Dental/USA Access" status="PASSED">
         <system-out><![CDATA[2020-04-07 08:16:09 - [TEST_CASE][PASSED] - Test Cases/AHI/NEW/Dental/USA Access: Test Cases/AHI/NEW/Dental/USA Access

2020-04-07 08:16:09 - [TEST_STEP][PASSED] - callTestCase(findTestCase("AHI/_include/get_screenPath"), ["productLine":"AHI", "carrierName":"Dental - USA Access"], CONTINUE_ON_FAILURE): Call Test Case 'Test Cases/AHI/_include/get_screenPath' successfully

2020-04-07 08:16:09 - [TEST_CASE][PASSED] - Test Cases/AHI/_include/get_screenPath: Test Cases/AHI/_include/get_screenPath

2020-04-07 08:16:09 - [TEST_STEP][PASSED] - m = getExecutionProperties(): null

2020-04-07 08:16:09 - [TEST_STEP][PASSED] - deviceName = get("mobileEmulation").get("deviceName"): null

2020-04-07 08:16:09 - [TEST_STEP][PASSED] - println(deviceName): null

2020-04-07 08:16:09 - [TEST_STEP][PASSED] - now = new java.util.Date(): null

2020-04-07 08:16:09 - [TEST_STEP][PASSED] - mydate = now.format("yyyyMMdd_HHmmss"): null

2020-04-07 08:16:09 - [TEST_STEP][PASSED] - screenPath = "../Screenshots/": null

2020-04-07 08:16:09 - [TEST_STEP][PASSED] - screenPath = screenPath + deviceName + "/" + productLine + "/" + carrierName + "/" + mydate + "/": null

2020-04-07 08:16:09 - [TEST_STEP][PASSED] - println(screenPath): null

2020-04-07 08:16:09 - [MESSAGE][PASSED] - Call Test Case 'Test Cases/AHI/_include/get_screenPath' successfully

2020-04-07 08:16:09 - [TEST_STEP][PASSED] - i = 0: null

2020-04-07 08:16:09 - [TEST_STEP][PASSED] - callTestCase(findTestCase("AHI/_include/openWebSite"), [:], STOP_ON_FAILURE): Call Test Case 'Test Cases/AHI/_include/openWebSite' successfully

2020-04-07 08:16:09 - [TEST_CASE][PASSED] - Test Cases/AHI/_include/openWebSite: Test Cases/AHI/_include/openWebSite

2020-04-07 08:16:09 - [TEST_STEP][PASSED] - openBrowser(env): Browser is opened with url: 'https://praetemptatus.agilehealthinsurance.com'

2020-04-07 08:16:09 - [MESSAGE][WARNING] - A browser is already opened. Closing browser and opening a new one

2020-04-07 08:16:10 - [MESSAGE][INFO] - Starting 'Chrome' driver

2020-04-07 08:16:10 - [MESSAGE][INFO] - User set preference: ['mobileEmulation', '{deviceName=iPhone 6}']

2020-04-07 08:16:10 - [MESSAGE][INFO] - User set preference: ['args', '[--incognito, --aggressive-cache-discard, --window-size=375,677, --no-sandbox, --ignore-certificate-errors]']

2020-04-07 08:16:15 - [MESSAGE][PASSED] - Browser is opened with url: 'https://praetemptatus.agilehealthinsurance.com'

2020-04-07 08:16:15 - [TEST_STEP][PASSED] - waitForPageLoad(20): Wait for page load successfully

2020-04-07 08:16:15 - [MESSAGE][PASSED] - Wait for page load successfully

2020-04-07 08:16:15 - [TEST_STEP][PASSED] - callTestCase(findTestCase("AHI/_include/get_screenshot"), [:], STOP_ON_FAILURE): Call Test Case 'Test Cases/AHI/_include/get_screenshot' successfully

2020-04-07 08:16:15 - [TEST_CASE][PASSED] - Test Cases/AHI/_include/get_screenshot: Test Cases/AHI/_include/get_screenshot

2020-04-07 08:16:15 - [TEST_STEP][PASSED] - Thread.sleep(1000): null

2020-04-07 08:16:16 - [TEST_STEP][PASSED] - takeScreenshot(screenPath + i + ".png"): Taking screenshot successfully

2020-04-07 08:16:19 - [MESSAGE][PASSED] - Taking screenshot successfully
[[ATTACHMENT|D:\\Test\\AgileTest\\Reports\\AHI\\ahi\\20200407_080032\\../Screenshots/iPhone 6/AHI/Dental - USA Access/20200407_081609/0.png]]

2020-04-07 08:16:19 - [TEST_STEP][PASSED] - (internal.GlobalVariable.i++): null

2020-04-07 08:16:19 - [MESSAGE][PASSED] - Call Test Case 'Test Cases/AHI/_include/get_screenshot' successfully

2020-04-07 08:16:19 - [MESSAGE][PASSED] - Call Test Case 'Test Cases/AHI/_include/openWebSite' successfully

2020-04-07 08:16:19 - [TEST_STEP][PASSED] - driver = getWebDriver(): null

2020-04-07 08:16:19 - [TEST_STEP][PASSED] - baseUrl = ENV: null

2020-04-07 08:16:19 - [TEST_STEP][PASSED] - selenium = new com.thoughtworks.selenium.webdriven.WebDriverBackedSelenium(driver, baseUrl): null

2020-04-07 08:16:19 - [TEST_STEP][PASSED] - selenium.click("//*[@class='filter-option-inner-inner']"): null

2020-04-07 08:16:20 - [TEST_STEP][PASSED] - selenium.click("id=bs-select-1-2"): null

2020-04-07 08:16:20 - [TEST_STEP][PASSED] - selenium.click("id=primaryCTA"): null

2020-04-07 08:16:21 - [TEST_STEP][PASSED] - for ([second = 0, second < 20, (second++)]): null

2020-04-07 08:16:21 - [TEST_STEP][PASSED] - try: null

2020-04-07 08:16:21 - [TEST_STEP][PASSED] - if (selenium.isElementPresent("id=zip-input")): null

2020-04-07 08:16:22 - [TEST_STEP][PASSED] - break: null

2020-04-07 08:16:22 - [TEST_STEP][PASSED] - callTestCase(findTestCase("AHI/_include/get_screenshot"), [:], STOP_ON_FAILURE): Call Test Case 'Test Cases/AHI/_include/get_screenshot' successfully

2020-04-07 08:16:22 - [TEST_CASE][PASSED] - Test Cases/AHI/_include/get_screenshot: Test Cases/AHI/_include/get_screenshot

2020-04-07 08:16:22 - [TEST_STEP][PASSED] - Thread.sleep(1000): null

2020-04-07 08:16:23 - [TEST_STEP][PASSED] - takeScreenshot(screenPath + i + ".png"): Taking screenshot successfully

2020-04-07 08:16:24 - [MESSAGE][PASSED] - Taking screenshot successfully
[[ATTACHMENT|D:\\Test\\AgileTest\\Reports\\AHI\\ahi\\20200407_080032\\../Screenshots/iPhone 6/AHI/Dental - USA Access/20200407_081609/1.png]]

2020-04-07 08:16:24 - [TEST_STEP][PASSED] - (internal.GlobalVariable.i++): null

2020-04-07 08:16:24 - [MESSAGE][PASSED] - Call Test Case 'Test Cases/AHI/_include/get_screenshot' successfully

2020-04-07 08:16:24 - [TEST_STEP][PASSED] - setText(findTestObject("mobileSanity/Dental/census/input_Location_zip-input"), "35215"): Text '35215' is set on object 'Object Repository/mobileSanity/Dental/census/input_Location_zip-input'

2020-04-07 08:16:24 - [MESSAGE][PASSED] - Text '35215' is set on object 'Object Repository/mobileSanity/Dental/census/input_Location_zip-input'

2020-04-07 08:16:24 - [TEST_STEP][PASSED] - setText(findTestObject("mobileSanity/Dental/census/input_Date of Birth_dob-0"), "12121980"): Text '12121980' is set on object 'Object Repository/mobileSanity/Dental/census/input_Date of Birth_dob-0'

2020-04-07 08:16:25 - [MESSAGE][PASSED] - Text '12121980' is set on object 'Object Repository/mobileSanity/Dental/census/input_Date of Birth_dob-0'

2020-04-07 08:16:25 - [TEST_STEP][PASSED] - click(findTestObject("mobileSanity/Dental/census/label_Male")): Object: 'Object Repository/mobileSanity/Dental/census/label_Male' is clicked on

2020-04-07 08:16:25 - [MESSAGE][PASSED] - Object: 'Object Repository/mobileSanity/Dental/census/label_Male' is clicked on

2020-04-07 08:16:25 - [TEST_STEP][PASSED] - selenium.click("id=js-see-plans"): null

2020-04-07 08:16:26 - [TEST_STEP][PASSED] - for ([second = 0, second < 20, (second++)]): null

2020-04-07 08:16:26 - [TEST_STEP][PASSED] - try: null

2020-04-07 08:16:26 - [TEST_STEP][PASSED] - if (selenium.isElementPresent("id=js-quote-header")): null

2020-04-07 08:16:26 - [TEST_STEP][PASSED] - break: null

2020-04-07 08:16:26 - [TEST_STEP][PASSED] - callTestCase(findTestCase("AHI/_include/get_screenshot"), [:], STOP_ON_FAILURE): Call Test Case 'Test Cases/AHI/_include/get_screenshot' successfully

2020-04-07 08:16:26 - [TEST_CASE][PASSED] - Test Cases/AHI/_include/get_screenshot: Test Cases/AHI/_include/get_screenshot

2020-04-07 08:16:26 - [TEST_STEP][PASSED] - Thread.sleep(1000): null

2020-04-07 08:16:27 - [TEST_STEP][PASSED] - takeScreenshot(screenPath + i + ".png"): Taking screenshot successfully

2020-04-07 08:16:28 - [MESSAGE][PASSED] - Taking screenshot successfully
[[ATTACHMENT|D:\\Test\\AgileTest\\Reports\\AHI\\ahi\\20200407_080032\\../Screenshots/iPhone 6/AHI/Dental - USA Access/20200407_081609/2.png]]

2020-04-07 08:16:28 - [TEST_STEP][PASSED] - (internal.GlobalVariable.i++): null

2020-04-07 08:16:28 - [MESSAGE][PASSED] - Call Test Case 'Test Cases/AHI/_include/get_screenshot' successfully

2020-04-07 08:16:28 - [TEST_STEP][PASSED] - click(findTestObject("mobileSanity/Dental/filter/btn_filter")): Object: 'Object Repository/mobileSanity/Dental/filter/btn_filter' is clicked on

2020-04-07 08:16:28 - [MESSAGE][PASSED] - Object: 'Object Repository/mobileSanity/Dental/filter/btn_filter' is clicked on

2020-04-07 08:16:28 - [TEST_STEP][PASSED] - waitForElementVisible(findTestObject("mobileSanity/Dental/filter/btn_company"), 10): Object 'Object Repository/mobileSanity/Dental/filter/btn_company' is visible

2020-04-07 08:16:28 - [MESSAGE][PASSED] - Object 'Object Repository/mobileSanity/Dental/filter/btn_company' is visible

2020-04-07 08:16:28 - [TEST_STEP][PASSED] - click(findTestObject("mobileSanity/Dental/filter/btn_company")): Object: 'Object Repository/mobileSanity/Dental/filter/btn_company' is clicked on

2020-04-07 08:16:29 - [MESSAGE][PASSED] - Object: 'Object Repository/mobileSanity/Dental/filter/btn_company' is clicked on

2020-04-07 08:16:29 - [TEST_STEP][PASSED] - Thread.sleep(2000): null

2020-04-07 08:16:31 - [TEST_STEP][PASSED] - click(findTestObject("mobileSanity/Dental/filter/btn_usa")): Object: 'Object Repository/mobileSanity/Dental/filter/btn_usa' is clicked on

2020-04-07 08:16:31 - [MESSAGE][PASSED] - Object: 'Object Repository/mobileSanity/Dental/filter/btn_usa' is clicked on

2020-04-07 08:16:31 - [TEST_STEP][PASSED] - waitForJQueryLoad(20, STOP_ON_FAILURE): jQuery is ready.

2020-04-07 08:16:31 - [MESSAGE][PASSED] - jQuery is ready.

2020-04-07 08:16:31 - [TEST_STEP][PASSED] - callTestCase(findTestCase("AHI/_include/get_screenshot"), [:], STOP_ON_FAILURE): Call Test Case 'Test Cases/AHI/_include/get_screenshot' successfully

2020-04-07 08:16:31 - [TEST_CASE][PASSED] - Test Cases/AHI/_include/get_screenshot: Test Cases/AHI/_include/get_screenshot

2020-04-07 08:16:31 - [TEST_STEP][PASSED] - Thread.sleep(1000): null

2020-04-07 08:16:32 - [TEST_STEP][PASSED] - takeScreenshot(screenPath + i + ".png"): Taking screenshot successfully

2020-04-07 08:16:33 - [MESSAGE][PASSED] - Taking screenshot successfully
[[ATTACHMENT|D:\\Test\\AgileTest\\Reports\\AHI\\ahi\\20200407_080032\\../Screenshots/iPhone 6/AHI/Dental - USA Access/20200407_081609/3.png]]

2020-04-07 08:16:33 - [TEST_STEP][PASSED] - (internal.GlobalVariable.i++): null

2020-04-07 08:16:33 - [MESSAGE][PASSED] - Call Test Case 'Test Cases/AHI/_include/get_screenshot' successfully

2020-04-07 08:16:33 - [TEST_STEP][PASSED] - click(findTestObject("mobileSanity/Dental/filter/btn_filter")): Object: 'Object Repository/mobileSanity/Dental/filter/btn_filter' is clicked on

2020-04-07 08:16:33 - [MESSAGE][PASSED] - Object: 'Object Repository/mobileSanity/Dental/filter/btn_filter' is clicked on

2020-04-07 08:16:33 - [TEST_STEP][PASSED] - click(findTestObject("mobileSanity/Dental/quote/a_Select This Plan")): Object: 'Object Repository/mobileSanity/Dental/quote/a_Select This Plan' is clicked on

2020-04-07 08:16:33 - [MESSAGE][PASSED] - Object: 'Object Repository/mobileSanity/Dental/quote/a_Select This Plan' is clicked on

2020-04-07 08:16:33 - [TEST_STEP][PASSED] - waitForPageLoad(10): Wait for page load successfully

2020-04-07 08:16:34 - [MESSAGE][PASSED] - Wait for page load successfully

2020-04-07 08:16:34 - [TEST_STEP][PASSED] - callTestCase(findTestCase("AHI/_include/get_screenshot"), [:], STOP_ON_FAILURE): Call Test Case 'Test Cases/AHI/_include/get_screenshot' successfully

2020-04-07 08:16:34 - [TEST_CASE][PASSED] - Test Cases/AHI/_include/get_screenshot: Test Cases/AHI/_include/get_screenshot

2020-04-07 08:16:34 - [TEST_STEP][PASSED] - Thread.sleep(1000): null

2020-04-07 08:16:35 - [TEST_STEP][PASSED] - takeScreenshot(screenPath + i + ".png"): Taking screenshot successfully

2020-04-07 08:16:35 - [MESSAGE][PASSED] - Taking screenshot successfully
[[ATTACHMENT|D:\\Test\\AgileTest\\Reports\\AHI\\ahi\\20200407_080032\\../Screenshots/iPhone 6/AHI/Dental - USA Access/20200407_081609/4.png]]

2020-04-07 08:16:35 - [TEST_STEP][PASSED] - (internal.GlobalVariable.i++): null

2020-04-07 08:16:35 - [MESSAGE][PASSED] - Call Test Case 'Test Cases/AHI/_include/get_screenshot' successfully

2020-04-07 08:16:35 - [TEST_STEP][PASSED] - Thread.sleep(3000): null

2020-04-07 08:16:38 - [TEST_STEP][PASSED] - click(findTestObject("mobileSanity/Dental/apply/span_Start Secure Application")): Object: 'Object Repository/mobileSanity/Dental/apply/span_Start Secure Application' is clicked on

2020-04-07 08:16:39 - [MESSAGE][PASSED] - Object: 'Object Repository/mobileSanity/Dental/apply/span_Start Secure Application' is clicked on

2020-04-07 08:16:39 - [TEST_STEP][PASSED] - for ([second = 0, second < 20, (second++)]): null

2020-04-07 08:16:39 - [TEST_STEP][PASSED] - try: null

2020-04-07 08:16:39 - [TEST_STEP][PASSED] - if (selenium.isElementPresent("id=member-P-1-firstName")): null

2020-04-07 08:16:39 - [TEST_STEP][PASSED] - Thread.sleep(1000): null

2020-04-07 08:16:40 - [TEST_STEP][PASSED] - try: null

2020-04-07 08:16:40 - [TEST_STEP][PASSED] - if (selenium.isElementPresent("id=member-P-1-firstName")): null

2020-04-07 08:16:41 - [TEST_STEP][PASSED] - break: null

2020-04-07 08:16:41 - [TEST_STEP][PASSED] - callTestCase(findTestCase("AHI/_include/get_screenshot"), [:], STOP_ON_FAILURE): Call Test Case 'Test Cases/AHI/_include/get_screenshot' successfully

2020-04-07 08:16:41 - [TEST_CASE][PASSED] - Test Cases/AHI/_include/get_screenshot: Test Cases/AHI/_include/get_screenshot

2020-04-07 08:16:41 - [TEST_STEP][PASSED] - Thread.sleep(1000): null

2020-04-07 08:16:42 - [TEST_STEP][PASSED] - takeScreenshot(screenPath + i + ".png"): Taking screenshot successfully

2020-04-07 08:16:42 - [MESSAGE][PASSED] - Taking screenshot successfully
[[ATTACHMENT|D:\\Test\\AgileTest\\Reports\\AHI\\ahi\\20200407_080032\\../Screenshots/iPhone 6/AHI/Dental - USA Access/20200407_081609/5.png]]

2020-04-07 08:16:42 - [TEST_STEP][PASSED] - (internal.GlobalVariable.i++): null

2020-04-07 08:16:42 - [MESSAGE][PASSED] - Call Test Case 'Test Cases/AHI/_include/get_screenshot' successfully

2020-04-07 08:16:42 - [TEST_STEP][PASSED] - callTestCase(findTestCase("AHI/_include/name"), [:], CONTINUE_ON_FAILURE): Call Test Case 'Test Cases/AHI/_include/name' successfully

2020-04-07 08:16:43 - [TEST_CASE][PASSED] - Test Cases/AHI/_include/name: Test Cases/AHI/_include/name

2020-04-07 08:16:43 - [TEST_STEP][PASSED] - driver = getWebDriver(): null

2020-04-07 08:16:43 - [TEST_STEP][PASSED] - selenium = new com.thoughtworks.selenium.webdriven.WebDriverBackedSelenium(driver, internal.GlobalVariable.ENV): null

2020-04-07 08:16:43 - [TEST_STEP][PASSED] - FirstName = "Test-123": null

2020-04-07 08:16:43 - [TEST_STEP][PASSED] - LastName = selenium.getEval("{var x="ABCDEFGHIJKLMNOPQRSTUVWXYZabcdefghijklmnopqrstuvwxyz"; var tmp="ZZ11-"; for (i=0;i<8;i++) tmp+=x.charAt(Math.ceil(51*Math.random()));tmp;}"): null

2020-04-07 08:16:43 - [TEST_STEP][PASSED] - Address = selenium.getEval("{var x="ABCDEFGHIJKLMNOPQRSTUVWXYZabcdefghijklmnopqrstuvwxyz"; var tmp=""; for (i=0;i<8;i++) tmp+=x.charAt(Math.ceil(51*Math.random()));tmp;}"): null

2020-04-07 08:16:43 - [TEST_STEP][PASSED] - City = selenium.getEval("{var x="ABCDEFGHIJKLMNOPQRSTUVWXYZabcdefghijklmnopqrstuvwxyz"; var tmp=""; for (i=0;i<8;i++) tmp+=x.charAt(Math.ceil(51*Math.random()));tmp;}"): null

2020-04-07 08:16:43 - [TEST_STEP][PASSED] - tel1 = selenium.getEval("{var x="123456789"; var tmp=""; for (i=0;i<3;i++) tmp+=x.charAt(Math.ceil(8*Math.random()));tmp;}"): null

2020-04-07 08:16:43 - [TEST_STEP][PASSED] - tel2 = selenium.getEval("{var x="123456789"; var tmp=""; for (i=0;i<3;i++) tmp+=x.charAt(Math.ceil(8*Math.random()));tmp;}"): null

2020-04-07 08:16:43 - [TEST_STEP][PASSED] - tel3 = selenium.getEval("{var x="123456789"; var tmp=""; for (i=0;i<4;i++) tmp+=x.charAt(Math.ceil(8*Math.random()));tmp;}"): null

2020-04-07 08:16:43 - [TEST_STEP][PASSED] - Tel = selenium.getExpression(tel1 + "-" + tel2 + "-" + tel3): null

2020-04-07 08:16:43 - [TEST_STEP][PASSED] - AutoEmail = selenium.getEval("{var x="ABCDEFGHIJKLMNOPQRSTUVWXYZabcdefghijklmnopqrstuvwxyz"; var tmp="test."; for (i=0;i<8;i++) tmp+=x.charAt(Math.ceil(51*Math.random()));tmp+="@suryani.cn";}"): null

2020-04-07 08:16:43 - [TEST_STEP][PASSED] - FirstName = FirstName: null

2020-04-07 08:16:43 - [TEST_STEP][PASSED] - LastName = LastName: null

2020-04-07 08:16:43 - [TEST_STEP][PASSED] - Address = Address: null

2020-04-07 08:16:43 - [TEST_STEP][PASSED] - City = City: null

2020-04-07 08:16:43 - [TEST_STEP][PASSED] - Tel = Tel: null

2020-04-07 08:16:43 - [TEST_STEP][PASSED] - AutoEmail = AutoEmail: null

2020-04-07 08:16:43 - [TEST_STEP][PASSED] - println(FirstName): null

2020-04-07 08:16:43 - [TEST_STEP][PASSED] - println(LastName): null

2020-04-07 08:16:43 - [TEST_STEP][PASSED] - println(Address): null

2020-04-07 08:16:43 - [TEST_STEP][PASSED] - println(City): null

2020-04-07 08:16:43 - [TEST_STEP][PASSED] - println(Tel): null

2020-04-07 08:16:43 - [TEST_STEP][PASSED] - println(AutoEmail): null

2020-04-07 08:16:43 - [MESSAGE][PASSED] - Call Test Case 'Test Cases/AHI/_include/name' successfully

2020-04-07 08:16:43 - [TEST_STEP][PASSED] - Thread.sleep(3000): null

2020-04-07 08:16:46 - [TEST_STEP][PASSED] - setText(findTestObject("mobileSanity/Dental/app_page1/input__member-P-1-firstName"), FirstName): Text 'Test-123' is set on object 'Object Repository/mobileSanity/Dental/app_page1/input__member-P-1-firstName'

2020-04-07 08:16:46 - [MESSAGE][PASSED] - Text 'Test-123' is set on object 'Object Repository/mobileSanity/Dental/app_page1/input__member-P-1-firstName'

2020-04-07 08:16:46 - [TEST_STEP][PASSED] - setText(findTestObject("mobileSanity/Dental/app_page1/input__member-P-1-lastName"), LastName): Text 'ZZ11-lCfbLLoG' is set on object 'Object Repository/mobileSanity/Dental/app_page1/input__member-P-1-lastName'

2020-04-07 08:16:46 - [MESSAGE][PASSED] - Text 'ZZ11-lCfbLLoG' is set on object 'Object Repository/mobileSanity/Dental/app_page1/input__member-P-1-lastName'

2020-04-07 08:16:46 - [TEST_STEP][PASSED] - setText(findTestObject("mobileSanity/Dental/app_page1/input__address"), Address): Text 'yHsLTUhY' is set on object 'Object Repository/mobileSanity/Dental/app_page1/input__address'

2020-04-07 08:16:46 - [MESSAGE][PASSED] - Text 'yHsLTUhY' is set on object 'Object Repository/mobileSanity/Dental/app_page1/input__address'

2020-04-07 08:16:46 - [TEST_STEP][PASSED] - setText(findTestObject("mobileSanity/Dental/app_page1/input__city"), City): Text 'SQVPRKMV' is set on object 'Object Repository/mobileSanity/Dental/app_page1/input__city'

2020-04-07 08:16:47 - [MESSAGE][PASSED] - Text 'SQVPRKMV' is set on object 'Object Repository/mobileSanity/Dental/app_page1/input__city'

2020-04-07 08:16:47 - [TEST_STEP][PASSED] - setText(findTestObject("mobileSanity/Dental/app_page1/input__email"), AutoEmail): Text 'test.TabHZjUZ@suryani.cn' is set on object 'Object Repository/mobileSanity/Dental/app_page1/input__email'

2020-04-07 08:16:47 - [MESSAGE][PASSED] - Text 'test.TabHZjUZ@suryani.cn' is set on object 'Object Repository/mobileSanity/Dental/app_page1/input__email'

2020-04-07 08:16:47 - [TEST_STEP][PASSED] - setText(findTestObject("mobileSanity/Dental/app_page1/input_phone"), Tel): Text '864-828-8245' is set on object 'Object Repository/mobileSanity/Dental/app_page1/input_phone'

2020-04-07 08:16:47 - [MESSAGE][PASSED] - Text '864-828-8245' is set on object 'Object Repository/mobileSanity/Dental/app_page1/input_phone'

2020-04-07 08:16:47 - [TEST_STEP][PASSED] - click(findTestObject("mobileSanity/Dental/app_page1/a_Continue to Step 2 - Payment")): Object: 'Object Repository/mobileSanity/Dental/app_page1/a_Continue to Step 2 - Payment' is clicked on

2020-04-07 08:16:48 - [MESSAGE][PASSED] - Object: 'Object Repository/mobileSanity/Dental/app_page1/a_Continue to Step 2 - Payment' is clicked on

2020-04-07 08:16:48 - [TEST_STEP][PASSED] - for ([second = 0, second < 20, (second++)]): null

2020-04-07 08:16:48 - [TEST_STEP][PASSED] - try: null

2020-04-07 08:16:48 - [TEST_STEP][PASSED] - if (selenium.isElementPresent("id=credit-card-number")): null

2020-04-07 08:16:48 - [TEST_STEP][PASSED] - Thread.sleep(1000): null

2020-04-07 08:16:49 - [TEST_STEP][PASSED] - try: null

2020-04-07 08:16:49 - [TEST_STEP][PASSED] - if (selenium.isElementPresent("id=credit-card-number")): null

2020-04-07 08:16:49 - [TEST_STEP][PASSED] - break: null

2020-04-07 08:16:49 - [TEST_STEP][PASSED] - Thread.sleep(2000): null

2020-04-07 08:16:51 - [TEST_STEP][PASSED] - click(findTestObject("mobileSanity/Dental/app_page2/membership/label_ihaveread")): Object: 'Object Repository/mobileSanity/Dental/app_page2/membership/label_ihaveread' is clicked on

2020-04-07 08:16:51 - [MESSAGE][PASSED] - Object: 'Object Repository/mobileSanity/Dental/app_page2/membership/label_ihaveread' is clicked on

2020-04-07 08:16:51 - [TEST_STEP][PASSED] - click(findTestObject("mobileSanity/Dental/app_page2/membership/a_ok")): Object: 'Object Repository/mobileSanity/Dental/app_page2/membership/a_ok' is clicked on

2020-04-07 08:16:51 - [MESSAGE][PASSED] - Object: 'Object Repository/mobileSanity/Dental/app_page2/membership/a_ok' is clicked on

2020-04-07 08:16:51 - [TEST_STEP][PASSED] - Thread.sleep(3000): null

2020-04-07 08:16:54 - [TEST_STEP][PASSED] - callTestCase(findTestCase("AHI/_include/get_screenshot"), [:], STOP_ON_FAILURE): Call Test Case 'Test Cases/AHI/_include/get_screenshot' successfully

2020-04-07 08:16:54 - [TEST_CASE][PASSED] - Test Cases/AHI/_include/get_screenshot: Test Cases/AHI/_include/get_screenshot

2020-04-07 08:16:54 - [TEST_STEP][PASSED] - Thread.sleep(1000): null

2020-04-07 08:16:55 - [TEST_STEP][PASSED] - takeScreenshot(screenPath + i + ".png"): Taking screenshot successfully

2020-04-07 08:16:56 - [MESSAGE][PASSED] - Taking screenshot successfully
[[ATTACHMENT|D:\\Test\\AgileTest\\Reports\\AHI\\ahi\\20200407_080032\\../Screenshots/iPhone 6/AHI/Dental - USA Access/20200407_081609/6.png]]

2020-04-07 08:16:56 - [TEST_STEP][PASSED] - (internal.GlobalVariable.i++): null

2020-04-07 08:16:56 - [MESSAGE][PASSED] - Call Test Case 'Test Cases/AHI/_include/get_screenshot' successfully

2020-04-07 08:16:56 - [TEST_STEP][PASSED] - setText(findTestObject("mobileSanity/Dental/app_page2/input__credit-card-first"), FirstName): Text 'Test-123' is set on object 'Object Repository/mobileSanity/Dental/app_page2/input__credit-card-first'

2020-04-07 08:16:56 - [MESSAGE][PASSED] - Text 'Test-123' is set on object 'Object Repository/mobileSanity/Dental/app_page2/input__credit-card-first'

2020-04-07 08:16:56 - [TEST_STEP][PASSED] - setText(findTestObject("mobileSanity/Dental/app_page2/input__credit-card-last"), LastName): Text 'ZZ11-lCfbLLoG' is set on object 'Object Repository/mobileSanity/Dental/app_page2/input__credit-card-last'

2020-04-07 08:16:56 - [MESSAGE][PASSED] - Text 'ZZ11-lCfbLLoG' is set on object 'Object Repository/mobileSanity/Dental/app_page2/input__credit-card-last'

2020-04-07 08:16:56 - [TEST_STEP][PASSED] - selectOptionByValue(findTestObject("mobileSanity/Dental/app_page2/select_MM010203040506070809101"), "12", true): All options with value '12' are selected in object 'Object Repository/mobileSanity/Dental/app_page2/select_MM010203040506070809101'  using regular expression

2020-04-07 08:16:57 - [MESSAGE][PASSED] - All options with value '12' are selected in object 'Object Repository/mobileSanity/Dental/app_page2/select_MM010203040506070809101'  using regular expression

2020-04-07 08:16:57 - [TEST_STEP][PASSED] - selectOptionByValue(findTestObject("mobileSanity/Dental/app_page2/select_YYYY2019202020212022202"), "2026", true): All options with value '2026' are selected in object 'Object Repository/mobileSanity/Dental/app_page2/select_YYYY2019202020212022202'  using regular expression

2020-04-07 08:16:58 - [MESSAGE][PASSED] - All options with value '2026' are selected in object 'Object Repository/mobileSanity/Dental/app_page2/select_YYYY2019202020212022202'  using regular expression

2020-04-07 08:16:58 - [TEST_STEP][PASSED] - setText(findTestObject("mobileSanity/Dental/app_page2/input__credit-card-number"), "4111111111111111"): Text '4111111111111111' is set on object 'Object Repository/mobileSanity/Dental/app_page2/input__credit-card-number'

2020-04-07 08:16:58 - [MESSAGE][PASSED] - Text '4111111111111111' is set on object 'Object Repository/mobileSanity/Dental/app_page2/input__credit-card-number'

2020-04-07 08:16:58 - [TEST_STEP][PASSED] - setText(findTestObject("mobileSanity/Dental/app_page2/input__cvv"), "123"): Text '123' is set on object 'Object Repository/mobileSanity/Dental/app_page2/input__cvv'

2020-04-07 08:16:58 - [MESSAGE][PASSED] - Text '123' is set on object 'Object Repository/mobileSanity/Dental/app_page2/input__cvv'

2020-04-07 08:16:58 - [TEST_STEP][PASSED] - click(findTestObject("mobileSanity/Dental/app_page2/label_My billing address is th")): Object: 'Object Repository/mobileSanity/Dental/app_page2/label_My billing address is th' is clicked on

2020-04-07 08:16:58 - [MESSAGE][PASSED] - Object: 'Object Repository/mobileSanity/Dental/app_page2/label_My billing address is th' is clicked on

2020-04-07 08:16:58 - [TEST_STEP][PASSED] - click(findTestObject("mobileSanity/Dental/app_page2/label_I Accept Authorization f")): Object: 'Object Repository/mobileSanity/Dental/app_page2/label_I Accept Authorization f' is clicked on

2020-04-07 08:16:58 - [MESSAGE][PASSED] - Object: 'Object Repository/mobileSanity/Dental/app_page2/label_I Accept Authorization f' is clicked on

2020-04-07 08:16:58 - [TEST_STEP][PASSED] - click(findTestObject("mobileSanity/Dental/app_page2/a_Continue to Step 3 - Review")): Object: 'Object Repository/mobileSanity/Dental/app_page2/a_Continue to Step 3 - Review' is clicked on

2020-04-07 08:16:59 - [MESSAGE][PASSED] - Object: 'Object Repository/mobileSanity/Dental/app_page2/a_Continue to Step 3 - Review' is clicked on

2020-04-07 08:16:59 - [TEST_STEP][PASSED] - for ([second = 0, second < 20, (second++)]): null

2020-04-07 08:16:59 - [TEST_STEP][PASSED] - try: null

2020-04-07 08:16:59 - [TEST_STEP][PASSED] - if (selenium.isElementPresent("id=consent-checkbox-0")): null

2020-04-07 08:17:04 - [TEST_STEP][PASSED] - Thread.sleep(1000): null

2020-04-07 08:17:05 - [TEST_STEP][PASSED] - try: null

2020-04-07 08:17:05 - [TEST_STEP][PASSED] - if (selenium.isElementPresent("id=consent-checkbox-0")): null

2020-04-07 08:17:05 - [TEST_STEP][PASSED] - Thread.sleep(1000): null

2020-04-07 08:17:06 - [TEST_STEP][PASSED] - try: null

2020-04-07 08:17:06 - [TEST_STEP][PASSED] - if (selenium.isElementPresent("id=consent-checkbox-0")): null

2020-04-07 08:17:06 - [TEST_STEP][PASSED] - Thread.sleep(1000): null

2020-04-07 08:17:07 - [TEST_STEP][PASSED] - try: null

2020-04-07 08:17:07 - [TEST_STEP][PASSED] - if (selenium.isElementPresent("id=consent-checkbox-0")): null

2020-04-07 08:17:07 - [TEST_STEP][PASSED] - Thread.sleep(1000): null

2020-04-07 08:17:08 - [TEST_STEP][PASSED] - try: null

2020-04-07 08:17:08 - [TEST_STEP][PASSED] - if (selenium.isElementPresent("id=consent-checkbox-0")): null

2020-04-07 08:17:08 - [TEST_STEP][PASSED] - Thread.sleep(1000): null

2020-04-07 08:17:09 - [TEST_STEP][PASSED] - try: null

2020-04-07 08:17:09 - [TEST_STEP][PASSED] - if (selenium.isElementPresent("id=consent-checkbox-0")): null

2020-04-07 08:17:09 - [TEST_STEP][PASSED] - break: null

2020-04-07 08:17:09 - [TEST_STEP][PASSED] - waitForElementClickable(findTestObject("mobileSanity/Dental/app_page3/label"), 20): Object 'Object Repository/mobileSanity/Dental/app_page3/label' is clickable

2020-04-07 08:17:09 - [MESSAGE][PASSED] - Object 'Object Repository/mobileSanity/Dental/app_page3/label' is clickable

2020-04-07 08:17:09 - [TEST_STEP][PASSED] - callTestCase(findTestCase("AHI/_include/get_screenshot"), [:], STOP_ON_FAILURE): Call Test Case 'Test Cases/AHI/_include/get_screenshot' successfully

2020-04-07 08:17:09 - [TEST_CASE][PASSED] - Test Cases/AHI/_include/get_screenshot: Test Cases/AHI/_include/get_screenshot

2020-04-07 08:17:09 - [TEST_STEP][PASSED] - Thread.sleep(1000): null

2020-04-07 08:17:10 - [TEST_STEP][PASSED] - takeScreenshot(screenPath + i + ".png"): Taking screenshot successfully

2020-04-07 08:17:11 - [MESSAGE][PASSED] - Taking screenshot successfully
[[ATTACHMENT|D:\\Test\\AgileTest\\Reports\\AHI\\ahi\\20200407_080032\\../Screenshots/iPhone 6/AHI/Dental - USA Access/20200407_081609/7.png]]

2020-04-07 08:17:11 - [TEST_STEP][PASSED] - (internal.GlobalVariable.i++): null

2020-04-07 08:17:11 - [MESSAGE][PASSED] - Call Test Case 'Test Cases/AHI/_include/get_screenshot' successfully

2020-04-07 08:17:11 - [TEST_STEP][PASSED] - click(findTestObject("mobileSanity/Dental/app_page3/label")): Object: 'Object Repository/mobileSanity/Dental/app_page3/label' is clicked on

2020-04-07 08:17:11 - [MESSAGE][PASSED] - Object: 'Object Repository/mobileSanity/Dental/app_page3/label' is clicked on

2020-04-07 08:17:11 - [TEST_STEP][PASSED] - click(findTestObject("mobileSanity/Dental/app_page3/p_CLICK TO SIGN")): Object: 'Object Repository/mobileSanity/Dental/app_page3/p_CLICK TO SIGN' is clicked on

2020-04-07 08:17:11 - [MESSAGE][PASSED] - Object: 'Object Repository/mobileSanity/Dental/app_page3/p_CLICK TO SIGN' is clicked on

2020-04-07 08:17:11 - [TEST_STEP][PASSED] - click(findTestObject("mobileSanity/Dental/app_page3/a_Submit Your Application")): Object: 'Object Repository/mobileSanity/Dental/app_page3/a_Submit Your Application' is clicked on

2020-04-07 08:17:11 - [MESSAGE][PASSED] - Object: 'Object Repository/mobileSanity/Dental/app_page3/a_Submit Your Application' is clicked on

2020-04-07 08:17:11 - [TEST_STEP][PASSED] - for ([second = 0, second < 30, (second++)]): null

2020-04-07 08:17:11 - [TEST_STEP][PASSED] - try: null

2020-04-07 08:17:11 - [TEST_STEP][PASSED] - if (selenium.isElementPresent("id=app-confirmation")): null

2020-04-07 08:17:11 - [TEST_STEP][PASSED] - Thread.sleep(1000): null

2020-04-07 08:17:12 - [TEST_STEP][PASSED] - try: null

2020-04-07 08:17:12 - [TEST_STEP][PASSED] - if (selenium.isElementPresent("id=app-confirmation")): null

2020-04-07 08:17:13 - [TEST_STEP][PASSED] - Thread.sleep(1000): null

2020-04-07 08:17:14 - [TEST_STEP][PASSED] - try: null

2020-04-07 08:17:14 - [TEST_STEP][PASSED] - if (selenium.isElementPresent("id=app-confirmation")): null

2020-04-07 08:17:14 - [TEST_STEP][PASSED] - Thread.sleep(1000): null

2020-04-07 08:17:15 - [TEST_STEP][PASSED] - try: null

2020-04-07 08:17:15 - [TEST_STEP][PASSED] - if (selenium.isElementPresent("id=app-confirmation")): null

2020-04-07 08:17:15 - [TEST_STEP][PASSED] - Thread.sleep(1000): null

2020-04-07 08:17:16 - [TEST_STEP][PASSED] - try: null

2020-04-07 08:17:16 - [TEST_STEP][PASSED] - if (selenium.isElementPresent("id=app-confirmation")): null

2020-04-07 08:17:16 - [TEST_STEP][PASSED] - Thread.sleep(1000): null

2020-04-07 08:17:17 - [TEST_STEP][PASSED] - try: null

2020-04-07 08:17:17 - [TEST_STEP][PASSED] - if (selenium.isElementPresent("id=app-confirmation")): null

2020-04-07 08:17:17 - [TEST_STEP][PASSED] - Thread.sleep(1000): null

2020-04-07 08:17:18 - [TEST_STEP][PASSED] - try: null

2020-04-07 08:17:18 - [TEST_STEP][PASSED] - if (selenium.isElementPresent("id=app-confirmation")): null

2020-04-07 08:17:18 - [TEST_STEP][PASSED] - Thread.sleep(1000): null

2020-04-07 08:17:19 - [TEST_STEP][PASSED] - try: null

2020-04-07 08:17:19 - [TEST_STEP][PASSED] - if (selenium.isElementPresent("id=app-confirmation")): null

2020-04-07 08:17:19 - [TEST_STEP][PASSED] - Thread.sleep(1000): null

2020-04-07 08:17:20 - [TEST_STEP][PASSED] - try: null

2020-04-07 08:17:20 - [TEST_STEP][PASSED] - if (selenium.isElementPresent("id=app-confirmation")): null

2020-04-07 08:17:20 - [TEST_STEP][PASSED] - Thread.sleep(1000): null

2020-04-07 08:17:21 - [TEST_STEP][PASSED] - try: null

2020-04-07 08:17:21 - [TEST_STEP][PASSED] - if (selenium.isElementPresent("id=app-confirmation")): null

2020-04-07 08:17:22 - [TEST_STEP][PASSED] - Thread.sleep(1000): null

2020-04-07 08:17:23 - [TEST_STEP][PASSED] - try: null

2020-04-07 08:17:23 - [TEST_STEP][PASSED] - if (selenium.isElementPresent("id=app-confirmation")): null

2020-04-07 08:17:23 - [TEST_STEP][PASSED] - Thread.sleep(1000): null

2020-04-07 08:17:24 - [TEST_STEP][PASSED] - try: null

2020-04-07 08:17:24 - [TEST_STEP][PASSED] - if (selenium.isElementPresent("id=app-confirmation")): null

2020-04-07 08:17:24 - [TEST_STEP][PASSED] - Thread.sleep(1000): null

2020-04-07 08:17:25 - [TEST_STEP][PASSED] - try: null

2020-04-07 08:17:25 - [TEST_STEP][PASSED] - if (selenium.isElementPresent("id=app-confirmation")): null

2020-04-07 08:17:25 - [TEST_STEP][PASSED] - Thread.sleep(1000): null

2020-04-07 08:17:26 - [TEST_STEP][PASSED] - try: null

2020-04-07 08:17:26 - [TEST_STEP][PASSED] - if (selenium.isElementPresent("id=app-confirmation")): null

2020-04-07 08:17:27 - [TEST_STEP][PASSED] - Thread.sleep(1000): null

2020-04-07 08:17:28 - [TEST_STEP][PASSED] - try: null

2020-04-07 08:17:28 - [TEST_STEP][PASSED] - if (selenium.isElementPresent("id=app-confirmation")): null

2020-04-07 08:17:28 - [TEST_STEP][PASSED] - Thread.sleep(1000): null

2020-04-07 08:17:29 - [TEST_STEP][PASSED] - try: null

2020-04-07 08:17:29 - [TEST_STEP][PASSED] - if (selenium.isElementPresent("id=app-confirmation")): null

2020-04-07 08:17:29 - [TEST_STEP][PASSED] - Thread.sleep(1000): null

2020-04-07 08:17:30 - [TEST_STEP][PASSED] - try: null

2020-04-07 08:17:30 - [TEST_STEP][PASSED] - if (selenium.isElementPresent("id=app-confirmation")): null

2020-04-07 08:17:30 - [TEST_STEP][PASSED] - Thread.sleep(1000): null

2020-04-07 08:17:31 - [TEST_STEP][PASSED] - try: null

2020-04-07 08:17:31 - [TEST_STEP][PASSED] - if (selenium.isElementPresent("id=app-confirmation")): null

2020-04-07 08:17:31 - [TEST_STEP][PASSED] - Thread.sleep(1000): null

2020-04-07 08:17:32 - [TEST_STEP][PASSED] - try: null

2020-04-07 08:17:32 - [TEST_STEP][PASSED] - if (selenium.isElementPresent("id=app-confirmation")): null

2020-04-07 08:17:32 - [TEST_STEP][PASSED] - Thread.sleep(1000): null

2020-04-07 08:17:33 - [TEST_STEP][PASSED] - try: null

2020-04-07 08:17:33 - [TEST_STEP][PASSED] - if (selenium.isElementPresent("id=app-confirmation")): null

2020-04-07 08:17:33 - [TEST_STEP][PASSED] - Thread.sleep(1000): null

2020-04-07 08:17:34 - [TEST_STEP][PASSED] - try: null

2020-04-07 08:17:34 - [TEST_STEP][PASSED] - if (selenium.isElementPresent("id=app-confirmation")): null

2020-04-07 08:17:34 - [TEST_STEP][PASSED] - Thread.sleep(1000): null

2020-04-07 08:17:35 - [TEST_STEP][PASSED] - try: null

2020-04-07 08:17:35 - [TEST_STEP][PASSED] - if (selenium.isElementPresent("id=app-confirmation")): null

2020-04-07 08:17:35 - [TEST_STEP][PASSED] - Thread.sleep(1000): null

2020-04-07 08:17:36 - [TEST_STEP][PASSED] - try: null

2020-04-07 08:17:36 - [TEST_STEP][PASSED] - if (selenium.isElementPresent("id=app-confirmation")): null

2020-04-07 08:17:36 - [TEST_STEP][PASSED] - Thread.sleep(1000): null

2020-04-07 08:17:37 - [TEST_STEP][PASSED] - try: null

2020-04-07 08:17:37 - [TEST_STEP][PASSED] - if (selenium.isElementPresent("id=app-confirmation")): null

2020-04-07 08:17:37 - [TEST_STEP][PASSED] - Thread.sleep(1000): null

2020-04-07 08:17:38 - [TEST_STEP][PASSED] - try: null

2020-04-07 08:17:38 - [TEST_STEP][PASSED] - if (selenium.isElementPresent("id=app-confirmation")): null

2020-04-07 08:17:39 - [TEST_STEP][PASSED] - Thread.sleep(1000): null

2020-04-07 08:17:40 - [TEST_STEP][PASSED] - try: null

2020-04-07 08:17:40 - [TEST_STEP][PASSED] - if (selenium.isElementPresent("id=app-confirmation")): null

2020-04-07 08:17:40 - [TEST_STEP][PASSED] - Thread.sleep(1000): null

2020-04-07 08:17:41 - [TEST_STEP][PASSED] - try: null

2020-04-07 08:17:41 - [TEST_STEP][PASSED] - if (selenium.isElementPresent("id=app-confirmation")): null

2020-04-07 08:17:41 - [TEST_STEP][PASSED] - Thread.sleep(1000): null

2020-04-07 08:17:42 - [TEST_STEP][PASSED] - try: null

2020-04-07 08:17:42 - [TEST_STEP][PASSED] - if (selenium.isElementPresent("id=app-confirmation")): null

2020-04-07 08:17:42 - [TEST_STEP][PASSED] - Thread.sleep(1000): null

2020-04-07 08:17:43 - [TEST_STEP][PASSED] - try: null

2020-04-07 08:17:43 - [TEST_STEP][PASSED] - if (selenium.isElementPresent("id=app-confirmation")): null

2020-04-07 08:17:43 - [TEST_STEP][PASSED] - Thread.sleep(1000): null

2020-04-07 08:17:44 - [TEST_STEP][PASSED] - try: null

2020-04-07 08:17:44 - [TEST_STEP][PASSED] - if (selenium.isElementPresent("id=app-confirmation")): null

2020-04-07 08:17:44 - [TEST_STEP][PASSED] - Thread.sleep(1000): null

2020-04-07 08:17:45 - [TEST_STEP][PASSED] - callTestCase(findTestCase("AHI/_include/get_screenshot"), [:], STOP_ON_FAILURE): Call Test Case 'Test Cases/AHI/_include/get_screenshot' successfully

2020-04-07 08:17:45 - [TEST_CASE][PASSED] - Test Cases/AHI/_include/get_screenshot: Test Cases/AHI/_include/get_screenshot

2020-04-07 08:17:45 - [TEST_STEP][PASSED] - Thread.sleep(1000): null

2020-04-07 08:17:46 - [TEST_STEP][PASSED] - takeScreenshot(screenPath + i + ".png"): Taking screenshot successfully

2020-04-07 08:17:46 - [MESSAGE][PASSED] - Taking screenshot successfully
[[ATTACHMENT|D:\\Test\\AgileTest\\Reports\\AHI\\ahi\\20200407_080032\\../Screenshots/iPhone 6/AHI/Dental - USA Access/20200407_081609/8.png]]

2020-04-07 08:17:46 - [TEST_STEP][PASSED] - (internal.GlobalVariable.i++): null

2020-04-07 08:17:46 - [MESSAGE][PASSED] - Call Test Case 'Test Cases/AHI/_include/get_screenshot' successfully]]></system-out>
         <system-err><![CDATA[]]></system-err>
      </testcase>
      <testcase name="Test Cases/AHI/NEW/HBI" classname="Test Cases/AHI/NEW/HBI" status="PASSED">
         <system-out><![CDATA[2020-04-07 08:17:46 - [TEST_CASE][PASSED] - Test Cases/AHI/NEW/HBI: Test Cases/AHI/NEW/HBI

2020-04-07 08:17:47 - [TEST_STEP][PASSED] - callTestCase(findTestCase("AHI/_include/get_screenPath"), ["productLine":"AHI", "carrierName":"HBI"], CONTINUE_ON_FAILURE): Call Test Case 'Test Cases/AHI/_include/get_screenPath' successfully

2020-04-07 08:17:47 - [TEST_CASE][PASSED] - Test Cases/AHI/_include/get_screenPath: Test Cases/AHI/_include/get_screenPath

2020-04-07 08:17:47 - [TEST_STEP][PASSED] - m = getExecutionProperties(): null

2020-04-07 08:17:47 - [TEST_STEP][PASSED] - deviceName = get("mobileEmulation").get("deviceName"): null

2020-04-07 08:17:47 - [TEST_STEP][PASSED] - println(deviceName): null

2020-04-07 08:17:47 - [TEST_STEP][PASSED] - now = new java.util.Date(): null

2020-04-07 08:17:47 - [TEST_STEP][PASSED] - mydate = now.format("yyyyMMdd_HHmmss"): null

2020-04-07 08:17:47 - [TEST_STEP][PASSED] - screenPath = "../Screenshots/": null

2020-04-07 08:17:47 - [TEST_STEP][PASSED] - screenPath = screenPath + deviceName + "/" + productLine + "/" + carrierName + "/" + mydate + "/": null

2020-04-07 08:17:47 - [TEST_STEP][PASSED] - println(screenPath): null

2020-04-07 08:17:47 - [MESSAGE][PASSED] - Call Test Case 'Test Cases/AHI/_include/get_screenPath' successfully

2020-04-07 08:17:47 - [TEST_STEP][PASSED] - i = 0: null

2020-04-07 08:17:47 - [TEST_STEP][PASSED] - callTestCase(findTestCase("AHI/_include/openWebSite"), [:], CONTINUE_ON_FAILURE): Call Test Case 'Test Cases/AHI/_include/openWebSite' successfully

2020-04-07 08:17:47 - [TEST_CASE][PASSED] - Test Cases/AHI/_include/openWebSite: Test Cases/AHI/_include/openWebSite

2020-04-07 08:17:47 - [TEST_STEP][PASSED] - openBrowser(env): Browser is opened with url: 'https://praetemptatus.agilehealthinsurance.com'

2020-04-07 08:17:47 - [MESSAGE][WARNING] - A browser is already opened. Closing browser and opening a new one

2020-04-07 08:17:48 - [MESSAGE][INFO] - Starting 'Chrome' driver

2020-04-07 08:17:48 - [MESSAGE][INFO] - User set preference: ['mobileEmulation', '{deviceName=iPhone 6}']

2020-04-07 08:17:48 - [MESSAGE][INFO] - User set preference: ['args', '[--incognito, --aggressive-cache-discard, --window-size=375,677, --no-sandbox, --ignore-certificate-errors]']

2020-04-07 08:17:51 - [MESSAGE][PASSED] - Browser is opened with url: 'https://praetemptatus.agilehealthinsurance.com'

2020-04-07 08:17:51 - [TEST_STEP][PASSED] - waitForPageLoad(20): Wait for page load successfully

2020-04-07 08:17:53 - [MESSAGE][PASSED] - Wait for page load successfully

2020-04-07 08:17:53 - [TEST_STEP][PASSED] - callTestCase(findTestCase("AHI/_include/get_screenshot"), [:], STOP_ON_FAILURE): Call Test Case 'Test Cases/AHI/_include/get_screenshot' successfully

2020-04-07 08:17:53 - [TEST_CASE][PASSED] - Test Cases/AHI/_include/get_screenshot: Test Cases/AHI/_include/get_screenshot

2020-04-07 08:17:53 - [TEST_STEP][PASSED] - Thread.sleep(1000): null

2020-04-07 08:17:54 - [TEST_STEP][PASSED] - takeScreenshot(screenPath + i + ".png"): Taking screenshot successfully

2020-04-07 08:17:55 - [MESSAGE][PASSED] - Taking screenshot successfully
[[ATTACHMENT|D:\\Test\\AgileTest\\Reports\\AHI\\ahi\\20200407_080032\\../Screenshots/iPhone 6/AHI/HBI/20200407_081747/0.png]]

2020-04-07 08:17:55 - [TEST_STEP][PASSED] - (internal.GlobalVariable.i++): null

2020-04-07 08:17:55 - [MESSAGE][PASSED] - Call Test Case 'Test Cases/AHI/_include/get_screenshot' successfully

2020-04-07 08:17:55 - [MESSAGE][PASSED] - Call Test Case 'Test Cases/AHI/_include/openWebSite' successfully

2020-04-07 08:17:55 - [TEST_STEP][PASSED] - driver = getWebDriver(): null

2020-04-07 08:17:55 - [TEST_STEP][PASSED] - baseUrl = ENV: null

2020-04-07 08:17:55 - [TEST_STEP][PASSED] - selenium = new com.thoughtworks.selenium.webdriven.WebDriverBackedSelenium(driver, baseUrl): null

2020-04-07 08:17:55 - [TEST_STEP][PASSED] - selenium.click("//*[@class='filter-option-inner-inner']"): null

2020-04-07 08:17:55 - [TEST_STEP][PASSED] - selenium.click("id=bs-select-1-3"): null

2020-04-07 08:17:55 - [TEST_STEP][PASSED] - selenium.click("id=primaryCTA"): null

2020-04-07 08:17:56 - [TEST_STEP][PASSED] - for ([second = 0, second < 10, (second++)]): null

2020-04-07 08:17:56 - [TEST_STEP][PASSED] - try: null

2020-04-07 08:17:56 - [TEST_STEP][PASSED] - if (selenium.isElementPresent("id=js-traffic-to-aiq")): null

2020-04-07 08:17:57 - [TEST_STEP][PASSED] - break: null

2020-04-07 08:17:57 - [TEST_STEP][PASSED] - callTestCase(findTestCase("AHI/_include/get_screenshot"), [:], STOP_ON_FAILURE): Call Test Case 'Test Cases/AHI/_include/get_screenshot' successfully

2020-04-07 08:17:57 - [TEST_CASE][PASSED] - Test Cases/AHI/_include/get_screenshot: Test Cases/AHI/_include/get_screenshot

2020-04-07 08:17:57 - [TEST_STEP][PASSED] - Thread.sleep(1000): null

2020-04-07 08:17:58 - [TEST_STEP][PASSED] - takeScreenshot(screenPath + i + ".png"): Taking screenshot successfully

2020-04-07 08:17:58 - [MESSAGE][PASSED] - Taking screenshot successfully
[[ATTACHMENT|D:\\Test\\AgileTest\\Reports\\AHI\\ahi\\20200407_080032\\../Screenshots/iPhone 6/AHI/HBI/20200407_081747/1.png]]

2020-04-07 08:17:58 - [TEST_STEP][PASSED] - (internal.GlobalVariable.i++): null

2020-04-07 08:17:58 - [MESSAGE][PASSED] - Call Test Case 'Test Cases/AHI/_include/get_screenshot' successfully

2020-04-07 08:17:58 - [TEST_STEP][PASSED] - url = selenium.getAttribute("xpath=(//a[@id='js-traffic-to-aiq'])@href"): null

2020-04-07 08:17:58 - [TEST_STEP][PASSED] - navigateToUrl(url): Navigate to 'https://healthinsurance.net/health?utm_source=hiiq&utm_medium=cpm&utm_campaign=agile' successfully

2020-04-07 08:18:03 - [MESSAGE][PASSED] - Navigate to 'https://healthinsurance.net/health?utm_source=hiiq&utm_medium=cpm&utm_campaign=agile' successfully

2020-04-07 08:18:03 - [TEST_STEP][PASSED] - waitForPageLoad(10): Wait for page load successfully

2020-04-07 08:18:03 - [MESSAGE][PASSED] - Wait for page load successfully

2020-04-07 08:18:03 - [TEST_STEP][PASSED] - callTestCase(findTestCase("AHI/_include/get_screenshot"), [:], STOP_ON_FAILURE): Call Test Case 'Test Cases/AHI/_include/get_screenshot' successfully

2020-04-07 08:18:03 - [TEST_CASE][PASSED] - Test Cases/AHI/_include/get_screenshot: Test Cases/AHI/_include/get_screenshot

2020-04-07 08:18:03 - [TEST_STEP][PASSED] - Thread.sleep(1000): null

2020-04-07 08:18:04 - [TEST_STEP][PASSED] - takeScreenshot(screenPath + i + ".png"): Taking screenshot successfully

2020-04-07 08:18:05 - [MESSAGE][PASSED] - Taking screenshot successfully
[[ATTACHMENT|D:\\Test\\AgileTest\\Reports\\AHI\\ahi\\20200407_080032\\../Screenshots/iPhone 6/AHI/HBI/20200407_081747/2.png]]

2020-04-07 08:18:05 - [TEST_STEP][PASSED] - (internal.GlobalVariable.i++): null

2020-04-07 08:18:05 - [MESSAGE][PASSED] - Call Test Case 'Test Cases/AHI/_include/get_screenshot' successfully]]></system-out>
         <system-err><![CDATA[]]></system-err>
      </testcase>
      <testcase name="Test Cases/AHI/NEW/Medicare" classname="Test Cases/AHI/NEW/Medicare" status="PASSED">
         <system-out><![CDATA[2020-04-07 08:18:05 - [TEST_CASE][PASSED] - Test Cases/AHI/NEW/Medicare: Test Cases/AHI/NEW/Medicare

2020-04-07 08:18:05 - [TEST_STEP][PASSED] - callTestCase(findTestCase("AHI/_include/get_screenPath"), ["productLine":"AHI", "carrierName":"Medicare"], CONTINUE_ON_FAILURE): Call Test Case 'Test Cases/AHI/_include/get_screenPath' successfully

2020-04-07 08:18:05 - [TEST_CASE][PASSED] - Test Cases/AHI/_include/get_screenPath: Test Cases/AHI/_include/get_screenPath

2020-04-07 08:18:05 - [TEST_STEP][PASSED] - m = getExecutionProperties(): null

2020-04-07 08:18:05 - [TEST_STEP][PASSED] - deviceName = get("mobileEmulation").get("deviceName"): null

2020-04-07 08:18:05 - [TEST_STEP][PASSED] - println(deviceName): null

2020-04-07 08:18:05 - [TEST_STEP][PASSED] - now = new java.util.Date(): null

2020-04-07 08:18:05 - [TEST_STEP][PASSED] - mydate = now.format("yyyyMMdd_HHmmss"): null

2020-04-07 08:18:05 - [TEST_STEP][PASSED] - screenPath = "../Screenshots/": null

2020-04-07 08:18:05 - [TEST_STEP][PASSED] - screenPath = screenPath + deviceName + "/" + productLine + "/" + carrierName + "/" + mydate + "/": null

2020-04-07 08:18:05 - [TEST_STEP][PASSED] - println(screenPath): null

2020-04-07 08:18:05 - [MESSAGE][PASSED] - Call Test Case 'Test Cases/AHI/_include/get_screenPath' successfully

2020-04-07 08:18:05 - [TEST_STEP][PASSED] - i = 0: null

2020-04-07 08:18:05 - [TEST_STEP][PASSED] - callTestCase(findTestCase("AHI/_include/openWebSite"), [:], CONTINUE_ON_FAILURE): Call Test Case 'Test Cases/AHI/_include/openWebSite' successfully

2020-04-07 08:18:05 - [TEST_CASE][PASSED] - Test Cases/AHI/_include/openWebSite: Test Cases/AHI/_include/openWebSite

2020-04-07 08:18:05 - [TEST_STEP][PASSED] - openBrowser(env): Browser is opened with url: 'https://praetemptatus.agilehealthinsurance.com'

2020-04-07 08:18:05 - [MESSAGE][WARNING] - A browser is already opened. Closing browser and opening a new one

2020-04-07 08:18:06 - [MESSAGE][INFO] - Starting 'Chrome' driver

2020-04-07 08:18:06 - [MESSAGE][INFO] - User set preference: ['mobileEmulation', '{deviceName=iPhone 6}']

2020-04-07 08:18:06 - [MESSAGE][INFO] - User set preference: ['args', '[--incognito, --aggressive-cache-discard, --window-size=375,677, --no-sandbox, --ignore-certificate-errors]']

2020-04-07 08:18:10 - [MESSAGE][PASSED] - Browser is opened with url: 'https://praetemptatus.agilehealthinsurance.com'

2020-04-07 08:18:10 - [TEST_STEP][PASSED] - waitForPageLoad(20): Wait for page load successfully

2020-04-07 08:18:10 - [MESSAGE][PASSED] - Wait for page load successfully

2020-04-07 08:18:10 - [TEST_STEP][PASSED] - callTestCase(findTestCase("AHI/_include/get_screenshot"), [:], STOP_ON_FAILURE): Call Test Case 'Test Cases/AHI/_include/get_screenshot' successfully

2020-04-07 08:18:10 - [TEST_CASE][PASSED] - Test Cases/AHI/_include/get_screenshot: Test Cases/AHI/_include/get_screenshot

2020-04-07 08:18:10 - [TEST_STEP][PASSED] - Thread.sleep(1000): null

2020-04-07 08:18:11 - [TEST_STEP][PASSED] - takeScreenshot(screenPath + i + ".png"): Taking screenshot successfully

2020-04-07 08:18:12 - [MESSAGE][PASSED] - Taking screenshot successfully
[[ATTACHMENT|D:\\Test\\AgileTest\\Reports\\AHI\\ahi\\20200407_080032\\../Screenshots/iPhone 6/AHI/Medicare/20200407_081805/0.png]]

2020-04-07 08:18:12 - [TEST_STEP][PASSED] - (internal.GlobalVariable.i++): null

2020-04-07 08:18:12 - [MESSAGE][PASSED] - Call Test Case 'Test Cases/AHI/_include/get_screenshot' successfully

2020-04-07 08:18:12 - [MESSAGE][PASSED] - Call Test Case 'Test Cases/AHI/_include/openWebSite' successfully

2020-04-07 08:18:12 - [TEST_STEP][PASSED] - driver = getWebDriver(): null

2020-04-07 08:18:12 - [TEST_STEP][PASSED] - baseUrl = ENV: null

2020-04-07 08:18:12 - [TEST_STEP][PASSED] - selenium = new com.thoughtworks.selenium.webdriven.WebDriverBackedSelenium(driver, baseUrl): null

2020-04-07 08:18:12 - [TEST_STEP][PASSED] - selenium.click("//*[@class='filter-option-inner-inner']"): null

2020-04-07 08:18:12 - [TEST_STEP][PASSED] - selenium.click("id=bs-select-1-4"): null

2020-04-07 08:18:13 - [TEST_STEP][PASSED] - selenium.click("id=primaryCTA"): null

2020-04-07 08:18:14 - [TEST_STEP][PASSED] - for ([second = 0, second < 10, (second++)]): null

2020-04-07 08:18:14 - [TEST_STEP][PASSED] - try: null

2020-04-07 08:18:14 - [TEST_STEP][PASSED] - if (selenium.isElementPresent("//h1[contains(text(),'Compare Medicare health plans')]")): null

2020-04-07 08:18:14 - [TEST_STEP][PASSED] - Thread.sleep(1000): null

2020-04-07 08:18:15 - [TEST_STEP][PASSED] - try: null

2020-04-07 08:18:15 - [TEST_STEP][PASSED] - if (selenium.isElementPresent("//h1[contains(text(),'Compare Medicare health plans')]")): null

2020-04-07 08:18:16 - [TEST_STEP][PASSED] - Thread.sleep(1000): null

2020-04-07 08:18:17 - [TEST_STEP][PASSED] - try: null

2020-04-07 08:18:17 - [TEST_STEP][PASSED] - if (selenium.isElementPresent("//h1[contains(text(),'Compare Medicare health plans')]")): null

2020-04-07 08:18:17 - [TEST_STEP][PASSED] - Thread.sleep(1000): null

2020-04-07 08:18:18 - [TEST_STEP][PASSED] - try: null

2020-04-07 08:18:18 - [TEST_STEP][PASSED] - if (selenium.isElementPresent("//h1[contains(text(),'Compare Medicare health plans')]")): null

2020-04-07 08:18:18 - [TEST_STEP][PASSED] - Thread.sleep(1000): null

2020-04-07 08:18:19 - [TEST_STEP][PASSED] - try: null

2020-04-07 08:18:19 - [TEST_STEP][PASSED] - if (selenium.isElementPresent("//h1[contains(text(),'Compare Medicare health plans')]")): null

2020-04-07 08:18:23 - [TEST_STEP][PASSED] - break: null

2020-04-07 08:18:23 - [TEST_STEP][PASSED] - callTestCase(findTestCase("AHI/_include/get_screenshot"), [:], STOP_ON_FAILURE): Call Test Case 'Test Cases/AHI/_include/get_screenshot' successfully

2020-04-07 08:18:23 - [TEST_CASE][PASSED] - Test Cases/AHI/_include/get_screenshot: Test Cases/AHI/_include/get_screenshot

2020-04-07 08:18:23 - [TEST_STEP][PASSED] - Thread.sleep(1000): null

2020-04-07 08:18:24 - [TEST_STEP][PASSED] - takeScreenshot(screenPath + i + ".png"): Taking screenshot successfully

2020-04-07 08:18:25 - [MESSAGE][PASSED] - Taking screenshot successfully
[[ATTACHMENT|D:\\Test\\AgileTest\\Reports\\AHI\\ahi\\20200407_080032\\../Screenshots/iPhone 6/AHI/Medicare/20200407_081805/1.png]]

2020-04-07 08:18:25 - [TEST_STEP][PASSED] - (internal.GlobalVariable.i++): null

2020-04-07 08:18:25 - [MESSAGE][PASSED] - Call Test Case 'Test Cases/AHI/_include/get_screenshot' successfully]]></system-out>
         <system-err><![CDATA[]]></system-err>
      </testcase>
      <testcase name="Test Cases/AHI/NEW/Pet Insurance" classname="Test Cases/AHI/NEW/Pet Insurance" status="PASSED">
         <system-out><![CDATA[2020-04-07 08:18:25 - [TEST_CASE][PASSED] - Test Cases/AHI/NEW/Pet Insurance: Test Cases/AHI/NEW/Pet Insurance

2020-04-07 08:18:26 - [TEST_STEP][PASSED] - callTestCase(findTestCase("AHI/_include/get_screenPath"), ["productLine":"AHI", "carrierName":"Pet Insurance"], CONTINUE_ON_FAILURE): Call Test Case 'Test Cases/AHI/_include/get_screenPath' successfully

2020-04-07 08:18:26 - [TEST_CASE][PASSED] - Test Cases/AHI/_include/get_screenPath: Test Cases/AHI/_include/get_screenPath

2020-04-07 08:18:26 - [TEST_STEP][PASSED] - m = getExecutionProperties(): null

2020-04-07 08:18:26 - [TEST_STEP][PASSED] - deviceName = get("mobileEmulation").get("deviceName"): null

2020-04-07 08:18:26 - [TEST_STEP][PASSED] - println(deviceName): null

2020-04-07 08:18:26 - [TEST_STEP][PASSED] - now = new java.util.Date(): null

2020-04-07 08:18:26 - [TEST_STEP][PASSED] - mydate = now.format("yyyyMMdd_HHmmss"): null

2020-04-07 08:18:26 - [TEST_STEP][PASSED] - screenPath = "../Screenshots/": null

2020-04-07 08:18:26 - [TEST_STEP][PASSED] - screenPath = screenPath + deviceName + "/" + productLine + "/" + carrierName + "/" + mydate + "/": null

2020-04-07 08:18:26 - [TEST_STEP][PASSED] - println(screenPath): null

2020-04-07 08:18:26 - [MESSAGE][PASSED] - Call Test Case 'Test Cases/AHI/_include/get_screenPath' successfully

2020-04-07 08:18:26 - [TEST_STEP][PASSED] - i = 0: null

2020-04-07 08:18:26 - [TEST_STEP][PASSED] - callTestCase(findTestCase("AHI/_include/openWebSite"), [:], CONTINUE_ON_FAILURE): Call Test Case 'Test Cases/AHI/_include/openWebSite' successfully

2020-04-07 08:18:26 - [TEST_CASE][PASSED] - Test Cases/AHI/_include/openWebSite: Test Cases/AHI/_include/openWebSite

2020-04-07 08:18:26 - [TEST_STEP][PASSED] - openBrowser(env): Browser is opened with url: 'https://praetemptatus.agilehealthinsurance.com'

2020-04-07 08:18:26 - [MESSAGE][WARNING] - A browser is already opened. Closing browser and opening a new one

2020-04-07 08:18:28 - [MESSAGE][INFO] - Starting 'Chrome' driver

2020-04-07 08:18:28 - [MESSAGE][INFO] - User set preference: ['mobileEmulation', '{deviceName=iPhone 6}']

2020-04-07 08:18:28 - [MESSAGE][INFO] - User set preference: ['args', '[--incognito, --aggressive-cache-discard, --window-size=375,677, --no-sandbox, --ignore-certificate-errors]']

2020-04-07 08:18:35 - [MESSAGE][PASSED] - Browser is opened with url: 'https://praetemptatus.agilehealthinsurance.com'

2020-04-07 08:18:35 - [TEST_STEP][PASSED] - waitForPageLoad(20): Wait for page load successfully

2020-04-07 08:18:35 - [MESSAGE][PASSED] - Wait for page load successfully

2020-04-07 08:18:35 - [TEST_STEP][PASSED] - callTestCase(findTestCase("AHI/_include/get_screenshot"), [:], STOP_ON_FAILURE): Call Test Case 'Test Cases/AHI/_include/get_screenshot' successfully

2020-04-07 08:18:35 - [TEST_CASE][PASSED] - Test Cases/AHI/_include/get_screenshot: Test Cases/AHI/_include/get_screenshot

2020-04-07 08:18:35 - [TEST_STEP][PASSED] - Thread.sleep(1000): null

2020-04-07 08:18:36 - [TEST_STEP][PASSED] - takeScreenshot(screenPath + i + ".png"): Taking screenshot successfully

2020-04-07 08:18:38 - [MESSAGE][PASSED] - Taking screenshot successfully
[[ATTACHMENT|D:\\Test\\AgileTest\\Reports\\AHI\\ahi\\20200407_080032\\../Screenshots/iPhone 6/AHI/Pet Insurance/20200407_081826/0.png]]

2020-04-07 08:18:38 - [TEST_STEP][PASSED] - (internal.GlobalVariable.i++): null

2020-04-07 08:18:38 - [MESSAGE][PASSED] - Call Test Case 'Test Cases/AHI/_include/get_screenshot' successfully

2020-04-07 08:18:38 - [MESSAGE][PASSED] - Call Test Case 'Test Cases/AHI/_include/openWebSite' successfully

2020-04-07 08:18:38 - [TEST_STEP][PASSED] - driver = getWebDriver(): null

2020-04-07 08:18:38 - [TEST_STEP][PASSED] - baseUrl = ENV: null

2020-04-07 08:18:38 - [TEST_STEP][PASSED] - selenium = new com.thoughtworks.selenium.webdriven.WebDriverBackedSelenium(driver, baseUrl): null

2020-04-07 08:18:38 - [TEST_STEP][PASSED] - selenium.click("//*[@class='filter-option-inner-inner']"): null

2020-04-07 08:18:38 - [TEST_STEP][PASSED] - selenium.click("id=bs-select-1-5"): null

2020-04-07 08:18:39 - [TEST_STEP][PASSED] - selenium.click("id=primaryCTA"): null

2020-04-07 08:18:42 - [TEST_STEP][PASSED] - for ([second = 0, second < 20, (second++)]): null

2020-04-07 08:18:42 - [TEST_STEP][PASSED] - try: null

2020-04-07 08:18:42 - [TEST_STEP][PASSED] - if (selenium.isElementPresent("id=zip-input")): null

2020-04-07 08:18:43 - [TEST_STEP][PASSED] - break: null

2020-04-07 08:18:43 - [TEST_STEP][PASSED] - callTestCase(findTestCase("AHI/_include/get_screenshot"), [:], STOP_ON_FAILURE): Call Test Case 'Test Cases/AHI/_include/get_screenshot' successfully

2020-04-07 08:18:43 - [TEST_CASE][PASSED] - Test Cases/AHI/_include/get_screenshot: Test Cases/AHI/_include/get_screenshot

2020-04-07 08:18:43 - [TEST_STEP][PASSED] - Thread.sleep(1000): null

2020-04-07 08:18:44 - [TEST_STEP][PASSED] - takeScreenshot(screenPath + i + ".png"): Taking screenshot successfully

2020-04-07 08:18:46 - [MESSAGE][PASSED] - Taking screenshot successfully
[[ATTACHMENT|D:\\Test\\AgileTest\\Reports\\AHI\\ahi\\20200407_080032\\../Screenshots/iPhone 6/AHI/Pet Insurance/20200407_081826/1.png]]

2020-04-07 08:18:46 - [TEST_STEP][PASSED] - (internal.GlobalVariable.i++): null

2020-04-07 08:18:46 - [MESSAGE][PASSED] - Call Test Case 'Test Cases/AHI/_include/get_screenshot' successfully

2020-04-07 08:18:46 - [TEST_STEP][PASSED] - sendKeys(findTestObject("mobileSanity/Cancer Insurance/zip"), "35216"): Keys '35216' sent to object: 'Object Repository/mobileSanity/Cancer Insurance/zip'

2020-04-07 08:18:46 - [MESSAGE][PASSED] - Keys '35216' sent to object: 'Object Repository/mobileSanity/Cancer Insurance/zip'

2020-04-07 08:18:46 - [TEST_STEP][PASSED] - Thread.sleep(3000): null

2020-04-07 08:18:49 - [TEST_STEP][PASSED] - selenium.click("id=js-see-plans"): null

2020-04-07 08:18:51 - [TEST_STEP][PASSED] - for ([second = 0, second < 20, (second++)]): null

2020-04-07 08:18:51 - [TEST_STEP][PASSED] - try: null

2020-04-07 08:18:51 - [TEST_STEP][PASSED] - if (selenium.isElementPresent("id=name-input")): null

2020-04-07 08:18:52 - [TEST_STEP][PASSED] - break: null

2020-04-07 08:18:52 - [TEST_STEP][PASSED] - callTestCase(findTestCase("AHI/_include/get_screenshot"), [:], STOP_ON_FAILURE): Call Test Case 'Test Cases/AHI/_include/get_screenshot' successfully

2020-04-07 08:18:52 - [TEST_CASE][PASSED] - Test Cases/AHI/_include/get_screenshot: Test Cases/AHI/_include/get_screenshot

2020-04-07 08:18:52 - [TEST_STEP][PASSED] - Thread.sleep(1000): null

2020-04-07 08:18:53 - [TEST_STEP][PASSED] - takeScreenshot(screenPath + i + ".png"): Taking screenshot successfully

2020-04-07 08:18:53 - [MESSAGE][PASSED] - Taking screenshot successfully
[[ATTACHMENT|D:\\Test\\AgileTest\\Reports\\AHI\\ahi\\20200407_080032\\../Screenshots/iPhone 6/AHI/Pet Insurance/20200407_081826/2.png]]

2020-04-07 08:18:53 - [TEST_STEP][PASSED] - (internal.GlobalVariable.i++): null

2020-04-07 08:18:53 - [MESSAGE][PASSED] - Call Test Case 'Test Cases/AHI/_include/get_screenshot' successfully

2020-04-07 08:18:53 - [TEST_STEP][PASSED] - setText(findTestObject("mobileSanity/Pet Insurance/name-input"), "Test cat"): Text 'Test cat' is set on object 'Object Repository/mobileSanity/Pet Insurance/name-input'

2020-04-07 08:18:54 - [MESSAGE][PASSED] - Text 'Test cat' is set on object 'Object Repository/mobileSanity/Pet Insurance/name-input'

2020-04-07 08:18:54 - [TEST_STEP][PASSED] - selenium.click("id=js-continue"): null

2020-04-07 08:18:54 - [TEST_STEP][PASSED] - for ([second = 0, second < 20, (second++)]): null

2020-04-07 08:18:54 - [TEST_STEP][PASSED] - try: null

2020-04-07 08:18:54 - [TEST_STEP][PASSED] - if (selenium.isElementPresent("xpath=//label[@for='p-cat']")): null

2020-04-07 08:18:54 - [TEST_STEP][PASSED] - break: null

2020-04-07 08:18:54 - [TEST_STEP][PASSED] - callTestCase(findTestCase("AHI/_include/get_screenshot"), [:], STOP_ON_FAILURE): Call Test Case 'Test Cases/AHI/_include/get_screenshot' successfully

2020-04-07 08:18:54 - [TEST_CASE][PASSED] - Test Cases/AHI/_include/get_screenshot: Test Cases/AHI/_include/get_screenshot

2020-04-07 08:18:54 - [TEST_STEP][PASSED] - Thread.sleep(1000): null

2020-04-07 08:18:55 - [TEST_STEP][PASSED] - takeScreenshot(screenPath + i + ".png"): Taking screenshot successfully

2020-04-07 08:18:56 - [MESSAGE][PASSED] - Taking screenshot successfully
[[ATTACHMENT|D:\\Test\\AgileTest\\Reports\\AHI\\ahi\\20200407_080032\\../Screenshots/iPhone 6/AHI/Pet Insurance/20200407_081826/3.png]]

2020-04-07 08:18:56 - [TEST_STEP][PASSED] - (internal.GlobalVariable.i++): null

2020-04-07 08:18:56 - [MESSAGE][PASSED] - Call Test Case 'Test Cases/AHI/_include/get_screenshot' successfully

2020-04-07 08:18:56 - [TEST_STEP][PASSED] - selenium.click("//label[@for='p-cat']"): null

2020-04-07 08:18:56 - [TEST_STEP][PASSED] - for ([second = 0, second < 20, (second++)]): null

2020-04-07 08:18:56 - [TEST_STEP][PASSED] - try: null

2020-04-07 08:18:56 - [TEST_STEP][PASSED] - if (selenium.isElementPresent("id=dob-mm-input")): null

2020-04-07 08:18:56 - [TEST_STEP][PASSED] - break: null

2020-04-07 08:18:56 - [TEST_STEP][PASSED] - callTestCase(findTestCase("AHI/_include/get_screenshot"), [:], STOP_ON_FAILURE): Call Test Case 'Test Cases/AHI/_include/get_screenshot' successfully

2020-04-07 08:18:56 - [TEST_CASE][PASSED] - Test Cases/AHI/_include/get_screenshot: Test Cases/AHI/_include/get_screenshot

2020-04-07 08:18:57 - [TEST_STEP][PASSED] - Thread.sleep(1000): null

2020-04-07 08:18:58 - [TEST_STEP][PASSED] - takeScreenshot(screenPath + i + ".png"): Taking screenshot successfully

2020-04-07 08:18:58 - [MESSAGE][PASSED] - Taking screenshot successfully
[[ATTACHMENT|D:\\Test\\AgileTest\\Reports\\AHI\\ahi\\20200407_080032\\../Screenshots/iPhone 6/AHI/Pet Insurance/20200407_081826/4.png]]

2020-04-07 08:18:58 - [TEST_STEP][PASSED] - (internal.GlobalVariable.i++): null

2020-04-07 08:18:58 - [MESSAGE][PASSED] - Call Test Case 'Test Cases/AHI/_include/get_screenshot' successfully

2020-04-07 08:18:58 - [TEST_STEP][PASSED] - setText(findTestObject("mobileSanity/Pet Insurance/dob-mm-input"), "01"): Text '01' is set on object 'Object Repository/mobileSanity/Pet Insurance/dob-mm-input'

2020-04-07 08:19:00 - [MESSAGE][PASSED] - Text '01' is set on object 'Object Repository/mobileSanity/Pet Insurance/dob-mm-input'

2020-04-07 08:19:00 - [TEST_STEP][PASSED] - setText(findTestObject("mobileSanity/Pet Insurance/dob-dd-input"), "01"): Text '01' is set on object 'Object Repository/mobileSanity/Pet Insurance/dob-dd-input'

2020-04-07 08:19:00 - [MESSAGE][PASSED] - Text '01' is set on object 'Object Repository/mobileSanity/Pet Insurance/dob-dd-input'

2020-04-07 08:19:00 - [TEST_STEP][PASSED] - setText(findTestObject("mobileSanity/Pet Insurance/dob-yyyy-input"), "2016"): Text '2016' is set on object 'Object Repository/mobileSanity/Pet Insurance/dob-yyyy-input'

2020-04-07 08:19:01 - [MESSAGE][PASSED] - Text '2016' is set on object 'Object Repository/mobileSanity/Pet Insurance/dob-yyyy-input'

2020-04-07 08:19:01 - [TEST_STEP][PASSED] - for ([second = 0, second < 20, (second++)]): null

2020-04-07 08:19:01 - [TEST_STEP][PASSED] - try: null

2020-04-07 08:19:01 - [TEST_STEP][PASSED] - if (selenium.isElementPresent("xpath=//label[@for='p-no']")): null

2020-04-07 08:19:01 - [TEST_STEP][PASSED] - Thread.sleep(1000): null

2020-04-07 08:19:02 - [TEST_STEP][PASSED] - try: null

2020-04-07 08:19:02 - [TEST_STEP][PASSED] - if (selenium.isElementPresent("xpath=//label[@for='p-no']")): null

2020-04-07 08:19:02 - [TEST_STEP][PASSED] - break: null

2020-04-07 08:19:02 - [TEST_STEP][PASSED] - callTestCase(findTestCase("AHI/_include/get_screenshot"), [:], STOP_ON_FAILURE): Call Test Case 'Test Cases/AHI/_include/get_screenshot' successfully

2020-04-07 08:19:02 - [TEST_CASE][PASSED] - Test Cases/AHI/_include/get_screenshot: Test Cases/AHI/_include/get_screenshot

2020-04-07 08:19:02 - [TEST_STEP][PASSED] - Thread.sleep(1000): null

2020-04-07 08:19:03 - [TEST_STEP][PASSED] - takeScreenshot(screenPath + i + ".png"): Taking screenshot successfully

2020-04-07 08:19:04 - [MESSAGE][PASSED] - Taking screenshot successfully
[[ATTACHMENT|D:\\Test\\AgileTest\\Reports\\AHI\\ahi\\20200407_080032\\../Screenshots/iPhone 6/AHI/Pet Insurance/20200407_081826/5.png]]

2020-04-07 08:19:04 - [TEST_STEP][PASSED] - (internal.GlobalVariable.i++): null

2020-04-07 08:19:04 - [MESSAGE][PASSED] - Call Test Case 'Test Cases/AHI/_include/get_screenshot' successfully

2020-04-07 08:19:04 - [TEST_STEP][PASSED] - selenium.click("//label[@for='p-no']"): null

2020-04-07 08:19:09 - [TEST_STEP][PASSED] - for ([second = 0, second < 20, (second++)]): null

2020-04-07 08:19:09 - [TEST_STEP][PASSED] - try: null

2020-04-07 08:19:09 - [TEST_STEP][PASSED] - if (selenium.isElementPresent("id=applyCta")): null

2020-04-07 08:19:10 - [TEST_STEP][PASSED] - break: null

2020-04-07 08:19:10 - [TEST_STEP][PASSED] - callTestCase(findTestCase("AHI/_include/get_screenshot"), [:], STOP_ON_FAILURE): Call Test Case 'Test Cases/AHI/_include/get_screenshot' successfully

2020-04-07 08:19:10 - [TEST_CASE][PASSED] - Test Cases/AHI/_include/get_screenshot: Test Cases/AHI/_include/get_screenshot

2020-04-07 08:19:10 - [TEST_STEP][PASSED] - Thread.sleep(1000): null

2020-04-07 08:19:11 - [TEST_STEP][PASSED] - takeScreenshot(screenPath + i + ".png"): Taking screenshot successfully

2020-04-07 08:19:12 - [MESSAGE][PASSED] - Taking screenshot successfully
[[ATTACHMENT|D:\\Test\\AgileTest\\Reports\\AHI\\ahi\\20200407_080032\\../Screenshots/iPhone 6/AHI/Pet Insurance/20200407_081826/6.png]]

2020-04-07 08:19:12 - [TEST_STEP][PASSED] - (internal.GlobalVariable.i++): null

2020-04-07 08:19:12 - [MESSAGE][PASSED] - Call Test Case 'Test Cases/AHI/_include/get_screenshot' successfully

2020-04-07 08:19:12 - [TEST_STEP][PASSED] - selenium.click("id=applyCta"): null

2020-04-07 08:19:13 - [TEST_STEP][PASSED] - for ([second = 0, second < 20, (second++)]): null

2020-04-07 08:19:13 - [TEST_STEP][PASSED] - try: null

2020-04-07 08:19:13 - [TEST_STEP][PASSED] - if (selenium.isElementPresent("id=member-P-1-firstName")): null

2020-04-07 08:19:14 - [TEST_STEP][PASSED] - break: null

2020-04-07 08:19:14 - [TEST_STEP][PASSED] - callTestCase(findTestCase("AHI/_include/get_screenshot"), [:], STOP_ON_FAILURE): Call Test Case 'Test Cases/AHI/_include/get_screenshot' successfully

2020-04-07 08:19:14 - [TEST_CASE][PASSED] - Test Cases/AHI/_include/get_screenshot: Test Cases/AHI/_include/get_screenshot

2020-04-07 08:19:14 - [TEST_STEP][PASSED] - Thread.sleep(1000): null

2020-04-07 08:19:15 - [TEST_STEP][PASSED] - takeScreenshot(screenPath + i + ".png"): Taking screenshot successfully

2020-04-07 08:19:15 - [MESSAGE][PASSED] - Taking screenshot successfully
[[ATTACHMENT|D:\\Test\\AgileTest\\Reports\\AHI\\ahi\\20200407_080032\\../Screenshots/iPhone 6/AHI/Pet Insurance/20200407_081826/7.png]]

2020-04-07 08:19:15 - [TEST_STEP][PASSED] - (internal.GlobalVariable.i++): null

2020-04-07 08:19:15 - [MESSAGE][PASSED] - Call Test Case 'Test Cases/AHI/_include/get_screenshot' successfully

2020-04-07 08:19:15 - [TEST_STEP][PASSED] - callTestCase(findTestCase("AHI/_include/name"), [:], STOP_ON_FAILURE): Call Test Case 'Test Cases/AHI/_include/name' successfully

2020-04-07 08:19:15 - [TEST_CASE][PASSED] - Test Cases/AHI/_include/name: Test Cases/AHI/_include/name

2020-04-07 08:19:15 - [TEST_STEP][PASSED] - driver = getWebDriver(): null

2020-04-07 08:19:15 - [TEST_STEP][PASSED] - selenium = new com.thoughtworks.selenium.webdriven.WebDriverBackedSelenium(driver, internal.GlobalVariable.ENV): null

2020-04-07 08:19:15 - [TEST_STEP][PASSED] - FirstName = "Test-123": null

2020-04-07 08:19:15 - [TEST_STEP][PASSED] - LastName = selenium.getEval("{var x="ABCDEFGHIJKLMNOPQRSTUVWXYZabcdefghijklmnopqrstuvwxyz"; var tmp="ZZ11-"; for (i=0;i<8;i++) tmp+=x.charAt(Math.ceil(51*Math.random()));tmp;}"): null

2020-04-07 08:19:15 - [TEST_STEP][PASSED] - Address = selenium.getEval("{var x="ABCDEFGHIJKLMNOPQRSTUVWXYZabcdefghijklmnopqrstuvwxyz"; var tmp=""; for (i=0;i<8;i++) tmp+=x.charAt(Math.ceil(51*Math.random()));tmp;}"): null

2020-04-07 08:19:15 - [TEST_STEP][PASSED] - City = selenium.getEval("{var x="ABCDEFGHIJKLMNOPQRSTUVWXYZabcdefghijklmnopqrstuvwxyz"; var tmp=""; for (i=0;i<8;i++) tmp+=x.charAt(Math.ceil(51*Math.random()));tmp;}"): null

2020-04-07 08:19:15 - [TEST_STEP][PASSED] - tel1 = selenium.getEval("{var x="123456789"; var tmp=""; for (i=0;i<3;i++) tmp+=x.charAt(Math.ceil(8*Math.random()));tmp;}"): null

2020-04-07 08:19:15 - [TEST_STEP][PASSED] - tel2 = selenium.getEval("{var x="123456789"; var tmp=""; for (i=0;i<3;i++) tmp+=x.charAt(Math.ceil(8*Math.random()));tmp;}"): null

2020-04-07 08:19:15 - [TEST_STEP][PASSED] - tel3 = selenium.getEval("{var x="123456789"; var tmp=""; for (i=0;i<4;i++) tmp+=x.charAt(Math.ceil(8*Math.random()));tmp;}"): null

2020-04-07 08:19:15 - [TEST_STEP][PASSED] - Tel = selenium.getExpression(tel1 + "-" + tel2 + "-" + tel3): null

2020-04-07 08:19:15 - [TEST_STEP][PASSED] - AutoEmail = selenium.getEval("{var x="ABCDEFGHIJKLMNOPQRSTUVWXYZabcdefghijklmnopqrstuvwxyz"; var tmp="test."; for (i=0;i<8;i++) tmp+=x.charAt(Math.ceil(51*Math.random()));tmp+="@suryani.cn";}"): null

2020-04-07 08:19:15 - [TEST_STEP][PASSED] - FirstName = FirstName: null

2020-04-07 08:19:15 - [TEST_STEP][PASSED] - LastName = LastName: null

2020-04-07 08:19:15 - [TEST_STEP][PASSED] - Address = Address: null

2020-04-07 08:19:15 - [TEST_STEP][PASSED] - City = City: null

2020-04-07 08:19:15 - [TEST_STEP][PASSED] - Tel = Tel: null

2020-04-07 08:19:15 - [TEST_STEP][PASSED] - AutoEmail = AutoEmail: null

2020-04-07 08:19:15 - [TEST_STEP][PASSED] - println(FirstName): null

2020-04-07 08:19:15 - [TEST_STEP][PASSED] - println(LastName): null

2020-04-07 08:19:15 - [TEST_STEP][PASSED] - println(Address): null

2020-04-07 08:19:15 - [TEST_STEP][PASSED] - println(City): null

2020-04-07 08:19:15 - [TEST_STEP][PASSED] - println(Tel): null

2020-04-07 08:19:15 - [TEST_STEP][PASSED] - println(AutoEmail): null

2020-04-07 08:19:15 - [MESSAGE][PASSED] - Call Test Case 'Test Cases/AHI/_include/name' successfully

2020-04-07 08:19:15 - [TEST_STEP][PASSED] - selenium.type("id=member-P-1-firstName", FirstName): null

2020-04-07 08:19:15 - [TEST_STEP][PASSED] - selenium.type("id=member-P-1-lastName", LastName): null

2020-04-07 08:19:16 - [TEST_STEP][PASSED] - selenium.type("id=address", Address): null

2020-04-07 08:19:16 - [TEST_STEP][PASSED] - selenium.type("id=city", City): null

2020-04-07 08:19:16 - [TEST_STEP][PASSED] - selenium.type("id=email", AutoEmail): null

2020-04-07 08:19:16 - [TEST_STEP][PASSED] - selenium.type("id=primaryPhone", Tel): null

2020-04-07 08:19:16 - [TEST_STEP][PASSED] - selenium.click("id=pet-veterinary-clinic-flag"): null

2020-04-07 08:19:17 - [TEST_STEP][PASSED] - Thread.sleep(2000): null

2020-04-07 08:19:19 - [TEST_STEP][PASSED] - selenium.click("id=js-app-continue-link"): null

2020-04-07 08:19:19 - [TEST_STEP][PASSED] - for ([second = 0, second < 20, (second++)]): null

2020-04-07 08:19:19 - [TEST_STEP][PASSED] - try: null

2020-04-07 08:19:19 - [TEST_STEP][PASSED] - if (selenium.isElementPresent("id=credit-card-number")): null

2020-04-07 08:19:19 - [TEST_STEP][PASSED] - Thread.sleep(1000): null

2020-04-07 08:19:20 - [TEST_STEP][PASSED] - try: null

2020-04-07 08:19:20 - [TEST_STEP][PASSED] - if (selenium.isElementPresent("id=credit-card-number")): null

2020-04-07 08:19:20 - [TEST_STEP][PASSED] - break: null

2020-04-07 08:19:20 - [TEST_STEP][PASSED] - callTestCase(findTestCase("AHI/_include/get_screenshot"), [:], STOP_ON_FAILURE): Call Test Case 'Test Cases/AHI/_include/get_screenshot' successfully

2020-04-07 08:19:20 - [TEST_CASE][PASSED] - Test Cases/AHI/_include/get_screenshot: Test Cases/AHI/_include/get_screenshot

2020-04-07 08:19:20 - [TEST_STEP][PASSED] - Thread.sleep(1000): null

2020-04-07 08:19:21 - [TEST_STEP][PASSED] - takeScreenshot(screenPath + i + ".png"): Taking screenshot successfully

2020-04-07 08:19:22 - [MESSAGE][PASSED] - Taking screenshot successfully
[[ATTACHMENT|D:\\Test\\AgileTest\\Reports\\AHI\\ahi\\20200407_080032\\../Screenshots/iPhone 6/AHI/Pet Insurance/20200407_081826/8.png]]

2020-04-07 08:19:22 - [TEST_STEP][PASSED] - (internal.GlobalVariable.i++): null

2020-04-07 08:19:22 - [MESSAGE][PASSED] - Call Test Case 'Test Cases/AHI/_include/get_screenshot' successfully

2020-04-07 08:19:22 - [TEST_STEP][PASSED] - selenium.type("id=credit-card-number", "4111111111111111"): null

2020-04-07 08:19:22 - [TEST_STEP][PASSED] - selenium.type("id=credit-card-first", "test"): null

2020-04-07 08:19:22 - [TEST_STEP][PASSED] - selenium.type("id=credit-card-last", "test"): null

2020-04-07 08:19:22 - [TEST_STEP][PASSED] - selenium.select("id=expiration-month", "12"): null

2020-04-07 08:19:22 - [TEST_STEP][PASSED] - selenium.select("id=expiration-year", "2026"): null

2020-04-07 08:19:23 - [TEST_STEP][PASSED] - selenium.type("id=credit-card-cvv", "123"): null

2020-04-07 08:19:23 - [TEST_STEP][PASSED] - selenium.type("id=credit-card-number", "4111111111111111"): null

2020-04-07 08:19:23 - [TEST_STEP][PASSED] - selenium.click("id=js-same-billing"): null

2020-04-07 08:19:23 - [TEST_STEP][PASSED] - selenium.click("id=credit-payment-authorization"): null

2020-04-07 08:19:23 - [TEST_STEP][PASSED] - selenium.click("id=js-app-continue-link"): null

2020-04-07 08:19:24 - [TEST_STEP][PASSED] - for ([second = 0, second < 20, (second++)]): null

2020-04-07 08:19:24 - [TEST_STEP][PASSED] - try: null

2020-04-07 08:19:24 - [TEST_STEP][PASSED] - if (selenium.isElementPresent("id=consent-checkbox-0")): null

2020-04-07 08:19:24 - [TEST_STEP][PASSED] - Thread.sleep(1000): null

2020-04-07 08:19:25 - [TEST_STEP][PASSED] - try: null

2020-04-07 08:19:25 - [TEST_STEP][PASSED] - if (selenium.isElementPresent("id=consent-checkbox-0")): null

2020-04-07 08:19:25 - [TEST_STEP][PASSED] - Thread.sleep(1000): null

2020-04-07 08:19:26 - [TEST_STEP][PASSED] - try: null

2020-04-07 08:19:26 - [TEST_STEP][PASSED] - if (selenium.isElementPresent("id=consent-checkbox-0")): null

2020-04-07 08:19:26 - [TEST_STEP][PASSED] - break: null

2020-04-07 08:19:26 - [TEST_STEP][PASSED] - callTestCase(findTestCase("AHI/_include/get_screenshot"), [:], STOP_ON_FAILURE): Call Test Case 'Test Cases/AHI/_include/get_screenshot' successfully

2020-04-07 08:19:26 - [TEST_CASE][PASSED] - Test Cases/AHI/_include/get_screenshot: Test Cases/AHI/_include/get_screenshot

2020-04-07 08:19:26 - [TEST_STEP][PASSED] - Thread.sleep(1000): null

2020-04-07 08:19:27 - [TEST_STEP][PASSED] - takeScreenshot(screenPath + i + ".png"): Taking screenshot successfully

2020-04-07 08:19:28 - [MESSAGE][PASSED] - Taking screenshot successfully
[[ATTACHMENT|D:\\Test\\AgileTest\\Reports\\AHI\\ahi\\20200407_080032\\../Screenshots/iPhone 6/AHI/Pet Insurance/20200407_081826/9.png]]

2020-04-07 08:19:28 - [TEST_STEP][PASSED] - (internal.GlobalVariable.i++): null

2020-04-07 08:19:28 - [MESSAGE][PASSED] - Call Test Case 'Test Cases/AHI/_include/get_screenshot' successfully

2020-04-07 08:19:28 - [TEST_STEP][PASSED] - selenium.click("id=consent-checkbox-0"): null

2020-04-07 08:19:28 - [TEST_STEP][PASSED] - selenium.click("id=consent-checkbox-1"): null

2020-04-07 08:19:28 - [TEST_STEP][PASSED] - selenium.click("id=consent-checkbox-2"): null

2020-04-07 08:19:29 - [TEST_STEP][PASSED] - selenium.click("id=consent-checkbox-3"): null

2020-04-07 08:19:29 - [TEST_STEP][PASSED] - selenium.click("id=js-signature-tab"): null

2020-04-07 08:19:29 - [TEST_STEP][PASSED] - selenium.click("id=js-app-continue-link"): null

2020-04-07 08:19:29 - [TEST_STEP][PASSED] - for ([second = 0, second < 30, (second++)]): null

2020-04-07 08:19:29 - [TEST_STEP][PASSED] - try: null

2020-04-07 08:19:29 - [TEST_STEP][PASSED] - if (selenium.isElementPresent("xpath=//h2[contains(text(),'Thank You')]")): null

2020-04-07 08:19:29 - [TEST_STEP][PASSED] - Thread.sleep(1000): null

2020-04-07 08:19:30 - [TEST_STEP][PASSED] - try: null

2020-04-07 08:19:30 - [TEST_STEP][PASSED] - if (selenium.isElementPresent("xpath=//h2[contains(text(),'Thank You')]")): null

2020-04-07 08:19:31 - [TEST_STEP][PASSED] - Thread.sleep(1000): null

2020-04-07 08:19:32 - [TEST_STEP][PASSED] - try: null

2020-04-07 08:19:32 - [TEST_STEP][PASSED] - if (selenium.isElementPresent("xpath=//h2[contains(text(),'Thank You')]")): null

2020-04-07 08:19:32 - [TEST_STEP][PASSED] - Thread.sleep(1000): null

2020-04-07 08:19:33 - [TEST_STEP][PASSED] - try: null

2020-04-07 08:19:33 - [TEST_STEP][PASSED] - if (selenium.isElementPresent("xpath=//h2[contains(text(),'Thank You')]")): null

2020-04-07 08:19:33 - [TEST_STEP][PASSED] - Thread.sleep(1000): null

2020-04-07 08:19:34 - [TEST_STEP][PASSED] - try: null

2020-04-07 08:19:34 - [TEST_STEP][PASSED] - if (selenium.isElementPresent("xpath=//h2[contains(text(),'Thank You')]")): null

2020-04-07 08:19:34 - [TEST_STEP][PASSED] - Thread.sleep(1000): null

2020-04-07 08:19:35 - [TEST_STEP][PASSED] - try: null

2020-04-07 08:19:35 - [TEST_STEP][PASSED] - if (selenium.isElementPresent("xpath=//h2[contains(text(),'Thank You')]")): null

2020-04-07 08:19:35 - [TEST_STEP][PASSED] - Thread.sleep(1000): null

2020-04-07 08:19:36 - [TEST_STEP][PASSED] - try: null

2020-04-07 08:19:36 - [TEST_STEP][PASSED] - if (selenium.isElementPresent("xpath=//h2[contains(text(),'Thank You')]")): null

2020-04-07 08:19:36 - [TEST_STEP][PASSED] - Thread.sleep(1000): null

2020-04-07 08:19:37 - [TEST_STEP][PASSED] - try: null

2020-04-07 08:19:37 - [TEST_STEP][PASSED] - if (selenium.isElementPresent("xpath=//h2[contains(text(),'Thank You')]")): null

2020-04-07 08:19:37 - [TEST_STEP][PASSED] - Thread.sleep(1000): null

2020-04-07 08:19:38 - [TEST_STEP][PASSED] - try: null

2020-04-07 08:19:38 - [TEST_STEP][PASSED] - if (selenium.isElementPresent("xpath=//h2[contains(text(),'Thank You')]")): null

2020-04-07 08:19:38 - [TEST_STEP][PASSED] - Thread.sleep(1000): null

2020-04-07 08:19:39 - [TEST_STEP][PASSED] - try: null

2020-04-07 08:19:39 - [TEST_STEP][PASSED] - if (selenium.isElementPresent("xpath=//h2[contains(text(),'Thank You')]")): null

2020-04-07 08:19:39 - [TEST_STEP][PASSED] - Thread.sleep(1000): null

2020-04-07 08:19:40 - [TEST_STEP][PASSED] - try: null

2020-04-07 08:19:40 - [TEST_STEP][PASSED] - if (selenium.isElementPresent("xpath=//h2[contains(text(),'Thank You')]")): null

2020-04-07 08:19:40 - [TEST_STEP][PASSED] - Thread.sleep(1000): null

2020-04-07 08:19:41 - [TEST_STEP][PASSED] - try: null

2020-04-07 08:19:41 - [TEST_STEP][PASSED] - if (selenium.isElementPresent("xpath=//h2[contains(text(),'Thank You')]")): null

2020-04-07 08:19:41 - [TEST_STEP][PASSED] - Thread.sleep(1000): null

2020-04-07 08:19:42 - [TEST_STEP][PASSED] - try: null

2020-04-07 08:19:42 - [TEST_STEP][PASSED] - if (selenium.isElementPresent("xpath=//h2[contains(text(),'Thank You')]")): null

2020-04-07 08:19:42 - [TEST_STEP][PASSED] - Thread.sleep(1000): null

2020-04-07 08:19:43 - [TEST_STEP][PASSED] - try: null

2020-04-07 08:19:43 - [TEST_STEP][PASSED] - if (selenium.isElementPresent("xpath=//h2[contains(text(),'Thank You')]")): null

2020-04-07 08:19:43 - [TEST_STEP][PASSED] - Thread.sleep(1000): null

2020-04-07 08:19:44 - [TEST_STEP][PASSED] - try: null

2020-04-07 08:19:44 - [TEST_STEP][PASSED] - if (selenium.isElementPresent("xpath=//h2[contains(text(),'Thank You')]")): null

2020-04-07 08:19:44 - [TEST_STEP][PASSED] - Thread.sleep(1000): null

2020-04-07 08:19:45 - [TEST_STEP][PASSED] - try: null

2020-04-07 08:19:45 - [TEST_STEP][PASSED] - if (selenium.isElementPresent("xpath=//h2[contains(text(),'Thank You')]")): null

2020-04-07 08:19:45 - [TEST_STEP][PASSED] - Thread.sleep(1000): null

2020-04-07 08:19:46 - [TEST_STEP][PASSED] - try: null

2020-04-07 08:19:46 - [TEST_STEP][PASSED] - if (selenium.isElementPresent("xpath=//h2[contains(text(),'Thank You')]")): null

2020-04-07 08:19:46 - [TEST_STEP][PASSED] - Thread.sleep(1000): null

2020-04-07 08:19:47 - [TEST_STEP][PASSED] - try: null

2020-04-07 08:19:47 - [TEST_STEP][PASSED] - if (selenium.isElementPresent("xpath=//h2[contains(text(),'Thank You')]")): null

2020-04-07 08:19:47 - [TEST_STEP][PASSED] - Thread.sleep(1000): null

2020-04-07 08:19:48 - [TEST_STEP][PASSED] - try: null

2020-04-07 08:19:48 - [TEST_STEP][PASSED] - if (selenium.isElementPresent("xpath=//h2[contains(text(),'Thank You')]")): null

2020-04-07 08:19:48 - [TEST_STEP][PASSED] - Thread.sleep(1000): null

2020-04-07 08:19:49 - [TEST_STEP][PASSED] - try: null

2020-04-07 08:19:49 - [TEST_STEP][PASSED] - if (selenium.isElementPresent("xpath=//h2[contains(text(),'Thank You')]")): null

2020-04-07 08:19:49 - [TEST_STEP][PASSED] - Thread.sleep(1000): null

2020-04-07 08:19:50 - [TEST_STEP][PASSED] - try: null

2020-04-07 08:19:50 - [TEST_STEP][PASSED] - if (selenium.isElementPresent("xpath=//h2[contains(text(),'Thank You')]")): null

2020-04-07 08:19:50 - [TEST_STEP][PASSED] - Thread.sleep(1000): null

2020-04-07 08:19:51 - [TEST_STEP][PASSED] - try: null

2020-04-07 08:19:51 - [TEST_STEP][PASSED] - if (selenium.isElementPresent("xpath=//h2[contains(text(),'Thank You')]")): null

2020-04-07 08:19:51 - [TEST_STEP][PASSED] - Thread.sleep(1000): null

2020-04-07 08:19:52 - [TEST_STEP][PASSED] - try: null

2020-04-07 08:19:52 - [TEST_STEP][PASSED] - if (selenium.isElementPresent("xpath=//h2[contains(text(),'Thank You')]")): null

2020-04-07 08:19:52 - [TEST_STEP][PASSED] - Thread.sleep(1000): null

2020-04-07 08:19:53 - [TEST_STEP][PASSED] - try: null

2020-04-07 08:19:53 - [TEST_STEP][PASSED] - if (selenium.isElementPresent("xpath=//h2[contains(text(),'Thank You')]")): null

2020-04-07 08:19:54 - [TEST_STEP][PASSED] - Thread.sleep(1000): null

2020-04-07 08:19:55 - [TEST_STEP][PASSED] - try: null

2020-04-07 08:19:55 - [TEST_STEP][PASSED] - if (selenium.isElementPresent("xpath=//h2[contains(text(),'Thank You')]")): null

2020-04-07 08:19:55 - [TEST_STEP][PASSED] - Thread.sleep(1000): null

2020-04-07 08:19:56 - [TEST_STEP][PASSED] - try: null

2020-04-07 08:19:56 - [TEST_STEP][PASSED] - if (selenium.isElementPresent("xpath=//h2[contains(text(),'Thank You')]")): null

2020-04-07 08:19:56 - [TEST_STEP][PASSED] - Thread.sleep(1000): null

2020-04-07 08:19:57 - [TEST_STEP][PASSED] - try: null

2020-04-07 08:19:57 - [TEST_STEP][PASSED] - if (selenium.isElementPresent("xpath=//h2[contains(text(),'Thank You')]")): null

2020-04-07 08:19:57 - [TEST_STEP][PASSED] - Thread.sleep(1000): null

2020-04-07 08:19:58 - [TEST_STEP][PASSED] - try: null

2020-04-07 08:19:58 - [TEST_STEP][PASSED] - if (selenium.isElementPresent("xpath=//h2[contains(text(),'Thank You')]")): null

2020-04-07 08:19:58 - [TEST_STEP][PASSED] - Thread.sleep(1000): null

2020-04-07 08:19:59 - [TEST_STEP][PASSED] - try: null

2020-04-07 08:19:59 - [TEST_STEP][PASSED] - if (selenium.isElementPresent("xpath=//h2[contains(text(),'Thank You')]")): null

2020-04-07 08:19:59 - [TEST_STEP][PASSED] - Thread.sleep(1000): null

2020-04-07 08:20:00 - [TEST_STEP][PASSED] - try: null

2020-04-07 08:20:00 - [TEST_STEP][PASSED] - if (selenium.isElementPresent("xpath=//h2[contains(text(),'Thank You')]")): null

2020-04-07 08:20:00 - [TEST_STEP][PASSED] - Thread.sleep(1000): null

2020-04-07 08:20:01 - [TEST_STEP][PASSED] - callTestCase(findTestCase("AHI/_include/get_screenshot"), [:], STOP_ON_FAILURE): Call Test Case 'Test Cases/AHI/_include/get_screenshot' successfully

2020-04-07 08:20:01 - [TEST_CASE][PASSED] - Test Cases/AHI/_include/get_screenshot: Test Cases/AHI/_include/get_screenshot

2020-04-07 08:20:01 - [TEST_STEP][PASSED] - Thread.sleep(1000): null

2020-04-07 08:20:02 - [TEST_STEP][PASSED] - takeScreenshot(screenPath + i + ".png"): Taking screenshot successfully

2020-04-07 08:20:02 - [MESSAGE][PASSED] - Taking screenshot successfully
[[ATTACHMENT|D:\\Test\\AgileTest\\Reports\\AHI\\ahi\\20200407_080032\\../Screenshots/iPhone 6/AHI/Pet Insurance/20200407_081826/10.png]]

2020-04-07 08:20:02 - [TEST_STEP][PASSED] - (internal.GlobalVariable.i++): null

2020-04-07 08:20:02 - [MESSAGE][PASSED] - Call Test Case 'Test Cases/AHI/_include/get_screenshot' successfully]]></system-out>
         <system-err><![CDATA[]]></system-err>
      </testcase>
      <testcase name="Test Cases/AHI/NEW/STM" classname="Test Cases/AHI/NEW/STM" status="PASSED">
         <system-out><![CDATA[2020-04-07 08:20:02 - [TEST_CASE][PASSED] - Test Cases/AHI/NEW/STM: Test Cases/AHI/NEW/STM

2020-04-07 08:20:02 - [TEST_STEP][PASSED] - callTestCase(findTestCase("AHI/_include/get_screenPath"), ["productLine":"AHI", "carrierName":"STM"], CONTINUE_ON_FAILURE): Call Test Case 'Test Cases/AHI/_include/get_screenPath' successfully

2020-04-07 08:20:03 - [TEST_CASE][PASSED] - Test Cases/AHI/_include/get_screenPath: Test Cases/AHI/_include/get_screenPath

2020-04-07 08:20:03 - [TEST_STEP][PASSED] - m = getExecutionProperties(): null

2020-04-07 08:20:03 - [TEST_STEP][PASSED] - deviceName = get("mobileEmulation").get("deviceName"): null

2020-04-07 08:20:03 - [TEST_STEP][PASSED] - println(deviceName): null

2020-04-07 08:20:03 - [TEST_STEP][PASSED] - now = new java.util.Date(): null

2020-04-07 08:20:03 - [TEST_STEP][PASSED] - mydate = now.format("yyyyMMdd_HHmmss"): null

2020-04-07 08:20:03 - [TEST_STEP][PASSED] - screenPath = "../Screenshots/": null

2020-04-07 08:20:03 - [TEST_STEP][PASSED] - screenPath = screenPath + deviceName + "/" + productLine + "/" + carrierName + "/" + mydate + "/": null

2020-04-07 08:20:03 - [TEST_STEP][PASSED] - println(screenPath): null

2020-04-07 08:20:03 - [MESSAGE][PASSED] - Call Test Case 'Test Cases/AHI/_include/get_screenPath' successfully

2020-04-07 08:20:03 - [TEST_STEP][PASSED] - i = 0: null

2020-04-07 08:20:03 - [TEST_STEP][PASSED] - callTestCase(findTestCase("AHI/_include/openWebSite"), [:], CONTINUE_ON_FAILURE): Call Test Case 'Test Cases/AHI/_include/openWebSite' successfully

2020-04-07 08:20:03 - [TEST_CASE][PASSED] - Test Cases/AHI/_include/openWebSite: Test Cases/AHI/_include/openWebSite

2020-04-07 08:20:03 - [TEST_STEP][PASSED] - openBrowser(env): Browser is opened with url: 'https://praetemptatus.agilehealthinsurance.com'

2020-04-07 08:20:03 - [MESSAGE][WARNING] - A browser is already opened. Closing browser and opening a new one

2020-04-07 08:20:03 - [MESSAGE][INFO] - Starting 'Chrome' driver

2020-04-07 08:20:03 - [MESSAGE][INFO] - User set preference: ['mobileEmulation', '{deviceName=iPhone 6}']

2020-04-07 08:20:03 - [MESSAGE][INFO] - User set preference: ['args', '[--incognito, --aggressive-cache-discard, --window-size=375,677, --no-sandbox, --ignore-certificate-errors]']

2020-04-07 08:20:07 - [MESSAGE][PASSED] - Browser is opened with url: 'https://praetemptatus.agilehealthinsurance.com'

2020-04-07 08:20:07 - [TEST_STEP][PASSED] - waitForPageLoad(20): Wait for page load successfully

2020-04-07 08:20:07 - [MESSAGE][PASSED] - Wait for page load successfully

2020-04-07 08:20:07 - [TEST_STEP][PASSED] - callTestCase(findTestCase("AHI/_include/get_screenshot"), [:], STOP_ON_FAILURE): Call Test Case 'Test Cases/AHI/_include/get_screenshot' successfully

2020-04-07 08:20:07 - [TEST_CASE][PASSED] - Test Cases/AHI/_include/get_screenshot: Test Cases/AHI/_include/get_screenshot

2020-04-07 08:20:07 - [TEST_STEP][PASSED] - Thread.sleep(1000): null

2020-04-07 08:20:08 - [TEST_STEP][PASSED] - takeScreenshot(screenPath + i + ".png"): Taking screenshot successfully

2020-04-07 08:20:09 - [MESSAGE][PASSED] - Taking screenshot successfully
[[ATTACHMENT|D:\\Test\\AgileTest\\Reports\\AHI\\ahi\\20200407_080032\\../Screenshots/iPhone 6/AHI/STM/20200407_082003/0.png]]

2020-04-07 08:20:09 - [TEST_STEP][PASSED] - (internal.GlobalVariable.i++): null

2020-04-07 08:20:09 - [MESSAGE][PASSED] - Call Test Case 'Test Cases/AHI/_include/get_screenshot' successfully

2020-04-07 08:20:09 - [MESSAGE][PASSED] - Call Test Case 'Test Cases/AHI/_include/openWebSite' successfully

2020-04-07 08:20:09 - [TEST_STEP][PASSED] - driver = getWebDriver(): null

2020-04-07 08:20:09 - [TEST_STEP][PASSED] - baseUrl = ENV: null

2020-04-07 08:20:09 - [TEST_STEP][PASSED] - selenium = new com.thoughtworks.selenium.webdriven.WebDriverBackedSelenium(driver, baseUrl): null

2020-04-07 08:20:10 - [TEST_STEP][PASSED] - selenium.click("//*[@class='filter-option-inner-inner']"): null

2020-04-07 08:20:10 - [TEST_STEP][PASSED] - selenium.click("id=bs-select-1-6"): null

2020-04-07 08:20:11 - [TEST_STEP][PASSED] - selenium.click("id=primaryCTA"): null

2020-04-07 08:20:12 - [TEST_STEP][PASSED] - for ([second = 0, second < 10, (second++)]): null

2020-04-07 08:20:12 - [TEST_STEP][PASSED] - try: null

2020-04-07 08:20:12 - [TEST_STEP][PASSED] - if (selenium.isElementPresent("id=js-traffic-to-aiq")): null

2020-04-07 08:20:13 - [TEST_STEP][PASSED] - break: null

2020-04-07 08:20:13 - [TEST_STEP][PASSED] - callTestCase(findTestCase("AHI/_include/get_screenshot"), [:], STOP_ON_FAILURE): Call Test Case 'Test Cases/AHI/_include/get_screenshot' successfully

2020-04-07 08:20:13 - [TEST_CASE][PASSED] - Test Cases/AHI/_include/get_screenshot: Test Cases/AHI/_include/get_screenshot

2020-04-07 08:20:13 - [TEST_STEP][PASSED] - Thread.sleep(1000): null

2020-04-07 08:20:14 - [TEST_STEP][PASSED] - takeScreenshot(screenPath + i + ".png"): Taking screenshot successfully

2020-04-07 08:20:15 - [MESSAGE][PASSED] - Taking screenshot successfully
[[ATTACHMENT|D:\\Test\\AgileTest\\Reports\\AHI\\ahi\\20200407_080032\\../Screenshots/iPhone 6/AHI/STM/20200407_082003/1.png]]

2020-04-07 08:20:15 - [TEST_STEP][PASSED] - (internal.GlobalVariable.i++): null

2020-04-07 08:20:15 - [MESSAGE][PASSED] - Call Test Case 'Test Cases/AHI/_include/get_screenshot' successfully

2020-04-07 08:20:15 - [TEST_STEP][PASSED] - url = selenium.getAttribute("xpath=(//a[@id='js-traffic-to-aiq'])@href"): null

2020-04-07 08:20:15 - [TEST_STEP][PASSED] - navigateToUrl(url): Navigate to 'https://healthinsurance.net/health?utm_source=hiiq&utm_medium=cpm&utm_campaign=agile' successfully

2020-04-07 08:20:19 - [MESSAGE][PASSED] - Navigate to 'https://healthinsurance.net/health?utm_source=hiiq&utm_medium=cpm&utm_campaign=agile' successfully

2020-04-07 08:20:19 - [TEST_STEP][PASSED] - waitForPageLoad(10): Wait for page load successfully

2020-04-07 08:20:19 - [MESSAGE][PASSED] - Wait for page load successfully

2020-04-07 08:20:19 - [TEST_STEP][PASSED] - callTestCase(findTestCase("AHI/_include/get_screenshot"), [:], STOP_ON_FAILURE): Call Test Case 'Test Cases/AHI/_include/get_screenshot' successfully

2020-04-07 08:20:19 - [TEST_CASE][PASSED] - Test Cases/AHI/_include/get_screenshot: Test Cases/AHI/_include/get_screenshot

2020-04-07 08:20:19 - [TEST_STEP][PASSED] - Thread.sleep(1000): null

2020-04-07 08:20:20 - [TEST_STEP][PASSED] - takeScreenshot(screenPath + i + ".png"): Taking screenshot successfully

2020-04-07 08:20:21 - [MESSAGE][PASSED] - Taking screenshot successfully
[[ATTACHMENT|D:\\Test\\AgileTest\\Reports\\AHI\\ahi\\20200407_080032\\../Screenshots/iPhone 6/AHI/STM/20200407_082003/2.png]]

2020-04-07 08:20:21 - [TEST_STEP][PASSED] - (internal.GlobalVariable.i++): null

2020-04-07 08:20:21 - [MESSAGE][PASSED] - Call Test Case 'Test Cases/AHI/_include/get_screenshot' successfully]]></system-out>
         <system-err><![CDATA[]]></system-err>
      </testcase>
      <testcase name="Test Cases/AHI/NEW/Teladoc" classname="Test Cases/AHI/NEW/Teladoc" status="PASSED">
         <system-out><![CDATA[2020-04-07 08:20:21 - [TEST_CASE][PASSED] - Test Cases/AHI/NEW/Teladoc: Test Cases/AHI/NEW/Teladoc

2020-04-07 08:20:21 - [TEST_STEP][PASSED] - callTestCase(findTestCase("AHI/_include/get_screenPath"), ["productLine":"AHI", "carrierName":"Teladoc"], CONTINUE_ON_FAILURE): Call Test Case 'Test Cases/AHI/_include/get_screenPath' successfully

2020-04-07 08:20:21 - [TEST_CASE][PASSED] - Test Cases/AHI/_include/get_screenPath: Test Cases/AHI/_include/get_screenPath

2020-04-07 08:20:21 - [TEST_STEP][PASSED] - m = getExecutionProperties(): null

2020-04-07 08:20:21 - [TEST_STEP][PASSED] - deviceName = get("mobileEmulation").get("deviceName"): null

2020-04-07 08:20:21 - [TEST_STEP][PASSED] - println(deviceName): null

2020-04-07 08:20:21 - [TEST_STEP][PASSED] - now = new java.util.Date(): null

2020-04-07 08:20:21 - [TEST_STEP][PASSED] - mydate = now.format("yyyyMMdd_HHmmss"): null

2020-04-07 08:20:21 - [TEST_STEP][PASSED] - screenPath = "../Screenshots/": null

2020-04-07 08:20:21 - [TEST_STEP][PASSED] - screenPath = screenPath + deviceName + "/" + productLine + "/" + carrierName + "/" + mydate + "/": null

2020-04-07 08:20:21 - [TEST_STEP][PASSED] - println(screenPath): null

2020-04-07 08:20:21 - [MESSAGE][PASSED] - Call Test Case 'Test Cases/AHI/_include/get_screenPath' successfully

2020-04-07 08:20:21 - [TEST_STEP][PASSED] - i = 0: null

2020-04-07 08:20:21 - [TEST_STEP][PASSED] - callTestCase(findTestCase("AHI/_include/openWebSite"), [:], STOP_ON_FAILURE): Call Test Case 'Test Cases/AHI/_include/openWebSite' successfully

2020-04-07 08:20:21 - [TEST_CASE][PASSED] - Test Cases/AHI/_include/openWebSite: Test Cases/AHI/_include/openWebSite

2020-04-07 08:20:21 - [TEST_STEP][PASSED] - openBrowser(env): Browser is opened with url: 'https://praetemptatus.agilehealthinsurance.com'

2020-04-07 08:20:21 - [MESSAGE][WARNING] - A browser is already opened. Closing browser and opening a new one

2020-04-07 08:20:22 - [MESSAGE][INFO] - Starting 'Chrome' driver

2020-04-07 08:20:22 - [MESSAGE][INFO] - User set preference: ['mobileEmulation', '{deviceName=iPhone 6}']

2020-04-07 08:20:22 - [MESSAGE][INFO] - User set preference: ['args', '[--incognito, --aggressive-cache-discard, --window-size=375,677, --no-sandbox, --ignore-certificate-errors]']

2020-04-07 08:20:26 - [MESSAGE][PASSED] - Browser is opened with url: 'https://praetemptatus.agilehealthinsurance.com'

2020-04-07 08:20:26 - [TEST_STEP][PASSED] - waitForPageLoad(20): Wait for page load successfully

2020-04-07 08:20:26 - [MESSAGE][PASSED] - Wait for page load successfully

2020-04-07 08:20:26 - [TEST_STEP][PASSED] - callTestCase(findTestCase("AHI/_include/get_screenshot"), [:], STOP_ON_FAILURE): Call Test Case 'Test Cases/AHI/_include/get_screenshot' successfully

2020-04-07 08:20:26 - [TEST_CASE][PASSED] - Test Cases/AHI/_include/get_screenshot: Test Cases/AHI/_include/get_screenshot

2020-04-07 08:20:26 - [TEST_STEP][PASSED] - Thread.sleep(1000): null

2020-04-07 08:20:27 - [TEST_STEP][PASSED] - takeScreenshot(screenPath + i + ".png"): Taking screenshot successfully

2020-04-07 08:20:28 - [MESSAGE][PASSED] - Taking screenshot successfully
[[ATTACHMENT|D:\\Test\\AgileTest\\Reports\\AHI\\ahi\\20200407_080032\\../Screenshots/iPhone 6/AHI/Teladoc/20200407_082021/0.png]]

2020-04-07 08:20:28 - [TEST_STEP][PASSED] - (internal.GlobalVariable.i++): null

2020-04-07 08:20:28 - [MESSAGE][PASSED] - Call Test Case 'Test Cases/AHI/_include/get_screenshot' successfully

2020-04-07 08:20:28 - [MESSAGE][PASSED] - Call Test Case 'Test Cases/AHI/_include/openWebSite' successfully

2020-04-07 08:20:28 - [TEST_STEP][PASSED] - driver = getWebDriver(): null

2020-04-07 08:20:28 - [TEST_STEP][PASSED] - baseUrl = ENV: null

2020-04-07 08:20:28 - [TEST_STEP][PASSED] - selenium = new com.thoughtworks.selenium.webdriven.WebDriverBackedSelenium(driver, baseUrl): null

2020-04-07 08:20:28 - [TEST_STEP][PASSED] - selenium.click("//*[@class='filter-option-inner-inner']"): null

2020-04-07 08:20:28 - [TEST_STEP][PASSED] - selenium.click("id=bs-select-1-7"): null

2020-04-07 08:20:28 - [TEST_STEP][PASSED] - selenium.click("id=primaryCTA"): null

2020-04-07 08:20:31 - [TEST_STEP][PASSED] - waitForElementVisible(findTestObject("mobileSanity/Teladoc/front_door_h1"), 20): Object 'Object Repository/mobileSanity/Teladoc/front_door_h1' is visible

2020-04-07 08:20:31 - [MESSAGE][PASSED] - Object 'Object Repository/mobileSanity/Teladoc/front_door_h1' is visible

2020-04-07 08:20:31 - [TEST_STEP][PASSED] - callTestCase(findTestCase("AHI/_include/get_screenshot"), [:], STOP_ON_FAILURE): Call Test Case 'Test Cases/AHI/_include/get_screenshot' successfully

2020-04-07 08:20:32 - [TEST_CASE][PASSED] - Test Cases/AHI/_include/get_screenshot: Test Cases/AHI/_include/get_screenshot

2020-04-07 08:20:32 - [TEST_STEP][PASSED] - Thread.sleep(1000): null

2020-04-07 08:20:33 - [TEST_STEP][PASSED] - takeScreenshot(screenPath + i + ".png"): Taking screenshot successfully

2020-04-07 08:20:33 - [MESSAGE][PASSED] - Taking screenshot successfully
[[ATTACHMENT|D:\\Test\\AgileTest\\Reports\\AHI\\ahi\\20200407_080032\\../Screenshots/iPhone 6/AHI/Teladoc/20200407_082021/1.png]]

2020-04-07 08:20:33 - [TEST_STEP][PASSED] - (internal.GlobalVariable.i++): null

2020-04-07 08:20:33 - [MESSAGE][PASSED] - Call Test Case 'Test Cases/AHI/_include/get_screenshot' successfully

2020-04-07 08:20:33 - [TEST_STEP][PASSED] - waitForElementVisible(findTestObject("mobileSanity/Teladoc/census/input_Location_zip-input"), 20): Object 'Object Repository/mobileSanity/Teladoc/census/input_Location_zip-input' is visible

2020-04-07 08:20:33 - [MESSAGE][PASSED] - Object 'Object Repository/mobileSanity/Teladoc/census/input_Location_zip-input' is visible

2020-04-07 08:20:33 - [TEST_STEP][PASSED] - sendKeys(findTestObject("mobileSanity/Teladoc/census/input_Location_zip-input"), "35215"): Keys '35215' sent to object: 'Object Repository/mobileSanity/Teladoc/census/input_Location_zip-input'

2020-04-07 08:20:34 - [MESSAGE][PASSED] - Keys '35215' sent to object: 'Object Repository/mobileSanity/Teladoc/census/input_Location_zip-input'

2020-04-07 08:20:34 - [TEST_STEP][PASSED] - Thread.sleep(500): null

2020-04-07 08:20:34 - [TEST_STEP][PASSED] - setText(findTestObject("mobileSanity/Teladoc/census/input_Date of Birth_dob-0"), "12121980"): Text '12121980' is set on object 'Object Repository/mobileSanity/Teladoc/census/input_Date of Birth_dob-0'

2020-04-07 08:20:35 - [MESSAGE][PASSED] - Text '12121980' is set on object 'Object Repository/mobileSanity/Teladoc/census/input_Date of Birth_dob-0'

2020-04-07 08:20:35 - [TEST_STEP][PASSED] - click(findTestObject("mobileSanity/Teladoc/census/label_Male")): Object: 'Object Repository/mobileSanity/Teladoc/census/label_Male' is clicked on

2020-04-07 08:20:35 - [MESSAGE][PASSED] - Object: 'Object Repository/mobileSanity/Teladoc/census/label_Male' is clicked on

2020-04-07 08:20:35 - [TEST_STEP][PASSED] - Thread.sleep(3000): null

2020-04-07 08:20:38 - [TEST_STEP][PASSED] - click(findTestObject("mobileSanity/Teladoc/census/get_a_quote")): Object: 'Object Repository/mobileSanity/Teladoc/census/get_a_quote' is clicked on

2020-04-07 08:20:38 - [MESSAGE][PASSED] - Object: 'Object Repository/mobileSanity/Teladoc/census/get_a_quote' is clicked on

2020-04-07 08:20:38 - [TEST_STEP][PASSED] - waitForElementVisible(findTestObject("mobileSanity/Teladoc/apply_button"), 20): Object 'Object Repository/mobileSanity/Teladoc/apply_button' is visible

2020-04-07 08:20:39 - [MESSAGE][PASSED] - Object 'Object Repository/mobileSanity/Teladoc/apply_button' is visible

2020-04-07 08:20:39 - [TEST_STEP][PASSED] - callTestCase(findTestCase("AHI/_include/get_screenshot"), [:], STOP_ON_FAILURE): Call Test Case 'Test Cases/AHI/_include/get_screenshot' successfully

2020-04-07 08:20:39 - [TEST_CASE][PASSED] - Test Cases/AHI/_include/get_screenshot: Test Cases/AHI/_include/get_screenshot

2020-04-07 08:20:39 - [TEST_STEP][PASSED] - Thread.sleep(1000): null

2020-04-07 08:20:40 - [TEST_STEP][PASSED] - takeScreenshot(screenPath + i + ".png"): Taking screenshot successfully

2020-04-07 08:20:40 - [MESSAGE][PASSED] - Taking screenshot successfully
[[ATTACHMENT|D:\\Test\\AgileTest\\Reports\\AHI\\ahi\\20200407_080032\\../Screenshots/iPhone 6/AHI/Teladoc/20200407_082021/2.png]]

2020-04-07 08:20:40 - [TEST_STEP][PASSED] - (internal.GlobalVariable.i++): null

2020-04-07 08:20:40 - [MESSAGE][PASSED] - Call Test Case 'Test Cases/AHI/_include/get_screenshot' successfully

2020-04-07 08:20:40 - [TEST_STEP][PASSED] - click(findTestObject("mobileSanity/Teladoc/apply_button")): Object: 'Object Repository/mobileSanity/Teladoc/apply_button' is clicked on

2020-04-07 08:20:41 - [MESSAGE][PASSED] - Object: 'Object Repository/mobileSanity/Teladoc/apply_button' is clicked on

2020-04-07 08:20:41 - [TEST_STEP][PASSED] - waitForPageLoad(20): Wait for page load successfully

2020-04-07 08:20:42 - [MESSAGE][PASSED] - Wait for page load successfully

2020-04-07 08:20:42 - [TEST_STEP][PASSED] - waitForElementPresent(findTestObject("mobileSanity/Teladoc/Page_App Page 1/input__member-P-1-firstName"), 20): Object 'Object Repository/mobileSanity/Teladoc/Page_App Page 1/input__member-P-1-firstName' is present

2020-04-07 08:20:42 - [MESSAGE][PASSED] - Object 'Object Repository/mobileSanity/Teladoc/Page_App Page 1/input__member-P-1-firstName' is present

2020-04-07 08:20:42 - [TEST_STEP][PASSED] - callTestCase(findTestCase("AHI/_include/get_screenshot"), [:], STOP_ON_FAILURE): Call Test Case 'Test Cases/AHI/_include/get_screenshot' successfully

2020-04-07 08:20:43 - [TEST_CASE][PASSED] - Test Cases/AHI/_include/get_screenshot: Test Cases/AHI/_include/get_screenshot

2020-04-07 08:20:43 - [TEST_STEP][PASSED] - Thread.sleep(1000): null

2020-04-07 08:20:44 - [TEST_STEP][PASSED] - takeScreenshot(screenPath + i + ".png"): Taking screenshot successfully

2020-04-07 08:20:44 - [MESSAGE][PASSED] - Taking screenshot successfully
[[ATTACHMENT|D:\\Test\\AgileTest\\Reports\\AHI\\ahi\\20200407_080032\\../Screenshots/iPhone 6/AHI/Teladoc/20200407_082021/3.png]]

2020-04-07 08:20:44 - [TEST_STEP][PASSED] - (internal.GlobalVariable.i++): null

2020-04-07 08:20:44 - [MESSAGE][PASSED] - Call Test Case 'Test Cases/AHI/_include/get_screenshot' successfully

2020-04-07 08:20:44 - [TEST_STEP][PASSED] - callTestCase(findTestCase("AHI/_include/name"), [:], STOP_ON_FAILURE): Call Test Case 'Test Cases/AHI/_include/name' successfully

2020-04-07 08:20:44 - [TEST_CASE][PASSED] - Test Cases/AHI/_include/name: Test Cases/AHI/_include/name

2020-04-07 08:20:44 - [TEST_STEP][PASSED] - driver = getWebDriver(): null

2020-04-07 08:20:44 - [TEST_STEP][PASSED] - selenium = new com.thoughtworks.selenium.webdriven.WebDriverBackedSelenium(driver, internal.GlobalVariable.ENV): null

2020-04-07 08:20:44 - [TEST_STEP][PASSED] - FirstName = "Test-123": null

2020-04-07 08:20:44 - [TEST_STEP][PASSED] - LastName = selenium.getEval("{var x="ABCDEFGHIJKLMNOPQRSTUVWXYZabcdefghijklmnopqrstuvwxyz"; var tmp="ZZ11-"; for (i=0;i<8;i++) tmp+=x.charAt(Math.ceil(51*Math.random()));tmp;}"): null

2020-04-07 08:20:44 - [TEST_STEP][PASSED] - Address = selenium.getEval("{var x="ABCDEFGHIJKLMNOPQRSTUVWXYZabcdefghijklmnopqrstuvwxyz"; var tmp=""; for (i=0;i<8;i++) tmp+=x.charAt(Math.ceil(51*Math.random()));tmp;}"): null

2020-04-07 08:20:44 - [TEST_STEP][PASSED] - City = selenium.getEval("{var x="ABCDEFGHIJKLMNOPQRSTUVWXYZabcdefghijklmnopqrstuvwxyz"; var tmp=""; for (i=0;i<8;i++) tmp+=x.charAt(Math.ceil(51*Math.random()));tmp;}"): null

2020-04-07 08:20:44 - [TEST_STEP][PASSED] - tel1 = selenium.getEval("{var x="123456789"; var tmp=""; for (i=0;i<3;i++) tmp+=x.charAt(Math.ceil(8*Math.random()));tmp;}"): null

2020-04-07 08:20:44 - [TEST_STEP][PASSED] - tel2 = selenium.getEval("{var x="123456789"; var tmp=""; for (i=0;i<3;i++) tmp+=x.charAt(Math.ceil(8*Math.random()));tmp;}"): null

2020-04-07 08:20:44 - [TEST_STEP][PASSED] - tel3 = selenium.getEval("{var x="123456789"; var tmp=""; for (i=0;i<4;i++) tmp+=x.charAt(Math.ceil(8*Math.random()));tmp;}"): null

2020-04-07 08:20:44 - [TEST_STEP][PASSED] - Tel = selenium.getExpression(tel1 + "-" + tel2 + "-" + tel3): null

2020-04-07 08:20:44 - [TEST_STEP][PASSED] - AutoEmail = selenium.getEval("{var x="ABCDEFGHIJKLMNOPQRSTUVWXYZabcdefghijklmnopqrstuvwxyz"; var tmp="test."; for (i=0;i<8;i++) tmp+=x.charAt(Math.ceil(51*Math.random()));tmp+="@suryani.cn";}"): null

2020-04-07 08:20:44 - [TEST_STEP][PASSED] - FirstName = FirstName: null

2020-04-07 08:20:44 - [TEST_STEP][PASSED] - LastName = LastName: null

2020-04-07 08:20:44 - [TEST_STEP][PASSED] - Address = Address: null

2020-04-07 08:20:44 - [TEST_STEP][PASSED] - City = City: null

2020-04-07 08:20:44 - [TEST_STEP][PASSED] - Tel = Tel: null

2020-04-07 08:20:44 - [TEST_STEP][PASSED] - AutoEmail = AutoEmail: null

2020-04-07 08:20:44 - [TEST_STEP][PASSED] - println(FirstName): null

2020-04-07 08:20:44 - [TEST_STEP][PASSED] - println(LastName): null

2020-04-07 08:20:44 - [TEST_STEP][PASSED] - println(Address): null

2020-04-07 08:20:44 - [TEST_STEP][PASSED] - println(City): null

2020-04-07 08:20:44 - [TEST_STEP][PASSED] - println(Tel): null

2020-04-07 08:20:44 - [TEST_STEP][PASSED] - println(AutoEmail): null

2020-04-07 08:20:44 - [MESSAGE][PASSED] - Call Test Case 'Test Cases/AHI/_include/name' successfully

2020-04-07 08:20:44 - [TEST_STEP][PASSED] - setText(findTestObject("mobileSanity/Teladoc/Page_App Page 1/input__member-P-1-firstName"), FirstName): Text 'Test-123' is set on object 'Object Repository/mobileSanity/Teladoc/Page_App Page 1/input__member-P-1-firstName'

2020-04-07 08:20:44 - [MESSAGE][PASSED] - Text 'Test-123' is set on object 'Object Repository/mobileSanity/Teladoc/Page_App Page 1/input__member-P-1-firstName'

2020-04-07 08:20:44 - [TEST_STEP][PASSED] - setText(findTestObject("mobileSanity/Teladoc/Page_App Page 1/input__member-P-1-lastName"), LastName): Text 'ZZ11-MpHtHknF' is set on object 'Object Repository/mobileSanity/Teladoc/Page_App Page 1/input__member-P-1-lastName'

2020-04-07 08:20:45 - [MESSAGE][PASSED] - Text 'ZZ11-MpHtHknF' is set on object 'Object Repository/mobileSanity/Teladoc/Page_App Page 1/input__member-P-1-lastName'

2020-04-07 08:20:45 - [TEST_STEP][PASSED] - selectOptionByValue(findTestObject("mobileSanity/Teladoc/Page_App Page 1/select_01020304050607"), "05", true): All options with value '05' are selected in object 'Object Repository/mobileSanity/Teladoc/Page_App Page 1/select_01020304050607'  using regular expression

2020-04-07 08:20:45 - [MESSAGE][PASSED] - All options with value '05' are selected in object 'Object Repository/mobileSanity/Teladoc/Page_App Page 1/select_01020304050607'  using regular expression

2020-04-07 08:20:45 - [TEST_STEP][PASSED] - selectOptionByValue(findTestObject("mobileSanity/Teladoc/Page_App Page 1/select_00102030405060708091011"), "06", true): All options with value '06' are selected in object 'Object Repository/mobileSanity/Teladoc/Page_App Page 1/select_00102030405060708091011'  using regular expression

2020-04-07 08:20:45 - [MESSAGE][PASSED] - All options with value '06' are selected in object 'Object Repository/mobileSanity/Teladoc/Page_App Page 1/select_00102030405060708091011'  using regular expression

2020-04-07 08:20:45 - [TEST_STEP][PASSED] - setText(findTestObject("mobileSanity/Teladoc/Page_App Page 1/input_lbs"), "180"): Text '180' is set on object 'Object Repository/mobileSanity/Teladoc/Page_App Page 1/input_lbs'

2020-04-07 08:20:46 - [MESSAGE][PASSED] - Text '180' is set on object 'Object Repository/mobileSanity/Teladoc/Page_App Page 1/input_lbs'

2020-04-07 08:20:46 - [TEST_STEP][PASSED] - setText(findTestObject("mobileSanity/Teladoc/Page_App Page 1/input__address"), Address): Text 'XmslgUii' is set on object 'Object Repository/mobileSanity/Teladoc/Page_App Page 1/input__address'

2020-04-07 08:20:46 - [MESSAGE][PASSED] - Text 'XmslgUii' is set on object 'Object Repository/mobileSanity/Teladoc/Page_App Page 1/input__address'

2020-04-07 08:20:46 - [TEST_STEP][PASSED] - setText(findTestObject("mobileSanity/Teladoc/Page_App Page 1/input__city"), City): Text 'XyGwoIZq' is set on object 'Object Repository/mobileSanity/Teladoc/Page_App Page 1/input__city'

2020-04-07 08:20:46 - [MESSAGE][PASSED] - Text 'XyGwoIZq' is set on object 'Object Repository/mobileSanity/Teladoc/Page_App Page 1/input__city'

2020-04-07 08:20:46 - [TEST_STEP][PASSED] - setText(findTestObject("mobileSanity/Teladoc/Page_App Page 1/input__email"), AutoEmail): Text 'test.kPgokbFq@suryani.cn' is set on object 'Object Repository/mobileSanity/Teladoc/Page_App Page 1/input__email'

2020-04-07 08:20:46 - [MESSAGE][PASSED] - Text 'test.kPgokbFq@suryani.cn' is set on object 'Object Repository/mobileSanity/Teladoc/Page_App Page 1/input__email'

2020-04-07 08:20:46 - [TEST_STEP][PASSED] - setText(findTestObject("mobileSanity/Teladoc/Page_App Page 1/input_phone number"), Tel): Text '395-287-2682' is set on object 'Object Repository/mobileSanity/Teladoc/Page_App Page 1/input_phone number'

2020-04-07 08:20:47 - [MESSAGE][PASSED] - Text '395-287-2682' is set on object 'Object Repository/mobileSanity/Teladoc/Page_App Page 1/input_phone number'

2020-04-07 08:20:47 - [TEST_STEP][PASSED] - Thread.sleep(5000): null

2020-04-07 08:20:52 - [TEST_STEP][PASSED] - click(findTestObject("mobileSanity/Teladoc/Page_App Page 1/a_Continue to Step 2 - Payment")): Object: 'Object Repository/mobileSanity/Teladoc/Page_App Page 1/a_Continue to Step 2 - Payment' is clicked on

2020-04-07 08:20:52 - [MESSAGE][PASSED] - Object: 'Object Repository/mobileSanity/Teladoc/Page_App Page 1/a_Continue to Step 2 - Payment' is clicked on

2020-04-07 08:20:52 - [TEST_STEP][PASSED] - waitForPageLoad(20): Wait for page load successfully

2020-04-07 08:20:52 - [MESSAGE][PASSED] - Wait for page load successfully

2020-04-07 08:20:52 - [TEST_STEP][PASSED] - waitForElementVisible(findTestObject("mobileSanity/Teladoc/Page_App Page 2/input__credit-card-first"), 20): Object 'Object Repository/mobileSanity/Teladoc/Page_App Page 2/input__credit-card-first' is visible

2020-04-07 08:20:52 - [MESSAGE][PASSED] - Object 'Object Repository/mobileSanity/Teladoc/Page_App Page 2/input__credit-card-first' is visible

2020-04-07 08:20:52 - [TEST_STEP][PASSED] - callTestCase(findTestCase("AHI/_include/get_screenshot"), [:], STOP_ON_FAILURE): Call Test Case 'Test Cases/AHI/_include/get_screenshot' successfully

2020-04-07 08:20:52 - [TEST_CASE][PASSED] - Test Cases/AHI/_include/get_screenshot: Test Cases/AHI/_include/get_screenshot

2020-04-07 08:20:52 - [TEST_STEP][PASSED] - Thread.sleep(1000): null

2020-04-07 08:20:53 - [TEST_STEP][PASSED] - takeScreenshot(screenPath + i + ".png"): Taking screenshot successfully

2020-04-07 08:20:54 - [MESSAGE][PASSED] - Taking screenshot successfully
[[ATTACHMENT|D:\\Test\\AgileTest\\Reports\\AHI\\ahi\\20200407_080032\\../Screenshots/iPhone 6/AHI/Teladoc/20200407_082021/4.png]]

2020-04-07 08:20:54 - [TEST_STEP][PASSED] - (internal.GlobalVariable.i++): null

2020-04-07 08:20:54 - [MESSAGE][PASSED] - Call Test Case 'Test Cases/AHI/_include/get_screenshot' successfully

2020-04-07 08:20:54 - [TEST_STEP][PASSED] - setText(findTestObject("mobileSanity/Teladoc/Page_App Page 2/input__credit-card-first"), FirstName): Text 'Test-123' is set on object 'Object Repository/mobileSanity/Teladoc/Page_App Page 2/input__credit-card-first'

2020-04-07 08:20:54 - [MESSAGE][PASSED] - Text 'Test-123' is set on object 'Object Repository/mobileSanity/Teladoc/Page_App Page 2/input__credit-card-first'

2020-04-07 08:20:54 - [TEST_STEP][PASSED] - setText(findTestObject("mobileSanity/Teladoc/Page_App Page 2/input__credit-card-last"), LastName): Text 'ZZ11-MpHtHknF' is set on object 'Object Repository/mobileSanity/Teladoc/Page_App Page 2/input__credit-card-last'

2020-04-07 08:20:55 - [MESSAGE][PASSED] - Text 'ZZ11-MpHtHknF' is set on object 'Object Repository/mobileSanity/Teladoc/Page_App Page 2/input__credit-card-last'

2020-04-07 08:20:55 - [TEST_STEP][PASSED] - selectOptionByValue(findTestObject("mobileSanity/Teladoc/Page_App Page 2/select_MM010203040506070809101"), "12", true): All options with value '12' are selected in object 'Object Repository/mobileSanity/Teladoc/Page_App Page 2/select_MM010203040506070809101'  using regular expression

2020-04-07 08:20:55 - [MESSAGE][PASSED] - All options with value '12' are selected in object 'Object Repository/mobileSanity/Teladoc/Page_App Page 2/select_MM010203040506070809101'  using regular expression

2020-04-07 08:20:55 - [TEST_STEP][PASSED] - selectOptionByValue(findTestObject("mobileSanity/Teladoc/Page_App Page 2/select_YYYY2019202020212022202"), "2026", true): All options with value '2026' are selected in object 'Object Repository/mobileSanity/Teladoc/Page_App Page 2/select_YYYY2019202020212022202'  using regular expression

2020-04-07 08:20:56 - [MESSAGE][PASSED] - All options with value '2026' are selected in object 'Object Repository/mobileSanity/Teladoc/Page_App Page 2/select_YYYY2019202020212022202'  using regular expression

2020-04-07 08:20:56 - [TEST_STEP][PASSED] - setText(findTestObject("mobileSanity/Teladoc/Page_App Page 2/input__credit-card-number"), "4111111111111111"): Text '4111111111111111' is set on object 'Object Repository/mobileSanity/Teladoc/Page_App Page 2/input__credit-card-number'

2020-04-07 08:20:56 - [MESSAGE][PASSED] - Text '4111111111111111' is set on object 'Object Repository/mobileSanity/Teladoc/Page_App Page 2/input__credit-card-number'

2020-04-07 08:20:56 - [TEST_STEP][PASSED] - setText(findTestObject("mobileSanity/Teladoc/Page_App Page 2/input__credit-card-cvv"), "122"): Text '122' is set on object 'Object Repository/mobileSanity/Teladoc/Page_App Page 2/input__credit-card-cvv'

2020-04-07 08:20:56 - [MESSAGE][PASSED] - Text '122' is set on object 'Object Repository/mobileSanity/Teladoc/Page_App Page 2/input__credit-card-cvv'

2020-04-07 08:20:56 - [TEST_STEP][PASSED] - click(findTestObject("mobileSanity/Teladoc/Page_App Page 2/label_My billing address is th")): Object: 'Object Repository/mobileSanity/Teladoc/Page_App Page 2/label_My billing address is th' is clicked on

2020-04-07 08:20:56 - [MESSAGE][PASSED] - Object: 'Object Repository/mobileSanity/Teladoc/Page_App Page 2/label_My billing address is th' is clicked on

2020-04-07 08:20:56 - [TEST_STEP][PASSED] - click(findTestObject("mobileSanity/Teladoc/Page_App Page 2/label_I Accept Authorization f")): Object: 'Object Repository/mobileSanity/Teladoc/Page_App Page 2/label_I Accept Authorization f' is clicked on

2020-04-07 08:20:57 - [MESSAGE][PASSED] - Object: 'Object Repository/mobileSanity/Teladoc/Page_App Page 2/label_I Accept Authorization f' is clicked on

2020-04-07 08:20:57 - [TEST_STEP][PASSED] - click(findTestObject("mobileSanity/Teladoc/Page_App Page 2/a_Continue to Step 3 - Review")): Object: 'Object Repository/mobileSanity/Teladoc/Page_App Page 2/a_Continue to Step 3 - Review' is clicked on

2020-04-07 08:20:57 - [MESSAGE][PASSED] - Object: 'Object Repository/mobileSanity/Teladoc/Page_App Page 2/a_Continue to Step 3 - Review' is clicked on

2020-04-07 08:20:57 - [TEST_STEP][PASSED] - waitForPageLoad(20): Wait for page load successfully

2020-04-07 08:20:57 - [MESSAGE][PASSED] - Wait for page load successfully

2020-04-07 08:20:57 - [TEST_STEP][PASSED] - waitForElementPresent(findTestObject("mobileSanity/Teladoc/Page_App Page 3/label"), 20): Object 'Object Repository/mobileSanity/Teladoc/Page_App Page 3/label' is present

2020-04-07 08:21:07 - [MESSAGE][PASSED] - Object 'Object Repository/mobileSanity/Teladoc/Page_App Page 3/label' is present

2020-04-07 08:21:07 - [TEST_STEP][PASSED] - Thread.sleep(5000): null

2020-04-07 08:21:12 - [TEST_STEP][PASSED] - callTestCase(findTestCase("AHI/_include/get_screenshot"), [:], STOP_ON_FAILURE): Call Test Case 'Test Cases/AHI/_include/get_screenshot' successfully

2020-04-07 08:21:12 - [TEST_CASE][PASSED] - Test Cases/AHI/_include/get_screenshot: Test Cases/AHI/_include/get_screenshot

2020-04-07 08:21:12 - [TEST_STEP][PASSED] - Thread.sleep(1000): null

2020-04-07 08:21:14 - [TEST_STEP][PASSED] - takeScreenshot(screenPath + i + ".png"): Taking screenshot successfully

2020-04-07 08:21:14 - [MESSAGE][PASSED] - Taking screenshot successfully
[[ATTACHMENT|D:\\Test\\AgileTest\\Reports\\AHI\\ahi\\20200407_080032\\../Screenshots/iPhone 6/AHI/Teladoc/20200407_082021/5.png]]

2020-04-07 08:21:14 - [TEST_STEP][PASSED] - (internal.GlobalVariable.i++): null

2020-04-07 08:21:14 - [MESSAGE][PASSED] - Call Test Case 'Test Cases/AHI/_include/get_screenshot' successfully

2020-04-07 08:21:14 - [TEST_STEP][PASSED] - scrollToElement(findTestObject("mobileSanity/Teladoc/Page_App Page 3/label"), 10): Scroll to object 'Object Repository/mobileSanity/Teladoc/Page_App Page 3/label' successfully

2020-04-07 08:21:14 - [MESSAGE][PASSED] - Scroll to object 'Object Repository/mobileSanity/Teladoc/Page_App Page 3/label' successfully

2020-04-07 08:21:14 - [TEST_STEP][PASSED] - waitForElementClickable(findTestObject("mobileSanity/Teladoc/Page_App Page 3/label"), 10): Object 'Object Repository/mobileSanity/Teladoc/Page_App Page 3/label' is clickable

2020-04-07 08:21:14 - [MESSAGE][PASSED] - Object 'Object Repository/mobileSanity/Teladoc/Page_App Page 3/label' is clickable

2020-04-07 08:21:14 - [TEST_STEP][PASSED] - click(findTestObject("mobileSanity/Teladoc/Page_App Page 3/label")): Object: 'Object Repository/mobileSanity/Teladoc/Page_App Page 3/label' is clicked on

2020-04-07 08:21:14 - [MESSAGE][PASSED] - Object: 'Object Repository/mobileSanity/Teladoc/Page_App Page 3/label' is clicked on

2020-04-07 08:21:14 - [TEST_STEP][PASSED] - click(findTestObject("mobileSanity/Teladoc/Page_App Page 3/p_")): Object: 'Object Repository/mobileSanity/Teladoc/Page_App Page 3/p_' is clicked on

2020-04-07 08:21:14 - [MESSAGE][PASSED] - Object: 'Object Repository/mobileSanity/Teladoc/Page_App Page 3/p_' is clicked on

2020-04-07 08:21:14 - [TEST_STEP][PASSED] - click(findTestObject("mobileSanity/Teladoc/Page_App Page 3/a_Submit Your Application")): Object: 'Object Repository/mobileSanity/Teladoc/Page_App Page 3/a_Submit Your Application' is clicked on

2020-04-07 08:21:14 - [MESSAGE][PASSED] - Object: 'Object Repository/mobileSanity/Teladoc/Page_App Page 3/a_Submit Your Application' is clicked on

2020-04-07 08:21:14 - [TEST_STEP][PASSED] - waitForElementPresent(findTestObject("mobileSanity/Common/app-confirmation"), 30): Object 'Object Repository/mobileSanity/Common/app-confirmation' is not present after 30 second(s)

2020-04-07 08:21:46 - [MESSAGE][INFO] - Unable to find the element located by 'By.xpath: //*[@id = 'app-confirmation']'. Please recheck the objects properties to make sure the desired element is located. 

2020-04-07 08:21:46 - [MESSAGE][WARNING] - Object 'Object Repository/mobileSanity/Common/app-confirmation' is not present after 30 second(s)

2020-04-07 08:21:46 - [TEST_STEP][PASSED] - callTestCase(findTestCase("AHI/_include/get_screenshot"), [:], STOP_ON_FAILURE): Call Test Case 'Test Cases/AHI/_include/get_screenshot' successfully

2020-04-07 08:21:46 - [TEST_CASE][PASSED] - Test Cases/AHI/_include/get_screenshot: Test Cases/AHI/_include/get_screenshot

2020-04-07 08:21:46 - [TEST_STEP][PASSED] - Thread.sleep(1000): null

2020-04-07 08:21:47 - [TEST_STEP][PASSED] - takeScreenshot(screenPath + i + ".png"): Taking screenshot successfully

2020-04-07 08:21:47 - [MESSAGE][PASSED] - Taking screenshot successfully
[[ATTACHMENT|D:\\Test\\AgileTest\\Reports\\AHI\\ahi\\20200407_080032\\../Screenshots/iPhone 6/AHI/Teladoc/20200407_082021/6.png]]

2020-04-07 08:21:47 - [TEST_STEP][PASSED] - (internal.GlobalVariable.i++): null

2020-04-07 08:21:47 - [MESSAGE][PASSED] - Call Test Case 'Test Cases/AHI/_include/get_screenshot' successfully]]></system-out>
         <system-err><![CDATA[]]></system-err>
      </testcase>
      <system-out><![CDATA[2020-04-07 08:12:27 - [TEST_SUITE][PASSED] - ahi: Test Cases/AHI/NEW/Teladoc]]></system-out>
      <system-err><![CDATA[]]></system-err>
   </testsuite>
</testsuites>
