<?xml version="1.0" encoding="UTF-8"?>
<testsuites name="ahi" time="442" tests="8" failures="1" errors="0">
   <testsuite name="ahi" tests="8" failures="1" errors="0" time="442" timestamp="2020-03-24 08:13:09" hostname="Administrator - 172.30.0.53" id="Test Suites/AHI/ahi">
      <properties>
         <property name="deviceName" value=""/>
         <property name="devicePlatform" value=""/>
         <property name="logFolder" value="D:\\Test\\AgileTest\\Reports\\AHI\\ahi\\20200324_080037"/>
         <property name="logFiles" value="D:\\Test\\AgileTest\\Reports\\AHI\\ahi\\20200324_080037\\execution0.log"/>
         <property name="attachments" value="D:\\Test\\AgileTest\\Reports\\AHI\\ahi\\20200324_080037\\../Screenshots/iPhone 6/AHI/ACA Health Insurance/20200324_081310/0.png, D:\\Test\\AgileTest\\Reports\\AHI\\ahi\\20200324_080037\\../Screenshots/iPhone 6/AHI/ACA Health Insurance/20200324_081310/1.png, D:\\Test\\AgileTest\\Reports\\AHI\\ahi\\20200324_080037\\../Screenshots/iPhone 6/AHI/ACA Health Insurance/20200324_081310/2.png, D:\\Test\\AgileTest\\Reports\\AHI\\ahi\\20200324_080037\\../Screenshots/iPhone 6/AHI/Cancer Insurance/20200324_081336/0.png, D:\\Test\\AgileTest\\Reports\\AHI\\ahi\\20200324_080037\\../Screenshots/iPhone 6/AHI/Cancer Insurance/20200324_081336/1.png, D:\\Test\\AgileTest\\Reports\\AHI\\ahi\\20200324_080037\\../Screenshots/iPhone 6/AHI/Cancer Insurance/20200324_081336/2.png, D:\\Test\\AgileTest\\Reports\\AHI\\ahi\\20200324_080037\\../Screenshots/iPhone 6/AHI/Cancer Insurance/20200324_081336/3.png, D:\\Test\\AgileTest\\Reports\\AHI\\ahi\\20200324_080037\\../Screenshots/iPhone 6/AHI/Cancer Insurance/20200324_081336/4.png, D:\\Test\\AgileTest\\Reports\\AHI\\ahi\\20200324_080037\\../Screenshots/iPhone 6/AHI/Cancer Insurance/20200324_081336/5.png, D:\\Test\\AgileTest\\Reports\\AHI\\ahi\\20200324_080037\\../Screenshots/iPhone 6/AHI/Cancer Insurance/20200324_081336/6.png, D:\\Test\\AgileTest\\Reports\\AHI\\ahi\\20200324_080037\\../Screenshots/iPhone 6/AHI/Cancer Insurance/20200324_081336/7.png, D:\\Test\\AgileTest\\Reports\\AHI\\ahi\\20200324_080037\\../Screenshots/iPhone 6/AHI/Cancer Insurance/20200324_081336/8.png, D:\\Test\\AgileTest\\Reports\\AHI\\ahi\\20200324_080037\\../Screenshots/iPhone 6/AHI/Cancer Insurance/20200324_081336/9.png, D:\\Test\\AgileTest\\Reports\\AHI\\ahi\\20200324_080037\\../Screenshots/iPhone 6/AHI/Dental - National General/20200324_081521/0.png, D:\\Test\\AgileTest\\Reports\\AHI\\ahi\\20200324_080037\\../Screenshots/iPhone 6/AHI/Dental - National General/20200324_081521/1.png, D:\\Test\\AgileTest\\Reports\\AHI\\ahi\\20200324_080037\\../Screenshots/iPhone 6/AHI/Dental - National General/20200324_081521/2.png, D:\\Test\\AgileTest\\Reports\\AHI\\ahi\\20200324_080037\\../Screenshots/iPhone 6/AHI/Dental - National General/20200324_081521/3.png, D:\\Test\\AgileTest\\Reports\\AHI\\ahi\\20200324_080037\\../Screenshots/iPhone 6/AHI/Dental - National General/20200324_081521/4.png, D:\\Test\\AgileTest\\Reports\\AHI\\ahi\\20200324_080037\\../Screenshots/iPhone 6/AHI/Dental - National General/20200324_081521/5.png, D:\\Test\\AgileTest\\Reports\\AHI\\ahi\\20200324_080037\\../Screenshots/iPhone 6/AHI/Dental - National General/20200324_081521/6.png, D:\\Test\\AgileTest\\Reports\\AHI\\ahi\\20200324_080037\\../Screenshots/iPhone 6/AHI/Dental - National General/20200324_081521/7.png, D:\\Test\\AgileTest\\Reports\\AHI\\ahi\\20200324_080037\\../Screenshots/iPhone 6/AHI/Dental - National General/20200324_081521/8.png, D:\\Test\\AgileTest\\Reports\\AHI\\ahi\\20200324_080037\\../Screenshots/iPhone 6/AHI/Dental - USA Access/20200324_081614/0.png, D:\\Test\\AgileTest\\Reports\\AHI\\ahi\\20200324_080037\\../Screenshots/iPhone 6/AHI/Dental - USA Access/20200324_081614/1.png, D:\\Test\\AgileTest\\Reports\\AHI\\ahi\\20200324_080037\\../Screenshots/iPhone 6/AHI/Dental - USA Access/20200324_081614/2.png, D:\\Test\\AgileTest\\Reports\\AHI\\ahi\\20200324_080037\\../Screenshots/iPhone 6/AHI/Dental - USA Access/20200324_081614/3.png, D:\\Test\\AgileTest\\Reports\\AHI\\ahi\\20200324_080037\\1585052193527.png, D:\\Test\\AgileTest\\Reports\\AHI\\ahi\\20200324_080037\\../Screenshots/iPhone 6/AHI/HBI/20200324_081634/0.png, D:\\Test\\AgileTest\\Reports\\AHI\\ahi\\20200324_080037\\../Screenshots/iPhone 6/AHI/HBI/20200324_081634/1.png, D:\\Test\\AgileTest\\Reports\\AHI\\ahi\\20200324_080037\\../Screenshots/iPhone 6/AHI/HBI/20200324_081634/2.png, D:\\Test\\AgileTest\\Reports\\AHI\\ahi\\20200324_080037\\../Screenshots/iPhone 6/AHI/Medicare/20200324_081649/0.png, D:\\Test\\AgileTest\\Reports\\AHI\\ahi\\20200324_080037\\../Screenshots/iPhone 6/AHI/Medicare/20200324_081649/1.png, D:\\Test\\AgileTest\\Reports\\AHI\\ahi\\20200324_080037\\../Screenshots/iPhone 6/AHI/Pet Insurance/20200324_081705/0.png, D:\\Test\\AgileTest\\Reports\\AHI\\ahi\\20200324_080037\\../Screenshots/iPhone 6/AHI/Pet Insurance/20200324_081705/1.png, D:\\Test\\AgileTest\\Reports\\AHI\\ahi\\20200324_080037\\../Screenshots/iPhone 6/AHI/Pet Insurance/20200324_081705/2.png, D:\\Test\\AgileTest\\Reports\\AHI\\ahi\\20200324_080037\\../Screenshots/iPhone 6/AHI/Pet Insurance/20200324_081705/3.png, D:\\Test\\AgileTest\\Reports\\AHI\\ahi\\20200324_080037\\../Screenshots/iPhone 6/AHI/Pet Insurance/20200324_081705/4.png, D:\\Test\\AgileTest\\Reports\\AHI\\ahi\\20200324_080037\\../Screenshots/iPhone 6/AHI/Pet Insurance/20200324_081705/5.png, D:\\Test\\AgileTest\\Reports\\AHI\\ahi\\20200324_080037\\../Screenshots/iPhone 6/AHI/Pet Insurance/20200324_081705/6.png, D:\\Test\\AgileTest\\Reports\\AHI\\ahi\\20200324_080037\\../Screenshots/iPhone 6/AHI/Pet Insurance/20200324_081705/7.png, D:\\Test\\AgileTest\\Reports\\AHI\\ahi\\20200324_080037\\../Screenshots/iPhone 6/AHI/Pet Insurance/20200324_081705/8.png, D:\\Test\\AgileTest\\Reports\\AHI\\ahi\\20200324_080037\\../Screenshots/iPhone 6/AHI/Pet Insurance/20200324_081705/9.png, D:\\Test\\AgileTest\\Reports\\AHI\\ahi\\20200324_080037\\../Screenshots/iPhone 6/AHI/Pet Insurance/20200324_081705/10.png, D:\\Test\\AgileTest\\Reports\\AHI\\ahi\\20200324_080037\\../Screenshots/iPhone 6/AHI/STM/20200324_081826/0.png, D:\\Test\\AgileTest\\Reports\\AHI\\ahi\\20200324_080037\\../Screenshots/iPhone 6/AHI/STM/20200324_081826/1.png, D:\\Test\\AgileTest\\Reports\\AHI\\ahi\\20200324_080037\\../Screenshots/iPhone 6/AHI/STM/20200324_081826/2.png, D:\\Test\\AgileTest\\Reports\\AHI\\ahi\\20200324_080037\\../Screenshots/iPhone 6/AHI/Teladoc/20200324_081850/0.png, D:\\Test\\AgileTest\\Reports\\AHI\\ahi\\20200324_080037\\../Screenshots/iPhone 6/AHI/Teladoc/20200324_081850/1.png, D:\\Test\\AgileTest\\Reports\\AHI\\ahi\\20200324_080037\\../Screenshots/iPhone 6/AHI/Teladoc/20200324_081850/2.png, D:\\Test\\AgileTest\\Reports\\AHI\\ahi\\20200324_080037\\../Screenshots/iPhone 6/AHI/Teladoc/20200324_081850/3.png, D:\\Test\\AgileTest\\Reports\\AHI\\ahi\\20200324_080037\\../Screenshots/iPhone 6/AHI/Teladoc/20200324_081850/4.png, D:\\Test\\AgileTest\\Reports\\AHI\\ahi\\20200324_080037\\../Screenshots/iPhone 6/AHI/Teladoc/20200324_081850/5.png, D:\\Test\\AgileTest\\Reports\\AHI\\ahi\\20200324_080037\\../Screenshots/iPhone 6/AHI/Teladoc/20200324_081850/6.png"/>
         <property name="hostName" value="Administrator - 172.30.0.53"/>
         <property name="os" value="Windows Server 2012 R2 64bit"/>
         <property name="katalonVersion" value="5.10.1.1"/>
         <property name="browser" value="Safari 11"/>
         <property name="hostAddress" value="172.30.0.53"/>
         <property name="sessionId" value="7889d72c7f076497096846432cc6cb99"/>
         <property name="seleniumVersion" value="3.7.1"/>
         <property name="proxyInformation" value="ProxyInformation{proxyOption=NO_PROXY, proxyServerType=HTTP, password=, proxyServerAddress=, proxyServerPort=0}"/>
         <property name="platform" value="Windows Server 2012 R2"/>
      </properties>
      <testcase name="Test Cases/AHI/NEW/ACA Health Insurance" classname="Test Cases/AHI/NEW/ACA Health Insurance" status="PASSED">
         <system-out><![CDATA[2020-03-24 08:13:09 - [TEST_CASE][PASSED] - Test Cases/AHI/NEW/ACA Health Insurance: Test Cases/AHI/NEW/ACA Health Insurance

2020-03-24 08:13:10 - [TEST_STEP][PASSED] - callTestCase(findTestCase("AHI/_include/get_screenPath"), ["productLine":"AHI", "carrierName":"ACA Health Insurance"], CONTINUE_ON_FAILURE): Call Test Case 'Test Cases/AHI/_include/get_screenPath' successfully

2020-03-24 08:13:10 - [TEST_CASE][PASSED] - Test Cases/AHI/_include/get_screenPath: Test Cases/AHI/_include/get_screenPath

2020-03-24 08:13:10 - [TEST_STEP][PASSED] - m = getExecutionProperties(): null

2020-03-24 08:13:10 - [TEST_STEP][PASSED] - deviceName = get("mobileEmulation").get("deviceName"): null

2020-03-24 08:13:10 - [TEST_STEP][PASSED] - println(deviceName): null

2020-03-24 08:13:10 - [TEST_STEP][PASSED] - now = new java.util.Date(): null

2020-03-24 08:13:10 - [TEST_STEP][PASSED] - mydate = now.format("yyyyMMdd_HHmmss"): null

2020-03-24 08:13:10 - [TEST_STEP][PASSED] - screenPath = "../Screenshots/": null

2020-03-24 08:13:10 - [TEST_STEP][PASSED] - screenPath = screenPath + deviceName + "/" + productLine + "/" + carrierName + "/" + mydate + "/": null

2020-03-24 08:13:10 - [TEST_STEP][PASSED] - println(screenPath): null

2020-03-24 08:13:10 - [MESSAGE][PASSED] - Call Test Case 'Test Cases/AHI/_include/get_screenPath' successfully

2020-03-24 08:13:10 - [TEST_STEP][PASSED] - i = 0: null

2020-03-24 08:13:10 - [TEST_STEP][PASSED] - callTestCase(findTestCase("AHI/_include/openWebSite"), [:], CONTINUE_ON_FAILURE): Call Test Case 'Test Cases/AHI/_include/openWebSite' successfully

2020-03-24 08:13:10 - [TEST_CASE][PASSED] - Test Cases/AHI/_include/openWebSite: Test Cases/AHI/_include/openWebSite

2020-03-24 08:13:11 - [TEST_STEP][PASSED] - openBrowser(env): Browser is opened with url: 'https://praetemptatus.agilehealthinsurance.com'

2020-03-24 08:13:11 - [MESSAGE][INFO] - Starting 'Chrome' driver

2020-03-24 08:13:11 - [MESSAGE][INFO] - User set preference: ['mobileEmulation', '{deviceName=iPhone 6}']

2020-03-24 08:13:11 - [MESSAGE][INFO] - User set preference: ['args', '[--incognito, --aggressive-cache-discard, --window-size=375,677, --no-sandbox, --ignore-certificate-errors]']

2020-03-24 08:13:11 - [MESSAGE][INFO] - Action delay is set to 0 seconds

2020-03-24 08:13:15 - [MESSAGE][PASSED] - Browser is opened with url: 'https://praetemptatus.agilehealthinsurance.com'

2020-03-24 08:13:15 - [TEST_STEP][PASSED] - waitForPageLoad(20): Wait for page load successfully

2020-03-24 08:13:16 - [MESSAGE][PASSED] - Wait for page load successfully

2020-03-24 08:13:16 - [TEST_STEP][PASSED] - callTestCase(findTestCase("AHI/_include/get_screenshot"), [:], STOP_ON_FAILURE): Call Test Case 'Test Cases/AHI/_include/get_screenshot' successfully

2020-03-24 08:13:16 - [TEST_CASE][PASSED] - Test Cases/AHI/_include/get_screenshot: Test Cases/AHI/_include/get_screenshot

2020-03-24 08:13:17 - [TEST_STEP][PASSED] - Thread.sleep(1000): null

2020-03-24 08:13:18 - [TEST_STEP][PASSED] - takeScreenshot(screenPath + i + ".png"): Taking screenshot successfully

2020-03-24 08:13:19 - [MESSAGE][PASSED] - Taking screenshot successfully
[[ATTACHMENT|D:\\Test\\AgileTest\\Reports\\AHI\\ahi\\20200324_080037\\../Screenshots/iPhone 6/AHI/ACA Health Insurance/20200324_081310/0.png]]

2020-03-24 08:13:19 - [TEST_STEP][PASSED] - (internal.GlobalVariable.i++): null

2020-03-24 08:13:19 - [MESSAGE][PASSED] - Call Test Case 'Test Cases/AHI/_include/get_screenshot' successfully

2020-03-24 08:13:19 - [MESSAGE][PASSED] - Call Test Case 'Test Cases/AHI/_include/openWebSite' successfully

2020-03-24 08:13:19 - [TEST_STEP][PASSED] - driver = getWebDriver(): null

2020-03-24 08:13:19 - [TEST_STEP][PASSED] - baseUrl = ENV: null

2020-03-24 08:13:19 - [TEST_STEP][PASSED] - selenium = new com.thoughtworks.selenium.webdriven.WebDriverBackedSelenium(driver, baseUrl): null

2020-03-24 08:13:19 - [TEST_STEP][PASSED] - selenium.click("//*[@class='filter-option-inner-inner']"): null

2020-03-24 08:13:20 - [TEST_STEP][PASSED] - selenium.click("id=bs-select-1-0"): null

2020-03-24 08:13:20 - [TEST_STEP][PASSED] - selenium.click("id=primaryCTA"): null

2020-03-24 08:13:21 - [TEST_STEP][PASSED] - for ([second = 0, second < 10, (second++)]): null

2020-03-24 08:13:21 - [TEST_STEP][PASSED] - try: null

2020-03-24 08:13:21 - [TEST_STEP][PASSED] - if (selenium.isElementPresent("xpath=//h1[contains(text(),'Find the right Individual and Family health care plan for you')]")): null

2020-03-24 08:13:25 - [TEST_STEP][PASSED] - break: null

2020-03-24 08:13:25 - [TEST_STEP][PASSED] - callTestCase(findTestCase("AHI/_include/get_screenshot"), [:], STOP_ON_FAILURE): Call Test Case 'Test Cases/AHI/_include/get_screenshot' successfully

2020-03-24 08:13:26 - [TEST_CASE][PASSED] - Test Cases/AHI/_include/get_screenshot: Test Cases/AHI/_include/get_screenshot

2020-03-24 08:13:26 - [TEST_STEP][PASSED] - Thread.sleep(1000): null

2020-03-24 08:13:27 - [TEST_STEP][PASSED] - takeScreenshot(screenPath + i + ".png"): Taking screenshot successfully

2020-03-24 08:13:27 - [MESSAGE][PASSED] - Taking screenshot successfully
[[ATTACHMENT|D:\\Test\\AgileTest\\Reports\\AHI\\ahi\\20200324_080037\\../Screenshots/iPhone 6/AHI/ACA Health Insurance/20200324_081310/1.png]]

2020-03-24 08:13:27 - [TEST_STEP][PASSED] - (internal.GlobalVariable.i++): null

2020-03-24 08:13:27 - [MESSAGE][PASSED] - Call Test Case 'Test Cases/AHI/_include/get_screenshot' successfully

2020-03-24 08:13:27 - [TEST_STEP][PASSED] - url = selenium.getAttribute("xpath=(//a[@class='front-door-quote-button'])@href"): null

2020-03-24 08:13:28 - [TEST_STEP][PASSED] - navigateToUrl(url): Navigate to 'https://www.healthpocket.com/individual-health-insurance?__hstc=225231557.46758cf0e6480b36e4389a7a6e353190.1585051996861.1585051996861.1585051996861.1&__hssc=225231557.2.1585051996861&__hsfp=937275251' successfully

2020-03-24 08:13:34 - [MESSAGE][PASSED] - Navigate to 'https://www.healthpocket.com/individual-health-insurance?__hstc=225231557.46758cf0e6480b36e4389a7a6e353190.1585051996861.1585051996861.1585051996861.1&__hssc=225231557.2.1585051996861&__hsfp=937275251' successfully

2020-03-24 08:13:34 - [TEST_STEP][PASSED] - waitForPageLoad(10): Wait for page load successfully

2020-03-24 08:13:34 - [MESSAGE][PASSED] - Wait for page load successfully

2020-03-24 08:13:34 - [TEST_STEP][PASSED] - callTestCase(findTestCase("AHI/_include/get_screenshot"), [:], STOP_ON_FAILURE): Call Test Case 'Test Cases/AHI/_include/get_screenshot' successfully

2020-03-24 08:13:34 - [TEST_CASE][PASSED] - Test Cases/AHI/_include/get_screenshot: Test Cases/AHI/_include/get_screenshot

2020-03-24 08:13:34 - [TEST_STEP][PASSED] - Thread.sleep(1000): null

2020-03-24 08:13:35 - [TEST_STEP][PASSED] - takeScreenshot(screenPath + i + ".png"): Taking screenshot successfully

2020-03-24 08:13:36 - [MESSAGE][PASSED] - Taking screenshot successfully
[[ATTACHMENT|D:\\Test\\AgileTest\\Reports\\AHI\\ahi\\20200324_080037\\../Screenshots/iPhone 6/AHI/ACA Health Insurance/20200324_081310/2.png]]

2020-03-24 08:13:36 - [TEST_STEP][PASSED] - (internal.GlobalVariable.i++): null

2020-03-24 08:13:36 - [MESSAGE][PASSED] - Call Test Case 'Test Cases/AHI/_include/get_screenshot' successfully]]></system-out>
         <system-err><![CDATA[]]></system-err>
      </testcase>
      <testcase name="Test Cases/AHI/NEW/Cancer Insurance" classname="Test Cases/AHI/NEW/Cancer Insurance" status="PASSED">
         <system-out><![CDATA[2020-03-24 08:13:36 - [TEST_CASE][PASSED] - Test Cases/AHI/NEW/Cancer Insurance: Test Cases/AHI/NEW/Cancer Insurance

2020-03-24 08:13:36 - [TEST_STEP][PASSED] - callTestCase(findTestCase("AHI/_include/get_screenPath"), ["productLine":"AHI", "carrierName":"Cancer Insurance"], CONTINUE_ON_FAILURE): Call Test Case 'Test Cases/AHI/_include/get_screenPath' successfully

2020-03-24 08:13:36 - [TEST_CASE][PASSED] - Test Cases/AHI/_include/get_screenPath: Test Cases/AHI/_include/get_screenPath

2020-03-24 08:13:36 - [TEST_STEP][PASSED] - m = getExecutionProperties(): null

2020-03-24 08:13:36 - [TEST_STEP][PASSED] - deviceName = get("mobileEmulation").get("deviceName"): null

2020-03-24 08:13:36 - [TEST_STEP][PASSED] - println(deviceName): null

2020-03-24 08:13:36 - [TEST_STEP][PASSED] - now = new java.util.Date(): null

2020-03-24 08:13:36 - [TEST_STEP][PASSED] - mydate = now.format("yyyyMMdd_HHmmss"): null

2020-03-24 08:13:36 - [TEST_STEP][PASSED] - screenPath = "../Screenshots/": null

2020-03-24 08:13:36 - [TEST_STEP][PASSED] - screenPath = screenPath + deviceName + "/" + productLine + "/" + carrierName + "/" + mydate + "/": null

2020-03-24 08:13:36 - [TEST_STEP][PASSED] - println(screenPath): null

2020-03-24 08:13:36 - [MESSAGE][PASSED] - Call Test Case 'Test Cases/AHI/_include/get_screenPath' successfully

2020-03-24 08:13:36 - [TEST_STEP][PASSED] - i = 0: null

2020-03-24 08:13:36 - [TEST_STEP][PASSED] - callTestCase(findTestCase("AHI/_include/openWebSite"), [:], CONTINUE_ON_FAILURE): Call Test Case 'Test Cases/AHI/_include/openWebSite' successfully

2020-03-24 08:13:36 - [TEST_CASE][PASSED] - Test Cases/AHI/_include/openWebSite: Test Cases/AHI/_include/openWebSite

2020-03-24 08:13:36 - [TEST_STEP][PASSED] - openBrowser(env): Browser is opened with url: 'https://praetemptatus.agilehealthinsurance.com'

2020-03-24 08:13:36 - [MESSAGE][WARNING] - A browser is already opened. Closing browser and opening a new one

2020-03-24 08:13:37 - [MESSAGE][INFO] - Starting 'Chrome' driver

2020-03-24 08:13:37 - [MESSAGE][INFO] - User set preference: ['mobileEmulation', '{deviceName=iPhone 6}']

2020-03-24 08:13:37 - [MESSAGE][INFO] - User set preference: ['args', '[--incognito, --aggressive-cache-discard, --window-size=375,677, --no-sandbox, --ignore-certificate-errors]']

2020-03-24 08:13:41 - [MESSAGE][PASSED] - Browser is opened with url: 'https://praetemptatus.agilehealthinsurance.com'

2020-03-24 08:13:41 - [TEST_STEP][PASSED] - waitForPageLoad(20): Wait for page load successfully

2020-03-24 08:13:41 - [MESSAGE][PASSED] - Wait for page load successfully

2020-03-24 08:13:41 - [TEST_STEP][PASSED] - callTestCase(findTestCase("AHI/_include/get_screenshot"), [:], STOP_ON_FAILURE): Call Test Case 'Test Cases/AHI/_include/get_screenshot' successfully

2020-03-24 08:13:41 - [TEST_CASE][PASSED] - Test Cases/AHI/_include/get_screenshot: Test Cases/AHI/_include/get_screenshot

2020-03-24 08:13:41 - [TEST_STEP][PASSED] - Thread.sleep(1000): null

2020-03-24 08:13:42 - [TEST_STEP][PASSED] - takeScreenshot(screenPath + i + ".png"): Taking screenshot successfully

2020-03-24 08:13:44 - [MESSAGE][PASSED] - Taking screenshot successfully
[[ATTACHMENT|D:\\Test\\AgileTest\\Reports\\AHI\\ahi\\20200324_080037\\../Screenshots/iPhone 6/AHI/Cancer Insurance/20200324_081336/0.png]]

2020-03-24 08:13:44 - [TEST_STEP][PASSED] - (internal.GlobalVariable.i++): null

2020-03-24 08:13:44 - [MESSAGE][PASSED] - Call Test Case 'Test Cases/AHI/_include/get_screenshot' successfully

2020-03-24 08:13:44 - [MESSAGE][PASSED] - Call Test Case 'Test Cases/AHI/_include/openWebSite' successfully

2020-03-24 08:13:44 - [TEST_STEP][PASSED] - driver = getWebDriver(): null

2020-03-24 08:13:44 - [TEST_STEP][PASSED] - baseUrl = ENV: null

2020-03-24 08:13:44 - [TEST_STEP][PASSED] - selenium = new com.thoughtworks.selenium.webdriven.WebDriverBackedSelenium(driver, baseUrl): null

2020-03-24 08:13:44 - [TEST_STEP][PASSED] - selenium.click("//*[@class='filter-option-inner-inner']"): null

2020-03-24 08:13:45 - [TEST_STEP][PASSED] - selenium.click("id=bs-select-1-1"): null

2020-03-24 08:13:45 - [TEST_STEP][PASSED] - selenium.click("id=primaryCTA"): null

2020-03-24 08:13:47 - [TEST_STEP][PASSED] - for ([second = 0, second < 20, (second++)]): null

2020-03-24 08:13:47 - [TEST_STEP][PASSED] - try: null

2020-03-24 08:13:47 - [TEST_STEP][PASSED] - if (selenium.isElementPresent("id=zip-input")): null

2020-03-24 08:13:47 - [TEST_STEP][PASSED] - break: null

2020-03-24 08:13:47 - [TEST_STEP][PASSED] - callTestCase(findTestCase("AHI/_include/get_screenshot"), [:], STOP_ON_FAILURE): Call Test Case 'Test Cases/AHI/_include/get_screenshot' successfully

2020-03-24 08:13:48 - [TEST_CASE][PASSED] - Test Cases/AHI/_include/get_screenshot: Test Cases/AHI/_include/get_screenshot

2020-03-24 08:13:48 - [TEST_STEP][PASSED] - Thread.sleep(1000): null

2020-03-24 08:13:49 - [TEST_STEP][PASSED] - takeScreenshot(screenPath + i + ".png"): Taking screenshot successfully

2020-03-24 08:13:49 - [MESSAGE][PASSED] - Taking screenshot successfully
[[ATTACHMENT|D:\\Test\\AgileTest\\Reports\\AHI\\ahi\\20200324_080037\\../Screenshots/iPhone 6/AHI/Cancer Insurance/20200324_081336/1.png]]

2020-03-24 08:13:49 - [TEST_STEP][PASSED] - (internal.GlobalVariable.i++): null

2020-03-24 08:13:49 - [MESSAGE][PASSED] - Call Test Case 'Test Cases/AHI/_include/get_screenshot' successfully

2020-03-24 08:13:49 - [TEST_STEP][PASSED] - sendKeys(findTestObject("mobileSanity/Cancer Insurance/zip"), "35216"): Keys '35216' sent to object: 'Object Repository/mobileSanity/Cancer Insurance/zip'

2020-03-24 08:13:49 - [MESSAGE][PASSED] - Keys '35216' sent to object: 'Object Repository/mobileSanity/Cancer Insurance/zip'

2020-03-24 08:13:49 - [TEST_STEP][PASSED] - sendKeys(findTestObject("mobileSanity/Cancer Insurance/dob-0"), "01/01/1990"): Keys '01/01/1990' sent to object: 'Object Repository/mobileSanity/Cancer Insurance/dob-0'

2020-03-24 08:13:50 - [MESSAGE][PASSED] - Keys '01/01/1990' sent to object: 'Object Repository/mobileSanity/Cancer Insurance/dob-0'

2020-03-24 08:13:50 - [TEST_STEP][PASSED] - Thread.sleep(2000): null

2020-03-24 08:13:52 - [TEST_STEP][PASSED] - selenium.click("//label[@for='gender-m-0']"): null

2020-03-24 08:13:52 - [TEST_STEP][PASSED] - Thread.sleep(3000): null

2020-03-24 08:13:55 - [TEST_STEP][PASSED] - selenium.click("id=js-see-plans"): null

2020-03-24 08:13:56 - [TEST_STEP][PASSED] - for ([second = 0, second < 20, (second++)]): null

2020-03-24 08:13:56 - [TEST_STEP][PASSED] - try: null

2020-03-24 08:13:56 - [TEST_STEP][PASSED] - if (selenium.isElementPresent("xpath=//h1[contains(text(),'3 Cancer Insurance Policies Found')]")): null

2020-03-24 08:13:57 - [TEST_STEP][PASSED] - Thread.sleep(1000): null

2020-03-24 08:13:58 - [TEST_STEP][PASSED] - try: null

2020-03-24 08:13:58 - [TEST_STEP][PASSED] - if (selenium.isElementPresent("xpath=//h1[contains(text(),'3 Cancer Insurance Policies Found')]")): null

2020-03-24 08:13:58 - [TEST_STEP][PASSED] - Thread.sleep(1000): null

2020-03-24 08:13:59 - [TEST_STEP][PASSED] - try: null

2020-03-24 08:13:59 - [TEST_STEP][PASSED] - if (selenium.isElementPresent("xpath=//h1[contains(text(),'3 Cancer Insurance Policies Found')]")): null

2020-03-24 08:13:59 - [TEST_STEP][PASSED] - Thread.sleep(1000): null

2020-03-24 08:14:00 - [TEST_STEP][PASSED] - try: null

2020-03-24 08:14:00 - [TEST_STEP][PASSED] - if (selenium.isElementPresent("xpath=//h1[contains(text(),'3 Cancer Insurance Policies Found')]")): null

2020-03-24 08:14:00 - [TEST_STEP][PASSED] - Thread.sleep(1000): null

2020-03-24 08:14:01 - [TEST_STEP][PASSED] - try: null

2020-03-24 08:14:01 - [TEST_STEP][PASSED] - if (selenium.isElementPresent("xpath=//h1[contains(text(),'3 Cancer Insurance Policies Found')]")): null

2020-03-24 08:14:01 - [TEST_STEP][PASSED] - Thread.sleep(1000): null

2020-03-24 08:14:02 - [TEST_STEP][PASSED] - try: null

2020-03-24 08:14:02 - [TEST_STEP][PASSED] - if (selenium.isElementPresent("xpath=//h1[contains(text(),'3 Cancer Insurance Policies Found')]")): null

2020-03-24 08:14:02 - [TEST_STEP][PASSED] - Thread.sleep(1000): null

2020-03-24 08:14:03 - [TEST_STEP][PASSED] - try: null

2020-03-24 08:14:03 - [TEST_STEP][PASSED] - if (selenium.isElementPresent("xpath=//h1[contains(text(),'3 Cancer Insurance Policies Found')]")): null

2020-03-24 08:14:03 - [TEST_STEP][PASSED] - Thread.sleep(1000): null

2020-03-24 08:14:04 - [TEST_STEP][PASSED] - try: null

2020-03-24 08:14:04 - [TEST_STEP][PASSED] - if (selenium.isElementPresent("xpath=//h1[contains(text(),'3 Cancer Insurance Policies Found')]")): null

2020-03-24 08:14:04 - [TEST_STEP][PASSED] - Thread.sleep(1000): null

2020-03-24 08:14:05 - [TEST_STEP][PASSED] - try: null

2020-03-24 08:14:05 - [TEST_STEP][PASSED] - if (selenium.isElementPresent("xpath=//h1[contains(text(),'3 Cancer Insurance Policies Found')]")): null

2020-03-24 08:14:05 - [TEST_STEP][PASSED] - Thread.sleep(1000): null

2020-03-24 08:14:06 - [TEST_STEP][PASSED] - try: null

2020-03-24 08:14:06 - [TEST_STEP][PASSED] - if (selenium.isElementPresent("xpath=//h1[contains(text(),'3 Cancer Insurance Policies Found')]")): null

2020-03-24 08:14:06 - [TEST_STEP][PASSED] - Thread.sleep(1000): null

2020-03-24 08:14:07 - [TEST_STEP][PASSED] - try: null

2020-03-24 08:14:07 - [TEST_STEP][PASSED] - if (selenium.isElementPresent("xpath=//h1[contains(text(),'3 Cancer Insurance Policies Found')]")): null

2020-03-24 08:14:07 - [TEST_STEP][PASSED] - Thread.sleep(1000): null

2020-03-24 08:14:08 - [TEST_STEP][PASSED] - try: null

2020-03-24 08:14:08 - [TEST_STEP][PASSED] - if (selenium.isElementPresent("xpath=//h1[contains(text(),'3 Cancer Insurance Policies Found')]")): null

2020-03-24 08:14:08 - [TEST_STEP][PASSED] - Thread.sleep(1000): null

2020-03-24 08:14:09 - [TEST_STEP][PASSED] - try: null

2020-03-24 08:14:09 - [TEST_STEP][PASSED] - if (selenium.isElementPresent("xpath=//h1[contains(text(),'3 Cancer Insurance Policies Found')]")): null

2020-03-24 08:14:09 - [TEST_STEP][PASSED] - Thread.sleep(1000): null

2020-03-24 08:14:11 - [TEST_STEP][PASSED] - try: null

2020-03-24 08:14:11 - [TEST_STEP][PASSED] - if (selenium.isElementPresent("xpath=//h1[contains(text(),'3 Cancer Insurance Policies Found')]")): null

2020-03-24 08:14:11 - [TEST_STEP][PASSED] - Thread.sleep(1000): null

2020-03-24 08:14:12 - [TEST_STEP][PASSED] - try: null

2020-03-24 08:14:12 - [TEST_STEP][PASSED] - if (selenium.isElementPresent("xpath=//h1[contains(text(),'3 Cancer Insurance Policies Found')]")): null

2020-03-24 08:14:12 - [TEST_STEP][PASSED] - Thread.sleep(1000): null

2020-03-24 08:14:13 - [TEST_STEP][PASSED] - try: null

2020-03-24 08:14:13 - [TEST_STEP][PASSED] - if (selenium.isElementPresent("xpath=//h1[contains(text(),'3 Cancer Insurance Policies Found')]")): null

2020-03-24 08:14:13 - [TEST_STEP][PASSED] - Thread.sleep(1000): null

2020-03-24 08:14:14 - [TEST_STEP][PASSED] - try: null

2020-03-24 08:14:14 - [TEST_STEP][PASSED] - if (selenium.isElementPresent("xpath=//h1[contains(text(),'3 Cancer Insurance Policies Found')]")): null

2020-03-24 08:14:14 - [TEST_STEP][PASSED] - Thread.sleep(1000): null

2020-03-24 08:14:15 - [TEST_STEP][PASSED] - try: null

2020-03-24 08:14:15 - [TEST_STEP][PASSED] - if (selenium.isElementPresent("xpath=//h1[contains(text(),'3 Cancer Insurance Policies Found')]")): null

2020-03-24 08:14:15 - [TEST_STEP][PASSED] - Thread.sleep(1000): null

2020-03-24 08:14:16 - [TEST_STEP][PASSED] - try: null

2020-03-24 08:14:16 - [TEST_STEP][PASSED] - if (selenium.isElementPresent("xpath=//h1[contains(text(),'3 Cancer Insurance Policies Found')]")): null

2020-03-24 08:14:16 - [TEST_STEP][PASSED] - Thread.sleep(1000): null

2020-03-24 08:14:17 - [TEST_STEP][PASSED] - try: null

2020-03-24 08:14:17 - [TEST_STEP][PASSED] - if (selenium.isElementPresent("xpath=//h1[contains(text(),'3 Cancer Insurance Policies Found')]")): null

2020-03-24 08:14:17 - [TEST_STEP][PASSED] - Thread.sleep(1000): null

2020-03-24 08:14:18 - [TEST_STEP][PASSED] - callTestCase(findTestCase("AHI/_include/get_screenshot"), [:], STOP_ON_FAILURE): Call Test Case 'Test Cases/AHI/_include/get_screenshot' successfully

2020-03-24 08:14:18 - [TEST_CASE][PASSED] - Test Cases/AHI/_include/get_screenshot: Test Cases/AHI/_include/get_screenshot

2020-03-24 08:14:18 - [TEST_STEP][PASSED] - Thread.sleep(1000): null

2020-03-24 08:14:19 - [TEST_STEP][PASSED] - takeScreenshot(screenPath + i + ".png"): Taking screenshot successfully

2020-03-24 08:14:20 - [MESSAGE][PASSED] - Taking screenshot successfully
[[ATTACHMENT|D:\\Test\\AgileTest\\Reports\\AHI\\ahi\\20200324_080037\\../Screenshots/iPhone 6/AHI/Cancer Insurance/20200324_081336/2.png]]

2020-03-24 08:14:20 - [TEST_STEP][PASSED] - (internal.GlobalVariable.i++): null

2020-03-24 08:14:20 - [MESSAGE][PASSED] - Call Test Case 'Test Cases/AHI/_include/get_screenshot' successfully

2020-03-24 08:14:20 - [TEST_STEP][PASSED] - selenium.click("xpath=(//a[contains(text(),'Option 1')])[1]"): null

2020-03-24 08:14:21 - [TEST_STEP][PASSED] - for ([second = 0, second < 20, (second++)]): null

2020-03-24 08:14:21 - [TEST_STEP][PASSED] - try: null

2020-03-24 08:14:21 - [TEST_STEP][PASSED] - if (selenium.isElementPresent("id=plan-details-primary-apply")): null

2020-03-24 08:14:22 - [TEST_STEP][PASSED] - break: null

2020-03-24 08:14:22 - [TEST_STEP][PASSED] - callTestCase(findTestCase("AHI/_include/get_screenshot"), [:], STOP_ON_FAILURE): Call Test Case 'Test Cases/AHI/_include/get_screenshot' successfully

2020-03-24 08:14:22 - [TEST_CASE][PASSED] - Test Cases/AHI/_include/get_screenshot: Test Cases/AHI/_include/get_screenshot

2020-03-24 08:14:22 - [TEST_STEP][PASSED] - Thread.sleep(1000): null

2020-03-24 08:14:23 - [TEST_STEP][PASSED] - takeScreenshot(screenPath + i + ".png"): Taking screenshot successfully

2020-03-24 08:14:23 - [MESSAGE][PASSED] - Taking screenshot successfully
[[ATTACHMENT|D:\\Test\\AgileTest\\Reports\\AHI\\ahi\\20200324_080037\\../Screenshots/iPhone 6/AHI/Cancer Insurance/20200324_081336/3.png]]

2020-03-24 08:14:23 - [TEST_STEP][PASSED] - (internal.GlobalVariable.i++): null

2020-03-24 08:14:23 - [MESSAGE][PASSED] - Call Test Case 'Test Cases/AHI/_include/get_screenshot' successfully

2020-03-24 08:14:23 - [TEST_STEP][PASSED] - selenium.click("id=plan-details-primary-apply"): null

2020-03-24 08:14:24 - [TEST_STEP][PASSED] - for ([second = 0, second < 20, (second++)]): null

2020-03-24 08:14:24 - [TEST_STEP][PASSED] - try: null

2020-03-24 08:14:24 - [TEST_STEP][PASSED] - if (selenium.isElementPresent("id=applyButton")): null

2020-03-24 08:14:25 - [TEST_STEP][PASSED] - break: null

2020-03-24 08:14:25 - [TEST_STEP][PASSED] - callTestCase(findTestCase("AHI/_include/get_screenshot"), [:], STOP_ON_FAILURE): Call Test Case 'Test Cases/AHI/_include/get_screenshot' successfully

2020-03-24 08:14:25 - [TEST_CASE][PASSED] - Test Cases/AHI/_include/get_screenshot: Test Cases/AHI/_include/get_screenshot

2020-03-24 08:14:25 - [TEST_STEP][PASSED] - Thread.sleep(1000): null

2020-03-24 08:14:26 - [TEST_STEP][PASSED] - takeScreenshot(screenPath + i + ".png"): Taking screenshot successfully

2020-03-24 08:14:27 - [MESSAGE][PASSED] - Taking screenshot successfully
[[ATTACHMENT|D:\\Test\\AgileTest\\Reports\\AHI\\ahi\\20200324_080037\\../Screenshots/iPhone 6/AHI/Cancer Insurance/20200324_081336/4.png]]

2020-03-24 08:14:27 - [TEST_STEP][PASSED] - (internal.GlobalVariable.i++): null

2020-03-24 08:14:27 - [MESSAGE][PASSED] - Call Test Case 'Test Cases/AHI/_include/get_screenshot' successfully

2020-03-24 08:14:27 - [TEST_STEP][PASSED] - selenium.click("id=applyButton"): null

2020-03-24 08:14:28 - [TEST_STEP][PASSED] - for ([second = 0, second < 20, (second++)]): null

2020-03-24 08:14:28 - [TEST_STEP][PASSED] - try: null

2020-03-24 08:14:28 - [TEST_STEP][PASSED] - if (selenium.isElementPresent("id=member-P-1-firstName")): null

2020-03-24 08:14:30 - [TEST_STEP][PASSED] - Thread.sleep(1000): null

2020-03-24 08:14:31 - [TEST_STEP][PASSED] - try: null

2020-03-24 08:14:31 - [TEST_STEP][PASSED] - if (selenium.isElementPresent("id=member-P-1-firstName")): null

2020-03-24 08:14:31 - [TEST_STEP][PASSED] - break: null

2020-03-24 08:14:31 - [TEST_STEP][PASSED] - callTestCase(findTestCase("AHI/_include/get_screenshot"), [:], STOP_ON_FAILURE): Call Test Case 'Test Cases/AHI/_include/get_screenshot' successfully

2020-03-24 08:14:31 - [TEST_CASE][PASSED] - Test Cases/AHI/_include/get_screenshot: Test Cases/AHI/_include/get_screenshot

2020-03-24 08:14:31 - [TEST_STEP][PASSED] - Thread.sleep(1000): null

2020-03-24 08:14:32 - [TEST_STEP][PASSED] - takeScreenshot(screenPath + i + ".png"): Taking screenshot successfully

2020-03-24 08:14:32 - [MESSAGE][PASSED] - Taking screenshot successfully
[[ATTACHMENT|D:\\Test\\AgileTest\\Reports\\AHI\\ahi\\20200324_080037\\../Screenshots/iPhone 6/AHI/Cancer Insurance/20200324_081336/5.png]]

2020-03-24 08:14:32 - [TEST_STEP][PASSED] - (internal.GlobalVariable.i++): null

2020-03-24 08:14:32 - [MESSAGE][PASSED] - Call Test Case 'Test Cases/AHI/_include/get_screenshot' successfully

2020-03-24 08:14:32 - [TEST_STEP][PASSED] - callTestCase(findTestCase("AHI/_include/name"), [:], STOP_ON_FAILURE): Call Test Case 'Test Cases/AHI/_include/name' successfully

2020-03-24 08:14:32 - [TEST_CASE][PASSED] - Test Cases/AHI/_include/name: Test Cases/AHI/_include/name

2020-03-24 08:14:33 - [TEST_STEP][PASSED] - driver = getWebDriver(): null

2020-03-24 08:14:33 - [TEST_STEP][PASSED] - selenium = new com.thoughtworks.selenium.webdriven.WebDriverBackedSelenium(driver, internal.GlobalVariable.ENV): null

2020-03-24 08:14:33 - [TEST_STEP][PASSED] - FirstName = "Test-123": null

2020-03-24 08:14:33 - [TEST_STEP][PASSED] - LastName = selenium.getEval("{var x="ABCDEFGHIJKLMNOPQRSTUVWXYZabcdefghijklmnopqrstuvwxyz"; var tmp="ZZ11-"; for (i=0;i<8;i++) tmp+=x.charAt(Math.ceil(51*Math.random()));tmp;}"): null

2020-03-24 08:14:33 - [TEST_STEP][PASSED] - Address = selenium.getEval("{var x="ABCDEFGHIJKLMNOPQRSTUVWXYZabcdefghijklmnopqrstuvwxyz"; var tmp=""; for (i=0;i<8;i++) tmp+=x.charAt(Math.ceil(51*Math.random()));tmp;}"): null

2020-03-24 08:14:33 - [TEST_STEP][PASSED] - City = selenium.getEval("{var x="ABCDEFGHIJKLMNOPQRSTUVWXYZabcdefghijklmnopqrstuvwxyz"; var tmp=""; for (i=0;i<8;i++) tmp+=x.charAt(Math.ceil(51*Math.random()));tmp;}"): null

2020-03-24 08:14:33 - [TEST_STEP][PASSED] - tel1 = selenium.getEval("{var x="123456789"; var tmp=""; for (i=0;i<3;i++) tmp+=x.charAt(Math.ceil(8*Math.random()));tmp;}"): null

2020-03-24 08:14:33 - [TEST_STEP][PASSED] - tel2 = selenium.getEval("{var x="123456789"; var tmp=""; for (i=0;i<3;i++) tmp+=x.charAt(Math.ceil(8*Math.random()));tmp;}"): null

2020-03-24 08:14:33 - [TEST_STEP][PASSED] - tel3 = selenium.getEval("{var x="123456789"; var tmp=""; for (i=0;i<4;i++) tmp+=x.charAt(Math.ceil(8*Math.random()));tmp;}"): null

2020-03-24 08:14:33 - [TEST_STEP][PASSED] - Tel = selenium.getExpression(tel1 + "-" + tel2 + "-" + tel3): null

2020-03-24 08:14:33 - [TEST_STEP][PASSED] - AutoEmail = selenium.getEval("{var x="ABCDEFGHIJKLMNOPQRSTUVWXYZabcdefghijklmnopqrstuvwxyz"; var tmp="test."; for (i=0;i<8;i++) tmp+=x.charAt(Math.ceil(51*Math.random()));tmp+="@suryani.cn";}"): null

2020-03-24 08:14:33 - [TEST_STEP][PASSED] - FirstName = FirstName: null

2020-03-24 08:14:33 - [TEST_STEP][PASSED] - LastName = LastName: null

2020-03-24 08:14:33 - [TEST_STEP][PASSED] - Address = Address: null

2020-03-24 08:14:33 - [TEST_STEP][PASSED] - City = City: null

2020-03-24 08:14:33 - [TEST_STEP][PASSED] - Tel = Tel: null

2020-03-24 08:14:33 - [TEST_STEP][PASSED] - AutoEmail = AutoEmail: null

2020-03-24 08:14:33 - [TEST_STEP][PASSED] - println(FirstName): null

2020-03-24 08:14:33 - [TEST_STEP][PASSED] - println(LastName): null

2020-03-24 08:14:33 - [TEST_STEP][PASSED] - println(Address): null

2020-03-24 08:14:33 - [TEST_STEP][PASSED] - println(City): null

2020-03-24 08:14:33 - [TEST_STEP][PASSED] - println(Tel): null

2020-03-24 08:14:33 - [TEST_STEP][PASSED] - println(AutoEmail): null

2020-03-24 08:14:33 - [MESSAGE][PASSED] - Call Test Case 'Test Cases/AHI/_include/name' successfully

2020-03-24 08:14:33 - [TEST_STEP][PASSED] - selenium.type("id=member-P-1-firstName", FirstName): null

2020-03-24 08:14:33 - [TEST_STEP][PASSED] - selenium.type("id=member-P-1-lastName", LastName): null

2020-03-24 08:14:34 - [TEST_STEP][PASSED] - selenium.type("id=address", Address): null

2020-03-24 08:14:34 - [TEST_STEP][PASSED] - selenium.type("id=city", City): null

2020-03-24 08:14:34 - [TEST_STEP][PASSED] - selenium.type("id=email", AutoEmail): null

2020-03-24 08:14:34 - [TEST_STEP][PASSED] - selenium.type("id=primaryPhone", Tel): null

2020-03-24 08:14:34 - [TEST_STEP][PASSED] - selenium.click("id=js-app-continue-link"): null

2020-03-24 08:14:35 - [TEST_STEP][PASSED] - for ([second = 0, second < 20, (second++)]): null

2020-03-24 08:14:35 - [TEST_STEP][PASSED] - try: null

2020-03-24 08:14:35 - [TEST_STEP][PASSED] - if (selenium.isElementPresent("xpath=(//*[@class='js-question js-app-page-medical-question-wrapper'])[1]/div/button[1]")): null

2020-03-24 08:14:35 - [TEST_STEP][PASSED] - Thread.sleep(1000): null

2020-03-24 08:14:36 - [TEST_STEP][PASSED] - try: null

2020-03-24 08:14:36 - [TEST_STEP][PASSED] - if (selenium.isElementPresent("xpath=(//*[@class='js-question js-app-page-medical-question-wrapper'])[1]/div/button[1]")): null

2020-03-24 08:14:36 - [TEST_STEP][PASSED] - break: null

2020-03-24 08:14:36 - [TEST_STEP][PASSED] - callTestCase(findTestCase("AHI/_include/get_screenshot"), [:], STOP_ON_FAILURE): Call Test Case 'Test Cases/AHI/_include/get_screenshot' successfully

2020-03-24 08:14:36 - [TEST_CASE][PASSED] - Test Cases/AHI/_include/get_screenshot: Test Cases/AHI/_include/get_screenshot

2020-03-24 08:14:36 - [TEST_STEP][PASSED] - Thread.sleep(1000): null

2020-03-24 08:14:37 - [TEST_STEP][PASSED] - takeScreenshot(screenPath + i + ".png"): Taking screenshot successfully

2020-03-24 08:14:38 - [MESSAGE][PASSED] - Taking screenshot successfully
[[ATTACHMENT|D:\\Test\\AgileTest\\Reports\\AHI\\ahi\\20200324_080037\\../Screenshots/iPhone 6/AHI/Cancer Insurance/20200324_081336/6.png]]

2020-03-24 08:14:38 - [TEST_STEP][PASSED] - (internal.GlobalVariable.i++): null

2020-03-24 08:14:38 - [MESSAGE][PASSED] - Call Test Case 'Test Cases/AHI/_include/get_screenshot' successfully

2020-03-24 08:14:38 - [TEST_STEP][PASSED] - for ([i = 1, i < 12, (i++)]): null

2020-03-24 08:14:38 - [TEST_STEP][PASSED] - selenium.click("xpath=(//*[@class='js-question js-app-page-medical-question-wrapper'])[" + i + "]/div/button[1]"): null

2020-03-24 08:14:39 - [TEST_STEP][PASSED] - selenium.click("xpath=(//*[@class='js-question js-app-page-medical-question-wrapper'])[" + i + "]/div/button[1]"): null

2020-03-24 08:14:40 - [TEST_STEP][PASSED] - selenium.click("xpath=(//*[@class='js-question js-app-page-medical-question-wrapper'])[" + i + "]/div/button[1]"): null

2020-03-24 08:14:41 - [TEST_STEP][PASSED] - selenium.click("xpath=(//*[@class='js-question js-app-page-medical-question-wrapper'])[" + i + "]/div/button[1]"): null

2020-03-24 08:14:43 - [TEST_STEP][PASSED] - selenium.click("xpath=(//*[@class='js-question js-app-page-medical-question-wrapper'])[" + i + "]/div/button[1]"): null

2020-03-24 08:14:43 - [TEST_STEP][PASSED] - selenium.click("xpath=(//*[@class='js-question js-app-page-medical-question-wrapper'])[" + i + "]/div/button[1]"): null

2020-03-24 08:14:44 - [TEST_STEP][PASSED] - selenium.click("xpath=(//*[@class='js-question js-app-page-medical-question-wrapper'])[" + i + "]/div/button[1]"): null

2020-03-24 08:14:46 - [TEST_STEP][PASSED] - selenium.click("xpath=(//*[@class='js-question js-app-page-medical-question-wrapper'])[" + i + "]/div/button[1]"): null

2020-03-24 08:14:47 - [TEST_STEP][PASSED] - selenium.click("xpath=(//*[@class='js-question js-app-page-medical-question-wrapper'])[" + i + "]/div/button[1]"): null

2020-03-24 08:14:48 - [TEST_STEP][PASSED] - selenium.click("xpath=(//*[@class='js-question js-app-page-medical-question-wrapper'])[" + i + "]/div/button[1]"): null

2020-03-24 08:14:50 - [TEST_STEP][PASSED] - selenium.click("xpath=(//*[@class='js-question js-app-page-medical-question-wrapper'])[" + i + "]/div/button[1]"): null

2020-03-24 08:14:51 - [TEST_STEP][PASSED] - selenium.click("id=js-app-continue-link"): null

2020-03-24 08:14:51 - [TEST_STEP][PASSED] - for ([second = 0, second < 20, (second++)]): null

2020-03-24 08:14:51 - [TEST_STEP][PASSED] - try: null

2020-03-24 08:14:51 - [TEST_STEP][PASSED] - if (selenium.isElementPresent("id=credit-card-number")): null

2020-03-24 08:14:51 - [TEST_STEP][PASSED] - Thread.sleep(1000): null

2020-03-24 08:14:52 - [TEST_STEP][PASSED] - try: null

2020-03-24 08:14:52 - [TEST_STEP][PASSED] - if (selenium.isElementPresent("id=credit-card-number")): null

2020-03-24 08:14:53 - [TEST_STEP][PASSED] - break: null

2020-03-24 08:14:53 - [TEST_STEP][PASSED] - callTestCase(findTestCase("AHI/_include/get_screenshot"), [:], STOP_ON_FAILURE): Call Test Case 'Test Cases/AHI/_include/get_screenshot' successfully

2020-03-24 08:14:53 - [TEST_CASE][PASSED] - Test Cases/AHI/_include/get_screenshot: Test Cases/AHI/_include/get_screenshot

2020-03-24 08:14:53 - [TEST_STEP][PASSED] - Thread.sleep(1000): null

2020-03-24 08:14:54 - [TEST_STEP][PASSED] - takeScreenshot(screenPath + i + ".png"): Taking screenshot successfully

2020-03-24 08:14:55 - [MESSAGE][PASSED] - Taking screenshot successfully
[[ATTACHMENT|D:\\Test\\AgileTest\\Reports\\AHI\\ahi\\20200324_080037\\../Screenshots/iPhone 6/AHI/Cancer Insurance/20200324_081336/7.png]]

2020-03-24 08:14:55 - [TEST_STEP][PASSED] - (internal.GlobalVariable.i++): null

2020-03-24 08:14:55 - [MESSAGE][PASSED] - Call Test Case 'Test Cases/AHI/_include/get_screenshot' successfully

2020-03-24 08:14:55 - [TEST_STEP][PASSED] - selenium.type("id=credit-card-number", "4111123123123123"): null

2020-03-24 08:14:55 - [TEST_STEP][PASSED] - selenium.type("id=credit-card-first", "test"): null

2020-03-24 08:14:55 - [TEST_STEP][PASSED] - selenium.type("id=credit-card-last", "test"): null

2020-03-24 08:14:55 - [TEST_STEP][PASSED] - selenium.select("id=expiration-month", "12"): null

2020-03-24 08:14:55 - [TEST_STEP][PASSED] - selenium.select("id=expiration-year", "2026"): null

2020-03-24 08:14:56 - [TEST_STEP][PASSED] - selenium.type("id=credit-card-cvv", "123"): null

2020-03-24 08:14:56 - [TEST_STEP][PASSED] - selenium.type("id=credit-card-number", "4111123123123123"): null

2020-03-24 08:14:56 - [TEST_STEP][PASSED] - selenium.click("id=js-same-billing"): null

2020-03-24 08:14:56 - [TEST_STEP][PASSED] - selenium.click("id=credit-payment-authorization"): null

2020-03-24 08:14:56 - [TEST_STEP][PASSED] - selenium.click("id=js-app-continue-link"): null

2020-03-24 08:14:57 - [TEST_STEP][PASSED] - for ([second = 0, second < 20, (second++)]): null

2020-03-24 08:14:57 - [TEST_STEP][PASSED] - try: null

2020-03-24 08:14:57 - [TEST_STEP][PASSED] - if (selenium.isElementPresent("id=consent-checkbox-0")): null

2020-03-24 08:14:57 - [TEST_STEP][PASSED] - Thread.sleep(1000): null

2020-03-24 08:14:58 - [TEST_STEP][PASSED] - try: null

2020-03-24 08:14:58 - [TEST_STEP][PASSED] - if (selenium.isElementPresent("id=consent-checkbox-0")): null

2020-03-24 08:14:58 - [TEST_STEP][PASSED] - break: null

2020-03-24 08:14:58 - [TEST_STEP][PASSED] - callTestCase(findTestCase("AHI/_include/get_screenshot"), [:], STOP_ON_FAILURE): Call Test Case 'Test Cases/AHI/_include/get_screenshot' successfully

2020-03-24 08:14:58 - [TEST_CASE][PASSED] - Test Cases/AHI/_include/get_screenshot: Test Cases/AHI/_include/get_screenshot

2020-03-24 08:14:58 - [TEST_STEP][PASSED] - Thread.sleep(1000): null

2020-03-24 08:14:59 - [TEST_STEP][PASSED] - takeScreenshot(screenPath + i + ".png"): Taking screenshot successfully

2020-03-24 08:15:00 - [MESSAGE][PASSED] - Taking screenshot successfully
[[ATTACHMENT|D:\\Test\\AgileTest\\Reports\\AHI\\ahi\\20200324_080037\\../Screenshots/iPhone 6/AHI/Cancer Insurance/20200324_081336/8.png]]

2020-03-24 08:15:00 - [TEST_STEP][PASSED] - (internal.GlobalVariable.i++): null

2020-03-24 08:15:00 - [MESSAGE][PASSED] - Call Test Case 'Test Cases/AHI/_include/get_screenshot' successfully

2020-03-24 08:15:00 - [TEST_STEP][PASSED] - selenium.click("id=consent-checkbox-0"): null

2020-03-24 08:15:00 - [TEST_STEP][PASSED] - selenium.click("id=js-signature-tab"): null

2020-03-24 08:15:01 - [TEST_STEP][PASSED] - selenium.click("id=js-app-continue-link"): null

2020-03-24 08:15:01 - [TEST_STEP][PASSED] - for ([second = 0, second < 30, (second++)]): null

2020-03-24 08:15:01 - [TEST_STEP][PASSED] - try: null

2020-03-24 08:15:01 - [TEST_STEP][PASSED] - if (selenium.isElementPresent("xpath=//h2[contains(text(),'Thank You')]")): null

2020-03-24 08:15:01 - [TEST_STEP][PASSED] - Thread.sleep(1000): null

2020-03-24 08:15:03 - [TEST_STEP][PASSED] - try: null

2020-03-24 08:15:03 - [TEST_STEP][PASSED] - if (selenium.isElementPresent("xpath=//h2[contains(text(),'Thank You')]")): null

2020-03-24 08:15:03 - [TEST_STEP][PASSED] - Thread.sleep(1000): null

2020-03-24 08:15:04 - [TEST_STEP][PASSED] - try: null

2020-03-24 08:15:04 - [TEST_STEP][PASSED] - if (selenium.isElementPresent("xpath=//h2[contains(text(),'Thank You')]")): null

2020-03-24 08:15:04 - [TEST_STEP][PASSED] - Thread.sleep(1000): null

2020-03-24 08:15:05 - [TEST_STEP][PASSED] - try: null

2020-03-24 08:15:05 - [TEST_STEP][PASSED] - if (selenium.isElementPresent("xpath=//h2[contains(text(),'Thank You')]")): null

2020-03-24 08:15:05 - [TEST_STEP][PASSED] - Thread.sleep(1000): null

2020-03-24 08:15:06 - [TEST_STEP][PASSED] - try: null

2020-03-24 08:15:06 - [TEST_STEP][PASSED] - if (selenium.isElementPresent("xpath=//h2[contains(text(),'Thank You')]")): null

2020-03-24 08:15:06 - [TEST_STEP][PASSED] - Thread.sleep(1000): null

2020-03-24 08:15:07 - [TEST_STEP][PASSED] - try: null

2020-03-24 08:15:07 - [TEST_STEP][PASSED] - if (selenium.isElementPresent("xpath=//h2[contains(text(),'Thank You')]")): null

2020-03-24 08:15:07 - [TEST_STEP][PASSED] - Thread.sleep(1000): null

2020-03-24 08:15:08 - [TEST_STEP][PASSED] - try: null

2020-03-24 08:15:08 - [TEST_STEP][PASSED] - if (selenium.isElementPresent("xpath=//h2[contains(text(),'Thank You')]")): null

2020-03-24 08:15:08 - [TEST_STEP][PASSED] - Thread.sleep(1000): null

2020-03-24 08:15:09 - [TEST_STEP][PASSED] - try: null

2020-03-24 08:15:09 - [TEST_STEP][PASSED] - if (selenium.isElementPresent("xpath=//h2[contains(text(),'Thank You')]")): null

2020-03-24 08:15:09 - [TEST_STEP][PASSED] - Thread.sleep(1000): null

2020-03-24 08:15:10 - [TEST_STEP][PASSED] - try: null

2020-03-24 08:15:10 - [TEST_STEP][PASSED] - if (selenium.isElementPresent("xpath=//h2[contains(text(),'Thank You')]")): null

2020-03-24 08:15:10 - [TEST_STEP][PASSED] - Thread.sleep(1000): null

2020-03-24 08:15:11 - [TEST_STEP][PASSED] - try: null

2020-03-24 08:15:11 - [TEST_STEP][PASSED] - if (selenium.isElementPresent("xpath=//h2[contains(text(),'Thank You')]")): null

2020-03-24 08:15:11 - [TEST_STEP][PASSED] - Thread.sleep(1000): null

2020-03-24 08:15:12 - [TEST_STEP][PASSED] - try: null

2020-03-24 08:15:12 - [TEST_STEP][PASSED] - if (selenium.isElementPresent("xpath=//h2[contains(text(),'Thank You')]")): null

2020-03-24 08:15:12 - [TEST_STEP][PASSED] - Thread.sleep(1000): null

2020-03-24 08:15:13 - [TEST_STEP][PASSED] - try: null

2020-03-24 08:15:13 - [TEST_STEP][PASSED] - if (selenium.isElementPresent("xpath=//h2[contains(text(),'Thank You')]")): null

2020-03-24 08:15:13 - [TEST_STEP][PASSED] - Thread.sleep(1000): null

2020-03-24 08:15:14 - [TEST_STEP][PASSED] - try: null

2020-03-24 08:15:14 - [TEST_STEP][PASSED] - if (selenium.isElementPresent("xpath=//h2[contains(text(),'Thank You')]")): null

2020-03-24 08:15:14 - [TEST_STEP][PASSED] - Thread.sleep(1000): null

2020-03-24 08:15:15 - [TEST_STEP][PASSED] - try: null

2020-03-24 08:15:15 - [TEST_STEP][PASSED] - if (selenium.isElementPresent("xpath=//h2[contains(text(),'Thank You')]")): null

2020-03-24 08:15:15 - [TEST_STEP][PASSED] - Thread.sleep(1000): null

2020-03-24 08:15:16 - [TEST_STEP][PASSED] - try: null

2020-03-24 08:15:16 - [TEST_STEP][PASSED] - if (selenium.isElementPresent("xpath=//h2[contains(text(),'Thank You')]")): null

2020-03-24 08:15:16 - [TEST_STEP][PASSED] - Thread.sleep(1000): null

2020-03-24 08:15:17 - [TEST_STEP][PASSED] - try: null

2020-03-24 08:15:17 - [TEST_STEP][PASSED] - if (selenium.isElementPresent("xpath=//h2[contains(text(),'Thank You')]")): null

2020-03-24 08:15:17 - [TEST_STEP][PASSED] - Thread.sleep(1000): null

2020-03-24 08:15:18 - [TEST_STEP][PASSED] - try: null

2020-03-24 08:15:18 - [TEST_STEP][PASSED] - if (selenium.isElementPresent("xpath=//h2[contains(text(),'Thank You')]")): null

2020-03-24 08:15:19 - [TEST_STEP][PASSED] - Thread.sleep(1000): null

2020-03-24 08:15:20 - [TEST_STEP][PASSED] - try: null

2020-03-24 08:15:20 - [TEST_STEP][PASSED] - if (selenium.isElementPresent("xpath=//h2[contains(text(),'Thank You')]")): null

2020-03-24 08:15:20 - [TEST_STEP][PASSED] - break: null

2020-03-24 08:15:20 - [TEST_STEP][PASSED] - callTestCase(findTestCase("AHI/_include/get_screenshot"), [:], STOP_ON_FAILURE): Call Test Case 'Test Cases/AHI/_include/get_screenshot' successfully

2020-03-24 08:15:20 - [TEST_CASE][PASSED] - Test Cases/AHI/_include/get_screenshot: Test Cases/AHI/_include/get_screenshot

2020-03-24 08:15:20 - [TEST_STEP][PASSED] - Thread.sleep(1000): null

2020-03-24 08:15:21 - [TEST_STEP][PASSED] - takeScreenshot(screenPath + i + ".png"): Taking screenshot successfully

2020-03-24 08:15:21 - [MESSAGE][PASSED] - Taking screenshot successfully
[[ATTACHMENT|D:\\Test\\AgileTest\\Reports\\AHI\\ahi\\20200324_080037\\../Screenshots/iPhone 6/AHI/Cancer Insurance/20200324_081336/9.png]]

2020-03-24 08:15:21 - [TEST_STEP][PASSED] - (internal.GlobalVariable.i++): null

2020-03-24 08:15:21 - [MESSAGE][PASSED] - Call Test Case 'Test Cases/AHI/_include/get_screenshot' successfully]]></system-out>
         <system-err><![CDATA[]]></system-err>
      </testcase>
      <testcase name="Test Cases/AHI/NEW/Dental/National General" classname="Test Cases/AHI/NEW/Dental/National General" status="PASSED">
         <system-out><![CDATA[2020-03-24 08:15:21 - [TEST_CASE][PASSED] - Test Cases/AHI/NEW/Dental/National General: Test Cases/AHI/NEW/Dental/National General

2020-03-24 08:15:21 - [TEST_STEP][PASSED] - callTestCase(findTestCase("AHI/_include/get_screenPath"), ["productLine":"AHI", "carrierName":"Dental - National General"], CONTINUE_ON_FAILURE): Call Test Case 'Test Cases/AHI/_include/get_screenPath' successfully

2020-03-24 08:15:21 - [TEST_CASE][PASSED] - Test Cases/AHI/_include/get_screenPath: Test Cases/AHI/_include/get_screenPath

2020-03-24 08:15:21 - [TEST_STEP][PASSED] - m = getExecutionProperties(): null

2020-03-24 08:15:21 - [TEST_STEP][PASSED] - deviceName = get("mobileEmulation").get("deviceName"): null

2020-03-24 08:15:21 - [TEST_STEP][PASSED] - println(deviceName): null

2020-03-24 08:15:21 - [TEST_STEP][PASSED] - now = new java.util.Date(): null

2020-03-24 08:15:21 - [TEST_STEP][PASSED] - mydate = now.format("yyyyMMdd_HHmmss"): null

2020-03-24 08:15:21 - [TEST_STEP][PASSED] - screenPath = "../Screenshots/": null

2020-03-24 08:15:21 - [TEST_STEP][PASSED] - screenPath = screenPath + deviceName + "/" + productLine + "/" + carrierName + "/" + mydate + "/": null

2020-03-24 08:15:21 - [TEST_STEP][PASSED] - println(screenPath): null

2020-03-24 08:15:21 - [MESSAGE][PASSED] - Call Test Case 'Test Cases/AHI/_include/get_screenPath' successfully

2020-03-24 08:15:21 - [TEST_STEP][PASSED] - i = 0: null

2020-03-24 08:15:21 - [TEST_STEP][PASSED] - callTestCase(findTestCase("AHI/_include/openWebSite"), [:], STOP_ON_FAILURE): Call Test Case 'Test Cases/AHI/_include/openWebSite' successfully

2020-03-24 08:15:22 - [TEST_CASE][PASSED] - Test Cases/AHI/_include/openWebSite: Test Cases/AHI/_include/openWebSite

2020-03-24 08:15:22 - [TEST_STEP][PASSED] - openBrowser(env): Browser is opened with url: 'https://praetemptatus.agilehealthinsurance.com'

2020-03-24 08:15:22 - [MESSAGE][WARNING] - A browser is already opened. Closing browser and opening a new one

2020-03-24 08:15:22 - [MESSAGE][INFO] - Starting 'Chrome' driver

2020-03-24 08:15:22 - [MESSAGE][INFO] - User set preference: ['mobileEmulation', '{deviceName=iPhone 6}']

2020-03-24 08:15:22 - [MESSAGE][INFO] - User set preference: ['args', '[--incognito, --aggressive-cache-discard, --window-size=375,677, --no-sandbox, --ignore-certificate-errors]']

2020-03-24 08:15:26 - [MESSAGE][PASSED] - Browser is opened with url: 'https://praetemptatus.agilehealthinsurance.com'

2020-03-24 08:15:26 - [TEST_STEP][PASSED] - waitForPageLoad(20): Wait for page load successfully

2020-03-24 08:15:26 - [MESSAGE][PASSED] - Wait for page load successfully

2020-03-24 08:15:26 - [TEST_STEP][PASSED] - callTestCase(findTestCase("AHI/_include/get_screenshot"), [:], STOP_ON_FAILURE): Call Test Case 'Test Cases/AHI/_include/get_screenshot' successfully

2020-03-24 08:15:26 - [TEST_CASE][PASSED] - Test Cases/AHI/_include/get_screenshot: Test Cases/AHI/_include/get_screenshot

2020-03-24 08:15:26 - [TEST_STEP][PASSED] - Thread.sleep(1000): null

2020-03-24 08:15:27 - [TEST_STEP][PASSED] - takeScreenshot(screenPath + i + ".png"): Taking screenshot successfully

2020-03-24 08:15:28 - [MESSAGE][PASSED] - Taking screenshot successfully
[[ATTACHMENT|D:\\Test\\AgileTest\\Reports\\AHI\\ahi\\20200324_080037\\../Screenshots/iPhone 6/AHI/Dental - National General/20200324_081521/0.png]]

2020-03-24 08:15:28 - [TEST_STEP][PASSED] - (internal.GlobalVariable.i++): null

2020-03-24 08:15:28 - [MESSAGE][PASSED] - Call Test Case 'Test Cases/AHI/_include/get_screenshot' successfully

2020-03-24 08:15:28 - [MESSAGE][PASSED] - Call Test Case 'Test Cases/AHI/_include/openWebSite' successfully

2020-03-24 08:15:28 - [TEST_STEP][PASSED] - driver = getWebDriver(): null

2020-03-24 08:15:28 - [TEST_STEP][PASSED] - baseUrl = ENV: null

2020-03-24 08:15:28 - [TEST_STEP][PASSED] - selenium = new com.thoughtworks.selenium.webdriven.WebDriverBackedSelenium(driver, baseUrl): null

2020-03-24 08:15:28 - [TEST_STEP][PASSED] - selenium.click("//*[@class='filter-option-inner-inner']"): null

2020-03-24 08:15:28 - [TEST_STEP][PASSED] - selenium.click("id=bs-select-1-2"): null

2020-03-24 08:15:28 - [TEST_STEP][PASSED] - selenium.click("id=primaryCTA"): null

2020-03-24 08:15:30 - [TEST_STEP][PASSED] - for ([second = 0, second < 20, (second++)]): null

2020-03-24 08:15:30 - [TEST_STEP][PASSED] - try: null

2020-03-24 08:15:30 - [TEST_STEP][PASSED] - if (selenium.isElementPresent("id=zip-input")): null

2020-03-24 08:15:30 - [TEST_STEP][PASSED] - break: null

2020-03-24 08:15:30 - [TEST_STEP][PASSED] - callTestCase(findTestCase("AHI/_include/get_screenshot"), [:], STOP_ON_FAILURE): Call Test Case 'Test Cases/AHI/_include/get_screenshot' successfully

2020-03-24 08:15:30 - [TEST_CASE][PASSED] - Test Cases/AHI/_include/get_screenshot: Test Cases/AHI/_include/get_screenshot

2020-03-24 08:15:30 - [TEST_STEP][PASSED] - Thread.sleep(1000): null

2020-03-24 08:15:31 - [TEST_STEP][PASSED] - takeScreenshot(screenPath + i + ".png"): Taking screenshot successfully

2020-03-24 08:15:32 - [MESSAGE][PASSED] - Taking screenshot successfully
[[ATTACHMENT|D:\\Test\\AgileTest\\Reports\\AHI\\ahi\\20200324_080037\\../Screenshots/iPhone 6/AHI/Dental - National General/20200324_081521/1.png]]

2020-03-24 08:15:32 - [TEST_STEP][PASSED] - (internal.GlobalVariable.i++): null

2020-03-24 08:15:32 - [MESSAGE][PASSED] - Call Test Case 'Test Cases/AHI/_include/get_screenshot' successfully

2020-03-24 08:15:32 - [TEST_STEP][PASSED] - setText(findTestObject("mobileSanity/Dental/census/input_Location_zip-input"), "35215"): Text '35215' is set on object 'Object Repository/mobileSanity/Dental/census/input_Location_zip-input'

2020-03-24 08:15:32 - [MESSAGE][PASSED] - Text '35215' is set on object 'Object Repository/mobileSanity/Dental/census/input_Location_zip-input'

2020-03-24 08:15:32 - [TEST_STEP][PASSED] - setText(findTestObject("mobileSanity/Dental/census/input_Date of Birth_dob-0"), "12121980"): Text '12121980' is set on object 'Object Repository/mobileSanity/Dental/census/input_Date of Birth_dob-0'

2020-03-24 08:15:32 - [MESSAGE][PASSED] - Text '12121980' is set on object 'Object Repository/mobileSanity/Dental/census/input_Date of Birth_dob-0'

2020-03-24 08:15:32 - [TEST_STEP][PASSED] - click(findTestObject("mobileSanity/Dental/census/label_Male")): Object: 'Object Repository/mobileSanity/Dental/census/label_Male' is clicked on

2020-03-24 08:15:32 - [MESSAGE][PASSED] - Object: 'Object Repository/mobileSanity/Dental/census/label_Male' is clicked on

2020-03-24 08:15:32 - [TEST_STEP][PASSED] - selenium.click("id=js-see-plans"): null

2020-03-24 08:15:33 - [TEST_STEP][PASSED] - for ([second = 0, second < 20, (second++)]): null

2020-03-24 08:15:33 - [TEST_STEP][PASSED] - try: null

2020-03-24 08:15:33 - [TEST_STEP][PASSED] - if (selenium.isElementPresent("id=js-quote-header")): null

2020-03-24 08:15:34 - [TEST_STEP][PASSED] - break: null

2020-03-24 08:15:34 - [TEST_STEP][PASSED] - callTestCase(findTestCase("AHI/_include/get_screenshot"), [:], STOP_ON_FAILURE): Call Test Case 'Test Cases/AHI/_include/get_screenshot' successfully

2020-03-24 08:15:34 - [TEST_CASE][PASSED] - Test Cases/AHI/_include/get_screenshot: Test Cases/AHI/_include/get_screenshot

2020-03-24 08:15:34 - [TEST_STEP][PASSED] - Thread.sleep(1000): null

2020-03-24 08:15:35 - [TEST_STEP][PASSED] - takeScreenshot(screenPath + i + ".png"): Taking screenshot successfully

2020-03-24 08:15:36 - [MESSAGE][PASSED] - Taking screenshot successfully
[[ATTACHMENT|D:\\Test\\AgileTest\\Reports\\AHI\\ahi\\20200324_080037\\../Screenshots/iPhone 6/AHI/Dental - National General/20200324_081521/2.png]]

2020-03-24 08:15:36 - [TEST_STEP][PASSED] - (internal.GlobalVariable.i++): null

2020-03-24 08:15:36 - [MESSAGE][PASSED] - Call Test Case 'Test Cases/AHI/_include/get_screenshot' successfully

2020-03-24 08:15:36 - [TEST_STEP][PASSED] - click(findTestObject("mobileSanity/Dental/filter/btn_filter")): Object: 'Object Repository/mobileSanity/Dental/filter/btn_filter' is clicked on

2020-03-24 08:15:36 - [MESSAGE][PASSED] - Object: 'Object Repository/mobileSanity/Dental/filter/btn_filter' is clicked on

2020-03-24 08:15:36 - [TEST_STEP][PASSED] - waitForElementVisible(findTestObject("mobileSanity/Dental/filter/btn_company"), 10): Object 'Object Repository/mobileSanity/Dental/filter/btn_company' is visible

2020-03-24 08:15:36 - [MESSAGE][PASSED] - Object 'Object Repository/mobileSanity/Dental/filter/btn_company' is visible

2020-03-24 08:15:36 - [TEST_STEP][PASSED] - click(findTestObject("mobileSanity/Dental/filter/btn_company")): Object: 'Object Repository/mobileSanity/Dental/filter/btn_company' is clicked on

2020-03-24 08:15:36 - [MESSAGE][PASSED] - Object: 'Object Repository/mobileSanity/Dental/filter/btn_company' is clicked on

2020-03-24 08:15:36 - [TEST_STEP][PASSED] - Thread.sleep(2000): null

2020-03-24 08:15:38 - [TEST_STEP][PASSED] - click(findTestObject("mobileSanity/Dental/filter/btn_ng")): Object: 'Object Repository/mobileSanity/Dental/filter/btn_ng' is clicked on

2020-03-24 08:15:38 - [MESSAGE][PASSED] - Object: 'Object Repository/mobileSanity/Dental/filter/btn_ng' is clicked on

2020-03-24 08:15:38 - [TEST_STEP][PASSED] - waitForJQueryLoad(20, STOP_ON_FAILURE): jQuery is ready.

2020-03-24 08:15:39 - [MESSAGE][PASSED] - jQuery is ready.

2020-03-24 08:15:39 - [TEST_STEP][PASSED] - callTestCase(findTestCase("AHI/_include/get_screenshot"), [:], STOP_ON_FAILURE): Call Test Case 'Test Cases/AHI/_include/get_screenshot' successfully

2020-03-24 08:15:39 - [TEST_CASE][PASSED] - Test Cases/AHI/_include/get_screenshot: Test Cases/AHI/_include/get_screenshot

2020-03-24 08:15:39 - [TEST_STEP][PASSED] - Thread.sleep(1000): null

2020-03-24 08:15:40 - [TEST_STEP][PASSED] - takeScreenshot(screenPath + i + ".png"): Taking screenshot successfully

2020-03-24 08:15:41 - [MESSAGE][PASSED] - Taking screenshot successfully
[[ATTACHMENT|D:\\Test\\AgileTest\\Reports\\AHI\\ahi\\20200324_080037\\../Screenshots/iPhone 6/AHI/Dental - National General/20200324_081521/3.png]]

2020-03-24 08:15:41 - [TEST_STEP][PASSED] - (internal.GlobalVariable.i++): null

2020-03-24 08:15:41 - [MESSAGE][PASSED] - Call Test Case 'Test Cases/AHI/_include/get_screenshot' successfully

2020-03-24 08:15:41 - [TEST_STEP][PASSED] - click(findTestObject("mobileSanity/Dental/filter/btn_filter")): Object: 'Object Repository/mobileSanity/Dental/filter/btn_filter' is clicked on

2020-03-24 08:15:41 - [MESSAGE][PASSED] - Object: 'Object Repository/mobileSanity/Dental/filter/btn_filter' is clicked on

2020-03-24 08:15:41 - [TEST_STEP][PASSED] - Thread.sleep(2000): null

2020-03-24 08:15:43 - [TEST_STEP][PASSED] - scrollToPosition(0, 600): Browser is scrolled to position x = 0, y = 600

2020-03-24 08:15:43 - [MESSAGE][PASSED] - Browser is scrolled to position x = 0, y = 600

2020-03-24 08:15:43 - [TEST_STEP][PASSED] - Thread.sleep(2000): null

2020-03-24 08:15:45 - [TEST_STEP][PASSED] - click(findTestObject("mobileSanity/Dental/quote/a_Select This Plan")): Object: 'Object Repository/mobileSanity/Dental/quote/a_Select This Plan' is clicked on

2020-03-24 08:15:45 - [MESSAGE][PASSED] - Object: 'Object Repository/mobileSanity/Dental/quote/a_Select This Plan' is clicked on

2020-03-24 08:15:45 - [TEST_STEP][PASSED] - waitForPageLoad(10): Wait for page load successfully

2020-03-24 08:15:46 - [MESSAGE][PASSED] - Wait for page load successfully

2020-03-24 08:15:46 - [TEST_STEP][PASSED] - callTestCase(findTestCase("AHI/_include/get_screenshot"), [:], STOP_ON_FAILURE): Call Test Case 'Test Cases/AHI/_include/get_screenshot' successfully

2020-03-24 08:15:46 - [TEST_CASE][PASSED] - Test Cases/AHI/_include/get_screenshot: Test Cases/AHI/_include/get_screenshot

2020-03-24 08:15:46 - [TEST_STEP][PASSED] - Thread.sleep(1000): null

2020-03-24 08:15:47 - [TEST_STEP][PASSED] - takeScreenshot(screenPath + i + ".png"): Taking screenshot successfully

2020-03-24 08:15:48 - [MESSAGE][PASSED] - Taking screenshot successfully
[[ATTACHMENT|D:\\Test\\AgileTest\\Reports\\AHI\\ahi\\20200324_080037\\../Screenshots/iPhone 6/AHI/Dental - National General/20200324_081521/4.png]]

2020-03-24 08:15:48 - [TEST_STEP][PASSED] - (internal.GlobalVariable.i++): null

2020-03-24 08:15:48 - [MESSAGE][PASSED] - Call Test Case 'Test Cases/AHI/_include/get_screenshot' successfully

2020-03-24 08:15:48 - [TEST_STEP][PASSED] - Thread.sleep(3000): null

2020-03-24 08:15:51 - [TEST_STEP][PASSED] - click(findTestObject("mobileSanity/Dental/apply/span_Start Secure Application")): Object: 'Object Repository/mobileSanity/Dental/apply/span_Start Secure Application' is clicked on

2020-03-24 08:15:51 - [MESSAGE][PASSED] - Object: 'Object Repository/mobileSanity/Dental/apply/span_Start Secure Application' is clicked on

2020-03-24 08:15:51 - [TEST_STEP][PASSED] - for ([second = 0, second < 20, (second++)]): null

2020-03-24 08:15:51 - [TEST_STEP][PASSED] - try: null

2020-03-24 08:15:51 - [TEST_STEP][PASSED] - if (selenium.isElementPresent("id=member-P-1-firstName")): null

2020-03-24 08:15:52 - [TEST_STEP][PASSED] - break: null

2020-03-24 08:15:52 - [TEST_STEP][PASSED] - callTestCase(findTestCase("AHI/_include/get_screenshot"), [:], STOP_ON_FAILURE): Call Test Case 'Test Cases/AHI/_include/get_screenshot' successfully

2020-03-24 08:15:52 - [TEST_CASE][PASSED] - Test Cases/AHI/_include/get_screenshot: Test Cases/AHI/_include/get_screenshot

2020-03-24 08:15:52 - [TEST_STEP][PASSED] - Thread.sleep(1000): null

2020-03-24 08:15:53 - [TEST_STEP][PASSED] - takeScreenshot(screenPath + i + ".png"): Taking screenshot successfully

2020-03-24 08:15:53 - [MESSAGE][PASSED] - Taking screenshot successfully
[[ATTACHMENT|D:\\Test\\AgileTest\\Reports\\AHI\\ahi\\20200324_080037\\../Screenshots/iPhone 6/AHI/Dental - National General/20200324_081521/5.png]]

2020-03-24 08:15:53 - [TEST_STEP][PASSED] - (internal.GlobalVariable.i++): null

2020-03-24 08:15:53 - [MESSAGE][PASSED] - Call Test Case 'Test Cases/AHI/_include/get_screenshot' successfully

2020-03-24 08:15:53 - [TEST_STEP][PASSED] - callTestCase(findTestCase("AHI/_include/name"), [:], CONTINUE_ON_FAILURE): Call Test Case 'Test Cases/AHI/_include/name' successfully

2020-03-24 08:15:54 - [TEST_CASE][PASSED] - Test Cases/AHI/_include/name: Test Cases/AHI/_include/name

2020-03-24 08:15:54 - [TEST_STEP][PASSED] - driver = getWebDriver(): null

2020-03-24 08:15:54 - [TEST_STEP][PASSED] - selenium = new com.thoughtworks.selenium.webdriven.WebDriverBackedSelenium(driver, internal.GlobalVariable.ENV): null

2020-03-24 08:15:54 - [TEST_STEP][PASSED] - FirstName = "Test-123": null

2020-03-24 08:15:54 - [TEST_STEP][PASSED] - LastName = selenium.getEval("{var x="ABCDEFGHIJKLMNOPQRSTUVWXYZabcdefghijklmnopqrstuvwxyz"; var tmp="ZZ11-"; for (i=0;i<8;i++) tmp+=x.charAt(Math.ceil(51*Math.random()));tmp;}"): null

2020-03-24 08:15:54 - [TEST_STEP][PASSED] - Address = selenium.getEval("{var x="ABCDEFGHIJKLMNOPQRSTUVWXYZabcdefghijklmnopqrstuvwxyz"; var tmp=""; for (i=0;i<8;i++) tmp+=x.charAt(Math.ceil(51*Math.random()));tmp;}"): null

2020-03-24 08:15:54 - [TEST_STEP][PASSED] - City = selenium.getEval("{var x="ABCDEFGHIJKLMNOPQRSTUVWXYZabcdefghijklmnopqrstuvwxyz"; var tmp=""; for (i=0;i<8;i++) tmp+=x.charAt(Math.ceil(51*Math.random()));tmp;}"): null

2020-03-24 08:15:54 - [TEST_STEP][PASSED] - tel1 = selenium.getEval("{var x="123456789"; var tmp=""; for (i=0;i<3;i++) tmp+=x.charAt(Math.ceil(8*Math.random()));tmp;}"): null

2020-03-24 08:15:54 - [TEST_STEP][PASSED] - tel2 = selenium.getEval("{var x="123456789"; var tmp=""; for (i=0;i<3;i++) tmp+=x.charAt(Math.ceil(8*Math.random()));tmp;}"): null

2020-03-24 08:15:54 - [TEST_STEP][PASSED] - tel3 = selenium.getEval("{var x="123456789"; var tmp=""; for (i=0;i<4;i++) tmp+=x.charAt(Math.ceil(8*Math.random()));tmp;}"): null

2020-03-24 08:15:54 - [TEST_STEP][PASSED] - Tel = selenium.getExpression(tel1 + "-" + tel2 + "-" + tel3): null

2020-03-24 08:15:54 - [TEST_STEP][PASSED] - AutoEmail = selenium.getEval("{var x="ABCDEFGHIJKLMNOPQRSTUVWXYZabcdefghijklmnopqrstuvwxyz"; var tmp="test."; for (i=0;i<8;i++) tmp+=x.charAt(Math.ceil(51*Math.random()));tmp+="@suryani.cn";}"): null

2020-03-24 08:15:54 - [TEST_STEP][PASSED] - FirstName = FirstName: null

2020-03-24 08:15:54 - [TEST_STEP][PASSED] - LastName = LastName: null

2020-03-24 08:15:54 - [TEST_STEP][PASSED] - Address = Address: null

2020-03-24 08:15:54 - [TEST_STEP][PASSED] - City = City: null

2020-03-24 08:15:54 - [TEST_STEP][PASSED] - Tel = Tel: null

2020-03-24 08:15:54 - [TEST_STEP][PASSED] - AutoEmail = AutoEmail: null

2020-03-24 08:15:54 - [TEST_STEP][PASSED] - println(FirstName): null

2020-03-24 08:15:54 - [TEST_STEP][PASSED] - println(LastName): null

2020-03-24 08:15:54 - [TEST_STEP][PASSED] - println(Address): null

2020-03-24 08:15:54 - [TEST_STEP][PASSED] - println(City): null

2020-03-24 08:15:54 - [TEST_STEP][PASSED] - println(Tel): null

2020-03-24 08:15:54 - [TEST_STEP][PASSED] - println(AutoEmail): null

2020-03-24 08:15:54 - [MESSAGE][PASSED] - Call Test Case 'Test Cases/AHI/_include/name' successfully

2020-03-24 08:15:54 - [TEST_STEP][PASSED] - Thread.sleep(3000): null

2020-03-24 08:15:57 - [TEST_STEP][PASSED] - setText(findTestObject("mobileSanity/Dental/app_page1/input__member-P-1-firstName"), FirstName): Text 'Test-123' is set on object 'Object Repository/mobileSanity/Dental/app_page1/input__member-P-1-firstName'

2020-03-24 08:15:57 - [MESSAGE][PASSED] - Text 'Test-123' is set on object 'Object Repository/mobileSanity/Dental/app_page1/input__member-P-1-firstName'

2020-03-24 08:15:57 - [TEST_STEP][PASSED] - setText(findTestObject("mobileSanity/Dental/app_page1/input__member-P-1-lastName"), LastName): Text 'ZZ11-PfGYgHaq' is set on object 'Object Repository/mobileSanity/Dental/app_page1/input__member-P-1-lastName'

2020-03-24 08:15:57 - [MESSAGE][PASSED] - Text 'ZZ11-PfGYgHaq' is set on object 'Object Repository/mobileSanity/Dental/app_page1/input__member-P-1-lastName'

2020-03-24 08:15:57 - [TEST_STEP][PASSED] - setText(findTestObject("mobileSanity/Dental/app_page1/input__address"), Address): Text 'LqFNiLYm' is set on object 'Object Repository/mobileSanity/Dental/app_page1/input__address'

2020-03-24 08:15:58 - [MESSAGE][PASSED] - Text 'LqFNiLYm' is set on object 'Object Repository/mobileSanity/Dental/app_page1/input__address'

2020-03-24 08:15:58 - [TEST_STEP][PASSED] - setText(findTestObject("mobileSanity/Dental/app_page1/input__city"), City): Text 'JvVYzzVm' is set on object 'Object Repository/mobileSanity/Dental/app_page1/input__city'

2020-03-24 08:15:58 - [MESSAGE][PASSED] - Text 'JvVYzzVm' is set on object 'Object Repository/mobileSanity/Dental/app_page1/input__city'

2020-03-24 08:15:58 - [TEST_STEP][PASSED] - setText(findTestObject("mobileSanity/Dental/app_page1/input__email"), AutoEmail): Text 'test.FSIMqMkm@suryani.cn' is set on object 'Object Repository/mobileSanity/Dental/app_page1/input__email'

2020-03-24 08:15:59 - [MESSAGE][PASSED] - Text 'test.FSIMqMkm@suryani.cn' is set on object 'Object Repository/mobileSanity/Dental/app_page1/input__email'

2020-03-24 08:15:59 - [TEST_STEP][PASSED] - setText(findTestObject("mobileSanity/Dental/app_page1/input_phone"), Tel): Text '853-329-7533' is set on object 'Object Repository/mobileSanity/Dental/app_page1/input_phone'

2020-03-24 08:15:59 - [MESSAGE][PASSED] - Text '853-329-7533' is set on object 'Object Repository/mobileSanity/Dental/app_page1/input_phone'

2020-03-24 08:15:59 - [TEST_STEP][PASSED] - click(findTestObject("mobileSanity/Dental/app_page1/a_Continue to Step 2 - Payment")): Object: 'Object Repository/mobileSanity/Dental/app_page1/a_Continue to Step 2 - Payment' is clicked on

2020-03-24 08:15:59 - [MESSAGE][PASSED] - Object: 'Object Repository/mobileSanity/Dental/app_page1/a_Continue to Step 2 - Payment' is clicked on

2020-03-24 08:15:59 - [TEST_STEP][PASSED] - for ([second = 0, second < 20, (second++)]): null

2020-03-24 08:15:59 - [TEST_STEP][PASSED] - try: null

2020-03-24 08:15:59 - [TEST_STEP][PASSED] - if (selenium.isElementPresent("id=credit-card-number")): null

2020-03-24 08:15:59 - [TEST_STEP][PASSED] - Thread.sleep(1000): null

2020-03-24 08:16:00 - [TEST_STEP][PASSED] - try: null

2020-03-24 08:16:00 - [TEST_STEP][PASSED] - if (selenium.isElementPresent("id=credit-card-number")): null

2020-03-24 08:16:01 - [TEST_STEP][PASSED] - break: null

2020-03-24 08:16:01 - [TEST_STEP][PASSED] - callTestCase(findTestCase("AHI/_include/get_screenshot"), [:], STOP_ON_FAILURE): Call Test Case 'Test Cases/AHI/_include/get_screenshot' successfully

2020-03-24 08:16:01 - [TEST_CASE][PASSED] - Test Cases/AHI/_include/get_screenshot: Test Cases/AHI/_include/get_screenshot

2020-03-24 08:16:01 - [TEST_STEP][PASSED] - Thread.sleep(1000): null

2020-03-24 08:16:02 - [TEST_STEP][PASSED] - takeScreenshot(screenPath + i + ".png"): Taking screenshot successfully

2020-03-24 08:16:02 - [MESSAGE][PASSED] - Taking screenshot successfully
[[ATTACHMENT|D:\\Test\\AgileTest\\Reports\\AHI\\ahi\\20200324_080037\\../Screenshots/iPhone 6/AHI/Dental - National General/20200324_081521/6.png]]

2020-03-24 08:16:02 - [TEST_STEP][PASSED] - (internal.GlobalVariable.i++): null

2020-03-24 08:16:02 - [MESSAGE][PASSED] - Call Test Case 'Test Cases/AHI/_include/get_screenshot' successfully

2020-03-24 08:16:02 - [TEST_STEP][PASSED] - setText(findTestObject("mobileSanity/Dental/app_page2/input__credit-card-first"), FirstName): Text 'Test-123' is set on object 'Object Repository/mobileSanity/Dental/app_page2/input__credit-card-first'

2020-03-24 08:16:02 - [MESSAGE][PASSED] - Text 'Test-123' is set on object 'Object Repository/mobileSanity/Dental/app_page2/input__credit-card-first'

2020-03-24 08:16:02 - [TEST_STEP][PASSED] - setText(findTestObject("mobileSanity/Dental/app_page2/input__credit-card-last"), LastName): Text 'ZZ11-PfGYgHaq' is set on object 'Object Repository/mobileSanity/Dental/app_page2/input__credit-card-last'

2020-03-24 08:16:02 - [MESSAGE][PASSED] - Text 'ZZ11-PfGYgHaq' is set on object 'Object Repository/mobileSanity/Dental/app_page2/input__credit-card-last'

2020-03-24 08:16:02 - [TEST_STEP][PASSED] - selectOptionByValue(findTestObject("mobileSanity/Dental/app_page2/select_MM010203040506070809101"), "12", true): All options with value '12' are selected in object 'Object Repository/mobileSanity/Dental/app_page2/select_MM010203040506070809101'  using regular expression

2020-03-24 08:16:03 - [MESSAGE][PASSED] - All options with value '12' are selected in object 'Object Repository/mobileSanity/Dental/app_page2/select_MM010203040506070809101'  using regular expression

2020-03-24 08:16:03 - [TEST_STEP][PASSED] - selectOptionByValue(findTestObject("mobileSanity/Dental/app_page2/select_YYYY2019202020212022202"), "2026", true): All options with value '2026' are selected in object 'Object Repository/mobileSanity/Dental/app_page2/select_YYYY2019202020212022202'  using regular expression

2020-03-24 08:16:04 - [MESSAGE][PASSED] - All options with value '2026' are selected in object 'Object Repository/mobileSanity/Dental/app_page2/select_YYYY2019202020212022202'  using regular expression

2020-03-24 08:16:04 - [TEST_STEP][PASSED] - setText(findTestObject("mobileSanity/Dental/app_page2/input__credit-card-number"), "4111111111111111"): Text '4111111111111111' is set on object 'Object Repository/mobileSanity/Dental/app_page2/input__credit-card-number'

2020-03-24 08:16:04 - [MESSAGE][PASSED] - Text '4111111111111111' is set on object 'Object Repository/mobileSanity/Dental/app_page2/input__credit-card-number'

2020-03-24 08:16:04 - [TEST_STEP][PASSED] - setText(findTestObject("mobileSanity/Dental/app_page2/input__cvv"), "123"): Text '123' is set on object 'Object Repository/mobileSanity/Dental/app_page2/input__cvv'

2020-03-24 08:16:04 - [MESSAGE][PASSED] - Text '123' is set on object 'Object Repository/mobileSanity/Dental/app_page2/input__cvv'

2020-03-24 08:16:04 - [TEST_STEP][PASSED] - click(findTestObject("mobileSanity/Dental/app_page2/label_My billing address is th")): Object: 'Object Repository/mobileSanity/Dental/app_page2/label_My billing address is th' is clicked on

2020-03-24 08:16:04 - [MESSAGE][PASSED] - Object: 'Object Repository/mobileSanity/Dental/app_page2/label_My billing address is th' is clicked on

2020-03-24 08:16:04 - [TEST_STEP][PASSED] - click(findTestObject("mobileSanity/Dental/app_page2/label_I Accept Authorization f")): Object: 'Object Repository/mobileSanity/Dental/app_page2/label_I Accept Authorization f' is clicked on

2020-03-24 08:16:04 - [MESSAGE][PASSED] - Object: 'Object Repository/mobileSanity/Dental/app_page2/label_I Accept Authorization f' is clicked on

2020-03-24 08:16:04 - [TEST_STEP][PASSED] - click(findTestObject("mobileSanity/Dental/app_page2/a_Continue to Step 3 - Review")): Object: 'Object Repository/mobileSanity/Dental/app_page2/a_Continue to Step 3 - Review' is clicked on

2020-03-24 08:16:04 - [MESSAGE][PASSED] - Object: 'Object Repository/mobileSanity/Dental/app_page2/a_Continue to Step 3 - Review' is clicked on

2020-03-24 08:16:04 - [TEST_STEP][PASSED] - for ([second = 0, second < 20, (second++)]): null

2020-03-24 08:16:04 - [TEST_STEP][PASSED] - try: null

2020-03-24 08:16:04 - [TEST_STEP][PASSED] - if (selenium.isElementPresent("id=consent-checkbox-0")): null

2020-03-24 08:16:05 - [TEST_STEP][PASSED] - Thread.sleep(1000): null

2020-03-24 08:16:06 - [TEST_STEP][PASSED] - try: null

2020-03-24 08:16:06 - [TEST_STEP][PASSED] - if (selenium.isElementPresent("id=consent-checkbox-0")): null

2020-03-24 08:16:06 - [TEST_STEP][PASSED] - break: null

2020-03-24 08:16:06 - [TEST_STEP][PASSED] - waitForElementClickable(findTestObject("mobileSanity/Dental/app_page3/label"), 20): Object 'Object Repository/mobileSanity/Dental/app_page3/label' is clickable

2020-03-24 08:16:06 - [MESSAGE][PASSED] - Object 'Object Repository/mobileSanity/Dental/app_page3/label' is clickable

2020-03-24 08:16:06 - [TEST_STEP][PASSED] - callTestCase(findTestCase("AHI/_include/get_screenshot"), [:], STOP_ON_FAILURE): Call Test Case 'Test Cases/AHI/_include/get_screenshot' successfully

2020-03-24 08:16:06 - [TEST_CASE][PASSED] - Test Cases/AHI/_include/get_screenshot: Test Cases/AHI/_include/get_screenshot

2020-03-24 08:16:06 - [TEST_STEP][PASSED] - Thread.sleep(1000): null

2020-03-24 08:16:07 - [TEST_STEP][PASSED] - takeScreenshot(screenPath + i + ".png"): Taking screenshot successfully

2020-03-24 08:16:07 - [MESSAGE][PASSED] - Taking screenshot successfully
[[ATTACHMENT|D:\\Test\\AgileTest\\Reports\\AHI\\ahi\\20200324_080037\\../Screenshots/iPhone 6/AHI/Dental - National General/20200324_081521/7.png]]

2020-03-24 08:16:07 - [TEST_STEP][PASSED] - (internal.GlobalVariable.i++): null

2020-03-24 08:16:07 - [MESSAGE][PASSED] - Call Test Case 'Test Cases/AHI/_include/get_screenshot' successfully

2020-03-24 08:16:07 - [TEST_STEP][PASSED] - click(findTestObject("mobileSanity/Dental/app_page3/label")): Object: 'Object Repository/mobileSanity/Dental/app_page3/label' is clicked on

2020-03-24 08:16:07 - [MESSAGE][PASSED] - Object: 'Object Repository/mobileSanity/Dental/app_page3/label' is clicked on

2020-03-24 08:16:07 - [TEST_STEP][PASSED] - click(findTestObject("mobileSanity/Dental/app_page3/p_CLICK TO SIGN")): Object: 'Object Repository/mobileSanity/Dental/app_page3/p_CLICK TO SIGN' is clicked on

2020-03-24 08:16:07 - [MESSAGE][PASSED] - Object: 'Object Repository/mobileSanity/Dental/app_page3/p_CLICK TO SIGN' is clicked on

2020-03-24 08:16:07 - [TEST_STEP][PASSED] - click(findTestObject("mobileSanity/Dental/app_page3/a_Submit Your Application")): Object: 'Object Repository/mobileSanity/Dental/app_page3/a_Submit Your Application' is clicked on

2020-03-24 08:16:07 - [MESSAGE][PASSED] - Object: 'Object Repository/mobileSanity/Dental/app_page3/a_Submit Your Application' is clicked on

2020-03-24 08:16:07 - [TEST_STEP][PASSED] - for ([second = 0, second < 30, (second++)]): null

2020-03-24 08:16:07 - [TEST_STEP][PASSED] - try: null

2020-03-24 08:16:07 - [TEST_STEP][PASSED] - if (selenium.isElementPresent("id=app-confirmation")): null

2020-03-24 08:16:08 - [TEST_STEP][PASSED] - Thread.sleep(1000): null

2020-03-24 08:16:09 - [TEST_STEP][PASSED] - try: null

2020-03-24 08:16:09 - [TEST_STEP][PASSED] - if (selenium.isElementPresent("id=app-confirmation")): null

2020-03-24 08:16:09 - [TEST_STEP][PASSED] - Thread.sleep(1000): null

2020-03-24 08:16:10 - [TEST_STEP][PASSED] - try: null

2020-03-24 08:16:10 - [TEST_STEP][PASSED] - if (selenium.isElementPresent("id=app-confirmation")): null

2020-03-24 08:16:10 - [TEST_STEP][PASSED] - Thread.sleep(1000): null

2020-03-24 08:16:11 - [TEST_STEP][PASSED] - try: null

2020-03-24 08:16:11 - [TEST_STEP][PASSED] - if (selenium.isElementPresent("id=app-confirmation")): null

2020-03-24 08:16:11 - [TEST_STEP][PASSED] - Thread.sleep(1000): null

2020-03-24 08:16:12 - [TEST_STEP][PASSED] - try: null

2020-03-24 08:16:12 - [TEST_STEP][PASSED] - if (selenium.isElementPresent("id=app-confirmation")): null

2020-03-24 08:16:12 - [TEST_STEP][PASSED] - break: null

2020-03-24 08:16:12 - [TEST_STEP][PASSED] - callTestCase(findTestCase("AHI/_include/get_screenshot"), [:], STOP_ON_FAILURE): Call Test Case 'Test Cases/AHI/_include/get_screenshot' successfully

2020-03-24 08:16:12 - [TEST_CASE][PASSED] - Test Cases/AHI/_include/get_screenshot: Test Cases/AHI/_include/get_screenshot

2020-03-24 08:16:12 - [TEST_STEP][PASSED] - Thread.sleep(1000): null

2020-03-24 08:16:13 - [TEST_STEP][PASSED] - takeScreenshot(screenPath + i + ".png"): Taking screenshot successfully

2020-03-24 08:16:13 - [MESSAGE][PASSED] - Taking screenshot successfully
[[ATTACHMENT|D:\\Test\\AgileTest\\Reports\\AHI\\ahi\\20200324_080037\\../Screenshots/iPhone 6/AHI/Dental - National General/20200324_081521/8.png]]

2020-03-24 08:16:13 - [TEST_STEP][PASSED] - (internal.GlobalVariable.i++): null

2020-03-24 08:16:13 - [MESSAGE][PASSED] - Call Test Case 'Test Cases/AHI/_include/get_screenshot' successfully]]></system-out>
         <system-err><![CDATA[]]></system-err>
      </testcase>
      <testcase name="Test Cases/AHI/NEW/Dental/USA Access" classname="Test Cases/AHI/NEW/Dental/USA Access" status="FAILED">
         <failure type="FAILED" message="Test Cases/AHI/NEW/Dental/USA Access FAILED.
Reason:
com.kms.katalon.core.exception.StepFailedException: Unable to click on object 'Object Repository/mobileSanity/Dental/quote/a_Select This Plan' (Root cause: org.openqa.selenium.WebDriverException: unknown error: Element &lt;a href=&quot;/dental-insurance/apply/usa-plus-dental-vision-al&quot; class=&quot;js-buy-plan quote-plan-buy&quot;>...&lt;/a> is not clickable at point (187, 467). Other element would receive the click: &lt;button class=&quot;quote-filter-collapse-toggle collapsed&quot; data-toggle=&quot;collapse&quot; data-target=&quot;#js-visionCoverage-collapse&quot; data-parent=&quot;#js-filters-form&quot;>...&lt;/button>
  (Session info: chrome=80.0.3987.149)
  (Driver info: chromedriver=2.43.600210 (68dcf5eebde37173d4027fa8635e332711d2874a),platform=Windows NT 6.3.9600 x86_64) (WARNING: The server did not provide any stacktrace information)
Command duration or timeout: 0 milliseconds
Build info: version: '3.7.1', revision: '8a0099a', time: '2017-11-06T21:07:36.161Z'
System info: host: 'WIN-U215233FMVE', ip: '172.30.0.53', os.name: 'Windows Server 2012 R2', os.arch: 'amd64', os.version: '6.3', java.version: '1.8.0_181'
Driver info: com.kms.katalon.selenium.driver.CChromeDriver
Capabilities {acceptInsecureCerts: false, acceptSslCerts: false, applicationCacheEnabled: false, browserConnectionEnabled: false, browserName: chrome, chrome: {chromedriverVersion: 2.43.600210 (68dcf5eebde371..., userDataDir: C:\Users\ADMINI~1\AppData\L...}, cssSelectorsEnabled: true, databaseEnabled: false, goog:chromeOptions: {debuggerAddress: localhost:59018}, handlesAlerts: true, hasTouchScreen: true, javascriptEnabled: true, locationContextEnabled: true, mobileEmulationEnabled: true, nativeEvents: true, networkConnectionEnabled: false, pageLoadStrategy: normal, platform: XP, platformName: XP, rotatable: false, setWindowRect: true, takesHeapSnapshot: true, takesScreenshot: true, unexpectedAlertBehaviour: , unhandledPromptBehavior: , version: 80.0.3987.149, webStorageEnabled: true}
Session ID: 6512eea229c7c91974d885c1a977576e)
	at com.kms.katalon.core.keyword.internal.KeywordMain.stepFailed(KeywordMain.groovy:36)
	at com.kms.katalon.core.webui.keyword.internal.WebUIKeywordMain.stepFailed(WebUIKeywordMain.groovy:65)
	at com.kms.katalon.core.webui.keyword.internal.WebUIKeywordMain.runKeyword(WebUIKeywordMain.groovy:27)
	at com.kms.katalon.core.webui.keyword.builtin.ClickKeyword.click(ClickKeyword.groovy:86)
	at com.kms.katalon.core.webui.keyword.builtin.ClickKeyword.execute(ClickKeyword.groovy:67)
	at com.kms.katalon.core.keyword.internal.KeywordExecutor.executeKeywordForPlatform(KeywordExecutor.groovy:53)
	at com.kms.katalon.core.webui.keyword.WebUiBuiltInKeywords.click(WebUiBuiltInKeywords.groovy:616)
	at com.kms.katalon.core.webui.keyword.WebUiBuiltInKeywords$click$5.call(Unknown Source)
	at USA Access.run(USA Access:86)
	at com.kms.katalon.core.main.ScriptEngine.run(ScriptEngine.java:194)
	at com.kms.katalon.core.main.ScriptEngine.runScriptAsRawText(ScriptEngine.java:119)
	at com.kms.katalon.core.main.TestCaseExecutor.runScript(TestCaseExecutor.java:328)
	at com.kms.katalon.core.main.TestCaseExecutor.doExecute(TestCaseExecutor.java:319)
	at com.kms.katalon.core.main.TestCaseExecutor.processExecutionPhase(TestCaseExecutor.java:298)
	at com.kms.katalon.core.main.TestCaseExecutor.accessMainPhase(TestCaseExecutor.java:290)
	at com.kms.katalon.core.main.TestCaseExecutor.execute(TestCaseExecutor.java:224)
	at com.kms.katalon.core.main.TestSuiteExecutor.accessTestCaseMainPhase(TestSuiteExecutor.java:129)
	at com.kms.katalon.core.main.TestSuiteExecutor.accessTestSuiteMainPhase(TestSuiteExecutor.java:112)
	at com.kms.katalon.core.main.TestSuiteExecutor.execute(TestSuiteExecutor.java:81)
	at com.kms.katalon.core.main.TestCaseMain.startTestSuite(TestCaseMain.java:149)
	at com.kms.katalon.core.main.TestCaseMain$startTestSuite$0.call(Unknown Source)
	at TempTestSuite1585051237493.run(TempTestSuite1585051237493.groovy:36)
"/>
         <system-out><![CDATA[2020-03-24 08:16:13 - [TEST_CASE][FAILED] - Test Cases/AHI/NEW/Dental/USA Access: Test Cases/AHI/NEW/Dental/USA Access FAILED.
Reason:
com.kms.katalon.core.exception.StepFailedException: Unable to click on object 'Object Repository/mobileSanity/Dental/quote/a_Select This Plan' (Root cause: org.openqa.selenium.WebDriverException: unknown error: Element <a href="/dental-insurance/apply/usa-plus-dental-vision-al" class="js-buy-plan quote-plan-buy">...</a> is not clickable at point (187, 467). Other element would receive the click: <button class="quote-filter-collapse-toggle collapsed" data-toggle="collapse" data-target="#js-visionCoverage-collapse" data-parent="#js-filters-form">...</button>
  (Session info: chrome=80.0.3987.149)
  (Driver info: chromedriver=2.43.600210 (68dcf5eebde37173d4027fa8635e332711d2874a),platform=Windows NT 6.3.9600 x86_64) (WARNING: The server did not provide any stacktrace information)
Command duration or timeout: 0 milliseconds
Build info: version: '3.7.1', revision: '8a0099a', time: '2017-11-06T21:07:36.161Z'
System info: host: 'WIN-U215233FMVE', ip: '172.30.0.53', os.name: 'Windows Server 2012 R2', os.arch: 'amd64', os.version: '6.3', java.version: '1.8.0_181'
Driver info: com.kms.katalon.selenium.driver.CChromeDriver
Capabilities {acceptInsecureCerts: false, acceptSslCerts: false, applicationCacheEnabled: false, browserConnectionEnabled: false, browserName: chrome, chrome: {chromedriverVersion: 2.43.600210 (68dcf5eebde371..., userDataDir: C:\Users\ADMINI~1\AppData\L...}, cssSelectorsEnabled: true, databaseEnabled: false, goog:chromeOptions: {debuggerAddress: localhost:59018}, handlesAlerts: true, hasTouchScreen: true, javascriptEnabled: true, locationContextEnabled: true, mobileEmulationEnabled: true, nativeEvents: true, networkConnectionEnabled: false, pageLoadStrategy: normal, platform: XP, platformName: XP, rotatable: false, setWindowRect: true, takesHeapSnapshot: true, takesScreenshot: true, unexpectedAlertBehaviour: , unhandledPromptBehavior: , version: 80.0.3987.149, webStorageEnabled: true}
Session ID: 6512eea229c7c91974d885c1a977576e)
	at com.kms.katalon.core.keyword.internal.KeywordMain.stepFailed(KeywordMain.groovy:36)
	at com.kms.katalon.core.webui.keyword.internal.WebUIKeywordMain.stepFailed(WebUIKeywordMain.groovy:65)
	at com.kms.katalon.core.webui.keyword.internal.WebUIKeywordMain.runKeyword(WebUIKeywordMain.groovy:27)
	at com.kms.katalon.core.webui.keyword.builtin.ClickKeyword.click(ClickKeyword.groovy:86)
	at com.kms.katalon.core.webui.keyword.builtin.ClickKeyword.execute(ClickKeyword.groovy:67)
	at com.kms.katalon.core.keyword.internal.KeywordExecutor.executeKeywordForPlatform(KeywordExecutor.groovy:53)
	at com.kms.katalon.core.webui.keyword.WebUiBuiltInKeywords.click(WebUiBuiltInKeywords.groovy:616)
	at com.kms.katalon.core.webui.keyword.WebUiBuiltInKeywords$click$5.call(Unknown Source)
	at USA Access.run(USA Access:86)
	at com.kms.katalon.core.main.ScriptEngine.run(ScriptEngine.java:194)
	at com.kms.katalon.core.main.ScriptEngine.runScriptAsRawText(ScriptEngine.java:119)
	at com.kms.katalon.core.main.TestCaseExecutor.runScript(TestCaseExecutor.java:328)
	at com.kms.katalon.core.main.TestCaseExecutor.doExecute(TestCaseExecutor.java:319)
	at com.kms.katalon.core.main.TestCaseExecutor.processExecutionPhase(TestCaseExecutor.java:298)
	at com.kms.katalon.core.main.TestCaseExecutor.accessMainPhase(TestCaseExecutor.java:290)
	at com.kms.katalon.core.main.TestCaseExecutor.execute(TestCaseExecutor.java:224)
	at com.kms.katalon.core.main.TestSuiteExecutor.accessTestCaseMainPhase(TestSuiteExecutor.java:129)
	at com.kms.katalon.core.main.TestSuiteExecutor.accessTestSuiteMainPhase(TestSuiteExecutor.java:112)
	at com.kms.katalon.core.main.TestSuiteExecutor.execute(TestSuiteExecutor.java:81)
	at com.kms.katalon.core.main.TestCaseMain.startTestSuite(TestCaseMain.java:149)
	at com.kms.katalon.core.main.TestCaseMain$startTestSuite$0.call(Unknown Source)
	at TempTestSuite1585051237493.run(TempTestSuite1585051237493.groovy:36)


2020-03-24 08:16:14 - [TEST_STEP][PASSED] - callTestCase(findTestCase("AHI/_include/get_screenPath"), ["productLine":"AHI", "carrierName":"Dental - USA Access"], CONTINUE_ON_FAILURE): Call Test Case 'Test Cases/AHI/_include/get_screenPath' successfully

2020-03-24 08:16:14 - [TEST_CASE][PASSED] - Test Cases/AHI/_include/get_screenPath: Test Cases/AHI/_include/get_screenPath

2020-03-24 08:16:14 - [TEST_STEP][PASSED] - m = getExecutionProperties(): null

2020-03-24 08:16:14 - [TEST_STEP][PASSED] - deviceName = get("mobileEmulation").get("deviceName"): null

2020-03-24 08:16:14 - [TEST_STEP][PASSED] - println(deviceName): null

2020-03-24 08:16:14 - [TEST_STEP][PASSED] - now = new java.util.Date(): null

2020-03-24 08:16:14 - [TEST_STEP][PASSED] - mydate = now.format("yyyyMMdd_HHmmss"): null

2020-03-24 08:16:14 - [TEST_STEP][PASSED] - screenPath = "../Screenshots/": null

2020-03-24 08:16:14 - [TEST_STEP][PASSED] - screenPath = screenPath + deviceName + "/" + productLine + "/" + carrierName + "/" + mydate + "/": null

2020-03-24 08:16:14 - [TEST_STEP][PASSED] - println(screenPath): null

2020-03-24 08:16:14 - [MESSAGE][PASSED] - Call Test Case 'Test Cases/AHI/_include/get_screenPath' successfully

2020-03-24 08:16:14 - [TEST_STEP][PASSED] - i = 0: null

2020-03-24 08:16:14 - [TEST_STEP][PASSED] - callTestCase(findTestCase("AHI/_include/openWebSite"), [:], STOP_ON_FAILURE): Call Test Case 'Test Cases/AHI/_include/openWebSite' successfully

2020-03-24 08:16:14 - [TEST_CASE][PASSED] - Test Cases/AHI/_include/openWebSite: Test Cases/AHI/_include/openWebSite

2020-03-24 08:16:14 - [TEST_STEP][PASSED] - openBrowser(env): Browser is opened with url: 'https://praetemptatus.agilehealthinsurance.com'

2020-03-24 08:16:14 - [MESSAGE][WARNING] - A browser is already opened. Closing browser and opening a new one

2020-03-24 08:16:15 - [MESSAGE][INFO] - Starting 'Chrome' driver

2020-03-24 08:16:15 - [MESSAGE][INFO] - User set preference: ['mobileEmulation', '{deviceName=iPhone 6}']

2020-03-24 08:16:15 - [MESSAGE][INFO] - User set preference: ['args', '[--incognito, --aggressive-cache-discard, --window-size=375,677, --no-sandbox, --ignore-certificate-errors]']

2020-03-24 08:16:18 - [MESSAGE][PASSED] - Browser is opened with url: 'https://praetemptatus.agilehealthinsurance.com'

2020-03-24 08:16:18 - [TEST_STEP][PASSED] - waitForPageLoad(20): Wait for page load successfully

2020-03-24 08:16:18 - [MESSAGE][PASSED] - Wait for page load successfully

2020-03-24 08:16:18 - [TEST_STEP][PASSED] - callTestCase(findTestCase("AHI/_include/get_screenshot"), [:], STOP_ON_FAILURE): Call Test Case 'Test Cases/AHI/_include/get_screenshot' successfully

2020-03-24 08:16:18 - [TEST_CASE][PASSED] - Test Cases/AHI/_include/get_screenshot: Test Cases/AHI/_include/get_screenshot

2020-03-24 08:16:18 - [TEST_STEP][PASSED] - Thread.sleep(1000): null

2020-03-24 08:16:19 - [TEST_STEP][PASSED] - takeScreenshot(screenPath + i + ".png"): Taking screenshot successfully

2020-03-24 08:16:20 - [MESSAGE][PASSED] - Taking screenshot successfully
[[ATTACHMENT|D:\\Test\\AgileTest\\Reports\\AHI\\ahi\\20200324_080037\\../Screenshots/iPhone 6/AHI/Dental - USA Access/20200324_081614/0.png]]

2020-03-24 08:16:20 - [TEST_STEP][PASSED] - (internal.GlobalVariable.i++): null

2020-03-24 08:16:20 - [MESSAGE][PASSED] - Call Test Case 'Test Cases/AHI/_include/get_screenshot' successfully

2020-03-24 08:16:20 - [MESSAGE][PASSED] - Call Test Case 'Test Cases/AHI/_include/openWebSite' successfully

2020-03-24 08:16:20 - [TEST_STEP][PASSED] - driver = getWebDriver(): null

2020-03-24 08:16:20 - [TEST_STEP][PASSED] - baseUrl = ENV: null

2020-03-24 08:16:20 - [TEST_STEP][PASSED] - selenium = new com.thoughtworks.selenium.webdriven.WebDriverBackedSelenium(driver, baseUrl): null

2020-03-24 08:16:20 - [TEST_STEP][PASSED] - selenium.click("//*[@class='filter-option-inner-inner']"): null

2020-03-24 08:16:20 - [TEST_STEP][PASSED] - selenium.click("id=bs-select-1-2"): null

2020-03-24 08:16:21 - [TEST_STEP][PASSED] - selenium.click("id=primaryCTA"): null

2020-03-24 08:16:22 - [TEST_STEP][PASSED] - for ([second = 0, second < 20, (second++)]): null

2020-03-24 08:16:22 - [TEST_STEP][PASSED] - try: null

2020-03-24 08:16:22 - [TEST_STEP][PASSED] - if (selenium.isElementPresent("id=zip-input")): null

2020-03-24 08:16:23 - [TEST_STEP][PASSED] - break: null

2020-03-24 08:16:23 - [TEST_STEP][PASSED] - callTestCase(findTestCase("AHI/_include/get_screenshot"), [:], STOP_ON_FAILURE): Call Test Case 'Test Cases/AHI/_include/get_screenshot' successfully

2020-03-24 08:16:23 - [TEST_CASE][PASSED] - Test Cases/AHI/_include/get_screenshot: Test Cases/AHI/_include/get_screenshot

2020-03-24 08:16:23 - [TEST_STEP][PASSED] - Thread.sleep(1000): null

2020-03-24 08:16:24 - [TEST_STEP][PASSED] - takeScreenshot(screenPath + i + ".png"): Taking screenshot successfully

2020-03-24 08:16:24 - [MESSAGE][PASSED] - Taking screenshot successfully
[[ATTACHMENT|D:\\Test\\AgileTest\\Reports\\AHI\\ahi\\20200324_080037\\../Screenshots/iPhone 6/AHI/Dental - USA Access/20200324_081614/1.png]]

2020-03-24 08:16:24 - [TEST_STEP][PASSED] - (internal.GlobalVariable.i++): null

2020-03-24 08:16:24 - [MESSAGE][PASSED] - Call Test Case 'Test Cases/AHI/_include/get_screenshot' successfully

2020-03-24 08:16:24 - [TEST_STEP][PASSED] - setText(findTestObject("mobileSanity/Dental/census/input_Location_zip-input"), "35215"): Text '35215' is set on object 'Object Repository/mobileSanity/Dental/census/input_Location_zip-input'

2020-03-24 08:16:25 - [MESSAGE][PASSED] - Text '35215' is set on object 'Object Repository/mobileSanity/Dental/census/input_Location_zip-input'

2020-03-24 08:16:25 - [TEST_STEP][PASSED] - setText(findTestObject("mobileSanity/Dental/census/input_Date of Birth_dob-0"), "12121980"): Text '12121980' is set on object 'Object Repository/mobileSanity/Dental/census/input_Date of Birth_dob-0'

2020-03-24 08:16:25 - [MESSAGE][PASSED] - Text '12121980' is set on object 'Object Repository/mobileSanity/Dental/census/input_Date of Birth_dob-0'

2020-03-24 08:16:25 - [TEST_STEP][PASSED] - click(findTestObject("mobileSanity/Dental/census/label_Male")): Object: 'Object Repository/mobileSanity/Dental/census/label_Male' is clicked on

2020-03-24 08:16:25 - [MESSAGE][PASSED] - Object: 'Object Repository/mobileSanity/Dental/census/label_Male' is clicked on

2020-03-24 08:16:25 - [TEST_STEP][PASSED] - selenium.click("id=js-see-plans"): null

2020-03-24 08:16:26 - [TEST_STEP][PASSED] - for ([second = 0, second < 20, (second++)]): null

2020-03-24 08:16:26 - [TEST_STEP][PASSED] - try: null

2020-03-24 08:16:26 - [TEST_STEP][PASSED] - if (selenium.isElementPresent("id=js-quote-header")): null

2020-03-24 08:16:27 - [TEST_STEP][PASSED] - break: null

2020-03-24 08:16:27 - [TEST_STEP][PASSED] - callTestCase(findTestCase("AHI/_include/get_screenshot"), [:], STOP_ON_FAILURE): Call Test Case 'Test Cases/AHI/_include/get_screenshot' successfully

2020-03-24 08:16:27 - [TEST_CASE][PASSED] - Test Cases/AHI/_include/get_screenshot: Test Cases/AHI/_include/get_screenshot

2020-03-24 08:16:27 - [TEST_STEP][PASSED] - Thread.sleep(1000): null

2020-03-24 08:16:28 - [TEST_STEP][PASSED] - takeScreenshot(screenPath + i + ".png"): Taking screenshot successfully

2020-03-24 08:16:28 - [MESSAGE][PASSED] - Taking screenshot successfully
[[ATTACHMENT|D:\\Test\\AgileTest\\Reports\\AHI\\ahi\\20200324_080037\\../Screenshots/iPhone 6/AHI/Dental - USA Access/20200324_081614/2.png]]

2020-03-24 08:16:28 - [TEST_STEP][PASSED] - (internal.GlobalVariable.i++): null

2020-03-24 08:16:28 - [MESSAGE][PASSED] - Call Test Case 'Test Cases/AHI/_include/get_screenshot' successfully

2020-03-24 08:16:28 - [TEST_STEP][PASSED] - click(findTestObject("mobileSanity/Dental/filter/btn_filter")): Object: 'Object Repository/mobileSanity/Dental/filter/btn_filter' is clicked on

2020-03-24 08:16:28 - [MESSAGE][PASSED] - Object: 'Object Repository/mobileSanity/Dental/filter/btn_filter' is clicked on

2020-03-24 08:16:28 - [TEST_STEP][PASSED] - waitForElementVisible(findTestObject("mobileSanity/Dental/filter/btn_company"), 10): Object 'Object Repository/mobileSanity/Dental/filter/btn_company' is visible

2020-03-24 08:16:28 - [MESSAGE][PASSED] - Object 'Object Repository/mobileSanity/Dental/filter/btn_company' is visible

2020-03-24 08:16:28 - [TEST_STEP][PASSED] - click(findTestObject("mobileSanity/Dental/filter/btn_company")): Object: 'Object Repository/mobileSanity/Dental/filter/btn_company' is clicked on

2020-03-24 08:16:29 - [MESSAGE][PASSED] - Object: 'Object Repository/mobileSanity/Dental/filter/btn_company' is clicked on

2020-03-24 08:16:29 - [TEST_STEP][PASSED] - Thread.sleep(2000): null

2020-03-24 08:16:31 - [TEST_STEP][PASSED] - click(findTestObject("mobileSanity/Dental/filter/btn_usa")): Object: 'Object Repository/mobileSanity/Dental/filter/btn_usa' is clicked on

2020-03-24 08:16:31 - [MESSAGE][PASSED] - Object: 'Object Repository/mobileSanity/Dental/filter/btn_usa' is clicked on

2020-03-24 08:16:31 - [TEST_STEP][PASSED] - waitForJQueryLoad(20, STOP_ON_FAILURE): jQuery is ready.

2020-03-24 08:16:31 - [MESSAGE][PASSED] - jQuery is ready.

2020-03-24 08:16:31 - [TEST_STEP][PASSED] - callTestCase(findTestCase("AHI/_include/get_screenshot"), [:], STOP_ON_FAILURE): Call Test Case 'Test Cases/AHI/_include/get_screenshot' successfully

2020-03-24 08:16:31 - [TEST_CASE][PASSED] - Test Cases/AHI/_include/get_screenshot: Test Cases/AHI/_include/get_screenshot

2020-03-24 08:16:31 - [TEST_STEP][PASSED] - Thread.sleep(1000): null

2020-03-24 08:16:32 - [TEST_STEP][PASSED] - takeScreenshot(screenPath + i + ".png"): Taking screenshot successfully

2020-03-24 08:16:33 - [MESSAGE][PASSED] - Taking screenshot successfully
[[ATTACHMENT|D:\\Test\\AgileTest\\Reports\\AHI\\ahi\\20200324_080037\\../Screenshots/iPhone 6/AHI/Dental - USA Access/20200324_081614/3.png]]

2020-03-24 08:16:33 - [TEST_STEP][PASSED] - (internal.GlobalVariable.i++): null

2020-03-24 08:16:33 - [MESSAGE][PASSED] - Call Test Case 'Test Cases/AHI/_include/get_screenshot' successfully

2020-03-24 08:16:33 - [TEST_STEP][PASSED] - click(findTestObject("mobileSanity/Dental/filter/btn_filter")): Object: 'Object Repository/mobileSanity/Dental/filter/btn_filter' is clicked on

2020-03-24 08:16:33 - [MESSAGE][PASSED] - Object: 'Object Repository/mobileSanity/Dental/filter/btn_filter' is clicked on

2020-03-24 08:16:33 - [TEST_STEP][FAILED] - click(findTestObject("mobileSanity/Dental/quote/a_Select This Plan")): click(findTestObject("mobileSanity/Dental/quote/a_Select This Plan")) FAILED.
Reason:
com.kms.katalon.core.exception.StepFailedException: Unable to click on object 'Object Repository/mobileSanity/Dental/quote/a_Select This Plan' (Root cause: org.openqa.selenium.WebDriverException: unknown error: Element <a href="/dental-insurance/apply/usa-plus-dental-vision-al" class="js-buy-plan quote-plan-buy">...</a> is not clickable at point (187, 467). Other element would receive the click: <button class="quote-filter-collapse-toggle collapsed" data-toggle="collapse" data-target="#js-visionCoverage-collapse" data-parent="#js-filters-form">...</button>
  (Session info: chrome=80.0.3987.149)
  (Driver info: chromedriver=2.43.600210 (68dcf5eebde37173d4027fa8635e332711d2874a),platform=Windows NT 6.3.9600 x86_64) (WARNING: The server did not provide any stacktrace information)
Command duration or timeout: 0 milliseconds
Build info: version: '3.7.1', revision: '8a0099a', time: '2017-11-06T21:07:36.161Z'
System info: host: 'WIN-U215233FMVE', ip: '172.30.0.53', os.name: 'Windows Server 2012 R2', os.arch: 'amd64', os.version: '6.3', java.version: '1.8.0_181'
Driver info: com.kms.katalon.selenium.driver.CChromeDriver
Capabilities {acceptInsecureCerts: false, acceptSslCerts: false, applicationCacheEnabled: false, browserConnectionEnabled: false, browserName: chrome, chrome: {chromedriverVersion: 2.43.600210 (68dcf5eebde371..., userDataDir: C:\Users\ADMINI~1\AppData\L...}, cssSelectorsEnabled: true, databaseEnabled: false, goog:chromeOptions: {debuggerAddress: localhost:59018}, handlesAlerts: true, hasTouchScreen: true, javascriptEnabled: true, locationContextEnabled: true, mobileEmulationEnabled: true, nativeEvents: true, networkConnectionEnabled: false, pageLoadStrategy: normal, platform: XP, platformName: XP, rotatable: false, setWindowRect: true, takesHeapSnapshot: true, takesScreenshot: true, unexpectedAlertBehaviour: , unhandledPromptBehavior: , version: 80.0.3987.149, webStorageEnabled: true}
Session ID: 6512eea229c7c91974d885c1a977576e)
	at com.kms.katalon.core.keyword.internal.KeywordMain.stepFailed(KeywordMain.groovy:36)
	at com.kms.katalon.core.webui.keyword.internal.WebUIKeywordMain.stepFailed(WebUIKeywordMain.groovy:65)
	at com.kms.katalon.core.webui.keyword.internal.WebUIKeywordMain.runKeyword(WebUIKeywordMain.groovy:27)
	at com.kms.katalon.core.webui.keyword.builtin.ClickKeyword.click(ClickKeyword.groovy:86)
	at com.kms.katalon.core.webui.keyword.builtin.ClickKeyword.execute(ClickKeyword.groovy:67)
	at com.kms.katalon.core.keyword.internal.KeywordExecutor.executeKeywordForPlatform(KeywordExecutor.groovy:53)
	at com.kms.katalon.core.webui.keyword.WebUiBuiltInKeywords.click(WebUiBuiltInKeywords.groovy:616)
	at com.kms.katalon.core.webui.keyword.WebUiBuiltInKeywords$click$5.call(Unknown Source)
	at USA Access.run(USA Access:86)
	at com.kms.katalon.core.main.ScriptEngine.run(ScriptEngine.java:194)
	at com.kms.katalon.core.main.ScriptEngine.runScriptAsRawText(ScriptEngine.java:119)
	at com.kms.katalon.core.main.TestCaseExecutor.runScript(TestCaseExecutor.java:328)
	at com.kms.katalon.core.main.TestCaseExecutor.doExecute(TestCaseExecutor.java:319)
	at com.kms.katalon.core.main.TestCaseExecutor.processExecutionPhase(TestCaseExecutor.java:298)
	at com.kms.katalon.core.main.TestCaseExecutor.accessMainPhase(TestCaseExecutor.java:290)
	at com.kms.katalon.core.main.TestCaseExecutor.execute(TestCaseExecutor.java:224)
	at com.kms.katalon.core.main.TestSuiteExecutor.accessTestCaseMainPhase(TestSuiteExecutor.java:129)
	at com.kms.katalon.core.main.TestSuiteExecutor.accessTestSuiteMainPhase(TestSuiteExecutor.java:112)
	at com.kms.katalon.core.main.TestSuiteExecutor.execute(TestSuiteExecutor.java:81)
	at com.kms.katalon.core.main.TestCaseMain.startTestSuite(TestCaseMain.java:149)
	at com.kms.katalon.core.main.TestCaseMain$startTestSuite$0.call(Unknown Source)
	at TempTestSuite1585051237493.run(TempTestSuite1585051237493.groovy:36)


2020-03-24 08:16:33 - [MESSAGE][FAILED] - Unable to click on object 'Object Repository/mobileSanity/Dental/quote/a_Select This Plan' (Root cause: org.openqa.selenium.WebDriverException: unknown error: Element <a href="/dental-insurance/apply/usa-plus-dental-vision-al" class="js-buy-plan quote-plan-buy">...</a> is not clickable at point (187, 467). Other element would receive the click: <button class="quote-filter-collapse-toggle collapsed" data-toggle="collapse" data-target="#js-visionCoverage-collapse" data-parent="#js-filters-form">...</button>
  (Session info: chrome=80.0.3987.149)
  (Driver info: chromedriver=2.43.600210 (68dcf5eebde37173d4027fa8635e332711d2874a),platform=Windows NT 6.3.9600 x86_64) (WARNING: The server did not provide any stacktrace information)
Command duration or timeout: 0 milliseconds
Build info: version: '3.7.1', revision: '8a0099a', time: '2017-11-06T21:07:36.161Z'
System info: host: 'WIN-U215233FMVE', ip: '172.30.0.53', os.name: 'Windows Server 2012 R2', os.arch: 'amd64', os.version: '6.3', java.version: '1.8.0_181'
Driver info: com.kms.katalon.selenium.driver.CChromeDriver
Capabilities {acceptInsecureCerts: false, acceptSslCerts: false, applicationCacheEnabled: false, browserConnectionEnabled: false, browserName: chrome, chrome: {chromedriverVersion: 2.43.600210 (68dcf5eebde371..., userDataDir: C:\Users\ADMINI~1\AppData\L...}, cssSelectorsEnabled: true, databaseEnabled: false, goog:chromeOptions: {debuggerAddress: localhost:59018}, handlesAlerts: true, hasTouchScreen: true, javascriptEnabled: true, locationContextEnabled: true, mobileEmulationEnabled: true, nativeEvents: true, networkConnectionEnabled: false, pageLoadStrategy: normal, platform: XP, platformName: XP, rotatable: false, setWindowRect: true, takesHeapSnapshot: true, takesScreenshot: true, unexpectedAlertBehaviour: , unhandledPromptBehavior: , version: 80.0.3987.149, webStorageEnabled: true}
Session ID: 6512eea229c7c91974d885c1a977576e)
[[ATTACHMENT|D:\\Test\\AgileTest\\Reports\\AHI\\ahi\\20200324_080037\\1585052193527.png]]

2020-03-24 08:16:33 - [MESSAGE][FAILED] - click(findTestObject("mobileSanity/Dental/quote/a_Select This Plan")) FAILED.
Reason:
com.kms.katalon.core.exception.StepFailedException: Unable to click on object 'Object Repository/mobileSanity/Dental/quote/a_Select This Plan' (Root cause: org.openqa.selenium.WebDriverException: unknown error: Element <a href="/dental-insurance/apply/usa-plus-dental-vision-al" class="js-buy-plan quote-plan-buy">...</a> is not clickable at point (187, 467). Other element would receive the click: <button class="quote-filter-collapse-toggle collapsed" data-toggle="collapse" data-target="#js-visionCoverage-collapse" data-parent="#js-filters-form">...</button>
  (Session info: chrome=80.0.3987.149)
  (Driver info: chromedriver=2.43.600210 (68dcf5eebde37173d4027fa8635e332711d2874a),platform=Windows NT 6.3.9600 x86_64) (WARNING: The server did not provide any stacktrace information)
Command duration or timeout: 0 milliseconds
Build info: version: '3.7.1', revision: '8a0099a', time: '2017-11-06T21:07:36.161Z'
System info: host: 'WIN-U215233FMVE', ip: '172.30.0.53', os.name: 'Windows Server 2012 R2', os.arch: 'amd64', os.version: '6.3', java.version: '1.8.0_181'
Driver info: com.kms.katalon.selenium.driver.CChromeDriver
Capabilities {acceptInsecureCerts: false, acceptSslCerts: false, applicationCacheEnabled: false, browserConnectionEnabled: false, browserName: chrome, chrome: {chromedriverVersion: 2.43.600210 (68dcf5eebde371..., userDataDir: C:\Users\ADMINI~1\AppData\L...}, cssSelectorsEnabled: true, databaseEnabled: false, goog:chromeOptions: {debuggerAddress: localhost:59018}, handlesAlerts: true, hasTouchScreen: true, javascriptEnabled: true, locationContextEnabled: true, mobileEmulationEnabled: true, nativeEvents: true, networkConnectionEnabled: false, pageLoadStrategy: normal, platform: XP, platformName: XP, rotatable: false, setWindowRect: true, takesHeapSnapshot: true, takesScreenshot: true, unexpectedAlertBehaviour: , unhandledPromptBehavior: , version: 80.0.3987.149, webStorageEnabled: true}
Session ID: 6512eea229c7c91974d885c1a977576e)
	at com.kms.katalon.core.keyword.internal.KeywordMain.stepFailed(KeywordMain.groovy:36)
	at com.kms.katalon.core.webui.keyword.internal.WebUIKeywordMain.stepFailed(WebUIKeywordMain.groovy:65)
	at com.kms.katalon.core.webui.keyword.internal.WebUIKeywordMain.runKeyword(WebUIKeywordMain.groovy:27)
	at com.kms.katalon.core.webui.keyword.builtin.ClickKeyword.click(ClickKeyword.groovy:86)
	at com.kms.katalon.core.webui.keyword.builtin.ClickKeyword.execute(ClickKeyword.groovy:67)
	at com.kms.katalon.core.keyword.internal.KeywordExecutor.executeKeywordForPlatform(KeywordExecutor.groovy:53)
	at com.kms.katalon.core.webui.keyword.WebUiBuiltInKeywords.click(WebUiBuiltInKeywords.groovy:616)
	at com.kms.katalon.core.webui.keyword.WebUiBuiltInKeywords$click$5.call(Unknown Source)
	at USA Access.run(USA Access:86)
	at com.kms.katalon.core.main.ScriptEngine.run(ScriptEngine.java:194)
	at com.kms.katalon.core.main.ScriptEngine.runScriptAsRawText(ScriptEngine.java:119)
	at com.kms.katalon.core.main.TestCaseExecutor.runScript(TestCaseExecutor.java:328)
	at com.kms.katalon.core.main.TestCaseExecutor.doExecute(TestCaseExecutor.java:319)
	at com.kms.katalon.core.main.TestCaseExecutor.processExecutionPhase(TestCaseExecutor.java:298)
	at com.kms.katalon.core.main.TestCaseExecutor.accessMainPhase(TestCaseExecutor.java:290)
	at com.kms.katalon.core.main.TestCaseExecutor.execute(TestCaseExecutor.java:224)
	at com.kms.katalon.core.main.TestSuiteExecutor.accessTestCaseMainPhase(TestSuiteExecutor.java:129)
	at com.kms.katalon.core.main.TestSuiteExecutor.accessTestSuiteMainPhase(TestSuiteExecutor.java:112)
	at com.kms.katalon.core.main.TestSuiteExecutor.execute(TestSuiteExecutor.java:81)
	at com.kms.katalon.core.main.TestCaseMain.startTestSuite(TestCaseMain.java:149)
	at com.kms.katalon.core.main.TestCaseMain$startTestSuite$0.call(Unknown Source)
	at TempTestSuite1585051237493.run(TempTestSuite1585051237493.groovy:36)]]></system-out>
         <system-err><![CDATA[2020-03-24 08:16:13 - [TEST_CASE][FAILED] - Test Cases/AHI/NEW/Dental/USA Access: Test Cases/AHI/NEW/Dental/USA Access FAILED.
Reason:
com.kms.katalon.core.exception.StepFailedException: Unable to click on object 'Object Repository/mobileSanity/Dental/quote/a_Select This Plan' (Root cause: org.openqa.selenium.WebDriverException: unknown error: Element <a href="/dental-insurance/apply/usa-plus-dental-vision-al" class="js-buy-plan quote-plan-buy">...</a> is not clickable at point (187, 467). Other element would receive the click: <button class="quote-filter-collapse-toggle collapsed" data-toggle="collapse" data-target="#js-visionCoverage-collapse" data-parent="#js-filters-form">...</button>
  (Session info: chrome=80.0.3987.149)
  (Driver info: chromedriver=2.43.600210 (68dcf5eebde37173d4027fa8635e332711d2874a),platform=Windows NT 6.3.9600 x86_64) (WARNING: The server did not provide any stacktrace information)
Command duration or timeout: 0 milliseconds
Build info: version: '3.7.1', revision: '8a0099a', time: '2017-11-06T21:07:36.161Z'
System info: host: 'WIN-U215233FMVE', ip: '172.30.0.53', os.name: 'Windows Server 2012 R2', os.arch: 'amd64', os.version: '6.3', java.version: '1.8.0_181'
Driver info: com.kms.katalon.selenium.driver.CChromeDriver
Capabilities {acceptInsecureCerts: false, acceptSslCerts: false, applicationCacheEnabled: false, browserConnectionEnabled: false, browserName: chrome, chrome: {chromedriverVersion: 2.43.600210 (68dcf5eebde371..., userDataDir: C:\Users\ADMINI~1\AppData\L...}, cssSelectorsEnabled: true, databaseEnabled: false, goog:chromeOptions: {debuggerAddress: localhost:59018}, handlesAlerts: true, hasTouchScreen: true, javascriptEnabled: true, locationContextEnabled: true, mobileEmulationEnabled: true, nativeEvents: true, networkConnectionEnabled: false, pageLoadStrategy: normal, platform: XP, platformName: XP, rotatable: false, setWindowRect: true, takesHeapSnapshot: true, takesScreenshot: true, unexpectedAlertBehaviour: , unhandledPromptBehavior: , version: 80.0.3987.149, webStorageEnabled: true}
Session ID: 6512eea229c7c91974d885c1a977576e)
	at com.kms.katalon.core.keyword.internal.KeywordMain.stepFailed(KeywordMain.groovy:36)
	at com.kms.katalon.core.webui.keyword.internal.WebUIKeywordMain.stepFailed(WebUIKeywordMain.groovy:65)
	at com.kms.katalon.core.webui.keyword.internal.WebUIKeywordMain.runKeyword(WebUIKeywordMain.groovy:27)
	at com.kms.katalon.core.webui.keyword.builtin.ClickKeyword.click(ClickKeyword.groovy:86)
	at com.kms.katalon.core.webui.keyword.builtin.ClickKeyword.execute(ClickKeyword.groovy:67)
	at com.kms.katalon.core.keyword.internal.KeywordExecutor.executeKeywordForPlatform(KeywordExecutor.groovy:53)
	at com.kms.katalon.core.webui.keyword.WebUiBuiltInKeywords.click(WebUiBuiltInKeywords.groovy:616)
	at com.kms.katalon.core.webui.keyword.WebUiBuiltInKeywords$click$5.call(Unknown Source)
	at USA Access.run(USA Access:86)
	at com.kms.katalon.core.main.ScriptEngine.run(ScriptEngine.java:194)
	at com.kms.katalon.core.main.ScriptEngine.runScriptAsRawText(ScriptEngine.java:119)
	at com.kms.katalon.core.main.TestCaseExecutor.runScript(TestCaseExecutor.java:328)
	at com.kms.katalon.core.main.TestCaseExecutor.doExecute(TestCaseExecutor.java:319)
	at com.kms.katalon.core.main.TestCaseExecutor.processExecutionPhase(TestCaseExecutor.java:298)
	at com.kms.katalon.core.main.TestCaseExecutor.accessMainPhase(TestCaseExecutor.java:290)
	at com.kms.katalon.core.main.TestCaseExecutor.execute(TestCaseExecutor.java:224)
	at com.kms.katalon.core.main.TestSuiteExecutor.accessTestCaseMainPhase(TestSuiteExecutor.java:129)
	at com.kms.katalon.core.main.TestSuiteExecutor.accessTestSuiteMainPhase(TestSuiteExecutor.java:112)
	at com.kms.katalon.core.main.TestSuiteExecutor.execute(TestSuiteExecutor.java:81)
	at com.kms.katalon.core.main.TestCaseMain.startTestSuite(TestCaseMain.java:149)
	at com.kms.katalon.core.main.TestCaseMain$startTestSuite$0.call(Unknown Source)
	at TempTestSuite1585051237493.run(TempTestSuite1585051237493.groovy:36)]]></system-err>
      </testcase>
      <testcase name="Test Cases/AHI/NEW/HBI" classname="Test Cases/AHI/NEW/HBI" status="PASSED">
         <system-out><![CDATA[2020-03-24 08:16:33 - [TEST_CASE][PASSED] - Test Cases/AHI/NEW/HBI: Test Cases/AHI/NEW/HBI

2020-03-24 08:16:34 - [TEST_STEP][PASSED] - callTestCase(findTestCase("AHI/_include/get_screenPath"), ["productLine":"AHI", "carrierName":"HBI"], CONTINUE_ON_FAILURE): Call Test Case 'Test Cases/AHI/_include/get_screenPath' successfully

2020-03-24 08:16:34 - [TEST_CASE][PASSED] - Test Cases/AHI/_include/get_screenPath: Test Cases/AHI/_include/get_screenPath

2020-03-24 08:16:34 - [TEST_STEP][PASSED] - m = getExecutionProperties(): null

2020-03-24 08:16:34 - [TEST_STEP][PASSED] - deviceName = get("mobileEmulation").get("deviceName"): null

2020-03-24 08:16:34 - [TEST_STEP][PASSED] - println(deviceName): null

2020-03-24 08:16:34 - [TEST_STEP][PASSED] - now = new java.util.Date(): null

2020-03-24 08:16:34 - [TEST_STEP][PASSED] - mydate = now.format("yyyyMMdd_HHmmss"): null

2020-03-24 08:16:34 - [TEST_STEP][PASSED] - screenPath = "../Screenshots/": null

2020-03-24 08:16:34 - [TEST_STEP][PASSED] - screenPath = screenPath + deviceName + "/" + productLine + "/" + carrierName + "/" + mydate + "/": null

2020-03-24 08:16:34 - [TEST_STEP][PASSED] - println(screenPath): null

2020-03-24 08:16:34 - [MESSAGE][PASSED] - Call Test Case 'Test Cases/AHI/_include/get_screenPath' successfully

2020-03-24 08:16:34 - [TEST_STEP][PASSED] - i = 0: null

2020-03-24 08:16:34 - [TEST_STEP][PASSED] - callTestCase(findTestCase("AHI/_include/openWebSite"), [:], CONTINUE_ON_FAILURE): Call Test Case 'Test Cases/AHI/_include/openWebSite' successfully

2020-03-24 08:16:34 - [TEST_CASE][PASSED] - Test Cases/AHI/_include/openWebSite: Test Cases/AHI/_include/openWebSite

2020-03-24 08:16:34 - [TEST_STEP][PASSED] - openBrowser(env): Browser is opened with url: 'https://praetemptatus.agilehealthinsurance.com'

2020-03-24 08:16:34 - [MESSAGE][WARNING] - A browser is already opened. Closing browser and opening a new one

2020-03-24 08:16:34 - [MESSAGE][INFO] - Starting 'Chrome' driver

2020-03-24 08:16:34 - [MESSAGE][INFO] - User set preference: ['mobileEmulation', '{deviceName=iPhone 6}']

2020-03-24 08:16:34 - [MESSAGE][INFO] - User set preference: ['args', '[--incognito, --aggressive-cache-discard, --window-size=375,677, --no-sandbox, --ignore-certificate-errors]']

2020-03-24 08:16:37 - [MESSAGE][PASSED] - Browser is opened with url: 'https://praetemptatus.agilehealthinsurance.com'

2020-03-24 08:16:37 - [TEST_STEP][PASSED] - waitForPageLoad(20): Wait for page load successfully

2020-03-24 08:16:37 - [MESSAGE][PASSED] - Wait for page load successfully

2020-03-24 08:16:37 - [TEST_STEP][PASSED] - callTestCase(findTestCase("AHI/_include/get_screenshot"), [:], STOP_ON_FAILURE): Call Test Case 'Test Cases/AHI/_include/get_screenshot' successfully

2020-03-24 08:16:37 - [TEST_CASE][PASSED] - Test Cases/AHI/_include/get_screenshot: Test Cases/AHI/_include/get_screenshot

2020-03-24 08:16:37 - [TEST_STEP][PASSED] - Thread.sleep(1000): null

2020-03-24 08:16:38 - [TEST_STEP][PASSED] - takeScreenshot(screenPath + i + ".png"): Taking screenshot successfully

2020-03-24 08:16:39 - [MESSAGE][PASSED] - Taking screenshot successfully
[[ATTACHMENT|D:\\Test\\AgileTest\\Reports\\AHI\\ahi\\20200324_080037\\../Screenshots/iPhone 6/AHI/HBI/20200324_081634/0.png]]

2020-03-24 08:16:39 - [TEST_STEP][PASSED] - (internal.GlobalVariable.i++): null

2020-03-24 08:16:39 - [MESSAGE][PASSED] - Call Test Case 'Test Cases/AHI/_include/get_screenshot' successfully

2020-03-24 08:16:39 - [MESSAGE][PASSED] - Call Test Case 'Test Cases/AHI/_include/openWebSite' successfully

2020-03-24 08:16:39 - [TEST_STEP][PASSED] - driver = getWebDriver(): null

2020-03-24 08:16:39 - [TEST_STEP][PASSED] - baseUrl = ENV: null

2020-03-24 08:16:39 - [TEST_STEP][PASSED] - selenium = new com.thoughtworks.selenium.webdriven.WebDriverBackedSelenium(driver, baseUrl): null

2020-03-24 08:16:40 - [TEST_STEP][PASSED] - selenium.click("//*[@class='filter-option-inner-inner']"): null

2020-03-24 08:16:40 - [TEST_STEP][PASSED] - selenium.click("id=bs-select-1-3"): null

2020-03-24 08:16:40 - [TEST_STEP][PASSED] - selenium.click("id=primaryCTA"): null

2020-03-24 08:16:41 - [TEST_STEP][PASSED] - for ([second = 0, second < 10, (second++)]): null

2020-03-24 08:16:41 - [TEST_STEP][PASSED] - try: null

2020-03-24 08:16:41 - [TEST_STEP][PASSED] - if (selenium.isElementPresent("id=js-traffic-to-aiq")): null

2020-03-24 08:16:41 - [TEST_STEP][PASSED] - break: null

2020-03-24 08:16:41 - [TEST_STEP][PASSED] - callTestCase(findTestCase("AHI/_include/get_screenshot"), [:], STOP_ON_FAILURE): Call Test Case 'Test Cases/AHI/_include/get_screenshot' successfully

2020-03-24 08:16:41 - [TEST_CASE][PASSED] - Test Cases/AHI/_include/get_screenshot: Test Cases/AHI/_include/get_screenshot

2020-03-24 08:16:41 - [TEST_STEP][PASSED] - Thread.sleep(1000): null

2020-03-24 08:16:42 - [TEST_STEP][PASSED] - takeScreenshot(screenPath + i + ".png"): Taking screenshot successfully

2020-03-24 08:16:43 - [MESSAGE][PASSED] - Taking screenshot successfully
[[ATTACHMENT|D:\\Test\\AgileTest\\Reports\\AHI\\ahi\\20200324_080037\\../Screenshots/iPhone 6/AHI/HBI/20200324_081634/1.png]]

2020-03-24 08:16:43 - [TEST_STEP][PASSED] - (internal.GlobalVariable.i++): null

2020-03-24 08:16:43 - [MESSAGE][PASSED] - Call Test Case 'Test Cases/AHI/_include/get_screenshot' successfully

2020-03-24 08:16:43 - [TEST_STEP][PASSED] - url = selenium.getAttribute("xpath=(//a[@id='js-traffic-to-aiq'])@href"): null

2020-03-24 08:16:43 - [TEST_STEP][PASSED] - navigateToUrl(url): Navigate to 'https://healthinsurance.net/health?utm_source=hiiq&utm_medium=cpm&utm_campaign=agile' successfully

2020-03-24 08:16:48 - [MESSAGE][PASSED] - Navigate to 'https://healthinsurance.net/health?utm_source=hiiq&utm_medium=cpm&utm_campaign=agile' successfully

2020-03-24 08:16:48 - [TEST_STEP][PASSED] - waitForPageLoad(10): Wait for page load successfully

2020-03-24 08:16:48 - [MESSAGE][PASSED] - Wait for page load successfully

2020-03-24 08:16:48 - [TEST_STEP][PASSED] - callTestCase(findTestCase("AHI/_include/get_screenshot"), [:], STOP_ON_FAILURE): Call Test Case 'Test Cases/AHI/_include/get_screenshot' successfully

2020-03-24 08:16:48 - [TEST_CASE][PASSED] - Test Cases/AHI/_include/get_screenshot: Test Cases/AHI/_include/get_screenshot

2020-03-24 08:16:48 - [TEST_STEP][PASSED] - Thread.sleep(1000): null

2020-03-24 08:16:49 - [TEST_STEP][PASSED] - takeScreenshot(screenPath + i + ".png"): Taking screenshot successfully

2020-03-24 08:16:49 - [MESSAGE][PASSED] - Taking screenshot successfully
[[ATTACHMENT|D:\\Test\\AgileTest\\Reports\\AHI\\ahi\\20200324_080037\\../Screenshots/iPhone 6/AHI/HBI/20200324_081634/2.png]]

2020-03-24 08:16:49 - [TEST_STEP][PASSED] - (internal.GlobalVariable.i++): null

2020-03-24 08:16:49 - [MESSAGE][PASSED] - Call Test Case 'Test Cases/AHI/_include/get_screenshot' successfully]]></system-out>
         <system-err><![CDATA[]]></system-err>
      </testcase>
      <testcase name="Test Cases/AHI/NEW/Medicare" classname="Test Cases/AHI/NEW/Medicare" status="PASSED">
         <system-out><![CDATA[2020-03-24 08:16:49 - [TEST_CASE][PASSED] - Test Cases/AHI/NEW/Medicare: Test Cases/AHI/NEW/Medicare

2020-03-24 08:16:49 - [TEST_STEP][PASSED] - callTestCase(findTestCase("AHI/_include/get_screenPath"), ["productLine":"AHI", "carrierName":"Medicare"], CONTINUE_ON_FAILURE): Call Test Case 'Test Cases/AHI/_include/get_screenPath' successfully

2020-03-24 08:16:49 - [TEST_CASE][PASSED] - Test Cases/AHI/_include/get_screenPath: Test Cases/AHI/_include/get_screenPath

2020-03-24 08:16:49 - [TEST_STEP][PASSED] - m = getExecutionProperties(): null

2020-03-24 08:16:49 - [TEST_STEP][PASSED] - deviceName = get("mobileEmulation").get("deviceName"): null

2020-03-24 08:16:49 - [TEST_STEP][PASSED] - println(deviceName): null

2020-03-24 08:16:49 - [TEST_STEP][PASSED] - now = new java.util.Date(): null

2020-03-24 08:16:49 - [TEST_STEP][PASSED] - mydate = now.format("yyyyMMdd_HHmmss"): null

2020-03-24 08:16:49 - [TEST_STEP][PASSED] - screenPath = "../Screenshots/": null

2020-03-24 08:16:49 - [TEST_STEP][PASSED] - screenPath = screenPath + deviceName + "/" + productLine + "/" + carrierName + "/" + mydate + "/": null

2020-03-24 08:16:49 - [TEST_STEP][PASSED] - println(screenPath): null

2020-03-24 08:16:49 - [MESSAGE][PASSED] - Call Test Case 'Test Cases/AHI/_include/get_screenPath' successfully

2020-03-24 08:16:49 - [TEST_STEP][PASSED] - i = 0: null

2020-03-24 08:16:49 - [TEST_STEP][PASSED] - callTestCase(findTestCase("AHI/_include/openWebSite"), [:], CONTINUE_ON_FAILURE): Call Test Case 'Test Cases/AHI/_include/openWebSite' successfully

2020-03-24 08:16:50 - [TEST_CASE][PASSED] - Test Cases/AHI/_include/openWebSite: Test Cases/AHI/_include/openWebSite

2020-03-24 08:16:50 - [TEST_STEP][PASSED] - openBrowser(env): Browser is opened with url: 'https://praetemptatus.agilehealthinsurance.com'

2020-03-24 08:16:50 - [MESSAGE][WARNING] - A browser is already opened. Closing browser and opening a new one

2020-03-24 08:16:50 - [MESSAGE][INFO] - Starting 'Chrome' driver

2020-03-24 08:16:50 - [MESSAGE][INFO] - User set preference: ['mobileEmulation', '{deviceName=iPhone 6}']

2020-03-24 08:16:50 - [MESSAGE][INFO] - User set preference: ['args', '[--incognito, --aggressive-cache-discard, --window-size=375,677, --no-sandbox, --ignore-certificate-errors]']

2020-03-24 08:16:56 - [MESSAGE][PASSED] - Browser is opened with url: 'https://praetemptatus.agilehealthinsurance.com'

2020-03-24 08:16:56 - [TEST_STEP][PASSED] - waitForPageLoad(20): Wait for page load successfully

2020-03-24 08:16:57 - [MESSAGE][PASSED] - Wait for page load successfully

2020-03-24 08:16:57 - [TEST_STEP][PASSED] - callTestCase(findTestCase("AHI/_include/get_screenshot"), [:], STOP_ON_FAILURE): Call Test Case 'Test Cases/AHI/_include/get_screenshot' successfully

2020-03-24 08:16:57 - [TEST_CASE][PASSED] - Test Cases/AHI/_include/get_screenshot: Test Cases/AHI/_include/get_screenshot

2020-03-24 08:16:57 - [TEST_STEP][PASSED] - Thread.sleep(1000): null

2020-03-24 08:16:58 - [TEST_STEP][PASSED] - takeScreenshot(screenPath + i + ".png"): Taking screenshot successfully

2020-03-24 08:17:00 - [MESSAGE][PASSED] - Taking screenshot successfully
[[ATTACHMENT|D:\\Test\\AgileTest\\Reports\\AHI\\ahi\\20200324_080037\\../Screenshots/iPhone 6/AHI/Medicare/20200324_081649/0.png]]

2020-03-24 08:17:00 - [TEST_STEP][PASSED] - (internal.GlobalVariable.i++): null

2020-03-24 08:17:00 - [MESSAGE][PASSED] - Call Test Case 'Test Cases/AHI/_include/get_screenshot' successfully

2020-03-24 08:17:00 - [MESSAGE][PASSED] - Call Test Case 'Test Cases/AHI/_include/openWebSite' successfully

2020-03-24 08:17:00 - [TEST_STEP][PASSED] - driver = getWebDriver(): null

2020-03-24 08:17:00 - [TEST_STEP][PASSED] - baseUrl = ENV: null

2020-03-24 08:17:00 - [TEST_STEP][PASSED] - selenium = new com.thoughtworks.selenium.webdriven.WebDriverBackedSelenium(driver, baseUrl): null

2020-03-24 08:17:00 - [TEST_STEP][PASSED] - selenium.click("//*[@class='filter-option-inner-inner']"): null

2020-03-24 08:17:00 - [TEST_STEP][PASSED] - selenium.click("id=bs-select-1-4"): null

2020-03-24 08:17:01 - [TEST_STEP][PASSED] - selenium.click("id=primaryCTA"): null

2020-03-24 08:17:03 - [TEST_STEP][PASSED] - for ([second = 0, second < 10, (second++)]): null

2020-03-24 08:17:03 - [TEST_STEP][PASSED] - try: null

2020-03-24 08:17:03 - [TEST_STEP][PASSED] - if (selenium.isElementPresent("//h1[contains(text(),'Compare Medicare health plans')]")): null

2020-03-24 08:17:03 - [TEST_STEP][PASSED] - break: null

2020-03-24 08:17:03 - [TEST_STEP][PASSED] - callTestCase(findTestCase("AHI/_include/get_screenshot"), [:], STOP_ON_FAILURE): Call Test Case 'Test Cases/AHI/_include/get_screenshot' successfully

2020-03-24 08:17:03 - [TEST_CASE][PASSED] - Test Cases/AHI/_include/get_screenshot: Test Cases/AHI/_include/get_screenshot

2020-03-24 08:17:03 - [TEST_STEP][PASSED] - Thread.sleep(1000): null

2020-03-24 08:17:04 - [TEST_STEP][PASSED] - takeScreenshot(screenPath + i + ".png"): Taking screenshot successfully

2020-03-24 08:17:04 - [MESSAGE][PASSED] - Taking screenshot successfully
[[ATTACHMENT|D:\\Test\\AgileTest\\Reports\\AHI\\ahi\\20200324_080037\\../Screenshots/iPhone 6/AHI/Medicare/20200324_081649/1.png]]

2020-03-24 08:17:04 - [TEST_STEP][PASSED] - (internal.GlobalVariable.i++): null

2020-03-24 08:17:04 - [MESSAGE][PASSED] - Call Test Case 'Test Cases/AHI/_include/get_screenshot' successfully]]></system-out>
         <system-err><![CDATA[]]></system-err>
      </testcase>
      <testcase name="Test Cases/AHI/NEW/Pet Insurance" classname="Test Cases/AHI/NEW/Pet Insurance" status="PASSED">
         <system-out><![CDATA[2020-03-24 08:17:04 - [TEST_CASE][PASSED] - Test Cases/AHI/NEW/Pet Insurance: Test Cases/AHI/NEW/Pet Insurance

2020-03-24 08:17:05 - [TEST_STEP][PASSED] - callTestCase(findTestCase("AHI/_include/get_screenPath"), ["productLine":"AHI", "carrierName":"Pet Insurance"], CONTINUE_ON_FAILURE): Call Test Case 'Test Cases/AHI/_include/get_screenPath' successfully

2020-03-24 08:17:05 - [TEST_CASE][PASSED] - Test Cases/AHI/_include/get_screenPath: Test Cases/AHI/_include/get_screenPath

2020-03-24 08:17:05 - [TEST_STEP][PASSED] - m = getExecutionProperties(): null

2020-03-24 08:17:05 - [TEST_STEP][PASSED] - deviceName = get("mobileEmulation").get("deviceName"): null

2020-03-24 08:17:05 - [TEST_STEP][PASSED] - println(deviceName): null

2020-03-24 08:17:05 - [TEST_STEP][PASSED] - now = new java.util.Date(): null

2020-03-24 08:17:05 - [TEST_STEP][PASSED] - mydate = now.format("yyyyMMdd_HHmmss"): null

2020-03-24 08:17:05 - [TEST_STEP][PASSED] - screenPath = "../Screenshots/": null

2020-03-24 08:17:05 - [TEST_STEP][PASSED] - screenPath = screenPath + deviceName + "/" + productLine + "/" + carrierName + "/" + mydate + "/": null

2020-03-24 08:17:05 - [TEST_STEP][PASSED] - println(screenPath): null

2020-03-24 08:17:05 - [MESSAGE][PASSED] - Call Test Case 'Test Cases/AHI/_include/get_screenPath' successfully

2020-03-24 08:17:05 - [TEST_STEP][PASSED] - i = 0: null

2020-03-24 08:17:05 - [TEST_STEP][PASSED] - callTestCase(findTestCase("AHI/_include/openWebSite"), [:], CONTINUE_ON_FAILURE): Call Test Case 'Test Cases/AHI/_include/openWebSite' successfully

2020-03-24 08:17:05 - [TEST_CASE][PASSED] - Test Cases/AHI/_include/openWebSite: Test Cases/AHI/_include/openWebSite

2020-03-24 08:17:05 - [TEST_STEP][PASSED] - openBrowser(env): Browser is opened with url: 'https://praetemptatus.agilehealthinsurance.com'

2020-03-24 08:17:05 - [MESSAGE][WARNING] - A browser is already opened. Closing browser and opening a new one

2020-03-24 08:17:05 - [MESSAGE][INFO] - Starting 'Chrome' driver

2020-03-24 08:17:05 - [MESSAGE][INFO] - User set preference: ['mobileEmulation', '{deviceName=iPhone 6}']

2020-03-24 08:17:05 - [MESSAGE][INFO] - User set preference: ['args', '[--incognito, --aggressive-cache-discard, --window-size=375,677, --no-sandbox, --ignore-certificate-errors]']

2020-03-24 08:17:08 - [MESSAGE][PASSED] - Browser is opened with url: 'https://praetemptatus.agilehealthinsurance.com'

2020-03-24 08:17:08 - [TEST_STEP][PASSED] - waitForPageLoad(20): Wait for page load successfully

2020-03-24 08:17:09 - [MESSAGE][PASSED] - Wait for page load successfully

2020-03-24 08:17:09 - [TEST_STEP][PASSED] - callTestCase(findTestCase("AHI/_include/get_screenshot"), [:], STOP_ON_FAILURE): Call Test Case 'Test Cases/AHI/_include/get_screenshot' successfully

2020-03-24 08:17:09 - [TEST_CASE][PASSED] - Test Cases/AHI/_include/get_screenshot: Test Cases/AHI/_include/get_screenshot

2020-03-24 08:17:09 - [TEST_STEP][PASSED] - Thread.sleep(1000): null

2020-03-24 08:17:10 - [TEST_STEP][PASSED] - takeScreenshot(screenPath + i + ".png"): Taking screenshot successfully

2020-03-24 08:17:11 - [MESSAGE][PASSED] - Taking screenshot successfully
[[ATTACHMENT|D:\\Test\\AgileTest\\Reports\\AHI\\ahi\\20200324_080037\\../Screenshots/iPhone 6/AHI/Pet Insurance/20200324_081705/0.png]]

2020-03-24 08:17:11 - [TEST_STEP][PASSED] - (internal.GlobalVariable.i++): null

2020-03-24 08:17:11 - [MESSAGE][PASSED] - Call Test Case 'Test Cases/AHI/_include/get_screenshot' successfully

2020-03-24 08:17:11 - [MESSAGE][PASSED] - Call Test Case 'Test Cases/AHI/_include/openWebSite' successfully

2020-03-24 08:17:11 - [TEST_STEP][PASSED] - driver = getWebDriver(): null

2020-03-24 08:17:11 - [TEST_STEP][PASSED] - baseUrl = ENV: null

2020-03-24 08:17:11 - [TEST_STEP][PASSED] - selenium = new com.thoughtworks.selenium.webdriven.WebDriverBackedSelenium(driver, baseUrl): null

2020-03-24 08:17:11 - [TEST_STEP][PASSED] - selenium.click("//*[@class='filter-option-inner-inner']"): null

2020-03-24 08:17:12 - [TEST_STEP][PASSED] - selenium.click("id=bs-select-1-5"): null

2020-03-24 08:17:12 - [TEST_STEP][PASSED] - selenium.click("id=primaryCTA"): null

2020-03-24 08:17:13 - [TEST_STEP][PASSED] - for ([second = 0, second < 20, (second++)]): null

2020-03-24 08:17:13 - [TEST_STEP][PASSED] - try: null

2020-03-24 08:17:13 - [TEST_STEP][PASSED] - if (selenium.isElementPresent("id=zip-input")): null

2020-03-24 08:17:14 - [TEST_STEP][PASSED] - break: null

2020-03-24 08:17:14 - [TEST_STEP][PASSED] - callTestCase(findTestCase("AHI/_include/get_screenshot"), [:], STOP_ON_FAILURE): Call Test Case 'Test Cases/AHI/_include/get_screenshot' successfully

2020-03-24 08:17:14 - [TEST_CASE][PASSED] - Test Cases/AHI/_include/get_screenshot: Test Cases/AHI/_include/get_screenshot

2020-03-24 08:17:14 - [TEST_STEP][PASSED] - Thread.sleep(1000): null

2020-03-24 08:17:15 - [TEST_STEP][PASSED] - takeScreenshot(screenPath + i + ".png"): Taking screenshot successfully

2020-03-24 08:17:16 - [MESSAGE][PASSED] - Taking screenshot successfully
[[ATTACHMENT|D:\\Test\\AgileTest\\Reports\\AHI\\ahi\\20200324_080037\\../Screenshots/iPhone 6/AHI/Pet Insurance/20200324_081705/1.png]]

2020-03-24 08:17:16 - [TEST_STEP][PASSED] - (internal.GlobalVariable.i++): null

2020-03-24 08:17:16 - [MESSAGE][PASSED] - Call Test Case 'Test Cases/AHI/_include/get_screenshot' successfully

2020-03-24 08:17:16 - [TEST_STEP][PASSED] - sendKeys(findTestObject("mobileSanity/Cancer Insurance/zip"), "35216"): Keys '35216' sent to object: 'Object Repository/mobileSanity/Cancer Insurance/zip'

2020-03-24 08:17:16 - [MESSAGE][PASSED] - Keys '35216' sent to object: 'Object Repository/mobileSanity/Cancer Insurance/zip'

2020-03-24 08:17:16 - [TEST_STEP][PASSED] - Thread.sleep(3000): null

2020-03-24 08:17:19 - [TEST_STEP][PASSED] - selenium.click("id=js-see-plans"): null

2020-03-24 08:17:20 - [TEST_STEP][PASSED] - for ([second = 0, second < 20, (second++)]): null

2020-03-24 08:17:20 - [TEST_STEP][PASSED] - try: null

2020-03-24 08:17:20 - [TEST_STEP][PASSED] - if (selenium.isElementPresent("id=name-input")): null

2020-03-24 08:17:20 - [TEST_STEP][PASSED] - break: null

2020-03-24 08:17:20 - [TEST_STEP][PASSED] - callTestCase(findTestCase("AHI/_include/get_screenshot"), [:], STOP_ON_FAILURE): Call Test Case 'Test Cases/AHI/_include/get_screenshot' successfully

2020-03-24 08:17:20 - [TEST_CASE][PASSED] - Test Cases/AHI/_include/get_screenshot: Test Cases/AHI/_include/get_screenshot

2020-03-24 08:17:20 - [TEST_STEP][PASSED] - Thread.sleep(1000): null

2020-03-24 08:17:21 - [TEST_STEP][PASSED] - takeScreenshot(screenPath + i + ".png"): Taking screenshot successfully

2020-03-24 08:17:22 - [MESSAGE][PASSED] - Taking screenshot successfully
[[ATTACHMENT|D:\\Test\\AgileTest\\Reports\\AHI\\ahi\\20200324_080037\\../Screenshots/iPhone 6/AHI/Pet Insurance/20200324_081705/2.png]]

2020-03-24 08:17:22 - [TEST_STEP][PASSED] - (internal.GlobalVariable.i++): null

2020-03-24 08:17:22 - [MESSAGE][PASSED] - Call Test Case 'Test Cases/AHI/_include/get_screenshot' successfully

2020-03-24 08:17:22 - [TEST_STEP][PASSED] - setText(findTestObject("mobileSanity/Pet Insurance/name-input"), "Test cat"): Text 'Test cat' is set on object 'Object Repository/mobileSanity/Pet Insurance/name-input'

2020-03-24 08:17:22 - [MESSAGE][PASSED] - Text 'Test cat' is set on object 'Object Repository/mobileSanity/Pet Insurance/name-input'

2020-03-24 08:17:22 - [TEST_STEP][PASSED] - selenium.click("id=js-continue"): null

2020-03-24 08:17:22 - [TEST_STEP][PASSED] - for ([second = 0, second < 20, (second++)]): null

2020-03-24 08:17:22 - [TEST_STEP][PASSED] - try: null

2020-03-24 08:17:22 - [TEST_STEP][PASSED] - if (selenium.isElementPresent("xpath=//label[@for='p-cat']")): null

2020-03-24 08:17:22 - [TEST_STEP][PASSED] - Thread.sleep(1000): null

2020-03-24 08:17:23 - [TEST_STEP][PASSED] - try: null

2020-03-24 08:17:23 - [TEST_STEP][PASSED] - if (selenium.isElementPresent("xpath=//label[@for='p-cat']")): null

2020-03-24 08:17:23 - [TEST_STEP][PASSED] - break: null

2020-03-24 08:17:23 - [TEST_STEP][PASSED] - callTestCase(findTestCase("AHI/_include/get_screenshot"), [:], STOP_ON_FAILURE): Call Test Case 'Test Cases/AHI/_include/get_screenshot' successfully

2020-03-24 08:17:24 - [TEST_CASE][PASSED] - Test Cases/AHI/_include/get_screenshot: Test Cases/AHI/_include/get_screenshot

2020-03-24 08:17:24 - [TEST_STEP][PASSED] - Thread.sleep(1000): null

2020-03-24 08:17:25 - [TEST_STEP][PASSED] - takeScreenshot(screenPath + i + ".png"): Taking screenshot successfully

2020-03-24 08:17:25 - [MESSAGE][PASSED] - Taking screenshot successfully
[[ATTACHMENT|D:\\Test\\AgileTest\\Reports\\AHI\\ahi\\20200324_080037\\../Screenshots/iPhone 6/AHI/Pet Insurance/20200324_081705/3.png]]

2020-03-24 08:17:25 - [TEST_STEP][PASSED] - (internal.GlobalVariable.i++): null

2020-03-24 08:17:25 - [MESSAGE][PASSED] - Call Test Case 'Test Cases/AHI/_include/get_screenshot' successfully

2020-03-24 08:17:25 - [TEST_STEP][PASSED] - selenium.click("//label[@for='p-cat']"): null

2020-03-24 08:17:25 - [TEST_STEP][PASSED] - for ([second = 0, second < 20, (second++)]): null

2020-03-24 08:17:25 - [TEST_STEP][PASSED] - try: null

2020-03-24 08:17:25 - [TEST_STEP][PASSED] - if (selenium.isElementPresent("id=dob-mm-input")): null

2020-03-24 08:17:25 - [TEST_STEP][PASSED] - Thread.sleep(1000): null

2020-03-24 08:17:26 - [TEST_STEP][PASSED] - try: null

2020-03-24 08:17:26 - [TEST_STEP][PASSED] - if (selenium.isElementPresent("id=dob-mm-input")): null

2020-03-24 08:17:26 - [TEST_STEP][PASSED] - break: null

2020-03-24 08:17:26 - [TEST_STEP][PASSED] - callTestCase(findTestCase("AHI/_include/get_screenshot"), [:], STOP_ON_FAILURE): Call Test Case 'Test Cases/AHI/_include/get_screenshot' successfully

2020-03-24 08:17:26 - [TEST_CASE][PASSED] - Test Cases/AHI/_include/get_screenshot: Test Cases/AHI/_include/get_screenshot

2020-03-24 08:17:26 - [TEST_STEP][PASSED] - Thread.sleep(1000): null

2020-03-24 08:17:27 - [TEST_STEP][PASSED] - takeScreenshot(screenPath + i + ".png"): Taking screenshot successfully

2020-03-24 08:17:28 - [MESSAGE][PASSED] - Taking screenshot successfully
[[ATTACHMENT|D:\\Test\\AgileTest\\Reports\\AHI\\ahi\\20200324_080037\\../Screenshots/iPhone 6/AHI/Pet Insurance/20200324_081705/4.png]]

2020-03-24 08:17:28 - [TEST_STEP][PASSED] - (internal.GlobalVariable.i++): null

2020-03-24 08:17:28 - [MESSAGE][PASSED] - Call Test Case 'Test Cases/AHI/_include/get_screenshot' successfully

2020-03-24 08:17:28 - [TEST_STEP][PASSED] - setText(findTestObject("mobileSanity/Pet Insurance/dob-mm-input"), "01"): Text '01' is set on object 'Object Repository/mobileSanity/Pet Insurance/dob-mm-input'

2020-03-24 08:17:28 - [MESSAGE][PASSED] - Text '01' is set on object 'Object Repository/mobileSanity/Pet Insurance/dob-mm-input'

2020-03-24 08:17:28 - [TEST_STEP][PASSED] - setText(findTestObject("mobileSanity/Pet Insurance/dob-dd-input"), "01"): Text '01' is set on object 'Object Repository/mobileSanity/Pet Insurance/dob-dd-input'

2020-03-24 08:17:28 - [MESSAGE][PASSED] - Text '01' is set on object 'Object Repository/mobileSanity/Pet Insurance/dob-dd-input'

2020-03-24 08:17:28 - [TEST_STEP][PASSED] - setText(findTestObject("mobileSanity/Pet Insurance/dob-yyyy-input"), "2016"): Text '2016' is set on object 'Object Repository/mobileSanity/Pet Insurance/dob-yyyy-input'

2020-03-24 08:17:28 - [MESSAGE][PASSED] - Text '2016' is set on object 'Object Repository/mobileSanity/Pet Insurance/dob-yyyy-input'

2020-03-24 08:17:28 - [TEST_STEP][PASSED] - for ([second = 0, second < 20, (second++)]): null

2020-03-24 08:17:28 - [TEST_STEP][PASSED] - try: null

2020-03-24 08:17:28 - [TEST_STEP][PASSED] - if (selenium.isElementPresent("xpath=//label[@for='p-no']")): null

2020-03-24 08:17:28 - [TEST_STEP][PASSED] - Thread.sleep(1000): null

2020-03-24 08:17:29 - [TEST_STEP][PASSED] - try: null

2020-03-24 08:17:29 - [TEST_STEP][PASSED] - if (selenium.isElementPresent("xpath=//label[@for='p-no']")): null

2020-03-24 08:17:29 - [TEST_STEP][PASSED] - break: null

2020-03-24 08:17:29 - [TEST_STEP][PASSED] - callTestCase(findTestCase("AHI/_include/get_screenshot"), [:], STOP_ON_FAILURE): Call Test Case 'Test Cases/AHI/_include/get_screenshot' successfully

2020-03-24 08:17:29 - [TEST_CASE][PASSED] - Test Cases/AHI/_include/get_screenshot: Test Cases/AHI/_include/get_screenshot

2020-03-24 08:17:29 - [TEST_STEP][PASSED] - Thread.sleep(1000): null

2020-03-24 08:17:31 - [TEST_STEP][PASSED] - takeScreenshot(screenPath + i + ".png"): Taking screenshot successfully

2020-03-24 08:17:31 - [MESSAGE][PASSED] - Taking screenshot successfully
[[ATTACHMENT|D:\\Test\\AgileTest\\Reports\\AHI\\ahi\\20200324_080037\\../Screenshots/iPhone 6/AHI/Pet Insurance/20200324_081705/5.png]]

2020-03-24 08:17:31 - [TEST_STEP][PASSED] - (internal.GlobalVariable.i++): null

2020-03-24 08:17:31 - [MESSAGE][PASSED] - Call Test Case 'Test Cases/AHI/_include/get_screenshot' successfully

2020-03-24 08:17:31 - [TEST_STEP][PASSED] - selenium.click("//label[@for='p-no']"): null

2020-03-24 08:17:31 - [TEST_STEP][PASSED] - for ([second = 0, second < 20, (second++)]): null

2020-03-24 08:17:31 - [TEST_STEP][PASSED] - try: null

2020-03-24 08:17:31 - [TEST_STEP][PASSED] - if (selenium.isElementPresent("id=applyCta")): null

2020-03-24 08:17:34 - [TEST_STEP][PASSED] - break: null

2020-03-24 08:17:34 - [TEST_STEP][PASSED] - callTestCase(findTestCase("AHI/_include/get_screenshot"), [:], STOP_ON_FAILURE): Call Test Case 'Test Cases/AHI/_include/get_screenshot' successfully

2020-03-24 08:17:34 - [TEST_CASE][PASSED] - Test Cases/AHI/_include/get_screenshot: Test Cases/AHI/_include/get_screenshot

2020-03-24 08:17:34 - [TEST_STEP][PASSED] - Thread.sleep(1000): null

2020-03-24 08:17:35 - [TEST_STEP][PASSED] - takeScreenshot(screenPath + i + ".png"): Taking screenshot successfully

2020-03-24 08:17:35 - [MESSAGE][PASSED] - Taking screenshot successfully
[[ATTACHMENT|D:\\Test\\AgileTest\\Reports\\AHI\\ahi\\20200324_080037\\../Screenshots/iPhone 6/AHI/Pet Insurance/20200324_081705/6.png]]

2020-03-24 08:17:35 - [TEST_STEP][PASSED] - (internal.GlobalVariable.i++): null

2020-03-24 08:17:35 - [MESSAGE][PASSED] - Call Test Case 'Test Cases/AHI/_include/get_screenshot' successfully

2020-03-24 08:17:35 - [TEST_STEP][PASSED] - selenium.click("id=applyCta"): null

2020-03-24 08:17:36 - [TEST_STEP][PASSED] - for ([second = 0, second < 20, (second++)]): null

2020-03-24 08:17:36 - [TEST_STEP][PASSED] - try: null

2020-03-24 08:17:36 - [TEST_STEP][PASSED] - if (selenium.isElementPresent("id=member-P-1-firstName")): null

2020-03-24 08:17:37 - [TEST_STEP][PASSED] - break: null

2020-03-24 08:17:37 - [TEST_STEP][PASSED] - callTestCase(findTestCase("AHI/_include/get_screenshot"), [:], STOP_ON_FAILURE): Call Test Case 'Test Cases/AHI/_include/get_screenshot' successfully

2020-03-24 08:17:37 - [TEST_CASE][PASSED] - Test Cases/AHI/_include/get_screenshot: Test Cases/AHI/_include/get_screenshot

2020-03-24 08:17:37 - [TEST_STEP][PASSED] - Thread.sleep(1000): null

2020-03-24 08:17:38 - [TEST_STEP][PASSED] - takeScreenshot(screenPath + i + ".png"): Taking screenshot successfully

2020-03-24 08:17:38 - [MESSAGE][PASSED] - Taking screenshot successfully
[[ATTACHMENT|D:\\Test\\AgileTest\\Reports\\AHI\\ahi\\20200324_080037\\../Screenshots/iPhone 6/AHI/Pet Insurance/20200324_081705/7.png]]

2020-03-24 08:17:38 - [TEST_STEP][PASSED] - (internal.GlobalVariable.i++): null

2020-03-24 08:17:38 - [MESSAGE][PASSED] - Call Test Case 'Test Cases/AHI/_include/get_screenshot' successfully

2020-03-24 08:17:38 - [TEST_STEP][PASSED] - callTestCase(findTestCase("AHI/_include/name"), [:], STOP_ON_FAILURE): Call Test Case 'Test Cases/AHI/_include/name' successfully

2020-03-24 08:17:38 - [TEST_CASE][PASSED] - Test Cases/AHI/_include/name: Test Cases/AHI/_include/name

2020-03-24 08:17:38 - [TEST_STEP][PASSED] - driver = getWebDriver(): null

2020-03-24 08:17:38 - [TEST_STEP][PASSED] - selenium = new com.thoughtworks.selenium.webdriven.WebDriverBackedSelenium(driver, internal.GlobalVariable.ENV): null

2020-03-24 08:17:38 - [TEST_STEP][PASSED] - FirstName = "Test-123": null

2020-03-24 08:17:38 - [TEST_STEP][PASSED] - LastName = selenium.getEval("{var x="ABCDEFGHIJKLMNOPQRSTUVWXYZabcdefghijklmnopqrstuvwxyz"; var tmp="ZZ11-"; for (i=0;i<8;i++) tmp+=x.charAt(Math.ceil(51*Math.random()));tmp;}"): null

2020-03-24 08:17:38 - [TEST_STEP][PASSED] - Address = selenium.getEval("{var x="ABCDEFGHIJKLMNOPQRSTUVWXYZabcdefghijklmnopqrstuvwxyz"; var tmp=""; for (i=0;i<8;i++) tmp+=x.charAt(Math.ceil(51*Math.random()));tmp;}"): null

2020-03-24 08:17:39 - [TEST_STEP][PASSED] - City = selenium.getEval("{var x="ABCDEFGHIJKLMNOPQRSTUVWXYZabcdefghijklmnopqrstuvwxyz"; var tmp=""; for (i=0;i<8;i++) tmp+=x.charAt(Math.ceil(51*Math.random()));tmp;}"): null

2020-03-24 08:17:39 - [TEST_STEP][PASSED] - tel1 = selenium.getEval("{var x="123456789"; var tmp=""; for (i=0;i<3;i++) tmp+=x.charAt(Math.ceil(8*Math.random()));tmp;}"): null

2020-03-24 08:17:39 - [TEST_STEP][PASSED] - tel2 = selenium.getEval("{var x="123456789"; var tmp=""; for (i=0;i<3;i++) tmp+=x.charAt(Math.ceil(8*Math.random()));tmp;}"): null

2020-03-24 08:17:39 - [TEST_STEP][PASSED] - tel3 = selenium.getEval("{var x="123456789"; var tmp=""; for (i=0;i<4;i++) tmp+=x.charAt(Math.ceil(8*Math.random()));tmp;}"): null

2020-03-24 08:17:39 - [TEST_STEP][PASSED] - Tel = selenium.getExpression(tel1 + "-" + tel2 + "-" + tel3): null

2020-03-24 08:17:39 - [TEST_STEP][PASSED] - AutoEmail = selenium.getEval("{var x="ABCDEFGHIJKLMNOPQRSTUVWXYZabcdefghijklmnopqrstuvwxyz"; var tmp="test."; for (i=0;i<8;i++) tmp+=x.charAt(Math.ceil(51*Math.random()));tmp+="@suryani.cn";}"): null

2020-03-24 08:17:39 - [TEST_STEP][PASSED] - FirstName = FirstName: null

2020-03-24 08:17:39 - [TEST_STEP][PASSED] - LastName = LastName: null

2020-03-24 08:17:39 - [TEST_STEP][PASSED] - Address = Address: null

2020-03-24 08:17:39 - [TEST_STEP][PASSED] - City = City: null

2020-03-24 08:17:39 - [TEST_STEP][PASSED] - Tel = Tel: null

2020-03-24 08:17:39 - [TEST_STEP][PASSED] - AutoEmail = AutoEmail: null

2020-03-24 08:17:39 - [TEST_STEP][PASSED] - println(FirstName): null

2020-03-24 08:17:39 - [TEST_STEP][PASSED] - println(LastName): null

2020-03-24 08:17:39 - [TEST_STEP][PASSED] - println(Address): null

2020-03-24 08:17:39 - [TEST_STEP][PASSED] - println(City): null

2020-03-24 08:17:39 - [TEST_STEP][PASSED] - println(Tel): null

2020-03-24 08:17:39 - [TEST_STEP][PASSED] - println(AutoEmail): null

2020-03-24 08:17:39 - [MESSAGE][PASSED] - Call Test Case 'Test Cases/AHI/_include/name' successfully

2020-03-24 08:17:39 - [TEST_STEP][PASSED] - selenium.type("id=member-P-1-firstName", FirstName): null

2020-03-24 08:17:39 - [TEST_STEP][PASSED] - selenium.type("id=member-P-1-lastName", LastName): null

2020-03-24 08:17:39 - [TEST_STEP][PASSED] - selenium.type("id=address", Address): null

2020-03-24 08:17:39 - [TEST_STEP][PASSED] - selenium.type("id=city", City): null

2020-03-24 08:17:40 - [TEST_STEP][PASSED] - selenium.type("id=email", AutoEmail): null

2020-03-24 08:17:40 - [TEST_STEP][PASSED] - selenium.type("id=primaryPhone", Tel): null

2020-03-24 08:17:40 - [TEST_STEP][PASSED] - selenium.click("id=pet-veterinary-clinic-flag"): null

2020-03-24 08:17:40 - [TEST_STEP][PASSED] - Thread.sleep(2000): null

2020-03-24 08:17:42 - [TEST_STEP][PASSED] - selenium.click("id=js-app-continue-link"): null

2020-03-24 08:17:42 - [TEST_STEP][PASSED] - for ([second = 0, second < 20, (second++)]): null

2020-03-24 08:17:42 - [TEST_STEP][PASSED] - try: null

2020-03-24 08:17:42 - [TEST_STEP][PASSED] - if (selenium.isElementPresent("id=credit-card-number")): null

2020-03-24 08:17:43 - [TEST_STEP][PASSED] - Thread.sleep(1000): null

2020-03-24 08:17:44 - [TEST_STEP][PASSED] - try: null

2020-03-24 08:17:44 - [TEST_STEP][PASSED] - if (selenium.isElementPresent("id=credit-card-number")): null

2020-03-24 08:17:44 - [TEST_STEP][PASSED] - break: null

2020-03-24 08:17:44 - [TEST_STEP][PASSED] - callTestCase(findTestCase("AHI/_include/get_screenshot"), [:], STOP_ON_FAILURE): Call Test Case 'Test Cases/AHI/_include/get_screenshot' successfully

2020-03-24 08:17:44 - [TEST_CASE][PASSED] - Test Cases/AHI/_include/get_screenshot: Test Cases/AHI/_include/get_screenshot

2020-03-24 08:17:44 - [TEST_STEP][PASSED] - Thread.sleep(1000): null

2020-03-24 08:17:45 - [TEST_STEP][PASSED] - takeScreenshot(screenPath + i + ".png"): Taking screenshot successfully

2020-03-24 08:17:45 - [MESSAGE][PASSED] - Taking screenshot successfully
[[ATTACHMENT|D:\\Test\\AgileTest\\Reports\\AHI\\ahi\\20200324_080037\\../Screenshots/iPhone 6/AHI/Pet Insurance/20200324_081705/8.png]]

2020-03-24 08:17:45 - [TEST_STEP][PASSED] - (internal.GlobalVariable.i++): null

2020-03-24 08:17:45 - [MESSAGE][PASSED] - Call Test Case 'Test Cases/AHI/_include/get_screenshot' successfully

2020-03-24 08:17:45 - [TEST_STEP][PASSED] - selenium.type("id=credit-card-number", "4111111111111111"): null

2020-03-24 08:17:45 - [TEST_STEP][PASSED] - selenium.type("id=credit-card-first", "test"): null

2020-03-24 08:17:45 - [TEST_STEP][PASSED] - selenium.type("id=credit-card-last", "test"): null

2020-03-24 08:17:46 - [TEST_STEP][PASSED] - selenium.select("id=expiration-month", "12"): null

2020-03-24 08:17:46 - [TEST_STEP][PASSED] - selenium.select("id=expiration-year", "2026"): null

2020-03-24 08:17:47 - [TEST_STEP][PASSED] - selenium.type("id=credit-card-cvv", "123"): null

2020-03-24 08:17:47 - [TEST_STEP][PASSED] - selenium.type("id=credit-card-number", "4111111111111111"): null

2020-03-24 08:17:47 - [TEST_STEP][PASSED] - selenium.click("id=js-same-billing"): null

2020-03-24 08:17:47 - [TEST_STEP][PASSED] - selenium.click("id=credit-payment-authorization"): null

2020-03-24 08:17:47 - [TEST_STEP][PASSED] - selenium.click("id=js-app-continue-link"): null

2020-03-24 08:17:48 - [TEST_STEP][PASSED] - for ([second = 0, second < 20, (second++)]): null

2020-03-24 08:17:48 - [TEST_STEP][PASSED] - try: null

2020-03-24 08:17:48 - [TEST_STEP][PASSED] - if (selenium.isElementPresent("id=consent-checkbox-0")): null

2020-03-24 08:17:48 - [TEST_STEP][PASSED] - Thread.sleep(1000): null

2020-03-24 08:17:49 - [TEST_STEP][PASSED] - try: null

2020-03-24 08:17:49 - [TEST_STEP][PASSED] - if (selenium.isElementPresent("id=consent-checkbox-0")): null

2020-03-24 08:17:49 - [TEST_STEP][PASSED] - break: null

2020-03-24 08:17:49 - [TEST_STEP][PASSED] - callTestCase(findTestCase("AHI/_include/get_screenshot"), [:], STOP_ON_FAILURE): Call Test Case 'Test Cases/AHI/_include/get_screenshot' successfully

2020-03-24 08:17:49 - [TEST_CASE][PASSED] - Test Cases/AHI/_include/get_screenshot: Test Cases/AHI/_include/get_screenshot

2020-03-24 08:17:49 - [TEST_STEP][PASSED] - Thread.sleep(1000): null

2020-03-24 08:17:50 - [TEST_STEP][PASSED] - takeScreenshot(screenPath + i + ".png"): Taking screenshot successfully

2020-03-24 08:17:50 - [MESSAGE][PASSED] - Taking screenshot successfully
[[ATTACHMENT|D:\\Test\\AgileTest\\Reports\\AHI\\ahi\\20200324_080037\\../Screenshots/iPhone 6/AHI/Pet Insurance/20200324_081705/9.png]]

2020-03-24 08:17:50 - [TEST_STEP][PASSED] - (internal.GlobalVariable.i++): null

2020-03-24 08:17:50 - [MESSAGE][PASSED] - Call Test Case 'Test Cases/AHI/_include/get_screenshot' successfully

2020-03-24 08:17:50 - [TEST_STEP][PASSED] - selenium.click("id=consent-checkbox-0"): null

2020-03-24 08:17:51 - [TEST_STEP][PASSED] - selenium.click("id=consent-checkbox-1"): null

2020-03-24 08:17:51 - [TEST_STEP][PASSED] - selenium.click("id=consent-checkbox-2"): null

2020-03-24 08:17:51 - [TEST_STEP][PASSED] - selenium.click("id=consent-checkbox-3"): null

2020-03-24 08:17:51 - [TEST_STEP][PASSED] - selenium.click("id=js-signature-tab"): null

2020-03-24 08:17:52 - [TEST_STEP][PASSED] - selenium.click("id=js-app-continue-link"): null

2020-03-24 08:17:52 - [TEST_STEP][PASSED] - for ([second = 0, second < 30, (second++)]): null

2020-03-24 08:17:52 - [TEST_STEP][PASSED] - try: null

2020-03-24 08:17:52 - [TEST_STEP][PASSED] - if (selenium.isElementPresent("xpath=//h2[contains(text(),'Thank You')]")): null

2020-03-24 08:17:53 - [TEST_STEP][PASSED] - Thread.sleep(1000): null

2020-03-24 08:17:54 - [TEST_STEP][PASSED] - try: null

2020-03-24 08:17:54 - [TEST_STEP][PASSED] - if (selenium.isElementPresent("xpath=//h2[contains(text(),'Thank You')]")): null

2020-03-24 08:17:54 - [TEST_STEP][PASSED] - Thread.sleep(1000): null

2020-03-24 08:17:55 - [TEST_STEP][PASSED] - try: null

2020-03-24 08:17:55 - [TEST_STEP][PASSED] - if (selenium.isElementPresent("xpath=//h2[contains(text(),'Thank You')]")): null

2020-03-24 08:17:55 - [TEST_STEP][PASSED] - Thread.sleep(1000): null

2020-03-24 08:17:56 - [TEST_STEP][PASSED] - try: null

2020-03-24 08:17:56 - [TEST_STEP][PASSED] - if (selenium.isElementPresent("xpath=//h2[contains(text(),'Thank You')]")): null

2020-03-24 08:17:56 - [TEST_STEP][PASSED] - Thread.sleep(1000): null

2020-03-24 08:17:57 - [TEST_STEP][PASSED] - try: null

2020-03-24 08:17:57 - [TEST_STEP][PASSED] - if (selenium.isElementPresent("xpath=//h2[contains(text(),'Thank You')]")): null

2020-03-24 08:17:57 - [TEST_STEP][PASSED] - Thread.sleep(1000): null

2020-03-24 08:17:58 - [TEST_STEP][PASSED] - try: null

2020-03-24 08:17:58 - [TEST_STEP][PASSED] - if (selenium.isElementPresent("xpath=//h2[contains(text(),'Thank You')]")): null

2020-03-24 08:17:58 - [TEST_STEP][PASSED] - Thread.sleep(1000): null

2020-03-24 08:17:59 - [TEST_STEP][PASSED] - try: null

2020-03-24 08:17:59 - [TEST_STEP][PASSED] - if (selenium.isElementPresent("xpath=//h2[contains(text(),'Thank You')]")): null

2020-03-24 08:17:59 - [TEST_STEP][PASSED] - Thread.sleep(1000): null

2020-03-24 08:18:00 - [TEST_STEP][PASSED] - try: null

2020-03-24 08:18:00 - [TEST_STEP][PASSED] - if (selenium.isElementPresent("xpath=//h2[contains(text(),'Thank You')]")): null

2020-03-24 08:18:00 - [TEST_STEP][PASSED] - Thread.sleep(1000): null

2020-03-24 08:18:01 - [TEST_STEP][PASSED] - try: null

2020-03-24 08:18:01 - [TEST_STEP][PASSED] - if (selenium.isElementPresent("xpath=//h2[contains(text(),'Thank You')]")): null

2020-03-24 08:18:01 - [TEST_STEP][PASSED] - Thread.sleep(1000): null

2020-03-24 08:18:02 - [TEST_STEP][PASSED] - try: null

2020-03-24 08:18:02 - [TEST_STEP][PASSED] - if (selenium.isElementPresent("xpath=//h2[contains(text(),'Thank You')]")): null

2020-03-24 08:18:02 - [TEST_STEP][PASSED] - Thread.sleep(1000): null

2020-03-24 08:18:03 - [TEST_STEP][PASSED] - try: null

2020-03-24 08:18:03 - [TEST_STEP][PASSED] - if (selenium.isElementPresent("xpath=//h2[contains(text(),'Thank You')]")): null

2020-03-24 08:18:03 - [TEST_STEP][PASSED] - Thread.sleep(1000): null

2020-03-24 08:18:04 - [TEST_STEP][PASSED] - try: null

2020-03-24 08:18:04 - [TEST_STEP][PASSED] - if (selenium.isElementPresent("xpath=//h2[contains(text(),'Thank You')]")): null

2020-03-24 08:18:04 - [TEST_STEP][PASSED] - Thread.sleep(1000): null

2020-03-24 08:18:05 - [TEST_STEP][PASSED] - try: null

2020-03-24 08:18:05 - [TEST_STEP][PASSED] - if (selenium.isElementPresent("xpath=//h2[contains(text(),'Thank You')]")): null

2020-03-24 08:18:05 - [TEST_STEP][PASSED] - Thread.sleep(1000): null

2020-03-24 08:18:06 - [TEST_STEP][PASSED] - try: null

2020-03-24 08:18:06 - [TEST_STEP][PASSED] - if (selenium.isElementPresent("xpath=//h2[contains(text(),'Thank You')]")): null

2020-03-24 08:18:06 - [TEST_STEP][PASSED] - Thread.sleep(1000): null

2020-03-24 08:18:07 - [TEST_STEP][PASSED] - try: null

2020-03-24 08:18:07 - [TEST_STEP][PASSED] - if (selenium.isElementPresent("xpath=//h2[contains(text(),'Thank You')]")): null

2020-03-24 08:18:07 - [TEST_STEP][PASSED] - Thread.sleep(1000): null

2020-03-24 08:18:08 - [TEST_STEP][PASSED] - try: null

2020-03-24 08:18:08 - [TEST_STEP][PASSED] - if (selenium.isElementPresent("xpath=//h2[contains(text(),'Thank You')]")): null

2020-03-24 08:18:08 - [TEST_STEP][PASSED] - Thread.sleep(1000): null

2020-03-24 08:18:10 - [TEST_STEP][PASSED] - try: null

2020-03-24 08:18:10 - [TEST_STEP][PASSED] - if (selenium.isElementPresent("xpath=//h2[contains(text(),'Thank You')]")): null

2020-03-24 08:18:10 - [TEST_STEP][PASSED] - Thread.sleep(1000): null

2020-03-24 08:18:11 - [TEST_STEP][PASSED] - try: null

2020-03-24 08:18:11 - [TEST_STEP][PASSED] - if (selenium.isElementPresent("xpath=//h2[contains(text(),'Thank You')]")): null

2020-03-24 08:18:11 - [TEST_STEP][PASSED] - Thread.sleep(1000): null

2020-03-24 08:18:12 - [TEST_STEP][PASSED] - try: null

2020-03-24 08:18:12 - [TEST_STEP][PASSED] - if (selenium.isElementPresent("xpath=//h2[contains(text(),'Thank You')]")): null

2020-03-24 08:18:12 - [TEST_STEP][PASSED] - Thread.sleep(1000): null

2020-03-24 08:18:13 - [TEST_STEP][PASSED] - try: null

2020-03-24 08:18:13 - [TEST_STEP][PASSED] - if (selenium.isElementPresent("xpath=//h2[contains(text(),'Thank You')]")): null

2020-03-24 08:18:13 - [TEST_STEP][PASSED] - Thread.sleep(1000): null

2020-03-24 08:18:14 - [TEST_STEP][PASSED] - try: null

2020-03-24 08:18:14 - [TEST_STEP][PASSED] - if (selenium.isElementPresent("xpath=//h2[contains(text(),'Thank You')]")): null

2020-03-24 08:18:14 - [TEST_STEP][PASSED] - Thread.sleep(1000): null

2020-03-24 08:18:15 - [TEST_STEP][PASSED] - try: null

2020-03-24 08:18:15 - [TEST_STEP][PASSED] - if (selenium.isElementPresent("xpath=//h2[contains(text(),'Thank You')]")): null

2020-03-24 08:18:15 - [TEST_STEP][PASSED] - Thread.sleep(1000): null

2020-03-24 08:18:16 - [TEST_STEP][PASSED] - try: null

2020-03-24 08:18:16 - [TEST_STEP][PASSED] - if (selenium.isElementPresent("xpath=//h2[contains(text(),'Thank You')]")): null

2020-03-24 08:18:16 - [TEST_STEP][PASSED] - Thread.sleep(1000): null

2020-03-24 08:18:17 - [TEST_STEP][PASSED] - try: null

2020-03-24 08:18:17 - [TEST_STEP][PASSED] - if (selenium.isElementPresent("xpath=//h2[contains(text(),'Thank You')]")): null

2020-03-24 08:18:17 - [TEST_STEP][PASSED] - Thread.sleep(1000): null

2020-03-24 08:18:18 - [TEST_STEP][PASSED] - try: null

2020-03-24 08:18:18 - [TEST_STEP][PASSED] - if (selenium.isElementPresent("xpath=//h2[contains(text(),'Thank You')]")): null

2020-03-24 08:18:18 - [TEST_STEP][PASSED] - Thread.sleep(1000): null

2020-03-24 08:18:19 - [TEST_STEP][PASSED] - try: null

2020-03-24 08:18:19 - [TEST_STEP][PASSED] - if (selenium.isElementPresent("xpath=//h2[contains(text(),'Thank You')]")): null

2020-03-24 08:18:19 - [TEST_STEP][PASSED] - Thread.sleep(1000): null

2020-03-24 08:18:20 - [TEST_STEP][PASSED] - try: null

2020-03-24 08:18:20 - [TEST_STEP][PASSED] - if (selenium.isElementPresent("xpath=//h2[contains(text(),'Thank You')]")): null

2020-03-24 08:18:20 - [TEST_STEP][PASSED] - Thread.sleep(1000): null

2020-03-24 08:18:21 - [TEST_STEP][PASSED] - try: null

2020-03-24 08:18:21 - [TEST_STEP][PASSED] - if (selenium.isElementPresent("xpath=//h2[contains(text(),'Thank You')]")): null

2020-03-24 08:18:21 - [TEST_STEP][PASSED] - Thread.sleep(1000): null

2020-03-24 08:18:22 - [TEST_STEP][PASSED] - try: null

2020-03-24 08:18:22 - [TEST_STEP][PASSED] - if (selenium.isElementPresent("xpath=//h2[contains(text(),'Thank You')]")): null

2020-03-24 08:18:22 - [TEST_STEP][PASSED] - Thread.sleep(1000): null

2020-03-24 08:18:23 - [TEST_STEP][PASSED] - try: null

2020-03-24 08:18:23 - [TEST_STEP][PASSED] - if (selenium.isElementPresent("xpath=//h2[contains(text(),'Thank You')]")): null

2020-03-24 08:18:23 - [TEST_STEP][PASSED] - Thread.sleep(1000): null

2020-03-24 08:18:24 - [TEST_STEP][PASSED] - callTestCase(findTestCase("AHI/_include/get_screenshot"), [:], STOP_ON_FAILURE): Call Test Case 'Test Cases/AHI/_include/get_screenshot' successfully

2020-03-24 08:18:24 - [TEST_CASE][PASSED] - Test Cases/AHI/_include/get_screenshot: Test Cases/AHI/_include/get_screenshot

2020-03-24 08:18:24 - [TEST_STEP][PASSED] - Thread.sleep(1000): null

2020-03-24 08:18:25 - [TEST_STEP][PASSED] - takeScreenshot(screenPath + i + ".png"): Taking screenshot successfully

2020-03-24 08:18:26 - [MESSAGE][PASSED] - Taking screenshot successfully
[[ATTACHMENT|D:\\Test\\AgileTest\\Reports\\AHI\\ahi\\20200324_080037\\../Screenshots/iPhone 6/AHI/Pet Insurance/20200324_081705/10.png]]

2020-03-24 08:18:26 - [TEST_STEP][PASSED] - (internal.GlobalVariable.i++): null

2020-03-24 08:18:26 - [MESSAGE][PASSED] - Call Test Case 'Test Cases/AHI/_include/get_screenshot' successfully]]></system-out>
         <system-err><![CDATA[]]></system-err>
      </testcase>
      <testcase name="Test Cases/AHI/NEW/STM" classname="Test Cases/AHI/NEW/STM" status="PASSED">
         <system-out><![CDATA[2020-03-24 08:18:26 - [TEST_CASE][PASSED] - Test Cases/AHI/NEW/STM: Test Cases/AHI/NEW/STM

2020-03-24 08:18:26 - [TEST_STEP][PASSED] - callTestCase(findTestCase("AHI/_include/get_screenPath"), ["productLine":"AHI", "carrierName":"STM"], CONTINUE_ON_FAILURE): Call Test Case 'Test Cases/AHI/_include/get_screenPath' successfully

2020-03-24 08:18:26 - [TEST_CASE][PASSED] - Test Cases/AHI/_include/get_screenPath: Test Cases/AHI/_include/get_screenPath

2020-03-24 08:18:26 - [TEST_STEP][PASSED] - m = getExecutionProperties(): null

2020-03-24 08:18:26 - [TEST_STEP][PASSED] - deviceName = get("mobileEmulation").get("deviceName"): null

2020-03-24 08:18:26 - [TEST_STEP][PASSED] - println(deviceName): null

2020-03-24 08:18:26 - [TEST_STEP][PASSED] - now = new java.util.Date(): null

2020-03-24 08:18:26 - [TEST_STEP][PASSED] - mydate = now.format("yyyyMMdd_HHmmss"): null

2020-03-24 08:18:26 - [TEST_STEP][PASSED] - screenPath = "../Screenshots/": null

2020-03-24 08:18:26 - [TEST_STEP][PASSED] - screenPath = screenPath + deviceName + "/" + productLine + "/" + carrierName + "/" + mydate + "/": null

2020-03-24 08:18:26 - [TEST_STEP][PASSED] - println(screenPath): null

2020-03-24 08:18:26 - [MESSAGE][PASSED] - Call Test Case 'Test Cases/AHI/_include/get_screenPath' successfully

2020-03-24 08:18:26 - [TEST_STEP][PASSED] - i = 0: null

2020-03-24 08:18:26 - [TEST_STEP][PASSED] - callTestCase(findTestCase("AHI/_include/openWebSite"), [:], CONTINUE_ON_FAILURE): Call Test Case 'Test Cases/AHI/_include/openWebSite' successfully

2020-03-24 08:18:26 - [TEST_CASE][PASSED] - Test Cases/AHI/_include/openWebSite: Test Cases/AHI/_include/openWebSite

2020-03-24 08:18:26 - [TEST_STEP][PASSED] - openBrowser(env): Browser is opened with url: 'https://praetemptatus.agilehealthinsurance.com'

2020-03-24 08:18:26 - [MESSAGE][WARNING] - A browser is already opened. Closing browser and opening a new one

2020-03-24 08:18:27 - [MESSAGE][INFO] - Starting 'Chrome' driver

2020-03-24 08:18:27 - [MESSAGE][INFO] - User set preference: ['mobileEmulation', '{deviceName=iPhone 6}']

2020-03-24 08:18:27 - [MESSAGE][INFO] - User set preference: ['args', '[--incognito, --aggressive-cache-discard, --window-size=375,677, --no-sandbox, --ignore-certificate-errors]']

2020-03-24 08:18:30 - [MESSAGE][PASSED] - Browser is opened with url: 'https://praetemptatus.agilehealthinsurance.com'

2020-03-24 08:18:30 - [TEST_STEP][PASSED] - waitForPageLoad(20): Wait for page load successfully

2020-03-24 08:18:30 - [MESSAGE][PASSED] - Wait for page load successfully

2020-03-24 08:18:30 - [TEST_STEP][PASSED] - callTestCase(findTestCase("AHI/_include/get_screenshot"), [:], STOP_ON_FAILURE): Call Test Case 'Test Cases/AHI/_include/get_screenshot' successfully

2020-03-24 08:18:30 - [TEST_CASE][PASSED] - Test Cases/AHI/_include/get_screenshot: Test Cases/AHI/_include/get_screenshot

2020-03-24 08:18:30 - [TEST_STEP][PASSED] - Thread.sleep(1000): null

2020-03-24 08:18:31 - [TEST_STEP][PASSED] - takeScreenshot(screenPath + i + ".png"): Taking screenshot successfully

2020-03-24 08:18:33 - [MESSAGE][PASSED] - Taking screenshot successfully
[[ATTACHMENT|D:\\Test\\AgileTest\\Reports\\AHI\\ahi\\20200324_080037\\../Screenshots/iPhone 6/AHI/STM/20200324_081826/0.png]]

2020-03-24 08:18:33 - [TEST_STEP][PASSED] - (internal.GlobalVariable.i++): null

2020-03-24 08:18:33 - [MESSAGE][PASSED] - Call Test Case 'Test Cases/AHI/_include/get_screenshot' successfully

2020-03-24 08:18:33 - [MESSAGE][PASSED] - Call Test Case 'Test Cases/AHI/_include/openWebSite' successfully

2020-03-24 08:18:33 - [TEST_STEP][PASSED] - driver = getWebDriver(): null

2020-03-24 08:18:33 - [TEST_STEP][PASSED] - baseUrl = ENV: null

2020-03-24 08:18:33 - [TEST_STEP][PASSED] - selenium = new com.thoughtworks.selenium.webdriven.WebDriverBackedSelenium(driver, baseUrl): null

2020-03-24 08:18:33 - [TEST_STEP][PASSED] - selenium.click("//*[@class='filter-option-inner-inner']"): null

2020-03-24 08:18:33 - [TEST_STEP][PASSED] - selenium.click("id=bs-select-1-6"): null

2020-03-24 08:18:33 - [TEST_STEP][PASSED] - selenium.click("id=primaryCTA"): null

2020-03-24 08:18:38 - [TEST_STEP][PASSED] - for ([second = 0, second < 10, (second++)]): null

2020-03-24 08:18:38 - [TEST_STEP][PASSED] - try: null

2020-03-24 08:18:38 - [TEST_STEP][PASSED] - if (selenium.isElementPresent("id=js-traffic-to-aiq")): null

2020-03-24 08:18:38 - [TEST_STEP][PASSED] - break: null

2020-03-24 08:18:38 - [TEST_STEP][PASSED] - callTestCase(findTestCase("AHI/_include/get_screenshot"), [:], STOP_ON_FAILURE): Call Test Case 'Test Cases/AHI/_include/get_screenshot' successfully

2020-03-24 08:18:38 - [TEST_CASE][PASSED] - Test Cases/AHI/_include/get_screenshot: Test Cases/AHI/_include/get_screenshot

2020-03-24 08:18:38 - [TEST_STEP][PASSED] - Thread.sleep(1000): null

2020-03-24 08:18:39 - [TEST_STEP][PASSED] - takeScreenshot(screenPath + i + ".png"): Taking screenshot successfully

2020-03-24 08:18:39 - [MESSAGE][PASSED] - Taking screenshot successfully
[[ATTACHMENT|D:\\Test\\AgileTest\\Reports\\AHI\\ahi\\20200324_080037\\../Screenshots/iPhone 6/AHI/STM/20200324_081826/1.png]]

2020-03-24 08:18:39 - [TEST_STEP][PASSED] - (internal.GlobalVariable.i++): null

2020-03-24 08:18:39 - [MESSAGE][PASSED] - Call Test Case 'Test Cases/AHI/_include/get_screenshot' successfully

2020-03-24 08:18:39 - [TEST_STEP][PASSED] - url = selenium.getAttribute("xpath=(//a[@id='js-traffic-to-aiq'])@href"): null

2020-03-24 08:18:39 - [TEST_STEP][PASSED] - navigateToUrl(url): Navigate to 'https://healthinsurance.net/health?utm_source=hiiq&utm_medium=cpm&utm_campaign=agile' successfully

2020-03-24 08:18:47 - [MESSAGE][PASSED] - Navigate to 'https://healthinsurance.net/health?utm_source=hiiq&utm_medium=cpm&utm_campaign=agile' successfully

2020-03-24 08:18:47 - [TEST_STEP][PASSED] - waitForPageLoad(10): Wait for page load successfully

2020-03-24 08:18:47 - [MESSAGE][PASSED] - Wait for page load successfully

2020-03-24 08:18:47 - [TEST_STEP][PASSED] - callTestCase(findTestCase("AHI/_include/get_screenshot"), [:], STOP_ON_FAILURE): Call Test Case 'Test Cases/AHI/_include/get_screenshot' successfully

2020-03-24 08:18:47 - [TEST_CASE][PASSED] - Test Cases/AHI/_include/get_screenshot: Test Cases/AHI/_include/get_screenshot

2020-03-24 08:18:47 - [TEST_STEP][PASSED] - Thread.sleep(1000): null

2020-03-24 08:18:48 - [TEST_STEP][PASSED] - takeScreenshot(screenPath + i + ".png"): Taking screenshot successfully

2020-03-24 08:18:49 - [MESSAGE][PASSED] - Taking screenshot successfully
[[ATTACHMENT|D:\\Test\\AgileTest\\Reports\\AHI\\ahi\\20200324_080037\\../Screenshots/iPhone 6/AHI/STM/20200324_081826/2.png]]

2020-03-24 08:18:49 - [TEST_STEP][PASSED] - (internal.GlobalVariable.i++): null

2020-03-24 08:18:49 - [MESSAGE][PASSED] - Call Test Case 'Test Cases/AHI/_include/get_screenshot' successfully]]></system-out>
         <system-err><![CDATA[]]></system-err>
      </testcase>
      <testcase name="Test Cases/AHI/NEW/Teladoc" classname="Test Cases/AHI/NEW/Teladoc" status="PASSED">
         <system-out><![CDATA[2020-03-24 08:18:49 - [TEST_CASE][PASSED] - Test Cases/AHI/NEW/Teladoc: Test Cases/AHI/NEW/Teladoc

2020-03-24 08:18:49 - [TEST_STEP][PASSED] - callTestCase(findTestCase("AHI/_include/get_screenPath"), ["productLine":"AHI", "carrierName":"Teladoc"], CONTINUE_ON_FAILURE): Call Test Case 'Test Cases/AHI/_include/get_screenPath' successfully

2020-03-24 08:18:50 - [TEST_CASE][PASSED] - Test Cases/AHI/_include/get_screenPath: Test Cases/AHI/_include/get_screenPath

2020-03-24 08:18:50 - [TEST_STEP][PASSED] - m = getExecutionProperties(): null

2020-03-24 08:18:50 - [TEST_STEP][PASSED] - deviceName = get("mobileEmulation").get("deviceName"): null

2020-03-24 08:18:50 - [TEST_STEP][PASSED] - println(deviceName): null

2020-03-24 08:18:50 - [TEST_STEP][PASSED] - now = new java.util.Date(): null

2020-03-24 08:18:50 - [TEST_STEP][PASSED] - mydate = now.format("yyyyMMdd_HHmmss"): null

2020-03-24 08:18:50 - [TEST_STEP][PASSED] - screenPath = "../Screenshots/": null

2020-03-24 08:18:50 - [TEST_STEP][PASSED] - screenPath = screenPath + deviceName + "/" + productLine + "/" + carrierName + "/" + mydate + "/": null

2020-03-24 08:18:50 - [TEST_STEP][PASSED] - println(screenPath): null

2020-03-24 08:18:50 - [MESSAGE][PASSED] - Call Test Case 'Test Cases/AHI/_include/get_screenPath' successfully

2020-03-24 08:18:50 - [TEST_STEP][PASSED] - i = 0: null

2020-03-24 08:18:50 - [TEST_STEP][PASSED] - callTestCase(findTestCase("AHI/_include/openWebSite"), [:], STOP_ON_FAILURE): Call Test Case 'Test Cases/AHI/_include/openWebSite' successfully

2020-03-24 08:18:50 - [TEST_CASE][PASSED] - Test Cases/AHI/_include/openWebSite: Test Cases/AHI/_include/openWebSite

2020-03-24 08:18:50 - [TEST_STEP][PASSED] - openBrowser(env): Browser is opened with url: 'https://praetemptatus.agilehealthinsurance.com'

2020-03-24 08:18:50 - [MESSAGE][WARNING] - A browser is already opened. Closing browser and opening a new one

2020-03-24 08:18:51 - [MESSAGE][INFO] - Starting 'Chrome' driver

2020-03-24 08:18:51 - [MESSAGE][INFO] - User set preference: ['mobileEmulation', '{deviceName=iPhone 6}']

2020-03-24 08:18:51 - [MESSAGE][INFO] - User set preference: ['args', '[--incognito, --aggressive-cache-discard, --window-size=375,677, --no-sandbox, --ignore-certificate-errors]']

2020-03-24 08:18:57 - [MESSAGE][PASSED] - Browser is opened with url: 'https://praetemptatus.agilehealthinsurance.com'

2020-03-24 08:18:57 - [TEST_STEP][PASSED] - waitForPageLoad(20): Wait for page load successfully

2020-03-24 08:18:58 - [MESSAGE][PASSED] - Wait for page load successfully

2020-03-24 08:18:58 - [TEST_STEP][PASSED] - callTestCase(findTestCase("AHI/_include/get_screenshot"), [:], STOP_ON_FAILURE): Call Test Case 'Test Cases/AHI/_include/get_screenshot' successfully

2020-03-24 08:18:58 - [TEST_CASE][PASSED] - Test Cases/AHI/_include/get_screenshot: Test Cases/AHI/_include/get_screenshot

2020-03-24 08:18:59 - [TEST_STEP][PASSED] - Thread.sleep(1000): null

2020-03-24 08:19:00 - [TEST_STEP][PASSED] - takeScreenshot(screenPath + i + ".png"): Taking screenshot successfully

2020-03-24 08:19:03 - [MESSAGE][PASSED] - Taking screenshot successfully
[[ATTACHMENT|D:\\Test\\AgileTest\\Reports\\AHI\\ahi\\20200324_080037\\../Screenshots/iPhone 6/AHI/Teladoc/20200324_081850/0.png]]

2020-03-24 08:19:03 - [TEST_STEP][PASSED] - (internal.GlobalVariable.i++): null

2020-03-24 08:19:03 - [MESSAGE][PASSED] - Call Test Case 'Test Cases/AHI/_include/get_screenshot' successfully

2020-03-24 08:19:03 - [MESSAGE][PASSED] - Call Test Case 'Test Cases/AHI/_include/openWebSite' successfully

2020-03-24 08:19:03 - [TEST_STEP][PASSED] - driver = getWebDriver(): null

2020-03-24 08:19:03 - [TEST_STEP][PASSED] - baseUrl = ENV: null

2020-03-24 08:19:03 - [TEST_STEP][PASSED] - selenium = new com.thoughtworks.selenium.webdriven.WebDriverBackedSelenium(driver, baseUrl): null

2020-03-24 08:19:03 - [TEST_STEP][PASSED] - selenium.click("//*[@class='filter-option-inner-inner']"): null

2020-03-24 08:19:04 - [TEST_STEP][PASSED] - selenium.click("id=bs-select-1-7"): null

2020-03-24 08:19:04 - [TEST_STEP][PASSED] - selenium.click("id=primaryCTA"): null

2020-03-24 08:19:07 - [TEST_STEP][PASSED] - waitForElementVisible(findTestObject("mobileSanity/Teladoc/front_door_h1"), 20): Object 'Object Repository/mobileSanity/Teladoc/front_door_h1' is visible

2020-03-24 08:19:07 - [MESSAGE][PASSED] - Object 'Object Repository/mobileSanity/Teladoc/front_door_h1' is visible

2020-03-24 08:19:07 - [TEST_STEP][PASSED] - callTestCase(findTestCase("AHI/_include/get_screenshot"), [:], STOP_ON_FAILURE): Call Test Case 'Test Cases/AHI/_include/get_screenshot' successfully

2020-03-24 08:19:07 - [TEST_CASE][PASSED] - Test Cases/AHI/_include/get_screenshot: Test Cases/AHI/_include/get_screenshot

2020-03-24 08:19:07 - [TEST_STEP][PASSED] - Thread.sleep(1000): null

2020-03-24 08:19:08 - [TEST_STEP][PASSED] - takeScreenshot(screenPath + i + ".png"): Taking screenshot successfully

2020-03-24 08:19:09 - [MESSAGE][PASSED] - Taking screenshot successfully
[[ATTACHMENT|D:\\Test\\AgileTest\\Reports\\AHI\\ahi\\20200324_080037\\../Screenshots/iPhone 6/AHI/Teladoc/20200324_081850/1.png]]

2020-03-24 08:19:09 - [TEST_STEP][PASSED] - (internal.GlobalVariable.i++): null

2020-03-24 08:19:09 - [MESSAGE][PASSED] - Call Test Case 'Test Cases/AHI/_include/get_screenshot' successfully

2020-03-24 08:19:09 - [TEST_STEP][PASSED] - waitForElementVisible(findTestObject("mobileSanity/Teladoc/census/input_Location_zip-input"), 20): Object 'Object Repository/mobileSanity/Teladoc/census/input_Location_zip-input' is visible

2020-03-24 08:19:09 - [MESSAGE][PASSED] - Object 'Object Repository/mobileSanity/Teladoc/census/input_Location_zip-input' is visible

2020-03-24 08:19:09 - [TEST_STEP][PASSED] - sendKeys(findTestObject("mobileSanity/Teladoc/census/input_Location_zip-input"), "35215"): Keys '35215' sent to object: 'Object Repository/mobileSanity/Teladoc/census/input_Location_zip-input'

2020-03-24 08:19:10 - [MESSAGE][PASSED] - Keys '35215' sent to object: 'Object Repository/mobileSanity/Teladoc/census/input_Location_zip-input'

2020-03-24 08:19:10 - [TEST_STEP][PASSED] - Thread.sleep(500): null

2020-03-24 08:19:10 - [TEST_STEP][PASSED] - setText(findTestObject("mobileSanity/Teladoc/census/input_Date of Birth_dob-0"), "12121980"): Text '12121980' is set on object 'Object Repository/mobileSanity/Teladoc/census/input_Date of Birth_dob-0'

2020-03-24 08:19:11 - [MESSAGE][PASSED] - Text '12121980' is set on object 'Object Repository/mobileSanity/Teladoc/census/input_Date of Birth_dob-0'

2020-03-24 08:19:11 - [TEST_STEP][PASSED] - click(findTestObject("mobileSanity/Teladoc/census/label_Male")): Object: 'Object Repository/mobileSanity/Teladoc/census/label_Male' is clicked on

2020-03-24 08:19:11 - [MESSAGE][PASSED] - Object: 'Object Repository/mobileSanity/Teladoc/census/label_Male' is clicked on

2020-03-24 08:19:11 - [TEST_STEP][PASSED] - Thread.sleep(3000): null

2020-03-24 08:19:14 - [TEST_STEP][PASSED] - click(findTestObject("mobileSanity/Teladoc/census/get_a_quote")): Object: 'Object Repository/mobileSanity/Teladoc/census/get_a_quote' is clicked on

2020-03-24 08:19:16 - [MESSAGE][PASSED] - Object: 'Object Repository/mobileSanity/Teladoc/census/get_a_quote' is clicked on

2020-03-24 08:19:16 - [TEST_STEP][PASSED] - waitForElementVisible(findTestObject("mobileSanity/Teladoc/apply_button"), 20): Object 'Object Repository/mobileSanity/Teladoc/apply_button' is visible

2020-03-24 08:19:16 - [MESSAGE][PASSED] - Object 'Object Repository/mobileSanity/Teladoc/apply_button' is visible

2020-03-24 08:19:16 - [TEST_STEP][PASSED] - callTestCase(findTestCase("AHI/_include/get_screenshot"), [:], STOP_ON_FAILURE): Call Test Case 'Test Cases/AHI/_include/get_screenshot' successfully

2020-03-24 08:19:16 - [TEST_CASE][PASSED] - Test Cases/AHI/_include/get_screenshot: Test Cases/AHI/_include/get_screenshot

2020-03-24 08:19:16 - [TEST_STEP][PASSED] - Thread.sleep(1000): null

2020-03-24 08:19:17 - [TEST_STEP][PASSED] - takeScreenshot(screenPath + i + ".png"): Taking screenshot successfully

2020-03-24 08:19:18 - [MESSAGE][PASSED] - Taking screenshot successfully
[[ATTACHMENT|D:\\Test\\AgileTest\\Reports\\AHI\\ahi\\20200324_080037\\../Screenshots/iPhone 6/AHI/Teladoc/20200324_081850/2.png]]

2020-03-24 08:19:18 - [TEST_STEP][PASSED] - (internal.GlobalVariable.i++): null

2020-03-24 08:19:18 - [MESSAGE][PASSED] - Call Test Case 'Test Cases/AHI/_include/get_screenshot' successfully

2020-03-24 08:19:18 - [TEST_STEP][PASSED] - click(findTestObject("mobileSanity/Teladoc/apply_button")): Object: 'Object Repository/mobileSanity/Teladoc/apply_button' is clicked on

2020-03-24 08:19:21 - [MESSAGE][PASSED] - Object: 'Object Repository/mobileSanity/Teladoc/apply_button' is clicked on

2020-03-24 08:19:21 - [TEST_STEP][PASSED] - waitForPageLoad(20): Wait for page load successfully

2020-03-24 08:19:21 - [MESSAGE][PASSED] - Wait for page load successfully

2020-03-24 08:19:21 - [TEST_STEP][PASSED] - waitForElementPresent(findTestObject("mobileSanity/Teladoc/Page_App Page 1/input__member-P-1-firstName"), 20): Object 'Object Repository/mobileSanity/Teladoc/Page_App Page 1/input__member-P-1-firstName' is present

2020-03-24 08:19:21 - [MESSAGE][PASSED] - Object 'Object Repository/mobileSanity/Teladoc/Page_App Page 1/input__member-P-1-firstName' is present

2020-03-24 08:19:21 - [TEST_STEP][PASSED] - callTestCase(findTestCase("AHI/_include/get_screenshot"), [:], STOP_ON_FAILURE): Call Test Case 'Test Cases/AHI/_include/get_screenshot' successfully

2020-03-24 08:19:21 - [TEST_CASE][PASSED] - Test Cases/AHI/_include/get_screenshot: Test Cases/AHI/_include/get_screenshot

2020-03-24 08:19:21 - [TEST_STEP][PASSED] - Thread.sleep(1000): null

2020-03-24 08:19:22 - [TEST_STEP][PASSED] - takeScreenshot(screenPath + i + ".png"): Taking screenshot successfully

2020-03-24 08:19:23 - [MESSAGE][PASSED] - Taking screenshot successfully
[[ATTACHMENT|D:\\Test\\AgileTest\\Reports\\AHI\\ahi\\20200324_080037\\../Screenshots/iPhone 6/AHI/Teladoc/20200324_081850/3.png]]

2020-03-24 08:19:23 - [TEST_STEP][PASSED] - (internal.GlobalVariable.i++): null

2020-03-24 08:19:23 - [MESSAGE][PASSED] - Call Test Case 'Test Cases/AHI/_include/get_screenshot' successfully

2020-03-24 08:19:23 - [TEST_STEP][PASSED] - callTestCase(findTestCase("AHI/_include/name"), [:], STOP_ON_FAILURE): Call Test Case 'Test Cases/AHI/_include/name' successfully

2020-03-24 08:19:23 - [TEST_CASE][PASSED] - Test Cases/AHI/_include/name: Test Cases/AHI/_include/name

2020-03-24 08:19:23 - [TEST_STEP][PASSED] - driver = getWebDriver(): null

2020-03-24 08:19:23 - [TEST_STEP][PASSED] - selenium = new com.thoughtworks.selenium.webdriven.WebDriverBackedSelenium(driver, internal.GlobalVariable.ENV): null

2020-03-24 08:19:23 - [TEST_STEP][PASSED] - FirstName = "Test-123": null

2020-03-24 08:19:23 - [TEST_STEP][PASSED] - LastName = selenium.getEval("{var x="ABCDEFGHIJKLMNOPQRSTUVWXYZabcdefghijklmnopqrstuvwxyz"; var tmp="ZZ11-"; for (i=0;i<8;i++) tmp+=x.charAt(Math.ceil(51*Math.random()));tmp;}"): null

2020-03-24 08:19:23 - [TEST_STEP][PASSED] - Address = selenium.getEval("{var x="ABCDEFGHIJKLMNOPQRSTUVWXYZabcdefghijklmnopqrstuvwxyz"; var tmp=""; for (i=0;i<8;i++) tmp+=x.charAt(Math.ceil(51*Math.random()));tmp;}"): null

2020-03-24 08:19:23 - [TEST_STEP][PASSED] - City = selenium.getEval("{var x="ABCDEFGHIJKLMNOPQRSTUVWXYZabcdefghijklmnopqrstuvwxyz"; var tmp=""; for (i=0;i<8;i++) tmp+=x.charAt(Math.ceil(51*Math.random()));tmp;}"): null

2020-03-24 08:19:23 - [TEST_STEP][PASSED] - tel1 = selenium.getEval("{var x="123456789"; var tmp=""; for (i=0;i<3;i++) tmp+=x.charAt(Math.ceil(8*Math.random()));tmp;}"): null

2020-03-24 08:19:23 - [TEST_STEP][PASSED] - tel2 = selenium.getEval("{var x="123456789"; var tmp=""; for (i=0;i<3;i++) tmp+=x.charAt(Math.ceil(8*Math.random()));tmp;}"): null

2020-03-24 08:19:23 - [TEST_STEP][PASSED] - tel3 = selenium.getEval("{var x="123456789"; var tmp=""; for (i=0;i<4;i++) tmp+=x.charAt(Math.ceil(8*Math.random()));tmp;}"): null

2020-03-24 08:19:23 - [TEST_STEP][PASSED] - Tel = selenium.getExpression(tel1 + "-" + tel2 + "-" + tel3): null

2020-03-24 08:19:23 - [TEST_STEP][PASSED] - AutoEmail = selenium.getEval("{var x="ABCDEFGHIJKLMNOPQRSTUVWXYZabcdefghijklmnopqrstuvwxyz"; var tmp="test."; for (i=0;i<8;i++) tmp+=x.charAt(Math.ceil(51*Math.random()));tmp+="@suryani.cn";}"): null

2020-03-24 08:19:23 - [TEST_STEP][PASSED] - FirstName = FirstName: null

2020-03-24 08:19:23 - [TEST_STEP][PASSED] - LastName = LastName: null

2020-03-24 08:19:23 - [TEST_STEP][PASSED] - Address = Address: null

2020-03-24 08:19:23 - [TEST_STEP][PASSED] - City = City: null

2020-03-24 08:19:23 - [TEST_STEP][PASSED] - Tel = Tel: null

2020-03-24 08:19:23 - [TEST_STEP][PASSED] - AutoEmail = AutoEmail: null

2020-03-24 08:19:23 - [TEST_STEP][PASSED] - println(FirstName): null

2020-03-24 08:19:23 - [TEST_STEP][PASSED] - println(LastName): null

2020-03-24 08:19:23 - [TEST_STEP][PASSED] - println(Address): null

2020-03-24 08:19:23 - [TEST_STEP][PASSED] - println(City): null

2020-03-24 08:19:24 - [TEST_STEP][PASSED] - println(Tel): null

2020-03-24 08:19:24 - [TEST_STEP][PASSED] - println(AutoEmail): null

2020-03-24 08:19:24 - [MESSAGE][PASSED] - Call Test Case 'Test Cases/AHI/_include/name' successfully

2020-03-24 08:19:24 - [TEST_STEP][PASSED] - setText(findTestObject("mobileSanity/Teladoc/Page_App Page 1/input__member-P-1-firstName"), FirstName): Text 'Test-123' is set on object 'Object Repository/mobileSanity/Teladoc/Page_App Page 1/input__member-P-1-firstName'

2020-03-24 08:19:24 - [MESSAGE][PASSED] - Text 'Test-123' is set on object 'Object Repository/mobileSanity/Teladoc/Page_App Page 1/input__member-P-1-firstName'

2020-03-24 08:19:24 - [TEST_STEP][PASSED] - setText(findTestObject("mobileSanity/Teladoc/Page_App Page 1/input__member-P-1-lastName"), LastName): Text 'ZZ11-qCpWhQxu' is set on object 'Object Repository/mobileSanity/Teladoc/Page_App Page 1/input__member-P-1-lastName'

2020-03-24 08:19:24 - [MESSAGE][PASSED] - Text 'ZZ11-qCpWhQxu' is set on object 'Object Repository/mobileSanity/Teladoc/Page_App Page 1/input__member-P-1-lastName'

2020-03-24 08:19:24 - [TEST_STEP][PASSED] - selectOptionByValue(findTestObject("mobileSanity/Teladoc/Page_App Page 1/select_01020304050607"), "05", true): All options with value '05' are selected in object 'Object Repository/mobileSanity/Teladoc/Page_App Page 1/select_01020304050607'  using regular expression

2020-03-24 08:19:25 - [MESSAGE][PASSED] - All options with value '05' are selected in object 'Object Repository/mobileSanity/Teladoc/Page_App Page 1/select_01020304050607'  using regular expression

2020-03-24 08:19:25 - [TEST_STEP][PASSED] - selectOptionByValue(findTestObject("mobileSanity/Teladoc/Page_App Page 1/select_00102030405060708091011"), "06", true): All options with value '06' are selected in object 'Object Repository/mobileSanity/Teladoc/Page_App Page 1/select_00102030405060708091011'  using regular expression

2020-03-24 08:19:25 - [MESSAGE][PASSED] - All options with value '06' are selected in object 'Object Repository/mobileSanity/Teladoc/Page_App Page 1/select_00102030405060708091011'  using regular expression

2020-03-24 08:19:25 - [TEST_STEP][PASSED] - setText(findTestObject("mobileSanity/Teladoc/Page_App Page 1/input_lbs"), "180"): Text '180' is set on object 'Object Repository/mobileSanity/Teladoc/Page_App Page 1/input_lbs'

2020-03-24 08:19:26 - [MESSAGE][PASSED] - Text '180' is set on object 'Object Repository/mobileSanity/Teladoc/Page_App Page 1/input_lbs'

2020-03-24 08:19:26 - [TEST_STEP][PASSED] - setText(findTestObject("mobileSanity/Teladoc/Page_App Page 1/input__address"), Address): Text 'blfdHRti' is set on object 'Object Repository/mobileSanity/Teladoc/Page_App Page 1/input__address'

2020-03-24 08:19:26 - [MESSAGE][PASSED] - Text 'blfdHRti' is set on object 'Object Repository/mobileSanity/Teladoc/Page_App Page 1/input__address'

2020-03-24 08:19:26 - [TEST_STEP][PASSED] - setText(findTestObject("mobileSanity/Teladoc/Page_App Page 1/input__city"), City): Text 'yvFUHaEt' is set on object 'Object Repository/mobileSanity/Teladoc/Page_App Page 1/input__city'

2020-03-24 08:19:26 - [MESSAGE][PASSED] - Text 'yvFUHaEt' is set on object 'Object Repository/mobileSanity/Teladoc/Page_App Page 1/input__city'

2020-03-24 08:19:26 - [TEST_STEP][PASSED] - setText(findTestObject("mobileSanity/Teladoc/Page_App Page 1/input__email"), AutoEmail): Text 'test.PcYqdmfV@suryani.cn' is set on object 'Object Repository/mobileSanity/Teladoc/Page_App Page 1/input__email'

2020-03-24 08:19:26 - [MESSAGE][PASSED] - Text 'test.PcYqdmfV@suryani.cn' is set on object 'Object Repository/mobileSanity/Teladoc/Page_App Page 1/input__email'

2020-03-24 08:19:26 - [TEST_STEP][PASSED] - setText(findTestObject("mobileSanity/Teladoc/Page_App Page 1/input_phone number"), Tel): Text '323-857-6483' is set on object 'Object Repository/mobileSanity/Teladoc/Page_App Page 1/input_phone number'

2020-03-24 08:19:27 - [MESSAGE][PASSED] - Text '323-857-6483' is set on object 'Object Repository/mobileSanity/Teladoc/Page_App Page 1/input_phone number'

2020-03-24 08:19:27 - [TEST_STEP][PASSED] - Thread.sleep(5000): null

2020-03-24 08:19:32 - [TEST_STEP][PASSED] - click(findTestObject("mobileSanity/Teladoc/Page_App Page 1/a_Continue to Step 2 - Payment")): Object: 'Object Repository/mobileSanity/Teladoc/Page_App Page 1/a_Continue to Step 2 - Payment' is clicked on

2020-03-24 08:19:32 - [MESSAGE][PASSED] - Object: 'Object Repository/mobileSanity/Teladoc/Page_App Page 1/a_Continue to Step 2 - Payment' is clicked on

2020-03-24 08:19:32 - [TEST_STEP][PASSED] - waitForPageLoad(20): Wait for page load successfully

2020-03-24 08:19:32 - [MESSAGE][PASSED] - Wait for page load successfully

2020-03-24 08:19:32 - [TEST_STEP][PASSED] - waitForElementVisible(findTestObject("mobileSanity/Teladoc/Page_App Page 2/input__credit-card-first"), 20): Object 'Object Repository/mobileSanity/Teladoc/Page_App Page 2/input__credit-card-first' is visible

2020-03-24 08:19:32 - [MESSAGE][PASSED] - Object 'Object Repository/mobileSanity/Teladoc/Page_App Page 2/input__credit-card-first' is visible

2020-03-24 08:19:32 - [TEST_STEP][PASSED] - callTestCase(findTestCase("AHI/_include/get_screenshot"), [:], STOP_ON_FAILURE): Call Test Case 'Test Cases/AHI/_include/get_screenshot' successfully

2020-03-24 08:19:33 - [TEST_CASE][PASSED] - Test Cases/AHI/_include/get_screenshot: Test Cases/AHI/_include/get_screenshot

2020-03-24 08:19:33 - [TEST_STEP][PASSED] - Thread.sleep(1000): null

2020-03-24 08:19:34 - [TEST_STEP][PASSED] - takeScreenshot(screenPath + i + ".png"): Taking screenshot successfully

2020-03-24 08:19:34 - [MESSAGE][PASSED] - Taking screenshot successfully
[[ATTACHMENT|D:\\Test\\AgileTest\\Reports\\AHI\\ahi\\20200324_080037\\../Screenshots/iPhone 6/AHI/Teladoc/20200324_081850/4.png]]

2020-03-24 08:19:34 - [TEST_STEP][PASSED] - (internal.GlobalVariable.i++): null

2020-03-24 08:19:34 - [MESSAGE][PASSED] - Call Test Case 'Test Cases/AHI/_include/get_screenshot' successfully

2020-03-24 08:19:34 - [TEST_STEP][PASSED] - setText(findTestObject("mobileSanity/Teladoc/Page_App Page 2/input__credit-card-first"), FirstName): Text 'Test-123' is set on object 'Object Repository/mobileSanity/Teladoc/Page_App Page 2/input__credit-card-first'

2020-03-24 08:19:34 - [MESSAGE][PASSED] - Text 'Test-123' is set on object 'Object Repository/mobileSanity/Teladoc/Page_App Page 2/input__credit-card-first'

2020-03-24 08:19:34 - [TEST_STEP][PASSED] - setText(findTestObject("mobileSanity/Teladoc/Page_App Page 2/input__credit-card-last"), LastName): Text 'ZZ11-qCpWhQxu' is set on object 'Object Repository/mobileSanity/Teladoc/Page_App Page 2/input__credit-card-last'

2020-03-24 08:19:34 - [MESSAGE][PASSED] - Text 'ZZ11-qCpWhQxu' is set on object 'Object Repository/mobileSanity/Teladoc/Page_App Page 2/input__credit-card-last'

2020-03-24 08:19:34 - [TEST_STEP][PASSED] - selectOptionByValue(findTestObject("mobileSanity/Teladoc/Page_App Page 2/select_MM010203040506070809101"), "12", true): All options with value '12' are selected in object 'Object Repository/mobileSanity/Teladoc/Page_App Page 2/select_MM010203040506070809101'  using regular expression

2020-03-24 08:19:35 - [MESSAGE][PASSED] - All options with value '12' are selected in object 'Object Repository/mobileSanity/Teladoc/Page_App Page 2/select_MM010203040506070809101'  using regular expression

2020-03-24 08:19:35 - [TEST_STEP][PASSED] - selectOptionByValue(findTestObject("mobileSanity/Teladoc/Page_App Page 2/select_YYYY2019202020212022202"), "2026", true): All options with value '2026' are selected in object 'Object Repository/mobileSanity/Teladoc/Page_App Page 2/select_YYYY2019202020212022202'  using regular expression

2020-03-24 08:19:36 - [MESSAGE][PASSED] - All options with value '2026' are selected in object 'Object Repository/mobileSanity/Teladoc/Page_App Page 2/select_YYYY2019202020212022202'  using regular expression

2020-03-24 08:19:36 - [TEST_STEP][PASSED] - setText(findTestObject("mobileSanity/Teladoc/Page_App Page 2/input__credit-card-number"), "4111111111111111"): Text '4111111111111111' is set on object 'Object Repository/mobileSanity/Teladoc/Page_App Page 2/input__credit-card-number'

2020-03-24 08:19:36 - [MESSAGE][PASSED] - Text '4111111111111111' is set on object 'Object Repository/mobileSanity/Teladoc/Page_App Page 2/input__credit-card-number'

2020-03-24 08:19:36 - [TEST_STEP][PASSED] - setText(findTestObject("mobileSanity/Teladoc/Page_App Page 2/input__credit-card-cvv"), "122"): Text '122' is set on object 'Object Repository/mobileSanity/Teladoc/Page_App Page 2/input__credit-card-cvv'

2020-03-24 08:19:36 - [MESSAGE][PASSED] - Text '122' is set on object 'Object Repository/mobileSanity/Teladoc/Page_App Page 2/input__credit-card-cvv'

2020-03-24 08:19:36 - [TEST_STEP][PASSED] - click(findTestObject("mobileSanity/Teladoc/Page_App Page 2/label_My billing address is th")): Object: 'Object Repository/mobileSanity/Teladoc/Page_App Page 2/label_My billing address is th' is clicked on

2020-03-24 08:19:36 - [MESSAGE][PASSED] - Object: 'Object Repository/mobileSanity/Teladoc/Page_App Page 2/label_My billing address is th' is clicked on

2020-03-24 08:19:36 - [TEST_STEP][PASSED] - click(findTestObject("mobileSanity/Teladoc/Page_App Page 2/label_I Accept Authorization f")): Object: 'Object Repository/mobileSanity/Teladoc/Page_App Page 2/label_I Accept Authorization f' is clicked on

2020-03-24 08:19:36 - [MESSAGE][PASSED] - Object: 'Object Repository/mobileSanity/Teladoc/Page_App Page 2/label_I Accept Authorization f' is clicked on

2020-03-24 08:19:36 - [TEST_STEP][PASSED] - click(findTestObject("mobileSanity/Teladoc/Page_App Page 2/a_Continue to Step 3 - Review")): Object: 'Object Repository/mobileSanity/Teladoc/Page_App Page 2/a_Continue to Step 3 - Review' is clicked on

2020-03-24 08:19:37 - [MESSAGE][PASSED] - Object: 'Object Repository/mobileSanity/Teladoc/Page_App Page 2/a_Continue to Step 3 - Review' is clicked on

2020-03-24 08:19:37 - [TEST_STEP][PASSED] - waitForPageLoad(20): Wait for page load successfully

2020-03-24 08:19:37 - [MESSAGE][PASSED] - Wait for page load successfully

2020-03-24 08:19:37 - [TEST_STEP][PASSED] - waitForElementPresent(findTestObject("mobileSanity/Teladoc/Page_App Page 3/label"), 20): Object 'Object Repository/mobileSanity/Teladoc/Page_App Page 3/label' is present

2020-03-24 08:19:47 - [MESSAGE][PASSED] - Object 'Object Repository/mobileSanity/Teladoc/Page_App Page 3/label' is present

2020-03-24 08:19:47 - [TEST_STEP][PASSED] - Thread.sleep(5000): null

2020-03-24 08:19:52 - [TEST_STEP][PASSED] - callTestCase(findTestCase("AHI/_include/get_screenshot"), [:], STOP_ON_FAILURE): Call Test Case 'Test Cases/AHI/_include/get_screenshot' successfully

2020-03-24 08:19:52 - [TEST_CASE][PASSED] - Test Cases/AHI/_include/get_screenshot: Test Cases/AHI/_include/get_screenshot

2020-03-24 08:19:52 - [TEST_STEP][PASSED] - Thread.sleep(1000): null

2020-03-24 08:19:53 - [TEST_STEP][PASSED] - takeScreenshot(screenPath + i + ".png"): Taking screenshot successfully

2020-03-24 08:19:54 - [MESSAGE][PASSED] - Taking screenshot successfully
[[ATTACHMENT|D:\\Test\\AgileTest\\Reports\\AHI\\ahi\\20200324_080037\\../Screenshots/iPhone 6/AHI/Teladoc/20200324_081850/5.png]]

2020-03-24 08:19:54 - [TEST_STEP][PASSED] - (internal.GlobalVariable.i++): null

2020-03-24 08:19:54 - [MESSAGE][PASSED] - Call Test Case 'Test Cases/AHI/_include/get_screenshot' successfully

2020-03-24 08:19:54 - [TEST_STEP][PASSED] - scrollToElement(findTestObject("mobileSanity/Teladoc/Page_App Page 3/label"), 10): Scroll to object 'Object Repository/mobileSanity/Teladoc/Page_App Page 3/label' successfully

2020-03-24 08:19:54 - [MESSAGE][PASSED] - Scroll to object 'Object Repository/mobileSanity/Teladoc/Page_App Page 3/label' successfully

2020-03-24 08:19:54 - [TEST_STEP][PASSED] - waitForElementClickable(findTestObject("mobileSanity/Teladoc/Page_App Page 3/label"), 10): Object 'Object Repository/mobileSanity/Teladoc/Page_App Page 3/label' is clickable

2020-03-24 08:19:54 - [MESSAGE][PASSED] - Object 'Object Repository/mobileSanity/Teladoc/Page_App Page 3/label' is clickable

2020-03-24 08:19:54 - [TEST_STEP][PASSED] - click(findTestObject("mobileSanity/Teladoc/Page_App Page 3/label")): Object: 'Object Repository/mobileSanity/Teladoc/Page_App Page 3/label' is clicked on

2020-03-24 08:19:54 - [MESSAGE][PASSED] - Object: 'Object Repository/mobileSanity/Teladoc/Page_App Page 3/label' is clicked on

2020-03-24 08:19:54 - [TEST_STEP][PASSED] - click(findTestObject("mobileSanity/Teladoc/Page_App Page 3/p_")): Object: 'Object Repository/mobileSanity/Teladoc/Page_App Page 3/p_' is clicked on

2020-03-24 08:19:55 - [MESSAGE][PASSED] - Object: 'Object Repository/mobileSanity/Teladoc/Page_App Page 3/p_' is clicked on

2020-03-24 08:19:55 - [TEST_STEP][PASSED] - click(findTestObject("mobileSanity/Teladoc/Page_App Page 3/a_Submit Your Application")): Object: 'Object Repository/mobileSanity/Teladoc/Page_App Page 3/a_Submit Your Application' is clicked on

2020-03-24 08:19:55 - [MESSAGE][PASSED] - Object: 'Object Repository/mobileSanity/Teladoc/Page_App Page 3/a_Submit Your Application' is clicked on

2020-03-24 08:19:55 - [TEST_STEP][PASSED] - waitForElementPresent(findTestObject("mobileSanity/Common/app-confirmation"), 30): Object 'Object Repository/mobileSanity/Common/app-confirmation' is not present after 30 second(s)

2020-03-24 08:20:29 - [MESSAGE][INFO] - Unable to find the element located by 'By.xpath: //*[@id = 'app-confirmation']'. Please recheck the objects properties to make sure the desired element is located. 

2020-03-24 08:20:29 - [MESSAGE][WARNING] - Object 'Object Repository/mobileSanity/Common/app-confirmation' is not present after 30 second(s)

2020-03-24 08:20:29 - [TEST_STEP][PASSED] - callTestCase(findTestCase("AHI/_include/get_screenshot"), [:], STOP_ON_FAILURE): Call Test Case 'Test Cases/AHI/_include/get_screenshot' successfully

2020-03-24 08:20:29 - [TEST_CASE][PASSED] - Test Cases/AHI/_include/get_screenshot: Test Cases/AHI/_include/get_screenshot

2020-03-24 08:20:29 - [TEST_STEP][PASSED] - Thread.sleep(1000): null

2020-03-24 08:20:30 - [TEST_STEP][PASSED] - takeScreenshot(screenPath + i + ".png"): Taking screenshot successfully

2020-03-24 08:20:30 - [MESSAGE][PASSED] - Taking screenshot successfully
[[ATTACHMENT|D:\\Test\\AgileTest\\Reports\\AHI\\ahi\\20200324_080037\\../Screenshots/iPhone 6/AHI/Teladoc/20200324_081850/6.png]]

2020-03-24 08:20:30 - [TEST_STEP][PASSED] - (internal.GlobalVariable.i++): null

2020-03-24 08:20:30 - [MESSAGE][PASSED] - Call Test Case 'Test Cases/AHI/_include/get_screenshot' successfully]]></system-out>
         <system-err><![CDATA[]]></system-err>
      </testcase>
      <system-out><![CDATA[2020-03-24 08:13:09 - [TEST_SUITE][FAILED] - ahi: Test Cases/AHI/NEW/Dental/USA Access FAILED.
Reason:
com.kms.katalon.core.exception.StepFailedException: Unable to click on object 'Object Repository/mobileSanity/Dental/quote/a_Select This Plan' (Root cause: org.openqa.selenium.WebDriverException: unknown error: Element <a href="/dental-insurance/apply/usa-plus-dental-vision-al" class="js-buy-plan quote-plan-buy">...</a> is not clickable at point (187, 467). Other element would receive the click: <button class="quote-filter-collapse-toggle collapsed" data-toggle="collapse" data-target="#js-visionCoverage-collapse" data-parent="#js-filters-form">...</button>
  (Session info: chrome=80.0.3987.149)
  (Driver info: chromedriver=2.43.600210 (68dcf5eebde37173d4027fa8635e332711d2874a),platform=Windows NT 6.3.9600 x86_64) (WARNING: The server did not provide any stacktrace information)
Command duration or timeout: 0 milliseconds
Build info: version: '3.7.1', revision: '8a0099a', time: '2017-11-06T21:07:36.161Z'
System info: host: 'WIN-U215233FMVE', ip: '172.30.0.53', os.name: 'Windows Server 2012 R2', os.arch: 'amd64', os.version: '6.3', java.version: '1.8.0_181'
Driver info: com.kms.katalon.selenium.driver.CChromeDriver
Capabilities {acceptInsecureCerts: false, acceptSslCerts: false, applicationCacheEnabled: false, browserConnectionEnabled: false, browserName: chrome, chrome: {chromedriverVersion: 2.43.600210 (68dcf5eebde371..., userDataDir: C:\Users\ADMINI~1\AppData\L...}, cssSelectorsEnabled: true, databaseEnabled: false, goog:chromeOptions: {debuggerAddress: localhost:59018}, handlesAlerts: true, hasTouchScreen: true, javascriptEnabled: true, locationContextEnabled: true, mobileEmulationEnabled: true, nativeEvents: true, networkConnectionEnabled: false, pageLoadStrategy: normal, platform: XP, platformName: XP, rotatable: false, setWindowRect: true, takesHeapSnapshot: true, takesScreenshot: true, unexpectedAlertBehaviour: , unhandledPromptBehavior: , version: 80.0.3987.149, webStorageEnabled: true}
Session ID: 6512eea229c7c91974d885c1a977576e)
	at com.kms.katalon.core.keyword.internal.KeywordMain.stepFailed(KeywordMain.groovy:36)
	at com.kms.katalon.core.webui.keyword.internal.WebUIKeywordMain.stepFailed(WebUIKeywordMain.groovy:65)
	at com.kms.katalon.core.webui.keyword.internal.WebUIKeywordMain.runKeyword(WebUIKeywordMain.groovy:27)
	at com.kms.katalon.core.webui.keyword.builtin.ClickKeyword.click(ClickKeyword.groovy:86)
	at com.kms.katalon.core.webui.keyword.builtin.ClickKeyword.execute(ClickKeyword.groovy:67)
	at com.kms.katalon.core.keyword.internal.KeywordExecutor.executeKeywordForPlatform(KeywordExecutor.groovy:53)
	at com.kms.katalon.core.webui.keyword.WebUiBuiltInKeywords.click(WebUiBuiltInKeywords.groovy:616)
	at com.kms.katalon.core.webui.keyword.WebUiBuiltInKeywords$click$5.call(Unknown Source)
	at USA Access.run(USA Access:86)
	at com.kms.katalon.core.main.ScriptEngine.run(ScriptEngine.java:194)
	at com.kms.katalon.core.main.ScriptEngine.runScriptAsRawText(ScriptEngine.java:119)
	at com.kms.katalon.core.main.TestCaseExecutor.runScript(TestCaseExecutor.java:328)
	at com.kms.katalon.core.main.TestCaseExecutor.doExecute(TestCaseExecutor.java:319)
	at com.kms.katalon.core.main.TestCaseExecutor.processExecutionPhase(TestCaseExecutor.java:298)
	at com.kms.katalon.core.main.TestCaseExecutor.accessMainPhase(TestCaseExecutor.java:290)
	at com.kms.katalon.core.main.TestCaseExecutor.execute(TestCaseExecutor.java:224)
	at com.kms.katalon.core.main.TestSuiteExecutor.accessTestCaseMainPhase(TestSuiteExecutor.java:129)
	at com.kms.katalon.core.main.TestSuiteExecutor.accessTestSuiteMainPhase(TestSuiteExecutor.java:112)
	at com.kms.katalon.core.main.TestSuiteExecutor.execute(TestSuiteExecutor.java:81)
	at com.kms.katalon.core.main.TestCaseMain.startTestSuite(TestCaseMain.java:149)
	at com.kms.katalon.core.main.TestCaseMain$startTestSuite$0.call(Unknown Source)
	at TempTestSuite1585051237493.run(TempTestSuite1585051237493.groovy:36)]]></system-out>
      <system-err><![CDATA[2020-03-24 08:13:09 - [TEST_SUITE][FAILED] - ahi: Test Cases/AHI/NEW/Dental/USA Access FAILED.
Reason:
com.kms.katalon.core.exception.StepFailedException: Unable to click on object 'Object Repository/mobileSanity/Dental/quote/a_Select This Plan' (Root cause: org.openqa.selenium.WebDriverException: unknown error: Element <a href="/dental-insurance/apply/usa-plus-dental-vision-al" class="js-buy-plan quote-plan-buy">...</a> is not clickable at point (187, 467). Other element would receive the click: <button class="quote-filter-collapse-toggle collapsed" data-toggle="collapse" data-target="#js-visionCoverage-collapse" data-parent="#js-filters-form">...</button>
  (Session info: chrome=80.0.3987.149)
  (Driver info: chromedriver=2.43.600210 (68dcf5eebde37173d4027fa8635e332711d2874a),platform=Windows NT 6.3.9600 x86_64) (WARNING: The server did not provide any stacktrace information)
Command duration or timeout: 0 milliseconds
Build info: version: '3.7.1', revision: '8a0099a', time: '2017-11-06T21:07:36.161Z'
System info: host: 'WIN-U215233FMVE', ip: '172.30.0.53', os.name: 'Windows Server 2012 R2', os.arch: 'amd64', os.version: '6.3', java.version: '1.8.0_181'
Driver info: com.kms.katalon.selenium.driver.CChromeDriver
Capabilities {acceptInsecureCerts: false, acceptSslCerts: false, applicationCacheEnabled: false, browserConnectionEnabled: false, browserName: chrome, chrome: {chromedriverVersion: 2.43.600210 (68dcf5eebde371..., userDataDir: C:\Users\ADMINI~1\AppData\L...}, cssSelectorsEnabled: true, databaseEnabled: false, goog:chromeOptions: {debuggerAddress: localhost:59018}, handlesAlerts: true, hasTouchScreen: true, javascriptEnabled: true, locationContextEnabled: true, mobileEmulationEnabled: true, nativeEvents: true, networkConnectionEnabled: false, pageLoadStrategy: normal, platform: XP, platformName: XP, rotatable: false, setWindowRect: true, takesHeapSnapshot: true, takesScreenshot: true, unexpectedAlertBehaviour: , unhandledPromptBehavior: , version: 80.0.3987.149, webStorageEnabled: true}
Session ID: 6512eea229c7c91974d885c1a977576e)
	at com.kms.katalon.core.keyword.internal.KeywordMain.stepFailed(KeywordMain.groovy:36)
	at com.kms.katalon.core.webui.keyword.internal.WebUIKeywordMain.stepFailed(WebUIKeywordMain.groovy:65)
	at com.kms.katalon.core.webui.keyword.internal.WebUIKeywordMain.runKeyword(WebUIKeywordMain.groovy:27)
	at com.kms.katalon.core.webui.keyword.builtin.ClickKeyword.click(ClickKeyword.groovy:86)
	at com.kms.katalon.core.webui.keyword.builtin.ClickKeyword.execute(ClickKeyword.groovy:67)
	at com.kms.katalon.core.keyword.internal.KeywordExecutor.executeKeywordForPlatform(KeywordExecutor.groovy:53)
	at com.kms.katalon.core.webui.keyword.WebUiBuiltInKeywords.click(WebUiBuiltInKeywords.groovy:616)
	at com.kms.katalon.core.webui.keyword.WebUiBuiltInKeywords$click$5.call(Unknown Source)
	at USA Access.run(USA Access:86)
	at com.kms.katalon.core.main.ScriptEngine.run(ScriptEngine.java:194)
	at com.kms.katalon.core.main.ScriptEngine.runScriptAsRawText(ScriptEngine.java:119)
	at com.kms.katalon.core.main.TestCaseExecutor.runScript(TestCaseExecutor.java:328)
	at com.kms.katalon.core.main.TestCaseExecutor.doExecute(TestCaseExecutor.java:319)
	at com.kms.katalon.core.main.TestCaseExecutor.processExecutionPhase(TestCaseExecutor.java:298)
	at com.kms.katalon.core.main.TestCaseExecutor.accessMainPhase(TestCaseExecutor.java:290)
	at com.kms.katalon.core.main.TestCaseExecutor.execute(TestCaseExecutor.java:224)
	at com.kms.katalon.core.main.TestSuiteExecutor.accessTestCaseMainPhase(TestSuiteExecutor.java:129)
	at com.kms.katalon.core.main.TestSuiteExecutor.accessTestSuiteMainPhase(TestSuiteExecutor.java:112)
	at com.kms.katalon.core.main.TestSuiteExecutor.execute(TestSuiteExecutor.java:81)
	at com.kms.katalon.core.main.TestCaseMain.startTestSuite(TestCaseMain.java:149)
	at com.kms.katalon.core.main.TestCaseMain$startTestSuite$0.call(Unknown Source)
	at TempTestSuite1585051237493.run(TempTestSuite1585051237493.groovy:36)]]></system-err>
   </testsuite>
</testsuites>
