<?xml version="1.0" encoding="UTF-8"?>
<testsuites name="hbi" time="527" tests="5" failures="0" errors="0">
   <testsuite name="hbi" tests="5" failures="0" errors="0" time="527" timestamp="2019-12-31 08:14:05" hostname="Administrator - 172.30.0.53" id="Test Suites/AHI/hbi">
      <properties>
         <property name="deviceName" value=""/>
         <property name="devicePlatform" value=""/>
         <property name="logFolder" value="D:\\Test\\AgileTest\\Reports\\AHI\\hbi\\20191231_080029"/>
         <property name="logFiles" value="D:\\Test\\AgileTest\\Reports\\AHI\\hbi\\20191231_080029\\execution0.log"/>
         <property name="attachments" value="D:\\Test\\AgileTest\\Reports\\AHI\\hbi\\20191231_080029\\../Screenshots/iPhone 6/hbi/Legion Limited Medical/20191231_081406/0.png, D:\\Test\\AgileTest\\Reports\\AHI\\hbi\\20191231_080029\\../Screenshots/iPhone 6/hbi/Legion Limited Medical/20191231_081406/1.png, D:\\Test\\AgileTest\\Reports\\AHI\\hbi\\20191231_080029\\../Screenshots/iPhone 6/hbi/Legion Limited Medical/20191231_081406/2.png, D:\\Test\\AgileTest\\Reports\\AHI\\hbi\\20191231_080029\\../Screenshots/iPhone 6/hbi/Legion Limited Medical/20191231_081406/3.png, D:\\Test\\AgileTest\\Reports\\AHI\\hbi\\20191231_080029\\../Screenshots/iPhone 6/hbi/Legion Limited Medical/20191231_081406/4.png, D:\\Test\\AgileTest\\Reports\\AHI\\hbi\\20191231_080029\\../Screenshots/iPhone 6/hbi/Legion Limited Medical/20191231_081406/5.png, D:\\Test\\AgileTest\\Reports\\AHI\\hbi\\20191231_080029\\../Screenshots/iPhone 6/hbi/Legion Limited Medical/20191231_081406/6.png, D:\\Test\\AgileTest\\Reports\\AHI\\hbi\\20191231_080029\\../Screenshots/iPhone 6/hbi/Legion Limited Medical/20191231_081406/7.png, D:\\Test\\AgileTest\\Reports\\AHI\\hbi\\20191231_080029\\../Screenshots/iPhone 6/hbi/Legion Limited Medical/20191231_081406/8.png, D:\\Test\\AgileTest\\Reports\\AHI\\hbi\\20191231_080029\\../Screenshots/iPhone 6/hbi/Legion Limited Medical/20191231_081406/9.png, D:\\Test\\AgileTest\\Reports\\AHI\\hbi\\20191231_080029\\../Screenshots/iPhone 6/hbi/Core Shield/20191231_081548/0.png, D:\\Test\\AgileTest\\Reports\\AHI\\hbi\\20191231_080029\\../Screenshots/iPhone 6/hbi/Core Shield/20191231_081548/1.png, D:\\Test\\AgileTest\\Reports\\AHI\\hbi\\20191231_080029\\../Screenshots/iPhone 6/hbi/Core Shield/20191231_081548/2.png, D:\\Test\\AgileTest\\Reports\\AHI\\hbi\\20191231_080029\\../Screenshots/iPhone 6/hbi/Core Shield/20191231_081548/3.png, D:\\Test\\AgileTest\\Reports\\AHI\\hbi\\20191231_080029\\../Screenshots/iPhone 6/hbi/Core Shield/20191231_081548/4.png, D:\\Test\\AgileTest\\Reports\\AHI\\hbi\\20191231_080029\\../Screenshots/iPhone 6/hbi/Core Shield/20191231_081548/5.png, D:\\Test\\AgileTest\\Reports\\AHI\\hbi\\20191231_080029\\../Screenshots/iPhone 6/hbi/Core Shield/20191231_081548/6.png, D:\\Test\\AgileTest\\Reports\\AHI\\hbi\\20191231_080029\\../Screenshots/iPhone 6/hbi/Core Shield/20191231_081548/7.png, D:\\Test\\AgileTest\\Reports\\AHI\\hbi\\20191231_080029\\../Screenshots/iPhone 6/hbi/Core Shield/20191231_081548/8.png, D:\\Test\\AgileTest\\Reports\\AHI\\hbi\\20191231_080029\\../Screenshots/iPhone 6/hbi/Core Shield/20191231_081548/9.png, D:\\Test\\AgileTest\\Reports\\AHI\\hbi\\20191231_080029\\../Screenshots/iPhone 6/hbi/Fixed Cash Benefit/20191231_081730/0.png, D:\\Test\\AgileTest\\Reports\\AHI\\hbi\\20191231_080029\\../Screenshots/iPhone 6/hbi/Fixed Cash Benefit/20191231_081730/1.png, D:\\Test\\AgileTest\\Reports\\AHI\\hbi\\20191231_080029\\../Screenshots/iPhone 6/hbi/Fixed Cash Benefit/20191231_081730/2.png, D:\\Test\\AgileTest\\Reports\\AHI\\hbi\\20191231_080029\\../Screenshots/iPhone 6/hbi/Fixed Cash Benefit/20191231_081730/3.png, D:\\Test\\AgileTest\\Reports\\AHI\\hbi\\20191231_080029\\../Screenshots/iPhone 6/hbi/Fixed Cash Benefit/20191231_081730/4.png, D:\\Test\\AgileTest\\Reports\\AHI\\hbi\\20191231_080029\\../Screenshots/iPhone 6/hbi/Fixed Cash Benefit/20191231_081730/5.png, D:\\Test\\AgileTest\\Reports\\AHI\\hbi\\20191231_080029\\../Screenshots/iPhone 6/hbi/Fixed Cash Benefit/20191231_081730/6.png, D:\\Test\\AgileTest\\Reports\\AHI\\hbi\\20191231_080029\\../Screenshots/iPhone 6/hbi/Fixed Cash Benefit/20191231_081730/7.png, D:\\Test\\AgileTest\\Reports\\AHI\\hbi\\20191231_080029\\../Screenshots/iPhone 6/hbi/Fixed Cash Benefit/20191231_081730/8.png, D:\\Test\\AgileTest\\Reports\\AHI\\hbi\\20191231_080029\\../Screenshots/iPhone 6/hbi/Fixed Cash Benefit/20191231_081730/9.png, D:\\Test\\AgileTest\\Reports\\AHI\\hbi\\20191231_080029\\../Screenshots/iPhone 6/hbi/Health Choice/20191231_081917/0.png, D:\\Test\\AgileTest\\Reports\\AHI\\hbi\\20191231_080029\\../Screenshots/iPhone 6/hbi/Health Choice/20191231_081917/1.png, D:\\Test\\AgileTest\\Reports\\AHI\\hbi\\20191231_080029\\../Screenshots/iPhone 6/hbi/Health Choice/20191231_081917/2.png, D:\\Test\\AgileTest\\Reports\\AHI\\hbi\\20191231_080029\\../Screenshots/iPhone 6/hbi/Health Choice/20191231_081917/3.png, D:\\Test\\AgileTest\\Reports\\AHI\\hbi\\20191231_080029\\../Screenshots/iPhone 6/hbi/Health Choice/20191231_081917/4.png, D:\\Test\\AgileTest\\Reports\\AHI\\hbi\\20191231_080029\\../Screenshots/iPhone 6/hbi/Health Choice/20191231_081917/5.png, D:\\Test\\AgileTest\\Reports\\AHI\\hbi\\20191231_080029\\../Screenshots/iPhone 6/hbi/Health Choice/20191231_081917/6.png, D:\\Test\\AgileTest\\Reports\\AHI\\hbi\\20191231_080029\\../Screenshots/iPhone 6/hbi/Health Choice/20191231_081917/7.png, D:\\Test\\AgileTest\\Reports\\AHI\\hbi\\20191231_080029\\../Screenshots/iPhone 6/hbi/Health Choice/20191231_081917/8.png, D:\\Test\\AgileTest\\Reports\\AHI\\hbi\\20191231_080029\\../Screenshots/iPhone 6/hbi/Health Choice/20191231_081917/9.png, D:\\Test\\AgileTest\\Reports\\AHI\\hbi\\20191231_080029\\../Screenshots/iPhone 6/hbi/Vitala Care/20191231_082104/0.png, D:\\Test\\AgileTest\\Reports\\AHI\\hbi\\20191231_080029\\../Screenshots/iPhone 6/hbi/Vitala Care/20191231_082104/1.png, D:\\Test\\AgileTest\\Reports\\AHI\\hbi\\20191231_080029\\../Screenshots/iPhone 6/hbi/Vitala Care/20191231_082104/2.png, D:\\Test\\AgileTest\\Reports\\AHI\\hbi\\20191231_080029\\../Screenshots/iPhone 6/hbi/Vitala Care/20191231_082104/3.png, D:\\Test\\AgileTest\\Reports\\AHI\\hbi\\20191231_080029\\../Screenshots/iPhone 6/hbi/Vitala Care/20191231_082104/4.png, D:\\Test\\AgileTest\\Reports\\AHI\\hbi\\20191231_080029\\../Screenshots/iPhone 6/hbi/Vitala Care/20191231_082104/5.png, D:\\Test\\AgileTest\\Reports\\AHI\\hbi\\20191231_080029\\../Screenshots/iPhone 6/hbi/Vitala Care/20191231_082104/6.png, D:\\Test\\AgileTest\\Reports\\AHI\\hbi\\20191231_080029\\../Screenshots/iPhone 6/hbi/Vitala Care/20191231_082104/7.png, D:\\Test\\AgileTest\\Reports\\AHI\\hbi\\20191231_080029\\../Screenshots/iPhone 6/hbi/Vitala Care/20191231_082104/8.png, D:\\Test\\AgileTest\\Reports\\AHI\\hbi\\20191231_080029\\../Screenshots/iPhone 6/hbi/Vitala Care/20191231_082104/9.png, D:\\Test\\AgileTest\\Reports\\AHI\\hbi\\20191231_080029\\../Screenshots/iPhone 6/hbi/Vitala Care/20191231_082104/10.png"/>
         <property name="hostName" value="Administrator - 172.30.0.53"/>
         <property name="os" value="Windows Server 2012 R2 64bit"/>
         <property name="katalonVersion" value="5.10.1.1"/>
         <property name="browser" value="Safari 11"/>
         <property name="hostAddress" value="172.30.0.53"/>
         <property name="sessionId" value="31772f5390ce7d2b99e963bc8c1baa65"/>
         <property name="seleniumVersion" value="3.7.1"/>
         <property name="proxyInformation" value="ProxyInformation{proxyOption=NO_PROXY, proxyServerType=HTTP, password=, proxyServerAddress=, proxyServerPort=0}"/>
         <property name="platform" value="Windows Server 2012 R2"/>
      </properties>
      <testcase name="Test Cases/AHI/HBI/Legion Limited Medical" classname="Test Cases/AHI/HBI/Legion Limited Medical" status="PASSED">
         <system-out><![CDATA[2019-12-31 08:14:05 - [TEST_CASE][PASSED] - Test Cases/AHI/HBI/Legion Limited Medical: Test Cases/AHI/HBI/Legion Limited Medical

2019-12-31 08:14:06 - [TEST_STEP][PASSED] - callTestCase(findTestCase("AHI/_include/get_screenPath"), ["productLine":"hbi", "carrierName":"Legion Limited Medical"], CONTINUE_ON_FAILURE): Call Test Case 'Test Cases/AHI/_include/get_screenPath' successfully

2019-12-31 08:14:06 - [TEST_CASE][PASSED] - Test Cases/AHI/_include/get_screenPath: Test Cases/AHI/_include/get_screenPath

2019-12-31 08:14:06 - [TEST_STEP][PASSED] - m = getExecutionProperties(): null

2019-12-31 08:14:06 - [TEST_STEP][PASSED] - deviceName = get("mobileEmulation").get("deviceName"): null

2019-12-31 08:14:06 - [TEST_STEP][PASSED] - println(deviceName): null

2019-12-31 08:14:06 - [TEST_STEP][PASSED] - now = new java.util.Date(): null

2019-12-31 08:14:06 - [TEST_STEP][PASSED] - mydate = now.format("yyyyMMdd_HHmmss"): null

2019-12-31 08:14:06 - [TEST_STEP][PASSED] - screenPath = "../Screenshots/": null

2019-12-31 08:14:06 - [TEST_STEP][PASSED] - screenPath = screenPath + deviceName + "/" + productLine + "/" + carrierName + "/" + mydate + "/": null

2019-12-31 08:14:06 - [TEST_STEP][PASSED] - println(screenPath): null

2019-12-31 08:14:06 - [MESSAGE][PASSED] - Call Test Case 'Test Cases/AHI/_include/get_screenPath' successfully

2019-12-31 08:14:06 - [TEST_STEP][PASSED] - i = 0: null

2019-12-31 08:14:06 - [TEST_STEP][PASSED] - callTestCase(findTestCase("AHI/_include/openWebSite"), [:], CONTINUE_ON_FAILURE): Call Test Case 'Test Cases/AHI/_include/openWebSite' successfully

2019-12-31 08:14:07 - [TEST_CASE][PASSED] - Test Cases/AHI/_include/openWebSite: Test Cases/AHI/_include/openWebSite

2019-12-31 08:14:07 - [TEST_STEP][PASSED] - openBrowser(env): Browser is opened with url: 'https://praetemptatus.agilehealthinsurance.com'

2019-12-31 08:14:08 - [MESSAGE][INFO] - Starting 'Chrome' driver

2019-12-31 08:14:08 - [MESSAGE][INFO] - User set preference: ['mobileEmulation', '{deviceName=iPhone 6}']

2019-12-31 08:14:08 - [MESSAGE][INFO] - User set preference: ['args', '[--incognito, --aggressive-cache-discard, --window-size=375,677, --no-sandbox]']

2019-12-31 08:14:08 - [MESSAGE][INFO] - Action delay is set to 0 seconds

2019-12-31 08:14:14 - [MESSAGE][PASSED] - Browser is opened with url: 'https://praetemptatus.agilehealthinsurance.com'

2019-12-31 08:14:14 - [TEST_STEP][PASSED] - waitForPageLoad(20): Wait for page load successfully

2019-12-31 08:14:16 - [MESSAGE][PASSED] - Wait for page load successfully

2019-12-31 08:14:16 - [TEST_STEP][PASSED] - callTestCase(findTestCase("AHI/_include/get_screenshot"), [:], STOP_ON_FAILURE): Call Test Case 'Test Cases/AHI/_include/get_screenshot' successfully

2019-12-31 08:14:17 - [TEST_CASE][PASSED] - Test Cases/AHI/_include/get_screenshot: Test Cases/AHI/_include/get_screenshot

2019-12-31 08:14:17 - [TEST_STEP][PASSED] - takeScreenshot(screenPath + i + ".png"): Taking screenshot successfully

2019-12-31 08:14:18 - [MESSAGE][PASSED] - Taking screenshot successfully
[[ATTACHMENT|D:\\Test\\AgileTest\\Reports\\AHI\\hbi\\20191231_080029\\../Screenshots/iPhone 6/hbi/Legion Limited Medical/20191231_081406/0.png]]

2019-12-31 08:14:18 - [TEST_STEP][PASSED] - (internal.GlobalVariable.i++): null

2019-12-31 08:14:18 - [MESSAGE][PASSED] - Call Test Case 'Test Cases/AHI/_include/get_screenshot' successfully

2019-12-31 08:14:18 - [MESSAGE][PASSED] - Call Test Case 'Test Cases/AHI/_include/openWebSite' successfully

2019-12-31 08:14:18 - [TEST_STEP][PASSED] - callTestCase(findTestCase("AHI/_include/census_hbi"), [:], CONTINUE_ON_FAILURE): Call Test Case 'Test Cases/AHI/_include/census_hbi' successfully

2019-12-31 08:14:18 - [TEST_CASE][PASSED] - Test Cases/AHI/_include/census_hbi: Test Cases/AHI/_include/census_hbi

2019-12-31 08:14:18 - [TEST_STEP][PASSED] - click(findTestObject("mobileSanity/Common/side_nav/menu")): Object: 'Object Repository/mobileSanity/Common/side_nav/menu' is clicked on

2019-12-31 08:14:18 - [MESSAGE][PASSED] - Object: 'Object Repository/mobileSanity/Common/side_nav/menu' is clicked on

2019-12-31 08:14:18 - [TEST_STEP][PASSED] - Thread.sleep(3000): null

2019-12-31 08:14:21 - [TEST_STEP][PASSED] - callTestCase(findTestCase("AHI/_include/get_screenshot"), [:], STOP_ON_FAILURE): Call Test Case 'Test Cases/AHI/_include/get_screenshot' successfully

2019-12-31 08:14:21 - [TEST_CASE][PASSED] - Test Cases/AHI/_include/get_screenshot: Test Cases/AHI/_include/get_screenshot

2019-12-31 08:14:21 - [TEST_STEP][PASSED] - takeScreenshot(screenPath + i + ".png"): Taking screenshot successfully

2019-12-31 08:14:21 - [MESSAGE][PASSED] - Taking screenshot successfully
[[ATTACHMENT|D:\\Test\\AgileTest\\Reports\\AHI\\hbi\\20191231_080029\\../Screenshots/iPhone 6/hbi/Legion Limited Medical/20191231_081406/1.png]]

2019-12-31 08:14:21 - [TEST_STEP][PASSED] - (internal.GlobalVariable.i++): null

2019-12-31 08:14:21 - [MESSAGE][PASSED] - Call Test Case 'Test Cases/AHI/_include/get_screenshot' successfully

2019-12-31 08:14:21 - [TEST_STEP][PASSED] - click(findTestObject("mobileSanity/Common/side_nav/nav_hbi")): Object: 'Object Repository/mobileSanity/Common/side_nav/nav_hbi' is clicked on

2019-12-31 08:14:23 - [MESSAGE][PASSED] - Object: 'Object Repository/mobileSanity/Common/side_nav/nav_hbi' is clicked on

2019-12-31 08:14:23 - [TEST_STEP][PASSED] - waitForPageLoad(10): Wait for page load successfully

2019-12-31 08:14:24 - [MESSAGE][PASSED] - Wait for page load successfully

2019-12-31 08:14:24 - [TEST_STEP][PASSED] - Thread.sleep(3000): null

2019-12-31 08:14:27 - [TEST_STEP][PASSED] - callTestCase(findTestCase("AHI/_include/get_screenshot"), [:], STOP_ON_FAILURE): Call Test Case 'Test Cases/AHI/_include/get_screenshot' successfully

2019-12-31 08:14:27 - [TEST_CASE][PASSED] - Test Cases/AHI/_include/get_screenshot: Test Cases/AHI/_include/get_screenshot

2019-12-31 08:14:27 - [TEST_STEP][PASSED] - takeScreenshot(screenPath + i + ".png"): Taking screenshot successfully

2019-12-31 08:14:28 - [MESSAGE][PASSED] - Taking screenshot successfully
[[ATTACHMENT|D:\\Test\\AgileTest\\Reports\\AHI\\hbi\\20191231_080029\\../Screenshots/iPhone 6/hbi/Legion Limited Medical/20191231_081406/2.png]]

2019-12-31 08:14:28 - [TEST_STEP][PASSED] - (internal.GlobalVariable.i++): null

2019-12-31 08:14:28 - [MESSAGE][PASSED] - Call Test Case 'Test Cases/AHI/_include/get_screenshot' successfully

2019-12-31 08:14:28 - [TEST_STEP][PASSED] - setText(findTestObject("mobileSanity/HBI/census/input_Location_zip-input"), zipcode): Text '35215' is set on object 'Object Repository/mobileSanity/HBI/census/input_Location_zip-input'

2019-12-31 08:14:28 - [MESSAGE][PASSED] - Text '35215' is set on object 'Object Repository/mobileSanity/HBI/census/input_Location_zip-input'

2019-12-31 08:14:28 - [TEST_STEP][PASSED] - Thread.sleep(500): null

2019-12-31 08:14:28 - [TEST_STEP][PASSED] - setText(findTestObject("mobileSanity/HBI/census/input_Date of Birth_dob-0"), "12121980"): Text '12121980' is set on object 'Object Repository/mobileSanity/HBI/census/input_Date of Birth_dob-0'

2019-12-31 08:14:28 - [MESSAGE][PASSED] - Text '12121980' is set on object 'Object Repository/mobileSanity/HBI/census/input_Date of Birth_dob-0'

2019-12-31 08:14:28 - [TEST_STEP][PASSED] - click(findTestObject("mobileSanity/HBI/census/label_Male")): Object: 'Object Repository/mobileSanity/HBI/census/label_Male' is clicked on

2019-12-31 08:14:28 - [MESSAGE][PASSED] - Object: 'Object Repository/mobileSanity/HBI/census/label_Male' is clicked on

2019-12-31 08:14:28 - [TEST_STEP][PASSED] - click(findTestObject("mobileSanity/HBI/census/label_Get a Quote")): Object: 'Object Repository/mobileSanity/HBI/census/label_Get a Quote' is clicked on

2019-12-31 08:14:30 - [MESSAGE][PASSED] - Object: 'Object Repository/mobileSanity/HBI/census/label_Get a Quote' is clicked on

2019-12-31 08:14:30 - [TEST_STEP][PASSED] - waitForPageLoad(20): Wait for page load successfully

2019-12-31 08:14:30 - [MESSAGE][PASSED] - Wait for page load successfully

2019-12-31 08:14:30 - [TEST_STEP][PASSED] - Thread.sleep(3000): null

2019-12-31 08:14:33 - [TEST_STEP][PASSED] - callTestCase(findTestCase("AHI/_include/check_quoteleadform"), [:], STOP_ON_FAILURE): Call Test Case 'Test Cases/AHI/_include/check_quoteleadform' successfully

2019-12-31 08:14:33 - [TEST_CASE][PASSED] - Test Cases/AHI/_include/check_quoteleadform: Test Cases/AHI/_include/check_quoteleadform

2019-12-31 08:14:33 - [TEST_STEP][PASSED] - callTestCase(findTestCase("AHI/_include/name"), [:], CONTINUE_ON_FAILURE): Call Test Case 'Test Cases/AHI/_include/name' successfully

2019-12-31 08:14:34 - [TEST_CASE][PASSED] - Test Cases/AHI/_include/name: Test Cases/AHI/_include/name

2019-12-31 08:14:34 - [TEST_STEP][PASSED] - driver = getWebDriver(): null

2019-12-31 08:14:34 - [TEST_STEP][PASSED] - selenium = new com.thoughtworks.selenium.webdriven.WebDriverBackedSelenium(driver, internal.GlobalVariable.ENV): null

2019-12-31 08:14:34 - [TEST_STEP][PASSED] - FirstName = "Test-123": null

2019-12-31 08:14:34 - [TEST_STEP][PASSED] - LastName = selenium.getEval("{var x="ABCDEFGHIJKLMNOPQRSTUVWXYZabcdefghijklmnopqrstuvwxyz"; var tmp="ZZ11-"; for (i=0;i<8;i++) tmp+=x.charAt(Math.ceil(51*Math.random()));tmp;}"): null

2019-12-31 08:14:34 - [TEST_STEP][PASSED] - Address = selenium.getEval("{var x="ABCDEFGHIJKLMNOPQRSTUVWXYZabcdefghijklmnopqrstuvwxyz"; var tmp=""; for (i=0;i<8;i++) tmp+=x.charAt(Math.ceil(51*Math.random()));tmp;}"): null

2019-12-31 08:14:34 - [TEST_STEP][PASSED] - City = selenium.getEval("{var x="ABCDEFGHIJKLMNOPQRSTUVWXYZabcdefghijklmnopqrstuvwxyz"; var tmp=""; for (i=0;i<8;i++) tmp+=x.charAt(Math.ceil(51*Math.random()));tmp;}"): null

2019-12-31 08:14:34 - [TEST_STEP][PASSED] - tel1 = selenium.getEval("{var x="123456789"; var tmp=""; for (i=0;i<3;i++) tmp+=x.charAt(Math.ceil(8*Math.random()));tmp;}"): null

2019-12-31 08:14:34 - [TEST_STEP][PASSED] - tel2 = selenium.getEval("{var x="123456789"; var tmp=""; for (i=0;i<3;i++) tmp+=x.charAt(Math.ceil(8*Math.random()));tmp;}"): null

2019-12-31 08:14:34 - [TEST_STEP][PASSED] - tel3 = selenium.getEval("{var x="123456789"; var tmp=""; for (i=0;i<4;i++) tmp+=x.charAt(Math.ceil(8*Math.random()));tmp;}"): null

2019-12-31 08:14:34 - [TEST_STEP][PASSED] - Tel = selenium.getExpression(tel1 + "-" + tel2 + "-" + tel3): null

2019-12-31 08:14:34 - [TEST_STEP][PASSED] - AutoEmail = selenium.getEval("{var x="ABCDEFGHIJKLMNOPQRSTUVWXYZabcdefghijklmnopqrstuvwxyz"; var tmp="test."; for (i=0;i<8;i++) tmp+=x.charAt(Math.ceil(51*Math.random()));tmp+="@suryani.cn";}"): null

2019-12-31 08:14:34 - [TEST_STEP][PASSED] - FirstName = FirstName: null

2019-12-31 08:14:34 - [TEST_STEP][PASSED] - LastName = LastName: null

2019-12-31 08:14:34 - [TEST_STEP][PASSED] - Address = Address: null

2019-12-31 08:14:34 - [TEST_STEP][PASSED] - City = City: null

2019-12-31 08:14:34 - [TEST_STEP][PASSED] - Tel = Tel: null

2019-12-31 08:14:34 - [TEST_STEP][PASSED] - AutoEmail = AutoEmail: null

2019-12-31 08:14:34 - [TEST_STEP][PASSED] - println(FirstName): null

2019-12-31 08:14:34 - [TEST_STEP][PASSED] - println(LastName): null

2019-12-31 08:14:34 - [TEST_STEP][PASSED] - println(Address): null

2019-12-31 08:14:34 - [TEST_STEP][PASSED] - println(City): null

2019-12-31 08:14:34 - [TEST_STEP][PASSED] - println(Tel): null

2019-12-31 08:14:34 - [TEST_STEP][PASSED] - println(AutoEmail): null

2019-12-31 08:14:34 - [MESSAGE][PASSED] - Call Test Case 'Test Cases/AHI/_include/name' successfully

2019-12-31 08:14:34 - [TEST_STEP][PASSED] - leadform_exist = test.MobileKeywords.isElementPresent_Web(findTestObject("mobileSanity/quote lead form/lead_form"), 20): test.MobileKeywords.isElementPresent_Web is PASSED

2019-12-31 08:14:34 - [MESSAGE][PASSED] - test.MobileKeywords.isElementPresent_Web is PASSED

2019-12-31 08:14:34 - [TEST_STEP][PASSED] - if (leadform_exist): null

2019-12-31 08:14:34 - [TEST_STEP][PASSED] - setText(findTestObject("mobileSanity/quote lead form/first"), FirstName): Text 'Test-123' is set on object 'Object Repository/mobileSanity/quote lead form/first'

2019-12-31 08:14:34 - [MESSAGE][PASSED] - Text 'Test-123' is set on object 'Object Repository/mobileSanity/quote lead form/first'

2019-12-31 08:14:34 - [TEST_STEP][PASSED] - setText(findTestObject("mobileSanity/quote lead form/last"), LastName): Text 'ZZ11-XYqwuFXi' is set on object 'Object Repository/mobileSanity/quote lead form/last'

2019-12-31 08:14:35 - [MESSAGE][PASSED] - Text 'ZZ11-XYqwuFXi' is set on object 'Object Repository/mobileSanity/quote lead form/last'

2019-12-31 08:14:35 - [TEST_STEP][PASSED] - setText(findTestObject("mobileSanity/quote lead form/email"), AutoEmail): Text 'test.ThQTEBMJ@suryani.cn' is set on object 'Object Repository/mobileSanity/quote lead form/email'

2019-12-31 08:14:35 - [MESSAGE][PASSED] - Text 'test.ThQTEBMJ@suryani.cn' is set on object 'Object Repository/mobileSanity/quote lead form/email'

2019-12-31 08:14:35 - [TEST_STEP][PASSED] - setText(findTestObject("mobileSanity/quote lead form/phone"), Tel): Text '568-638-6482' is set on object 'Object Repository/mobileSanity/quote lead form/phone'

2019-12-31 08:14:35 - [MESSAGE][PASSED] - Text '568-638-6482' is set on object 'Object Repository/mobileSanity/quote lead form/phone'

2019-12-31 08:14:35 - [TEST_STEP][PASSED] - click(findTestObject("mobileSanity/quote lead form/submit")): Object: 'Object Repository/mobileSanity/quote lead form/submit' is clicked on

2019-12-31 08:14:35 - [MESSAGE][PASSED] - Object: 'Object Repository/mobileSanity/quote lead form/submit' is clicked on

2019-12-31 08:14:35 - [TEST_STEP][PASSED] - Thread.sleep(3000): null

2019-12-31 08:14:38 - [MESSAGE][PASSED] - Call Test Case 'Test Cases/AHI/_include/check_quoteleadform' successfully

2019-12-31 08:14:38 - [TEST_STEP][PASSED] - callTestCase(findTestCase("AHI/_include/get_screenshot"), [:], STOP_ON_FAILURE): Call Test Case 'Test Cases/AHI/_include/get_screenshot' successfully

2019-12-31 08:14:38 - [TEST_CASE][PASSED] - Test Cases/AHI/_include/get_screenshot: Test Cases/AHI/_include/get_screenshot

2019-12-31 08:14:38 - [TEST_STEP][PASSED] - takeScreenshot(screenPath + i + ".png"): Taking screenshot successfully

2019-12-31 08:14:39 - [MESSAGE][PASSED] - Taking screenshot successfully
[[ATTACHMENT|D:\\Test\\AgileTest\\Reports\\AHI\\hbi\\20191231_080029\\../Screenshots/iPhone 6/hbi/Legion Limited Medical/20191231_081406/3.png]]

2019-12-31 08:14:39 - [TEST_STEP][PASSED] - (internal.GlobalVariable.i++): null

2019-12-31 08:14:39 - [MESSAGE][PASSED] - Call Test Case 'Test Cases/AHI/_include/get_screenshot' successfully

2019-12-31 08:14:39 - [MESSAGE][PASSED] - Call Test Case 'Test Cases/AHI/_include/census_hbi' successfully

2019-12-31 08:14:39 - [TEST_STEP][PASSED] - click(findTestObject("mobileSanity/HBI/quote/a_Legion Limited Medical 500")): Object: 'Object Repository/mobileSanity/HBI/quote/a_Legion Limited Medical 500' is clicked on

2019-12-31 08:14:40 - [MESSAGE][PASSED] - Object: 'Object Repository/mobileSanity/HBI/quote/a_Legion Limited Medical 500' is clicked on

2019-12-31 08:14:40 - [TEST_STEP][PASSED] - waitForPageLoad(20): Wait for page load successfully

2019-12-31 08:14:41 - [MESSAGE][PASSED] - Wait for page load successfully

2019-12-31 08:14:41 - [TEST_STEP][PASSED] - callTestCase(findTestCase("AHI/_include/get_screenshot"), [:], STOP_ON_FAILURE): Call Test Case 'Test Cases/AHI/_include/get_screenshot' successfully

2019-12-31 08:14:41 - [TEST_CASE][PASSED] - Test Cases/AHI/_include/get_screenshot: Test Cases/AHI/_include/get_screenshot

2019-12-31 08:14:41 - [TEST_STEP][PASSED] - takeScreenshot(screenPath + i + ".png"): Taking screenshot successfully

2019-12-31 08:14:42 - [MESSAGE][PASSED] - Taking screenshot successfully
[[ATTACHMENT|D:\\Test\\AgileTest\\Reports\\AHI\\hbi\\20191231_080029\\../Screenshots/iPhone 6/hbi/Legion Limited Medical/20191231_081406/4.png]]

2019-12-31 08:14:42 - [TEST_STEP][PASSED] - (internal.GlobalVariable.i++): null

2019-12-31 08:14:42 - [MESSAGE][PASSED] - Call Test Case 'Test Cases/AHI/_include/get_screenshot' successfully

2019-12-31 08:14:42 - [TEST_STEP][PASSED] - click(findTestObject("mobileSanity/HBI/detail/a_Apply for This Plan")): Object: 'Object Repository/mobileSanity/HBI/detail/a_Apply for This Plan' is clicked on

2019-12-31 08:14:42 - [MESSAGE][PASSED] - Object: 'Object Repository/mobileSanity/HBI/detail/a_Apply for This Plan' is clicked on

2019-12-31 08:14:42 - [TEST_STEP][PASSED] - waitForPageLoad(20): Wait for page load successfully

2019-12-31 08:14:42 - [MESSAGE][PASSED] - Wait for page load successfully

2019-12-31 08:14:42 - [TEST_STEP][PASSED] - callTestCase(findTestCase("AHI/_include/get_screenshot"), [:], STOP_ON_FAILURE): Call Test Case 'Test Cases/AHI/_include/get_screenshot' successfully

2019-12-31 08:14:42 - [TEST_CASE][PASSED] - Test Cases/AHI/_include/get_screenshot: Test Cases/AHI/_include/get_screenshot

2019-12-31 08:14:42 - [TEST_STEP][PASSED] - takeScreenshot(screenPath + i + ".png"): Taking screenshot successfully

2019-12-31 08:14:43 - [MESSAGE][PASSED] - Taking screenshot successfully
[[ATTACHMENT|D:\\Test\\AgileTest\\Reports\\AHI\\hbi\\20191231_080029\\../Screenshots/iPhone 6/hbi/Legion Limited Medical/20191231_081406/5.png]]

2019-12-31 08:14:43 - [TEST_STEP][PASSED] - (internal.GlobalVariable.i++): null

2019-12-31 08:14:43 - [MESSAGE][PASSED] - Call Test Case 'Test Cases/AHI/_include/get_screenshot' successfully

2019-12-31 08:14:43 - [TEST_STEP][PASSED] - click(findTestObject("mobileSanity/HBI/Page_Apply/span_Start Secure Application")): Object: 'Object Repository/mobileSanity/HBI/Page_Apply/span_Start Secure Application' is clicked on

2019-12-31 08:14:44 - [MESSAGE][PASSED] - Object: 'Object Repository/mobileSanity/HBI/Page_Apply/span_Start Secure Application' is clicked on

2019-12-31 08:14:44 - [TEST_STEP][PASSED] - waitForPageLoad(20): Wait for page load successfully

2019-12-31 08:14:44 - [MESSAGE][PASSED] - Wait for page load successfully

2019-12-31 08:14:44 - [TEST_STEP][PASSED] - Thread.sleep(5000): null

2019-12-31 08:14:49 - [TEST_STEP][PASSED] - callTestCase(findTestCase("AHI/_include/get_screenshot"), [:], STOP_ON_FAILURE): Call Test Case 'Test Cases/AHI/_include/get_screenshot' successfully

2019-12-31 08:14:50 - [TEST_CASE][PASSED] - Test Cases/AHI/_include/get_screenshot: Test Cases/AHI/_include/get_screenshot

2019-12-31 08:14:50 - [TEST_STEP][PASSED] - takeScreenshot(screenPath + i + ".png"): Taking screenshot successfully

2019-12-31 08:14:50 - [MESSAGE][PASSED] - Taking screenshot successfully
[[ATTACHMENT|D:\\Test\\AgileTest\\Reports\\AHI\\hbi\\20191231_080029\\../Screenshots/iPhone 6/hbi/Legion Limited Medical/20191231_081406/6.png]]

2019-12-31 08:14:50 - [TEST_STEP][PASSED] - (internal.GlobalVariable.i++): null

2019-12-31 08:14:50 - [MESSAGE][PASSED] - Call Test Case 'Test Cases/AHI/_include/get_screenshot' successfully

2019-12-31 08:14:50 - [TEST_STEP][PASSED] - callTestCase(findTestCase("AHI/_include/goToEnd_hbi"), ["carrier":"legionlimitedmedical"], CONTINUE_ON_FAILURE): Call Test Case 'Test Cases/AHI/_include/goToEnd_hbi' successfully

2019-12-31 08:14:50 - [TEST_CASE][PASSED] - Test Cases/AHI/_include/goToEnd_hbi: Test Cases/AHI/_include/goToEnd_hbi

2019-12-31 08:14:50 - [TEST_STEP][PASSED] - if (state == "ca"): null

2019-12-31 08:14:50 - [TEST_STEP][PASSED] - callTestCase(findTestCase("AHI/_include/name"), [:], CONTINUE_ON_FAILURE): Call Test Case 'Test Cases/AHI/_include/name' successfully

2019-12-31 08:14:50 - [TEST_CASE][PASSED] - Test Cases/AHI/_include/name: Test Cases/AHI/_include/name

2019-12-31 08:14:50 - [TEST_STEP][PASSED] - driver = getWebDriver(): null

2019-12-31 08:14:50 - [TEST_STEP][PASSED] - selenium = new com.thoughtworks.selenium.webdriven.WebDriverBackedSelenium(driver, internal.GlobalVariable.ENV): null

2019-12-31 08:14:50 - [TEST_STEP][PASSED] - FirstName = "Test-123": null

2019-12-31 08:14:50 - [TEST_STEP][PASSED] - LastName = selenium.getEval("{var x="ABCDEFGHIJKLMNOPQRSTUVWXYZabcdefghijklmnopqrstuvwxyz"; var tmp="ZZ11-"; for (i=0;i<8;i++) tmp+=x.charAt(Math.ceil(51*Math.random()));tmp;}"): null

2019-12-31 08:14:50 - [TEST_STEP][PASSED] - Address = selenium.getEval("{var x="ABCDEFGHIJKLMNOPQRSTUVWXYZabcdefghijklmnopqrstuvwxyz"; var tmp=""; for (i=0;i<8;i++) tmp+=x.charAt(Math.ceil(51*Math.random()));tmp;}"): null

2019-12-31 08:14:50 - [TEST_STEP][PASSED] - City = selenium.getEval("{var x="ABCDEFGHIJKLMNOPQRSTUVWXYZabcdefghijklmnopqrstuvwxyz"; var tmp=""; for (i=0;i<8;i++) tmp+=x.charAt(Math.ceil(51*Math.random()));tmp;}"): null

2019-12-31 08:14:50 - [TEST_STEP][PASSED] - tel1 = selenium.getEval("{var x="123456789"; var tmp=""; for (i=0;i<3;i++) tmp+=x.charAt(Math.ceil(8*Math.random()));tmp;}"): null

2019-12-31 08:14:50 - [TEST_STEP][PASSED] - tel2 = selenium.getEval("{var x="123456789"; var tmp=""; for (i=0;i<3;i++) tmp+=x.charAt(Math.ceil(8*Math.random()));tmp;}"): null

2019-12-31 08:14:50 - [TEST_STEP][PASSED] - tel3 = selenium.getEval("{var x="123456789"; var tmp=""; for (i=0;i<4;i++) tmp+=x.charAt(Math.ceil(8*Math.random()));tmp;}"): null

2019-12-31 08:14:50 - [TEST_STEP][PASSED] - Tel = selenium.getExpression(tel1 + "-" + tel2 + "-" + tel3): null

2019-12-31 08:14:50 - [TEST_STEP][PASSED] - AutoEmail = selenium.getEval("{var x="ABCDEFGHIJKLMNOPQRSTUVWXYZabcdefghijklmnopqrstuvwxyz"; var tmp="test."; for (i=0;i<8;i++) tmp+=x.charAt(Math.ceil(51*Math.random()));tmp+="@suryani.cn";}"): null

2019-12-31 08:14:50 - [TEST_STEP][PASSED] - FirstName = FirstName: null

2019-12-31 08:14:50 - [TEST_STEP][PASSED] - LastName = LastName: null

2019-12-31 08:14:50 - [TEST_STEP][PASSED] - Address = Address: null

2019-12-31 08:14:50 - [TEST_STEP][PASSED] - City = City: null

2019-12-31 08:14:50 - [TEST_STEP][PASSED] - Tel = Tel: null

2019-12-31 08:14:50 - [TEST_STEP][PASSED] - AutoEmail = AutoEmail: null

2019-12-31 08:14:50 - [TEST_STEP][PASSED] - println(FirstName): null

2019-12-31 08:14:50 - [TEST_STEP][PASSED] - println(LastName): null

2019-12-31 08:14:50 - [TEST_STEP][PASSED] - println(Address): null

2019-12-31 08:14:50 - [TEST_STEP][PASSED] - println(City): null

2019-12-31 08:14:50 - [TEST_STEP][PASSED] - println(Tel): null

2019-12-31 08:14:50 - [TEST_STEP][PASSED] - println(AutoEmail): null

2019-12-31 08:14:50 - [MESSAGE][PASSED] - Call Test Case 'Test Cases/AHI/_include/name' successfully

2019-12-31 08:14:50 - [TEST_STEP][PASSED] - setText(findTestObject("mobileSanity/HBI/Page_App Page 1/input__member-P-1-firstName"), FirstName): Text 'Test-123' is set on object 'Object Repository/mobileSanity/HBI/Page_App Page 1/input__member-P-1-firstName'

2019-12-31 08:14:51 - [MESSAGE][PASSED] - Text 'Test-123' is set on object 'Object Repository/mobileSanity/HBI/Page_App Page 1/input__member-P-1-firstName'

2019-12-31 08:14:51 - [TEST_STEP][PASSED] - setText(findTestObject("mobileSanity/HBI/Page_App Page 1/input__member-P-1-lastName"), LastName): Text 'ZZ11-qDwyRtBz' is set on object 'Object Repository/mobileSanity/HBI/Page_App Page 1/input__member-P-1-lastName'

2019-12-31 08:14:51 - [MESSAGE][PASSED] - Text 'ZZ11-qDwyRtBz' is set on object 'Object Repository/mobileSanity/HBI/Page_App Page 1/input__member-P-1-lastName'

2019-12-31 08:14:51 - [TEST_STEP][PASSED] - if (carrier == "agileone" || carrier == "agilesecure"): null

2019-12-31 08:14:51 - [TEST_STEP][PASSED] - setText(findTestObject("mobileSanity/HBI/Page_App Page 1/input__address"), Address): Text 'nVTeiftx' is set on object 'Object Repository/mobileSanity/HBI/Page_App Page 1/input__address'

2019-12-31 08:14:51 - [MESSAGE][PASSED] - Text 'nVTeiftx' is set on object 'Object Repository/mobileSanity/HBI/Page_App Page 1/input__address'

2019-12-31 08:14:51 - [TEST_STEP][PASSED] - setText(findTestObject("mobileSanity/HBI/Page_App Page 1/input__city"), City): Text 'ZmTGPgFL' is set on object 'Object Repository/mobileSanity/HBI/Page_App Page 1/input__city'

2019-12-31 08:14:51 - [MESSAGE][PASSED] - Text 'ZmTGPgFL' is set on object 'Object Repository/mobileSanity/HBI/Page_App Page 1/input__city'

2019-12-31 08:14:51 - [TEST_STEP][PASSED] - setText(findTestObject("mobileSanity/HBI/Page_App Page 1/input__email"), AutoEmail): Text 'test.TBmRkohb@suryani.cn' is set on object 'Object Repository/mobileSanity/HBI/Page_App Page 1/input__email'

2019-12-31 08:14:51 - [MESSAGE][PASSED] - Text 'test.TBmRkohb@suryani.cn' is set on object 'Object Repository/mobileSanity/HBI/Page_App Page 1/input__email'

2019-12-31 08:14:51 - [TEST_STEP][PASSED] - setText(findTestObject("mobileSanity/HBI/Page_App Page 1/input_tel"), Tel): Text '776-868-9978' is set on object 'Object Repository/mobileSanity/HBI/Page_App Page 1/input_tel'

2019-12-31 08:14:52 - [MESSAGE][PASSED] - Text '776-868-9978' is set on object 'Object Repository/mobileSanity/HBI/Page_App Page 1/input_tel'

2019-12-31 08:14:52 - [TEST_STEP][PASSED] - Thread.sleep(5000): null

2019-12-31 08:14:57 - [TEST_STEP][PASSED] - click(findTestObject("mobileSanity/HBI/Page_App Page 1/a_Continue to Step 2 - Payment")): Object: 'Object Repository/mobileSanity/HBI/Page_App Page 1/a_Continue to Step 2 - Payment' is clicked on

2019-12-31 08:14:57 - [MESSAGE][PASSED] - Object: 'Object Repository/mobileSanity/HBI/Page_App Page 1/a_Continue to Step 2 - Payment' is clicked on

2019-12-31 08:14:57 - [TEST_STEP][PASSED] - waitForPageLoad(20): Wait for page load successfully

2019-12-31 08:14:58 - [MESSAGE][PASSED] - Wait for page load successfully

2019-12-31 08:14:58 - [TEST_STEP][PASSED] - Thread.sleep(2000): null

2019-12-31 08:15:00 - [TEST_STEP][PASSED] - waitForElementVisible(findTestObject("mobileSanity/HBI/Page_App Page 2/input__credit-card-first"), 20): Object 'Object Repository/mobileSanity/HBI/Page_App Page 2/input__credit-card-first' is visible

2019-12-31 08:15:00 - [MESSAGE][PASSED] - Object 'Object Repository/mobileSanity/HBI/Page_App Page 2/input__credit-card-first' is visible

2019-12-31 08:15:00 - [TEST_STEP][PASSED] - callTestCase(findTestCase("AHI/_include/get_screenshot"), [:], STOP_ON_FAILURE): Call Test Case 'Test Cases/AHI/_include/get_screenshot' successfully

2019-12-31 08:15:00 - [TEST_CASE][PASSED] - Test Cases/AHI/_include/get_screenshot: Test Cases/AHI/_include/get_screenshot

2019-12-31 08:15:00 - [TEST_STEP][PASSED] - takeScreenshot(screenPath + i + ".png"): Taking screenshot successfully

2019-12-31 08:15:01 - [MESSAGE][PASSED] - Taking screenshot successfully
[[ATTACHMENT|D:\\Test\\AgileTest\\Reports\\AHI\\hbi\\20191231_080029\\../Screenshots/iPhone 6/hbi/Legion Limited Medical/20191231_081406/7.png]]

2019-12-31 08:15:01 - [TEST_STEP][PASSED] - (internal.GlobalVariable.i++): null

2019-12-31 08:15:01 - [MESSAGE][PASSED] - Call Test Case 'Test Cases/AHI/_include/get_screenshot' successfully

2019-12-31 08:15:01 - [TEST_STEP][PASSED] - setText(findTestObject("mobileSanity/HBI/Page_App Page 2/input__credit-card-first"), FirstName): Text 'Test-123' is set on object 'Object Repository/mobileSanity/HBI/Page_App Page 2/input__credit-card-first'

2019-12-31 08:15:01 - [MESSAGE][PASSED] - Text 'Test-123' is set on object 'Object Repository/mobileSanity/HBI/Page_App Page 2/input__credit-card-first'

2019-12-31 08:15:01 - [TEST_STEP][PASSED] - setText(findTestObject("mobileSanity/HBI/Page_App Page 2/input__credit-card-last"), LastName): Text 'ZZ11-qDwyRtBz' is set on object 'Object Repository/mobileSanity/HBI/Page_App Page 2/input__credit-card-last'

2019-12-31 08:15:01 - [MESSAGE][PASSED] - Text 'ZZ11-qDwyRtBz' is set on object 'Object Repository/mobileSanity/HBI/Page_App Page 2/input__credit-card-last'

2019-12-31 08:15:01 - [TEST_STEP][PASSED] - selectOptionByValue(findTestObject("mobileSanity/HBI/Page_App Page 2/select_MM010203040506070809101"), "12", true): All options with value '12' are selected in object 'Object Repository/mobileSanity/HBI/Page_App Page 2/select_MM010203040506070809101'  using regular expression

2019-12-31 08:15:02 - [MESSAGE][PASSED] - All options with value '12' are selected in object 'Object Repository/mobileSanity/HBI/Page_App Page 2/select_MM010203040506070809101'  using regular expression

2019-12-31 08:15:02 - [TEST_STEP][PASSED] - selectOptionByValue(findTestObject("mobileSanity/HBI/Page_App Page 2/select_YYYY2019202020212022202"), "2026", true): All options with value '2026' are selected in object 'Object Repository/mobileSanity/HBI/Page_App Page 2/select_YYYY2019202020212022202'  using regular expression

2019-12-31 08:15:03 - [MESSAGE][PASSED] - All options with value '2026' are selected in object 'Object Repository/mobileSanity/HBI/Page_App Page 2/select_YYYY2019202020212022202'  using regular expression

2019-12-31 08:15:03 - [TEST_STEP][PASSED] - setText(findTestObject("mobileSanity/HBI/Page_App Page 2/input__credit-card-number"), "4111111111111111"): Text '4111111111111111' is set on object 'Object Repository/mobileSanity/HBI/Page_App Page 2/input__credit-card-number'

2019-12-31 08:15:03 - [MESSAGE][PASSED] - Text '4111111111111111' is set on object 'Object Repository/mobileSanity/HBI/Page_App Page 2/input__credit-card-number'

2019-12-31 08:15:03 - [TEST_STEP][PASSED] - setText(findTestObject("mobileSanity/HBI/Page_App Page 2/input__cvv"), "123"): Text '123' is set on object 'Object Repository/mobileSanity/HBI/Page_App Page 2/input__cvv'

2019-12-31 08:15:04 - [MESSAGE][PASSED] - Text '123' is set on object 'Object Repository/mobileSanity/HBI/Page_App Page 2/input__cvv'

2019-12-31 08:15:04 - [TEST_STEP][PASSED] - click(findTestObject("mobileSanity/HBI/Page_App Page 2/label_My billing address is th")): Object: 'Object Repository/mobileSanity/HBI/Page_App Page 2/label_My billing address is th' is clicked on

2019-12-31 08:15:04 - [MESSAGE][PASSED] - Object: 'Object Repository/mobileSanity/HBI/Page_App Page 2/label_My billing address is th' is clicked on

2019-12-31 08:15:04 - [TEST_STEP][PASSED] - click(findTestObject("mobileSanity/HBI/Page_App Page 2/label_I Accept Authorization f")): Object: 'Object Repository/mobileSanity/HBI/Page_App Page 2/label_I Accept Authorization f' is clicked on

2019-12-31 08:15:04 - [MESSAGE][PASSED] - Object: 'Object Repository/mobileSanity/HBI/Page_App Page 2/label_I Accept Authorization f' is clicked on

2019-12-31 08:15:04 - [TEST_STEP][PASSED] - click(findTestObject("mobileSanity/HBI/Page_App Page 2/a_Continue to Step 3 - Review")): Object: 'Object Repository/mobileSanity/HBI/Page_App Page 2/a_Continue to Step 3 - Review' is clicked on

2019-12-31 08:15:05 - [MESSAGE][PASSED] - Object: 'Object Repository/mobileSanity/HBI/Page_App Page 2/a_Continue to Step 3 - Review' is clicked on

2019-12-31 08:15:05 - [TEST_STEP][PASSED] - waitForPageLoad(20): Wait for page load successfully

2019-12-31 08:15:07 - [MESSAGE][PASSED] - Wait for page load successfully

2019-12-31 08:15:07 - [TEST_STEP][PASSED] - Thread.sleep(10000): null

2019-12-31 08:15:17 - [TEST_STEP][PASSED] - waitForElementPresent(findTestObject("mobileSanity/HBI/Page_App Page 3/label"), 20): Object 'Object Repository/mobileSanity/HBI/Page_App Page 3/label' is present

2019-12-31 08:15:17 - [MESSAGE][PASSED] - Object 'Object Repository/mobileSanity/HBI/Page_App Page 3/label' is present

2019-12-31 08:15:17 - [TEST_STEP][PASSED] - callTestCase(findTestCase("AHI/_include/get_screenshot"), [:], STOP_ON_FAILURE): Call Test Case 'Test Cases/AHI/_include/get_screenshot' successfully

2019-12-31 08:15:17 - [TEST_CASE][PASSED] - Test Cases/AHI/_include/get_screenshot: Test Cases/AHI/_include/get_screenshot

2019-12-31 08:15:17 - [TEST_STEP][PASSED] - takeScreenshot(screenPath + i + ".png"): Taking screenshot successfully

2019-12-31 08:15:17 - [MESSAGE][PASSED] - Taking screenshot successfully
[[ATTACHMENT|D:\\Test\\AgileTest\\Reports\\AHI\\hbi\\20191231_080029\\../Screenshots/iPhone 6/hbi/Legion Limited Medical/20191231_081406/8.png]]

2019-12-31 08:15:17 - [TEST_STEP][PASSED] - (internal.GlobalVariable.i++): null

2019-12-31 08:15:17 - [MESSAGE][PASSED] - Call Test Case 'Test Cases/AHI/_include/get_screenshot' successfully

2019-12-31 08:15:17 - [TEST_STEP][PASSED] - click(findTestObject("mobileSanity/HBI/Page_App Page 3/label")): Object: 'Object Repository/mobileSanity/HBI/Page_App Page 3/label' is clicked on

2019-12-31 08:15:17 - [MESSAGE][PASSED] - Object: 'Object Repository/mobileSanity/HBI/Page_App Page 3/label' is clicked on

2019-12-31 08:15:17 - [TEST_STEP][PASSED] - click(findTestObject("mobileSanity/HBI/Page_App Page 3/p_CLICK TO SIGN")): Object: 'Object Repository/mobileSanity/HBI/Page_App Page 3/p_CLICK TO SIGN' is clicked on

2019-12-31 08:15:17 - [MESSAGE][PASSED] - Object: 'Object Repository/mobileSanity/HBI/Page_App Page 3/p_CLICK TO SIGN' is clicked on

2019-12-31 08:15:17 - [TEST_STEP][PASSED] - click(findTestObject("mobileSanity/HBI/Page_App Page 3/a_Submit Your Application")): Object: 'Object Repository/mobileSanity/HBI/Page_App Page 3/a_Submit Your Application' is clicked on

2019-12-31 08:15:17 - [MESSAGE][PASSED] - Object: 'Object Repository/mobileSanity/HBI/Page_App Page 3/a_Submit Your Application' is clicked on

2019-12-31 08:15:17 - [TEST_STEP][PASSED] - Thread.sleep(30000): null

2019-12-31 08:15:47 - [TEST_STEP][PASSED] - callTestCase(findTestCase("AHI/_include/get_screenshot"), [:], STOP_ON_FAILURE): Call Test Case 'Test Cases/AHI/_include/get_screenshot' successfully

2019-12-31 08:15:47 - [TEST_CASE][PASSED] - Test Cases/AHI/_include/get_screenshot: Test Cases/AHI/_include/get_screenshot

2019-12-31 08:15:47 - [TEST_STEP][PASSED] - takeScreenshot(screenPath + i + ".png"): Taking screenshot successfully

2019-12-31 08:15:48 - [MESSAGE][PASSED] - Taking screenshot successfully
[[ATTACHMENT|D:\\Test\\AgileTest\\Reports\\AHI\\hbi\\20191231_080029\\../Screenshots/iPhone 6/hbi/Legion Limited Medical/20191231_081406/9.png]]

2019-12-31 08:15:48 - [TEST_STEP][PASSED] - (internal.GlobalVariable.i++): null

2019-12-31 08:15:48 - [MESSAGE][PASSED] - Call Test Case 'Test Cases/AHI/_include/get_screenshot' successfully

2019-12-31 08:15:48 - [TEST_STEP][PASSED] - verifyTextPresent("Congratulations", false): Text 'Congratulations' is present on page 

2019-12-31 08:15:48 - [MESSAGE][PASSED] - Text 'Congratulations' is present on page 

2019-12-31 08:15:48 - [MESSAGE][PASSED] - Call Test Case 'Test Cases/AHI/_include/goToEnd_hbi' successfully]]></system-out>
         <system-err><![CDATA[]]></system-err>
      </testcase>
      <testcase name="Test Cases/AHI/HBI/Core Shield" classname="Test Cases/AHI/HBI/Core Shield" status="PASSED">
         <system-out><![CDATA[2019-12-31 08:15:48 - [TEST_CASE][PASSED] - Test Cases/AHI/HBI/Core Shield: Test Cases/AHI/HBI/Core Shield

2019-12-31 08:15:48 - [TEST_STEP][PASSED] - callTestCase(findTestCase("AHI/_include/get_screenPath"), ["productLine":"hbi", "carrierName":"Core Shield"], CONTINUE_ON_FAILURE): Call Test Case 'Test Cases/AHI/_include/get_screenPath' successfully

2019-12-31 08:15:48 - [TEST_CASE][PASSED] - Test Cases/AHI/_include/get_screenPath: Test Cases/AHI/_include/get_screenPath

2019-12-31 08:15:48 - [TEST_STEP][PASSED] - m = getExecutionProperties(): null

2019-12-31 08:15:48 - [TEST_STEP][PASSED] - deviceName = get("mobileEmulation").get("deviceName"): null

2019-12-31 08:15:48 - [TEST_STEP][PASSED] - println(deviceName): null

2019-12-31 08:15:48 - [TEST_STEP][PASSED] - now = new java.util.Date(): null

2019-12-31 08:15:48 - [TEST_STEP][PASSED] - mydate = now.format("yyyyMMdd_HHmmss"): null

2019-12-31 08:15:48 - [TEST_STEP][PASSED] - screenPath = "../Screenshots/": null

2019-12-31 08:15:48 - [TEST_STEP][PASSED] - screenPath = screenPath + deviceName + "/" + productLine + "/" + carrierName + "/" + mydate + "/": null

2019-12-31 08:15:48 - [TEST_STEP][PASSED] - println(screenPath): null

2019-12-31 08:15:48 - [MESSAGE][PASSED] - Call Test Case 'Test Cases/AHI/_include/get_screenPath' successfully

2019-12-31 08:15:48 - [TEST_STEP][PASSED] - i = 0: null

2019-12-31 08:15:48 - [TEST_STEP][PASSED] - callTestCase(findTestCase("AHI/_include/openWebSite"), [:], CONTINUE_ON_FAILURE): Call Test Case 'Test Cases/AHI/_include/openWebSite' successfully

2019-12-31 08:15:48 - [TEST_CASE][PASSED] - Test Cases/AHI/_include/openWebSite: Test Cases/AHI/_include/openWebSite

2019-12-31 08:15:48 - [TEST_STEP][PASSED] - openBrowser(env): Browser is opened with url: 'https://praetemptatus.agilehealthinsurance.com'

2019-12-31 08:15:48 - [MESSAGE][WARNING] - A browser is already opened. Closing browser and opening a new one

2019-12-31 08:15:50 - [MESSAGE][INFO] - Starting 'Chrome' driver

2019-12-31 08:15:50 - [MESSAGE][INFO] - User set preference: ['mobileEmulation', '{deviceName=iPhone 6}']

2019-12-31 08:15:50 - [MESSAGE][INFO] - User set preference: ['args', '[--incognito, --aggressive-cache-discard, --window-size=375,677, --no-sandbox]']

2019-12-31 08:15:55 - [MESSAGE][PASSED] - Browser is opened with url: 'https://praetemptatus.agilehealthinsurance.com'

2019-12-31 08:15:55 - [TEST_STEP][PASSED] - waitForPageLoad(20): Wait for page load successfully

2019-12-31 08:15:56 - [MESSAGE][PASSED] - Wait for page load successfully

2019-12-31 08:15:56 - [TEST_STEP][PASSED] - callTestCase(findTestCase("AHI/_include/get_screenshot"), [:], STOP_ON_FAILURE): Call Test Case 'Test Cases/AHI/_include/get_screenshot' successfully

2019-12-31 08:15:56 - [TEST_CASE][PASSED] - Test Cases/AHI/_include/get_screenshot: Test Cases/AHI/_include/get_screenshot

2019-12-31 08:15:56 - [TEST_STEP][PASSED] - takeScreenshot(screenPath + i + ".png"): Taking screenshot successfully

2019-12-31 08:15:58 - [MESSAGE][PASSED] - Taking screenshot successfully
[[ATTACHMENT|D:\\Test\\AgileTest\\Reports\\AHI\\hbi\\20191231_080029\\../Screenshots/iPhone 6/hbi/Core Shield/20191231_081548/0.png]]

2019-12-31 08:15:58 - [TEST_STEP][PASSED] - (internal.GlobalVariable.i++): null

2019-12-31 08:15:58 - [MESSAGE][PASSED] - Call Test Case 'Test Cases/AHI/_include/get_screenshot' successfully

2019-12-31 08:15:58 - [MESSAGE][PASSED] - Call Test Case 'Test Cases/AHI/_include/openWebSite' successfully

2019-12-31 08:15:58 - [TEST_STEP][PASSED] - callTestCase(findTestCase("AHI/_include/census_hbi"), [:], CONTINUE_ON_FAILURE): Call Test Case 'Test Cases/AHI/_include/census_hbi' successfully

2019-12-31 08:15:58 - [TEST_CASE][PASSED] - Test Cases/AHI/_include/census_hbi: Test Cases/AHI/_include/census_hbi

2019-12-31 08:15:58 - [TEST_STEP][PASSED] - click(findTestObject("mobileSanity/Common/side_nav/menu")): Object: 'Object Repository/mobileSanity/Common/side_nav/menu' is clicked on

2019-12-31 08:15:59 - [MESSAGE][PASSED] - Object: 'Object Repository/mobileSanity/Common/side_nav/menu' is clicked on

2019-12-31 08:15:59 - [TEST_STEP][PASSED] - Thread.sleep(3000): null

2019-12-31 08:16:02 - [TEST_STEP][PASSED] - callTestCase(findTestCase("AHI/_include/get_screenshot"), [:], STOP_ON_FAILURE): Call Test Case 'Test Cases/AHI/_include/get_screenshot' successfully

2019-12-31 08:16:02 - [TEST_CASE][PASSED] - Test Cases/AHI/_include/get_screenshot: Test Cases/AHI/_include/get_screenshot

2019-12-31 08:16:02 - [TEST_STEP][PASSED] - takeScreenshot(screenPath + i + ".png"): Taking screenshot successfully

2019-12-31 08:16:02 - [MESSAGE][PASSED] - Taking screenshot successfully
[[ATTACHMENT|D:\\Test\\AgileTest\\Reports\\AHI\\hbi\\20191231_080029\\../Screenshots/iPhone 6/hbi/Core Shield/20191231_081548/1.png]]

2019-12-31 08:16:02 - [TEST_STEP][PASSED] - (internal.GlobalVariable.i++): null

2019-12-31 08:16:02 - [MESSAGE][PASSED] - Call Test Case 'Test Cases/AHI/_include/get_screenshot' successfully

2019-12-31 08:16:02 - [TEST_STEP][PASSED] - click(findTestObject("mobileSanity/Common/side_nav/nav_hbi")): Object: 'Object Repository/mobileSanity/Common/side_nav/nav_hbi' is clicked on

2019-12-31 08:16:03 - [MESSAGE][PASSED] - Object: 'Object Repository/mobileSanity/Common/side_nav/nav_hbi' is clicked on

2019-12-31 08:16:03 - [TEST_STEP][PASSED] - waitForPageLoad(10): Wait for page load successfully

2019-12-31 08:16:04 - [MESSAGE][PASSED] - Wait for page load successfully

2019-12-31 08:16:04 - [TEST_STEP][PASSED] - Thread.sleep(3000): null

2019-12-31 08:16:07 - [TEST_STEP][PASSED] - callTestCase(findTestCase("AHI/_include/get_screenshot"), [:], STOP_ON_FAILURE): Call Test Case 'Test Cases/AHI/_include/get_screenshot' successfully

2019-12-31 08:16:08 - [TEST_CASE][PASSED] - Test Cases/AHI/_include/get_screenshot: Test Cases/AHI/_include/get_screenshot

2019-12-31 08:16:08 - [TEST_STEP][PASSED] - takeScreenshot(screenPath + i + ".png"): Taking screenshot successfully

2019-12-31 08:16:08 - [MESSAGE][PASSED] - Taking screenshot successfully
[[ATTACHMENT|D:\\Test\\AgileTest\\Reports\\AHI\\hbi\\20191231_080029\\../Screenshots/iPhone 6/hbi/Core Shield/20191231_081548/2.png]]

2019-12-31 08:16:08 - [TEST_STEP][PASSED] - (internal.GlobalVariable.i++): null

2019-12-31 08:16:08 - [MESSAGE][PASSED] - Call Test Case 'Test Cases/AHI/_include/get_screenshot' successfully

2019-12-31 08:16:08 - [TEST_STEP][PASSED] - setText(findTestObject("mobileSanity/HBI/census/input_Location_zip-input"), zipcode): Text '35215' is set on object 'Object Repository/mobileSanity/HBI/census/input_Location_zip-input'

2019-12-31 08:16:09 - [MESSAGE][PASSED] - Text '35215' is set on object 'Object Repository/mobileSanity/HBI/census/input_Location_zip-input'

2019-12-31 08:16:09 - [TEST_STEP][PASSED] - Thread.sleep(500): null

2019-12-31 08:16:10 - [TEST_STEP][PASSED] - setText(findTestObject("mobileSanity/HBI/census/input_Date of Birth_dob-0"), "12121980"): Text '12121980' is set on object 'Object Repository/mobileSanity/HBI/census/input_Date of Birth_dob-0'

2019-12-31 08:16:10 - [MESSAGE][PASSED] - Text '12121980' is set on object 'Object Repository/mobileSanity/HBI/census/input_Date of Birth_dob-0'

2019-12-31 08:16:10 - [TEST_STEP][PASSED] - click(findTestObject("mobileSanity/HBI/census/label_Male")): Object: 'Object Repository/mobileSanity/HBI/census/label_Male' is clicked on

2019-12-31 08:16:10 - [MESSAGE][PASSED] - Object: 'Object Repository/mobileSanity/HBI/census/label_Male' is clicked on

2019-12-31 08:16:10 - [TEST_STEP][PASSED] - click(findTestObject("mobileSanity/HBI/census/label_Get a Quote")): Object: 'Object Repository/mobileSanity/HBI/census/label_Get a Quote' is clicked on

2019-12-31 08:16:11 - [MESSAGE][PASSED] - Object: 'Object Repository/mobileSanity/HBI/census/label_Get a Quote' is clicked on

2019-12-31 08:16:11 - [TEST_STEP][PASSED] - waitForPageLoad(20): Wait for page load successfully

2019-12-31 08:16:12 - [MESSAGE][PASSED] - Wait for page load successfully

2019-12-31 08:16:12 - [TEST_STEP][PASSED] - Thread.sleep(3000): null

2019-12-31 08:16:15 - [TEST_STEP][PASSED] - callTestCase(findTestCase("AHI/_include/check_quoteleadform"), [:], STOP_ON_FAILURE): Call Test Case 'Test Cases/AHI/_include/check_quoteleadform' successfully

2019-12-31 08:16:15 - [TEST_CASE][PASSED] - Test Cases/AHI/_include/check_quoteleadform: Test Cases/AHI/_include/check_quoteleadform

2019-12-31 08:16:15 - [TEST_STEP][PASSED] - callTestCase(findTestCase("AHI/_include/name"), [:], CONTINUE_ON_FAILURE): Call Test Case 'Test Cases/AHI/_include/name' successfully

2019-12-31 08:16:15 - [TEST_CASE][PASSED] - Test Cases/AHI/_include/name: Test Cases/AHI/_include/name

2019-12-31 08:16:15 - [TEST_STEP][PASSED] - driver = getWebDriver(): null

2019-12-31 08:16:15 - [TEST_STEP][PASSED] - selenium = new com.thoughtworks.selenium.webdriven.WebDriverBackedSelenium(driver, internal.GlobalVariable.ENV): null

2019-12-31 08:16:15 - [TEST_STEP][PASSED] - FirstName = "Test-123": null

2019-12-31 08:16:15 - [TEST_STEP][PASSED] - LastName = selenium.getEval("{var x="ABCDEFGHIJKLMNOPQRSTUVWXYZabcdefghijklmnopqrstuvwxyz"; var tmp="ZZ11-"; for (i=0;i<8;i++) tmp+=x.charAt(Math.ceil(51*Math.random()));tmp;}"): null

2019-12-31 08:16:15 - [TEST_STEP][PASSED] - Address = selenium.getEval("{var x="ABCDEFGHIJKLMNOPQRSTUVWXYZabcdefghijklmnopqrstuvwxyz"; var tmp=""; for (i=0;i<8;i++) tmp+=x.charAt(Math.ceil(51*Math.random()));tmp;}"): null

2019-12-31 08:16:15 - [TEST_STEP][PASSED] - City = selenium.getEval("{var x="ABCDEFGHIJKLMNOPQRSTUVWXYZabcdefghijklmnopqrstuvwxyz"; var tmp=""; for (i=0;i<8;i++) tmp+=x.charAt(Math.ceil(51*Math.random()));tmp;}"): null

2019-12-31 08:16:15 - [TEST_STEP][PASSED] - tel1 = selenium.getEval("{var x="123456789"; var tmp=""; for (i=0;i<3;i++) tmp+=x.charAt(Math.ceil(8*Math.random()));tmp;}"): null

2019-12-31 08:16:15 - [TEST_STEP][PASSED] - tel2 = selenium.getEval("{var x="123456789"; var tmp=""; for (i=0;i<3;i++) tmp+=x.charAt(Math.ceil(8*Math.random()));tmp;}"): null

2019-12-31 08:16:16 - [TEST_STEP][PASSED] - tel3 = selenium.getEval("{var x="123456789"; var tmp=""; for (i=0;i<4;i++) tmp+=x.charAt(Math.ceil(8*Math.random()));tmp;}"): null

2019-12-31 08:16:16 - [TEST_STEP][PASSED] - Tel = selenium.getExpression(tel1 + "-" + tel2 + "-" + tel3): null

2019-12-31 08:16:16 - [TEST_STEP][PASSED] - AutoEmail = selenium.getEval("{var x="ABCDEFGHIJKLMNOPQRSTUVWXYZabcdefghijklmnopqrstuvwxyz"; var tmp="test."; for (i=0;i<8;i++) tmp+=x.charAt(Math.ceil(51*Math.random()));tmp+="@suryani.cn";}"): null

2019-12-31 08:16:16 - [TEST_STEP][PASSED] - FirstName = FirstName: null

2019-12-31 08:16:16 - [TEST_STEP][PASSED] - LastName = LastName: null

2019-12-31 08:16:16 - [TEST_STEP][PASSED] - Address = Address: null

2019-12-31 08:16:16 - [TEST_STEP][PASSED] - City = City: null

2019-12-31 08:16:16 - [TEST_STEP][PASSED] - Tel = Tel: null

2019-12-31 08:16:16 - [TEST_STEP][PASSED] - AutoEmail = AutoEmail: null

2019-12-31 08:16:16 - [TEST_STEP][PASSED] - println(FirstName): null

2019-12-31 08:16:16 - [TEST_STEP][PASSED] - println(LastName): null

2019-12-31 08:16:16 - [TEST_STEP][PASSED] - println(Address): null

2019-12-31 08:16:16 - [TEST_STEP][PASSED] - println(City): null

2019-12-31 08:16:16 - [TEST_STEP][PASSED] - println(Tel): null

2019-12-31 08:16:16 - [TEST_STEP][PASSED] - println(AutoEmail): null

2019-12-31 08:16:16 - [MESSAGE][PASSED] - Call Test Case 'Test Cases/AHI/_include/name' successfully

2019-12-31 08:16:16 - [TEST_STEP][PASSED] - leadform_exist = test.MobileKeywords.isElementPresent_Web(findTestObject("mobileSanity/quote lead form/lead_form"), 20): test.MobileKeywords.isElementPresent_Web is PASSED

2019-12-31 08:16:16 - [MESSAGE][PASSED] - test.MobileKeywords.isElementPresent_Web is PASSED

2019-12-31 08:16:16 - [TEST_STEP][PASSED] - if (leadform_exist): null

2019-12-31 08:16:16 - [TEST_STEP][PASSED] - setText(findTestObject("mobileSanity/quote lead form/first"), FirstName): Text 'Test-123' is set on object 'Object Repository/mobileSanity/quote lead form/first'

2019-12-31 08:16:16 - [MESSAGE][PASSED] - Text 'Test-123' is set on object 'Object Repository/mobileSanity/quote lead form/first'

2019-12-31 08:16:16 - [TEST_STEP][PASSED] - setText(findTestObject("mobileSanity/quote lead form/last"), LastName): Text 'ZZ11-tcJpEuzu' is set on object 'Object Repository/mobileSanity/quote lead form/last'

2019-12-31 08:16:16 - [MESSAGE][PASSED] - Text 'ZZ11-tcJpEuzu' is set on object 'Object Repository/mobileSanity/quote lead form/last'

2019-12-31 08:16:16 - [TEST_STEP][PASSED] - setText(findTestObject("mobileSanity/quote lead form/email"), AutoEmail): Text 'test.HcTTvxtx@suryani.cn' is set on object 'Object Repository/mobileSanity/quote lead form/email'

2019-12-31 08:16:16 - [MESSAGE][PASSED] - Text 'test.HcTTvxtx@suryani.cn' is set on object 'Object Repository/mobileSanity/quote lead form/email'

2019-12-31 08:16:16 - [TEST_STEP][PASSED] - setText(findTestObject("mobileSanity/quote lead form/phone"), Tel): Text '547-427-6599' is set on object 'Object Repository/mobileSanity/quote lead form/phone'

2019-12-31 08:16:16 - [MESSAGE][PASSED] - Text '547-427-6599' is set on object 'Object Repository/mobileSanity/quote lead form/phone'

2019-12-31 08:16:16 - [TEST_STEP][PASSED] - click(findTestObject("mobileSanity/quote lead form/submit")): Object: 'Object Repository/mobileSanity/quote lead form/submit' is clicked on

2019-12-31 08:16:16 - [MESSAGE][PASSED] - Object: 'Object Repository/mobileSanity/quote lead form/submit' is clicked on

2019-12-31 08:16:16 - [TEST_STEP][PASSED] - Thread.sleep(3000): null

2019-12-31 08:16:19 - [MESSAGE][PASSED] - Call Test Case 'Test Cases/AHI/_include/check_quoteleadform' successfully

2019-12-31 08:16:19 - [TEST_STEP][PASSED] - callTestCase(findTestCase("AHI/_include/get_screenshot"), [:], STOP_ON_FAILURE): Call Test Case 'Test Cases/AHI/_include/get_screenshot' successfully

2019-12-31 08:16:19 - [TEST_CASE][PASSED] - Test Cases/AHI/_include/get_screenshot: Test Cases/AHI/_include/get_screenshot

2019-12-31 08:16:19 - [TEST_STEP][PASSED] - takeScreenshot(screenPath + i + ".png"): Taking screenshot successfully

2019-12-31 08:16:20 - [MESSAGE][PASSED] - Taking screenshot successfully
[[ATTACHMENT|D:\\Test\\AgileTest\\Reports\\AHI\\hbi\\20191231_080029\\../Screenshots/iPhone 6/hbi/Core Shield/20191231_081548/3.png]]

2019-12-31 08:16:20 - [TEST_STEP][PASSED] - (internal.GlobalVariable.i++): null

2019-12-31 08:16:20 - [MESSAGE][PASSED] - Call Test Case 'Test Cases/AHI/_include/get_screenshot' successfully

2019-12-31 08:16:20 - [MESSAGE][PASSED] - Call Test Case 'Test Cases/AHI/_include/census_hbi' successfully

2019-12-31 08:16:20 - [TEST_STEP][PASSED] - Thread.sleep(5000): null

2019-12-31 08:16:25 - [TEST_STEP][PASSED] - scrollToPosition(200, 2300): Browser is scrolled to position x = 200, y = 2300

2019-12-31 08:16:25 - [MESSAGE][PASSED] - Browser is scrolled to position x = 200, y = 2300

2019-12-31 08:16:25 - [TEST_STEP][PASSED] - click(findTestObject("mobileSanity/HBI/quote/a_Core Shield")): Object: 'Object Repository/mobileSanity/HBI/quote/a_Core Shield' is clicked on

2019-12-31 08:16:26 - [MESSAGE][PASSED] - Object: 'Object Repository/mobileSanity/HBI/quote/a_Core Shield' is clicked on

2019-12-31 08:16:26 - [TEST_STEP][PASSED] - waitForPageLoad(20): Wait for page load successfully

2019-12-31 08:16:26 - [MESSAGE][PASSED] - Wait for page load successfully

2019-12-31 08:16:26 - [TEST_STEP][PASSED] - callTestCase(findTestCase("AHI/_include/get_screenshot"), [:], STOP_ON_FAILURE): Call Test Case 'Test Cases/AHI/_include/get_screenshot' successfully

2019-12-31 08:16:26 - [TEST_CASE][PASSED] - Test Cases/AHI/_include/get_screenshot: Test Cases/AHI/_include/get_screenshot

2019-12-31 08:16:26 - [TEST_STEP][PASSED] - takeScreenshot(screenPath + i + ".png"): Taking screenshot successfully

2019-12-31 08:16:27 - [MESSAGE][PASSED] - Taking screenshot successfully
[[ATTACHMENT|D:\\Test\\AgileTest\\Reports\\AHI\\hbi\\20191231_080029\\../Screenshots/iPhone 6/hbi/Core Shield/20191231_081548/4.png]]

2019-12-31 08:16:27 - [TEST_STEP][PASSED] - (internal.GlobalVariable.i++): null

2019-12-31 08:16:27 - [MESSAGE][PASSED] - Call Test Case 'Test Cases/AHI/_include/get_screenshot' successfully

2019-12-31 08:16:27 - [TEST_STEP][PASSED] - click(findTestObject("mobileSanity/HBI/detail/a_Apply for This Plan")): Object: 'Object Repository/mobileSanity/HBI/detail/a_Apply for This Plan' is clicked on

2019-12-31 08:16:28 - [MESSAGE][PASSED] - Object: 'Object Repository/mobileSanity/HBI/detail/a_Apply for This Plan' is clicked on

2019-12-31 08:16:28 - [TEST_STEP][PASSED] - waitForPageLoad(20): Wait for page load successfully

2019-12-31 08:16:28 - [MESSAGE][PASSED] - Wait for page load successfully

2019-12-31 08:16:28 - [TEST_STEP][PASSED] - callTestCase(findTestCase("AHI/_include/get_screenshot"), [:], STOP_ON_FAILURE): Call Test Case 'Test Cases/AHI/_include/get_screenshot' successfully

2019-12-31 08:16:28 - [TEST_CASE][PASSED] - Test Cases/AHI/_include/get_screenshot: Test Cases/AHI/_include/get_screenshot

2019-12-31 08:16:28 - [TEST_STEP][PASSED] - takeScreenshot(screenPath + i + ".png"): Taking screenshot successfully

2019-12-31 08:16:28 - [MESSAGE][PASSED] - Taking screenshot successfully
[[ATTACHMENT|D:\\Test\\AgileTest\\Reports\\AHI\\hbi\\20191231_080029\\../Screenshots/iPhone 6/hbi/Core Shield/20191231_081548/5.png]]

2019-12-31 08:16:28 - [TEST_STEP][PASSED] - (internal.GlobalVariable.i++): null

2019-12-31 08:16:28 - [MESSAGE][PASSED] - Call Test Case 'Test Cases/AHI/_include/get_screenshot' successfully

2019-12-31 08:16:28 - [TEST_STEP][PASSED] - click(findTestObject("mobileSanity/HBI/Page_Apply/span_Start Secure Application")): Object: 'Object Repository/mobileSanity/HBI/Page_Apply/span_Start Secure Application' is clicked on

2019-12-31 08:16:29 - [MESSAGE][PASSED] - Object: 'Object Repository/mobileSanity/HBI/Page_Apply/span_Start Secure Application' is clicked on

2019-12-31 08:16:29 - [TEST_STEP][PASSED] - waitForPageLoad(20): Wait for page load successfully

2019-12-31 08:16:29 - [MESSAGE][PASSED] - Wait for page load successfully

2019-12-31 08:16:29 - [TEST_STEP][PASSED] - Thread.sleep(5000): null

2019-12-31 08:16:34 - [TEST_STEP][PASSED] - callTestCase(findTestCase("AHI/_include/get_screenshot"), [:], STOP_ON_FAILURE): Call Test Case 'Test Cases/AHI/_include/get_screenshot' successfully

2019-12-31 08:16:34 - [TEST_CASE][PASSED] - Test Cases/AHI/_include/get_screenshot: Test Cases/AHI/_include/get_screenshot

2019-12-31 08:16:34 - [TEST_STEP][PASSED] - takeScreenshot(screenPath + i + ".png"): Taking screenshot successfully

2019-12-31 08:16:34 - [MESSAGE][PASSED] - Taking screenshot successfully
[[ATTACHMENT|D:\\Test\\AgileTest\\Reports\\AHI\\hbi\\20191231_080029\\../Screenshots/iPhone 6/hbi/Core Shield/20191231_081548/6.png]]

2019-12-31 08:16:34 - [TEST_STEP][PASSED] - (internal.GlobalVariable.i++): null

2019-12-31 08:16:34 - [MESSAGE][PASSED] - Call Test Case 'Test Cases/AHI/_include/get_screenshot' successfully

2019-12-31 08:16:34 - [TEST_STEP][PASSED] - callTestCase(findTestCase("AHI/_include/goToEnd_hbi"), ["carrier":"coreshield"], CONTINUE_ON_FAILURE): Call Test Case 'Test Cases/AHI/_include/goToEnd_hbi' successfully

2019-12-31 08:16:34 - [TEST_CASE][PASSED] - Test Cases/AHI/_include/goToEnd_hbi: Test Cases/AHI/_include/goToEnd_hbi

2019-12-31 08:16:34 - [TEST_STEP][PASSED] - if (state == "ca"): null

2019-12-31 08:16:34 - [TEST_STEP][PASSED] - callTestCase(findTestCase("AHI/_include/name"), [:], CONTINUE_ON_FAILURE): Call Test Case 'Test Cases/AHI/_include/name' successfully

2019-12-31 08:16:34 - [TEST_CASE][PASSED] - Test Cases/AHI/_include/name: Test Cases/AHI/_include/name

2019-12-31 08:16:34 - [TEST_STEP][PASSED] - driver = getWebDriver(): null

2019-12-31 08:16:34 - [TEST_STEP][PASSED] - selenium = new com.thoughtworks.selenium.webdriven.WebDriverBackedSelenium(driver, internal.GlobalVariable.ENV): null

2019-12-31 08:16:34 - [TEST_STEP][PASSED] - FirstName = "Test-123": null

2019-12-31 08:16:34 - [TEST_STEP][PASSED] - LastName = selenium.getEval("{var x="ABCDEFGHIJKLMNOPQRSTUVWXYZabcdefghijklmnopqrstuvwxyz"; var tmp="ZZ11-"; for (i=0;i<8;i++) tmp+=x.charAt(Math.ceil(51*Math.random()));tmp;}"): null

2019-12-31 08:16:34 - [TEST_STEP][PASSED] - Address = selenium.getEval("{var x="ABCDEFGHIJKLMNOPQRSTUVWXYZabcdefghijklmnopqrstuvwxyz"; var tmp=""; for (i=0;i<8;i++) tmp+=x.charAt(Math.ceil(51*Math.random()));tmp;}"): null

2019-12-31 08:16:34 - [TEST_STEP][PASSED] - City = selenium.getEval("{var x="ABCDEFGHIJKLMNOPQRSTUVWXYZabcdefghijklmnopqrstuvwxyz"; var tmp=""; for (i=0;i<8;i++) tmp+=x.charAt(Math.ceil(51*Math.random()));tmp;}"): null

2019-12-31 08:16:35 - [TEST_STEP][PASSED] - tel1 = selenium.getEval("{var x="123456789"; var tmp=""; for (i=0;i<3;i++) tmp+=x.charAt(Math.ceil(8*Math.random()));tmp;}"): null

2019-12-31 08:16:35 - [TEST_STEP][PASSED] - tel2 = selenium.getEval("{var x="123456789"; var tmp=""; for (i=0;i<3;i++) tmp+=x.charAt(Math.ceil(8*Math.random()));tmp;}"): null

2019-12-31 08:16:35 - [TEST_STEP][PASSED] - tel3 = selenium.getEval("{var x="123456789"; var tmp=""; for (i=0;i<4;i++) tmp+=x.charAt(Math.ceil(8*Math.random()));tmp;}"): null

2019-12-31 08:16:35 - [TEST_STEP][PASSED] - Tel = selenium.getExpression(tel1 + "-" + tel2 + "-" + tel3): null

2019-12-31 08:16:35 - [TEST_STEP][PASSED] - AutoEmail = selenium.getEval("{var x="ABCDEFGHIJKLMNOPQRSTUVWXYZabcdefghijklmnopqrstuvwxyz"; var tmp="test."; for (i=0;i<8;i++) tmp+=x.charAt(Math.ceil(51*Math.random()));tmp+="@suryani.cn";}"): null

2019-12-31 08:16:35 - [TEST_STEP][PASSED] - FirstName = FirstName: null

2019-12-31 08:16:35 - [TEST_STEP][PASSED] - LastName = LastName: null

2019-12-31 08:16:35 - [TEST_STEP][PASSED] - Address = Address: null

2019-12-31 08:16:35 - [TEST_STEP][PASSED] - City = City: null

2019-12-31 08:16:35 - [TEST_STEP][PASSED] - Tel = Tel: null

2019-12-31 08:16:35 - [TEST_STEP][PASSED] - AutoEmail = AutoEmail: null

2019-12-31 08:16:35 - [TEST_STEP][PASSED] - println(FirstName): null

2019-12-31 08:16:35 - [TEST_STEP][PASSED] - println(LastName): null

2019-12-31 08:16:35 - [TEST_STEP][PASSED] - println(Address): null

2019-12-31 08:16:35 - [TEST_STEP][PASSED] - println(City): null

2019-12-31 08:16:35 - [TEST_STEP][PASSED] - println(Tel): null

2019-12-31 08:16:35 - [TEST_STEP][PASSED] - println(AutoEmail): null

2019-12-31 08:16:35 - [MESSAGE][PASSED] - Call Test Case 'Test Cases/AHI/_include/name' successfully

2019-12-31 08:16:35 - [TEST_STEP][PASSED] - setText(findTestObject("mobileSanity/HBI/Page_App Page 1/input__member-P-1-firstName"), FirstName): Text 'Test-123' is set on object 'Object Repository/mobileSanity/HBI/Page_App Page 1/input__member-P-1-firstName'

2019-12-31 08:16:35 - [MESSAGE][PASSED] - Text 'Test-123' is set on object 'Object Repository/mobileSanity/HBI/Page_App Page 1/input__member-P-1-firstName'

2019-12-31 08:16:35 - [TEST_STEP][PASSED] - setText(findTestObject("mobileSanity/HBI/Page_App Page 1/input__member-P-1-lastName"), LastName): Text 'ZZ11-zbtzPrdM' is set on object 'Object Repository/mobileSanity/HBI/Page_App Page 1/input__member-P-1-lastName'

2019-12-31 08:16:35 - [MESSAGE][PASSED] - Text 'ZZ11-zbtzPrdM' is set on object 'Object Repository/mobileSanity/HBI/Page_App Page 1/input__member-P-1-lastName'

2019-12-31 08:16:35 - [TEST_STEP][PASSED] - if (carrier == "agileone" || carrier == "agilesecure"): null

2019-12-31 08:16:35 - [TEST_STEP][PASSED] - setText(findTestObject("mobileSanity/HBI/Page_App Page 1/input__address"), Address): Text 'CqjUsVIY' is set on object 'Object Repository/mobileSanity/HBI/Page_App Page 1/input__address'

2019-12-31 08:16:35 - [MESSAGE][PASSED] - Text 'CqjUsVIY' is set on object 'Object Repository/mobileSanity/HBI/Page_App Page 1/input__address'

2019-12-31 08:16:35 - [TEST_STEP][PASSED] - setText(findTestObject("mobileSanity/HBI/Page_App Page 1/input__city"), City): Text 'fuVMHCvL' is set on object 'Object Repository/mobileSanity/HBI/Page_App Page 1/input__city'

2019-12-31 08:16:35 - [MESSAGE][PASSED] - Text 'fuVMHCvL' is set on object 'Object Repository/mobileSanity/HBI/Page_App Page 1/input__city'

2019-12-31 08:16:35 - [TEST_STEP][PASSED] - setText(findTestObject("mobileSanity/HBI/Page_App Page 1/input__email"), AutoEmail): Text 'test.xkvKPcgd@suryani.cn' is set on object 'Object Repository/mobileSanity/HBI/Page_App Page 1/input__email'

2019-12-31 08:16:36 - [MESSAGE][PASSED] - Text 'test.xkvKPcgd@suryani.cn' is set on object 'Object Repository/mobileSanity/HBI/Page_App Page 1/input__email'

2019-12-31 08:16:36 - [TEST_STEP][PASSED] - setText(findTestObject("mobileSanity/HBI/Page_App Page 1/input_tel"), Tel): Text '687-542-5565' is set on object 'Object Repository/mobileSanity/HBI/Page_App Page 1/input_tel'

2019-12-31 08:16:36 - [MESSAGE][PASSED] - Text '687-542-5565' is set on object 'Object Repository/mobileSanity/HBI/Page_App Page 1/input_tel'

2019-12-31 08:16:36 - [TEST_STEP][PASSED] - Thread.sleep(5000): null

2019-12-31 08:16:41 - [TEST_STEP][PASSED] - click(findTestObject("mobileSanity/HBI/Page_App Page 1/a_Continue to Step 2 - Payment")): Object: 'Object Repository/mobileSanity/HBI/Page_App Page 1/a_Continue to Step 2 - Payment' is clicked on

2019-12-31 08:16:41 - [MESSAGE][PASSED] - Object: 'Object Repository/mobileSanity/HBI/Page_App Page 1/a_Continue to Step 2 - Payment' is clicked on

2019-12-31 08:16:41 - [TEST_STEP][PASSED] - waitForPageLoad(20): Wait for page load successfully

2019-12-31 08:16:41 - [MESSAGE][PASSED] - Wait for page load successfully

2019-12-31 08:16:41 - [TEST_STEP][PASSED] - Thread.sleep(2000): null

2019-12-31 08:16:43 - [TEST_STEP][PASSED] - waitForElementVisible(findTestObject("mobileSanity/HBI/Page_App Page 2/input__credit-card-first"), 20): Object 'Object Repository/mobileSanity/HBI/Page_App Page 2/input__credit-card-first' is visible

2019-12-31 08:16:43 - [MESSAGE][PASSED] - Object 'Object Repository/mobileSanity/HBI/Page_App Page 2/input__credit-card-first' is visible

2019-12-31 08:16:43 - [TEST_STEP][PASSED] - callTestCase(findTestCase("AHI/_include/get_screenshot"), [:], STOP_ON_FAILURE): Call Test Case 'Test Cases/AHI/_include/get_screenshot' successfully

2019-12-31 08:16:43 - [TEST_CASE][PASSED] - Test Cases/AHI/_include/get_screenshot: Test Cases/AHI/_include/get_screenshot

2019-12-31 08:16:43 - [TEST_STEP][PASSED] - takeScreenshot(screenPath + i + ".png"): Taking screenshot successfully

2019-12-31 08:16:44 - [MESSAGE][PASSED] - Taking screenshot successfully
[[ATTACHMENT|D:\\Test\\AgileTest\\Reports\\AHI\\hbi\\20191231_080029\\../Screenshots/iPhone 6/hbi/Core Shield/20191231_081548/7.png]]

2019-12-31 08:16:44 - [TEST_STEP][PASSED] - (internal.GlobalVariable.i++): null

2019-12-31 08:16:44 - [MESSAGE][PASSED] - Call Test Case 'Test Cases/AHI/_include/get_screenshot' successfully

2019-12-31 08:16:44 - [TEST_STEP][PASSED] - setText(findTestObject("mobileSanity/HBI/Page_App Page 2/input__credit-card-first"), FirstName): Text 'Test-123' is set on object 'Object Repository/mobileSanity/HBI/Page_App Page 2/input__credit-card-first'

2019-12-31 08:16:44 - [MESSAGE][PASSED] - Text 'Test-123' is set on object 'Object Repository/mobileSanity/HBI/Page_App Page 2/input__credit-card-first'

2019-12-31 08:16:44 - [TEST_STEP][PASSED] - setText(findTestObject("mobileSanity/HBI/Page_App Page 2/input__credit-card-last"), LastName): Text 'ZZ11-zbtzPrdM' is set on object 'Object Repository/mobileSanity/HBI/Page_App Page 2/input__credit-card-last'

2019-12-31 08:16:44 - [MESSAGE][PASSED] - Text 'ZZ11-zbtzPrdM' is set on object 'Object Repository/mobileSanity/HBI/Page_App Page 2/input__credit-card-last'

2019-12-31 08:16:44 - [TEST_STEP][PASSED] - selectOptionByValue(findTestObject("mobileSanity/HBI/Page_App Page 2/select_MM010203040506070809101"), "12", true): All options with value '12' are selected in object 'Object Repository/mobileSanity/HBI/Page_App Page 2/select_MM010203040506070809101'  using regular expression

2019-12-31 08:16:45 - [MESSAGE][PASSED] - All options with value '12' are selected in object 'Object Repository/mobileSanity/HBI/Page_App Page 2/select_MM010203040506070809101'  using regular expression

2019-12-31 08:16:45 - [TEST_STEP][PASSED] - selectOptionByValue(findTestObject("mobileSanity/HBI/Page_App Page 2/select_YYYY2019202020212022202"), "2026", true): All options with value '2026' are selected in object 'Object Repository/mobileSanity/HBI/Page_App Page 2/select_YYYY2019202020212022202'  using regular expression

2019-12-31 08:16:46 - [MESSAGE][PASSED] - All options with value '2026' are selected in object 'Object Repository/mobileSanity/HBI/Page_App Page 2/select_YYYY2019202020212022202'  using regular expression

2019-12-31 08:16:46 - [TEST_STEP][PASSED] - setText(findTestObject("mobileSanity/HBI/Page_App Page 2/input__credit-card-number"), "4111111111111111"): Text '4111111111111111' is set on object 'Object Repository/mobileSanity/HBI/Page_App Page 2/input__credit-card-number'

2019-12-31 08:16:47 - [MESSAGE][PASSED] - Text '4111111111111111' is set on object 'Object Repository/mobileSanity/HBI/Page_App Page 2/input__credit-card-number'

2019-12-31 08:16:47 - [TEST_STEP][PASSED] - setText(findTestObject("mobileSanity/HBI/Page_App Page 2/input__cvv"), "123"): Text '123' is set on object 'Object Repository/mobileSanity/HBI/Page_App Page 2/input__cvv'

2019-12-31 08:16:47 - [MESSAGE][PASSED] - Text '123' is set on object 'Object Repository/mobileSanity/HBI/Page_App Page 2/input__cvv'

2019-12-31 08:16:47 - [TEST_STEP][PASSED] - click(findTestObject("mobileSanity/HBI/Page_App Page 2/label_My billing address is th")): Object: 'Object Repository/mobileSanity/HBI/Page_App Page 2/label_My billing address is th' is clicked on

2019-12-31 08:16:47 - [MESSAGE][PASSED] - Object: 'Object Repository/mobileSanity/HBI/Page_App Page 2/label_My billing address is th' is clicked on

2019-12-31 08:16:47 - [TEST_STEP][PASSED] - click(findTestObject("mobileSanity/HBI/Page_App Page 2/label_I Accept Authorization f")): Object: 'Object Repository/mobileSanity/HBI/Page_App Page 2/label_I Accept Authorization f' is clicked on

2019-12-31 08:16:47 - [MESSAGE][PASSED] - Object: 'Object Repository/mobileSanity/HBI/Page_App Page 2/label_I Accept Authorization f' is clicked on

2019-12-31 08:16:47 - [TEST_STEP][PASSED] - click(findTestObject("mobileSanity/HBI/Page_App Page 2/a_Continue to Step 3 - Review")): Object: 'Object Repository/mobileSanity/HBI/Page_App Page 2/a_Continue to Step 3 - Review' is clicked on

2019-12-31 08:16:47 - [MESSAGE][PASSED] - Object: 'Object Repository/mobileSanity/HBI/Page_App Page 2/a_Continue to Step 3 - Review' is clicked on

2019-12-31 08:16:47 - [TEST_STEP][PASSED] - waitForPageLoad(20): Wait for page load successfully

2019-12-31 08:16:47 - [MESSAGE][PASSED] - Wait for page load successfully

2019-12-31 08:16:47 - [TEST_STEP][PASSED] - Thread.sleep(10000): null

2019-12-31 08:16:57 - [TEST_STEP][PASSED] - waitForElementPresent(findTestObject("mobileSanity/HBI/Page_App Page 3/label"), 20): Object 'Object Repository/mobileSanity/HBI/Page_App Page 3/label' is present

2019-12-31 08:16:58 - [MESSAGE][PASSED] - Object 'Object Repository/mobileSanity/HBI/Page_App Page 3/label' is present

2019-12-31 08:16:58 - [TEST_STEP][PASSED] - callTestCase(findTestCase("AHI/_include/get_screenshot"), [:], STOP_ON_FAILURE): Call Test Case 'Test Cases/AHI/_include/get_screenshot' successfully

2019-12-31 08:16:58 - [TEST_CASE][PASSED] - Test Cases/AHI/_include/get_screenshot: Test Cases/AHI/_include/get_screenshot

2019-12-31 08:16:58 - [TEST_STEP][PASSED] - takeScreenshot(screenPath + i + ".png"): Taking screenshot successfully

2019-12-31 08:16:58 - [MESSAGE][PASSED] - Taking screenshot successfully
[[ATTACHMENT|D:\\Test\\AgileTest\\Reports\\AHI\\hbi\\20191231_080029\\../Screenshots/iPhone 6/hbi/Core Shield/20191231_081548/8.png]]

2019-12-31 08:16:58 - [TEST_STEP][PASSED] - (internal.GlobalVariable.i++): null

2019-12-31 08:16:58 - [MESSAGE][PASSED] - Call Test Case 'Test Cases/AHI/_include/get_screenshot' successfully

2019-12-31 08:16:58 - [TEST_STEP][PASSED] - click(findTestObject("mobileSanity/HBI/Page_App Page 3/label")): Object: 'Object Repository/mobileSanity/HBI/Page_App Page 3/label' is clicked on

2019-12-31 08:16:58 - [MESSAGE][PASSED] - Object: 'Object Repository/mobileSanity/HBI/Page_App Page 3/label' is clicked on

2019-12-31 08:16:58 - [TEST_STEP][PASSED] - click(findTestObject("mobileSanity/HBI/Page_App Page 3/p_CLICK TO SIGN")): Object: 'Object Repository/mobileSanity/HBI/Page_App Page 3/p_CLICK TO SIGN' is clicked on

2019-12-31 08:16:59 - [MESSAGE][PASSED] - Object: 'Object Repository/mobileSanity/HBI/Page_App Page 3/p_CLICK TO SIGN' is clicked on

2019-12-31 08:16:59 - [TEST_STEP][PASSED] - click(findTestObject("mobileSanity/HBI/Page_App Page 3/a_Submit Your Application")): Object: 'Object Repository/mobileSanity/HBI/Page_App Page 3/a_Submit Your Application' is clicked on

2019-12-31 08:16:59 - [MESSAGE][PASSED] - Object: 'Object Repository/mobileSanity/HBI/Page_App Page 3/a_Submit Your Application' is clicked on

2019-12-31 08:16:59 - [TEST_STEP][PASSED] - Thread.sleep(30000): null

2019-12-31 08:17:29 - [TEST_STEP][PASSED] - callTestCase(findTestCase("AHI/_include/get_screenshot"), [:], STOP_ON_FAILURE): Call Test Case 'Test Cases/AHI/_include/get_screenshot' successfully

2019-12-31 08:17:29 - [TEST_CASE][PASSED] - Test Cases/AHI/_include/get_screenshot: Test Cases/AHI/_include/get_screenshot

2019-12-31 08:17:29 - [TEST_STEP][PASSED] - takeScreenshot(screenPath + i + ".png"): Taking screenshot successfully

2019-12-31 08:17:29 - [MESSAGE][PASSED] - Taking screenshot successfully
[[ATTACHMENT|D:\\Test\\AgileTest\\Reports\\AHI\\hbi\\20191231_080029\\../Screenshots/iPhone 6/hbi/Core Shield/20191231_081548/9.png]]

2019-12-31 08:17:29 - [TEST_STEP][PASSED] - (internal.GlobalVariable.i++): null

2019-12-31 08:17:29 - [MESSAGE][PASSED] - Call Test Case 'Test Cases/AHI/_include/get_screenshot' successfully

2019-12-31 08:17:29 - [TEST_STEP][PASSED] - verifyTextPresent("Congratulations", false): Text 'Congratulations' is present on page 

2019-12-31 08:17:29 - [MESSAGE][PASSED] - Text 'Congratulations' is present on page 

2019-12-31 08:17:29 - [MESSAGE][PASSED] - Call Test Case 'Test Cases/AHI/_include/goToEnd_hbi' successfully]]></system-out>
         <system-err><![CDATA[]]></system-err>
      </testcase>
      <testcase name="Test Cases/AHI/HBI/Fixed Cash Benefit" classname="Test Cases/AHI/HBI/Fixed Cash Benefit" status="PASSED">
         <system-out><![CDATA[2019-12-31 08:17:29 - [TEST_CASE][PASSED] - Test Cases/AHI/HBI/Fixed Cash Benefit: Test Cases/AHI/HBI/Fixed Cash Benefit

2019-12-31 08:17:29 - [TEST_STEP][PASSED] - callTestCase(findTestCase("AHI/_include/get_screenPath"), ["productLine":"hbi", "carrierName":"Fixed Cash Benefit"], CONTINUE_ON_FAILURE): Call Test Case 'Test Cases/AHI/_include/get_screenPath' successfully

2019-12-31 08:17:30 - [TEST_CASE][PASSED] - Test Cases/AHI/_include/get_screenPath: Test Cases/AHI/_include/get_screenPath

2019-12-31 08:17:30 - [TEST_STEP][PASSED] - m = getExecutionProperties(): null

2019-12-31 08:17:30 - [TEST_STEP][PASSED] - deviceName = get("mobileEmulation").get("deviceName"): null

2019-12-31 08:17:30 - [TEST_STEP][PASSED] - println(deviceName): null

2019-12-31 08:17:30 - [TEST_STEP][PASSED] - now = new java.util.Date(): null

2019-12-31 08:17:30 - [TEST_STEP][PASSED] - mydate = now.format("yyyyMMdd_HHmmss"): null

2019-12-31 08:17:30 - [TEST_STEP][PASSED] - screenPath = "../Screenshots/": null

2019-12-31 08:17:30 - [TEST_STEP][PASSED] - screenPath = screenPath + deviceName + "/" + productLine + "/" + carrierName + "/" + mydate + "/": null

2019-12-31 08:17:30 - [TEST_STEP][PASSED] - println(screenPath): null

2019-12-31 08:17:30 - [MESSAGE][PASSED] - Call Test Case 'Test Cases/AHI/_include/get_screenPath' successfully

2019-12-31 08:17:30 - [TEST_STEP][PASSED] - i = 0: null

2019-12-31 08:17:30 - [TEST_STEP][PASSED] - callTestCase(findTestCase("AHI/_include/openWebSite"), [:], CONTINUE_ON_FAILURE): Call Test Case 'Test Cases/AHI/_include/openWebSite' successfully

2019-12-31 08:17:30 - [TEST_CASE][PASSED] - Test Cases/AHI/_include/openWebSite: Test Cases/AHI/_include/openWebSite

2019-12-31 08:17:30 - [TEST_STEP][PASSED] - openBrowser(env): Browser is opened with url: 'https://praetemptatus.agilehealthinsurance.com'

2019-12-31 08:17:30 - [MESSAGE][WARNING] - A browser is already opened. Closing browser and opening a new one

2019-12-31 08:17:31 - [MESSAGE][INFO] - Starting 'Chrome' driver

2019-12-31 08:17:31 - [MESSAGE][INFO] - User set preference: ['mobileEmulation', '{deviceName=iPhone 6}']

2019-12-31 08:17:31 - [MESSAGE][INFO] - User set preference: ['args', '[--incognito, --aggressive-cache-discard, --window-size=375,677, --no-sandbox]']

2019-12-31 08:17:36 - [MESSAGE][PASSED] - Browser is opened with url: 'https://praetemptatus.agilehealthinsurance.com'

2019-12-31 08:17:36 - [TEST_STEP][PASSED] - waitForPageLoad(20): Wait for page load successfully

2019-12-31 08:17:39 - [MESSAGE][PASSED] - Wait for page load successfully

2019-12-31 08:17:39 - [TEST_STEP][PASSED] - callTestCase(findTestCase("AHI/_include/get_screenshot"), [:], STOP_ON_FAILURE): Call Test Case 'Test Cases/AHI/_include/get_screenshot' successfully

2019-12-31 08:17:40 - [TEST_CASE][PASSED] - Test Cases/AHI/_include/get_screenshot: Test Cases/AHI/_include/get_screenshot

2019-12-31 08:17:40 - [TEST_STEP][PASSED] - takeScreenshot(screenPath + i + ".png"): Taking screenshot successfully

2019-12-31 08:17:41 - [MESSAGE][PASSED] - Taking screenshot successfully
[[ATTACHMENT|D:\\Test\\AgileTest\\Reports\\AHI\\hbi\\20191231_080029\\../Screenshots/iPhone 6/hbi/Fixed Cash Benefit/20191231_081730/0.png]]

2019-12-31 08:17:41 - [TEST_STEP][PASSED] - (internal.GlobalVariable.i++): null

2019-12-31 08:17:41 - [MESSAGE][PASSED] - Call Test Case 'Test Cases/AHI/_include/get_screenshot' successfully

2019-12-31 08:17:41 - [MESSAGE][PASSED] - Call Test Case 'Test Cases/AHI/_include/openWebSite' successfully

2019-12-31 08:17:41 - [TEST_STEP][PASSED] - callTestCase(findTestCase("AHI/_include/census_hbi"), ["zipcode":"85364"], CONTINUE_ON_FAILURE): Call Test Case 'Test Cases/AHI/_include/census_hbi' successfully

2019-12-31 08:17:41 - [TEST_CASE][PASSED] - Test Cases/AHI/_include/census_hbi: Test Cases/AHI/_include/census_hbi

2019-12-31 08:17:41 - [TEST_STEP][PASSED] - click(findTestObject("mobileSanity/Common/side_nav/menu")): Object: 'Object Repository/mobileSanity/Common/side_nav/menu' is clicked on

2019-12-31 08:17:41 - [MESSAGE][PASSED] - Object: 'Object Repository/mobileSanity/Common/side_nav/menu' is clicked on

2019-12-31 08:17:41 - [TEST_STEP][PASSED] - Thread.sleep(3000): null

2019-12-31 08:17:44 - [TEST_STEP][PASSED] - callTestCase(findTestCase("AHI/_include/get_screenshot"), [:], STOP_ON_FAILURE): Call Test Case 'Test Cases/AHI/_include/get_screenshot' successfully

2019-12-31 08:17:44 - [TEST_CASE][PASSED] - Test Cases/AHI/_include/get_screenshot: Test Cases/AHI/_include/get_screenshot

2019-12-31 08:17:44 - [TEST_STEP][PASSED] - takeScreenshot(screenPath + i + ".png"): Taking screenshot successfully

2019-12-31 08:17:45 - [MESSAGE][PASSED] - Taking screenshot successfully
[[ATTACHMENT|D:\\Test\\AgileTest\\Reports\\AHI\\hbi\\20191231_080029\\../Screenshots/iPhone 6/hbi/Fixed Cash Benefit/20191231_081730/1.png]]

2019-12-31 08:17:45 - [TEST_STEP][PASSED] - (internal.GlobalVariable.i++): null

2019-12-31 08:17:45 - [MESSAGE][PASSED] - Call Test Case 'Test Cases/AHI/_include/get_screenshot' successfully

2019-12-31 08:17:45 - [TEST_STEP][PASSED] - click(findTestObject("mobileSanity/Common/side_nav/nav_hbi")): Object: 'Object Repository/mobileSanity/Common/side_nav/nav_hbi' is clicked on

2019-12-31 08:17:45 - [MESSAGE][PASSED] - Object: 'Object Repository/mobileSanity/Common/side_nav/nav_hbi' is clicked on

2019-12-31 08:17:45 - [TEST_STEP][PASSED] - waitForPageLoad(10): Wait for page load successfully

2019-12-31 08:17:46 - [MESSAGE][PASSED] - Wait for page load successfully

2019-12-31 08:17:46 - [TEST_STEP][PASSED] - Thread.sleep(3000): null

2019-12-31 08:17:49 - [TEST_STEP][PASSED] - callTestCase(findTestCase("AHI/_include/get_screenshot"), [:], STOP_ON_FAILURE): Call Test Case 'Test Cases/AHI/_include/get_screenshot' successfully

2019-12-31 08:17:49 - [TEST_CASE][PASSED] - Test Cases/AHI/_include/get_screenshot: Test Cases/AHI/_include/get_screenshot

2019-12-31 08:17:49 - [TEST_STEP][PASSED] - takeScreenshot(screenPath + i + ".png"): Taking screenshot successfully

2019-12-31 08:17:49 - [MESSAGE][PASSED] - Taking screenshot successfully
[[ATTACHMENT|D:\\Test\\AgileTest\\Reports\\AHI\\hbi\\20191231_080029\\../Screenshots/iPhone 6/hbi/Fixed Cash Benefit/20191231_081730/2.png]]

2019-12-31 08:17:49 - [TEST_STEP][PASSED] - (internal.GlobalVariable.i++): null

2019-12-31 08:17:49 - [MESSAGE][PASSED] - Call Test Case 'Test Cases/AHI/_include/get_screenshot' successfully

2019-12-31 08:17:49 - [TEST_STEP][PASSED] - setText(findTestObject("mobileSanity/HBI/census/input_Location_zip-input"), zipcode): Text '85364' is set on object 'Object Repository/mobileSanity/HBI/census/input_Location_zip-input'

2019-12-31 08:17:49 - [MESSAGE][PASSED] - Text '85364' is set on object 'Object Repository/mobileSanity/HBI/census/input_Location_zip-input'

2019-12-31 08:17:49 - [TEST_STEP][PASSED] - Thread.sleep(500): null

2019-12-31 08:17:50 - [TEST_STEP][PASSED] - setText(findTestObject("mobileSanity/HBI/census/input_Date of Birth_dob-0"), "12121980"): Text '12121980' is set on object 'Object Repository/mobileSanity/HBI/census/input_Date of Birth_dob-0'

2019-12-31 08:17:50 - [MESSAGE][PASSED] - Text '12121980' is set on object 'Object Repository/mobileSanity/HBI/census/input_Date of Birth_dob-0'

2019-12-31 08:17:50 - [TEST_STEP][PASSED] - click(findTestObject("mobileSanity/HBI/census/label_Male")): Object: 'Object Repository/mobileSanity/HBI/census/label_Male' is clicked on

2019-12-31 08:17:50 - [MESSAGE][PASSED] - Object: 'Object Repository/mobileSanity/HBI/census/label_Male' is clicked on

2019-12-31 08:17:50 - [TEST_STEP][PASSED] - click(findTestObject("mobileSanity/HBI/census/label_Get a Quote")): Object: 'Object Repository/mobileSanity/HBI/census/label_Get a Quote' is clicked on

2019-12-31 08:17:52 - [MESSAGE][PASSED] - Object: 'Object Repository/mobileSanity/HBI/census/label_Get a Quote' is clicked on

2019-12-31 08:17:52 - [TEST_STEP][PASSED] - waitForPageLoad(20): Wait for page load successfully

2019-12-31 08:17:53 - [MESSAGE][PASSED] - Wait for page load successfully

2019-12-31 08:17:53 - [TEST_STEP][PASSED] - Thread.sleep(3000): null

2019-12-31 08:17:56 - [TEST_STEP][PASSED] - callTestCase(findTestCase("AHI/_include/check_quoteleadform"), [:], STOP_ON_FAILURE): Call Test Case 'Test Cases/AHI/_include/check_quoteleadform' successfully

2019-12-31 08:17:56 - [TEST_CASE][PASSED] - Test Cases/AHI/_include/check_quoteleadform: Test Cases/AHI/_include/check_quoteleadform

2019-12-31 08:17:56 - [TEST_STEP][PASSED] - callTestCase(findTestCase("AHI/_include/name"), [:], CONTINUE_ON_FAILURE): Call Test Case 'Test Cases/AHI/_include/name' successfully

2019-12-31 08:17:56 - [TEST_CASE][PASSED] - Test Cases/AHI/_include/name: Test Cases/AHI/_include/name

2019-12-31 08:17:56 - [TEST_STEP][PASSED] - driver = getWebDriver(): null

2019-12-31 08:17:56 - [TEST_STEP][PASSED] - selenium = new com.thoughtworks.selenium.webdriven.WebDriverBackedSelenium(driver, internal.GlobalVariable.ENV): null

2019-12-31 08:17:56 - [TEST_STEP][PASSED] - FirstName = "Test-123": null

2019-12-31 08:17:56 - [TEST_STEP][PASSED] - LastName = selenium.getEval("{var x="ABCDEFGHIJKLMNOPQRSTUVWXYZabcdefghijklmnopqrstuvwxyz"; var tmp="ZZ11-"; for (i=0;i<8;i++) tmp+=x.charAt(Math.ceil(51*Math.random()));tmp;}"): null

2019-12-31 08:17:56 - [TEST_STEP][PASSED] - Address = selenium.getEval("{var x="ABCDEFGHIJKLMNOPQRSTUVWXYZabcdefghijklmnopqrstuvwxyz"; var tmp=""; for (i=0;i<8;i++) tmp+=x.charAt(Math.ceil(51*Math.random()));tmp;}"): null

2019-12-31 08:17:56 - [TEST_STEP][PASSED] - City = selenium.getEval("{var x="ABCDEFGHIJKLMNOPQRSTUVWXYZabcdefghijklmnopqrstuvwxyz"; var tmp=""; for (i=0;i<8;i++) tmp+=x.charAt(Math.ceil(51*Math.random()));tmp;}"): null

2019-12-31 08:17:56 - [TEST_STEP][PASSED] - tel1 = selenium.getEval("{var x="123456789"; var tmp=""; for (i=0;i<3;i++) tmp+=x.charAt(Math.ceil(8*Math.random()));tmp;}"): null

2019-12-31 08:17:56 - [TEST_STEP][PASSED] - tel2 = selenium.getEval("{var x="123456789"; var tmp=""; for (i=0;i<3;i++) tmp+=x.charAt(Math.ceil(8*Math.random()));tmp;}"): null

2019-12-31 08:17:56 - [TEST_STEP][PASSED] - tel3 = selenium.getEval("{var x="123456789"; var tmp=""; for (i=0;i<4;i++) tmp+=x.charAt(Math.ceil(8*Math.random()));tmp;}"): null

2019-12-31 08:17:56 - [TEST_STEP][PASSED] - Tel = selenium.getExpression(tel1 + "-" + tel2 + "-" + tel3): null

2019-12-31 08:17:56 - [TEST_STEP][PASSED] - AutoEmail = selenium.getEval("{var x="ABCDEFGHIJKLMNOPQRSTUVWXYZabcdefghijklmnopqrstuvwxyz"; var tmp="test."; for (i=0;i<8;i++) tmp+=x.charAt(Math.ceil(51*Math.random()));tmp+="@suryani.cn";}"): null

2019-12-31 08:17:56 - [TEST_STEP][PASSED] - FirstName = FirstName: null

2019-12-31 08:17:56 - [TEST_STEP][PASSED] - LastName = LastName: null

2019-12-31 08:17:56 - [TEST_STEP][PASSED] - Address = Address: null

2019-12-31 08:17:56 - [TEST_STEP][PASSED] - City = City: null

2019-12-31 08:17:56 - [TEST_STEP][PASSED] - Tel = Tel: null

2019-12-31 08:17:56 - [TEST_STEP][PASSED] - AutoEmail = AutoEmail: null

2019-12-31 08:17:56 - [TEST_STEP][PASSED] - println(FirstName): null

2019-12-31 08:17:56 - [TEST_STEP][PASSED] - println(LastName): null

2019-12-31 08:17:56 - [TEST_STEP][PASSED] - println(Address): null

2019-12-31 08:17:56 - [TEST_STEP][PASSED] - println(City): null

2019-12-31 08:17:56 - [TEST_STEP][PASSED] - println(Tel): null

2019-12-31 08:17:56 - [TEST_STEP][PASSED] - println(AutoEmail): null

2019-12-31 08:17:56 - [MESSAGE][PASSED] - Call Test Case 'Test Cases/AHI/_include/name' successfully

2019-12-31 08:17:56 - [TEST_STEP][PASSED] - leadform_exist = test.MobileKeywords.isElementPresent_Web(findTestObject("mobileSanity/quote lead form/lead_form"), 20): test.MobileKeywords.isElementPresent_Web is PASSED

2019-12-31 08:17:56 - [MESSAGE][PASSED] - test.MobileKeywords.isElementPresent_Web is PASSED

2019-12-31 08:17:56 - [TEST_STEP][PASSED] - if (leadform_exist): null

2019-12-31 08:17:56 - [TEST_STEP][PASSED] - setText(findTestObject("mobileSanity/quote lead form/first"), FirstName): Text 'Test-123' is set on object 'Object Repository/mobileSanity/quote lead form/first'

2019-12-31 08:17:56 - [MESSAGE][PASSED] - Text 'Test-123' is set on object 'Object Repository/mobileSanity/quote lead form/first'

2019-12-31 08:17:56 - [TEST_STEP][PASSED] - setText(findTestObject("mobileSanity/quote lead form/last"), LastName): Text 'ZZ11-tKwRibQC' is set on object 'Object Repository/mobileSanity/quote lead form/last'

2019-12-31 08:17:56 - [MESSAGE][PASSED] - Text 'ZZ11-tKwRibQC' is set on object 'Object Repository/mobileSanity/quote lead form/last'

2019-12-31 08:17:56 - [TEST_STEP][PASSED] - setText(findTestObject("mobileSanity/quote lead form/email"), AutoEmail): Text 'test.pGHlRVkG@suryani.cn' is set on object 'Object Repository/mobileSanity/quote lead form/email'

2019-12-31 08:17:57 - [MESSAGE][PASSED] - Text 'test.pGHlRVkG@suryani.cn' is set on object 'Object Repository/mobileSanity/quote lead form/email'

2019-12-31 08:17:57 - [TEST_STEP][PASSED] - setText(findTestObject("mobileSanity/quote lead form/phone"), Tel): Text '356-569-5897' is set on object 'Object Repository/mobileSanity/quote lead form/phone'

2019-12-31 08:17:57 - [MESSAGE][PASSED] - Text '356-569-5897' is set on object 'Object Repository/mobileSanity/quote lead form/phone'

2019-12-31 08:17:57 - [TEST_STEP][PASSED] - click(findTestObject("mobileSanity/quote lead form/submit")): Object: 'Object Repository/mobileSanity/quote lead form/submit' is clicked on

2019-12-31 08:17:57 - [MESSAGE][PASSED] - Object: 'Object Repository/mobileSanity/quote lead form/submit' is clicked on

2019-12-31 08:17:57 - [TEST_STEP][PASSED] - Thread.sleep(3000): null

2019-12-31 08:18:00 - [MESSAGE][PASSED] - Call Test Case 'Test Cases/AHI/_include/check_quoteleadform' successfully

2019-12-31 08:18:00 - [TEST_STEP][PASSED] - callTestCase(findTestCase("AHI/_include/get_screenshot"), [:], STOP_ON_FAILURE): Call Test Case 'Test Cases/AHI/_include/get_screenshot' successfully

2019-12-31 08:18:00 - [TEST_CASE][PASSED] - Test Cases/AHI/_include/get_screenshot: Test Cases/AHI/_include/get_screenshot

2019-12-31 08:18:00 - [TEST_STEP][PASSED] - takeScreenshot(screenPath + i + ".png"): Taking screenshot successfully

2019-12-31 08:18:00 - [MESSAGE][PASSED] - Taking screenshot successfully
[[ATTACHMENT|D:\\Test\\AgileTest\\Reports\\AHI\\hbi\\20191231_080029\\../Screenshots/iPhone 6/hbi/Fixed Cash Benefit/20191231_081730/3.png]]

2019-12-31 08:18:00 - [TEST_STEP][PASSED] - (internal.GlobalVariable.i++): null

2019-12-31 08:18:00 - [MESSAGE][PASSED] - Call Test Case 'Test Cases/AHI/_include/get_screenshot' successfully

2019-12-31 08:18:00 - [MESSAGE][PASSED] - Call Test Case 'Test Cases/AHI/_include/census_hbi' successfully

2019-12-31 08:18:00 - [TEST_STEP][PASSED] - Thread.sleep(5000): null

2019-12-31 08:18:05 - [TEST_STEP][PASSED] - scrollToPosition(200, 2300): Browser is scrolled to position x = 200, y = 2300

2019-12-31 08:18:05 - [MESSAGE][PASSED] - Browser is scrolled to position x = 200, y = 2300

2019-12-31 08:18:05 - [TEST_STEP][PASSED] - click(findTestObject("mobileSanity/HBI/quote/a_Fixed Cash Benefit")): Object: 'Object Repository/mobileSanity/HBI/quote/a_Fixed Cash Benefit' is clicked on

2019-12-31 08:18:06 - [MESSAGE][PASSED] - Object: 'Object Repository/mobileSanity/HBI/quote/a_Fixed Cash Benefit' is clicked on

2019-12-31 08:18:06 - [TEST_STEP][PASSED] - waitForPageLoad(20): Wait for page load successfully

2019-12-31 08:18:07 - [MESSAGE][PASSED] - Wait for page load successfully

2019-12-31 08:18:07 - [TEST_STEP][PASSED] - callTestCase(findTestCase("AHI/_include/get_screenshot"), [:], STOP_ON_FAILURE): Call Test Case 'Test Cases/AHI/_include/get_screenshot' successfully

2019-12-31 08:18:07 - [TEST_CASE][PASSED] - Test Cases/AHI/_include/get_screenshot: Test Cases/AHI/_include/get_screenshot

2019-12-31 08:18:07 - [TEST_STEP][PASSED] - takeScreenshot(screenPath + i + ".png"): Taking screenshot successfully

2019-12-31 08:18:08 - [MESSAGE][PASSED] - Taking screenshot successfully
[[ATTACHMENT|D:\\Test\\AgileTest\\Reports\\AHI\\hbi\\20191231_080029\\../Screenshots/iPhone 6/hbi/Fixed Cash Benefit/20191231_081730/4.png]]

2019-12-31 08:18:08 - [TEST_STEP][PASSED] - (internal.GlobalVariable.i++): null

2019-12-31 08:18:08 - [MESSAGE][PASSED] - Call Test Case 'Test Cases/AHI/_include/get_screenshot' successfully

2019-12-31 08:18:08 - [TEST_STEP][PASSED] - click(findTestObject("mobileSanity/HBI/detail/a_Apply for This Plan")): Object: 'Object Repository/mobileSanity/HBI/detail/a_Apply for This Plan' is clicked on

2019-12-31 08:18:08 - [MESSAGE][PASSED] - Object: 'Object Repository/mobileSanity/HBI/detail/a_Apply for This Plan' is clicked on

2019-12-31 08:18:08 - [TEST_STEP][PASSED] - waitForPageLoad(20): Wait for page load successfully

2019-12-31 08:18:09 - [MESSAGE][PASSED] - Wait for page load successfully

2019-12-31 08:18:09 - [TEST_STEP][PASSED] - callTestCase(findTestCase("AHI/_include/get_screenshot"), [:], STOP_ON_FAILURE): Call Test Case 'Test Cases/AHI/_include/get_screenshot' successfully

2019-12-31 08:18:09 - [TEST_CASE][PASSED] - Test Cases/AHI/_include/get_screenshot: Test Cases/AHI/_include/get_screenshot

2019-12-31 08:18:09 - [TEST_STEP][PASSED] - takeScreenshot(screenPath + i + ".png"): Taking screenshot successfully

2019-12-31 08:18:09 - [MESSAGE][PASSED] - Taking screenshot successfully
[[ATTACHMENT|D:\\Test\\AgileTest\\Reports\\AHI\\hbi\\20191231_080029\\../Screenshots/iPhone 6/hbi/Fixed Cash Benefit/20191231_081730/5.png]]

2019-12-31 08:18:09 - [TEST_STEP][PASSED] - (internal.GlobalVariable.i++): null

2019-12-31 08:18:09 - [MESSAGE][PASSED] - Call Test Case 'Test Cases/AHI/_include/get_screenshot' successfully

2019-12-31 08:18:09 - [TEST_STEP][PASSED] - click(findTestObject("mobileSanity/HBI/Page_Apply/span_Start Secure Application")): Object: 'Object Repository/mobileSanity/HBI/Page_Apply/span_Start Secure Application' is clicked on

2019-12-31 08:18:10 - [MESSAGE][PASSED] - Object: 'Object Repository/mobileSanity/HBI/Page_Apply/span_Start Secure Application' is clicked on

2019-12-31 08:18:10 - [TEST_STEP][PASSED] - waitForPageLoad(20): Wait for page load successfully

2019-12-31 08:18:10 - [MESSAGE][PASSED] - Wait for page load successfully

2019-12-31 08:18:10 - [TEST_STEP][PASSED] - Thread.sleep(5000): null

2019-12-31 08:18:15 - [TEST_STEP][PASSED] - callTestCase(findTestCase("AHI/_include/get_screenshot"), [:], STOP_ON_FAILURE): Call Test Case 'Test Cases/AHI/_include/get_screenshot' successfully

2019-12-31 08:18:15 - [TEST_CASE][PASSED] - Test Cases/AHI/_include/get_screenshot: Test Cases/AHI/_include/get_screenshot

2019-12-31 08:18:15 - [TEST_STEP][PASSED] - takeScreenshot(screenPath + i + ".png"): Taking screenshot successfully

2019-12-31 08:18:15 - [MESSAGE][PASSED] - Taking screenshot successfully
[[ATTACHMENT|D:\\Test\\AgileTest\\Reports\\AHI\\hbi\\20191231_080029\\../Screenshots/iPhone 6/hbi/Fixed Cash Benefit/20191231_081730/6.png]]

2019-12-31 08:18:15 - [TEST_STEP][PASSED] - (internal.GlobalVariable.i++): null

2019-12-31 08:18:15 - [MESSAGE][PASSED] - Call Test Case 'Test Cases/AHI/_include/get_screenshot' successfully

2019-12-31 08:18:15 - [TEST_STEP][PASSED] - callTestCase(findTestCase("AHI/_include/goToEnd_hbi"), ["carrier":"FixedCashBenefit"], CONTINUE_ON_FAILURE): Call Test Case 'Test Cases/AHI/_include/goToEnd_hbi' successfully

2019-12-31 08:18:16 - [TEST_CASE][PASSED] - Test Cases/AHI/_include/goToEnd_hbi: Test Cases/AHI/_include/goToEnd_hbi

2019-12-31 08:18:16 - [TEST_STEP][PASSED] - if (state == "ca"): null

2019-12-31 08:18:16 - [TEST_STEP][PASSED] - callTestCase(findTestCase("AHI/_include/name"), [:], CONTINUE_ON_FAILURE): Call Test Case 'Test Cases/AHI/_include/name' successfully

2019-12-31 08:18:16 - [TEST_CASE][PASSED] - Test Cases/AHI/_include/name: Test Cases/AHI/_include/name

2019-12-31 08:18:16 - [TEST_STEP][PASSED] - driver = getWebDriver(): null

2019-12-31 08:18:16 - [TEST_STEP][PASSED] - selenium = new com.thoughtworks.selenium.webdriven.WebDriverBackedSelenium(driver, internal.GlobalVariable.ENV): null

2019-12-31 08:18:16 - [TEST_STEP][PASSED] - FirstName = "Test-123": null

2019-12-31 08:18:16 - [TEST_STEP][PASSED] - LastName = selenium.getEval("{var x="ABCDEFGHIJKLMNOPQRSTUVWXYZabcdefghijklmnopqrstuvwxyz"; var tmp="ZZ11-"; for (i=0;i<8;i++) tmp+=x.charAt(Math.ceil(51*Math.random()));tmp;}"): null

2019-12-31 08:18:16 - [TEST_STEP][PASSED] - Address = selenium.getEval("{var x="ABCDEFGHIJKLMNOPQRSTUVWXYZabcdefghijklmnopqrstuvwxyz"; var tmp=""; for (i=0;i<8;i++) tmp+=x.charAt(Math.ceil(51*Math.random()));tmp;}"): null

2019-12-31 08:18:16 - [TEST_STEP][PASSED] - City = selenium.getEval("{var x="ABCDEFGHIJKLMNOPQRSTUVWXYZabcdefghijklmnopqrstuvwxyz"; var tmp=""; for (i=0;i<8;i++) tmp+=x.charAt(Math.ceil(51*Math.random()));tmp;}"): null

2019-12-31 08:18:16 - [TEST_STEP][PASSED] - tel1 = selenium.getEval("{var x="123456789"; var tmp=""; for (i=0;i<3;i++) tmp+=x.charAt(Math.ceil(8*Math.random()));tmp;}"): null

2019-12-31 08:18:16 - [TEST_STEP][PASSED] - tel2 = selenium.getEval("{var x="123456789"; var tmp=""; for (i=0;i<3;i++) tmp+=x.charAt(Math.ceil(8*Math.random()));tmp;}"): null

2019-12-31 08:18:16 - [TEST_STEP][PASSED] - tel3 = selenium.getEval("{var x="123456789"; var tmp=""; for (i=0;i<4;i++) tmp+=x.charAt(Math.ceil(8*Math.random()));tmp;}"): null

2019-12-31 08:18:16 - [TEST_STEP][PASSED] - Tel = selenium.getExpression(tel1 + "-" + tel2 + "-" + tel3): null

2019-12-31 08:18:16 - [TEST_STEP][PASSED] - AutoEmail = selenium.getEval("{var x="ABCDEFGHIJKLMNOPQRSTUVWXYZabcdefghijklmnopqrstuvwxyz"; var tmp="test."; for (i=0;i<8;i++) tmp+=x.charAt(Math.ceil(51*Math.random()));tmp+="@suryani.cn";}"): null

2019-12-31 08:18:16 - [TEST_STEP][PASSED] - FirstName = FirstName: null

2019-12-31 08:18:16 - [TEST_STEP][PASSED] - LastName = LastName: null

2019-12-31 08:18:16 - [TEST_STEP][PASSED] - Address = Address: null

2019-12-31 08:18:16 - [TEST_STEP][PASSED] - City = City: null

2019-12-31 08:18:16 - [TEST_STEP][PASSED] - Tel = Tel: null

2019-12-31 08:18:16 - [TEST_STEP][PASSED] - AutoEmail = AutoEmail: null

2019-12-31 08:18:16 - [TEST_STEP][PASSED] - println(FirstName): null

2019-12-31 08:18:16 - [TEST_STEP][PASSED] - println(LastName): null

2019-12-31 08:18:16 - [TEST_STEP][PASSED] - println(Address): null

2019-12-31 08:18:16 - [TEST_STEP][PASSED] - println(City): null

2019-12-31 08:18:16 - [TEST_STEP][PASSED] - println(Tel): null

2019-12-31 08:18:16 - [TEST_STEP][PASSED] - println(AutoEmail): null

2019-12-31 08:18:16 - [MESSAGE][PASSED] - Call Test Case 'Test Cases/AHI/_include/name' successfully

2019-12-31 08:18:16 - [TEST_STEP][PASSED] - setText(findTestObject("mobileSanity/HBI/Page_App Page 1/input__member-P-1-firstName"), FirstName): Text 'Test-123' is set on object 'Object Repository/mobileSanity/HBI/Page_App Page 1/input__member-P-1-firstName'

2019-12-31 08:18:16 - [MESSAGE][PASSED] - Text 'Test-123' is set on object 'Object Repository/mobileSanity/HBI/Page_App Page 1/input__member-P-1-firstName'

2019-12-31 08:18:16 - [TEST_STEP][PASSED] - setText(findTestObject("mobileSanity/HBI/Page_App Page 1/input__member-P-1-lastName"), LastName): Text 'ZZ11-UMlJfDaU' is set on object 'Object Repository/mobileSanity/HBI/Page_App Page 1/input__member-P-1-lastName'

2019-12-31 08:18:16 - [MESSAGE][PASSED] - Text 'ZZ11-UMlJfDaU' is set on object 'Object Repository/mobileSanity/HBI/Page_App Page 1/input__member-P-1-lastName'

2019-12-31 08:18:16 - [TEST_STEP][PASSED] - if (carrier == "agileone" || carrier == "agilesecure"): null

2019-12-31 08:18:16 - [TEST_STEP][PASSED] - setText(findTestObject("mobileSanity/HBI/Page_App Page 1/input__address"), Address): Text 'REHIhIHh' is set on object 'Object Repository/mobileSanity/HBI/Page_App Page 1/input__address'

2019-12-31 08:18:16 - [MESSAGE][PASSED] - Text 'REHIhIHh' is set on object 'Object Repository/mobileSanity/HBI/Page_App Page 1/input__address'

2019-12-31 08:18:16 - [TEST_STEP][PASSED] - setText(findTestObject("mobileSanity/HBI/Page_App Page 1/input__city"), City): Text 'ZQNdDLom' is set on object 'Object Repository/mobileSanity/HBI/Page_App Page 1/input__city'

2019-12-31 08:18:17 - [MESSAGE][PASSED] - Text 'ZQNdDLom' is set on object 'Object Repository/mobileSanity/HBI/Page_App Page 1/input__city'

2019-12-31 08:18:17 - [TEST_STEP][PASSED] - setText(findTestObject("mobileSanity/HBI/Page_App Page 1/input__email"), AutoEmail): Text 'test.EjlkzCrt@suryani.cn' is set on object 'Object Repository/mobileSanity/HBI/Page_App Page 1/input__email'

2019-12-31 08:18:17 - [MESSAGE][PASSED] - Text 'test.EjlkzCrt@suryani.cn' is set on object 'Object Repository/mobileSanity/HBI/Page_App Page 1/input__email'

2019-12-31 08:18:17 - [TEST_STEP][PASSED] - setText(findTestObject("mobileSanity/HBI/Page_App Page 1/input_tel"), Tel): Text '836-734-4283' is set on object 'Object Repository/mobileSanity/HBI/Page_App Page 1/input_tel'

2019-12-31 08:18:17 - [MESSAGE][PASSED] - Text '836-734-4283' is set on object 'Object Repository/mobileSanity/HBI/Page_App Page 1/input_tel'

2019-12-31 08:18:17 - [TEST_STEP][PASSED] - Thread.sleep(5000): null

2019-12-31 08:18:22 - [TEST_STEP][PASSED] - click(findTestObject("mobileSanity/HBI/Page_App Page 1/a_Continue to Step 2 - Payment")): Object: 'Object Repository/mobileSanity/HBI/Page_App Page 1/a_Continue to Step 2 - Payment' is clicked on

2019-12-31 08:18:23 - [MESSAGE][PASSED] - Object: 'Object Repository/mobileSanity/HBI/Page_App Page 1/a_Continue to Step 2 - Payment' is clicked on

2019-12-31 08:18:23 - [TEST_STEP][PASSED] - waitForPageLoad(20): Wait for page load successfully

2019-12-31 08:18:23 - [MESSAGE][PASSED] - Wait for page load successfully

2019-12-31 08:18:23 - [TEST_STEP][PASSED] - Thread.sleep(2000): null

2019-12-31 08:18:25 - [TEST_STEP][PASSED] - waitForElementVisible(findTestObject("mobileSanity/HBI/Page_App Page 2/input__credit-card-first"), 20): Object 'Object Repository/mobileSanity/HBI/Page_App Page 2/input__credit-card-first' is visible

2019-12-31 08:18:26 - [MESSAGE][PASSED] - Object 'Object Repository/mobileSanity/HBI/Page_App Page 2/input__credit-card-first' is visible

2019-12-31 08:18:26 - [TEST_STEP][PASSED] - callTestCase(findTestCase("AHI/_include/get_screenshot"), [:], STOP_ON_FAILURE): Call Test Case 'Test Cases/AHI/_include/get_screenshot' successfully

2019-12-31 08:18:26 - [TEST_CASE][PASSED] - Test Cases/AHI/_include/get_screenshot: Test Cases/AHI/_include/get_screenshot

2019-12-31 08:18:26 - [TEST_STEP][PASSED] - takeScreenshot(screenPath + i + ".png"): Taking screenshot successfully

2019-12-31 08:18:26 - [MESSAGE][PASSED] - Taking screenshot successfully
[[ATTACHMENT|D:\\Test\\AgileTest\\Reports\\AHI\\hbi\\20191231_080029\\../Screenshots/iPhone 6/hbi/Fixed Cash Benefit/20191231_081730/7.png]]

2019-12-31 08:18:26 - [TEST_STEP][PASSED] - (internal.GlobalVariable.i++): null

2019-12-31 08:18:26 - [MESSAGE][PASSED] - Call Test Case 'Test Cases/AHI/_include/get_screenshot' successfully

2019-12-31 08:18:26 - [TEST_STEP][PASSED] - setText(findTestObject("mobileSanity/HBI/Page_App Page 2/input__credit-card-first"), FirstName): Text 'Test-123' is set on object 'Object Repository/mobileSanity/HBI/Page_App Page 2/input__credit-card-first'

2019-12-31 08:18:28 - [MESSAGE][PASSED] - Text 'Test-123' is set on object 'Object Repository/mobileSanity/HBI/Page_App Page 2/input__credit-card-first'

2019-12-31 08:18:28 - [TEST_STEP][PASSED] - setText(findTestObject("mobileSanity/HBI/Page_App Page 2/input__credit-card-last"), LastName): Text 'ZZ11-UMlJfDaU' is set on object 'Object Repository/mobileSanity/HBI/Page_App Page 2/input__credit-card-last'

2019-12-31 08:18:28 - [MESSAGE][PASSED] - Text 'ZZ11-UMlJfDaU' is set on object 'Object Repository/mobileSanity/HBI/Page_App Page 2/input__credit-card-last'

2019-12-31 08:18:28 - [TEST_STEP][PASSED] - selectOptionByValue(findTestObject("mobileSanity/HBI/Page_App Page 2/select_MM010203040506070809101"), "12", true): All options with value '12' are selected in object 'Object Repository/mobileSanity/HBI/Page_App Page 2/select_MM010203040506070809101'  using regular expression

2019-12-31 08:18:29 - [MESSAGE][PASSED] - All options with value '12' are selected in object 'Object Repository/mobileSanity/HBI/Page_App Page 2/select_MM010203040506070809101'  using regular expression

2019-12-31 08:18:29 - [TEST_STEP][PASSED] - selectOptionByValue(findTestObject("mobileSanity/HBI/Page_App Page 2/select_YYYY2019202020212022202"), "2026", true): All options with value '2026' are selected in object 'Object Repository/mobileSanity/HBI/Page_App Page 2/select_YYYY2019202020212022202'  using regular expression

2019-12-31 08:18:29 - [MESSAGE][PASSED] - All options with value '2026' are selected in object 'Object Repository/mobileSanity/HBI/Page_App Page 2/select_YYYY2019202020212022202'  using regular expression

2019-12-31 08:18:29 - [TEST_STEP][PASSED] - setText(findTestObject("mobileSanity/HBI/Page_App Page 2/input__credit-card-number"), "4111111111111111"): Text '4111111111111111' is set on object 'Object Repository/mobileSanity/HBI/Page_App Page 2/input__credit-card-number'

2019-12-31 08:18:29 - [MESSAGE][PASSED] - Text '4111111111111111' is set on object 'Object Repository/mobileSanity/HBI/Page_App Page 2/input__credit-card-number'

2019-12-31 08:18:29 - [TEST_STEP][PASSED] - setText(findTestObject("mobileSanity/HBI/Page_App Page 2/input__cvv"), "123"): Text '123' is set on object 'Object Repository/mobileSanity/HBI/Page_App Page 2/input__cvv'

2019-12-31 08:18:30 - [MESSAGE][PASSED] - Text '123' is set on object 'Object Repository/mobileSanity/HBI/Page_App Page 2/input__cvv'

2019-12-31 08:18:30 - [TEST_STEP][PASSED] - click(findTestObject("mobileSanity/HBI/Page_App Page 2/label_My billing address is th")): Object: 'Object Repository/mobileSanity/HBI/Page_App Page 2/label_My billing address is th' is clicked on

2019-12-31 08:18:30 - [MESSAGE][PASSED] - Object: 'Object Repository/mobileSanity/HBI/Page_App Page 2/label_My billing address is th' is clicked on

2019-12-31 08:18:30 - [TEST_STEP][PASSED] - click(findTestObject("mobileSanity/HBI/Page_App Page 2/label_I Accept Authorization f")): Object: 'Object Repository/mobileSanity/HBI/Page_App Page 2/label_I Accept Authorization f' is clicked on

2019-12-31 08:18:31 - [MESSAGE][PASSED] - Object: 'Object Repository/mobileSanity/HBI/Page_App Page 2/label_I Accept Authorization f' is clicked on

2019-12-31 08:18:31 - [TEST_STEP][PASSED] - click(findTestObject("mobileSanity/HBI/Page_App Page 2/a_Continue to Step 3 - Review")): Object: 'Object Repository/mobileSanity/HBI/Page_App Page 2/a_Continue to Step 3 - Review' is clicked on

2019-12-31 08:18:31 - [MESSAGE][PASSED] - Object: 'Object Repository/mobileSanity/HBI/Page_App Page 2/a_Continue to Step 3 - Review' is clicked on

2019-12-31 08:18:31 - [TEST_STEP][PASSED] - waitForPageLoad(20): Wait for page load successfully

2019-12-31 08:18:32 - [MESSAGE][PASSED] - Wait for page load successfully

2019-12-31 08:18:32 - [TEST_STEP][PASSED] - Thread.sleep(10000): null

2019-12-31 08:18:42 - [TEST_STEP][PASSED] - waitForElementPresent(findTestObject("mobileSanity/HBI/Page_App Page 3/label"), 20): Object 'Object Repository/mobileSanity/HBI/Page_App Page 3/label' is present

2019-12-31 08:18:42 - [MESSAGE][PASSED] - Object 'Object Repository/mobileSanity/HBI/Page_App Page 3/label' is present

2019-12-31 08:18:42 - [TEST_STEP][PASSED] - callTestCase(findTestCase("AHI/_include/get_screenshot"), [:], STOP_ON_FAILURE): Call Test Case 'Test Cases/AHI/_include/get_screenshot' successfully

2019-12-31 08:18:42 - [TEST_CASE][PASSED] - Test Cases/AHI/_include/get_screenshot: Test Cases/AHI/_include/get_screenshot

2019-12-31 08:18:42 - [TEST_STEP][PASSED] - takeScreenshot(screenPath + i + ".png"): Taking screenshot successfully

2019-12-31 08:18:43 - [MESSAGE][PASSED] - Taking screenshot successfully
[[ATTACHMENT|D:\\Test\\AgileTest\\Reports\\AHI\\hbi\\20191231_080029\\../Screenshots/iPhone 6/hbi/Fixed Cash Benefit/20191231_081730/8.png]]

2019-12-31 08:18:43 - [TEST_STEP][PASSED] - (internal.GlobalVariable.i++): null

2019-12-31 08:18:43 - [MESSAGE][PASSED] - Call Test Case 'Test Cases/AHI/_include/get_screenshot' successfully

2019-12-31 08:18:43 - [TEST_STEP][PASSED] - click(findTestObject("mobileSanity/HBI/Page_App Page 3/label")): Object: 'Object Repository/mobileSanity/HBI/Page_App Page 3/label' is clicked on

2019-12-31 08:18:43 - [MESSAGE][PASSED] - Object: 'Object Repository/mobileSanity/HBI/Page_App Page 3/label' is clicked on

2019-12-31 08:18:43 - [TEST_STEP][PASSED] - click(findTestObject("mobileSanity/HBI/Page_App Page 3/p_CLICK TO SIGN")): Object: 'Object Repository/mobileSanity/HBI/Page_App Page 3/p_CLICK TO SIGN' is clicked on

2019-12-31 08:18:43 - [MESSAGE][PASSED] - Object: 'Object Repository/mobileSanity/HBI/Page_App Page 3/p_CLICK TO SIGN' is clicked on

2019-12-31 08:18:43 - [TEST_STEP][PASSED] - click(findTestObject("mobileSanity/HBI/Page_App Page 3/a_Submit Your Application")): Object: 'Object Repository/mobileSanity/HBI/Page_App Page 3/a_Submit Your Application' is clicked on

2019-12-31 08:18:44 - [MESSAGE][PASSED] - Object: 'Object Repository/mobileSanity/HBI/Page_App Page 3/a_Submit Your Application' is clicked on

2019-12-31 08:18:44 - [TEST_STEP][PASSED] - Thread.sleep(30000): null

2019-12-31 08:19:14 - [TEST_STEP][PASSED] - callTestCase(findTestCase("AHI/_include/get_screenshot"), [:], STOP_ON_FAILURE): Call Test Case 'Test Cases/AHI/_include/get_screenshot' successfully

2019-12-31 08:19:14 - [TEST_CASE][PASSED] - Test Cases/AHI/_include/get_screenshot: Test Cases/AHI/_include/get_screenshot

2019-12-31 08:19:14 - [TEST_STEP][PASSED] - takeScreenshot(screenPath + i + ".png"): Taking screenshot successfully

2019-12-31 08:19:16 - [MESSAGE][PASSED] - Taking screenshot successfully
[[ATTACHMENT|D:\\Test\\AgileTest\\Reports\\AHI\\hbi\\20191231_080029\\../Screenshots/iPhone 6/hbi/Fixed Cash Benefit/20191231_081730/9.png]]

2019-12-31 08:19:16 - [TEST_STEP][PASSED] - (internal.GlobalVariable.i++): null

2019-12-31 08:19:16 - [MESSAGE][PASSED] - Call Test Case 'Test Cases/AHI/_include/get_screenshot' successfully

2019-12-31 08:19:16 - [TEST_STEP][PASSED] - verifyTextPresent("Congratulations", false): Text 'Congratulations' is present on page 

2019-12-31 08:19:16 - [MESSAGE][PASSED] - Text 'Congratulations' is present on page 

2019-12-31 08:19:16 - [MESSAGE][PASSED] - Call Test Case 'Test Cases/AHI/_include/goToEnd_hbi' successfully]]></system-out>
         <system-err><![CDATA[]]></system-err>
      </testcase>
      <testcase name="Test Cases/AHI/HBI/Health Choice" classname="Test Cases/AHI/HBI/Health Choice" status="PASSED">
         <system-out><![CDATA[2019-12-31 08:19:16 - [TEST_CASE][PASSED] - Test Cases/AHI/HBI/Health Choice: Test Cases/AHI/HBI/Health Choice

2019-12-31 08:19:17 - [TEST_STEP][PASSED] - callTestCase(findTestCase("AHI/_include/get_screenPath"), ["productLine":"hbi", "carrierName":"Health Choice"], CONTINUE_ON_FAILURE): Call Test Case 'Test Cases/AHI/_include/get_screenPath' successfully

2019-12-31 08:19:17 - [TEST_CASE][PASSED] - Test Cases/AHI/_include/get_screenPath: Test Cases/AHI/_include/get_screenPath

2019-12-31 08:19:17 - [TEST_STEP][PASSED] - m = getExecutionProperties(): null

2019-12-31 08:19:17 - [TEST_STEP][PASSED] - deviceName = get("mobileEmulation").get("deviceName"): null

2019-12-31 08:19:17 - [TEST_STEP][PASSED] - println(deviceName): null

2019-12-31 08:19:17 - [TEST_STEP][PASSED] - now = new java.util.Date(): null

2019-12-31 08:19:17 - [TEST_STEP][PASSED] - mydate = now.format("yyyyMMdd_HHmmss"): null

2019-12-31 08:19:17 - [TEST_STEP][PASSED] - screenPath = "../Screenshots/": null

2019-12-31 08:19:17 - [TEST_STEP][PASSED] - screenPath = screenPath + deviceName + "/" + productLine + "/" + carrierName + "/" + mydate + "/": null

2019-12-31 08:19:17 - [TEST_STEP][PASSED] - println(screenPath): null

2019-12-31 08:19:17 - [MESSAGE][PASSED] - Call Test Case 'Test Cases/AHI/_include/get_screenPath' successfully

2019-12-31 08:19:17 - [TEST_STEP][PASSED] - i = 0: null

2019-12-31 08:19:17 - [TEST_STEP][PASSED] - callTestCase(findTestCase("AHI/_include/openWebSite"), [:], CONTINUE_ON_FAILURE): Call Test Case 'Test Cases/AHI/_include/openWebSite' successfully

2019-12-31 08:19:17 - [TEST_CASE][PASSED] - Test Cases/AHI/_include/openWebSite: Test Cases/AHI/_include/openWebSite

2019-12-31 08:19:17 - [TEST_STEP][PASSED] - openBrowser(env): Browser is opened with url: 'https://praetemptatus.agilehealthinsurance.com'

2019-12-31 08:19:17 - [MESSAGE][WARNING] - A browser is already opened. Closing browser and opening a new one

2019-12-31 08:19:18 - [MESSAGE][INFO] - Starting 'Chrome' driver

2019-12-31 08:19:18 - [MESSAGE][INFO] - User set preference: ['mobileEmulation', '{deviceName=iPhone 6}']

2019-12-31 08:19:18 - [MESSAGE][INFO] - User set preference: ['args', '[--incognito, --aggressive-cache-discard, --window-size=375,677, --no-sandbox]']

2019-12-31 08:19:23 - [MESSAGE][PASSED] - Browser is opened with url: 'https://praetemptatus.agilehealthinsurance.com'

2019-12-31 08:19:23 - [TEST_STEP][PASSED] - waitForPageLoad(20): Wait for page load successfully

2019-12-31 08:19:23 - [MESSAGE][PASSED] - Wait for page load successfully

2019-12-31 08:19:23 - [TEST_STEP][PASSED] - callTestCase(findTestCase("AHI/_include/get_screenshot"), [:], STOP_ON_FAILURE): Call Test Case 'Test Cases/AHI/_include/get_screenshot' successfully

2019-12-31 08:19:23 - [TEST_CASE][PASSED] - Test Cases/AHI/_include/get_screenshot: Test Cases/AHI/_include/get_screenshot

2019-12-31 08:19:23 - [TEST_STEP][PASSED] - takeScreenshot(screenPath + i + ".png"): Taking screenshot successfully

2019-12-31 08:19:28 - [MESSAGE][PASSED] - Taking screenshot successfully
[[ATTACHMENT|D:\\Test\\AgileTest\\Reports\\AHI\\hbi\\20191231_080029\\../Screenshots/iPhone 6/hbi/Health Choice/20191231_081917/0.png]]

2019-12-31 08:19:28 - [TEST_STEP][PASSED] - (internal.GlobalVariable.i++): null

2019-12-31 08:19:28 - [MESSAGE][PASSED] - Call Test Case 'Test Cases/AHI/_include/get_screenshot' successfully

2019-12-31 08:19:28 - [MESSAGE][PASSED] - Call Test Case 'Test Cases/AHI/_include/openWebSite' successfully

2019-12-31 08:19:28 - [TEST_STEP][PASSED] - callTestCase(findTestCase("AHI/_include/census_hbi"), [:], CONTINUE_ON_FAILURE): Call Test Case 'Test Cases/AHI/_include/census_hbi' successfully

2019-12-31 08:19:28 - [TEST_CASE][PASSED] - Test Cases/AHI/_include/census_hbi: Test Cases/AHI/_include/census_hbi

2019-12-31 08:19:28 - [TEST_STEP][PASSED] - click(findTestObject("mobileSanity/Common/side_nav/menu")): Object: 'Object Repository/mobileSanity/Common/side_nav/menu' is clicked on

2019-12-31 08:19:29 - [MESSAGE][PASSED] - Object: 'Object Repository/mobileSanity/Common/side_nav/menu' is clicked on

2019-12-31 08:19:29 - [TEST_STEP][PASSED] - Thread.sleep(3000): null

2019-12-31 08:19:32 - [TEST_STEP][PASSED] - callTestCase(findTestCase("AHI/_include/get_screenshot"), [:], STOP_ON_FAILURE): Call Test Case 'Test Cases/AHI/_include/get_screenshot' successfully

2019-12-31 08:19:32 - [TEST_CASE][PASSED] - Test Cases/AHI/_include/get_screenshot: Test Cases/AHI/_include/get_screenshot

2019-12-31 08:19:32 - [TEST_STEP][PASSED] - takeScreenshot(screenPath + i + ".png"): Taking screenshot successfully

2019-12-31 08:19:33 - [MESSAGE][PASSED] - Taking screenshot successfully
[[ATTACHMENT|D:\\Test\\AgileTest\\Reports\\AHI\\hbi\\20191231_080029\\../Screenshots/iPhone 6/hbi/Health Choice/20191231_081917/1.png]]

2019-12-31 08:19:33 - [TEST_STEP][PASSED] - (internal.GlobalVariable.i++): null

2019-12-31 08:19:33 - [MESSAGE][PASSED] - Call Test Case 'Test Cases/AHI/_include/get_screenshot' successfully

2019-12-31 08:19:33 - [TEST_STEP][PASSED] - click(findTestObject("mobileSanity/Common/side_nav/nav_hbi")): Object: 'Object Repository/mobileSanity/Common/side_nav/nav_hbi' is clicked on

2019-12-31 08:19:35 - [MESSAGE][PASSED] - Object: 'Object Repository/mobileSanity/Common/side_nav/nav_hbi' is clicked on

2019-12-31 08:19:35 - [TEST_STEP][PASSED] - waitForPageLoad(10): Wait for page load successfully

2019-12-31 08:19:37 - [MESSAGE][PASSED] - Wait for page load successfully

2019-12-31 08:19:37 - [TEST_STEP][PASSED] - Thread.sleep(3000): null

2019-12-31 08:19:40 - [TEST_STEP][PASSED] - callTestCase(findTestCase("AHI/_include/get_screenshot"), [:], STOP_ON_FAILURE): Call Test Case 'Test Cases/AHI/_include/get_screenshot' successfully

2019-12-31 08:19:40 - [TEST_CASE][PASSED] - Test Cases/AHI/_include/get_screenshot: Test Cases/AHI/_include/get_screenshot

2019-12-31 08:19:40 - [TEST_STEP][PASSED] - takeScreenshot(screenPath + i + ".png"): Taking screenshot successfully

2019-12-31 08:19:41 - [MESSAGE][PASSED] - Taking screenshot successfully
[[ATTACHMENT|D:\\Test\\AgileTest\\Reports\\AHI\\hbi\\20191231_080029\\../Screenshots/iPhone 6/hbi/Health Choice/20191231_081917/2.png]]

2019-12-31 08:19:41 - [TEST_STEP][PASSED] - (internal.GlobalVariable.i++): null

2019-12-31 08:19:41 - [MESSAGE][PASSED] - Call Test Case 'Test Cases/AHI/_include/get_screenshot' successfully

2019-12-31 08:19:41 - [TEST_STEP][PASSED] - setText(findTestObject("mobileSanity/HBI/census/input_Location_zip-input"), zipcode): Text '35215' is set on object 'Object Repository/mobileSanity/HBI/census/input_Location_zip-input'

2019-12-31 08:19:42 - [MESSAGE][PASSED] - Text '35215' is set on object 'Object Repository/mobileSanity/HBI/census/input_Location_zip-input'

2019-12-31 08:19:42 - [TEST_STEP][PASSED] - Thread.sleep(500): null

2019-12-31 08:19:42 - [TEST_STEP][PASSED] - setText(findTestObject("mobileSanity/HBI/census/input_Date of Birth_dob-0"), "12121980"): Text '12121980' is set on object 'Object Repository/mobileSanity/HBI/census/input_Date of Birth_dob-0'

2019-12-31 08:19:42 - [MESSAGE][PASSED] - Text '12121980' is set on object 'Object Repository/mobileSanity/HBI/census/input_Date of Birth_dob-0'

2019-12-31 08:19:42 - [TEST_STEP][PASSED] - click(findTestObject("mobileSanity/HBI/census/label_Male")): Object: 'Object Repository/mobileSanity/HBI/census/label_Male' is clicked on

2019-12-31 08:19:42 - [MESSAGE][PASSED] - Object: 'Object Repository/mobileSanity/HBI/census/label_Male' is clicked on

2019-12-31 08:19:42 - [TEST_STEP][PASSED] - click(findTestObject("mobileSanity/HBI/census/label_Get a Quote")): Object: 'Object Repository/mobileSanity/HBI/census/label_Get a Quote' is clicked on

2019-12-31 08:19:44 - [MESSAGE][PASSED] - Object: 'Object Repository/mobileSanity/HBI/census/label_Get a Quote' is clicked on

2019-12-31 08:19:44 - [TEST_STEP][PASSED] - waitForPageLoad(20): Wait for page load successfully

2019-12-31 08:19:44 - [MESSAGE][PASSED] - Wait for page load successfully

2019-12-31 08:19:44 - [TEST_STEP][PASSED] - Thread.sleep(3000): null

2019-12-31 08:19:47 - [TEST_STEP][PASSED] - callTestCase(findTestCase("AHI/_include/check_quoteleadform"), [:], STOP_ON_FAILURE): Call Test Case 'Test Cases/AHI/_include/check_quoteleadform' successfully

2019-12-31 08:19:47 - [TEST_CASE][PASSED] - Test Cases/AHI/_include/check_quoteleadform: Test Cases/AHI/_include/check_quoteleadform

2019-12-31 08:19:47 - [TEST_STEP][PASSED] - callTestCase(findTestCase("AHI/_include/name"), [:], CONTINUE_ON_FAILURE): Call Test Case 'Test Cases/AHI/_include/name' successfully

2019-12-31 08:19:47 - [TEST_CASE][PASSED] - Test Cases/AHI/_include/name: Test Cases/AHI/_include/name

2019-12-31 08:19:47 - [TEST_STEP][PASSED] - driver = getWebDriver(): null

2019-12-31 08:19:47 - [TEST_STEP][PASSED] - selenium = new com.thoughtworks.selenium.webdriven.WebDriverBackedSelenium(driver, internal.GlobalVariable.ENV): null

2019-12-31 08:19:47 - [TEST_STEP][PASSED] - FirstName = "Test-123": null

2019-12-31 08:19:47 - [TEST_STEP][PASSED] - LastName = selenium.getEval("{var x="ABCDEFGHIJKLMNOPQRSTUVWXYZabcdefghijklmnopqrstuvwxyz"; var tmp="ZZ11-"; for (i=0;i<8;i++) tmp+=x.charAt(Math.ceil(51*Math.random()));tmp;}"): null

2019-12-31 08:19:47 - [TEST_STEP][PASSED] - Address = selenium.getEval("{var x="ABCDEFGHIJKLMNOPQRSTUVWXYZabcdefghijklmnopqrstuvwxyz"; var tmp=""; for (i=0;i<8;i++) tmp+=x.charAt(Math.ceil(51*Math.random()));tmp;}"): null

2019-12-31 08:19:47 - [TEST_STEP][PASSED] - City = selenium.getEval("{var x="ABCDEFGHIJKLMNOPQRSTUVWXYZabcdefghijklmnopqrstuvwxyz"; var tmp=""; for (i=0;i<8;i++) tmp+=x.charAt(Math.ceil(51*Math.random()));tmp;}"): null

2019-12-31 08:19:47 - [TEST_STEP][PASSED] - tel1 = selenium.getEval("{var x="123456789"; var tmp=""; for (i=0;i<3;i++) tmp+=x.charAt(Math.ceil(8*Math.random()));tmp;}"): null

2019-12-31 08:19:47 - [TEST_STEP][PASSED] - tel2 = selenium.getEval("{var x="123456789"; var tmp=""; for (i=0;i<3;i++) tmp+=x.charAt(Math.ceil(8*Math.random()));tmp;}"): null

2019-12-31 08:19:47 - [TEST_STEP][PASSED] - tel3 = selenium.getEval("{var x="123456789"; var tmp=""; for (i=0;i<4;i++) tmp+=x.charAt(Math.ceil(8*Math.random()));tmp;}"): null

2019-12-31 08:19:47 - [TEST_STEP][PASSED] - Tel = selenium.getExpression(tel1 + "-" + tel2 + "-" + tel3): null

2019-12-31 08:19:47 - [TEST_STEP][PASSED] - AutoEmail = selenium.getEval("{var x="ABCDEFGHIJKLMNOPQRSTUVWXYZabcdefghijklmnopqrstuvwxyz"; var tmp="test."; for (i=0;i<8;i++) tmp+=x.charAt(Math.ceil(51*Math.random()));tmp+="@suryani.cn";}"): null

2019-12-31 08:19:47 - [TEST_STEP][PASSED] - FirstName = FirstName: null

2019-12-31 08:19:47 - [TEST_STEP][PASSED] - LastName = LastName: null

2019-12-31 08:19:47 - [TEST_STEP][PASSED] - Address = Address: null

2019-12-31 08:19:47 - [TEST_STEP][PASSED] - City = City: null

2019-12-31 08:19:47 - [TEST_STEP][PASSED] - Tel = Tel: null

2019-12-31 08:19:47 - [TEST_STEP][PASSED] - AutoEmail = AutoEmail: null

2019-12-31 08:19:47 - [TEST_STEP][PASSED] - println(FirstName): null

2019-12-31 08:19:47 - [TEST_STEP][PASSED] - println(LastName): null

2019-12-31 08:19:47 - [TEST_STEP][PASSED] - println(Address): null

2019-12-31 08:19:47 - [TEST_STEP][PASSED] - println(City): null

2019-12-31 08:19:47 - [TEST_STEP][PASSED] - println(Tel): null

2019-12-31 08:19:47 - [TEST_STEP][PASSED] - println(AutoEmail): null

2019-12-31 08:19:47 - [MESSAGE][PASSED] - Call Test Case 'Test Cases/AHI/_include/name' successfully

2019-12-31 08:19:47 - [TEST_STEP][PASSED] - leadform_exist = test.MobileKeywords.isElementPresent_Web(findTestObject("mobileSanity/quote lead form/lead_form"), 20): test.MobileKeywords.isElementPresent_Web is PASSED

2019-12-31 08:19:47 - [MESSAGE][PASSED] - test.MobileKeywords.isElementPresent_Web is PASSED

2019-12-31 08:19:47 - [TEST_STEP][PASSED] - if (leadform_exist): null

2019-12-31 08:19:47 - [TEST_STEP][PASSED] - setText(findTestObject("mobileSanity/quote lead form/first"), FirstName): Text 'Test-123' is set on object 'Object Repository/mobileSanity/quote lead form/first'

2019-12-31 08:19:47 - [MESSAGE][PASSED] - Text 'Test-123' is set on object 'Object Repository/mobileSanity/quote lead form/first'

2019-12-31 08:19:47 - [TEST_STEP][PASSED] - setText(findTestObject("mobileSanity/quote lead form/last"), LastName): Text 'ZZ11-cUjxKHTM' is set on object 'Object Repository/mobileSanity/quote lead form/last'

2019-12-31 08:19:48 - [MESSAGE][PASSED] - Text 'ZZ11-cUjxKHTM' is set on object 'Object Repository/mobileSanity/quote lead form/last'

2019-12-31 08:19:48 - [TEST_STEP][PASSED] - setText(findTestObject("mobileSanity/quote lead form/email"), AutoEmail): Text 'test.vnOXcGez@suryani.cn' is set on object 'Object Repository/mobileSanity/quote lead form/email'

2019-12-31 08:19:48 - [MESSAGE][PASSED] - Text 'test.vnOXcGez@suryani.cn' is set on object 'Object Repository/mobileSanity/quote lead form/email'

2019-12-31 08:19:48 - [TEST_STEP][PASSED] - setText(findTestObject("mobileSanity/quote lead form/phone"), Tel): Text '385-522-7292' is set on object 'Object Repository/mobileSanity/quote lead form/phone'

2019-12-31 08:19:49 - [MESSAGE][PASSED] - Text '385-522-7292' is set on object 'Object Repository/mobileSanity/quote lead form/phone'

2019-12-31 08:19:49 - [TEST_STEP][PASSED] - click(findTestObject("mobileSanity/quote lead form/submit")): Object: 'Object Repository/mobileSanity/quote lead form/submit' is clicked on

2019-12-31 08:19:49 - [MESSAGE][PASSED] - Object: 'Object Repository/mobileSanity/quote lead form/submit' is clicked on

2019-12-31 08:19:49 - [TEST_STEP][PASSED] - Thread.sleep(3000): null

2019-12-31 08:19:52 - [MESSAGE][PASSED] - Call Test Case 'Test Cases/AHI/_include/check_quoteleadform' successfully

2019-12-31 08:19:52 - [TEST_STEP][PASSED] - callTestCase(findTestCase("AHI/_include/get_screenshot"), [:], STOP_ON_FAILURE): Call Test Case 'Test Cases/AHI/_include/get_screenshot' successfully

2019-12-31 08:19:52 - [TEST_CASE][PASSED] - Test Cases/AHI/_include/get_screenshot: Test Cases/AHI/_include/get_screenshot

2019-12-31 08:19:52 - [TEST_STEP][PASSED] - takeScreenshot(screenPath + i + ".png"): Taking screenshot successfully

2019-12-31 08:19:53 - [MESSAGE][PASSED] - Taking screenshot successfully
[[ATTACHMENT|D:\\Test\\AgileTest\\Reports\\AHI\\hbi\\20191231_080029\\../Screenshots/iPhone 6/hbi/Health Choice/20191231_081917/3.png]]

2019-12-31 08:19:53 - [TEST_STEP][PASSED] - (internal.GlobalVariable.i++): null

2019-12-31 08:19:53 - [MESSAGE][PASSED] - Call Test Case 'Test Cases/AHI/_include/get_screenshot' successfully

2019-12-31 08:19:53 - [MESSAGE][PASSED] - Call Test Case 'Test Cases/AHI/_include/census_hbi' successfully

2019-12-31 08:19:53 - [TEST_STEP][PASSED] - Thread.sleep(5000): null

2019-12-31 08:19:58 - [TEST_STEP][PASSED] - scrollToPosition(200, 2300): Browser is scrolled to position x = 200, y = 2300

2019-12-31 08:19:58 - [MESSAGE][PASSED] - Browser is scrolled to position x = 200, y = 2300

2019-12-31 08:19:58 - [TEST_STEP][PASSED] - click(findTestObject("mobileSanity/HBI/quote/a_Health Choice")): Object: 'Object Repository/mobileSanity/HBI/quote/a_Health Choice' is clicked on

2019-12-31 08:19:58 - [MESSAGE][PASSED] - Object: 'Object Repository/mobileSanity/HBI/quote/a_Health Choice' is clicked on

2019-12-31 08:19:58 - [TEST_STEP][PASSED] - waitForPageLoad(20): Wait for page load successfully

2019-12-31 08:19:58 - [MESSAGE][PASSED] - Wait for page load successfully

2019-12-31 08:19:58 - [TEST_STEP][PASSED] - callTestCase(findTestCase("AHI/_include/get_screenshot"), [:], STOP_ON_FAILURE): Call Test Case 'Test Cases/AHI/_include/get_screenshot' successfully

2019-12-31 08:19:59 - [TEST_CASE][PASSED] - Test Cases/AHI/_include/get_screenshot: Test Cases/AHI/_include/get_screenshot

2019-12-31 08:19:59 - [TEST_STEP][PASSED] - takeScreenshot(screenPath + i + ".png"): Taking screenshot successfully

2019-12-31 08:20:00 - [MESSAGE][PASSED] - Taking screenshot successfully
[[ATTACHMENT|D:\\Test\\AgileTest\\Reports\\AHI\\hbi\\20191231_080029\\../Screenshots/iPhone 6/hbi/Health Choice/20191231_081917/4.png]]

2019-12-31 08:20:00 - [TEST_STEP][PASSED] - (internal.GlobalVariable.i++): null

2019-12-31 08:20:00 - [MESSAGE][PASSED] - Call Test Case 'Test Cases/AHI/_include/get_screenshot' successfully

2019-12-31 08:20:00 - [TEST_STEP][PASSED] - click(findTestObject("mobileSanity/HBI/detail/a_Apply for This Plan")): Object: 'Object Repository/mobileSanity/HBI/detail/a_Apply for This Plan' is clicked on

2019-12-31 08:20:00 - [MESSAGE][PASSED] - Object: 'Object Repository/mobileSanity/HBI/detail/a_Apply for This Plan' is clicked on

2019-12-31 08:20:00 - [TEST_STEP][PASSED] - waitForPageLoad(20): Wait for page load successfully

2019-12-31 08:20:00 - [MESSAGE][PASSED] - Wait for page load successfully

2019-12-31 08:20:00 - [TEST_STEP][PASSED] - callTestCase(findTestCase("AHI/_include/get_screenshot"), [:], STOP_ON_FAILURE): Call Test Case 'Test Cases/AHI/_include/get_screenshot' successfully

2019-12-31 08:20:01 - [TEST_CASE][PASSED] - Test Cases/AHI/_include/get_screenshot: Test Cases/AHI/_include/get_screenshot

2019-12-31 08:20:01 - [TEST_STEP][PASSED] - takeScreenshot(screenPath + i + ".png"): Taking screenshot successfully

2019-12-31 08:20:01 - [MESSAGE][PASSED] - Taking screenshot successfully
[[ATTACHMENT|D:\\Test\\AgileTest\\Reports\\AHI\\hbi\\20191231_080029\\../Screenshots/iPhone 6/hbi/Health Choice/20191231_081917/5.png]]

2019-12-31 08:20:01 - [TEST_STEP][PASSED] - (internal.GlobalVariable.i++): null

2019-12-31 08:20:01 - [MESSAGE][PASSED] - Call Test Case 'Test Cases/AHI/_include/get_screenshot' successfully

2019-12-31 08:20:01 - [TEST_STEP][PASSED] - click(findTestObject("mobileSanity/HBI/Page_Apply/span_Start Secure Application")): Object: 'Object Repository/mobileSanity/HBI/Page_Apply/span_Start Secure Application' is clicked on

2019-12-31 08:20:01 - [MESSAGE][PASSED] - Object: 'Object Repository/mobileSanity/HBI/Page_Apply/span_Start Secure Application' is clicked on

2019-12-31 08:20:01 - [TEST_STEP][PASSED] - waitForPageLoad(20): Wait for page load successfully

2019-12-31 08:20:02 - [MESSAGE][PASSED] - Wait for page load successfully

2019-12-31 08:20:02 - [TEST_STEP][PASSED] - Thread.sleep(5000): null

2019-12-31 08:20:07 - [TEST_STEP][PASSED] - callTestCase(findTestCase("AHI/_include/get_screenshot"), [:], STOP_ON_FAILURE): Call Test Case 'Test Cases/AHI/_include/get_screenshot' successfully

2019-12-31 08:20:07 - [TEST_CASE][PASSED] - Test Cases/AHI/_include/get_screenshot: Test Cases/AHI/_include/get_screenshot

2019-12-31 08:20:07 - [TEST_STEP][PASSED] - takeScreenshot(screenPath + i + ".png"): Taking screenshot successfully

2019-12-31 08:20:07 - [MESSAGE][PASSED] - Taking screenshot successfully
[[ATTACHMENT|D:\\Test\\AgileTest\\Reports\\AHI\\hbi\\20191231_080029\\../Screenshots/iPhone 6/hbi/Health Choice/20191231_081917/6.png]]

2019-12-31 08:20:07 - [TEST_STEP][PASSED] - (internal.GlobalVariable.i++): null

2019-12-31 08:20:07 - [MESSAGE][PASSED] - Call Test Case 'Test Cases/AHI/_include/get_screenshot' successfully

2019-12-31 08:20:07 - [TEST_STEP][PASSED] - callTestCase(findTestCase("AHI/_include/goToEnd_hbi"), ["carrier":"healthchoiceplus"], CONTINUE_ON_FAILURE): Call Test Case 'Test Cases/AHI/_include/goToEnd_hbi' successfully

2019-12-31 08:20:07 - [TEST_CASE][PASSED] - Test Cases/AHI/_include/goToEnd_hbi: Test Cases/AHI/_include/goToEnd_hbi

2019-12-31 08:20:07 - [TEST_STEP][PASSED] - if (state == "ca"): null

2019-12-31 08:20:07 - [TEST_STEP][PASSED] - callTestCase(findTestCase("AHI/_include/name"), [:], CONTINUE_ON_FAILURE): Call Test Case 'Test Cases/AHI/_include/name' successfully

2019-12-31 08:20:07 - [TEST_CASE][PASSED] - Test Cases/AHI/_include/name: Test Cases/AHI/_include/name

2019-12-31 08:20:07 - [TEST_STEP][PASSED] - driver = getWebDriver(): null

2019-12-31 08:20:07 - [TEST_STEP][PASSED] - selenium = new com.thoughtworks.selenium.webdriven.WebDriverBackedSelenium(driver, internal.GlobalVariable.ENV): null

2019-12-31 08:20:07 - [TEST_STEP][PASSED] - FirstName = "Test-123": null

2019-12-31 08:20:07 - [TEST_STEP][PASSED] - LastName = selenium.getEval("{var x="ABCDEFGHIJKLMNOPQRSTUVWXYZabcdefghijklmnopqrstuvwxyz"; var tmp="ZZ11-"; for (i=0;i<8;i++) tmp+=x.charAt(Math.ceil(51*Math.random()));tmp;}"): null

2019-12-31 08:20:07 - [TEST_STEP][PASSED] - Address = selenium.getEval("{var x="ABCDEFGHIJKLMNOPQRSTUVWXYZabcdefghijklmnopqrstuvwxyz"; var tmp=""; for (i=0;i<8;i++) tmp+=x.charAt(Math.ceil(51*Math.random()));tmp;}"): null

2019-12-31 08:20:07 - [TEST_STEP][PASSED] - City = selenium.getEval("{var x="ABCDEFGHIJKLMNOPQRSTUVWXYZabcdefghijklmnopqrstuvwxyz"; var tmp=""; for (i=0;i<8;i++) tmp+=x.charAt(Math.ceil(51*Math.random()));tmp;}"): null

2019-12-31 08:20:07 - [TEST_STEP][PASSED] - tel1 = selenium.getEval("{var x="123456789"; var tmp=""; for (i=0;i<3;i++) tmp+=x.charAt(Math.ceil(8*Math.random()));tmp;}"): null

2019-12-31 08:20:07 - [TEST_STEP][PASSED] - tel2 = selenium.getEval("{var x="123456789"; var tmp=""; for (i=0;i<3;i++) tmp+=x.charAt(Math.ceil(8*Math.random()));tmp;}"): null

2019-12-31 08:20:07 - [TEST_STEP][PASSED] - tel3 = selenium.getEval("{var x="123456789"; var tmp=""; for (i=0;i<4;i++) tmp+=x.charAt(Math.ceil(8*Math.random()));tmp;}"): null

2019-12-31 08:20:07 - [TEST_STEP][PASSED] - Tel = selenium.getExpression(tel1 + "-" + tel2 + "-" + tel3): null

2019-12-31 08:20:07 - [TEST_STEP][PASSED] - AutoEmail = selenium.getEval("{var x="ABCDEFGHIJKLMNOPQRSTUVWXYZabcdefghijklmnopqrstuvwxyz"; var tmp="test."; for (i=0;i<8;i++) tmp+=x.charAt(Math.ceil(51*Math.random()));tmp+="@suryani.cn";}"): null

2019-12-31 08:20:07 - [TEST_STEP][PASSED] - FirstName = FirstName: null

2019-12-31 08:20:07 - [TEST_STEP][PASSED] - LastName = LastName: null

2019-12-31 08:20:07 - [TEST_STEP][PASSED] - Address = Address: null

2019-12-31 08:20:07 - [TEST_STEP][PASSED] - City = City: null

2019-12-31 08:20:07 - [TEST_STEP][PASSED] - Tel = Tel: null

2019-12-31 08:20:07 - [TEST_STEP][PASSED] - AutoEmail = AutoEmail: null

2019-12-31 08:20:07 - [TEST_STEP][PASSED] - println(FirstName): null

2019-12-31 08:20:07 - [TEST_STEP][PASSED] - println(LastName): null

2019-12-31 08:20:07 - [TEST_STEP][PASSED] - println(Address): null

2019-12-31 08:20:07 - [TEST_STEP][PASSED] - println(City): null

2019-12-31 08:20:07 - [TEST_STEP][PASSED] - println(Tel): null

2019-12-31 08:20:07 - [TEST_STEP][PASSED] - println(AutoEmail): null

2019-12-31 08:20:07 - [MESSAGE][PASSED] - Call Test Case 'Test Cases/AHI/_include/name' successfully

2019-12-31 08:20:07 - [TEST_STEP][PASSED] - setText(findTestObject("mobileSanity/HBI/Page_App Page 1/input__member-P-1-firstName"), FirstName): Text 'Test-123' is set on object 'Object Repository/mobileSanity/HBI/Page_App Page 1/input__member-P-1-firstName'

2019-12-31 08:20:07 - [MESSAGE][PASSED] - Text 'Test-123' is set on object 'Object Repository/mobileSanity/HBI/Page_App Page 1/input__member-P-1-firstName'

2019-12-31 08:20:07 - [TEST_STEP][PASSED] - setText(findTestObject("mobileSanity/HBI/Page_App Page 1/input__member-P-1-lastName"), LastName): Text 'ZZ11-IuFZCyWi' is set on object 'Object Repository/mobileSanity/HBI/Page_App Page 1/input__member-P-1-lastName'

2019-12-31 08:20:08 - [MESSAGE][PASSED] - Text 'ZZ11-IuFZCyWi' is set on object 'Object Repository/mobileSanity/HBI/Page_App Page 1/input__member-P-1-lastName'

2019-12-31 08:20:08 - [TEST_STEP][PASSED] - if (carrier == "agileone" || carrier == "agilesecure"): null

2019-12-31 08:20:08 - [TEST_STEP][PASSED] - setText(findTestObject("mobileSanity/HBI/Page_App Page 1/input__address"), Address): Text 'OkNsYutE' is set on object 'Object Repository/mobileSanity/HBI/Page_App Page 1/input__address'

2019-12-31 08:20:08 - [MESSAGE][PASSED] - Text 'OkNsYutE' is set on object 'Object Repository/mobileSanity/HBI/Page_App Page 1/input__address'

2019-12-31 08:20:08 - [TEST_STEP][PASSED] - setText(findTestObject("mobileSanity/HBI/Page_App Page 1/input__city"), City): Text 'xdzDEaOb' is set on object 'Object Repository/mobileSanity/HBI/Page_App Page 1/input__city'

2019-12-31 08:20:08 - [MESSAGE][PASSED] - Text 'xdzDEaOb' is set on object 'Object Repository/mobileSanity/HBI/Page_App Page 1/input__city'

2019-12-31 08:20:08 - [TEST_STEP][PASSED] - setText(findTestObject("mobileSanity/HBI/Page_App Page 1/input__email"), AutoEmail): Text 'test.rqtluObB@suryani.cn' is set on object 'Object Repository/mobileSanity/HBI/Page_App Page 1/input__email'

2019-12-31 08:20:08 - [MESSAGE][PASSED] - Text 'test.rqtluObB@suryani.cn' is set on object 'Object Repository/mobileSanity/HBI/Page_App Page 1/input__email'

2019-12-31 08:20:08 - [TEST_STEP][PASSED] - setText(findTestObject("mobileSanity/HBI/Page_App Page 1/input_tel"), Tel): Text '462-296-2777' is set on object 'Object Repository/mobileSanity/HBI/Page_App Page 1/input_tel'

2019-12-31 08:20:08 - [MESSAGE][PASSED] - Text '462-296-2777' is set on object 'Object Repository/mobileSanity/HBI/Page_App Page 1/input_tel'

2019-12-31 08:20:08 - [TEST_STEP][PASSED] - Thread.sleep(5000): null

2019-12-31 08:20:13 - [TEST_STEP][PASSED] - click(findTestObject("mobileSanity/HBI/Page_App Page 1/a_Continue to Step 2 - Payment")): Object: 'Object Repository/mobileSanity/HBI/Page_App Page 1/a_Continue to Step 2 - Payment' is clicked on

2019-12-31 08:20:14 - [MESSAGE][PASSED] - Object: 'Object Repository/mobileSanity/HBI/Page_App Page 1/a_Continue to Step 2 - Payment' is clicked on

2019-12-31 08:20:14 - [TEST_STEP][PASSED] - waitForPageLoad(20): Wait for page load successfully

2019-12-31 08:20:14 - [MESSAGE][PASSED] - Wait for page load successfully

2019-12-31 08:20:14 - [TEST_STEP][PASSED] - Thread.sleep(2000): null

2019-12-31 08:20:16 - [TEST_STEP][PASSED] - waitForElementVisible(findTestObject("mobileSanity/HBI/Page_App Page 2/input__credit-card-first"), 20): Object 'Object Repository/mobileSanity/HBI/Page_App Page 2/input__credit-card-first' is visible

2019-12-31 08:20:16 - [MESSAGE][PASSED] - Object 'Object Repository/mobileSanity/HBI/Page_App Page 2/input__credit-card-first' is visible

2019-12-31 08:20:16 - [TEST_STEP][PASSED] - callTestCase(findTestCase("AHI/_include/get_screenshot"), [:], STOP_ON_FAILURE): Call Test Case 'Test Cases/AHI/_include/get_screenshot' successfully

2019-12-31 08:20:16 - [TEST_CASE][PASSED] - Test Cases/AHI/_include/get_screenshot: Test Cases/AHI/_include/get_screenshot

2019-12-31 08:20:16 - [TEST_STEP][PASSED] - takeScreenshot(screenPath + i + ".png"): Taking screenshot successfully

2019-12-31 08:20:16 - [MESSAGE][PASSED] - Taking screenshot successfully
[[ATTACHMENT|D:\\Test\\AgileTest\\Reports\\AHI\\hbi\\20191231_080029\\../Screenshots/iPhone 6/hbi/Health Choice/20191231_081917/7.png]]

2019-12-31 08:20:16 - [TEST_STEP][PASSED] - (internal.GlobalVariable.i++): null

2019-12-31 08:20:16 - [MESSAGE][PASSED] - Call Test Case 'Test Cases/AHI/_include/get_screenshot' successfully

2019-12-31 08:20:16 - [TEST_STEP][PASSED] - setText(findTestObject("mobileSanity/HBI/Page_App Page 2/input__credit-card-first"), FirstName): Text 'Test-123' is set on object 'Object Repository/mobileSanity/HBI/Page_App Page 2/input__credit-card-first'

2019-12-31 08:20:17 - [MESSAGE][PASSED] - Text 'Test-123' is set on object 'Object Repository/mobileSanity/HBI/Page_App Page 2/input__credit-card-first'

2019-12-31 08:20:17 - [TEST_STEP][PASSED] - setText(findTestObject("mobileSanity/HBI/Page_App Page 2/input__credit-card-last"), LastName): Text 'ZZ11-IuFZCyWi' is set on object 'Object Repository/mobileSanity/HBI/Page_App Page 2/input__credit-card-last'

2019-12-31 08:20:17 - [MESSAGE][PASSED] - Text 'ZZ11-IuFZCyWi' is set on object 'Object Repository/mobileSanity/HBI/Page_App Page 2/input__credit-card-last'

2019-12-31 08:20:17 - [TEST_STEP][PASSED] - selectOptionByValue(findTestObject("mobileSanity/HBI/Page_App Page 2/select_MM010203040506070809101"), "12", true): All options with value '12' are selected in object 'Object Repository/mobileSanity/HBI/Page_App Page 2/select_MM010203040506070809101'  using regular expression

2019-12-31 08:20:18 - [MESSAGE][PASSED] - All options with value '12' are selected in object 'Object Repository/mobileSanity/HBI/Page_App Page 2/select_MM010203040506070809101'  using regular expression

2019-12-31 08:20:18 - [TEST_STEP][PASSED] - selectOptionByValue(findTestObject("mobileSanity/HBI/Page_App Page 2/select_YYYY2019202020212022202"), "2026", true): All options with value '2026' are selected in object 'Object Repository/mobileSanity/HBI/Page_App Page 2/select_YYYY2019202020212022202'  using regular expression

2019-12-31 08:20:18 - [MESSAGE][PASSED] - All options with value '2026' are selected in object 'Object Repository/mobileSanity/HBI/Page_App Page 2/select_YYYY2019202020212022202'  using regular expression

2019-12-31 08:20:18 - [TEST_STEP][PASSED] - setText(findTestObject("mobileSanity/HBI/Page_App Page 2/input__credit-card-number"), "4111111111111111"): Text '4111111111111111' is set on object 'Object Repository/mobileSanity/HBI/Page_App Page 2/input__credit-card-number'

2019-12-31 08:20:18 - [MESSAGE][PASSED] - Text '4111111111111111' is set on object 'Object Repository/mobileSanity/HBI/Page_App Page 2/input__credit-card-number'

2019-12-31 08:20:18 - [TEST_STEP][PASSED] - setText(findTestObject("mobileSanity/HBI/Page_App Page 2/input__cvv"), "123"): Text '123' is set on object 'Object Repository/mobileSanity/HBI/Page_App Page 2/input__cvv'

2019-12-31 08:20:19 - [MESSAGE][PASSED] - Text '123' is set on object 'Object Repository/mobileSanity/HBI/Page_App Page 2/input__cvv'

2019-12-31 08:20:19 - [TEST_STEP][PASSED] - click(findTestObject("mobileSanity/HBI/Page_App Page 2/label_My billing address is th")): Object: 'Object Repository/mobileSanity/HBI/Page_App Page 2/label_My billing address is th' is clicked on

2019-12-31 08:20:19 - [MESSAGE][PASSED] - Object: 'Object Repository/mobileSanity/HBI/Page_App Page 2/label_My billing address is th' is clicked on

2019-12-31 08:20:19 - [TEST_STEP][PASSED] - click(findTestObject("mobileSanity/HBI/Page_App Page 2/label_I Accept Authorization f")): Object: 'Object Repository/mobileSanity/HBI/Page_App Page 2/label_I Accept Authorization f' is clicked on

2019-12-31 08:20:20 - [MESSAGE][PASSED] - Object: 'Object Repository/mobileSanity/HBI/Page_App Page 2/label_I Accept Authorization f' is clicked on

2019-12-31 08:20:20 - [TEST_STEP][PASSED] - click(findTestObject("mobileSanity/HBI/Page_App Page 2/a_Continue to Step 3 - Review")): Object: 'Object Repository/mobileSanity/HBI/Page_App Page 2/a_Continue to Step 3 - Review' is clicked on

2019-12-31 08:20:20 - [MESSAGE][PASSED] - Object: 'Object Repository/mobileSanity/HBI/Page_App Page 2/a_Continue to Step 3 - Review' is clicked on

2019-12-31 08:20:20 - [TEST_STEP][PASSED] - waitForPageLoad(20): Wait for page load successfully

2019-12-31 08:20:20 - [MESSAGE][PASSED] - Wait for page load successfully

2019-12-31 08:20:20 - [TEST_STEP][PASSED] - Thread.sleep(10000): null

2019-12-31 08:20:30 - [TEST_STEP][PASSED] - waitForElementPresent(findTestObject("mobileSanity/HBI/Page_App Page 3/label"), 20): Object 'Object Repository/mobileSanity/HBI/Page_App Page 3/label' is present

2019-12-31 08:20:31 - [MESSAGE][PASSED] - Object 'Object Repository/mobileSanity/HBI/Page_App Page 3/label' is present

2019-12-31 08:20:31 - [TEST_STEP][PASSED] - callTestCase(findTestCase("AHI/_include/get_screenshot"), [:], STOP_ON_FAILURE): Call Test Case 'Test Cases/AHI/_include/get_screenshot' successfully

2019-12-31 08:20:31 - [TEST_CASE][PASSED] - Test Cases/AHI/_include/get_screenshot: Test Cases/AHI/_include/get_screenshot

2019-12-31 08:20:31 - [TEST_STEP][PASSED] - takeScreenshot(screenPath + i + ".png"): Taking screenshot successfully

2019-12-31 08:20:31 - [MESSAGE][PASSED] - Taking screenshot successfully
[[ATTACHMENT|D:\\Test\\AgileTest\\Reports\\AHI\\hbi\\20191231_080029\\../Screenshots/iPhone 6/hbi/Health Choice/20191231_081917/8.png]]

2019-12-31 08:20:31 - [TEST_STEP][PASSED] - (internal.GlobalVariable.i++): null

2019-12-31 08:20:31 - [MESSAGE][PASSED] - Call Test Case 'Test Cases/AHI/_include/get_screenshot' successfully

2019-12-31 08:20:31 - [TEST_STEP][PASSED] - click(findTestObject("mobileSanity/HBI/Page_App Page 3/label")): Object: 'Object Repository/mobileSanity/HBI/Page_App Page 3/label' is clicked on

2019-12-31 08:20:32 - [MESSAGE][PASSED] - Object: 'Object Repository/mobileSanity/HBI/Page_App Page 3/label' is clicked on

2019-12-31 08:20:32 - [TEST_STEP][PASSED] - click(findTestObject("mobileSanity/HBI/Page_App Page 3/p_CLICK TO SIGN")): Object: 'Object Repository/mobileSanity/HBI/Page_App Page 3/p_CLICK TO SIGN' is clicked on

2019-12-31 08:20:32 - [MESSAGE][PASSED] - Object: 'Object Repository/mobileSanity/HBI/Page_App Page 3/p_CLICK TO SIGN' is clicked on

2019-12-31 08:20:32 - [TEST_STEP][PASSED] - click(findTestObject("mobileSanity/HBI/Page_App Page 3/a_Submit Your Application")): Object: 'Object Repository/mobileSanity/HBI/Page_App Page 3/a_Submit Your Application' is clicked on

2019-12-31 08:20:33 - [MESSAGE][PASSED] - Object: 'Object Repository/mobileSanity/HBI/Page_App Page 3/a_Submit Your Application' is clicked on

2019-12-31 08:20:33 - [TEST_STEP][PASSED] - Thread.sleep(30000): null

2019-12-31 08:21:03 - [TEST_STEP][PASSED] - callTestCase(findTestCase("AHI/_include/get_screenshot"), [:], STOP_ON_FAILURE): Call Test Case 'Test Cases/AHI/_include/get_screenshot' successfully

2019-12-31 08:21:03 - [TEST_CASE][PASSED] - Test Cases/AHI/_include/get_screenshot: Test Cases/AHI/_include/get_screenshot

2019-12-31 08:21:03 - [TEST_STEP][PASSED] - takeScreenshot(screenPath + i + ".png"): Taking screenshot successfully

2019-12-31 08:21:03 - [MESSAGE][PASSED] - Taking screenshot successfully
[[ATTACHMENT|D:\\Test\\AgileTest\\Reports\\AHI\\hbi\\20191231_080029\\../Screenshots/iPhone 6/hbi/Health Choice/20191231_081917/9.png]]

2019-12-31 08:21:03 - [TEST_STEP][PASSED] - (internal.GlobalVariable.i++): null

2019-12-31 08:21:03 - [MESSAGE][PASSED] - Call Test Case 'Test Cases/AHI/_include/get_screenshot' successfully

2019-12-31 08:21:03 - [TEST_STEP][PASSED] - verifyTextPresent("Congratulations", false): Text 'Congratulations' is present on page 

2019-12-31 08:21:03 - [MESSAGE][PASSED] - Text 'Congratulations' is present on page 

2019-12-31 08:21:03 - [MESSAGE][PASSED] - Call Test Case 'Test Cases/AHI/_include/goToEnd_hbi' successfully]]></system-out>
         <system-err><![CDATA[]]></system-err>
      </testcase>
      <testcase name="Test Cases/AHI/HBI/Vitala Care" classname="Test Cases/AHI/HBI/Vitala Care" status="PASSED">
         <system-out><![CDATA[2019-12-31 08:21:03 - [TEST_CASE][PASSED] - Test Cases/AHI/HBI/Vitala Care: Test Cases/AHI/HBI/Vitala Care

2019-12-31 08:21:04 - [TEST_STEP][PASSED] - callTestCase(findTestCase("AHI/_include/get_screenPath"), ["productLine":"hbi", "carrierName":"Vitala Care"], CONTINUE_ON_FAILURE): Call Test Case 'Test Cases/AHI/_include/get_screenPath' successfully

2019-12-31 08:21:04 - [TEST_CASE][PASSED] - Test Cases/AHI/_include/get_screenPath: Test Cases/AHI/_include/get_screenPath

2019-12-31 08:21:04 - [TEST_STEP][PASSED] - m = getExecutionProperties(): null

2019-12-31 08:21:04 - [TEST_STEP][PASSED] - deviceName = get("mobileEmulation").get("deviceName"): null

2019-12-31 08:21:04 - [TEST_STEP][PASSED] - println(deviceName): null

2019-12-31 08:21:04 - [TEST_STEP][PASSED] - now = new java.util.Date(): null

2019-12-31 08:21:04 - [TEST_STEP][PASSED] - mydate = now.format("yyyyMMdd_HHmmss"): null

2019-12-31 08:21:04 - [TEST_STEP][PASSED] - screenPath = "../Screenshots/": null

2019-12-31 08:21:04 - [TEST_STEP][PASSED] - screenPath = screenPath + deviceName + "/" + productLine + "/" + carrierName + "/" + mydate + "/": null

2019-12-31 08:21:04 - [TEST_STEP][PASSED] - println(screenPath): null

2019-12-31 08:21:04 - [MESSAGE][PASSED] - Call Test Case 'Test Cases/AHI/_include/get_screenPath' successfully

2019-12-31 08:21:04 - [TEST_STEP][PASSED] - i = 0: null

2019-12-31 08:21:04 - [TEST_STEP][PASSED] - callTestCase(findTestCase("AHI/_include/openWebSite"), [:], CONTINUE_ON_FAILURE): Call Test Case 'Test Cases/AHI/_include/openWebSite' successfully

2019-12-31 08:21:04 - [TEST_CASE][PASSED] - Test Cases/AHI/_include/openWebSite: Test Cases/AHI/_include/openWebSite

2019-12-31 08:21:04 - [TEST_STEP][PASSED] - openBrowser(env): Browser is opened with url: 'https://praetemptatus.agilehealthinsurance.com'

2019-12-31 08:21:04 - [MESSAGE][WARNING] - A browser is already opened. Closing browser and opening a new one

2019-12-31 08:21:06 - [MESSAGE][INFO] - Starting 'Chrome' driver

2019-12-31 08:21:06 - [MESSAGE][INFO] - User set preference: ['mobileEmulation', '{deviceName=iPhone 6}']

2019-12-31 08:21:06 - [MESSAGE][INFO] - User set preference: ['args', '[--incognito, --aggressive-cache-discard, --window-size=375,677, --no-sandbox]']

2019-12-31 08:21:10 - [MESSAGE][PASSED] - Browser is opened with url: 'https://praetemptatus.agilehealthinsurance.com'

2019-12-31 08:21:10 - [TEST_STEP][PASSED] - waitForPageLoad(20): Wait for page load successfully

2019-12-31 08:21:10 - [MESSAGE][PASSED] - Wait for page load successfully

2019-12-31 08:21:10 - [TEST_STEP][PASSED] - callTestCase(findTestCase("AHI/_include/get_screenshot"), [:], STOP_ON_FAILURE): Call Test Case 'Test Cases/AHI/_include/get_screenshot' successfully

2019-12-31 08:21:10 - [TEST_CASE][PASSED] - Test Cases/AHI/_include/get_screenshot: Test Cases/AHI/_include/get_screenshot

2019-12-31 08:21:10 - [TEST_STEP][PASSED] - takeScreenshot(screenPath + i + ".png"): Taking screenshot successfully

2019-12-31 08:21:12 - [MESSAGE][PASSED] - Taking screenshot successfully
[[ATTACHMENT|D:\\Test\\AgileTest\\Reports\\AHI\\hbi\\20191231_080029\\../Screenshots/iPhone 6/hbi/Vitala Care/20191231_082104/0.png]]

2019-12-31 08:21:12 - [TEST_STEP][PASSED] - (internal.GlobalVariable.i++): null

2019-12-31 08:21:12 - [MESSAGE][PASSED] - Call Test Case 'Test Cases/AHI/_include/get_screenshot' successfully

2019-12-31 08:21:12 - [MESSAGE][PASSED] - Call Test Case 'Test Cases/AHI/_include/openWebSite' successfully

2019-12-31 08:21:12 - [TEST_STEP][PASSED] - callTestCase(findTestCase("AHI/_include/census_hbi"), ["zipcode":"90011"], CONTINUE_ON_FAILURE): Call Test Case 'Test Cases/AHI/_include/census_hbi' successfully

2019-12-31 08:21:12 - [TEST_CASE][PASSED] - Test Cases/AHI/_include/census_hbi: Test Cases/AHI/_include/census_hbi

2019-12-31 08:21:12 - [TEST_STEP][PASSED] - click(findTestObject("mobileSanity/Common/side_nav/menu")): Object: 'Object Repository/mobileSanity/Common/side_nav/menu' is clicked on

2019-12-31 08:21:12 - [MESSAGE][PASSED] - Object: 'Object Repository/mobileSanity/Common/side_nav/menu' is clicked on

2019-12-31 08:21:12 - [TEST_STEP][PASSED] - Thread.sleep(3000): null

2019-12-31 08:21:15 - [TEST_STEP][PASSED] - callTestCase(findTestCase("AHI/_include/get_screenshot"), [:], STOP_ON_FAILURE): Call Test Case 'Test Cases/AHI/_include/get_screenshot' successfully

2019-12-31 08:21:15 - [TEST_CASE][PASSED] - Test Cases/AHI/_include/get_screenshot: Test Cases/AHI/_include/get_screenshot

2019-12-31 08:21:15 - [TEST_STEP][PASSED] - takeScreenshot(screenPath + i + ".png"): Taking screenshot successfully

2019-12-31 08:21:16 - [MESSAGE][PASSED] - Taking screenshot successfully
[[ATTACHMENT|D:\\Test\\AgileTest\\Reports\\AHI\\hbi\\20191231_080029\\../Screenshots/iPhone 6/hbi/Vitala Care/20191231_082104/1.png]]

2019-12-31 08:21:16 - [TEST_STEP][PASSED] - (internal.GlobalVariable.i++): null

2019-12-31 08:21:16 - [MESSAGE][PASSED] - Call Test Case 'Test Cases/AHI/_include/get_screenshot' successfully

2019-12-31 08:21:16 - [TEST_STEP][PASSED] - click(findTestObject("mobileSanity/Common/side_nav/nav_hbi")): Object: 'Object Repository/mobileSanity/Common/side_nav/nav_hbi' is clicked on

2019-12-31 08:21:17 - [MESSAGE][PASSED] - Object: 'Object Repository/mobileSanity/Common/side_nav/nav_hbi' is clicked on

2019-12-31 08:21:17 - [TEST_STEP][PASSED] - waitForPageLoad(10): Wait for page load successfully

2019-12-31 08:21:18 - [MESSAGE][PASSED] - Wait for page load successfully

2019-12-31 08:21:18 - [TEST_STEP][PASSED] - Thread.sleep(3000): null

2019-12-31 08:21:21 - [TEST_STEP][PASSED] - callTestCase(findTestCase("AHI/_include/get_screenshot"), [:], STOP_ON_FAILURE): Call Test Case 'Test Cases/AHI/_include/get_screenshot' successfully

2019-12-31 08:21:21 - [TEST_CASE][PASSED] - Test Cases/AHI/_include/get_screenshot: Test Cases/AHI/_include/get_screenshot

2019-12-31 08:21:21 - [TEST_STEP][PASSED] - takeScreenshot(screenPath + i + ".png"): Taking screenshot successfully

2019-12-31 08:21:22 - [MESSAGE][PASSED] - Taking screenshot successfully
[[ATTACHMENT|D:\\Test\\AgileTest\\Reports\\AHI\\hbi\\20191231_080029\\../Screenshots/iPhone 6/hbi/Vitala Care/20191231_082104/2.png]]

2019-12-31 08:21:22 - [TEST_STEP][PASSED] - (internal.GlobalVariable.i++): null

2019-12-31 08:21:22 - [MESSAGE][PASSED] - Call Test Case 'Test Cases/AHI/_include/get_screenshot' successfully

2019-12-31 08:21:22 - [TEST_STEP][PASSED] - setText(findTestObject("mobileSanity/HBI/census/input_Location_zip-input"), zipcode): Text '90011' is set on object 'Object Repository/mobileSanity/HBI/census/input_Location_zip-input'

2019-12-31 08:21:22 - [MESSAGE][PASSED] - Text '90011' is set on object 'Object Repository/mobileSanity/HBI/census/input_Location_zip-input'

2019-12-31 08:21:22 - [TEST_STEP][PASSED] - Thread.sleep(500): null

2019-12-31 08:21:23 - [TEST_STEP][PASSED] - setText(findTestObject("mobileSanity/HBI/census/input_Date of Birth_dob-0"), "12121980"): Text '12121980' is set on object 'Object Repository/mobileSanity/HBI/census/input_Date of Birth_dob-0'

2019-12-31 08:21:23 - [MESSAGE][PASSED] - Text '12121980' is set on object 'Object Repository/mobileSanity/HBI/census/input_Date of Birth_dob-0'

2019-12-31 08:21:23 - [TEST_STEP][PASSED] - click(findTestObject("mobileSanity/HBI/census/label_Male")): Object: 'Object Repository/mobileSanity/HBI/census/label_Male' is clicked on

2019-12-31 08:21:23 - [MESSAGE][PASSED] - Object: 'Object Repository/mobileSanity/HBI/census/label_Male' is clicked on

2019-12-31 08:21:23 - [TEST_STEP][PASSED] - click(findTestObject("mobileSanity/HBI/census/label_Get a Quote")): Object: 'Object Repository/mobileSanity/HBI/census/label_Get a Quote' is clicked on

2019-12-31 08:21:24 - [MESSAGE][PASSED] - Object: 'Object Repository/mobileSanity/HBI/census/label_Get a Quote' is clicked on

2019-12-31 08:21:24 - [TEST_STEP][PASSED] - waitForPageLoad(20): Wait for page load successfully

2019-12-31 08:21:26 - [MESSAGE][PASSED] - Wait for page load successfully

2019-12-31 08:21:26 - [TEST_STEP][PASSED] - Thread.sleep(3000): null

2019-12-31 08:21:29 - [TEST_STEP][PASSED] - callTestCase(findTestCase("AHI/_include/check_quoteleadform"), [:], STOP_ON_FAILURE): Call Test Case 'Test Cases/AHI/_include/check_quoteleadform' successfully

2019-12-31 08:21:29 - [TEST_CASE][PASSED] - Test Cases/AHI/_include/check_quoteleadform: Test Cases/AHI/_include/check_quoteleadform

2019-12-31 08:21:29 - [TEST_STEP][PASSED] - callTestCase(findTestCase("AHI/_include/name"), [:], CONTINUE_ON_FAILURE): Call Test Case 'Test Cases/AHI/_include/name' successfully

2019-12-31 08:21:29 - [TEST_CASE][PASSED] - Test Cases/AHI/_include/name: Test Cases/AHI/_include/name

2019-12-31 08:21:29 - [TEST_STEP][PASSED] - driver = getWebDriver(): null

2019-12-31 08:21:29 - [TEST_STEP][PASSED] - selenium = new com.thoughtworks.selenium.webdriven.WebDriverBackedSelenium(driver, internal.GlobalVariable.ENV): null

2019-12-31 08:21:29 - [TEST_STEP][PASSED] - FirstName = "Test-123": null

2019-12-31 08:21:29 - [TEST_STEP][PASSED] - LastName = selenium.getEval("{var x="ABCDEFGHIJKLMNOPQRSTUVWXYZabcdefghijklmnopqrstuvwxyz"; var tmp="ZZ11-"; for (i=0;i<8;i++) tmp+=x.charAt(Math.ceil(51*Math.random()));tmp;}"): null

2019-12-31 08:21:29 - [TEST_STEP][PASSED] - Address = selenium.getEval("{var x="ABCDEFGHIJKLMNOPQRSTUVWXYZabcdefghijklmnopqrstuvwxyz"; var tmp=""; for (i=0;i<8;i++) tmp+=x.charAt(Math.ceil(51*Math.random()));tmp;}"): null

2019-12-31 08:21:29 - [TEST_STEP][PASSED] - City = selenium.getEval("{var x="ABCDEFGHIJKLMNOPQRSTUVWXYZabcdefghijklmnopqrstuvwxyz"; var tmp=""; for (i=0;i<8;i++) tmp+=x.charAt(Math.ceil(51*Math.random()));tmp;}"): null

2019-12-31 08:21:29 - [TEST_STEP][PASSED] - tel1 = selenium.getEval("{var x="123456789"; var tmp=""; for (i=0;i<3;i++) tmp+=x.charAt(Math.ceil(8*Math.random()));tmp;}"): null

2019-12-31 08:21:29 - [TEST_STEP][PASSED] - tel2 = selenium.getEval("{var x="123456789"; var tmp=""; for (i=0;i<3;i++) tmp+=x.charAt(Math.ceil(8*Math.random()));tmp;}"): null

2019-12-31 08:21:29 - [TEST_STEP][PASSED] - tel3 = selenium.getEval("{var x="123456789"; var tmp=""; for (i=0;i<4;i++) tmp+=x.charAt(Math.ceil(8*Math.random()));tmp;}"): null

2019-12-31 08:21:29 - [TEST_STEP][PASSED] - Tel = selenium.getExpression(tel1 + "-" + tel2 + "-" + tel3): null

2019-12-31 08:21:29 - [TEST_STEP][PASSED] - AutoEmail = selenium.getEval("{var x="ABCDEFGHIJKLMNOPQRSTUVWXYZabcdefghijklmnopqrstuvwxyz"; var tmp="test."; for (i=0;i<8;i++) tmp+=x.charAt(Math.ceil(51*Math.random()));tmp+="@suryani.cn";}"): null

2019-12-31 08:21:29 - [TEST_STEP][PASSED] - FirstName = FirstName: null

2019-12-31 08:21:29 - [TEST_STEP][PASSED] - LastName = LastName: null

2019-12-31 08:21:29 - [TEST_STEP][PASSED] - Address = Address: null

2019-12-31 08:21:29 - [TEST_STEP][PASSED] - City = City: null

2019-12-31 08:21:29 - [TEST_STEP][PASSED] - Tel = Tel: null

2019-12-31 08:21:29 - [TEST_STEP][PASSED] - AutoEmail = AutoEmail: null

2019-12-31 08:21:29 - [TEST_STEP][PASSED] - println(FirstName): null

2019-12-31 08:21:29 - [TEST_STEP][PASSED] - println(LastName): null

2019-12-31 08:21:29 - [TEST_STEP][PASSED] - println(Address): null

2019-12-31 08:21:29 - [TEST_STEP][PASSED] - println(City): null

2019-12-31 08:21:29 - [TEST_STEP][PASSED] - println(Tel): null

2019-12-31 08:21:29 - [TEST_STEP][PASSED] - println(AutoEmail): null

2019-12-31 08:21:29 - [MESSAGE][PASSED] - Call Test Case 'Test Cases/AHI/_include/name' successfully

2019-12-31 08:21:29 - [TEST_STEP][PASSED] - leadform_exist = test.MobileKeywords.isElementPresent_Web(findTestObject("mobileSanity/quote lead form/lead_form"), 20): test.MobileKeywords.isElementPresent_Web is PASSED

2019-12-31 08:21:29 - [MESSAGE][PASSED] - test.MobileKeywords.isElementPresent_Web is PASSED

2019-12-31 08:21:29 - [TEST_STEP][PASSED] - if (leadform_exist): null

2019-12-31 08:21:29 - [TEST_STEP][PASSED] - setText(findTestObject("mobileSanity/quote lead form/first"), FirstName): Text 'Test-123' is set on object 'Object Repository/mobileSanity/quote lead form/first'

2019-12-31 08:21:30 - [MESSAGE][PASSED] - Text 'Test-123' is set on object 'Object Repository/mobileSanity/quote lead form/first'

2019-12-31 08:21:30 - [TEST_STEP][PASSED] - setText(findTestObject("mobileSanity/quote lead form/last"), LastName): Text 'ZZ11-KECzlIIz' is set on object 'Object Repository/mobileSanity/quote lead form/last'

2019-12-31 08:21:30 - [MESSAGE][PASSED] - Text 'ZZ11-KECzlIIz' is set on object 'Object Repository/mobileSanity/quote lead form/last'

2019-12-31 08:21:30 - [TEST_STEP][PASSED] - setText(findTestObject("mobileSanity/quote lead form/email"), AutoEmail): Text 'test.YuEareoS@suryani.cn' is set on object 'Object Repository/mobileSanity/quote lead form/email'

2019-12-31 08:21:30 - [MESSAGE][PASSED] - Text 'test.YuEareoS@suryani.cn' is set on object 'Object Repository/mobileSanity/quote lead form/email'

2019-12-31 08:21:30 - [TEST_STEP][PASSED] - setText(findTestObject("mobileSanity/quote lead form/phone"), Tel): Text '628-499-6758' is set on object 'Object Repository/mobileSanity/quote lead form/phone'

2019-12-31 08:21:30 - [MESSAGE][PASSED] - Text '628-499-6758' is set on object 'Object Repository/mobileSanity/quote lead form/phone'

2019-12-31 08:21:30 - [TEST_STEP][PASSED] - click(findTestObject("mobileSanity/quote lead form/submit")): Object: 'Object Repository/mobileSanity/quote lead form/submit' is clicked on

2019-12-31 08:21:30 - [MESSAGE][PASSED] - Object: 'Object Repository/mobileSanity/quote lead form/submit' is clicked on

2019-12-31 08:21:30 - [TEST_STEP][PASSED] - Thread.sleep(3000): null

2019-12-31 08:21:33 - [MESSAGE][PASSED] - Call Test Case 'Test Cases/AHI/_include/check_quoteleadform' successfully

2019-12-31 08:21:33 - [TEST_STEP][PASSED] - callTestCase(findTestCase("AHI/_include/get_screenshot"), [:], STOP_ON_FAILURE): Call Test Case 'Test Cases/AHI/_include/get_screenshot' successfully

2019-12-31 08:21:33 - [TEST_CASE][PASSED] - Test Cases/AHI/_include/get_screenshot: Test Cases/AHI/_include/get_screenshot

2019-12-31 08:21:33 - [TEST_STEP][PASSED] - takeScreenshot(screenPath + i + ".png"): Taking screenshot successfully

2019-12-31 08:21:34 - [MESSAGE][PASSED] - Taking screenshot successfully
[[ATTACHMENT|D:\\Test\\AgileTest\\Reports\\AHI\\hbi\\20191231_080029\\../Screenshots/iPhone 6/hbi/Vitala Care/20191231_082104/3.png]]

2019-12-31 08:21:34 - [TEST_STEP][PASSED] - (internal.GlobalVariable.i++): null

2019-12-31 08:21:34 - [MESSAGE][PASSED] - Call Test Case 'Test Cases/AHI/_include/get_screenshot' successfully

2019-12-31 08:21:34 - [MESSAGE][PASSED] - Call Test Case 'Test Cases/AHI/_include/census_hbi' successfully

2019-12-31 08:21:34 - [TEST_STEP][PASSED] - Thread.sleep(5000): null

2019-12-31 08:21:39 - [TEST_STEP][PASSED] - scrollToPosition(200, 2300): Browser is scrolled to position x = 200, y = 2300

2019-12-31 08:21:39 - [MESSAGE][PASSED] - Browser is scrolled to position x = 200, y = 2300

2019-12-31 08:21:39 - [TEST_STEP][PASSED] - click(findTestObject("mobileSanity/HBI/quote/a_Vitala Care")): Object: 'Object Repository/mobileSanity/HBI/quote/a_Vitala Care' is clicked on

2019-12-31 08:21:40 - [MESSAGE][PASSED] - Object: 'Object Repository/mobileSanity/HBI/quote/a_Vitala Care' is clicked on

2019-12-31 08:21:40 - [TEST_STEP][PASSED] - waitForPageLoad(20): Wait for page load successfully

2019-12-31 08:21:40 - [MESSAGE][PASSED] - Wait for page load successfully

2019-12-31 08:21:40 - [TEST_STEP][PASSED] - callTestCase(findTestCase("AHI/_include/get_screenshot"), [:], STOP_ON_FAILURE): Call Test Case 'Test Cases/AHI/_include/get_screenshot' successfully

2019-12-31 08:21:40 - [TEST_CASE][PASSED] - Test Cases/AHI/_include/get_screenshot: Test Cases/AHI/_include/get_screenshot

2019-12-31 08:21:40 - [TEST_STEP][PASSED] - takeScreenshot(screenPath + i + ".png"): Taking screenshot successfully

2019-12-31 08:21:41 - [MESSAGE][PASSED] - Taking screenshot successfully
[[ATTACHMENT|D:\\Test\\AgileTest\\Reports\\AHI\\hbi\\20191231_080029\\../Screenshots/iPhone 6/hbi/Vitala Care/20191231_082104/4.png]]

2019-12-31 08:21:41 - [TEST_STEP][PASSED] - (internal.GlobalVariable.i++): null

2019-12-31 08:21:41 - [MESSAGE][PASSED] - Call Test Case 'Test Cases/AHI/_include/get_screenshot' successfully

2019-12-31 08:21:41 - [TEST_STEP][PASSED] - click(findTestObject("mobileSanity/HBI/detail/a_Apply for This Plan")): Object: 'Object Repository/mobileSanity/HBI/detail/a_Apply for This Plan' is clicked on

2019-12-31 08:21:42 - [MESSAGE][PASSED] - Object: 'Object Repository/mobileSanity/HBI/detail/a_Apply for This Plan' is clicked on

2019-12-31 08:21:42 - [TEST_STEP][PASSED] - waitForPageLoad(20): Wait for page load successfully

2019-12-31 08:21:43 - [MESSAGE][PASSED] - Wait for page load successfully

2019-12-31 08:21:43 - [TEST_STEP][PASSED] - callTestCase(findTestCase("AHI/_include/get_screenshot"), [:], STOP_ON_FAILURE): Call Test Case 'Test Cases/AHI/_include/get_screenshot' successfully

2019-12-31 08:21:43 - [TEST_CASE][PASSED] - Test Cases/AHI/_include/get_screenshot: Test Cases/AHI/_include/get_screenshot

2019-12-31 08:21:43 - [TEST_STEP][PASSED] - takeScreenshot(screenPath + i + ".png"): Taking screenshot successfully

2019-12-31 08:21:43 - [MESSAGE][PASSED] - Taking screenshot successfully
[[ATTACHMENT|D:\\Test\\AgileTest\\Reports\\AHI\\hbi\\20191231_080029\\../Screenshots/iPhone 6/hbi/Vitala Care/20191231_082104/5.png]]

2019-12-31 08:21:43 - [TEST_STEP][PASSED] - (internal.GlobalVariable.i++): null

2019-12-31 08:21:43 - [MESSAGE][PASSED] - Call Test Case 'Test Cases/AHI/_include/get_screenshot' successfully

2019-12-31 08:21:43 - [TEST_STEP][PASSED] - click(findTestObject("mobileSanity/HBI/Page_Apply/span_Start Secure Application")): Object: 'Object Repository/mobileSanity/HBI/Page_Apply/span_Start Secure Application' is clicked on

2019-12-31 08:21:44 - [MESSAGE][PASSED] - Object: 'Object Repository/mobileSanity/HBI/Page_Apply/span_Start Secure Application' is clicked on

2019-12-31 08:21:44 - [TEST_STEP][PASSED] - waitForPageLoad(20): Wait for page load successfully

2019-12-31 08:21:45 - [MESSAGE][PASSED] - Wait for page load successfully

2019-12-31 08:21:45 - [TEST_STEP][PASSED] - Thread.sleep(5000): null

2019-12-31 08:21:50 - [TEST_STEP][PASSED] - callTestCase(findTestCase("AHI/_include/get_screenshot"), [:], STOP_ON_FAILURE): Call Test Case 'Test Cases/AHI/_include/get_screenshot' successfully

2019-12-31 08:21:50 - [TEST_CASE][PASSED] - Test Cases/AHI/_include/get_screenshot: Test Cases/AHI/_include/get_screenshot

2019-12-31 08:21:50 - [TEST_STEP][PASSED] - takeScreenshot(screenPath + i + ".png"): Taking screenshot successfully

2019-12-31 08:21:50 - [MESSAGE][PASSED] - Taking screenshot successfully
[[ATTACHMENT|D:\\Test\\AgileTest\\Reports\\AHI\\hbi\\20191231_080029\\../Screenshots/iPhone 6/hbi/Vitala Care/20191231_082104/6.png]]

2019-12-31 08:21:50 - [TEST_STEP][PASSED] - (internal.GlobalVariable.i++): null

2019-12-31 08:21:50 - [MESSAGE][PASSED] - Call Test Case 'Test Cases/AHI/_include/get_screenshot' successfully

2019-12-31 08:21:50 - [TEST_STEP][PASSED] - callTestCase(findTestCase("AHI/_include/goToEnd_hbi"), ["state":"ca", "carrier":"vitalacare"], CONTINUE_ON_FAILURE): Call Test Case 'Test Cases/AHI/_include/goToEnd_hbi' successfully

2019-12-31 08:21:50 - [TEST_CASE][PASSED] - Test Cases/AHI/_include/goToEnd_hbi: Test Cases/AHI/_include/goToEnd_hbi

2019-12-31 08:21:50 - [TEST_STEP][PASSED] - if (state == "ca"): Call Test Case 'Test Cases/AHI/_include/get_screenshot' successfully

2019-12-31 08:21:50 - [TEST_STEP][PASSED] - Thread.sleep(3000): null

2019-12-31 08:21:53 - [TEST_STEP][PASSED] - click(findTestObject("mobileSanity/HBI/Page_App Page 1/yes_question_1")): Object: 'Object Repository/mobileSanity/HBI/Page_App Page 1/yes_question_1' is clicked on

2019-12-31 08:21:54 - [MESSAGE][PASSED] - Object: 'Object Repository/mobileSanity/HBI/Page_App Page 1/yes_question_1' is clicked on

2019-12-31 08:21:54 - [TEST_STEP][PASSED] - click(findTestObject("mobileSanity/HBI/Page_App Page 1/continue_to_app_info")): Object: 'Object Repository/mobileSanity/HBI/Page_App Page 1/continue_to_app_info' is clicked on

2019-12-31 08:21:54 - [MESSAGE][PASSED] - Object: 'Object Repository/mobileSanity/HBI/Page_App Page 1/continue_to_app_info' is clicked on

2019-12-31 08:21:54 - [TEST_STEP][PASSED] - waitForPageLoad(20): Wait for page load successfully

2019-12-31 08:21:54 - [MESSAGE][PASSED] - Wait for page load successfully

2019-12-31 08:21:54 - [TEST_STEP][PASSED] - Thread.sleep(3000): null

2019-12-31 08:21:57 - [TEST_STEP][PASSED] - callTestCase(findTestCase("AHI/_include/get_screenshot"), [:], STOP_ON_FAILURE): Call Test Case 'Test Cases/AHI/_include/get_screenshot' successfully

2019-12-31 08:21:57 - [TEST_CASE][PASSED] - Test Cases/AHI/_include/get_screenshot: Test Cases/AHI/_include/get_screenshot

2019-12-31 08:21:57 - [TEST_STEP][PASSED] - takeScreenshot(screenPath + i + ".png"): Taking screenshot successfully

2019-12-31 08:21:57 - [MESSAGE][PASSED] - Taking screenshot successfully
[[ATTACHMENT|D:\\Test\\AgileTest\\Reports\\AHI\\hbi\\20191231_080029\\../Screenshots/iPhone 6/hbi/Vitala Care/20191231_082104/7.png]]

2019-12-31 08:21:57 - [TEST_STEP][PASSED] - (internal.GlobalVariable.i++): null

2019-12-31 08:21:57 - [MESSAGE][PASSED] - Call Test Case 'Test Cases/AHI/_include/get_screenshot' successfully

2019-12-31 08:21:57 - [TEST_STEP][PASSED] - callTestCase(findTestCase("AHI/_include/name"), [:], CONTINUE_ON_FAILURE): Call Test Case 'Test Cases/AHI/_include/name' successfully

2019-12-31 08:21:57 - [TEST_CASE][PASSED] - Test Cases/AHI/_include/name: Test Cases/AHI/_include/name

2019-12-31 08:21:57 - [TEST_STEP][PASSED] - driver = getWebDriver(): null

2019-12-31 08:21:57 - [TEST_STEP][PASSED] - selenium = new com.thoughtworks.selenium.webdriven.WebDriverBackedSelenium(driver, internal.GlobalVariable.ENV): null

2019-12-31 08:21:57 - [TEST_STEP][PASSED] - FirstName = "Test-123": null

2019-12-31 08:21:57 - [TEST_STEP][PASSED] - LastName = selenium.getEval("{var x="ABCDEFGHIJKLMNOPQRSTUVWXYZabcdefghijklmnopqrstuvwxyz"; var tmp="ZZ11-"; for (i=0;i<8;i++) tmp+=x.charAt(Math.ceil(51*Math.random()));tmp;}"): null

2019-12-31 08:21:57 - [TEST_STEP][PASSED] - Address = selenium.getEval("{var x="ABCDEFGHIJKLMNOPQRSTUVWXYZabcdefghijklmnopqrstuvwxyz"; var tmp=""; for (i=0;i<8;i++) tmp+=x.charAt(Math.ceil(51*Math.random()));tmp;}"): null

2019-12-31 08:21:57 - [TEST_STEP][PASSED] - City = selenium.getEval("{var x="ABCDEFGHIJKLMNOPQRSTUVWXYZabcdefghijklmnopqrstuvwxyz"; var tmp=""; for (i=0;i<8;i++) tmp+=x.charAt(Math.ceil(51*Math.random()));tmp;}"): null

2019-12-31 08:21:57 - [TEST_STEP][PASSED] - tel1 = selenium.getEval("{var x="123456789"; var tmp=""; for (i=0;i<3;i++) tmp+=x.charAt(Math.ceil(8*Math.random()));tmp;}"): null

2019-12-31 08:21:57 - [TEST_STEP][PASSED] - tel2 = selenium.getEval("{var x="123456789"; var tmp=""; for (i=0;i<3;i++) tmp+=x.charAt(Math.ceil(8*Math.random()));tmp;}"): null

2019-12-31 08:21:57 - [TEST_STEP][PASSED] - tel3 = selenium.getEval("{var x="123456789"; var tmp=""; for (i=0;i<4;i++) tmp+=x.charAt(Math.ceil(8*Math.random()));tmp;}"): null

2019-12-31 08:21:58 - [TEST_STEP][PASSED] - Tel = selenium.getExpression(tel1 + "-" + tel2 + "-" + tel3): null

2019-12-31 08:21:58 - [TEST_STEP][PASSED] - AutoEmail = selenium.getEval("{var x="ABCDEFGHIJKLMNOPQRSTUVWXYZabcdefghijklmnopqrstuvwxyz"; var tmp="test."; for (i=0;i<8;i++) tmp+=x.charAt(Math.ceil(51*Math.random()));tmp+="@suryani.cn";}"): null

2019-12-31 08:21:58 - [TEST_STEP][PASSED] - FirstName = FirstName: null

2019-12-31 08:21:58 - [TEST_STEP][PASSED] - LastName = LastName: null

2019-12-31 08:21:58 - [TEST_STEP][PASSED] - Address = Address: null

2019-12-31 08:21:58 - [TEST_STEP][PASSED] - City = City: null

2019-12-31 08:21:58 - [TEST_STEP][PASSED] - Tel = Tel: null

2019-12-31 08:21:58 - [TEST_STEP][PASSED] - AutoEmail = AutoEmail: null

2019-12-31 08:21:58 - [TEST_STEP][PASSED] - println(FirstName): null

2019-12-31 08:21:58 - [TEST_STEP][PASSED] - println(LastName): null

2019-12-31 08:21:58 - [TEST_STEP][PASSED] - println(Address): null

2019-12-31 08:21:58 - [TEST_STEP][PASSED] - println(City): null

2019-12-31 08:21:58 - [TEST_STEP][PASSED] - println(Tel): null

2019-12-31 08:21:58 - [TEST_STEP][PASSED] - println(AutoEmail): null

2019-12-31 08:21:58 - [MESSAGE][PASSED] - Call Test Case 'Test Cases/AHI/_include/name' successfully

2019-12-31 08:21:58 - [TEST_STEP][PASSED] - setText(findTestObject("mobileSanity/HBI/Page_App Page 1/input__member-P-1-firstName"), FirstName): Text 'Test-123' is set on object 'Object Repository/mobileSanity/HBI/Page_App Page 1/input__member-P-1-firstName'

2019-12-31 08:21:58 - [MESSAGE][PASSED] - Text 'Test-123' is set on object 'Object Repository/mobileSanity/HBI/Page_App Page 1/input__member-P-1-firstName'

2019-12-31 08:21:58 - [TEST_STEP][PASSED] - setText(findTestObject("mobileSanity/HBI/Page_App Page 1/input__member-P-1-lastName"), LastName): Text 'ZZ11-zZsfBBYy' is set on object 'Object Repository/mobileSanity/HBI/Page_App Page 1/input__member-P-1-lastName'

2019-12-31 08:21:58 - [MESSAGE][PASSED] - Text 'ZZ11-zZsfBBYy' is set on object 'Object Repository/mobileSanity/HBI/Page_App Page 1/input__member-P-1-lastName'

2019-12-31 08:21:58 - [TEST_STEP][PASSED] - if (carrier == "agileone" || carrier == "agilesecure"): null

2019-12-31 08:21:58 - [TEST_STEP][PASSED] - setText(findTestObject("mobileSanity/HBI/Page_App Page 1/input__address"), Address): Text 'RhStOfJI' is set on object 'Object Repository/mobileSanity/HBI/Page_App Page 1/input__address'

2019-12-31 08:21:58 - [MESSAGE][PASSED] - Text 'RhStOfJI' is set on object 'Object Repository/mobileSanity/HBI/Page_App Page 1/input__address'

2019-12-31 08:21:58 - [TEST_STEP][PASSED] - setText(findTestObject("mobileSanity/HBI/Page_App Page 1/input__city"), City): Text 'kQIPGDbe' is set on object 'Object Repository/mobileSanity/HBI/Page_App Page 1/input__city'

2019-12-31 08:21:58 - [MESSAGE][PASSED] - Text 'kQIPGDbe' is set on object 'Object Repository/mobileSanity/HBI/Page_App Page 1/input__city'

2019-12-31 08:21:58 - [TEST_STEP][PASSED] - setText(findTestObject("mobileSanity/HBI/Page_App Page 1/input__email"), AutoEmail): Text 'test.nBbzqLxK@suryani.cn' is set on object 'Object Repository/mobileSanity/HBI/Page_App Page 1/input__email'

2019-12-31 08:21:58 - [MESSAGE][PASSED] - Text 'test.nBbzqLxK@suryani.cn' is set on object 'Object Repository/mobileSanity/HBI/Page_App Page 1/input__email'

2019-12-31 08:21:58 - [TEST_STEP][PASSED] - setText(findTestObject("mobileSanity/HBI/Page_App Page 1/input_tel"), Tel): Text '837-775-6579' is set on object 'Object Repository/mobileSanity/HBI/Page_App Page 1/input_tel'

2019-12-31 08:21:59 - [MESSAGE][PASSED] - Text '837-775-6579' is set on object 'Object Repository/mobileSanity/HBI/Page_App Page 1/input_tel'

2019-12-31 08:21:59 - [TEST_STEP][PASSED] - Thread.sleep(5000): null

2019-12-31 08:22:04 - [TEST_STEP][PASSED] - click(findTestObject("mobileSanity/HBI/Page_App Page 1/a_Continue to Step 2 - Payment")): Object: 'Object Repository/mobileSanity/HBI/Page_App Page 1/a_Continue to Step 2 - Payment' is clicked on

2019-12-31 08:22:05 - [MESSAGE][PASSED] - Object: 'Object Repository/mobileSanity/HBI/Page_App Page 1/a_Continue to Step 2 - Payment' is clicked on

2019-12-31 08:22:05 - [TEST_STEP][PASSED] - waitForPageLoad(20): Wait for page load successfully

2019-12-31 08:22:05 - [MESSAGE][PASSED] - Wait for page load successfully

2019-12-31 08:22:05 - [TEST_STEP][PASSED] - Thread.sleep(2000): null

2019-12-31 08:22:07 - [TEST_STEP][PASSED] - waitForElementVisible(findTestObject("mobileSanity/HBI/Page_App Page 2/input__credit-card-first"), 20): Object 'Object Repository/mobileSanity/HBI/Page_App Page 2/input__credit-card-first' is visible

2019-12-31 08:22:07 - [MESSAGE][PASSED] - Object 'Object Repository/mobileSanity/HBI/Page_App Page 2/input__credit-card-first' is visible

2019-12-31 08:22:07 - [TEST_STEP][PASSED] - callTestCase(findTestCase("AHI/_include/get_screenshot"), [:], STOP_ON_FAILURE): Call Test Case 'Test Cases/AHI/_include/get_screenshot' successfully

2019-12-31 08:22:07 - [TEST_CASE][PASSED] - Test Cases/AHI/_include/get_screenshot: Test Cases/AHI/_include/get_screenshot

2019-12-31 08:22:07 - [TEST_STEP][PASSED] - takeScreenshot(screenPath + i + ".png"): Taking screenshot successfully

2019-12-31 08:22:07 - [MESSAGE][PASSED] - Taking screenshot successfully
[[ATTACHMENT|D:\\Test\\AgileTest\\Reports\\AHI\\hbi\\20191231_080029\\../Screenshots/iPhone 6/hbi/Vitala Care/20191231_082104/8.png]]

2019-12-31 08:22:07 - [TEST_STEP][PASSED] - (internal.GlobalVariable.i++): null

2019-12-31 08:22:07 - [MESSAGE][PASSED] - Call Test Case 'Test Cases/AHI/_include/get_screenshot' successfully

2019-12-31 08:22:07 - [TEST_STEP][PASSED] - setText(findTestObject("mobileSanity/HBI/Page_App Page 2/input__credit-card-first"), FirstName): Text 'Test-123' is set on object 'Object Repository/mobileSanity/HBI/Page_App Page 2/input__credit-card-first'

2019-12-31 08:22:08 - [MESSAGE][PASSED] - Text 'Test-123' is set on object 'Object Repository/mobileSanity/HBI/Page_App Page 2/input__credit-card-first'

2019-12-31 08:22:08 - [TEST_STEP][PASSED] - setText(findTestObject("mobileSanity/HBI/Page_App Page 2/input__credit-card-last"), LastName): Text 'ZZ11-zZsfBBYy' is set on object 'Object Repository/mobileSanity/HBI/Page_App Page 2/input__credit-card-last'

2019-12-31 08:22:08 - [MESSAGE][PASSED] - Text 'ZZ11-zZsfBBYy' is set on object 'Object Repository/mobileSanity/HBI/Page_App Page 2/input__credit-card-last'

2019-12-31 08:22:08 - [TEST_STEP][PASSED] - selectOptionByValue(findTestObject("mobileSanity/HBI/Page_App Page 2/select_MM010203040506070809101"), "12", true): All options with value '12' are selected in object 'Object Repository/mobileSanity/HBI/Page_App Page 2/select_MM010203040506070809101'  using regular expression

2019-12-31 08:22:08 - [MESSAGE][PASSED] - All options with value '12' are selected in object 'Object Repository/mobileSanity/HBI/Page_App Page 2/select_MM010203040506070809101'  using regular expression

2019-12-31 08:22:08 - [TEST_STEP][PASSED] - selectOptionByValue(findTestObject("mobileSanity/HBI/Page_App Page 2/select_YYYY2019202020212022202"), "2026", true): All options with value '2026' are selected in object 'Object Repository/mobileSanity/HBI/Page_App Page 2/select_YYYY2019202020212022202'  using regular expression

2019-12-31 08:22:09 - [MESSAGE][PASSED] - All options with value '2026' are selected in object 'Object Repository/mobileSanity/HBI/Page_App Page 2/select_YYYY2019202020212022202'  using regular expression

2019-12-31 08:22:09 - [TEST_STEP][PASSED] - setText(findTestObject("mobileSanity/HBI/Page_App Page 2/input__credit-card-number"), "4111111111111111"): Text '4111111111111111' is set on object 'Object Repository/mobileSanity/HBI/Page_App Page 2/input__credit-card-number'

2019-12-31 08:22:09 - [MESSAGE][PASSED] - Text '4111111111111111' is set on object 'Object Repository/mobileSanity/HBI/Page_App Page 2/input__credit-card-number'

2019-12-31 08:22:09 - [TEST_STEP][PASSED] - setText(findTestObject("mobileSanity/HBI/Page_App Page 2/input__cvv"), "123"): Text '123' is set on object 'Object Repository/mobileSanity/HBI/Page_App Page 2/input__cvv'

2019-12-31 08:22:09 - [MESSAGE][PASSED] - Text '123' is set on object 'Object Repository/mobileSanity/HBI/Page_App Page 2/input__cvv'

2019-12-31 08:22:09 - [TEST_STEP][PASSED] - click(findTestObject("mobileSanity/HBI/Page_App Page 2/label_My billing address is th")): Object: 'Object Repository/mobileSanity/HBI/Page_App Page 2/label_My billing address is th' is clicked on

2019-12-31 08:22:09 - [MESSAGE][PASSED] - Object: 'Object Repository/mobileSanity/HBI/Page_App Page 2/label_My billing address is th' is clicked on

2019-12-31 08:22:09 - [TEST_STEP][PASSED] - click(findTestObject("mobileSanity/HBI/Page_App Page 2/label_I Accept Authorization f")): Object: 'Object Repository/mobileSanity/HBI/Page_App Page 2/label_I Accept Authorization f' is clicked on

2019-12-31 08:22:09 - [MESSAGE][PASSED] - Object: 'Object Repository/mobileSanity/HBI/Page_App Page 2/label_I Accept Authorization f' is clicked on

2019-12-31 08:22:09 - [TEST_STEP][PASSED] - click(findTestObject("mobileSanity/HBI/Page_App Page 2/a_Continue to Step 3 - Review")): Object: 'Object Repository/mobileSanity/HBI/Page_App Page 2/a_Continue to Step 3 - Review' is clicked on

2019-12-31 08:22:09 - [MESSAGE][PASSED] - Object: 'Object Repository/mobileSanity/HBI/Page_App Page 2/a_Continue to Step 3 - Review' is clicked on

2019-12-31 08:22:09 - [TEST_STEP][PASSED] - waitForPageLoad(20): Wait for page load successfully

2019-12-31 08:22:09 - [MESSAGE][PASSED] - Wait for page load successfully

2019-12-31 08:22:09 - [TEST_STEP][PASSED] - Thread.sleep(10000): null

2019-12-31 08:22:19 - [TEST_STEP][PASSED] - waitForElementPresent(findTestObject("mobileSanity/HBI/Page_App Page 3/label"), 20): Object 'Object Repository/mobileSanity/HBI/Page_App Page 3/label' is present

2019-12-31 08:22:19 - [MESSAGE][PASSED] - Object 'Object Repository/mobileSanity/HBI/Page_App Page 3/label' is present

2019-12-31 08:22:19 - [TEST_STEP][PASSED] - callTestCase(findTestCase("AHI/_include/get_screenshot"), [:], STOP_ON_FAILURE): Call Test Case 'Test Cases/AHI/_include/get_screenshot' successfully

2019-12-31 08:22:20 - [TEST_CASE][PASSED] - Test Cases/AHI/_include/get_screenshot: Test Cases/AHI/_include/get_screenshot

2019-12-31 08:22:20 - [TEST_STEP][PASSED] - takeScreenshot(screenPath + i + ".png"): Taking screenshot successfully

2019-12-31 08:22:20 - [MESSAGE][PASSED] - Taking screenshot successfully
[[ATTACHMENT|D:\\Test\\AgileTest\\Reports\\AHI\\hbi\\20191231_080029\\../Screenshots/iPhone 6/hbi/Vitala Care/20191231_082104/9.png]]

2019-12-31 08:22:20 - [TEST_STEP][PASSED] - (internal.GlobalVariable.i++): null

2019-12-31 08:22:20 - [MESSAGE][PASSED] - Call Test Case 'Test Cases/AHI/_include/get_screenshot' successfully

2019-12-31 08:22:20 - [TEST_STEP][PASSED] - click(findTestObject("mobileSanity/HBI/Page_App Page 3/label")): Object: 'Object Repository/mobileSanity/HBI/Page_App Page 3/label' is clicked on

2019-12-31 08:22:20 - [MESSAGE][PASSED] - Object: 'Object Repository/mobileSanity/HBI/Page_App Page 3/label' is clicked on

2019-12-31 08:22:20 - [TEST_STEP][PASSED] - click(findTestObject("mobileSanity/HBI/Page_App Page 3/p_CLICK TO SIGN")): Object: 'Object Repository/mobileSanity/HBI/Page_App Page 3/p_CLICK TO SIGN' is clicked on

2019-12-31 08:22:21 - [MESSAGE][PASSED] - Object: 'Object Repository/mobileSanity/HBI/Page_App Page 3/p_CLICK TO SIGN' is clicked on

2019-12-31 08:22:21 - [TEST_STEP][PASSED] - click(findTestObject("mobileSanity/HBI/Page_App Page 3/a_Submit Your Application")): Object: 'Object Repository/mobileSanity/HBI/Page_App Page 3/a_Submit Your Application' is clicked on

2019-12-31 08:22:21 - [MESSAGE][PASSED] - Object: 'Object Repository/mobileSanity/HBI/Page_App Page 3/a_Submit Your Application' is clicked on

2019-12-31 08:22:21 - [TEST_STEP][PASSED] - Thread.sleep(30000): null

2019-12-31 08:22:51 - [TEST_STEP][PASSED] - callTestCase(findTestCase("AHI/_include/get_screenshot"), [:], STOP_ON_FAILURE): Call Test Case 'Test Cases/AHI/_include/get_screenshot' successfully

2019-12-31 08:22:51 - [TEST_CASE][PASSED] - Test Cases/AHI/_include/get_screenshot: Test Cases/AHI/_include/get_screenshot

2019-12-31 08:22:51 - [TEST_STEP][PASSED] - takeScreenshot(screenPath + i + ".png"): Taking screenshot successfully

2019-12-31 08:22:51 - [MESSAGE][PASSED] - Taking screenshot successfully
[[ATTACHMENT|D:\\Test\\AgileTest\\Reports\\AHI\\hbi\\20191231_080029\\../Screenshots/iPhone 6/hbi/Vitala Care/20191231_082104/10.png]]

2019-12-31 08:22:51 - [TEST_STEP][PASSED] - (internal.GlobalVariable.i++): null

2019-12-31 08:22:51 - [MESSAGE][PASSED] - Call Test Case 'Test Cases/AHI/_include/get_screenshot' successfully

2019-12-31 08:22:51 - [TEST_STEP][PASSED] - verifyTextPresent("Congratulations", false): Text 'Congratulations' is present on page 

2019-12-31 08:22:51 - [MESSAGE][PASSED] - Text 'Congratulations' is present on page 

2019-12-31 08:22:51 - [MESSAGE][PASSED] - Call Test Case 'Test Cases/AHI/_include/goToEnd_hbi' successfully]]></system-out>
         <system-err><![CDATA[]]></system-err>
      </testcase>
      <system-out><![CDATA[2019-12-31 08:14:05 - [TEST_SUITE][PASSED] - hbi: Test Cases/AHI/HBI/Vitala Care]]></system-out>
      <system-err><![CDATA[]]></system-err>
   </testsuite>
</testsuites>
