<?xml version="1.0" encoding="UTF-8"?>
<testsuites name="PremierSMI" time="299" tests="2" failures="2" errors="0">
   <testsuite name="PremierSMI" tests="2" failures="2" errors="0" time="299" timestamp="2020-03-10 03:39:02" hostname="Administrator - 172.30.0.53" id="Test Suites/PrivateLabel/PremierSMI">
      <properties>
         <property name="deviceName" value=""/>
         <property name="devicePlatform" value=""/>
         <property name="logFolder" value="D:\\Test\\AgileTest\\Reports\\PrivateLabel\\PremierSMI\\20200310_030929"/>
         <property name="logFiles" value="D:\\Test\\AgileTest\\Reports\\PrivateLabel\\PremierSMI\\20200310_030929\\execution0.log"/>
         <property name="attachments" value="D:\\Test\\AgileTest\\Reports\\PrivateLabel\\PremierSMI\\20200310_030929\\../Screenshots/iPhone X/PremierSMI/AdvantHealth/20200310_033903/0.png, D:\\Test\\AgileTest\\Reports\\PrivateLabel\\PremierSMI\\20200310_030929\\../Screenshots/iPhone X/PremierSMI/AdvantHealth/20200310_033903/1.png, D:\\Test\\AgileTest\\Reports\\PrivateLabel\\PremierSMI\\20200310_030929\\1583825973676.png, D:\\Test\\AgileTest\\Reports\\PrivateLabel\\PremierSMI\\20200310_030929\\../Screenshots/iPhone X/PremierSMI/Aspen/20200310_033934/0.png, D:\\Test\\AgileTest\\Reports\\PrivateLabel\\PremierSMI\\20200310_030929\\../Screenshots/iPhone X/PremierSMI/Aspen/20200310_033934/1.png, D:\\Test\\AgileTest\\Reports\\PrivateLabel\\PremierSMI\\20200310_030929\\1583826003441.png, D:\\Test\\AgileTest\\Reports\\PrivateLabel\\PremierSMI\\20200310_030929\\../Screenshots/iPhone X/PremierSMI/Health Choice/20200310_034004/0.png, D:\\Test\\AgileTest\\Reports\\PrivateLabel\\PremierSMI\\20200310_030929\\../Screenshots/iPhone X/PremierSMI/Health Choice/20200310_034004/1.png, D:\\Test\\AgileTest\\Reports\\PrivateLabel\\PremierSMI\\20200310_030929\\../Screenshots/iPhone X/PremierSMI/Health Choice/20200310_034004/2.png, D:\\Test\\AgileTest\\Reports\\PrivateLabel\\PremierSMI\\20200310_030929\\../Screenshots/iPhone X/PremierSMI/Health Choice/20200310_034004/3.png, D:\\Test\\AgileTest\\Reports\\PrivateLabel\\PremierSMI\\20200310_030929\\../Screenshots/iPhone X/PremierSMI/Health Choice/20200310_034004/4.png, D:\\Test\\AgileTest\\Reports\\PrivateLabel\\PremierSMI\\20200310_030929\\../Screenshots/iPhone X/PremierSMI/Health Choice/20200310_034004/5.png, D:\\Test\\AgileTest\\Reports\\PrivateLabel\\PremierSMI\\20200310_030929\\../Screenshots/iPhone X/PremierSMI/Health Choice/20200310_034004/6.png, D:\\Test\\AgileTest\\Reports\\PrivateLabel\\PremierSMI\\20200310_030929\\../Screenshots/iPhone X/PremierSMI/Health Choice/20200310_034004/7.png, D:\\Test\\AgileTest\\Reports\\PrivateLabel\\PremierSMI\\20200310_030929\\../Screenshots/iPhone X/PremierSMI/Health Choice/20200310_034004/8.png, D:\\Test\\AgileTest\\Reports\\PrivateLabel\\PremierSMI\\20200310_030929\\../Screenshots/iPhone X/PremierSMI/Health Choice/20200310_034004/9.png, D:\\Test\\AgileTest\\Reports\\PrivateLabel\\PremierSMI\\20200310_030929\\../Screenshots/iPhone X/PremierSMI/Legion/20200310_034158/0.png, D:\\Test\\AgileTest\\Reports\\PrivateLabel\\PremierSMI\\20200310_030929\\../Screenshots/iPhone X/PremierSMI/Legion/20200310_034158/1.png, D:\\Test\\AgileTest\\Reports\\PrivateLabel\\PremierSMI\\20200310_030929\\../Screenshots/iPhone X/PremierSMI/Legion/20200310_034158/2.png, D:\\Test\\AgileTest\\Reports\\PrivateLabel\\PremierSMI\\20200310_030929\\../Screenshots/iPhone X/PremierSMI/Legion/20200310_034158/3.png, D:\\Test\\AgileTest\\Reports\\PrivateLabel\\PremierSMI\\20200310_030929\\../Screenshots/iPhone X/PremierSMI/Legion/20200310_034158/4.png, D:\\Test\\AgileTest\\Reports\\PrivateLabel\\PremierSMI\\20200310_030929\\../Screenshots/iPhone X/PremierSMI/Legion/20200310_034158/5.png, D:\\Test\\AgileTest\\Reports\\PrivateLabel\\PremierSMI\\20200310_030929\\../Screenshots/iPhone X/PremierSMI/Legion/20200310_034158/6.png, D:\\Test\\AgileTest\\Reports\\PrivateLabel\\PremierSMI\\20200310_030929\\../Screenshots/iPhone X/PremierSMI/Legion/20200310_034158/7.png, D:\\Test\\AgileTest\\Reports\\PrivateLabel\\PremierSMI\\20200310_030929\\../Screenshots/iPhone X/PremierSMI/Legion/20200310_034158/8.png, D:\\Test\\AgileTest\\Reports\\PrivateLabel\\PremierSMI\\20200310_030929\\../Screenshots/iPhone X/PremierSMI/Legion/20200310_034158/9.png"/>
         <property name="hostName" value="Administrator - 172.30.0.53"/>
         <property name="os" value="Windows Server 2012 R2 64bit"/>
         <property name="katalonVersion" value="5.10.1.1"/>
         <property name="browser" value="Safari 11"/>
         <property name="hostAddress" value="172.30.0.53"/>
         <property name="sessionId" value="c967cd30b59fb878c476c54a2588d277"/>
         <property name="seleniumVersion" value="3.7.1"/>
         <property name="proxyInformation" value="ProxyInformation{proxyOption=NO_PROXY, proxyServerType=HTTP, password=, proxyServerAddress=, proxyServerPort=0}"/>
         <property name="platform" value="Windows Server 2012 R2"/>
      </properties>
      <testcase name="Test Cases/PL Site/PremierSMI/AdvantHealth" classname="Test Cases/PL Site/PremierSMI/AdvantHealth" status="FAILED">
         <failure type="FAILED" message="Test Cases/PL Site/PremierSMI/AdvantHealth FAILED.
Reason:
com.kms.katalon.core.exception.StepFailedException: Unable to click on object 'Object Repository/mobileSanity/STM/STM Census Page/label_Compare Plans' (Root cause: com.kms.katalon.core.webui.exception.WebElementNotFoundException: Web element with id: 'Object Repository/mobileSanity/STM/STM Census Page/label_Compare Plans' located by 'By.xpath: //label[@id = 'js-see-plans' and @href = '#' and (text() = 'Compare Plans ' or . = 'Compare Plans ')]' not found)
	at com.kms.katalon.core.keyword.internal.KeywordMain.stepFailed(KeywordMain.groovy:36)
	at com.kms.katalon.core.webui.keyword.internal.WebUIKeywordMain.stepFailed(WebUIKeywordMain.groovy:65)
	at com.kms.katalon.core.webui.keyword.internal.WebUIKeywordMain.runKeyword(WebUIKeywordMain.groovy:27)
	at com.kms.katalon.core.webui.keyword.builtin.ClickKeyword.click(ClickKeyword.groovy:86)
	at com.kms.katalon.core.webui.keyword.builtin.ClickKeyword.execute(ClickKeyword.groovy:67)
	at com.kms.katalon.core.keyword.internal.KeywordExecutor.executeKeywordForPlatform(KeywordExecutor.groovy:53)
	at com.kms.katalon.core.webui.keyword.WebUiBuiltInKeywords.click(WebUiBuiltInKeywords.groovy:616)
	at com.kms.katalon.core.webui.keyword.WebUiBuiltInKeywords$click$3.call(Unknown Source)
	at census_stm.run(census_stm:32)
	at com.kms.katalon.core.main.ScriptEngine.run(ScriptEngine.java:194)
	at com.kms.katalon.core.main.ScriptEngine.runScriptAsRawText(ScriptEngine.java:119)
	at com.kms.katalon.core.main.TestCaseExecutor.runScript(TestCaseExecutor.java:328)
	at com.kms.katalon.core.main.TestCaseExecutor.doExecute(TestCaseExecutor.java:319)
	at com.kms.katalon.core.main.TestCaseExecutor.processExecutionPhase(TestCaseExecutor.java:298)
	at com.kms.katalon.core.main.TestCaseExecutor.accessMainPhase(TestCaseExecutor.java:290)
	at com.kms.katalon.core.main.TestCaseExecutor.execute(TestCaseExecutor.java:224)
	at com.kms.katalon.core.main.TestCaseMain.runTestCase(TestCaseMain.java:106)
	at com.kms.katalon.core.keyword.builtin.CallTestCaseKeyword$_callTestCase_closure1.doCall(CallTestCaseKeyword.groovy:59)
	at com.kms.katalon.core.keyword.builtin.CallTestCaseKeyword$_callTestCase_closure1.call(CallTestCaseKeyword.groovy)
	at com.kms.katalon.core.keyword.internal.KeywordMain.runKeyword(KeywordMain.groovy:54)
	at com.kms.katalon.core.keyword.builtin.CallTestCaseKeyword.callTestCase(CallTestCaseKeyword.groovy:80)
	at com.kms.katalon.core.keyword.builtin.CallTestCaseKeyword.execute(CallTestCaseKeyword.groovy:44)
	at com.kms.katalon.core.keyword.internal.KeywordExecutor.executeKeywordForPlatform(KeywordExecutor.groovy:53)
	at com.kms.katalon.core.keyword.BuiltinKeywords.callTestCase(BuiltinKeywords.groovy:334)
	at AdvantHealth.run(AdvantHealth:24)
	at com.kms.katalon.core.main.ScriptEngine.run(ScriptEngine.java:194)
	at com.kms.katalon.core.main.ScriptEngine.runScriptAsRawText(ScriptEngine.java:119)
	at com.kms.katalon.core.main.TestCaseExecutor.runScript(TestCaseExecutor.java:328)
	at com.kms.katalon.core.main.TestCaseExecutor.doExecute(TestCaseExecutor.java:319)
	at com.kms.katalon.core.main.TestCaseExecutor.processExecutionPhase(TestCaseExecutor.java:298)
	at com.kms.katalon.core.main.TestCaseExecutor.accessMainPhase(TestCaseExecutor.java:290)
	at com.kms.katalon.core.main.TestCaseExecutor.execute(TestCaseExecutor.java:224)
	at com.kms.katalon.core.main.TestSuiteExecutor.accessTestCaseMainPhase(TestSuiteExecutor.java:129)
	at com.kms.katalon.core.main.TestSuiteExecutor.accessTestSuiteMainPhase(TestSuiteExecutor.java:112)
	at com.kms.katalon.core.main.TestSuiteExecutor.execute(TestSuiteExecutor.java:81)
	at com.kms.katalon.core.main.TestCaseMain.startTestSuite(TestCaseMain.java:149)
	at com.kms.katalon.core.main.TestCaseMain$startTestSuite$0.call(Unknown Source)
	at TempTestSuite1583824169354.run(TempTestSuite1583824169354.groovy:36)
"/>
         <system-out><![CDATA[2020-03-10 03:39:02 - [TEST_CASE][FAILED] - Test Cases/PL Site/PremierSMI/AdvantHealth: Test Cases/PL Site/PremierSMI/AdvantHealth FAILED.
Reason:
com.kms.katalon.core.exception.StepFailedException: Unable to click on object 'Object Repository/mobileSanity/STM/STM Census Page/label_Compare Plans' (Root cause: com.kms.katalon.core.webui.exception.WebElementNotFoundException: Web element with id: 'Object Repository/mobileSanity/STM/STM Census Page/label_Compare Plans' located by 'By.xpath: //label[@id = 'js-see-plans' and @href = '#' and (text() = 'Compare Plans ' or . = 'Compare Plans ')]' not found)
	at com.kms.katalon.core.keyword.internal.KeywordMain.stepFailed(KeywordMain.groovy:36)
	at com.kms.katalon.core.webui.keyword.internal.WebUIKeywordMain.stepFailed(WebUIKeywordMain.groovy:65)
	at com.kms.katalon.core.webui.keyword.internal.WebUIKeywordMain.runKeyword(WebUIKeywordMain.groovy:27)
	at com.kms.katalon.core.webui.keyword.builtin.ClickKeyword.click(ClickKeyword.groovy:86)
	at com.kms.katalon.core.webui.keyword.builtin.ClickKeyword.execute(ClickKeyword.groovy:67)
	at com.kms.katalon.core.keyword.internal.KeywordExecutor.executeKeywordForPlatform(KeywordExecutor.groovy:53)
	at com.kms.katalon.core.webui.keyword.WebUiBuiltInKeywords.click(WebUiBuiltInKeywords.groovy:616)
	at com.kms.katalon.core.webui.keyword.WebUiBuiltInKeywords$click$3.call(Unknown Source)
	at census_stm.run(census_stm:32)
	at com.kms.katalon.core.main.ScriptEngine.run(ScriptEngine.java:194)
	at com.kms.katalon.core.main.ScriptEngine.runScriptAsRawText(ScriptEngine.java:119)
	at com.kms.katalon.core.main.TestCaseExecutor.runScript(TestCaseExecutor.java:328)
	at com.kms.katalon.core.main.TestCaseExecutor.doExecute(TestCaseExecutor.java:319)
	at com.kms.katalon.core.main.TestCaseExecutor.processExecutionPhase(TestCaseExecutor.java:298)
	at com.kms.katalon.core.main.TestCaseExecutor.accessMainPhase(TestCaseExecutor.java:290)
	at com.kms.katalon.core.main.TestCaseExecutor.execute(TestCaseExecutor.java:224)
	at com.kms.katalon.core.main.TestCaseMain.runTestCase(TestCaseMain.java:106)
	at com.kms.katalon.core.keyword.builtin.CallTestCaseKeyword$_callTestCase_closure1.doCall(CallTestCaseKeyword.groovy:59)
	at com.kms.katalon.core.keyword.builtin.CallTestCaseKeyword$_callTestCase_closure1.call(CallTestCaseKeyword.groovy)
	at com.kms.katalon.core.keyword.internal.KeywordMain.runKeyword(KeywordMain.groovy:54)
	at com.kms.katalon.core.keyword.builtin.CallTestCaseKeyword.callTestCase(CallTestCaseKeyword.groovy:80)
	at com.kms.katalon.core.keyword.builtin.CallTestCaseKeyword.execute(CallTestCaseKeyword.groovy:44)
	at com.kms.katalon.core.keyword.internal.KeywordExecutor.executeKeywordForPlatform(KeywordExecutor.groovy:53)
	at com.kms.katalon.core.keyword.BuiltinKeywords.callTestCase(BuiltinKeywords.groovy:334)
	at AdvantHealth.run(AdvantHealth:24)
	at com.kms.katalon.core.main.ScriptEngine.run(ScriptEngine.java:194)
	at com.kms.katalon.core.main.ScriptEngine.runScriptAsRawText(ScriptEngine.java:119)
	at com.kms.katalon.core.main.TestCaseExecutor.runScript(TestCaseExecutor.java:328)
	at com.kms.katalon.core.main.TestCaseExecutor.doExecute(TestCaseExecutor.java:319)
	at com.kms.katalon.core.main.TestCaseExecutor.processExecutionPhase(TestCaseExecutor.java:298)
	at com.kms.katalon.core.main.TestCaseExecutor.accessMainPhase(TestCaseExecutor.java:290)
	at com.kms.katalon.core.main.TestCaseExecutor.execute(TestCaseExecutor.java:224)
	at com.kms.katalon.core.main.TestSuiteExecutor.accessTestCaseMainPhase(TestSuiteExecutor.java:129)
	at com.kms.katalon.core.main.TestSuiteExecutor.accessTestSuiteMainPhase(TestSuiteExecutor.java:112)
	at com.kms.katalon.core.main.TestSuiteExecutor.execute(TestSuiteExecutor.java:81)
	at com.kms.katalon.core.main.TestCaseMain.startTestSuite(TestCaseMain.java:149)
	at com.kms.katalon.core.main.TestCaseMain$startTestSuite$0.call(Unknown Source)
	at TempTestSuite1583824169354.run(TempTestSuite1583824169354.groovy:36)


2020-03-10 03:39:03 - [TEST_STEP][PASSED] - callTestCase(findTestCase("AHI/_include/get_screenPath"), ["productLine":"PremierSMI", "carrierName":"AdvantHealth"], CONTINUE_ON_FAILURE): Call Test Case 'Test Cases/AHI/_include/get_screenPath' successfully

2020-03-10 03:39:03 - [TEST_CASE][PASSED] - Test Cases/AHI/_include/get_screenPath: Test Cases/AHI/_include/get_screenPath

2020-03-10 03:39:03 - [TEST_STEP][PASSED] - m = getExecutionProperties(): null

2020-03-10 03:39:03 - [TEST_STEP][PASSED] - deviceName = get("mobileEmulation").get("deviceName"): null

2020-03-10 03:39:03 - [TEST_STEP][PASSED] - println(deviceName): null

2020-03-10 03:39:03 - [TEST_STEP][PASSED] - now = new java.util.Date(): null

2020-03-10 03:39:03 - [TEST_STEP][PASSED] - mydate = now.format("yyyyMMdd_HHmmss"): null

2020-03-10 03:39:03 - [TEST_STEP][PASSED] - screenPath = "../Screenshots/": null

2020-03-10 03:39:03 - [TEST_STEP][PASSED] - screenPath = screenPath + deviceName + "/" + productLine + "/" + carrierName + "/" + mydate + "/": null

2020-03-10 03:39:03 - [TEST_STEP][PASSED] - println(screenPath): null

2020-03-10 03:39:03 - [MESSAGE][PASSED] - Call Test Case 'Test Cases/AHI/_include/get_screenPath' successfully

2020-03-10 03:39:03 - [TEST_STEP][PASSED] - i = 0: null

2020-03-10 03:39:03 - [TEST_STEP][PASSED] - callTestCase(findTestCase("AHI/_include/openWebSite"), ["env":"https://premiersmi--qa.storefront.mybenefitskeeper.com"], CONTINUE_ON_FAILURE): Call Test Case 'Test Cases/AHI/_include/openWebSite' successfully

2020-03-10 03:39:03 - [TEST_CASE][PASSED] - Test Cases/AHI/_include/openWebSite: Test Cases/AHI/_include/openWebSite

2020-03-10 03:39:03 - [TEST_STEP][PASSED] - openBrowser(env): Browser is opened with url: 'https://premiersmi--qa.storefront.mybenefitskeeper.com'

2020-03-10 03:39:04 - [MESSAGE][INFO] - Starting 'Chrome' driver

2020-03-10 03:39:04 - [MESSAGE][INFO] - User set preference: ['mobileEmulation', '{deviceName=iPhone X}']

2020-03-10 03:39:04 - [MESSAGE][INFO] - User set preference: ['args', '[--incognito, --aggressive-cache-discard, --no-sandbox, --window-size=375,812, --ignore-certificate-errors]']

2020-03-10 03:39:04 - [MESSAGE][INFO] - Action delay is set to 0 seconds

2020-03-10 03:39:06 - [MESSAGE][PASSED] - Browser is opened with url: 'https://premiersmi--qa.storefront.mybenefitskeeper.com'

2020-03-10 03:39:06 - [TEST_STEP][PASSED] - waitForPageLoad(20): Wait for page load successfully

2020-03-10 03:39:06 - [MESSAGE][PASSED] - Wait for page load successfully

2020-03-10 03:39:06 - [TEST_STEP][PASSED] - callTestCase(findTestCase("AHI/_include/get_screenshot"), [:], STOP_ON_FAILURE): Call Test Case 'Test Cases/AHI/_include/get_screenshot' successfully

2020-03-10 03:39:06 - [TEST_CASE][PASSED] - Test Cases/AHI/_include/get_screenshot: Test Cases/AHI/_include/get_screenshot

2020-03-10 03:39:07 - [TEST_STEP][PASSED] - Thread.sleep(1000): null

2020-03-10 03:39:08 - [TEST_STEP][PASSED] - takeScreenshot(screenPath + i + ".png"): Taking screenshot successfully

2020-03-10 03:39:08 - [MESSAGE][PASSED] - Taking screenshot successfully
[[ATTACHMENT|D:\\Test\\AgileTest\\Reports\\PrivateLabel\\PremierSMI\\20200310_030929\\../Screenshots/iPhone X/PremierSMI/AdvantHealth/20200310_033903/0.png]]

2020-03-10 03:39:08 - [TEST_STEP][PASSED] - (internal.GlobalVariable.i++): null

2020-03-10 03:39:08 - [MESSAGE][PASSED] - Call Test Case 'Test Cases/AHI/_include/get_screenshot' successfully

2020-03-10 03:39:08 - [MESSAGE][PASSED] - Call Test Case 'Test Cases/AHI/_include/openWebSite' successfully

2020-03-10 03:39:08 - [TEST_STEP][FAILED] - callTestCase(findTestCase("AHI/_include/census_stm"), ["zipcode":"35215"], STOP_ON_FAILURE): callTestCase(findTestCase("AHI/_include/census_stm"), ["zipcode":"35215"], STOP_ON_FAILURE) FAILED.
Reason:
com.kms.katalon.core.exception.StepFailedException: Unable to click on object 'Object Repository/mobileSanity/STM/STM Census Page/label_Compare Plans' (Root cause: com.kms.katalon.core.webui.exception.WebElementNotFoundException: Web element with id: 'Object Repository/mobileSanity/STM/STM Census Page/label_Compare Plans' located by 'By.xpath: //label[@id = 'js-see-plans' and @href = '#' and (text() = 'Compare Plans ' or . = 'Compare Plans ')]' not found)
	at com.kms.katalon.core.keyword.internal.KeywordMain.stepFailed(KeywordMain.groovy:36)
	at com.kms.katalon.core.webui.keyword.internal.WebUIKeywordMain.stepFailed(WebUIKeywordMain.groovy:65)
	at com.kms.katalon.core.webui.keyword.internal.WebUIKeywordMain.runKeyword(WebUIKeywordMain.groovy:27)
	at com.kms.katalon.core.webui.keyword.builtin.ClickKeyword.click(ClickKeyword.groovy:86)
	at com.kms.katalon.core.webui.keyword.builtin.ClickKeyword.execute(ClickKeyword.groovy:67)
	at com.kms.katalon.core.keyword.internal.KeywordExecutor.executeKeywordForPlatform(KeywordExecutor.groovy:53)
	at com.kms.katalon.core.webui.keyword.WebUiBuiltInKeywords.click(WebUiBuiltInKeywords.groovy:616)
	at com.kms.katalon.core.webui.keyword.WebUiBuiltInKeywords$click$3.call(Unknown Source)
	at census_stm.run(census_stm:32)
	at com.kms.katalon.core.main.ScriptEngine.run(ScriptEngine.java:194)
	at com.kms.katalon.core.main.ScriptEngine.runScriptAsRawText(ScriptEngine.java:119)
	at com.kms.katalon.core.main.TestCaseExecutor.runScript(TestCaseExecutor.java:328)
	at com.kms.katalon.core.main.TestCaseExecutor.doExecute(TestCaseExecutor.java:319)
	at com.kms.katalon.core.main.TestCaseExecutor.processExecutionPhase(TestCaseExecutor.java:298)
	at com.kms.katalon.core.main.TestCaseExecutor.accessMainPhase(TestCaseExecutor.java:290)
	at com.kms.katalon.core.main.TestCaseExecutor.execute(TestCaseExecutor.java:224)
	at com.kms.katalon.core.main.TestCaseMain.runTestCase(TestCaseMain.java:106)
	at com.kms.katalon.core.keyword.builtin.CallTestCaseKeyword$_callTestCase_closure1.doCall(CallTestCaseKeyword.groovy:59)
	at com.kms.katalon.core.keyword.builtin.CallTestCaseKeyword$_callTestCase_closure1.call(CallTestCaseKeyword.groovy)
	at com.kms.katalon.core.keyword.internal.KeywordMain.runKeyword(KeywordMain.groovy:54)
	at com.kms.katalon.core.keyword.builtin.CallTestCaseKeyword.callTestCase(CallTestCaseKeyword.groovy:80)
	at com.kms.katalon.core.keyword.builtin.CallTestCaseKeyword.execute(CallTestCaseKeyword.groovy:44)
	at com.kms.katalon.core.keyword.internal.KeywordExecutor.executeKeywordForPlatform(KeywordExecutor.groovy:53)
	at com.kms.katalon.core.keyword.BuiltinKeywords.callTestCase(BuiltinKeywords.groovy:334)
	at AdvantHealth.run(AdvantHealth:24)
	at com.kms.katalon.core.main.ScriptEngine.run(ScriptEngine.java:194)
	at com.kms.katalon.core.main.ScriptEngine.runScriptAsRawText(ScriptEngine.java:119)
	at com.kms.katalon.core.main.TestCaseExecutor.runScript(TestCaseExecutor.java:328)
	at com.kms.katalon.core.main.TestCaseExecutor.doExecute(TestCaseExecutor.java:319)
	at com.kms.katalon.core.main.TestCaseExecutor.processExecutionPhase(TestCaseExecutor.java:298)
	at com.kms.katalon.core.main.TestCaseExecutor.accessMainPhase(TestCaseExecutor.java:290)
	at com.kms.katalon.core.main.TestCaseExecutor.execute(TestCaseExecutor.java:224)
	at com.kms.katalon.core.main.TestSuiteExecutor.accessTestCaseMainPhase(TestSuiteExecutor.java:129)
	at com.kms.katalon.core.main.TestSuiteExecutor.accessTestSuiteMainPhase(TestSuiteExecutor.java:112)
	at com.kms.katalon.core.main.TestSuiteExecutor.execute(TestSuiteExecutor.java:81)
	at com.kms.katalon.core.main.TestCaseMain.startTestSuite(TestCaseMain.java:149)
	at com.kms.katalon.core.main.TestCaseMain$startTestSuite$0.call(Unknown Source)
	at TempTestSuite1583824169354.run(TempTestSuite1583824169354.groovy:36)


2020-03-10 03:39:08 - [TEST_CASE][FAILED] - Test Cases/AHI/_include/census_stm: Test Cases/AHI/_include/census_stm FAILED.
Reason:
com.kms.katalon.core.exception.StepFailedException: Unable to click on object 'Object Repository/mobileSanity/STM/STM Census Page/label_Compare Plans' (Root cause: com.kms.katalon.core.webui.exception.WebElementNotFoundException: Web element with id: 'Object Repository/mobileSanity/STM/STM Census Page/label_Compare Plans' located by 'By.xpath: //label[@id = 'js-see-plans' and @href = '#' and (text() = 'Compare Plans ' or . = 'Compare Plans ')]' not found)
	at com.kms.katalon.core.keyword.internal.KeywordMain.stepFailed(KeywordMain.groovy:36)
	at com.kms.katalon.core.webui.keyword.internal.WebUIKeywordMain.stepFailed(WebUIKeywordMain.groovy:65)
	at com.kms.katalon.core.webui.keyword.internal.WebUIKeywordMain.runKeyword(WebUIKeywordMain.groovy:27)
	at com.kms.katalon.core.webui.keyword.builtin.ClickKeyword.click(ClickKeyword.groovy:86)
	at com.kms.katalon.core.webui.keyword.builtin.ClickKeyword.execute(ClickKeyword.groovy:67)
	at com.kms.katalon.core.keyword.internal.KeywordExecutor.executeKeywordForPlatform(KeywordExecutor.groovy:53)
	at com.kms.katalon.core.webui.keyword.WebUiBuiltInKeywords.click(WebUiBuiltInKeywords.groovy:616)
	at com.kms.katalon.core.webui.keyword.WebUiBuiltInKeywords$click$3.call(Unknown Source)
	at census_stm.run(census_stm:32)
	at com.kms.katalon.core.main.ScriptEngine.run(ScriptEngine.java:194)
	at com.kms.katalon.core.main.ScriptEngine.runScriptAsRawText(ScriptEngine.java:119)
	at com.kms.katalon.core.main.TestCaseExecutor.runScript(TestCaseExecutor.java:328)
	at com.kms.katalon.core.main.TestCaseExecutor.doExecute(TestCaseExecutor.java:319)
	at com.kms.katalon.core.main.TestCaseExecutor.processExecutionPhase(TestCaseExecutor.java:298)
	at com.kms.katalon.core.main.TestCaseExecutor.accessMainPhase(TestCaseExecutor.java:290)
	at com.kms.katalon.core.main.TestCaseExecutor.execute(TestCaseExecutor.java:224)
	at com.kms.katalon.core.main.TestCaseMain.runTestCase(TestCaseMain.java:106)
	at com.kms.katalon.core.keyword.builtin.CallTestCaseKeyword$_callTestCase_closure1.doCall(CallTestCaseKeyword.groovy:59)
	at com.kms.katalon.core.keyword.builtin.CallTestCaseKeyword$_callTestCase_closure1.call(CallTestCaseKeyword.groovy)
	at com.kms.katalon.core.keyword.internal.KeywordMain.runKeyword(KeywordMain.groovy:54)
	at com.kms.katalon.core.keyword.builtin.CallTestCaseKeyword.callTestCase(CallTestCaseKeyword.groovy:80)
	at com.kms.katalon.core.keyword.builtin.CallTestCaseKeyword.execute(CallTestCaseKeyword.groovy:44)
	at com.kms.katalon.core.keyword.internal.KeywordExecutor.executeKeywordForPlatform(KeywordExecutor.groovy:53)
	at com.kms.katalon.core.keyword.BuiltinKeywords.callTestCase(BuiltinKeywords.groovy:334)
	at AdvantHealth.run(AdvantHealth:24)
	at com.kms.katalon.core.main.ScriptEngine.run(ScriptEngine.java:194)
	at com.kms.katalon.core.main.ScriptEngine.runScriptAsRawText(ScriptEngine.java:119)
	at com.kms.katalon.core.main.TestCaseExecutor.runScript(TestCaseExecutor.java:328)
	at com.kms.katalon.core.main.TestCaseExecutor.doExecute(TestCaseExecutor.java:319)
	at com.kms.katalon.core.main.TestCaseExecutor.processExecutionPhase(TestCaseExecutor.java:298)
	at com.kms.katalon.core.main.TestCaseExecutor.accessMainPhase(TestCaseExecutor.java:290)
	at com.kms.katalon.core.main.TestCaseExecutor.execute(TestCaseExecutor.java:224)
	at com.kms.katalon.core.main.TestSuiteExecutor.accessTestCaseMainPhase(TestSuiteExecutor.java:129)
	at com.kms.katalon.core.main.TestSuiteExecutor.accessTestSuiteMainPhase(TestSuiteExecutor.java:112)
	at com.kms.katalon.core.main.TestSuiteExecutor.execute(TestSuiteExecutor.java:81)
	at com.kms.katalon.core.main.TestCaseMain.startTestSuite(TestCaseMain.java:149)
	at com.kms.katalon.core.main.TestCaseMain$startTestSuite$0.call(Unknown Source)
	at TempTestSuite1583824169354.run(TempTestSuite1583824169354.groovy:36)


2020-03-10 03:39:09 - [TEST_STEP][PASSED] - waitForElementClickable(findTestObject("mobileSanity/STM/Home Page/a_Quote  Save Today"), 10): Object 'Object Repository/mobileSanity/STM/Home Page/a_Quote  Save Today' is clickable

2020-03-10 03:39:09 - [MESSAGE][PASSED] - Object 'Object Repository/mobileSanity/STM/Home Page/a_Quote  Save Today' is clickable

2020-03-10 03:39:09 - [TEST_STEP][PASSED] - click(findTestObject("mobileSanity/STM/Home Page/a_Quote  Save Today")): Object: 'Object Repository/mobileSanity/STM/Home Page/a_Quote  Save Today' is clicked on

2020-03-10 03:39:09 - [MESSAGE][PASSED] - Object: 'Object Repository/mobileSanity/STM/Home Page/a_Quote  Save Today' is clicked on

2020-03-10 03:39:09 - [TEST_STEP][PASSED] - waitForPageLoad(10): Wait for page load successfully

2020-03-10 03:39:10 - [MESSAGE][PASSED] - Wait for page load successfully

2020-03-10 03:39:10 - [TEST_STEP][PASSED] - callTestCase(findTestCase("AHI/_include/get_screenshot"), [:], STOP_ON_FAILURE): Call Test Case 'Test Cases/AHI/_include/get_screenshot' successfully

2020-03-10 03:39:10 - [TEST_CASE][PASSED] - Test Cases/AHI/_include/get_screenshot: Test Cases/AHI/_include/get_screenshot

2020-03-10 03:39:10 - [TEST_STEP][PASSED] - Thread.sleep(1000): null

2020-03-10 03:39:11 - [TEST_STEP][PASSED] - takeScreenshot(screenPath + i + ".png"): Taking screenshot successfully

2020-03-10 03:39:11 - [MESSAGE][PASSED] - Taking screenshot successfully
[[ATTACHMENT|D:\\Test\\AgileTest\\Reports\\PrivateLabel\\PremierSMI\\20200310_030929\\../Screenshots/iPhone X/PremierSMI/AdvantHealth/20200310_033903/1.png]]

2020-03-10 03:39:11 - [TEST_STEP][PASSED] - (internal.GlobalVariable.i++): null

2020-03-10 03:39:11 - [MESSAGE][PASSED] - Call Test Case 'Test Cases/AHI/_include/get_screenshot' successfully

2020-03-10 03:39:11 - [TEST_STEP][PASSED] - setText(findTestObject("mobileSanity/STM/STM Census Page/input_Location_zip-input"), zipcode): Text '35215' is set on object 'Object Repository/mobileSanity/STM/STM Census Page/input_Location_zip-input'

2020-03-10 03:39:11 - [MESSAGE][PASSED] - Text '35215' is set on object 'Object Repository/mobileSanity/STM/STM Census Page/input_Location_zip-input'

2020-03-10 03:39:11 - [TEST_STEP][PASSED] - Thread.sleep(500): null

2020-03-10 03:39:12 - [TEST_STEP][PASSED] - setText(findTestObject("mobileSanity/STM/STM Census Page/input_Date of Birth_dob-0"), "03031987"): Text '03031987' is set on object 'Object Repository/mobileSanity/STM/STM Census Page/input_Date of Birth_dob-0'

2020-03-10 03:39:12 - [MESSAGE][PASSED] - Text '03031987' is set on object 'Object Repository/mobileSanity/STM/STM Census Page/input_Date of Birth_dob-0'

2020-03-10 03:39:12 - [TEST_STEP][PASSED] - click(findTestObject("mobileSanity/STM/STM Census Page/label_Male")): Object: 'Object Repository/mobileSanity/STM/STM Census Page/label_Male' is clicked on

2020-03-10 03:39:12 - [MESSAGE][PASSED] - Object: 'Object Repository/mobileSanity/STM/STM Census Page/label_Male' is clicked on

2020-03-10 03:39:12 - [TEST_STEP][FAILED] - click(findTestObject("mobileSanity/STM/STM Census Page/label_Compare Plans")): click(findTestObject("mobileSanity/STM/STM Census Page/label_Compare Plans")) FAILED.
Reason:
com.kms.katalon.core.exception.StepFailedException: Unable to click on object 'Object Repository/mobileSanity/STM/STM Census Page/label_Compare Plans' (Root cause: com.kms.katalon.core.webui.exception.WebElementNotFoundException: Web element with id: 'Object Repository/mobileSanity/STM/STM Census Page/label_Compare Plans' located by 'By.xpath: //label[@id = 'js-see-plans' and @href = '#' and (text() = 'Compare Plans ' or . = 'Compare Plans ')]' not found)
	at com.kms.katalon.core.keyword.internal.KeywordMain.stepFailed(KeywordMain.groovy:36)
	at com.kms.katalon.core.webui.keyword.internal.WebUIKeywordMain.stepFailed(WebUIKeywordMain.groovy:65)
	at com.kms.katalon.core.webui.keyword.internal.WebUIKeywordMain.runKeyword(WebUIKeywordMain.groovy:27)
	at com.kms.katalon.core.webui.keyword.builtin.ClickKeyword.click(ClickKeyword.groovy:86)
	at com.kms.katalon.core.webui.keyword.builtin.ClickKeyword.execute(ClickKeyword.groovy:67)
	at com.kms.katalon.core.keyword.internal.KeywordExecutor.executeKeywordForPlatform(KeywordExecutor.groovy:53)
	at com.kms.katalon.core.webui.keyword.WebUiBuiltInKeywords.click(WebUiBuiltInKeywords.groovy:616)
	at com.kms.katalon.core.webui.keyword.WebUiBuiltInKeywords$click$3.call(Unknown Source)
	at census_stm.run(census_stm:32)
	at com.kms.katalon.core.main.ScriptEngine.run(ScriptEngine.java:194)
	at com.kms.katalon.core.main.ScriptEngine.runScriptAsRawText(ScriptEngine.java:119)
	at com.kms.katalon.core.main.TestCaseExecutor.runScript(TestCaseExecutor.java:328)
	at com.kms.katalon.core.main.TestCaseExecutor.doExecute(TestCaseExecutor.java:319)
	at com.kms.katalon.core.main.TestCaseExecutor.processExecutionPhase(TestCaseExecutor.java:298)
	at com.kms.katalon.core.main.TestCaseExecutor.accessMainPhase(TestCaseExecutor.java:290)
	at com.kms.katalon.core.main.TestCaseExecutor.execute(TestCaseExecutor.java:224)
	at com.kms.katalon.core.main.TestCaseMain.runTestCase(TestCaseMain.java:106)
	at com.kms.katalon.core.keyword.builtin.CallTestCaseKeyword$_callTestCase_closure1.doCall(CallTestCaseKeyword.groovy:59)
	at com.kms.katalon.core.keyword.builtin.CallTestCaseKeyword$_callTestCase_closure1.call(CallTestCaseKeyword.groovy)
	at com.kms.katalon.core.keyword.internal.KeywordMain.runKeyword(KeywordMain.groovy:54)
	at com.kms.katalon.core.keyword.builtin.CallTestCaseKeyword.callTestCase(CallTestCaseKeyword.groovy:80)
	at com.kms.katalon.core.keyword.builtin.CallTestCaseKeyword.execute(CallTestCaseKeyword.groovy:44)
	at com.kms.katalon.core.keyword.internal.KeywordExecutor.executeKeywordForPlatform(KeywordExecutor.groovy:53)
	at com.kms.katalon.core.keyword.BuiltinKeywords.callTestCase(BuiltinKeywords.groovy:334)
	at AdvantHealth.run(AdvantHealth:24)
	at com.kms.katalon.core.main.ScriptEngine.run(ScriptEngine.java:194)
	at com.kms.katalon.core.main.ScriptEngine.runScriptAsRawText(ScriptEngine.java:119)
	at com.kms.katalon.core.main.TestCaseExecutor.runScript(TestCaseExecutor.java:328)
	at com.kms.katalon.core.main.TestCaseExecutor.doExecute(TestCaseExecutor.java:319)
	at com.kms.katalon.core.main.TestCaseExecutor.processExecutionPhase(TestCaseExecutor.java:298)
	at com.kms.katalon.core.main.TestCaseExecutor.accessMainPhase(TestCaseExecutor.java:290)
	at com.kms.katalon.core.main.TestCaseExecutor.execute(TestCaseExecutor.java:224)
	at com.kms.katalon.core.main.TestSuiteExecutor.accessTestCaseMainPhase(TestSuiteExecutor.java:129)
	at com.kms.katalon.core.main.TestSuiteExecutor.accessTestSuiteMainPhase(TestSuiteExecutor.java:112)
	at com.kms.katalon.core.main.TestSuiteExecutor.execute(TestSuiteExecutor.java:81)
	at com.kms.katalon.core.main.TestCaseMain.startTestSuite(TestCaseMain.java:149)
	at com.kms.katalon.core.main.TestCaseMain$startTestSuite$0.call(Unknown Source)
	at TempTestSuite1583824169354.run(TempTestSuite1583824169354.groovy:36)


2020-03-10 03:39:33 - [MESSAGE][INFO] - Unable to find the element located by 'By.xpath: //label[@id = 'js-see-plans' and @href = '#' and (text() = 'Compare Plans ' or . = 'Compare Plans ')]'. Please recheck the objects properties to make sure the desired element is located. 

2020-03-10 03:39:34 - [MESSAGE][FAILED] - Unable to click on object 'Object Repository/mobileSanity/STM/STM Census Page/label_Compare Plans' (Root cause: com.kms.katalon.core.webui.exception.WebElementNotFoundException: Web element with id: 'Object Repository/mobileSanity/STM/STM Census Page/label_Compare Plans' located by 'By.xpath: //label[@id = 'js-see-plans' and @href = '#' and (text() = 'Compare Plans ' or . = 'Compare Plans ')]' not found)
[[ATTACHMENT|D:\\Test\\AgileTest\\Reports\\PrivateLabel\\PremierSMI\\20200310_030929\\1583825973676.png]]

2020-03-10 03:39:34 - [MESSAGE][FAILED] - click(findTestObject("mobileSanity/STM/STM Census Page/label_Compare Plans")) FAILED.
Reason:
com.kms.katalon.core.exception.StepFailedException: Unable to click on object 'Object Repository/mobileSanity/STM/STM Census Page/label_Compare Plans' (Root cause: com.kms.katalon.core.webui.exception.WebElementNotFoundException: Web element with id: 'Object Repository/mobileSanity/STM/STM Census Page/label_Compare Plans' located by 'By.xpath: //label[@id = 'js-see-plans' and @href = '#' and (text() = 'Compare Plans ' or . = 'Compare Plans ')]' not found)
	at com.kms.katalon.core.keyword.internal.KeywordMain.stepFailed(KeywordMain.groovy:36)
	at com.kms.katalon.core.webui.keyword.internal.WebUIKeywordMain.stepFailed(WebUIKeywordMain.groovy:65)
	at com.kms.katalon.core.webui.keyword.internal.WebUIKeywordMain.runKeyword(WebUIKeywordMain.groovy:27)
	at com.kms.katalon.core.webui.keyword.builtin.ClickKeyword.click(ClickKeyword.groovy:86)
	at com.kms.katalon.core.webui.keyword.builtin.ClickKeyword.execute(ClickKeyword.groovy:67)
	at com.kms.katalon.core.keyword.internal.KeywordExecutor.executeKeywordForPlatform(KeywordExecutor.groovy:53)
	at com.kms.katalon.core.webui.keyword.WebUiBuiltInKeywords.click(WebUiBuiltInKeywords.groovy:616)
	at com.kms.katalon.core.webui.keyword.WebUiBuiltInKeywords$click$3.call(Unknown Source)
	at census_stm.run(census_stm:32)
	at com.kms.katalon.core.main.ScriptEngine.run(ScriptEngine.java:194)
	at com.kms.katalon.core.main.ScriptEngine.runScriptAsRawText(ScriptEngine.java:119)
	at com.kms.katalon.core.main.TestCaseExecutor.runScript(TestCaseExecutor.java:328)
	at com.kms.katalon.core.main.TestCaseExecutor.doExecute(TestCaseExecutor.java:319)
	at com.kms.katalon.core.main.TestCaseExecutor.processExecutionPhase(TestCaseExecutor.java:298)
	at com.kms.katalon.core.main.TestCaseExecutor.accessMainPhase(TestCaseExecutor.java:290)
	at com.kms.katalon.core.main.TestCaseExecutor.execute(TestCaseExecutor.java:224)
	at com.kms.katalon.core.main.TestCaseMain.runTestCase(TestCaseMain.java:106)
	at com.kms.katalon.core.keyword.builtin.CallTestCaseKeyword$_callTestCase_closure1.doCall(CallTestCaseKeyword.groovy:59)
	at com.kms.katalon.core.keyword.builtin.CallTestCaseKeyword$_callTestCase_closure1.call(CallTestCaseKeyword.groovy)
	at com.kms.katalon.core.keyword.internal.KeywordMain.runKeyword(KeywordMain.groovy:54)
	at com.kms.katalon.core.keyword.builtin.CallTestCaseKeyword.callTestCase(CallTestCaseKeyword.groovy:80)
	at com.kms.katalon.core.keyword.builtin.CallTestCaseKeyword.execute(CallTestCaseKeyword.groovy:44)
	at com.kms.katalon.core.keyword.internal.KeywordExecutor.executeKeywordForPlatform(KeywordExecutor.groovy:53)
	at com.kms.katalon.core.keyword.BuiltinKeywords.callTestCase(BuiltinKeywords.groovy:334)
	at AdvantHealth.run(AdvantHealth:24)
	at com.kms.katalon.core.main.ScriptEngine.run(ScriptEngine.java:194)
	at com.kms.katalon.core.main.ScriptEngine.runScriptAsRawText(ScriptEngine.java:119)
	at com.kms.katalon.core.main.TestCaseExecutor.runScript(TestCaseExecutor.java:328)
	at com.kms.katalon.core.main.TestCaseExecutor.doExecute(TestCaseExecutor.java:319)
	at com.kms.katalon.core.main.TestCaseExecutor.processExecutionPhase(TestCaseExecutor.java:298)
	at com.kms.katalon.core.main.TestCaseExecutor.accessMainPhase(TestCaseExecutor.java:290)
	at com.kms.katalon.core.main.TestCaseExecutor.execute(TestCaseExecutor.java:224)
	at com.kms.katalon.core.main.TestSuiteExecutor.accessTestCaseMainPhase(TestSuiteExecutor.java:129)
	at com.kms.katalon.core.main.TestSuiteExecutor.accessTestSuiteMainPhase(TestSuiteExecutor.java:112)
	at com.kms.katalon.core.main.TestSuiteExecutor.execute(TestSuiteExecutor.java:81)
	at com.kms.katalon.core.main.TestCaseMain.startTestSuite(TestCaseMain.java:149)
	at com.kms.katalon.core.main.TestCaseMain$startTestSuite$0.call(Unknown Source)
	at TempTestSuite1583824169354.run(TempTestSuite1583824169354.groovy:36)


2020-03-10 03:39:34 - [MESSAGE][FAILED] - Unable to call Test Case 'Test Cases/AHI/_include/census_stm' (Root cause: com.kms.katalon.core.exception.StepFailedException: Call Test Case 'Test Cases/AHI/_include/census_stm' failed)

2020-03-10 03:39:34 - [MESSAGE][FAILED] - callTestCase(findTestCase("AHI/_include/census_stm"), ["zipcode":"35215"], STOP_ON_FAILURE) FAILED.
Reason:
com.kms.katalon.core.exception.StepFailedException: Unable to click on object 'Object Repository/mobileSanity/STM/STM Census Page/label_Compare Plans' (Root cause: com.kms.katalon.core.webui.exception.WebElementNotFoundException: Web element with id: 'Object Repository/mobileSanity/STM/STM Census Page/label_Compare Plans' located by 'By.xpath: //label[@id = 'js-see-plans' and @href = '#' and (text() = 'Compare Plans ' or . = 'Compare Plans ')]' not found)
	at com.kms.katalon.core.keyword.internal.KeywordMain.stepFailed(KeywordMain.groovy:36)
	at com.kms.katalon.core.webui.keyword.internal.WebUIKeywordMain.stepFailed(WebUIKeywordMain.groovy:65)
	at com.kms.katalon.core.webui.keyword.internal.WebUIKeywordMain.runKeyword(WebUIKeywordMain.groovy:27)
	at com.kms.katalon.core.webui.keyword.builtin.ClickKeyword.click(ClickKeyword.groovy:86)
	at com.kms.katalon.core.webui.keyword.builtin.ClickKeyword.execute(ClickKeyword.groovy:67)
	at com.kms.katalon.core.keyword.internal.KeywordExecutor.executeKeywordForPlatform(KeywordExecutor.groovy:53)
	at com.kms.katalon.core.webui.keyword.WebUiBuiltInKeywords.click(WebUiBuiltInKeywords.groovy:616)
	at com.kms.katalon.core.webui.keyword.WebUiBuiltInKeywords$click$3.call(Unknown Source)
	at census_stm.run(census_stm:32)
	at com.kms.katalon.core.main.ScriptEngine.run(ScriptEngine.java:194)
	at com.kms.katalon.core.main.ScriptEngine.runScriptAsRawText(ScriptEngine.java:119)
	at com.kms.katalon.core.main.TestCaseExecutor.runScript(TestCaseExecutor.java:328)
	at com.kms.katalon.core.main.TestCaseExecutor.doExecute(TestCaseExecutor.java:319)
	at com.kms.katalon.core.main.TestCaseExecutor.processExecutionPhase(TestCaseExecutor.java:298)
	at com.kms.katalon.core.main.TestCaseExecutor.accessMainPhase(TestCaseExecutor.java:290)
	at com.kms.katalon.core.main.TestCaseExecutor.execute(TestCaseExecutor.java:224)
	at com.kms.katalon.core.main.TestCaseMain.runTestCase(TestCaseMain.java:106)
	at com.kms.katalon.core.keyword.builtin.CallTestCaseKeyword$_callTestCase_closure1.doCall(CallTestCaseKeyword.groovy:59)
	at com.kms.katalon.core.keyword.builtin.CallTestCaseKeyword$_callTestCase_closure1.call(CallTestCaseKeyword.groovy)
	at com.kms.katalon.core.keyword.internal.KeywordMain.runKeyword(KeywordMain.groovy:54)
	at com.kms.katalon.core.keyword.builtin.CallTestCaseKeyword.callTestCase(CallTestCaseKeyword.groovy:80)
	at com.kms.katalon.core.keyword.builtin.CallTestCaseKeyword.execute(CallTestCaseKeyword.groovy:44)
	at com.kms.katalon.core.keyword.internal.KeywordExecutor.executeKeywordForPlatform(KeywordExecutor.groovy:53)
	at com.kms.katalon.core.keyword.BuiltinKeywords.callTestCase(BuiltinKeywords.groovy:334)
	at AdvantHealth.run(AdvantHealth:24)
	at com.kms.katalon.core.main.ScriptEngine.run(ScriptEngine.java:194)
	at com.kms.katalon.core.main.ScriptEngine.runScriptAsRawText(ScriptEngine.java:119)
	at com.kms.katalon.core.main.TestCaseExecutor.runScript(TestCaseExecutor.java:328)
	at com.kms.katalon.core.main.TestCaseExecutor.doExecute(TestCaseExecutor.java:319)
	at com.kms.katalon.core.main.TestCaseExecutor.processExecutionPhase(TestCaseExecutor.java:298)
	at com.kms.katalon.core.main.TestCaseExecutor.accessMainPhase(TestCaseExecutor.java:290)
	at com.kms.katalon.core.main.TestCaseExecutor.execute(TestCaseExecutor.java:224)
	at com.kms.katalon.core.main.TestSuiteExecutor.accessTestCaseMainPhase(TestSuiteExecutor.java:129)
	at com.kms.katalon.core.main.TestSuiteExecutor.accessTestSuiteMainPhase(TestSuiteExecutor.java:112)
	at com.kms.katalon.core.main.TestSuiteExecutor.execute(TestSuiteExecutor.java:81)
	at com.kms.katalon.core.main.TestCaseMain.startTestSuite(TestCaseMain.java:149)
	at com.kms.katalon.core.main.TestCaseMain$startTestSuite$0.call(Unknown Source)
	at TempTestSuite1583824169354.run(TempTestSuite1583824169354.groovy:36)]]></system-out>
         <system-err><![CDATA[2020-03-10 03:39:02 - [TEST_CASE][FAILED] - Test Cases/PL Site/PremierSMI/AdvantHealth: Test Cases/PL Site/PremierSMI/AdvantHealth FAILED.
Reason:
com.kms.katalon.core.exception.StepFailedException: Unable to click on object 'Object Repository/mobileSanity/STM/STM Census Page/label_Compare Plans' (Root cause: com.kms.katalon.core.webui.exception.WebElementNotFoundException: Web element with id: 'Object Repository/mobileSanity/STM/STM Census Page/label_Compare Plans' located by 'By.xpath: //label[@id = 'js-see-plans' and @href = '#' and (text() = 'Compare Plans ' or . = 'Compare Plans ')]' not found)
	at com.kms.katalon.core.keyword.internal.KeywordMain.stepFailed(KeywordMain.groovy:36)
	at com.kms.katalon.core.webui.keyword.internal.WebUIKeywordMain.stepFailed(WebUIKeywordMain.groovy:65)
	at com.kms.katalon.core.webui.keyword.internal.WebUIKeywordMain.runKeyword(WebUIKeywordMain.groovy:27)
	at com.kms.katalon.core.webui.keyword.builtin.ClickKeyword.click(ClickKeyword.groovy:86)
	at com.kms.katalon.core.webui.keyword.builtin.ClickKeyword.execute(ClickKeyword.groovy:67)
	at com.kms.katalon.core.keyword.internal.KeywordExecutor.executeKeywordForPlatform(KeywordExecutor.groovy:53)
	at com.kms.katalon.core.webui.keyword.WebUiBuiltInKeywords.click(WebUiBuiltInKeywords.groovy:616)
	at com.kms.katalon.core.webui.keyword.WebUiBuiltInKeywords$click$3.call(Unknown Source)
	at census_stm.run(census_stm:32)
	at com.kms.katalon.core.main.ScriptEngine.run(ScriptEngine.java:194)
	at com.kms.katalon.core.main.ScriptEngine.runScriptAsRawText(ScriptEngine.java:119)
	at com.kms.katalon.core.main.TestCaseExecutor.runScript(TestCaseExecutor.java:328)
	at com.kms.katalon.core.main.TestCaseExecutor.doExecute(TestCaseExecutor.java:319)
	at com.kms.katalon.core.main.TestCaseExecutor.processExecutionPhase(TestCaseExecutor.java:298)
	at com.kms.katalon.core.main.TestCaseExecutor.accessMainPhase(TestCaseExecutor.java:290)
	at com.kms.katalon.core.main.TestCaseExecutor.execute(TestCaseExecutor.java:224)
	at com.kms.katalon.core.main.TestCaseMain.runTestCase(TestCaseMain.java:106)
	at com.kms.katalon.core.keyword.builtin.CallTestCaseKeyword$_callTestCase_closure1.doCall(CallTestCaseKeyword.groovy:59)
	at com.kms.katalon.core.keyword.builtin.CallTestCaseKeyword$_callTestCase_closure1.call(CallTestCaseKeyword.groovy)
	at com.kms.katalon.core.keyword.internal.KeywordMain.runKeyword(KeywordMain.groovy:54)
	at com.kms.katalon.core.keyword.builtin.CallTestCaseKeyword.callTestCase(CallTestCaseKeyword.groovy:80)
	at com.kms.katalon.core.keyword.builtin.CallTestCaseKeyword.execute(CallTestCaseKeyword.groovy:44)
	at com.kms.katalon.core.keyword.internal.KeywordExecutor.executeKeywordForPlatform(KeywordExecutor.groovy:53)
	at com.kms.katalon.core.keyword.BuiltinKeywords.callTestCase(BuiltinKeywords.groovy:334)
	at AdvantHealth.run(AdvantHealth:24)
	at com.kms.katalon.core.main.ScriptEngine.run(ScriptEngine.java:194)
	at com.kms.katalon.core.main.ScriptEngine.runScriptAsRawText(ScriptEngine.java:119)
	at com.kms.katalon.core.main.TestCaseExecutor.runScript(TestCaseExecutor.java:328)
	at com.kms.katalon.core.main.TestCaseExecutor.doExecute(TestCaseExecutor.java:319)
	at com.kms.katalon.core.main.TestCaseExecutor.processExecutionPhase(TestCaseExecutor.java:298)
	at com.kms.katalon.core.main.TestCaseExecutor.accessMainPhase(TestCaseExecutor.java:290)
	at com.kms.katalon.core.main.TestCaseExecutor.execute(TestCaseExecutor.java:224)
	at com.kms.katalon.core.main.TestSuiteExecutor.accessTestCaseMainPhase(TestSuiteExecutor.java:129)
	at com.kms.katalon.core.main.TestSuiteExecutor.accessTestSuiteMainPhase(TestSuiteExecutor.java:112)
	at com.kms.katalon.core.main.TestSuiteExecutor.execute(TestSuiteExecutor.java:81)
	at com.kms.katalon.core.main.TestCaseMain.startTestSuite(TestCaseMain.java:149)
	at com.kms.katalon.core.main.TestCaseMain$startTestSuite$0.call(Unknown Source)
	at TempTestSuite1583824169354.run(TempTestSuite1583824169354.groovy:36)]]></system-err>
      </testcase>
      <testcase name="Test Cases/PL Site/PremierSMI/Aspen" classname="Test Cases/PL Site/PremierSMI/Aspen" status="FAILED">
         <failure type="FAILED" message="Test Cases/PL Site/PremierSMI/Aspen FAILED.
Reason:
com.kms.katalon.core.exception.StepFailedException: Unable to click on object 'Object Repository/mobileSanity/STM/STM Census Page/label_Compare Plans' (Root cause: com.kms.katalon.core.webui.exception.WebElementNotFoundException: Web element with id: 'Object Repository/mobileSanity/STM/STM Census Page/label_Compare Plans' located by 'By.xpath: //label[@id = 'js-see-plans' and @href = '#' and (text() = 'Compare Plans ' or . = 'Compare Plans ')]' not found)
	at com.kms.katalon.core.keyword.internal.KeywordMain.stepFailed(KeywordMain.groovy:36)
	at com.kms.katalon.core.webui.keyword.internal.WebUIKeywordMain.stepFailed(WebUIKeywordMain.groovy:65)
	at com.kms.katalon.core.webui.keyword.internal.WebUIKeywordMain.runKeyword(WebUIKeywordMain.groovy:27)
	at com.kms.katalon.core.webui.keyword.builtin.ClickKeyword.click(ClickKeyword.groovy:86)
	at com.kms.katalon.core.webui.keyword.builtin.ClickKeyword.execute(ClickKeyword.groovy:67)
	at com.kms.katalon.core.keyword.internal.KeywordExecutor.executeKeywordForPlatform(KeywordExecutor.groovy:53)
	at com.kms.katalon.core.webui.keyword.WebUiBuiltInKeywords.click(WebUiBuiltInKeywords.groovy:616)
	at com.kms.katalon.core.webui.keyword.WebUiBuiltInKeywords$click$3.call(Unknown Source)
	at census_stm.run(census_stm:32)
	at com.kms.katalon.core.main.ScriptEngine.run(ScriptEngine.java:194)
	at com.kms.katalon.core.main.ScriptEngine.runScriptAsRawText(ScriptEngine.java:119)
	at com.kms.katalon.core.main.TestCaseExecutor.runScript(TestCaseExecutor.java:328)
	at com.kms.katalon.core.main.TestCaseExecutor.doExecute(TestCaseExecutor.java:319)
	at com.kms.katalon.core.main.TestCaseExecutor.processExecutionPhase(TestCaseExecutor.java:298)
	at com.kms.katalon.core.main.TestCaseExecutor.accessMainPhase(TestCaseExecutor.java:290)
	at com.kms.katalon.core.main.TestCaseExecutor.execute(TestCaseExecutor.java:224)
	at com.kms.katalon.core.main.TestCaseMain.runTestCase(TestCaseMain.java:106)
	at com.kms.katalon.core.keyword.builtin.CallTestCaseKeyword$_callTestCase_closure1.doCall(CallTestCaseKeyword.groovy:59)
	at com.kms.katalon.core.keyword.builtin.CallTestCaseKeyword$_callTestCase_closure1.call(CallTestCaseKeyword.groovy)
	at com.kms.katalon.core.keyword.internal.KeywordMain.runKeyword(KeywordMain.groovy:54)
	at com.kms.katalon.core.keyword.builtin.CallTestCaseKeyword.callTestCase(CallTestCaseKeyword.groovy:80)
	at com.kms.katalon.core.keyword.builtin.CallTestCaseKeyword.execute(CallTestCaseKeyword.groovy:44)
	at com.kms.katalon.core.keyword.internal.KeywordExecutor.executeKeywordForPlatform(KeywordExecutor.groovy:53)
	at com.kms.katalon.core.keyword.BuiltinKeywords.callTestCase(BuiltinKeywords.groovy:334)
	at Aspen.run(Aspen:24)
	at com.kms.katalon.core.main.ScriptEngine.run(ScriptEngine.java:194)
	at com.kms.katalon.core.main.ScriptEngine.runScriptAsRawText(ScriptEngine.java:119)
	at com.kms.katalon.core.main.TestCaseExecutor.runScript(TestCaseExecutor.java:328)
	at com.kms.katalon.core.main.TestCaseExecutor.doExecute(TestCaseExecutor.java:319)
	at com.kms.katalon.core.main.TestCaseExecutor.processExecutionPhase(TestCaseExecutor.java:298)
	at com.kms.katalon.core.main.TestCaseExecutor.accessMainPhase(TestCaseExecutor.java:290)
	at com.kms.katalon.core.main.TestCaseExecutor.execute(TestCaseExecutor.java:224)
	at com.kms.katalon.core.main.TestSuiteExecutor.accessTestCaseMainPhase(TestSuiteExecutor.java:129)
	at com.kms.katalon.core.main.TestSuiteExecutor.accessTestSuiteMainPhase(TestSuiteExecutor.java:112)
	at com.kms.katalon.core.main.TestSuiteExecutor.execute(TestSuiteExecutor.java:81)
	at com.kms.katalon.core.main.TestCaseMain.startTestSuite(TestCaseMain.java:149)
	at com.kms.katalon.core.main.TestCaseMain$startTestSuite$0.call(Unknown Source)
	at TempTestSuite1583824169354.run(TempTestSuite1583824169354.groovy:36)
"/>
         <system-out><![CDATA[2020-03-10 03:39:34 - [TEST_CASE][FAILED] - Test Cases/PL Site/PremierSMI/Aspen: Test Cases/PL Site/PremierSMI/Aspen FAILED.
Reason:
com.kms.katalon.core.exception.StepFailedException: Unable to click on object 'Object Repository/mobileSanity/STM/STM Census Page/label_Compare Plans' (Root cause: com.kms.katalon.core.webui.exception.WebElementNotFoundException: Web element with id: 'Object Repository/mobileSanity/STM/STM Census Page/label_Compare Plans' located by 'By.xpath: //label[@id = 'js-see-plans' and @href = '#' and (text() = 'Compare Plans ' or . = 'Compare Plans ')]' not found)
	at com.kms.katalon.core.keyword.internal.KeywordMain.stepFailed(KeywordMain.groovy:36)
	at com.kms.katalon.core.webui.keyword.internal.WebUIKeywordMain.stepFailed(WebUIKeywordMain.groovy:65)
	at com.kms.katalon.core.webui.keyword.internal.WebUIKeywordMain.runKeyword(WebUIKeywordMain.groovy:27)
	at com.kms.katalon.core.webui.keyword.builtin.ClickKeyword.click(ClickKeyword.groovy:86)
	at com.kms.katalon.core.webui.keyword.builtin.ClickKeyword.execute(ClickKeyword.groovy:67)
	at com.kms.katalon.core.keyword.internal.KeywordExecutor.executeKeywordForPlatform(KeywordExecutor.groovy:53)
	at com.kms.katalon.core.webui.keyword.WebUiBuiltInKeywords.click(WebUiBuiltInKeywords.groovy:616)
	at com.kms.katalon.core.webui.keyword.WebUiBuiltInKeywords$click$3.call(Unknown Source)
	at census_stm.run(census_stm:32)
	at com.kms.katalon.core.main.ScriptEngine.run(ScriptEngine.java:194)
	at com.kms.katalon.core.main.ScriptEngine.runScriptAsRawText(ScriptEngine.java:119)
	at com.kms.katalon.core.main.TestCaseExecutor.runScript(TestCaseExecutor.java:328)
	at com.kms.katalon.core.main.TestCaseExecutor.doExecute(TestCaseExecutor.java:319)
	at com.kms.katalon.core.main.TestCaseExecutor.processExecutionPhase(TestCaseExecutor.java:298)
	at com.kms.katalon.core.main.TestCaseExecutor.accessMainPhase(TestCaseExecutor.java:290)
	at com.kms.katalon.core.main.TestCaseExecutor.execute(TestCaseExecutor.java:224)
	at com.kms.katalon.core.main.TestCaseMain.runTestCase(TestCaseMain.java:106)
	at com.kms.katalon.core.keyword.builtin.CallTestCaseKeyword$_callTestCase_closure1.doCall(CallTestCaseKeyword.groovy:59)
	at com.kms.katalon.core.keyword.builtin.CallTestCaseKeyword$_callTestCase_closure1.call(CallTestCaseKeyword.groovy)
	at com.kms.katalon.core.keyword.internal.KeywordMain.runKeyword(KeywordMain.groovy:54)
	at com.kms.katalon.core.keyword.builtin.CallTestCaseKeyword.callTestCase(CallTestCaseKeyword.groovy:80)
	at com.kms.katalon.core.keyword.builtin.CallTestCaseKeyword.execute(CallTestCaseKeyword.groovy:44)
	at com.kms.katalon.core.keyword.internal.KeywordExecutor.executeKeywordForPlatform(KeywordExecutor.groovy:53)
	at com.kms.katalon.core.keyword.BuiltinKeywords.callTestCase(BuiltinKeywords.groovy:334)
	at Aspen.run(Aspen:24)
	at com.kms.katalon.core.main.ScriptEngine.run(ScriptEngine.java:194)
	at com.kms.katalon.core.main.ScriptEngine.runScriptAsRawText(ScriptEngine.java:119)
	at com.kms.katalon.core.main.TestCaseExecutor.runScript(TestCaseExecutor.java:328)
	at com.kms.katalon.core.main.TestCaseExecutor.doExecute(TestCaseExecutor.java:319)
	at com.kms.katalon.core.main.TestCaseExecutor.processExecutionPhase(TestCaseExecutor.java:298)
	at com.kms.katalon.core.main.TestCaseExecutor.accessMainPhase(TestCaseExecutor.java:290)
	at com.kms.katalon.core.main.TestCaseExecutor.execute(TestCaseExecutor.java:224)
	at com.kms.katalon.core.main.TestSuiteExecutor.accessTestCaseMainPhase(TestSuiteExecutor.java:129)
	at com.kms.katalon.core.main.TestSuiteExecutor.accessTestSuiteMainPhase(TestSuiteExecutor.java:112)
	at com.kms.katalon.core.main.TestSuiteExecutor.execute(TestSuiteExecutor.java:81)
	at com.kms.katalon.core.main.TestCaseMain.startTestSuite(TestCaseMain.java:149)
	at com.kms.katalon.core.main.TestCaseMain$startTestSuite$0.call(Unknown Source)
	at TempTestSuite1583824169354.run(TempTestSuite1583824169354.groovy:36)


2020-03-10 03:39:34 - [TEST_STEP][PASSED] - callTestCase(findTestCase("AHI/_include/get_screenPath"), ["productLine":"PremierSMI", "carrierName":"Aspen"], CONTINUE_ON_FAILURE): Call Test Case 'Test Cases/AHI/_include/get_screenPath' successfully

2020-03-10 03:39:34 - [TEST_CASE][PASSED] - Test Cases/AHI/_include/get_screenPath: Test Cases/AHI/_include/get_screenPath

2020-03-10 03:39:34 - [TEST_STEP][PASSED] - m = getExecutionProperties(): null

2020-03-10 03:39:34 - [TEST_STEP][PASSED] - deviceName = get("mobileEmulation").get("deviceName"): null

2020-03-10 03:39:34 - [TEST_STEP][PASSED] - println(deviceName): null

2020-03-10 03:39:34 - [TEST_STEP][PASSED] - now = new java.util.Date(): null

2020-03-10 03:39:34 - [TEST_STEP][PASSED] - mydate = now.format("yyyyMMdd_HHmmss"): null

2020-03-10 03:39:34 - [TEST_STEP][PASSED] - screenPath = "../Screenshots/": null

2020-03-10 03:39:34 - [TEST_STEP][PASSED] - screenPath = screenPath + deviceName + "/" + productLine + "/" + carrierName + "/" + mydate + "/": null

2020-03-10 03:39:34 - [TEST_STEP][PASSED] - println(screenPath): null

2020-03-10 03:39:34 - [MESSAGE][PASSED] - Call Test Case 'Test Cases/AHI/_include/get_screenPath' successfully

2020-03-10 03:39:34 - [TEST_STEP][PASSED] - i = 0: null

2020-03-10 03:39:34 - [TEST_STEP][PASSED] - callTestCase(findTestCase("AHI/_include/openWebSite"), ["env":"https://premiersmi--qa.storefront.mybenefitskeeper.com"], CONTINUE_ON_FAILURE): Call Test Case 'Test Cases/AHI/_include/openWebSite' successfully

2020-03-10 03:39:34 - [TEST_CASE][PASSED] - Test Cases/AHI/_include/openWebSite: Test Cases/AHI/_include/openWebSite

2020-03-10 03:39:34 - [TEST_STEP][PASSED] - openBrowser(env): Browser is opened with url: 'https://premiersmi--qa.storefront.mybenefitskeeper.com'

2020-03-10 03:39:34 - [MESSAGE][WARNING] - A browser is already opened. Closing browser and opening a new one

2020-03-10 03:39:35 - [MESSAGE][INFO] - Starting 'Chrome' driver

2020-03-10 03:39:35 - [MESSAGE][INFO] - User set preference: ['mobileEmulation', '{deviceName=iPhone X}']

2020-03-10 03:39:35 - [MESSAGE][INFO] - User set preference: ['args', '[--incognito, --aggressive-cache-discard, --no-sandbox, --window-size=375,812, --ignore-certificate-errors]']

2020-03-10 03:39:37 - [MESSAGE][PASSED] - Browser is opened with url: 'https://premiersmi--qa.storefront.mybenefitskeeper.com'

2020-03-10 03:39:37 - [TEST_STEP][PASSED] - waitForPageLoad(20): Wait for page load successfully

2020-03-10 03:39:37 - [MESSAGE][PASSED] - Wait for page load successfully

2020-03-10 03:39:37 - [TEST_STEP][PASSED] - callTestCase(findTestCase("AHI/_include/get_screenshot"), [:], STOP_ON_FAILURE): Call Test Case 'Test Cases/AHI/_include/get_screenshot' successfully

2020-03-10 03:39:37 - [TEST_CASE][PASSED] - Test Cases/AHI/_include/get_screenshot: Test Cases/AHI/_include/get_screenshot

2020-03-10 03:39:37 - [TEST_STEP][PASSED] - Thread.sleep(1000): null

2020-03-10 03:39:38 - [TEST_STEP][PASSED] - takeScreenshot(screenPath + i + ".png"): Taking screenshot successfully

2020-03-10 03:39:39 - [MESSAGE][PASSED] - Taking screenshot successfully
[[ATTACHMENT|D:\\Test\\AgileTest\\Reports\\PrivateLabel\\PremierSMI\\20200310_030929\\../Screenshots/iPhone X/PremierSMI/Aspen/20200310_033934/0.png]]

2020-03-10 03:39:39 - [TEST_STEP][PASSED] - (internal.GlobalVariable.i++): null

2020-03-10 03:39:39 - [MESSAGE][PASSED] - Call Test Case 'Test Cases/AHI/_include/get_screenshot' successfully

2020-03-10 03:39:39 - [MESSAGE][PASSED] - Call Test Case 'Test Cases/AHI/_include/openWebSite' successfully

2020-03-10 03:39:39 - [TEST_STEP][FAILED] - callTestCase(findTestCase("AHI/_include/census_stm"), ["zipcode":"35215"], STOP_ON_FAILURE): callTestCase(findTestCase("AHI/_include/census_stm"), ["zipcode":"35215"], STOP_ON_FAILURE) FAILED.
Reason:
com.kms.katalon.core.exception.StepFailedException: Unable to click on object 'Object Repository/mobileSanity/STM/STM Census Page/label_Compare Plans' (Root cause: com.kms.katalon.core.webui.exception.WebElementNotFoundException: Web element with id: 'Object Repository/mobileSanity/STM/STM Census Page/label_Compare Plans' located by 'By.xpath: //label[@id = 'js-see-plans' and @href = '#' and (text() = 'Compare Plans ' or . = 'Compare Plans ')]' not found)
	at com.kms.katalon.core.keyword.internal.KeywordMain.stepFailed(KeywordMain.groovy:36)
	at com.kms.katalon.core.webui.keyword.internal.WebUIKeywordMain.stepFailed(WebUIKeywordMain.groovy:65)
	at com.kms.katalon.core.webui.keyword.internal.WebUIKeywordMain.runKeyword(WebUIKeywordMain.groovy:27)
	at com.kms.katalon.core.webui.keyword.builtin.ClickKeyword.click(ClickKeyword.groovy:86)
	at com.kms.katalon.core.webui.keyword.builtin.ClickKeyword.execute(ClickKeyword.groovy:67)
	at com.kms.katalon.core.keyword.internal.KeywordExecutor.executeKeywordForPlatform(KeywordExecutor.groovy:53)
	at com.kms.katalon.core.webui.keyword.WebUiBuiltInKeywords.click(WebUiBuiltInKeywords.groovy:616)
	at com.kms.katalon.core.webui.keyword.WebUiBuiltInKeywords$click$3.call(Unknown Source)
	at census_stm.run(census_stm:32)
	at com.kms.katalon.core.main.ScriptEngine.run(ScriptEngine.java:194)
	at com.kms.katalon.core.main.ScriptEngine.runScriptAsRawText(ScriptEngine.java:119)
	at com.kms.katalon.core.main.TestCaseExecutor.runScript(TestCaseExecutor.java:328)
	at com.kms.katalon.core.main.TestCaseExecutor.doExecute(TestCaseExecutor.java:319)
	at com.kms.katalon.core.main.TestCaseExecutor.processExecutionPhase(TestCaseExecutor.java:298)
	at com.kms.katalon.core.main.TestCaseExecutor.accessMainPhase(TestCaseExecutor.java:290)
	at com.kms.katalon.core.main.TestCaseExecutor.execute(TestCaseExecutor.java:224)
	at com.kms.katalon.core.main.TestCaseMain.runTestCase(TestCaseMain.java:106)
	at com.kms.katalon.core.keyword.builtin.CallTestCaseKeyword$_callTestCase_closure1.doCall(CallTestCaseKeyword.groovy:59)
	at com.kms.katalon.core.keyword.builtin.CallTestCaseKeyword$_callTestCase_closure1.call(CallTestCaseKeyword.groovy)
	at com.kms.katalon.core.keyword.internal.KeywordMain.runKeyword(KeywordMain.groovy:54)
	at com.kms.katalon.core.keyword.builtin.CallTestCaseKeyword.callTestCase(CallTestCaseKeyword.groovy:80)
	at com.kms.katalon.core.keyword.builtin.CallTestCaseKeyword.execute(CallTestCaseKeyword.groovy:44)
	at com.kms.katalon.core.keyword.internal.KeywordExecutor.executeKeywordForPlatform(KeywordExecutor.groovy:53)
	at com.kms.katalon.core.keyword.BuiltinKeywords.callTestCase(BuiltinKeywords.groovy:334)
	at Aspen.run(Aspen:24)
	at com.kms.katalon.core.main.ScriptEngine.run(ScriptEngine.java:194)
	at com.kms.katalon.core.main.ScriptEngine.runScriptAsRawText(ScriptEngine.java:119)
	at com.kms.katalon.core.main.TestCaseExecutor.runScript(TestCaseExecutor.java:328)
	at com.kms.katalon.core.main.TestCaseExecutor.doExecute(TestCaseExecutor.java:319)
	at com.kms.katalon.core.main.TestCaseExecutor.processExecutionPhase(TestCaseExecutor.java:298)
	at com.kms.katalon.core.main.TestCaseExecutor.accessMainPhase(TestCaseExecutor.java:290)
	at com.kms.katalon.core.main.TestCaseExecutor.execute(TestCaseExecutor.java:224)
	at com.kms.katalon.core.main.TestSuiteExecutor.accessTestCaseMainPhase(TestSuiteExecutor.java:129)
	at com.kms.katalon.core.main.TestSuiteExecutor.accessTestSuiteMainPhase(TestSuiteExecutor.java:112)
	at com.kms.katalon.core.main.TestSuiteExecutor.execute(TestSuiteExecutor.java:81)
	at com.kms.katalon.core.main.TestCaseMain.startTestSuite(TestCaseMain.java:149)
	at com.kms.katalon.core.main.TestCaseMain$startTestSuite$0.call(Unknown Source)
	at TempTestSuite1583824169354.run(TempTestSuite1583824169354.groovy:36)


2020-03-10 03:39:39 - [TEST_CASE][FAILED] - Test Cases/AHI/_include/census_stm: Test Cases/AHI/_include/census_stm FAILED.
Reason:
com.kms.katalon.core.exception.StepFailedException: Unable to click on object 'Object Repository/mobileSanity/STM/STM Census Page/label_Compare Plans' (Root cause: com.kms.katalon.core.webui.exception.WebElementNotFoundException: Web element with id: 'Object Repository/mobileSanity/STM/STM Census Page/label_Compare Plans' located by 'By.xpath: //label[@id = 'js-see-plans' and @href = '#' and (text() = 'Compare Plans ' or . = 'Compare Plans ')]' not found)
	at com.kms.katalon.core.keyword.internal.KeywordMain.stepFailed(KeywordMain.groovy:36)
	at com.kms.katalon.core.webui.keyword.internal.WebUIKeywordMain.stepFailed(WebUIKeywordMain.groovy:65)
	at com.kms.katalon.core.webui.keyword.internal.WebUIKeywordMain.runKeyword(WebUIKeywordMain.groovy:27)
	at com.kms.katalon.core.webui.keyword.builtin.ClickKeyword.click(ClickKeyword.groovy:86)
	at com.kms.katalon.core.webui.keyword.builtin.ClickKeyword.execute(ClickKeyword.groovy:67)
	at com.kms.katalon.core.keyword.internal.KeywordExecutor.executeKeywordForPlatform(KeywordExecutor.groovy:53)
	at com.kms.katalon.core.webui.keyword.WebUiBuiltInKeywords.click(WebUiBuiltInKeywords.groovy:616)
	at com.kms.katalon.core.webui.keyword.WebUiBuiltInKeywords$click$3.call(Unknown Source)
	at census_stm.run(census_stm:32)
	at com.kms.katalon.core.main.ScriptEngine.run(ScriptEngine.java:194)
	at com.kms.katalon.core.main.ScriptEngine.runScriptAsRawText(ScriptEngine.java:119)
	at com.kms.katalon.core.main.TestCaseExecutor.runScript(TestCaseExecutor.java:328)
	at com.kms.katalon.core.main.TestCaseExecutor.doExecute(TestCaseExecutor.java:319)
	at com.kms.katalon.core.main.TestCaseExecutor.processExecutionPhase(TestCaseExecutor.java:298)
	at com.kms.katalon.core.main.TestCaseExecutor.accessMainPhase(TestCaseExecutor.java:290)
	at com.kms.katalon.core.main.TestCaseExecutor.execute(TestCaseExecutor.java:224)
	at com.kms.katalon.core.main.TestCaseMain.runTestCase(TestCaseMain.java:106)
	at com.kms.katalon.core.keyword.builtin.CallTestCaseKeyword$_callTestCase_closure1.doCall(CallTestCaseKeyword.groovy:59)
	at com.kms.katalon.core.keyword.builtin.CallTestCaseKeyword$_callTestCase_closure1.call(CallTestCaseKeyword.groovy)
	at com.kms.katalon.core.keyword.internal.KeywordMain.runKeyword(KeywordMain.groovy:54)
	at com.kms.katalon.core.keyword.builtin.CallTestCaseKeyword.callTestCase(CallTestCaseKeyword.groovy:80)
	at com.kms.katalon.core.keyword.builtin.CallTestCaseKeyword.execute(CallTestCaseKeyword.groovy:44)
	at com.kms.katalon.core.keyword.internal.KeywordExecutor.executeKeywordForPlatform(KeywordExecutor.groovy:53)
	at com.kms.katalon.core.keyword.BuiltinKeywords.callTestCase(BuiltinKeywords.groovy:334)
	at Aspen.run(Aspen:24)
	at com.kms.katalon.core.main.ScriptEngine.run(ScriptEngine.java:194)
	at com.kms.katalon.core.main.ScriptEngine.runScriptAsRawText(ScriptEngine.java:119)
	at com.kms.katalon.core.main.TestCaseExecutor.runScript(TestCaseExecutor.java:328)
	at com.kms.katalon.core.main.TestCaseExecutor.doExecute(TestCaseExecutor.java:319)
	at com.kms.katalon.core.main.TestCaseExecutor.processExecutionPhase(TestCaseExecutor.java:298)
	at com.kms.katalon.core.main.TestCaseExecutor.accessMainPhase(TestCaseExecutor.java:290)
	at com.kms.katalon.core.main.TestCaseExecutor.execute(TestCaseExecutor.java:224)
	at com.kms.katalon.core.main.TestSuiteExecutor.accessTestCaseMainPhase(TestSuiteExecutor.java:129)
	at com.kms.katalon.core.main.TestSuiteExecutor.accessTestSuiteMainPhase(TestSuiteExecutor.java:112)
	at com.kms.katalon.core.main.TestSuiteExecutor.execute(TestSuiteExecutor.java:81)
	at com.kms.katalon.core.main.TestCaseMain.startTestSuite(TestCaseMain.java:149)
	at com.kms.katalon.core.main.TestCaseMain$startTestSuite$0.call(Unknown Source)
	at TempTestSuite1583824169354.run(TempTestSuite1583824169354.groovy:36)


2020-03-10 03:39:39 - [TEST_STEP][PASSED] - waitForElementClickable(findTestObject("mobileSanity/STM/Home Page/a_Quote  Save Today"), 10): Object 'Object Repository/mobileSanity/STM/Home Page/a_Quote  Save Today' is clickable

2020-03-10 03:39:39 - [MESSAGE][PASSED] - Object 'Object Repository/mobileSanity/STM/Home Page/a_Quote  Save Today' is clickable

2020-03-10 03:39:39 - [TEST_STEP][PASSED] - click(findTestObject("mobileSanity/STM/Home Page/a_Quote  Save Today")): Object: 'Object Repository/mobileSanity/STM/Home Page/a_Quote  Save Today' is clicked on

2020-03-10 03:39:39 - [MESSAGE][PASSED] - Object: 'Object Repository/mobileSanity/STM/Home Page/a_Quote  Save Today' is clicked on

2020-03-10 03:39:39 - [TEST_STEP][PASSED] - waitForPageLoad(10): Wait for page load successfully

2020-03-10 03:39:39 - [MESSAGE][PASSED] - Wait for page load successfully

2020-03-10 03:39:39 - [TEST_STEP][PASSED] - callTestCase(findTestCase("AHI/_include/get_screenshot"), [:], STOP_ON_FAILURE): Call Test Case 'Test Cases/AHI/_include/get_screenshot' successfully

2020-03-10 03:39:39 - [TEST_CASE][PASSED] - Test Cases/AHI/_include/get_screenshot: Test Cases/AHI/_include/get_screenshot

2020-03-10 03:39:39 - [TEST_STEP][PASSED] - Thread.sleep(1000): null

2020-03-10 03:39:40 - [TEST_STEP][PASSED] - takeScreenshot(screenPath + i + ".png"): Taking screenshot successfully

2020-03-10 03:39:41 - [MESSAGE][PASSED] - Taking screenshot successfully
[[ATTACHMENT|D:\\Test\\AgileTest\\Reports\\PrivateLabel\\PremierSMI\\20200310_030929\\../Screenshots/iPhone X/PremierSMI/Aspen/20200310_033934/1.png]]

2020-03-10 03:39:41 - [TEST_STEP][PASSED] - (internal.GlobalVariable.i++): null

2020-03-10 03:39:41 - [MESSAGE][PASSED] - Call Test Case 'Test Cases/AHI/_include/get_screenshot' successfully

2020-03-10 03:39:41 - [TEST_STEP][PASSED] - setText(findTestObject("mobileSanity/STM/STM Census Page/input_Location_zip-input"), zipcode): Text '35215' is set on object 'Object Repository/mobileSanity/STM/STM Census Page/input_Location_zip-input'

2020-03-10 03:39:41 - [MESSAGE][PASSED] - Text '35215' is set on object 'Object Repository/mobileSanity/STM/STM Census Page/input_Location_zip-input'

2020-03-10 03:39:41 - [TEST_STEP][PASSED] - Thread.sleep(500): null

2020-03-10 03:39:42 - [TEST_STEP][PASSED] - setText(findTestObject("mobileSanity/STM/STM Census Page/input_Date of Birth_dob-0"), "03031987"): Text '03031987' is set on object 'Object Repository/mobileSanity/STM/STM Census Page/input_Date of Birth_dob-0'

2020-03-10 03:39:42 - [MESSAGE][PASSED] - Text '03031987' is set on object 'Object Repository/mobileSanity/STM/STM Census Page/input_Date of Birth_dob-0'

2020-03-10 03:39:42 - [TEST_STEP][PASSED] - click(findTestObject("mobileSanity/STM/STM Census Page/label_Male")): Object: 'Object Repository/mobileSanity/STM/STM Census Page/label_Male' is clicked on

2020-03-10 03:39:42 - [MESSAGE][PASSED] - Object: 'Object Repository/mobileSanity/STM/STM Census Page/label_Male' is clicked on

2020-03-10 03:39:42 - [TEST_STEP][FAILED] - click(findTestObject("mobileSanity/STM/STM Census Page/label_Compare Plans")): click(findTestObject("mobileSanity/STM/STM Census Page/label_Compare Plans")) FAILED.
Reason:
com.kms.katalon.core.exception.StepFailedException: Unable to click on object 'Object Repository/mobileSanity/STM/STM Census Page/label_Compare Plans' (Root cause: com.kms.katalon.core.webui.exception.WebElementNotFoundException: Web element with id: 'Object Repository/mobileSanity/STM/STM Census Page/label_Compare Plans' located by 'By.xpath: //label[@id = 'js-see-plans' and @href = '#' and (text() = 'Compare Plans ' or . = 'Compare Plans ')]' not found)
	at com.kms.katalon.core.keyword.internal.KeywordMain.stepFailed(KeywordMain.groovy:36)
	at com.kms.katalon.core.webui.keyword.internal.WebUIKeywordMain.stepFailed(WebUIKeywordMain.groovy:65)
	at com.kms.katalon.core.webui.keyword.internal.WebUIKeywordMain.runKeyword(WebUIKeywordMain.groovy:27)
	at com.kms.katalon.core.webui.keyword.builtin.ClickKeyword.click(ClickKeyword.groovy:86)
	at com.kms.katalon.core.webui.keyword.builtin.ClickKeyword.execute(ClickKeyword.groovy:67)
	at com.kms.katalon.core.keyword.internal.KeywordExecutor.executeKeywordForPlatform(KeywordExecutor.groovy:53)
	at com.kms.katalon.core.webui.keyword.WebUiBuiltInKeywords.click(WebUiBuiltInKeywords.groovy:616)
	at com.kms.katalon.core.webui.keyword.WebUiBuiltInKeywords$click$3.call(Unknown Source)
	at census_stm.run(census_stm:32)
	at com.kms.katalon.core.main.ScriptEngine.run(ScriptEngine.java:194)
	at com.kms.katalon.core.main.ScriptEngine.runScriptAsRawText(ScriptEngine.java:119)
	at com.kms.katalon.core.main.TestCaseExecutor.runScript(TestCaseExecutor.java:328)
	at com.kms.katalon.core.main.TestCaseExecutor.doExecute(TestCaseExecutor.java:319)
	at com.kms.katalon.core.main.TestCaseExecutor.processExecutionPhase(TestCaseExecutor.java:298)
	at com.kms.katalon.core.main.TestCaseExecutor.accessMainPhase(TestCaseExecutor.java:290)
	at com.kms.katalon.core.main.TestCaseExecutor.execute(TestCaseExecutor.java:224)
	at com.kms.katalon.core.main.TestCaseMain.runTestCase(TestCaseMain.java:106)
	at com.kms.katalon.core.keyword.builtin.CallTestCaseKeyword$_callTestCase_closure1.doCall(CallTestCaseKeyword.groovy:59)
	at com.kms.katalon.core.keyword.builtin.CallTestCaseKeyword$_callTestCase_closure1.call(CallTestCaseKeyword.groovy)
	at com.kms.katalon.core.keyword.internal.KeywordMain.runKeyword(KeywordMain.groovy:54)
	at com.kms.katalon.core.keyword.builtin.CallTestCaseKeyword.callTestCase(CallTestCaseKeyword.groovy:80)
	at com.kms.katalon.core.keyword.builtin.CallTestCaseKeyword.execute(CallTestCaseKeyword.groovy:44)
	at com.kms.katalon.core.keyword.internal.KeywordExecutor.executeKeywordForPlatform(KeywordExecutor.groovy:53)
	at com.kms.katalon.core.keyword.BuiltinKeywords.callTestCase(BuiltinKeywords.groovy:334)
	at Aspen.run(Aspen:24)
	at com.kms.katalon.core.main.ScriptEngine.run(ScriptEngine.java:194)
	at com.kms.katalon.core.main.ScriptEngine.runScriptAsRawText(ScriptEngine.java:119)
	at com.kms.katalon.core.main.TestCaseExecutor.runScript(TestCaseExecutor.java:328)
	at com.kms.katalon.core.main.TestCaseExecutor.doExecute(TestCaseExecutor.java:319)
	at com.kms.katalon.core.main.TestCaseExecutor.processExecutionPhase(TestCaseExecutor.java:298)
	at com.kms.katalon.core.main.TestCaseExecutor.accessMainPhase(TestCaseExecutor.java:290)
	at com.kms.katalon.core.main.TestCaseExecutor.execute(TestCaseExecutor.java:224)
	at com.kms.katalon.core.main.TestSuiteExecutor.accessTestCaseMainPhase(TestSuiteExecutor.java:129)
	at com.kms.katalon.core.main.TestSuiteExecutor.accessTestSuiteMainPhase(TestSuiteExecutor.java:112)
	at com.kms.katalon.core.main.TestSuiteExecutor.execute(TestSuiteExecutor.java:81)
	at com.kms.katalon.core.main.TestCaseMain.startTestSuite(TestCaseMain.java:149)
	at com.kms.katalon.core.main.TestCaseMain$startTestSuite$0.call(Unknown Source)
	at TempTestSuite1583824169354.run(TempTestSuite1583824169354.groovy:36)


2020-03-10 03:40:03 - [MESSAGE][INFO] - Unable to find the element located by 'By.xpath: //label[@id = 'js-see-plans' and @href = '#' and (text() = 'Compare Plans ' or . = 'Compare Plans ')]'. Please recheck the objects properties to make sure the desired element is located. 

2020-03-10 03:40:03 - [MESSAGE][FAILED] - Unable to click on object 'Object Repository/mobileSanity/STM/STM Census Page/label_Compare Plans' (Root cause: com.kms.katalon.core.webui.exception.WebElementNotFoundException: Web element with id: 'Object Repository/mobileSanity/STM/STM Census Page/label_Compare Plans' located by 'By.xpath: //label[@id = 'js-see-plans' and @href = '#' and (text() = 'Compare Plans ' or . = 'Compare Plans ')]' not found)
[[ATTACHMENT|D:\\Test\\AgileTest\\Reports\\PrivateLabel\\PremierSMI\\20200310_030929\\1583826003441.png]]

2020-03-10 03:40:03 - [MESSAGE][FAILED] - click(findTestObject("mobileSanity/STM/STM Census Page/label_Compare Plans")) FAILED.
Reason:
com.kms.katalon.core.exception.StepFailedException: Unable to click on object 'Object Repository/mobileSanity/STM/STM Census Page/label_Compare Plans' (Root cause: com.kms.katalon.core.webui.exception.WebElementNotFoundException: Web element with id: 'Object Repository/mobileSanity/STM/STM Census Page/label_Compare Plans' located by 'By.xpath: //label[@id = 'js-see-plans' and @href = '#' and (text() = 'Compare Plans ' or . = 'Compare Plans ')]' not found)
	at com.kms.katalon.core.keyword.internal.KeywordMain.stepFailed(KeywordMain.groovy:36)
	at com.kms.katalon.core.webui.keyword.internal.WebUIKeywordMain.stepFailed(WebUIKeywordMain.groovy:65)
	at com.kms.katalon.core.webui.keyword.internal.WebUIKeywordMain.runKeyword(WebUIKeywordMain.groovy:27)
	at com.kms.katalon.core.webui.keyword.builtin.ClickKeyword.click(ClickKeyword.groovy:86)
	at com.kms.katalon.core.webui.keyword.builtin.ClickKeyword.execute(ClickKeyword.groovy:67)
	at com.kms.katalon.core.keyword.internal.KeywordExecutor.executeKeywordForPlatform(KeywordExecutor.groovy:53)
	at com.kms.katalon.core.webui.keyword.WebUiBuiltInKeywords.click(WebUiBuiltInKeywords.groovy:616)
	at com.kms.katalon.core.webui.keyword.WebUiBuiltInKeywords$click$3.call(Unknown Source)
	at census_stm.run(census_stm:32)
	at com.kms.katalon.core.main.ScriptEngine.run(ScriptEngine.java:194)
	at com.kms.katalon.core.main.ScriptEngine.runScriptAsRawText(ScriptEngine.java:119)
	at com.kms.katalon.core.main.TestCaseExecutor.runScript(TestCaseExecutor.java:328)
	at com.kms.katalon.core.main.TestCaseExecutor.doExecute(TestCaseExecutor.java:319)
	at com.kms.katalon.core.main.TestCaseExecutor.processExecutionPhase(TestCaseExecutor.java:298)
	at com.kms.katalon.core.main.TestCaseExecutor.accessMainPhase(TestCaseExecutor.java:290)
	at com.kms.katalon.core.main.TestCaseExecutor.execute(TestCaseExecutor.java:224)
	at com.kms.katalon.core.main.TestCaseMain.runTestCase(TestCaseMain.java:106)
	at com.kms.katalon.core.keyword.builtin.CallTestCaseKeyword$_callTestCase_closure1.doCall(CallTestCaseKeyword.groovy:59)
	at com.kms.katalon.core.keyword.builtin.CallTestCaseKeyword$_callTestCase_closure1.call(CallTestCaseKeyword.groovy)
	at com.kms.katalon.core.keyword.internal.KeywordMain.runKeyword(KeywordMain.groovy:54)
	at com.kms.katalon.core.keyword.builtin.CallTestCaseKeyword.callTestCase(CallTestCaseKeyword.groovy:80)
	at com.kms.katalon.core.keyword.builtin.CallTestCaseKeyword.execute(CallTestCaseKeyword.groovy:44)
	at com.kms.katalon.core.keyword.internal.KeywordExecutor.executeKeywordForPlatform(KeywordExecutor.groovy:53)
	at com.kms.katalon.core.keyword.BuiltinKeywords.callTestCase(BuiltinKeywords.groovy:334)
	at Aspen.run(Aspen:24)
	at com.kms.katalon.core.main.ScriptEngine.run(ScriptEngine.java:194)
	at com.kms.katalon.core.main.ScriptEngine.runScriptAsRawText(ScriptEngine.java:119)
	at com.kms.katalon.core.main.TestCaseExecutor.runScript(TestCaseExecutor.java:328)
	at com.kms.katalon.core.main.TestCaseExecutor.doExecute(TestCaseExecutor.java:319)
	at com.kms.katalon.core.main.TestCaseExecutor.processExecutionPhase(TestCaseExecutor.java:298)
	at com.kms.katalon.core.main.TestCaseExecutor.accessMainPhase(TestCaseExecutor.java:290)
	at com.kms.katalon.core.main.TestCaseExecutor.execute(TestCaseExecutor.java:224)
	at com.kms.katalon.core.main.TestSuiteExecutor.accessTestCaseMainPhase(TestSuiteExecutor.java:129)
	at com.kms.katalon.core.main.TestSuiteExecutor.accessTestSuiteMainPhase(TestSuiteExecutor.java:112)
	at com.kms.katalon.core.main.TestSuiteExecutor.execute(TestSuiteExecutor.java:81)
	at com.kms.katalon.core.main.TestCaseMain.startTestSuite(TestCaseMain.java:149)
	at com.kms.katalon.core.main.TestCaseMain$startTestSuite$0.call(Unknown Source)
	at TempTestSuite1583824169354.run(TempTestSuite1583824169354.groovy:36)


2020-03-10 03:40:03 - [MESSAGE][FAILED] - Unable to call Test Case 'Test Cases/AHI/_include/census_stm' (Root cause: com.kms.katalon.core.exception.StepFailedException: Call Test Case 'Test Cases/AHI/_include/census_stm' failed)

2020-03-10 03:40:03 - [MESSAGE][FAILED] - callTestCase(findTestCase("AHI/_include/census_stm"), ["zipcode":"35215"], STOP_ON_FAILURE) FAILED.
Reason:
com.kms.katalon.core.exception.StepFailedException: Unable to click on object 'Object Repository/mobileSanity/STM/STM Census Page/label_Compare Plans' (Root cause: com.kms.katalon.core.webui.exception.WebElementNotFoundException: Web element with id: 'Object Repository/mobileSanity/STM/STM Census Page/label_Compare Plans' located by 'By.xpath: //label[@id = 'js-see-plans' and @href = '#' and (text() = 'Compare Plans ' or . = 'Compare Plans ')]' not found)
	at com.kms.katalon.core.keyword.internal.KeywordMain.stepFailed(KeywordMain.groovy:36)
	at com.kms.katalon.core.webui.keyword.internal.WebUIKeywordMain.stepFailed(WebUIKeywordMain.groovy:65)
	at com.kms.katalon.core.webui.keyword.internal.WebUIKeywordMain.runKeyword(WebUIKeywordMain.groovy:27)
	at com.kms.katalon.core.webui.keyword.builtin.ClickKeyword.click(ClickKeyword.groovy:86)
	at com.kms.katalon.core.webui.keyword.builtin.ClickKeyword.execute(ClickKeyword.groovy:67)
	at com.kms.katalon.core.keyword.internal.KeywordExecutor.executeKeywordForPlatform(KeywordExecutor.groovy:53)
	at com.kms.katalon.core.webui.keyword.WebUiBuiltInKeywords.click(WebUiBuiltInKeywords.groovy:616)
	at com.kms.katalon.core.webui.keyword.WebUiBuiltInKeywords$click$3.call(Unknown Source)
	at census_stm.run(census_stm:32)
	at com.kms.katalon.core.main.ScriptEngine.run(ScriptEngine.java:194)
	at com.kms.katalon.core.main.ScriptEngine.runScriptAsRawText(ScriptEngine.java:119)
	at com.kms.katalon.core.main.TestCaseExecutor.runScript(TestCaseExecutor.java:328)
	at com.kms.katalon.core.main.TestCaseExecutor.doExecute(TestCaseExecutor.java:319)
	at com.kms.katalon.core.main.TestCaseExecutor.processExecutionPhase(TestCaseExecutor.java:298)
	at com.kms.katalon.core.main.TestCaseExecutor.accessMainPhase(TestCaseExecutor.java:290)
	at com.kms.katalon.core.main.TestCaseExecutor.execute(TestCaseExecutor.java:224)
	at com.kms.katalon.core.main.TestCaseMain.runTestCase(TestCaseMain.java:106)
	at com.kms.katalon.core.keyword.builtin.CallTestCaseKeyword$_callTestCase_closure1.doCall(CallTestCaseKeyword.groovy:59)
	at com.kms.katalon.core.keyword.builtin.CallTestCaseKeyword$_callTestCase_closure1.call(CallTestCaseKeyword.groovy)
	at com.kms.katalon.core.keyword.internal.KeywordMain.runKeyword(KeywordMain.groovy:54)
	at com.kms.katalon.core.keyword.builtin.CallTestCaseKeyword.callTestCase(CallTestCaseKeyword.groovy:80)
	at com.kms.katalon.core.keyword.builtin.CallTestCaseKeyword.execute(CallTestCaseKeyword.groovy:44)
	at com.kms.katalon.core.keyword.internal.KeywordExecutor.executeKeywordForPlatform(KeywordExecutor.groovy:53)
	at com.kms.katalon.core.keyword.BuiltinKeywords.callTestCase(BuiltinKeywords.groovy:334)
	at Aspen.run(Aspen:24)
	at com.kms.katalon.core.main.ScriptEngine.run(ScriptEngine.java:194)
	at com.kms.katalon.core.main.ScriptEngine.runScriptAsRawText(ScriptEngine.java:119)
	at com.kms.katalon.core.main.TestCaseExecutor.runScript(TestCaseExecutor.java:328)
	at com.kms.katalon.core.main.TestCaseExecutor.doExecute(TestCaseExecutor.java:319)
	at com.kms.katalon.core.main.TestCaseExecutor.processExecutionPhase(TestCaseExecutor.java:298)
	at com.kms.katalon.core.main.TestCaseExecutor.accessMainPhase(TestCaseExecutor.java:290)
	at com.kms.katalon.core.main.TestCaseExecutor.execute(TestCaseExecutor.java:224)
	at com.kms.katalon.core.main.TestSuiteExecutor.accessTestCaseMainPhase(TestSuiteExecutor.java:129)
	at com.kms.katalon.core.main.TestSuiteExecutor.accessTestSuiteMainPhase(TestSuiteExecutor.java:112)
	at com.kms.katalon.core.main.TestSuiteExecutor.execute(TestSuiteExecutor.java:81)
	at com.kms.katalon.core.main.TestCaseMain.startTestSuite(TestCaseMain.java:149)
	at com.kms.katalon.core.main.TestCaseMain$startTestSuite$0.call(Unknown Source)
	at TempTestSuite1583824169354.run(TempTestSuite1583824169354.groovy:36)]]></system-out>
         <system-err><![CDATA[2020-03-10 03:39:34 - [TEST_CASE][FAILED] - Test Cases/PL Site/PremierSMI/Aspen: Test Cases/PL Site/PremierSMI/Aspen FAILED.
Reason:
com.kms.katalon.core.exception.StepFailedException: Unable to click on object 'Object Repository/mobileSanity/STM/STM Census Page/label_Compare Plans' (Root cause: com.kms.katalon.core.webui.exception.WebElementNotFoundException: Web element with id: 'Object Repository/mobileSanity/STM/STM Census Page/label_Compare Plans' located by 'By.xpath: //label[@id = 'js-see-plans' and @href = '#' and (text() = 'Compare Plans ' or . = 'Compare Plans ')]' not found)
	at com.kms.katalon.core.keyword.internal.KeywordMain.stepFailed(KeywordMain.groovy:36)
	at com.kms.katalon.core.webui.keyword.internal.WebUIKeywordMain.stepFailed(WebUIKeywordMain.groovy:65)
	at com.kms.katalon.core.webui.keyword.internal.WebUIKeywordMain.runKeyword(WebUIKeywordMain.groovy:27)
	at com.kms.katalon.core.webui.keyword.builtin.ClickKeyword.click(ClickKeyword.groovy:86)
	at com.kms.katalon.core.webui.keyword.builtin.ClickKeyword.execute(ClickKeyword.groovy:67)
	at com.kms.katalon.core.keyword.internal.KeywordExecutor.executeKeywordForPlatform(KeywordExecutor.groovy:53)
	at com.kms.katalon.core.webui.keyword.WebUiBuiltInKeywords.click(WebUiBuiltInKeywords.groovy:616)
	at com.kms.katalon.core.webui.keyword.WebUiBuiltInKeywords$click$3.call(Unknown Source)
	at census_stm.run(census_stm:32)
	at com.kms.katalon.core.main.ScriptEngine.run(ScriptEngine.java:194)
	at com.kms.katalon.core.main.ScriptEngine.runScriptAsRawText(ScriptEngine.java:119)
	at com.kms.katalon.core.main.TestCaseExecutor.runScript(TestCaseExecutor.java:328)
	at com.kms.katalon.core.main.TestCaseExecutor.doExecute(TestCaseExecutor.java:319)
	at com.kms.katalon.core.main.TestCaseExecutor.processExecutionPhase(TestCaseExecutor.java:298)
	at com.kms.katalon.core.main.TestCaseExecutor.accessMainPhase(TestCaseExecutor.java:290)
	at com.kms.katalon.core.main.TestCaseExecutor.execute(TestCaseExecutor.java:224)
	at com.kms.katalon.core.main.TestCaseMain.runTestCase(TestCaseMain.java:106)
	at com.kms.katalon.core.keyword.builtin.CallTestCaseKeyword$_callTestCase_closure1.doCall(CallTestCaseKeyword.groovy:59)
	at com.kms.katalon.core.keyword.builtin.CallTestCaseKeyword$_callTestCase_closure1.call(CallTestCaseKeyword.groovy)
	at com.kms.katalon.core.keyword.internal.KeywordMain.runKeyword(KeywordMain.groovy:54)
	at com.kms.katalon.core.keyword.builtin.CallTestCaseKeyword.callTestCase(CallTestCaseKeyword.groovy:80)
	at com.kms.katalon.core.keyword.builtin.CallTestCaseKeyword.execute(CallTestCaseKeyword.groovy:44)
	at com.kms.katalon.core.keyword.internal.KeywordExecutor.executeKeywordForPlatform(KeywordExecutor.groovy:53)
	at com.kms.katalon.core.keyword.BuiltinKeywords.callTestCase(BuiltinKeywords.groovy:334)
	at Aspen.run(Aspen:24)
	at com.kms.katalon.core.main.ScriptEngine.run(ScriptEngine.java:194)
	at com.kms.katalon.core.main.ScriptEngine.runScriptAsRawText(ScriptEngine.java:119)
	at com.kms.katalon.core.main.TestCaseExecutor.runScript(TestCaseExecutor.java:328)
	at com.kms.katalon.core.main.TestCaseExecutor.doExecute(TestCaseExecutor.java:319)
	at com.kms.katalon.core.main.TestCaseExecutor.processExecutionPhase(TestCaseExecutor.java:298)
	at com.kms.katalon.core.main.TestCaseExecutor.accessMainPhase(TestCaseExecutor.java:290)
	at com.kms.katalon.core.main.TestCaseExecutor.execute(TestCaseExecutor.java:224)
	at com.kms.katalon.core.main.TestSuiteExecutor.accessTestCaseMainPhase(TestSuiteExecutor.java:129)
	at com.kms.katalon.core.main.TestSuiteExecutor.accessTestSuiteMainPhase(TestSuiteExecutor.java:112)
	at com.kms.katalon.core.main.TestSuiteExecutor.execute(TestSuiteExecutor.java:81)
	at com.kms.katalon.core.main.TestCaseMain.startTestSuite(TestCaseMain.java:149)
	at com.kms.katalon.core.main.TestCaseMain$startTestSuite$0.call(Unknown Source)
	at TempTestSuite1583824169354.run(TempTestSuite1583824169354.groovy:36)]]></system-err>
      </testcase>
      <testcase name="Test Cases/PL Site/PremierSMI/Health Choice" classname="Test Cases/PL Site/PremierSMI/Health Choice" status="PASSED">
         <system-out><![CDATA[2020-03-10 03:40:03 - [TEST_CASE][PASSED] - Test Cases/PL Site/PremierSMI/Health Choice: Test Cases/PL Site/PremierSMI/Health Choice

2020-03-10 03:40:04 - [TEST_STEP][PASSED] - callTestCase(findTestCase("AHI/_include/get_screenPath"), ["productLine":"PremierSMI", "carrierName":"Health Choice"], CONTINUE_ON_FAILURE): Call Test Case 'Test Cases/AHI/_include/get_screenPath' successfully

2020-03-10 03:40:04 - [TEST_CASE][PASSED] - Test Cases/AHI/_include/get_screenPath: Test Cases/AHI/_include/get_screenPath

2020-03-10 03:40:04 - [TEST_STEP][PASSED] - m = getExecutionProperties(): null

2020-03-10 03:40:04 - [TEST_STEP][PASSED] - deviceName = get("mobileEmulation").get("deviceName"): null

2020-03-10 03:40:04 - [TEST_STEP][PASSED] - println(deviceName): null

2020-03-10 03:40:04 - [TEST_STEP][PASSED] - now = new java.util.Date(): null

2020-03-10 03:40:04 - [TEST_STEP][PASSED] - mydate = now.format("yyyyMMdd_HHmmss"): null

2020-03-10 03:40:04 - [TEST_STEP][PASSED] - screenPath = "../Screenshots/": null

2020-03-10 03:40:04 - [TEST_STEP][PASSED] - screenPath = screenPath + deviceName + "/" + productLine + "/" + carrierName + "/" + mydate + "/": null

2020-03-10 03:40:04 - [TEST_STEP][PASSED] - println(screenPath): null

2020-03-10 03:40:04 - [MESSAGE][PASSED] - Call Test Case 'Test Cases/AHI/_include/get_screenPath' successfully

2020-03-10 03:40:04 - [TEST_STEP][PASSED] - i = 0: null

2020-03-10 03:40:04 - [TEST_STEP][PASSED] - callTestCase(findTestCase("AHI/_include/openWebSite"), ["env":"https://premiersmi--qa.storefront.mybenefitskeeper.com"], STOP_ON_FAILURE): Call Test Case 'Test Cases/AHI/_include/openWebSite' successfully

2020-03-10 03:40:04 - [TEST_CASE][PASSED] - Test Cases/AHI/_include/openWebSite: Test Cases/AHI/_include/openWebSite

2020-03-10 03:40:04 - [TEST_STEP][PASSED] - openBrowser(env): Browser is opened with url: 'https://premiersmi--qa.storefront.mybenefitskeeper.com'

2020-03-10 03:40:04 - [MESSAGE][WARNING] - A browser is already opened. Closing browser and opening a new one

2020-03-10 03:40:05 - [MESSAGE][INFO] - Starting 'Chrome' driver

2020-03-10 03:40:05 - [MESSAGE][INFO] - User set preference: ['mobileEmulation', '{deviceName=iPhone X}']

2020-03-10 03:40:05 - [MESSAGE][INFO] - User set preference: ['args', '[--incognito, --aggressive-cache-discard, --no-sandbox, --window-size=375,812, --ignore-certificate-errors]']

2020-03-10 03:40:08 - [MESSAGE][PASSED] - Browser is opened with url: 'https://premiersmi--qa.storefront.mybenefitskeeper.com'

2020-03-10 03:40:08 - [TEST_STEP][PASSED] - waitForPageLoad(20): Wait for page load successfully

2020-03-10 03:40:08 - [MESSAGE][PASSED] - Wait for page load successfully

2020-03-10 03:40:08 - [TEST_STEP][PASSED] - callTestCase(findTestCase("AHI/_include/get_screenshot"), [:], STOP_ON_FAILURE): Call Test Case 'Test Cases/AHI/_include/get_screenshot' successfully

2020-03-10 03:40:08 - [TEST_CASE][PASSED] - Test Cases/AHI/_include/get_screenshot: Test Cases/AHI/_include/get_screenshot

2020-03-10 03:40:08 - [TEST_STEP][PASSED] - Thread.sleep(1000): null

2020-03-10 03:40:09 - [TEST_STEP][PASSED] - takeScreenshot(screenPath + i + ".png"): Taking screenshot successfully

2020-03-10 03:40:09 - [MESSAGE][PASSED] - Taking screenshot successfully
[[ATTACHMENT|D:\\Test\\AgileTest\\Reports\\PrivateLabel\\PremierSMI\\20200310_030929\\../Screenshots/iPhone X/PremierSMI/Health Choice/20200310_034004/0.png]]

2020-03-10 03:40:09 - [TEST_STEP][PASSED] - (internal.GlobalVariable.i++): null

2020-03-10 03:40:09 - [MESSAGE][PASSED] - Call Test Case 'Test Cases/AHI/_include/get_screenshot' successfully

2020-03-10 03:40:09 - [MESSAGE][PASSED] - Call Test Case 'Test Cases/AHI/_include/openWebSite' successfully

2020-03-10 03:40:09 - [TEST_STEP][PASSED] - callTestCase(findTestCase("PL Site/_include/census_hbi"), ["zipcode":"35215"], CONTINUE_ON_FAILURE): Call Test Case 'Test Cases/PL Site/_include/census_hbi' successfully

2020-03-10 03:40:09 - [TEST_CASE][PASSED] - Test Cases/PL Site/_include/census_hbi: Test Cases/PL Site/_include/census_hbi

2020-03-10 03:40:10 - [TEST_STEP][PASSED] - click(findTestObject("mobileSanity/Common/side_nav/menu")): Object: 'Object Repository/mobileSanity/Common/side_nav/menu' is clicked on

2020-03-10 03:40:10 - [MESSAGE][PASSED] - Object: 'Object Repository/mobileSanity/Common/side_nav/menu' is clicked on

2020-03-10 03:40:10 - [TEST_STEP][PASSED] - Thread.sleep(3000): null

2020-03-10 03:40:13 - [TEST_STEP][PASSED] - callTestCase(findTestCase("AHI/_include/get_screenshot"), [:], STOP_ON_FAILURE): Call Test Case 'Test Cases/AHI/_include/get_screenshot' successfully

2020-03-10 03:40:13 - [TEST_CASE][PASSED] - Test Cases/AHI/_include/get_screenshot: Test Cases/AHI/_include/get_screenshot

2020-03-10 03:40:13 - [TEST_STEP][PASSED] - Thread.sleep(1000): null

2020-03-10 03:40:14 - [TEST_STEP][PASSED] - takeScreenshot(screenPath + i + ".png"): Taking screenshot successfully

2020-03-10 03:40:14 - [MESSAGE][PASSED] - Taking screenshot successfully
[[ATTACHMENT|D:\\Test\\AgileTest\\Reports\\PrivateLabel\\PremierSMI\\20200310_030929\\../Screenshots/iPhone X/PremierSMI/Health Choice/20200310_034004/1.png]]

2020-03-10 03:40:14 - [TEST_STEP][PASSED] - (internal.GlobalVariable.i++): null

2020-03-10 03:40:14 - [MESSAGE][PASSED] - Call Test Case 'Test Cases/AHI/_include/get_screenshot' successfully

2020-03-10 03:40:14 - [TEST_STEP][PASSED] - click(findTestObject("PLSite/pl_nav_hbi")): Object: 'Object Repository/PLSite/pl_nav_hbi' is clicked on

2020-03-10 03:40:15 - [MESSAGE][PASSED] - Object: 'Object Repository/PLSite/pl_nav_hbi' is clicked on

2020-03-10 03:40:15 - [TEST_STEP][PASSED] - waitForPageLoad(10): Wait for page load successfully

2020-03-10 03:40:15 - [MESSAGE][PASSED] - Wait for page load successfully

2020-03-10 03:40:15 - [TEST_STEP][PASSED] - Thread.sleep(3000): null

2020-03-10 03:40:18 - [TEST_STEP][PASSED] - callTestCase(findTestCase("AHI/_include/get_screenshot"), [:], STOP_ON_FAILURE): Call Test Case 'Test Cases/AHI/_include/get_screenshot' successfully

2020-03-10 03:40:18 - [TEST_CASE][PASSED] - Test Cases/AHI/_include/get_screenshot: Test Cases/AHI/_include/get_screenshot

2020-03-10 03:40:18 - [TEST_STEP][PASSED] - Thread.sleep(1000): null

2020-03-10 03:40:19 - [TEST_STEP][PASSED] - takeScreenshot(screenPath + i + ".png"): Taking screenshot successfully

2020-03-10 03:40:19 - [MESSAGE][PASSED] - Taking screenshot successfully
[[ATTACHMENT|D:\\Test\\AgileTest\\Reports\\PrivateLabel\\PremierSMI\\20200310_030929\\../Screenshots/iPhone X/PremierSMI/Health Choice/20200310_034004/2.png]]

2020-03-10 03:40:19 - [TEST_STEP][PASSED] - (internal.GlobalVariable.i++): null

2020-03-10 03:40:19 - [MESSAGE][PASSED] - Call Test Case 'Test Cases/AHI/_include/get_screenshot' successfully

2020-03-10 03:40:19 - [TEST_STEP][PASSED] - setText(findTestObject("mobileSanity/HBI/census/input_Location_zip-input"), zipcode): Text '35215' is set on object 'Object Repository/mobileSanity/HBI/census/input_Location_zip-input'

2020-03-10 03:40:20 - [MESSAGE][PASSED] - Text '35215' is set on object 'Object Repository/mobileSanity/HBI/census/input_Location_zip-input'

2020-03-10 03:40:20 - [TEST_STEP][PASSED] - Thread.sleep(500): null

2020-03-10 03:40:20 - [TEST_STEP][PASSED] - setText(findTestObject("mobileSanity/HBI/census/input_Date of Birth_dob-0"), "12121980"): Text '12121980' is set on object 'Object Repository/mobileSanity/HBI/census/input_Date of Birth_dob-0'

2020-03-10 03:40:20 - [MESSAGE][PASSED] - Text '12121980' is set on object 'Object Repository/mobileSanity/HBI/census/input_Date of Birth_dob-0'

2020-03-10 03:40:20 - [TEST_STEP][PASSED] - click(findTestObject("mobileSanity/HBI/census/label_Male")): Object: 'Object Repository/mobileSanity/HBI/census/label_Male' is clicked on

2020-03-10 03:40:20 - [MESSAGE][PASSED] - Object: 'Object Repository/mobileSanity/HBI/census/label_Male' is clicked on

2020-03-10 03:40:20 - [TEST_STEP][PASSED] - click(findTestObject("mobileSanity/HBI/census/label_Get a Quote")): Object: 'Object Repository/mobileSanity/HBI/census/label_Get a Quote' is clicked on

2020-03-10 03:40:21 - [MESSAGE][PASSED] - Object: 'Object Repository/mobileSanity/HBI/census/label_Get a Quote' is clicked on

2020-03-10 03:40:21 - [TEST_STEP][PASSED] - waitForPageLoad(20): Wait for page load successfully

2020-03-10 03:40:21 - [MESSAGE][PASSED] - Wait for page load successfully

2020-03-10 03:40:21 - [TEST_STEP][PASSED] - Thread.sleep(3000): null

2020-03-10 03:40:24 - [TEST_STEP][PASSED] - callTestCase(findTestCase("AHI/_include/check_quoteleadform"), [:], STOP_ON_FAILURE): Call Test Case 'Test Cases/AHI/_include/check_quoteleadform' successfully

2020-03-10 03:40:24 - [TEST_CASE][PASSED] - Test Cases/AHI/_include/check_quoteleadform: Test Cases/AHI/_include/check_quoteleadform

2020-03-10 03:40:25 - [TEST_STEP][PASSED] - callTestCase(findTestCase("AHI/_include/name"), [:], CONTINUE_ON_FAILURE): Call Test Case 'Test Cases/AHI/_include/name' successfully

2020-03-10 03:40:25 - [TEST_CASE][PASSED] - Test Cases/AHI/_include/name: Test Cases/AHI/_include/name

2020-03-10 03:40:25 - [TEST_STEP][PASSED] - driver = getWebDriver(): null

2020-03-10 03:40:25 - [TEST_STEP][PASSED] - selenium = new com.thoughtworks.selenium.webdriven.WebDriverBackedSelenium(driver, internal.GlobalVariable.ENV): null

2020-03-10 03:40:25 - [TEST_STEP][PASSED] - FirstName = "Test-123": null

2020-03-10 03:40:25 - [TEST_STEP][PASSED] - LastName = selenium.getEval("{var x="ABCDEFGHIJKLMNOPQRSTUVWXYZabcdefghijklmnopqrstuvwxyz"; var tmp="ZZ11-"; for (i=0;i<8;i++) tmp+=x.charAt(Math.ceil(51*Math.random()));tmp;}"): null

2020-03-10 03:40:25 - [TEST_STEP][PASSED] - Address = selenium.getEval("{var x="ABCDEFGHIJKLMNOPQRSTUVWXYZabcdefghijklmnopqrstuvwxyz"; var tmp=""; for (i=0;i<8;i++) tmp+=x.charAt(Math.ceil(51*Math.random()));tmp;}"): null

2020-03-10 03:40:25 - [TEST_STEP][PASSED] - City = selenium.getEval("{var x="ABCDEFGHIJKLMNOPQRSTUVWXYZabcdefghijklmnopqrstuvwxyz"; var tmp=""; for (i=0;i<8;i++) tmp+=x.charAt(Math.ceil(51*Math.random()));tmp;}"): null

2020-03-10 03:40:25 - [TEST_STEP][PASSED] - tel1 = selenium.getEval("{var x="123456789"; var tmp=""; for (i=0;i<3;i++) tmp+=x.charAt(Math.ceil(8*Math.random()));tmp;}"): null

2020-03-10 03:40:25 - [TEST_STEP][PASSED] - tel2 = selenium.getEval("{var x="123456789"; var tmp=""; for (i=0;i<3;i++) tmp+=x.charAt(Math.ceil(8*Math.random()));tmp;}"): null

2020-03-10 03:40:25 - [TEST_STEP][PASSED] - tel3 = selenium.getEval("{var x="123456789"; var tmp=""; for (i=0;i<4;i++) tmp+=x.charAt(Math.ceil(8*Math.random()));tmp;}"): null

2020-03-10 03:40:25 - [TEST_STEP][PASSED] - Tel = selenium.getExpression(tel1 + "-" + tel2 + "-" + tel3): null

2020-03-10 03:40:25 - [TEST_STEP][PASSED] - AutoEmail = selenium.getEval("{var x="ABCDEFGHIJKLMNOPQRSTUVWXYZabcdefghijklmnopqrstuvwxyz"; var tmp="test."; for (i=0;i<8;i++) tmp+=x.charAt(Math.ceil(51*Math.random()));tmp+="@suryani.cn";}"): null

2020-03-10 03:40:25 - [TEST_STEP][PASSED] - FirstName = FirstName: null

2020-03-10 03:40:25 - [TEST_STEP][PASSED] - LastName = LastName: null

2020-03-10 03:40:25 - [TEST_STEP][PASSED] - Address = Address: null

2020-03-10 03:40:25 - [TEST_STEP][PASSED] - City = City: null

2020-03-10 03:40:25 - [TEST_STEP][PASSED] - Tel = Tel: null

2020-03-10 03:40:25 - [TEST_STEP][PASSED] - AutoEmail = AutoEmail: null

2020-03-10 03:40:25 - [TEST_STEP][PASSED] - println(FirstName): null

2020-03-10 03:40:25 - [TEST_STEP][PASSED] - println(LastName): null

2020-03-10 03:40:25 - [TEST_STEP][PASSED] - println(Address): null

2020-03-10 03:40:25 - [TEST_STEP][PASSED] - println(City): null

2020-03-10 03:40:25 - [TEST_STEP][PASSED] - println(Tel): null

2020-03-10 03:40:25 - [TEST_STEP][PASSED] - println(AutoEmail): null

2020-03-10 03:40:25 - [MESSAGE][PASSED] - Call Test Case 'Test Cases/AHI/_include/name' successfully

2020-03-10 03:40:25 - [TEST_STEP][PASSED] - leadform_exist = test.MobileKeywords.isElementPresent_Web(findTestObject("mobileSanity/quote lead form/lead_form"), 20): test.MobileKeywords.isElementPresent_Web is PASSED

2020-03-10 03:40:46 - [MESSAGE][INFO] - Unable to find the element located by 'By.xpath: //*[@id = 'lightboxLeadForm']'. Please recheck the objects properties to make sure the desired element is located. 

2020-03-10 03:40:46 - [MESSAGE][PASSED] - test.MobileKeywords.isElementPresent_Web is PASSED

2020-03-10 03:40:46 - [TEST_STEP][PASSED] - if (leadform_exist): null

2020-03-10 03:40:46 - [MESSAGE][PASSED] - Call Test Case 'Test Cases/AHI/_include/check_quoteleadform' successfully

2020-03-10 03:40:46 - [TEST_STEP][PASSED] - callTestCase(findTestCase("AHI/_include/get_screenshot"), [:], STOP_ON_FAILURE): Call Test Case 'Test Cases/AHI/_include/get_screenshot' successfully

2020-03-10 03:40:46 - [TEST_CASE][PASSED] - Test Cases/AHI/_include/get_screenshot: Test Cases/AHI/_include/get_screenshot

2020-03-10 03:40:46 - [TEST_STEP][PASSED] - Thread.sleep(1000): null

2020-03-10 03:40:47 - [TEST_STEP][PASSED] - takeScreenshot(screenPath + i + ".png"): Taking screenshot successfully

2020-03-10 03:40:48 - [MESSAGE][PASSED] - Taking screenshot successfully
[[ATTACHMENT|D:\\Test\\AgileTest\\Reports\\PrivateLabel\\PremierSMI\\20200310_030929\\../Screenshots/iPhone X/PremierSMI/Health Choice/20200310_034004/3.png]]

2020-03-10 03:40:48 - [TEST_STEP][PASSED] - (internal.GlobalVariable.i++): null

2020-03-10 03:40:48 - [MESSAGE][PASSED] - Call Test Case 'Test Cases/AHI/_include/get_screenshot' successfully

2020-03-10 03:40:48 - [MESSAGE][PASSED] - Call Test Case 'Test Cases/PL Site/_include/census_hbi' successfully

2020-03-10 03:40:48 - [TEST_STEP][PASSED] - Thread.sleep(5000): null

2020-03-10 03:40:53 - [TEST_STEP][PASSED] - scrollToPosition(200, 2300): Browser is scrolled to position x = 200, y = 2300

2020-03-10 03:40:53 - [MESSAGE][PASSED] - Browser is scrolled to position x = 200, y = 2300

2020-03-10 03:40:53 - [TEST_STEP][PASSED] - click(findTestObject("mobileSanity/HBI/quote/a_Health Choice")): Object: 'Object Repository/mobileSanity/HBI/quote/a_Health Choice' is clicked on

2020-03-10 03:40:53 - [MESSAGE][PASSED] - Object: 'Object Repository/mobileSanity/HBI/quote/a_Health Choice' is clicked on

2020-03-10 03:40:53 - [TEST_STEP][PASSED] - waitForPageLoad(10): Wait for page load successfully

2020-03-10 03:40:53 - [MESSAGE][PASSED] - Wait for page load successfully

2020-03-10 03:40:53 - [TEST_STEP][PASSED] - callTestCase(findTestCase("AHI/_include/get_screenshot"), [:], STOP_ON_FAILURE): Call Test Case 'Test Cases/AHI/_include/get_screenshot' successfully

2020-03-10 03:40:53 - [TEST_CASE][PASSED] - Test Cases/AHI/_include/get_screenshot: Test Cases/AHI/_include/get_screenshot

2020-03-10 03:40:53 - [TEST_STEP][PASSED] - Thread.sleep(1000): null

2020-03-10 03:40:54 - [TEST_STEP][PASSED] - takeScreenshot(screenPath + i + ".png"): Taking screenshot successfully

2020-03-10 03:40:55 - [MESSAGE][PASSED] - Taking screenshot successfully
[[ATTACHMENT|D:\\Test\\AgileTest\\Reports\\PrivateLabel\\PremierSMI\\20200310_030929\\../Screenshots/iPhone X/PremierSMI/Health Choice/20200310_034004/4.png]]

2020-03-10 03:40:55 - [TEST_STEP][PASSED] - (internal.GlobalVariable.i++): null

2020-03-10 03:40:55 - [MESSAGE][PASSED] - Call Test Case 'Test Cases/AHI/_include/get_screenshot' successfully

2020-03-10 03:40:55 - [TEST_STEP][PASSED] - click(findTestObject("mobileSanity/HBI/detail/a_Apply for This Plan")): Object: 'Object Repository/mobileSanity/HBI/detail/a_Apply for This Plan' is clicked on

2020-03-10 03:40:55 - [MESSAGE][PASSED] - Object: 'Object Repository/mobileSanity/HBI/detail/a_Apply for This Plan' is clicked on

2020-03-10 03:40:55 - [TEST_STEP][PASSED] - waitForPageLoad(10): Wait for page load successfully

2020-03-10 03:40:55 - [MESSAGE][PASSED] - Wait for page load successfully

2020-03-10 03:40:55 - [TEST_STEP][PASSED] - callTestCase(findTestCase("AHI/_include/get_screenshot"), [:], STOP_ON_FAILURE): Call Test Case 'Test Cases/AHI/_include/get_screenshot' successfully

2020-03-10 03:40:55 - [TEST_CASE][PASSED] - Test Cases/AHI/_include/get_screenshot: Test Cases/AHI/_include/get_screenshot

2020-03-10 03:40:55 - [TEST_STEP][PASSED] - Thread.sleep(1000): null

2020-03-10 03:40:56 - [TEST_STEP][PASSED] - takeScreenshot(screenPath + i + ".png"): Taking screenshot successfully

2020-03-10 03:40:57 - [MESSAGE][PASSED] - Taking screenshot successfully
[[ATTACHMENT|D:\\Test\\AgileTest\\Reports\\PrivateLabel\\PremierSMI\\20200310_030929\\../Screenshots/iPhone X/PremierSMI/Health Choice/20200310_034004/5.png]]

2020-03-10 03:40:57 - [TEST_STEP][PASSED] - (internal.GlobalVariable.i++): null

2020-03-10 03:40:57 - [MESSAGE][PASSED] - Call Test Case 'Test Cases/AHI/_include/get_screenshot' successfully

2020-03-10 03:40:57 - [TEST_STEP][PASSED] - click(findTestObject("mobileSanity/HBI/Page_Apply/span_Start Secure Application")): Object: 'Object Repository/mobileSanity/HBI/Page_Apply/span_Start Secure Application' is clicked on

2020-03-10 03:40:57 - [MESSAGE][PASSED] - Object: 'Object Repository/mobileSanity/HBI/Page_Apply/span_Start Secure Application' is clicked on

2020-03-10 03:40:57 - [TEST_STEP][PASSED] - waitForPageLoad(10): Wait for page load successfully

2020-03-10 03:40:57 - [MESSAGE][PASSED] - Wait for page load successfully

2020-03-10 03:40:57 - [TEST_STEP][PASSED] - callTestCase(findTestCase("AHI/_include/get_screenshot"), [:], STOP_ON_FAILURE): Call Test Case 'Test Cases/AHI/_include/get_screenshot' successfully

2020-03-10 03:40:57 - [TEST_CASE][PASSED] - Test Cases/AHI/_include/get_screenshot: Test Cases/AHI/_include/get_screenshot

2020-03-10 03:40:57 - [TEST_STEP][PASSED] - Thread.sleep(1000): null

2020-03-10 03:40:58 - [TEST_STEP][PASSED] - takeScreenshot(screenPath + i + ".png"): Taking screenshot successfully

2020-03-10 03:40:59 - [MESSAGE][PASSED] - Taking screenshot successfully
[[ATTACHMENT|D:\\Test\\AgileTest\\Reports\\PrivateLabel\\PremierSMI\\20200310_030929\\../Screenshots/iPhone X/PremierSMI/Health Choice/20200310_034004/6.png]]

2020-03-10 03:40:59 - [TEST_STEP][PASSED] - (internal.GlobalVariable.i++): null

2020-03-10 03:40:59 - [MESSAGE][PASSED] - Call Test Case 'Test Cases/AHI/_include/get_screenshot' successfully

2020-03-10 03:40:59 - [TEST_STEP][PASSED] - callTestCase(findTestCase("AHI/_include/goToEnd_hbi"), ["carrier":"healthchoiceplus"], CONTINUE_ON_FAILURE): Call Test Case 'Test Cases/AHI/_include/goToEnd_hbi' successfully

2020-03-10 03:40:59 - [TEST_CASE][PASSED] - Test Cases/AHI/_include/goToEnd_hbi: Test Cases/AHI/_include/goToEnd_hbi

2020-03-10 03:40:59 - [TEST_STEP][PASSED] - if (state == "ca"): null

2020-03-10 03:40:59 - [TEST_STEP][PASSED] - callTestCase(findTestCase("AHI/_include/name"), [:], CONTINUE_ON_FAILURE): Call Test Case 'Test Cases/AHI/_include/name' successfully

2020-03-10 03:40:59 - [TEST_CASE][PASSED] - Test Cases/AHI/_include/name: Test Cases/AHI/_include/name

2020-03-10 03:40:59 - [TEST_STEP][PASSED] - driver = getWebDriver(): null

2020-03-10 03:40:59 - [TEST_STEP][PASSED] - selenium = new com.thoughtworks.selenium.webdriven.WebDriverBackedSelenium(driver, internal.GlobalVariable.ENV): null

2020-03-10 03:40:59 - [TEST_STEP][PASSED] - FirstName = "Test-123": null

2020-03-10 03:40:59 - [TEST_STEP][PASSED] - LastName = selenium.getEval("{var x="ABCDEFGHIJKLMNOPQRSTUVWXYZabcdefghijklmnopqrstuvwxyz"; var tmp="ZZ11-"; for (i=0;i<8;i++) tmp+=x.charAt(Math.ceil(51*Math.random()));tmp;}"): null

2020-03-10 03:40:59 - [TEST_STEP][PASSED] - Address = selenium.getEval("{var x="ABCDEFGHIJKLMNOPQRSTUVWXYZabcdefghijklmnopqrstuvwxyz"; var tmp=""; for (i=0;i<8;i++) tmp+=x.charAt(Math.ceil(51*Math.random()));tmp;}"): null

2020-03-10 03:40:59 - [TEST_STEP][PASSED] - City = selenium.getEval("{var x="ABCDEFGHIJKLMNOPQRSTUVWXYZabcdefghijklmnopqrstuvwxyz"; var tmp=""; for (i=0;i<8;i++) tmp+=x.charAt(Math.ceil(51*Math.random()));tmp;}"): null

2020-03-10 03:40:59 - [TEST_STEP][PASSED] - tel1 = selenium.getEval("{var x="123456789"; var tmp=""; for (i=0;i<3;i++) tmp+=x.charAt(Math.ceil(8*Math.random()));tmp;}"): null

2020-03-10 03:40:59 - [TEST_STEP][PASSED] - tel2 = selenium.getEval("{var x="123456789"; var tmp=""; for (i=0;i<3;i++) tmp+=x.charAt(Math.ceil(8*Math.random()));tmp;}"): null

2020-03-10 03:40:59 - [TEST_STEP][PASSED] - tel3 = selenium.getEval("{var x="123456789"; var tmp=""; for (i=0;i<4;i++) tmp+=x.charAt(Math.ceil(8*Math.random()));tmp;}"): null

2020-03-10 03:40:59 - [TEST_STEP][PASSED] - Tel = selenium.getExpression(tel1 + "-" + tel2 + "-" + tel3): null

2020-03-10 03:40:59 - [TEST_STEP][PASSED] - AutoEmail = selenium.getEval("{var x="ABCDEFGHIJKLMNOPQRSTUVWXYZabcdefghijklmnopqrstuvwxyz"; var tmp="test."; for (i=0;i<8;i++) tmp+=x.charAt(Math.ceil(51*Math.random()));tmp+="@suryani.cn";}"): null

2020-03-10 03:40:59 - [TEST_STEP][PASSED] - FirstName = FirstName: null

2020-03-10 03:40:59 - [TEST_STEP][PASSED] - LastName = LastName: null

2020-03-10 03:40:59 - [TEST_STEP][PASSED] - Address = Address: null

2020-03-10 03:40:59 - [TEST_STEP][PASSED] - City = City: null

2020-03-10 03:40:59 - [TEST_STEP][PASSED] - Tel = Tel: null

2020-03-10 03:40:59 - [TEST_STEP][PASSED] - AutoEmail = AutoEmail: null

2020-03-10 03:40:59 - [TEST_STEP][PASSED] - println(FirstName): null

2020-03-10 03:40:59 - [TEST_STEP][PASSED] - println(LastName): null

2020-03-10 03:40:59 - [TEST_STEP][PASSED] - println(Address): null

2020-03-10 03:40:59 - [TEST_STEP][PASSED] - println(City): null

2020-03-10 03:40:59 - [TEST_STEP][PASSED] - println(Tel): null

2020-03-10 03:40:59 - [TEST_STEP][PASSED] - println(AutoEmail): null

2020-03-10 03:40:59 - [MESSAGE][PASSED] - Call Test Case 'Test Cases/AHI/_include/name' successfully

2020-03-10 03:40:59 - [TEST_STEP][PASSED] - setText(findTestObject("mobileSanity/HBI/Page_App Page 1/input__member-P-1-firstName"), FirstName): Text 'Test-123' is set on object 'Object Repository/mobileSanity/HBI/Page_App Page 1/input__member-P-1-firstName'

2020-03-10 03:40:59 - [MESSAGE][PASSED] - Text 'Test-123' is set on object 'Object Repository/mobileSanity/HBI/Page_App Page 1/input__member-P-1-firstName'

2020-03-10 03:40:59 - [TEST_STEP][PASSED] - setText(findTestObject("mobileSanity/HBI/Page_App Page 1/input__member-P-1-lastName"), LastName): Text 'ZZ11-USYuGtFh' is set on object 'Object Repository/mobileSanity/HBI/Page_App Page 1/input__member-P-1-lastName'

2020-03-10 03:41:00 - [MESSAGE][PASSED] - Text 'ZZ11-USYuGtFh' is set on object 'Object Repository/mobileSanity/HBI/Page_App Page 1/input__member-P-1-lastName'

2020-03-10 03:41:00 - [TEST_STEP][PASSED] - if (carrier == "agileone" || carrier == "agilesecure"): null

2020-03-10 03:41:00 - [TEST_STEP][PASSED] - setText(findTestObject("mobileSanity/HBI/Page_App Page 1/input__address"), Address): Text 'oonjBbBk' is set on object 'Object Repository/mobileSanity/HBI/Page_App Page 1/input__address'

2020-03-10 03:41:00 - [MESSAGE][PASSED] - Text 'oonjBbBk' is set on object 'Object Repository/mobileSanity/HBI/Page_App Page 1/input__address'

2020-03-10 03:41:00 - [TEST_STEP][PASSED] - setText(findTestObject("mobileSanity/HBI/Page_App Page 1/input__city"), City): Text 'yRreUPvv' is set on object 'Object Repository/mobileSanity/HBI/Page_App Page 1/input__city'

2020-03-10 03:41:00 - [MESSAGE][PASSED] - Text 'yRreUPvv' is set on object 'Object Repository/mobileSanity/HBI/Page_App Page 1/input__city'

2020-03-10 03:41:00 - [TEST_STEP][PASSED] - setText(findTestObject("mobileSanity/HBI/Page_App Page 1/input__email"), AutoEmail): Text 'test.kTyihlLz@suryani.cn' is set on object 'Object Repository/mobileSanity/HBI/Page_App Page 1/input__email'

2020-03-10 03:41:00 - [MESSAGE][PASSED] - Text 'test.kTyihlLz@suryani.cn' is set on object 'Object Repository/mobileSanity/HBI/Page_App Page 1/input__email'

2020-03-10 03:41:00 - [TEST_STEP][PASSED] - setText(findTestObject("mobileSanity/HBI/Page_App Page 1/input_tel"), Tel): Text '392-447-8369' is set on object 'Object Repository/mobileSanity/HBI/Page_App Page 1/input_tel'

2020-03-10 03:41:01 - [MESSAGE][PASSED] - Text '392-447-8369' is set on object 'Object Repository/mobileSanity/HBI/Page_App Page 1/input_tel'

2020-03-10 03:41:01 - [TEST_STEP][PASSED] - Thread.sleep(5000): null

2020-03-10 03:41:06 - [TEST_STEP][PASSED] - click(findTestObject("mobileSanity/HBI/Page_App Page 1/a_Continue to Step 2 - Payment")): Object: 'Object Repository/mobileSanity/HBI/Page_App Page 1/a_Continue to Step 2 - Payment' is clicked on

2020-03-10 03:41:06 - [MESSAGE][PASSED] - Object: 'Object Repository/mobileSanity/HBI/Page_App Page 1/a_Continue to Step 2 - Payment' is clicked on

2020-03-10 03:41:06 - [TEST_STEP][PASSED] - waitForPageLoad(20): Wait for page load successfully

2020-03-10 03:41:06 - [MESSAGE][PASSED] - Wait for page load successfully

2020-03-10 03:41:06 - [TEST_STEP][PASSED] - Thread.sleep(2000): null

2020-03-10 03:41:08 - [TEST_STEP][PASSED] - waitForElementVisible(findTestObject("mobileSanity/HBI/Page_App Page 2/input__credit-card-first"), 20): Object 'Object Repository/mobileSanity/HBI/Page_App Page 2/input__credit-card-first' is visible

2020-03-10 03:41:08 - [MESSAGE][PASSED] - Object 'Object Repository/mobileSanity/HBI/Page_App Page 2/input__credit-card-first' is visible

2020-03-10 03:41:08 - [TEST_STEP][PASSED] - callTestCase(findTestCase("AHI/_include/get_screenshot"), [:], STOP_ON_FAILURE): Call Test Case 'Test Cases/AHI/_include/get_screenshot' successfully

2020-03-10 03:41:08 - [TEST_CASE][PASSED] - Test Cases/AHI/_include/get_screenshot: Test Cases/AHI/_include/get_screenshot

2020-03-10 03:41:08 - [TEST_STEP][PASSED] - Thread.sleep(1000): null

2020-03-10 03:41:09 - [TEST_STEP][PASSED] - takeScreenshot(screenPath + i + ".png"): Taking screenshot successfully

2020-03-10 03:41:09 - [MESSAGE][PASSED] - Taking screenshot successfully
[[ATTACHMENT|D:\\Test\\AgileTest\\Reports\\PrivateLabel\\PremierSMI\\20200310_030929\\../Screenshots/iPhone X/PremierSMI/Health Choice/20200310_034004/7.png]]

2020-03-10 03:41:09 - [TEST_STEP][PASSED] - (internal.GlobalVariable.i++): null

2020-03-10 03:41:09 - [MESSAGE][PASSED] - Call Test Case 'Test Cases/AHI/_include/get_screenshot' successfully

2020-03-10 03:41:09 - [TEST_STEP][PASSED] - setText(findTestObject("mobileSanity/HBI/Page_App Page 2/input__credit-card-first"), FirstName): Text 'Test-123' is set on object 'Object Repository/mobileSanity/HBI/Page_App Page 2/input__credit-card-first'

2020-03-10 03:41:10 - [MESSAGE][PASSED] - Text 'Test-123' is set on object 'Object Repository/mobileSanity/HBI/Page_App Page 2/input__credit-card-first'

2020-03-10 03:41:10 - [TEST_STEP][PASSED] - setText(findTestObject("mobileSanity/HBI/Page_App Page 2/input__credit-card-last"), LastName): Text 'ZZ11-USYuGtFh' is set on object 'Object Repository/mobileSanity/HBI/Page_App Page 2/input__credit-card-last'

2020-03-10 03:41:10 - [MESSAGE][PASSED] - Text 'ZZ11-USYuGtFh' is set on object 'Object Repository/mobileSanity/HBI/Page_App Page 2/input__credit-card-last'

2020-03-10 03:41:10 - [TEST_STEP][PASSED] - selectOptionByValue(findTestObject("mobileSanity/HBI/Page_App Page 2/select_MM010203040506070809101"), "12", true): All options with value '12' are selected in object 'Object Repository/mobileSanity/HBI/Page_App Page 2/select_MM010203040506070809101'  using regular expression

2020-03-10 03:41:11 - [MESSAGE][PASSED] - All options with value '12' are selected in object 'Object Repository/mobileSanity/HBI/Page_App Page 2/select_MM010203040506070809101'  using regular expression

2020-03-10 03:41:11 - [TEST_STEP][PASSED] - selectOptionByValue(findTestObject("mobileSanity/HBI/Page_App Page 2/select_YYYY2019202020212022202"), "2026", true): All options with value '2026' are selected in object 'Object Repository/mobileSanity/HBI/Page_App Page 2/select_YYYY2019202020212022202'  using regular expression

2020-03-10 03:41:12 - [MESSAGE][PASSED] - All options with value '2026' are selected in object 'Object Repository/mobileSanity/HBI/Page_App Page 2/select_YYYY2019202020212022202'  using regular expression

2020-03-10 03:41:12 - [TEST_STEP][PASSED] - setText(findTestObject("mobileSanity/HBI/Page_App Page 2/input__credit-card-number"), "4111111111111111"): Text '4111111111111111' is set on object 'Object Repository/mobileSanity/HBI/Page_App Page 2/input__credit-card-number'

2020-03-10 03:41:12 - [MESSAGE][PASSED] - Text '4111111111111111' is set on object 'Object Repository/mobileSanity/HBI/Page_App Page 2/input__credit-card-number'

2020-03-10 03:41:12 - [TEST_STEP][PASSED] - setText(findTestObject("mobileSanity/HBI/Page_App Page 2/input__cvv"), "123"): Text '123' is set on object 'Object Repository/mobileSanity/HBI/Page_App Page 2/input__cvv'

2020-03-10 03:41:12 - [MESSAGE][PASSED] - Text '123' is set on object 'Object Repository/mobileSanity/HBI/Page_App Page 2/input__cvv'

2020-03-10 03:41:12 - [TEST_STEP][PASSED] - click(findTestObject("mobileSanity/HBI/Page_App Page 2/label_My billing address is th")): Object: 'Object Repository/mobileSanity/HBI/Page_App Page 2/label_My billing address is th' is clicked on

2020-03-10 03:41:13 - [MESSAGE][PASSED] - Object: 'Object Repository/mobileSanity/HBI/Page_App Page 2/label_My billing address is th' is clicked on

2020-03-10 03:41:13 - [TEST_STEP][PASSED] - click(findTestObject("mobileSanity/HBI/Page_App Page 2/label_I Accept Authorization f")): Object: 'Object Repository/mobileSanity/HBI/Page_App Page 2/label_I Accept Authorization f' is clicked on

2020-03-10 03:41:13 - [MESSAGE][PASSED] - Object: 'Object Repository/mobileSanity/HBI/Page_App Page 2/label_I Accept Authorization f' is clicked on

2020-03-10 03:41:13 - [TEST_STEP][PASSED] - click(findTestObject("mobileSanity/HBI/Page_App Page 2/a_Continue to Step 3 - Review")): Object: 'Object Repository/mobileSanity/HBI/Page_App Page 2/a_Continue to Step 3 - Review' is clicked on

2020-03-10 03:41:13 - [MESSAGE][PASSED] - Object: 'Object Repository/mobileSanity/HBI/Page_App Page 2/a_Continue to Step 3 - Review' is clicked on

2020-03-10 03:41:13 - [TEST_STEP][PASSED] - waitForPageLoad(20): Wait for page load successfully

2020-03-10 03:41:13 - [MESSAGE][PASSED] - Wait for page load successfully

2020-03-10 03:41:13 - [TEST_STEP][PASSED] - Thread.sleep(10000): null

2020-03-10 03:41:23 - [TEST_STEP][PASSED] - waitForElementPresent(findTestObject("mobileSanity/HBI/Page_App Page 3/label"), 20): Object 'Object Repository/mobileSanity/HBI/Page_App Page 3/label' is present

2020-03-10 03:41:23 - [MESSAGE][PASSED] - Object 'Object Repository/mobileSanity/HBI/Page_App Page 3/label' is present

2020-03-10 03:41:23 - [TEST_STEP][PASSED] - callTestCase(findTestCase("AHI/_include/get_screenshot"), [:], STOP_ON_FAILURE): Call Test Case 'Test Cases/AHI/_include/get_screenshot' successfully

2020-03-10 03:41:24 - [TEST_CASE][PASSED] - Test Cases/AHI/_include/get_screenshot: Test Cases/AHI/_include/get_screenshot

2020-03-10 03:41:24 - [TEST_STEP][PASSED] - Thread.sleep(1000): null

2020-03-10 03:41:25 - [TEST_STEP][PASSED] - takeScreenshot(screenPath + i + ".png"): Taking screenshot successfully

2020-03-10 03:41:25 - [MESSAGE][PASSED] - Taking screenshot successfully
[[ATTACHMENT|D:\\Test\\AgileTest\\Reports\\PrivateLabel\\PremierSMI\\20200310_030929\\../Screenshots/iPhone X/PremierSMI/Health Choice/20200310_034004/8.png]]

2020-03-10 03:41:25 - [TEST_STEP][PASSED] - (internal.GlobalVariable.i++): null

2020-03-10 03:41:25 - [MESSAGE][PASSED] - Call Test Case 'Test Cases/AHI/_include/get_screenshot' successfully

2020-03-10 03:41:25 - [TEST_STEP][PASSED] - click(findTestObject("mobileSanity/HBI/Page_App Page 3/label")): Object: 'Object Repository/mobileSanity/HBI/Page_App Page 3/label' is clicked on

2020-03-10 03:41:25 - [MESSAGE][PASSED] - Object: 'Object Repository/mobileSanity/HBI/Page_App Page 3/label' is clicked on

2020-03-10 03:41:25 - [TEST_STEP][PASSED] - click(findTestObject("mobileSanity/HBI/Page_App Page 3/p_CLICK TO SIGN")): Object: 'Object Repository/mobileSanity/HBI/Page_App Page 3/p_CLICK TO SIGN' is clicked on

2020-03-10 03:41:25 - [MESSAGE][PASSED] - Object: 'Object Repository/mobileSanity/HBI/Page_App Page 3/p_CLICK TO SIGN' is clicked on

2020-03-10 03:41:25 - [TEST_STEP][PASSED] - click(findTestObject("mobileSanity/HBI/Page_App Page 3/a_Submit Your Application")): Object: 'Object Repository/mobileSanity/HBI/Page_App Page 3/a_Submit Your Application' is clicked on

2020-03-10 03:41:25 - [MESSAGE][PASSED] - Object: 'Object Repository/mobileSanity/HBI/Page_App Page 3/a_Submit Your Application' is clicked on

2020-03-10 03:41:25 - [TEST_STEP][PASSED] - Thread.sleep(30000): null

2020-03-10 03:41:55 - [TEST_STEP][PASSED] - callTestCase(findTestCase("AHI/_include/get_screenshot"), [:], STOP_ON_FAILURE): Call Test Case 'Test Cases/AHI/_include/get_screenshot' successfully

2020-03-10 03:41:55 - [TEST_CASE][PASSED] - Test Cases/AHI/_include/get_screenshot: Test Cases/AHI/_include/get_screenshot

2020-03-10 03:41:55 - [TEST_STEP][PASSED] - Thread.sleep(1000): null

2020-03-10 03:41:56 - [TEST_STEP][PASSED] - takeScreenshot(screenPath + i + ".png"): Taking screenshot successfully

2020-03-10 03:41:57 - [MESSAGE][PASSED] - Taking screenshot successfully
[[ATTACHMENT|D:\\Test\\AgileTest\\Reports\\PrivateLabel\\PremierSMI\\20200310_030929\\../Screenshots/iPhone X/PremierSMI/Health Choice/20200310_034004/9.png]]

2020-03-10 03:41:57 - [TEST_STEP][PASSED] - (internal.GlobalVariable.i++): null

2020-03-10 03:41:57 - [MESSAGE][PASSED] - Call Test Case 'Test Cases/AHI/_include/get_screenshot' successfully

2020-03-10 03:41:57 - [TEST_STEP][PASSED] - verifyTextPresent("Congratulations", false): Text 'Congratulations' is present on page 

2020-03-10 03:41:57 - [MESSAGE][PASSED] - Text 'Congratulations' is present on page 

2020-03-10 03:41:57 - [MESSAGE][PASSED] - Call Test Case 'Test Cases/AHI/_include/goToEnd_hbi' successfully]]></system-out>
         <system-err><![CDATA[]]></system-err>
      </testcase>
      <testcase name="Test Cases/PL Site/PremierSMI/Legion" classname="Test Cases/PL Site/PremierSMI/Legion" status="PASSED">
         <system-out><![CDATA[2020-03-10 03:41:57 - [TEST_CASE][PASSED] - Test Cases/PL Site/PremierSMI/Legion: Test Cases/PL Site/PremierSMI/Legion

2020-03-10 03:41:58 - [TEST_STEP][PASSED] - callTestCase(findTestCase("AHI/_include/get_screenPath"), ["productLine":"PremierSMI", "carrierName":"Legion"], CONTINUE_ON_FAILURE): Call Test Case 'Test Cases/AHI/_include/get_screenPath' successfully

2020-03-10 03:41:58 - [TEST_CASE][PASSED] - Test Cases/AHI/_include/get_screenPath: Test Cases/AHI/_include/get_screenPath

2020-03-10 03:41:58 - [TEST_STEP][PASSED] - m = getExecutionProperties(): null

2020-03-10 03:41:58 - [TEST_STEP][PASSED] - deviceName = get("mobileEmulation").get("deviceName"): null

2020-03-10 03:41:58 - [TEST_STEP][PASSED] - println(deviceName): null

2020-03-10 03:41:58 - [TEST_STEP][PASSED] - now = new java.util.Date(): null

2020-03-10 03:41:58 - [TEST_STEP][PASSED] - mydate = now.format("yyyyMMdd_HHmmss"): null

2020-03-10 03:41:58 - [TEST_STEP][PASSED] - screenPath = "../Screenshots/": null

2020-03-10 03:41:58 - [TEST_STEP][PASSED] - screenPath = screenPath + deviceName + "/" + productLine + "/" + carrierName + "/" + mydate + "/": null

2020-03-10 03:41:58 - [TEST_STEP][PASSED] - println(screenPath): null

2020-03-10 03:41:58 - [MESSAGE][PASSED] - Call Test Case 'Test Cases/AHI/_include/get_screenPath' successfully

2020-03-10 03:41:58 - [TEST_STEP][PASSED] - i = 0: null

2020-03-10 03:41:58 - [TEST_STEP][PASSED] - callTestCase(findTestCase("AHI/_include/openWebSite"), ["env":"https://premiersmi--qa.storefront.mybenefitskeeper.com"], STOP_ON_FAILURE): Call Test Case 'Test Cases/AHI/_include/openWebSite' successfully

2020-03-10 03:41:58 - [TEST_CASE][PASSED] - Test Cases/AHI/_include/openWebSite: Test Cases/AHI/_include/openWebSite

2020-03-10 03:41:58 - [TEST_STEP][PASSED] - openBrowser(env): Browser is opened with url: 'https://premiersmi--qa.storefront.mybenefitskeeper.com'

2020-03-10 03:41:58 - [MESSAGE][WARNING] - A browser is already opened. Closing browser and opening a new one

2020-03-10 03:42:03 - [MESSAGE][INFO] - Starting 'Chrome' driver

2020-03-10 03:42:03 - [MESSAGE][INFO] - User set preference: ['mobileEmulation', '{deviceName=iPhone X}']

2020-03-10 03:42:03 - [MESSAGE][INFO] - User set preference: ['args', '[--incognito, --aggressive-cache-discard, --no-sandbox, --window-size=375,812, --ignore-certificate-errors]']

2020-03-10 03:42:05 - [MESSAGE][PASSED] - Browser is opened with url: 'https://premiersmi--qa.storefront.mybenefitskeeper.com'

2020-03-10 03:42:05 - [TEST_STEP][PASSED] - waitForPageLoad(20): Wait for page load successfully

2020-03-10 03:42:05 - [MESSAGE][PASSED] - Wait for page load successfully

2020-03-10 03:42:05 - [TEST_STEP][PASSED] - callTestCase(findTestCase("AHI/_include/get_screenshot"), [:], STOP_ON_FAILURE): Call Test Case 'Test Cases/AHI/_include/get_screenshot' successfully

2020-03-10 03:42:05 - [TEST_CASE][PASSED] - Test Cases/AHI/_include/get_screenshot: Test Cases/AHI/_include/get_screenshot

2020-03-10 03:42:05 - [TEST_STEP][PASSED] - Thread.sleep(1000): null

2020-03-10 03:42:06 - [TEST_STEP][PASSED] - takeScreenshot(screenPath + i + ".png"): Taking screenshot successfully

2020-03-10 03:42:07 - [MESSAGE][PASSED] - Taking screenshot successfully
[[ATTACHMENT|D:\\Test\\AgileTest\\Reports\\PrivateLabel\\PremierSMI\\20200310_030929\\../Screenshots/iPhone X/PremierSMI/Legion/20200310_034158/0.png]]

2020-03-10 03:42:07 - [TEST_STEP][PASSED] - (internal.GlobalVariable.i++): null

2020-03-10 03:42:07 - [MESSAGE][PASSED] - Call Test Case 'Test Cases/AHI/_include/get_screenshot' successfully

2020-03-10 03:42:07 - [MESSAGE][PASSED] - Call Test Case 'Test Cases/AHI/_include/openWebSite' successfully

2020-03-10 03:42:07 - [TEST_STEP][PASSED] - callTestCase(findTestCase("PL Site/_include/census_hbi"), ["zipcode":"35215"], CONTINUE_ON_FAILURE): Call Test Case 'Test Cases/PL Site/_include/census_hbi' successfully

2020-03-10 03:42:07 - [TEST_CASE][PASSED] - Test Cases/PL Site/_include/census_hbi: Test Cases/PL Site/_include/census_hbi

2020-03-10 03:42:07 - [TEST_STEP][PASSED] - click(findTestObject("mobileSanity/Common/side_nav/menu")): Object: 'Object Repository/mobileSanity/Common/side_nav/menu' is clicked on

2020-03-10 03:42:08 - [MESSAGE][PASSED] - Object: 'Object Repository/mobileSanity/Common/side_nav/menu' is clicked on

2020-03-10 03:42:08 - [TEST_STEP][PASSED] - Thread.sleep(3000): null

2020-03-10 03:42:11 - [TEST_STEP][PASSED] - callTestCase(findTestCase("AHI/_include/get_screenshot"), [:], STOP_ON_FAILURE): Call Test Case 'Test Cases/AHI/_include/get_screenshot' successfully

2020-03-10 03:42:11 - [TEST_CASE][PASSED] - Test Cases/AHI/_include/get_screenshot: Test Cases/AHI/_include/get_screenshot

2020-03-10 03:42:11 - [TEST_STEP][PASSED] - Thread.sleep(1000): null

2020-03-10 03:42:12 - [TEST_STEP][PASSED] - takeScreenshot(screenPath + i + ".png"): Taking screenshot successfully

2020-03-10 03:42:12 - [MESSAGE][PASSED] - Taking screenshot successfully
[[ATTACHMENT|D:\\Test\\AgileTest\\Reports\\PrivateLabel\\PremierSMI\\20200310_030929\\../Screenshots/iPhone X/PremierSMI/Legion/20200310_034158/1.png]]

2020-03-10 03:42:12 - [TEST_STEP][PASSED] - (internal.GlobalVariable.i++): null

2020-03-10 03:42:12 - [MESSAGE][PASSED] - Call Test Case 'Test Cases/AHI/_include/get_screenshot' successfully

2020-03-10 03:42:12 - [TEST_STEP][PASSED] - click(findTestObject("PLSite/pl_nav_hbi")): Object: 'Object Repository/PLSite/pl_nav_hbi' is clicked on

2020-03-10 03:42:13 - [MESSAGE][PASSED] - Object: 'Object Repository/PLSite/pl_nav_hbi' is clicked on

2020-03-10 03:42:13 - [TEST_STEP][PASSED] - waitForPageLoad(10): Wait for page load successfully

2020-03-10 03:42:13 - [MESSAGE][PASSED] - Wait for page load successfully

2020-03-10 03:42:13 - [TEST_STEP][PASSED] - Thread.sleep(3000): null

2020-03-10 03:42:16 - [TEST_STEP][PASSED] - callTestCase(findTestCase("AHI/_include/get_screenshot"), [:], STOP_ON_FAILURE): Call Test Case 'Test Cases/AHI/_include/get_screenshot' successfully

2020-03-10 03:42:16 - [TEST_CASE][PASSED] - Test Cases/AHI/_include/get_screenshot: Test Cases/AHI/_include/get_screenshot

2020-03-10 03:42:16 - [TEST_STEP][PASSED] - Thread.sleep(1000): null

2020-03-10 03:42:17 - [TEST_STEP][PASSED] - takeScreenshot(screenPath + i + ".png"): Taking screenshot successfully

2020-03-10 03:42:18 - [MESSAGE][PASSED] - Taking screenshot successfully
[[ATTACHMENT|D:\\Test\\AgileTest\\Reports\\PrivateLabel\\PremierSMI\\20200310_030929\\../Screenshots/iPhone X/PremierSMI/Legion/20200310_034158/2.png]]

2020-03-10 03:42:18 - [TEST_STEP][PASSED] - (internal.GlobalVariable.i++): null

2020-03-10 03:42:18 - [MESSAGE][PASSED] - Call Test Case 'Test Cases/AHI/_include/get_screenshot' successfully

2020-03-10 03:42:18 - [TEST_STEP][PASSED] - setText(findTestObject("mobileSanity/HBI/census/input_Location_zip-input"), zipcode): Text '35215' is set on object 'Object Repository/mobileSanity/HBI/census/input_Location_zip-input'

2020-03-10 03:42:18 - [MESSAGE][PASSED] - Text '35215' is set on object 'Object Repository/mobileSanity/HBI/census/input_Location_zip-input'

2020-03-10 03:42:18 - [TEST_STEP][PASSED] - Thread.sleep(500): null

2020-03-10 03:42:18 - [TEST_STEP][PASSED] - setText(findTestObject("mobileSanity/HBI/census/input_Date of Birth_dob-0"), "12121980"): Text '12121980' is set on object 'Object Repository/mobileSanity/HBI/census/input_Date of Birth_dob-0'

2020-03-10 03:42:19 - [MESSAGE][PASSED] - Text '12121980' is set on object 'Object Repository/mobileSanity/HBI/census/input_Date of Birth_dob-0'

2020-03-10 03:42:19 - [TEST_STEP][PASSED] - click(findTestObject("mobileSanity/HBI/census/label_Male")): Object: 'Object Repository/mobileSanity/HBI/census/label_Male' is clicked on

2020-03-10 03:42:19 - [MESSAGE][PASSED] - Object: 'Object Repository/mobileSanity/HBI/census/label_Male' is clicked on

2020-03-10 03:42:19 - [TEST_STEP][PASSED] - click(findTestObject("mobileSanity/HBI/census/label_Get a Quote")): Object: 'Object Repository/mobileSanity/HBI/census/label_Get a Quote' is clicked on

2020-03-10 03:42:19 - [MESSAGE][PASSED] - Object: 'Object Repository/mobileSanity/HBI/census/label_Get a Quote' is clicked on

2020-03-10 03:42:19 - [TEST_STEP][PASSED] - waitForPageLoad(20): Wait for page load successfully

2020-03-10 03:42:19 - [MESSAGE][PASSED] - Wait for page load successfully

2020-03-10 03:42:19 - [TEST_STEP][PASSED] - Thread.sleep(3000): null

2020-03-10 03:42:22 - [TEST_STEP][PASSED] - callTestCase(findTestCase("AHI/_include/check_quoteleadform"), [:], STOP_ON_FAILURE): Call Test Case 'Test Cases/AHI/_include/check_quoteleadform' successfully

2020-03-10 03:42:22 - [TEST_CASE][PASSED] - Test Cases/AHI/_include/check_quoteleadform: Test Cases/AHI/_include/check_quoteleadform

2020-03-10 03:42:22 - [TEST_STEP][PASSED] - callTestCase(findTestCase("AHI/_include/name"), [:], CONTINUE_ON_FAILURE): Call Test Case 'Test Cases/AHI/_include/name' successfully

2020-03-10 03:42:22 - [TEST_CASE][PASSED] - Test Cases/AHI/_include/name: Test Cases/AHI/_include/name

2020-03-10 03:42:22 - [TEST_STEP][PASSED] - driver = getWebDriver(): null

2020-03-10 03:42:22 - [TEST_STEP][PASSED] - selenium = new com.thoughtworks.selenium.webdriven.WebDriverBackedSelenium(driver, internal.GlobalVariable.ENV): null

2020-03-10 03:42:22 - [TEST_STEP][PASSED] - FirstName = "Test-123": null

2020-03-10 03:42:22 - [TEST_STEP][PASSED] - LastName = selenium.getEval("{var x="ABCDEFGHIJKLMNOPQRSTUVWXYZabcdefghijklmnopqrstuvwxyz"; var tmp="ZZ11-"; for (i=0;i<8;i++) tmp+=x.charAt(Math.ceil(51*Math.random()));tmp;}"): null

2020-03-10 03:42:22 - [TEST_STEP][PASSED] - Address = selenium.getEval("{var x="ABCDEFGHIJKLMNOPQRSTUVWXYZabcdefghijklmnopqrstuvwxyz"; var tmp=""; for (i=0;i<8;i++) tmp+=x.charAt(Math.ceil(51*Math.random()));tmp;}"): null

2020-03-10 03:42:22 - [TEST_STEP][PASSED] - City = selenium.getEval("{var x="ABCDEFGHIJKLMNOPQRSTUVWXYZabcdefghijklmnopqrstuvwxyz"; var tmp=""; for (i=0;i<8;i++) tmp+=x.charAt(Math.ceil(51*Math.random()));tmp;}"): null

2020-03-10 03:42:23 - [TEST_STEP][PASSED] - tel1 = selenium.getEval("{var x="123456789"; var tmp=""; for (i=0;i<3;i++) tmp+=x.charAt(Math.ceil(8*Math.random()));tmp;}"): null

2020-03-10 03:42:23 - [TEST_STEP][PASSED] - tel2 = selenium.getEval("{var x="123456789"; var tmp=""; for (i=0;i<3;i++) tmp+=x.charAt(Math.ceil(8*Math.random()));tmp;}"): null

2020-03-10 03:42:23 - [TEST_STEP][PASSED] - tel3 = selenium.getEval("{var x="123456789"; var tmp=""; for (i=0;i<4;i++) tmp+=x.charAt(Math.ceil(8*Math.random()));tmp;}"): null

2020-03-10 03:42:23 - [TEST_STEP][PASSED] - Tel = selenium.getExpression(tel1 + "-" + tel2 + "-" + tel3): null

2020-03-10 03:42:23 - [TEST_STEP][PASSED] - AutoEmail = selenium.getEval("{var x="ABCDEFGHIJKLMNOPQRSTUVWXYZabcdefghijklmnopqrstuvwxyz"; var tmp="test."; for (i=0;i<8;i++) tmp+=x.charAt(Math.ceil(51*Math.random()));tmp+="@suryani.cn";}"): null

2020-03-10 03:42:23 - [TEST_STEP][PASSED] - FirstName = FirstName: null

2020-03-10 03:42:23 - [TEST_STEP][PASSED] - LastName = LastName: null

2020-03-10 03:42:23 - [TEST_STEP][PASSED] - Address = Address: null

2020-03-10 03:42:23 - [TEST_STEP][PASSED] - City = City: null

2020-03-10 03:42:23 - [TEST_STEP][PASSED] - Tel = Tel: null

2020-03-10 03:42:23 - [TEST_STEP][PASSED] - AutoEmail = AutoEmail: null

2020-03-10 03:42:23 - [TEST_STEP][PASSED] - println(FirstName): null

2020-03-10 03:42:23 - [TEST_STEP][PASSED] - println(LastName): null

2020-03-10 03:42:23 - [TEST_STEP][PASSED] - println(Address): null

2020-03-10 03:42:23 - [TEST_STEP][PASSED] - println(City): null

2020-03-10 03:42:23 - [TEST_STEP][PASSED] - println(Tel): null

2020-03-10 03:42:23 - [TEST_STEP][PASSED] - println(AutoEmail): null

2020-03-10 03:42:23 - [MESSAGE][PASSED] - Call Test Case 'Test Cases/AHI/_include/name' successfully

2020-03-10 03:42:23 - [TEST_STEP][PASSED] - leadform_exist = test.MobileKeywords.isElementPresent_Web(findTestObject("mobileSanity/quote lead form/lead_form"), 20): test.MobileKeywords.isElementPresent_Web is PASSED

2020-03-10 03:42:45 - [MESSAGE][INFO] - Unable to find the element located by 'By.xpath: //*[@id = 'lightboxLeadForm']'. Please recheck the objects properties to make sure the desired element is located. 

2020-03-10 03:42:45 - [MESSAGE][PASSED] - test.MobileKeywords.isElementPresent_Web is PASSED

2020-03-10 03:42:45 - [TEST_STEP][PASSED] - if (leadform_exist): null

2020-03-10 03:42:45 - [MESSAGE][PASSED] - Call Test Case 'Test Cases/AHI/_include/check_quoteleadform' successfully

2020-03-10 03:42:45 - [TEST_STEP][PASSED] - callTestCase(findTestCase("AHI/_include/get_screenshot"), [:], STOP_ON_FAILURE): Call Test Case 'Test Cases/AHI/_include/get_screenshot' successfully

2020-03-10 03:42:45 - [TEST_CASE][PASSED] - Test Cases/AHI/_include/get_screenshot: Test Cases/AHI/_include/get_screenshot

2020-03-10 03:42:45 - [TEST_STEP][PASSED] - Thread.sleep(1000): null

2020-03-10 03:42:46 - [TEST_STEP][PASSED] - takeScreenshot(screenPath + i + ".png"): Taking screenshot successfully

2020-03-10 03:42:46 - [MESSAGE][PASSED] - Taking screenshot successfully
[[ATTACHMENT|D:\\Test\\AgileTest\\Reports\\PrivateLabel\\PremierSMI\\20200310_030929\\../Screenshots/iPhone X/PremierSMI/Legion/20200310_034158/3.png]]

2020-03-10 03:42:46 - [TEST_STEP][PASSED] - (internal.GlobalVariable.i++): null

2020-03-10 03:42:46 - [MESSAGE][PASSED] - Call Test Case 'Test Cases/AHI/_include/get_screenshot' successfully

2020-03-10 03:42:46 - [MESSAGE][PASSED] - Call Test Case 'Test Cases/PL Site/_include/census_hbi' successfully

2020-03-10 03:42:46 - [TEST_STEP][PASSED] - Thread.sleep(5000): null

2020-03-10 03:42:51 - [TEST_STEP][PASSED] - scrollToPosition(200, 2300): Browser is scrolled to position x = 200, y = 2300

2020-03-10 03:42:51 - [MESSAGE][PASSED] - Browser is scrolled to position x = 200, y = 2300

2020-03-10 03:42:51 - [TEST_STEP][PASSED] - click(findTestObject("mobileSanity/HBI/quote/a_Legion Limited Medical 500")): Object: 'Object Repository/mobileSanity/HBI/quote/a_Legion Limited Medical 500' is clicked on

2020-03-10 03:42:52 - [MESSAGE][PASSED] - Object: 'Object Repository/mobileSanity/HBI/quote/a_Legion Limited Medical 500' is clicked on

2020-03-10 03:42:52 - [TEST_STEP][PASSED] - waitForPageLoad(10): Wait for page load successfully

2020-03-10 03:42:52 - [MESSAGE][PASSED] - Wait for page load successfully

2020-03-10 03:42:52 - [TEST_STEP][PASSED] - callTestCase(findTestCase("AHI/_include/get_screenshot"), [:], STOP_ON_FAILURE): Call Test Case 'Test Cases/AHI/_include/get_screenshot' successfully

2020-03-10 03:42:52 - [TEST_CASE][PASSED] - Test Cases/AHI/_include/get_screenshot: Test Cases/AHI/_include/get_screenshot

2020-03-10 03:42:52 - [TEST_STEP][PASSED] - Thread.sleep(1000): null

2020-03-10 03:42:53 - [TEST_STEP][PASSED] - takeScreenshot(screenPath + i + ".png"): Taking screenshot successfully

2020-03-10 03:42:54 - [MESSAGE][PASSED] - Taking screenshot successfully
[[ATTACHMENT|D:\\Test\\AgileTest\\Reports\\PrivateLabel\\PremierSMI\\20200310_030929\\../Screenshots/iPhone X/PremierSMI/Legion/20200310_034158/4.png]]

2020-03-10 03:42:54 - [TEST_STEP][PASSED] - (internal.GlobalVariable.i++): null

2020-03-10 03:42:54 - [MESSAGE][PASSED] - Call Test Case 'Test Cases/AHI/_include/get_screenshot' successfully

2020-03-10 03:42:54 - [TEST_STEP][PASSED] - click(findTestObject("mobileSanity/HBI/detail/a_Apply for This Plan")): Object: 'Object Repository/mobileSanity/HBI/detail/a_Apply for This Plan' is clicked on

2020-03-10 03:42:54 - [MESSAGE][PASSED] - Object: 'Object Repository/mobileSanity/HBI/detail/a_Apply for This Plan' is clicked on

2020-03-10 03:42:54 - [TEST_STEP][PASSED] - waitForPageLoad(10): Wait for page load successfully

2020-03-10 03:42:54 - [MESSAGE][PASSED] - Wait for page load successfully

2020-03-10 03:42:54 - [TEST_STEP][PASSED] - callTestCase(findTestCase("AHI/_include/get_screenshot"), [:], STOP_ON_FAILURE): Call Test Case 'Test Cases/AHI/_include/get_screenshot' successfully

2020-03-10 03:42:54 - [TEST_CASE][PASSED] - Test Cases/AHI/_include/get_screenshot: Test Cases/AHI/_include/get_screenshot

2020-03-10 03:42:54 - [TEST_STEP][PASSED] - Thread.sleep(1000): null

2020-03-10 03:42:55 - [TEST_STEP][PASSED] - takeScreenshot(screenPath + i + ".png"): Taking screenshot successfully

2020-03-10 03:42:56 - [MESSAGE][PASSED] - Taking screenshot successfully
[[ATTACHMENT|D:\\Test\\AgileTest\\Reports\\PrivateLabel\\PremierSMI\\20200310_030929\\../Screenshots/iPhone X/PremierSMI/Legion/20200310_034158/5.png]]

2020-03-10 03:42:56 - [TEST_STEP][PASSED] - (internal.GlobalVariable.i++): null

2020-03-10 03:42:56 - [MESSAGE][PASSED] - Call Test Case 'Test Cases/AHI/_include/get_screenshot' successfully

2020-03-10 03:42:56 - [TEST_STEP][PASSED] - click(findTestObject("mobileSanity/HBI/Page_Apply/span_Start Secure Application")): Object: 'Object Repository/mobileSanity/HBI/Page_Apply/span_Start Secure Application' is clicked on

2020-03-10 03:42:56 - [MESSAGE][PASSED] - Object: 'Object Repository/mobileSanity/HBI/Page_Apply/span_Start Secure Application' is clicked on

2020-03-10 03:42:56 - [TEST_STEP][PASSED] - waitForPageLoad(10): Wait for page load successfully

2020-03-10 03:42:56 - [MESSAGE][PASSED] - Wait for page load successfully

2020-03-10 03:42:56 - [TEST_STEP][PASSED] - callTestCase(findTestCase("AHI/_include/get_screenshot"), [:], STOP_ON_FAILURE): Call Test Case 'Test Cases/AHI/_include/get_screenshot' successfully

2020-03-10 03:42:56 - [TEST_CASE][PASSED] - Test Cases/AHI/_include/get_screenshot: Test Cases/AHI/_include/get_screenshot

2020-03-10 03:42:56 - [TEST_STEP][PASSED] - Thread.sleep(1000): null

2020-03-10 03:42:57 - [TEST_STEP][PASSED] - takeScreenshot(screenPath + i + ".png"): Taking screenshot successfully

2020-03-10 03:42:58 - [MESSAGE][PASSED] - Taking screenshot successfully
[[ATTACHMENT|D:\\Test\\AgileTest\\Reports\\PrivateLabel\\PremierSMI\\20200310_030929\\../Screenshots/iPhone X/PremierSMI/Legion/20200310_034158/6.png]]

2020-03-10 03:42:58 - [TEST_STEP][PASSED] - (internal.GlobalVariable.i++): null

2020-03-10 03:42:58 - [MESSAGE][PASSED] - Call Test Case 'Test Cases/AHI/_include/get_screenshot' successfully

2020-03-10 03:42:58 - [TEST_STEP][PASSED] - callTestCase(findTestCase("AHI/_include/goToEnd_hbi"), ["carrier":"legion"], CONTINUE_ON_FAILURE): Call Test Case 'Test Cases/AHI/_include/goToEnd_hbi' successfully

2020-03-10 03:42:58 - [TEST_CASE][PASSED] - Test Cases/AHI/_include/goToEnd_hbi: Test Cases/AHI/_include/goToEnd_hbi

2020-03-10 03:42:58 - [TEST_STEP][PASSED] - if (state == "ca"): null

2020-03-10 03:42:58 - [TEST_STEP][PASSED] - callTestCase(findTestCase("AHI/_include/name"), [:], CONTINUE_ON_FAILURE): Call Test Case 'Test Cases/AHI/_include/name' successfully

2020-03-10 03:42:58 - [TEST_CASE][PASSED] - Test Cases/AHI/_include/name: Test Cases/AHI/_include/name

2020-03-10 03:42:58 - [TEST_STEP][PASSED] - driver = getWebDriver(): null

2020-03-10 03:42:58 - [TEST_STEP][PASSED] - selenium = new com.thoughtworks.selenium.webdriven.WebDriverBackedSelenium(driver, internal.GlobalVariable.ENV): null

2020-03-10 03:42:58 - [TEST_STEP][PASSED] - FirstName = "Test-123": null

2020-03-10 03:42:58 - [TEST_STEP][PASSED] - LastName = selenium.getEval("{var x="ABCDEFGHIJKLMNOPQRSTUVWXYZabcdefghijklmnopqrstuvwxyz"; var tmp="ZZ11-"; for (i=0;i<8;i++) tmp+=x.charAt(Math.ceil(51*Math.random()));tmp;}"): null

2020-03-10 03:42:58 - [TEST_STEP][PASSED] - Address = selenium.getEval("{var x="ABCDEFGHIJKLMNOPQRSTUVWXYZabcdefghijklmnopqrstuvwxyz"; var tmp=""; for (i=0;i<8;i++) tmp+=x.charAt(Math.ceil(51*Math.random()));tmp;}"): null

2020-03-10 03:42:58 - [TEST_STEP][PASSED] - City = selenium.getEval("{var x="ABCDEFGHIJKLMNOPQRSTUVWXYZabcdefghijklmnopqrstuvwxyz"; var tmp=""; for (i=0;i<8;i++) tmp+=x.charAt(Math.ceil(51*Math.random()));tmp;}"): null

2020-03-10 03:42:58 - [TEST_STEP][PASSED] - tel1 = selenium.getEval("{var x="123456789"; var tmp=""; for (i=0;i<3;i++) tmp+=x.charAt(Math.ceil(8*Math.random()));tmp;}"): null

2020-03-10 03:42:58 - [TEST_STEP][PASSED] - tel2 = selenium.getEval("{var x="123456789"; var tmp=""; for (i=0;i<3;i++) tmp+=x.charAt(Math.ceil(8*Math.random()));tmp;}"): null

2020-03-10 03:42:58 - [TEST_STEP][PASSED] - tel3 = selenium.getEval("{var x="123456789"; var tmp=""; for (i=0;i<4;i++) tmp+=x.charAt(Math.ceil(8*Math.random()));tmp;}"): null

2020-03-10 03:42:58 - [TEST_STEP][PASSED] - Tel = selenium.getExpression(tel1 + "-" + tel2 + "-" + tel3): null

2020-03-10 03:42:58 - [TEST_STEP][PASSED] - AutoEmail = selenium.getEval("{var x="ABCDEFGHIJKLMNOPQRSTUVWXYZabcdefghijklmnopqrstuvwxyz"; var tmp="test."; for (i=0;i<8;i++) tmp+=x.charAt(Math.ceil(51*Math.random()));tmp+="@suryani.cn";}"): null

2020-03-10 03:42:58 - [TEST_STEP][PASSED] - FirstName = FirstName: null

2020-03-10 03:42:58 - [TEST_STEP][PASSED] - LastName = LastName: null

2020-03-10 03:42:58 - [TEST_STEP][PASSED] - Address = Address: null

2020-03-10 03:42:58 - [TEST_STEP][PASSED] - City = City: null

2020-03-10 03:42:58 - [TEST_STEP][PASSED] - Tel = Tel: null

2020-03-10 03:42:58 - [TEST_STEP][PASSED] - AutoEmail = AutoEmail: null

2020-03-10 03:42:58 - [TEST_STEP][PASSED] - println(FirstName): null

2020-03-10 03:42:58 - [TEST_STEP][PASSED] - println(LastName): null

2020-03-10 03:42:58 - [TEST_STEP][PASSED] - println(Address): null

2020-03-10 03:42:58 - [TEST_STEP][PASSED] - println(City): null

2020-03-10 03:42:58 - [TEST_STEP][PASSED] - println(Tel): null

2020-03-10 03:42:58 - [TEST_STEP][PASSED] - println(AutoEmail): null

2020-03-10 03:42:58 - [MESSAGE][PASSED] - Call Test Case 'Test Cases/AHI/_include/name' successfully

2020-03-10 03:42:58 - [TEST_STEP][PASSED] - setText(findTestObject("mobileSanity/HBI/Page_App Page 1/input__member-P-1-firstName"), FirstName): Text 'Test-123' is set on object 'Object Repository/mobileSanity/HBI/Page_App Page 1/input__member-P-1-firstName'

2020-03-10 03:42:58 - [MESSAGE][PASSED] - Text 'Test-123' is set on object 'Object Repository/mobileSanity/HBI/Page_App Page 1/input__member-P-1-firstName'

2020-03-10 03:42:58 - [TEST_STEP][PASSED] - setText(findTestObject("mobileSanity/HBI/Page_App Page 1/input__member-P-1-lastName"), LastName): Text 'ZZ11-pYvEscHo' is set on object 'Object Repository/mobileSanity/HBI/Page_App Page 1/input__member-P-1-lastName'

2020-03-10 03:42:59 - [MESSAGE][PASSED] - Text 'ZZ11-pYvEscHo' is set on object 'Object Repository/mobileSanity/HBI/Page_App Page 1/input__member-P-1-lastName'

2020-03-10 03:42:59 - [TEST_STEP][PASSED] - if (carrier == "agileone" || carrier == "agilesecure"): null

2020-03-10 03:42:59 - [TEST_STEP][PASSED] - setText(findTestObject("mobileSanity/HBI/Page_App Page 1/input__address"), Address): Text 'uOJSUzer' is set on object 'Object Repository/mobileSanity/HBI/Page_App Page 1/input__address'

2020-03-10 03:42:59 - [MESSAGE][PASSED] - Text 'uOJSUzer' is set on object 'Object Repository/mobileSanity/HBI/Page_App Page 1/input__address'

2020-03-10 03:42:59 - [TEST_STEP][PASSED] - setText(findTestObject("mobileSanity/HBI/Page_App Page 1/input__city"), City): Text 'hjPSOWpy' is set on object 'Object Repository/mobileSanity/HBI/Page_App Page 1/input__city'

2020-03-10 03:42:59 - [MESSAGE][PASSED] - Text 'hjPSOWpy' is set on object 'Object Repository/mobileSanity/HBI/Page_App Page 1/input__city'

2020-03-10 03:42:59 - [TEST_STEP][PASSED] - setText(findTestObject("mobileSanity/HBI/Page_App Page 1/input__email"), AutoEmail): Text 'test.QKTtiHbV@suryani.cn' is set on object 'Object Repository/mobileSanity/HBI/Page_App Page 1/input__email'

2020-03-10 03:42:59 - [MESSAGE][PASSED] - Text 'test.QKTtiHbV@suryani.cn' is set on object 'Object Repository/mobileSanity/HBI/Page_App Page 1/input__email'

2020-03-10 03:42:59 - [TEST_STEP][PASSED] - setText(findTestObject("mobileSanity/HBI/Page_App Page 1/input_tel"), Tel): Text '399-876-6677' is set on object 'Object Repository/mobileSanity/HBI/Page_App Page 1/input_tel'

2020-03-10 03:42:59 - [MESSAGE][PASSED] - Text '399-876-6677' is set on object 'Object Repository/mobileSanity/HBI/Page_App Page 1/input_tel'

2020-03-10 03:42:59 - [TEST_STEP][PASSED] - Thread.sleep(5000): null

2020-03-10 03:43:04 - [TEST_STEP][PASSED] - click(findTestObject("mobileSanity/HBI/Page_App Page 1/a_Continue to Step 2 - Payment")): Object: 'Object Repository/mobileSanity/HBI/Page_App Page 1/a_Continue to Step 2 - Payment' is clicked on

2020-03-10 03:43:05 - [MESSAGE][PASSED] - Object: 'Object Repository/mobileSanity/HBI/Page_App Page 1/a_Continue to Step 2 - Payment' is clicked on

2020-03-10 03:43:05 - [TEST_STEP][PASSED] - waitForPageLoad(20): Wait for page load successfully

2020-03-10 03:43:05 - [MESSAGE][PASSED] - Wait for page load successfully

2020-03-10 03:43:05 - [TEST_STEP][PASSED] - Thread.sleep(2000): null

2020-03-10 03:43:07 - [TEST_STEP][PASSED] - waitForElementVisible(findTestObject("mobileSanity/HBI/Page_App Page 2/input__credit-card-first"), 20): Object 'Object Repository/mobileSanity/HBI/Page_App Page 2/input__credit-card-first' is visible

2020-03-10 03:43:07 - [MESSAGE][PASSED] - Object 'Object Repository/mobileSanity/HBI/Page_App Page 2/input__credit-card-first' is visible

2020-03-10 03:43:07 - [TEST_STEP][PASSED] - callTestCase(findTestCase("AHI/_include/get_screenshot"), [:], STOP_ON_FAILURE): Call Test Case 'Test Cases/AHI/_include/get_screenshot' successfully

2020-03-10 03:43:07 - [TEST_CASE][PASSED] - Test Cases/AHI/_include/get_screenshot: Test Cases/AHI/_include/get_screenshot

2020-03-10 03:43:07 - [TEST_STEP][PASSED] - Thread.sleep(1000): null

2020-03-10 03:43:08 - [TEST_STEP][PASSED] - takeScreenshot(screenPath + i + ".png"): Taking screenshot successfully

2020-03-10 03:43:09 - [MESSAGE][PASSED] - Taking screenshot successfully
[[ATTACHMENT|D:\\Test\\AgileTest\\Reports\\PrivateLabel\\PremierSMI\\20200310_030929\\../Screenshots/iPhone X/PremierSMI/Legion/20200310_034158/7.png]]

2020-03-10 03:43:09 - [TEST_STEP][PASSED] - (internal.GlobalVariable.i++): null

2020-03-10 03:43:09 - [MESSAGE][PASSED] - Call Test Case 'Test Cases/AHI/_include/get_screenshot' successfully

2020-03-10 03:43:09 - [TEST_STEP][PASSED] - setText(findTestObject("mobileSanity/HBI/Page_App Page 2/input__credit-card-first"), FirstName): Text 'Test-123' is set on object 'Object Repository/mobileSanity/HBI/Page_App Page 2/input__credit-card-first'

2020-03-10 03:43:10 - [MESSAGE][PASSED] - Text 'Test-123' is set on object 'Object Repository/mobileSanity/HBI/Page_App Page 2/input__credit-card-first'

2020-03-10 03:43:10 - [TEST_STEP][PASSED] - setText(findTestObject("mobileSanity/HBI/Page_App Page 2/input__credit-card-last"), LastName): Text 'ZZ11-pYvEscHo' is set on object 'Object Repository/mobileSanity/HBI/Page_App Page 2/input__credit-card-last'

2020-03-10 03:43:11 - [MESSAGE][PASSED] - Text 'ZZ11-pYvEscHo' is set on object 'Object Repository/mobileSanity/HBI/Page_App Page 2/input__credit-card-last'

2020-03-10 03:43:11 - [TEST_STEP][PASSED] - selectOptionByValue(findTestObject("mobileSanity/HBI/Page_App Page 2/select_MM010203040506070809101"), "12", true): All options with value '12' are selected in object 'Object Repository/mobileSanity/HBI/Page_App Page 2/select_MM010203040506070809101'  using regular expression

2020-03-10 03:43:11 - [MESSAGE][PASSED] - All options with value '12' are selected in object 'Object Repository/mobileSanity/HBI/Page_App Page 2/select_MM010203040506070809101'  using regular expression

2020-03-10 03:43:11 - [TEST_STEP][PASSED] - selectOptionByValue(findTestObject("mobileSanity/HBI/Page_App Page 2/select_YYYY2019202020212022202"), "2026", true): All options with value '2026' are selected in object 'Object Repository/mobileSanity/HBI/Page_App Page 2/select_YYYY2019202020212022202'  using regular expression

2020-03-10 03:43:12 - [MESSAGE][PASSED] - All options with value '2026' are selected in object 'Object Repository/mobileSanity/HBI/Page_App Page 2/select_YYYY2019202020212022202'  using regular expression

2020-03-10 03:43:12 - [TEST_STEP][PASSED] - setText(findTestObject("mobileSanity/HBI/Page_App Page 2/input__credit-card-number"), "4111111111111111"): Text '4111111111111111' is set on object 'Object Repository/mobileSanity/HBI/Page_App Page 2/input__credit-card-number'

2020-03-10 03:43:12 - [MESSAGE][PASSED] - Text '4111111111111111' is set on object 'Object Repository/mobileSanity/HBI/Page_App Page 2/input__credit-card-number'

2020-03-10 03:43:12 - [TEST_STEP][PASSED] - setText(findTestObject("mobileSanity/HBI/Page_App Page 2/input__cvv"), "123"): Text '123' is set on object 'Object Repository/mobileSanity/HBI/Page_App Page 2/input__cvv'

2020-03-10 03:43:13 - [MESSAGE][PASSED] - Text '123' is set on object 'Object Repository/mobileSanity/HBI/Page_App Page 2/input__cvv'

2020-03-10 03:43:13 - [TEST_STEP][PASSED] - click(findTestObject("mobileSanity/HBI/Page_App Page 2/label_My billing address is th")): Object: 'Object Repository/mobileSanity/HBI/Page_App Page 2/label_My billing address is th' is clicked on

2020-03-10 03:43:13 - [MESSAGE][PASSED] - Object: 'Object Repository/mobileSanity/HBI/Page_App Page 2/label_My billing address is th' is clicked on

2020-03-10 03:43:13 - [TEST_STEP][PASSED] - click(findTestObject("mobileSanity/HBI/Page_App Page 2/label_I Accept Authorization f")): Object: 'Object Repository/mobileSanity/HBI/Page_App Page 2/label_I Accept Authorization f' is clicked on

2020-03-10 03:43:13 - [MESSAGE][PASSED] - Object: 'Object Repository/mobileSanity/HBI/Page_App Page 2/label_I Accept Authorization f' is clicked on

2020-03-10 03:43:13 - [TEST_STEP][PASSED] - click(findTestObject("mobileSanity/HBI/Page_App Page 2/a_Continue to Step 3 - Review")): Object: 'Object Repository/mobileSanity/HBI/Page_App Page 2/a_Continue to Step 3 - Review' is clicked on

2020-03-10 03:43:14 - [MESSAGE][PASSED] - Object: 'Object Repository/mobileSanity/HBI/Page_App Page 2/a_Continue to Step 3 - Review' is clicked on

2020-03-10 03:43:14 - [TEST_STEP][PASSED] - waitForPageLoad(20): Wait for page load successfully

2020-03-10 03:43:14 - [MESSAGE][PASSED] - Wait for page load successfully

2020-03-10 03:43:14 - [TEST_STEP][PASSED] - Thread.sleep(10000): null

2020-03-10 03:43:24 - [TEST_STEP][PASSED] - waitForElementPresent(findTestObject("mobileSanity/HBI/Page_App Page 3/label"), 20): Object 'Object Repository/mobileSanity/HBI/Page_App Page 3/label' is present

2020-03-10 03:43:25 - [MESSAGE][PASSED] - Object 'Object Repository/mobileSanity/HBI/Page_App Page 3/label' is present

2020-03-10 03:43:25 - [TEST_STEP][PASSED] - callTestCase(findTestCase("AHI/_include/get_screenshot"), [:], STOP_ON_FAILURE): Call Test Case 'Test Cases/AHI/_include/get_screenshot' successfully

2020-03-10 03:43:25 - [TEST_CASE][PASSED] - Test Cases/AHI/_include/get_screenshot: Test Cases/AHI/_include/get_screenshot

2020-03-10 03:43:25 - [TEST_STEP][PASSED] - Thread.sleep(1000): null

2020-03-10 03:43:26 - [TEST_STEP][PASSED] - takeScreenshot(screenPath + i + ".png"): Taking screenshot successfully

2020-03-10 03:43:27 - [MESSAGE][PASSED] - Taking screenshot successfully
[[ATTACHMENT|D:\\Test\\AgileTest\\Reports\\PrivateLabel\\PremierSMI\\20200310_030929\\../Screenshots/iPhone X/PremierSMI/Legion/20200310_034158/8.png]]

2020-03-10 03:43:27 - [TEST_STEP][PASSED] - (internal.GlobalVariable.i++): null

2020-03-10 03:43:27 - [MESSAGE][PASSED] - Call Test Case 'Test Cases/AHI/_include/get_screenshot' successfully

2020-03-10 03:43:27 - [TEST_STEP][PASSED] - click(findTestObject("mobileSanity/HBI/Page_App Page 3/label")): Object: 'Object Repository/mobileSanity/HBI/Page_App Page 3/label' is clicked on

2020-03-10 03:43:27 - [MESSAGE][PASSED] - Object: 'Object Repository/mobileSanity/HBI/Page_App Page 3/label' is clicked on

2020-03-10 03:43:27 - [TEST_STEP][PASSED] - click(findTestObject("mobileSanity/HBI/Page_App Page 3/p_CLICK TO SIGN")): Object: 'Object Repository/mobileSanity/HBI/Page_App Page 3/p_CLICK TO SIGN' is clicked on

2020-03-10 03:43:28 - [MESSAGE][PASSED] - Object: 'Object Repository/mobileSanity/HBI/Page_App Page 3/p_CLICK TO SIGN' is clicked on

2020-03-10 03:43:28 - [TEST_STEP][PASSED] - click(findTestObject("mobileSanity/HBI/Page_App Page 3/a_Submit Your Application")): Object: 'Object Repository/mobileSanity/HBI/Page_App Page 3/a_Submit Your Application' is clicked on

2020-03-10 03:43:28 - [MESSAGE][PASSED] - Object: 'Object Repository/mobileSanity/HBI/Page_App Page 3/a_Submit Your Application' is clicked on

2020-03-10 03:43:28 - [TEST_STEP][PASSED] - Thread.sleep(30000): null

2020-03-10 03:43:58 - [TEST_STEP][PASSED] - callTestCase(findTestCase("AHI/_include/get_screenshot"), [:], STOP_ON_FAILURE): Call Test Case 'Test Cases/AHI/_include/get_screenshot' successfully

2020-03-10 03:43:58 - [TEST_CASE][PASSED] - Test Cases/AHI/_include/get_screenshot: Test Cases/AHI/_include/get_screenshot

2020-03-10 03:43:58 - [TEST_STEP][PASSED] - Thread.sleep(1000): null

2020-03-10 03:43:59 - [TEST_STEP][PASSED] - takeScreenshot(screenPath + i + ".png"): Taking screenshot successfully

2020-03-10 03:43:59 - [MESSAGE][PASSED] - Taking screenshot successfully
[[ATTACHMENT|D:\\Test\\AgileTest\\Reports\\PrivateLabel\\PremierSMI\\20200310_030929\\../Screenshots/iPhone X/PremierSMI/Legion/20200310_034158/9.png]]

2020-03-10 03:43:59 - [TEST_STEP][PASSED] - (internal.GlobalVariable.i++): null

2020-03-10 03:43:59 - [MESSAGE][PASSED] - Call Test Case 'Test Cases/AHI/_include/get_screenshot' successfully

2020-03-10 03:43:59 - [TEST_STEP][PASSED] - verifyTextPresent("Congratulations", false): Text 'Congratulations' is present on page 

2020-03-10 03:43:59 - [MESSAGE][PASSED] - Text 'Congratulations' is present on page 

2020-03-10 03:43:59 - [MESSAGE][PASSED] - Call Test Case 'Test Cases/AHI/_include/goToEnd_hbi' successfully]]></system-out>
         <system-err><![CDATA[]]></system-err>
      </testcase>
      <system-out><![CDATA[2020-03-10 03:39:02 - [TEST_SUITE][FAILED] - PremierSMI: Test Cases/PL Site/PremierSMI/AdvantHealth FAILED.
Reason:
com.kms.katalon.core.exception.StepFailedException: Unable to click on object 'Object Repository/mobileSanity/STM/STM Census Page/label_Compare Plans' (Root cause: com.kms.katalon.core.webui.exception.WebElementNotFoundException: Web element with id: 'Object Repository/mobileSanity/STM/STM Census Page/label_Compare Plans' located by 'By.xpath: //label[@id = 'js-see-plans' and @href = '#' and (text() = 'Compare Plans ' or . = 'Compare Plans ')]' not found)
	at com.kms.katalon.core.keyword.internal.KeywordMain.stepFailed(KeywordMain.groovy:36)
	at com.kms.katalon.core.webui.keyword.internal.WebUIKeywordMain.stepFailed(WebUIKeywordMain.groovy:65)
	at com.kms.katalon.core.webui.keyword.internal.WebUIKeywordMain.runKeyword(WebUIKeywordMain.groovy:27)
	at com.kms.katalon.core.webui.keyword.builtin.ClickKeyword.click(ClickKeyword.groovy:86)
	at com.kms.katalon.core.webui.keyword.builtin.ClickKeyword.execute(ClickKeyword.groovy:67)
	at com.kms.katalon.core.keyword.internal.KeywordExecutor.executeKeywordForPlatform(KeywordExecutor.groovy:53)
	at com.kms.katalon.core.webui.keyword.WebUiBuiltInKeywords.click(WebUiBuiltInKeywords.groovy:616)
	at com.kms.katalon.core.webui.keyword.WebUiBuiltInKeywords$click$3.call(Unknown Source)
	at census_stm.run(census_stm:32)
	at com.kms.katalon.core.main.ScriptEngine.run(ScriptEngine.java:194)
	at com.kms.katalon.core.main.ScriptEngine.runScriptAsRawText(ScriptEngine.java:119)
	at com.kms.katalon.core.main.TestCaseExecutor.runScript(TestCaseExecutor.java:328)
	at com.kms.katalon.core.main.TestCaseExecutor.doExecute(TestCaseExecutor.java:319)
	at com.kms.katalon.core.main.TestCaseExecutor.processExecutionPhase(TestCaseExecutor.java:298)
	at com.kms.katalon.core.main.TestCaseExecutor.accessMainPhase(TestCaseExecutor.java:290)
	at com.kms.katalon.core.main.TestCaseExecutor.execute(TestCaseExecutor.java:224)
	at com.kms.katalon.core.main.TestCaseMain.runTestCase(TestCaseMain.java:106)
	at com.kms.katalon.core.keyword.builtin.CallTestCaseKeyword$_callTestCase_closure1.doCall(CallTestCaseKeyword.groovy:59)
	at com.kms.katalon.core.keyword.builtin.CallTestCaseKeyword$_callTestCase_closure1.call(CallTestCaseKeyword.groovy)
	at com.kms.katalon.core.keyword.internal.KeywordMain.runKeyword(KeywordMain.groovy:54)
	at com.kms.katalon.core.keyword.builtin.CallTestCaseKeyword.callTestCase(CallTestCaseKeyword.groovy:80)
	at com.kms.katalon.core.keyword.builtin.CallTestCaseKeyword.execute(CallTestCaseKeyword.groovy:44)
	at com.kms.katalon.core.keyword.internal.KeywordExecutor.executeKeywordForPlatform(KeywordExecutor.groovy:53)
	at com.kms.katalon.core.keyword.BuiltinKeywords.callTestCase(BuiltinKeywords.groovy:334)
	at AdvantHealth.run(AdvantHealth:24)
	at com.kms.katalon.core.main.ScriptEngine.run(ScriptEngine.java:194)
	at com.kms.katalon.core.main.ScriptEngine.runScriptAsRawText(ScriptEngine.java:119)
	at com.kms.katalon.core.main.TestCaseExecutor.runScript(TestCaseExecutor.java:328)
	at com.kms.katalon.core.main.TestCaseExecutor.doExecute(TestCaseExecutor.java:319)
	at com.kms.katalon.core.main.TestCaseExecutor.processExecutionPhase(TestCaseExecutor.java:298)
	at com.kms.katalon.core.main.TestCaseExecutor.accessMainPhase(TestCaseExecutor.java:290)
	at com.kms.katalon.core.main.TestCaseExecutor.execute(TestCaseExecutor.java:224)
	at com.kms.katalon.core.main.TestSuiteExecutor.accessTestCaseMainPhase(TestSuiteExecutor.java:129)
	at com.kms.katalon.core.main.TestSuiteExecutor.accessTestSuiteMainPhase(TestSuiteExecutor.java:112)
	at com.kms.katalon.core.main.TestSuiteExecutor.execute(TestSuiteExecutor.java:81)
	at com.kms.katalon.core.main.TestCaseMain.startTestSuite(TestCaseMain.java:149)
	at com.kms.katalon.core.main.TestCaseMain$startTestSuite$0.call(Unknown Source)
	at TempTestSuite1583824169354.run(TempTestSuite1583824169354.groovy:36)]]></system-out>
      <system-err><![CDATA[2020-03-10 03:39:02 - [TEST_SUITE][FAILED] - PremierSMI: Test Cases/PL Site/PremierSMI/AdvantHealth FAILED.
Reason:
com.kms.katalon.core.exception.StepFailedException: Unable to click on object 'Object Repository/mobileSanity/STM/STM Census Page/label_Compare Plans' (Root cause: com.kms.katalon.core.webui.exception.WebElementNotFoundException: Web element with id: 'Object Repository/mobileSanity/STM/STM Census Page/label_Compare Plans' located by 'By.xpath: //label[@id = 'js-see-plans' and @href = '#' and (text() = 'Compare Plans ' or . = 'Compare Plans ')]' not found)
	at com.kms.katalon.core.keyword.internal.KeywordMain.stepFailed(KeywordMain.groovy:36)
	at com.kms.katalon.core.webui.keyword.internal.WebUIKeywordMain.stepFailed(WebUIKeywordMain.groovy:65)
	at com.kms.katalon.core.webui.keyword.internal.WebUIKeywordMain.runKeyword(WebUIKeywordMain.groovy:27)
	at com.kms.katalon.core.webui.keyword.builtin.ClickKeyword.click(ClickKeyword.groovy:86)
	at com.kms.katalon.core.webui.keyword.builtin.ClickKeyword.execute(ClickKeyword.groovy:67)
	at com.kms.katalon.core.keyword.internal.KeywordExecutor.executeKeywordForPlatform(KeywordExecutor.groovy:53)
	at com.kms.katalon.core.webui.keyword.WebUiBuiltInKeywords.click(WebUiBuiltInKeywords.groovy:616)
	at com.kms.katalon.core.webui.keyword.WebUiBuiltInKeywords$click$3.call(Unknown Source)
	at census_stm.run(census_stm:32)
	at com.kms.katalon.core.main.ScriptEngine.run(ScriptEngine.java:194)
	at com.kms.katalon.core.main.ScriptEngine.runScriptAsRawText(ScriptEngine.java:119)
	at com.kms.katalon.core.main.TestCaseExecutor.runScript(TestCaseExecutor.java:328)
	at com.kms.katalon.core.main.TestCaseExecutor.doExecute(TestCaseExecutor.java:319)
	at com.kms.katalon.core.main.TestCaseExecutor.processExecutionPhase(TestCaseExecutor.java:298)
	at com.kms.katalon.core.main.TestCaseExecutor.accessMainPhase(TestCaseExecutor.java:290)
	at com.kms.katalon.core.main.TestCaseExecutor.execute(TestCaseExecutor.java:224)
	at com.kms.katalon.core.main.TestCaseMain.runTestCase(TestCaseMain.java:106)
	at com.kms.katalon.core.keyword.builtin.CallTestCaseKeyword$_callTestCase_closure1.doCall(CallTestCaseKeyword.groovy:59)
	at com.kms.katalon.core.keyword.builtin.CallTestCaseKeyword$_callTestCase_closure1.call(CallTestCaseKeyword.groovy)
	at com.kms.katalon.core.keyword.internal.KeywordMain.runKeyword(KeywordMain.groovy:54)
	at com.kms.katalon.core.keyword.builtin.CallTestCaseKeyword.callTestCase(CallTestCaseKeyword.groovy:80)
	at com.kms.katalon.core.keyword.builtin.CallTestCaseKeyword.execute(CallTestCaseKeyword.groovy:44)
	at com.kms.katalon.core.keyword.internal.KeywordExecutor.executeKeywordForPlatform(KeywordExecutor.groovy:53)
	at com.kms.katalon.core.keyword.BuiltinKeywords.callTestCase(BuiltinKeywords.groovy:334)
	at AdvantHealth.run(AdvantHealth:24)
	at com.kms.katalon.core.main.ScriptEngine.run(ScriptEngine.java:194)
	at com.kms.katalon.core.main.ScriptEngine.runScriptAsRawText(ScriptEngine.java:119)
	at com.kms.katalon.core.main.TestCaseExecutor.runScript(TestCaseExecutor.java:328)
	at com.kms.katalon.core.main.TestCaseExecutor.doExecute(TestCaseExecutor.java:319)
	at com.kms.katalon.core.main.TestCaseExecutor.processExecutionPhase(TestCaseExecutor.java:298)
	at com.kms.katalon.core.main.TestCaseExecutor.accessMainPhase(TestCaseExecutor.java:290)
	at com.kms.katalon.core.main.TestCaseExecutor.execute(TestCaseExecutor.java:224)
	at com.kms.katalon.core.main.TestSuiteExecutor.accessTestCaseMainPhase(TestSuiteExecutor.java:129)
	at com.kms.katalon.core.main.TestSuiteExecutor.accessTestSuiteMainPhase(TestSuiteExecutor.java:112)
	at com.kms.katalon.core.main.TestSuiteExecutor.execute(TestSuiteExecutor.java:81)
	at com.kms.katalon.core.main.TestCaseMain.startTestSuite(TestCaseMain.java:149)
	at com.kms.katalon.core.main.TestCaseMain$startTestSuite$0.call(Unknown Source)
	at TempTestSuite1583824169354.run(TempTestSuite1583824169354.groovy:36)]]></system-err>
   </testsuite>
</testsuites>
