<?xml version="1.0" encoding="UTF-8"?>
<testsuites name="HP" time="108" tests="4" failures="0" errors="0">
   <testsuite name="HP" tests="4" failures="0" errors="0" time="108" timestamp="2019-12-06 00:41:11" hostname="Administrator - 172.30.0.53" id="Test Suites/HP/HP">
      <properties>
         <property name="deviceName" value=""/>
         <property name="devicePlatform" value=""/>
         <property name="logFolder" value="D:\\Test\\AgileTest\\Reports\\HP\\HP\\20191206_004107"/>
         <property name="logFiles" value="D:\\Test\\AgileTest\\Reports\\HP\\HP\\20191206_004107\\execution0.log"/>
         <property name="attachments" value="D:\\Test\\AgileTest\\Reports\\HP\\HP\\20191206_004107\\../Screenshots/iPhone 6/HP/ACA/20191206_004112/0.png, D:\\Test\\AgileTest\\Reports\\HP\\HP\\20191206_004107\\../Screenshots/iPhone 6/HP/ACA/20191206_004112/1.png, D:\\Test\\AgileTest\\Reports\\HP\\HP\\20191206_004107\\../Screenshots/iPhone 6/HP/ACA/20191206_004112/2.png, D:\\Test\\AgileTest\\Reports\\HP\\HP\\20191206_004107\\../Screenshots/iPhone 6/HP/ACA/20191206_004112/3.png, D:\\Test\\AgileTest\\Reports\\HP\\HP\\20191206_004107\\../Screenshots/iPhone 6/HP/ACA/20191206_004112/4.png, D:\\Test\\AgileTest\\Reports\\HP\\HP\\20191206_004107\\../Screenshots/iPhone 6/HP/ACA/20191206_004112/5.png, D:\\Test\\AgileTest\\Reports\\HP\\HP\\20191206_004107\\../Screenshots/iPhone 6/HP/ACA/20191206_004112/6.png, D:\\Test\\AgileTest\\Reports\\HP\\HP\\20191206_004107\\../Screenshots/iPhone 6/HP/home/20191206_004231/0.png, D:\\Test\\AgileTest\\Reports\\HP\\HP\\20191206_004107\\../Screenshots/iPhone 6/HP/Medicare/20191206_004237/0.png, D:\\Test\\AgileTest\\Reports\\HP\\HP\\20191206_004107\\../Screenshots/iPhone 6/HP/Medicare/20191206_004237/1.png, D:\\Test\\AgileTest\\Reports\\HP\\HP\\20191206_004107\\../Screenshots/iPhone 6/HP/Medicare/20191206_004237/2.png, D:\\Test\\AgileTest\\Reports\\HP\\HP\\20191206_004107\\../Screenshots/iPhone 6/HP/Medicare/20191206_004237/3.png, D:\\Test\\AgileTest\\Reports\\HP\\HP\\20191206_004107\\../Screenshots/iPhone 6/HP/Medicare/20191206_004237/4.png, D:\\Test\\AgileTest\\Reports\\HP\\HP\\20191206_004107\\../Screenshots/iPhone 6/HP/STM/20191206_004248/0.png, D:\\Test\\AgileTest\\Reports\\HP\\HP\\20191206_004107\\../Screenshots/iPhone 6/HP/STM/20191206_004248/1.png, D:\\Test\\AgileTest\\Reports\\HP\\HP\\20191206_004107\\../Screenshots/iPhone 6/HP/STM/20191206_004248/2.png, D:\\Test\\AgileTest\\Reports\\HP\\HP\\20191206_004107\\../Screenshots/iPhone 6/HP/STM/20191206_004248/3.png, D:\\Test\\AgileTest\\Reports\\HP\\HP\\20191206_004107\\../Screenshots/iPhone 6/HP/STM/20191206_004248/4.png, D:\\Test\\AgileTest\\Reports\\HP\\HP\\20191206_004107\\../Screenshots/iPhone 6/HP/STM/20191206_004248/5.png"/>
         <property name="hostName" value="Administrator - 172.30.0.53"/>
         <property name="os" value="Windows Server 2012 R2 64bit"/>
         <property name="katalonVersion" value="5.10.1.1"/>
         <property name="browser" value="Safari 11"/>
         <property name="hostAddress" value="172.30.0.53"/>
         <property name="sessionId" value="aa4b45d5f0d488e39bf9bbc871edf54b"/>
         <property name="seleniumVersion" value="3.7.1"/>
         <property name="proxyInformation" value="ProxyInformation{proxyOption=NO_PROXY, proxyServerType=HTTP, password=, proxyServerAddress=, proxyServerPort=0}"/>
         <property name="platform" value="Windows Server 2012 R2"/>
      </properties>
      <testcase name="Test Cases/HP/ACA/ACA" classname="Test Cases/HP/ACA/ACA" status="PASSED">
         <system-out><![CDATA[2019-12-06 00:41:11 - [TEST_CASE][PASSED] - Test Cases/HP/ACA/ACA: Test Cases/HP/ACA/ACA

2019-12-06 00:41:12 - [TEST_STEP][PASSED] - now = new java.util.Date(): null

2019-12-06 00:41:12 - [TEST_STEP][PASSED] - mydate = now.format("yyyyMMdd_HHmmss"): null

2019-12-06 00:41:12 - [TEST_STEP][PASSED] - i = 0: null

2019-12-06 00:41:12 - [TEST_STEP][PASSED] - callTestCase(findTestCase("mobileWeb/_include/get_screenPath"), ["productLine":"HP", "carrierName":"ACA"], CONTINUE_ON_FAILURE): Call Test Case 'Test Cases/mobileWeb/_include/get_screenPath' successfully

2019-12-06 00:41:12 - [TEST_CASE][PASSED] - Test Cases/mobileWeb/_include/get_screenPath: Test Cases/mobileWeb/_include/get_screenPath

2019-12-06 00:41:12 - [TEST_STEP][PASSED] - m = getExecutionProperties(): null

2019-12-06 00:41:12 - [TEST_STEP][PASSED] - deviceName = get("mobileEmulation").get("deviceName"): null

2019-12-06 00:41:12 - [TEST_STEP][PASSED] - println(deviceName): null

2019-12-06 00:41:12 - [TEST_STEP][PASSED] - now = new java.util.Date(): null

2019-12-06 00:41:12 - [TEST_STEP][PASSED] - mydate = now.format("yyyyMMdd_HHmmss"): null

2019-12-06 00:41:12 - [TEST_STEP][PASSED] - screenPath = "../Screenshots/": null

2019-12-06 00:41:12 - [TEST_STEP][PASSED] - screenPath = screenPath + deviceName + "/" + productLine + "/" + carrierName + "/" + mydate + "/": null

2019-12-06 00:41:12 - [TEST_STEP][PASSED] - println(screenPath): null

2019-12-06 00:41:13 - [MESSAGE][PASSED] - Call Test Case 'Test Cases/mobileWeb/_include/get_screenPath' successfully

2019-12-06 00:41:13 - [TEST_STEP][PASSED] - second = <not implemented yet for class: org.codehaus.groovy.ast.expr.EmptyExpression>: null

2019-12-06 00:41:13 - [TEST_STEP][PASSED] - openBrowser("www.healthpocket.com/individual-health-insurance"): Browser is opened with url: 'www.healthpocket.com/individual-health-insurance'

2019-12-06 00:41:13 - [MESSAGE][INFO] - Starting 'Chrome' driver

2019-12-06 00:41:13 - [MESSAGE][INFO] - User set preference: ['mobileEmulation', '{deviceName=iPhone 6}']

2019-12-06 00:41:13 - [MESSAGE][INFO] - User set preference: ['args', '[--incognito, --aggressive-cache-discard, --window-size=375,677, --no-sandbox]']

2019-12-06 00:41:13 - [MESSAGE][INFO] - Action delay is set to 0 seconds

2019-12-06 00:41:17 - [MESSAGE][PASSED] - Browser is opened with url: 'www.healthpocket.com/individual-health-insurance'

2019-12-06 00:41:17 - [TEST_STEP][PASSED] - driver = getWebDriver(): null

2019-12-06 00:41:17 - [TEST_STEP][PASSED] - baseUrl = "https://www.healthpocket.com/individual-health-insurance/": null

2019-12-06 00:41:17 - [TEST_STEP][PASSED] - selenium = new com.thoughtworks.selenium.webdriven.WebDriverBackedSelenium(driver, baseUrl): null

2019-12-06 00:41:17 - [TEST_STEP][PASSED] - selenium.refresh(): null

2019-12-06 00:41:18 - [TEST_STEP][PASSED] - selenium.waitForPageToLoad("30000"): null

2019-12-06 00:41:19 - [TEST_STEP][PASSED] - for ([second = 0, second < 60, (second++)]): null

2019-12-06 00:41:19 - [TEST_STEP][PASSED] - try: null

2019-12-06 00:41:19 - [TEST_STEP][PASSED] - if (selenium.isElementPresent("//a[contains(text(),'No Thanks. I want to see ACA plans.')]")): null

2019-12-06 00:41:19 - [TEST_STEP][PASSED] - catch (Exception e): null

2019-12-06 00:41:19 - [TEST_STEP][PASSED] - Thread.sleep(1000): null

2019-12-06 00:41:20 - [TEST_STEP][PASSED] - try: null

2019-12-06 00:41:20 - [TEST_STEP][PASSED] - if (selenium.isElementPresent("//a[contains(text(),'No Thanks. I want to see ACA plans.')]")): null

2019-12-06 00:41:20 - [TEST_STEP][PASSED] - catch (Exception e): null

2019-12-06 00:41:20 - [TEST_STEP][PASSED] - Thread.sleep(1000): null

2019-12-06 00:41:21 - [TEST_STEP][PASSED] - try: null

2019-12-06 00:41:21 - [TEST_STEP][PASSED] - if (selenium.isElementPresent("//a[contains(text(),'No Thanks. I want to see ACA plans.')]")): null

2019-12-06 00:41:21 - [TEST_STEP][PASSED] - catch (Exception e): null

2019-12-06 00:41:21 - [TEST_STEP][PASSED] - Thread.sleep(1000): null

2019-12-06 00:41:22 - [TEST_STEP][PASSED] - try: null

2019-12-06 00:41:22 - [TEST_STEP][PASSED] - if (selenium.isElementPresent("//a[contains(text(),'No Thanks. I want to see ACA plans.')]")): null

2019-12-06 00:41:22 - [TEST_STEP][PASSED] - catch (Exception e): null

2019-12-06 00:41:22 - [TEST_STEP][PASSED] - Thread.sleep(1000): null

2019-12-06 00:41:23 - [TEST_STEP][PASSED] - try: null

2019-12-06 00:41:23 - [TEST_STEP][PASSED] - if (selenium.isElementPresent("//a[contains(text(),'No Thanks. I want to see ACA plans.')]")): null

2019-12-06 00:41:23 - [TEST_STEP][PASSED] - catch (Exception e): null

2019-12-06 00:41:23 - [TEST_STEP][PASSED] - Thread.sleep(1000): null

2019-12-06 00:41:24 - [TEST_STEP][PASSED] - try: null

2019-12-06 00:41:24 - [TEST_STEP][PASSED] - if (selenium.isElementPresent("//a[contains(text(),'No Thanks. I want to see ACA plans.')]")): null

2019-12-06 00:41:24 - [TEST_STEP][PASSED] - catch (Exception e): null

2019-12-06 00:41:24 - [TEST_STEP][PASSED] - Thread.sleep(1000): null

2019-12-06 00:41:25 - [TEST_STEP][PASSED] - try: null

2019-12-06 00:41:25 - [TEST_STEP][PASSED] - if (selenium.isElementPresent("//a[contains(text(),'No Thanks. I want to see ACA plans.')]")): null

2019-12-06 00:41:25 - [TEST_STEP][PASSED] - catch (Exception e): null

2019-12-06 00:41:25 - [TEST_STEP][PASSED] - Thread.sleep(1000): null

2019-12-06 00:41:26 - [TEST_STEP][PASSED] - try: null

2019-12-06 00:41:26 - [TEST_STEP][PASSED] - if (selenium.isElementPresent("//a[contains(text(),'No Thanks. I want to see ACA plans.')]")): null

2019-12-06 00:41:26 - [TEST_STEP][PASSED] - catch (Exception e): null

2019-12-06 00:41:26 - [TEST_STEP][PASSED] - Thread.sleep(1000): null

2019-12-06 00:41:27 - [TEST_STEP][PASSED] - try: null

2019-12-06 00:41:27 - [TEST_STEP][PASSED] - if (selenium.isElementPresent("//a[contains(text(),'No Thanks. I want to see ACA plans.')]")): null

2019-12-06 00:41:28 - [TEST_STEP][PASSED] - catch (Exception e): null

2019-12-06 00:41:28 - [TEST_STEP][PASSED] - Thread.sleep(1000): null

2019-12-06 00:41:29 - [TEST_STEP][PASSED] - try: null

2019-12-06 00:41:29 - [TEST_STEP][PASSED] - if (selenium.isElementPresent("//a[contains(text(),'No Thanks. I want to see ACA plans.')]")): null

2019-12-06 00:41:29 - [TEST_STEP][PASSED] - catch (Exception e): null

2019-12-06 00:41:29 - [TEST_STEP][PASSED] - Thread.sleep(1000): null

2019-12-06 00:41:30 - [TEST_STEP][PASSED] - try: null

2019-12-06 00:41:30 - [TEST_STEP][PASSED] - if (selenium.isElementPresent("//a[contains(text(),'No Thanks. I want to see ACA plans.')]")): null

2019-12-06 00:41:30 - [TEST_STEP][PASSED] - catch (Exception e): null

2019-12-06 00:41:30 - [TEST_STEP][PASSED] - Thread.sleep(1000): null

2019-12-06 00:41:31 - [TEST_STEP][PASSED] - try: null

2019-12-06 00:41:31 - [TEST_STEP][PASSED] - if (selenium.isElementPresent("//a[contains(text(),'No Thanks. I want to see ACA plans.')]")): null

2019-12-06 00:41:31 - [TEST_STEP][PASSED] - catch (Exception e): null

2019-12-06 00:41:31 - [TEST_STEP][PASSED] - Thread.sleep(1000): null

2019-12-06 00:41:32 - [TEST_STEP][PASSED] - try: null

2019-12-06 00:41:32 - [TEST_STEP][PASSED] - if (selenium.isElementPresent("//a[contains(text(),'No Thanks. I want to see ACA plans.')]")): null

2019-12-06 00:41:32 - [TEST_STEP][PASSED] - catch (Exception e): null

2019-12-06 00:41:32 - [TEST_STEP][PASSED] - Thread.sleep(1000): null

2019-12-06 00:41:33 - [TEST_STEP][PASSED] - try: null

2019-12-06 00:41:33 - [TEST_STEP][PASSED] - if (selenium.isElementPresent("//a[contains(text(),'No Thanks. I want to see ACA plans.')]")): null

2019-12-06 00:41:33 - [TEST_STEP][PASSED] - catch (Exception e): null

2019-12-06 00:41:33 - [TEST_STEP][PASSED] - Thread.sleep(1000): null

2019-12-06 00:41:34 - [TEST_STEP][PASSED] - try: null

2019-12-06 00:41:34 - [TEST_STEP][PASSED] - if (selenium.isElementPresent("//a[contains(text(),'No Thanks. I want to see ACA plans.')]")): null

2019-12-06 00:41:34 - [TEST_STEP][PASSED] - catch (Exception e): null

2019-12-06 00:41:34 - [TEST_STEP][PASSED] - Thread.sleep(1000): null

2019-12-06 00:41:35 - [TEST_STEP][PASSED] - try: null

2019-12-06 00:41:35 - [TEST_STEP][PASSED] - if (selenium.isElementPresent("//a[contains(text(),'No Thanks. I want to see ACA plans.')]")): null

2019-12-06 00:41:35 - [TEST_STEP][PASSED] - catch (Exception e): null

2019-12-06 00:41:35 - [TEST_STEP][PASSED] - Thread.sleep(1000): null

2019-12-06 00:41:36 - [TEST_STEP][PASSED] - try: null

2019-12-06 00:41:36 - [TEST_STEP][PASSED] - if (selenium.isElementPresent("//a[contains(text(),'No Thanks. I want to see ACA plans.')]")): null

2019-12-06 00:41:36 - [TEST_STEP][PASSED] - catch (Exception e): null

2019-12-06 00:41:36 - [TEST_STEP][PASSED] - Thread.sleep(1000): null

2019-12-06 00:41:37 - [TEST_STEP][PASSED] - try: null

2019-12-06 00:41:37 - [TEST_STEP][PASSED] - if (selenium.isElementPresent("//a[contains(text(),'No Thanks. I want to see ACA plans.')]")): null

2019-12-06 00:41:37 - [TEST_STEP][PASSED] - catch (Exception e): null

2019-12-06 00:41:37 - [TEST_STEP][PASSED] - Thread.sleep(1000): null

2019-12-06 00:41:38 - [TEST_STEP][PASSED] - try: null

2019-12-06 00:41:38 - [TEST_STEP][PASSED] - if (selenium.isElementPresent("//a[contains(text(),'No Thanks. I want to see ACA plans.')]")): null

2019-12-06 00:41:38 - [TEST_STEP][PASSED] - catch (Exception e): null

2019-12-06 00:41:38 - [TEST_STEP][PASSED] - Thread.sleep(1000): null

2019-12-06 00:41:39 - [TEST_STEP][PASSED] - try: null

2019-12-06 00:41:39 - [TEST_STEP][PASSED] - if (selenium.isElementPresent("//a[contains(text(),'No Thanks. I want to see ACA plans.')]")): null

2019-12-06 00:41:39 - [TEST_STEP][PASSED] - catch (Exception e): null

2019-12-06 00:41:39 - [TEST_STEP][PASSED] - Thread.sleep(1000): null

2019-12-06 00:41:40 - [TEST_STEP][PASSED] - try: null

2019-12-06 00:41:40 - [TEST_STEP][PASSED] - if (selenium.isElementPresent("//a[contains(text(),'No Thanks. I want to see ACA plans.')]")): null

2019-12-06 00:41:41 - [TEST_STEP][PASSED] - catch (Exception e): null

2019-12-06 00:41:41 - [TEST_STEP][PASSED] - Thread.sleep(1000): null

2019-12-06 00:41:42 - [TEST_STEP][PASSED] - try: null

2019-12-06 00:41:42 - [TEST_STEP][PASSED] - if (selenium.isElementPresent("//a[contains(text(),'No Thanks. I want to see ACA plans.')]")): null

2019-12-06 00:41:42 - [TEST_STEP][PASSED] - catch (Exception e): null

2019-12-06 00:41:42 - [TEST_STEP][PASSED] - Thread.sleep(1000): null

2019-12-06 00:41:43 - [TEST_STEP][PASSED] - try: null

2019-12-06 00:41:43 - [TEST_STEP][PASSED] - if (selenium.isElementPresent("//a[contains(text(),'No Thanks. I want to see ACA plans.')]")): null

2019-12-06 00:41:43 - [TEST_STEP][PASSED] - catch (Exception e): null

2019-12-06 00:41:43 - [TEST_STEP][PASSED] - Thread.sleep(1000): null

2019-12-06 00:41:44 - [TEST_STEP][PASSED] - try: null

2019-12-06 00:41:44 - [TEST_STEP][PASSED] - if (selenium.isElementPresent("//a[contains(text(),'No Thanks. I want to see ACA plans.')]")): null

2019-12-06 00:41:44 - [TEST_STEP][PASSED] - catch (Exception e): null

2019-12-06 00:41:44 - [TEST_STEP][PASSED] - Thread.sleep(1000): null

2019-12-06 00:41:45 - [TEST_STEP][PASSED] - try: null

2019-12-06 00:41:45 - [TEST_STEP][PASSED] - if (selenium.isElementPresent("//a[contains(text(),'No Thanks. I want to see ACA plans.')]")): null

2019-12-06 00:41:45 - [TEST_STEP][PASSED] - catch (Exception e): null

2019-12-06 00:41:45 - [TEST_STEP][PASSED] - Thread.sleep(1000): null

2019-12-06 00:41:46 - [TEST_STEP][PASSED] - try: null

2019-12-06 00:41:46 - [TEST_STEP][PASSED] - if (selenium.isElementPresent("//a[contains(text(),'No Thanks. I want to see ACA plans.')]")): null

2019-12-06 00:41:46 - [TEST_STEP][PASSED] - catch (Exception e): null

2019-12-06 00:41:46 - [TEST_STEP][PASSED] - Thread.sleep(1000): null

2019-12-06 00:41:47 - [TEST_STEP][PASSED] - try: null

2019-12-06 00:41:47 - [TEST_STEP][PASSED] - if (selenium.isElementPresent("//a[contains(text(),'No Thanks. I want to see ACA plans.')]")): null

2019-12-06 00:41:47 - [TEST_STEP][PASSED] - catch (Exception e): null

2019-12-06 00:41:47 - [TEST_STEP][PASSED] - Thread.sleep(1000): null

2019-12-06 00:41:48 - [TEST_STEP][PASSED] - try: null

2019-12-06 00:41:48 - [TEST_STEP][PASSED] - if (selenium.isElementPresent("//a[contains(text(),'No Thanks. I want to see ACA plans.')]")): null

2019-12-06 00:41:48 - [TEST_STEP][PASSED] - catch (Exception e): null

2019-12-06 00:41:48 - [TEST_STEP][PASSED] - Thread.sleep(1000): null

2019-12-06 00:41:49 - [TEST_STEP][PASSED] - try: null

2019-12-06 00:41:49 - [TEST_STEP][PASSED] - if (selenium.isElementPresent("//a[contains(text(),'No Thanks. I want to see ACA plans.')]")): null

2019-12-06 00:41:49 - [TEST_STEP][PASSED] - catch (Exception e): null

2019-12-06 00:41:49 - [TEST_STEP][PASSED] - Thread.sleep(1000): null

2019-12-06 00:41:50 - [TEST_STEP][PASSED] - try: null

2019-12-06 00:41:50 - [TEST_STEP][PASSED] - if (selenium.isElementPresent("//a[contains(text(),'No Thanks. I want to see ACA plans.')]")): null

2019-12-06 00:41:50 - [TEST_STEP][PASSED] - catch (Exception e): null

2019-12-06 00:41:50 - [TEST_STEP][PASSED] - Thread.sleep(1000): null

2019-12-06 00:41:51 - [TEST_STEP][PASSED] - try: null

2019-12-06 00:41:51 - [TEST_STEP][PASSED] - if (selenium.isElementPresent("//a[contains(text(),'No Thanks. I want to see ACA plans.')]")): null

2019-12-06 00:41:51 - [TEST_STEP][PASSED] - catch (Exception e): null

2019-12-06 00:41:51 - [TEST_STEP][PASSED] - Thread.sleep(1000): null

2019-12-06 00:41:52 - [TEST_STEP][PASSED] - try: null

2019-12-06 00:41:52 - [TEST_STEP][PASSED] - if (selenium.isElementPresent("//a[contains(text(),'No Thanks. I want to see ACA plans.')]")): null

2019-12-06 00:41:52 - [TEST_STEP][PASSED] - catch (Exception e): null

2019-12-06 00:41:52 - [TEST_STEP][PASSED] - Thread.sleep(1000): null

2019-12-06 00:41:53 - [TEST_STEP][PASSED] - try: null

2019-12-06 00:41:53 - [TEST_STEP][PASSED] - if (selenium.isElementPresent("//a[contains(text(),'No Thanks. I want to see ACA plans.')]")): null

2019-12-06 00:41:53 - [TEST_STEP][PASSED] - catch (Exception e): null

2019-12-06 00:41:53 - [TEST_STEP][PASSED] - Thread.sleep(1000): null

2019-12-06 00:41:54 - [TEST_STEP][PASSED] - try: null

2019-12-06 00:41:54 - [TEST_STEP][PASSED] - if (selenium.isElementPresent("//a[contains(text(),'No Thanks. I want to see ACA plans.')]")): null

2019-12-06 00:41:54 - [TEST_STEP][PASSED] - catch (Exception e): null

2019-12-06 00:41:54 - [TEST_STEP][PASSED] - Thread.sleep(1000): null

2019-12-06 00:41:55 - [TEST_STEP][PASSED] - try: null

2019-12-06 00:41:55 - [TEST_STEP][PASSED] - if (selenium.isElementPresent("//a[contains(text(),'No Thanks. I want to see ACA plans.')]")): null

2019-12-06 00:41:55 - [TEST_STEP][PASSED] - catch (Exception e): null

2019-12-06 00:41:55 - [TEST_STEP][PASSED] - Thread.sleep(1000): null

2019-12-06 00:41:56 - [TEST_STEP][PASSED] - try: null

2019-12-06 00:41:56 - [TEST_STEP][PASSED] - if (selenium.isElementPresent("//a[contains(text(),'No Thanks. I want to see ACA plans.')]")): null

2019-12-06 00:41:57 - [TEST_STEP][PASSED] - catch (Exception e): null

2019-12-06 00:41:57 - [TEST_STEP][PASSED] - Thread.sleep(1000): null

2019-12-06 00:41:58 - [TEST_STEP][PASSED] - try: null

2019-12-06 00:41:58 - [TEST_STEP][PASSED] - if (selenium.isElementPresent("//a[contains(text(),'No Thanks. I want to see ACA plans.')]")): null

2019-12-06 00:41:58 - [TEST_STEP][PASSED] - catch (Exception e): null

2019-12-06 00:41:58 - [TEST_STEP][PASSED] - Thread.sleep(1000): null

2019-12-06 00:41:59 - [TEST_STEP][PASSED] - try: null

2019-12-06 00:41:59 - [TEST_STEP][PASSED] - if (selenium.isElementPresent("//a[contains(text(),'No Thanks. I want to see ACA plans.')]")): null

2019-12-06 00:41:59 - [TEST_STEP][PASSED] - catch (Exception e): null

2019-12-06 00:41:59 - [TEST_STEP][PASSED] - Thread.sleep(1000): null

2019-12-06 00:42:00 - [TEST_STEP][PASSED] - try: null

2019-12-06 00:42:00 - [TEST_STEP][PASSED] - if (selenium.isElementPresent("//a[contains(text(),'No Thanks. I want to see ACA plans.')]")): null

2019-12-06 00:42:00 - [TEST_STEP][PASSED] - catch (Exception e): null

2019-12-06 00:42:00 - [TEST_STEP][PASSED] - Thread.sleep(1000): null

2019-12-06 00:42:01 - [TEST_STEP][PASSED] - try: null

2019-12-06 00:42:01 - [TEST_STEP][PASSED] - if (selenium.isElementPresent("//a[contains(text(),'No Thanks. I want to see ACA plans.')]")): null

2019-12-06 00:42:01 - [TEST_STEP][PASSED] - catch (Exception e): null

2019-12-06 00:42:01 - [TEST_STEP][PASSED] - Thread.sleep(1000): null

2019-12-06 00:42:02 - [TEST_STEP][PASSED] - try: null

2019-12-06 00:42:02 - [TEST_STEP][PASSED] - if (selenium.isElementPresent("//a[contains(text(),'No Thanks. I want to see ACA plans.')]")): null

2019-12-06 00:42:02 - [TEST_STEP][PASSED] - catch (Exception e): null

2019-12-06 00:42:02 - [TEST_STEP][PASSED] - Thread.sleep(1000): null

2019-12-06 00:42:03 - [TEST_STEP][PASSED] - try: null

2019-12-06 00:42:03 - [TEST_STEP][PASSED] - if (selenium.isElementPresent("//a[contains(text(),'No Thanks. I want to see ACA plans.')]")): null

2019-12-06 00:42:03 - [TEST_STEP][PASSED] - catch (Exception e): null

2019-12-06 00:42:03 - [TEST_STEP][PASSED] - Thread.sleep(1000): null

2019-12-06 00:42:04 - [TEST_STEP][PASSED] - try: null

2019-12-06 00:42:04 - [TEST_STEP][PASSED] - if (selenium.isElementPresent("//a[contains(text(),'No Thanks. I want to see ACA plans.')]")): null

2019-12-06 00:42:04 - [TEST_STEP][PASSED] - catch (Exception e): null

2019-12-06 00:42:04 - [TEST_STEP][PASSED] - Thread.sleep(1000): null

2019-12-06 00:42:05 - [TEST_STEP][PASSED] - try: null

2019-12-06 00:42:05 - [TEST_STEP][PASSED] - if (selenium.isElementPresent("//a[contains(text(),'No Thanks. I want to see ACA plans.')]")): null

2019-12-06 00:42:05 - [TEST_STEP][PASSED] - catch (Exception e): null

2019-12-06 00:42:05 - [TEST_STEP][PASSED] - Thread.sleep(1000): null

2019-12-06 00:42:06 - [TEST_STEP][PASSED] - try: null

2019-12-06 00:42:06 - [TEST_STEP][PASSED] - if (selenium.isElementPresent("//a[contains(text(),'No Thanks. I want to see ACA plans.')]")): null

2019-12-06 00:42:06 - [TEST_STEP][PASSED] - catch (Exception e): null

2019-12-06 00:42:06 - [TEST_STEP][PASSED] - Thread.sleep(1000): null

2019-12-06 00:42:07 - [TEST_STEP][PASSED] - try: null

2019-12-06 00:42:07 - [TEST_STEP][PASSED] - if (selenium.isElementPresent("//a[contains(text(),'No Thanks. I want to see ACA plans.')]")): null

2019-12-06 00:42:07 - [TEST_STEP][PASSED] - catch (Exception e): null

2019-12-06 00:42:07 - [TEST_STEP][PASSED] - Thread.sleep(1000): null

2019-12-06 00:42:08 - [TEST_STEP][PASSED] - try: null

2019-12-06 00:42:08 - [TEST_STEP][PASSED] - if (selenium.isElementPresent("//a[contains(text(),'No Thanks. I want to see ACA plans.')]")): null

2019-12-06 00:42:08 - [TEST_STEP][PASSED] - catch (Exception e): null

2019-12-06 00:42:08 - [TEST_STEP][PASSED] - Thread.sleep(1000): null

2019-12-06 00:42:09 - [TEST_STEP][PASSED] - try: null

2019-12-06 00:42:09 - [TEST_STEP][PASSED] - if (selenium.isElementPresent("//a[contains(text(),'No Thanks. I want to see ACA plans.')]")): null

2019-12-06 00:42:09 - [TEST_STEP][PASSED] - catch (Exception e): null

2019-12-06 00:42:09 - [TEST_STEP][PASSED] - Thread.sleep(1000): null

2019-12-06 00:42:10 - [TEST_STEP][PASSED] - try: null

2019-12-06 00:42:10 - [TEST_STEP][PASSED] - if (selenium.isElementPresent("//a[contains(text(),'No Thanks. I want to see ACA plans.')]")): null

2019-12-06 00:42:10 - [TEST_STEP][PASSED] - catch (Exception e): null

2019-12-06 00:42:10 - [TEST_STEP][PASSED] - Thread.sleep(1000): null

2019-12-06 00:42:11 - [TEST_STEP][PASSED] - try: null

2019-12-06 00:42:11 - [TEST_STEP][PASSED] - if (selenium.isElementPresent("//a[contains(text(),'No Thanks. I want to see ACA plans.')]")): null

2019-12-06 00:42:11 - [TEST_STEP][PASSED] - catch (Exception e): null

2019-12-06 00:42:11 - [TEST_STEP][PASSED] - Thread.sleep(1000): null

2019-12-06 00:42:12 - [TEST_STEP][PASSED] - try: null

2019-12-06 00:42:12 - [TEST_STEP][PASSED] - if (selenium.isElementPresent("//a[contains(text(),'No Thanks. I want to see ACA plans.')]")): null

2019-12-06 00:42:12 - [TEST_STEP][PASSED] - catch (Exception e): null

2019-12-06 00:42:12 - [TEST_STEP][PASSED] - Thread.sleep(1000): null

2019-12-06 00:42:13 - [TEST_STEP][PASSED] - try: null

2019-12-06 00:42:13 - [TEST_STEP][PASSED] - if (selenium.isElementPresent("//a[contains(text(),'No Thanks. I want to see ACA plans.')]")): null

2019-12-06 00:42:13 - [TEST_STEP][PASSED] - catch (Exception e): null

2019-12-06 00:42:13 - [TEST_STEP][PASSED] - Thread.sleep(1000): null

2019-12-06 00:42:14 - [TEST_STEP][PASSED] - try: null

2019-12-06 00:42:14 - [TEST_STEP][PASSED] - if (selenium.isElementPresent("//a[contains(text(),'No Thanks. I want to see ACA plans.')]")): null

2019-12-06 00:42:15 - [TEST_STEP][PASSED] - catch (Exception e): null

2019-12-06 00:42:15 - [TEST_STEP][PASSED] - Thread.sleep(1000): null

2019-12-06 00:42:16 - [TEST_STEP][PASSED] - try: null

2019-12-06 00:42:16 - [TEST_STEP][PASSED] - if (selenium.isElementPresent("//a[contains(text(),'No Thanks. I want to see ACA plans.')]")): null

2019-12-06 00:42:16 - [TEST_STEP][PASSED] - catch (Exception e): null

2019-12-06 00:42:16 - [TEST_STEP][PASSED] - Thread.sleep(1000): null

2019-12-06 00:42:17 - [TEST_STEP][PASSED] - try: null

2019-12-06 00:42:17 - [TEST_STEP][PASSED] - if (selenium.isElementPresent("//a[contains(text(),'No Thanks. I want to see ACA plans.')]")): null

2019-12-06 00:42:17 - [TEST_STEP][PASSED] - catch (Exception e): null

2019-12-06 00:42:17 - [TEST_STEP][PASSED] - Thread.sleep(1000): null

2019-12-06 00:42:18 - [TEST_STEP][PASSED] - try: null

2019-12-06 00:42:18 - [TEST_STEP][PASSED] - if (selenium.isElementPresent("//a[contains(text(),'No Thanks. I want to see ACA plans.')]")): null

2019-12-06 00:42:18 - [TEST_STEP][PASSED] - catch (Exception e): null

2019-12-06 00:42:18 - [TEST_STEP][PASSED] - Thread.sleep(1000): null

2019-12-06 00:42:19 - [TEST_STEP][PASSED] - try: null

2019-12-06 00:42:19 - [TEST_STEP][PASSED] - if (selenium.isElementPresent("//a[contains(text(),'No Thanks. I want to see ACA plans.')]")): null

2019-12-06 00:42:19 - [TEST_STEP][PASSED] - catch (Exception e): null

2019-12-06 00:42:19 - [TEST_STEP][PASSED] - Thread.sleep(1000): null

2019-12-06 00:42:20 - [TEST_STEP][PASSED] - try: null

2019-12-06 00:42:20 - [TEST_STEP][PASSED] - if (selenium.isElementPresent("//a[contains(text(),'No Thanks. I want to see ACA plans.')]")): null

2019-12-06 00:42:20 - [TEST_STEP][PASSED] - catch (Exception e): null

2019-12-06 00:42:20 - [TEST_STEP][PASSED] - Thread.sleep(1000): null

2019-12-06 00:42:21 - [TEST_STEP][PASSED] - try: null

2019-12-06 00:42:21 - [TEST_STEP][PASSED] - if (selenium.isElementPresent("//a[contains(text(),'No Thanks. I want to see ACA plans.')]")): null

2019-12-06 00:42:21 - [TEST_STEP][PASSED] - catch (Exception e): null

2019-12-06 00:42:21 - [TEST_STEP][PASSED] - Thread.sleep(1000): null

2019-12-06 00:42:22 - [TEST_STEP][PASSED] - try: null

2019-12-06 00:42:22 - [TEST_STEP][PASSED] - if (selenium.isElementPresent("//a[contains(text(),'No Thanks. I want to see ACA plans.')]")): null

2019-12-06 00:42:22 - [TEST_STEP][PASSED] - catch (Exception e): null

2019-12-06 00:42:22 - [TEST_STEP][PASSED] - Thread.sleep(1000): null

2019-12-06 00:42:23 - [TEST_STEP][PASSED] - for ([second = 0, second < 60, (second++)]): null

2019-12-06 00:42:23 - [TEST_STEP][PASSED] - try: null

2019-12-06 00:42:23 - [TEST_STEP][PASSED] - if (selenium.isElementPresent("id=location")): null

2019-12-06 00:42:23 - [TEST_STEP][PASSED] - callTestCase(findTestCase("mobileWeb/_include/get_screenshot"), [:], STOP_ON_FAILURE): Call Test Case 'Test Cases/mobileWeb/_include/get_screenshot' successfully

2019-12-06 00:42:23 - [TEST_CASE][PASSED] - Test Cases/mobileWeb/_include/get_screenshot: Test Cases/mobileWeb/_include/get_screenshot

2019-12-06 00:42:23 - [TEST_STEP][PASSED] - takeScreenshot(screenPath + i + ".png"): Taking screenshot successfully

2019-12-06 00:42:24 - [MESSAGE][PASSED] - Taking screenshot successfully
[[ATTACHMENT|D:\\Test\\AgileTest\\Reports\\HP\\HP\\20191206_004107\\../Screenshots/iPhone 6/HP/ACA/20191206_004112/0.png]]

2019-12-06 00:42:24 - [TEST_STEP][PASSED] - (internal.GlobalVariable.i++): null

2019-12-06 00:42:24 - [MESSAGE][PASSED] - Call Test Case 'Test Cases/mobileWeb/_include/get_screenshot' successfully

2019-12-06 00:42:24 - [TEST_STEP][PASSED] - selenium.type("id=location", "32209"): null

2019-12-06 00:42:24 - [TEST_STEP][PASSED] - callTestCase(findTestCase("mobileWeb/_include/get_screenshot"), [:], STOP_ON_FAILURE): Call Test Case 'Test Cases/mobileWeb/_include/get_screenshot' successfully

2019-12-06 00:42:24 - [TEST_CASE][PASSED] - Test Cases/mobileWeb/_include/get_screenshot: Test Cases/mobileWeb/_include/get_screenshot

2019-12-06 00:42:24 - [TEST_STEP][PASSED] - takeScreenshot(screenPath + i + ".png"): Taking screenshot successfully

2019-12-06 00:42:25 - [MESSAGE][PASSED] - Taking screenshot successfully
[[ATTACHMENT|D:\\Test\\AgileTest\\Reports\\HP\\HP\\20191206_004107\\../Screenshots/iPhone 6/HP/ACA/20191206_004112/1.png]]

2019-12-06 00:42:25 - [TEST_STEP][PASSED] - (internal.GlobalVariable.i++): null

2019-12-06 00:42:25 - [MESSAGE][PASSED] - Call Test Case 'Test Cases/mobileWeb/_include/get_screenshot' successfully

2019-12-06 00:42:25 - [TEST_STEP][PASSED] - selenium.click("id=findPlans"): null

2019-12-06 00:42:25 - [TEST_STEP][PASSED] - callTestCase(findTestCase("mobileWeb/_include/get_screenshot"), [:], STOP_ON_FAILURE): Call Test Case 'Test Cases/mobileWeb/_include/get_screenshot' successfully

2019-12-06 00:42:25 - [TEST_CASE][PASSED] - Test Cases/mobileWeb/_include/get_screenshot: Test Cases/mobileWeb/_include/get_screenshot

2019-12-06 00:42:25 - [TEST_STEP][PASSED] - takeScreenshot(screenPath + i + ".png"): Taking screenshot successfully

2019-12-06 00:42:26 - [MESSAGE][PASSED] - Taking screenshot successfully
[[ATTACHMENT|D:\\Test\\AgileTest\\Reports\\HP\\HP\\20191206_004107\\../Screenshots/iPhone 6/HP/ACA/20191206_004112/2.png]]

2019-12-06 00:42:26 - [TEST_STEP][PASSED] - (internal.GlobalVariable.i++): null

2019-12-06 00:42:26 - [MESSAGE][PASSED] - Call Test Case 'Test Cases/mobileWeb/_include/get_screenshot' successfully

2019-12-06 00:42:26 - [TEST_STEP][PASSED] - for ([second = 0, second < 60, (second++)]): null

2019-12-06 00:42:26 - [TEST_STEP][PASSED] - try: null

2019-12-06 00:42:26 - [TEST_STEP][PASSED] - if (selenium.isElementPresent("//a[contains(text(),'Select')]")): null

2019-12-06 00:42:26 - [TEST_STEP][PASSED] - callTestCase(findTestCase("mobileWeb/_include/get_screenshot"), [:], STOP_ON_FAILURE): Call Test Case 'Test Cases/mobileWeb/_include/get_screenshot' successfully

2019-12-06 00:42:26 - [TEST_CASE][PASSED] - Test Cases/mobileWeb/_include/get_screenshot: Test Cases/mobileWeb/_include/get_screenshot

2019-12-06 00:42:27 - [TEST_STEP][PASSED] - takeScreenshot(screenPath + i + ".png"): Taking screenshot successfully

2019-12-06 00:42:27 - [MESSAGE][PASSED] - Taking screenshot successfully
[[ATTACHMENT|D:\\Test\\AgileTest\\Reports\\HP\\HP\\20191206_004107\\../Screenshots/iPhone 6/HP/ACA/20191206_004112/3.png]]

2019-12-06 00:42:27 - [TEST_STEP][PASSED] - (internal.GlobalVariable.i++): null

2019-12-06 00:42:27 - [MESSAGE][PASSED] - Call Test Case 'Test Cases/mobileWeb/_include/get_screenshot' successfully

2019-12-06 00:42:27 - [TEST_STEP][PASSED] - selenium.click("//a[contains(text(),'Select')]"): null

2019-12-06 00:42:27 - [TEST_STEP][PASSED] - for ([second = 0, second < 60, (second++)]): null

2019-12-06 00:42:27 - [TEST_STEP][PASSED] - try: null

2019-12-06 00:42:27 - [TEST_STEP][PASSED] - if (selenium.isElementPresent("xpath=(//a[contains(text(),'Apply Now')])")): null

2019-12-06 00:42:27 - [TEST_STEP][PASSED] - Thread.sleep(1000): null

2019-12-06 00:42:28 - [TEST_STEP][PASSED] - try: null

2019-12-06 00:42:28 - [TEST_STEP][PASSED] - if (selenium.isElementPresent("xpath=(//a[contains(text(),'Apply Now')])")): null

2019-12-06 00:42:28 - [TEST_STEP][PASSED] - callTestCase(findTestCase("mobileWeb/_include/get_screenshot"), [:], STOP_ON_FAILURE): Call Test Case 'Test Cases/mobileWeb/_include/get_screenshot' successfully

2019-12-06 00:42:28 - [TEST_CASE][PASSED] - Test Cases/mobileWeb/_include/get_screenshot: Test Cases/mobileWeb/_include/get_screenshot

2019-12-06 00:42:28 - [TEST_STEP][PASSED] - takeScreenshot(screenPath + i + ".png"): Taking screenshot successfully

2019-12-06 00:42:29 - [MESSAGE][PASSED] - Taking screenshot successfully
[[ATTACHMENT|D:\\Test\\AgileTest\\Reports\\HP\\HP\\20191206_004107\\../Screenshots/iPhone 6/HP/ACA/20191206_004112/4.png]]

2019-12-06 00:42:29 - [TEST_STEP][PASSED] - (internal.GlobalVariable.i++): null

2019-12-06 00:42:29 - [MESSAGE][PASSED] - Call Test Case 'Test Cases/mobileWeb/_include/get_screenshot' successfully

2019-12-06 00:42:29 - [TEST_STEP][PASSED] - selenium.click("xpath=(//a[contains(text(),'Apply Now')])"): null

2019-12-06 00:42:30 - [TEST_STEP][PASSED] - for ([second = 0, second < 60, (second++)]): null

2019-12-06 00:42:30 - [TEST_STEP][PASSED] - try: null

2019-12-06 00:42:30 - [TEST_STEP][PASSED] - if (selenium.isElementPresent("//a[contains(text(),'Select')]")): null

2019-12-06 00:42:30 - [TEST_STEP][PASSED] - callTestCase(findTestCase("mobileWeb/_include/get_screenshot"), [:], STOP_ON_FAILURE): Call Test Case 'Test Cases/mobileWeb/_include/get_screenshot' successfully

2019-12-06 00:42:30 - [TEST_CASE][PASSED] - Test Cases/mobileWeb/_include/get_screenshot: Test Cases/mobileWeb/_include/get_screenshot

2019-12-06 00:42:30 - [TEST_STEP][PASSED] - takeScreenshot(screenPath + i + ".png"): Taking screenshot successfully

2019-12-06 00:42:30 - [MESSAGE][PASSED] - Taking screenshot successfully
[[ATTACHMENT|D:\\Test\\AgileTest\\Reports\\HP\\HP\\20191206_004107\\../Screenshots/iPhone 6/HP/ACA/20191206_004112/5.png]]

2019-12-06 00:42:30 - [TEST_STEP][PASSED] - (internal.GlobalVariable.i++): null

2019-12-06 00:42:30 - [MESSAGE][PASSED] - Call Test Case 'Test Cases/mobileWeb/_include/get_screenshot' successfully

2019-12-06 00:42:30 - [TEST_STEP][PASSED] - selenium.click("//a[contains(text(),'Select')]"): null

2019-12-06 00:42:30 - [TEST_STEP][PASSED] - callTestCase(findTestCase("mobileWeb/_include/get_screenshot"), [:], STOP_ON_FAILURE): Call Test Case 'Test Cases/mobileWeb/_include/get_screenshot' successfully

2019-12-06 00:42:30 - [TEST_CASE][PASSED] - Test Cases/mobileWeb/_include/get_screenshot: Test Cases/mobileWeb/_include/get_screenshot

2019-12-06 00:42:30 - [TEST_STEP][PASSED] - takeScreenshot(screenPath + i + ".png"): Taking screenshot successfully

2019-12-06 00:42:31 - [MESSAGE][PASSED] - Taking screenshot successfully
[[ATTACHMENT|D:\\Test\\AgileTest\\Reports\\HP\\HP\\20191206_004107\\../Screenshots/iPhone 6/HP/ACA/20191206_004112/6.png]]

2019-12-06 00:42:31 - [TEST_STEP][PASSED] - (internal.GlobalVariable.i++): null

2019-12-06 00:42:31 - [MESSAGE][PASSED] - Call Test Case 'Test Cases/mobileWeb/_include/get_screenshot' successfully]]></system-out>
         <system-err><![CDATA[]]></system-err>
      </testcase>
      <testcase name="Test Cases/HP/Home/Home" classname="Test Cases/HP/Home/Home" status="PASSED">
         <system-out><![CDATA[2019-12-06 00:42:31 - [TEST_CASE][PASSED] - Test Cases/HP/Home/Home: Test Cases/HP/Home/Home

2019-12-06 00:42:31 - [TEST_STEP][PASSED] - now = new java.util.Date(): null

2019-12-06 00:42:31 - [TEST_STEP][PASSED] - mydate = now.format("yyyyMMdd_HHmmss"): null

2019-12-06 00:42:31 - [TEST_STEP][PASSED] - callTestCase(findTestCase("mobileWeb/_include/get_screenPath"), ["productLine":"HP", "carrierName":"home"], CONTINUE_ON_FAILURE): Call Test Case 'Test Cases/mobileWeb/_include/get_screenPath' successfully

2019-12-06 00:42:31 - [TEST_CASE][PASSED] - Test Cases/mobileWeb/_include/get_screenPath: Test Cases/mobileWeb/_include/get_screenPath

2019-12-06 00:42:31 - [TEST_STEP][PASSED] - m = getExecutionProperties(): null

2019-12-06 00:42:31 - [TEST_STEP][PASSED] - deviceName = get("mobileEmulation").get("deviceName"): null

2019-12-06 00:42:31 - [TEST_STEP][PASSED] - println(deviceName): null

2019-12-06 00:42:31 - [TEST_STEP][PASSED] - now = new java.util.Date(): null

2019-12-06 00:42:31 - [TEST_STEP][PASSED] - mydate = now.format("yyyyMMdd_HHmmss"): null

2019-12-06 00:42:31 - [TEST_STEP][PASSED] - screenPath = "../Screenshots/": null

2019-12-06 00:42:31 - [TEST_STEP][PASSED] - screenPath = screenPath + deviceName + "/" + productLine + "/" + carrierName + "/" + mydate + "/": null

2019-12-06 00:42:31 - [TEST_STEP][PASSED] - println(screenPath): null

2019-12-06 00:42:31 - [MESSAGE][PASSED] - Call Test Case 'Test Cases/mobileWeb/_include/get_screenPath' successfully

2019-12-06 00:42:31 - [TEST_STEP][PASSED] - i = 0: null

2019-12-06 00:42:31 - [TEST_STEP][PASSED] - openBrowser("https://www.healthpocket.com/"): Browser is opened with url: 'https://www.healthpocket.com/'

2019-12-06 00:42:31 - [MESSAGE][WARNING] - A browser is already opened. Closing browser and opening a new one

2019-12-06 00:42:32 - [MESSAGE][INFO] - Starting 'Chrome' driver

2019-12-06 00:42:32 - [MESSAGE][INFO] - User set preference: ['mobileEmulation', '{deviceName=iPhone 6}']

2019-12-06 00:42:32 - [MESSAGE][INFO] - User set preference: ['args', '[--incognito, --aggressive-cache-discard, --window-size=375,677, --no-sandbox]']

2019-12-06 00:42:35 - [MESSAGE][PASSED] - Browser is opened with url: 'https://www.healthpocket.com/'

2019-12-06 00:42:35 - [TEST_STEP][PASSED] - navigateToUrl("https://www.healthpocket.com/"): Navigate to 'https://www.healthpocket.com/' successfully

2019-12-06 00:42:35 - [MESSAGE][PASSED] - Navigate to 'https://www.healthpocket.com/' successfully

2019-12-06 00:42:35 - [TEST_STEP][PASSED] - callTestCase(findTestCase("mobileWeb/_include/get_screenshot"), [:], STOP_ON_FAILURE): Call Test Case 'Test Cases/mobileWeb/_include/get_screenshot' successfully

2019-12-06 00:42:36 - [TEST_CASE][PASSED] - Test Cases/mobileWeb/_include/get_screenshot: Test Cases/mobileWeb/_include/get_screenshot

2019-12-06 00:42:36 - [TEST_STEP][PASSED] - takeScreenshot(screenPath + i + ".png"): Taking screenshot successfully

2019-12-06 00:42:36 - [MESSAGE][PASSED] - Taking screenshot successfully
[[ATTACHMENT|D:\\Test\\AgileTest\\Reports\\HP\\HP\\20191206_004107\\../Screenshots/iPhone 6/HP/home/20191206_004231/0.png]]

2019-12-06 00:42:36 - [TEST_STEP][PASSED] - (internal.GlobalVariable.i++): null

2019-12-06 00:42:36 - [MESSAGE][PASSED] - Call Test Case 'Test Cases/mobileWeb/_include/get_screenshot' successfully]]></system-out>
         <system-err><![CDATA[]]></system-err>
      </testcase>
      <testcase name="Test Cases/HP/Medicare/Medicare" classname="Test Cases/HP/Medicare/Medicare" status="PASSED">
         <system-out><![CDATA[2019-12-06 00:42:36 - [TEST_CASE][PASSED] - Test Cases/HP/Medicare/Medicare: Test Cases/HP/Medicare/Medicare

2019-12-06 00:42:36 - [TEST_STEP][PASSED] - now = new java.util.Date(): null

2019-12-06 00:42:36 - [TEST_STEP][PASSED] - mydate = now.format("yyyyMMdd_HHmmss"): null

2019-12-06 00:42:36 - [TEST_STEP][PASSED] - callTestCase(findTestCase("mobileWeb/_include/get_screenPath"), ["productLine":"HP", "carrierName":"Medicare"], CONTINUE_ON_FAILURE): Call Test Case 'Test Cases/mobileWeb/_include/get_screenPath' successfully

2019-12-06 00:42:37 - [TEST_CASE][PASSED] - Test Cases/mobileWeb/_include/get_screenPath: Test Cases/mobileWeb/_include/get_screenPath

2019-12-06 00:42:37 - [TEST_STEP][PASSED] - m = getExecutionProperties(): null

2019-12-06 00:42:37 - [TEST_STEP][PASSED] - deviceName = get("mobileEmulation").get("deviceName"): null

2019-12-06 00:42:37 - [TEST_STEP][PASSED] - println(deviceName): null

2019-12-06 00:42:37 - [TEST_STEP][PASSED] - now = new java.util.Date(): null

2019-12-06 00:42:37 - [TEST_STEP][PASSED] - mydate = now.format("yyyyMMdd_HHmmss"): null

2019-12-06 00:42:37 - [TEST_STEP][PASSED] - screenPath = "../Screenshots/": null

2019-12-06 00:42:37 - [TEST_STEP][PASSED] - screenPath = screenPath + deviceName + "/" + productLine + "/" + carrierName + "/" + mydate + "/": null

2019-12-06 00:42:37 - [TEST_STEP][PASSED] - println(screenPath): null

2019-12-06 00:42:37 - [MESSAGE][PASSED] - Call Test Case 'Test Cases/mobileWeb/_include/get_screenPath' successfully

2019-12-06 00:42:37 - [TEST_STEP][PASSED] - i = 0: null

2019-12-06 00:42:37 - [TEST_STEP][PASSED] - openBrowser("https://pengujian.healthpocket.com/medicare"): Browser is opened with url: 'https://pengujian.healthpocket.com/medicare'

2019-12-06 00:42:37 - [MESSAGE][WARNING] - A browser is already opened. Closing browser and opening a new one

2019-12-06 00:42:37 - [MESSAGE][INFO] - Starting 'Chrome' driver

2019-12-06 00:42:37 - [MESSAGE][INFO] - User set preference: ['mobileEmulation', '{deviceName=iPhone 6}']

2019-12-06 00:42:37 - [MESSAGE][INFO] - User set preference: ['args', '[--incognito, --aggressive-cache-discard, --window-size=375,677, --no-sandbox]']

2019-12-06 00:42:41 - [MESSAGE][PASSED] - Browser is opened with url: 'https://pengujian.healthpocket.com/medicare'

2019-12-06 00:42:41 - [TEST_STEP][PASSED] - driver = getWebDriver(): null

2019-12-06 00:42:41 - [TEST_STEP][PASSED] - baseUrl = "https://pengujian.healthpocket.com/medicare/": null

2019-12-06 00:42:41 - [TEST_STEP][PASSED] - selenium = new com.thoughtworks.selenium.webdriven.WebDriverBackedSelenium(driver, baseUrl): null

2019-12-06 00:42:41 - [TEST_STEP][PASSED] - callTestCase(findTestCase("mobileWeb/_include/get_screenshot"), [:], STOP_ON_FAILURE): Call Test Case 'Test Cases/mobileWeb/_include/get_screenshot' successfully

2019-12-06 00:42:41 - [TEST_CASE][PASSED] - Test Cases/mobileWeb/_include/get_screenshot: Test Cases/mobileWeb/_include/get_screenshot

2019-12-06 00:42:41 - [TEST_STEP][PASSED] - takeScreenshot(screenPath + i + ".png"): Taking screenshot successfully

2019-12-06 00:42:41 - [MESSAGE][PASSED] - Taking screenshot successfully
[[ATTACHMENT|D:\\Test\\AgileTest\\Reports\\HP\\HP\\20191206_004107\\../Screenshots/iPhone 6/HP/Medicare/20191206_004237/0.png]]

2019-12-06 00:42:41 - [TEST_STEP][PASSED] - (internal.GlobalVariable.i++): null

2019-12-06 00:42:41 - [MESSAGE][PASSED] - Call Test Case 'Test Cases/mobileWeb/_include/get_screenshot' successfully

2019-12-06 00:42:41 - [TEST_STEP][PASSED] - selenium.click("id=location"): null

2019-12-06 00:42:41 - [TEST_STEP][PASSED] - callTestCase(findTestCase("mobileWeb/_include/get_screenshot"), [:], STOP_ON_FAILURE): Call Test Case 'Test Cases/mobileWeb/_include/get_screenshot' successfully

2019-12-06 00:42:41 - [TEST_CASE][PASSED] - Test Cases/mobileWeb/_include/get_screenshot: Test Cases/mobileWeb/_include/get_screenshot

2019-12-06 00:42:41 - [TEST_STEP][PASSED] - takeScreenshot(screenPath + i + ".png"): Taking screenshot successfully

2019-12-06 00:42:42 - [MESSAGE][PASSED] - Taking screenshot successfully
[[ATTACHMENT|D:\\Test\\AgileTest\\Reports\\HP\\HP\\20191206_004107\\../Screenshots/iPhone 6/HP/Medicare/20191206_004237/1.png]]

2019-12-06 00:42:42 - [TEST_STEP][PASSED] - (internal.GlobalVariable.i++): null

2019-12-06 00:42:42 - [MESSAGE][PASSED] - Call Test Case 'Test Cases/mobileWeb/_include/get_screenshot' successfully

2019-12-06 00:42:42 - [TEST_STEP][PASSED] - selenium.type("id=location", "32209"): null

2019-12-06 00:42:42 - [TEST_STEP][PASSED] - callTestCase(findTestCase("mobileWeb/_include/get_screenshot"), [:], STOP_ON_FAILURE): Call Test Case 'Test Cases/mobileWeb/_include/get_screenshot' successfully

2019-12-06 00:42:42 - [TEST_CASE][PASSED] - Test Cases/mobileWeb/_include/get_screenshot: Test Cases/mobileWeb/_include/get_screenshot

2019-12-06 00:42:42 - [TEST_STEP][PASSED] - takeScreenshot(screenPath + i + ".png"): Taking screenshot successfully

2019-12-06 00:42:43 - [MESSAGE][PASSED] - Taking screenshot successfully
[[ATTACHMENT|D:\\Test\\AgileTest\\Reports\\HP\\HP\\20191206_004107\\../Screenshots/iPhone 6/HP/Medicare/20191206_004237/2.png]]

2019-12-06 00:42:43 - [TEST_STEP][PASSED] - (internal.GlobalVariable.i++): null

2019-12-06 00:42:43 - [MESSAGE][PASSED] - Call Test Case 'Test Cases/mobileWeb/_include/get_screenshot' successfully

2019-12-06 00:42:43 - [TEST_STEP][PASSED] - selenium.click("id=findPlans"): null

2019-12-06 00:42:43 - [TEST_STEP][PASSED] - for ([second = 0, second < 60, (second++)]): null

2019-12-06 00:42:43 - [TEST_STEP][PASSED] - try: null

2019-12-06 00:42:43 - [TEST_STEP][PASSED] - if (selenium.isElementPresent("//a[contains(text(),'Select')]")): null

2019-12-06 00:42:43 - [TEST_STEP][PASSED] - Thread.sleep(1000): null

2019-12-06 00:42:44 - [TEST_STEP][PASSED] - try: null

2019-12-06 00:42:44 - [TEST_STEP][PASSED] - if (selenium.isElementPresent("//a[contains(text(),'Select')]")): null

2019-12-06 00:42:44 - [TEST_STEP][PASSED] - callTestCase(findTestCase("mobileWeb/_include/get_screenshot"), [:], STOP_ON_FAILURE): Call Test Case 'Test Cases/mobileWeb/_include/get_screenshot' successfully

2019-12-06 00:42:44 - [TEST_CASE][PASSED] - Test Cases/mobileWeb/_include/get_screenshot: Test Cases/mobileWeb/_include/get_screenshot

2019-12-06 00:42:44 - [TEST_STEP][PASSED] - takeScreenshot(screenPath + i + ".png"): Taking screenshot successfully

2019-12-06 00:42:45 - [MESSAGE][PASSED] - Taking screenshot successfully
[[ATTACHMENT|D:\\Test\\AgileTest\\Reports\\HP\\HP\\20191206_004107\\../Screenshots/iPhone 6/HP/Medicare/20191206_004237/3.png]]

2019-12-06 00:42:45 - [TEST_STEP][PASSED] - (internal.GlobalVariable.i++): null

2019-12-06 00:42:45 - [MESSAGE][PASSED] - Call Test Case 'Test Cases/mobileWeb/_include/get_screenshot' successfully

2019-12-06 00:42:45 - [TEST_STEP][PASSED] - selenium.click("//a[contains(text(),'Select')]"): null

2019-12-06 00:42:45 - [TEST_STEP][PASSED] - for ([second = 0, second < 60, (second++)]): null

2019-12-06 00:42:45 - [TEST_STEP][PASSED] - try: null

2019-12-06 00:42:45 - [TEST_STEP][PASSED] - if (selenium.isElementPresent("//a/h2[contains(text(),'Benefits & Coverage')]")): null

2019-12-06 00:42:45 - [TEST_STEP][PASSED] - Thread.sleep(1000): null

2019-12-06 00:42:46 - [TEST_STEP][PASSED] - try: null

2019-12-06 00:42:46 - [TEST_STEP][PASSED] - if (selenium.isElementPresent("//a/h2[contains(text(),'Benefits & Coverage')]")): null

2019-12-06 00:42:46 - [TEST_STEP][PASSED] - Thread.sleep(1000): null

2019-12-06 00:42:47 - [TEST_STEP][PASSED] - try: null

2019-12-06 00:42:47 - [TEST_STEP][PASSED] - if (selenium.isElementPresent("//a/h2[contains(text(),'Benefits & Coverage')]")): null

2019-12-06 00:42:47 - [TEST_STEP][PASSED] - callTestCase(findTestCase("mobileWeb/_include/get_screenshot"), [:], STOP_ON_FAILURE): Call Test Case 'Test Cases/mobileWeb/_include/get_screenshot' successfully

2019-12-06 00:42:47 - [TEST_CASE][PASSED] - Test Cases/mobileWeb/_include/get_screenshot: Test Cases/mobileWeb/_include/get_screenshot

2019-12-06 00:42:47 - [TEST_STEP][PASSED] - takeScreenshot(screenPath + i + ".png"): Taking screenshot successfully

2019-12-06 00:42:47 - [MESSAGE][PASSED] - Taking screenshot successfully
[[ATTACHMENT|D:\\Test\\AgileTest\\Reports\\HP\\HP\\20191206_004107\\../Screenshots/iPhone 6/HP/Medicare/20191206_004237/4.png]]

2019-12-06 00:42:47 - [TEST_STEP][PASSED] - (internal.GlobalVariable.i++): null

2019-12-06 00:42:47 - [MESSAGE][PASSED] - Call Test Case 'Test Cases/mobileWeb/_include/get_screenshot' successfully]]></system-out>
         <system-err><![CDATA[]]></system-err>
      </testcase>
      <testcase name="Test Cases/HP/Short Term/STM" classname="Test Cases/HP/Short Term/STM" status="PASSED">
         <system-out><![CDATA[2019-12-06 00:42:47 - [TEST_CASE][PASSED] - Test Cases/HP/Short Term/STM: Test Cases/HP/Short Term/STM

2019-12-06 00:42:48 - [TEST_STEP][PASSED] - now = new java.util.Date(): null

2019-12-06 00:42:48 - [TEST_STEP][PASSED] - mydate = now.format("yyyyMMdd_HHmmss"): null

2019-12-06 00:42:48 - [TEST_STEP][PASSED] - callTestCase(findTestCase("mobileWeb/_include/get_screenPath"), ["productLine":"HP", "carrierName":"STM"], CONTINUE_ON_FAILURE): Call Test Case 'Test Cases/mobileWeb/_include/get_screenPath' successfully

2019-12-06 00:42:48 - [TEST_CASE][PASSED] - Test Cases/mobileWeb/_include/get_screenPath: Test Cases/mobileWeb/_include/get_screenPath

2019-12-06 00:42:48 - [TEST_STEP][PASSED] - m = getExecutionProperties(): null

2019-12-06 00:42:48 - [TEST_STEP][PASSED] - deviceName = get("mobileEmulation").get("deviceName"): null

2019-12-06 00:42:48 - [TEST_STEP][PASSED] - println(deviceName): null

2019-12-06 00:42:48 - [TEST_STEP][PASSED] - now = new java.util.Date(): null

2019-12-06 00:42:48 - [TEST_STEP][PASSED] - mydate = now.format("yyyyMMdd_HHmmss"): null

2019-12-06 00:42:48 - [TEST_STEP][PASSED] - screenPath = "../Screenshots/": null

2019-12-06 00:42:48 - [TEST_STEP][PASSED] - screenPath = screenPath + deviceName + "/" + productLine + "/" + carrierName + "/" + mydate + "/": null

2019-12-06 00:42:48 - [TEST_STEP][PASSED] - println(screenPath): null

2019-12-06 00:42:48 - [MESSAGE][PASSED] - Call Test Case 'Test Cases/mobileWeb/_include/get_screenPath' successfully

2019-12-06 00:42:48 - [TEST_STEP][PASSED] - i = 0: null

2019-12-06 00:42:48 - [TEST_STEP][PASSED] - openBrowser("https://pengujian.healthpocket.com/short-term-health-insurance"): Browser is opened with url: 'https://pengujian.healthpocket.com/short-term-health-insurance'

2019-12-06 00:42:48 - [MESSAGE][WARNING] - A browser is already opened. Closing browser and opening a new one

2019-12-06 00:42:49 - [MESSAGE][INFO] - Starting 'Chrome' driver

2019-12-06 00:42:49 - [MESSAGE][INFO] - User set preference: ['mobileEmulation', '{deviceName=iPhone 6}']

2019-12-06 00:42:49 - [MESSAGE][INFO] - User set preference: ['args', '[--incognito, --aggressive-cache-discard, --window-size=375,677, --no-sandbox]']

2019-12-06 00:42:51 - [MESSAGE][PASSED] - Browser is opened with url: 'https://pengujian.healthpocket.com/short-term-health-insurance'

2019-12-06 00:42:51 - [TEST_STEP][PASSED] - driver = getWebDriver(): null

2019-12-06 00:42:51 - [TEST_STEP][PASSED] - baseUrl = "https://pengujian.healthpocket.com/short-term-health-insurance/": null

2019-12-06 00:42:51 - [TEST_STEP][PASSED] - selenium = new com.thoughtworks.selenium.webdriven.WebDriverBackedSelenium(driver, baseUrl): null

2019-12-06 00:42:51 - [TEST_STEP][PASSED] - selenium.click("id=location"): null

2019-12-06 00:42:51 - [TEST_STEP][PASSED] - callTestCase(findTestCase("mobileWeb/_include/get_screenshot"), [:], STOP_ON_FAILURE): Call Test Case 'Test Cases/mobileWeb/_include/get_screenshot' successfully

2019-12-06 00:42:51 - [TEST_CASE][PASSED] - Test Cases/mobileWeb/_include/get_screenshot: Test Cases/mobileWeb/_include/get_screenshot

2019-12-06 00:42:51 - [TEST_STEP][PASSED] - takeScreenshot(screenPath + i + ".png"): Taking screenshot successfully

2019-12-06 00:42:52 - [MESSAGE][PASSED] - Taking screenshot successfully
[[ATTACHMENT|D:\\Test\\AgileTest\\Reports\\HP\\HP\\20191206_004107\\../Screenshots/iPhone 6/HP/STM/20191206_004248/0.png]]

2019-12-06 00:42:52 - [TEST_STEP][PASSED] - (internal.GlobalVariable.i++): null

2019-12-06 00:42:52 - [MESSAGE][PASSED] - Call Test Case 'Test Cases/mobileWeb/_include/get_screenshot' successfully

2019-12-06 00:42:52 - [TEST_STEP][PASSED] - selenium.type("id=location", "32209"): null

2019-12-06 00:42:52 - [TEST_STEP][PASSED] - callTestCase(findTestCase("mobileWeb/_include/get_screenshot"), [:], STOP_ON_FAILURE): Call Test Case 'Test Cases/mobileWeb/_include/get_screenshot' successfully

2019-12-06 00:42:52 - [TEST_CASE][PASSED] - Test Cases/mobileWeb/_include/get_screenshot: Test Cases/mobileWeb/_include/get_screenshot

2019-12-06 00:42:52 - [TEST_STEP][PASSED] - takeScreenshot(screenPath + i + ".png"): Taking screenshot successfully

2019-12-06 00:42:52 - [MESSAGE][PASSED] - Taking screenshot successfully
[[ATTACHMENT|D:\\Test\\AgileTest\\Reports\\HP\\HP\\20191206_004107\\../Screenshots/iPhone 6/HP/STM/20191206_004248/1.png]]

2019-12-06 00:42:52 - [TEST_STEP][PASSED] - (internal.GlobalVariable.i++): null

2019-12-06 00:42:52 - [MESSAGE][PASSED] - Call Test Case 'Test Cases/mobileWeb/_include/get_screenshot' successfully

2019-12-06 00:42:52 - [TEST_STEP][PASSED] - selenium.click("id=findPlans"): null

2019-12-06 00:42:52 - [TEST_STEP][PASSED] - callTestCase(findTestCase("mobileWeb/_include/get_screenshot"), [:], STOP_ON_FAILURE): Call Test Case 'Test Cases/mobileWeb/_include/get_screenshot' successfully

2019-12-06 00:42:52 - [TEST_CASE][PASSED] - Test Cases/mobileWeb/_include/get_screenshot: Test Cases/mobileWeb/_include/get_screenshot

2019-12-06 00:42:52 - [TEST_STEP][PASSED] - takeScreenshot(screenPath + i + ".png"): Taking screenshot successfully

2019-12-06 00:42:54 - [MESSAGE][PASSED] - Taking screenshot successfully
[[ATTACHMENT|D:\\Test\\AgileTest\\Reports\\HP\\HP\\20191206_004107\\../Screenshots/iPhone 6/HP/STM/20191206_004248/2.png]]

2019-12-06 00:42:54 - [TEST_STEP][PASSED] - (internal.GlobalVariable.i++): null

2019-12-06 00:42:54 - [MESSAGE][PASSED] - Call Test Case 'Test Cases/mobileWeb/_include/get_screenshot' successfully

2019-12-06 00:42:54 - [TEST_STEP][PASSED] - for ([second = 0, second < 60, (second++)]): null

2019-12-06 00:42:54 - [TEST_STEP][PASSED] - try: null

2019-12-06 00:42:54 - [TEST_STEP][PASSED] - if (selenium.isElementPresent("//a[contains(text(),'Select')]")): null

2019-12-06 00:42:54 - [TEST_STEP][PASSED] - callTestCase(findTestCase("mobileWeb/_include/get_screenshot"), [:], STOP_ON_FAILURE): Call Test Case 'Test Cases/mobileWeb/_include/get_screenshot' successfully

2019-12-06 00:42:54 - [TEST_CASE][PASSED] - Test Cases/mobileWeb/_include/get_screenshot: Test Cases/mobileWeb/_include/get_screenshot

2019-12-06 00:42:54 - [TEST_STEP][PASSED] - takeScreenshot(screenPath + i + ".png"): Taking screenshot successfully

2019-12-06 00:42:55 - [MESSAGE][PASSED] - Taking screenshot successfully
[[ATTACHMENT|D:\\Test\\AgileTest\\Reports\\HP\\HP\\20191206_004107\\../Screenshots/iPhone 6/HP/STM/20191206_004248/3.png]]

2019-12-06 00:42:55 - [TEST_STEP][PASSED] - (internal.GlobalVariable.i++): null

2019-12-06 00:42:55 - [MESSAGE][PASSED] - Call Test Case 'Test Cases/mobileWeb/_include/get_screenshot' successfully

2019-12-06 00:42:55 - [TEST_STEP][PASSED] - selenium.click("//a[contains(text(),'Select')]"): null

2019-12-06 00:42:55 - [TEST_STEP][PASSED] - for ([second = 0, second < 60, (second++)]): null

2019-12-06 00:42:55 - [TEST_STEP][PASSED] - try: null

2019-12-06 00:42:55 - [TEST_STEP][PASSED] - if (selenium.isElementPresent("xpath=(//a[contains(text(),'Apply Now')])")): null

2019-12-06 00:42:55 - [TEST_STEP][PASSED] - Thread.sleep(1000): null

2019-12-06 00:42:56 - [TEST_STEP][PASSED] - try: null

2019-12-06 00:42:56 - [TEST_STEP][PASSED] - if (selenium.isElementPresent("xpath=(//a[contains(text(),'Apply Now')])")): null

2019-12-06 00:42:56 - [TEST_STEP][PASSED] - callTestCase(findTestCase("mobileWeb/_include/get_screenshot"), [:], STOP_ON_FAILURE): Call Test Case 'Test Cases/mobileWeb/_include/get_screenshot' successfully

2019-12-06 00:42:56 - [TEST_CASE][PASSED] - Test Cases/mobileWeb/_include/get_screenshot: Test Cases/mobileWeb/_include/get_screenshot

2019-12-06 00:42:56 - [TEST_STEP][PASSED] - takeScreenshot(screenPath + i + ".png"): Taking screenshot successfully

2019-12-06 00:42:57 - [MESSAGE][PASSED] - Taking screenshot successfully
[[ATTACHMENT|D:\\Test\\AgileTest\\Reports\\HP\\HP\\20191206_004107\\../Screenshots/iPhone 6/HP/STM/20191206_004248/4.png]]

2019-12-06 00:42:57 - [TEST_STEP][PASSED] - (internal.GlobalVariable.i++): null

2019-12-06 00:42:57 - [MESSAGE][PASSED] - Call Test Case 'Test Cases/mobileWeb/_include/get_screenshot' successfully

2019-12-06 00:42:57 - [TEST_STEP][PASSED] - selenium.click("xpath=(//a[contains(text(),'Apply Now')])"): null

2019-12-06 00:42:58 - [TEST_STEP][PASSED] - for ([second = 0, second < 60, (second++)]): null

2019-12-06 00:42:58 - [TEST_STEP][PASSED] - try: null

2019-12-06 00:42:58 - [TEST_STEP][PASSED] - if (selenium.isElementPresent("xpath=(//a[contains(text(),'Short Term Health Insurance')])[3]")): null

2019-12-06 00:42:58 - [TEST_STEP][PASSED] - callTestCase(findTestCase("mobileWeb/_include/get_screenshot"), [:], STOP_ON_FAILURE): Call Test Case 'Test Cases/mobileWeb/_include/get_screenshot' successfully

2019-12-06 00:42:58 - [TEST_CASE][PASSED] - Test Cases/mobileWeb/_include/get_screenshot: Test Cases/mobileWeb/_include/get_screenshot

2019-12-06 00:42:58 - [TEST_STEP][PASSED] - takeScreenshot(screenPath + i + ".png"): Taking screenshot successfully

2019-12-06 00:42:59 - [MESSAGE][PASSED] - Taking screenshot successfully
[[ATTACHMENT|D:\\Test\\AgileTest\\Reports\\HP\\HP\\20191206_004107\\../Screenshots/iPhone 6/HP/STM/20191206_004248/5.png]]

2019-12-06 00:42:59 - [TEST_STEP][PASSED] - (internal.GlobalVariable.i++): null

2019-12-06 00:42:59 - [MESSAGE][PASSED] - Call Test Case 'Test Cases/mobileWeb/_include/get_screenshot' successfully]]></system-out>
         <system-err><![CDATA[]]></system-err>
      </testcase>
      <system-out><![CDATA[2019-12-06 00:41:11 - [TEST_SUITE][PASSED] - HP: Test Cases/HP/Short Term/STM]]></system-out>
      <system-err><![CDATA[]]></system-err>
   </testsuite>
</testsuites>
