<?xml version="1.0" encoding="UTF-8"?>
<testsuites name="life" time="55" tests="1" failures="0" errors="0">
   <testsuite name="life" tests="1" failures="0" errors="0" time="55" timestamp="2019-12-03 21:44:55" hostname="Administrator - 172.30.0.53" id="Test Suites/Life/life">
      <properties>
         <property name="deviceName" value=""/>
         <property name="devicePlatform" value=""/>
         <property name="logFolder" value="D:\\Test\\AgileTest\\Reports\\Life\\life\\20191203_214452"/>
         <property name="logFiles" value="D:\\Test\\AgileTest\\Reports\\Life\\life\\20191203_214452\\execution0.log"/>
         <property name="attachments" value="D:\\Test\\AgileTest\\Reports\\Life\\life\\20191203_214452\\../Screenshots/iPhone 6/Life/Freedom Elite/20191203_214457/0.png, D:\\Test\\AgileTest\\Reports\\Life\\life\\20191203_214452\\../Screenshots/iPhone 6/Life/Freedom Elite/20191203_214457/1.png, D:\\Test\\AgileTest\\Reports\\Life\\life\\20191203_214452\\../Screenshots/iPhone 6/Life/Freedom Elite/20191203_214457/2.png, D:\\Test\\AgileTest\\Reports\\Life\\life\\20191203_214452\\../Screenshots/iPhone 6/Life/Freedom Elite/20191203_214457/3.png, D:\\Test\\AgileTest\\Reports\\Life\\life\\20191203_214452\\../Screenshots/iPhone 6/Life/Freedom Elite/20191203_214457/4.png, D:\\Test\\AgileTest\\Reports\\Life\\life\\20191203_214452\\../Screenshots/iPhone 6/Life/Freedom Elite/20191203_214457/5.png, D:\\Test\\AgileTest\\Reports\\Life\\life\\20191203_214452\\../Screenshots/iPhone 6/Life/Freedom Elite/20191203_214457/6.png, D:\\Test\\AgileTest\\Reports\\Life\\life\\20191203_214452\\../Screenshots/iPhone 6/Life/Freedom Elite/20191203_214457/7.png, D:\\Test\\AgileTest\\Reports\\Life\\life\\20191203_214452\\../Screenshots/iPhone 6/Life/Freedom Elite/20191203_214457/8.png"/>
         <property name="hostName" value="Administrator - 172.30.0.53"/>
         <property name="os" value="Windows Server 2012 R2 64bit"/>
         <property name="katalonVersion" value="5.10.1.1"/>
         <property name="browser" value="Safari 11"/>
         <property name="hostAddress" value="172.30.0.53"/>
         <property name="sessionId" value="26a9d50832f954be763b9da9c2f60e5a"/>
         <property name="seleniumVersion" value="3.7.1"/>
         <property name="proxyInformation" value="ProxyInformation{proxyOption=NO_PROXY, proxyServerType=HTTP, password=, proxyServerAddress=, proxyServerPort=0}"/>
         <property name="platform" value="Windows Server 2012 R2"/>
      </properties>
      <testcase name="Test Cases/Life/Freedom Elite" classname="Test Cases/Life/Freedom Elite" status="PASSED">
         <system-out><![CDATA[2019-12-03 21:44:56 - [TEST_CASE][PASSED] - Test Cases/Life/Freedom Elite: Test Cases/Life/Freedom Elite

2019-12-03 21:44:56 - [TEST_STEP][PASSED] - callTestCase(findTestCase("mobileWeb/_include/get_screenPath"), ["productLine":"Life", "carrierName":"Freedom Elite"], CONTINUE_ON_FAILURE): Call Test Case 'Test Cases/mobileWeb/_include/get_screenPath' successfully

2019-12-03 21:44:56 - [TEST_CASE][PASSED] - Test Cases/mobileWeb/_include/get_screenPath: Test Cases/mobileWeb/_include/get_screenPath

2019-12-03 21:44:56 - [TEST_STEP][PASSED] - m = getExecutionProperties(): null

2019-12-03 21:44:56 - [TEST_STEP][PASSED] - deviceName = get("mobileEmulation").get("deviceName"): null

2019-12-03 21:44:56 - [TEST_STEP][PASSED] - println(deviceName): null

2019-12-03 21:44:57 - [TEST_STEP][PASSED] - now = new java.util.Date(): null

2019-12-03 21:44:57 - [TEST_STEP][PASSED] - mydate = now.format("yyyyMMdd_HHmmss"): null

2019-12-03 21:44:57 - [TEST_STEP][PASSED] - screenPath = "../Screenshots/": null

2019-12-03 21:44:57 - [TEST_STEP][PASSED] - screenPath = screenPath + deviceName + "/" + productLine + "/" + carrierName + "/" + mydate + "/": null

2019-12-03 21:44:57 - [TEST_STEP][PASSED] - println(screenPath): null

2019-12-03 21:44:57 - [MESSAGE][PASSED] - Call Test Case 'Test Cases/mobileWeb/_include/get_screenPath' successfully

2019-12-03 21:44:57 - [TEST_STEP][PASSED] - i = 0: null

2019-12-03 21:44:57 - [TEST_STEP][PASSED] - callTestCase(findTestCase("mobileWeb/_include/openWebSite"), ["env":"https://qa.agilelifeinsurance.com/"], STOP_ON_FAILURE): Call Test Case 'Test Cases/mobileWeb/_include/openWebSite' successfully

2019-12-03 21:44:57 - [TEST_CASE][PASSED] - Test Cases/mobileWeb/_include/openWebSite: Test Cases/mobileWeb/_include/openWebSite

2019-12-03 21:44:57 - [TEST_STEP][PASSED] - openBrowser(env): Browser is opened with url: 'https://qa.agilelifeinsurance.com/'

2019-12-03 21:44:57 - [MESSAGE][INFO] - Starting 'Chrome' driver

2019-12-03 21:44:57 - [MESSAGE][INFO] - User set preference: ['mobileEmulation', '{deviceName=iPhone 6}']

2019-12-03 21:44:57 - [MESSAGE][INFO] - User set preference: ['args', '[--incognito, --aggressive-cache-discard, --window-size=375,677, --no-sandbox]']

2019-12-03 21:44:57 - [MESSAGE][INFO] - Action delay is set to 0 seconds

2019-12-03 21:45:00 - [MESSAGE][PASSED] - Browser is opened with url: 'https://qa.agilelifeinsurance.com/'

2019-12-03 21:45:00 - [TEST_STEP][PASSED] - waitForPageLoad(20): Wait for page load successfully

2019-12-03 21:45:00 - [MESSAGE][PASSED] - Wait for page load successfully

2019-12-03 21:45:00 - [TEST_STEP][PASSED] - callTestCase(findTestCase("mobileWeb/_include/get_screenshot"), [:], STOP_ON_FAILURE): Call Test Case 'Test Cases/mobileWeb/_include/get_screenshot' successfully

2019-12-03 21:45:00 - [TEST_CASE][PASSED] - Test Cases/mobileWeb/_include/get_screenshot: Test Cases/mobileWeb/_include/get_screenshot

2019-12-03 21:45:00 - [TEST_STEP][PASSED] - takeScreenshot(screenPath + i + ".png"): Taking screenshot successfully

2019-12-03 21:45:01 - [MESSAGE][PASSED] - Taking screenshot successfully
[[ATTACHMENT|D:\\Test\\AgileTest\\Reports\\Life\\life\\20191203_214452\\../Screenshots/iPhone 6/Life/Freedom Elite/20191203_214457/0.png]]

2019-12-03 21:45:01 - [TEST_STEP][PASSED] - (internal.GlobalVariable.i++): null

2019-12-03 21:45:01 - [MESSAGE][PASSED] - Call Test Case 'Test Cases/mobileWeb/_include/get_screenshot' successfully

2019-12-03 21:45:01 - [MESSAGE][PASSED] - Call Test Case 'Test Cases/mobileWeb/_include/openWebSite' successfully

2019-12-03 21:45:01 - [TEST_STEP][PASSED] - click(findTestObject("Life/get_your_free_quote")): Object: 'Object Repository/Life/get_your_free_quote' is clicked on

2019-12-03 21:45:01 - [MESSAGE][PASSED] - Object: 'Object Repository/Life/get_your_free_quote' is clicked on

2019-12-03 21:45:01 - [TEST_STEP][PASSED] - Thread.sleep(2000): null

2019-12-03 21:45:03 - [TEST_STEP][PASSED] - callTestCase(findTestCase("mobileWeb/_include/get_screenshot"), [:], STOP_ON_FAILURE): Call Test Case 'Test Cases/mobileWeb/_include/get_screenshot' successfully

2019-12-03 21:45:03 - [TEST_CASE][PASSED] - Test Cases/mobileWeb/_include/get_screenshot: Test Cases/mobileWeb/_include/get_screenshot

2019-12-03 21:45:04 - [TEST_STEP][PASSED] - takeScreenshot(screenPath + i + ".png"): Taking screenshot successfully

2019-12-03 21:45:04 - [MESSAGE][PASSED] - Taking screenshot successfully
[[ATTACHMENT|D:\\Test\\AgileTest\\Reports\\Life\\life\\20191203_214452\\../Screenshots/iPhone 6/Life/Freedom Elite/20191203_214457/1.png]]

2019-12-03 21:45:04 - [TEST_STEP][PASSED] - (internal.GlobalVariable.i++): null

2019-12-03 21:45:04 - [MESSAGE][PASSED] - Call Test Case 'Test Cases/mobileWeb/_include/get_screenshot' successfully

2019-12-03 21:45:04 - [TEST_STEP][PASSED] - setText(findTestObject("Life/zip_input"), "35215"): Text '35215' is set on object 'Object Repository/Life/zip_input'

2019-12-03 21:45:04 - [MESSAGE][PASSED] - Text '35215' is set on object 'Object Repository/Life/zip_input'

2019-12-03 21:45:04 - [TEST_STEP][PASSED] - setText(findTestObject("Life/dob_0"), "01011988"): Text '01011988' is set on object 'Object Repository/Life/dob_0'

2019-12-03 21:45:04 - [MESSAGE][PASSED] - Text '01011988' is set on object 'Object Repository/Life/dob_0'

2019-12-03 21:45:04 - [TEST_STEP][PASSED] - click(findTestObject("Life/compare_plan")): Object: 'Object Repository/Life/compare_plan' is clicked on

2019-12-03 21:45:05 - [MESSAGE][PASSED] - Object: 'Object Repository/Life/compare_plan' is clicked on

2019-12-03 21:45:05 - [TEST_STEP][PASSED] - Thread.sleep(5000): null

2019-12-03 21:45:10 - [TEST_STEP][PASSED] - callTestCase(findTestCase("mobileWeb/_include/get_screenshot"), [:], STOP_ON_FAILURE): Call Test Case 'Test Cases/mobileWeb/_include/get_screenshot' successfully

2019-12-03 21:45:11 - [TEST_CASE][PASSED] - Test Cases/mobileWeb/_include/get_screenshot: Test Cases/mobileWeb/_include/get_screenshot

2019-12-03 21:45:11 - [TEST_STEP][PASSED] - takeScreenshot(screenPath + i + ".png"): Taking screenshot successfully

2019-12-03 21:45:11 - [MESSAGE][PASSED] - Taking screenshot successfully
[[ATTACHMENT|D:\\Test\\AgileTest\\Reports\\Life\\life\\20191203_214452\\../Screenshots/iPhone 6/Life/Freedom Elite/20191203_214457/2.png]]

2019-12-03 21:45:11 - [TEST_STEP][PASSED] - (internal.GlobalVariable.i++): null

2019-12-03 21:45:11 - [MESSAGE][PASSED] - Call Test Case 'Test Cases/mobileWeb/_include/get_screenshot' successfully

2019-12-03 21:45:11 - [TEST_STEP][PASSED] - click(findTestObject("Life/a_Elite_10K")): Object: 'Object Repository/Life/a_Elite_10K' is clicked on

2019-12-03 21:45:11 - [MESSAGE][PASSED] - Object: 'Object Repository/Life/a_Elite_10K' is clicked on

2019-12-03 21:45:11 - [TEST_STEP][PASSED] - Thread.sleep(2000): null

2019-12-03 21:45:13 - [TEST_STEP][PASSED] - callTestCase(findTestCase("mobileWeb/_include/get_screenshot"), [:], STOP_ON_FAILURE): Call Test Case 'Test Cases/mobileWeb/_include/get_screenshot' successfully

2019-12-03 21:45:14 - [TEST_CASE][PASSED] - Test Cases/mobileWeb/_include/get_screenshot: Test Cases/mobileWeb/_include/get_screenshot

2019-12-03 21:45:14 - [TEST_STEP][PASSED] - takeScreenshot(screenPath + i + ".png"): Taking screenshot successfully

2019-12-03 21:45:14 - [MESSAGE][PASSED] - Taking screenshot successfully
[[ATTACHMENT|D:\\Test\\AgileTest\\Reports\\Life\\life\\20191203_214452\\../Screenshots/iPhone 6/Life/Freedom Elite/20191203_214457/3.png]]

2019-12-03 21:45:14 - [TEST_STEP][PASSED] - (internal.GlobalVariable.i++): null

2019-12-03 21:45:14 - [MESSAGE][PASSED] - Call Test Case 'Test Cases/mobileWeb/_include/get_screenshot' successfully

2019-12-03 21:45:14 - [TEST_STEP][PASSED] - click(findTestObject("Life/apply_for_this_plan")): Object: 'Object Repository/Life/apply_for_this_plan' is clicked on

2019-12-03 21:45:15 - [MESSAGE][PASSED] - Object: 'Object Repository/Life/apply_for_this_plan' is clicked on

2019-12-03 21:45:15 - [TEST_STEP][PASSED] - Thread.sleep(2000): null

2019-12-03 21:45:17 - [TEST_STEP][PASSED] - callTestCase(findTestCase("mobileWeb/_include/get_screenshot"), [:], STOP_ON_FAILURE): Call Test Case 'Test Cases/mobileWeb/_include/get_screenshot' successfully

2019-12-03 21:45:17 - [TEST_CASE][PASSED] - Test Cases/mobileWeb/_include/get_screenshot: Test Cases/mobileWeb/_include/get_screenshot

2019-12-03 21:45:17 - [TEST_STEP][PASSED] - takeScreenshot(screenPath + i + ".png"): Taking screenshot successfully

2019-12-03 21:45:17 - [MESSAGE][PASSED] - Taking screenshot successfully
[[ATTACHMENT|D:\\Test\\AgileTest\\Reports\\Life\\life\\20191203_214452\\../Screenshots/iPhone 6/Life/Freedom Elite/20191203_214457/4.png]]

2019-12-03 21:45:17 - [TEST_STEP][PASSED] - (internal.GlobalVariable.i++): null

2019-12-03 21:45:17 - [MESSAGE][PASSED] - Call Test Case 'Test Cases/mobileWeb/_include/get_screenshot' successfully

2019-12-03 21:45:17 - [TEST_STEP][PASSED] - click(findTestObject("Life/applyButton")): Object: 'Object Repository/Life/applyButton' is clicked on

2019-12-03 21:45:18 - [MESSAGE][PASSED] - Object: 'Object Repository/Life/applyButton' is clicked on

2019-12-03 21:45:18 - [TEST_STEP][PASSED] - Thread.sleep(2000): null

2019-12-03 21:45:20 - [TEST_STEP][PASSED] - callTestCase(findTestCase("mobileWeb/_include/get_screenshot"), [:], STOP_ON_FAILURE): Call Test Case 'Test Cases/mobileWeb/_include/get_screenshot' successfully

2019-12-03 21:45:20 - [TEST_CASE][PASSED] - Test Cases/mobileWeb/_include/get_screenshot: Test Cases/mobileWeb/_include/get_screenshot

2019-12-03 21:45:20 - [TEST_STEP][PASSED] - takeScreenshot(screenPath + i + ".png"): Taking screenshot successfully

2019-12-03 21:45:20 - [MESSAGE][PASSED] - Taking screenshot successfully
[[ATTACHMENT|D:\\Test\\AgileTest\\Reports\\Life\\life\\20191203_214452\\../Screenshots/iPhone 6/Life/Freedom Elite/20191203_214457/5.png]]

2019-12-03 21:45:20 - [TEST_STEP][PASSED] - (internal.GlobalVariable.i++): null

2019-12-03 21:45:20 - [MESSAGE][PASSED] - Call Test Case 'Test Cases/mobileWeb/_include/get_screenshot' successfully

2019-12-03 21:45:20 - [TEST_STEP][PASSED] - click(findTestObject("Life/fillApp")): Object: 'Object Repository/Life/fillApp' is clicked on

2019-12-03 21:45:21 - [MESSAGE][PASSED] - Object: 'Object Repository/Life/fillApp' is clicked on

2019-12-03 21:45:21 - [TEST_STEP][PASSED] - Thread.sleep(2000): null

2019-12-03 21:45:23 - [TEST_STEP][PASSED] - click(findTestObject("Life/js-app-continue-link")): Object: 'Object Repository/Life/js-app-continue-link' is clicked on

2019-12-03 21:45:23 - [MESSAGE][PASSED] - Object: 'Object Repository/Life/js-app-continue-link' is clicked on

2019-12-03 21:45:23 - [TEST_STEP][PASSED] - Thread.sleep(2000): null

2019-12-03 21:45:25 - [TEST_STEP][PASSED] - callTestCase(findTestCase("mobileWeb/_include/get_screenshot"), [:], STOP_ON_FAILURE): Call Test Case 'Test Cases/mobileWeb/_include/get_screenshot' successfully

2019-12-03 21:45:25 - [TEST_CASE][PASSED] - Test Cases/mobileWeb/_include/get_screenshot: Test Cases/mobileWeb/_include/get_screenshot

2019-12-03 21:45:25 - [TEST_STEP][PASSED] - takeScreenshot(screenPath + i + ".png"): Taking screenshot successfully

2019-12-03 21:45:25 - [MESSAGE][PASSED] - Taking screenshot successfully
[[ATTACHMENT|D:\\Test\\AgileTest\\Reports\\Life\\life\\20191203_214452\\../Screenshots/iPhone 6/Life/Freedom Elite/20191203_214457/6.png]]

2019-12-03 21:45:25 - [TEST_STEP][PASSED] - (internal.GlobalVariable.i++): null

2019-12-03 21:45:25 - [MESSAGE][PASSED] - Call Test Case 'Test Cases/mobileWeb/_include/get_screenshot' successfully

2019-12-03 21:45:25 - [TEST_STEP][PASSED] - click(findTestObject("Life/credit-payment-authorization")): Object: 'Object Repository/Life/credit-payment-authorization' is clicked on

2019-12-03 21:45:25 - [MESSAGE][PASSED] - Object: 'Object Repository/Life/credit-payment-authorization' is clicked on

2019-12-03 21:45:25 - [TEST_STEP][PASSED] - click(findTestObject("Life/js-app-continue-link")): Object: 'Object Repository/Life/js-app-continue-link' is clicked on

2019-12-03 21:45:26 - [MESSAGE][PASSED] - Object: 'Object Repository/Life/js-app-continue-link' is clicked on

2019-12-03 21:45:26 - [TEST_STEP][PASSED] - Thread.sleep(2000): null

2019-12-03 21:45:28 - [TEST_STEP][PASSED] - callTestCase(findTestCase("mobileWeb/_include/get_screenshot"), [:], STOP_ON_FAILURE): Call Test Case 'Test Cases/mobileWeb/_include/get_screenshot' successfully

2019-12-03 21:45:28 - [TEST_CASE][PASSED] - Test Cases/mobileWeb/_include/get_screenshot: Test Cases/mobileWeb/_include/get_screenshot

2019-12-03 21:45:28 - [TEST_STEP][PASSED] - takeScreenshot(screenPath + i + ".png"): Taking screenshot successfully

2019-12-03 21:45:28 - [MESSAGE][PASSED] - Taking screenshot successfully
[[ATTACHMENT|D:\\Test\\AgileTest\\Reports\\Life\\life\\20191203_214452\\../Screenshots/iPhone 6/Life/Freedom Elite/20191203_214457/7.png]]

2019-12-03 21:45:28 - [TEST_STEP][PASSED] - (internal.GlobalVariable.i++): null

2019-12-03 21:45:28 - [MESSAGE][PASSED] - Call Test Case 'Test Cases/mobileWeb/_include/get_screenshot' successfully

2019-12-03 21:45:28 - [TEST_STEP][PASSED] - click(findTestObject("Life/consent-checkbox-0")): Object: 'Object Repository/Life/consent-checkbox-0' is clicked on

2019-12-03 21:45:28 - [MESSAGE][PASSED] - Object: 'Object Repository/Life/consent-checkbox-0' is clicked on

2019-12-03 21:45:28 - [TEST_STEP][PASSED] - click(findTestObject("Life/js-signature-autoFill")): Object: 'Object Repository/Life/js-signature-autoFill' is clicked on

2019-12-03 21:45:29 - [MESSAGE][PASSED] - Object: 'Object Repository/Life/js-signature-autoFill' is clicked on

2019-12-03 21:45:29 - [TEST_STEP][PASSED] - click(findTestObject("Life/js-app-continue-link")): Object: 'Object Repository/Life/js-app-continue-link' is clicked on

2019-12-03 21:45:29 - [MESSAGE][PASSED] - Object: 'Object Repository/Life/js-app-continue-link' is clicked on

2019-12-03 21:45:29 - [TEST_STEP][PASSED] - Thread.sleep(20000): null

2019-12-03 21:45:49 - [TEST_STEP][PASSED] - callTestCase(findTestCase("mobileWeb/_include/get_screenshot"), [:], STOP_ON_FAILURE): Call Test Case 'Test Cases/mobileWeb/_include/get_screenshot' successfully

2019-12-03 21:45:49 - [TEST_CASE][PASSED] - Test Cases/mobileWeb/_include/get_screenshot: Test Cases/mobileWeb/_include/get_screenshot

2019-12-03 21:45:49 - [TEST_STEP][PASSED] - takeScreenshot(screenPath + i + ".png"): Taking screenshot successfully

2019-12-03 21:45:49 - [MESSAGE][PASSED] - Taking screenshot successfully
[[ATTACHMENT|D:\\Test\\AgileTest\\Reports\\Life\\life\\20191203_214452\\../Screenshots/iPhone 6/Life/Freedom Elite/20191203_214457/8.png]]

2019-12-03 21:45:49 - [TEST_STEP][PASSED] - (internal.GlobalVariable.i++): null

2019-12-03 21:45:49 - [MESSAGE][PASSED] - Call Test Case 'Test Cases/mobileWeb/_include/get_screenshot' successfully]]></system-out>
         <system-err><![CDATA[]]></system-err>
      </testcase>
      <system-out><![CDATA[2019-12-03 21:44:55 - [TEST_SUITE][PASSED] - life: Test Cases/Life/Freedom Elite]]></system-out>
      <system-err><![CDATA[]]></system-err>
   </testsuite>
</testsuites>
