<?xml version="1.0" encoding="UTF-8"?>
<testsuites name="hbi" time="669" tests="8" failures="0" errors="0">
   <testsuite name="hbi" tests="8" failures="0" errors="0" time="669" timestamp="2019-09-10 03:53:31" hostname="Administrator - 172.30.0.53" id="Test Suites/mobileWeb/hbi">
      <properties>
         <property name="deviceName" value=""/>
         <property name="devicePlatform" value=""/>
         <property name="logFolder" value="D:\\Test\\AgileTest\\Reports\\mobileWeb\\hbi\\20190910_035329"/>
         <property name="logFiles" value="D:\\Test\\AgileTest\\Reports\\mobileWeb\\hbi\\20190910_035329\\execution0.log"/>
         <property name="attachments" value="D:\\Test\\AgileTest\\Reports\\mobileWeb\\hbi\\20190910_035329\\../Screenshots/iPhone X/hbi/Agile One/standard/0.png, D:\\Test\\AgileTest\\Reports\\mobileWeb\\hbi\\20190910_035329\\../Screenshots/iPhone X/hbi/Agile One/standard/1.png, D:\\Test\\AgileTest\\Reports\\mobileWeb\\hbi\\20190910_035329\\../Screenshots/iPhone X/hbi/Agile One/standard/2.png, D:\\Test\\AgileTest\\Reports\\mobileWeb\\hbi\\20190910_035329\\../Screenshots/iPhone X/hbi/Agile One/standard/3.png, D:\\Test\\AgileTest\\Reports\\mobileWeb\\hbi\\20190910_035329\\../Screenshots/iPhone X/hbi/Agile One/standard/4.png, D:\\Test\\AgileTest\\Reports\\mobileWeb\\hbi\\20190910_035329\\../Screenshots/iPhone X/hbi/Agile One/standard/5.png, D:\\Test\\AgileTest\\Reports\\mobileWeb\\hbi\\20190910_035329\\../Screenshots/iPhone X/hbi/Agile One/standard/6.png, D:\\Test\\AgileTest\\Reports\\mobileWeb\\hbi\\20190910_035329\\../Screenshots/iPhone X/hbi/Agile One/standard/7.png, D:\\Test\\AgileTest\\Reports\\mobileWeb\\hbi\\20190910_035329\\../Screenshots/iPhone X/hbi/Agile One/standard/8.png, D:\\Test\\AgileTest\\Reports\\mobileWeb\\hbi\\20190910_035329\\../Screenshots/iPhone X/hbi/Agile One/standard/9.png, D:\\Test\\AgileTest\\Reports\\mobileWeb\\hbi\\20190910_035329\\../Screenshots/iPhone X/hbi/Legion Limited Medical/standard/0.png, D:\\Test\\AgileTest\\Reports\\mobileWeb\\hbi\\20190910_035329\\../Screenshots/iPhone X/hbi/Legion Limited Medical/standard/1.png, D:\\Test\\AgileTest\\Reports\\mobileWeb\\hbi\\20190910_035329\\../Screenshots/iPhone X/hbi/Legion Limited Medical/standard/2.png, D:\\Test\\AgileTest\\Reports\\mobileWeb\\hbi\\20190910_035329\\../Screenshots/iPhone X/hbi/Legion Limited Medical/standard/3.png, D:\\Test\\AgileTest\\Reports\\mobileWeb\\hbi\\20190910_035329\\../Screenshots/iPhone X/hbi/Legion Limited Medical/standard/4.png, D:\\Test\\AgileTest\\Reports\\mobileWeb\\hbi\\20190910_035329\\../Screenshots/iPhone X/hbi/Legion Limited Medical/standard/5.png, D:\\Test\\AgileTest\\Reports\\mobileWeb\\hbi\\20190910_035329\\../Screenshots/iPhone X/hbi/Legion Limited Medical/standard/6.png, D:\\Test\\AgileTest\\Reports\\mobileWeb\\hbi\\20190910_035329\\../Screenshots/iPhone X/hbi/Legion Limited Medical/standard/7.png, D:\\Test\\AgileTest\\Reports\\mobileWeb\\hbi\\20190910_035329\\../Screenshots/iPhone X/hbi/Legion Limited Medical/standard/8.png, D:\\Test\\AgileTest\\Reports\\mobileWeb\\hbi\\20190910_035329\\../Screenshots/iPhone X/hbi/Legion Limited Medical/standard/9.png, D:\\Test\\AgileTest\\Reports\\mobileWeb\\hbi\\20190910_035329\\../Screenshots/iPhone X/hbi/Cardinal Choice/standard/0.png, D:\\Test\\AgileTest\\Reports\\mobileWeb\\hbi\\20190910_035329\\../Screenshots/iPhone X/hbi/Cardinal Choice/standard/1.png, D:\\Test\\AgileTest\\Reports\\mobileWeb\\hbi\\20190910_035329\\../Screenshots/iPhone X/hbi/Cardinal Choice/standard/2.png, D:\\Test\\AgileTest\\Reports\\mobileWeb\\hbi\\20190910_035329\\../Screenshots/iPhone X/hbi/Cardinal Choice/standard/3.png, D:\\Test\\AgileTest\\Reports\\mobileWeb\\hbi\\20190910_035329\\../Screenshots/iPhone X/hbi/Cardinal Choice/standard/4.png, D:\\Test\\AgileTest\\Reports\\mobileWeb\\hbi\\20190910_035329\\../Screenshots/iPhone X/hbi/Cardinal Choice/standard/5.png, D:\\Test\\AgileTest\\Reports\\mobileWeb\\hbi\\20190910_035329\\../Screenshots/iPhone X/hbi/Cardinal Choice/standard/6.png, D:\\Test\\AgileTest\\Reports\\mobileWeb\\hbi\\20190910_035329\\../Screenshots/iPhone X/hbi/Cardinal Choice/standard/7.png, D:\\Test\\AgileTest\\Reports\\mobileWeb\\hbi\\20190910_035329\\../Screenshots/iPhone X/hbi/Cardinal Choice/standard/8.png, D:\\Test\\AgileTest\\Reports\\mobileWeb\\hbi\\20190910_035329\\../Screenshots/iPhone X/hbi/Cardinal Choice/standard/9.png, D:\\Test\\AgileTest\\Reports\\mobileWeb\\hbi\\20190910_035329\\../Screenshots/iPhone X/hbi/Core Shield/standard/0.png, D:\\Test\\AgileTest\\Reports\\mobileWeb\\hbi\\20190910_035329\\../Screenshots/iPhone X/hbi/Core Shield/standard/1.png, D:\\Test\\AgileTest\\Reports\\mobileWeb\\hbi\\20190910_035329\\../Screenshots/iPhone X/hbi/Core Shield/standard/2.png, D:\\Test\\AgileTest\\Reports\\mobileWeb\\hbi\\20190910_035329\\../Screenshots/iPhone X/hbi/Core Shield/standard/3.png, D:\\Test\\AgileTest\\Reports\\mobileWeb\\hbi\\20190910_035329\\../Screenshots/iPhone X/hbi/Core Shield/standard/4.png, D:\\Test\\AgileTest\\Reports\\mobileWeb\\hbi\\20190910_035329\\../Screenshots/iPhone X/hbi/Core Shield/standard/5.png, D:\\Test\\AgileTest\\Reports\\mobileWeb\\hbi\\20190910_035329\\../Screenshots/iPhone X/hbi/Core Shield/standard/6.png, D:\\Test\\AgileTest\\Reports\\mobileWeb\\hbi\\20190910_035329\\../Screenshots/iPhone X/hbi/Core Shield/standard/7.png, D:\\Test\\AgileTest\\Reports\\mobileWeb\\hbi\\20190910_035329\\../Screenshots/iPhone X/hbi/Core Shield/standard/8.png, D:\\Test\\AgileTest\\Reports\\mobileWeb\\hbi\\20190910_035329\\../Screenshots/iPhone X/hbi/Core Shield/standard/9.png, D:\\Test\\AgileTest\\Reports\\mobileWeb\\hbi\\20190910_035329\\../Screenshots/iPhone X/hbi/Agile Secure/standard/0.png, D:\\Test\\AgileTest\\Reports\\mobileWeb\\hbi\\20190910_035329\\../Screenshots/iPhone X/hbi/Agile Secure/standard/1.png, D:\\Test\\AgileTest\\Reports\\mobileWeb\\hbi\\20190910_035329\\../Screenshots/iPhone X/hbi/Agile Secure/standard/2.png, D:\\Test\\AgileTest\\Reports\\mobileWeb\\hbi\\20190910_035329\\../Screenshots/iPhone X/hbi/Agile Secure/standard/3.png, D:\\Test\\AgileTest\\Reports\\mobileWeb\\hbi\\20190910_035329\\../Screenshots/iPhone X/hbi/Agile Secure/standard/4.png, D:\\Test\\AgileTest\\Reports\\mobileWeb\\hbi\\20190910_035329\\../Screenshots/iPhone X/hbi/Agile Secure/standard/5.png, D:\\Test\\AgileTest\\Reports\\mobileWeb\\hbi\\20190910_035329\\../Screenshots/iPhone X/hbi/Agile Secure/standard/6.png, D:\\Test\\AgileTest\\Reports\\mobileWeb\\hbi\\20190910_035329\\../Screenshots/iPhone X/hbi/Agile Secure/standard/7.png, D:\\Test\\AgileTest\\Reports\\mobileWeb\\hbi\\20190910_035329\\../Screenshots/iPhone X/hbi/Agile Secure/standard/8.png, D:\\Test\\AgileTest\\Reports\\mobileWeb\\hbi\\20190910_035329\\../Screenshots/iPhone X/hbi/Fixed Cash Benefit/standard/0.png, D:\\Test\\AgileTest\\Reports\\mobileWeb\\hbi\\20190910_035329\\../Screenshots/iPhone X/hbi/Fixed Cash Benefit/standard/1.png, D:\\Test\\AgileTest\\Reports\\mobileWeb\\hbi\\20190910_035329\\../Screenshots/iPhone X/hbi/Fixed Cash Benefit/standard/2.png, D:\\Test\\AgileTest\\Reports\\mobileWeb\\hbi\\20190910_035329\\../Screenshots/iPhone X/hbi/Fixed Cash Benefit/standard/3.png, D:\\Test\\AgileTest\\Reports\\mobileWeb\\hbi\\20190910_035329\\../Screenshots/iPhone X/hbi/Fixed Cash Benefit/standard/4.png, D:\\Test\\AgileTest\\Reports\\mobileWeb\\hbi\\20190910_035329\\../Screenshots/iPhone X/hbi/Fixed Cash Benefit/standard/5.png, D:\\Test\\AgileTest\\Reports\\mobileWeb\\hbi\\20190910_035329\\../Screenshots/iPhone X/hbi/Fixed Cash Benefit/standard/6.png, D:\\Test\\AgileTest\\Reports\\mobileWeb\\hbi\\20190910_035329\\../Screenshots/iPhone X/hbi/Fixed Cash Benefit/standard/7.png, D:\\Test\\AgileTest\\Reports\\mobileWeb\\hbi\\20190910_035329\\../Screenshots/iPhone X/hbi/Fixed Cash Benefit/standard/8.png, D:\\Test\\AgileTest\\Reports\\mobileWeb\\hbi\\20190910_035329\\../Screenshots/iPhone X/hbi/Fixed Cash Benefit/standard/9.png, D:\\Test\\AgileTest\\Reports\\mobileWeb\\hbi\\20190910_035329\\../Screenshots/iPhone X/hbi/Health Choice/standard/0.png, D:\\Test\\AgileTest\\Reports\\mobileWeb\\hbi\\20190910_035329\\../Screenshots/iPhone X/hbi/Health Choice/standard/1.png, D:\\Test\\AgileTest\\Reports\\mobileWeb\\hbi\\20190910_035329\\../Screenshots/iPhone X/hbi/Health Choice/standard/2.png, D:\\Test\\AgileTest\\Reports\\mobileWeb\\hbi\\20190910_035329\\../Screenshots/iPhone X/hbi/Health Choice/standard/3.png, D:\\Test\\AgileTest\\Reports\\mobileWeb\\hbi\\20190910_035329\\../Screenshots/iPhone X/hbi/Health Choice/standard/4.png, D:\\Test\\AgileTest\\Reports\\mobileWeb\\hbi\\20190910_035329\\../Screenshots/iPhone X/hbi/Health Choice/standard/5.png, D:\\Test\\AgileTest\\Reports\\mobileWeb\\hbi\\20190910_035329\\../Screenshots/iPhone X/hbi/Health Choice/standard/6.png, D:\\Test\\AgileTest\\Reports\\mobileWeb\\hbi\\20190910_035329\\../Screenshots/iPhone X/hbi/Health Choice/standard/7.png, D:\\Test\\AgileTest\\Reports\\mobileWeb\\hbi\\20190910_035329\\../Screenshots/iPhone X/hbi/Health Choice/standard/8.png, D:\\Test\\AgileTest\\Reports\\mobileWeb\\hbi\\20190910_035329\\../Screenshots/iPhone X/hbi/Health Choice/standard/9.png, D:\\Test\\AgileTest\\Reports\\mobileWeb\\hbi\\20190910_035329\\../Screenshots/iPhone X/hbi/Vitala Care/standard/0.png, D:\\Test\\AgileTest\\Reports\\mobileWeb\\hbi\\20190910_035329\\../Screenshots/iPhone X/hbi/Vitala Care/standard/1.png, D:\\Test\\AgileTest\\Reports\\mobileWeb\\hbi\\20190910_035329\\../Screenshots/iPhone X/hbi/Vitala Care/standard/2.png, D:\\Test\\AgileTest\\Reports\\mobileWeb\\hbi\\20190910_035329\\../Screenshots/iPhone X/hbi/Vitala Care/standard/3.png, D:\\Test\\AgileTest\\Reports\\mobileWeb\\hbi\\20190910_035329\\../Screenshots/iPhone X/hbi/Vitala Care/standard/4.png, D:\\Test\\AgileTest\\Reports\\mobileWeb\\hbi\\20190910_035329\\../Screenshots/iPhone X/hbi/Vitala Care/standard/5.png, D:\\Test\\AgileTest\\Reports\\mobileWeb\\hbi\\20190910_035329\\../Screenshots/iPhone X/hbi/Vitala Care/standard/6.png, D:\\Test\\AgileTest\\Reports\\mobileWeb\\hbi\\20190910_035329\\../Screenshots/iPhone X/hbi/Vitala Care/standard/7.png, D:\\Test\\AgileTest\\Reports\\mobileWeb\\hbi\\20190910_035329\\../Screenshots/iPhone X/hbi/Vitala Care/standard/8.png, D:\\Test\\AgileTest\\Reports\\mobileWeb\\hbi\\20190910_035329\\../Screenshots/iPhone X/hbi/Vitala Care/standard/9.png, D:\\Test\\AgileTest\\Reports\\mobileWeb\\hbi\\20190910_035329\\../Screenshots/iPhone X/hbi/Vitala Care/standard/10.png"/>
         <property name="hostName" value="Administrator - 172.30.0.53"/>
         <property name="os" value="Windows Server 2012 R2 64bit"/>
         <property name="katalonVersion" value="5.10.1.1"/>
         <property name="browser" value="Safari 11"/>
         <property name="hostAddress" value="172.30.0.53"/>
         <property name="sessionId" value="c2671b803a0a972d98e2a75464f23f14"/>
         <property name="seleniumVersion" value="3.7.1"/>
         <property name="proxyInformation" value="ProxyInformation{proxyOption=NO_PROXY, proxyServerType=HTTP, password=, proxyServerAddress=, proxyServerPort=0}"/>
         <property name="platform" value="Windows Server 2012 R2"/>
      </properties>
      <testcase name="Test Cases/mobileWeb/HBI/Agile One" classname="Test Cases/mobileWeb/HBI/Agile One" status="PASSED">
         <system-out><![CDATA[2019-09-10 03:53:31 - [TEST_CASE][PASSED] - Test Cases/mobileWeb/HBI/Agile One: Test Cases/mobileWeb/HBI/Agile One

2019-09-10 03:53:32 - [TEST_STEP][PASSED] - callTestCase(findTestCase("mobileWeb/_include/get_screenPath"), ["productLine":"hbi", "carrierName":"Agile One"], CONTINUE_ON_FAILURE): Call Test Case 'Test Cases/mobileWeb/_include/get_screenPath' successfully

2019-09-10 03:53:32 - [TEST_CASE][PASSED] - Test Cases/mobileWeb/_include/get_screenPath: Test Cases/mobileWeb/_include/get_screenPath

2019-09-10 03:53:32 - [TEST_STEP][PASSED] - m = getExecutionProperties(): null

2019-09-10 03:53:32 - [TEST_STEP][PASSED] - deviceName = get("mobileEmulation").get("deviceName"): null

2019-09-10 03:53:32 - [TEST_STEP][PASSED] - println(deviceName): null

2019-09-10 03:53:32 - [TEST_STEP][PASSED] - now = new java.util.Date(): null

2019-09-10 03:53:32 - [TEST_STEP][PASSED] - mydate = now.format("yyyyMMdd_HHmmss"): null

2019-09-10 03:53:32 - [TEST_STEP][PASSED] - screenPath = "../Screenshots/": null

2019-09-10 03:53:32 - [TEST_STEP][PASSED] - screenPath = screenPath + deviceName + "/" + productLine + "/" + carrierName + "/" + "standard" + "/": null

2019-09-10 03:53:32 - [TEST_STEP][PASSED] - println(screenPath): null

2019-09-10 03:53:32 - [MESSAGE][PASSED] - Call Test Case 'Test Cases/mobileWeb/_include/get_screenPath' successfully

2019-09-10 03:53:32 - [TEST_STEP][PASSED] - i = 0: null

2019-09-10 03:53:32 - [TEST_STEP][PASSED] - callTestCase(findTestCase("mobileWeb/_include/openWebSite"), [:], CONTINUE_ON_FAILURE): Call Test Case 'Test Cases/mobileWeb/_include/openWebSite' successfully

2019-09-10 03:53:32 - [TEST_CASE][PASSED] - Test Cases/mobileWeb/_include/openWebSite: Test Cases/mobileWeb/_include/openWebSite

2019-09-10 03:53:33 - [TEST_STEP][PASSED] - openBrowser(env): Browser is opened with url: 'https://praetemptatus.agilehealthinsurance.com'

2019-09-10 03:53:33 - [MESSAGE][INFO] - Starting 'Chrome' driver

2019-09-10 03:53:33 - [MESSAGE][INFO] - User set preference: ['mobileEmulation', '{deviceName=iPhone X}']

2019-09-10 03:53:33 - [MESSAGE][INFO] - User set preference: ['args', '[--incognito, --aggressive-cache-discard, --no-sandbox, --window-size=375,812]']

2019-09-10 03:53:33 - [MESSAGE][INFO] - Action delay is set to 0 seconds

2019-09-10 03:53:37 - [MESSAGE][PASSED] - Browser is opened with url: 'https://praetemptatus.agilehealthinsurance.com'

2019-09-10 03:53:37 - [TEST_STEP][PASSED] - waitForPageLoad(20): Wait for page load successfully

2019-09-10 03:53:37 - [MESSAGE][PASSED] - Wait for page load successfully

2019-09-10 03:53:37 - [TEST_STEP][PASSED] - Thread.sleep(2000): null

2019-09-10 03:53:39 - [TEST_STEP][PASSED] - callTestCase(findTestCase("mobileWeb/_include/get_screenshot"), [:], STOP_ON_FAILURE): Call Test Case 'Test Cases/mobileWeb/_include/get_screenshot' successfully

2019-09-10 03:53:39 - [TEST_CASE][PASSED] - Test Cases/mobileWeb/_include/get_screenshot: Test Cases/mobileWeb/_include/get_screenshot

2019-09-10 03:53:39 - [TEST_STEP][PASSED] - takeScreenshot(screenPath + i + ".png"): Taking screenshot successfully

2019-09-10 03:53:41 - [MESSAGE][PASSED] - Taking screenshot successfully
[[ATTACHMENT|D:\\Test\\AgileTest\\Reports\\mobileWeb\\hbi\\20190910_035329\\../Screenshots/iPhone X/hbi/Agile One/standard/0.png]]

2019-09-10 03:53:41 - [TEST_STEP][PASSED] - (internal.GlobalVariable.i++): null

2019-09-10 03:53:41 - [MESSAGE][PASSED] - Call Test Case 'Test Cases/mobileWeb/_include/get_screenshot' successfully

2019-09-10 03:53:41 - [MESSAGE][PASSED] - Call Test Case 'Test Cases/mobileWeb/_include/openWebSite' successfully

2019-09-10 03:53:41 - [TEST_STEP][PASSED] - callTestCase(findTestCase("mobileWeb/_include/census_hbi"), [:], CONTINUE_ON_FAILURE): Call Test Case 'Test Cases/mobileWeb/_include/census_hbi' successfully

2019-09-10 03:53:41 - [TEST_CASE][PASSED] - Test Cases/mobileWeb/_include/census_hbi: Test Cases/mobileWeb/_include/census_hbi

2019-09-10 03:53:41 - [TEST_STEP][PASSED] - click(findTestObject("mobileSanity/Common/side_nav/menu")): Object: 'Object Repository/mobileSanity/Common/side_nav/menu' is clicked on

2019-09-10 03:53:41 - [MESSAGE][PASSED] - Object: 'Object Repository/mobileSanity/Common/side_nav/menu' is clicked on

2019-09-10 03:53:41 - [TEST_STEP][PASSED] - Thread.sleep(3000): null

2019-09-10 03:53:44 - [TEST_STEP][PASSED] - callTestCase(findTestCase("mobileWeb/_include/get_screenshot"), [:], STOP_ON_FAILURE): Call Test Case 'Test Cases/mobileWeb/_include/get_screenshot' successfully

2019-09-10 03:53:44 - [TEST_CASE][PASSED] - Test Cases/mobileWeb/_include/get_screenshot: Test Cases/mobileWeb/_include/get_screenshot

2019-09-10 03:53:44 - [TEST_STEP][PASSED] - takeScreenshot(screenPath + i + ".png"): Taking screenshot successfully

2019-09-10 03:53:45 - [MESSAGE][PASSED] - Taking screenshot successfully
[[ATTACHMENT|D:\\Test\\AgileTest\\Reports\\mobileWeb\\hbi\\20190910_035329\\../Screenshots/iPhone X/hbi/Agile One/standard/1.png]]

2019-09-10 03:53:45 - [TEST_STEP][PASSED] - (internal.GlobalVariable.i++): null

2019-09-10 03:53:45 - [MESSAGE][PASSED] - Call Test Case 'Test Cases/mobileWeb/_include/get_screenshot' successfully

2019-09-10 03:53:45 - [TEST_STEP][PASSED] - click(findTestObject("mobileSanity/Common/side_nav/nav_hbi")): Object: 'Object Repository/mobileSanity/Common/side_nav/nav_hbi' is clicked on

2019-09-10 03:53:45 - [MESSAGE][PASSED] - Object: 'Object Repository/mobileSanity/Common/side_nav/nav_hbi' is clicked on

2019-09-10 03:53:45 - [TEST_STEP][PASSED] - waitForPageLoad(10): Wait for page load successfully

2019-09-10 03:53:45 - [MESSAGE][PASSED] - Wait for page load successfully

2019-09-10 03:53:45 - [TEST_STEP][PASSED] - Thread.sleep(3000): null

2019-09-10 03:53:49 - [TEST_STEP][PASSED] - callTestCase(findTestCase("mobileWeb/_include/get_screenshot"), [:], STOP_ON_FAILURE): Call Test Case 'Test Cases/mobileWeb/_include/get_screenshot' successfully

2019-09-10 03:53:49 - [TEST_CASE][PASSED] - Test Cases/mobileWeb/_include/get_screenshot: Test Cases/mobileWeb/_include/get_screenshot

2019-09-10 03:53:49 - [TEST_STEP][PASSED] - takeScreenshot(screenPath + i + ".png"): Taking screenshot successfully

2019-09-10 03:53:49 - [MESSAGE][PASSED] - Taking screenshot successfully
[[ATTACHMENT|D:\\Test\\AgileTest\\Reports\\mobileWeb\\hbi\\20190910_035329\\../Screenshots/iPhone X/hbi/Agile One/standard/2.png]]

2019-09-10 03:53:49 - [TEST_STEP][PASSED] - (internal.GlobalVariable.i++): null

2019-09-10 03:53:49 - [MESSAGE][PASSED] - Call Test Case 'Test Cases/mobileWeb/_include/get_screenshot' successfully

2019-09-10 03:53:49 - [TEST_STEP][PASSED] - setText(findTestObject("mobileSanity/HBI/census/input_Location_zip-input"), zipcode): Text '35215' is set on object 'Object Repository/mobileSanity/HBI/census/input_Location_zip-input'

2019-09-10 03:53:49 - [MESSAGE][PASSED] - Text '35215' is set on object 'Object Repository/mobileSanity/HBI/census/input_Location_zip-input'

2019-09-10 03:53:49 - [TEST_STEP][PASSED] - Thread.sleep(500): null

2019-09-10 03:53:50 - [TEST_STEP][PASSED] - setText(findTestObject("mobileSanity/HBI/census/input_Date of Birth_dob-0"), "12121980"): Text '12121980' is set on object 'Object Repository/mobileSanity/HBI/census/input_Date of Birth_dob-0'

2019-09-10 03:53:50 - [MESSAGE][PASSED] - Text '12121980' is set on object 'Object Repository/mobileSanity/HBI/census/input_Date of Birth_dob-0'

2019-09-10 03:53:50 - [TEST_STEP][PASSED] - click(findTestObject("mobileSanity/HBI/census/label_Male")): Object: 'Object Repository/mobileSanity/HBI/census/label_Male' is clicked on

2019-09-10 03:53:50 - [MESSAGE][PASSED] - Object: 'Object Repository/mobileSanity/HBI/census/label_Male' is clicked on

2019-09-10 03:53:50 - [TEST_STEP][PASSED] - click(findTestObject("mobileSanity/HBI/census/label_Get a Quote")): Object: 'Object Repository/mobileSanity/HBI/census/label_Get a Quote' is clicked on

2019-09-10 03:53:52 - [MESSAGE][PASSED] - Object: 'Object Repository/mobileSanity/HBI/census/label_Get a Quote' is clicked on

2019-09-10 03:53:52 - [TEST_STEP][PASSED] - waitForPageLoad(20): Wait for page load successfully

2019-09-10 03:53:52 - [MESSAGE][PASSED] - Wait for page load successfully

2019-09-10 03:53:52 - [TEST_STEP][PASSED] - Thread.sleep(3000): null

2019-09-10 03:53:55 - [TEST_STEP][PASSED] - callTestCase(findTestCase("mobileWeb/_include/get_screenshot"), [:], STOP_ON_FAILURE): Call Test Case 'Test Cases/mobileWeb/_include/get_screenshot' successfully

2019-09-10 03:53:55 - [TEST_CASE][PASSED] - Test Cases/mobileWeb/_include/get_screenshot: Test Cases/mobileWeb/_include/get_screenshot

2019-09-10 03:53:55 - [TEST_STEP][PASSED] - takeScreenshot(screenPath + i + ".png"): Taking screenshot successfully

2019-09-10 03:53:56 - [MESSAGE][PASSED] - Taking screenshot successfully
[[ATTACHMENT|D:\\Test\\AgileTest\\Reports\\mobileWeb\\hbi\\20190910_035329\\../Screenshots/iPhone X/hbi/Agile One/standard/3.png]]

2019-09-10 03:53:56 - [TEST_STEP][PASSED] - (internal.GlobalVariable.i++): null

2019-09-10 03:53:56 - [MESSAGE][PASSED] - Call Test Case 'Test Cases/mobileWeb/_include/get_screenshot' successfully

2019-09-10 03:53:56 - [MESSAGE][PASSED] - Call Test Case 'Test Cases/mobileWeb/_include/census_hbi' successfully

2019-09-10 03:53:56 - [TEST_STEP][PASSED] - Thread.sleep(5000): null

2019-09-10 03:54:01 - [TEST_STEP][PASSED] - scrollToPosition(200, 2300): Browser is scrolled to position x = 200, y = 2300

2019-09-10 03:54:01 - [MESSAGE][PASSED] - Browser is scrolled to position x = 200, y = 2300

2019-09-10 03:54:01 - [TEST_STEP][PASSED] - click(findTestObject("mobileSanity/HBI/quote/a_Agile One 750")): Object: 'Object Repository/mobileSanity/HBI/quote/a_Agile One 750' is clicked on

2019-09-10 03:54:01 - [MESSAGE][PASSED] - Object: 'Object Repository/mobileSanity/HBI/quote/a_Agile One 750' is clicked on

2019-09-10 03:54:01 - [TEST_STEP][PASSED] - waitForPageLoad(20): Wait for page load successfully

2019-09-10 03:54:02 - [MESSAGE][PASSED] - Wait for page load successfully

2019-09-10 03:54:02 - [TEST_STEP][PASSED] - waitForElementPresent(findTestObject("mobileSanity/HBI/detail/a_Apply for This Plan"), 20): Object 'Object Repository/mobileSanity/HBI/detail/a_Apply for This Plan' is present

2019-09-10 03:54:02 - [MESSAGE][PASSED] - Object 'Object Repository/mobileSanity/HBI/detail/a_Apply for This Plan' is present

2019-09-10 03:54:02 - [TEST_STEP][PASSED] - callTestCase(findTestCase("mobileWeb/_include/get_screenshot"), [:], STOP_ON_FAILURE): Call Test Case 'Test Cases/mobileWeb/_include/get_screenshot' successfully

2019-09-10 03:54:02 - [TEST_CASE][PASSED] - Test Cases/mobileWeb/_include/get_screenshot: Test Cases/mobileWeb/_include/get_screenshot

2019-09-10 03:54:02 - [TEST_STEP][PASSED] - takeScreenshot(screenPath + i + ".png"): Taking screenshot successfully

2019-09-10 03:54:03 - [MESSAGE][PASSED] - Taking screenshot successfully
[[ATTACHMENT|D:\\Test\\AgileTest\\Reports\\mobileWeb\\hbi\\20190910_035329\\../Screenshots/iPhone X/hbi/Agile One/standard/4.png]]

2019-09-10 03:54:03 - [TEST_STEP][PASSED] - (internal.GlobalVariable.i++): null

2019-09-10 03:54:03 - [MESSAGE][PASSED] - Call Test Case 'Test Cases/mobileWeb/_include/get_screenshot' successfully

2019-09-10 03:54:03 - [TEST_STEP][PASSED] - click(findTestObject("mobileSanity/HBI/detail/a_Apply for This Plan")): Object: 'Object Repository/mobileSanity/HBI/detail/a_Apply for This Plan' is clicked on

2019-09-10 03:54:03 - [MESSAGE][PASSED] - Object: 'Object Repository/mobileSanity/HBI/detail/a_Apply for This Plan' is clicked on

2019-09-10 03:54:03 - [TEST_STEP][PASSED] - waitForPageLoad(20): Wait for page load successfully

2019-09-10 03:54:03 - [MESSAGE][PASSED] - Wait for page load successfully

2019-09-10 03:54:03 - [TEST_STEP][PASSED] - waitForElementPresent(findTestObject("mobileSanity/HBI/Page_Apply/span_Start Secure Application"), 20): Object 'Object Repository/mobileSanity/HBI/Page_Apply/span_Start Secure Application' is present

2019-09-10 03:54:03 - [MESSAGE][PASSED] - Object 'Object Repository/mobileSanity/HBI/Page_Apply/span_Start Secure Application' is present

2019-09-10 03:54:03 - [TEST_STEP][PASSED] - callTestCase(findTestCase("mobileWeb/_include/get_screenshot"), [:], STOP_ON_FAILURE): Call Test Case 'Test Cases/mobileWeb/_include/get_screenshot' successfully

2019-09-10 03:54:03 - [TEST_CASE][PASSED] - Test Cases/mobileWeb/_include/get_screenshot: Test Cases/mobileWeb/_include/get_screenshot

2019-09-10 03:54:04 - [TEST_STEP][PASSED] - takeScreenshot(screenPath + i + ".png"): Taking screenshot successfully

2019-09-10 03:54:04 - [MESSAGE][PASSED] - Taking screenshot successfully
[[ATTACHMENT|D:\\Test\\AgileTest\\Reports\\mobileWeb\\hbi\\20190910_035329\\../Screenshots/iPhone X/hbi/Agile One/standard/5.png]]

2019-09-10 03:54:04 - [TEST_STEP][PASSED] - (internal.GlobalVariable.i++): null

2019-09-10 03:54:04 - [MESSAGE][PASSED] - Call Test Case 'Test Cases/mobileWeb/_include/get_screenshot' successfully

2019-09-10 03:54:04 - [TEST_STEP][PASSED] - click(findTestObject("mobileSanity/HBI/Page_Apply/span_Start Secure Application")): Object: 'Object Repository/mobileSanity/HBI/Page_Apply/span_Start Secure Application' is clicked on

2019-09-10 03:54:05 - [MESSAGE][PASSED] - Object: 'Object Repository/mobileSanity/HBI/Page_Apply/span_Start Secure Application' is clicked on

2019-09-10 03:54:05 - [TEST_STEP][PASSED] - waitForPageLoad(20): Wait for page load successfully

2019-09-10 03:54:05 - [MESSAGE][PASSED] - Wait for page load successfully

2019-09-10 03:54:05 - [TEST_STEP][PASSED] - Thread.sleep(5000): null

2019-09-10 03:54:10 - [TEST_STEP][PASSED] - callTestCase(findTestCase("mobileWeb/_include/get_screenshot"), [:], STOP_ON_FAILURE): Call Test Case 'Test Cases/mobileWeb/_include/get_screenshot' successfully

2019-09-10 03:54:10 - [TEST_CASE][PASSED] - Test Cases/mobileWeb/_include/get_screenshot: Test Cases/mobileWeb/_include/get_screenshot

2019-09-10 03:54:10 - [TEST_STEP][PASSED] - takeScreenshot(screenPath + i + ".png"): Taking screenshot successfully

2019-09-10 03:54:11 - [MESSAGE][PASSED] - Taking screenshot successfully
[[ATTACHMENT|D:\\Test\\AgileTest\\Reports\\mobileWeb\\hbi\\20190910_035329\\../Screenshots/iPhone X/hbi/Agile One/standard/6.png]]

2019-09-10 03:54:11 - [TEST_STEP][PASSED] - (internal.GlobalVariable.i++): null

2019-09-10 03:54:11 - [MESSAGE][PASSED] - Call Test Case 'Test Cases/mobileWeb/_include/get_screenshot' successfully

2019-09-10 03:54:11 - [TEST_STEP][PASSED] - callTestCase(findTestCase("mobileWeb/_include/goToEnd_hbi"), ["carrier":"agileone"], CONTINUE_ON_FAILURE): Call Test Case 'Test Cases/mobileWeb/_include/goToEnd_hbi' successfully

2019-09-10 03:54:11 - [TEST_CASE][PASSED] - Test Cases/mobileWeb/_include/goToEnd_hbi: Test Cases/mobileWeb/_include/goToEnd_hbi

2019-09-10 03:54:11 - [TEST_STEP][PASSED] - if (state == "ca"): null

2019-09-10 03:54:11 - [TEST_STEP][PASSED] - callTestCase(findTestCase("mobileWeb/_include/name"), [:], CONTINUE_ON_FAILURE): Call Test Case 'Test Cases/mobileWeb/_include/name' successfully

2019-09-10 03:54:11 - [TEST_CASE][PASSED] - Test Cases/mobileWeb/_include/name: Test Cases/mobileWeb/_include/name

2019-09-10 03:54:11 - [TEST_STEP][PASSED] - driver = getWebDriver(): null

2019-09-10 03:54:11 - [TEST_STEP][PASSED] - selenium = new com.thoughtworks.selenium.webdriven.WebDriverBackedSelenium(driver, internal.GlobalVariable.ENV): null

2019-09-10 03:54:11 - [TEST_STEP][PASSED] - FirstName = "Test-123": null

2019-09-10 03:54:11 - [TEST_STEP][PASSED] - LastName = selenium.getEval("{var x="ABCDEFGHIJKLMNOPQRSTUVWXYZabcdefghijklmnopqrstuvwxyz"; var tmp="ZZ11-"; for (i=0;i<8;i++) tmp+=x.charAt(Math.ceil(51*Math.random()));tmp;}"): null

2019-09-10 03:54:11 - [TEST_STEP][PASSED] - Address = selenium.getEval("{var x="ABCDEFGHIJKLMNOPQRSTUVWXYZabcdefghijklmnopqrstuvwxyz"; var tmp=""; for (i=0;i<8;i++) tmp+=x.charAt(Math.ceil(51*Math.random()));tmp;}"): null

2019-09-10 03:54:12 - [TEST_STEP][PASSED] - City = selenium.getEval("{var x="ABCDEFGHIJKLMNOPQRSTUVWXYZabcdefghijklmnopqrstuvwxyz"; var tmp=""; for (i=0;i<8;i++) tmp+=x.charAt(Math.ceil(51*Math.random()));tmp;}"): null

2019-09-10 03:54:12 - [TEST_STEP][PASSED] - tel1 = selenium.getEval("{var x="123456789"; var tmp=""; for (i=0;i<3;i++) tmp+=x.charAt(Math.ceil(8*Math.random()));tmp;}"): null

2019-09-10 03:54:12 - [TEST_STEP][PASSED] - tel2 = selenium.getEval("{var x="123456789"; var tmp=""; for (i=0;i<3;i++) tmp+=x.charAt(Math.ceil(8*Math.random()));tmp;}"): null

2019-09-10 03:54:12 - [TEST_STEP][PASSED] - tel3 = selenium.getEval("{var x="123456789"; var tmp=""; for (i=0;i<4;i++) tmp+=x.charAt(Math.ceil(8*Math.random()));tmp;}"): null

2019-09-10 03:54:12 - [TEST_STEP][PASSED] - Tel = selenium.getExpression(tel1 + "-" + tel2 + "-" + tel3): null

2019-09-10 03:54:12 - [TEST_STEP][PASSED] - AutoEmail = selenium.getEval("{var x="ABCDEFGHIJKLMNOPQRSTUVWXYZabcdefghijklmnopqrstuvwxyz"; var tmp="test."; for (i=0;i<8;i++) tmp+=x.charAt(Math.ceil(51*Math.random()));tmp+="@suryani.cn";}"): null

2019-09-10 03:54:12 - [TEST_STEP][PASSED] - FirstName = FirstName: null

2019-09-10 03:54:12 - [TEST_STEP][PASSED] - LastName = LastName: null

2019-09-10 03:54:12 - [TEST_STEP][PASSED] - Address = Address: null

2019-09-10 03:54:12 - [TEST_STEP][PASSED] - City = City: null

2019-09-10 03:54:12 - [TEST_STEP][PASSED] - Tel = Tel: null

2019-09-10 03:54:12 - [TEST_STEP][PASSED] - AutoEmail = AutoEmail: null

2019-09-10 03:54:12 - [TEST_STEP][PASSED] - println(FirstName): null

2019-09-10 03:54:12 - [TEST_STEP][PASSED] - println(LastName): null

2019-09-10 03:54:12 - [TEST_STEP][PASSED] - println(Address): null

2019-09-10 03:54:12 - [TEST_STEP][PASSED] - println(City): null

2019-09-10 03:54:12 - [TEST_STEP][PASSED] - println(Tel): null

2019-09-10 03:54:12 - [TEST_STEP][PASSED] - println(AutoEmail): null

2019-09-10 03:54:12 - [MESSAGE][PASSED] - Call Test Case 'Test Cases/mobileWeb/_include/name' successfully

2019-09-10 03:54:12 - [TEST_STEP][PASSED] - setText(findTestObject("mobileSanity/HBI/Page_App Page 1/input__member-P-1-firstName"), FirstName): Text 'Test-123' is set on object 'Object Repository/mobileSanity/HBI/Page_App Page 1/input__member-P-1-firstName'

2019-09-10 03:54:12 - [MESSAGE][PASSED] - Text 'Test-123' is set on object 'Object Repository/mobileSanity/HBI/Page_App Page 1/input__member-P-1-firstName'

2019-09-10 03:54:12 - [TEST_STEP][PASSED] - setText(findTestObject("mobileSanity/HBI/Page_App Page 1/input__member-P-1-lastName"), LastName): Text 'ZZ11-UOSqaWaG' is set on object 'Object Repository/mobileSanity/HBI/Page_App Page 1/input__member-P-1-lastName'

2019-09-10 03:54:13 - [MESSAGE][PASSED] - Text 'ZZ11-UOSqaWaG' is set on object 'Object Repository/mobileSanity/HBI/Page_App Page 1/input__member-P-1-lastName'

2019-09-10 03:54:13 - [TEST_STEP][PASSED] - if (carrier == "agileone" || carrier == "agilesecure"): Text 'test6' is set on object 'Object Repository/mobileSanity/HBI/Page_App Page 1/input__contingent-beneficiary-relationship'

2019-09-10 03:54:13 - [TEST_STEP][PASSED] - setText(findTestObject("mobileSanity/HBI/Page_App Page 1/input__primary-beneficiary-fir"), "test1"): Text 'test1' is set on object 'Object Repository/mobileSanity/HBI/Page_App Page 1/input__primary-beneficiary-fir'

2019-09-10 03:54:13 - [MESSAGE][PASSED] - Text 'test1' is set on object 'Object Repository/mobileSanity/HBI/Page_App Page 1/input__primary-beneficiary-fir'

2019-09-10 03:54:13 - [TEST_STEP][PASSED] - setText(findTestObject("mobileSanity/HBI/Page_App Page 1/input__primary-beneficiary-las"), "test2"): Text 'test2' is set on object 'Object Repository/mobileSanity/HBI/Page_App Page 1/input__primary-beneficiary-las'

2019-09-10 03:54:13 - [MESSAGE][PASSED] - Text 'test2' is set on object 'Object Repository/mobileSanity/HBI/Page_App Page 1/input__primary-beneficiary-las'

2019-09-10 03:54:13 - [TEST_STEP][PASSED] - setText(findTestObject("mobileSanity/HBI/Page_App Page 1/input__primary-beneficiary-rel"), "test3"): Text 'test3' is set on object 'Object Repository/mobileSanity/HBI/Page_App Page 1/input__primary-beneficiary-rel'

2019-09-10 03:54:13 - [MESSAGE][PASSED] - Text 'test3' is set on object 'Object Repository/mobileSanity/HBI/Page_App Page 1/input__primary-beneficiary-rel'

2019-09-10 03:54:13 - [TEST_STEP][PASSED] - setText(findTestObject("mobileSanity/HBI/Page_App Page 1/input__contingent-beneficiary-"), "test4"): Text 'test4' is set on object 'Object Repository/mobileSanity/HBI/Page_App Page 1/input__contingent-beneficiary-'

2019-09-10 03:54:13 - [MESSAGE][PASSED] - Text 'test4' is set on object 'Object Repository/mobileSanity/HBI/Page_App Page 1/input__contingent-beneficiary-'

2019-09-10 03:54:13 - [TEST_STEP][PASSED] - setText(findTestObject("mobileSanity/HBI/Page_App Page 1/input__contingent-beneficiary-_lastname"), "test5"): Text 'test5' is set on object 'Object Repository/mobileSanity/HBI/Page_App Page 1/input__contingent-beneficiary-_lastname'

2019-09-10 03:54:13 - [MESSAGE][PASSED] - Text 'test5' is set on object 'Object Repository/mobileSanity/HBI/Page_App Page 1/input__contingent-beneficiary-_lastname'

2019-09-10 03:54:13 - [TEST_STEP][PASSED] - setText(findTestObject("mobileSanity/HBI/Page_App Page 1/input__contingent-beneficiary-relationship"), "test6"): Text 'test6' is set on object 'Object Repository/mobileSanity/HBI/Page_App Page 1/input__contingent-beneficiary-relationship'

2019-09-10 03:54:13 - [MESSAGE][PASSED] - Text 'test6' is set on object 'Object Repository/mobileSanity/HBI/Page_App Page 1/input__contingent-beneficiary-relationship'

2019-09-10 03:54:13 - [TEST_STEP][PASSED] - setText(findTestObject("mobileSanity/HBI/Page_App Page 1/input__address"), Address): Text 'XwuSQtyh' is set on object 'Object Repository/mobileSanity/HBI/Page_App Page 1/input__address'

2019-09-10 03:54:14 - [MESSAGE][PASSED] - Text 'XwuSQtyh' is set on object 'Object Repository/mobileSanity/HBI/Page_App Page 1/input__address'

2019-09-10 03:54:14 - [TEST_STEP][PASSED] - setText(findTestObject("mobileSanity/HBI/Page_App Page 1/input__city"), City): Text 'JwiMjPgG' is set on object 'Object Repository/mobileSanity/HBI/Page_App Page 1/input__city'

2019-09-10 03:54:14 - [MESSAGE][PASSED] - Text 'JwiMjPgG' is set on object 'Object Repository/mobileSanity/HBI/Page_App Page 1/input__city'

2019-09-10 03:54:14 - [TEST_STEP][PASSED] - setText(findTestObject("mobileSanity/HBI/Page_App Page 1/input__email"), AutoEmail): Text 'test.yBZOBgLc@suryani.cn' is set on object 'Object Repository/mobileSanity/HBI/Page_App Page 1/input__email'

2019-09-10 03:54:14 - [MESSAGE][PASSED] - Text 'test.yBZOBgLc@suryani.cn' is set on object 'Object Repository/mobileSanity/HBI/Page_App Page 1/input__email'

2019-09-10 03:54:14 - [TEST_STEP][PASSED] - setText(findTestObject("mobileSanity/HBI/Page_App Page 1/input_tel"), Tel): Text '777-872-6688' is set on object 'Object Repository/mobileSanity/HBI/Page_App Page 1/input_tel'

2019-09-10 03:54:14 - [MESSAGE][PASSED] - Text '777-872-6688' is set on object 'Object Repository/mobileSanity/HBI/Page_App Page 1/input_tel'

2019-09-10 03:54:14 - [TEST_STEP][PASSED] - click(findTestObject("mobileSanity/HBI/Page_App Page 1/a_Continue to Step 2 - Payment")): Object: 'Object Repository/mobileSanity/HBI/Page_App Page 1/a_Continue to Step 2 - Payment' is clicked on

2019-09-10 03:54:15 - [MESSAGE][PASSED] - Object: 'Object Repository/mobileSanity/HBI/Page_App Page 1/a_Continue to Step 2 - Payment' is clicked on

2019-09-10 03:54:15 - [TEST_STEP][PASSED] - waitForPageLoad(20): Wait for page load successfully

2019-09-10 03:54:15 - [MESSAGE][PASSED] - Wait for page load successfully

2019-09-10 03:54:15 - [TEST_STEP][PASSED] - Thread.sleep(2000): null

2019-09-10 03:54:17 - [TEST_STEP][PASSED] - waitForElementVisible(findTestObject("mobileSanity/HBI/Page_App Page 2/input__credit-card-first"), 20): Object 'Object Repository/mobileSanity/HBI/Page_App Page 2/input__credit-card-first' is visible

2019-09-10 03:54:17 - [MESSAGE][PASSED] - Object 'Object Repository/mobileSanity/HBI/Page_App Page 2/input__credit-card-first' is visible

2019-09-10 03:54:17 - [TEST_STEP][PASSED] - callTestCase(findTestCase("mobileWeb/_include/get_screenshot"), [:], STOP_ON_FAILURE): Call Test Case 'Test Cases/mobileWeb/_include/get_screenshot' successfully

2019-09-10 03:54:17 - [TEST_CASE][PASSED] - Test Cases/mobileWeb/_include/get_screenshot: Test Cases/mobileWeb/_include/get_screenshot

2019-09-10 03:54:17 - [TEST_STEP][PASSED] - takeScreenshot(screenPath + i + ".png"): Taking screenshot successfully

2019-09-10 03:54:17 - [MESSAGE][PASSED] - Taking screenshot successfully
[[ATTACHMENT|D:\\Test\\AgileTest\\Reports\\mobileWeb\\hbi\\20190910_035329\\../Screenshots/iPhone X/hbi/Agile One/standard/7.png]]

2019-09-10 03:54:17 - [TEST_STEP][PASSED] - (internal.GlobalVariable.i++): null

2019-09-10 03:54:17 - [MESSAGE][PASSED] - Call Test Case 'Test Cases/mobileWeb/_include/get_screenshot' successfully

2019-09-10 03:54:17 - [TEST_STEP][PASSED] - setText(findTestObject("mobileSanity/HBI/Page_App Page 2/input__credit-card-first"), FirstName): Text 'Test-123' is set on object 'Object Repository/mobileSanity/HBI/Page_App Page 2/input__credit-card-first'

2019-09-10 03:54:17 - [MESSAGE][PASSED] - Text 'Test-123' is set on object 'Object Repository/mobileSanity/HBI/Page_App Page 2/input__credit-card-first'

2019-09-10 03:54:17 - [TEST_STEP][PASSED] - setText(findTestObject("mobileSanity/HBI/Page_App Page 2/input__credit-card-last"), LastName): Text 'ZZ11-UOSqaWaG' is set on object 'Object Repository/mobileSanity/HBI/Page_App Page 2/input__credit-card-last'

2019-09-10 03:54:18 - [MESSAGE][PASSED] - Text 'ZZ11-UOSqaWaG' is set on object 'Object Repository/mobileSanity/HBI/Page_App Page 2/input__credit-card-last'

2019-09-10 03:54:18 - [TEST_STEP][PASSED] - selectOptionByValue(findTestObject("mobileSanity/HBI/Page_App Page 2/select_MM010203040506070809101"), "12", true): All options with value '12' are selected in object 'Object Repository/mobileSanity/HBI/Page_App Page 2/select_MM010203040506070809101'  using regular expression

2019-09-10 03:54:18 - [MESSAGE][PASSED] - All options with value '12' are selected in object 'Object Repository/mobileSanity/HBI/Page_App Page 2/select_MM010203040506070809101'  using regular expression

2019-09-10 03:54:18 - [TEST_STEP][PASSED] - selectOptionByValue(findTestObject("mobileSanity/HBI/Page_App Page 2/select_YYYY2019202020212022202"), "2026", true): All options with value '2026' are selected in object 'Object Repository/mobileSanity/HBI/Page_App Page 2/select_YYYY2019202020212022202'  using regular expression

2019-09-10 03:54:18 - [MESSAGE][PASSED] - All options with value '2026' are selected in object 'Object Repository/mobileSanity/HBI/Page_App Page 2/select_YYYY2019202020212022202'  using regular expression

2019-09-10 03:54:18 - [TEST_STEP][PASSED] - setText(findTestObject("mobileSanity/HBI/Page_App Page 2/input__credit-card-number"), "4111111111111111"): Text '4111111111111111' is set on object 'Object Repository/mobileSanity/HBI/Page_App Page 2/input__credit-card-number'

2019-09-10 03:54:18 - [MESSAGE][PASSED] - Text '4111111111111111' is set on object 'Object Repository/mobileSanity/HBI/Page_App Page 2/input__credit-card-number'

2019-09-10 03:54:18 - [TEST_STEP][PASSED] - setText(findTestObject("mobileSanity/HBI/Page_App Page 2/input__cvv"), "123"): Text '123' is set on object 'Object Repository/mobileSanity/HBI/Page_App Page 2/input__cvv'

2019-09-10 03:54:18 - [MESSAGE][PASSED] - Text '123' is set on object 'Object Repository/mobileSanity/HBI/Page_App Page 2/input__cvv'

2019-09-10 03:54:18 - [TEST_STEP][PASSED] - click(findTestObject("mobileSanity/HBI/Page_App Page 2/label_My billing address is th")): Object: 'Object Repository/mobileSanity/HBI/Page_App Page 2/label_My billing address is th' is clicked on

2019-09-10 03:54:19 - [MESSAGE][PASSED] - Object: 'Object Repository/mobileSanity/HBI/Page_App Page 2/label_My billing address is th' is clicked on

2019-09-10 03:54:19 - [TEST_STEP][PASSED] - click(findTestObject("mobileSanity/HBI/Page_App Page 2/label_I Accept Authorization f")): Object: 'Object Repository/mobileSanity/HBI/Page_App Page 2/label_I Accept Authorization f' is clicked on

2019-09-10 03:54:19 - [MESSAGE][PASSED] - Object: 'Object Repository/mobileSanity/HBI/Page_App Page 2/label_I Accept Authorization f' is clicked on

2019-09-10 03:54:19 - [TEST_STEP][PASSED] - click(findTestObject("mobileSanity/HBI/Page_App Page 2/a_Continue to Step 3 - Review")): Object: 'Object Repository/mobileSanity/HBI/Page_App Page 2/a_Continue to Step 3 - Review' is clicked on

2019-09-10 03:54:19 - [MESSAGE][PASSED] - Object: 'Object Repository/mobileSanity/HBI/Page_App Page 2/a_Continue to Step 3 - Review' is clicked on

2019-09-10 03:54:19 - [TEST_STEP][PASSED] - waitForPageLoad(20): Wait for page load successfully

2019-09-10 03:54:19 - [MESSAGE][PASSED] - Wait for page load successfully

2019-09-10 03:54:19 - [TEST_STEP][PASSED] - Thread.sleep(10000): null

2019-09-10 03:54:29 - [TEST_STEP][PASSED] - waitForElementPresent(findTestObject("mobileSanity/HBI/Page_App Page 3/label"), 20): Object 'Object Repository/mobileSanity/HBI/Page_App Page 3/label' is present

2019-09-10 03:54:29 - [MESSAGE][PASSED] - Object 'Object Repository/mobileSanity/HBI/Page_App Page 3/label' is present

2019-09-10 03:54:29 - [TEST_STEP][PASSED] - callTestCase(findTestCase("mobileWeb/_include/get_screenshot"), [:], STOP_ON_FAILURE): Call Test Case 'Test Cases/mobileWeb/_include/get_screenshot' successfully

2019-09-10 03:54:29 - [TEST_CASE][PASSED] - Test Cases/mobileWeb/_include/get_screenshot: Test Cases/mobileWeb/_include/get_screenshot

2019-09-10 03:54:29 - [TEST_STEP][PASSED] - takeScreenshot(screenPath + i + ".png"): Taking screenshot successfully

2019-09-10 03:54:30 - [MESSAGE][PASSED] - Taking screenshot successfully
[[ATTACHMENT|D:\\Test\\AgileTest\\Reports\\mobileWeb\\hbi\\20190910_035329\\../Screenshots/iPhone X/hbi/Agile One/standard/8.png]]

2019-09-10 03:54:30 - [TEST_STEP][PASSED] - (internal.GlobalVariable.i++): null

2019-09-10 03:54:30 - [MESSAGE][PASSED] - Call Test Case 'Test Cases/mobileWeb/_include/get_screenshot' successfully

2019-09-10 03:54:30 - [TEST_STEP][PASSED] - click(findTestObject("mobileSanity/HBI/Page_App Page 3/label")): Object: 'Object Repository/mobileSanity/HBI/Page_App Page 3/label' is clicked on

2019-09-10 03:54:30 - [MESSAGE][PASSED] - Object: 'Object Repository/mobileSanity/HBI/Page_App Page 3/label' is clicked on

2019-09-10 03:54:30 - [TEST_STEP][PASSED] - click(findTestObject("mobileSanity/HBI/Page_App Page 3/p_CLICK TO SIGN")): Object: 'Object Repository/mobileSanity/HBI/Page_App Page 3/p_CLICK TO SIGN' is clicked on

2019-09-10 03:54:30 - [MESSAGE][PASSED] - Object: 'Object Repository/mobileSanity/HBI/Page_App Page 3/p_CLICK TO SIGN' is clicked on

2019-09-10 03:54:30 - [TEST_STEP][PASSED] - click(findTestObject("mobileSanity/HBI/Page_App Page 3/a_Submit Your Application")): Object: 'Object Repository/mobileSanity/HBI/Page_App Page 3/a_Submit Your Application' is clicked on

2019-09-10 03:54:30 - [MESSAGE][PASSED] - Object: 'Object Repository/mobileSanity/HBI/Page_App Page 3/a_Submit Your Application' is clicked on

2019-09-10 03:54:30 - [TEST_STEP][PASSED] - Thread.sleep(30000): null

2019-09-10 03:55:00 - [TEST_STEP][PASSED] - callTestCase(findTestCase("mobileWeb/_include/get_screenshot"), [:], STOP_ON_FAILURE): Call Test Case 'Test Cases/mobileWeb/_include/get_screenshot' successfully

2019-09-10 03:55:01 - [TEST_CASE][PASSED] - Test Cases/mobileWeb/_include/get_screenshot: Test Cases/mobileWeb/_include/get_screenshot

2019-09-10 03:55:01 - [TEST_STEP][PASSED] - takeScreenshot(screenPath + i + ".png"): Taking screenshot successfully

2019-09-10 03:55:01 - [MESSAGE][PASSED] - Taking screenshot successfully
[[ATTACHMENT|D:\\Test\\AgileTest\\Reports\\mobileWeb\\hbi\\20190910_035329\\../Screenshots/iPhone X/hbi/Agile One/standard/9.png]]

2019-09-10 03:55:01 - [TEST_STEP][PASSED] - (internal.GlobalVariable.i++): null

2019-09-10 03:55:01 - [MESSAGE][PASSED] - Call Test Case 'Test Cases/mobileWeb/_include/get_screenshot' successfully

2019-09-10 03:55:01 - [TEST_STEP][PASSED] - verifyTextPresent("Congratulations", false): Text 'Congratulations' is present on page 

2019-09-10 03:55:01 - [MESSAGE][PASSED] - Text 'Congratulations' is present on page 

2019-09-10 03:55:01 - [MESSAGE][PASSED] - Call Test Case 'Test Cases/mobileWeb/_include/goToEnd_hbi' successfully]]></system-out>
         <system-err><![CDATA[]]></system-err>
      </testcase>
      <testcase name="Test Cases/mobileWeb/HBI/Legion Limited Medical" classname="Test Cases/mobileWeb/HBI/Legion Limited Medical" status="PASSED">
         <system-out><![CDATA[2019-09-10 03:55:01 - [TEST_CASE][PASSED] - Test Cases/mobileWeb/HBI/Legion Limited Medical: Test Cases/mobileWeb/HBI/Legion Limited Medical

2019-09-10 03:55:01 - [TEST_STEP][PASSED] - callTestCase(findTestCase("mobileWeb/_include/get_screenPath"), ["productLine":"hbi", "carrierName":"Legion Limited Medical"], CONTINUE_ON_FAILURE): Call Test Case 'Test Cases/mobileWeb/_include/get_screenPath' successfully

2019-09-10 03:55:01 - [TEST_CASE][PASSED] - Test Cases/mobileWeb/_include/get_screenPath: Test Cases/mobileWeb/_include/get_screenPath

2019-09-10 03:55:01 - [TEST_STEP][PASSED] - m = getExecutionProperties(): null

2019-09-10 03:55:01 - [TEST_STEP][PASSED] - deviceName = get("mobileEmulation").get("deviceName"): null

2019-09-10 03:55:01 - [TEST_STEP][PASSED] - println(deviceName): null

2019-09-10 03:55:01 - [TEST_STEP][PASSED] - now = new java.util.Date(): null

2019-09-10 03:55:01 - [TEST_STEP][PASSED] - mydate = now.format("yyyyMMdd_HHmmss"): null

2019-09-10 03:55:01 - [TEST_STEP][PASSED] - screenPath = "../Screenshots/": null

2019-09-10 03:55:01 - [TEST_STEP][PASSED] - screenPath = screenPath + deviceName + "/" + productLine + "/" + carrierName + "/" + "standard" + "/": null

2019-09-10 03:55:01 - [TEST_STEP][PASSED] - println(screenPath): null

2019-09-10 03:55:01 - [MESSAGE][PASSED] - Call Test Case 'Test Cases/mobileWeb/_include/get_screenPath' successfully

2019-09-10 03:55:01 - [TEST_STEP][PASSED] - i = 0: null

2019-09-10 03:55:01 - [TEST_STEP][PASSED] - callTestCase(findTestCase("mobileWeb/_include/openWebSite"), [:], CONTINUE_ON_FAILURE): Call Test Case 'Test Cases/mobileWeb/_include/openWebSite' successfully

2019-09-10 03:55:02 - [TEST_CASE][PASSED] - Test Cases/mobileWeb/_include/openWebSite: Test Cases/mobileWeb/_include/openWebSite

2019-09-10 03:55:02 - [TEST_STEP][PASSED] - openBrowser(env): Browser is opened with url: 'https://praetemptatus.agilehealthinsurance.com'

2019-09-10 03:55:02 - [MESSAGE][WARNING] - A browser is already opened. Closing browser and opening a new one

2019-09-10 03:55:02 - [MESSAGE][INFO] - Starting 'Chrome' driver

2019-09-10 03:55:02 - [MESSAGE][INFO] - User set preference: ['mobileEmulation', '{deviceName=iPhone X}']

2019-09-10 03:55:02 - [MESSAGE][INFO] - User set preference: ['args', '[--incognito, --aggressive-cache-discard, --no-sandbox, --window-size=375,812]']

2019-09-10 03:55:04 - [MESSAGE][PASSED] - Browser is opened with url: 'https://praetemptatus.agilehealthinsurance.com'

2019-09-10 03:55:04 - [TEST_STEP][PASSED] - waitForPageLoad(20): Wait for page load successfully

2019-09-10 03:55:04 - [MESSAGE][PASSED] - Wait for page load successfully

2019-09-10 03:55:04 - [TEST_STEP][PASSED] - Thread.sleep(2000): null

2019-09-10 03:55:06 - [TEST_STEP][PASSED] - callTestCase(findTestCase("mobileWeb/_include/get_screenshot"), [:], STOP_ON_FAILURE): Call Test Case 'Test Cases/mobileWeb/_include/get_screenshot' successfully

2019-09-10 03:55:06 - [TEST_CASE][PASSED] - Test Cases/mobileWeb/_include/get_screenshot: Test Cases/mobileWeb/_include/get_screenshot

2019-09-10 03:55:06 - [TEST_STEP][PASSED] - takeScreenshot(screenPath + i + ".png"): Taking screenshot successfully

2019-09-10 03:55:07 - [MESSAGE][PASSED] - Taking screenshot successfully
[[ATTACHMENT|D:\\Test\\AgileTest\\Reports\\mobileWeb\\hbi\\20190910_035329\\../Screenshots/iPhone X/hbi/Legion Limited Medical/standard/0.png]]

2019-09-10 03:55:07 - [TEST_STEP][PASSED] - (internal.GlobalVariable.i++): null

2019-09-10 03:55:07 - [MESSAGE][PASSED] - Call Test Case 'Test Cases/mobileWeb/_include/get_screenshot' successfully

2019-09-10 03:55:07 - [MESSAGE][PASSED] - Call Test Case 'Test Cases/mobileWeb/_include/openWebSite' successfully

2019-09-10 03:55:07 - [TEST_STEP][PASSED] - callTestCase(findTestCase("mobileWeb/_include/census_hbi"), [:], CONTINUE_ON_FAILURE): Call Test Case 'Test Cases/mobileWeb/_include/census_hbi' successfully

2019-09-10 03:55:07 - [TEST_CASE][PASSED] - Test Cases/mobileWeb/_include/census_hbi: Test Cases/mobileWeb/_include/census_hbi

2019-09-10 03:55:07 - [TEST_STEP][PASSED] - click(findTestObject("mobileSanity/Common/side_nav/menu")): Object: 'Object Repository/mobileSanity/Common/side_nav/menu' is clicked on

2019-09-10 03:55:07 - [MESSAGE][PASSED] - Object: 'Object Repository/mobileSanity/Common/side_nav/menu' is clicked on

2019-09-10 03:55:07 - [TEST_STEP][PASSED] - Thread.sleep(3000): null

2019-09-10 03:55:10 - [TEST_STEP][PASSED] - callTestCase(findTestCase("mobileWeb/_include/get_screenshot"), [:], STOP_ON_FAILURE): Call Test Case 'Test Cases/mobileWeb/_include/get_screenshot' successfully

2019-09-10 03:55:10 - [TEST_CASE][PASSED] - Test Cases/mobileWeb/_include/get_screenshot: Test Cases/mobileWeb/_include/get_screenshot

2019-09-10 03:55:10 - [TEST_STEP][PASSED] - takeScreenshot(screenPath + i + ".png"): Taking screenshot successfully

2019-09-10 03:55:11 - [MESSAGE][PASSED] - Taking screenshot successfully
[[ATTACHMENT|D:\\Test\\AgileTest\\Reports\\mobileWeb\\hbi\\20190910_035329\\../Screenshots/iPhone X/hbi/Legion Limited Medical/standard/1.png]]

2019-09-10 03:55:11 - [TEST_STEP][PASSED] - (internal.GlobalVariable.i++): null

2019-09-10 03:55:11 - [MESSAGE][PASSED] - Call Test Case 'Test Cases/mobileWeb/_include/get_screenshot' successfully

2019-09-10 03:55:11 - [TEST_STEP][PASSED] - click(findTestObject("mobileSanity/Common/side_nav/nav_hbi")): Object: 'Object Repository/mobileSanity/Common/side_nav/nav_hbi' is clicked on

2019-09-10 03:55:11 - [MESSAGE][PASSED] - Object: 'Object Repository/mobileSanity/Common/side_nav/nav_hbi' is clicked on

2019-09-10 03:55:11 - [TEST_STEP][PASSED] - waitForPageLoad(10): Wait for page load successfully

2019-09-10 03:55:12 - [MESSAGE][PASSED] - Wait for page load successfully

2019-09-10 03:55:12 - [TEST_STEP][PASSED] - Thread.sleep(3000): null

2019-09-10 03:55:15 - [TEST_STEP][PASSED] - callTestCase(findTestCase("mobileWeb/_include/get_screenshot"), [:], STOP_ON_FAILURE): Call Test Case 'Test Cases/mobileWeb/_include/get_screenshot' successfully

2019-09-10 03:55:15 - [TEST_CASE][PASSED] - Test Cases/mobileWeb/_include/get_screenshot: Test Cases/mobileWeb/_include/get_screenshot

2019-09-10 03:55:15 - [TEST_STEP][PASSED] - takeScreenshot(screenPath + i + ".png"): Taking screenshot successfully

2019-09-10 03:55:15 - [MESSAGE][PASSED] - Taking screenshot successfully
[[ATTACHMENT|D:\\Test\\AgileTest\\Reports\\mobileWeb\\hbi\\20190910_035329\\../Screenshots/iPhone X/hbi/Legion Limited Medical/standard/2.png]]

2019-09-10 03:55:15 - [TEST_STEP][PASSED] - (internal.GlobalVariable.i++): null

2019-09-10 03:55:15 - [MESSAGE][PASSED] - Call Test Case 'Test Cases/mobileWeb/_include/get_screenshot' successfully

2019-09-10 03:55:15 - [TEST_STEP][PASSED] - setText(findTestObject("mobileSanity/HBI/census/input_Location_zip-input"), zipcode): Text '35215' is set on object 'Object Repository/mobileSanity/HBI/census/input_Location_zip-input'

2019-09-10 03:55:15 - [MESSAGE][PASSED] - Text '35215' is set on object 'Object Repository/mobileSanity/HBI/census/input_Location_zip-input'

2019-09-10 03:55:15 - [TEST_STEP][PASSED] - Thread.sleep(500): null

2019-09-10 03:55:16 - [TEST_STEP][PASSED] - setText(findTestObject("mobileSanity/HBI/census/input_Date of Birth_dob-0"), "12121980"): Text '12121980' is set on object 'Object Repository/mobileSanity/HBI/census/input_Date of Birth_dob-0'

2019-09-10 03:55:16 - [MESSAGE][PASSED] - Text '12121980' is set on object 'Object Repository/mobileSanity/HBI/census/input_Date of Birth_dob-0'

2019-09-10 03:55:16 - [TEST_STEP][PASSED] - click(findTestObject("mobileSanity/HBI/census/label_Male")): Object: 'Object Repository/mobileSanity/HBI/census/label_Male' is clicked on

2019-09-10 03:55:16 - [MESSAGE][PASSED] - Object: 'Object Repository/mobileSanity/HBI/census/label_Male' is clicked on

2019-09-10 03:55:16 - [TEST_STEP][PASSED] - click(findTestObject("mobileSanity/HBI/census/label_Get a Quote")): Object: 'Object Repository/mobileSanity/HBI/census/label_Get a Quote' is clicked on

2019-09-10 03:55:17 - [MESSAGE][PASSED] - Object: 'Object Repository/mobileSanity/HBI/census/label_Get a Quote' is clicked on

2019-09-10 03:55:17 - [TEST_STEP][PASSED] - waitForPageLoad(20): Wait for page load successfully

2019-09-10 03:55:17 - [MESSAGE][PASSED] - Wait for page load successfully

2019-09-10 03:55:17 - [TEST_STEP][PASSED] - Thread.sleep(3000): null

2019-09-10 03:55:20 - [TEST_STEP][PASSED] - callTestCase(findTestCase("mobileWeb/_include/get_screenshot"), [:], STOP_ON_FAILURE): Call Test Case 'Test Cases/mobileWeb/_include/get_screenshot' successfully

2019-09-10 03:55:20 - [TEST_CASE][PASSED] - Test Cases/mobileWeb/_include/get_screenshot: Test Cases/mobileWeb/_include/get_screenshot

2019-09-10 03:55:20 - [TEST_STEP][PASSED] - takeScreenshot(screenPath + i + ".png"): Taking screenshot successfully

2019-09-10 03:55:21 - [MESSAGE][PASSED] - Taking screenshot successfully
[[ATTACHMENT|D:\\Test\\AgileTest\\Reports\\mobileWeb\\hbi\\20190910_035329\\../Screenshots/iPhone X/hbi/Legion Limited Medical/standard/3.png]]

2019-09-10 03:55:21 - [TEST_STEP][PASSED] - (internal.GlobalVariable.i++): null

2019-09-10 03:55:21 - [MESSAGE][PASSED] - Call Test Case 'Test Cases/mobileWeb/_include/get_screenshot' successfully

2019-09-10 03:55:21 - [MESSAGE][PASSED] - Call Test Case 'Test Cases/mobileWeb/_include/census_hbi' successfully

2019-09-10 03:55:21 - [TEST_STEP][PASSED] - click(findTestObject("mobileSanity/HBI/quote/a_Legion Limited Medical 500")): Object: 'Object Repository/mobileSanity/HBI/quote/a_Legion Limited Medical 500' is clicked on

2019-09-10 03:55:22 - [MESSAGE][PASSED] - Object: 'Object Repository/mobileSanity/HBI/quote/a_Legion Limited Medical 500' is clicked on

2019-09-10 03:55:22 - [TEST_STEP][PASSED] - waitForPageLoad(20): Wait for page load successfully

2019-09-10 03:55:22 - [MESSAGE][PASSED] - Wait for page load successfully

2019-09-10 03:55:22 - [TEST_STEP][PASSED] - callTestCase(findTestCase("mobileWeb/_include/get_screenshot"), [:], STOP_ON_FAILURE): Call Test Case 'Test Cases/mobileWeb/_include/get_screenshot' successfully

2019-09-10 03:55:22 - [TEST_CASE][PASSED] - Test Cases/mobileWeb/_include/get_screenshot: Test Cases/mobileWeb/_include/get_screenshot

2019-09-10 03:55:22 - [TEST_STEP][PASSED] - takeScreenshot(screenPath + i + ".png"): Taking screenshot successfully

2019-09-10 03:55:23 - [MESSAGE][PASSED] - Taking screenshot successfully
[[ATTACHMENT|D:\\Test\\AgileTest\\Reports\\mobileWeb\\hbi\\20190910_035329\\../Screenshots/iPhone X/hbi/Legion Limited Medical/standard/4.png]]

2019-09-10 03:55:23 - [TEST_STEP][PASSED] - (internal.GlobalVariable.i++): null

2019-09-10 03:55:23 - [MESSAGE][PASSED] - Call Test Case 'Test Cases/mobileWeb/_include/get_screenshot' successfully

2019-09-10 03:55:23 - [TEST_STEP][PASSED] - click(findTestObject("mobileSanity/HBI/detail/a_Apply for This Plan")): Object: 'Object Repository/mobileSanity/HBI/detail/a_Apply for This Plan' is clicked on

2019-09-10 03:55:24 - [MESSAGE][PASSED] - Object: 'Object Repository/mobileSanity/HBI/detail/a_Apply for This Plan' is clicked on

2019-09-10 03:55:24 - [TEST_STEP][PASSED] - waitForPageLoad(20): Wait for page load successfully

2019-09-10 03:55:24 - [MESSAGE][PASSED] - Wait for page load successfully

2019-09-10 03:55:24 - [TEST_STEP][PASSED] - callTestCase(findTestCase("mobileWeb/_include/get_screenshot"), [:], STOP_ON_FAILURE): Call Test Case 'Test Cases/mobileWeb/_include/get_screenshot' successfully

2019-09-10 03:55:24 - [TEST_CASE][PASSED] - Test Cases/mobileWeb/_include/get_screenshot: Test Cases/mobileWeb/_include/get_screenshot

2019-09-10 03:55:24 - [TEST_STEP][PASSED] - takeScreenshot(screenPath + i + ".png"): Taking screenshot successfully

2019-09-10 03:55:25 - [MESSAGE][PASSED] - Taking screenshot successfully
[[ATTACHMENT|D:\\Test\\AgileTest\\Reports\\mobileWeb\\hbi\\20190910_035329\\../Screenshots/iPhone X/hbi/Legion Limited Medical/standard/5.png]]

2019-09-10 03:55:25 - [TEST_STEP][PASSED] - (internal.GlobalVariable.i++): null

2019-09-10 03:55:25 - [MESSAGE][PASSED] - Call Test Case 'Test Cases/mobileWeb/_include/get_screenshot' successfully

2019-09-10 03:55:25 - [TEST_STEP][PASSED] - click(findTestObject("mobileSanity/HBI/Page_Apply/span_Start Secure Application")): Object: 'Object Repository/mobileSanity/HBI/Page_Apply/span_Start Secure Application' is clicked on

2019-09-10 03:55:26 - [MESSAGE][PASSED] - Object: 'Object Repository/mobileSanity/HBI/Page_Apply/span_Start Secure Application' is clicked on

2019-09-10 03:55:26 - [TEST_STEP][PASSED] - waitForPageLoad(20): Wait for page load successfully

2019-09-10 03:55:26 - [MESSAGE][PASSED] - Wait for page load successfully

2019-09-10 03:55:26 - [TEST_STEP][PASSED] - Thread.sleep(5000): null

2019-09-10 03:55:31 - [TEST_STEP][PASSED] - callTestCase(findTestCase("mobileWeb/_include/get_screenshot"), [:], STOP_ON_FAILURE): Call Test Case 'Test Cases/mobileWeb/_include/get_screenshot' successfully

2019-09-10 03:55:31 - [TEST_CASE][PASSED] - Test Cases/mobileWeb/_include/get_screenshot: Test Cases/mobileWeb/_include/get_screenshot

2019-09-10 03:55:31 - [TEST_STEP][PASSED] - takeScreenshot(screenPath + i + ".png"): Taking screenshot successfully

2019-09-10 03:55:31 - [MESSAGE][PASSED] - Taking screenshot successfully
[[ATTACHMENT|D:\\Test\\AgileTest\\Reports\\mobileWeb\\hbi\\20190910_035329\\../Screenshots/iPhone X/hbi/Legion Limited Medical/standard/6.png]]

2019-09-10 03:55:31 - [TEST_STEP][PASSED] - (internal.GlobalVariable.i++): null

2019-09-10 03:55:31 - [MESSAGE][PASSED] - Call Test Case 'Test Cases/mobileWeb/_include/get_screenshot' successfully

2019-09-10 03:55:31 - [TEST_STEP][PASSED] - callTestCase(findTestCase("mobileWeb/_include/goToEnd_hbi"), ["carrier":"legionlimitedmedical"], CONTINUE_ON_FAILURE): Call Test Case 'Test Cases/mobileWeb/_include/goToEnd_hbi' successfully

2019-09-10 03:55:31 - [TEST_CASE][PASSED] - Test Cases/mobileWeb/_include/goToEnd_hbi: Test Cases/mobileWeb/_include/goToEnd_hbi

2019-09-10 03:55:31 - [TEST_STEP][PASSED] - if (state == "ca"): null

2019-09-10 03:55:31 - [TEST_STEP][PASSED] - callTestCase(findTestCase("mobileWeb/_include/name"), [:], CONTINUE_ON_FAILURE): Call Test Case 'Test Cases/mobileWeb/_include/name' successfully

2019-09-10 03:55:32 - [TEST_CASE][PASSED] - Test Cases/mobileWeb/_include/name: Test Cases/mobileWeb/_include/name

2019-09-10 03:55:32 - [TEST_STEP][PASSED] - driver = getWebDriver(): null

2019-09-10 03:55:32 - [TEST_STEP][PASSED] - selenium = new com.thoughtworks.selenium.webdriven.WebDriverBackedSelenium(driver, internal.GlobalVariable.ENV): null

2019-09-10 03:55:32 - [TEST_STEP][PASSED] - FirstName = "Test-123": null

2019-09-10 03:55:32 - [TEST_STEP][PASSED] - LastName = selenium.getEval("{var x="ABCDEFGHIJKLMNOPQRSTUVWXYZabcdefghijklmnopqrstuvwxyz"; var tmp="ZZ11-"; for (i=0;i<8;i++) tmp+=x.charAt(Math.ceil(51*Math.random()));tmp;}"): null

2019-09-10 03:55:32 - [TEST_STEP][PASSED] - Address = selenium.getEval("{var x="ABCDEFGHIJKLMNOPQRSTUVWXYZabcdefghijklmnopqrstuvwxyz"; var tmp=""; for (i=0;i<8;i++) tmp+=x.charAt(Math.ceil(51*Math.random()));tmp;}"): null

2019-09-10 03:55:32 - [TEST_STEP][PASSED] - City = selenium.getEval("{var x="ABCDEFGHIJKLMNOPQRSTUVWXYZabcdefghijklmnopqrstuvwxyz"; var tmp=""; for (i=0;i<8;i++) tmp+=x.charAt(Math.ceil(51*Math.random()));tmp;}"): null

2019-09-10 03:55:32 - [TEST_STEP][PASSED] - tel1 = selenium.getEval("{var x="123456789"; var tmp=""; for (i=0;i<3;i++) tmp+=x.charAt(Math.ceil(8*Math.random()));tmp;}"): null

2019-09-10 03:55:32 - [TEST_STEP][PASSED] - tel2 = selenium.getEval("{var x="123456789"; var tmp=""; for (i=0;i<3;i++) tmp+=x.charAt(Math.ceil(8*Math.random()));tmp;}"): null

2019-09-10 03:55:32 - [TEST_STEP][PASSED] - tel3 = selenium.getEval("{var x="123456789"; var tmp=""; for (i=0;i<4;i++) tmp+=x.charAt(Math.ceil(8*Math.random()));tmp;}"): null

2019-09-10 03:55:32 - [TEST_STEP][PASSED] - Tel = selenium.getExpression(tel1 + "-" + tel2 + "-" + tel3): null

2019-09-10 03:55:32 - [TEST_STEP][PASSED] - AutoEmail = selenium.getEval("{var x="ABCDEFGHIJKLMNOPQRSTUVWXYZabcdefghijklmnopqrstuvwxyz"; var tmp="test."; for (i=0;i<8;i++) tmp+=x.charAt(Math.ceil(51*Math.random()));tmp+="@suryani.cn";}"): null

2019-09-10 03:55:32 - [TEST_STEP][PASSED] - FirstName = FirstName: null

2019-09-10 03:55:32 - [TEST_STEP][PASSED] - LastName = LastName: null

2019-09-10 03:55:32 - [TEST_STEP][PASSED] - Address = Address: null

2019-09-10 03:55:32 - [TEST_STEP][PASSED] - City = City: null

2019-09-10 03:55:32 - [TEST_STEP][PASSED] - Tel = Tel: null

2019-09-10 03:55:32 - [TEST_STEP][PASSED] - AutoEmail = AutoEmail: null

2019-09-10 03:55:32 - [TEST_STEP][PASSED] - println(FirstName): null

2019-09-10 03:55:32 - [TEST_STEP][PASSED] - println(LastName): null

2019-09-10 03:55:32 - [TEST_STEP][PASSED] - println(Address): null

2019-09-10 03:55:32 - [TEST_STEP][PASSED] - println(City): null

2019-09-10 03:55:32 - [TEST_STEP][PASSED] - println(Tel): null

2019-09-10 03:55:32 - [TEST_STEP][PASSED] - println(AutoEmail): null

2019-09-10 03:55:32 - [MESSAGE][PASSED] - Call Test Case 'Test Cases/mobileWeb/_include/name' successfully

2019-09-10 03:55:32 - [TEST_STEP][PASSED] - setText(findTestObject("mobileSanity/HBI/Page_App Page 1/input__member-P-1-firstName"), FirstName): Text 'Test-123' is set on object 'Object Repository/mobileSanity/HBI/Page_App Page 1/input__member-P-1-firstName'

2019-09-10 03:55:32 - [MESSAGE][PASSED] - Text 'Test-123' is set on object 'Object Repository/mobileSanity/HBI/Page_App Page 1/input__member-P-1-firstName'

2019-09-10 03:55:32 - [TEST_STEP][PASSED] - setText(findTestObject("mobileSanity/HBI/Page_App Page 1/input__member-P-1-lastName"), LastName): Text 'ZZ11-cJrLjEgf' is set on object 'Object Repository/mobileSanity/HBI/Page_App Page 1/input__member-P-1-lastName'

2019-09-10 03:55:33 - [MESSAGE][PASSED] - Text 'ZZ11-cJrLjEgf' is set on object 'Object Repository/mobileSanity/HBI/Page_App Page 1/input__member-P-1-lastName'

2019-09-10 03:55:33 - [TEST_STEP][PASSED] - if (carrier == "agileone" || carrier == "agilesecure"): null

2019-09-10 03:55:33 - [TEST_STEP][PASSED] - setText(findTestObject("mobileSanity/HBI/Page_App Page 1/input__address"), Address): Text 'ceodwlSg' is set on object 'Object Repository/mobileSanity/HBI/Page_App Page 1/input__address'

2019-09-10 03:55:33 - [MESSAGE][PASSED] - Text 'ceodwlSg' is set on object 'Object Repository/mobileSanity/HBI/Page_App Page 1/input__address'

2019-09-10 03:55:33 - [TEST_STEP][PASSED] - setText(findTestObject("mobileSanity/HBI/Page_App Page 1/input__city"), City): Text 'giQnIQmw' is set on object 'Object Repository/mobileSanity/HBI/Page_App Page 1/input__city'

2019-09-10 03:55:33 - [MESSAGE][PASSED] - Text 'giQnIQmw' is set on object 'Object Repository/mobileSanity/HBI/Page_App Page 1/input__city'

2019-09-10 03:55:33 - [TEST_STEP][PASSED] - setText(findTestObject("mobileSanity/HBI/Page_App Page 1/input__email"), AutoEmail): Text 'test.udsZSNRP@suryani.cn' is set on object 'Object Repository/mobileSanity/HBI/Page_App Page 1/input__email'

2019-09-10 03:55:33 - [MESSAGE][PASSED] - Text 'test.udsZSNRP@suryani.cn' is set on object 'Object Repository/mobileSanity/HBI/Page_App Page 1/input__email'

2019-09-10 03:55:33 - [TEST_STEP][PASSED] - setText(findTestObject("mobileSanity/HBI/Page_App Page 1/input_tel"), Tel): Text '952-779-3727' is set on object 'Object Repository/mobileSanity/HBI/Page_App Page 1/input_tel'

2019-09-10 03:55:33 - [MESSAGE][PASSED] - Text '952-779-3727' is set on object 'Object Repository/mobileSanity/HBI/Page_App Page 1/input_tel'

2019-09-10 03:55:33 - [TEST_STEP][PASSED] - click(findTestObject("mobileSanity/HBI/Page_App Page 1/a_Continue to Step 2 - Payment")): Object: 'Object Repository/mobileSanity/HBI/Page_App Page 1/a_Continue to Step 2 - Payment' is clicked on

2019-09-10 03:55:33 - [MESSAGE][PASSED] - Object: 'Object Repository/mobileSanity/HBI/Page_App Page 1/a_Continue to Step 2 - Payment' is clicked on

2019-09-10 03:55:33 - [TEST_STEP][PASSED] - waitForPageLoad(20): Wait for page load successfully

2019-09-10 03:55:33 - [MESSAGE][PASSED] - Wait for page load successfully

2019-09-10 03:55:33 - [TEST_STEP][PASSED] - Thread.sleep(2000): null

2019-09-10 03:55:35 - [TEST_STEP][PASSED] - waitForElementVisible(findTestObject("mobileSanity/HBI/Page_App Page 2/input__credit-card-first"), 20): Object 'Object Repository/mobileSanity/HBI/Page_App Page 2/input__credit-card-first' is visible

2019-09-10 03:55:36 - [MESSAGE][PASSED] - Object 'Object Repository/mobileSanity/HBI/Page_App Page 2/input__credit-card-first' is visible

2019-09-10 03:55:36 - [TEST_STEP][PASSED] - callTestCase(findTestCase("mobileWeb/_include/get_screenshot"), [:], STOP_ON_FAILURE): Call Test Case 'Test Cases/mobileWeb/_include/get_screenshot' successfully

2019-09-10 03:55:36 - [TEST_CASE][PASSED] - Test Cases/mobileWeb/_include/get_screenshot: Test Cases/mobileWeb/_include/get_screenshot

2019-09-10 03:55:36 - [TEST_STEP][PASSED] - takeScreenshot(screenPath + i + ".png"): Taking screenshot successfully

2019-09-10 03:55:36 - [MESSAGE][PASSED] - Taking screenshot successfully
[[ATTACHMENT|D:\\Test\\AgileTest\\Reports\\mobileWeb\\hbi\\20190910_035329\\../Screenshots/iPhone X/hbi/Legion Limited Medical/standard/7.png]]

2019-09-10 03:55:36 - [TEST_STEP][PASSED] - (internal.GlobalVariable.i++): null

2019-09-10 03:55:36 - [MESSAGE][PASSED] - Call Test Case 'Test Cases/mobileWeb/_include/get_screenshot' successfully

2019-09-10 03:55:36 - [TEST_STEP][PASSED] - setText(findTestObject("mobileSanity/HBI/Page_App Page 2/input__credit-card-first"), FirstName): Text 'Test-123' is set on object 'Object Repository/mobileSanity/HBI/Page_App Page 2/input__credit-card-first'

2019-09-10 03:55:36 - [MESSAGE][PASSED] - Text 'Test-123' is set on object 'Object Repository/mobileSanity/HBI/Page_App Page 2/input__credit-card-first'

2019-09-10 03:55:36 - [TEST_STEP][PASSED] - setText(findTestObject("mobileSanity/HBI/Page_App Page 2/input__credit-card-last"), LastName): Text 'ZZ11-cJrLjEgf' is set on object 'Object Repository/mobileSanity/HBI/Page_App Page 2/input__credit-card-last'

2019-09-10 03:55:37 - [MESSAGE][PASSED] - Text 'ZZ11-cJrLjEgf' is set on object 'Object Repository/mobileSanity/HBI/Page_App Page 2/input__credit-card-last'

2019-09-10 03:55:37 - [TEST_STEP][PASSED] - selectOptionByValue(findTestObject("mobileSanity/HBI/Page_App Page 2/select_MM010203040506070809101"), "12", true): All options with value '12' are selected in object 'Object Repository/mobileSanity/HBI/Page_App Page 2/select_MM010203040506070809101'  using regular expression

2019-09-10 03:55:37 - [MESSAGE][PASSED] - All options with value '12' are selected in object 'Object Repository/mobileSanity/HBI/Page_App Page 2/select_MM010203040506070809101'  using regular expression

2019-09-10 03:55:37 - [TEST_STEP][PASSED] - selectOptionByValue(findTestObject("mobileSanity/HBI/Page_App Page 2/select_YYYY2019202020212022202"), "2026", true): All options with value '2026' are selected in object 'Object Repository/mobileSanity/HBI/Page_App Page 2/select_YYYY2019202020212022202'  using regular expression

2019-09-10 03:55:37 - [MESSAGE][PASSED] - All options with value '2026' are selected in object 'Object Repository/mobileSanity/HBI/Page_App Page 2/select_YYYY2019202020212022202'  using regular expression

2019-09-10 03:55:37 - [TEST_STEP][PASSED] - setText(findTestObject("mobileSanity/HBI/Page_App Page 2/input__credit-card-number"), "4111111111111111"): Text '4111111111111111' is set on object 'Object Repository/mobileSanity/HBI/Page_App Page 2/input__credit-card-number'

2019-09-10 03:55:37 - [MESSAGE][PASSED] - Text '4111111111111111' is set on object 'Object Repository/mobileSanity/HBI/Page_App Page 2/input__credit-card-number'

2019-09-10 03:55:37 - [TEST_STEP][PASSED] - setText(findTestObject("mobileSanity/HBI/Page_App Page 2/input__cvv"), "123"): Text '123' is set on object 'Object Repository/mobileSanity/HBI/Page_App Page 2/input__cvv'

2019-09-10 03:55:37 - [MESSAGE][PASSED] - Text '123' is set on object 'Object Repository/mobileSanity/HBI/Page_App Page 2/input__cvv'

2019-09-10 03:55:37 - [TEST_STEP][PASSED] - click(findTestObject("mobileSanity/HBI/Page_App Page 2/label_My billing address is th")): Object: 'Object Repository/mobileSanity/HBI/Page_App Page 2/label_My billing address is th' is clicked on

2019-09-10 03:55:38 - [MESSAGE][PASSED] - Object: 'Object Repository/mobileSanity/HBI/Page_App Page 2/label_My billing address is th' is clicked on

2019-09-10 03:55:38 - [TEST_STEP][PASSED] - click(findTestObject("mobileSanity/HBI/Page_App Page 2/label_I Accept Authorization f")): Object: 'Object Repository/mobileSanity/HBI/Page_App Page 2/label_I Accept Authorization f' is clicked on

2019-09-10 03:55:38 - [MESSAGE][PASSED] - Object: 'Object Repository/mobileSanity/HBI/Page_App Page 2/label_I Accept Authorization f' is clicked on

2019-09-10 03:55:38 - [TEST_STEP][PASSED] - click(findTestObject("mobileSanity/HBI/Page_App Page 2/a_Continue to Step 3 - Review")): Object: 'Object Repository/mobileSanity/HBI/Page_App Page 2/a_Continue to Step 3 - Review' is clicked on

2019-09-10 03:55:38 - [MESSAGE][PASSED] - Object: 'Object Repository/mobileSanity/HBI/Page_App Page 2/a_Continue to Step 3 - Review' is clicked on

2019-09-10 03:55:38 - [TEST_STEP][PASSED] - waitForPageLoad(20): Wait for page load successfully

2019-09-10 03:55:38 - [MESSAGE][PASSED] - Wait for page load successfully

2019-09-10 03:55:38 - [TEST_STEP][PASSED] - Thread.sleep(10000): null

2019-09-10 03:55:48 - [TEST_STEP][PASSED] - waitForElementPresent(findTestObject("mobileSanity/HBI/Page_App Page 3/label"), 20): Object 'Object Repository/mobileSanity/HBI/Page_App Page 3/label' is present

2019-09-10 03:55:48 - [MESSAGE][PASSED] - Object 'Object Repository/mobileSanity/HBI/Page_App Page 3/label' is present

2019-09-10 03:55:48 - [TEST_STEP][PASSED] - callTestCase(findTestCase("mobileWeb/_include/get_screenshot"), [:], STOP_ON_FAILURE): Call Test Case 'Test Cases/mobileWeb/_include/get_screenshot' successfully

2019-09-10 03:55:48 - [TEST_CASE][PASSED] - Test Cases/mobileWeb/_include/get_screenshot: Test Cases/mobileWeb/_include/get_screenshot

2019-09-10 03:55:49 - [TEST_STEP][PASSED] - takeScreenshot(screenPath + i + ".png"): Taking screenshot successfully

2019-09-10 03:55:49 - [MESSAGE][PASSED] - Taking screenshot successfully
[[ATTACHMENT|D:\\Test\\AgileTest\\Reports\\mobileWeb\\hbi\\20190910_035329\\../Screenshots/iPhone X/hbi/Legion Limited Medical/standard/8.png]]

2019-09-10 03:55:49 - [TEST_STEP][PASSED] - (internal.GlobalVariable.i++): null

2019-09-10 03:55:49 - [MESSAGE][PASSED] - Call Test Case 'Test Cases/mobileWeb/_include/get_screenshot' successfully

2019-09-10 03:55:49 - [TEST_STEP][PASSED] - click(findTestObject("mobileSanity/HBI/Page_App Page 3/label")): Object: 'Object Repository/mobileSanity/HBI/Page_App Page 3/label' is clicked on

2019-09-10 03:55:49 - [MESSAGE][PASSED] - Object: 'Object Repository/mobileSanity/HBI/Page_App Page 3/label' is clicked on

2019-09-10 03:55:49 - [TEST_STEP][PASSED] - click(findTestObject("mobileSanity/HBI/Page_App Page 3/p_CLICK TO SIGN")): Object: 'Object Repository/mobileSanity/HBI/Page_App Page 3/p_CLICK TO SIGN' is clicked on

2019-09-10 03:55:49 - [MESSAGE][PASSED] - Object: 'Object Repository/mobileSanity/HBI/Page_App Page 3/p_CLICK TO SIGN' is clicked on

2019-09-10 03:55:49 - [TEST_STEP][PASSED] - click(findTestObject("mobileSanity/HBI/Page_App Page 3/a_Submit Your Application")): Object: 'Object Repository/mobileSanity/HBI/Page_App Page 3/a_Submit Your Application' is clicked on

2019-09-10 03:55:49 - [MESSAGE][PASSED] - Object: 'Object Repository/mobileSanity/HBI/Page_App Page 3/a_Submit Your Application' is clicked on

2019-09-10 03:55:49 - [TEST_STEP][PASSED] - Thread.sleep(30000): null

2019-09-10 03:56:19 - [TEST_STEP][PASSED] - callTestCase(findTestCase("mobileWeb/_include/get_screenshot"), [:], STOP_ON_FAILURE): Call Test Case 'Test Cases/mobileWeb/_include/get_screenshot' successfully

2019-09-10 03:56:19 - [TEST_CASE][PASSED] - Test Cases/mobileWeb/_include/get_screenshot: Test Cases/mobileWeb/_include/get_screenshot

2019-09-10 03:56:19 - [TEST_STEP][PASSED] - takeScreenshot(screenPath + i + ".png"): Taking screenshot successfully

2019-09-10 03:56:20 - [MESSAGE][PASSED] - Taking screenshot successfully
[[ATTACHMENT|D:\\Test\\AgileTest\\Reports\\mobileWeb\\hbi\\20190910_035329\\../Screenshots/iPhone X/hbi/Legion Limited Medical/standard/9.png]]

2019-09-10 03:56:20 - [TEST_STEP][PASSED] - (internal.GlobalVariable.i++): null

2019-09-10 03:56:20 - [MESSAGE][PASSED] - Call Test Case 'Test Cases/mobileWeb/_include/get_screenshot' successfully

2019-09-10 03:56:20 - [TEST_STEP][PASSED] - verifyTextPresent("Congratulations", false): Text 'Congratulations' is present on page 

2019-09-10 03:56:20 - [MESSAGE][PASSED] - Text 'Congratulations' is present on page 

2019-09-10 03:56:20 - [MESSAGE][PASSED] - Call Test Case 'Test Cases/mobileWeb/_include/goToEnd_hbi' successfully]]></system-out>
         <system-err><![CDATA[]]></system-err>
      </testcase>
      <testcase name="Test Cases/mobileWeb/HBI/Cardinal Choice" classname="Test Cases/mobileWeb/HBI/Cardinal Choice" status="PASSED">
         <system-out><![CDATA[2019-09-10 03:56:20 - [TEST_CASE][PASSED] - Test Cases/mobileWeb/HBI/Cardinal Choice: Test Cases/mobileWeb/HBI/Cardinal Choice

2019-09-10 03:56:20 - [TEST_STEP][PASSED] - callTestCase(findTestCase("mobileWeb/_include/get_screenPath"), ["productLine":"hbi", "carrierName":"Cardinal Choice"], CONTINUE_ON_FAILURE): Call Test Case 'Test Cases/mobileWeb/_include/get_screenPath' successfully

2019-09-10 03:56:20 - [TEST_CASE][PASSED] - Test Cases/mobileWeb/_include/get_screenPath: Test Cases/mobileWeb/_include/get_screenPath

2019-09-10 03:56:20 - [TEST_STEP][PASSED] - m = getExecutionProperties(): null

2019-09-10 03:56:20 - [TEST_STEP][PASSED] - deviceName = get("mobileEmulation").get("deviceName"): null

2019-09-10 03:56:20 - [TEST_STEP][PASSED] - println(deviceName): null

2019-09-10 03:56:20 - [TEST_STEP][PASSED] - now = new java.util.Date(): null

2019-09-10 03:56:20 - [TEST_STEP][PASSED] - mydate = now.format("yyyyMMdd_HHmmss"): null

2019-09-10 03:56:20 - [TEST_STEP][PASSED] - screenPath = "../Screenshots/": null

2019-09-10 03:56:20 - [TEST_STEP][PASSED] - screenPath = screenPath + deviceName + "/" + productLine + "/" + carrierName + "/" + "standard" + "/": null

2019-09-10 03:56:20 - [TEST_STEP][PASSED] - println(screenPath): null

2019-09-10 03:56:20 - [MESSAGE][PASSED] - Call Test Case 'Test Cases/mobileWeb/_include/get_screenPath' successfully

2019-09-10 03:56:20 - [TEST_STEP][PASSED] - i = 0: null

2019-09-10 03:56:20 - [TEST_STEP][PASSED] - callTestCase(findTestCase("mobileWeb/_include/openWebSite"), [:], CONTINUE_ON_FAILURE): Call Test Case 'Test Cases/mobileWeb/_include/openWebSite' successfully

2019-09-10 03:56:20 - [TEST_CASE][PASSED] - Test Cases/mobileWeb/_include/openWebSite: Test Cases/mobileWeb/_include/openWebSite

2019-09-10 03:56:20 - [TEST_STEP][PASSED] - openBrowser(env): Browser is opened with url: 'https://praetemptatus.agilehealthinsurance.com'

2019-09-10 03:56:20 - [MESSAGE][WARNING] - A browser is already opened. Closing browser and opening a new one

2019-09-10 03:56:21 - [MESSAGE][INFO] - Starting 'Chrome' driver

2019-09-10 03:56:21 - [MESSAGE][INFO] - User set preference: ['mobileEmulation', '{deviceName=iPhone X}']

2019-09-10 03:56:21 - [MESSAGE][INFO] - User set preference: ['args', '[--incognito, --aggressive-cache-discard, --no-sandbox, --window-size=375,812]']

2019-09-10 03:56:23 - [MESSAGE][PASSED] - Browser is opened with url: 'https://praetemptatus.agilehealthinsurance.com'

2019-09-10 03:56:23 - [TEST_STEP][PASSED] - waitForPageLoad(20): Wait for page load successfully

2019-09-10 03:56:23 - [MESSAGE][PASSED] - Wait for page load successfully

2019-09-10 03:56:23 - [TEST_STEP][PASSED] - Thread.sleep(2000): null

2019-09-10 03:56:25 - [TEST_STEP][PASSED] - callTestCase(findTestCase("mobileWeb/_include/get_screenshot"), [:], STOP_ON_FAILURE): Call Test Case 'Test Cases/mobileWeb/_include/get_screenshot' successfully

2019-09-10 03:56:25 - [TEST_CASE][PASSED] - Test Cases/mobileWeb/_include/get_screenshot: Test Cases/mobileWeb/_include/get_screenshot

2019-09-10 03:56:25 - [TEST_STEP][PASSED] - takeScreenshot(screenPath + i + ".png"): Taking screenshot successfully

2019-09-10 03:56:26 - [MESSAGE][PASSED] - Taking screenshot successfully
[[ATTACHMENT|D:\\Test\\AgileTest\\Reports\\mobileWeb\\hbi\\20190910_035329\\../Screenshots/iPhone X/hbi/Cardinal Choice/standard/0.png]]

2019-09-10 03:56:26 - [TEST_STEP][PASSED] - (internal.GlobalVariable.i++): null

2019-09-10 03:56:26 - [MESSAGE][PASSED] - Call Test Case 'Test Cases/mobileWeb/_include/get_screenshot' successfully

2019-09-10 03:56:26 - [MESSAGE][PASSED] - Call Test Case 'Test Cases/mobileWeb/_include/openWebSite' successfully

2019-09-10 03:56:26 - [TEST_STEP][PASSED] - callTestCase(findTestCase("mobileWeb/_include/census_hbi"), [:], CONTINUE_ON_FAILURE): Call Test Case 'Test Cases/mobileWeb/_include/census_hbi' successfully

2019-09-10 03:56:26 - [TEST_CASE][PASSED] - Test Cases/mobileWeb/_include/census_hbi: Test Cases/mobileWeb/_include/census_hbi

2019-09-10 03:56:26 - [TEST_STEP][PASSED] - click(findTestObject("mobileSanity/Common/side_nav/menu")): Object: 'Object Repository/mobileSanity/Common/side_nav/menu' is clicked on

2019-09-10 03:56:26 - [MESSAGE][PASSED] - Object: 'Object Repository/mobileSanity/Common/side_nav/menu' is clicked on

2019-09-10 03:56:26 - [TEST_STEP][PASSED] - Thread.sleep(3000): null

2019-09-10 03:56:29 - [TEST_STEP][PASSED] - callTestCase(findTestCase("mobileWeb/_include/get_screenshot"), [:], STOP_ON_FAILURE): Call Test Case 'Test Cases/mobileWeb/_include/get_screenshot' successfully

2019-09-10 03:56:29 - [TEST_CASE][PASSED] - Test Cases/mobileWeb/_include/get_screenshot: Test Cases/mobileWeb/_include/get_screenshot

2019-09-10 03:56:29 - [TEST_STEP][PASSED] - takeScreenshot(screenPath + i + ".png"): Taking screenshot successfully

2019-09-10 03:56:30 - [MESSAGE][PASSED] - Taking screenshot successfully
[[ATTACHMENT|D:\\Test\\AgileTest\\Reports\\mobileWeb\\hbi\\20190910_035329\\../Screenshots/iPhone X/hbi/Cardinal Choice/standard/1.png]]

2019-09-10 03:56:30 - [TEST_STEP][PASSED] - (internal.GlobalVariable.i++): null

2019-09-10 03:56:30 - [MESSAGE][PASSED] - Call Test Case 'Test Cases/mobileWeb/_include/get_screenshot' successfully

2019-09-10 03:56:30 - [TEST_STEP][PASSED] - click(findTestObject("mobileSanity/Common/side_nav/nav_hbi")): Object: 'Object Repository/mobileSanity/Common/side_nav/nav_hbi' is clicked on

2019-09-10 03:56:30 - [MESSAGE][PASSED] - Object: 'Object Repository/mobileSanity/Common/side_nav/nav_hbi' is clicked on

2019-09-10 03:56:30 - [TEST_STEP][PASSED] - waitForPageLoad(10): Wait for page load successfully

2019-09-10 03:56:31 - [MESSAGE][PASSED] - Wait for page load successfully

2019-09-10 03:56:31 - [TEST_STEP][PASSED] - Thread.sleep(3000): null

2019-09-10 03:56:34 - [TEST_STEP][PASSED] - callTestCase(findTestCase("mobileWeb/_include/get_screenshot"), [:], STOP_ON_FAILURE): Call Test Case 'Test Cases/mobileWeb/_include/get_screenshot' successfully

2019-09-10 03:56:34 - [TEST_CASE][PASSED] - Test Cases/mobileWeb/_include/get_screenshot: Test Cases/mobileWeb/_include/get_screenshot

2019-09-10 03:56:34 - [TEST_STEP][PASSED] - takeScreenshot(screenPath + i + ".png"): Taking screenshot successfully

2019-09-10 03:56:34 - [MESSAGE][PASSED] - Taking screenshot successfully
[[ATTACHMENT|D:\\Test\\AgileTest\\Reports\\mobileWeb\\hbi\\20190910_035329\\../Screenshots/iPhone X/hbi/Cardinal Choice/standard/2.png]]

2019-09-10 03:56:34 - [TEST_STEP][PASSED] - (internal.GlobalVariable.i++): null

2019-09-10 03:56:34 - [MESSAGE][PASSED] - Call Test Case 'Test Cases/mobileWeb/_include/get_screenshot' successfully

2019-09-10 03:56:34 - [TEST_STEP][PASSED] - setText(findTestObject("mobileSanity/HBI/census/input_Location_zip-input"), zipcode): Text '35215' is set on object 'Object Repository/mobileSanity/HBI/census/input_Location_zip-input'

2019-09-10 03:56:34 - [MESSAGE][PASSED] - Text '35215' is set on object 'Object Repository/mobileSanity/HBI/census/input_Location_zip-input'

2019-09-10 03:56:34 - [TEST_STEP][PASSED] - Thread.sleep(500): null

2019-09-10 03:56:35 - [TEST_STEP][PASSED] - setText(findTestObject("mobileSanity/HBI/census/input_Date of Birth_dob-0"), "12121980"): Text '12121980' is set on object 'Object Repository/mobileSanity/HBI/census/input_Date of Birth_dob-0'

2019-09-10 03:56:35 - [MESSAGE][PASSED] - Text '12121980' is set on object 'Object Repository/mobileSanity/HBI/census/input_Date of Birth_dob-0'

2019-09-10 03:56:35 - [TEST_STEP][PASSED] - click(findTestObject("mobileSanity/HBI/census/label_Male")): Object: 'Object Repository/mobileSanity/HBI/census/label_Male' is clicked on

2019-09-10 03:56:35 - [MESSAGE][PASSED] - Object: 'Object Repository/mobileSanity/HBI/census/label_Male' is clicked on

2019-09-10 03:56:35 - [TEST_STEP][PASSED] - click(findTestObject("mobileSanity/HBI/census/label_Get a Quote")): Object: 'Object Repository/mobileSanity/HBI/census/label_Get a Quote' is clicked on

2019-09-10 03:56:36 - [MESSAGE][PASSED] - Object: 'Object Repository/mobileSanity/HBI/census/label_Get a Quote' is clicked on

2019-09-10 03:56:36 - [TEST_STEP][PASSED] - waitForPageLoad(20): Wait for page load successfully

2019-09-10 03:56:36 - [MESSAGE][PASSED] - Wait for page load successfully

2019-09-10 03:56:36 - [TEST_STEP][PASSED] - Thread.sleep(3000): null

2019-09-10 03:56:39 - [TEST_STEP][PASSED] - callTestCase(findTestCase("mobileWeb/_include/get_screenshot"), [:], STOP_ON_FAILURE): Call Test Case 'Test Cases/mobileWeb/_include/get_screenshot' successfully

2019-09-10 03:56:39 - [TEST_CASE][PASSED] - Test Cases/mobileWeb/_include/get_screenshot: Test Cases/mobileWeb/_include/get_screenshot

2019-09-10 03:56:39 - [TEST_STEP][PASSED] - takeScreenshot(screenPath + i + ".png"): Taking screenshot successfully

2019-09-10 03:56:40 - [MESSAGE][PASSED] - Taking screenshot successfully
[[ATTACHMENT|D:\\Test\\AgileTest\\Reports\\mobileWeb\\hbi\\20190910_035329\\../Screenshots/iPhone X/hbi/Cardinal Choice/standard/3.png]]

2019-09-10 03:56:40 - [TEST_STEP][PASSED] - (internal.GlobalVariable.i++): null

2019-09-10 03:56:40 - [MESSAGE][PASSED] - Call Test Case 'Test Cases/mobileWeb/_include/get_screenshot' successfully

2019-09-10 03:56:40 - [MESSAGE][PASSED] - Call Test Case 'Test Cases/mobileWeb/_include/census_hbi' successfully

2019-09-10 03:56:40 - [TEST_STEP][PASSED] - Thread.sleep(5000): null

2019-09-10 03:56:45 - [TEST_STEP][PASSED] - scrollToPosition(200, 2300): Browser is scrolled to position x = 200, y = 2300

2019-09-10 03:56:45 - [MESSAGE][PASSED] - Browser is scrolled to position x = 200, y = 2300

2019-09-10 03:56:45 - [TEST_STEP][PASSED] - click(findTestObject("mobileSanity/HBI/quote/a_Cardinal Choice")): Object: 'Object Repository/mobileSanity/HBI/quote/a_Cardinal Choice' is clicked on

2019-09-10 03:56:46 - [MESSAGE][PASSED] - Object: 'Object Repository/mobileSanity/HBI/quote/a_Cardinal Choice' is clicked on

2019-09-10 03:56:46 - [TEST_STEP][PASSED] - waitForPageLoad(20): Wait for page load successfully

2019-09-10 03:56:46 - [MESSAGE][PASSED] - Wait for page load successfully

2019-09-10 03:56:46 - [TEST_STEP][PASSED] - callTestCase(findTestCase("mobileWeb/_include/get_screenshot"), [:], STOP_ON_FAILURE): Call Test Case 'Test Cases/mobileWeb/_include/get_screenshot' successfully

2019-09-10 03:56:46 - [TEST_CASE][PASSED] - Test Cases/mobileWeb/_include/get_screenshot: Test Cases/mobileWeb/_include/get_screenshot

2019-09-10 03:56:46 - [TEST_STEP][PASSED] - takeScreenshot(screenPath + i + ".png"): Taking screenshot successfully

2019-09-10 03:56:49 - [MESSAGE][PASSED] - Taking screenshot successfully
[[ATTACHMENT|D:\\Test\\AgileTest\\Reports\\mobileWeb\\hbi\\20190910_035329\\../Screenshots/iPhone X/hbi/Cardinal Choice/standard/4.png]]

2019-09-10 03:56:49 - [TEST_STEP][PASSED] - (internal.GlobalVariable.i++): null

2019-09-10 03:56:49 - [MESSAGE][PASSED] - Call Test Case 'Test Cases/mobileWeb/_include/get_screenshot' successfully

2019-09-10 03:56:49 - [TEST_STEP][PASSED] - click(findTestObject("mobileSanity/HBI/detail/a_Apply for This Plan")): Object: 'Object Repository/mobileSanity/HBI/detail/a_Apply for This Plan' is clicked on

2019-09-10 03:56:49 - [MESSAGE][PASSED] - Object: 'Object Repository/mobileSanity/HBI/detail/a_Apply for This Plan' is clicked on

2019-09-10 03:56:49 - [TEST_STEP][PASSED] - waitForPageLoad(20): Wait for page load successfully

2019-09-10 03:56:49 - [MESSAGE][PASSED] - Wait for page load successfully

2019-09-10 03:56:49 - [TEST_STEP][PASSED] - callTestCase(findTestCase("mobileWeb/_include/get_screenshot"), [:], STOP_ON_FAILURE): Call Test Case 'Test Cases/mobileWeb/_include/get_screenshot' successfully

2019-09-10 03:56:50 - [TEST_CASE][PASSED] - Test Cases/mobileWeb/_include/get_screenshot: Test Cases/mobileWeb/_include/get_screenshot

2019-09-10 03:56:50 - [TEST_STEP][PASSED] - takeScreenshot(screenPath + i + ".png"): Taking screenshot successfully

2019-09-10 03:56:50 - [MESSAGE][PASSED] - Taking screenshot successfully
[[ATTACHMENT|D:\\Test\\AgileTest\\Reports\\mobileWeb\\hbi\\20190910_035329\\../Screenshots/iPhone X/hbi/Cardinal Choice/standard/5.png]]

2019-09-10 03:56:50 - [TEST_STEP][PASSED] - (internal.GlobalVariable.i++): null

2019-09-10 03:56:50 - [MESSAGE][PASSED] - Call Test Case 'Test Cases/mobileWeb/_include/get_screenshot' successfully

2019-09-10 03:56:50 - [TEST_STEP][PASSED] - click(findTestObject("mobileSanity/HBI/Page_Apply/span_Start Secure Application")): Object: 'Object Repository/mobileSanity/HBI/Page_Apply/span_Start Secure Application' is clicked on

2019-09-10 03:56:51 - [MESSAGE][PASSED] - Object: 'Object Repository/mobileSanity/HBI/Page_Apply/span_Start Secure Application' is clicked on

2019-09-10 03:56:51 - [TEST_STEP][PASSED] - waitForPageLoad(20): Wait for page load successfully

2019-09-10 03:56:52 - [MESSAGE][PASSED] - Wait for page load successfully

2019-09-10 03:56:52 - [TEST_STEP][PASSED] - Thread.sleep(5000): null

2019-09-10 03:56:57 - [TEST_STEP][PASSED] - callTestCase(findTestCase("mobileWeb/_include/get_screenshot"), [:], STOP_ON_FAILURE): Call Test Case 'Test Cases/mobileWeb/_include/get_screenshot' successfully

2019-09-10 03:56:57 - [TEST_CASE][PASSED] - Test Cases/mobileWeb/_include/get_screenshot: Test Cases/mobileWeb/_include/get_screenshot

2019-09-10 03:56:57 - [TEST_STEP][PASSED] - takeScreenshot(screenPath + i + ".png"): Taking screenshot successfully

2019-09-10 03:56:57 - [MESSAGE][PASSED] - Taking screenshot successfully
[[ATTACHMENT|D:\\Test\\AgileTest\\Reports\\mobileWeb\\hbi\\20190910_035329\\../Screenshots/iPhone X/hbi/Cardinal Choice/standard/6.png]]

2019-09-10 03:56:57 - [TEST_STEP][PASSED] - (internal.GlobalVariable.i++): null

2019-09-10 03:56:57 - [MESSAGE][PASSED] - Call Test Case 'Test Cases/mobileWeb/_include/get_screenshot' successfully

2019-09-10 03:56:57 - [TEST_STEP][PASSED] - callTestCase(findTestCase("mobileWeb/_include/goToEnd_hbi"), ["carrier":"cardinalchoice"], CONTINUE_ON_FAILURE): Call Test Case 'Test Cases/mobileWeb/_include/goToEnd_hbi' successfully

2019-09-10 03:56:57 - [TEST_CASE][PASSED] - Test Cases/mobileWeb/_include/goToEnd_hbi: Test Cases/mobileWeb/_include/goToEnd_hbi

2019-09-10 03:56:57 - [TEST_STEP][PASSED] - if (state == "ca"): null

2019-09-10 03:56:57 - [TEST_STEP][PASSED] - callTestCase(findTestCase("mobileWeb/_include/name"), [:], CONTINUE_ON_FAILURE): Call Test Case 'Test Cases/mobileWeb/_include/name' successfully

2019-09-10 03:56:57 - [TEST_CASE][PASSED] - Test Cases/mobileWeb/_include/name: Test Cases/mobileWeb/_include/name

2019-09-10 03:56:57 - [TEST_STEP][PASSED] - driver = getWebDriver(): null

2019-09-10 03:56:57 - [TEST_STEP][PASSED] - selenium = new com.thoughtworks.selenium.webdriven.WebDriverBackedSelenium(driver, internal.GlobalVariable.ENV): null

2019-09-10 03:56:57 - [TEST_STEP][PASSED] - FirstName = "Test-123": null

2019-09-10 03:56:57 - [TEST_STEP][PASSED] - LastName = selenium.getEval("{var x="ABCDEFGHIJKLMNOPQRSTUVWXYZabcdefghijklmnopqrstuvwxyz"; var tmp="ZZ11-"; for (i=0;i<8;i++) tmp+=x.charAt(Math.ceil(51*Math.random()));tmp;}"): null

2019-09-10 03:56:57 - [TEST_STEP][PASSED] - Address = selenium.getEval("{var x="ABCDEFGHIJKLMNOPQRSTUVWXYZabcdefghijklmnopqrstuvwxyz"; var tmp=""; for (i=0;i<8;i++) tmp+=x.charAt(Math.ceil(51*Math.random()));tmp;}"): null

2019-09-10 03:56:57 - [TEST_STEP][PASSED] - City = selenium.getEval("{var x="ABCDEFGHIJKLMNOPQRSTUVWXYZabcdefghijklmnopqrstuvwxyz"; var tmp=""; for (i=0;i<8;i++) tmp+=x.charAt(Math.ceil(51*Math.random()));tmp;}"): null

2019-09-10 03:56:57 - [TEST_STEP][PASSED] - tel1 = selenium.getEval("{var x="123456789"; var tmp=""; for (i=0;i<3;i++) tmp+=x.charAt(Math.ceil(8*Math.random()));tmp;}"): null

2019-09-10 03:56:57 - [TEST_STEP][PASSED] - tel2 = selenium.getEval("{var x="123456789"; var tmp=""; for (i=0;i<3;i++) tmp+=x.charAt(Math.ceil(8*Math.random()));tmp;}"): null

2019-09-10 03:56:57 - [TEST_STEP][PASSED] - tel3 = selenium.getEval("{var x="123456789"; var tmp=""; for (i=0;i<4;i++) tmp+=x.charAt(Math.ceil(8*Math.random()));tmp;}"): null

2019-09-10 03:56:57 - [TEST_STEP][PASSED] - Tel = selenium.getExpression(tel1 + "-" + tel2 + "-" + tel3): null

2019-09-10 03:56:57 - [TEST_STEP][PASSED] - AutoEmail = selenium.getEval("{var x="ABCDEFGHIJKLMNOPQRSTUVWXYZabcdefghijklmnopqrstuvwxyz"; var tmp="test."; for (i=0;i<8;i++) tmp+=x.charAt(Math.ceil(51*Math.random()));tmp+="@suryani.cn";}"): null

2019-09-10 03:56:57 - [TEST_STEP][PASSED] - FirstName = FirstName: null

2019-09-10 03:56:57 - [TEST_STEP][PASSED] - LastName = LastName: null

2019-09-10 03:56:57 - [TEST_STEP][PASSED] - Address = Address: null

2019-09-10 03:56:57 - [TEST_STEP][PASSED] - City = City: null

2019-09-10 03:56:57 - [TEST_STEP][PASSED] - Tel = Tel: null

2019-09-10 03:56:57 - [TEST_STEP][PASSED] - AutoEmail = AutoEmail: null

2019-09-10 03:56:57 - [TEST_STEP][PASSED] - println(FirstName): null

2019-09-10 03:56:57 - [TEST_STEP][PASSED] - println(LastName): null

2019-09-10 03:56:57 - [TEST_STEP][PASSED] - println(Address): null

2019-09-10 03:56:57 - [TEST_STEP][PASSED] - println(City): null

2019-09-10 03:56:57 - [TEST_STEP][PASSED] - println(Tel): null

2019-09-10 03:56:57 - [TEST_STEP][PASSED] - println(AutoEmail): null

2019-09-10 03:56:57 - [MESSAGE][PASSED] - Call Test Case 'Test Cases/mobileWeb/_include/name' successfully

2019-09-10 03:56:57 - [TEST_STEP][PASSED] - setText(findTestObject("mobileSanity/HBI/Page_App Page 1/input__member-P-1-firstName"), FirstName): Text 'Test-123' is set on object 'Object Repository/mobileSanity/HBI/Page_App Page 1/input__member-P-1-firstName'

2019-09-10 03:56:58 - [MESSAGE][PASSED] - Text 'Test-123' is set on object 'Object Repository/mobileSanity/HBI/Page_App Page 1/input__member-P-1-firstName'

2019-09-10 03:56:58 - [TEST_STEP][PASSED] - setText(findTestObject("mobileSanity/HBI/Page_App Page 1/input__member-P-1-lastName"), LastName): Text 'ZZ11-jyukRREh' is set on object 'Object Repository/mobileSanity/HBI/Page_App Page 1/input__member-P-1-lastName'

2019-09-10 03:56:58 - [MESSAGE][PASSED] - Text 'ZZ11-jyukRREh' is set on object 'Object Repository/mobileSanity/HBI/Page_App Page 1/input__member-P-1-lastName'

2019-09-10 03:56:58 - [TEST_STEP][PASSED] - if (carrier == "agileone" || carrier == "agilesecure"): null

2019-09-10 03:56:58 - [TEST_STEP][PASSED] - setText(findTestObject("mobileSanity/HBI/Page_App Page 1/input__address"), Address): Text 'PgnMGhWb' is set on object 'Object Repository/mobileSanity/HBI/Page_App Page 1/input__address'

2019-09-10 03:56:58 - [MESSAGE][PASSED] - Text 'PgnMGhWb' is set on object 'Object Repository/mobileSanity/HBI/Page_App Page 1/input__address'

2019-09-10 03:56:58 - [TEST_STEP][PASSED] - setText(findTestObject("mobileSanity/HBI/Page_App Page 1/input__city"), City): Text 'JqSVQBtK' is set on object 'Object Repository/mobileSanity/HBI/Page_App Page 1/input__city'

2019-09-10 03:56:58 - [MESSAGE][PASSED] - Text 'JqSVQBtK' is set on object 'Object Repository/mobileSanity/HBI/Page_App Page 1/input__city'

2019-09-10 03:56:58 - [TEST_STEP][PASSED] - setText(findTestObject("mobileSanity/HBI/Page_App Page 1/input__email"), AutoEmail): Text 'test.eVHOtyMO@suryani.cn' is set on object 'Object Repository/mobileSanity/HBI/Page_App Page 1/input__email'

2019-09-10 03:56:58 - [MESSAGE][PASSED] - Text 'test.eVHOtyMO@suryani.cn' is set on object 'Object Repository/mobileSanity/HBI/Page_App Page 1/input__email'

2019-09-10 03:56:58 - [TEST_STEP][PASSED] - setText(findTestObject("mobileSanity/HBI/Page_App Page 1/input_tel"), Tel): Text '668-768-6778' is set on object 'Object Repository/mobileSanity/HBI/Page_App Page 1/input_tel'

2019-09-10 03:56:59 - [MESSAGE][PASSED] - Text '668-768-6778' is set on object 'Object Repository/mobileSanity/HBI/Page_App Page 1/input_tel'

2019-09-10 03:56:59 - [TEST_STEP][PASSED] - click(findTestObject("mobileSanity/HBI/Page_App Page 1/a_Continue to Step 2 - Payment")): Object: 'Object Repository/mobileSanity/HBI/Page_App Page 1/a_Continue to Step 2 - Payment' is clicked on

2019-09-10 03:56:59 - [MESSAGE][PASSED] - Object: 'Object Repository/mobileSanity/HBI/Page_App Page 1/a_Continue to Step 2 - Payment' is clicked on

2019-09-10 03:56:59 - [TEST_STEP][PASSED] - waitForPageLoad(20): Wait for page load successfully

2019-09-10 03:56:59 - [MESSAGE][PASSED] - Wait for page load successfully

2019-09-10 03:56:59 - [TEST_STEP][PASSED] - Thread.sleep(2000): null

2019-09-10 03:57:01 - [TEST_STEP][PASSED] - waitForElementVisible(findTestObject("mobileSanity/HBI/Page_App Page 2/input__credit-card-first"), 20): Object 'Object Repository/mobileSanity/HBI/Page_App Page 2/input__credit-card-first' is visible

2019-09-10 03:57:01 - [MESSAGE][PASSED] - Object 'Object Repository/mobileSanity/HBI/Page_App Page 2/input__credit-card-first' is visible

2019-09-10 03:57:01 - [TEST_STEP][PASSED] - callTestCase(findTestCase("mobileWeb/_include/get_screenshot"), [:], STOP_ON_FAILURE): Call Test Case 'Test Cases/mobileWeb/_include/get_screenshot' successfully

2019-09-10 03:57:01 - [TEST_CASE][PASSED] - Test Cases/mobileWeb/_include/get_screenshot: Test Cases/mobileWeb/_include/get_screenshot

2019-09-10 03:57:01 - [TEST_STEP][PASSED] - takeScreenshot(screenPath + i + ".png"): Taking screenshot successfully

2019-09-10 03:57:02 - [MESSAGE][PASSED] - Taking screenshot successfully
[[ATTACHMENT|D:\\Test\\AgileTest\\Reports\\mobileWeb\\hbi\\20190910_035329\\../Screenshots/iPhone X/hbi/Cardinal Choice/standard/7.png]]

2019-09-10 03:57:02 - [TEST_STEP][PASSED] - (internal.GlobalVariable.i++): null

2019-09-10 03:57:02 - [MESSAGE][PASSED] - Call Test Case 'Test Cases/mobileWeb/_include/get_screenshot' successfully

2019-09-10 03:57:02 - [TEST_STEP][PASSED] - setText(findTestObject("mobileSanity/HBI/Page_App Page 2/input__credit-card-first"), FirstName): Text 'Test-123' is set on object 'Object Repository/mobileSanity/HBI/Page_App Page 2/input__credit-card-first'

2019-09-10 03:57:02 - [MESSAGE][PASSED] - Text 'Test-123' is set on object 'Object Repository/mobileSanity/HBI/Page_App Page 2/input__credit-card-first'

2019-09-10 03:57:02 - [TEST_STEP][PASSED] - setText(findTestObject("mobileSanity/HBI/Page_App Page 2/input__credit-card-last"), LastName): Text 'ZZ11-jyukRREh' is set on object 'Object Repository/mobileSanity/HBI/Page_App Page 2/input__credit-card-last'

2019-09-10 03:57:02 - [MESSAGE][PASSED] - Text 'ZZ11-jyukRREh' is set on object 'Object Repository/mobileSanity/HBI/Page_App Page 2/input__credit-card-last'

2019-09-10 03:57:02 - [TEST_STEP][PASSED] - selectOptionByValue(findTestObject("mobileSanity/HBI/Page_App Page 2/select_MM010203040506070809101"), "12", true): All options with value '12' are selected in object 'Object Repository/mobileSanity/HBI/Page_App Page 2/select_MM010203040506070809101'  using regular expression

2019-09-10 03:57:02 - [MESSAGE][PASSED] - All options with value '12' are selected in object 'Object Repository/mobileSanity/HBI/Page_App Page 2/select_MM010203040506070809101'  using regular expression

2019-09-10 03:57:02 - [TEST_STEP][PASSED] - selectOptionByValue(findTestObject("mobileSanity/HBI/Page_App Page 2/select_YYYY2019202020212022202"), "2026", true): All options with value '2026' are selected in object 'Object Repository/mobileSanity/HBI/Page_App Page 2/select_YYYY2019202020212022202'  using regular expression

2019-09-10 03:57:02 - [MESSAGE][PASSED] - All options with value '2026' are selected in object 'Object Repository/mobileSanity/HBI/Page_App Page 2/select_YYYY2019202020212022202'  using regular expression

2019-09-10 03:57:02 - [TEST_STEP][PASSED] - setText(findTestObject("mobileSanity/HBI/Page_App Page 2/input__credit-card-number"), "4111111111111111"): Text '4111111111111111' is set on object 'Object Repository/mobileSanity/HBI/Page_App Page 2/input__credit-card-number'

2019-09-10 03:57:03 - [MESSAGE][PASSED] - Text '4111111111111111' is set on object 'Object Repository/mobileSanity/HBI/Page_App Page 2/input__credit-card-number'

2019-09-10 03:57:03 - [TEST_STEP][PASSED] - setText(findTestObject("mobileSanity/HBI/Page_App Page 2/input__cvv"), "123"): Text '123' is set on object 'Object Repository/mobileSanity/HBI/Page_App Page 2/input__cvv'

2019-09-10 03:57:03 - [MESSAGE][PASSED] - Text '123' is set on object 'Object Repository/mobileSanity/HBI/Page_App Page 2/input__cvv'

2019-09-10 03:57:03 - [TEST_STEP][PASSED] - click(findTestObject("mobileSanity/HBI/Page_App Page 2/label_My billing address is th")): Object: 'Object Repository/mobileSanity/HBI/Page_App Page 2/label_My billing address is th' is clicked on

2019-09-10 03:57:03 - [MESSAGE][PASSED] - Object: 'Object Repository/mobileSanity/HBI/Page_App Page 2/label_My billing address is th' is clicked on

2019-09-10 03:57:03 - [TEST_STEP][PASSED] - click(findTestObject("mobileSanity/HBI/Page_App Page 2/label_I Accept Authorization f")): Object: 'Object Repository/mobileSanity/HBI/Page_App Page 2/label_I Accept Authorization f' is clicked on

2019-09-10 03:57:03 - [MESSAGE][PASSED] - Object: 'Object Repository/mobileSanity/HBI/Page_App Page 2/label_I Accept Authorization f' is clicked on

2019-09-10 03:57:03 - [TEST_STEP][PASSED] - click(findTestObject("mobileSanity/HBI/Page_App Page 2/a_Continue to Step 3 - Review")): Object: 'Object Repository/mobileSanity/HBI/Page_App Page 2/a_Continue to Step 3 - Review' is clicked on

2019-09-10 03:57:03 - [MESSAGE][PASSED] - Object: 'Object Repository/mobileSanity/HBI/Page_App Page 2/a_Continue to Step 3 - Review' is clicked on

2019-09-10 03:57:03 - [TEST_STEP][PASSED] - waitForPageLoad(20): Wait for page load successfully

2019-09-10 03:57:03 - [MESSAGE][PASSED] - Wait for page load successfully

2019-09-10 03:57:03 - [TEST_STEP][PASSED] - Thread.sleep(10000): null

2019-09-10 03:57:13 - [TEST_STEP][PASSED] - waitForElementPresent(findTestObject("mobileSanity/HBI/Page_App Page 3/label"), 20): Object 'Object Repository/mobileSanity/HBI/Page_App Page 3/label' is present

2019-09-10 03:57:14 - [MESSAGE][PASSED] - Object 'Object Repository/mobileSanity/HBI/Page_App Page 3/label' is present

2019-09-10 03:57:14 - [TEST_STEP][PASSED] - callTestCase(findTestCase("mobileWeb/_include/get_screenshot"), [:], STOP_ON_FAILURE): Call Test Case 'Test Cases/mobileWeb/_include/get_screenshot' successfully

2019-09-10 03:57:14 - [TEST_CASE][PASSED] - Test Cases/mobileWeb/_include/get_screenshot: Test Cases/mobileWeb/_include/get_screenshot

2019-09-10 03:57:14 - [TEST_STEP][PASSED] - takeScreenshot(screenPath + i + ".png"): Taking screenshot successfully

2019-09-10 03:57:14 - [MESSAGE][PASSED] - Taking screenshot successfully
[[ATTACHMENT|D:\\Test\\AgileTest\\Reports\\mobileWeb\\hbi\\20190910_035329\\../Screenshots/iPhone X/hbi/Cardinal Choice/standard/8.png]]

2019-09-10 03:57:14 - [TEST_STEP][PASSED] - (internal.GlobalVariable.i++): null

2019-09-10 03:57:14 - [MESSAGE][PASSED] - Call Test Case 'Test Cases/mobileWeb/_include/get_screenshot' successfully

2019-09-10 03:57:14 - [TEST_STEP][PASSED] - click(findTestObject("mobileSanity/HBI/Page_App Page 3/label")): Object: 'Object Repository/mobileSanity/HBI/Page_App Page 3/label' is clicked on

2019-09-10 03:57:14 - [MESSAGE][PASSED] - Object: 'Object Repository/mobileSanity/HBI/Page_App Page 3/label' is clicked on

2019-09-10 03:57:14 - [TEST_STEP][PASSED] - click(findTestObject("mobileSanity/HBI/Page_App Page 3/p_CLICK TO SIGN")): Object: 'Object Repository/mobileSanity/HBI/Page_App Page 3/p_CLICK TO SIGN' is clicked on

2019-09-10 03:57:14 - [MESSAGE][PASSED] - Object: 'Object Repository/mobileSanity/HBI/Page_App Page 3/p_CLICK TO SIGN' is clicked on

2019-09-10 03:57:14 - [TEST_STEP][PASSED] - click(findTestObject("mobileSanity/HBI/Page_App Page 3/a_Submit Your Application")): Object: 'Object Repository/mobileSanity/HBI/Page_App Page 3/a_Submit Your Application' is clicked on

2019-09-10 03:57:15 - [MESSAGE][PASSED] - Object: 'Object Repository/mobileSanity/HBI/Page_App Page 3/a_Submit Your Application' is clicked on

2019-09-10 03:57:15 - [TEST_STEP][PASSED] - Thread.sleep(30000): null

2019-09-10 03:57:45 - [TEST_STEP][PASSED] - callTestCase(findTestCase("mobileWeb/_include/get_screenshot"), [:], STOP_ON_FAILURE): Call Test Case 'Test Cases/mobileWeb/_include/get_screenshot' successfully

2019-09-10 03:57:45 - [TEST_CASE][PASSED] - Test Cases/mobileWeb/_include/get_screenshot: Test Cases/mobileWeb/_include/get_screenshot

2019-09-10 03:57:45 - [TEST_STEP][PASSED] - takeScreenshot(screenPath + i + ".png"): Taking screenshot successfully

2019-09-10 03:57:45 - [MESSAGE][PASSED] - Taking screenshot successfully
[[ATTACHMENT|D:\\Test\\AgileTest\\Reports\\mobileWeb\\hbi\\20190910_035329\\../Screenshots/iPhone X/hbi/Cardinal Choice/standard/9.png]]

2019-09-10 03:57:45 - [TEST_STEP][PASSED] - (internal.GlobalVariable.i++): null

2019-09-10 03:57:45 - [MESSAGE][PASSED] - Call Test Case 'Test Cases/mobileWeb/_include/get_screenshot' successfully

2019-09-10 03:57:45 - [TEST_STEP][PASSED] - verifyTextPresent("Congratulations", false): Text 'Congratulations' is present on page 

2019-09-10 03:57:45 - [MESSAGE][PASSED] - Text 'Congratulations' is present on page 

2019-09-10 03:57:45 - [MESSAGE][PASSED] - Call Test Case 'Test Cases/mobileWeb/_include/goToEnd_hbi' successfully]]></system-out>
         <system-err><![CDATA[]]></system-err>
      </testcase>
      <testcase name="Test Cases/mobileWeb/HBI/Core Shield" classname="Test Cases/mobileWeb/HBI/Core Shield" status="PASSED">
         <system-out><![CDATA[2019-09-10 03:57:45 - [TEST_CASE][PASSED] - Test Cases/mobileWeb/HBI/Core Shield: Test Cases/mobileWeb/HBI/Core Shield

2019-09-10 03:57:45 - [TEST_STEP][PASSED] - callTestCase(findTestCase("mobileWeb/_include/get_screenPath"), ["productLine":"hbi", "carrierName":"Core Shield"], CONTINUE_ON_FAILURE): Call Test Case 'Test Cases/mobileWeb/_include/get_screenPath' successfully

2019-09-10 03:57:45 - [TEST_CASE][PASSED] - Test Cases/mobileWeb/_include/get_screenPath: Test Cases/mobileWeb/_include/get_screenPath

2019-09-10 03:57:45 - [TEST_STEP][PASSED] - m = getExecutionProperties(): null

2019-09-10 03:57:45 - [TEST_STEP][PASSED] - deviceName = get("mobileEmulation").get("deviceName"): null

2019-09-10 03:57:45 - [TEST_STEP][PASSED] - println(deviceName): null

2019-09-10 03:57:45 - [TEST_STEP][PASSED] - now = new java.util.Date(): null

2019-09-10 03:57:45 - [TEST_STEP][PASSED] - mydate = now.format("yyyyMMdd_HHmmss"): null

2019-09-10 03:57:45 - [TEST_STEP][PASSED] - screenPath = "../Screenshots/": null

2019-09-10 03:57:45 - [TEST_STEP][PASSED] - screenPath = screenPath + deviceName + "/" + productLine + "/" + carrierName + "/" + "standard" + "/": null

2019-09-10 03:57:45 - [TEST_STEP][PASSED] - println(screenPath): null

2019-09-10 03:57:45 - [MESSAGE][PASSED] - Call Test Case 'Test Cases/mobileWeb/_include/get_screenPath' successfully

2019-09-10 03:57:45 - [TEST_STEP][PASSED] - i = 0: null

2019-09-10 03:57:45 - [TEST_STEP][PASSED] - callTestCase(findTestCase("mobileWeb/_include/openWebSite"), [:], CONTINUE_ON_FAILURE): Call Test Case 'Test Cases/mobileWeb/_include/openWebSite' successfully

2019-09-10 03:57:46 - [TEST_CASE][PASSED] - Test Cases/mobileWeb/_include/openWebSite: Test Cases/mobileWeb/_include/openWebSite

2019-09-10 03:57:46 - [TEST_STEP][PASSED] - openBrowser(env): Browser is opened with url: 'https://praetemptatus.agilehealthinsurance.com'

2019-09-10 03:57:46 - [MESSAGE][WARNING] - A browser is already opened. Closing browser and opening a new one

2019-09-10 03:57:46 - [MESSAGE][INFO] - Starting 'Chrome' driver

2019-09-10 03:57:46 - [MESSAGE][INFO] - User set preference: ['mobileEmulation', '{deviceName=iPhone X}']

2019-09-10 03:57:46 - [MESSAGE][INFO] - User set preference: ['args', '[--incognito, --aggressive-cache-discard, --no-sandbox, --window-size=375,812]']

2019-09-10 03:57:48 - [MESSAGE][PASSED] - Browser is opened with url: 'https://praetemptatus.agilehealthinsurance.com'

2019-09-10 03:57:48 - [TEST_STEP][PASSED] - waitForPageLoad(20): Wait for page load successfully

2019-09-10 03:57:50 - [MESSAGE][PASSED] - Wait for page load successfully

2019-09-10 03:57:50 - [TEST_STEP][PASSED] - Thread.sleep(2000): null

2019-09-10 03:57:52 - [TEST_STEP][PASSED] - callTestCase(findTestCase("mobileWeb/_include/get_screenshot"), [:], STOP_ON_FAILURE): Call Test Case 'Test Cases/mobileWeb/_include/get_screenshot' successfully

2019-09-10 03:57:52 - [TEST_CASE][PASSED] - Test Cases/mobileWeb/_include/get_screenshot: Test Cases/mobileWeb/_include/get_screenshot

2019-09-10 03:57:52 - [TEST_STEP][PASSED] - takeScreenshot(screenPath + i + ".png"): Taking screenshot successfully

2019-09-10 03:57:53 - [MESSAGE][PASSED] - Taking screenshot successfully
[[ATTACHMENT|D:\\Test\\AgileTest\\Reports\\mobileWeb\\hbi\\20190910_035329\\../Screenshots/iPhone X/hbi/Core Shield/standard/0.png]]

2019-09-10 03:57:53 - [TEST_STEP][PASSED] - (internal.GlobalVariable.i++): null

2019-09-10 03:57:53 - [MESSAGE][PASSED] - Call Test Case 'Test Cases/mobileWeb/_include/get_screenshot' successfully

2019-09-10 03:57:53 - [MESSAGE][PASSED] - Call Test Case 'Test Cases/mobileWeb/_include/openWebSite' successfully

2019-09-10 03:57:53 - [TEST_STEP][PASSED] - callTestCase(findTestCase("mobileWeb/_include/census_hbi"), [:], CONTINUE_ON_FAILURE): Call Test Case 'Test Cases/mobileWeb/_include/census_hbi' successfully

2019-09-10 03:57:53 - [TEST_CASE][PASSED] - Test Cases/mobileWeb/_include/census_hbi: Test Cases/mobileWeb/_include/census_hbi

2019-09-10 03:57:53 - [TEST_STEP][PASSED] - click(findTestObject("mobileSanity/Common/side_nav/menu")): Object: 'Object Repository/mobileSanity/Common/side_nav/menu' is clicked on

2019-09-10 03:57:53 - [MESSAGE][PASSED] - Object: 'Object Repository/mobileSanity/Common/side_nav/menu' is clicked on

2019-09-10 03:57:53 - [TEST_STEP][PASSED] - Thread.sleep(3000): null

2019-09-10 03:57:56 - [TEST_STEP][PASSED] - callTestCase(findTestCase("mobileWeb/_include/get_screenshot"), [:], STOP_ON_FAILURE): Call Test Case 'Test Cases/mobileWeb/_include/get_screenshot' successfully

2019-09-10 03:57:56 - [TEST_CASE][PASSED] - Test Cases/mobileWeb/_include/get_screenshot: Test Cases/mobileWeb/_include/get_screenshot

2019-09-10 03:57:56 - [TEST_STEP][PASSED] - takeScreenshot(screenPath + i + ".png"): Taking screenshot successfully

2019-09-10 03:57:56 - [MESSAGE][PASSED] - Taking screenshot successfully
[[ATTACHMENT|D:\\Test\\AgileTest\\Reports\\mobileWeb\\hbi\\20190910_035329\\../Screenshots/iPhone X/hbi/Core Shield/standard/1.png]]

2019-09-10 03:57:56 - [TEST_STEP][PASSED] - (internal.GlobalVariable.i++): null

2019-09-10 03:57:56 - [MESSAGE][PASSED] - Call Test Case 'Test Cases/mobileWeb/_include/get_screenshot' successfully

2019-09-10 03:57:56 - [TEST_STEP][PASSED] - click(findTestObject("mobileSanity/Common/side_nav/nav_hbi")): Object: 'Object Repository/mobileSanity/Common/side_nav/nav_hbi' is clicked on

2019-09-10 03:57:57 - [MESSAGE][PASSED] - Object: 'Object Repository/mobileSanity/Common/side_nav/nav_hbi' is clicked on

2019-09-10 03:57:57 - [TEST_STEP][PASSED] - waitForPageLoad(10): Wait for page load successfully

2019-09-10 03:57:57 - [MESSAGE][PASSED] - Wait for page load successfully

2019-09-10 03:57:57 - [TEST_STEP][PASSED] - Thread.sleep(3000): null

2019-09-10 03:58:00 - [TEST_STEP][PASSED] - callTestCase(findTestCase("mobileWeb/_include/get_screenshot"), [:], STOP_ON_FAILURE): Call Test Case 'Test Cases/mobileWeb/_include/get_screenshot' successfully

2019-09-10 03:58:00 - [TEST_CASE][PASSED] - Test Cases/mobileWeb/_include/get_screenshot: Test Cases/mobileWeb/_include/get_screenshot

2019-09-10 03:58:00 - [TEST_STEP][PASSED] - takeScreenshot(screenPath + i + ".png"): Taking screenshot successfully

2019-09-10 03:58:01 - [MESSAGE][PASSED] - Taking screenshot successfully
[[ATTACHMENT|D:\\Test\\AgileTest\\Reports\\mobileWeb\\hbi\\20190910_035329\\../Screenshots/iPhone X/hbi/Core Shield/standard/2.png]]

2019-09-10 03:58:01 - [TEST_STEP][PASSED] - (internal.GlobalVariable.i++): null

2019-09-10 03:58:01 - [MESSAGE][PASSED] - Call Test Case 'Test Cases/mobileWeb/_include/get_screenshot' successfully

2019-09-10 03:58:01 - [TEST_STEP][PASSED] - setText(findTestObject("mobileSanity/HBI/census/input_Location_zip-input"), zipcode): Text '35215' is set on object 'Object Repository/mobileSanity/HBI/census/input_Location_zip-input'

2019-09-10 03:58:01 - [MESSAGE][PASSED] - Text '35215' is set on object 'Object Repository/mobileSanity/HBI/census/input_Location_zip-input'

2019-09-10 03:58:01 - [TEST_STEP][PASSED] - Thread.sleep(500): null

2019-09-10 03:58:01 - [TEST_STEP][PASSED] - setText(findTestObject("mobileSanity/HBI/census/input_Date of Birth_dob-0"), "12121980"): Text '12121980' is set on object 'Object Repository/mobileSanity/HBI/census/input_Date of Birth_dob-0'

2019-09-10 03:58:01 - [MESSAGE][PASSED] - Text '12121980' is set on object 'Object Repository/mobileSanity/HBI/census/input_Date of Birth_dob-0'

2019-09-10 03:58:01 - [TEST_STEP][PASSED] - click(findTestObject("mobileSanity/HBI/census/label_Male")): Object: 'Object Repository/mobileSanity/HBI/census/label_Male' is clicked on

2019-09-10 03:58:02 - [MESSAGE][PASSED] - Object: 'Object Repository/mobileSanity/HBI/census/label_Male' is clicked on

2019-09-10 03:58:02 - [TEST_STEP][PASSED] - click(findTestObject("mobileSanity/HBI/census/label_Get a Quote")): Object: 'Object Repository/mobileSanity/HBI/census/label_Get a Quote' is clicked on

2019-09-10 03:58:02 - [MESSAGE][PASSED] - Object: 'Object Repository/mobileSanity/HBI/census/label_Get a Quote' is clicked on

2019-09-10 03:58:02 - [TEST_STEP][PASSED] - waitForPageLoad(20): Wait for page load successfully

2019-09-10 03:58:03 - [MESSAGE][PASSED] - Wait for page load successfully

2019-09-10 03:58:03 - [TEST_STEP][PASSED] - Thread.sleep(3000): null

2019-09-10 03:58:06 - [TEST_STEP][PASSED] - callTestCase(findTestCase("mobileWeb/_include/get_screenshot"), [:], STOP_ON_FAILURE): Call Test Case 'Test Cases/mobileWeb/_include/get_screenshot' successfully

2019-09-10 03:58:06 - [TEST_CASE][PASSED] - Test Cases/mobileWeb/_include/get_screenshot: Test Cases/mobileWeb/_include/get_screenshot

2019-09-10 03:58:06 - [TEST_STEP][PASSED] - takeScreenshot(screenPath + i + ".png"): Taking screenshot successfully

2019-09-10 03:58:06 - [MESSAGE][PASSED] - Taking screenshot successfully
[[ATTACHMENT|D:\\Test\\AgileTest\\Reports\\mobileWeb\\hbi\\20190910_035329\\../Screenshots/iPhone X/hbi/Core Shield/standard/3.png]]

2019-09-10 03:58:06 - [TEST_STEP][PASSED] - (internal.GlobalVariable.i++): null

2019-09-10 03:58:06 - [MESSAGE][PASSED] - Call Test Case 'Test Cases/mobileWeb/_include/get_screenshot' successfully

2019-09-10 03:58:06 - [MESSAGE][PASSED] - Call Test Case 'Test Cases/mobileWeb/_include/census_hbi' successfully

2019-09-10 03:58:06 - [TEST_STEP][PASSED] - Thread.sleep(5000): null

2019-09-10 03:58:11 - [TEST_STEP][PASSED] - scrollToPosition(200, 2300): Browser is scrolled to position x = 200, y = 2300

2019-09-10 03:58:11 - [MESSAGE][PASSED] - Browser is scrolled to position x = 200, y = 2300

2019-09-10 03:58:11 - [TEST_STEP][PASSED] - click(findTestObject("mobileSanity/HBI/quote/a_Core Shield")): Object: 'Object Repository/mobileSanity/HBI/quote/a_Core Shield' is clicked on

2019-09-10 03:58:12 - [MESSAGE][PASSED] - Object: 'Object Repository/mobileSanity/HBI/quote/a_Core Shield' is clicked on

2019-09-10 03:58:12 - [TEST_STEP][PASSED] - waitForPageLoad(20): Wait for page load successfully

2019-09-10 03:58:12 - [MESSAGE][PASSED] - Wait for page load successfully

2019-09-10 03:58:12 - [TEST_STEP][PASSED] - callTestCase(findTestCase("mobileWeb/_include/get_screenshot"), [:], STOP_ON_FAILURE): Call Test Case 'Test Cases/mobileWeb/_include/get_screenshot' successfully

2019-09-10 03:58:12 - [TEST_CASE][PASSED] - Test Cases/mobileWeb/_include/get_screenshot: Test Cases/mobileWeb/_include/get_screenshot

2019-09-10 03:58:12 - [TEST_STEP][PASSED] - takeScreenshot(screenPath + i + ".png"): Taking screenshot successfully

2019-09-10 03:58:13 - [MESSAGE][PASSED] - Taking screenshot successfully
[[ATTACHMENT|D:\\Test\\AgileTest\\Reports\\mobileWeb\\hbi\\20190910_035329\\../Screenshots/iPhone X/hbi/Core Shield/standard/4.png]]

2019-09-10 03:58:13 - [TEST_STEP][PASSED] - (internal.GlobalVariable.i++): null

2019-09-10 03:58:13 - [MESSAGE][PASSED] - Call Test Case 'Test Cases/mobileWeb/_include/get_screenshot' successfully

2019-09-10 03:58:13 - [TEST_STEP][PASSED] - click(findTestObject("mobileSanity/HBI/detail/a_Apply for This Plan")): Object: 'Object Repository/mobileSanity/HBI/detail/a_Apply for This Plan' is clicked on

2019-09-10 03:58:14 - [MESSAGE][PASSED] - Object: 'Object Repository/mobileSanity/HBI/detail/a_Apply for This Plan' is clicked on

2019-09-10 03:58:14 - [TEST_STEP][PASSED] - waitForPageLoad(20): Wait for page load successfully

2019-09-10 03:58:14 - [MESSAGE][PASSED] - Wait for page load successfully

2019-09-10 03:58:14 - [TEST_STEP][PASSED] - callTestCase(findTestCase("mobileWeb/_include/get_screenshot"), [:], STOP_ON_FAILURE): Call Test Case 'Test Cases/mobileWeb/_include/get_screenshot' successfully

2019-09-10 03:58:14 - [TEST_CASE][PASSED] - Test Cases/mobileWeb/_include/get_screenshot: Test Cases/mobileWeb/_include/get_screenshot

2019-09-10 03:58:14 - [TEST_STEP][PASSED] - takeScreenshot(screenPath + i + ".png"): Taking screenshot successfully

2019-09-10 03:58:14 - [MESSAGE][PASSED] - Taking screenshot successfully
[[ATTACHMENT|D:\\Test\\AgileTest\\Reports\\mobileWeb\\hbi\\20190910_035329\\../Screenshots/iPhone X/hbi/Core Shield/standard/5.png]]

2019-09-10 03:58:14 - [TEST_STEP][PASSED] - (internal.GlobalVariable.i++): null

2019-09-10 03:58:14 - [MESSAGE][PASSED] - Call Test Case 'Test Cases/mobileWeb/_include/get_screenshot' successfully

2019-09-10 03:58:14 - [TEST_STEP][PASSED] - click(findTestObject("mobileSanity/HBI/Page_Apply/span_Start Secure Application")): Object: 'Object Repository/mobileSanity/HBI/Page_Apply/span_Start Secure Application' is clicked on

2019-09-10 03:58:15 - [MESSAGE][PASSED] - Object: 'Object Repository/mobileSanity/HBI/Page_Apply/span_Start Secure Application' is clicked on

2019-09-10 03:58:15 - [TEST_STEP][PASSED] - waitForPageLoad(20): Wait for page load successfully

2019-09-10 03:58:15 - [MESSAGE][PASSED] - Wait for page load successfully

2019-09-10 03:58:15 - [TEST_STEP][PASSED] - Thread.sleep(5000): null

2019-09-10 03:58:20 - [TEST_STEP][PASSED] - callTestCase(findTestCase("mobileWeb/_include/get_screenshot"), [:], STOP_ON_FAILURE): Call Test Case 'Test Cases/mobileWeb/_include/get_screenshot' successfully

2019-09-10 03:58:21 - [TEST_CASE][PASSED] - Test Cases/mobileWeb/_include/get_screenshot: Test Cases/mobileWeb/_include/get_screenshot

2019-09-10 03:58:21 - [TEST_STEP][PASSED] - takeScreenshot(screenPath + i + ".png"): Taking screenshot successfully

2019-09-10 03:58:21 - [MESSAGE][PASSED] - Taking screenshot successfully
[[ATTACHMENT|D:\\Test\\AgileTest\\Reports\\mobileWeb\\hbi\\20190910_035329\\../Screenshots/iPhone X/hbi/Core Shield/standard/6.png]]

2019-09-10 03:58:21 - [TEST_STEP][PASSED] - (internal.GlobalVariable.i++): null

2019-09-10 03:58:21 - [MESSAGE][PASSED] - Call Test Case 'Test Cases/mobileWeb/_include/get_screenshot' successfully

2019-09-10 03:58:21 - [TEST_STEP][PASSED] - callTestCase(findTestCase("mobileWeb/_include/goToEnd_hbi"), ["carrier":"coreshield"], CONTINUE_ON_FAILURE): Call Test Case 'Test Cases/mobileWeb/_include/goToEnd_hbi' successfully

2019-09-10 03:58:21 - [TEST_CASE][PASSED] - Test Cases/mobileWeb/_include/goToEnd_hbi: Test Cases/mobileWeb/_include/goToEnd_hbi

2019-09-10 03:58:21 - [TEST_STEP][PASSED] - if (state == "ca"): null

2019-09-10 03:58:21 - [TEST_STEP][PASSED] - callTestCase(findTestCase("mobileWeb/_include/name"), [:], CONTINUE_ON_FAILURE): Call Test Case 'Test Cases/mobileWeb/_include/name' successfully

2019-09-10 03:58:21 - [TEST_CASE][PASSED] - Test Cases/mobileWeb/_include/name: Test Cases/mobileWeb/_include/name

2019-09-10 03:58:21 - [TEST_STEP][PASSED] - driver = getWebDriver(): null

2019-09-10 03:58:21 - [TEST_STEP][PASSED] - selenium = new com.thoughtworks.selenium.webdriven.WebDriverBackedSelenium(driver, internal.GlobalVariable.ENV): null

2019-09-10 03:58:21 - [TEST_STEP][PASSED] - FirstName = "Test-123": null

2019-09-10 03:58:21 - [TEST_STEP][PASSED] - LastName = selenium.getEval("{var x="ABCDEFGHIJKLMNOPQRSTUVWXYZabcdefghijklmnopqrstuvwxyz"; var tmp="ZZ11-"; for (i=0;i<8;i++) tmp+=x.charAt(Math.ceil(51*Math.random()));tmp;}"): null

2019-09-10 03:58:21 - [TEST_STEP][PASSED] - Address = selenium.getEval("{var x="ABCDEFGHIJKLMNOPQRSTUVWXYZabcdefghijklmnopqrstuvwxyz"; var tmp=""; for (i=0;i<8;i++) tmp+=x.charAt(Math.ceil(51*Math.random()));tmp;}"): null

2019-09-10 03:58:21 - [TEST_STEP][PASSED] - City = selenium.getEval("{var x="ABCDEFGHIJKLMNOPQRSTUVWXYZabcdefghijklmnopqrstuvwxyz"; var tmp=""; for (i=0;i<8;i++) tmp+=x.charAt(Math.ceil(51*Math.random()));tmp;}"): null

2019-09-10 03:58:21 - [TEST_STEP][PASSED] - tel1 = selenium.getEval("{var x="123456789"; var tmp=""; for (i=0;i<3;i++) tmp+=x.charAt(Math.ceil(8*Math.random()));tmp;}"): null

2019-09-10 03:58:21 - [TEST_STEP][PASSED] - tel2 = selenium.getEval("{var x="123456789"; var tmp=""; for (i=0;i<3;i++) tmp+=x.charAt(Math.ceil(8*Math.random()));tmp;}"): null

2019-09-10 03:58:21 - [TEST_STEP][PASSED] - tel3 = selenium.getEval("{var x="123456789"; var tmp=""; for (i=0;i<4;i++) tmp+=x.charAt(Math.ceil(8*Math.random()));tmp;}"): null

2019-09-10 03:58:21 - [TEST_STEP][PASSED] - Tel = selenium.getExpression(tel1 + "-" + tel2 + "-" + tel3): null

2019-09-10 03:58:21 - [TEST_STEP][PASSED] - AutoEmail = selenium.getEval("{var x="ABCDEFGHIJKLMNOPQRSTUVWXYZabcdefghijklmnopqrstuvwxyz"; var tmp="test."; for (i=0;i<8;i++) tmp+=x.charAt(Math.ceil(51*Math.random()));tmp+="@suryani.cn";}"): null

2019-09-10 03:58:21 - [TEST_STEP][PASSED] - FirstName = FirstName: null

2019-09-10 03:58:21 - [TEST_STEP][PASSED] - LastName = LastName: null

2019-09-10 03:58:21 - [TEST_STEP][PASSED] - Address = Address: null

2019-09-10 03:58:21 - [TEST_STEP][PASSED] - City = City: null

2019-09-10 03:58:21 - [TEST_STEP][PASSED] - Tel = Tel: null

2019-09-10 03:58:21 - [TEST_STEP][PASSED] - AutoEmail = AutoEmail: null

2019-09-10 03:58:21 - [TEST_STEP][PASSED] - println(FirstName): null

2019-09-10 03:58:21 - [TEST_STEP][PASSED] - println(LastName): null

2019-09-10 03:58:21 - [TEST_STEP][PASSED] - println(Address): null

2019-09-10 03:58:21 - [TEST_STEP][PASSED] - println(City): null

2019-09-10 03:58:21 - [TEST_STEP][PASSED] - println(Tel): null

2019-09-10 03:58:21 - [TEST_STEP][PASSED] - println(AutoEmail): null

2019-09-10 03:58:21 - [MESSAGE][PASSED] - Call Test Case 'Test Cases/mobileWeb/_include/name' successfully

2019-09-10 03:58:21 - [TEST_STEP][PASSED] - setText(findTestObject("mobileSanity/HBI/Page_App Page 1/input__member-P-1-firstName"), FirstName): Text 'Test-123' is set on object 'Object Repository/mobileSanity/HBI/Page_App Page 1/input__member-P-1-firstName'

2019-09-10 03:58:21 - [MESSAGE][PASSED] - Text 'Test-123' is set on object 'Object Repository/mobileSanity/HBI/Page_App Page 1/input__member-P-1-firstName'

2019-09-10 03:58:21 - [TEST_STEP][PASSED] - setText(findTestObject("mobileSanity/HBI/Page_App Page 1/input__member-P-1-lastName"), LastName): Text 'ZZ11-PqGknvmM' is set on object 'Object Repository/mobileSanity/HBI/Page_App Page 1/input__member-P-1-lastName'

2019-09-10 03:58:22 - [MESSAGE][PASSED] - Text 'ZZ11-PqGknvmM' is set on object 'Object Repository/mobileSanity/HBI/Page_App Page 1/input__member-P-1-lastName'

2019-09-10 03:58:22 - [TEST_STEP][PASSED] - if (carrier == "agileone" || carrier == "agilesecure"): null

2019-09-10 03:58:22 - [TEST_STEP][PASSED] - setText(findTestObject("mobileSanity/HBI/Page_App Page 1/input__address"), Address): Text 'cHkZELKP' is set on object 'Object Repository/mobileSanity/HBI/Page_App Page 1/input__address'

2019-09-10 03:58:22 - [MESSAGE][PASSED] - Text 'cHkZELKP' is set on object 'Object Repository/mobileSanity/HBI/Page_App Page 1/input__address'

2019-09-10 03:58:22 - [TEST_STEP][PASSED] - setText(findTestObject("mobileSanity/HBI/Page_App Page 1/input__city"), City): Text 'ZUClJCnO' is set on object 'Object Repository/mobileSanity/HBI/Page_App Page 1/input__city'

2019-09-10 03:58:22 - [MESSAGE][PASSED] - Text 'ZUClJCnO' is set on object 'Object Repository/mobileSanity/HBI/Page_App Page 1/input__city'

2019-09-10 03:58:22 - [TEST_STEP][PASSED] - setText(findTestObject("mobileSanity/HBI/Page_App Page 1/input__email"), AutoEmail): Text 'test.ZzzzjCVH@suryani.cn' is set on object 'Object Repository/mobileSanity/HBI/Page_App Page 1/input__email'

2019-09-10 03:58:23 - [MESSAGE][PASSED] - Text 'test.ZzzzjCVH@suryani.cn' is set on object 'Object Repository/mobileSanity/HBI/Page_App Page 1/input__email'

2019-09-10 03:58:23 - [TEST_STEP][PASSED] - setText(findTestObject("mobileSanity/HBI/Page_App Page 1/input_tel"), Tel): Text '793-794-9463' is set on object 'Object Repository/mobileSanity/HBI/Page_App Page 1/input_tel'

2019-09-10 03:58:23 - [MESSAGE][PASSED] - Text '793-794-9463' is set on object 'Object Repository/mobileSanity/HBI/Page_App Page 1/input_tel'

2019-09-10 03:58:23 - [TEST_STEP][PASSED] - click(findTestObject("mobileSanity/HBI/Page_App Page 1/a_Continue to Step 2 - Payment")): Object: 'Object Repository/mobileSanity/HBI/Page_App Page 1/a_Continue to Step 2 - Payment' is clicked on

2019-09-10 03:58:23 - [MESSAGE][PASSED] - Object: 'Object Repository/mobileSanity/HBI/Page_App Page 1/a_Continue to Step 2 - Payment' is clicked on

2019-09-10 03:58:23 - [TEST_STEP][PASSED] - waitForPageLoad(20): Wait for page load successfully

2019-09-10 03:58:23 - [MESSAGE][PASSED] - Wait for page load successfully

2019-09-10 03:58:23 - [TEST_STEP][PASSED] - Thread.sleep(2000): null

2019-09-10 03:58:25 - [TEST_STEP][PASSED] - waitForElementVisible(findTestObject("mobileSanity/HBI/Page_App Page 2/input__credit-card-first"), 20): Object 'Object Repository/mobileSanity/HBI/Page_App Page 2/input__credit-card-first' is visible

2019-09-10 03:58:25 - [MESSAGE][PASSED] - Object 'Object Repository/mobileSanity/HBI/Page_App Page 2/input__credit-card-first' is visible

2019-09-10 03:58:25 - [TEST_STEP][PASSED] - callTestCase(findTestCase("mobileWeb/_include/get_screenshot"), [:], STOP_ON_FAILURE): Call Test Case 'Test Cases/mobileWeb/_include/get_screenshot' successfully

2019-09-10 03:58:25 - [TEST_CASE][PASSED] - Test Cases/mobileWeb/_include/get_screenshot: Test Cases/mobileWeb/_include/get_screenshot

2019-09-10 03:58:25 - [TEST_STEP][PASSED] - takeScreenshot(screenPath + i + ".png"): Taking screenshot successfully

2019-09-10 03:58:26 - [MESSAGE][PASSED] - Taking screenshot successfully
[[ATTACHMENT|D:\\Test\\AgileTest\\Reports\\mobileWeb\\hbi\\20190910_035329\\../Screenshots/iPhone X/hbi/Core Shield/standard/7.png]]

2019-09-10 03:58:26 - [TEST_STEP][PASSED] - (internal.GlobalVariable.i++): null

2019-09-10 03:58:26 - [MESSAGE][PASSED] - Call Test Case 'Test Cases/mobileWeb/_include/get_screenshot' successfully

2019-09-10 03:58:26 - [TEST_STEP][PASSED] - setText(findTestObject("mobileSanity/HBI/Page_App Page 2/input__credit-card-first"), FirstName): Text 'Test-123' is set on object 'Object Repository/mobileSanity/HBI/Page_App Page 2/input__credit-card-first'

2019-09-10 03:58:26 - [MESSAGE][PASSED] - Text 'Test-123' is set on object 'Object Repository/mobileSanity/HBI/Page_App Page 2/input__credit-card-first'

2019-09-10 03:58:26 - [TEST_STEP][PASSED] - setText(findTestObject("mobileSanity/HBI/Page_App Page 2/input__credit-card-last"), LastName): Text 'ZZ11-PqGknvmM' is set on object 'Object Repository/mobileSanity/HBI/Page_App Page 2/input__credit-card-last'

2019-09-10 03:58:26 - [MESSAGE][PASSED] - Text 'ZZ11-PqGknvmM' is set on object 'Object Repository/mobileSanity/HBI/Page_App Page 2/input__credit-card-last'

2019-09-10 03:58:26 - [TEST_STEP][PASSED] - selectOptionByValue(findTestObject("mobileSanity/HBI/Page_App Page 2/select_MM010203040506070809101"), "12", true): All options with value '12' are selected in object 'Object Repository/mobileSanity/HBI/Page_App Page 2/select_MM010203040506070809101'  using regular expression

2019-09-10 03:58:26 - [MESSAGE][PASSED] - All options with value '12' are selected in object 'Object Repository/mobileSanity/HBI/Page_App Page 2/select_MM010203040506070809101'  using regular expression

2019-09-10 03:58:26 - [TEST_STEP][PASSED] - selectOptionByValue(findTestObject("mobileSanity/HBI/Page_App Page 2/select_YYYY2019202020212022202"), "2026", true): All options with value '2026' are selected in object 'Object Repository/mobileSanity/HBI/Page_App Page 2/select_YYYY2019202020212022202'  using regular expression

2019-09-10 03:58:26 - [MESSAGE][PASSED] - All options with value '2026' are selected in object 'Object Repository/mobileSanity/HBI/Page_App Page 2/select_YYYY2019202020212022202'  using regular expression

2019-09-10 03:58:26 - [TEST_STEP][PASSED] - setText(findTestObject("mobileSanity/HBI/Page_App Page 2/input__credit-card-number"), "4111111111111111"): Text '4111111111111111' is set on object 'Object Repository/mobileSanity/HBI/Page_App Page 2/input__credit-card-number'

2019-09-10 03:58:27 - [MESSAGE][PASSED] - Text '4111111111111111' is set on object 'Object Repository/mobileSanity/HBI/Page_App Page 2/input__credit-card-number'

2019-09-10 03:58:27 - [TEST_STEP][PASSED] - setText(findTestObject("mobileSanity/HBI/Page_App Page 2/input__cvv"), "123"): Text '123' is set on object 'Object Repository/mobileSanity/HBI/Page_App Page 2/input__cvv'

2019-09-10 03:58:27 - [MESSAGE][PASSED] - Text '123' is set on object 'Object Repository/mobileSanity/HBI/Page_App Page 2/input__cvv'

2019-09-10 03:58:27 - [TEST_STEP][PASSED] - click(findTestObject("mobileSanity/HBI/Page_App Page 2/label_My billing address is th")): Object: 'Object Repository/mobileSanity/HBI/Page_App Page 2/label_My billing address is th' is clicked on

2019-09-10 03:58:27 - [MESSAGE][PASSED] - Object: 'Object Repository/mobileSanity/HBI/Page_App Page 2/label_My billing address is th' is clicked on

2019-09-10 03:58:27 - [TEST_STEP][PASSED] - click(findTestObject("mobileSanity/HBI/Page_App Page 2/label_I Accept Authorization f")): Object: 'Object Repository/mobileSanity/HBI/Page_App Page 2/label_I Accept Authorization f' is clicked on

2019-09-10 03:58:27 - [MESSAGE][PASSED] - Object: 'Object Repository/mobileSanity/HBI/Page_App Page 2/label_I Accept Authorization f' is clicked on

2019-09-10 03:58:27 - [TEST_STEP][PASSED] - click(findTestObject("mobileSanity/HBI/Page_App Page 2/a_Continue to Step 3 - Review")): Object: 'Object Repository/mobileSanity/HBI/Page_App Page 2/a_Continue to Step 3 - Review' is clicked on

2019-09-10 03:58:27 - [MESSAGE][PASSED] - Object: 'Object Repository/mobileSanity/HBI/Page_App Page 2/a_Continue to Step 3 - Review' is clicked on

2019-09-10 03:58:27 - [TEST_STEP][PASSED] - waitForPageLoad(20): Wait for page load successfully

2019-09-10 03:58:27 - [MESSAGE][PASSED] - Wait for page load successfully

2019-09-10 03:58:27 - [TEST_STEP][PASSED] - Thread.sleep(10000): null

2019-09-10 03:58:37 - [TEST_STEP][PASSED] - waitForElementPresent(findTestObject("mobileSanity/HBI/Page_App Page 3/label"), 20): Object 'Object Repository/mobileSanity/HBI/Page_App Page 3/label' is present

2019-09-10 03:58:38 - [MESSAGE][PASSED] - Object 'Object Repository/mobileSanity/HBI/Page_App Page 3/label' is present

2019-09-10 03:58:38 - [TEST_STEP][PASSED] - callTestCase(findTestCase("mobileWeb/_include/get_screenshot"), [:], STOP_ON_FAILURE): Call Test Case 'Test Cases/mobileWeb/_include/get_screenshot' successfully

2019-09-10 03:58:38 - [TEST_CASE][PASSED] - Test Cases/mobileWeb/_include/get_screenshot: Test Cases/mobileWeb/_include/get_screenshot

2019-09-10 03:58:38 - [TEST_STEP][PASSED] - takeScreenshot(screenPath + i + ".png"): Taking screenshot successfully

2019-09-10 03:58:38 - [MESSAGE][PASSED] - Taking screenshot successfully
[[ATTACHMENT|D:\\Test\\AgileTest\\Reports\\mobileWeb\\hbi\\20190910_035329\\../Screenshots/iPhone X/hbi/Core Shield/standard/8.png]]

2019-09-10 03:58:38 - [TEST_STEP][PASSED] - (internal.GlobalVariable.i++): null

2019-09-10 03:58:38 - [MESSAGE][PASSED] - Call Test Case 'Test Cases/mobileWeb/_include/get_screenshot' successfully

2019-09-10 03:58:38 - [TEST_STEP][PASSED] - click(findTestObject("mobileSanity/HBI/Page_App Page 3/label")): Object: 'Object Repository/mobileSanity/HBI/Page_App Page 3/label' is clicked on

2019-09-10 03:58:38 - [MESSAGE][PASSED] - Object: 'Object Repository/mobileSanity/HBI/Page_App Page 3/label' is clicked on

2019-09-10 03:58:38 - [TEST_STEP][PASSED] - click(findTestObject("mobileSanity/HBI/Page_App Page 3/p_CLICK TO SIGN")): Object: 'Object Repository/mobileSanity/HBI/Page_App Page 3/p_CLICK TO SIGN' is clicked on

2019-09-10 03:58:38 - [MESSAGE][PASSED] - Object: 'Object Repository/mobileSanity/HBI/Page_App Page 3/p_CLICK TO SIGN' is clicked on

2019-09-10 03:58:38 - [TEST_STEP][PASSED] - click(findTestObject("mobileSanity/HBI/Page_App Page 3/a_Submit Your Application")): Object: 'Object Repository/mobileSanity/HBI/Page_App Page 3/a_Submit Your Application' is clicked on

2019-09-10 03:58:39 - [MESSAGE][PASSED] - Object: 'Object Repository/mobileSanity/HBI/Page_App Page 3/a_Submit Your Application' is clicked on

2019-09-10 03:58:39 - [TEST_STEP][PASSED] - Thread.sleep(30000): null

2019-09-10 03:59:09 - [TEST_STEP][PASSED] - callTestCase(findTestCase("mobileWeb/_include/get_screenshot"), [:], STOP_ON_FAILURE): Call Test Case 'Test Cases/mobileWeb/_include/get_screenshot' successfully

2019-09-10 03:59:09 - [TEST_CASE][PASSED] - Test Cases/mobileWeb/_include/get_screenshot: Test Cases/mobileWeb/_include/get_screenshot

2019-09-10 03:59:09 - [TEST_STEP][PASSED] - takeScreenshot(screenPath + i + ".png"): Taking screenshot successfully

2019-09-10 03:59:09 - [MESSAGE][PASSED] - Taking screenshot successfully
[[ATTACHMENT|D:\\Test\\AgileTest\\Reports\\mobileWeb\\hbi\\20190910_035329\\../Screenshots/iPhone X/hbi/Core Shield/standard/9.png]]

2019-09-10 03:59:09 - [TEST_STEP][PASSED] - (internal.GlobalVariable.i++): null

2019-09-10 03:59:09 - [MESSAGE][PASSED] - Call Test Case 'Test Cases/mobileWeb/_include/get_screenshot' successfully

2019-09-10 03:59:09 - [TEST_STEP][PASSED] - verifyTextPresent("Congratulations", false): Text 'Congratulations' is present on page 

2019-09-10 03:59:09 - [MESSAGE][PASSED] - Text 'Congratulations' is present on page 

2019-09-10 03:59:09 - [MESSAGE][PASSED] - Call Test Case 'Test Cases/mobileWeb/_include/goToEnd_hbi' successfully]]></system-out>
         <system-err><![CDATA[]]></system-err>
      </testcase>
      <testcase name="Test Cases/mobileWeb/HBI/Agile Secure" classname="Test Cases/mobileWeb/HBI/Agile Secure" status="PASSED">
         <system-out><![CDATA[2019-09-10 03:59:09 - [TEST_CASE][PASSED] - Test Cases/mobileWeb/HBI/Agile Secure: Test Cases/mobileWeb/HBI/Agile Secure

2019-09-10 03:59:10 - [TEST_STEP][PASSED] - callTestCase(findTestCase("mobileWeb/_include/get_screenPath"), ["productLine":"hbi", "carrierName":"Agile Secure"], CONTINUE_ON_FAILURE): Call Test Case 'Test Cases/mobileWeb/_include/get_screenPath' successfully

2019-09-10 03:59:10 - [TEST_CASE][PASSED] - Test Cases/mobileWeb/_include/get_screenPath: Test Cases/mobileWeb/_include/get_screenPath

2019-09-10 03:59:10 - [TEST_STEP][PASSED] - m = getExecutionProperties(): null

2019-09-10 03:59:10 - [TEST_STEP][PASSED] - deviceName = get("mobileEmulation").get("deviceName"): null

2019-09-10 03:59:10 - [TEST_STEP][PASSED] - println(deviceName): null

2019-09-10 03:59:10 - [TEST_STEP][PASSED] - now = new java.util.Date(): null

2019-09-10 03:59:10 - [TEST_STEP][PASSED] - mydate = now.format("yyyyMMdd_HHmmss"): null

2019-09-10 03:59:10 - [TEST_STEP][PASSED] - screenPath = "../Screenshots/": null

2019-09-10 03:59:10 - [TEST_STEP][PASSED] - screenPath = screenPath + deviceName + "/" + productLine + "/" + carrierName + "/" + "standard" + "/": null

2019-09-10 03:59:10 - [TEST_STEP][PASSED] - println(screenPath): null

2019-09-10 03:59:10 - [MESSAGE][PASSED] - Call Test Case 'Test Cases/mobileWeb/_include/get_screenPath' successfully

2019-09-10 03:59:10 - [TEST_STEP][PASSED] - i = 0: null

2019-09-10 03:59:10 - [TEST_STEP][PASSED] - callTestCase(findTestCase("mobileWeb/_include/openWebSite"), [:], CONTINUE_ON_FAILURE): Call Test Case 'Test Cases/mobileWeb/_include/openWebSite' successfully

2019-09-10 03:59:10 - [TEST_CASE][PASSED] - Test Cases/mobileWeb/_include/openWebSite: Test Cases/mobileWeb/_include/openWebSite

2019-09-10 03:59:10 - [TEST_STEP][PASSED] - openBrowser(env): Browser is opened with url: 'https://praetemptatus.agilehealthinsurance.com'

2019-09-10 03:59:10 - [MESSAGE][WARNING] - A browser is already opened. Closing browser and opening a new one

2019-09-10 03:59:10 - [MESSAGE][INFO] - Starting 'Chrome' driver

2019-09-10 03:59:10 - [MESSAGE][INFO] - User set preference: ['mobileEmulation', '{deviceName=iPhone X}']

2019-09-10 03:59:10 - [MESSAGE][INFO] - User set preference: ['args', '[--incognito, --aggressive-cache-discard, --no-sandbox, --window-size=375,812]']

2019-09-10 03:59:12 - [MESSAGE][PASSED] - Browser is opened with url: 'https://praetemptatus.agilehealthinsurance.com'

2019-09-10 03:59:12 - [TEST_STEP][PASSED] - waitForPageLoad(20): Wait for page load successfully

2019-09-10 03:59:12 - [MESSAGE][PASSED] - Wait for page load successfully

2019-09-10 03:59:12 - [TEST_STEP][PASSED] - Thread.sleep(2000): null

2019-09-10 03:59:14 - [TEST_STEP][PASSED] - callTestCase(findTestCase("mobileWeb/_include/get_screenshot"), [:], STOP_ON_FAILURE): Call Test Case 'Test Cases/mobileWeb/_include/get_screenshot' successfully

2019-09-10 03:59:14 - [TEST_CASE][PASSED] - Test Cases/mobileWeb/_include/get_screenshot: Test Cases/mobileWeb/_include/get_screenshot

2019-09-10 03:59:15 - [TEST_STEP][PASSED] - takeScreenshot(screenPath + i + ".png"): Taking screenshot successfully

2019-09-10 03:59:15 - [MESSAGE][PASSED] - Taking screenshot successfully
[[ATTACHMENT|D:\\Test\\AgileTest\\Reports\\mobileWeb\\hbi\\20190910_035329\\../Screenshots/iPhone X/hbi/Agile Secure/standard/0.png]]

2019-09-10 03:59:15 - [TEST_STEP][PASSED] - (internal.GlobalVariable.i++): null

2019-09-10 03:59:15 - [MESSAGE][PASSED] - Call Test Case 'Test Cases/mobileWeb/_include/get_screenshot' successfully

2019-09-10 03:59:15 - [MESSAGE][PASSED] - Call Test Case 'Test Cases/mobileWeb/_include/openWebSite' successfully

2019-09-10 03:59:15 - [TEST_STEP][PASSED] - callTestCase(findTestCase("mobileWeb/_include/census_hbi"), ["zipcode":"08701"], CONTINUE_ON_FAILURE): Call Test Case 'Test Cases/mobileWeb/_include/census_hbi' successfully

2019-09-10 03:59:15 - [TEST_CASE][PASSED] - Test Cases/mobileWeb/_include/census_hbi: Test Cases/mobileWeb/_include/census_hbi

2019-09-10 03:59:15 - [TEST_STEP][PASSED] - click(findTestObject("mobileSanity/Common/side_nav/menu")): Object: 'Object Repository/mobileSanity/Common/side_nav/menu' is clicked on

2019-09-10 03:59:15 - [MESSAGE][PASSED] - Object: 'Object Repository/mobileSanity/Common/side_nav/menu' is clicked on

2019-09-10 03:59:15 - [TEST_STEP][PASSED] - Thread.sleep(3000): null

2019-09-10 03:59:18 - [TEST_STEP][PASSED] - callTestCase(findTestCase("mobileWeb/_include/get_screenshot"), [:], STOP_ON_FAILURE): Call Test Case 'Test Cases/mobileWeb/_include/get_screenshot' successfully

2019-09-10 03:59:19 - [TEST_CASE][PASSED] - Test Cases/mobileWeb/_include/get_screenshot: Test Cases/mobileWeb/_include/get_screenshot

2019-09-10 03:59:19 - [TEST_STEP][PASSED] - takeScreenshot(screenPath + i + ".png"): Taking screenshot successfully

2019-09-10 03:59:19 - [MESSAGE][PASSED] - Taking screenshot successfully
[[ATTACHMENT|D:\\Test\\AgileTest\\Reports\\mobileWeb\\hbi\\20190910_035329\\../Screenshots/iPhone X/hbi/Agile Secure/standard/1.png]]

2019-09-10 03:59:19 - [TEST_STEP][PASSED] - (internal.GlobalVariable.i++): null

2019-09-10 03:59:19 - [MESSAGE][PASSED] - Call Test Case 'Test Cases/mobileWeb/_include/get_screenshot' successfully

2019-09-10 03:59:19 - [TEST_STEP][PASSED] - click(findTestObject("mobileSanity/Common/side_nav/nav_hbi")): Object: 'Object Repository/mobileSanity/Common/side_nav/nav_hbi' is clicked on

2019-09-10 03:59:20 - [MESSAGE][PASSED] - Object: 'Object Repository/mobileSanity/Common/side_nav/nav_hbi' is clicked on

2019-09-10 03:59:20 - [TEST_STEP][PASSED] - waitForPageLoad(10): Wait for page load successfully

2019-09-10 03:59:20 - [MESSAGE][PASSED] - Wait for page load successfully

2019-09-10 03:59:20 - [TEST_STEP][PASSED] - Thread.sleep(3000): null

2019-09-10 03:59:23 - [TEST_STEP][PASSED] - callTestCase(findTestCase("mobileWeb/_include/get_screenshot"), [:], STOP_ON_FAILURE): Call Test Case 'Test Cases/mobileWeb/_include/get_screenshot' successfully

2019-09-10 03:59:23 - [TEST_CASE][PASSED] - Test Cases/mobileWeb/_include/get_screenshot: Test Cases/mobileWeb/_include/get_screenshot

2019-09-10 03:59:23 - [TEST_STEP][PASSED] - takeScreenshot(screenPath + i + ".png"): Taking screenshot successfully

2019-09-10 03:59:23 - [MESSAGE][PASSED] - Taking screenshot successfully
[[ATTACHMENT|D:\\Test\\AgileTest\\Reports\\mobileWeb\\hbi\\20190910_035329\\../Screenshots/iPhone X/hbi/Agile Secure/standard/2.png]]

2019-09-10 03:59:23 - [TEST_STEP][PASSED] - (internal.GlobalVariable.i++): null

2019-09-10 03:59:23 - [MESSAGE][PASSED] - Call Test Case 'Test Cases/mobileWeb/_include/get_screenshot' successfully

2019-09-10 03:59:23 - [TEST_STEP][PASSED] - setText(findTestObject("mobileSanity/HBI/census/input_Location_zip-input"), zipcode): Text '08701' is set on object 'Object Repository/mobileSanity/HBI/census/input_Location_zip-input'

2019-09-10 03:59:23 - [MESSAGE][PASSED] - Text '08701' is set on object 'Object Repository/mobileSanity/HBI/census/input_Location_zip-input'

2019-09-10 03:59:23 - [TEST_STEP][PASSED] - Thread.sleep(500): null

2019-09-10 03:59:24 - [TEST_STEP][PASSED] - setText(findTestObject("mobileSanity/HBI/census/input_Date of Birth_dob-0"), "12121980"): Text '12121980' is set on object 'Object Repository/mobileSanity/HBI/census/input_Date of Birth_dob-0'

2019-09-10 03:59:24 - [MESSAGE][PASSED] - Text '12121980' is set on object 'Object Repository/mobileSanity/HBI/census/input_Date of Birth_dob-0'

2019-09-10 03:59:24 - [TEST_STEP][PASSED] - click(findTestObject("mobileSanity/HBI/census/label_Male")): Object: 'Object Repository/mobileSanity/HBI/census/label_Male' is clicked on

2019-09-10 03:59:24 - [MESSAGE][PASSED] - Object: 'Object Repository/mobileSanity/HBI/census/label_Male' is clicked on

2019-09-10 03:59:24 - [TEST_STEP][PASSED] - click(findTestObject("mobileSanity/HBI/census/label_Get a Quote")): Object: 'Object Repository/mobileSanity/HBI/census/label_Get a Quote' is clicked on

2019-09-10 03:59:25 - [MESSAGE][PASSED] - Object: 'Object Repository/mobileSanity/HBI/census/label_Get a Quote' is clicked on

2019-09-10 03:59:25 - [TEST_STEP][PASSED] - waitForPageLoad(20): Wait for page load successfully

2019-09-10 03:59:25 - [MESSAGE][PASSED] - Wait for page load successfully

2019-09-10 03:59:25 - [TEST_STEP][PASSED] - Thread.sleep(3000): null

2019-09-10 03:59:28 - [TEST_STEP][PASSED] - callTestCase(findTestCase("mobileWeb/_include/get_screenshot"), [:], STOP_ON_FAILURE): Call Test Case 'Test Cases/mobileWeb/_include/get_screenshot' successfully

2019-09-10 03:59:28 - [TEST_CASE][PASSED] - Test Cases/mobileWeb/_include/get_screenshot: Test Cases/mobileWeb/_include/get_screenshot

2019-09-10 03:59:28 - [TEST_STEP][PASSED] - takeScreenshot(screenPath + i + ".png"): Taking screenshot successfully

2019-09-10 03:59:29 - [MESSAGE][PASSED] - Taking screenshot successfully
[[ATTACHMENT|D:\\Test\\AgileTest\\Reports\\mobileWeb\\hbi\\20190910_035329\\../Screenshots/iPhone X/hbi/Agile Secure/standard/3.png]]

2019-09-10 03:59:29 - [TEST_STEP][PASSED] - (internal.GlobalVariable.i++): null

2019-09-10 03:59:29 - [MESSAGE][PASSED] - Call Test Case 'Test Cases/mobileWeb/_include/get_screenshot' successfully

2019-09-10 03:59:29 - [MESSAGE][PASSED] - Call Test Case 'Test Cases/mobileWeb/_include/census_hbi' successfully

2019-09-10 03:59:29 - [TEST_STEP][PASSED] - click(findTestObject("mobileSanity/HBI/detail/a_Apply for This Plan")): Object: 'Object Repository/mobileSanity/HBI/detail/a_Apply for This Plan' is clicked on

2019-09-10 03:59:30 - [MESSAGE][PASSED] - Object: 'Object Repository/mobileSanity/HBI/detail/a_Apply for This Plan' is clicked on

2019-09-10 03:59:30 - [TEST_STEP][PASSED] - waitForPageLoad(20): Wait for page load successfully

2019-09-10 03:59:30 - [MESSAGE][PASSED] - Wait for page load successfully

2019-09-10 03:59:30 - [TEST_STEP][PASSED] - callTestCase(findTestCase("mobileWeb/_include/get_screenshot"), [:], STOP_ON_FAILURE): Call Test Case 'Test Cases/mobileWeb/_include/get_screenshot' successfully

2019-09-10 03:59:30 - [TEST_CASE][PASSED] - Test Cases/mobileWeb/_include/get_screenshot: Test Cases/mobileWeb/_include/get_screenshot

2019-09-10 03:59:30 - [TEST_STEP][PASSED] - takeScreenshot(screenPath + i + ".png"): Taking screenshot successfully

2019-09-10 03:59:31 - [MESSAGE][PASSED] - Taking screenshot successfully
[[ATTACHMENT|D:\\Test\\AgileTest\\Reports\\mobileWeb\\hbi\\20190910_035329\\../Screenshots/iPhone X/hbi/Agile Secure/standard/4.png]]

2019-09-10 03:59:31 - [TEST_STEP][PASSED] - (internal.GlobalVariable.i++): null

2019-09-10 03:59:31 - [MESSAGE][PASSED] - Call Test Case 'Test Cases/mobileWeb/_include/get_screenshot' successfully

2019-09-10 03:59:31 - [TEST_STEP][PASSED] - click(findTestObject("mobileSanity/HBI/Page_Apply/span_Start Secure Application")): Object: 'Object Repository/mobileSanity/HBI/Page_Apply/span_Start Secure Application' is clicked on

2019-09-10 03:59:32 - [MESSAGE][PASSED] - Object: 'Object Repository/mobileSanity/HBI/Page_Apply/span_Start Secure Application' is clicked on

2019-09-10 03:59:32 - [TEST_STEP][PASSED] - waitForPageLoad(20): Wait for page load successfully

2019-09-10 03:59:32 - [MESSAGE][PASSED] - Wait for page load successfully

2019-09-10 03:59:32 - [TEST_STEP][PASSED] - Thread.sleep(5000): null

2019-09-10 03:59:37 - [TEST_STEP][PASSED] - callTestCase(findTestCase("mobileWeb/_include/get_screenshot"), [:], STOP_ON_FAILURE): Call Test Case 'Test Cases/mobileWeb/_include/get_screenshot' successfully

2019-09-10 03:59:37 - [TEST_CASE][PASSED] - Test Cases/mobileWeb/_include/get_screenshot: Test Cases/mobileWeb/_include/get_screenshot

2019-09-10 03:59:37 - [TEST_STEP][PASSED] - takeScreenshot(screenPath + i + ".png"): Taking screenshot successfully

2019-09-10 03:59:37 - [MESSAGE][PASSED] - Taking screenshot successfully
[[ATTACHMENT|D:\\Test\\AgileTest\\Reports\\mobileWeb\\hbi\\20190910_035329\\../Screenshots/iPhone X/hbi/Agile Secure/standard/5.png]]

2019-09-10 03:59:37 - [TEST_STEP][PASSED] - (internal.GlobalVariable.i++): null

2019-09-10 03:59:37 - [MESSAGE][PASSED] - Call Test Case 'Test Cases/mobileWeb/_include/get_screenshot' successfully

2019-09-10 03:59:37 - [TEST_STEP][PASSED] - callTestCase(findTestCase("mobileWeb/_include/goToEnd_hbi"), ["carrier":"agilesecure"], CONTINUE_ON_FAILURE): Call Test Case 'Test Cases/mobileWeb/_include/goToEnd_hbi' successfully

2019-09-10 03:59:37 - [TEST_CASE][PASSED] - Test Cases/mobileWeb/_include/goToEnd_hbi: Test Cases/mobileWeb/_include/goToEnd_hbi

2019-09-10 03:59:37 - [TEST_STEP][PASSED] - if (state == "ca"): null

2019-09-10 03:59:37 - [TEST_STEP][PASSED] - callTestCase(findTestCase("mobileWeb/_include/name"), [:], CONTINUE_ON_FAILURE): Call Test Case 'Test Cases/mobileWeb/_include/name' successfully

2019-09-10 03:59:37 - [TEST_CASE][PASSED] - Test Cases/mobileWeb/_include/name: Test Cases/mobileWeb/_include/name

2019-09-10 03:59:37 - [TEST_STEP][PASSED] - driver = getWebDriver(): null

2019-09-10 03:59:37 - [TEST_STEP][PASSED] - selenium = new com.thoughtworks.selenium.webdriven.WebDriverBackedSelenium(driver, internal.GlobalVariable.ENV): null

2019-09-10 03:59:37 - [TEST_STEP][PASSED] - FirstName = "Test-123": null

2019-09-10 03:59:37 - [TEST_STEP][PASSED] - LastName = selenium.getEval("{var x="ABCDEFGHIJKLMNOPQRSTUVWXYZabcdefghijklmnopqrstuvwxyz"; var tmp="ZZ11-"; for (i=0;i<8;i++) tmp+=x.charAt(Math.ceil(51*Math.random()));tmp;}"): null

2019-09-10 03:59:37 - [TEST_STEP][PASSED] - Address = selenium.getEval("{var x="ABCDEFGHIJKLMNOPQRSTUVWXYZabcdefghijklmnopqrstuvwxyz"; var tmp=""; for (i=0;i<8;i++) tmp+=x.charAt(Math.ceil(51*Math.random()));tmp;}"): null

2019-09-10 03:59:37 - [TEST_STEP][PASSED] - City = selenium.getEval("{var x="ABCDEFGHIJKLMNOPQRSTUVWXYZabcdefghijklmnopqrstuvwxyz"; var tmp=""; for (i=0;i<8;i++) tmp+=x.charAt(Math.ceil(51*Math.random()));tmp;}"): null

2019-09-10 03:59:37 - [TEST_STEP][PASSED] - tel1 = selenium.getEval("{var x="123456789"; var tmp=""; for (i=0;i<3;i++) tmp+=x.charAt(Math.ceil(8*Math.random()));tmp;}"): null

2019-09-10 03:59:37 - [TEST_STEP][PASSED] - tel2 = selenium.getEval("{var x="123456789"; var tmp=""; for (i=0;i<3;i++) tmp+=x.charAt(Math.ceil(8*Math.random()));tmp;}"): null

2019-09-10 03:59:37 - [TEST_STEP][PASSED] - tel3 = selenium.getEval("{var x="123456789"; var tmp=""; for (i=0;i<4;i++) tmp+=x.charAt(Math.ceil(8*Math.random()));tmp;}"): null

2019-09-10 03:59:37 - [TEST_STEP][PASSED] - Tel = selenium.getExpression(tel1 + "-" + tel2 + "-" + tel3): null

2019-09-10 03:59:37 - [TEST_STEP][PASSED] - AutoEmail = selenium.getEval("{var x="ABCDEFGHIJKLMNOPQRSTUVWXYZabcdefghijklmnopqrstuvwxyz"; var tmp="test."; for (i=0;i<8;i++) tmp+=x.charAt(Math.ceil(51*Math.random()));tmp+="@suryani.cn";}"): null

2019-09-10 03:59:37 - [TEST_STEP][PASSED] - FirstName = FirstName: null

2019-09-10 03:59:37 - [TEST_STEP][PASSED] - LastName = LastName: null

2019-09-10 03:59:37 - [TEST_STEP][PASSED] - Address = Address: null

2019-09-10 03:59:37 - [TEST_STEP][PASSED] - City = City: null

2019-09-10 03:59:37 - [TEST_STEP][PASSED] - Tel = Tel: null

2019-09-10 03:59:37 - [TEST_STEP][PASSED] - AutoEmail = AutoEmail: null

2019-09-10 03:59:37 - [TEST_STEP][PASSED] - println(FirstName): null

2019-09-10 03:59:37 - [TEST_STEP][PASSED] - println(LastName): null

2019-09-10 03:59:37 - [TEST_STEP][PASSED] - println(Address): null

2019-09-10 03:59:37 - [TEST_STEP][PASSED] - println(City): null

2019-09-10 03:59:37 - [TEST_STEP][PASSED] - println(Tel): null

2019-09-10 03:59:37 - [TEST_STEP][PASSED] - println(AutoEmail): null

2019-09-10 03:59:37 - [MESSAGE][PASSED] - Call Test Case 'Test Cases/mobileWeb/_include/name' successfully

2019-09-10 03:59:37 - [TEST_STEP][PASSED] - setText(findTestObject("mobileSanity/HBI/Page_App Page 1/input__member-P-1-firstName"), FirstName): Text 'Test-123' is set on object 'Object Repository/mobileSanity/HBI/Page_App Page 1/input__member-P-1-firstName'

2019-09-10 03:59:38 - [MESSAGE][PASSED] - Text 'Test-123' is set on object 'Object Repository/mobileSanity/HBI/Page_App Page 1/input__member-P-1-firstName'

2019-09-10 03:59:38 - [TEST_STEP][PASSED] - setText(findTestObject("mobileSanity/HBI/Page_App Page 1/input__member-P-1-lastName"), LastName): Text 'ZZ11-jgHzCkkV' is set on object 'Object Repository/mobileSanity/HBI/Page_App Page 1/input__member-P-1-lastName'

2019-09-10 03:59:38 - [MESSAGE][PASSED] - Text 'ZZ11-jgHzCkkV' is set on object 'Object Repository/mobileSanity/HBI/Page_App Page 1/input__member-P-1-lastName'

2019-09-10 03:59:38 - [TEST_STEP][PASSED] - if (carrier == "agileone" || carrier == "agilesecure"): Text 'test6' is set on object 'Object Repository/mobileSanity/HBI/Page_App Page 1/input__contingent-beneficiary-relationship'

2019-09-10 03:59:38 - [TEST_STEP][PASSED] - setText(findTestObject("mobileSanity/HBI/Page_App Page 1/input__primary-beneficiary-fir"), "test1"): Text 'test1' is set on object 'Object Repository/mobileSanity/HBI/Page_App Page 1/input__primary-beneficiary-fir'

2019-09-10 03:59:38 - [MESSAGE][PASSED] - Text 'test1' is set on object 'Object Repository/mobileSanity/HBI/Page_App Page 1/input__primary-beneficiary-fir'

2019-09-10 03:59:38 - [TEST_STEP][PASSED] - setText(findTestObject("mobileSanity/HBI/Page_App Page 1/input__primary-beneficiary-las"), "test2"): Text 'test2' is set on object 'Object Repository/mobileSanity/HBI/Page_App Page 1/input__primary-beneficiary-las'

2019-09-10 03:59:38 - [MESSAGE][PASSED] - Text 'test2' is set on object 'Object Repository/mobileSanity/HBI/Page_App Page 1/input__primary-beneficiary-las'

2019-09-10 03:59:38 - [TEST_STEP][PASSED] - setText(findTestObject("mobileSanity/HBI/Page_App Page 1/input__primary-beneficiary-rel"), "test3"): Text 'test3' is set on object 'Object Repository/mobileSanity/HBI/Page_App Page 1/input__primary-beneficiary-rel'

2019-09-10 03:59:38 - [MESSAGE][PASSED] - Text 'test3' is set on object 'Object Repository/mobileSanity/HBI/Page_App Page 1/input__primary-beneficiary-rel'

2019-09-10 03:59:38 - [TEST_STEP][PASSED] - setText(findTestObject("mobileSanity/HBI/Page_App Page 1/input__contingent-beneficiary-"), "test4"): Text 'test4' is set on object 'Object Repository/mobileSanity/HBI/Page_App Page 1/input__contingent-beneficiary-'

2019-09-10 03:59:38 - [MESSAGE][PASSED] - Text 'test4' is set on object 'Object Repository/mobileSanity/HBI/Page_App Page 1/input__contingent-beneficiary-'

2019-09-10 03:59:38 - [TEST_STEP][PASSED] - setText(findTestObject("mobileSanity/HBI/Page_App Page 1/input__contingent-beneficiary-_lastname"), "test5"): Text 'test5' is set on object 'Object Repository/mobileSanity/HBI/Page_App Page 1/input__contingent-beneficiary-_lastname'

2019-09-10 03:59:39 - [MESSAGE][PASSED] - Text 'test5' is set on object 'Object Repository/mobileSanity/HBI/Page_App Page 1/input__contingent-beneficiary-_lastname'

2019-09-10 03:59:39 - [TEST_STEP][PASSED] - setText(findTestObject("mobileSanity/HBI/Page_App Page 1/input__contingent-beneficiary-relationship"), "test6"): Text 'test6' is set on object 'Object Repository/mobileSanity/HBI/Page_App Page 1/input__contingent-beneficiary-relationship'

2019-09-10 03:59:39 - [MESSAGE][PASSED] - Text 'test6' is set on object 'Object Repository/mobileSanity/HBI/Page_App Page 1/input__contingent-beneficiary-relationship'

2019-09-10 03:59:39 - [TEST_STEP][PASSED] - setText(findTestObject("mobileSanity/HBI/Page_App Page 1/input__address"), Address): Text 'ileulYoq' is set on object 'Object Repository/mobileSanity/HBI/Page_App Page 1/input__address'

2019-09-10 03:59:39 - [MESSAGE][PASSED] - Text 'ileulYoq' is set on object 'Object Repository/mobileSanity/HBI/Page_App Page 1/input__address'

2019-09-10 03:59:39 - [TEST_STEP][PASSED] - setText(findTestObject("mobileSanity/HBI/Page_App Page 1/input__city"), City): Text 'FWmzOXso' is set on object 'Object Repository/mobileSanity/HBI/Page_App Page 1/input__city'

2019-09-10 03:59:39 - [MESSAGE][PASSED] - Text 'FWmzOXso' is set on object 'Object Repository/mobileSanity/HBI/Page_App Page 1/input__city'

2019-09-10 03:59:39 - [TEST_STEP][PASSED] - setText(findTestObject("mobileSanity/HBI/Page_App Page 1/input__email"), AutoEmail): Text 'test.XLOWDvgU@suryani.cn' is set on object 'Object Repository/mobileSanity/HBI/Page_App Page 1/input__email'

2019-09-10 03:59:39 - [MESSAGE][PASSED] - Text 'test.XLOWDvgU@suryani.cn' is set on object 'Object Repository/mobileSanity/HBI/Page_App Page 1/input__email'

2019-09-10 03:59:39 - [TEST_STEP][PASSED] - setText(findTestObject("mobileSanity/HBI/Page_App Page 1/input_tel"), Tel): Text '422-572-6632' is set on object 'Object Repository/mobileSanity/HBI/Page_App Page 1/input_tel'

2019-09-10 03:59:39 - [MESSAGE][PASSED] - Text '422-572-6632' is set on object 'Object Repository/mobileSanity/HBI/Page_App Page 1/input_tel'

2019-09-10 03:59:39 - [TEST_STEP][PASSED] - click(findTestObject("mobileSanity/HBI/Page_App Page 1/a_Continue to Step 2 - Payment")): Object: 'Object Repository/mobileSanity/HBI/Page_App Page 1/a_Continue to Step 2 - Payment' is clicked on

2019-09-10 03:59:40 - [MESSAGE][PASSED] - Object: 'Object Repository/mobileSanity/HBI/Page_App Page 1/a_Continue to Step 2 - Payment' is clicked on

2019-09-10 03:59:40 - [TEST_STEP][PASSED] - waitForPageLoad(20): Wait for page load successfully

2019-09-10 03:59:40 - [MESSAGE][PASSED] - Wait for page load successfully

2019-09-10 03:59:40 - [TEST_STEP][PASSED] - Thread.sleep(2000): null

2019-09-10 03:59:42 - [TEST_STEP][PASSED] - waitForElementVisible(findTestObject("mobileSanity/HBI/Page_App Page 2/input__credit-card-first"), 20): Object 'Object Repository/mobileSanity/HBI/Page_App Page 2/input__credit-card-first' is visible

2019-09-10 03:59:42 - [MESSAGE][PASSED] - Object 'Object Repository/mobileSanity/HBI/Page_App Page 2/input__credit-card-first' is visible

2019-09-10 03:59:42 - [TEST_STEP][PASSED] - callTestCase(findTestCase("mobileWeb/_include/get_screenshot"), [:], STOP_ON_FAILURE): Call Test Case 'Test Cases/mobileWeb/_include/get_screenshot' successfully

2019-09-10 03:59:42 - [TEST_CASE][PASSED] - Test Cases/mobileWeb/_include/get_screenshot: Test Cases/mobileWeb/_include/get_screenshot

2019-09-10 03:59:42 - [TEST_STEP][PASSED] - takeScreenshot(screenPath + i + ".png"): Taking screenshot successfully

2019-09-10 03:59:42 - [MESSAGE][PASSED] - Taking screenshot successfully
[[ATTACHMENT|D:\\Test\\AgileTest\\Reports\\mobileWeb\\hbi\\20190910_035329\\../Screenshots/iPhone X/hbi/Agile Secure/standard/6.png]]

2019-09-10 03:59:42 - [TEST_STEP][PASSED] - (internal.GlobalVariable.i++): null

2019-09-10 03:59:42 - [MESSAGE][PASSED] - Call Test Case 'Test Cases/mobileWeb/_include/get_screenshot' successfully

2019-09-10 03:59:42 - [TEST_STEP][PASSED] - setText(findTestObject("mobileSanity/HBI/Page_App Page 2/input__credit-card-first"), FirstName): Text 'Test-123' is set on object 'Object Repository/mobileSanity/HBI/Page_App Page 2/input__credit-card-first'

2019-09-10 03:59:42 - [MESSAGE][PASSED] - Text 'Test-123' is set on object 'Object Repository/mobileSanity/HBI/Page_App Page 2/input__credit-card-first'

2019-09-10 03:59:42 - [TEST_STEP][PASSED] - setText(findTestObject("mobileSanity/HBI/Page_App Page 2/input__credit-card-last"), LastName): Text 'ZZ11-jgHzCkkV' is set on object 'Object Repository/mobileSanity/HBI/Page_App Page 2/input__credit-card-last'

2019-09-10 03:59:43 - [MESSAGE][PASSED] - Text 'ZZ11-jgHzCkkV' is set on object 'Object Repository/mobileSanity/HBI/Page_App Page 2/input__credit-card-last'

2019-09-10 03:59:43 - [TEST_STEP][PASSED] - selectOptionByValue(findTestObject("mobileSanity/HBI/Page_App Page 2/select_MM010203040506070809101"), "12", true): All options with value '12' are selected in object 'Object Repository/mobileSanity/HBI/Page_App Page 2/select_MM010203040506070809101'  using regular expression

2019-09-10 03:59:43 - [MESSAGE][PASSED] - All options with value '12' are selected in object 'Object Repository/mobileSanity/HBI/Page_App Page 2/select_MM010203040506070809101'  using regular expression

2019-09-10 03:59:43 - [TEST_STEP][PASSED] - selectOptionByValue(findTestObject("mobileSanity/HBI/Page_App Page 2/select_YYYY2019202020212022202"), "2026", true): All options with value '2026' are selected in object 'Object Repository/mobileSanity/HBI/Page_App Page 2/select_YYYY2019202020212022202'  using regular expression

2019-09-10 03:59:43 - [MESSAGE][PASSED] - All options with value '2026' are selected in object 'Object Repository/mobileSanity/HBI/Page_App Page 2/select_YYYY2019202020212022202'  using regular expression

2019-09-10 03:59:43 - [TEST_STEP][PASSED] - setText(findTestObject("mobileSanity/HBI/Page_App Page 2/input__credit-card-number"), "4111111111111111"): Text '4111111111111111' is set on object 'Object Repository/mobileSanity/HBI/Page_App Page 2/input__credit-card-number'

2019-09-10 03:59:43 - [MESSAGE][PASSED] - Text '4111111111111111' is set on object 'Object Repository/mobileSanity/HBI/Page_App Page 2/input__credit-card-number'

2019-09-10 03:59:43 - [TEST_STEP][PASSED] - setText(findTestObject("mobileSanity/HBI/Page_App Page 2/input__cvv"), "123"): Text '123' is set on object 'Object Repository/mobileSanity/HBI/Page_App Page 2/input__cvv'

2019-09-10 03:59:43 - [MESSAGE][PASSED] - Text '123' is set on object 'Object Repository/mobileSanity/HBI/Page_App Page 2/input__cvv'

2019-09-10 03:59:43 - [TEST_STEP][PASSED] - click(findTestObject("mobileSanity/HBI/Page_App Page 2/label_My billing address is th")): Object: 'Object Repository/mobileSanity/HBI/Page_App Page 2/label_My billing address is th' is clicked on

2019-09-10 03:59:43 - [MESSAGE][PASSED] - Object: 'Object Repository/mobileSanity/HBI/Page_App Page 2/label_My billing address is th' is clicked on

2019-09-10 03:59:43 - [TEST_STEP][PASSED] - click(findTestObject("mobileSanity/HBI/Page_App Page 2/label_I Accept Authorization f")): Object: 'Object Repository/mobileSanity/HBI/Page_App Page 2/label_I Accept Authorization f' is clicked on

2019-09-10 03:59:44 - [MESSAGE][PASSED] - Object: 'Object Repository/mobileSanity/HBI/Page_App Page 2/label_I Accept Authorization f' is clicked on

2019-09-10 03:59:44 - [TEST_STEP][PASSED] - click(findTestObject("mobileSanity/HBI/Page_App Page 2/a_Continue to Step 3 - Review")): Object: 'Object Repository/mobileSanity/HBI/Page_App Page 2/a_Continue to Step 3 - Review' is clicked on

2019-09-10 03:59:44 - [MESSAGE][PASSED] - Object: 'Object Repository/mobileSanity/HBI/Page_App Page 2/a_Continue to Step 3 - Review' is clicked on

2019-09-10 03:59:44 - [TEST_STEP][PASSED] - waitForPageLoad(20): Wait for page load successfully

2019-09-10 03:59:44 - [MESSAGE][PASSED] - Wait for page load successfully

2019-09-10 03:59:44 - [TEST_STEP][PASSED] - Thread.sleep(10000): null

2019-09-10 03:59:54 - [TEST_STEP][PASSED] - waitForElementPresent(findTestObject("mobileSanity/HBI/Page_App Page 3/label"), 20): Object 'Object Repository/mobileSanity/HBI/Page_App Page 3/label' is present

2019-09-10 03:59:54 - [MESSAGE][PASSED] - Object 'Object Repository/mobileSanity/HBI/Page_App Page 3/label' is present

2019-09-10 03:59:54 - [TEST_STEP][PASSED] - callTestCase(findTestCase("mobileWeb/_include/get_screenshot"), [:], STOP_ON_FAILURE): Call Test Case 'Test Cases/mobileWeb/_include/get_screenshot' successfully

2019-09-10 03:59:54 - [TEST_CASE][PASSED] - Test Cases/mobileWeb/_include/get_screenshot: Test Cases/mobileWeb/_include/get_screenshot

2019-09-10 03:59:54 - [TEST_STEP][PASSED] - takeScreenshot(screenPath + i + ".png"): Taking screenshot successfully

2019-09-10 03:59:55 - [MESSAGE][PASSED] - Taking screenshot successfully
[[ATTACHMENT|D:\\Test\\AgileTest\\Reports\\mobileWeb\\hbi\\20190910_035329\\../Screenshots/iPhone X/hbi/Agile Secure/standard/7.png]]

2019-09-10 03:59:55 - [TEST_STEP][PASSED] - (internal.GlobalVariable.i++): null

2019-09-10 03:59:55 - [MESSAGE][PASSED] - Call Test Case 'Test Cases/mobileWeb/_include/get_screenshot' successfully

2019-09-10 03:59:55 - [TEST_STEP][PASSED] - click(findTestObject("mobileSanity/HBI/Page_App Page 3/label")): Object: 'Object Repository/mobileSanity/HBI/Page_App Page 3/label' is clicked on

2019-09-10 03:59:55 - [MESSAGE][PASSED] - Object: 'Object Repository/mobileSanity/HBI/Page_App Page 3/label' is clicked on

2019-09-10 03:59:55 - [TEST_STEP][PASSED] - click(findTestObject("mobileSanity/HBI/Page_App Page 3/p_CLICK TO SIGN")): Object: 'Object Repository/mobileSanity/HBI/Page_App Page 3/p_CLICK TO SIGN' is clicked on

2019-09-10 03:59:55 - [MESSAGE][PASSED] - Object: 'Object Repository/mobileSanity/HBI/Page_App Page 3/p_CLICK TO SIGN' is clicked on

2019-09-10 03:59:55 - [TEST_STEP][PASSED] - click(findTestObject("mobileSanity/HBI/Page_App Page 3/a_Submit Your Application")): Object: 'Object Repository/mobileSanity/HBI/Page_App Page 3/a_Submit Your Application' is clicked on

2019-09-10 03:59:55 - [MESSAGE][PASSED] - Object: 'Object Repository/mobileSanity/HBI/Page_App Page 3/a_Submit Your Application' is clicked on

2019-09-10 03:59:55 - [TEST_STEP][PASSED] - Thread.sleep(30000): null

2019-09-10 04:00:25 - [TEST_STEP][PASSED] - callTestCase(findTestCase("mobileWeb/_include/get_screenshot"), [:], STOP_ON_FAILURE): Call Test Case 'Test Cases/mobileWeb/_include/get_screenshot' successfully

2019-09-10 04:00:25 - [TEST_CASE][PASSED] - Test Cases/mobileWeb/_include/get_screenshot: Test Cases/mobileWeb/_include/get_screenshot

2019-09-10 04:00:25 - [TEST_STEP][PASSED] - takeScreenshot(screenPath + i + ".png"): Taking screenshot successfully

2019-09-10 04:00:26 - [MESSAGE][PASSED] - Taking screenshot successfully
[[ATTACHMENT|D:\\Test\\AgileTest\\Reports\\mobileWeb\\hbi\\20190910_035329\\../Screenshots/iPhone X/hbi/Agile Secure/standard/8.png]]

2019-09-10 04:00:26 - [TEST_STEP][PASSED] - (internal.GlobalVariable.i++): null

2019-09-10 04:00:26 - [MESSAGE][PASSED] - Call Test Case 'Test Cases/mobileWeb/_include/get_screenshot' successfully

2019-09-10 04:00:26 - [TEST_STEP][PASSED] - verifyTextPresent("Congratulations", false): Text 'Congratulations' is present on page 

2019-09-10 04:00:26 - [MESSAGE][PASSED] - Text 'Congratulations' is present on page 

2019-09-10 04:00:26 - [MESSAGE][PASSED] - Call Test Case 'Test Cases/mobileWeb/_include/goToEnd_hbi' successfully]]></system-out>
         <system-err><![CDATA[]]></system-err>
      </testcase>
      <testcase name="Test Cases/mobileWeb/HBI/Fixed Cash Benefit" classname="Test Cases/mobileWeb/HBI/Fixed Cash Benefit" status="PASSED">
         <system-out><![CDATA[2019-09-10 04:00:26 - [TEST_CASE][PASSED] - Test Cases/mobileWeb/HBI/Fixed Cash Benefit: Test Cases/mobileWeb/HBI/Fixed Cash Benefit

2019-09-10 04:00:26 - [TEST_STEP][PASSED] - callTestCase(findTestCase("mobileWeb/_include/get_screenPath"), ["productLine":"hbi", "carrierName":"Fixed Cash Benefit"], CONTINUE_ON_FAILURE): Call Test Case 'Test Cases/mobileWeb/_include/get_screenPath' successfully

2019-09-10 04:00:26 - [TEST_CASE][PASSED] - Test Cases/mobileWeb/_include/get_screenPath: Test Cases/mobileWeb/_include/get_screenPath

2019-09-10 04:00:26 - [TEST_STEP][PASSED] - m = getExecutionProperties(): null

2019-09-10 04:00:26 - [TEST_STEP][PASSED] - deviceName = get("mobileEmulation").get("deviceName"): null

2019-09-10 04:00:26 - [TEST_STEP][PASSED] - println(deviceName): null

2019-09-10 04:00:26 - [TEST_STEP][PASSED] - now = new java.util.Date(): null

2019-09-10 04:00:26 - [TEST_STEP][PASSED] - mydate = now.format("yyyyMMdd_HHmmss"): null

2019-09-10 04:00:26 - [TEST_STEP][PASSED] - screenPath = "../Screenshots/": null

2019-09-10 04:00:26 - [TEST_STEP][PASSED] - screenPath = screenPath + deviceName + "/" + productLine + "/" + carrierName + "/" + "standard" + "/": null

2019-09-10 04:00:26 - [TEST_STEP][PASSED] - println(screenPath): null

2019-09-10 04:00:26 - [MESSAGE][PASSED] - Call Test Case 'Test Cases/mobileWeb/_include/get_screenPath' successfully

2019-09-10 04:00:26 - [TEST_STEP][PASSED] - i = 0: null

2019-09-10 04:00:26 - [TEST_STEP][PASSED] - callTestCase(findTestCase("mobileWeb/_include/openWebSite"), [:], CONTINUE_ON_FAILURE): Call Test Case 'Test Cases/mobileWeb/_include/openWebSite' successfully

2019-09-10 04:00:26 - [TEST_CASE][PASSED] - Test Cases/mobileWeb/_include/openWebSite: Test Cases/mobileWeb/_include/openWebSite

2019-09-10 04:00:26 - [TEST_STEP][PASSED] - openBrowser(env): Browser is opened with url: 'https://praetemptatus.agilehealthinsurance.com'

2019-09-10 04:00:26 - [MESSAGE][WARNING] - A browser is already opened. Closing browser and opening a new one

2019-09-10 04:00:27 - [MESSAGE][INFO] - Starting 'Chrome' driver

2019-09-10 04:00:27 - [MESSAGE][INFO] - User set preference: ['mobileEmulation', '{deviceName=iPhone X}']

2019-09-10 04:00:27 - [MESSAGE][INFO] - User set preference: ['args', '[--incognito, --aggressive-cache-discard, --no-sandbox, --window-size=375,812]']

2019-09-10 04:00:29 - [MESSAGE][PASSED] - Browser is opened with url: 'https://praetemptatus.agilehealthinsurance.com'

2019-09-10 04:00:29 - [TEST_STEP][PASSED] - waitForPageLoad(20): Wait for page load successfully

2019-09-10 04:00:29 - [MESSAGE][PASSED] - Wait for page load successfully

2019-09-10 04:00:29 - [TEST_STEP][PASSED] - Thread.sleep(2000): null

2019-09-10 04:00:31 - [TEST_STEP][PASSED] - callTestCase(findTestCase("mobileWeb/_include/get_screenshot"), [:], STOP_ON_FAILURE): Call Test Case 'Test Cases/mobileWeb/_include/get_screenshot' successfully

2019-09-10 04:00:31 - [TEST_CASE][PASSED] - Test Cases/mobileWeb/_include/get_screenshot: Test Cases/mobileWeb/_include/get_screenshot

2019-09-10 04:00:31 - [TEST_STEP][PASSED] - takeScreenshot(screenPath + i + ".png"): Taking screenshot successfully

2019-09-10 04:00:32 - [MESSAGE][PASSED] - Taking screenshot successfully
[[ATTACHMENT|D:\\Test\\AgileTest\\Reports\\mobileWeb\\hbi\\20190910_035329\\../Screenshots/iPhone X/hbi/Fixed Cash Benefit/standard/0.png]]

2019-09-10 04:00:32 - [TEST_STEP][PASSED] - (internal.GlobalVariable.i++): null

2019-09-10 04:00:32 - [MESSAGE][PASSED] - Call Test Case 'Test Cases/mobileWeb/_include/get_screenshot' successfully

2019-09-10 04:00:32 - [MESSAGE][PASSED] - Call Test Case 'Test Cases/mobileWeb/_include/openWebSite' successfully

2019-09-10 04:00:32 - [TEST_STEP][PASSED] - callTestCase(findTestCase("mobileWeb/_include/census_hbi"), ["zipcode":"85364"], CONTINUE_ON_FAILURE): Call Test Case 'Test Cases/mobileWeb/_include/census_hbi' successfully

2019-09-10 04:00:32 - [TEST_CASE][PASSED] - Test Cases/mobileWeb/_include/census_hbi: Test Cases/mobileWeb/_include/census_hbi

2019-09-10 04:00:32 - [TEST_STEP][PASSED] - click(findTestObject("mobileSanity/Common/side_nav/menu")): Object: 'Object Repository/mobileSanity/Common/side_nav/menu' is clicked on

2019-09-10 04:00:32 - [MESSAGE][PASSED] - Object: 'Object Repository/mobileSanity/Common/side_nav/menu' is clicked on

2019-09-10 04:00:32 - [TEST_STEP][PASSED] - Thread.sleep(3000): null

2019-09-10 04:00:35 - [TEST_STEP][PASSED] - callTestCase(findTestCase("mobileWeb/_include/get_screenshot"), [:], STOP_ON_FAILURE): Call Test Case 'Test Cases/mobileWeb/_include/get_screenshot' successfully

2019-09-10 04:00:35 - [TEST_CASE][PASSED] - Test Cases/mobileWeb/_include/get_screenshot: Test Cases/mobileWeb/_include/get_screenshot

2019-09-10 04:00:35 - [TEST_STEP][PASSED] - takeScreenshot(screenPath + i + ".png"): Taking screenshot successfully

2019-09-10 04:00:36 - [MESSAGE][PASSED] - Taking screenshot successfully
[[ATTACHMENT|D:\\Test\\AgileTest\\Reports\\mobileWeb\\hbi\\20190910_035329\\../Screenshots/iPhone X/hbi/Fixed Cash Benefit/standard/1.png]]

2019-09-10 04:00:36 - [TEST_STEP][PASSED] - (internal.GlobalVariable.i++): null

2019-09-10 04:00:36 - [MESSAGE][PASSED] - Call Test Case 'Test Cases/mobileWeb/_include/get_screenshot' successfully

2019-09-10 04:00:36 - [TEST_STEP][PASSED] - click(findTestObject("mobileSanity/Common/side_nav/nav_hbi")): Object: 'Object Repository/mobileSanity/Common/side_nav/nav_hbi' is clicked on

2019-09-10 04:00:36 - [MESSAGE][PASSED] - Object: 'Object Repository/mobileSanity/Common/side_nav/nav_hbi' is clicked on

2019-09-10 04:00:36 - [TEST_STEP][PASSED] - waitForPageLoad(10): Wait for page load successfully

2019-09-10 04:00:36 - [MESSAGE][PASSED] - Wait for page load successfully

2019-09-10 04:00:36 - [TEST_STEP][PASSED] - Thread.sleep(3000): null

2019-09-10 04:00:39 - [TEST_STEP][PASSED] - callTestCase(findTestCase("mobileWeb/_include/get_screenshot"), [:], STOP_ON_FAILURE): Call Test Case 'Test Cases/mobileWeb/_include/get_screenshot' successfully

2019-09-10 04:00:39 - [TEST_CASE][PASSED] - Test Cases/mobileWeb/_include/get_screenshot: Test Cases/mobileWeb/_include/get_screenshot

2019-09-10 04:00:39 - [TEST_STEP][PASSED] - takeScreenshot(screenPath + i + ".png"): Taking screenshot successfully

2019-09-10 04:00:40 - [MESSAGE][PASSED] - Taking screenshot successfully
[[ATTACHMENT|D:\\Test\\AgileTest\\Reports\\mobileWeb\\hbi\\20190910_035329\\../Screenshots/iPhone X/hbi/Fixed Cash Benefit/standard/2.png]]

2019-09-10 04:00:40 - [TEST_STEP][PASSED] - (internal.GlobalVariable.i++): null

2019-09-10 04:00:40 - [MESSAGE][PASSED] - Call Test Case 'Test Cases/mobileWeb/_include/get_screenshot' successfully

2019-09-10 04:00:40 - [TEST_STEP][PASSED] - setText(findTestObject("mobileSanity/HBI/census/input_Location_zip-input"), zipcode): Text '85364' is set on object 'Object Repository/mobileSanity/HBI/census/input_Location_zip-input'

2019-09-10 04:00:40 - [MESSAGE][PASSED] - Text '85364' is set on object 'Object Repository/mobileSanity/HBI/census/input_Location_zip-input'

2019-09-10 04:00:40 - [TEST_STEP][PASSED] - Thread.sleep(500): null

2019-09-10 04:00:41 - [TEST_STEP][PASSED] - setText(findTestObject("mobileSanity/HBI/census/input_Date of Birth_dob-0"), "12121980"): Text '12121980' is set on object 'Object Repository/mobileSanity/HBI/census/input_Date of Birth_dob-0'

2019-09-10 04:00:41 - [MESSAGE][PASSED] - Text '12121980' is set on object 'Object Repository/mobileSanity/HBI/census/input_Date of Birth_dob-0'

2019-09-10 04:00:41 - [TEST_STEP][PASSED] - click(findTestObject("mobileSanity/HBI/census/label_Male")): Object: 'Object Repository/mobileSanity/HBI/census/label_Male' is clicked on

2019-09-10 04:00:41 - [MESSAGE][PASSED] - Object: 'Object Repository/mobileSanity/HBI/census/label_Male' is clicked on

2019-09-10 04:00:41 - [TEST_STEP][PASSED] - click(findTestObject("mobileSanity/HBI/census/label_Get a Quote")): Object: 'Object Repository/mobileSanity/HBI/census/label_Get a Quote' is clicked on

2019-09-10 04:00:43 - [MESSAGE][PASSED] - Object: 'Object Repository/mobileSanity/HBI/census/label_Get a Quote' is clicked on

2019-09-10 04:00:43 - [TEST_STEP][PASSED] - waitForPageLoad(20): Wait for page load successfully

2019-09-10 04:00:43 - [MESSAGE][PASSED] - Wait for page load successfully

2019-09-10 04:00:43 - [TEST_STEP][PASSED] - Thread.sleep(3000): null

2019-09-10 04:00:46 - [TEST_STEP][PASSED] - callTestCase(findTestCase("mobileWeb/_include/get_screenshot"), [:], STOP_ON_FAILURE): Call Test Case 'Test Cases/mobileWeb/_include/get_screenshot' successfully

2019-09-10 04:00:46 - [TEST_CASE][PASSED] - Test Cases/mobileWeb/_include/get_screenshot: Test Cases/mobileWeb/_include/get_screenshot

2019-09-10 04:00:46 - [TEST_STEP][PASSED] - takeScreenshot(screenPath + i + ".png"): Taking screenshot successfully

2019-09-10 04:00:46 - [MESSAGE][PASSED] - Taking screenshot successfully
[[ATTACHMENT|D:\\Test\\AgileTest\\Reports\\mobileWeb\\hbi\\20190910_035329\\../Screenshots/iPhone X/hbi/Fixed Cash Benefit/standard/3.png]]

2019-09-10 04:00:46 - [TEST_STEP][PASSED] - (internal.GlobalVariable.i++): null

2019-09-10 04:00:46 - [MESSAGE][PASSED] - Call Test Case 'Test Cases/mobileWeb/_include/get_screenshot' successfully

2019-09-10 04:00:46 - [MESSAGE][PASSED] - Call Test Case 'Test Cases/mobileWeb/_include/census_hbi' successfully

2019-09-10 04:00:46 - [TEST_STEP][PASSED] - Thread.sleep(5000): null

2019-09-10 04:00:51 - [TEST_STEP][PASSED] - scrollToPosition(200, 2300): Browser is scrolled to position x = 200, y = 2300

2019-09-10 04:00:51 - [MESSAGE][PASSED] - Browser is scrolled to position x = 200, y = 2300

2019-09-10 04:00:51 - [TEST_STEP][PASSED] - click(findTestObject("mobileSanity/HBI/quote/a_Fixed Cash Benefit")): Object: 'Object Repository/mobileSanity/HBI/quote/a_Fixed Cash Benefit' is clicked on

2019-09-10 04:00:52 - [MESSAGE][PASSED] - Object: 'Object Repository/mobileSanity/HBI/quote/a_Fixed Cash Benefit' is clicked on

2019-09-10 04:00:52 - [TEST_STEP][PASSED] - waitForPageLoad(20): Wait for page load successfully

2019-09-10 04:00:52 - [MESSAGE][PASSED] - Wait for page load successfully

2019-09-10 04:00:52 - [TEST_STEP][PASSED] - callTestCase(findTestCase("mobileWeb/_include/get_screenshot"), [:], STOP_ON_FAILURE): Call Test Case 'Test Cases/mobileWeb/_include/get_screenshot' successfully

2019-09-10 04:00:52 - [TEST_CASE][PASSED] - Test Cases/mobileWeb/_include/get_screenshot: Test Cases/mobileWeb/_include/get_screenshot

2019-09-10 04:00:52 - [TEST_STEP][PASSED] - takeScreenshot(screenPath + i + ".png"): Taking screenshot successfully

2019-09-10 04:00:53 - [MESSAGE][PASSED] - Taking screenshot successfully
[[ATTACHMENT|D:\\Test\\AgileTest\\Reports\\mobileWeb\\hbi\\20190910_035329\\../Screenshots/iPhone X/hbi/Fixed Cash Benefit/standard/4.png]]

2019-09-10 04:00:53 - [TEST_STEP][PASSED] - (internal.GlobalVariable.i++): null

2019-09-10 04:00:53 - [MESSAGE][PASSED] - Call Test Case 'Test Cases/mobileWeb/_include/get_screenshot' successfully

2019-09-10 04:00:53 - [TEST_STEP][PASSED] - click(findTestObject("mobileSanity/HBI/detail/a_Apply for This Plan")): Object: 'Object Repository/mobileSanity/HBI/detail/a_Apply for This Plan' is clicked on

2019-09-10 04:00:54 - [MESSAGE][PASSED] - Object: 'Object Repository/mobileSanity/HBI/detail/a_Apply for This Plan' is clicked on

2019-09-10 04:00:54 - [TEST_STEP][PASSED] - waitForPageLoad(20): Wait for page load successfully

2019-09-10 04:00:54 - [MESSAGE][PASSED] - Wait for page load successfully

2019-09-10 04:00:54 - [TEST_STEP][PASSED] - callTestCase(findTestCase("mobileWeb/_include/get_screenshot"), [:], STOP_ON_FAILURE): Call Test Case 'Test Cases/mobileWeb/_include/get_screenshot' successfully

2019-09-10 04:00:54 - [TEST_CASE][PASSED] - Test Cases/mobileWeb/_include/get_screenshot: Test Cases/mobileWeb/_include/get_screenshot

2019-09-10 04:00:54 - [TEST_STEP][PASSED] - takeScreenshot(screenPath + i + ".png"): Taking screenshot successfully

2019-09-10 04:00:54 - [MESSAGE][PASSED] - Taking screenshot successfully
[[ATTACHMENT|D:\\Test\\AgileTest\\Reports\\mobileWeb\\hbi\\20190910_035329\\../Screenshots/iPhone X/hbi/Fixed Cash Benefit/standard/5.png]]

2019-09-10 04:00:54 - [TEST_STEP][PASSED] - (internal.GlobalVariable.i++): null

2019-09-10 04:00:54 - [MESSAGE][PASSED] - Call Test Case 'Test Cases/mobileWeb/_include/get_screenshot' successfully

2019-09-10 04:00:54 - [TEST_STEP][PASSED] - click(findTestObject("mobileSanity/HBI/Page_Apply/span_Start Secure Application")): Object: 'Object Repository/mobileSanity/HBI/Page_Apply/span_Start Secure Application' is clicked on

2019-09-10 04:00:55 - [MESSAGE][PASSED] - Object: 'Object Repository/mobileSanity/HBI/Page_Apply/span_Start Secure Application' is clicked on

2019-09-10 04:00:55 - [TEST_STEP][PASSED] - waitForPageLoad(20): Wait for page load successfully

2019-09-10 04:00:55 - [MESSAGE][PASSED] - Wait for page load successfully

2019-09-10 04:00:55 - [TEST_STEP][PASSED] - Thread.sleep(5000): null

2019-09-10 04:01:00 - [TEST_STEP][PASSED] - callTestCase(findTestCase("mobileWeb/_include/get_screenshot"), [:], STOP_ON_FAILURE): Call Test Case 'Test Cases/mobileWeb/_include/get_screenshot' successfully

2019-09-10 04:01:00 - [TEST_CASE][PASSED] - Test Cases/mobileWeb/_include/get_screenshot: Test Cases/mobileWeb/_include/get_screenshot

2019-09-10 04:01:00 - [TEST_STEP][PASSED] - takeScreenshot(screenPath + i + ".png"): Taking screenshot successfully

2019-09-10 04:01:01 - [MESSAGE][PASSED] - Taking screenshot successfully
[[ATTACHMENT|D:\\Test\\AgileTest\\Reports\\mobileWeb\\hbi\\20190910_035329\\../Screenshots/iPhone X/hbi/Fixed Cash Benefit/standard/6.png]]

2019-09-10 04:01:01 - [TEST_STEP][PASSED] - (internal.GlobalVariable.i++): null

2019-09-10 04:01:01 - [MESSAGE][PASSED] - Call Test Case 'Test Cases/mobileWeb/_include/get_screenshot' successfully

2019-09-10 04:01:01 - [TEST_STEP][PASSED] - callTestCase(findTestCase("mobileWeb/_include/goToEnd_hbi"), ["carrier":"FixedCashBenefit"], CONTINUE_ON_FAILURE): Call Test Case 'Test Cases/mobileWeb/_include/goToEnd_hbi' successfully

2019-09-10 04:01:01 - [TEST_CASE][PASSED] - Test Cases/mobileWeb/_include/goToEnd_hbi: Test Cases/mobileWeb/_include/goToEnd_hbi

2019-09-10 04:01:01 - [TEST_STEP][PASSED] - if (state == "ca"): null

2019-09-10 04:01:01 - [TEST_STEP][PASSED] - callTestCase(findTestCase("mobileWeb/_include/name"), [:], CONTINUE_ON_FAILURE): Call Test Case 'Test Cases/mobileWeb/_include/name' successfully

2019-09-10 04:01:01 - [TEST_CASE][PASSED] - Test Cases/mobileWeb/_include/name: Test Cases/mobileWeb/_include/name

2019-09-10 04:01:01 - [TEST_STEP][PASSED] - driver = getWebDriver(): null

2019-09-10 04:01:01 - [TEST_STEP][PASSED] - selenium = new com.thoughtworks.selenium.webdriven.WebDriverBackedSelenium(driver, internal.GlobalVariable.ENV): null

2019-09-10 04:01:01 - [TEST_STEP][PASSED] - FirstName = "Test-123": null

2019-09-10 04:01:01 - [TEST_STEP][PASSED] - LastName = selenium.getEval("{var x="ABCDEFGHIJKLMNOPQRSTUVWXYZabcdefghijklmnopqrstuvwxyz"; var tmp="ZZ11-"; for (i=0;i<8;i++) tmp+=x.charAt(Math.ceil(51*Math.random()));tmp;}"): null

2019-09-10 04:01:01 - [TEST_STEP][PASSED] - Address = selenium.getEval("{var x="ABCDEFGHIJKLMNOPQRSTUVWXYZabcdefghijklmnopqrstuvwxyz"; var tmp=""; for (i=0;i<8;i++) tmp+=x.charAt(Math.ceil(51*Math.random()));tmp;}"): null

2019-09-10 04:01:01 - [TEST_STEP][PASSED] - City = selenium.getEval("{var x="ABCDEFGHIJKLMNOPQRSTUVWXYZabcdefghijklmnopqrstuvwxyz"; var tmp=""; for (i=0;i<8;i++) tmp+=x.charAt(Math.ceil(51*Math.random()));tmp;}"): null

2019-09-10 04:01:01 - [TEST_STEP][PASSED] - tel1 = selenium.getEval("{var x="123456789"; var tmp=""; for (i=0;i<3;i++) tmp+=x.charAt(Math.ceil(8*Math.random()));tmp;}"): null

2019-09-10 04:01:01 - [TEST_STEP][PASSED] - tel2 = selenium.getEval("{var x="123456789"; var tmp=""; for (i=0;i<3;i++) tmp+=x.charAt(Math.ceil(8*Math.random()));tmp;}"): null

2019-09-10 04:01:01 - [TEST_STEP][PASSED] - tel3 = selenium.getEval("{var x="123456789"; var tmp=""; for (i=0;i<4;i++) tmp+=x.charAt(Math.ceil(8*Math.random()));tmp;}"): null

2019-09-10 04:01:01 - [TEST_STEP][PASSED] - Tel = selenium.getExpression(tel1 + "-" + tel2 + "-" + tel3): null

2019-09-10 04:01:01 - [TEST_STEP][PASSED] - AutoEmail = selenium.getEval("{var x="ABCDEFGHIJKLMNOPQRSTUVWXYZabcdefghijklmnopqrstuvwxyz"; var tmp="test."; for (i=0;i<8;i++) tmp+=x.charAt(Math.ceil(51*Math.random()));tmp+="@suryani.cn";}"): null

2019-09-10 04:01:01 - [TEST_STEP][PASSED] - FirstName = FirstName: null

2019-09-10 04:01:01 - [TEST_STEP][PASSED] - LastName = LastName: null

2019-09-10 04:01:01 - [TEST_STEP][PASSED] - Address = Address: null

2019-09-10 04:01:01 - [TEST_STEP][PASSED] - City = City: null

2019-09-10 04:01:01 - [TEST_STEP][PASSED] - Tel = Tel: null

2019-09-10 04:01:01 - [TEST_STEP][PASSED] - AutoEmail = AutoEmail: null

2019-09-10 04:01:01 - [TEST_STEP][PASSED] - println(FirstName): null

2019-09-10 04:01:01 - [TEST_STEP][PASSED] - println(LastName): null

2019-09-10 04:01:01 - [TEST_STEP][PASSED] - println(Address): null

2019-09-10 04:01:01 - [TEST_STEP][PASSED] - println(City): null

2019-09-10 04:01:01 - [TEST_STEP][PASSED] - println(Tel): null

2019-09-10 04:01:01 - [TEST_STEP][PASSED] - println(AutoEmail): null

2019-09-10 04:01:01 - [MESSAGE][PASSED] - Call Test Case 'Test Cases/mobileWeb/_include/name' successfully

2019-09-10 04:01:01 - [TEST_STEP][PASSED] - setText(findTestObject("mobileSanity/HBI/Page_App Page 1/input__member-P-1-firstName"), FirstName): Text 'Test-123' is set on object 'Object Repository/mobileSanity/HBI/Page_App Page 1/input__member-P-1-firstName'

2019-09-10 04:01:01 - [MESSAGE][PASSED] - Text 'Test-123' is set on object 'Object Repository/mobileSanity/HBI/Page_App Page 1/input__member-P-1-firstName'

2019-09-10 04:01:01 - [TEST_STEP][PASSED] - setText(findTestObject("mobileSanity/HBI/Page_App Page 1/input__member-P-1-lastName"), LastName): Text 'ZZ11-jPThVWCM' is set on object 'Object Repository/mobileSanity/HBI/Page_App Page 1/input__member-P-1-lastName'

2019-09-10 04:01:01 - [MESSAGE][PASSED] - Text 'ZZ11-jPThVWCM' is set on object 'Object Repository/mobileSanity/HBI/Page_App Page 1/input__member-P-1-lastName'

2019-09-10 04:01:01 - [TEST_STEP][PASSED] - if (carrier == "agileone" || carrier == "agilesecure"): null

2019-09-10 04:01:01 - [TEST_STEP][PASSED] - setText(findTestObject("mobileSanity/HBI/Page_App Page 1/input__address"), Address): Text 'OivvacOt' is set on object 'Object Repository/mobileSanity/HBI/Page_App Page 1/input__address'

2019-09-10 04:01:02 - [MESSAGE][PASSED] - Text 'OivvacOt' is set on object 'Object Repository/mobileSanity/HBI/Page_App Page 1/input__address'

2019-09-10 04:01:02 - [TEST_STEP][PASSED] - setText(findTestObject("mobileSanity/HBI/Page_App Page 1/input__city"), City): Text 'fVSnpxss' is set on object 'Object Repository/mobileSanity/HBI/Page_App Page 1/input__city'

2019-09-10 04:01:02 - [MESSAGE][PASSED] - Text 'fVSnpxss' is set on object 'Object Repository/mobileSanity/HBI/Page_App Page 1/input__city'

2019-09-10 04:01:02 - [TEST_STEP][PASSED] - setText(findTestObject("mobileSanity/HBI/Page_App Page 1/input__email"), AutoEmail): Text 'test.fJGcxbyE@suryani.cn' is set on object 'Object Repository/mobileSanity/HBI/Page_App Page 1/input__email'

2019-09-10 04:01:02 - [MESSAGE][PASSED] - Text 'test.fJGcxbyE@suryani.cn' is set on object 'Object Repository/mobileSanity/HBI/Page_App Page 1/input__email'

2019-09-10 04:01:02 - [TEST_STEP][PASSED] - setText(findTestObject("mobileSanity/HBI/Page_App Page 1/input_tel"), Tel): Text '349-795-5376' is set on object 'Object Repository/mobileSanity/HBI/Page_App Page 1/input_tel'

2019-09-10 04:01:02 - [MESSAGE][PASSED] - Text '349-795-5376' is set on object 'Object Repository/mobileSanity/HBI/Page_App Page 1/input_tel'

2019-09-10 04:01:02 - [TEST_STEP][PASSED] - click(findTestObject("mobileSanity/HBI/Page_App Page 1/a_Continue to Step 2 - Payment")): Object: 'Object Repository/mobileSanity/HBI/Page_App Page 1/a_Continue to Step 2 - Payment' is clicked on

2019-09-10 04:01:02 - [MESSAGE][PASSED] - Object: 'Object Repository/mobileSanity/HBI/Page_App Page 1/a_Continue to Step 2 - Payment' is clicked on

2019-09-10 04:01:02 - [TEST_STEP][PASSED] - waitForPageLoad(20): Wait for page load successfully

2019-09-10 04:01:02 - [MESSAGE][PASSED] - Wait for page load successfully

2019-09-10 04:01:02 - [TEST_STEP][PASSED] - Thread.sleep(2000): null

2019-09-10 04:01:04 - [TEST_STEP][PASSED] - waitForElementVisible(findTestObject("mobileSanity/HBI/Page_App Page 2/input__credit-card-first"), 20): Object 'Object Repository/mobileSanity/HBI/Page_App Page 2/input__credit-card-first' is visible

2019-09-10 04:01:05 - [MESSAGE][PASSED] - Object 'Object Repository/mobileSanity/HBI/Page_App Page 2/input__credit-card-first' is visible

2019-09-10 04:01:05 - [TEST_STEP][PASSED] - callTestCase(findTestCase("mobileWeb/_include/get_screenshot"), [:], STOP_ON_FAILURE): Call Test Case 'Test Cases/mobileWeb/_include/get_screenshot' successfully

2019-09-10 04:01:05 - [TEST_CASE][PASSED] - Test Cases/mobileWeb/_include/get_screenshot: Test Cases/mobileWeb/_include/get_screenshot

2019-09-10 04:01:05 - [TEST_STEP][PASSED] - takeScreenshot(screenPath + i + ".png"): Taking screenshot successfully

2019-09-10 04:01:05 - [MESSAGE][PASSED] - Taking screenshot successfully
[[ATTACHMENT|D:\\Test\\AgileTest\\Reports\\mobileWeb\\hbi\\20190910_035329\\../Screenshots/iPhone X/hbi/Fixed Cash Benefit/standard/7.png]]

2019-09-10 04:01:05 - [TEST_STEP][PASSED] - (internal.GlobalVariable.i++): null

2019-09-10 04:01:05 - [MESSAGE][PASSED] - Call Test Case 'Test Cases/mobileWeb/_include/get_screenshot' successfully

2019-09-10 04:01:05 - [TEST_STEP][PASSED] - setText(findTestObject("mobileSanity/HBI/Page_App Page 2/input__credit-card-first"), FirstName): Text 'Test-123' is set on object 'Object Repository/mobileSanity/HBI/Page_App Page 2/input__credit-card-first'

2019-09-10 04:01:05 - [MESSAGE][PASSED] - Text 'Test-123' is set on object 'Object Repository/mobileSanity/HBI/Page_App Page 2/input__credit-card-first'

2019-09-10 04:01:05 - [TEST_STEP][PASSED] - setText(findTestObject("mobileSanity/HBI/Page_App Page 2/input__credit-card-last"), LastName): Text 'ZZ11-jPThVWCM' is set on object 'Object Repository/mobileSanity/HBI/Page_App Page 2/input__credit-card-last'

2019-09-10 04:01:05 - [MESSAGE][PASSED] - Text 'ZZ11-jPThVWCM' is set on object 'Object Repository/mobileSanity/HBI/Page_App Page 2/input__credit-card-last'

2019-09-10 04:01:05 - [TEST_STEP][PASSED] - selectOptionByValue(findTestObject("mobileSanity/HBI/Page_App Page 2/select_MM010203040506070809101"), "12", true): All options with value '12' are selected in object 'Object Repository/mobileSanity/HBI/Page_App Page 2/select_MM010203040506070809101'  using regular expression

2019-09-10 04:01:06 - [MESSAGE][PASSED] - All options with value '12' are selected in object 'Object Repository/mobileSanity/HBI/Page_App Page 2/select_MM010203040506070809101'  using regular expression

2019-09-10 04:01:06 - [TEST_STEP][PASSED] - selectOptionByValue(findTestObject("mobileSanity/HBI/Page_App Page 2/select_YYYY2019202020212022202"), "2026", true): All options with value '2026' are selected in object 'Object Repository/mobileSanity/HBI/Page_App Page 2/select_YYYY2019202020212022202'  using regular expression

2019-09-10 04:01:06 - [MESSAGE][PASSED] - All options with value '2026' are selected in object 'Object Repository/mobileSanity/HBI/Page_App Page 2/select_YYYY2019202020212022202'  using regular expression

2019-09-10 04:01:06 - [TEST_STEP][PASSED] - setText(findTestObject("mobileSanity/HBI/Page_App Page 2/input__credit-card-number"), "4111111111111111"): Text '4111111111111111' is set on object 'Object Repository/mobileSanity/HBI/Page_App Page 2/input__credit-card-number'

2019-09-10 04:01:06 - [MESSAGE][PASSED] - Text '4111111111111111' is set on object 'Object Repository/mobileSanity/HBI/Page_App Page 2/input__credit-card-number'

2019-09-10 04:01:06 - [TEST_STEP][PASSED] - setText(findTestObject("mobileSanity/HBI/Page_App Page 2/input__cvv"), "123"): Text '123' is set on object 'Object Repository/mobileSanity/HBI/Page_App Page 2/input__cvv'

2019-09-10 04:01:06 - [MESSAGE][PASSED] - Text '123' is set on object 'Object Repository/mobileSanity/HBI/Page_App Page 2/input__cvv'

2019-09-10 04:01:06 - [TEST_STEP][PASSED] - click(findTestObject("mobileSanity/HBI/Page_App Page 2/label_My billing address is th")): Object: 'Object Repository/mobileSanity/HBI/Page_App Page 2/label_My billing address is th' is clicked on

2019-09-10 04:01:07 - [MESSAGE][PASSED] - Object: 'Object Repository/mobileSanity/HBI/Page_App Page 2/label_My billing address is th' is clicked on

2019-09-10 04:01:07 - [TEST_STEP][PASSED] - click(findTestObject("mobileSanity/HBI/Page_App Page 2/label_I Accept Authorization f")): Object: 'Object Repository/mobileSanity/HBI/Page_App Page 2/label_I Accept Authorization f' is clicked on

2019-09-10 04:01:07 - [MESSAGE][PASSED] - Object: 'Object Repository/mobileSanity/HBI/Page_App Page 2/label_I Accept Authorization f' is clicked on

2019-09-10 04:01:07 - [TEST_STEP][PASSED] - click(findTestObject("mobileSanity/HBI/Page_App Page 2/a_Continue to Step 3 - Review")): Object: 'Object Repository/mobileSanity/HBI/Page_App Page 2/a_Continue to Step 3 - Review' is clicked on

2019-09-10 04:01:07 - [MESSAGE][PASSED] - Object: 'Object Repository/mobileSanity/HBI/Page_App Page 2/a_Continue to Step 3 - Review' is clicked on

2019-09-10 04:01:07 - [TEST_STEP][PASSED] - waitForPageLoad(20): Wait for page load successfully

2019-09-10 04:01:07 - [MESSAGE][PASSED] - Wait for page load successfully

2019-09-10 04:01:07 - [TEST_STEP][PASSED] - Thread.sleep(10000): null

2019-09-10 04:01:17 - [TEST_STEP][PASSED] - waitForElementPresent(findTestObject("mobileSanity/HBI/Page_App Page 3/label"), 20): Object 'Object Repository/mobileSanity/HBI/Page_App Page 3/label' is present

2019-09-10 04:01:17 - [MESSAGE][PASSED] - Object 'Object Repository/mobileSanity/HBI/Page_App Page 3/label' is present

2019-09-10 04:01:17 - [TEST_STEP][PASSED] - callTestCase(findTestCase("mobileWeb/_include/get_screenshot"), [:], STOP_ON_FAILURE): Call Test Case 'Test Cases/mobileWeb/_include/get_screenshot' successfully

2019-09-10 04:01:17 - [TEST_CASE][PASSED] - Test Cases/mobileWeb/_include/get_screenshot: Test Cases/mobileWeb/_include/get_screenshot

2019-09-10 04:01:17 - [TEST_STEP][PASSED] - takeScreenshot(screenPath + i + ".png"): Taking screenshot successfully

2019-09-10 04:01:18 - [MESSAGE][PASSED] - Taking screenshot successfully
[[ATTACHMENT|D:\\Test\\AgileTest\\Reports\\mobileWeb\\hbi\\20190910_035329\\../Screenshots/iPhone X/hbi/Fixed Cash Benefit/standard/8.png]]

2019-09-10 04:01:18 - [TEST_STEP][PASSED] - (internal.GlobalVariable.i++): null

2019-09-10 04:01:18 - [MESSAGE][PASSED] - Call Test Case 'Test Cases/mobileWeb/_include/get_screenshot' successfully

2019-09-10 04:01:18 - [TEST_STEP][PASSED] - click(findTestObject("mobileSanity/HBI/Page_App Page 3/label")): Object: 'Object Repository/mobileSanity/HBI/Page_App Page 3/label' is clicked on

2019-09-10 04:01:18 - [MESSAGE][PASSED] - Object: 'Object Repository/mobileSanity/HBI/Page_App Page 3/label' is clicked on

2019-09-10 04:01:18 - [TEST_STEP][PASSED] - click(findTestObject("mobileSanity/HBI/Page_App Page 3/p_CLICK TO SIGN")): Object: 'Object Repository/mobileSanity/HBI/Page_App Page 3/p_CLICK TO SIGN' is clicked on

2019-09-10 04:01:18 - [MESSAGE][PASSED] - Object: 'Object Repository/mobileSanity/HBI/Page_App Page 3/p_CLICK TO SIGN' is clicked on

2019-09-10 04:01:18 - [TEST_STEP][PASSED] - click(findTestObject("mobileSanity/HBI/Page_App Page 3/a_Submit Your Application")): Object: 'Object Repository/mobileSanity/HBI/Page_App Page 3/a_Submit Your Application' is clicked on

2019-09-10 04:01:18 - [MESSAGE][PASSED] - Object: 'Object Repository/mobileSanity/HBI/Page_App Page 3/a_Submit Your Application' is clicked on

2019-09-10 04:01:18 - [TEST_STEP][PASSED] - Thread.sleep(30000): null

2019-09-10 04:01:48 - [TEST_STEP][PASSED] - callTestCase(findTestCase("mobileWeb/_include/get_screenshot"), [:], STOP_ON_FAILURE): Call Test Case 'Test Cases/mobileWeb/_include/get_screenshot' successfully

2019-09-10 04:01:48 - [TEST_CASE][PASSED] - Test Cases/mobileWeb/_include/get_screenshot: Test Cases/mobileWeb/_include/get_screenshot

2019-09-10 04:01:48 - [TEST_STEP][PASSED] - takeScreenshot(screenPath + i + ".png"): Taking screenshot successfully

2019-09-10 04:01:49 - [MESSAGE][PASSED] - Taking screenshot successfully
[[ATTACHMENT|D:\\Test\\AgileTest\\Reports\\mobileWeb\\hbi\\20190910_035329\\../Screenshots/iPhone X/hbi/Fixed Cash Benefit/standard/9.png]]

2019-09-10 04:01:49 - [TEST_STEP][PASSED] - (internal.GlobalVariable.i++): null

2019-09-10 04:01:49 - [MESSAGE][PASSED] - Call Test Case 'Test Cases/mobileWeb/_include/get_screenshot' successfully

2019-09-10 04:01:49 - [TEST_STEP][PASSED] - verifyTextPresent("Congratulations", false): Text 'Congratulations' is present on page 

2019-09-10 04:01:49 - [MESSAGE][PASSED] - Text 'Congratulations' is present on page 

2019-09-10 04:01:49 - [MESSAGE][PASSED] - Call Test Case 'Test Cases/mobileWeb/_include/goToEnd_hbi' successfully]]></system-out>
         <system-err><![CDATA[]]></system-err>
      </testcase>
      <testcase name="Test Cases/mobileWeb/HBI/Health Choice" classname="Test Cases/mobileWeb/HBI/Health Choice" status="PASSED">
         <system-out><![CDATA[2019-09-10 04:01:49 - [TEST_CASE][PASSED] - Test Cases/mobileWeb/HBI/Health Choice: Test Cases/mobileWeb/HBI/Health Choice

2019-09-10 04:01:49 - [TEST_STEP][PASSED] - callTestCase(findTestCase("mobileWeb/_include/get_screenPath"), ["productLine":"hbi", "carrierName":"Health Choice"], CONTINUE_ON_FAILURE): Call Test Case 'Test Cases/mobileWeb/_include/get_screenPath' successfully

2019-09-10 04:01:49 - [TEST_CASE][PASSED] - Test Cases/mobileWeb/_include/get_screenPath: Test Cases/mobileWeb/_include/get_screenPath

2019-09-10 04:01:49 - [TEST_STEP][PASSED] - m = getExecutionProperties(): null

2019-09-10 04:01:49 - [TEST_STEP][PASSED] - deviceName = get("mobileEmulation").get("deviceName"): null

2019-09-10 04:01:49 - [TEST_STEP][PASSED] - println(deviceName): null

2019-09-10 04:01:49 - [TEST_STEP][PASSED] - now = new java.util.Date(): null

2019-09-10 04:01:49 - [TEST_STEP][PASSED] - mydate = now.format("yyyyMMdd_HHmmss"): null

2019-09-10 04:01:49 - [TEST_STEP][PASSED] - screenPath = "../Screenshots/": null

2019-09-10 04:01:49 - [TEST_STEP][PASSED] - screenPath = screenPath + deviceName + "/" + productLine + "/" + carrierName + "/" + "standard" + "/": null

2019-09-10 04:01:49 - [TEST_STEP][PASSED] - println(screenPath): null

2019-09-10 04:01:49 - [MESSAGE][PASSED] - Call Test Case 'Test Cases/mobileWeb/_include/get_screenPath' successfully

2019-09-10 04:01:49 - [TEST_STEP][PASSED] - i = 0: null

2019-09-10 04:01:49 - [TEST_STEP][PASSED] - callTestCase(findTestCase("mobileWeb/_include/openWebSite"), [:], CONTINUE_ON_FAILURE): Call Test Case 'Test Cases/mobileWeb/_include/openWebSite' successfully

2019-09-10 04:01:49 - [TEST_CASE][PASSED] - Test Cases/mobileWeb/_include/openWebSite: Test Cases/mobileWeb/_include/openWebSite

2019-09-10 04:01:49 - [TEST_STEP][PASSED] - openBrowser(env): Browser is opened with url: 'https://praetemptatus.agilehealthinsurance.com'

2019-09-10 04:01:49 - [MESSAGE][WARNING] - A browser is already opened. Closing browser and opening a new one

2019-09-10 04:01:50 - [MESSAGE][INFO] - Starting 'Chrome' driver

2019-09-10 04:01:50 - [MESSAGE][INFO] - User set preference: ['mobileEmulation', '{deviceName=iPhone X}']

2019-09-10 04:01:50 - [MESSAGE][INFO] - User set preference: ['args', '[--incognito, --aggressive-cache-discard, --no-sandbox, --window-size=375,812]']

2019-09-10 04:01:52 - [MESSAGE][PASSED] - Browser is opened with url: 'https://praetemptatus.agilehealthinsurance.com'

2019-09-10 04:01:52 - [TEST_STEP][PASSED] - waitForPageLoad(20): Wait for page load successfully

2019-09-10 04:01:52 - [MESSAGE][PASSED] - Wait for page load successfully

2019-09-10 04:01:52 - [TEST_STEP][PASSED] - Thread.sleep(2000): null

2019-09-10 04:01:54 - [TEST_STEP][PASSED] - callTestCase(findTestCase("mobileWeb/_include/get_screenshot"), [:], STOP_ON_FAILURE): Call Test Case 'Test Cases/mobileWeb/_include/get_screenshot' successfully

2019-09-10 04:01:54 - [TEST_CASE][PASSED] - Test Cases/mobileWeb/_include/get_screenshot: Test Cases/mobileWeb/_include/get_screenshot

2019-09-10 04:01:54 - [TEST_STEP][PASSED] - takeScreenshot(screenPath + i + ".png"): Taking screenshot successfully

2019-09-10 04:01:55 - [MESSAGE][PASSED] - Taking screenshot successfully
[[ATTACHMENT|D:\\Test\\AgileTest\\Reports\\mobileWeb\\hbi\\20190910_035329\\../Screenshots/iPhone X/hbi/Health Choice/standard/0.png]]

2019-09-10 04:01:55 - [TEST_STEP][PASSED] - (internal.GlobalVariable.i++): null

2019-09-10 04:01:55 - [MESSAGE][PASSED] - Call Test Case 'Test Cases/mobileWeb/_include/get_screenshot' successfully

2019-09-10 04:01:55 - [MESSAGE][PASSED] - Call Test Case 'Test Cases/mobileWeb/_include/openWebSite' successfully

2019-09-10 04:01:55 - [TEST_STEP][PASSED] - callTestCase(findTestCase("mobileWeb/_include/census_hbi"), [:], CONTINUE_ON_FAILURE): Call Test Case 'Test Cases/mobileWeb/_include/census_hbi' successfully

2019-09-10 04:01:55 - [TEST_CASE][PASSED] - Test Cases/mobileWeb/_include/census_hbi: Test Cases/mobileWeb/_include/census_hbi

2019-09-10 04:01:55 - [TEST_STEP][PASSED] - click(findTestObject("mobileSanity/Common/side_nav/menu")): Object: 'Object Repository/mobileSanity/Common/side_nav/menu' is clicked on

2019-09-10 04:01:55 - [MESSAGE][PASSED] - Object: 'Object Repository/mobileSanity/Common/side_nav/menu' is clicked on

2019-09-10 04:01:55 - [TEST_STEP][PASSED] - Thread.sleep(3000): null

2019-09-10 04:01:58 - [TEST_STEP][PASSED] - callTestCase(findTestCase("mobileWeb/_include/get_screenshot"), [:], STOP_ON_FAILURE): Call Test Case 'Test Cases/mobileWeb/_include/get_screenshot' successfully

2019-09-10 04:01:58 - [TEST_CASE][PASSED] - Test Cases/mobileWeb/_include/get_screenshot: Test Cases/mobileWeb/_include/get_screenshot

2019-09-10 04:01:58 - [TEST_STEP][PASSED] - takeScreenshot(screenPath + i + ".png"): Taking screenshot successfully

2019-09-10 04:01:59 - [MESSAGE][PASSED] - Taking screenshot successfully
[[ATTACHMENT|D:\\Test\\AgileTest\\Reports\\mobileWeb\\hbi\\20190910_035329\\../Screenshots/iPhone X/hbi/Health Choice/standard/1.png]]

2019-09-10 04:01:59 - [TEST_STEP][PASSED] - (internal.GlobalVariable.i++): null

2019-09-10 04:01:59 - [MESSAGE][PASSED] - Call Test Case 'Test Cases/mobileWeb/_include/get_screenshot' successfully

2019-09-10 04:01:59 - [TEST_STEP][PASSED] - click(findTestObject("mobileSanity/Common/side_nav/nav_hbi")): Object: 'Object Repository/mobileSanity/Common/side_nav/nav_hbi' is clicked on

2019-09-10 04:01:59 - [MESSAGE][PASSED] - Object: 'Object Repository/mobileSanity/Common/side_nav/nav_hbi' is clicked on

2019-09-10 04:01:59 - [TEST_STEP][PASSED] - waitForPageLoad(10): Wait for page load successfully

2019-09-10 04:01:59 - [MESSAGE][PASSED] - Wait for page load successfully

2019-09-10 04:01:59 - [TEST_STEP][PASSED] - Thread.sleep(3000): null

2019-09-10 04:02:02 - [TEST_STEP][PASSED] - callTestCase(findTestCase("mobileWeb/_include/get_screenshot"), [:], STOP_ON_FAILURE): Call Test Case 'Test Cases/mobileWeb/_include/get_screenshot' successfully

2019-09-10 04:02:02 - [TEST_CASE][PASSED] - Test Cases/mobileWeb/_include/get_screenshot: Test Cases/mobileWeb/_include/get_screenshot

2019-09-10 04:02:02 - [TEST_STEP][PASSED] - takeScreenshot(screenPath + i + ".png"): Taking screenshot successfully

2019-09-10 04:02:03 - [MESSAGE][PASSED] - Taking screenshot successfully
[[ATTACHMENT|D:\\Test\\AgileTest\\Reports\\mobileWeb\\hbi\\20190910_035329\\../Screenshots/iPhone X/hbi/Health Choice/standard/2.png]]

2019-09-10 04:02:03 - [TEST_STEP][PASSED] - (internal.GlobalVariable.i++): null

2019-09-10 04:02:03 - [MESSAGE][PASSED] - Call Test Case 'Test Cases/mobileWeb/_include/get_screenshot' successfully

2019-09-10 04:02:03 - [TEST_STEP][PASSED] - setText(findTestObject("mobileSanity/HBI/census/input_Location_zip-input"), zipcode): Text '35215' is set on object 'Object Repository/mobileSanity/HBI/census/input_Location_zip-input'

2019-09-10 04:02:03 - [MESSAGE][PASSED] - Text '35215' is set on object 'Object Repository/mobileSanity/HBI/census/input_Location_zip-input'

2019-09-10 04:02:03 - [TEST_STEP][PASSED] - Thread.sleep(500): null

2019-09-10 04:02:03 - [TEST_STEP][PASSED] - setText(findTestObject("mobileSanity/HBI/census/input_Date of Birth_dob-0"), "12121980"): Text '12121980' is set on object 'Object Repository/mobileSanity/HBI/census/input_Date of Birth_dob-0'

2019-09-10 04:02:04 - [MESSAGE][PASSED] - Text '12121980' is set on object 'Object Repository/mobileSanity/HBI/census/input_Date of Birth_dob-0'

2019-09-10 04:02:04 - [TEST_STEP][PASSED] - click(findTestObject("mobileSanity/HBI/census/label_Male")): Object: 'Object Repository/mobileSanity/HBI/census/label_Male' is clicked on

2019-09-10 04:02:04 - [MESSAGE][PASSED] - Object: 'Object Repository/mobileSanity/HBI/census/label_Male' is clicked on

2019-09-10 04:02:04 - [TEST_STEP][PASSED] - click(findTestObject("mobileSanity/HBI/census/label_Get a Quote")): Object: 'Object Repository/mobileSanity/HBI/census/label_Get a Quote' is clicked on

2019-09-10 04:02:05 - [MESSAGE][PASSED] - Object: 'Object Repository/mobileSanity/HBI/census/label_Get a Quote' is clicked on

2019-09-10 04:02:05 - [TEST_STEP][PASSED] - waitForPageLoad(20): Wait for page load successfully

2019-09-10 04:02:05 - [MESSAGE][PASSED] - Wait for page load successfully

2019-09-10 04:02:05 - [TEST_STEP][PASSED] - Thread.sleep(3000): null

2019-09-10 04:02:08 - [TEST_STEP][PASSED] - callTestCase(findTestCase("mobileWeb/_include/get_screenshot"), [:], STOP_ON_FAILURE): Call Test Case 'Test Cases/mobileWeb/_include/get_screenshot' successfully

2019-09-10 04:02:08 - [TEST_CASE][PASSED] - Test Cases/mobileWeb/_include/get_screenshot: Test Cases/mobileWeb/_include/get_screenshot

2019-09-10 04:02:08 - [TEST_STEP][PASSED] - takeScreenshot(screenPath + i + ".png"): Taking screenshot successfully

2019-09-10 04:02:08 - [MESSAGE][PASSED] - Taking screenshot successfully
[[ATTACHMENT|D:\\Test\\AgileTest\\Reports\\mobileWeb\\hbi\\20190910_035329\\../Screenshots/iPhone X/hbi/Health Choice/standard/3.png]]

2019-09-10 04:02:08 - [TEST_STEP][PASSED] - (internal.GlobalVariable.i++): null

2019-09-10 04:02:08 - [MESSAGE][PASSED] - Call Test Case 'Test Cases/mobileWeb/_include/get_screenshot' successfully

2019-09-10 04:02:08 - [MESSAGE][PASSED] - Call Test Case 'Test Cases/mobileWeb/_include/census_hbi' successfully

2019-09-10 04:02:08 - [TEST_STEP][PASSED] - Thread.sleep(5000): null

2019-09-10 04:02:13 - [TEST_STEP][PASSED] - scrollToPosition(200, 2300): Browser is scrolled to position x = 200, y = 2300

2019-09-10 04:02:13 - [MESSAGE][PASSED] - Browser is scrolled to position x = 200, y = 2300

2019-09-10 04:02:13 - [TEST_STEP][PASSED] - click(findTestObject("mobileSanity/HBI/quote/a_Health Choice")): Object: 'Object Repository/mobileSanity/HBI/quote/a_Health Choice' is clicked on

2019-09-10 04:02:14 - [MESSAGE][PASSED] - Object: 'Object Repository/mobileSanity/HBI/quote/a_Health Choice' is clicked on

2019-09-10 04:02:14 - [TEST_STEP][PASSED] - waitForPageLoad(20): Wait for page load successfully

2019-09-10 04:02:14 - [MESSAGE][PASSED] - Wait for page load successfully

2019-09-10 04:02:14 - [TEST_STEP][PASSED] - callTestCase(findTestCase("mobileWeb/_include/get_screenshot"), [:], STOP_ON_FAILURE): Call Test Case 'Test Cases/mobileWeb/_include/get_screenshot' successfully

2019-09-10 04:02:14 - [TEST_CASE][PASSED] - Test Cases/mobileWeb/_include/get_screenshot: Test Cases/mobileWeb/_include/get_screenshot

2019-09-10 04:02:14 - [TEST_STEP][PASSED] - takeScreenshot(screenPath + i + ".png"): Taking screenshot successfully

2019-09-10 04:02:15 - [MESSAGE][PASSED] - Taking screenshot successfully
[[ATTACHMENT|D:\\Test\\AgileTest\\Reports\\mobileWeb\\hbi\\20190910_035329\\../Screenshots/iPhone X/hbi/Health Choice/standard/4.png]]

2019-09-10 04:02:15 - [TEST_STEP][PASSED] - (internal.GlobalVariable.i++): null

2019-09-10 04:02:15 - [MESSAGE][PASSED] - Call Test Case 'Test Cases/mobileWeb/_include/get_screenshot' successfully

2019-09-10 04:02:15 - [TEST_STEP][PASSED] - click(findTestObject("mobileSanity/HBI/detail/a_Apply for This Plan")): Object: 'Object Repository/mobileSanity/HBI/detail/a_Apply for This Plan' is clicked on

2019-09-10 04:02:16 - [MESSAGE][PASSED] - Object: 'Object Repository/mobileSanity/HBI/detail/a_Apply for This Plan' is clicked on

2019-09-10 04:02:16 - [TEST_STEP][PASSED] - waitForPageLoad(20): Wait for page load successfully

2019-09-10 04:02:16 - [MESSAGE][PASSED] - Wait for page load successfully

2019-09-10 04:02:16 - [TEST_STEP][PASSED] - callTestCase(findTestCase("mobileWeb/_include/get_screenshot"), [:], STOP_ON_FAILURE): Call Test Case 'Test Cases/mobileWeb/_include/get_screenshot' successfully

2019-09-10 04:02:16 - [TEST_CASE][PASSED] - Test Cases/mobileWeb/_include/get_screenshot: Test Cases/mobileWeb/_include/get_screenshot

2019-09-10 04:02:16 - [TEST_STEP][PASSED] - takeScreenshot(screenPath + i + ".png"): Taking screenshot successfully

2019-09-10 04:02:16 - [MESSAGE][PASSED] - Taking screenshot successfully
[[ATTACHMENT|D:\\Test\\AgileTest\\Reports\\mobileWeb\\hbi\\20190910_035329\\../Screenshots/iPhone X/hbi/Health Choice/standard/5.png]]

2019-09-10 04:02:16 - [TEST_STEP][PASSED] - (internal.GlobalVariable.i++): null

2019-09-10 04:02:16 - [MESSAGE][PASSED] - Call Test Case 'Test Cases/mobileWeb/_include/get_screenshot' successfully

2019-09-10 04:02:16 - [TEST_STEP][PASSED] - click(findTestObject("mobileSanity/HBI/Page_Apply/span_Start Secure Application")): Object: 'Object Repository/mobileSanity/HBI/Page_Apply/span_Start Secure Application' is clicked on

2019-09-10 04:02:17 - [MESSAGE][PASSED] - Object: 'Object Repository/mobileSanity/HBI/Page_Apply/span_Start Secure Application' is clicked on

2019-09-10 04:02:17 - [TEST_STEP][PASSED] - waitForPageLoad(20): Wait for page load successfully

2019-09-10 04:02:17 - [MESSAGE][PASSED] - Wait for page load successfully

2019-09-10 04:02:17 - [TEST_STEP][PASSED] - Thread.sleep(5000): null

2019-09-10 04:02:22 - [TEST_STEP][PASSED] - callTestCase(findTestCase("mobileWeb/_include/get_screenshot"), [:], STOP_ON_FAILURE): Call Test Case 'Test Cases/mobileWeb/_include/get_screenshot' successfully

2019-09-10 04:02:22 - [TEST_CASE][PASSED] - Test Cases/mobileWeb/_include/get_screenshot: Test Cases/mobileWeb/_include/get_screenshot

2019-09-10 04:02:22 - [TEST_STEP][PASSED] - takeScreenshot(screenPath + i + ".png"): Taking screenshot successfully

2019-09-10 04:02:23 - [MESSAGE][PASSED] - Taking screenshot successfully
[[ATTACHMENT|D:\\Test\\AgileTest\\Reports\\mobileWeb\\hbi\\20190910_035329\\../Screenshots/iPhone X/hbi/Health Choice/standard/6.png]]

2019-09-10 04:02:23 - [TEST_STEP][PASSED] - (internal.GlobalVariable.i++): null

2019-09-10 04:02:23 - [MESSAGE][PASSED] - Call Test Case 'Test Cases/mobileWeb/_include/get_screenshot' successfully

2019-09-10 04:02:23 - [TEST_STEP][PASSED] - callTestCase(findTestCase("mobileWeb/_include/goToEnd_hbi"), ["carrier":"healthchoiceplus"], CONTINUE_ON_FAILURE): Call Test Case 'Test Cases/mobileWeb/_include/goToEnd_hbi' successfully

2019-09-10 04:02:23 - [TEST_CASE][PASSED] - Test Cases/mobileWeb/_include/goToEnd_hbi: Test Cases/mobileWeb/_include/goToEnd_hbi

2019-09-10 04:02:23 - [TEST_STEP][PASSED] - if (state == "ca"): null

2019-09-10 04:02:23 - [TEST_STEP][PASSED] - callTestCase(findTestCase("mobileWeb/_include/name"), [:], CONTINUE_ON_FAILURE): Call Test Case 'Test Cases/mobileWeb/_include/name' successfully

2019-09-10 04:02:23 - [TEST_CASE][PASSED] - Test Cases/mobileWeb/_include/name: Test Cases/mobileWeb/_include/name

2019-09-10 04:02:23 - [TEST_STEP][PASSED] - driver = getWebDriver(): null

2019-09-10 04:02:23 - [TEST_STEP][PASSED] - selenium = new com.thoughtworks.selenium.webdriven.WebDriverBackedSelenium(driver, internal.GlobalVariable.ENV): null

2019-09-10 04:02:23 - [TEST_STEP][PASSED] - FirstName = "Test-123": null

2019-09-10 04:02:23 - [TEST_STEP][PASSED] - LastName = selenium.getEval("{var x="ABCDEFGHIJKLMNOPQRSTUVWXYZabcdefghijklmnopqrstuvwxyz"; var tmp="ZZ11-"; for (i=0;i<8;i++) tmp+=x.charAt(Math.ceil(51*Math.random()));tmp;}"): null

2019-09-10 04:02:23 - [TEST_STEP][PASSED] - Address = selenium.getEval("{var x="ABCDEFGHIJKLMNOPQRSTUVWXYZabcdefghijklmnopqrstuvwxyz"; var tmp=""; for (i=0;i<8;i++) tmp+=x.charAt(Math.ceil(51*Math.random()));tmp;}"): null

2019-09-10 04:02:23 - [TEST_STEP][PASSED] - City = selenium.getEval("{var x="ABCDEFGHIJKLMNOPQRSTUVWXYZabcdefghijklmnopqrstuvwxyz"; var tmp=""; for (i=0;i<8;i++) tmp+=x.charAt(Math.ceil(51*Math.random()));tmp;}"): null

2019-09-10 04:02:23 - [TEST_STEP][PASSED] - tel1 = selenium.getEval("{var x="123456789"; var tmp=""; for (i=0;i<3;i++) tmp+=x.charAt(Math.ceil(8*Math.random()));tmp;}"): null

2019-09-10 04:02:23 - [TEST_STEP][PASSED] - tel2 = selenium.getEval("{var x="123456789"; var tmp=""; for (i=0;i<3;i++) tmp+=x.charAt(Math.ceil(8*Math.random()));tmp;}"): null

2019-09-10 04:02:23 - [TEST_STEP][PASSED] - tel3 = selenium.getEval("{var x="123456789"; var tmp=""; for (i=0;i<4;i++) tmp+=x.charAt(Math.ceil(8*Math.random()));tmp;}"): null

2019-09-10 04:02:23 - [TEST_STEP][PASSED] - Tel = selenium.getExpression(tel1 + "-" + tel2 + "-" + tel3): null

2019-09-10 04:02:23 - [TEST_STEP][PASSED] - AutoEmail = selenium.getEval("{var x="ABCDEFGHIJKLMNOPQRSTUVWXYZabcdefghijklmnopqrstuvwxyz"; var tmp="test."; for (i=0;i<8;i++) tmp+=x.charAt(Math.ceil(51*Math.random()));tmp+="@suryani.cn";}"): null

2019-09-10 04:02:23 - [TEST_STEP][PASSED] - FirstName = FirstName: null

2019-09-10 04:02:23 - [TEST_STEP][PASSED] - LastName = LastName: null

2019-09-10 04:02:23 - [TEST_STEP][PASSED] - Address = Address: null

2019-09-10 04:02:23 - [TEST_STEP][PASSED] - City = City: null

2019-09-10 04:02:23 - [TEST_STEP][PASSED] - Tel = Tel: null

2019-09-10 04:02:23 - [TEST_STEP][PASSED] - AutoEmail = AutoEmail: null

2019-09-10 04:02:23 - [TEST_STEP][PASSED] - println(FirstName): null

2019-09-10 04:02:23 - [TEST_STEP][PASSED] - println(LastName): null

2019-09-10 04:02:23 - [TEST_STEP][PASSED] - println(Address): null

2019-09-10 04:02:23 - [TEST_STEP][PASSED] - println(City): null

2019-09-10 04:02:23 - [TEST_STEP][PASSED] - println(Tel): null

2019-09-10 04:02:23 - [TEST_STEP][PASSED] - println(AutoEmail): null

2019-09-10 04:02:23 - [MESSAGE][PASSED] - Call Test Case 'Test Cases/mobileWeb/_include/name' successfully

2019-09-10 04:02:23 - [TEST_STEP][PASSED] - setText(findTestObject("mobileSanity/HBI/Page_App Page 1/input__member-P-1-firstName"), FirstName): Text 'Test-123' is set on object 'Object Repository/mobileSanity/HBI/Page_App Page 1/input__member-P-1-firstName'

2019-09-10 04:02:23 - [MESSAGE][PASSED] - Text 'Test-123' is set on object 'Object Repository/mobileSanity/HBI/Page_App Page 1/input__member-P-1-firstName'

2019-09-10 04:02:23 - [TEST_STEP][PASSED] - setText(findTestObject("mobileSanity/HBI/Page_App Page 1/input__member-P-1-lastName"), LastName): Text 'ZZ11-TURVTwJf' is set on object 'Object Repository/mobileSanity/HBI/Page_App Page 1/input__member-P-1-lastName'

2019-09-10 04:02:23 - [MESSAGE][PASSED] - Text 'ZZ11-TURVTwJf' is set on object 'Object Repository/mobileSanity/HBI/Page_App Page 1/input__member-P-1-lastName'

2019-09-10 04:02:23 - [TEST_STEP][PASSED] - if (carrier == "agileone" || carrier == "agilesecure"): null

2019-09-10 04:02:23 - [TEST_STEP][PASSED] - setText(findTestObject("mobileSanity/HBI/Page_App Page 1/input__address"), Address): Text 'aNFRpLcb' is set on object 'Object Repository/mobileSanity/HBI/Page_App Page 1/input__address'

2019-09-10 04:02:24 - [MESSAGE][PASSED] - Text 'aNFRpLcb' is set on object 'Object Repository/mobileSanity/HBI/Page_App Page 1/input__address'

2019-09-10 04:02:24 - [TEST_STEP][PASSED] - setText(findTestObject("mobileSanity/HBI/Page_App Page 1/input__city"), City): Text 'xzsPzyet' is set on object 'Object Repository/mobileSanity/HBI/Page_App Page 1/input__city'

2019-09-10 04:02:24 - [MESSAGE][PASSED] - Text 'xzsPzyet' is set on object 'Object Repository/mobileSanity/HBI/Page_App Page 1/input__city'

2019-09-10 04:02:24 - [TEST_STEP][PASSED] - setText(findTestObject("mobileSanity/HBI/Page_App Page 1/input__email"), AutoEmail): Text 'test.dMTULyfW@suryani.cn' is set on object 'Object Repository/mobileSanity/HBI/Page_App Page 1/input__email'

2019-09-10 04:02:24 - [MESSAGE][PASSED] - Text 'test.dMTULyfW@suryani.cn' is set on object 'Object Repository/mobileSanity/HBI/Page_App Page 1/input__email'

2019-09-10 04:02:24 - [TEST_STEP][PASSED] - setText(findTestObject("mobileSanity/HBI/Page_App Page 1/input_tel"), Tel): Text '472-369-3924' is set on object 'Object Repository/mobileSanity/HBI/Page_App Page 1/input_tel'

2019-09-10 04:02:24 - [MESSAGE][PASSED] - Text '472-369-3924' is set on object 'Object Repository/mobileSanity/HBI/Page_App Page 1/input_tel'

2019-09-10 04:02:24 - [TEST_STEP][PASSED] - click(findTestObject("mobileSanity/HBI/Page_App Page 1/a_Continue to Step 2 - Payment")): Object: 'Object Repository/mobileSanity/HBI/Page_App Page 1/a_Continue to Step 2 - Payment' is clicked on

2019-09-10 04:02:25 - [MESSAGE][PASSED] - Object: 'Object Repository/mobileSanity/HBI/Page_App Page 1/a_Continue to Step 2 - Payment' is clicked on

2019-09-10 04:02:25 - [TEST_STEP][PASSED] - waitForPageLoad(20): Wait for page load successfully

2019-09-10 04:02:25 - [MESSAGE][PASSED] - Wait for page load successfully

2019-09-10 04:02:25 - [TEST_STEP][PASSED] - Thread.sleep(2000): null

2019-09-10 04:02:27 - [TEST_STEP][PASSED] - waitForElementVisible(findTestObject("mobileSanity/HBI/Page_App Page 2/input__credit-card-first"), 20): Object 'Object Repository/mobileSanity/HBI/Page_App Page 2/input__credit-card-first' is visible

2019-09-10 04:02:27 - [MESSAGE][PASSED] - Object 'Object Repository/mobileSanity/HBI/Page_App Page 2/input__credit-card-first' is visible

2019-09-10 04:02:27 - [TEST_STEP][PASSED] - callTestCase(findTestCase("mobileWeb/_include/get_screenshot"), [:], STOP_ON_FAILURE): Call Test Case 'Test Cases/mobileWeb/_include/get_screenshot' successfully

2019-09-10 04:02:27 - [TEST_CASE][PASSED] - Test Cases/mobileWeb/_include/get_screenshot: Test Cases/mobileWeb/_include/get_screenshot

2019-09-10 04:02:27 - [TEST_STEP][PASSED] - takeScreenshot(screenPath + i + ".png"): Taking screenshot successfully

2019-09-10 04:02:28 - [MESSAGE][PASSED] - Taking screenshot successfully
[[ATTACHMENT|D:\\Test\\AgileTest\\Reports\\mobileWeb\\hbi\\20190910_035329\\../Screenshots/iPhone X/hbi/Health Choice/standard/7.png]]

2019-09-10 04:02:28 - [TEST_STEP][PASSED] - (internal.GlobalVariable.i++): null

2019-09-10 04:02:28 - [MESSAGE][PASSED] - Call Test Case 'Test Cases/mobileWeb/_include/get_screenshot' successfully

2019-09-10 04:02:28 - [TEST_STEP][PASSED] - setText(findTestObject("mobileSanity/HBI/Page_App Page 2/input__credit-card-first"), FirstName): Text 'Test-123' is set on object 'Object Repository/mobileSanity/HBI/Page_App Page 2/input__credit-card-first'

2019-09-10 04:02:28 - [MESSAGE][PASSED] - Text 'Test-123' is set on object 'Object Repository/mobileSanity/HBI/Page_App Page 2/input__credit-card-first'

2019-09-10 04:02:28 - [TEST_STEP][PASSED] - setText(findTestObject("mobileSanity/HBI/Page_App Page 2/input__credit-card-last"), LastName): Text 'ZZ11-TURVTwJf' is set on object 'Object Repository/mobileSanity/HBI/Page_App Page 2/input__credit-card-last'

2019-09-10 04:02:28 - [MESSAGE][PASSED] - Text 'ZZ11-TURVTwJf' is set on object 'Object Repository/mobileSanity/HBI/Page_App Page 2/input__credit-card-last'

2019-09-10 04:02:28 - [TEST_STEP][PASSED] - selectOptionByValue(findTestObject("mobileSanity/HBI/Page_App Page 2/select_MM010203040506070809101"), "12", true): All options with value '12' are selected in object 'Object Repository/mobileSanity/HBI/Page_App Page 2/select_MM010203040506070809101'  using regular expression

2019-09-10 04:02:28 - [MESSAGE][PASSED] - All options with value '12' are selected in object 'Object Repository/mobileSanity/HBI/Page_App Page 2/select_MM010203040506070809101'  using regular expression

2019-09-10 04:02:28 - [TEST_STEP][PASSED] - selectOptionByValue(findTestObject("mobileSanity/HBI/Page_App Page 2/select_YYYY2019202020212022202"), "2026", true): All options with value '2026' are selected in object 'Object Repository/mobileSanity/HBI/Page_App Page 2/select_YYYY2019202020212022202'  using regular expression

2019-09-10 04:02:28 - [MESSAGE][PASSED] - All options with value '2026' are selected in object 'Object Repository/mobileSanity/HBI/Page_App Page 2/select_YYYY2019202020212022202'  using regular expression

2019-09-10 04:02:28 - [TEST_STEP][PASSED] - setText(findTestObject("mobileSanity/HBI/Page_App Page 2/input__credit-card-number"), "4111111111111111"): Text '4111111111111111' is set on object 'Object Repository/mobileSanity/HBI/Page_App Page 2/input__credit-card-number'

2019-09-10 04:02:29 - [MESSAGE][PASSED] - Text '4111111111111111' is set on object 'Object Repository/mobileSanity/HBI/Page_App Page 2/input__credit-card-number'

2019-09-10 04:02:29 - [TEST_STEP][PASSED] - setText(findTestObject("mobileSanity/HBI/Page_App Page 2/input__cvv"), "123"): Text '123' is set on object 'Object Repository/mobileSanity/HBI/Page_App Page 2/input__cvv'

2019-09-10 04:02:29 - [MESSAGE][PASSED] - Text '123' is set on object 'Object Repository/mobileSanity/HBI/Page_App Page 2/input__cvv'

2019-09-10 04:02:29 - [TEST_STEP][PASSED] - click(findTestObject("mobileSanity/HBI/Page_App Page 2/label_My billing address is th")): Object: 'Object Repository/mobileSanity/HBI/Page_App Page 2/label_My billing address is th' is clicked on

2019-09-10 04:02:29 - [MESSAGE][PASSED] - Object: 'Object Repository/mobileSanity/HBI/Page_App Page 2/label_My billing address is th' is clicked on

2019-09-10 04:02:29 - [TEST_STEP][PASSED] - click(findTestObject("mobileSanity/HBI/Page_App Page 2/label_I Accept Authorization f")): Object: 'Object Repository/mobileSanity/HBI/Page_App Page 2/label_I Accept Authorization f' is clicked on

2019-09-10 04:02:29 - [MESSAGE][PASSED] - Object: 'Object Repository/mobileSanity/HBI/Page_App Page 2/label_I Accept Authorization f' is clicked on

2019-09-10 04:02:29 - [TEST_STEP][PASSED] - click(findTestObject("mobileSanity/HBI/Page_App Page 2/a_Continue to Step 3 - Review")): Object: 'Object Repository/mobileSanity/HBI/Page_App Page 2/a_Continue to Step 3 - Review' is clicked on

2019-09-10 04:02:29 - [MESSAGE][PASSED] - Object: 'Object Repository/mobileSanity/HBI/Page_App Page 2/a_Continue to Step 3 - Review' is clicked on

2019-09-10 04:02:29 - [TEST_STEP][PASSED] - waitForPageLoad(20): Wait for page load successfully

2019-09-10 04:02:29 - [MESSAGE][PASSED] - Wait for page load successfully

2019-09-10 04:02:29 - [TEST_STEP][PASSED] - Thread.sleep(10000): null

2019-09-10 04:02:39 - [TEST_STEP][PASSED] - waitForElementPresent(findTestObject("mobileSanity/HBI/Page_App Page 3/label"), 20): Object 'Object Repository/mobileSanity/HBI/Page_App Page 3/label' is present

2019-09-10 04:02:40 - [MESSAGE][PASSED] - Object 'Object Repository/mobileSanity/HBI/Page_App Page 3/label' is present

2019-09-10 04:02:40 - [TEST_STEP][PASSED] - callTestCase(findTestCase("mobileWeb/_include/get_screenshot"), [:], STOP_ON_FAILURE): Call Test Case 'Test Cases/mobileWeb/_include/get_screenshot' successfully

2019-09-10 04:02:40 - [TEST_CASE][PASSED] - Test Cases/mobileWeb/_include/get_screenshot: Test Cases/mobileWeb/_include/get_screenshot

2019-09-10 04:02:40 - [TEST_STEP][PASSED] - takeScreenshot(screenPath + i + ".png"): Taking screenshot successfully

2019-09-10 04:02:40 - [MESSAGE][PASSED] - Taking screenshot successfully
[[ATTACHMENT|D:\\Test\\AgileTest\\Reports\\mobileWeb\\hbi\\20190910_035329\\../Screenshots/iPhone X/hbi/Health Choice/standard/8.png]]

2019-09-10 04:02:40 - [TEST_STEP][PASSED] - (internal.GlobalVariable.i++): null

2019-09-10 04:02:40 - [MESSAGE][PASSED] - Call Test Case 'Test Cases/mobileWeb/_include/get_screenshot' successfully

2019-09-10 04:02:40 - [TEST_STEP][PASSED] - click(findTestObject("mobileSanity/HBI/Page_App Page 3/label")): Object: 'Object Repository/mobileSanity/HBI/Page_App Page 3/label' is clicked on

2019-09-10 04:02:40 - [MESSAGE][PASSED] - Object: 'Object Repository/mobileSanity/HBI/Page_App Page 3/label' is clicked on

2019-09-10 04:02:40 - [TEST_STEP][PASSED] - click(findTestObject("mobileSanity/HBI/Page_App Page 3/p_CLICK TO SIGN")): Object: 'Object Repository/mobileSanity/HBI/Page_App Page 3/p_CLICK TO SIGN' is clicked on

2019-09-10 04:02:40 - [MESSAGE][PASSED] - Object: 'Object Repository/mobileSanity/HBI/Page_App Page 3/p_CLICK TO SIGN' is clicked on

2019-09-10 04:02:40 - [TEST_STEP][PASSED] - click(findTestObject("mobileSanity/HBI/Page_App Page 3/a_Submit Your Application")): Object: 'Object Repository/mobileSanity/HBI/Page_App Page 3/a_Submit Your Application' is clicked on

2019-09-10 04:02:40 - [MESSAGE][PASSED] - Object: 'Object Repository/mobileSanity/HBI/Page_App Page 3/a_Submit Your Application' is clicked on

2019-09-10 04:02:40 - [TEST_STEP][PASSED] - Thread.sleep(30000): null

2019-09-10 04:03:10 - [TEST_STEP][PASSED] - callTestCase(findTestCase("mobileWeb/_include/get_screenshot"), [:], STOP_ON_FAILURE): Call Test Case 'Test Cases/mobileWeb/_include/get_screenshot' successfully

2019-09-10 04:03:11 - [TEST_CASE][PASSED] - Test Cases/mobileWeb/_include/get_screenshot: Test Cases/mobileWeb/_include/get_screenshot

2019-09-10 04:03:11 - [TEST_STEP][PASSED] - takeScreenshot(screenPath + i + ".png"): Taking screenshot successfully

2019-09-10 04:03:11 - [MESSAGE][PASSED] - Taking screenshot successfully
[[ATTACHMENT|D:\\Test\\AgileTest\\Reports\\mobileWeb\\hbi\\20190910_035329\\../Screenshots/iPhone X/hbi/Health Choice/standard/9.png]]

2019-09-10 04:03:11 - [TEST_STEP][PASSED] - (internal.GlobalVariable.i++): null

2019-09-10 04:03:11 - [MESSAGE][PASSED] - Call Test Case 'Test Cases/mobileWeb/_include/get_screenshot' successfully

2019-09-10 04:03:11 - [TEST_STEP][PASSED] - verifyTextPresent("Congratulations", false): Text 'Congratulations' is present on page 

2019-09-10 04:03:11 - [MESSAGE][PASSED] - Text 'Congratulations' is present on page 

2019-09-10 04:03:11 - [MESSAGE][PASSED] - Call Test Case 'Test Cases/mobileWeb/_include/goToEnd_hbi' successfully]]></system-out>
         <system-err><![CDATA[]]></system-err>
      </testcase>
      <testcase name="Test Cases/mobileWeb/HBI/Vitala Care" classname="Test Cases/mobileWeb/HBI/Vitala Care" status="PASSED">
         <system-out><![CDATA[2019-09-10 04:03:11 - [TEST_CASE][PASSED] - Test Cases/mobileWeb/HBI/Vitala Care: Test Cases/mobileWeb/HBI/Vitala Care

2019-09-10 04:03:11 - [TEST_STEP][PASSED] - callTestCase(findTestCase("mobileWeb/_include/get_screenPath"), ["productLine":"hbi", "carrierName":"Vitala Care"], CONTINUE_ON_FAILURE): Call Test Case 'Test Cases/mobileWeb/_include/get_screenPath' successfully

2019-09-10 04:03:11 - [TEST_CASE][PASSED] - Test Cases/mobileWeb/_include/get_screenPath: Test Cases/mobileWeb/_include/get_screenPath

2019-09-10 04:03:11 - [TEST_STEP][PASSED] - m = getExecutionProperties(): null

2019-09-10 04:03:11 - [TEST_STEP][PASSED] - deviceName = get("mobileEmulation").get("deviceName"): null

2019-09-10 04:03:11 - [TEST_STEP][PASSED] - println(deviceName): null

2019-09-10 04:03:11 - [TEST_STEP][PASSED] - now = new java.util.Date(): null

2019-09-10 04:03:11 - [TEST_STEP][PASSED] - mydate = now.format("yyyyMMdd_HHmmss"): null

2019-09-10 04:03:11 - [TEST_STEP][PASSED] - screenPath = "../Screenshots/": null

2019-09-10 04:03:11 - [TEST_STEP][PASSED] - screenPath = screenPath + deviceName + "/" + productLine + "/" + carrierName + "/" + "standard" + "/": null

2019-09-10 04:03:11 - [TEST_STEP][PASSED] - println(screenPath): null

2019-09-10 04:03:11 - [MESSAGE][PASSED] - Call Test Case 'Test Cases/mobileWeb/_include/get_screenPath' successfully

2019-09-10 04:03:11 - [TEST_STEP][PASSED] - i = 0: null

2019-09-10 04:03:11 - [TEST_STEP][PASSED] - callTestCase(findTestCase("mobileWeb/_include/openWebSite"), [:], CONTINUE_ON_FAILURE): Call Test Case 'Test Cases/mobileWeb/_include/openWebSite' successfully

2019-09-10 04:03:11 - [TEST_CASE][PASSED] - Test Cases/mobileWeb/_include/openWebSite: Test Cases/mobileWeb/_include/openWebSite

2019-09-10 04:03:11 - [TEST_STEP][PASSED] - openBrowser(env): Browser is opened with url: 'https://praetemptatus.agilehealthinsurance.com'

2019-09-10 04:03:11 - [MESSAGE][WARNING] - A browser is already opened. Closing browser and opening a new one

2019-09-10 04:03:13 - [MESSAGE][INFO] - Starting 'Chrome' driver

2019-09-10 04:03:13 - [MESSAGE][INFO] - User set preference: ['mobileEmulation', '{deviceName=iPhone X}']

2019-09-10 04:03:13 - [MESSAGE][INFO] - User set preference: ['args', '[--incognito, --aggressive-cache-discard, --no-sandbox, --window-size=375,812]']

2019-09-10 04:03:14 - [MESSAGE][PASSED] - Browser is opened with url: 'https://praetemptatus.agilehealthinsurance.com'

2019-09-10 04:03:14 - [TEST_STEP][PASSED] - waitForPageLoad(20): Wait for page load successfully

2019-09-10 04:03:14 - [MESSAGE][PASSED] - Wait for page load successfully

2019-09-10 04:03:14 - [TEST_STEP][PASSED] - Thread.sleep(2000): null

2019-09-10 04:03:16 - [TEST_STEP][PASSED] - callTestCase(findTestCase("mobileWeb/_include/get_screenshot"), [:], STOP_ON_FAILURE): Call Test Case 'Test Cases/mobileWeb/_include/get_screenshot' successfully

2019-09-10 04:03:16 - [TEST_CASE][PASSED] - Test Cases/mobileWeb/_include/get_screenshot: Test Cases/mobileWeb/_include/get_screenshot

2019-09-10 04:03:16 - [TEST_STEP][PASSED] - takeScreenshot(screenPath + i + ".png"): Taking screenshot successfully

2019-09-10 04:03:17 - [MESSAGE][PASSED] - Taking screenshot successfully
[[ATTACHMENT|D:\\Test\\AgileTest\\Reports\\mobileWeb\\hbi\\20190910_035329\\../Screenshots/iPhone X/hbi/Vitala Care/standard/0.png]]

2019-09-10 04:03:17 - [TEST_STEP][PASSED] - (internal.GlobalVariable.i++): null

2019-09-10 04:03:17 - [MESSAGE][PASSED] - Call Test Case 'Test Cases/mobileWeb/_include/get_screenshot' successfully

2019-09-10 04:03:17 - [MESSAGE][PASSED] - Call Test Case 'Test Cases/mobileWeb/_include/openWebSite' successfully

2019-09-10 04:03:17 - [TEST_STEP][PASSED] - callTestCase(findTestCase("mobileWeb/_include/census_hbi"), ["zipcode":"90011"], CONTINUE_ON_FAILURE): Call Test Case 'Test Cases/mobileWeb/_include/census_hbi' successfully

2019-09-10 04:03:17 - [TEST_CASE][PASSED] - Test Cases/mobileWeb/_include/census_hbi: Test Cases/mobileWeb/_include/census_hbi

2019-09-10 04:03:17 - [TEST_STEP][PASSED] - click(findTestObject("mobileSanity/Common/side_nav/menu")): Object: 'Object Repository/mobileSanity/Common/side_nav/menu' is clicked on

2019-09-10 04:03:17 - [MESSAGE][PASSED] - Object: 'Object Repository/mobileSanity/Common/side_nav/menu' is clicked on

2019-09-10 04:03:17 - [TEST_STEP][PASSED] - Thread.sleep(3000): null

2019-09-10 04:03:20 - [TEST_STEP][PASSED] - callTestCase(findTestCase("mobileWeb/_include/get_screenshot"), [:], STOP_ON_FAILURE): Call Test Case 'Test Cases/mobileWeb/_include/get_screenshot' successfully

2019-09-10 04:03:21 - [TEST_CASE][PASSED] - Test Cases/mobileWeb/_include/get_screenshot: Test Cases/mobileWeb/_include/get_screenshot

2019-09-10 04:03:21 - [TEST_STEP][PASSED] - takeScreenshot(screenPath + i + ".png"): Taking screenshot successfully

2019-09-10 04:03:21 - [MESSAGE][PASSED] - Taking screenshot successfully
[[ATTACHMENT|D:\\Test\\AgileTest\\Reports\\mobileWeb\\hbi\\20190910_035329\\../Screenshots/iPhone X/hbi/Vitala Care/standard/1.png]]

2019-09-10 04:03:21 - [TEST_STEP][PASSED] - (internal.GlobalVariable.i++): null

2019-09-10 04:03:21 - [MESSAGE][PASSED] - Call Test Case 'Test Cases/mobileWeb/_include/get_screenshot' successfully

2019-09-10 04:03:21 - [TEST_STEP][PASSED] - click(findTestObject("mobileSanity/Common/side_nav/nav_hbi")): Object: 'Object Repository/mobileSanity/Common/side_nav/nav_hbi' is clicked on

2019-09-10 04:03:22 - [MESSAGE][PASSED] - Object: 'Object Repository/mobileSanity/Common/side_nav/nav_hbi' is clicked on

2019-09-10 04:03:22 - [TEST_STEP][PASSED] - waitForPageLoad(10): Wait for page load successfully

2019-09-10 04:03:22 - [MESSAGE][PASSED] - Wait for page load successfully

2019-09-10 04:03:22 - [TEST_STEP][PASSED] - Thread.sleep(3000): null

2019-09-10 04:03:25 - [TEST_STEP][PASSED] - callTestCase(findTestCase("mobileWeb/_include/get_screenshot"), [:], STOP_ON_FAILURE): Call Test Case 'Test Cases/mobileWeb/_include/get_screenshot' successfully

2019-09-10 04:03:25 - [TEST_CASE][PASSED] - Test Cases/mobileWeb/_include/get_screenshot: Test Cases/mobileWeb/_include/get_screenshot

2019-09-10 04:03:25 - [TEST_STEP][PASSED] - takeScreenshot(screenPath + i + ".png"): Taking screenshot successfully

2019-09-10 04:03:25 - [MESSAGE][PASSED] - Taking screenshot successfully
[[ATTACHMENT|D:\\Test\\AgileTest\\Reports\\mobileWeb\\hbi\\20190910_035329\\../Screenshots/iPhone X/hbi/Vitala Care/standard/2.png]]

2019-09-10 04:03:25 - [TEST_STEP][PASSED] - (internal.GlobalVariable.i++): null

2019-09-10 04:03:25 - [MESSAGE][PASSED] - Call Test Case 'Test Cases/mobileWeb/_include/get_screenshot' successfully

2019-09-10 04:03:25 - [TEST_STEP][PASSED] - setText(findTestObject("mobileSanity/HBI/census/input_Location_zip-input"), zipcode): Text '90011' is set on object 'Object Repository/mobileSanity/HBI/census/input_Location_zip-input'

2019-09-10 04:03:25 - [MESSAGE][PASSED] - Text '90011' is set on object 'Object Repository/mobileSanity/HBI/census/input_Location_zip-input'

2019-09-10 04:03:25 - [TEST_STEP][PASSED] - Thread.sleep(500): null

2019-09-10 04:03:26 - [TEST_STEP][PASSED] - setText(findTestObject("mobileSanity/HBI/census/input_Date of Birth_dob-0"), "12121980"): Text '12121980' is set on object 'Object Repository/mobileSanity/HBI/census/input_Date of Birth_dob-0'

2019-09-10 04:03:26 - [MESSAGE][PASSED] - Text '12121980' is set on object 'Object Repository/mobileSanity/HBI/census/input_Date of Birth_dob-0'

2019-09-10 04:03:26 - [TEST_STEP][PASSED] - click(findTestObject("mobileSanity/HBI/census/label_Male")): Object: 'Object Repository/mobileSanity/HBI/census/label_Male' is clicked on

2019-09-10 04:03:26 - [MESSAGE][PASSED] - Object: 'Object Repository/mobileSanity/HBI/census/label_Male' is clicked on

2019-09-10 04:03:26 - [TEST_STEP][PASSED] - click(findTestObject("mobileSanity/HBI/census/label_Get a Quote")): Object: 'Object Repository/mobileSanity/HBI/census/label_Get a Quote' is clicked on

2019-09-10 04:03:27 - [MESSAGE][PASSED] - Object: 'Object Repository/mobileSanity/HBI/census/label_Get a Quote' is clicked on

2019-09-10 04:03:27 - [TEST_STEP][PASSED] - waitForPageLoad(20): Wait for page load successfully

2019-09-10 04:03:27 - [MESSAGE][PASSED] - Wait for page load successfully

2019-09-10 04:03:27 - [TEST_STEP][PASSED] - Thread.sleep(3000): null

2019-09-10 04:03:30 - [TEST_STEP][PASSED] - callTestCase(findTestCase("mobileWeb/_include/get_screenshot"), [:], STOP_ON_FAILURE): Call Test Case 'Test Cases/mobileWeb/_include/get_screenshot' successfully

2019-09-10 04:03:30 - [TEST_CASE][PASSED] - Test Cases/mobileWeb/_include/get_screenshot: Test Cases/mobileWeb/_include/get_screenshot

2019-09-10 04:03:30 - [TEST_STEP][PASSED] - takeScreenshot(screenPath + i + ".png"): Taking screenshot successfully

2019-09-10 04:03:31 - [MESSAGE][PASSED] - Taking screenshot successfully
[[ATTACHMENT|D:\\Test\\AgileTest\\Reports\\mobileWeb\\hbi\\20190910_035329\\../Screenshots/iPhone X/hbi/Vitala Care/standard/3.png]]

2019-09-10 04:03:31 - [TEST_STEP][PASSED] - (internal.GlobalVariable.i++): null

2019-09-10 04:03:31 - [MESSAGE][PASSED] - Call Test Case 'Test Cases/mobileWeb/_include/get_screenshot' successfully

2019-09-10 04:03:31 - [MESSAGE][PASSED] - Call Test Case 'Test Cases/mobileWeb/_include/census_hbi' successfully

2019-09-10 04:03:31 - [TEST_STEP][PASSED] - Thread.sleep(5000): null

2019-09-10 04:03:36 - [TEST_STEP][PASSED] - scrollToPosition(200, 2300): Browser is scrolled to position x = 200, y = 2300

2019-09-10 04:03:36 - [MESSAGE][PASSED] - Browser is scrolled to position x = 200, y = 2300

2019-09-10 04:03:36 - [TEST_STEP][PASSED] - click(findTestObject("mobileSanity/HBI/quote/a_Vitala Care")): Object: 'Object Repository/mobileSanity/HBI/quote/a_Vitala Care' is clicked on

2019-09-10 04:03:37 - [MESSAGE][PASSED] - Object: 'Object Repository/mobileSanity/HBI/quote/a_Vitala Care' is clicked on

2019-09-10 04:03:37 - [TEST_STEP][PASSED] - waitForPageLoad(20): Wait for page load successfully

2019-09-10 04:03:37 - [MESSAGE][PASSED] - Wait for page load successfully

2019-09-10 04:03:37 - [TEST_STEP][PASSED] - callTestCase(findTestCase("mobileWeb/_include/get_screenshot"), [:], STOP_ON_FAILURE): Call Test Case 'Test Cases/mobileWeb/_include/get_screenshot' successfully

2019-09-10 04:03:37 - [TEST_CASE][PASSED] - Test Cases/mobileWeb/_include/get_screenshot: Test Cases/mobileWeb/_include/get_screenshot

2019-09-10 04:03:37 - [TEST_STEP][PASSED] - takeScreenshot(screenPath + i + ".png"): Taking screenshot successfully

2019-09-10 04:03:38 - [MESSAGE][PASSED] - Taking screenshot successfully
[[ATTACHMENT|D:\\Test\\AgileTest\\Reports\\mobileWeb\\hbi\\20190910_035329\\../Screenshots/iPhone X/hbi/Vitala Care/standard/4.png]]

2019-09-10 04:03:38 - [TEST_STEP][PASSED] - (internal.GlobalVariable.i++): null

2019-09-10 04:03:38 - [MESSAGE][PASSED] - Call Test Case 'Test Cases/mobileWeb/_include/get_screenshot' successfully

2019-09-10 04:03:38 - [TEST_STEP][PASSED] - click(findTestObject("mobileSanity/HBI/detail/a_Apply for This Plan")): Object: 'Object Repository/mobileSanity/HBI/detail/a_Apply for This Plan' is clicked on

2019-09-10 04:03:38 - [MESSAGE][PASSED] - Object: 'Object Repository/mobileSanity/HBI/detail/a_Apply for This Plan' is clicked on

2019-09-10 04:03:38 - [TEST_STEP][PASSED] - waitForPageLoad(20): Wait for page load successfully

2019-09-10 04:03:38 - [MESSAGE][PASSED] - Wait for page load successfully

2019-09-10 04:03:38 - [TEST_STEP][PASSED] - callTestCase(findTestCase("mobileWeb/_include/get_screenshot"), [:], STOP_ON_FAILURE): Call Test Case 'Test Cases/mobileWeb/_include/get_screenshot' successfully

2019-09-10 04:03:38 - [TEST_CASE][PASSED] - Test Cases/mobileWeb/_include/get_screenshot: Test Cases/mobileWeb/_include/get_screenshot

2019-09-10 04:03:38 - [TEST_STEP][PASSED] - takeScreenshot(screenPath + i + ".png"): Taking screenshot successfully

2019-09-10 04:03:39 - [MESSAGE][PASSED] - Taking screenshot successfully
[[ATTACHMENT|D:\\Test\\AgileTest\\Reports\\mobileWeb\\hbi\\20190910_035329\\../Screenshots/iPhone X/hbi/Vitala Care/standard/5.png]]

2019-09-10 04:03:39 - [TEST_STEP][PASSED] - (internal.GlobalVariable.i++): null

2019-09-10 04:03:39 - [MESSAGE][PASSED] - Call Test Case 'Test Cases/mobileWeb/_include/get_screenshot' successfully

2019-09-10 04:03:39 - [TEST_STEP][PASSED] - click(findTestObject("mobileSanity/HBI/Page_Apply/span_Start Secure Application")): Object: 'Object Repository/mobileSanity/HBI/Page_Apply/span_Start Secure Application' is clicked on

2019-09-10 04:03:40 - [MESSAGE][PASSED] - Object: 'Object Repository/mobileSanity/HBI/Page_Apply/span_Start Secure Application' is clicked on

2019-09-10 04:03:40 - [TEST_STEP][PASSED] - waitForPageLoad(20): Wait for page load successfully

2019-09-10 04:03:40 - [MESSAGE][PASSED] - Wait for page load successfully

2019-09-10 04:03:40 - [TEST_STEP][PASSED] - Thread.sleep(5000): null

2019-09-10 04:03:45 - [TEST_STEP][PASSED] - callTestCase(findTestCase("mobileWeb/_include/get_screenshot"), [:], STOP_ON_FAILURE): Call Test Case 'Test Cases/mobileWeb/_include/get_screenshot' successfully

2019-09-10 04:03:45 - [TEST_CASE][PASSED] - Test Cases/mobileWeb/_include/get_screenshot: Test Cases/mobileWeb/_include/get_screenshot

2019-09-10 04:03:45 - [TEST_STEP][PASSED] - takeScreenshot(screenPath + i + ".png"): Taking screenshot successfully

2019-09-10 04:03:45 - [MESSAGE][PASSED] - Taking screenshot successfully
[[ATTACHMENT|D:\\Test\\AgileTest\\Reports\\mobileWeb\\hbi\\20190910_035329\\../Screenshots/iPhone X/hbi/Vitala Care/standard/6.png]]

2019-09-10 04:03:45 - [TEST_STEP][PASSED] - (internal.GlobalVariable.i++): null

2019-09-10 04:03:45 - [MESSAGE][PASSED] - Call Test Case 'Test Cases/mobileWeb/_include/get_screenshot' successfully

2019-09-10 04:03:45 - [TEST_STEP][PASSED] - callTestCase(findTestCase("mobileWeb/_include/goToEnd_hbi"), ["state":"ca", "carrier":"vitalacare"], CONTINUE_ON_FAILURE): Call Test Case 'Test Cases/mobileWeb/_include/goToEnd_hbi' successfully

2019-09-10 04:03:45 - [TEST_CASE][PASSED] - Test Cases/mobileWeb/_include/goToEnd_hbi: Test Cases/mobileWeb/_include/goToEnd_hbi

2019-09-10 04:03:45 - [TEST_STEP][PASSED] - if (state == "ca"): Call Test Case 'Test Cases/mobileWeb/_include/get_screenshot' successfully

2019-09-10 04:03:45 - [TEST_STEP][PASSED] - Thread.sleep(3000): null

2019-09-10 04:03:48 - [TEST_STEP][PASSED] - click(findTestObject("mobileSanity/HBI/Page_App Page 1/yes_question_1")): Object: 'Object Repository/mobileSanity/HBI/Page_App Page 1/yes_question_1' is clicked on

2019-09-10 04:03:49 - [MESSAGE][PASSED] - Object: 'Object Repository/mobileSanity/HBI/Page_App Page 1/yes_question_1' is clicked on

2019-09-10 04:03:49 - [TEST_STEP][PASSED] - click(findTestObject("mobileSanity/HBI/Page_App Page 1/continue_to_app_info")): Object: 'Object Repository/mobileSanity/HBI/Page_App Page 1/continue_to_app_info' is clicked on

2019-09-10 04:03:49 - [MESSAGE][PASSED] - Object: 'Object Repository/mobileSanity/HBI/Page_App Page 1/continue_to_app_info' is clicked on

2019-09-10 04:03:49 - [TEST_STEP][PASSED] - waitForPageLoad(20): Wait for page load successfully

2019-09-10 04:03:49 - [MESSAGE][PASSED] - Wait for page load successfully

2019-09-10 04:03:49 - [TEST_STEP][PASSED] - Thread.sleep(3000): null

2019-09-10 04:03:52 - [TEST_STEP][PASSED] - callTestCase(findTestCase("mobileWeb/_include/get_screenshot"), [:], STOP_ON_FAILURE): Call Test Case 'Test Cases/mobileWeb/_include/get_screenshot' successfully

2019-09-10 04:03:52 - [TEST_CASE][PASSED] - Test Cases/mobileWeb/_include/get_screenshot: Test Cases/mobileWeb/_include/get_screenshot

2019-09-10 04:03:52 - [TEST_STEP][PASSED] - takeScreenshot(screenPath + i + ".png"): Taking screenshot successfully

2019-09-10 04:03:52 - [MESSAGE][PASSED] - Taking screenshot successfully
[[ATTACHMENT|D:\\Test\\AgileTest\\Reports\\mobileWeb\\hbi\\20190910_035329\\../Screenshots/iPhone X/hbi/Vitala Care/standard/7.png]]

2019-09-10 04:03:52 - [TEST_STEP][PASSED] - (internal.GlobalVariable.i++): null

2019-09-10 04:03:52 - [MESSAGE][PASSED] - Call Test Case 'Test Cases/mobileWeb/_include/get_screenshot' successfully

2019-09-10 04:03:52 - [TEST_STEP][PASSED] - callTestCase(findTestCase("mobileWeb/_include/name"), [:], CONTINUE_ON_FAILURE): Call Test Case 'Test Cases/mobileWeb/_include/name' successfully

2019-09-10 04:03:52 - [TEST_CASE][PASSED] - Test Cases/mobileWeb/_include/name: Test Cases/mobileWeb/_include/name

2019-09-10 04:03:52 - [TEST_STEP][PASSED] - driver = getWebDriver(): null

2019-09-10 04:03:52 - [TEST_STEP][PASSED] - selenium = new com.thoughtworks.selenium.webdriven.WebDriverBackedSelenium(driver, internal.GlobalVariable.ENV): null

2019-09-10 04:03:52 - [TEST_STEP][PASSED] - FirstName = "Test-123": null

2019-09-10 04:03:52 - [TEST_STEP][PASSED] - LastName = selenium.getEval("{var x="ABCDEFGHIJKLMNOPQRSTUVWXYZabcdefghijklmnopqrstuvwxyz"; var tmp="ZZ11-"; for (i=0;i<8;i++) tmp+=x.charAt(Math.ceil(51*Math.random()));tmp;}"): null

2019-09-10 04:03:52 - [TEST_STEP][PASSED] - Address = selenium.getEval("{var x="ABCDEFGHIJKLMNOPQRSTUVWXYZabcdefghijklmnopqrstuvwxyz"; var tmp=""; for (i=0;i<8;i++) tmp+=x.charAt(Math.ceil(51*Math.random()));tmp;}"): null

2019-09-10 04:03:52 - [TEST_STEP][PASSED] - City = selenium.getEval("{var x="ABCDEFGHIJKLMNOPQRSTUVWXYZabcdefghijklmnopqrstuvwxyz"; var tmp=""; for (i=0;i<8;i++) tmp+=x.charAt(Math.ceil(51*Math.random()));tmp;}"): null

2019-09-10 04:03:52 - [TEST_STEP][PASSED] - tel1 = selenium.getEval("{var x="123456789"; var tmp=""; for (i=0;i<3;i++) tmp+=x.charAt(Math.ceil(8*Math.random()));tmp;}"): null

2019-09-10 04:03:52 - [TEST_STEP][PASSED] - tel2 = selenium.getEval("{var x="123456789"; var tmp=""; for (i=0;i<3;i++) tmp+=x.charAt(Math.ceil(8*Math.random()));tmp;}"): null

2019-09-10 04:03:52 - [TEST_STEP][PASSED] - tel3 = selenium.getEval("{var x="123456789"; var tmp=""; for (i=0;i<4;i++) tmp+=x.charAt(Math.ceil(8*Math.random()));tmp;}"): null

2019-09-10 04:03:52 - [TEST_STEP][PASSED] - Tel = selenium.getExpression(tel1 + "-" + tel2 + "-" + tel3): null

2019-09-10 04:03:52 - [TEST_STEP][PASSED] - AutoEmail = selenium.getEval("{var x="ABCDEFGHIJKLMNOPQRSTUVWXYZabcdefghijklmnopqrstuvwxyz"; var tmp="test."; for (i=0;i<8;i++) tmp+=x.charAt(Math.ceil(51*Math.random()));tmp+="@suryani.cn";}"): null

2019-09-10 04:03:52 - [TEST_STEP][PASSED] - FirstName = FirstName: null

2019-09-10 04:03:52 - [TEST_STEP][PASSED] - LastName = LastName: null

2019-09-10 04:03:52 - [TEST_STEP][PASSED] - Address = Address: null

2019-09-10 04:03:52 - [TEST_STEP][PASSED] - City = City: null

2019-09-10 04:03:52 - [TEST_STEP][PASSED] - Tel = Tel: null

2019-09-10 04:03:52 - [TEST_STEP][PASSED] - AutoEmail = AutoEmail: null

2019-09-10 04:03:52 - [TEST_STEP][PASSED] - println(FirstName): null

2019-09-10 04:03:52 - [TEST_STEP][PASSED] - println(LastName): null

2019-09-10 04:03:52 - [TEST_STEP][PASSED] - println(Address): null

2019-09-10 04:03:52 - [TEST_STEP][PASSED] - println(City): null

2019-09-10 04:03:52 - [TEST_STEP][PASSED] - println(Tel): null

2019-09-10 04:03:52 - [TEST_STEP][PASSED] - println(AutoEmail): null

2019-09-10 04:03:52 - [MESSAGE][PASSED] - Call Test Case 'Test Cases/mobileWeb/_include/name' successfully

2019-09-10 04:03:52 - [TEST_STEP][PASSED] - setText(findTestObject("mobileSanity/HBI/Page_App Page 1/input__member-P-1-firstName"), FirstName): Text 'Test-123' is set on object 'Object Repository/mobileSanity/HBI/Page_App Page 1/input__member-P-1-firstName'

2019-09-10 04:03:52 - [MESSAGE][PASSED] - Text 'Test-123' is set on object 'Object Repository/mobileSanity/HBI/Page_App Page 1/input__member-P-1-firstName'

2019-09-10 04:03:52 - [TEST_STEP][PASSED] - setText(findTestObject("mobileSanity/HBI/Page_App Page 1/input__member-P-1-lastName"), LastName): Text 'ZZ11-awdgEKVL' is set on object 'Object Repository/mobileSanity/HBI/Page_App Page 1/input__member-P-1-lastName'

2019-09-10 04:03:53 - [MESSAGE][PASSED] - Text 'ZZ11-awdgEKVL' is set on object 'Object Repository/mobileSanity/HBI/Page_App Page 1/input__member-P-1-lastName'

2019-09-10 04:03:53 - [TEST_STEP][PASSED] - if (carrier == "agileone" || carrier == "agilesecure"): null

2019-09-10 04:03:53 - [TEST_STEP][PASSED] - setText(findTestObject("mobileSanity/HBI/Page_App Page 1/input__address"), Address): Text 'wYQaSkgQ' is set on object 'Object Repository/mobileSanity/HBI/Page_App Page 1/input__address'

2019-09-10 04:03:53 - [MESSAGE][PASSED] - Text 'wYQaSkgQ' is set on object 'Object Repository/mobileSanity/HBI/Page_App Page 1/input__address'

2019-09-10 04:03:53 - [TEST_STEP][PASSED] - setText(findTestObject("mobileSanity/HBI/Page_App Page 1/input__city"), City): Text 'fjQYuXrl' is set on object 'Object Repository/mobileSanity/HBI/Page_App Page 1/input__city'

2019-09-10 04:03:53 - [MESSAGE][PASSED] - Text 'fjQYuXrl' is set on object 'Object Repository/mobileSanity/HBI/Page_App Page 1/input__city'

2019-09-10 04:03:53 - [TEST_STEP][PASSED] - setText(findTestObject("mobileSanity/HBI/Page_App Page 1/input__email"), AutoEmail): Text 'test.HTRuwkHX@suryani.cn' is set on object 'Object Repository/mobileSanity/HBI/Page_App Page 1/input__email'

2019-09-10 04:03:53 - [MESSAGE][PASSED] - Text 'test.HTRuwkHX@suryani.cn' is set on object 'Object Repository/mobileSanity/HBI/Page_App Page 1/input__email'

2019-09-10 04:03:53 - [TEST_STEP][PASSED] - setText(findTestObject("mobileSanity/HBI/Page_App Page 1/input_tel"), Tel): Text '762-498-8877' is set on object 'Object Repository/mobileSanity/HBI/Page_App Page 1/input_tel'

2019-09-10 04:03:54 - [MESSAGE][PASSED] - Text '762-498-8877' is set on object 'Object Repository/mobileSanity/HBI/Page_App Page 1/input_tel'

2019-09-10 04:03:54 - [TEST_STEP][PASSED] - click(findTestObject("mobileSanity/HBI/Page_App Page 1/a_Continue to Step 2 - Payment")): Object: 'Object Repository/mobileSanity/HBI/Page_App Page 1/a_Continue to Step 2 - Payment' is clicked on

2019-09-10 04:03:54 - [MESSAGE][PASSED] - Object: 'Object Repository/mobileSanity/HBI/Page_App Page 1/a_Continue to Step 2 - Payment' is clicked on

2019-09-10 04:03:54 - [TEST_STEP][PASSED] - waitForPageLoad(20): Wait for page load successfully

2019-09-10 04:03:54 - [MESSAGE][PASSED] - Wait for page load successfully

2019-09-10 04:03:54 - [TEST_STEP][PASSED] - Thread.sleep(2000): null

2019-09-10 04:03:56 - [TEST_STEP][PASSED] - waitForElementVisible(findTestObject("mobileSanity/HBI/Page_App Page 2/input__credit-card-first"), 20): Object 'Object Repository/mobileSanity/HBI/Page_App Page 2/input__credit-card-first' is visible

2019-09-10 04:03:56 - [MESSAGE][PASSED] - Object 'Object Repository/mobileSanity/HBI/Page_App Page 2/input__credit-card-first' is visible

2019-09-10 04:03:56 - [TEST_STEP][PASSED] - callTestCase(findTestCase("mobileWeb/_include/get_screenshot"), [:], STOP_ON_FAILURE): Call Test Case 'Test Cases/mobileWeb/_include/get_screenshot' successfully

2019-09-10 04:03:56 - [TEST_CASE][PASSED] - Test Cases/mobileWeb/_include/get_screenshot: Test Cases/mobileWeb/_include/get_screenshot

2019-09-10 04:03:56 - [TEST_STEP][PASSED] - takeScreenshot(screenPath + i + ".png"): Taking screenshot successfully

2019-09-10 04:03:57 - [MESSAGE][PASSED] - Taking screenshot successfully
[[ATTACHMENT|D:\\Test\\AgileTest\\Reports\\mobileWeb\\hbi\\20190910_035329\\../Screenshots/iPhone X/hbi/Vitala Care/standard/8.png]]

2019-09-10 04:03:57 - [TEST_STEP][PASSED] - (internal.GlobalVariable.i++): null

2019-09-10 04:03:57 - [MESSAGE][PASSED] - Call Test Case 'Test Cases/mobileWeb/_include/get_screenshot' successfully

2019-09-10 04:03:57 - [TEST_STEP][PASSED] - setText(findTestObject("mobileSanity/HBI/Page_App Page 2/input__credit-card-first"), FirstName): Text 'Test-123' is set on object 'Object Repository/mobileSanity/HBI/Page_App Page 2/input__credit-card-first'

2019-09-10 04:03:57 - [MESSAGE][PASSED] - Text 'Test-123' is set on object 'Object Repository/mobileSanity/HBI/Page_App Page 2/input__credit-card-first'

2019-09-10 04:03:57 - [TEST_STEP][PASSED] - setText(findTestObject("mobileSanity/HBI/Page_App Page 2/input__credit-card-last"), LastName): Text 'ZZ11-awdgEKVL' is set on object 'Object Repository/mobileSanity/HBI/Page_App Page 2/input__credit-card-last'

2019-09-10 04:03:57 - [MESSAGE][PASSED] - Text 'ZZ11-awdgEKVL' is set on object 'Object Repository/mobileSanity/HBI/Page_App Page 2/input__credit-card-last'

2019-09-10 04:03:57 - [TEST_STEP][PASSED] - selectOptionByValue(findTestObject("mobileSanity/HBI/Page_App Page 2/select_MM010203040506070809101"), "12", true): All options with value '12' are selected in object 'Object Repository/mobileSanity/HBI/Page_App Page 2/select_MM010203040506070809101'  using regular expression

2019-09-10 04:03:57 - [MESSAGE][PASSED] - All options with value '12' are selected in object 'Object Repository/mobileSanity/HBI/Page_App Page 2/select_MM010203040506070809101'  using regular expression

2019-09-10 04:03:57 - [TEST_STEP][PASSED] - selectOptionByValue(findTestObject("mobileSanity/HBI/Page_App Page 2/select_YYYY2019202020212022202"), "2026", true): All options with value '2026' are selected in object 'Object Repository/mobileSanity/HBI/Page_App Page 2/select_YYYY2019202020212022202'  using regular expression

2019-09-10 04:03:57 - [MESSAGE][PASSED] - All options with value '2026' are selected in object 'Object Repository/mobileSanity/HBI/Page_App Page 2/select_YYYY2019202020212022202'  using regular expression

2019-09-10 04:03:57 - [TEST_STEP][PASSED] - setText(findTestObject("mobileSanity/HBI/Page_App Page 2/input__credit-card-number"), "4111111111111111"): Text '4111111111111111' is set on object 'Object Repository/mobileSanity/HBI/Page_App Page 2/input__credit-card-number'

2019-09-10 04:03:58 - [MESSAGE][PASSED] - Text '4111111111111111' is set on object 'Object Repository/mobileSanity/HBI/Page_App Page 2/input__credit-card-number'

2019-09-10 04:03:58 - [TEST_STEP][PASSED] - setText(findTestObject("mobileSanity/HBI/Page_App Page 2/input__cvv"), "123"): Text '123' is set on object 'Object Repository/mobileSanity/HBI/Page_App Page 2/input__cvv'

2019-09-10 04:03:58 - [MESSAGE][PASSED] - Text '123' is set on object 'Object Repository/mobileSanity/HBI/Page_App Page 2/input__cvv'

2019-09-10 04:03:58 - [TEST_STEP][PASSED] - click(findTestObject("mobileSanity/HBI/Page_App Page 2/label_My billing address is th")): Object: 'Object Repository/mobileSanity/HBI/Page_App Page 2/label_My billing address is th' is clicked on

2019-09-10 04:03:58 - [MESSAGE][PASSED] - Object: 'Object Repository/mobileSanity/HBI/Page_App Page 2/label_My billing address is th' is clicked on

2019-09-10 04:03:58 - [TEST_STEP][PASSED] - click(findTestObject("mobileSanity/HBI/Page_App Page 2/label_I Accept Authorization f")): Object: 'Object Repository/mobileSanity/HBI/Page_App Page 2/label_I Accept Authorization f' is clicked on

2019-09-10 04:03:58 - [MESSAGE][PASSED] - Object: 'Object Repository/mobileSanity/HBI/Page_App Page 2/label_I Accept Authorization f' is clicked on

2019-09-10 04:03:58 - [TEST_STEP][PASSED] - click(findTestObject("mobileSanity/HBI/Page_App Page 2/a_Continue to Step 3 - Review")): Object: 'Object Repository/mobileSanity/HBI/Page_App Page 2/a_Continue to Step 3 - Review' is clicked on

2019-09-10 04:03:58 - [MESSAGE][PASSED] - Object: 'Object Repository/mobileSanity/HBI/Page_App Page 2/a_Continue to Step 3 - Review' is clicked on

2019-09-10 04:03:58 - [TEST_STEP][PASSED] - waitForPageLoad(20): Wait for page load successfully

2019-09-10 04:03:58 - [MESSAGE][PASSED] - Wait for page load successfully

2019-09-10 04:03:58 - [TEST_STEP][PASSED] - Thread.sleep(10000): null

2019-09-10 04:04:08 - [TEST_STEP][PASSED] - waitForElementPresent(findTestObject("mobileSanity/HBI/Page_App Page 3/label"), 20): Object 'Object Repository/mobileSanity/HBI/Page_App Page 3/label' is present

2019-09-10 04:04:09 - [MESSAGE][PASSED] - Object 'Object Repository/mobileSanity/HBI/Page_App Page 3/label' is present

2019-09-10 04:04:09 - [TEST_STEP][PASSED] - callTestCase(findTestCase("mobileWeb/_include/get_screenshot"), [:], STOP_ON_FAILURE): Call Test Case 'Test Cases/mobileWeb/_include/get_screenshot' successfully

2019-09-10 04:04:09 - [TEST_CASE][PASSED] - Test Cases/mobileWeb/_include/get_screenshot: Test Cases/mobileWeb/_include/get_screenshot

2019-09-10 04:04:09 - [TEST_STEP][PASSED] - takeScreenshot(screenPath + i + ".png"): Taking screenshot successfully

2019-09-10 04:04:09 - [MESSAGE][PASSED] - Taking screenshot successfully
[[ATTACHMENT|D:\\Test\\AgileTest\\Reports\\mobileWeb\\hbi\\20190910_035329\\../Screenshots/iPhone X/hbi/Vitala Care/standard/9.png]]

2019-09-10 04:04:09 - [TEST_STEP][PASSED] - (internal.GlobalVariable.i++): null

2019-09-10 04:04:09 - [MESSAGE][PASSED] - Call Test Case 'Test Cases/mobileWeb/_include/get_screenshot' successfully

2019-09-10 04:04:09 - [TEST_STEP][PASSED] - click(findTestObject("mobileSanity/HBI/Page_App Page 3/label")): Object: 'Object Repository/mobileSanity/HBI/Page_App Page 3/label' is clicked on

2019-09-10 04:04:09 - [MESSAGE][PASSED] - Object: 'Object Repository/mobileSanity/HBI/Page_App Page 3/label' is clicked on

2019-09-10 04:04:09 - [TEST_STEP][PASSED] - click(findTestObject("mobileSanity/HBI/Page_App Page 3/p_CLICK TO SIGN")): Object: 'Object Repository/mobileSanity/HBI/Page_App Page 3/p_CLICK TO SIGN' is clicked on

2019-09-10 04:04:09 - [MESSAGE][PASSED] - Object: 'Object Repository/mobileSanity/HBI/Page_App Page 3/p_CLICK TO SIGN' is clicked on

2019-09-10 04:04:09 - [TEST_STEP][PASSED] - click(findTestObject("mobileSanity/HBI/Page_App Page 3/a_Submit Your Application")): Object: 'Object Repository/mobileSanity/HBI/Page_App Page 3/a_Submit Your Application' is clicked on

2019-09-10 04:04:09 - [MESSAGE][PASSED] - Object: 'Object Repository/mobileSanity/HBI/Page_App Page 3/a_Submit Your Application' is clicked on

2019-09-10 04:04:09 - [TEST_STEP][PASSED] - Thread.sleep(30000): null

2019-09-10 04:04:39 - [TEST_STEP][PASSED] - callTestCase(findTestCase("mobileWeb/_include/get_screenshot"), [:], STOP_ON_FAILURE): Call Test Case 'Test Cases/mobileWeb/_include/get_screenshot' successfully

2019-09-10 04:04:40 - [TEST_CASE][PASSED] - Test Cases/mobileWeb/_include/get_screenshot: Test Cases/mobileWeb/_include/get_screenshot

2019-09-10 04:04:40 - [TEST_STEP][PASSED] - takeScreenshot(screenPath + i + ".png"): Taking screenshot successfully

2019-09-10 04:04:40 - [MESSAGE][PASSED] - Taking screenshot successfully
[[ATTACHMENT|D:\\Test\\AgileTest\\Reports\\mobileWeb\\hbi\\20190910_035329\\../Screenshots/iPhone X/hbi/Vitala Care/standard/10.png]]

2019-09-10 04:04:40 - [TEST_STEP][PASSED] - (internal.GlobalVariable.i++): null

2019-09-10 04:04:40 - [MESSAGE][PASSED] - Call Test Case 'Test Cases/mobileWeb/_include/get_screenshot' successfully

2019-09-10 04:04:40 - [TEST_STEP][PASSED] - verifyTextPresent("Congratulations", false): Text 'Congratulations' is present on page 

2019-09-10 04:04:40 - [MESSAGE][PASSED] - Text 'Congratulations' is present on page 

2019-09-10 04:04:40 - [MESSAGE][PASSED] - Call Test Case 'Test Cases/mobileWeb/_include/goToEnd_hbi' successfully]]></system-out>
         <system-err><![CDATA[]]></system-err>
      </testcase>
      <system-out><![CDATA[2019-09-10 03:53:31 - [TEST_SUITE][PASSED] - hbi: Test Cases/mobileWeb/HBI/Vitala Care]]></system-out>
      <system-err><![CDATA[]]></system-err>
   </testsuite>
</testsuites>
