<?xml version="1.0" encoding="UTF-8"?>
<testsuites name="stm" time="673" tests="5" failures="1" errors="0">
   <testsuite name="stm" tests="5" failures="1" errors="0" time="673" timestamp="2020-01-02 08:08:02" hostname="Administrator - 172.30.0.53" id="Test Suites/AHI/stm">
      <properties>
         <property name="deviceName" value=""/>
         <property name="devicePlatform" value=""/>
         <property name="logFolder" value="D:\\Test\\AgileTest\\Reports\\AHI\\stm\\20200102_080029"/>
         <property name="logFiles" value="D:\\Test\\AgileTest\\Reports\\AHI\\stm\\20200102_080029\\execution0.log"/>
         <property name="attachments" value="D:\\Test\\AgileTest\\Reports\\AHI\\stm\\20200102_080029\\../Screenshots/iPhone 6/stm/AdvantHealth/20200102_080803/0.png, D:\\Test\\AgileTest\\Reports\\AHI\\stm\\20200102_080029\\../Screenshots/iPhone 6/stm/AdvantHealth/20200102_080803/1.png, D:\\Test\\AgileTest\\Reports\\AHI\\stm\\20200102_080029\\../Screenshots/iPhone 6/stm/AdvantHealth/20200102_080803/2.png, D:\\Test\\AgileTest\\Reports\\AHI\\stm\\20200102_080029\\../Screenshots/iPhone 6/stm/AdvantHealth/20200102_080803/3.png, D:\\Test\\AgileTest\\Reports\\AHI\\stm\\20200102_080029\\../Screenshots/iPhone 6/stm/AdvantHealth/20200102_080803/4.png, D:\\Test\\AgileTest\\Reports\\AHI\\stm\\20200102_080029\\../Screenshots/iPhone 6/stm/AdvantHealth/20200102_080803/5.png, D:\\Test\\AgileTest\\Reports\\AHI\\stm\\20200102_080029\\../Screenshots/iPhone 6/stm/AdvantHealth/20200102_080803/6.png, D:\\Test\\AgileTest\\Reports\\AHI\\stm\\20200102_080029\\../Screenshots/iPhone 6/stm/AdvantHealth/20200102_080803/7.png, D:\\Test\\AgileTest\\Reports\\AHI\\stm\\20200102_080029\\../Screenshots/iPhone 6/stm/AdvantHealth/20200102_080803/8.png, D:\\Test\\AgileTest\\Reports\\AHI\\stm\\20200102_080029\\../Screenshots/iPhone 6/stm/AdvantHealth/20200102_080803/9.png, D:\\Test\\AgileTest\\Reports\\AHI\\stm\\20200102_080029\\../Screenshots/iPhone 6/stm/AdvantHealth/20200102_080803/10.png, D:\\Test\\AgileTest\\Reports\\AHI\\stm\\20200102_080029\\../Screenshots/iPhone 6/stm/AdvantHealth/20200102_080803/11.png, D:\\Test\\AgileTest\\Reports\\AHI\\stm\\20200102_080029\\../Screenshots/iPhone 6/stm/Aspen/20200102_081010/0.png, D:\\Test\\AgileTest\\Reports\\AHI\\stm\\20200102_080029\\../Screenshots/iPhone 6/stm/Aspen/20200102_081010/1.png, D:\\Test\\AgileTest\\Reports\\AHI\\stm\\20200102_080029\\../Screenshots/iPhone 6/stm/Aspen/20200102_081010/2.png, D:\\Test\\AgileTest\\Reports\\AHI\\stm\\20200102_080029\\../Screenshots/iPhone 6/stm/Aspen/20200102_081010/3.png, D:\\Test\\AgileTest\\Reports\\AHI\\stm\\20200102_080029\\../Screenshots/iPhone 6/stm/Aspen/20200102_081010/4.png, D:\\Test\\AgileTest\\Reports\\AHI\\stm\\20200102_080029\\../Screenshots/iPhone 6/stm/Aspen/20200102_081010/5.png, D:\\Test\\AgileTest\\Reports\\AHI\\stm\\20200102_080029\\../Screenshots/iPhone 6/stm/Aspen/20200102_081010/6.png, D:\\Test\\AgileTest\\Reports\\AHI\\stm\\20200102_080029\\1577970651487.png, D:\\Test\\AgileTest\\Reports\\AHI\\stm\\20200102_080029\\../Screenshots/iPhone 6/stm/Aspen/20200102_081010/7.png, D:\\Test\\AgileTest\\Reports\\AHI\\stm\\20200102_080029\\../Screenshots/iPhone 6/stm/Aspen/20200102_081010/8.png, D:\\Test\\AgileTest\\Reports\\AHI\\stm\\20200102_080029\\1577970708425.png, D:\\Test\\AgileTest\\Reports\\AHI\\stm\\20200102_080029\\../Screenshots/iPhone 6/stm/Companion/20200102_081149/0.png, D:\\Test\\AgileTest\\Reports\\AHI\\stm\\20200102_080029\\../Screenshots/iPhone 6/stm/Companion/20200102_081149/1.png, D:\\Test\\AgileTest\\Reports\\AHI\\stm\\20200102_080029\\../Screenshots/iPhone 6/stm/Companion/20200102_081149/2.png, D:\\Test\\AgileTest\\Reports\\AHI\\stm\\20200102_080029\\../Screenshots/iPhone 6/stm/Companion/20200102_081149/3.png, D:\\Test\\AgileTest\\Reports\\AHI\\stm\\20200102_080029\\../Screenshots/iPhone 6/stm/Companion/20200102_081149/4.png, D:\\Test\\AgileTest\\Reports\\AHI\\stm\\20200102_080029\\../Screenshots/iPhone 6/stm/Companion/20200102_081149/5.png, D:\\Test\\AgileTest\\Reports\\AHI\\stm\\20200102_080029\\../Screenshots/iPhone 6/stm/Companion/20200102_081149/6.png, D:\\Test\\AgileTest\\Reports\\AHI\\stm\\20200102_080029\\../Screenshots/iPhone 6/stm/Companion/20200102_081149/7.png, D:\\Test\\AgileTest\\Reports\\AHI\\stm\\20200102_080029\\../Screenshots/iPhone 6/stm/Companion/20200102_081149/8.png, D:\\Test\\AgileTest\\Reports\\AHI\\stm\\20200102_080029\\../Screenshots/iPhone 6/stm/Companion/20200102_081149/9.png, D:\\Test\\AgileTest\\Reports\\AHI\\stm\\20200102_080029\\../Screenshots/iPhone 6/stm/Companion/20200102_081149/10.png, D:\\Test\\AgileTest\\Reports\\AHI\\stm\\20200102_080029\\../Screenshots/iPhone 6/stm/Companion/20200102_081149/11.png, D:\\Test\\AgileTest\\Reports\\AHI\\stm\\20200102_080029\\../Screenshots/iPhone 6/stm/Everest Prime/20200102_081400/0.png, D:\\Test\\AgileTest\\Reports\\AHI\\stm\\20200102_080029\\../Screenshots/iPhone 6/stm/Everest Prime/20200102_081400/1.png, D:\\Test\\AgileTest\\Reports\\AHI\\stm\\20200102_080029\\../Screenshots/iPhone 6/stm/Everest Prime/20200102_081400/2.png, D:\\Test\\AgileTest\\Reports\\AHI\\stm\\20200102_080029\\../Screenshots/iPhone 6/stm/Everest Prime/20200102_081400/3.png, D:\\Test\\AgileTest\\Reports\\AHI\\stm\\20200102_080029\\../Screenshots/iPhone 6/stm/Everest Prime/20200102_081400/4.png, D:\\Test\\AgileTest\\Reports\\AHI\\stm\\20200102_080029\\../Screenshots/iPhone 6/stm/Everest Prime/20200102_081400/5.png, D:\\Test\\AgileTest\\Reports\\AHI\\stm\\20200102_080029\\../Screenshots/iPhone 6/stm/Everest Prime/20200102_081400/6.png, D:\\Test\\AgileTest\\Reports\\AHI\\stm\\20200102_080029\\1577970885454.png, D:\\Test\\AgileTest\\Reports\\AHI\\stm\\20200102_080029\\../Screenshots/iPhone 6/stm/Everest Prime/20200102_081400/7.png, D:\\Test\\AgileTest\\Reports\\AHI\\stm\\20200102_080029\\../Screenshots/iPhone 6/stm/Everest Prime/20200102_081400/8.png, D:\\Test\\AgileTest\\Reports\\AHI\\stm\\20200102_080029\\../Screenshots/iPhone 6/stm/Everest Prime/20200102_081400/9.png, D:\\Test\\AgileTest\\Reports\\AHI\\stm\\20200102_080029\\../Screenshots/iPhone 6/stm/Everest Prime/20200102_081400/10.png, D:\\Test\\AgileTest\\Reports\\AHI\\stm\\20200102_080029\\../Screenshots/iPhone 6/stm/National General/20200102_081535/0.png, D:\\Test\\AgileTest\\Reports\\AHI\\stm\\20200102_080029\\../Screenshots/iPhone 6/stm/National General/20200102_081535/1.png, D:\\Test\\AgileTest\\Reports\\AHI\\stm\\20200102_080029\\../Screenshots/iPhone 6/stm/National General/20200102_081535/2.png, D:\\Test\\AgileTest\\Reports\\AHI\\stm\\20200102_080029\\../Screenshots/iPhone 6/stm/National General/20200102_081535/3.png, D:\\Test\\AgileTest\\Reports\\AHI\\stm\\20200102_080029\\../Screenshots/iPhone 6/stm/National General/20200102_081535/4.png, D:\\Test\\AgileTest\\Reports\\AHI\\stm\\20200102_080029\\../Screenshots/iPhone 6/stm/National General/20200102_081535/5.png, D:\\Test\\AgileTest\\Reports\\AHI\\stm\\20200102_080029\\../Screenshots/iPhone 6/stm/National General/20200102_081535/6.png, D:\\Test\\AgileTest\\Reports\\AHI\\stm\\20200102_080029\\../Screenshots/iPhone 6/stm/National General/20200102_081535/7.png, D:\\Test\\AgileTest\\Reports\\AHI\\stm\\20200102_080029\\../Screenshots/iPhone 6/stm/National General/20200102_081535/8.png, D:\\Test\\AgileTest\\Reports\\AHI\\stm\\20200102_080029\\../Screenshots/iPhone 6/stm/National General/20200102_081535/9.png, D:\\Test\\AgileTest\\Reports\\AHI\\stm\\20200102_080029\\../Screenshots/iPhone 6/stm/National General/20200102_081535/10.png, D:\\Test\\AgileTest\\Reports\\AHI\\stm\\20200102_080029\\../Screenshots/iPhone 6/stm/National General/20200102_081535/11.png, D:\\Test\\AgileTest\\Reports\\AHI\\stm\\20200102_080029\\../Screenshots/iPhone 6/stm/Slaico/20200102_081739/0.png, D:\\Test\\AgileTest\\Reports\\AHI\\stm\\20200102_080029\\../Screenshots/iPhone 6/stm/Slaico/20200102_081739/1.png, D:\\Test\\AgileTest\\Reports\\AHI\\stm\\20200102_080029\\../Screenshots/iPhone 6/stm/Slaico/20200102_081739/2.png, D:\\Test\\AgileTest\\Reports\\AHI\\stm\\20200102_080029\\../Screenshots/iPhone 6/stm/Slaico/20200102_081739/3.png, D:\\Test\\AgileTest\\Reports\\AHI\\stm\\20200102_080029\\../Screenshots/iPhone 6/stm/Slaico/20200102_081739/4.png, D:\\Test\\AgileTest\\Reports\\AHI\\stm\\20200102_080029\\../Screenshots/iPhone 6/stm/Slaico/20200102_081739/5.png, D:\\Test\\AgileTest\\Reports\\AHI\\stm\\20200102_080029\\../Screenshots/iPhone 6/stm/Slaico/20200102_081739/6.png, D:\\Test\\AgileTest\\Reports\\AHI\\stm\\20200102_080029\\1577971103504.png, D:\\Test\\AgileTest\\Reports\\AHI\\stm\\20200102_080029\\../Screenshots/iPhone 6/stm/Slaico/20200102_081739/7.png, D:\\Test\\AgileTest\\Reports\\AHI\\stm\\20200102_080029\\../Screenshots/iPhone 6/stm/Slaico/20200102_081739/8.png, D:\\Test\\AgileTest\\Reports\\AHI\\stm\\20200102_080029\\../Screenshots/iPhone 6/stm/Slaico/20200102_081739/9.png, D:\\Test\\AgileTest\\Reports\\AHI\\stm\\20200102_080029\\../Screenshots/iPhone 6/stm/Slaico/20200102_081739/10.png"/>
         <property name="hostName" value="Administrator - 172.30.0.53"/>
         <property name="os" value="Windows Server 2012 R2 64bit"/>
         <property name="katalonVersion" value="5.10.1.1"/>
         <property name="browser" value="Safari 11"/>
         <property name="hostAddress" value="172.30.0.53"/>
         <property name="sessionId" value="e9dd0edfb46d421f278582155b32ee3c"/>
         <property name="seleniumVersion" value="3.7.1"/>
         <property name="proxyInformation" value="ProxyInformation{proxyOption=NO_PROXY, proxyServerType=HTTP, password=, proxyServerAddress=, proxyServerPort=0}"/>
         <property name="platform" value="Windows Server 2012 R2"/>
      </properties>
      <testcase name="Test Cases/AHI/stm/AdvantHealth" classname="Test Cases/AHI/stm/AdvantHealth" status="PASSED">
         <system-out><![CDATA[2020-01-02 08:08:02 - [TEST_CASE][PASSED] - Test Cases/AHI/stm/AdvantHealth: Test Cases/AHI/stm/AdvantHealth

2020-01-02 08:08:02 - [TEST_STEP][PASSED] - callTestCase(findTestCase("AHI/_include/get_screenPath"), ["productLine":"stm", "carrierName":"AdvantHealth"], CONTINUE_ON_FAILURE): Call Test Case 'Test Cases/AHI/_include/get_screenPath' successfully

2020-01-02 08:08:03 - [TEST_CASE][PASSED] - Test Cases/AHI/_include/get_screenPath: Test Cases/AHI/_include/get_screenPath

2020-01-02 08:08:03 - [TEST_STEP][PASSED] - m = getExecutionProperties(): null

2020-01-02 08:08:03 - [TEST_STEP][PASSED] - deviceName = get("mobileEmulation").get("deviceName"): null

2020-01-02 08:08:03 - [TEST_STEP][PASSED] - println(deviceName): null

2020-01-02 08:08:03 - [TEST_STEP][PASSED] - now = new java.util.Date(): null

2020-01-02 08:08:03 - [TEST_STEP][PASSED] - mydate = now.format("yyyyMMdd_HHmmss"): null

2020-01-02 08:08:03 - [TEST_STEP][PASSED] - screenPath = "../Screenshots/": null

2020-01-02 08:08:03 - [TEST_STEP][PASSED] - screenPath = screenPath + deviceName + "/" + productLine + "/" + carrierName + "/" + mydate + "/": null

2020-01-02 08:08:03 - [TEST_STEP][PASSED] - println(screenPath): null

2020-01-02 08:08:03 - [MESSAGE][PASSED] - Call Test Case 'Test Cases/AHI/_include/get_screenPath' successfully

2020-01-02 08:08:03 - [TEST_STEP][PASSED] - i = 0: null

2020-01-02 08:08:03 - [TEST_STEP][PASSED] - callTestCase(findTestCase("AHI/_include/openWebSite"), [:], CONTINUE_ON_FAILURE): Call Test Case 'Test Cases/AHI/_include/openWebSite' successfully

2020-01-02 08:08:03 - [TEST_CASE][PASSED] - Test Cases/AHI/_include/openWebSite: Test Cases/AHI/_include/openWebSite

2020-01-02 08:08:03 - [TEST_STEP][PASSED] - openBrowser(env): Browser is opened with url: 'https://praetemptatus.agilehealthinsurance.com'

2020-01-02 08:08:03 - [MESSAGE][INFO] - Starting 'Chrome' driver

2020-01-02 08:08:03 - [MESSAGE][INFO] - User set preference: ['mobileEmulation', '{deviceName=iPhone 6}']

2020-01-02 08:08:03 - [MESSAGE][INFO] - User set preference: ['args', '[--incognito, --aggressive-cache-discard, --window-size=375,677, --no-sandbox]']

2020-01-02 08:08:03 - [MESSAGE][INFO] - Action delay is set to 0 seconds

2020-01-02 08:08:08 - [MESSAGE][PASSED] - Browser is opened with url: 'https://praetemptatus.agilehealthinsurance.com'

2020-01-02 08:08:08 - [TEST_STEP][PASSED] - waitForPageLoad(20): Wait for page load successfully

2020-01-02 08:08:09 - [MESSAGE][PASSED] - Wait for page load successfully

2020-01-02 08:08:09 - [TEST_STEP][PASSED] - callTestCase(findTestCase("AHI/_include/get_screenshot"), [:], STOP_ON_FAILURE): Call Test Case 'Test Cases/AHI/_include/get_screenshot' successfully

2020-01-02 08:08:09 - [TEST_CASE][PASSED] - Test Cases/AHI/_include/get_screenshot: Test Cases/AHI/_include/get_screenshot

2020-01-02 08:08:09 - [TEST_STEP][PASSED] - takeScreenshot(screenPath + i + ".png"): Taking screenshot successfully

2020-01-02 08:08:11 - [MESSAGE][PASSED] - Taking screenshot successfully
[[ATTACHMENT|D:\\Test\\AgileTest\\Reports\\AHI\\stm\\20200102_080029\\../Screenshots/iPhone 6/stm/AdvantHealth/20200102_080803/0.png]]

2020-01-02 08:08:11 - [TEST_STEP][PASSED] - (internal.GlobalVariable.i++): null

2020-01-02 08:08:11 - [MESSAGE][PASSED] - Call Test Case 'Test Cases/AHI/_include/get_screenshot' successfully

2020-01-02 08:08:11 - [MESSAGE][PASSED] - Call Test Case 'Test Cases/AHI/_include/openWebSite' successfully

2020-01-02 08:08:11 - [TEST_STEP][PASSED] - callTestCase(findTestCase("AHI/_include/census_stm"), ["zipcode":"35215"], STOP_ON_FAILURE): Call Test Case 'Test Cases/AHI/_include/census_stm' successfully

2020-01-02 08:08:11 - [TEST_CASE][PASSED] - Test Cases/AHI/_include/census_stm: Test Cases/AHI/_include/census_stm

2020-01-02 08:08:12 - [TEST_STEP][PASSED] - waitForElementClickable(findTestObject("mobileSanity/STM/Home Page/a_Quote  Save Today"), 10): Object 'Object Repository/mobileSanity/STM/Home Page/a_Quote  Save Today' is clickable

2020-01-02 08:08:12 - [MESSAGE][PASSED] - Object 'Object Repository/mobileSanity/STM/Home Page/a_Quote  Save Today' is clickable

2020-01-02 08:08:12 - [TEST_STEP][PASSED] - click(findTestObject("mobileSanity/STM/Home Page/a_Quote  Save Today")): Object: 'Object Repository/mobileSanity/STM/Home Page/a_Quote  Save Today' is clicked on

2020-01-02 08:08:12 - [MESSAGE][PASSED] - Object: 'Object Repository/mobileSanity/STM/Home Page/a_Quote  Save Today' is clicked on

2020-01-02 08:08:12 - [TEST_STEP][PASSED] - waitForPageLoad(10): Wait for page load successfully

2020-01-02 08:08:12 - [MESSAGE][PASSED] - Wait for page load successfully

2020-01-02 08:08:12 - [TEST_STEP][PASSED] - callTestCase(findTestCase("AHI/_include/get_screenshot"), [:], STOP_ON_FAILURE): Call Test Case 'Test Cases/AHI/_include/get_screenshot' successfully

2020-01-02 08:08:12 - [TEST_CASE][PASSED] - Test Cases/AHI/_include/get_screenshot: Test Cases/AHI/_include/get_screenshot

2020-01-02 08:08:12 - [TEST_STEP][PASSED] - takeScreenshot(screenPath + i + ".png"): Taking screenshot successfully

2020-01-02 08:08:14 - [MESSAGE][PASSED] - Taking screenshot successfully
[[ATTACHMENT|D:\\Test\\AgileTest\\Reports\\AHI\\stm\\20200102_080029\\../Screenshots/iPhone 6/stm/AdvantHealth/20200102_080803/1.png]]

2020-01-02 08:08:14 - [TEST_STEP][PASSED] - (internal.GlobalVariable.i++): null

2020-01-02 08:08:14 - [MESSAGE][PASSED] - Call Test Case 'Test Cases/AHI/_include/get_screenshot' successfully

2020-01-02 08:08:14 - [TEST_STEP][PASSED] - setText(findTestObject("mobileSanity/STM/STM Census Page/input_Location_zip-input"), zipcode): Text '35215' is set on object 'Object Repository/mobileSanity/STM/STM Census Page/input_Location_zip-input'

2020-01-02 08:08:14 - [MESSAGE][PASSED] - Text '35215' is set on object 'Object Repository/mobileSanity/STM/STM Census Page/input_Location_zip-input'

2020-01-02 08:08:14 - [TEST_STEP][PASSED] - Thread.sleep(500): null

2020-01-02 08:08:14 - [TEST_STEP][PASSED] - setText(findTestObject("mobileSanity/STM/STM Census Page/input_Date of Birth_dob-0"), "03031987"): Text '03031987' is set on object 'Object Repository/mobileSanity/STM/STM Census Page/input_Date of Birth_dob-0'

2020-01-02 08:08:15 - [MESSAGE][PASSED] - Text '03031987' is set on object 'Object Repository/mobileSanity/STM/STM Census Page/input_Date of Birth_dob-0'

2020-01-02 08:08:15 - [TEST_STEP][PASSED] - click(findTestObject("mobileSanity/STM/STM Census Page/label_Male")): Object: 'Object Repository/mobileSanity/STM/STM Census Page/label_Male' is clicked on

2020-01-02 08:08:15 - [MESSAGE][PASSED] - Object: 'Object Repository/mobileSanity/STM/STM Census Page/label_Male' is clicked on

2020-01-02 08:08:15 - [TEST_STEP][PASSED] - click(findTestObject("mobileSanity/STM/STM Census Page/label_Compare Plans")): Object: 'Object Repository/mobileSanity/STM/STM Census Page/label_Compare Plans' is clicked on

2020-01-02 08:08:17 - [MESSAGE][PASSED] - Object: 'Object Repository/mobileSanity/STM/STM Census Page/label_Compare Plans' is clicked on

2020-01-02 08:08:17 - [TEST_STEP][PASSED] - waitForElementVisible(findTestObject("mobileSanity/STM/STM Quote Page/button_sort"), 20): Object 'Object Repository/mobileSanity/STM/STM Quote Page/button_sort' is visible

2020-01-02 08:08:18 - [MESSAGE][PASSED] - Object 'Object Repository/mobileSanity/STM/STM Quote Page/button_sort' is visible

2020-01-02 08:08:18 - [TEST_STEP][PASSED] - Thread.sleep(3000): null

2020-01-02 08:08:21 - [TEST_STEP][PASSED] - callTestCase(findTestCase("AHI/_include/check_quoteleadform"), [:], STOP_ON_FAILURE): Call Test Case 'Test Cases/AHI/_include/check_quoteleadform' successfully

2020-01-02 08:08:21 - [TEST_CASE][PASSED] - Test Cases/AHI/_include/check_quoteleadform: Test Cases/AHI/_include/check_quoteleadform

2020-01-02 08:08:21 - [TEST_STEP][PASSED] - callTestCase(findTestCase("AHI/_include/name"), [:], CONTINUE_ON_FAILURE): Call Test Case 'Test Cases/AHI/_include/name' successfully

2020-01-02 08:08:21 - [TEST_CASE][PASSED] - Test Cases/AHI/_include/name: Test Cases/AHI/_include/name

2020-01-02 08:08:22 - [TEST_STEP][PASSED] - driver = getWebDriver(): null

2020-01-02 08:08:22 - [TEST_STEP][PASSED] - selenium = new com.thoughtworks.selenium.webdriven.WebDriverBackedSelenium(driver, internal.GlobalVariable.ENV): null

2020-01-02 08:08:22 - [TEST_STEP][PASSED] - FirstName = "Test-123": null

2020-01-02 08:08:22 - [TEST_STEP][PASSED] - LastName = selenium.getEval("{var x="ABCDEFGHIJKLMNOPQRSTUVWXYZabcdefghijklmnopqrstuvwxyz"; var tmp="ZZ11-"; for (i=0;i<8;i++) tmp+=x.charAt(Math.ceil(51*Math.random()));tmp;}"): null

2020-01-02 08:08:22 - [TEST_STEP][PASSED] - Address = selenium.getEval("{var x="ABCDEFGHIJKLMNOPQRSTUVWXYZabcdefghijklmnopqrstuvwxyz"; var tmp=""; for (i=0;i<8;i++) tmp+=x.charAt(Math.ceil(51*Math.random()));tmp;}"): null

2020-01-02 08:08:22 - [TEST_STEP][PASSED] - City = selenium.getEval("{var x="ABCDEFGHIJKLMNOPQRSTUVWXYZabcdefghijklmnopqrstuvwxyz"; var tmp=""; for (i=0;i<8;i++) tmp+=x.charAt(Math.ceil(51*Math.random()));tmp;}"): null

2020-01-02 08:08:22 - [TEST_STEP][PASSED] - tel1 = selenium.getEval("{var x="123456789"; var tmp=""; for (i=0;i<3;i++) tmp+=x.charAt(Math.ceil(8*Math.random()));tmp;}"): null

2020-01-02 08:08:22 - [TEST_STEP][PASSED] - tel2 = selenium.getEval("{var x="123456789"; var tmp=""; for (i=0;i<3;i++) tmp+=x.charAt(Math.ceil(8*Math.random()));tmp;}"): null

2020-01-02 08:08:22 - [TEST_STEP][PASSED] - tel3 = selenium.getEval("{var x="123456789"; var tmp=""; for (i=0;i<4;i++) tmp+=x.charAt(Math.ceil(8*Math.random()));tmp;}"): null

2020-01-02 08:08:23 - [TEST_STEP][PASSED] - Tel = selenium.getExpression(tel1 + "-" + tel2 + "-" + tel3): null

2020-01-02 08:08:23 - [TEST_STEP][PASSED] - AutoEmail = selenium.getEval("{var x="ABCDEFGHIJKLMNOPQRSTUVWXYZabcdefghijklmnopqrstuvwxyz"; var tmp="test."; for (i=0;i<8;i++) tmp+=x.charAt(Math.ceil(51*Math.random()));tmp+="@suryani.cn";}"): null

2020-01-02 08:08:23 - [TEST_STEP][PASSED] - FirstName = FirstName: null

2020-01-02 08:08:23 - [TEST_STEP][PASSED] - LastName = LastName: null

2020-01-02 08:08:23 - [TEST_STEP][PASSED] - Address = Address: null

2020-01-02 08:08:23 - [TEST_STEP][PASSED] - City = City: null

2020-01-02 08:08:23 - [TEST_STEP][PASSED] - Tel = Tel: null

2020-01-02 08:08:23 - [TEST_STEP][PASSED] - AutoEmail = AutoEmail: null

2020-01-02 08:08:23 - [TEST_STEP][PASSED] - println(FirstName): null

2020-01-02 08:08:23 - [TEST_STEP][PASSED] - println(LastName): null

2020-01-02 08:08:23 - [TEST_STEP][PASSED] - println(Address): null

2020-01-02 08:08:23 - [TEST_STEP][PASSED] - println(City): null

2020-01-02 08:08:23 - [TEST_STEP][PASSED] - println(Tel): null

2020-01-02 08:08:23 - [TEST_STEP][PASSED] - println(AutoEmail): null

2020-01-02 08:08:23 - [MESSAGE][PASSED] - Call Test Case 'Test Cases/AHI/_include/name' successfully

2020-01-02 08:08:23 - [TEST_STEP][PASSED] - leadform_exist = test.MobileKeywords.isElementPresent_Web(findTestObject("mobileSanity/quote lead form/lead_form"), 20): test.MobileKeywords.isElementPresent_Web is PASSED

2020-01-02 08:08:23 - [MESSAGE][PASSED] - test.MobileKeywords.isElementPresent_Web is PASSED

2020-01-02 08:08:23 - [TEST_STEP][PASSED] - if (leadform_exist): null

2020-01-02 08:08:23 - [TEST_STEP][PASSED] - setText(findTestObject("mobileSanity/quote lead form/first"), FirstName): Text 'Test-123' is set on object 'Object Repository/mobileSanity/quote lead form/first'

2020-01-02 08:08:23 - [MESSAGE][PASSED] - Text 'Test-123' is set on object 'Object Repository/mobileSanity/quote lead form/first'

2020-01-02 08:08:23 - [TEST_STEP][PASSED] - setText(findTestObject("mobileSanity/quote lead form/last"), LastName): Text 'ZZ11-zruhQWex' is set on object 'Object Repository/mobileSanity/quote lead form/last'

2020-01-02 08:08:23 - [MESSAGE][PASSED] - Text 'ZZ11-zruhQWex' is set on object 'Object Repository/mobileSanity/quote lead form/last'

2020-01-02 08:08:23 - [TEST_STEP][PASSED] - setText(findTestObject("mobileSanity/quote lead form/email"), AutoEmail): Text 'test.FLlNEkII@suryani.cn' is set on object 'Object Repository/mobileSanity/quote lead form/email'

2020-01-02 08:08:23 - [MESSAGE][PASSED] - Text 'test.FLlNEkII@suryani.cn' is set on object 'Object Repository/mobileSanity/quote lead form/email'

2020-01-02 08:08:23 - [TEST_STEP][PASSED] - setText(findTestObject("mobileSanity/quote lead form/phone"), Tel): Text '888-629-3465' is set on object 'Object Repository/mobileSanity/quote lead form/phone'

2020-01-02 08:08:24 - [MESSAGE][PASSED] - Text '888-629-3465' is set on object 'Object Repository/mobileSanity/quote lead form/phone'

2020-01-02 08:08:24 - [TEST_STEP][PASSED] - click(findTestObject("mobileSanity/quote lead form/submit")): Object: 'Object Repository/mobileSanity/quote lead form/submit' is clicked on

2020-01-02 08:08:24 - [MESSAGE][PASSED] - Object: 'Object Repository/mobileSanity/quote lead form/submit' is clicked on

2020-01-02 08:08:24 - [TEST_STEP][PASSED] - Thread.sleep(3000): null

2020-01-02 08:08:27 - [MESSAGE][PASSED] - Call Test Case 'Test Cases/AHI/_include/check_quoteleadform' successfully

2020-01-02 08:08:27 - [TEST_STEP][PASSED] - callTestCase(findTestCase("AHI/_include/get_screenshot"), [:], STOP_ON_FAILURE): Call Test Case 'Test Cases/AHI/_include/get_screenshot' successfully

2020-01-02 08:08:27 - [TEST_CASE][PASSED] - Test Cases/AHI/_include/get_screenshot: Test Cases/AHI/_include/get_screenshot

2020-01-02 08:08:27 - [TEST_STEP][PASSED] - takeScreenshot(screenPath + i + ".png"): Taking screenshot successfully

2020-01-02 08:08:28 - [MESSAGE][PASSED] - Taking screenshot successfully
[[ATTACHMENT|D:\\Test\\AgileTest\\Reports\\AHI\\stm\\20200102_080029\\../Screenshots/iPhone 6/stm/AdvantHealth/20200102_080803/2.png]]

2020-01-02 08:08:28 - [TEST_STEP][PASSED] - (internal.GlobalVariable.i++): null

2020-01-02 08:08:28 - [MESSAGE][PASSED] - Call Test Case 'Test Cases/AHI/_include/get_screenshot' successfully

2020-01-02 08:08:28 - [TEST_STEP][PASSED] - Thread.sleep(1000): null

2020-01-02 08:08:29 - [MESSAGE][PASSED] - Call Test Case 'Test Cases/AHI/_include/census_stm' successfully

2020-01-02 08:08:29 - [TEST_STEP][PASSED] - callTestCase(findTestCase("AHI/_include/filter_stm"), ["carrier":"advanthealth"], STOP_ON_FAILURE): Call Test Case 'Test Cases/AHI/_include/filter_stm' successfully

2020-01-02 08:08:29 - [TEST_CASE][PASSED] - Test Cases/AHI/_include/filter_stm: Test Cases/AHI/_include/filter_stm

2020-01-02 08:08:29 - [TEST_STEP][PASSED] - driver = getWebDriver(): null

2020-01-02 08:08:29 - [TEST_STEP][PASSED] - selenium = new com.thoughtworks.selenium.webdriven.WebDriverBackedSelenium(driver, internal.GlobalVariable.ENV): null

2020-01-02 08:08:29 - [TEST_STEP][PASSED] - Thread.sleep(1000): null

2020-01-02 08:08:30 - [TEST_STEP][PASSED] - click(findTestObject("mobileSanity/STM/STM Quote Page/button_filters")): Object: 'Object Repository/mobileSanity/STM/STM Quote Page/button_filters' is clicked on

2020-01-02 08:08:30 - [MESSAGE][PASSED] - Object: 'Object Repository/mobileSanity/STM/STM Quote Page/button_filters' is clicked on

2020-01-02 08:08:30 - [TEST_STEP][PASSED] - Thread.sleep(1000): null

2020-01-02 08:08:31 - [TEST_STEP][PASSED] - click(findTestObject("mobileSanity/STM/STM Quote Page/i_Insurance company")): Object: 'Object Repository/mobileSanity/STM/STM Quote Page/i_Insurance company' is clicked on

2020-01-02 08:08:31 - [MESSAGE][PASSED] - Object: 'Object Repository/mobileSanity/STM/STM Quote Page/i_Insurance company' is clicked on

2020-01-02 08:08:31 - [TEST_STEP][PASSED] - Thread.sleep(1000): null

2020-01-02 08:08:32 - [TEST_STEP][PASSED] - filter_carrier = "//input[@name='filter[carrier]' and @value='" + carrier + "']/following::label": null

2020-01-02 08:08:32 - [TEST_STEP][PASSED] - println(filter_carrier): null

2020-01-02 08:08:32 - [TEST_STEP][PASSED] - test.MobileKeywords.clickJS_ByXpath(filter_carrier): test.MobileKeywords.clickJS_ByXpath is PASSED

2020-01-02 08:08:33 - [MESSAGE][PASSED] - Execute JavaScript 'arguments[0].click()' successfully

2020-01-02 08:08:33 - [MESSAGE][PASSED] - test.MobileKeywords.clickJS_ByXpath is PASSED

2020-01-02 08:08:33 - [TEST_STEP][PASSED] - click(findTestObject("mobileSanity/STM/STM Quote Page/js-close c-link-button")): Object: 'Object Repository/mobileSanity/STM/STM Quote Page/js-close c-link-button' is clicked on

2020-01-02 08:08:33 - [MESSAGE][PASSED] - Object: 'Object Repository/mobileSanity/STM/STM Quote Page/js-close c-link-button' is clicked on

2020-01-02 08:08:33 - [TEST_STEP][PASSED] - Thread.sleep(2000): null

2020-01-02 08:08:35 - [TEST_STEP][PASSED] - callTestCase(findTestCase("AHI/_include/get_screenshot"), [:], STOP_ON_FAILURE): Call Test Case 'Test Cases/AHI/_include/get_screenshot' successfully

2020-01-02 08:08:35 - [TEST_CASE][PASSED] - Test Cases/AHI/_include/get_screenshot: Test Cases/AHI/_include/get_screenshot

2020-01-02 08:08:35 - [TEST_STEP][PASSED] - takeScreenshot(screenPath + i + ".png"): Taking screenshot successfully

2020-01-02 08:08:36 - [MESSAGE][PASSED] - Taking screenshot successfully
[[ATTACHMENT|D:\\Test\\AgileTest\\Reports\\AHI\\stm\\20200102_080029\\../Screenshots/iPhone 6/stm/AdvantHealth/20200102_080803/3.png]]

2020-01-02 08:08:36 - [TEST_STEP][PASSED] - (internal.GlobalVariable.i++): null

2020-01-02 08:08:36 - [MESSAGE][PASSED] - Call Test Case 'Test Cases/AHI/_include/get_screenshot' successfully

2020-01-02 08:08:36 - [MESSAGE][PASSED] - Call Test Case 'Test Cases/AHI/_include/filter_stm' successfully

2020-01-02 08:08:36 - [TEST_STEP][PASSED] - callTestCase(findTestCase("AHI/_include/goToDetail_stm"), ["carrier":"advanthealth"], STOP_ON_FAILURE): Call Test Case 'Test Cases/AHI/_include/goToDetail_stm' successfully

2020-01-02 08:08:36 - [TEST_CASE][PASSED] - Test Cases/AHI/_include/goToDetail_stm: Test Cases/AHI/_include/goToDetail_stm

2020-01-02 08:08:36 - [TEST_STEP][PASSED] - driver = getWebDriver(): null

2020-01-02 08:08:36 - [TEST_STEP][PASSED] - selenium = new com.thoughtworks.selenium.webdriven.WebDriverBackedSelenium(driver, internal.GlobalVariable.ENV): null

2020-01-02 08:08:37 - [TEST_STEP][PASSED] - a_plan_name = "xpath=//a[contains(@href,'/term-health-insurance/plan/" + carrier + "')]": null

2020-01-02 08:08:37 - [TEST_STEP][PASSED] - println(a_plan_name): null

2020-01-02 08:08:37 - [TEST_STEP][PASSED] - selenium.click(a_plan_name): null

2020-01-02 08:08:39 - [TEST_STEP][PASSED] - waitForPageLoad(20): Wait for page load successfully

2020-01-02 08:08:39 - [MESSAGE][PASSED] - Wait for page load successfully

2020-01-02 08:08:39 - [TEST_STEP][PASSED] - Thread.sleep(2000): null

2020-01-02 08:08:41 - [TEST_STEP][PASSED] - callTestCase(findTestCase("AHI/_include/get_screenshot"), [:], STOP_ON_FAILURE): Call Test Case 'Test Cases/AHI/_include/get_screenshot' successfully

2020-01-02 08:08:41 - [TEST_CASE][PASSED] - Test Cases/AHI/_include/get_screenshot: Test Cases/AHI/_include/get_screenshot

2020-01-02 08:08:41 - [TEST_STEP][PASSED] - takeScreenshot(screenPath + i + ".png"): Taking screenshot successfully

2020-01-02 08:08:42 - [MESSAGE][PASSED] - Taking screenshot successfully
[[ATTACHMENT|D:\\Test\\AgileTest\\Reports\\AHI\\stm\\20200102_080029\\../Screenshots/iPhone 6/stm/AdvantHealth/20200102_080803/4.png]]

2020-01-02 08:08:42 - [TEST_STEP][PASSED] - (internal.GlobalVariable.i++): null

2020-01-02 08:08:42 - [MESSAGE][PASSED] - Call Test Case 'Test Cases/AHI/_include/get_screenshot' successfully

2020-01-02 08:08:42 - [MESSAGE][PASSED] - Call Test Case 'Test Cases/AHI/_include/goToDetail_stm' successfully

2020-01-02 08:08:42 - [TEST_STEP][PASSED] - callTestCase(findTestCase("AHI/_include/apply_stm"), [:], STOP_ON_FAILURE): Call Test Case 'Test Cases/AHI/_include/apply_stm' successfully

2020-01-02 08:08:42 - [TEST_CASE][PASSED] - Test Cases/AHI/_include/apply_stm: Test Cases/AHI/_include/apply_stm

2020-01-02 08:08:42 - [TEST_STEP][PASSED] - waitForElementVisible(findTestObject("mobileSanity/STM/STM PlanDetail Page/a_Apply for This Plan"), 5): Object 'Object Repository/mobileSanity/STM/STM PlanDetail Page/a_Apply for This Plan' is visible

2020-01-02 08:08:42 - [MESSAGE][PASSED] - Object 'Object Repository/mobileSanity/STM/STM PlanDetail Page/a_Apply for This Plan' is visible

2020-01-02 08:08:42 - [TEST_STEP][PASSED] - click(findTestObject("mobileSanity/STM/STM PlanDetail Page/a_Apply for This Plan")): Object: 'Object Repository/mobileSanity/STM/STM PlanDetail Page/a_Apply for This Plan' is clicked on

2020-01-02 08:08:43 - [MESSAGE][PASSED] - Object: 'Object Repository/mobileSanity/STM/STM PlanDetail Page/a_Apply for This Plan' is clicked on

2020-01-02 08:08:43 - [TEST_STEP][PASSED] - waitForPageLoad(10): Wait for page load successfully

2020-01-02 08:08:43 - [MESSAGE][PASSED] - Wait for page load successfully

2020-01-02 08:08:43 - [TEST_STEP][PASSED] - Thread.sleep(2000): null

2020-01-02 08:08:45 - [TEST_STEP][PASSED] - callTestCase(findTestCase("AHI/_include/get_screenshot"), [:], STOP_ON_FAILURE): Call Test Case 'Test Cases/AHI/_include/get_screenshot' successfully

2020-01-02 08:08:45 - [TEST_CASE][PASSED] - Test Cases/AHI/_include/get_screenshot: Test Cases/AHI/_include/get_screenshot

2020-01-02 08:08:45 - [TEST_STEP][PASSED] - takeScreenshot(screenPath + i + ".png"): Taking screenshot successfully

2020-01-02 08:08:46 - [MESSAGE][PASSED] - Taking screenshot successfully
[[ATTACHMENT|D:\\Test\\AgileTest\\Reports\\AHI\\stm\\20200102_080029\\../Screenshots/iPhone 6/stm/AdvantHealth/20200102_080803/5.png]]

2020-01-02 08:08:46 - [TEST_STEP][PASSED] - (internal.GlobalVariable.i++): null

2020-01-02 08:08:46 - [MESSAGE][PASSED] - Call Test Case 'Test Cases/AHI/_include/get_screenshot' successfully

2020-01-02 08:08:46 - [TEST_STEP][PASSED] - waitForElementVisible(findTestObject("mobileSanity/STM/STM Apply Page/a_Start Secure Application"), 5): Object 'Object Repository/mobileSanity/STM/STM Apply Page/a_Start Secure Application' is visible

2020-01-02 08:08:46 - [MESSAGE][PASSED] - Object 'Object Repository/mobileSanity/STM/STM Apply Page/a_Start Secure Application' is visible

2020-01-02 08:08:46 - [TEST_STEP][PASSED] - click(findTestObject("mobileSanity/STM/STM Apply Page/a_Start Secure Application")): Object: 'Object Repository/mobileSanity/STM/STM Apply Page/a_Start Secure Application' is clicked on

2020-01-02 08:08:46 - [MESSAGE][PASSED] - Object: 'Object Repository/mobileSanity/STM/STM Apply Page/a_Start Secure Application' is clicked on

2020-01-02 08:08:46 - [TEST_STEP][PASSED] - waitForPageLoad(20): Wait for page load successfully

2020-01-02 08:08:47 - [MESSAGE][PASSED] - Wait for page load successfully

2020-01-02 08:08:47 - [TEST_STEP][PASSED] - Thread.sleep(2000): null

2020-01-02 08:08:49 - [TEST_STEP][PASSED] - callTestCase(findTestCase("AHI/_include/get_screenshot"), [:], STOP_ON_FAILURE): Call Test Case 'Test Cases/AHI/_include/get_screenshot' successfully

2020-01-02 08:08:49 - [TEST_CASE][PASSED] - Test Cases/AHI/_include/get_screenshot: Test Cases/AHI/_include/get_screenshot

2020-01-02 08:08:49 - [TEST_STEP][PASSED] - takeScreenshot(screenPath + i + ".png"): Taking screenshot successfully

2020-01-02 08:08:50 - [MESSAGE][PASSED] - Taking screenshot successfully
[[ATTACHMENT|D:\\Test\\AgileTest\\Reports\\AHI\\stm\\20200102_080029\\../Screenshots/iPhone 6/stm/AdvantHealth/20200102_080803/6.png]]

2020-01-02 08:08:50 - [TEST_STEP][PASSED] - (internal.GlobalVariable.i++): null

2020-01-02 08:08:50 - [MESSAGE][PASSED] - Call Test Case 'Test Cases/AHI/_include/get_screenshot' successfully

2020-01-02 08:08:50 - [MESSAGE][PASSED] - Call Test Case 'Test Cases/AHI/_include/apply_stm' successfully

2020-01-02 08:08:50 - [TEST_STEP][PASSED] - callTestCase(findTestCase("AHI/_include/goToEnd_stm_autofill"), [:], STOP_ON_FAILURE): Call Test Case 'Test Cases/AHI/_include/goToEnd_stm_autofill' successfully

2020-01-02 08:08:50 - [TEST_CASE][PASSED] - Test Cases/AHI/_include/goToEnd_stm_autofill: Test Cases/AHI/_include/goToEnd_stm_autofill

2020-01-02 08:08:50 - [TEST_STEP][PASSED] - callTestCase(findTestCase("AHI/_include/name"), [:], CONTINUE_ON_FAILURE): Call Test Case 'Test Cases/AHI/_include/name' successfully

2020-01-02 08:08:50 - [TEST_CASE][PASSED] - Test Cases/AHI/_include/name: Test Cases/AHI/_include/name

2020-01-02 08:08:50 - [TEST_STEP][PASSED] - driver = getWebDriver(): null

2020-01-02 08:08:50 - [TEST_STEP][PASSED] - selenium = new com.thoughtworks.selenium.webdriven.WebDriverBackedSelenium(driver, internal.GlobalVariable.ENV): null

2020-01-02 08:08:50 - [TEST_STEP][PASSED] - FirstName = "Test-123": null

2020-01-02 08:08:50 - [TEST_STEP][PASSED] - LastName = selenium.getEval("{var x="ABCDEFGHIJKLMNOPQRSTUVWXYZabcdefghijklmnopqrstuvwxyz"; var tmp="ZZ11-"; for (i=0;i<8;i++) tmp+=x.charAt(Math.ceil(51*Math.random()));tmp;}"): null

2020-01-02 08:08:50 - [TEST_STEP][PASSED] - Address = selenium.getEval("{var x="ABCDEFGHIJKLMNOPQRSTUVWXYZabcdefghijklmnopqrstuvwxyz"; var tmp=""; for (i=0;i<8;i++) tmp+=x.charAt(Math.ceil(51*Math.random()));tmp;}"): null

2020-01-02 08:08:50 - [TEST_STEP][PASSED] - City = selenium.getEval("{var x="ABCDEFGHIJKLMNOPQRSTUVWXYZabcdefghijklmnopqrstuvwxyz"; var tmp=""; for (i=0;i<8;i++) tmp+=x.charAt(Math.ceil(51*Math.random()));tmp;}"): null

2020-01-02 08:08:50 - [TEST_STEP][PASSED] - tel1 = selenium.getEval("{var x="123456789"; var tmp=""; for (i=0;i<3;i++) tmp+=x.charAt(Math.ceil(8*Math.random()));tmp;}"): null

2020-01-02 08:08:50 - [TEST_STEP][PASSED] - tel2 = selenium.getEval("{var x="123456789"; var tmp=""; for (i=0;i<3;i++) tmp+=x.charAt(Math.ceil(8*Math.random()));tmp;}"): null

2020-01-02 08:08:50 - [TEST_STEP][PASSED] - tel3 = selenium.getEval("{var x="123456789"; var tmp=""; for (i=0;i<4;i++) tmp+=x.charAt(Math.ceil(8*Math.random()));tmp;}"): null

2020-01-02 08:08:50 - [TEST_STEP][PASSED] - Tel = selenium.getExpression(tel1 + "-" + tel2 + "-" + tel3): null

2020-01-02 08:08:50 - [TEST_STEP][PASSED] - AutoEmail = selenium.getEval("{var x="ABCDEFGHIJKLMNOPQRSTUVWXYZabcdefghijklmnopqrstuvwxyz"; var tmp="test."; for (i=0;i<8;i++) tmp+=x.charAt(Math.ceil(51*Math.random()));tmp+="@suryani.cn";}"): null

2020-01-02 08:08:50 - [TEST_STEP][PASSED] - FirstName = FirstName: null

2020-01-02 08:08:50 - [TEST_STEP][PASSED] - LastName = LastName: null

2020-01-02 08:08:50 - [TEST_STEP][PASSED] - Address = Address: null

2020-01-02 08:08:50 - [TEST_STEP][PASSED] - City = City: null

2020-01-02 08:08:50 - [TEST_STEP][PASSED] - Tel = Tel: null

2020-01-02 08:08:50 - [TEST_STEP][PASSED] - AutoEmail = AutoEmail: null

2020-01-02 08:08:50 - [TEST_STEP][PASSED] - println(FirstName): null

2020-01-02 08:08:50 - [TEST_STEP][PASSED] - println(LastName): null

2020-01-02 08:08:50 - [TEST_STEP][PASSED] - println(Address): null

2020-01-02 08:08:50 - [TEST_STEP][PASSED] - println(City): null

2020-01-02 08:08:50 - [TEST_STEP][PASSED] - println(Tel): null

2020-01-02 08:08:50 - [TEST_STEP][PASSED] - println(AutoEmail): null

2020-01-02 08:08:50 - [MESSAGE][PASSED] - Call Test Case 'Test Cases/AHI/_include/name' successfully

2020-01-02 08:08:50 - [TEST_STEP][PASSED] - try: Call Test Case 'Test Cases/AHI/_include/get_screenshot' successfully

2020-01-02 08:08:50 - [TEST_STEP][PASSED] - if (verifyTextPresent("Month Duration Acknowledgement", false)): Call Test Case 'Test Cases/AHI/_include/get_screenshot' successfully

2020-01-02 08:08:51 - [MESSAGE][PASSED] - Text 'Month Duration Acknowledgement' is present on page 

2020-01-02 08:08:51 - [TEST_STEP][PASSED] - click(findTestObject("mobileSanity/STM/Page_App Page 1/label_By checking this box I u")): Object: 'Object Repository/mobileSanity/STM/Page_App Page 1/label_By checking this box I u' is clicked on

2020-01-02 08:08:51 - [MESSAGE][PASSED] - Object: 'Object Repository/mobileSanity/STM/Page_App Page 1/label_By checking this box I u' is clicked on

2020-01-02 08:08:51 - [TEST_STEP][PASSED] - click(findTestObject("mobileSanity/STM/Page_App Page 1/button_Continue to Application")): Object: 'Object Repository/mobileSanity/STM/Page_App Page 1/button_Continue to Application' is clicked on

2020-01-02 08:08:55 - [MESSAGE][PASSED] - Object: 'Object Repository/mobileSanity/STM/Page_App Page 1/button_Continue to Application' is clicked on

2020-01-02 08:08:55 - [TEST_STEP][PASSED] - waitForPageLoad(20): Wait for page load successfully

2020-01-02 08:08:55 - [MESSAGE][PASSED] - Wait for page load successfully

2020-01-02 08:08:55 - [TEST_STEP][PASSED] - Thread.sleep(5000): null

2020-01-02 08:09:00 - [TEST_STEP][PASSED] - callTestCase(findTestCase("AHI/_include/get_screenshot"), [:], STOP_ON_FAILURE): Call Test Case 'Test Cases/AHI/_include/get_screenshot' successfully

2020-01-02 08:09:00 - [TEST_CASE][PASSED] - Test Cases/AHI/_include/get_screenshot: Test Cases/AHI/_include/get_screenshot

2020-01-02 08:09:00 - [TEST_STEP][PASSED] - takeScreenshot(screenPath + i + ".png"): Taking screenshot successfully

2020-01-02 08:09:00 - [MESSAGE][PASSED] - Taking screenshot successfully
[[ATTACHMENT|D:\\Test\\AgileTest\\Reports\\AHI\\stm\\20200102_080029\\../Screenshots/iPhone 6/stm/AdvantHealth/20200102_080803/7.png]]

2020-01-02 08:09:00 - [TEST_STEP][PASSED] - (internal.GlobalVariable.i++): null

2020-01-02 08:09:00 - [MESSAGE][PASSED] - Call Test Case 'Test Cases/AHI/_include/get_screenshot' successfully

2020-01-02 08:09:00 - [TEST_STEP][PASSED] - waitForPageLoad(10): Wait for page load successfully

2020-01-02 08:09:00 - [MESSAGE][PASSED] - Wait for page load successfully

2020-01-02 08:09:00 - [TEST_STEP][PASSED] - Thread.sleep(3000): null

2020-01-02 08:09:03 - [TEST_STEP][PASSED] - waitForElementVisible(findTestObject("mobileSanity/STM/Page_App Page 1/a_Autofill App Info"), 20): Object 'Object Repository/mobileSanity/STM/Page_App Page 1/a_Autofill App Info' is visible

2020-01-02 08:09:03 - [MESSAGE][PASSED] - Object 'Object Repository/mobileSanity/STM/Page_App Page 1/a_Autofill App Info' is visible

2020-01-02 08:09:03 - [TEST_STEP][PASSED] - click(findTestObject("mobileSanity/STM/Page_App Page 1/a_Autofill App Info")): Object: 'Object Repository/mobileSanity/STM/Page_App Page 1/a_Autofill App Info' is clicked on

2020-01-02 08:09:03 - [MESSAGE][PASSED] - Object: 'Object Repository/mobileSanity/STM/Page_App Page 1/a_Autofill App Info' is clicked on

2020-01-02 08:09:03 - [TEST_STEP][PASSED] - Thread.sleep(1000): null

2020-01-02 08:09:04 - [TEST_STEP][PASSED] - click(findTestObject("mobileSanity/STM/Page_App Page 1/a_Autofill App Info")): Object: 'Object Repository/mobileSanity/STM/Page_App Page 1/a_Autofill App Info' is clicked on

2020-01-02 08:09:04 - [MESSAGE][PASSED] - Object: 'Object Repository/mobileSanity/STM/Page_App Page 1/a_Autofill App Info' is clicked on

2020-01-02 08:09:04 - [TEST_STEP][PASSED] - Thread.sleep(1000): null

2020-01-02 08:09:05 - [TEST_STEP][PASSED] - waitForElementVisible(findTestObject("mobileSanity/STM/Page_App Page 1/a_Continue"), 20): Object 'Object Repository/mobileSanity/STM/Page_App Page 1/a_Continue' is visible

2020-01-02 08:09:05 - [MESSAGE][PASSED] - Object 'Object Repository/mobileSanity/STM/Page_App Page 1/a_Continue' is visible

2020-01-02 08:09:05 - [TEST_STEP][PASSED] - click(findTestObject("mobileSanity/STM/Page_App Page 1/a_Continue")): Object: 'Object Repository/mobileSanity/STM/Page_App Page 1/a_Continue' is clicked on

2020-01-02 08:09:05 - [MESSAGE][PASSED] - Object: 'Object Repository/mobileSanity/STM/Page_App Page 1/a_Continue' is clicked on

2020-01-02 08:09:05 - [TEST_STEP][PASSED] - waitForPageLoad(20): Wait for page load successfully

2020-01-02 08:09:05 - [MESSAGE][PASSED] - Wait for page load successfully

2020-01-02 08:09:05 - [TEST_STEP][PASSED] - Thread.sleep(5000): null

2020-01-02 08:09:10 - [TEST_STEP][PASSED] - callTestCase(findTestCase("AHI/_include/get_screenshot"), [:], STOP_ON_FAILURE): Call Test Case 'Test Cases/AHI/_include/get_screenshot' successfully

2020-01-02 08:09:11 - [TEST_CASE][PASSED] - Test Cases/AHI/_include/get_screenshot: Test Cases/AHI/_include/get_screenshot

2020-01-02 08:09:11 - [TEST_STEP][PASSED] - takeScreenshot(screenPath + i + ".png"): Taking screenshot successfully

2020-01-02 08:09:11 - [MESSAGE][PASSED] - Taking screenshot successfully
[[ATTACHMENT|D:\\Test\\AgileTest\\Reports\\AHI\\stm\\20200102_080029\\../Screenshots/iPhone 6/stm/AdvantHealth/20200102_080803/8.png]]

2020-01-02 08:09:11 - [TEST_STEP][PASSED] - (internal.GlobalVariable.i++): null

2020-01-02 08:09:11 - [MESSAGE][PASSED] - Call Test Case 'Test Cases/AHI/_include/get_screenshot' successfully

2020-01-02 08:09:11 - [TEST_STEP][PASSED] - click(findTestObject("mobileSanity/STM/Page_App Page 2/a_Continue to Step 3 - Payment")): Object: 'Object Repository/mobileSanity/STM/Page_App Page 2/a_Continue to Step 3 - Payment' is clicked on

2020-01-02 08:09:11 - [MESSAGE][PASSED] - Object: 'Object Repository/mobileSanity/STM/Page_App Page 2/a_Continue to Step 3 - Payment' is clicked on

2020-01-02 08:09:11 - [TEST_STEP][PASSED] - waitForPageLoad(20): Wait for page load successfully

2020-01-02 08:09:11 - [MESSAGE][PASSED] - Wait for page load successfully

2020-01-02 08:09:11 - [TEST_STEP][PASSED] - waitForElementVisible(findTestObject("mobileSanity/STM/Page_App Page 3/input__credit-card-cvv"), 20): Object 'Object Repository/mobileSanity/STM/Page_App Page 3/input__credit-card-cvv' is visible

2020-01-02 08:09:12 - [MESSAGE][PASSED] - Object 'Object Repository/mobileSanity/STM/Page_App Page 3/input__credit-card-cvv' is visible

2020-01-02 08:09:12 - [TEST_STEP][PASSED] - Thread.sleep(2000): null

2020-01-02 08:09:14 - [TEST_STEP][PASSED] - callTestCase(findTestCase("AHI/_include/get_screenshot"), [:], STOP_ON_FAILURE): Call Test Case 'Test Cases/AHI/_include/get_screenshot' successfully

2020-01-02 08:09:14 - [TEST_CASE][PASSED] - Test Cases/AHI/_include/get_screenshot: Test Cases/AHI/_include/get_screenshot

2020-01-02 08:09:14 - [TEST_STEP][PASSED] - takeScreenshot(screenPath + i + ".png"): Taking screenshot successfully

2020-01-02 08:09:14 - [MESSAGE][PASSED] - Taking screenshot successfully
[[ATTACHMENT|D:\\Test\\AgileTest\\Reports\\AHI\\stm\\20200102_080029\\../Screenshots/iPhone 6/stm/AdvantHealth/20200102_080803/9.png]]

2020-01-02 08:09:14 - [TEST_STEP][PASSED] - (internal.GlobalVariable.i++): null

2020-01-02 08:09:14 - [MESSAGE][PASSED] - Call Test Case 'Test Cases/AHI/_include/get_screenshot' successfully

2020-01-02 08:09:14 - [TEST_STEP][PASSED] - clearText(findTestObject("mobileSanity/STM/Page_App Page 3/input__credit-card-cvv")): Text of object 'Object Repository/mobileSanity/STM/Page_App Page 3/input__credit-card-cvv' is cleared

2020-01-02 08:09:14 - [MESSAGE][PASSED] - Text of object 'Object Repository/mobileSanity/STM/Page_App Page 3/input__credit-card-cvv' is cleared

2020-01-02 08:09:14 - [TEST_STEP][PASSED] - setText(findTestObject("mobileSanity/STM/Page_App Page 3/input__credit-card-cvv"), "123"): Text '123' is set on object 'Object Repository/mobileSanity/STM/Page_App Page 3/input__credit-card-cvv'

2020-01-02 08:09:14 - [MESSAGE][PASSED] - Text '123' is set on object 'Object Repository/mobileSanity/STM/Page_App Page 3/input__credit-card-cvv'

2020-01-02 08:09:14 - [TEST_STEP][PASSED] - click(findTestObject("mobileSanity/STM/Page_App Page 3/label_I Accept Authorization f")): Object: 'Object Repository/mobileSanity/STM/Page_App Page 3/label_I Accept Authorization f' is clicked on

2020-01-02 08:09:15 - [MESSAGE][PASSED] - Object: 'Object Repository/mobileSanity/STM/Page_App Page 3/label_I Accept Authorization f' is clicked on

2020-01-02 08:09:15 - [TEST_STEP][PASSED] - click(findTestObject("mobileSanity/STM/Page_App Page 3/a_Continue to Step 4 - Review")): Object: 'Object Repository/mobileSanity/STM/Page_App Page 3/a_Continue to Step 4 - Review' is clicked on

2020-01-02 08:09:15 - [MESSAGE][PASSED] - Object: 'Object Repository/mobileSanity/STM/Page_App Page 3/a_Continue to Step 4 - Review' is clicked on

2020-01-02 08:09:15 - [TEST_STEP][PASSED] - waitForPageLoad(10): Wait for page load successfully

2020-01-02 08:09:15 - [MESSAGE][PASSED] - Wait for page load successfully

2020-01-02 08:09:15 - [TEST_STEP][PASSED] - waitForElementClickable(findTestObject("mobileSanity/STM/Page_App Page 4/label"), 10): Object 'Object Repository/mobileSanity/STM/Page_App Page 4/label' is clickable

2020-01-02 08:09:15 - [MESSAGE][PASSED] - Object 'Object Repository/mobileSanity/STM/Page_App Page 4/label' is clickable

2020-01-02 08:09:15 - [TEST_STEP][PASSED] - Thread.sleep(2000): null

2020-01-02 08:09:17 - [TEST_STEP][PASSED] - callTestCase(findTestCase("AHI/_include/get_screenshot"), [:], STOP_ON_FAILURE): Call Test Case 'Test Cases/AHI/_include/get_screenshot' successfully

2020-01-02 08:09:17 - [TEST_CASE][PASSED] - Test Cases/AHI/_include/get_screenshot: Test Cases/AHI/_include/get_screenshot

2020-01-02 08:09:17 - [TEST_STEP][PASSED] - takeScreenshot(screenPath + i + ".png"): Taking screenshot successfully

2020-01-02 08:09:18 - [MESSAGE][PASSED] - Taking screenshot successfully
[[ATTACHMENT|D:\\Test\\AgileTest\\Reports\\AHI\\stm\\20200102_080029\\../Screenshots/iPhone 6/stm/AdvantHealth/20200102_080803/10.png]]

2020-01-02 08:09:18 - [TEST_STEP][PASSED] - (internal.GlobalVariable.i++): null

2020-01-02 08:09:18 - [MESSAGE][PASSED] - Call Test Case 'Test Cases/AHI/_include/get_screenshot' successfully

2020-01-02 08:09:18 - [TEST_STEP][PASSED] - click(findTestObject("mobileSanity/STM/Page_App Page 4/label")): Object: 'Object Repository/mobileSanity/STM/Page_App Page 4/label' is clicked on

2020-01-02 08:09:18 - [MESSAGE][PASSED] - Object: 'Object Repository/mobileSanity/STM/Page_App Page 4/label' is clicked on

2020-01-02 08:09:18 - [TEST_STEP][PASSED] - click(findTestObject("mobileSanity/STM/Page_App Page 4/div_CLICK TO SIGN")): Object: 'Object Repository/mobileSanity/STM/Page_App Page 4/div_CLICK TO SIGN' is clicked on

2020-01-02 08:09:18 - [MESSAGE][PASSED] - Object: 'Object Repository/mobileSanity/STM/Page_App Page 4/div_CLICK TO SIGN' is clicked on

2020-01-02 08:09:18 - [TEST_STEP][PASSED] - click(findTestObject("mobileSanity/STM/Page_App Page 4/a_Submit Your Application")): Object: 'Object Repository/mobileSanity/STM/Page_App Page 4/a_Submit Your Application' is clicked on

2020-01-02 08:09:18 - [MESSAGE][PASSED] - Object: 'Object Repository/mobileSanity/STM/Page_App Page 4/a_Submit Your Application' is clicked on

2020-01-02 08:09:18 - [TEST_STEP][PASSED] - Thread.sleep(30000): null

2020-01-02 08:09:48 - [TEST_STEP][PASSED] - waitForElementPresent(findTestObject("mobileSanity/STM/Page_App Page 6/app-page-wrapper"), 20): Object 'Object Repository/mobileSanity/STM/Page_App Page 6/app-page-wrapper' is not present after 20 second(s)

2020-01-02 08:10:09 - [MESSAGE][INFO] - Unable to find the element located by 'By.xpath: //div[@id='app-page-wrapper' and @data-page='confirmation']'. Please recheck the objects properties to make sure the desired element is located. 

2020-01-02 08:10:09 - [MESSAGE][WARNING] - Object 'Object Repository/mobileSanity/STM/Page_App Page 6/app-page-wrapper' is not present after 20 second(s)

2020-01-02 08:10:09 - [TEST_STEP][PASSED] - callTestCase(findTestCase("AHI/_include/get_screenshot"), [:], STOP_ON_FAILURE): Call Test Case 'Test Cases/AHI/_include/get_screenshot' successfully

2020-01-02 08:10:10 - [TEST_CASE][PASSED] - Test Cases/AHI/_include/get_screenshot: Test Cases/AHI/_include/get_screenshot

2020-01-02 08:10:10 - [TEST_STEP][PASSED] - takeScreenshot(screenPath + i + ".png"): Taking screenshot successfully

2020-01-02 08:10:10 - [MESSAGE][PASSED] - Taking screenshot successfully
[[ATTACHMENT|D:\\Test\\AgileTest\\Reports\\AHI\\stm\\20200102_080029\\../Screenshots/iPhone 6/stm/AdvantHealth/20200102_080803/11.png]]

2020-01-02 08:10:10 - [TEST_STEP][PASSED] - (internal.GlobalVariable.i++): null

2020-01-02 08:10:10 - [MESSAGE][PASSED] - Call Test Case 'Test Cases/AHI/_include/get_screenshot' successfully

2020-01-02 08:10:10 - [MESSAGE][PASSED] - Call Test Case 'Test Cases/AHI/_include/goToEnd_stm_autofill' successfully]]></system-out>
         <system-err><![CDATA[]]></system-err>
      </testcase>
      <testcase name="Test Cases/AHI/stm/Aspen" classname="Test Cases/AHI/stm/Aspen" status="FAILED">
         <failure type="FAILED" message="Test Cases/AHI/stm/Aspen FAILED.
Reason:
com.kms.katalon.core.exception.StepFailedException: Unable to clear text of object 'Object Repository/mobileSanity/STM/Page_App Page 3/input__credit-card-cvv' (Root cause: com.kms.katalon.core.webui.exception.WebElementNotFoundException: Web element with id: 'Object Repository/mobileSanity/STM/Page_App Page 3/input__credit-card-cvv' located by 'By.xpath: //*[@id = 'credit-card-cvv']' not found)
	at com.kms.katalon.core.keyword.internal.KeywordMain.stepFailed(KeywordMain.groovy:36)
	at com.kms.katalon.core.webui.keyword.internal.WebUIKeywordMain.stepFailed(WebUIKeywordMain.groovy:65)
	at com.kms.katalon.core.webui.keyword.internal.WebUIKeywordMain.runKeyword(WebUIKeywordMain.groovy:43)
	at com.kms.katalon.core.webui.keyword.builtin.ClearTextKeyword.clearText(ClearTextKeyword.groovy:61)
	at com.kms.katalon.core.webui.keyword.builtin.ClearTextKeyword.execute(ClearTextKeyword.groovy:34)
	at com.kms.katalon.core.keyword.internal.KeywordExecutor.executeKeywordForPlatform(KeywordExecutor.groovy:53)
	at com.kms.katalon.core.webui.keyword.WebUiBuiltInKeywords.clearText(WebUiBuiltInKeywords.groovy:3817)
	at com.kms.katalon.core.webui.keyword.WebUiBuiltInKeywords$clearText$9.call(Unknown Source)
	at goToEnd_stm_autofill.run(goToEnd_stm_autofill:71)
	at com.kms.katalon.core.main.ScriptEngine.run(ScriptEngine.java:194)
	at com.kms.katalon.core.main.ScriptEngine.runScriptAsRawText(ScriptEngine.java:119)
	at com.kms.katalon.core.main.TestCaseExecutor.runScript(TestCaseExecutor.java:328)
	at com.kms.katalon.core.main.TestCaseExecutor.doExecute(TestCaseExecutor.java:319)
	at com.kms.katalon.core.main.TestCaseExecutor.processExecutionPhase(TestCaseExecutor.java:298)
	at com.kms.katalon.core.main.TestCaseExecutor.accessMainPhase(TestCaseExecutor.java:290)
	at com.kms.katalon.core.main.TestCaseExecutor.execute(TestCaseExecutor.java:224)
	at com.kms.katalon.core.main.TestCaseMain.runTestCase(TestCaseMain.java:106)
	at com.kms.katalon.core.keyword.builtin.CallTestCaseKeyword$_callTestCase_closure1.doCall(CallTestCaseKeyword.groovy:59)
	at com.kms.katalon.core.keyword.builtin.CallTestCaseKeyword$_callTestCase_closure1.call(CallTestCaseKeyword.groovy)
	at com.kms.katalon.core.keyword.internal.KeywordMain.runKeyword(KeywordMain.groovy:54)
	at com.kms.katalon.core.keyword.builtin.CallTestCaseKeyword.callTestCase(CallTestCaseKeyword.groovy:80)
	at com.kms.katalon.core.keyword.builtin.CallTestCaseKeyword.execute(CallTestCaseKeyword.groovy:44)
	at com.kms.katalon.core.keyword.internal.KeywordExecutor.executeKeywordForPlatform(KeywordExecutor.groovy:53)
	at com.kms.katalon.core.keyword.BuiltinKeywords.callTestCase(BuiltinKeywords.groovy:334)
	at Aspen.run(Aspen:31)
	at com.kms.katalon.core.main.ScriptEngine.run(ScriptEngine.java:194)
	at com.kms.katalon.core.main.ScriptEngine.runScriptAsRawText(ScriptEngine.java:119)
	at com.kms.katalon.core.main.TestCaseExecutor.runScript(TestCaseExecutor.java:328)
	at com.kms.katalon.core.main.TestCaseExecutor.doExecute(TestCaseExecutor.java:319)
	at com.kms.katalon.core.main.TestCaseExecutor.processExecutionPhase(TestCaseExecutor.java:298)
	at com.kms.katalon.core.main.TestCaseExecutor.accessMainPhase(TestCaseExecutor.java:290)
	at com.kms.katalon.core.main.TestCaseExecutor.execute(TestCaseExecutor.java:224)
	at com.kms.katalon.core.main.TestSuiteExecutor.accessTestCaseMainPhase(TestSuiteExecutor.java:129)
	at com.kms.katalon.core.main.TestSuiteExecutor.accessTestSuiteMainPhase(TestSuiteExecutor.java:112)
	at com.kms.katalon.core.main.TestSuiteExecutor.execute(TestSuiteExecutor.java:81)
	at com.kms.katalon.core.main.TestCaseMain.startTestSuite(TestCaseMain.java:149)
	at com.kms.katalon.core.main.TestCaseMain$startTestSuite$0.call(Unknown Source)
	at TempTestSuite1577970029273.run(TempTestSuite1577970029273.groovy:36)
"/>
         <system-out><![CDATA[2020-01-02 08:10:10 - [TEST_CASE][FAILED] - Test Cases/AHI/stm/Aspen: Test Cases/AHI/stm/Aspen FAILED.
Reason:
com.kms.katalon.core.exception.StepFailedException: Unable to clear text of object 'Object Repository/mobileSanity/STM/Page_App Page 3/input__credit-card-cvv' (Root cause: com.kms.katalon.core.webui.exception.WebElementNotFoundException: Web element with id: 'Object Repository/mobileSanity/STM/Page_App Page 3/input__credit-card-cvv' located by 'By.xpath: //*[@id = 'credit-card-cvv']' not found)
	at com.kms.katalon.core.keyword.internal.KeywordMain.stepFailed(KeywordMain.groovy:36)
	at com.kms.katalon.core.webui.keyword.internal.WebUIKeywordMain.stepFailed(WebUIKeywordMain.groovy:65)
	at com.kms.katalon.core.webui.keyword.internal.WebUIKeywordMain.runKeyword(WebUIKeywordMain.groovy:43)
	at com.kms.katalon.core.webui.keyword.builtin.ClearTextKeyword.clearText(ClearTextKeyword.groovy:61)
	at com.kms.katalon.core.webui.keyword.builtin.ClearTextKeyword.execute(ClearTextKeyword.groovy:34)
	at com.kms.katalon.core.keyword.internal.KeywordExecutor.executeKeywordForPlatform(KeywordExecutor.groovy:53)
	at com.kms.katalon.core.webui.keyword.WebUiBuiltInKeywords.clearText(WebUiBuiltInKeywords.groovy:3817)
	at com.kms.katalon.core.webui.keyword.WebUiBuiltInKeywords$clearText$9.call(Unknown Source)
	at goToEnd_stm_autofill.run(goToEnd_stm_autofill:71)
	at com.kms.katalon.core.main.ScriptEngine.run(ScriptEngine.java:194)
	at com.kms.katalon.core.main.ScriptEngine.runScriptAsRawText(ScriptEngine.java:119)
	at com.kms.katalon.core.main.TestCaseExecutor.runScript(TestCaseExecutor.java:328)
	at com.kms.katalon.core.main.TestCaseExecutor.doExecute(TestCaseExecutor.java:319)
	at com.kms.katalon.core.main.TestCaseExecutor.processExecutionPhase(TestCaseExecutor.java:298)
	at com.kms.katalon.core.main.TestCaseExecutor.accessMainPhase(TestCaseExecutor.java:290)
	at com.kms.katalon.core.main.TestCaseExecutor.execute(TestCaseExecutor.java:224)
	at com.kms.katalon.core.main.TestCaseMain.runTestCase(TestCaseMain.java:106)
	at com.kms.katalon.core.keyword.builtin.CallTestCaseKeyword$_callTestCase_closure1.doCall(CallTestCaseKeyword.groovy:59)
	at com.kms.katalon.core.keyword.builtin.CallTestCaseKeyword$_callTestCase_closure1.call(CallTestCaseKeyword.groovy)
	at com.kms.katalon.core.keyword.internal.KeywordMain.runKeyword(KeywordMain.groovy:54)
	at com.kms.katalon.core.keyword.builtin.CallTestCaseKeyword.callTestCase(CallTestCaseKeyword.groovy:80)
	at com.kms.katalon.core.keyword.builtin.CallTestCaseKeyword.execute(CallTestCaseKeyword.groovy:44)
	at com.kms.katalon.core.keyword.internal.KeywordExecutor.executeKeywordForPlatform(KeywordExecutor.groovy:53)
	at com.kms.katalon.core.keyword.BuiltinKeywords.callTestCase(BuiltinKeywords.groovy:334)
	at Aspen.run(Aspen:31)
	at com.kms.katalon.core.main.ScriptEngine.run(ScriptEngine.java:194)
	at com.kms.katalon.core.main.ScriptEngine.runScriptAsRawText(ScriptEngine.java:119)
	at com.kms.katalon.core.main.TestCaseExecutor.runScript(TestCaseExecutor.java:328)
	at com.kms.katalon.core.main.TestCaseExecutor.doExecute(TestCaseExecutor.java:319)
	at com.kms.katalon.core.main.TestCaseExecutor.processExecutionPhase(TestCaseExecutor.java:298)
	at com.kms.katalon.core.main.TestCaseExecutor.accessMainPhase(TestCaseExecutor.java:290)
	at com.kms.katalon.core.main.TestCaseExecutor.execute(TestCaseExecutor.java:224)
	at com.kms.katalon.core.main.TestSuiteExecutor.accessTestCaseMainPhase(TestSuiteExecutor.java:129)
	at com.kms.katalon.core.main.TestSuiteExecutor.accessTestSuiteMainPhase(TestSuiteExecutor.java:112)
	at com.kms.katalon.core.main.TestSuiteExecutor.execute(TestSuiteExecutor.java:81)
	at com.kms.katalon.core.main.TestCaseMain.startTestSuite(TestCaseMain.java:149)
	at com.kms.katalon.core.main.TestCaseMain$startTestSuite$0.call(Unknown Source)
	at TempTestSuite1577970029273.run(TempTestSuite1577970029273.groovy:36)


2020-01-02 08:10:10 - [TEST_STEP][PASSED] - callTestCase(findTestCase("AHI/_include/get_screenPath"), ["productLine":"stm", "carrierName":"Aspen"], CONTINUE_ON_FAILURE): Call Test Case 'Test Cases/AHI/_include/get_screenPath' successfully

2020-01-02 08:10:10 - [TEST_CASE][PASSED] - Test Cases/AHI/_include/get_screenPath: Test Cases/AHI/_include/get_screenPath

2020-01-02 08:10:10 - [TEST_STEP][PASSED] - m = getExecutionProperties(): null

2020-01-02 08:10:10 - [TEST_STEP][PASSED] - deviceName = get("mobileEmulation").get("deviceName"): null

2020-01-02 08:10:10 - [TEST_STEP][PASSED] - println(deviceName): null

2020-01-02 08:10:10 - [TEST_STEP][PASSED] - now = new java.util.Date(): null

2020-01-02 08:10:10 - [TEST_STEP][PASSED] - mydate = now.format("yyyyMMdd_HHmmss"): null

2020-01-02 08:10:10 - [TEST_STEP][PASSED] - screenPath = "../Screenshots/": null

2020-01-02 08:10:10 - [TEST_STEP][PASSED] - screenPath = screenPath + deviceName + "/" + productLine + "/" + carrierName + "/" + mydate + "/": null

2020-01-02 08:10:10 - [TEST_STEP][PASSED] - println(screenPath): null

2020-01-02 08:10:10 - [MESSAGE][PASSED] - Call Test Case 'Test Cases/AHI/_include/get_screenPath' successfully

2020-01-02 08:10:10 - [TEST_STEP][PASSED] - i = 0: null

2020-01-02 08:10:10 - [TEST_STEP][PASSED] - callTestCase(findTestCase("AHI/_include/openWebSite"), [:], STOP_ON_FAILURE): Call Test Case 'Test Cases/AHI/_include/openWebSite' successfully

2020-01-02 08:10:10 - [TEST_CASE][PASSED] - Test Cases/AHI/_include/openWebSite: Test Cases/AHI/_include/openWebSite

2020-01-02 08:10:10 - [TEST_STEP][PASSED] - openBrowser(env): Browser is opened with url: 'https://praetemptatus.agilehealthinsurance.com'

2020-01-02 08:10:10 - [MESSAGE][WARNING] - A browser is already opened. Closing browser and opening a new one

2020-01-02 08:10:11 - [MESSAGE][INFO] - Starting 'Chrome' driver

2020-01-02 08:10:11 - [MESSAGE][INFO] - User set preference: ['mobileEmulation', '{deviceName=iPhone 6}']

2020-01-02 08:10:11 - [MESSAGE][INFO] - User set preference: ['args', '[--incognito, --aggressive-cache-discard, --window-size=375,677, --no-sandbox]']

2020-01-02 08:10:15 - [MESSAGE][PASSED] - Browser is opened with url: 'https://praetemptatus.agilehealthinsurance.com'

2020-01-02 08:10:15 - [TEST_STEP][PASSED] - waitForPageLoad(20): Wait for page load successfully

2020-01-02 08:10:15 - [MESSAGE][PASSED] - Wait for page load successfully

2020-01-02 08:10:15 - [TEST_STEP][PASSED] - callTestCase(findTestCase("AHI/_include/get_screenshot"), [:], STOP_ON_FAILURE): Call Test Case 'Test Cases/AHI/_include/get_screenshot' successfully

2020-01-02 08:10:16 - [TEST_CASE][PASSED] - Test Cases/AHI/_include/get_screenshot: Test Cases/AHI/_include/get_screenshot

2020-01-02 08:10:16 - [TEST_STEP][PASSED] - takeScreenshot(screenPath + i + ".png"): Taking screenshot successfully

2020-01-02 08:10:17 - [MESSAGE][PASSED] - Taking screenshot successfully
[[ATTACHMENT|D:\\Test\\AgileTest\\Reports\\AHI\\stm\\20200102_080029\\../Screenshots/iPhone 6/stm/Aspen/20200102_081010/0.png]]

2020-01-02 08:10:17 - [TEST_STEP][PASSED] - (internal.GlobalVariable.i++): null

2020-01-02 08:10:17 - [MESSAGE][PASSED] - Call Test Case 'Test Cases/AHI/_include/get_screenshot' successfully

2020-01-02 08:10:17 - [MESSAGE][PASSED] - Call Test Case 'Test Cases/AHI/_include/openWebSite' successfully

2020-01-02 08:10:17 - [TEST_STEP][PASSED] - callTestCase(findTestCase("AHI/_include/census_stm"), ["zipcode":"60602"], STOP_ON_FAILURE): Call Test Case 'Test Cases/AHI/_include/census_stm' successfully

2020-01-02 08:10:17 - [TEST_CASE][PASSED] - Test Cases/AHI/_include/census_stm: Test Cases/AHI/_include/census_stm

2020-01-02 08:10:17 - [TEST_STEP][PASSED] - waitForElementClickable(findTestObject("mobileSanity/STM/Home Page/a_Quote  Save Today"), 10): Object 'Object Repository/mobileSanity/STM/Home Page/a_Quote  Save Today' is clickable

2020-01-02 08:10:17 - [MESSAGE][PASSED] - Object 'Object Repository/mobileSanity/STM/Home Page/a_Quote  Save Today' is clickable

2020-01-02 08:10:17 - [TEST_STEP][PASSED] - click(findTestObject("mobileSanity/STM/Home Page/a_Quote  Save Today")): Object: 'Object Repository/mobileSanity/STM/Home Page/a_Quote  Save Today' is clicked on

2020-01-02 08:10:18 - [MESSAGE][PASSED] - Object: 'Object Repository/mobileSanity/STM/Home Page/a_Quote  Save Today' is clicked on

2020-01-02 08:10:18 - [TEST_STEP][PASSED] - waitForPageLoad(10): Wait for page load successfully

2020-01-02 08:10:18 - [MESSAGE][PASSED] - Wait for page load successfully

2020-01-02 08:10:18 - [TEST_STEP][PASSED] - callTestCase(findTestCase("AHI/_include/get_screenshot"), [:], STOP_ON_FAILURE): Call Test Case 'Test Cases/AHI/_include/get_screenshot' successfully

2020-01-02 08:10:18 - [TEST_CASE][PASSED] - Test Cases/AHI/_include/get_screenshot: Test Cases/AHI/_include/get_screenshot

2020-01-02 08:10:18 - [TEST_STEP][PASSED] - takeScreenshot(screenPath + i + ".png"): Taking screenshot successfully

2020-01-02 08:10:20 - [MESSAGE][PASSED] - Taking screenshot successfully
[[ATTACHMENT|D:\\Test\\AgileTest\\Reports\\AHI\\stm\\20200102_080029\\../Screenshots/iPhone 6/stm/Aspen/20200102_081010/1.png]]

2020-01-02 08:10:20 - [TEST_STEP][PASSED] - (internal.GlobalVariable.i++): null

2020-01-02 08:10:20 - [MESSAGE][PASSED] - Call Test Case 'Test Cases/AHI/_include/get_screenshot' successfully

2020-01-02 08:10:20 - [TEST_STEP][PASSED] - setText(findTestObject("mobileSanity/STM/STM Census Page/input_Location_zip-input"), zipcode): Text '60602' is set on object 'Object Repository/mobileSanity/STM/STM Census Page/input_Location_zip-input'

2020-01-02 08:10:20 - [MESSAGE][PASSED] - Text '60602' is set on object 'Object Repository/mobileSanity/STM/STM Census Page/input_Location_zip-input'

2020-01-02 08:10:20 - [TEST_STEP][PASSED] - Thread.sleep(500): null

2020-01-02 08:10:20 - [TEST_STEP][PASSED] - setText(findTestObject("mobileSanity/STM/STM Census Page/input_Date of Birth_dob-0"), "03031987"): Text '03031987' is set on object 'Object Repository/mobileSanity/STM/STM Census Page/input_Date of Birth_dob-0'

2020-01-02 08:10:20 - [MESSAGE][PASSED] - Text '03031987' is set on object 'Object Repository/mobileSanity/STM/STM Census Page/input_Date of Birth_dob-0'

2020-01-02 08:10:20 - [TEST_STEP][PASSED] - click(findTestObject("mobileSanity/STM/STM Census Page/label_Male")): Object: 'Object Repository/mobileSanity/STM/STM Census Page/label_Male' is clicked on

2020-01-02 08:10:21 - [MESSAGE][PASSED] - Object: 'Object Repository/mobileSanity/STM/STM Census Page/label_Male' is clicked on

2020-01-02 08:10:21 - [TEST_STEP][PASSED] - click(findTestObject("mobileSanity/STM/STM Census Page/label_Compare Plans")): Object: 'Object Repository/mobileSanity/STM/STM Census Page/label_Compare Plans' is clicked on

2020-01-02 08:10:22 - [MESSAGE][PASSED] - Object: 'Object Repository/mobileSanity/STM/STM Census Page/label_Compare Plans' is clicked on

2020-01-02 08:10:22 - [TEST_STEP][PASSED] - waitForElementVisible(findTestObject("mobileSanity/STM/STM Quote Page/button_sort"), 20): Object 'Object Repository/mobileSanity/STM/STM Quote Page/button_sort' is visible

2020-01-02 08:10:23 - [MESSAGE][PASSED] - Object 'Object Repository/mobileSanity/STM/STM Quote Page/button_sort' is visible

2020-01-02 08:10:23 - [TEST_STEP][PASSED] - Thread.sleep(3000): null

2020-01-02 08:10:26 - [TEST_STEP][PASSED] - callTestCase(findTestCase("AHI/_include/check_quoteleadform"), [:], STOP_ON_FAILURE): Call Test Case 'Test Cases/AHI/_include/check_quoteleadform' successfully

2020-01-02 08:10:26 - [TEST_CASE][PASSED] - Test Cases/AHI/_include/check_quoteleadform: Test Cases/AHI/_include/check_quoteleadform

2020-01-02 08:10:26 - [TEST_STEP][PASSED] - callTestCase(findTestCase("AHI/_include/name"), [:], CONTINUE_ON_FAILURE): Call Test Case 'Test Cases/AHI/_include/name' successfully

2020-01-02 08:10:26 - [TEST_CASE][PASSED] - Test Cases/AHI/_include/name: Test Cases/AHI/_include/name

2020-01-02 08:10:26 - [TEST_STEP][PASSED] - driver = getWebDriver(): null

2020-01-02 08:10:26 - [TEST_STEP][PASSED] - selenium = new com.thoughtworks.selenium.webdriven.WebDriverBackedSelenium(driver, internal.GlobalVariable.ENV): null

2020-01-02 08:10:26 - [TEST_STEP][PASSED] - FirstName = "Test-123": null

2020-01-02 08:10:26 - [TEST_STEP][PASSED] - LastName = selenium.getEval("{var x="ABCDEFGHIJKLMNOPQRSTUVWXYZabcdefghijklmnopqrstuvwxyz"; var tmp="ZZ11-"; for (i=0;i<8;i++) tmp+=x.charAt(Math.ceil(51*Math.random()));tmp;}"): null

2020-01-02 08:10:26 - [TEST_STEP][PASSED] - Address = selenium.getEval("{var x="ABCDEFGHIJKLMNOPQRSTUVWXYZabcdefghijklmnopqrstuvwxyz"; var tmp=""; for (i=0;i<8;i++) tmp+=x.charAt(Math.ceil(51*Math.random()));tmp;}"): null

2020-01-02 08:10:26 - [TEST_STEP][PASSED] - City = selenium.getEval("{var x="ABCDEFGHIJKLMNOPQRSTUVWXYZabcdefghijklmnopqrstuvwxyz"; var tmp=""; for (i=0;i<8;i++) tmp+=x.charAt(Math.ceil(51*Math.random()));tmp;}"): null

2020-01-02 08:10:26 - [TEST_STEP][PASSED] - tel1 = selenium.getEval("{var x="123456789"; var tmp=""; for (i=0;i<3;i++) tmp+=x.charAt(Math.ceil(8*Math.random()));tmp;}"): null

2020-01-02 08:10:26 - [TEST_STEP][PASSED] - tel2 = selenium.getEval("{var x="123456789"; var tmp=""; for (i=0;i<3;i++) tmp+=x.charAt(Math.ceil(8*Math.random()));tmp;}"): null

2020-01-02 08:10:26 - [TEST_STEP][PASSED] - tel3 = selenium.getEval("{var x="123456789"; var tmp=""; for (i=0;i<4;i++) tmp+=x.charAt(Math.ceil(8*Math.random()));tmp;}"): null

2020-01-02 08:10:26 - [TEST_STEP][PASSED] - Tel = selenium.getExpression(tel1 + "-" + tel2 + "-" + tel3): null

2020-01-02 08:10:26 - [TEST_STEP][PASSED] - AutoEmail = selenium.getEval("{var x="ABCDEFGHIJKLMNOPQRSTUVWXYZabcdefghijklmnopqrstuvwxyz"; var tmp="test."; for (i=0;i<8;i++) tmp+=x.charAt(Math.ceil(51*Math.random()));tmp+="@suryani.cn";}"): null

2020-01-02 08:10:26 - [TEST_STEP][PASSED] - FirstName = FirstName: null

2020-01-02 08:10:26 - [TEST_STEP][PASSED] - LastName = LastName: null

2020-01-02 08:10:26 - [TEST_STEP][PASSED] - Address = Address: null

2020-01-02 08:10:26 - [TEST_STEP][PASSED] - City = City: null

2020-01-02 08:10:26 - [TEST_STEP][PASSED] - Tel = Tel: null

2020-01-02 08:10:26 - [TEST_STEP][PASSED] - AutoEmail = AutoEmail: null

2020-01-02 08:10:26 - [TEST_STEP][PASSED] - println(FirstName): null

2020-01-02 08:10:26 - [TEST_STEP][PASSED] - println(LastName): null

2020-01-02 08:10:26 - [TEST_STEP][PASSED] - println(Address): null

2020-01-02 08:10:26 - [TEST_STEP][PASSED] - println(City): null

2020-01-02 08:10:26 - [TEST_STEP][PASSED] - println(Tel): null

2020-01-02 08:10:26 - [TEST_STEP][PASSED] - println(AutoEmail): null

2020-01-02 08:10:26 - [MESSAGE][PASSED] - Call Test Case 'Test Cases/AHI/_include/name' successfully

2020-01-02 08:10:26 - [TEST_STEP][PASSED] - leadform_exist = test.MobileKeywords.isElementPresent_Web(findTestObject("mobileSanity/quote lead form/lead_form"), 20): test.MobileKeywords.isElementPresent_Web is PASSED

2020-01-02 08:10:26 - [MESSAGE][PASSED] - test.MobileKeywords.isElementPresent_Web is PASSED

2020-01-02 08:10:26 - [TEST_STEP][PASSED] - if (leadform_exist): null

2020-01-02 08:10:26 - [TEST_STEP][PASSED] - setText(findTestObject("mobileSanity/quote lead form/first"), FirstName): Text 'Test-123' is set on object 'Object Repository/mobileSanity/quote lead form/first'

2020-01-02 08:10:27 - [MESSAGE][PASSED] - Text 'Test-123' is set on object 'Object Repository/mobileSanity/quote lead form/first'

2020-01-02 08:10:27 - [TEST_STEP][PASSED] - setText(findTestObject("mobileSanity/quote lead form/last"), LastName): Text 'ZZ11-ZtuwWfDn' is set on object 'Object Repository/mobileSanity/quote lead form/last'

2020-01-02 08:10:27 - [MESSAGE][PASSED] - Text 'ZZ11-ZtuwWfDn' is set on object 'Object Repository/mobileSanity/quote lead form/last'

2020-01-02 08:10:27 - [TEST_STEP][PASSED] - setText(findTestObject("mobileSanity/quote lead form/email"), AutoEmail): Text 'test.VCSgCEjR@suryani.cn' is set on object 'Object Repository/mobileSanity/quote lead form/email'

2020-01-02 08:10:29 - [MESSAGE][PASSED] - Text 'test.VCSgCEjR@suryani.cn' is set on object 'Object Repository/mobileSanity/quote lead form/email'

2020-01-02 08:10:29 - [TEST_STEP][PASSED] - setText(findTestObject("mobileSanity/quote lead form/phone"), Tel): Text '344-658-9264' is set on object 'Object Repository/mobileSanity/quote lead form/phone'

2020-01-02 08:10:29 - [MESSAGE][PASSED] - Text '344-658-9264' is set on object 'Object Repository/mobileSanity/quote lead form/phone'

2020-01-02 08:10:29 - [TEST_STEP][PASSED] - click(findTestObject("mobileSanity/quote lead form/submit")): Object: 'Object Repository/mobileSanity/quote lead form/submit' is clicked on

2020-01-02 08:10:29 - [MESSAGE][PASSED] - Object: 'Object Repository/mobileSanity/quote lead form/submit' is clicked on

2020-01-02 08:10:29 - [TEST_STEP][PASSED] - Thread.sleep(3000): null

2020-01-02 08:10:32 - [MESSAGE][PASSED] - Call Test Case 'Test Cases/AHI/_include/check_quoteleadform' successfully

2020-01-02 08:10:32 - [TEST_STEP][PASSED] - callTestCase(findTestCase("AHI/_include/get_screenshot"), [:], STOP_ON_FAILURE): Call Test Case 'Test Cases/AHI/_include/get_screenshot' successfully

2020-01-02 08:10:32 - [TEST_CASE][PASSED] - Test Cases/AHI/_include/get_screenshot: Test Cases/AHI/_include/get_screenshot

2020-01-02 08:10:32 - [TEST_STEP][PASSED] - takeScreenshot(screenPath + i + ".png"): Taking screenshot successfully

2020-01-02 08:10:33 - [MESSAGE][PASSED] - Taking screenshot successfully
[[ATTACHMENT|D:\\Test\\AgileTest\\Reports\\AHI\\stm\\20200102_080029\\../Screenshots/iPhone 6/stm/Aspen/20200102_081010/2.png]]

2020-01-02 08:10:33 - [TEST_STEP][PASSED] - (internal.GlobalVariable.i++): null

2020-01-02 08:10:33 - [MESSAGE][PASSED] - Call Test Case 'Test Cases/AHI/_include/get_screenshot' successfully

2020-01-02 08:10:33 - [TEST_STEP][PASSED] - Thread.sleep(1000): null

2020-01-02 08:10:34 - [MESSAGE][PASSED] - Call Test Case 'Test Cases/AHI/_include/census_stm' successfully

2020-01-02 08:10:34 - [TEST_STEP][PASSED] - callTestCase(findTestCase("AHI/_include/filter_stm"), ["carrier":"aspen"], STOP_ON_FAILURE): Call Test Case 'Test Cases/AHI/_include/filter_stm' successfully

2020-01-02 08:10:34 - [TEST_CASE][PASSED] - Test Cases/AHI/_include/filter_stm: Test Cases/AHI/_include/filter_stm

2020-01-02 08:10:34 - [TEST_STEP][PASSED] - driver = getWebDriver(): null

2020-01-02 08:10:34 - [TEST_STEP][PASSED] - selenium = new com.thoughtworks.selenium.webdriven.WebDriverBackedSelenium(driver, internal.GlobalVariable.ENV): null

2020-01-02 08:10:34 - [TEST_STEP][PASSED] - Thread.sleep(1000): null

2020-01-02 08:10:35 - [TEST_STEP][PASSED] - click(findTestObject("mobileSanity/STM/STM Quote Page/button_filters")): Object: 'Object Repository/mobileSanity/STM/STM Quote Page/button_filters' is clicked on

2020-01-02 08:10:35 - [MESSAGE][PASSED] - Object: 'Object Repository/mobileSanity/STM/STM Quote Page/button_filters' is clicked on

2020-01-02 08:10:35 - [TEST_STEP][PASSED] - Thread.sleep(1000): null

2020-01-02 08:10:36 - [TEST_STEP][PASSED] - click(findTestObject("mobileSanity/STM/STM Quote Page/i_Insurance company")): Object: 'Object Repository/mobileSanity/STM/STM Quote Page/i_Insurance company' is clicked on

2020-01-02 08:10:37 - [MESSAGE][PASSED] - Object: 'Object Repository/mobileSanity/STM/STM Quote Page/i_Insurance company' is clicked on

2020-01-02 08:10:37 - [TEST_STEP][PASSED] - Thread.sleep(1000): null

2020-01-02 08:10:38 - [TEST_STEP][PASSED] - filter_carrier = "//input[@name='filter[carrier]' and @value='" + carrier + "']/following::label": null

2020-01-02 08:10:38 - [TEST_STEP][PASSED] - println(filter_carrier): null

2020-01-02 08:10:38 - [TEST_STEP][PASSED] - test.MobileKeywords.clickJS_ByXpath(filter_carrier): test.MobileKeywords.clickJS_ByXpath is PASSED

2020-01-02 08:10:38 - [MESSAGE][PASSED] - Execute JavaScript 'arguments[0].click()' successfully

2020-01-02 08:10:38 - [MESSAGE][PASSED] - test.MobileKeywords.clickJS_ByXpath is PASSED

2020-01-02 08:10:38 - [TEST_STEP][PASSED] - click(findTestObject("mobileSanity/STM/STM Quote Page/js-close c-link-button")): Object: 'Object Repository/mobileSanity/STM/STM Quote Page/js-close c-link-button' is clicked on

2020-01-02 08:10:38 - [MESSAGE][PASSED] - Object: 'Object Repository/mobileSanity/STM/STM Quote Page/js-close c-link-button' is clicked on

2020-01-02 08:10:38 - [TEST_STEP][PASSED] - Thread.sleep(2000): null

2020-01-02 08:10:40 - [TEST_STEP][PASSED] - callTestCase(findTestCase("AHI/_include/get_screenshot"), [:], STOP_ON_FAILURE): Call Test Case 'Test Cases/AHI/_include/get_screenshot' successfully

2020-01-02 08:10:40 - [TEST_CASE][PASSED] - Test Cases/AHI/_include/get_screenshot: Test Cases/AHI/_include/get_screenshot

2020-01-02 08:10:40 - [TEST_STEP][PASSED] - takeScreenshot(screenPath + i + ".png"): Taking screenshot successfully

2020-01-02 08:10:40 - [MESSAGE][PASSED] - Taking screenshot successfully
[[ATTACHMENT|D:\\Test\\AgileTest\\Reports\\AHI\\stm\\20200102_080029\\../Screenshots/iPhone 6/stm/Aspen/20200102_081010/3.png]]

2020-01-02 08:10:40 - [TEST_STEP][PASSED] - (internal.GlobalVariable.i++): null

2020-01-02 08:10:40 - [MESSAGE][PASSED] - Call Test Case 'Test Cases/AHI/_include/get_screenshot' successfully

2020-01-02 08:10:40 - [MESSAGE][PASSED] - Call Test Case 'Test Cases/AHI/_include/filter_stm' successfully

2020-01-02 08:10:40 - [TEST_STEP][PASSED] - callTestCase(findTestCase("AHI/_include/goToDetail_stm"), ["carrier":"aspen"], STOP_ON_FAILURE): Call Test Case 'Test Cases/AHI/_include/goToDetail_stm' successfully

2020-01-02 08:10:40 - [TEST_CASE][PASSED] - Test Cases/AHI/_include/goToDetail_stm: Test Cases/AHI/_include/goToDetail_stm

2020-01-02 08:10:40 - [TEST_STEP][PASSED] - driver = getWebDriver(): null

2020-01-02 08:10:40 - [TEST_STEP][PASSED] - selenium = new com.thoughtworks.selenium.webdriven.WebDriverBackedSelenium(driver, internal.GlobalVariable.ENV): null

2020-01-02 08:10:40 - [TEST_STEP][PASSED] - a_plan_name = "xpath=//a[contains(@href,'/term-health-insurance/plan/" + carrier + "')]": null

2020-01-02 08:10:40 - [TEST_STEP][PASSED] - println(a_plan_name): null

2020-01-02 08:10:40 - [TEST_STEP][PASSED] - selenium.click(a_plan_name): null

2020-01-02 08:10:42 - [TEST_STEP][PASSED] - waitForPageLoad(20): Wait for page load successfully

2020-01-02 08:10:42 - [MESSAGE][PASSED] - Wait for page load successfully

2020-01-02 08:10:42 - [TEST_STEP][PASSED] - Thread.sleep(2000): null

2020-01-02 08:10:44 - [TEST_STEP][PASSED] - callTestCase(findTestCase("AHI/_include/get_screenshot"), [:], STOP_ON_FAILURE): Call Test Case 'Test Cases/AHI/_include/get_screenshot' successfully

2020-01-02 08:10:44 - [TEST_CASE][PASSED] - Test Cases/AHI/_include/get_screenshot: Test Cases/AHI/_include/get_screenshot

2020-01-02 08:10:44 - [TEST_STEP][PASSED] - takeScreenshot(screenPath + i + ".png"): Taking screenshot successfully

2020-01-02 08:10:44 - [MESSAGE][PASSED] - Taking screenshot successfully
[[ATTACHMENT|D:\\Test\\AgileTest\\Reports\\AHI\\stm\\20200102_080029\\../Screenshots/iPhone 6/stm/Aspen/20200102_081010/4.png]]

2020-01-02 08:10:44 - [TEST_STEP][PASSED] - (internal.GlobalVariable.i++): null

2020-01-02 08:10:44 - [MESSAGE][PASSED] - Call Test Case 'Test Cases/AHI/_include/get_screenshot' successfully

2020-01-02 08:10:44 - [MESSAGE][PASSED] - Call Test Case 'Test Cases/AHI/_include/goToDetail_stm' successfully

2020-01-02 08:10:44 - [TEST_STEP][PASSED] - callTestCase(findTestCase("AHI/_include/apply_stm"), [:], STOP_ON_FAILURE): Call Test Case 'Test Cases/AHI/_include/apply_stm' successfully

2020-01-02 08:10:45 - [TEST_CASE][PASSED] - Test Cases/AHI/_include/apply_stm: Test Cases/AHI/_include/apply_stm

2020-01-02 08:10:45 - [TEST_STEP][PASSED] - waitForElementVisible(findTestObject("mobileSanity/STM/STM PlanDetail Page/a_Apply for This Plan"), 5): Object 'Object Repository/mobileSanity/STM/STM PlanDetail Page/a_Apply for This Plan' is visible

2020-01-02 08:10:45 - [MESSAGE][PASSED] - Object 'Object Repository/mobileSanity/STM/STM PlanDetail Page/a_Apply for This Plan' is visible

2020-01-02 08:10:45 - [TEST_STEP][PASSED] - click(findTestObject("mobileSanity/STM/STM PlanDetail Page/a_Apply for This Plan")): Object: 'Object Repository/mobileSanity/STM/STM PlanDetail Page/a_Apply for This Plan' is clicked on

2020-01-02 08:10:45 - [MESSAGE][PASSED] - Object: 'Object Repository/mobileSanity/STM/STM PlanDetail Page/a_Apply for This Plan' is clicked on

2020-01-02 08:10:45 - [TEST_STEP][PASSED] - waitForPageLoad(10): Wait for page load successfully

2020-01-02 08:10:45 - [MESSAGE][PASSED] - Wait for page load successfully

2020-01-02 08:10:45 - [TEST_STEP][PASSED] - Thread.sleep(2000): null

2020-01-02 08:10:47 - [TEST_STEP][PASSED] - callTestCase(findTestCase("AHI/_include/get_screenshot"), [:], STOP_ON_FAILURE): Call Test Case 'Test Cases/AHI/_include/get_screenshot' successfully

2020-01-02 08:10:47 - [TEST_CASE][PASSED] - Test Cases/AHI/_include/get_screenshot: Test Cases/AHI/_include/get_screenshot

2020-01-02 08:10:47 - [TEST_STEP][PASSED] - takeScreenshot(screenPath + i + ".png"): Taking screenshot successfully

2020-01-02 08:10:47 - [MESSAGE][PASSED] - Taking screenshot successfully
[[ATTACHMENT|D:\\Test\\AgileTest\\Reports\\AHI\\stm\\20200102_080029\\../Screenshots/iPhone 6/stm/Aspen/20200102_081010/5.png]]

2020-01-02 08:10:47 - [TEST_STEP][PASSED] - (internal.GlobalVariable.i++): null

2020-01-02 08:10:47 - [MESSAGE][PASSED] - Call Test Case 'Test Cases/AHI/_include/get_screenshot' successfully

2020-01-02 08:10:47 - [TEST_STEP][PASSED] - waitForElementVisible(findTestObject("mobileSanity/STM/STM Apply Page/a_Start Secure Application"), 5): Object 'Object Repository/mobileSanity/STM/STM Apply Page/a_Start Secure Application' is visible

2020-01-02 08:10:48 - [MESSAGE][PASSED] - Object 'Object Repository/mobileSanity/STM/STM Apply Page/a_Start Secure Application' is visible

2020-01-02 08:10:48 - [TEST_STEP][PASSED] - click(findTestObject("mobileSanity/STM/STM Apply Page/a_Start Secure Application")): Object: 'Object Repository/mobileSanity/STM/STM Apply Page/a_Start Secure Application' is clicked on

2020-01-02 08:10:48 - [MESSAGE][PASSED] - Object: 'Object Repository/mobileSanity/STM/STM Apply Page/a_Start Secure Application' is clicked on

2020-01-02 08:10:48 - [TEST_STEP][PASSED] - waitForPageLoad(20): Wait for page load successfully

2020-01-02 08:10:48 - [MESSAGE][PASSED] - Wait for page load successfully

2020-01-02 08:10:48 - [TEST_STEP][PASSED] - Thread.sleep(2000): null

2020-01-02 08:10:50 - [TEST_STEP][PASSED] - callTestCase(findTestCase("AHI/_include/get_screenshot"), [:], STOP_ON_FAILURE): Call Test Case 'Test Cases/AHI/_include/get_screenshot' successfully

2020-01-02 08:10:50 - [TEST_CASE][PASSED] - Test Cases/AHI/_include/get_screenshot: Test Cases/AHI/_include/get_screenshot

2020-01-02 08:10:50 - [TEST_STEP][PASSED] - takeScreenshot(screenPath + i + ".png"): Taking screenshot successfully

2020-01-02 08:10:51 - [MESSAGE][PASSED] - Taking screenshot successfully
[[ATTACHMENT|D:\\Test\\AgileTest\\Reports\\AHI\\stm\\20200102_080029\\../Screenshots/iPhone 6/stm/Aspen/20200102_081010/6.png]]

2020-01-02 08:10:51 - [TEST_STEP][PASSED] - (internal.GlobalVariable.i++): null

2020-01-02 08:10:51 - [MESSAGE][PASSED] - Call Test Case 'Test Cases/AHI/_include/get_screenshot' successfully

2020-01-02 08:10:51 - [MESSAGE][PASSED] - Call Test Case 'Test Cases/AHI/_include/apply_stm' successfully

2020-01-02 08:10:51 - [TEST_STEP][FAILED] - callTestCase(findTestCase("AHI/_include/goToEnd_stm_autofill"), [:], STOP_ON_FAILURE): callTestCase(findTestCase("AHI/_include/goToEnd_stm_autofill"), [:], STOP_ON_FAILURE) FAILED.
Reason:
com.kms.katalon.core.exception.StepFailedException: Unable to clear text of object 'Object Repository/mobileSanity/STM/Page_App Page 3/input__credit-card-cvv' (Root cause: com.kms.katalon.core.webui.exception.WebElementNotFoundException: Web element with id: 'Object Repository/mobileSanity/STM/Page_App Page 3/input__credit-card-cvv' located by 'By.xpath: //*[@id = 'credit-card-cvv']' not found)
	at com.kms.katalon.core.keyword.internal.KeywordMain.stepFailed(KeywordMain.groovy:36)
	at com.kms.katalon.core.webui.keyword.internal.WebUIKeywordMain.stepFailed(WebUIKeywordMain.groovy:65)
	at com.kms.katalon.core.webui.keyword.internal.WebUIKeywordMain.runKeyword(WebUIKeywordMain.groovy:43)
	at com.kms.katalon.core.webui.keyword.builtin.ClearTextKeyword.clearText(ClearTextKeyword.groovy:61)
	at com.kms.katalon.core.webui.keyword.builtin.ClearTextKeyword.execute(ClearTextKeyword.groovy:34)
	at com.kms.katalon.core.keyword.internal.KeywordExecutor.executeKeywordForPlatform(KeywordExecutor.groovy:53)
	at com.kms.katalon.core.webui.keyword.WebUiBuiltInKeywords.clearText(WebUiBuiltInKeywords.groovy:3817)
	at com.kms.katalon.core.webui.keyword.WebUiBuiltInKeywords$clearText$9.call(Unknown Source)
	at goToEnd_stm_autofill.run(goToEnd_stm_autofill:71)
	at com.kms.katalon.core.main.ScriptEngine.run(ScriptEngine.java:194)
	at com.kms.katalon.core.main.ScriptEngine.runScriptAsRawText(ScriptEngine.java:119)
	at com.kms.katalon.core.main.TestCaseExecutor.runScript(TestCaseExecutor.java:328)
	at com.kms.katalon.core.main.TestCaseExecutor.doExecute(TestCaseExecutor.java:319)
	at com.kms.katalon.core.main.TestCaseExecutor.processExecutionPhase(TestCaseExecutor.java:298)
	at com.kms.katalon.core.main.TestCaseExecutor.accessMainPhase(TestCaseExecutor.java:290)
	at com.kms.katalon.core.main.TestCaseExecutor.execute(TestCaseExecutor.java:224)
	at com.kms.katalon.core.main.TestCaseMain.runTestCase(TestCaseMain.java:106)
	at com.kms.katalon.core.keyword.builtin.CallTestCaseKeyword$_callTestCase_closure1.doCall(CallTestCaseKeyword.groovy:59)
	at com.kms.katalon.core.keyword.builtin.CallTestCaseKeyword$_callTestCase_closure1.call(CallTestCaseKeyword.groovy)
	at com.kms.katalon.core.keyword.internal.KeywordMain.runKeyword(KeywordMain.groovy:54)
	at com.kms.katalon.core.keyword.builtin.CallTestCaseKeyword.callTestCase(CallTestCaseKeyword.groovy:80)
	at com.kms.katalon.core.keyword.builtin.CallTestCaseKeyword.execute(CallTestCaseKeyword.groovy:44)
	at com.kms.katalon.core.keyword.internal.KeywordExecutor.executeKeywordForPlatform(KeywordExecutor.groovy:53)
	at com.kms.katalon.core.keyword.BuiltinKeywords.callTestCase(BuiltinKeywords.groovy:334)
	at Aspen.run(Aspen:31)
	at com.kms.katalon.core.main.ScriptEngine.run(ScriptEngine.java:194)
	at com.kms.katalon.core.main.ScriptEngine.runScriptAsRawText(ScriptEngine.java:119)
	at com.kms.katalon.core.main.TestCaseExecutor.runScript(TestCaseExecutor.java:328)
	at com.kms.katalon.core.main.TestCaseExecutor.doExecute(TestCaseExecutor.java:319)
	at com.kms.katalon.core.main.TestCaseExecutor.processExecutionPhase(TestCaseExecutor.java:298)
	at com.kms.katalon.core.main.TestCaseExecutor.accessMainPhase(TestCaseExecutor.java:290)
	at com.kms.katalon.core.main.TestCaseExecutor.execute(TestCaseExecutor.java:224)
	at com.kms.katalon.core.main.TestSuiteExecutor.accessTestCaseMainPhase(TestSuiteExecutor.java:129)
	at com.kms.katalon.core.main.TestSuiteExecutor.accessTestSuiteMainPhase(TestSuiteExecutor.java:112)
	at com.kms.katalon.core.main.TestSuiteExecutor.execute(TestSuiteExecutor.java:81)
	at com.kms.katalon.core.main.TestCaseMain.startTestSuite(TestCaseMain.java:149)
	at com.kms.katalon.core.main.TestCaseMain$startTestSuite$0.call(Unknown Source)
	at TempTestSuite1577970029273.run(TempTestSuite1577970029273.groovy:36)


2020-01-02 08:10:51 - [TEST_CASE][FAILED] - Test Cases/AHI/_include/goToEnd_stm_autofill: Test Cases/AHI/_include/goToEnd_stm_autofill FAILED.
Reason:
com.kms.katalon.core.exception.StepFailedException: Unable to clear text of object 'Object Repository/mobileSanity/STM/Page_App Page 3/input__credit-card-cvv' (Root cause: com.kms.katalon.core.webui.exception.WebElementNotFoundException: Web element with id: 'Object Repository/mobileSanity/STM/Page_App Page 3/input__credit-card-cvv' located by 'By.xpath: //*[@id = 'credit-card-cvv']' not found)
	at com.kms.katalon.core.keyword.internal.KeywordMain.stepFailed(KeywordMain.groovy:36)
	at com.kms.katalon.core.webui.keyword.internal.WebUIKeywordMain.stepFailed(WebUIKeywordMain.groovy:65)
	at com.kms.katalon.core.webui.keyword.internal.WebUIKeywordMain.runKeyword(WebUIKeywordMain.groovy:43)
	at com.kms.katalon.core.webui.keyword.builtin.ClearTextKeyword.clearText(ClearTextKeyword.groovy:61)
	at com.kms.katalon.core.webui.keyword.builtin.ClearTextKeyword.execute(ClearTextKeyword.groovy:34)
	at com.kms.katalon.core.keyword.internal.KeywordExecutor.executeKeywordForPlatform(KeywordExecutor.groovy:53)
	at com.kms.katalon.core.webui.keyword.WebUiBuiltInKeywords.clearText(WebUiBuiltInKeywords.groovy:3817)
	at com.kms.katalon.core.webui.keyword.WebUiBuiltInKeywords$clearText$9.call(Unknown Source)
	at goToEnd_stm_autofill.run(goToEnd_stm_autofill:71)
	at com.kms.katalon.core.main.ScriptEngine.run(ScriptEngine.java:194)
	at com.kms.katalon.core.main.ScriptEngine.runScriptAsRawText(ScriptEngine.java:119)
	at com.kms.katalon.core.main.TestCaseExecutor.runScript(TestCaseExecutor.java:328)
	at com.kms.katalon.core.main.TestCaseExecutor.doExecute(TestCaseExecutor.java:319)
	at com.kms.katalon.core.main.TestCaseExecutor.processExecutionPhase(TestCaseExecutor.java:298)
	at com.kms.katalon.core.main.TestCaseExecutor.accessMainPhase(TestCaseExecutor.java:290)
	at com.kms.katalon.core.main.TestCaseExecutor.execute(TestCaseExecutor.java:224)
	at com.kms.katalon.core.main.TestCaseMain.runTestCase(TestCaseMain.java:106)
	at com.kms.katalon.core.keyword.builtin.CallTestCaseKeyword$_callTestCase_closure1.doCall(CallTestCaseKeyword.groovy:59)
	at com.kms.katalon.core.keyword.builtin.CallTestCaseKeyword$_callTestCase_closure1.call(CallTestCaseKeyword.groovy)
	at com.kms.katalon.core.keyword.internal.KeywordMain.runKeyword(KeywordMain.groovy:54)
	at com.kms.katalon.core.keyword.builtin.CallTestCaseKeyword.callTestCase(CallTestCaseKeyword.groovy:80)
	at com.kms.katalon.core.keyword.builtin.CallTestCaseKeyword.execute(CallTestCaseKeyword.groovy:44)
	at com.kms.katalon.core.keyword.internal.KeywordExecutor.executeKeywordForPlatform(KeywordExecutor.groovy:53)
	at com.kms.katalon.core.keyword.BuiltinKeywords.callTestCase(BuiltinKeywords.groovy:334)
	at Aspen.run(Aspen:31)
	at com.kms.katalon.core.main.ScriptEngine.run(ScriptEngine.java:194)
	at com.kms.katalon.core.main.ScriptEngine.runScriptAsRawText(ScriptEngine.java:119)
	at com.kms.katalon.core.main.TestCaseExecutor.runScript(TestCaseExecutor.java:328)
	at com.kms.katalon.core.main.TestCaseExecutor.doExecute(TestCaseExecutor.java:319)
	at com.kms.katalon.core.main.TestCaseExecutor.processExecutionPhase(TestCaseExecutor.java:298)
	at com.kms.katalon.core.main.TestCaseExecutor.accessMainPhase(TestCaseExecutor.java:290)
	at com.kms.katalon.core.main.TestCaseExecutor.execute(TestCaseExecutor.java:224)
	at com.kms.katalon.core.main.TestSuiteExecutor.accessTestCaseMainPhase(TestSuiteExecutor.java:129)
	at com.kms.katalon.core.main.TestSuiteExecutor.accessTestSuiteMainPhase(TestSuiteExecutor.java:112)
	at com.kms.katalon.core.main.TestSuiteExecutor.execute(TestSuiteExecutor.java:81)
	at com.kms.katalon.core.main.TestCaseMain.startTestSuite(TestCaseMain.java:149)
	at com.kms.katalon.core.main.TestCaseMain$startTestSuite$0.call(Unknown Source)
	at TempTestSuite1577970029273.run(TempTestSuite1577970029273.groovy:36)


2020-01-02 08:10:51 - [TEST_STEP][PASSED] - callTestCase(findTestCase("AHI/_include/name"), [:], CONTINUE_ON_FAILURE): Call Test Case 'Test Cases/AHI/_include/name' successfully

2020-01-02 08:10:51 - [TEST_CASE][PASSED] - Test Cases/AHI/_include/name: Test Cases/AHI/_include/name

2020-01-02 08:10:51 - [TEST_STEP][PASSED] - driver = getWebDriver(): null

2020-01-02 08:10:51 - [TEST_STEP][PASSED] - selenium = new com.thoughtworks.selenium.webdriven.WebDriverBackedSelenium(driver, internal.GlobalVariable.ENV): null

2020-01-02 08:10:51 - [TEST_STEP][PASSED] - FirstName = "Test-123": null

2020-01-02 08:10:51 - [TEST_STEP][PASSED] - LastName = selenium.getEval("{var x="ABCDEFGHIJKLMNOPQRSTUVWXYZabcdefghijklmnopqrstuvwxyz"; var tmp="ZZ11-"; for (i=0;i<8;i++) tmp+=x.charAt(Math.ceil(51*Math.random()));tmp;}"): null

2020-01-02 08:10:51 - [TEST_STEP][PASSED] - Address = selenium.getEval("{var x="ABCDEFGHIJKLMNOPQRSTUVWXYZabcdefghijklmnopqrstuvwxyz"; var tmp=""; for (i=0;i<8;i++) tmp+=x.charAt(Math.ceil(51*Math.random()));tmp;}"): null

2020-01-02 08:10:51 - [TEST_STEP][PASSED] - City = selenium.getEval("{var x="ABCDEFGHIJKLMNOPQRSTUVWXYZabcdefghijklmnopqrstuvwxyz"; var tmp=""; for (i=0;i<8;i++) tmp+=x.charAt(Math.ceil(51*Math.random()));tmp;}"): null

2020-01-02 08:10:51 - [TEST_STEP][PASSED] - tel1 = selenium.getEval("{var x="123456789"; var tmp=""; for (i=0;i<3;i++) tmp+=x.charAt(Math.ceil(8*Math.random()));tmp;}"): null

2020-01-02 08:10:51 - [TEST_STEP][PASSED] - tel2 = selenium.getEval("{var x="123456789"; var tmp=""; for (i=0;i<3;i++) tmp+=x.charAt(Math.ceil(8*Math.random()));tmp;}"): null

2020-01-02 08:10:51 - [TEST_STEP][PASSED] - tel3 = selenium.getEval("{var x="123456789"; var tmp=""; for (i=0;i<4;i++) tmp+=x.charAt(Math.ceil(8*Math.random()));tmp;}"): null

2020-01-02 08:10:51 - [TEST_STEP][PASSED] - Tel = selenium.getExpression(tel1 + "-" + tel2 + "-" + tel3): null

2020-01-02 08:10:51 - [TEST_STEP][PASSED] - AutoEmail = selenium.getEval("{var x="ABCDEFGHIJKLMNOPQRSTUVWXYZabcdefghijklmnopqrstuvwxyz"; var tmp="test."; for (i=0;i<8;i++) tmp+=x.charAt(Math.ceil(51*Math.random()));tmp+="@suryani.cn";}"): null

2020-01-02 08:10:51 - [TEST_STEP][PASSED] - FirstName = FirstName: null

2020-01-02 08:10:51 - [TEST_STEP][PASSED] - LastName = LastName: null

2020-01-02 08:10:51 - [TEST_STEP][PASSED] - Address = Address: null

2020-01-02 08:10:51 - [TEST_STEP][PASSED] - City = City: null

2020-01-02 08:10:51 - [TEST_STEP][PASSED] - Tel = Tel: null

2020-01-02 08:10:51 - [TEST_STEP][PASSED] - AutoEmail = AutoEmail: null

2020-01-02 08:10:51 - [TEST_STEP][PASSED] - println(FirstName): null

2020-01-02 08:10:51 - [TEST_STEP][PASSED] - println(LastName): null

2020-01-02 08:10:51 - [TEST_STEP][PASSED] - println(Address): null

2020-01-02 08:10:51 - [TEST_STEP][PASSED] - println(City): null

2020-01-02 08:10:51 - [TEST_STEP][PASSED] - println(Tel): null

2020-01-02 08:10:51 - [TEST_STEP][PASSED] - println(AutoEmail): null

2020-01-02 08:10:51 - [MESSAGE][PASSED] - Call Test Case 'Test Cases/AHI/_include/name' successfully

2020-01-02 08:10:51 - [TEST_STEP][FAILED] - try: Unable to verify text 'Month Duration Acknowledgement' is present  (Root cause: com.kms.katalon.core.exception.StepFailedException: Text 'Month Duration Acknowledgement' is not present on page )

2020-01-02 08:10:51 - [TEST_STEP][FAILED] - if (verifyTextPresent("Month Duration Acknowledgement", false)): Unable to verify text 'Month Duration Acknowledgement' is present  (Root cause: com.kms.katalon.core.exception.StepFailedException: Text 'Month Duration Acknowledgement' is not present on page )

2020-01-02 08:10:51 - [MESSAGE][FAILED] - Text 'Month Duration Acknowledgement' is not present on page 

2020-01-02 08:10:51 - [MESSAGE][FAILED] - Unable to verify text 'Month Duration Acknowledgement' is present  (Root cause: com.kms.katalon.core.exception.StepFailedException: Text 'Month Duration Acknowledgement' is not present on page )
[[ATTACHMENT|D:\\Test\\AgileTest\\Reports\\AHI\\stm\\20200102_080029\\1577970651487.png]]

2020-01-02 08:10:51 - [TEST_STEP][PASSED] - catch (Exception e): null

2020-01-02 08:10:51 - [TEST_STEP][PASSED] - println("no consecutive"): null

2020-01-02 08:10:51 - [TEST_STEP][PASSED] - waitForPageLoad(10): Wait for page load successfully

2020-01-02 08:10:51 - [MESSAGE][PASSED] - Wait for page load successfully

2020-01-02 08:10:51 - [TEST_STEP][PASSED] - Thread.sleep(3000): null

2020-01-02 08:10:54 - [TEST_STEP][PASSED] - waitForElementVisible(findTestObject("mobileSanity/STM/Page_App Page 1/a_Autofill App Info"), 20): Object 'Object Repository/mobileSanity/STM/Page_App Page 1/a_Autofill App Info' is visible

2020-01-02 08:10:54 - [MESSAGE][PASSED] - Object 'Object Repository/mobileSanity/STM/Page_App Page 1/a_Autofill App Info' is visible

2020-01-02 08:10:54 - [TEST_STEP][PASSED] - click(findTestObject("mobileSanity/STM/Page_App Page 1/a_Autofill App Info")): Object: 'Object Repository/mobileSanity/STM/Page_App Page 1/a_Autofill App Info' is clicked on

2020-01-02 08:10:55 - [MESSAGE][PASSED] - Object: 'Object Repository/mobileSanity/STM/Page_App Page 1/a_Autofill App Info' is clicked on

2020-01-02 08:10:55 - [TEST_STEP][PASSED] - Thread.sleep(1000): null

2020-01-02 08:10:56 - [TEST_STEP][PASSED] - click(findTestObject("mobileSanity/STM/Page_App Page 1/a_Autofill App Info")): Object: 'Object Repository/mobileSanity/STM/Page_App Page 1/a_Autofill App Info' is clicked on

2020-01-02 08:10:56 - [MESSAGE][PASSED] - Object: 'Object Repository/mobileSanity/STM/Page_App Page 1/a_Autofill App Info' is clicked on

2020-01-02 08:10:56 - [TEST_STEP][PASSED] - Thread.sleep(1000): null

2020-01-02 08:10:57 - [TEST_STEP][PASSED] - waitForElementVisible(findTestObject("mobileSanity/STM/Page_App Page 1/a_Continue"), 20): Object 'Object Repository/mobileSanity/STM/Page_App Page 1/a_Continue' is visible

2020-01-02 08:10:57 - [MESSAGE][PASSED] - Object 'Object Repository/mobileSanity/STM/Page_App Page 1/a_Continue' is visible

2020-01-02 08:10:57 - [TEST_STEP][PASSED] - click(findTestObject("mobileSanity/STM/Page_App Page 1/a_Continue")): Object: 'Object Repository/mobileSanity/STM/Page_App Page 1/a_Continue' is clicked on

2020-01-02 08:10:57 - [MESSAGE][PASSED] - Object: 'Object Repository/mobileSanity/STM/Page_App Page 1/a_Continue' is clicked on

2020-01-02 08:10:57 - [TEST_STEP][PASSED] - waitForPageLoad(20): Wait for page load successfully

2020-01-02 08:10:57 - [MESSAGE][PASSED] - Wait for page load successfully

2020-01-02 08:10:57 - [TEST_STEP][PASSED] - Thread.sleep(5000): null

2020-01-02 08:11:02 - [TEST_STEP][PASSED] - callTestCase(findTestCase("AHI/_include/get_screenshot"), [:], STOP_ON_FAILURE): Call Test Case 'Test Cases/AHI/_include/get_screenshot' successfully

2020-01-02 08:11:02 - [TEST_CASE][PASSED] - Test Cases/AHI/_include/get_screenshot: Test Cases/AHI/_include/get_screenshot

2020-01-02 08:11:02 - [TEST_STEP][PASSED] - takeScreenshot(screenPath + i + ".png"): Taking screenshot successfully

2020-01-02 08:11:02 - [MESSAGE][PASSED] - Taking screenshot successfully
[[ATTACHMENT|D:\\Test\\AgileTest\\Reports\\AHI\\stm\\20200102_080029\\../Screenshots/iPhone 6/stm/Aspen/20200102_081010/7.png]]

2020-01-02 08:11:02 - [TEST_STEP][PASSED] - (internal.GlobalVariable.i++): null

2020-01-02 08:11:02 - [MESSAGE][PASSED] - Call Test Case 'Test Cases/AHI/_include/get_screenshot' successfully

2020-01-02 08:11:02 - [TEST_STEP][PASSED] - click(findTestObject("mobileSanity/STM/Page_App Page 2/a_Continue to Step 3 - Payment")): Object: 'Object Repository/mobileSanity/STM/Page_App Page 2/a_Continue to Step 3 - Payment' is clicked on

2020-01-02 08:11:03 - [MESSAGE][PASSED] - Object: 'Object Repository/mobileSanity/STM/Page_App Page 2/a_Continue to Step 3 - Payment' is clicked on

2020-01-02 08:11:03 - [TEST_STEP][PASSED] - waitForPageLoad(20): Wait for page load successfully

2020-01-02 08:11:03 - [MESSAGE][PASSED] - Wait for page load successfully

2020-01-02 08:11:03 - [TEST_STEP][PASSED] - waitForElementVisible(findTestObject("mobileSanity/STM/Page_App Page 3/input__credit-card-cvv"), 20): Web element with id: 'Object Repository/mobileSanity/STM/Page_App Page 3/input__credit-card-cvv' located by 'By.xpath: //*[@id = 'credit-card-cvv']' not found

2020-01-02 08:11:24 - [MESSAGE][INFO] - Unable to find the element located by 'By.xpath: //*[@id = 'credit-card-cvv']'. Please recheck the objects properties to make sure the desired element is located. 

2020-01-02 08:11:24 - [MESSAGE][WARNING] - Web element with id: 'Object Repository/mobileSanity/STM/Page_App Page 3/input__credit-card-cvv' located by 'By.xpath: //*[@id = 'credit-card-cvv']' not found

2020-01-02 08:11:24 - [TEST_STEP][PASSED] - Thread.sleep(2000): null

2020-01-02 08:11:26 - [TEST_STEP][PASSED] - callTestCase(findTestCase("AHI/_include/get_screenshot"), [:], STOP_ON_FAILURE): Call Test Case 'Test Cases/AHI/_include/get_screenshot' successfully

2020-01-02 08:11:26 - [TEST_CASE][PASSED] - Test Cases/AHI/_include/get_screenshot: Test Cases/AHI/_include/get_screenshot

2020-01-02 08:11:26 - [TEST_STEP][PASSED] - takeScreenshot(screenPath + i + ".png"): Taking screenshot successfully

2020-01-02 08:11:27 - [MESSAGE][PASSED] - Taking screenshot successfully
[[ATTACHMENT|D:\\Test\\AgileTest\\Reports\\AHI\\stm\\20200102_080029\\../Screenshots/iPhone 6/stm/Aspen/20200102_081010/8.png]]

2020-01-02 08:11:27 - [TEST_STEP][PASSED] - (internal.GlobalVariable.i++): null

2020-01-02 08:11:27 - [MESSAGE][PASSED] - Call Test Case 'Test Cases/AHI/_include/get_screenshot' successfully

2020-01-02 08:11:27 - [TEST_STEP][FAILED] - clearText(findTestObject("mobileSanity/STM/Page_App Page 3/input__credit-card-cvv")): clearText(findTestObject("mobileSanity/STM/Page_App Page 3/input__credit-card-cvv")) FAILED.
Reason:
com.kms.katalon.core.exception.StepFailedException: Unable to clear text of object 'Object Repository/mobileSanity/STM/Page_App Page 3/input__credit-card-cvv' (Root cause: com.kms.katalon.core.webui.exception.WebElementNotFoundException: Web element with id: 'Object Repository/mobileSanity/STM/Page_App Page 3/input__credit-card-cvv' located by 'By.xpath: //*[@id = 'credit-card-cvv']' not found)
	at com.kms.katalon.core.keyword.internal.KeywordMain.stepFailed(KeywordMain.groovy:36)
	at com.kms.katalon.core.webui.keyword.internal.WebUIKeywordMain.stepFailed(WebUIKeywordMain.groovy:65)
	at com.kms.katalon.core.webui.keyword.internal.WebUIKeywordMain.runKeyword(WebUIKeywordMain.groovy:43)
	at com.kms.katalon.core.webui.keyword.builtin.ClearTextKeyword.clearText(ClearTextKeyword.groovy:61)
	at com.kms.katalon.core.webui.keyword.builtin.ClearTextKeyword.execute(ClearTextKeyword.groovy:34)
	at com.kms.katalon.core.keyword.internal.KeywordExecutor.executeKeywordForPlatform(KeywordExecutor.groovy:53)
	at com.kms.katalon.core.webui.keyword.WebUiBuiltInKeywords.clearText(WebUiBuiltInKeywords.groovy:3817)
	at com.kms.katalon.core.webui.keyword.WebUiBuiltInKeywords$clearText$9.call(Unknown Source)
	at goToEnd_stm_autofill.run(goToEnd_stm_autofill:71)
	at com.kms.katalon.core.main.ScriptEngine.run(ScriptEngine.java:194)
	at com.kms.katalon.core.main.ScriptEngine.runScriptAsRawText(ScriptEngine.java:119)
	at com.kms.katalon.core.main.TestCaseExecutor.runScript(TestCaseExecutor.java:328)
	at com.kms.katalon.core.main.TestCaseExecutor.doExecute(TestCaseExecutor.java:319)
	at com.kms.katalon.core.main.TestCaseExecutor.processExecutionPhase(TestCaseExecutor.java:298)
	at com.kms.katalon.core.main.TestCaseExecutor.accessMainPhase(TestCaseExecutor.java:290)
	at com.kms.katalon.core.main.TestCaseExecutor.execute(TestCaseExecutor.java:224)
	at com.kms.katalon.core.main.TestCaseMain.runTestCase(TestCaseMain.java:106)
	at com.kms.katalon.core.keyword.builtin.CallTestCaseKeyword$_callTestCase_closure1.doCall(CallTestCaseKeyword.groovy:59)
	at com.kms.katalon.core.keyword.builtin.CallTestCaseKeyword$_callTestCase_closure1.call(CallTestCaseKeyword.groovy)
	at com.kms.katalon.core.keyword.internal.KeywordMain.runKeyword(KeywordMain.groovy:54)
	at com.kms.katalon.core.keyword.builtin.CallTestCaseKeyword.callTestCase(CallTestCaseKeyword.groovy:80)
	at com.kms.katalon.core.keyword.builtin.CallTestCaseKeyword.execute(CallTestCaseKeyword.groovy:44)
	at com.kms.katalon.core.keyword.internal.KeywordExecutor.executeKeywordForPlatform(KeywordExecutor.groovy:53)
	at com.kms.katalon.core.keyword.BuiltinKeywords.callTestCase(BuiltinKeywords.groovy:334)
	at Aspen.run(Aspen:31)
	at com.kms.katalon.core.main.ScriptEngine.run(ScriptEngine.java:194)
	at com.kms.katalon.core.main.ScriptEngine.runScriptAsRawText(ScriptEngine.java:119)
	at com.kms.katalon.core.main.TestCaseExecutor.runScript(TestCaseExecutor.java:328)
	at com.kms.katalon.core.main.TestCaseExecutor.doExecute(TestCaseExecutor.java:319)
	at com.kms.katalon.core.main.TestCaseExecutor.processExecutionPhase(TestCaseExecutor.java:298)
	at com.kms.katalon.core.main.TestCaseExecutor.accessMainPhase(TestCaseExecutor.java:290)
	at com.kms.katalon.core.main.TestCaseExecutor.execute(TestCaseExecutor.java:224)
	at com.kms.katalon.core.main.TestSuiteExecutor.accessTestCaseMainPhase(TestSuiteExecutor.java:129)
	at com.kms.katalon.core.main.TestSuiteExecutor.accessTestSuiteMainPhase(TestSuiteExecutor.java:112)
	at com.kms.katalon.core.main.TestSuiteExecutor.execute(TestSuiteExecutor.java:81)
	at com.kms.katalon.core.main.TestCaseMain.startTestSuite(TestCaseMain.java:149)
	at com.kms.katalon.core.main.TestCaseMain$startTestSuite$0.call(Unknown Source)
	at TempTestSuite1577970029273.run(TempTestSuite1577970029273.groovy:36)


2020-01-02 08:11:48 - [MESSAGE][INFO] - Unable to find the element located by 'By.xpath: //*[@id = 'credit-card-cvv']'. Please recheck the objects properties to make sure the desired element is located. 

2020-01-02 08:11:48 - [MESSAGE][FAILED] - Unable to clear text of object 'Object Repository/mobileSanity/STM/Page_App Page 3/input__credit-card-cvv' (Root cause: com.kms.katalon.core.webui.exception.WebElementNotFoundException: Web element with id: 'Object Repository/mobileSanity/STM/Page_App Page 3/input__credit-card-cvv' located by 'By.xpath: //*[@id = 'credit-card-cvv']' not found)
[[ATTACHMENT|D:\\Test\\AgileTest\\Reports\\AHI\\stm\\20200102_080029\\1577970708425.png]]

2020-01-02 08:11:48 - [MESSAGE][FAILED] - clearText(findTestObject("mobileSanity/STM/Page_App Page 3/input__credit-card-cvv")) FAILED.
Reason:
com.kms.katalon.core.exception.StepFailedException: Unable to clear text of object 'Object Repository/mobileSanity/STM/Page_App Page 3/input__credit-card-cvv' (Root cause: com.kms.katalon.core.webui.exception.WebElementNotFoundException: Web element with id: 'Object Repository/mobileSanity/STM/Page_App Page 3/input__credit-card-cvv' located by 'By.xpath: //*[@id = 'credit-card-cvv']' not found)
	at com.kms.katalon.core.keyword.internal.KeywordMain.stepFailed(KeywordMain.groovy:36)
	at com.kms.katalon.core.webui.keyword.internal.WebUIKeywordMain.stepFailed(WebUIKeywordMain.groovy:65)
	at com.kms.katalon.core.webui.keyword.internal.WebUIKeywordMain.runKeyword(WebUIKeywordMain.groovy:43)
	at com.kms.katalon.core.webui.keyword.builtin.ClearTextKeyword.clearText(ClearTextKeyword.groovy:61)
	at com.kms.katalon.core.webui.keyword.builtin.ClearTextKeyword.execute(ClearTextKeyword.groovy:34)
	at com.kms.katalon.core.keyword.internal.KeywordExecutor.executeKeywordForPlatform(KeywordExecutor.groovy:53)
	at com.kms.katalon.core.webui.keyword.WebUiBuiltInKeywords.clearText(WebUiBuiltInKeywords.groovy:3817)
	at com.kms.katalon.core.webui.keyword.WebUiBuiltInKeywords$clearText$9.call(Unknown Source)
	at goToEnd_stm_autofill.run(goToEnd_stm_autofill:71)
	at com.kms.katalon.core.main.ScriptEngine.run(ScriptEngine.java:194)
	at com.kms.katalon.core.main.ScriptEngine.runScriptAsRawText(ScriptEngine.java:119)
	at com.kms.katalon.core.main.TestCaseExecutor.runScript(TestCaseExecutor.java:328)
	at com.kms.katalon.core.main.TestCaseExecutor.doExecute(TestCaseExecutor.java:319)
	at com.kms.katalon.core.main.TestCaseExecutor.processExecutionPhase(TestCaseExecutor.java:298)
	at com.kms.katalon.core.main.TestCaseExecutor.accessMainPhase(TestCaseExecutor.java:290)
	at com.kms.katalon.core.main.TestCaseExecutor.execute(TestCaseExecutor.java:224)
	at com.kms.katalon.core.main.TestCaseMain.runTestCase(TestCaseMain.java:106)
	at com.kms.katalon.core.keyword.builtin.CallTestCaseKeyword$_callTestCase_closure1.doCall(CallTestCaseKeyword.groovy:59)
	at com.kms.katalon.core.keyword.builtin.CallTestCaseKeyword$_callTestCase_closure1.call(CallTestCaseKeyword.groovy)
	at com.kms.katalon.core.keyword.internal.KeywordMain.runKeyword(KeywordMain.groovy:54)
	at com.kms.katalon.core.keyword.builtin.CallTestCaseKeyword.callTestCase(CallTestCaseKeyword.groovy:80)
	at com.kms.katalon.core.keyword.builtin.CallTestCaseKeyword.execute(CallTestCaseKeyword.groovy:44)
	at com.kms.katalon.core.keyword.internal.KeywordExecutor.executeKeywordForPlatform(KeywordExecutor.groovy:53)
	at com.kms.katalon.core.keyword.BuiltinKeywords.callTestCase(BuiltinKeywords.groovy:334)
	at Aspen.run(Aspen:31)
	at com.kms.katalon.core.main.ScriptEngine.run(ScriptEngine.java:194)
	at com.kms.katalon.core.main.ScriptEngine.runScriptAsRawText(ScriptEngine.java:119)
	at com.kms.katalon.core.main.TestCaseExecutor.runScript(TestCaseExecutor.java:328)
	at com.kms.katalon.core.main.TestCaseExecutor.doExecute(TestCaseExecutor.java:319)
	at com.kms.katalon.core.main.TestCaseExecutor.processExecutionPhase(TestCaseExecutor.java:298)
	at com.kms.katalon.core.main.TestCaseExecutor.accessMainPhase(TestCaseExecutor.java:290)
	at com.kms.katalon.core.main.TestCaseExecutor.execute(TestCaseExecutor.java:224)
	at com.kms.katalon.core.main.TestSuiteExecutor.accessTestCaseMainPhase(TestSuiteExecutor.java:129)
	at com.kms.katalon.core.main.TestSuiteExecutor.accessTestSuiteMainPhase(TestSuiteExecutor.java:112)
	at com.kms.katalon.core.main.TestSuiteExecutor.execute(TestSuiteExecutor.java:81)
	at com.kms.katalon.core.main.TestCaseMain.startTestSuite(TestCaseMain.java:149)
	at com.kms.katalon.core.main.TestCaseMain$startTestSuite$0.call(Unknown Source)
	at TempTestSuite1577970029273.run(TempTestSuite1577970029273.groovy:36)


2020-01-02 08:11:48 - [MESSAGE][FAILED] - Unable to call Test Case 'Test Cases/AHI/_include/goToEnd_stm_autofill' (Root cause: com.kms.katalon.core.exception.StepFailedException: Call Test Case 'Test Cases/AHI/_include/goToEnd_stm_autofill' failed)

2020-01-02 08:11:48 - [MESSAGE][FAILED] - callTestCase(findTestCase("AHI/_include/goToEnd_stm_autofill"), [:], STOP_ON_FAILURE) FAILED.
Reason:
com.kms.katalon.core.exception.StepFailedException: Unable to clear text of object 'Object Repository/mobileSanity/STM/Page_App Page 3/input__credit-card-cvv' (Root cause: com.kms.katalon.core.webui.exception.WebElementNotFoundException: Web element with id: 'Object Repository/mobileSanity/STM/Page_App Page 3/input__credit-card-cvv' located by 'By.xpath: //*[@id = 'credit-card-cvv']' not found)
	at com.kms.katalon.core.keyword.internal.KeywordMain.stepFailed(KeywordMain.groovy:36)
	at com.kms.katalon.core.webui.keyword.internal.WebUIKeywordMain.stepFailed(WebUIKeywordMain.groovy:65)
	at com.kms.katalon.core.webui.keyword.internal.WebUIKeywordMain.runKeyword(WebUIKeywordMain.groovy:43)
	at com.kms.katalon.core.webui.keyword.builtin.ClearTextKeyword.clearText(ClearTextKeyword.groovy:61)
	at com.kms.katalon.core.webui.keyword.builtin.ClearTextKeyword.execute(ClearTextKeyword.groovy:34)
	at com.kms.katalon.core.keyword.internal.KeywordExecutor.executeKeywordForPlatform(KeywordExecutor.groovy:53)
	at com.kms.katalon.core.webui.keyword.WebUiBuiltInKeywords.clearText(WebUiBuiltInKeywords.groovy:3817)
	at com.kms.katalon.core.webui.keyword.WebUiBuiltInKeywords$clearText$9.call(Unknown Source)
	at goToEnd_stm_autofill.run(goToEnd_stm_autofill:71)
	at com.kms.katalon.core.main.ScriptEngine.run(ScriptEngine.java:194)
	at com.kms.katalon.core.main.ScriptEngine.runScriptAsRawText(ScriptEngine.java:119)
	at com.kms.katalon.core.main.TestCaseExecutor.runScript(TestCaseExecutor.java:328)
	at com.kms.katalon.core.main.TestCaseExecutor.doExecute(TestCaseExecutor.java:319)
	at com.kms.katalon.core.main.TestCaseExecutor.processExecutionPhase(TestCaseExecutor.java:298)
	at com.kms.katalon.core.main.TestCaseExecutor.accessMainPhase(TestCaseExecutor.java:290)
	at com.kms.katalon.core.main.TestCaseExecutor.execute(TestCaseExecutor.java:224)
	at com.kms.katalon.core.main.TestCaseMain.runTestCase(TestCaseMain.java:106)
	at com.kms.katalon.core.keyword.builtin.CallTestCaseKeyword$_callTestCase_closure1.doCall(CallTestCaseKeyword.groovy:59)
	at com.kms.katalon.core.keyword.builtin.CallTestCaseKeyword$_callTestCase_closure1.call(CallTestCaseKeyword.groovy)
	at com.kms.katalon.core.keyword.internal.KeywordMain.runKeyword(KeywordMain.groovy:54)
	at com.kms.katalon.core.keyword.builtin.CallTestCaseKeyword.callTestCase(CallTestCaseKeyword.groovy:80)
	at com.kms.katalon.core.keyword.builtin.CallTestCaseKeyword.execute(CallTestCaseKeyword.groovy:44)
	at com.kms.katalon.core.keyword.internal.KeywordExecutor.executeKeywordForPlatform(KeywordExecutor.groovy:53)
	at com.kms.katalon.core.keyword.BuiltinKeywords.callTestCase(BuiltinKeywords.groovy:334)
	at Aspen.run(Aspen:31)
	at com.kms.katalon.core.main.ScriptEngine.run(ScriptEngine.java:194)
	at com.kms.katalon.core.main.ScriptEngine.runScriptAsRawText(ScriptEngine.java:119)
	at com.kms.katalon.core.main.TestCaseExecutor.runScript(TestCaseExecutor.java:328)
	at com.kms.katalon.core.main.TestCaseExecutor.doExecute(TestCaseExecutor.java:319)
	at com.kms.katalon.core.main.TestCaseExecutor.processExecutionPhase(TestCaseExecutor.java:298)
	at com.kms.katalon.core.main.TestCaseExecutor.accessMainPhase(TestCaseExecutor.java:290)
	at com.kms.katalon.core.main.TestCaseExecutor.execute(TestCaseExecutor.java:224)
	at com.kms.katalon.core.main.TestSuiteExecutor.accessTestCaseMainPhase(TestSuiteExecutor.java:129)
	at com.kms.katalon.core.main.TestSuiteExecutor.accessTestSuiteMainPhase(TestSuiteExecutor.java:112)
	at com.kms.katalon.core.main.TestSuiteExecutor.execute(TestSuiteExecutor.java:81)
	at com.kms.katalon.core.main.TestCaseMain.startTestSuite(TestCaseMain.java:149)
	at com.kms.katalon.core.main.TestCaseMain$startTestSuite$0.call(Unknown Source)
	at TempTestSuite1577970029273.run(TempTestSuite1577970029273.groovy:36)]]></system-out>
         <system-err><![CDATA[2020-01-02 08:10:10 - [TEST_CASE][FAILED] - Test Cases/AHI/stm/Aspen: Test Cases/AHI/stm/Aspen FAILED.
Reason:
com.kms.katalon.core.exception.StepFailedException: Unable to clear text of object 'Object Repository/mobileSanity/STM/Page_App Page 3/input__credit-card-cvv' (Root cause: com.kms.katalon.core.webui.exception.WebElementNotFoundException: Web element with id: 'Object Repository/mobileSanity/STM/Page_App Page 3/input__credit-card-cvv' located by 'By.xpath: //*[@id = 'credit-card-cvv']' not found)
	at com.kms.katalon.core.keyword.internal.KeywordMain.stepFailed(KeywordMain.groovy:36)
	at com.kms.katalon.core.webui.keyword.internal.WebUIKeywordMain.stepFailed(WebUIKeywordMain.groovy:65)
	at com.kms.katalon.core.webui.keyword.internal.WebUIKeywordMain.runKeyword(WebUIKeywordMain.groovy:43)
	at com.kms.katalon.core.webui.keyword.builtin.ClearTextKeyword.clearText(ClearTextKeyword.groovy:61)
	at com.kms.katalon.core.webui.keyword.builtin.ClearTextKeyword.execute(ClearTextKeyword.groovy:34)
	at com.kms.katalon.core.keyword.internal.KeywordExecutor.executeKeywordForPlatform(KeywordExecutor.groovy:53)
	at com.kms.katalon.core.webui.keyword.WebUiBuiltInKeywords.clearText(WebUiBuiltInKeywords.groovy:3817)
	at com.kms.katalon.core.webui.keyword.WebUiBuiltInKeywords$clearText$9.call(Unknown Source)
	at goToEnd_stm_autofill.run(goToEnd_stm_autofill:71)
	at com.kms.katalon.core.main.ScriptEngine.run(ScriptEngine.java:194)
	at com.kms.katalon.core.main.ScriptEngine.runScriptAsRawText(ScriptEngine.java:119)
	at com.kms.katalon.core.main.TestCaseExecutor.runScript(TestCaseExecutor.java:328)
	at com.kms.katalon.core.main.TestCaseExecutor.doExecute(TestCaseExecutor.java:319)
	at com.kms.katalon.core.main.TestCaseExecutor.processExecutionPhase(TestCaseExecutor.java:298)
	at com.kms.katalon.core.main.TestCaseExecutor.accessMainPhase(TestCaseExecutor.java:290)
	at com.kms.katalon.core.main.TestCaseExecutor.execute(TestCaseExecutor.java:224)
	at com.kms.katalon.core.main.TestCaseMain.runTestCase(TestCaseMain.java:106)
	at com.kms.katalon.core.keyword.builtin.CallTestCaseKeyword$_callTestCase_closure1.doCall(CallTestCaseKeyword.groovy:59)
	at com.kms.katalon.core.keyword.builtin.CallTestCaseKeyword$_callTestCase_closure1.call(CallTestCaseKeyword.groovy)
	at com.kms.katalon.core.keyword.internal.KeywordMain.runKeyword(KeywordMain.groovy:54)
	at com.kms.katalon.core.keyword.builtin.CallTestCaseKeyword.callTestCase(CallTestCaseKeyword.groovy:80)
	at com.kms.katalon.core.keyword.builtin.CallTestCaseKeyword.execute(CallTestCaseKeyword.groovy:44)
	at com.kms.katalon.core.keyword.internal.KeywordExecutor.executeKeywordForPlatform(KeywordExecutor.groovy:53)
	at com.kms.katalon.core.keyword.BuiltinKeywords.callTestCase(BuiltinKeywords.groovy:334)
	at Aspen.run(Aspen:31)
	at com.kms.katalon.core.main.ScriptEngine.run(ScriptEngine.java:194)
	at com.kms.katalon.core.main.ScriptEngine.runScriptAsRawText(ScriptEngine.java:119)
	at com.kms.katalon.core.main.TestCaseExecutor.runScript(TestCaseExecutor.java:328)
	at com.kms.katalon.core.main.TestCaseExecutor.doExecute(TestCaseExecutor.java:319)
	at com.kms.katalon.core.main.TestCaseExecutor.processExecutionPhase(TestCaseExecutor.java:298)
	at com.kms.katalon.core.main.TestCaseExecutor.accessMainPhase(TestCaseExecutor.java:290)
	at com.kms.katalon.core.main.TestCaseExecutor.execute(TestCaseExecutor.java:224)
	at com.kms.katalon.core.main.TestSuiteExecutor.accessTestCaseMainPhase(TestSuiteExecutor.java:129)
	at com.kms.katalon.core.main.TestSuiteExecutor.accessTestSuiteMainPhase(TestSuiteExecutor.java:112)
	at com.kms.katalon.core.main.TestSuiteExecutor.execute(TestSuiteExecutor.java:81)
	at com.kms.katalon.core.main.TestCaseMain.startTestSuite(TestCaseMain.java:149)
	at com.kms.katalon.core.main.TestCaseMain$startTestSuite$0.call(Unknown Source)
	at TempTestSuite1577970029273.run(TempTestSuite1577970029273.groovy:36)]]></system-err>
      </testcase>
      <testcase name="Test Cases/AHI/stm/Companion" classname="Test Cases/AHI/stm/Companion" status="PASSED">
         <system-out><![CDATA[2020-01-02 08:11:48 - [TEST_CASE][PASSED] - Test Cases/AHI/stm/Companion: Test Cases/AHI/stm/Companion

2020-01-02 08:11:49 - [TEST_STEP][PASSED] - callTestCase(findTestCase("AHI/_include/get_screenPath"), ["productLine":"stm", "carrierName":"Companion"], CONTINUE_ON_FAILURE): Call Test Case 'Test Cases/AHI/_include/get_screenPath' successfully

2020-01-02 08:11:49 - [TEST_CASE][PASSED] - Test Cases/AHI/_include/get_screenPath: Test Cases/AHI/_include/get_screenPath

2020-01-02 08:11:49 - [TEST_STEP][PASSED] - m = getExecutionProperties(): null

2020-01-02 08:11:49 - [TEST_STEP][PASSED] - deviceName = get("mobileEmulation").get("deviceName"): null

2020-01-02 08:11:49 - [TEST_STEP][PASSED] - println(deviceName): null

2020-01-02 08:11:49 - [TEST_STEP][PASSED] - now = new java.util.Date(): null

2020-01-02 08:11:49 - [TEST_STEP][PASSED] - mydate = now.format("yyyyMMdd_HHmmss"): null

2020-01-02 08:11:49 - [TEST_STEP][PASSED] - screenPath = "../Screenshots/": null

2020-01-02 08:11:49 - [TEST_STEP][PASSED] - screenPath = screenPath + deviceName + "/" + productLine + "/" + carrierName + "/" + mydate + "/": null

2020-01-02 08:11:49 - [TEST_STEP][PASSED] - println(screenPath): null

2020-01-02 08:11:49 - [MESSAGE][PASSED] - Call Test Case 'Test Cases/AHI/_include/get_screenPath' successfully

2020-01-02 08:11:49 - [TEST_STEP][PASSED] - i = 0: null

2020-01-02 08:11:49 - [TEST_STEP][PASSED] - callTestCase(findTestCase("AHI/_include/openWebSite"), [:], CONTINUE_ON_FAILURE): Call Test Case 'Test Cases/AHI/_include/openWebSite' successfully

2020-01-02 08:11:49 - [TEST_CASE][PASSED] - Test Cases/AHI/_include/openWebSite: Test Cases/AHI/_include/openWebSite

2020-01-02 08:11:49 - [TEST_STEP][PASSED] - openBrowser(env): Browser is opened with url: 'https://praetemptatus.agilehealthinsurance.com'

2020-01-02 08:11:49 - [MESSAGE][WARNING] - A browser is already opened. Closing browser and opening a new one

2020-01-02 08:11:50 - [MESSAGE][INFO] - Starting 'Chrome' driver

2020-01-02 08:11:50 - [MESSAGE][INFO] - User set preference: ['mobileEmulation', '{deviceName=iPhone 6}']

2020-01-02 08:11:50 - [MESSAGE][INFO] - User set preference: ['args', '[--incognito, --aggressive-cache-discard, --window-size=375,677, --no-sandbox]']

2020-01-02 08:11:55 - [MESSAGE][PASSED] - Browser is opened with url: 'https://praetemptatus.agilehealthinsurance.com'

2020-01-02 08:11:55 - [TEST_STEP][PASSED] - waitForPageLoad(20): Wait for page load successfully

2020-01-02 08:11:57 - [MESSAGE][PASSED] - Wait for page load successfully

2020-01-02 08:11:57 - [TEST_STEP][PASSED] - callTestCase(findTestCase("AHI/_include/get_screenshot"), [:], STOP_ON_FAILURE): Call Test Case 'Test Cases/AHI/_include/get_screenshot' successfully

2020-01-02 08:11:57 - [TEST_CASE][PASSED] - Test Cases/AHI/_include/get_screenshot: Test Cases/AHI/_include/get_screenshot

2020-01-02 08:11:57 - [TEST_STEP][PASSED] - takeScreenshot(screenPath + i + ".png"): Taking screenshot successfully

2020-01-02 08:11:58 - [MESSAGE][PASSED] - Taking screenshot successfully
[[ATTACHMENT|D:\\Test\\AgileTest\\Reports\\AHI\\stm\\20200102_080029\\../Screenshots/iPhone 6/stm/Companion/20200102_081149/0.png]]

2020-01-02 08:11:58 - [TEST_STEP][PASSED] - (internal.GlobalVariable.i++): null

2020-01-02 08:11:58 - [MESSAGE][PASSED] - Call Test Case 'Test Cases/AHI/_include/get_screenshot' successfully

2020-01-02 08:11:58 - [MESSAGE][PASSED] - Call Test Case 'Test Cases/AHI/_include/openWebSite' successfully

2020-01-02 08:11:58 - [TEST_STEP][PASSED] - callTestCase(findTestCase("AHI/_include/census_stm"), [:], CONTINUE_ON_FAILURE): Call Test Case 'Test Cases/AHI/_include/census_stm' successfully

2020-01-02 08:11:58 - [TEST_CASE][PASSED] - Test Cases/AHI/_include/census_stm: Test Cases/AHI/_include/census_stm

2020-01-02 08:11:58 - [TEST_STEP][PASSED] - waitForElementClickable(findTestObject("mobileSanity/STM/Home Page/a_Quote  Save Today"), 10): Object 'Object Repository/mobileSanity/STM/Home Page/a_Quote  Save Today' is clickable

2020-01-02 08:11:58 - [MESSAGE][PASSED] - Object 'Object Repository/mobileSanity/STM/Home Page/a_Quote  Save Today' is clickable

2020-01-02 08:11:58 - [TEST_STEP][PASSED] - click(findTestObject("mobileSanity/STM/Home Page/a_Quote  Save Today")): Object: 'Object Repository/mobileSanity/STM/Home Page/a_Quote  Save Today' is clicked on

2020-01-02 08:12:01 - [MESSAGE][PASSED] - Object: 'Object Repository/mobileSanity/STM/Home Page/a_Quote  Save Today' is clicked on

2020-01-02 08:12:01 - [TEST_STEP][PASSED] - waitForPageLoad(10): Wait for page load successfully

2020-01-02 08:12:01 - [MESSAGE][PASSED] - Wait for page load successfully

2020-01-02 08:12:01 - [TEST_STEP][PASSED] - callTestCase(findTestCase("AHI/_include/get_screenshot"), [:], STOP_ON_FAILURE): Call Test Case 'Test Cases/AHI/_include/get_screenshot' successfully

2020-01-02 08:12:01 - [TEST_CASE][PASSED] - Test Cases/AHI/_include/get_screenshot: Test Cases/AHI/_include/get_screenshot

2020-01-02 08:12:01 - [TEST_STEP][PASSED] - takeScreenshot(screenPath + i + ".png"): Taking screenshot successfully

2020-01-02 08:12:02 - [MESSAGE][PASSED] - Taking screenshot successfully
[[ATTACHMENT|D:\\Test\\AgileTest\\Reports\\AHI\\stm\\20200102_080029\\../Screenshots/iPhone 6/stm/Companion/20200102_081149/1.png]]

2020-01-02 08:12:02 - [TEST_STEP][PASSED] - (internal.GlobalVariable.i++): null

2020-01-02 08:12:02 - [MESSAGE][PASSED] - Call Test Case 'Test Cases/AHI/_include/get_screenshot' successfully

2020-01-02 08:12:02 - [TEST_STEP][PASSED] - setText(findTestObject("mobileSanity/STM/STM Census Page/input_Location_zip-input"), zipcode): Text '35215' is set on object 'Object Repository/mobileSanity/STM/STM Census Page/input_Location_zip-input'

2020-01-02 08:12:02 - [MESSAGE][PASSED] - Text '35215' is set on object 'Object Repository/mobileSanity/STM/STM Census Page/input_Location_zip-input'

2020-01-02 08:12:02 - [TEST_STEP][PASSED] - Thread.sleep(500): null

2020-01-02 08:12:03 - [TEST_STEP][PASSED] - setText(findTestObject("mobileSanity/STM/STM Census Page/input_Date of Birth_dob-0"), "03031987"): Text '03031987' is set on object 'Object Repository/mobileSanity/STM/STM Census Page/input_Date of Birth_dob-0'

2020-01-02 08:12:03 - [MESSAGE][PASSED] - Text '03031987' is set on object 'Object Repository/mobileSanity/STM/STM Census Page/input_Date of Birth_dob-0'

2020-01-02 08:12:03 - [TEST_STEP][PASSED] - click(findTestObject("mobileSanity/STM/STM Census Page/label_Male")): Object: 'Object Repository/mobileSanity/STM/STM Census Page/label_Male' is clicked on

2020-01-02 08:12:03 - [MESSAGE][PASSED] - Object: 'Object Repository/mobileSanity/STM/STM Census Page/label_Male' is clicked on

2020-01-02 08:12:03 - [TEST_STEP][PASSED] - click(findTestObject("mobileSanity/STM/STM Census Page/label_Compare Plans")): Object: 'Object Repository/mobileSanity/STM/STM Census Page/label_Compare Plans' is clicked on

2020-01-02 08:12:07 - [MESSAGE][PASSED] - Object: 'Object Repository/mobileSanity/STM/STM Census Page/label_Compare Plans' is clicked on

2020-01-02 08:12:07 - [TEST_STEP][PASSED] - waitForElementVisible(findTestObject("mobileSanity/STM/STM Quote Page/button_sort"), 20): Object 'Object Repository/mobileSanity/STM/STM Quote Page/button_sort' is visible

2020-01-02 08:12:08 - [MESSAGE][PASSED] - Object 'Object Repository/mobileSanity/STM/STM Quote Page/button_sort' is visible

2020-01-02 08:12:08 - [TEST_STEP][PASSED] - Thread.sleep(3000): null

2020-01-02 08:12:11 - [TEST_STEP][PASSED] - callTestCase(findTestCase("AHI/_include/check_quoteleadform"), [:], STOP_ON_FAILURE): Call Test Case 'Test Cases/AHI/_include/check_quoteleadform' successfully

2020-01-02 08:12:11 - [TEST_CASE][PASSED] - Test Cases/AHI/_include/check_quoteleadform: Test Cases/AHI/_include/check_quoteleadform

2020-01-02 08:12:11 - [TEST_STEP][PASSED] - callTestCase(findTestCase("AHI/_include/name"), [:], CONTINUE_ON_FAILURE): Call Test Case 'Test Cases/AHI/_include/name' successfully

2020-01-02 08:12:11 - [TEST_CASE][PASSED] - Test Cases/AHI/_include/name: Test Cases/AHI/_include/name

2020-01-02 08:12:11 - [TEST_STEP][PASSED] - driver = getWebDriver(): null

2020-01-02 08:12:11 - [TEST_STEP][PASSED] - selenium = new com.thoughtworks.selenium.webdriven.WebDriverBackedSelenium(driver, internal.GlobalVariable.ENV): null

2020-01-02 08:12:11 - [TEST_STEP][PASSED] - FirstName = "Test-123": null

2020-01-02 08:12:11 - [TEST_STEP][PASSED] - LastName = selenium.getEval("{var x="ABCDEFGHIJKLMNOPQRSTUVWXYZabcdefghijklmnopqrstuvwxyz"; var tmp="ZZ11-"; for (i=0;i<8;i++) tmp+=x.charAt(Math.ceil(51*Math.random()));tmp;}"): null

2020-01-02 08:12:11 - [TEST_STEP][PASSED] - Address = selenium.getEval("{var x="ABCDEFGHIJKLMNOPQRSTUVWXYZabcdefghijklmnopqrstuvwxyz"; var tmp=""; for (i=0;i<8;i++) tmp+=x.charAt(Math.ceil(51*Math.random()));tmp;}"): null

2020-01-02 08:12:11 - [TEST_STEP][PASSED] - City = selenium.getEval("{var x="ABCDEFGHIJKLMNOPQRSTUVWXYZabcdefghijklmnopqrstuvwxyz"; var tmp=""; for (i=0;i<8;i++) tmp+=x.charAt(Math.ceil(51*Math.random()));tmp;}"): null

2020-01-02 08:12:11 - [TEST_STEP][PASSED] - tel1 = selenium.getEval("{var x="123456789"; var tmp=""; for (i=0;i<3;i++) tmp+=x.charAt(Math.ceil(8*Math.random()));tmp;}"): null

2020-01-02 08:12:11 - [TEST_STEP][PASSED] - tel2 = selenium.getEval("{var x="123456789"; var tmp=""; for (i=0;i<3;i++) tmp+=x.charAt(Math.ceil(8*Math.random()));tmp;}"): null

2020-01-02 08:12:12 - [TEST_STEP][PASSED] - tel3 = selenium.getEval("{var x="123456789"; var tmp=""; for (i=0;i<4;i++) tmp+=x.charAt(Math.ceil(8*Math.random()));tmp;}"): null

2020-01-02 08:12:12 - [TEST_STEP][PASSED] - Tel = selenium.getExpression(tel1 + "-" + tel2 + "-" + tel3): null

2020-01-02 08:12:12 - [TEST_STEP][PASSED] - AutoEmail = selenium.getEval("{var x="ABCDEFGHIJKLMNOPQRSTUVWXYZabcdefghijklmnopqrstuvwxyz"; var tmp="test."; for (i=0;i<8;i++) tmp+=x.charAt(Math.ceil(51*Math.random()));tmp+="@suryani.cn";}"): null

2020-01-02 08:12:12 - [TEST_STEP][PASSED] - FirstName = FirstName: null

2020-01-02 08:12:12 - [TEST_STEP][PASSED] - LastName = LastName: null

2020-01-02 08:12:12 - [TEST_STEP][PASSED] - Address = Address: null

2020-01-02 08:12:12 - [TEST_STEP][PASSED] - City = City: null

2020-01-02 08:12:12 - [TEST_STEP][PASSED] - Tel = Tel: null

2020-01-02 08:12:12 - [TEST_STEP][PASSED] - AutoEmail = AutoEmail: null

2020-01-02 08:12:12 - [TEST_STEP][PASSED] - println(FirstName): null

2020-01-02 08:12:12 - [TEST_STEP][PASSED] - println(LastName): null

2020-01-02 08:12:12 - [TEST_STEP][PASSED] - println(Address): null

2020-01-02 08:12:12 - [TEST_STEP][PASSED] - println(City): null

2020-01-02 08:12:12 - [TEST_STEP][PASSED] - println(Tel): null

2020-01-02 08:12:12 - [TEST_STEP][PASSED] - println(AutoEmail): null

2020-01-02 08:12:12 - [MESSAGE][PASSED] - Call Test Case 'Test Cases/AHI/_include/name' successfully

2020-01-02 08:12:12 - [TEST_STEP][PASSED] - leadform_exist = test.MobileKeywords.isElementPresent_Web(findTestObject("mobileSanity/quote lead form/lead_form"), 20): test.MobileKeywords.isElementPresent_Web is PASSED

2020-01-02 08:12:12 - [MESSAGE][PASSED] - test.MobileKeywords.isElementPresent_Web is PASSED

2020-01-02 08:12:12 - [TEST_STEP][PASSED] - if (leadform_exist): null

2020-01-02 08:12:12 - [TEST_STEP][PASSED] - setText(findTestObject("mobileSanity/quote lead form/first"), FirstName): Text 'Test-123' is set on object 'Object Repository/mobileSanity/quote lead form/first'

2020-01-02 08:12:12 - [MESSAGE][PASSED] - Text 'Test-123' is set on object 'Object Repository/mobileSanity/quote lead form/first'

2020-01-02 08:12:12 - [TEST_STEP][PASSED] - setText(findTestObject("mobileSanity/quote lead form/last"), LastName): Text 'ZZ11-JoSJkTge' is set on object 'Object Repository/mobileSanity/quote lead form/last'

2020-01-02 08:12:12 - [MESSAGE][PASSED] - Text 'ZZ11-JoSJkTge' is set on object 'Object Repository/mobileSanity/quote lead form/last'

2020-01-02 08:12:12 - [TEST_STEP][PASSED] - setText(findTestObject("mobileSanity/quote lead form/email"), AutoEmail): Text 'test.gINWmSNl@suryani.cn' is set on object 'Object Repository/mobileSanity/quote lead form/email'

2020-01-02 08:12:13 - [MESSAGE][PASSED] - Text 'test.gINWmSNl@suryani.cn' is set on object 'Object Repository/mobileSanity/quote lead form/email'

2020-01-02 08:12:13 - [TEST_STEP][PASSED] - setText(findTestObject("mobileSanity/quote lead form/phone"), Tel): Text '353-965-4295' is set on object 'Object Repository/mobileSanity/quote lead form/phone'

2020-01-02 08:12:13 - [MESSAGE][PASSED] - Text '353-965-4295' is set on object 'Object Repository/mobileSanity/quote lead form/phone'

2020-01-02 08:12:13 - [TEST_STEP][PASSED] - click(findTestObject("mobileSanity/quote lead form/submit")): Object: 'Object Repository/mobileSanity/quote lead form/submit' is clicked on

2020-01-02 08:12:13 - [MESSAGE][PASSED] - Object: 'Object Repository/mobileSanity/quote lead form/submit' is clicked on

2020-01-02 08:12:13 - [TEST_STEP][PASSED] - Thread.sleep(3000): null

2020-01-02 08:12:16 - [MESSAGE][PASSED] - Call Test Case 'Test Cases/AHI/_include/check_quoteleadform' successfully

2020-01-02 08:12:16 - [TEST_STEP][PASSED] - callTestCase(findTestCase("AHI/_include/get_screenshot"), [:], STOP_ON_FAILURE): Call Test Case 'Test Cases/AHI/_include/get_screenshot' successfully

2020-01-02 08:12:16 - [TEST_CASE][PASSED] - Test Cases/AHI/_include/get_screenshot: Test Cases/AHI/_include/get_screenshot

2020-01-02 08:12:16 - [TEST_STEP][PASSED] - takeScreenshot(screenPath + i + ".png"): Taking screenshot successfully

2020-01-02 08:12:17 - [MESSAGE][PASSED] - Taking screenshot successfully
[[ATTACHMENT|D:\\Test\\AgileTest\\Reports\\AHI\\stm\\20200102_080029\\../Screenshots/iPhone 6/stm/Companion/20200102_081149/2.png]]

2020-01-02 08:12:17 - [TEST_STEP][PASSED] - (internal.GlobalVariable.i++): null

2020-01-02 08:12:17 - [MESSAGE][PASSED] - Call Test Case 'Test Cases/AHI/_include/get_screenshot' successfully

2020-01-02 08:12:17 - [TEST_STEP][PASSED] - Thread.sleep(1000): null

2020-01-02 08:12:18 - [MESSAGE][PASSED] - Call Test Case 'Test Cases/AHI/_include/census_stm' successfully

2020-01-02 08:12:18 - [TEST_STEP][PASSED] - callTestCase(findTestCase("AHI/_include/filter_stm"), ["carrier":"pivotcompanion"], STOP_ON_FAILURE): Call Test Case 'Test Cases/AHI/_include/filter_stm' successfully

2020-01-02 08:12:18 - [TEST_CASE][PASSED] - Test Cases/AHI/_include/filter_stm: Test Cases/AHI/_include/filter_stm

2020-01-02 08:12:18 - [TEST_STEP][PASSED] - driver = getWebDriver(): null

2020-01-02 08:12:18 - [TEST_STEP][PASSED] - selenium = new com.thoughtworks.selenium.webdriven.WebDriverBackedSelenium(driver, internal.GlobalVariable.ENV): null

2020-01-02 08:12:18 - [TEST_STEP][PASSED] - Thread.sleep(1000): null

2020-01-02 08:12:19 - [TEST_STEP][PASSED] - click(findTestObject("mobileSanity/STM/STM Quote Page/button_filters")): Object: 'Object Repository/mobileSanity/STM/STM Quote Page/button_filters' is clicked on

2020-01-02 08:12:21 - [MESSAGE][PASSED] - Object: 'Object Repository/mobileSanity/STM/STM Quote Page/button_filters' is clicked on

2020-01-02 08:12:21 - [TEST_STEP][PASSED] - Thread.sleep(1000): null

2020-01-02 08:12:22 - [TEST_STEP][PASSED] - click(findTestObject("mobileSanity/STM/STM Quote Page/i_Insurance company")): Object: 'Object Repository/mobileSanity/STM/STM Quote Page/i_Insurance company' is clicked on

2020-01-02 08:12:27 - [MESSAGE][PASSED] - Object: 'Object Repository/mobileSanity/STM/STM Quote Page/i_Insurance company' is clicked on

2020-01-02 08:12:27 - [TEST_STEP][PASSED] - Thread.sleep(1000): null

2020-01-02 08:12:28 - [TEST_STEP][PASSED] - filter_carrier = "//input[@name='filter[carrier]' and @value='" + carrier + "']/following::label": null

2020-01-02 08:12:28 - [TEST_STEP][PASSED] - println(filter_carrier): null

2020-01-02 08:12:28 - [TEST_STEP][PASSED] - test.MobileKeywords.clickJS_ByXpath(filter_carrier): test.MobileKeywords.clickJS_ByXpath is PASSED

2020-01-02 08:12:28 - [MESSAGE][PASSED] - Execute JavaScript 'arguments[0].click()' successfully

2020-01-02 08:12:28 - [MESSAGE][PASSED] - test.MobileKeywords.clickJS_ByXpath is PASSED

2020-01-02 08:12:28 - [TEST_STEP][PASSED] - click(findTestObject("mobileSanity/STM/STM Quote Page/js-close c-link-button")): Object: 'Object Repository/mobileSanity/STM/STM Quote Page/js-close c-link-button' is clicked on

2020-01-02 08:12:29 - [MESSAGE][PASSED] - Object: 'Object Repository/mobileSanity/STM/STM Quote Page/js-close c-link-button' is clicked on

2020-01-02 08:12:29 - [TEST_STEP][PASSED] - Thread.sleep(2000): null

2020-01-02 08:12:31 - [TEST_STEP][PASSED] - callTestCase(findTestCase("AHI/_include/get_screenshot"), [:], STOP_ON_FAILURE): Call Test Case 'Test Cases/AHI/_include/get_screenshot' successfully

2020-01-02 08:12:31 - [TEST_CASE][PASSED] - Test Cases/AHI/_include/get_screenshot: Test Cases/AHI/_include/get_screenshot

2020-01-02 08:12:31 - [TEST_STEP][PASSED] - takeScreenshot(screenPath + i + ".png"): Taking screenshot successfully

2020-01-02 08:12:31 - [MESSAGE][PASSED] - Taking screenshot successfully
[[ATTACHMENT|D:\\Test\\AgileTest\\Reports\\AHI\\stm\\20200102_080029\\../Screenshots/iPhone 6/stm/Companion/20200102_081149/3.png]]

2020-01-02 08:12:31 - [TEST_STEP][PASSED] - (internal.GlobalVariable.i++): null

2020-01-02 08:12:31 - [MESSAGE][PASSED] - Call Test Case 'Test Cases/AHI/_include/get_screenshot' successfully

2020-01-02 08:12:31 - [MESSAGE][PASSED] - Call Test Case 'Test Cases/AHI/_include/filter_stm' successfully

2020-01-02 08:12:31 - [TEST_STEP][PASSED] - callTestCase(findTestCase("AHI/_include/goToDetail_stm"), ["carrier":"pivot-health-choice"], STOP_ON_FAILURE): Call Test Case 'Test Cases/AHI/_include/goToDetail_stm' successfully

2020-01-02 08:12:31 - [TEST_CASE][PASSED] - Test Cases/AHI/_include/goToDetail_stm: Test Cases/AHI/_include/goToDetail_stm

2020-01-02 08:12:31 - [TEST_STEP][PASSED] - driver = getWebDriver(): null

2020-01-02 08:12:31 - [TEST_STEP][PASSED] - selenium = new com.thoughtworks.selenium.webdriven.WebDriverBackedSelenium(driver, internal.GlobalVariable.ENV): null

2020-01-02 08:12:31 - [TEST_STEP][PASSED] - a_plan_name = "xpath=//a[contains(@href,'/term-health-insurance/plan/" + carrier + "')]": null

2020-01-02 08:12:31 - [TEST_STEP][PASSED] - println(a_plan_name): null

2020-01-02 08:12:31 - [TEST_STEP][PASSED] - selenium.click(a_plan_name): null

2020-01-02 08:12:35 - [TEST_STEP][PASSED] - waitForPageLoad(20): Wait for page load successfully

2020-01-02 08:12:36 - [MESSAGE][PASSED] - Wait for page load successfully

2020-01-02 08:12:36 - [TEST_STEP][PASSED] - Thread.sleep(2000): null

2020-01-02 08:12:38 - [TEST_STEP][PASSED] - callTestCase(findTestCase("AHI/_include/get_screenshot"), [:], STOP_ON_FAILURE): Call Test Case 'Test Cases/AHI/_include/get_screenshot' successfully

2020-01-02 08:12:38 - [TEST_CASE][PASSED] - Test Cases/AHI/_include/get_screenshot: Test Cases/AHI/_include/get_screenshot

2020-01-02 08:12:38 - [TEST_STEP][PASSED] - takeScreenshot(screenPath + i + ".png"): Taking screenshot successfully

2020-01-02 08:12:39 - [MESSAGE][PASSED] - Taking screenshot successfully
[[ATTACHMENT|D:\\Test\\AgileTest\\Reports\\AHI\\stm\\20200102_080029\\../Screenshots/iPhone 6/stm/Companion/20200102_081149/4.png]]

2020-01-02 08:12:39 - [TEST_STEP][PASSED] - (internal.GlobalVariable.i++): null

2020-01-02 08:12:39 - [MESSAGE][PASSED] - Call Test Case 'Test Cases/AHI/_include/get_screenshot' successfully

2020-01-02 08:12:39 - [MESSAGE][PASSED] - Call Test Case 'Test Cases/AHI/_include/goToDetail_stm' successfully

2020-01-02 08:12:39 - [TEST_STEP][PASSED] - callTestCase(findTestCase("AHI/_include/apply_stm"), [:], STOP_ON_FAILURE): Call Test Case 'Test Cases/AHI/_include/apply_stm' successfully

2020-01-02 08:12:39 - [TEST_CASE][PASSED] - Test Cases/AHI/_include/apply_stm: Test Cases/AHI/_include/apply_stm

2020-01-02 08:12:39 - [TEST_STEP][PASSED] - waitForElementVisible(findTestObject("mobileSanity/STM/STM PlanDetail Page/a_Apply for This Plan"), 5): Object 'Object Repository/mobileSanity/STM/STM PlanDetail Page/a_Apply for This Plan' is visible

2020-01-02 08:12:40 - [MESSAGE][PASSED] - Object 'Object Repository/mobileSanity/STM/STM PlanDetail Page/a_Apply for This Plan' is visible

2020-01-02 08:12:40 - [TEST_STEP][PASSED] - click(findTestObject("mobileSanity/STM/STM PlanDetail Page/a_Apply for This Plan")): Object: 'Object Repository/mobileSanity/STM/STM PlanDetail Page/a_Apply for This Plan' is clicked on

2020-01-02 08:12:41 - [MESSAGE][PASSED] - Object: 'Object Repository/mobileSanity/STM/STM PlanDetail Page/a_Apply for This Plan' is clicked on

2020-01-02 08:12:41 - [TEST_STEP][PASSED] - waitForPageLoad(10): Wait for page load successfully

2020-01-02 08:12:43 - [MESSAGE][PASSED] - Wait for page load successfully

2020-01-02 08:12:43 - [TEST_STEP][PASSED] - Thread.sleep(2000): null

2020-01-02 08:12:45 - [TEST_STEP][PASSED] - callTestCase(findTestCase("AHI/_include/get_screenshot"), [:], STOP_ON_FAILURE): Call Test Case 'Test Cases/AHI/_include/get_screenshot' successfully

2020-01-02 08:12:45 - [TEST_CASE][PASSED] - Test Cases/AHI/_include/get_screenshot: Test Cases/AHI/_include/get_screenshot

2020-01-02 08:12:45 - [TEST_STEP][PASSED] - takeScreenshot(screenPath + i + ".png"): Taking screenshot successfully

2020-01-02 08:12:46 - [MESSAGE][PASSED] - Taking screenshot successfully
[[ATTACHMENT|D:\\Test\\AgileTest\\Reports\\AHI\\stm\\20200102_080029\\../Screenshots/iPhone 6/stm/Companion/20200102_081149/5.png]]

2020-01-02 08:12:46 - [TEST_STEP][PASSED] - (internal.GlobalVariable.i++): null

2020-01-02 08:12:46 - [MESSAGE][PASSED] - Call Test Case 'Test Cases/AHI/_include/get_screenshot' successfully

2020-01-02 08:12:46 - [TEST_STEP][PASSED] - waitForElementVisible(findTestObject("mobileSanity/STM/STM Apply Page/a_Start Secure Application"), 5): Object 'Object Repository/mobileSanity/STM/STM Apply Page/a_Start Secure Application' is visible

2020-01-02 08:12:47 - [MESSAGE][PASSED] - Object 'Object Repository/mobileSanity/STM/STM Apply Page/a_Start Secure Application' is visible

2020-01-02 08:12:47 - [TEST_STEP][PASSED] - click(findTestObject("mobileSanity/STM/STM Apply Page/a_Start Secure Application")): Object: 'Object Repository/mobileSanity/STM/STM Apply Page/a_Start Secure Application' is clicked on

2020-01-02 08:12:48 - [MESSAGE][PASSED] - Object: 'Object Repository/mobileSanity/STM/STM Apply Page/a_Start Secure Application' is clicked on

2020-01-02 08:12:48 - [TEST_STEP][PASSED] - waitForPageLoad(20): Wait for page load successfully

2020-01-02 08:12:49 - [MESSAGE][PASSED] - Wait for page load successfully

2020-01-02 08:12:49 - [TEST_STEP][PASSED] - Thread.sleep(2000): null

2020-01-02 08:12:51 - [TEST_STEP][PASSED] - callTestCase(findTestCase("AHI/_include/get_screenshot"), [:], STOP_ON_FAILURE): Call Test Case 'Test Cases/AHI/_include/get_screenshot' successfully

2020-01-02 08:12:51 - [TEST_CASE][PASSED] - Test Cases/AHI/_include/get_screenshot: Test Cases/AHI/_include/get_screenshot

2020-01-02 08:12:51 - [TEST_STEP][PASSED] - takeScreenshot(screenPath + i + ".png"): Taking screenshot successfully

2020-01-02 08:12:51 - [MESSAGE][PASSED] - Taking screenshot successfully
[[ATTACHMENT|D:\\Test\\AgileTest\\Reports\\AHI\\stm\\20200102_080029\\../Screenshots/iPhone 6/stm/Companion/20200102_081149/6.png]]

2020-01-02 08:12:51 - [TEST_STEP][PASSED] - (internal.GlobalVariable.i++): null

2020-01-02 08:12:51 - [MESSAGE][PASSED] - Call Test Case 'Test Cases/AHI/_include/get_screenshot' successfully

2020-01-02 08:12:51 - [MESSAGE][PASSED] - Call Test Case 'Test Cases/AHI/_include/apply_stm' successfully

2020-01-02 08:12:51 - [TEST_STEP][PASSED] - callTestCase(findTestCase("AHI/_include/goToEnd_stm_autofill"), [:], STOP_ON_FAILURE): Call Test Case 'Test Cases/AHI/_include/goToEnd_stm_autofill' successfully

2020-01-02 08:12:51 - [TEST_CASE][PASSED] - Test Cases/AHI/_include/goToEnd_stm_autofill: Test Cases/AHI/_include/goToEnd_stm_autofill

2020-01-02 08:12:51 - [TEST_STEP][PASSED] - callTestCase(findTestCase("AHI/_include/name"), [:], CONTINUE_ON_FAILURE): Call Test Case 'Test Cases/AHI/_include/name' successfully

2020-01-02 08:12:51 - [TEST_CASE][PASSED] - Test Cases/AHI/_include/name: Test Cases/AHI/_include/name

2020-01-02 08:12:51 - [TEST_STEP][PASSED] - driver = getWebDriver(): null

2020-01-02 08:12:51 - [TEST_STEP][PASSED] - selenium = new com.thoughtworks.selenium.webdriven.WebDriverBackedSelenium(driver, internal.GlobalVariable.ENV): null

2020-01-02 08:12:51 - [TEST_STEP][PASSED] - FirstName = "Test-123": null

2020-01-02 08:12:51 - [TEST_STEP][PASSED] - LastName = selenium.getEval("{var x="ABCDEFGHIJKLMNOPQRSTUVWXYZabcdefghijklmnopqrstuvwxyz"; var tmp="ZZ11-"; for (i=0;i<8;i++) tmp+=x.charAt(Math.ceil(51*Math.random()));tmp;}"): null

2020-01-02 08:12:52 - [TEST_STEP][PASSED] - Address = selenium.getEval("{var x="ABCDEFGHIJKLMNOPQRSTUVWXYZabcdefghijklmnopqrstuvwxyz"; var tmp=""; for (i=0;i<8;i++) tmp+=x.charAt(Math.ceil(51*Math.random()));tmp;}"): null

2020-01-02 08:12:52 - [TEST_STEP][PASSED] - City = selenium.getEval("{var x="ABCDEFGHIJKLMNOPQRSTUVWXYZabcdefghijklmnopqrstuvwxyz"; var tmp=""; for (i=0;i<8;i++) tmp+=x.charAt(Math.ceil(51*Math.random()));tmp;}"): null

2020-01-02 08:12:52 - [TEST_STEP][PASSED] - tel1 = selenium.getEval("{var x="123456789"; var tmp=""; for (i=0;i<3;i++) tmp+=x.charAt(Math.ceil(8*Math.random()));tmp;}"): null

2020-01-02 08:12:52 - [TEST_STEP][PASSED] - tel2 = selenium.getEval("{var x="123456789"; var tmp=""; for (i=0;i<3;i++) tmp+=x.charAt(Math.ceil(8*Math.random()));tmp;}"): null

2020-01-02 08:12:52 - [TEST_STEP][PASSED] - tel3 = selenium.getEval("{var x="123456789"; var tmp=""; for (i=0;i<4;i++) tmp+=x.charAt(Math.ceil(8*Math.random()));tmp;}"): null

2020-01-02 08:12:52 - [TEST_STEP][PASSED] - Tel = selenium.getExpression(tel1 + "-" + tel2 + "-" + tel3): null

2020-01-02 08:12:52 - [TEST_STEP][PASSED] - AutoEmail = selenium.getEval("{var x="ABCDEFGHIJKLMNOPQRSTUVWXYZabcdefghijklmnopqrstuvwxyz"; var tmp="test."; for (i=0;i<8;i++) tmp+=x.charAt(Math.ceil(51*Math.random()));tmp+="@suryani.cn";}"): null

2020-01-02 08:12:52 - [TEST_STEP][PASSED] - FirstName = FirstName: null

2020-01-02 08:12:52 - [TEST_STEP][PASSED] - LastName = LastName: null

2020-01-02 08:12:52 - [TEST_STEP][PASSED] - Address = Address: null

2020-01-02 08:12:52 - [TEST_STEP][PASSED] - City = City: null

2020-01-02 08:12:52 - [TEST_STEP][PASSED] - Tel = Tel: null

2020-01-02 08:12:52 - [TEST_STEP][PASSED] - AutoEmail = AutoEmail: null

2020-01-02 08:12:52 - [TEST_STEP][PASSED] - println(FirstName): null

2020-01-02 08:12:52 - [TEST_STEP][PASSED] - println(LastName): null

2020-01-02 08:12:52 - [TEST_STEP][PASSED] - println(Address): null

2020-01-02 08:12:52 - [TEST_STEP][PASSED] - println(City): null

2020-01-02 08:12:52 - [TEST_STEP][PASSED] - println(Tel): null

2020-01-02 08:12:52 - [TEST_STEP][PASSED] - println(AutoEmail): null

2020-01-02 08:12:52 - [MESSAGE][PASSED] - Call Test Case 'Test Cases/AHI/_include/name' successfully

2020-01-02 08:12:52 - [TEST_STEP][PASSED] - try: Call Test Case 'Test Cases/AHI/_include/get_screenshot' successfully

2020-01-02 08:12:52 - [TEST_STEP][PASSED] - if (verifyTextPresent("Month Duration Acknowledgement", false)): Call Test Case 'Test Cases/AHI/_include/get_screenshot' successfully

2020-01-02 08:12:52 - [MESSAGE][PASSED] - Text 'Month Duration Acknowledgement' is present on page 

2020-01-02 08:12:52 - [TEST_STEP][PASSED] - click(findTestObject("mobileSanity/STM/Page_App Page 1/label_By checking this box I u")): Object: 'Object Repository/mobileSanity/STM/Page_App Page 1/label_By checking this box I u' is clicked on

2020-01-02 08:12:52 - [MESSAGE][PASSED] - Object: 'Object Repository/mobileSanity/STM/Page_App Page 1/label_By checking this box I u' is clicked on

2020-01-02 08:12:52 - [TEST_STEP][PASSED] - click(findTestObject("mobileSanity/STM/Page_App Page 1/button_Continue to Application")): Object: 'Object Repository/mobileSanity/STM/Page_App Page 1/button_Continue to Application' is clicked on

2020-01-02 08:12:54 - [MESSAGE][PASSED] - Object: 'Object Repository/mobileSanity/STM/Page_App Page 1/button_Continue to Application' is clicked on

2020-01-02 08:12:54 - [TEST_STEP][PASSED] - waitForPageLoad(20): Wait for page load successfully

2020-01-02 08:12:54 - [MESSAGE][PASSED] - Wait for page load successfully

2020-01-02 08:12:54 - [TEST_STEP][PASSED] - Thread.sleep(5000): null

2020-01-02 08:12:59 - [TEST_STEP][PASSED] - callTestCase(findTestCase("AHI/_include/get_screenshot"), [:], STOP_ON_FAILURE): Call Test Case 'Test Cases/AHI/_include/get_screenshot' successfully

2020-01-02 08:12:59 - [TEST_CASE][PASSED] - Test Cases/AHI/_include/get_screenshot: Test Cases/AHI/_include/get_screenshot

2020-01-02 08:12:59 - [TEST_STEP][PASSED] - takeScreenshot(screenPath + i + ".png"): Taking screenshot successfully

2020-01-02 08:13:00 - [MESSAGE][PASSED] - Taking screenshot successfully
[[ATTACHMENT|D:\\Test\\AgileTest\\Reports\\AHI\\stm\\20200102_080029\\../Screenshots/iPhone 6/stm/Companion/20200102_081149/7.png]]

2020-01-02 08:13:00 - [TEST_STEP][PASSED] - (internal.GlobalVariable.i++): null

2020-01-02 08:13:00 - [MESSAGE][PASSED] - Call Test Case 'Test Cases/AHI/_include/get_screenshot' successfully

2020-01-02 08:13:00 - [TEST_STEP][PASSED] - waitForPageLoad(10): Wait for page load successfully

2020-01-02 08:13:00 - [MESSAGE][PASSED] - Wait for page load successfully

2020-01-02 08:13:00 - [TEST_STEP][PASSED] - Thread.sleep(3000): null

2020-01-02 08:13:03 - [TEST_STEP][PASSED] - waitForElementVisible(findTestObject("mobileSanity/STM/Page_App Page 1/a_Autofill App Info"), 20): Object 'Object Repository/mobileSanity/STM/Page_App Page 1/a_Autofill App Info' is visible

2020-01-02 08:13:03 - [MESSAGE][PASSED] - Object 'Object Repository/mobileSanity/STM/Page_App Page 1/a_Autofill App Info' is visible

2020-01-02 08:13:03 - [TEST_STEP][PASSED] - click(findTestObject("mobileSanity/STM/Page_App Page 1/a_Autofill App Info")): Object: 'Object Repository/mobileSanity/STM/Page_App Page 1/a_Autofill App Info' is clicked on

2020-01-02 08:13:03 - [MESSAGE][PASSED] - Object: 'Object Repository/mobileSanity/STM/Page_App Page 1/a_Autofill App Info' is clicked on

2020-01-02 08:13:03 - [TEST_STEP][PASSED] - Thread.sleep(1000): null

2020-01-02 08:13:04 - [TEST_STEP][PASSED] - click(findTestObject("mobileSanity/STM/Page_App Page 1/a_Autofill App Info")): Object: 'Object Repository/mobileSanity/STM/Page_App Page 1/a_Autofill App Info' is clicked on

2020-01-02 08:13:04 - [MESSAGE][PASSED] - Object: 'Object Repository/mobileSanity/STM/Page_App Page 1/a_Autofill App Info' is clicked on

2020-01-02 08:13:04 - [TEST_STEP][PASSED] - Thread.sleep(1000): null

2020-01-02 08:13:05 - [TEST_STEP][PASSED] - waitForElementVisible(findTestObject("mobileSanity/STM/Page_App Page 1/a_Continue"), 20): Object 'Object Repository/mobileSanity/STM/Page_App Page 1/a_Continue' is visible

2020-01-02 08:13:05 - [MESSAGE][PASSED] - Object 'Object Repository/mobileSanity/STM/Page_App Page 1/a_Continue' is visible

2020-01-02 08:13:05 - [TEST_STEP][PASSED] - click(findTestObject("mobileSanity/STM/Page_App Page 1/a_Continue")): Object: 'Object Repository/mobileSanity/STM/Page_App Page 1/a_Continue' is clicked on

2020-01-02 08:13:05 - [MESSAGE][PASSED] - Object: 'Object Repository/mobileSanity/STM/Page_App Page 1/a_Continue' is clicked on

2020-01-02 08:13:05 - [TEST_STEP][PASSED] - waitForPageLoad(20): Wait for page load successfully

2020-01-02 08:13:05 - [MESSAGE][PASSED] - Wait for page load successfully

2020-01-02 08:13:05 - [TEST_STEP][PASSED] - Thread.sleep(5000): null

2020-01-02 08:13:10 - [TEST_STEP][PASSED] - callTestCase(findTestCase("AHI/_include/get_screenshot"), [:], STOP_ON_FAILURE): Call Test Case 'Test Cases/AHI/_include/get_screenshot' successfully

2020-01-02 08:13:10 - [TEST_CASE][PASSED] - Test Cases/AHI/_include/get_screenshot: Test Cases/AHI/_include/get_screenshot

2020-01-02 08:13:10 - [TEST_STEP][PASSED] - takeScreenshot(screenPath + i + ".png"): Taking screenshot successfully

2020-01-02 08:13:11 - [MESSAGE][PASSED] - Taking screenshot successfully
[[ATTACHMENT|D:\\Test\\AgileTest\\Reports\\AHI\\stm\\20200102_080029\\../Screenshots/iPhone 6/stm/Companion/20200102_081149/8.png]]

2020-01-02 08:13:11 - [TEST_STEP][PASSED] - (internal.GlobalVariable.i++): null

2020-01-02 08:13:11 - [MESSAGE][PASSED] - Call Test Case 'Test Cases/AHI/_include/get_screenshot' successfully

2020-01-02 08:13:11 - [TEST_STEP][PASSED] - click(findTestObject("mobileSanity/STM/Page_App Page 2/a_Continue to Step 3 - Payment")): Object: 'Object Repository/mobileSanity/STM/Page_App Page 2/a_Continue to Step 3 - Payment' is clicked on

2020-01-02 08:13:11 - [MESSAGE][PASSED] - Object: 'Object Repository/mobileSanity/STM/Page_App Page 2/a_Continue to Step 3 - Payment' is clicked on

2020-01-02 08:13:11 - [TEST_STEP][PASSED] - waitForPageLoad(20): Wait for page load successfully

2020-01-02 08:13:11 - [MESSAGE][PASSED] - Wait for page load successfully

2020-01-02 08:13:11 - [TEST_STEP][PASSED] - waitForElementVisible(findTestObject("mobileSanity/STM/Page_App Page 3/input__credit-card-cvv"), 20): Object 'Object Repository/mobileSanity/STM/Page_App Page 3/input__credit-card-cvv' is visible

2020-01-02 08:13:12 - [MESSAGE][PASSED] - Object 'Object Repository/mobileSanity/STM/Page_App Page 3/input__credit-card-cvv' is visible

2020-01-02 08:13:12 - [TEST_STEP][PASSED] - Thread.sleep(2000): null

2020-01-02 08:13:14 - [TEST_STEP][PASSED] - callTestCase(findTestCase("AHI/_include/get_screenshot"), [:], STOP_ON_FAILURE): Call Test Case 'Test Cases/AHI/_include/get_screenshot' successfully

2020-01-02 08:13:14 - [TEST_CASE][PASSED] - Test Cases/AHI/_include/get_screenshot: Test Cases/AHI/_include/get_screenshot

2020-01-02 08:13:14 - [TEST_STEP][PASSED] - takeScreenshot(screenPath + i + ".png"): Taking screenshot successfully

2020-01-02 08:13:14 - [MESSAGE][PASSED] - Taking screenshot successfully
[[ATTACHMENT|D:\\Test\\AgileTest\\Reports\\AHI\\stm\\20200102_080029\\../Screenshots/iPhone 6/stm/Companion/20200102_081149/9.png]]

2020-01-02 08:13:14 - [TEST_STEP][PASSED] - (internal.GlobalVariable.i++): null

2020-01-02 08:13:14 - [MESSAGE][PASSED] - Call Test Case 'Test Cases/AHI/_include/get_screenshot' successfully

2020-01-02 08:13:14 - [TEST_STEP][PASSED] - clearText(findTestObject("mobileSanity/STM/Page_App Page 3/input__credit-card-cvv")): Text of object 'Object Repository/mobileSanity/STM/Page_App Page 3/input__credit-card-cvv' is cleared

2020-01-02 08:13:14 - [MESSAGE][PASSED] - Text of object 'Object Repository/mobileSanity/STM/Page_App Page 3/input__credit-card-cvv' is cleared

2020-01-02 08:13:14 - [TEST_STEP][PASSED] - setText(findTestObject("mobileSanity/STM/Page_App Page 3/input__credit-card-cvv"), "123"): Text '123' is set on object 'Object Repository/mobileSanity/STM/Page_App Page 3/input__credit-card-cvv'

2020-01-02 08:13:14 - [MESSAGE][PASSED] - Text '123' is set on object 'Object Repository/mobileSanity/STM/Page_App Page 3/input__credit-card-cvv'

2020-01-02 08:13:14 - [TEST_STEP][PASSED] - click(findTestObject("mobileSanity/STM/Page_App Page 3/label_I Accept Authorization f")): Object: 'Object Repository/mobileSanity/STM/Page_App Page 3/label_I Accept Authorization f' is clicked on

2020-01-02 08:13:14 - [MESSAGE][PASSED] - Object: 'Object Repository/mobileSanity/STM/Page_App Page 3/label_I Accept Authorization f' is clicked on

2020-01-02 08:13:14 - [TEST_STEP][PASSED] - click(findTestObject("mobileSanity/STM/Page_App Page 3/a_Continue to Step 4 - Review")): Object: 'Object Repository/mobileSanity/STM/Page_App Page 3/a_Continue to Step 4 - Review' is clicked on

2020-01-02 08:13:14 - [MESSAGE][PASSED] - Object: 'Object Repository/mobileSanity/STM/Page_App Page 3/a_Continue to Step 4 - Review' is clicked on

2020-01-02 08:13:14 - [TEST_STEP][PASSED] - waitForPageLoad(10): Wait for page load successfully

2020-01-02 08:13:14 - [MESSAGE][PASSED] - Wait for page load successfully

2020-01-02 08:13:14 - [TEST_STEP][PASSED] - waitForElementClickable(findTestObject("mobileSanity/STM/Page_App Page 4/label"), 10): Web element with id: 'Object Repository/mobileSanity/STM/Page_App Page 4/label' located by 'By.xpath: //input[@id = 'consent-checkbox-0']' not found

2020-01-02 08:13:26 - [MESSAGE][INFO] - Unable to find the element located by 'By.xpath: //input[@id = 'consent-checkbox-0']'. Please recheck the objects properties to make sure the desired element is located. 

2020-01-02 08:13:26 - [MESSAGE][WARNING] - Web element with id: 'Object Repository/mobileSanity/STM/Page_App Page 4/label' located by 'By.xpath: //input[@id = 'consent-checkbox-0']' not found

2020-01-02 08:13:26 - [TEST_STEP][PASSED] - Thread.sleep(2000): null

2020-01-02 08:13:28 - [TEST_STEP][PASSED] - callTestCase(findTestCase("AHI/_include/get_screenshot"), [:], STOP_ON_FAILURE): Call Test Case 'Test Cases/AHI/_include/get_screenshot' successfully

2020-01-02 08:13:28 - [TEST_CASE][PASSED] - Test Cases/AHI/_include/get_screenshot: Test Cases/AHI/_include/get_screenshot

2020-01-02 08:13:28 - [TEST_STEP][PASSED] - takeScreenshot(screenPath + i + ".png"): Taking screenshot successfully

2020-01-02 08:13:28 - [MESSAGE][PASSED] - Taking screenshot successfully
[[ATTACHMENT|D:\\Test\\AgileTest\\Reports\\AHI\\stm\\20200102_080029\\../Screenshots/iPhone 6/stm/Companion/20200102_081149/10.png]]

2020-01-02 08:13:28 - [TEST_STEP][PASSED] - (internal.GlobalVariable.i++): null

2020-01-02 08:13:28 - [MESSAGE][PASSED] - Call Test Case 'Test Cases/AHI/_include/get_screenshot' successfully

2020-01-02 08:13:28 - [TEST_STEP][PASSED] - click(findTestObject("mobileSanity/STM/Page_App Page 4/label")): Object: 'Object Repository/mobileSanity/STM/Page_App Page 4/label' is clicked on

2020-01-02 08:13:28 - [MESSAGE][PASSED] - Object: 'Object Repository/mobileSanity/STM/Page_App Page 4/label' is clicked on

2020-01-02 08:13:28 - [TEST_STEP][PASSED] - click(findTestObject("mobileSanity/STM/Page_App Page 4/div_CLICK TO SIGN")): Object: 'Object Repository/mobileSanity/STM/Page_App Page 4/div_CLICK TO SIGN' is clicked on

2020-01-02 08:13:29 - [MESSAGE][PASSED] - Object: 'Object Repository/mobileSanity/STM/Page_App Page 4/div_CLICK TO SIGN' is clicked on

2020-01-02 08:13:29 - [TEST_STEP][PASSED] - click(findTestObject("mobileSanity/STM/Page_App Page 4/a_Submit Your Application")): Object: 'Object Repository/mobileSanity/STM/Page_App Page 4/a_Submit Your Application' is clicked on

2020-01-02 08:13:29 - [MESSAGE][PASSED] - Object: 'Object Repository/mobileSanity/STM/Page_App Page 4/a_Submit Your Application' is clicked on

2020-01-02 08:13:29 - [TEST_STEP][PASSED] - Thread.sleep(30000): null

2020-01-02 08:13:59 - [TEST_STEP][PASSED] - waitForElementPresent(findTestObject("mobileSanity/STM/Page_App Page 6/app-page-wrapper"), 20): Object 'Object Repository/mobileSanity/STM/Page_App Page 6/app-page-wrapper' is present

2020-01-02 08:13:59 - [MESSAGE][PASSED] - Object 'Object Repository/mobileSanity/STM/Page_App Page 6/app-page-wrapper' is present

2020-01-02 08:13:59 - [TEST_STEP][PASSED] - callTestCase(findTestCase("AHI/_include/get_screenshot"), [:], STOP_ON_FAILURE): Call Test Case 'Test Cases/AHI/_include/get_screenshot' successfully

2020-01-02 08:13:59 - [TEST_CASE][PASSED] - Test Cases/AHI/_include/get_screenshot: Test Cases/AHI/_include/get_screenshot

2020-01-02 08:13:59 - [TEST_STEP][PASSED] - takeScreenshot(screenPath + i + ".png"): Taking screenshot successfully

2020-01-02 08:14:00 - [MESSAGE][PASSED] - Taking screenshot successfully
[[ATTACHMENT|D:\\Test\\AgileTest\\Reports\\AHI\\stm\\20200102_080029\\../Screenshots/iPhone 6/stm/Companion/20200102_081149/11.png]]

2020-01-02 08:14:00 - [TEST_STEP][PASSED] - (internal.GlobalVariable.i++): null

2020-01-02 08:14:00 - [MESSAGE][PASSED] - Call Test Case 'Test Cases/AHI/_include/get_screenshot' successfully

2020-01-02 08:14:00 - [MESSAGE][PASSED] - Call Test Case 'Test Cases/AHI/_include/goToEnd_stm_autofill' successfully]]></system-out>
         <system-err><![CDATA[]]></system-err>
      </testcase>
      <testcase name="Test Cases/AHI/stm/Everest Prime" classname="Test Cases/AHI/stm/Everest Prime" status="PASSED">
         <system-out><![CDATA[2020-01-02 08:14:00 - [TEST_CASE][PASSED] - Test Cases/AHI/stm/Everest Prime: Test Cases/AHI/stm/Everest Prime

2020-01-02 08:14:00 - [TEST_STEP][PASSED] - callTestCase(findTestCase("AHI/_include/get_screenPath"), ["productLine":"stm", "carrierName":"Everest Prime"], CONTINUE_ON_FAILURE): Call Test Case 'Test Cases/AHI/_include/get_screenPath' successfully

2020-01-02 08:14:00 - [TEST_CASE][PASSED] - Test Cases/AHI/_include/get_screenPath: Test Cases/AHI/_include/get_screenPath

2020-01-02 08:14:00 - [TEST_STEP][PASSED] - m = getExecutionProperties(): null

2020-01-02 08:14:00 - [TEST_STEP][PASSED] - deviceName = get("mobileEmulation").get("deviceName"): null

2020-01-02 08:14:00 - [TEST_STEP][PASSED] - println(deviceName): null

2020-01-02 08:14:00 - [TEST_STEP][PASSED] - now = new java.util.Date(): null

2020-01-02 08:14:00 - [TEST_STEP][PASSED] - mydate = now.format("yyyyMMdd_HHmmss"): null

2020-01-02 08:14:00 - [TEST_STEP][PASSED] - screenPath = "../Screenshots/": null

2020-01-02 08:14:00 - [TEST_STEP][PASSED] - screenPath = screenPath + deviceName + "/" + productLine + "/" + carrierName + "/" + mydate + "/": null

2020-01-02 08:14:00 - [TEST_STEP][PASSED] - println(screenPath): null

2020-01-02 08:14:00 - [MESSAGE][PASSED] - Call Test Case 'Test Cases/AHI/_include/get_screenPath' successfully

2020-01-02 08:14:00 - [TEST_STEP][PASSED] - i = 0: null

2020-01-02 08:14:00 - [TEST_STEP][PASSED] - callTestCase(findTestCase("AHI/_include/openWebSite"), [:], CONTINUE_ON_FAILURE): Call Test Case 'Test Cases/AHI/_include/openWebSite' successfully

2020-01-02 08:14:00 - [TEST_CASE][PASSED] - Test Cases/AHI/_include/openWebSite: Test Cases/AHI/_include/openWebSite

2020-01-02 08:14:00 - [TEST_STEP][PASSED] - openBrowser(env): Browser is opened with url: 'https://praetemptatus.agilehealthinsurance.com'

2020-01-02 08:14:00 - [MESSAGE][WARNING] - A browser is already opened. Closing browser and opening a new one

2020-01-02 08:14:02 - [MESSAGE][INFO] - Starting 'Chrome' driver

2020-01-02 08:14:02 - [MESSAGE][INFO] - User set preference: ['mobileEmulation', '{deviceName=iPhone 6}']

2020-01-02 08:14:02 - [MESSAGE][INFO] - User set preference: ['args', '[--incognito, --aggressive-cache-discard, --window-size=375,677, --no-sandbox]']

2020-01-02 08:14:06 - [MESSAGE][PASSED] - Browser is opened with url: 'https://praetemptatus.agilehealthinsurance.com'

2020-01-02 08:14:06 - [TEST_STEP][PASSED] - waitForPageLoad(20): Wait for page load successfully

2020-01-02 08:14:06 - [MESSAGE][PASSED] - Wait for page load successfully

2020-01-02 08:14:06 - [TEST_STEP][PASSED] - callTestCase(findTestCase("AHI/_include/get_screenshot"), [:], STOP_ON_FAILURE): Call Test Case 'Test Cases/AHI/_include/get_screenshot' successfully

2020-01-02 08:14:06 - [TEST_CASE][PASSED] - Test Cases/AHI/_include/get_screenshot: Test Cases/AHI/_include/get_screenshot

2020-01-02 08:14:06 - [TEST_STEP][PASSED] - takeScreenshot(screenPath + i + ".png"): Taking screenshot successfully

2020-01-02 08:14:09 - [MESSAGE][PASSED] - Taking screenshot successfully
[[ATTACHMENT|D:\\Test\\AgileTest\\Reports\\AHI\\stm\\20200102_080029\\../Screenshots/iPhone 6/stm/Everest Prime/20200102_081400/0.png]]

2020-01-02 08:14:09 - [TEST_STEP][PASSED] - (internal.GlobalVariable.i++): null

2020-01-02 08:14:09 - [MESSAGE][PASSED] - Call Test Case 'Test Cases/AHI/_include/get_screenshot' successfully

2020-01-02 08:14:09 - [MESSAGE][PASSED] - Call Test Case 'Test Cases/AHI/_include/openWebSite' successfully

2020-01-02 08:14:09 - [TEST_STEP][PASSED] - callTestCase(findTestCase("AHI/_include/census_stm"), [:], CONTINUE_ON_FAILURE): Call Test Case 'Test Cases/AHI/_include/census_stm' successfully

2020-01-02 08:14:09 - [TEST_CASE][PASSED] - Test Cases/AHI/_include/census_stm: Test Cases/AHI/_include/census_stm

2020-01-02 08:14:09 - [TEST_STEP][PASSED] - waitForElementClickable(findTestObject("mobileSanity/STM/Home Page/a_Quote  Save Today"), 10): Object 'Object Repository/mobileSanity/STM/Home Page/a_Quote  Save Today' is clickable

2020-01-02 08:14:09 - [MESSAGE][PASSED] - Object 'Object Repository/mobileSanity/STM/Home Page/a_Quote  Save Today' is clickable

2020-01-02 08:14:09 - [TEST_STEP][PASSED] - click(findTestObject("mobileSanity/STM/Home Page/a_Quote  Save Today")): Object: 'Object Repository/mobileSanity/STM/Home Page/a_Quote  Save Today' is clicked on

2020-01-02 08:14:11 - [MESSAGE][PASSED] - Object: 'Object Repository/mobileSanity/STM/Home Page/a_Quote  Save Today' is clicked on

2020-01-02 08:14:11 - [TEST_STEP][PASSED] - waitForPageLoad(10): Wait for page load successfully

2020-01-02 08:14:11 - [MESSAGE][PASSED] - Wait for page load successfully

2020-01-02 08:14:11 - [TEST_STEP][PASSED] - callTestCase(findTestCase("AHI/_include/get_screenshot"), [:], STOP_ON_FAILURE): Call Test Case 'Test Cases/AHI/_include/get_screenshot' successfully

2020-01-02 08:14:11 - [TEST_CASE][PASSED] - Test Cases/AHI/_include/get_screenshot: Test Cases/AHI/_include/get_screenshot

2020-01-02 08:14:11 - [TEST_STEP][PASSED] - takeScreenshot(screenPath + i + ".png"): Taking screenshot successfully

2020-01-02 08:14:11 - [MESSAGE][PASSED] - Taking screenshot successfully
[[ATTACHMENT|D:\\Test\\AgileTest\\Reports\\AHI\\stm\\20200102_080029\\../Screenshots/iPhone 6/stm/Everest Prime/20200102_081400/1.png]]

2020-01-02 08:14:11 - [TEST_STEP][PASSED] - (internal.GlobalVariable.i++): null

2020-01-02 08:14:11 - [MESSAGE][PASSED] - Call Test Case 'Test Cases/AHI/_include/get_screenshot' successfully

2020-01-02 08:14:11 - [TEST_STEP][PASSED] - setText(findTestObject("mobileSanity/STM/STM Census Page/input_Location_zip-input"), zipcode): Text '35215' is set on object 'Object Repository/mobileSanity/STM/STM Census Page/input_Location_zip-input'

2020-01-02 08:14:12 - [MESSAGE][PASSED] - Text '35215' is set on object 'Object Repository/mobileSanity/STM/STM Census Page/input_Location_zip-input'

2020-01-02 08:14:12 - [TEST_STEP][PASSED] - Thread.sleep(500): null

2020-01-02 08:14:12 - [TEST_STEP][PASSED] - setText(findTestObject("mobileSanity/STM/STM Census Page/input_Date of Birth_dob-0"), "03031987"): Text '03031987' is set on object 'Object Repository/mobileSanity/STM/STM Census Page/input_Date of Birth_dob-0'

2020-01-02 08:14:12 - [MESSAGE][PASSED] - Text '03031987' is set on object 'Object Repository/mobileSanity/STM/STM Census Page/input_Date of Birth_dob-0'

2020-01-02 08:14:12 - [TEST_STEP][PASSED] - click(findTestObject("mobileSanity/STM/STM Census Page/label_Male")): Object: 'Object Repository/mobileSanity/STM/STM Census Page/label_Male' is clicked on

2020-01-02 08:14:13 - [MESSAGE][PASSED] - Object: 'Object Repository/mobileSanity/STM/STM Census Page/label_Male' is clicked on

2020-01-02 08:14:13 - [TEST_STEP][PASSED] - click(findTestObject("mobileSanity/STM/STM Census Page/label_Compare Plans")): Object: 'Object Repository/mobileSanity/STM/STM Census Page/label_Compare Plans' is clicked on

2020-01-02 08:14:14 - [MESSAGE][PASSED] - Object: 'Object Repository/mobileSanity/STM/STM Census Page/label_Compare Plans' is clicked on

2020-01-02 08:14:14 - [TEST_STEP][PASSED] - waitForElementVisible(findTestObject("mobileSanity/STM/STM Quote Page/button_sort"), 20): Object 'Object Repository/mobileSanity/STM/STM Quote Page/button_sort' is visible

2020-01-02 08:14:15 - [MESSAGE][PASSED] - Object 'Object Repository/mobileSanity/STM/STM Quote Page/button_sort' is visible

2020-01-02 08:14:15 - [TEST_STEP][PASSED] - Thread.sleep(3000): null

2020-01-02 08:14:19 - [TEST_STEP][PASSED] - callTestCase(findTestCase("AHI/_include/check_quoteleadform"), [:], STOP_ON_FAILURE): Call Test Case 'Test Cases/AHI/_include/check_quoteleadform' successfully

2020-01-02 08:14:19 - [TEST_CASE][PASSED] - Test Cases/AHI/_include/check_quoteleadform: Test Cases/AHI/_include/check_quoteleadform

2020-01-02 08:14:19 - [TEST_STEP][PASSED] - callTestCase(findTestCase("AHI/_include/name"), [:], CONTINUE_ON_FAILURE): Call Test Case 'Test Cases/AHI/_include/name' successfully

2020-01-02 08:14:19 - [TEST_CASE][PASSED] - Test Cases/AHI/_include/name: Test Cases/AHI/_include/name

2020-01-02 08:14:19 - [TEST_STEP][PASSED] - driver = getWebDriver(): null

2020-01-02 08:14:19 - [TEST_STEP][PASSED] - selenium = new com.thoughtworks.selenium.webdriven.WebDriverBackedSelenium(driver, internal.GlobalVariable.ENV): null

2020-01-02 08:14:19 - [TEST_STEP][PASSED] - FirstName = "Test-123": null

2020-01-02 08:14:19 - [TEST_STEP][PASSED] - LastName = selenium.getEval("{var x="ABCDEFGHIJKLMNOPQRSTUVWXYZabcdefghijklmnopqrstuvwxyz"; var tmp="ZZ11-"; for (i=0;i<8;i++) tmp+=x.charAt(Math.ceil(51*Math.random()));tmp;}"): null

2020-01-02 08:14:19 - [TEST_STEP][PASSED] - Address = selenium.getEval("{var x="ABCDEFGHIJKLMNOPQRSTUVWXYZabcdefghijklmnopqrstuvwxyz"; var tmp=""; for (i=0;i<8;i++) tmp+=x.charAt(Math.ceil(51*Math.random()));tmp;}"): null

2020-01-02 08:14:19 - [TEST_STEP][PASSED] - City = selenium.getEval("{var x="ABCDEFGHIJKLMNOPQRSTUVWXYZabcdefghijklmnopqrstuvwxyz"; var tmp=""; for (i=0;i<8;i++) tmp+=x.charAt(Math.ceil(51*Math.random()));tmp;}"): null

2020-01-02 08:14:19 - [TEST_STEP][PASSED] - tel1 = selenium.getEval("{var x="123456789"; var tmp=""; for (i=0;i<3;i++) tmp+=x.charAt(Math.ceil(8*Math.random()));tmp;}"): null

2020-01-02 08:14:19 - [TEST_STEP][PASSED] - tel2 = selenium.getEval("{var x="123456789"; var tmp=""; for (i=0;i<3;i++) tmp+=x.charAt(Math.ceil(8*Math.random()));tmp;}"): null

2020-01-02 08:14:19 - [TEST_STEP][PASSED] - tel3 = selenium.getEval("{var x="123456789"; var tmp=""; for (i=0;i<4;i++) tmp+=x.charAt(Math.ceil(8*Math.random()));tmp;}"): null

2020-01-02 08:14:19 - [TEST_STEP][PASSED] - Tel = selenium.getExpression(tel1 + "-" + tel2 + "-" + tel3): null

2020-01-02 08:14:19 - [TEST_STEP][PASSED] - AutoEmail = selenium.getEval("{var x="ABCDEFGHIJKLMNOPQRSTUVWXYZabcdefghijklmnopqrstuvwxyz"; var tmp="test."; for (i=0;i<8;i++) tmp+=x.charAt(Math.ceil(51*Math.random()));tmp+="@suryani.cn";}"): null

2020-01-02 08:14:19 - [TEST_STEP][PASSED] - FirstName = FirstName: null

2020-01-02 08:14:19 - [TEST_STEP][PASSED] - LastName = LastName: null

2020-01-02 08:14:19 - [TEST_STEP][PASSED] - Address = Address: null

2020-01-02 08:14:19 - [TEST_STEP][PASSED] - City = City: null

2020-01-02 08:14:19 - [TEST_STEP][PASSED] - Tel = Tel: null

2020-01-02 08:14:19 - [TEST_STEP][PASSED] - AutoEmail = AutoEmail: null

2020-01-02 08:14:19 - [TEST_STEP][PASSED] - println(FirstName): null

2020-01-02 08:14:19 - [TEST_STEP][PASSED] - println(LastName): null

2020-01-02 08:14:19 - [TEST_STEP][PASSED] - println(Address): null

2020-01-02 08:14:19 - [TEST_STEP][PASSED] - println(City): null

2020-01-02 08:14:19 - [TEST_STEP][PASSED] - println(Tel): null

2020-01-02 08:14:19 - [TEST_STEP][PASSED] - println(AutoEmail): null

2020-01-02 08:14:19 - [MESSAGE][PASSED] - Call Test Case 'Test Cases/AHI/_include/name' successfully

2020-01-02 08:14:19 - [TEST_STEP][PASSED] - leadform_exist = test.MobileKeywords.isElementPresent_Web(findTestObject("mobileSanity/quote lead form/lead_form"), 20): test.MobileKeywords.isElementPresent_Web is PASSED

2020-01-02 08:14:19 - [MESSAGE][PASSED] - test.MobileKeywords.isElementPresent_Web is PASSED

2020-01-02 08:14:19 - [TEST_STEP][PASSED] - if (leadform_exist): null

2020-01-02 08:14:19 - [TEST_STEP][PASSED] - setText(findTestObject("mobileSanity/quote lead form/first"), FirstName): Text 'Test-123' is set on object 'Object Repository/mobileSanity/quote lead form/first'

2020-01-02 08:14:19 - [MESSAGE][PASSED] - Text 'Test-123' is set on object 'Object Repository/mobileSanity/quote lead form/first'

2020-01-02 08:14:19 - [TEST_STEP][PASSED] - setText(findTestObject("mobileSanity/quote lead form/last"), LastName): Text 'ZZ11-YIkGyEFx' is set on object 'Object Repository/mobileSanity/quote lead form/last'

2020-01-02 08:14:20 - [MESSAGE][PASSED] - Text 'ZZ11-YIkGyEFx' is set on object 'Object Repository/mobileSanity/quote lead form/last'

2020-01-02 08:14:20 - [TEST_STEP][PASSED] - setText(findTestObject("mobileSanity/quote lead form/email"), AutoEmail): Text 'test.SSkIXqiT@suryani.cn' is set on object 'Object Repository/mobileSanity/quote lead form/email'

2020-01-02 08:14:20 - [MESSAGE][PASSED] - Text 'test.SSkIXqiT@suryani.cn' is set on object 'Object Repository/mobileSanity/quote lead form/email'

2020-01-02 08:14:20 - [TEST_STEP][PASSED] - setText(findTestObject("mobileSanity/quote lead form/phone"), Tel): Text '749-248-5568' is set on object 'Object Repository/mobileSanity/quote lead form/phone'

2020-01-02 08:14:20 - [MESSAGE][PASSED] - Text '749-248-5568' is set on object 'Object Repository/mobileSanity/quote lead form/phone'

2020-01-02 08:14:20 - [TEST_STEP][PASSED] - click(findTestObject("mobileSanity/quote lead form/submit")): Object: 'Object Repository/mobileSanity/quote lead form/submit' is clicked on

2020-01-02 08:14:21 - [MESSAGE][PASSED] - Object: 'Object Repository/mobileSanity/quote lead form/submit' is clicked on

2020-01-02 08:14:21 - [TEST_STEP][PASSED] - Thread.sleep(3000): null

2020-01-02 08:14:24 - [MESSAGE][PASSED] - Call Test Case 'Test Cases/AHI/_include/check_quoteleadform' successfully

2020-01-02 08:14:24 - [TEST_STEP][PASSED] - callTestCase(findTestCase("AHI/_include/get_screenshot"), [:], STOP_ON_FAILURE): Call Test Case 'Test Cases/AHI/_include/get_screenshot' successfully

2020-01-02 08:14:24 - [TEST_CASE][PASSED] - Test Cases/AHI/_include/get_screenshot: Test Cases/AHI/_include/get_screenshot

2020-01-02 08:14:24 - [TEST_STEP][PASSED] - takeScreenshot(screenPath + i + ".png"): Taking screenshot successfully

2020-01-02 08:14:25 - [MESSAGE][PASSED] - Taking screenshot successfully
[[ATTACHMENT|D:\\Test\\AgileTest\\Reports\\AHI\\stm\\20200102_080029\\../Screenshots/iPhone 6/stm/Everest Prime/20200102_081400/2.png]]

2020-01-02 08:14:25 - [TEST_STEP][PASSED] - (internal.GlobalVariable.i++): null

2020-01-02 08:14:25 - [MESSAGE][PASSED] - Call Test Case 'Test Cases/AHI/_include/get_screenshot' successfully

2020-01-02 08:14:25 - [TEST_STEP][PASSED] - Thread.sleep(1000): null

2020-01-02 08:14:26 - [MESSAGE][PASSED] - Call Test Case 'Test Cases/AHI/_include/census_stm' successfully

2020-01-02 08:14:26 - [TEST_STEP][PASSED] - callTestCase(findTestCase("AHI/_include/filter_stm"), ["carrier":"everest"], STOP_ON_FAILURE): Call Test Case 'Test Cases/AHI/_include/filter_stm' successfully

2020-01-02 08:14:26 - [TEST_CASE][PASSED] - Test Cases/AHI/_include/filter_stm: Test Cases/AHI/_include/filter_stm

2020-01-02 08:14:26 - [TEST_STEP][PASSED] - driver = getWebDriver(): null

2020-01-02 08:14:26 - [TEST_STEP][PASSED] - selenium = new com.thoughtworks.selenium.webdriven.WebDriverBackedSelenium(driver, internal.GlobalVariable.ENV): null

2020-01-02 08:14:26 - [TEST_STEP][PASSED] - Thread.sleep(1000): null

2020-01-02 08:14:27 - [TEST_STEP][PASSED] - click(findTestObject("mobileSanity/STM/STM Quote Page/button_filters")): Object: 'Object Repository/mobileSanity/STM/STM Quote Page/button_filters' is clicked on

2020-01-02 08:14:28 - [MESSAGE][PASSED] - Object: 'Object Repository/mobileSanity/STM/STM Quote Page/button_filters' is clicked on

2020-01-02 08:14:28 - [TEST_STEP][PASSED] - Thread.sleep(1000): null

2020-01-02 08:14:29 - [TEST_STEP][PASSED] - click(findTestObject("mobileSanity/STM/STM Quote Page/i_Insurance company")): Object: 'Object Repository/mobileSanity/STM/STM Quote Page/i_Insurance company' is clicked on

2020-01-02 08:14:29 - [MESSAGE][PASSED] - Object: 'Object Repository/mobileSanity/STM/STM Quote Page/i_Insurance company' is clicked on

2020-01-02 08:14:29 - [TEST_STEP][PASSED] - Thread.sleep(1000): null

2020-01-02 08:14:30 - [TEST_STEP][PASSED] - filter_carrier = "//input[@name='filter[carrier]' and @value='" + carrier + "']/following::label": null

2020-01-02 08:14:30 - [TEST_STEP][PASSED] - println(filter_carrier): null

2020-01-02 08:14:30 - [TEST_STEP][PASSED] - test.MobileKeywords.clickJS_ByXpath(filter_carrier): test.MobileKeywords.clickJS_ByXpath is PASSED

2020-01-02 08:14:30 - [MESSAGE][PASSED] - Execute JavaScript 'arguments[0].click()' successfully

2020-01-02 08:14:30 - [MESSAGE][PASSED] - test.MobileKeywords.clickJS_ByXpath is PASSED

2020-01-02 08:14:30 - [TEST_STEP][PASSED] - click(findTestObject("mobileSanity/STM/STM Quote Page/js-close c-link-button")): Object: 'Object Repository/mobileSanity/STM/STM Quote Page/js-close c-link-button' is clicked on

2020-01-02 08:14:30 - [MESSAGE][PASSED] - Object: 'Object Repository/mobileSanity/STM/STM Quote Page/js-close c-link-button' is clicked on

2020-01-02 08:14:30 - [TEST_STEP][PASSED] - Thread.sleep(2000): null

2020-01-02 08:14:32 - [TEST_STEP][PASSED] - callTestCase(findTestCase("AHI/_include/get_screenshot"), [:], STOP_ON_FAILURE): Call Test Case 'Test Cases/AHI/_include/get_screenshot' successfully

2020-01-02 08:14:33 - [TEST_CASE][PASSED] - Test Cases/AHI/_include/get_screenshot: Test Cases/AHI/_include/get_screenshot

2020-01-02 08:14:33 - [TEST_STEP][PASSED] - takeScreenshot(screenPath + i + ".png"): Taking screenshot successfully

2020-01-02 08:14:33 - [MESSAGE][PASSED] - Taking screenshot successfully
[[ATTACHMENT|D:\\Test\\AgileTest\\Reports\\AHI\\stm\\20200102_080029\\../Screenshots/iPhone 6/stm/Everest Prime/20200102_081400/3.png]]

2020-01-02 08:14:33 - [TEST_STEP][PASSED] - (internal.GlobalVariable.i++): null

2020-01-02 08:14:33 - [MESSAGE][PASSED] - Call Test Case 'Test Cases/AHI/_include/get_screenshot' successfully

2020-01-02 08:14:33 - [MESSAGE][PASSED] - Call Test Case 'Test Cases/AHI/_include/filter_stm' successfully

2020-01-02 08:14:33 - [TEST_STEP][PASSED] - callTestCase(findTestCase("AHI/_include/goToDetail_stm"), ["carrier":"everest"], STOP_ON_FAILURE): Call Test Case 'Test Cases/AHI/_include/goToDetail_stm' successfully

2020-01-02 08:14:33 - [TEST_CASE][PASSED] - Test Cases/AHI/_include/goToDetail_stm: Test Cases/AHI/_include/goToDetail_stm

2020-01-02 08:14:33 - [TEST_STEP][PASSED] - driver = getWebDriver(): null

2020-01-02 08:14:33 - [TEST_STEP][PASSED] - selenium = new com.thoughtworks.selenium.webdriven.WebDriverBackedSelenium(driver, internal.GlobalVariable.ENV): null

2020-01-02 08:14:33 - [TEST_STEP][PASSED] - a_plan_name = "xpath=//a[contains(@href,'/term-health-insurance/plan/" + carrier + "')]": null

2020-01-02 08:14:33 - [TEST_STEP][PASSED] - println(a_plan_name): null

2020-01-02 08:14:33 - [TEST_STEP][PASSED] - selenium.click(a_plan_name): null

2020-01-02 08:14:35 - [TEST_STEP][PASSED] - waitForPageLoad(20): Wait for page load successfully

2020-01-02 08:14:35 - [MESSAGE][PASSED] - Wait for page load successfully

2020-01-02 08:14:35 - [TEST_STEP][PASSED] - Thread.sleep(2000): null

2020-01-02 08:14:37 - [TEST_STEP][PASSED] - callTestCase(findTestCase("AHI/_include/get_screenshot"), [:], STOP_ON_FAILURE): Call Test Case 'Test Cases/AHI/_include/get_screenshot' successfully

2020-01-02 08:14:37 - [TEST_CASE][PASSED] - Test Cases/AHI/_include/get_screenshot: Test Cases/AHI/_include/get_screenshot

2020-01-02 08:14:37 - [TEST_STEP][PASSED] - takeScreenshot(screenPath + i + ".png"): Taking screenshot successfully

2020-01-02 08:14:37 - [MESSAGE][PASSED] - Taking screenshot successfully
[[ATTACHMENT|D:\\Test\\AgileTest\\Reports\\AHI\\stm\\20200102_080029\\../Screenshots/iPhone 6/stm/Everest Prime/20200102_081400/4.png]]

2020-01-02 08:14:37 - [TEST_STEP][PASSED] - (internal.GlobalVariable.i++): null

2020-01-02 08:14:37 - [MESSAGE][PASSED] - Call Test Case 'Test Cases/AHI/_include/get_screenshot' successfully

2020-01-02 08:14:37 - [MESSAGE][PASSED] - Call Test Case 'Test Cases/AHI/_include/goToDetail_stm' successfully

2020-01-02 08:14:37 - [TEST_STEP][PASSED] - callTestCase(findTestCase("AHI/_include/apply_stm"), [:], STOP_ON_FAILURE): Call Test Case 'Test Cases/AHI/_include/apply_stm' successfully

2020-01-02 08:14:37 - [TEST_CASE][PASSED] - Test Cases/AHI/_include/apply_stm: Test Cases/AHI/_include/apply_stm

2020-01-02 08:14:37 - [TEST_STEP][PASSED] - waitForElementVisible(findTestObject("mobileSanity/STM/STM PlanDetail Page/a_Apply for This Plan"), 5): Object 'Object Repository/mobileSanity/STM/STM PlanDetail Page/a_Apply for This Plan' is visible

2020-01-02 08:14:37 - [MESSAGE][PASSED] - Object 'Object Repository/mobileSanity/STM/STM PlanDetail Page/a_Apply for This Plan' is visible

2020-01-02 08:14:37 - [TEST_STEP][PASSED] - click(findTestObject("mobileSanity/STM/STM PlanDetail Page/a_Apply for This Plan")): Object: 'Object Repository/mobileSanity/STM/STM PlanDetail Page/a_Apply for This Plan' is clicked on

2020-01-02 08:14:38 - [MESSAGE][PASSED] - Object: 'Object Repository/mobileSanity/STM/STM PlanDetail Page/a_Apply for This Plan' is clicked on

2020-01-02 08:14:38 - [TEST_STEP][PASSED] - waitForPageLoad(10): Wait for page load successfully

2020-01-02 08:14:38 - [MESSAGE][PASSED] - Wait for page load successfully

2020-01-02 08:14:38 - [TEST_STEP][PASSED] - Thread.sleep(2000): null

2020-01-02 08:14:40 - [TEST_STEP][PASSED] - callTestCase(findTestCase("AHI/_include/get_screenshot"), [:], STOP_ON_FAILURE): Call Test Case 'Test Cases/AHI/_include/get_screenshot' successfully

2020-01-02 08:14:40 - [TEST_CASE][PASSED] - Test Cases/AHI/_include/get_screenshot: Test Cases/AHI/_include/get_screenshot

2020-01-02 08:14:40 - [TEST_STEP][PASSED] - takeScreenshot(screenPath + i + ".png"): Taking screenshot successfully

2020-01-02 08:14:40 - [MESSAGE][PASSED] - Taking screenshot successfully
[[ATTACHMENT|D:\\Test\\AgileTest\\Reports\\AHI\\stm\\20200102_080029\\../Screenshots/iPhone 6/stm/Everest Prime/20200102_081400/5.png]]

2020-01-02 08:14:40 - [TEST_STEP][PASSED] - (internal.GlobalVariable.i++): null

2020-01-02 08:14:40 - [MESSAGE][PASSED] - Call Test Case 'Test Cases/AHI/_include/get_screenshot' successfully

2020-01-02 08:14:40 - [TEST_STEP][PASSED] - waitForElementVisible(findTestObject("mobileSanity/STM/STM Apply Page/a_Start Secure Application"), 5): Object 'Object Repository/mobileSanity/STM/STM Apply Page/a_Start Secure Application' is visible

2020-01-02 08:14:40 - [MESSAGE][PASSED] - Object 'Object Repository/mobileSanity/STM/STM Apply Page/a_Start Secure Application' is visible

2020-01-02 08:14:40 - [TEST_STEP][PASSED] - click(findTestObject("mobileSanity/STM/STM Apply Page/a_Start Secure Application")): Object: 'Object Repository/mobileSanity/STM/STM Apply Page/a_Start Secure Application' is clicked on

2020-01-02 08:14:41 - [MESSAGE][PASSED] - Object: 'Object Repository/mobileSanity/STM/STM Apply Page/a_Start Secure Application' is clicked on

2020-01-02 08:14:41 - [TEST_STEP][PASSED] - waitForPageLoad(20): Wait for page load successfully

2020-01-02 08:14:42 - [MESSAGE][PASSED] - Wait for page load successfully

2020-01-02 08:14:42 - [TEST_STEP][PASSED] - Thread.sleep(2000): null

2020-01-02 08:14:44 - [TEST_STEP][PASSED] - callTestCase(findTestCase("AHI/_include/get_screenshot"), [:], STOP_ON_FAILURE): Call Test Case 'Test Cases/AHI/_include/get_screenshot' successfully

2020-01-02 08:14:44 - [TEST_CASE][PASSED] - Test Cases/AHI/_include/get_screenshot: Test Cases/AHI/_include/get_screenshot

2020-01-02 08:14:44 - [TEST_STEP][PASSED] - takeScreenshot(screenPath + i + ".png"): Taking screenshot successfully

2020-01-02 08:14:45 - [MESSAGE][PASSED] - Taking screenshot successfully
[[ATTACHMENT|D:\\Test\\AgileTest\\Reports\\AHI\\stm\\20200102_080029\\../Screenshots/iPhone 6/stm/Everest Prime/20200102_081400/6.png]]

2020-01-02 08:14:45 - [TEST_STEP][PASSED] - (internal.GlobalVariable.i++): null

2020-01-02 08:14:45 - [MESSAGE][PASSED] - Call Test Case 'Test Cases/AHI/_include/get_screenshot' successfully

2020-01-02 08:14:45 - [MESSAGE][PASSED] - Call Test Case 'Test Cases/AHI/_include/apply_stm' successfully

2020-01-02 08:14:45 - [TEST_STEP][PASSED] - callTestCase(findTestCase("AHI/_include/goToEnd_stm_autofill"), [:], STOP_ON_FAILURE): Call Test Case 'Test Cases/AHI/_include/goToEnd_stm_autofill' successfully

2020-01-02 08:14:45 - [TEST_CASE][PASSED] - Test Cases/AHI/_include/goToEnd_stm_autofill: Test Cases/AHI/_include/goToEnd_stm_autofill

2020-01-02 08:14:45 - [TEST_STEP][PASSED] - callTestCase(findTestCase("AHI/_include/name"), [:], CONTINUE_ON_FAILURE): Call Test Case 'Test Cases/AHI/_include/name' successfully

2020-01-02 08:14:45 - [TEST_CASE][PASSED] - Test Cases/AHI/_include/name: Test Cases/AHI/_include/name

2020-01-02 08:14:45 - [TEST_STEP][PASSED] - driver = getWebDriver(): null

2020-01-02 08:14:45 - [TEST_STEP][PASSED] - selenium = new com.thoughtworks.selenium.webdriven.WebDriverBackedSelenium(driver, internal.GlobalVariable.ENV): null

2020-01-02 08:14:45 - [TEST_STEP][PASSED] - FirstName = "Test-123": null

2020-01-02 08:14:45 - [TEST_STEP][PASSED] - LastName = selenium.getEval("{var x="ABCDEFGHIJKLMNOPQRSTUVWXYZabcdefghijklmnopqrstuvwxyz"; var tmp="ZZ11-"; for (i=0;i<8;i++) tmp+=x.charAt(Math.ceil(51*Math.random()));tmp;}"): null

2020-01-02 08:14:45 - [TEST_STEP][PASSED] - Address = selenium.getEval("{var x="ABCDEFGHIJKLMNOPQRSTUVWXYZabcdefghijklmnopqrstuvwxyz"; var tmp=""; for (i=0;i<8;i++) tmp+=x.charAt(Math.ceil(51*Math.random()));tmp;}"): null

2020-01-02 08:14:45 - [TEST_STEP][PASSED] - City = selenium.getEval("{var x="ABCDEFGHIJKLMNOPQRSTUVWXYZabcdefghijklmnopqrstuvwxyz"; var tmp=""; for (i=0;i<8;i++) tmp+=x.charAt(Math.ceil(51*Math.random()));tmp;}"): null

2020-01-02 08:14:45 - [TEST_STEP][PASSED] - tel1 = selenium.getEval("{var x="123456789"; var tmp=""; for (i=0;i<3;i++) tmp+=x.charAt(Math.ceil(8*Math.random()));tmp;}"): null

2020-01-02 08:14:45 - [TEST_STEP][PASSED] - tel2 = selenium.getEval("{var x="123456789"; var tmp=""; for (i=0;i<3;i++) tmp+=x.charAt(Math.ceil(8*Math.random()));tmp;}"): null

2020-01-02 08:14:45 - [TEST_STEP][PASSED] - tel3 = selenium.getEval("{var x="123456789"; var tmp=""; for (i=0;i<4;i++) tmp+=x.charAt(Math.ceil(8*Math.random()));tmp;}"): null

2020-01-02 08:14:45 - [TEST_STEP][PASSED] - Tel = selenium.getExpression(tel1 + "-" + tel2 + "-" + tel3): null

2020-01-02 08:14:45 - [TEST_STEP][PASSED] - AutoEmail = selenium.getEval("{var x="ABCDEFGHIJKLMNOPQRSTUVWXYZabcdefghijklmnopqrstuvwxyz"; var tmp="test."; for (i=0;i<8;i++) tmp+=x.charAt(Math.ceil(51*Math.random()));tmp+="@suryani.cn";}"): null

2020-01-02 08:14:45 - [TEST_STEP][PASSED] - FirstName = FirstName: null

2020-01-02 08:14:45 - [TEST_STEP][PASSED] - LastName = LastName: null

2020-01-02 08:14:45 - [TEST_STEP][PASSED] - Address = Address: null

2020-01-02 08:14:45 - [TEST_STEP][PASSED] - City = City: null

2020-01-02 08:14:45 - [TEST_STEP][PASSED] - Tel = Tel: null

2020-01-02 08:14:45 - [TEST_STEP][PASSED] - AutoEmail = AutoEmail: null

2020-01-02 08:14:45 - [TEST_STEP][PASSED] - println(FirstName): null

2020-01-02 08:14:45 - [TEST_STEP][PASSED] - println(LastName): null

2020-01-02 08:14:45 - [TEST_STEP][PASSED] - println(Address): null

2020-01-02 08:14:45 - [TEST_STEP][PASSED] - println(City): null

2020-01-02 08:14:45 - [TEST_STEP][PASSED] - println(Tel): null

2020-01-02 08:14:45 - [TEST_STEP][PASSED] - println(AutoEmail): null

2020-01-02 08:14:45 - [MESSAGE][PASSED] - Call Test Case 'Test Cases/AHI/_include/name' successfully

2020-01-02 08:14:45 - [TEST_STEP][FAILED] - try: Unable to verify text 'Month Duration Acknowledgement' is present  (Root cause: com.kms.katalon.core.exception.StepFailedException: Text 'Month Duration Acknowledgement' is not present on page )

2020-01-02 08:14:45 - [TEST_STEP][FAILED] - if (verifyTextPresent("Month Duration Acknowledgement", false)): Unable to verify text 'Month Duration Acknowledgement' is present  (Root cause: com.kms.katalon.core.exception.StepFailedException: Text 'Month Duration Acknowledgement' is not present on page )

2020-01-02 08:14:45 - [MESSAGE][FAILED] - Text 'Month Duration Acknowledgement' is not present on page 

2020-01-02 08:14:45 - [MESSAGE][FAILED] - Unable to verify text 'Month Duration Acknowledgement' is present  (Root cause: com.kms.katalon.core.exception.StepFailedException: Text 'Month Duration Acknowledgement' is not present on page )
[[ATTACHMENT|D:\\Test\\AgileTest\\Reports\\AHI\\stm\\20200102_080029\\1577970885454.png]]

2020-01-02 08:14:45 - [TEST_STEP][PASSED] - catch (Exception e): null

2020-01-02 08:14:45 - [TEST_STEP][PASSED] - println("no consecutive"): null

2020-01-02 08:14:45 - [TEST_STEP][PASSED] - waitForPageLoad(10): Wait for page load successfully

2020-01-02 08:14:45 - [MESSAGE][PASSED] - Wait for page load successfully

2020-01-02 08:14:45 - [TEST_STEP][PASSED] - Thread.sleep(3000): null

2020-01-02 08:14:48 - [TEST_STEP][PASSED] - waitForElementVisible(findTestObject("mobileSanity/STM/Page_App Page 1/a_Autofill App Info"), 20): Object 'Object Repository/mobileSanity/STM/Page_App Page 1/a_Autofill App Info' is visible

2020-01-02 08:14:48 - [MESSAGE][PASSED] - Object 'Object Repository/mobileSanity/STM/Page_App Page 1/a_Autofill App Info' is visible

2020-01-02 08:14:48 - [TEST_STEP][PASSED] - click(findTestObject("mobileSanity/STM/Page_App Page 1/a_Autofill App Info")): Object: 'Object Repository/mobileSanity/STM/Page_App Page 1/a_Autofill App Info' is clicked on

2020-01-02 08:14:49 - [MESSAGE][PASSED] - Object: 'Object Repository/mobileSanity/STM/Page_App Page 1/a_Autofill App Info' is clicked on

2020-01-02 08:14:49 - [TEST_STEP][PASSED] - Thread.sleep(1000): null

2020-01-02 08:14:50 - [TEST_STEP][PASSED] - click(findTestObject("mobileSanity/STM/Page_App Page 1/a_Autofill App Info")): Object: 'Object Repository/mobileSanity/STM/Page_App Page 1/a_Autofill App Info' is clicked on

2020-01-02 08:14:50 - [MESSAGE][PASSED] - Object: 'Object Repository/mobileSanity/STM/Page_App Page 1/a_Autofill App Info' is clicked on

2020-01-02 08:14:50 - [TEST_STEP][PASSED] - Thread.sleep(1000): null

2020-01-02 08:14:51 - [TEST_STEP][PASSED] - waitForElementVisible(findTestObject("mobileSanity/STM/Page_App Page 1/a_Continue"), 20): Object 'Object Repository/mobileSanity/STM/Page_App Page 1/a_Continue' is visible

2020-01-02 08:14:51 - [MESSAGE][PASSED] - Object 'Object Repository/mobileSanity/STM/Page_App Page 1/a_Continue' is visible

2020-01-02 08:14:51 - [TEST_STEP][PASSED] - click(findTestObject("mobileSanity/STM/Page_App Page 1/a_Continue")): Object: 'Object Repository/mobileSanity/STM/Page_App Page 1/a_Continue' is clicked on

2020-01-02 08:14:51 - [MESSAGE][PASSED] - Object: 'Object Repository/mobileSanity/STM/Page_App Page 1/a_Continue' is clicked on

2020-01-02 08:14:51 - [TEST_STEP][PASSED] - waitForPageLoad(20): Wait for page load successfully

2020-01-02 08:14:51 - [MESSAGE][PASSED] - Wait for page load successfully

2020-01-02 08:14:51 - [TEST_STEP][PASSED] - Thread.sleep(5000): null

2020-01-02 08:14:56 - [TEST_STEP][PASSED] - callTestCase(findTestCase("AHI/_include/get_screenshot"), [:], STOP_ON_FAILURE): Call Test Case 'Test Cases/AHI/_include/get_screenshot' successfully

2020-01-02 08:14:56 - [TEST_CASE][PASSED] - Test Cases/AHI/_include/get_screenshot: Test Cases/AHI/_include/get_screenshot

2020-01-02 08:14:56 - [TEST_STEP][PASSED] - takeScreenshot(screenPath + i + ".png"): Taking screenshot successfully

2020-01-02 08:14:56 - [MESSAGE][PASSED] - Taking screenshot successfully
[[ATTACHMENT|D:\\Test\\AgileTest\\Reports\\AHI\\stm\\20200102_080029\\../Screenshots/iPhone 6/stm/Everest Prime/20200102_081400/7.png]]

2020-01-02 08:14:56 - [TEST_STEP][PASSED] - (internal.GlobalVariable.i++): null

2020-01-02 08:14:56 - [MESSAGE][PASSED] - Call Test Case 'Test Cases/AHI/_include/get_screenshot' successfully

2020-01-02 08:14:56 - [TEST_STEP][PASSED] - click(findTestObject("mobileSanity/STM/Page_App Page 2/a_Continue to Step 3 - Payment")): Object: 'Object Repository/mobileSanity/STM/Page_App Page 2/a_Continue to Step 3 - Payment' is clicked on

2020-01-02 08:14:57 - [MESSAGE][PASSED] - Object: 'Object Repository/mobileSanity/STM/Page_App Page 2/a_Continue to Step 3 - Payment' is clicked on

2020-01-02 08:14:57 - [TEST_STEP][PASSED] - waitForPageLoad(20): Wait for page load successfully

2020-01-02 08:14:57 - [MESSAGE][PASSED] - Wait for page load successfully

2020-01-02 08:14:57 - [TEST_STEP][PASSED] - waitForElementVisible(findTestObject("mobileSanity/STM/Page_App Page 3/input__credit-card-cvv"), 20): Object 'Object Repository/mobileSanity/STM/Page_App Page 3/input__credit-card-cvv' is visible

2020-01-02 08:14:57 - [MESSAGE][PASSED] - Object 'Object Repository/mobileSanity/STM/Page_App Page 3/input__credit-card-cvv' is visible

2020-01-02 08:14:57 - [TEST_STEP][PASSED] - Thread.sleep(2000): null

2020-01-02 08:14:59 - [TEST_STEP][PASSED] - callTestCase(findTestCase("AHI/_include/get_screenshot"), [:], STOP_ON_FAILURE): Call Test Case 'Test Cases/AHI/_include/get_screenshot' successfully

2020-01-02 08:14:59 - [TEST_CASE][PASSED] - Test Cases/AHI/_include/get_screenshot: Test Cases/AHI/_include/get_screenshot

2020-01-02 08:14:59 - [TEST_STEP][PASSED] - takeScreenshot(screenPath + i + ".png"): Taking screenshot successfully

2020-01-02 08:14:59 - [MESSAGE][PASSED] - Taking screenshot successfully
[[ATTACHMENT|D:\\Test\\AgileTest\\Reports\\AHI\\stm\\20200102_080029\\../Screenshots/iPhone 6/stm/Everest Prime/20200102_081400/8.png]]

2020-01-02 08:14:59 - [TEST_STEP][PASSED] - (internal.GlobalVariable.i++): null

2020-01-02 08:14:59 - [MESSAGE][PASSED] - Call Test Case 'Test Cases/AHI/_include/get_screenshot' successfully

2020-01-02 08:14:59 - [TEST_STEP][PASSED] - clearText(findTestObject("mobileSanity/STM/Page_App Page 3/input__credit-card-cvv")): Text of object 'Object Repository/mobileSanity/STM/Page_App Page 3/input__credit-card-cvv' is cleared

2020-01-02 08:14:59 - [MESSAGE][PASSED] - Text of object 'Object Repository/mobileSanity/STM/Page_App Page 3/input__credit-card-cvv' is cleared

2020-01-02 08:14:59 - [TEST_STEP][PASSED] - setText(findTestObject("mobileSanity/STM/Page_App Page 3/input__credit-card-cvv"), "123"): Text '123' is set on object 'Object Repository/mobileSanity/STM/Page_App Page 3/input__credit-card-cvv'

2020-01-02 08:14:59 - [MESSAGE][PASSED] - Text '123' is set on object 'Object Repository/mobileSanity/STM/Page_App Page 3/input__credit-card-cvv'

2020-01-02 08:14:59 - [TEST_STEP][PASSED] - click(findTestObject("mobileSanity/STM/Page_App Page 3/label_I Accept Authorization f")): Object: 'Object Repository/mobileSanity/STM/Page_App Page 3/label_I Accept Authorization f' is clicked on

2020-01-02 08:15:00 - [MESSAGE][PASSED] - Object: 'Object Repository/mobileSanity/STM/Page_App Page 3/label_I Accept Authorization f' is clicked on

2020-01-02 08:15:00 - [TEST_STEP][PASSED] - click(findTestObject("mobileSanity/STM/Page_App Page 3/a_Continue to Step 4 - Review")): Object: 'Object Repository/mobileSanity/STM/Page_App Page 3/a_Continue to Step 4 - Review' is clicked on

2020-01-02 08:15:00 - [MESSAGE][PASSED] - Object: 'Object Repository/mobileSanity/STM/Page_App Page 3/a_Continue to Step 4 - Review' is clicked on

2020-01-02 08:15:00 - [TEST_STEP][PASSED] - waitForPageLoad(10): Wait for page load successfully

2020-01-02 08:15:00 - [MESSAGE][PASSED] - Wait for page load successfully

2020-01-02 08:15:00 - [TEST_STEP][PASSED] - waitForElementClickable(findTestObject("mobileSanity/STM/Page_App Page 4/label"), 10): Object 'Object Repository/mobileSanity/STM/Page_App Page 4/label' is clickable

2020-01-02 08:15:01 - [MESSAGE][PASSED] - Object 'Object Repository/mobileSanity/STM/Page_App Page 4/label' is clickable

2020-01-02 08:15:01 - [TEST_STEP][PASSED] - Thread.sleep(2000): null

2020-01-02 08:15:03 - [TEST_STEP][PASSED] - callTestCase(findTestCase("AHI/_include/get_screenshot"), [:], STOP_ON_FAILURE): Call Test Case 'Test Cases/AHI/_include/get_screenshot' successfully

2020-01-02 08:15:03 - [TEST_CASE][PASSED] - Test Cases/AHI/_include/get_screenshot: Test Cases/AHI/_include/get_screenshot

2020-01-02 08:15:03 - [TEST_STEP][PASSED] - takeScreenshot(screenPath + i + ".png"): Taking screenshot successfully

2020-01-02 08:15:03 - [MESSAGE][PASSED] - Taking screenshot successfully
[[ATTACHMENT|D:\\Test\\AgileTest\\Reports\\AHI\\stm\\20200102_080029\\../Screenshots/iPhone 6/stm/Everest Prime/20200102_081400/9.png]]

2020-01-02 08:15:03 - [TEST_STEP][PASSED] - (internal.GlobalVariable.i++): null

2020-01-02 08:15:03 - [MESSAGE][PASSED] - Call Test Case 'Test Cases/AHI/_include/get_screenshot' successfully

2020-01-02 08:15:03 - [TEST_STEP][PASSED] - click(findTestObject("mobileSanity/STM/Page_App Page 4/label")): Object: 'Object Repository/mobileSanity/STM/Page_App Page 4/label' is clicked on

2020-01-02 08:15:03 - [MESSAGE][PASSED] - Object: 'Object Repository/mobileSanity/STM/Page_App Page 4/label' is clicked on

2020-01-02 08:15:03 - [TEST_STEP][PASSED] - click(findTestObject("mobileSanity/STM/Page_App Page 4/div_CLICK TO SIGN")): Object: 'Object Repository/mobileSanity/STM/Page_App Page 4/div_CLICK TO SIGN' is clicked on

2020-01-02 08:15:03 - [MESSAGE][PASSED] - Object: 'Object Repository/mobileSanity/STM/Page_App Page 4/div_CLICK TO SIGN' is clicked on

2020-01-02 08:15:03 - [TEST_STEP][PASSED] - click(findTestObject("mobileSanity/STM/Page_App Page 4/a_Submit Your Application")): Object: 'Object Repository/mobileSanity/STM/Page_App Page 4/a_Submit Your Application' is clicked on

2020-01-02 08:15:04 - [MESSAGE][PASSED] - Object: 'Object Repository/mobileSanity/STM/Page_App Page 4/a_Submit Your Application' is clicked on

2020-01-02 08:15:04 - [TEST_STEP][PASSED] - Thread.sleep(30000): null

2020-01-02 08:15:34 - [TEST_STEP][PASSED] - waitForElementPresent(findTestObject("mobileSanity/STM/Page_App Page 6/app-page-wrapper"), 20): Object 'Object Repository/mobileSanity/STM/Page_App Page 6/app-page-wrapper' is present

2020-01-02 08:15:34 - [MESSAGE][PASSED] - Object 'Object Repository/mobileSanity/STM/Page_App Page 6/app-page-wrapper' is present

2020-01-02 08:15:34 - [TEST_STEP][PASSED] - callTestCase(findTestCase("AHI/_include/get_screenshot"), [:], STOP_ON_FAILURE): Call Test Case 'Test Cases/AHI/_include/get_screenshot' successfully

2020-01-02 08:15:34 - [TEST_CASE][PASSED] - Test Cases/AHI/_include/get_screenshot: Test Cases/AHI/_include/get_screenshot

2020-01-02 08:15:34 - [TEST_STEP][PASSED] - takeScreenshot(screenPath + i + ".png"): Taking screenshot successfully

2020-01-02 08:15:34 - [MESSAGE][PASSED] - Taking screenshot successfully
[[ATTACHMENT|D:\\Test\\AgileTest\\Reports\\AHI\\stm\\20200102_080029\\../Screenshots/iPhone 6/stm/Everest Prime/20200102_081400/10.png]]

2020-01-02 08:15:34 - [TEST_STEP][PASSED] - (internal.GlobalVariable.i++): null

2020-01-02 08:15:34 - [MESSAGE][PASSED] - Call Test Case 'Test Cases/AHI/_include/get_screenshot' successfully

2020-01-02 08:15:34 - [MESSAGE][PASSED] - Call Test Case 'Test Cases/AHI/_include/goToEnd_stm_autofill' successfully]]></system-out>
         <system-err><![CDATA[]]></system-err>
      </testcase>
      <testcase name="Test Cases/AHI/stm/NationalGeneral" classname="Test Cases/AHI/stm/NationalGeneral" status="PASSED">
         <system-out><![CDATA[2020-01-02 08:15:34 - [TEST_CASE][PASSED] - Test Cases/AHI/stm/NationalGeneral: Test Cases/AHI/stm/NationalGeneral

2020-01-02 08:15:35 - [TEST_STEP][PASSED] - callTestCase(findTestCase("AHI/_include/get_screenPath"), ["productLine":"stm", "carrierName":"National General"], CONTINUE_ON_FAILURE): Call Test Case 'Test Cases/AHI/_include/get_screenPath' successfully

2020-01-02 08:15:35 - [TEST_CASE][PASSED] - Test Cases/AHI/_include/get_screenPath: Test Cases/AHI/_include/get_screenPath

2020-01-02 08:15:35 - [TEST_STEP][PASSED] - m = getExecutionProperties(): null

2020-01-02 08:15:35 - [TEST_STEP][PASSED] - deviceName = get("mobileEmulation").get("deviceName"): null

2020-01-02 08:15:35 - [TEST_STEP][PASSED] - println(deviceName): null

2020-01-02 08:15:35 - [TEST_STEP][PASSED] - now = new java.util.Date(): null

2020-01-02 08:15:35 - [TEST_STEP][PASSED] - mydate = now.format("yyyyMMdd_HHmmss"): null

2020-01-02 08:15:35 - [TEST_STEP][PASSED] - screenPath = "../Screenshots/": null

2020-01-02 08:15:35 - [TEST_STEP][PASSED] - screenPath = screenPath + deviceName + "/" + productLine + "/" + carrierName + "/" + mydate + "/": null

2020-01-02 08:15:35 - [TEST_STEP][PASSED] - println(screenPath): null

2020-01-02 08:15:35 - [MESSAGE][PASSED] - Call Test Case 'Test Cases/AHI/_include/get_screenPath' successfully

2020-01-02 08:15:35 - [TEST_STEP][PASSED] - i = 0: null

2020-01-02 08:15:35 - [TEST_STEP][PASSED] - callTestCase(findTestCase("AHI/_include/openWebSite"), [:], CONTINUE_ON_FAILURE): Call Test Case 'Test Cases/AHI/_include/openWebSite' successfully

2020-01-02 08:15:35 - [TEST_CASE][PASSED] - Test Cases/AHI/_include/openWebSite: Test Cases/AHI/_include/openWebSite

2020-01-02 08:15:35 - [TEST_STEP][PASSED] - openBrowser(env): Browser is opened with url: 'https://praetemptatus.agilehealthinsurance.com'

2020-01-02 08:15:35 - [MESSAGE][WARNING] - A browser is already opened. Closing browser and opening a new one

2020-01-02 08:15:36 - [MESSAGE][INFO] - Starting 'Chrome' driver

2020-01-02 08:15:36 - [MESSAGE][INFO] - User set preference: ['mobileEmulation', '{deviceName=iPhone 6}']

2020-01-02 08:15:36 - [MESSAGE][INFO] - User set preference: ['args', '[--incognito, --aggressive-cache-discard, --window-size=375,677, --no-sandbox]']

2020-01-02 08:15:40 - [MESSAGE][PASSED] - Browser is opened with url: 'https://praetemptatus.agilehealthinsurance.com'

2020-01-02 08:15:40 - [TEST_STEP][PASSED] - waitForPageLoad(20): Wait for page load successfully

2020-01-02 08:15:40 - [MESSAGE][PASSED] - Wait for page load successfully

2020-01-02 08:15:40 - [TEST_STEP][PASSED] - callTestCase(findTestCase("AHI/_include/get_screenshot"), [:], STOP_ON_FAILURE): Call Test Case 'Test Cases/AHI/_include/get_screenshot' successfully

2020-01-02 08:15:40 - [TEST_CASE][PASSED] - Test Cases/AHI/_include/get_screenshot: Test Cases/AHI/_include/get_screenshot

2020-01-02 08:15:40 - [TEST_STEP][PASSED] - takeScreenshot(screenPath + i + ".png"): Taking screenshot successfully

2020-01-02 08:15:42 - [MESSAGE][PASSED] - Taking screenshot successfully
[[ATTACHMENT|D:\\Test\\AgileTest\\Reports\\AHI\\stm\\20200102_080029\\../Screenshots/iPhone 6/stm/National General/20200102_081535/0.png]]

2020-01-02 08:15:42 - [TEST_STEP][PASSED] - (internal.GlobalVariable.i++): null

2020-01-02 08:15:42 - [MESSAGE][PASSED] - Call Test Case 'Test Cases/AHI/_include/get_screenshot' successfully

2020-01-02 08:15:42 - [MESSAGE][PASSED] - Call Test Case 'Test Cases/AHI/_include/openWebSite' successfully

2020-01-02 08:15:42 - [TEST_STEP][PASSED] - callTestCase(findTestCase("AHI/_include/census_stm"), [:], CONTINUE_ON_FAILURE): Call Test Case 'Test Cases/AHI/_include/census_stm' successfully

2020-01-02 08:15:42 - [TEST_CASE][PASSED] - Test Cases/AHI/_include/census_stm: Test Cases/AHI/_include/census_stm

2020-01-02 08:15:43 - [TEST_STEP][PASSED] - waitForElementClickable(findTestObject("mobileSanity/STM/Home Page/a_Quote  Save Today"), 10): Object 'Object Repository/mobileSanity/STM/Home Page/a_Quote  Save Today' is clickable

2020-01-02 08:15:43 - [MESSAGE][PASSED] - Object 'Object Repository/mobileSanity/STM/Home Page/a_Quote  Save Today' is clickable

2020-01-02 08:15:43 - [TEST_STEP][PASSED] - click(findTestObject("mobileSanity/STM/Home Page/a_Quote  Save Today")): Object: 'Object Repository/mobileSanity/STM/Home Page/a_Quote  Save Today' is clicked on

2020-01-02 08:15:43 - [MESSAGE][PASSED] - Object: 'Object Repository/mobileSanity/STM/Home Page/a_Quote  Save Today' is clicked on

2020-01-02 08:15:43 - [TEST_STEP][PASSED] - waitForPageLoad(10): Wait for page load successfully

2020-01-02 08:15:45 - [MESSAGE][PASSED] - Wait for page load successfully

2020-01-02 08:15:45 - [TEST_STEP][PASSED] - callTestCase(findTestCase("AHI/_include/get_screenshot"), [:], STOP_ON_FAILURE): Call Test Case 'Test Cases/AHI/_include/get_screenshot' successfully

2020-01-02 08:15:45 - [TEST_CASE][PASSED] - Test Cases/AHI/_include/get_screenshot: Test Cases/AHI/_include/get_screenshot

2020-01-02 08:15:45 - [TEST_STEP][PASSED] - takeScreenshot(screenPath + i + ".png"): Taking screenshot successfully

2020-01-02 08:15:46 - [MESSAGE][PASSED] - Taking screenshot successfully
[[ATTACHMENT|D:\\Test\\AgileTest\\Reports\\AHI\\stm\\20200102_080029\\../Screenshots/iPhone 6/stm/National General/20200102_081535/1.png]]

2020-01-02 08:15:46 - [TEST_STEP][PASSED] - (internal.GlobalVariable.i++): null

2020-01-02 08:15:46 - [MESSAGE][PASSED] - Call Test Case 'Test Cases/AHI/_include/get_screenshot' successfully

2020-01-02 08:15:46 - [TEST_STEP][PASSED] - setText(findTestObject("mobileSanity/STM/STM Census Page/input_Location_zip-input"), zipcode): Text '35215' is set on object 'Object Repository/mobileSanity/STM/STM Census Page/input_Location_zip-input'

2020-01-02 08:15:46 - [MESSAGE][PASSED] - Text '35215' is set on object 'Object Repository/mobileSanity/STM/STM Census Page/input_Location_zip-input'

2020-01-02 08:15:46 - [TEST_STEP][PASSED] - Thread.sleep(500): null

2020-01-02 08:15:47 - [TEST_STEP][PASSED] - setText(findTestObject("mobileSanity/STM/STM Census Page/input_Date of Birth_dob-0"), "03031987"): Text '03031987' is set on object 'Object Repository/mobileSanity/STM/STM Census Page/input_Date of Birth_dob-0'

2020-01-02 08:15:48 - [MESSAGE][PASSED] - Text '03031987' is set on object 'Object Repository/mobileSanity/STM/STM Census Page/input_Date of Birth_dob-0'

2020-01-02 08:15:48 - [TEST_STEP][PASSED] - click(findTestObject("mobileSanity/STM/STM Census Page/label_Male")): Object: 'Object Repository/mobileSanity/STM/STM Census Page/label_Male' is clicked on

2020-01-02 08:15:49 - [MESSAGE][PASSED] - Object: 'Object Repository/mobileSanity/STM/STM Census Page/label_Male' is clicked on

2020-01-02 08:15:49 - [TEST_STEP][PASSED] - click(findTestObject("mobileSanity/STM/STM Census Page/label_Compare Plans")): Object: 'Object Repository/mobileSanity/STM/STM Census Page/label_Compare Plans' is clicked on

2020-01-02 08:15:50 - [MESSAGE][PASSED] - Object: 'Object Repository/mobileSanity/STM/STM Census Page/label_Compare Plans' is clicked on

2020-01-02 08:15:50 - [TEST_STEP][PASSED] - waitForElementVisible(findTestObject("mobileSanity/STM/STM Quote Page/button_sort"), 20): Object 'Object Repository/mobileSanity/STM/STM Quote Page/button_sort' is visible

2020-01-02 08:15:51 - [MESSAGE][PASSED] - Object 'Object Repository/mobileSanity/STM/STM Quote Page/button_sort' is visible

2020-01-02 08:15:51 - [TEST_STEP][PASSED] - Thread.sleep(3000): null

2020-01-02 08:15:54 - [TEST_STEP][PASSED] - callTestCase(findTestCase("AHI/_include/check_quoteleadform"), [:], STOP_ON_FAILURE): Call Test Case 'Test Cases/AHI/_include/check_quoteleadform' successfully

2020-01-02 08:15:54 - [TEST_CASE][PASSED] - Test Cases/AHI/_include/check_quoteleadform: Test Cases/AHI/_include/check_quoteleadform

2020-01-02 08:15:54 - [TEST_STEP][PASSED] - callTestCase(findTestCase("AHI/_include/name"), [:], CONTINUE_ON_FAILURE): Call Test Case 'Test Cases/AHI/_include/name' successfully

2020-01-02 08:15:54 - [TEST_CASE][PASSED] - Test Cases/AHI/_include/name: Test Cases/AHI/_include/name

2020-01-02 08:15:54 - [TEST_STEP][PASSED] - driver = getWebDriver(): null

2020-01-02 08:15:54 - [TEST_STEP][PASSED] - selenium = new com.thoughtworks.selenium.webdriven.WebDriverBackedSelenium(driver, internal.GlobalVariable.ENV): null

2020-01-02 08:15:54 - [TEST_STEP][PASSED] - FirstName = "Test-123": null

2020-01-02 08:15:54 - [TEST_STEP][PASSED] - LastName = selenium.getEval("{var x="ABCDEFGHIJKLMNOPQRSTUVWXYZabcdefghijklmnopqrstuvwxyz"; var tmp="ZZ11-"; for (i=0;i<8;i++) tmp+=x.charAt(Math.ceil(51*Math.random()));tmp;}"): null

2020-01-02 08:15:54 - [TEST_STEP][PASSED] - Address = selenium.getEval("{var x="ABCDEFGHIJKLMNOPQRSTUVWXYZabcdefghijklmnopqrstuvwxyz"; var tmp=""; for (i=0;i<8;i++) tmp+=x.charAt(Math.ceil(51*Math.random()));tmp;}"): null

2020-01-02 08:15:54 - [TEST_STEP][PASSED] - City = selenium.getEval("{var x="ABCDEFGHIJKLMNOPQRSTUVWXYZabcdefghijklmnopqrstuvwxyz"; var tmp=""; for (i=0;i<8;i++) tmp+=x.charAt(Math.ceil(51*Math.random()));tmp;}"): null

2020-01-02 08:15:54 - [TEST_STEP][PASSED] - tel1 = selenium.getEval("{var x="123456789"; var tmp=""; for (i=0;i<3;i++) tmp+=x.charAt(Math.ceil(8*Math.random()));tmp;}"): null

2020-01-02 08:15:54 - [TEST_STEP][PASSED] - tel2 = selenium.getEval("{var x="123456789"; var tmp=""; for (i=0;i<3;i++) tmp+=x.charAt(Math.ceil(8*Math.random()));tmp;}"): null

2020-01-02 08:15:54 - [TEST_STEP][PASSED] - tel3 = selenium.getEval("{var x="123456789"; var tmp=""; for (i=0;i<4;i++) tmp+=x.charAt(Math.ceil(8*Math.random()));tmp;}"): null

2020-01-02 08:15:54 - [TEST_STEP][PASSED] - Tel = selenium.getExpression(tel1 + "-" + tel2 + "-" + tel3): null

2020-01-02 08:15:54 - [TEST_STEP][PASSED] - AutoEmail = selenium.getEval("{var x="ABCDEFGHIJKLMNOPQRSTUVWXYZabcdefghijklmnopqrstuvwxyz"; var tmp="test."; for (i=0;i<8;i++) tmp+=x.charAt(Math.ceil(51*Math.random()));tmp+="@suryani.cn";}"): null

2020-01-02 08:15:54 - [TEST_STEP][PASSED] - FirstName = FirstName: null

2020-01-02 08:15:54 - [TEST_STEP][PASSED] - LastName = LastName: null

2020-01-02 08:15:54 - [TEST_STEP][PASSED] - Address = Address: null

2020-01-02 08:15:54 - [TEST_STEP][PASSED] - City = City: null

2020-01-02 08:15:54 - [TEST_STEP][PASSED] - Tel = Tel: null

2020-01-02 08:15:54 - [TEST_STEP][PASSED] - AutoEmail = AutoEmail: null

2020-01-02 08:15:54 - [TEST_STEP][PASSED] - println(FirstName): null

2020-01-02 08:15:54 - [TEST_STEP][PASSED] - println(LastName): null

2020-01-02 08:15:54 - [TEST_STEP][PASSED] - println(Address): null

2020-01-02 08:15:54 - [TEST_STEP][PASSED] - println(City): null

2020-01-02 08:15:54 - [TEST_STEP][PASSED] - println(Tel): null

2020-01-02 08:15:54 - [TEST_STEP][PASSED] - println(AutoEmail): null

2020-01-02 08:15:54 - [MESSAGE][PASSED] - Call Test Case 'Test Cases/AHI/_include/name' successfully

2020-01-02 08:15:54 - [TEST_STEP][PASSED] - leadform_exist = test.MobileKeywords.isElementPresent_Web(findTestObject("mobileSanity/quote lead form/lead_form"), 20): test.MobileKeywords.isElementPresent_Web is PASSED

2020-01-02 08:15:54 - [MESSAGE][PASSED] - test.MobileKeywords.isElementPresent_Web is PASSED

2020-01-02 08:15:54 - [TEST_STEP][PASSED] - if (leadform_exist): null

2020-01-02 08:15:54 - [TEST_STEP][PASSED] - setText(findTestObject("mobileSanity/quote lead form/first"), FirstName): Text 'Test-123' is set on object 'Object Repository/mobileSanity/quote lead form/first'

2020-01-02 08:15:55 - [MESSAGE][PASSED] - Text 'Test-123' is set on object 'Object Repository/mobileSanity/quote lead form/first'

2020-01-02 08:15:55 - [TEST_STEP][PASSED] - setText(findTestObject("mobileSanity/quote lead form/last"), LastName): Text 'ZZ11-EnyxYWnV' is set on object 'Object Repository/mobileSanity/quote lead form/last'

2020-01-02 08:15:55 - [MESSAGE][PASSED] - Text 'ZZ11-EnyxYWnV' is set on object 'Object Repository/mobileSanity/quote lead form/last'

2020-01-02 08:15:55 - [TEST_STEP][PASSED] - setText(findTestObject("mobileSanity/quote lead form/email"), AutoEmail): Text 'test.MrmMmzER@suryani.cn' is set on object 'Object Repository/mobileSanity/quote lead form/email'

2020-01-02 08:15:56 - [MESSAGE][PASSED] - Text 'test.MrmMmzER@suryani.cn' is set on object 'Object Repository/mobileSanity/quote lead form/email'

2020-01-02 08:15:56 - [TEST_STEP][PASSED] - setText(findTestObject("mobileSanity/quote lead form/phone"), Tel): Text '447-682-5298' is set on object 'Object Repository/mobileSanity/quote lead form/phone'

2020-01-02 08:15:56 - [MESSAGE][PASSED] - Text '447-682-5298' is set on object 'Object Repository/mobileSanity/quote lead form/phone'

2020-01-02 08:15:56 - [TEST_STEP][PASSED] - click(findTestObject("mobileSanity/quote lead form/submit")): Object: 'Object Repository/mobileSanity/quote lead form/submit' is clicked on

2020-01-02 08:15:56 - [MESSAGE][PASSED] - Object: 'Object Repository/mobileSanity/quote lead form/submit' is clicked on

2020-01-02 08:15:56 - [TEST_STEP][PASSED] - Thread.sleep(3000): null

2020-01-02 08:15:59 - [MESSAGE][PASSED] - Call Test Case 'Test Cases/AHI/_include/check_quoteleadform' successfully

2020-01-02 08:15:59 - [TEST_STEP][PASSED] - callTestCase(findTestCase("AHI/_include/get_screenshot"), [:], STOP_ON_FAILURE): Call Test Case 'Test Cases/AHI/_include/get_screenshot' successfully

2020-01-02 08:15:59 - [TEST_CASE][PASSED] - Test Cases/AHI/_include/get_screenshot: Test Cases/AHI/_include/get_screenshot

2020-01-02 08:15:59 - [TEST_STEP][PASSED] - takeScreenshot(screenPath + i + ".png"): Taking screenshot successfully

2020-01-02 08:16:00 - [MESSAGE][PASSED] - Taking screenshot successfully
[[ATTACHMENT|D:\\Test\\AgileTest\\Reports\\AHI\\stm\\20200102_080029\\../Screenshots/iPhone 6/stm/National General/20200102_081535/2.png]]

2020-01-02 08:16:00 - [TEST_STEP][PASSED] - (internal.GlobalVariable.i++): null

2020-01-02 08:16:00 - [MESSAGE][PASSED] - Call Test Case 'Test Cases/AHI/_include/get_screenshot' successfully

2020-01-02 08:16:00 - [TEST_STEP][PASSED] - Thread.sleep(1000): null

2020-01-02 08:16:01 - [MESSAGE][PASSED] - Call Test Case 'Test Cases/AHI/_include/census_stm' successfully

2020-01-02 08:16:01 - [TEST_STEP][PASSED] - callTestCase(findTestCase("AHI/_include/filter_stm"), ["carrier":"nationalgeneral"], STOP_ON_FAILURE): Call Test Case 'Test Cases/AHI/_include/filter_stm' successfully

2020-01-02 08:16:01 - [TEST_CASE][PASSED] - Test Cases/AHI/_include/filter_stm: Test Cases/AHI/_include/filter_stm

2020-01-02 08:16:01 - [TEST_STEP][PASSED] - driver = getWebDriver(): null

2020-01-02 08:16:01 - [TEST_STEP][PASSED] - selenium = new com.thoughtworks.selenium.webdriven.WebDriverBackedSelenium(driver, internal.GlobalVariable.ENV): null

2020-01-02 08:16:01 - [TEST_STEP][PASSED] - Thread.sleep(1000): null

2020-01-02 08:16:02 - [TEST_STEP][PASSED] - click(findTestObject("mobileSanity/STM/STM Quote Page/button_filters")): Object: 'Object Repository/mobileSanity/STM/STM Quote Page/button_filters' is clicked on

2020-01-02 08:16:03 - [MESSAGE][PASSED] - Object: 'Object Repository/mobileSanity/STM/STM Quote Page/button_filters' is clicked on

2020-01-02 08:16:03 - [TEST_STEP][PASSED] - Thread.sleep(1000): null

2020-01-02 08:16:04 - [TEST_STEP][PASSED] - click(findTestObject("mobileSanity/STM/STM Quote Page/i_Insurance company")): Object: 'Object Repository/mobileSanity/STM/STM Quote Page/i_Insurance company' is clicked on

2020-01-02 08:16:04 - [MESSAGE][PASSED] - Object: 'Object Repository/mobileSanity/STM/STM Quote Page/i_Insurance company' is clicked on

2020-01-02 08:16:04 - [TEST_STEP][PASSED] - Thread.sleep(1000): null

2020-01-02 08:16:05 - [TEST_STEP][PASSED] - filter_carrier = "//input[@name='filter[carrier]' and @value='" + carrier + "']/following::label": null

2020-01-02 08:16:05 - [TEST_STEP][PASSED] - println(filter_carrier): null

2020-01-02 08:16:05 - [TEST_STEP][PASSED] - test.MobileKeywords.clickJS_ByXpath(filter_carrier): test.MobileKeywords.clickJS_ByXpath is PASSED

2020-01-02 08:16:05 - [MESSAGE][PASSED] - Execute JavaScript 'arguments[0].click()' successfully

2020-01-02 08:16:05 - [MESSAGE][PASSED] - test.MobileKeywords.clickJS_ByXpath is PASSED

2020-01-02 08:16:05 - [TEST_STEP][PASSED] - click(findTestObject("mobileSanity/STM/STM Quote Page/js-close c-link-button")): Object: 'Object Repository/mobileSanity/STM/STM Quote Page/js-close c-link-button' is clicked on

2020-01-02 08:16:05 - [MESSAGE][PASSED] - Object: 'Object Repository/mobileSanity/STM/STM Quote Page/js-close c-link-button' is clicked on

2020-01-02 08:16:05 - [TEST_STEP][PASSED] - Thread.sleep(2000): null

2020-01-02 08:16:07 - [TEST_STEP][PASSED] - callTestCase(findTestCase("AHI/_include/get_screenshot"), [:], STOP_ON_FAILURE): Call Test Case 'Test Cases/AHI/_include/get_screenshot' successfully

2020-01-02 08:16:07 - [TEST_CASE][PASSED] - Test Cases/AHI/_include/get_screenshot: Test Cases/AHI/_include/get_screenshot

2020-01-02 08:16:07 - [TEST_STEP][PASSED] - takeScreenshot(screenPath + i + ".png"): Taking screenshot successfully

2020-01-02 08:16:08 - [MESSAGE][PASSED] - Taking screenshot successfully
[[ATTACHMENT|D:\\Test\\AgileTest\\Reports\\AHI\\stm\\20200102_080029\\../Screenshots/iPhone 6/stm/National General/20200102_081535/3.png]]

2020-01-02 08:16:08 - [TEST_STEP][PASSED] - (internal.GlobalVariable.i++): null

2020-01-02 08:16:08 - [MESSAGE][PASSED] - Call Test Case 'Test Cases/AHI/_include/get_screenshot' successfully

2020-01-02 08:16:08 - [MESSAGE][PASSED] - Call Test Case 'Test Cases/AHI/_include/filter_stm' successfully

2020-01-02 08:16:08 - [TEST_STEP][PASSED] - callTestCase(findTestCase("AHI/_include/goToDetail_stm"), ["carrier":"nationalgeneral"], STOP_ON_FAILURE): Call Test Case 'Test Cases/AHI/_include/goToDetail_stm' successfully

2020-01-02 08:16:08 - [TEST_CASE][PASSED] - Test Cases/AHI/_include/goToDetail_stm: Test Cases/AHI/_include/goToDetail_stm

2020-01-02 08:16:08 - [TEST_STEP][PASSED] - driver = getWebDriver(): null

2020-01-02 08:16:08 - [TEST_STEP][PASSED] - selenium = new com.thoughtworks.selenium.webdriven.WebDriverBackedSelenium(driver, internal.GlobalVariable.ENV): null

2020-01-02 08:16:08 - [TEST_STEP][PASSED] - a_plan_name = "xpath=//a[contains(@href,'/term-health-insurance/plan/" + carrier + "')]": null

2020-01-02 08:16:08 - [TEST_STEP][PASSED] - println(a_plan_name): null

2020-01-02 08:16:08 - [TEST_STEP][PASSED] - selenium.click(a_plan_name): null

2020-01-02 08:16:09 - [TEST_STEP][PASSED] - waitForPageLoad(20): Wait for page load successfully

2020-01-02 08:16:09 - [MESSAGE][PASSED] - Wait for page load successfully

2020-01-02 08:16:09 - [TEST_STEP][PASSED] - Thread.sleep(2000): null

2020-01-02 08:16:11 - [TEST_STEP][PASSED] - callTestCase(findTestCase("AHI/_include/get_screenshot"), [:], STOP_ON_FAILURE): Call Test Case 'Test Cases/AHI/_include/get_screenshot' successfully

2020-01-02 08:16:11 - [TEST_CASE][PASSED] - Test Cases/AHI/_include/get_screenshot: Test Cases/AHI/_include/get_screenshot

2020-01-02 08:16:11 - [TEST_STEP][PASSED] - takeScreenshot(screenPath + i + ".png"): Taking screenshot successfully

2020-01-02 08:16:12 - [MESSAGE][PASSED] - Taking screenshot successfully
[[ATTACHMENT|D:\\Test\\AgileTest\\Reports\\AHI\\stm\\20200102_080029\\../Screenshots/iPhone 6/stm/National General/20200102_081535/4.png]]

2020-01-02 08:16:12 - [TEST_STEP][PASSED] - (internal.GlobalVariable.i++): null

2020-01-02 08:16:12 - [MESSAGE][PASSED] - Call Test Case 'Test Cases/AHI/_include/get_screenshot' successfully

2020-01-02 08:16:12 - [MESSAGE][PASSED] - Call Test Case 'Test Cases/AHI/_include/goToDetail_stm' successfully

2020-01-02 08:16:12 - [TEST_STEP][PASSED] - callTestCase(findTestCase("AHI/_include/apply_stm"), [:], STOP_ON_FAILURE): Call Test Case 'Test Cases/AHI/_include/apply_stm' successfully

2020-01-02 08:16:12 - [TEST_CASE][PASSED] - Test Cases/AHI/_include/apply_stm: Test Cases/AHI/_include/apply_stm

2020-01-02 08:16:12 - [TEST_STEP][PASSED] - waitForElementVisible(findTestObject("mobileSanity/STM/STM PlanDetail Page/a_Apply for This Plan"), 5): Object 'Object Repository/mobileSanity/STM/STM PlanDetail Page/a_Apply for This Plan' is visible

2020-01-02 08:16:12 - [MESSAGE][PASSED] - Object 'Object Repository/mobileSanity/STM/STM PlanDetail Page/a_Apply for This Plan' is visible

2020-01-02 08:16:12 - [TEST_STEP][PASSED] - click(findTestObject("mobileSanity/STM/STM PlanDetail Page/a_Apply for This Plan")): Object: 'Object Repository/mobileSanity/STM/STM PlanDetail Page/a_Apply for This Plan' is clicked on

2020-01-02 08:16:12 - [MESSAGE][PASSED] - Object: 'Object Repository/mobileSanity/STM/STM PlanDetail Page/a_Apply for This Plan' is clicked on

2020-01-02 08:16:12 - [TEST_STEP][PASSED] - waitForPageLoad(10): Wait for page load successfully

2020-01-02 08:16:13 - [MESSAGE][PASSED] - Wait for page load successfully

2020-01-02 08:16:13 - [TEST_STEP][PASSED] - Thread.sleep(2000): null

2020-01-02 08:16:15 - [TEST_STEP][PASSED] - callTestCase(findTestCase("AHI/_include/get_screenshot"), [:], STOP_ON_FAILURE): Call Test Case 'Test Cases/AHI/_include/get_screenshot' successfully

2020-01-02 08:16:15 - [TEST_CASE][PASSED] - Test Cases/AHI/_include/get_screenshot: Test Cases/AHI/_include/get_screenshot

2020-01-02 08:16:15 - [TEST_STEP][PASSED] - takeScreenshot(screenPath + i + ".png"): Taking screenshot successfully

2020-01-02 08:16:15 - [MESSAGE][PASSED] - Taking screenshot successfully
[[ATTACHMENT|D:\\Test\\AgileTest\\Reports\\AHI\\stm\\20200102_080029\\../Screenshots/iPhone 6/stm/National General/20200102_081535/5.png]]

2020-01-02 08:16:15 - [TEST_STEP][PASSED] - (internal.GlobalVariable.i++): null

2020-01-02 08:16:15 - [MESSAGE][PASSED] - Call Test Case 'Test Cases/AHI/_include/get_screenshot' successfully

2020-01-02 08:16:15 - [TEST_STEP][PASSED] - waitForElementVisible(findTestObject("mobileSanity/STM/STM Apply Page/a_Start Secure Application"), 5): Object 'Object Repository/mobileSanity/STM/STM Apply Page/a_Start Secure Application' is visible

2020-01-02 08:16:15 - [MESSAGE][PASSED] - Object 'Object Repository/mobileSanity/STM/STM Apply Page/a_Start Secure Application' is visible

2020-01-02 08:16:15 - [TEST_STEP][PASSED] - click(findTestObject("mobileSanity/STM/STM Apply Page/a_Start Secure Application")): Object: 'Object Repository/mobileSanity/STM/STM Apply Page/a_Start Secure Application' is clicked on

2020-01-02 08:16:16 - [MESSAGE][PASSED] - Object: 'Object Repository/mobileSanity/STM/STM Apply Page/a_Start Secure Application' is clicked on

2020-01-02 08:16:16 - [TEST_STEP][PASSED] - waitForPageLoad(20): Wait for page load successfully

2020-01-02 08:16:17 - [MESSAGE][PASSED] - Wait for page load successfully

2020-01-02 08:16:17 - [TEST_STEP][PASSED] - Thread.sleep(2000): null

2020-01-02 08:16:19 - [TEST_STEP][PASSED] - callTestCase(findTestCase("AHI/_include/get_screenshot"), [:], STOP_ON_FAILURE): Call Test Case 'Test Cases/AHI/_include/get_screenshot' successfully

2020-01-02 08:16:19 - [TEST_CASE][PASSED] - Test Cases/AHI/_include/get_screenshot: Test Cases/AHI/_include/get_screenshot

2020-01-02 08:16:19 - [TEST_STEP][PASSED] - takeScreenshot(screenPath + i + ".png"): Taking screenshot successfully

2020-01-02 08:16:19 - [MESSAGE][PASSED] - Taking screenshot successfully
[[ATTACHMENT|D:\\Test\\AgileTest\\Reports\\AHI\\stm\\20200102_080029\\../Screenshots/iPhone 6/stm/National General/20200102_081535/6.png]]

2020-01-02 08:16:19 - [TEST_STEP][PASSED] - (internal.GlobalVariable.i++): null

2020-01-02 08:16:19 - [MESSAGE][PASSED] - Call Test Case 'Test Cases/AHI/_include/get_screenshot' successfully

2020-01-02 08:16:19 - [MESSAGE][PASSED] - Call Test Case 'Test Cases/AHI/_include/apply_stm' successfully

2020-01-02 08:16:19 - [TEST_STEP][PASSED] - callTestCase(findTestCase("AHI/_include/goToEnd_stm_autofill"), [:], STOP_ON_FAILURE): Call Test Case 'Test Cases/AHI/_include/goToEnd_stm_autofill' successfully

2020-01-02 08:16:19 - [TEST_CASE][PASSED] - Test Cases/AHI/_include/goToEnd_stm_autofill: Test Cases/AHI/_include/goToEnd_stm_autofill

2020-01-02 08:16:19 - [TEST_STEP][PASSED] - callTestCase(findTestCase("AHI/_include/name"), [:], CONTINUE_ON_FAILURE): Call Test Case 'Test Cases/AHI/_include/name' successfully

2020-01-02 08:16:20 - [TEST_CASE][PASSED] - Test Cases/AHI/_include/name: Test Cases/AHI/_include/name

2020-01-02 08:16:20 - [TEST_STEP][PASSED] - driver = getWebDriver(): null

2020-01-02 08:16:20 - [TEST_STEP][PASSED] - selenium = new com.thoughtworks.selenium.webdriven.WebDriverBackedSelenium(driver, internal.GlobalVariable.ENV): null

2020-01-02 08:16:20 - [TEST_STEP][PASSED] - FirstName = "Test-123": null

2020-01-02 08:16:20 - [TEST_STEP][PASSED] - LastName = selenium.getEval("{var x="ABCDEFGHIJKLMNOPQRSTUVWXYZabcdefghijklmnopqrstuvwxyz"; var tmp="ZZ11-"; for (i=0;i<8;i++) tmp+=x.charAt(Math.ceil(51*Math.random()));tmp;}"): null

2020-01-02 08:16:20 - [TEST_STEP][PASSED] - Address = selenium.getEval("{var x="ABCDEFGHIJKLMNOPQRSTUVWXYZabcdefghijklmnopqrstuvwxyz"; var tmp=""; for (i=0;i<8;i++) tmp+=x.charAt(Math.ceil(51*Math.random()));tmp;}"): null

2020-01-02 08:16:20 - [TEST_STEP][PASSED] - City = selenium.getEval("{var x="ABCDEFGHIJKLMNOPQRSTUVWXYZabcdefghijklmnopqrstuvwxyz"; var tmp=""; for (i=0;i<8;i++) tmp+=x.charAt(Math.ceil(51*Math.random()));tmp;}"): null

2020-01-02 08:16:20 - [TEST_STEP][PASSED] - tel1 = selenium.getEval("{var x="123456789"; var tmp=""; for (i=0;i<3;i++) tmp+=x.charAt(Math.ceil(8*Math.random()));tmp;}"): null

2020-01-02 08:16:20 - [TEST_STEP][PASSED] - tel2 = selenium.getEval("{var x="123456789"; var tmp=""; for (i=0;i<3;i++) tmp+=x.charAt(Math.ceil(8*Math.random()));tmp;}"): null

2020-01-02 08:16:20 - [TEST_STEP][PASSED] - tel3 = selenium.getEval("{var x="123456789"; var tmp=""; for (i=0;i<4;i++) tmp+=x.charAt(Math.ceil(8*Math.random()));tmp;}"): null

2020-01-02 08:16:20 - [TEST_STEP][PASSED] - Tel = selenium.getExpression(tel1 + "-" + tel2 + "-" + tel3): null

2020-01-02 08:16:20 - [TEST_STEP][PASSED] - AutoEmail = selenium.getEval("{var x="ABCDEFGHIJKLMNOPQRSTUVWXYZabcdefghijklmnopqrstuvwxyz"; var tmp="test."; for (i=0;i<8;i++) tmp+=x.charAt(Math.ceil(51*Math.random()));tmp+="@suryani.cn";}"): null

2020-01-02 08:16:20 - [TEST_STEP][PASSED] - FirstName = FirstName: null

2020-01-02 08:16:20 - [TEST_STEP][PASSED] - LastName = LastName: null

2020-01-02 08:16:20 - [TEST_STEP][PASSED] - Address = Address: null

2020-01-02 08:16:20 - [TEST_STEP][PASSED] - City = City: null

2020-01-02 08:16:20 - [TEST_STEP][PASSED] - Tel = Tel: null

2020-01-02 08:16:20 - [TEST_STEP][PASSED] - AutoEmail = AutoEmail: null

2020-01-02 08:16:20 - [TEST_STEP][PASSED] - println(FirstName): null

2020-01-02 08:16:20 - [TEST_STEP][PASSED] - println(LastName): null

2020-01-02 08:16:20 - [TEST_STEP][PASSED] - println(Address): null

2020-01-02 08:16:20 - [TEST_STEP][PASSED] - println(City): null

2020-01-02 08:16:20 - [TEST_STEP][PASSED] - println(Tel): null

2020-01-02 08:16:20 - [TEST_STEP][PASSED] - println(AutoEmail): null

2020-01-02 08:16:20 - [MESSAGE][PASSED] - Call Test Case 'Test Cases/AHI/_include/name' successfully

2020-01-02 08:16:20 - [TEST_STEP][PASSED] - try: Call Test Case 'Test Cases/AHI/_include/get_screenshot' successfully

2020-01-02 08:16:20 - [TEST_STEP][PASSED] - if (verifyTextPresent("Month Duration Acknowledgement", false)): Call Test Case 'Test Cases/AHI/_include/get_screenshot' successfully

2020-01-02 08:16:20 - [MESSAGE][PASSED] - Text 'Month Duration Acknowledgement' is present on page 

2020-01-02 08:16:20 - [TEST_STEP][PASSED] - click(findTestObject("mobileSanity/STM/Page_App Page 1/label_By checking this box I u")): Object: 'Object Repository/mobileSanity/STM/Page_App Page 1/label_By checking this box I u' is clicked on

2020-01-02 08:16:20 - [MESSAGE][PASSED] - Object: 'Object Repository/mobileSanity/STM/Page_App Page 1/label_By checking this box I u' is clicked on

2020-01-02 08:16:20 - [TEST_STEP][PASSED] - click(findTestObject("mobileSanity/STM/Page_App Page 1/button_Continue to Application")): Object: 'Object Repository/mobileSanity/STM/Page_App Page 1/button_Continue to Application' is clicked on

2020-01-02 08:16:20 - [MESSAGE][PASSED] - Object: 'Object Repository/mobileSanity/STM/Page_App Page 1/button_Continue to Application' is clicked on

2020-01-02 08:16:20 - [TEST_STEP][PASSED] - waitForPageLoad(20): Wait for page load successfully

2020-01-02 08:16:21 - [MESSAGE][PASSED] - Wait for page load successfully

2020-01-02 08:16:21 - [TEST_STEP][PASSED] - Thread.sleep(5000): null

2020-01-02 08:16:26 - [TEST_STEP][PASSED] - callTestCase(findTestCase("AHI/_include/get_screenshot"), [:], STOP_ON_FAILURE): Call Test Case 'Test Cases/AHI/_include/get_screenshot' successfully

2020-01-02 08:16:26 - [TEST_CASE][PASSED] - Test Cases/AHI/_include/get_screenshot: Test Cases/AHI/_include/get_screenshot

2020-01-02 08:16:26 - [TEST_STEP][PASSED] - takeScreenshot(screenPath + i + ".png"): Taking screenshot successfully

2020-01-02 08:16:27 - [MESSAGE][PASSED] - Taking screenshot successfully
[[ATTACHMENT|D:\\Test\\AgileTest\\Reports\\AHI\\stm\\20200102_080029\\../Screenshots/iPhone 6/stm/National General/20200102_081535/7.png]]

2020-01-02 08:16:27 - [TEST_STEP][PASSED] - (internal.GlobalVariable.i++): null

2020-01-02 08:16:27 - [MESSAGE][PASSED] - Call Test Case 'Test Cases/AHI/_include/get_screenshot' successfully

2020-01-02 08:16:27 - [TEST_STEP][PASSED] - waitForPageLoad(10): Wait for page load successfully

2020-01-02 08:16:27 - [MESSAGE][PASSED] - Wait for page load successfully

2020-01-02 08:16:27 - [TEST_STEP][PASSED] - Thread.sleep(3000): null

2020-01-02 08:16:30 - [TEST_STEP][PASSED] - waitForElementVisible(findTestObject("mobileSanity/STM/Page_App Page 1/a_Autofill App Info"), 20): Object 'Object Repository/mobileSanity/STM/Page_App Page 1/a_Autofill App Info' is visible

2020-01-02 08:16:30 - [MESSAGE][PASSED] - Object 'Object Repository/mobileSanity/STM/Page_App Page 1/a_Autofill App Info' is visible

2020-01-02 08:16:30 - [TEST_STEP][PASSED] - click(findTestObject("mobileSanity/STM/Page_App Page 1/a_Autofill App Info")): Object: 'Object Repository/mobileSanity/STM/Page_App Page 1/a_Autofill App Info' is clicked on

2020-01-02 08:16:30 - [MESSAGE][PASSED] - Object: 'Object Repository/mobileSanity/STM/Page_App Page 1/a_Autofill App Info' is clicked on

2020-01-02 08:16:30 - [TEST_STEP][PASSED] - Thread.sleep(1000): null

2020-01-02 08:16:31 - [TEST_STEP][PASSED] - click(findTestObject("mobileSanity/STM/Page_App Page 1/a_Autofill App Info")): Object: 'Object Repository/mobileSanity/STM/Page_App Page 1/a_Autofill App Info' is clicked on

2020-01-02 08:16:31 - [MESSAGE][PASSED] - Object: 'Object Repository/mobileSanity/STM/Page_App Page 1/a_Autofill App Info' is clicked on

2020-01-02 08:16:31 - [TEST_STEP][PASSED] - Thread.sleep(1000): null

2020-01-02 08:16:32 - [TEST_STEP][PASSED] - waitForElementVisible(findTestObject("mobileSanity/STM/Page_App Page 1/a_Continue"), 20): Object 'Object Repository/mobileSanity/STM/Page_App Page 1/a_Continue' is visible

2020-01-02 08:16:32 - [MESSAGE][PASSED] - Object 'Object Repository/mobileSanity/STM/Page_App Page 1/a_Continue' is visible

2020-01-02 08:16:32 - [TEST_STEP][PASSED] - click(findTestObject("mobileSanity/STM/Page_App Page 1/a_Continue")): Object: 'Object Repository/mobileSanity/STM/Page_App Page 1/a_Continue' is clicked on

2020-01-02 08:16:33 - [MESSAGE][PASSED] - Object: 'Object Repository/mobileSanity/STM/Page_App Page 1/a_Continue' is clicked on

2020-01-02 08:16:33 - [TEST_STEP][PASSED] - waitForPageLoad(20): Wait for page load successfully

2020-01-02 08:16:33 - [MESSAGE][PASSED] - Wait for page load successfully

2020-01-02 08:16:33 - [TEST_STEP][PASSED] - Thread.sleep(5000): null

2020-01-02 08:16:38 - [TEST_STEP][PASSED] - callTestCase(findTestCase("AHI/_include/get_screenshot"), [:], STOP_ON_FAILURE): Call Test Case 'Test Cases/AHI/_include/get_screenshot' successfully

2020-01-02 08:16:38 - [TEST_CASE][PASSED] - Test Cases/AHI/_include/get_screenshot: Test Cases/AHI/_include/get_screenshot

2020-01-02 08:16:38 - [TEST_STEP][PASSED] - takeScreenshot(screenPath + i + ".png"): Taking screenshot successfully

2020-01-02 08:16:39 - [MESSAGE][PASSED] - Taking screenshot successfully
[[ATTACHMENT|D:\\Test\\AgileTest\\Reports\\AHI\\stm\\20200102_080029\\../Screenshots/iPhone 6/stm/National General/20200102_081535/8.png]]

2020-01-02 08:16:39 - [TEST_STEP][PASSED] - (internal.GlobalVariable.i++): null

2020-01-02 08:16:39 - [MESSAGE][PASSED] - Call Test Case 'Test Cases/AHI/_include/get_screenshot' successfully

2020-01-02 08:16:39 - [TEST_STEP][PASSED] - click(findTestObject("mobileSanity/STM/Page_App Page 2/a_Continue to Step 3 - Payment")): Object: 'Object Repository/mobileSanity/STM/Page_App Page 2/a_Continue to Step 3 - Payment' is clicked on

2020-01-02 08:16:39 - [MESSAGE][PASSED] - Object: 'Object Repository/mobileSanity/STM/Page_App Page 2/a_Continue to Step 3 - Payment' is clicked on

2020-01-02 08:16:39 - [TEST_STEP][PASSED] - waitForPageLoad(20): Wait for page load successfully

2020-01-02 08:16:40 - [MESSAGE][PASSED] - Wait for page load successfully

2020-01-02 08:16:40 - [TEST_STEP][PASSED] - waitForElementVisible(findTestObject("mobileSanity/STM/Page_App Page 3/input__credit-card-cvv"), 20): Object 'Object Repository/mobileSanity/STM/Page_App Page 3/input__credit-card-cvv' is visible

2020-01-02 08:16:40 - [MESSAGE][PASSED] - Object 'Object Repository/mobileSanity/STM/Page_App Page 3/input__credit-card-cvv' is visible

2020-01-02 08:16:40 - [TEST_STEP][PASSED] - Thread.sleep(2000): null

2020-01-02 08:16:42 - [TEST_STEP][PASSED] - callTestCase(findTestCase("AHI/_include/get_screenshot"), [:], STOP_ON_FAILURE): Call Test Case 'Test Cases/AHI/_include/get_screenshot' successfully

2020-01-02 08:16:42 - [TEST_CASE][PASSED] - Test Cases/AHI/_include/get_screenshot: Test Cases/AHI/_include/get_screenshot

2020-01-02 08:16:42 - [TEST_STEP][PASSED] - takeScreenshot(screenPath + i + ".png"): Taking screenshot successfully

2020-01-02 08:16:42 - [MESSAGE][PASSED] - Taking screenshot successfully
[[ATTACHMENT|D:\\Test\\AgileTest\\Reports\\AHI\\stm\\20200102_080029\\../Screenshots/iPhone 6/stm/National General/20200102_081535/9.png]]

2020-01-02 08:16:42 - [TEST_STEP][PASSED] - (internal.GlobalVariable.i++): null

2020-01-02 08:16:42 - [MESSAGE][PASSED] - Call Test Case 'Test Cases/AHI/_include/get_screenshot' successfully

2020-01-02 08:16:42 - [TEST_STEP][PASSED] - clearText(findTestObject("mobileSanity/STM/Page_App Page 3/input__credit-card-cvv")): Text of object 'Object Repository/mobileSanity/STM/Page_App Page 3/input__credit-card-cvv' is cleared

2020-01-02 08:16:42 - [MESSAGE][PASSED] - Text of object 'Object Repository/mobileSanity/STM/Page_App Page 3/input__credit-card-cvv' is cleared

2020-01-02 08:16:42 - [TEST_STEP][PASSED] - setText(findTestObject("mobileSanity/STM/Page_App Page 3/input__credit-card-cvv"), "123"): Text '123' is set on object 'Object Repository/mobileSanity/STM/Page_App Page 3/input__credit-card-cvv'

2020-01-02 08:16:42 - [MESSAGE][PASSED] - Text '123' is set on object 'Object Repository/mobileSanity/STM/Page_App Page 3/input__credit-card-cvv'

2020-01-02 08:16:42 - [TEST_STEP][PASSED] - click(findTestObject("mobileSanity/STM/Page_App Page 3/label_I Accept Authorization f")): Object: 'Object Repository/mobileSanity/STM/Page_App Page 3/label_I Accept Authorization f' is clicked on

2020-01-02 08:16:42 - [MESSAGE][PASSED] - Object: 'Object Repository/mobileSanity/STM/Page_App Page 3/label_I Accept Authorization f' is clicked on

2020-01-02 08:16:42 - [TEST_STEP][PASSED] - click(findTestObject("mobileSanity/STM/Page_App Page 3/a_Continue to Step 4 - Review")): Object: 'Object Repository/mobileSanity/STM/Page_App Page 3/a_Continue to Step 4 - Review' is clicked on

2020-01-02 08:16:43 - [MESSAGE][PASSED] - Object: 'Object Repository/mobileSanity/STM/Page_App Page 3/a_Continue to Step 4 - Review' is clicked on

2020-01-02 08:16:43 - [TEST_STEP][PASSED] - waitForPageLoad(10): Wait for page load successfully

2020-01-02 08:16:43 - [MESSAGE][PASSED] - Wait for page load successfully

2020-01-02 08:16:43 - [TEST_STEP][PASSED] - waitForElementClickable(findTestObject("mobileSanity/STM/Page_App Page 4/label"), 10): Object 'Object Repository/mobileSanity/STM/Page_App Page 4/label' is clickable

2020-01-02 08:16:43 - [MESSAGE][PASSED] - Object 'Object Repository/mobileSanity/STM/Page_App Page 4/label' is clickable

2020-01-02 08:16:43 - [TEST_STEP][PASSED] - Thread.sleep(2000): null

2020-01-02 08:16:45 - [TEST_STEP][PASSED] - callTestCase(findTestCase("AHI/_include/get_screenshot"), [:], STOP_ON_FAILURE): Call Test Case 'Test Cases/AHI/_include/get_screenshot' successfully

2020-01-02 08:16:45 - [TEST_CASE][PASSED] - Test Cases/AHI/_include/get_screenshot: Test Cases/AHI/_include/get_screenshot

2020-01-02 08:16:45 - [TEST_STEP][PASSED] - takeScreenshot(screenPath + i + ".png"): Taking screenshot successfully

2020-01-02 08:16:46 - [MESSAGE][PASSED] - Taking screenshot successfully
[[ATTACHMENT|D:\\Test\\AgileTest\\Reports\\AHI\\stm\\20200102_080029\\../Screenshots/iPhone 6/stm/National General/20200102_081535/10.png]]

2020-01-02 08:16:46 - [TEST_STEP][PASSED] - (internal.GlobalVariable.i++): null

2020-01-02 08:16:46 - [MESSAGE][PASSED] - Call Test Case 'Test Cases/AHI/_include/get_screenshot' successfully

2020-01-02 08:16:46 - [TEST_STEP][PASSED] - click(findTestObject("mobileSanity/STM/Page_App Page 4/label")): Object: 'Object Repository/mobileSanity/STM/Page_App Page 4/label' is clicked on

2020-01-02 08:16:46 - [MESSAGE][PASSED] - Object: 'Object Repository/mobileSanity/STM/Page_App Page 4/label' is clicked on

2020-01-02 08:16:46 - [TEST_STEP][PASSED] - click(findTestObject("mobileSanity/STM/Page_App Page 4/div_CLICK TO SIGN")): Object: 'Object Repository/mobileSanity/STM/Page_App Page 4/div_CLICK TO SIGN' is clicked on

2020-01-02 08:16:46 - [MESSAGE][PASSED] - Object: 'Object Repository/mobileSanity/STM/Page_App Page 4/div_CLICK TO SIGN' is clicked on

2020-01-02 08:16:46 - [TEST_STEP][PASSED] - click(findTestObject("mobileSanity/STM/Page_App Page 4/a_Submit Your Application")): Object: 'Object Repository/mobileSanity/STM/Page_App Page 4/a_Submit Your Application' is clicked on

2020-01-02 08:16:47 - [MESSAGE][PASSED] - Object: 'Object Repository/mobileSanity/STM/Page_App Page 4/a_Submit Your Application' is clicked on

2020-01-02 08:16:47 - [TEST_STEP][PASSED] - Thread.sleep(30000): null

2020-01-02 08:17:17 - [TEST_STEP][PASSED] - waitForElementPresent(findTestObject("mobileSanity/STM/Page_App Page 6/app-page-wrapper"), 20): Object 'Object Repository/mobileSanity/STM/Page_App Page 6/app-page-wrapper' is not present after 20 second(s)

2020-01-02 08:17:38 - [MESSAGE][INFO] - Unable to find the element located by 'By.xpath: //div[@id='app-page-wrapper' and @data-page='confirmation']'. Please recheck the objects properties to make sure the desired element is located. 

2020-01-02 08:17:38 - [MESSAGE][WARNING] - Object 'Object Repository/mobileSanity/STM/Page_App Page 6/app-page-wrapper' is not present after 20 second(s)

2020-01-02 08:17:38 - [TEST_STEP][PASSED] - callTestCase(findTestCase("AHI/_include/get_screenshot"), [:], STOP_ON_FAILURE): Call Test Case 'Test Cases/AHI/_include/get_screenshot' successfully

2020-01-02 08:17:38 - [TEST_CASE][PASSED] - Test Cases/AHI/_include/get_screenshot: Test Cases/AHI/_include/get_screenshot

2020-01-02 08:17:38 - [TEST_STEP][PASSED] - takeScreenshot(screenPath + i + ".png"): Taking screenshot successfully

2020-01-02 08:17:38 - [MESSAGE][PASSED] - Taking screenshot successfully
[[ATTACHMENT|D:\\Test\\AgileTest\\Reports\\AHI\\stm\\20200102_080029\\../Screenshots/iPhone 6/stm/National General/20200102_081535/11.png]]

2020-01-02 08:17:38 - [TEST_STEP][PASSED] - (internal.GlobalVariable.i++): null

2020-01-02 08:17:38 - [MESSAGE][PASSED] - Call Test Case 'Test Cases/AHI/_include/get_screenshot' successfully

2020-01-02 08:17:38 - [MESSAGE][PASSED] - Call Test Case 'Test Cases/AHI/_include/goToEnd_stm_autofill' successfully]]></system-out>
         <system-err><![CDATA[]]></system-err>
      </testcase>
      <testcase name="Test Cases/AHI/stm/Slaico" classname="Test Cases/AHI/stm/Slaico" status="PASSED">
         <system-out><![CDATA[2020-01-02 08:17:38 - [TEST_CASE][PASSED] - Test Cases/AHI/stm/Slaico: Test Cases/AHI/stm/Slaico

2020-01-02 08:17:39 - [TEST_STEP][PASSED] - callTestCase(findTestCase("AHI/_include/get_screenPath"), ["productLine":"stm", "carrierName":"Slaico"], CONTINUE_ON_FAILURE): Call Test Case 'Test Cases/AHI/_include/get_screenPath' successfully

2020-01-02 08:17:39 - [TEST_CASE][PASSED] - Test Cases/AHI/_include/get_screenPath: Test Cases/AHI/_include/get_screenPath

2020-01-02 08:17:39 - [TEST_STEP][PASSED] - m = getExecutionProperties(): null

2020-01-02 08:17:39 - [TEST_STEP][PASSED] - deviceName = get("mobileEmulation").get("deviceName"): null

2020-01-02 08:17:39 - [TEST_STEP][PASSED] - println(deviceName): null

2020-01-02 08:17:39 - [TEST_STEP][PASSED] - now = new java.util.Date(): null

2020-01-02 08:17:39 - [TEST_STEP][PASSED] - mydate = now.format("yyyyMMdd_HHmmss"): null

2020-01-02 08:17:39 - [TEST_STEP][PASSED] - screenPath = "../Screenshots/": null

2020-01-02 08:17:39 - [TEST_STEP][PASSED] - screenPath = screenPath + deviceName + "/" + productLine + "/" + carrierName + "/" + mydate + "/": null

2020-01-02 08:17:39 - [TEST_STEP][PASSED] - println(screenPath): null

2020-01-02 08:17:39 - [MESSAGE][PASSED] - Call Test Case 'Test Cases/AHI/_include/get_screenPath' successfully

2020-01-02 08:17:39 - [TEST_STEP][PASSED] - i = 0: null

2020-01-02 08:17:39 - [TEST_STEP][PASSED] - callTestCase(findTestCase("AHI/_include/openWebSite"), [:], STOP_ON_FAILURE): Call Test Case 'Test Cases/AHI/_include/openWebSite' successfully

2020-01-02 08:17:39 - [TEST_CASE][PASSED] - Test Cases/AHI/_include/openWebSite: Test Cases/AHI/_include/openWebSite

2020-01-02 08:17:39 - [TEST_STEP][PASSED] - openBrowser(env): Browser is opened with url: 'https://praetemptatus.agilehealthinsurance.com'

2020-01-02 08:17:39 - [MESSAGE][WARNING] - A browser is already opened. Closing browser and opening a new one

2020-01-02 08:17:40 - [MESSAGE][INFO] - Starting 'Chrome' driver

2020-01-02 08:17:40 - [MESSAGE][INFO] - User set preference: ['mobileEmulation', '{deviceName=iPhone 6}']

2020-01-02 08:17:40 - [MESSAGE][INFO] - User set preference: ['args', '[--incognito, --aggressive-cache-discard, --window-size=375,677, --no-sandbox]']

2020-01-02 08:17:44 - [MESSAGE][PASSED] - Browser is opened with url: 'https://praetemptatus.agilehealthinsurance.com'

2020-01-02 08:17:44 - [TEST_STEP][PASSED] - waitForPageLoad(20): Wait for page load successfully

2020-01-02 08:17:44 - [MESSAGE][PASSED] - Wait for page load successfully

2020-01-02 08:17:44 - [TEST_STEP][PASSED] - callTestCase(findTestCase("AHI/_include/get_screenshot"), [:], STOP_ON_FAILURE): Call Test Case 'Test Cases/AHI/_include/get_screenshot' successfully

2020-01-02 08:17:44 - [TEST_CASE][PASSED] - Test Cases/AHI/_include/get_screenshot: Test Cases/AHI/_include/get_screenshot

2020-01-02 08:17:44 - [TEST_STEP][PASSED] - takeScreenshot(screenPath + i + ".png"): Taking screenshot successfully

2020-01-02 08:17:46 - [MESSAGE][PASSED] - Taking screenshot successfully
[[ATTACHMENT|D:\\Test\\AgileTest\\Reports\\AHI\\stm\\20200102_080029\\../Screenshots/iPhone 6/stm/Slaico/20200102_081739/0.png]]

2020-01-02 08:17:46 - [TEST_STEP][PASSED] - (internal.GlobalVariable.i++): null

2020-01-02 08:17:46 - [MESSAGE][PASSED] - Call Test Case 'Test Cases/AHI/_include/get_screenshot' successfully

2020-01-02 08:17:46 - [MESSAGE][PASSED] - Call Test Case 'Test Cases/AHI/_include/openWebSite' successfully

2020-01-02 08:17:46 - [TEST_STEP][PASSED] - callTestCase(findTestCase("AHI/_include/census_stm"), ["zipcode":"60602"], STOP_ON_FAILURE): Call Test Case 'Test Cases/AHI/_include/census_stm' successfully

2020-01-02 08:17:46 - [TEST_CASE][PASSED] - Test Cases/AHI/_include/census_stm: Test Cases/AHI/_include/census_stm

2020-01-02 08:17:46 - [TEST_STEP][PASSED] - waitForElementClickable(findTestObject("mobileSanity/STM/Home Page/a_Quote  Save Today"), 10): Object 'Object Repository/mobileSanity/STM/Home Page/a_Quote  Save Today' is clickable

2020-01-02 08:17:46 - [MESSAGE][PASSED] - Object 'Object Repository/mobileSanity/STM/Home Page/a_Quote  Save Today' is clickable

2020-01-02 08:17:46 - [TEST_STEP][PASSED] - click(findTestObject("mobileSanity/STM/Home Page/a_Quote  Save Today")): Object: 'Object Repository/mobileSanity/STM/Home Page/a_Quote  Save Today' is clicked on

2020-01-02 08:17:48 - [MESSAGE][PASSED] - Object: 'Object Repository/mobileSanity/STM/Home Page/a_Quote  Save Today' is clicked on

2020-01-02 08:17:48 - [TEST_STEP][PASSED] - waitForPageLoad(10): Wait for page load successfully

2020-01-02 08:17:49 - [MESSAGE][PASSED] - Wait for page load successfully

2020-01-02 08:17:49 - [TEST_STEP][PASSED] - callTestCase(findTestCase("AHI/_include/get_screenshot"), [:], STOP_ON_FAILURE): Call Test Case 'Test Cases/AHI/_include/get_screenshot' successfully

2020-01-02 08:17:49 - [TEST_CASE][PASSED] - Test Cases/AHI/_include/get_screenshot: Test Cases/AHI/_include/get_screenshot

2020-01-02 08:17:49 - [TEST_STEP][PASSED] - takeScreenshot(screenPath + i + ".png"): Taking screenshot successfully

2020-01-02 08:17:49 - [MESSAGE][PASSED] - Taking screenshot successfully
[[ATTACHMENT|D:\\Test\\AgileTest\\Reports\\AHI\\stm\\20200102_080029\\../Screenshots/iPhone 6/stm/Slaico/20200102_081739/1.png]]

2020-01-02 08:17:49 - [TEST_STEP][PASSED] - (internal.GlobalVariable.i++): null

2020-01-02 08:17:49 - [MESSAGE][PASSED] - Call Test Case 'Test Cases/AHI/_include/get_screenshot' successfully

2020-01-02 08:17:49 - [TEST_STEP][PASSED] - setText(findTestObject("mobileSanity/STM/STM Census Page/input_Location_zip-input"), zipcode): Text '60602' is set on object 'Object Repository/mobileSanity/STM/STM Census Page/input_Location_zip-input'

2020-01-02 08:17:50 - [MESSAGE][PASSED] - Text '60602' is set on object 'Object Repository/mobileSanity/STM/STM Census Page/input_Location_zip-input'

2020-01-02 08:17:50 - [TEST_STEP][PASSED] - Thread.sleep(500): null

2020-01-02 08:17:50 - [TEST_STEP][PASSED] - setText(findTestObject("mobileSanity/STM/STM Census Page/input_Date of Birth_dob-0"), "03031987"): Text '03031987' is set on object 'Object Repository/mobileSanity/STM/STM Census Page/input_Date of Birth_dob-0'

2020-01-02 08:17:51 - [MESSAGE][PASSED] - Text '03031987' is set on object 'Object Repository/mobileSanity/STM/STM Census Page/input_Date of Birth_dob-0'

2020-01-02 08:17:51 - [TEST_STEP][PASSED] - click(findTestObject("mobileSanity/STM/STM Census Page/label_Male")): Object: 'Object Repository/mobileSanity/STM/STM Census Page/label_Male' is clicked on

2020-01-02 08:17:51 - [MESSAGE][PASSED] - Object: 'Object Repository/mobileSanity/STM/STM Census Page/label_Male' is clicked on

2020-01-02 08:17:51 - [TEST_STEP][PASSED] - click(findTestObject("mobileSanity/STM/STM Census Page/label_Compare Plans")): Object: 'Object Repository/mobileSanity/STM/STM Census Page/label_Compare Plans' is clicked on

2020-01-02 08:17:53 - [MESSAGE][PASSED] - Object: 'Object Repository/mobileSanity/STM/STM Census Page/label_Compare Plans' is clicked on

2020-01-02 08:17:53 - [TEST_STEP][PASSED] - waitForElementVisible(findTestObject("mobileSanity/STM/STM Quote Page/button_sort"), 20): Object 'Object Repository/mobileSanity/STM/STM Quote Page/button_sort' is visible

2020-01-02 08:17:55 - [MESSAGE][PASSED] - Object 'Object Repository/mobileSanity/STM/STM Quote Page/button_sort' is visible

2020-01-02 08:17:55 - [TEST_STEP][PASSED] - Thread.sleep(3000): null

2020-01-02 08:17:58 - [TEST_STEP][PASSED] - callTestCase(findTestCase("AHI/_include/check_quoteleadform"), [:], STOP_ON_FAILURE): Call Test Case 'Test Cases/AHI/_include/check_quoteleadform' successfully

2020-01-02 08:17:58 - [TEST_CASE][PASSED] - Test Cases/AHI/_include/check_quoteleadform: Test Cases/AHI/_include/check_quoteleadform

2020-01-02 08:17:58 - [TEST_STEP][PASSED] - callTestCase(findTestCase("AHI/_include/name"), [:], CONTINUE_ON_FAILURE): Call Test Case 'Test Cases/AHI/_include/name' successfully

2020-01-02 08:17:59 - [TEST_CASE][PASSED] - Test Cases/AHI/_include/name: Test Cases/AHI/_include/name

2020-01-02 08:17:59 - [TEST_STEP][PASSED] - driver = getWebDriver(): null

2020-01-02 08:17:59 - [TEST_STEP][PASSED] - selenium = new com.thoughtworks.selenium.webdriven.WebDriverBackedSelenium(driver, internal.GlobalVariable.ENV): null

2020-01-02 08:17:59 - [TEST_STEP][PASSED] - FirstName = "Test-123": null

2020-01-02 08:17:59 - [TEST_STEP][PASSED] - LastName = selenium.getEval("{var x="ABCDEFGHIJKLMNOPQRSTUVWXYZabcdefghijklmnopqrstuvwxyz"; var tmp="ZZ11-"; for (i=0;i<8;i++) tmp+=x.charAt(Math.ceil(51*Math.random()));tmp;}"): null

2020-01-02 08:17:59 - [TEST_STEP][PASSED] - Address = selenium.getEval("{var x="ABCDEFGHIJKLMNOPQRSTUVWXYZabcdefghijklmnopqrstuvwxyz"; var tmp=""; for (i=0;i<8;i++) tmp+=x.charAt(Math.ceil(51*Math.random()));tmp;}"): null

2020-01-02 08:17:59 - [TEST_STEP][PASSED] - City = selenium.getEval("{var x="ABCDEFGHIJKLMNOPQRSTUVWXYZabcdefghijklmnopqrstuvwxyz"; var tmp=""; for (i=0;i<8;i++) tmp+=x.charAt(Math.ceil(51*Math.random()));tmp;}"): null

2020-01-02 08:17:59 - [TEST_STEP][PASSED] - tel1 = selenium.getEval("{var x="123456789"; var tmp=""; for (i=0;i<3;i++) tmp+=x.charAt(Math.ceil(8*Math.random()));tmp;}"): null

2020-01-02 08:17:59 - [TEST_STEP][PASSED] - tel2 = selenium.getEval("{var x="123456789"; var tmp=""; for (i=0;i<3;i++) tmp+=x.charAt(Math.ceil(8*Math.random()));tmp;}"): null

2020-01-02 08:17:59 - [TEST_STEP][PASSED] - tel3 = selenium.getEval("{var x="123456789"; var tmp=""; for (i=0;i<4;i++) tmp+=x.charAt(Math.ceil(8*Math.random()));tmp;}"): null

2020-01-02 08:17:59 - [TEST_STEP][PASSED] - Tel = selenium.getExpression(tel1 + "-" + tel2 + "-" + tel3): null

2020-01-02 08:17:59 - [TEST_STEP][PASSED] - AutoEmail = selenium.getEval("{var x="ABCDEFGHIJKLMNOPQRSTUVWXYZabcdefghijklmnopqrstuvwxyz"; var tmp="test."; for (i=0;i<8;i++) tmp+=x.charAt(Math.ceil(51*Math.random()));tmp+="@suryani.cn";}"): null

2020-01-02 08:17:59 - [TEST_STEP][PASSED] - FirstName = FirstName: null

2020-01-02 08:17:59 - [TEST_STEP][PASSED] - LastName = LastName: null

2020-01-02 08:17:59 - [TEST_STEP][PASSED] - Address = Address: null

2020-01-02 08:17:59 - [TEST_STEP][PASSED] - City = City: null

2020-01-02 08:17:59 - [TEST_STEP][PASSED] - Tel = Tel: null

2020-01-02 08:17:59 - [TEST_STEP][PASSED] - AutoEmail = AutoEmail: null

2020-01-02 08:17:59 - [TEST_STEP][PASSED] - println(FirstName): null

2020-01-02 08:17:59 - [TEST_STEP][PASSED] - println(LastName): null

2020-01-02 08:17:59 - [TEST_STEP][PASSED] - println(Address): null

2020-01-02 08:17:59 - [TEST_STEP][PASSED] - println(City): null

2020-01-02 08:17:59 - [TEST_STEP][PASSED] - println(Tel): null

2020-01-02 08:17:59 - [TEST_STEP][PASSED] - println(AutoEmail): null

2020-01-02 08:17:59 - [MESSAGE][PASSED] - Call Test Case 'Test Cases/AHI/_include/name' successfully

2020-01-02 08:17:59 - [TEST_STEP][PASSED] - leadform_exist = test.MobileKeywords.isElementPresent_Web(findTestObject("mobileSanity/quote lead form/lead_form"), 20): test.MobileKeywords.isElementPresent_Web is PASSED

2020-01-02 08:17:59 - [MESSAGE][PASSED] - test.MobileKeywords.isElementPresent_Web is PASSED

2020-01-02 08:17:59 - [TEST_STEP][PASSED] - if (leadform_exist): null

2020-01-02 08:17:59 - [TEST_STEP][PASSED] - setText(findTestObject("mobileSanity/quote lead form/first"), FirstName): Text 'Test-123' is set on object 'Object Repository/mobileSanity/quote lead form/first'

2020-01-02 08:17:59 - [MESSAGE][PASSED] - Text 'Test-123' is set on object 'Object Repository/mobileSanity/quote lead form/first'

2020-01-02 08:17:59 - [TEST_STEP][PASSED] - setText(findTestObject("mobileSanity/quote lead form/last"), LastName): Text 'ZZ11-yZNSkyzm' is set on object 'Object Repository/mobileSanity/quote lead form/last'

2020-01-02 08:18:00 - [MESSAGE][PASSED] - Text 'ZZ11-yZNSkyzm' is set on object 'Object Repository/mobileSanity/quote lead form/last'

2020-01-02 08:18:00 - [TEST_STEP][PASSED] - setText(findTestObject("mobileSanity/quote lead form/email"), AutoEmail): Text 'test.HlgErian@suryani.cn' is set on object 'Object Repository/mobileSanity/quote lead form/email'

2020-01-02 08:18:00 - [MESSAGE][PASSED] - Text 'test.HlgErian@suryani.cn' is set on object 'Object Repository/mobileSanity/quote lead form/email'

2020-01-02 08:18:00 - [TEST_STEP][PASSED] - setText(findTestObject("mobileSanity/quote lead form/phone"), Tel): Text '624-585-7596' is set on object 'Object Repository/mobileSanity/quote lead form/phone'

2020-01-02 08:18:00 - [MESSAGE][PASSED] - Text '624-585-7596' is set on object 'Object Repository/mobileSanity/quote lead form/phone'

2020-01-02 08:18:00 - [TEST_STEP][PASSED] - click(findTestObject("mobileSanity/quote lead form/submit")): Object: 'Object Repository/mobileSanity/quote lead form/submit' is clicked on

2020-01-02 08:18:01 - [MESSAGE][PASSED] - Object: 'Object Repository/mobileSanity/quote lead form/submit' is clicked on

2020-01-02 08:18:01 - [TEST_STEP][PASSED] - Thread.sleep(3000): null

2020-01-02 08:18:04 - [MESSAGE][PASSED] - Call Test Case 'Test Cases/AHI/_include/check_quoteleadform' successfully

2020-01-02 08:18:04 - [TEST_STEP][PASSED] - callTestCase(findTestCase("AHI/_include/get_screenshot"), [:], STOP_ON_FAILURE): Call Test Case 'Test Cases/AHI/_include/get_screenshot' successfully

2020-01-02 08:18:04 - [TEST_CASE][PASSED] - Test Cases/AHI/_include/get_screenshot: Test Cases/AHI/_include/get_screenshot

2020-01-02 08:18:04 - [TEST_STEP][PASSED] - takeScreenshot(screenPath + i + ".png"): Taking screenshot successfully

2020-01-02 08:18:05 - [MESSAGE][PASSED] - Taking screenshot successfully
[[ATTACHMENT|D:\\Test\\AgileTest\\Reports\\AHI\\stm\\20200102_080029\\../Screenshots/iPhone 6/stm/Slaico/20200102_081739/2.png]]

2020-01-02 08:18:05 - [TEST_STEP][PASSED] - (internal.GlobalVariable.i++): null

2020-01-02 08:18:05 - [MESSAGE][PASSED] - Call Test Case 'Test Cases/AHI/_include/get_screenshot' successfully

2020-01-02 08:18:05 - [TEST_STEP][PASSED] - Thread.sleep(1000): null

2020-01-02 08:18:06 - [MESSAGE][PASSED] - Call Test Case 'Test Cases/AHI/_include/census_stm' successfully

2020-01-02 08:18:06 - [TEST_STEP][PASSED] - callTestCase(findTestCase("AHI/_include/filter_stm"), ["carrier":"slaico"], STOP_ON_FAILURE): Call Test Case 'Test Cases/AHI/_include/filter_stm' successfully

2020-01-02 08:18:06 - [TEST_CASE][PASSED] - Test Cases/AHI/_include/filter_stm: Test Cases/AHI/_include/filter_stm

2020-01-02 08:18:06 - [TEST_STEP][PASSED] - driver = getWebDriver(): null

2020-01-02 08:18:06 - [TEST_STEP][PASSED] - selenium = new com.thoughtworks.selenium.webdriven.WebDriverBackedSelenium(driver, internal.GlobalVariable.ENV): null

2020-01-02 08:18:06 - [TEST_STEP][PASSED] - Thread.sleep(1000): null

2020-01-02 08:18:07 - [TEST_STEP][PASSED] - click(findTestObject("mobileSanity/STM/STM Quote Page/button_filters")): Object: 'Object Repository/mobileSanity/STM/STM Quote Page/button_filters' is clicked on

2020-01-02 08:18:07 - [MESSAGE][PASSED] - Object: 'Object Repository/mobileSanity/STM/STM Quote Page/button_filters' is clicked on

2020-01-02 08:18:07 - [TEST_STEP][PASSED] - Thread.sleep(1000): null

2020-01-02 08:18:08 - [TEST_STEP][PASSED] - click(findTestObject("mobileSanity/STM/STM Quote Page/i_Insurance company")): Object: 'Object Repository/mobileSanity/STM/STM Quote Page/i_Insurance company' is clicked on

2020-01-02 08:18:08 - [MESSAGE][PASSED] - Object: 'Object Repository/mobileSanity/STM/STM Quote Page/i_Insurance company' is clicked on

2020-01-02 08:18:08 - [TEST_STEP][PASSED] - Thread.sleep(1000): null

2020-01-02 08:18:09 - [TEST_STEP][PASSED] - filter_carrier = "//input[@name='filter[carrier]' and @value='" + carrier + "']/following::label": null

2020-01-02 08:18:09 - [TEST_STEP][PASSED] - println(filter_carrier): null

2020-01-02 08:18:09 - [TEST_STEP][PASSED] - test.MobileKeywords.clickJS_ByXpath(filter_carrier): test.MobileKeywords.clickJS_ByXpath is PASSED

2020-01-02 08:18:09 - [MESSAGE][PASSED] - Execute JavaScript 'arguments[0].click()' successfully

2020-01-02 08:18:09 - [MESSAGE][PASSED] - test.MobileKeywords.clickJS_ByXpath is PASSED

2020-01-02 08:18:09 - [TEST_STEP][PASSED] - click(findTestObject("mobileSanity/STM/STM Quote Page/js-close c-link-button")): Object: 'Object Repository/mobileSanity/STM/STM Quote Page/js-close c-link-button' is clicked on

2020-01-02 08:18:10 - [MESSAGE][PASSED] - Object: 'Object Repository/mobileSanity/STM/STM Quote Page/js-close c-link-button' is clicked on

2020-01-02 08:18:10 - [TEST_STEP][PASSED] - Thread.sleep(2000): null

2020-01-02 08:18:12 - [TEST_STEP][PASSED] - callTestCase(findTestCase("AHI/_include/get_screenshot"), [:], STOP_ON_FAILURE): Call Test Case 'Test Cases/AHI/_include/get_screenshot' successfully

2020-01-02 08:18:12 - [TEST_CASE][PASSED] - Test Cases/AHI/_include/get_screenshot: Test Cases/AHI/_include/get_screenshot

2020-01-02 08:18:12 - [TEST_STEP][PASSED] - takeScreenshot(screenPath + i + ".png"): Taking screenshot successfully

2020-01-02 08:18:12 - [MESSAGE][PASSED] - Taking screenshot successfully
[[ATTACHMENT|D:\\Test\\AgileTest\\Reports\\AHI\\stm\\20200102_080029\\../Screenshots/iPhone 6/stm/Slaico/20200102_081739/3.png]]

2020-01-02 08:18:12 - [TEST_STEP][PASSED] - (internal.GlobalVariable.i++): null

2020-01-02 08:18:12 - [MESSAGE][PASSED] - Call Test Case 'Test Cases/AHI/_include/get_screenshot' successfully

2020-01-02 08:18:12 - [MESSAGE][PASSED] - Call Test Case 'Test Cases/AHI/_include/filter_stm' successfully

2020-01-02 08:18:12 - [TEST_STEP][PASSED] - callTestCase(findTestCase("AHI/_include/goToDetail_stm"), ["carrier":"slaico"], STOP_ON_FAILURE): Call Test Case 'Test Cases/AHI/_include/goToDetail_stm' successfully

2020-01-02 08:18:12 - [TEST_CASE][PASSED] - Test Cases/AHI/_include/goToDetail_stm: Test Cases/AHI/_include/goToDetail_stm

2020-01-02 08:18:12 - [TEST_STEP][PASSED] - driver = getWebDriver(): null

2020-01-02 08:18:12 - [TEST_STEP][PASSED] - selenium = new com.thoughtworks.selenium.webdriven.WebDriverBackedSelenium(driver, internal.GlobalVariable.ENV): null

2020-01-02 08:18:12 - [TEST_STEP][PASSED] - a_plan_name = "xpath=//a[contains(@href,'/term-health-insurance/plan/" + carrier + "')]": null

2020-01-02 08:18:12 - [TEST_STEP][PASSED] - println(a_plan_name): null

2020-01-02 08:18:12 - [TEST_STEP][PASSED] - selenium.click(a_plan_name): null

2020-01-02 08:18:13 - [TEST_STEP][PASSED] - waitForPageLoad(20): Wait for page load successfully

2020-01-02 08:18:14 - [MESSAGE][PASSED] - Wait for page load successfully

2020-01-02 08:18:14 - [TEST_STEP][PASSED] - Thread.sleep(2000): null

2020-01-02 08:18:16 - [TEST_STEP][PASSED] - callTestCase(findTestCase("AHI/_include/get_screenshot"), [:], STOP_ON_FAILURE): Call Test Case 'Test Cases/AHI/_include/get_screenshot' successfully

2020-01-02 08:18:16 - [TEST_CASE][PASSED] - Test Cases/AHI/_include/get_screenshot: Test Cases/AHI/_include/get_screenshot

2020-01-02 08:18:16 - [TEST_STEP][PASSED] - takeScreenshot(screenPath + i + ".png"): Taking screenshot successfully

2020-01-02 08:18:16 - [MESSAGE][PASSED] - Taking screenshot successfully
[[ATTACHMENT|D:\\Test\\AgileTest\\Reports\\AHI\\stm\\20200102_080029\\../Screenshots/iPhone 6/stm/Slaico/20200102_081739/4.png]]

2020-01-02 08:18:16 - [TEST_STEP][PASSED] - (internal.GlobalVariable.i++): null

2020-01-02 08:18:16 - [MESSAGE][PASSED] - Call Test Case 'Test Cases/AHI/_include/get_screenshot' successfully

2020-01-02 08:18:16 - [MESSAGE][PASSED] - Call Test Case 'Test Cases/AHI/_include/goToDetail_stm' successfully

2020-01-02 08:18:16 - [TEST_STEP][PASSED] - callTestCase(findTestCase("AHI/_include/apply_stm"), [:], STOP_ON_FAILURE): Call Test Case 'Test Cases/AHI/_include/apply_stm' successfully

2020-01-02 08:18:16 - [TEST_CASE][PASSED] - Test Cases/AHI/_include/apply_stm: Test Cases/AHI/_include/apply_stm

2020-01-02 08:18:16 - [TEST_STEP][PASSED] - waitForElementVisible(findTestObject("mobileSanity/STM/STM PlanDetail Page/a_Apply for This Plan"), 5): Object 'Object Repository/mobileSanity/STM/STM PlanDetail Page/a_Apply for This Plan' is visible

2020-01-02 08:18:16 - [MESSAGE][PASSED] - Object 'Object Repository/mobileSanity/STM/STM PlanDetail Page/a_Apply for This Plan' is visible

2020-01-02 08:18:16 - [TEST_STEP][PASSED] - click(findTestObject("mobileSanity/STM/STM PlanDetail Page/a_Apply for This Plan")): Object: 'Object Repository/mobileSanity/STM/STM PlanDetail Page/a_Apply for This Plan' is clicked on

2020-01-02 08:18:17 - [MESSAGE][PASSED] - Object: 'Object Repository/mobileSanity/STM/STM PlanDetail Page/a_Apply for This Plan' is clicked on

2020-01-02 08:18:17 - [TEST_STEP][PASSED] - waitForPageLoad(10): Wait for page load successfully

2020-01-02 08:18:17 - [MESSAGE][PASSED] - Wait for page load successfully

2020-01-02 08:18:17 - [TEST_STEP][PASSED] - Thread.sleep(2000): null

2020-01-02 08:18:19 - [TEST_STEP][PASSED] - callTestCase(findTestCase("AHI/_include/get_screenshot"), [:], STOP_ON_FAILURE): Call Test Case 'Test Cases/AHI/_include/get_screenshot' successfully

2020-01-02 08:18:19 - [TEST_CASE][PASSED] - Test Cases/AHI/_include/get_screenshot: Test Cases/AHI/_include/get_screenshot

2020-01-02 08:18:19 - [TEST_STEP][PASSED] - takeScreenshot(screenPath + i + ".png"): Taking screenshot successfully

2020-01-02 08:18:19 - [MESSAGE][PASSED] - Taking screenshot successfully
[[ATTACHMENT|D:\\Test\\AgileTest\\Reports\\AHI\\stm\\20200102_080029\\../Screenshots/iPhone 6/stm/Slaico/20200102_081739/5.png]]

2020-01-02 08:18:19 - [TEST_STEP][PASSED] - (internal.GlobalVariable.i++): null

2020-01-02 08:18:19 - [MESSAGE][PASSED] - Call Test Case 'Test Cases/AHI/_include/get_screenshot' successfully

2020-01-02 08:18:19 - [TEST_STEP][PASSED] - waitForElementVisible(findTestObject("mobileSanity/STM/STM Apply Page/a_Start Secure Application"), 5): Object 'Object Repository/mobileSanity/STM/STM Apply Page/a_Start Secure Application' is visible

2020-01-02 08:18:19 - [MESSAGE][PASSED] - Object 'Object Repository/mobileSanity/STM/STM Apply Page/a_Start Secure Application' is visible

2020-01-02 08:18:19 - [TEST_STEP][PASSED] - click(findTestObject("mobileSanity/STM/STM Apply Page/a_Start Secure Application")): Object: 'Object Repository/mobileSanity/STM/STM Apply Page/a_Start Secure Application' is clicked on

2020-01-02 08:18:20 - [MESSAGE][PASSED] - Object: 'Object Repository/mobileSanity/STM/STM Apply Page/a_Start Secure Application' is clicked on

2020-01-02 08:18:20 - [TEST_STEP][PASSED] - waitForPageLoad(20): Wait for page load successfully

2020-01-02 08:18:20 - [MESSAGE][PASSED] - Wait for page load successfully

2020-01-02 08:18:20 - [TEST_STEP][PASSED] - Thread.sleep(2000): null

2020-01-02 08:18:22 - [TEST_STEP][PASSED] - callTestCase(findTestCase("AHI/_include/get_screenshot"), [:], STOP_ON_FAILURE): Call Test Case 'Test Cases/AHI/_include/get_screenshot' successfully

2020-01-02 08:18:22 - [TEST_CASE][PASSED] - Test Cases/AHI/_include/get_screenshot: Test Cases/AHI/_include/get_screenshot

2020-01-02 08:18:22 - [TEST_STEP][PASSED] - takeScreenshot(screenPath + i + ".png"): Taking screenshot successfully

2020-01-02 08:18:22 - [MESSAGE][PASSED] - Taking screenshot successfully
[[ATTACHMENT|D:\\Test\\AgileTest\\Reports\\AHI\\stm\\20200102_080029\\../Screenshots/iPhone 6/stm/Slaico/20200102_081739/6.png]]

2020-01-02 08:18:22 - [TEST_STEP][PASSED] - (internal.GlobalVariable.i++): null

2020-01-02 08:18:22 - [MESSAGE][PASSED] - Call Test Case 'Test Cases/AHI/_include/get_screenshot' successfully

2020-01-02 08:18:22 - [MESSAGE][PASSED] - Call Test Case 'Test Cases/AHI/_include/apply_stm' successfully

2020-01-02 08:18:22 - [TEST_STEP][PASSED] - callTestCase(findTestCase("AHI/_include/goToEnd_stm_autofill"), [:], STOP_ON_FAILURE): Call Test Case 'Test Cases/AHI/_include/goToEnd_stm_autofill' successfully

2020-01-02 08:18:23 - [TEST_CASE][PASSED] - Test Cases/AHI/_include/goToEnd_stm_autofill: Test Cases/AHI/_include/goToEnd_stm_autofill

2020-01-02 08:18:23 - [TEST_STEP][PASSED] - callTestCase(findTestCase("AHI/_include/name"), [:], CONTINUE_ON_FAILURE): Call Test Case 'Test Cases/AHI/_include/name' successfully

2020-01-02 08:18:23 - [TEST_CASE][PASSED] - Test Cases/AHI/_include/name: Test Cases/AHI/_include/name

2020-01-02 08:18:23 - [TEST_STEP][PASSED] - driver = getWebDriver(): null

2020-01-02 08:18:23 - [TEST_STEP][PASSED] - selenium = new com.thoughtworks.selenium.webdriven.WebDriverBackedSelenium(driver, internal.GlobalVariable.ENV): null

2020-01-02 08:18:23 - [TEST_STEP][PASSED] - FirstName = "Test-123": null

2020-01-02 08:18:23 - [TEST_STEP][PASSED] - LastName = selenium.getEval("{var x="ABCDEFGHIJKLMNOPQRSTUVWXYZabcdefghijklmnopqrstuvwxyz"; var tmp="ZZ11-"; for (i=0;i<8;i++) tmp+=x.charAt(Math.ceil(51*Math.random()));tmp;}"): null

2020-01-02 08:18:23 - [TEST_STEP][PASSED] - Address = selenium.getEval("{var x="ABCDEFGHIJKLMNOPQRSTUVWXYZabcdefghijklmnopqrstuvwxyz"; var tmp=""; for (i=0;i<8;i++) tmp+=x.charAt(Math.ceil(51*Math.random()));tmp;}"): null

2020-01-02 08:18:23 - [TEST_STEP][PASSED] - City = selenium.getEval("{var x="ABCDEFGHIJKLMNOPQRSTUVWXYZabcdefghijklmnopqrstuvwxyz"; var tmp=""; for (i=0;i<8;i++) tmp+=x.charAt(Math.ceil(51*Math.random()));tmp;}"): null

2020-01-02 08:18:23 - [TEST_STEP][PASSED] - tel1 = selenium.getEval("{var x="123456789"; var tmp=""; for (i=0;i<3;i++) tmp+=x.charAt(Math.ceil(8*Math.random()));tmp;}"): null

2020-01-02 08:18:23 - [TEST_STEP][PASSED] - tel2 = selenium.getEval("{var x="123456789"; var tmp=""; for (i=0;i<3;i++) tmp+=x.charAt(Math.ceil(8*Math.random()));tmp;}"): null

2020-01-02 08:18:23 - [TEST_STEP][PASSED] - tel3 = selenium.getEval("{var x="123456789"; var tmp=""; for (i=0;i<4;i++) tmp+=x.charAt(Math.ceil(8*Math.random()));tmp;}"): null

2020-01-02 08:18:23 - [TEST_STEP][PASSED] - Tel = selenium.getExpression(tel1 + "-" + tel2 + "-" + tel3): null

2020-01-02 08:18:23 - [TEST_STEP][PASSED] - AutoEmail = selenium.getEval("{var x="ABCDEFGHIJKLMNOPQRSTUVWXYZabcdefghijklmnopqrstuvwxyz"; var tmp="test."; for (i=0;i<8;i++) tmp+=x.charAt(Math.ceil(51*Math.random()));tmp+="@suryani.cn";}"): null

2020-01-02 08:18:23 - [TEST_STEP][PASSED] - FirstName = FirstName: null

2020-01-02 08:18:23 - [TEST_STEP][PASSED] - LastName = LastName: null

2020-01-02 08:18:23 - [TEST_STEP][PASSED] - Address = Address: null

2020-01-02 08:18:23 - [TEST_STEP][PASSED] - City = City: null

2020-01-02 08:18:23 - [TEST_STEP][PASSED] - Tel = Tel: null

2020-01-02 08:18:23 - [TEST_STEP][PASSED] - AutoEmail = AutoEmail: null

2020-01-02 08:18:23 - [TEST_STEP][PASSED] - println(FirstName): null

2020-01-02 08:18:23 - [TEST_STEP][PASSED] - println(LastName): null

2020-01-02 08:18:23 - [TEST_STEP][PASSED] - println(Address): null

2020-01-02 08:18:23 - [TEST_STEP][PASSED] - println(City): null

2020-01-02 08:18:23 - [TEST_STEP][PASSED] - println(Tel): null

2020-01-02 08:18:23 - [TEST_STEP][PASSED] - println(AutoEmail): null

2020-01-02 08:18:23 - [MESSAGE][PASSED] - Call Test Case 'Test Cases/AHI/_include/name' successfully

2020-01-02 08:18:23 - [TEST_STEP][FAILED] - try: Unable to verify text 'Month Duration Acknowledgement' is present  (Root cause: com.kms.katalon.core.exception.StepFailedException: Text 'Month Duration Acknowledgement' is not present on page )

2020-01-02 08:18:23 - [TEST_STEP][FAILED] - if (verifyTextPresent("Month Duration Acknowledgement", false)): Unable to verify text 'Month Duration Acknowledgement' is present  (Root cause: com.kms.katalon.core.exception.StepFailedException: Text 'Month Duration Acknowledgement' is not present on page )

2020-01-02 08:18:23 - [MESSAGE][FAILED] - Text 'Month Duration Acknowledgement' is not present on page 

2020-01-02 08:18:23 - [MESSAGE][FAILED] - Unable to verify text 'Month Duration Acknowledgement' is present  (Root cause: com.kms.katalon.core.exception.StepFailedException: Text 'Month Duration Acknowledgement' is not present on page )
[[ATTACHMENT|D:\\Test\\AgileTest\\Reports\\AHI\\stm\\20200102_080029\\1577971103504.png]]

2020-01-02 08:18:23 - [TEST_STEP][PASSED] - catch (Exception e): null

2020-01-02 08:18:23 - [TEST_STEP][PASSED] - println("no consecutive"): null

2020-01-02 08:18:23 - [TEST_STEP][PASSED] - waitForPageLoad(10): Wait for page load successfully

2020-01-02 08:18:24 - [MESSAGE][PASSED] - Wait for page load successfully

2020-01-02 08:18:24 - [TEST_STEP][PASSED] - Thread.sleep(3000): null

2020-01-02 08:18:27 - [TEST_STEP][PASSED] - waitForElementVisible(findTestObject("mobileSanity/STM/Page_App Page 1/a_Autofill App Info"), 20): Object 'Object Repository/mobileSanity/STM/Page_App Page 1/a_Autofill App Info' is visible

2020-01-02 08:18:27 - [MESSAGE][PASSED] - Object 'Object Repository/mobileSanity/STM/Page_App Page 1/a_Autofill App Info' is visible

2020-01-02 08:18:27 - [TEST_STEP][PASSED] - click(findTestObject("mobileSanity/STM/Page_App Page 1/a_Autofill App Info")): Object: 'Object Repository/mobileSanity/STM/Page_App Page 1/a_Autofill App Info' is clicked on

2020-01-02 08:18:27 - [MESSAGE][PASSED] - Object: 'Object Repository/mobileSanity/STM/Page_App Page 1/a_Autofill App Info' is clicked on

2020-01-02 08:18:27 - [TEST_STEP][PASSED] - Thread.sleep(1000): null

2020-01-02 08:18:28 - [TEST_STEP][PASSED] - click(findTestObject("mobileSanity/STM/Page_App Page 1/a_Autofill App Info")): Object: 'Object Repository/mobileSanity/STM/Page_App Page 1/a_Autofill App Info' is clicked on

2020-01-02 08:18:28 - [MESSAGE][PASSED] - Object: 'Object Repository/mobileSanity/STM/Page_App Page 1/a_Autofill App Info' is clicked on

2020-01-02 08:18:28 - [TEST_STEP][PASSED] - Thread.sleep(1000): null

2020-01-02 08:18:29 - [TEST_STEP][PASSED] - waitForElementVisible(findTestObject("mobileSanity/STM/Page_App Page 1/a_Continue"), 20): Object 'Object Repository/mobileSanity/STM/Page_App Page 1/a_Continue' is visible

2020-01-02 08:18:29 - [MESSAGE][PASSED] - Object 'Object Repository/mobileSanity/STM/Page_App Page 1/a_Continue' is visible

2020-01-02 08:18:29 - [TEST_STEP][PASSED] - click(findTestObject("mobileSanity/STM/Page_App Page 1/a_Continue")): Object: 'Object Repository/mobileSanity/STM/Page_App Page 1/a_Continue' is clicked on

2020-01-02 08:18:29 - [MESSAGE][PASSED] - Object: 'Object Repository/mobileSanity/STM/Page_App Page 1/a_Continue' is clicked on

2020-01-02 08:18:29 - [TEST_STEP][PASSED] - waitForPageLoad(20): Wait for page load successfully

2020-01-02 08:18:29 - [MESSAGE][PASSED] - Wait for page load successfully

2020-01-02 08:18:29 - [TEST_STEP][PASSED] - Thread.sleep(5000): null

2020-01-02 08:18:34 - [TEST_STEP][PASSED] - callTestCase(findTestCase("AHI/_include/get_screenshot"), [:], STOP_ON_FAILURE): Call Test Case 'Test Cases/AHI/_include/get_screenshot' successfully

2020-01-02 08:18:34 - [TEST_CASE][PASSED] - Test Cases/AHI/_include/get_screenshot: Test Cases/AHI/_include/get_screenshot

2020-01-02 08:18:34 - [TEST_STEP][PASSED] - takeScreenshot(screenPath + i + ".png"): Taking screenshot successfully

2020-01-02 08:18:34 - [MESSAGE][PASSED] - Taking screenshot successfully
[[ATTACHMENT|D:\\Test\\AgileTest\\Reports\\AHI\\stm\\20200102_080029\\../Screenshots/iPhone 6/stm/Slaico/20200102_081739/7.png]]

2020-01-02 08:18:34 - [TEST_STEP][PASSED] - (internal.GlobalVariable.i++): null

2020-01-02 08:18:34 - [MESSAGE][PASSED] - Call Test Case 'Test Cases/AHI/_include/get_screenshot' successfully

2020-01-02 08:18:34 - [TEST_STEP][PASSED] - click(findTestObject("mobileSanity/STM/Page_App Page 2/a_Continue to Step 3 - Payment")): Object: 'Object Repository/mobileSanity/STM/Page_App Page 2/a_Continue to Step 3 - Payment' is clicked on

2020-01-02 08:18:35 - [MESSAGE][PASSED] - Object: 'Object Repository/mobileSanity/STM/Page_App Page 2/a_Continue to Step 3 - Payment' is clicked on

2020-01-02 08:18:35 - [TEST_STEP][PASSED] - waitForPageLoad(20): Wait for page load successfully

2020-01-02 08:18:35 - [MESSAGE][PASSED] - Wait for page load successfully

2020-01-02 08:18:35 - [TEST_STEP][PASSED] - waitForElementVisible(findTestObject("mobileSanity/STM/Page_App Page 3/input__credit-card-cvv"), 20): Object 'Object Repository/mobileSanity/STM/Page_App Page 3/input__credit-card-cvv' is visible

2020-01-02 08:18:35 - [MESSAGE][PASSED] - Object 'Object Repository/mobileSanity/STM/Page_App Page 3/input__credit-card-cvv' is visible

2020-01-02 08:18:35 - [TEST_STEP][PASSED] - Thread.sleep(2000): null

2020-01-02 08:18:37 - [TEST_STEP][PASSED] - callTestCase(findTestCase("AHI/_include/get_screenshot"), [:], STOP_ON_FAILURE): Call Test Case 'Test Cases/AHI/_include/get_screenshot' successfully

2020-01-02 08:18:37 - [TEST_CASE][PASSED] - Test Cases/AHI/_include/get_screenshot: Test Cases/AHI/_include/get_screenshot

2020-01-02 08:18:37 - [TEST_STEP][PASSED] - takeScreenshot(screenPath + i + ".png"): Taking screenshot successfully

2020-01-02 08:18:38 - [MESSAGE][PASSED] - Taking screenshot successfully
[[ATTACHMENT|D:\\Test\\AgileTest\\Reports\\AHI\\stm\\20200102_080029\\../Screenshots/iPhone 6/stm/Slaico/20200102_081739/8.png]]

2020-01-02 08:18:38 - [TEST_STEP][PASSED] - (internal.GlobalVariable.i++): null

2020-01-02 08:18:38 - [MESSAGE][PASSED] - Call Test Case 'Test Cases/AHI/_include/get_screenshot' successfully

2020-01-02 08:18:38 - [TEST_STEP][PASSED] - clearText(findTestObject("mobileSanity/STM/Page_App Page 3/input__credit-card-cvv")): Text of object 'Object Repository/mobileSanity/STM/Page_App Page 3/input__credit-card-cvv' is cleared

2020-01-02 08:18:38 - [MESSAGE][PASSED] - Text of object 'Object Repository/mobileSanity/STM/Page_App Page 3/input__credit-card-cvv' is cleared

2020-01-02 08:18:38 - [TEST_STEP][PASSED] - setText(findTestObject("mobileSanity/STM/Page_App Page 3/input__credit-card-cvv"), "123"): Text '123' is set on object 'Object Repository/mobileSanity/STM/Page_App Page 3/input__credit-card-cvv'

2020-01-02 08:18:38 - [MESSAGE][PASSED] - Text '123' is set on object 'Object Repository/mobileSanity/STM/Page_App Page 3/input__credit-card-cvv'

2020-01-02 08:18:38 - [TEST_STEP][PASSED] - click(findTestObject("mobileSanity/STM/Page_App Page 3/label_I Accept Authorization f")): Object: 'Object Repository/mobileSanity/STM/Page_App Page 3/label_I Accept Authorization f' is clicked on

2020-01-02 08:18:38 - [MESSAGE][PASSED] - Object: 'Object Repository/mobileSanity/STM/Page_App Page 3/label_I Accept Authorization f' is clicked on

2020-01-02 08:18:38 - [TEST_STEP][PASSED] - click(findTestObject("mobileSanity/STM/Page_App Page 3/a_Continue to Step 4 - Review")): Object: 'Object Repository/mobileSanity/STM/Page_App Page 3/a_Continue to Step 4 - Review' is clicked on

2020-01-02 08:18:39 - [MESSAGE][PASSED] - Object: 'Object Repository/mobileSanity/STM/Page_App Page 3/a_Continue to Step 4 - Review' is clicked on

2020-01-02 08:18:39 - [TEST_STEP][PASSED] - waitForPageLoad(10): Wait for page load successfully

2020-01-02 08:18:39 - [MESSAGE][PASSED] - Wait for page load successfully

2020-01-02 08:18:39 - [TEST_STEP][PASSED] - waitForElementClickable(findTestObject("mobileSanity/STM/Page_App Page 4/label"), 10): Object 'Object Repository/mobileSanity/STM/Page_App Page 4/label' is clickable

2020-01-02 08:18:39 - [MESSAGE][PASSED] - Object 'Object Repository/mobileSanity/STM/Page_App Page 4/label' is clickable

2020-01-02 08:18:39 - [TEST_STEP][PASSED] - Thread.sleep(2000): null

2020-01-02 08:18:41 - [TEST_STEP][PASSED] - callTestCase(findTestCase("AHI/_include/get_screenshot"), [:], STOP_ON_FAILURE): Call Test Case 'Test Cases/AHI/_include/get_screenshot' successfully

2020-01-02 08:18:41 - [TEST_CASE][PASSED] - Test Cases/AHI/_include/get_screenshot: Test Cases/AHI/_include/get_screenshot

2020-01-02 08:18:41 - [TEST_STEP][PASSED] - takeScreenshot(screenPath + i + ".png"): Taking screenshot successfully

2020-01-02 08:18:42 - [MESSAGE][PASSED] - Taking screenshot successfully
[[ATTACHMENT|D:\\Test\\AgileTest\\Reports\\AHI\\stm\\20200102_080029\\../Screenshots/iPhone 6/stm/Slaico/20200102_081739/9.png]]

2020-01-02 08:18:42 - [TEST_STEP][PASSED] - (internal.GlobalVariable.i++): null

2020-01-02 08:18:42 - [MESSAGE][PASSED] - Call Test Case 'Test Cases/AHI/_include/get_screenshot' successfully

2020-01-02 08:18:42 - [TEST_STEP][PASSED] - click(findTestObject("mobileSanity/STM/Page_App Page 4/label")): Object: 'Object Repository/mobileSanity/STM/Page_App Page 4/label' is clicked on

2020-01-02 08:18:42 - [MESSAGE][PASSED] - Object: 'Object Repository/mobileSanity/STM/Page_App Page 4/label' is clicked on

2020-01-02 08:18:42 - [TEST_STEP][PASSED] - click(findTestObject("mobileSanity/STM/Page_App Page 4/div_CLICK TO SIGN")): Object: 'Object Repository/mobileSanity/STM/Page_App Page 4/div_CLICK TO SIGN' is clicked on

2020-01-02 08:18:42 - [MESSAGE][PASSED] - Object: 'Object Repository/mobileSanity/STM/Page_App Page 4/div_CLICK TO SIGN' is clicked on

2020-01-02 08:18:42 - [TEST_STEP][PASSED] - click(findTestObject("mobileSanity/STM/Page_App Page 4/a_Submit Your Application")): Object: 'Object Repository/mobileSanity/STM/Page_App Page 4/a_Submit Your Application' is clicked on

2020-01-02 08:18:43 - [MESSAGE][PASSED] - Object: 'Object Repository/mobileSanity/STM/Page_App Page 4/a_Submit Your Application' is clicked on

2020-01-02 08:18:43 - [TEST_STEP][PASSED] - Thread.sleep(30000): null

2020-01-02 08:19:13 - [TEST_STEP][PASSED] - waitForElementPresent(findTestObject("mobileSanity/STM/Page_App Page 6/app-page-wrapper"), 20): Object 'Object Repository/mobileSanity/STM/Page_App Page 6/app-page-wrapper' is present

2020-01-02 08:19:13 - [MESSAGE][PASSED] - Object 'Object Repository/mobileSanity/STM/Page_App Page 6/app-page-wrapper' is present

2020-01-02 08:19:13 - [TEST_STEP][PASSED] - callTestCase(findTestCase("AHI/_include/get_screenshot"), [:], STOP_ON_FAILURE): Call Test Case 'Test Cases/AHI/_include/get_screenshot' successfully

2020-01-02 08:19:13 - [TEST_CASE][PASSED] - Test Cases/AHI/_include/get_screenshot: Test Cases/AHI/_include/get_screenshot

2020-01-02 08:19:13 - [TEST_STEP][PASSED] - takeScreenshot(screenPath + i + ".png"): Taking screenshot successfully

2020-01-02 08:19:13 - [MESSAGE][PASSED] - Taking screenshot successfully
[[ATTACHMENT|D:\\Test\\AgileTest\\Reports\\AHI\\stm\\20200102_080029\\../Screenshots/iPhone 6/stm/Slaico/20200102_081739/10.png]]

2020-01-02 08:19:13 - [TEST_STEP][PASSED] - (internal.GlobalVariable.i++): null

2020-01-02 08:19:13 - [MESSAGE][PASSED] - Call Test Case 'Test Cases/AHI/_include/get_screenshot' successfully

2020-01-02 08:19:13 - [MESSAGE][PASSED] - Call Test Case 'Test Cases/AHI/_include/goToEnd_stm_autofill' successfully]]></system-out>
         <system-err><![CDATA[]]></system-err>
      </testcase>
      <system-out><![CDATA[2020-01-02 08:08:02 - [TEST_SUITE][FAILED] - stm: Test Cases/AHI/stm/Aspen FAILED.
Reason:
com.kms.katalon.core.exception.StepFailedException: Unable to clear text of object 'Object Repository/mobileSanity/STM/Page_App Page 3/input__credit-card-cvv' (Root cause: com.kms.katalon.core.webui.exception.WebElementNotFoundException: Web element with id: 'Object Repository/mobileSanity/STM/Page_App Page 3/input__credit-card-cvv' located by 'By.xpath: //*[@id = 'credit-card-cvv']' not found)
	at com.kms.katalon.core.keyword.internal.KeywordMain.stepFailed(KeywordMain.groovy:36)
	at com.kms.katalon.core.webui.keyword.internal.WebUIKeywordMain.stepFailed(WebUIKeywordMain.groovy:65)
	at com.kms.katalon.core.webui.keyword.internal.WebUIKeywordMain.runKeyword(WebUIKeywordMain.groovy:43)
	at com.kms.katalon.core.webui.keyword.builtin.ClearTextKeyword.clearText(ClearTextKeyword.groovy:61)
	at com.kms.katalon.core.webui.keyword.builtin.ClearTextKeyword.execute(ClearTextKeyword.groovy:34)
	at com.kms.katalon.core.keyword.internal.KeywordExecutor.executeKeywordForPlatform(KeywordExecutor.groovy:53)
	at com.kms.katalon.core.webui.keyword.WebUiBuiltInKeywords.clearText(WebUiBuiltInKeywords.groovy:3817)
	at com.kms.katalon.core.webui.keyword.WebUiBuiltInKeywords$clearText$9.call(Unknown Source)
	at goToEnd_stm_autofill.run(goToEnd_stm_autofill:71)
	at com.kms.katalon.core.main.ScriptEngine.run(ScriptEngine.java:194)
	at com.kms.katalon.core.main.ScriptEngine.runScriptAsRawText(ScriptEngine.java:119)
	at com.kms.katalon.core.main.TestCaseExecutor.runScript(TestCaseExecutor.java:328)
	at com.kms.katalon.core.main.TestCaseExecutor.doExecute(TestCaseExecutor.java:319)
	at com.kms.katalon.core.main.TestCaseExecutor.processExecutionPhase(TestCaseExecutor.java:298)
	at com.kms.katalon.core.main.TestCaseExecutor.accessMainPhase(TestCaseExecutor.java:290)
	at com.kms.katalon.core.main.TestCaseExecutor.execute(TestCaseExecutor.java:224)
	at com.kms.katalon.core.main.TestCaseMain.runTestCase(TestCaseMain.java:106)
	at com.kms.katalon.core.keyword.builtin.CallTestCaseKeyword$_callTestCase_closure1.doCall(CallTestCaseKeyword.groovy:59)
	at com.kms.katalon.core.keyword.builtin.CallTestCaseKeyword$_callTestCase_closure1.call(CallTestCaseKeyword.groovy)
	at com.kms.katalon.core.keyword.internal.KeywordMain.runKeyword(KeywordMain.groovy:54)
	at com.kms.katalon.core.keyword.builtin.CallTestCaseKeyword.callTestCase(CallTestCaseKeyword.groovy:80)
	at com.kms.katalon.core.keyword.builtin.CallTestCaseKeyword.execute(CallTestCaseKeyword.groovy:44)
	at com.kms.katalon.core.keyword.internal.KeywordExecutor.executeKeywordForPlatform(KeywordExecutor.groovy:53)
	at com.kms.katalon.core.keyword.BuiltinKeywords.callTestCase(BuiltinKeywords.groovy:334)
	at Aspen.run(Aspen:31)
	at com.kms.katalon.core.main.ScriptEngine.run(ScriptEngine.java:194)
	at com.kms.katalon.core.main.ScriptEngine.runScriptAsRawText(ScriptEngine.java:119)
	at com.kms.katalon.core.main.TestCaseExecutor.runScript(TestCaseExecutor.java:328)
	at com.kms.katalon.core.main.TestCaseExecutor.doExecute(TestCaseExecutor.java:319)
	at com.kms.katalon.core.main.TestCaseExecutor.processExecutionPhase(TestCaseExecutor.java:298)
	at com.kms.katalon.core.main.TestCaseExecutor.accessMainPhase(TestCaseExecutor.java:290)
	at com.kms.katalon.core.main.TestCaseExecutor.execute(TestCaseExecutor.java:224)
	at com.kms.katalon.core.main.TestSuiteExecutor.accessTestCaseMainPhase(TestSuiteExecutor.java:129)
	at com.kms.katalon.core.main.TestSuiteExecutor.accessTestSuiteMainPhase(TestSuiteExecutor.java:112)
	at com.kms.katalon.core.main.TestSuiteExecutor.execute(TestSuiteExecutor.java:81)
	at com.kms.katalon.core.main.TestCaseMain.startTestSuite(TestCaseMain.java:149)
	at com.kms.katalon.core.main.TestCaseMain$startTestSuite$0.call(Unknown Source)
	at TempTestSuite1577970029273.run(TempTestSuite1577970029273.groovy:36)]]></system-out>
      <system-err><![CDATA[2020-01-02 08:08:02 - [TEST_SUITE][FAILED] - stm: Test Cases/AHI/stm/Aspen FAILED.
Reason:
com.kms.katalon.core.exception.StepFailedException: Unable to clear text of object 'Object Repository/mobileSanity/STM/Page_App Page 3/input__credit-card-cvv' (Root cause: com.kms.katalon.core.webui.exception.WebElementNotFoundException: Web element with id: 'Object Repository/mobileSanity/STM/Page_App Page 3/input__credit-card-cvv' located by 'By.xpath: //*[@id = 'credit-card-cvv']' not found)
	at com.kms.katalon.core.keyword.internal.KeywordMain.stepFailed(KeywordMain.groovy:36)
	at com.kms.katalon.core.webui.keyword.internal.WebUIKeywordMain.stepFailed(WebUIKeywordMain.groovy:65)
	at com.kms.katalon.core.webui.keyword.internal.WebUIKeywordMain.runKeyword(WebUIKeywordMain.groovy:43)
	at com.kms.katalon.core.webui.keyword.builtin.ClearTextKeyword.clearText(ClearTextKeyword.groovy:61)
	at com.kms.katalon.core.webui.keyword.builtin.ClearTextKeyword.execute(ClearTextKeyword.groovy:34)
	at com.kms.katalon.core.keyword.internal.KeywordExecutor.executeKeywordForPlatform(KeywordExecutor.groovy:53)
	at com.kms.katalon.core.webui.keyword.WebUiBuiltInKeywords.clearText(WebUiBuiltInKeywords.groovy:3817)
	at com.kms.katalon.core.webui.keyword.WebUiBuiltInKeywords$clearText$9.call(Unknown Source)
	at goToEnd_stm_autofill.run(goToEnd_stm_autofill:71)
	at com.kms.katalon.core.main.ScriptEngine.run(ScriptEngine.java:194)
	at com.kms.katalon.core.main.ScriptEngine.runScriptAsRawText(ScriptEngine.java:119)
	at com.kms.katalon.core.main.TestCaseExecutor.runScript(TestCaseExecutor.java:328)
	at com.kms.katalon.core.main.TestCaseExecutor.doExecute(TestCaseExecutor.java:319)
	at com.kms.katalon.core.main.TestCaseExecutor.processExecutionPhase(TestCaseExecutor.java:298)
	at com.kms.katalon.core.main.TestCaseExecutor.accessMainPhase(TestCaseExecutor.java:290)
	at com.kms.katalon.core.main.TestCaseExecutor.execute(TestCaseExecutor.java:224)
	at com.kms.katalon.core.main.TestCaseMain.runTestCase(TestCaseMain.java:106)
	at com.kms.katalon.core.keyword.builtin.CallTestCaseKeyword$_callTestCase_closure1.doCall(CallTestCaseKeyword.groovy:59)
	at com.kms.katalon.core.keyword.builtin.CallTestCaseKeyword$_callTestCase_closure1.call(CallTestCaseKeyword.groovy)
	at com.kms.katalon.core.keyword.internal.KeywordMain.runKeyword(KeywordMain.groovy:54)
	at com.kms.katalon.core.keyword.builtin.CallTestCaseKeyword.callTestCase(CallTestCaseKeyword.groovy:80)
	at com.kms.katalon.core.keyword.builtin.CallTestCaseKeyword.execute(CallTestCaseKeyword.groovy:44)
	at com.kms.katalon.core.keyword.internal.KeywordExecutor.executeKeywordForPlatform(KeywordExecutor.groovy:53)
	at com.kms.katalon.core.keyword.BuiltinKeywords.callTestCase(BuiltinKeywords.groovy:334)
	at Aspen.run(Aspen:31)
	at com.kms.katalon.core.main.ScriptEngine.run(ScriptEngine.java:194)
	at com.kms.katalon.core.main.ScriptEngine.runScriptAsRawText(ScriptEngine.java:119)
	at com.kms.katalon.core.main.TestCaseExecutor.runScript(TestCaseExecutor.java:328)
	at com.kms.katalon.core.main.TestCaseExecutor.doExecute(TestCaseExecutor.java:319)
	at com.kms.katalon.core.main.TestCaseExecutor.processExecutionPhase(TestCaseExecutor.java:298)
	at com.kms.katalon.core.main.TestCaseExecutor.accessMainPhase(TestCaseExecutor.java:290)
	at com.kms.katalon.core.main.TestCaseExecutor.execute(TestCaseExecutor.java:224)
	at com.kms.katalon.core.main.TestSuiteExecutor.accessTestCaseMainPhase(TestSuiteExecutor.java:129)
	at com.kms.katalon.core.main.TestSuiteExecutor.accessTestSuiteMainPhase(TestSuiteExecutor.java:112)
	at com.kms.katalon.core.main.TestSuiteExecutor.execute(TestSuiteExecutor.java:81)
	at com.kms.katalon.core.main.TestCaseMain.startTestSuite(TestCaseMain.java:149)
	at com.kms.katalon.core.main.TestCaseMain$startTestSuite$0.call(Unknown Source)
	at TempTestSuite1577970029273.run(TempTestSuite1577970029273.groovy:36)]]></system-err>
   </testsuite>
</testsuites>
