<?xml version="1.0" encoding="UTF-8" standalone="yes"?>
<testsuites name="hbi" time="809" tests="7" failures="1" errors="0">
    <testsuite name="hbi" tests="7" failures="1" errors="0" time="809" timestamp="2019-08-05 15:20:16" hostname="sofee.yu - windows10.microdone.cn" id="Test Suites/mobileWeb/hbi">
        <properties>
            <property name="deviceName" value=""/>
            <property name="devicePlatform" value=""/>
            <property name="logFolder" value="D:\\Test\\AgileTest\\AgileTest\\Reports\\mobileWeb\\hbi\\20190805_152013"/>
            <property name="logFiles" value="D:\\Test\\AgileTest\\AgileTest\\Reports\\mobileWeb\\hbi\\20190805_152013\\execution0.log"/>
            <property name="attachments" value="D:\\Test\\AgileTest\\AgileTest\\Reports\\mobileWeb\\hbi\\20190805_152013\\../Screenshots/iPhone X/hbi/Agile One/20190805_152018/0.png, D:\\Test\\AgileTest\\AgileTest\\Reports\\mobileWeb\\hbi\\20190805_152013\\../Screenshots/iPhone X/hbi/Agile One/20190805_152018/1.png, D:\\Test\\AgileTest\\AgileTest\\Reports\\mobileWeb\\hbi\\20190805_152013\\../Screenshots/iPhone X/hbi/Agile One/20190805_152018/2.png, D:\\Test\\AgileTest\\AgileTest\\Reports\\mobileWeb\\hbi\\20190805_152013\\../Screenshots/iPhone X/hbi/Agile One/20190805_152018/3.png, D:\\Test\\AgileTest\\AgileTest\\Reports\\mobileWeb\\hbi\\20190805_152013\\../Screenshots/iPhone X/hbi/Agile One/20190805_152018/4.png, D:\\Test\\AgileTest\\AgileTest\\Reports\\mobileWeb\\hbi\\20190805_152013\\../Screenshots/iPhone X/hbi/Agile One/20190805_152018/5.png, D:\\Test\\AgileTest\\AgileTest\\Reports\\mobileWeb\\hbi\\20190805_152013\\../Screenshots/iPhone X/hbi/Agile One/20190805_152018/6.png, D:\\Test\\AgileTest\\AgileTest\\Reports\\mobileWeb\\hbi\\20190805_152013\\../Screenshots/iPhone X/hbi/Agile One/20190805_152018/7.png, D:\\Test\\AgileTest\\AgileTest\\Reports\\mobileWeb\\hbi\\20190805_152013\\../Screenshots/iPhone X/hbi/Agile One/20190805_152018/8.png, D:\\Test\\AgileTest\\AgileTest\\Reports\\mobileWeb\\hbi\\20190805_152013\\../Screenshots/iPhone X/hbi/Legion Limited Medical/20190805_152214/0.png, D:\\Test\\AgileTest\\AgileTest\\Reports\\mobileWeb\\hbi\\20190805_152013\\../Screenshots/iPhone X/hbi/Legion Limited Medical/20190805_152214/1.png, D:\\Test\\AgileTest\\AgileTest\\Reports\\mobileWeb\\hbi\\20190805_152013\\../Screenshots/iPhone X/hbi/Legion Limited Medical/20190805_152214/2.png, D:\\Test\\AgileTest\\AgileTest\\Reports\\mobileWeb\\hbi\\20190805_152013\\1564989775340.png, D:\\Test\\AgileTest\\AgileTest\\Reports\\mobileWeb\\hbi\\20190805_152013\\../Screenshots/iPhone X/hbi/Cardinal Choice/20190805_152256/0.png, D:\\Test\\AgileTest\\AgileTest\\Reports\\mobileWeb\\hbi\\20190805_152013\\../Screenshots/iPhone X/hbi/Cardinal Choice/20190805_152256/1.png, D:\\Test\\AgileTest\\AgileTest\\Reports\\mobileWeb\\hbi\\20190805_152013\\../Screenshots/iPhone X/hbi/Cardinal Choice/20190805_152256/2.png, D:\\Test\\AgileTest\\AgileTest\\Reports\\mobileWeb\\hbi\\20190805_152013\\../Screenshots/iPhone X/hbi/Cardinal Choice/20190805_152256/3.png, D:\\Test\\AgileTest\\AgileTest\\Reports\\mobileWeb\\hbi\\20190805_152013\\../Screenshots/iPhone X/hbi/Cardinal Choice/20190805_152256/4.png, D:\\Test\\AgileTest\\AgileTest\\Reports\\mobileWeb\\hbi\\20190805_152013\\../Screenshots/iPhone X/hbi/Cardinal Choice/20190805_152256/5.png, D:\\Test\\AgileTest\\AgileTest\\Reports\\mobileWeb\\hbi\\20190805_152013\\../Screenshots/iPhone X/hbi/Cardinal Choice/20190805_152256/6.png, D:\\Test\\AgileTest\\AgileTest\\Reports\\mobileWeb\\hbi\\20190805_152013\\../Screenshots/iPhone X/hbi/Cardinal Choice/20190805_152256/7.png, D:\\Test\\AgileTest\\AgileTest\\Reports\\mobileWeb\\hbi\\20190805_152013\\../Screenshots/iPhone X/hbi/Cardinal Choice/20190805_152256/8.png, D:\\Test\\AgileTest\\AgileTest\\Reports\\mobileWeb\\hbi\\20190805_152013\\../Screenshots/iPhone X/hbi/Core Shield/20190805_152441/0.png, D:\\Test\\AgileTest\\AgileTest\\Reports\\mobileWeb\\hbi\\20190805_152013\\../Screenshots/iPhone X/hbi/Core Shield/20190805_152441/1.png, D:\\Test\\AgileTest\\AgileTest\\Reports\\mobileWeb\\hbi\\20190805_152013\\../Screenshots/iPhone X/hbi/Core Shield/20190805_152441/2.png, D:\\Test\\AgileTest\\AgileTest\\Reports\\mobileWeb\\hbi\\20190805_152013\\../Screenshots/iPhone X/hbi/Core Shield/20190805_152441/3.png, D:\\Test\\AgileTest\\AgileTest\\Reports\\mobileWeb\\hbi\\20190805_152013\\../Screenshots/iPhone X/hbi/Core Shield/20190805_152441/4.png, D:\\Test\\AgileTest\\AgileTest\\Reports\\mobileWeb\\hbi\\20190805_152013\\../Screenshots/iPhone X/hbi/Core Shield/20190805_152441/5.png, D:\\Test\\AgileTest\\AgileTest\\Reports\\mobileWeb\\hbi\\20190805_152013\\../Screenshots/iPhone X/hbi/Core Shield/20190805_152441/6.png, D:\\Test\\AgileTest\\AgileTest\\Reports\\mobileWeb\\hbi\\20190805_152013\\../Screenshots/iPhone X/hbi/Core Shield/20190805_152441/7.png, D:\\Test\\AgileTest\\AgileTest\\Reports\\mobileWeb\\hbi\\20190805_152013\\../Screenshots/iPhone X/hbi/Core Shield/20190805_152441/8.png, D:\\Test\\AgileTest\\AgileTest\\Reports\\mobileWeb\\hbi\\20190805_152013\\../Screenshots/iPhone X/hbi/Agile Secure/20190805_152626/0.png, D:\\Test\\AgileTest\\AgileTest\\Reports\\mobileWeb\\hbi\\20190805_152013\\../Screenshots/iPhone X/hbi/Agile Secure/20190805_152626/1.png, D:\\Test\\AgileTest\\AgileTest\\Reports\\mobileWeb\\hbi\\20190805_152013\\../Screenshots/iPhone X/hbi/Agile Secure/20190805_152626/2.png, D:\\Test\\AgileTest\\AgileTest\\Reports\\mobileWeb\\hbi\\20190805_152013\\../Screenshots/iPhone X/hbi/Agile Secure/20190805_152626/3.png, D:\\Test\\AgileTest\\AgileTest\\Reports\\mobileWeb\\hbi\\20190805_152013\\../Screenshots/iPhone X/hbi/Agile Secure/20190805_152626/4.png, D:\\Test\\AgileTest\\AgileTest\\Reports\\mobileWeb\\hbi\\20190805_152013\\../Screenshots/iPhone X/hbi/Agile Secure/20190805_152626/5.png, D:\\Test\\AgileTest\\AgileTest\\Reports\\mobileWeb\\hbi\\20190805_152013\\../Screenshots/iPhone X/hbi/Agile Secure/20190805_152626/6.png, D:\\Test\\AgileTest\\AgileTest\\Reports\\mobileWeb\\hbi\\20190805_152013\\../Screenshots/iPhone X/hbi/Agile Secure/20190805_152626/7.png, D:\\Test\\AgileTest\\AgileTest\\Reports\\mobileWeb\\hbi\\20190805_152013\\../Screenshots/iPhone X/hbi/Fixed Cash Benefit/20190805_152806/0.png, D:\\Test\\AgileTest\\AgileTest\\Reports\\mobileWeb\\hbi\\20190805_152013\\../Screenshots/iPhone X/hbi/Fixed Cash Benefit/20190805_152806/1.png, D:\\Test\\AgileTest\\AgileTest\\Reports\\mobileWeb\\hbi\\20190805_152013\\../Screenshots/iPhone X/hbi/Fixed Cash Benefit/20190805_152806/2.png, D:\\Test\\AgileTest\\AgileTest\\Reports\\mobileWeb\\hbi\\20190805_152013\\../Screenshots/iPhone X/hbi/Fixed Cash Benefit/20190805_152806/3.png, D:\\Test\\AgileTest\\AgileTest\\Reports\\mobileWeb\\hbi\\20190805_152013\\../Screenshots/iPhone X/hbi/Fixed Cash Benefit/20190805_152806/4.png, D:\\Test\\AgileTest\\AgileTest\\Reports\\mobileWeb\\hbi\\20190805_152013\\../Screenshots/iPhone X/hbi/Fixed Cash Benefit/20190805_152806/5.png, D:\\Test\\AgileTest\\AgileTest\\Reports\\mobileWeb\\hbi\\20190805_152013\\../Screenshots/iPhone X/hbi/Fixed Cash Benefit/20190805_152806/6.png, D:\\Test\\AgileTest\\AgileTest\\Reports\\mobileWeb\\hbi\\20190805_152013\\../Screenshots/iPhone X/hbi/Fixed Cash Benefit/20190805_152806/7.png, D:\\Test\\AgileTest\\AgileTest\\Reports\\mobileWeb\\hbi\\20190805_152013\\../Screenshots/iPhone X/hbi/Fixed Cash Benefit/20190805_152806/8.png, D:\\Test\\AgileTest\\AgileTest\\Reports\\mobileWeb\\hbi\\20190805_152013\\../Screenshots/iPhone X/hbi/Health Choice/20190805_152956/0.png, D:\\Test\\AgileTest\\AgileTest\\Reports\\mobileWeb\\hbi\\20190805_152013\\../Screenshots/iPhone X/hbi/Health Choice/20190805_152956/1.png, D:\\Test\\AgileTest\\AgileTest\\Reports\\mobileWeb\\hbi\\20190805_152013\\../Screenshots/iPhone X/hbi/Health Choice/20190805_152956/2.png, D:\\Test\\AgileTest\\AgileTest\\Reports\\mobileWeb\\hbi\\20190805_152013\\../Screenshots/iPhone X/hbi/Health Choice/20190805_152956/3.png, D:\\Test\\AgileTest\\AgileTest\\Reports\\mobileWeb\\hbi\\20190805_152013\\../Screenshots/iPhone X/hbi/Health Choice/20190805_152956/4.png, D:\\Test\\AgileTest\\AgileTest\\Reports\\mobileWeb\\hbi\\20190805_152013\\../Screenshots/iPhone X/hbi/Health Choice/20190805_152956/5.png, D:\\Test\\AgileTest\\AgileTest\\Reports\\mobileWeb\\hbi\\20190805_152013\\../Screenshots/iPhone X/hbi/Health Choice/20190805_152956/6.png, D:\\Test\\AgileTest\\AgileTest\\Reports\\mobileWeb\\hbi\\20190805_152013\\../Screenshots/iPhone X/hbi/Health Choice/20190805_152956/7.png, D:\\Test\\AgileTest\\AgileTest\\Reports\\mobileWeb\\hbi\\20190805_152013\\../Screenshots/iPhone X/hbi/Health Choice/20190805_152956/8.png, D:\\Test\\AgileTest\\AgileTest\\Reports\\mobileWeb\\hbi\\20190805_152013\\../Screenshots/iPhone X/hbi/Vitala Care/20190805_153146/0.png, D:\\Test\\AgileTest\\AgileTest\\Reports\\mobileWeb\\hbi\\20190805_152013\\../Screenshots/iPhone X/hbi/Vitala Care/20190805_153146/1.png, D:\\Test\\AgileTest\\AgileTest\\Reports\\mobileWeb\\hbi\\20190805_152013\\../Screenshots/iPhone X/hbi/Vitala Care/20190805_153146/2.png, D:\\Test\\AgileTest\\AgileTest\\Reports\\mobileWeb\\hbi\\20190805_152013\\../Screenshots/iPhone X/hbi/Vitala Care/20190805_153146/3.png, D:\\Test\\AgileTest\\AgileTest\\Reports\\mobileWeb\\hbi\\20190805_152013\\../Screenshots/iPhone X/hbi/Vitala Care/20190805_153146/4.png, D:\\Test\\AgileTest\\AgileTest\\Reports\\mobileWeb\\hbi\\20190805_152013\\../Screenshots/iPhone X/hbi/Vitala Care/20190805_153146/5.png, D:\\Test\\AgileTest\\AgileTest\\Reports\\mobileWeb\\hbi\\20190805_152013\\../Screenshots/iPhone X/hbi/Vitala Care/20190805_153146/6.png, D:\\Test\\AgileTest\\AgileTest\\Reports\\mobileWeb\\hbi\\20190805_152013\\../Screenshots/iPhone X/hbi/Vitala Care/20190805_153146/7.png, D:\\Test\\AgileTest\\AgileTest\\Reports\\mobileWeb\\hbi\\20190805_152013\\../Screenshots/iPhone X/hbi/Vitala Care/20190805_153146/8.png, D:\\Test\\AgileTest\\AgileTest\\Reports\\mobileWeb\\hbi\\20190805_152013\\../Screenshots/iPhone X/hbi/Vitala Care/20190805_153146/9.png"/>
            <property name="hostName" value="sofee.yu - windows10.microdone.cn"/>
            <property name="os" value="Windows 7 64bit"/>
            <property name="katalonVersion" value="6.2.2.4"/>
            <property name="browser" value="Safari 11"/>
            <property name="hostAddress" value="172.16.86.47"/>
            <property name="sessionId" value="4dfad16cf97f4ee11b0961c7366ccbf1"/>
            <property name="seleniumVersion" value="3.141.59"/>
            <property name="proxyInformation" value="ProxyInformation{proxyOption=NO_PROXY, proxyServerType=HTTP, password=, proxyServerAddress=, proxyServerPort=0}"/>
            <property name="platform" value="Windows 7"/>
        </properties>
        <testcase name="Test Cases/mobileWeb/HBI/Agile One" classname="Test Cases/mobileWeb/HBI/Agile One" status="PASSED">
            <system-out>2019-08-05 15:20:16 - [TEST_CASE][PASSED] - Test Cases/mobileWeb/HBI/Agile One: Test Cases/mobileWeb/HBI/Agile One&#xD;
&#xD;
2019-08-05 15:20:17 - [TEST_STEP][PASSED] - callTestCase(findTestCase("mobileWeb/_include/get_screenPath"), ["productLine":"hbi", "carrierName":"Agile One"], CONTINUE_ON_FAILURE): Call Test Case 'Test Cases/mobileWeb/_include/get_screenPath' successfully&#xD;
&#xD;
2019-08-05 15:20:17 - [TEST_CASE][PASSED] - Test Cases/mobileWeb/_include/get_screenPath: Test Cases/mobileWeb/_include/get_screenPath&#xD;
&#xD;
2019-08-05 15:20:18 - [TEST_STEP][PASSED] - m = getExecutionProperties(): null&#xD;
&#xD;
2019-08-05 15:20:18 - [TEST_STEP][PASSED] - deviceName = get("mobileEmulation").get("deviceName"): null&#xD;
&#xD;
2019-08-05 15:20:18 - [TEST_STEP][PASSED] - println(deviceName): null&#xD;
&#xD;
2019-08-05 15:20:18 - [TEST_STEP][PASSED] - now = new java.util.Date(): null&#xD;
&#xD;
2019-08-05 15:20:18 - [TEST_STEP][PASSED] - mydate = now.format("yyyyMMdd_HHmmss"): null&#xD;
&#xD;
2019-08-05 15:20:18 - [TEST_STEP][PASSED] - screenPath = "../Screenshots/": null&#xD;
&#xD;
2019-08-05 15:20:18 - [TEST_STEP][PASSED] - screenPath = screenPath + deviceName + "/" + productLine + "/" + carrierName + "/" + mydate + "/": null&#xD;
&#xD;
2019-08-05 15:20:18 - [TEST_STEP][PASSED] - println(screenPath): null&#xD;
&#xD;
2019-08-05 15:20:18 - [MESSAGE][PASSED] - Call Test Case 'Test Cases/mobileWeb/_include/get_screenPath' successfully&#xD;
&#xD;
2019-08-05 15:20:18 - [TEST_STEP][PASSED] - i = 0: null&#xD;
&#xD;
2019-08-05 15:20:18 - [TEST_STEP][PASSED] - callTestCase(findTestCase("mobileWeb/_include/openWebSite"), [:], CONTINUE_ON_FAILURE): Call Test Case 'Test Cases/mobileWeb/_include/openWebSite' successfully&#xD;
&#xD;
2019-08-05 15:20:18 - [TEST_CASE][PASSED] - Test Cases/mobileWeb/_include/openWebSite: Test Cases/mobileWeb/_include/openWebSite&#xD;
&#xD;
2019-08-05 15:20:19 - [TEST_STEP][PASSED] - openBrowser(env): Browser is opened with url: 'https://praetemptatus.agilehealthinsurance.com'&#xD;
&#xD;
2019-08-05 15:20:19 - [MESSAGE][INFO] - Starting 'Chrome' driver&#xD;
&#xD;
2019-08-05 15:20:19 - [MESSAGE][INFO] - User set preference: ['mobileEmulation', '{deviceName=iPhone X}']&#xD;
&#xD;
2019-08-05 15:20:19 - [MESSAGE][INFO] - User set preference: ['args', '[--incognito, --aggressive-cache-discard, --no-sandbox, --window-size=375,812]']&#xD;
&#xD;
2019-08-05 15:20:19 - [MESSAGE][INFO] - Action delay is set to 0 seconds&#xD;
&#xD;
2019-08-05 15:20:28 - [MESSAGE][PASSED] - Browser is opened with url: 'https://praetemptatus.agilehealthinsurance.com'&#xD;
&#xD;
2019-08-05 15:20:28 - [TEST_STEP][PASSED] - waitForPageLoad(20): Wait for page load successfully&#xD;
&#xD;
2019-08-05 15:20:28 - [MESSAGE][PASSED] - Wait for page load successfully&#xD;
&#xD;
2019-08-05 15:20:28 - [TEST_STEP][PASSED] - callTestCase(findTestCase("mobileWeb/_include/get_screenshot"), [:], STOP_ON_FAILURE): Call Test Case 'Test Cases/mobileWeb/_include/get_screenshot' successfully&#xD;
&#xD;
2019-08-05 15:20:28 - [TEST_CASE][PASSED] - Test Cases/mobileWeb/_include/get_screenshot: Test Cases/mobileWeb/_include/get_screenshot&#xD;
&#xD;
2019-08-05 15:20:28 - [TEST_STEP][PASSED] - takeScreenshot(screenPath + i + ".png"): Taking screenshot successfully&#xD;
&#xD;
2019-08-05 15:20:31 - [MESSAGE][PASSED] - Taking screenshot successfully&#xD;
[[ATTACHMENT|D:\\Test\\AgileTest\\AgileTest\\Reports\\mobileWeb\\hbi\\20190805_152013\\../Screenshots/iPhone X/hbi/Agile One/20190805_152018/0.png]]&#xD;
&#xD;
2019-08-05 15:20:31 - [TEST_STEP][PASSED] - (internal.GlobalVariable.i++): null&#xD;
&#xD;
2019-08-05 15:20:31 - [MESSAGE][PASSED] - Call Test Case 'Test Cases/mobileWeb/_include/get_screenshot' successfully&#xD;
&#xD;
2019-08-05 15:20:31 - [MESSAGE][PASSED] - Call Test Case 'Test Cases/mobileWeb/_include/openWebSite' successfully&#xD;
&#xD;
2019-08-05 15:20:31 - [TEST_STEP][PASSED] - callTestCase(findTestCase("mobileWeb/_include/census_hbi"), [:], CONTINUE_ON_FAILURE): Call Test Case 'Test Cases/mobileWeb/_include/census_hbi' successfully&#xD;
&#xD;
2019-08-05 15:20:31 - [TEST_CASE][PASSED] - Test Cases/mobileWeb/_include/census_hbi: Test Cases/mobileWeb/_include/census_hbi&#xD;
&#xD;
2019-08-05 15:20:32 - [TEST_STEP][PASSED] - click(findTestObject("mobileSanity/Common/side_nav/menu")): Object: 'Object Repository/mobileSanity/Common/side_nav/menu' is clicked on&#xD;
&#xD;
2019-08-05 15:20:32 - [MESSAGE][PASSED] - Object: 'Object Repository/mobileSanity/Common/side_nav/menu' is clicked on&#xD;
&#xD;
2019-08-05 15:20:32 - [TEST_STEP][PASSED] - Thread.sleep(3000): null&#xD;
&#xD;
2019-08-05 15:20:35 - [TEST_STEP][PASSED] - click(findTestObject("mobileSanity/Common/side_nav/nav_hbi")): Object: 'Object Repository/mobileSanity/Common/side_nav/nav_hbi' is clicked on&#xD;
&#xD;
2019-08-05 15:20:38 - [MESSAGE][PASSED] - Object: 'Object Repository/mobileSanity/Common/side_nav/nav_hbi' is clicked on&#xD;
&#xD;
2019-08-05 15:20:38 - [TEST_STEP][PASSED] - waitForPageLoad(10): Wait for page load successfully&#xD;
&#xD;
2019-08-05 15:20:38 - [MESSAGE][PASSED] - Wait for page load successfully&#xD;
&#xD;
2019-08-05 15:20:38 - [TEST_STEP][PASSED] - callTestCase(findTestCase("mobileWeb/_include/get_screenshot"), [:], STOP_ON_FAILURE): Call Test Case 'Test Cases/mobileWeb/_include/get_screenshot' successfully&#xD;
&#xD;
2019-08-05 15:20:38 - [TEST_CASE][PASSED] - Test Cases/mobileWeb/_include/get_screenshot: Test Cases/mobileWeb/_include/get_screenshot&#xD;
&#xD;
2019-08-05 15:20:38 - [TEST_STEP][PASSED] - takeScreenshot(screenPath + i + ".png"): Taking screenshot successfully&#xD;
&#xD;
2019-08-05 15:20:39 - [MESSAGE][PASSED] - Taking screenshot successfully&#xD;
[[ATTACHMENT|D:\\Test\\AgileTest\\AgileTest\\Reports\\mobileWeb\\hbi\\20190805_152013\\../Screenshots/iPhone X/hbi/Agile One/20190805_152018/1.png]]&#xD;
&#xD;
2019-08-05 15:20:39 - [TEST_STEP][PASSED] - (internal.GlobalVariable.i++): null&#xD;
&#xD;
2019-08-05 15:20:39 - [MESSAGE][PASSED] - Call Test Case 'Test Cases/mobileWeb/_include/get_screenshot' successfully&#xD;
&#xD;
2019-08-05 15:20:39 - [TEST_STEP][PASSED] - setText(findTestObject("mobileSanity/HBI/census/input_Location_zip-input"), zipcode): Text '35215' is set on object 'Object Repository/mobileSanity/HBI/census/input_Location_zip-input'&#xD;
&#xD;
2019-08-05 15:20:39 - [MESSAGE][PASSED] - Text '35215' is set on object 'Object Repository/mobileSanity/HBI/census/input_Location_zip-input'&#xD;
&#xD;
2019-08-05 15:20:39 - [TEST_STEP][PASSED] - Thread.sleep(500): null&#xD;
&#xD;
2019-08-05 15:20:40 - [TEST_STEP][PASSED] - setText(findTestObject("mobileSanity/HBI/census/input_Date of Birth_dob-0"), "12121980"): Text '12121980' is set on object 'Object Repository/mobileSanity/HBI/census/input_Date of Birth_dob-0'&#xD;
&#xD;
2019-08-05 15:20:40 - [MESSAGE][PASSED] - Text '12121980' is set on object 'Object Repository/mobileSanity/HBI/census/input_Date of Birth_dob-0'&#xD;
&#xD;
2019-08-05 15:20:40 - [TEST_STEP][PASSED] - click(findTestObject("mobileSanity/HBI/census/label_Male")): Object: 'Object Repository/mobileSanity/HBI/census/label_Male' is clicked on&#xD;
&#xD;
2019-08-05 15:20:40 - [MESSAGE][PASSED] - Object: 'Object Repository/mobileSanity/HBI/census/label_Male' is clicked on&#xD;
&#xD;
2019-08-05 15:20:40 - [TEST_STEP][PASSED] - click(findTestObject("mobileSanity/HBI/census/label_Get a Quote")): Object: 'Object Repository/mobileSanity/HBI/census/label_Get a Quote' is clicked on&#xD;
&#xD;
2019-08-05 15:20:40 - [MESSAGE][PASSED] - Object: 'Object Repository/mobileSanity/HBI/census/label_Get a Quote' is clicked on&#xD;
&#xD;
2019-08-05 15:20:40 - [TEST_STEP][PASSED] - waitForPageLoad(20): Wait for page load successfully&#xD;
&#xD;
2019-08-05 15:20:40 - [MESSAGE][PASSED] - Wait for page load successfully&#xD;
&#xD;
2019-08-05 15:20:40 - [TEST_STEP][PASSED] - callTestCase(findTestCase("mobileWeb/_include/get_screenshot"), [:], STOP_ON_FAILURE): Call Test Case 'Test Cases/mobileWeb/_include/get_screenshot' successfully&#xD;
&#xD;
2019-08-05 15:20:40 - [TEST_CASE][PASSED] - Test Cases/mobileWeb/_include/get_screenshot: Test Cases/mobileWeb/_include/get_screenshot&#xD;
&#xD;
2019-08-05 15:20:40 - [TEST_STEP][PASSED] - takeScreenshot(screenPath + i + ".png"): Taking screenshot successfully&#xD;
&#xD;
2019-08-05 15:20:46 - [MESSAGE][PASSED] - Taking screenshot successfully&#xD;
[[ATTACHMENT|D:\\Test\\AgileTest\\AgileTest\\Reports\\mobileWeb\\hbi\\20190805_152013\\../Screenshots/iPhone X/hbi/Agile One/20190805_152018/2.png]]&#xD;
&#xD;
2019-08-05 15:20:46 - [TEST_STEP][PASSED] - (internal.GlobalVariable.i++): null&#xD;
&#xD;
2019-08-05 15:20:46 - [MESSAGE][PASSED] - Call Test Case 'Test Cases/mobileWeb/_include/get_screenshot' successfully&#xD;
&#xD;
2019-08-05 15:20:46 - [MESSAGE][PASSED] - Call Test Case 'Test Cases/mobileWeb/_include/census_hbi' successfully&#xD;
&#xD;
2019-08-05 15:20:46 - [TEST_STEP][PASSED] - Thread.sleep(5000): null&#xD;
&#xD;
2019-08-05 15:20:51 - [TEST_STEP][PASSED] - scrollToPosition(200, 2300): Browser is scrolled to position x = 200, y = 2300&#xD;
&#xD;
2019-08-05 15:20:52 - [MESSAGE][PASSED] - Browser is scrolled to position x = 200, y = 2300&#xD;
&#xD;
2019-08-05 15:20:52 - [TEST_STEP][PASSED] - click(findTestObject("mobileSanity/HBI/quote/a_Agile One 750")): Object: 'Object Repository/mobileSanity/HBI/quote/a_Agile One 750' is clicked on&#xD;
&#xD;
2019-08-05 15:20:56 - [MESSAGE][PASSED] - Object: 'Object Repository/mobileSanity/HBI/quote/a_Agile One 750' is clicked on&#xD;
&#xD;
2019-08-05 15:20:56 - [TEST_STEP][PASSED] - waitForPageLoad(20): Wait for page load successfully&#xD;
&#xD;
2019-08-05 15:20:56 - [MESSAGE][PASSED] - Wait for page load successfully&#xD;
&#xD;
2019-08-05 15:20:56 - [TEST_STEP][PASSED] - waitForElementPresent(findTestObject("mobileSanity/HBI/detail/a_Apply for This Plan"), 20): Object 'Object Repository/mobileSanity/HBI/detail/a_Apply for This Plan' is present&#xD;
&#xD;
2019-08-05 15:20:57 - [MESSAGE][PASSED] - Object 'Object Repository/mobileSanity/HBI/detail/a_Apply for This Plan' is present&#xD;
&#xD;
2019-08-05 15:20:57 - [TEST_STEP][PASSED] - callTestCase(findTestCase("mobileWeb/_include/get_screenshot"), [:], STOP_ON_FAILURE): Call Test Case 'Test Cases/mobileWeb/_include/get_screenshot' successfully&#xD;
&#xD;
2019-08-05 15:20:57 - [TEST_CASE][PASSED] - Test Cases/mobileWeb/_include/get_screenshot: Test Cases/mobileWeb/_include/get_screenshot&#xD;
&#xD;
2019-08-05 15:20:57 - [TEST_STEP][PASSED] - takeScreenshot(screenPath + i + ".png"): Taking screenshot successfully&#xD;
&#xD;
2019-08-05 15:20:58 - [MESSAGE][PASSED] - Taking screenshot successfully&#xD;
[[ATTACHMENT|D:\\Test\\AgileTest\\AgileTest\\Reports\\mobileWeb\\hbi\\20190805_152013\\../Screenshots/iPhone X/hbi/Agile One/20190805_152018/3.png]]&#xD;
&#xD;
2019-08-05 15:20:58 - [TEST_STEP][PASSED] - (internal.GlobalVariable.i++): null&#xD;
&#xD;
2019-08-05 15:20:58 - [MESSAGE][PASSED] - Call Test Case 'Test Cases/mobileWeb/_include/get_screenshot' successfully&#xD;
&#xD;
2019-08-05 15:20:58 - [TEST_STEP][PASSED] - click(findTestObject("mobileSanity/HBI/detail/a_Apply for This Plan")): Object: 'Object Repository/mobileSanity/HBI/detail/a_Apply for This Plan' is clicked on&#xD;
&#xD;
2019-08-05 15:21:00 - [MESSAGE][PASSED] - Object: 'Object Repository/mobileSanity/HBI/detail/a_Apply for This Plan' is clicked on&#xD;
&#xD;
2019-08-05 15:21:00 - [TEST_STEP][PASSED] - waitForPageLoad(20): Wait for page load successfully&#xD;
&#xD;
2019-08-05 15:21:00 - [MESSAGE][PASSED] - Wait for page load successfully&#xD;
&#xD;
2019-08-05 15:21:00 - [TEST_STEP][PASSED] - waitForElementPresent(findTestObject("mobileSanity/HBI/Page_Apply/span_Start Secure Application"), 20): Object 'Object Repository/mobileSanity/HBI/Page_Apply/span_Start Secure Application' is present&#xD;
&#xD;
2019-08-05 15:21:00 - [MESSAGE][PASSED] - Object 'Object Repository/mobileSanity/HBI/Page_Apply/span_Start Secure Application' is present&#xD;
&#xD;
2019-08-05 15:21:00 - [TEST_STEP][PASSED] - callTestCase(findTestCase("mobileWeb/_include/get_screenshot"), [:], STOP_ON_FAILURE): Call Test Case 'Test Cases/mobileWeb/_include/get_screenshot' successfully&#xD;
&#xD;
2019-08-05 15:21:00 - [TEST_CASE][PASSED] - Test Cases/mobileWeb/_include/get_screenshot: Test Cases/mobileWeb/_include/get_screenshot&#xD;
&#xD;
2019-08-05 15:21:00 - [TEST_STEP][PASSED] - takeScreenshot(screenPath + i + ".png"): Taking screenshot successfully&#xD;
&#xD;
2019-08-05 15:21:01 - [MESSAGE][PASSED] - Taking screenshot successfully&#xD;
[[ATTACHMENT|D:\\Test\\AgileTest\\AgileTest\\Reports\\mobileWeb\\hbi\\20190805_152013\\../Screenshots/iPhone X/hbi/Agile One/20190805_152018/4.png]]&#xD;
&#xD;
2019-08-05 15:21:01 - [TEST_STEP][PASSED] - (internal.GlobalVariable.i++): null&#xD;
&#xD;
2019-08-05 15:21:01 - [MESSAGE][PASSED] - Call Test Case 'Test Cases/mobileWeb/_include/get_screenshot' successfully&#xD;
&#xD;
2019-08-05 15:21:01 - [TEST_STEP][PASSED] - click(findTestObject("mobileSanity/HBI/Page_Apply/span_Start Secure Application")): Object: 'Object Repository/mobileSanity/HBI/Page_Apply/span_Start Secure Application' is clicked on&#xD;
&#xD;
2019-08-05 15:21:03 - [MESSAGE][PASSED] - Object: 'Object Repository/mobileSanity/HBI/Page_Apply/span_Start Secure Application' is clicked on&#xD;
&#xD;
2019-08-05 15:21:03 - [TEST_STEP][PASSED] - waitForPageLoad(20): Wait for page load successfully&#xD;
&#xD;
2019-08-05 15:21:04 - [MESSAGE][PASSED] - Wait for page load successfully&#xD;
&#xD;
2019-08-05 15:21:04 - [TEST_STEP][PASSED] - Thread.sleep(3000): null&#xD;
&#xD;
2019-08-05 15:21:07 - [TEST_STEP][PASSED] - callTestCase(findTestCase("mobileWeb/_include/get_screenshot"), [:], STOP_ON_FAILURE): Call Test Case 'Test Cases/mobileWeb/_include/get_screenshot' successfully&#xD;
&#xD;
2019-08-05 15:21:07 - [TEST_CASE][PASSED] - Test Cases/mobileWeb/_include/get_screenshot: Test Cases/mobileWeb/_include/get_screenshot&#xD;
&#xD;
2019-08-05 15:21:07 - [TEST_STEP][PASSED] - takeScreenshot(screenPath + i + ".png"): Taking screenshot successfully&#xD;
&#xD;
2019-08-05 15:21:08 - [MESSAGE][PASSED] - Taking screenshot successfully&#xD;
[[ATTACHMENT|D:\\Test\\AgileTest\\AgileTest\\Reports\\mobileWeb\\hbi\\20190805_152013\\../Screenshots/iPhone X/hbi/Agile One/20190805_152018/5.png]]&#xD;
&#xD;
2019-08-05 15:21:08 - [TEST_STEP][PASSED] - (internal.GlobalVariable.i++): null&#xD;
&#xD;
2019-08-05 15:21:08 - [MESSAGE][PASSED] - Call Test Case 'Test Cases/mobileWeb/_include/get_screenshot' successfully&#xD;
&#xD;
2019-08-05 15:21:08 - [TEST_STEP][PASSED] - callTestCase(findTestCase("mobileWeb/_include/goToEnd_hbi"), ["carrier":"agileone"], CONTINUE_ON_FAILURE): Call Test Case 'Test Cases/mobileWeb/_include/goToEnd_hbi' successfully&#xD;
&#xD;
2019-08-05 15:21:08 - [TEST_CASE][PASSED] - Test Cases/mobileWeb/_include/goToEnd_hbi: Test Cases/mobileWeb/_include/goToEnd_hbi&#xD;
&#xD;
2019-08-05 15:21:08 - [TEST_STEP][PASSED] - if (state == "ca"): null&#xD;
&#xD;
2019-08-05 15:21:08 - [TEST_STEP][PASSED] - callTestCase(findTestCase("mobileWeb/_include/name"), [:], CONTINUE_ON_FAILURE): Call Test Case 'Test Cases/mobileWeb/_include/name' successfully&#xD;
&#xD;
2019-08-05 15:21:08 - [TEST_CASE][PASSED] - Test Cases/mobileWeb/_include/name: Test Cases/mobileWeb/_include/name&#xD;
&#xD;
2019-08-05 15:21:09 - [TEST_STEP][PASSED] - driver = getWebDriver(): null&#xD;
&#xD;
2019-08-05 15:21:09 - [TEST_STEP][PASSED] - selenium = new com.thoughtworks.selenium.webdriven.WebDriverBackedSelenium(driver, internal.GlobalVariable.ENV): null&#xD;
&#xD;
2019-08-05 15:21:09 - [TEST_STEP][PASSED] - FirstName = "Test-123": null&#xD;
&#xD;
2019-08-05 15:21:09 - [TEST_STEP][PASSED] - LastName = selenium.getEval("{var x="ABCDEFGHIJKLMNOPQRSTUVWXYZabcdefghijklmnopqrstuvwxyz"; var tmp="ZZ11-"; for (i=0;i&lt;8;i++) tmp+=x.charAt(Math.ceil(51*Math.random()));tmp;}"): null&#xD;
&#xD;
2019-08-05 15:21:09 - [TEST_STEP][PASSED] - Address = selenium.getEval("{var x="ABCDEFGHIJKLMNOPQRSTUVWXYZabcdefghijklmnopqrstuvwxyz"; var tmp=""; for (i=0;i&lt;8;i++) tmp+=x.charAt(Math.ceil(51*Math.random()));tmp;}"): null&#xD;
&#xD;
2019-08-05 15:21:09 - [TEST_STEP][PASSED] - City = selenium.getEval("{var x="ABCDEFGHIJKLMNOPQRSTUVWXYZabcdefghijklmnopqrstuvwxyz"; var tmp=""; for (i=0;i&lt;8;i++) tmp+=x.charAt(Math.ceil(51*Math.random()));tmp;}"): null&#xD;
&#xD;
2019-08-05 15:21:09 - [TEST_STEP][PASSED] - tel1 = selenium.getEval("{var x="123456789"; var tmp=""; for (i=0;i&lt;3;i++) tmp+=x.charAt(Math.ceil(8*Math.random()));tmp;}"): null&#xD;
&#xD;
2019-08-05 15:21:09 - [TEST_STEP][PASSED] - tel2 = selenium.getEval("{var x="123456789"; var tmp=""; for (i=0;i&lt;3;i++) tmp+=x.charAt(Math.ceil(8*Math.random()));tmp;}"): null&#xD;
&#xD;
2019-08-05 15:21:09 - [TEST_STEP][PASSED] - tel3 = selenium.getEval("{var x="123456789"; var tmp=""; for (i=0;i&lt;4;i++) tmp+=x.charAt(Math.ceil(8*Math.random()));tmp;}"): null&#xD;
&#xD;
2019-08-05 15:21:09 - [TEST_STEP][PASSED] - Tel = selenium.getExpression(tel1 + "-" + tel2 + "-" + tel3): null&#xD;
&#xD;
2019-08-05 15:21:09 - [TEST_STEP][PASSED] - AutoEmail = selenium.getEval("{var x="ABCDEFGHIJKLMNOPQRSTUVWXYZabcdefghijklmnopqrstuvwxyz"; var tmp="test."; for (i=0;i&lt;8;i++) tmp+=x.charAt(Math.ceil(51*Math.random()));tmp+="@suryani.cn";}"): null&#xD;
&#xD;
2019-08-05 15:21:09 - [TEST_STEP][PASSED] - FirstName = FirstName: null&#xD;
&#xD;
2019-08-05 15:21:09 - [TEST_STEP][PASSED] - LastName = LastName: null&#xD;
&#xD;
2019-08-05 15:21:09 - [TEST_STEP][PASSED] - Address = Address: null&#xD;
&#xD;
2019-08-05 15:21:09 - [TEST_STEP][PASSED] - City = City: null&#xD;
&#xD;
2019-08-05 15:21:09 - [TEST_STEP][PASSED] - Tel = Tel: null&#xD;
&#xD;
2019-08-05 15:21:09 - [TEST_STEP][PASSED] - AutoEmail = AutoEmail: null&#xD;
&#xD;
2019-08-05 15:21:09 - [TEST_STEP][PASSED] - println(FirstName): null&#xD;
&#xD;
2019-08-05 15:21:09 - [TEST_STEP][PASSED] - println(LastName): null&#xD;
&#xD;
2019-08-05 15:21:09 - [TEST_STEP][PASSED] - println(Address): null&#xD;
&#xD;
2019-08-05 15:21:09 - [TEST_STEP][PASSED] - println(City): null&#xD;
&#xD;
2019-08-05 15:21:09 - [TEST_STEP][PASSED] - println(Tel): null&#xD;
&#xD;
2019-08-05 15:21:09 - [TEST_STEP][PASSED] - println(AutoEmail): null&#xD;
&#xD;
2019-08-05 15:21:09 - [MESSAGE][PASSED] - Call Test Case 'Test Cases/mobileWeb/_include/name' successfully&#xD;
&#xD;
2019-08-05 15:21:09 - [TEST_STEP][PASSED] - setText(findTestObject("mobileSanity/HBI/Page_App Page 1/input__member-P-1-firstName"), FirstName): Text 'Test-123' is set on object 'Object Repository/mobileSanity/HBI/Page_App Page 1/input__member-P-1-firstName'&#xD;
&#xD;
2019-08-05 15:21:09 - [MESSAGE][PASSED] - Text 'Test-123' is set on object 'Object Repository/mobileSanity/HBI/Page_App Page 1/input__member-P-1-firstName'&#xD;
&#xD;
2019-08-05 15:21:09 - [TEST_STEP][PASSED] - setText(findTestObject("mobileSanity/HBI/Page_App Page 1/input__member-P-1-lastName"), LastName): Text 'ZZ11-rUzLVBqP' is set on object 'Object Repository/mobileSanity/HBI/Page_App Page 1/input__member-P-1-lastName'&#xD;
&#xD;
2019-08-05 15:21:09 - [MESSAGE][PASSED] - Text 'ZZ11-rUzLVBqP' is set on object 'Object Repository/mobileSanity/HBI/Page_App Page 1/input__member-P-1-lastName'&#xD;
&#xD;
2019-08-05 15:21:09 - [TEST_STEP][PASSED] - if (carrier == "agileone" || carrier == "agilesecure"): Text 'test6' is set on object 'Object Repository/mobileSanity/HBI/Page_App Page 1/input__contingent-beneficiary-relationship'&#xD;
&#xD;
2019-08-05 15:21:09 - [TEST_STEP][PASSED] - setText(findTestObject("mobileSanity/HBI/Page_App Page 1/input__primary-beneficiary-fir"), "test1"): Text 'test1' is set on object 'Object Repository/mobileSanity/HBI/Page_App Page 1/input__primary-beneficiary-fir'&#xD;
&#xD;
2019-08-05 15:21:09 - [MESSAGE][PASSED] - Text 'test1' is set on object 'Object Repository/mobileSanity/HBI/Page_App Page 1/input__primary-beneficiary-fir'&#xD;
&#xD;
2019-08-05 15:21:09 - [TEST_STEP][PASSED] - setText(findTestObject("mobileSanity/HBI/Page_App Page 1/input__primary-beneficiary-las"), "test2"): Text 'test2' is set on object 'Object Repository/mobileSanity/HBI/Page_App Page 1/input__primary-beneficiary-las'&#xD;
&#xD;
2019-08-05 15:21:10 - [MESSAGE][PASSED] - Text 'test2' is set on object 'Object Repository/mobileSanity/HBI/Page_App Page 1/input__primary-beneficiary-las'&#xD;
&#xD;
2019-08-05 15:21:10 - [TEST_STEP][PASSED] - setText(findTestObject("mobileSanity/HBI/Page_App Page 1/input__primary-beneficiary-rel"), "test3"): Text 'test3' is set on object 'Object Repository/mobileSanity/HBI/Page_App Page 1/input__primary-beneficiary-rel'&#xD;
&#xD;
2019-08-05 15:21:10 - [MESSAGE][PASSED] - Text 'test3' is set on object 'Object Repository/mobileSanity/HBI/Page_App Page 1/input__primary-beneficiary-rel'&#xD;
&#xD;
2019-08-05 15:21:10 - [TEST_STEP][PASSED] - setText(findTestObject("mobileSanity/HBI/Page_App Page 1/input__contingent-beneficiary-"), "test4"): Text 'test4' is set on object 'Object Repository/mobileSanity/HBI/Page_App Page 1/input__contingent-beneficiary-'&#xD;
&#xD;
2019-08-05 15:21:10 - [MESSAGE][PASSED] - Text 'test4' is set on object 'Object Repository/mobileSanity/HBI/Page_App Page 1/input__contingent-beneficiary-'&#xD;
&#xD;
2019-08-05 15:21:10 - [TEST_STEP][PASSED] - setText(findTestObject("mobileSanity/HBI/Page_App Page 1/input__contingent-beneficiary-_lastname"), "test5"): Text 'test5' is set on object 'Object Repository/mobileSanity/HBI/Page_App Page 1/input__contingent-beneficiary-_lastname'&#xD;
&#xD;
2019-08-05 15:21:10 - [MESSAGE][PASSED] - Text 'test5' is set on object 'Object Repository/mobileSanity/HBI/Page_App Page 1/input__contingent-beneficiary-_lastname'&#xD;
&#xD;
2019-08-05 15:21:10 - [TEST_STEP][PASSED] - setText(findTestObject("mobileSanity/HBI/Page_App Page 1/input__contingent-beneficiary-relationship"), "test6"): Text 'test6' is set on object 'Object Repository/mobileSanity/HBI/Page_App Page 1/input__contingent-beneficiary-relationship'&#xD;
&#xD;
2019-08-05 15:21:10 - [MESSAGE][PASSED] - Text 'test6' is set on object 'Object Repository/mobileSanity/HBI/Page_App Page 1/input__contingent-beneficiary-relationship'&#xD;
&#xD;
2019-08-05 15:21:10 - [TEST_STEP][PASSED] - setText(findTestObject("mobileSanity/HBI/Page_App Page 1/input__address"), Address): Text 'nPWiqRJx' is set on object 'Object Repository/mobileSanity/HBI/Page_App Page 1/input__address'&#xD;
&#xD;
2019-08-05 15:21:10 - [MESSAGE][PASSED] - Text 'nPWiqRJx' is set on object 'Object Repository/mobileSanity/HBI/Page_App Page 1/input__address'&#xD;
&#xD;
2019-08-05 15:21:10 - [TEST_STEP][PASSED] - setText(findTestObject("mobileSanity/HBI/Page_App Page 1/input__city"), City): Text 'TjbmrQjZ' is set on object 'Object Repository/mobileSanity/HBI/Page_App Page 1/input__city'&#xD;
&#xD;
2019-08-05 15:21:11 - [MESSAGE][PASSED] - Text 'TjbmrQjZ' is set on object 'Object Repository/mobileSanity/HBI/Page_App Page 1/input__city'&#xD;
&#xD;
2019-08-05 15:21:11 - [TEST_STEP][PASSED] - setText(findTestObject("mobileSanity/HBI/Page_App Page 1/input__email"), AutoEmail): Text 'test.EuLTzPhU@suryani.cn' is set on object 'Object Repository/mobileSanity/HBI/Page_App Page 1/input__email'&#xD;
&#xD;
2019-08-05 15:21:11 - [MESSAGE][PASSED] - Text 'test.EuLTzPhU@suryani.cn' is set on object 'Object Repository/mobileSanity/HBI/Page_App Page 1/input__email'&#xD;
&#xD;
2019-08-05 15:21:11 - [TEST_STEP][PASSED] - setText(findTestObject("mobileSanity/HBI/Page_App Page 1/input_tel"), Tel): Text '958-769-4493' is set on object 'Object Repository/mobileSanity/HBI/Page_App Page 1/input_tel'&#xD;
&#xD;
2019-08-05 15:21:11 - [MESSAGE][PASSED] - Text '958-769-4493' is set on object 'Object Repository/mobileSanity/HBI/Page_App Page 1/input_tel'&#xD;
&#xD;
2019-08-05 15:21:11 - [TEST_STEP][PASSED] - click(findTestObject("mobileSanity/HBI/Page_App Page 1/a_Continue to Step 2 - Payment")): Object: 'Object Repository/mobileSanity/HBI/Page_App Page 1/a_Continue to Step 2 - Payment' is clicked on&#xD;
&#xD;
2019-08-05 15:21:12 - [MESSAGE][PASSED] - Object: 'Object Repository/mobileSanity/HBI/Page_App Page 1/a_Continue to Step 2 - Payment' is clicked on&#xD;
&#xD;
2019-08-05 15:21:12 - [TEST_STEP][PASSED] - waitForPageLoad(20): Wait for page load successfully&#xD;
&#xD;
2019-08-05 15:21:12 - [MESSAGE][PASSED] - Wait for page load successfully&#xD;
&#xD;
2019-08-05 15:21:12 - [TEST_STEP][PASSED] - Thread.sleep(2000): null&#xD;
&#xD;
2019-08-05 15:21:14 - [TEST_STEP][PASSED] - waitForElementVisible(findTestObject("mobileSanity/HBI/Page_App Page 2/input__credit-card-first"), 20): Object 'Object Repository/mobileSanity/HBI/Page_App Page 2/input__credit-card-first' is visible&#xD;
&#xD;
2019-08-05 15:21:14 - [MESSAGE][PASSED] - Object 'Object Repository/mobileSanity/HBI/Page_App Page 2/input__credit-card-first' is visible&#xD;
&#xD;
2019-08-05 15:21:14 - [TEST_STEP][PASSED] - callTestCase(findTestCase("mobileWeb/_include/get_screenshot"), [:], STOP_ON_FAILURE): Call Test Case 'Test Cases/mobileWeb/_include/get_screenshot' successfully&#xD;
&#xD;
2019-08-05 15:21:14 - [TEST_CASE][PASSED] - Test Cases/mobileWeb/_include/get_screenshot: Test Cases/mobileWeb/_include/get_screenshot&#xD;
&#xD;
2019-08-05 15:21:14 - [TEST_STEP][PASSED] - takeScreenshot(screenPath + i + ".png"): Taking screenshot successfully&#xD;
&#xD;
2019-08-05 15:21:14 - [MESSAGE][PASSED] - Taking screenshot successfully&#xD;
[[ATTACHMENT|D:\\Test\\AgileTest\\AgileTest\\Reports\\mobileWeb\\hbi\\20190805_152013\\../Screenshots/iPhone X/hbi/Agile One/20190805_152018/6.png]]&#xD;
&#xD;
2019-08-05 15:21:14 - [TEST_STEP][PASSED] - (internal.GlobalVariable.i++): null&#xD;
&#xD;
2019-08-05 15:21:14 - [MESSAGE][PASSED] - Call Test Case 'Test Cases/mobileWeb/_include/get_screenshot' successfully&#xD;
&#xD;
2019-08-05 15:21:14 - [TEST_STEP][PASSED] - setText(findTestObject("mobileSanity/HBI/Page_App Page 2/input__credit-card-first"), FirstName): Text 'Test-123' is set on object 'Object Repository/mobileSanity/HBI/Page_App Page 2/input__credit-card-first'&#xD;
&#xD;
2019-08-05 15:21:15 - [MESSAGE][PASSED] - Text 'Test-123' is set on object 'Object Repository/mobileSanity/HBI/Page_App Page 2/input__credit-card-first'&#xD;
&#xD;
2019-08-05 15:21:15 - [TEST_STEP][PASSED] - setText(findTestObject("mobileSanity/HBI/Page_App Page 2/input__credit-card-last"), LastName): Text 'ZZ11-rUzLVBqP' is set on object 'Object Repository/mobileSanity/HBI/Page_App Page 2/input__credit-card-last'&#xD;
&#xD;
2019-08-05 15:21:15 - [MESSAGE][PASSED] - Text 'ZZ11-rUzLVBqP' is set on object 'Object Repository/mobileSanity/HBI/Page_App Page 2/input__credit-card-last'&#xD;
&#xD;
2019-08-05 15:21:15 - [TEST_STEP][PASSED] - selectOptionByValue(findTestObject("mobileSanity/HBI/Page_App Page 2/select_MM010203040506070809101"), "12", true): All options with value '12' are selected in object 'Object Repository/mobileSanity/HBI/Page_App Page 2/select_MM010203040506070809101'  using regular expression&#xD;
&#xD;
2019-08-05 15:21:15 - [MESSAGE][PASSED] - All options with value '12' are selected in object 'Object Repository/mobileSanity/HBI/Page_App Page 2/select_MM010203040506070809101'  using regular expression&#xD;
&#xD;
2019-08-05 15:21:15 - [TEST_STEP][PASSED] - selectOptionByValue(findTestObject("mobileSanity/HBI/Page_App Page 2/select_YYYY2019202020212022202"), "2026", true): All options with value '2026' are selected in object 'Object Repository/mobileSanity/HBI/Page_App Page 2/select_YYYY2019202020212022202'  using regular expression&#xD;
&#xD;
2019-08-05 15:21:16 - [MESSAGE][PASSED] - All options with value '2026' are selected in object 'Object Repository/mobileSanity/HBI/Page_App Page 2/select_YYYY2019202020212022202'  using regular expression&#xD;
&#xD;
2019-08-05 15:21:16 - [TEST_STEP][PASSED] - setText(findTestObject("mobileSanity/HBI/Page_App Page 2/input__credit-card-number"), "4111111111111111"): Text '4111111111111111' is set on object 'Object Repository/mobileSanity/HBI/Page_App Page 2/input__credit-card-number'&#xD;
&#xD;
2019-08-05 15:21:16 - [MESSAGE][PASSED] - Text '4111111111111111' is set on object 'Object Repository/mobileSanity/HBI/Page_App Page 2/input__credit-card-number'&#xD;
&#xD;
2019-08-05 15:21:16 - [TEST_STEP][PASSED] - setText(findTestObject("mobileSanity/HBI/Page_App Page 2/input__cvv"), "123"): Text '123' is set on object 'Object Repository/mobileSanity/HBI/Page_App Page 2/input__cvv'&#xD;
&#xD;
2019-08-05 15:21:16 - [MESSAGE][PASSED] - Text '123' is set on object 'Object Repository/mobileSanity/HBI/Page_App Page 2/input__cvv'&#xD;
&#xD;
2019-08-05 15:21:16 - [TEST_STEP][PASSED] - click(findTestObject("mobileSanity/HBI/Page_App Page 2/label_My billing address is th")): Object: 'Object Repository/mobileSanity/HBI/Page_App Page 2/label_My billing address is th' is clicked on&#xD;
&#xD;
2019-08-05 15:21:16 - [MESSAGE][PASSED] - Object: 'Object Repository/mobileSanity/HBI/Page_App Page 2/label_My billing address is th' is clicked on&#xD;
&#xD;
2019-08-05 15:21:16 - [TEST_STEP][PASSED] - click(findTestObject("mobileSanity/HBI/Page_App Page 2/label_I Accept Authorization f")): Object: 'Object Repository/mobileSanity/HBI/Page_App Page 2/label_I Accept Authorization f' is clicked on&#xD;
&#xD;
2019-08-05 15:21:16 - [MESSAGE][PASSED] - Object: 'Object Repository/mobileSanity/HBI/Page_App Page 2/label_I Accept Authorization f' is clicked on&#xD;
&#xD;
2019-08-05 15:21:16 - [TEST_STEP][PASSED] - click(findTestObject("mobileSanity/HBI/Page_App Page 2/a_Continue to Step 3 - Review")): Object: 'Object Repository/mobileSanity/HBI/Page_App Page 2/a_Continue to Step 3 - Review' is clicked on&#xD;
&#xD;
2019-08-05 15:21:16 - [MESSAGE][PASSED] - Object: 'Object Repository/mobileSanity/HBI/Page_App Page 2/a_Continue to Step 3 - Review' is clicked on&#xD;
&#xD;
2019-08-05 15:21:16 - [TEST_STEP][PASSED] - waitForPageLoad(20): Wait for page load successfully&#xD;
&#xD;
2019-08-05 15:21:16 - [MESSAGE][PASSED] - Wait for page load successfully&#xD;
&#xD;
2019-08-05 15:21:16 - [TEST_STEP][PASSED] - Thread.sleep(2000): null&#xD;
&#xD;
2019-08-05 15:21:18 - [TEST_STEP][PASSED] - callTestCase(findTestCase("mobileWeb/_include/get_screenshot"), [:], STOP_ON_FAILURE): Call Test Case 'Test Cases/mobileWeb/_include/get_screenshot' successfully&#xD;
&#xD;
2019-08-05 15:21:19 - [TEST_CASE][PASSED] - Test Cases/mobileWeb/_include/get_screenshot: Test Cases/mobileWeb/_include/get_screenshot&#xD;
&#xD;
2019-08-05 15:21:19 - [TEST_STEP][PASSED] - takeScreenshot(screenPath + i + ".png"): Taking screenshot successfully&#xD;
&#xD;
2019-08-05 15:21:20 - [MESSAGE][PASSED] - Taking screenshot successfully&#xD;
[[ATTACHMENT|D:\\Test\\AgileTest\\AgileTest\\Reports\\mobileWeb\\hbi\\20190805_152013\\../Screenshots/iPhone X/hbi/Agile One/20190805_152018/7.png]]&#xD;
&#xD;
2019-08-05 15:21:20 - [TEST_STEP][PASSED] - (internal.GlobalVariable.i++): null&#xD;
&#xD;
2019-08-05 15:21:20 - [MESSAGE][PASSED] - Call Test Case 'Test Cases/mobileWeb/_include/get_screenshot' successfully&#xD;
&#xD;
2019-08-05 15:21:20 - [TEST_STEP][PASSED] - if (test.MobileKeywords.isElementPresent_Web(findTestObject("mobileSanity/HBI/Page_App Page 2/a_No Thanks"), 10)): test.MobileKeywords.isElementPresent_Web is PASSED&#xD;
&#xD;
2019-08-05 15:21:42 - [MESSAGE][INFO] - Unable to find the element located by 'By.xpath: //a[@type = 'submit' and (text() = 'No Thanks' or . = 'No Thanks')]'. Please recheck the objects properties to make sure the desired element is located. &#xD;
&#xD;
2019-08-05 15:21:42 - [MESSAGE][PASSED] - test.MobileKeywords.isElementPresent_Web is PASSED&#xD;
&#xD;
2019-08-05 15:21:42 - [TEST_STEP][PASSED] - click(findTestObject("mobileSanity/HBI/Page_App Page 3/label")): Object: 'Object Repository/mobileSanity/HBI/Page_App Page 3/label' is clicked on&#xD;
&#xD;
2019-08-05 15:21:42 - [MESSAGE][PASSED] - Object: 'Object Repository/mobileSanity/HBI/Page_App Page 3/label' is clicked on&#xD;
&#xD;
2019-08-05 15:21:42 - [TEST_STEP][PASSED] - click(findTestObject("mobileSanity/HBI/Page_App Page 3/p_CLICK TO SIGN")): Object: 'Object Repository/mobileSanity/HBI/Page_App Page 3/p_CLICK TO SIGN' is clicked on&#xD;
&#xD;
2019-08-05 15:21:42 - [MESSAGE][PASSED] - Object: 'Object Repository/mobileSanity/HBI/Page_App Page 3/p_CLICK TO SIGN' is clicked on&#xD;
&#xD;
2019-08-05 15:21:42 - [TEST_STEP][PASSED] - click(findTestObject("mobileSanity/HBI/Page_App Page 3/a_Submit Your Application")): Object: 'Object Repository/mobileSanity/HBI/Page_App Page 3/a_Submit Your Application' is clicked on&#xD;
&#xD;
2019-08-05 15:21:42 - [MESSAGE][PASSED] - Object: 'Object Repository/mobileSanity/HBI/Page_App Page 3/a_Submit Your Application' is clicked on&#xD;
&#xD;
2019-08-05 15:21:42 - [TEST_STEP][PASSED] - Thread.sleep(30000): null&#xD;
&#xD;
2019-08-05 15:22:12 - [TEST_STEP][PASSED] - callTestCase(findTestCase("mobileWeb/_include/get_screenshot"), [:], STOP_ON_FAILURE): Call Test Case 'Test Cases/mobileWeb/_include/get_screenshot' successfully&#xD;
&#xD;
2019-08-05 15:22:12 - [TEST_CASE][PASSED] - Test Cases/mobileWeb/_include/get_screenshot: Test Cases/mobileWeb/_include/get_screenshot&#xD;
&#xD;
2019-08-05 15:22:12 - [TEST_STEP][PASSED] - takeScreenshot(screenPath + i + ".png"): Taking screenshot successfully&#xD;
&#xD;
2019-08-05 15:22:13 - [MESSAGE][PASSED] - Taking screenshot successfully&#xD;
[[ATTACHMENT|D:\\Test\\AgileTest\\AgileTest\\Reports\\mobileWeb\\hbi\\20190805_152013\\../Screenshots/iPhone X/hbi/Agile One/20190805_152018/8.png]]&#xD;
&#xD;
2019-08-05 15:22:13 - [TEST_STEP][PASSED] - (internal.GlobalVariable.i++): null&#xD;
&#xD;
2019-08-05 15:22:13 - [MESSAGE][PASSED] - Call Test Case 'Test Cases/mobileWeb/_include/get_screenshot' successfully&#xD;
&#xD;
2019-08-05 15:22:13 - [TEST_STEP][PASSED] - verifyTextPresent("Congratulations", false): Text 'Congratulations' is present on page &#xD;
&#xD;
2019-08-05 15:22:13 - [MESSAGE][PASSED] - Text 'Congratulations' is present on page &#xD;
&#xD;
2019-08-05 15:22:13 - [MESSAGE][PASSED] - Call Test Case 'Test Cases/mobileWeb/_include/goToEnd_hbi' successfully</system-out>
            <system-err></system-err>
        </testcase>
        <testcase name="Test Cases/mobileWeb/HBI/Legion Limited Medical" classname="Test Cases/mobileWeb/HBI/Legion Limited Medical" status="FAILED">
            <failure type="FAILED" message="Test Cases/mobileWeb/HBI/Legion Limited Medical FAILED.&#xA;Reason:&#xA;com.kms.katalon.core.exception.StepFailedException: Unable to click on object 'Object Repository/mobileSanity/HBI/quote/a_Legion Limited Medical 500'&#xD;&#xA;&#x9;at com.kms.katalon.core.webui.keyword.internal.WebUIKeywordMain.stepFailed(WebUIKeywordMain.groovy:64)&#xD;&#xA;&#x9;at com.kms.katalon.core.webui.keyword.internal.WebUIKeywordMain.runKeyword(WebUIKeywordMain.groovy:26)&#xD;&#xA;&#x9;at com.kms.katalon.core.webui.keyword.builtin.ClickKeyword.click(ClickKeyword.groovy:86)&#xD;&#xA;&#x9;at com.kms.katalon.core.webui.keyword.builtin.ClickKeyword.execute(ClickKeyword.groovy:67)&#xD;&#xA;&#x9;at com.kms.katalon.core.keyword.internal.KeywordExecutor.executeKeywordForPlatform(KeywordExecutor.groovy:56)&#xD;&#xA;&#x9;at com.kms.katalon.core.webui.keyword.WebUiBuiltInKeywords.click(WebUiBuiltInKeywords.groovy:616)&#xD;&#xA;&#x9;at com.kms.katalon.core.webui.keyword.WebUiBuiltInKeywords$click$2.call(Unknown Source)&#xD;&#xA;&#x9;at Legion Limited Medical.run(Legion Limited Medical:24)&#xD;&#xA;&#x9;at com.kms.katalon.core.main.ScriptEngine.run(ScriptEngine.java:194)&#xD;&#xA;&#x9;at com.kms.katalon.core.main.ScriptEngine.runScriptAsRawText(ScriptEngine.java:119)&#xD;&#xA;&#x9;at com.kms.katalon.core.main.TestCaseExecutor.runScript(TestCaseExecutor.java:337)&#xD;&#xA;&#x9;at com.kms.katalon.core.main.TestCaseExecutor.doExecute(TestCaseExecutor.java:328)&#xD;&#xA;&#x9;at com.kms.katalon.core.main.TestCaseExecutor.processExecutionPhase(TestCaseExecutor.java:307)&#xD;&#xA;&#x9;at com.kms.katalon.core.main.TestCaseExecutor.accessMainPhase(TestCaseExecutor.java:299)&#xD;&#xA;&#x9;at com.kms.katalon.core.main.TestCaseExecutor.execute(TestCaseExecutor.java:233)&#xD;&#xA;&#x9;at com.kms.katalon.core.main.TestSuiteExecutor.accessTestCaseMainPhase(TestSuiteExecutor.java:133)&#xD;&#xA;&#x9;at com.kms.katalon.core.main.TestSuiteExecutor.accessTestSuiteMainPhase(TestSuiteExecutor.java:116)&#xD;&#xA;&#x9;at com.kms.katalon.core.main.TestSuiteExecutor.execute(TestSuiteExecutor.java:83)&#xD;&#xA;&#x9;at com.kms.katalon.core.main.TestCaseMain.startTestSuite(TestCaseMain.java:157)&#xD;&#xA;&#x9;at com.kms.katalon.core.main.TestCaseMain$startTestSuite$0.call(Unknown Source)&#xD;&#xA;&#x9;at TempTestSuite1564989613798.run(TempTestSuite1564989613798.groovy:35)&#xD;&#xA;Caused by: com.kms.katalon.core.webui.exception.WebElementNotFoundException: Web element with id: 'Object Repository/mobileSanity/HBI/quote/a_Legion Limited Medical 500' located by 'By.xpath: //li[@class='js-plan plan js-plan-responsive' and @data-id='legion-al-500-30-100-3']/div[2]/table/tbody/tr/td/a[count(. | //a[@href = '/health-benefit-insurance/plan/legion-al-500-30-100-3']) = count(//a[@href = '/health-benefit-insurance/plan/legion-al-500-30-100-3'])]' not found&#xD;&#xA;&#x9;at com.kms.katalon.core.webui.common.WebUiCommonHelper.findWebElement(WebUiCommonHelper.java:1097)&#xD;&#xA;&#x9;at com.kms.katalon.core.webui.keyword.internal.WebUIAbstractKeyword.findWebElement(WebUIAbstractKeyword.groovy:27)&#xD;&#xA;&#x9;at com.kms.katalon.core.webui.keyword.internal.WebUIAbstractKeyword.findWebElement(WebUIAbstractKeyword.groovy:26)&#xD;&#xA;&#x9;at com.kms.katalon.core.webui.keyword.builtin.ClickKeyword$_click_closure1.doCall(ClickKeyword.groovy:77)&#xD;&#xA;&#x9;at com.kms.katalon.core.webui.keyword.builtin.ClickKeyword$_click_closure1.call(ClickKeyword.groovy)&#xD;&#xA;&#x9;at com.kms.katalon.core.webui.keyword.internal.WebUIKeywordMain.runKeyword(WebUIKeywordMain.groovy:20)&#xD;&#xA;&#x9;... 19 more&#xD;&#xA;"/>
            <system-out>2019-08-05 15:22:13 - [TEST_CASE][FAILED] - Test Cases/mobileWeb/HBI/Legion Limited Medical: Test Cases/mobileWeb/HBI/Legion Limited Medical FAILED.
Reason:
com.kms.katalon.core.exception.StepFailedException: Unable to click on object 'Object Repository/mobileSanity/HBI/quote/a_Legion Limited Medical 500'&#xD;
	at com.kms.katalon.core.webui.keyword.internal.WebUIKeywordMain.stepFailed(WebUIKeywordMain.groovy:64)&#xD;
	at com.kms.katalon.core.webui.keyword.internal.WebUIKeywordMain.runKeyword(WebUIKeywordMain.groovy:26)&#xD;
	at com.kms.katalon.core.webui.keyword.builtin.ClickKeyword.click(ClickKeyword.groovy:86)&#xD;
	at com.kms.katalon.core.webui.keyword.builtin.ClickKeyword.execute(ClickKeyword.groovy:67)&#xD;
	at com.kms.katalon.core.keyword.internal.KeywordExecutor.executeKeywordForPlatform(KeywordExecutor.groovy:56)&#xD;
	at com.kms.katalon.core.webui.keyword.WebUiBuiltInKeywords.click(WebUiBuiltInKeywords.groovy:616)&#xD;
	at com.kms.katalon.core.webui.keyword.WebUiBuiltInKeywords$click$2.call(Unknown Source)&#xD;
	at Legion Limited Medical.run(Legion Limited Medical:24)&#xD;
	at com.kms.katalon.core.main.ScriptEngine.run(ScriptEngine.java:194)&#xD;
	at com.kms.katalon.core.main.ScriptEngine.runScriptAsRawText(ScriptEngine.java:119)&#xD;
	at com.kms.katalon.core.main.TestCaseExecutor.runScript(TestCaseExecutor.java:337)&#xD;
	at com.kms.katalon.core.main.TestCaseExecutor.doExecute(TestCaseExecutor.java:328)&#xD;
	at com.kms.katalon.core.main.TestCaseExecutor.processExecutionPhase(TestCaseExecutor.java:307)&#xD;
	at com.kms.katalon.core.main.TestCaseExecutor.accessMainPhase(TestCaseExecutor.java:299)&#xD;
	at com.kms.katalon.core.main.TestCaseExecutor.execute(TestCaseExecutor.java:233)&#xD;
	at com.kms.katalon.core.main.TestSuiteExecutor.accessTestCaseMainPhase(TestSuiteExecutor.java:133)&#xD;
	at com.kms.katalon.core.main.TestSuiteExecutor.accessTestSuiteMainPhase(TestSuiteExecutor.java:116)&#xD;
	at com.kms.katalon.core.main.TestSuiteExecutor.execute(TestSuiteExecutor.java:83)&#xD;
	at com.kms.katalon.core.main.TestCaseMain.startTestSuite(TestCaseMain.java:157)&#xD;
	at com.kms.katalon.core.main.TestCaseMain$startTestSuite$0.call(Unknown Source)&#xD;
	at TempTestSuite1564989613798.run(TempTestSuite1564989613798.groovy:35)&#xD;
Caused by: com.kms.katalon.core.webui.exception.WebElementNotFoundException: Web element with id: 'Object Repository/mobileSanity/HBI/quote/a_Legion Limited Medical 500' located by 'By.xpath: //li[@class='js-plan plan js-plan-responsive' and @data-id='legion-al-500-30-100-3']/div[2]/table/tbody/tr/td/a[count(. | //a[@href = '/health-benefit-insurance/plan/legion-al-500-30-100-3']) = count(//a[@href = '/health-benefit-insurance/plan/legion-al-500-30-100-3'])]' not found&#xD;
	at com.kms.katalon.core.webui.common.WebUiCommonHelper.findWebElement(WebUiCommonHelper.java:1097)&#xD;
	at com.kms.katalon.core.webui.keyword.internal.WebUIAbstractKeyword.findWebElement(WebUIAbstractKeyword.groovy:27)&#xD;
	at com.kms.katalon.core.webui.keyword.internal.WebUIAbstractKeyword.findWebElement(WebUIAbstractKeyword.groovy:26)&#xD;
	at com.kms.katalon.core.webui.keyword.builtin.ClickKeyword$_click_closure1.doCall(ClickKeyword.groovy:77)&#xD;
	at com.kms.katalon.core.webui.keyword.builtin.ClickKeyword$_click_closure1.call(ClickKeyword.groovy)&#xD;
	at com.kms.katalon.core.webui.keyword.internal.WebUIKeywordMain.runKeyword(WebUIKeywordMain.groovy:20)&#xD;
	... 19 more&#xD;
&#xD;
&#xD;
2019-08-05 15:22:14 - [TEST_STEP][PASSED] - callTestCase(findTestCase("mobileWeb/_include/get_screenPath"), ["productLine":"hbi", "carrierName":"Legion Limited Medical"], CONTINUE_ON_FAILURE): Call Test Case 'Test Cases/mobileWeb/_include/get_screenPath' successfully&#xD;
&#xD;
2019-08-05 15:22:14 - [TEST_CASE][PASSED] - Test Cases/mobileWeb/_include/get_screenPath: Test Cases/mobileWeb/_include/get_screenPath&#xD;
&#xD;
2019-08-05 15:22:14 - [TEST_STEP][PASSED] - m = getExecutionProperties(): null&#xD;
&#xD;
2019-08-05 15:22:14 - [TEST_STEP][PASSED] - deviceName = get("mobileEmulation").get("deviceName"): null&#xD;
&#xD;
2019-08-05 15:22:14 - [TEST_STEP][PASSED] - println(deviceName): null&#xD;
&#xD;
2019-08-05 15:22:14 - [TEST_STEP][PASSED] - now = new java.util.Date(): null&#xD;
&#xD;
2019-08-05 15:22:14 - [TEST_STEP][PASSED] - mydate = now.format("yyyyMMdd_HHmmss"): null&#xD;
&#xD;
2019-08-05 15:22:14 - [TEST_STEP][PASSED] - screenPath = "../Screenshots/": null&#xD;
&#xD;
2019-08-05 15:22:14 - [TEST_STEP][PASSED] - screenPath = screenPath + deviceName + "/" + productLine + "/" + carrierName + "/" + mydate + "/": null&#xD;
&#xD;
2019-08-05 15:22:14 - [TEST_STEP][PASSED] - println(screenPath): null&#xD;
&#xD;
2019-08-05 15:22:14 - [MESSAGE][PASSED] - Call Test Case 'Test Cases/mobileWeb/_include/get_screenPath' successfully&#xD;
&#xD;
2019-08-05 15:22:14 - [TEST_STEP][PASSED] - i = 0: null&#xD;
&#xD;
2019-08-05 15:22:14 - [TEST_STEP][PASSED] - callTestCase(findTestCase("mobileWeb/_include/openWebSite"), [:], CONTINUE_ON_FAILURE): Call Test Case 'Test Cases/mobileWeb/_include/openWebSite' successfully&#xD;
&#xD;
2019-08-05 15:22:14 - [TEST_CASE][PASSED] - Test Cases/mobileWeb/_include/openWebSite: Test Cases/mobileWeb/_include/openWebSite&#xD;
&#xD;
2019-08-05 15:22:14 - [TEST_STEP][PASSED] - openBrowser(env): Browser is opened with url: 'https://praetemptatus.agilehealthinsurance.com'&#xD;
&#xD;
2019-08-05 15:22:14 - [MESSAGE][WARNING] - A browser is already opened. Closing browser and opening a new one&#xD;
&#xD;
2019-08-05 15:22:14 - [MESSAGE][INFO] - Starting 'Chrome' driver&#xD;
&#xD;
2019-08-05 15:22:14 - [MESSAGE][INFO] - User set preference: ['mobileEmulation', '{deviceName=iPhone X}']&#xD;
&#xD;
2019-08-05 15:22:14 - [MESSAGE][INFO] - User set preference: ['args', '[--incognito, --aggressive-cache-discard, --no-sandbox, --window-size=375,812]']&#xD;
&#xD;
2019-08-05 15:22:22 - [MESSAGE][PASSED] - Browser is opened with url: 'https://praetemptatus.agilehealthinsurance.com'&#xD;
&#xD;
2019-08-05 15:22:22 - [TEST_STEP][PASSED] - waitForPageLoad(20): Wait for page load successfully&#xD;
&#xD;
2019-08-05 15:22:22 - [MESSAGE][PASSED] - Wait for page load successfully&#xD;
&#xD;
2019-08-05 15:22:22 - [TEST_STEP][PASSED] - callTestCase(findTestCase("mobileWeb/_include/get_screenshot"), [:], STOP_ON_FAILURE): Call Test Case 'Test Cases/mobileWeb/_include/get_screenshot' successfully&#xD;
&#xD;
2019-08-05 15:22:22 - [TEST_CASE][PASSED] - Test Cases/mobileWeb/_include/get_screenshot: Test Cases/mobileWeb/_include/get_screenshot&#xD;
&#xD;
2019-08-05 15:22:22 - [TEST_STEP][PASSED] - takeScreenshot(screenPath + i + ".png"): Taking screenshot successfully&#xD;
&#xD;
2019-08-05 15:22:23 - [MESSAGE][PASSED] - Taking screenshot successfully&#xD;
[[ATTACHMENT|D:\\Test\\AgileTest\\AgileTest\\Reports\\mobileWeb\\hbi\\20190805_152013\\../Screenshots/iPhone X/hbi/Legion Limited Medical/20190805_152214/0.png]]&#xD;
&#xD;
2019-08-05 15:22:23 - [TEST_STEP][PASSED] - (internal.GlobalVariable.i++): null&#xD;
&#xD;
2019-08-05 15:22:23 - [MESSAGE][PASSED] - Call Test Case 'Test Cases/mobileWeb/_include/get_screenshot' successfully&#xD;
&#xD;
2019-08-05 15:22:23 - [MESSAGE][PASSED] - Call Test Case 'Test Cases/mobileWeb/_include/openWebSite' successfully&#xD;
&#xD;
2019-08-05 15:22:23 - [TEST_STEP][PASSED] - callTestCase(findTestCase("mobileWeb/_include/census_hbi"), [:], CONTINUE_ON_FAILURE): Call Test Case 'Test Cases/mobileWeb/_include/census_hbi' successfully&#xD;
&#xD;
2019-08-05 15:22:23 - [TEST_CASE][PASSED] - Test Cases/mobileWeb/_include/census_hbi: Test Cases/mobileWeb/_include/census_hbi&#xD;
&#xD;
2019-08-05 15:22:23 - [TEST_STEP][PASSED] - click(findTestObject("mobileSanity/Common/side_nav/menu")): Object: 'Object Repository/mobileSanity/Common/side_nav/menu' is clicked on&#xD;
&#xD;
2019-08-05 15:22:24 - [MESSAGE][PASSED] - Object: 'Object Repository/mobileSanity/Common/side_nav/menu' is clicked on&#xD;
&#xD;
2019-08-05 15:22:24 - [TEST_STEP][PASSED] - Thread.sleep(3000): null&#xD;
&#xD;
2019-08-05 15:22:27 - [TEST_STEP][PASSED] - click(findTestObject("mobileSanity/Common/side_nav/nav_hbi")): Object: 'Object Repository/mobileSanity/Common/side_nav/nav_hbi' is clicked on&#xD;
&#xD;
2019-08-05 15:22:30 - [MESSAGE][PASSED] - Object: 'Object Repository/mobileSanity/Common/side_nav/nav_hbi' is clicked on&#xD;
&#xD;
2019-08-05 15:22:30 - [TEST_STEP][PASSED] - waitForPageLoad(10): Wait for page load successfully&#xD;
&#xD;
2019-08-05 15:22:30 - [MESSAGE][PASSED] - Wait for page load successfully&#xD;
&#xD;
2019-08-05 15:22:30 - [TEST_STEP][PASSED] - callTestCase(findTestCase("mobileWeb/_include/get_screenshot"), [:], STOP_ON_FAILURE): Call Test Case 'Test Cases/mobileWeb/_include/get_screenshot' successfully&#xD;
&#xD;
2019-08-05 15:22:30 - [TEST_CASE][PASSED] - Test Cases/mobileWeb/_include/get_screenshot: Test Cases/mobileWeb/_include/get_screenshot&#xD;
&#xD;
2019-08-05 15:22:30 - [TEST_STEP][PASSED] - takeScreenshot(screenPath + i + ".png"): Taking screenshot successfully&#xD;
&#xD;
2019-08-05 15:22:31 - [MESSAGE][PASSED] - Taking screenshot successfully&#xD;
[[ATTACHMENT|D:\\Test\\AgileTest\\AgileTest\\Reports\\mobileWeb\\hbi\\20190805_152013\\../Screenshots/iPhone X/hbi/Legion Limited Medical/20190805_152214/1.png]]&#xD;
&#xD;
2019-08-05 15:22:31 - [TEST_STEP][PASSED] - (internal.GlobalVariable.i++): null&#xD;
&#xD;
2019-08-05 15:22:31 - [MESSAGE][PASSED] - Call Test Case 'Test Cases/mobileWeb/_include/get_screenshot' successfully&#xD;
&#xD;
2019-08-05 15:22:31 - [TEST_STEP][PASSED] - setText(findTestObject("mobileSanity/HBI/census/input_Location_zip-input"), zipcode): Text '35215' is set on object 'Object Repository/mobileSanity/HBI/census/input_Location_zip-input'&#xD;
&#xD;
2019-08-05 15:22:32 - [MESSAGE][PASSED] - Text '35215' is set on object 'Object Repository/mobileSanity/HBI/census/input_Location_zip-input'&#xD;
&#xD;
2019-08-05 15:22:32 - [TEST_STEP][PASSED] - Thread.sleep(500): null&#xD;
&#xD;
2019-08-05 15:22:32 - [TEST_STEP][PASSED] - setText(findTestObject("mobileSanity/HBI/census/input_Date of Birth_dob-0"), "12121980"): Text '12121980' is set on object 'Object Repository/mobileSanity/HBI/census/input_Date of Birth_dob-0'&#xD;
&#xD;
2019-08-05 15:22:32 - [MESSAGE][PASSED] - Text '12121980' is set on object 'Object Repository/mobileSanity/HBI/census/input_Date of Birth_dob-0'&#xD;
&#xD;
2019-08-05 15:22:32 - [TEST_STEP][PASSED] - click(findTestObject("mobileSanity/HBI/census/label_Male")): Object: 'Object Repository/mobileSanity/HBI/census/label_Male' is clicked on&#xD;
&#xD;
2019-08-05 15:22:32 - [MESSAGE][PASSED] - Object: 'Object Repository/mobileSanity/HBI/census/label_Male' is clicked on&#xD;
&#xD;
2019-08-05 15:22:32 - [TEST_STEP][PASSED] - click(findTestObject("mobileSanity/HBI/census/label_Get a Quote")): Object: 'Object Repository/mobileSanity/HBI/census/label_Get a Quote' is clicked on&#xD;
&#xD;
2019-08-05 15:22:33 - [MESSAGE][PASSED] - Object: 'Object Repository/mobileSanity/HBI/census/label_Get a Quote' is clicked on&#xD;
&#xD;
2019-08-05 15:22:33 - [TEST_STEP][PASSED] - waitForPageLoad(20): Wait for page load successfully&#xD;
&#xD;
2019-08-05 15:22:33 - [MESSAGE][PASSED] - Wait for page load successfully&#xD;
&#xD;
2019-08-05 15:22:33 - [TEST_STEP][PASSED] - callTestCase(findTestCase("mobileWeb/_include/get_screenshot"), [:], STOP_ON_FAILURE): Call Test Case 'Test Cases/mobileWeb/_include/get_screenshot' successfully&#xD;
&#xD;
2019-08-05 15:22:33 - [TEST_CASE][PASSED] - Test Cases/mobileWeb/_include/get_screenshot: Test Cases/mobileWeb/_include/get_screenshot&#xD;
&#xD;
2019-08-05 15:22:33 - [TEST_STEP][PASSED] - takeScreenshot(screenPath + i + ".png"): Taking screenshot successfully&#xD;
&#xD;
2019-08-05 15:22:33 - [MESSAGE][PASSED] - Taking screenshot successfully&#xD;
[[ATTACHMENT|D:\\Test\\AgileTest\\AgileTest\\Reports\\mobileWeb\\hbi\\20190805_152013\\../Screenshots/iPhone X/hbi/Legion Limited Medical/20190805_152214/2.png]]&#xD;
&#xD;
2019-08-05 15:22:33 - [TEST_STEP][PASSED] - (internal.GlobalVariable.i++): null&#xD;
&#xD;
2019-08-05 15:22:33 - [MESSAGE][PASSED] - Call Test Case 'Test Cases/mobileWeb/_include/get_screenshot' successfully&#xD;
&#xD;
2019-08-05 15:22:33 - [MESSAGE][PASSED] - Call Test Case 'Test Cases/mobileWeb/_include/census_hbi' successfully&#xD;
&#xD;
2019-08-05 15:22:33 - [TEST_STEP][FAILED] - click(findTestObject("mobileSanity/HBI/quote/a_Legion Limited Medical 500")): Unable to click on object 'Object Repository/mobileSanity/HBI/quote/a_Legion Limited Medical 500' (Root cause: com.kms.katalon.core.exception.StepFailedException: Unable to click on object 'Object Repository/mobileSanity/HBI/quote/a_Legion Limited Medical 500'&#xD;
	at com.kms.katalon.core.webui.keyword.internal.WebUIKeywordMain.stepFailed(WebUIKeywordMain.groovy:64)&#xD;
	at com.kms.katalon.core.webui.keyword.internal.WebUIKeywordMain.runKeyword(WebUIKeywordMain.groovy:26)&#xD;
	at com.kms.katalon.core.webui.keyword.builtin.ClickKeyword.click(ClickKeyword.groovy:86)&#xD;
	at com.kms.katalon.core.webui.keyword.builtin.ClickKeyword.execute(ClickKeyword.groovy:67)&#xD;
	at com.kms.katalon.core.keyword.internal.KeywordExecutor.executeKeywordForPlatform(KeywordExecutor.groovy:56)&#xD;
	at com.kms.katalon.core.webui.keyword.WebUiBuiltInKeywords.click(WebUiBuiltInKeywords.groovy:616)&#xD;
	at com.kms.katalon.core.webui.keyword.WebUiBuiltInKeywords$click$2.call(Unknown Source)&#xD;
	at Legion Limited Medical.run(Legion Limited Medical:24)&#xD;
	at com.kms.katalon.core.main.ScriptEngine.run(ScriptEngine.java:194)&#xD;
	at com.kms.katalon.core.main.ScriptEngine.runScriptAsRawText(ScriptEngine.java:119)&#xD;
	at com.kms.katalon.core.main.TestCaseExecutor.runScript(TestCaseExecutor.java:337)&#xD;
	at com.kms.katalon.core.main.TestCaseExecutor.doExecute(TestCaseExecutor.java:328)&#xD;
	at com.kms.katalon.core.main.TestCaseExecutor.processExecutionPhase(TestCaseExecutor.java:307)&#xD;
	at com.kms.katalon.core.main.TestCaseExecutor.accessMainPhase(TestCaseExecutor.java:299)&#xD;
	at com.kms.katalon.core.main.TestCaseExecutor.execute(TestCaseExecutor.java:233)&#xD;
	at com.kms.katalon.core.main.TestSuiteExecutor.accessTestCaseMainPhase(TestSuiteExecutor.java:133)&#xD;
	at com.kms.katalon.core.main.TestSuiteExecutor.accessTestSuiteMainPhase(TestSuiteExecutor.java:116)&#xD;
	at com.kms.katalon.core.main.TestSuiteExecutor.execute(TestSuiteExecutor.java:83)&#xD;
	at com.kms.katalon.core.main.TestCaseMain.startTestSuite(TestCaseMain.java:157)&#xD;
	at com.kms.katalon.core.main.TestCaseMain$startTestSuite$0.call(Unknown Source)&#xD;
	at TempTestSuite1564989613798.run(TempTestSuite1564989613798.groovy:35)&#xD;
Caused by: com.kms.katalon.core.webui.exception.WebElementNotFoundException: Web element with id: 'Object Repository/mobileSanity/HBI/quote/a_Legion Limited Medical 500' located by 'By.xpath: //li[@class='js-plan plan js-plan-responsive' and @data-id='legion-al-500-30-100-3']/div[2]/table/tbody/tr/td/a[count(. | //a[@href = '/health-benefit-insurance/plan/legion-al-500-30-100-3']) = count(//a[@href = '/health-benefit-insurance/plan/legion-al-500-30-100-3'])]' not found&#xD;
	at com.kms.katalon.core.webui.common.WebUiCommonHelper.findWebElement(WebUiCommonHelper.java:1097)&#xD;
	at com.kms.katalon.core.webui.keyword.internal.WebUIAbstractKeyword.findWebElement(WebUIAbstractKeyword.groovy:27)&#xD;
	at com.kms.katalon.core.webui.keyword.internal.WebUIAbstractKeyword.findWebElement(WebUIAbstractKeyword.groovy:26)&#xD;
	at com.kms.katalon.core.webui.keyword.builtin.ClickKeyword$_click_closure1.doCall(ClickKeyword.groovy:77)&#xD;
	at com.kms.katalon.core.webui.keyword.builtin.ClickKeyword$_click_closure1.call(ClickKeyword.groovy)&#xD;
	at com.kms.katalon.core.webui.keyword.internal.WebUIKeywordMain.runKeyword(WebUIKeywordMain.groovy:20)&#xD;
	at com.kms.katalon.core.webui.keyword.builtin.ClickKeyword.click(ClickKeyword.groovy:86)&#xD;
	at com.kms.katalon.core.webui.keyword.builtin.ClickKeyword.execute(ClickKeyword.groovy:67)&#xD;
	at com.kms.katalon.core.keyword.internal.KeywordExecutor.executeKeywordForPlatform(KeywordExecutor.groovy:56)&#xD;
	at com.kms.katalon.core.webui.keyword.WebUiBuiltInKeywords.click(WebUiBuiltInKeywords.groovy:616)&#xD;
	at com.kms.katalon.core.webui.keyword.WebUiBuiltInKeywords$click$2.call(Unknown Source)&#xD;
	at Script1548751361291.run(Script1548751361291.groovy:24)&#xD;
	... 13 more&#xD;
)&#xD;
&#xD;
2019-08-05 15:22:55 - [MESSAGE][INFO] - Unable to find the element located by 'By.xpath: //li[@class='js-plan plan js-plan-responsive' and @data-id='legion-al-500-30-100-3']/div[2]/table/tbody/tr/td/a[count(. | //a[@href = '/health-benefit-insurance/plan/legion-al-500-30-100-3']) = count(//a[@href = '/health-benefit-insurance/plan/legion-al-500-30-100-3'])]'. Please recheck the objects properties to make sure the desired element is located. &#xD;
&#xD;
2019-08-05 15:22:56 - [MESSAGE][FAILED] - Unable to click on object 'Object Repository/mobileSanity/HBI/quote/a_Legion Limited Medical 500' (Root cause: com.kms.katalon.core.exception.StepFailedException: Unable to click on object 'Object Repository/mobileSanity/HBI/quote/a_Legion Limited Medical 500'&#xD;
	at com.kms.katalon.core.webui.keyword.internal.WebUIKeywordMain.stepFailed(WebUIKeywordMain.groovy:64)&#xD;
	at com.kms.katalon.core.webui.keyword.internal.WebUIKeywordMain.runKeyword(WebUIKeywordMain.groovy:26)&#xD;
	at com.kms.katalon.core.webui.keyword.builtin.ClickKeyword.click(ClickKeyword.groovy:86)&#xD;
	at com.kms.katalon.core.webui.keyword.builtin.ClickKeyword.execute(ClickKeyword.groovy:67)&#xD;
	at com.kms.katalon.core.keyword.internal.KeywordExecutor.executeKeywordForPlatform(KeywordExecutor.groovy:56)&#xD;
	at com.kms.katalon.core.webui.keyword.WebUiBuiltInKeywords.click(WebUiBuiltInKeywords.groovy:616)&#xD;
	at com.kms.katalon.core.webui.keyword.WebUiBuiltInKeywords$click$2.call(Unknown Source)&#xD;
	at Legion Limited Medical.run(Legion Limited Medical:24)&#xD;
	at com.kms.katalon.core.main.ScriptEngine.run(ScriptEngine.java:194)&#xD;
	at com.kms.katalon.core.main.ScriptEngine.runScriptAsRawText(ScriptEngine.java:119)&#xD;
	at com.kms.katalon.core.main.TestCaseExecutor.runScript(TestCaseExecutor.java:337)&#xD;
	at com.kms.katalon.core.main.TestCaseExecutor.doExecute(TestCaseExecutor.java:328)&#xD;
	at com.kms.katalon.core.main.TestCaseExecutor.processExecutionPhase(TestCaseExecutor.java:307)&#xD;
	at com.kms.katalon.core.main.TestCaseExecutor.accessMainPhase(TestCaseExecutor.java:299)&#xD;
	at com.kms.katalon.core.main.TestCaseExecutor.execute(TestCaseExecutor.java:233)&#xD;
	at com.kms.katalon.core.main.TestSuiteExecutor.accessTestCaseMainPhase(TestSuiteExecutor.java:133)&#xD;
	at com.kms.katalon.core.main.TestSuiteExecutor.accessTestSuiteMainPhase(TestSuiteExecutor.java:116)&#xD;
	at com.kms.katalon.core.main.TestSuiteExecutor.execute(TestSuiteExecutor.java:83)&#xD;
	at com.kms.katalon.core.main.TestCaseMain.startTestSuite(TestCaseMain.java:157)&#xD;
	at com.kms.katalon.core.main.TestCaseMain$startTestSuite$0.call(Unknown Source)&#xD;
	at TempTestSuite1564989613798.run(TempTestSuite1564989613798.groovy:35)&#xD;
Caused by: com.kms.katalon.core.webui.exception.WebElementNotFoundException: Web element with id: 'Object Repository/mobileSanity/HBI/quote/a_Legion Limited Medical 500' located by 'By.xpath: //li[@class='js-plan plan js-plan-responsive' and @data-id='legion-al-500-30-100-3']/div[2]/table/tbody/tr/td/a[count(. | //a[@href = '/health-benefit-insurance/plan/legion-al-500-30-100-3']) = count(//a[@href = '/health-benefit-insurance/plan/legion-al-500-30-100-3'])]' not found&#xD;
	at com.kms.katalon.core.webui.common.WebUiCommonHelper.findWebElement(WebUiCommonHelper.java:1097)&#xD;
	at com.kms.katalon.core.webui.keyword.internal.WebUIAbstractKeyword.findWebElement(WebUIAbstractKeyword.groovy:27)&#xD;
	at com.kms.katalon.core.webui.keyword.internal.WebUIAbstractKeyword.findWebElement(WebUIAbstractKeyword.groovy:26)&#xD;
	at com.kms.katalon.core.webui.keyword.builtin.ClickKeyword$_click_closure1.doCall(ClickKeyword.groovy:77)&#xD;
	at com.kms.katalon.core.webui.keyword.builtin.ClickKeyword$_click_closure1.call(ClickKeyword.groovy)&#xD;
	at com.kms.katalon.core.webui.keyword.internal.WebUIKeywordMain.runKeyword(WebUIKeywordMain.groovy:20)&#xD;
	at com.kms.katalon.core.webui.keyword.builtin.ClickKeyword.click(ClickKeyword.groovy:86)&#xD;
	at com.kms.katalon.core.webui.keyword.builtin.ClickKeyword.execute(ClickKeyword.groovy:67)&#xD;
	at com.kms.katalon.core.keyword.internal.KeywordExecutor.executeKeywordForPlatform(KeywordExecutor.groovy:56)&#xD;
	at com.kms.katalon.core.webui.keyword.WebUiBuiltInKeywords.click(WebUiBuiltInKeywords.groovy:616)&#xD;
	at com.kms.katalon.core.webui.keyword.WebUiBuiltInKeywords$click$2.call(Unknown Source)&#xD;
	at Script1548751361291.run(Script1548751361291.groovy:24)&#xD;
	... 13 more&#xD;
)&#xD;
[[ATTACHMENT|D:\\Test\\AgileTest\\AgileTest\\Reports\\mobileWeb\\hbi\\20190805_152013\\1564989775340.png]]</system-out>
            <system-err>2019-08-05 15:22:13 - [TEST_CASE][FAILED] - Test Cases/mobileWeb/HBI/Legion Limited Medical: Test Cases/mobileWeb/HBI/Legion Limited Medical FAILED.
Reason:
com.kms.katalon.core.exception.StepFailedException: Unable to click on object 'Object Repository/mobileSanity/HBI/quote/a_Legion Limited Medical 500'&#xD;
	at com.kms.katalon.core.webui.keyword.internal.WebUIKeywordMain.stepFailed(WebUIKeywordMain.groovy:64)&#xD;
	at com.kms.katalon.core.webui.keyword.internal.WebUIKeywordMain.runKeyword(WebUIKeywordMain.groovy:26)&#xD;
	at com.kms.katalon.core.webui.keyword.builtin.ClickKeyword.click(ClickKeyword.groovy:86)&#xD;
	at com.kms.katalon.core.webui.keyword.builtin.ClickKeyword.execute(ClickKeyword.groovy:67)&#xD;
	at com.kms.katalon.core.keyword.internal.KeywordExecutor.executeKeywordForPlatform(KeywordExecutor.groovy:56)&#xD;
	at com.kms.katalon.core.webui.keyword.WebUiBuiltInKeywords.click(WebUiBuiltInKeywords.groovy:616)&#xD;
	at com.kms.katalon.core.webui.keyword.WebUiBuiltInKeywords$click$2.call(Unknown Source)&#xD;
	at Legion Limited Medical.run(Legion Limited Medical:24)&#xD;
	at com.kms.katalon.core.main.ScriptEngine.run(ScriptEngine.java:194)&#xD;
	at com.kms.katalon.core.main.ScriptEngine.runScriptAsRawText(ScriptEngine.java:119)&#xD;
	at com.kms.katalon.core.main.TestCaseExecutor.runScript(TestCaseExecutor.java:337)&#xD;
	at com.kms.katalon.core.main.TestCaseExecutor.doExecute(TestCaseExecutor.java:328)&#xD;
	at com.kms.katalon.core.main.TestCaseExecutor.processExecutionPhase(TestCaseExecutor.java:307)&#xD;
	at com.kms.katalon.core.main.TestCaseExecutor.accessMainPhase(TestCaseExecutor.java:299)&#xD;
	at com.kms.katalon.core.main.TestCaseExecutor.execute(TestCaseExecutor.java:233)&#xD;
	at com.kms.katalon.core.main.TestSuiteExecutor.accessTestCaseMainPhase(TestSuiteExecutor.java:133)&#xD;
	at com.kms.katalon.core.main.TestSuiteExecutor.accessTestSuiteMainPhase(TestSuiteExecutor.java:116)&#xD;
	at com.kms.katalon.core.main.TestSuiteExecutor.execute(TestSuiteExecutor.java:83)&#xD;
	at com.kms.katalon.core.main.TestCaseMain.startTestSuite(TestCaseMain.java:157)&#xD;
	at com.kms.katalon.core.main.TestCaseMain$startTestSuite$0.call(Unknown Source)&#xD;
	at TempTestSuite1564989613798.run(TempTestSuite1564989613798.groovy:35)&#xD;
Caused by: com.kms.katalon.core.webui.exception.WebElementNotFoundException: Web element with id: 'Object Repository/mobileSanity/HBI/quote/a_Legion Limited Medical 500' located by 'By.xpath: //li[@class='js-plan plan js-plan-responsive' and @data-id='legion-al-500-30-100-3']/div[2]/table/tbody/tr/td/a[count(. | //a[@href = '/health-benefit-insurance/plan/legion-al-500-30-100-3']) = count(//a[@href = '/health-benefit-insurance/plan/legion-al-500-30-100-3'])]' not found&#xD;
	at com.kms.katalon.core.webui.common.WebUiCommonHelper.findWebElement(WebUiCommonHelper.java:1097)&#xD;
	at com.kms.katalon.core.webui.keyword.internal.WebUIAbstractKeyword.findWebElement(WebUIAbstractKeyword.groovy:27)&#xD;
	at com.kms.katalon.core.webui.keyword.internal.WebUIAbstractKeyword.findWebElement(WebUIAbstractKeyword.groovy:26)&#xD;
	at com.kms.katalon.core.webui.keyword.builtin.ClickKeyword$_click_closure1.doCall(ClickKeyword.groovy:77)&#xD;
	at com.kms.katalon.core.webui.keyword.builtin.ClickKeyword$_click_closure1.call(ClickKeyword.groovy)&#xD;
	at com.kms.katalon.core.webui.keyword.internal.WebUIKeywordMain.runKeyword(WebUIKeywordMain.groovy:20)&#xD;
	... 19 more</system-err>
        </testcase>
        <testcase name="Test Cases/mobileWeb/HBI/Cardinal Choice" classname="Test Cases/mobileWeb/HBI/Cardinal Choice" status="PASSED">
            <system-out>2019-08-05 15:22:56 - [TEST_CASE][PASSED] - Test Cases/mobileWeb/HBI/Cardinal Choice: Test Cases/mobileWeb/HBI/Cardinal Choice&#xD;
&#xD;
2019-08-05 15:22:56 - [TEST_STEP][PASSED] - callTestCase(findTestCase("mobileWeb/_include/get_screenPath"), ["productLine":"hbi", "carrierName":"Cardinal Choice"], CONTINUE_ON_FAILURE): Call Test Case 'Test Cases/mobileWeb/_include/get_screenPath' successfully&#xD;
&#xD;
2019-08-05 15:22:56 - [TEST_CASE][PASSED] - Test Cases/mobileWeb/_include/get_screenPath: Test Cases/mobileWeb/_include/get_screenPath&#xD;
&#xD;
2019-08-05 15:22:56 - [TEST_STEP][PASSED] - m = getExecutionProperties(): null&#xD;
&#xD;
2019-08-05 15:22:56 - [TEST_STEP][PASSED] - deviceName = get("mobileEmulation").get("deviceName"): null&#xD;
&#xD;
2019-08-05 15:22:56 - [TEST_STEP][PASSED] - println(deviceName): null&#xD;
&#xD;
2019-08-05 15:22:56 - [TEST_STEP][PASSED] - now = new java.util.Date(): null&#xD;
&#xD;
2019-08-05 15:22:56 - [TEST_STEP][PASSED] - mydate = now.format("yyyyMMdd_HHmmss"): null&#xD;
&#xD;
2019-08-05 15:22:56 - [TEST_STEP][PASSED] - screenPath = "../Screenshots/": null&#xD;
&#xD;
2019-08-05 15:22:56 - [TEST_STEP][PASSED] - screenPath = screenPath + deviceName + "/" + productLine + "/" + carrierName + "/" + mydate + "/": null&#xD;
&#xD;
2019-08-05 15:22:56 - [TEST_STEP][PASSED] - println(screenPath): null&#xD;
&#xD;
2019-08-05 15:22:56 - [MESSAGE][PASSED] - Call Test Case 'Test Cases/mobileWeb/_include/get_screenPath' successfully&#xD;
&#xD;
2019-08-05 15:22:56 - [TEST_STEP][PASSED] - i = 0: null&#xD;
&#xD;
2019-08-05 15:22:56 - [TEST_STEP][PASSED] - callTestCase(findTestCase("mobileWeb/_include/openWebSite"), [:], CONTINUE_ON_FAILURE): Call Test Case 'Test Cases/mobileWeb/_include/openWebSite' successfully&#xD;
&#xD;
2019-08-05 15:22:56 - [TEST_CASE][PASSED] - Test Cases/mobileWeb/_include/openWebSite: Test Cases/mobileWeb/_include/openWebSite&#xD;
&#xD;
2019-08-05 15:22:56 - [TEST_STEP][PASSED] - openBrowser(env): Browser is opened with url: 'https://praetemptatus.agilehealthinsurance.com'&#xD;
&#xD;
2019-08-05 15:22:56 - [MESSAGE][WARNING] - A browser is already opened. Closing browser and opening a new one&#xD;
&#xD;
2019-08-05 15:22:57 - [MESSAGE][INFO] - Starting 'Chrome' driver&#xD;
&#xD;
2019-08-05 15:22:57 - [MESSAGE][INFO] - User set preference: ['mobileEmulation', '{deviceName=iPhone X}']&#xD;
&#xD;
2019-08-05 15:22:57 - [MESSAGE][INFO] - User set preference: ['args', '[--incognito, --aggressive-cache-discard, --no-sandbox, --window-size=375,812]']&#xD;
&#xD;
2019-08-05 15:23:03 - [MESSAGE][PASSED] - Browser is opened with url: 'https://praetemptatus.agilehealthinsurance.com'&#xD;
&#xD;
2019-08-05 15:23:03 - [TEST_STEP][PASSED] - waitForPageLoad(20): Wait for page load successfully&#xD;
&#xD;
2019-08-05 15:23:03 - [MESSAGE][PASSED] - Wait for page load successfully&#xD;
&#xD;
2019-08-05 15:23:03 - [TEST_STEP][PASSED] - callTestCase(findTestCase("mobileWeb/_include/get_screenshot"), [:], STOP_ON_FAILURE): Call Test Case 'Test Cases/mobileWeb/_include/get_screenshot' successfully&#xD;
&#xD;
2019-08-05 15:23:03 - [TEST_CASE][PASSED] - Test Cases/mobileWeb/_include/get_screenshot: Test Cases/mobileWeb/_include/get_screenshot&#xD;
&#xD;
2019-08-05 15:23:03 - [TEST_STEP][PASSED] - takeScreenshot(screenPath + i + ".png"): Taking screenshot successfully&#xD;
&#xD;
2019-08-05 15:23:05 - [MESSAGE][PASSED] - Taking screenshot successfully&#xD;
[[ATTACHMENT|D:\\Test\\AgileTest\\AgileTest\\Reports\\mobileWeb\\hbi\\20190805_152013\\../Screenshots/iPhone X/hbi/Cardinal Choice/20190805_152256/0.png]]&#xD;
&#xD;
2019-08-05 15:23:05 - [TEST_STEP][PASSED] - (internal.GlobalVariable.i++): null&#xD;
&#xD;
2019-08-05 15:23:05 - [MESSAGE][PASSED] - Call Test Case 'Test Cases/mobileWeb/_include/get_screenshot' successfully&#xD;
&#xD;
2019-08-05 15:23:05 - [MESSAGE][PASSED] - Call Test Case 'Test Cases/mobileWeb/_include/openWebSite' successfully&#xD;
&#xD;
2019-08-05 15:23:05 - [TEST_STEP][PASSED] - callTestCase(findTestCase("mobileWeb/_include/census_hbi"), [:], CONTINUE_ON_FAILURE): Call Test Case 'Test Cases/mobileWeb/_include/census_hbi' successfully&#xD;
&#xD;
2019-08-05 15:23:05 - [TEST_CASE][PASSED] - Test Cases/mobileWeb/_include/census_hbi: Test Cases/mobileWeb/_include/census_hbi&#xD;
&#xD;
2019-08-05 15:23:05 - [TEST_STEP][PASSED] - click(findTestObject("mobileSanity/Common/side_nav/menu")): Object: 'Object Repository/mobileSanity/Common/side_nav/menu' is clicked on&#xD;
&#xD;
2019-08-05 15:23:06 - [MESSAGE][PASSED] - Object: 'Object Repository/mobileSanity/Common/side_nav/menu' is clicked on&#xD;
&#xD;
2019-08-05 15:23:06 - [TEST_STEP][PASSED] - Thread.sleep(3000): null&#xD;
&#xD;
2019-08-05 15:23:09 - [TEST_STEP][PASSED] - click(findTestObject("mobileSanity/Common/side_nav/nav_hbi")): Object: 'Object Repository/mobileSanity/Common/side_nav/nav_hbi' is clicked on&#xD;
&#xD;
2019-08-05 15:23:11 - [MESSAGE][PASSED] - Object: 'Object Repository/mobileSanity/Common/side_nav/nav_hbi' is clicked on&#xD;
&#xD;
2019-08-05 15:23:11 - [TEST_STEP][PASSED] - waitForPageLoad(10): Wait for page load successfully&#xD;
&#xD;
2019-08-05 15:23:11 - [MESSAGE][PASSED] - Wait for page load successfully&#xD;
&#xD;
2019-08-05 15:23:11 - [TEST_STEP][PASSED] - callTestCase(findTestCase("mobileWeb/_include/get_screenshot"), [:], STOP_ON_FAILURE): Call Test Case 'Test Cases/mobileWeb/_include/get_screenshot' successfully&#xD;
&#xD;
2019-08-05 15:23:11 - [TEST_CASE][PASSED] - Test Cases/mobileWeb/_include/get_screenshot: Test Cases/mobileWeb/_include/get_screenshot&#xD;
&#xD;
2019-08-05 15:23:11 - [TEST_STEP][PASSED] - takeScreenshot(screenPath + i + ".png"): Taking screenshot successfully&#xD;
&#xD;
2019-08-05 15:23:12 - [MESSAGE][PASSED] - Taking screenshot successfully&#xD;
[[ATTACHMENT|D:\\Test\\AgileTest\\AgileTest\\Reports\\mobileWeb\\hbi\\20190805_152013\\../Screenshots/iPhone X/hbi/Cardinal Choice/20190805_152256/1.png]]&#xD;
&#xD;
2019-08-05 15:23:12 - [TEST_STEP][PASSED] - (internal.GlobalVariable.i++): null&#xD;
&#xD;
2019-08-05 15:23:12 - [MESSAGE][PASSED] - Call Test Case 'Test Cases/mobileWeb/_include/get_screenshot' successfully&#xD;
&#xD;
2019-08-05 15:23:12 - [TEST_STEP][PASSED] - setText(findTestObject("mobileSanity/HBI/census/input_Location_zip-input"), zipcode): Text '35215' is set on object 'Object Repository/mobileSanity/HBI/census/input_Location_zip-input'&#xD;
&#xD;
2019-08-05 15:23:12 - [MESSAGE][PASSED] - Text '35215' is set on object 'Object Repository/mobileSanity/HBI/census/input_Location_zip-input'&#xD;
&#xD;
2019-08-05 15:23:12 - [TEST_STEP][PASSED] - Thread.sleep(500): null&#xD;
&#xD;
2019-08-05 15:23:12 - [TEST_STEP][PASSED] - setText(findTestObject("mobileSanity/HBI/census/input_Date of Birth_dob-0"), "12121980"): Text '12121980' is set on object 'Object Repository/mobileSanity/HBI/census/input_Date of Birth_dob-0'&#xD;
&#xD;
2019-08-05 15:23:13 - [MESSAGE][PASSED] - Text '12121980' is set on object 'Object Repository/mobileSanity/HBI/census/input_Date of Birth_dob-0'&#xD;
&#xD;
2019-08-05 15:23:13 - [TEST_STEP][PASSED] - click(findTestObject("mobileSanity/HBI/census/label_Male")): Object: 'Object Repository/mobileSanity/HBI/census/label_Male' is clicked on&#xD;
&#xD;
2019-08-05 15:23:13 - [MESSAGE][PASSED] - Object: 'Object Repository/mobileSanity/HBI/census/label_Male' is clicked on&#xD;
&#xD;
2019-08-05 15:23:13 - [TEST_STEP][PASSED] - click(findTestObject("mobileSanity/HBI/census/label_Get a Quote")): Object: 'Object Repository/mobileSanity/HBI/census/label_Get a Quote' is clicked on&#xD;
&#xD;
2019-08-05 15:23:13 - [MESSAGE][PASSED] - Object: 'Object Repository/mobileSanity/HBI/census/label_Get a Quote' is clicked on&#xD;
&#xD;
2019-08-05 15:23:13 - [TEST_STEP][PASSED] - waitForPageLoad(20): Wait for page load successfully&#xD;
&#xD;
2019-08-05 15:23:13 - [MESSAGE][PASSED] - Wait for page load successfully&#xD;
&#xD;
2019-08-05 15:23:13 - [TEST_STEP][PASSED] - callTestCase(findTestCase("mobileWeb/_include/get_screenshot"), [:], STOP_ON_FAILURE): Call Test Case 'Test Cases/mobileWeb/_include/get_screenshot' successfully&#xD;
&#xD;
2019-08-05 15:23:13 - [TEST_CASE][PASSED] - Test Cases/mobileWeb/_include/get_screenshot: Test Cases/mobileWeb/_include/get_screenshot&#xD;
&#xD;
2019-08-05 15:23:13 - [TEST_STEP][PASSED] - takeScreenshot(screenPath + i + ".png"): Taking screenshot successfully&#xD;
&#xD;
2019-08-05 15:23:17 - [MESSAGE][PASSED] - Taking screenshot successfully&#xD;
[[ATTACHMENT|D:\\Test\\AgileTest\\AgileTest\\Reports\\mobileWeb\\hbi\\20190805_152013\\../Screenshots/iPhone X/hbi/Cardinal Choice/20190805_152256/2.png]]&#xD;
&#xD;
2019-08-05 15:23:17 - [TEST_STEP][PASSED] - (internal.GlobalVariable.i++): null&#xD;
&#xD;
2019-08-05 15:23:17 - [MESSAGE][PASSED] - Call Test Case 'Test Cases/mobileWeb/_include/get_screenshot' successfully&#xD;
&#xD;
2019-08-05 15:23:17 - [MESSAGE][PASSED] - Call Test Case 'Test Cases/mobileWeb/_include/census_hbi' successfully&#xD;
&#xD;
2019-08-05 15:23:17 - [TEST_STEP][PASSED] - Thread.sleep(5000): null&#xD;
&#xD;
2019-08-05 15:23:22 - [TEST_STEP][PASSED] - scrollToPosition(200, 2300): Browser is scrolled to position x = 200, y = 2300&#xD;
&#xD;
2019-08-05 15:23:22 - [MESSAGE][PASSED] - Browser is scrolled to position x = 200, y = 2300&#xD;
&#xD;
2019-08-05 15:23:22 - [TEST_STEP][PASSED] - click(findTestObject("mobileSanity/HBI/quote/a_Cardinal Choice")): Object: 'Object Repository/mobileSanity/HBI/quote/a_Cardinal Choice' is clicked on&#xD;
&#xD;
2019-08-05 15:23:26 - [MESSAGE][PASSED] - Object: 'Object Repository/mobileSanity/HBI/quote/a_Cardinal Choice' is clicked on&#xD;
&#xD;
2019-08-05 15:23:26 - [TEST_STEP][PASSED] - waitForPageLoad(10): Wait for page load successfully&#xD;
&#xD;
2019-08-05 15:23:26 - [MESSAGE][PASSED] - Wait for page load successfully&#xD;
&#xD;
2019-08-05 15:23:26 - [TEST_STEP][PASSED] - callTestCase(findTestCase("mobileWeb/_include/get_screenshot"), [:], STOP_ON_FAILURE): Call Test Case 'Test Cases/mobileWeb/_include/get_screenshot' successfully&#xD;
&#xD;
2019-08-05 15:23:26 - [TEST_CASE][PASSED] - Test Cases/mobileWeb/_include/get_screenshot: Test Cases/mobileWeb/_include/get_screenshot&#xD;
&#xD;
2019-08-05 15:23:26 - [TEST_STEP][PASSED] - takeScreenshot(screenPath + i + ".png"): Taking screenshot successfully&#xD;
&#xD;
2019-08-05 15:23:27 - [MESSAGE][PASSED] - Taking screenshot successfully&#xD;
[[ATTACHMENT|D:\\Test\\AgileTest\\AgileTest\\Reports\\mobileWeb\\hbi\\20190805_152013\\../Screenshots/iPhone X/hbi/Cardinal Choice/20190805_152256/3.png]]&#xD;
&#xD;
2019-08-05 15:23:27 - [TEST_STEP][PASSED] - (internal.GlobalVariable.i++): null&#xD;
&#xD;
2019-08-05 15:23:27 - [MESSAGE][PASSED] - Call Test Case 'Test Cases/mobileWeb/_include/get_screenshot' successfully&#xD;
&#xD;
2019-08-05 15:23:27 - [TEST_STEP][PASSED] - click(findTestObject("mobileSanity/HBI/detail/a_Apply for This Plan")): Object: 'Object Repository/mobileSanity/HBI/detail/a_Apply for This Plan' is clicked on&#xD;
&#xD;
2019-08-05 15:23:28 - [MESSAGE][PASSED] - Object: 'Object Repository/mobileSanity/HBI/detail/a_Apply for This Plan' is clicked on&#xD;
&#xD;
2019-08-05 15:23:28 - [TEST_STEP][PASSED] - waitForPageLoad(10): Wait for page load successfully&#xD;
&#xD;
2019-08-05 15:23:30 - [MESSAGE][PASSED] - Wait for page load successfully&#xD;
&#xD;
2019-08-05 15:23:30 - [TEST_STEP][PASSED] - callTestCase(findTestCase("mobileWeb/_include/get_screenshot"), [:], STOP_ON_FAILURE): Call Test Case 'Test Cases/mobileWeb/_include/get_screenshot' successfully&#xD;
&#xD;
2019-08-05 15:23:30 - [TEST_CASE][PASSED] - Test Cases/mobileWeb/_include/get_screenshot: Test Cases/mobileWeb/_include/get_screenshot&#xD;
&#xD;
2019-08-05 15:23:30 - [TEST_STEP][PASSED] - takeScreenshot(screenPath + i + ".png"): Taking screenshot successfully&#xD;
&#xD;
2019-08-05 15:23:31 - [MESSAGE][PASSED] - Taking screenshot successfully&#xD;
[[ATTACHMENT|D:\\Test\\AgileTest\\AgileTest\\Reports\\mobileWeb\\hbi\\20190805_152013\\../Screenshots/iPhone X/hbi/Cardinal Choice/20190805_152256/4.png]]&#xD;
&#xD;
2019-08-05 15:23:31 - [TEST_STEP][PASSED] - (internal.GlobalVariable.i++): null&#xD;
&#xD;
2019-08-05 15:23:31 - [MESSAGE][PASSED] - Call Test Case 'Test Cases/mobileWeb/_include/get_screenshot' successfully&#xD;
&#xD;
2019-08-05 15:23:31 - [TEST_STEP][PASSED] - click(findTestObject("mobileSanity/HBI/Page_Apply/span_Start Secure Application")): Object: 'Object Repository/mobileSanity/HBI/Page_Apply/span_Start Secure Application' is clicked on&#xD;
&#xD;
2019-08-05 15:23:32 - [MESSAGE][PASSED] - Object: 'Object Repository/mobileSanity/HBI/Page_Apply/span_Start Secure Application' is clicked on&#xD;
&#xD;
2019-08-05 15:23:32 - [TEST_STEP][PASSED] - waitForPageLoad(10): Wait for page load successfully&#xD;
&#xD;
2019-08-05 15:23:32 - [MESSAGE][PASSED] - Wait for page load successfully&#xD;
&#xD;
2019-08-05 15:23:32 - [TEST_STEP][PASSED] - callTestCase(findTestCase("mobileWeb/_include/get_screenshot"), [:], STOP_ON_FAILURE): Call Test Case 'Test Cases/mobileWeb/_include/get_screenshot' successfully&#xD;
&#xD;
2019-08-05 15:23:33 - [TEST_CASE][PASSED] - Test Cases/mobileWeb/_include/get_screenshot: Test Cases/mobileWeb/_include/get_screenshot&#xD;
&#xD;
2019-08-05 15:23:33 - [TEST_STEP][PASSED] - takeScreenshot(screenPath + i + ".png"): Taking screenshot successfully&#xD;
&#xD;
2019-08-05 15:23:34 - [MESSAGE][PASSED] - Taking screenshot successfully&#xD;
[[ATTACHMENT|D:\\Test\\AgileTest\\AgileTest\\Reports\\mobileWeb\\hbi\\20190805_152013\\../Screenshots/iPhone X/hbi/Cardinal Choice/20190805_152256/5.png]]&#xD;
&#xD;
2019-08-05 15:23:34 - [TEST_STEP][PASSED] - (internal.GlobalVariable.i++): null&#xD;
&#xD;
2019-08-05 15:23:34 - [MESSAGE][PASSED] - Call Test Case 'Test Cases/mobileWeb/_include/get_screenshot' successfully&#xD;
&#xD;
2019-08-05 15:23:34 - [TEST_STEP][PASSED] - callTestCase(findTestCase("mobileWeb/_include/goToEnd_hbi"), ["carrier":"cardinalchoice"], CONTINUE_ON_FAILURE): Call Test Case 'Test Cases/mobileWeb/_include/goToEnd_hbi' successfully&#xD;
&#xD;
2019-08-05 15:23:34 - [TEST_CASE][PASSED] - Test Cases/mobileWeb/_include/goToEnd_hbi: Test Cases/mobileWeb/_include/goToEnd_hbi&#xD;
&#xD;
2019-08-05 15:23:34 - [TEST_STEP][PASSED] - if (state == "ca"): null&#xD;
&#xD;
2019-08-05 15:23:34 - [TEST_STEP][PASSED] - callTestCase(findTestCase("mobileWeb/_include/name"), [:], CONTINUE_ON_FAILURE): Call Test Case 'Test Cases/mobileWeb/_include/name' successfully&#xD;
&#xD;
2019-08-05 15:23:34 - [TEST_CASE][PASSED] - Test Cases/mobileWeb/_include/name: Test Cases/mobileWeb/_include/name&#xD;
&#xD;
2019-08-05 15:23:34 - [TEST_STEP][PASSED] - driver = getWebDriver(): null&#xD;
&#xD;
2019-08-05 15:23:34 - [TEST_STEP][PASSED] - selenium = new com.thoughtworks.selenium.webdriven.WebDriverBackedSelenium(driver, internal.GlobalVariable.ENV): null&#xD;
&#xD;
2019-08-05 15:23:34 - [TEST_STEP][PASSED] - FirstName = "Test-123": null&#xD;
&#xD;
2019-08-05 15:23:34 - [TEST_STEP][PASSED] - LastName = selenium.getEval("{var x="ABCDEFGHIJKLMNOPQRSTUVWXYZabcdefghijklmnopqrstuvwxyz"; var tmp="ZZ11-"; for (i=0;i&lt;8;i++) tmp+=x.charAt(Math.ceil(51*Math.random()));tmp;}"): null&#xD;
&#xD;
2019-08-05 15:23:34 - [TEST_STEP][PASSED] - Address = selenium.getEval("{var x="ABCDEFGHIJKLMNOPQRSTUVWXYZabcdefghijklmnopqrstuvwxyz"; var tmp=""; for (i=0;i&lt;8;i++) tmp+=x.charAt(Math.ceil(51*Math.random()));tmp;}"): null&#xD;
&#xD;
2019-08-05 15:23:34 - [TEST_STEP][PASSED] - City = selenium.getEval("{var x="ABCDEFGHIJKLMNOPQRSTUVWXYZabcdefghijklmnopqrstuvwxyz"; var tmp=""; for (i=0;i&lt;8;i++) tmp+=x.charAt(Math.ceil(51*Math.random()));tmp;}"): null&#xD;
&#xD;
2019-08-05 15:23:34 - [TEST_STEP][PASSED] - tel1 = selenium.getEval("{var x="123456789"; var tmp=""; for (i=0;i&lt;3;i++) tmp+=x.charAt(Math.ceil(8*Math.random()));tmp;}"): null&#xD;
&#xD;
2019-08-05 15:23:34 - [TEST_STEP][PASSED] - tel2 = selenium.getEval("{var x="123456789"; var tmp=""; for (i=0;i&lt;3;i++) tmp+=x.charAt(Math.ceil(8*Math.random()));tmp;}"): null&#xD;
&#xD;
2019-08-05 15:23:34 - [TEST_STEP][PASSED] - tel3 = selenium.getEval("{var x="123456789"; var tmp=""; for (i=0;i&lt;4;i++) tmp+=x.charAt(Math.ceil(8*Math.random()));tmp;}"): null&#xD;
&#xD;
2019-08-05 15:23:34 - [TEST_STEP][PASSED] - Tel = selenium.getExpression(tel1 + "-" + tel2 + "-" + tel3): null&#xD;
&#xD;
2019-08-05 15:23:34 - [TEST_STEP][PASSED] - AutoEmail = selenium.getEval("{var x="ABCDEFGHIJKLMNOPQRSTUVWXYZabcdefghijklmnopqrstuvwxyz"; var tmp="test."; for (i=0;i&lt;8;i++) tmp+=x.charAt(Math.ceil(51*Math.random()));tmp+="@suryani.cn";}"): null&#xD;
&#xD;
2019-08-05 15:23:34 - [TEST_STEP][PASSED] - FirstName = FirstName: null&#xD;
&#xD;
2019-08-05 15:23:34 - [TEST_STEP][PASSED] - LastName = LastName: null&#xD;
&#xD;
2019-08-05 15:23:34 - [TEST_STEP][PASSED] - Address = Address: null&#xD;
&#xD;
2019-08-05 15:23:34 - [TEST_STEP][PASSED] - City = City: null&#xD;
&#xD;
2019-08-05 15:23:34 - [TEST_STEP][PASSED] - Tel = Tel: null&#xD;
&#xD;
2019-08-05 15:23:34 - [TEST_STEP][PASSED] - AutoEmail = AutoEmail: null&#xD;
&#xD;
2019-08-05 15:23:34 - [TEST_STEP][PASSED] - println(FirstName): null&#xD;
&#xD;
2019-08-05 15:23:34 - [TEST_STEP][PASSED] - println(LastName): null&#xD;
&#xD;
2019-08-05 15:23:34 - [TEST_STEP][PASSED] - println(Address): null&#xD;
&#xD;
2019-08-05 15:23:34 - [TEST_STEP][PASSED] - println(City): null&#xD;
&#xD;
2019-08-05 15:23:34 - [TEST_STEP][PASSED] - println(Tel): null&#xD;
&#xD;
2019-08-05 15:23:34 - [TEST_STEP][PASSED] - println(AutoEmail): null&#xD;
&#xD;
2019-08-05 15:23:34 - [MESSAGE][PASSED] - Call Test Case 'Test Cases/mobileWeb/_include/name' successfully&#xD;
&#xD;
2019-08-05 15:23:34 - [TEST_STEP][PASSED] - setText(findTestObject("mobileSanity/HBI/Page_App Page 1/input__member-P-1-firstName"), FirstName): Text 'Test-123' is set on object 'Object Repository/mobileSanity/HBI/Page_App Page 1/input__member-P-1-firstName'&#xD;
&#xD;
2019-08-05 15:23:35 - [MESSAGE][PASSED] - Text 'Test-123' is set on object 'Object Repository/mobileSanity/HBI/Page_App Page 1/input__member-P-1-firstName'&#xD;
&#xD;
2019-08-05 15:23:35 - [TEST_STEP][PASSED] - setText(findTestObject("mobileSanity/HBI/Page_App Page 1/input__member-P-1-lastName"), LastName): Text 'ZZ11-fUsWrzVD' is set on object 'Object Repository/mobileSanity/HBI/Page_App Page 1/input__member-P-1-lastName'&#xD;
&#xD;
2019-08-05 15:23:35 - [MESSAGE][PASSED] - Text 'ZZ11-fUsWrzVD' is set on object 'Object Repository/mobileSanity/HBI/Page_App Page 1/input__member-P-1-lastName'&#xD;
&#xD;
2019-08-05 15:23:35 - [TEST_STEP][PASSED] - if (carrier == "agileone" || carrier == "agilesecure"): null&#xD;
&#xD;
2019-08-05 15:23:35 - [TEST_STEP][PASSED] - setText(findTestObject("mobileSanity/HBI/Page_App Page 1/input__address"), Address): Text 'hJetvoMj' is set on object 'Object Repository/mobileSanity/HBI/Page_App Page 1/input__address'&#xD;
&#xD;
2019-08-05 15:23:35 - [MESSAGE][PASSED] - Text 'hJetvoMj' is set on object 'Object Repository/mobileSanity/HBI/Page_App Page 1/input__address'&#xD;
&#xD;
2019-08-05 15:23:35 - [TEST_STEP][PASSED] - setText(findTestObject("mobileSanity/HBI/Page_App Page 1/input__city"), City): Text 'dyHlLiQB' is set on object 'Object Repository/mobileSanity/HBI/Page_App Page 1/input__city'&#xD;
&#xD;
2019-08-05 15:23:35 - [MESSAGE][PASSED] - Text 'dyHlLiQB' is set on object 'Object Repository/mobileSanity/HBI/Page_App Page 1/input__city'&#xD;
&#xD;
2019-08-05 15:23:35 - [TEST_STEP][PASSED] - setText(findTestObject("mobileSanity/HBI/Page_App Page 1/input__email"), AutoEmail): Text 'test.MuRYoaLD@suryani.cn' is set on object 'Object Repository/mobileSanity/HBI/Page_App Page 1/input__email'&#xD;
&#xD;
2019-08-05 15:23:36 - [MESSAGE][PASSED] - Text 'test.MuRYoaLD@suryani.cn' is set on object 'Object Repository/mobileSanity/HBI/Page_App Page 1/input__email'&#xD;
&#xD;
2019-08-05 15:23:36 - [TEST_STEP][PASSED] - setText(findTestObject("mobileSanity/HBI/Page_App Page 1/input_tel"), Tel): Text '899-489-4487' is set on object 'Object Repository/mobileSanity/HBI/Page_App Page 1/input_tel'&#xD;
&#xD;
2019-08-05 15:23:36 - [MESSAGE][PASSED] - Text '899-489-4487' is set on object 'Object Repository/mobileSanity/HBI/Page_App Page 1/input_tel'&#xD;
&#xD;
2019-08-05 15:23:36 - [TEST_STEP][PASSED] - click(findTestObject("mobileSanity/HBI/Page_App Page 1/a_Continue to Step 2 - Payment")): Object: 'Object Repository/mobileSanity/HBI/Page_App Page 1/a_Continue to Step 2 - Payment' is clicked on&#xD;
&#xD;
2019-08-05 15:23:36 - [MESSAGE][PASSED] - Object: 'Object Repository/mobileSanity/HBI/Page_App Page 1/a_Continue to Step 2 - Payment' is clicked on&#xD;
&#xD;
2019-08-05 15:23:36 - [TEST_STEP][PASSED] - waitForPageLoad(20): Wait for page load successfully&#xD;
&#xD;
2019-08-05 15:23:36 - [MESSAGE][PASSED] - Wait for page load successfully&#xD;
&#xD;
2019-08-05 15:23:36 - [TEST_STEP][PASSED] - Thread.sleep(2000): null&#xD;
&#xD;
2019-08-05 15:23:38 - [TEST_STEP][PASSED] - waitForElementVisible(findTestObject("mobileSanity/HBI/Page_App Page 2/input__credit-card-first"), 20): Object 'Object Repository/mobileSanity/HBI/Page_App Page 2/input__credit-card-first' is visible&#xD;
&#xD;
2019-08-05 15:23:38 - [MESSAGE][PASSED] - Object 'Object Repository/mobileSanity/HBI/Page_App Page 2/input__credit-card-first' is visible&#xD;
&#xD;
2019-08-05 15:23:38 - [TEST_STEP][PASSED] - callTestCase(findTestCase("mobileWeb/_include/get_screenshot"), [:], STOP_ON_FAILURE): Call Test Case 'Test Cases/mobileWeb/_include/get_screenshot' successfully&#xD;
&#xD;
2019-08-05 15:23:38 - [TEST_CASE][PASSED] - Test Cases/mobileWeb/_include/get_screenshot: Test Cases/mobileWeb/_include/get_screenshot&#xD;
&#xD;
2019-08-05 15:23:38 - [TEST_STEP][PASSED] - takeScreenshot(screenPath + i + ".png"): Taking screenshot successfully&#xD;
&#xD;
2019-08-05 15:23:39 - [MESSAGE][PASSED] - Taking screenshot successfully&#xD;
[[ATTACHMENT|D:\\Test\\AgileTest\\AgileTest\\Reports\\mobileWeb\\hbi\\20190805_152013\\../Screenshots/iPhone X/hbi/Cardinal Choice/20190805_152256/6.png]]&#xD;
&#xD;
2019-08-05 15:23:39 - [TEST_STEP][PASSED] - (internal.GlobalVariable.i++): null&#xD;
&#xD;
2019-08-05 15:23:39 - [MESSAGE][PASSED] - Call Test Case 'Test Cases/mobileWeb/_include/get_screenshot' successfully&#xD;
&#xD;
2019-08-05 15:23:39 - [TEST_STEP][PASSED] - setText(findTestObject("mobileSanity/HBI/Page_App Page 2/input__credit-card-first"), FirstName): Text 'Test-123' is set on object 'Object Repository/mobileSanity/HBI/Page_App Page 2/input__credit-card-first'&#xD;
&#xD;
2019-08-05 15:23:39 - [MESSAGE][PASSED] - Text 'Test-123' is set on object 'Object Repository/mobileSanity/HBI/Page_App Page 2/input__credit-card-first'&#xD;
&#xD;
2019-08-05 15:23:39 - [TEST_STEP][PASSED] - setText(findTestObject("mobileSanity/HBI/Page_App Page 2/input__credit-card-last"), LastName): Text 'ZZ11-fUsWrzVD' is set on object 'Object Repository/mobileSanity/HBI/Page_App Page 2/input__credit-card-last'&#xD;
&#xD;
2019-08-05 15:23:39 - [MESSAGE][PASSED] - Text 'ZZ11-fUsWrzVD' is set on object 'Object Repository/mobileSanity/HBI/Page_App Page 2/input__credit-card-last'&#xD;
&#xD;
2019-08-05 15:23:39 - [TEST_STEP][PASSED] - selectOptionByValue(findTestObject("mobileSanity/HBI/Page_App Page 2/select_MM010203040506070809101"), "12", true): All options with value '12' are selected in object 'Object Repository/mobileSanity/HBI/Page_App Page 2/select_MM010203040506070809101'  using regular expression&#xD;
&#xD;
2019-08-05 15:23:40 - [MESSAGE][PASSED] - All options with value '12' are selected in object 'Object Repository/mobileSanity/HBI/Page_App Page 2/select_MM010203040506070809101'  using regular expression&#xD;
&#xD;
2019-08-05 15:23:40 - [TEST_STEP][PASSED] - selectOptionByValue(findTestObject("mobileSanity/HBI/Page_App Page 2/select_YYYY2019202020212022202"), "2026", true): All options with value '2026' are selected in object 'Object Repository/mobileSanity/HBI/Page_App Page 2/select_YYYY2019202020212022202'  using regular expression&#xD;
&#xD;
2019-08-05 15:23:40 - [MESSAGE][PASSED] - All options with value '2026' are selected in object 'Object Repository/mobileSanity/HBI/Page_App Page 2/select_YYYY2019202020212022202'  using regular expression&#xD;
&#xD;
2019-08-05 15:23:40 - [TEST_STEP][PASSED] - setText(findTestObject("mobileSanity/HBI/Page_App Page 2/input__credit-card-number"), "4111111111111111"): Text '4111111111111111' is set on object 'Object Repository/mobileSanity/HBI/Page_App Page 2/input__credit-card-number'&#xD;
&#xD;
2019-08-05 15:23:40 - [MESSAGE][PASSED] - Text '4111111111111111' is set on object 'Object Repository/mobileSanity/HBI/Page_App Page 2/input__credit-card-number'&#xD;
&#xD;
2019-08-05 15:23:40 - [TEST_STEP][PASSED] - setText(findTestObject("mobileSanity/HBI/Page_App Page 2/input__cvv"), "123"): Text '123' is set on object 'Object Repository/mobileSanity/HBI/Page_App Page 2/input__cvv'&#xD;
&#xD;
2019-08-05 15:23:40 - [MESSAGE][PASSED] - Text '123' is set on object 'Object Repository/mobileSanity/HBI/Page_App Page 2/input__cvv'&#xD;
&#xD;
2019-08-05 15:23:40 - [TEST_STEP][PASSED] - click(findTestObject("mobileSanity/HBI/Page_App Page 2/label_My billing address is th")): Object: 'Object Repository/mobileSanity/HBI/Page_App Page 2/label_My billing address is th' is clicked on&#xD;
&#xD;
2019-08-05 15:23:41 - [MESSAGE][PASSED] - Object: 'Object Repository/mobileSanity/HBI/Page_App Page 2/label_My billing address is th' is clicked on&#xD;
&#xD;
2019-08-05 15:23:41 - [TEST_STEP][PASSED] - click(findTestObject("mobileSanity/HBI/Page_App Page 2/label_I Accept Authorization f")): Object: 'Object Repository/mobileSanity/HBI/Page_App Page 2/label_I Accept Authorization f' is clicked on&#xD;
&#xD;
2019-08-05 15:23:41 - [MESSAGE][PASSED] - Object: 'Object Repository/mobileSanity/HBI/Page_App Page 2/label_I Accept Authorization f' is clicked on&#xD;
&#xD;
2019-08-05 15:23:41 - [TEST_STEP][PASSED] - click(findTestObject("mobileSanity/HBI/Page_App Page 2/a_Continue to Step 3 - Review")): Object: 'Object Repository/mobileSanity/HBI/Page_App Page 2/a_Continue to Step 3 - Review' is clicked on&#xD;
&#xD;
2019-08-05 15:23:41 - [MESSAGE][PASSED] - Object: 'Object Repository/mobileSanity/HBI/Page_App Page 2/a_Continue to Step 3 - Review' is clicked on&#xD;
&#xD;
2019-08-05 15:23:41 - [TEST_STEP][PASSED] - waitForPageLoad(20): Wait for page load successfully&#xD;
&#xD;
2019-08-05 15:23:41 - [MESSAGE][PASSED] - Wait for page load successfully&#xD;
&#xD;
2019-08-05 15:23:41 - [TEST_STEP][PASSED] - Thread.sleep(2000): null&#xD;
&#xD;
2019-08-05 15:23:43 - [TEST_STEP][PASSED] - callTestCase(findTestCase("mobileWeb/_include/get_screenshot"), [:], STOP_ON_FAILURE): Call Test Case 'Test Cases/mobileWeb/_include/get_screenshot' successfully&#xD;
&#xD;
2019-08-05 15:23:43 - [TEST_CASE][PASSED] - Test Cases/mobileWeb/_include/get_screenshot: Test Cases/mobileWeb/_include/get_screenshot&#xD;
&#xD;
2019-08-05 15:23:43 - [TEST_STEP][PASSED] - takeScreenshot(screenPath + i + ".png"): Taking screenshot successfully&#xD;
&#xD;
2019-08-05 15:23:47 - [MESSAGE][PASSED] - Taking screenshot successfully&#xD;
[[ATTACHMENT|D:\\Test\\AgileTest\\AgileTest\\Reports\\mobileWeb\\hbi\\20190805_152013\\../Screenshots/iPhone X/hbi/Cardinal Choice/20190805_152256/7.png]]&#xD;
&#xD;
2019-08-05 15:23:47 - [TEST_STEP][PASSED] - (internal.GlobalVariable.i++): null&#xD;
&#xD;
2019-08-05 15:23:47 - [MESSAGE][PASSED] - Call Test Case 'Test Cases/mobileWeb/_include/get_screenshot' successfully&#xD;
&#xD;
2019-08-05 15:23:47 - [TEST_STEP][PASSED] - if (test.MobileKeywords.isElementPresent_Web(findTestObject("mobileSanity/HBI/Page_App Page 2/a_No Thanks"), 10)): test.MobileKeywords.isElementPresent_Web is PASSED&#xD;
&#xD;
2019-08-05 15:24:09 - [MESSAGE][INFO] - Unable to find the element located by 'By.xpath: //a[@type = 'submit' and (text() = 'No Thanks' or . = 'No Thanks')]'. Please recheck the objects properties to make sure the desired element is located. &#xD;
&#xD;
2019-08-05 15:24:09 - [MESSAGE][PASSED] - test.MobileKeywords.isElementPresent_Web is PASSED&#xD;
&#xD;
2019-08-05 15:24:09 - [TEST_STEP][PASSED] - click(findTestObject("mobileSanity/HBI/Page_App Page 3/label")): Object: 'Object Repository/mobileSanity/HBI/Page_App Page 3/label' is clicked on&#xD;
&#xD;
2019-08-05 15:24:09 - [MESSAGE][PASSED] - Object: 'Object Repository/mobileSanity/HBI/Page_App Page 3/label' is clicked on&#xD;
&#xD;
2019-08-05 15:24:09 - [TEST_STEP][PASSED] - click(findTestObject("mobileSanity/HBI/Page_App Page 3/p_CLICK TO SIGN")): Object: 'Object Repository/mobileSanity/HBI/Page_App Page 3/p_CLICK TO SIGN' is clicked on&#xD;
&#xD;
2019-08-05 15:24:09 - [MESSAGE][PASSED] - Object: 'Object Repository/mobileSanity/HBI/Page_App Page 3/p_CLICK TO SIGN' is clicked on&#xD;
&#xD;
2019-08-05 15:24:09 - [TEST_STEP][PASSED] - click(findTestObject("mobileSanity/HBI/Page_App Page 3/a_Submit Your Application")): Object: 'Object Repository/mobileSanity/HBI/Page_App Page 3/a_Submit Your Application' is clicked on&#xD;
&#xD;
2019-08-05 15:24:09 - [MESSAGE][PASSED] - Object: 'Object Repository/mobileSanity/HBI/Page_App Page 3/a_Submit Your Application' is clicked on&#xD;
&#xD;
2019-08-05 15:24:09 - [TEST_STEP][PASSED] - Thread.sleep(30000): null&#xD;
&#xD;
2019-08-05 15:24:39 - [TEST_STEP][PASSED] - callTestCase(findTestCase("mobileWeb/_include/get_screenshot"), [:], STOP_ON_FAILURE): Call Test Case 'Test Cases/mobileWeb/_include/get_screenshot' successfully&#xD;
&#xD;
2019-08-05 15:24:39 - [TEST_CASE][PASSED] - Test Cases/mobileWeb/_include/get_screenshot: Test Cases/mobileWeb/_include/get_screenshot&#xD;
&#xD;
2019-08-05 15:24:39 - [TEST_STEP][PASSED] - takeScreenshot(screenPath + i + ".png"): Taking screenshot successfully&#xD;
&#xD;
2019-08-05 15:24:40 - [MESSAGE][PASSED] - Taking screenshot successfully&#xD;
[[ATTACHMENT|D:\\Test\\AgileTest\\AgileTest\\Reports\\mobileWeb\\hbi\\20190805_152013\\../Screenshots/iPhone X/hbi/Cardinal Choice/20190805_152256/8.png]]&#xD;
&#xD;
2019-08-05 15:24:40 - [TEST_STEP][PASSED] - (internal.GlobalVariable.i++): null&#xD;
&#xD;
2019-08-05 15:24:40 - [MESSAGE][PASSED] - Call Test Case 'Test Cases/mobileWeb/_include/get_screenshot' successfully&#xD;
&#xD;
2019-08-05 15:24:40 - [TEST_STEP][PASSED] - verifyTextPresent("Congratulations", false): Text 'Congratulations' is present on page &#xD;
&#xD;
2019-08-05 15:24:40 - [MESSAGE][PASSED] - Text 'Congratulations' is present on page &#xD;
&#xD;
2019-08-05 15:24:40 - [MESSAGE][PASSED] - Call Test Case 'Test Cases/mobileWeb/_include/goToEnd_hbi' successfully</system-out>
            <system-err></system-err>
        </testcase>
        <testcase name="Test Cases/mobileWeb/HBI/Core Shield" classname="Test Cases/mobileWeb/HBI/Core Shield" status="PASSED">
            <system-out>2019-08-05 15:24:40 - [TEST_CASE][PASSED] - Test Cases/mobileWeb/HBI/Core Shield: Test Cases/mobileWeb/HBI/Core Shield&#xD;
&#xD;
2019-08-05 15:24:41 - [TEST_STEP][PASSED] - callTestCase(findTestCase("mobileWeb/_include/get_screenPath"), ["productLine":"hbi", "carrierName":"Core Shield"], CONTINUE_ON_FAILURE): Call Test Case 'Test Cases/mobileWeb/_include/get_screenPath' successfully&#xD;
&#xD;
2019-08-05 15:24:41 - [TEST_CASE][PASSED] - Test Cases/mobileWeb/_include/get_screenPath: Test Cases/mobileWeb/_include/get_screenPath&#xD;
&#xD;
2019-08-05 15:24:41 - [TEST_STEP][PASSED] - m = getExecutionProperties(): null&#xD;
&#xD;
2019-08-05 15:24:41 - [TEST_STEP][PASSED] - deviceName = get("mobileEmulation").get("deviceName"): null&#xD;
&#xD;
2019-08-05 15:24:41 - [TEST_STEP][PASSED] - println(deviceName): null&#xD;
&#xD;
2019-08-05 15:24:41 - [TEST_STEP][PASSED] - now = new java.util.Date(): null&#xD;
&#xD;
2019-08-05 15:24:41 - [TEST_STEP][PASSED] - mydate = now.format("yyyyMMdd_HHmmss"): null&#xD;
&#xD;
2019-08-05 15:24:41 - [TEST_STEP][PASSED] - screenPath = "../Screenshots/": null&#xD;
&#xD;
2019-08-05 15:24:41 - [TEST_STEP][PASSED] - screenPath = screenPath + deviceName + "/" + productLine + "/" + carrierName + "/" + mydate + "/": null&#xD;
&#xD;
2019-08-05 15:24:41 - [TEST_STEP][PASSED] - println(screenPath): null&#xD;
&#xD;
2019-08-05 15:24:41 - [MESSAGE][PASSED] - Call Test Case 'Test Cases/mobileWeb/_include/get_screenPath' successfully&#xD;
&#xD;
2019-08-05 15:24:41 - [TEST_STEP][PASSED] - i = 0: null&#xD;
&#xD;
2019-08-05 15:24:41 - [TEST_STEP][PASSED] - callTestCase(findTestCase("mobileWeb/_include/openWebSite"), [:], CONTINUE_ON_FAILURE): Call Test Case 'Test Cases/mobileWeb/_include/openWebSite' successfully&#xD;
&#xD;
2019-08-05 15:24:41 - [TEST_CASE][PASSED] - Test Cases/mobileWeb/_include/openWebSite: Test Cases/mobileWeb/_include/openWebSite&#xD;
&#xD;
2019-08-05 15:24:41 - [TEST_STEP][PASSED] - openBrowser(env): Browser is opened with url: 'https://praetemptatus.agilehealthinsurance.com'&#xD;
&#xD;
2019-08-05 15:24:41 - [MESSAGE][WARNING] - A browser is already opened. Closing browser and opening a new one&#xD;
&#xD;
2019-08-05 15:24:41 - [MESSAGE][INFO] - Starting 'Chrome' driver&#xD;
&#xD;
2019-08-05 15:24:41 - [MESSAGE][INFO] - User set preference: ['mobileEmulation', '{deviceName=iPhone X}']&#xD;
&#xD;
2019-08-05 15:24:41 - [MESSAGE][INFO] - User set preference: ['args', '[--incognito, --aggressive-cache-discard, --no-sandbox, --window-size=375,812]']&#xD;
&#xD;
2019-08-05 15:24:48 - [MESSAGE][PASSED] - Browser is opened with url: 'https://praetemptatus.agilehealthinsurance.com'&#xD;
&#xD;
2019-08-05 15:24:48 - [TEST_STEP][PASSED] - waitForPageLoad(20): Wait for page load successfully&#xD;
&#xD;
2019-08-05 15:24:48 - [MESSAGE][PASSED] - Wait for page load successfully&#xD;
&#xD;
2019-08-05 15:24:48 - [TEST_STEP][PASSED] - callTestCase(findTestCase("mobileWeb/_include/get_screenshot"), [:], STOP_ON_FAILURE): Call Test Case 'Test Cases/mobileWeb/_include/get_screenshot' successfully&#xD;
&#xD;
2019-08-05 15:24:49 - [TEST_CASE][PASSED] - Test Cases/mobileWeb/_include/get_screenshot: Test Cases/mobileWeb/_include/get_screenshot&#xD;
&#xD;
2019-08-05 15:24:49 - [TEST_STEP][PASSED] - takeScreenshot(screenPath + i + ".png"): Taking screenshot successfully&#xD;
&#xD;
2019-08-05 15:24:51 - [MESSAGE][PASSED] - Taking screenshot successfully&#xD;
[[ATTACHMENT|D:\\Test\\AgileTest\\AgileTest\\Reports\\mobileWeb\\hbi\\20190805_152013\\../Screenshots/iPhone X/hbi/Core Shield/20190805_152441/0.png]]&#xD;
&#xD;
2019-08-05 15:24:51 - [TEST_STEP][PASSED] - (internal.GlobalVariable.i++): null&#xD;
&#xD;
2019-08-05 15:24:51 - [MESSAGE][PASSED] - Call Test Case 'Test Cases/mobileWeb/_include/get_screenshot' successfully&#xD;
&#xD;
2019-08-05 15:24:51 - [MESSAGE][PASSED] - Call Test Case 'Test Cases/mobileWeb/_include/openWebSite' successfully&#xD;
&#xD;
2019-08-05 15:24:51 - [TEST_STEP][PASSED] - callTestCase(findTestCase("mobileWeb/_include/census_hbi"), [:], CONTINUE_ON_FAILURE): Call Test Case 'Test Cases/mobileWeb/_include/census_hbi' successfully&#xD;
&#xD;
2019-08-05 15:24:51 - [TEST_CASE][PASSED] - Test Cases/mobileWeb/_include/census_hbi: Test Cases/mobileWeb/_include/census_hbi&#xD;
&#xD;
2019-08-05 15:24:51 - [TEST_STEP][PASSED] - click(findTestObject("mobileSanity/Common/side_nav/menu")): Object: 'Object Repository/mobileSanity/Common/side_nav/menu' is clicked on&#xD;
&#xD;
2019-08-05 15:24:51 - [MESSAGE][PASSED] - Object: 'Object Repository/mobileSanity/Common/side_nav/menu' is clicked on&#xD;
&#xD;
2019-08-05 15:24:51 - [TEST_STEP][PASSED] - Thread.sleep(3000): null&#xD;
&#xD;
2019-08-05 15:24:54 - [TEST_STEP][PASSED] - click(findTestObject("mobileSanity/Common/side_nav/nav_hbi")): Object: 'Object Repository/mobileSanity/Common/side_nav/nav_hbi' is clicked on&#xD;
&#xD;
2019-08-05 15:24:57 - [MESSAGE][PASSED] - Object: 'Object Repository/mobileSanity/Common/side_nav/nav_hbi' is clicked on&#xD;
&#xD;
2019-08-05 15:24:57 - [TEST_STEP][PASSED] - waitForPageLoad(10): Wait for page load successfully&#xD;
&#xD;
2019-08-05 15:24:57 - [MESSAGE][PASSED] - Wait for page load successfully&#xD;
&#xD;
2019-08-05 15:24:57 - [TEST_STEP][PASSED] - callTestCase(findTestCase("mobileWeb/_include/get_screenshot"), [:], STOP_ON_FAILURE): Call Test Case 'Test Cases/mobileWeb/_include/get_screenshot' successfully&#xD;
&#xD;
2019-08-05 15:24:57 - [TEST_CASE][PASSED] - Test Cases/mobileWeb/_include/get_screenshot: Test Cases/mobileWeb/_include/get_screenshot&#xD;
&#xD;
2019-08-05 15:24:57 - [TEST_STEP][PASSED] - takeScreenshot(screenPath + i + ".png"): Taking screenshot successfully&#xD;
&#xD;
2019-08-05 15:24:58 - [MESSAGE][PASSED] - Taking screenshot successfully&#xD;
[[ATTACHMENT|D:\\Test\\AgileTest\\AgileTest\\Reports\\mobileWeb\\hbi\\20190805_152013\\../Screenshots/iPhone X/hbi/Core Shield/20190805_152441/1.png]]&#xD;
&#xD;
2019-08-05 15:24:58 - [TEST_STEP][PASSED] - (internal.GlobalVariable.i++): null&#xD;
&#xD;
2019-08-05 15:24:58 - [MESSAGE][PASSED] - Call Test Case 'Test Cases/mobileWeb/_include/get_screenshot' successfully&#xD;
&#xD;
2019-08-05 15:24:58 - [TEST_STEP][PASSED] - setText(findTestObject("mobileSanity/HBI/census/input_Location_zip-input"), zipcode): Text '35215' is set on object 'Object Repository/mobileSanity/HBI/census/input_Location_zip-input'&#xD;
&#xD;
2019-08-05 15:24:58 - [MESSAGE][PASSED] - Text '35215' is set on object 'Object Repository/mobileSanity/HBI/census/input_Location_zip-input'&#xD;
&#xD;
2019-08-05 15:24:58 - [TEST_STEP][PASSED] - Thread.sleep(500): null&#xD;
&#xD;
2019-08-05 15:24:59 - [TEST_STEP][PASSED] - setText(findTestObject("mobileSanity/HBI/census/input_Date of Birth_dob-0"), "12121980"): Text '12121980' is set on object 'Object Repository/mobileSanity/HBI/census/input_Date of Birth_dob-0'&#xD;
&#xD;
2019-08-05 15:24:59 - [MESSAGE][PASSED] - Text '12121980' is set on object 'Object Repository/mobileSanity/HBI/census/input_Date of Birth_dob-0'&#xD;
&#xD;
2019-08-05 15:24:59 - [TEST_STEP][PASSED] - click(findTestObject("mobileSanity/HBI/census/label_Male")): Object: 'Object Repository/mobileSanity/HBI/census/label_Male' is clicked on&#xD;
&#xD;
2019-08-05 15:24:59 - [MESSAGE][PASSED] - Object: 'Object Repository/mobileSanity/HBI/census/label_Male' is clicked on&#xD;
&#xD;
2019-08-05 15:24:59 - [TEST_STEP][PASSED] - click(findTestObject("mobileSanity/HBI/census/label_Get a Quote")): Object: 'Object Repository/mobileSanity/HBI/census/label_Get a Quote' is clicked on&#xD;
&#xD;
2019-08-05 15:24:59 - [MESSAGE][PASSED] - Object: 'Object Repository/mobileSanity/HBI/census/label_Get a Quote' is clicked on&#xD;
&#xD;
2019-08-05 15:24:59 - [TEST_STEP][PASSED] - waitForPageLoad(20): Wait for page load successfully&#xD;
&#xD;
2019-08-05 15:24:59 - [MESSAGE][PASSED] - Wait for page load successfully&#xD;
&#xD;
2019-08-05 15:24:59 - [TEST_STEP][PASSED] - callTestCase(findTestCase("mobileWeb/_include/get_screenshot"), [:], STOP_ON_FAILURE): Call Test Case 'Test Cases/mobileWeb/_include/get_screenshot' successfully&#xD;
&#xD;
2019-08-05 15:24:59 - [TEST_CASE][PASSED] - Test Cases/mobileWeb/_include/get_screenshot: Test Cases/mobileWeb/_include/get_screenshot&#xD;
&#xD;
2019-08-05 15:24:59 - [TEST_STEP][PASSED] - takeScreenshot(screenPath + i + ".png"): Taking screenshot successfully&#xD;
&#xD;
2019-08-05 15:25:04 - [MESSAGE][PASSED] - Taking screenshot successfully&#xD;
[[ATTACHMENT|D:\\Test\\AgileTest\\AgileTest\\Reports\\mobileWeb\\hbi\\20190805_152013\\../Screenshots/iPhone X/hbi/Core Shield/20190805_152441/2.png]]&#xD;
&#xD;
2019-08-05 15:25:04 - [TEST_STEP][PASSED] - (internal.GlobalVariable.i++): null&#xD;
&#xD;
2019-08-05 15:25:04 - [MESSAGE][PASSED] - Call Test Case 'Test Cases/mobileWeb/_include/get_screenshot' successfully&#xD;
&#xD;
2019-08-05 15:25:04 - [MESSAGE][PASSED] - Call Test Case 'Test Cases/mobileWeb/_include/census_hbi' successfully&#xD;
&#xD;
2019-08-05 15:25:04 - [TEST_STEP][PASSED] - Thread.sleep(5000): null&#xD;
&#xD;
2019-08-05 15:25:09 - [TEST_STEP][PASSED] - scrollToPosition(200, 2300): Browser is scrolled to position x = 200, y = 2300&#xD;
&#xD;
2019-08-05 15:25:09 - [MESSAGE][PASSED] - Browser is scrolled to position x = 200, y = 2300&#xD;
&#xD;
2019-08-05 15:25:09 - [TEST_STEP][PASSED] - click(findTestObject("mobileSanity/HBI/quote/a_Core Shield")): Object: 'Object Repository/mobileSanity/HBI/quote/a_Core Shield' is clicked on&#xD;
&#xD;
2019-08-05 15:25:13 - [MESSAGE][PASSED] - Object: 'Object Repository/mobileSanity/HBI/quote/a_Core Shield' is clicked on&#xD;
&#xD;
2019-08-05 15:25:13 - [TEST_STEP][PASSED] - waitForPageLoad(10): Wait for page load successfully&#xD;
&#xD;
2019-08-05 15:25:13 - [MESSAGE][PASSED] - Wait for page load successfully&#xD;
&#xD;
2019-08-05 15:25:13 - [TEST_STEP][PASSED] - callTestCase(findTestCase("mobileWeb/_include/get_screenshot"), [:], STOP_ON_FAILURE): Call Test Case 'Test Cases/mobileWeb/_include/get_screenshot' successfully&#xD;
&#xD;
2019-08-05 15:25:13 - [TEST_CASE][PASSED] - Test Cases/mobileWeb/_include/get_screenshot: Test Cases/mobileWeb/_include/get_screenshot&#xD;
&#xD;
2019-08-05 15:25:13 - [TEST_STEP][PASSED] - takeScreenshot(screenPath + i + ".png"): Taking screenshot successfully&#xD;
&#xD;
2019-08-05 15:25:14 - [MESSAGE][PASSED] - Taking screenshot successfully&#xD;
[[ATTACHMENT|D:\\Test\\AgileTest\\AgileTest\\Reports\\mobileWeb\\hbi\\20190805_152013\\../Screenshots/iPhone X/hbi/Core Shield/20190805_152441/3.png]]&#xD;
&#xD;
2019-08-05 15:25:14 - [TEST_STEP][PASSED] - (internal.GlobalVariable.i++): null&#xD;
&#xD;
2019-08-05 15:25:14 - [MESSAGE][PASSED] - Call Test Case 'Test Cases/mobileWeb/_include/get_screenshot' successfully&#xD;
&#xD;
2019-08-05 15:25:14 - [TEST_STEP][PASSED] - click(findTestObject("mobileSanity/HBI/detail/a_Apply for This Plan")): Object: 'Object Repository/mobileSanity/HBI/detail/a_Apply for This Plan' is clicked on&#xD;
&#xD;
2019-08-05 15:25:15 - [MESSAGE][PASSED] - Object: 'Object Repository/mobileSanity/HBI/detail/a_Apply for This Plan' is clicked on&#xD;
&#xD;
2019-08-05 15:25:15 - [TEST_STEP][PASSED] - waitForPageLoad(10): Wait for page load successfully&#xD;
&#xD;
2019-08-05 15:25:15 - [MESSAGE][PASSED] - Wait for page load successfully&#xD;
&#xD;
2019-08-05 15:25:15 - [TEST_STEP][PASSED] - callTestCase(findTestCase("mobileWeb/_include/get_screenshot"), [:], STOP_ON_FAILURE): Call Test Case 'Test Cases/mobileWeb/_include/get_screenshot' successfully&#xD;
&#xD;
2019-08-05 15:25:15 - [TEST_CASE][PASSED] - Test Cases/mobileWeb/_include/get_screenshot: Test Cases/mobileWeb/_include/get_screenshot&#xD;
&#xD;
2019-08-05 15:25:15 - [TEST_STEP][PASSED] - takeScreenshot(screenPath + i + ".png"): Taking screenshot successfully&#xD;
&#xD;
2019-08-05 15:25:17 - [MESSAGE][PASSED] - Taking screenshot successfully&#xD;
[[ATTACHMENT|D:\\Test\\AgileTest\\AgileTest\\Reports\\mobileWeb\\hbi\\20190805_152013\\../Screenshots/iPhone X/hbi/Core Shield/20190805_152441/4.png]]&#xD;
&#xD;
2019-08-05 15:25:17 - [TEST_STEP][PASSED] - (internal.GlobalVariable.i++): null&#xD;
&#xD;
2019-08-05 15:25:17 - [MESSAGE][PASSED] - Call Test Case 'Test Cases/mobileWeb/_include/get_screenshot' successfully&#xD;
&#xD;
2019-08-05 15:25:17 - [TEST_STEP][PASSED] - click(findTestObject("mobileSanity/HBI/Page_Apply/span_Start Secure Application")): Object: 'Object Repository/mobileSanity/HBI/Page_Apply/span_Start Secure Application' is clicked on&#xD;
&#xD;
2019-08-05 15:25:18 - [MESSAGE][PASSED] - Object: 'Object Repository/mobileSanity/HBI/Page_Apply/span_Start Secure Application' is clicked on&#xD;
&#xD;
2019-08-05 15:25:18 - [TEST_STEP][PASSED] - waitForPageLoad(10): Wait for page load successfully&#xD;
&#xD;
2019-08-05 15:25:19 - [MESSAGE][PASSED] - Wait for page load successfully&#xD;
&#xD;
2019-08-05 15:25:19 - [TEST_STEP][PASSED] - callTestCase(findTestCase("mobileWeb/_include/get_screenshot"), [:], STOP_ON_FAILURE): Call Test Case 'Test Cases/mobileWeb/_include/get_screenshot' successfully&#xD;
&#xD;
2019-08-05 15:25:20 - [TEST_CASE][PASSED] - Test Cases/mobileWeb/_include/get_screenshot: Test Cases/mobileWeb/_include/get_screenshot&#xD;
&#xD;
2019-08-05 15:25:20 - [TEST_STEP][PASSED] - takeScreenshot(screenPath + i + ".png"): Taking screenshot successfully&#xD;
&#xD;
2019-08-05 15:25:20 - [MESSAGE][PASSED] - Taking screenshot successfully&#xD;
[[ATTACHMENT|D:\\Test\\AgileTest\\AgileTest\\Reports\\mobileWeb\\hbi\\20190805_152013\\../Screenshots/iPhone X/hbi/Core Shield/20190805_152441/5.png]]&#xD;
&#xD;
2019-08-05 15:25:20 - [TEST_STEP][PASSED] - (internal.GlobalVariable.i++): null&#xD;
&#xD;
2019-08-05 15:25:20 - [MESSAGE][PASSED] - Call Test Case 'Test Cases/mobileWeb/_include/get_screenshot' successfully&#xD;
&#xD;
2019-08-05 15:25:20 - [TEST_STEP][PASSED] - callTestCase(findTestCase("mobileWeb/_include/goToEnd_hbi"), ["carrier":"coreshield"], CONTINUE_ON_FAILURE): Call Test Case 'Test Cases/mobileWeb/_include/goToEnd_hbi' successfully&#xD;
&#xD;
2019-08-05 15:25:20 - [TEST_CASE][PASSED] - Test Cases/mobileWeb/_include/goToEnd_hbi: Test Cases/mobileWeb/_include/goToEnd_hbi&#xD;
&#xD;
2019-08-05 15:25:20 - [TEST_STEP][PASSED] - if (state == "ca"): null&#xD;
&#xD;
2019-08-05 15:25:20 - [TEST_STEP][PASSED] - callTestCase(findTestCase("mobileWeb/_include/name"), [:], CONTINUE_ON_FAILURE): Call Test Case 'Test Cases/mobileWeb/_include/name' successfully&#xD;
&#xD;
2019-08-05 15:25:20 - [TEST_CASE][PASSED] - Test Cases/mobileWeb/_include/name: Test Cases/mobileWeb/_include/name&#xD;
&#xD;
2019-08-05 15:25:20 - [TEST_STEP][PASSED] - driver = getWebDriver(): null&#xD;
&#xD;
2019-08-05 15:25:20 - [TEST_STEP][PASSED] - selenium = new com.thoughtworks.selenium.webdriven.WebDriverBackedSelenium(driver, internal.GlobalVariable.ENV): null&#xD;
&#xD;
2019-08-05 15:25:20 - [TEST_STEP][PASSED] - FirstName = "Test-123": null&#xD;
&#xD;
2019-08-05 15:25:20 - [TEST_STEP][PASSED] - LastName = selenium.getEval("{var x="ABCDEFGHIJKLMNOPQRSTUVWXYZabcdefghijklmnopqrstuvwxyz"; var tmp="ZZ11-"; for (i=0;i&lt;8;i++) tmp+=x.charAt(Math.ceil(51*Math.random()));tmp;}"): null&#xD;
&#xD;
2019-08-05 15:25:20 - [TEST_STEP][PASSED] - Address = selenium.getEval("{var x="ABCDEFGHIJKLMNOPQRSTUVWXYZabcdefghijklmnopqrstuvwxyz"; var tmp=""; for (i=0;i&lt;8;i++) tmp+=x.charAt(Math.ceil(51*Math.random()));tmp;}"): null&#xD;
&#xD;
2019-08-05 15:25:21 - [TEST_STEP][PASSED] - City = selenium.getEval("{var x="ABCDEFGHIJKLMNOPQRSTUVWXYZabcdefghijklmnopqrstuvwxyz"; var tmp=""; for (i=0;i&lt;8;i++) tmp+=x.charAt(Math.ceil(51*Math.random()));tmp;}"): null&#xD;
&#xD;
2019-08-05 15:25:21 - [TEST_STEP][PASSED] - tel1 = selenium.getEval("{var x="123456789"; var tmp=""; for (i=0;i&lt;3;i++) tmp+=x.charAt(Math.ceil(8*Math.random()));tmp;}"): null&#xD;
&#xD;
2019-08-05 15:25:21 - [TEST_STEP][PASSED] - tel2 = selenium.getEval("{var x="123456789"; var tmp=""; for (i=0;i&lt;3;i++) tmp+=x.charAt(Math.ceil(8*Math.random()));tmp;}"): null&#xD;
&#xD;
2019-08-05 15:25:21 - [TEST_STEP][PASSED] - tel3 = selenium.getEval("{var x="123456789"; var tmp=""; for (i=0;i&lt;4;i++) tmp+=x.charAt(Math.ceil(8*Math.random()));tmp;}"): null&#xD;
&#xD;
2019-08-05 15:25:21 - [TEST_STEP][PASSED] - Tel = selenium.getExpression(tel1 + "-" + tel2 + "-" + tel3): null&#xD;
&#xD;
2019-08-05 15:25:21 - [TEST_STEP][PASSED] - AutoEmail = selenium.getEval("{var x="ABCDEFGHIJKLMNOPQRSTUVWXYZabcdefghijklmnopqrstuvwxyz"; var tmp="test."; for (i=0;i&lt;8;i++) tmp+=x.charAt(Math.ceil(51*Math.random()));tmp+="@suryani.cn";}"): null&#xD;
&#xD;
2019-08-05 15:25:21 - [TEST_STEP][PASSED] - FirstName = FirstName: null&#xD;
&#xD;
2019-08-05 15:25:21 - [TEST_STEP][PASSED] - LastName = LastName: null&#xD;
&#xD;
2019-08-05 15:25:21 - [TEST_STEP][PASSED] - Address = Address: null&#xD;
&#xD;
2019-08-05 15:25:21 - [TEST_STEP][PASSED] - City = City: null&#xD;
&#xD;
2019-08-05 15:25:21 - [TEST_STEP][PASSED] - Tel = Tel: null&#xD;
&#xD;
2019-08-05 15:25:21 - [TEST_STEP][PASSED] - AutoEmail = AutoEmail: null&#xD;
&#xD;
2019-08-05 15:25:21 - [TEST_STEP][PASSED] - println(FirstName): null&#xD;
&#xD;
2019-08-05 15:25:21 - [TEST_STEP][PASSED] - println(LastName): null&#xD;
&#xD;
2019-08-05 15:25:21 - [TEST_STEP][PASSED] - println(Address): null&#xD;
&#xD;
2019-08-05 15:25:21 - [TEST_STEP][PASSED] - println(City): null&#xD;
&#xD;
2019-08-05 15:25:21 - [TEST_STEP][PASSED] - println(Tel): null&#xD;
&#xD;
2019-08-05 15:25:21 - [TEST_STEP][PASSED] - println(AutoEmail): null&#xD;
&#xD;
2019-08-05 15:25:21 - [MESSAGE][PASSED] - Call Test Case 'Test Cases/mobileWeb/_include/name' successfully&#xD;
&#xD;
2019-08-05 15:25:21 - [TEST_STEP][PASSED] - setText(findTestObject("mobileSanity/HBI/Page_App Page 1/input__member-P-1-firstName"), FirstName): Text 'Test-123' is set on object 'Object Repository/mobileSanity/HBI/Page_App Page 1/input__member-P-1-firstName'&#xD;
&#xD;
2019-08-05 15:25:21 - [MESSAGE][PASSED] - Text 'Test-123' is set on object 'Object Repository/mobileSanity/HBI/Page_App Page 1/input__member-P-1-firstName'&#xD;
&#xD;
2019-08-05 15:25:21 - [TEST_STEP][PASSED] - setText(findTestObject("mobileSanity/HBI/Page_App Page 1/input__member-P-1-lastName"), LastName): Text 'ZZ11-CMQjgEyu' is set on object 'Object Repository/mobileSanity/HBI/Page_App Page 1/input__member-P-1-lastName'&#xD;
&#xD;
2019-08-05 15:25:22 - [MESSAGE][PASSED] - Text 'ZZ11-CMQjgEyu' is set on object 'Object Repository/mobileSanity/HBI/Page_App Page 1/input__member-P-1-lastName'&#xD;
&#xD;
2019-08-05 15:25:22 - [TEST_STEP][PASSED] - if (carrier == "agileone" || carrier == "agilesecure"): null&#xD;
&#xD;
2019-08-05 15:25:22 - [TEST_STEP][PASSED] - setText(findTestObject("mobileSanity/HBI/Page_App Page 1/input__address"), Address): Text 'UwEzhRqn' is set on object 'Object Repository/mobileSanity/HBI/Page_App Page 1/input__address'&#xD;
&#xD;
2019-08-05 15:25:22 - [MESSAGE][PASSED] - Text 'UwEzhRqn' is set on object 'Object Repository/mobileSanity/HBI/Page_App Page 1/input__address'&#xD;
&#xD;
2019-08-05 15:25:22 - [TEST_STEP][PASSED] - setText(findTestObject("mobileSanity/HBI/Page_App Page 1/input__city"), City): Text 'DxhtXhBP' is set on object 'Object Repository/mobileSanity/HBI/Page_App Page 1/input__city'&#xD;
&#xD;
2019-08-05 15:25:22 - [MESSAGE][PASSED] - Text 'DxhtXhBP' is set on object 'Object Repository/mobileSanity/HBI/Page_App Page 1/input__city'&#xD;
&#xD;
2019-08-05 15:25:22 - [TEST_STEP][PASSED] - setText(findTestObject("mobileSanity/HBI/Page_App Page 1/input__email"), AutoEmail): Text 'test.kufSkTyc@suryani.cn' is set on object 'Object Repository/mobileSanity/HBI/Page_App Page 1/input__email'&#xD;
&#xD;
2019-08-05 15:25:22 - [MESSAGE][PASSED] - Text 'test.kufSkTyc@suryani.cn' is set on object 'Object Repository/mobileSanity/HBI/Page_App Page 1/input__email'&#xD;
&#xD;
2019-08-05 15:25:22 - [TEST_STEP][PASSED] - setText(findTestObject("mobileSanity/HBI/Page_App Page 1/input_tel"), Tel): Text '348-467-2426' is set on object 'Object Repository/mobileSanity/HBI/Page_App Page 1/input_tel'&#xD;
&#xD;
2019-08-05 15:25:22 - [MESSAGE][PASSED] - Text '348-467-2426' is set on object 'Object Repository/mobileSanity/HBI/Page_App Page 1/input_tel'&#xD;
&#xD;
2019-08-05 15:25:22 - [TEST_STEP][PASSED] - click(findTestObject("mobileSanity/HBI/Page_App Page 1/a_Continue to Step 2 - Payment")): Object: 'Object Repository/mobileSanity/HBI/Page_App Page 1/a_Continue to Step 2 - Payment' is clicked on&#xD;
&#xD;
2019-08-05 15:25:23 - [MESSAGE][PASSED] - Object: 'Object Repository/mobileSanity/HBI/Page_App Page 1/a_Continue to Step 2 - Payment' is clicked on&#xD;
&#xD;
2019-08-05 15:25:23 - [TEST_STEP][PASSED] - waitForPageLoad(20): Wait for page load successfully&#xD;
&#xD;
2019-08-05 15:25:23 - [MESSAGE][PASSED] - Wait for page load successfully&#xD;
&#xD;
2019-08-05 15:25:23 - [TEST_STEP][PASSED] - Thread.sleep(2000): null&#xD;
&#xD;
2019-08-05 15:25:25 - [TEST_STEP][PASSED] - waitForElementVisible(findTestObject("mobileSanity/HBI/Page_App Page 2/input__credit-card-first"), 20): Object 'Object Repository/mobileSanity/HBI/Page_App Page 2/input__credit-card-first' is visible&#xD;
&#xD;
2019-08-05 15:25:25 - [MESSAGE][PASSED] - Object 'Object Repository/mobileSanity/HBI/Page_App Page 2/input__credit-card-first' is visible&#xD;
&#xD;
2019-08-05 15:25:25 - [TEST_STEP][PASSED] - callTestCase(findTestCase("mobileWeb/_include/get_screenshot"), [:], STOP_ON_FAILURE): Call Test Case 'Test Cases/mobileWeb/_include/get_screenshot' successfully&#xD;
&#xD;
2019-08-05 15:25:25 - [TEST_CASE][PASSED] - Test Cases/mobileWeb/_include/get_screenshot: Test Cases/mobileWeb/_include/get_screenshot&#xD;
&#xD;
2019-08-05 15:25:25 - [TEST_STEP][PASSED] - takeScreenshot(screenPath + i + ".png"): Taking screenshot successfully&#xD;
&#xD;
2019-08-05 15:25:26 - [MESSAGE][PASSED] - Taking screenshot successfully&#xD;
[[ATTACHMENT|D:\\Test\\AgileTest\\AgileTest\\Reports\\mobileWeb\\hbi\\20190805_152013\\../Screenshots/iPhone X/hbi/Core Shield/20190805_152441/6.png]]&#xD;
&#xD;
2019-08-05 15:25:26 - [TEST_STEP][PASSED] - (internal.GlobalVariable.i++): null&#xD;
&#xD;
2019-08-05 15:25:26 - [MESSAGE][PASSED] - Call Test Case 'Test Cases/mobileWeb/_include/get_screenshot' successfully&#xD;
&#xD;
2019-08-05 15:25:26 - [TEST_STEP][PASSED] - setText(findTestObject("mobileSanity/HBI/Page_App Page 2/input__credit-card-first"), FirstName): Text 'Test-123' is set on object 'Object Repository/mobileSanity/HBI/Page_App Page 2/input__credit-card-first'&#xD;
&#xD;
2019-08-05 15:25:26 - [MESSAGE][PASSED] - Text 'Test-123' is set on object 'Object Repository/mobileSanity/HBI/Page_App Page 2/input__credit-card-first'&#xD;
&#xD;
2019-08-05 15:25:26 - [TEST_STEP][PASSED] - setText(findTestObject("mobileSanity/HBI/Page_App Page 2/input__credit-card-last"), LastName): Text 'ZZ11-CMQjgEyu' is set on object 'Object Repository/mobileSanity/HBI/Page_App Page 2/input__credit-card-last'&#xD;
&#xD;
2019-08-05 15:25:26 - [MESSAGE][PASSED] - Text 'ZZ11-CMQjgEyu' is set on object 'Object Repository/mobileSanity/HBI/Page_App Page 2/input__credit-card-last'&#xD;
&#xD;
2019-08-05 15:25:26 - [TEST_STEP][PASSED] - selectOptionByValue(findTestObject("mobileSanity/HBI/Page_App Page 2/select_MM010203040506070809101"), "12", true): All options with value '12' are selected in object 'Object Repository/mobileSanity/HBI/Page_App Page 2/select_MM010203040506070809101'  using regular expression&#xD;
&#xD;
2019-08-05 15:25:26 - [MESSAGE][PASSED] - All options with value '12' are selected in object 'Object Repository/mobileSanity/HBI/Page_App Page 2/select_MM010203040506070809101'  using regular expression&#xD;
&#xD;
2019-08-05 15:25:26 - [TEST_STEP][PASSED] - selectOptionByValue(findTestObject("mobileSanity/HBI/Page_App Page 2/select_YYYY2019202020212022202"), "2026", true): All options with value '2026' are selected in object 'Object Repository/mobileSanity/HBI/Page_App Page 2/select_YYYY2019202020212022202'  using regular expression&#xD;
&#xD;
2019-08-05 15:25:27 - [MESSAGE][PASSED] - All options with value '2026' are selected in object 'Object Repository/mobileSanity/HBI/Page_App Page 2/select_YYYY2019202020212022202'  using regular expression&#xD;
&#xD;
2019-08-05 15:25:27 - [TEST_STEP][PASSED] - setText(findTestObject("mobileSanity/HBI/Page_App Page 2/input__credit-card-number"), "4111111111111111"): Text '4111111111111111' is set on object 'Object Repository/mobileSanity/HBI/Page_App Page 2/input__credit-card-number'&#xD;
&#xD;
2019-08-05 15:25:27 - [MESSAGE][PASSED] - Text '4111111111111111' is set on object 'Object Repository/mobileSanity/HBI/Page_App Page 2/input__credit-card-number'&#xD;
&#xD;
2019-08-05 15:25:27 - [TEST_STEP][PASSED] - setText(findTestObject("mobileSanity/HBI/Page_App Page 2/input__cvv"), "123"): Text '123' is set on object 'Object Repository/mobileSanity/HBI/Page_App Page 2/input__cvv'&#xD;
&#xD;
2019-08-05 15:25:27 - [MESSAGE][PASSED] - Text '123' is set on object 'Object Repository/mobileSanity/HBI/Page_App Page 2/input__cvv'&#xD;
&#xD;
2019-08-05 15:25:27 - [TEST_STEP][PASSED] - click(findTestObject("mobileSanity/HBI/Page_App Page 2/label_My billing address is th")): Object: 'Object Repository/mobileSanity/HBI/Page_App Page 2/label_My billing address is th' is clicked on&#xD;
&#xD;
2019-08-05 15:25:27 - [MESSAGE][PASSED] - Object: 'Object Repository/mobileSanity/HBI/Page_App Page 2/label_My billing address is th' is clicked on&#xD;
&#xD;
2019-08-05 15:25:27 - [TEST_STEP][PASSED] - click(findTestObject("mobileSanity/HBI/Page_App Page 2/label_I Accept Authorization f")): Object: 'Object Repository/mobileSanity/HBI/Page_App Page 2/label_I Accept Authorization f' is clicked on&#xD;
&#xD;
2019-08-05 15:25:27 - [MESSAGE][PASSED] - Object: 'Object Repository/mobileSanity/HBI/Page_App Page 2/label_I Accept Authorization f' is clicked on&#xD;
&#xD;
2019-08-05 15:25:27 - [TEST_STEP][PASSED] - click(findTestObject("mobileSanity/HBI/Page_App Page 2/a_Continue to Step 3 - Review")): Object: 'Object Repository/mobileSanity/HBI/Page_App Page 2/a_Continue to Step 3 - Review' is clicked on&#xD;
&#xD;
2019-08-05 15:25:27 - [MESSAGE][PASSED] - Object: 'Object Repository/mobileSanity/HBI/Page_App Page 2/a_Continue to Step 3 - Review' is clicked on&#xD;
&#xD;
2019-08-05 15:25:27 - [TEST_STEP][PASSED] - waitForPageLoad(20): Wait for page load successfully&#xD;
&#xD;
2019-08-05 15:25:28 - [MESSAGE][PASSED] - Wait for page load successfully&#xD;
&#xD;
2019-08-05 15:25:28 - [TEST_STEP][PASSED] - Thread.sleep(2000): null&#xD;
&#xD;
2019-08-05 15:25:30 - [TEST_STEP][PASSED] - callTestCase(findTestCase("mobileWeb/_include/get_screenshot"), [:], STOP_ON_FAILURE): Call Test Case 'Test Cases/mobileWeb/_include/get_screenshot' successfully&#xD;
&#xD;
2019-08-05 15:25:30 - [TEST_CASE][PASSED] - Test Cases/mobileWeb/_include/get_screenshot: Test Cases/mobileWeb/_include/get_screenshot&#xD;
&#xD;
2019-08-05 15:25:30 - [TEST_STEP][PASSED] - takeScreenshot(screenPath + i + ".png"): Taking screenshot successfully&#xD;
&#xD;
2019-08-05 15:25:33 - [MESSAGE][PASSED] - Taking screenshot successfully&#xD;
[[ATTACHMENT|D:\\Test\\AgileTest\\AgileTest\\Reports\\mobileWeb\\hbi\\20190805_152013\\../Screenshots/iPhone X/hbi/Core Shield/20190805_152441/7.png]]&#xD;
&#xD;
2019-08-05 15:25:33 - [TEST_STEP][PASSED] - (internal.GlobalVariable.i++): null&#xD;
&#xD;
2019-08-05 15:25:33 - [MESSAGE][PASSED] - Call Test Case 'Test Cases/mobileWeb/_include/get_screenshot' successfully&#xD;
&#xD;
2019-08-05 15:25:33 - [TEST_STEP][PASSED] - if (test.MobileKeywords.isElementPresent_Web(findTestObject("mobileSanity/HBI/Page_App Page 2/a_No Thanks"), 10)): test.MobileKeywords.isElementPresent_Web is PASSED&#xD;
&#xD;
2019-08-05 15:25:54 - [MESSAGE][INFO] - Unable to find the element located by 'By.xpath: //a[@type = 'submit' and (text() = 'No Thanks' or . = 'No Thanks')]'. Please recheck the objects properties to make sure the desired element is located. &#xD;
&#xD;
2019-08-05 15:25:54 - [MESSAGE][PASSED] - test.MobileKeywords.isElementPresent_Web is PASSED&#xD;
&#xD;
2019-08-05 15:25:54 - [TEST_STEP][PASSED] - click(findTestObject("mobileSanity/HBI/Page_App Page 3/label")): Object: 'Object Repository/mobileSanity/HBI/Page_App Page 3/label' is clicked on&#xD;
&#xD;
2019-08-05 15:25:54 - [MESSAGE][PASSED] - Object: 'Object Repository/mobileSanity/HBI/Page_App Page 3/label' is clicked on&#xD;
&#xD;
2019-08-05 15:25:54 - [TEST_STEP][PASSED] - click(findTestObject("mobileSanity/HBI/Page_App Page 3/p_CLICK TO SIGN")): Object: 'Object Repository/mobileSanity/HBI/Page_App Page 3/p_CLICK TO SIGN' is clicked on&#xD;
&#xD;
2019-08-05 15:25:54 - [MESSAGE][PASSED] - Object: 'Object Repository/mobileSanity/HBI/Page_App Page 3/p_CLICK TO SIGN' is clicked on&#xD;
&#xD;
2019-08-05 15:25:54 - [TEST_STEP][PASSED] - click(findTestObject("mobileSanity/HBI/Page_App Page 3/a_Submit Your Application")): Object: 'Object Repository/mobileSanity/HBI/Page_App Page 3/a_Submit Your Application' is clicked on&#xD;
&#xD;
2019-08-05 15:25:54 - [MESSAGE][PASSED] - Object: 'Object Repository/mobileSanity/HBI/Page_App Page 3/a_Submit Your Application' is clicked on&#xD;
&#xD;
2019-08-05 15:25:54 - [TEST_STEP][PASSED] - Thread.sleep(30000): null&#xD;
&#xD;
2019-08-05 15:26:24 - [TEST_STEP][PASSED] - callTestCase(findTestCase("mobileWeb/_include/get_screenshot"), [:], STOP_ON_FAILURE): Call Test Case 'Test Cases/mobileWeb/_include/get_screenshot' successfully&#xD;
&#xD;
2019-08-05 15:26:24 - [TEST_CASE][PASSED] - Test Cases/mobileWeb/_include/get_screenshot: Test Cases/mobileWeb/_include/get_screenshot&#xD;
&#xD;
2019-08-05 15:26:24 - [TEST_STEP][PASSED] - takeScreenshot(screenPath + i + ".png"): Taking screenshot successfully&#xD;
&#xD;
2019-08-05 15:26:25 - [MESSAGE][PASSED] - Taking screenshot successfully&#xD;
[[ATTACHMENT|D:\\Test\\AgileTest\\AgileTest\\Reports\\mobileWeb\\hbi\\20190805_152013\\../Screenshots/iPhone X/hbi/Core Shield/20190805_152441/8.png]]&#xD;
&#xD;
2019-08-05 15:26:25 - [TEST_STEP][PASSED] - (internal.GlobalVariable.i++): null&#xD;
&#xD;
2019-08-05 15:26:25 - [MESSAGE][PASSED] - Call Test Case 'Test Cases/mobileWeb/_include/get_screenshot' successfully&#xD;
&#xD;
2019-08-05 15:26:25 - [TEST_STEP][PASSED] - verifyTextPresent("Congratulations", false): Text 'Congratulations' is present on page &#xD;
&#xD;
2019-08-05 15:26:25 - [MESSAGE][PASSED] - Text 'Congratulations' is present on page &#xD;
&#xD;
2019-08-05 15:26:25 - [MESSAGE][PASSED] - Call Test Case 'Test Cases/mobileWeb/_include/goToEnd_hbi' successfully</system-out>
            <system-err></system-err>
        </testcase>
        <testcase name="Test Cases/mobileWeb/HBI/Agile Secure" classname="Test Cases/mobileWeb/HBI/Agile Secure" status="PASSED">
            <system-out>2019-08-05 15:26:25 - [TEST_CASE][PASSED] - Test Cases/mobileWeb/HBI/Agile Secure: Test Cases/mobileWeb/HBI/Agile Secure&#xD;
&#xD;
2019-08-05 15:26:25 - [TEST_STEP][PASSED] - callTestCase(findTestCase("mobileWeb/_include/get_screenPath"), ["productLine":"hbi", "carrierName":"Agile Secure"], CONTINUE_ON_FAILURE): Call Test Case 'Test Cases/mobileWeb/_include/get_screenPath' successfully&#xD;
&#xD;
2019-08-05 15:26:26 - [TEST_CASE][PASSED] - Test Cases/mobileWeb/_include/get_screenPath: Test Cases/mobileWeb/_include/get_screenPath&#xD;
&#xD;
2019-08-05 15:26:26 - [TEST_STEP][PASSED] - m = getExecutionProperties(): null&#xD;
&#xD;
2019-08-05 15:26:26 - [TEST_STEP][PASSED] - deviceName = get("mobileEmulation").get("deviceName"): null&#xD;
&#xD;
2019-08-05 15:26:26 - [TEST_STEP][PASSED] - println(deviceName): null&#xD;
&#xD;
2019-08-05 15:26:26 - [TEST_STEP][PASSED] - now = new java.util.Date(): null&#xD;
&#xD;
2019-08-05 15:26:26 - [TEST_STEP][PASSED] - mydate = now.format("yyyyMMdd_HHmmss"): null&#xD;
&#xD;
2019-08-05 15:26:26 - [TEST_STEP][PASSED] - screenPath = "../Screenshots/": null&#xD;
&#xD;
2019-08-05 15:26:26 - [TEST_STEP][PASSED] - screenPath = screenPath + deviceName + "/" + productLine + "/" + carrierName + "/" + mydate + "/": null&#xD;
&#xD;
2019-08-05 15:26:26 - [TEST_STEP][PASSED] - println(screenPath): null&#xD;
&#xD;
2019-08-05 15:26:26 - [MESSAGE][PASSED] - Call Test Case 'Test Cases/mobileWeb/_include/get_screenPath' successfully&#xD;
&#xD;
2019-08-05 15:26:26 - [TEST_STEP][PASSED] - i = 0: null&#xD;
&#xD;
2019-08-05 15:26:26 - [TEST_STEP][PASSED] - callTestCase(findTestCase("mobileWeb/_include/openWebSite"), [:], CONTINUE_ON_FAILURE): Call Test Case 'Test Cases/mobileWeb/_include/openWebSite' successfully&#xD;
&#xD;
2019-08-05 15:26:26 - [TEST_CASE][PASSED] - Test Cases/mobileWeb/_include/openWebSite: Test Cases/mobileWeb/_include/openWebSite&#xD;
&#xD;
2019-08-05 15:26:26 - [TEST_STEP][PASSED] - openBrowser(env): Browser is opened with url: 'https://praetemptatus.agilehealthinsurance.com'&#xD;
&#xD;
2019-08-05 15:26:26 - [MESSAGE][WARNING] - A browser is already opened. Closing browser and opening a new one&#xD;
&#xD;
2019-08-05 15:26:26 - [MESSAGE][INFO] - Starting 'Chrome' driver&#xD;
&#xD;
2019-08-05 15:26:26 - [MESSAGE][INFO] - User set preference: ['mobileEmulation', '{deviceName=iPhone X}']&#xD;
&#xD;
2019-08-05 15:26:26 - [MESSAGE][INFO] - User set preference: ['args', '[--incognito, --aggressive-cache-discard, --no-sandbox, --window-size=375,812]']&#xD;
&#xD;
2019-08-05 15:26:33 - [MESSAGE][PASSED] - Browser is opened with url: 'https://praetemptatus.agilehealthinsurance.com'&#xD;
&#xD;
2019-08-05 15:26:33 - [TEST_STEP][PASSED] - waitForPageLoad(20): Wait for page load successfully&#xD;
&#xD;
2019-08-05 15:26:33 - [MESSAGE][PASSED] - Wait for page load successfully&#xD;
&#xD;
2019-08-05 15:26:33 - [TEST_STEP][PASSED] - callTestCase(findTestCase("mobileWeb/_include/get_screenshot"), [:], STOP_ON_FAILURE): Call Test Case 'Test Cases/mobileWeb/_include/get_screenshot' successfully&#xD;
&#xD;
2019-08-05 15:26:33 - [TEST_CASE][PASSED] - Test Cases/mobileWeb/_include/get_screenshot: Test Cases/mobileWeb/_include/get_screenshot&#xD;
&#xD;
2019-08-05 15:26:33 - [TEST_STEP][PASSED] - takeScreenshot(screenPath + i + ".png"): Taking screenshot successfully&#xD;
&#xD;
2019-08-05 15:26:35 - [MESSAGE][PASSED] - Taking screenshot successfully&#xD;
[[ATTACHMENT|D:\\Test\\AgileTest\\AgileTest\\Reports\\mobileWeb\\hbi\\20190805_152013\\../Screenshots/iPhone X/hbi/Agile Secure/20190805_152626/0.png]]&#xD;
&#xD;
2019-08-05 15:26:35 - [TEST_STEP][PASSED] - (internal.GlobalVariable.i++): null&#xD;
&#xD;
2019-08-05 15:26:35 - [MESSAGE][PASSED] - Call Test Case 'Test Cases/mobileWeb/_include/get_screenshot' successfully&#xD;
&#xD;
2019-08-05 15:26:35 - [MESSAGE][PASSED] - Call Test Case 'Test Cases/mobileWeb/_include/openWebSite' successfully&#xD;
&#xD;
2019-08-05 15:26:35 - [TEST_STEP][PASSED] - callTestCase(findTestCase("mobileWeb/_include/census_hbi"), ["zipcode":"08701"], CONTINUE_ON_FAILURE): Call Test Case 'Test Cases/mobileWeb/_include/census_hbi' successfully&#xD;
&#xD;
2019-08-05 15:26:35 - [TEST_CASE][PASSED] - Test Cases/mobileWeb/_include/census_hbi: Test Cases/mobileWeb/_include/census_hbi&#xD;
&#xD;
2019-08-05 15:26:35 - [TEST_STEP][PASSED] - click(findTestObject("mobileSanity/Common/side_nav/menu")): Object: 'Object Repository/mobileSanity/Common/side_nav/menu' is clicked on&#xD;
&#xD;
2019-08-05 15:26:36 - [MESSAGE][PASSED] - Object: 'Object Repository/mobileSanity/Common/side_nav/menu' is clicked on&#xD;
&#xD;
2019-08-05 15:26:36 - [TEST_STEP][PASSED] - Thread.sleep(3000): null&#xD;
&#xD;
2019-08-05 15:26:39 - [TEST_STEP][PASSED] - click(findTestObject("mobileSanity/Common/side_nav/nav_hbi")): Object: 'Object Repository/mobileSanity/Common/side_nav/nav_hbi' is clicked on&#xD;
&#xD;
2019-08-05 15:26:41 - [MESSAGE][PASSED] - Object: 'Object Repository/mobileSanity/Common/side_nav/nav_hbi' is clicked on&#xD;
&#xD;
2019-08-05 15:26:41 - [TEST_STEP][PASSED] - waitForPageLoad(10): Wait for page load successfully&#xD;
&#xD;
2019-08-05 15:26:42 - [MESSAGE][PASSED] - Wait for page load successfully&#xD;
&#xD;
2019-08-05 15:26:42 - [TEST_STEP][PASSED] - callTestCase(findTestCase("mobileWeb/_include/get_screenshot"), [:], STOP_ON_FAILURE): Call Test Case 'Test Cases/mobileWeb/_include/get_screenshot' successfully&#xD;
&#xD;
2019-08-05 15:26:42 - [TEST_CASE][PASSED] - Test Cases/mobileWeb/_include/get_screenshot: Test Cases/mobileWeb/_include/get_screenshot&#xD;
&#xD;
2019-08-05 15:26:42 - [TEST_STEP][PASSED] - takeScreenshot(screenPath + i + ".png"): Taking screenshot successfully&#xD;
&#xD;
2019-08-05 15:26:43 - [MESSAGE][PASSED] - Taking screenshot successfully&#xD;
[[ATTACHMENT|D:\\Test\\AgileTest\\AgileTest\\Reports\\mobileWeb\\hbi\\20190805_152013\\../Screenshots/iPhone X/hbi/Agile Secure/20190805_152626/1.png]]&#xD;
&#xD;
2019-08-05 15:26:43 - [TEST_STEP][PASSED] - (internal.GlobalVariable.i++): null&#xD;
&#xD;
2019-08-05 15:26:43 - [MESSAGE][PASSED] - Call Test Case 'Test Cases/mobileWeb/_include/get_screenshot' successfully&#xD;
&#xD;
2019-08-05 15:26:43 - [TEST_STEP][PASSED] - setText(findTestObject("mobileSanity/HBI/census/input_Location_zip-input"), zipcode): Text '08701' is set on object 'Object Repository/mobileSanity/HBI/census/input_Location_zip-input'&#xD;
&#xD;
2019-08-05 15:26:43 - [MESSAGE][PASSED] - Text '08701' is set on object 'Object Repository/mobileSanity/HBI/census/input_Location_zip-input'&#xD;
&#xD;
2019-08-05 15:26:43 - [TEST_STEP][PASSED] - Thread.sleep(500): null&#xD;
&#xD;
2019-08-05 15:26:43 - [TEST_STEP][PASSED] - setText(findTestObject("mobileSanity/HBI/census/input_Date of Birth_dob-0"), "12121980"): Text '12121980' is set on object 'Object Repository/mobileSanity/HBI/census/input_Date of Birth_dob-0'&#xD;
&#xD;
2019-08-05 15:26:43 - [MESSAGE][PASSED] - Text '12121980' is set on object 'Object Repository/mobileSanity/HBI/census/input_Date of Birth_dob-0'&#xD;
&#xD;
2019-08-05 15:26:43 - [TEST_STEP][PASSED] - click(findTestObject("mobileSanity/HBI/census/label_Male")): Object: 'Object Repository/mobileSanity/HBI/census/label_Male' is clicked on&#xD;
&#xD;
2019-08-05 15:26:44 - [MESSAGE][PASSED] - Object: 'Object Repository/mobileSanity/HBI/census/label_Male' is clicked on&#xD;
&#xD;
2019-08-05 15:26:44 - [TEST_STEP][PASSED] - click(findTestObject("mobileSanity/HBI/census/label_Get a Quote")): Object: 'Object Repository/mobileSanity/HBI/census/label_Get a Quote' is clicked on&#xD;
&#xD;
2019-08-05 15:26:44 - [MESSAGE][PASSED] - Object: 'Object Repository/mobileSanity/HBI/census/label_Get a Quote' is clicked on&#xD;
&#xD;
2019-08-05 15:26:44 - [TEST_STEP][PASSED] - waitForPageLoad(20): Wait for page load successfully&#xD;
&#xD;
2019-08-05 15:26:44 - [MESSAGE][PASSED] - Wait for page load successfully&#xD;
&#xD;
2019-08-05 15:26:44 - [TEST_STEP][PASSED] - callTestCase(findTestCase("mobileWeb/_include/get_screenshot"), [:], STOP_ON_FAILURE): Call Test Case 'Test Cases/mobileWeb/_include/get_screenshot' successfully&#xD;
&#xD;
2019-08-05 15:26:44 - [TEST_CASE][PASSED] - Test Cases/mobileWeb/_include/get_screenshot: Test Cases/mobileWeb/_include/get_screenshot&#xD;
&#xD;
2019-08-05 15:26:44 - [TEST_STEP][PASSED] - takeScreenshot(screenPath + i + ".png"): Taking screenshot successfully&#xD;
&#xD;
2019-08-05 15:26:49 - [MESSAGE][PASSED] - Taking screenshot successfully&#xD;
[[ATTACHMENT|D:\\Test\\AgileTest\\AgileTest\\Reports\\mobileWeb\\hbi\\20190805_152013\\../Screenshots/iPhone X/hbi/Agile Secure/20190805_152626/2.png]]&#xD;
&#xD;
2019-08-05 15:26:49 - [TEST_STEP][PASSED] - (internal.GlobalVariable.i++): null&#xD;
&#xD;
2019-08-05 15:26:49 - [MESSAGE][PASSED] - Call Test Case 'Test Cases/mobileWeb/_include/get_screenshot' successfully&#xD;
&#xD;
2019-08-05 15:26:49 - [MESSAGE][PASSED] - Call Test Case 'Test Cases/mobileWeb/_include/census_hbi' successfully&#xD;
&#xD;
2019-08-05 15:26:49 - [TEST_STEP][PASSED] - click(findTestObject("mobileSanity/HBI/detail/a_Apply for This Plan")): Object: 'Object Repository/mobileSanity/HBI/detail/a_Apply for This Plan' is clicked on&#xD;
&#xD;
2019-08-05 15:26:55 - [MESSAGE][PASSED] - Object: 'Object Repository/mobileSanity/HBI/detail/a_Apply for This Plan' is clicked on&#xD;
&#xD;
2019-08-05 15:26:55 - [TEST_STEP][PASSED] - waitForPageLoad(20): Wait for page load successfully&#xD;
&#xD;
2019-08-05 15:26:55 - [MESSAGE][PASSED] - Wait for page load successfully&#xD;
&#xD;
2019-08-05 15:26:55 - [TEST_STEP][PASSED] - callTestCase(findTestCase("mobileWeb/_include/get_screenshot"), [:], STOP_ON_FAILURE): Call Test Case 'Test Cases/mobileWeb/_include/get_screenshot' successfully&#xD;
&#xD;
2019-08-05 15:26:55 - [TEST_CASE][PASSED] - Test Cases/mobileWeb/_include/get_screenshot: Test Cases/mobileWeb/_include/get_screenshot&#xD;
&#xD;
2019-08-05 15:26:55 - [TEST_STEP][PASSED] - takeScreenshot(screenPath + i + ".png"): Taking screenshot successfully&#xD;
&#xD;
2019-08-05 15:26:56 - [MESSAGE][PASSED] - Taking screenshot successfully&#xD;
[[ATTACHMENT|D:\\Test\\AgileTest\\AgileTest\\Reports\\mobileWeb\\hbi\\20190805_152013\\../Screenshots/iPhone X/hbi/Agile Secure/20190805_152626/3.png]]&#xD;
&#xD;
2019-08-05 15:26:56 - [TEST_STEP][PASSED] - (internal.GlobalVariable.i++): null&#xD;
&#xD;
2019-08-05 15:26:56 - [MESSAGE][PASSED] - Call Test Case 'Test Cases/mobileWeb/_include/get_screenshot' successfully&#xD;
&#xD;
2019-08-05 15:26:56 - [TEST_STEP][PASSED] - click(findTestObject("mobileSanity/HBI/Page_Apply/span_Start Secure Application")): Object: 'Object Repository/mobileSanity/HBI/Page_Apply/span_Start Secure Application' is clicked on&#xD;
&#xD;
2019-08-05 15:26:58 - [MESSAGE][PASSED] - Object: 'Object Repository/mobileSanity/HBI/Page_Apply/span_Start Secure Application' is clicked on&#xD;
&#xD;
2019-08-05 15:26:58 - [TEST_STEP][PASSED] - waitForPageLoad(20): Wait for page load successfully&#xD;
&#xD;
2019-08-05 15:26:58 - [MESSAGE][PASSED] - Wait for page load successfully&#xD;
&#xD;
2019-08-05 15:26:58 - [TEST_STEP][PASSED] - callTestCase(findTestCase("mobileWeb/_include/get_screenshot"), [:], STOP_ON_FAILURE): Call Test Case 'Test Cases/mobileWeb/_include/get_screenshot' successfully&#xD;
&#xD;
2019-08-05 15:26:58 - [TEST_CASE][PASSED] - Test Cases/mobileWeb/_include/get_screenshot: Test Cases/mobileWeb/_include/get_screenshot&#xD;
&#xD;
2019-08-05 15:26:58 - [TEST_STEP][PASSED] - takeScreenshot(screenPath + i + ".png"): Taking screenshot successfully&#xD;
&#xD;
2019-08-05 15:26:59 - [MESSAGE][PASSED] - Taking screenshot successfully&#xD;
[[ATTACHMENT|D:\\Test\\AgileTest\\AgileTest\\Reports\\mobileWeb\\hbi\\20190805_152013\\../Screenshots/iPhone X/hbi/Agile Secure/20190805_152626/4.png]]&#xD;
&#xD;
2019-08-05 15:26:59 - [TEST_STEP][PASSED] - (internal.GlobalVariable.i++): null&#xD;
&#xD;
2019-08-05 15:26:59 - [MESSAGE][PASSED] - Call Test Case 'Test Cases/mobileWeb/_include/get_screenshot' successfully&#xD;
&#xD;
2019-08-05 15:26:59 - [TEST_STEP][PASSED] - callTestCase(findTestCase("mobileWeb/_include/goToEnd_hbi"), ["carrier":"agilesecure"], CONTINUE_ON_FAILURE): Call Test Case 'Test Cases/mobileWeb/_include/goToEnd_hbi' successfully&#xD;
&#xD;
2019-08-05 15:26:59 - [TEST_CASE][PASSED] - Test Cases/mobileWeb/_include/goToEnd_hbi: Test Cases/mobileWeb/_include/goToEnd_hbi&#xD;
&#xD;
2019-08-05 15:26:59 - [TEST_STEP][PASSED] - if (state == "ca"): null&#xD;
&#xD;
2019-08-05 15:26:59 - [TEST_STEP][PASSED] - callTestCase(findTestCase("mobileWeb/_include/name"), [:], CONTINUE_ON_FAILURE): Call Test Case 'Test Cases/mobileWeb/_include/name' successfully&#xD;
&#xD;
2019-08-05 15:26:59 - [TEST_CASE][PASSED] - Test Cases/mobileWeb/_include/name: Test Cases/mobileWeb/_include/name&#xD;
&#xD;
2019-08-05 15:26:59 - [TEST_STEP][PASSED] - driver = getWebDriver(): null&#xD;
&#xD;
2019-08-05 15:26:59 - [TEST_STEP][PASSED] - selenium = new com.thoughtworks.selenium.webdriven.WebDriverBackedSelenium(driver, internal.GlobalVariable.ENV): null&#xD;
&#xD;
2019-08-05 15:26:59 - [TEST_STEP][PASSED] - FirstName = "Test-123": null&#xD;
&#xD;
2019-08-05 15:26:59 - [TEST_STEP][PASSED] - LastName = selenium.getEval("{var x="ABCDEFGHIJKLMNOPQRSTUVWXYZabcdefghijklmnopqrstuvwxyz"; var tmp="ZZ11-"; for (i=0;i&lt;8;i++) tmp+=x.charAt(Math.ceil(51*Math.random()));tmp;}"): null&#xD;
&#xD;
2019-08-05 15:26:59 - [TEST_STEP][PASSED] - Address = selenium.getEval("{var x="ABCDEFGHIJKLMNOPQRSTUVWXYZabcdefghijklmnopqrstuvwxyz"; var tmp=""; for (i=0;i&lt;8;i++) tmp+=x.charAt(Math.ceil(51*Math.random()));tmp;}"): null&#xD;
&#xD;
2019-08-05 15:26:59 - [TEST_STEP][PASSED] - City = selenium.getEval("{var x="ABCDEFGHIJKLMNOPQRSTUVWXYZabcdefghijklmnopqrstuvwxyz"; var tmp=""; for (i=0;i&lt;8;i++) tmp+=x.charAt(Math.ceil(51*Math.random()));tmp;}"): null&#xD;
&#xD;
2019-08-05 15:26:59 - [TEST_STEP][PASSED] - tel1 = selenium.getEval("{var x="123456789"; var tmp=""; for (i=0;i&lt;3;i++) tmp+=x.charAt(Math.ceil(8*Math.random()));tmp;}"): null&#xD;
&#xD;
2019-08-05 15:26:59 - [TEST_STEP][PASSED] - tel2 = selenium.getEval("{var x="123456789"; var tmp=""; for (i=0;i&lt;3;i++) tmp+=x.charAt(Math.ceil(8*Math.random()));tmp;}"): null&#xD;
&#xD;
2019-08-05 15:26:59 - [TEST_STEP][PASSED] - tel3 = selenium.getEval("{var x="123456789"; var tmp=""; for (i=0;i&lt;4;i++) tmp+=x.charAt(Math.ceil(8*Math.random()));tmp;}"): null&#xD;
&#xD;
2019-08-05 15:26:59 - [TEST_STEP][PASSED] - Tel = selenium.getExpression(tel1 + "-" + tel2 + "-" + tel3): null&#xD;
&#xD;
2019-08-05 15:26:59 - [TEST_STEP][PASSED] - AutoEmail = selenium.getEval("{var x="ABCDEFGHIJKLMNOPQRSTUVWXYZabcdefghijklmnopqrstuvwxyz"; var tmp="test."; for (i=0;i&lt;8;i++) tmp+=x.charAt(Math.ceil(51*Math.random()));tmp+="@suryani.cn";}"): null&#xD;
&#xD;
2019-08-05 15:26:59 - [TEST_STEP][PASSED] - FirstName = FirstName: null&#xD;
&#xD;
2019-08-05 15:26:59 - [TEST_STEP][PASSED] - LastName = LastName: null&#xD;
&#xD;
2019-08-05 15:26:59 - [TEST_STEP][PASSED] - Address = Address: null&#xD;
&#xD;
2019-08-05 15:26:59 - [TEST_STEP][PASSED] - City = City: null&#xD;
&#xD;
2019-08-05 15:26:59 - [TEST_STEP][PASSED] - Tel = Tel: null&#xD;
&#xD;
2019-08-05 15:26:59 - [TEST_STEP][PASSED] - AutoEmail = AutoEmail: null&#xD;
&#xD;
2019-08-05 15:26:59 - [TEST_STEP][PASSED] - println(FirstName): null&#xD;
&#xD;
2019-08-05 15:26:59 - [TEST_STEP][PASSED] - println(LastName): null&#xD;
&#xD;
2019-08-05 15:26:59 - [TEST_STEP][PASSED] - println(Address): null&#xD;
&#xD;
2019-08-05 15:26:59 - [TEST_STEP][PASSED] - println(City): null&#xD;
&#xD;
2019-08-05 15:26:59 - [TEST_STEP][PASSED] - println(Tel): null&#xD;
&#xD;
2019-08-05 15:26:59 - [TEST_STEP][PASSED] - println(AutoEmail): null&#xD;
&#xD;
2019-08-05 15:26:59 - [MESSAGE][PASSED] - Call Test Case 'Test Cases/mobileWeb/_include/name' successfully&#xD;
&#xD;
2019-08-05 15:26:59 - [TEST_STEP][PASSED] - setText(findTestObject("mobileSanity/HBI/Page_App Page 1/input__member-P-1-firstName"), FirstName): Text 'Test-123' is set on object 'Object Repository/mobileSanity/HBI/Page_App Page 1/input__member-P-1-firstName'&#xD;
&#xD;
2019-08-05 15:26:59 - [MESSAGE][PASSED] - Text 'Test-123' is set on object 'Object Repository/mobileSanity/HBI/Page_App Page 1/input__member-P-1-firstName'&#xD;
&#xD;
2019-08-05 15:26:59 - [TEST_STEP][PASSED] - setText(findTestObject("mobileSanity/HBI/Page_App Page 1/input__member-P-1-lastName"), LastName): Text 'ZZ11-kJMejEum' is set on object 'Object Repository/mobileSanity/HBI/Page_App Page 1/input__member-P-1-lastName'&#xD;
&#xD;
2019-08-05 15:27:00 - [MESSAGE][PASSED] - Text 'ZZ11-kJMejEum' is set on object 'Object Repository/mobileSanity/HBI/Page_App Page 1/input__member-P-1-lastName'&#xD;
&#xD;
2019-08-05 15:27:00 - [TEST_STEP][PASSED] - if (carrier == "agileone" || carrier == "agilesecure"): Text 'test6' is set on object 'Object Repository/mobileSanity/HBI/Page_App Page 1/input__contingent-beneficiary-relationship'&#xD;
&#xD;
2019-08-05 15:27:00 - [TEST_STEP][PASSED] - setText(findTestObject("mobileSanity/HBI/Page_App Page 1/input__primary-beneficiary-fir"), "test1"): Text 'test1' is set on object 'Object Repository/mobileSanity/HBI/Page_App Page 1/input__primary-beneficiary-fir'&#xD;
&#xD;
2019-08-05 15:27:00 - [MESSAGE][PASSED] - Text 'test1' is set on object 'Object Repository/mobileSanity/HBI/Page_App Page 1/input__primary-beneficiary-fir'&#xD;
&#xD;
2019-08-05 15:27:00 - [TEST_STEP][PASSED] - setText(findTestObject("mobileSanity/HBI/Page_App Page 1/input__primary-beneficiary-las"), "test2"): Text 'test2' is set on object 'Object Repository/mobileSanity/HBI/Page_App Page 1/input__primary-beneficiary-las'&#xD;
&#xD;
2019-08-05 15:27:00 - [MESSAGE][PASSED] - Text 'test2' is set on object 'Object Repository/mobileSanity/HBI/Page_App Page 1/input__primary-beneficiary-las'&#xD;
&#xD;
2019-08-05 15:27:00 - [TEST_STEP][PASSED] - setText(findTestObject("mobileSanity/HBI/Page_App Page 1/input__primary-beneficiary-rel"), "test3"): Text 'test3' is set on object 'Object Repository/mobileSanity/HBI/Page_App Page 1/input__primary-beneficiary-rel'&#xD;
&#xD;
2019-08-05 15:27:00 - [MESSAGE][PASSED] - Text 'test3' is set on object 'Object Repository/mobileSanity/HBI/Page_App Page 1/input__primary-beneficiary-rel'&#xD;
&#xD;
2019-08-05 15:27:00 - [TEST_STEP][PASSED] - setText(findTestObject("mobileSanity/HBI/Page_App Page 1/input__contingent-beneficiary-"), "test4"): Text 'test4' is set on object 'Object Repository/mobileSanity/HBI/Page_App Page 1/input__contingent-beneficiary-'&#xD;
&#xD;
2019-08-05 15:27:00 - [MESSAGE][PASSED] - Text 'test4' is set on object 'Object Repository/mobileSanity/HBI/Page_App Page 1/input__contingent-beneficiary-'&#xD;
&#xD;
2019-08-05 15:27:00 - [TEST_STEP][PASSED] - setText(findTestObject("mobileSanity/HBI/Page_App Page 1/input__contingent-beneficiary-_lastname"), "test5"): Text 'test5' is set on object 'Object Repository/mobileSanity/HBI/Page_App Page 1/input__contingent-beneficiary-_lastname'&#xD;
&#xD;
2019-08-05 15:27:01 - [MESSAGE][PASSED] - Text 'test5' is set on object 'Object Repository/mobileSanity/HBI/Page_App Page 1/input__contingent-beneficiary-_lastname'&#xD;
&#xD;
2019-08-05 15:27:01 - [TEST_STEP][PASSED] - setText(findTestObject("mobileSanity/HBI/Page_App Page 1/input__contingent-beneficiary-relationship"), "test6"): Text 'test6' is set on object 'Object Repository/mobileSanity/HBI/Page_App Page 1/input__contingent-beneficiary-relationship'&#xD;
&#xD;
2019-08-05 15:27:01 - [MESSAGE][PASSED] - Text 'test6' is set on object 'Object Repository/mobileSanity/HBI/Page_App Page 1/input__contingent-beneficiary-relationship'&#xD;
&#xD;
2019-08-05 15:27:01 - [TEST_STEP][PASSED] - setText(findTestObject("mobileSanity/HBI/Page_App Page 1/input__address"), Address): Text 'geNNDUNG' is set on object 'Object Repository/mobileSanity/HBI/Page_App Page 1/input__address'&#xD;
&#xD;
2019-08-05 15:27:01 - [MESSAGE][PASSED] - Text 'geNNDUNG' is set on object 'Object Repository/mobileSanity/HBI/Page_App Page 1/input__address'&#xD;
&#xD;
2019-08-05 15:27:01 - [TEST_STEP][PASSED] - setText(findTestObject("mobileSanity/HBI/Page_App Page 1/input__city"), City): Text 'UmQhBmtL' is set on object 'Object Repository/mobileSanity/HBI/Page_App Page 1/input__city'&#xD;
&#xD;
2019-08-05 15:27:01 - [MESSAGE][PASSED] - Text 'UmQhBmtL' is set on object 'Object Repository/mobileSanity/HBI/Page_App Page 1/input__city'&#xD;
&#xD;
2019-08-05 15:27:01 - [TEST_STEP][PASSED] - setText(findTestObject("mobileSanity/HBI/Page_App Page 1/input__email"), AutoEmail): Text 'test.jTmPUnfb@suryani.cn' is set on object 'Object Repository/mobileSanity/HBI/Page_App Page 1/input__email'&#xD;
&#xD;
2019-08-05 15:27:02 - [MESSAGE][PASSED] - Text 'test.jTmPUnfb@suryani.cn' is set on object 'Object Repository/mobileSanity/HBI/Page_App Page 1/input__email'&#xD;
&#xD;
2019-08-05 15:27:02 - [TEST_STEP][PASSED] - setText(findTestObject("mobileSanity/HBI/Page_App Page 1/input_tel"), Tel): Text '676-748-7292' is set on object 'Object Repository/mobileSanity/HBI/Page_App Page 1/input_tel'&#xD;
&#xD;
2019-08-05 15:27:02 - [MESSAGE][PASSED] - Text '676-748-7292' is set on object 'Object Repository/mobileSanity/HBI/Page_App Page 1/input_tel'&#xD;
&#xD;
2019-08-05 15:27:02 - [TEST_STEP][PASSED] - click(findTestObject("mobileSanity/HBI/Page_App Page 1/a_Continue to Step 2 - Payment")): Object: 'Object Repository/mobileSanity/HBI/Page_App Page 1/a_Continue to Step 2 - Payment' is clicked on&#xD;
&#xD;
2019-08-05 15:27:02 - [MESSAGE][PASSED] - Object: 'Object Repository/mobileSanity/HBI/Page_App Page 1/a_Continue to Step 2 - Payment' is clicked on&#xD;
&#xD;
2019-08-05 15:27:02 - [TEST_STEP][PASSED] - waitForPageLoad(20): Wait for page load successfully&#xD;
&#xD;
2019-08-05 15:27:02 - [MESSAGE][PASSED] - Wait for page load successfully&#xD;
&#xD;
2019-08-05 15:27:02 - [TEST_STEP][PASSED] - Thread.sleep(2000): null&#xD;
&#xD;
2019-08-05 15:27:04 - [TEST_STEP][PASSED] - waitForElementVisible(findTestObject("mobileSanity/HBI/Page_App Page 2/input__credit-card-first"), 20): Object 'Object Repository/mobileSanity/HBI/Page_App Page 2/input__credit-card-first' is visible&#xD;
&#xD;
2019-08-05 15:27:04 - [MESSAGE][PASSED] - Object 'Object Repository/mobileSanity/HBI/Page_App Page 2/input__credit-card-first' is visible&#xD;
&#xD;
2019-08-05 15:27:04 - [TEST_STEP][PASSED] - callTestCase(findTestCase("mobileWeb/_include/get_screenshot"), [:], STOP_ON_FAILURE): Call Test Case 'Test Cases/mobileWeb/_include/get_screenshot' successfully&#xD;
&#xD;
2019-08-05 15:27:04 - [TEST_CASE][PASSED] - Test Cases/mobileWeb/_include/get_screenshot: Test Cases/mobileWeb/_include/get_screenshot&#xD;
&#xD;
2019-08-05 15:27:04 - [TEST_STEP][PASSED] - takeScreenshot(screenPath + i + ".png"): Taking screenshot successfully&#xD;
&#xD;
2019-08-05 15:27:05 - [MESSAGE][PASSED] - Taking screenshot successfully&#xD;
[[ATTACHMENT|D:\\Test\\AgileTest\\AgileTest\\Reports\\mobileWeb\\hbi\\20190805_152013\\../Screenshots/iPhone X/hbi/Agile Secure/20190805_152626/5.png]]&#xD;
&#xD;
2019-08-05 15:27:05 - [TEST_STEP][PASSED] - (internal.GlobalVariable.i++): null&#xD;
&#xD;
2019-08-05 15:27:05 - [MESSAGE][PASSED] - Call Test Case 'Test Cases/mobileWeb/_include/get_screenshot' successfully&#xD;
&#xD;
2019-08-05 15:27:05 - [TEST_STEP][PASSED] - setText(findTestObject("mobileSanity/HBI/Page_App Page 2/input__credit-card-first"), FirstName): Text 'Test-123' is set on object 'Object Repository/mobileSanity/HBI/Page_App Page 2/input__credit-card-first'&#xD;
&#xD;
2019-08-05 15:27:05 - [MESSAGE][PASSED] - Text 'Test-123' is set on object 'Object Repository/mobileSanity/HBI/Page_App Page 2/input__credit-card-first'&#xD;
&#xD;
2019-08-05 15:27:05 - [TEST_STEP][PASSED] - setText(findTestObject("mobileSanity/HBI/Page_App Page 2/input__credit-card-last"), LastName): Text 'ZZ11-kJMejEum' is set on object 'Object Repository/mobileSanity/HBI/Page_App Page 2/input__credit-card-last'&#xD;
&#xD;
2019-08-05 15:27:05 - [MESSAGE][PASSED] - Text 'ZZ11-kJMejEum' is set on object 'Object Repository/mobileSanity/HBI/Page_App Page 2/input__credit-card-last'&#xD;
&#xD;
2019-08-05 15:27:05 - [TEST_STEP][PASSED] - selectOptionByValue(findTestObject("mobileSanity/HBI/Page_App Page 2/select_MM010203040506070809101"), "12", true): All options with value '12' are selected in object 'Object Repository/mobileSanity/HBI/Page_App Page 2/select_MM010203040506070809101'  using regular expression&#xD;
&#xD;
2019-08-05 15:27:06 - [MESSAGE][PASSED] - All options with value '12' are selected in object 'Object Repository/mobileSanity/HBI/Page_App Page 2/select_MM010203040506070809101'  using regular expression&#xD;
&#xD;
2019-08-05 15:27:06 - [TEST_STEP][PASSED] - selectOptionByValue(findTestObject("mobileSanity/HBI/Page_App Page 2/select_YYYY2019202020212022202"), "2026", true): All options with value '2026' are selected in object 'Object Repository/mobileSanity/HBI/Page_App Page 2/select_YYYY2019202020212022202'  using regular expression&#xD;
&#xD;
2019-08-05 15:27:06 - [MESSAGE][PASSED] - All options with value '2026' are selected in object 'Object Repository/mobileSanity/HBI/Page_App Page 2/select_YYYY2019202020212022202'  using regular expression&#xD;
&#xD;
2019-08-05 15:27:06 - [TEST_STEP][PASSED] - setText(findTestObject("mobileSanity/HBI/Page_App Page 2/input__credit-card-number"), "4111111111111111"): Text '4111111111111111' is set on object 'Object Repository/mobileSanity/HBI/Page_App Page 2/input__credit-card-number'&#xD;
&#xD;
2019-08-05 15:27:06 - [MESSAGE][PASSED] - Text '4111111111111111' is set on object 'Object Repository/mobileSanity/HBI/Page_App Page 2/input__credit-card-number'&#xD;
&#xD;
2019-08-05 15:27:06 - [TEST_STEP][PASSED] - setText(findTestObject("mobileSanity/HBI/Page_App Page 2/input__cvv"), "123"): Text '123' is set on object 'Object Repository/mobileSanity/HBI/Page_App Page 2/input__cvv'&#xD;
&#xD;
2019-08-05 15:27:06 - [MESSAGE][PASSED] - Text '123' is set on object 'Object Repository/mobileSanity/HBI/Page_App Page 2/input__cvv'&#xD;
&#xD;
2019-08-05 15:27:06 - [TEST_STEP][PASSED] - click(findTestObject("mobileSanity/HBI/Page_App Page 2/label_My billing address is th")): Object: 'Object Repository/mobileSanity/HBI/Page_App Page 2/label_My billing address is th' is clicked on&#xD;
&#xD;
2019-08-05 15:27:07 - [MESSAGE][PASSED] - Object: 'Object Repository/mobileSanity/HBI/Page_App Page 2/label_My billing address is th' is clicked on&#xD;
&#xD;
2019-08-05 15:27:07 - [TEST_STEP][PASSED] - click(findTestObject("mobileSanity/HBI/Page_App Page 2/label_I Accept Authorization f")): Object: 'Object Repository/mobileSanity/HBI/Page_App Page 2/label_I Accept Authorization f' is clicked on&#xD;
&#xD;
2019-08-05 15:27:07 - [MESSAGE][PASSED] - Object: 'Object Repository/mobileSanity/HBI/Page_App Page 2/label_I Accept Authorization f' is clicked on&#xD;
&#xD;
2019-08-05 15:27:07 - [TEST_STEP][PASSED] - click(findTestObject("mobileSanity/HBI/Page_App Page 2/a_Continue to Step 3 - Review")): Object: 'Object Repository/mobileSanity/HBI/Page_App Page 2/a_Continue to Step 3 - Review' is clicked on&#xD;
&#xD;
2019-08-05 15:27:07 - [MESSAGE][PASSED] - Object: 'Object Repository/mobileSanity/HBI/Page_App Page 2/a_Continue to Step 3 - Review' is clicked on&#xD;
&#xD;
2019-08-05 15:27:07 - [TEST_STEP][PASSED] - waitForPageLoad(20): Wait for page load successfully&#xD;
&#xD;
2019-08-05 15:27:07 - [MESSAGE][PASSED] - Wait for page load successfully&#xD;
&#xD;
2019-08-05 15:27:07 - [TEST_STEP][PASSED] - Thread.sleep(2000): null&#xD;
&#xD;
2019-08-05 15:27:09 - [TEST_STEP][PASSED] - callTestCase(findTestCase("mobileWeb/_include/get_screenshot"), [:], STOP_ON_FAILURE): Call Test Case 'Test Cases/mobileWeb/_include/get_screenshot' successfully&#xD;
&#xD;
2019-08-05 15:27:09 - [TEST_CASE][PASSED] - Test Cases/mobileWeb/_include/get_screenshot: Test Cases/mobileWeb/_include/get_screenshot&#xD;
&#xD;
2019-08-05 15:27:09 - [TEST_STEP][PASSED] - takeScreenshot(screenPath + i + ".png"): Taking screenshot successfully&#xD;
&#xD;
2019-08-05 15:27:13 - [MESSAGE][PASSED] - Taking screenshot successfully&#xD;
[[ATTACHMENT|D:\\Test\\AgileTest\\AgileTest\\Reports\\mobileWeb\\hbi\\20190805_152013\\../Screenshots/iPhone X/hbi/Agile Secure/20190805_152626/6.png]]&#xD;
&#xD;
2019-08-05 15:27:13 - [TEST_STEP][PASSED] - (internal.GlobalVariable.i++): null&#xD;
&#xD;
2019-08-05 15:27:13 - [MESSAGE][PASSED] - Call Test Case 'Test Cases/mobileWeb/_include/get_screenshot' successfully&#xD;
&#xD;
2019-08-05 15:27:13 - [TEST_STEP][PASSED] - if (test.MobileKeywords.isElementPresent_Web(findTestObject("mobileSanity/HBI/Page_App Page 2/a_No Thanks"), 10)): test.MobileKeywords.isElementPresent_Web is PASSED&#xD;
&#xD;
2019-08-05 15:27:34 - [MESSAGE][INFO] - Unable to find the element located by 'By.xpath: //a[@type = 'submit' and (text() = 'No Thanks' or . = 'No Thanks')]'. Please recheck the objects properties to make sure the desired element is located. &#xD;
&#xD;
2019-08-05 15:27:34 - [MESSAGE][PASSED] - test.MobileKeywords.isElementPresent_Web is PASSED&#xD;
&#xD;
2019-08-05 15:27:34 - [TEST_STEP][PASSED] - click(findTestObject("mobileSanity/HBI/Page_App Page 3/label")): Object: 'Object Repository/mobileSanity/HBI/Page_App Page 3/label' is clicked on&#xD;
&#xD;
2019-08-05 15:27:34 - [MESSAGE][PASSED] - Object: 'Object Repository/mobileSanity/HBI/Page_App Page 3/label' is clicked on&#xD;
&#xD;
2019-08-05 15:27:34 - [TEST_STEP][PASSED] - click(findTestObject("mobileSanity/HBI/Page_App Page 3/p_CLICK TO SIGN")): Object: 'Object Repository/mobileSanity/HBI/Page_App Page 3/p_CLICK TO SIGN' is clicked on&#xD;
&#xD;
2019-08-05 15:27:34 - [MESSAGE][PASSED] - Object: 'Object Repository/mobileSanity/HBI/Page_App Page 3/p_CLICK TO SIGN' is clicked on&#xD;
&#xD;
2019-08-05 15:27:34 - [TEST_STEP][PASSED] - click(findTestObject("mobileSanity/HBI/Page_App Page 3/a_Submit Your Application")): Object: 'Object Repository/mobileSanity/HBI/Page_App Page 3/a_Submit Your Application' is clicked on&#xD;
&#xD;
2019-08-05 15:27:35 - [MESSAGE][PASSED] - Object: 'Object Repository/mobileSanity/HBI/Page_App Page 3/a_Submit Your Application' is clicked on&#xD;
&#xD;
2019-08-05 15:27:35 - [TEST_STEP][PASSED] - Thread.sleep(30000): null&#xD;
&#xD;
2019-08-05 15:28:05 - [TEST_STEP][PASSED] - callTestCase(findTestCase("mobileWeb/_include/get_screenshot"), [:], STOP_ON_FAILURE): Call Test Case 'Test Cases/mobileWeb/_include/get_screenshot' successfully&#xD;
&#xD;
2019-08-05 15:28:05 - [TEST_CASE][PASSED] - Test Cases/mobileWeb/_include/get_screenshot: Test Cases/mobileWeb/_include/get_screenshot&#xD;
&#xD;
2019-08-05 15:28:05 - [TEST_STEP][PASSED] - takeScreenshot(screenPath + i + ".png"): Taking screenshot successfully&#xD;
&#xD;
2019-08-05 15:28:05 - [MESSAGE][PASSED] - Taking screenshot successfully&#xD;
[[ATTACHMENT|D:\\Test\\AgileTest\\AgileTest\\Reports\\mobileWeb\\hbi\\20190805_152013\\../Screenshots/iPhone X/hbi/Agile Secure/20190805_152626/7.png]]&#xD;
&#xD;
2019-08-05 15:28:05 - [TEST_STEP][PASSED] - (internal.GlobalVariable.i++): null&#xD;
&#xD;
2019-08-05 15:28:05 - [MESSAGE][PASSED] - Call Test Case 'Test Cases/mobileWeb/_include/get_screenshot' successfully&#xD;
&#xD;
2019-08-05 15:28:05 - [TEST_STEP][PASSED] - verifyTextPresent("Congratulations", false): Text 'Congratulations' is present on page &#xD;
&#xD;
2019-08-05 15:28:05 - [MESSAGE][PASSED] - Text 'Congratulations' is present on page &#xD;
&#xD;
2019-08-05 15:28:05 - [MESSAGE][PASSED] - Call Test Case 'Test Cases/mobileWeb/_include/goToEnd_hbi' successfully</system-out>
            <system-err></system-err>
        </testcase>
        <testcase name="Test Cases/mobileWeb/HBI/Fixed Cash Benefit" classname="Test Cases/mobileWeb/HBI/Fixed Cash Benefit" status="PASSED">
            <system-out>2019-08-05 15:28:05 - [TEST_CASE][PASSED] - Test Cases/mobileWeb/HBI/Fixed Cash Benefit: Test Cases/mobileWeb/HBI/Fixed Cash Benefit&#xD;
&#xD;
2019-08-05 15:28:06 - [TEST_STEP][PASSED] - callTestCase(findTestCase("mobileWeb/_include/get_screenPath"), ["productLine":"hbi", "carrierName":"Fixed Cash Benefit"], CONTINUE_ON_FAILURE): Call Test Case 'Test Cases/mobileWeb/_include/get_screenPath' successfully&#xD;
&#xD;
2019-08-05 15:28:06 - [TEST_CASE][PASSED] - Test Cases/mobileWeb/_include/get_screenPath: Test Cases/mobileWeb/_include/get_screenPath&#xD;
&#xD;
2019-08-05 15:28:06 - [TEST_STEP][PASSED] - m = getExecutionProperties(): null&#xD;
&#xD;
2019-08-05 15:28:06 - [TEST_STEP][PASSED] - deviceName = get("mobileEmulation").get("deviceName"): null&#xD;
&#xD;
2019-08-05 15:28:06 - [TEST_STEP][PASSED] - println(deviceName): null&#xD;
&#xD;
2019-08-05 15:28:06 - [TEST_STEP][PASSED] - now = new java.util.Date(): null&#xD;
&#xD;
2019-08-05 15:28:06 - [TEST_STEP][PASSED] - mydate = now.format("yyyyMMdd_HHmmss"): null&#xD;
&#xD;
2019-08-05 15:28:06 - [TEST_STEP][PASSED] - screenPath = "../Screenshots/": null&#xD;
&#xD;
2019-08-05 15:28:06 - [TEST_STEP][PASSED] - screenPath = screenPath + deviceName + "/" + productLine + "/" + carrierName + "/" + mydate + "/": null&#xD;
&#xD;
2019-08-05 15:28:06 - [TEST_STEP][PASSED] - println(screenPath): null&#xD;
&#xD;
2019-08-05 15:28:06 - [MESSAGE][PASSED] - Call Test Case 'Test Cases/mobileWeb/_include/get_screenPath' successfully&#xD;
&#xD;
2019-08-05 15:28:06 - [TEST_STEP][PASSED] - i = 0: null&#xD;
&#xD;
2019-08-05 15:28:06 - [TEST_STEP][PASSED] - callTestCase(findTestCase("mobileWeb/_include/openWebSite"), [:], CONTINUE_ON_FAILURE): Call Test Case 'Test Cases/mobileWeb/_include/openWebSite' successfully&#xD;
&#xD;
2019-08-05 15:28:06 - [TEST_CASE][PASSED] - Test Cases/mobileWeb/_include/openWebSite: Test Cases/mobileWeb/_include/openWebSite&#xD;
&#xD;
2019-08-05 15:28:06 - [TEST_STEP][PASSED] - openBrowser(env): Browser is opened with url: 'https://praetemptatus.agilehealthinsurance.com'&#xD;
&#xD;
2019-08-05 15:28:06 - [MESSAGE][WARNING] - A browser is already opened. Closing browser and opening a new one&#xD;
&#xD;
2019-08-05 15:28:07 - [MESSAGE][INFO] - Starting 'Chrome' driver&#xD;
&#xD;
2019-08-05 15:28:07 - [MESSAGE][INFO] - User set preference: ['mobileEmulation', '{deviceName=iPhone X}']&#xD;
&#xD;
2019-08-05 15:28:07 - [MESSAGE][INFO] - User set preference: ['args', '[--incognito, --aggressive-cache-discard, --no-sandbox, --window-size=375,812]']&#xD;
&#xD;
2019-08-05 15:28:14 - [MESSAGE][PASSED] - Browser is opened with url: 'https://praetemptatus.agilehealthinsurance.com'&#xD;
&#xD;
2019-08-05 15:28:14 - [TEST_STEP][PASSED] - waitForPageLoad(20): Wait for page load successfully&#xD;
&#xD;
2019-08-05 15:28:14 - [MESSAGE][PASSED] - Wait for page load successfully&#xD;
&#xD;
2019-08-05 15:28:14 - [TEST_STEP][PASSED] - callTestCase(findTestCase("mobileWeb/_include/get_screenshot"), [:], STOP_ON_FAILURE): Call Test Case 'Test Cases/mobileWeb/_include/get_screenshot' successfully&#xD;
&#xD;
2019-08-05 15:28:14 - [TEST_CASE][PASSED] - Test Cases/mobileWeb/_include/get_screenshot: Test Cases/mobileWeb/_include/get_screenshot&#xD;
&#xD;
2019-08-05 15:28:14 - [TEST_STEP][PASSED] - takeScreenshot(screenPath + i + ".png"): Taking screenshot successfully&#xD;
&#xD;
2019-08-05 15:28:16 - [MESSAGE][PASSED] - Taking screenshot successfully&#xD;
[[ATTACHMENT|D:\\Test\\AgileTest\\AgileTest\\Reports\\mobileWeb\\hbi\\20190805_152013\\../Screenshots/iPhone X/hbi/Fixed Cash Benefit/20190805_152806/0.png]]&#xD;
&#xD;
2019-08-05 15:28:16 - [TEST_STEP][PASSED] - (internal.GlobalVariable.i++): null&#xD;
&#xD;
2019-08-05 15:28:16 - [MESSAGE][PASSED] - Call Test Case 'Test Cases/mobileWeb/_include/get_screenshot' successfully&#xD;
&#xD;
2019-08-05 15:28:16 - [MESSAGE][PASSED] - Call Test Case 'Test Cases/mobileWeb/_include/openWebSite' successfully&#xD;
&#xD;
2019-08-05 15:28:16 - [TEST_STEP][PASSED] - callTestCase(findTestCase("mobileWeb/_include/census_hbi"), ["zipcode":"85364"], CONTINUE_ON_FAILURE): Call Test Case 'Test Cases/mobileWeb/_include/census_hbi' successfully&#xD;
&#xD;
2019-08-05 15:28:17 - [TEST_CASE][PASSED] - Test Cases/mobileWeb/_include/census_hbi: Test Cases/mobileWeb/_include/census_hbi&#xD;
&#xD;
2019-08-05 15:28:17 - [TEST_STEP][PASSED] - click(findTestObject("mobileSanity/Common/side_nav/menu")): Object: 'Object Repository/mobileSanity/Common/side_nav/menu' is clicked on&#xD;
&#xD;
2019-08-05 15:28:17 - [MESSAGE][PASSED] - Object: 'Object Repository/mobileSanity/Common/side_nav/menu' is clicked on&#xD;
&#xD;
2019-08-05 15:28:17 - [TEST_STEP][PASSED] - Thread.sleep(3000): null&#xD;
&#xD;
2019-08-05 15:28:20 - [TEST_STEP][PASSED] - click(findTestObject("mobileSanity/Common/side_nav/nav_hbi")): Object: 'Object Repository/mobileSanity/Common/side_nav/nav_hbi' is clicked on&#xD;
&#xD;
2019-08-05 15:28:24 - [MESSAGE][PASSED] - Object: 'Object Repository/mobileSanity/Common/side_nav/nav_hbi' is clicked on&#xD;
&#xD;
2019-08-05 15:28:24 - [TEST_STEP][PASSED] - waitForPageLoad(10): Wait for page load successfully&#xD;
&#xD;
2019-08-05 15:28:24 - [MESSAGE][PASSED] - Wait for page load successfully&#xD;
&#xD;
2019-08-05 15:28:24 - [TEST_STEP][PASSED] - callTestCase(findTestCase("mobileWeb/_include/get_screenshot"), [:], STOP_ON_FAILURE): Call Test Case 'Test Cases/mobileWeb/_include/get_screenshot' successfully&#xD;
&#xD;
2019-08-05 15:28:24 - [TEST_CASE][PASSED] - Test Cases/mobileWeb/_include/get_screenshot: Test Cases/mobileWeb/_include/get_screenshot&#xD;
&#xD;
2019-08-05 15:28:24 - [TEST_STEP][PASSED] - takeScreenshot(screenPath + i + ".png"): Taking screenshot successfully&#xD;
&#xD;
2019-08-05 15:28:25 - [MESSAGE][PASSED] - Taking screenshot successfully&#xD;
[[ATTACHMENT|D:\\Test\\AgileTest\\AgileTest\\Reports\\mobileWeb\\hbi\\20190805_152013\\../Screenshots/iPhone X/hbi/Fixed Cash Benefit/20190805_152806/1.png]]&#xD;
&#xD;
2019-08-05 15:28:25 - [TEST_STEP][PASSED] - (internal.GlobalVariable.i++): null&#xD;
&#xD;
2019-08-05 15:28:25 - [MESSAGE][PASSED] - Call Test Case 'Test Cases/mobileWeb/_include/get_screenshot' successfully&#xD;
&#xD;
2019-08-05 15:28:25 - [TEST_STEP][PASSED] - setText(findTestObject("mobileSanity/HBI/census/input_Location_zip-input"), zipcode): Text '85364' is set on object 'Object Repository/mobileSanity/HBI/census/input_Location_zip-input'&#xD;
&#xD;
2019-08-05 15:28:25 - [MESSAGE][PASSED] - Text '85364' is set on object 'Object Repository/mobileSanity/HBI/census/input_Location_zip-input'&#xD;
&#xD;
2019-08-05 15:28:25 - [TEST_STEP][PASSED] - Thread.sleep(500): null&#xD;
&#xD;
2019-08-05 15:28:26 - [TEST_STEP][PASSED] - setText(findTestObject("mobileSanity/HBI/census/input_Date of Birth_dob-0"), "12121980"): Text '12121980' is set on object 'Object Repository/mobileSanity/HBI/census/input_Date of Birth_dob-0'&#xD;
&#xD;
2019-08-05 15:28:26 - [MESSAGE][PASSED] - Text '12121980' is set on object 'Object Repository/mobileSanity/HBI/census/input_Date of Birth_dob-0'&#xD;
&#xD;
2019-08-05 15:28:26 - [TEST_STEP][PASSED] - click(findTestObject("mobileSanity/HBI/census/label_Male")): Object: 'Object Repository/mobileSanity/HBI/census/label_Male' is clicked on&#xD;
&#xD;
2019-08-05 15:28:26 - [MESSAGE][PASSED] - Object: 'Object Repository/mobileSanity/HBI/census/label_Male' is clicked on&#xD;
&#xD;
2019-08-05 15:28:26 - [TEST_STEP][PASSED] - click(findTestObject("mobileSanity/HBI/census/label_Get a Quote")): Object: 'Object Repository/mobileSanity/HBI/census/label_Get a Quote' is clicked on&#xD;
&#xD;
2019-08-05 15:28:26 - [MESSAGE][PASSED] - Object: 'Object Repository/mobileSanity/HBI/census/label_Get a Quote' is clicked on&#xD;
&#xD;
2019-08-05 15:28:26 - [TEST_STEP][PASSED] - waitForPageLoad(20): Wait for page load successfully&#xD;
&#xD;
2019-08-05 15:28:26 - [MESSAGE][PASSED] - Wait for page load successfully&#xD;
&#xD;
2019-08-05 15:28:26 - [TEST_STEP][PASSED] - callTestCase(findTestCase("mobileWeb/_include/get_screenshot"), [:], STOP_ON_FAILURE): Call Test Case 'Test Cases/mobileWeb/_include/get_screenshot' successfully&#xD;
&#xD;
2019-08-05 15:28:26 - [TEST_CASE][PASSED] - Test Cases/mobileWeb/_include/get_screenshot: Test Cases/mobileWeb/_include/get_screenshot&#xD;
&#xD;
2019-08-05 15:28:26 - [TEST_STEP][PASSED] - takeScreenshot(screenPath + i + ".png"): Taking screenshot successfully&#xD;
&#xD;
2019-08-05 15:28:31 - [MESSAGE][PASSED] - Taking screenshot successfully&#xD;
[[ATTACHMENT|D:\\Test\\AgileTest\\AgileTest\\Reports\\mobileWeb\\hbi\\20190805_152013\\../Screenshots/iPhone X/hbi/Fixed Cash Benefit/20190805_152806/2.png]]&#xD;
&#xD;
2019-08-05 15:28:31 - [TEST_STEP][PASSED] - (internal.GlobalVariable.i++): null&#xD;
&#xD;
2019-08-05 15:28:31 - [MESSAGE][PASSED] - Call Test Case 'Test Cases/mobileWeb/_include/get_screenshot' successfully&#xD;
&#xD;
2019-08-05 15:28:31 - [MESSAGE][PASSED] - Call Test Case 'Test Cases/mobileWeb/_include/census_hbi' successfully&#xD;
&#xD;
2019-08-05 15:28:31 - [TEST_STEP][PASSED] - Thread.sleep(5000): null&#xD;
&#xD;
2019-08-05 15:28:36 - [TEST_STEP][PASSED] - scrollToPosition(200, 2300): Browser is scrolled to position x = 200, y = 2300&#xD;
&#xD;
2019-08-05 15:28:36 - [MESSAGE][PASSED] - Browser is scrolled to position x = 200, y = 2300&#xD;
&#xD;
2019-08-05 15:28:36 - [TEST_STEP][PASSED] - click(findTestObject("mobileSanity/HBI/quote/a_Fixed Cash Benefit")): Object: 'Object Repository/mobileSanity/HBI/quote/a_Fixed Cash Benefit' is clicked on&#xD;
&#xD;
2019-08-05 15:28:41 - [MESSAGE][PASSED] - Object: 'Object Repository/mobileSanity/HBI/quote/a_Fixed Cash Benefit' is clicked on&#xD;
&#xD;
2019-08-05 15:28:41 - [TEST_STEP][PASSED] - waitForPageLoad(10): Wait for page load successfully&#xD;
&#xD;
2019-08-05 15:28:41 - [MESSAGE][PASSED] - Wait for page load successfully&#xD;
&#xD;
2019-08-05 15:28:41 - [TEST_STEP][PASSED] - callTestCase(findTestCase("mobileWeb/_include/get_screenshot"), [:], STOP_ON_FAILURE): Call Test Case 'Test Cases/mobileWeb/_include/get_screenshot' successfully&#xD;
&#xD;
2019-08-05 15:28:41 - [TEST_CASE][PASSED] - Test Cases/mobileWeb/_include/get_screenshot: Test Cases/mobileWeb/_include/get_screenshot&#xD;
&#xD;
2019-08-05 15:28:41 - [TEST_STEP][PASSED] - takeScreenshot(screenPath + i + ".png"): Taking screenshot successfully&#xD;
&#xD;
2019-08-05 15:28:43 - [MESSAGE][PASSED] - Taking screenshot successfully&#xD;
[[ATTACHMENT|D:\\Test\\AgileTest\\AgileTest\\Reports\\mobileWeb\\hbi\\20190805_152013\\../Screenshots/iPhone X/hbi/Fixed Cash Benefit/20190805_152806/3.png]]&#xD;
&#xD;
2019-08-05 15:28:43 - [TEST_STEP][PASSED] - (internal.GlobalVariable.i++): null&#xD;
&#xD;
2019-08-05 15:28:43 - [MESSAGE][PASSED] - Call Test Case 'Test Cases/mobileWeb/_include/get_screenshot' successfully&#xD;
&#xD;
2019-08-05 15:28:43 - [TEST_STEP][PASSED] - click(findTestObject("mobileSanity/HBI/detail/a_Apply for This Plan")): Object: 'Object Repository/mobileSanity/HBI/detail/a_Apply for This Plan' is clicked on&#xD;
&#xD;
2019-08-05 15:28:44 - [MESSAGE][PASSED] - Object: 'Object Repository/mobileSanity/HBI/detail/a_Apply for This Plan' is clicked on&#xD;
&#xD;
2019-08-05 15:28:44 - [TEST_STEP][PASSED] - waitForPageLoad(10): Wait for page load successfully&#xD;
&#xD;
2019-08-05 15:28:44 - [MESSAGE][PASSED] - Wait for page load successfully&#xD;
&#xD;
2019-08-05 15:28:44 - [TEST_STEP][PASSED] - callTestCase(findTestCase("mobileWeb/_include/get_screenshot"), [:], STOP_ON_FAILURE): Call Test Case 'Test Cases/mobileWeb/_include/get_screenshot' successfully&#xD;
&#xD;
2019-08-05 15:28:44 - [TEST_CASE][PASSED] - Test Cases/mobileWeb/_include/get_screenshot: Test Cases/mobileWeb/_include/get_screenshot&#xD;
&#xD;
2019-08-05 15:28:44 - [TEST_STEP][PASSED] - takeScreenshot(screenPath + i + ".png"): Taking screenshot successfully&#xD;
&#xD;
2019-08-05 15:28:45 - [MESSAGE][PASSED] - Taking screenshot successfully&#xD;
[[ATTACHMENT|D:\\Test\\AgileTest\\AgileTest\\Reports\\mobileWeb\\hbi\\20190805_152013\\../Screenshots/iPhone X/hbi/Fixed Cash Benefit/20190805_152806/4.png]]&#xD;
&#xD;
2019-08-05 15:28:45 - [TEST_STEP][PASSED] - (internal.GlobalVariable.i++): null&#xD;
&#xD;
2019-08-05 15:28:45 - [MESSAGE][PASSED] - Call Test Case 'Test Cases/mobileWeb/_include/get_screenshot' successfully&#xD;
&#xD;
2019-08-05 15:28:45 - [TEST_STEP][PASSED] - click(findTestObject("mobileSanity/HBI/Page_Apply/span_Start Secure Application")): Object: 'Object Repository/mobileSanity/HBI/Page_Apply/span_Start Secure Application' is clicked on&#xD;
&#xD;
2019-08-05 15:28:47 - [MESSAGE][PASSED] - Object: 'Object Repository/mobileSanity/HBI/Page_Apply/span_Start Secure Application' is clicked on&#xD;
&#xD;
2019-08-05 15:28:47 - [TEST_STEP][PASSED] - waitForPageLoad(10): Wait for page load successfully&#xD;
&#xD;
2019-08-05 15:28:47 - [MESSAGE][PASSED] - Wait for page load successfully&#xD;
&#xD;
2019-08-05 15:28:47 - [TEST_STEP][PASSED] - callTestCase(findTestCase("mobileWeb/_include/get_screenshot"), [:], STOP_ON_FAILURE): Call Test Case 'Test Cases/mobileWeb/_include/get_screenshot' successfully&#xD;
&#xD;
2019-08-05 15:28:47 - [TEST_CASE][PASSED] - Test Cases/mobileWeb/_include/get_screenshot: Test Cases/mobileWeb/_include/get_screenshot&#xD;
&#xD;
2019-08-05 15:28:47 - [TEST_STEP][PASSED] - takeScreenshot(screenPath + i + ".png"): Taking screenshot successfully&#xD;
&#xD;
2019-08-05 15:28:48 - [MESSAGE][PASSED] - Taking screenshot successfully&#xD;
[[ATTACHMENT|D:\\Test\\AgileTest\\AgileTest\\Reports\\mobileWeb\\hbi\\20190805_152013\\../Screenshots/iPhone X/hbi/Fixed Cash Benefit/20190805_152806/5.png]]&#xD;
&#xD;
2019-08-05 15:28:48 - [TEST_STEP][PASSED] - (internal.GlobalVariable.i++): null&#xD;
&#xD;
2019-08-05 15:28:48 - [MESSAGE][PASSED] - Call Test Case 'Test Cases/mobileWeb/_include/get_screenshot' successfully&#xD;
&#xD;
2019-08-05 15:28:48 - [TEST_STEP][PASSED] - callTestCase(findTestCase("mobileWeb/_include/goToEnd_hbi"), ["carrier":"FixedCashBenefit"], CONTINUE_ON_FAILURE): Call Test Case 'Test Cases/mobileWeb/_include/goToEnd_hbi' successfully&#xD;
&#xD;
2019-08-05 15:28:48 - [TEST_CASE][PASSED] - Test Cases/mobileWeb/_include/goToEnd_hbi: Test Cases/mobileWeb/_include/goToEnd_hbi&#xD;
&#xD;
2019-08-05 15:28:49 - [TEST_STEP][PASSED] - if (state == "ca"): null&#xD;
&#xD;
2019-08-05 15:28:49 - [TEST_STEP][PASSED] - callTestCase(findTestCase("mobileWeb/_include/name"), [:], CONTINUE_ON_FAILURE): Call Test Case 'Test Cases/mobileWeb/_include/name' successfully&#xD;
&#xD;
2019-08-05 15:28:49 - [TEST_CASE][PASSED] - Test Cases/mobileWeb/_include/name: Test Cases/mobileWeb/_include/name&#xD;
&#xD;
2019-08-05 15:28:49 - [TEST_STEP][PASSED] - driver = getWebDriver(): null&#xD;
&#xD;
2019-08-05 15:28:49 - [TEST_STEP][PASSED] - selenium = new com.thoughtworks.selenium.webdriven.WebDriverBackedSelenium(driver, internal.GlobalVariable.ENV): null&#xD;
&#xD;
2019-08-05 15:28:49 - [TEST_STEP][PASSED] - FirstName = "Test-123": null&#xD;
&#xD;
2019-08-05 15:28:49 - [TEST_STEP][PASSED] - LastName = selenium.getEval("{var x="ABCDEFGHIJKLMNOPQRSTUVWXYZabcdefghijklmnopqrstuvwxyz"; var tmp="ZZ11-"; for (i=0;i&lt;8;i++) tmp+=x.charAt(Math.ceil(51*Math.random()));tmp;}"): null&#xD;
&#xD;
2019-08-05 15:28:49 - [TEST_STEP][PASSED] - Address = selenium.getEval("{var x="ABCDEFGHIJKLMNOPQRSTUVWXYZabcdefghijklmnopqrstuvwxyz"; var tmp=""; for (i=0;i&lt;8;i++) tmp+=x.charAt(Math.ceil(51*Math.random()));tmp;}"): null&#xD;
&#xD;
2019-08-05 15:28:49 - [TEST_STEP][PASSED] - City = selenium.getEval("{var x="ABCDEFGHIJKLMNOPQRSTUVWXYZabcdefghijklmnopqrstuvwxyz"; var tmp=""; for (i=0;i&lt;8;i++) tmp+=x.charAt(Math.ceil(51*Math.random()));tmp;}"): null&#xD;
&#xD;
2019-08-05 15:28:49 - [TEST_STEP][PASSED] - tel1 = selenium.getEval("{var x="123456789"; var tmp=""; for (i=0;i&lt;3;i++) tmp+=x.charAt(Math.ceil(8*Math.random()));tmp;}"): null&#xD;
&#xD;
2019-08-05 15:28:49 - [TEST_STEP][PASSED] - tel2 = selenium.getEval("{var x="123456789"; var tmp=""; for (i=0;i&lt;3;i++) tmp+=x.charAt(Math.ceil(8*Math.random()));tmp;}"): null&#xD;
&#xD;
2019-08-05 15:28:49 - [TEST_STEP][PASSED] - tel3 = selenium.getEval("{var x="123456789"; var tmp=""; for (i=0;i&lt;4;i++) tmp+=x.charAt(Math.ceil(8*Math.random()));tmp;}"): null&#xD;
&#xD;
2019-08-05 15:28:49 - [TEST_STEP][PASSED] - Tel = selenium.getExpression(tel1 + "-" + tel2 + "-" + tel3): null&#xD;
&#xD;
2019-08-05 15:28:49 - [TEST_STEP][PASSED] - AutoEmail = selenium.getEval("{var x="ABCDEFGHIJKLMNOPQRSTUVWXYZabcdefghijklmnopqrstuvwxyz"; var tmp="test."; for (i=0;i&lt;8;i++) tmp+=x.charAt(Math.ceil(51*Math.random()));tmp+="@suryani.cn";}"): null&#xD;
&#xD;
2019-08-05 15:28:49 - [TEST_STEP][PASSED] - FirstName = FirstName: null&#xD;
&#xD;
2019-08-05 15:28:49 - [TEST_STEP][PASSED] - LastName = LastName: null&#xD;
&#xD;
2019-08-05 15:28:49 - [TEST_STEP][PASSED] - Address = Address: null&#xD;
&#xD;
2019-08-05 15:28:49 - [TEST_STEP][PASSED] - City = City: null&#xD;
&#xD;
2019-08-05 15:28:49 - [TEST_STEP][PASSED] - Tel = Tel: null&#xD;
&#xD;
2019-08-05 15:28:49 - [TEST_STEP][PASSED] - AutoEmail = AutoEmail: null&#xD;
&#xD;
2019-08-05 15:28:49 - [TEST_STEP][PASSED] - println(FirstName): null&#xD;
&#xD;
2019-08-05 15:28:49 - [TEST_STEP][PASSED] - println(LastName): null&#xD;
&#xD;
2019-08-05 15:28:49 - [TEST_STEP][PASSED] - println(Address): null&#xD;
&#xD;
2019-08-05 15:28:49 - [TEST_STEP][PASSED] - println(City): null&#xD;
&#xD;
2019-08-05 15:28:49 - [TEST_STEP][PASSED] - println(Tel): null&#xD;
&#xD;
2019-08-05 15:28:49 - [TEST_STEP][PASSED] - println(AutoEmail): null&#xD;
&#xD;
2019-08-05 15:28:49 - [MESSAGE][PASSED] - Call Test Case 'Test Cases/mobileWeb/_include/name' successfully&#xD;
&#xD;
2019-08-05 15:28:49 - [TEST_STEP][PASSED] - setText(findTestObject("mobileSanity/HBI/Page_App Page 1/input__member-P-1-firstName"), FirstName): Text 'Test-123' is set on object 'Object Repository/mobileSanity/HBI/Page_App Page 1/input__member-P-1-firstName'&#xD;
&#xD;
2019-08-05 15:28:49 - [MESSAGE][PASSED] - Text 'Test-123' is set on object 'Object Repository/mobileSanity/HBI/Page_App Page 1/input__member-P-1-firstName'&#xD;
&#xD;
2019-08-05 15:28:49 - [TEST_STEP][PASSED] - setText(findTestObject("mobileSanity/HBI/Page_App Page 1/input__member-P-1-lastName"), LastName): Text 'ZZ11-ZWaELoFu' is set on object 'Object Repository/mobileSanity/HBI/Page_App Page 1/input__member-P-1-lastName'&#xD;
&#xD;
2019-08-05 15:28:50 - [MESSAGE][PASSED] - Text 'ZZ11-ZWaELoFu' is set on object 'Object Repository/mobileSanity/HBI/Page_App Page 1/input__member-P-1-lastName'&#xD;
&#xD;
2019-08-05 15:28:50 - [TEST_STEP][PASSED] - if (carrier == "agileone" || carrier == "agilesecure"): null&#xD;
&#xD;
2019-08-05 15:28:50 - [TEST_STEP][PASSED] - setText(findTestObject("mobileSanity/HBI/Page_App Page 1/input__address"), Address): Text 'ITcypDIG' is set on object 'Object Repository/mobileSanity/HBI/Page_App Page 1/input__address'&#xD;
&#xD;
2019-08-05 15:28:50 - [MESSAGE][PASSED] - Text 'ITcypDIG' is set on object 'Object Repository/mobileSanity/HBI/Page_App Page 1/input__address'&#xD;
&#xD;
2019-08-05 15:28:50 - [TEST_STEP][PASSED] - setText(findTestObject("mobileSanity/HBI/Page_App Page 1/input__city"), City): Text 'ipjgiEqF' is set on object 'Object Repository/mobileSanity/HBI/Page_App Page 1/input__city'&#xD;
&#xD;
2019-08-05 15:28:50 - [MESSAGE][PASSED] - Text 'ipjgiEqF' is set on object 'Object Repository/mobileSanity/HBI/Page_App Page 1/input__city'&#xD;
&#xD;
2019-08-05 15:28:50 - [TEST_STEP][PASSED] - setText(findTestObject("mobileSanity/HBI/Page_App Page 1/input__email"), AutoEmail): Text 'test.TeuPjoyt@suryani.cn' is set on object 'Object Repository/mobileSanity/HBI/Page_App Page 1/input__email'&#xD;
&#xD;
2019-08-05 15:28:50 - [MESSAGE][PASSED] - Text 'test.TeuPjoyt@suryani.cn' is set on object 'Object Repository/mobileSanity/HBI/Page_App Page 1/input__email'&#xD;
&#xD;
2019-08-05 15:28:50 - [TEST_STEP][PASSED] - setText(findTestObject("mobileSanity/HBI/Page_App Page 1/input_tel"), Tel): Text '637-644-2225' is set on object 'Object Repository/mobileSanity/HBI/Page_App Page 1/input_tel'&#xD;
&#xD;
2019-08-05 15:28:51 - [MESSAGE][PASSED] - Text '637-644-2225' is set on object 'Object Repository/mobileSanity/HBI/Page_App Page 1/input_tel'&#xD;
&#xD;
2019-08-05 15:28:51 - [TEST_STEP][PASSED] - click(findTestObject("mobileSanity/HBI/Page_App Page 1/a_Continue to Step 2 - Payment")): Object: 'Object Repository/mobileSanity/HBI/Page_App Page 1/a_Continue to Step 2 - Payment' is clicked on&#xD;
&#xD;
2019-08-05 15:28:51 - [MESSAGE][PASSED] - Object: 'Object Repository/mobileSanity/HBI/Page_App Page 1/a_Continue to Step 2 - Payment' is clicked on&#xD;
&#xD;
2019-08-05 15:28:51 - [TEST_STEP][PASSED] - waitForPageLoad(20): Wait for page load successfully&#xD;
&#xD;
2019-08-05 15:28:51 - [MESSAGE][PASSED] - Wait for page load successfully&#xD;
&#xD;
2019-08-05 15:28:51 - [TEST_STEP][PASSED] - Thread.sleep(2000): null&#xD;
&#xD;
2019-08-05 15:28:53 - [TEST_STEP][PASSED] - waitForElementVisible(findTestObject("mobileSanity/HBI/Page_App Page 2/input__credit-card-first"), 20): Object 'Object Repository/mobileSanity/HBI/Page_App Page 2/input__credit-card-first' is visible&#xD;
&#xD;
2019-08-05 15:28:53 - [MESSAGE][PASSED] - Object 'Object Repository/mobileSanity/HBI/Page_App Page 2/input__credit-card-first' is visible&#xD;
&#xD;
2019-08-05 15:28:53 - [TEST_STEP][PASSED] - callTestCase(findTestCase("mobileWeb/_include/get_screenshot"), [:], STOP_ON_FAILURE): Call Test Case 'Test Cases/mobileWeb/_include/get_screenshot' successfully&#xD;
&#xD;
2019-08-05 15:28:53 - [TEST_CASE][PASSED] - Test Cases/mobileWeb/_include/get_screenshot: Test Cases/mobileWeb/_include/get_screenshot&#xD;
&#xD;
2019-08-05 15:28:53 - [TEST_STEP][PASSED] - takeScreenshot(screenPath + i + ".png"): Taking screenshot successfully&#xD;
&#xD;
2019-08-05 15:28:54 - [MESSAGE][PASSED] - Taking screenshot successfully&#xD;
[[ATTACHMENT|D:\\Test\\AgileTest\\AgileTest\\Reports\\mobileWeb\\hbi\\20190805_152013\\../Screenshots/iPhone X/hbi/Fixed Cash Benefit/20190805_152806/6.png]]&#xD;
&#xD;
2019-08-05 15:28:54 - [TEST_STEP][PASSED] - (internal.GlobalVariable.i++): null&#xD;
&#xD;
2019-08-05 15:28:54 - [MESSAGE][PASSED] - Call Test Case 'Test Cases/mobileWeb/_include/get_screenshot' successfully&#xD;
&#xD;
2019-08-05 15:28:54 - [TEST_STEP][PASSED] - setText(findTestObject("mobileSanity/HBI/Page_App Page 2/input__credit-card-first"), FirstName): Text 'Test-123' is set on object 'Object Repository/mobileSanity/HBI/Page_App Page 2/input__credit-card-first'&#xD;
&#xD;
2019-08-05 15:28:54 - [MESSAGE][PASSED] - Text 'Test-123' is set on object 'Object Repository/mobileSanity/HBI/Page_App Page 2/input__credit-card-first'&#xD;
&#xD;
2019-08-05 15:28:54 - [TEST_STEP][PASSED] - setText(findTestObject("mobileSanity/HBI/Page_App Page 2/input__credit-card-last"), LastName): Text 'ZZ11-ZWaELoFu' is set on object 'Object Repository/mobileSanity/HBI/Page_App Page 2/input__credit-card-last'&#xD;
&#xD;
2019-08-05 15:28:54 - [MESSAGE][PASSED] - Text 'ZZ11-ZWaELoFu' is set on object 'Object Repository/mobileSanity/HBI/Page_App Page 2/input__credit-card-last'&#xD;
&#xD;
2019-08-05 15:28:54 - [TEST_STEP][PASSED] - selectOptionByValue(findTestObject("mobileSanity/HBI/Page_App Page 2/select_MM010203040506070809101"), "12", true): All options with value '12' are selected in object 'Object Repository/mobileSanity/HBI/Page_App Page 2/select_MM010203040506070809101'  using regular expression&#xD;
&#xD;
2019-08-05 15:28:55 - [MESSAGE][PASSED] - All options with value '12' are selected in object 'Object Repository/mobileSanity/HBI/Page_App Page 2/select_MM010203040506070809101'  using regular expression&#xD;
&#xD;
2019-08-05 15:28:55 - [TEST_STEP][PASSED] - selectOptionByValue(findTestObject("mobileSanity/HBI/Page_App Page 2/select_YYYY2019202020212022202"), "2026", true): All options with value '2026' are selected in object 'Object Repository/mobileSanity/HBI/Page_App Page 2/select_YYYY2019202020212022202'  using regular expression&#xD;
&#xD;
2019-08-05 15:28:55 - [MESSAGE][PASSED] - All options with value '2026' are selected in object 'Object Repository/mobileSanity/HBI/Page_App Page 2/select_YYYY2019202020212022202'  using regular expression&#xD;
&#xD;
2019-08-05 15:28:55 - [TEST_STEP][PASSED] - setText(findTestObject("mobileSanity/HBI/Page_App Page 2/input__credit-card-number"), "4111111111111111"): Text '4111111111111111' is set on object 'Object Repository/mobileSanity/HBI/Page_App Page 2/input__credit-card-number'&#xD;
&#xD;
2019-08-05 15:28:55 - [MESSAGE][PASSED] - Text '4111111111111111' is set on object 'Object Repository/mobileSanity/HBI/Page_App Page 2/input__credit-card-number'&#xD;
&#xD;
2019-08-05 15:28:55 - [TEST_STEP][PASSED] - setText(findTestObject("mobileSanity/HBI/Page_App Page 2/input__cvv"), "123"): Text '123' is set on object 'Object Repository/mobileSanity/HBI/Page_App Page 2/input__cvv'&#xD;
&#xD;
2019-08-05 15:28:55 - [MESSAGE][PASSED] - Text '123' is set on object 'Object Repository/mobileSanity/HBI/Page_App Page 2/input__cvv'&#xD;
&#xD;
2019-08-05 15:28:55 - [TEST_STEP][PASSED] - click(findTestObject("mobileSanity/HBI/Page_App Page 2/label_My billing address is th")): Object: 'Object Repository/mobileSanity/HBI/Page_App Page 2/label_My billing address is th' is clicked on&#xD;
&#xD;
2019-08-05 15:28:55 - [MESSAGE][PASSED] - Object: 'Object Repository/mobileSanity/HBI/Page_App Page 2/label_My billing address is th' is clicked on&#xD;
&#xD;
2019-08-05 15:28:55 - [TEST_STEP][PASSED] - click(findTestObject("mobileSanity/HBI/Page_App Page 2/label_I Accept Authorization f")): Object: 'Object Repository/mobileSanity/HBI/Page_App Page 2/label_I Accept Authorization f' is clicked on&#xD;
&#xD;
2019-08-05 15:28:56 - [MESSAGE][PASSED] - Object: 'Object Repository/mobileSanity/HBI/Page_App Page 2/label_I Accept Authorization f' is clicked on&#xD;
&#xD;
2019-08-05 15:28:56 - [TEST_STEP][PASSED] - click(findTestObject("mobileSanity/HBI/Page_App Page 2/a_Continue to Step 3 - Review")): Object: 'Object Repository/mobileSanity/HBI/Page_App Page 2/a_Continue to Step 3 - Review' is clicked on&#xD;
&#xD;
2019-08-05 15:28:56 - [MESSAGE][PASSED] - Object: 'Object Repository/mobileSanity/HBI/Page_App Page 2/a_Continue to Step 3 - Review' is clicked on&#xD;
&#xD;
2019-08-05 15:28:56 - [TEST_STEP][PASSED] - waitForPageLoad(20): Wait for page load successfully&#xD;
&#xD;
2019-08-05 15:28:56 - [MESSAGE][PASSED] - Wait for page load successfully&#xD;
&#xD;
2019-08-05 15:28:56 - [TEST_STEP][PASSED] - Thread.sleep(2000): null&#xD;
&#xD;
2019-08-05 15:28:58 - [TEST_STEP][PASSED] - callTestCase(findTestCase("mobileWeb/_include/get_screenshot"), [:], STOP_ON_FAILURE): Call Test Case 'Test Cases/mobileWeb/_include/get_screenshot' successfully&#xD;
&#xD;
2019-08-05 15:28:58 - [TEST_CASE][PASSED] - Test Cases/mobileWeb/_include/get_screenshot: Test Cases/mobileWeb/_include/get_screenshot&#xD;
&#xD;
2019-08-05 15:28:58 - [TEST_STEP][PASSED] - takeScreenshot(screenPath + i + ".png"): Taking screenshot successfully&#xD;
&#xD;
2019-08-05 15:29:00 - [MESSAGE][PASSED] - Taking screenshot successfully&#xD;
[[ATTACHMENT|D:\\Test\\AgileTest\\AgileTest\\Reports\\mobileWeb\\hbi\\20190805_152013\\../Screenshots/iPhone X/hbi/Fixed Cash Benefit/20190805_152806/7.png]]&#xD;
&#xD;
2019-08-05 15:29:00 - [TEST_STEP][PASSED] - (internal.GlobalVariable.i++): null&#xD;
&#xD;
2019-08-05 15:29:00 - [MESSAGE][PASSED] - Call Test Case 'Test Cases/mobileWeb/_include/get_screenshot' successfully&#xD;
&#xD;
2019-08-05 15:29:00 - [TEST_STEP][PASSED] - if (test.MobileKeywords.isElementPresent_Web(findTestObject("mobileSanity/HBI/Page_App Page 2/a_No Thanks"), 10)): test.MobileKeywords.isElementPresent_Web is PASSED&#xD;
&#xD;
2019-08-05 15:29:21 - [MESSAGE][INFO] - Unable to find the element located by 'By.xpath: //a[@type = 'submit' and (text() = 'No Thanks' or . = 'No Thanks')]'. Please recheck the objects properties to make sure the desired element is located. &#xD;
&#xD;
2019-08-05 15:29:21 - [MESSAGE][PASSED] - test.MobileKeywords.isElementPresent_Web is PASSED&#xD;
&#xD;
2019-08-05 15:29:21 - [TEST_STEP][PASSED] - click(findTestObject("mobileSanity/HBI/Page_App Page 3/label")): Object: 'Object Repository/mobileSanity/HBI/Page_App Page 3/label' is clicked on&#xD;
&#xD;
2019-08-05 15:29:21 - [MESSAGE][PASSED] - Object: 'Object Repository/mobileSanity/HBI/Page_App Page 3/label' is clicked on&#xD;
&#xD;
2019-08-05 15:29:21 - [TEST_STEP][PASSED] - click(findTestObject("mobileSanity/HBI/Page_App Page 3/p_CLICK TO SIGN")): Object: 'Object Repository/mobileSanity/HBI/Page_App Page 3/p_CLICK TO SIGN' is clicked on&#xD;
&#xD;
2019-08-05 15:29:21 - [MESSAGE][PASSED] - Object: 'Object Repository/mobileSanity/HBI/Page_App Page 3/p_CLICK TO SIGN' is clicked on&#xD;
&#xD;
2019-08-05 15:29:21 - [TEST_STEP][PASSED] - click(findTestObject("mobileSanity/HBI/Page_App Page 3/a_Submit Your Application")): Object: 'Object Repository/mobileSanity/HBI/Page_App Page 3/a_Submit Your Application' is clicked on&#xD;
&#xD;
2019-08-05 15:29:22 - [MESSAGE][PASSED] - Object: 'Object Repository/mobileSanity/HBI/Page_App Page 3/a_Submit Your Application' is clicked on&#xD;
&#xD;
2019-08-05 15:29:22 - [TEST_STEP][PASSED] - Thread.sleep(30000): null&#xD;
&#xD;
2019-08-05 15:29:52 - [TEST_STEP][PASSED] - callTestCase(findTestCase("mobileWeb/_include/get_screenshot"), [:], STOP_ON_FAILURE): Call Test Case 'Test Cases/mobileWeb/_include/get_screenshot' successfully&#xD;
&#xD;
2019-08-05 15:29:52 - [TEST_CASE][PASSED] - Test Cases/mobileWeb/_include/get_screenshot: Test Cases/mobileWeb/_include/get_screenshot&#xD;
&#xD;
2019-08-05 15:29:52 - [TEST_STEP][PASSED] - takeScreenshot(screenPath + i + ".png"): Taking screenshot successfully&#xD;
&#xD;
2019-08-05 15:29:55 - [MESSAGE][PASSED] - Taking screenshot successfully&#xD;
[[ATTACHMENT|D:\\Test\\AgileTest\\AgileTest\\Reports\\mobileWeb\\hbi\\20190805_152013\\../Screenshots/iPhone X/hbi/Fixed Cash Benefit/20190805_152806/8.png]]&#xD;
&#xD;
2019-08-05 15:29:55 - [TEST_STEP][PASSED] - (internal.GlobalVariable.i++): null&#xD;
&#xD;
2019-08-05 15:29:55 - [MESSAGE][PASSED] - Call Test Case 'Test Cases/mobileWeb/_include/get_screenshot' successfully&#xD;
&#xD;
2019-08-05 15:29:55 - [TEST_STEP][PASSED] - verifyTextPresent("Congratulations", false): Text 'Congratulations' is present on page &#xD;
&#xD;
2019-08-05 15:29:55 - [MESSAGE][PASSED] - Text 'Congratulations' is present on page &#xD;
&#xD;
2019-08-05 15:29:55 - [MESSAGE][PASSED] - Call Test Case 'Test Cases/mobileWeb/_include/goToEnd_hbi' successfully</system-out>
            <system-err></system-err>
        </testcase>
        <testcase name="Test Cases/mobileWeb/HBI/Health Choice" classname="Test Cases/mobileWeb/HBI/Health Choice" status="PASSED">
            <system-out>2019-08-05 15:29:55 - [TEST_CASE][PASSED] - Test Cases/mobileWeb/HBI/Health Choice: Test Cases/mobileWeb/HBI/Health Choice&#xD;
&#xD;
2019-08-05 15:29:56 - [TEST_STEP][PASSED] - callTestCase(findTestCase("mobileWeb/_include/get_screenPath"), ["productLine":"hbi", "carrierName":"Health Choice"], CONTINUE_ON_FAILURE): Call Test Case 'Test Cases/mobileWeb/_include/get_screenPath' successfully&#xD;
&#xD;
2019-08-05 15:29:56 - [TEST_CASE][PASSED] - Test Cases/mobileWeb/_include/get_screenPath: Test Cases/mobileWeb/_include/get_screenPath&#xD;
&#xD;
2019-08-05 15:29:56 - [TEST_STEP][PASSED] - m = getExecutionProperties(): null&#xD;
&#xD;
2019-08-05 15:29:56 - [TEST_STEP][PASSED] - deviceName = get("mobileEmulation").get("deviceName"): null&#xD;
&#xD;
2019-08-05 15:29:56 - [TEST_STEP][PASSED] - println(deviceName): null&#xD;
&#xD;
2019-08-05 15:29:56 - [TEST_STEP][PASSED] - now = new java.util.Date(): null&#xD;
&#xD;
2019-08-05 15:29:56 - [TEST_STEP][PASSED] - mydate = now.format("yyyyMMdd_HHmmss"): null&#xD;
&#xD;
2019-08-05 15:29:56 - [TEST_STEP][PASSED] - screenPath = "../Screenshots/": null&#xD;
&#xD;
2019-08-05 15:29:56 - [TEST_STEP][PASSED] - screenPath = screenPath + deviceName + "/" + productLine + "/" + carrierName + "/" + mydate + "/": null&#xD;
&#xD;
2019-08-05 15:29:56 - [TEST_STEP][PASSED] - println(screenPath): null&#xD;
&#xD;
2019-08-05 15:29:56 - [MESSAGE][PASSED] - Call Test Case 'Test Cases/mobileWeb/_include/get_screenPath' successfully&#xD;
&#xD;
2019-08-05 15:29:56 - [TEST_STEP][PASSED] - i = 0: null&#xD;
&#xD;
2019-08-05 15:29:56 - [TEST_STEP][PASSED] - callTestCase(findTestCase("mobileWeb/_include/openWebSite"), [:], CONTINUE_ON_FAILURE): Call Test Case 'Test Cases/mobileWeb/_include/openWebSite' successfully&#xD;
&#xD;
2019-08-05 15:29:56 - [TEST_CASE][PASSED] - Test Cases/mobileWeb/_include/openWebSite: Test Cases/mobileWeb/_include/openWebSite&#xD;
&#xD;
2019-08-05 15:29:56 - [TEST_STEP][PASSED] - openBrowser(env): Browser is opened with url: 'https://praetemptatus.agilehealthinsurance.com'&#xD;
&#xD;
2019-08-05 15:29:56 - [MESSAGE][WARNING] - A browser is already opened. Closing browser and opening a new one&#xD;
&#xD;
2019-08-05 15:29:56 - [MESSAGE][INFO] - Starting 'Chrome' driver&#xD;
&#xD;
2019-08-05 15:29:56 - [MESSAGE][INFO] - User set preference: ['mobileEmulation', '{deviceName=iPhone X}']&#xD;
&#xD;
2019-08-05 15:29:56 - [MESSAGE][INFO] - User set preference: ['args', '[--incognito, --aggressive-cache-discard, --no-sandbox, --window-size=375,812]']&#xD;
&#xD;
2019-08-05 15:30:04 - [MESSAGE][PASSED] - Browser is opened with url: 'https://praetemptatus.agilehealthinsurance.com'&#xD;
&#xD;
2019-08-05 15:30:04 - [TEST_STEP][PASSED] - waitForPageLoad(20): Wait for page load successfully&#xD;
&#xD;
2019-08-05 15:30:04 - [MESSAGE][PASSED] - Wait for page load successfully&#xD;
&#xD;
2019-08-05 15:30:04 - [TEST_STEP][PASSED] - callTestCase(findTestCase("mobileWeb/_include/get_screenshot"), [:], STOP_ON_FAILURE): Call Test Case 'Test Cases/mobileWeb/_include/get_screenshot' successfully&#xD;
&#xD;
2019-08-05 15:30:04 - [TEST_CASE][PASSED] - Test Cases/mobileWeb/_include/get_screenshot: Test Cases/mobileWeb/_include/get_screenshot&#xD;
&#xD;
2019-08-05 15:30:04 - [TEST_STEP][PASSED] - takeScreenshot(screenPath + i + ".png"): Taking screenshot successfully&#xD;
&#xD;
2019-08-05 15:30:06 - [MESSAGE][PASSED] - Taking screenshot successfully&#xD;
[[ATTACHMENT|D:\\Test\\AgileTest\\AgileTest\\Reports\\mobileWeb\\hbi\\20190805_152013\\../Screenshots/iPhone X/hbi/Health Choice/20190805_152956/0.png]]&#xD;
&#xD;
2019-08-05 15:30:06 - [TEST_STEP][PASSED] - (internal.GlobalVariable.i++): null&#xD;
&#xD;
2019-08-05 15:30:06 - [MESSAGE][PASSED] - Call Test Case 'Test Cases/mobileWeb/_include/get_screenshot' successfully&#xD;
&#xD;
2019-08-05 15:30:06 - [MESSAGE][PASSED] - Call Test Case 'Test Cases/mobileWeb/_include/openWebSite' successfully&#xD;
&#xD;
2019-08-05 15:30:06 - [TEST_STEP][PASSED] - callTestCase(findTestCase("mobileWeb/_include/census_hbi"), [:], CONTINUE_ON_FAILURE): Call Test Case 'Test Cases/mobileWeb/_include/census_hbi' successfully&#xD;
&#xD;
2019-08-05 15:30:06 - [TEST_CASE][PASSED] - Test Cases/mobileWeb/_include/census_hbi: Test Cases/mobileWeb/_include/census_hbi&#xD;
&#xD;
2019-08-05 15:30:06 - [TEST_STEP][PASSED] - click(findTestObject("mobileSanity/Common/side_nav/menu")): Object: 'Object Repository/mobileSanity/Common/side_nav/menu' is clicked on&#xD;
&#xD;
2019-08-05 15:30:07 - [MESSAGE][PASSED] - Object: 'Object Repository/mobileSanity/Common/side_nav/menu' is clicked on&#xD;
&#xD;
2019-08-05 15:30:07 - [TEST_STEP][PASSED] - Thread.sleep(3000): null&#xD;
&#xD;
2019-08-05 15:30:10 - [TEST_STEP][PASSED] - click(findTestObject("mobileSanity/Common/side_nav/nav_hbi")): Object: 'Object Repository/mobileSanity/Common/side_nav/nav_hbi' is clicked on&#xD;
&#xD;
2019-08-05 15:30:14 - [MESSAGE][PASSED] - Object: 'Object Repository/mobileSanity/Common/side_nav/nav_hbi' is clicked on&#xD;
&#xD;
2019-08-05 15:30:14 - [TEST_STEP][PASSED] - waitForPageLoad(10): Wait for page load successfully&#xD;
&#xD;
2019-08-05 15:30:14 - [MESSAGE][PASSED] - Wait for page load successfully&#xD;
&#xD;
2019-08-05 15:30:14 - [TEST_STEP][PASSED] - callTestCase(findTestCase("mobileWeb/_include/get_screenshot"), [:], STOP_ON_FAILURE): Call Test Case 'Test Cases/mobileWeb/_include/get_screenshot' successfully&#xD;
&#xD;
2019-08-05 15:30:14 - [TEST_CASE][PASSED] - Test Cases/mobileWeb/_include/get_screenshot: Test Cases/mobileWeb/_include/get_screenshot&#xD;
&#xD;
2019-08-05 15:30:14 - [TEST_STEP][PASSED] - takeScreenshot(screenPath + i + ".png"): Taking screenshot successfully&#xD;
&#xD;
2019-08-05 15:30:15 - [MESSAGE][PASSED] - Taking screenshot successfully&#xD;
[[ATTACHMENT|D:\\Test\\AgileTest\\AgileTest\\Reports\\mobileWeb\\hbi\\20190805_152013\\../Screenshots/iPhone X/hbi/Health Choice/20190805_152956/1.png]]&#xD;
&#xD;
2019-08-05 15:30:15 - [TEST_STEP][PASSED] - (internal.GlobalVariable.i++): null&#xD;
&#xD;
2019-08-05 15:30:15 - [MESSAGE][PASSED] - Call Test Case 'Test Cases/mobileWeb/_include/get_screenshot' successfully&#xD;
&#xD;
2019-08-05 15:30:15 - [TEST_STEP][PASSED] - setText(findTestObject("mobileSanity/HBI/census/input_Location_zip-input"), zipcode): Text '35215' is set on object 'Object Repository/mobileSanity/HBI/census/input_Location_zip-input'&#xD;
&#xD;
2019-08-05 15:30:15 - [MESSAGE][PASSED] - Text '35215' is set on object 'Object Repository/mobileSanity/HBI/census/input_Location_zip-input'&#xD;
&#xD;
2019-08-05 15:30:15 - [TEST_STEP][PASSED] - Thread.sleep(500): null&#xD;
&#xD;
2019-08-05 15:30:16 - [TEST_STEP][PASSED] - setText(findTestObject("mobileSanity/HBI/census/input_Date of Birth_dob-0"), "12121980"): Text '12121980' is set on object 'Object Repository/mobileSanity/HBI/census/input_Date of Birth_dob-0'&#xD;
&#xD;
2019-08-05 15:30:16 - [MESSAGE][PASSED] - Text '12121980' is set on object 'Object Repository/mobileSanity/HBI/census/input_Date of Birth_dob-0'&#xD;
&#xD;
2019-08-05 15:30:16 - [TEST_STEP][PASSED] - click(findTestObject("mobileSanity/HBI/census/label_Male")): Object: 'Object Repository/mobileSanity/HBI/census/label_Male' is clicked on&#xD;
&#xD;
2019-08-05 15:30:16 - [MESSAGE][PASSED] - Object: 'Object Repository/mobileSanity/HBI/census/label_Male' is clicked on&#xD;
&#xD;
2019-08-05 15:30:16 - [TEST_STEP][PASSED] - click(findTestObject("mobileSanity/HBI/census/label_Get a Quote")): Object: 'Object Repository/mobileSanity/HBI/census/label_Get a Quote' is clicked on&#xD;
&#xD;
2019-08-05 15:30:16 - [MESSAGE][PASSED] - Object: 'Object Repository/mobileSanity/HBI/census/label_Get a Quote' is clicked on&#xD;
&#xD;
2019-08-05 15:30:16 - [TEST_STEP][PASSED] - waitForPageLoad(20): Wait for page load successfully&#xD;
&#xD;
2019-08-05 15:30:16 - [MESSAGE][PASSED] - Wait for page load successfully&#xD;
&#xD;
2019-08-05 15:30:16 - [TEST_STEP][PASSED] - callTestCase(findTestCase("mobileWeb/_include/get_screenshot"), [:], STOP_ON_FAILURE): Call Test Case 'Test Cases/mobileWeb/_include/get_screenshot' successfully&#xD;
&#xD;
2019-08-05 15:30:16 - [TEST_CASE][PASSED] - Test Cases/mobileWeb/_include/get_screenshot: Test Cases/mobileWeb/_include/get_screenshot&#xD;
&#xD;
2019-08-05 15:30:16 - [TEST_STEP][PASSED] - takeScreenshot(screenPath + i + ".png"): Taking screenshot successfully&#xD;
&#xD;
2019-08-05 15:30:17 - [MESSAGE][PASSED] - Taking screenshot successfully&#xD;
[[ATTACHMENT|D:\\Test\\AgileTest\\AgileTest\\Reports\\mobileWeb\\hbi\\20190805_152013\\../Screenshots/iPhone X/hbi/Health Choice/20190805_152956/2.png]]&#xD;
&#xD;
2019-08-05 15:30:17 - [TEST_STEP][PASSED] - (internal.GlobalVariable.i++): null&#xD;
&#xD;
2019-08-05 15:30:17 - [MESSAGE][PASSED] - Call Test Case 'Test Cases/mobileWeb/_include/get_screenshot' successfully&#xD;
&#xD;
2019-08-05 15:30:17 - [MESSAGE][PASSED] - Call Test Case 'Test Cases/mobileWeb/_include/census_hbi' successfully&#xD;
&#xD;
2019-08-05 15:30:17 - [TEST_STEP][PASSED] - Thread.sleep(5000): null&#xD;
&#xD;
2019-08-05 15:30:22 - [TEST_STEP][PASSED] - scrollToPosition(200, 2300): Browser is scrolled to position x = 200, y = 2300&#xD;
&#xD;
2019-08-05 15:30:24 - [MESSAGE][PASSED] - Browser is scrolled to position x = 200, y = 2300&#xD;
&#xD;
2019-08-05 15:30:24 - [TEST_STEP][PASSED] - click(findTestObject("mobileSanity/HBI/quote/a_Health Choice")): Object: 'Object Repository/mobileSanity/HBI/quote/a_Health Choice' is clicked on&#xD;
&#xD;
2019-08-05 15:30:35 - [MESSAGE][PASSED] - Object: 'Object Repository/mobileSanity/HBI/quote/a_Health Choice' is clicked on&#xD;
&#xD;
2019-08-05 15:30:35 - [TEST_STEP][PASSED] - waitForPageLoad(10): Wait for page load successfully&#xD;
&#xD;
2019-08-05 15:30:36 - [MESSAGE][PASSED] - Wait for page load successfully&#xD;
&#xD;
2019-08-05 15:30:36 - [TEST_STEP][PASSED] - callTestCase(findTestCase("mobileWeb/_include/get_screenshot"), [:], STOP_ON_FAILURE): Call Test Case 'Test Cases/mobileWeb/_include/get_screenshot' successfully&#xD;
&#xD;
2019-08-05 15:30:36 - [TEST_CASE][PASSED] - Test Cases/mobileWeb/_include/get_screenshot: Test Cases/mobileWeb/_include/get_screenshot&#xD;
&#xD;
2019-08-05 15:30:36 - [TEST_STEP][PASSED] - takeScreenshot(screenPath + i + ".png"): Taking screenshot successfully&#xD;
&#xD;
2019-08-05 15:30:37 - [MESSAGE][PASSED] - Taking screenshot successfully&#xD;
[[ATTACHMENT|D:\\Test\\AgileTest\\AgileTest\\Reports\\mobileWeb\\hbi\\20190805_152013\\../Screenshots/iPhone X/hbi/Health Choice/20190805_152956/3.png]]&#xD;
&#xD;
2019-08-05 15:30:37 - [TEST_STEP][PASSED] - (internal.GlobalVariable.i++): null&#xD;
&#xD;
2019-08-05 15:30:37 - [MESSAGE][PASSED] - Call Test Case 'Test Cases/mobileWeb/_include/get_screenshot' successfully&#xD;
&#xD;
2019-08-05 15:30:37 - [TEST_STEP][PASSED] - click(findTestObject("mobileSanity/HBI/detail/a_Apply for This Plan")): Object: 'Object Repository/mobileSanity/HBI/detail/a_Apply for This Plan' is clicked on&#xD;
&#xD;
2019-08-05 15:30:38 - [MESSAGE][PASSED] - Object: 'Object Repository/mobileSanity/HBI/detail/a_Apply for This Plan' is clicked on&#xD;
&#xD;
2019-08-05 15:30:38 - [TEST_STEP][PASSED] - waitForPageLoad(10): Wait for page load successfully&#xD;
&#xD;
2019-08-05 15:30:38 - [MESSAGE][PASSED] - Wait for page load successfully&#xD;
&#xD;
2019-08-05 15:30:38 - [TEST_STEP][PASSED] - callTestCase(findTestCase("mobileWeb/_include/get_screenshot"), [:], STOP_ON_FAILURE): Call Test Case 'Test Cases/mobileWeb/_include/get_screenshot' successfully&#xD;
&#xD;
2019-08-05 15:30:38 - [TEST_CASE][PASSED] - Test Cases/mobileWeb/_include/get_screenshot: Test Cases/mobileWeb/_include/get_screenshot&#xD;
&#xD;
2019-08-05 15:30:38 - [TEST_STEP][PASSED] - takeScreenshot(screenPath + i + ".png"): Taking screenshot successfully&#xD;
&#xD;
2019-08-05 15:30:39 - [MESSAGE][PASSED] - Taking screenshot successfully&#xD;
[[ATTACHMENT|D:\\Test\\AgileTest\\AgileTest\\Reports\\mobileWeb\\hbi\\20190805_152013\\../Screenshots/iPhone X/hbi/Health Choice/20190805_152956/4.png]]&#xD;
&#xD;
2019-08-05 15:30:39 - [TEST_STEP][PASSED] - (internal.GlobalVariable.i++): null&#xD;
&#xD;
2019-08-05 15:30:39 - [MESSAGE][PASSED] - Call Test Case 'Test Cases/mobileWeb/_include/get_screenshot' successfully&#xD;
&#xD;
2019-08-05 15:30:39 - [TEST_STEP][PASSED] - click(findTestObject("mobileSanity/HBI/Page_Apply/span_Start Secure Application")): Object: 'Object Repository/mobileSanity/HBI/Page_Apply/span_Start Secure Application' is clicked on&#xD;
&#xD;
2019-08-05 15:30:41 - [MESSAGE][PASSED] - Object: 'Object Repository/mobileSanity/HBI/Page_Apply/span_Start Secure Application' is clicked on&#xD;
&#xD;
2019-08-05 15:30:41 - [TEST_STEP][PASSED] - waitForPageLoad(10): Wait for page load successfully&#xD;
&#xD;
2019-08-05 15:30:41 - [MESSAGE][PASSED] - Wait for page load successfully&#xD;
&#xD;
2019-08-05 15:30:41 - [TEST_STEP][PASSED] - callTestCase(findTestCase("mobileWeb/_include/get_screenshot"), [:], STOP_ON_FAILURE): Call Test Case 'Test Cases/mobileWeb/_include/get_screenshot' successfully&#xD;
&#xD;
2019-08-05 15:30:41 - [TEST_CASE][PASSED] - Test Cases/mobileWeb/_include/get_screenshot: Test Cases/mobileWeb/_include/get_screenshot&#xD;
&#xD;
2019-08-05 15:30:41 - [TEST_STEP][PASSED] - takeScreenshot(screenPath + i + ".png"): Taking screenshot successfully&#xD;
&#xD;
2019-08-05 15:30:42 - [MESSAGE][PASSED] - Taking screenshot successfully&#xD;
[[ATTACHMENT|D:\\Test\\AgileTest\\AgileTest\\Reports\\mobileWeb\\hbi\\20190805_152013\\../Screenshots/iPhone X/hbi/Health Choice/20190805_152956/5.png]]&#xD;
&#xD;
2019-08-05 15:30:42 - [TEST_STEP][PASSED] - (internal.GlobalVariable.i++): null&#xD;
&#xD;
2019-08-05 15:30:42 - [MESSAGE][PASSED] - Call Test Case 'Test Cases/mobileWeb/_include/get_screenshot' successfully&#xD;
&#xD;
2019-08-05 15:30:42 - [TEST_STEP][PASSED] - callTestCase(findTestCase("mobileWeb/_include/goToEnd_hbi"), ["carrier":"healthchoiceplus"], CONTINUE_ON_FAILURE): Call Test Case 'Test Cases/mobileWeb/_include/goToEnd_hbi' successfully&#xD;
&#xD;
2019-08-05 15:30:42 - [TEST_CASE][PASSED] - Test Cases/mobileWeb/_include/goToEnd_hbi: Test Cases/mobileWeb/_include/goToEnd_hbi&#xD;
&#xD;
2019-08-05 15:30:42 - [TEST_STEP][PASSED] - if (state == "ca"): null&#xD;
&#xD;
2019-08-05 15:30:42 - [TEST_STEP][PASSED] - callTestCase(findTestCase("mobileWeb/_include/name"), [:], CONTINUE_ON_FAILURE): Call Test Case 'Test Cases/mobileWeb/_include/name' successfully&#xD;
&#xD;
2019-08-05 15:30:42 - [TEST_CASE][PASSED] - Test Cases/mobileWeb/_include/name: Test Cases/mobileWeb/_include/name&#xD;
&#xD;
2019-08-05 15:30:42 - [TEST_STEP][PASSED] - driver = getWebDriver(): null&#xD;
&#xD;
2019-08-05 15:30:42 - [TEST_STEP][PASSED] - selenium = new com.thoughtworks.selenium.webdriven.WebDriverBackedSelenium(driver, internal.GlobalVariable.ENV): null&#xD;
&#xD;
2019-08-05 15:30:42 - [TEST_STEP][PASSED] - FirstName = "Test-123": null&#xD;
&#xD;
2019-08-05 15:30:42 - [TEST_STEP][PASSED] - LastName = selenium.getEval("{var x="ABCDEFGHIJKLMNOPQRSTUVWXYZabcdefghijklmnopqrstuvwxyz"; var tmp="ZZ11-"; for (i=0;i&lt;8;i++) tmp+=x.charAt(Math.ceil(51*Math.random()));tmp;}"): null&#xD;
&#xD;
2019-08-05 15:30:42 - [TEST_STEP][PASSED] - Address = selenium.getEval("{var x="ABCDEFGHIJKLMNOPQRSTUVWXYZabcdefghijklmnopqrstuvwxyz"; var tmp=""; for (i=0;i&lt;8;i++) tmp+=x.charAt(Math.ceil(51*Math.random()));tmp;}"): null&#xD;
&#xD;
2019-08-05 15:30:42 - [TEST_STEP][PASSED] - City = selenium.getEval("{var x="ABCDEFGHIJKLMNOPQRSTUVWXYZabcdefghijklmnopqrstuvwxyz"; var tmp=""; for (i=0;i&lt;8;i++) tmp+=x.charAt(Math.ceil(51*Math.random()));tmp;}"): null&#xD;
&#xD;
2019-08-05 15:30:42 - [TEST_STEP][PASSED] - tel1 = selenium.getEval("{var x="123456789"; var tmp=""; for (i=0;i&lt;3;i++) tmp+=x.charAt(Math.ceil(8*Math.random()));tmp;}"): null&#xD;
&#xD;
2019-08-05 15:30:42 - [TEST_STEP][PASSED] - tel2 = selenium.getEval("{var x="123456789"; var tmp=""; for (i=0;i&lt;3;i++) tmp+=x.charAt(Math.ceil(8*Math.random()));tmp;}"): null&#xD;
&#xD;
2019-08-05 15:30:42 - [TEST_STEP][PASSED] - tel3 = selenium.getEval("{var x="123456789"; var tmp=""; for (i=0;i&lt;4;i++) tmp+=x.charAt(Math.ceil(8*Math.random()));tmp;}"): null&#xD;
&#xD;
2019-08-05 15:30:42 - [TEST_STEP][PASSED] - Tel = selenium.getExpression(tel1 + "-" + tel2 + "-" + tel3): null&#xD;
&#xD;
2019-08-05 15:30:42 - [TEST_STEP][PASSED] - AutoEmail = selenium.getEval("{var x="ABCDEFGHIJKLMNOPQRSTUVWXYZabcdefghijklmnopqrstuvwxyz"; var tmp="test."; for (i=0;i&lt;8;i++) tmp+=x.charAt(Math.ceil(51*Math.random()));tmp+="@suryani.cn";}"): null&#xD;
&#xD;
2019-08-05 15:30:42 - [TEST_STEP][PASSED] - FirstName = FirstName: null&#xD;
&#xD;
2019-08-05 15:30:42 - [TEST_STEP][PASSED] - LastName = LastName: null&#xD;
&#xD;
2019-08-05 15:30:42 - [TEST_STEP][PASSED] - Address = Address: null&#xD;
&#xD;
2019-08-05 15:30:42 - [TEST_STEP][PASSED] - City = City: null&#xD;
&#xD;
2019-08-05 15:30:42 - [TEST_STEP][PASSED] - Tel = Tel: null&#xD;
&#xD;
2019-08-05 15:30:42 - [TEST_STEP][PASSED] - AutoEmail = AutoEmail: null&#xD;
&#xD;
2019-08-05 15:30:42 - [TEST_STEP][PASSED] - println(FirstName): null&#xD;
&#xD;
2019-08-05 15:30:42 - [TEST_STEP][PASSED] - println(LastName): null&#xD;
&#xD;
2019-08-05 15:30:42 - [TEST_STEP][PASSED] - println(Address): null&#xD;
&#xD;
2019-08-05 15:30:42 - [TEST_STEP][PASSED] - println(City): null&#xD;
&#xD;
2019-08-05 15:30:42 - [TEST_STEP][PASSED] - println(Tel): null&#xD;
&#xD;
2019-08-05 15:30:42 - [TEST_STEP][PASSED] - println(AutoEmail): null&#xD;
&#xD;
2019-08-05 15:30:42 - [MESSAGE][PASSED] - Call Test Case 'Test Cases/mobileWeb/_include/name' successfully&#xD;
&#xD;
2019-08-05 15:30:42 - [TEST_STEP][PASSED] - setText(findTestObject("mobileSanity/HBI/Page_App Page 1/input__member-P-1-firstName"), FirstName): Text 'Test-123' is set on object 'Object Repository/mobileSanity/HBI/Page_App Page 1/input__member-P-1-firstName'&#xD;
&#xD;
2019-08-05 15:30:42 - [MESSAGE][PASSED] - Text 'Test-123' is set on object 'Object Repository/mobileSanity/HBI/Page_App Page 1/input__member-P-1-firstName'&#xD;
&#xD;
2019-08-05 15:30:42 - [TEST_STEP][PASSED] - setText(findTestObject("mobileSanity/HBI/Page_App Page 1/input__member-P-1-lastName"), LastName): Text 'ZZ11-bOcRvyTx' is set on object 'Object Repository/mobileSanity/HBI/Page_App Page 1/input__member-P-1-lastName'&#xD;
&#xD;
2019-08-05 15:30:43 - [MESSAGE][PASSED] - Text 'ZZ11-bOcRvyTx' is set on object 'Object Repository/mobileSanity/HBI/Page_App Page 1/input__member-P-1-lastName'&#xD;
&#xD;
2019-08-05 15:30:43 - [TEST_STEP][PASSED] - if (carrier == "agileone" || carrier == "agilesecure"): null&#xD;
&#xD;
2019-08-05 15:30:43 - [TEST_STEP][PASSED] - setText(findTestObject("mobileSanity/HBI/Page_App Page 1/input__address"), Address): Text 'pIDYwSqX' is set on object 'Object Repository/mobileSanity/HBI/Page_App Page 1/input__address'&#xD;
&#xD;
2019-08-05 15:30:43 - [MESSAGE][PASSED] - Text 'pIDYwSqX' is set on object 'Object Repository/mobileSanity/HBI/Page_App Page 1/input__address'&#xD;
&#xD;
2019-08-05 15:30:43 - [TEST_STEP][PASSED] - setText(findTestObject("mobileSanity/HBI/Page_App Page 1/input__city"), City): Text 'kRSPlEVg' is set on object 'Object Repository/mobileSanity/HBI/Page_App Page 1/input__city'&#xD;
&#xD;
2019-08-05 15:30:43 - [MESSAGE][PASSED] - Text 'kRSPlEVg' is set on object 'Object Repository/mobileSanity/HBI/Page_App Page 1/input__city'&#xD;
&#xD;
2019-08-05 15:30:43 - [TEST_STEP][PASSED] - setText(findTestObject("mobileSanity/HBI/Page_App Page 1/input__email"), AutoEmail): Text 'test.DdkIGHok@suryani.cn' is set on object 'Object Repository/mobileSanity/HBI/Page_App Page 1/input__email'&#xD;
&#xD;
2019-08-05 15:30:43 - [MESSAGE][PASSED] - Text 'test.DdkIGHok@suryani.cn' is set on object 'Object Repository/mobileSanity/HBI/Page_App Page 1/input__email'&#xD;
&#xD;
2019-08-05 15:30:43 - [TEST_STEP][PASSED] - setText(findTestObject("mobileSanity/HBI/Page_App Page 1/input_tel"), Tel): Text '874-377-8459' is set on object 'Object Repository/mobileSanity/HBI/Page_App Page 1/input_tel'&#xD;
&#xD;
2019-08-05 15:30:44 - [MESSAGE][PASSED] - Text '874-377-8459' is set on object 'Object Repository/mobileSanity/HBI/Page_App Page 1/input_tel'&#xD;
&#xD;
2019-08-05 15:30:44 - [TEST_STEP][PASSED] - click(findTestObject("mobileSanity/HBI/Page_App Page 1/a_Continue to Step 2 - Payment")): Object: 'Object Repository/mobileSanity/HBI/Page_App Page 1/a_Continue to Step 2 - Payment' is clicked on&#xD;
&#xD;
2019-08-05 15:30:44 - [MESSAGE][PASSED] - Object: 'Object Repository/mobileSanity/HBI/Page_App Page 1/a_Continue to Step 2 - Payment' is clicked on&#xD;
&#xD;
2019-08-05 15:30:44 - [TEST_STEP][PASSED] - waitForPageLoad(20): Wait for page load successfully&#xD;
&#xD;
2019-08-05 15:30:44 - [MESSAGE][PASSED] - Wait for page load successfully&#xD;
&#xD;
2019-08-05 15:30:44 - [TEST_STEP][PASSED] - Thread.sleep(2000): null&#xD;
&#xD;
2019-08-05 15:30:46 - [TEST_STEP][PASSED] - waitForElementVisible(findTestObject("mobileSanity/HBI/Page_App Page 2/input__credit-card-first"), 20): Object 'Object Repository/mobileSanity/HBI/Page_App Page 2/input__credit-card-first' is visible&#xD;
&#xD;
2019-08-05 15:30:46 - [MESSAGE][PASSED] - Object 'Object Repository/mobileSanity/HBI/Page_App Page 2/input__credit-card-first' is visible&#xD;
&#xD;
2019-08-05 15:30:46 - [TEST_STEP][PASSED] - callTestCase(findTestCase("mobileWeb/_include/get_screenshot"), [:], STOP_ON_FAILURE): Call Test Case 'Test Cases/mobileWeb/_include/get_screenshot' successfully&#xD;
&#xD;
2019-08-05 15:30:46 - [TEST_CASE][PASSED] - Test Cases/mobileWeb/_include/get_screenshot: Test Cases/mobileWeb/_include/get_screenshot&#xD;
&#xD;
2019-08-05 15:30:46 - [TEST_STEP][PASSED] - takeScreenshot(screenPath + i + ".png"): Taking screenshot successfully&#xD;
&#xD;
2019-08-05 15:30:47 - [MESSAGE][PASSED] - Taking screenshot successfully&#xD;
[[ATTACHMENT|D:\\Test\\AgileTest\\AgileTest\\Reports\\mobileWeb\\hbi\\20190805_152013\\../Screenshots/iPhone X/hbi/Health Choice/20190805_152956/6.png]]&#xD;
&#xD;
2019-08-05 15:30:47 - [TEST_STEP][PASSED] - (internal.GlobalVariable.i++): null&#xD;
&#xD;
2019-08-05 15:30:47 - [MESSAGE][PASSED] - Call Test Case 'Test Cases/mobileWeb/_include/get_screenshot' successfully&#xD;
&#xD;
2019-08-05 15:30:47 - [TEST_STEP][PASSED] - setText(findTestObject("mobileSanity/HBI/Page_App Page 2/input__credit-card-first"), FirstName): Text 'Test-123' is set on object 'Object Repository/mobileSanity/HBI/Page_App Page 2/input__credit-card-first'&#xD;
&#xD;
2019-08-05 15:30:47 - [MESSAGE][PASSED] - Text 'Test-123' is set on object 'Object Repository/mobileSanity/HBI/Page_App Page 2/input__credit-card-first'&#xD;
&#xD;
2019-08-05 15:30:47 - [TEST_STEP][PASSED] - setText(findTestObject("mobileSanity/HBI/Page_App Page 2/input__credit-card-last"), LastName): Text 'ZZ11-bOcRvyTx' is set on object 'Object Repository/mobileSanity/HBI/Page_App Page 2/input__credit-card-last'&#xD;
&#xD;
2019-08-05 15:30:47 - [MESSAGE][PASSED] - Text 'ZZ11-bOcRvyTx' is set on object 'Object Repository/mobileSanity/HBI/Page_App Page 2/input__credit-card-last'&#xD;
&#xD;
2019-08-05 15:30:47 - [TEST_STEP][PASSED] - selectOptionByValue(findTestObject("mobileSanity/HBI/Page_App Page 2/select_MM010203040506070809101"), "12", true): All options with value '12' are selected in object 'Object Repository/mobileSanity/HBI/Page_App Page 2/select_MM010203040506070809101'  using regular expression&#xD;
&#xD;
2019-08-05 15:30:48 - [MESSAGE][PASSED] - All options with value '12' are selected in object 'Object Repository/mobileSanity/HBI/Page_App Page 2/select_MM010203040506070809101'  using regular expression&#xD;
&#xD;
2019-08-05 15:30:48 - [TEST_STEP][PASSED] - selectOptionByValue(findTestObject("mobileSanity/HBI/Page_App Page 2/select_YYYY2019202020212022202"), "2026", true): All options with value '2026' are selected in object 'Object Repository/mobileSanity/HBI/Page_App Page 2/select_YYYY2019202020212022202'  using regular expression&#xD;
&#xD;
2019-08-05 15:30:48 - [MESSAGE][PASSED] - All options with value '2026' are selected in object 'Object Repository/mobileSanity/HBI/Page_App Page 2/select_YYYY2019202020212022202'  using regular expression&#xD;
&#xD;
2019-08-05 15:30:48 - [TEST_STEP][PASSED] - setText(findTestObject("mobileSanity/HBI/Page_App Page 2/input__credit-card-number"), "4111111111111111"): Text '4111111111111111' is set on object 'Object Repository/mobileSanity/HBI/Page_App Page 2/input__credit-card-number'&#xD;
&#xD;
2019-08-05 15:30:48 - [MESSAGE][PASSED] - Text '4111111111111111' is set on object 'Object Repository/mobileSanity/HBI/Page_App Page 2/input__credit-card-number'&#xD;
&#xD;
2019-08-05 15:30:48 - [TEST_STEP][PASSED] - setText(findTestObject("mobileSanity/HBI/Page_App Page 2/input__cvv"), "123"): Text '123' is set on object 'Object Repository/mobileSanity/HBI/Page_App Page 2/input__cvv'&#xD;
&#xD;
2019-08-05 15:30:48 - [MESSAGE][PASSED] - Text '123' is set on object 'Object Repository/mobileSanity/HBI/Page_App Page 2/input__cvv'&#xD;
&#xD;
2019-08-05 15:30:48 - [TEST_STEP][PASSED] - click(findTestObject("mobileSanity/HBI/Page_App Page 2/label_My billing address is th")): Object: 'Object Repository/mobileSanity/HBI/Page_App Page 2/label_My billing address is th' is clicked on&#xD;
&#xD;
2019-08-05 15:30:49 - [MESSAGE][PASSED] - Object: 'Object Repository/mobileSanity/HBI/Page_App Page 2/label_My billing address is th' is clicked on&#xD;
&#xD;
2019-08-05 15:30:49 - [TEST_STEP][PASSED] - click(findTestObject("mobileSanity/HBI/Page_App Page 2/label_I Accept Authorization f")): Object: 'Object Repository/mobileSanity/HBI/Page_App Page 2/label_I Accept Authorization f' is clicked on&#xD;
&#xD;
2019-08-05 15:30:49 - [MESSAGE][PASSED] - Object: 'Object Repository/mobileSanity/HBI/Page_App Page 2/label_I Accept Authorization f' is clicked on&#xD;
&#xD;
2019-08-05 15:30:49 - [TEST_STEP][PASSED] - click(findTestObject("mobileSanity/HBI/Page_App Page 2/a_Continue to Step 3 - Review")): Object: 'Object Repository/mobileSanity/HBI/Page_App Page 2/a_Continue to Step 3 - Review' is clicked on&#xD;
&#xD;
2019-08-05 15:30:49 - [MESSAGE][PASSED] - Object: 'Object Repository/mobileSanity/HBI/Page_App Page 2/a_Continue to Step 3 - Review' is clicked on&#xD;
&#xD;
2019-08-05 15:30:49 - [TEST_STEP][PASSED] - waitForPageLoad(20): Wait for page load successfully&#xD;
&#xD;
2019-08-05 15:30:49 - [MESSAGE][PASSED] - Wait for page load successfully&#xD;
&#xD;
2019-08-05 15:30:49 - [TEST_STEP][PASSED] - Thread.sleep(2000): null&#xD;
&#xD;
2019-08-05 15:30:51 - [TEST_STEP][PASSED] - callTestCase(findTestCase("mobileWeb/_include/get_screenshot"), [:], STOP_ON_FAILURE): Call Test Case 'Test Cases/mobileWeb/_include/get_screenshot' successfully&#xD;
&#xD;
2019-08-05 15:30:51 - [TEST_CASE][PASSED] - Test Cases/mobileWeb/_include/get_screenshot: Test Cases/mobileWeb/_include/get_screenshot&#xD;
&#xD;
2019-08-05 15:30:51 - [TEST_STEP][PASSED] - takeScreenshot(screenPath + i + ".png"): Taking screenshot successfully&#xD;
&#xD;
2019-08-05 15:30:53 - [MESSAGE][PASSED] - Taking screenshot successfully&#xD;
[[ATTACHMENT|D:\\Test\\AgileTest\\AgileTest\\Reports\\mobileWeb\\hbi\\20190805_152013\\../Screenshots/iPhone X/hbi/Health Choice/20190805_152956/7.png]]&#xD;
&#xD;
2019-08-05 15:30:53 - [TEST_STEP][PASSED] - (internal.GlobalVariable.i++): null&#xD;
&#xD;
2019-08-05 15:30:53 - [MESSAGE][PASSED] - Call Test Case 'Test Cases/mobileWeb/_include/get_screenshot' successfully&#xD;
&#xD;
2019-08-05 15:30:53 - [TEST_STEP][PASSED] - if (test.MobileKeywords.isElementPresent_Web(findTestObject("mobileSanity/HBI/Page_App Page 2/a_No Thanks"), 10)): test.MobileKeywords.isElementPresent_Web is PASSED&#xD;
&#xD;
2019-08-05 15:31:14 - [MESSAGE][INFO] - Unable to find the element located by 'By.xpath: //a[@type = 'submit' and (text() = 'No Thanks' or . = 'No Thanks')]'. Please recheck the objects properties to make sure the desired element is located. &#xD;
&#xD;
2019-08-05 15:31:14 - [MESSAGE][PASSED] - test.MobileKeywords.isElementPresent_Web is PASSED&#xD;
&#xD;
2019-08-05 15:31:14 - [TEST_STEP][PASSED] - click(findTestObject("mobileSanity/HBI/Page_App Page 3/label")): Object: 'Object Repository/mobileSanity/HBI/Page_App Page 3/label' is clicked on&#xD;
&#xD;
2019-08-05 15:31:14 - [MESSAGE][PASSED] - Object: 'Object Repository/mobileSanity/HBI/Page_App Page 3/label' is clicked on&#xD;
&#xD;
2019-08-05 15:31:14 - [TEST_STEP][PASSED] - click(findTestObject("mobileSanity/HBI/Page_App Page 3/p_CLICK TO SIGN")): Object: 'Object Repository/mobileSanity/HBI/Page_App Page 3/p_CLICK TO SIGN' is clicked on&#xD;
&#xD;
2019-08-05 15:31:14 - [MESSAGE][PASSED] - Object: 'Object Repository/mobileSanity/HBI/Page_App Page 3/p_CLICK TO SIGN' is clicked on&#xD;
&#xD;
2019-08-05 15:31:14 - [TEST_STEP][PASSED] - click(findTestObject("mobileSanity/HBI/Page_App Page 3/a_Submit Your Application")): Object: 'Object Repository/mobileSanity/HBI/Page_App Page 3/a_Submit Your Application' is clicked on&#xD;
&#xD;
2019-08-05 15:31:15 - [MESSAGE][PASSED] - Object: 'Object Repository/mobileSanity/HBI/Page_App Page 3/a_Submit Your Application' is clicked on&#xD;
&#xD;
2019-08-05 15:31:15 - [TEST_STEP][PASSED] - Thread.sleep(30000): null&#xD;
&#xD;
2019-08-05 15:31:45 - [TEST_STEP][PASSED] - callTestCase(findTestCase("mobileWeb/_include/get_screenshot"), [:], STOP_ON_FAILURE): Call Test Case 'Test Cases/mobileWeb/_include/get_screenshot' successfully&#xD;
&#xD;
2019-08-05 15:31:45 - [TEST_CASE][PASSED] - Test Cases/mobileWeb/_include/get_screenshot: Test Cases/mobileWeb/_include/get_screenshot&#xD;
&#xD;
2019-08-05 15:31:45 - [TEST_STEP][PASSED] - takeScreenshot(screenPath + i + ".png"): Taking screenshot successfully&#xD;
&#xD;
2019-08-05 15:31:45 - [MESSAGE][PASSED] - Taking screenshot successfully&#xD;
[[ATTACHMENT|D:\\Test\\AgileTest\\AgileTest\\Reports\\mobileWeb\\hbi\\20190805_152013\\../Screenshots/iPhone X/hbi/Health Choice/20190805_152956/8.png]]&#xD;
&#xD;
2019-08-05 15:31:45 - [TEST_STEP][PASSED] - (internal.GlobalVariable.i++): null&#xD;
&#xD;
2019-08-05 15:31:45 - [MESSAGE][PASSED] - Call Test Case 'Test Cases/mobileWeb/_include/get_screenshot' successfully&#xD;
&#xD;
2019-08-05 15:31:45 - [TEST_STEP][PASSED] - verifyTextPresent("Congratulations", false): Text 'Congratulations' is present on page &#xD;
&#xD;
2019-08-05 15:31:45 - [MESSAGE][PASSED] - Text 'Congratulations' is present on page &#xD;
&#xD;
2019-08-05 15:31:45 - [MESSAGE][PASSED] - Call Test Case 'Test Cases/mobileWeb/_include/goToEnd_hbi' successfully</system-out>
            <system-err></system-err>
        </testcase>
        <testcase name="Test Cases/mobileWeb/HBI/Vitala Care" classname="Test Cases/mobileWeb/HBI/Vitala Care" status="PASSED">
            <system-out>2019-08-05 15:31:45 - [TEST_CASE][PASSED] - Test Cases/mobileWeb/HBI/Vitala Care: Test Cases/mobileWeb/HBI/Vitala Care&#xD;
&#xD;
2019-08-05 15:31:46 - [TEST_STEP][PASSED] - callTestCase(findTestCase("mobileWeb/_include/get_screenPath"), ["productLine":"hbi", "carrierName":"Vitala Care"], CONTINUE_ON_FAILURE): Call Test Case 'Test Cases/mobileWeb/_include/get_screenPath' successfully&#xD;
&#xD;
2019-08-05 15:31:46 - [TEST_CASE][PASSED] - Test Cases/mobileWeb/_include/get_screenPath: Test Cases/mobileWeb/_include/get_screenPath&#xD;
&#xD;
2019-08-05 15:31:46 - [TEST_STEP][PASSED] - m = getExecutionProperties(): null&#xD;
&#xD;
2019-08-05 15:31:46 - [TEST_STEP][PASSED] - deviceName = get("mobileEmulation").get("deviceName"): null&#xD;
&#xD;
2019-08-05 15:31:46 - [TEST_STEP][PASSED] - println(deviceName): null&#xD;
&#xD;
2019-08-05 15:31:46 - [TEST_STEP][PASSED] - now = new java.util.Date(): null&#xD;
&#xD;
2019-08-05 15:31:46 - [TEST_STEP][PASSED] - mydate = now.format("yyyyMMdd_HHmmss"): null&#xD;
&#xD;
2019-08-05 15:31:46 - [TEST_STEP][PASSED] - screenPath = "../Screenshots/": null&#xD;
&#xD;
2019-08-05 15:31:46 - [TEST_STEP][PASSED] - screenPath = screenPath + deviceName + "/" + productLine + "/" + carrierName + "/" + mydate + "/": null&#xD;
&#xD;
2019-08-05 15:31:46 - [TEST_STEP][PASSED] - println(screenPath): null&#xD;
&#xD;
2019-08-05 15:31:46 - [MESSAGE][PASSED] - Call Test Case 'Test Cases/mobileWeb/_include/get_screenPath' successfully&#xD;
&#xD;
2019-08-05 15:31:46 - [TEST_STEP][PASSED] - i = 0: null&#xD;
&#xD;
2019-08-05 15:31:46 - [TEST_STEP][PASSED] - callTestCase(findTestCase("mobileWeb/_include/openWebSite"), [:], CONTINUE_ON_FAILURE): Call Test Case 'Test Cases/mobileWeb/_include/openWebSite' successfully&#xD;
&#xD;
2019-08-05 15:31:46 - [TEST_CASE][PASSED] - Test Cases/mobileWeb/_include/openWebSite: Test Cases/mobileWeb/_include/openWebSite&#xD;
&#xD;
2019-08-05 15:31:46 - [TEST_STEP][PASSED] - openBrowser(env): Browser is opened with url: 'https://praetemptatus.agilehealthinsurance.com'&#xD;
&#xD;
2019-08-05 15:31:46 - [MESSAGE][WARNING] - A browser is already opened. Closing browser and opening a new one&#xD;
&#xD;
2019-08-05 15:31:46 - [MESSAGE][INFO] - Starting 'Chrome' driver&#xD;
&#xD;
2019-08-05 15:31:46 - [MESSAGE][INFO] - User set preference: ['mobileEmulation', '{deviceName=iPhone X}']&#xD;
&#xD;
2019-08-05 15:31:46 - [MESSAGE][INFO] - User set preference: ['args', '[--incognito, --aggressive-cache-discard, --no-sandbox, --window-size=375,812]']&#xD;
&#xD;
2019-08-05 15:31:53 - [MESSAGE][PASSED] - Browser is opened with url: 'https://praetemptatus.agilehealthinsurance.com'&#xD;
&#xD;
2019-08-05 15:31:53 - [TEST_STEP][PASSED] - waitForPageLoad(20): Wait for page load successfully&#xD;
&#xD;
2019-08-05 15:31:53 - [MESSAGE][PASSED] - Wait for page load successfully&#xD;
&#xD;
2019-08-05 15:31:53 - [TEST_STEP][PASSED] - callTestCase(findTestCase("mobileWeb/_include/get_screenshot"), [:], STOP_ON_FAILURE): Call Test Case 'Test Cases/mobileWeb/_include/get_screenshot' successfully&#xD;
&#xD;
2019-08-05 15:31:53 - [TEST_CASE][PASSED] - Test Cases/mobileWeb/_include/get_screenshot: Test Cases/mobileWeb/_include/get_screenshot&#xD;
&#xD;
2019-08-05 15:31:53 - [TEST_STEP][PASSED] - takeScreenshot(screenPath + i + ".png"): Taking screenshot successfully&#xD;
&#xD;
2019-08-05 15:31:55 - [MESSAGE][PASSED] - Taking screenshot successfully&#xD;
[[ATTACHMENT|D:\\Test\\AgileTest\\AgileTest\\Reports\\mobileWeb\\hbi\\20190805_152013\\../Screenshots/iPhone X/hbi/Vitala Care/20190805_153146/0.png]]&#xD;
&#xD;
2019-08-05 15:31:55 - [TEST_STEP][PASSED] - (internal.GlobalVariable.i++): null&#xD;
&#xD;
2019-08-05 15:31:55 - [MESSAGE][PASSED] - Call Test Case 'Test Cases/mobileWeb/_include/get_screenshot' successfully&#xD;
&#xD;
2019-08-05 15:31:55 - [MESSAGE][PASSED] - Call Test Case 'Test Cases/mobileWeb/_include/openWebSite' successfully&#xD;
&#xD;
2019-08-05 15:31:55 - [TEST_STEP][PASSED] - callTestCase(findTestCase("mobileWeb/_include/census_hbi"), ["zipcode":"90011"], CONTINUE_ON_FAILURE): Call Test Case 'Test Cases/mobileWeb/_include/census_hbi' successfully&#xD;
&#xD;
2019-08-05 15:31:55 - [TEST_CASE][PASSED] - Test Cases/mobileWeb/_include/census_hbi: Test Cases/mobileWeb/_include/census_hbi&#xD;
&#xD;
2019-08-05 15:31:55 - [TEST_STEP][PASSED] - click(findTestObject("mobileSanity/Common/side_nav/menu")): Object: 'Object Repository/mobileSanity/Common/side_nav/menu' is clicked on&#xD;
&#xD;
2019-08-05 15:31:55 - [MESSAGE][PASSED] - Object: 'Object Repository/mobileSanity/Common/side_nav/menu' is clicked on&#xD;
&#xD;
2019-08-05 15:31:55 - [TEST_STEP][PASSED] - Thread.sleep(3000): null&#xD;
&#xD;
2019-08-05 15:31:58 - [TEST_STEP][PASSED] - click(findTestObject("mobileSanity/Common/side_nav/nav_hbi")): Object: 'Object Repository/mobileSanity/Common/side_nav/nav_hbi' is clicked on&#xD;
&#xD;
2019-08-05 15:32:01 - [MESSAGE][PASSED] - Object: 'Object Repository/mobileSanity/Common/side_nav/nav_hbi' is clicked on&#xD;
&#xD;
2019-08-05 15:32:01 - [TEST_STEP][PASSED] - waitForPageLoad(10): Wait for page load successfully&#xD;
&#xD;
2019-08-05 15:32:01 - [MESSAGE][PASSED] - Wait for page load successfully&#xD;
&#xD;
2019-08-05 15:32:01 - [TEST_STEP][PASSED] - callTestCase(findTestCase("mobileWeb/_include/get_screenshot"), [:], STOP_ON_FAILURE): Call Test Case 'Test Cases/mobileWeb/_include/get_screenshot' successfully&#xD;
&#xD;
2019-08-05 15:32:01 - [TEST_CASE][PASSED] - Test Cases/mobileWeb/_include/get_screenshot: Test Cases/mobileWeb/_include/get_screenshot&#xD;
&#xD;
2019-08-05 15:32:01 - [TEST_STEP][PASSED] - takeScreenshot(screenPath + i + ".png"): Taking screenshot successfully&#xD;
&#xD;
2019-08-05 15:32:02 - [MESSAGE][PASSED] - Taking screenshot successfully&#xD;
[[ATTACHMENT|D:\\Test\\AgileTest\\AgileTest\\Reports\\mobileWeb\\hbi\\20190805_152013\\../Screenshots/iPhone X/hbi/Vitala Care/20190805_153146/1.png]]&#xD;
&#xD;
2019-08-05 15:32:02 - [TEST_STEP][PASSED] - (internal.GlobalVariable.i++): null&#xD;
&#xD;
2019-08-05 15:32:02 - [MESSAGE][PASSED] - Call Test Case 'Test Cases/mobileWeb/_include/get_screenshot' successfully&#xD;
&#xD;
2019-08-05 15:32:02 - [TEST_STEP][PASSED] - setText(findTestObject("mobileSanity/HBI/census/input_Location_zip-input"), zipcode): Text '90011' is set on object 'Object Repository/mobileSanity/HBI/census/input_Location_zip-input'&#xD;
&#xD;
2019-08-05 15:32:02 - [MESSAGE][PASSED] - Text '90011' is set on object 'Object Repository/mobileSanity/HBI/census/input_Location_zip-input'&#xD;
&#xD;
2019-08-05 15:32:02 - [TEST_STEP][PASSED] - Thread.sleep(500): null&#xD;
&#xD;
2019-08-05 15:32:03 - [TEST_STEP][PASSED] - setText(findTestObject("mobileSanity/HBI/census/input_Date of Birth_dob-0"), "12121980"): Text '12121980' is set on object 'Object Repository/mobileSanity/HBI/census/input_Date of Birth_dob-0'&#xD;
&#xD;
2019-08-05 15:32:03 - [MESSAGE][PASSED] - Text '12121980' is set on object 'Object Repository/mobileSanity/HBI/census/input_Date of Birth_dob-0'&#xD;
&#xD;
2019-08-05 15:32:03 - [TEST_STEP][PASSED] - click(findTestObject("mobileSanity/HBI/census/label_Male")): Object: 'Object Repository/mobileSanity/HBI/census/label_Male' is clicked on&#xD;
&#xD;
2019-08-05 15:32:03 - [MESSAGE][PASSED] - Object: 'Object Repository/mobileSanity/HBI/census/label_Male' is clicked on&#xD;
&#xD;
2019-08-05 15:32:03 - [TEST_STEP][PASSED] - click(findTestObject("mobileSanity/HBI/census/label_Get a Quote")): Object: 'Object Repository/mobileSanity/HBI/census/label_Get a Quote' is clicked on&#xD;
&#xD;
2019-08-05 15:32:03 - [MESSAGE][PASSED] - Object: 'Object Repository/mobileSanity/HBI/census/label_Get a Quote' is clicked on&#xD;
&#xD;
2019-08-05 15:32:03 - [TEST_STEP][PASSED] - waitForPageLoad(20): Wait for page load successfully&#xD;
&#xD;
2019-08-05 15:32:03 - [MESSAGE][PASSED] - Wait for page load successfully&#xD;
&#xD;
2019-08-05 15:32:03 - [TEST_STEP][PASSED] - callTestCase(findTestCase("mobileWeb/_include/get_screenshot"), [:], STOP_ON_FAILURE): Call Test Case 'Test Cases/mobileWeb/_include/get_screenshot' successfully&#xD;
&#xD;
2019-08-05 15:32:03 - [TEST_CASE][PASSED] - Test Cases/mobileWeb/_include/get_screenshot: Test Cases/mobileWeb/_include/get_screenshot&#xD;
&#xD;
2019-08-05 15:32:03 - [TEST_STEP][PASSED] - takeScreenshot(screenPath + i + ".png"): Taking screenshot successfully&#xD;
&#xD;
2019-08-05 15:32:10 - [MESSAGE][PASSED] - Taking screenshot successfully&#xD;
[[ATTACHMENT|D:\\Test\\AgileTest\\AgileTest\\Reports\\mobileWeb\\hbi\\20190805_152013\\../Screenshots/iPhone X/hbi/Vitala Care/20190805_153146/2.png]]&#xD;
&#xD;
2019-08-05 15:32:10 - [TEST_STEP][PASSED] - (internal.GlobalVariable.i++): null&#xD;
&#xD;
2019-08-05 15:32:10 - [MESSAGE][PASSED] - Call Test Case 'Test Cases/mobileWeb/_include/get_screenshot' successfully&#xD;
&#xD;
2019-08-05 15:32:10 - [MESSAGE][PASSED] - Call Test Case 'Test Cases/mobileWeb/_include/census_hbi' successfully&#xD;
&#xD;
2019-08-05 15:32:10 - [TEST_STEP][PASSED] - Thread.sleep(5000): null&#xD;
&#xD;
2019-08-05 15:32:15 - [TEST_STEP][PASSED] - scrollToPosition(200, 2300): Browser is scrolled to position x = 200, y = 2300&#xD;
&#xD;
2019-08-05 15:32:15 - [MESSAGE][PASSED] - Browser is scrolled to position x = 200, y = 2300&#xD;
&#xD;
2019-08-05 15:32:15 - [TEST_STEP][PASSED] - click(findTestObject("mobileSanity/HBI/quote/a_Vitala Care")): Object: 'Object Repository/mobileSanity/HBI/quote/a_Vitala Care' is clicked on&#xD;
&#xD;
2019-08-05 15:32:19 - [MESSAGE][PASSED] - Object: 'Object Repository/mobileSanity/HBI/quote/a_Vitala Care' is clicked on&#xD;
&#xD;
2019-08-05 15:32:19 - [TEST_STEP][PASSED] - waitForPageLoad(10): Wait for page load successfully&#xD;
&#xD;
2019-08-05 15:32:19 - [MESSAGE][PASSED] - Wait for page load successfully&#xD;
&#xD;
2019-08-05 15:32:19 - [TEST_STEP][PASSED] - callTestCase(findTestCase("mobileWeb/_include/get_screenshot"), [:], STOP_ON_FAILURE): Call Test Case 'Test Cases/mobileWeb/_include/get_screenshot' successfully&#xD;
&#xD;
2019-08-05 15:32:19 - [TEST_CASE][PASSED] - Test Cases/mobileWeb/_include/get_screenshot: Test Cases/mobileWeb/_include/get_screenshot&#xD;
&#xD;
2019-08-05 15:32:19 - [TEST_STEP][PASSED] - takeScreenshot(screenPath + i + ".png"): Taking screenshot successfully&#xD;
&#xD;
2019-08-05 15:32:20 - [MESSAGE][PASSED] - Taking screenshot successfully&#xD;
[[ATTACHMENT|D:\\Test\\AgileTest\\AgileTest\\Reports\\mobileWeb\\hbi\\20190805_152013\\../Screenshots/iPhone X/hbi/Vitala Care/20190805_153146/3.png]]&#xD;
&#xD;
2019-08-05 15:32:20 - [TEST_STEP][PASSED] - (internal.GlobalVariable.i++): null&#xD;
&#xD;
2019-08-05 15:32:20 - [MESSAGE][PASSED] - Call Test Case 'Test Cases/mobileWeb/_include/get_screenshot' successfully&#xD;
&#xD;
2019-08-05 15:32:20 - [TEST_STEP][PASSED] - click(findTestObject("mobileSanity/HBI/detail/a_Apply for This Plan")): Object: 'Object Repository/mobileSanity/HBI/detail/a_Apply for This Plan' is clicked on&#xD;
&#xD;
2019-08-05 15:32:21 - [MESSAGE][PASSED] - Object: 'Object Repository/mobileSanity/HBI/detail/a_Apply for This Plan' is clicked on&#xD;
&#xD;
2019-08-05 15:32:21 - [TEST_STEP][PASSED] - waitForPageLoad(10): Wait for page load successfully&#xD;
&#xD;
2019-08-05 15:32:21 - [MESSAGE][PASSED] - Wait for page load successfully&#xD;
&#xD;
2019-08-05 15:32:21 - [TEST_STEP][PASSED] - callTestCase(findTestCase("mobileWeb/_include/get_screenshot"), [:], STOP_ON_FAILURE): Call Test Case 'Test Cases/mobileWeb/_include/get_screenshot' successfully&#xD;
&#xD;
2019-08-05 15:32:21 - [TEST_CASE][PASSED] - Test Cases/mobileWeb/_include/get_screenshot: Test Cases/mobileWeb/_include/get_screenshot&#xD;
&#xD;
2019-08-05 15:32:21 - [TEST_STEP][PASSED] - takeScreenshot(screenPath + i + ".png"): Taking screenshot successfully&#xD;
&#xD;
2019-08-05 15:32:23 - [MESSAGE][PASSED] - Taking screenshot successfully&#xD;
[[ATTACHMENT|D:\\Test\\AgileTest\\AgileTest\\Reports\\mobileWeb\\hbi\\20190805_152013\\../Screenshots/iPhone X/hbi/Vitala Care/20190805_153146/4.png]]&#xD;
&#xD;
2019-08-05 15:32:23 - [TEST_STEP][PASSED] - (internal.GlobalVariable.i++): null&#xD;
&#xD;
2019-08-05 15:32:23 - [MESSAGE][PASSED] - Call Test Case 'Test Cases/mobileWeb/_include/get_screenshot' successfully&#xD;
&#xD;
2019-08-05 15:32:23 - [TEST_STEP][PASSED] - click(findTestObject("mobileSanity/HBI/Page_Apply/span_Start Secure Application")): Object: 'Object Repository/mobileSanity/HBI/Page_Apply/span_Start Secure Application' is clicked on&#xD;
&#xD;
2019-08-05 15:32:24 - [MESSAGE][PASSED] - Object: 'Object Repository/mobileSanity/HBI/Page_Apply/span_Start Secure Application' is clicked on&#xD;
&#xD;
2019-08-05 15:32:24 - [TEST_STEP][PASSED] - waitForPageLoad(10): Wait for page load successfully&#xD;
&#xD;
2019-08-05 15:32:25 - [MESSAGE][PASSED] - Wait for page load successfully&#xD;
&#xD;
2019-08-05 15:32:25 - [TEST_STEP][PASSED] - callTestCase(findTestCase("mobileWeb/_include/get_screenshot"), [:], STOP_ON_FAILURE): Call Test Case 'Test Cases/mobileWeb/_include/get_screenshot' successfully&#xD;
&#xD;
2019-08-05 15:32:25 - [TEST_CASE][PASSED] - Test Cases/mobileWeb/_include/get_screenshot: Test Cases/mobileWeb/_include/get_screenshot&#xD;
&#xD;
2019-08-05 15:32:25 - [TEST_STEP][PASSED] - takeScreenshot(screenPath + i + ".png"): Taking screenshot successfully&#xD;
&#xD;
2019-08-05 15:32:25 - [MESSAGE][PASSED] - Taking screenshot successfully&#xD;
[[ATTACHMENT|D:\\Test\\AgileTest\\AgileTest\\Reports\\mobileWeb\\hbi\\20190805_152013\\../Screenshots/iPhone X/hbi/Vitala Care/20190805_153146/5.png]]&#xD;
&#xD;
2019-08-05 15:32:25 - [TEST_STEP][PASSED] - (internal.GlobalVariable.i++): null&#xD;
&#xD;
2019-08-05 15:32:25 - [MESSAGE][PASSED] - Call Test Case 'Test Cases/mobileWeb/_include/get_screenshot' successfully&#xD;
&#xD;
2019-08-05 15:32:25 - [TEST_STEP][PASSED] - callTestCase(findTestCase("mobileWeb/_include/goToEnd_hbi"), ["state":"ca", "carrier":"vitalacare"], CONTINUE_ON_FAILURE): Call Test Case 'Test Cases/mobileWeb/_include/goToEnd_hbi' successfully&#xD;
&#xD;
2019-08-05 15:32:25 - [TEST_CASE][PASSED] - Test Cases/mobileWeb/_include/goToEnd_hbi: Test Cases/mobileWeb/_include/goToEnd_hbi&#xD;
&#xD;
2019-08-05 15:32:25 - [TEST_STEP][PASSED] - if (state == "ca"): Call Test Case 'Test Cases/mobileWeb/_include/get_screenshot' successfully&#xD;
&#xD;
2019-08-05 15:32:25 - [TEST_STEP][PASSED] - Thread.sleep(3000): null&#xD;
&#xD;
2019-08-05 15:32:28 - [TEST_STEP][PASSED] - click(findTestObject("mobileSanity/HBI/Page_App Page 1/yes_question_1")): Object: 'Object Repository/mobileSanity/HBI/Page_App Page 1/yes_question_1' is clicked on&#xD;
&#xD;
2019-08-05 15:32:29 - [MESSAGE][PASSED] - Object: 'Object Repository/mobileSanity/HBI/Page_App Page 1/yes_question_1' is clicked on&#xD;
&#xD;
2019-08-05 15:32:29 - [TEST_STEP][PASSED] - click(findTestObject("mobileSanity/HBI/Page_App Page 1/continue_to_app_info")): Object: 'Object Repository/mobileSanity/HBI/Page_App Page 1/continue_to_app_info' is clicked on&#xD;
&#xD;
2019-08-05 15:32:29 - [MESSAGE][PASSED] - Object: 'Object Repository/mobileSanity/HBI/Page_App Page 1/continue_to_app_info' is clicked on&#xD;
&#xD;
2019-08-05 15:32:29 - [TEST_STEP][PASSED] - waitForPageLoad(20): Wait for page load successfully&#xD;
&#xD;
2019-08-05 15:32:29 - [MESSAGE][PASSED] - Wait for page load successfully&#xD;
&#xD;
2019-08-05 15:32:29 - [TEST_STEP][PASSED] - Thread.sleep(3000): null&#xD;
&#xD;
2019-08-05 15:32:32 - [TEST_STEP][PASSED] - callTestCase(findTestCase("mobileWeb/_include/get_screenshot"), [:], STOP_ON_FAILURE): Call Test Case 'Test Cases/mobileWeb/_include/get_screenshot' successfully&#xD;
&#xD;
2019-08-05 15:32:32 - [TEST_CASE][PASSED] - Test Cases/mobileWeb/_include/get_screenshot: Test Cases/mobileWeb/_include/get_screenshot&#xD;
&#xD;
2019-08-05 15:32:32 - [TEST_STEP][PASSED] - takeScreenshot(screenPath + i + ".png"): Taking screenshot successfully&#xD;
&#xD;
2019-08-05 15:32:33 - [MESSAGE][PASSED] - Taking screenshot successfully&#xD;
[[ATTACHMENT|D:\\Test\\AgileTest\\AgileTest\\Reports\\mobileWeb\\hbi\\20190805_152013\\../Screenshots/iPhone X/hbi/Vitala Care/20190805_153146/6.png]]&#xD;
&#xD;
2019-08-05 15:32:33 - [TEST_STEP][PASSED] - (internal.GlobalVariable.i++): null&#xD;
&#xD;
2019-08-05 15:32:33 - [MESSAGE][PASSED] - Call Test Case 'Test Cases/mobileWeb/_include/get_screenshot' successfully&#xD;
&#xD;
2019-08-05 15:32:33 - [TEST_STEP][PASSED] - callTestCase(findTestCase("mobileWeb/_include/name"), [:], CONTINUE_ON_FAILURE): Call Test Case 'Test Cases/mobileWeb/_include/name' successfully&#xD;
&#xD;
2019-08-05 15:32:33 - [TEST_CASE][PASSED] - Test Cases/mobileWeb/_include/name: Test Cases/mobileWeb/_include/name&#xD;
&#xD;
2019-08-05 15:32:33 - [TEST_STEP][PASSED] - driver = getWebDriver(): null&#xD;
&#xD;
2019-08-05 15:32:33 - [TEST_STEP][PASSED] - selenium = new com.thoughtworks.selenium.webdriven.WebDriverBackedSelenium(driver, internal.GlobalVariable.ENV): null&#xD;
&#xD;
2019-08-05 15:32:33 - [TEST_STEP][PASSED] - FirstName = "Test-123": null&#xD;
&#xD;
2019-08-05 15:32:33 - [TEST_STEP][PASSED] - LastName = selenium.getEval("{var x="ABCDEFGHIJKLMNOPQRSTUVWXYZabcdefghijklmnopqrstuvwxyz"; var tmp="ZZ11-"; for (i=0;i&lt;8;i++) tmp+=x.charAt(Math.ceil(51*Math.random()));tmp;}"): null&#xD;
&#xD;
2019-08-05 15:32:33 - [TEST_STEP][PASSED] - Address = selenium.getEval("{var x="ABCDEFGHIJKLMNOPQRSTUVWXYZabcdefghijklmnopqrstuvwxyz"; var tmp=""; for (i=0;i&lt;8;i++) tmp+=x.charAt(Math.ceil(51*Math.random()));tmp;}"): null&#xD;
&#xD;
2019-08-05 15:32:33 - [TEST_STEP][PASSED] - City = selenium.getEval("{var x="ABCDEFGHIJKLMNOPQRSTUVWXYZabcdefghijklmnopqrstuvwxyz"; var tmp=""; for (i=0;i&lt;8;i++) tmp+=x.charAt(Math.ceil(51*Math.random()));tmp;}"): null&#xD;
&#xD;
2019-08-05 15:32:33 - [TEST_STEP][PASSED] - tel1 = selenium.getEval("{var x="123456789"; var tmp=""; for (i=0;i&lt;3;i++) tmp+=x.charAt(Math.ceil(8*Math.random()));tmp;}"): null&#xD;
&#xD;
2019-08-05 15:32:33 - [TEST_STEP][PASSED] - tel2 = selenium.getEval("{var x="123456789"; var tmp=""; for (i=0;i&lt;3;i++) tmp+=x.charAt(Math.ceil(8*Math.random()));tmp;}"): null&#xD;
&#xD;
2019-08-05 15:32:33 - [TEST_STEP][PASSED] - tel3 = selenium.getEval("{var x="123456789"; var tmp=""; for (i=0;i&lt;4;i++) tmp+=x.charAt(Math.ceil(8*Math.random()));tmp;}"): null&#xD;
&#xD;
2019-08-05 15:32:33 - [TEST_STEP][PASSED] - Tel = selenium.getExpression(tel1 + "-" + tel2 + "-" + tel3): null&#xD;
&#xD;
2019-08-05 15:32:33 - [TEST_STEP][PASSED] - AutoEmail = selenium.getEval("{var x="ABCDEFGHIJKLMNOPQRSTUVWXYZabcdefghijklmnopqrstuvwxyz"; var tmp="test."; for (i=0;i&lt;8;i++) tmp+=x.charAt(Math.ceil(51*Math.random()));tmp+="@suryani.cn";}"): null&#xD;
&#xD;
2019-08-05 15:32:33 - [TEST_STEP][PASSED] - FirstName = FirstName: null&#xD;
&#xD;
2019-08-05 15:32:33 - [TEST_STEP][PASSED] - LastName = LastName: null&#xD;
&#xD;
2019-08-05 15:32:33 - [TEST_STEP][PASSED] - Address = Address: null&#xD;
&#xD;
2019-08-05 15:32:33 - [TEST_STEP][PASSED] - City = City: null&#xD;
&#xD;
2019-08-05 15:32:33 - [TEST_STEP][PASSED] - Tel = Tel: null&#xD;
&#xD;
2019-08-05 15:32:33 - [TEST_STEP][PASSED] - AutoEmail = AutoEmail: null&#xD;
&#xD;
2019-08-05 15:32:33 - [TEST_STEP][PASSED] - println(FirstName): null&#xD;
&#xD;
2019-08-05 15:32:33 - [TEST_STEP][PASSED] - println(LastName): null&#xD;
&#xD;
2019-08-05 15:32:33 - [TEST_STEP][PASSED] - println(Address): null&#xD;
&#xD;
2019-08-05 15:32:33 - [TEST_STEP][PASSED] - println(City): null&#xD;
&#xD;
2019-08-05 15:32:33 - [TEST_STEP][PASSED] - println(Tel): null&#xD;
&#xD;
2019-08-05 15:32:33 - [TEST_STEP][PASSED] - println(AutoEmail): null&#xD;
&#xD;
2019-08-05 15:32:33 - [MESSAGE][PASSED] - Call Test Case 'Test Cases/mobileWeb/_include/name' successfully&#xD;
&#xD;
2019-08-05 15:32:33 - [TEST_STEP][PASSED] - setText(findTestObject("mobileSanity/HBI/Page_App Page 1/input__member-P-1-firstName"), FirstName): Text 'Test-123' is set on object 'Object Repository/mobileSanity/HBI/Page_App Page 1/input__member-P-1-firstName'&#xD;
&#xD;
2019-08-05 15:32:33 - [MESSAGE][PASSED] - Text 'Test-123' is set on object 'Object Repository/mobileSanity/HBI/Page_App Page 1/input__member-P-1-firstName'&#xD;
&#xD;
2019-08-05 15:32:33 - [TEST_STEP][PASSED] - setText(findTestObject("mobileSanity/HBI/Page_App Page 1/input__member-P-1-lastName"), LastName): Text 'ZZ11-NaWnaDRM' is set on object 'Object Repository/mobileSanity/HBI/Page_App Page 1/input__member-P-1-lastName'&#xD;
&#xD;
2019-08-05 15:32:33 - [MESSAGE][PASSED] - Text 'ZZ11-NaWnaDRM' is set on object 'Object Repository/mobileSanity/HBI/Page_App Page 1/input__member-P-1-lastName'&#xD;
&#xD;
2019-08-05 15:32:33 - [TEST_STEP][PASSED] - if (carrier == "agileone" || carrier == "agilesecure"): null&#xD;
&#xD;
2019-08-05 15:32:33 - [TEST_STEP][PASSED] - setText(findTestObject("mobileSanity/HBI/Page_App Page 1/input__address"), Address): Text 'FKrfGzPu' is set on object 'Object Repository/mobileSanity/HBI/Page_App Page 1/input__address'&#xD;
&#xD;
2019-08-05 15:32:34 - [MESSAGE][PASSED] - Text 'FKrfGzPu' is set on object 'Object Repository/mobileSanity/HBI/Page_App Page 1/input__address'&#xD;
&#xD;
2019-08-05 15:32:34 - [TEST_STEP][PASSED] - setText(findTestObject("mobileSanity/HBI/Page_App Page 1/input__city"), City): Text 'kWdspBIF' is set on object 'Object Repository/mobileSanity/HBI/Page_App Page 1/input__city'&#xD;
&#xD;
2019-08-05 15:32:34 - [MESSAGE][PASSED] - Text 'kWdspBIF' is set on object 'Object Repository/mobileSanity/HBI/Page_App Page 1/input__city'&#xD;
&#xD;
2019-08-05 15:32:34 - [TEST_STEP][PASSED] - setText(findTestObject("mobileSanity/HBI/Page_App Page 1/input__email"), AutoEmail): Text 'test.eqwrIFzk@suryani.cn' is set on object 'Object Repository/mobileSanity/HBI/Page_App Page 1/input__email'&#xD;
&#xD;
2019-08-05 15:32:34 - [MESSAGE][PASSED] - Text 'test.eqwrIFzk@suryani.cn' is set on object 'Object Repository/mobileSanity/HBI/Page_App Page 1/input__email'&#xD;
&#xD;
2019-08-05 15:32:34 - [TEST_STEP][PASSED] - setText(findTestObject("mobileSanity/HBI/Page_App Page 1/input_tel"), Tel): Text '283-644-3734' is set on object 'Object Repository/mobileSanity/HBI/Page_App Page 1/input_tel'&#xD;
&#xD;
2019-08-05 15:32:34 - [MESSAGE][PASSED] - Text '283-644-3734' is set on object 'Object Repository/mobileSanity/HBI/Page_App Page 1/input_tel'&#xD;
&#xD;
2019-08-05 15:32:34 - [TEST_STEP][PASSED] - click(findTestObject("mobileSanity/HBI/Page_App Page 1/a_Continue to Step 2 - Payment")): Object: 'Object Repository/mobileSanity/HBI/Page_App Page 1/a_Continue to Step 2 - Payment' is clicked on&#xD;
&#xD;
2019-08-05 15:32:35 - [MESSAGE][PASSED] - Object: 'Object Repository/mobileSanity/HBI/Page_App Page 1/a_Continue to Step 2 - Payment' is clicked on&#xD;
&#xD;
2019-08-05 15:32:35 - [TEST_STEP][PASSED] - waitForPageLoad(20): Wait for page load successfully&#xD;
&#xD;
2019-08-05 15:32:35 - [MESSAGE][PASSED] - Wait for page load successfully&#xD;
&#xD;
2019-08-05 15:32:35 - [TEST_STEP][PASSED] - Thread.sleep(2000): null&#xD;
&#xD;
2019-08-05 15:32:37 - [TEST_STEP][PASSED] - waitForElementVisible(findTestObject("mobileSanity/HBI/Page_App Page 2/input__credit-card-first"), 20): Object 'Object Repository/mobileSanity/HBI/Page_App Page 2/input__credit-card-first' is visible&#xD;
&#xD;
2019-08-05 15:32:37 - [MESSAGE][PASSED] - Object 'Object Repository/mobileSanity/HBI/Page_App Page 2/input__credit-card-first' is visible&#xD;
&#xD;
2019-08-05 15:32:37 - [TEST_STEP][PASSED] - callTestCase(findTestCase("mobileWeb/_include/get_screenshot"), [:], STOP_ON_FAILURE): Call Test Case 'Test Cases/mobileWeb/_include/get_screenshot' successfully&#xD;
&#xD;
2019-08-05 15:32:37 - [TEST_CASE][PASSED] - Test Cases/mobileWeb/_include/get_screenshot: Test Cases/mobileWeb/_include/get_screenshot&#xD;
&#xD;
2019-08-05 15:32:37 - [TEST_STEP][PASSED] - takeScreenshot(screenPath + i + ".png"): Taking screenshot successfully&#xD;
&#xD;
2019-08-05 15:32:37 - [MESSAGE][PASSED] - Taking screenshot successfully&#xD;
[[ATTACHMENT|D:\\Test\\AgileTest\\AgileTest\\Reports\\mobileWeb\\hbi\\20190805_152013\\../Screenshots/iPhone X/hbi/Vitala Care/20190805_153146/7.png]]&#xD;
&#xD;
2019-08-05 15:32:37 - [TEST_STEP][PASSED] - (internal.GlobalVariable.i++): null&#xD;
&#xD;
2019-08-05 15:32:37 - [MESSAGE][PASSED] - Call Test Case 'Test Cases/mobileWeb/_include/get_screenshot' successfully&#xD;
&#xD;
2019-08-05 15:32:37 - [TEST_STEP][PASSED] - setText(findTestObject("mobileSanity/HBI/Page_App Page 2/input__credit-card-first"), FirstName): Text 'Test-123' is set on object 'Object Repository/mobileSanity/HBI/Page_App Page 2/input__credit-card-first'&#xD;
&#xD;
2019-08-05 15:32:38 - [MESSAGE][PASSED] - Text 'Test-123' is set on object 'Object Repository/mobileSanity/HBI/Page_App Page 2/input__credit-card-first'&#xD;
&#xD;
2019-08-05 15:32:38 - [TEST_STEP][PASSED] - setText(findTestObject("mobileSanity/HBI/Page_App Page 2/input__credit-card-last"), LastName): Text 'ZZ11-NaWnaDRM' is set on object 'Object Repository/mobileSanity/HBI/Page_App Page 2/input__credit-card-last'&#xD;
&#xD;
2019-08-05 15:32:38 - [MESSAGE][PASSED] - Text 'ZZ11-NaWnaDRM' is set on object 'Object Repository/mobileSanity/HBI/Page_App Page 2/input__credit-card-last'&#xD;
&#xD;
2019-08-05 15:32:38 - [TEST_STEP][PASSED] - selectOptionByValue(findTestObject("mobileSanity/HBI/Page_App Page 2/select_MM010203040506070809101"), "12", true): All options with value '12' are selected in object 'Object Repository/mobileSanity/HBI/Page_App Page 2/select_MM010203040506070809101'  using regular expression&#xD;
&#xD;
2019-08-05 15:32:38 - [MESSAGE][PASSED] - All options with value '12' are selected in object 'Object Repository/mobileSanity/HBI/Page_App Page 2/select_MM010203040506070809101'  using regular expression&#xD;
&#xD;
2019-08-05 15:32:38 - [TEST_STEP][PASSED] - selectOptionByValue(findTestObject("mobileSanity/HBI/Page_App Page 2/select_YYYY2019202020212022202"), "2026", true): All options with value '2026' are selected in object 'Object Repository/mobileSanity/HBI/Page_App Page 2/select_YYYY2019202020212022202'  using regular expression&#xD;
&#xD;
2019-08-05 15:32:38 - [MESSAGE][PASSED] - All options with value '2026' are selected in object 'Object Repository/mobileSanity/HBI/Page_App Page 2/select_YYYY2019202020212022202'  using regular expression&#xD;
&#xD;
2019-08-05 15:32:38 - [TEST_STEP][PASSED] - setText(findTestObject("mobileSanity/HBI/Page_App Page 2/input__credit-card-number"), "4111111111111111"): Text '4111111111111111' is set on object 'Object Repository/mobileSanity/HBI/Page_App Page 2/input__credit-card-number'&#xD;
&#xD;
2019-08-05 15:32:39 - [MESSAGE][PASSED] - Text '4111111111111111' is set on object 'Object Repository/mobileSanity/HBI/Page_App Page 2/input__credit-card-number'&#xD;
&#xD;
2019-08-05 15:32:39 - [TEST_STEP][PASSED] - setText(findTestObject("mobileSanity/HBI/Page_App Page 2/input__cvv"), "123"): Text '123' is set on object 'Object Repository/mobileSanity/HBI/Page_App Page 2/input__cvv'&#xD;
&#xD;
2019-08-05 15:32:39 - [MESSAGE][PASSED] - Text '123' is set on object 'Object Repository/mobileSanity/HBI/Page_App Page 2/input__cvv'&#xD;
&#xD;
2019-08-05 15:32:39 - [TEST_STEP][PASSED] - click(findTestObject("mobileSanity/HBI/Page_App Page 2/label_My billing address is th")): Object: 'Object Repository/mobileSanity/HBI/Page_App Page 2/label_My billing address is th' is clicked on&#xD;
&#xD;
2019-08-05 15:32:39 - [MESSAGE][PASSED] - Object: 'Object Repository/mobileSanity/HBI/Page_App Page 2/label_My billing address is th' is clicked on&#xD;
&#xD;
2019-08-05 15:32:39 - [TEST_STEP][PASSED] - click(findTestObject("mobileSanity/HBI/Page_App Page 2/label_I Accept Authorization f")): Object: 'Object Repository/mobileSanity/HBI/Page_App Page 2/label_I Accept Authorization f' is clicked on&#xD;
&#xD;
2019-08-05 15:32:39 - [MESSAGE][PASSED] - Object: 'Object Repository/mobileSanity/HBI/Page_App Page 2/label_I Accept Authorization f' is clicked on&#xD;
&#xD;
2019-08-05 15:32:39 - [TEST_STEP][PASSED] - click(findTestObject("mobileSanity/HBI/Page_App Page 2/a_Continue to Step 3 - Review")): Object: 'Object Repository/mobileSanity/HBI/Page_App Page 2/a_Continue to Step 3 - Review' is clicked on&#xD;
&#xD;
2019-08-05 15:32:39 - [MESSAGE][PASSED] - Object: 'Object Repository/mobileSanity/HBI/Page_App Page 2/a_Continue to Step 3 - Review' is clicked on&#xD;
&#xD;
2019-08-05 15:32:39 - [TEST_STEP][PASSED] - waitForPageLoad(20): Wait for page load successfully&#xD;
&#xD;
2019-08-05 15:32:39 - [MESSAGE][PASSED] - Wait for page load successfully&#xD;
&#xD;
2019-08-05 15:32:39 - [TEST_STEP][PASSED] - Thread.sleep(2000): null&#xD;
&#xD;
2019-08-05 15:32:41 - [TEST_STEP][PASSED] - callTestCase(findTestCase("mobileWeb/_include/get_screenshot"), [:], STOP_ON_FAILURE): Call Test Case 'Test Cases/mobileWeb/_include/get_screenshot' successfully&#xD;
&#xD;
2019-08-05 15:32:41 - [TEST_CASE][PASSED] - Test Cases/mobileWeb/_include/get_screenshot: Test Cases/mobileWeb/_include/get_screenshot&#xD;
&#xD;
2019-08-05 15:32:41 - [TEST_STEP][PASSED] - takeScreenshot(screenPath + i + ".png"): Taking screenshot successfully&#xD;
&#xD;
2019-08-05 15:32:46 - [MESSAGE][PASSED] - Taking screenshot successfully&#xD;
[[ATTACHMENT|D:\\Test\\AgileTest\\AgileTest\\Reports\\mobileWeb\\hbi\\20190805_152013\\../Screenshots/iPhone X/hbi/Vitala Care/20190805_153146/8.png]]&#xD;
&#xD;
2019-08-05 15:32:46 - [TEST_STEP][PASSED] - (internal.GlobalVariable.i++): null&#xD;
&#xD;
2019-08-05 15:32:46 - [MESSAGE][PASSED] - Call Test Case 'Test Cases/mobileWeb/_include/get_screenshot' successfully&#xD;
&#xD;
2019-08-05 15:32:46 - [TEST_STEP][PASSED] - if (test.MobileKeywords.isElementPresent_Web(findTestObject("mobileSanity/HBI/Page_App Page 2/a_No Thanks"), 10)): test.MobileKeywords.isElementPresent_Web is PASSED&#xD;
&#xD;
2019-08-05 15:33:06 - [MESSAGE][INFO] - Unable to find the element located by 'By.xpath: //a[@type = 'submit' and (text() = 'No Thanks' or . = 'No Thanks')]'. Please recheck the objects properties to make sure the desired element is located. &#xD;
&#xD;
2019-08-05 15:33:06 - [MESSAGE][PASSED] - test.MobileKeywords.isElementPresent_Web is PASSED&#xD;
&#xD;
2019-08-05 15:33:06 - [TEST_STEP][PASSED] - click(findTestObject("mobileSanity/HBI/Page_App Page 3/label")): Object: 'Object Repository/mobileSanity/HBI/Page_App Page 3/label' is clicked on&#xD;
&#xD;
2019-08-05 15:33:07 - [MESSAGE][PASSED] - Object: 'Object Repository/mobileSanity/HBI/Page_App Page 3/label' is clicked on&#xD;
&#xD;
2019-08-05 15:33:07 - [TEST_STEP][PASSED] - click(findTestObject("mobileSanity/HBI/Page_App Page 3/p_CLICK TO SIGN")): Object: 'Object Repository/mobileSanity/HBI/Page_App Page 3/p_CLICK TO SIGN' is clicked on&#xD;
&#xD;
2019-08-05 15:33:07 - [MESSAGE][PASSED] - Object: 'Object Repository/mobileSanity/HBI/Page_App Page 3/p_CLICK TO SIGN' is clicked on&#xD;
&#xD;
2019-08-05 15:33:07 - [TEST_STEP][PASSED] - click(findTestObject("mobileSanity/HBI/Page_App Page 3/a_Submit Your Application")): Object: 'Object Repository/mobileSanity/HBI/Page_App Page 3/a_Submit Your Application' is clicked on&#xD;
&#xD;
2019-08-05 15:33:07 - [MESSAGE][PASSED] - Object: 'Object Repository/mobileSanity/HBI/Page_App Page 3/a_Submit Your Application' is clicked on&#xD;
&#xD;
2019-08-05 15:33:07 - [TEST_STEP][PASSED] - Thread.sleep(30000): null&#xD;
&#xD;
2019-08-05 15:33:37 - [TEST_STEP][PASSED] - callTestCase(findTestCase("mobileWeb/_include/get_screenshot"), [:], STOP_ON_FAILURE): Call Test Case 'Test Cases/mobileWeb/_include/get_screenshot' successfully&#xD;
&#xD;
2019-08-05 15:33:37 - [TEST_CASE][PASSED] - Test Cases/mobileWeb/_include/get_screenshot: Test Cases/mobileWeb/_include/get_screenshot&#xD;
&#xD;
2019-08-05 15:33:37 - [TEST_STEP][PASSED] - takeScreenshot(screenPath + i + ".png"): Taking screenshot successfully&#xD;
&#xD;
2019-08-05 15:33:46 - [MESSAGE][PASSED] - Taking screenshot successfully&#xD;
[[ATTACHMENT|D:\\Test\\AgileTest\\AgileTest\\Reports\\mobileWeb\\hbi\\20190805_152013\\../Screenshots/iPhone X/hbi/Vitala Care/20190805_153146/9.png]]&#xD;
&#xD;
2019-08-05 15:33:46 - [TEST_STEP][PASSED] - (internal.GlobalVariable.i++): null&#xD;
&#xD;
2019-08-05 15:33:46 - [MESSAGE][PASSED] - Call Test Case 'Test Cases/mobileWeb/_include/get_screenshot' successfully&#xD;
&#xD;
2019-08-05 15:33:46 - [TEST_STEP][PASSED] - verifyTextPresent("Congratulations", false): Text 'Congratulations' is present on page &#xD;
&#xD;
2019-08-05 15:33:46 - [MESSAGE][PASSED] - Text 'Congratulations' is present on page &#xD;
&#xD;
2019-08-05 15:33:46 - [MESSAGE][PASSED] - Call Test Case 'Test Cases/mobileWeb/_include/goToEnd_hbi' successfully</system-out>
            <system-err></system-err>
        </testcase>
        <system-out>2019-08-05 15:20:16 - [TEST_SUITE][INCOMPLETE] - hbi: null</system-out>
        <system-err>2019-08-05 15:20:16 - [TEST_SUITE][INCOMPLETE] - hbi: null</system-err>
    </testsuite>
</testsuites>
