<?xml version="1.0" encoding="UTF-8" standalone="yes"?>
<testsuites name="stm" time="1094" tests="7" failures="1" errors="0">
    <testsuite name="stm" tests="7" failures="1" errors="0" time="1094" timestamp="2019-12-06 16:43:20" hostname="sofee.yu - windows10.microdone.cn" id="Test Suites/AHI/stm">
        <properties>
            <property name="deviceName" value=""/>
            <property name="devicePlatform" value=""/>
            <property name="logFolder" value="D:\\Test\\AgileTest\\AgileTest\\Reports\\AHI\\stm\\20191206_163435"/>
            <property name="logFiles" value="D:\\Test\\AgileTest\\AgileTest\\Reports\\AHI\\stm\\20191206_163435\\execution0.log"/>
            <property name="attachments" value="D:\\Test\\AgileTest\\AgileTest\\Reports\\AHI\\stm\\20191206_163435\\../Screenshots/iPhone 6/stm/AdvantHealth/20191206_164324/0.png, D:\\Test\\AgileTest\\AgileTest\\Reports\\AHI\\stm\\20191206_163435\\../Screenshots/iPhone 6/stm/AdvantHealth/20191206_164324/1.png, D:\\Test\\AgileTest\\AgileTest\\Reports\\AHI\\stm\\20191206_163435\\../Screenshots/iPhone 6/stm/AdvantHealth/20191206_164324/2.png, D:\\Test\\AgileTest\\AgileTest\\Reports\\AHI\\stm\\20191206_163435\\../Screenshots/iPhone 6/stm/AdvantHealth/20191206_164324/3.png, D:\\Test\\AgileTest\\AgileTest\\Reports\\AHI\\stm\\20191206_163435\\../Screenshots/iPhone 6/stm/AdvantHealth/20191206_164324/4.png, D:\\Test\\AgileTest\\AgileTest\\Reports\\AHI\\stm\\20191206_163435\\../Screenshots/iPhone 6/stm/AdvantHealth/20191206_164324/5.png, D:\\Test\\AgileTest\\AgileTest\\Reports\\AHI\\stm\\20191206_163435\\../Screenshots/iPhone 6/stm/AdvantHealth/20191206_164324/6.png, D:\\Test\\AgileTest\\AgileTest\\Reports\\AHI\\stm\\20191206_163435\\../Screenshots/iPhone 6/stm/AdvantHealth/20191206_164324/7.png, D:\\Test\\AgileTest\\AgileTest\\Reports\\AHI\\stm\\20191206_163435\\../Screenshots/iPhone 6/stm/AdvantHealth/20191206_164324/8.png, D:\\Test\\AgileTest\\AgileTest\\Reports\\AHI\\stm\\20191206_163435\\../Screenshots/iPhone 6/stm/AdvantHealth/20191206_164324/9.png, D:\\Test\\AgileTest\\AgileTest\\Reports\\AHI\\stm\\20191206_163435\\1575621953210.png, D:\\Test\\AgileTest\\AgileTest\\Reports\\AHI\\stm\\20191206_163435\\../Screenshots/iPhone 6/stm/Aspen/20191206_164554/0.png, D:\\Test\\AgileTest\\AgileTest\\Reports\\AHI\\stm\\20191206_163435\\../Screenshots/iPhone 6/stm/Aspen/20191206_164554/1.png, D:\\Test\\AgileTest\\AgileTest\\Reports\\AHI\\stm\\20191206_163435\\../Screenshots/iPhone 6/stm/Aspen/20191206_164554/2.png, D:\\Test\\AgileTest\\AgileTest\\Reports\\AHI\\stm\\20191206_163435\\../Screenshots/iPhone 6/stm/Aspen/20191206_164554/3.png, D:\\Test\\AgileTest\\AgileTest\\Reports\\AHI\\stm\\20191206_163435\\../Screenshots/iPhone 6/stm/Aspen/20191206_164554/4.png, D:\\Test\\AgileTest\\AgileTest\\Reports\\AHI\\stm\\20191206_163435\\../Screenshots/iPhone 6/stm/Aspen/20191206_164554/5.png, D:\\Test\\AgileTest\\AgileTest\\Reports\\AHI\\stm\\20191206_163435\\../Screenshots/iPhone 6/stm/Aspen/20191206_164554/6.png, D:\\Test\\AgileTest\\AgileTest\\Reports\\AHI\\stm\\20191206_163435\\1575622023978.png, D:\\Test\\AgileTest\\AgileTest\\Reports\\AHI\\stm\\20191206_163435\\../Screenshots/iPhone 6/stm/Aspen/20191206_164554/7.png, D:\\Test\\AgileTest\\AgileTest\\Reports\\AHI\\stm\\20191206_163435\\../Screenshots/iPhone 6/stm/Aspen/20191206_164554/8.png, D:\\Test\\AgileTest\\AgileTest\\Reports\\AHI\\stm\\20191206_163435\\../Screenshots/iPhone 6/stm/Aspen/20191206_164554/9.png, D:\\Test\\AgileTest\\AgileTest\\Reports\\AHI\\stm\\20191206_163435\\../Screenshots/iPhone 6/stm/Aspen/20191206_164554/10.png, D:\\Test\\AgileTest\\AgileTest\\Reports\\AHI\\stm\\20191206_163435\\../Screenshots/iPhone 6/stm/Companion/20191206_164759/0.png, D:\\Test\\AgileTest\\AgileTest\\Reports\\AHI\\stm\\20191206_163435\\../Screenshots/iPhone 6/stm/Companion/20191206_164759/1.png, D:\\Test\\AgileTest\\AgileTest\\Reports\\AHI\\stm\\20191206_163435\\../Screenshots/iPhone 6/stm/Companion/20191206_164759/2.png, D:\\Test\\AgileTest\\AgileTest\\Reports\\AHI\\stm\\20191206_163435\\../Screenshots/iPhone 6/stm/Companion/20191206_164759/3.png, D:\\Test\\AgileTest\\AgileTest\\Reports\\AHI\\stm\\20191206_163435\\../Screenshots/iPhone 6/stm/Companion/20191206_164759/4.png, D:\\Test\\AgileTest\\AgileTest\\Reports\\AHI\\stm\\20191206_163435\\../Screenshots/iPhone 6/stm/Companion/20191206_164759/5.png, D:\\Test\\AgileTest\\AgileTest\\Reports\\AHI\\stm\\20191206_163435\\../Screenshots/iPhone 6/stm/Companion/20191206_164759/6.png, D:\\Test\\AgileTest\\AgileTest\\Reports\\AHI\\stm\\20191206_163435\\1575622159656.png, D:\\Test\\AgileTest\\AgileTest\\Reports\\AHI\\stm\\20191206_163435\\../Screenshots/iPhone 6/stm/Companion/20191206_164759/7.png, D:\\Test\\AgileTest\\AgileTest\\Reports\\AHI\\stm\\20191206_163435\\../Screenshots/iPhone 6/stm/Companion/20191206_164759/8.png, D:\\Test\\AgileTest\\AgileTest\\Reports\\AHI\\stm\\20191206_163435\\../Screenshots/iPhone 6/stm/Companion/20191206_164759/9.png, D:\\Test\\AgileTest\\AgileTest\\Reports\\AHI\\stm\\20191206_163435\\../Screenshots/iPhone 6/stm/Companion/20191206_164759/10.png, D:\\Test\\AgileTest\\AgileTest\\Reports\\AHI\\stm\\20191206_163435\\../Screenshots/iPhone 6/stm/Everest Prime/20191206_165025/0.png, D:\\Test\\AgileTest\\AgileTest\\Reports\\AHI\\stm\\20191206_163435\\../Screenshots/iPhone 6/stm/Everest Prime/20191206_165025/1.png, D:\\Test\\AgileTest\\AgileTest\\Reports\\AHI\\stm\\20191206_163435\\../Screenshots/iPhone 6/stm/Everest Prime/20191206_165025/2.png, D:\\Test\\AgileTest\\AgileTest\\Reports\\AHI\\stm\\20191206_163435\\../Screenshots/iPhone 6/stm/Everest Prime/20191206_165025/3.png, D:\\Test\\AgileTest\\AgileTest\\Reports\\AHI\\stm\\20191206_163435\\../Screenshots/iPhone 6/stm/Everest Prime/20191206_165025/4.png, D:\\Test\\AgileTest\\AgileTest\\Reports\\AHI\\stm\\20191206_163435\\../Screenshots/iPhone 6/stm/Everest Prime/20191206_165025/5.png, D:\\Test\\AgileTest\\AgileTest\\Reports\\AHI\\stm\\20191206_163435\\../Screenshots/iPhone 6/stm/Everest Prime/20191206_165025/6.png, D:\\Test\\AgileTest\\AgileTest\\Reports\\AHI\\stm\\20191206_163435\\1575622301336.png, D:\\Test\\AgileTest\\AgileTest\\Reports\\AHI\\stm\\20191206_163435\\../Screenshots/iPhone 6/stm/Everest Prime/20191206_165025/7.png, D:\\Test\\AgileTest\\AgileTest\\Reports\\AHI\\stm\\20191206_163435\\../Screenshots/iPhone 6/stm/Everest Prime/20191206_165025/8.png, D:\\Test\\AgileTest\\AgileTest\\Reports\\AHI\\stm\\20191206_163435\\../Screenshots/iPhone 6/stm/Everest Prime/20191206_165025/9.png, D:\\Test\\AgileTest\\AgileTest\\Reports\\AHI\\stm\\20191206_163435\\../Screenshots/iPhone 6/stm/Everest Prime/20191206_165025/10.png, D:\\Test\\AgileTest\\AgileTest\\Reports\\AHI\\stm\\20191206_163435\\../Screenshots/iPhone 6/stm/Everest/20191206_165239/0.png, D:\\Test\\AgileTest\\AgileTest\\Reports\\AHI\\stm\\20191206_163435\\../Screenshots/iPhone 6/stm/Everest/20191206_165239/1.png, D:\\Test\\AgileTest\\AgileTest\\Reports\\AHI\\stm\\20191206_163435\\../Screenshots/iPhone 6/stm/Everest/20191206_165239/2.png, D:\\Test\\AgileTest\\AgileTest\\Reports\\AHI\\stm\\20191206_163435\\../Screenshots/iPhone 6/stm/Everest/20191206_165239/3.png, D:\\Test\\AgileTest\\AgileTest\\Reports\\AHI\\stm\\20191206_163435\\../Screenshots/iPhone 6/stm/Everest/20191206_165239/4.png, D:\\Test\\AgileTest\\AgileTest\\Reports\\AHI\\stm\\20191206_163435\\../Screenshots/iPhone 6/stm/Everest/20191206_165239/5.png, D:\\Test\\AgileTest\\AgileTest\\Reports\\AHI\\stm\\20191206_163435\\../Screenshots/iPhone 6/stm/Everest/20191206_165239/6.png, D:\\Test\\AgileTest\\AgileTest\\Reports\\AHI\\stm\\20191206_163435\\1575622418562.png, D:\\Test\\AgileTest\\AgileTest\\Reports\\AHI\\stm\\20191206_163435\\../Screenshots/iPhone 6/stm/Everest/20191206_165239/7.png, D:\\Test\\AgileTest\\AgileTest\\Reports\\AHI\\stm\\20191206_163435\\../Screenshots/iPhone 6/stm/Everest/20191206_165239/8.png, D:\\Test\\AgileTest\\AgileTest\\Reports\\AHI\\stm\\20191206_163435\\../Screenshots/iPhone 6/stm/Everest/20191206_165239/9.png, D:\\Test\\AgileTest\\AgileTest\\Reports\\AHI\\stm\\20191206_163435\\../Screenshots/iPhone 6/stm/Everest/20191206_165239/10.png, D:\\Test\\AgileTest\\AgileTest\\Reports\\AHI\\stm\\20191206_163435\\../Screenshots/iPhone 6/stm/LifeShield/20191206_165433/0.png, D:\\Test\\AgileTest\\AgileTest\\Reports\\AHI\\stm\\20191206_163435\\../Screenshots/iPhone 6/stm/LifeShield/20191206_165433/1.png, D:\\Test\\AgileTest\\AgileTest\\Reports\\AHI\\stm\\20191206_163435\\../Screenshots/iPhone 6/stm/LifeShield/20191206_165433/2.png, D:\\Test\\AgileTest\\AgileTest\\Reports\\AHI\\stm\\20191206_163435\\../Screenshots/iPhone 6/stm/LifeShield/20191206_165433/3.png, D:\\Test\\AgileTest\\AgileTest\\Reports\\AHI\\stm\\20191206_163435\\../Screenshots/iPhone 6/stm/LifeShield/20191206_165433/4.png, D:\\Test\\AgileTest\\AgileTest\\Reports\\AHI\\stm\\20191206_163435\\../Screenshots/iPhone 6/stm/LifeShield/20191206_165433/5.png, D:\\Test\\AgileTest\\AgileTest\\Reports\\AHI\\stm\\20191206_163435\\../Screenshots/iPhone 6/stm/LifeShield/20191206_165433/6.png, D:\\Test\\AgileTest\\AgileTest\\Reports\\AHI\\stm\\20191206_163435\\../Screenshots/iPhone 6/stm/LifeShield/20191206_165433/7.png, D:\\Test\\AgileTest\\AgileTest\\Reports\\AHI\\stm\\20191206_163435\\../Screenshots/iPhone 6/stm/LifeShield/20191206_165433/8.png, D:\\Test\\AgileTest\\AgileTest\\Reports\\AHI\\stm\\20191206_163435\\../Screenshots/iPhone 6/stm/LifeShield/20191206_165433/9.png, D:\\Test\\AgileTest\\AgileTest\\Reports\\AHI\\stm\\20191206_163435\\../Screenshots/iPhone 6/stm/LifeShield/20191206_165433/10.png, D:\\Test\\AgileTest\\AgileTest\\Reports\\AHI\\stm\\20191206_163435\\../Screenshots/iPhone 6/stm/LifeShield/20191206_165433/11.png, D:\\Test\\AgileTest\\AgileTest\\Reports\\AHI\\stm\\20191206_163435\\../Screenshots/iPhone 6/stm/National General/20191206_165700/0.png, D:\\Test\\AgileTest\\AgileTest\\Reports\\AHI\\stm\\20191206_163435\\../Screenshots/iPhone 6/stm/National General/20191206_165700/1.png, D:\\Test\\AgileTest\\AgileTest\\Reports\\AHI\\stm\\20191206_163435\\../Screenshots/iPhone 6/stm/National General/20191206_165700/2.png, D:\\Test\\AgileTest\\AgileTest\\Reports\\AHI\\stm\\20191206_163435\\../Screenshots/iPhone 6/stm/National General/20191206_165700/3.png, D:\\Test\\AgileTest\\AgileTest\\Reports\\AHI\\stm\\20191206_163435\\../Screenshots/iPhone 6/stm/National General/20191206_165700/4.png, D:\\Test\\AgileTest\\AgileTest\\Reports\\AHI\\stm\\20191206_163435\\../Screenshots/iPhone 6/stm/National General/20191206_165700/5.png, D:\\Test\\AgileTest\\AgileTest\\Reports\\AHI\\stm\\20191206_163435\\../Screenshots/iPhone 6/stm/National General/20191206_165700/6.png, D:\\Test\\AgileTest\\AgileTest\\Reports\\AHI\\stm\\20191206_163435\\../Screenshots/iPhone 6/stm/National General/20191206_165700/7.png, D:\\Test\\AgileTest\\AgileTest\\Reports\\AHI\\stm\\20191206_163435\\../Screenshots/iPhone 6/stm/National General/20191206_165700/8.png, D:\\Test\\AgileTest\\AgileTest\\Reports\\AHI\\stm\\20191206_163435\\../Screenshots/iPhone 6/stm/National General/20191206_165700/9.png, D:\\Test\\AgileTest\\AgileTest\\Reports\\AHI\\stm\\20191206_163435\\../Screenshots/iPhone 6/stm/National General/20191206_165700/10.png, D:\\Test\\AgileTest\\AgileTest\\Reports\\AHI\\stm\\20191206_163435\\../Screenshots/iPhone 6/stm/National General/20191206_165700/11.png, D:\\Test\\AgileTest\\AgileTest\\Reports\\AHI\\stm\\20191206_163435\\../Screenshots/iPhone 6/stm/Salico/20191206_165916/0.png, D:\\Test\\AgileTest\\AgileTest\\Reports\\AHI\\stm\\20191206_163435\\../Screenshots/iPhone 6/stm/Salico/20191206_165916/1.png, D:\\Test\\AgileTest\\AgileTest\\Reports\\AHI\\stm\\20191206_163435\\../Screenshots/iPhone 6/stm/Salico/20191206_165916/2.png, D:\\Test\\AgileTest\\AgileTest\\Reports\\AHI\\stm\\20191206_163435\\../Screenshots/iPhone 6/stm/Salico/20191206_165916/3.png, D:\\Test\\AgileTest\\AgileTest\\Reports\\AHI\\stm\\20191206_163435\\../Screenshots/iPhone 6/stm/Salico/20191206_165916/4.png, D:\\Test\\AgileTest\\AgileTest\\Reports\\AHI\\stm\\20191206_163435\\../Screenshots/iPhone 6/stm/Salico/20191206_165916/5.png, D:\\Test\\AgileTest\\AgileTest\\Reports\\AHI\\stm\\20191206_163435\\../Screenshots/iPhone 6/stm/Salico/20191206_165916/6.png, D:\\Test\\AgileTest\\AgileTest\\Reports\\AHI\\stm\\20191206_163435\\1575622837815.png, D:\\Test\\AgileTest\\AgileTest\\Reports\\AHI\\stm\\20191206_163435\\../Screenshots/iPhone 6/stm/Salico/20191206_165916/7.png, D:\\Test\\AgileTest\\AgileTest\\Reports\\AHI\\stm\\20191206_163435\\../Screenshots/iPhone 6/stm/Salico/20191206_165916/8.png, D:\\Test\\AgileTest\\AgileTest\\Reports\\AHI\\stm\\20191206_163435\\../Screenshots/iPhone 6/stm/Salico/20191206_165916/9.png, D:\\Test\\AgileTest\\AgileTest\\Reports\\AHI\\stm\\20191206_163435\\../Screenshots/iPhone 6/stm/Salico/20191206_165916/10.png"/>
            <property name="hostName" value="sofee.yu - windows10.microdone.cn"/>
            <property name="os" value="Windows 7 64bit"/>
            <property name="katalonVersion" value="6.2.2.4"/>
            <property name="browser" value="Safari 11"/>
            <property name="hostAddress" value="172.16.86.47"/>
            <property name="sessionId" value="7f6bf73e41b46f37d20fe7dde4a6fd0f"/>
            <property name="seleniumVersion" value="3.141.59"/>
            <property name="proxyInformation" value="ProxyInformation{proxyOption=NO_PROXY, proxyServerType=HTTP, password=, proxyServerAddress=, proxyServerPort=0}"/>
            <property name="platform" value="Windows 7"/>
        </properties>
        <testcase name="Test Cases/AHI/stm/AdvantHealth" classname="Test Cases/AHI/stm/AdvantHealth" status="FAILED">
            <failure type="FAILED" message="Test Cases/AHI/stm/AdvantHealth FAILED.&#xA;Reason:&#xA;com.kms.katalon.core.exception.StepFailedException: Call Test Case 'Test Cases/AHI/_include/goToEnd_stm_autofill' failed&#xD;&#xA;&#x9;at com.kms.katalon.core.keyword.builtin.CallTestCaseKeyword$_callTestCase_closure1.doCall(CallTestCaseKeyword.groovy:63)&#xD;&#xA;&#x9;at com.kms.katalon.core.keyword.builtin.CallTestCaseKeyword$_callTestCase_closure1.call(CallTestCaseKeyword.groovy)&#xD;&#xA;&#x9;at com.kms.katalon.core.keyword.internal.KeywordMain.runKeyword(KeywordMain.groovy:68)&#xD;&#xA;&#x9;at com.kms.katalon.core.keyword.builtin.CallTestCaseKeyword.callTestCase(CallTestCaseKeyword.groovy:81)&#xD;&#xA;&#x9;at com.kms.katalon.core.keyword.builtin.CallTestCaseKeyword.execute(CallTestCaseKeyword.groovy:44)&#xD;&#xA;&#x9;at com.kms.katalon.core.keyword.internal.KeywordExecutor.executeKeywordForPlatform(KeywordExecutor.groovy:56)&#xD;&#xA;&#x9;at com.kms.katalon.core.keyword.BuiltinKeywords.callTestCase(BuiltinKeywords.groovy:334)&#xD;&#xA;&#x9;at AdvantHealth.run(AdvantHealth:35)&#xD;&#xA;&#x9;at com.kms.katalon.core.main.ScriptEngine.run(ScriptEngine.java:194)&#xD;&#xA;&#x9;at com.kms.katalon.core.main.ScriptEngine.runScriptAsRawText(ScriptEngine.java:119)&#xD;&#xA;&#x9;at com.kms.katalon.core.main.TestCaseExecutor.runScript(TestCaseExecutor.java:337)&#xD;&#xA;&#x9;at com.kms.katalon.core.main.TestCaseExecutor.doExecute(TestCaseExecutor.java:328)&#xD;&#xA;&#x9;at com.kms.katalon.core.main.TestCaseExecutor.processExecutionPhase(TestCaseExecutor.java:307)&#xD;&#xA;&#x9;at com.kms.katalon.core.main.TestCaseExecutor.accessMainPhase(TestCaseExecutor.java:299)&#xD;&#xA;&#x9;at com.kms.katalon.core.main.TestCaseExecutor.execute(TestCaseExecutor.java:233)&#xD;&#xA;&#x9;at com.kms.katalon.core.main.TestSuiteExecutor.accessTestCaseMainPhase(TestSuiteExecutor.java:133)&#xD;&#xA;&#x9;at com.kms.katalon.core.main.TestSuiteExecutor.accessTestSuiteMainPhase(TestSuiteExecutor.java:116)&#xD;&#xA;&#x9;at com.kms.katalon.core.main.TestSuiteExecutor.execute(TestSuiteExecutor.java:83)&#xD;&#xA;&#x9;at com.kms.katalon.core.main.TestCaseMain.startTestSuite(TestCaseMain.java:157)&#xD;&#xA;&#x9;at com.kms.katalon.core.main.TestCaseMain$startTestSuite$0.call(Unknown Source)&#xD;&#xA;&#x9;at TempTestSuite1575621275705.run(TempTestSuite1575621275705.groovy:35)&#xD;&#xA;Caused by: com.kms.katalon.core.exception.StepFailedException: Unable to clear text of object 'Object Repository/mobileSanity/STM/Page_App Page 3/input__credit-card-cvv'&#xD;&#xA;&#x9;at com.kms.katalon.core.webui.keyword.internal.WebUIKeywordMain.stepFailed(WebUIKeywordMain.groovy:64)&#xD;&#xA;&#x9;at com.kms.katalon.core.webui.keyword.internal.WebUIKeywordMain.runKeyword(WebUIKeywordMain.groovy:42)&#xD;&#xA;&#x9;at com.kms.katalon.core.webui.keyword.builtin.ClearTextKeyword.clearText(ClearTextKeyword.groovy:61)&#xD;&#xA;&#x9;at com.kms.katalon.core.webui.keyword.builtin.ClearTextKeyword.execute(ClearTextKeyword.groovy:34)&#xD;&#xA;&#x9;at com.kms.katalon.core.keyword.internal.KeywordExecutor.executeKeywordForPlatform(KeywordExecutor.groovy:56)&#xD;&#xA;&#x9;at com.kms.katalon.core.webui.keyword.WebUiBuiltInKeywords.clearText(WebUiBuiltInKeywords.groovy:3817)&#xD;&#xA;&#x9;at com.kms.katalon.core.webui.keyword.WebUiBuiltInKeywords$clearText$9.call(Unknown Source)&#xD;&#xA;&#x9;at goToEnd_stm_autofill.run(goToEnd_stm_autofill:71)&#xD;&#xA;&#x9;at com.kms.katalon.core.main.ScriptEngine.run(ScriptEngine.java:194)&#xD;&#xA;&#x9;at com.kms.katalon.core.main.ScriptEngine.runScriptAsRawText(ScriptEngine.java:119)&#xD;&#xA;&#x9;at com.kms.katalon.core.main.TestCaseExecutor.runScript(TestCaseExecutor.java:337)&#xD;&#xA;&#x9;at com.kms.katalon.core.main.TestCaseExecutor.doExecute(TestCaseExecutor.java:328)&#xD;&#xA;&#x9;at com.kms.katalon.core.main.TestCaseExecutor.processExecutionPhase(TestCaseExecutor.java:307)&#xD;&#xA;&#x9;at com.kms.katalon.core.main.TestCaseExecutor.accessMainPhase(TestCaseExecutor.java:299)&#xD;&#xA;&#x9;at com.kms.katalon.core.main.TestCaseExecutor.execute(TestCaseExecutor.java:233)&#xD;&#xA;&#x9;at com.kms.katalon.core.main.TestCaseMain.runTestCase(TestCaseMain.java:114)&#xD;&#xA;&#x9;at com.kms.katalon.core.keyword.builtin.CallTestCaseKeyword$_callTestCase_closure1.doCall(CallTestCaseKeyword.groovy:59)&#xD;&#xA;&#x9;... 20 more&#xD;&#xA;Caused by: com.kms.katalon.core.webui.exception.WebElementNotFoundException: Web element with id: 'Object Repository/mobileSanity/STM/Page_App Page 3/input__credit-card-cvv' located by 'By.xpath: id(&quot;credit-card-cvv&quot;)[count(. | //input[@type = 'text' and @id = 'credit-card-cvv']) = count(//input[@type = 'text' and @id = 'credit-card-cvv'])]' not found&#xD;&#xA;&#x9;at com.kms.katalon.core.webui.common.WebUiCommonHelper.findWebElement(WebUiCommonHelper.java:1097)&#xD;&#xA;&#x9;at com.kms.katalon.core.webui.keyword.internal.WebUIAbstractKeyword.findWebElement(WebUIAbstractKeyword.groovy:27)&#xD;&#xA;&#x9;at com.kms.katalon.core.webui.keyword.internal.WebUIAbstractKeyword.findWebElement(WebUIAbstractKeyword.groovy:26)&#xD;&#xA;&#x9;at com.kms.katalon.core.webui.keyword.builtin.ClearTextKeyword$_clearText_closure1.doCall(ClearTextKeyword.groovy:44)&#xD;&#xA;&#x9;at com.kms.katalon.core.webui.keyword.builtin.ClearTextKeyword$_clearText_closure1.call(ClearTextKeyword.groovy)&#xD;&#xA;&#x9;at com.kms.katalon.core.webui.keyword.internal.WebUIKeywordMain.runKeyword(WebUIKeywordMain.groovy:33)&#xD;&#xA;&#x9;... 35 more&#xD;&#xA;"/>
            <system-out>2019-12-06 16:43:22 - [TEST_CASE][FAILED] - Test Cases/AHI/stm/AdvantHealth: Test Cases/AHI/stm/AdvantHealth FAILED.
Reason:
com.kms.katalon.core.exception.StepFailedException: Call Test Case 'Test Cases/AHI/_include/goToEnd_stm_autofill' failed&#xD;
	at com.kms.katalon.core.keyword.builtin.CallTestCaseKeyword$_callTestCase_closure1.doCall(CallTestCaseKeyword.groovy:63)&#xD;
	at com.kms.katalon.core.keyword.builtin.CallTestCaseKeyword$_callTestCase_closure1.call(CallTestCaseKeyword.groovy)&#xD;
	at com.kms.katalon.core.keyword.internal.KeywordMain.runKeyword(KeywordMain.groovy:68)&#xD;
	at com.kms.katalon.core.keyword.builtin.CallTestCaseKeyword.callTestCase(CallTestCaseKeyword.groovy:81)&#xD;
	at com.kms.katalon.core.keyword.builtin.CallTestCaseKeyword.execute(CallTestCaseKeyword.groovy:44)&#xD;
	at com.kms.katalon.core.keyword.internal.KeywordExecutor.executeKeywordForPlatform(KeywordExecutor.groovy:56)&#xD;
	at com.kms.katalon.core.keyword.BuiltinKeywords.callTestCase(BuiltinKeywords.groovy:334)&#xD;
	at AdvantHealth.run(AdvantHealth:35)&#xD;
	at com.kms.katalon.core.main.ScriptEngine.run(ScriptEngine.java:194)&#xD;
	at com.kms.katalon.core.main.ScriptEngine.runScriptAsRawText(ScriptEngine.java:119)&#xD;
	at com.kms.katalon.core.main.TestCaseExecutor.runScript(TestCaseExecutor.java:337)&#xD;
	at com.kms.katalon.core.main.TestCaseExecutor.doExecute(TestCaseExecutor.java:328)&#xD;
	at com.kms.katalon.core.main.TestCaseExecutor.processExecutionPhase(TestCaseExecutor.java:307)&#xD;
	at com.kms.katalon.core.main.TestCaseExecutor.accessMainPhase(TestCaseExecutor.java:299)&#xD;
	at com.kms.katalon.core.main.TestCaseExecutor.execute(TestCaseExecutor.java:233)&#xD;
	at com.kms.katalon.core.main.TestSuiteExecutor.accessTestCaseMainPhase(TestSuiteExecutor.java:133)&#xD;
	at com.kms.katalon.core.main.TestSuiteExecutor.accessTestSuiteMainPhase(TestSuiteExecutor.java:116)&#xD;
	at com.kms.katalon.core.main.TestSuiteExecutor.execute(TestSuiteExecutor.java:83)&#xD;
	at com.kms.katalon.core.main.TestCaseMain.startTestSuite(TestCaseMain.java:157)&#xD;
	at com.kms.katalon.core.main.TestCaseMain$startTestSuite$0.call(Unknown Source)&#xD;
	at TempTestSuite1575621275705.run(TempTestSuite1575621275705.groovy:35)&#xD;
Caused by: com.kms.katalon.core.exception.StepFailedException: Unable to clear text of object 'Object Repository/mobileSanity/STM/Page_App Page 3/input__credit-card-cvv'&#xD;
	at com.kms.katalon.core.webui.keyword.internal.WebUIKeywordMain.stepFailed(WebUIKeywordMain.groovy:64)&#xD;
	at com.kms.katalon.core.webui.keyword.internal.WebUIKeywordMain.runKeyword(WebUIKeywordMain.groovy:42)&#xD;
	at com.kms.katalon.core.webui.keyword.builtin.ClearTextKeyword.clearText(ClearTextKeyword.groovy:61)&#xD;
	at com.kms.katalon.core.webui.keyword.builtin.ClearTextKeyword.execute(ClearTextKeyword.groovy:34)&#xD;
	at com.kms.katalon.core.keyword.internal.KeywordExecutor.executeKeywordForPlatform(KeywordExecutor.groovy:56)&#xD;
	at com.kms.katalon.core.webui.keyword.WebUiBuiltInKeywords.clearText(WebUiBuiltInKeywords.groovy:3817)&#xD;
	at com.kms.katalon.core.webui.keyword.WebUiBuiltInKeywords$clearText$9.call(Unknown Source)&#xD;
	at goToEnd_stm_autofill.run(goToEnd_stm_autofill:71)&#xD;
	at com.kms.katalon.core.main.ScriptEngine.run(ScriptEngine.java:194)&#xD;
	at com.kms.katalon.core.main.ScriptEngine.runScriptAsRawText(ScriptEngine.java:119)&#xD;
	at com.kms.katalon.core.main.TestCaseExecutor.runScript(TestCaseExecutor.java:337)&#xD;
	at com.kms.katalon.core.main.TestCaseExecutor.doExecute(TestCaseExecutor.java:328)&#xD;
	at com.kms.katalon.core.main.TestCaseExecutor.processExecutionPhase(TestCaseExecutor.java:307)&#xD;
	at com.kms.katalon.core.main.TestCaseExecutor.accessMainPhase(TestCaseExecutor.java:299)&#xD;
	at com.kms.katalon.core.main.TestCaseExecutor.execute(TestCaseExecutor.java:233)&#xD;
	at com.kms.katalon.core.main.TestCaseMain.runTestCase(TestCaseMain.java:114)&#xD;
	at com.kms.katalon.core.keyword.builtin.CallTestCaseKeyword$_callTestCase_closure1.doCall(CallTestCaseKeyword.groovy:59)&#xD;
	... 20 more&#xD;
Caused by: com.kms.katalon.core.webui.exception.WebElementNotFoundException: Web element with id: 'Object Repository/mobileSanity/STM/Page_App Page 3/input__credit-card-cvv' located by 'By.xpath: id("credit-card-cvv")[count(. | //input[@type = 'text' and @id = 'credit-card-cvv']) = count(//input[@type = 'text' and @id = 'credit-card-cvv'])]' not found&#xD;
	at com.kms.katalon.core.webui.common.WebUiCommonHelper.findWebElement(WebUiCommonHelper.java:1097)&#xD;
	at com.kms.katalon.core.webui.keyword.internal.WebUIAbstractKeyword.findWebElement(WebUIAbstractKeyword.groovy:27)&#xD;
	at com.kms.katalon.core.webui.keyword.internal.WebUIAbstractKeyword.findWebElement(WebUIAbstractKeyword.groovy:26)&#xD;
	at com.kms.katalon.core.webui.keyword.builtin.ClearTextKeyword$_clearText_closure1.doCall(ClearTextKeyword.groovy:44)&#xD;
	at com.kms.katalon.core.webui.keyword.builtin.ClearTextKeyword$_clearText_closure1.call(ClearTextKeyword.groovy)&#xD;
	at com.kms.katalon.core.webui.keyword.internal.WebUIKeywordMain.runKeyword(WebUIKeywordMain.groovy:33)&#xD;
	... 35 more&#xD;
&#xD;
&#xD;
2019-12-06 16:43:23 - [TEST_STEP][PASSED] - callTestCase(findTestCase("AHI/_include/get_screenPath"), ["productLine":"stm", "carrierName":"AdvantHealth"], CONTINUE_ON_FAILURE): Call Test Case 'Test Cases/AHI/_include/get_screenPath' successfully&#xD;
&#xD;
2019-12-06 16:43:23 - [TEST_CASE][PASSED] - Test Cases/AHI/_include/get_screenPath: Test Cases/AHI/_include/get_screenPath&#xD;
&#xD;
2019-12-06 16:43:24 - [TEST_STEP][PASSED] - m = getExecutionProperties(): null&#xD;
&#xD;
2019-12-06 16:43:24 - [TEST_STEP][PASSED] - deviceName = get("mobileEmulation").get("deviceName"): null&#xD;
&#xD;
2019-12-06 16:43:24 - [TEST_STEP][PASSED] - println(deviceName): null&#xD;
&#xD;
2019-12-06 16:43:24 - [TEST_STEP][PASSED] - now = new java.util.Date(): null&#xD;
&#xD;
2019-12-06 16:43:24 - [TEST_STEP][PASSED] - mydate = now.format("yyyyMMdd_HHmmss"): null&#xD;
&#xD;
2019-12-06 16:43:24 - [TEST_STEP][PASSED] - screenPath = "../Screenshots/": null&#xD;
&#xD;
2019-12-06 16:43:25 - [TEST_STEP][PASSED] - screenPath = screenPath + deviceName + "/" + productLine + "/" + carrierName + "/" + mydate + "/": null&#xD;
&#xD;
2019-12-06 16:43:25 - [TEST_STEP][PASSED] - println(screenPath): null&#xD;
&#xD;
2019-12-06 16:43:25 - [MESSAGE][PASSED] - Call Test Case 'Test Cases/AHI/_include/get_screenPath' successfully&#xD;
&#xD;
2019-12-06 16:43:25 - [TEST_STEP][PASSED] - i = 0: null&#xD;
&#xD;
2019-12-06 16:43:25 - [TEST_STEP][PASSED] - callTestCase(findTestCase("AHI/_include/openWebSite"), [:], CONTINUE_ON_FAILURE): Call Test Case 'Test Cases/AHI/_include/openWebSite' successfully&#xD;
&#xD;
2019-12-06 16:43:25 - [TEST_CASE][PASSED] - Test Cases/AHI/_include/openWebSite: Test Cases/AHI/_include/openWebSite&#xD;
&#xD;
2019-12-06 16:43:25 - [TEST_STEP][PASSED] - openBrowser(env): Browser is opened with url: 'https://praetemptatus.agilehealthinsurance.com'&#xD;
&#xD;
2019-12-06 16:43:26 - [MESSAGE][INFO] - Starting 'Chrome' driver&#xD;
&#xD;
2019-12-06 16:43:26 - [MESSAGE][INFO] - User set preference: ['mobileEmulation', '{deviceName=iPhone 6}']&#xD;
&#xD;
2019-12-06 16:43:26 - [MESSAGE][INFO] - User set preference: ['args', '[--incognito, --aggressive-cache-discard, --window-size=375,677, --no-sandbox]']&#xD;
&#xD;
2019-12-06 16:43:26 - [MESSAGE][INFO] - Action delay is set to 0 seconds&#xD;
&#xD;
2019-12-06 16:43:40 - [MESSAGE][PASSED] - Browser is opened with url: 'https://praetemptatus.agilehealthinsurance.com'&#xD;
&#xD;
2019-12-06 16:43:40 - [TEST_STEP][PASSED] - waitForPageLoad(20): Wait for page load successfully&#xD;
&#xD;
2019-12-06 16:43:40 - [MESSAGE][PASSED] - Wait for page load successfully&#xD;
&#xD;
2019-12-06 16:43:40 - [TEST_STEP][PASSED] - callTestCase(findTestCase("AHI/_include/get_screenshot"), [:], STOP_ON_FAILURE): Call Test Case 'Test Cases/AHI/_include/get_screenshot' successfully&#xD;
&#xD;
2019-12-06 16:43:40 - [TEST_CASE][PASSED] - Test Cases/AHI/_include/get_screenshot: Test Cases/AHI/_include/get_screenshot&#xD;
&#xD;
2019-12-06 16:43:42 - [TEST_STEP][PASSED] - takeScreenshot(screenPath + i + ".png"): Taking screenshot successfully&#xD;
&#xD;
2019-12-06 16:43:43 - [MESSAGE][PASSED] - Taking screenshot successfully&#xD;
[[ATTACHMENT|D:\\Test\\AgileTest\\AgileTest\\Reports\\AHI\\stm\\20191206_163435\\../Screenshots/iPhone 6/stm/AdvantHealth/20191206_164324/0.png]]&#xD;
&#xD;
2019-12-06 16:43:43 - [TEST_STEP][PASSED] - (internal.GlobalVariable.i++): null&#xD;
&#xD;
2019-12-06 16:43:43 - [MESSAGE][PASSED] - Call Test Case 'Test Cases/AHI/_include/get_screenshot' successfully&#xD;
&#xD;
2019-12-06 16:43:43 - [MESSAGE][PASSED] - Call Test Case 'Test Cases/AHI/_include/openWebSite' successfully&#xD;
&#xD;
2019-12-06 16:43:43 - [TEST_STEP][PASSED] - callTestCase(findTestCase("AHI/_include/census_stm"), ["zipcode":"35215"], STOP_ON_FAILURE): Call Test Case 'Test Cases/AHI/_include/census_stm' successfully&#xD;
&#xD;
2019-12-06 16:43:43 - [TEST_CASE][PASSED] - Test Cases/AHI/_include/census_stm: Test Cases/AHI/_include/census_stm&#xD;
&#xD;
2019-12-06 16:43:44 - [TEST_STEP][PASSED] - waitForElementClickable(findTestObject("mobileSanity/STM/Home Page/a_Quote  Save Today"), 10): Object 'Object Repository/mobileSanity/STM/Home Page/a_Quote  Save Today' is clickable&#xD;
&#xD;
2019-12-06 16:43:44 - [MESSAGE][PASSED] - Object 'Object Repository/mobileSanity/STM/Home Page/a_Quote  Save Today' is clickable&#xD;
&#xD;
2019-12-06 16:43:44 - [TEST_STEP][PASSED] - click(findTestObject("mobileSanity/STM/Home Page/a_Quote  Save Today")): Object: 'Object Repository/mobileSanity/STM/Home Page/a_Quote  Save Today' is clicked on&#xD;
&#xD;
2019-12-06 16:43:46 - [MESSAGE][PASSED] - Object: 'Object Repository/mobileSanity/STM/Home Page/a_Quote  Save Today' is clicked on&#xD;
&#xD;
2019-12-06 16:43:46 - [TEST_STEP][PASSED] - waitForPageLoad(10): Wait for page load successfully&#xD;
&#xD;
2019-12-06 16:43:50 - [MESSAGE][PASSED] - Wait for page load successfully&#xD;
&#xD;
2019-12-06 16:43:50 - [TEST_STEP][PASSED] - callTestCase(findTestCase("AHI/_include/get_screenshot"), [:], STOP_ON_FAILURE): Call Test Case 'Test Cases/AHI/_include/get_screenshot' successfully&#xD;
&#xD;
2019-12-06 16:43:50 - [TEST_CASE][PASSED] - Test Cases/AHI/_include/get_screenshot: Test Cases/AHI/_include/get_screenshot&#xD;
&#xD;
2019-12-06 16:43:50 - [TEST_STEP][PASSED] - takeScreenshot(screenPath + i + ".png"): Taking screenshot successfully&#xD;
&#xD;
2019-12-06 16:43:51 - [MESSAGE][PASSED] - Taking screenshot successfully&#xD;
[[ATTACHMENT|D:\\Test\\AgileTest\\AgileTest\\Reports\\AHI\\stm\\20191206_163435\\../Screenshots/iPhone 6/stm/AdvantHealth/20191206_164324/1.png]]&#xD;
&#xD;
2019-12-06 16:43:51 - [TEST_STEP][PASSED] - (internal.GlobalVariable.i++): null&#xD;
&#xD;
2019-12-06 16:43:51 - [MESSAGE][PASSED] - Call Test Case 'Test Cases/AHI/_include/get_screenshot' successfully&#xD;
&#xD;
2019-12-06 16:43:51 - [TEST_STEP][PASSED] - setText(findTestObject("mobileSanity/STM/STM Census Page/input_Location_zip-input"), zipcode): Text '35215' is set on object 'Object Repository/mobileSanity/STM/STM Census Page/input_Location_zip-input'&#xD;
&#xD;
2019-12-06 16:43:52 - [MESSAGE][PASSED] - Text '35215' is set on object 'Object Repository/mobileSanity/STM/STM Census Page/input_Location_zip-input'&#xD;
&#xD;
2019-12-06 16:43:52 - [TEST_STEP][PASSED] - Thread.sleep(500): null&#xD;
&#xD;
2019-12-06 16:43:52 - [TEST_STEP][PASSED] - setText(findTestObject("mobileSanity/STM/STM Census Page/input_Date of Birth_dob-0"), "03031987"): Text '03031987' is set on object 'Object Repository/mobileSanity/STM/STM Census Page/input_Date of Birth_dob-0'&#xD;
&#xD;
2019-12-06 16:43:53 - [MESSAGE][PASSED] - Text '03031987' is set on object 'Object Repository/mobileSanity/STM/STM Census Page/input_Date of Birth_dob-0'&#xD;
&#xD;
2019-12-06 16:43:53 - [TEST_STEP][PASSED] - click(findTestObject("mobileSanity/STM/STM Census Page/label_Male")): Object: 'Object Repository/mobileSanity/STM/STM Census Page/label_Male' is clicked on&#xD;
&#xD;
2019-12-06 16:43:53 - [MESSAGE][PASSED] - Object: 'Object Repository/mobileSanity/STM/STM Census Page/label_Male' is clicked on&#xD;
&#xD;
2019-12-06 16:43:53 - [TEST_STEP][PASSED] - click(findTestObject("mobileSanity/STM/STM Census Page/label_Compare Plans")): Object: 'Object Repository/mobileSanity/STM/STM Census Page/label_Compare Plans' is clicked on&#xD;
&#xD;
2019-12-06 16:43:59 - [MESSAGE][PASSED] - Object: 'Object Repository/mobileSanity/STM/STM Census Page/label_Compare Plans' is clicked on&#xD;
&#xD;
2019-12-06 16:43:59 - [TEST_STEP][PASSED] - waitForElementVisible(findTestObject("mobileSanity/STM/STM Quote Page/button_sort"), 20): Object 'Object Repository/mobileSanity/STM/STM Quote Page/button_sort' is visible&#xD;
&#xD;
2019-12-06 16:43:59 - [MESSAGE][PASSED] - Object 'Object Repository/mobileSanity/STM/STM Quote Page/button_sort' is visible&#xD;
&#xD;
2019-12-06 16:43:59 - [TEST_STEP][PASSED] - Thread.sleep(3000): null&#xD;
&#xD;
2019-12-06 16:44:02 - [TEST_STEP][PASSED] - callTestCase(findTestCase("AHI/_include/check_quoteleadform"), [:], STOP_ON_FAILURE): Call Test Case 'Test Cases/AHI/_include/check_quoteleadform' successfully&#xD;
&#xD;
2019-12-06 16:44:02 - [TEST_CASE][PASSED] - Test Cases/AHI/_include/check_quoteleadform: Test Cases/AHI/_include/check_quoteleadform&#xD;
&#xD;
2019-12-06 16:44:03 - [TEST_STEP][PASSED] - callTestCase(findTestCase("AHI/_include/name"), [:], CONTINUE_ON_FAILURE): Call Test Case 'Test Cases/AHI/_include/name' successfully&#xD;
&#xD;
2019-12-06 16:44:03 - [TEST_CASE][PASSED] - Test Cases/AHI/_include/name: Test Cases/AHI/_include/name&#xD;
&#xD;
2019-12-06 16:44:04 - [TEST_STEP][PASSED] - driver = getWebDriver(): null&#xD;
&#xD;
2019-12-06 16:44:04 - [TEST_STEP][PASSED] - selenium = new com.thoughtworks.selenium.webdriven.WebDriverBackedSelenium(driver, internal.GlobalVariable.ENV): null&#xD;
&#xD;
2019-12-06 16:44:04 - [TEST_STEP][PASSED] - FirstName = "Test-123": null&#xD;
&#xD;
2019-12-06 16:44:04 - [TEST_STEP][PASSED] - LastName = selenium.getEval("{var x="ABCDEFGHIJKLMNOPQRSTUVWXYZabcdefghijklmnopqrstuvwxyz"; var tmp="ZZ11-"; for (i=0;i&lt;8;i++) tmp+=x.charAt(Math.ceil(51*Math.random()));tmp;}"): null&#xD;
&#xD;
2019-12-06 16:44:05 - [TEST_STEP][PASSED] - Address = selenium.getEval("{var x="ABCDEFGHIJKLMNOPQRSTUVWXYZabcdefghijklmnopqrstuvwxyz"; var tmp=""; for (i=0;i&lt;8;i++) tmp+=x.charAt(Math.ceil(51*Math.random()));tmp;}"): null&#xD;
&#xD;
2019-12-06 16:44:05 - [TEST_STEP][PASSED] - City = selenium.getEval("{var x="ABCDEFGHIJKLMNOPQRSTUVWXYZabcdefghijklmnopqrstuvwxyz"; var tmp=""; for (i=0;i&lt;8;i++) tmp+=x.charAt(Math.ceil(51*Math.random()));tmp;}"): null&#xD;
&#xD;
2019-12-06 16:44:05 - [TEST_STEP][PASSED] - tel1 = selenium.getEval("{var x="123456789"; var tmp=""; for (i=0;i&lt;3;i++) tmp+=x.charAt(Math.ceil(8*Math.random()));tmp;}"): null&#xD;
&#xD;
2019-12-06 16:44:05 - [TEST_STEP][PASSED] - tel2 = selenium.getEval("{var x="123456789"; var tmp=""; for (i=0;i&lt;3;i++) tmp+=x.charAt(Math.ceil(8*Math.random()));tmp;}"): null&#xD;
&#xD;
2019-12-06 16:44:05 - [TEST_STEP][PASSED] - tel3 = selenium.getEval("{var x="123456789"; var tmp=""; for (i=0;i&lt;4;i++) tmp+=x.charAt(Math.ceil(8*Math.random()));tmp;}"): null&#xD;
&#xD;
2019-12-06 16:44:05 - [TEST_STEP][PASSED] - Tel = selenium.getExpression(tel1 + "-" + tel2 + "-" + tel3): null&#xD;
&#xD;
2019-12-06 16:44:05 - [TEST_STEP][PASSED] - AutoEmail = selenium.getEval("{var x="ABCDEFGHIJKLMNOPQRSTUVWXYZabcdefghijklmnopqrstuvwxyz"; var tmp="test."; for (i=0;i&lt;8;i++) tmp+=x.charAt(Math.ceil(51*Math.random()));tmp+="@suryani.cn";}"): null&#xD;
&#xD;
2019-12-06 16:44:05 - [TEST_STEP][PASSED] - FirstName = FirstName: null&#xD;
&#xD;
2019-12-06 16:44:05 - [TEST_STEP][PASSED] - LastName = LastName: null&#xD;
&#xD;
2019-12-06 16:44:05 - [TEST_STEP][PASSED] - Address = Address: null&#xD;
&#xD;
2019-12-06 16:44:05 - [TEST_STEP][PASSED] - City = City: null&#xD;
&#xD;
2019-12-06 16:44:05 - [TEST_STEP][PASSED] - Tel = Tel: null&#xD;
&#xD;
2019-12-06 16:44:05 - [TEST_STEP][PASSED] - AutoEmail = AutoEmail: null&#xD;
&#xD;
2019-12-06 16:44:05 - [TEST_STEP][PASSED] - println(FirstName): null&#xD;
&#xD;
2019-12-06 16:44:05 - [TEST_STEP][PASSED] - println(LastName): null&#xD;
&#xD;
2019-12-06 16:44:05 - [TEST_STEP][PASSED] - println(Address): null&#xD;
&#xD;
2019-12-06 16:44:05 - [TEST_STEP][PASSED] - println(City): null&#xD;
&#xD;
2019-12-06 16:44:05 - [TEST_STEP][PASSED] - println(Tel): null&#xD;
&#xD;
2019-12-06 16:44:05 - [TEST_STEP][PASSED] - println(AutoEmail): null&#xD;
&#xD;
2019-12-06 16:44:05 - [MESSAGE][PASSED] - Call Test Case 'Test Cases/AHI/_include/name' successfully&#xD;
&#xD;
2019-12-06 16:44:05 - [TEST_STEP][PASSED] - leadform_exist = test.MobileKeywords.isElementPresent_Web(findTestObject("mobileSanity/quote lead form/lead_form"), 20): test.MobileKeywords.isElementPresent_Web is PASSED&#xD;
&#xD;
2019-12-06 16:44:05 - [MESSAGE][PASSED] - test.MobileKeywords.isElementPresent_Web is PASSED&#xD;
&#xD;
2019-12-06 16:44:05 - [TEST_STEP][PASSED] - if (leadform_exist): null&#xD;
&#xD;
2019-12-06 16:44:05 - [TEST_STEP][PASSED] - setText(findTestObject("mobileSanity/quote lead form/first"), FirstName): Text 'Test-123' is set on object 'Object Repository/mobileSanity/quote lead form/first'&#xD;
&#xD;
2019-12-06 16:44:06 - [MESSAGE][PASSED] - Text 'Test-123' is set on object 'Object Repository/mobileSanity/quote lead form/first'&#xD;
&#xD;
2019-12-06 16:44:06 - [TEST_STEP][PASSED] - setText(findTestObject("mobileSanity/quote lead form/last"), LastName): Text 'ZZ11-OzJQUBSt' is set on object 'Object Repository/mobileSanity/quote lead form/last'&#xD;
&#xD;
2019-12-06 16:44:07 - [MESSAGE][PASSED] - Text 'ZZ11-OzJQUBSt' is set on object 'Object Repository/mobileSanity/quote lead form/last'&#xD;
&#xD;
2019-12-06 16:44:07 - [TEST_STEP][PASSED] - setText(findTestObject("mobileSanity/quote lead form/email"), AutoEmail): Text 'test.bxEqSrlx@suryani.cn' is set on object 'Object Repository/mobileSanity/quote lead form/email'&#xD;
&#xD;
2019-12-06 16:44:08 - [MESSAGE][PASSED] - Text 'test.bxEqSrlx@suryani.cn' is set on object 'Object Repository/mobileSanity/quote lead form/email'&#xD;
&#xD;
2019-12-06 16:44:08 - [TEST_STEP][PASSED] - setText(findTestObject("mobileSanity/quote lead form/phone"), Tel): Text '698-465-2265' is set on object 'Object Repository/mobileSanity/quote lead form/phone'&#xD;
&#xD;
2019-12-06 16:44:08 - [MESSAGE][PASSED] - Text '698-465-2265' is set on object 'Object Repository/mobileSanity/quote lead form/phone'&#xD;
&#xD;
2019-12-06 16:44:08 - [TEST_STEP][PASSED] - click(findTestObject("mobileSanity/quote lead form/submit")): Object: 'Object Repository/mobileSanity/quote lead form/submit' is clicked on&#xD;
&#xD;
2019-12-06 16:44:08 - [MESSAGE][PASSED] - Object: 'Object Repository/mobileSanity/quote lead form/submit' is clicked on&#xD;
&#xD;
2019-12-06 16:44:08 - [TEST_STEP][PASSED] - Thread.sleep(3000): null&#xD;
&#xD;
2019-12-06 16:44:11 - [MESSAGE][PASSED] - Call Test Case 'Test Cases/AHI/_include/check_quoteleadform' successfully&#xD;
&#xD;
2019-12-06 16:44:11 - [TEST_STEP][PASSED] - callTestCase(findTestCase("AHI/_include/get_screenshot"), [:], STOP_ON_FAILURE): Call Test Case 'Test Cases/AHI/_include/get_screenshot' successfully&#xD;
&#xD;
2019-12-06 16:44:12 - [TEST_CASE][PASSED] - Test Cases/AHI/_include/get_screenshot: Test Cases/AHI/_include/get_screenshot&#xD;
&#xD;
2019-12-06 16:44:12 - [TEST_STEP][PASSED] - takeScreenshot(screenPath + i + ".png"): Taking screenshot successfully&#xD;
&#xD;
2019-12-06 16:44:12 - [MESSAGE][PASSED] - Taking screenshot successfully&#xD;
[[ATTACHMENT|D:\\Test\\AgileTest\\AgileTest\\Reports\\AHI\\stm\\20191206_163435\\../Screenshots/iPhone 6/stm/AdvantHealth/20191206_164324/2.png]]&#xD;
&#xD;
2019-12-06 16:44:12 - [TEST_STEP][PASSED] - (internal.GlobalVariable.i++): null&#xD;
&#xD;
2019-12-06 16:44:12 - [MESSAGE][PASSED] - Call Test Case 'Test Cases/AHI/_include/get_screenshot' successfully&#xD;
&#xD;
2019-12-06 16:44:12 - [TEST_STEP][PASSED] - Thread.sleep(1000): null&#xD;
&#xD;
2019-12-06 16:44:13 - [MESSAGE][PASSED] - Call Test Case 'Test Cases/AHI/_include/census_stm' successfully&#xD;
&#xD;
2019-12-06 16:44:13 - [TEST_STEP][PASSED] - callTestCase(findTestCase("AHI/_include/filter_stm"), ["carrier":"advanthealth"], STOP_ON_FAILURE): Call Test Case 'Test Cases/AHI/_include/filter_stm' successfully&#xD;
&#xD;
2019-12-06 16:44:13 - [TEST_CASE][PASSED] - Test Cases/AHI/_include/filter_stm: Test Cases/AHI/_include/filter_stm&#xD;
&#xD;
2019-12-06 16:44:14 - [TEST_STEP][PASSED] - driver = getWebDriver(): null&#xD;
&#xD;
2019-12-06 16:44:14 - [TEST_STEP][PASSED] - selenium = new com.thoughtworks.selenium.webdriven.WebDriverBackedSelenium(driver, internal.GlobalVariable.ENV): null&#xD;
&#xD;
2019-12-06 16:44:14 - [TEST_STEP][PASSED] - Thread.sleep(1000): null&#xD;
&#xD;
2019-12-06 16:44:15 - [TEST_STEP][PASSED] - click(findTestObject("mobileSanity/STM/STM Quote Page/button_filters")): Object: 'Object Repository/mobileSanity/STM/STM Quote Page/button_filters' is clicked on&#xD;
&#xD;
2019-12-06 16:44:16 - [MESSAGE][PASSED] - Object: 'Object Repository/mobileSanity/STM/STM Quote Page/button_filters' is clicked on&#xD;
&#xD;
2019-12-06 16:44:16 - [TEST_STEP][PASSED] - Thread.sleep(1000): null&#xD;
&#xD;
2019-12-06 16:44:17 - [TEST_STEP][PASSED] - click(findTestObject("mobileSanity/STM/STM Quote Page/i_Insurance company")): Object: 'Object Repository/mobileSanity/STM/STM Quote Page/i_Insurance company' is clicked on&#xD;
&#xD;
2019-12-06 16:44:18 - [MESSAGE][PASSED] - Object: 'Object Repository/mobileSanity/STM/STM Quote Page/i_Insurance company' is clicked on&#xD;
&#xD;
2019-12-06 16:44:18 - [TEST_STEP][PASSED] - Thread.sleep(1000): null&#xD;
&#xD;
2019-12-06 16:44:19 - [TEST_STEP][PASSED] - filter_carrier = "//input[@name='filter[carrier]' and @value='" + carrier + "']/following::label": null&#xD;
&#xD;
2019-12-06 16:44:19 - [TEST_STEP][PASSED] - println(filter_carrier): null&#xD;
&#xD;
2019-12-06 16:44:19 - [TEST_STEP][PASSED] - test.MobileKeywords.clickJS_ByXpath(filter_carrier): test.MobileKeywords.clickJS_ByXpath is PASSED&#xD;
&#xD;
2019-12-06 16:44:20 - [MESSAGE][PASSED] - Execute JavaScript 'arguments[0].click()' successfully&#xD;
&#xD;
2019-12-06 16:44:20 - [MESSAGE][PASSED] - test.MobileKeywords.clickJS_ByXpath is PASSED&#xD;
&#xD;
2019-12-06 16:44:20 - [TEST_STEP][PASSED] - click(findTestObject("mobileSanity/STM/STM Quote Page/js-close c-link-button")): Object: 'Object Repository/mobileSanity/STM/STM Quote Page/js-close c-link-button' is clicked on&#xD;
&#xD;
2019-12-06 16:44:21 - [MESSAGE][PASSED] - Object: 'Object Repository/mobileSanity/STM/STM Quote Page/js-close c-link-button' is clicked on&#xD;
&#xD;
2019-12-06 16:44:21 - [TEST_STEP][PASSED] - Thread.sleep(2000): null&#xD;
&#xD;
2019-12-06 16:44:23 - [TEST_STEP][PASSED] - callTestCase(findTestCase("AHI/_include/get_screenshot"), [:], STOP_ON_FAILURE): Call Test Case 'Test Cases/AHI/_include/get_screenshot' successfully&#xD;
&#xD;
2019-12-06 16:44:23 - [TEST_CASE][PASSED] - Test Cases/AHI/_include/get_screenshot: Test Cases/AHI/_include/get_screenshot&#xD;
&#xD;
2019-12-06 16:44:23 - [TEST_STEP][PASSED] - takeScreenshot(screenPath + i + ".png"): Taking screenshot successfully&#xD;
&#xD;
2019-12-06 16:44:24 - [MESSAGE][PASSED] - Taking screenshot successfully&#xD;
[[ATTACHMENT|D:\\Test\\AgileTest\\AgileTest\\Reports\\AHI\\stm\\20191206_163435\\../Screenshots/iPhone 6/stm/AdvantHealth/20191206_164324/3.png]]&#xD;
&#xD;
2019-12-06 16:44:24 - [TEST_STEP][PASSED] - (internal.GlobalVariable.i++): null&#xD;
&#xD;
2019-12-06 16:44:24 - [MESSAGE][PASSED] - Call Test Case 'Test Cases/AHI/_include/get_screenshot' successfully&#xD;
&#xD;
2019-12-06 16:44:24 - [MESSAGE][PASSED] - Call Test Case 'Test Cases/AHI/_include/filter_stm' successfully&#xD;
&#xD;
2019-12-06 16:44:24 - [TEST_STEP][PASSED] - callTestCase(findTestCase("AHI/_include/goToDetail_stm"), ["carrier":"advanthealth"], STOP_ON_FAILURE): Call Test Case 'Test Cases/AHI/_include/goToDetail_stm' successfully&#xD;
&#xD;
2019-12-06 16:44:24 - [TEST_CASE][PASSED] - Test Cases/AHI/_include/goToDetail_stm: Test Cases/AHI/_include/goToDetail_stm&#xD;
&#xD;
2019-12-06 16:44:25 - [TEST_STEP][PASSED] - driver = getWebDriver(): null&#xD;
&#xD;
2019-12-06 16:44:25 - [TEST_STEP][PASSED] - selenium = new com.thoughtworks.selenium.webdriven.WebDriverBackedSelenium(driver, internal.GlobalVariable.ENV): null&#xD;
&#xD;
2019-12-06 16:44:25 - [TEST_STEP][PASSED] - a_plan_name = "xpath=//a[contains(@href,'/term-health-insurance/plan/" + carrier + "')]": null&#xD;
&#xD;
2019-12-06 16:44:25 - [TEST_STEP][PASSED] - println(a_plan_name): null&#xD;
&#xD;
2019-12-06 16:44:25 - [TEST_STEP][PASSED] - selenium.click(a_plan_name): null&#xD;
&#xD;
2019-12-06 16:44:28 - [TEST_STEP][PASSED] - waitForPageLoad(20): Wait for page load successfully&#xD;
&#xD;
2019-12-06 16:44:29 - [MESSAGE][PASSED] - Wait for page load successfully&#xD;
&#xD;
2019-12-06 16:44:29 - [TEST_STEP][PASSED] - Thread.sleep(2000): null&#xD;
&#xD;
2019-12-06 16:44:31 - [TEST_STEP][PASSED] - callTestCase(findTestCase("AHI/_include/get_screenshot"), [:], STOP_ON_FAILURE): Call Test Case 'Test Cases/AHI/_include/get_screenshot' successfully&#xD;
&#xD;
2019-12-06 16:44:31 - [TEST_CASE][PASSED] - Test Cases/AHI/_include/get_screenshot: Test Cases/AHI/_include/get_screenshot&#xD;
&#xD;
2019-12-06 16:44:31 - [TEST_STEP][PASSED] - takeScreenshot(screenPath + i + ".png"): Taking screenshot successfully&#xD;
&#xD;
2019-12-06 16:44:32 - [MESSAGE][PASSED] - Taking screenshot successfully&#xD;
[[ATTACHMENT|D:\\Test\\AgileTest\\AgileTest\\Reports\\AHI\\stm\\20191206_163435\\../Screenshots/iPhone 6/stm/AdvantHealth/20191206_164324/4.png]]&#xD;
&#xD;
2019-12-06 16:44:32 - [TEST_STEP][PASSED] - (internal.GlobalVariable.i++): null&#xD;
&#xD;
2019-12-06 16:44:32 - [MESSAGE][PASSED] - Call Test Case 'Test Cases/AHI/_include/get_screenshot' successfully&#xD;
&#xD;
2019-12-06 16:44:32 - [MESSAGE][PASSED] - Call Test Case 'Test Cases/AHI/_include/goToDetail_stm' successfully&#xD;
&#xD;
2019-12-06 16:44:32 - [TEST_STEP][PASSED] - callTestCase(findTestCase("AHI/_include/apply_stm"), [:], STOP_ON_FAILURE): Call Test Case 'Test Cases/AHI/_include/apply_stm' successfully&#xD;
&#xD;
2019-12-06 16:44:32 - [TEST_CASE][PASSED] - Test Cases/AHI/_include/apply_stm: Test Cases/AHI/_include/apply_stm&#xD;
&#xD;
2019-12-06 16:44:33 - [TEST_STEP][PASSED] - waitForElementVisible(findTestObject("mobileSanity/STM/STM PlanDetail Page/a_Apply for This Plan"), 5): Object 'Object Repository/mobileSanity/STM/STM PlanDetail Page/a_Apply for This Plan' is visible&#xD;
&#xD;
2019-12-06 16:44:33 - [MESSAGE][PASSED] - Object 'Object Repository/mobileSanity/STM/STM PlanDetail Page/a_Apply for This Plan' is visible&#xD;
&#xD;
2019-12-06 16:44:33 - [TEST_STEP][PASSED] - click(findTestObject("mobileSanity/STM/STM PlanDetail Page/a_Apply for This Plan")): Object: 'Object Repository/mobileSanity/STM/STM PlanDetail Page/a_Apply for This Plan' is clicked on&#xD;
&#xD;
2019-12-06 16:44:35 - [MESSAGE][PASSED] - Object: 'Object Repository/mobileSanity/STM/STM PlanDetail Page/a_Apply for This Plan' is clicked on&#xD;
&#xD;
2019-12-06 16:44:35 - [TEST_STEP][PASSED] - waitForPageLoad(10): Wait for page load successfully&#xD;
&#xD;
2019-12-06 16:44:35 - [MESSAGE][PASSED] - Wait for page load successfully&#xD;
&#xD;
2019-12-06 16:44:35 - [TEST_STEP][PASSED] - Thread.sleep(2000): null&#xD;
&#xD;
2019-12-06 16:44:37 - [TEST_STEP][PASSED] - callTestCase(findTestCase("AHI/_include/get_screenshot"), [:], STOP_ON_FAILURE): Call Test Case 'Test Cases/AHI/_include/get_screenshot' successfully&#xD;
&#xD;
2019-12-06 16:44:37 - [TEST_CASE][PASSED] - Test Cases/AHI/_include/get_screenshot: Test Cases/AHI/_include/get_screenshot&#xD;
&#xD;
2019-12-06 16:44:37 - [TEST_STEP][PASSED] - takeScreenshot(screenPath + i + ".png"): Taking screenshot successfully&#xD;
&#xD;
2019-12-06 16:44:39 - [MESSAGE][PASSED] - Taking screenshot successfully&#xD;
[[ATTACHMENT|D:\\Test\\AgileTest\\AgileTest\\Reports\\AHI\\stm\\20191206_163435\\../Screenshots/iPhone 6/stm/AdvantHealth/20191206_164324/5.png]]&#xD;
&#xD;
2019-12-06 16:44:39 - [TEST_STEP][PASSED] - (internal.GlobalVariable.i++): null&#xD;
&#xD;
2019-12-06 16:44:39 - [MESSAGE][PASSED] - Call Test Case 'Test Cases/AHI/_include/get_screenshot' successfully&#xD;
&#xD;
2019-12-06 16:44:39 - [TEST_STEP][PASSED] - waitForElementVisible(findTestObject("mobileSanity/STM/STM Apply Page/a_Start Secure Application"), 5): Object 'Object Repository/mobileSanity/STM/STM Apply Page/a_Start Secure Application' is visible&#xD;
&#xD;
2019-12-06 16:44:39 - [MESSAGE][PASSED] - Object 'Object Repository/mobileSanity/STM/STM Apply Page/a_Start Secure Application' is visible&#xD;
&#xD;
2019-12-06 16:44:39 - [TEST_STEP][PASSED] - click(findTestObject("mobileSanity/STM/STM Apply Page/a_Start Secure Application")): Object: 'Object Repository/mobileSanity/STM/STM Apply Page/a_Start Secure Application' is clicked on&#xD;
&#xD;
2019-12-06 16:44:42 - [MESSAGE][PASSED] - Object: 'Object Repository/mobileSanity/STM/STM Apply Page/a_Start Secure Application' is clicked on&#xD;
&#xD;
2019-12-06 16:44:42 - [TEST_STEP][PASSED] - waitForPageLoad(20): Wait for page load successfully&#xD;
&#xD;
2019-12-06 16:44:42 - [MESSAGE][PASSED] - Wait for page load successfully&#xD;
&#xD;
2019-12-06 16:44:42 - [TEST_STEP][PASSED] - Thread.sleep(2000): null&#xD;
&#xD;
2019-12-06 16:44:44 - [TEST_STEP][PASSED] - callTestCase(findTestCase("AHI/_include/get_screenshot"), [:], STOP_ON_FAILURE): Call Test Case 'Test Cases/AHI/_include/get_screenshot' successfully&#xD;
&#xD;
2019-12-06 16:44:44 - [TEST_CASE][PASSED] - Test Cases/AHI/_include/get_screenshot: Test Cases/AHI/_include/get_screenshot&#xD;
&#xD;
2019-12-06 16:44:44 - [TEST_STEP][PASSED] - takeScreenshot(screenPath + i + ".png"): Taking screenshot successfully&#xD;
&#xD;
2019-12-06 16:44:45 - [MESSAGE][PASSED] - Taking screenshot successfully&#xD;
[[ATTACHMENT|D:\\Test\\AgileTest\\AgileTest\\Reports\\AHI\\stm\\20191206_163435\\../Screenshots/iPhone 6/stm/AdvantHealth/20191206_164324/6.png]]&#xD;
&#xD;
2019-12-06 16:44:45 - [TEST_STEP][PASSED] - (internal.GlobalVariable.i++): null&#xD;
&#xD;
2019-12-06 16:44:45 - [MESSAGE][PASSED] - Call Test Case 'Test Cases/AHI/_include/get_screenshot' successfully&#xD;
&#xD;
2019-12-06 16:44:45 - [MESSAGE][PASSED] - Call Test Case 'Test Cases/AHI/_include/apply_stm' successfully&#xD;
&#xD;
2019-12-06 16:44:45 - [TEST_STEP][FAILED] - callTestCase(findTestCase("AHI/_include/goToEnd_stm_autofill"), [:], STOP_ON_FAILURE): Unable to call Test Case 'Test Cases/AHI/_include/goToEnd_stm_autofill' (Root cause: com.kms.katalon.core.exception.StepFailedException: Call Test Case 'Test Cases/AHI/_include/goToEnd_stm_autofill' failed&#xD;
	at com.kms.katalon.core.keyword.builtin.CallTestCaseKeyword$_callTestCase_closure1.doCall(CallTestCaseKeyword.groovy:63)&#xD;
	at com.kms.katalon.core.keyword.builtin.CallTestCaseKeyword$_callTestCase_closure1.call(CallTestCaseKeyword.groovy)&#xD;
	at com.kms.katalon.core.keyword.internal.KeywordMain.runKeyword(KeywordMain.groovy:68)&#xD;
	at com.kms.katalon.core.keyword.builtin.CallTestCaseKeyword.callTestCase(CallTestCaseKeyword.groovy:81)&#xD;
	at com.kms.katalon.core.keyword.builtin.CallTestCaseKeyword.execute(CallTestCaseKeyword.groovy:44)&#xD;
	at com.kms.katalon.core.keyword.internal.KeywordExecutor.executeKeywordForPlatform(KeywordExecutor.groovy:56)&#xD;
	at com.kms.katalon.core.keyword.BuiltinKeywords.callTestCase(BuiltinKeywords.groovy:334)&#xD;
	at AdvantHealth.run(AdvantHealth:35)&#xD;
	at com.kms.katalon.core.main.ScriptEngine.run(ScriptEngine.java:194)&#xD;
	at com.kms.katalon.core.main.ScriptEngine.runScriptAsRawText(ScriptEngine.java:119)&#xD;
	at com.kms.katalon.core.main.TestCaseExecutor.runScript(TestCaseExecutor.java:337)&#xD;
	at com.kms.katalon.core.main.TestCaseExecutor.doExecute(TestCaseExecutor.java:328)&#xD;
	at com.kms.katalon.core.main.TestCaseExecutor.processExecutionPhase(TestCaseExecutor.java:307)&#xD;
	at com.kms.katalon.core.main.TestCaseExecutor.accessMainPhase(TestCaseExecutor.java:299)&#xD;
	at com.kms.katalon.core.main.TestCaseExecutor.execute(TestCaseExecutor.java:233)&#xD;
	at com.kms.katalon.core.main.TestSuiteExecutor.accessTestCaseMainPhase(TestSuiteExecutor.java:133)&#xD;
	at com.kms.katalon.core.main.TestSuiteExecutor.accessTestSuiteMainPhase(TestSuiteExecutor.java:116)&#xD;
	at com.kms.katalon.core.main.TestSuiteExecutor.execute(TestSuiteExecutor.java:83)&#xD;
	at com.kms.katalon.core.main.TestCaseMain.startTestSuite(TestCaseMain.java:157)&#xD;
	at com.kms.katalon.core.main.TestCaseMain$startTestSuite$0.call(Unknown Source)&#xD;
	at TempTestSuite1575621275705.run(TempTestSuite1575621275705.groovy:35)&#xD;
Caused by: com.kms.katalon.core.exception.StepFailedException: Unable to clear text of object 'Object Repository/mobileSanity/STM/Page_App Page 3/input__credit-card-cvv'&#xD;
	at com.kms.katalon.core.webui.keyword.internal.WebUIKeywordMain.stepFailed(WebUIKeywordMain.groovy:64)&#xD;
	at com.kms.katalon.core.webui.keyword.internal.WebUIKeywordMain.runKeyword(WebUIKeywordMain.groovy:42)&#xD;
	at com.kms.katalon.core.webui.keyword.builtin.ClearTextKeyword.clearText(ClearTextKeyword.groovy:61)&#xD;
	at com.kms.katalon.core.webui.keyword.builtin.ClearTextKeyword.execute(ClearTextKeyword.groovy:34)&#xD;
	at com.kms.katalon.core.keyword.internal.KeywordExecutor.executeKeywordForPlatform(KeywordExecutor.groovy:56)&#xD;
	at com.kms.katalon.core.webui.keyword.WebUiBuiltInKeywords.clearText(WebUiBuiltInKeywords.groovy:3817)&#xD;
	at com.kms.katalon.core.webui.keyword.WebUiBuiltInKeywords$clearText$9.call(Unknown Source)&#xD;
	at goToEnd_stm_autofill.run(goToEnd_stm_autofill:71)&#xD;
	at com.kms.katalon.core.main.ScriptEngine.run(ScriptEngine.java:194)&#xD;
	at com.kms.katalon.core.main.ScriptEngine.runScriptAsRawText(ScriptEngine.java:119)&#xD;
	at com.kms.katalon.core.main.TestCaseExecutor.runScript(TestCaseExecutor.java:337)&#xD;
	at com.kms.katalon.core.main.TestCaseExecutor.doExecute(TestCaseExecutor.java:328)&#xD;
	at com.kms.katalon.core.main.TestCaseExecutor.processExecutionPhase(TestCaseExecutor.java:307)&#xD;
	at com.kms.katalon.core.main.TestCaseExecutor.accessMainPhase(TestCaseExecutor.java:299)&#xD;
	at com.kms.katalon.core.main.TestCaseExecutor.execute(TestCaseExecutor.java:233)&#xD;
	at com.kms.katalon.core.main.TestCaseMain.runTestCase(TestCaseMain.java:114)&#xD;
	at com.kms.katalon.core.keyword.builtin.CallTestCaseKeyword$_callTestCase_closure1.doCall(CallTestCaseKeyword.groovy:59)&#xD;
	... 20 more&#xD;
Caused by: com.kms.katalon.core.webui.exception.WebElementNotFoundException: Web element with id: 'Object Repository/mobileSanity/STM/Page_App Page 3/input__credit-card-cvv' located by 'By.xpath: id("credit-card-cvv")[count(. | //input[@type = 'text' and @id = 'credit-card-cvv']) = count(//input[@type = 'text' and @id = 'credit-card-cvv'])]' not found&#xD;
	at com.kms.katalon.core.webui.common.WebUiCommonHelper.findWebElement(WebUiCommonHelper.java:1097)&#xD;
	at com.kms.katalon.core.webui.keyword.internal.WebUIAbstractKeyword.findWebElement(WebUIAbstractKeyword.groovy:27)&#xD;
	at com.kms.katalon.core.webui.keyword.internal.WebUIAbstractKeyword.findWebElement(WebUIAbstractKeyword.groovy:26)&#xD;
	at com.kms.katalon.core.webui.keyword.builtin.ClearTextKeyword$_clearText_closure1.doCall(ClearTextKeyword.groovy:44)&#xD;
	at com.kms.katalon.core.webui.keyword.builtin.ClearTextKeyword$_clearText_closure1.call(ClearTextKeyword.groovy)&#xD;
	at com.kms.katalon.core.webui.keyword.internal.WebUIKeywordMain.runKeyword(WebUIKeywordMain.groovy:33)&#xD;
	... 35 more&#xD;
)&#xD;
&#xD;
2019-12-06 16:44:45 - [TEST_CASE][FAILED] - Test Cases/AHI/_include/goToEnd_stm_autofill: Test Cases/AHI/_include/goToEnd_stm_autofill FAILED.
Reason:
com.kms.katalon.core.exception.StepFailedException: Unable to clear text of object 'Object Repository/mobileSanity/STM/Page_App Page 3/input__credit-card-cvv'&#xD;
	at com.kms.katalon.core.webui.keyword.internal.WebUIKeywordMain.stepFailed(WebUIKeywordMain.groovy:64)&#xD;
	at com.kms.katalon.core.webui.keyword.internal.WebUIKeywordMain.runKeyword(WebUIKeywordMain.groovy:42)&#xD;
	at com.kms.katalon.core.webui.keyword.builtin.ClearTextKeyword.clearText(ClearTextKeyword.groovy:61)&#xD;
	at com.kms.katalon.core.webui.keyword.builtin.ClearTextKeyword.execute(ClearTextKeyword.groovy:34)&#xD;
	at com.kms.katalon.core.keyword.internal.KeywordExecutor.executeKeywordForPlatform(KeywordExecutor.groovy:56)&#xD;
	at com.kms.katalon.core.webui.keyword.WebUiBuiltInKeywords.clearText(WebUiBuiltInKeywords.groovy:3817)&#xD;
	at com.kms.katalon.core.webui.keyword.WebUiBuiltInKeywords$clearText$9.call(Unknown Source)&#xD;
	at goToEnd_stm_autofill.run(goToEnd_stm_autofill:71)&#xD;
	at com.kms.katalon.core.main.ScriptEngine.run(ScriptEngine.java:194)&#xD;
	at com.kms.katalon.core.main.ScriptEngine.runScriptAsRawText(ScriptEngine.java:119)&#xD;
	at com.kms.katalon.core.main.TestCaseExecutor.runScript(TestCaseExecutor.java:337)&#xD;
	at com.kms.katalon.core.main.TestCaseExecutor.doExecute(TestCaseExecutor.java:328)&#xD;
	at com.kms.katalon.core.main.TestCaseExecutor.processExecutionPhase(TestCaseExecutor.java:307)&#xD;
	at com.kms.katalon.core.main.TestCaseExecutor.accessMainPhase(TestCaseExecutor.java:299)&#xD;
	at com.kms.katalon.core.main.TestCaseExecutor.execute(TestCaseExecutor.java:233)&#xD;
	at com.kms.katalon.core.main.TestCaseMain.runTestCase(TestCaseMain.java:114)&#xD;
	at com.kms.katalon.core.keyword.builtin.CallTestCaseKeyword$_callTestCase_closure1.doCall(CallTestCaseKeyword.groovy:59)&#xD;
	at com.kms.katalon.core.keyword.builtin.CallTestCaseKeyword$_callTestCase_closure1.call(CallTestCaseKeyword.groovy)&#xD;
	at com.kms.katalon.core.keyword.internal.KeywordMain.runKeyword(KeywordMain.groovy:68)&#xD;
	at com.kms.katalon.core.keyword.builtin.CallTestCaseKeyword.callTestCase(CallTestCaseKeyword.groovy:81)&#xD;
	at com.kms.katalon.core.keyword.builtin.CallTestCaseKeyword.execute(CallTestCaseKeyword.groovy:44)&#xD;
	at com.kms.katalon.core.keyword.internal.KeywordExecutor.executeKeywordForPlatform(KeywordExecutor.groovy:56)&#xD;
	at com.kms.katalon.core.keyword.BuiltinKeywords.callTestCase(BuiltinKeywords.groovy:334)&#xD;
	at AdvantHealth.run(AdvantHealth:35)&#xD;
	at com.kms.katalon.core.main.ScriptEngine.run(ScriptEngine.java:194)&#xD;
	at com.kms.katalon.core.main.ScriptEngine.runScriptAsRawText(ScriptEngine.java:119)&#xD;
	at com.kms.katalon.core.main.TestCaseExecutor.runScript(TestCaseExecutor.java:337)&#xD;
	at com.kms.katalon.core.main.TestCaseExecutor.doExecute(TestCaseExecutor.java:328)&#xD;
	at com.kms.katalon.core.main.TestCaseExecutor.processExecutionPhase(TestCaseExecutor.java:307)&#xD;
	at com.kms.katalon.core.main.TestCaseExecutor.accessMainPhase(TestCaseExecutor.java:299)&#xD;
	at com.kms.katalon.core.main.TestCaseExecutor.execute(TestCaseExecutor.java:233)&#xD;
	at com.kms.katalon.core.main.TestSuiteExecutor.accessTestCaseMainPhase(TestSuiteExecutor.java:133)&#xD;
	at com.kms.katalon.core.main.TestSuiteExecutor.accessTestSuiteMainPhase(TestSuiteExecutor.java:116)&#xD;
	at com.kms.katalon.core.main.TestSuiteExecutor.execute(TestSuiteExecutor.java:83)&#xD;
	at com.kms.katalon.core.main.TestCaseMain.startTestSuite(TestCaseMain.java:157)&#xD;
	at com.kms.katalon.core.main.TestCaseMain$startTestSuite$0.call(Unknown Source)&#xD;
	at TempTestSuite1575621275705.run(TempTestSuite1575621275705.groovy:35)&#xD;
Caused by: com.kms.katalon.core.webui.exception.WebElementNotFoundException: Web element with id: 'Object Repository/mobileSanity/STM/Page_App Page 3/input__credit-card-cvv' located by 'By.xpath: id("credit-card-cvv")[count(. | //input[@type = 'text' and @id = 'credit-card-cvv']) = count(//input[@type = 'text' and @id = 'credit-card-cvv'])]' not found&#xD;
	at com.kms.katalon.core.webui.common.WebUiCommonHelper.findWebElement(WebUiCommonHelper.java:1097)&#xD;
	at com.kms.katalon.core.webui.keyword.internal.WebUIAbstractKeyword.findWebElement(WebUIAbstractKeyword.groovy:27)&#xD;
	at com.kms.katalon.core.webui.keyword.internal.WebUIAbstractKeyword.findWebElement(WebUIAbstractKeyword.groovy:26)&#xD;
	at com.kms.katalon.core.webui.keyword.builtin.ClearTextKeyword$_clearText_closure1.doCall(ClearTextKeyword.groovy:44)&#xD;
	at com.kms.katalon.core.webui.keyword.builtin.ClearTextKeyword$_clearText_closure1.call(ClearTextKeyword.groovy)&#xD;
	at com.kms.katalon.core.webui.keyword.internal.WebUIKeywordMain.runKeyword(WebUIKeywordMain.groovy:33)&#xD;
	... 35 more&#xD;
&#xD;
&#xD;
2019-12-06 16:44:46 - [TEST_STEP][PASSED] - callTestCase(findTestCase("AHI/_include/name"), [:], CONTINUE_ON_FAILURE): Call Test Case 'Test Cases/AHI/_include/name' successfully&#xD;
&#xD;
2019-12-06 16:44:46 - [TEST_CASE][PASSED] - Test Cases/AHI/_include/name: Test Cases/AHI/_include/name&#xD;
&#xD;
2019-12-06 16:44:46 - [TEST_STEP][PASSED] - driver = getWebDriver(): null&#xD;
&#xD;
2019-12-06 16:44:46 - [TEST_STEP][PASSED] - selenium = new com.thoughtworks.selenium.webdriven.WebDriverBackedSelenium(driver, internal.GlobalVariable.ENV): null&#xD;
&#xD;
2019-12-06 16:44:46 - [TEST_STEP][PASSED] - FirstName = "Test-123": null&#xD;
&#xD;
2019-12-06 16:44:46 - [TEST_STEP][PASSED] - LastName = selenium.getEval("{var x="ABCDEFGHIJKLMNOPQRSTUVWXYZabcdefghijklmnopqrstuvwxyz"; var tmp="ZZ11-"; for (i=0;i&lt;8;i++) tmp+=x.charAt(Math.ceil(51*Math.random()));tmp;}"): null&#xD;
&#xD;
2019-12-06 16:44:46 - [TEST_STEP][PASSED] - Address = selenium.getEval("{var x="ABCDEFGHIJKLMNOPQRSTUVWXYZabcdefghijklmnopqrstuvwxyz"; var tmp=""; for (i=0;i&lt;8;i++) tmp+=x.charAt(Math.ceil(51*Math.random()));tmp;}"): null&#xD;
&#xD;
2019-12-06 16:44:46 - [TEST_STEP][PASSED] - City = selenium.getEval("{var x="ABCDEFGHIJKLMNOPQRSTUVWXYZabcdefghijklmnopqrstuvwxyz"; var tmp=""; for (i=0;i&lt;8;i++) tmp+=x.charAt(Math.ceil(51*Math.random()));tmp;}"): null&#xD;
&#xD;
2019-12-06 16:44:46 - [TEST_STEP][PASSED] - tel1 = selenium.getEval("{var x="123456789"; var tmp=""; for (i=0;i&lt;3;i++) tmp+=x.charAt(Math.ceil(8*Math.random()));tmp;}"): null&#xD;
&#xD;
2019-12-06 16:44:46 - [TEST_STEP][PASSED] - tel2 = selenium.getEval("{var x="123456789"; var tmp=""; for (i=0;i&lt;3;i++) tmp+=x.charAt(Math.ceil(8*Math.random()));tmp;}"): null&#xD;
&#xD;
2019-12-06 16:44:46 - [TEST_STEP][PASSED] - tel3 = selenium.getEval("{var x="123456789"; var tmp=""; for (i=0;i&lt;4;i++) tmp+=x.charAt(Math.ceil(8*Math.random()));tmp;}"): null&#xD;
&#xD;
2019-12-06 16:44:46 - [TEST_STEP][PASSED] - Tel = selenium.getExpression(tel1 + "-" + tel2 + "-" + tel3): null&#xD;
&#xD;
2019-12-06 16:44:46 - [TEST_STEP][PASSED] - AutoEmail = selenium.getEval("{var x="ABCDEFGHIJKLMNOPQRSTUVWXYZabcdefghijklmnopqrstuvwxyz"; var tmp="test."; for (i=0;i&lt;8;i++) tmp+=x.charAt(Math.ceil(51*Math.random()));tmp+="@suryani.cn";}"): null&#xD;
&#xD;
2019-12-06 16:44:46 - [TEST_STEP][PASSED] - FirstName = FirstName: null&#xD;
&#xD;
2019-12-06 16:44:46 - [TEST_STEP][PASSED] - LastName = LastName: null&#xD;
&#xD;
2019-12-06 16:44:46 - [TEST_STEP][PASSED] - Address = Address: null&#xD;
&#xD;
2019-12-06 16:44:46 - [TEST_STEP][PASSED] - City = City: null&#xD;
&#xD;
2019-12-06 16:44:46 - [TEST_STEP][PASSED] - Tel = Tel: null&#xD;
&#xD;
2019-12-06 16:44:46 - [TEST_STEP][PASSED] - AutoEmail = AutoEmail: null&#xD;
&#xD;
2019-12-06 16:44:46 - [TEST_STEP][PASSED] - println(FirstName): null&#xD;
&#xD;
2019-12-06 16:44:46 - [TEST_STEP][PASSED] - println(LastName): null&#xD;
&#xD;
2019-12-06 16:44:46 - [TEST_STEP][PASSED] - println(Address): null&#xD;
&#xD;
2019-12-06 16:44:46 - [TEST_STEP][PASSED] - println(City): null&#xD;
&#xD;
2019-12-06 16:44:46 - [TEST_STEP][PASSED] - println(Tel): null&#xD;
&#xD;
2019-12-06 16:44:46 - [TEST_STEP][PASSED] - println(AutoEmail): null&#xD;
&#xD;
2019-12-06 16:44:46 - [MESSAGE][PASSED] - Call Test Case 'Test Cases/AHI/_include/name' successfully&#xD;
&#xD;
2019-12-06 16:44:46 - [TEST_STEP][PASSED] - try: Call Test Case 'Test Cases/AHI/_include/get_screenshot' successfully&#xD;
&#xD;
2019-12-06 16:44:46 - [TEST_STEP][PASSED] - if (verifyTextPresent("Month Duration Acknowledgement", false)): Call Test Case 'Test Cases/AHI/_include/get_screenshot' successfully&#xD;
&#xD;
2019-12-06 16:44:46 - [MESSAGE][PASSED] - Text 'Month Duration Acknowledgement' is present on page &#xD;
&#xD;
2019-12-06 16:44:46 - [TEST_STEP][PASSED] - click(findTestObject("mobileSanity/STM/Page_App Page 1/label_By checking this box I u")): Object: 'Object Repository/mobileSanity/STM/Page_App Page 1/label_By checking this box I u' is clicked on&#xD;
&#xD;
2019-12-06 16:44:46 - [MESSAGE][PASSED] - Object: 'Object Repository/mobileSanity/STM/Page_App Page 1/label_By checking this box I u' is clicked on&#xD;
&#xD;
2019-12-06 16:44:46 - [TEST_STEP][PASSED] - click(findTestObject("mobileSanity/STM/Page_App Page 1/button_Continue to Application")): Object: 'Object Repository/mobileSanity/STM/Page_App Page 1/button_Continue to Application' is clicked on&#xD;
&#xD;
2019-12-06 16:44:49 - [MESSAGE][PASSED] - Object: 'Object Repository/mobileSanity/STM/Page_App Page 1/button_Continue to Application' is clicked on&#xD;
&#xD;
2019-12-06 16:44:49 - [TEST_STEP][PASSED] - waitForPageLoad(20): Wait for page load successfully&#xD;
&#xD;
2019-12-06 16:44:49 - [MESSAGE][PASSED] - Wait for page load successfully&#xD;
&#xD;
2019-12-06 16:44:49 - [TEST_STEP][PASSED] - Thread.sleep(5000): null&#xD;
&#xD;
2019-12-06 16:44:54 - [TEST_STEP][PASSED] - callTestCase(findTestCase("AHI/_include/get_screenshot"), [:], STOP_ON_FAILURE): Call Test Case 'Test Cases/AHI/_include/get_screenshot' successfully&#xD;
&#xD;
2019-12-06 16:44:54 - [TEST_CASE][PASSED] - Test Cases/AHI/_include/get_screenshot: Test Cases/AHI/_include/get_screenshot&#xD;
&#xD;
2019-12-06 16:44:54 - [TEST_STEP][PASSED] - takeScreenshot(screenPath + i + ".png"): Taking screenshot successfully&#xD;
&#xD;
2019-12-06 16:44:55 - [MESSAGE][PASSED] - Taking screenshot successfully&#xD;
[[ATTACHMENT|D:\\Test\\AgileTest\\AgileTest\\Reports\\AHI\\stm\\20191206_163435\\../Screenshots/iPhone 6/stm/AdvantHealth/20191206_164324/7.png]]&#xD;
&#xD;
2019-12-06 16:44:55 - [TEST_STEP][PASSED] - (internal.GlobalVariable.i++): null&#xD;
&#xD;
2019-12-06 16:44:55 - [MESSAGE][PASSED] - Call Test Case 'Test Cases/AHI/_include/get_screenshot' successfully&#xD;
&#xD;
2019-12-06 16:44:55 - [TEST_STEP][PASSED] - waitForPageLoad(10): Wait for page load successfully&#xD;
&#xD;
2019-12-06 16:44:55 - [MESSAGE][PASSED] - Wait for page load successfully&#xD;
&#xD;
2019-12-06 16:44:55 - [TEST_STEP][PASSED] - Thread.sleep(3000): null&#xD;
&#xD;
2019-12-06 16:44:58 - [TEST_STEP][PASSED] - waitForElementVisible(findTestObject("mobileSanity/STM/Page_App Page 1/a_Autofill App Info"), 20): Object 'Object Repository/mobileSanity/STM/Page_App Page 1/a_Autofill App Info' is visible&#xD;
&#xD;
2019-12-06 16:44:58 - [MESSAGE][PASSED] - Object 'Object Repository/mobileSanity/STM/Page_App Page 1/a_Autofill App Info' is visible&#xD;
&#xD;
2019-12-06 16:44:58 - [TEST_STEP][PASSED] - click(findTestObject("mobileSanity/STM/Page_App Page 1/a_Autofill App Info")): Object: 'Object Repository/mobileSanity/STM/Page_App Page 1/a_Autofill App Info' is clicked on&#xD;
&#xD;
2019-12-06 16:44:58 - [MESSAGE][PASSED] - Object: 'Object Repository/mobileSanity/STM/Page_App Page 1/a_Autofill App Info' is clicked on&#xD;
&#xD;
2019-12-06 16:44:58 - [TEST_STEP][PASSED] - Thread.sleep(1000): null&#xD;
&#xD;
2019-12-06 16:44:59 - [TEST_STEP][PASSED] - click(findTestObject("mobileSanity/STM/Page_App Page 1/a_Autofill App Info")): Object: 'Object Repository/mobileSanity/STM/Page_App Page 1/a_Autofill App Info' is clicked on&#xD;
&#xD;
2019-12-06 16:44:59 - [MESSAGE][PASSED] - Object: 'Object Repository/mobileSanity/STM/Page_App Page 1/a_Autofill App Info' is clicked on&#xD;
&#xD;
2019-12-06 16:44:59 - [TEST_STEP][PASSED] - Thread.sleep(1000): null&#xD;
&#xD;
2019-12-06 16:45:00 - [TEST_STEP][PASSED] - waitForElementVisible(findTestObject("mobileSanity/STM/Page_App Page 1/a_Continue"), 20): Object 'Object Repository/mobileSanity/STM/Page_App Page 1/a_Continue' is visible&#xD;
&#xD;
2019-12-06 16:45:00 - [MESSAGE][PASSED] - Object 'Object Repository/mobileSanity/STM/Page_App Page 1/a_Continue' is visible&#xD;
&#xD;
2019-12-06 16:45:00 - [TEST_STEP][PASSED] - click(findTestObject("mobileSanity/STM/Page_App Page 1/a_Continue")): Object: 'Object Repository/mobileSanity/STM/Page_App Page 1/a_Continue' is clicked on&#xD;
&#xD;
2019-12-06 16:45:00 - [MESSAGE][PASSED] - Object: 'Object Repository/mobileSanity/STM/Page_App Page 1/a_Continue' is clicked on&#xD;
&#xD;
2019-12-06 16:45:00 - [TEST_STEP][PASSED] - waitForPageLoad(20): Wait for page load successfully&#xD;
&#xD;
2019-12-06 16:45:00 - [MESSAGE][PASSED] - Wait for page load successfully&#xD;
&#xD;
2019-12-06 16:45:00 - [TEST_STEP][PASSED] - Thread.sleep(5000): null&#xD;
&#xD;
2019-12-06 16:45:05 - [TEST_STEP][PASSED] - callTestCase(findTestCase("AHI/_include/get_screenshot"), [:], STOP_ON_FAILURE): Call Test Case 'Test Cases/AHI/_include/get_screenshot' successfully&#xD;
&#xD;
2019-12-06 16:45:05 - [TEST_CASE][PASSED] - Test Cases/AHI/_include/get_screenshot: Test Cases/AHI/_include/get_screenshot&#xD;
&#xD;
2019-12-06 16:45:05 - [TEST_STEP][PASSED] - takeScreenshot(screenPath + i + ".png"): Taking screenshot successfully&#xD;
&#xD;
2019-12-06 16:45:06 - [MESSAGE][PASSED] - Taking screenshot successfully&#xD;
[[ATTACHMENT|D:\\Test\\AgileTest\\AgileTest\\Reports\\AHI\\stm\\20191206_163435\\../Screenshots/iPhone 6/stm/AdvantHealth/20191206_164324/8.png]]&#xD;
&#xD;
2019-12-06 16:45:06 - [TEST_STEP][PASSED] - (internal.GlobalVariable.i++): null&#xD;
&#xD;
2019-12-06 16:45:06 - [MESSAGE][PASSED] - Call Test Case 'Test Cases/AHI/_include/get_screenshot' successfully&#xD;
&#xD;
2019-12-06 16:45:06 - [TEST_STEP][PASSED] - click(findTestObject("mobileSanity/STM/Page_App Page 2/a_Continue to Step 3 - Payment")): Object: 'Object Repository/mobileSanity/STM/Page_App Page 2/a_Continue to Step 3 - Payment' is clicked on&#xD;
&#xD;
2019-12-06 16:45:06 - [MESSAGE][PASSED] - Object: 'Object Repository/mobileSanity/STM/Page_App Page 2/a_Continue to Step 3 - Payment' is clicked on&#xD;
&#xD;
2019-12-06 16:45:06 - [TEST_STEP][PASSED] - waitForPageLoad(20): Wait for page load successfully&#xD;
&#xD;
2019-12-06 16:45:06 - [MESSAGE][PASSED] - Wait for page load successfully&#xD;
&#xD;
2019-12-06 16:45:06 - [TEST_STEP][PASSED] - waitForElementVisible(findTestObject("mobileSanity/STM/Page_App Page 3/input__credit-card-cvv"), 20): Web element with id: 'Object Repository/mobileSanity/STM/Page_App Page 3/input__credit-card-cvv' located by 'By.xpath: id("credit-card-cvv")[count(. | //input[@type = 'text' and @id = 'credit-card-cvv']) = count(//input[@type = 'text' and @id = 'credit-card-cvv'])]' not found&#xD;
&#xD;
2019-12-06 16:45:29 - [MESSAGE][INFO] - Unable to find the element located by 'By.xpath: id("credit-card-cvv")[count(. | //input[@type = 'text' and @id = 'credit-card-cvv']) = count(//input[@type = 'text' and @id = 'credit-card-cvv'])]'. Please recheck the objects properties to make sure the desired element is located. &#xD;
&#xD;
2019-12-06 16:45:29 - [MESSAGE][WARNING] - Web element with id: 'Object Repository/mobileSanity/STM/Page_App Page 3/input__credit-card-cvv' located by 'By.xpath: id("credit-card-cvv")[count(. | //input[@type = 'text' and @id = 'credit-card-cvv']) = count(//input[@type = 'text' and @id = 'credit-card-cvv'])]' not found&#xD;
&#xD;
2019-12-06 16:45:29 - [TEST_STEP][PASSED] - Thread.sleep(2000): null&#xD;
&#xD;
2019-12-06 16:45:31 - [TEST_STEP][PASSED] - callTestCase(findTestCase("AHI/_include/get_screenshot"), [:], STOP_ON_FAILURE): Call Test Case 'Test Cases/AHI/_include/get_screenshot' successfully&#xD;
&#xD;
2019-12-06 16:45:31 - [TEST_CASE][PASSED] - Test Cases/AHI/_include/get_screenshot: Test Cases/AHI/_include/get_screenshot&#xD;
&#xD;
2019-12-06 16:45:31 - [TEST_STEP][PASSED] - takeScreenshot(screenPath + i + ".png"): Taking screenshot successfully&#xD;
&#xD;
2019-12-06 16:45:31 - [MESSAGE][PASSED] - Taking screenshot successfully&#xD;
[[ATTACHMENT|D:\\Test\\AgileTest\\AgileTest\\Reports\\AHI\\stm\\20191206_163435\\../Screenshots/iPhone 6/stm/AdvantHealth/20191206_164324/9.png]]&#xD;
&#xD;
2019-12-06 16:45:31 - [TEST_STEP][PASSED] - (internal.GlobalVariable.i++): null&#xD;
&#xD;
2019-12-06 16:45:31 - [MESSAGE][PASSED] - Call Test Case 'Test Cases/AHI/_include/get_screenshot' successfully&#xD;
&#xD;
2019-12-06 16:45:31 - [TEST_STEP][FAILED] - clearText(findTestObject("mobileSanity/STM/Page_App Page 3/input__credit-card-cvv")): Unable to clear text of object 'Object Repository/mobileSanity/STM/Page_App Page 3/input__credit-card-cvv' (Root cause: com.kms.katalon.core.exception.StepFailedException: Unable to clear text of object 'Object Repository/mobileSanity/STM/Page_App Page 3/input__credit-card-cvv'&#xD;
	at com.kms.katalon.core.webui.keyword.internal.WebUIKeywordMain.stepFailed(WebUIKeywordMain.groovy:64)&#xD;
	at com.kms.katalon.core.webui.keyword.internal.WebUIKeywordMain.runKeyword(WebUIKeywordMain.groovy:42)&#xD;
	at com.kms.katalon.core.webui.keyword.builtin.ClearTextKeyword.clearText(ClearTextKeyword.groovy:61)&#xD;
	at com.kms.katalon.core.webui.keyword.builtin.ClearTextKeyword.execute(ClearTextKeyword.groovy:34)&#xD;
	at com.kms.katalon.core.keyword.internal.KeywordExecutor.executeKeywordForPlatform(KeywordExecutor.groovy:56)&#xD;
	at com.kms.katalon.core.webui.keyword.WebUiBuiltInKeywords.clearText(WebUiBuiltInKeywords.groovy:3817)&#xD;
	at com.kms.katalon.core.webui.keyword.WebUiBuiltInKeywords$clearText$9.call(Unknown Source)&#xD;
	at goToEnd_stm_autofill.run(goToEnd_stm_autofill:71)&#xD;
	at com.kms.katalon.core.main.ScriptEngine.run(ScriptEngine.java:194)&#xD;
	at com.kms.katalon.core.main.ScriptEngine.runScriptAsRawText(ScriptEngine.java:119)&#xD;
	at com.kms.katalon.core.main.TestCaseExecutor.runScript(TestCaseExecutor.java:337)&#xD;
	at com.kms.katalon.core.main.TestCaseExecutor.doExecute(TestCaseExecutor.java:328)&#xD;
	at com.kms.katalon.core.main.TestCaseExecutor.processExecutionPhase(TestCaseExecutor.java:307)&#xD;
	at com.kms.katalon.core.main.TestCaseExecutor.accessMainPhase(TestCaseExecutor.java:299)&#xD;
	at com.kms.katalon.core.main.TestCaseExecutor.execute(TestCaseExecutor.java:233)&#xD;
	at com.kms.katalon.core.main.TestCaseMain.runTestCase(TestCaseMain.java:114)&#xD;
	at com.kms.katalon.core.keyword.builtin.CallTestCaseKeyword$_callTestCase_closure1.doCall(CallTestCaseKeyword.groovy:59)&#xD;
	at com.kms.katalon.core.keyword.builtin.CallTestCaseKeyword$_callTestCase_closure1.call(CallTestCaseKeyword.groovy)&#xD;
	at com.kms.katalon.core.keyword.internal.KeywordMain.runKeyword(KeywordMain.groovy:68)&#xD;
	at com.kms.katalon.core.keyword.builtin.CallTestCaseKeyword.callTestCase(CallTestCaseKeyword.groovy:81)&#xD;
	at com.kms.katalon.core.keyword.builtin.CallTestCaseKeyword.execute(CallTestCaseKeyword.groovy:44)&#xD;
	at com.kms.katalon.core.keyword.internal.KeywordExecutor.executeKeywordForPlatform(KeywordExecutor.groovy:56)&#xD;
	at com.kms.katalon.core.keyword.BuiltinKeywords.callTestCase(BuiltinKeywords.groovy:334)&#xD;
	at AdvantHealth.run(AdvantHealth:35)&#xD;
	at com.kms.katalon.core.main.ScriptEngine.run(ScriptEngine.java:194)&#xD;
	at com.kms.katalon.core.main.ScriptEngine.runScriptAsRawText(ScriptEngine.java:119)&#xD;
	at com.kms.katalon.core.main.TestCaseExecutor.runScript(TestCaseExecutor.java:337)&#xD;
	at com.kms.katalon.core.main.TestCaseExecutor.doExecute(TestCaseExecutor.java:328)&#xD;
	at com.kms.katalon.core.main.TestCaseExecutor.processExecutionPhase(TestCaseExecutor.java:307)&#xD;
	at com.kms.katalon.core.main.TestCaseExecutor.accessMainPhase(TestCaseExecutor.java:299)&#xD;
	at com.kms.katalon.core.main.TestCaseExecutor.execute(TestCaseExecutor.java:233)&#xD;
	at com.kms.katalon.core.main.TestSuiteExecutor.accessTestCaseMainPhase(TestSuiteExecutor.java:133)&#xD;
	at com.kms.katalon.core.main.TestSuiteExecutor.accessTestSuiteMainPhase(TestSuiteExecutor.java:116)&#xD;
	at com.kms.katalon.core.main.TestSuiteExecutor.execute(TestSuiteExecutor.java:83)&#xD;
	at com.kms.katalon.core.main.TestCaseMain.startTestSuite(TestCaseMain.java:157)&#xD;
	at com.kms.katalon.core.main.TestCaseMain$startTestSuite$0.call(Unknown Source)&#xD;
	at TempTestSuite1575621275705.run(TempTestSuite1575621275705.groovy:35)&#xD;
Caused by: com.kms.katalon.core.webui.exception.WebElementNotFoundException: Web element with id: 'Object Repository/mobileSanity/STM/Page_App Page 3/input__credit-card-cvv' located by 'By.xpath: id("credit-card-cvv")[count(. | //input[@type = 'text' and @id = 'credit-card-cvv']) = count(//input[@type = 'text' and @id = 'credit-card-cvv'])]' not found&#xD;
	at com.kms.katalon.core.webui.common.WebUiCommonHelper.findWebElement(WebUiCommonHelper.java:1097)&#xD;
	at com.kms.katalon.core.webui.keyword.internal.WebUIAbstractKeyword.findWebElement(WebUIAbstractKeyword.groovy:27)&#xD;
	at com.kms.katalon.core.webui.keyword.internal.WebUIAbstractKeyword.findWebElement(WebUIAbstractKeyword.groovy:26)&#xD;
	at com.kms.katalon.core.webui.keyword.builtin.ClearTextKeyword$_clearText_closure1.doCall(ClearTextKeyword.groovy:44)&#xD;
	at com.kms.katalon.core.webui.keyword.builtin.ClearTextKeyword$_clearText_closure1.call(ClearTextKeyword.groovy)&#xD;
	at com.kms.katalon.core.webui.keyword.internal.WebUIKeywordMain.runKeyword(WebUIKeywordMain.groovy:33)&#xD;
	at com.kms.katalon.core.webui.keyword.builtin.ClearTextKeyword.clearText(ClearTextKeyword.groovy:61)&#xD;
	at com.kms.katalon.core.webui.keyword.builtin.ClearTextKeyword.execute(ClearTextKeyword.groovy:34)&#xD;
	at com.kms.katalon.core.keyword.internal.KeywordExecutor.executeKeywordForPlatform(KeywordExecutor.groovy:56)&#xD;
	at com.kms.katalon.core.webui.keyword.WebUiBuiltInKeywords.clearText(WebUiBuiltInKeywords.groovy:3817)&#xD;
	at com.kms.katalon.core.webui.keyword.WebUiBuiltInKeywords$clearText$9.call(Unknown Source)&#xD;
	at Script1575596673921.run(Script1575596673921.groovy:71)&#xD;
	at com.kms.katalon.core.main.ScriptEngine.run(ScriptEngine.java:194)&#xD;
	at com.kms.katalon.core.main.ScriptEngine.runScriptAsRawText(ScriptEngine.java:119)&#xD;
	at com.kms.katalon.core.main.TestCaseExecutor.runScript(TestCaseExecutor.java:337)&#xD;
	at com.kms.katalon.core.main.TestCaseExecutor.doExecute(TestCaseExecutor.java:328)&#xD;
	at com.kms.katalon.core.main.TestCaseExecutor.processExecutionPhase(TestCaseExecutor.java:307)&#xD;
	at com.kms.katalon.core.main.TestCaseExecutor.accessMainPhase(TestCaseExecutor.java:299)&#xD;
	at com.kms.katalon.core.main.TestCaseExecutor.execute(TestCaseExecutor.java:233)&#xD;
	at com.kms.katalon.core.main.TestCaseMain.runTestCase(TestCaseMain.java:114)&#xD;
	at com.kms.katalon.core.keyword.builtin.CallTestCaseKeyword$_callTestCase_closure1.doCall(CallTestCaseKeyword.groovy:59)&#xD;
	at com.kms.katalon.core.keyword.builtin.CallTestCaseKeyword$_callTestCase_closure1.call(CallTestCaseKeyword.groovy)&#xD;
	at com.kms.katalon.core.keyword.internal.KeywordMain.runKeyword(KeywordMain.groovy:68)&#xD;
	at com.kms.katalon.core.keyword.builtin.CallTestCaseKeyword.callTestCase(CallTestCaseKeyword.groovy:81)&#xD;
	at com.kms.katalon.core.keyword.builtin.CallTestCaseKeyword.execute(CallTestCaseKeyword.groovy:44)&#xD;
	at com.kms.katalon.core.keyword.internal.KeywordExecutor.executeKeywordForPlatform(KeywordExecutor.groovy:56)&#xD;
	at com.kms.katalon.core.keyword.BuiltinKeywords.callTestCase(BuiltinKeywords.groovy:334)&#xD;
	at Script1575596673722.run(Script1575596673722.groovy:35)&#xD;
	... 13 more&#xD;
)&#xD;
&#xD;
2019-12-06 16:45:53 - [MESSAGE][INFO] - Unable to find the element located by 'By.xpath: id("credit-card-cvv")[count(. | //input[@type = 'text' and @id = 'credit-card-cvv']) = count(//input[@type = 'text' and @id = 'credit-card-cvv'])]'. Please recheck the objects properties to make sure the desired element is located. &#xD;
&#xD;
2019-12-06 16:45:54 - [MESSAGE][FAILED] - Unable to clear text of object 'Object Repository/mobileSanity/STM/Page_App Page 3/input__credit-card-cvv' (Root cause: com.kms.katalon.core.exception.StepFailedException: Unable to clear text of object 'Object Repository/mobileSanity/STM/Page_App Page 3/input__credit-card-cvv'&#xD;
	at com.kms.katalon.core.webui.keyword.internal.WebUIKeywordMain.stepFailed(WebUIKeywordMain.groovy:64)&#xD;
	at com.kms.katalon.core.webui.keyword.internal.WebUIKeywordMain.runKeyword(WebUIKeywordMain.groovy:42)&#xD;
	at com.kms.katalon.core.webui.keyword.builtin.ClearTextKeyword.clearText(ClearTextKeyword.groovy:61)&#xD;
	at com.kms.katalon.core.webui.keyword.builtin.ClearTextKeyword.execute(ClearTextKeyword.groovy:34)&#xD;
	at com.kms.katalon.core.keyword.internal.KeywordExecutor.executeKeywordForPlatform(KeywordExecutor.groovy:56)&#xD;
	at com.kms.katalon.core.webui.keyword.WebUiBuiltInKeywords.clearText(WebUiBuiltInKeywords.groovy:3817)&#xD;
	at com.kms.katalon.core.webui.keyword.WebUiBuiltInKeywords$clearText$9.call(Unknown Source)&#xD;
	at goToEnd_stm_autofill.run(goToEnd_stm_autofill:71)&#xD;
	at com.kms.katalon.core.main.ScriptEngine.run(ScriptEngine.java:194)&#xD;
	at com.kms.katalon.core.main.ScriptEngine.runScriptAsRawText(ScriptEngine.java:119)&#xD;
	at com.kms.katalon.core.main.TestCaseExecutor.runScript(TestCaseExecutor.java:337)&#xD;
	at com.kms.katalon.core.main.TestCaseExecutor.doExecute(TestCaseExecutor.java:328)&#xD;
	at com.kms.katalon.core.main.TestCaseExecutor.processExecutionPhase(TestCaseExecutor.java:307)&#xD;
	at com.kms.katalon.core.main.TestCaseExecutor.accessMainPhase(TestCaseExecutor.java:299)&#xD;
	at com.kms.katalon.core.main.TestCaseExecutor.execute(TestCaseExecutor.java:233)&#xD;
	at com.kms.katalon.core.main.TestCaseMain.runTestCase(TestCaseMain.java:114)&#xD;
	at com.kms.katalon.core.keyword.builtin.CallTestCaseKeyword$_callTestCase_closure1.doCall(CallTestCaseKeyword.groovy:59)&#xD;
	at com.kms.katalon.core.keyword.builtin.CallTestCaseKeyword$_callTestCase_closure1.call(CallTestCaseKeyword.groovy)&#xD;
	at com.kms.katalon.core.keyword.internal.KeywordMain.runKeyword(KeywordMain.groovy:68)&#xD;
	at com.kms.katalon.core.keyword.builtin.CallTestCaseKeyword.callTestCase(CallTestCaseKeyword.groovy:81)&#xD;
	at com.kms.katalon.core.keyword.builtin.CallTestCaseKeyword.execute(CallTestCaseKeyword.groovy:44)&#xD;
	at com.kms.katalon.core.keyword.internal.KeywordExecutor.executeKeywordForPlatform(KeywordExecutor.groovy:56)&#xD;
	at com.kms.katalon.core.keyword.BuiltinKeywords.callTestCase(BuiltinKeywords.groovy:334)&#xD;
	at AdvantHealth.run(AdvantHealth:35)&#xD;
	at com.kms.katalon.core.main.ScriptEngine.run(ScriptEngine.java:194)&#xD;
	at com.kms.katalon.core.main.ScriptEngine.runScriptAsRawText(ScriptEngine.java:119)&#xD;
	at com.kms.katalon.core.main.TestCaseExecutor.runScript(TestCaseExecutor.java:337)&#xD;
	at com.kms.katalon.core.main.TestCaseExecutor.doExecute(TestCaseExecutor.java:328)&#xD;
	at com.kms.katalon.core.main.TestCaseExecutor.processExecutionPhase(TestCaseExecutor.java:307)&#xD;
	at com.kms.katalon.core.main.TestCaseExecutor.accessMainPhase(TestCaseExecutor.java:299)&#xD;
	at com.kms.katalon.core.main.TestCaseExecutor.execute(TestCaseExecutor.java:233)&#xD;
	at com.kms.katalon.core.main.TestSuiteExecutor.accessTestCaseMainPhase(TestSuiteExecutor.java:133)&#xD;
	at com.kms.katalon.core.main.TestSuiteExecutor.accessTestSuiteMainPhase(TestSuiteExecutor.java:116)&#xD;
	at com.kms.katalon.core.main.TestSuiteExecutor.execute(TestSuiteExecutor.java:83)&#xD;
	at com.kms.katalon.core.main.TestCaseMain.startTestSuite(TestCaseMain.java:157)&#xD;
	at com.kms.katalon.core.main.TestCaseMain$startTestSuite$0.call(Unknown Source)&#xD;
	at TempTestSuite1575621275705.run(TempTestSuite1575621275705.groovy:35)&#xD;
Caused by: com.kms.katalon.core.webui.exception.WebElementNotFoundException: Web element with id: 'Object Repository/mobileSanity/STM/Page_App Page 3/input__credit-card-cvv' located by 'By.xpath: id("credit-card-cvv")[count(. | //input[@type = 'text' and @id = 'credit-card-cvv']) = count(//input[@type = 'text' and @id = 'credit-card-cvv'])]' not found&#xD;
	at com.kms.katalon.core.webui.common.WebUiCommonHelper.findWebElement(WebUiCommonHelper.java:1097)&#xD;
	at com.kms.katalon.core.webui.keyword.internal.WebUIAbstractKeyword.findWebElement(WebUIAbstractKeyword.groovy:27)&#xD;
	at com.kms.katalon.core.webui.keyword.internal.WebUIAbstractKeyword.findWebElement(WebUIAbstractKeyword.groovy:26)&#xD;
	at com.kms.katalon.core.webui.keyword.builtin.ClearTextKeyword$_clearText_closure1.doCall(ClearTextKeyword.groovy:44)&#xD;
	at com.kms.katalon.core.webui.keyword.builtin.ClearTextKeyword$_clearText_closure1.call(ClearTextKeyword.groovy)&#xD;
	at com.kms.katalon.core.webui.keyword.internal.WebUIKeywordMain.runKeyword(WebUIKeywordMain.groovy:33)&#xD;
	at com.kms.katalon.core.webui.keyword.builtin.ClearTextKeyword.clearText(ClearTextKeyword.groovy:61)&#xD;
	at com.kms.katalon.core.webui.keyword.builtin.ClearTextKeyword.execute(ClearTextKeyword.groovy:34)&#xD;
	at com.kms.katalon.core.keyword.internal.KeywordExecutor.executeKeywordForPlatform(KeywordExecutor.groovy:56)&#xD;
	at com.kms.katalon.core.webui.keyword.WebUiBuiltInKeywords.clearText(WebUiBuiltInKeywords.groovy:3817)&#xD;
	at com.kms.katalon.core.webui.keyword.WebUiBuiltInKeywords$clearText$9.call(Unknown Source)&#xD;
	at Script1575596673921.run(Script1575596673921.groovy:71)&#xD;
	at com.kms.katalon.core.main.ScriptEngine.run(ScriptEngine.java:194)&#xD;
	at com.kms.katalon.core.main.ScriptEngine.runScriptAsRawText(ScriptEngine.java:119)&#xD;
	at com.kms.katalon.core.main.TestCaseExecutor.runScript(TestCaseExecutor.java:337)&#xD;
	at com.kms.katalon.core.main.TestCaseExecutor.doExecute(TestCaseExecutor.java:328)&#xD;
	at com.kms.katalon.core.main.TestCaseExecutor.processExecutionPhase(TestCaseExecutor.java:307)&#xD;
	at com.kms.katalon.core.main.TestCaseExecutor.accessMainPhase(TestCaseExecutor.java:299)&#xD;
	at com.kms.katalon.core.main.TestCaseExecutor.execute(TestCaseExecutor.java:233)&#xD;
	at com.kms.katalon.core.main.TestCaseMain.runTestCase(TestCaseMain.java:114)&#xD;
	at com.kms.katalon.core.keyword.builtin.CallTestCaseKeyword$_callTestCase_closure1.doCall(CallTestCaseKeyword.groovy:59)&#xD;
	at com.kms.katalon.core.keyword.builtin.CallTestCaseKeyword$_callTestCase_closure1.call(CallTestCaseKeyword.groovy)&#xD;
	at com.kms.katalon.core.keyword.internal.KeywordMain.runKeyword(KeywordMain.groovy:68)&#xD;
	at com.kms.katalon.core.keyword.builtin.CallTestCaseKeyword.callTestCase(CallTestCaseKeyword.groovy:81)&#xD;
	at com.kms.katalon.core.keyword.builtin.CallTestCaseKeyword.execute(CallTestCaseKeyword.groovy:44)&#xD;
	at com.kms.katalon.core.keyword.internal.KeywordExecutor.executeKeywordForPlatform(KeywordExecutor.groovy:56)&#xD;
	at com.kms.katalon.core.keyword.BuiltinKeywords.callTestCase(BuiltinKeywords.groovy:334)&#xD;
	at Script1575596673722.run(Script1575596673722.groovy:35)&#xD;
	... 13 more&#xD;
)&#xD;
[[ATTACHMENT|D:\\Test\\AgileTest\\AgileTest\\Reports\\AHI\\stm\\20191206_163435\\1575621953210.png]]&#xD;
&#xD;
2019-12-06 16:45:54 - [MESSAGE][FAILED] - Unable to call Test Case 'Test Cases/AHI/_include/goToEnd_stm_autofill' (Root cause: com.kms.katalon.core.exception.StepFailedException: Call Test Case 'Test Cases/AHI/_include/goToEnd_stm_autofill' failed&#xD;
	at com.kms.katalon.core.keyword.builtin.CallTestCaseKeyword$_callTestCase_closure1.doCall(CallTestCaseKeyword.groovy:63)&#xD;
	at com.kms.katalon.core.keyword.builtin.CallTestCaseKeyword$_callTestCase_closure1.call(CallTestCaseKeyword.groovy)&#xD;
	at com.kms.katalon.core.keyword.internal.KeywordMain.runKeyword(KeywordMain.groovy:68)&#xD;
	at com.kms.katalon.core.keyword.builtin.CallTestCaseKeyword.callTestCase(CallTestCaseKeyword.groovy:81)&#xD;
	at com.kms.katalon.core.keyword.builtin.CallTestCaseKeyword.execute(CallTestCaseKeyword.groovy:44)&#xD;
	at com.kms.katalon.core.keyword.internal.KeywordExecutor.executeKeywordForPlatform(KeywordExecutor.groovy:56)&#xD;
	at com.kms.katalon.core.keyword.BuiltinKeywords.callTestCase(BuiltinKeywords.groovy:334)&#xD;
	at AdvantHealth.run(AdvantHealth:35)&#xD;
	at com.kms.katalon.core.main.ScriptEngine.run(ScriptEngine.java:194)&#xD;
	at com.kms.katalon.core.main.ScriptEngine.runScriptAsRawText(ScriptEngine.java:119)&#xD;
	at com.kms.katalon.core.main.TestCaseExecutor.runScript(TestCaseExecutor.java:337)&#xD;
	at com.kms.katalon.core.main.TestCaseExecutor.doExecute(TestCaseExecutor.java:328)&#xD;
	at com.kms.katalon.core.main.TestCaseExecutor.processExecutionPhase(TestCaseExecutor.java:307)&#xD;
	at com.kms.katalon.core.main.TestCaseExecutor.accessMainPhase(TestCaseExecutor.java:299)&#xD;
	at com.kms.katalon.core.main.TestCaseExecutor.execute(TestCaseExecutor.java:233)&#xD;
	at com.kms.katalon.core.main.TestSuiteExecutor.accessTestCaseMainPhase(TestSuiteExecutor.java:133)&#xD;
	at com.kms.katalon.core.main.TestSuiteExecutor.accessTestSuiteMainPhase(TestSuiteExecutor.java:116)&#xD;
	at com.kms.katalon.core.main.TestSuiteExecutor.execute(TestSuiteExecutor.java:83)&#xD;
	at com.kms.katalon.core.main.TestCaseMain.startTestSuite(TestCaseMain.java:157)&#xD;
	at com.kms.katalon.core.main.TestCaseMain$startTestSuite$0.call(Unknown Source)&#xD;
	at TempTestSuite1575621275705.run(TempTestSuite1575621275705.groovy:35)&#xD;
Caused by: com.kms.katalon.core.exception.StepFailedException: Unable to clear text of object 'Object Repository/mobileSanity/STM/Page_App Page 3/input__credit-card-cvv'&#xD;
	at com.kms.katalon.core.webui.keyword.internal.WebUIKeywordMain.stepFailed(WebUIKeywordMain.groovy:64)&#xD;
	at com.kms.katalon.core.webui.keyword.internal.WebUIKeywordMain.runKeyword(WebUIKeywordMain.groovy:42)&#xD;
	at com.kms.katalon.core.webui.keyword.builtin.ClearTextKeyword.clearText(ClearTextKeyword.groovy:61)&#xD;
	at com.kms.katalon.core.webui.keyword.builtin.ClearTextKeyword.execute(ClearTextKeyword.groovy:34)&#xD;
	at com.kms.katalon.core.keyword.internal.KeywordExecutor.executeKeywordForPlatform(KeywordExecutor.groovy:56)&#xD;
	at com.kms.katalon.core.webui.keyword.WebUiBuiltInKeywords.clearText(WebUiBuiltInKeywords.groovy:3817)&#xD;
	at com.kms.katalon.core.webui.keyword.WebUiBuiltInKeywords$clearText$9.call(Unknown Source)&#xD;
	at goToEnd_stm_autofill.run(goToEnd_stm_autofill:71)&#xD;
	at com.kms.katalon.core.main.ScriptEngine.run(ScriptEngine.java:194)&#xD;
	at com.kms.katalon.core.main.ScriptEngine.runScriptAsRawText(ScriptEngine.java:119)&#xD;
	at com.kms.katalon.core.main.TestCaseExecutor.runScript(TestCaseExecutor.java:337)&#xD;
	at com.kms.katalon.core.main.TestCaseExecutor.doExecute(TestCaseExecutor.java:328)&#xD;
	at com.kms.katalon.core.main.TestCaseExecutor.processExecutionPhase(TestCaseExecutor.java:307)&#xD;
	at com.kms.katalon.core.main.TestCaseExecutor.accessMainPhase(TestCaseExecutor.java:299)&#xD;
	at com.kms.katalon.core.main.TestCaseExecutor.execute(TestCaseExecutor.java:233)&#xD;
	at com.kms.katalon.core.main.TestCaseMain.runTestCase(TestCaseMain.java:114)&#xD;
	at com.kms.katalon.core.keyword.builtin.CallTestCaseKeyword$_callTestCase_closure1.doCall(CallTestCaseKeyword.groovy:59)&#xD;
	... 20 more&#xD;
Caused by: com.kms.katalon.core.webui.exception.WebElementNotFoundException: Web element with id: 'Object Repository/mobileSanity/STM/Page_App Page 3/input__credit-card-cvv' located by 'By.xpath: id("credit-card-cvv")[count(. | //input[@type = 'text' and @id = 'credit-card-cvv']) = count(//input[@type = 'text' and @id = 'credit-card-cvv'])]' not found&#xD;
	at com.kms.katalon.core.webui.common.WebUiCommonHelper.findWebElement(WebUiCommonHelper.java:1097)&#xD;
	at com.kms.katalon.core.webui.keyword.internal.WebUIAbstractKeyword.findWebElement(WebUIAbstractKeyword.groovy:27)&#xD;
	at com.kms.katalon.core.webui.keyword.internal.WebUIAbstractKeyword.findWebElement(WebUIAbstractKeyword.groovy:26)&#xD;
	at com.kms.katalon.core.webui.keyword.builtin.ClearTextKeyword$_clearText_closure1.doCall(ClearTextKeyword.groovy:44)&#xD;
	at com.kms.katalon.core.webui.keyword.builtin.ClearTextKeyword$_clearText_closure1.call(ClearTextKeyword.groovy)&#xD;
	at com.kms.katalon.core.webui.keyword.internal.WebUIKeywordMain.runKeyword(WebUIKeywordMain.groovy:33)&#xD;
	... 35 more&#xD;
)</system-out>
            <system-err>2019-12-06 16:43:22 - [TEST_CASE][FAILED] - Test Cases/AHI/stm/AdvantHealth: Test Cases/AHI/stm/AdvantHealth FAILED.
Reason:
com.kms.katalon.core.exception.StepFailedException: Call Test Case 'Test Cases/AHI/_include/goToEnd_stm_autofill' failed&#xD;
	at com.kms.katalon.core.keyword.builtin.CallTestCaseKeyword$_callTestCase_closure1.doCall(CallTestCaseKeyword.groovy:63)&#xD;
	at com.kms.katalon.core.keyword.builtin.CallTestCaseKeyword$_callTestCase_closure1.call(CallTestCaseKeyword.groovy)&#xD;
	at com.kms.katalon.core.keyword.internal.KeywordMain.runKeyword(KeywordMain.groovy:68)&#xD;
	at com.kms.katalon.core.keyword.builtin.CallTestCaseKeyword.callTestCase(CallTestCaseKeyword.groovy:81)&#xD;
	at com.kms.katalon.core.keyword.builtin.CallTestCaseKeyword.execute(CallTestCaseKeyword.groovy:44)&#xD;
	at com.kms.katalon.core.keyword.internal.KeywordExecutor.executeKeywordForPlatform(KeywordExecutor.groovy:56)&#xD;
	at com.kms.katalon.core.keyword.BuiltinKeywords.callTestCase(BuiltinKeywords.groovy:334)&#xD;
	at AdvantHealth.run(AdvantHealth:35)&#xD;
	at com.kms.katalon.core.main.ScriptEngine.run(ScriptEngine.java:194)&#xD;
	at com.kms.katalon.core.main.ScriptEngine.runScriptAsRawText(ScriptEngine.java:119)&#xD;
	at com.kms.katalon.core.main.TestCaseExecutor.runScript(TestCaseExecutor.java:337)&#xD;
	at com.kms.katalon.core.main.TestCaseExecutor.doExecute(TestCaseExecutor.java:328)&#xD;
	at com.kms.katalon.core.main.TestCaseExecutor.processExecutionPhase(TestCaseExecutor.java:307)&#xD;
	at com.kms.katalon.core.main.TestCaseExecutor.accessMainPhase(TestCaseExecutor.java:299)&#xD;
	at com.kms.katalon.core.main.TestCaseExecutor.execute(TestCaseExecutor.java:233)&#xD;
	at com.kms.katalon.core.main.TestSuiteExecutor.accessTestCaseMainPhase(TestSuiteExecutor.java:133)&#xD;
	at com.kms.katalon.core.main.TestSuiteExecutor.accessTestSuiteMainPhase(TestSuiteExecutor.java:116)&#xD;
	at com.kms.katalon.core.main.TestSuiteExecutor.execute(TestSuiteExecutor.java:83)&#xD;
	at com.kms.katalon.core.main.TestCaseMain.startTestSuite(TestCaseMain.java:157)&#xD;
	at com.kms.katalon.core.main.TestCaseMain$startTestSuite$0.call(Unknown Source)&#xD;
	at TempTestSuite1575621275705.run(TempTestSuite1575621275705.groovy:35)&#xD;
Caused by: com.kms.katalon.core.exception.StepFailedException: Unable to clear text of object 'Object Repository/mobileSanity/STM/Page_App Page 3/input__credit-card-cvv'&#xD;
	at com.kms.katalon.core.webui.keyword.internal.WebUIKeywordMain.stepFailed(WebUIKeywordMain.groovy:64)&#xD;
	at com.kms.katalon.core.webui.keyword.internal.WebUIKeywordMain.runKeyword(WebUIKeywordMain.groovy:42)&#xD;
	at com.kms.katalon.core.webui.keyword.builtin.ClearTextKeyword.clearText(ClearTextKeyword.groovy:61)&#xD;
	at com.kms.katalon.core.webui.keyword.builtin.ClearTextKeyword.execute(ClearTextKeyword.groovy:34)&#xD;
	at com.kms.katalon.core.keyword.internal.KeywordExecutor.executeKeywordForPlatform(KeywordExecutor.groovy:56)&#xD;
	at com.kms.katalon.core.webui.keyword.WebUiBuiltInKeywords.clearText(WebUiBuiltInKeywords.groovy:3817)&#xD;
	at com.kms.katalon.core.webui.keyword.WebUiBuiltInKeywords$clearText$9.call(Unknown Source)&#xD;
	at goToEnd_stm_autofill.run(goToEnd_stm_autofill:71)&#xD;
	at com.kms.katalon.core.main.ScriptEngine.run(ScriptEngine.java:194)&#xD;
	at com.kms.katalon.core.main.ScriptEngine.runScriptAsRawText(ScriptEngine.java:119)&#xD;
	at com.kms.katalon.core.main.TestCaseExecutor.runScript(TestCaseExecutor.java:337)&#xD;
	at com.kms.katalon.core.main.TestCaseExecutor.doExecute(TestCaseExecutor.java:328)&#xD;
	at com.kms.katalon.core.main.TestCaseExecutor.processExecutionPhase(TestCaseExecutor.java:307)&#xD;
	at com.kms.katalon.core.main.TestCaseExecutor.accessMainPhase(TestCaseExecutor.java:299)&#xD;
	at com.kms.katalon.core.main.TestCaseExecutor.execute(TestCaseExecutor.java:233)&#xD;
	at com.kms.katalon.core.main.TestCaseMain.runTestCase(TestCaseMain.java:114)&#xD;
	at com.kms.katalon.core.keyword.builtin.CallTestCaseKeyword$_callTestCase_closure1.doCall(CallTestCaseKeyword.groovy:59)&#xD;
	... 20 more&#xD;
Caused by: com.kms.katalon.core.webui.exception.WebElementNotFoundException: Web element with id: 'Object Repository/mobileSanity/STM/Page_App Page 3/input__credit-card-cvv' located by 'By.xpath: id("credit-card-cvv")[count(. | //input[@type = 'text' and @id = 'credit-card-cvv']) = count(//input[@type = 'text' and @id = 'credit-card-cvv'])]' not found&#xD;
	at com.kms.katalon.core.webui.common.WebUiCommonHelper.findWebElement(WebUiCommonHelper.java:1097)&#xD;
	at com.kms.katalon.core.webui.keyword.internal.WebUIAbstractKeyword.findWebElement(WebUIAbstractKeyword.groovy:27)&#xD;
	at com.kms.katalon.core.webui.keyword.internal.WebUIAbstractKeyword.findWebElement(WebUIAbstractKeyword.groovy:26)&#xD;
	at com.kms.katalon.core.webui.keyword.builtin.ClearTextKeyword$_clearText_closure1.doCall(ClearTextKeyword.groovy:44)&#xD;
	at com.kms.katalon.core.webui.keyword.builtin.ClearTextKeyword$_clearText_closure1.call(ClearTextKeyword.groovy)&#xD;
	at com.kms.katalon.core.webui.keyword.internal.WebUIKeywordMain.runKeyword(WebUIKeywordMain.groovy:33)&#xD;
	... 35 more</system-err>
        </testcase>
        <testcase name="Test Cases/AHI/stm/Aspen" classname="Test Cases/AHI/stm/Aspen" status="PASSED">
            <system-out>2019-12-06 16:45:54 - [TEST_CASE][PASSED] - Test Cases/AHI/stm/Aspen: Test Cases/AHI/stm/Aspen&#xD;
&#xD;
2019-12-06 16:45:54 - [TEST_STEP][PASSED] - callTestCase(findTestCase("AHI/_include/get_screenPath"), ["productLine":"stm", "carrierName":"Aspen"], CONTINUE_ON_FAILURE): Call Test Case 'Test Cases/AHI/_include/get_screenPath' successfully&#xD;
&#xD;
2019-12-06 16:45:54 - [TEST_CASE][PASSED] - Test Cases/AHI/_include/get_screenPath: Test Cases/AHI/_include/get_screenPath&#xD;
&#xD;
2019-12-06 16:45:54 - [TEST_STEP][PASSED] - m = getExecutionProperties(): null&#xD;
&#xD;
2019-12-06 16:45:54 - [TEST_STEP][PASSED] - deviceName = get("mobileEmulation").get("deviceName"): null&#xD;
&#xD;
2019-12-06 16:45:54 - [TEST_STEP][PASSED] - println(deviceName): null&#xD;
&#xD;
2019-12-06 16:45:54 - [TEST_STEP][PASSED] - now = new java.util.Date(): null&#xD;
&#xD;
2019-12-06 16:45:54 - [TEST_STEP][PASSED] - mydate = now.format("yyyyMMdd_HHmmss"): null&#xD;
&#xD;
2019-12-06 16:45:54 - [TEST_STEP][PASSED] - screenPath = "../Screenshots/": null&#xD;
&#xD;
2019-12-06 16:45:54 - [TEST_STEP][PASSED] - screenPath = screenPath + deviceName + "/" + productLine + "/" + carrierName + "/" + mydate + "/": null&#xD;
&#xD;
2019-12-06 16:45:54 - [TEST_STEP][PASSED] - println(screenPath): null&#xD;
&#xD;
2019-12-06 16:45:54 - [MESSAGE][PASSED] - Call Test Case 'Test Cases/AHI/_include/get_screenPath' successfully&#xD;
&#xD;
2019-12-06 16:45:54 - [TEST_STEP][PASSED] - i = 0: null&#xD;
&#xD;
2019-12-06 16:45:54 - [TEST_STEP][PASSED] - callTestCase(findTestCase("AHI/_include/openWebSite"), [:], STOP_ON_FAILURE): Call Test Case 'Test Cases/AHI/_include/openWebSite' successfully&#xD;
&#xD;
2019-12-06 16:45:54 - [TEST_CASE][PASSED] - Test Cases/AHI/_include/openWebSite: Test Cases/AHI/_include/openWebSite&#xD;
&#xD;
2019-12-06 16:45:54 - [TEST_STEP][PASSED] - openBrowser(env): Browser is opened with url: 'https://praetemptatus.agilehealthinsurance.com'&#xD;
&#xD;
2019-12-06 16:45:54 - [MESSAGE][WARNING] - A browser is already opened. Closing browser and opening a new one&#xD;
&#xD;
2019-12-06 16:45:56 - [MESSAGE][INFO] - Starting 'Chrome' driver&#xD;
&#xD;
2019-12-06 16:45:56 - [MESSAGE][INFO] - User set preference: ['mobileEmulation', '{deviceName=iPhone 6}']&#xD;
&#xD;
2019-12-06 16:45:56 - [MESSAGE][INFO] - User set preference: ['args', '[--incognito, --aggressive-cache-discard, --window-size=375,677, --no-sandbox]']&#xD;
&#xD;
2019-12-06 16:46:09 - [MESSAGE][PASSED] - Browser is opened with url: 'https://praetemptatus.agilehealthinsurance.com'&#xD;
&#xD;
2019-12-06 16:46:09 - [TEST_STEP][PASSED] - waitForPageLoad(20): Wait for page load successfully&#xD;
&#xD;
2019-12-06 16:46:09 - [MESSAGE][PASSED] - Wait for page load successfully&#xD;
&#xD;
2019-12-06 16:46:09 - [TEST_STEP][PASSED] - callTestCase(findTestCase("AHI/_include/get_screenshot"), [:], STOP_ON_FAILURE): Call Test Case 'Test Cases/AHI/_include/get_screenshot' successfully&#xD;
&#xD;
2019-12-06 16:46:09 - [TEST_CASE][PASSED] - Test Cases/AHI/_include/get_screenshot: Test Cases/AHI/_include/get_screenshot&#xD;
&#xD;
2019-12-06 16:46:09 - [TEST_STEP][PASSED] - takeScreenshot(screenPath + i + ".png"): Taking screenshot successfully&#xD;
&#xD;
2019-12-06 16:46:11 - [MESSAGE][PASSED] - Taking screenshot successfully&#xD;
[[ATTACHMENT|D:\\Test\\AgileTest\\AgileTest\\Reports\\AHI\\stm\\20191206_163435\\../Screenshots/iPhone 6/stm/Aspen/20191206_164554/0.png]]&#xD;
&#xD;
2019-12-06 16:46:11 - [TEST_STEP][PASSED] - (internal.GlobalVariable.i++): null&#xD;
&#xD;
2019-12-06 16:46:12 - [MESSAGE][PASSED] - Call Test Case 'Test Cases/AHI/_include/get_screenshot' successfully&#xD;
&#xD;
2019-12-06 16:46:12 - [MESSAGE][PASSED] - Call Test Case 'Test Cases/AHI/_include/openWebSite' successfully&#xD;
&#xD;
2019-12-06 16:46:12 - [TEST_STEP][PASSED] - callTestCase(findTestCase("AHI/_include/census_stm"), ["zipcode":"60602"], STOP_ON_FAILURE): Call Test Case 'Test Cases/AHI/_include/census_stm' successfully&#xD;
&#xD;
2019-12-06 16:46:12 - [TEST_CASE][PASSED] - Test Cases/AHI/_include/census_stm: Test Cases/AHI/_include/census_stm&#xD;
&#xD;
2019-12-06 16:46:12 - [TEST_STEP][PASSED] - waitForElementClickable(findTestObject("mobileSanity/STM/Home Page/a_Quote  Save Today"), 10): Object 'Object Repository/mobileSanity/STM/Home Page/a_Quote  Save Today' is clickable&#xD;
&#xD;
2019-12-06 16:46:12 - [MESSAGE][PASSED] - Object 'Object Repository/mobileSanity/STM/Home Page/a_Quote  Save Today' is clickable&#xD;
&#xD;
2019-12-06 16:46:12 - [TEST_STEP][PASSED] - click(findTestObject("mobileSanity/STM/Home Page/a_Quote  Save Today")): Object: 'Object Repository/mobileSanity/STM/Home Page/a_Quote  Save Today' is clicked on&#xD;
&#xD;
2019-12-06 16:46:14 - [MESSAGE][PASSED] - Object: 'Object Repository/mobileSanity/STM/Home Page/a_Quote  Save Today' is clicked on&#xD;
&#xD;
2019-12-06 16:46:14 - [TEST_STEP][PASSED] - waitForPageLoad(10): Wait for page load successfully&#xD;
&#xD;
2019-12-06 16:46:14 - [MESSAGE][PASSED] - Wait for page load successfully&#xD;
&#xD;
2019-12-06 16:46:14 - [TEST_STEP][PASSED] - callTestCase(findTestCase("AHI/_include/get_screenshot"), [:], STOP_ON_FAILURE): Call Test Case 'Test Cases/AHI/_include/get_screenshot' successfully&#xD;
&#xD;
2019-12-06 16:46:15 - [TEST_CASE][PASSED] - Test Cases/AHI/_include/get_screenshot: Test Cases/AHI/_include/get_screenshot&#xD;
&#xD;
2019-12-06 16:46:15 - [TEST_STEP][PASSED] - takeScreenshot(screenPath + i + ".png"): Taking screenshot successfully&#xD;
&#xD;
2019-12-06 16:46:19 - [MESSAGE][PASSED] - Taking screenshot successfully&#xD;
[[ATTACHMENT|D:\\Test\\AgileTest\\AgileTest\\Reports\\AHI\\stm\\20191206_163435\\../Screenshots/iPhone 6/stm/Aspen/20191206_164554/1.png]]&#xD;
&#xD;
2019-12-06 16:46:19 - [TEST_STEP][PASSED] - (internal.GlobalVariable.i++): null&#xD;
&#xD;
2019-12-06 16:46:19 - [MESSAGE][PASSED] - Call Test Case 'Test Cases/AHI/_include/get_screenshot' successfully&#xD;
&#xD;
2019-12-06 16:46:19 - [TEST_STEP][PASSED] - setText(findTestObject("mobileSanity/STM/STM Census Page/input_Location_zip-input"), zipcode): Text '60602' is set on object 'Object Repository/mobileSanity/STM/STM Census Page/input_Location_zip-input'&#xD;
&#xD;
2019-12-06 16:46:19 - [MESSAGE][PASSED] - Text '60602' is set on object 'Object Repository/mobileSanity/STM/STM Census Page/input_Location_zip-input'&#xD;
&#xD;
2019-12-06 16:46:19 - [TEST_STEP][PASSED] - Thread.sleep(500): null&#xD;
&#xD;
2019-12-06 16:46:20 - [TEST_STEP][PASSED] - setText(findTestObject("mobileSanity/STM/STM Census Page/input_Date of Birth_dob-0"), "03031987"): Text '03031987' is set on object 'Object Repository/mobileSanity/STM/STM Census Page/input_Date of Birth_dob-0'&#xD;
&#xD;
2019-12-06 16:46:20 - [MESSAGE][PASSED] - Text '03031987' is set on object 'Object Repository/mobileSanity/STM/STM Census Page/input_Date of Birth_dob-0'&#xD;
&#xD;
2019-12-06 16:46:20 - [TEST_STEP][PASSED] - click(findTestObject("mobileSanity/STM/STM Census Page/label_Male")): Object: 'Object Repository/mobileSanity/STM/STM Census Page/label_Male' is clicked on&#xD;
&#xD;
2019-12-06 16:46:20 - [MESSAGE][PASSED] - Object: 'Object Repository/mobileSanity/STM/STM Census Page/label_Male' is clicked on&#xD;
&#xD;
2019-12-06 16:46:20 - [TEST_STEP][PASSED] - click(findTestObject("mobileSanity/STM/STM Census Page/label_Compare Plans")): Object: 'Object Repository/mobileSanity/STM/STM Census Page/label_Compare Plans' is clicked on&#xD;
&#xD;
2019-12-06 16:46:25 - [MESSAGE][PASSED] - Object: 'Object Repository/mobileSanity/STM/STM Census Page/label_Compare Plans' is clicked on&#xD;
&#xD;
2019-12-06 16:46:25 - [TEST_STEP][PASSED] - waitForElementVisible(findTestObject("mobileSanity/STM/STM Quote Page/button_sort"), 20): Object 'Object Repository/mobileSanity/STM/STM Quote Page/button_sort' is visible&#xD;
&#xD;
2019-12-06 16:46:29 - [MESSAGE][PASSED] - Object 'Object Repository/mobileSanity/STM/STM Quote Page/button_sort' is visible&#xD;
&#xD;
2019-12-06 16:46:29 - [TEST_STEP][PASSED] - Thread.sleep(3000): null&#xD;
&#xD;
2019-12-06 16:46:32 - [TEST_STEP][PASSED] - callTestCase(findTestCase("AHI/_include/check_quoteleadform"), [:], STOP_ON_FAILURE): Call Test Case 'Test Cases/AHI/_include/check_quoteleadform' successfully&#xD;
&#xD;
2019-12-06 16:46:32 - [TEST_CASE][PASSED] - Test Cases/AHI/_include/check_quoteleadform: Test Cases/AHI/_include/check_quoteleadform&#xD;
&#xD;
2019-12-06 16:46:32 - [TEST_STEP][PASSED] - callTestCase(findTestCase("AHI/_include/name"), [:], CONTINUE_ON_FAILURE): Call Test Case 'Test Cases/AHI/_include/name' successfully&#xD;
&#xD;
2019-12-06 16:46:32 - [TEST_CASE][PASSED] - Test Cases/AHI/_include/name: Test Cases/AHI/_include/name&#xD;
&#xD;
2019-12-06 16:46:32 - [TEST_STEP][PASSED] - driver = getWebDriver(): null&#xD;
&#xD;
2019-12-06 16:46:32 - [TEST_STEP][PASSED] - selenium = new com.thoughtworks.selenium.webdriven.WebDriverBackedSelenium(driver, internal.GlobalVariable.ENV): null&#xD;
&#xD;
2019-12-06 16:46:32 - [TEST_STEP][PASSED] - FirstName = "Test-123": null&#xD;
&#xD;
2019-12-06 16:46:32 - [TEST_STEP][PASSED] - LastName = selenium.getEval("{var x="ABCDEFGHIJKLMNOPQRSTUVWXYZabcdefghijklmnopqrstuvwxyz"; var tmp="ZZ11-"; for (i=0;i&lt;8;i++) tmp+=x.charAt(Math.ceil(51*Math.random()));tmp;}"): null&#xD;
&#xD;
2019-12-06 16:46:32 - [TEST_STEP][PASSED] - Address = selenium.getEval("{var x="ABCDEFGHIJKLMNOPQRSTUVWXYZabcdefghijklmnopqrstuvwxyz"; var tmp=""; for (i=0;i&lt;8;i++) tmp+=x.charAt(Math.ceil(51*Math.random()));tmp;}"): null&#xD;
&#xD;
2019-12-06 16:46:32 - [TEST_STEP][PASSED] - City = selenium.getEval("{var x="ABCDEFGHIJKLMNOPQRSTUVWXYZabcdefghijklmnopqrstuvwxyz"; var tmp=""; for (i=0;i&lt;8;i++) tmp+=x.charAt(Math.ceil(51*Math.random()));tmp;}"): null&#xD;
&#xD;
2019-12-06 16:46:32 - [TEST_STEP][PASSED] - tel1 = selenium.getEval("{var x="123456789"; var tmp=""; for (i=0;i&lt;3;i++) tmp+=x.charAt(Math.ceil(8*Math.random()));tmp;}"): null&#xD;
&#xD;
2019-12-06 16:46:32 - [TEST_STEP][PASSED] - tel2 = selenium.getEval("{var x="123456789"; var tmp=""; for (i=0;i&lt;3;i++) tmp+=x.charAt(Math.ceil(8*Math.random()));tmp;}"): null&#xD;
&#xD;
2019-12-06 16:46:32 - [TEST_STEP][PASSED] - tel3 = selenium.getEval("{var x="123456789"; var tmp=""; for (i=0;i&lt;4;i++) tmp+=x.charAt(Math.ceil(8*Math.random()));tmp;}"): null&#xD;
&#xD;
2019-12-06 16:46:32 - [TEST_STEP][PASSED] - Tel = selenium.getExpression(tel1 + "-" + tel2 + "-" + tel3): null&#xD;
&#xD;
2019-12-06 16:46:32 - [TEST_STEP][PASSED] - AutoEmail = selenium.getEval("{var x="ABCDEFGHIJKLMNOPQRSTUVWXYZabcdefghijklmnopqrstuvwxyz"; var tmp="test."; for (i=0;i&lt;8;i++) tmp+=x.charAt(Math.ceil(51*Math.random()));tmp+="@suryani.cn";}"): null&#xD;
&#xD;
2019-12-06 16:46:33 - [TEST_STEP][PASSED] - FirstName = FirstName: null&#xD;
&#xD;
2019-12-06 16:46:33 - [TEST_STEP][PASSED] - LastName = LastName: null&#xD;
&#xD;
2019-12-06 16:46:33 - [TEST_STEP][PASSED] - Address = Address: null&#xD;
&#xD;
2019-12-06 16:46:33 - [TEST_STEP][PASSED] - City = City: null&#xD;
&#xD;
2019-12-06 16:46:33 - [TEST_STEP][PASSED] - Tel = Tel: null&#xD;
&#xD;
2019-12-06 16:46:33 - [TEST_STEP][PASSED] - AutoEmail = AutoEmail: null&#xD;
&#xD;
2019-12-06 16:46:33 - [TEST_STEP][PASSED] - println(FirstName): null&#xD;
&#xD;
2019-12-06 16:46:33 - [TEST_STEP][PASSED] - println(LastName): null&#xD;
&#xD;
2019-12-06 16:46:33 - [TEST_STEP][PASSED] - println(Address): null&#xD;
&#xD;
2019-12-06 16:46:33 - [TEST_STEP][PASSED] - println(City): null&#xD;
&#xD;
2019-12-06 16:46:33 - [TEST_STEP][PASSED] - println(Tel): null&#xD;
&#xD;
2019-12-06 16:46:33 - [TEST_STEP][PASSED] - println(AutoEmail): null&#xD;
&#xD;
2019-12-06 16:46:33 - [MESSAGE][PASSED] - Call Test Case 'Test Cases/AHI/_include/name' successfully&#xD;
&#xD;
2019-12-06 16:46:33 - [TEST_STEP][PASSED] - leadform_exist = test.MobileKeywords.isElementPresent_Web(findTestObject("mobileSanity/quote lead form/lead_form"), 20): test.MobileKeywords.isElementPresent_Web is PASSED&#xD;
&#xD;
2019-12-06 16:46:33 - [MESSAGE][PASSED] - test.MobileKeywords.isElementPresent_Web is PASSED&#xD;
&#xD;
2019-12-06 16:46:33 - [TEST_STEP][PASSED] - if (leadform_exist): null&#xD;
&#xD;
2019-12-06 16:46:33 - [TEST_STEP][PASSED] - setText(findTestObject("mobileSanity/quote lead form/first"), FirstName): Text 'Test-123' is set on object 'Object Repository/mobileSanity/quote lead form/first'&#xD;
&#xD;
2019-12-06 16:46:33 - [MESSAGE][PASSED] - Text 'Test-123' is set on object 'Object Repository/mobileSanity/quote lead form/first'&#xD;
&#xD;
2019-12-06 16:46:33 - [TEST_STEP][PASSED] - setText(findTestObject("mobileSanity/quote lead form/last"), LastName): Text 'ZZ11-EsYikBhL' is set on object 'Object Repository/mobileSanity/quote lead form/last'&#xD;
&#xD;
2019-12-06 16:46:34 - [MESSAGE][PASSED] - Text 'ZZ11-EsYikBhL' is set on object 'Object Repository/mobileSanity/quote lead form/last'&#xD;
&#xD;
2019-12-06 16:46:34 - [TEST_STEP][PASSED] - setText(findTestObject("mobileSanity/quote lead form/email"), AutoEmail): Text 'test.EdiCrDSU@suryani.cn' is set on object 'Object Repository/mobileSanity/quote lead form/email'&#xD;
&#xD;
2019-12-06 16:46:34 - [MESSAGE][PASSED] - Text 'test.EdiCrDSU@suryani.cn' is set on object 'Object Repository/mobileSanity/quote lead form/email'&#xD;
&#xD;
2019-12-06 16:46:34 - [TEST_STEP][PASSED] - setText(findTestObject("mobileSanity/quote lead form/phone"), Tel): Text '984-666-4649' is set on object 'Object Repository/mobileSanity/quote lead form/phone'&#xD;
&#xD;
2019-12-06 16:46:35 - [MESSAGE][PASSED] - Text '984-666-4649' is set on object 'Object Repository/mobileSanity/quote lead form/phone'&#xD;
&#xD;
2019-12-06 16:46:35 - [TEST_STEP][PASSED] - click(findTestObject("mobileSanity/quote lead form/submit")): Object: 'Object Repository/mobileSanity/quote lead form/submit' is clicked on&#xD;
&#xD;
2019-12-06 16:46:35 - [MESSAGE][PASSED] - Object: 'Object Repository/mobileSanity/quote lead form/submit' is clicked on&#xD;
&#xD;
2019-12-06 16:46:35 - [TEST_STEP][PASSED] - Thread.sleep(3000): null&#xD;
&#xD;
2019-12-06 16:46:38 - [MESSAGE][PASSED] - Call Test Case 'Test Cases/AHI/_include/check_quoteleadform' successfully&#xD;
&#xD;
2019-12-06 16:46:38 - [TEST_STEP][PASSED] - callTestCase(findTestCase("AHI/_include/get_screenshot"), [:], STOP_ON_FAILURE): Call Test Case 'Test Cases/AHI/_include/get_screenshot' successfully&#xD;
&#xD;
2019-12-06 16:46:38 - [TEST_CASE][PASSED] - Test Cases/AHI/_include/get_screenshot: Test Cases/AHI/_include/get_screenshot&#xD;
&#xD;
2019-12-06 16:46:38 - [TEST_STEP][PASSED] - takeScreenshot(screenPath + i + ".png"): Taking screenshot successfully&#xD;
&#xD;
2019-12-06 16:46:38 - [MESSAGE][PASSED] - Taking screenshot successfully&#xD;
[[ATTACHMENT|D:\\Test\\AgileTest\\AgileTest\\Reports\\AHI\\stm\\20191206_163435\\../Screenshots/iPhone 6/stm/Aspen/20191206_164554/2.png]]&#xD;
&#xD;
2019-12-06 16:46:38 - [TEST_STEP][PASSED] - (internal.GlobalVariable.i++): null&#xD;
&#xD;
2019-12-06 16:46:38 - [MESSAGE][PASSED] - Call Test Case 'Test Cases/AHI/_include/get_screenshot' successfully&#xD;
&#xD;
2019-12-06 16:46:38 - [TEST_STEP][PASSED] - Thread.sleep(1000): null&#xD;
&#xD;
2019-12-06 16:46:39 - [MESSAGE][PASSED] - Call Test Case 'Test Cases/AHI/_include/census_stm' successfully&#xD;
&#xD;
2019-12-06 16:46:39 - [TEST_STEP][PASSED] - callTestCase(findTestCase("AHI/_include/filter_stm"), ["carrier":"aspen"], STOP_ON_FAILURE): Call Test Case 'Test Cases/AHI/_include/filter_stm' successfully&#xD;
&#xD;
2019-12-06 16:46:40 - [TEST_CASE][PASSED] - Test Cases/AHI/_include/filter_stm: Test Cases/AHI/_include/filter_stm&#xD;
&#xD;
2019-12-06 16:46:40 - [TEST_STEP][PASSED] - driver = getWebDriver(): null&#xD;
&#xD;
2019-12-06 16:46:40 - [TEST_STEP][PASSED] - selenium = new com.thoughtworks.selenium.webdriven.WebDriverBackedSelenium(driver, internal.GlobalVariable.ENV): null&#xD;
&#xD;
2019-12-06 16:46:40 - [TEST_STEP][PASSED] - Thread.sleep(1000): null&#xD;
&#xD;
2019-12-06 16:46:41 - [TEST_STEP][PASSED] - click(findTestObject("mobileSanity/STM/STM Quote Page/button_filters")): Object: 'Object Repository/mobileSanity/STM/STM Quote Page/button_filters' is clicked on&#xD;
&#xD;
2019-12-06 16:46:41 - [MESSAGE][PASSED] - Object: 'Object Repository/mobileSanity/STM/STM Quote Page/button_filters' is clicked on&#xD;
&#xD;
2019-12-06 16:46:41 - [TEST_STEP][PASSED] - Thread.sleep(1000): null&#xD;
&#xD;
2019-12-06 16:46:42 - [TEST_STEP][PASSED] - click(findTestObject("mobileSanity/STM/STM Quote Page/i_Insurance company")): Object: 'Object Repository/mobileSanity/STM/STM Quote Page/i_Insurance company' is clicked on&#xD;
&#xD;
2019-12-06 16:46:42 - [MESSAGE][PASSED] - Object: 'Object Repository/mobileSanity/STM/STM Quote Page/i_Insurance company' is clicked on&#xD;
&#xD;
2019-12-06 16:46:42 - [TEST_STEP][PASSED] - Thread.sleep(1000): null&#xD;
&#xD;
2019-12-06 16:46:43 - [TEST_STEP][PASSED] - filter_carrier = "//input[@name='filter[carrier]' and @value='" + carrier + "']/following::label": null&#xD;
&#xD;
2019-12-06 16:46:43 - [TEST_STEP][PASSED] - println(filter_carrier): null&#xD;
&#xD;
2019-12-06 16:46:43 - [TEST_STEP][PASSED] - test.MobileKeywords.clickJS_ByXpath(filter_carrier): test.MobileKeywords.clickJS_ByXpath is PASSED&#xD;
&#xD;
2019-12-06 16:46:44 - [MESSAGE][PASSED] - Execute JavaScript 'arguments[0].click()' successfully&#xD;
&#xD;
2019-12-06 16:46:44 - [MESSAGE][PASSED] - test.MobileKeywords.clickJS_ByXpath is PASSED&#xD;
&#xD;
2019-12-06 16:46:44 - [TEST_STEP][PASSED] - click(findTestObject("mobileSanity/STM/STM Quote Page/js-close c-link-button")): Object: 'Object Repository/mobileSanity/STM/STM Quote Page/js-close c-link-button' is clicked on&#xD;
&#xD;
2019-12-06 16:46:44 - [MESSAGE][PASSED] - Object: 'Object Repository/mobileSanity/STM/STM Quote Page/js-close c-link-button' is clicked on&#xD;
&#xD;
2019-12-06 16:46:44 - [TEST_STEP][PASSED] - Thread.sleep(2000): null&#xD;
&#xD;
2019-12-06 16:46:46 - [TEST_STEP][PASSED] - callTestCase(findTestCase("AHI/_include/get_screenshot"), [:], STOP_ON_FAILURE): Call Test Case 'Test Cases/AHI/_include/get_screenshot' successfully&#xD;
&#xD;
2019-12-06 16:46:46 - [TEST_CASE][PASSED] - Test Cases/AHI/_include/get_screenshot: Test Cases/AHI/_include/get_screenshot&#xD;
&#xD;
2019-12-06 16:46:46 - [TEST_STEP][PASSED] - takeScreenshot(screenPath + i + ".png"): Taking screenshot successfully&#xD;
&#xD;
2019-12-06 16:46:47 - [MESSAGE][PASSED] - Taking screenshot successfully&#xD;
[[ATTACHMENT|D:\\Test\\AgileTest\\AgileTest\\Reports\\AHI\\stm\\20191206_163435\\../Screenshots/iPhone 6/stm/Aspen/20191206_164554/3.png]]&#xD;
&#xD;
2019-12-06 16:46:47 - [TEST_STEP][PASSED] - (internal.GlobalVariable.i++): null&#xD;
&#xD;
2019-12-06 16:46:47 - [MESSAGE][PASSED] - Call Test Case 'Test Cases/AHI/_include/get_screenshot' successfully&#xD;
&#xD;
2019-12-06 16:46:47 - [MESSAGE][PASSED] - Call Test Case 'Test Cases/AHI/_include/filter_stm' successfully&#xD;
&#xD;
2019-12-06 16:46:47 - [TEST_STEP][PASSED] - callTestCase(findTestCase("AHI/_include/goToDetail_stm"), ["carrier":"aspen"], STOP_ON_FAILURE): Call Test Case 'Test Cases/AHI/_include/goToDetail_stm' successfully&#xD;
&#xD;
2019-12-06 16:46:47 - [TEST_CASE][PASSED] - Test Cases/AHI/_include/goToDetail_stm: Test Cases/AHI/_include/goToDetail_stm&#xD;
&#xD;
2019-12-06 16:46:47 - [TEST_STEP][PASSED] - driver = getWebDriver(): null&#xD;
&#xD;
2019-12-06 16:46:47 - [TEST_STEP][PASSED] - selenium = new com.thoughtworks.selenium.webdriven.WebDriverBackedSelenium(driver, internal.GlobalVariable.ENV): null&#xD;
&#xD;
2019-12-06 16:46:47 - [TEST_STEP][PASSED] - a_plan_name = "xpath=//a[contains(@href,'/term-health-insurance/plan/" + carrier + "')]": null&#xD;
&#xD;
2019-12-06 16:46:47 - [TEST_STEP][PASSED] - println(a_plan_name): null&#xD;
&#xD;
2019-12-06 16:46:47 - [TEST_STEP][PASSED] - selenium.click(a_plan_name): null&#xD;
&#xD;
2019-12-06 16:46:50 - [TEST_STEP][PASSED] - waitForPageLoad(20): Wait for page load successfully&#xD;
&#xD;
2019-12-06 16:46:50 - [MESSAGE][PASSED] - Wait for page load successfully&#xD;
&#xD;
2019-12-06 16:46:50 - [TEST_STEP][PASSED] - Thread.sleep(2000): null&#xD;
&#xD;
2019-12-06 16:46:52 - [TEST_STEP][PASSED] - callTestCase(findTestCase("AHI/_include/get_screenshot"), [:], STOP_ON_FAILURE): Call Test Case 'Test Cases/AHI/_include/get_screenshot' successfully&#xD;
&#xD;
2019-12-06 16:46:52 - [TEST_CASE][PASSED] - Test Cases/AHI/_include/get_screenshot: Test Cases/AHI/_include/get_screenshot&#xD;
&#xD;
2019-12-06 16:46:52 - [TEST_STEP][PASSED] - takeScreenshot(screenPath + i + ".png"): Taking screenshot successfully&#xD;
&#xD;
2019-12-06 16:46:53 - [MESSAGE][PASSED] - Taking screenshot successfully&#xD;
[[ATTACHMENT|D:\\Test\\AgileTest\\AgileTest\\Reports\\AHI\\stm\\20191206_163435\\../Screenshots/iPhone 6/stm/Aspen/20191206_164554/4.png]]&#xD;
&#xD;
2019-12-06 16:46:53 - [TEST_STEP][PASSED] - (internal.GlobalVariable.i++): null&#xD;
&#xD;
2019-12-06 16:46:53 - [MESSAGE][PASSED] - Call Test Case 'Test Cases/AHI/_include/get_screenshot' successfully&#xD;
&#xD;
2019-12-06 16:46:53 - [MESSAGE][PASSED] - Call Test Case 'Test Cases/AHI/_include/goToDetail_stm' successfully&#xD;
&#xD;
2019-12-06 16:46:53 - [TEST_STEP][PASSED] - callTestCase(findTestCase("AHI/_include/apply_stm"), [:], STOP_ON_FAILURE): Call Test Case 'Test Cases/AHI/_include/apply_stm' successfully&#xD;
&#xD;
2019-12-06 16:46:53 - [TEST_CASE][PASSED] - Test Cases/AHI/_include/apply_stm: Test Cases/AHI/_include/apply_stm&#xD;
&#xD;
2019-12-06 16:46:53 - [TEST_STEP][PASSED] - waitForElementVisible(findTestObject("mobileSanity/STM/STM PlanDetail Page/a_Apply for This Plan"), 5): Object 'Object Repository/mobileSanity/STM/STM PlanDetail Page/a_Apply for This Plan' is visible&#xD;
&#xD;
2019-12-06 16:46:53 - [MESSAGE][PASSED] - Object 'Object Repository/mobileSanity/STM/STM PlanDetail Page/a_Apply for This Plan' is visible&#xD;
&#xD;
2019-12-06 16:46:53 - [TEST_STEP][PASSED] - click(findTestObject("mobileSanity/STM/STM PlanDetail Page/a_Apply for This Plan")): Object: 'Object Repository/mobileSanity/STM/STM PlanDetail Page/a_Apply for This Plan' is clicked on&#xD;
&#xD;
2019-12-06 16:46:56 - [MESSAGE][PASSED] - Object: 'Object Repository/mobileSanity/STM/STM PlanDetail Page/a_Apply for This Plan' is clicked on&#xD;
&#xD;
2019-12-06 16:46:56 - [TEST_STEP][PASSED] - waitForPageLoad(10): Wait for page load successfully&#xD;
&#xD;
2019-12-06 16:46:56 - [MESSAGE][PASSED] - Wait for page load successfully&#xD;
&#xD;
2019-12-06 16:46:56 - [TEST_STEP][PASSED] - Thread.sleep(2000): null&#xD;
&#xD;
2019-12-06 16:46:58 - [TEST_STEP][PASSED] - callTestCase(findTestCase("AHI/_include/get_screenshot"), [:], STOP_ON_FAILURE): Call Test Case 'Test Cases/AHI/_include/get_screenshot' successfully&#xD;
&#xD;
2019-12-06 16:46:58 - [TEST_CASE][PASSED] - Test Cases/AHI/_include/get_screenshot: Test Cases/AHI/_include/get_screenshot&#xD;
&#xD;
2019-12-06 16:46:58 - [TEST_STEP][PASSED] - takeScreenshot(screenPath + i + ".png"): Taking screenshot successfully&#xD;
&#xD;
2019-12-06 16:46:58 - [MESSAGE][PASSED] - Taking screenshot successfully&#xD;
[[ATTACHMENT|D:\\Test\\AgileTest\\AgileTest\\Reports\\AHI\\stm\\20191206_163435\\../Screenshots/iPhone 6/stm/Aspen/20191206_164554/5.png]]&#xD;
&#xD;
2019-12-06 16:46:58 - [TEST_STEP][PASSED] - (internal.GlobalVariable.i++): null&#xD;
&#xD;
2019-12-06 16:46:58 - [MESSAGE][PASSED] - Call Test Case 'Test Cases/AHI/_include/get_screenshot' successfully&#xD;
&#xD;
2019-12-06 16:46:58 - [TEST_STEP][PASSED] - waitForElementVisible(findTestObject("mobileSanity/STM/STM Apply Page/a_Start Secure Application"), 5): Object 'Object Repository/mobileSanity/STM/STM Apply Page/a_Start Secure Application' is visible&#xD;
&#xD;
2019-12-06 16:46:58 - [MESSAGE][PASSED] - Object 'Object Repository/mobileSanity/STM/STM Apply Page/a_Start Secure Application' is visible&#xD;
&#xD;
2019-12-06 16:46:58 - [TEST_STEP][PASSED] - click(findTestObject("mobileSanity/STM/STM Apply Page/a_Start Secure Application")): Object: 'Object Repository/mobileSanity/STM/STM Apply Page/a_Start Secure Application' is clicked on&#xD;
&#xD;
2019-12-06 16:46:59 - [MESSAGE][PASSED] - Object: 'Object Repository/mobileSanity/STM/STM Apply Page/a_Start Secure Application' is clicked on&#xD;
&#xD;
2019-12-06 16:46:59 - [TEST_STEP][PASSED] - waitForPageLoad(20): Wait for page load successfully&#xD;
&#xD;
2019-12-06 16:47:00 - [MESSAGE][PASSED] - Wait for page load successfully&#xD;
&#xD;
2019-12-06 16:47:00 - [TEST_STEP][PASSED] - Thread.sleep(2000): null&#xD;
&#xD;
2019-12-06 16:47:02 - [TEST_STEP][PASSED] - callTestCase(findTestCase("AHI/_include/get_screenshot"), [:], STOP_ON_FAILURE): Call Test Case 'Test Cases/AHI/_include/get_screenshot' successfully&#xD;
&#xD;
2019-12-06 16:47:02 - [TEST_CASE][PASSED] - Test Cases/AHI/_include/get_screenshot: Test Cases/AHI/_include/get_screenshot&#xD;
&#xD;
2019-12-06 16:47:02 - [TEST_STEP][PASSED] - takeScreenshot(screenPath + i + ".png"): Taking screenshot successfully&#xD;
&#xD;
2019-12-06 16:47:03 - [MESSAGE][PASSED] - Taking screenshot successfully&#xD;
[[ATTACHMENT|D:\\Test\\AgileTest\\AgileTest\\Reports\\AHI\\stm\\20191206_163435\\../Screenshots/iPhone 6/stm/Aspen/20191206_164554/6.png]]&#xD;
&#xD;
2019-12-06 16:47:03 - [TEST_STEP][PASSED] - (internal.GlobalVariable.i++): null&#xD;
&#xD;
2019-12-06 16:47:03 - [MESSAGE][PASSED] - Call Test Case 'Test Cases/AHI/_include/get_screenshot' successfully&#xD;
&#xD;
2019-12-06 16:47:03 - [MESSAGE][PASSED] - Call Test Case 'Test Cases/AHI/_include/apply_stm' successfully&#xD;
&#xD;
2019-12-06 16:47:03 - [TEST_STEP][PASSED] - callTestCase(findTestCase("AHI/_include/goToEnd_stm_autofill"), [:], STOP_ON_FAILURE): Call Test Case 'Test Cases/AHI/_include/goToEnd_stm_autofill' successfully&#xD;
&#xD;
2019-12-06 16:47:03 - [TEST_CASE][PASSED] - Test Cases/AHI/_include/goToEnd_stm_autofill: Test Cases/AHI/_include/goToEnd_stm_autofill&#xD;
&#xD;
2019-12-06 16:47:03 - [TEST_STEP][PASSED] - callTestCase(findTestCase("AHI/_include/name"), [:], CONTINUE_ON_FAILURE): Call Test Case 'Test Cases/AHI/_include/name' successfully&#xD;
&#xD;
2019-12-06 16:47:03 - [TEST_CASE][PASSED] - Test Cases/AHI/_include/name: Test Cases/AHI/_include/name&#xD;
&#xD;
2019-12-06 16:47:03 - [TEST_STEP][PASSED] - driver = getWebDriver(): null&#xD;
&#xD;
2019-12-06 16:47:03 - [TEST_STEP][PASSED] - selenium = new com.thoughtworks.selenium.webdriven.WebDriverBackedSelenium(driver, internal.GlobalVariable.ENV): null&#xD;
&#xD;
2019-12-06 16:47:03 - [TEST_STEP][PASSED] - FirstName = "Test-123": null&#xD;
&#xD;
2019-12-06 16:47:03 - [TEST_STEP][PASSED] - LastName = selenium.getEval("{var x="ABCDEFGHIJKLMNOPQRSTUVWXYZabcdefghijklmnopqrstuvwxyz"; var tmp="ZZ11-"; for (i=0;i&lt;8;i++) tmp+=x.charAt(Math.ceil(51*Math.random()));tmp;}"): null&#xD;
&#xD;
2019-12-06 16:47:03 - [TEST_STEP][PASSED] - Address = selenium.getEval("{var x="ABCDEFGHIJKLMNOPQRSTUVWXYZabcdefghijklmnopqrstuvwxyz"; var tmp=""; for (i=0;i&lt;8;i++) tmp+=x.charAt(Math.ceil(51*Math.random()));tmp;}"): null&#xD;
&#xD;
2019-12-06 16:47:03 - [TEST_STEP][PASSED] - City = selenium.getEval("{var x="ABCDEFGHIJKLMNOPQRSTUVWXYZabcdefghijklmnopqrstuvwxyz"; var tmp=""; for (i=0;i&lt;8;i++) tmp+=x.charAt(Math.ceil(51*Math.random()));tmp;}"): null&#xD;
&#xD;
2019-12-06 16:47:03 - [TEST_STEP][PASSED] - tel1 = selenium.getEval("{var x="123456789"; var tmp=""; for (i=0;i&lt;3;i++) tmp+=x.charAt(Math.ceil(8*Math.random()));tmp;}"): null&#xD;
&#xD;
2019-12-06 16:47:03 - [TEST_STEP][PASSED] - tel2 = selenium.getEval("{var x="123456789"; var tmp=""; for (i=0;i&lt;3;i++) tmp+=x.charAt(Math.ceil(8*Math.random()));tmp;}"): null&#xD;
&#xD;
2019-12-06 16:47:03 - [TEST_STEP][PASSED] - tel3 = selenium.getEval("{var x="123456789"; var tmp=""; for (i=0;i&lt;4;i++) tmp+=x.charAt(Math.ceil(8*Math.random()));tmp;}"): null&#xD;
&#xD;
2019-12-06 16:47:03 - [TEST_STEP][PASSED] - Tel = selenium.getExpression(tel1 + "-" + tel2 + "-" + tel3): null&#xD;
&#xD;
2019-12-06 16:47:03 - [TEST_STEP][PASSED] - AutoEmail = selenium.getEval("{var x="ABCDEFGHIJKLMNOPQRSTUVWXYZabcdefghijklmnopqrstuvwxyz"; var tmp="test."; for (i=0;i&lt;8;i++) tmp+=x.charAt(Math.ceil(51*Math.random()));tmp+="@suryani.cn";}"): null&#xD;
&#xD;
2019-12-06 16:47:03 - [TEST_STEP][PASSED] - FirstName = FirstName: null&#xD;
&#xD;
2019-12-06 16:47:03 - [TEST_STEP][PASSED] - LastName = LastName: null&#xD;
&#xD;
2019-12-06 16:47:03 - [TEST_STEP][PASSED] - Address = Address: null&#xD;
&#xD;
2019-12-06 16:47:03 - [TEST_STEP][PASSED] - City = City: null&#xD;
&#xD;
2019-12-06 16:47:03 - [TEST_STEP][PASSED] - Tel = Tel: null&#xD;
&#xD;
2019-12-06 16:47:03 - [TEST_STEP][PASSED] - AutoEmail = AutoEmail: null&#xD;
&#xD;
2019-12-06 16:47:03 - [TEST_STEP][PASSED] - println(FirstName): null&#xD;
&#xD;
2019-12-06 16:47:03 - [TEST_STEP][PASSED] - println(LastName): null&#xD;
&#xD;
2019-12-06 16:47:03 - [TEST_STEP][PASSED] - println(Address): null&#xD;
&#xD;
2019-12-06 16:47:03 - [TEST_STEP][PASSED] - println(City): null&#xD;
&#xD;
2019-12-06 16:47:03 - [TEST_STEP][PASSED] - println(Tel): null&#xD;
&#xD;
2019-12-06 16:47:03 - [TEST_STEP][PASSED] - println(AutoEmail): null&#xD;
&#xD;
2019-12-06 16:47:03 - [MESSAGE][PASSED] - Call Test Case 'Test Cases/AHI/_include/name' successfully&#xD;
&#xD;
2019-12-06 16:47:03 - [TEST_STEP][FAILED] - try: Unable to verify text 'Month Duration Acknowledgement' is present  (Root cause: com.kms.katalon.core.exception.StepFailedException: Unable to verify text 'Month Duration Acknowledgement' is present &#xD;
	at com.kms.katalon.core.webui.keyword.internal.WebUIKeywordMain.stepFailed(WebUIKeywordMain.groovy:64)&#xD;
	at com.kms.katalon.core.webui.keyword.internal.WebUIKeywordMain.runKeyword(WebUIKeywordMain.groovy:26)&#xD;
	at com.kms.katalon.core.webui.keyword.builtin.VerifyTextPresentKeyword.verifyTextPresent(VerifyTextPresentKeyword.groovy:83)&#xD;
	at com.kms.katalon.core.webui.keyword.builtin.VerifyTextPresentKeyword.execute(VerifyTextPresentKeyword.groovy:68)&#xD;
	at com.kms.katalon.core.keyword.internal.KeywordExecutor.executeKeywordForPlatform(KeywordExecutor.groovy:56)&#xD;
	at com.kms.katalon.core.webui.keyword.WebUiBuiltInKeywords.verifyTextPresent(WebUiBuiltInKeywords.groovy:1693)&#xD;
	at com.kms.katalon.core.webui.keyword.WebUiBuiltInKeywords$verifyTextPresent$8.call(Unknown Source)&#xD;
	at goToEnd_stm_autofill.run(goToEnd_stm_autofill:19)&#xD;
	at com.kms.katalon.core.main.ScriptEngine.run(ScriptEngine.java:194)&#xD;
	at com.kms.katalon.core.main.ScriptEngine.runScriptAsRawText(ScriptEngine.java:119)&#xD;
	at com.kms.katalon.core.main.TestCaseExecutor.runScript(TestCaseExecutor.java:337)&#xD;
	at com.kms.katalon.core.main.TestCaseExecutor.doExecute(TestCaseExecutor.java:328)&#xD;
	at com.kms.katalon.core.main.TestCaseExecutor.processExecutionPhase(TestCaseExecutor.java:307)&#xD;
	at com.kms.katalon.core.main.TestCaseExecutor.accessMainPhase(TestCaseExecutor.java:299)&#xD;
	at com.kms.katalon.core.main.TestCaseExecutor.execute(TestCaseExecutor.java:233)&#xD;
	at com.kms.katalon.core.main.TestCaseMain.runTestCase(TestCaseMain.java:114)&#xD;
	at com.kms.katalon.core.keyword.builtin.CallTestCaseKeyword$_callTestCase_closure1.doCall(CallTestCaseKeyword.groovy:59)&#xD;
	at com.kms.katalon.core.keyword.builtin.CallTestCaseKeyword$_callTestCase_closure1.call(CallTestCaseKeyword.groovy)&#xD;
	at com.kms.katalon.core.keyword.internal.KeywordMain.runKeyword(KeywordMain.groovy:68)&#xD;
	at com.kms.katalon.core.keyword.builtin.CallTestCaseKeyword.callTestCase(CallTestCaseKeyword.groovy:81)&#xD;
	at com.kms.katalon.core.keyword.builtin.CallTestCaseKeyword.execute(CallTestCaseKeyword.groovy:44)&#xD;
	at com.kms.katalon.core.keyword.internal.KeywordExecutor.executeKeywordForPlatform(KeywordExecutor.groovy:56)&#xD;
	at com.kms.katalon.core.keyword.BuiltinKeywords.callTestCase(BuiltinKeywords.groovy:334)&#xD;
	at Aspen.run(Aspen:31)&#xD;
	at com.kms.katalon.core.main.ScriptEngine.run(ScriptEngine.java:194)&#xD;
	at com.kms.katalon.core.main.ScriptEngine.runScriptAsRawText(ScriptEngine.java:119)&#xD;
	at com.kms.katalon.core.main.TestCaseExecutor.runScript(TestCaseExecutor.java:337)&#xD;
	at com.kms.katalon.core.main.TestCaseExecutor.doExecute(TestCaseExecutor.java:328)&#xD;
	at com.kms.katalon.core.main.TestCaseExecutor.processExecutionPhase(TestCaseExecutor.java:307)&#xD;
	at com.kms.katalon.core.main.TestCaseExecutor.accessMainPhase(TestCaseExecutor.java:299)&#xD;
	at com.kms.katalon.core.main.TestCaseExecutor.execute(TestCaseExecutor.java:233)&#xD;
	at com.kms.katalon.core.main.TestSuiteExecutor.accessTestCaseMainPhase(TestSuiteExecutor.java:133)&#xD;
	at com.kms.katalon.core.main.TestSuiteExecutor.accessTestSuiteMainPhase(TestSuiteExecutor.java:116)&#xD;
	at com.kms.katalon.core.main.TestSuiteExecutor.execute(TestSuiteExecutor.java:83)&#xD;
	at com.kms.katalon.core.main.TestCaseMain.startTestSuite(TestCaseMain.java:157)&#xD;
	at com.kms.katalon.core.main.TestCaseMain$startTestSuite$0.call(Unknown Source)&#xD;
	at TempTestSuite1575621275705.run(TempTestSuite1575621275705.groovy:35)&#xD;
Caused by: com.kms.katalon.core.exception.StepFailedException: Text 'Month Duration Acknowledgement' is not present on page &#xD;
	at com.kms.katalon.core.webui.keyword.internal.WebUIKeywordMain.stepFailed(WebUIKeywordMain.groovy:64)&#xD;
	at com.kms.katalon.core.webui.keyword.builtin.VerifyTextPresentKeyword$_verifyTextPresent_closure1.doCall(VerifyTextPresentKeyword.groovy:79)&#xD;
	at com.kms.katalon.core.webui.keyword.builtin.VerifyTextPresentKeyword$_verifyTextPresent_closure1.call(VerifyTextPresentKeyword.groovy)&#xD;
	at com.kms.katalon.core.webui.keyword.internal.WebUIKeywordMain.runKeyword(WebUIKeywordMain.groovy:20)&#xD;
	... 35 more&#xD;
)&#xD;
&#xD;
2019-12-06 16:47:03 - [TEST_STEP][FAILED] - if (verifyTextPresent("Month Duration Acknowledgement", false)): Unable to verify text 'Month Duration Acknowledgement' is present  (Root cause: com.kms.katalon.core.exception.StepFailedException: Unable to verify text 'Month Duration Acknowledgement' is present &#xD;
	at com.kms.katalon.core.webui.keyword.internal.WebUIKeywordMain.stepFailed(WebUIKeywordMain.groovy:64)&#xD;
	at com.kms.katalon.core.webui.keyword.internal.WebUIKeywordMain.runKeyword(WebUIKeywordMain.groovy:26)&#xD;
	at com.kms.katalon.core.webui.keyword.builtin.VerifyTextPresentKeyword.verifyTextPresent(VerifyTextPresentKeyword.groovy:83)&#xD;
	at com.kms.katalon.core.webui.keyword.builtin.VerifyTextPresentKeyword.execute(VerifyTextPresentKeyword.groovy:68)&#xD;
	at com.kms.katalon.core.keyword.internal.KeywordExecutor.executeKeywordForPlatform(KeywordExecutor.groovy:56)&#xD;
	at com.kms.katalon.core.webui.keyword.WebUiBuiltInKeywords.verifyTextPresent(WebUiBuiltInKeywords.groovy:1693)&#xD;
	at com.kms.katalon.core.webui.keyword.WebUiBuiltInKeywords$verifyTextPresent$8.call(Unknown Source)&#xD;
	at goToEnd_stm_autofill.run(goToEnd_stm_autofill:19)&#xD;
	at com.kms.katalon.core.main.ScriptEngine.run(ScriptEngine.java:194)&#xD;
	at com.kms.katalon.core.main.ScriptEngine.runScriptAsRawText(ScriptEngine.java:119)&#xD;
	at com.kms.katalon.core.main.TestCaseExecutor.runScript(TestCaseExecutor.java:337)&#xD;
	at com.kms.katalon.core.main.TestCaseExecutor.doExecute(TestCaseExecutor.java:328)&#xD;
	at com.kms.katalon.core.main.TestCaseExecutor.processExecutionPhase(TestCaseExecutor.java:307)&#xD;
	at com.kms.katalon.core.main.TestCaseExecutor.accessMainPhase(TestCaseExecutor.java:299)&#xD;
	at com.kms.katalon.core.main.TestCaseExecutor.execute(TestCaseExecutor.java:233)&#xD;
	at com.kms.katalon.core.main.TestCaseMain.runTestCase(TestCaseMain.java:114)&#xD;
	at com.kms.katalon.core.keyword.builtin.CallTestCaseKeyword$_callTestCase_closure1.doCall(CallTestCaseKeyword.groovy:59)&#xD;
	at com.kms.katalon.core.keyword.builtin.CallTestCaseKeyword$_callTestCase_closure1.call(CallTestCaseKeyword.groovy)&#xD;
	at com.kms.katalon.core.keyword.internal.KeywordMain.runKeyword(KeywordMain.groovy:68)&#xD;
	at com.kms.katalon.core.keyword.builtin.CallTestCaseKeyword.callTestCase(CallTestCaseKeyword.groovy:81)&#xD;
	at com.kms.katalon.core.keyword.builtin.CallTestCaseKeyword.execute(CallTestCaseKeyword.groovy:44)&#xD;
	at com.kms.katalon.core.keyword.internal.KeywordExecutor.executeKeywordForPlatform(KeywordExecutor.groovy:56)&#xD;
	at com.kms.katalon.core.keyword.BuiltinKeywords.callTestCase(BuiltinKeywords.groovy:334)&#xD;
	at Aspen.run(Aspen:31)&#xD;
	at com.kms.katalon.core.main.ScriptEngine.run(ScriptEngine.java:194)&#xD;
	at com.kms.katalon.core.main.ScriptEngine.runScriptAsRawText(ScriptEngine.java:119)&#xD;
	at com.kms.katalon.core.main.TestCaseExecutor.runScript(TestCaseExecutor.java:337)&#xD;
	at com.kms.katalon.core.main.TestCaseExecutor.doExecute(TestCaseExecutor.java:328)&#xD;
	at com.kms.katalon.core.main.TestCaseExecutor.processExecutionPhase(TestCaseExecutor.java:307)&#xD;
	at com.kms.katalon.core.main.TestCaseExecutor.accessMainPhase(TestCaseExecutor.java:299)&#xD;
	at com.kms.katalon.core.main.TestCaseExecutor.execute(TestCaseExecutor.java:233)&#xD;
	at com.kms.katalon.core.main.TestSuiteExecutor.accessTestCaseMainPhase(TestSuiteExecutor.java:133)&#xD;
	at com.kms.katalon.core.main.TestSuiteExecutor.accessTestSuiteMainPhase(TestSuiteExecutor.java:116)&#xD;
	at com.kms.katalon.core.main.TestSuiteExecutor.execute(TestSuiteExecutor.java:83)&#xD;
	at com.kms.katalon.core.main.TestCaseMain.startTestSuite(TestCaseMain.java:157)&#xD;
	at com.kms.katalon.core.main.TestCaseMain$startTestSuite$0.call(Unknown Source)&#xD;
	at TempTestSuite1575621275705.run(TempTestSuite1575621275705.groovy:35)&#xD;
Caused by: com.kms.katalon.core.exception.StepFailedException: Text 'Month Duration Acknowledgement' is not present on page &#xD;
	at com.kms.katalon.core.webui.keyword.internal.WebUIKeywordMain.stepFailed(WebUIKeywordMain.groovy:64)&#xD;
	at com.kms.katalon.core.webui.keyword.builtin.VerifyTextPresentKeyword$_verifyTextPresent_closure1.doCall(VerifyTextPresentKeyword.groovy:79)&#xD;
	at com.kms.katalon.core.webui.keyword.builtin.VerifyTextPresentKeyword$_verifyTextPresent_closure1.call(VerifyTextPresentKeyword.groovy)&#xD;
	at com.kms.katalon.core.webui.keyword.internal.WebUIKeywordMain.runKeyword(WebUIKeywordMain.groovy:20)&#xD;
	... 35 more&#xD;
)&#xD;
&#xD;
2019-12-06 16:47:03 - [MESSAGE][FAILED] - Text 'Month Duration Acknowledgement' is not present on page  (Root cause: com.kms.katalon.core.exception.StepFailedException: Text 'Month Duration Acknowledgement' is not present on page &#xD;
	at com.kms.katalon.core.webui.keyword.internal.WebUIKeywordMain.stepFailed(WebUIKeywordMain.groovy:64)&#xD;
	at com.kms.katalon.core.webui.keyword.builtin.VerifyTextPresentKeyword$_verifyTextPresent_closure1.doCall(VerifyTextPresentKeyword.groovy:79)&#xD;
	at com.kms.katalon.core.webui.keyword.builtin.VerifyTextPresentKeyword$_verifyTextPresent_closure1.call(VerifyTextPresentKeyword.groovy)&#xD;
	at com.kms.katalon.core.webui.keyword.internal.WebUIKeywordMain.runKeyword(WebUIKeywordMain.groovy:20)&#xD;
	at com.kms.katalon.core.webui.keyword.builtin.VerifyTextPresentKeyword.verifyTextPresent(VerifyTextPresentKeyword.groovy:83)&#xD;
	at com.kms.katalon.core.webui.keyword.builtin.VerifyTextPresentKeyword.execute(VerifyTextPresentKeyword.groovy:68)&#xD;
	at com.kms.katalon.core.keyword.internal.KeywordExecutor.executeKeywordForPlatform(KeywordExecutor.groovy:56)&#xD;
	at com.kms.katalon.core.webui.keyword.WebUiBuiltInKeywords.verifyTextPresent(WebUiBuiltInKeywords.groovy:1693)&#xD;
	at com.kms.katalon.core.webui.keyword.WebUiBuiltInKeywords$verifyTextPresent$8.call(Unknown Source)&#xD;
	at goToEnd_stm_autofill.run(goToEnd_stm_autofill:19)&#xD;
	at com.kms.katalon.core.main.ScriptEngine.run(ScriptEngine.java:194)&#xD;
	at com.kms.katalon.core.main.ScriptEngine.runScriptAsRawText(ScriptEngine.java:119)&#xD;
	at com.kms.katalon.core.main.TestCaseExecutor.runScript(TestCaseExecutor.java:337)&#xD;
	at com.kms.katalon.core.main.TestCaseExecutor.doExecute(TestCaseExecutor.java:328)&#xD;
	at com.kms.katalon.core.main.TestCaseExecutor.processExecutionPhase(TestCaseExecutor.java:307)&#xD;
	at com.kms.katalon.core.main.TestCaseExecutor.accessMainPhase(TestCaseExecutor.java:299)&#xD;
	at com.kms.katalon.core.main.TestCaseExecutor.execute(TestCaseExecutor.java:233)&#xD;
	at com.kms.katalon.core.main.TestCaseMain.runTestCase(TestCaseMain.java:114)&#xD;
	at com.kms.katalon.core.keyword.builtin.CallTestCaseKeyword$_callTestCase_closure1.doCall(CallTestCaseKeyword.groovy:59)&#xD;
	at com.kms.katalon.core.keyword.builtin.CallTestCaseKeyword$_callTestCase_closure1.call(CallTestCaseKeyword.groovy)&#xD;
	at com.kms.katalon.core.keyword.internal.KeywordMain.runKeyword(KeywordMain.groovy:68)&#xD;
	at com.kms.katalon.core.keyword.builtin.CallTestCaseKeyword.callTestCase(CallTestCaseKeyword.groovy:81)&#xD;
	at com.kms.katalon.core.keyword.builtin.CallTestCaseKeyword.execute(CallTestCaseKeyword.groovy:44)&#xD;
	at com.kms.katalon.core.keyword.internal.KeywordExecutor.executeKeywordForPlatform(KeywordExecutor.groovy:56)&#xD;
	at com.kms.katalon.core.keyword.BuiltinKeywords.callTestCase(BuiltinKeywords.groovy:334)&#xD;
	at Aspen.run(Aspen:31)&#xD;
	at com.kms.katalon.core.main.ScriptEngine.run(ScriptEngine.java:194)&#xD;
	at com.kms.katalon.core.main.ScriptEngine.runScriptAsRawText(ScriptEngine.java:119)&#xD;
	at com.kms.katalon.core.main.TestCaseExecutor.runScript(TestCaseExecutor.java:337)&#xD;
	at com.kms.katalon.core.main.TestCaseExecutor.doExecute(TestCaseExecutor.java:328)&#xD;
	at com.kms.katalon.core.main.TestCaseExecutor.processExecutionPhase(TestCaseExecutor.java:307)&#xD;
	at com.kms.katalon.core.main.TestCaseExecutor.accessMainPhase(TestCaseExecutor.java:299)&#xD;
	at com.kms.katalon.core.main.TestCaseExecutor.execute(TestCaseExecutor.java:233)&#xD;
	at com.kms.katalon.core.main.TestSuiteExecutor.accessTestCaseMainPhase(TestSuiteExecutor.java:133)&#xD;
	at com.kms.katalon.core.main.TestSuiteExecutor.accessTestSuiteMainPhase(TestSuiteExecutor.java:116)&#xD;
	at com.kms.katalon.core.main.TestSuiteExecutor.execute(TestSuiteExecutor.java:83)&#xD;
	at com.kms.katalon.core.main.TestCaseMain.startTestSuite(TestCaseMain.java:157)&#xD;
	at com.kms.katalon.core.main.TestCaseMain$startTestSuite$0.call(Unknown Source)&#xD;
	at TempTestSuite1575621275705.run(TempTestSuite1575621275705.groovy:35)&#xD;
)&#xD;
&#xD;
2019-12-06 16:47:04 - [MESSAGE][FAILED] - Unable to verify text 'Month Duration Acknowledgement' is present  (Root cause: com.kms.katalon.core.exception.StepFailedException: Unable to verify text 'Month Duration Acknowledgement' is present &#xD;
	at com.kms.katalon.core.webui.keyword.internal.WebUIKeywordMain.stepFailed(WebUIKeywordMain.groovy:64)&#xD;
	at com.kms.katalon.core.webui.keyword.internal.WebUIKeywordMain.runKeyword(WebUIKeywordMain.groovy:26)&#xD;
	at com.kms.katalon.core.webui.keyword.builtin.VerifyTextPresentKeyword.verifyTextPresent(VerifyTextPresentKeyword.groovy:83)&#xD;
	at com.kms.katalon.core.webui.keyword.builtin.VerifyTextPresentKeyword.execute(VerifyTextPresentKeyword.groovy:68)&#xD;
	at com.kms.katalon.core.keyword.internal.KeywordExecutor.executeKeywordForPlatform(KeywordExecutor.groovy:56)&#xD;
	at com.kms.katalon.core.webui.keyword.WebUiBuiltInKeywords.verifyTextPresent(WebUiBuiltInKeywords.groovy:1693)&#xD;
	at com.kms.katalon.core.webui.keyword.WebUiBuiltInKeywords$verifyTextPresent$8.call(Unknown Source)&#xD;
	at goToEnd_stm_autofill.run(goToEnd_stm_autofill:19)&#xD;
	at com.kms.katalon.core.main.ScriptEngine.run(ScriptEngine.java:194)&#xD;
	at com.kms.katalon.core.main.ScriptEngine.runScriptAsRawText(ScriptEngine.java:119)&#xD;
	at com.kms.katalon.core.main.TestCaseExecutor.runScript(TestCaseExecutor.java:337)&#xD;
	at com.kms.katalon.core.main.TestCaseExecutor.doExecute(TestCaseExecutor.java:328)&#xD;
	at com.kms.katalon.core.main.TestCaseExecutor.processExecutionPhase(TestCaseExecutor.java:307)&#xD;
	at com.kms.katalon.core.main.TestCaseExecutor.accessMainPhase(TestCaseExecutor.java:299)&#xD;
	at com.kms.katalon.core.main.TestCaseExecutor.execute(TestCaseExecutor.java:233)&#xD;
	at com.kms.katalon.core.main.TestCaseMain.runTestCase(TestCaseMain.java:114)&#xD;
	at com.kms.katalon.core.keyword.builtin.CallTestCaseKeyword$_callTestCase_closure1.doCall(CallTestCaseKeyword.groovy:59)&#xD;
	at com.kms.katalon.core.keyword.builtin.CallTestCaseKeyword$_callTestCase_closure1.call(CallTestCaseKeyword.groovy)&#xD;
	at com.kms.katalon.core.keyword.internal.KeywordMain.runKeyword(KeywordMain.groovy:68)&#xD;
	at com.kms.katalon.core.keyword.builtin.CallTestCaseKeyword.callTestCase(CallTestCaseKeyword.groovy:81)&#xD;
	at com.kms.katalon.core.keyword.builtin.CallTestCaseKeyword.execute(CallTestCaseKeyword.groovy:44)&#xD;
	at com.kms.katalon.core.keyword.internal.KeywordExecutor.executeKeywordForPlatform(KeywordExecutor.groovy:56)&#xD;
	at com.kms.katalon.core.keyword.BuiltinKeywords.callTestCase(BuiltinKeywords.groovy:334)&#xD;
	at Aspen.run(Aspen:31)&#xD;
	at com.kms.katalon.core.main.ScriptEngine.run(ScriptEngine.java:194)&#xD;
	at com.kms.katalon.core.main.ScriptEngine.runScriptAsRawText(ScriptEngine.java:119)&#xD;
	at com.kms.katalon.core.main.TestCaseExecutor.runScript(TestCaseExecutor.java:337)&#xD;
	at com.kms.katalon.core.main.TestCaseExecutor.doExecute(TestCaseExecutor.java:328)&#xD;
	at com.kms.katalon.core.main.TestCaseExecutor.processExecutionPhase(TestCaseExecutor.java:307)&#xD;
	at com.kms.katalon.core.main.TestCaseExecutor.accessMainPhase(TestCaseExecutor.java:299)&#xD;
	at com.kms.katalon.core.main.TestCaseExecutor.execute(TestCaseExecutor.java:233)&#xD;
	at com.kms.katalon.core.main.TestSuiteExecutor.accessTestCaseMainPhase(TestSuiteExecutor.java:133)&#xD;
	at com.kms.katalon.core.main.TestSuiteExecutor.accessTestSuiteMainPhase(TestSuiteExecutor.java:116)&#xD;
	at com.kms.katalon.core.main.TestSuiteExecutor.execute(TestSuiteExecutor.java:83)&#xD;
	at com.kms.katalon.core.main.TestCaseMain.startTestSuite(TestCaseMain.java:157)&#xD;
	at com.kms.katalon.core.main.TestCaseMain$startTestSuite$0.call(Unknown Source)&#xD;
	at TempTestSuite1575621275705.run(TempTestSuite1575621275705.groovy:35)&#xD;
Caused by: com.kms.katalon.core.exception.StepFailedException: Text 'Month Duration Acknowledgement' is not present on page &#xD;
	at com.kms.katalon.core.webui.keyword.internal.WebUIKeywordMain.stepFailed(WebUIKeywordMain.groovy:64)&#xD;
	at com.kms.katalon.core.webui.keyword.builtin.VerifyTextPresentKeyword$_verifyTextPresent_closure1.doCall(VerifyTextPresentKeyword.groovy:79)&#xD;
	at com.kms.katalon.core.webui.keyword.builtin.VerifyTextPresentKeyword$_verifyTextPresent_closure1.call(VerifyTextPresentKeyword.groovy)&#xD;
	at com.kms.katalon.core.webui.keyword.internal.WebUIKeywordMain.runKeyword(WebUIKeywordMain.groovy:20)&#xD;
	... 35 more&#xD;
)&#xD;
[[ATTACHMENT|D:\\Test\\AgileTest\\AgileTest\\Reports\\AHI\\stm\\20191206_163435\\1575622023978.png]]&#xD;
&#xD;
2019-12-06 16:47:04 - [TEST_STEP][PASSED] - catch (Exception e): null&#xD;
&#xD;
2019-12-06 16:47:04 - [TEST_STEP][PASSED] - println("no consecutive"): null&#xD;
&#xD;
2019-12-06 16:47:04 - [TEST_STEP][PASSED] - waitForPageLoad(10): Wait for page load successfully&#xD;
&#xD;
2019-12-06 16:47:04 - [MESSAGE][PASSED] - Wait for page load successfully&#xD;
&#xD;
2019-12-06 16:47:04 - [TEST_STEP][PASSED] - Thread.sleep(3000): null&#xD;
&#xD;
2019-12-06 16:47:07 - [TEST_STEP][PASSED] - waitForElementVisible(findTestObject("mobileSanity/STM/Page_App Page 1/a_Autofill App Info"), 20): Object 'Object Repository/mobileSanity/STM/Page_App Page 1/a_Autofill App Info' is visible&#xD;
&#xD;
2019-12-06 16:47:07 - [MESSAGE][PASSED] - Object 'Object Repository/mobileSanity/STM/Page_App Page 1/a_Autofill App Info' is visible&#xD;
&#xD;
2019-12-06 16:47:07 - [TEST_STEP][PASSED] - click(findTestObject("mobileSanity/STM/Page_App Page 1/a_Autofill App Info")): Object: 'Object Repository/mobileSanity/STM/Page_App Page 1/a_Autofill App Info' is clicked on&#xD;
&#xD;
2019-12-06 16:47:07 - [MESSAGE][PASSED] - Object: 'Object Repository/mobileSanity/STM/Page_App Page 1/a_Autofill App Info' is clicked on&#xD;
&#xD;
2019-12-06 16:47:07 - [TEST_STEP][PASSED] - Thread.sleep(1000): null&#xD;
&#xD;
2019-12-06 16:47:08 - [TEST_STEP][PASSED] - click(findTestObject("mobileSanity/STM/Page_App Page 1/a_Autofill App Info")): Object: 'Object Repository/mobileSanity/STM/Page_App Page 1/a_Autofill App Info' is clicked on&#xD;
&#xD;
2019-12-06 16:47:08 - [MESSAGE][PASSED] - Object: 'Object Repository/mobileSanity/STM/Page_App Page 1/a_Autofill App Info' is clicked on&#xD;
&#xD;
2019-12-06 16:47:08 - [TEST_STEP][PASSED] - Thread.sleep(1000): null&#xD;
&#xD;
2019-12-06 16:47:09 - [TEST_STEP][PASSED] - waitForElementVisible(findTestObject("mobileSanity/STM/Page_App Page 1/a_Continue"), 20): Object 'Object Repository/mobileSanity/STM/Page_App Page 1/a_Continue' is visible&#xD;
&#xD;
2019-12-06 16:47:09 - [MESSAGE][PASSED] - Object 'Object Repository/mobileSanity/STM/Page_App Page 1/a_Continue' is visible&#xD;
&#xD;
2019-12-06 16:47:09 - [TEST_STEP][PASSED] - click(findTestObject("mobileSanity/STM/Page_App Page 1/a_Continue")): Object: 'Object Repository/mobileSanity/STM/Page_App Page 1/a_Continue' is clicked on&#xD;
&#xD;
2019-12-06 16:47:10 - [MESSAGE][PASSED] - Object: 'Object Repository/mobileSanity/STM/Page_App Page 1/a_Continue' is clicked on&#xD;
&#xD;
2019-12-06 16:47:10 - [TEST_STEP][PASSED] - waitForPageLoad(20): Wait for page load successfully&#xD;
&#xD;
2019-12-06 16:47:10 - [MESSAGE][PASSED] - Wait for page load successfully&#xD;
&#xD;
2019-12-06 16:47:10 - [TEST_STEP][PASSED] - Thread.sleep(5000): null&#xD;
&#xD;
2019-12-06 16:47:15 - [TEST_STEP][PASSED] - callTestCase(findTestCase("AHI/_include/get_screenshot"), [:], STOP_ON_FAILURE): Call Test Case 'Test Cases/AHI/_include/get_screenshot' successfully&#xD;
&#xD;
2019-12-06 16:47:15 - [TEST_CASE][PASSED] - Test Cases/AHI/_include/get_screenshot: Test Cases/AHI/_include/get_screenshot&#xD;
&#xD;
2019-12-06 16:47:15 - [TEST_STEP][PASSED] - takeScreenshot(screenPath + i + ".png"): Taking screenshot successfully&#xD;
&#xD;
2019-12-06 16:47:15 - [MESSAGE][PASSED] - Taking screenshot successfully&#xD;
[[ATTACHMENT|D:\\Test\\AgileTest\\AgileTest\\Reports\\AHI\\stm\\20191206_163435\\../Screenshots/iPhone 6/stm/Aspen/20191206_164554/7.png]]&#xD;
&#xD;
2019-12-06 16:47:15 - [TEST_STEP][PASSED] - (internal.GlobalVariable.i++): null&#xD;
&#xD;
2019-12-06 16:47:15 - [MESSAGE][PASSED] - Call Test Case 'Test Cases/AHI/_include/get_screenshot' successfully&#xD;
&#xD;
2019-12-06 16:47:15 - [TEST_STEP][PASSED] - click(findTestObject("mobileSanity/STM/Page_App Page 2/a_Continue to Step 3 - Payment")): Object: 'Object Repository/mobileSanity/STM/Page_App Page 2/a_Continue to Step 3 - Payment' is clicked on&#xD;
&#xD;
2019-12-06 16:47:15 - [MESSAGE][PASSED] - Object: 'Object Repository/mobileSanity/STM/Page_App Page 2/a_Continue to Step 3 - Payment' is clicked on&#xD;
&#xD;
2019-12-06 16:47:15 - [TEST_STEP][PASSED] - waitForPageLoad(20): Wait for page load successfully&#xD;
&#xD;
2019-12-06 16:47:15 - [MESSAGE][PASSED] - Wait for page load successfully&#xD;
&#xD;
2019-12-06 16:47:15 - [TEST_STEP][PASSED] - waitForElementVisible(findTestObject("mobileSanity/STM/Page_App Page 3/input__credit-card-cvv"), 20): Object 'Object Repository/mobileSanity/STM/Page_App Page 3/input__credit-card-cvv' is visible&#xD;
&#xD;
2019-12-06 16:47:16 - [MESSAGE][PASSED] - Object 'Object Repository/mobileSanity/STM/Page_App Page 3/input__credit-card-cvv' is visible&#xD;
&#xD;
2019-12-06 16:47:16 - [TEST_STEP][PASSED] - Thread.sleep(2000): null&#xD;
&#xD;
2019-12-06 16:47:18 - [TEST_STEP][PASSED] - callTestCase(findTestCase("AHI/_include/get_screenshot"), [:], STOP_ON_FAILURE): Call Test Case 'Test Cases/AHI/_include/get_screenshot' successfully&#xD;
&#xD;
2019-12-06 16:47:18 - [TEST_CASE][PASSED] - Test Cases/AHI/_include/get_screenshot: Test Cases/AHI/_include/get_screenshot&#xD;
&#xD;
2019-12-06 16:47:18 - [TEST_STEP][PASSED] - takeScreenshot(screenPath + i + ".png"): Taking screenshot successfully&#xD;
&#xD;
2019-12-06 16:47:19 - [MESSAGE][PASSED] - Taking screenshot successfully&#xD;
[[ATTACHMENT|D:\\Test\\AgileTest\\AgileTest\\Reports\\AHI\\stm\\20191206_163435\\../Screenshots/iPhone 6/stm/Aspen/20191206_164554/8.png]]&#xD;
&#xD;
2019-12-06 16:47:19 - [TEST_STEP][PASSED] - (internal.GlobalVariable.i++): null&#xD;
&#xD;
2019-12-06 16:47:19 - [MESSAGE][PASSED] - Call Test Case 'Test Cases/AHI/_include/get_screenshot' successfully&#xD;
&#xD;
2019-12-06 16:47:19 - [TEST_STEP][PASSED] - clearText(findTestObject("mobileSanity/STM/Page_App Page 3/input__credit-card-cvv")): Text of object 'Object Repository/mobileSanity/STM/Page_App Page 3/input__credit-card-cvv' is cleared&#xD;
&#xD;
2019-12-06 16:47:19 - [MESSAGE][PASSED] - Text of object 'Object Repository/mobileSanity/STM/Page_App Page 3/input__credit-card-cvv' is cleared&#xD;
&#xD;
2019-12-06 16:47:19 - [TEST_STEP][PASSED] - setText(findTestObject("mobileSanity/STM/Page_App Page 3/input__credit-card-cvv"), "123"): Text '123' is set on object 'Object Repository/mobileSanity/STM/Page_App Page 3/input__credit-card-cvv'&#xD;
&#xD;
2019-12-06 16:47:20 - [MESSAGE][PASSED] - Text '123' is set on object 'Object Repository/mobileSanity/STM/Page_App Page 3/input__credit-card-cvv'&#xD;
&#xD;
2019-12-06 16:47:20 - [TEST_STEP][PASSED] - click(findTestObject("mobileSanity/STM/Page_App Page 3/label_I Accept Authorization f")): Object: 'Object Repository/mobileSanity/STM/Page_App Page 3/label_I Accept Authorization f' is clicked on&#xD;
&#xD;
2019-12-06 16:47:20 - [MESSAGE][PASSED] - Object: 'Object Repository/mobileSanity/STM/Page_App Page 3/label_I Accept Authorization f' is clicked on&#xD;
&#xD;
2019-12-06 16:47:20 - [TEST_STEP][PASSED] - click(findTestObject("mobileSanity/STM/Page_App Page 3/a_Continue to Step 4 - Review")): Object: 'Object Repository/mobileSanity/STM/Page_App Page 3/a_Continue to Step 4 - Review' is clicked on&#xD;
&#xD;
2019-12-06 16:47:20 - [MESSAGE][PASSED] - Object: 'Object Repository/mobileSanity/STM/Page_App Page 3/a_Continue to Step 4 - Review' is clicked on&#xD;
&#xD;
2019-12-06 16:47:20 - [TEST_STEP][PASSED] - waitForPageLoad(10): Wait for page load successfully&#xD;
&#xD;
2019-12-06 16:47:20 - [MESSAGE][PASSED] - Wait for page load successfully&#xD;
&#xD;
2019-12-06 16:47:20 - [TEST_STEP][PASSED] - waitForElementClickable(findTestObject("mobileSanity/STM/Page_App Page 4/label"), 10): Object 'Object Repository/mobileSanity/STM/Page_App Page 4/label' is clickable&#xD;
&#xD;
2019-12-06 16:47:23 - [MESSAGE][PASSED] - Object 'Object Repository/mobileSanity/STM/Page_App Page 4/label' is clickable&#xD;
&#xD;
2019-12-06 16:47:23 - [TEST_STEP][PASSED] - Thread.sleep(2000): null&#xD;
&#xD;
2019-12-06 16:47:25 - [TEST_STEP][PASSED] - callTestCase(findTestCase("AHI/_include/get_screenshot"), [:], STOP_ON_FAILURE): Call Test Case 'Test Cases/AHI/_include/get_screenshot' successfully&#xD;
&#xD;
2019-12-06 16:47:25 - [TEST_CASE][PASSED] - Test Cases/AHI/_include/get_screenshot: Test Cases/AHI/_include/get_screenshot&#xD;
&#xD;
2019-12-06 16:47:25 - [TEST_STEP][PASSED] - takeScreenshot(screenPath + i + ".png"): Taking screenshot successfully&#xD;
&#xD;
2019-12-06 16:47:26 - [MESSAGE][PASSED] - Taking screenshot successfully&#xD;
[[ATTACHMENT|D:\\Test\\AgileTest\\AgileTest\\Reports\\AHI\\stm\\20191206_163435\\../Screenshots/iPhone 6/stm/Aspen/20191206_164554/9.png]]&#xD;
&#xD;
2019-12-06 16:47:26 - [TEST_STEP][PASSED] - (internal.GlobalVariable.i++): null&#xD;
&#xD;
2019-12-06 16:47:26 - [MESSAGE][PASSED] - Call Test Case 'Test Cases/AHI/_include/get_screenshot' successfully&#xD;
&#xD;
2019-12-06 16:47:26 - [TEST_STEP][PASSED] - click(findTestObject("mobileSanity/STM/Page_App Page 4/label")): Object: 'Object Repository/mobileSanity/STM/Page_App Page 4/label' is clicked on&#xD;
&#xD;
2019-12-06 16:47:27 - [MESSAGE][PASSED] - Object: 'Object Repository/mobileSanity/STM/Page_App Page 4/label' is clicked on&#xD;
&#xD;
2019-12-06 16:47:27 - [TEST_STEP][PASSED] - click(findTestObject("mobileSanity/STM/Page_App Page 4/div_CLICK TO SIGN")): Object: 'Object Repository/mobileSanity/STM/Page_App Page 4/div_CLICK TO SIGN' is clicked on&#xD;
&#xD;
2019-12-06 16:47:27 - [MESSAGE][PASSED] - Object: 'Object Repository/mobileSanity/STM/Page_App Page 4/div_CLICK TO SIGN' is clicked on&#xD;
&#xD;
2019-12-06 16:47:27 - [TEST_STEP][PASSED] - click(findTestObject("mobileSanity/STM/Page_App Page 4/a_Submit Your Application")): Object: 'Object Repository/mobileSanity/STM/Page_App Page 4/a_Submit Your Application' is clicked on&#xD;
&#xD;
2019-12-06 16:47:27 - [MESSAGE][PASSED] - Object: 'Object Repository/mobileSanity/STM/Page_App Page 4/a_Submit Your Application' is clicked on&#xD;
&#xD;
2019-12-06 16:47:27 - [TEST_STEP][PASSED] - Thread.sleep(30000): null&#xD;
&#xD;
2019-12-06 16:47:57 - [TEST_STEP][PASSED] - waitForElementPresent(findTestObject("mobileSanity/STM/Page_App Page 6/app-page-wrapper"), 20): Object 'Object Repository/mobileSanity/STM/Page_App Page 6/app-page-wrapper' is present&#xD;
&#xD;
2019-12-06 16:47:58 - [MESSAGE][PASSED] - Object 'Object Repository/mobileSanity/STM/Page_App Page 6/app-page-wrapper' is present&#xD;
&#xD;
2019-12-06 16:47:58 - [TEST_STEP][PASSED] - callTestCase(findTestCase("AHI/_include/get_screenshot"), [:], STOP_ON_FAILURE): Call Test Case 'Test Cases/AHI/_include/get_screenshot' successfully&#xD;
&#xD;
2019-12-06 16:47:58 - [TEST_CASE][PASSED] - Test Cases/AHI/_include/get_screenshot: Test Cases/AHI/_include/get_screenshot&#xD;
&#xD;
2019-12-06 16:47:58 - [TEST_STEP][PASSED] - takeScreenshot(screenPath + i + ".png"): Taking screenshot successfully&#xD;
&#xD;
2019-12-06 16:47:58 - [MESSAGE][PASSED] - Taking screenshot successfully&#xD;
[[ATTACHMENT|D:\\Test\\AgileTest\\AgileTest\\Reports\\AHI\\stm\\20191206_163435\\../Screenshots/iPhone 6/stm/Aspen/20191206_164554/10.png]]&#xD;
&#xD;
2019-12-06 16:47:59 - [TEST_STEP][PASSED] - (internal.GlobalVariable.i++): null&#xD;
&#xD;
2019-12-06 16:47:59 - [MESSAGE][PASSED] - Call Test Case 'Test Cases/AHI/_include/get_screenshot' successfully&#xD;
&#xD;
2019-12-06 16:47:59 - [MESSAGE][PASSED] - Call Test Case 'Test Cases/AHI/_include/goToEnd_stm_autofill' successfully</system-out>
            <system-err></system-err>
        </testcase>
        <testcase name="Test Cases/AHI/stm/Companion" classname="Test Cases/AHI/stm/Companion" status="PASSED">
            <system-out>2019-12-06 16:47:59 - [TEST_CASE][PASSED] - Test Cases/AHI/stm/Companion: Test Cases/AHI/stm/Companion&#xD;
&#xD;
2019-12-06 16:47:59 - [TEST_STEP][PASSED] - callTestCase(findTestCase("AHI/_include/get_screenPath"), ["productLine":"stm", "carrierName":"Companion"], CONTINUE_ON_FAILURE): Call Test Case 'Test Cases/AHI/_include/get_screenPath' successfully&#xD;
&#xD;
2019-12-06 16:47:59 - [TEST_CASE][PASSED] - Test Cases/AHI/_include/get_screenPath: Test Cases/AHI/_include/get_screenPath&#xD;
&#xD;
2019-12-06 16:47:59 - [TEST_STEP][PASSED] - m = getExecutionProperties(): null&#xD;
&#xD;
2019-12-06 16:47:59 - [TEST_STEP][PASSED] - deviceName = get("mobileEmulation").get("deviceName"): null&#xD;
&#xD;
2019-12-06 16:47:59 - [TEST_STEP][PASSED] - println(deviceName): null&#xD;
&#xD;
2019-12-06 16:47:59 - [TEST_STEP][PASSED] - now = new java.util.Date(): null&#xD;
&#xD;
2019-12-06 16:47:59 - [TEST_STEP][PASSED] - mydate = now.format("yyyyMMdd_HHmmss"): null&#xD;
&#xD;
2019-12-06 16:47:59 - [TEST_STEP][PASSED] - screenPath = "../Screenshots/": null&#xD;
&#xD;
2019-12-06 16:47:59 - [TEST_STEP][PASSED] - screenPath = screenPath + deviceName + "/" + productLine + "/" + carrierName + "/" + mydate + "/": null&#xD;
&#xD;
2019-12-06 16:47:59 - [TEST_STEP][PASSED] - println(screenPath): null&#xD;
&#xD;
2019-12-06 16:47:59 - [MESSAGE][PASSED] - Call Test Case 'Test Cases/AHI/_include/get_screenPath' successfully&#xD;
&#xD;
2019-12-06 16:47:59 - [TEST_STEP][PASSED] - i = 0: null&#xD;
&#xD;
2019-12-06 16:47:59 - [TEST_STEP][PASSED] - callTestCase(findTestCase("AHI/_include/openWebSite"), [:], CONTINUE_ON_FAILURE): Call Test Case 'Test Cases/AHI/_include/openWebSite' successfully&#xD;
&#xD;
2019-12-06 16:47:59 - [TEST_CASE][PASSED] - Test Cases/AHI/_include/openWebSite: Test Cases/AHI/_include/openWebSite&#xD;
&#xD;
2019-12-06 16:47:59 - [TEST_STEP][PASSED] - openBrowser(env): Browser is opened with url: 'https://praetemptatus.agilehealthinsurance.com'&#xD;
&#xD;
2019-12-06 16:47:59 - [MESSAGE][WARNING] - A browser is already opened. Closing browser and opening a new one&#xD;
&#xD;
2019-12-06 16:48:00 - [MESSAGE][INFO] - Starting 'Chrome' driver&#xD;
&#xD;
2019-12-06 16:48:00 - [MESSAGE][INFO] - User set preference: ['mobileEmulation', '{deviceName=iPhone 6}']&#xD;
&#xD;
2019-12-06 16:48:00 - [MESSAGE][INFO] - User set preference: ['args', '[--incognito, --aggressive-cache-discard, --window-size=375,677, --no-sandbox]']&#xD;
&#xD;
2019-12-06 16:48:08 - [MESSAGE][PASSED] - Browser is opened with url: 'https://praetemptatus.agilehealthinsurance.com'&#xD;
&#xD;
2019-12-06 16:48:08 - [TEST_STEP][PASSED] - waitForPageLoad(20): Wait for page load successfully&#xD;
&#xD;
2019-12-06 16:48:08 - [MESSAGE][PASSED] - Wait for page load successfully&#xD;
&#xD;
2019-12-06 16:48:08 - [TEST_STEP][PASSED] - callTestCase(findTestCase("AHI/_include/get_screenshot"), [:], STOP_ON_FAILURE): Call Test Case 'Test Cases/AHI/_include/get_screenshot' successfully&#xD;
&#xD;
2019-12-06 16:48:08 - [TEST_CASE][PASSED] - Test Cases/AHI/_include/get_screenshot: Test Cases/AHI/_include/get_screenshot&#xD;
&#xD;
2019-12-06 16:48:08 - [TEST_STEP][PASSED] - takeScreenshot(screenPath + i + ".png"): Taking screenshot successfully&#xD;
&#xD;
2019-12-06 16:48:11 - [MESSAGE][PASSED] - Taking screenshot successfully&#xD;
[[ATTACHMENT|D:\\Test\\AgileTest\\AgileTest\\Reports\\AHI\\stm\\20191206_163435\\../Screenshots/iPhone 6/stm/Companion/20191206_164759/0.png]]&#xD;
&#xD;
2019-12-06 16:48:11 - [TEST_STEP][PASSED] - (internal.GlobalVariable.i++): null&#xD;
&#xD;
2019-12-06 16:48:11 - [MESSAGE][PASSED] - Call Test Case 'Test Cases/AHI/_include/get_screenshot' successfully&#xD;
&#xD;
2019-12-06 16:48:11 - [MESSAGE][PASSED] - Call Test Case 'Test Cases/AHI/_include/openWebSite' successfully&#xD;
&#xD;
2019-12-06 16:48:11 - [TEST_STEP][PASSED] - callTestCase(findTestCase("AHI/_include/census_stm"), [:], CONTINUE_ON_FAILURE): Call Test Case 'Test Cases/AHI/_include/census_stm' successfully&#xD;
&#xD;
2019-12-06 16:48:11 - [TEST_CASE][PASSED] - Test Cases/AHI/_include/census_stm: Test Cases/AHI/_include/census_stm&#xD;
&#xD;
2019-12-06 16:48:11 - [TEST_STEP][PASSED] - waitForElementClickable(findTestObject("mobileSanity/STM/Home Page/a_Quote  Save Today"), 10): Object 'Object Repository/mobileSanity/STM/Home Page/a_Quote  Save Today' is clickable&#xD;
&#xD;
2019-12-06 16:48:11 - [MESSAGE][PASSED] - Object 'Object Repository/mobileSanity/STM/Home Page/a_Quote  Save Today' is clickable&#xD;
&#xD;
2019-12-06 16:48:11 - [TEST_STEP][PASSED] - click(findTestObject("mobileSanity/STM/Home Page/a_Quote  Save Today")): Object: 'Object Repository/mobileSanity/STM/Home Page/a_Quote  Save Today' is clicked on&#xD;
&#xD;
2019-12-06 16:48:13 - [MESSAGE][PASSED] - Object: 'Object Repository/mobileSanity/STM/Home Page/a_Quote  Save Today' is clicked on&#xD;
&#xD;
2019-12-06 16:48:13 - [TEST_STEP][PASSED] - waitForPageLoad(10): Wait for page load successfully&#xD;
&#xD;
2019-12-06 16:48:14 - [MESSAGE][PASSED] - Wait for page load successfully&#xD;
&#xD;
2019-12-06 16:48:14 - [TEST_STEP][PASSED] - callTestCase(findTestCase("AHI/_include/get_screenshot"), [:], STOP_ON_FAILURE): Call Test Case 'Test Cases/AHI/_include/get_screenshot' successfully&#xD;
&#xD;
2019-12-06 16:48:14 - [TEST_CASE][PASSED] - Test Cases/AHI/_include/get_screenshot: Test Cases/AHI/_include/get_screenshot&#xD;
&#xD;
2019-12-06 16:48:14 - [TEST_STEP][PASSED] - takeScreenshot(screenPath + i + ".png"): Taking screenshot successfully&#xD;
&#xD;
2019-12-06 16:48:15 - [MESSAGE][PASSED] - Taking screenshot successfully&#xD;
[[ATTACHMENT|D:\\Test\\AgileTest\\AgileTest\\Reports\\AHI\\stm\\20191206_163435\\../Screenshots/iPhone 6/stm/Companion/20191206_164759/1.png]]&#xD;
&#xD;
2019-12-06 16:48:15 - [TEST_STEP][PASSED] - (internal.GlobalVariable.i++): null&#xD;
&#xD;
2019-12-06 16:48:15 - [MESSAGE][PASSED] - Call Test Case 'Test Cases/AHI/_include/get_screenshot' successfully&#xD;
&#xD;
2019-12-06 16:48:15 - [TEST_STEP][PASSED] - setText(findTestObject("mobileSanity/STM/STM Census Page/input_Location_zip-input"), zipcode): Text '35215' is set on object 'Object Repository/mobileSanity/STM/STM Census Page/input_Location_zip-input'&#xD;
&#xD;
2019-12-06 16:48:15 - [MESSAGE][PASSED] - Text '35215' is set on object 'Object Repository/mobileSanity/STM/STM Census Page/input_Location_zip-input'&#xD;
&#xD;
2019-12-06 16:48:15 - [TEST_STEP][PASSED] - Thread.sleep(500): null&#xD;
&#xD;
2019-12-06 16:48:16 - [TEST_STEP][PASSED] - setText(findTestObject("mobileSanity/STM/STM Census Page/input_Date of Birth_dob-0"), "03031987"): Text '03031987' is set on object 'Object Repository/mobileSanity/STM/STM Census Page/input_Date of Birth_dob-0'&#xD;
&#xD;
2019-12-06 16:48:16 - [MESSAGE][PASSED] - Text '03031987' is set on object 'Object Repository/mobileSanity/STM/STM Census Page/input_Date of Birth_dob-0'&#xD;
&#xD;
2019-12-06 16:48:16 - [TEST_STEP][PASSED] - click(findTestObject("mobileSanity/STM/STM Census Page/label_Male")): Object: 'Object Repository/mobileSanity/STM/STM Census Page/label_Male' is clicked on&#xD;
&#xD;
2019-12-06 16:48:16 - [MESSAGE][PASSED] - Object: 'Object Repository/mobileSanity/STM/STM Census Page/label_Male' is clicked on&#xD;
&#xD;
2019-12-06 16:48:16 - [TEST_STEP][PASSED] - click(findTestObject("mobileSanity/STM/STM Census Page/label_Compare Plans")): Object: 'Object Repository/mobileSanity/STM/STM Census Page/label_Compare Plans' is clicked on&#xD;
&#xD;
2019-12-06 16:48:21 - [MESSAGE][PASSED] - Object: 'Object Repository/mobileSanity/STM/STM Census Page/label_Compare Plans' is clicked on&#xD;
&#xD;
2019-12-06 16:48:21 - [TEST_STEP][PASSED] - waitForElementVisible(findTestObject("mobileSanity/STM/STM Quote Page/button_sort"), 20): Object 'Object Repository/mobileSanity/STM/STM Quote Page/button_sort' is visible&#xD;
&#xD;
2019-12-06 16:48:21 - [MESSAGE][PASSED] - Object 'Object Repository/mobileSanity/STM/STM Quote Page/button_sort' is visible&#xD;
&#xD;
2019-12-06 16:48:21 - [TEST_STEP][PASSED] - Thread.sleep(3000): null&#xD;
&#xD;
2019-12-06 16:48:24 - [TEST_STEP][PASSED] - callTestCase(findTestCase("AHI/_include/check_quoteleadform"), [:], STOP_ON_FAILURE): Call Test Case 'Test Cases/AHI/_include/check_quoteleadform' successfully&#xD;
&#xD;
2019-12-06 16:48:24 - [TEST_CASE][PASSED] - Test Cases/AHI/_include/check_quoteleadform: Test Cases/AHI/_include/check_quoteleadform&#xD;
&#xD;
2019-12-06 16:48:24 - [TEST_STEP][PASSED] - callTestCase(findTestCase("AHI/_include/name"), [:], CONTINUE_ON_FAILURE): Call Test Case 'Test Cases/AHI/_include/name' successfully&#xD;
&#xD;
2019-12-06 16:48:24 - [TEST_CASE][PASSED] - Test Cases/AHI/_include/name: Test Cases/AHI/_include/name&#xD;
&#xD;
2019-12-06 16:48:24 - [TEST_STEP][PASSED] - driver = getWebDriver(): null&#xD;
&#xD;
2019-12-06 16:48:24 - [TEST_STEP][PASSED] - selenium = new com.thoughtworks.selenium.webdriven.WebDriverBackedSelenium(driver, internal.GlobalVariable.ENV): null&#xD;
&#xD;
2019-12-06 16:48:24 - [TEST_STEP][PASSED] - FirstName = "Test-123": null&#xD;
&#xD;
2019-12-06 16:48:24 - [TEST_STEP][PASSED] - LastName = selenium.getEval("{var x="ABCDEFGHIJKLMNOPQRSTUVWXYZabcdefghijklmnopqrstuvwxyz"; var tmp="ZZ11-"; for (i=0;i&lt;8;i++) tmp+=x.charAt(Math.ceil(51*Math.random()));tmp;}"): null&#xD;
&#xD;
2019-12-06 16:48:24 - [TEST_STEP][PASSED] - Address = selenium.getEval("{var x="ABCDEFGHIJKLMNOPQRSTUVWXYZabcdefghijklmnopqrstuvwxyz"; var tmp=""; for (i=0;i&lt;8;i++) tmp+=x.charAt(Math.ceil(51*Math.random()));tmp;}"): null&#xD;
&#xD;
2019-12-06 16:48:24 - [TEST_STEP][PASSED] - City = selenium.getEval("{var x="ABCDEFGHIJKLMNOPQRSTUVWXYZabcdefghijklmnopqrstuvwxyz"; var tmp=""; for (i=0;i&lt;8;i++) tmp+=x.charAt(Math.ceil(51*Math.random()));tmp;}"): null&#xD;
&#xD;
2019-12-06 16:48:24 - [TEST_STEP][PASSED] - tel1 = selenium.getEval("{var x="123456789"; var tmp=""; for (i=0;i&lt;3;i++) tmp+=x.charAt(Math.ceil(8*Math.random()));tmp;}"): null&#xD;
&#xD;
2019-12-06 16:48:24 - [TEST_STEP][PASSED] - tel2 = selenium.getEval("{var x="123456789"; var tmp=""; for (i=0;i&lt;3;i++) tmp+=x.charAt(Math.ceil(8*Math.random()));tmp;}"): null&#xD;
&#xD;
2019-12-06 16:48:24 - [TEST_STEP][PASSED] - tel3 = selenium.getEval("{var x="123456789"; var tmp=""; for (i=0;i&lt;4;i++) tmp+=x.charAt(Math.ceil(8*Math.random()));tmp;}"): null&#xD;
&#xD;
2019-12-06 16:48:24 - [TEST_STEP][PASSED] - Tel = selenium.getExpression(tel1 + "-" + tel2 + "-" + tel3): null&#xD;
&#xD;
2019-12-06 16:48:24 - [TEST_STEP][PASSED] - AutoEmail = selenium.getEval("{var x="ABCDEFGHIJKLMNOPQRSTUVWXYZabcdefghijklmnopqrstuvwxyz"; var tmp="test."; for (i=0;i&lt;8;i++) tmp+=x.charAt(Math.ceil(51*Math.random()));tmp+="@suryani.cn";}"): null&#xD;
&#xD;
2019-12-06 16:48:24 - [TEST_STEP][PASSED] - FirstName = FirstName: null&#xD;
&#xD;
2019-12-06 16:48:24 - [TEST_STEP][PASSED] - LastName = LastName: null&#xD;
&#xD;
2019-12-06 16:48:24 - [TEST_STEP][PASSED] - Address = Address: null&#xD;
&#xD;
2019-12-06 16:48:24 - [TEST_STEP][PASSED] - City = City: null&#xD;
&#xD;
2019-12-06 16:48:24 - [TEST_STEP][PASSED] - Tel = Tel: null&#xD;
&#xD;
2019-12-06 16:48:24 - [TEST_STEP][PASSED] - AutoEmail = AutoEmail: null&#xD;
&#xD;
2019-12-06 16:48:24 - [TEST_STEP][PASSED] - println(FirstName): null&#xD;
&#xD;
2019-12-06 16:48:24 - [TEST_STEP][PASSED] - println(LastName): null&#xD;
&#xD;
2019-12-06 16:48:25 - [TEST_STEP][PASSED] - println(Address): null&#xD;
&#xD;
2019-12-06 16:48:25 - [TEST_STEP][PASSED] - println(City): null&#xD;
&#xD;
2019-12-06 16:48:25 - [TEST_STEP][PASSED] - println(Tel): null&#xD;
&#xD;
2019-12-06 16:48:25 - [TEST_STEP][PASSED] - println(AutoEmail): null&#xD;
&#xD;
2019-12-06 16:48:25 - [MESSAGE][PASSED] - Call Test Case 'Test Cases/AHI/_include/name' successfully&#xD;
&#xD;
2019-12-06 16:48:25 - [TEST_STEP][PASSED] - leadform_exist = test.MobileKeywords.isElementPresent_Web(findTestObject("mobileSanity/quote lead form/lead_form"), 20): test.MobileKeywords.isElementPresent_Web is PASSED&#xD;
&#xD;
2019-12-06 16:48:45 - [MESSAGE][INFO] - Unable to find the element located by 'By.xpath: //*[@id = 'lightboxLeadForm']'. Please recheck the objects properties to make sure the desired element is located. &#xD;
&#xD;
2019-12-06 16:48:45 - [MESSAGE][PASSED] - test.MobileKeywords.isElementPresent_Web is PASSED&#xD;
&#xD;
2019-12-06 16:48:45 - [TEST_STEP][PASSED] - if (leadform_exist): null&#xD;
&#xD;
2019-12-06 16:48:45 - [MESSAGE][PASSED] - Call Test Case 'Test Cases/AHI/_include/check_quoteleadform' successfully&#xD;
&#xD;
2019-12-06 16:48:45 - [TEST_STEP][PASSED] - callTestCase(findTestCase("AHI/_include/get_screenshot"), [:], STOP_ON_FAILURE): Call Test Case 'Test Cases/AHI/_include/get_screenshot' successfully&#xD;
&#xD;
2019-12-06 16:48:46 - [TEST_CASE][PASSED] - Test Cases/AHI/_include/get_screenshot: Test Cases/AHI/_include/get_screenshot&#xD;
&#xD;
2019-12-06 16:48:46 - [TEST_STEP][PASSED] - takeScreenshot(screenPath + i + ".png"): Taking screenshot successfully&#xD;
&#xD;
2019-12-06 16:48:46 - [MESSAGE][PASSED] - Taking screenshot successfully&#xD;
[[ATTACHMENT|D:\\Test\\AgileTest\\AgileTest\\Reports\\AHI\\stm\\20191206_163435\\../Screenshots/iPhone 6/stm/Companion/20191206_164759/2.png]]&#xD;
&#xD;
2019-12-06 16:48:46 - [TEST_STEP][PASSED] - (internal.GlobalVariable.i++): null&#xD;
&#xD;
2019-12-06 16:48:46 - [MESSAGE][PASSED] - Call Test Case 'Test Cases/AHI/_include/get_screenshot' successfully&#xD;
&#xD;
2019-12-06 16:48:46 - [TEST_STEP][PASSED] - Thread.sleep(1000): null&#xD;
&#xD;
2019-12-06 16:48:47 - [MESSAGE][PASSED] - Call Test Case 'Test Cases/AHI/_include/census_stm' successfully&#xD;
&#xD;
2019-12-06 16:48:47 - [TEST_STEP][PASSED] - callTestCase(findTestCase("AHI/_include/filter_stm"), ["carrier":"pivotcompanion"], STOP_ON_FAILURE): Call Test Case 'Test Cases/AHI/_include/filter_stm' successfully&#xD;
&#xD;
2019-12-06 16:48:47 - [TEST_CASE][PASSED] - Test Cases/AHI/_include/filter_stm: Test Cases/AHI/_include/filter_stm&#xD;
&#xD;
2019-12-06 16:48:47 - [TEST_STEP][PASSED] - driver = getWebDriver(): null&#xD;
&#xD;
2019-12-06 16:48:47 - [TEST_STEP][PASSED] - selenium = new com.thoughtworks.selenium.webdriven.WebDriverBackedSelenium(driver, internal.GlobalVariable.ENV): null&#xD;
&#xD;
2019-12-06 16:48:47 - [TEST_STEP][PASSED] - Thread.sleep(1000): null&#xD;
&#xD;
2019-12-06 16:48:48 - [TEST_STEP][PASSED] - click(findTestObject("mobileSanity/STM/STM Quote Page/button_filters")): Object: 'Object Repository/mobileSanity/STM/STM Quote Page/button_filters' is clicked on&#xD;
&#xD;
2019-12-06 16:48:49 - [MESSAGE][PASSED] - Object: 'Object Repository/mobileSanity/STM/STM Quote Page/button_filters' is clicked on&#xD;
&#xD;
2019-12-06 16:48:49 - [TEST_STEP][PASSED] - Thread.sleep(1000): null&#xD;
&#xD;
2019-12-06 16:48:50 - [TEST_STEP][PASSED] - click(findTestObject("mobileSanity/STM/STM Quote Page/i_Insurance company")): Object: 'Object Repository/mobileSanity/STM/STM Quote Page/i_Insurance company' is clicked on&#xD;
&#xD;
2019-12-06 16:48:50 - [MESSAGE][PASSED] - Object: 'Object Repository/mobileSanity/STM/STM Quote Page/i_Insurance company' is clicked on&#xD;
&#xD;
2019-12-06 16:48:50 - [TEST_STEP][PASSED] - Thread.sleep(1000): null&#xD;
&#xD;
2019-12-06 16:48:51 - [TEST_STEP][PASSED] - filter_carrier = "//input[@name='filter[carrier]' and @value='" + carrier + "']/following::label": null&#xD;
&#xD;
2019-12-06 16:48:51 - [TEST_STEP][PASSED] - println(filter_carrier): null&#xD;
&#xD;
2019-12-06 16:48:51 - [TEST_STEP][PASSED] - test.MobileKeywords.clickJS_ByXpath(filter_carrier): test.MobileKeywords.clickJS_ByXpath is PASSED&#xD;
&#xD;
2019-12-06 16:48:51 - [MESSAGE][PASSED] - Execute JavaScript 'arguments[0].click()' successfully&#xD;
&#xD;
2019-12-06 16:48:51 - [MESSAGE][PASSED] - test.MobileKeywords.clickJS_ByXpath is PASSED&#xD;
&#xD;
2019-12-06 16:48:51 - [TEST_STEP][PASSED] - click(findTestObject("mobileSanity/STM/STM Quote Page/js-close c-link-button")): Object: 'Object Repository/mobileSanity/STM/STM Quote Page/js-close c-link-button' is clicked on&#xD;
&#xD;
2019-12-06 16:48:52 - [MESSAGE][PASSED] - Object: 'Object Repository/mobileSanity/STM/STM Quote Page/js-close c-link-button' is clicked on&#xD;
&#xD;
2019-12-06 16:48:52 - [TEST_STEP][PASSED] - Thread.sleep(2000): null&#xD;
&#xD;
2019-12-06 16:48:54 - [TEST_STEP][PASSED] - callTestCase(findTestCase("AHI/_include/get_screenshot"), [:], STOP_ON_FAILURE): Call Test Case 'Test Cases/AHI/_include/get_screenshot' successfully&#xD;
&#xD;
2019-12-06 16:48:54 - [TEST_CASE][PASSED] - Test Cases/AHI/_include/get_screenshot: Test Cases/AHI/_include/get_screenshot&#xD;
&#xD;
2019-12-06 16:48:54 - [TEST_STEP][PASSED] - takeScreenshot(screenPath + i + ".png"): Taking screenshot successfully&#xD;
&#xD;
2019-12-06 16:48:55 - [MESSAGE][PASSED] - Taking screenshot successfully&#xD;
[[ATTACHMENT|D:\\Test\\AgileTest\\AgileTest\\Reports\\AHI\\stm\\20191206_163435\\../Screenshots/iPhone 6/stm/Companion/20191206_164759/3.png]]&#xD;
&#xD;
2019-12-06 16:48:55 - [TEST_STEP][PASSED] - (internal.GlobalVariable.i++): null&#xD;
&#xD;
2019-12-06 16:48:55 - [MESSAGE][PASSED] - Call Test Case 'Test Cases/AHI/_include/get_screenshot' successfully&#xD;
&#xD;
2019-12-06 16:48:55 - [MESSAGE][PASSED] - Call Test Case 'Test Cases/AHI/_include/filter_stm' successfully&#xD;
&#xD;
2019-12-06 16:48:55 - [TEST_STEP][PASSED] - callTestCase(findTestCase("AHI/_include/goToDetail_stm"), ["carrier":"pivot-health-choice"], STOP_ON_FAILURE): Call Test Case 'Test Cases/AHI/_include/goToDetail_stm' successfully&#xD;
&#xD;
2019-12-06 16:48:55 - [TEST_CASE][PASSED] - Test Cases/AHI/_include/goToDetail_stm: Test Cases/AHI/_include/goToDetail_stm&#xD;
&#xD;
2019-12-06 16:48:55 - [TEST_STEP][PASSED] - driver = getWebDriver(): null&#xD;
&#xD;
2019-12-06 16:48:55 - [TEST_STEP][PASSED] - selenium = new com.thoughtworks.selenium.webdriven.WebDriverBackedSelenium(driver, internal.GlobalVariable.ENV): null&#xD;
&#xD;
2019-12-06 16:48:55 - [TEST_STEP][PASSED] - a_plan_name = "xpath=//a[contains(@href,'/term-health-insurance/plan/" + carrier + "')]": null&#xD;
&#xD;
2019-12-06 16:48:55 - [TEST_STEP][PASSED] - println(a_plan_name): null&#xD;
&#xD;
2019-12-06 16:48:55 - [TEST_STEP][PASSED] - selenium.click(a_plan_name): null&#xD;
&#xD;
2019-12-06 16:48:59 - [TEST_STEP][PASSED] - waitForPageLoad(20): Wait for page load successfully&#xD;
&#xD;
2019-12-06 16:49:00 - [MESSAGE][PASSED] - Wait for page load successfully&#xD;
&#xD;
2019-12-06 16:49:00 - [TEST_STEP][PASSED] - Thread.sleep(2000): null&#xD;
&#xD;
2019-12-06 16:49:02 - [TEST_STEP][PASSED] - callTestCase(findTestCase("AHI/_include/get_screenshot"), [:], STOP_ON_FAILURE): Call Test Case 'Test Cases/AHI/_include/get_screenshot' successfully&#xD;
&#xD;
2019-12-06 16:49:02 - [TEST_CASE][PASSED] - Test Cases/AHI/_include/get_screenshot: Test Cases/AHI/_include/get_screenshot&#xD;
&#xD;
2019-12-06 16:49:02 - [TEST_STEP][PASSED] - takeScreenshot(screenPath + i + ".png"): Taking screenshot successfully&#xD;
&#xD;
2019-12-06 16:49:03 - [MESSAGE][PASSED] - Taking screenshot successfully&#xD;
[[ATTACHMENT|D:\\Test\\AgileTest\\AgileTest\\Reports\\AHI\\stm\\20191206_163435\\../Screenshots/iPhone 6/stm/Companion/20191206_164759/4.png]]&#xD;
&#xD;
2019-12-06 16:49:03 - [TEST_STEP][PASSED] - (internal.GlobalVariable.i++): null&#xD;
&#xD;
2019-12-06 16:49:03 - [MESSAGE][PASSED] - Call Test Case 'Test Cases/AHI/_include/get_screenshot' successfully&#xD;
&#xD;
2019-12-06 16:49:03 - [MESSAGE][PASSED] - Call Test Case 'Test Cases/AHI/_include/goToDetail_stm' successfully&#xD;
&#xD;
2019-12-06 16:49:03 - [TEST_STEP][PASSED] - callTestCase(findTestCase("AHI/_include/apply_stm"), [:], STOP_ON_FAILURE): Call Test Case 'Test Cases/AHI/_include/apply_stm' successfully&#xD;
&#xD;
2019-12-06 16:49:03 - [TEST_CASE][PASSED] - Test Cases/AHI/_include/apply_stm: Test Cases/AHI/_include/apply_stm&#xD;
&#xD;
2019-12-06 16:49:03 - [TEST_STEP][PASSED] - waitForElementVisible(findTestObject("mobileSanity/STM/STM PlanDetail Page/a_Apply for This Plan"), 5): Object 'Object Repository/mobileSanity/STM/STM PlanDetail Page/a_Apply for This Plan' is visible&#xD;
&#xD;
2019-12-06 16:49:03 - [MESSAGE][PASSED] - Object 'Object Repository/mobileSanity/STM/STM PlanDetail Page/a_Apply for This Plan' is visible&#xD;
&#xD;
2019-12-06 16:49:03 - [TEST_STEP][PASSED] - click(findTestObject("mobileSanity/STM/STM PlanDetail Page/a_Apply for This Plan")): Object: 'Object Repository/mobileSanity/STM/STM PlanDetail Page/a_Apply for This Plan' is clicked on&#xD;
&#xD;
2019-12-06 16:49:05 - [MESSAGE][PASSED] - Object: 'Object Repository/mobileSanity/STM/STM PlanDetail Page/a_Apply for This Plan' is clicked on&#xD;
&#xD;
2019-12-06 16:49:05 - [TEST_STEP][PASSED] - waitForPageLoad(10): Wait for page load successfully&#xD;
&#xD;
2019-12-06 16:49:05 - [MESSAGE][PASSED] - Wait for page load successfully&#xD;
&#xD;
2019-12-06 16:49:05 - [TEST_STEP][PASSED] - Thread.sleep(2000): null&#xD;
&#xD;
2019-12-06 16:49:07 - [TEST_STEP][PASSED] - callTestCase(findTestCase("AHI/_include/get_screenshot"), [:], STOP_ON_FAILURE): Call Test Case 'Test Cases/AHI/_include/get_screenshot' successfully&#xD;
&#xD;
2019-12-06 16:49:08 - [TEST_CASE][PASSED] - Test Cases/AHI/_include/get_screenshot: Test Cases/AHI/_include/get_screenshot&#xD;
&#xD;
2019-12-06 16:49:08 - [TEST_STEP][PASSED] - takeScreenshot(screenPath + i + ".png"): Taking screenshot successfully&#xD;
&#xD;
2019-12-06 16:49:08 - [MESSAGE][PASSED] - Taking screenshot successfully&#xD;
[[ATTACHMENT|D:\\Test\\AgileTest\\AgileTest\\Reports\\AHI\\stm\\20191206_163435\\../Screenshots/iPhone 6/stm/Companion/20191206_164759/5.png]]&#xD;
&#xD;
2019-12-06 16:49:08 - [TEST_STEP][PASSED] - (internal.GlobalVariable.i++): null&#xD;
&#xD;
2019-12-06 16:49:08 - [MESSAGE][PASSED] - Call Test Case 'Test Cases/AHI/_include/get_screenshot' successfully&#xD;
&#xD;
2019-12-06 16:49:08 - [TEST_STEP][PASSED] - waitForElementVisible(findTestObject("mobileSanity/STM/STM Apply Page/a_Start Secure Application"), 5): Object 'Object Repository/mobileSanity/STM/STM Apply Page/a_Start Secure Application' is visible&#xD;
&#xD;
2019-12-06 16:49:08 - [MESSAGE][PASSED] - Object 'Object Repository/mobileSanity/STM/STM Apply Page/a_Start Secure Application' is visible&#xD;
&#xD;
2019-12-06 16:49:08 - [TEST_STEP][PASSED] - click(findTestObject("mobileSanity/STM/STM Apply Page/a_Start Secure Application")): Object: 'Object Repository/mobileSanity/STM/STM Apply Page/a_Start Secure Application' is clicked on&#xD;
&#xD;
2019-12-06 16:49:12 - [MESSAGE][PASSED] - Object: 'Object Repository/mobileSanity/STM/STM Apply Page/a_Start Secure Application' is clicked on&#xD;
&#xD;
2019-12-06 16:49:12 - [TEST_STEP][PASSED] - waitForPageLoad(20): Wait for page load successfully&#xD;
&#xD;
2019-12-06 16:49:14 - [MESSAGE][PASSED] - Wait for page load successfully&#xD;
&#xD;
2019-12-06 16:49:14 - [TEST_STEP][PASSED] - Thread.sleep(2000): null&#xD;
&#xD;
2019-12-06 16:49:16 - [TEST_STEP][PASSED] - callTestCase(findTestCase("AHI/_include/get_screenshot"), [:], STOP_ON_FAILURE): Call Test Case 'Test Cases/AHI/_include/get_screenshot' successfully&#xD;
&#xD;
2019-12-06 16:49:16 - [TEST_CASE][PASSED] - Test Cases/AHI/_include/get_screenshot: Test Cases/AHI/_include/get_screenshot&#xD;
&#xD;
2019-12-06 16:49:16 - [TEST_STEP][PASSED] - takeScreenshot(screenPath + i + ".png"): Taking screenshot successfully&#xD;
&#xD;
2019-12-06 16:49:16 - [MESSAGE][PASSED] - Taking screenshot successfully&#xD;
[[ATTACHMENT|D:\\Test\\AgileTest\\AgileTest\\Reports\\AHI\\stm\\20191206_163435\\../Screenshots/iPhone 6/stm/Companion/20191206_164759/6.png]]&#xD;
&#xD;
2019-12-06 16:49:16 - [TEST_STEP][PASSED] - (internal.GlobalVariable.i++): null&#xD;
&#xD;
2019-12-06 16:49:16 - [MESSAGE][PASSED] - Call Test Case 'Test Cases/AHI/_include/get_screenshot' successfully&#xD;
&#xD;
2019-12-06 16:49:16 - [MESSAGE][PASSED] - Call Test Case 'Test Cases/AHI/_include/apply_stm' successfully&#xD;
&#xD;
2019-12-06 16:49:16 - [TEST_STEP][PASSED] - callTestCase(findTestCase("AHI/_include/goToEnd_stm_autofill"), [:], STOP_ON_FAILURE): Call Test Case 'Test Cases/AHI/_include/goToEnd_stm_autofill' successfully&#xD;
&#xD;
2019-12-06 16:49:16 - [TEST_CASE][PASSED] - Test Cases/AHI/_include/goToEnd_stm_autofill: Test Cases/AHI/_include/goToEnd_stm_autofill&#xD;
&#xD;
2019-12-06 16:49:16 - [TEST_STEP][PASSED] - callTestCase(findTestCase("AHI/_include/name"), [:], CONTINUE_ON_FAILURE): Call Test Case 'Test Cases/AHI/_include/name' successfully&#xD;
&#xD;
2019-12-06 16:49:16 - [TEST_CASE][PASSED] - Test Cases/AHI/_include/name: Test Cases/AHI/_include/name&#xD;
&#xD;
2019-12-06 16:49:17 - [TEST_STEP][PASSED] - driver = getWebDriver(): null&#xD;
&#xD;
2019-12-06 16:49:17 - [TEST_STEP][PASSED] - selenium = new com.thoughtworks.selenium.webdriven.WebDriverBackedSelenium(driver, internal.GlobalVariable.ENV): null&#xD;
&#xD;
2019-12-06 16:49:17 - [TEST_STEP][PASSED] - FirstName = "Test-123": null&#xD;
&#xD;
2019-12-06 16:49:17 - [TEST_STEP][PASSED] - LastName = selenium.getEval("{var x="ABCDEFGHIJKLMNOPQRSTUVWXYZabcdefghijklmnopqrstuvwxyz"; var tmp="ZZ11-"; for (i=0;i&lt;8;i++) tmp+=x.charAt(Math.ceil(51*Math.random()));tmp;}"): null&#xD;
&#xD;
2019-12-06 16:49:17 - [TEST_STEP][PASSED] - Address = selenium.getEval("{var x="ABCDEFGHIJKLMNOPQRSTUVWXYZabcdefghijklmnopqrstuvwxyz"; var tmp=""; for (i=0;i&lt;8;i++) tmp+=x.charAt(Math.ceil(51*Math.random()));tmp;}"): null&#xD;
&#xD;
2019-12-06 16:49:17 - [TEST_STEP][PASSED] - City = selenium.getEval("{var x="ABCDEFGHIJKLMNOPQRSTUVWXYZabcdefghijklmnopqrstuvwxyz"; var tmp=""; for (i=0;i&lt;8;i++) tmp+=x.charAt(Math.ceil(51*Math.random()));tmp;}"): null&#xD;
&#xD;
2019-12-06 16:49:17 - [TEST_STEP][PASSED] - tel1 = selenium.getEval("{var x="123456789"; var tmp=""; for (i=0;i&lt;3;i++) tmp+=x.charAt(Math.ceil(8*Math.random()));tmp;}"): null&#xD;
&#xD;
2019-12-06 16:49:17 - [TEST_STEP][PASSED] - tel2 = selenium.getEval("{var x="123456789"; var tmp=""; for (i=0;i&lt;3;i++) tmp+=x.charAt(Math.ceil(8*Math.random()));tmp;}"): null&#xD;
&#xD;
2019-12-06 16:49:17 - [TEST_STEP][PASSED] - tel3 = selenium.getEval("{var x="123456789"; var tmp=""; for (i=0;i&lt;4;i++) tmp+=x.charAt(Math.ceil(8*Math.random()));tmp;}"): null&#xD;
&#xD;
2019-12-06 16:49:17 - [TEST_STEP][PASSED] - Tel = selenium.getExpression(tel1 + "-" + tel2 + "-" + tel3): null&#xD;
&#xD;
2019-12-06 16:49:17 - [TEST_STEP][PASSED] - AutoEmail = selenium.getEval("{var x="ABCDEFGHIJKLMNOPQRSTUVWXYZabcdefghijklmnopqrstuvwxyz"; var tmp="test."; for (i=0;i&lt;8;i++) tmp+=x.charAt(Math.ceil(51*Math.random()));tmp+="@suryani.cn";}"): null&#xD;
&#xD;
2019-12-06 16:49:18 - [TEST_STEP][PASSED] - FirstName = FirstName: null&#xD;
&#xD;
2019-12-06 16:49:18 - [TEST_STEP][PASSED] - LastName = LastName: null&#xD;
&#xD;
2019-12-06 16:49:18 - [TEST_STEP][PASSED] - Address = Address: null&#xD;
&#xD;
2019-12-06 16:49:18 - [TEST_STEP][PASSED] - City = City: null&#xD;
&#xD;
2019-12-06 16:49:18 - [TEST_STEP][PASSED] - Tel = Tel: null&#xD;
&#xD;
2019-12-06 16:49:18 - [TEST_STEP][PASSED] - AutoEmail = AutoEmail: null&#xD;
&#xD;
2019-12-06 16:49:18 - [TEST_STEP][PASSED] - println(FirstName): null&#xD;
&#xD;
2019-12-06 16:49:18 - [TEST_STEP][PASSED] - println(LastName): null&#xD;
&#xD;
2019-12-06 16:49:18 - [TEST_STEP][PASSED] - println(Address): null&#xD;
&#xD;
2019-12-06 16:49:18 - [TEST_STEP][PASSED] - println(City): null&#xD;
&#xD;
2019-12-06 16:49:18 - [TEST_STEP][PASSED] - println(Tel): null&#xD;
&#xD;
2019-12-06 16:49:18 - [TEST_STEP][PASSED] - println(AutoEmail): null&#xD;
&#xD;
2019-12-06 16:49:18 - [MESSAGE][PASSED] - Call Test Case 'Test Cases/AHI/_include/name' successfully&#xD;
&#xD;
2019-12-06 16:49:18 - [TEST_STEP][FAILED] - try: Unable to verify text 'Month Duration Acknowledgement' is present  (Root cause: com.kms.katalon.core.exception.StepFailedException: Unable to verify text 'Month Duration Acknowledgement' is present &#xD;
	at com.kms.katalon.core.webui.keyword.internal.WebUIKeywordMain.stepFailed(WebUIKeywordMain.groovy:64)&#xD;
	at com.kms.katalon.core.webui.keyword.internal.WebUIKeywordMain.runKeyword(WebUIKeywordMain.groovy:26)&#xD;
	at com.kms.katalon.core.webui.keyword.builtin.VerifyTextPresentKeyword.verifyTextPresent(VerifyTextPresentKeyword.groovy:83)&#xD;
	at com.kms.katalon.core.webui.keyword.builtin.VerifyTextPresentKeyword.execute(VerifyTextPresentKeyword.groovy:68)&#xD;
	at com.kms.katalon.core.keyword.internal.KeywordExecutor.executeKeywordForPlatform(KeywordExecutor.groovy:56)&#xD;
	at com.kms.katalon.core.webui.keyword.WebUiBuiltInKeywords.verifyTextPresent(WebUiBuiltInKeywords.groovy:1693)&#xD;
	at com.kms.katalon.core.webui.keyword.WebUiBuiltInKeywords$verifyTextPresent$8.call(Unknown Source)&#xD;
	at goToEnd_stm_autofill.run(goToEnd_stm_autofill:19)&#xD;
	at com.kms.katalon.core.main.ScriptEngine.run(ScriptEngine.java:194)&#xD;
	at com.kms.katalon.core.main.ScriptEngine.runScriptAsRawText(ScriptEngine.java:119)&#xD;
	at com.kms.katalon.core.main.TestCaseExecutor.runScript(TestCaseExecutor.java:337)&#xD;
	at com.kms.katalon.core.main.TestCaseExecutor.doExecute(TestCaseExecutor.java:328)&#xD;
	at com.kms.katalon.core.main.TestCaseExecutor.processExecutionPhase(TestCaseExecutor.java:307)&#xD;
	at com.kms.katalon.core.main.TestCaseExecutor.accessMainPhase(TestCaseExecutor.java:299)&#xD;
	at com.kms.katalon.core.main.TestCaseExecutor.execute(TestCaseExecutor.java:233)&#xD;
	at com.kms.katalon.core.main.TestCaseMain.runTestCase(TestCaseMain.java:114)&#xD;
	at com.kms.katalon.core.keyword.builtin.CallTestCaseKeyword$_callTestCase_closure1.doCall(CallTestCaseKeyword.groovy:59)&#xD;
	at com.kms.katalon.core.keyword.builtin.CallTestCaseKeyword$_callTestCase_closure1.call(CallTestCaseKeyword.groovy)&#xD;
	at com.kms.katalon.core.keyword.internal.KeywordMain.runKeyword(KeywordMain.groovy:68)&#xD;
	at com.kms.katalon.core.keyword.builtin.CallTestCaseKeyword.callTestCase(CallTestCaseKeyword.groovy:81)&#xD;
	at com.kms.katalon.core.keyword.builtin.CallTestCaseKeyword.execute(CallTestCaseKeyword.groovy:44)&#xD;
	at com.kms.katalon.core.keyword.internal.KeywordExecutor.executeKeywordForPlatform(KeywordExecutor.groovy:56)&#xD;
	at com.kms.katalon.core.keyword.BuiltinKeywords.callTestCase(BuiltinKeywords.groovy:334)&#xD;
	at Companion.run(Companion:31)&#xD;
	at com.kms.katalon.core.main.ScriptEngine.run(ScriptEngine.java:194)&#xD;
	at com.kms.katalon.core.main.ScriptEngine.runScriptAsRawText(ScriptEngine.java:119)&#xD;
	at com.kms.katalon.core.main.TestCaseExecutor.runScript(TestCaseExecutor.java:337)&#xD;
	at com.kms.katalon.core.main.TestCaseExecutor.doExecute(TestCaseExecutor.java:328)&#xD;
	at com.kms.katalon.core.main.TestCaseExecutor.processExecutionPhase(TestCaseExecutor.java:307)&#xD;
	at com.kms.katalon.core.main.TestCaseExecutor.accessMainPhase(TestCaseExecutor.java:299)&#xD;
	at com.kms.katalon.core.main.TestCaseExecutor.execute(TestCaseExecutor.java:233)&#xD;
	at com.kms.katalon.core.main.TestSuiteExecutor.accessTestCaseMainPhase(TestSuiteExecutor.java:133)&#xD;
	at com.kms.katalon.core.main.TestSuiteExecutor.accessTestSuiteMainPhase(TestSuiteExecutor.java:116)&#xD;
	at com.kms.katalon.core.main.TestSuiteExecutor.execute(TestSuiteExecutor.java:83)&#xD;
	at com.kms.katalon.core.main.TestCaseMain.startTestSuite(TestCaseMain.java:157)&#xD;
	at com.kms.katalon.core.main.TestCaseMain$startTestSuite$0.call(Unknown Source)&#xD;
	at TempTestSuite1575621275705.run(TempTestSuite1575621275705.groovy:35)&#xD;
Caused by: com.kms.katalon.core.exception.StepFailedException: Text 'Month Duration Acknowledgement' is not present on page &#xD;
	at com.kms.katalon.core.webui.keyword.internal.WebUIKeywordMain.stepFailed(WebUIKeywordMain.groovy:64)&#xD;
	at com.kms.katalon.core.webui.keyword.builtin.VerifyTextPresentKeyword$_verifyTextPresent_closure1.doCall(VerifyTextPresentKeyword.groovy:79)&#xD;
	at com.kms.katalon.core.webui.keyword.builtin.VerifyTextPresentKeyword$_verifyTextPresent_closure1.call(VerifyTextPresentKeyword.groovy)&#xD;
	at com.kms.katalon.core.webui.keyword.internal.WebUIKeywordMain.runKeyword(WebUIKeywordMain.groovy:20)&#xD;
	... 35 more&#xD;
)&#xD;
&#xD;
2019-12-06 16:49:18 - [TEST_STEP][FAILED] - if (verifyTextPresent("Month Duration Acknowledgement", false)): Unable to verify text 'Month Duration Acknowledgement' is present  (Root cause: com.kms.katalon.core.exception.StepFailedException: Unable to verify text 'Month Duration Acknowledgement' is present &#xD;
	at com.kms.katalon.core.webui.keyword.internal.WebUIKeywordMain.stepFailed(WebUIKeywordMain.groovy:64)&#xD;
	at com.kms.katalon.core.webui.keyword.internal.WebUIKeywordMain.runKeyword(WebUIKeywordMain.groovy:26)&#xD;
	at com.kms.katalon.core.webui.keyword.builtin.VerifyTextPresentKeyword.verifyTextPresent(VerifyTextPresentKeyword.groovy:83)&#xD;
	at com.kms.katalon.core.webui.keyword.builtin.VerifyTextPresentKeyword.execute(VerifyTextPresentKeyword.groovy:68)&#xD;
	at com.kms.katalon.core.keyword.internal.KeywordExecutor.executeKeywordForPlatform(KeywordExecutor.groovy:56)&#xD;
	at com.kms.katalon.core.webui.keyword.WebUiBuiltInKeywords.verifyTextPresent(WebUiBuiltInKeywords.groovy:1693)&#xD;
	at com.kms.katalon.core.webui.keyword.WebUiBuiltInKeywords$verifyTextPresent$8.call(Unknown Source)&#xD;
	at goToEnd_stm_autofill.run(goToEnd_stm_autofill:19)&#xD;
	at com.kms.katalon.core.main.ScriptEngine.run(ScriptEngine.java:194)&#xD;
	at com.kms.katalon.core.main.ScriptEngine.runScriptAsRawText(ScriptEngine.java:119)&#xD;
	at com.kms.katalon.core.main.TestCaseExecutor.runScript(TestCaseExecutor.java:337)&#xD;
	at com.kms.katalon.core.main.TestCaseExecutor.doExecute(TestCaseExecutor.java:328)&#xD;
	at com.kms.katalon.core.main.TestCaseExecutor.processExecutionPhase(TestCaseExecutor.java:307)&#xD;
	at com.kms.katalon.core.main.TestCaseExecutor.accessMainPhase(TestCaseExecutor.java:299)&#xD;
	at com.kms.katalon.core.main.TestCaseExecutor.execute(TestCaseExecutor.java:233)&#xD;
	at com.kms.katalon.core.main.TestCaseMain.runTestCase(TestCaseMain.java:114)&#xD;
	at com.kms.katalon.core.keyword.builtin.CallTestCaseKeyword$_callTestCase_closure1.doCall(CallTestCaseKeyword.groovy:59)&#xD;
	at com.kms.katalon.core.keyword.builtin.CallTestCaseKeyword$_callTestCase_closure1.call(CallTestCaseKeyword.groovy)&#xD;
	at com.kms.katalon.core.keyword.internal.KeywordMain.runKeyword(KeywordMain.groovy:68)&#xD;
	at com.kms.katalon.core.keyword.builtin.CallTestCaseKeyword.callTestCase(CallTestCaseKeyword.groovy:81)&#xD;
	at com.kms.katalon.core.keyword.builtin.CallTestCaseKeyword.execute(CallTestCaseKeyword.groovy:44)&#xD;
	at com.kms.katalon.core.keyword.internal.KeywordExecutor.executeKeywordForPlatform(KeywordExecutor.groovy:56)&#xD;
	at com.kms.katalon.core.keyword.BuiltinKeywords.callTestCase(BuiltinKeywords.groovy:334)&#xD;
	at Companion.run(Companion:31)&#xD;
	at com.kms.katalon.core.main.ScriptEngine.run(ScriptEngine.java:194)&#xD;
	at com.kms.katalon.core.main.ScriptEngine.runScriptAsRawText(ScriptEngine.java:119)&#xD;
	at com.kms.katalon.core.main.TestCaseExecutor.runScript(TestCaseExecutor.java:337)&#xD;
	at com.kms.katalon.core.main.TestCaseExecutor.doExecute(TestCaseExecutor.java:328)&#xD;
	at com.kms.katalon.core.main.TestCaseExecutor.processExecutionPhase(TestCaseExecutor.java:307)&#xD;
	at com.kms.katalon.core.main.TestCaseExecutor.accessMainPhase(TestCaseExecutor.java:299)&#xD;
	at com.kms.katalon.core.main.TestCaseExecutor.execute(TestCaseExecutor.java:233)&#xD;
	at com.kms.katalon.core.main.TestSuiteExecutor.accessTestCaseMainPhase(TestSuiteExecutor.java:133)&#xD;
	at com.kms.katalon.core.main.TestSuiteExecutor.accessTestSuiteMainPhase(TestSuiteExecutor.java:116)&#xD;
	at com.kms.katalon.core.main.TestSuiteExecutor.execute(TestSuiteExecutor.java:83)&#xD;
	at com.kms.katalon.core.main.TestCaseMain.startTestSuite(TestCaseMain.java:157)&#xD;
	at com.kms.katalon.core.main.TestCaseMain$startTestSuite$0.call(Unknown Source)&#xD;
	at TempTestSuite1575621275705.run(TempTestSuite1575621275705.groovy:35)&#xD;
Caused by: com.kms.katalon.core.exception.StepFailedException: Text 'Month Duration Acknowledgement' is not present on page &#xD;
	at com.kms.katalon.core.webui.keyword.internal.WebUIKeywordMain.stepFailed(WebUIKeywordMain.groovy:64)&#xD;
	at com.kms.katalon.core.webui.keyword.builtin.VerifyTextPresentKeyword$_verifyTextPresent_closure1.doCall(VerifyTextPresentKeyword.groovy:79)&#xD;
	at com.kms.katalon.core.webui.keyword.builtin.VerifyTextPresentKeyword$_verifyTextPresent_closure1.call(VerifyTextPresentKeyword.groovy)&#xD;
	at com.kms.katalon.core.webui.keyword.internal.WebUIKeywordMain.runKeyword(WebUIKeywordMain.groovy:20)&#xD;
	... 35 more&#xD;
)&#xD;
&#xD;
2019-12-06 16:49:19 - [MESSAGE][FAILED] - Text 'Month Duration Acknowledgement' is not present on page  (Root cause: com.kms.katalon.core.exception.StepFailedException: Text 'Month Duration Acknowledgement' is not present on page &#xD;
	at com.kms.katalon.core.webui.keyword.internal.WebUIKeywordMain.stepFailed(WebUIKeywordMain.groovy:64)&#xD;
	at com.kms.katalon.core.webui.keyword.builtin.VerifyTextPresentKeyword$_verifyTextPresent_closure1.doCall(VerifyTextPresentKeyword.groovy:79)&#xD;
	at com.kms.katalon.core.webui.keyword.builtin.VerifyTextPresentKeyword$_verifyTextPresent_closure1.call(VerifyTextPresentKeyword.groovy)&#xD;
	at com.kms.katalon.core.webui.keyword.internal.WebUIKeywordMain.runKeyword(WebUIKeywordMain.groovy:20)&#xD;
	at com.kms.katalon.core.webui.keyword.builtin.VerifyTextPresentKeyword.verifyTextPresent(VerifyTextPresentKeyword.groovy:83)&#xD;
	at com.kms.katalon.core.webui.keyword.builtin.VerifyTextPresentKeyword.execute(VerifyTextPresentKeyword.groovy:68)&#xD;
	at com.kms.katalon.core.keyword.internal.KeywordExecutor.executeKeywordForPlatform(KeywordExecutor.groovy:56)&#xD;
	at com.kms.katalon.core.webui.keyword.WebUiBuiltInKeywords.verifyTextPresent(WebUiBuiltInKeywords.groovy:1693)&#xD;
	at com.kms.katalon.core.webui.keyword.WebUiBuiltInKeywords$verifyTextPresent$8.call(Unknown Source)&#xD;
	at goToEnd_stm_autofill.run(goToEnd_stm_autofill:19)&#xD;
	at com.kms.katalon.core.main.ScriptEngine.run(ScriptEngine.java:194)&#xD;
	at com.kms.katalon.core.main.ScriptEngine.runScriptAsRawText(ScriptEngine.java:119)&#xD;
	at com.kms.katalon.core.main.TestCaseExecutor.runScript(TestCaseExecutor.java:337)&#xD;
	at com.kms.katalon.core.main.TestCaseExecutor.doExecute(TestCaseExecutor.java:328)&#xD;
	at com.kms.katalon.core.main.TestCaseExecutor.processExecutionPhase(TestCaseExecutor.java:307)&#xD;
	at com.kms.katalon.core.main.TestCaseExecutor.accessMainPhase(TestCaseExecutor.java:299)&#xD;
	at com.kms.katalon.core.main.TestCaseExecutor.execute(TestCaseExecutor.java:233)&#xD;
	at com.kms.katalon.core.main.TestCaseMain.runTestCase(TestCaseMain.java:114)&#xD;
	at com.kms.katalon.core.keyword.builtin.CallTestCaseKeyword$_callTestCase_closure1.doCall(CallTestCaseKeyword.groovy:59)&#xD;
	at com.kms.katalon.core.keyword.builtin.CallTestCaseKeyword$_callTestCase_closure1.call(CallTestCaseKeyword.groovy)&#xD;
	at com.kms.katalon.core.keyword.internal.KeywordMain.runKeyword(KeywordMain.groovy:68)&#xD;
	at com.kms.katalon.core.keyword.builtin.CallTestCaseKeyword.callTestCase(CallTestCaseKeyword.groovy:81)&#xD;
	at com.kms.katalon.core.keyword.builtin.CallTestCaseKeyword.execute(CallTestCaseKeyword.groovy:44)&#xD;
	at com.kms.katalon.core.keyword.internal.KeywordExecutor.executeKeywordForPlatform(KeywordExecutor.groovy:56)&#xD;
	at com.kms.katalon.core.keyword.BuiltinKeywords.callTestCase(BuiltinKeywords.groovy:334)&#xD;
	at Companion.run(Companion:31)&#xD;
	at com.kms.katalon.core.main.ScriptEngine.run(ScriptEngine.java:194)&#xD;
	at com.kms.katalon.core.main.ScriptEngine.runScriptAsRawText(ScriptEngine.java:119)&#xD;
	at com.kms.katalon.core.main.TestCaseExecutor.runScript(TestCaseExecutor.java:337)&#xD;
	at com.kms.katalon.core.main.TestCaseExecutor.doExecute(TestCaseExecutor.java:328)&#xD;
	at com.kms.katalon.core.main.TestCaseExecutor.processExecutionPhase(TestCaseExecutor.java:307)&#xD;
	at com.kms.katalon.core.main.TestCaseExecutor.accessMainPhase(TestCaseExecutor.java:299)&#xD;
	at com.kms.katalon.core.main.TestCaseExecutor.execute(TestCaseExecutor.java:233)&#xD;
	at com.kms.katalon.core.main.TestSuiteExecutor.accessTestCaseMainPhase(TestSuiteExecutor.java:133)&#xD;
	at com.kms.katalon.core.main.TestSuiteExecutor.accessTestSuiteMainPhase(TestSuiteExecutor.java:116)&#xD;
	at com.kms.katalon.core.main.TestSuiteExecutor.execute(TestSuiteExecutor.java:83)&#xD;
	at com.kms.katalon.core.main.TestCaseMain.startTestSuite(TestCaseMain.java:157)&#xD;
	at com.kms.katalon.core.main.TestCaseMain$startTestSuite$0.call(Unknown Source)&#xD;
	at TempTestSuite1575621275705.run(TempTestSuite1575621275705.groovy:35)&#xD;
)&#xD;
&#xD;
2019-12-06 16:49:20 - [MESSAGE][FAILED] - Unable to verify text 'Month Duration Acknowledgement' is present  (Root cause: com.kms.katalon.core.exception.StepFailedException: Unable to verify text 'Month Duration Acknowledgement' is present &#xD;
	at com.kms.katalon.core.webui.keyword.internal.WebUIKeywordMain.stepFailed(WebUIKeywordMain.groovy:64)&#xD;
	at com.kms.katalon.core.webui.keyword.internal.WebUIKeywordMain.runKeyword(WebUIKeywordMain.groovy:26)&#xD;
	at com.kms.katalon.core.webui.keyword.builtin.VerifyTextPresentKeyword.verifyTextPresent(VerifyTextPresentKeyword.groovy:83)&#xD;
	at com.kms.katalon.core.webui.keyword.builtin.VerifyTextPresentKeyword.execute(VerifyTextPresentKeyword.groovy:68)&#xD;
	at com.kms.katalon.core.keyword.internal.KeywordExecutor.executeKeywordForPlatform(KeywordExecutor.groovy:56)&#xD;
	at com.kms.katalon.core.webui.keyword.WebUiBuiltInKeywords.verifyTextPresent(WebUiBuiltInKeywords.groovy:1693)&#xD;
	at com.kms.katalon.core.webui.keyword.WebUiBuiltInKeywords$verifyTextPresent$8.call(Unknown Source)&#xD;
	at goToEnd_stm_autofill.run(goToEnd_stm_autofill:19)&#xD;
	at com.kms.katalon.core.main.ScriptEngine.run(ScriptEngine.java:194)&#xD;
	at com.kms.katalon.core.main.ScriptEngine.runScriptAsRawText(ScriptEngine.java:119)&#xD;
	at com.kms.katalon.core.main.TestCaseExecutor.runScript(TestCaseExecutor.java:337)&#xD;
	at com.kms.katalon.core.main.TestCaseExecutor.doExecute(TestCaseExecutor.java:328)&#xD;
	at com.kms.katalon.core.main.TestCaseExecutor.processExecutionPhase(TestCaseExecutor.java:307)&#xD;
	at com.kms.katalon.core.main.TestCaseExecutor.accessMainPhase(TestCaseExecutor.java:299)&#xD;
	at com.kms.katalon.core.main.TestCaseExecutor.execute(TestCaseExecutor.java:233)&#xD;
	at com.kms.katalon.core.main.TestCaseMain.runTestCase(TestCaseMain.java:114)&#xD;
	at com.kms.katalon.core.keyword.builtin.CallTestCaseKeyword$_callTestCase_closure1.doCall(CallTestCaseKeyword.groovy:59)&#xD;
	at com.kms.katalon.core.keyword.builtin.CallTestCaseKeyword$_callTestCase_closure1.call(CallTestCaseKeyword.groovy)&#xD;
	at com.kms.katalon.core.keyword.internal.KeywordMain.runKeyword(KeywordMain.groovy:68)&#xD;
	at com.kms.katalon.core.keyword.builtin.CallTestCaseKeyword.callTestCase(CallTestCaseKeyword.groovy:81)&#xD;
	at com.kms.katalon.core.keyword.builtin.CallTestCaseKeyword.execute(CallTestCaseKeyword.groovy:44)&#xD;
	at com.kms.katalon.core.keyword.internal.KeywordExecutor.executeKeywordForPlatform(KeywordExecutor.groovy:56)&#xD;
	at com.kms.katalon.core.keyword.BuiltinKeywords.callTestCase(BuiltinKeywords.groovy:334)&#xD;
	at Companion.run(Companion:31)&#xD;
	at com.kms.katalon.core.main.ScriptEngine.run(ScriptEngine.java:194)&#xD;
	at com.kms.katalon.core.main.ScriptEngine.runScriptAsRawText(ScriptEngine.java:119)&#xD;
	at com.kms.katalon.core.main.TestCaseExecutor.runScript(TestCaseExecutor.java:337)&#xD;
	at com.kms.katalon.core.main.TestCaseExecutor.doExecute(TestCaseExecutor.java:328)&#xD;
	at com.kms.katalon.core.main.TestCaseExecutor.processExecutionPhase(TestCaseExecutor.java:307)&#xD;
	at com.kms.katalon.core.main.TestCaseExecutor.accessMainPhase(TestCaseExecutor.java:299)&#xD;
	at com.kms.katalon.core.main.TestCaseExecutor.execute(TestCaseExecutor.java:233)&#xD;
	at com.kms.katalon.core.main.TestSuiteExecutor.accessTestCaseMainPhase(TestSuiteExecutor.java:133)&#xD;
	at com.kms.katalon.core.main.TestSuiteExecutor.accessTestSuiteMainPhase(TestSuiteExecutor.java:116)&#xD;
	at com.kms.katalon.core.main.TestSuiteExecutor.execute(TestSuiteExecutor.java:83)&#xD;
	at com.kms.katalon.core.main.TestCaseMain.startTestSuite(TestCaseMain.java:157)&#xD;
	at com.kms.katalon.core.main.TestCaseMain$startTestSuite$0.call(Unknown Source)&#xD;
	at TempTestSuite1575621275705.run(TempTestSuite1575621275705.groovy:35)&#xD;
Caused by: com.kms.katalon.core.exception.StepFailedException: Text 'Month Duration Acknowledgement' is not present on page &#xD;
	at com.kms.katalon.core.webui.keyword.internal.WebUIKeywordMain.stepFailed(WebUIKeywordMain.groovy:64)&#xD;
	at com.kms.katalon.core.webui.keyword.builtin.VerifyTextPresentKeyword$_verifyTextPresent_closure1.doCall(VerifyTextPresentKeyword.groovy:79)&#xD;
	at com.kms.katalon.core.webui.keyword.builtin.VerifyTextPresentKeyword$_verifyTextPresent_closure1.call(VerifyTextPresentKeyword.groovy)&#xD;
	at com.kms.katalon.core.webui.keyword.internal.WebUIKeywordMain.runKeyword(WebUIKeywordMain.groovy:20)&#xD;
	... 35 more&#xD;
)&#xD;
[[ATTACHMENT|D:\\Test\\AgileTest\\AgileTest\\Reports\\AHI\\stm\\20191206_163435\\1575622159656.png]]&#xD;
&#xD;
2019-12-06 16:49:20 - [TEST_STEP][PASSED] - catch (Exception e): null&#xD;
&#xD;
2019-12-06 16:49:20 - [TEST_STEP][PASSED] - println("no consecutive"): null&#xD;
&#xD;
2019-12-06 16:49:20 - [TEST_STEP][PASSED] - waitForPageLoad(10): Wait for page load successfully&#xD;
&#xD;
2019-12-06 16:49:20 - [MESSAGE][PASSED] - Wait for page load successfully&#xD;
&#xD;
2019-12-06 16:49:20 - [TEST_STEP][PASSED] - Thread.sleep(3000): null&#xD;
&#xD;
2019-12-06 16:49:23 - [TEST_STEP][PASSED] - waitForElementVisible(findTestObject("mobileSanity/STM/Page_App Page 1/a_Autofill App Info"), 20): Object 'Object Repository/mobileSanity/STM/Page_App Page 1/a_Autofill App Info' is visible&#xD;
&#xD;
2019-12-06 16:49:23 - [MESSAGE][PASSED] - Object 'Object Repository/mobileSanity/STM/Page_App Page 1/a_Autofill App Info' is visible&#xD;
&#xD;
2019-12-06 16:49:23 - [TEST_STEP][PASSED] - click(findTestObject("mobileSanity/STM/Page_App Page 1/a_Autofill App Info")): Object: 'Object Repository/mobileSanity/STM/Page_App Page 1/a_Autofill App Info' is clicked on&#xD;
&#xD;
2019-12-06 16:49:23 - [MESSAGE][PASSED] - Object: 'Object Repository/mobileSanity/STM/Page_App Page 1/a_Autofill App Info' is clicked on&#xD;
&#xD;
2019-12-06 16:49:23 - [TEST_STEP][PASSED] - Thread.sleep(1000): null&#xD;
&#xD;
2019-12-06 16:49:24 - [TEST_STEP][PASSED] - click(findTestObject("mobileSanity/STM/Page_App Page 1/a_Autofill App Info")): Object: 'Object Repository/mobileSanity/STM/Page_App Page 1/a_Autofill App Info' is clicked on&#xD;
&#xD;
2019-12-06 16:49:25 - [MESSAGE][PASSED] - Object: 'Object Repository/mobileSanity/STM/Page_App Page 1/a_Autofill App Info' is clicked on&#xD;
&#xD;
2019-12-06 16:49:25 - [TEST_STEP][PASSED] - Thread.sleep(1000): null&#xD;
&#xD;
2019-12-06 16:49:26 - [TEST_STEP][PASSED] - waitForElementVisible(findTestObject("mobileSanity/STM/Page_App Page 1/a_Continue"), 20): Object 'Object Repository/mobileSanity/STM/Page_App Page 1/a_Continue' is visible&#xD;
&#xD;
2019-12-06 16:49:26 - [MESSAGE][PASSED] - Object 'Object Repository/mobileSanity/STM/Page_App Page 1/a_Continue' is visible&#xD;
&#xD;
2019-12-06 16:49:26 - [TEST_STEP][PASSED] - click(findTestObject("mobileSanity/STM/Page_App Page 1/a_Continue")): Object: 'Object Repository/mobileSanity/STM/Page_App Page 1/a_Continue' is clicked on&#xD;
&#xD;
2019-12-06 16:49:26 - [MESSAGE][PASSED] - Object: 'Object Repository/mobileSanity/STM/Page_App Page 1/a_Continue' is clicked on&#xD;
&#xD;
2019-12-06 16:49:26 - [TEST_STEP][PASSED] - waitForPageLoad(20): Wait for page load successfully&#xD;
&#xD;
2019-12-06 16:49:26 - [MESSAGE][PASSED] - Wait for page load successfully&#xD;
&#xD;
2019-12-06 16:49:26 - [TEST_STEP][PASSED] - Thread.sleep(5000): null&#xD;
&#xD;
2019-12-06 16:49:31 - [TEST_STEP][PASSED] - callTestCase(findTestCase("AHI/_include/get_screenshot"), [:], STOP_ON_FAILURE): Call Test Case 'Test Cases/AHI/_include/get_screenshot' successfully&#xD;
&#xD;
2019-12-06 16:49:31 - [TEST_CASE][PASSED] - Test Cases/AHI/_include/get_screenshot: Test Cases/AHI/_include/get_screenshot&#xD;
&#xD;
2019-12-06 16:49:31 - [TEST_STEP][PASSED] - takeScreenshot(screenPath + i + ".png"): Taking screenshot successfully&#xD;
&#xD;
2019-12-06 16:49:32 - [MESSAGE][PASSED] - Taking screenshot successfully&#xD;
[[ATTACHMENT|D:\\Test\\AgileTest\\AgileTest\\Reports\\AHI\\stm\\20191206_163435\\../Screenshots/iPhone 6/stm/Companion/20191206_164759/7.png]]&#xD;
&#xD;
2019-12-06 16:49:32 - [TEST_STEP][PASSED] - (internal.GlobalVariable.i++): null&#xD;
&#xD;
2019-12-06 16:49:32 - [MESSAGE][PASSED] - Call Test Case 'Test Cases/AHI/_include/get_screenshot' successfully&#xD;
&#xD;
2019-12-06 16:49:32 - [TEST_STEP][PASSED] - click(findTestObject("mobileSanity/STM/Page_App Page 2/a_Continue to Step 3 - Payment")): Object: 'Object Repository/mobileSanity/STM/Page_App Page 2/a_Continue to Step 3 - Payment' is clicked on&#xD;
&#xD;
2019-12-06 16:49:33 - [MESSAGE][PASSED] - Object: 'Object Repository/mobileSanity/STM/Page_App Page 2/a_Continue to Step 3 - Payment' is clicked on&#xD;
&#xD;
2019-12-06 16:49:33 - [TEST_STEP][PASSED] - waitForPageLoad(20): Wait for page load successfully&#xD;
&#xD;
2019-12-06 16:49:33 - [MESSAGE][PASSED] - Wait for page load successfully&#xD;
&#xD;
2019-12-06 16:49:33 - [TEST_STEP][PASSED] - waitForElementVisible(findTestObject("mobileSanity/STM/Page_App Page 3/input__credit-card-cvv"), 20): Object 'Object Repository/mobileSanity/STM/Page_App Page 3/input__credit-card-cvv' is visible&#xD;
&#xD;
2019-12-06 16:49:34 - [MESSAGE][PASSED] - Object 'Object Repository/mobileSanity/STM/Page_App Page 3/input__credit-card-cvv' is visible&#xD;
&#xD;
2019-12-06 16:49:34 - [TEST_STEP][PASSED] - Thread.sleep(2000): null&#xD;
&#xD;
2019-12-06 16:49:36 - [TEST_STEP][PASSED] - callTestCase(findTestCase("AHI/_include/get_screenshot"), [:], STOP_ON_FAILURE): Call Test Case 'Test Cases/AHI/_include/get_screenshot' successfully&#xD;
&#xD;
2019-12-06 16:49:36 - [TEST_CASE][PASSED] - Test Cases/AHI/_include/get_screenshot: Test Cases/AHI/_include/get_screenshot&#xD;
&#xD;
2019-12-06 16:49:36 - [TEST_STEP][PASSED] - takeScreenshot(screenPath + i + ".png"): Taking screenshot successfully&#xD;
&#xD;
2019-12-06 16:49:37 - [MESSAGE][PASSED] - Taking screenshot successfully&#xD;
[[ATTACHMENT|D:\\Test\\AgileTest\\AgileTest\\Reports\\AHI\\stm\\20191206_163435\\../Screenshots/iPhone 6/stm/Companion/20191206_164759/8.png]]&#xD;
&#xD;
2019-12-06 16:49:37 - [TEST_STEP][PASSED] - (internal.GlobalVariable.i++): null&#xD;
&#xD;
2019-12-06 16:49:37 - [MESSAGE][PASSED] - Call Test Case 'Test Cases/AHI/_include/get_screenshot' successfully&#xD;
&#xD;
2019-12-06 16:49:37 - [TEST_STEP][PASSED] - clearText(findTestObject("mobileSanity/STM/Page_App Page 3/input__credit-card-cvv")): Text of object 'Object Repository/mobileSanity/STM/Page_App Page 3/input__credit-card-cvv' is cleared&#xD;
&#xD;
2019-12-06 16:49:37 - [MESSAGE][PASSED] - Text of object 'Object Repository/mobileSanity/STM/Page_App Page 3/input__credit-card-cvv' is cleared&#xD;
&#xD;
2019-12-06 16:49:37 - [TEST_STEP][PASSED] - setText(findTestObject("mobileSanity/STM/Page_App Page 3/input__credit-card-cvv"), "123"): Text '123' is set on object 'Object Repository/mobileSanity/STM/Page_App Page 3/input__credit-card-cvv'&#xD;
&#xD;
2019-12-06 16:49:37 - [MESSAGE][PASSED] - Text '123' is set on object 'Object Repository/mobileSanity/STM/Page_App Page 3/input__credit-card-cvv'&#xD;
&#xD;
2019-12-06 16:49:37 - [TEST_STEP][PASSED] - click(findTestObject("mobileSanity/STM/Page_App Page 3/label_I Accept Authorization f")): Object: 'Object Repository/mobileSanity/STM/Page_App Page 3/label_I Accept Authorization f' is clicked on&#xD;
&#xD;
2019-12-06 16:49:38 - [MESSAGE][PASSED] - Object: 'Object Repository/mobileSanity/STM/Page_App Page 3/label_I Accept Authorization f' is clicked on&#xD;
&#xD;
2019-12-06 16:49:38 - [TEST_STEP][PASSED] - click(findTestObject("mobileSanity/STM/Page_App Page 3/a_Continue to Step 4 - Review")): Object: 'Object Repository/mobileSanity/STM/Page_App Page 3/a_Continue to Step 4 - Review' is clicked on&#xD;
&#xD;
2019-12-06 16:49:39 - [MESSAGE][PASSED] - Object: 'Object Repository/mobileSanity/STM/Page_App Page 3/a_Continue to Step 4 - Review' is clicked on&#xD;
&#xD;
2019-12-06 16:49:39 - [TEST_STEP][PASSED] - waitForPageLoad(10): Wait for page load successfully&#xD;
&#xD;
2019-12-06 16:49:39 - [MESSAGE][PASSED] - Wait for page load successfully&#xD;
&#xD;
2019-12-06 16:49:39 - [TEST_STEP][PASSED] - waitForElementClickable(findTestObject("mobileSanity/STM/Page_App Page 4/label"), 10): Web element with id: 'Object Repository/mobileSanity/STM/Page_App Page 4/label' located by 'By.xpath: //input[@id = 'consent-checkbox-0']' not found&#xD;
&#xD;
2019-12-06 16:49:50 - [MESSAGE][INFO] - Unable to find the element located by 'By.xpath: //input[@id = 'consent-checkbox-0']'. Please recheck the objects properties to make sure the desired element is located. &#xD;
&#xD;
2019-12-06 16:49:50 - [MESSAGE][WARNING] - Web element with id: 'Object Repository/mobileSanity/STM/Page_App Page 4/label' located by 'By.xpath: //input[@id = 'consent-checkbox-0']' not found&#xD;
&#xD;
2019-12-06 16:49:50 - [TEST_STEP][PASSED] - Thread.sleep(2000): null&#xD;
&#xD;
2019-12-06 16:49:52 - [TEST_STEP][PASSED] - callTestCase(findTestCase("AHI/_include/get_screenshot"), [:], STOP_ON_FAILURE): Call Test Case 'Test Cases/AHI/_include/get_screenshot' successfully&#xD;
&#xD;
2019-12-06 16:49:52 - [TEST_CASE][PASSED] - Test Cases/AHI/_include/get_screenshot: Test Cases/AHI/_include/get_screenshot&#xD;
&#xD;
2019-12-06 16:49:52 - [TEST_STEP][PASSED] - takeScreenshot(screenPath + i + ".png"): Taking screenshot successfully&#xD;
&#xD;
2019-12-06 16:49:53 - [MESSAGE][PASSED] - Taking screenshot successfully&#xD;
[[ATTACHMENT|D:\\Test\\AgileTest\\AgileTest\\Reports\\AHI\\stm\\20191206_163435\\../Screenshots/iPhone 6/stm/Companion/20191206_164759/9.png]]&#xD;
&#xD;
2019-12-06 16:49:53 - [TEST_STEP][PASSED] - (internal.GlobalVariable.i++): null&#xD;
&#xD;
2019-12-06 16:49:53 - [MESSAGE][PASSED] - Call Test Case 'Test Cases/AHI/_include/get_screenshot' successfully&#xD;
&#xD;
2019-12-06 16:49:53 - [TEST_STEP][PASSED] - click(findTestObject("mobileSanity/STM/Page_App Page 4/label")): Object: 'Object Repository/mobileSanity/STM/Page_App Page 4/label' is clicked on&#xD;
&#xD;
2019-12-06 16:49:53 - [MESSAGE][PASSED] - Object: 'Object Repository/mobileSanity/STM/Page_App Page 4/label' is clicked on&#xD;
&#xD;
2019-12-06 16:49:53 - [TEST_STEP][PASSED] - click(findTestObject("mobileSanity/STM/Page_App Page 4/div_CLICK TO SIGN")): Object: 'Object Repository/mobileSanity/STM/Page_App Page 4/div_CLICK TO SIGN' is clicked on&#xD;
&#xD;
2019-12-06 16:49:53 - [MESSAGE][PASSED] - Object: 'Object Repository/mobileSanity/STM/Page_App Page 4/div_CLICK TO SIGN' is clicked on&#xD;
&#xD;
2019-12-06 16:49:53 - [TEST_STEP][PASSED] - click(findTestObject("mobileSanity/STM/Page_App Page 4/a_Submit Your Application")): Object: 'Object Repository/mobileSanity/STM/Page_App Page 4/a_Submit Your Application' is clicked on&#xD;
&#xD;
2019-12-06 16:49:53 - [MESSAGE][PASSED] - Object: 'Object Repository/mobileSanity/STM/Page_App Page 4/a_Submit Your Application' is clicked on&#xD;
&#xD;
2019-12-06 16:49:53 - [TEST_STEP][PASSED] - Thread.sleep(30000): null&#xD;
&#xD;
2019-12-06 16:50:23 - [TEST_STEP][PASSED] - waitForElementPresent(findTestObject("mobileSanity/STM/Page_App Page 6/app-page-wrapper"), 20): Object 'Object Repository/mobileSanity/STM/Page_App Page 6/app-page-wrapper' is present&#xD;
&#xD;
2019-12-06 16:50:24 - [MESSAGE][PASSED] - Object 'Object Repository/mobileSanity/STM/Page_App Page 6/app-page-wrapper' is present&#xD;
&#xD;
2019-12-06 16:50:24 - [TEST_STEP][PASSED] - callTestCase(findTestCase("AHI/_include/get_screenshot"), [:], STOP_ON_FAILURE): Call Test Case 'Test Cases/AHI/_include/get_screenshot' successfully&#xD;
&#xD;
2019-12-06 16:50:24 - [TEST_CASE][PASSED] - Test Cases/AHI/_include/get_screenshot: Test Cases/AHI/_include/get_screenshot&#xD;
&#xD;
2019-12-06 16:50:24 - [TEST_STEP][PASSED] - takeScreenshot(screenPath + i + ".png"): Taking screenshot successfully&#xD;
&#xD;
2019-12-06 16:50:25 - [MESSAGE][PASSED] - Taking screenshot successfully&#xD;
[[ATTACHMENT|D:\\Test\\AgileTest\\AgileTest\\Reports\\AHI\\stm\\20191206_163435\\../Screenshots/iPhone 6/stm/Companion/20191206_164759/10.png]]&#xD;
&#xD;
2019-12-06 16:50:25 - [TEST_STEP][PASSED] - (internal.GlobalVariable.i++): null&#xD;
&#xD;
2019-12-06 16:50:25 - [MESSAGE][PASSED] - Call Test Case 'Test Cases/AHI/_include/get_screenshot' successfully&#xD;
&#xD;
2019-12-06 16:50:25 - [MESSAGE][PASSED] - Call Test Case 'Test Cases/AHI/_include/goToEnd_stm_autofill' successfully</system-out>
            <system-err></system-err>
        </testcase>
        <testcase name="Test Cases/AHI/stm/Everest Prime" classname="Test Cases/AHI/stm/Everest Prime" status="PASSED">
            <system-out>2019-12-06 16:50:25 - [TEST_CASE][PASSED] - Test Cases/AHI/stm/Everest Prime: Test Cases/AHI/stm/Everest Prime&#xD;
&#xD;
2019-12-06 16:50:25 - [TEST_STEP][PASSED] - callTestCase(findTestCase("AHI/_include/get_screenPath"), ["productLine":"stm", "carrierName":"Everest Prime"], CONTINUE_ON_FAILURE): Call Test Case 'Test Cases/AHI/_include/get_screenPath' successfully&#xD;
&#xD;
2019-12-06 16:50:25 - [TEST_CASE][PASSED] - Test Cases/AHI/_include/get_screenPath: Test Cases/AHI/_include/get_screenPath&#xD;
&#xD;
2019-12-06 16:50:25 - [TEST_STEP][PASSED] - m = getExecutionProperties(): null&#xD;
&#xD;
2019-12-06 16:50:25 - [TEST_STEP][PASSED] - deviceName = get("mobileEmulation").get("deviceName"): null&#xD;
&#xD;
2019-12-06 16:50:25 - [TEST_STEP][PASSED] - println(deviceName): null&#xD;
&#xD;
2019-12-06 16:50:25 - [TEST_STEP][PASSED] - now = new java.util.Date(): null&#xD;
&#xD;
2019-12-06 16:50:25 - [TEST_STEP][PASSED] - mydate = now.format("yyyyMMdd_HHmmss"): null&#xD;
&#xD;
2019-12-06 16:50:25 - [TEST_STEP][PASSED] - screenPath = "../Screenshots/": null&#xD;
&#xD;
2019-12-06 16:50:25 - [TEST_STEP][PASSED] - screenPath = screenPath + deviceName + "/" + productLine + "/" + carrierName + "/" + mydate + "/": null&#xD;
&#xD;
2019-12-06 16:50:25 - [TEST_STEP][PASSED] - println(screenPath): null&#xD;
&#xD;
2019-12-06 16:50:25 - [MESSAGE][PASSED] - Call Test Case 'Test Cases/AHI/_include/get_screenPath' successfully&#xD;
&#xD;
2019-12-06 16:50:25 - [TEST_STEP][PASSED] - i = 0: null&#xD;
&#xD;
2019-12-06 16:50:25 - [TEST_STEP][PASSED] - callTestCase(findTestCase("AHI/_include/openWebSite"), [:], CONTINUE_ON_FAILURE): Call Test Case 'Test Cases/AHI/_include/openWebSite' successfully&#xD;
&#xD;
2019-12-06 16:50:25 - [TEST_CASE][PASSED] - Test Cases/AHI/_include/openWebSite: Test Cases/AHI/_include/openWebSite&#xD;
&#xD;
2019-12-06 16:50:25 - [TEST_STEP][PASSED] - openBrowser(env): Browser is opened with url: 'https://praetemptatus.agilehealthinsurance.com'&#xD;
&#xD;
2019-12-06 16:50:25 - [MESSAGE][WARNING] - A browser is already opened. Closing browser and opening a new one&#xD;
&#xD;
2019-12-06 16:50:27 - [MESSAGE][INFO] - Starting 'Chrome' driver&#xD;
&#xD;
2019-12-06 16:50:27 - [MESSAGE][INFO] - User set preference: ['mobileEmulation', '{deviceName=iPhone 6}']&#xD;
&#xD;
2019-12-06 16:50:27 - [MESSAGE][INFO] - User set preference: ['args', '[--incognito, --aggressive-cache-discard, --window-size=375,677, --no-sandbox]']&#xD;
&#xD;
2019-12-06 16:50:33 - [MESSAGE][PASSED] - Browser is opened with url: 'https://praetemptatus.agilehealthinsurance.com'&#xD;
&#xD;
2019-12-06 16:50:33 - [TEST_STEP][PASSED] - waitForPageLoad(20): Wait for page load successfully&#xD;
&#xD;
2019-12-06 16:50:33 - [MESSAGE][PASSED] - Wait for page load successfully&#xD;
&#xD;
2019-12-06 16:50:33 - [TEST_STEP][PASSED] - callTestCase(findTestCase("AHI/_include/get_screenshot"), [:], STOP_ON_FAILURE): Call Test Case 'Test Cases/AHI/_include/get_screenshot' successfully&#xD;
&#xD;
2019-12-06 16:50:33 - [TEST_CASE][PASSED] - Test Cases/AHI/_include/get_screenshot: Test Cases/AHI/_include/get_screenshot&#xD;
&#xD;
2019-12-06 16:50:33 - [TEST_STEP][PASSED] - takeScreenshot(screenPath + i + ".png"): Taking screenshot successfully&#xD;
&#xD;
2019-12-06 16:50:34 - [MESSAGE][PASSED] - Taking screenshot successfully&#xD;
[[ATTACHMENT|D:\\Test\\AgileTest\\AgileTest\\Reports\\AHI\\stm\\20191206_163435\\../Screenshots/iPhone 6/stm/Everest Prime/20191206_165025/0.png]]&#xD;
&#xD;
2019-12-06 16:50:34 - [TEST_STEP][PASSED] - (internal.GlobalVariable.i++): null&#xD;
&#xD;
2019-12-06 16:50:34 - [MESSAGE][PASSED] - Call Test Case 'Test Cases/AHI/_include/get_screenshot' successfully&#xD;
&#xD;
2019-12-06 16:50:34 - [MESSAGE][PASSED] - Call Test Case 'Test Cases/AHI/_include/openWebSite' successfully&#xD;
&#xD;
2019-12-06 16:50:34 - [TEST_STEP][PASSED] - callTestCase(findTestCase("AHI/_include/census_stm"), [:], CONTINUE_ON_FAILURE): Call Test Case 'Test Cases/AHI/_include/census_stm' successfully&#xD;
&#xD;
2019-12-06 16:50:34 - [TEST_CASE][PASSED] - Test Cases/AHI/_include/census_stm: Test Cases/AHI/_include/census_stm&#xD;
&#xD;
2019-12-06 16:50:34 - [TEST_STEP][PASSED] - waitForElementClickable(findTestObject("mobileSanity/STM/Home Page/a_Quote  Save Today"), 10): Object 'Object Repository/mobileSanity/STM/Home Page/a_Quote  Save Today' is clickable&#xD;
&#xD;
2019-12-06 16:50:34 - [MESSAGE][PASSED] - Object 'Object Repository/mobileSanity/STM/Home Page/a_Quote  Save Today' is clickable&#xD;
&#xD;
2019-12-06 16:50:34 - [TEST_STEP][PASSED] - click(findTestObject("mobileSanity/STM/Home Page/a_Quote  Save Today")): Object: 'Object Repository/mobileSanity/STM/Home Page/a_Quote  Save Today' is clicked on&#xD;
&#xD;
2019-12-06 16:50:36 - [MESSAGE][PASSED] - Object: 'Object Repository/mobileSanity/STM/Home Page/a_Quote  Save Today' is clicked on&#xD;
&#xD;
2019-12-06 16:50:36 - [TEST_STEP][PASSED] - waitForPageLoad(10): Wait for page load successfully&#xD;
&#xD;
2019-12-06 16:50:36 - [MESSAGE][PASSED] - Wait for page load successfully&#xD;
&#xD;
2019-12-06 16:50:36 - [TEST_STEP][PASSED] - callTestCase(findTestCase("AHI/_include/get_screenshot"), [:], STOP_ON_FAILURE): Call Test Case 'Test Cases/AHI/_include/get_screenshot' successfully&#xD;
&#xD;
2019-12-06 16:50:36 - [TEST_CASE][PASSED] - Test Cases/AHI/_include/get_screenshot: Test Cases/AHI/_include/get_screenshot&#xD;
&#xD;
2019-12-06 16:50:36 - [TEST_STEP][PASSED] - takeScreenshot(screenPath + i + ".png"): Taking screenshot successfully&#xD;
&#xD;
2019-12-06 16:50:38 - [MESSAGE][PASSED] - Taking screenshot successfully&#xD;
[[ATTACHMENT|D:\\Test\\AgileTest\\AgileTest\\Reports\\AHI\\stm\\20191206_163435\\../Screenshots/iPhone 6/stm/Everest Prime/20191206_165025/1.png]]&#xD;
&#xD;
2019-12-06 16:50:38 - [TEST_STEP][PASSED] - (internal.GlobalVariable.i++): null&#xD;
&#xD;
2019-12-06 16:50:38 - [MESSAGE][PASSED] - Call Test Case 'Test Cases/AHI/_include/get_screenshot' successfully&#xD;
&#xD;
2019-12-06 16:50:38 - [TEST_STEP][PASSED] - setText(findTestObject("mobileSanity/STM/STM Census Page/input_Location_zip-input"), zipcode): Text '35215' is set on object 'Object Repository/mobileSanity/STM/STM Census Page/input_Location_zip-input'&#xD;
&#xD;
2019-12-06 16:50:38 - [MESSAGE][PASSED] - Text '35215' is set on object 'Object Repository/mobileSanity/STM/STM Census Page/input_Location_zip-input'&#xD;
&#xD;
2019-12-06 16:50:38 - [TEST_STEP][PASSED] - Thread.sleep(500): null&#xD;
&#xD;
2019-12-06 16:50:39 - [TEST_STEP][PASSED] - setText(findTestObject("mobileSanity/STM/STM Census Page/input_Date of Birth_dob-0"), "03031987"): Text '03031987' is set on object 'Object Repository/mobileSanity/STM/STM Census Page/input_Date of Birth_dob-0'&#xD;
&#xD;
2019-12-06 16:50:40 - [MESSAGE][PASSED] - Text '03031987' is set on object 'Object Repository/mobileSanity/STM/STM Census Page/input_Date of Birth_dob-0'&#xD;
&#xD;
2019-12-06 16:50:40 - [TEST_STEP][PASSED] - click(findTestObject("mobileSanity/STM/STM Census Page/label_Male")): Object: 'Object Repository/mobileSanity/STM/STM Census Page/label_Male' is clicked on&#xD;
&#xD;
2019-12-06 16:50:40 - [MESSAGE][PASSED] - Object: 'Object Repository/mobileSanity/STM/STM Census Page/label_Male' is clicked on&#xD;
&#xD;
2019-12-06 16:50:40 - [TEST_STEP][PASSED] - click(findTestObject("mobileSanity/STM/STM Census Page/label_Compare Plans")): Object: 'Object Repository/mobileSanity/STM/STM Census Page/label_Compare Plans' is clicked on&#xD;
&#xD;
2019-12-06 16:50:44 - [MESSAGE][PASSED] - Object: 'Object Repository/mobileSanity/STM/STM Census Page/label_Compare Plans' is clicked on&#xD;
&#xD;
2019-12-06 16:50:44 - [TEST_STEP][PASSED] - waitForElementVisible(findTestObject("mobileSanity/STM/STM Quote Page/button_sort"), 20): Object 'Object Repository/mobileSanity/STM/STM Quote Page/button_sort' is visible&#xD;
&#xD;
2019-12-06 16:50:45 - [MESSAGE][PASSED] - Object 'Object Repository/mobileSanity/STM/STM Quote Page/button_sort' is visible&#xD;
&#xD;
2019-12-06 16:50:45 - [TEST_STEP][PASSED] - Thread.sleep(3000): null&#xD;
&#xD;
2019-12-06 16:50:48 - [TEST_STEP][PASSED] - callTestCase(findTestCase("AHI/_include/check_quoteleadform"), [:], STOP_ON_FAILURE): Call Test Case 'Test Cases/AHI/_include/check_quoteleadform' successfully&#xD;
&#xD;
2019-12-06 16:50:48 - [TEST_CASE][PASSED] - Test Cases/AHI/_include/check_quoteleadform: Test Cases/AHI/_include/check_quoteleadform&#xD;
&#xD;
2019-12-06 16:50:48 - [TEST_STEP][PASSED] - callTestCase(findTestCase("AHI/_include/name"), [:], CONTINUE_ON_FAILURE): Call Test Case 'Test Cases/AHI/_include/name' successfully&#xD;
&#xD;
2019-12-06 16:50:48 - [TEST_CASE][PASSED] - Test Cases/AHI/_include/name: Test Cases/AHI/_include/name&#xD;
&#xD;
2019-12-06 16:50:48 - [TEST_STEP][PASSED] - driver = getWebDriver(): null&#xD;
&#xD;
2019-12-06 16:50:48 - [TEST_STEP][PASSED] - selenium = new com.thoughtworks.selenium.webdriven.WebDriverBackedSelenium(driver, internal.GlobalVariable.ENV): null&#xD;
&#xD;
2019-12-06 16:50:48 - [TEST_STEP][PASSED] - FirstName = "Test-123": null&#xD;
&#xD;
2019-12-06 16:50:48 - [TEST_STEP][PASSED] - LastName = selenium.getEval("{var x="ABCDEFGHIJKLMNOPQRSTUVWXYZabcdefghijklmnopqrstuvwxyz"; var tmp="ZZ11-"; for (i=0;i&lt;8;i++) tmp+=x.charAt(Math.ceil(51*Math.random()));tmp;}"): null&#xD;
&#xD;
2019-12-06 16:50:48 - [TEST_STEP][PASSED] - Address = selenium.getEval("{var x="ABCDEFGHIJKLMNOPQRSTUVWXYZabcdefghijklmnopqrstuvwxyz"; var tmp=""; for (i=0;i&lt;8;i++) tmp+=x.charAt(Math.ceil(51*Math.random()));tmp;}"): null&#xD;
&#xD;
2019-12-06 16:50:48 - [TEST_STEP][PASSED] - City = selenium.getEval("{var x="ABCDEFGHIJKLMNOPQRSTUVWXYZabcdefghijklmnopqrstuvwxyz"; var tmp=""; for (i=0;i&lt;8;i++) tmp+=x.charAt(Math.ceil(51*Math.random()));tmp;}"): null&#xD;
&#xD;
2019-12-06 16:50:48 - [TEST_STEP][PASSED] - tel1 = selenium.getEval("{var x="123456789"; var tmp=""; for (i=0;i&lt;3;i++) tmp+=x.charAt(Math.ceil(8*Math.random()));tmp;}"): null&#xD;
&#xD;
2019-12-06 16:50:48 - [TEST_STEP][PASSED] - tel2 = selenium.getEval("{var x="123456789"; var tmp=""; for (i=0;i&lt;3;i++) tmp+=x.charAt(Math.ceil(8*Math.random()));tmp;}"): null&#xD;
&#xD;
2019-12-06 16:50:48 - [TEST_STEP][PASSED] - tel3 = selenium.getEval("{var x="123456789"; var tmp=""; for (i=0;i&lt;4;i++) tmp+=x.charAt(Math.ceil(8*Math.random()));tmp;}"): null&#xD;
&#xD;
2019-12-06 16:50:48 - [TEST_STEP][PASSED] - Tel = selenium.getExpression(tel1 + "-" + tel2 + "-" + tel3): null&#xD;
&#xD;
2019-12-06 16:50:48 - [TEST_STEP][PASSED] - AutoEmail = selenium.getEval("{var x="ABCDEFGHIJKLMNOPQRSTUVWXYZabcdefghijklmnopqrstuvwxyz"; var tmp="test."; for (i=0;i&lt;8;i++) tmp+=x.charAt(Math.ceil(51*Math.random()));tmp+="@suryani.cn";}"): null&#xD;
&#xD;
2019-12-06 16:50:48 - [TEST_STEP][PASSED] - FirstName = FirstName: null&#xD;
&#xD;
2019-12-06 16:50:48 - [TEST_STEP][PASSED] - LastName = LastName: null&#xD;
&#xD;
2019-12-06 16:50:48 - [TEST_STEP][PASSED] - Address = Address: null&#xD;
&#xD;
2019-12-06 16:50:48 - [TEST_STEP][PASSED] - City = City: null&#xD;
&#xD;
2019-12-06 16:50:48 - [TEST_STEP][PASSED] - Tel = Tel: null&#xD;
&#xD;
2019-12-06 16:50:48 - [TEST_STEP][PASSED] - AutoEmail = AutoEmail: null&#xD;
&#xD;
2019-12-06 16:50:48 - [TEST_STEP][PASSED] - println(FirstName): null&#xD;
&#xD;
2019-12-06 16:50:48 - [TEST_STEP][PASSED] - println(LastName): null&#xD;
&#xD;
2019-12-06 16:50:48 - [TEST_STEP][PASSED] - println(Address): null&#xD;
&#xD;
2019-12-06 16:50:48 - [TEST_STEP][PASSED] - println(City): null&#xD;
&#xD;
2019-12-06 16:50:48 - [TEST_STEP][PASSED] - println(Tel): null&#xD;
&#xD;
2019-12-06 16:50:48 - [TEST_STEP][PASSED] - println(AutoEmail): null&#xD;
&#xD;
2019-12-06 16:50:48 - [MESSAGE][PASSED] - Call Test Case 'Test Cases/AHI/_include/name' successfully&#xD;
&#xD;
2019-12-06 16:50:48 - [TEST_STEP][PASSED] - leadform_exist = test.MobileKeywords.isElementPresent_Web(findTestObject("mobileSanity/quote lead form/lead_form"), 20): test.MobileKeywords.isElementPresent_Web is PASSED&#xD;
&#xD;
2019-12-06 16:51:10 - [MESSAGE][INFO] - Unable to find the element located by 'By.xpath: //*[@id = 'lightboxLeadForm']'. Please recheck the objects properties to make sure the desired element is located. &#xD;
&#xD;
2019-12-06 16:51:10 - [MESSAGE][PASSED] - test.MobileKeywords.isElementPresent_Web is PASSED&#xD;
&#xD;
2019-12-06 16:51:10 - [TEST_STEP][PASSED] - if (leadform_exist): null&#xD;
&#xD;
2019-12-06 16:51:10 - [MESSAGE][PASSED] - Call Test Case 'Test Cases/AHI/_include/check_quoteleadform' successfully&#xD;
&#xD;
2019-12-06 16:51:10 - [TEST_STEP][PASSED] - callTestCase(findTestCase("AHI/_include/get_screenshot"), [:], STOP_ON_FAILURE): Call Test Case 'Test Cases/AHI/_include/get_screenshot' successfully&#xD;
&#xD;
2019-12-06 16:51:10 - [TEST_CASE][PASSED] - Test Cases/AHI/_include/get_screenshot: Test Cases/AHI/_include/get_screenshot&#xD;
&#xD;
2019-12-06 16:51:10 - [TEST_STEP][PASSED] - takeScreenshot(screenPath + i + ".png"): Taking screenshot successfully&#xD;
&#xD;
2019-12-06 16:51:11 - [MESSAGE][PASSED] - Taking screenshot successfully&#xD;
[[ATTACHMENT|D:\\Test\\AgileTest\\AgileTest\\Reports\\AHI\\stm\\20191206_163435\\../Screenshots/iPhone 6/stm/Everest Prime/20191206_165025/2.png]]&#xD;
&#xD;
2019-12-06 16:51:11 - [TEST_STEP][PASSED] - (internal.GlobalVariable.i++): null&#xD;
&#xD;
2019-12-06 16:51:11 - [MESSAGE][PASSED] - Call Test Case 'Test Cases/AHI/_include/get_screenshot' successfully&#xD;
&#xD;
2019-12-06 16:51:11 - [TEST_STEP][PASSED] - Thread.sleep(1000): null&#xD;
&#xD;
2019-12-06 16:51:12 - [MESSAGE][PASSED] - Call Test Case 'Test Cases/AHI/_include/census_stm' successfully&#xD;
&#xD;
2019-12-06 16:51:12 - [TEST_STEP][PASSED] - callTestCase(findTestCase("AHI/_include/filter_stm"), ["carrier":"everest"], STOP_ON_FAILURE): Call Test Case 'Test Cases/AHI/_include/filter_stm' successfully&#xD;
&#xD;
2019-12-06 16:51:12 - [TEST_CASE][PASSED] - Test Cases/AHI/_include/filter_stm: Test Cases/AHI/_include/filter_stm&#xD;
&#xD;
2019-12-06 16:51:12 - [TEST_STEP][PASSED] - driver = getWebDriver(): null&#xD;
&#xD;
2019-12-06 16:51:12 - [TEST_STEP][PASSED] - selenium = new com.thoughtworks.selenium.webdriven.WebDriverBackedSelenium(driver, internal.GlobalVariable.ENV): null&#xD;
&#xD;
2019-12-06 16:51:12 - [TEST_STEP][PASSED] - Thread.sleep(1000): null&#xD;
&#xD;
2019-12-06 16:51:13 - [TEST_STEP][PASSED] - click(findTestObject("mobileSanity/STM/STM Quote Page/button_filters")): Object: 'Object Repository/mobileSanity/STM/STM Quote Page/button_filters' is clicked on&#xD;
&#xD;
2019-12-06 16:51:14 - [MESSAGE][PASSED] - Object: 'Object Repository/mobileSanity/STM/STM Quote Page/button_filters' is clicked on&#xD;
&#xD;
2019-12-06 16:51:14 - [TEST_STEP][PASSED] - Thread.sleep(1000): null&#xD;
&#xD;
2019-12-06 16:51:15 - [TEST_STEP][PASSED] - click(findTestObject("mobileSanity/STM/STM Quote Page/i_Insurance company")): Object: 'Object Repository/mobileSanity/STM/STM Quote Page/i_Insurance company' is clicked on&#xD;
&#xD;
2019-12-06 16:51:15 - [MESSAGE][PASSED] - Object: 'Object Repository/mobileSanity/STM/STM Quote Page/i_Insurance company' is clicked on&#xD;
&#xD;
2019-12-06 16:51:15 - [TEST_STEP][PASSED] - Thread.sleep(1000): null&#xD;
&#xD;
2019-12-06 16:51:16 - [TEST_STEP][PASSED] - filter_carrier = "//input[@name='filter[carrier]' and @value='" + carrier + "']/following::label": null&#xD;
&#xD;
2019-12-06 16:51:16 - [TEST_STEP][PASSED] - println(filter_carrier): null&#xD;
&#xD;
2019-12-06 16:51:16 - [TEST_STEP][PASSED] - test.MobileKeywords.clickJS_ByXpath(filter_carrier): test.MobileKeywords.clickJS_ByXpath is PASSED&#xD;
&#xD;
2019-12-06 16:51:16 - [MESSAGE][PASSED] - Execute JavaScript 'arguments[0].click()' successfully&#xD;
&#xD;
2019-12-06 16:51:16 - [MESSAGE][PASSED] - test.MobileKeywords.clickJS_ByXpath is PASSED&#xD;
&#xD;
2019-12-06 16:51:16 - [TEST_STEP][PASSED] - click(findTestObject("mobileSanity/STM/STM Quote Page/js-close c-link-button")): Object: 'Object Repository/mobileSanity/STM/STM Quote Page/js-close c-link-button' is clicked on&#xD;
&#xD;
2019-12-06 16:51:17 - [MESSAGE][PASSED] - Object: 'Object Repository/mobileSanity/STM/STM Quote Page/js-close c-link-button' is clicked on&#xD;
&#xD;
2019-12-06 16:51:17 - [TEST_STEP][PASSED] - Thread.sleep(2000): null&#xD;
&#xD;
2019-12-06 16:51:19 - [TEST_STEP][PASSED] - callTestCase(findTestCase("AHI/_include/get_screenshot"), [:], STOP_ON_FAILURE): Call Test Case 'Test Cases/AHI/_include/get_screenshot' successfully&#xD;
&#xD;
2019-12-06 16:51:19 - [TEST_CASE][PASSED] - Test Cases/AHI/_include/get_screenshot: Test Cases/AHI/_include/get_screenshot&#xD;
&#xD;
2019-12-06 16:51:19 - [TEST_STEP][PASSED] - takeScreenshot(screenPath + i + ".png"): Taking screenshot successfully&#xD;
&#xD;
2019-12-06 16:51:20 - [MESSAGE][PASSED] - Taking screenshot successfully&#xD;
[[ATTACHMENT|D:\\Test\\AgileTest\\AgileTest\\Reports\\AHI\\stm\\20191206_163435\\../Screenshots/iPhone 6/stm/Everest Prime/20191206_165025/3.png]]&#xD;
&#xD;
2019-12-06 16:51:20 - [TEST_STEP][PASSED] - (internal.GlobalVariable.i++): null&#xD;
&#xD;
2019-12-06 16:51:20 - [MESSAGE][PASSED] - Call Test Case 'Test Cases/AHI/_include/get_screenshot' successfully&#xD;
&#xD;
2019-12-06 16:51:20 - [MESSAGE][PASSED] - Call Test Case 'Test Cases/AHI/_include/filter_stm' successfully&#xD;
&#xD;
2019-12-06 16:51:20 - [TEST_STEP][PASSED] - callTestCase(findTestCase("AHI/_include/goToDetail_stm"), ["carrier":"everest"], STOP_ON_FAILURE): Call Test Case 'Test Cases/AHI/_include/goToDetail_stm' successfully&#xD;
&#xD;
2019-12-06 16:51:20 - [TEST_CASE][PASSED] - Test Cases/AHI/_include/goToDetail_stm: Test Cases/AHI/_include/goToDetail_stm&#xD;
&#xD;
2019-12-06 16:51:20 - [TEST_STEP][PASSED] - driver = getWebDriver(): null&#xD;
&#xD;
2019-12-06 16:51:20 - [TEST_STEP][PASSED] - selenium = new com.thoughtworks.selenium.webdriven.WebDriverBackedSelenium(driver, internal.GlobalVariable.ENV): null&#xD;
&#xD;
2019-12-06 16:51:20 - [TEST_STEP][PASSED] - a_plan_name = "xpath=//a[contains(@href,'/term-health-insurance/plan/" + carrier + "')]": null&#xD;
&#xD;
2019-12-06 16:51:20 - [TEST_STEP][PASSED] - println(a_plan_name): null&#xD;
&#xD;
2019-12-06 16:51:20 - [TEST_STEP][PASSED] - selenium.click(a_plan_name): null&#xD;
&#xD;
2019-12-06 16:51:23 - [TEST_STEP][PASSED] - waitForPageLoad(20): Wait for page load successfully&#xD;
&#xD;
2019-12-06 16:51:23 - [MESSAGE][PASSED] - Wait for page load successfully&#xD;
&#xD;
2019-12-06 16:51:23 - [TEST_STEP][PASSED] - Thread.sleep(2000): null&#xD;
&#xD;
2019-12-06 16:51:25 - [TEST_STEP][PASSED] - callTestCase(findTestCase("AHI/_include/get_screenshot"), [:], STOP_ON_FAILURE): Call Test Case 'Test Cases/AHI/_include/get_screenshot' successfully&#xD;
&#xD;
2019-12-06 16:51:25 - [TEST_CASE][PASSED] - Test Cases/AHI/_include/get_screenshot: Test Cases/AHI/_include/get_screenshot&#xD;
&#xD;
2019-12-06 16:51:25 - [TEST_STEP][PASSED] - takeScreenshot(screenPath + i + ".png"): Taking screenshot successfully&#xD;
&#xD;
2019-12-06 16:51:26 - [MESSAGE][PASSED] - Taking screenshot successfully&#xD;
[[ATTACHMENT|D:\\Test\\AgileTest\\AgileTest\\Reports\\AHI\\stm\\20191206_163435\\../Screenshots/iPhone 6/stm/Everest Prime/20191206_165025/4.png]]&#xD;
&#xD;
2019-12-06 16:51:26 - [TEST_STEP][PASSED] - (internal.GlobalVariable.i++): null&#xD;
&#xD;
2019-12-06 16:51:26 - [MESSAGE][PASSED] - Call Test Case 'Test Cases/AHI/_include/get_screenshot' successfully&#xD;
&#xD;
2019-12-06 16:51:26 - [MESSAGE][PASSED] - Call Test Case 'Test Cases/AHI/_include/goToDetail_stm' successfully&#xD;
&#xD;
2019-12-06 16:51:26 - [TEST_STEP][PASSED] - callTestCase(findTestCase("AHI/_include/apply_stm"), [:], STOP_ON_FAILURE): Call Test Case 'Test Cases/AHI/_include/apply_stm' successfully&#xD;
&#xD;
2019-12-06 16:51:26 - [TEST_CASE][PASSED] - Test Cases/AHI/_include/apply_stm: Test Cases/AHI/_include/apply_stm&#xD;
&#xD;
2019-12-06 16:51:26 - [TEST_STEP][PASSED] - waitForElementVisible(findTestObject("mobileSanity/STM/STM PlanDetail Page/a_Apply for This Plan"), 5): Object 'Object Repository/mobileSanity/STM/STM PlanDetail Page/a_Apply for This Plan' is visible&#xD;
&#xD;
2019-12-06 16:51:26 - [MESSAGE][PASSED] - Object 'Object Repository/mobileSanity/STM/STM PlanDetail Page/a_Apply for This Plan' is visible&#xD;
&#xD;
2019-12-06 16:51:26 - [TEST_STEP][PASSED] - click(findTestObject("mobileSanity/STM/STM PlanDetail Page/a_Apply for This Plan")): Object: 'Object Repository/mobileSanity/STM/STM PlanDetail Page/a_Apply for This Plan' is clicked on&#xD;
&#xD;
2019-12-06 16:51:29 - [MESSAGE][PASSED] - Object: 'Object Repository/mobileSanity/STM/STM PlanDetail Page/a_Apply for This Plan' is clicked on&#xD;
&#xD;
2019-12-06 16:51:29 - [TEST_STEP][PASSED] - waitForPageLoad(10): Wait for page load successfully&#xD;
&#xD;
2019-12-06 16:51:30 - [MESSAGE][PASSED] - Wait for page load successfully&#xD;
&#xD;
2019-12-06 16:51:30 - [TEST_STEP][PASSED] - Thread.sleep(2000): null&#xD;
&#xD;
2019-12-06 16:51:32 - [TEST_STEP][PASSED] - callTestCase(findTestCase("AHI/_include/get_screenshot"), [:], STOP_ON_FAILURE): Call Test Case 'Test Cases/AHI/_include/get_screenshot' successfully&#xD;
&#xD;
2019-12-06 16:51:32 - [TEST_CASE][PASSED] - Test Cases/AHI/_include/get_screenshot: Test Cases/AHI/_include/get_screenshot&#xD;
&#xD;
2019-12-06 16:51:32 - [TEST_STEP][PASSED] - takeScreenshot(screenPath + i + ".png"): Taking screenshot successfully&#xD;
&#xD;
2019-12-06 16:51:33 - [MESSAGE][PASSED] - Taking screenshot successfully&#xD;
[[ATTACHMENT|D:\\Test\\AgileTest\\AgileTest\\Reports\\AHI\\stm\\20191206_163435\\../Screenshots/iPhone 6/stm/Everest Prime/20191206_165025/5.png]]&#xD;
&#xD;
2019-12-06 16:51:33 - [TEST_STEP][PASSED] - (internal.GlobalVariable.i++): null&#xD;
&#xD;
2019-12-06 16:51:33 - [MESSAGE][PASSED] - Call Test Case 'Test Cases/AHI/_include/get_screenshot' successfully&#xD;
&#xD;
2019-12-06 16:51:33 - [TEST_STEP][PASSED] - waitForElementVisible(findTestObject("mobileSanity/STM/STM Apply Page/a_Start Secure Application"), 5): Object 'Object Repository/mobileSanity/STM/STM Apply Page/a_Start Secure Application' is visible&#xD;
&#xD;
2019-12-06 16:51:33 - [MESSAGE][PASSED] - Object 'Object Repository/mobileSanity/STM/STM Apply Page/a_Start Secure Application' is visible&#xD;
&#xD;
2019-12-06 16:51:33 - [TEST_STEP][PASSED] - click(findTestObject("mobileSanity/STM/STM Apply Page/a_Start Secure Application")): Object: 'Object Repository/mobileSanity/STM/STM Apply Page/a_Start Secure Application' is clicked on&#xD;
&#xD;
2019-12-06 16:51:36 - [MESSAGE][PASSED] - Object: 'Object Repository/mobileSanity/STM/STM Apply Page/a_Start Secure Application' is clicked on&#xD;
&#xD;
2019-12-06 16:51:36 - [TEST_STEP][PASSED] - waitForPageLoad(20): Wait for page load successfully&#xD;
&#xD;
2019-12-06 16:51:36 - [MESSAGE][PASSED] - Wait for page load successfully&#xD;
&#xD;
2019-12-06 16:51:36 - [TEST_STEP][PASSED] - Thread.sleep(2000): null&#xD;
&#xD;
2019-12-06 16:51:38 - [TEST_STEP][PASSED] - callTestCase(findTestCase("AHI/_include/get_screenshot"), [:], STOP_ON_FAILURE): Call Test Case 'Test Cases/AHI/_include/get_screenshot' successfully&#xD;
&#xD;
2019-12-06 16:51:39 - [TEST_CASE][PASSED] - Test Cases/AHI/_include/get_screenshot: Test Cases/AHI/_include/get_screenshot&#xD;
&#xD;
2019-12-06 16:51:39 - [TEST_STEP][PASSED] - takeScreenshot(screenPath + i + ".png"): Taking screenshot successfully&#xD;
&#xD;
2019-12-06 16:51:39 - [MESSAGE][PASSED] - Taking screenshot successfully&#xD;
[[ATTACHMENT|D:\\Test\\AgileTest\\AgileTest\\Reports\\AHI\\stm\\20191206_163435\\../Screenshots/iPhone 6/stm/Everest Prime/20191206_165025/6.png]]&#xD;
&#xD;
2019-12-06 16:51:39 - [TEST_STEP][PASSED] - (internal.GlobalVariable.i++): null&#xD;
&#xD;
2019-12-06 16:51:39 - [MESSAGE][PASSED] - Call Test Case 'Test Cases/AHI/_include/get_screenshot' successfully&#xD;
&#xD;
2019-12-06 16:51:39 - [MESSAGE][PASSED] - Call Test Case 'Test Cases/AHI/_include/apply_stm' successfully&#xD;
&#xD;
2019-12-06 16:51:40 - [TEST_STEP][PASSED] - callTestCase(findTestCase("AHI/_include/goToEnd_stm_autofill"), [:], STOP_ON_FAILURE): Call Test Case 'Test Cases/AHI/_include/goToEnd_stm_autofill' successfully&#xD;
&#xD;
2019-12-06 16:51:40 - [TEST_CASE][PASSED] - Test Cases/AHI/_include/goToEnd_stm_autofill: Test Cases/AHI/_include/goToEnd_stm_autofill&#xD;
&#xD;
2019-12-06 16:51:40 - [TEST_STEP][PASSED] - callTestCase(findTestCase("AHI/_include/name"), [:], CONTINUE_ON_FAILURE): Call Test Case 'Test Cases/AHI/_include/name' successfully&#xD;
&#xD;
2019-12-06 16:51:40 - [TEST_CASE][PASSED] - Test Cases/AHI/_include/name: Test Cases/AHI/_include/name&#xD;
&#xD;
2019-12-06 16:51:40 - [TEST_STEP][PASSED] - driver = getWebDriver(): null&#xD;
&#xD;
2019-12-06 16:51:40 - [TEST_STEP][PASSED] - selenium = new com.thoughtworks.selenium.webdriven.WebDriverBackedSelenium(driver, internal.GlobalVariable.ENV): null&#xD;
&#xD;
2019-12-06 16:51:40 - [TEST_STEP][PASSED] - FirstName = "Test-123": null&#xD;
&#xD;
2019-12-06 16:51:40 - [TEST_STEP][PASSED] - LastName = selenium.getEval("{var x="ABCDEFGHIJKLMNOPQRSTUVWXYZabcdefghijklmnopqrstuvwxyz"; var tmp="ZZ11-"; for (i=0;i&lt;8;i++) tmp+=x.charAt(Math.ceil(51*Math.random()));tmp;}"): null&#xD;
&#xD;
2019-12-06 16:51:40 - [TEST_STEP][PASSED] - Address = selenium.getEval("{var x="ABCDEFGHIJKLMNOPQRSTUVWXYZabcdefghijklmnopqrstuvwxyz"; var tmp=""; for (i=0;i&lt;8;i++) tmp+=x.charAt(Math.ceil(51*Math.random()));tmp;}"): null&#xD;
&#xD;
2019-12-06 16:51:40 - [TEST_STEP][PASSED] - City = selenium.getEval("{var x="ABCDEFGHIJKLMNOPQRSTUVWXYZabcdefghijklmnopqrstuvwxyz"; var tmp=""; for (i=0;i&lt;8;i++) tmp+=x.charAt(Math.ceil(51*Math.random()));tmp;}"): null&#xD;
&#xD;
2019-12-06 16:51:40 - [TEST_STEP][PASSED] - tel1 = selenium.getEval("{var x="123456789"; var tmp=""; for (i=0;i&lt;3;i++) tmp+=x.charAt(Math.ceil(8*Math.random()));tmp;}"): null&#xD;
&#xD;
2019-12-06 16:51:40 - [TEST_STEP][PASSED] - tel2 = selenium.getEval("{var x="123456789"; var tmp=""; for (i=0;i&lt;3;i++) tmp+=x.charAt(Math.ceil(8*Math.random()));tmp;}"): null&#xD;
&#xD;
2019-12-06 16:51:40 - [TEST_STEP][PASSED] - tel3 = selenium.getEval("{var x="123456789"; var tmp=""; for (i=0;i&lt;4;i++) tmp+=x.charAt(Math.ceil(8*Math.random()));tmp;}"): null&#xD;
&#xD;
2019-12-06 16:51:40 - [TEST_STEP][PASSED] - Tel = selenium.getExpression(tel1 + "-" + tel2 + "-" + tel3): null&#xD;
&#xD;
2019-12-06 16:51:40 - [TEST_STEP][PASSED] - AutoEmail = selenium.getEval("{var x="ABCDEFGHIJKLMNOPQRSTUVWXYZabcdefghijklmnopqrstuvwxyz"; var tmp="test."; for (i=0;i&lt;8;i++) tmp+=x.charAt(Math.ceil(51*Math.random()));tmp+="@suryani.cn";}"): null&#xD;
&#xD;
2019-12-06 16:51:40 - [TEST_STEP][PASSED] - FirstName = FirstName: null&#xD;
&#xD;
2019-12-06 16:51:40 - [TEST_STEP][PASSED] - LastName = LastName: null&#xD;
&#xD;
2019-12-06 16:51:40 - [TEST_STEP][PASSED] - Address = Address: null&#xD;
&#xD;
2019-12-06 16:51:40 - [TEST_STEP][PASSED] - City = City: null&#xD;
&#xD;
2019-12-06 16:51:40 - [TEST_STEP][PASSED] - Tel = Tel: null&#xD;
&#xD;
2019-12-06 16:51:40 - [TEST_STEP][PASSED] - AutoEmail = AutoEmail: null&#xD;
&#xD;
2019-12-06 16:51:40 - [TEST_STEP][PASSED] - println(FirstName): null&#xD;
&#xD;
2019-12-06 16:51:40 - [TEST_STEP][PASSED] - println(LastName): null&#xD;
&#xD;
2019-12-06 16:51:40 - [TEST_STEP][PASSED] - println(Address): null&#xD;
&#xD;
2019-12-06 16:51:40 - [TEST_STEP][PASSED] - println(City): null&#xD;
&#xD;
2019-12-06 16:51:40 - [TEST_STEP][PASSED] - println(Tel): null&#xD;
&#xD;
2019-12-06 16:51:40 - [TEST_STEP][PASSED] - println(AutoEmail): null&#xD;
&#xD;
2019-12-06 16:51:40 - [MESSAGE][PASSED] - Call Test Case 'Test Cases/AHI/_include/name' successfully&#xD;
&#xD;
2019-12-06 16:51:40 - [TEST_STEP][FAILED] - try: Unable to verify text 'Month Duration Acknowledgement' is present  (Root cause: com.kms.katalon.core.exception.StepFailedException: Unable to verify text 'Month Duration Acknowledgement' is present &#xD;
	at com.kms.katalon.core.webui.keyword.internal.WebUIKeywordMain.stepFailed(WebUIKeywordMain.groovy:64)&#xD;
	at com.kms.katalon.core.webui.keyword.internal.WebUIKeywordMain.runKeyword(WebUIKeywordMain.groovy:26)&#xD;
	at com.kms.katalon.core.webui.keyword.builtin.VerifyTextPresentKeyword.verifyTextPresent(VerifyTextPresentKeyword.groovy:83)&#xD;
	at com.kms.katalon.core.webui.keyword.builtin.VerifyTextPresentKeyword.execute(VerifyTextPresentKeyword.groovy:68)&#xD;
	at com.kms.katalon.core.keyword.internal.KeywordExecutor.executeKeywordForPlatform(KeywordExecutor.groovy:56)&#xD;
	at com.kms.katalon.core.webui.keyword.WebUiBuiltInKeywords.verifyTextPresent(WebUiBuiltInKeywords.groovy:1693)&#xD;
	at com.kms.katalon.core.webui.keyword.WebUiBuiltInKeywords$verifyTextPresent$8.call(Unknown Source)&#xD;
	at goToEnd_stm_autofill.run(goToEnd_stm_autofill:19)&#xD;
	at com.kms.katalon.core.main.ScriptEngine.run(ScriptEngine.java:194)&#xD;
	at com.kms.katalon.core.main.ScriptEngine.runScriptAsRawText(ScriptEngine.java:119)&#xD;
	at com.kms.katalon.core.main.TestCaseExecutor.runScript(TestCaseExecutor.java:337)&#xD;
	at com.kms.katalon.core.main.TestCaseExecutor.doExecute(TestCaseExecutor.java:328)&#xD;
	at com.kms.katalon.core.main.TestCaseExecutor.processExecutionPhase(TestCaseExecutor.java:307)&#xD;
	at com.kms.katalon.core.main.TestCaseExecutor.accessMainPhase(TestCaseExecutor.java:299)&#xD;
	at com.kms.katalon.core.main.TestCaseExecutor.execute(TestCaseExecutor.java:233)&#xD;
	at com.kms.katalon.core.main.TestCaseMain.runTestCase(TestCaseMain.java:114)&#xD;
	at com.kms.katalon.core.keyword.builtin.CallTestCaseKeyword$_callTestCase_closure1.doCall(CallTestCaseKeyword.groovy:59)&#xD;
	at com.kms.katalon.core.keyword.builtin.CallTestCaseKeyword$_callTestCase_closure1.call(CallTestCaseKeyword.groovy)&#xD;
	at com.kms.katalon.core.keyword.internal.KeywordMain.runKeyword(KeywordMain.groovy:68)&#xD;
	at com.kms.katalon.core.keyword.builtin.CallTestCaseKeyword.callTestCase(CallTestCaseKeyword.groovy:81)&#xD;
	at com.kms.katalon.core.keyword.builtin.CallTestCaseKeyword.execute(CallTestCaseKeyword.groovy:44)&#xD;
	at com.kms.katalon.core.keyword.internal.KeywordExecutor.executeKeywordForPlatform(KeywordExecutor.groovy:56)&#xD;
	at com.kms.katalon.core.keyword.BuiltinKeywords.callTestCase(BuiltinKeywords.groovy:334)&#xD;
	at Everest Prime.run(Everest Prime:31)&#xD;
	at com.kms.katalon.core.main.ScriptEngine.run(ScriptEngine.java:194)&#xD;
	at com.kms.katalon.core.main.ScriptEngine.runScriptAsRawText(ScriptEngine.java:119)&#xD;
	at com.kms.katalon.core.main.TestCaseExecutor.runScript(TestCaseExecutor.java:337)&#xD;
	at com.kms.katalon.core.main.TestCaseExecutor.doExecute(TestCaseExecutor.java:328)&#xD;
	at com.kms.katalon.core.main.TestCaseExecutor.processExecutionPhase(TestCaseExecutor.java:307)&#xD;
	at com.kms.katalon.core.main.TestCaseExecutor.accessMainPhase(TestCaseExecutor.java:299)&#xD;
	at com.kms.katalon.core.main.TestCaseExecutor.execute(TestCaseExecutor.java:233)&#xD;
	at com.kms.katalon.core.main.TestSuiteExecutor.accessTestCaseMainPhase(TestSuiteExecutor.java:133)&#xD;
	at com.kms.katalon.core.main.TestSuiteExecutor.accessTestSuiteMainPhase(TestSuiteExecutor.java:116)&#xD;
	at com.kms.katalon.core.main.TestSuiteExecutor.execute(TestSuiteExecutor.java:83)&#xD;
	at com.kms.katalon.core.main.TestCaseMain.startTestSuite(TestCaseMain.java:157)&#xD;
	at com.kms.katalon.core.main.TestCaseMain$startTestSuite$0.call(Unknown Source)&#xD;
	at TempTestSuite1575621275705.run(TempTestSuite1575621275705.groovy:35)&#xD;
Caused by: com.kms.katalon.core.exception.StepFailedException: Text 'Month Duration Acknowledgement' is not present on page &#xD;
	at com.kms.katalon.core.webui.keyword.internal.WebUIKeywordMain.stepFailed(WebUIKeywordMain.groovy:64)&#xD;
	at com.kms.katalon.core.webui.keyword.builtin.VerifyTextPresentKeyword$_verifyTextPresent_closure1.doCall(VerifyTextPresentKeyword.groovy:79)&#xD;
	at com.kms.katalon.core.webui.keyword.builtin.VerifyTextPresentKeyword$_verifyTextPresent_closure1.call(VerifyTextPresentKeyword.groovy)&#xD;
	at com.kms.katalon.core.webui.keyword.internal.WebUIKeywordMain.runKeyword(WebUIKeywordMain.groovy:20)&#xD;
	... 35 more&#xD;
)&#xD;
&#xD;
2019-12-06 16:51:40 - [TEST_STEP][FAILED] - if (verifyTextPresent("Month Duration Acknowledgement", false)): Unable to verify text 'Month Duration Acknowledgement' is present  (Root cause: com.kms.katalon.core.exception.StepFailedException: Unable to verify text 'Month Duration Acknowledgement' is present &#xD;
	at com.kms.katalon.core.webui.keyword.internal.WebUIKeywordMain.stepFailed(WebUIKeywordMain.groovy:64)&#xD;
	at com.kms.katalon.core.webui.keyword.internal.WebUIKeywordMain.runKeyword(WebUIKeywordMain.groovy:26)&#xD;
	at com.kms.katalon.core.webui.keyword.builtin.VerifyTextPresentKeyword.verifyTextPresent(VerifyTextPresentKeyword.groovy:83)&#xD;
	at com.kms.katalon.core.webui.keyword.builtin.VerifyTextPresentKeyword.execute(VerifyTextPresentKeyword.groovy:68)&#xD;
	at com.kms.katalon.core.keyword.internal.KeywordExecutor.executeKeywordForPlatform(KeywordExecutor.groovy:56)&#xD;
	at com.kms.katalon.core.webui.keyword.WebUiBuiltInKeywords.verifyTextPresent(WebUiBuiltInKeywords.groovy:1693)&#xD;
	at com.kms.katalon.core.webui.keyword.WebUiBuiltInKeywords$verifyTextPresent$8.call(Unknown Source)&#xD;
	at goToEnd_stm_autofill.run(goToEnd_stm_autofill:19)&#xD;
	at com.kms.katalon.core.main.ScriptEngine.run(ScriptEngine.java:194)&#xD;
	at com.kms.katalon.core.main.ScriptEngine.runScriptAsRawText(ScriptEngine.java:119)&#xD;
	at com.kms.katalon.core.main.TestCaseExecutor.runScript(TestCaseExecutor.java:337)&#xD;
	at com.kms.katalon.core.main.TestCaseExecutor.doExecute(TestCaseExecutor.java:328)&#xD;
	at com.kms.katalon.core.main.TestCaseExecutor.processExecutionPhase(TestCaseExecutor.java:307)&#xD;
	at com.kms.katalon.core.main.TestCaseExecutor.accessMainPhase(TestCaseExecutor.java:299)&#xD;
	at com.kms.katalon.core.main.TestCaseExecutor.execute(TestCaseExecutor.java:233)&#xD;
	at com.kms.katalon.core.main.TestCaseMain.runTestCase(TestCaseMain.java:114)&#xD;
	at com.kms.katalon.core.keyword.builtin.CallTestCaseKeyword$_callTestCase_closure1.doCall(CallTestCaseKeyword.groovy:59)&#xD;
	at com.kms.katalon.core.keyword.builtin.CallTestCaseKeyword$_callTestCase_closure1.call(CallTestCaseKeyword.groovy)&#xD;
	at com.kms.katalon.core.keyword.internal.KeywordMain.runKeyword(KeywordMain.groovy:68)&#xD;
	at com.kms.katalon.core.keyword.builtin.CallTestCaseKeyword.callTestCase(CallTestCaseKeyword.groovy:81)&#xD;
	at com.kms.katalon.core.keyword.builtin.CallTestCaseKeyword.execute(CallTestCaseKeyword.groovy:44)&#xD;
	at com.kms.katalon.core.keyword.internal.KeywordExecutor.executeKeywordForPlatform(KeywordExecutor.groovy:56)&#xD;
	at com.kms.katalon.core.keyword.BuiltinKeywords.callTestCase(BuiltinKeywords.groovy:334)&#xD;
	at Everest Prime.run(Everest Prime:31)&#xD;
	at com.kms.katalon.core.main.ScriptEngine.run(ScriptEngine.java:194)&#xD;
	at com.kms.katalon.core.main.ScriptEngine.runScriptAsRawText(ScriptEngine.java:119)&#xD;
	at com.kms.katalon.core.main.TestCaseExecutor.runScript(TestCaseExecutor.java:337)&#xD;
	at com.kms.katalon.core.main.TestCaseExecutor.doExecute(TestCaseExecutor.java:328)&#xD;
	at com.kms.katalon.core.main.TestCaseExecutor.processExecutionPhase(TestCaseExecutor.java:307)&#xD;
	at com.kms.katalon.core.main.TestCaseExecutor.accessMainPhase(TestCaseExecutor.java:299)&#xD;
	at com.kms.katalon.core.main.TestCaseExecutor.execute(TestCaseExecutor.java:233)&#xD;
	at com.kms.katalon.core.main.TestSuiteExecutor.accessTestCaseMainPhase(TestSuiteExecutor.java:133)&#xD;
	at com.kms.katalon.core.main.TestSuiteExecutor.accessTestSuiteMainPhase(TestSuiteExecutor.java:116)&#xD;
	at com.kms.katalon.core.main.TestSuiteExecutor.execute(TestSuiteExecutor.java:83)&#xD;
	at com.kms.katalon.core.main.TestCaseMain.startTestSuite(TestCaseMain.java:157)&#xD;
	at com.kms.katalon.core.main.TestCaseMain$startTestSuite$0.call(Unknown Source)&#xD;
	at TempTestSuite1575621275705.run(TempTestSuite1575621275705.groovy:35)&#xD;
Caused by: com.kms.katalon.core.exception.StepFailedException: Text 'Month Duration Acknowledgement' is not present on page &#xD;
	at com.kms.katalon.core.webui.keyword.internal.WebUIKeywordMain.stepFailed(WebUIKeywordMain.groovy:64)&#xD;
	at com.kms.katalon.core.webui.keyword.builtin.VerifyTextPresentKeyword$_verifyTextPresent_closure1.doCall(VerifyTextPresentKeyword.groovy:79)&#xD;
	at com.kms.katalon.core.webui.keyword.builtin.VerifyTextPresentKeyword$_verifyTextPresent_closure1.call(VerifyTextPresentKeyword.groovy)&#xD;
	at com.kms.katalon.core.webui.keyword.internal.WebUIKeywordMain.runKeyword(WebUIKeywordMain.groovy:20)&#xD;
	... 35 more&#xD;
)&#xD;
&#xD;
2019-12-06 16:51:41 - [MESSAGE][FAILED] - Text 'Month Duration Acknowledgement' is not present on page  (Root cause: com.kms.katalon.core.exception.StepFailedException: Text 'Month Duration Acknowledgement' is not present on page &#xD;
	at com.kms.katalon.core.webui.keyword.internal.WebUIKeywordMain.stepFailed(WebUIKeywordMain.groovy:64)&#xD;
	at com.kms.katalon.core.webui.keyword.builtin.VerifyTextPresentKeyword$_verifyTextPresent_closure1.doCall(VerifyTextPresentKeyword.groovy:79)&#xD;
	at com.kms.katalon.core.webui.keyword.builtin.VerifyTextPresentKeyword$_verifyTextPresent_closure1.call(VerifyTextPresentKeyword.groovy)&#xD;
	at com.kms.katalon.core.webui.keyword.internal.WebUIKeywordMain.runKeyword(WebUIKeywordMain.groovy:20)&#xD;
	at com.kms.katalon.core.webui.keyword.builtin.VerifyTextPresentKeyword.verifyTextPresent(VerifyTextPresentKeyword.groovy:83)&#xD;
	at com.kms.katalon.core.webui.keyword.builtin.VerifyTextPresentKeyword.execute(VerifyTextPresentKeyword.groovy:68)&#xD;
	at com.kms.katalon.core.keyword.internal.KeywordExecutor.executeKeywordForPlatform(KeywordExecutor.groovy:56)&#xD;
	at com.kms.katalon.core.webui.keyword.WebUiBuiltInKeywords.verifyTextPresent(WebUiBuiltInKeywords.groovy:1693)&#xD;
	at com.kms.katalon.core.webui.keyword.WebUiBuiltInKeywords$verifyTextPresent$8.call(Unknown Source)&#xD;
	at goToEnd_stm_autofill.run(goToEnd_stm_autofill:19)&#xD;
	at com.kms.katalon.core.main.ScriptEngine.run(ScriptEngine.java:194)&#xD;
	at com.kms.katalon.core.main.ScriptEngine.runScriptAsRawText(ScriptEngine.java:119)&#xD;
	at com.kms.katalon.core.main.TestCaseExecutor.runScript(TestCaseExecutor.java:337)&#xD;
	at com.kms.katalon.core.main.TestCaseExecutor.doExecute(TestCaseExecutor.java:328)&#xD;
	at com.kms.katalon.core.main.TestCaseExecutor.processExecutionPhase(TestCaseExecutor.java:307)&#xD;
	at com.kms.katalon.core.main.TestCaseExecutor.accessMainPhase(TestCaseExecutor.java:299)&#xD;
	at com.kms.katalon.core.main.TestCaseExecutor.execute(TestCaseExecutor.java:233)&#xD;
	at com.kms.katalon.core.main.TestCaseMain.runTestCase(TestCaseMain.java:114)&#xD;
	at com.kms.katalon.core.keyword.builtin.CallTestCaseKeyword$_callTestCase_closure1.doCall(CallTestCaseKeyword.groovy:59)&#xD;
	at com.kms.katalon.core.keyword.builtin.CallTestCaseKeyword$_callTestCase_closure1.call(CallTestCaseKeyword.groovy)&#xD;
	at com.kms.katalon.core.keyword.internal.KeywordMain.runKeyword(KeywordMain.groovy:68)&#xD;
	at com.kms.katalon.core.keyword.builtin.CallTestCaseKeyword.callTestCase(CallTestCaseKeyword.groovy:81)&#xD;
	at com.kms.katalon.core.keyword.builtin.CallTestCaseKeyword.execute(CallTestCaseKeyword.groovy:44)&#xD;
	at com.kms.katalon.core.keyword.internal.KeywordExecutor.executeKeywordForPlatform(KeywordExecutor.groovy:56)&#xD;
	at com.kms.katalon.core.keyword.BuiltinKeywords.callTestCase(BuiltinKeywords.groovy:334)&#xD;
	at Everest Prime.run(Everest Prime:31)&#xD;
	at com.kms.katalon.core.main.ScriptEngine.run(ScriptEngine.java:194)&#xD;
	at com.kms.katalon.core.main.ScriptEngine.runScriptAsRawText(ScriptEngine.java:119)&#xD;
	at com.kms.katalon.core.main.TestCaseExecutor.runScript(TestCaseExecutor.java:337)&#xD;
	at com.kms.katalon.core.main.TestCaseExecutor.doExecute(TestCaseExecutor.java:328)&#xD;
	at com.kms.katalon.core.main.TestCaseExecutor.processExecutionPhase(TestCaseExecutor.java:307)&#xD;
	at com.kms.katalon.core.main.TestCaseExecutor.accessMainPhase(TestCaseExecutor.java:299)&#xD;
	at com.kms.katalon.core.main.TestCaseExecutor.execute(TestCaseExecutor.java:233)&#xD;
	at com.kms.katalon.core.main.TestSuiteExecutor.accessTestCaseMainPhase(TestSuiteExecutor.java:133)&#xD;
	at com.kms.katalon.core.main.TestSuiteExecutor.accessTestSuiteMainPhase(TestSuiteExecutor.java:116)&#xD;
	at com.kms.katalon.core.main.TestSuiteExecutor.execute(TestSuiteExecutor.java:83)&#xD;
	at com.kms.katalon.core.main.TestCaseMain.startTestSuite(TestCaseMain.java:157)&#xD;
	at com.kms.katalon.core.main.TestCaseMain$startTestSuite$0.call(Unknown Source)&#xD;
	at TempTestSuite1575621275705.run(TempTestSuite1575621275705.groovy:35)&#xD;
)&#xD;
&#xD;
2019-12-06 16:51:42 - [MESSAGE][FAILED] - Unable to verify text 'Month Duration Acknowledgement' is present  (Root cause: com.kms.katalon.core.exception.StepFailedException: Unable to verify text 'Month Duration Acknowledgement' is present &#xD;
	at com.kms.katalon.core.webui.keyword.internal.WebUIKeywordMain.stepFailed(WebUIKeywordMain.groovy:64)&#xD;
	at com.kms.katalon.core.webui.keyword.internal.WebUIKeywordMain.runKeyword(WebUIKeywordMain.groovy:26)&#xD;
	at com.kms.katalon.core.webui.keyword.builtin.VerifyTextPresentKeyword.verifyTextPresent(VerifyTextPresentKeyword.groovy:83)&#xD;
	at com.kms.katalon.core.webui.keyword.builtin.VerifyTextPresentKeyword.execute(VerifyTextPresentKeyword.groovy:68)&#xD;
	at com.kms.katalon.core.keyword.internal.KeywordExecutor.executeKeywordForPlatform(KeywordExecutor.groovy:56)&#xD;
	at com.kms.katalon.core.webui.keyword.WebUiBuiltInKeywords.verifyTextPresent(WebUiBuiltInKeywords.groovy:1693)&#xD;
	at com.kms.katalon.core.webui.keyword.WebUiBuiltInKeywords$verifyTextPresent$8.call(Unknown Source)&#xD;
	at goToEnd_stm_autofill.run(goToEnd_stm_autofill:19)&#xD;
	at com.kms.katalon.core.main.ScriptEngine.run(ScriptEngine.java:194)&#xD;
	at com.kms.katalon.core.main.ScriptEngine.runScriptAsRawText(ScriptEngine.java:119)&#xD;
	at com.kms.katalon.core.main.TestCaseExecutor.runScript(TestCaseExecutor.java:337)&#xD;
	at com.kms.katalon.core.main.TestCaseExecutor.doExecute(TestCaseExecutor.java:328)&#xD;
	at com.kms.katalon.core.main.TestCaseExecutor.processExecutionPhase(TestCaseExecutor.java:307)&#xD;
	at com.kms.katalon.core.main.TestCaseExecutor.accessMainPhase(TestCaseExecutor.java:299)&#xD;
	at com.kms.katalon.core.main.TestCaseExecutor.execute(TestCaseExecutor.java:233)&#xD;
	at com.kms.katalon.core.main.TestCaseMain.runTestCase(TestCaseMain.java:114)&#xD;
	at com.kms.katalon.core.keyword.builtin.CallTestCaseKeyword$_callTestCase_closure1.doCall(CallTestCaseKeyword.groovy:59)&#xD;
	at com.kms.katalon.core.keyword.builtin.CallTestCaseKeyword$_callTestCase_closure1.call(CallTestCaseKeyword.groovy)&#xD;
	at com.kms.katalon.core.keyword.internal.KeywordMain.runKeyword(KeywordMain.groovy:68)&#xD;
	at com.kms.katalon.core.keyword.builtin.CallTestCaseKeyword.callTestCase(CallTestCaseKeyword.groovy:81)&#xD;
	at com.kms.katalon.core.keyword.builtin.CallTestCaseKeyword.execute(CallTestCaseKeyword.groovy:44)&#xD;
	at com.kms.katalon.core.keyword.internal.KeywordExecutor.executeKeywordForPlatform(KeywordExecutor.groovy:56)&#xD;
	at com.kms.katalon.core.keyword.BuiltinKeywords.callTestCase(BuiltinKeywords.groovy:334)&#xD;
	at Everest Prime.run(Everest Prime:31)&#xD;
	at com.kms.katalon.core.main.ScriptEngine.run(ScriptEngine.java:194)&#xD;
	at com.kms.katalon.core.main.ScriptEngine.runScriptAsRawText(ScriptEngine.java:119)&#xD;
	at com.kms.katalon.core.main.TestCaseExecutor.runScript(TestCaseExecutor.java:337)&#xD;
	at com.kms.katalon.core.main.TestCaseExecutor.doExecute(TestCaseExecutor.java:328)&#xD;
	at com.kms.katalon.core.main.TestCaseExecutor.processExecutionPhase(TestCaseExecutor.java:307)&#xD;
	at com.kms.katalon.core.main.TestCaseExecutor.accessMainPhase(TestCaseExecutor.java:299)&#xD;
	at com.kms.katalon.core.main.TestCaseExecutor.execute(TestCaseExecutor.java:233)&#xD;
	at com.kms.katalon.core.main.TestSuiteExecutor.accessTestCaseMainPhase(TestSuiteExecutor.java:133)&#xD;
	at com.kms.katalon.core.main.TestSuiteExecutor.accessTestSuiteMainPhase(TestSuiteExecutor.java:116)&#xD;
	at com.kms.katalon.core.main.TestSuiteExecutor.execute(TestSuiteExecutor.java:83)&#xD;
	at com.kms.katalon.core.main.TestCaseMain.startTestSuite(TestCaseMain.java:157)&#xD;
	at com.kms.katalon.core.main.TestCaseMain$startTestSuite$0.call(Unknown Source)&#xD;
	at TempTestSuite1575621275705.run(TempTestSuite1575621275705.groovy:35)&#xD;
Caused by: com.kms.katalon.core.exception.StepFailedException: Text 'Month Duration Acknowledgement' is not present on page &#xD;
	at com.kms.katalon.core.webui.keyword.internal.WebUIKeywordMain.stepFailed(WebUIKeywordMain.groovy:64)&#xD;
	at com.kms.katalon.core.webui.keyword.builtin.VerifyTextPresentKeyword$_verifyTextPresent_closure1.doCall(VerifyTextPresentKeyword.groovy:79)&#xD;
	at com.kms.katalon.core.webui.keyword.builtin.VerifyTextPresentKeyword$_verifyTextPresent_closure1.call(VerifyTextPresentKeyword.groovy)&#xD;
	at com.kms.katalon.core.webui.keyword.internal.WebUIKeywordMain.runKeyword(WebUIKeywordMain.groovy:20)&#xD;
	... 35 more&#xD;
)&#xD;
[[ATTACHMENT|D:\\Test\\AgileTest\\AgileTest\\Reports\\AHI\\stm\\20191206_163435\\1575622301336.png]]&#xD;
&#xD;
2019-12-06 16:51:42 - [TEST_STEP][PASSED] - catch (Exception e): null&#xD;
&#xD;
2019-12-06 16:51:42 - [TEST_STEP][PASSED] - println("no consecutive"): null&#xD;
&#xD;
2019-12-06 16:51:42 - [TEST_STEP][PASSED] - waitForPageLoad(10): Wait for page load successfully&#xD;
&#xD;
2019-12-06 16:51:42 - [MESSAGE][PASSED] - Wait for page load successfully&#xD;
&#xD;
2019-12-06 16:51:42 - [TEST_STEP][PASSED] - Thread.sleep(3000): null&#xD;
&#xD;
2019-12-06 16:51:45 - [TEST_STEP][PASSED] - waitForElementVisible(findTestObject("mobileSanity/STM/Page_App Page 1/a_Autofill App Info"), 20): Object 'Object Repository/mobileSanity/STM/Page_App Page 1/a_Autofill App Info' is visible&#xD;
&#xD;
2019-12-06 16:51:45 - [MESSAGE][PASSED] - Object 'Object Repository/mobileSanity/STM/Page_App Page 1/a_Autofill App Info' is visible&#xD;
&#xD;
2019-12-06 16:51:45 - [TEST_STEP][PASSED] - click(findTestObject("mobileSanity/STM/Page_App Page 1/a_Autofill App Info")): Object: 'Object Repository/mobileSanity/STM/Page_App Page 1/a_Autofill App Info' is clicked on&#xD;
&#xD;
2019-12-06 16:51:45 - [MESSAGE][PASSED] - Object: 'Object Repository/mobileSanity/STM/Page_App Page 1/a_Autofill App Info' is clicked on&#xD;
&#xD;
2019-12-06 16:51:45 - [TEST_STEP][PASSED] - Thread.sleep(1000): null&#xD;
&#xD;
2019-12-06 16:51:46 - [TEST_STEP][PASSED] - click(findTestObject("mobileSanity/STM/Page_App Page 1/a_Autofill App Info")): Object: 'Object Repository/mobileSanity/STM/Page_App Page 1/a_Autofill App Info' is clicked on&#xD;
&#xD;
2019-12-06 16:51:47 - [MESSAGE][PASSED] - Object: 'Object Repository/mobileSanity/STM/Page_App Page 1/a_Autofill App Info' is clicked on&#xD;
&#xD;
2019-12-06 16:51:47 - [TEST_STEP][PASSED] - Thread.sleep(1000): null&#xD;
&#xD;
2019-12-06 16:51:48 - [TEST_STEP][PASSED] - waitForElementVisible(findTestObject("mobileSanity/STM/Page_App Page 1/a_Continue"), 20): Object 'Object Repository/mobileSanity/STM/Page_App Page 1/a_Continue' is visible&#xD;
&#xD;
2019-12-06 16:51:48 - [MESSAGE][PASSED] - Object 'Object Repository/mobileSanity/STM/Page_App Page 1/a_Continue' is visible&#xD;
&#xD;
2019-12-06 16:51:48 - [TEST_STEP][PASSED] - click(findTestObject("mobileSanity/STM/Page_App Page 1/a_Continue")): Object: 'Object Repository/mobileSanity/STM/Page_App Page 1/a_Continue' is clicked on&#xD;
&#xD;
2019-12-06 16:51:48 - [MESSAGE][PASSED] - Object: 'Object Repository/mobileSanity/STM/Page_App Page 1/a_Continue' is clicked on&#xD;
&#xD;
2019-12-06 16:51:48 - [TEST_STEP][PASSED] - waitForPageLoad(20): Wait for page load successfully&#xD;
&#xD;
2019-12-06 16:51:48 - [MESSAGE][PASSED] - Wait for page load successfully&#xD;
&#xD;
2019-12-06 16:51:48 - [TEST_STEP][PASSED] - Thread.sleep(5000): null&#xD;
&#xD;
2019-12-06 16:51:53 - [TEST_STEP][PASSED] - callTestCase(findTestCase("AHI/_include/get_screenshot"), [:], STOP_ON_FAILURE): Call Test Case 'Test Cases/AHI/_include/get_screenshot' successfully&#xD;
&#xD;
2019-12-06 16:51:53 - [TEST_CASE][PASSED] - Test Cases/AHI/_include/get_screenshot: Test Cases/AHI/_include/get_screenshot&#xD;
&#xD;
2019-12-06 16:51:53 - [TEST_STEP][PASSED] - takeScreenshot(screenPath + i + ".png"): Taking screenshot successfully&#xD;
&#xD;
2019-12-06 16:51:54 - [MESSAGE][PASSED] - Taking screenshot successfully&#xD;
[[ATTACHMENT|D:\\Test\\AgileTest\\AgileTest\\Reports\\AHI\\stm\\20191206_163435\\../Screenshots/iPhone 6/stm/Everest Prime/20191206_165025/7.png]]&#xD;
&#xD;
2019-12-06 16:51:54 - [TEST_STEP][PASSED] - (internal.GlobalVariable.i++): null&#xD;
&#xD;
2019-12-06 16:51:54 - [MESSAGE][PASSED] - Call Test Case 'Test Cases/AHI/_include/get_screenshot' successfully&#xD;
&#xD;
2019-12-06 16:51:54 - [TEST_STEP][PASSED] - click(findTestObject("mobileSanity/STM/Page_App Page 2/a_Continue to Step 3 - Payment")): Object: 'Object Repository/mobileSanity/STM/Page_App Page 2/a_Continue to Step 3 - Payment' is clicked on&#xD;
&#xD;
2019-12-06 16:51:55 - [MESSAGE][PASSED] - Object: 'Object Repository/mobileSanity/STM/Page_App Page 2/a_Continue to Step 3 - Payment' is clicked on&#xD;
&#xD;
2019-12-06 16:51:55 - [TEST_STEP][PASSED] - waitForPageLoad(20): Wait for page load successfully&#xD;
&#xD;
2019-12-06 16:51:55 - [MESSAGE][PASSED] - Wait for page load successfully&#xD;
&#xD;
2019-12-06 16:51:55 - [TEST_STEP][PASSED] - waitForElementVisible(findTestObject("mobileSanity/STM/Page_App Page 3/input__credit-card-cvv"), 20): Object 'Object Repository/mobileSanity/STM/Page_App Page 3/input__credit-card-cvv' is visible&#xD;
&#xD;
2019-12-06 16:51:58 - [MESSAGE][PASSED] - Object 'Object Repository/mobileSanity/STM/Page_App Page 3/input__credit-card-cvv' is visible&#xD;
&#xD;
2019-12-06 16:51:58 - [TEST_STEP][PASSED] - Thread.sleep(2000): null&#xD;
&#xD;
2019-12-06 16:52:00 - [TEST_STEP][PASSED] - callTestCase(findTestCase("AHI/_include/get_screenshot"), [:], STOP_ON_FAILURE): Call Test Case 'Test Cases/AHI/_include/get_screenshot' successfully&#xD;
&#xD;
2019-12-06 16:52:00 - [TEST_CASE][PASSED] - Test Cases/AHI/_include/get_screenshot: Test Cases/AHI/_include/get_screenshot&#xD;
&#xD;
2019-12-06 16:52:00 - [TEST_STEP][PASSED] - takeScreenshot(screenPath + i + ".png"): Taking screenshot successfully&#xD;
&#xD;
2019-12-06 16:52:01 - [MESSAGE][PASSED] - Taking screenshot successfully&#xD;
[[ATTACHMENT|D:\\Test\\AgileTest\\AgileTest\\Reports\\AHI\\stm\\20191206_163435\\../Screenshots/iPhone 6/stm/Everest Prime/20191206_165025/8.png]]&#xD;
&#xD;
2019-12-06 16:52:01 - [TEST_STEP][PASSED] - (internal.GlobalVariable.i++): null&#xD;
&#xD;
2019-12-06 16:52:01 - [MESSAGE][PASSED] - Call Test Case 'Test Cases/AHI/_include/get_screenshot' successfully&#xD;
&#xD;
2019-12-06 16:52:01 - [TEST_STEP][PASSED] - clearText(findTestObject("mobileSanity/STM/Page_App Page 3/input__credit-card-cvv")): Text of object 'Object Repository/mobileSanity/STM/Page_App Page 3/input__credit-card-cvv' is cleared&#xD;
&#xD;
2019-12-06 16:52:01 - [MESSAGE][PASSED] - Text of object 'Object Repository/mobileSanity/STM/Page_App Page 3/input__credit-card-cvv' is cleared&#xD;
&#xD;
2019-12-06 16:52:01 - [TEST_STEP][PASSED] - setText(findTestObject("mobileSanity/STM/Page_App Page 3/input__credit-card-cvv"), "123"): Text '123' is set on object 'Object Repository/mobileSanity/STM/Page_App Page 3/input__credit-card-cvv'&#xD;
&#xD;
2019-12-06 16:52:01 - [MESSAGE][PASSED] - Text '123' is set on object 'Object Repository/mobileSanity/STM/Page_App Page 3/input__credit-card-cvv'&#xD;
&#xD;
2019-12-06 16:52:01 - [TEST_STEP][PASSED] - click(findTestObject("mobileSanity/STM/Page_App Page 3/label_I Accept Authorization f")): Object: 'Object Repository/mobileSanity/STM/Page_App Page 3/label_I Accept Authorization f' is clicked on&#xD;
&#xD;
2019-12-06 16:52:01 - [MESSAGE][PASSED] - Object: 'Object Repository/mobileSanity/STM/Page_App Page 3/label_I Accept Authorization f' is clicked on&#xD;
&#xD;
2019-12-06 16:52:01 - [TEST_STEP][PASSED] - click(findTestObject("mobileSanity/STM/Page_App Page 3/a_Continue to Step 4 - Review")): Object: 'Object Repository/mobileSanity/STM/Page_App Page 3/a_Continue to Step 4 - Review' is clicked on&#xD;
&#xD;
2019-12-06 16:52:01 - [MESSAGE][PASSED] - Object: 'Object Repository/mobileSanity/STM/Page_App Page 3/a_Continue to Step 4 - Review' is clicked on&#xD;
&#xD;
2019-12-06 16:52:01 - [TEST_STEP][PASSED] - waitForPageLoad(10): Wait for page load successfully&#xD;
&#xD;
2019-12-06 16:52:02 - [MESSAGE][PASSED] - Wait for page load successfully&#xD;
&#xD;
2019-12-06 16:52:02 - [TEST_STEP][PASSED] - waitForElementClickable(findTestObject("mobileSanity/STM/Page_App Page 4/label"), 10): Object 'Object Repository/mobileSanity/STM/Page_App Page 4/label' is clickable&#xD;
&#xD;
2019-12-06 16:52:03 - [MESSAGE][PASSED] - Object 'Object Repository/mobileSanity/STM/Page_App Page 4/label' is clickable&#xD;
&#xD;
2019-12-06 16:52:03 - [TEST_STEP][PASSED] - Thread.sleep(2000): null&#xD;
&#xD;
2019-12-06 16:52:05 - [TEST_STEP][PASSED] - callTestCase(findTestCase("AHI/_include/get_screenshot"), [:], STOP_ON_FAILURE): Call Test Case 'Test Cases/AHI/_include/get_screenshot' successfully&#xD;
&#xD;
2019-12-06 16:52:05 - [TEST_CASE][PASSED] - Test Cases/AHI/_include/get_screenshot: Test Cases/AHI/_include/get_screenshot&#xD;
&#xD;
2019-12-06 16:52:05 - [TEST_STEP][PASSED] - takeScreenshot(screenPath + i + ".png"): Taking screenshot successfully&#xD;
&#xD;
2019-12-06 16:52:06 - [MESSAGE][PASSED] - Taking screenshot successfully&#xD;
[[ATTACHMENT|D:\\Test\\AgileTest\\AgileTest\\Reports\\AHI\\stm\\20191206_163435\\../Screenshots/iPhone 6/stm/Everest Prime/20191206_165025/9.png]]&#xD;
&#xD;
2019-12-06 16:52:06 - [TEST_STEP][PASSED] - (internal.GlobalVariable.i++): null&#xD;
&#xD;
2019-12-06 16:52:06 - [MESSAGE][PASSED] - Call Test Case 'Test Cases/AHI/_include/get_screenshot' successfully&#xD;
&#xD;
2019-12-06 16:52:06 - [TEST_STEP][PASSED] - click(findTestObject("mobileSanity/STM/Page_App Page 4/label")): Object: 'Object Repository/mobileSanity/STM/Page_App Page 4/label' is clicked on&#xD;
&#xD;
2019-12-06 16:52:06 - [MESSAGE][PASSED] - Object: 'Object Repository/mobileSanity/STM/Page_App Page 4/label' is clicked on&#xD;
&#xD;
2019-12-06 16:52:06 - [TEST_STEP][PASSED] - click(findTestObject("mobileSanity/STM/Page_App Page 4/div_CLICK TO SIGN")): Object: 'Object Repository/mobileSanity/STM/Page_App Page 4/div_CLICK TO SIGN' is clicked on&#xD;
&#xD;
2019-12-06 16:52:07 - [MESSAGE][PASSED] - Object: 'Object Repository/mobileSanity/STM/Page_App Page 4/div_CLICK TO SIGN' is clicked on&#xD;
&#xD;
2019-12-06 16:52:07 - [TEST_STEP][PASSED] - click(findTestObject("mobileSanity/STM/Page_App Page 4/a_Submit Your Application")): Object: 'Object Repository/mobileSanity/STM/Page_App Page 4/a_Submit Your Application' is clicked on&#xD;
&#xD;
2019-12-06 16:52:08 - [MESSAGE][PASSED] - Object: 'Object Repository/mobileSanity/STM/Page_App Page 4/a_Submit Your Application' is clicked on&#xD;
&#xD;
2019-12-06 16:52:08 - [TEST_STEP][PASSED] - Thread.sleep(30000): null&#xD;
&#xD;
2019-12-06 16:52:38 - [TEST_STEP][PASSED] - waitForElementPresent(findTestObject("mobileSanity/STM/Page_App Page 6/app-page-wrapper"), 20): Object 'Object Repository/mobileSanity/STM/Page_App Page 6/app-page-wrapper' is present&#xD;
&#xD;
2019-12-06 16:52:38 - [MESSAGE][PASSED] - Object 'Object Repository/mobileSanity/STM/Page_App Page 6/app-page-wrapper' is present&#xD;
&#xD;
2019-12-06 16:52:38 - [TEST_STEP][PASSED] - callTestCase(findTestCase("AHI/_include/get_screenshot"), [:], STOP_ON_FAILURE): Call Test Case 'Test Cases/AHI/_include/get_screenshot' successfully&#xD;
&#xD;
2019-12-06 16:52:38 - [TEST_CASE][PASSED] - Test Cases/AHI/_include/get_screenshot: Test Cases/AHI/_include/get_screenshot&#xD;
&#xD;
2019-12-06 16:52:38 - [TEST_STEP][PASSED] - takeScreenshot(screenPath + i + ".png"): Taking screenshot successfully&#xD;
&#xD;
2019-12-06 16:52:39 - [MESSAGE][PASSED] - Taking screenshot successfully&#xD;
[[ATTACHMENT|D:\\Test\\AgileTest\\AgileTest\\Reports\\AHI\\stm\\20191206_163435\\../Screenshots/iPhone 6/stm/Everest Prime/20191206_165025/10.png]]&#xD;
&#xD;
2019-12-06 16:52:39 - [TEST_STEP][PASSED] - (internal.GlobalVariable.i++): null&#xD;
&#xD;
2019-12-06 16:52:39 - [MESSAGE][PASSED] - Call Test Case 'Test Cases/AHI/_include/get_screenshot' successfully&#xD;
&#xD;
2019-12-06 16:52:39 - [MESSAGE][PASSED] - Call Test Case 'Test Cases/AHI/_include/goToEnd_stm_autofill' successfully</system-out>
            <system-err></system-err>
        </testcase>
        <testcase name="Test Cases/AHI/stm/Everest" classname="Test Cases/AHI/stm/Everest" status="PASSED">
            <system-out>2019-12-06 16:52:39 - [TEST_CASE][PASSED] - Test Cases/AHI/stm/Everest: Test Cases/AHI/stm/Everest&#xD;
&#xD;
2019-12-06 16:52:39 - [TEST_STEP][PASSED] - callTestCase(findTestCase("AHI/_include/get_screenPath"), ["productLine":"stm", "carrierName":"Everest"], CONTINUE_ON_FAILURE): Call Test Case 'Test Cases/AHI/_include/get_screenPath' successfully&#xD;
&#xD;
2019-12-06 16:52:39 - [TEST_CASE][PASSED] - Test Cases/AHI/_include/get_screenPath: Test Cases/AHI/_include/get_screenPath&#xD;
&#xD;
2019-12-06 16:52:39 - [TEST_STEP][PASSED] - m = getExecutionProperties(): null&#xD;
&#xD;
2019-12-06 16:52:39 - [TEST_STEP][PASSED] - deviceName = get("mobileEmulation").get("deviceName"): null&#xD;
&#xD;
2019-12-06 16:52:39 - [TEST_STEP][PASSED] - println(deviceName): null&#xD;
&#xD;
2019-12-06 16:52:39 - [TEST_STEP][PASSED] - now = new java.util.Date(): null&#xD;
&#xD;
2019-12-06 16:52:39 - [TEST_STEP][PASSED] - mydate = now.format("yyyyMMdd_HHmmss"): null&#xD;
&#xD;
2019-12-06 16:52:39 - [TEST_STEP][PASSED] - screenPath = "../Screenshots/": null&#xD;
&#xD;
2019-12-06 16:52:39 - [TEST_STEP][PASSED] - screenPath = screenPath + deviceName + "/" + productLine + "/" + carrierName + "/" + mydate + "/": null&#xD;
&#xD;
2019-12-06 16:52:39 - [TEST_STEP][PASSED] - println(screenPath): null&#xD;
&#xD;
2019-12-06 16:52:39 - [MESSAGE][PASSED] - Call Test Case 'Test Cases/AHI/_include/get_screenPath' successfully&#xD;
&#xD;
2019-12-06 16:52:39 - [TEST_STEP][PASSED] - i = 0: null&#xD;
&#xD;
2019-12-06 16:52:39 - [TEST_STEP][PASSED] - callTestCase(findTestCase("AHI/_include/openWebSite"), [:], STOP_ON_FAILURE): Call Test Case 'Test Cases/AHI/_include/openWebSite' successfully&#xD;
&#xD;
2019-12-06 16:52:39 - [TEST_CASE][PASSED] - Test Cases/AHI/_include/openWebSite: Test Cases/AHI/_include/openWebSite&#xD;
&#xD;
2019-12-06 16:52:39 - [TEST_STEP][PASSED] - openBrowser(env): Browser is opened with url: 'https://praetemptatus.agilehealthinsurance.com'&#xD;
&#xD;
2019-12-06 16:52:39 - [MESSAGE][WARNING] - A browser is already opened. Closing browser and opening a new one&#xD;
&#xD;
2019-12-06 16:52:40 - [MESSAGE][INFO] - Starting 'Chrome' driver&#xD;
&#xD;
2019-12-06 16:52:40 - [MESSAGE][INFO] - User set preference: ['mobileEmulation', '{deviceName=iPhone 6}']&#xD;
&#xD;
2019-12-06 16:52:40 - [MESSAGE][INFO] - User set preference: ['args', '[--incognito, --aggressive-cache-discard, --window-size=375,677, --no-sandbox]']&#xD;
&#xD;
2019-12-06 16:52:46 - [MESSAGE][PASSED] - Browser is opened with url: 'https://praetemptatus.agilehealthinsurance.com'&#xD;
&#xD;
2019-12-06 16:52:46 - [TEST_STEP][PASSED] - waitForPageLoad(20): Wait for page load successfully&#xD;
&#xD;
2019-12-06 16:52:46 - [MESSAGE][PASSED] - Wait for page load successfully&#xD;
&#xD;
2019-12-06 16:52:46 - [TEST_STEP][PASSED] - callTestCase(findTestCase("AHI/_include/get_screenshot"), [:], STOP_ON_FAILURE): Call Test Case 'Test Cases/AHI/_include/get_screenshot' successfully&#xD;
&#xD;
2019-12-06 16:52:46 - [TEST_CASE][PASSED] - Test Cases/AHI/_include/get_screenshot: Test Cases/AHI/_include/get_screenshot&#xD;
&#xD;
2019-12-06 16:52:46 - [TEST_STEP][PASSED] - takeScreenshot(screenPath + i + ".png"): Taking screenshot successfully&#xD;
&#xD;
2019-12-06 16:52:47 - [MESSAGE][PASSED] - Taking screenshot successfully&#xD;
[[ATTACHMENT|D:\\Test\\AgileTest\\AgileTest\\Reports\\AHI\\stm\\20191206_163435\\../Screenshots/iPhone 6/stm/Everest/20191206_165239/0.png]]&#xD;
&#xD;
2019-12-06 16:52:47 - [TEST_STEP][PASSED] - (internal.GlobalVariable.i++): null&#xD;
&#xD;
2019-12-06 16:52:47 - [MESSAGE][PASSED] - Call Test Case 'Test Cases/AHI/_include/get_screenshot' successfully&#xD;
&#xD;
2019-12-06 16:52:47 - [MESSAGE][PASSED] - Call Test Case 'Test Cases/AHI/_include/openWebSite' successfully&#xD;
&#xD;
2019-12-06 16:52:47 - [TEST_STEP][PASSED] - callTestCase(findTestCase("AHI/_include/census_stm"), ["zipcode":"83709"], STOP_ON_FAILURE): Call Test Case 'Test Cases/AHI/_include/census_stm' successfully&#xD;
&#xD;
2019-12-06 16:52:47 - [TEST_CASE][PASSED] - Test Cases/AHI/_include/census_stm: Test Cases/AHI/_include/census_stm&#xD;
&#xD;
2019-12-06 16:52:47 - [TEST_STEP][PASSED] - waitForElementClickable(findTestObject("mobileSanity/STM/Home Page/a_Quote  Save Today"), 10): Object 'Object Repository/mobileSanity/STM/Home Page/a_Quote  Save Today' is clickable&#xD;
&#xD;
2019-12-06 16:52:47 - [MESSAGE][PASSED] - Object 'Object Repository/mobileSanity/STM/Home Page/a_Quote  Save Today' is clickable&#xD;
&#xD;
2019-12-06 16:52:47 - [TEST_STEP][PASSED] - click(findTestObject("mobileSanity/STM/Home Page/a_Quote  Save Today")): Object: 'Object Repository/mobileSanity/STM/Home Page/a_Quote  Save Today' is clicked on&#xD;
&#xD;
2019-12-06 16:52:49 - [MESSAGE][PASSED] - Object: 'Object Repository/mobileSanity/STM/Home Page/a_Quote  Save Today' is clicked on&#xD;
&#xD;
2019-12-06 16:52:49 - [TEST_STEP][PASSED] - waitForPageLoad(10): Wait for page load successfully&#xD;
&#xD;
2019-12-06 16:52:49 - [MESSAGE][PASSED] - Wait for page load successfully&#xD;
&#xD;
2019-12-06 16:52:50 - [TEST_STEP][PASSED] - callTestCase(findTestCase("AHI/_include/get_screenshot"), [:], STOP_ON_FAILURE): Call Test Case 'Test Cases/AHI/_include/get_screenshot' successfully&#xD;
&#xD;
2019-12-06 16:52:50 - [TEST_CASE][PASSED] - Test Cases/AHI/_include/get_screenshot: Test Cases/AHI/_include/get_screenshot&#xD;
&#xD;
2019-12-06 16:52:50 - [TEST_STEP][PASSED] - takeScreenshot(screenPath + i + ".png"): Taking screenshot successfully&#xD;
&#xD;
2019-12-06 16:52:52 - [MESSAGE][PASSED] - Taking screenshot successfully&#xD;
[[ATTACHMENT|D:\\Test\\AgileTest\\AgileTest\\Reports\\AHI\\stm\\20191206_163435\\../Screenshots/iPhone 6/stm/Everest/20191206_165239/1.png]]&#xD;
&#xD;
2019-12-06 16:52:52 - [TEST_STEP][PASSED] - (internal.GlobalVariable.i++): null&#xD;
&#xD;
2019-12-06 16:52:52 - [MESSAGE][PASSED] - Call Test Case 'Test Cases/AHI/_include/get_screenshot' successfully&#xD;
&#xD;
2019-12-06 16:52:52 - [TEST_STEP][PASSED] - setText(findTestObject("mobileSanity/STM/STM Census Page/input_Location_zip-input"), zipcode): Text '83709' is set on object 'Object Repository/mobileSanity/STM/STM Census Page/input_Location_zip-input'&#xD;
&#xD;
2019-12-06 16:52:52 - [MESSAGE][PASSED] - Text '83709' is set on object 'Object Repository/mobileSanity/STM/STM Census Page/input_Location_zip-input'&#xD;
&#xD;
2019-12-06 16:52:52 - [TEST_STEP][PASSED] - Thread.sleep(500): null&#xD;
&#xD;
2019-12-06 16:52:52 - [TEST_STEP][PASSED] - setText(findTestObject("mobileSanity/STM/STM Census Page/input_Date of Birth_dob-0"), "03031987"): Text '03031987' is set on object 'Object Repository/mobileSanity/STM/STM Census Page/input_Date of Birth_dob-0'&#xD;
&#xD;
2019-12-06 16:52:53 - [MESSAGE][PASSED] - Text '03031987' is set on object 'Object Repository/mobileSanity/STM/STM Census Page/input_Date of Birth_dob-0'&#xD;
&#xD;
2019-12-06 16:52:53 - [TEST_STEP][PASSED] - click(findTestObject("mobileSanity/STM/STM Census Page/label_Male")): Object: 'Object Repository/mobileSanity/STM/STM Census Page/label_Male' is clicked on&#xD;
&#xD;
2019-12-06 16:52:53 - [MESSAGE][PASSED] - Object: 'Object Repository/mobileSanity/STM/STM Census Page/label_Male' is clicked on&#xD;
&#xD;
2019-12-06 16:52:53 - [TEST_STEP][PASSED] - click(findTestObject("mobileSanity/STM/STM Census Page/label_Compare Plans")): Object: 'Object Repository/mobileSanity/STM/STM Census Page/label_Compare Plans' is clicked on&#xD;
&#xD;
2019-12-06 16:52:53 - [MESSAGE][PASSED] - Object: 'Object Repository/mobileSanity/STM/STM Census Page/label_Compare Plans' is clicked on&#xD;
&#xD;
2019-12-06 16:52:53 - [TEST_STEP][PASSED] - waitForElementVisible(findTestObject("mobileSanity/STM/STM Quote Page/button_sort"), 20): Object 'Object Repository/mobileSanity/STM/STM Quote Page/button_sort' is visible&#xD;
&#xD;
2019-12-06 16:53:01 - [MESSAGE][PASSED] - Object 'Object Repository/mobileSanity/STM/STM Quote Page/button_sort' is visible&#xD;
&#xD;
2019-12-06 16:53:01 - [TEST_STEP][PASSED] - Thread.sleep(3000): null&#xD;
&#xD;
2019-12-06 16:53:04 - [TEST_STEP][PASSED] - callTestCase(findTestCase("AHI/_include/check_quoteleadform"), [:], STOP_ON_FAILURE): Call Test Case 'Test Cases/AHI/_include/check_quoteleadform' successfully&#xD;
&#xD;
2019-12-06 16:53:04 - [TEST_CASE][PASSED] - Test Cases/AHI/_include/check_quoteleadform: Test Cases/AHI/_include/check_quoteleadform&#xD;
&#xD;
2019-12-06 16:53:04 - [TEST_STEP][PASSED] - callTestCase(findTestCase("AHI/_include/name"), [:], CONTINUE_ON_FAILURE): Call Test Case 'Test Cases/AHI/_include/name' successfully&#xD;
&#xD;
2019-12-06 16:53:04 - [TEST_CASE][PASSED] - Test Cases/AHI/_include/name: Test Cases/AHI/_include/name&#xD;
&#xD;
2019-12-06 16:53:04 - [TEST_STEP][PASSED] - driver = getWebDriver(): null&#xD;
&#xD;
2019-12-06 16:53:04 - [TEST_STEP][PASSED] - selenium = new com.thoughtworks.selenium.webdriven.WebDriverBackedSelenium(driver, internal.GlobalVariable.ENV): null&#xD;
&#xD;
2019-12-06 16:53:04 - [TEST_STEP][PASSED] - FirstName = "Test-123": null&#xD;
&#xD;
2019-12-06 16:53:04 - [TEST_STEP][PASSED] - LastName = selenium.getEval("{var x="ABCDEFGHIJKLMNOPQRSTUVWXYZabcdefghijklmnopqrstuvwxyz"; var tmp="ZZ11-"; for (i=0;i&lt;8;i++) tmp+=x.charAt(Math.ceil(51*Math.random()));tmp;}"): null&#xD;
&#xD;
2019-12-06 16:53:04 - [TEST_STEP][PASSED] - Address = selenium.getEval("{var x="ABCDEFGHIJKLMNOPQRSTUVWXYZabcdefghijklmnopqrstuvwxyz"; var tmp=""; for (i=0;i&lt;8;i++) tmp+=x.charAt(Math.ceil(51*Math.random()));tmp;}"): null&#xD;
&#xD;
2019-12-06 16:53:04 - [TEST_STEP][PASSED] - City = selenium.getEval("{var x="ABCDEFGHIJKLMNOPQRSTUVWXYZabcdefghijklmnopqrstuvwxyz"; var tmp=""; for (i=0;i&lt;8;i++) tmp+=x.charAt(Math.ceil(51*Math.random()));tmp;}"): null&#xD;
&#xD;
2019-12-06 16:53:04 - [TEST_STEP][PASSED] - tel1 = selenium.getEval("{var x="123456789"; var tmp=""; for (i=0;i&lt;3;i++) tmp+=x.charAt(Math.ceil(8*Math.random()));tmp;}"): null&#xD;
&#xD;
2019-12-06 16:53:04 - [TEST_STEP][PASSED] - tel2 = selenium.getEval("{var x="123456789"; var tmp=""; for (i=0;i&lt;3;i++) tmp+=x.charAt(Math.ceil(8*Math.random()));tmp;}"): null&#xD;
&#xD;
2019-12-06 16:53:04 - [TEST_STEP][PASSED] - tel3 = selenium.getEval("{var x="123456789"; var tmp=""; for (i=0;i&lt;4;i++) tmp+=x.charAt(Math.ceil(8*Math.random()));tmp;}"): null&#xD;
&#xD;
2019-12-06 16:53:04 - [TEST_STEP][PASSED] - Tel = selenium.getExpression(tel1 + "-" + tel2 + "-" + tel3): null&#xD;
&#xD;
2019-12-06 16:53:04 - [TEST_STEP][PASSED] - AutoEmail = selenium.getEval("{var x="ABCDEFGHIJKLMNOPQRSTUVWXYZabcdefghijklmnopqrstuvwxyz"; var tmp="test."; for (i=0;i&lt;8;i++) tmp+=x.charAt(Math.ceil(51*Math.random()));tmp+="@suryani.cn";}"): null&#xD;
&#xD;
2019-12-06 16:53:04 - [TEST_STEP][PASSED] - FirstName = FirstName: null&#xD;
&#xD;
2019-12-06 16:53:04 - [TEST_STEP][PASSED] - LastName = LastName: null&#xD;
&#xD;
2019-12-06 16:53:04 - [TEST_STEP][PASSED] - Address = Address: null&#xD;
&#xD;
2019-12-06 16:53:04 - [TEST_STEP][PASSED] - City = City: null&#xD;
&#xD;
2019-12-06 16:53:04 - [TEST_STEP][PASSED] - Tel = Tel: null&#xD;
&#xD;
2019-12-06 16:53:04 - [TEST_STEP][PASSED] - AutoEmail = AutoEmail: null&#xD;
&#xD;
2019-12-06 16:53:04 - [TEST_STEP][PASSED] - println(FirstName): null&#xD;
&#xD;
2019-12-06 16:53:04 - [TEST_STEP][PASSED] - println(LastName): null&#xD;
&#xD;
2019-12-06 16:53:04 - [TEST_STEP][PASSED] - println(Address): null&#xD;
&#xD;
2019-12-06 16:53:04 - [TEST_STEP][PASSED] - println(City): null&#xD;
&#xD;
2019-12-06 16:53:04 - [TEST_STEP][PASSED] - println(Tel): null&#xD;
&#xD;
2019-12-06 16:53:04 - [TEST_STEP][PASSED] - println(AutoEmail): null&#xD;
&#xD;
2019-12-06 16:53:04 - [MESSAGE][PASSED] - Call Test Case 'Test Cases/AHI/_include/name' successfully&#xD;
&#xD;
2019-12-06 16:53:04 - [TEST_STEP][PASSED] - leadform_exist = test.MobileKeywords.isElementPresent_Web(findTestObject("mobileSanity/quote lead form/lead_form"), 20): test.MobileKeywords.isElementPresent_Web is PASSED&#xD;
&#xD;
2019-12-06 16:53:04 - [MESSAGE][PASSED] - test.MobileKeywords.isElementPresent_Web is PASSED&#xD;
&#xD;
2019-12-06 16:53:04 - [TEST_STEP][PASSED] - if (leadform_exist): null&#xD;
&#xD;
2019-12-06 16:53:04 - [TEST_STEP][PASSED] - setText(findTestObject("mobileSanity/quote lead form/first"), FirstName): Text 'Test-123' is set on object 'Object Repository/mobileSanity/quote lead form/first'&#xD;
&#xD;
2019-12-06 16:53:05 - [MESSAGE][PASSED] - Text 'Test-123' is set on object 'Object Repository/mobileSanity/quote lead form/first'&#xD;
&#xD;
2019-12-06 16:53:05 - [TEST_STEP][PASSED] - setText(findTestObject("mobileSanity/quote lead form/last"), LastName): Text 'ZZ11-jrLaXUMH' is set on object 'Object Repository/mobileSanity/quote lead form/last'&#xD;
&#xD;
2019-12-06 16:53:06 - [MESSAGE][PASSED] - Text 'ZZ11-jrLaXUMH' is set on object 'Object Repository/mobileSanity/quote lead form/last'&#xD;
&#xD;
2019-12-06 16:53:06 - [TEST_STEP][PASSED] - setText(findTestObject("mobileSanity/quote lead form/email"), AutoEmail): Text 'test.OaxoZhaZ@suryani.cn' is set on object 'Object Repository/mobileSanity/quote lead form/email'&#xD;
&#xD;
2019-12-06 16:53:06 - [MESSAGE][PASSED] - Text 'test.OaxoZhaZ@suryani.cn' is set on object 'Object Repository/mobileSanity/quote lead form/email'&#xD;
&#xD;
2019-12-06 16:53:06 - [TEST_STEP][PASSED] - setText(findTestObject("mobileSanity/quote lead form/phone"), Tel): Text '277-292-6229' is set on object 'Object Repository/mobileSanity/quote lead form/phone'&#xD;
&#xD;
2019-12-06 16:53:06 - [MESSAGE][PASSED] - Text '277-292-6229' is set on object 'Object Repository/mobileSanity/quote lead form/phone'&#xD;
&#xD;
2019-12-06 16:53:06 - [TEST_STEP][PASSED] - click(findTestObject("mobileSanity/quote lead form/submit")): Object: 'Object Repository/mobileSanity/quote lead form/submit' is clicked on&#xD;
&#xD;
2019-12-06 16:53:06 - [MESSAGE][PASSED] - Object: 'Object Repository/mobileSanity/quote lead form/submit' is clicked on&#xD;
&#xD;
2019-12-06 16:53:06 - [TEST_STEP][PASSED] - Thread.sleep(3000): null&#xD;
&#xD;
2019-12-06 16:53:09 - [MESSAGE][PASSED] - Call Test Case 'Test Cases/AHI/_include/check_quoteleadform' successfully&#xD;
&#xD;
2019-12-06 16:53:09 - [TEST_STEP][PASSED] - callTestCase(findTestCase("AHI/_include/get_screenshot"), [:], STOP_ON_FAILURE): Call Test Case 'Test Cases/AHI/_include/get_screenshot' successfully&#xD;
&#xD;
2019-12-06 16:53:09 - [TEST_CASE][PASSED] - Test Cases/AHI/_include/get_screenshot: Test Cases/AHI/_include/get_screenshot&#xD;
&#xD;
2019-12-06 16:53:09 - [TEST_STEP][PASSED] - takeScreenshot(screenPath + i + ".png"): Taking screenshot successfully&#xD;
&#xD;
2019-12-06 16:53:10 - [MESSAGE][PASSED] - Taking screenshot successfully&#xD;
[[ATTACHMENT|D:\\Test\\AgileTest\\AgileTest\\Reports\\AHI\\stm\\20191206_163435\\../Screenshots/iPhone 6/stm/Everest/20191206_165239/2.png]]&#xD;
&#xD;
2019-12-06 16:53:10 - [TEST_STEP][PASSED] - (internal.GlobalVariable.i++): null&#xD;
&#xD;
2019-12-06 16:53:10 - [MESSAGE][PASSED] - Call Test Case 'Test Cases/AHI/_include/get_screenshot' successfully&#xD;
&#xD;
2019-12-06 16:53:10 - [TEST_STEP][PASSED] - Thread.sleep(1000): null&#xD;
&#xD;
2019-12-06 16:53:11 - [MESSAGE][PASSED] - Call Test Case 'Test Cases/AHI/_include/census_stm' successfully&#xD;
&#xD;
2019-12-06 16:53:11 - [TEST_STEP][PASSED] - callTestCase(findTestCase("AHI/_include/filter_stm"), ["carrier":"everest-one"], STOP_ON_FAILURE): Call Test Case 'Test Cases/AHI/_include/filter_stm' successfully&#xD;
&#xD;
2019-12-06 16:53:11 - [TEST_CASE][PASSED] - Test Cases/AHI/_include/filter_stm: Test Cases/AHI/_include/filter_stm&#xD;
&#xD;
2019-12-06 16:53:11 - [TEST_STEP][PASSED] - driver = getWebDriver(): null&#xD;
&#xD;
2019-12-06 16:53:11 - [TEST_STEP][PASSED] - selenium = new com.thoughtworks.selenium.webdriven.WebDriverBackedSelenium(driver, internal.GlobalVariable.ENV): null&#xD;
&#xD;
2019-12-06 16:53:11 - [TEST_STEP][PASSED] - Thread.sleep(1000): null&#xD;
&#xD;
2019-12-06 16:53:12 - [TEST_STEP][PASSED] - click(findTestObject("mobileSanity/STM/STM Quote Page/button_filters")): Object: 'Object Repository/mobileSanity/STM/STM Quote Page/button_filters' is clicked on&#xD;
&#xD;
2019-12-06 16:53:13 - [MESSAGE][PASSED] - Object: 'Object Repository/mobileSanity/STM/STM Quote Page/button_filters' is clicked on&#xD;
&#xD;
2019-12-06 16:53:13 - [TEST_STEP][PASSED] - Thread.sleep(1000): null&#xD;
&#xD;
2019-12-06 16:53:14 - [TEST_STEP][PASSED] - click(findTestObject("mobileSanity/STM/STM Quote Page/i_Insurance company")): Object: 'Object Repository/mobileSanity/STM/STM Quote Page/i_Insurance company' is clicked on&#xD;
&#xD;
2019-12-06 16:53:14 - [MESSAGE][PASSED] - Object: 'Object Repository/mobileSanity/STM/STM Quote Page/i_Insurance company' is clicked on&#xD;
&#xD;
2019-12-06 16:53:14 - [TEST_STEP][PASSED] - Thread.sleep(1000): null&#xD;
&#xD;
2019-12-06 16:53:15 - [TEST_STEP][PASSED] - filter_carrier = "//input[@name='filter[carrier]' and @value='" + carrier + "']/following::label": null&#xD;
&#xD;
2019-12-06 16:53:15 - [TEST_STEP][PASSED] - println(filter_carrier): null&#xD;
&#xD;
2019-12-06 16:53:15 - [TEST_STEP][PASSED] - test.MobileKeywords.clickJS_ByXpath(filter_carrier): test.MobileKeywords.clickJS_ByXpath is PASSED&#xD;
&#xD;
2019-12-06 16:53:16 - [MESSAGE][PASSED] - Execute JavaScript 'arguments[0].click()' successfully&#xD;
&#xD;
2019-12-06 16:53:16 - [MESSAGE][PASSED] - test.MobileKeywords.clickJS_ByXpath is PASSED&#xD;
&#xD;
2019-12-06 16:53:16 - [TEST_STEP][PASSED] - click(findTestObject("mobileSanity/STM/STM Quote Page/js-close c-link-button")): Object: 'Object Repository/mobileSanity/STM/STM Quote Page/js-close c-link-button' is clicked on&#xD;
&#xD;
2019-12-06 16:53:16 - [MESSAGE][PASSED] - Object: 'Object Repository/mobileSanity/STM/STM Quote Page/js-close c-link-button' is clicked on&#xD;
&#xD;
2019-12-06 16:53:16 - [TEST_STEP][PASSED] - Thread.sleep(2000): null&#xD;
&#xD;
2019-12-06 16:53:18 - [TEST_STEP][PASSED] - callTestCase(findTestCase("AHI/_include/get_screenshot"), [:], STOP_ON_FAILURE): Call Test Case 'Test Cases/AHI/_include/get_screenshot' successfully&#xD;
&#xD;
2019-12-06 16:53:18 - [TEST_CASE][PASSED] - Test Cases/AHI/_include/get_screenshot: Test Cases/AHI/_include/get_screenshot&#xD;
&#xD;
2019-12-06 16:53:18 - [TEST_STEP][PASSED] - takeScreenshot(screenPath + i + ".png"): Taking screenshot successfully&#xD;
&#xD;
2019-12-06 16:53:19 - [MESSAGE][PASSED] - Taking screenshot successfully&#xD;
[[ATTACHMENT|D:\\Test\\AgileTest\\AgileTest\\Reports\\AHI\\stm\\20191206_163435\\../Screenshots/iPhone 6/stm/Everest/20191206_165239/3.png]]&#xD;
&#xD;
2019-12-06 16:53:19 - [TEST_STEP][PASSED] - (internal.GlobalVariable.i++): null&#xD;
&#xD;
2019-12-06 16:53:19 - [MESSAGE][PASSED] - Call Test Case 'Test Cases/AHI/_include/get_screenshot' successfully&#xD;
&#xD;
2019-12-06 16:53:19 - [MESSAGE][PASSED] - Call Test Case 'Test Cases/AHI/_include/filter_stm' successfully&#xD;
&#xD;
2019-12-06 16:53:19 - [TEST_STEP][PASSED] - callTestCase(findTestCase("AHI/_include/goToDetail_stm"), ["carrier":"everest-one"], STOP_ON_FAILURE): Call Test Case 'Test Cases/AHI/_include/goToDetail_stm' successfully&#xD;
&#xD;
2019-12-06 16:53:19 - [TEST_CASE][PASSED] - Test Cases/AHI/_include/goToDetail_stm: Test Cases/AHI/_include/goToDetail_stm&#xD;
&#xD;
2019-12-06 16:53:19 - [TEST_STEP][PASSED] - driver = getWebDriver(): null&#xD;
&#xD;
2019-12-06 16:53:19 - [TEST_STEP][PASSED] - selenium = new com.thoughtworks.selenium.webdriven.WebDriverBackedSelenium(driver, internal.GlobalVariable.ENV): null&#xD;
&#xD;
2019-12-06 16:53:19 - [TEST_STEP][PASSED] - a_plan_name = "xpath=//a[contains(@href,'/term-health-insurance/plan/" + carrier + "')]": null&#xD;
&#xD;
2019-12-06 16:53:19 - [TEST_STEP][PASSED] - println(a_plan_name): null&#xD;
&#xD;
2019-12-06 16:53:19 - [TEST_STEP][PASSED] - selenium.click(a_plan_name): null&#xD;
&#xD;
2019-12-06 16:53:23 - [TEST_STEP][PASSED] - waitForPageLoad(20): Wait for page load successfully&#xD;
&#xD;
2019-12-06 16:53:24 - [MESSAGE][PASSED] - Wait for page load successfully&#xD;
&#xD;
2019-12-06 16:53:24 - [TEST_STEP][PASSED] - Thread.sleep(2000): null&#xD;
&#xD;
2019-12-06 16:53:26 - [TEST_STEP][PASSED] - callTestCase(findTestCase("AHI/_include/get_screenshot"), [:], STOP_ON_FAILURE): Call Test Case 'Test Cases/AHI/_include/get_screenshot' successfully&#xD;
&#xD;
2019-12-06 16:53:26 - [TEST_CASE][PASSED] - Test Cases/AHI/_include/get_screenshot: Test Cases/AHI/_include/get_screenshot&#xD;
&#xD;
2019-12-06 16:53:26 - [TEST_STEP][PASSED] - takeScreenshot(screenPath + i + ".png"): Taking screenshot successfully&#xD;
&#xD;
2019-12-06 16:53:27 - [MESSAGE][PASSED] - Taking screenshot successfully&#xD;
[[ATTACHMENT|D:\\Test\\AgileTest\\AgileTest\\Reports\\AHI\\stm\\20191206_163435\\../Screenshots/iPhone 6/stm/Everest/20191206_165239/4.png]]&#xD;
&#xD;
2019-12-06 16:53:27 - [TEST_STEP][PASSED] - (internal.GlobalVariable.i++): null&#xD;
&#xD;
2019-12-06 16:53:27 - [MESSAGE][PASSED] - Call Test Case 'Test Cases/AHI/_include/get_screenshot' successfully&#xD;
&#xD;
2019-12-06 16:53:27 - [MESSAGE][PASSED] - Call Test Case 'Test Cases/AHI/_include/goToDetail_stm' successfully&#xD;
&#xD;
2019-12-06 16:53:27 - [TEST_STEP][PASSED] - callTestCase(findTestCase("AHI/_include/apply_stm"), [:], STOP_ON_FAILURE): Call Test Case 'Test Cases/AHI/_include/apply_stm' successfully&#xD;
&#xD;
2019-12-06 16:53:27 - [TEST_CASE][PASSED] - Test Cases/AHI/_include/apply_stm: Test Cases/AHI/_include/apply_stm&#xD;
&#xD;
2019-12-06 16:53:27 - [TEST_STEP][PASSED] - waitForElementVisible(findTestObject("mobileSanity/STM/STM PlanDetail Page/a_Apply for This Plan"), 5): Object 'Object Repository/mobileSanity/STM/STM PlanDetail Page/a_Apply for This Plan' is visible&#xD;
&#xD;
2019-12-06 16:53:27 - [MESSAGE][PASSED] - Object 'Object Repository/mobileSanity/STM/STM PlanDetail Page/a_Apply for This Plan' is visible&#xD;
&#xD;
2019-12-06 16:53:27 - [TEST_STEP][PASSED] - click(findTestObject("mobileSanity/STM/STM PlanDetail Page/a_Apply for This Plan")): Object: 'Object Repository/mobileSanity/STM/STM PlanDetail Page/a_Apply for This Plan' is clicked on&#xD;
&#xD;
2019-12-06 16:53:29 - [MESSAGE][PASSED] - Object: 'Object Repository/mobileSanity/STM/STM PlanDetail Page/a_Apply for This Plan' is clicked on&#xD;
&#xD;
2019-12-06 16:53:29 - [TEST_STEP][PASSED] - waitForPageLoad(10): Wait for page load successfully&#xD;
&#xD;
2019-12-06 16:53:29 - [MESSAGE][PASSED] - Wait for page load successfully&#xD;
&#xD;
2019-12-06 16:53:29 - [TEST_STEP][PASSED] - Thread.sleep(2000): null&#xD;
&#xD;
2019-12-06 16:53:31 - [TEST_STEP][PASSED] - callTestCase(findTestCase("AHI/_include/get_screenshot"), [:], STOP_ON_FAILURE): Call Test Case 'Test Cases/AHI/_include/get_screenshot' successfully&#xD;
&#xD;
2019-12-06 16:53:31 - [TEST_CASE][PASSED] - Test Cases/AHI/_include/get_screenshot: Test Cases/AHI/_include/get_screenshot&#xD;
&#xD;
2019-12-06 16:53:31 - [TEST_STEP][PASSED] - takeScreenshot(screenPath + i + ".png"): Taking screenshot successfully&#xD;
&#xD;
2019-12-06 16:53:32 - [MESSAGE][PASSED] - Taking screenshot successfully&#xD;
[[ATTACHMENT|D:\\Test\\AgileTest\\AgileTest\\Reports\\AHI\\stm\\20191206_163435\\../Screenshots/iPhone 6/stm/Everest/20191206_165239/5.png]]&#xD;
&#xD;
2019-12-06 16:53:32 - [TEST_STEP][PASSED] - (internal.GlobalVariable.i++): null&#xD;
&#xD;
2019-12-06 16:53:32 - [MESSAGE][PASSED] - Call Test Case 'Test Cases/AHI/_include/get_screenshot' successfully&#xD;
&#xD;
2019-12-06 16:53:32 - [TEST_STEP][PASSED] - waitForElementVisible(findTestObject("mobileSanity/STM/STM Apply Page/a_Start Secure Application"), 5): Object 'Object Repository/mobileSanity/STM/STM Apply Page/a_Start Secure Application' is visible&#xD;
&#xD;
2019-12-06 16:53:33 - [MESSAGE][PASSED] - Object 'Object Repository/mobileSanity/STM/STM Apply Page/a_Start Secure Application' is visible&#xD;
&#xD;
2019-12-06 16:53:33 - [TEST_STEP][PASSED] - click(findTestObject("mobileSanity/STM/STM Apply Page/a_Start Secure Application")): Object: 'Object Repository/mobileSanity/STM/STM Apply Page/a_Start Secure Application' is clicked on&#xD;
&#xD;
2019-12-06 16:53:34 - [MESSAGE][PASSED] - Object: 'Object Repository/mobileSanity/STM/STM Apply Page/a_Start Secure Application' is clicked on&#xD;
&#xD;
2019-12-06 16:53:34 - [TEST_STEP][PASSED] - waitForPageLoad(20): Wait for page load successfully&#xD;
&#xD;
2019-12-06 16:53:34 - [MESSAGE][PASSED] - Wait for page load successfully&#xD;
&#xD;
2019-12-06 16:53:34 - [TEST_STEP][PASSED] - Thread.sleep(2000): null&#xD;
&#xD;
2019-12-06 16:53:36 - [TEST_STEP][PASSED] - callTestCase(findTestCase("AHI/_include/get_screenshot"), [:], STOP_ON_FAILURE): Call Test Case 'Test Cases/AHI/_include/get_screenshot' successfully&#xD;
&#xD;
2019-12-06 16:53:36 - [TEST_CASE][PASSED] - Test Cases/AHI/_include/get_screenshot: Test Cases/AHI/_include/get_screenshot&#xD;
&#xD;
2019-12-06 16:53:36 - [TEST_STEP][PASSED] - takeScreenshot(screenPath + i + ".png"): Taking screenshot successfully&#xD;
&#xD;
2019-12-06 16:53:37 - [MESSAGE][PASSED] - Taking screenshot successfully&#xD;
[[ATTACHMENT|D:\\Test\\AgileTest\\AgileTest\\Reports\\AHI\\stm\\20191206_163435\\../Screenshots/iPhone 6/stm/Everest/20191206_165239/6.png]]&#xD;
&#xD;
2019-12-06 16:53:37 - [TEST_STEP][PASSED] - (internal.GlobalVariable.i++): null&#xD;
&#xD;
2019-12-06 16:53:37 - [MESSAGE][PASSED] - Call Test Case 'Test Cases/AHI/_include/get_screenshot' successfully&#xD;
&#xD;
2019-12-06 16:53:37 - [MESSAGE][PASSED] - Call Test Case 'Test Cases/AHI/_include/apply_stm' successfully&#xD;
&#xD;
2019-12-06 16:53:37 - [TEST_STEP][PASSED] - callTestCase(findTestCase("AHI/_include/goToEnd_stm_autofill"), [:], STOP_ON_FAILURE): Call Test Case 'Test Cases/AHI/_include/goToEnd_stm_autofill' successfully&#xD;
&#xD;
2019-12-06 16:53:37 - [TEST_CASE][PASSED] - Test Cases/AHI/_include/goToEnd_stm_autofill: Test Cases/AHI/_include/goToEnd_stm_autofill&#xD;
&#xD;
2019-12-06 16:53:37 - [TEST_STEP][PASSED] - callTestCase(findTestCase("AHI/_include/name"), [:], CONTINUE_ON_FAILURE): Call Test Case 'Test Cases/AHI/_include/name' successfully&#xD;
&#xD;
2019-12-06 16:53:37 - [TEST_CASE][PASSED] - Test Cases/AHI/_include/name: Test Cases/AHI/_include/name&#xD;
&#xD;
2019-12-06 16:53:37 - [TEST_STEP][PASSED] - driver = getWebDriver(): null&#xD;
&#xD;
2019-12-06 16:53:37 - [TEST_STEP][PASSED] - selenium = new com.thoughtworks.selenium.webdriven.WebDriverBackedSelenium(driver, internal.GlobalVariable.ENV): null&#xD;
&#xD;
2019-12-06 16:53:37 - [TEST_STEP][PASSED] - FirstName = "Test-123": null&#xD;
&#xD;
2019-12-06 16:53:37 - [TEST_STEP][PASSED] - LastName = selenium.getEval("{var x="ABCDEFGHIJKLMNOPQRSTUVWXYZabcdefghijklmnopqrstuvwxyz"; var tmp="ZZ11-"; for (i=0;i&lt;8;i++) tmp+=x.charAt(Math.ceil(51*Math.random()));tmp;}"): null&#xD;
&#xD;
2019-12-06 16:53:37 - [TEST_STEP][PASSED] - Address = selenium.getEval("{var x="ABCDEFGHIJKLMNOPQRSTUVWXYZabcdefghijklmnopqrstuvwxyz"; var tmp=""; for (i=0;i&lt;8;i++) tmp+=x.charAt(Math.ceil(51*Math.random()));tmp;}"): null&#xD;
&#xD;
2019-12-06 16:53:37 - [TEST_STEP][PASSED] - City = selenium.getEval("{var x="ABCDEFGHIJKLMNOPQRSTUVWXYZabcdefghijklmnopqrstuvwxyz"; var tmp=""; for (i=0;i&lt;8;i++) tmp+=x.charAt(Math.ceil(51*Math.random()));tmp;}"): null&#xD;
&#xD;
2019-12-06 16:53:37 - [TEST_STEP][PASSED] - tel1 = selenium.getEval("{var x="123456789"; var tmp=""; for (i=0;i&lt;3;i++) tmp+=x.charAt(Math.ceil(8*Math.random()));tmp;}"): null&#xD;
&#xD;
2019-12-06 16:53:37 - [TEST_STEP][PASSED] - tel2 = selenium.getEval("{var x="123456789"; var tmp=""; for (i=0;i&lt;3;i++) tmp+=x.charAt(Math.ceil(8*Math.random()));tmp;}"): null&#xD;
&#xD;
2019-12-06 16:53:37 - [TEST_STEP][PASSED] - tel3 = selenium.getEval("{var x="123456789"; var tmp=""; for (i=0;i&lt;4;i++) tmp+=x.charAt(Math.ceil(8*Math.random()));tmp;}"): null&#xD;
&#xD;
2019-12-06 16:53:37 - [TEST_STEP][PASSED] - Tel = selenium.getExpression(tel1 + "-" + tel2 + "-" + tel3): null&#xD;
&#xD;
2019-12-06 16:53:37 - [TEST_STEP][PASSED] - AutoEmail = selenium.getEval("{var x="ABCDEFGHIJKLMNOPQRSTUVWXYZabcdefghijklmnopqrstuvwxyz"; var tmp="test."; for (i=0;i&lt;8;i++) tmp+=x.charAt(Math.ceil(51*Math.random()));tmp+="@suryani.cn";}"): null&#xD;
&#xD;
2019-12-06 16:53:37 - [TEST_STEP][PASSED] - FirstName = FirstName: null&#xD;
&#xD;
2019-12-06 16:53:37 - [TEST_STEP][PASSED] - LastName = LastName: null&#xD;
&#xD;
2019-12-06 16:53:37 - [TEST_STEP][PASSED] - Address = Address: null&#xD;
&#xD;
2019-12-06 16:53:37 - [TEST_STEP][PASSED] - City = City: null&#xD;
&#xD;
2019-12-06 16:53:37 - [TEST_STEP][PASSED] - Tel = Tel: null&#xD;
&#xD;
2019-12-06 16:53:37 - [TEST_STEP][PASSED] - AutoEmail = AutoEmail: null&#xD;
&#xD;
2019-12-06 16:53:37 - [TEST_STEP][PASSED] - println(FirstName): null&#xD;
&#xD;
2019-12-06 16:53:37 - [TEST_STEP][PASSED] - println(LastName): null&#xD;
&#xD;
2019-12-06 16:53:37 - [TEST_STEP][PASSED] - println(Address): null&#xD;
&#xD;
2019-12-06 16:53:37 - [TEST_STEP][PASSED] - println(City): null&#xD;
&#xD;
2019-12-06 16:53:37 - [TEST_STEP][PASSED] - println(Tel): null&#xD;
&#xD;
2019-12-06 16:53:37 - [TEST_STEP][PASSED] - println(AutoEmail): null&#xD;
&#xD;
2019-12-06 16:53:37 - [MESSAGE][PASSED] - Call Test Case 'Test Cases/AHI/_include/name' successfully&#xD;
&#xD;
2019-12-06 16:53:37 - [TEST_STEP][FAILED] - try: Unable to verify text 'Month Duration Acknowledgement' is present  (Root cause: com.kms.katalon.core.exception.StepFailedException: Unable to verify text 'Month Duration Acknowledgement' is present &#xD;
	at com.kms.katalon.core.webui.keyword.internal.WebUIKeywordMain.stepFailed(WebUIKeywordMain.groovy:64)&#xD;
	at com.kms.katalon.core.webui.keyword.internal.WebUIKeywordMain.runKeyword(WebUIKeywordMain.groovy:26)&#xD;
	at com.kms.katalon.core.webui.keyword.builtin.VerifyTextPresentKeyword.verifyTextPresent(VerifyTextPresentKeyword.groovy:83)&#xD;
	at com.kms.katalon.core.webui.keyword.builtin.VerifyTextPresentKeyword.execute(VerifyTextPresentKeyword.groovy:68)&#xD;
	at com.kms.katalon.core.keyword.internal.KeywordExecutor.executeKeywordForPlatform(KeywordExecutor.groovy:56)&#xD;
	at com.kms.katalon.core.webui.keyword.WebUiBuiltInKeywords.verifyTextPresent(WebUiBuiltInKeywords.groovy:1693)&#xD;
	at com.kms.katalon.core.webui.keyword.WebUiBuiltInKeywords$verifyTextPresent$8.call(Unknown Source)&#xD;
	at goToEnd_stm_autofill.run(goToEnd_stm_autofill:19)&#xD;
	at com.kms.katalon.core.main.ScriptEngine.run(ScriptEngine.java:194)&#xD;
	at com.kms.katalon.core.main.ScriptEngine.runScriptAsRawText(ScriptEngine.java:119)&#xD;
	at com.kms.katalon.core.main.TestCaseExecutor.runScript(TestCaseExecutor.java:337)&#xD;
	at com.kms.katalon.core.main.TestCaseExecutor.doExecute(TestCaseExecutor.java:328)&#xD;
	at com.kms.katalon.core.main.TestCaseExecutor.processExecutionPhase(TestCaseExecutor.java:307)&#xD;
	at com.kms.katalon.core.main.TestCaseExecutor.accessMainPhase(TestCaseExecutor.java:299)&#xD;
	at com.kms.katalon.core.main.TestCaseExecutor.execute(TestCaseExecutor.java:233)&#xD;
	at com.kms.katalon.core.main.TestCaseMain.runTestCase(TestCaseMain.java:114)&#xD;
	at com.kms.katalon.core.keyword.builtin.CallTestCaseKeyword$_callTestCase_closure1.doCall(CallTestCaseKeyword.groovy:59)&#xD;
	at com.kms.katalon.core.keyword.builtin.CallTestCaseKeyword$_callTestCase_closure1.call(CallTestCaseKeyword.groovy)&#xD;
	at com.kms.katalon.core.keyword.internal.KeywordMain.runKeyword(KeywordMain.groovy:68)&#xD;
	at com.kms.katalon.core.keyword.builtin.CallTestCaseKeyword.callTestCase(CallTestCaseKeyword.groovy:81)&#xD;
	at com.kms.katalon.core.keyword.builtin.CallTestCaseKeyword.execute(CallTestCaseKeyword.groovy:44)&#xD;
	at com.kms.katalon.core.keyword.internal.KeywordExecutor.executeKeywordForPlatform(KeywordExecutor.groovy:56)&#xD;
	at com.kms.katalon.core.keyword.BuiltinKeywords.callTestCase(BuiltinKeywords.groovy:334)&#xD;
	at Everest.run(Everest:31)&#xD;
	at com.kms.katalon.core.main.ScriptEngine.run(ScriptEngine.java:194)&#xD;
	at com.kms.katalon.core.main.ScriptEngine.runScriptAsRawText(ScriptEngine.java:119)&#xD;
	at com.kms.katalon.core.main.TestCaseExecutor.runScript(TestCaseExecutor.java:337)&#xD;
	at com.kms.katalon.core.main.TestCaseExecutor.doExecute(TestCaseExecutor.java:328)&#xD;
	at com.kms.katalon.core.main.TestCaseExecutor.processExecutionPhase(TestCaseExecutor.java:307)&#xD;
	at com.kms.katalon.core.main.TestCaseExecutor.accessMainPhase(TestCaseExecutor.java:299)&#xD;
	at com.kms.katalon.core.main.TestCaseExecutor.execute(TestCaseExecutor.java:233)&#xD;
	at com.kms.katalon.core.main.TestSuiteExecutor.accessTestCaseMainPhase(TestSuiteExecutor.java:133)&#xD;
	at com.kms.katalon.core.main.TestSuiteExecutor.accessTestSuiteMainPhase(TestSuiteExecutor.java:116)&#xD;
	at com.kms.katalon.core.main.TestSuiteExecutor.execute(TestSuiteExecutor.java:83)&#xD;
	at com.kms.katalon.core.main.TestCaseMain.startTestSuite(TestCaseMain.java:157)&#xD;
	at com.kms.katalon.core.main.TestCaseMain$startTestSuite$0.call(Unknown Source)&#xD;
	at TempTestSuite1575621275705.run(TempTestSuite1575621275705.groovy:35)&#xD;
Caused by: com.kms.katalon.core.exception.StepFailedException: Text 'Month Duration Acknowledgement' is not present on page &#xD;
	at com.kms.katalon.core.webui.keyword.internal.WebUIKeywordMain.stepFailed(WebUIKeywordMain.groovy:64)&#xD;
	at com.kms.katalon.core.webui.keyword.builtin.VerifyTextPresentKeyword$_verifyTextPresent_closure1.doCall(VerifyTextPresentKeyword.groovy:79)&#xD;
	at com.kms.katalon.core.webui.keyword.builtin.VerifyTextPresentKeyword$_verifyTextPresent_closure1.call(VerifyTextPresentKeyword.groovy)&#xD;
	at com.kms.katalon.core.webui.keyword.internal.WebUIKeywordMain.runKeyword(WebUIKeywordMain.groovy:20)&#xD;
	... 35 more&#xD;
)&#xD;
&#xD;
2019-12-06 16:53:37 - [TEST_STEP][FAILED] - if (verifyTextPresent("Month Duration Acknowledgement", false)): Unable to verify text 'Month Duration Acknowledgement' is present  (Root cause: com.kms.katalon.core.exception.StepFailedException: Unable to verify text 'Month Duration Acknowledgement' is present &#xD;
	at com.kms.katalon.core.webui.keyword.internal.WebUIKeywordMain.stepFailed(WebUIKeywordMain.groovy:64)&#xD;
	at com.kms.katalon.core.webui.keyword.internal.WebUIKeywordMain.runKeyword(WebUIKeywordMain.groovy:26)&#xD;
	at com.kms.katalon.core.webui.keyword.builtin.VerifyTextPresentKeyword.verifyTextPresent(VerifyTextPresentKeyword.groovy:83)&#xD;
	at com.kms.katalon.core.webui.keyword.builtin.VerifyTextPresentKeyword.execute(VerifyTextPresentKeyword.groovy:68)&#xD;
	at com.kms.katalon.core.keyword.internal.KeywordExecutor.executeKeywordForPlatform(KeywordExecutor.groovy:56)&#xD;
	at com.kms.katalon.core.webui.keyword.WebUiBuiltInKeywords.verifyTextPresent(WebUiBuiltInKeywords.groovy:1693)&#xD;
	at com.kms.katalon.core.webui.keyword.WebUiBuiltInKeywords$verifyTextPresent$8.call(Unknown Source)&#xD;
	at goToEnd_stm_autofill.run(goToEnd_stm_autofill:19)&#xD;
	at com.kms.katalon.core.main.ScriptEngine.run(ScriptEngine.java:194)&#xD;
	at com.kms.katalon.core.main.ScriptEngine.runScriptAsRawText(ScriptEngine.java:119)&#xD;
	at com.kms.katalon.core.main.TestCaseExecutor.runScript(TestCaseExecutor.java:337)&#xD;
	at com.kms.katalon.core.main.TestCaseExecutor.doExecute(TestCaseExecutor.java:328)&#xD;
	at com.kms.katalon.core.main.TestCaseExecutor.processExecutionPhase(TestCaseExecutor.java:307)&#xD;
	at com.kms.katalon.core.main.TestCaseExecutor.accessMainPhase(TestCaseExecutor.java:299)&#xD;
	at com.kms.katalon.core.main.TestCaseExecutor.execute(TestCaseExecutor.java:233)&#xD;
	at com.kms.katalon.core.main.TestCaseMain.runTestCase(TestCaseMain.java:114)&#xD;
	at com.kms.katalon.core.keyword.builtin.CallTestCaseKeyword$_callTestCase_closure1.doCall(CallTestCaseKeyword.groovy:59)&#xD;
	at com.kms.katalon.core.keyword.builtin.CallTestCaseKeyword$_callTestCase_closure1.call(CallTestCaseKeyword.groovy)&#xD;
	at com.kms.katalon.core.keyword.internal.KeywordMain.runKeyword(KeywordMain.groovy:68)&#xD;
	at com.kms.katalon.core.keyword.builtin.CallTestCaseKeyword.callTestCase(CallTestCaseKeyword.groovy:81)&#xD;
	at com.kms.katalon.core.keyword.builtin.CallTestCaseKeyword.execute(CallTestCaseKeyword.groovy:44)&#xD;
	at com.kms.katalon.core.keyword.internal.KeywordExecutor.executeKeywordForPlatform(KeywordExecutor.groovy:56)&#xD;
	at com.kms.katalon.core.keyword.BuiltinKeywords.callTestCase(BuiltinKeywords.groovy:334)&#xD;
	at Everest.run(Everest:31)&#xD;
	at com.kms.katalon.core.main.ScriptEngine.run(ScriptEngine.java:194)&#xD;
	at com.kms.katalon.core.main.ScriptEngine.runScriptAsRawText(ScriptEngine.java:119)&#xD;
	at com.kms.katalon.core.main.TestCaseExecutor.runScript(TestCaseExecutor.java:337)&#xD;
	at com.kms.katalon.core.main.TestCaseExecutor.doExecute(TestCaseExecutor.java:328)&#xD;
	at com.kms.katalon.core.main.TestCaseExecutor.processExecutionPhase(TestCaseExecutor.java:307)&#xD;
	at com.kms.katalon.core.main.TestCaseExecutor.accessMainPhase(TestCaseExecutor.java:299)&#xD;
	at com.kms.katalon.core.main.TestCaseExecutor.execute(TestCaseExecutor.java:233)&#xD;
	at com.kms.katalon.core.main.TestSuiteExecutor.accessTestCaseMainPhase(TestSuiteExecutor.java:133)&#xD;
	at com.kms.katalon.core.main.TestSuiteExecutor.accessTestSuiteMainPhase(TestSuiteExecutor.java:116)&#xD;
	at com.kms.katalon.core.main.TestSuiteExecutor.execute(TestSuiteExecutor.java:83)&#xD;
	at com.kms.katalon.core.main.TestCaseMain.startTestSuite(TestCaseMain.java:157)&#xD;
	at com.kms.katalon.core.main.TestCaseMain$startTestSuite$0.call(Unknown Source)&#xD;
	at TempTestSuite1575621275705.run(TempTestSuite1575621275705.groovy:35)&#xD;
Caused by: com.kms.katalon.core.exception.StepFailedException: Text 'Month Duration Acknowledgement' is not present on page &#xD;
	at com.kms.katalon.core.webui.keyword.internal.WebUIKeywordMain.stepFailed(WebUIKeywordMain.groovy:64)&#xD;
	at com.kms.katalon.core.webui.keyword.builtin.VerifyTextPresentKeyword$_verifyTextPresent_closure1.doCall(VerifyTextPresentKeyword.groovy:79)&#xD;
	at com.kms.katalon.core.webui.keyword.builtin.VerifyTextPresentKeyword$_verifyTextPresent_closure1.call(VerifyTextPresentKeyword.groovy)&#xD;
	at com.kms.katalon.core.webui.keyword.internal.WebUIKeywordMain.runKeyword(WebUIKeywordMain.groovy:20)&#xD;
	... 35 more&#xD;
)&#xD;
&#xD;
2019-12-06 16:53:38 - [MESSAGE][FAILED] - Text 'Month Duration Acknowledgement' is not present on page  (Root cause: com.kms.katalon.core.exception.StepFailedException: Text 'Month Duration Acknowledgement' is not present on page &#xD;
	at com.kms.katalon.core.webui.keyword.internal.WebUIKeywordMain.stepFailed(WebUIKeywordMain.groovy:64)&#xD;
	at com.kms.katalon.core.webui.keyword.builtin.VerifyTextPresentKeyword$_verifyTextPresent_closure1.doCall(VerifyTextPresentKeyword.groovy:79)&#xD;
	at com.kms.katalon.core.webui.keyword.builtin.VerifyTextPresentKeyword$_verifyTextPresent_closure1.call(VerifyTextPresentKeyword.groovy)&#xD;
	at com.kms.katalon.core.webui.keyword.internal.WebUIKeywordMain.runKeyword(WebUIKeywordMain.groovy:20)&#xD;
	at com.kms.katalon.core.webui.keyword.builtin.VerifyTextPresentKeyword.verifyTextPresent(VerifyTextPresentKeyword.groovy:83)&#xD;
	at com.kms.katalon.core.webui.keyword.builtin.VerifyTextPresentKeyword.execute(VerifyTextPresentKeyword.groovy:68)&#xD;
	at com.kms.katalon.core.keyword.internal.KeywordExecutor.executeKeywordForPlatform(KeywordExecutor.groovy:56)&#xD;
	at com.kms.katalon.core.webui.keyword.WebUiBuiltInKeywords.verifyTextPresent(WebUiBuiltInKeywords.groovy:1693)&#xD;
	at com.kms.katalon.core.webui.keyword.WebUiBuiltInKeywords$verifyTextPresent$8.call(Unknown Source)&#xD;
	at goToEnd_stm_autofill.run(goToEnd_stm_autofill:19)&#xD;
	at com.kms.katalon.core.main.ScriptEngine.run(ScriptEngine.java:194)&#xD;
	at com.kms.katalon.core.main.ScriptEngine.runScriptAsRawText(ScriptEngine.java:119)&#xD;
	at com.kms.katalon.core.main.TestCaseExecutor.runScript(TestCaseExecutor.java:337)&#xD;
	at com.kms.katalon.core.main.TestCaseExecutor.doExecute(TestCaseExecutor.java:328)&#xD;
	at com.kms.katalon.core.main.TestCaseExecutor.processExecutionPhase(TestCaseExecutor.java:307)&#xD;
	at com.kms.katalon.core.main.TestCaseExecutor.accessMainPhase(TestCaseExecutor.java:299)&#xD;
	at com.kms.katalon.core.main.TestCaseExecutor.execute(TestCaseExecutor.java:233)&#xD;
	at com.kms.katalon.core.main.TestCaseMain.runTestCase(TestCaseMain.java:114)&#xD;
	at com.kms.katalon.core.keyword.builtin.CallTestCaseKeyword$_callTestCase_closure1.doCall(CallTestCaseKeyword.groovy:59)&#xD;
	at com.kms.katalon.core.keyword.builtin.CallTestCaseKeyword$_callTestCase_closure1.call(CallTestCaseKeyword.groovy)&#xD;
	at com.kms.katalon.core.keyword.internal.KeywordMain.runKeyword(KeywordMain.groovy:68)&#xD;
	at com.kms.katalon.core.keyword.builtin.CallTestCaseKeyword.callTestCase(CallTestCaseKeyword.groovy:81)&#xD;
	at com.kms.katalon.core.keyword.builtin.CallTestCaseKeyword.execute(CallTestCaseKeyword.groovy:44)&#xD;
	at com.kms.katalon.core.keyword.internal.KeywordExecutor.executeKeywordForPlatform(KeywordExecutor.groovy:56)&#xD;
	at com.kms.katalon.core.keyword.BuiltinKeywords.callTestCase(BuiltinKeywords.groovy:334)&#xD;
	at Everest.run(Everest:31)&#xD;
	at com.kms.katalon.core.main.ScriptEngine.run(ScriptEngine.java:194)&#xD;
	at com.kms.katalon.core.main.ScriptEngine.runScriptAsRawText(ScriptEngine.java:119)&#xD;
	at com.kms.katalon.core.main.TestCaseExecutor.runScript(TestCaseExecutor.java:337)&#xD;
	at com.kms.katalon.core.main.TestCaseExecutor.doExecute(TestCaseExecutor.java:328)&#xD;
	at com.kms.katalon.core.main.TestCaseExecutor.processExecutionPhase(TestCaseExecutor.java:307)&#xD;
	at com.kms.katalon.core.main.TestCaseExecutor.accessMainPhase(TestCaseExecutor.java:299)&#xD;
	at com.kms.katalon.core.main.TestCaseExecutor.execute(TestCaseExecutor.java:233)&#xD;
	at com.kms.katalon.core.main.TestSuiteExecutor.accessTestCaseMainPhase(TestSuiteExecutor.java:133)&#xD;
	at com.kms.katalon.core.main.TestSuiteExecutor.accessTestSuiteMainPhase(TestSuiteExecutor.java:116)&#xD;
	at com.kms.katalon.core.main.TestSuiteExecutor.execute(TestSuiteExecutor.java:83)&#xD;
	at com.kms.katalon.core.main.TestCaseMain.startTestSuite(TestCaseMain.java:157)&#xD;
	at com.kms.katalon.core.main.TestCaseMain$startTestSuite$0.call(Unknown Source)&#xD;
	at TempTestSuite1575621275705.run(TempTestSuite1575621275705.groovy:35)&#xD;
)&#xD;
&#xD;
2019-12-06 16:53:39 - [MESSAGE][FAILED] - Unable to verify text 'Month Duration Acknowledgement' is present  (Root cause: com.kms.katalon.core.exception.StepFailedException: Unable to verify text 'Month Duration Acknowledgement' is present &#xD;
	at com.kms.katalon.core.webui.keyword.internal.WebUIKeywordMain.stepFailed(WebUIKeywordMain.groovy:64)&#xD;
	at com.kms.katalon.core.webui.keyword.internal.WebUIKeywordMain.runKeyword(WebUIKeywordMain.groovy:26)&#xD;
	at com.kms.katalon.core.webui.keyword.builtin.VerifyTextPresentKeyword.verifyTextPresent(VerifyTextPresentKeyword.groovy:83)&#xD;
	at com.kms.katalon.core.webui.keyword.builtin.VerifyTextPresentKeyword.execute(VerifyTextPresentKeyword.groovy:68)&#xD;
	at com.kms.katalon.core.keyword.internal.KeywordExecutor.executeKeywordForPlatform(KeywordExecutor.groovy:56)&#xD;
	at com.kms.katalon.core.webui.keyword.WebUiBuiltInKeywords.verifyTextPresent(WebUiBuiltInKeywords.groovy:1693)&#xD;
	at com.kms.katalon.core.webui.keyword.WebUiBuiltInKeywords$verifyTextPresent$8.call(Unknown Source)&#xD;
	at goToEnd_stm_autofill.run(goToEnd_stm_autofill:19)&#xD;
	at com.kms.katalon.core.main.ScriptEngine.run(ScriptEngine.java:194)&#xD;
	at com.kms.katalon.core.main.ScriptEngine.runScriptAsRawText(ScriptEngine.java:119)&#xD;
	at com.kms.katalon.core.main.TestCaseExecutor.runScript(TestCaseExecutor.java:337)&#xD;
	at com.kms.katalon.core.main.TestCaseExecutor.doExecute(TestCaseExecutor.java:328)&#xD;
	at com.kms.katalon.core.main.TestCaseExecutor.processExecutionPhase(TestCaseExecutor.java:307)&#xD;
	at com.kms.katalon.core.main.TestCaseExecutor.accessMainPhase(TestCaseExecutor.java:299)&#xD;
	at com.kms.katalon.core.main.TestCaseExecutor.execute(TestCaseExecutor.java:233)&#xD;
	at com.kms.katalon.core.main.TestCaseMain.runTestCase(TestCaseMain.java:114)&#xD;
	at com.kms.katalon.core.keyword.builtin.CallTestCaseKeyword$_callTestCase_closure1.doCall(CallTestCaseKeyword.groovy:59)&#xD;
	at com.kms.katalon.core.keyword.builtin.CallTestCaseKeyword$_callTestCase_closure1.call(CallTestCaseKeyword.groovy)&#xD;
	at com.kms.katalon.core.keyword.internal.KeywordMain.runKeyword(KeywordMain.groovy:68)&#xD;
	at com.kms.katalon.core.keyword.builtin.CallTestCaseKeyword.callTestCase(CallTestCaseKeyword.groovy:81)&#xD;
	at com.kms.katalon.core.keyword.builtin.CallTestCaseKeyword.execute(CallTestCaseKeyword.groovy:44)&#xD;
	at com.kms.katalon.core.keyword.internal.KeywordExecutor.executeKeywordForPlatform(KeywordExecutor.groovy:56)&#xD;
	at com.kms.katalon.core.keyword.BuiltinKeywords.callTestCase(BuiltinKeywords.groovy:334)&#xD;
	at Everest.run(Everest:31)&#xD;
	at com.kms.katalon.core.main.ScriptEngine.run(ScriptEngine.java:194)&#xD;
	at com.kms.katalon.core.main.ScriptEngine.runScriptAsRawText(ScriptEngine.java:119)&#xD;
	at com.kms.katalon.core.main.TestCaseExecutor.runScript(TestCaseExecutor.java:337)&#xD;
	at com.kms.katalon.core.main.TestCaseExecutor.doExecute(TestCaseExecutor.java:328)&#xD;
	at com.kms.katalon.core.main.TestCaseExecutor.processExecutionPhase(TestCaseExecutor.java:307)&#xD;
	at com.kms.katalon.core.main.TestCaseExecutor.accessMainPhase(TestCaseExecutor.java:299)&#xD;
	at com.kms.katalon.core.main.TestCaseExecutor.execute(TestCaseExecutor.java:233)&#xD;
	at com.kms.katalon.core.main.TestSuiteExecutor.accessTestCaseMainPhase(TestSuiteExecutor.java:133)&#xD;
	at com.kms.katalon.core.main.TestSuiteExecutor.accessTestSuiteMainPhase(TestSuiteExecutor.java:116)&#xD;
	at com.kms.katalon.core.main.TestSuiteExecutor.execute(TestSuiteExecutor.java:83)&#xD;
	at com.kms.katalon.core.main.TestCaseMain.startTestSuite(TestCaseMain.java:157)&#xD;
	at com.kms.katalon.core.main.TestCaseMain$startTestSuite$0.call(Unknown Source)&#xD;
	at TempTestSuite1575621275705.run(TempTestSuite1575621275705.groovy:35)&#xD;
Caused by: com.kms.katalon.core.exception.StepFailedException: Text 'Month Duration Acknowledgement' is not present on page &#xD;
	at com.kms.katalon.core.webui.keyword.internal.WebUIKeywordMain.stepFailed(WebUIKeywordMain.groovy:64)&#xD;
	at com.kms.katalon.core.webui.keyword.builtin.VerifyTextPresentKeyword$_verifyTextPresent_closure1.doCall(VerifyTextPresentKeyword.groovy:79)&#xD;
	at com.kms.katalon.core.webui.keyword.builtin.VerifyTextPresentKeyword$_verifyTextPresent_closure1.call(VerifyTextPresentKeyword.groovy)&#xD;
	at com.kms.katalon.core.webui.keyword.internal.WebUIKeywordMain.runKeyword(WebUIKeywordMain.groovy:20)&#xD;
	... 35 more&#xD;
)&#xD;
[[ATTACHMENT|D:\\Test\\AgileTest\\AgileTest\\Reports\\AHI\\stm\\20191206_163435\\1575622418562.png]]&#xD;
&#xD;
2019-12-06 16:53:39 - [TEST_STEP][PASSED] - catch (Exception e): null&#xD;
&#xD;
2019-12-06 16:53:39 - [TEST_STEP][PASSED] - println("no consecutive"): null&#xD;
&#xD;
2019-12-06 16:53:39 - [TEST_STEP][PASSED] - waitForPageLoad(10): Wait for page load successfully&#xD;
&#xD;
2019-12-06 16:53:39 - [MESSAGE][PASSED] - Wait for page load successfully&#xD;
&#xD;
2019-12-06 16:53:39 - [TEST_STEP][PASSED] - Thread.sleep(3000): null&#xD;
&#xD;
2019-12-06 16:53:42 - [TEST_STEP][PASSED] - waitForElementVisible(findTestObject("mobileSanity/STM/Page_App Page 1/a_Autofill App Info"), 20): Object 'Object Repository/mobileSanity/STM/Page_App Page 1/a_Autofill App Info' is visible&#xD;
&#xD;
2019-12-06 16:53:42 - [MESSAGE][PASSED] - Object 'Object Repository/mobileSanity/STM/Page_App Page 1/a_Autofill App Info' is visible&#xD;
&#xD;
2019-12-06 16:53:42 - [TEST_STEP][PASSED] - click(findTestObject("mobileSanity/STM/Page_App Page 1/a_Autofill App Info")): Object: 'Object Repository/mobileSanity/STM/Page_App Page 1/a_Autofill App Info' is clicked on&#xD;
&#xD;
2019-12-06 16:53:42 - [MESSAGE][PASSED] - Object: 'Object Repository/mobileSanity/STM/Page_App Page 1/a_Autofill App Info' is clicked on&#xD;
&#xD;
2019-12-06 16:53:42 - [TEST_STEP][PASSED] - Thread.sleep(1000): null&#xD;
&#xD;
2019-12-06 16:53:43 - [TEST_STEP][PASSED] - click(findTestObject("mobileSanity/STM/Page_App Page 1/a_Autofill App Info")): Object: 'Object Repository/mobileSanity/STM/Page_App Page 1/a_Autofill App Info' is clicked on&#xD;
&#xD;
2019-12-06 16:53:44 - [MESSAGE][PASSED] - Object: 'Object Repository/mobileSanity/STM/Page_App Page 1/a_Autofill App Info' is clicked on&#xD;
&#xD;
2019-12-06 16:53:44 - [TEST_STEP][PASSED] - Thread.sleep(1000): null&#xD;
&#xD;
2019-12-06 16:53:45 - [TEST_STEP][PASSED] - waitForElementVisible(findTestObject("mobileSanity/STM/Page_App Page 1/a_Continue"), 20): Object 'Object Repository/mobileSanity/STM/Page_App Page 1/a_Continue' is visible&#xD;
&#xD;
2019-12-06 16:53:45 - [MESSAGE][PASSED] - Object 'Object Repository/mobileSanity/STM/Page_App Page 1/a_Continue' is visible&#xD;
&#xD;
2019-12-06 16:53:45 - [TEST_STEP][PASSED] - click(findTestObject("mobileSanity/STM/Page_App Page 1/a_Continue")): Object: 'Object Repository/mobileSanity/STM/Page_App Page 1/a_Continue' is clicked on&#xD;
&#xD;
2019-12-06 16:53:45 - [MESSAGE][PASSED] - Object: 'Object Repository/mobileSanity/STM/Page_App Page 1/a_Continue' is clicked on&#xD;
&#xD;
2019-12-06 16:53:45 - [TEST_STEP][PASSED] - waitForPageLoad(20): Wait for page load successfully&#xD;
&#xD;
2019-12-06 16:53:45 - [MESSAGE][PASSED] - Wait for page load successfully&#xD;
&#xD;
2019-12-06 16:53:45 - [TEST_STEP][PASSED] - Thread.sleep(5000): null&#xD;
&#xD;
2019-12-06 16:53:50 - [TEST_STEP][PASSED] - callTestCase(findTestCase("AHI/_include/get_screenshot"), [:], STOP_ON_FAILURE): Call Test Case 'Test Cases/AHI/_include/get_screenshot' successfully&#xD;
&#xD;
2019-12-06 16:53:50 - [TEST_CASE][PASSED] - Test Cases/AHI/_include/get_screenshot: Test Cases/AHI/_include/get_screenshot&#xD;
&#xD;
2019-12-06 16:53:50 - [TEST_STEP][PASSED] - takeScreenshot(screenPath + i + ".png"): Taking screenshot successfully&#xD;
&#xD;
2019-12-06 16:53:50 - [MESSAGE][PASSED] - Taking screenshot successfully&#xD;
[[ATTACHMENT|D:\\Test\\AgileTest\\AgileTest\\Reports\\AHI\\stm\\20191206_163435\\../Screenshots/iPhone 6/stm/Everest/20191206_165239/7.png]]&#xD;
&#xD;
2019-12-06 16:53:50 - [TEST_STEP][PASSED] - (internal.GlobalVariable.i++): null&#xD;
&#xD;
2019-12-06 16:53:50 - [MESSAGE][PASSED] - Call Test Case 'Test Cases/AHI/_include/get_screenshot' successfully&#xD;
&#xD;
2019-12-06 16:53:50 - [TEST_STEP][PASSED] - click(findTestObject("mobileSanity/STM/Page_App Page 2/a_Continue to Step 3 - Payment")): Object: 'Object Repository/mobileSanity/STM/Page_App Page 2/a_Continue to Step 3 - Payment' is clicked on&#xD;
&#xD;
2019-12-06 16:53:51 - [MESSAGE][PASSED] - Object: 'Object Repository/mobileSanity/STM/Page_App Page 2/a_Continue to Step 3 - Payment' is clicked on&#xD;
&#xD;
2019-12-06 16:53:51 - [TEST_STEP][PASSED] - waitForPageLoad(20): Wait for page load successfully&#xD;
&#xD;
2019-12-06 16:53:51 - [MESSAGE][PASSED] - Wait for page load successfully&#xD;
&#xD;
2019-12-06 16:53:51 - [TEST_STEP][PASSED] - waitForElementVisible(findTestObject("mobileSanity/STM/Page_App Page 3/input__credit-card-cvv"), 20): Object 'Object Repository/mobileSanity/STM/Page_App Page 3/input__credit-card-cvv' is visible&#xD;
&#xD;
2019-12-06 16:53:52 - [MESSAGE][PASSED] - Object 'Object Repository/mobileSanity/STM/Page_App Page 3/input__credit-card-cvv' is visible&#xD;
&#xD;
2019-12-06 16:53:52 - [TEST_STEP][PASSED] - Thread.sleep(2000): null&#xD;
&#xD;
2019-12-06 16:53:54 - [TEST_STEP][PASSED] - callTestCase(findTestCase("AHI/_include/get_screenshot"), [:], STOP_ON_FAILURE): Call Test Case 'Test Cases/AHI/_include/get_screenshot' successfully&#xD;
&#xD;
2019-12-06 16:53:54 - [TEST_CASE][PASSED] - Test Cases/AHI/_include/get_screenshot: Test Cases/AHI/_include/get_screenshot&#xD;
&#xD;
2019-12-06 16:53:54 - [TEST_STEP][PASSED] - takeScreenshot(screenPath + i + ".png"): Taking screenshot successfully&#xD;
&#xD;
2019-12-06 16:53:55 - [MESSAGE][PASSED] - Taking screenshot successfully&#xD;
[[ATTACHMENT|D:\\Test\\AgileTest\\AgileTest\\Reports\\AHI\\stm\\20191206_163435\\../Screenshots/iPhone 6/stm/Everest/20191206_165239/8.png]]&#xD;
&#xD;
2019-12-06 16:53:55 - [TEST_STEP][PASSED] - (internal.GlobalVariable.i++): null&#xD;
&#xD;
2019-12-06 16:53:55 - [MESSAGE][PASSED] - Call Test Case 'Test Cases/AHI/_include/get_screenshot' successfully&#xD;
&#xD;
2019-12-06 16:53:55 - [TEST_STEP][PASSED] - clearText(findTestObject("mobileSanity/STM/Page_App Page 3/input__credit-card-cvv")): Text of object 'Object Repository/mobileSanity/STM/Page_App Page 3/input__credit-card-cvv' is cleared&#xD;
&#xD;
2019-12-06 16:53:55 - [MESSAGE][PASSED] - Text of object 'Object Repository/mobileSanity/STM/Page_App Page 3/input__credit-card-cvv' is cleared&#xD;
&#xD;
2019-12-06 16:53:55 - [TEST_STEP][PASSED] - setText(findTestObject("mobileSanity/STM/Page_App Page 3/input__credit-card-cvv"), "123"): Text '123' is set on object 'Object Repository/mobileSanity/STM/Page_App Page 3/input__credit-card-cvv'&#xD;
&#xD;
2019-12-06 16:53:56 - [MESSAGE][PASSED] - Text '123' is set on object 'Object Repository/mobileSanity/STM/Page_App Page 3/input__credit-card-cvv'&#xD;
&#xD;
2019-12-06 16:53:56 - [TEST_STEP][PASSED] - click(findTestObject("mobileSanity/STM/Page_App Page 3/label_I Accept Authorization f")): Object: 'Object Repository/mobileSanity/STM/Page_App Page 3/label_I Accept Authorization f' is clicked on&#xD;
&#xD;
2019-12-06 16:53:57 - [MESSAGE][PASSED] - Object: 'Object Repository/mobileSanity/STM/Page_App Page 3/label_I Accept Authorization f' is clicked on&#xD;
&#xD;
2019-12-06 16:53:57 - [TEST_STEP][PASSED] - click(findTestObject("mobileSanity/STM/Page_App Page 3/a_Continue to Step 4 - Review")): Object: 'Object Repository/mobileSanity/STM/Page_App Page 3/a_Continue to Step 4 - Review' is clicked on&#xD;
&#xD;
2019-12-06 16:53:57 - [MESSAGE][PASSED] - Object: 'Object Repository/mobileSanity/STM/Page_App Page 3/a_Continue to Step 4 - Review' is clicked on&#xD;
&#xD;
2019-12-06 16:53:57 - [TEST_STEP][PASSED] - waitForPageLoad(10): Wait for page load successfully&#xD;
&#xD;
2019-12-06 16:53:57 - [MESSAGE][PASSED] - Wait for page load successfully&#xD;
&#xD;
2019-12-06 16:53:57 - [TEST_STEP][PASSED] - waitForElementClickable(findTestObject("mobileSanity/STM/Page_App Page 4/label"), 10): Object 'Object Repository/mobileSanity/STM/Page_App Page 4/label' is clickable&#xD;
&#xD;
2019-12-06 16:53:59 - [MESSAGE][PASSED] - Object 'Object Repository/mobileSanity/STM/Page_App Page 4/label' is clickable&#xD;
&#xD;
2019-12-06 16:53:59 - [TEST_STEP][PASSED] - Thread.sleep(2000): null&#xD;
&#xD;
2019-12-06 16:54:01 - [TEST_STEP][PASSED] - callTestCase(findTestCase("AHI/_include/get_screenshot"), [:], STOP_ON_FAILURE): Call Test Case 'Test Cases/AHI/_include/get_screenshot' successfully&#xD;
&#xD;
2019-12-06 16:54:01 - [TEST_CASE][PASSED] - Test Cases/AHI/_include/get_screenshot: Test Cases/AHI/_include/get_screenshot&#xD;
&#xD;
2019-12-06 16:54:01 - [TEST_STEP][PASSED] - takeScreenshot(screenPath + i + ".png"): Taking screenshot successfully&#xD;
&#xD;
2019-12-06 16:54:02 - [MESSAGE][PASSED] - Taking screenshot successfully&#xD;
[[ATTACHMENT|D:\\Test\\AgileTest\\AgileTest\\Reports\\AHI\\stm\\20191206_163435\\../Screenshots/iPhone 6/stm/Everest/20191206_165239/9.png]]&#xD;
&#xD;
2019-12-06 16:54:02 - [TEST_STEP][PASSED] - (internal.GlobalVariable.i++): null&#xD;
&#xD;
2019-12-06 16:54:02 - [MESSAGE][PASSED] - Call Test Case 'Test Cases/AHI/_include/get_screenshot' successfully&#xD;
&#xD;
2019-12-06 16:54:02 - [TEST_STEP][PASSED] - click(findTestObject("mobileSanity/STM/Page_App Page 4/label")): Object: 'Object Repository/mobileSanity/STM/Page_App Page 4/label' is clicked on&#xD;
&#xD;
2019-12-06 16:54:02 - [MESSAGE][PASSED] - Object: 'Object Repository/mobileSanity/STM/Page_App Page 4/label' is clicked on&#xD;
&#xD;
2019-12-06 16:54:02 - [TEST_STEP][PASSED] - click(findTestObject("mobileSanity/STM/Page_App Page 4/div_CLICK TO SIGN")): Object: 'Object Repository/mobileSanity/STM/Page_App Page 4/div_CLICK TO SIGN' is clicked on&#xD;
&#xD;
2019-12-06 16:54:02 - [MESSAGE][PASSED] - Object: 'Object Repository/mobileSanity/STM/Page_App Page 4/div_CLICK TO SIGN' is clicked on&#xD;
&#xD;
2019-12-06 16:54:02 - [TEST_STEP][PASSED] - click(findTestObject("mobileSanity/STM/Page_App Page 4/a_Submit Your Application")): Object: 'Object Repository/mobileSanity/STM/Page_App Page 4/a_Submit Your Application' is clicked on&#xD;
&#xD;
2019-12-06 16:54:02 - [MESSAGE][PASSED] - Object: 'Object Repository/mobileSanity/STM/Page_App Page 4/a_Submit Your Application' is clicked on&#xD;
&#xD;
2019-12-06 16:54:02 - [TEST_STEP][PASSED] - Thread.sleep(30000): null&#xD;
&#xD;
2019-12-06 16:54:32 - [TEST_STEP][PASSED] - waitForElementPresent(findTestObject("mobileSanity/STM/Page_App Page 6/app-page-wrapper"), 20): Object 'Object Repository/mobileSanity/STM/Page_App Page 6/app-page-wrapper' is present&#xD;
&#xD;
2019-12-06 16:54:32 - [MESSAGE][PASSED] - Object 'Object Repository/mobileSanity/STM/Page_App Page 6/app-page-wrapper' is present&#xD;
&#xD;
2019-12-06 16:54:32 - [TEST_STEP][PASSED] - callTestCase(findTestCase("AHI/_include/get_screenshot"), [:], STOP_ON_FAILURE): Call Test Case 'Test Cases/AHI/_include/get_screenshot' successfully&#xD;
&#xD;
2019-12-06 16:54:32 - [TEST_CASE][PASSED] - Test Cases/AHI/_include/get_screenshot: Test Cases/AHI/_include/get_screenshot&#xD;
&#xD;
2019-12-06 16:54:32 - [TEST_STEP][PASSED] - takeScreenshot(screenPath + i + ".png"): Taking screenshot successfully&#xD;
&#xD;
2019-12-06 16:54:33 - [MESSAGE][PASSED] - Taking screenshot successfully&#xD;
[[ATTACHMENT|D:\\Test\\AgileTest\\AgileTest\\Reports\\AHI\\stm\\20191206_163435\\../Screenshots/iPhone 6/stm/Everest/20191206_165239/10.png]]&#xD;
&#xD;
2019-12-06 16:54:33 - [TEST_STEP][PASSED] - (internal.GlobalVariable.i++): null&#xD;
&#xD;
2019-12-06 16:54:33 - [MESSAGE][PASSED] - Call Test Case 'Test Cases/AHI/_include/get_screenshot' successfully&#xD;
&#xD;
2019-12-06 16:54:33 - [MESSAGE][PASSED] - Call Test Case 'Test Cases/AHI/_include/goToEnd_stm_autofill' successfully</system-out>
            <system-err></system-err>
        </testcase>
        <testcase name="Test Cases/AHI/stm/LifeShield" classname="Test Cases/AHI/stm/LifeShield" status="PASSED">
            <system-out>2019-12-06 16:54:33 - [TEST_CASE][PASSED] - Test Cases/AHI/stm/LifeShield: Test Cases/AHI/stm/LifeShield&#xD;
&#xD;
2019-12-06 16:54:33 - [TEST_STEP][PASSED] - callTestCase(findTestCase("AHI/_include/get_screenPath"), ["productLine":"stm", "carrierName":"LifeShield"], CONTINUE_ON_FAILURE): Call Test Case 'Test Cases/AHI/_include/get_screenPath' successfully&#xD;
&#xD;
2019-12-06 16:54:33 - [TEST_CASE][PASSED] - Test Cases/AHI/_include/get_screenPath: Test Cases/AHI/_include/get_screenPath&#xD;
&#xD;
2019-12-06 16:54:33 - [TEST_STEP][PASSED] - m = getExecutionProperties(): null&#xD;
&#xD;
2019-12-06 16:54:33 - [TEST_STEP][PASSED] - deviceName = get("mobileEmulation").get("deviceName"): null&#xD;
&#xD;
2019-12-06 16:54:33 - [TEST_STEP][PASSED] - println(deviceName): null&#xD;
&#xD;
2019-12-06 16:54:33 - [TEST_STEP][PASSED] - now = new java.util.Date(): null&#xD;
&#xD;
2019-12-06 16:54:33 - [TEST_STEP][PASSED] - mydate = now.format("yyyyMMdd_HHmmss"): null&#xD;
&#xD;
2019-12-06 16:54:33 - [TEST_STEP][PASSED] - screenPath = "../Screenshots/": null&#xD;
&#xD;
2019-12-06 16:54:33 - [TEST_STEP][PASSED] - screenPath = screenPath + deviceName + "/" + productLine + "/" + carrierName + "/" + mydate + "/": null&#xD;
&#xD;
2019-12-06 16:54:33 - [TEST_STEP][PASSED] - println(screenPath): null&#xD;
&#xD;
2019-12-06 16:54:33 - [MESSAGE][PASSED] - Call Test Case 'Test Cases/AHI/_include/get_screenPath' successfully&#xD;
&#xD;
2019-12-06 16:54:33 - [TEST_STEP][PASSED] - i = 0: null&#xD;
&#xD;
2019-12-06 16:54:33 - [TEST_STEP][PASSED] - callTestCase(findTestCase("AHI/_include/openWebSite"), [:], STOP_ON_FAILURE): Call Test Case 'Test Cases/AHI/_include/openWebSite' successfully&#xD;
&#xD;
2019-12-06 16:54:34 - [TEST_CASE][PASSED] - Test Cases/AHI/_include/openWebSite: Test Cases/AHI/_include/openWebSite&#xD;
&#xD;
2019-12-06 16:54:34 - [TEST_STEP][PASSED] - openBrowser(env): Browser is opened with url: 'https://praetemptatus.agilehealthinsurance.com'&#xD;
&#xD;
2019-12-06 16:54:34 - [MESSAGE][WARNING] - A browser is already opened. Closing browser and opening a new one&#xD;
&#xD;
2019-12-06 16:54:34 - [MESSAGE][INFO] - Starting 'Chrome' driver&#xD;
&#xD;
2019-12-06 16:54:34 - [MESSAGE][INFO] - User set preference: ['mobileEmulation', '{deviceName=iPhone 6}']&#xD;
&#xD;
2019-12-06 16:54:34 - [MESSAGE][INFO] - User set preference: ['args', '[--incognito, --aggressive-cache-discard, --window-size=375,677, --no-sandbox]']&#xD;
&#xD;
2019-12-06 16:54:42 - [MESSAGE][PASSED] - Browser is opened with url: 'https://praetemptatus.agilehealthinsurance.com'&#xD;
&#xD;
2019-12-06 16:54:42 - [TEST_STEP][PASSED] - waitForPageLoad(20): Wait for page load successfully&#xD;
&#xD;
2019-12-06 16:54:42 - [MESSAGE][PASSED] - Wait for page load successfully&#xD;
&#xD;
2019-12-06 16:54:42 - [TEST_STEP][PASSED] - callTestCase(findTestCase("AHI/_include/get_screenshot"), [:], STOP_ON_FAILURE): Call Test Case 'Test Cases/AHI/_include/get_screenshot' successfully&#xD;
&#xD;
2019-12-06 16:54:42 - [TEST_CASE][PASSED] - Test Cases/AHI/_include/get_screenshot: Test Cases/AHI/_include/get_screenshot&#xD;
&#xD;
2019-12-06 16:54:42 - [TEST_STEP][PASSED] - takeScreenshot(screenPath + i + ".png"): Taking screenshot successfully&#xD;
&#xD;
2019-12-06 16:54:44 - [MESSAGE][PASSED] - Taking screenshot successfully&#xD;
[[ATTACHMENT|D:\\Test\\AgileTest\\AgileTest\\Reports\\AHI\\stm\\20191206_163435\\../Screenshots/iPhone 6/stm/LifeShield/20191206_165433/0.png]]&#xD;
&#xD;
2019-12-06 16:54:44 - [TEST_STEP][PASSED] - (internal.GlobalVariable.i++): null&#xD;
&#xD;
2019-12-06 16:54:44 - [MESSAGE][PASSED] - Call Test Case 'Test Cases/AHI/_include/get_screenshot' successfully&#xD;
&#xD;
2019-12-06 16:54:44 - [MESSAGE][PASSED] - Call Test Case 'Test Cases/AHI/_include/openWebSite' successfully&#xD;
&#xD;
2019-12-06 16:54:44 - [TEST_STEP][PASSED] - callTestCase(findTestCase("AHI/_include/census_stm"), ["zipcode":"19120"], STOP_ON_FAILURE): Call Test Case 'Test Cases/AHI/_include/census_stm' successfully&#xD;
&#xD;
2019-12-06 16:54:44 - [TEST_CASE][PASSED] - Test Cases/AHI/_include/census_stm: Test Cases/AHI/_include/census_stm&#xD;
&#xD;
2019-12-06 16:54:44 - [TEST_STEP][PASSED] - waitForElementClickable(findTestObject("mobileSanity/STM/Home Page/a_Quote  Save Today"), 10): Object 'Object Repository/mobileSanity/STM/Home Page/a_Quote  Save Today' is clickable&#xD;
&#xD;
2019-12-06 16:54:44 - [MESSAGE][PASSED] - Object 'Object Repository/mobileSanity/STM/Home Page/a_Quote  Save Today' is clickable&#xD;
&#xD;
2019-12-06 16:54:44 - [TEST_STEP][PASSED] - click(findTestObject("mobileSanity/STM/Home Page/a_Quote  Save Today")): Object: 'Object Repository/mobileSanity/STM/Home Page/a_Quote  Save Today' is clicked on&#xD;
&#xD;
2019-12-06 16:54:45 - [MESSAGE][PASSED] - Object: 'Object Repository/mobileSanity/STM/Home Page/a_Quote  Save Today' is clicked on&#xD;
&#xD;
2019-12-06 16:54:45 - [TEST_STEP][PASSED] - waitForPageLoad(10): Wait for page load successfully&#xD;
&#xD;
2019-12-06 16:54:45 - [MESSAGE][PASSED] - Wait for page load successfully&#xD;
&#xD;
2019-12-06 16:54:45 - [TEST_STEP][PASSED] - callTestCase(findTestCase("AHI/_include/get_screenshot"), [:], STOP_ON_FAILURE): Call Test Case 'Test Cases/AHI/_include/get_screenshot' successfully&#xD;
&#xD;
2019-12-06 16:54:45 - [TEST_CASE][PASSED] - Test Cases/AHI/_include/get_screenshot: Test Cases/AHI/_include/get_screenshot&#xD;
&#xD;
2019-12-06 16:54:45 - [TEST_STEP][PASSED] - takeScreenshot(screenPath + i + ".png"): Taking screenshot successfully&#xD;
&#xD;
2019-12-06 16:54:47 - [MESSAGE][PASSED] - Taking screenshot successfully&#xD;
[[ATTACHMENT|D:\\Test\\AgileTest\\AgileTest\\Reports\\AHI\\stm\\20191206_163435\\../Screenshots/iPhone 6/stm/LifeShield/20191206_165433/1.png]]&#xD;
&#xD;
2019-12-06 16:54:47 - [TEST_STEP][PASSED] - (internal.GlobalVariable.i++): null&#xD;
&#xD;
2019-12-06 16:54:47 - [MESSAGE][PASSED] - Call Test Case 'Test Cases/AHI/_include/get_screenshot' successfully&#xD;
&#xD;
2019-12-06 16:54:47 - [TEST_STEP][PASSED] - setText(findTestObject("mobileSanity/STM/STM Census Page/input_Location_zip-input"), zipcode): Text '19120' is set on object 'Object Repository/mobileSanity/STM/STM Census Page/input_Location_zip-input'&#xD;
&#xD;
2019-12-06 16:54:47 - [MESSAGE][PASSED] - Text '19120' is set on object 'Object Repository/mobileSanity/STM/STM Census Page/input_Location_zip-input'&#xD;
&#xD;
2019-12-06 16:54:47 - [TEST_STEP][PASSED] - Thread.sleep(500): null&#xD;
&#xD;
2019-12-06 16:54:48 - [TEST_STEP][PASSED] - setText(findTestObject("mobileSanity/STM/STM Census Page/input_Date of Birth_dob-0"), "03031987"): Text '03031987' is set on object 'Object Repository/mobileSanity/STM/STM Census Page/input_Date of Birth_dob-0'&#xD;
&#xD;
2019-12-06 16:54:48 - [MESSAGE][PASSED] - Text '03031987' is set on object 'Object Repository/mobileSanity/STM/STM Census Page/input_Date of Birth_dob-0'&#xD;
&#xD;
2019-12-06 16:54:48 - [TEST_STEP][PASSED] - click(findTestObject("mobileSanity/STM/STM Census Page/label_Male")): Object: 'Object Repository/mobileSanity/STM/STM Census Page/label_Male' is clicked on&#xD;
&#xD;
2019-12-06 16:54:49 - [MESSAGE][PASSED] - Object: 'Object Repository/mobileSanity/STM/STM Census Page/label_Male' is clicked on&#xD;
&#xD;
2019-12-06 16:54:49 - [TEST_STEP][PASSED] - click(findTestObject("mobileSanity/STM/STM Census Page/label_Compare Plans")): Object: 'Object Repository/mobileSanity/STM/STM Census Page/label_Compare Plans' is clicked on&#xD;
&#xD;
2019-12-06 16:54:53 - [MESSAGE][PASSED] - Object: 'Object Repository/mobileSanity/STM/STM Census Page/label_Compare Plans' is clicked on&#xD;
&#xD;
2019-12-06 16:54:53 - [TEST_STEP][PASSED] - waitForElementVisible(findTestObject("mobileSanity/STM/STM Quote Page/button_sort"), 20): Object 'Object Repository/mobileSanity/STM/STM Quote Page/button_sort' is visible&#xD;
&#xD;
2019-12-06 16:54:54 - [MESSAGE][PASSED] - Object 'Object Repository/mobileSanity/STM/STM Quote Page/button_sort' is visible&#xD;
&#xD;
2019-12-06 16:54:54 - [TEST_STEP][PASSED] - Thread.sleep(3000): null&#xD;
&#xD;
2019-12-06 16:54:57 - [TEST_STEP][PASSED] - callTestCase(findTestCase("AHI/_include/check_quoteleadform"), [:], STOP_ON_FAILURE): Call Test Case 'Test Cases/AHI/_include/check_quoteleadform' successfully&#xD;
&#xD;
2019-12-06 16:54:57 - [TEST_CASE][PASSED] - Test Cases/AHI/_include/check_quoteleadform: Test Cases/AHI/_include/check_quoteleadform&#xD;
&#xD;
2019-12-06 16:54:57 - [TEST_STEP][PASSED] - callTestCase(findTestCase("AHI/_include/name"), [:], CONTINUE_ON_FAILURE): Call Test Case 'Test Cases/AHI/_include/name' successfully&#xD;
&#xD;
2019-12-06 16:54:57 - [TEST_CASE][PASSED] - Test Cases/AHI/_include/name: Test Cases/AHI/_include/name&#xD;
&#xD;
2019-12-06 16:54:57 - [TEST_STEP][PASSED] - driver = getWebDriver(): null&#xD;
&#xD;
2019-12-06 16:54:57 - [TEST_STEP][PASSED] - selenium = new com.thoughtworks.selenium.webdriven.WebDriverBackedSelenium(driver, internal.GlobalVariable.ENV): null&#xD;
&#xD;
2019-12-06 16:54:57 - [TEST_STEP][PASSED] - FirstName = "Test-123": null&#xD;
&#xD;
2019-12-06 16:54:57 - [TEST_STEP][PASSED] - LastName = selenium.getEval("{var x="ABCDEFGHIJKLMNOPQRSTUVWXYZabcdefghijklmnopqrstuvwxyz"; var tmp="ZZ11-"; for (i=0;i&lt;8;i++) tmp+=x.charAt(Math.ceil(51*Math.random()));tmp;}"): null&#xD;
&#xD;
2019-12-06 16:54:58 - [TEST_STEP][PASSED] - Address = selenium.getEval("{var x="ABCDEFGHIJKLMNOPQRSTUVWXYZabcdefghijklmnopqrstuvwxyz"; var tmp=""; for (i=0;i&lt;8;i++) tmp+=x.charAt(Math.ceil(51*Math.random()));tmp;}"): null&#xD;
&#xD;
2019-12-06 16:54:58 - [TEST_STEP][PASSED] - City = selenium.getEval("{var x="ABCDEFGHIJKLMNOPQRSTUVWXYZabcdefghijklmnopqrstuvwxyz"; var tmp=""; for (i=0;i&lt;8;i++) tmp+=x.charAt(Math.ceil(51*Math.random()));tmp;}"): null&#xD;
&#xD;
2019-12-06 16:54:58 - [TEST_STEP][PASSED] - tel1 = selenium.getEval("{var x="123456789"; var tmp=""; for (i=0;i&lt;3;i++) tmp+=x.charAt(Math.ceil(8*Math.random()));tmp;}"): null&#xD;
&#xD;
2019-12-06 16:54:58 - [TEST_STEP][PASSED] - tel2 = selenium.getEval("{var x="123456789"; var tmp=""; for (i=0;i&lt;3;i++) tmp+=x.charAt(Math.ceil(8*Math.random()));tmp;}"): null&#xD;
&#xD;
2019-12-06 16:54:58 - [TEST_STEP][PASSED] - tel3 = selenium.getEval("{var x="123456789"; var tmp=""; for (i=0;i&lt;4;i++) tmp+=x.charAt(Math.ceil(8*Math.random()));tmp;}"): null&#xD;
&#xD;
2019-12-06 16:54:58 - [TEST_STEP][PASSED] - Tel = selenium.getExpression(tel1 + "-" + tel2 + "-" + tel3): null&#xD;
&#xD;
2019-12-06 16:54:58 - [TEST_STEP][PASSED] - AutoEmail = selenium.getEval("{var x="ABCDEFGHIJKLMNOPQRSTUVWXYZabcdefghijklmnopqrstuvwxyz"; var tmp="test."; for (i=0;i&lt;8;i++) tmp+=x.charAt(Math.ceil(51*Math.random()));tmp+="@suryani.cn";}"): null&#xD;
&#xD;
2019-12-06 16:54:58 - [TEST_STEP][PASSED] - FirstName = FirstName: null&#xD;
&#xD;
2019-12-06 16:54:58 - [TEST_STEP][PASSED] - LastName = LastName: null&#xD;
&#xD;
2019-12-06 16:54:58 - [TEST_STEP][PASSED] - Address = Address: null&#xD;
&#xD;
2019-12-06 16:54:58 - [TEST_STEP][PASSED] - City = City: null&#xD;
&#xD;
2019-12-06 16:54:58 - [TEST_STEP][PASSED] - Tel = Tel: null&#xD;
&#xD;
2019-12-06 16:54:58 - [TEST_STEP][PASSED] - AutoEmail = AutoEmail: null&#xD;
&#xD;
2019-12-06 16:54:58 - [TEST_STEP][PASSED] - println(FirstName): null&#xD;
&#xD;
2019-12-06 16:54:58 - [TEST_STEP][PASSED] - println(LastName): null&#xD;
&#xD;
2019-12-06 16:54:58 - [TEST_STEP][PASSED] - println(Address): null&#xD;
&#xD;
2019-12-06 16:54:58 - [TEST_STEP][PASSED] - println(City): null&#xD;
&#xD;
2019-12-06 16:54:58 - [TEST_STEP][PASSED] - println(Tel): null&#xD;
&#xD;
2019-12-06 16:54:58 - [TEST_STEP][PASSED] - println(AutoEmail): null&#xD;
&#xD;
2019-12-06 16:54:58 - [MESSAGE][PASSED] - Call Test Case 'Test Cases/AHI/_include/name' successfully&#xD;
&#xD;
2019-12-06 16:54:58 - [TEST_STEP][PASSED] - leadform_exist = test.MobileKeywords.isElementPresent_Web(findTestObject("mobileSanity/quote lead form/lead_form"), 20): test.MobileKeywords.isElementPresent_Web is PASSED&#xD;
&#xD;
2019-12-06 16:55:19 - [MESSAGE][INFO] - Unable to find the element located by 'By.xpath: //*[@id = 'lightboxLeadForm']'. Please recheck the objects properties to make sure the desired element is located. &#xD;
&#xD;
2019-12-06 16:55:19 - [MESSAGE][PASSED] - test.MobileKeywords.isElementPresent_Web is PASSED&#xD;
&#xD;
2019-12-06 16:55:19 - [TEST_STEP][PASSED] - if (leadform_exist): null&#xD;
&#xD;
2019-12-06 16:55:19 - [MESSAGE][PASSED] - Call Test Case 'Test Cases/AHI/_include/check_quoteleadform' successfully&#xD;
&#xD;
2019-12-06 16:55:19 - [TEST_STEP][PASSED] - callTestCase(findTestCase("AHI/_include/get_screenshot"), [:], STOP_ON_FAILURE): Call Test Case 'Test Cases/AHI/_include/get_screenshot' successfully&#xD;
&#xD;
2019-12-06 16:55:19 - [TEST_CASE][PASSED] - Test Cases/AHI/_include/get_screenshot: Test Cases/AHI/_include/get_screenshot&#xD;
&#xD;
2019-12-06 16:55:19 - [TEST_STEP][PASSED] - takeScreenshot(screenPath + i + ".png"): Taking screenshot successfully&#xD;
&#xD;
2019-12-06 16:55:20 - [MESSAGE][PASSED] - Taking screenshot successfully&#xD;
[[ATTACHMENT|D:\\Test\\AgileTest\\AgileTest\\Reports\\AHI\\stm\\20191206_163435\\../Screenshots/iPhone 6/stm/LifeShield/20191206_165433/2.png]]&#xD;
&#xD;
2019-12-06 16:55:20 - [TEST_STEP][PASSED] - (internal.GlobalVariable.i++): null&#xD;
&#xD;
2019-12-06 16:55:20 - [MESSAGE][PASSED] - Call Test Case 'Test Cases/AHI/_include/get_screenshot' successfully&#xD;
&#xD;
2019-12-06 16:55:20 - [TEST_STEP][PASSED] - Thread.sleep(1000): null&#xD;
&#xD;
2019-12-06 16:55:21 - [MESSAGE][PASSED] - Call Test Case 'Test Cases/AHI/_include/census_stm' successfully&#xD;
&#xD;
2019-12-06 16:55:21 - [TEST_STEP][PASSED] - callTestCase(findTestCase("AHI/_include/filter_stm"), ["carrier":"lifeshield"], STOP_ON_FAILURE): Call Test Case 'Test Cases/AHI/_include/filter_stm' successfully&#xD;
&#xD;
2019-12-06 16:55:21 - [TEST_CASE][PASSED] - Test Cases/AHI/_include/filter_stm: Test Cases/AHI/_include/filter_stm&#xD;
&#xD;
2019-12-06 16:55:21 - [TEST_STEP][PASSED] - driver = getWebDriver(): null&#xD;
&#xD;
2019-12-06 16:55:21 - [TEST_STEP][PASSED] - selenium = new com.thoughtworks.selenium.webdriven.WebDriverBackedSelenium(driver, internal.GlobalVariable.ENV): null&#xD;
&#xD;
2019-12-06 16:55:21 - [TEST_STEP][PASSED] - Thread.sleep(1000): null&#xD;
&#xD;
2019-12-06 16:55:22 - [TEST_STEP][PASSED] - click(findTestObject("mobileSanity/STM/STM Quote Page/button_filters")): Object: 'Object Repository/mobileSanity/STM/STM Quote Page/button_filters' is clicked on&#xD;
&#xD;
2019-12-06 16:55:22 - [MESSAGE][PASSED] - Object: 'Object Repository/mobileSanity/STM/STM Quote Page/button_filters' is clicked on&#xD;
&#xD;
2019-12-06 16:55:22 - [TEST_STEP][PASSED] - Thread.sleep(1000): null&#xD;
&#xD;
2019-12-06 16:55:23 - [TEST_STEP][PASSED] - click(findTestObject("mobileSanity/STM/STM Quote Page/i_Insurance company")): Object: 'Object Repository/mobileSanity/STM/STM Quote Page/i_Insurance company' is clicked on&#xD;
&#xD;
2019-12-06 16:55:23 - [MESSAGE][PASSED] - Object: 'Object Repository/mobileSanity/STM/STM Quote Page/i_Insurance company' is clicked on&#xD;
&#xD;
2019-12-06 16:55:23 - [TEST_STEP][PASSED] - Thread.sleep(1000): null&#xD;
&#xD;
2019-12-06 16:55:24 - [TEST_STEP][PASSED] - filter_carrier = "//input[@name='filter[carrier]' and @value='" + carrier + "']/following::label": null&#xD;
&#xD;
2019-12-06 16:55:24 - [TEST_STEP][PASSED] - println(filter_carrier): null&#xD;
&#xD;
2019-12-06 16:55:24 - [TEST_STEP][PASSED] - test.MobileKeywords.clickJS_ByXpath(filter_carrier): test.MobileKeywords.clickJS_ByXpath is PASSED&#xD;
&#xD;
2019-12-06 16:55:25 - [MESSAGE][PASSED] - Execute JavaScript 'arguments[0].click()' successfully&#xD;
&#xD;
2019-12-06 16:55:25 - [MESSAGE][PASSED] - test.MobileKeywords.clickJS_ByXpath is PASSED&#xD;
&#xD;
2019-12-06 16:55:25 - [TEST_STEP][PASSED] - click(findTestObject("mobileSanity/STM/STM Quote Page/js-close c-link-button")): Object: 'Object Repository/mobileSanity/STM/STM Quote Page/js-close c-link-button' is clicked on&#xD;
&#xD;
2019-12-06 16:55:25 - [MESSAGE][PASSED] - Object: 'Object Repository/mobileSanity/STM/STM Quote Page/js-close c-link-button' is clicked on&#xD;
&#xD;
2019-12-06 16:55:25 - [TEST_STEP][PASSED] - Thread.sleep(2000): null&#xD;
&#xD;
2019-12-06 16:55:27 - [TEST_STEP][PASSED] - callTestCase(findTestCase("AHI/_include/get_screenshot"), [:], STOP_ON_FAILURE): Call Test Case 'Test Cases/AHI/_include/get_screenshot' successfully&#xD;
&#xD;
2019-12-06 16:55:27 - [TEST_CASE][PASSED] - Test Cases/AHI/_include/get_screenshot: Test Cases/AHI/_include/get_screenshot&#xD;
&#xD;
2019-12-06 16:55:27 - [TEST_STEP][PASSED] - takeScreenshot(screenPath + i + ".png"): Taking screenshot successfully&#xD;
&#xD;
2019-12-06 16:55:28 - [MESSAGE][PASSED] - Taking screenshot successfully&#xD;
[[ATTACHMENT|D:\\Test\\AgileTest\\AgileTest\\Reports\\AHI\\stm\\20191206_163435\\../Screenshots/iPhone 6/stm/LifeShield/20191206_165433/3.png]]&#xD;
&#xD;
2019-12-06 16:55:28 - [TEST_STEP][PASSED] - (internal.GlobalVariable.i++): null&#xD;
&#xD;
2019-12-06 16:55:28 - [MESSAGE][PASSED] - Call Test Case 'Test Cases/AHI/_include/get_screenshot' successfully&#xD;
&#xD;
2019-12-06 16:55:28 - [MESSAGE][PASSED] - Call Test Case 'Test Cases/AHI/_include/filter_stm' successfully&#xD;
&#xD;
2019-12-06 16:55:28 - [TEST_STEP][PASSED] - callTestCase(findTestCase("AHI/_include/goToDetail_stm"), ["carrier":"lifeshield"], STOP_ON_FAILURE): Call Test Case 'Test Cases/AHI/_include/goToDetail_stm' successfully&#xD;
&#xD;
2019-12-06 16:55:28 - [TEST_CASE][PASSED] - Test Cases/AHI/_include/goToDetail_stm: Test Cases/AHI/_include/goToDetail_stm&#xD;
&#xD;
2019-12-06 16:55:28 - [TEST_STEP][PASSED] - driver = getWebDriver(): null&#xD;
&#xD;
2019-12-06 16:55:28 - [TEST_STEP][PASSED] - selenium = new com.thoughtworks.selenium.webdriven.WebDriverBackedSelenium(driver, internal.GlobalVariable.ENV): null&#xD;
&#xD;
2019-12-06 16:55:28 - [TEST_STEP][PASSED] - a_plan_name = "xpath=//a[contains(@href,'/term-health-insurance/plan/" + carrier + "')]": null&#xD;
&#xD;
2019-12-06 16:55:28 - [TEST_STEP][PASSED] - println(a_plan_name): null&#xD;
&#xD;
2019-12-06 16:55:28 - [TEST_STEP][PASSED] - selenium.click(a_plan_name): null&#xD;
&#xD;
2019-12-06 16:55:39 - [TEST_STEP][PASSED] - waitForPageLoad(20): Wait for page load successfully&#xD;
&#xD;
2019-12-06 16:55:39 - [MESSAGE][PASSED] - Wait for page load successfully&#xD;
&#xD;
2019-12-06 16:55:39 - [TEST_STEP][PASSED] - Thread.sleep(2000): null&#xD;
&#xD;
2019-12-06 16:55:41 - [TEST_STEP][PASSED] - callTestCase(findTestCase("AHI/_include/get_screenshot"), [:], STOP_ON_FAILURE): Call Test Case 'Test Cases/AHI/_include/get_screenshot' successfully&#xD;
&#xD;
2019-12-06 16:55:41 - [TEST_CASE][PASSED] - Test Cases/AHI/_include/get_screenshot: Test Cases/AHI/_include/get_screenshot&#xD;
&#xD;
2019-12-06 16:55:41 - [TEST_STEP][PASSED] - takeScreenshot(screenPath + i + ".png"): Taking screenshot successfully&#xD;
&#xD;
2019-12-06 16:55:42 - [MESSAGE][PASSED] - Taking screenshot successfully&#xD;
[[ATTACHMENT|D:\\Test\\AgileTest\\AgileTest\\Reports\\AHI\\stm\\20191206_163435\\../Screenshots/iPhone 6/stm/LifeShield/20191206_165433/4.png]]&#xD;
&#xD;
2019-12-06 16:55:42 - [TEST_STEP][PASSED] - (internal.GlobalVariable.i++): null&#xD;
&#xD;
2019-12-06 16:55:42 - [MESSAGE][PASSED] - Call Test Case 'Test Cases/AHI/_include/get_screenshot' successfully&#xD;
&#xD;
2019-12-06 16:55:42 - [MESSAGE][PASSED] - Call Test Case 'Test Cases/AHI/_include/goToDetail_stm' successfully&#xD;
&#xD;
2019-12-06 16:55:42 - [TEST_STEP][PASSED] - callTestCase(findTestCase("AHI/_include/apply_stm"), [:], STOP_ON_FAILURE): Call Test Case 'Test Cases/AHI/_include/apply_stm' successfully&#xD;
&#xD;
2019-12-06 16:55:42 - [TEST_CASE][PASSED] - Test Cases/AHI/_include/apply_stm: Test Cases/AHI/_include/apply_stm&#xD;
&#xD;
2019-12-06 16:55:42 - [TEST_STEP][PASSED] - waitForElementVisible(findTestObject("mobileSanity/STM/STM PlanDetail Page/a_Apply for This Plan"), 5): Object 'Object Repository/mobileSanity/STM/STM PlanDetail Page/a_Apply for This Plan' is visible&#xD;
&#xD;
2019-12-06 16:55:42 - [MESSAGE][PASSED] - Object 'Object Repository/mobileSanity/STM/STM PlanDetail Page/a_Apply for This Plan' is visible&#xD;
&#xD;
2019-12-06 16:55:42 - [TEST_STEP][PASSED] - click(findTestObject("mobileSanity/STM/STM PlanDetail Page/a_Apply for This Plan")): Object: 'Object Repository/mobileSanity/STM/STM PlanDetail Page/a_Apply for This Plan' is clicked on&#xD;
&#xD;
2019-12-06 16:55:44 - [MESSAGE][PASSED] - Object: 'Object Repository/mobileSanity/STM/STM PlanDetail Page/a_Apply for This Plan' is clicked on&#xD;
&#xD;
2019-12-06 16:55:44 - [TEST_STEP][PASSED] - waitForPageLoad(10): Wait for page load successfully&#xD;
&#xD;
2019-12-06 16:55:44 - [MESSAGE][PASSED] - Wait for page load successfully&#xD;
&#xD;
2019-12-06 16:55:44 - [TEST_STEP][PASSED] - Thread.sleep(2000): null&#xD;
&#xD;
2019-12-06 16:55:46 - [TEST_STEP][PASSED] - callTestCase(findTestCase("AHI/_include/get_screenshot"), [:], STOP_ON_FAILURE): Call Test Case 'Test Cases/AHI/_include/get_screenshot' successfully&#xD;
&#xD;
2019-12-06 16:55:46 - [TEST_CASE][PASSED] - Test Cases/AHI/_include/get_screenshot: Test Cases/AHI/_include/get_screenshot&#xD;
&#xD;
2019-12-06 16:55:46 - [TEST_STEP][PASSED] - takeScreenshot(screenPath + i + ".png"): Taking screenshot successfully&#xD;
&#xD;
2019-12-06 16:55:46 - [MESSAGE][PASSED] - Taking screenshot successfully&#xD;
[[ATTACHMENT|D:\\Test\\AgileTest\\AgileTest\\Reports\\AHI\\stm\\20191206_163435\\../Screenshots/iPhone 6/stm/LifeShield/20191206_165433/5.png]]&#xD;
&#xD;
2019-12-06 16:55:46 - [TEST_STEP][PASSED] - (internal.GlobalVariable.i++): null&#xD;
&#xD;
2019-12-06 16:55:46 - [MESSAGE][PASSED] - Call Test Case 'Test Cases/AHI/_include/get_screenshot' successfully&#xD;
&#xD;
2019-12-06 16:55:46 - [TEST_STEP][PASSED] - waitForElementVisible(findTestObject("mobileSanity/STM/STM Apply Page/a_Start Secure Application"), 5): Object 'Object Repository/mobileSanity/STM/STM Apply Page/a_Start Secure Application' is visible&#xD;
&#xD;
2019-12-06 16:55:47 - [MESSAGE][PASSED] - Object 'Object Repository/mobileSanity/STM/STM Apply Page/a_Start Secure Application' is visible&#xD;
&#xD;
2019-12-06 16:55:47 - [TEST_STEP][PASSED] - click(findTestObject("mobileSanity/STM/STM Apply Page/a_Start Secure Application")): Object: 'Object Repository/mobileSanity/STM/STM Apply Page/a_Start Secure Application' is clicked on&#xD;
&#xD;
2019-12-06 16:55:48 - [MESSAGE][PASSED] - Object: 'Object Repository/mobileSanity/STM/STM Apply Page/a_Start Secure Application' is clicked on&#xD;
&#xD;
2019-12-06 16:55:48 - [TEST_STEP][PASSED] - waitForPageLoad(20): Wait for page load successfully&#xD;
&#xD;
2019-12-06 16:55:49 - [MESSAGE][PASSED] - Wait for page load successfully&#xD;
&#xD;
2019-12-06 16:55:49 - [TEST_STEP][PASSED] - Thread.sleep(2000): null&#xD;
&#xD;
2019-12-06 16:55:51 - [TEST_STEP][PASSED] - callTestCase(findTestCase("AHI/_include/get_screenshot"), [:], STOP_ON_FAILURE): Call Test Case 'Test Cases/AHI/_include/get_screenshot' successfully&#xD;
&#xD;
2019-12-06 16:55:51 - [TEST_CASE][PASSED] - Test Cases/AHI/_include/get_screenshot: Test Cases/AHI/_include/get_screenshot&#xD;
&#xD;
2019-12-06 16:55:51 - [TEST_STEP][PASSED] - takeScreenshot(screenPath + i + ".png"): Taking screenshot successfully&#xD;
&#xD;
2019-12-06 16:55:51 - [MESSAGE][PASSED] - Taking screenshot successfully&#xD;
[[ATTACHMENT|D:\\Test\\AgileTest\\AgileTest\\Reports\\AHI\\stm\\20191206_163435\\../Screenshots/iPhone 6/stm/LifeShield/20191206_165433/6.png]]&#xD;
&#xD;
2019-12-06 16:55:51 - [TEST_STEP][PASSED] - (internal.GlobalVariable.i++): null&#xD;
&#xD;
2019-12-06 16:55:51 - [MESSAGE][PASSED] - Call Test Case 'Test Cases/AHI/_include/get_screenshot' successfully&#xD;
&#xD;
2019-12-06 16:55:51 - [MESSAGE][PASSED] - Call Test Case 'Test Cases/AHI/_include/apply_stm' successfully&#xD;
&#xD;
2019-12-06 16:55:51 - [TEST_STEP][PASSED] - callTestCase(findTestCase("AHI/_include/goToEnd_stm_autofill"), [:], STOP_ON_FAILURE): Call Test Case 'Test Cases/AHI/_include/goToEnd_stm_autofill' successfully&#xD;
&#xD;
2019-12-06 16:55:51 - [TEST_CASE][PASSED] - Test Cases/AHI/_include/goToEnd_stm_autofill: Test Cases/AHI/_include/goToEnd_stm_autofill&#xD;
&#xD;
2019-12-06 16:55:51 - [TEST_STEP][PASSED] - callTestCase(findTestCase("AHI/_include/name"), [:], CONTINUE_ON_FAILURE): Call Test Case 'Test Cases/AHI/_include/name' successfully&#xD;
&#xD;
2019-12-06 16:55:52 - [TEST_CASE][PASSED] - Test Cases/AHI/_include/name: Test Cases/AHI/_include/name&#xD;
&#xD;
2019-12-06 16:55:52 - [TEST_STEP][PASSED] - driver = getWebDriver(): null&#xD;
&#xD;
2019-12-06 16:55:52 - [TEST_STEP][PASSED] - selenium = new com.thoughtworks.selenium.webdriven.WebDriverBackedSelenium(driver, internal.GlobalVariable.ENV): null&#xD;
&#xD;
2019-12-06 16:55:52 - [TEST_STEP][PASSED] - FirstName = "Test-123": null&#xD;
&#xD;
2019-12-06 16:55:52 - [TEST_STEP][PASSED] - LastName = selenium.getEval("{var x="ABCDEFGHIJKLMNOPQRSTUVWXYZabcdefghijklmnopqrstuvwxyz"; var tmp="ZZ11-"; for (i=0;i&lt;8;i++) tmp+=x.charAt(Math.ceil(51*Math.random()));tmp;}"): null&#xD;
&#xD;
2019-12-06 16:55:52 - [TEST_STEP][PASSED] - Address = selenium.getEval("{var x="ABCDEFGHIJKLMNOPQRSTUVWXYZabcdefghijklmnopqrstuvwxyz"; var tmp=""; for (i=0;i&lt;8;i++) tmp+=x.charAt(Math.ceil(51*Math.random()));tmp;}"): null&#xD;
&#xD;
2019-12-06 16:55:52 - [TEST_STEP][PASSED] - City = selenium.getEval("{var x="ABCDEFGHIJKLMNOPQRSTUVWXYZabcdefghijklmnopqrstuvwxyz"; var tmp=""; for (i=0;i&lt;8;i++) tmp+=x.charAt(Math.ceil(51*Math.random()));tmp;}"): null&#xD;
&#xD;
2019-12-06 16:55:52 - [TEST_STEP][PASSED] - tel1 = selenium.getEval("{var x="123456789"; var tmp=""; for (i=0;i&lt;3;i++) tmp+=x.charAt(Math.ceil(8*Math.random()));tmp;}"): null&#xD;
&#xD;
2019-12-06 16:55:52 - [TEST_STEP][PASSED] - tel2 = selenium.getEval("{var x="123456789"; var tmp=""; for (i=0;i&lt;3;i++) tmp+=x.charAt(Math.ceil(8*Math.random()));tmp;}"): null&#xD;
&#xD;
2019-12-06 16:55:52 - [TEST_STEP][PASSED] - tel3 = selenium.getEval("{var x="123456789"; var tmp=""; for (i=0;i&lt;4;i++) tmp+=x.charAt(Math.ceil(8*Math.random()));tmp;}"): null&#xD;
&#xD;
2019-12-06 16:55:52 - [TEST_STEP][PASSED] - Tel = selenium.getExpression(tel1 + "-" + tel2 + "-" + tel3): null&#xD;
&#xD;
2019-12-06 16:55:52 - [TEST_STEP][PASSED] - AutoEmail = selenium.getEval("{var x="ABCDEFGHIJKLMNOPQRSTUVWXYZabcdefghijklmnopqrstuvwxyz"; var tmp="test."; for (i=0;i&lt;8;i++) tmp+=x.charAt(Math.ceil(51*Math.random()));tmp+="@suryani.cn";}"): null&#xD;
&#xD;
2019-12-06 16:55:52 - [TEST_STEP][PASSED] - FirstName = FirstName: null&#xD;
&#xD;
2019-12-06 16:55:52 - [TEST_STEP][PASSED] - LastName = LastName: null&#xD;
&#xD;
2019-12-06 16:55:52 - [TEST_STEP][PASSED] - Address = Address: null&#xD;
&#xD;
2019-12-06 16:55:52 - [TEST_STEP][PASSED] - City = City: null&#xD;
&#xD;
2019-12-06 16:55:52 - [TEST_STEP][PASSED] - Tel = Tel: null&#xD;
&#xD;
2019-12-06 16:55:52 - [TEST_STEP][PASSED] - AutoEmail = AutoEmail: null&#xD;
&#xD;
2019-12-06 16:55:52 - [TEST_STEP][PASSED] - println(FirstName): null&#xD;
&#xD;
2019-12-06 16:55:52 - [TEST_STEP][PASSED] - println(LastName): null&#xD;
&#xD;
2019-12-06 16:55:52 - [TEST_STEP][PASSED] - println(Address): null&#xD;
&#xD;
2019-12-06 16:55:52 - [TEST_STEP][PASSED] - println(City): null&#xD;
&#xD;
2019-12-06 16:55:52 - [TEST_STEP][PASSED] - println(Tel): null&#xD;
&#xD;
2019-12-06 16:55:52 - [TEST_STEP][PASSED] - println(AutoEmail): null&#xD;
&#xD;
2019-12-06 16:55:52 - [MESSAGE][PASSED] - Call Test Case 'Test Cases/AHI/_include/name' successfully&#xD;
&#xD;
2019-12-06 16:55:52 - [TEST_STEP][PASSED] - try: Call Test Case 'Test Cases/AHI/_include/get_screenshot' successfully&#xD;
&#xD;
2019-12-06 16:55:52 - [TEST_STEP][PASSED] - if (verifyTextPresent("Month Duration Acknowledgement", false)): Call Test Case 'Test Cases/AHI/_include/get_screenshot' successfully&#xD;
&#xD;
2019-12-06 16:55:52 - [MESSAGE][PASSED] - Text 'Month Duration Acknowledgement' is present on page &#xD;
&#xD;
2019-12-06 16:55:52 - [TEST_STEP][PASSED] - click(findTestObject("mobileSanity/STM/Page_App Page 1/label_By checking this box I u")): Object: 'Object Repository/mobileSanity/STM/Page_App Page 1/label_By checking this box I u' is clicked on&#xD;
&#xD;
2019-12-06 16:55:53 - [MESSAGE][PASSED] - Object: 'Object Repository/mobileSanity/STM/Page_App Page 1/label_By checking this box I u' is clicked on&#xD;
&#xD;
2019-12-06 16:55:53 - [TEST_STEP][PASSED] - click(findTestObject("mobileSanity/STM/Page_App Page 1/button_Continue to Application")): Object: 'Object Repository/mobileSanity/STM/Page_App Page 1/button_Continue to Application' is clicked on&#xD;
&#xD;
2019-12-06 16:55:55 - [MESSAGE][PASSED] - Object: 'Object Repository/mobileSanity/STM/Page_App Page 1/button_Continue to Application' is clicked on&#xD;
&#xD;
2019-12-06 16:55:55 - [TEST_STEP][PASSED] - waitForPageLoad(20): Wait for page load successfully&#xD;
&#xD;
2019-12-06 16:55:55 - [MESSAGE][PASSED] - Wait for page load successfully&#xD;
&#xD;
2019-12-06 16:55:55 - [TEST_STEP][PASSED] - Thread.sleep(5000): null&#xD;
&#xD;
2019-12-06 16:56:00 - [TEST_STEP][PASSED] - callTestCase(findTestCase("AHI/_include/get_screenshot"), [:], STOP_ON_FAILURE): Call Test Case 'Test Cases/AHI/_include/get_screenshot' successfully&#xD;
&#xD;
2019-12-06 16:56:00 - [TEST_CASE][PASSED] - Test Cases/AHI/_include/get_screenshot: Test Cases/AHI/_include/get_screenshot&#xD;
&#xD;
2019-12-06 16:56:00 - [TEST_STEP][PASSED] - takeScreenshot(screenPath + i + ".png"): Taking screenshot successfully&#xD;
&#xD;
2019-12-06 16:56:01 - [MESSAGE][PASSED] - Taking screenshot successfully&#xD;
[[ATTACHMENT|D:\\Test\\AgileTest\\AgileTest\\Reports\\AHI\\stm\\20191206_163435\\../Screenshots/iPhone 6/stm/LifeShield/20191206_165433/7.png]]&#xD;
&#xD;
2019-12-06 16:56:01 - [TEST_STEP][PASSED] - (internal.GlobalVariable.i++): null&#xD;
&#xD;
2019-12-06 16:56:01 - [MESSAGE][PASSED] - Call Test Case 'Test Cases/AHI/_include/get_screenshot' successfully&#xD;
&#xD;
2019-12-06 16:56:01 - [TEST_STEP][PASSED] - waitForPageLoad(10): Wait for page load successfully&#xD;
&#xD;
2019-12-06 16:56:01 - [MESSAGE][PASSED] - Wait for page load successfully&#xD;
&#xD;
2019-12-06 16:56:01 - [TEST_STEP][PASSED] - Thread.sleep(3000): null&#xD;
&#xD;
2019-12-06 16:56:04 - [TEST_STEP][PASSED] - waitForElementVisible(findTestObject("mobileSanity/STM/Page_App Page 1/a_Autofill App Info"), 20): Object 'Object Repository/mobileSanity/STM/Page_App Page 1/a_Autofill App Info' is visible&#xD;
&#xD;
2019-12-06 16:56:04 - [MESSAGE][PASSED] - Object 'Object Repository/mobileSanity/STM/Page_App Page 1/a_Autofill App Info' is visible&#xD;
&#xD;
2019-12-06 16:56:04 - [TEST_STEP][PASSED] - click(findTestObject("mobileSanity/STM/Page_App Page 1/a_Autofill App Info")): Object: 'Object Repository/mobileSanity/STM/Page_App Page 1/a_Autofill App Info' is clicked on&#xD;
&#xD;
2019-12-06 16:56:05 - [MESSAGE][PASSED] - Object: 'Object Repository/mobileSanity/STM/Page_App Page 1/a_Autofill App Info' is clicked on&#xD;
&#xD;
2019-12-06 16:56:05 - [TEST_STEP][PASSED] - Thread.sleep(1000): null&#xD;
&#xD;
2019-12-06 16:56:06 - [TEST_STEP][PASSED] - click(findTestObject("mobileSanity/STM/Page_App Page 1/a_Autofill App Info")): Object: 'Object Repository/mobileSanity/STM/Page_App Page 1/a_Autofill App Info' is clicked on&#xD;
&#xD;
2019-12-06 16:56:06 - [MESSAGE][PASSED] - Object: 'Object Repository/mobileSanity/STM/Page_App Page 1/a_Autofill App Info' is clicked on&#xD;
&#xD;
2019-12-06 16:56:06 - [TEST_STEP][PASSED] - Thread.sleep(1000): null&#xD;
&#xD;
2019-12-06 16:56:07 - [TEST_STEP][PASSED] - waitForElementVisible(findTestObject("mobileSanity/STM/Page_App Page 1/a_Continue"), 20): Object 'Object Repository/mobileSanity/STM/Page_App Page 1/a_Continue' is visible&#xD;
&#xD;
2019-12-06 16:56:08 - [MESSAGE][PASSED] - Object 'Object Repository/mobileSanity/STM/Page_App Page 1/a_Continue' is visible&#xD;
&#xD;
2019-12-06 16:56:08 - [TEST_STEP][PASSED] - click(findTestObject("mobileSanity/STM/Page_App Page 1/a_Continue")): Object: 'Object Repository/mobileSanity/STM/Page_App Page 1/a_Continue' is clicked on&#xD;
&#xD;
2019-12-06 16:56:08 - [MESSAGE][PASSED] - Object: 'Object Repository/mobileSanity/STM/Page_App Page 1/a_Continue' is clicked on&#xD;
&#xD;
2019-12-06 16:56:08 - [TEST_STEP][PASSED] - waitForPageLoad(20): Wait for page load successfully&#xD;
&#xD;
2019-12-06 16:56:08 - [MESSAGE][PASSED] - Wait for page load successfully&#xD;
&#xD;
2019-12-06 16:56:08 - [TEST_STEP][PASSED] - Thread.sleep(5000): null&#xD;
&#xD;
2019-12-06 16:56:13 - [TEST_STEP][PASSED] - callTestCase(findTestCase("AHI/_include/get_screenshot"), [:], STOP_ON_FAILURE): Call Test Case 'Test Cases/AHI/_include/get_screenshot' successfully&#xD;
&#xD;
2019-12-06 16:56:13 - [TEST_CASE][PASSED] - Test Cases/AHI/_include/get_screenshot: Test Cases/AHI/_include/get_screenshot&#xD;
&#xD;
2019-12-06 16:56:13 - [TEST_STEP][PASSED] - takeScreenshot(screenPath + i + ".png"): Taking screenshot successfully&#xD;
&#xD;
2019-12-06 16:56:14 - [MESSAGE][PASSED] - Taking screenshot successfully&#xD;
[[ATTACHMENT|D:\\Test\\AgileTest\\AgileTest\\Reports\\AHI\\stm\\20191206_163435\\../Screenshots/iPhone 6/stm/LifeShield/20191206_165433/8.png]]&#xD;
&#xD;
2019-12-06 16:56:14 - [TEST_STEP][PASSED] - (internal.GlobalVariable.i++): null&#xD;
&#xD;
2019-12-06 16:56:14 - [MESSAGE][PASSED] - Call Test Case 'Test Cases/AHI/_include/get_screenshot' successfully&#xD;
&#xD;
2019-12-06 16:56:14 - [TEST_STEP][PASSED] - click(findTestObject("mobileSanity/STM/Page_App Page 2/a_Continue to Step 3 - Payment")): Object: 'Object Repository/mobileSanity/STM/Page_App Page 2/a_Continue to Step 3 - Payment' is clicked on&#xD;
&#xD;
2019-12-06 16:56:14 - [MESSAGE][PASSED] - Object: 'Object Repository/mobileSanity/STM/Page_App Page 2/a_Continue to Step 3 - Payment' is clicked on&#xD;
&#xD;
2019-12-06 16:56:14 - [TEST_STEP][PASSED] - waitForPageLoad(20): Wait for page load successfully&#xD;
&#xD;
2019-12-06 16:56:14 - [MESSAGE][PASSED] - Wait for page load successfully&#xD;
&#xD;
2019-12-06 16:56:14 - [TEST_STEP][PASSED] - waitForElementVisible(findTestObject("mobileSanity/STM/Page_App Page 3/input__credit-card-cvv"), 20): Object 'Object Repository/mobileSanity/STM/Page_App Page 3/input__credit-card-cvv' is visible&#xD;
&#xD;
2019-12-06 16:56:15 - [MESSAGE][PASSED] - Object 'Object Repository/mobileSanity/STM/Page_App Page 3/input__credit-card-cvv' is visible&#xD;
&#xD;
2019-12-06 16:56:15 - [TEST_STEP][PASSED] - Thread.sleep(2000): null&#xD;
&#xD;
2019-12-06 16:56:17 - [TEST_STEP][PASSED] - callTestCase(findTestCase("AHI/_include/get_screenshot"), [:], STOP_ON_FAILURE): Call Test Case 'Test Cases/AHI/_include/get_screenshot' successfully&#xD;
&#xD;
2019-12-06 16:56:18 - [TEST_CASE][PASSED] - Test Cases/AHI/_include/get_screenshot: Test Cases/AHI/_include/get_screenshot&#xD;
&#xD;
2019-12-06 16:56:18 - [TEST_STEP][PASSED] - takeScreenshot(screenPath + i + ".png"): Taking screenshot successfully&#xD;
&#xD;
2019-12-06 16:56:18 - [MESSAGE][PASSED] - Taking screenshot successfully&#xD;
[[ATTACHMENT|D:\\Test\\AgileTest\\AgileTest\\Reports\\AHI\\stm\\20191206_163435\\../Screenshots/iPhone 6/stm/LifeShield/20191206_165433/9.png]]&#xD;
&#xD;
2019-12-06 16:56:18 - [TEST_STEP][PASSED] - (internal.GlobalVariable.i++): null&#xD;
&#xD;
2019-12-06 16:56:18 - [MESSAGE][PASSED] - Call Test Case 'Test Cases/AHI/_include/get_screenshot' successfully&#xD;
&#xD;
2019-12-06 16:56:18 - [TEST_STEP][PASSED] - clearText(findTestObject("mobileSanity/STM/Page_App Page 3/input__credit-card-cvv")): Text of object 'Object Repository/mobileSanity/STM/Page_App Page 3/input__credit-card-cvv' is cleared&#xD;
&#xD;
2019-12-06 16:56:18 - [MESSAGE][PASSED] - Text of object 'Object Repository/mobileSanity/STM/Page_App Page 3/input__credit-card-cvv' is cleared&#xD;
&#xD;
2019-12-06 16:56:18 - [TEST_STEP][PASSED] - setText(findTestObject("mobileSanity/STM/Page_App Page 3/input__credit-card-cvv"), "123"): Text '123' is set on object 'Object Repository/mobileSanity/STM/Page_App Page 3/input__credit-card-cvv'&#xD;
&#xD;
2019-12-06 16:56:19 - [MESSAGE][PASSED] - Text '123' is set on object 'Object Repository/mobileSanity/STM/Page_App Page 3/input__credit-card-cvv'&#xD;
&#xD;
2019-12-06 16:56:19 - [TEST_STEP][PASSED] - click(findTestObject("mobileSanity/STM/Page_App Page 3/label_I Accept Authorization f")): Object: 'Object Repository/mobileSanity/STM/Page_App Page 3/label_I Accept Authorization f' is clicked on&#xD;
&#xD;
2019-12-06 16:56:19 - [MESSAGE][PASSED] - Object: 'Object Repository/mobileSanity/STM/Page_App Page 3/label_I Accept Authorization f' is clicked on&#xD;
&#xD;
2019-12-06 16:56:19 - [TEST_STEP][PASSED] - click(findTestObject("mobileSanity/STM/Page_App Page 3/a_Continue to Step 4 - Review")): Object: 'Object Repository/mobileSanity/STM/Page_App Page 3/a_Continue to Step 4 - Review' is clicked on&#xD;
&#xD;
2019-12-06 16:56:19 - [MESSAGE][PASSED] - Object: 'Object Repository/mobileSanity/STM/Page_App Page 3/a_Continue to Step 4 - Review' is clicked on&#xD;
&#xD;
2019-12-06 16:56:19 - [TEST_STEP][PASSED] - waitForPageLoad(10): Wait for page load successfully&#xD;
&#xD;
2019-12-06 16:56:19 - [MESSAGE][PASSED] - Wait for page load successfully&#xD;
&#xD;
2019-12-06 16:56:19 - [TEST_STEP][PASSED] - waitForElementClickable(findTestObject("mobileSanity/STM/Page_App Page 4/label"), 10): Object 'Object Repository/mobileSanity/STM/Page_App Page 4/label' is clickable&#xD;
&#xD;
2019-12-06 16:56:22 - [MESSAGE][PASSED] - Object 'Object Repository/mobileSanity/STM/Page_App Page 4/label' is clickable&#xD;
&#xD;
2019-12-06 16:56:22 - [TEST_STEP][PASSED] - Thread.sleep(2000): null&#xD;
&#xD;
2019-12-06 16:56:24 - [TEST_STEP][PASSED] - callTestCase(findTestCase("AHI/_include/get_screenshot"), [:], STOP_ON_FAILURE): Call Test Case 'Test Cases/AHI/_include/get_screenshot' successfully&#xD;
&#xD;
2019-12-06 16:56:25 - [TEST_CASE][PASSED] - Test Cases/AHI/_include/get_screenshot: Test Cases/AHI/_include/get_screenshot&#xD;
&#xD;
2019-12-06 16:56:25 - [TEST_STEP][PASSED] - takeScreenshot(screenPath + i + ".png"): Taking screenshot successfully&#xD;
&#xD;
2019-12-06 16:56:25 - [MESSAGE][PASSED] - Taking screenshot successfully&#xD;
[[ATTACHMENT|D:\\Test\\AgileTest\\AgileTest\\Reports\\AHI\\stm\\20191206_163435\\../Screenshots/iPhone 6/stm/LifeShield/20191206_165433/10.png]]&#xD;
&#xD;
2019-12-06 16:56:25 - [TEST_STEP][PASSED] - (internal.GlobalVariable.i++): null&#xD;
&#xD;
2019-12-06 16:56:25 - [MESSAGE][PASSED] - Call Test Case 'Test Cases/AHI/_include/get_screenshot' successfully&#xD;
&#xD;
2019-12-06 16:56:25 - [TEST_STEP][PASSED] - click(findTestObject("mobileSanity/STM/Page_App Page 4/label")): Object: 'Object Repository/mobileSanity/STM/Page_App Page 4/label' is clicked on&#xD;
&#xD;
2019-12-06 16:56:25 - [MESSAGE][PASSED] - Object: 'Object Repository/mobileSanity/STM/Page_App Page 4/label' is clicked on&#xD;
&#xD;
2019-12-06 16:56:25 - [TEST_STEP][PASSED] - click(findTestObject("mobileSanity/STM/Page_App Page 4/div_CLICK TO SIGN")): Object: 'Object Repository/mobileSanity/STM/Page_App Page 4/div_CLICK TO SIGN' is clicked on&#xD;
&#xD;
2019-12-06 16:56:26 - [MESSAGE][PASSED] - Object: 'Object Repository/mobileSanity/STM/Page_App Page 4/div_CLICK TO SIGN' is clicked on&#xD;
&#xD;
2019-12-06 16:56:26 - [TEST_STEP][PASSED] - click(findTestObject("mobileSanity/STM/Page_App Page 4/a_Submit Your Application")): Object: 'Object Repository/mobileSanity/STM/Page_App Page 4/a_Submit Your Application' is clicked on&#xD;
&#xD;
2019-12-06 16:56:26 - [MESSAGE][PASSED] - Object: 'Object Repository/mobileSanity/STM/Page_App Page 4/a_Submit Your Application' is clicked on&#xD;
&#xD;
2019-12-06 16:56:26 - [TEST_STEP][PASSED] - Thread.sleep(30000): null&#xD;
&#xD;
2019-12-06 16:56:56 - [TEST_STEP][PASSED] - waitForElementPresent(findTestObject("mobileSanity/STM/Page_App Page 6/app-page-wrapper"), 20): Object 'Object Repository/mobileSanity/STM/Page_App Page 6/app-page-wrapper' is present&#xD;
&#xD;
2019-12-06 16:56:59 - [MESSAGE][PASSED] - Object 'Object Repository/mobileSanity/STM/Page_App Page 6/app-page-wrapper' is present&#xD;
&#xD;
2019-12-06 16:56:59 - [TEST_STEP][PASSED] - callTestCase(findTestCase("AHI/_include/get_screenshot"), [:], STOP_ON_FAILURE): Call Test Case 'Test Cases/AHI/_include/get_screenshot' successfully&#xD;
&#xD;
2019-12-06 16:56:59 - [TEST_CASE][PASSED] - Test Cases/AHI/_include/get_screenshot: Test Cases/AHI/_include/get_screenshot&#xD;
&#xD;
2019-12-06 16:56:59 - [TEST_STEP][PASSED] - takeScreenshot(screenPath + i + ".png"): Taking screenshot successfully&#xD;
&#xD;
2019-12-06 16:57:00 - [MESSAGE][PASSED] - Taking screenshot successfully&#xD;
[[ATTACHMENT|D:\\Test\\AgileTest\\AgileTest\\Reports\\AHI\\stm\\20191206_163435\\../Screenshots/iPhone 6/stm/LifeShield/20191206_165433/11.png]]&#xD;
&#xD;
2019-12-06 16:57:00 - [TEST_STEP][PASSED] - (internal.GlobalVariable.i++): null&#xD;
&#xD;
2019-12-06 16:57:00 - [MESSAGE][PASSED] - Call Test Case 'Test Cases/AHI/_include/get_screenshot' successfully&#xD;
&#xD;
2019-12-06 16:57:00 - [MESSAGE][PASSED] - Call Test Case 'Test Cases/AHI/_include/goToEnd_stm_autofill' successfully</system-out>
            <system-err></system-err>
        </testcase>
        <testcase name="Test Cases/AHI/stm/NationalGeneral" classname="Test Cases/AHI/stm/NationalGeneral" status="PASSED">
            <system-out>2019-12-06 16:57:00 - [TEST_CASE][PASSED] - Test Cases/AHI/stm/NationalGeneral: Test Cases/AHI/stm/NationalGeneral&#xD;
&#xD;
2019-12-06 16:57:00 - [TEST_STEP][PASSED] - callTestCase(findTestCase("AHI/_include/get_screenPath"), ["productLine":"stm", "carrierName":"National General"], CONTINUE_ON_FAILURE): Call Test Case 'Test Cases/AHI/_include/get_screenPath' successfully&#xD;
&#xD;
2019-12-06 16:57:00 - [TEST_CASE][PASSED] - Test Cases/AHI/_include/get_screenPath: Test Cases/AHI/_include/get_screenPath&#xD;
&#xD;
2019-12-06 16:57:00 - [TEST_STEP][PASSED] - m = getExecutionProperties(): null&#xD;
&#xD;
2019-12-06 16:57:00 - [TEST_STEP][PASSED] - deviceName = get("mobileEmulation").get("deviceName"): null&#xD;
&#xD;
2019-12-06 16:57:00 - [TEST_STEP][PASSED] - println(deviceName): null&#xD;
&#xD;
2019-12-06 16:57:00 - [TEST_STEP][PASSED] - now = new java.util.Date(): null&#xD;
&#xD;
2019-12-06 16:57:00 - [TEST_STEP][PASSED] - mydate = now.format("yyyyMMdd_HHmmss"): null&#xD;
&#xD;
2019-12-06 16:57:00 - [TEST_STEP][PASSED] - screenPath = "../Screenshots/": null&#xD;
&#xD;
2019-12-06 16:57:00 - [TEST_STEP][PASSED] - screenPath = screenPath + deviceName + "/" + productLine + "/" + carrierName + "/" + mydate + "/": null&#xD;
&#xD;
2019-12-06 16:57:00 - [TEST_STEP][PASSED] - println(screenPath): null&#xD;
&#xD;
2019-12-06 16:57:00 - [MESSAGE][PASSED] - Call Test Case 'Test Cases/AHI/_include/get_screenPath' successfully&#xD;
&#xD;
2019-12-06 16:57:00 - [TEST_STEP][PASSED] - i = 0: null&#xD;
&#xD;
2019-12-06 16:57:00 - [TEST_STEP][PASSED] - callTestCase(findTestCase("AHI/_include/openWebSite"), [:], CONTINUE_ON_FAILURE): Call Test Case 'Test Cases/AHI/_include/openWebSite' successfully&#xD;
&#xD;
2019-12-06 16:57:00 - [TEST_CASE][PASSED] - Test Cases/AHI/_include/openWebSite: Test Cases/AHI/_include/openWebSite&#xD;
&#xD;
2019-12-06 16:57:00 - [TEST_STEP][PASSED] - openBrowser(env): Browser is opened with url: 'https://praetemptatus.agilehealthinsurance.com'&#xD;
&#xD;
2019-12-06 16:57:00 - [MESSAGE][WARNING] - A browser is already opened. Closing browser and opening a new one&#xD;
&#xD;
2019-12-06 16:57:01 - [MESSAGE][INFO] - Starting 'Chrome' driver&#xD;
&#xD;
2019-12-06 16:57:01 - [MESSAGE][INFO] - User set preference: ['mobileEmulation', '{deviceName=iPhone 6}']&#xD;
&#xD;
2019-12-06 16:57:01 - [MESSAGE][INFO] - User set preference: ['args', '[--incognito, --aggressive-cache-discard, --window-size=375,677, --no-sandbox]']&#xD;
&#xD;
2019-12-06 16:57:07 - [MESSAGE][PASSED] - Browser is opened with url: 'https://praetemptatus.agilehealthinsurance.com'&#xD;
&#xD;
2019-12-06 16:57:07 - [TEST_STEP][PASSED] - waitForPageLoad(20): Wait for page load successfully&#xD;
&#xD;
2019-12-06 16:57:07 - [MESSAGE][PASSED] - Wait for page load successfully&#xD;
&#xD;
2019-12-06 16:57:07 - [TEST_STEP][PASSED] - callTestCase(findTestCase("AHI/_include/get_screenshot"), [:], STOP_ON_FAILURE): Call Test Case 'Test Cases/AHI/_include/get_screenshot' successfully&#xD;
&#xD;
2019-12-06 16:57:07 - [TEST_CASE][PASSED] - Test Cases/AHI/_include/get_screenshot: Test Cases/AHI/_include/get_screenshot&#xD;
&#xD;
2019-12-06 16:57:07 - [TEST_STEP][PASSED] - takeScreenshot(screenPath + i + ".png"): Taking screenshot successfully&#xD;
&#xD;
2019-12-06 16:57:08 - [MESSAGE][PASSED] - Taking screenshot successfully&#xD;
[[ATTACHMENT|D:\\Test\\AgileTest\\AgileTest\\Reports\\AHI\\stm\\20191206_163435\\../Screenshots/iPhone 6/stm/National General/20191206_165700/0.png]]&#xD;
&#xD;
2019-12-06 16:57:08 - [TEST_STEP][PASSED] - (internal.GlobalVariable.i++): null&#xD;
&#xD;
2019-12-06 16:57:08 - [MESSAGE][PASSED] - Call Test Case 'Test Cases/AHI/_include/get_screenshot' successfully&#xD;
&#xD;
2019-12-06 16:57:08 - [MESSAGE][PASSED] - Call Test Case 'Test Cases/AHI/_include/openWebSite' successfully&#xD;
&#xD;
2019-12-06 16:57:08 - [TEST_STEP][PASSED] - callTestCase(findTestCase("AHI/_include/census_stm"), [:], CONTINUE_ON_FAILURE): Call Test Case 'Test Cases/AHI/_include/census_stm' successfully&#xD;
&#xD;
2019-12-06 16:57:08 - [TEST_CASE][PASSED] - Test Cases/AHI/_include/census_stm: Test Cases/AHI/_include/census_stm&#xD;
&#xD;
2019-12-06 16:57:08 - [TEST_STEP][PASSED] - waitForElementClickable(findTestObject("mobileSanity/STM/Home Page/a_Quote  Save Today"), 10): Object 'Object Repository/mobileSanity/STM/Home Page/a_Quote  Save Today' is clickable&#xD;
&#xD;
2019-12-06 16:57:08 - [MESSAGE][PASSED] - Object 'Object Repository/mobileSanity/STM/Home Page/a_Quote  Save Today' is clickable&#xD;
&#xD;
2019-12-06 16:57:08 - [TEST_STEP][PASSED] - click(findTestObject("mobileSanity/STM/Home Page/a_Quote  Save Today")): Object: 'Object Repository/mobileSanity/STM/Home Page/a_Quote  Save Today' is clicked on&#xD;
&#xD;
2019-12-06 16:57:10 - [MESSAGE][PASSED] - Object: 'Object Repository/mobileSanity/STM/Home Page/a_Quote  Save Today' is clicked on&#xD;
&#xD;
2019-12-06 16:57:10 - [TEST_STEP][PASSED] - waitForPageLoad(10): Wait for page load successfully&#xD;
&#xD;
2019-12-06 16:57:10 - [MESSAGE][PASSED] - Wait for page load successfully&#xD;
&#xD;
2019-12-06 16:57:10 - [TEST_STEP][PASSED] - callTestCase(findTestCase("AHI/_include/get_screenshot"), [:], STOP_ON_FAILURE): Call Test Case 'Test Cases/AHI/_include/get_screenshot' successfully&#xD;
&#xD;
2019-12-06 16:57:10 - [TEST_CASE][PASSED] - Test Cases/AHI/_include/get_screenshot: Test Cases/AHI/_include/get_screenshot&#xD;
&#xD;
2019-12-06 16:57:10 - [TEST_STEP][PASSED] - takeScreenshot(screenPath + i + ".png"): Taking screenshot successfully&#xD;
&#xD;
2019-12-06 16:57:12 - [MESSAGE][PASSED] - Taking screenshot successfully&#xD;
[[ATTACHMENT|D:\\Test\\AgileTest\\AgileTest\\Reports\\AHI\\stm\\20191206_163435\\../Screenshots/iPhone 6/stm/National General/20191206_165700/1.png]]&#xD;
&#xD;
2019-12-06 16:57:12 - [TEST_STEP][PASSED] - (internal.GlobalVariable.i++): null&#xD;
&#xD;
2019-12-06 16:57:12 - [MESSAGE][PASSED] - Call Test Case 'Test Cases/AHI/_include/get_screenshot' successfully&#xD;
&#xD;
2019-12-06 16:57:12 - [TEST_STEP][PASSED] - setText(findTestObject("mobileSanity/STM/STM Census Page/input_Location_zip-input"), zipcode): Text '35215' is set on object 'Object Repository/mobileSanity/STM/STM Census Page/input_Location_zip-input'&#xD;
&#xD;
2019-12-06 16:57:12 - [MESSAGE][PASSED] - Text '35215' is set on object 'Object Repository/mobileSanity/STM/STM Census Page/input_Location_zip-input'&#xD;
&#xD;
2019-12-06 16:57:12 - [TEST_STEP][PASSED] - Thread.sleep(500): null&#xD;
&#xD;
2019-12-06 16:57:13 - [TEST_STEP][PASSED] - setText(findTestObject("mobileSanity/STM/STM Census Page/input_Date of Birth_dob-0"), "03031987"): Text '03031987' is set on object 'Object Repository/mobileSanity/STM/STM Census Page/input_Date of Birth_dob-0'&#xD;
&#xD;
2019-12-06 16:57:13 - [MESSAGE][PASSED] - Text '03031987' is set on object 'Object Repository/mobileSanity/STM/STM Census Page/input_Date of Birth_dob-0'&#xD;
&#xD;
2019-12-06 16:57:13 - [TEST_STEP][PASSED] - click(findTestObject("mobileSanity/STM/STM Census Page/label_Male")): Object: 'Object Repository/mobileSanity/STM/STM Census Page/label_Male' is clicked on&#xD;
&#xD;
2019-12-06 16:57:13 - [MESSAGE][PASSED] - Object: 'Object Repository/mobileSanity/STM/STM Census Page/label_Male' is clicked on&#xD;
&#xD;
2019-12-06 16:57:13 - [TEST_STEP][PASSED] - click(findTestObject("mobileSanity/STM/STM Census Page/label_Compare Plans")): Object: 'Object Repository/mobileSanity/STM/STM Census Page/label_Compare Plans' is clicked on&#xD;
&#xD;
2019-12-06 16:57:17 - [MESSAGE][PASSED] - Object: 'Object Repository/mobileSanity/STM/STM Census Page/label_Compare Plans' is clicked on&#xD;
&#xD;
2019-12-06 16:57:17 - [TEST_STEP][PASSED] - waitForElementVisible(findTestObject("mobileSanity/STM/STM Quote Page/button_sort"), 20): Object 'Object Repository/mobileSanity/STM/STM Quote Page/button_sort' is visible&#xD;
&#xD;
2019-12-06 16:57:18 - [MESSAGE][PASSED] - Object 'Object Repository/mobileSanity/STM/STM Quote Page/button_sort' is visible&#xD;
&#xD;
2019-12-06 16:57:18 - [TEST_STEP][PASSED] - Thread.sleep(3000): null&#xD;
&#xD;
2019-12-06 16:57:21 - [TEST_STEP][PASSED] - callTestCase(findTestCase("AHI/_include/check_quoteleadform"), [:], STOP_ON_FAILURE): Call Test Case 'Test Cases/AHI/_include/check_quoteleadform' successfully&#xD;
&#xD;
2019-12-06 16:57:21 - [TEST_CASE][PASSED] - Test Cases/AHI/_include/check_quoteleadform: Test Cases/AHI/_include/check_quoteleadform&#xD;
&#xD;
2019-12-06 16:57:21 - [TEST_STEP][PASSED] - callTestCase(findTestCase("AHI/_include/name"), [:], CONTINUE_ON_FAILURE): Call Test Case 'Test Cases/AHI/_include/name' successfully&#xD;
&#xD;
2019-12-06 16:57:21 - [TEST_CASE][PASSED] - Test Cases/AHI/_include/name: Test Cases/AHI/_include/name&#xD;
&#xD;
2019-12-06 16:57:21 - [TEST_STEP][PASSED] - driver = getWebDriver(): null&#xD;
&#xD;
2019-12-06 16:57:21 - [TEST_STEP][PASSED] - selenium = new com.thoughtworks.selenium.webdriven.WebDriverBackedSelenium(driver, internal.GlobalVariable.ENV): null&#xD;
&#xD;
2019-12-06 16:57:21 - [TEST_STEP][PASSED] - FirstName = "Test-123": null&#xD;
&#xD;
2019-12-06 16:57:21 - [TEST_STEP][PASSED] - LastName = selenium.getEval("{var x="ABCDEFGHIJKLMNOPQRSTUVWXYZabcdefghijklmnopqrstuvwxyz"; var tmp="ZZ11-"; for (i=0;i&lt;8;i++) tmp+=x.charAt(Math.ceil(51*Math.random()));tmp;}"): null&#xD;
&#xD;
2019-12-06 16:57:21 - [TEST_STEP][PASSED] - Address = selenium.getEval("{var x="ABCDEFGHIJKLMNOPQRSTUVWXYZabcdefghijklmnopqrstuvwxyz"; var tmp=""; for (i=0;i&lt;8;i++) tmp+=x.charAt(Math.ceil(51*Math.random()));tmp;}"): null&#xD;
&#xD;
2019-12-06 16:57:21 - [TEST_STEP][PASSED] - City = selenium.getEval("{var x="ABCDEFGHIJKLMNOPQRSTUVWXYZabcdefghijklmnopqrstuvwxyz"; var tmp=""; for (i=0;i&lt;8;i++) tmp+=x.charAt(Math.ceil(51*Math.random()));tmp;}"): null&#xD;
&#xD;
2019-12-06 16:57:21 - [TEST_STEP][PASSED] - tel1 = selenium.getEval("{var x="123456789"; var tmp=""; for (i=0;i&lt;3;i++) tmp+=x.charAt(Math.ceil(8*Math.random()));tmp;}"): null&#xD;
&#xD;
2019-12-06 16:57:21 - [TEST_STEP][PASSED] - tel2 = selenium.getEval("{var x="123456789"; var tmp=""; for (i=0;i&lt;3;i++) tmp+=x.charAt(Math.ceil(8*Math.random()));tmp;}"): null&#xD;
&#xD;
2019-12-06 16:57:21 - [TEST_STEP][PASSED] - tel3 = selenium.getEval("{var x="123456789"; var tmp=""; for (i=0;i&lt;4;i++) tmp+=x.charAt(Math.ceil(8*Math.random()));tmp;}"): null&#xD;
&#xD;
2019-12-06 16:57:21 - [TEST_STEP][PASSED] - Tel = selenium.getExpression(tel1 + "-" + tel2 + "-" + tel3): null&#xD;
&#xD;
2019-12-06 16:57:21 - [TEST_STEP][PASSED] - AutoEmail = selenium.getEval("{var x="ABCDEFGHIJKLMNOPQRSTUVWXYZabcdefghijklmnopqrstuvwxyz"; var tmp="test."; for (i=0;i&lt;8;i++) tmp+=x.charAt(Math.ceil(51*Math.random()));tmp+="@suryani.cn";}"): null&#xD;
&#xD;
2019-12-06 16:57:21 - [TEST_STEP][PASSED] - FirstName = FirstName: null&#xD;
&#xD;
2019-12-06 16:57:21 - [TEST_STEP][PASSED] - LastName = LastName: null&#xD;
&#xD;
2019-12-06 16:57:21 - [TEST_STEP][PASSED] - Address = Address: null&#xD;
&#xD;
2019-12-06 16:57:21 - [TEST_STEP][PASSED] - City = City: null&#xD;
&#xD;
2019-12-06 16:57:21 - [TEST_STEP][PASSED] - Tel = Tel: null&#xD;
&#xD;
2019-12-06 16:57:21 - [TEST_STEP][PASSED] - AutoEmail = AutoEmail: null&#xD;
&#xD;
2019-12-06 16:57:21 - [TEST_STEP][PASSED] - println(FirstName): null&#xD;
&#xD;
2019-12-06 16:57:21 - [TEST_STEP][PASSED] - println(LastName): null&#xD;
&#xD;
2019-12-06 16:57:21 - [TEST_STEP][PASSED] - println(Address): null&#xD;
&#xD;
2019-12-06 16:57:21 - [TEST_STEP][PASSED] - println(City): null&#xD;
&#xD;
2019-12-06 16:57:21 - [TEST_STEP][PASSED] - println(Tel): null&#xD;
&#xD;
2019-12-06 16:57:21 - [TEST_STEP][PASSED] - println(AutoEmail): null&#xD;
&#xD;
2019-12-06 16:57:21 - [MESSAGE][PASSED] - Call Test Case 'Test Cases/AHI/_include/name' successfully&#xD;
&#xD;
2019-12-06 16:57:21 - [TEST_STEP][PASSED] - leadform_exist = test.MobileKeywords.isElementPresent_Web(findTestObject("mobileSanity/quote lead form/lead_form"), 20): test.MobileKeywords.isElementPresent_Web is PASSED&#xD;
&#xD;
2019-12-06 16:57:42 - [MESSAGE][INFO] - Unable to find the element located by 'By.xpath: //*[@id = 'lightboxLeadForm']'. Please recheck the objects properties to make sure the desired element is located. &#xD;
&#xD;
2019-12-06 16:57:42 - [MESSAGE][PASSED] - test.MobileKeywords.isElementPresent_Web is PASSED&#xD;
&#xD;
2019-12-06 16:57:42 - [TEST_STEP][PASSED] - if (leadform_exist): null&#xD;
&#xD;
2019-12-06 16:57:42 - [MESSAGE][PASSED] - Call Test Case 'Test Cases/AHI/_include/check_quoteleadform' successfully&#xD;
&#xD;
2019-12-06 16:57:42 - [TEST_STEP][PASSED] - callTestCase(findTestCase("AHI/_include/get_screenshot"), [:], STOP_ON_FAILURE): Call Test Case 'Test Cases/AHI/_include/get_screenshot' successfully&#xD;
&#xD;
2019-12-06 16:57:42 - [TEST_CASE][PASSED] - Test Cases/AHI/_include/get_screenshot: Test Cases/AHI/_include/get_screenshot&#xD;
&#xD;
2019-12-06 16:57:42 - [TEST_STEP][PASSED] - takeScreenshot(screenPath + i + ".png"): Taking screenshot successfully&#xD;
&#xD;
2019-12-06 16:57:42 - [MESSAGE][PASSED] - Taking screenshot successfully&#xD;
[[ATTACHMENT|D:\\Test\\AgileTest\\AgileTest\\Reports\\AHI\\stm\\20191206_163435\\../Screenshots/iPhone 6/stm/National General/20191206_165700/2.png]]&#xD;
&#xD;
2019-12-06 16:57:42 - [TEST_STEP][PASSED] - (internal.GlobalVariable.i++): null&#xD;
&#xD;
2019-12-06 16:57:42 - [MESSAGE][PASSED] - Call Test Case 'Test Cases/AHI/_include/get_screenshot' successfully&#xD;
&#xD;
2019-12-06 16:57:42 - [TEST_STEP][PASSED] - Thread.sleep(1000): null&#xD;
&#xD;
2019-12-06 16:57:43 - [MESSAGE][PASSED] - Call Test Case 'Test Cases/AHI/_include/census_stm' successfully&#xD;
&#xD;
2019-12-06 16:57:43 - [TEST_STEP][PASSED] - callTestCase(findTestCase("AHI/_include/filter_stm"), ["carrier":"nationalgeneral"], STOP_ON_FAILURE): Call Test Case 'Test Cases/AHI/_include/filter_stm' successfully&#xD;
&#xD;
2019-12-06 16:57:44 - [TEST_CASE][PASSED] - Test Cases/AHI/_include/filter_stm: Test Cases/AHI/_include/filter_stm&#xD;
&#xD;
2019-12-06 16:57:44 - [TEST_STEP][PASSED] - driver = getWebDriver(): null&#xD;
&#xD;
2019-12-06 16:57:44 - [TEST_STEP][PASSED] - selenium = new com.thoughtworks.selenium.webdriven.WebDriverBackedSelenium(driver, internal.GlobalVariable.ENV): null&#xD;
&#xD;
2019-12-06 16:57:44 - [TEST_STEP][PASSED] - Thread.sleep(1000): null&#xD;
&#xD;
2019-12-06 16:57:45 - [TEST_STEP][PASSED] - click(findTestObject("mobileSanity/STM/STM Quote Page/button_filters")): Object: 'Object Repository/mobileSanity/STM/STM Quote Page/button_filters' is clicked on&#xD;
&#xD;
2019-12-06 16:57:45 - [MESSAGE][PASSED] - Object: 'Object Repository/mobileSanity/STM/STM Quote Page/button_filters' is clicked on&#xD;
&#xD;
2019-12-06 16:57:45 - [TEST_STEP][PASSED] - Thread.sleep(1000): null&#xD;
&#xD;
2019-12-06 16:57:46 - [TEST_STEP][PASSED] - click(findTestObject("mobileSanity/STM/STM Quote Page/i_Insurance company")): Object: 'Object Repository/mobileSanity/STM/STM Quote Page/i_Insurance company' is clicked on&#xD;
&#xD;
2019-12-06 16:57:47 - [MESSAGE][PASSED] - Object: 'Object Repository/mobileSanity/STM/STM Quote Page/i_Insurance company' is clicked on&#xD;
&#xD;
2019-12-06 16:57:47 - [TEST_STEP][PASSED] - Thread.sleep(1000): null&#xD;
&#xD;
2019-12-06 16:57:48 - [TEST_STEP][PASSED] - filter_carrier = "//input[@name='filter[carrier]' and @value='" + carrier + "']/following::label": null&#xD;
&#xD;
2019-12-06 16:57:48 - [TEST_STEP][PASSED] - println(filter_carrier): null&#xD;
&#xD;
2019-12-06 16:57:48 - [TEST_STEP][PASSED] - test.MobileKeywords.clickJS_ByXpath(filter_carrier): test.MobileKeywords.clickJS_ByXpath is PASSED&#xD;
&#xD;
2019-12-06 16:57:49 - [MESSAGE][PASSED] - Execute JavaScript 'arguments[0].click()' successfully&#xD;
&#xD;
2019-12-06 16:57:49 - [MESSAGE][PASSED] - test.MobileKeywords.clickJS_ByXpath is PASSED&#xD;
&#xD;
2019-12-06 16:57:49 - [TEST_STEP][PASSED] - click(findTestObject("mobileSanity/STM/STM Quote Page/js-close c-link-button")): Object: 'Object Repository/mobileSanity/STM/STM Quote Page/js-close c-link-button' is clicked on&#xD;
&#xD;
2019-12-06 16:57:50 - [MESSAGE][PASSED] - Object: 'Object Repository/mobileSanity/STM/STM Quote Page/js-close c-link-button' is clicked on&#xD;
&#xD;
2019-12-06 16:57:50 - [TEST_STEP][PASSED] - Thread.sleep(2000): null&#xD;
&#xD;
2019-12-06 16:57:52 - [TEST_STEP][PASSED] - callTestCase(findTestCase("AHI/_include/get_screenshot"), [:], STOP_ON_FAILURE): Call Test Case 'Test Cases/AHI/_include/get_screenshot' successfully&#xD;
&#xD;
2019-12-06 16:57:52 - [TEST_CASE][PASSED] - Test Cases/AHI/_include/get_screenshot: Test Cases/AHI/_include/get_screenshot&#xD;
&#xD;
2019-12-06 16:57:52 - [TEST_STEP][PASSED] - takeScreenshot(screenPath + i + ".png"): Taking screenshot successfully&#xD;
&#xD;
2019-12-06 16:57:53 - [MESSAGE][PASSED] - Taking screenshot successfully&#xD;
[[ATTACHMENT|D:\\Test\\AgileTest\\AgileTest\\Reports\\AHI\\stm\\20191206_163435\\../Screenshots/iPhone 6/stm/National General/20191206_165700/3.png]]&#xD;
&#xD;
2019-12-06 16:57:53 - [TEST_STEP][PASSED] - (internal.GlobalVariable.i++): null&#xD;
&#xD;
2019-12-06 16:57:53 - [MESSAGE][PASSED] - Call Test Case 'Test Cases/AHI/_include/get_screenshot' successfully&#xD;
&#xD;
2019-12-06 16:57:53 - [MESSAGE][PASSED] - Call Test Case 'Test Cases/AHI/_include/filter_stm' successfully&#xD;
&#xD;
2019-12-06 16:57:53 - [TEST_STEP][PASSED] - callTestCase(findTestCase("AHI/_include/goToDetail_stm"), ["carrier":"nationalgeneral"], STOP_ON_FAILURE): Call Test Case 'Test Cases/AHI/_include/goToDetail_stm' successfully&#xD;
&#xD;
2019-12-06 16:57:53 - [TEST_CASE][PASSED] - Test Cases/AHI/_include/goToDetail_stm: Test Cases/AHI/_include/goToDetail_stm&#xD;
&#xD;
2019-12-06 16:57:53 - [TEST_STEP][PASSED] - driver = getWebDriver(): null&#xD;
&#xD;
2019-12-06 16:57:53 - [TEST_STEP][PASSED] - selenium = new com.thoughtworks.selenium.webdriven.WebDriverBackedSelenium(driver, internal.GlobalVariable.ENV): null&#xD;
&#xD;
2019-12-06 16:57:53 - [TEST_STEP][PASSED] - a_plan_name = "xpath=//a[contains(@href,'/term-health-insurance/plan/" + carrier + "')]": null&#xD;
&#xD;
2019-12-06 16:57:53 - [TEST_STEP][PASSED] - println(a_plan_name): null&#xD;
&#xD;
2019-12-06 16:57:53 - [TEST_STEP][PASSED] - selenium.click(a_plan_name): null&#xD;
&#xD;
2019-12-06 16:57:57 - [TEST_STEP][PASSED] - waitForPageLoad(20): Wait for page load successfully&#xD;
&#xD;
2019-12-06 16:57:57 - [MESSAGE][PASSED] - Wait for page load successfully&#xD;
&#xD;
2019-12-06 16:57:57 - [TEST_STEP][PASSED] - Thread.sleep(2000): null&#xD;
&#xD;
2019-12-06 16:57:59 - [TEST_STEP][PASSED] - callTestCase(findTestCase("AHI/_include/get_screenshot"), [:], STOP_ON_FAILURE): Call Test Case 'Test Cases/AHI/_include/get_screenshot' successfully&#xD;
&#xD;
2019-12-06 16:57:59 - [TEST_CASE][PASSED] - Test Cases/AHI/_include/get_screenshot: Test Cases/AHI/_include/get_screenshot&#xD;
&#xD;
2019-12-06 16:57:59 - [TEST_STEP][PASSED] - takeScreenshot(screenPath + i + ".png"): Taking screenshot successfully&#xD;
&#xD;
2019-12-06 16:58:00 - [MESSAGE][PASSED] - Taking screenshot successfully&#xD;
[[ATTACHMENT|D:\\Test\\AgileTest\\AgileTest\\Reports\\AHI\\stm\\20191206_163435\\../Screenshots/iPhone 6/stm/National General/20191206_165700/4.png]]&#xD;
&#xD;
2019-12-06 16:58:00 - [TEST_STEP][PASSED] - (internal.GlobalVariable.i++): null&#xD;
&#xD;
2019-12-06 16:58:00 - [MESSAGE][PASSED] - Call Test Case 'Test Cases/AHI/_include/get_screenshot' successfully&#xD;
&#xD;
2019-12-06 16:58:00 - [MESSAGE][PASSED] - Call Test Case 'Test Cases/AHI/_include/goToDetail_stm' successfully&#xD;
&#xD;
2019-12-06 16:58:00 - [TEST_STEP][PASSED] - callTestCase(findTestCase("AHI/_include/apply_stm"), [:], STOP_ON_FAILURE): Call Test Case 'Test Cases/AHI/_include/apply_stm' successfully&#xD;
&#xD;
2019-12-06 16:58:00 - [TEST_CASE][PASSED] - Test Cases/AHI/_include/apply_stm: Test Cases/AHI/_include/apply_stm&#xD;
&#xD;
2019-12-06 16:58:00 - [TEST_STEP][PASSED] - waitForElementVisible(findTestObject("mobileSanity/STM/STM PlanDetail Page/a_Apply for This Plan"), 5): Object 'Object Repository/mobileSanity/STM/STM PlanDetail Page/a_Apply for This Plan' is visible&#xD;
&#xD;
2019-12-06 16:58:00 - [MESSAGE][PASSED] - Object 'Object Repository/mobileSanity/STM/STM PlanDetail Page/a_Apply for This Plan' is visible&#xD;
&#xD;
2019-12-06 16:58:00 - [TEST_STEP][PASSED] - click(findTestObject("mobileSanity/STM/STM PlanDetail Page/a_Apply for This Plan")): Object: 'Object Repository/mobileSanity/STM/STM PlanDetail Page/a_Apply for This Plan' is clicked on&#xD;
&#xD;
2019-12-06 16:58:02 - [MESSAGE][PASSED] - Object: 'Object Repository/mobileSanity/STM/STM PlanDetail Page/a_Apply for This Plan' is clicked on&#xD;
&#xD;
2019-12-06 16:58:02 - [TEST_STEP][PASSED] - waitForPageLoad(10): Wait for page load successfully&#xD;
&#xD;
2019-12-06 16:58:02 - [MESSAGE][PASSED] - Wait for page load successfully&#xD;
&#xD;
2019-12-06 16:58:02 - [TEST_STEP][PASSED] - Thread.sleep(2000): null&#xD;
&#xD;
2019-12-06 16:58:04 - [TEST_STEP][PASSED] - callTestCase(findTestCase("AHI/_include/get_screenshot"), [:], STOP_ON_FAILURE): Call Test Case 'Test Cases/AHI/_include/get_screenshot' successfully&#xD;
&#xD;
2019-12-06 16:58:04 - [TEST_CASE][PASSED] - Test Cases/AHI/_include/get_screenshot: Test Cases/AHI/_include/get_screenshot&#xD;
&#xD;
2019-12-06 16:58:04 - [TEST_STEP][PASSED] - takeScreenshot(screenPath + i + ".png"): Taking screenshot successfully&#xD;
&#xD;
2019-12-06 16:58:05 - [MESSAGE][PASSED] - Taking screenshot successfully&#xD;
[[ATTACHMENT|D:\\Test\\AgileTest\\AgileTest\\Reports\\AHI\\stm\\20191206_163435\\../Screenshots/iPhone 6/stm/National General/20191206_165700/5.png]]&#xD;
&#xD;
2019-12-06 16:58:05 - [TEST_STEP][PASSED] - (internal.GlobalVariable.i++): null&#xD;
&#xD;
2019-12-06 16:58:05 - [MESSAGE][PASSED] - Call Test Case 'Test Cases/AHI/_include/get_screenshot' successfully&#xD;
&#xD;
2019-12-06 16:58:05 - [TEST_STEP][PASSED] - waitForElementVisible(findTestObject("mobileSanity/STM/STM Apply Page/a_Start Secure Application"), 5): Object 'Object Repository/mobileSanity/STM/STM Apply Page/a_Start Secure Application' is visible&#xD;
&#xD;
2019-12-06 16:58:05 - [MESSAGE][PASSED] - Object 'Object Repository/mobileSanity/STM/STM Apply Page/a_Start Secure Application' is visible&#xD;
&#xD;
2019-12-06 16:58:05 - [TEST_STEP][PASSED] - click(findTestObject("mobileSanity/STM/STM Apply Page/a_Start Secure Application")): Object: 'Object Repository/mobileSanity/STM/STM Apply Page/a_Start Secure Application' is clicked on&#xD;
&#xD;
2019-12-06 16:58:07 - [MESSAGE][PASSED] - Object: 'Object Repository/mobileSanity/STM/STM Apply Page/a_Start Secure Application' is clicked on&#xD;
&#xD;
2019-12-06 16:58:07 - [TEST_STEP][PASSED] - waitForPageLoad(20): Wait for page load successfully&#xD;
&#xD;
2019-12-06 16:58:08 - [MESSAGE][PASSED] - Wait for page load successfully&#xD;
&#xD;
2019-12-06 16:58:08 - [TEST_STEP][PASSED] - Thread.sleep(2000): null&#xD;
&#xD;
2019-12-06 16:58:10 - [TEST_STEP][PASSED] - callTestCase(findTestCase("AHI/_include/get_screenshot"), [:], STOP_ON_FAILURE): Call Test Case 'Test Cases/AHI/_include/get_screenshot' successfully&#xD;
&#xD;
2019-12-06 16:58:10 - [TEST_CASE][PASSED] - Test Cases/AHI/_include/get_screenshot: Test Cases/AHI/_include/get_screenshot&#xD;
&#xD;
2019-12-06 16:58:10 - [TEST_STEP][PASSED] - takeScreenshot(screenPath + i + ".png"): Taking screenshot successfully&#xD;
&#xD;
2019-12-06 16:58:10 - [MESSAGE][PASSED] - Taking screenshot successfully&#xD;
[[ATTACHMENT|D:\\Test\\AgileTest\\AgileTest\\Reports\\AHI\\stm\\20191206_163435\\../Screenshots/iPhone 6/stm/National General/20191206_165700/6.png]]&#xD;
&#xD;
2019-12-06 16:58:10 - [TEST_STEP][PASSED] - (internal.GlobalVariable.i++): null&#xD;
&#xD;
2019-12-06 16:58:10 - [MESSAGE][PASSED] - Call Test Case 'Test Cases/AHI/_include/get_screenshot' successfully&#xD;
&#xD;
2019-12-06 16:58:10 - [MESSAGE][PASSED] - Call Test Case 'Test Cases/AHI/_include/apply_stm' successfully&#xD;
&#xD;
2019-12-06 16:58:10 - [TEST_STEP][PASSED] - callTestCase(findTestCase("AHI/_include/goToEnd_stm_autofill"), [:], STOP_ON_FAILURE): Call Test Case 'Test Cases/AHI/_include/goToEnd_stm_autofill' successfully&#xD;
&#xD;
2019-12-06 16:58:10 - [TEST_CASE][PASSED] - Test Cases/AHI/_include/goToEnd_stm_autofill: Test Cases/AHI/_include/goToEnd_stm_autofill&#xD;
&#xD;
2019-12-06 16:58:10 - [TEST_STEP][PASSED] - callTestCase(findTestCase("AHI/_include/name"), [:], CONTINUE_ON_FAILURE): Call Test Case 'Test Cases/AHI/_include/name' successfully&#xD;
&#xD;
2019-12-06 16:58:10 - [TEST_CASE][PASSED] - Test Cases/AHI/_include/name: Test Cases/AHI/_include/name&#xD;
&#xD;
2019-12-06 16:58:10 - [TEST_STEP][PASSED] - driver = getWebDriver(): null&#xD;
&#xD;
2019-12-06 16:58:10 - [TEST_STEP][PASSED] - selenium = new com.thoughtworks.selenium.webdriven.WebDriverBackedSelenium(driver, internal.GlobalVariable.ENV): null&#xD;
&#xD;
2019-12-06 16:58:10 - [TEST_STEP][PASSED] - FirstName = "Test-123": null&#xD;
&#xD;
2019-12-06 16:58:10 - [TEST_STEP][PASSED] - LastName = selenium.getEval("{var x="ABCDEFGHIJKLMNOPQRSTUVWXYZabcdefghijklmnopqrstuvwxyz"; var tmp="ZZ11-"; for (i=0;i&lt;8;i++) tmp+=x.charAt(Math.ceil(51*Math.random()));tmp;}"): null&#xD;
&#xD;
2019-12-06 16:58:10 - [TEST_STEP][PASSED] - Address = selenium.getEval("{var x="ABCDEFGHIJKLMNOPQRSTUVWXYZabcdefghijklmnopqrstuvwxyz"; var tmp=""; for (i=0;i&lt;8;i++) tmp+=x.charAt(Math.ceil(51*Math.random()));tmp;}"): null&#xD;
&#xD;
2019-12-06 16:58:10 - [TEST_STEP][PASSED] - City = selenium.getEval("{var x="ABCDEFGHIJKLMNOPQRSTUVWXYZabcdefghijklmnopqrstuvwxyz"; var tmp=""; for (i=0;i&lt;8;i++) tmp+=x.charAt(Math.ceil(51*Math.random()));tmp;}"): null&#xD;
&#xD;
2019-12-06 16:58:10 - [TEST_STEP][PASSED] - tel1 = selenium.getEval("{var x="123456789"; var tmp=""; for (i=0;i&lt;3;i++) tmp+=x.charAt(Math.ceil(8*Math.random()));tmp;}"): null&#xD;
&#xD;
2019-12-06 16:58:10 - [TEST_STEP][PASSED] - tel2 = selenium.getEval("{var x="123456789"; var tmp=""; for (i=0;i&lt;3;i++) tmp+=x.charAt(Math.ceil(8*Math.random()));tmp;}"): null&#xD;
&#xD;
2019-12-06 16:58:10 - [TEST_STEP][PASSED] - tel3 = selenium.getEval("{var x="123456789"; var tmp=""; for (i=0;i&lt;4;i++) tmp+=x.charAt(Math.ceil(8*Math.random()));tmp;}"): null&#xD;
&#xD;
2019-12-06 16:58:10 - [TEST_STEP][PASSED] - Tel = selenium.getExpression(tel1 + "-" + tel2 + "-" + tel3): null&#xD;
&#xD;
2019-12-06 16:58:10 - [TEST_STEP][PASSED] - AutoEmail = selenium.getEval("{var x="ABCDEFGHIJKLMNOPQRSTUVWXYZabcdefghijklmnopqrstuvwxyz"; var tmp="test."; for (i=0;i&lt;8;i++) tmp+=x.charAt(Math.ceil(51*Math.random()));tmp+="@suryani.cn";}"): null&#xD;
&#xD;
2019-12-06 16:58:10 - [TEST_STEP][PASSED] - FirstName = FirstName: null&#xD;
&#xD;
2019-12-06 16:58:10 - [TEST_STEP][PASSED] - LastName = LastName: null&#xD;
&#xD;
2019-12-06 16:58:11 - [TEST_STEP][PASSED] - Address = Address: null&#xD;
&#xD;
2019-12-06 16:58:11 - [TEST_STEP][PASSED] - City = City: null&#xD;
&#xD;
2019-12-06 16:58:11 - [TEST_STEP][PASSED] - Tel = Tel: null&#xD;
&#xD;
2019-12-06 16:58:11 - [TEST_STEP][PASSED] - AutoEmail = AutoEmail: null&#xD;
&#xD;
2019-12-06 16:58:11 - [TEST_STEP][PASSED] - println(FirstName): null&#xD;
&#xD;
2019-12-06 16:58:11 - [TEST_STEP][PASSED] - println(LastName): null&#xD;
&#xD;
2019-12-06 16:58:11 - [TEST_STEP][PASSED] - println(Address): null&#xD;
&#xD;
2019-12-06 16:58:11 - [TEST_STEP][PASSED] - println(City): null&#xD;
&#xD;
2019-12-06 16:58:11 - [TEST_STEP][PASSED] - println(Tel): null&#xD;
&#xD;
2019-12-06 16:58:11 - [TEST_STEP][PASSED] - println(AutoEmail): null&#xD;
&#xD;
2019-12-06 16:58:11 - [MESSAGE][PASSED] - Call Test Case 'Test Cases/AHI/_include/name' successfully&#xD;
&#xD;
2019-12-06 16:58:11 - [TEST_STEP][PASSED] - try: Call Test Case 'Test Cases/AHI/_include/get_screenshot' successfully&#xD;
&#xD;
2019-12-06 16:58:11 - [TEST_STEP][PASSED] - if (verifyTextPresent("Month Duration Acknowledgement", false)): Call Test Case 'Test Cases/AHI/_include/get_screenshot' successfully&#xD;
&#xD;
2019-12-06 16:58:11 - [MESSAGE][PASSED] - Text 'Month Duration Acknowledgement' is present on page &#xD;
&#xD;
2019-12-06 16:58:11 - [TEST_STEP][PASSED] - click(findTestObject("mobileSanity/STM/Page_App Page 1/label_By checking this box I u")): Object: 'Object Repository/mobileSanity/STM/Page_App Page 1/label_By checking this box I u' is clicked on&#xD;
&#xD;
2019-12-06 16:58:11 - [MESSAGE][PASSED] - Object: 'Object Repository/mobileSanity/STM/Page_App Page 1/label_By checking this box I u' is clicked on&#xD;
&#xD;
2019-12-06 16:58:11 - [TEST_STEP][PASSED] - click(findTestObject("mobileSanity/STM/Page_App Page 1/button_Continue to Application")): Object: 'Object Repository/mobileSanity/STM/Page_App Page 1/button_Continue to Application' is clicked on&#xD;
&#xD;
2019-12-06 16:58:12 - [MESSAGE][PASSED] - Object: 'Object Repository/mobileSanity/STM/Page_App Page 1/button_Continue to Application' is clicked on&#xD;
&#xD;
2019-12-06 16:58:12 - [TEST_STEP][PASSED] - waitForPageLoad(20): Wait for page load successfully&#xD;
&#xD;
2019-12-06 16:58:12 - [MESSAGE][PASSED] - Wait for page load successfully&#xD;
&#xD;
2019-12-06 16:58:12 - [TEST_STEP][PASSED] - Thread.sleep(5000): null&#xD;
&#xD;
2019-12-06 16:58:17 - [TEST_STEP][PASSED] - callTestCase(findTestCase("AHI/_include/get_screenshot"), [:], STOP_ON_FAILURE): Call Test Case 'Test Cases/AHI/_include/get_screenshot' successfully&#xD;
&#xD;
2019-12-06 16:58:17 - [TEST_CASE][PASSED] - Test Cases/AHI/_include/get_screenshot: Test Cases/AHI/_include/get_screenshot&#xD;
&#xD;
2019-12-06 16:58:17 - [TEST_STEP][PASSED] - takeScreenshot(screenPath + i + ".png"): Taking screenshot successfully&#xD;
&#xD;
2019-12-06 16:58:18 - [MESSAGE][PASSED] - Taking screenshot successfully&#xD;
[[ATTACHMENT|D:\\Test\\AgileTest\\AgileTest\\Reports\\AHI\\stm\\20191206_163435\\../Screenshots/iPhone 6/stm/National General/20191206_165700/7.png]]&#xD;
&#xD;
2019-12-06 16:58:18 - [TEST_STEP][PASSED] - (internal.GlobalVariable.i++): null&#xD;
&#xD;
2019-12-06 16:58:18 - [MESSAGE][PASSED] - Call Test Case 'Test Cases/AHI/_include/get_screenshot' successfully&#xD;
&#xD;
2019-12-06 16:58:18 - [TEST_STEP][PASSED] - waitForPageLoad(10): Wait for page load successfully&#xD;
&#xD;
2019-12-06 16:58:18 - [MESSAGE][PASSED] - Wait for page load successfully&#xD;
&#xD;
2019-12-06 16:58:18 - [TEST_STEP][PASSED] - Thread.sleep(3000): null&#xD;
&#xD;
2019-12-06 16:58:21 - [TEST_STEP][PASSED] - waitForElementVisible(findTestObject("mobileSanity/STM/Page_App Page 1/a_Autofill App Info"), 20): Object 'Object Repository/mobileSanity/STM/Page_App Page 1/a_Autofill App Info' is visible&#xD;
&#xD;
2019-12-06 16:58:21 - [MESSAGE][PASSED] - Object 'Object Repository/mobileSanity/STM/Page_App Page 1/a_Autofill App Info' is visible&#xD;
&#xD;
2019-12-06 16:58:21 - [TEST_STEP][PASSED] - click(findTestObject("mobileSanity/STM/Page_App Page 1/a_Autofill App Info")): Object: 'Object Repository/mobileSanity/STM/Page_App Page 1/a_Autofill App Info' is clicked on&#xD;
&#xD;
2019-12-06 16:58:21 - [MESSAGE][PASSED] - Object: 'Object Repository/mobileSanity/STM/Page_App Page 1/a_Autofill App Info' is clicked on&#xD;
&#xD;
2019-12-06 16:58:21 - [TEST_STEP][PASSED] - Thread.sleep(1000): null&#xD;
&#xD;
2019-12-06 16:58:22 - [TEST_STEP][PASSED] - click(findTestObject("mobileSanity/STM/Page_App Page 1/a_Autofill App Info")): Object: 'Object Repository/mobileSanity/STM/Page_App Page 1/a_Autofill App Info' is clicked on&#xD;
&#xD;
2019-12-06 16:58:22 - [MESSAGE][PASSED] - Object: 'Object Repository/mobileSanity/STM/Page_App Page 1/a_Autofill App Info' is clicked on&#xD;
&#xD;
2019-12-06 16:58:22 - [TEST_STEP][PASSED] - Thread.sleep(1000): null&#xD;
&#xD;
2019-12-06 16:58:23 - [TEST_STEP][PASSED] - waitForElementVisible(findTestObject("mobileSanity/STM/Page_App Page 1/a_Continue"), 20): Object 'Object Repository/mobileSanity/STM/Page_App Page 1/a_Continue' is visible&#xD;
&#xD;
2019-12-06 16:58:24 - [MESSAGE][PASSED] - Object 'Object Repository/mobileSanity/STM/Page_App Page 1/a_Continue' is visible&#xD;
&#xD;
2019-12-06 16:58:24 - [TEST_STEP][PASSED] - click(findTestObject("mobileSanity/STM/Page_App Page 1/a_Continue")): Object: 'Object Repository/mobileSanity/STM/Page_App Page 1/a_Continue' is clicked on&#xD;
&#xD;
2019-12-06 16:58:24 - [MESSAGE][PASSED] - Object: 'Object Repository/mobileSanity/STM/Page_App Page 1/a_Continue' is clicked on&#xD;
&#xD;
2019-12-06 16:58:24 - [TEST_STEP][PASSED] - waitForPageLoad(20): Wait for page load successfully&#xD;
&#xD;
2019-12-06 16:58:24 - [MESSAGE][PASSED] - Wait for page load successfully&#xD;
&#xD;
2019-12-06 16:58:24 - [TEST_STEP][PASSED] - Thread.sleep(5000): null&#xD;
&#xD;
2019-12-06 16:58:29 - [TEST_STEP][PASSED] - callTestCase(findTestCase("AHI/_include/get_screenshot"), [:], STOP_ON_FAILURE): Call Test Case 'Test Cases/AHI/_include/get_screenshot' successfully&#xD;
&#xD;
2019-12-06 16:58:29 - [TEST_CASE][PASSED] - Test Cases/AHI/_include/get_screenshot: Test Cases/AHI/_include/get_screenshot&#xD;
&#xD;
2019-12-06 16:58:29 - [TEST_STEP][PASSED] - takeScreenshot(screenPath + i + ".png"): Taking screenshot successfully&#xD;
&#xD;
2019-12-06 16:58:30 - [MESSAGE][PASSED] - Taking screenshot successfully&#xD;
[[ATTACHMENT|D:\\Test\\AgileTest\\AgileTest\\Reports\\AHI\\stm\\20191206_163435\\../Screenshots/iPhone 6/stm/National General/20191206_165700/8.png]]&#xD;
&#xD;
2019-12-06 16:58:30 - [TEST_STEP][PASSED] - (internal.GlobalVariable.i++): null&#xD;
&#xD;
2019-12-06 16:58:30 - [MESSAGE][PASSED] - Call Test Case 'Test Cases/AHI/_include/get_screenshot' successfully&#xD;
&#xD;
2019-12-06 16:58:30 - [TEST_STEP][PASSED] - click(findTestObject("mobileSanity/STM/Page_App Page 2/a_Continue to Step 3 - Payment")): Object: 'Object Repository/mobileSanity/STM/Page_App Page 2/a_Continue to Step 3 - Payment' is clicked on&#xD;
&#xD;
2019-12-06 16:58:30 - [MESSAGE][PASSED] - Object: 'Object Repository/mobileSanity/STM/Page_App Page 2/a_Continue to Step 3 - Payment' is clicked on&#xD;
&#xD;
2019-12-06 16:58:30 - [TEST_STEP][PASSED] - waitForPageLoad(20): Wait for page load successfully&#xD;
&#xD;
2019-12-06 16:58:30 - [MESSAGE][PASSED] - Wait for page load successfully&#xD;
&#xD;
2019-12-06 16:58:30 - [TEST_STEP][PASSED] - waitForElementVisible(findTestObject("mobileSanity/STM/Page_App Page 3/input__credit-card-cvv"), 20): Object 'Object Repository/mobileSanity/STM/Page_App Page 3/input__credit-card-cvv' is visible&#xD;
&#xD;
2019-12-06 16:58:31 - [MESSAGE][PASSED] - Object 'Object Repository/mobileSanity/STM/Page_App Page 3/input__credit-card-cvv' is visible&#xD;
&#xD;
2019-12-06 16:58:31 - [TEST_STEP][PASSED] - Thread.sleep(2000): null&#xD;
&#xD;
2019-12-06 16:58:33 - [TEST_STEP][PASSED] - callTestCase(findTestCase("AHI/_include/get_screenshot"), [:], STOP_ON_FAILURE): Call Test Case 'Test Cases/AHI/_include/get_screenshot' successfully&#xD;
&#xD;
2019-12-06 16:58:33 - [TEST_CASE][PASSED] - Test Cases/AHI/_include/get_screenshot: Test Cases/AHI/_include/get_screenshot&#xD;
&#xD;
2019-12-06 16:58:33 - [TEST_STEP][PASSED] - takeScreenshot(screenPath + i + ".png"): Taking screenshot successfully&#xD;
&#xD;
2019-12-06 16:58:34 - [MESSAGE][PASSED] - Taking screenshot successfully&#xD;
[[ATTACHMENT|D:\\Test\\AgileTest\\AgileTest\\Reports\\AHI\\stm\\20191206_163435\\../Screenshots/iPhone 6/stm/National General/20191206_165700/9.png]]&#xD;
&#xD;
2019-12-06 16:58:34 - [TEST_STEP][PASSED] - (internal.GlobalVariable.i++): null&#xD;
&#xD;
2019-12-06 16:58:34 - [MESSAGE][PASSED] - Call Test Case 'Test Cases/AHI/_include/get_screenshot' successfully&#xD;
&#xD;
2019-12-06 16:58:34 - [TEST_STEP][PASSED] - clearText(findTestObject("mobileSanity/STM/Page_App Page 3/input__credit-card-cvv")): Text of object 'Object Repository/mobileSanity/STM/Page_App Page 3/input__credit-card-cvv' is cleared&#xD;
&#xD;
2019-12-06 16:58:34 - [MESSAGE][PASSED] - Text of object 'Object Repository/mobileSanity/STM/Page_App Page 3/input__credit-card-cvv' is cleared&#xD;
&#xD;
2019-12-06 16:58:34 - [TEST_STEP][PASSED] - setText(findTestObject("mobileSanity/STM/Page_App Page 3/input__credit-card-cvv"), "123"): Text '123' is set on object 'Object Repository/mobileSanity/STM/Page_App Page 3/input__credit-card-cvv'&#xD;
&#xD;
2019-12-06 16:58:34 - [MESSAGE][PASSED] - Text '123' is set on object 'Object Repository/mobileSanity/STM/Page_App Page 3/input__credit-card-cvv'&#xD;
&#xD;
2019-12-06 16:58:34 - [TEST_STEP][PASSED] - click(findTestObject("mobileSanity/STM/Page_App Page 3/label_I Accept Authorization f")): Object: 'Object Repository/mobileSanity/STM/Page_App Page 3/label_I Accept Authorization f' is clicked on&#xD;
&#xD;
2019-12-06 16:58:34 - [MESSAGE][PASSED] - Object: 'Object Repository/mobileSanity/STM/Page_App Page 3/label_I Accept Authorization f' is clicked on&#xD;
&#xD;
2019-12-06 16:58:34 - [TEST_STEP][PASSED] - click(findTestObject("mobileSanity/STM/Page_App Page 3/a_Continue to Step 4 - Review")): Object: 'Object Repository/mobileSanity/STM/Page_App Page 3/a_Continue to Step 4 - Review' is clicked on&#xD;
&#xD;
2019-12-06 16:58:34 - [MESSAGE][PASSED] - Object: 'Object Repository/mobileSanity/STM/Page_App Page 3/a_Continue to Step 4 - Review' is clicked on&#xD;
&#xD;
2019-12-06 16:58:34 - [TEST_STEP][PASSED] - waitForPageLoad(10): Wait for page load successfully&#xD;
&#xD;
2019-12-06 16:58:34 - [MESSAGE][PASSED] - Wait for page load successfully&#xD;
&#xD;
2019-12-06 16:58:34 - [TEST_STEP][PASSED] - waitForElementClickable(findTestObject("mobileSanity/STM/Page_App Page 4/label"), 10): Object 'Object Repository/mobileSanity/STM/Page_App Page 4/label' is clickable&#xD;
&#xD;
2019-12-06 16:58:36 - [MESSAGE][PASSED] - Object 'Object Repository/mobileSanity/STM/Page_App Page 4/label' is clickable&#xD;
&#xD;
2019-12-06 16:58:36 - [TEST_STEP][PASSED] - Thread.sleep(2000): null&#xD;
&#xD;
2019-12-06 16:58:38 - [TEST_STEP][PASSED] - callTestCase(findTestCase("AHI/_include/get_screenshot"), [:], STOP_ON_FAILURE): Call Test Case 'Test Cases/AHI/_include/get_screenshot' successfully&#xD;
&#xD;
2019-12-06 16:58:39 - [TEST_CASE][PASSED] - Test Cases/AHI/_include/get_screenshot: Test Cases/AHI/_include/get_screenshot&#xD;
&#xD;
2019-12-06 16:58:39 - [TEST_STEP][PASSED] - takeScreenshot(screenPath + i + ".png"): Taking screenshot successfully&#xD;
&#xD;
2019-12-06 16:58:39 - [MESSAGE][PASSED] - Taking screenshot successfully&#xD;
[[ATTACHMENT|D:\\Test\\AgileTest\\AgileTest\\Reports\\AHI\\stm\\20191206_163435\\../Screenshots/iPhone 6/stm/National General/20191206_165700/10.png]]&#xD;
&#xD;
2019-12-06 16:58:39 - [TEST_STEP][PASSED] - (internal.GlobalVariable.i++): null&#xD;
&#xD;
2019-12-06 16:58:39 - [MESSAGE][PASSED] - Call Test Case 'Test Cases/AHI/_include/get_screenshot' successfully&#xD;
&#xD;
2019-12-06 16:58:39 - [TEST_STEP][PASSED] - click(findTestObject("mobileSanity/STM/Page_App Page 4/label")): Object: 'Object Repository/mobileSanity/STM/Page_App Page 4/label' is clicked on&#xD;
&#xD;
2019-12-06 16:58:39 - [MESSAGE][PASSED] - Object: 'Object Repository/mobileSanity/STM/Page_App Page 4/label' is clicked on&#xD;
&#xD;
2019-12-06 16:58:39 - [TEST_STEP][PASSED] - click(findTestObject("mobileSanity/STM/Page_App Page 4/div_CLICK TO SIGN")): Object: 'Object Repository/mobileSanity/STM/Page_App Page 4/div_CLICK TO SIGN' is clicked on&#xD;
&#xD;
2019-12-06 16:58:40 - [MESSAGE][PASSED] - Object: 'Object Repository/mobileSanity/STM/Page_App Page 4/div_CLICK TO SIGN' is clicked on&#xD;
&#xD;
2019-12-06 16:58:40 - [TEST_STEP][PASSED] - click(findTestObject("mobileSanity/STM/Page_App Page 4/a_Submit Your Application")): Object: 'Object Repository/mobileSanity/STM/Page_App Page 4/a_Submit Your Application' is clicked on&#xD;
&#xD;
2019-12-06 16:58:40 - [MESSAGE][PASSED] - Object: 'Object Repository/mobileSanity/STM/Page_App Page 4/a_Submit Your Application' is clicked on&#xD;
&#xD;
2019-12-06 16:58:40 - [TEST_STEP][PASSED] - Thread.sleep(30000): null&#xD;
&#xD;
2019-12-06 16:59:10 - [TEST_STEP][PASSED] - waitForElementPresent(findTestObject("mobileSanity/STM/Page_App Page 6/app-page-wrapper"), 20): Object 'Object Repository/mobileSanity/STM/Page_App Page 6/app-page-wrapper' is present&#xD;
&#xD;
2019-12-06 16:59:14 - [MESSAGE][PASSED] - Object 'Object Repository/mobileSanity/STM/Page_App Page 6/app-page-wrapper' is present&#xD;
&#xD;
2019-12-06 16:59:14 - [TEST_STEP][PASSED] - callTestCase(findTestCase("AHI/_include/get_screenshot"), [:], STOP_ON_FAILURE): Call Test Case 'Test Cases/AHI/_include/get_screenshot' successfully&#xD;
&#xD;
2019-12-06 16:59:14 - [TEST_CASE][PASSED] - Test Cases/AHI/_include/get_screenshot: Test Cases/AHI/_include/get_screenshot&#xD;
&#xD;
2019-12-06 16:59:14 - [TEST_STEP][PASSED] - takeScreenshot(screenPath + i + ".png"): Taking screenshot successfully&#xD;
&#xD;
2019-12-06 16:59:15 - [MESSAGE][PASSED] - Taking screenshot successfully&#xD;
[[ATTACHMENT|D:\\Test\\AgileTest\\AgileTest\\Reports\\AHI\\stm\\20191206_163435\\../Screenshots/iPhone 6/stm/National General/20191206_165700/11.png]]&#xD;
&#xD;
2019-12-06 16:59:15 - [TEST_STEP][PASSED] - (internal.GlobalVariable.i++): null&#xD;
&#xD;
2019-12-06 16:59:15 - [MESSAGE][PASSED] - Call Test Case 'Test Cases/AHI/_include/get_screenshot' successfully&#xD;
&#xD;
2019-12-06 16:59:15 - [MESSAGE][PASSED] - Call Test Case 'Test Cases/AHI/_include/goToEnd_stm_autofill' successfully</system-out>
            <system-err></system-err>
        </testcase>
        <testcase name="Test Cases/AHI/stm/Slaico" classname="Test Cases/AHI/stm/Slaico" status="PASSED">
            <system-out>2019-12-06 16:59:15 - [TEST_CASE][PASSED] - Test Cases/AHI/stm/Slaico: Test Cases/AHI/stm/Slaico&#xD;
&#xD;
2019-12-06 16:59:15 - [TEST_STEP][PASSED] - callTestCase(findTestCase("AHI/_include/get_screenPath"), ["productLine":"stm", "carrierName":"Salico"], CONTINUE_ON_FAILURE): Call Test Case 'Test Cases/AHI/_include/get_screenPath' successfully&#xD;
&#xD;
2019-12-06 16:59:16 - [TEST_CASE][PASSED] - Test Cases/AHI/_include/get_screenPath: Test Cases/AHI/_include/get_screenPath&#xD;
&#xD;
2019-12-06 16:59:16 - [TEST_STEP][PASSED] - m = getExecutionProperties(): null&#xD;
&#xD;
2019-12-06 16:59:16 - [TEST_STEP][PASSED] - deviceName = get("mobileEmulation").get("deviceName"): null&#xD;
&#xD;
2019-12-06 16:59:16 - [TEST_STEP][PASSED] - println(deviceName): null&#xD;
&#xD;
2019-12-06 16:59:16 - [TEST_STEP][PASSED] - now = new java.util.Date(): null&#xD;
&#xD;
2019-12-06 16:59:16 - [TEST_STEP][PASSED] - mydate = now.format("yyyyMMdd_HHmmss"): null&#xD;
&#xD;
2019-12-06 16:59:16 - [TEST_STEP][PASSED] - screenPath = "../Screenshots/": null&#xD;
&#xD;
2019-12-06 16:59:16 - [TEST_STEP][PASSED] - screenPath = screenPath + deviceName + "/" + productLine + "/" + carrierName + "/" + mydate + "/": null&#xD;
&#xD;
2019-12-06 16:59:16 - [TEST_STEP][PASSED] - println(screenPath): null&#xD;
&#xD;
2019-12-06 16:59:16 - [MESSAGE][PASSED] - Call Test Case 'Test Cases/AHI/_include/get_screenPath' successfully&#xD;
&#xD;
2019-12-06 16:59:16 - [TEST_STEP][PASSED] - i = 0: null&#xD;
&#xD;
2019-12-06 16:59:16 - [TEST_STEP][PASSED] - callTestCase(findTestCase("AHI/_include/openWebSite"), [:], STOP_ON_FAILURE): Call Test Case 'Test Cases/AHI/_include/openWebSite' successfully&#xD;
&#xD;
2019-12-06 16:59:16 - [TEST_CASE][PASSED] - Test Cases/AHI/_include/openWebSite: Test Cases/AHI/_include/openWebSite&#xD;
&#xD;
2019-12-06 16:59:16 - [TEST_STEP][PASSED] - openBrowser(env): Browser is opened with url: 'https://praetemptatus.agilehealthinsurance.com'&#xD;
&#xD;
2019-12-06 16:59:16 - [MESSAGE][WARNING] - A browser is already opened. Closing browser and opening a new one&#xD;
&#xD;
2019-12-06 16:59:17 - [MESSAGE][INFO] - Starting 'Chrome' driver&#xD;
&#xD;
2019-12-06 16:59:17 - [MESSAGE][INFO] - User set preference: ['mobileEmulation', '{deviceName=iPhone 6}']&#xD;
&#xD;
2019-12-06 16:59:17 - [MESSAGE][INFO] - User set preference: ['args', '[--incognito, --aggressive-cache-discard, --window-size=375,677, --no-sandbox]']&#xD;
&#xD;
2019-12-06 16:59:22 - [MESSAGE][PASSED] - Browser is opened with url: 'https://praetemptatus.agilehealthinsurance.com'&#xD;
&#xD;
2019-12-06 16:59:22 - [TEST_STEP][PASSED] - waitForPageLoad(20): Wait for page load successfully&#xD;
&#xD;
2019-12-06 16:59:22 - [MESSAGE][PASSED] - Wait for page load successfully&#xD;
&#xD;
2019-12-06 16:59:22 - [TEST_STEP][PASSED] - callTestCase(findTestCase("AHI/_include/get_screenshot"), [:], STOP_ON_FAILURE): Call Test Case 'Test Cases/AHI/_include/get_screenshot' successfully&#xD;
&#xD;
2019-12-06 16:59:22 - [TEST_CASE][PASSED] - Test Cases/AHI/_include/get_screenshot: Test Cases/AHI/_include/get_screenshot&#xD;
&#xD;
2019-12-06 16:59:22 - [TEST_STEP][PASSED] - takeScreenshot(screenPath + i + ".png"): Taking screenshot successfully&#xD;
&#xD;
2019-12-06 16:59:23 - [MESSAGE][PASSED] - Taking screenshot successfully&#xD;
[[ATTACHMENT|D:\\Test\\AgileTest\\AgileTest\\Reports\\AHI\\stm\\20191206_163435\\../Screenshots/iPhone 6/stm/Salico/20191206_165916/0.png]]&#xD;
&#xD;
2019-12-06 16:59:23 - [TEST_STEP][PASSED] - (internal.GlobalVariable.i++): null&#xD;
&#xD;
2019-12-06 16:59:23 - [MESSAGE][PASSED] - Call Test Case 'Test Cases/AHI/_include/get_screenshot' successfully&#xD;
&#xD;
2019-12-06 16:59:23 - [MESSAGE][PASSED] - Call Test Case 'Test Cases/AHI/_include/openWebSite' successfully&#xD;
&#xD;
2019-12-06 16:59:23 - [TEST_STEP][PASSED] - callTestCase(findTestCase("AHI/_include/census_stm"), ["zipcode":"60602"], STOP_ON_FAILURE): Call Test Case 'Test Cases/AHI/_include/census_stm' successfully&#xD;
&#xD;
2019-12-06 16:59:23 - [TEST_CASE][PASSED] - Test Cases/AHI/_include/census_stm: Test Cases/AHI/_include/census_stm&#xD;
&#xD;
2019-12-06 16:59:23 - [TEST_STEP][PASSED] - waitForElementClickable(findTestObject("mobileSanity/STM/Home Page/a_Quote  Save Today"), 10): Object 'Object Repository/mobileSanity/STM/Home Page/a_Quote  Save Today' is clickable&#xD;
&#xD;
2019-12-06 16:59:23 - [MESSAGE][PASSED] - Object 'Object Repository/mobileSanity/STM/Home Page/a_Quote  Save Today' is clickable&#xD;
&#xD;
2019-12-06 16:59:23 - [TEST_STEP][PASSED] - click(findTestObject("mobileSanity/STM/Home Page/a_Quote  Save Today")): Object: 'Object Repository/mobileSanity/STM/Home Page/a_Quote  Save Today' is clicked on&#xD;
&#xD;
2019-12-06 16:59:25 - [MESSAGE][PASSED] - Object: 'Object Repository/mobileSanity/STM/Home Page/a_Quote  Save Today' is clicked on&#xD;
&#xD;
2019-12-06 16:59:25 - [TEST_STEP][PASSED] - waitForPageLoad(10): Wait for page load successfully&#xD;
&#xD;
2019-12-06 16:59:26 - [MESSAGE][PASSED] - Wait for page load successfully&#xD;
&#xD;
2019-12-06 16:59:26 - [TEST_STEP][PASSED] - callTestCase(findTestCase("AHI/_include/get_screenshot"), [:], STOP_ON_FAILURE): Call Test Case 'Test Cases/AHI/_include/get_screenshot' successfully&#xD;
&#xD;
2019-12-06 16:59:26 - [TEST_CASE][PASSED] - Test Cases/AHI/_include/get_screenshot: Test Cases/AHI/_include/get_screenshot&#xD;
&#xD;
2019-12-06 16:59:26 - [TEST_STEP][PASSED] - takeScreenshot(screenPath + i + ".png"): Taking screenshot successfully&#xD;
&#xD;
2019-12-06 16:59:27 - [MESSAGE][PASSED] - Taking screenshot successfully&#xD;
[[ATTACHMENT|D:\\Test\\AgileTest\\AgileTest\\Reports\\AHI\\stm\\20191206_163435\\../Screenshots/iPhone 6/stm/Salico/20191206_165916/1.png]]&#xD;
&#xD;
2019-12-06 16:59:27 - [TEST_STEP][PASSED] - (internal.GlobalVariable.i++): null&#xD;
&#xD;
2019-12-06 16:59:27 - [MESSAGE][PASSED] - Call Test Case 'Test Cases/AHI/_include/get_screenshot' successfully&#xD;
&#xD;
2019-12-06 16:59:27 - [TEST_STEP][PASSED] - setText(findTestObject("mobileSanity/STM/STM Census Page/input_Location_zip-input"), zipcode): Text '60602' is set on object 'Object Repository/mobileSanity/STM/STM Census Page/input_Location_zip-input'&#xD;
&#xD;
2019-12-06 16:59:27 - [MESSAGE][PASSED] - Text '60602' is set on object 'Object Repository/mobileSanity/STM/STM Census Page/input_Location_zip-input'&#xD;
&#xD;
2019-12-06 16:59:27 - [TEST_STEP][PASSED] - Thread.sleep(500): null&#xD;
&#xD;
2019-12-06 16:59:27 - [TEST_STEP][PASSED] - setText(findTestObject("mobileSanity/STM/STM Census Page/input_Date of Birth_dob-0"), "03031987"): Text '03031987' is set on object 'Object Repository/mobileSanity/STM/STM Census Page/input_Date of Birth_dob-0'&#xD;
&#xD;
2019-12-06 16:59:28 - [MESSAGE][PASSED] - Text '03031987' is set on object 'Object Repository/mobileSanity/STM/STM Census Page/input_Date of Birth_dob-0'&#xD;
&#xD;
2019-12-06 16:59:28 - [TEST_STEP][PASSED] - click(findTestObject("mobileSanity/STM/STM Census Page/label_Male")): Object: 'Object Repository/mobileSanity/STM/STM Census Page/label_Male' is clicked on&#xD;
&#xD;
2019-12-06 16:59:28 - [MESSAGE][PASSED] - Object: 'Object Repository/mobileSanity/STM/STM Census Page/label_Male' is clicked on&#xD;
&#xD;
2019-12-06 16:59:28 - [TEST_STEP][PASSED] - click(findTestObject("mobileSanity/STM/STM Census Page/label_Compare Plans")): Object: 'Object Repository/mobileSanity/STM/STM Census Page/label_Compare Plans' is clicked on&#xD;
&#xD;
2019-12-06 16:59:36 - [MESSAGE][PASSED] - Object: 'Object Repository/mobileSanity/STM/STM Census Page/label_Compare Plans' is clicked on&#xD;
&#xD;
2019-12-06 16:59:36 - [TEST_STEP][PASSED] - waitForElementVisible(findTestObject("mobileSanity/STM/STM Quote Page/button_sort"), 20): Object 'Object Repository/mobileSanity/STM/STM Quote Page/button_sort' is visible&#xD;
&#xD;
2019-12-06 16:59:38 - [MESSAGE][PASSED] - Object 'Object Repository/mobileSanity/STM/STM Quote Page/button_sort' is visible&#xD;
&#xD;
2019-12-06 16:59:38 - [TEST_STEP][PASSED] - Thread.sleep(3000): null&#xD;
&#xD;
2019-12-06 16:59:41 - [TEST_STEP][PASSED] - callTestCase(findTestCase("AHI/_include/check_quoteleadform"), [:], STOP_ON_FAILURE): Call Test Case 'Test Cases/AHI/_include/check_quoteleadform' successfully&#xD;
&#xD;
2019-12-06 16:59:41 - [TEST_CASE][PASSED] - Test Cases/AHI/_include/check_quoteleadform: Test Cases/AHI/_include/check_quoteleadform&#xD;
&#xD;
2019-12-06 16:59:41 - [TEST_STEP][PASSED] - callTestCase(findTestCase("AHI/_include/name"), [:], CONTINUE_ON_FAILURE): Call Test Case 'Test Cases/AHI/_include/name' successfully&#xD;
&#xD;
2019-12-06 16:59:41 - [TEST_CASE][PASSED] - Test Cases/AHI/_include/name: Test Cases/AHI/_include/name&#xD;
&#xD;
2019-12-06 16:59:41 - [TEST_STEP][PASSED] - driver = getWebDriver(): null&#xD;
&#xD;
2019-12-06 16:59:41 - [TEST_STEP][PASSED] - selenium = new com.thoughtworks.selenium.webdriven.WebDriverBackedSelenium(driver, internal.GlobalVariable.ENV): null&#xD;
&#xD;
2019-12-06 16:59:41 - [TEST_STEP][PASSED] - FirstName = "Test-123": null&#xD;
&#xD;
2019-12-06 16:59:41 - [TEST_STEP][PASSED] - LastName = selenium.getEval("{var x="ABCDEFGHIJKLMNOPQRSTUVWXYZabcdefghijklmnopqrstuvwxyz"; var tmp="ZZ11-"; for (i=0;i&lt;8;i++) tmp+=x.charAt(Math.ceil(51*Math.random()));tmp;}"): null&#xD;
&#xD;
2019-12-06 16:59:41 - [TEST_STEP][PASSED] - Address = selenium.getEval("{var x="ABCDEFGHIJKLMNOPQRSTUVWXYZabcdefghijklmnopqrstuvwxyz"; var tmp=""; for (i=0;i&lt;8;i++) tmp+=x.charAt(Math.ceil(51*Math.random()));tmp;}"): null&#xD;
&#xD;
2019-12-06 16:59:41 - [TEST_STEP][PASSED] - City = selenium.getEval("{var x="ABCDEFGHIJKLMNOPQRSTUVWXYZabcdefghijklmnopqrstuvwxyz"; var tmp=""; for (i=0;i&lt;8;i++) tmp+=x.charAt(Math.ceil(51*Math.random()));tmp;}"): null&#xD;
&#xD;
2019-12-06 16:59:41 - [TEST_STEP][PASSED] - tel1 = selenium.getEval("{var x="123456789"; var tmp=""; for (i=0;i&lt;3;i++) tmp+=x.charAt(Math.ceil(8*Math.random()));tmp;}"): null&#xD;
&#xD;
2019-12-06 16:59:41 - [TEST_STEP][PASSED] - tel2 = selenium.getEval("{var x="123456789"; var tmp=""; for (i=0;i&lt;3;i++) tmp+=x.charAt(Math.ceil(8*Math.random()));tmp;}"): null&#xD;
&#xD;
2019-12-06 16:59:41 - [TEST_STEP][PASSED] - tel3 = selenium.getEval("{var x="123456789"; var tmp=""; for (i=0;i&lt;4;i++) tmp+=x.charAt(Math.ceil(8*Math.random()));tmp;}"): null&#xD;
&#xD;
2019-12-06 16:59:41 - [TEST_STEP][PASSED] - Tel = selenium.getExpression(tel1 + "-" + tel2 + "-" + tel3): null&#xD;
&#xD;
2019-12-06 16:59:41 - [TEST_STEP][PASSED] - AutoEmail = selenium.getEval("{var x="ABCDEFGHIJKLMNOPQRSTUVWXYZabcdefghijklmnopqrstuvwxyz"; var tmp="test."; for (i=0;i&lt;8;i++) tmp+=x.charAt(Math.ceil(51*Math.random()));tmp+="@suryani.cn";}"): null&#xD;
&#xD;
2019-12-06 16:59:41 - [TEST_STEP][PASSED] - FirstName = FirstName: null&#xD;
&#xD;
2019-12-06 16:59:41 - [TEST_STEP][PASSED] - LastName = LastName: null&#xD;
&#xD;
2019-12-06 16:59:41 - [TEST_STEP][PASSED] - Address = Address: null&#xD;
&#xD;
2019-12-06 16:59:41 - [TEST_STEP][PASSED] - City = City: null&#xD;
&#xD;
2019-12-06 16:59:41 - [TEST_STEP][PASSED] - Tel = Tel: null&#xD;
&#xD;
2019-12-06 16:59:41 - [TEST_STEP][PASSED] - AutoEmail = AutoEmail: null&#xD;
&#xD;
2019-12-06 16:59:41 - [TEST_STEP][PASSED] - println(FirstName): null&#xD;
&#xD;
2019-12-06 16:59:41 - [TEST_STEP][PASSED] - println(LastName): null&#xD;
&#xD;
2019-12-06 16:59:41 - [TEST_STEP][PASSED] - println(Address): null&#xD;
&#xD;
2019-12-06 16:59:41 - [TEST_STEP][PASSED] - println(City): null&#xD;
&#xD;
2019-12-06 16:59:41 - [TEST_STEP][PASSED] - println(Tel): null&#xD;
&#xD;
2019-12-06 16:59:41 - [TEST_STEP][PASSED] - println(AutoEmail): null&#xD;
&#xD;
2019-12-06 16:59:41 - [MESSAGE][PASSED] - Call Test Case 'Test Cases/AHI/_include/name' successfully&#xD;
&#xD;
2019-12-06 16:59:41 - [TEST_STEP][PASSED] - leadform_exist = test.MobileKeywords.isElementPresent_Web(findTestObject("mobileSanity/quote lead form/lead_form"), 20): test.MobileKeywords.isElementPresent_Web is PASSED&#xD;
&#xD;
2019-12-06 17:00:02 - [MESSAGE][INFO] - Unable to find the element located by 'By.xpath: //*[@id = 'lightboxLeadForm']'. Please recheck the objects properties to make sure the desired element is located. &#xD;
&#xD;
2019-12-06 17:00:02 - [MESSAGE][PASSED] - test.MobileKeywords.isElementPresent_Web is PASSED&#xD;
&#xD;
2019-12-06 17:00:02 - [TEST_STEP][PASSED] - if (leadform_exist): null&#xD;
&#xD;
2019-12-06 17:00:02 - [MESSAGE][PASSED] - Call Test Case 'Test Cases/AHI/_include/check_quoteleadform' successfully&#xD;
&#xD;
2019-12-06 17:00:02 - [TEST_STEP][PASSED] - callTestCase(findTestCase("AHI/_include/get_screenshot"), [:], STOP_ON_FAILURE): Call Test Case 'Test Cases/AHI/_include/get_screenshot' successfully&#xD;
&#xD;
2019-12-06 17:00:02 - [TEST_CASE][PASSED] - Test Cases/AHI/_include/get_screenshot: Test Cases/AHI/_include/get_screenshot&#xD;
&#xD;
2019-12-06 17:00:02 - [TEST_STEP][PASSED] - takeScreenshot(screenPath + i + ".png"): Taking screenshot successfully&#xD;
&#xD;
2019-12-06 17:00:03 - [MESSAGE][PASSED] - Taking screenshot successfully&#xD;
[[ATTACHMENT|D:\\Test\\AgileTest\\AgileTest\\Reports\\AHI\\stm\\20191206_163435\\../Screenshots/iPhone 6/stm/Salico/20191206_165916/2.png]]&#xD;
&#xD;
2019-12-06 17:00:03 - [TEST_STEP][PASSED] - (internal.GlobalVariable.i++): null&#xD;
&#xD;
2019-12-06 17:00:03 - [MESSAGE][PASSED] - Call Test Case 'Test Cases/AHI/_include/get_screenshot' successfully&#xD;
&#xD;
2019-12-06 17:00:03 - [TEST_STEP][PASSED] - Thread.sleep(1000): null&#xD;
&#xD;
2019-12-06 17:00:04 - [MESSAGE][PASSED] - Call Test Case 'Test Cases/AHI/_include/census_stm' successfully&#xD;
&#xD;
2019-12-06 17:00:04 - [TEST_STEP][PASSED] - callTestCase(findTestCase("AHI/_include/filter_stm"), ["carrier":"slaico"], STOP_ON_FAILURE): Call Test Case 'Test Cases/AHI/_include/filter_stm' successfully&#xD;
&#xD;
2019-12-06 17:00:04 - [TEST_CASE][PASSED] - Test Cases/AHI/_include/filter_stm: Test Cases/AHI/_include/filter_stm&#xD;
&#xD;
2019-12-06 17:00:04 - [TEST_STEP][PASSED] - driver = getWebDriver(): null&#xD;
&#xD;
2019-12-06 17:00:04 - [TEST_STEP][PASSED] - selenium = new com.thoughtworks.selenium.webdriven.WebDriverBackedSelenium(driver, internal.GlobalVariable.ENV): null&#xD;
&#xD;
2019-12-06 17:00:04 - [TEST_STEP][PASSED] - Thread.sleep(1000): null&#xD;
&#xD;
2019-12-06 17:00:05 - [TEST_STEP][PASSED] - click(findTestObject("mobileSanity/STM/STM Quote Page/button_filters")): Object: 'Object Repository/mobileSanity/STM/STM Quote Page/button_filters' is clicked on&#xD;
&#xD;
2019-12-06 17:00:06 - [MESSAGE][PASSED] - Object: 'Object Repository/mobileSanity/STM/STM Quote Page/button_filters' is clicked on&#xD;
&#xD;
2019-12-06 17:00:06 - [TEST_STEP][PASSED] - Thread.sleep(1000): null&#xD;
&#xD;
2019-12-06 17:00:07 - [TEST_STEP][PASSED] - click(findTestObject("mobileSanity/STM/STM Quote Page/i_Insurance company")): Object: 'Object Repository/mobileSanity/STM/STM Quote Page/i_Insurance company' is clicked on&#xD;
&#xD;
2019-12-06 17:00:07 - [MESSAGE][PASSED] - Object: 'Object Repository/mobileSanity/STM/STM Quote Page/i_Insurance company' is clicked on&#xD;
&#xD;
2019-12-06 17:00:07 - [TEST_STEP][PASSED] - Thread.sleep(1000): null&#xD;
&#xD;
2019-12-06 17:00:08 - [TEST_STEP][PASSED] - filter_carrier = "//input[@name='filter[carrier]' and @value='" + carrier + "']/following::label": null&#xD;
&#xD;
2019-12-06 17:00:08 - [TEST_STEP][PASSED] - println(filter_carrier): null&#xD;
&#xD;
2019-12-06 17:00:08 - [TEST_STEP][PASSED] - test.MobileKeywords.clickJS_ByXpath(filter_carrier): test.MobileKeywords.clickJS_ByXpath is PASSED&#xD;
&#xD;
2019-12-06 17:00:08 - [MESSAGE][PASSED] - Execute JavaScript 'arguments[0].click()' successfully&#xD;
&#xD;
2019-12-06 17:00:08 - [MESSAGE][PASSED] - test.MobileKeywords.clickJS_ByXpath is PASSED&#xD;
&#xD;
2019-12-06 17:00:08 - [TEST_STEP][PASSED] - click(findTestObject("mobileSanity/STM/STM Quote Page/js-close c-link-button")): Object: 'Object Repository/mobileSanity/STM/STM Quote Page/js-close c-link-button' is clicked on&#xD;
&#xD;
2019-12-06 17:00:09 - [MESSAGE][PASSED] - Object: 'Object Repository/mobileSanity/STM/STM Quote Page/js-close c-link-button' is clicked on&#xD;
&#xD;
2019-12-06 17:00:09 - [TEST_STEP][PASSED] - Thread.sleep(2000): null&#xD;
&#xD;
2019-12-06 17:00:11 - [TEST_STEP][PASSED] - callTestCase(findTestCase("AHI/_include/get_screenshot"), [:], STOP_ON_FAILURE): Call Test Case 'Test Cases/AHI/_include/get_screenshot' successfully&#xD;
&#xD;
2019-12-06 17:00:11 - [TEST_CASE][PASSED] - Test Cases/AHI/_include/get_screenshot: Test Cases/AHI/_include/get_screenshot&#xD;
&#xD;
2019-12-06 17:00:11 - [TEST_STEP][PASSED] - takeScreenshot(screenPath + i + ".png"): Taking screenshot successfully&#xD;
&#xD;
2019-12-06 17:00:11 - [MESSAGE][PASSED] - Taking screenshot successfully&#xD;
[[ATTACHMENT|D:\\Test\\AgileTest\\AgileTest\\Reports\\AHI\\stm\\20191206_163435\\../Screenshots/iPhone 6/stm/Salico/20191206_165916/3.png]]&#xD;
&#xD;
2019-12-06 17:00:11 - [TEST_STEP][PASSED] - (internal.GlobalVariable.i++): null&#xD;
&#xD;
2019-12-06 17:00:11 - [MESSAGE][PASSED] - Call Test Case 'Test Cases/AHI/_include/get_screenshot' successfully&#xD;
&#xD;
2019-12-06 17:00:11 - [MESSAGE][PASSED] - Call Test Case 'Test Cases/AHI/_include/filter_stm' successfully&#xD;
&#xD;
2019-12-06 17:00:11 - [TEST_STEP][PASSED] - callTestCase(findTestCase("AHI/_include/goToDetail_stm"), ["carrier":"slaico"], STOP_ON_FAILURE): Call Test Case 'Test Cases/AHI/_include/goToDetail_stm' successfully&#xD;
&#xD;
2019-12-06 17:00:11 - [TEST_CASE][PASSED] - Test Cases/AHI/_include/goToDetail_stm: Test Cases/AHI/_include/goToDetail_stm&#xD;
&#xD;
2019-12-06 17:00:11 - [TEST_STEP][PASSED] - driver = getWebDriver(): null&#xD;
&#xD;
2019-12-06 17:00:11 - [TEST_STEP][PASSED] - selenium = new com.thoughtworks.selenium.webdriven.WebDriverBackedSelenium(driver, internal.GlobalVariable.ENV): null&#xD;
&#xD;
2019-12-06 17:00:11 - [TEST_STEP][PASSED] - a_plan_name = "xpath=//a[contains(@href,'/term-health-insurance/plan/" + carrier + "')]": null&#xD;
&#xD;
2019-12-06 17:00:11 - [TEST_STEP][PASSED] - println(a_plan_name): null&#xD;
&#xD;
2019-12-06 17:00:11 - [TEST_STEP][PASSED] - selenium.click(a_plan_name): null&#xD;
&#xD;
2019-12-06 17:00:23 - [TEST_STEP][PASSED] - waitForPageLoad(20): Wait for page load successfully&#xD;
&#xD;
2019-12-06 17:00:23 - [MESSAGE][PASSED] - Wait for page load successfully&#xD;
&#xD;
2019-12-06 17:00:23 - [TEST_STEP][PASSED] - Thread.sleep(2000): null&#xD;
&#xD;
2019-12-06 17:00:25 - [TEST_STEP][PASSED] - callTestCase(findTestCase("AHI/_include/get_screenshot"), [:], STOP_ON_FAILURE): Call Test Case 'Test Cases/AHI/_include/get_screenshot' successfully&#xD;
&#xD;
2019-12-06 17:00:25 - [TEST_CASE][PASSED] - Test Cases/AHI/_include/get_screenshot: Test Cases/AHI/_include/get_screenshot&#xD;
&#xD;
2019-12-06 17:00:25 - [TEST_STEP][PASSED] - takeScreenshot(screenPath + i + ".png"): Taking screenshot successfully&#xD;
&#xD;
2019-12-06 17:00:26 - [MESSAGE][PASSED] - Taking screenshot successfully&#xD;
[[ATTACHMENT|D:\\Test\\AgileTest\\AgileTest\\Reports\\AHI\\stm\\20191206_163435\\../Screenshots/iPhone 6/stm/Salico/20191206_165916/4.png]]&#xD;
&#xD;
2019-12-06 17:00:26 - [TEST_STEP][PASSED] - (internal.GlobalVariable.i++): null&#xD;
&#xD;
2019-12-06 17:00:26 - [MESSAGE][PASSED] - Call Test Case 'Test Cases/AHI/_include/get_screenshot' successfully&#xD;
&#xD;
2019-12-06 17:00:26 - [MESSAGE][PASSED] - Call Test Case 'Test Cases/AHI/_include/goToDetail_stm' successfully&#xD;
&#xD;
2019-12-06 17:00:26 - [TEST_STEP][PASSED] - callTestCase(findTestCase("AHI/_include/apply_stm"), [:], STOP_ON_FAILURE): Call Test Case 'Test Cases/AHI/_include/apply_stm' successfully&#xD;
&#xD;
2019-12-06 17:00:26 - [TEST_CASE][PASSED] - Test Cases/AHI/_include/apply_stm: Test Cases/AHI/_include/apply_stm&#xD;
&#xD;
2019-12-06 17:00:26 - [TEST_STEP][PASSED] - waitForElementVisible(findTestObject("mobileSanity/STM/STM PlanDetail Page/a_Apply for This Plan"), 5): Object 'Object Repository/mobileSanity/STM/STM PlanDetail Page/a_Apply for This Plan' is visible&#xD;
&#xD;
2019-12-06 17:00:26 - [MESSAGE][PASSED] - Object 'Object Repository/mobileSanity/STM/STM PlanDetail Page/a_Apply for This Plan' is visible&#xD;
&#xD;
2019-12-06 17:00:26 - [TEST_STEP][PASSED] - click(findTestObject("mobileSanity/STM/STM PlanDetail Page/a_Apply for This Plan")): Object: 'Object Repository/mobileSanity/STM/STM PlanDetail Page/a_Apply for This Plan' is clicked on&#xD;
&#xD;
2019-12-06 17:00:28 - [MESSAGE][PASSED] - Object: 'Object Repository/mobileSanity/STM/STM PlanDetail Page/a_Apply for This Plan' is clicked on&#xD;
&#xD;
2019-12-06 17:00:28 - [TEST_STEP][PASSED] - waitForPageLoad(10): Wait for page load successfully&#xD;
&#xD;
2019-12-06 17:00:29 - [MESSAGE][PASSED] - Wait for page load successfully&#xD;
&#xD;
2019-12-06 17:00:29 - [TEST_STEP][PASSED] - Thread.sleep(2000): null&#xD;
&#xD;
2019-12-06 17:00:31 - [TEST_STEP][PASSED] - callTestCase(findTestCase("AHI/_include/get_screenshot"), [:], STOP_ON_FAILURE): Call Test Case 'Test Cases/AHI/_include/get_screenshot' successfully&#xD;
&#xD;
2019-12-06 17:00:31 - [TEST_CASE][PASSED] - Test Cases/AHI/_include/get_screenshot: Test Cases/AHI/_include/get_screenshot&#xD;
&#xD;
2019-12-06 17:00:31 - [TEST_STEP][PASSED] - takeScreenshot(screenPath + i + ".png"): Taking screenshot successfully&#xD;
&#xD;
2019-12-06 17:00:31 - [MESSAGE][PASSED] - Taking screenshot successfully&#xD;
[[ATTACHMENT|D:\\Test\\AgileTest\\AgileTest\\Reports\\AHI\\stm\\20191206_163435\\../Screenshots/iPhone 6/stm/Salico/20191206_165916/5.png]]&#xD;
&#xD;
2019-12-06 17:00:31 - [TEST_STEP][PASSED] - (internal.GlobalVariable.i++): null&#xD;
&#xD;
2019-12-06 17:00:31 - [MESSAGE][PASSED] - Call Test Case 'Test Cases/AHI/_include/get_screenshot' successfully&#xD;
&#xD;
2019-12-06 17:00:31 - [TEST_STEP][PASSED] - waitForElementVisible(findTestObject("mobileSanity/STM/STM Apply Page/a_Start Secure Application"), 5): Object 'Object Repository/mobileSanity/STM/STM Apply Page/a_Start Secure Application' is visible&#xD;
&#xD;
2019-12-06 17:00:31 - [MESSAGE][PASSED] - Object 'Object Repository/mobileSanity/STM/STM Apply Page/a_Start Secure Application' is visible&#xD;
&#xD;
2019-12-06 17:00:31 - [TEST_STEP][PASSED] - click(findTestObject("mobileSanity/STM/STM Apply Page/a_Start Secure Application")): Object: 'Object Repository/mobileSanity/STM/STM Apply Page/a_Start Secure Application' is clicked on&#xD;
&#xD;
2019-12-06 17:00:33 - [MESSAGE][PASSED] - Object: 'Object Repository/mobileSanity/STM/STM Apply Page/a_Start Secure Application' is clicked on&#xD;
&#xD;
2019-12-06 17:00:33 - [TEST_STEP][PASSED] - waitForPageLoad(20): Wait for page load successfully&#xD;
&#xD;
2019-12-06 17:00:33 - [MESSAGE][PASSED] - Wait for page load successfully&#xD;
&#xD;
2019-12-06 17:00:33 - [TEST_STEP][PASSED] - Thread.sleep(2000): null&#xD;
&#xD;
2019-12-06 17:00:35 - [TEST_STEP][PASSED] - callTestCase(findTestCase("AHI/_include/get_screenshot"), [:], STOP_ON_FAILURE): Call Test Case 'Test Cases/AHI/_include/get_screenshot' successfully&#xD;
&#xD;
2019-12-06 17:00:35 - [TEST_CASE][PASSED] - Test Cases/AHI/_include/get_screenshot: Test Cases/AHI/_include/get_screenshot&#xD;
&#xD;
2019-12-06 17:00:35 - [TEST_STEP][PASSED] - takeScreenshot(screenPath + i + ".png"): Taking screenshot successfully&#xD;
&#xD;
2019-12-06 17:00:36 - [MESSAGE][PASSED] - Taking screenshot successfully&#xD;
[[ATTACHMENT|D:\\Test\\AgileTest\\AgileTest\\Reports\\AHI\\stm\\20191206_163435\\../Screenshots/iPhone 6/stm/Salico/20191206_165916/6.png]]&#xD;
&#xD;
2019-12-06 17:00:36 - [TEST_STEP][PASSED] - (internal.GlobalVariable.i++): null&#xD;
&#xD;
2019-12-06 17:00:36 - [MESSAGE][PASSED] - Call Test Case 'Test Cases/AHI/_include/get_screenshot' successfully&#xD;
&#xD;
2019-12-06 17:00:36 - [MESSAGE][PASSED] - Call Test Case 'Test Cases/AHI/_include/apply_stm' successfully&#xD;
&#xD;
2019-12-06 17:00:36 - [TEST_STEP][PASSED] - callTestCase(findTestCase("AHI/_include/goToEnd_stm_autofill"), [:], STOP_ON_FAILURE): Call Test Case 'Test Cases/AHI/_include/goToEnd_stm_autofill' successfully&#xD;
&#xD;
2019-12-06 17:00:36 - [TEST_CASE][PASSED] - Test Cases/AHI/_include/goToEnd_stm_autofill: Test Cases/AHI/_include/goToEnd_stm_autofill&#xD;
&#xD;
2019-12-06 17:00:36 - [TEST_STEP][PASSED] - callTestCase(findTestCase("AHI/_include/name"), [:], CONTINUE_ON_FAILURE): Call Test Case 'Test Cases/AHI/_include/name' successfully&#xD;
&#xD;
2019-12-06 17:00:36 - [TEST_CASE][PASSED] - Test Cases/AHI/_include/name: Test Cases/AHI/_include/name&#xD;
&#xD;
2019-12-06 17:00:36 - [TEST_STEP][PASSED] - driver = getWebDriver(): null&#xD;
&#xD;
2019-12-06 17:00:36 - [TEST_STEP][PASSED] - selenium = new com.thoughtworks.selenium.webdriven.WebDriverBackedSelenium(driver, internal.GlobalVariable.ENV): null&#xD;
&#xD;
2019-12-06 17:00:36 - [TEST_STEP][PASSED] - FirstName = "Test-123": null&#xD;
&#xD;
2019-12-06 17:00:36 - [TEST_STEP][PASSED] - LastName = selenium.getEval("{var x="ABCDEFGHIJKLMNOPQRSTUVWXYZabcdefghijklmnopqrstuvwxyz"; var tmp="ZZ11-"; for (i=0;i&lt;8;i++) tmp+=x.charAt(Math.ceil(51*Math.random()));tmp;}"): null&#xD;
&#xD;
2019-12-06 17:00:36 - [TEST_STEP][PASSED] - Address = selenium.getEval("{var x="ABCDEFGHIJKLMNOPQRSTUVWXYZabcdefghijklmnopqrstuvwxyz"; var tmp=""; for (i=0;i&lt;8;i++) tmp+=x.charAt(Math.ceil(51*Math.random()));tmp;}"): null&#xD;
&#xD;
2019-12-06 17:00:36 - [TEST_STEP][PASSED] - City = selenium.getEval("{var x="ABCDEFGHIJKLMNOPQRSTUVWXYZabcdefghijklmnopqrstuvwxyz"; var tmp=""; for (i=0;i&lt;8;i++) tmp+=x.charAt(Math.ceil(51*Math.random()));tmp;}"): null&#xD;
&#xD;
2019-12-06 17:00:36 - [TEST_STEP][PASSED] - tel1 = selenium.getEval("{var x="123456789"; var tmp=""; for (i=0;i&lt;3;i++) tmp+=x.charAt(Math.ceil(8*Math.random()));tmp;}"): null&#xD;
&#xD;
2019-12-06 17:00:36 - [TEST_STEP][PASSED] - tel2 = selenium.getEval("{var x="123456789"; var tmp=""; for (i=0;i&lt;3;i++) tmp+=x.charAt(Math.ceil(8*Math.random()));tmp;}"): null&#xD;
&#xD;
2019-12-06 17:00:36 - [TEST_STEP][PASSED] - tel3 = selenium.getEval("{var x="123456789"; var tmp=""; for (i=0;i&lt;4;i++) tmp+=x.charAt(Math.ceil(8*Math.random()));tmp;}"): null&#xD;
&#xD;
2019-12-06 17:00:36 - [TEST_STEP][PASSED] - Tel = selenium.getExpression(tel1 + "-" + tel2 + "-" + tel3): null&#xD;
&#xD;
2019-12-06 17:00:36 - [TEST_STEP][PASSED] - AutoEmail = selenium.getEval("{var x="ABCDEFGHIJKLMNOPQRSTUVWXYZabcdefghijklmnopqrstuvwxyz"; var tmp="test."; for (i=0;i&lt;8;i++) tmp+=x.charAt(Math.ceil(51*Math.random()));tmp+="@suryani.cn";}"): null&#xD;
&#xD;
2019-12-06 17:00:37 - [TEST_STEP][PASSED] - FirstName = FirstName: null&#xD;
&#xD;
2019-12-06 17:00:37 - [TEST_STEP][PASSED] - LastName = LastName: null&#xD;
&#xD;
2019-12-06 17:00:37 - [TEST_STEP][PASSED] - Address = Address: null&#xD;
&#xD;
2019-12-06 17:00:37 - [TEST_STEP][PASSED] - City = City: null&#xD;
&#xD;
2019-12-06 17:00:37 - [TEST_STEP][PASSED] - Tel = Tel: null&#xD;
&#xD;
2019-12-06 17:00:37 - [TEST_STEP][PASSED] - AutoEmail = AutoEmail: null&#xD;
&#xD;
2019-12-06 17:00:37 - [TEST_STEP][PASSED] - println(FirstName): null&#xD;
&#xD;
2019-12-06 17:00:37 - [TEST_STEP][PASSED] - println(LastName): null&#xD;
&#xD;
2019-12-06 17:00:37 - [TEST_STEP][PASSED] - println(Address): null&#xD;
&#xD;
2019-12-06 17:00:37 - [TEST_STEP][PASSED] - println(City): null&#xD;
&#xD;
2019-12-06 17:00:37 - [TEST_STEP][PASSED] - println(Tel): null&#xD;
&#xD;
2019-12-06 17:00:37 - [TEST_STEP][PASSED] - println(AutoEmail): null&#xD;
&#xD;
2019-12-06 17:00:37 - [MESSAGE][PASSED] - Call Test Case 'Test Cases/AHI/_include/name' successfully&#xD;
&#xD;
2019-12-06 17:00:37 - [TEST_STEP][FAILED] - try: Unable to verify text 'Month Duration Acknowledgement' is present  (Root cause: com.kms.katalon.core.exception.StepFailedException: Unable to verify text 'Month Duration Acknowledgement' is present &#xD;
	at com.kms.katalon.core.webui.keyword.internal.WebUIKeywordMain.stepFailed(WebUIKeywordMain.groovy:64)&#xD;
	at com.kms.katalon.core.webui.keyword.internal.WebUIKeywordMain.runKeyword(WebUIKeywordMain.groovy:26)&#xD;
	at com.kms.katalon.core.webui.keyword.builtin.VerifyTextPresentKeyword.verifyTextPresent(VerifyTextPresentKeyword.groovy:83)&#xD;
	at com.kms.katalon.core.webui.keyword.builtin.VerifyTextPresentKeyword.execute(VerifyTextPresentKeyword.groovy:68)&#xD;
	at com.kms.katalon.core.keyword.internal.KeywordExecutor.executeKeywordForPlatform(KeywordExecutor.groovy:56)&#xD;
	at com.kms.katalon.core.webui.keyword.WebUiBuiltInKeywords.verifyTextPresent(WebUiBuiltInKeywords.groovy:1693)&#xD;
	at com.kms.katalon.core.webui.keyword.WebUiBuiltInKeywords$verifyTextPresent$8.call(Unknown Source)&#xD;
	at goToEnd_stm_autofill.run(goToEnd_stm_autofill:19)&#xD;
	at com.kms.katalon.core.main.ScriptEngine.run(ScriptEngine.java:194)&#xD;
	at com.kms.katalon.core.main.ScriptEngine.runScriptAsRawText(ScriptEngine.java:119)&#xD;
	at com.kms.katalon.core.main.TestCaseExecutor.runScript(TestCaseExecutor.java:337)&#xD;
	at com.kms.katalon.core.main.TestCaseExecutor.doExecute(TestCaseExecutor.java:328)&#xD;
	at com.kms.katalon.core.main.TestCaseExecutor.processExecutionPhase(TestCaseExecutor.java:307)&#xD;
	at com.kms.katalon.core.main.TestCaseExecutor.accessMainPhase(TestCaseExecutor.java:299)&#xD;
	at com.kms.katalon.core.main.TestCaseExecutor.execute(TestCaseExecutor.java:233)&#xD;
	at com.kms.katalon.core.main.TestCaseMain.runTestCase(TestCaseMain.java:114)&#xD;
	at com.kms.katalon.core.keyword.builtin.CallTestCaseKeyword$_callTestCase_closure1.doCall(CallTestCaseKeyword.groovy:59)&#xD;
	at com.kms.katalon.core.keyword.builtin.CallTestCaseKeyword$_callTestCase_closure1.call(CallTestCaseKeyword.groovy)&#xD;
	at com.kms.katalon.core.keyword.internal.KeywordMain.runKeyword(KeywordMain.groovy:68)&#xD;
	at com.kms.katalon.core.keyword.builtin.CallTestCaseKeyword.callTestCase(CallTestCaseKeyword.groovy:81)&#xD;
	at com.kms.katalon.core.keyword.builtin.CallTestCaseKeyword.execute(CallTestCaseKeyword.groovy:44)&#xD;
	at com.kms.katalon.core.keyword.internal.KeywordExecutor.executeKeywordForPlatform(KeywordExecutor.groovy:56)&#xD;
	at com.kms.katalon.core.keyword.BuiltinKeywords.callTestCase(BuiltinKeywords.groovy:334)&#xD;
	at Slaico.run(Slaico:32)&#xD;
	at com.kms.katalon.core.main.ScriptEngine.run(ScriptEngine.java:194)&#xD;
	at com.kms.katalon.core.main.ScriptEngine.runScriptAsRawText(ScriptEngine.java:119)&#xD;
	at com.kms.katalon.core.main.TestCaseExecutor.runScript(TestCaseExecutor.java:337)&#xD;
	at com.kms.katalon.core.main.TestCaseExecutor.doExecute(TestCaseExecutor.java:328)&#xD;
	at com.kms.katalon.core.main.TestCaseExecutor.processExecutionPhase(TestCaseExecutor.java:307)&#xD;
	at com.kms.katalon.core.main.TestCaseExecutor.accessMainPhase(TestCaseExecutor.java:299)&#xD;
	at com.kms.katalon.core.main.TestCaseExecutor.execute(TestCaseExecutor.java:233)&#xD;
	at com.kms.katalon.core.main.TestSuiteExecutor.accessTestCaseMainPhase(TestSuiteExecutor.java:133)&#xD;
	at com.kms.katalon.core.main.TestSuiteExecutor.accessTestSuiteMainPhase(TestSuiteExecutor.java:116)&#xD;
	at com.kms.katalon.core.main.TestSuiteExecutor.execute(TestSuiteExecutor.java:83)&#xD;
	at com.kms.katalon.core.main.TestCaseMain.startTestSuite(TestCaseMain.java:157)&#xD;
	at com.kms.katalon.core.main.TestCaseMain$startTestSuite$0.call(Unknown Source)&#xD;
	at TempTestSuite1575621275705.run(TempTestSuite1575621275705.groovy:35)&#xD;
Caused by: com.kms.katalon.core.exception.StepFailedException: Text 'Month Duration Acknowledgement' is not present on page &#xD;
	at com.kms.katalon.core.webui.keyword.internal.WebUIKeywordMain.stepFailed(WebUIKeywordMain.groovy:64)&#xD;
	at com.kms.katalon.core.webui.keyword.builtin.VerifyTextPresentKeyword$_verifyTextPresent_closure1.doCall(VerifyTextPresentKeyword.groovy:79)&#xD;
	at com.kms.katalon.core.webui.keyword.builtin.VerifyTextPresentKeyword$_verifyTextPresent_closure1.call(VerifyTextPresentKeyword.groovy)&#xD;
	at com.kms.katalon.core.webui.keyword.internal.WebUIKeywordMain.runKeyword(WebUIKeywordMain.groovy:20)&#xD;
	... 35 more&#xD;
)&#xD;
&#xD;
2019-12-06 17:00:37 - [TEST_STEP][FAILED] - if (verifyTextPresent("Month Duration Acknowledgement", false)): Unable to verify text 'Month Duration Acknowledgement' is present  (Root cause: com.kms.katalon.core.exception.StepFailedException: Unable to verify text 'Month Duration Acknowledgement' is present &#xD;
	at com.kms.katalon.core.webui.keyword.internal.WebUIKeywordMain.stepFailed(WebUIKeywordMain.groovy:64)&#xD;
	at com.kms.katalon.core.webui.keyword.internal.WebUIKeywordMain.runKeyword(WebUIKeywordMain.groovy:26)&#xD;
	at com.kms.katalon.core.webui.keyword.builtin.VerifyTextPresentKeyword.verifyTextPresent(VerifyTextPresentKeyword.groovy:83)&#xD;
	at com.kms.katalon.core.webui.keyword.builtin.VerifyTextPresentKeyword.execute(VerifyTextPresentKeyword.groovy:68)&#xD;
	at com.kms.katalon.core.keyword.internal.KeywordExecutor.executeKeywordForPlatform(KeywordExecutor.groovy:56)&#xD;
	at com.kms.katalon.core.webui.keyword.WebUiBuiltInKeywords.verifyTextPresent(WebUiBuiltInKeywords.groovy:1693)&#xD;
	at com.kms.katalon.core.webui.keyword.WebUiBuiltInKeywords$verifyTextPresent$8.call(Unknown Source)&#xD;
	at goToEnd_stm_autofill.run(goToEnd_stm_autofill:19)&#xD;
	at com.kms.katalon.core.main.ScriptEngine.run(ScriptEngine.java:194)&#xD;
	at com.kms.katalon.core.main.ScriptEngine.runScriptAsRawText(ScriptEngine.java:119)&#xD;
	at com.kms.katalon.core.main.TestCaseExecutor.runScript(TestCaseExecutor.java:337)&#xD;
	at com.kms.katalon.core.main.TestCaseExecutor.doExecute(TestCaseExecutor.java:328)&#xD;
	at com.kms.katalon.core.main.TestCaseExecutor.processExecutionPhase(TestCaseExecutor.java:307)&#xD;
	at com.kms.katalon.core.main.TestCaseExecutor.accessMainPhase(TestCaseExecutor.java:299)&#xD;
	at com.kms.katalon.core.main.TestCaseExecutor.execute(TestCaseExecutor.java:233)&#xD;
	at com.kms.katalon.core.main.TestCaseMain.runTestCase(TestCaseMain.java:114)&#xD;
	at com.kms.katalon.core.keyword.builtin.CallTestCaseKeyword$_callTestCase_closure1.doCall(CallTestCaseKeyword.groovy:59)&#xD;
	at com.kms.katalon.core.keyword.builtin.CallTestCaseKeyword$_callTestCase_closure1.call(CallTestCaseKeyword.groovy)&#xD;
	at com.kms.katalon.core.keyword.internal.KeywordMain.runKeyword(KeywordMain.groovy:68)&#xD;
	at com.kms.katalon.core.keyword.builtin.CallTestCaseKeyword.callTestCase(CallTestCaseKeyword.groovy:81)&#xD;
	at com.kms.katalon.core.keyword.builtin.CallTestCaseKeyword.execute(CallTestCaseKeyword.groovy:44)&#xD;
	at com.kms.katalon.core.keyword.internal.KeywordExecutor.executeKeywordForPlatform(KeywordExecutor.groovy:56)&#xD;
	at com.kms.katalon.core.keyword.BuiltinKeywords.callTestCase(BuiltinKeywords.groovy:334)&#xD;
	at Slaico.run(Slaico:32)&#xD;
	at com.kms.katalon.core.main.ScriptEngine.run(ScriptEngine.java:194)&#xD;
	at com.kms.katalon.core.main.ScriptEngine.runScriptAsRawText(ScriptEngine.java:119)&#xD;
	at com.kms.katalon.core.main.TestCaseExecutor.runScript(TestCaseExecutor.java:337)&#xD;
	at com.kms.katalon.core.main.TestCaseExecutor.doExecute(TestCaseExecutor.java:328)&#xD;
	at com.kms.katalon.core.main.TestCaseExecutor.processExecutionPhase(TestCaseExecutor.java:307)&#xD;
	at com.kms.katalon.core.main.TestCaseExecutor.accessMainPhase(TestCaseExecutor.java:299)&#xD;
	at com.kms.katalon.core.main.TestCaseExecutor.execute(TestCaseExecutor.java:233)&#xD;
	at com.kms.katalon.core.main.TestSuiteExecutor.accessTestCaseMainPhase(TestSuiteExecutor.java:133)&#xD;
	at com.kms.katalon.core.main.TestSuiteExecutor.accessTestSuiteMainPhase(TestSuiteExecutor.java:116)&#xD;
	at com.kms.katalon.core.main.TestSuiteExecutor.execute(TestSuiteExecutor.java:83)&#xD;
	at com.kms.katalon.core.main.TestCaseMain.startTestSuite(TestCaseMain.java:157)&#xD;
	at com.kms.katalon.core.main.TestCaseMain$startTestSuite$0.call(Unknown Source)&#xD;
	at TempTestSuite1575621275705.run(TempTestSuite1575621275705.groovy:35)&#xD;
Caused by: com.kms.katalon.core.exception.StepFailedException: Text 'Month Duration Acknowledgement' is not present on page &#xD;
	at com.kms.katalon.core.webui.keyword.internal.WebUIKeywordMain.stepFailed(WebUIKeywordMain.groovy:64)&#xD;
	at com.kms.katalon.core.webui.keyword.builtin.VerifyTextPresentKeyword$_verifyTextPresent_closure1.doCall(VerifyTextPresentKeyword.groovy:79)&#xD;
	at com.kms.katalon.core.webui.keyword.builtin.VerifyTextPresentKeyword$_verifyTextPresent_closure1.call(VerifyTextPresentKeyword.groovy)&#xD;
	at com.kms.katalon.core.webui.keyword.internal.WebUIKeywordMain.runKeyword(WebUIKeywordMain.groovy:20)&#xD;
	... 35 more&#xD;
)&#xD;
&#xD;
2019-12-06 17:00:37 - [MESSAGE][FAILED] - Text 'Month Duration Acknowledgement' is not present on page  (Root cause: com.kms.katalon.core.exception.StepFailedException: Text 'Month Duration Acknowledgement' is not present on page &#xD;
	at com.kms.katalon.core.webui.keyword.internal.WebUIKeywordMain.stepFailed(WebUIKeywordMain.groovy:64)&#xD;
	at com.kms.katalon.core.webui.keyword.builtin.VerifyTextPresentKeyword$_verifyTextPresent_closure1.doCall(VerifyTextPresentKeyword.groovy:79)&#xD;
	at com.kms.katalon.core.webui.keyword.builtin.VerifyTextPresentKeyword$_verifyTextPresent_closure1.call(VerifyTextPresentKeyword.groovy)&#xD;
	at com.kms.katalon.core.webui.keyword.internal.WebUIKeywordMain.runKeyword(WebUIKeywordMain.groovy:20)&#xD;
	at com.kms.katalon.core.webui.keyword.builtin.VerifyTextPresentKeyword.verifyTextPresent(VerifyTextPresentKeyword.groovy:83)&#xD;
	at com.kms.katalon.core.webui.keyword.builtin.VerifyTextPresentKeyword.execute(VerifyTextPresentKeyword.groovy:68)&#xD;
	at com.kms.katalon.core.keyword.internal.KeywordExecutor.executeKeywordForPlatform(KeywordExecutor.groovy:56)&#xD;
	at com.kms.katalon.core.webui.keyword.WebUiBuiltInKeywords.verifyTextPresent(WebUiBuiltInKeywords.groovy:1693)&#xD;
	at com.kms.katalon.core.webui.keyword.WebUiBuiltInKeywords$verifyTextPresent$8.call(Unknown Source)&#xD;
	at goToEnd_stm_autofill.run(goToEnd_stm_autofill:19)&#xD;
	at com.kms.katalon.core.main.ScriptEngine.run(ScriptEngine.java:194)&#xD;
	at com.kms.katalon.core.main.ScriptEngine.runScriptAsRawText(ScriptEngine.java:119)&#xD;
	at com.kms.katalon.core.main.TestCaseExecutor.runScript(TestCaseExecutor.java:337)&#xD;
	at com.kms.katalon.core.main.TestCaseExecutor.doExecute(TestCaseExecutor.java:328)&#xD;
	at com.kms.katalon.core.main.TestCaseExecutor.processExecutionPhase(TestCaseExecutor.java:307)&#xD;
	at com.kms.katalon.core.main.TestCaseExecutor.accessMainPhase(TestCaseExecutor.java:299)&#xD;
	at com.kms.katalon.core.main.TestCaseExecutor.execute(TestCaseExecutor.java:233)&#xD;
	at com.kms.katalon.core.main.TestCaseMain.runTestCase(TestCaseMain.java:114)&#xD;
	at com.kms.katalon.core.keyword.builtin.CallTestCaseKeyword$_callTestCase_closure1.doCall(CallTestCaseKeyword.groovy:59)&#xD;
	at com.kms.katalon.core.keyword.builtin.CallTestCaseKeyword$_callTestCase_closure1.call(CallTestCaseKeyword.groovy)&#xD;
	at com.kms.katalon.core.keyword.internal.KeywordMain.runKeyword(KeywordMain.groovy:68)&#xD;
	at com.kms.katalon.core.keyword.builtin.CallTestCaseKeyword.callTestCase(CallTestCaseKeyword.groovy:81)&#xD;
	at com.kms.katalon.core.keyword.builtin.CallTestCaseKeyword.execute(CallTestCaseKeyword.groovy:44)&#xD;
	at com.kms.katalon.core.keyword.internal.KeywordExecutor.executeKeywordForPlatform(KeywordExecutor.groovy:56)&#xD;
	at com.kms.katalon.core.keyword.BuiltinKeywords.callTestCase(BuiltinKeywords.groovy:334)&#xD;
	at Slaico.run(Slaico:32)&#xD;
	at com.kms.katalon.core.main.ScriptEngine.run(ScriptEngine.java:194)&#xD;
	at com.kms.katalon.core.main.ScriptEngine.runScriptAsRawText(ScriptEngine.java:119)&#xD;
	at com.kms.katalon.core.main.TestCaseExecutor.runScript(TestCaseExecutor.java:337)&#xD;
	at com.kms.katalon.core.main.TestCaseExecutor.doExecute(TestCaseExecutor.java:328)&#xD;
	at com.kms.katalon.core.main.TestCaseExecutor.processExecutionPhase(TestCaseExecutor.java:307)&#xD;
	at com.kms.katalon.core.main.TestCaseExecutor.accessMainPhase(TestCaseExecutor.java:299)&#xD;
	at com.kms.katalon.core.main.TestCaseExecutor.execute(TestCaseExecutor.java:233)&#xD;
	at com.kms.katalon.core.main.TestSuiteExecutor.accessTestCaseMainPhase(TestSuiteExecutor.java:133)&#xD;
	at com.kms.katalon.core.main.TestSuiteExecutor.accessTestSuiteMainPhase(TestSuiteExecutor.java:116)&#xD;
	at com.kms.katalon.core.main.TestSuiteExecutor.execute(TestSuiteExecutor.java:83)&#xD;
	at com.kms.katalon.core.main.TestCaseMain.startTestSuite(TestCaseMain.java:157)&#xD;
	at com.kms.katalon.core.main.TestCaseMain$startTestSuite$0.call(Unknown Source)&#xD;
	at TempTestSuite1575621275705.run(TempTestSuite1575621275705.groovy:35)&#xD;
)&#xD;
&#xD;
2019-12-06 17:00:38 - [MESSAGE][FAILED] - Unable to verify text 'Month Duration Acknowledgement' is present  (Root cause: com.kms.katalon.core.exception.StepFailedException: Unable to verify text 'Month Duration Acknowledgement' is present &#xD;
	at com.kms.katalon.core.webui.keyword.internal.WebUIKeywordMain.stepFailed(WebUIKeywordMain.groovy:64)&#xD;
	at com.kms.katalon.core.webui.keyword.internal.WebUIKeywordMain.runKeyword(WebUIKeywordMain.groovy:26)&#xD;
	at com.kms.katalon.core.webui.keyword.builtin.VerifyTextPresentKeyword.verifyTextPresent(VerifyTextPresentKeyword.groovy:83)&#xD;
	at com.kms.katalon.core.webui.keyword.builtin.VerifyTextPresentKeyword.execute(VerifyTextPresentKeyword.groovy:68)&#xD;
	at com.kms.katalon.core.keyword.internal.KeywordExecutor.executeKeywordForPlatform(KeywordExecutor.groovy:56)&#xD;
	at com.kms.katalon.core.webui.keyword.WebUiBuiltInKeywords.verifyTextPresent(WebUiBuiltInKeywords.groovy:1693)&#xD;
	at com.kms.katalon.core.webui.keyword.WebUiBuiltInKeywords$verifyTextPresent$8.call(Unknown Source)&#xD;
	at goToEnd_stm_autofill.run(goToEnd_stm_autofill:19)&#xD;
	at com.kms.katalon.core.main.ScriptEngine.run(ScriptEngine.java:194)&#xD;
	at com.kms.katalon.core.main.ScriptEngine.runScriptAsRawText(ScriptEngine.java:119)&#xD;
	at com.kms.katalon.core.main.TestCaseExecutor.runScript(TestCaseExecutor.java:337)&#xD;
	at com.kms.katalon.core.main.TestCaseExecutor.doExecute(TestCaseExecutor.java:328)&#xD;
	at com.kms.katalon.core.main.TestCaseExecutor.processExecutionPhase(TestCaseExecutor.java:307)&#xD;
	at com.kms.katalon.core.main.TestCaseExecutor.accessMainPhase(TestCaseExecutor.java:299)&#xD;
	at com.kms.katalon.core.main.TestCaseExecutor.execute(TestCaseExecutor.java:233)&#xD;
	at com.kms.katalon.core.main.TestCaseMain.runTestCase(TestCaseMain.java:114)&#xD;
	at com.kms.katalon.core.keyword.builtin.CallTestCaseKeyword$_callTestCase_closure1.doCall(CallTestCaseKeyword.groovy:59)&#xD;
	at com.kms.katalon.core.keyword.builtin.CallTestCaseKeyword$_callTestCase_closure1.call(CallTestCaseKeyword.groovy)&#xD;
	at com.kms.katalon.core.keyword.internal.KeywordMain.runKeyword(KeywordMain.groovy:68)&#xD;
	at com.kms.katalon.core.keyword.builtin.CallTestCaseKeyword.callTestCase(CallTestCaseKeyword.groovy:81)&#xD;
	at com.kms.katalon.core.keyword.builtin.CallTestCaseKeyword.execute(CallTestCaseKeyword.groovy:44)&#xD;
	at com.kms.katalon.core.keyword.internal.KeywordExecutor.executeKeywordForPlatform(KeywordExecutor.groovy:56)&#xD;
	at com.kms.katalon.core.keyword.BuiltinKeywords.callTestCase(BuiltinKeywords.groovy:334)&#xD;
	at Slaico.run(Slaico:32)&#xD;
	at com.kms.katalon.core.main.ScriptEngine.run(ScriptEngine.java:194)&#xD;
	at com.kms.katalon.core.main.ScriptEngine.runScriptAsRawText(ScriptEngine.java:119)&#xD;
	at com.kms.katalon.core.main.TestCaseExecutor.runScript(TestCaseExecutor.java:337)&#xD;
	at com.kms.katalon.core.main.TestCaseExecutor.doExecute(TestCaseExecutor.java:328)&#xD;
	at com.kms.katalon.core.main.TestCaseExecutor.processExecutionPhase(TestCaseExecutor.java:307)&#xD;
	at com.kms.katalon.core.main.TestCaseExecutor.accessMainPhase(TestCaseExecutor.java:299)&#xD;
	at com.kms.katalon.core.main.TestCaseExecutor.execute(TestCaseExecutor.java:233)&#xD;
	at com.kms.katalon.core.main.TestSuiteExecutor.accessTestCaseMainPhase(TestSuiteExecutor.java:133)&#xD;
	at com.kms.katalon.core.main.TestSuiteExecutor.accessTestSuiteMainPhase(TestSuiteExecutor.java:116)&#xD;
	at com.kms.katalon.core.main.TestSuiteExecutor.execute(TestSuiteExecutor.java:83)&#xD;
	at com.kms.katalon.core.main.TestCaseMain.startTestSuite(TestCaseMain.java:157)&#xD;
	at com.kms.katalon.core.main.TestCaseMain$startTestSuite$0.call(Unknown Source)&#xD;
	at TempTestSuite1575621275705.run(TempTestSuite1575621275705.groovy:35)&#xD;
Caused by: com.kms.katalon.core.exception.StepFailedException: Text 'Month Duration Acknowledgement' is not present on page &#xD;
	at com.kms.katalon.core.webui.keyword.internal.WebUIKeywordMain.stepFailed(WebUIKeywordMain.groovy:64)&#xD;
	at com.kms.katalon.core.webui.keyword.builtin.VerifyTextPresentKeyword$_verifyTextPresent_closure1.doCall(VerifyTextPresentKeyword.groovy:79)&#xD;
	at com.kms.katalon.core.webui.keyword.builtin.VerifyTextPresentKeyword$_verifyTextPresent_closure1.call(VerifyTextPresentKeyword.groovy)&#xD;
	at com.kms.katalon.core.webui.keyword.internal.WebUIKeywordMain.runKeyword(WebUIKeywordMain.groovy:20)&#xD;
	... 35 more&#xD;
)&#xD;
[[ATTACHMENT|D:\\Test\\AgileTest\\AgileTest\\Reports\\AHI\\stm\\20191206_163435\\1575622837815.png]]&#xD;
&#xD;
2019-12-06 17:00:38 - [TEST_STEP][PASSED] - catch (Exception e): null&#xD;
&#xD;
2019-12-06 17:00:38 - [TEST_STEP][PASSED] - println("no consecutive"): null&#xD;
&#xD;
2019-12-06 17:00:38 - [TEST_STEP][PASSED] - waitForPageLoad(10): Wait for page load successfully&#xD;
&#xD;
2019-12-06 17:00:38 - [MESSAGE][PASSED] - Wait for page load successfully&#xD;
&#xD;
2019-12-06 17:00:38 - [TEST_STEP][PASSED] - Thread.sleep(3000): null&#xD;
&#xD;
2019-12-06 17:00:41 - [TEST_STEP][PASSED] - waitForElementVisible(findTestObject("mobileSanity/STM/Page_App Page 1/a_Autofill App Info"), 20): Object 'Object Repository/mobileSanity/STM/Page_App Page 1/a_Autofill App Info' is visible&#xD;
&#xD;
2019-12-06 17:00:41 - [MESSAGE][PASSED] - Object 'Object Repository/mobileSanity/STM/Page_App Page 1/a_Autofill App Info' is visible&#xD;
&#xD;
2019-12-06 17:00:41 - [TEST_STEP][PASSED] - click(findTestObject("mobileSanity/STM/Page_App Page 1/a_Autofill App Info")): Object: 'Object Repository/mobileSanity/STM/Page_App Page 1/a_Autofill App Info' is clicked on&#xD;
&#xD;
2019-12-06 17:00:41 - [MESSAGE][PASSED] - Object: 'Object Repository/mobileSanity/STM/Page_App Page 1/a_Autofill App Info' is clicked on&#xD;
&#xD;
2019-12-06 17:00:41 - [TEST_STEP][PASSED] - Thread.sleep(1000): null&#xD;
&#xD;
2019-12-06 17:00:42 - [TEST_STEP][PASSED] - click(findTestObject("mobileSanity/STM/Page_App Page 1/a_Autofill App Info")): Object: 'Object Repository/mobileSanity/STM/Page_App Page 1/a_Autofill App Info' is clicked on&#xD;
&#xD;
2019-12-06 17:00:42 - [MESSAGE][PASSED] - Object: 'Object Repository/mobileSanity/STM/Page_App Page 1/a_Autofill App Info' is clicked on&#xD;
&#xD;
2019-12-06 17:00:42 - [TEST_STEP][PASSED] - Thread.sleep(1000): null&#xD;
&#xD;
2019-12-06 17:00:43 - [TEST_STEP][PASSED] - waitForElementVisible(findTestObject("mobileSanity/STM/Page_App Page 1/a_Continue"), 20): Object 'Object Repository/mobileSanity/STM/Page_App Page 1/a_Continue' is visible&#xD;
&#xD;
2019-12-06 17:00:43 - [MESSAGE][PASSED] - Object 'Object Repository/mobileSanity/STM/Page_App Page 1/a_Continue' is visible&#xD;
&#xD;
2019-12-06 17:00:43 - [TEST_STEP][PASSED] - click(findTestObject("mobileSanity/STM/Page_App Page 1/a_Continue")): Object: 'Object Repository/mobileSanity/STM/Page_App Page 1/a_Continue' is clicked on&#xD;
&#xD;
2019-12-06 17:00:44 - [MESSAGE][PASSED] - Object: 'Object Repository/mobileSanity/STM/Page_App Page 1/a_Continue' is clicked on&#xD;
&#xD;
2019-12-06 17:00:44 - [TEST_STEP][PASSED] - waitForPageLoad(20): Wait for page load successfully&#xD;
&#xD;
2019-12-06 17:00:44 - [MESSAGE][PASSED] - Wait for page load successfully&#xD;
&#xD;
2019-12-06 17:00:44 - [TEST_STEP][PASSED] - Thread.sleep(5000): null&#xD;
&#xD;
2019-12-06 17:00:49 - [TEST_STEP][PASSED] - callTestCase(findTestCase("AHI/_include/get_screenshot"), [:], STOP_ON_FAILURE): Call Test Case 'Test Cases/AHI/_include/get_screenshot' successfully&#xD;
&#xD;
2019-12-06 17:00:49 - [TEST_CASE][PASSED] - Test Cases/AHI/_include/get_screenshot: Test Cases/AHI/_include/get_screenshot&#xD;
&#xD;
2019-12-06 17:00:49 - [TEST_STEP][PASSED] - takeScreenshot(screenPath + i + ".png"): Taking screenshot successfully&#xD;
&#xD;
2019-12-06 17:00:49 - [MESSAGE][PASSED] - Taking screenshot successfully&#xD;
[[ATTACHMENT|D:\\Test\\AgileTest\\AgileTest\\Reports\\AHI\\stm\\20191206_163435\\../Screenshots/iPhone 6/stm/Salico/20191206_165916/7.png]]&#xD;
&#xD;
2019-12-06 17:00:49 - [TEST_STEP][PASSED] - (internal.GlobalVariable.i++): null&#xD;
&#xD;
2019-12-06 17:00:49 - [MESSAGE][PASSED] - Call Test Case 'Test Cases/AHI/_include/get_screenshot' successfully&#xD;
&#xD;
2019-12-06 17:00:49 - [TEST_STEP][PASSED] - click(findTestObject("mobileSanity/STM/Page_App Page 2/a_Continue to Step 3 - Payment")): Object: 'Object Repository/mobileSanity/STM/Page_App Page 2/a_Continue to Step 3 - Payment' is clicked on&#xD;
&#xD;
2019-12-06 17:00:49 - [MESSAGE][PASSED] - Object: 'Object Repository/mobileSanity/STM/Page_App Page 2/a_Continue to Step 3 - Payment' is clicked on&#xD;
&#xD;
2019-12-06 17:00:49 - [TEST_STEP][PASSED] - waitForPageLoad(20): Wait for page load successfully&#xD;
&#xD;
2019-12-06 17:00:50 - [MESSAGE][PASSED] - Wait for page load successfully&#xD;
&#xD;
2019-12-06 17:00:50 - [TEST_STEP][PASSED] - waitForElementVisible(findTestObject("mobileSanity/STM/Page_App Page 3/input__credit-card-cvv"), 20): Object 'Object Repository/mobileSanity/STM/Page_App Page 3/input__credit-card-cvv' is visible&#xD;
&#xD;
2019-12-06 17:00:52 - [MESSAGE][PASSED] - Object 'Object Repository/mobileSanity/STM/Page_App Page 3/input__credit-card-cvv' is visible&#xD;
&#xD;
2019-12-06 17:00:52 - [TEST_STEP][PASSED] - Thread.sleep(2000): null&#xD;
&#xD;
2019-12-06 17:00:54 - [TEST_STEP][PASSED] - callTestCase(findTestCase("AHI/_include/get_screenshot"), [:], STOP_ON_FAILURE): Call Test Case 'Test Cases/AHI/_include/get_screenshot' successfully&#xD;
&#xD;
2019-12-06 17:00:54 - [TEST_CASE][PASSED] - Test Cases/AHI/_include/get_screenshot: Test Cases/AHI/_include/get_screenshot&#xD;
&#xD;
2019-12-06 17:00:54 - [TEST_STEP][PASSED] - takeScreenshot(screenPath + i + ".png"): Taking screenshot successfully&#xD;
&#xD;
2019-12-06 17:00:55 - [MESSAGE][PASSED] - Taking screenshot successfully&#xD;
[[ATTACHMENT|D:\\Test\\AgileTest\\AgileTest\\Reports\\AHI\\stm\\20191206_163435\\../Screenshots/iPhone 6/stm/Salico/20191206_165916/8.png]]&#xD;
&#xD;
2019-12-06 17:00:55 - [TEST_STEP][PASSED] - (internal.GlobalVariable.i++): null&#xD;
&#xD;
2019-12-06 17:00:55 - [MESSAGE][PASSED] - Call Test Case 'Test Cases/AHI/_include/get_screenshot' successfully&#xD;
&#xD;
2019-12-06 17:00:55 - [TEST_STEP][PASSED] - clearText(findTestObject("mobileSanity/STM/Page_App Page 3/input__credit-card-cvv")): Text of object 'Object Repository/mobileSanity/STM/Page_App Page 3/input__credit-card-cvv' is cleared&#xD;
&#xD;
2019-12-06 17:00:56 - [MESSAGE][PASSED] - Text of object 'Object Repository/mobileSanity/STM/Page_App Page 3/input__credit-card-cvv' is cleared&#xD;
&#xD;
2019-12-06 17:00:56 - [TEST_STEP][PASSED] - setText(findTestObject("mobileSanity/STM/Page_App Page 3/input__credit-card-cvv"), "123"): Text '123' is set on object 'Object Repository/mobileSanity/STM/Page_App Page 3/input__credit-card-cvv'&#xD;
&#xD;
2019-12-06 17:00:57 - [MESSAGE][PASSED] - Text '123' is set on object 'Object Repository/mobileSanity/STM/Page_App Page 3/input__credit-card-cvv'&#xD;
&#xD;
2019-12-06 17:00:57 - [TEST_STEP][PASSED] - click(findTestObject("mobileSanity/STM/Page_App Page 3/label_I Accept Authorization f")): Object: 'Object Repository/mobileSanity/STM/Page_App Page 3/label_I Accept Authorization f' is clicked on&#xD;
&#xD;
2019-12-06 17:00:57 - [MESSAGE][PASSED] - Object: 'Object Repository/mobileSanity/STM/Page_App Page 3/label_I Accept Authorization f' is clicked on&#xD;
&#xD;
2019-12-06 17:00:57 - [TEST_STEP][PASSED] - click(findTestObject("mobileSanity/STM/Page_App Page 3/a_Continue to Step 4 - Review")): Object: 'Object Repository/mobileSanity/STM/Page_App Page 3/a_Continue to Step 4 - Review' is clicked on&#xD;
&#xD;
2019-12-06 17:00:57 - [MESSAGE][PASSED] - Object: 'Object Repository/mobileSanity/STM/Page_App Page 3/a_Continue to Step 4 - Review' is clicked on&#xD;
&#xD;
2019-12-06 17:00:57 - [TEST_STEP][PASSED] - waitForPageLoad(10): Wait for page load successfully&#xD;
&#xD;
2019-12-06 17:00:57 - [MESSAGE][PASSED] - Wait for page load successfully&#xD;
&#xD;
2019-12-06 17:00:57 - [TEST_STEP][PASSED] - waitForElementClickable(findTestObject("mobileSanity/STM/Page_App Page 4/label"), 10): Object 'Object Repository/mobileSanity/STM/Page_App Page 4/label' is clickable&#xD;
&#xD;
2019-12-06 17:01:00 - [MESSAGE][PASSED] - Object 'Object Repository/mobileSanity/STM/Page_App Page 4/label' is clickable&#xD;
&#xD;
2019-12-06 17:01:00 - [TEST_STEP][PASSED] - Thread.sleep(2000): null&#xD;
&#xD;
2019-12-06 17:01:02 - [TEST_STEP][PASSED] - callTestCase(findTestCase("AHI/_include/get_screenshot"), [:], STOP_ON_FAILURE): Call Test Case 'Test Cases/AHI/_include/get_screenshot' successfully&#xD;
&#xD;
2019-12-06 17:01:02 - [TEST_CASE][PASSED] - Test Cases/AHI/_include/get_screenshot: Test Cases/AHI/_include/get_screenshot&#xD;
&#xD;
2019-12-06 17:01:02 - [TEST_STEP][PASSED] - takeScreenshot(screenPath + i + ".png"): Taking screenshot successfully&#xD;
&#xD;
2019-12-06 17:01:03 - [MESSAGE][PASSED] - Taking screenshot successfully&#xD;
[[ATTACHMENT|D:\\Test\\AgileTest\\AgileTest\\Reports\\AHI\\stm\\20191206_163435\\../Screenshots/iPhone 6/stm/Salico/20191206_165916/9.png]]&#xD;
&#xD;
2019-12-06 17:01:03 - [TEST_STEP][PASSED] - (internal.GlobalVariable.i++): null&#xD;
&#xD;
2019-12-06 17:01:03 - [MESSAGE][PASSED] - Call Test Case 'Test Cases/AHI/_include/get_screenshot' successfully&#xD;
&#xD;
2019-12-06 17:01:03 - [TEST_STEP][PASSED] - click(findTestObject("mobileSanity/STM/Page_App Page 4/label")): Object: 'Object Repository/mobileSanity/STM/Page_App Page 4/label' is clicked on&#xD;
&#xD;
2019-12-06 17:01:04 - [MESSAGE][PASSED] - Object: 'Object Repository/mobileSanity/STM/Page_App Page 4/label' is clicked on&#xD;
&#xD;
2019-12-06 17:01:04 - [TEST_STEP][PASSED] - click(findTestObject("mobileSanity/STM/Page_App Page 4/div_CLICK TO SIGN")): Object: 'Object Repository/mobileSanity/STM/Page_App Page 4/div_CLICK TO SIGN' is clicked on&#xD;
&#xD;
2019-12-06 17:01:04 - [MESSAGE][PASSED] - Object: 'Object Repository/mobileSanity/STM/Page_App Page 4/div_CLICK TO SIGN' is clicked on&#xD;
&#xD;
2019-12-06 17:01:04 - [TEST_STEP][PASSED] - click(findTestObject("mobileSanity/STM/Page_App Page 4/a_Submit Your Application")): Object: 'Object Repository/mobileSanity/STM/Page_App Page 4/a_Submit Your Application' is clicked on&#xD;
&#xD;
2019-12-06 17:01:04 - [MESSAGE][PASSED] - Object: 'Object Repository/mobileSanity/STM/Page_App Page 4/a_Submit Your Application' is clicked on&#xD;
&#xD;
2019-12-06 17:01:04 - [TEST_STEP][PASSED] - Thread.sleep(30000): null&#xD;
&#xD;
2019-12-06 17:01:34 - [TEST_STEP][PASSED] - waitForElementPresent(findTestObject("mobileSanity/STM/Page_App Page 6/app-page-wrapper"), 20): Object 'Object Repository/mobileSanity/STM/Page_App Page 6/app-page-wrapper' is present&#xD;
&#xD;
2019-12-06 17:01:34 - [MESSAGE][PASSED] - Object 'Object Repository/mobileSanity/STM/Page_App Page 6/app-page-wrapper' is present&#xD;
&#xD;
2019-12-06 17:01:34 - [TEST_STEP][PASSED] - callTestCase(findTestCase("AHI/_include/get_screenshot"), [:], STOP_ON_FAILURE): Call Test Case 'Test Cases/AHI/_include/get_screenshot' successfully&#xD;
&#xD;
2019-12-06 17:01:34 - [TEST_CASE][PASSED] - Test Cases/AHI/_include/get_screenshot: Test Cases/AHI/_include/get_screenshot&#xD;
&#xD;
2019-12-06 17:01:34 - [TEST_STEP][PASSED] - takeScreenshot(screenPath + i + ".png"): Taking screenshot successfully&#xD;
&#xD;
2019-12-06 17:01:35 - [MESSAGE][PASSED] - Taking screenshot successfully&#xD;
[[ATTACHMENT|D:\\Test\\AgileTest\\AgileTest\\Reports\\AHI\\stm\\20191206_163435\\../Screenshots/iPhone 6/stm/Salico/20191206_165916/10.png]]&#xD;
&#xD;
2019-12-06 17:01:35 - [TEST_STEP][PASSED] - (internal.GlobalVariable.i++): null&#xD;
&#xD;
2019-12-06 17:01:35 - [MESSAGE][PASSED] - Call Test Case 'Test Cases/AHI/_include/get_screenshot' successfully&#xD;
&#xD;
2019-12-06 17:01:35 - [MESSAGE][PASSED] - Call Test Case 'Test Cases/AHI/_include/goToEnd_stm_autofill' successfully</system-out>
            <system-err></system-err>
        </testcase>
        <system-out>2019-12-06 16:43:20 - [TEST_SUITE][INCOMPLETE] - stm: null</system-out>
        <system-err>2019-12-06 16:43:20 - [TEST_SUITE][INCOMPLETE] - stm: null</system-err>
    </testsuite>
</testsuites>
