<?xml version="1.0" encoding="UTF-8"?>
<testsuites name="stm" time="703" tests="4" failures="3" errors="0">
   <testsuite name="stm" tests="4" failures="3" errors="0" time="703" timestamp="2019-07-12 09:21:43" hostname="sofee.yu - windows10.microdone.cn" id="Test Suites/mobileWeb/stm">
      <properties>
         <property name="deviceName" value=""/>
         <property name="devicePlatform" value=""/>
         <property name="logFolder" value="D:\\Test\\AgileTest\\AgileTest\\Reports\\mobileWeb\\stm\\20190712_092139"/>
         <property name="logFiles" value="D:\\Test\\AgileTest\\AgileTest\\Reports\\mobileWeb\\stm\\20190712_092139\\execution0.log"/>
         <property name="attachments" value="D:\\Test\\AgileTest\\AgileTest\\Reports\\mobileWeb\\stm\\20190712_092139\\../Screenshots/iPhone 6/stm/Salico/20190712_092145/0.png, D:\\Test\\AgileTest\\AgileTest\\Reports\\mobileWeb\\stm\\20190712_092139\\../Screenshots/iPhone 6/stm/Salico/20190712_092145/1.png, D:\\Test\\AgileTest\\AgileTest\\Reports\\mobileWeb\\stm\\20190712_092139\\../Screenshots/iPhone 6/stm/Salico/20190712_092145/2.png, D:\\Test\\AgileTest\\AgileTest\\Reports\\mobileWeb\\stm\\20190712_092139\\../Screenshots/iPhone 6/stm/Salico/20190712_092145/3.png, D:\\Test\\AgileTest\\AgileTest\\Reports\\mobileWeb\\stm\\20190712_092139\\../Screenshots/iPhone 6/stm/Salico/20190712_092145/4.png, D:\\Test\\AgileTest\\AgileTest\\Reports\\mobileWeb\\stm\\20190712_092139\\../Screenshots/iPhone 6/stm/Salico/20190712_092145/5.png, D:\\Test\\AgileTest\\AgileTest\\Reports\\mobileWeb\\stm\\20190712_092139\\../Screenshots/iPhone 6/stm/Salico/20190712_092145/6.png, D:\\Test\\AgileTest\\AgileTest\\Reports\\mobileWeb\\stm\\20190712_092139\\../Screenshots/iPhone 6/stm/Salico/20190712_092145/7.png, D:\\Test\\AgileTest\\AgileTest\\Reports\\mobileWeb\\stm\\20190712_092139\\../Screenshots/iPhone 6/stm/Salico/20190712_092145/8.png, D:\\Test\\AgileTest\\AgileTest\\Reports\\mobileWeb\\stm\\20190712_092139\\../Screenshots/iPhone 6/stm/Salico/20190712_092145/9.png, D:\\Test\\AgileTest\\AgileTest\\Reports\\mobileWeb\\stm\\20190712_092139\\../Screenshots/iPhone 6/stm/Salico/20190712_092145/10.png, D:\\Test\\AgileTest\\AgileTest\\Reports\\mobileWeb\\stm\\20190712_092139\\../Screenshots/iPhone 6/stm/AdvantHealth/20190712_092326/0.png, D:\\Test\\AgileTest\\AgileTest\\Reports\\mobileWeb\\stm\\20190712_092139\\../Screenshots/iPhone 6/stm/AdvantHealth/20190712_092326/1.png, D:\\Test\\AgileTest\\AgileTest\\Reports\\mobileWeb\\stm\\20190712_092139\\../Screenshots/iPhone 6/stm/AdvantHealth/20190712_092326/2.png, D:\\Test\\AgileTest\\AgileTest\\Reports\\mobileWeb\\stm\\20190712_092139\\../Screenshots/iPhone 6/stm/AdvantHealth/20190712_092326/3.png, D:\\Test\\AgileTest\\AgileTest\\Reports\\mobileWeb\\stm\\20190712_092139\\../Screenshots/iPhone 6/stm/AdvantHealth/20190712_092326/4.png, D:\\Test\\AgileTest\\AgileTest\\Reports\\mobileWeb\\stm\\20190712_092139\\../Screenshots/iPhone 6/stm/AdvantHealth/20190712_092326/5.png, D:\\Test\\AgileTest\\AgileTest\\Reports\\mobileWeb\\stm\\20190712_092139\\../Screenshots/iPhone 6/stm/AdvantHealth/20190712_092326/6.png, D:\\Test\\AgileTest\\AgileTest\\Reports\\mobileWeb\\stm\\20190712_092139\\../Screenshots/iPhone 6/stm/AdvantHealth/20190712_092326/7.png, D:\\Test\\AgileTest\\AgileTest\\Reports\\mobileWeb\\stm\\20190712_092139\\../Screenshots/iPhone 6/stm/AdvantHealth/20190712_092326/8.png, D:\\Test\\AgileTest\\AgileTest\\Reports\\mobileWeb\\stm\\20190712_092139\\../Screenshots/iPhone 6/stm/AdvantHealth/20190712_092326/9.png, D:\\Test\\AgileTest\\AgileTest\\Reports\\mobileWeb\\stm\\20190712_092139\\../Screenshots/iPhone 6/stm/Companion/20190712_092509/0.png, D:\\Test\\AgileTest\\AgileTest\\Reports\\mobileWeb\\stm\\20190712_092139\\../Screenshots/iPhone 6/stm/Companion/20190712_092509/1.png, D:\\Test\\AgileTest\\AgileTest\\Reports\\mobileWeb\\stm\\20190712_092139\\../Screenshots/iPhone 6/stm/Companion/20190712_092509/2.png, D:\\Test\\AgileTest\\AgileTest\\Reports\\mobileWeb\\stm\\20190712_092139\\../Screenshots/iPhone 6/stm/Companion/20190712_092509/3.png, D:\\Test\\AgileTest\\AgileTest\\Reports\\mobileWeb\\stm\\20190712_092139\\../Screenshots/iPhone 6/stm/Companion/20190712_092509/4.png, D:\\Test\\AgileTest\\AgileTest\\Reports\\mobileWeb\\stm\\20190712_092139\\../Screenshots/iPhone 6/stm/Companion/20190712_092509/5.png, D:\\Test\\AgileTest\\AgileTest\\Reports\\mobileWeb\\stm\\20190712_092139\\../Screenshots/iPhone 6/stm/Companion/20190712_092509/6.png, D:\\Test\\AgileTest\\AgileTest\\Reports\\mobileWeb\\stm\\20190712_092139\\../Screenshots/iPhone 6/stm/Companion/20190712_092509/7.png, D:\\Test\\AgileTest\\AgileTest\\Reports\\mobileWeb\\stm\\20190712_092139\\../Screenshots/iPhone 6/stm/Companion/20190712_092509/8.png, D:\\Test\\AgileTest\\AgileTest\\Reports\\mobileWeb\\stm\\20190712_092139\\../Screenshots/iPhone 6/stm/Companion/20190712_092509/9.png, D:\\Test\\AgileTest\\AgileTest\\Reports\\mobileWeb\\stm\\20190712_092139\\../Screenshots/iPhone 6/stm/Companion/20190712_092509/10.png, D:\\Test\\AgileTest\\AgileTest\\Reports\\mobileWeb\\stm\\20190712_092139\\1562894829076.png, D:\\Test\\AgileTest\\AgileTest\\Reports\\mobileWeb\\stm\\20190712_092139\\1562894829502.png, D:\\Test\\AgileTest\\AgileTest\\Reports\\mobileWeb\\stm\\20190712_092139\\../Screenshots/iPhone 6/stm/Everest/20190712_092710/0.png, D:\\Test\\AgileTest\\AgileTest\\Reports\\mobileWeb\\stm\\20190712_092139\\../Screenshots/iPhone 6/stm/Everest/20190712_092710/1.png, D:\\Test\\AgileTest\\AgileTest\\Reports\\mobileWeb\\stm\\20190712_092139\\../Screenshots/iPhone 6/stm/Everest/20190712_092710/2.png, D:\\Test\\AgileTest\\AgileTest\\Reports\\mobileWeb\\stm\\20190712_092139\\../Screenshots/iPhone 6/stm/Everest/20190712_092710/3.png, D:\\Test\\AgileTest\\AgileTest\\Reports\\mobileWeb\\stm\\20190712_092139\\../Screenshots/iPhone 6/stm/Everest/20190712_092710/4.png, D:\\Test\\AgileTest\\AgileTest\\Reports\\mobileWeb\\stm\\20190712_092139\\../Screenshots/iPhone 6/stm/Everest/20190712_092710/5.png, D:\\Test\\AgileTest\\AgileTest\\Reports\\mobileWeb\\stm\\20190712_092139\\../Screenshots/iPhone 6/stm/Everest/20190712_092710/6.png, D:\\Test\\AgileTest\\AgileTest\\Reports\\mobileWeb\\stm\\20190712_092139\\../Screenshots/iPhone 6/stm/Everest/20190712_092710/7.png, D:\\Test\\AgileTest\\AgileTest\\Reports\\mobileWeb\\stm\\20190712_092139\\../Screenshots/iPhone 6/stm/Everest/20190712_092710/8.png, D:\\Test\\AgileTest\\AgileTest\\Reports\\mobileWeb\\stm\\20190712_092139\\../Screenshots/iPhone 6/stm/Everest/20190712_092710/9.png, D:\\Test\\AgileTest\\AgileTest\\Reports\\mobileWeb\\stm\\20190712_092139\\../Screenshots/iPhone 6/stm/Everest/20190712_092710/10.png, D:\\Test\\AgileTest\\AgileTest\\Reports\\mobileWeb\\stm\\20190712_092139\\../Screenshots/iPhone 6/stm/Everest Prime/20190712_092846/0.png, D:\\Test\\AgileTest\\AgileTest\\Reports\\mobileWeb\\stm\\20190712_092139\\../Screenshots/iPhone 6/stm/Everest Prime/20190712_092846/1.png, D:\\Test\\AgileTest\\AgileTest\\Reports\\mobileWeb\\stm\\20190712_092139\\../Screenshots/iPhone 6/stm/Everest Prime/20190712_092846/2.png, D:\\Test\\AgileTest\\AgileTest\\Reports\\mobileWeb\\stm\\20190712_092139\\../Screenshots/iPhone 6/stm/Everest Prime/20190712_092846/3.png, D:\\Test\\AgileTest\\AgileTest\\Reports\\mobileWeb\\stm\\20190712_092139\\../Screenshots/iPhone 6/stm/Everest Prime/20190712_092846/4.png, D:\\Test\\AgileTest\\AgileTest\\Reports\\mobileWeb\\stm\\20190712_092139\\../Screenshots/iPhone 6/stm/Everest Prime/20190712_092846/5.png, D:\\Test\\AgileTest\\AgileTest\\Reports\\mobileWeb\\stm\\20190712_092139\\../Screenshots/iPhone 6/stm/Everest Prime/20190712_092846/6.png, D:\\Test\\AgileTest\\AgileTest\\Reports\\mobileWeb\\stm\\20190712_092139\\1562894975200.png, D:\\Test\\AgileTest\\AgileTest\\Reports\\mobileWeb\\stm\\20190712_092139\\../Screenshots/iPhone 6/stm/LifeShield/20190712_092936/0.png, D:\\Test\\AgileTest\\AgileTest\\Reports\\mobileWeb\\stm\\20190712_092139\\../Screenshots/iPhone 6/stm/LifeShield/20190712_092936/1.png, D:\\Test\\AgileTest\\AgileTest\\Reports\\mobileWeb\\stm\\20190712_092139\\../Screenshots/iPhone 6/stm/LifeShield/20190712_092936/2.png, D:\\Test\\AgileTest\\AgileTest\\Reports\\mobileWeb\\stm\\20190712_092139\\../Screenshots/iPhone 6/stm/LifeShield/20190712_092936/3.png, D:\\Test\\AgileTest\\AgileTest\\Reports\\mobileWeb\\stm\\20190712_092139\\../Screenshots/iPhone 6/stm/LifeShield/20190712_092936/4.png, D:\\Test\\AgileTest\\AgileTest\\Reports\\mobileWeb\\stm\\20190712_092139\\../Screenshots/iPhone 6/stm/LifeShield/20190712_092936/5.png, D:\\Test\\AgileTest\\AgileTest\\Reports\\mobileWeb\\stm\\20190712_092139\\../Screenshots/iPhone 6/stm/LifeShield/20190712_092936/6.png, D:\\Test\\AgileTest\\AgileTest\\Reports\\mobileWeb\\stm\\20190712_092139\\../Screenshots/iPhone 6/stm/LifeShield/20190712_092936/7.png, D:\\Test\\AgileTest\\AgileTest\\Reports\\mobileWeb\\stm\\20190712_092139\\../Screenshots/iPhone 6/stm/National General/20190712_093104/0.png, D:\\Test\\AgileTest\\AgileTest\\Reports\\mobileWeb\\stm\\20190712_092139\\../Screenshots/iPhone 6/stm/National General/20190712_093104/1.png, D:\\Test\\AgileTest\\AgileTest\\Reports\\mobileWeb\\stm\\20190712_092139\\../Screenshots/iPhone 6/stm/National General/20190712_093104/2.png, D:\\Test\\AgileTest\\AgileTest\\Reports\\mobileWeb\\stm\\20190712_092139\\../Screenshots/iPhone 6/stm/National General/20190712_093104/3.png, D:\\Test\\AgileTest\\AgileTest\\Reports\\mobileWeb\\stm\\20190712_092139\\../Screenshots/iPhone 6/stm/National General/20190712_093104/4.png, D:\\Test\\AgileTest\\AgileTest\\Reports\\mobileWeb\\stm\\20190712_092139\\../Screenshots/iPhone 6/stm/National General/20190712_093104/5.png, D:\\Test\\AgileTest\\AgileTest\\Reports\\mobileWeb\\stm\\20190712_092139\\../Screenshots/iPhone 6/stm/National General/20190712_093104/6.png, D:\\Test\\AgileTest\\AgileTest\\Reports\\mobileWeb\\stm\\20190712_092139\\../Screenshots/iPhone 6/stm/National General/20190712_093104/7.png, D:\\Test\\AgileTest\\AgileTest\\Reports\\mobileWeb\\stm\\20190712_092139\\../Screenshots/iPhone 6/stm/National General/20190712_093104/8.png, D:\\Test\\AgileTest\\AgileTest\\Reports\\mobileWeb\\stm\\20190712_092139\\../Screenshots/iPhone 6/stm/National General/20190712_093104/9.png, D:\\Test\\AgileTest\\AgileTest\\Reports\\mobileWeb\\stm\\20190712_092139\\../Screenshots/iPhone 6/stm/National General/20190712_093104/10.png, D:\\Test\\AgileTest\\AgileTest\\Reports\\mobileWeb\\stm\\20190712_092139\\1562895205170.png, D:\\Test\\AgileTest\\AgileTest\\Reports\\mobileWeb\\stm\\20190712_092139\\1562895205616.png"/>
         <property name="hostName" value="sofee.yu - windows10.microdone.cn"/>
         <property name="os" value="Windows 7 64bit"/>
         <property name="katalonVersion" value="5.9.1.2"/>
         <property name="browser" value="Safari 11"/>
         <property name="hostAddress" value="172.16.86.47"/>
         <property name="sessionId" value="4637ee54ff3ba36e53481d5f07fa2401"/>
         <property name="seleniumVersion" value="3.7.1"/>
         <property name="proxyInformation" value="ProxyInformation{proxyOption=NO_PROXY, proxyServerType=HTTP, password=, proxyServerAddress=, proxyServerPort=0}"/>
         <property name="platform" value="Windows 7"/>
      </properties>
      <testcase name="Test Cases/mobileWeb/stm/Slaico" classname="Test Cases/mobileWeb/stm/Slaico" status="PASSED">
         <system-out><![CDATA[2019-07-12 09:21:43 - [TEST_CASE][PASSED] - Test Cases/mobileWeb/stm/Slaico: Test Cases/mobileWeb/stm/Slaico

2019-07-12 09:21:44 - [TEST_STEP][PASSED] - callTestCase(findTestCase("mobileWeb/_include/get_screenPath"), ["productLine":"stm", "carrierName":"Salico"], CONTINUE_ON_FAILURE): Call Test Case 'Test Cases/mobileWeb/_include/get_screenPath' successfully

2019-07-12 09:21:45 - [TEST_CASE][PASSED] - Test Cases/mobileWeb/_include/get_screenPath: Test Cases/mobileWeb/_include/get_screenPath

2019-07-12 09:21:45 - [TEST_STEP][PASSED] - m = getExecutionProperties(): null

2019-07-12 09:21:45 - [TEST_STEP][PASSED] - deviceName = get("mobileEmulation").get("deviceName"): null

2019-07-12 09:21:45 - [TEST_STEP][PASSED] - println(deviceName): null

2019-07-12 09:21:45 - [TEST_STEP][PASSED] - now = new java.util.Date(): null

2019-07-12 09:21:45 - [TEST_STEP][PASSED] - mydate = now.format("yyyyMMdd_HHmmss"): null

2019-07-12 09:21:45 - [TEST_STEP][PASSED] - screenPath = "../Screenshots/": null

2019-07-12 09:21:45 - [TEST_STEP][PASSED] - screenPath = screenPath + deviceName + "/" + productLine + "/" + carrierName + "/" + mydate + "/": null

2019-07-12 09:21:45 - [TEST_STEP][PASSED] - println(screenPath): null

2019-07-12 09:21:45 - [MESSAGE][PASSED] - Call Test Case 'Test Cases/mobileWeb/_include/get_screenPath' successfully

2019-07-12 09:21:45 - [TEST_STEP][PASSED] - i = 0: null

2019-07-12 09:21:45 - [TEST_STEP][PASSED] - openBrowser(""): Browser is opened with url: ''

2019-07-12 09:21:46 - [MESSAGE][INFO] - Starting 'Chrome' driver

2019-07-12 09:21:46 - [MESSAGE][INFO] - User set preference: ['mobileEmulation', '{deviceName=iPhone 6}']

2019-07-12 09:21:46 - [MESSAGE][INFO] - User set preference: ['args', '[--incognito, --aggressive-cache-discard, --window-size=375,677, --no-sandbox]']

2019-07-12 09:21:46 - [MESSAGE][INFO] - Action delay is set to 0 seconds

2019-07-12 09:21:50 - [MESSAGE][PASSED] - Browser is opened with url: ''

2019-07-12 09:21:50 - [TEST_STEP][PASSED] - navigateToUrl(ENV): Navigate to 'https://praetemptatus.agilehealthinsurance.com' successfully

2019-07-12 09:21:53 - [MESSAGE][PASSED] - Navigate to 'https://praetemptatus.agilehealthinsurance.com' successfully

2019-07-12 09:21:53 - [TEST_STEP][PASSED] - waitForPageLoad(10): Wait for page load successfully

2019-07-12 09:21:53 - [MESSAGE][PASSED] - Wait for page load successfully

2019-07-12 09:21:53 - [TEST_STEP][PASSED] - callTestCase(findTestCase("mobileWeb/_include/get_screenshot"), [:], STOP_ON_FAILURE): Call Test Case 'Test Cases/mobileWeb/_include/get_screenshot' successfully

2019-07-12 09:21:53 - [TEST_CASE][PASSED] - Test Cases/mobileWeb/_include/get_screenshot: Test Cases/mobileWeb/_include/get_screenshot

2019-07-12 09:21:53 - [TEST_STEP][PASSED] - takeScreenshot(screenPath + i + ".png"): Taking screenshot successfully

2019-07-12 09:21:54 - [MESSAGE][PASSED] - Taking screenshot successfully
[[ATTACHMENT|D:\\Test\\AgileTest\\AgileTest\\Reports\\mobileWeb\\stm\\20190712_092139\\../Screenshots/iPhone 6/stm/Salico/20190712_092145/0.png]]

2019-07-12 09:21:54 - [TEST_STEP][PASSED] - (internal.GlobalVariable.i++): null

2019-07-12 09:21:54 - [MESSAGE][PASSED] - Call Test Case 'Test Cases/mobileWeb/_include/get_screenshot' successfully

2019-07-12 09:21:54 - [TEST_STEP][PASSED] - callTestCase(findTestCase("mobileWeb/_include/census_stm"), ["zipcode":"60602"], STOP_ON_FAILURE): Call Test Case 'Test Cases/mobileWeb/_include/census_stm' successfully

2019-07-12 09:21:54 - [TEST_CASE][PASSED] - Test Cases/mobileWeb/_include/census_stm: Test Cases/mobileWeb/_include/census_stm

2019-07-12 09:21:55 - [TEST_STEP][PASSED] - waitForElementClickable(findTestObject("mobileSanity/STM/Home Page/a_Quote  Save Today"), 10): Object 'Object Repository/mobileSanity/STM/Home Page/a_Quote  Save Today' is clickable

2019-07-12 09:21:56 - [MESSAGE][PASSED] - Object 'Object Repository/mobileSanity/STM/Home Page/a_Quote  Save Today' is clickable

2019-07-12 09:21:56 - [TEST_STEP][PASSED] - click(findTestObject("mobileSanity/STM/Home Page/a_Quote  Save Today")): Object: 'Object Repository/mobileSanity/STM/Home Page/a_Quote  Save Today' is clicked on

2019-07-12 09:21:57 - [MESSAGE][PASSED] - Object: 'Object Repository/mobileSanity/STM/Home Page/a_Quote  Save Today' is clicked on

2019-07-12 09:21:57 - [TEST_STEP][PASSED] - waitForPageLoad(10): Wait for page load successfully

2019-07-12 09:21:57 - [MESSAGE][PASSED] - Wait for page load successfully

2019-07-12 09:21:57 - [TEST_STEP][PASSED] - callTestCase(findTestCase("mobileWeb/_include/get_screenshot"), [:], STOP_ON_FAILURE): Call Test Case 'Test Cases/mobileWeb/_include/get_screenshot' successfully

2019-07-12 09:21:57 - [TEST_CASE][PASSED] - Test Cases/mobileWeb/_include/get_screenshot: Test Cases/mobileWeb/_include/get_screenshot

2019-07-12 09:21:57 - [TEST_STEP][PASSED] - takeScreenshot(screenPath + i + ".png"): Taking screenshot successfully

2019-07-12 09:21:58 - [MESSAGE][PASSED] - Taking screenshot successfully
[[ATTACHMENT|D:\\Test\\AgileTest\\AgileTest\\Reports\\mobileWeb\\stm\\20190712_092139\\../Screenshots/iPhone 6/stm/Salico/20190712_092145/1.png]]

2019-07-12 09:21:58 - [TEST_STEP][PASSED] - (internal.GlobalVariable.i++): null

2019-07-12 09:21:58 - [MESSAGE][PASSED] - Call Test Case 'Test Cases/mobileWeb/_include/get_screenshot' successfully

2019-07-12 09:21:58 - [TEST_STEP][PASSED] - setText(findTestObject("mobileSanity/STM/STM Census Page/input_Location_zip-input"), zipcode): Text '60602' is set on object 'Object Repository/mobileSanity/STM/STM Census Page/input_Location_zip-input'

2019-07-12 09:21:59 - [MESSAGE][PASSED] - Text '60602' is set on object 'Object Repository/mobileSanity/STM/STM Census Page/input_Location_zip-input'

2019-07-12 09:21:59 - [TEST_STEP][PASSED] - Thread.sleep(500): null

2019-07-12 09:21:59 - [TEST_STEP][PASSED] - setText(findTestObject("mobileSanity/STM/STM Census Page/input_Date of Birth_dob-0"), "03031987"): Text '03031987' is set on object 'Object Repository/mobileSanity/STM/STM Census Page/input_Date of Birth_dob-0'

2019-07-12 09:22:00 - [MESSAGE][PASSED] - Text '03031987' is set on object 'Object Repository/mobileSanity/STM/STM Census Page/input_Date of Birth_dob-0'

2019-07-12 09:22:00 - [TEST_STEP][PASSED] - click(findTestObject("mobileSanity/STM/STM Census Page/label_Male")): Object: 'Object Repository/mobileSanity/STM/STM Census Page/label_Male' is clicked on

2019-07-12 09:22:00 - [MESSAGE][PASSED] - Object: 'Object Repository/mobileSanity/STM/STM Census Page/label_Male' is clicked on

2019-07-12 09:22:00 - [TEST_STEP][PASSED] - click(findTestObject("mobileSanity/STM/STM Census Page/label_Compare Plans")): Object: 'Object Repository/mobileSanity/STM/STM Census Page/label_Compare Plans' is clicked on

2019-07-12 09:22:00 - [MESSAGE][PASSED] - Object: 'Object Repository/mobileSanity/STM/STM Census Page/label_Compare Plans' is clicked on

2019-07-12 09:22:00 - [TEST_STEP][PASSED] - waitForPageLoad(10): Wait for page load successfully

2019-07-12 09:22:05 - [MESSAGE][PASSED] - Wait for page load successfully

2019-07-12 09:22:05 - [TEST_STEP][PASSED] - Thread.sleep(2000): null

2019-07-12 09:22:07 - [TEST_STEP][PASSED] - callTestCase(findTestCase("mobileWeb/_include/get_screenshot"), [:], STOP_ON_FAILURE): Call Test Case 'Test Cases/mobileWeb/_include/get_screenshot' successfully

2019-07-12 09:22:07 - [TEST_CASE][PASSED] - Test Cases/mobileWeb/_include/get_screenshot: Test Cases/mobileWeb/_include/get_screenshot

2019-07-12 09:22:07 - [TEST_STEP][PASSED] - takeScreenshot(screenPath + i + ".png"): Taking screenshot successfully

2019-07-12 09:22:08 - [MESSAGE][PASSED] - Taking screenshot successfully
[[ATTACHMENT|D:\\Test\\AgileTest\\AgileTest\\Reports\\mobileWeb\\stm\\20190712_092139\\../Screenshots/iPhone 6/stm/Salico/20190712_092145/2.png]]

2019-07-12 09:22:08 - [TEST_STEP][PASSED] - (internal.GlobalVariable.i++): null

2019-07-12 09:22:08 - [MESSAGE][PASSED] - Call Test Case 'Test Cases/mobileWeb/_include/get_screenshot' successfully

2019-07-12 09:22:08 - [MESSAGE][PASSED] - Call Test Case 'Test Cases/mobileWeb/_include/census_stm' successfully

2019-07-12 09:22:08 - [TEST_STEP][PASSED] - callTestCase(findTestCase("mobileWeb/_include/filter_stm"), ["carrier":"slaico"], STOP_ON_FAILURE): Call Test Case 'Test Cases/mobileWeb/_include/filter_stm' successfully

2019-07-12 09:22:08 - [TEST_CASE][PASSED] - Test Cases/mobileWeb/_include/filter_stm: Test Cases/mobileWeb/_include/filter_stm

2019-07-12 09:22:08 - [TEST_STEP][PASSED] - driver = getWebDriver(): null

2019-07-12 09:22:08 - [TEST_STEP][PASSED] - selenium = new com.thoughtworks.selenium.webdriven.WebDriverBackedSelenium(driver, internal.GlobalVariable.ENV): null

2019-07-12 09:22:08 - [TEST_STEP][PASSED] - click(findTestObject("mobileSanity/STM/STM Quote Page/button_6 months")): Object: 'Object Repository/mobileSanity/STM/STM Quote Page/button_6 months' is clicked on

2019-07-12 09:22:09 - [MESSAGE][PASSED] - Object: 'Object Repository/mobileSanity/STM/STM Quote Page/button_6 months' is clicked on

2019-07-12 09:22:09 - [TEST_STEP][PASSED] - test.MobileKeywords.clickJS(findTestObject("mobileSanity/STM/STM Quote Page/radio_6 months")): test.MobileKeywords.clickJS is PASSED

2019-07-12 09:22:09 - [MESSAGE][PASSED] - Execute JavaScript 'arguments[0].click()' successfully

2019-07-12 09:22:09 - [MESSAGE][PASSED] - test.MobileKeywords.clickJS is PASSED

2019-07-12 09:22:09 - [TEST_STEP][PASSED] - Thread.sleep(1000): null

2019-07-12 09:22:10 - [TEST_STEP][PASSED] - test.MobileKeywords.clickJS(findTestObject("mobileSanity/STM/STM Quote Page/duration_show_plans")): test.MobileKeywords.clickJS is PASSED

2019-07-12 09:22:11 - [MESSAGE][PASSED] - Execute JavaScript 'arguments[0].click()' successfully

2019-07-12 09:22:11 - [MESSAGE][PASSED] - test.MobileKeywords.clickJS is PASSED

2019-07-12 09:22:11 - [TEST_STEP][PASSED] - waitForJQueryLoad(10, STOP_ON_FAILURE): jQuery is ready.

2019-07-12 09:22:11 - [MESSAGE][PASSED] - jQuery is ready.

2019-07-12 09:22:11 - [TEST_STEP][PASSED] - Thread.sleep(1000): null

2019-07-12 09:22:12 - [TEST_STEP][PASSED] - click(findTestObject("mobileSanity/STM/STM Quote Page/button_filters")): Object: 'Object Repository/mobileSanity/STM/STM Quote Page/button_filters' is clicked on

2019-07-12 09:22:13 - [MESSAGE][PASSED] - Object: 'Object Repository/mobileSanity/STM/STM Quote Page/button_filters' is clicked on

2019-07-12 09:22:13 - [TEST_STEP][PASSED] - Thread.sleep(1000): null

2019-07-12 09:22:14 - [TEST_STEP][PASSED] - click(findTestObject("mobileSanity/STM/STM Quote Page/i_Insurance company")): Object: 'Object Repository/mobileSanity/STM/STM Quote Page/i_Insurance company' is clicked on

2019-07-12 09:22:14 - [MESSAGE][PASSED] - Object: 'Object Repository/mobileSanity/STM/STM Quote Page/i_Insurance company' is clicked on

2019-07-12 09:22:14 - [TEST_STEP][PASSED] - Thread.sleep(1000): null

2019-07-12 09:22:15 - [TEST_STEP][PASSED] - filter_carrier = "//input[@name='filter[carrier]' and @value='" + carrier + "']/following::label": null

2019-07-12 09:22:15 - [TEST_STEP][PASSED] - println(filter_carrier): null

2019-07-12 09:22:15 - [TEST_STEP][PASSED] - test.MobileKeywords.clickJS_ByXpath(filter_carrier): test.MobileKeywords.clickJS_ByXpath is PASSED

2019-07-12 09:22:15 - [MESSAGE][PASSED] - Execute JavaScript 'arguments[0].click()' successfully

2019-07-12 09:22:15 - [MESSAGE][PASSED] - test.MobileKeywords.clickJS_ByXpath is PASSED

2019-07-12 09:22:15 - [TEST_STEP][PASSED] - Thread.sleep(1000): null

2019-07-12 09:22:16 - [TEST_STEP][PASSED] - scrollToElement(findTestObject("mobileSanity/STM/STM Quote Page/a_Show Plans"), 1000): Scroll to object 'Object Repository/mobileSanity/STM/STM Quote Page/a_Show Plans' successfully

2019-07-12 09:22:16 - [MESSAGE][PASSED] - Scroll to object 'Object Repository/mobileSanity/STM/STM Quote Page/a_Show Plans' successfully

2019-07-12 09:22:16 - [TEST_STEP][PASSED] - click(findTestObject("mobileSanity/STM/STM Quote Page/a_Show Plans")): Object: 'Object Repository/mobileSanity/STM/STM Quote Page/a_Show Plans' is clicked on

2019-07-12 09:22:17 - [MESSAGE][PASSED] - Object: 'Object Repository/mobileSanity/STM/STM Quote Page/a_Show Plans' is clicked on

2019-07-12 09:22:17 - [TEST_STEP][PASSED] - waitForJQueryLoad(10, STOP_ON_FAILURE): jQuery is ready.

2019-07-12 09:22:17 - [MESSAGE][PASSED] - jQuery is ready.

2019-07-12 09:22:17 - [TEST_STEP][PASSED] - Thread.sleep(2000): null

2019-07-12 09:22:19 - [TEST_STEP][PASSED] - callTestCase(findTestCase("mobileWeb/_include/get_screenshot"), [:], STOP_ON_FAILURE): Call Test Case 'Test Cases/mobileWeb/_include/get_screenshot' successfully

2019-07-12 09:22:19 - [TEST_CASE][PASSED] - Test Cases/mobileWeb/_include/get_screenshot: Test Cases/mobileWeb/_include/get_screenshot

2019-07-12 09:22:19 - [TEST_STEP][PASSED] - takeScreenshot(screenPath + i + ".png"): Taking screenshot successfully

2019-07-12 09:22:20 - [MESSAGE][PASSED] - Taking screenshot successfully
[[ATTACHMENT|D:\\Test\\AgileTest\\AgileTest\\Reports\\mobileWeb\\stm\\20190712_092139\\../Screenshots/iPhone 6/stm/Salico/20190712_092145/3.png]]

2019-07-12 09:22:20 - [TEST_STEP][PASSED] - (internal.GlobalVariable.i++): null

2019-07-12 09:22:20 - [MESSAGE][PASSED] - Call Test Case 'Test Cases/mobileWeb/_include/get_screenshot' successfully

2019-07-12 09:22:20 - [MESSAGE][PASSED] - Call Test Case 'Test Cases/mobileWeb/_include/filter_stm' successfully

2019-07-12 09:22:20 - [TEST_STEP][PASSED] - callTestCase(findTestCase("mobileWeb/_include/goToDetail_stm"), ["carrier":"slaico"], STOP_ON_FAILURE): Call Test Case 'Test Cases/mobileWeb/_include/goToDetail_stm' successfully

2019-07-12 09:22:20 - [TEST_CASE][PASSED] - Test Cases/mobileWeb/_include/goToDetail_stm: Test Cases/mobileWeb/_include/goToDetail_stm

2019-07-12 09:22:20 - [TEST_STEP][PASSED] - driver = getWebDriver(): null

2019-07-12 09:22:20 - [TEST_STEP][PASSED] - selenium = new com.thoughtworks.selenium.webdriven.WebDriverBackedSelenium(driver, internal.GlobalVariable.ENV): null

2019-07-12 09:22:20 - [TEST_STEP][PASSED] - a_plan_name = "xpath=//a[contains(@href,'/term-health-insurance/plan/" + carrier + "')]": null

2019-07-12 09:22:20 - [TEST_STEP][PASSED] - println(a_plan_name): null

2019-07-12 09:22:20 - [TEST_STEP][PASSED] - selenium.click(a_plan_name): null

2019-07-12 09:22:27 - [TEST_STEP][PASSED] - waitForPageLoad(10): Wait for page load successfully

2019-07-12 09:22:27 - [MESSAGE][PASSED] - Wait for page load successfully

2019-07-12 09:22:27 - [TEST_STEP][PASSED] - Thread.sleep(2000): null

2019-07-12 09:22:29 - [TEST_STEP][PASSED] - callTestCase(findTestCase("mobileWeb/_include/get_screenshot"), [:], STOP_ON_FAILURE): Call Test Case 'Test Cases/mobileWeb/_include/get_screenshot' successfully

2019-07-12 09:22:29 - [TEST_CASE][PASSED] - Test Cases/mobileWeb/_include/get_screenshot: Test Cases/mobileWeb/_include/get_screenshot

2019-07-12 09:22:29 - [TEST_STEP][PASSED] - takeScreenshot(screenPath + i + ".png"): Taking screenshot successfully

2019-07-12 09:22:29 - [MESSAGE][PASSED] - Taking screenshot successfully
[[ATTACHMENT|D:\\Test\\AgileTest\\AgileTest\\Reports\\mobileWeb\\stm\\20190712_092139\\../Screenshots/iPhone 6/stm/Salico/20190712_092145/4.png]]

2019-07-12 09:22:29 - [TEST_STEP][PASSED] - (internal.GlobalVariable.i++): null

2019-07-12 09:22:29 - [MESSAGE][PASSED] - Call Test Case 'Test Cases/mobileWeb/_include/get_screenshot' successfully

2019-07-12 09:22:29 - [MESSAGE][PASSED] - Call Test Case 'Test Cases/mobileWeb/_include/goToDetail_stm' successfully

2019-07-12 09:22:29 - [TEST_STEP][PASSED] - callTestCase(findTestCase("mobileWeb/_include/apply_stm"), [:], STOP_ON_FAILURE): Call Test Case 'Test Cases/mobileWeb/_include/apply_stm' successfully

2019-07-12 09:22:29 - [TEST_CASE][PASSED] - Test Cases/mobileWeb/_include/apply_stm: Test Cases/mobileWeb/_include/apply_stm

2019-07-12 09:22:30 - [TEST_STEP][PASSED] - waitForElementVisible(findTestObject("mobileSanity/STM/STM PlanDetail Page/a_Apply for This Plan"), 5): Object 'Object Repository/mobileSanity/STM/STM PlanDetail Page/a_Apply for This Plan' is visible

2019-07-12 09:22:30 - [MESSAGE][PASSED] - Object 'Object Repository/mobileSanity/STM/STM PlanDetail Page/a_Apply for This Plan' is visible

2019-07-12 09:22:30 - [TEST_STEP][PASSED] - click(findTestObject("mobileSanity/STM/STM PlanDetail Page/a_Apply for This Plan")): Object: 'Object Repository/mobileSanity/STM/STM PlanDetail Page/a_Apply for This Plan' is clicked on

2019-07-12 09:22:32 - [MESSAGE][PASSED] - Object: 'Object Repository/mobileSanity/STM/STM PlanDetail Page/a_Apply for This Plan' is clicked on

2019-07-12 09:22:32 - [TEST_STEP][PASSED] - waitForPageLoad(10): Wait for page load successfully

2019-07-12 09:22:33 - [MESSAGE][PASSED] - Wait for page load successfully

2019-07-12 09:22:33 - [TEST_STEP][PASSED] - Thread.sleep(2000): null

2019-07-12 09:22:35 - [TEST_STEP][PASSED] - callTestCase(findTestCase("mobileWeb/_include/get_screenshot"), [:], STOP_ON_FAILURE): Call Test Case 'Test Cases/mobileWeb/_include/get_screenshot' successfully

2019-07-12 09:22:35 - [TEST_CASE][PASSED] - Test Cases/mobileWeb/_include/get_screenshot: Test Cases/mobileWeb/_include/get_screenshot

2019-07-12 09:22:35 - [TEST_STEP][PASSED] - takeScreenshot(screenPath + i + ".png"): Taking screenshot successfully

2019-07-12 09:22:36 - [MESSAGE][PASSED] - Taking screenshot successfully
[[ATTACHMENT|D:\\Test\\AgileTest\\AgileTest\\Reports\\mobileWeb\\stm\\20190712_092139\\../Screenshots/iPhone 6/stm/Salico/20190712_092145/5.png]]

2019-07-12 09:22:36 - [TEST_STEP][PASSED] - (internal.GlobalVariable.i++): null

2019-07-12 09:22:36 - [MESSAGE][PASSED] - Call Test Case 'Test Cases/mobileWeb/_include/get_screenshot' successfully

2019-07-12 09:22:36 - [TEST_STEP][PASSED] - waitForElementVisible(findTestObject("mobileSanity/STM/STM Apply Page/a_Start Secure Application"), 5): Object 'Object Repository/mobileSanity/STM/STM Apply Page/a_Start Secure Application' is visible

2019-07-12 09:22:36 - [MESSAGE][PASSED] - Object 'Object Repository/mobileSanity/STM/STM Apply Page/a_Start Secure Application' is visible

2019-07-12 09:22:36 - [TEST_STEP][PASSED] - click(findTestObject("mobileSanity/STM/STM Apply Page/a_Start Secure Application")): Object: 'Object Repository/mobileSanity/STM/STM Apply Page/a_Start Secure Application' is clicked on

2019-07-12 09:22:38 - [MESSAGE][PASSED] - Object: 'Object Repository/mobileSanity/STM/STM Apply Page/a_Start Secure Application' is clicked on

2019-07-12 09:22:38 - [TEST_STEP][PASSED] - waitForPageLoad(10): Wait for page load successfully

2019-07-12 09:22:38 - [MESSAGE][PASSED] - Wait for page load successfully

2019-07-12 09:22:38 - [TEST_STEP][PASSED] - Thread.sleep(2000): null

2019-07-12 09:22:40 - [TEST_STEP][PASSED] - callTestCase(findTestCase("mobileWeb/_include/get_screenshot"), [:], STOP_ON_FAILURE): Call Test Case 'Test Cases/mobileWeb/_include/get_screenshot' successfully

2019-07-12 09:22:40 - [TEST_CASE][PASSED] - Test Cases/mobileWeb/_include/get_screenshot: Test Cases/mobileWeb/_include/get_screenshot

2019-07-12 09:22:40 - [TEST_STEP][PASSED] - takeScreenshot(screenPath + i + ".png"): Taking screenshot successfully

2019-07-12 09:22:40 - [MESSAGE][PASSED] - Taking screenshot successfully
[[ATTACHMENT|D:\\Test\\AgileTest\\AgileTest\\Reports\\mobileWeb\\stm\\20190712_092139\\../Screenshots/iPhone 6/stm/Salico/20190712_092145/6.png]]

2019-07-12 09:22:40 - [TEST_STEP][PASSED] - (internal.GlobalVariable.i++): null

2019-07-12 09:22:40 - [MESSAGE][PASSED] - Call Test Case 'Test Cases/mobileWeb/_include/get_screenshot' successfully

2019-07-12 09:22:40 - [MESSAGE][PASSED] - Call Test Case 'Test Cases/mobileWeb/_include/apply_stm' successfully

2019-07-12 09:22:40 - [TEST_STEP][PASSED] - callTestCase(findTestCase("mobileWeb/_include/goToEnd_stm_autofill"), [:], STOP_ON_FAILURE): Call Test Case 'Test Cases/mobileWeb/_include/goToEnd_stm_autofill' successfully

2019-07-12 09:22:40 - [TEST_CASE][PASSED] - Test Cases/mobileWeb/_include/goToEnd_stm_autofill: Test Cases/mobileWeb/_include/goToEnd_stm_autofill

2019-07-12 09:22:41 - [TEST_STEP][PASSED] - callTestCase(findTestCase("mobileWeb/_include/name"), [:], CONTINUE_ON_FAILURE): Call Test Case 'Test Cases/mobileWeb/_include/name' successfully

2019-07-12 09:22:41 - [TEST_CASE][PASSED] - Test Cases/mobileWeb/_include/name: Test Cases/mobileWeb/_include/name

2019-07-12 09:22:41 - [TEST_STEP][PASSED] - driver = getWebDriver(): null

2019-07-12 09:22:41 - [TEST_STEP][PASSED] - selenium = new com.thoughtworks.selenium.webdriven.WebDriverBackedSelenium(driver, internal.GlobalVariable.ENV): null

2019-07-12 09:22:41 - [TEST_STEP][PASSED] - FirstName = "Test-123": null

2019-07-12 09:22:41 - [TEST_STEP][PASSED] - LastName = selenium.getEval("{var x="ABCDEFGHIJKLMNOPQRSTUVWXYZabcdefghijklmnopqrstuvwxyz"; var tmp="ZZ11-"; for (i=0;i<8;i++) tmp+=x.charAt(Math.ceil(51*Math.random()));tmp;}"): null

2019-07-12 09:22:41 - [TEST_STEP][PASSED] - Address = selenium.getEval("{var x="ABCDEFGHIJKLMNOPQRSTUVWXYZabcdefghijklmnopqrstuvwxyz"; var tmp=""; for (i=0;i<8;i++) tmp+=x.charAt(Math.ceil(51*Math.random()));tmp;}"): null

2019-07-12 09:22:41 - [TEST_STEP][PASSED] - City = selenium.getEval("{var x="ABCDEFGHIJKLMNOPQRSTUVWXYZabcdefghijklmnopqrstuvwxyz"; var tmp=""; for (i=0;i<8;i++) tmp+=x.charAt(Math.ceil(51*Math.random()));tmp;}"): null

2019-07-12 09:22:41 - [TEST_STEP][PASSED] - tel1 = selenium.getEval("{var x="123456789"; var tmp=""; for (i=0;i<3;i++) tmp+=x.charAt(Math.ceil(8*Math.random()));tmp;}"): null

2019-07-12 09:22:41 - [TEST_STEP][PASSED] - tel2 = selenium.getEval("{var x="123456789"; var tmp=""; for (i=0;i<3;i++) tmp+=x.charAt(Math.ceil(8*Math.random()));tmp;}"): null

2019-07-12 09:22:41 - [TEST_STEP][PASSED] - tel3 = selenium.getEval("{var x="123456789"; var tmp=""; for (i=0;i<4;i++) tmp+=x.charAt(Math.ceil(8*Math.random()));tmp;}"): null

2019-07-12 09:22:41 - [TEST_STEP][PASSED] - Tel = selenium.getExpression(tel1 + "-" + tel2 + "-" + tel3): null

2019-07-12 09:22:41 - [TEST_STEP][PASSED] - AutoEmail = selenium.getEval("{var x="ABCDEFGHIJKLMNOPQRSTUVWXYZabcdefghijklmnopqrstuvwxyz"; var tmp="test."; for (i=0;i<8;i++) tmp+=x.charAt(Math.ceil(51*Math.random()));tmp+="@suryani.cn";}"): null

2019-07-12 09:22:41 - [TEST_STEP][PASSED] - FirstName = FirstName: null

2019-07-12 09:22:41 - [TEST_STEP][PASSED] - LastName = LastName: null

2019-07-12 09:22:41 - [TEST_STEP][PASSED] - Address = Address: null

2019-07-12 09:22:41 - [TEST_STEP][PASSED] - City = City: null

2019-07-12 09:22:41 - [TEST_STEP][PASSED] - Tel = Tel: null

2019-07-12 09:22:41 - [TEST_STEP][PASSED] - AutoEmail = AutoEmail: null

2019-07-12 09:22:41 - [TEST_STEP][PASSED] - println(FirstName): null

2019-07-12 09:22:41 - [TEST_STEP][PASSED] - println(LastName): null

2019-07-12 09:22:41 - [TEST_STEP][PASSED] - println(Address): null

2019-07-12 09:22:41 - [TEST_STEP][PASSED] - println(City): null

2019-07-12 09:22:41 - [TEST_STEP][PASSED] - println(Tel): null

2019-07-12 09:22:41 - [TEST_STEP][PASSED] - println(AutoEmail): null

2019-07-12 09:22:41 - [MESSAGE][PASSED] - Call Test Case 'Test Cases/mobileWeb/_include/name' successfully

2019-07-12 09:22:41 - [TEST_STEP][PASSED] - waitForPageLoad(0): Wait for page load successfully

2019-07-12 09:22:42 - [MESSAGE][WARNING] - Timeout '0' is invalid. Using default page load timeout: '20'

2019-07-12 09:22:42 - [MESSAGE][PASSED] - Wait for page load successfully

2019-07-12 09:22:42 - [TEST_STEP][PASSED] - Thread.sleep(1000): null

2019-07-12 09:22:43 - [TEST_STEP][PASSED] - waitForElementVisible(findTestObject("mobileSanity/STM/Page_App Page 1/a_Autofill App Info"), 0): Object 'Object Repository/mobileSanity/STM/Page_App Page 1/a_Autofill App Info' is visible

2019-07-12 09:22:43 - [MESSAGE][WARNING] - Timeout '0' is invalid. Using default page load timeout: '20'

2019-07-12 09:22:43 - [MESSAGE][PASSED] - Object 'Object Repository/mobileSanity/STM/Page_App Page 1/a_Autofill App Info' is visible

2019-07-12 09:22:43 - [TEST_STEP][PASSED] - click(findTestObject("mobileSanity/STM/Page_App Page 1/a_Autofill App Info")): Object: 'Object Repository/mobileSanity/STM/Page_App Page 1/a_Autofill App Info' is clicked on

2019-07-12 09:22:43 - [MESSAGE][PASSED] - Object: 'Object Repository/mobileSanity/STM/Page_App Page 1/a_Autofill App Info' is clicked on

2019-07-12 09:22:43 - [TEST_STEP][PASSED] - Thread.sleep(1000): null

2019-07-12 09:22:44 - [TEST_STEP][PASSED] - waitForElementVisible(findTestObject("mobileSanity/STM/Page_App Page 1/a_Continue"), 0): Object 'Object Repository/mobileSanity/STM/Page_App Page 1/a_Continue' is visible

2019-07-12 09:22:44 - [MESSAGE][WARNING] - Timeout '0' is invalid. Using default page load timeout: '20'

2019-07-12 09:22:44 - [MESSAGE][PASSED] - Object 'Object Repository/mobileSanity/STM/Page_App Page 1/a_Continue' is visible

2019-07-12 09:22:44 - [TEST_STEP][PASSED] - click(findTestObject("mobileSanity/STM/Page_App Page 1/a_Continue")): Object: 'Object Repository/mobileSanity/STM/Page_App Page 1/a_Continue' is clicked on

2019-07-12 09:22:44 - [MESSAGE][PASSED] - Object: 'Object Repository/mobileSanity/STM/Page_App Page 1/a_Continue' is clicked on

2019-07-12 09:22:44 - [TEST_STEP][PASSED] - waitForPageLoad(10): Wait for page load successfully

2019-07-12 09:22:44 - [MESSAGE][PASSED] - Wait for page load successfully

2019-07-12 09:22:44 - [TEST_STEP][PASSED] - Thread.sleep(2000): null

2019-07-12 09:22:46 - [TEST_STEP][PASSED] - callTestCase(findTestCase("mobileWeb/_include/get_screenshot"), [:], STOP_ON_FAILURE): Call Test Case 'Test Cases/mobileWeb/_include/get_screenshot' successfully

2019-07-12 09:22:46 - [TEST_CASE][PASSED] - Test Cases/mobileWeb/_include/get_screenshot: Test Cases/mobileWeb/_include/get_screenshot

2019-07-12 09:22:46 - [TEST_STEP][PASSED] - takeScreenshot(screenPath + i + ".png"): Taking screenshot successfully

2019-07-12 09:22:47 - [MESSAGE][PASSED] - Taking screenshot successfully
[[ATTACHMENT|D:\\Test\\AgileTest\\AgileTest\\Reports\\mobileWeb\\stm\\20190712_092139\\../Screenshots/iPhone 6/stm/Salico/20190712_092145/7.png]]

2019-07-12 09:22:47 - [TEST_STEP][PASSED] - (internal.GlobalVariable.i++): null

2019-07-12 09:22:47 - [MESSAGE][PASSED] - Call Test Case 'Test Cases/mobileWeb/_include/get_screenshot' successfully

2019-07-12 09:22:47 - [TEST_STEP][PASSED] - click(findTestObject("mobileSanity/STM/Page_App Page 2/a_Continue to Step 3 - Payment")): Object: 'Object Repository/mobileSanity/STM/Page_App Page 2/a_Continue to Step 3 - Payment' is clicked on

2019-07-12 09:22:47 - [MESSAGE][PASSED] - Object: 'Object Repository/mobileSanity/STM/Page_App Page 2/a_Continue to Step 3 - Payment' is clicked on

2019-07-12 09:22:47 - [TEST_STEP][PASSED] - Thread.sleep(2000): null

2019-07-12 09:22:49 - [TEST_STEP][PASSED] - callTestCase(findTestCase("mobileWeb/_include/get_screenshot"), [:], STOP_ON_FAILURE): Call Test Case 'Test Cases/mobileWeb/_include/get_screenshot' successfully

2019-07-12 09:22:49 - [TEST_CASE][PASSED] - Test Cases/mobileWeb/_include/get_screenshot: Test Cases/mobileWeb/_include/get_screenshot

2019-07-12 09:22:49 - [TEST_STEP][PASSED] - takeScreenshot(screenPath + i + ".png"): Taking screenshot successfully

2019-07-12 09:22:50 - [MESSAGE][PASSED] - Taking screenshot successfully
[[ATTACHMENT|D:\\Test\\AgileTest\\AgileTest\\Reports\\mobileWeb\\stm\\20190712_092139\\../Screenshots/iPhone 6/stm/Salico/20190712_092145/8.png]]

2019-07-12 09:22:50 - [TEST_STEP][PASSED] - (internal.GlobalVariable.i++): null

2019-07-12 09:22:50 - [MESSAGE][PASSED] - Call Test Case 'Test Cases/mobileWeb/_include/get_screenshot' successfully

2019-07-12 09:22:50 - [TEST_STEP][PASSED] - clearText(findTestObject("mobileSanity/STM/Page_App Page 3/input__credit-card-cvv")): Text of object 'Object Repository/mobileSanity/STM/Page_App Page 3/input__credit-card-cvv' is cleared

2019-07-12 09:22:50 - [MESSAGE][PASSED] - Text of object 'Object Repository/mobileSanity/STM/Page_App Page 3/input__credit-card-cvv' is cleared

2019-07-12 09:22:50 - [TEST_STEP][PASSED] - setText(findTestObject("mobileSanity/STM/Page_App Page 3/input__credit-card-cvv"), "123"): Text '123' is set on object 'Object Repository/mobileSanity/STM/Page_App Page 3/input__credit-card-cvv'

2019-07-12 09:22:50 - [MESSAGE][PASSED] - Text '123' is set on object 'Object Repository/mobileSanity/STM/Page_App Page 3/input__credit-card-cvv'

2019-07-12 09:22:50 - [TEST_STEP][PASSED] - click(findTestObject("mobileSanity/STM/Page_App Page 3/label_I Accept Authorization f")): Object: 'Object Repository/mobileSanity/STM/Page_App Page 3/label_I Accept Authorization f' is clicked on

2019-07-12 09:22:50 - [MESSAGE][PASSED] - Object: 'Object Repository/mobileSanity/STM/Page_App Page 3/label_I Accept Authorization f' is clicked on

2019-07-12 09:22:50 - [TEST_STEP][PASSED] - click(findTestObject("mobileSanity/STM/Page_App Page 3/a_Continue to Step 4 - Review")): Object: 'Object Repository/mobileSanity/STM/Page_App Page 3/a_Continue to Step 4 - Review' is clicked on

2019-07-12 09:22:50 - [MESSAGE][PASSED] - Object: 'Object Repository/mobileSanity/STM/Page_App Page 3/a_Continue to Step 4 - Review' is clicked on

2019-07-12 09:22:50 - [TEST_STEP][PASSED] - waitForElementClickable(findTestObject("mobileSanity/STM/Page_App Page 4/label"), 10): Object 'Object Repository/mobileSanity/STM/Page_App Page 4/label' is clickable

2019-07-12 09:22:52 - [MESSAGE][PASSED] - Object 'Object Repository/mobileSanity/STM/Page_App Page 4/label' is clickable

2019-07-12 09:22:52 - [TEST_STEP][PASSED] - Thread.sleep(2000): null

2019-07-12 09:22:54 - [TEST_STEP][PASSED] - callTestCase(findTestCase("mobileWeb/_include/get_screenshot"), [:], STOP_ON_FAILURE): Call Test Case 'Test Cases/mobileWeb/_include/get_screenshot' successfully

2019-07-12 09:22:54 - [TEST_CASE][PASSED] - Test Cases/mobileWeb/_include/get_screenshot: Test Cases/mobileWeb/_include/get_screenshot

2019-07-12 09:22:54 - [TEST_STEP][PASSED] - takeScreenshot(screenPath + i + ".png"): Taking screenshot successfully

2019-07-12 09:22:55 - [MESSAGE][PASSED] - Taking screenshot successfully
[[ATTACHMENT|D:\\Test\\AgileTest\\AgileTest\\Reports\\mobileWeb\\stm\\20190712_092139\\../Screenshots/iPhone 6/stm/Salico/20190712_092145/9.png]]

2019-07-12 09:22:55 - [TEST_STEP][PASSED] - (internal.GlobalVariable.i++): null

2019-07-12 09:22:55 - [MESSAGE][PASSED] - Call Test Case 'Test Cases/mobileWeb/_include/get_screenshot' successfully

2019-07-12 09:22:55 - [TEST_STEP][PASSED] - click(findTestObject("mobileSanity/STM/Page_App Page 4/label")): Object: 'Object Repository/mobileSanity/STM/Page_App Page 4/label' is clicked on

2019-07-12 09:22:55 - [MESSAGE][PASSED] - Object: 'Object Repository/mobileSanity/STM/Page_App Page 4/label' is clicked on

2019-07-12 09:22:55 - [TEST_STEP][PASSED] - click(findTestObject("mobileSanity/STM/Page_App Page 4/div_CLICK TO SIGN")): Object: 'Object Repository/mobileSanity/STM/Page_App Page 4/div_CLICK TO SIGN' is clicked on

2019-07-12 09:22:55 - [MESSAGE][PASSED] - Object: 'Object Repository/mobileSanity/STM/Page_App Page 4/div_CLICK TO SIGN' is clicked on

2019-07-12 09:22:55 - [TEST_STEP][PASSED] - click(findTestObject("mobileSanity/STM/Page_App Page 4/a_Submit Your Application")): Object: 'Object Repository/mobileSanity/STM/Page_App Page 4/a_Submit Your Application' is clicked on

2019-07-12 09:22:55 - [MESSAGE][PASSED] - Object: 'Object Repository/mobileSanity/STM/Page_App Page 4/a_Submit Your Application' is clicked on

2019-07-12 09:22:55 - [TEST_STEP][PASSED] - Thread.sleep(30000): null

2019-07-12 09:23:25 - [TEST_STEP][PASSED] - callTestCase(findTestCase("mobileWeb/_include/get_screenshot"), [:], STOP_ON_FAILURE): Call Test Case 'Test Cases/mobileWeb/_include/get_screenshot' successfully

2019-07-12 09:23:25 - [TEST_CASE][PASSED] - Test Cases/mobileWeb/_include/get_screenshot: Test Cases/mobileWeb/_include/get_screenshot

2019-07-12 09:23:25 - [TEST_STEP][PASSED] - takeScreenshot(screenPath + i + ".png"): Taking screenshot successfully

2019-07-12 09:23:26 - [MESSAGE][PASSED] - Taking screenshot successfully
[[ATTACHMENT|D:\\Test\\AgileTest\\AgileTest\\Reports\\mobileWeb\\stm\\20190712_092139\\../Screenshots/iPhone 6/stm/Salico/20190712_092145/10.png]]

2019-07-12 09:23:26 - [TEST_STEP][PASSED] - (internal.GlobalVariable.i++): null

2019-07-12 09:23:26 - [MESSAGE][PASSED] - Call Test Case 'Test Cases/mobileWeb/_include/get_screenshot' successfully

2019-07-12 09:23:26 - [TEST_STEP][PASSED] - waitForElementPresent(findTestObject("mobileSanity/STM/Page_App Page 6/span_planName"), 30): Object 'Object Repository/mobileSanity/STM/Page_App Page 6/span_planName' is present

2019-07-12 09:23:26 - [MESSAGE][PASSED] - Object 'Object Repository/mobileSanity/STM/Page_App Page 6/span_planName' is present

2019-07-12 09:23:26 - [TEST_STEP][PASSED] - verifyElementPresent(findTestObject("mobileSanity/STM/Page_App Page 6/span_planName"), 0): Object 'Object Repository/mobileSanity/STM/Page_App Page 6/span_planName' is present

2019-07-12 09:23:26 - [MESSAGE][WARNING] - Timeout '0' is invalid. Using default page load timeout: '20'

2019-07-12 09:23:26 - [MESSAGE][PASSED] - Object 'Object Repository/mobileSanity/STM/Page_App Page 6/span_planName' is present

2019-07-12 09:23:26 - [TEST_STEP][PASSED] - verifyElementPresent(findTestObject("mobileSanity/STM/Page_App Page 6/span_approved"), 0): Object 'Object Repository/mobileSanity/STM/Page_App Page 6/span_approved' is present

2019-07-12 09:23:26 - [MESSAGE][WARNING] - Timeout '0' is invalid. Using default page load timeout: '20'

2019-07-12 09:23:26 - [MESSAGE][PASSED] - Object 'Object Repository/mobileSanity/STM/Page_App Page 6/span_approved' is present

2019-07-12 09:23:26 - [MESSAGE][PASSED] - Call Test Case 'Test Cases/mobileWeb/_include/goToEnd_stm_autofill' successfully]]></system-out>
         <system-err><![CDATA[]]></system-err>
      </testcase>
      <testcase name="Test Cases/mobileWeb/stm/AdvantHealth" classname="Test Cases/mobileWeb/stm/AdvantHealth" status="PASSED">
         <system-out><![CDATA[2019-07-12 09:23:26 - [TEST_CASE][PASSED] - Test Cases/mobileWeb/stm/AdvantHealth: Test Cases/mobileWeb/stm/AdvantHealth

2019-07-12 09:23:26 - [TEST_STEP][PASSED] - callTestCase(findTestCase("mobileWeb/_include/get_screenPath"), ["productLine":"stm", "carrierName":"AdvantHealth"], CONTINUE_ON_FAILURE): Call Test Case 'Test Cases/mobileWeb/_include/get_screenPath' successfully

2019-07-12 09:23:26 - [TEST_CASE][PASSED] - Test Cases/mobileWeb/_include/get_screenPath: Test Cases/mobileWeb/_include/get_screenPath

2019-07-12 09:23:26 - [TEST_STEP][PASSED] - m = getExecutionProperties(): null

2019-07-12 09:23:26 - [TEST_STEP][PASSED] - deviceName = get("mobileEmulation").get("deviceName"): null

2019-07-12 09:23:26 - [TEST_STEP][PASSED] - println(deviceName): null

2019-07-12 09:23:26 - [TEST_STEP][PASSED] - now = new java.util.Date(): null

2019-07-12 09:23:26 - [TEST_STEP][PASSED] - mydate = now.format("yyyyMMdd_HHmmss"): null

2019-07-12 09:23:26 - [TEST_STEP][PASSED] - screenPath = "../Screenshots/": null

2019-07-12 09:23:26 - [TEST_STEP][PASSED] - screenPath = screenPath + deviceName + "/" + productLine + "/" + carrierName + "/" + mydate + "/": null

2019-07-12 09:23:26 - [TEST_STEP][PASSED] - println(screenPath): null

2019-07-12 09:23:26 - [MESSAGE][PASSED] - Call Test Case 'Test Cases/mobileWeb/_include/get_screenPath' successfully

2019-07-12 09:23:26 - [TEST_STEP][PASSED] - i = 0: null

2019-07-12 09:23:26 - [TEST_STEP][PASSED] - callTestCase(findTestCase("mobileWeb/_include/openWebSite"), [:], CONTINUE_ON_FAILURE): Call Test Case 'Test Cases/mobileWeb/_include/openWebSite' successfully

2019-07-12 09:23:26 - [TEST_CASE][PASSED] - Test Cases/mobileWeb/_include/openWebSite: Test Cases/mobileWeb/_include/openWebSite

2019-07-12 09:23:26 - [TEST_STEP][PASSED] - openBrowser(ENV): Browser is opened with url: 'https://praetemptatus.agilehealthinsurance.com'

2019-07-12 09:23:26 - [MESSAGE][WARNING] - A browser is already opened. Closing browser and opening a new one

2019-07-12 09:23:27 - [MESSAGE][INFO] - Starting 'Chrome' driver

2019-07-12 09:23:27 - [MESSAGE][INFO] - User set preference: ['mobileEmulation', '{deviceName=iPhone 6}']

2019-07-12 09:23:27 - [MESSAGE][INFO] - User set preference: ['args', '[--incognito, --aggressive-cache-discard, --window-size=375,677, --no-sandbox]']

2019-07-12 09:23:32 - [MESSAGE][PASSED] - Browser is opened with url: 'https://praetemptatus.agilehealthinsurance.com'

2019-07-12 09:23:32 - [TEST_STEP][PASSED] - waitForPageLoad(10): Wait for page load successfully

2019-07-12 09:23:32 - [MESSAGE][PASSED] - Wait for page load successfully

2019-07-12 09:23:32 - [TEST_STEP][PASSED] - callTestCase(findTestCase("mobileWeb/_include/get_screenshot"), [:], STOP_ON_FAILURE): Call Test Case 'Test Cases/mobileWeb/_include/get_screenshot' successfully

2019-07-12 09:23:32 - [TEST_CASE][PASSED] - Test Cases/mobileWeb/_include/get_screenshot: Test Cases/mobileWeb/_include/get_screenshot

2019-07-12 09:23:32 - [TEST_STEP][PASSED] - takeScreenshot(screenPath + i + ".png"): Taking screenshot successfully

2019-07-12 09:23:33 - [MESSAGE][PASSED] - Taking screenshot successfully
[[ATTACHMENT|D:\\Test\\AgileTest\\AgileTest\\Reports\\mobileWeb\\stm\\20190712_092139\\../Screenshots/iPhone 6/stm/AdvantHealth/20190712_092326/0.png]]

2019-07-12 09:23:33 - [TEST_STEP][PASSED] - (internal.GlobalVariable.i++): null

2019-07-12 09:23:33 - [MESSAGE][PASSED] - Call Test Case 'Test Cases/mobileWeb/_include/get_screenshot' successfully

2019-07-12 09:23:33 - [MESSAGE][PASSED] - Call Test Case 'Test Cases/mobileWeb/_include/openWebSite' successfully

2019-07-12 09:23:33 - [TEST_STEP][PASSED] - callTestCase(findTestCase("mobileWeb/_include/census_stm"), ["zipcode":"35215"], STOP_ON_FAILURE): Call Test Case 'Test Cases/mobileWeb/_include/census_stm' successfully

2019-07-12 09:23:33 - [TEST_CASE][PASSED] - Test Cases/mobileWeb/_include/census_stm: Test Cases/mobileWeb/_include/census_stm

2019-07-12 09:23:33 - [TEST_STEP][PASSED] - waitForElementClickable(findTestObject("mobileSanity/STM/Home Page/a_Quote  Save Today"), 10): Object 'Object Repository/mobileSanity/STM/Home Page/a_Quote  Save Today' is clickable

2019-07-12 09:23:35 - [MESSAGE][PASSED] - Object 'Object Repository/mobileSanity/STM/Home Page/a_Quote  Save Today' is clickable

2019-07-12 09:23:35 - [TEST_STEP][PASSED] - click(findTestObject("mobileSanity/STM/Home Page/a_Quote  Save Today")): Object: 'Object Repository/mobileSanity/STM/Home Page/a_Quote  Save Today' is clicked on

2019-07-12 09:23:37 - [MESSAGE][PASSED] - Object: 'Object Repository/mobileSanity/STM/Home Page/a_Quote  Save Today' is clicked on

2019-07-12 09:23:37 - [TEST_STEP][PASSED] - waitForPageLoad(10): Wait for page load successfully

2019-07-12 09:23:37 - [MESSAGE][PASSED] - Wait for page load successfully

2019-07-12 09:23:37 - [TEST_STEP][PASSED] - callTestCase(findTestCase("mobileWeb/_include/get_screenshot"), [:], STOP_ON_FAILURE): Call Test Case 'Test Cases/mobileWeb/_include/get_screenshot' successfully

2019-07-12 09:23:37 - [TEST_CASE][PASSED] - Test Cases/mobileWeb/_include/get_screenshot: Test Cases/mobileWeb/_include/get_screenshot

2019-07-12 09:23:37 - [TEST_STEP][PASSED] - takeScreenshot(screenPath + i + ".png"): Taking screenshot successfully

2019-07-12 09:23:38 - [MESSAGE][PASSED] - Taking screenshot successfully
[[ATTACHMENT|D:\\Test\\AgileTest\\AgileTest\\Reports\\mobileWeb\\stm\\20190712_092139\\../Screenshots/iPhone 6/stm/AdvantHealth/20190712_092326/1.png]]

2019-07-12 09:23:38 - [TEST_STEP][PASSED] - (internal.GlobalVariable.i++): null

2019-07-12 09:23:38 - [MESSAGE][PASSED] - Call Test Case 'Test Cases/mobileWeb/_include/get_screenshot' successfully

2019-07-12 09:23:38 - [TEST_STEP][PASSED] - setText(findTestObject("mobileSanity/STM/STM Census Page/input_Location_zip-input"), zipcode): Text '35215' is set on object 'Object Repository/mobileSanity/STM/STM Census Page/input_Location_zip-input'

2019-07-12 09:23:38 - [MESSAGE][PASSED] - Text '35215' is set on object 'Object Repository/mobileSanity/STM/STM Census Page/input_Location_zip-input'

2019-07-12 09:23:38 - [TEST_STEP][PASSED] - Thread.sleep(500): null

2019-07-12 09:23:38 - [TEST_STEP][PASSED] - setText(findTestObject("mobileSanity/STM/STM Census Page/input_Date of Birth_dob-0"), "03031987"): Text '03031987' is set on object 'Object Repository/mobileSanity/STM/STM Census Page/input_Date of Birth_dob-0'

2019-07-12 09:23:39 - [MESSAGE][PASSED] - Text '03031987' is set on object 'Object Repository/mobileSanity/STM/STM Census Page/input_Date of Birth_dob-0'

2019-07-12 09:23:39 - [TEST_STEP][PASSED] - click(findTestObject("mobileSanity/STM/STM Census Page/label_Male")): Object: 'Object Repository/mobileSanity/STM/STM Census Page/label_Male' is clicked on

2019-07-12 09:23:39 - [MESSAGE][PASSED] - Object: 'Object Repository/mobileSanity/STM/STM Census Page/label_Male' is clicked on

2019-07-12 09:23:39 - [TEST_STEP][PASSED] - click(findTestObject("mobileSanity/STM/STM Census Page/label_Compare Plans")): Object: 'Object Repository/mobileSanity/STM/STM Census Page/label_Compare Plans' is clicked on

2019-07-12 09:23:39 - [MESSAGE][PASSED] - Object: 'Object Repository/mobileSanity/STM/STM Census Page/label_Compare Plans' is clicked on

2019-07-12 09:23:39 - [TEST_STEP][PASSED] - waitForPageLoad(10): Wait for page load successfully

2019-07-12 09:23:39 - [MESSAGE][PASSED] - Wait for page load successfully

2019-07-12 09:23:39 - [TEST_STEP][PASSED] - Thread.sleep(2000): null

2019-07-12 09:23:41 - [TEST_STEP][PASSED] - callTestCase(findTestCase("mobileWeb/_include/get_screenshot"), [:], STOP_ON_FAILURE): Call Test Case 'Test Cases/mobileWeb/_include/get_screenshot' successfully

2019-07-12 09:23:41 - [TEST_CASE][PASSED] - Test Cases/mobileWeb/_include/get_screenshot: Test Cases/mobileWeb/_include/get_screenshot

2019-07-12 09:23:41 - [TEST_STEP][PASSED] - takeScreenshot(screenPath + i + ".png"): Taking screenshot successfully

2019-07-12 09:23:44 - [MESSAGE][PASSED] - Taking screenshot successfully
[[ATTACHMENT|D:\\Test\\AgileTest\\AgileTest\\Reports\\mobileWeb\\stm\\20190712_092139\\../Screenshots/iPhone 6/stm/AdvantHealth/20190712_092326/2.png]]

2019-07-12 09:23:44 - [TEST_STEP][PASSED] - (internal.GlobalVariable.i++): null

2019-07-12 09:23:44 - [MESSAGE][PASSED] - Call Test Case 'Test Cases/mobileWeb/_include/get_screenshot' successfully

2019-07-12 09:23:44 - [MESSAGE][PASSED] - Call Test Case 'Test Cases/mobileWeb/_include/census_stm' successfully

2019-07-12 09:23:44 - [TEST_STEP][PASSED] - Thread.sleep(2000): null

2019-07-12 09:23:46 - [TEST_STEP][PASSED] - click(findTestObject("mobileSanity/STM/STM Quote Page/button_filters")): Object: 'Object Repository/mobileSanity/STM/STM Quote Page/button_filters' is clicked on

2019-07-12 09:23:47 - [MESSAGE][PASSED] - Object: 'Object Repository/mobileSanity/STM/STM Quote Page/button_filters' is clicked on

2019-07-12 09:23:47 - [TEST_STEP][PASSED] - Thread.sleep(500): null

2019-07-12 09:23:47 - [TEST_STEP][PASSED] - click(findTestObject("mobileSanity/STM/STM Quote Page/i_Insurance company")): Object: 'Object Repository/mobileSanity/STM/STM Quote Page/i_Insurance company' is clicked on

2019-07-12 09:23:47 - [MESSAGE][PASSED] - Object: 'Object Repository/mobileSanity/STM/STM Quote Page/i_Insurance company' is clicked on

2019-07-12 09:23:47 - [TEST_STEP][PASSED] - Thread.sleep(300): null

2019-07-12 09:23:47 - [TEST_STEP][PASSED] - test.MobileKeywords.clickJS(findTestObject("mobileSanity/STM/STM Quote Page/label_AdvantHealth")): test.MobileKeywords.clickJS is PASSED

2019-07-12 09:23:48 - [MESSAGE][PASSED] - Execute JavaScript 'arguments[0].click()' successfully

2019-07-12 09:23:48 - [MESSAGE][PASSED] - test.MobileKeywords.clickJS is PASSED

2019-07-12 09:23:48 - [TEST_STEP][PASSED] - Thread.sleep(300): null

2019-07-12 09:23:48 - [TEST_STEP][PASSED] - click(findTestObject("mobileSanity/STM/STM Quote Page/a_Show Plans")): Object: 'Object Repository/mobileSanity/STM/STM Quote Page/a_Show Plans' is clicked on

2019-07-12 09:23:49 - [MESSAGE][PASSED] - Object: 'Object Repository/mobileSanity/STM/STM Quote Page/a_Show Plans' is clicked on

2019-07-12 09:23:49 - [TEST_STEP][PASSED] - Thread.sleep(2000): null

2019-07-12 09:23:51 - [TEST_STEP][PASSED] - click(findTestObject("mobileSanity/STM/STM Quote Page/a_AdvantHealth Plan 2 2.5K206.")): Object: 'Object Repository/mobileSanity/STM/STM Quote Page/a_AdvantHealth Plan 2 2.5K206.' is clicked on

2019-07-12 09:23:54 - [MESSAGE][PASSED] - Object: 'Object Repository/mobileSanity/STM/STM Quote Page/a_AdvantHealth Plan 2 2.5K206.' is clicked on

2019-07-12 09:23:54 - [TEST_STEP][PASSED] - Thread.sleep(2000): null

2019-07-12 09:23:56 - [TEST_STEP][PASSED] - callTestCase(findTestCase("mobileWeb/_include/get_screenshot"), [:], STOP_ON_FAILURE): Call Test Case 'Test Cases/mobileWeb/_include/get_screenshot' successfully

2019-07-12 09:23:56 - [TEST_CASE][PASSED] - Test Cases/mobileWeb/_include/get_screenshot: Test Cases/mobileWeb/_include/get_screenshot

2019-07-12 09:23:56 - [TEST_STEP][PASSED] - takeScreenshot(screenPath + i + ".png"): Taking screenshot successfully

2019-07-12 09:23:57 - [MESSAGE][PASSED] - Taking screenshot successfully
[[ATTACHMENT|D:\\Test\\AgileTest\\AgileTest\\Reports\\mobileWeb\\stm\\20190712_092139\\../Screenshots/iPhone 6/stm/AdvantHealth/20190712_092326/3.png]]

2019-07-12 09:23:57 - [TEST_STEP][PASSED] - (internal.GlobalVariable.i++): null

2019-07-12 09:23:57 - [MESSAGE][PASSED] - Call Test Case 'Test Cases/mobileWeb/_include/get_screenshot' successfully

2019-07-12 09:23:57 - [TEST_STEP][PASSED] - click(findTestObject("mobileSanity/STM/STM PlanDetail Page/a_Apply for This Plan")): Object: 'Object Repository/mobileSanity/STM/STM PlanDetail Page/a_Apply for This Plan' is clicked on

2019-07-12 09:23:59 - [MESSAGE][PASSED] - Object: 'Object Repository/mobileSanity/STM/STM PlanDetail Page/a_Apply for This Plan' is clicked on

2019-07-12 09:23:59 - [TEST_STEP][PASSED] - waitForPageLoad(10): Wait for page load successfully

2019-07-12 09:23:59 - [MESSAGE][PASSED] - Wait for page load successfully

2019-07-12 09:23:59 - [TEST_STEP][PASSED] - click(findTestObject("mobileSanity/STM/STM Apply Page/span_ Add")): Object: 'Object Repository/mobileSanity/STM/STM Apply Page/span_ Add' is clicked on

2019-07-12 09:23:59 - [MESSAGE][PASSED] - Object: 'Object Repository/mobileSanity/STM/STM Apply Page/span_ Add' is clicked on

2019-07-12 09:23:59 - [TEST_STEP][PASSED] - click(findTestObject("mobileSanity/STM/STM Apply Page/button_ AddRemove")): Object: 'Object Repository/mobileSanity/STM/STM Apply Page/button_ AddRemove' is clicked on

2019-07-12 09:24:00 - [MESSAGE][PASSED] - Object: 'Object Repository/mobileSanity/STM/STM Apply Page/button_ AddRemove' is clicked on

2019-07-12 09:24:00 - [TEST_STEP][PASSED] - callTestCase(findTestCase("mobileWeb/_include/get_screenshot"), [:], STOP_ON_FAILURE): Call Test Case 'Test Cases/mobileWeb/_include/get_screenshot' successfully

2019-07-12 09:24:00 - [TEST_CASE][PASSED] - Test Cases/mobileWeb/_include/get_screenshot: Test Cases/mobileWeb/_include/get_screenshot

2019-07-12 09:24:00 - [TEST_STEP][PASSED] - takeScreenshot(screenPath + i + ".png"): Taking screenshot successfully

2019-07-12 09:24:00 - [MESSAGE][PASSED] - Taking screenshot successfully
[[ATTACHMENT|D:\\Test\\AgileTest\\AgileTest\\Reports\\mobileWeb\\stm\\20190712_092139\\../Screenshots/iPhone 6/stm/AdvantHealth/20190712_092326/4.png]]

2019-07-12 09:24:00 - [TEST_STEP][PASSED] - (internal.GlobalVariable.i++): null

2019-07-12 09:24:00 - [MESSAGE][PASSED] - Call Test Case 'Test Cases/mobileWeb/_include/get_screenshot' successfully

2019-07-12 09:24:00 - [TEST_STEP][PASSED] - waitForElementVisible(findTestObject("mobileSanity/STM/STM Apply Page/a_Start Secure Application"), 0): Object 'Object Repository/mobileSanity/STM/STM Apply Page/a_Start Secure Application' is visible

2019-07-12 09:24:00 - [MESSAGE][WARNING] - Timeout '0' is invalid. Using default page load timeout: '20'

2019-07-12 09:24:00 - [MESSAGE][PASSED] - Object 'Object Repository/mobileSanity/STM/STM Apply Page/a_Start Secure Application' is visible

2019-07-12 09:24:00 - [TEST_STEP][PASSED] - click(findTestObject("mobileSanity/STM/STM Apply Page/a_Start Secure Application")): Object: 'Object Repository/mobileSanity/STM/STM Apply Page/a_Start Secure Application' is clicked on

2019-07-12 09:24:02 - [MESSAGE][PASSED] - Object: 'Object Repository/mobileSanity/STM/STM Apply Page/a_Start Secure Application' is clicked on

2019-07-12 09:24:02 - [TEST_STEP][PASSED] - Thread.sleep(2000): null

2019-07-12 09:24:04 - [TEST_STEP][PASSED] - callTestCase(findTestCase("mobileWeb/_include/get_screenshot"), [:], STOP_ON_FAILURE): Call Test Case 'Test Cases/mobileWeb/_include/get_screenshot' successfully

2019-07-12 09:24:04 - [TEST_CASE][PASSED] - Test Cases/mobileWeb/_include/get_screenshot: Test Cases/mobileWeb/_include/get_screenshot

2019-07-12 09:24:04 - [TEST_STEP][PASSED] - takeScreenshot(screenPath + i + ".png"): Taking screenshot successfully

2019-07-12 09:24:04 - [MESSAGE][PASSED] - Taking screenshot successfully
[[ATTACHMENT|D:\\Test\\AgileTest\\AgileTest\\Reports\\mobileWeb\\stm\\20190712_092139\\../Screenshots/iPhone 6/stm/AdvantHealth/20190712_092326/5.png]]

2019-07-12 09:24:04 - [TEST_STEP][PASSED] - (internal.GlobalVariable.i++): null

2019-07-12 09:24:04 - [MESSAGE][PASSED] - Call Test Case 'Test Cases/mobileWeb/_include/get_screenshot' successfully

2019-07-12 09:24:04 - [TEST_STEP][PASSED] - click(findTestObject("mobileSanity/STM/Page_App Page 1/label_By checking this box I u")): Object: 'Object Repository/mobileSanity/STM/Page_App Page 1/label_By checking this box I u' is clicked on

2019-07-12 09:24:05 - [MESSAGE][PASSED] - Object: 'Object Repository/mobileSanity/STM/Page_App Page 1/label_By checking this box I u' is clicked on

2019-07-12 09:24:05 - [TEST_STEP][PASSED] - click(findTestObject("mobileSanity/STM/Page_App Page 1/button_Continue to Application")): Object: 'Object Repository/mobileSanity/STM/Page_App Page 1/button_Continue to Application' is clicked on

2019-07-12 09:24:06 - [MESSAGE][PASSED] - Object: 'Object Repository/mobileSanity/STM/Page_App Page 1/button_Continue to Application' is clicked on

2019-07-12 09:24:06 - [TEST_STEP][PASSED] - Thread.sleep(2000): null

2019-07-12 09:24:08 - [TEST_STEP][PASSED] - callTestCase(findTestCase("mobileWeb/_include/goToEnd_stm"), [:], STOP_ON_FAILURE): Call Test Case 'Test Cases/mobileWeb/_include/goToEnd_stm' successfully

2019-07-12 09:24:08 - [TEST_CASE][PASSED] - Test Cases/mobileWeb/_include/goToEnd_stm: Test Cases/mobileWeb/_include/goToEnd_stm

2019-07-12 09:24:09 - [TEST_STEP][PASSED] - callTestCase(findTestCase("mobileWeb/_include/page_1_stm"), [:], STOP_ON_FAILURE): Call Test Case 'Test Cases/mobileWeb/_include/page_1_stm' successfully

2019-07-12 09:24:09 - [TEST_CASE][PASSED] - Test Cases/mobileWeb/_include/page_1_stm: Test Cases/mobileWeb/_include/page_1_stm

2019-07-12 09:24:09 - [TEST_STEP][PASSED] - driver = getWebDriver(): null

2019-07-12 09:24:09 - [TEST_STEP][PASSED] - selenium = new com.thoughtworks.selenium.webdriven.WebDriverBackedSelenium(driver, internal.GlobalVariable.ENV): null

2019-07-12 09:24:09 - [TEST_STEP][PASSED] - qnum = selenium.getXpathCount("//button[@data-answer='No']"): null

2019-07-12 09:24:09 - [TEST_STEP][PASSED] - for (def index : (1..qnum)): null

2019-07-12 09:24:09 - [TEST_STEP][PASSED] - selenium.click("xpath=(//button[@data-answer='No'])[" + index + "]"): null

2019-07-12 09:24:10 - [TEST_STEP][PASSED] - selenium.click("xpath=(//button[@data-answer='No'])[" + index + "]"): null

2019-07-12 09:24:10 - [TEST_STEP][PASSED] - selenium.click("xpath=(//button[@data-answer='No'])[" + index + "]"): null

2019-07-12 09:24:10 - [TEST_STEP][PASSED] - selenium.click("xpath=(//button[@data-answer='No'])[" + index + "]"): null

2019-07-12 09:24:10 - [TEST_STEP][PASSED] - selenium.click("xpath=(//button[@data-answer='No'])[" + index + "]"): null

2019-07-12 09:24:10 - [TEST_STEP][PASSED] - selenium.click("xpath=(//button[@data-answer='No'])[" + index + "]"): null

2019-07-12 09:24:10 - [TEST_STEP][PASSED] - selenium.click("xpath=(//button[@data-answer='No'])[" + index + "]"): null

2019-07-12 09:24:10 - [TEST_STEP][PASSED] - waitForElementVisible(findTestObject("mobileSanity/STM/Page_App Page 1/a_Continue"), 0): Object 'Object Repository/mobileSanity/STM/Page_App Page 1/a_Continue' is visible

2019-07-12 09:24:10 - [MESSAGE][WARNING] - Timeout '0' is invalid. Using default page load timeout: '20'

2019-07-12 09:24:10 - [MESSAGE][PASSED] - Object 'Object Repository/mobileSanity/STM/Page_App Page 1/a_Continue' is visible

2019-07-12 09:24:10 - [TEST_STEP][PASSED] - click(findTestObject("mobileSanity/STM/Page_App Page 1/a_Continue")): Object: 'Object Repository/mobileSanity/STM/Page_App Page 1/a_Continue' is clicked on

2019-07-12 09:24:11 - [MESSAGE][PASSED] - Object: 'Object Repository/mobileSanity/STM/Page_App Page 1/a_Continue' is clicked on

2019-07-12 09:24:11 - [TEST_STEP][PASSED] - waitForPageLoad(10): Wait for page load successfully

2019-07-12 09:24:11 - [MESSAGE][PASSED] - Wait for page load successfully

2019-07-12 09:24:11 - [TEST_STEP][PASSED] - Thread.sleep(2000): null

2019-07-12 09:24:13 - [TEST_STEP][PASSED] - callTestCase(findTestCase("mobileWeb/_include/get_screenshot"), [:], STOP_ON_FAILURE): Call Test Case 'Test Cases/mobileWeb/_include/get_screenshot' successfully

2019-07-12 09:24:13 - [TEST_CASE][PASSED] - Test Cases/mobileWeb/_include/get_screenshot: Test Cases/mobileWeb/_include/get_screenshot

2019-07-12 09:24:13 - [TEST_STEP][PASSED] - takeScreenshot(screenPath + i + ".png"): Taking screenshot successfully

2019-07-12 09:24:13 - [MESSAGE][PASSED] - Taking screenshot successfully
[[ATTACHMENT|D:\\Test\\AgileTest\\AgileTest\\Reports\\mobileWeb\\stm\\20190712_092139\\../Screenshots/iPhone 6/stm/AdvantHealth/20190712_092326/6.png]]

2019-07-12 09:24:13 - [TEST_STEP][PASSED] - (internal.GlobalVariable.i++): null

2019-07-12 09:24:13 - [MESSAGE][PASSED] - Call Test Case 'Test Cases/mobileWeb/_include/get_screenshot' successfully

2019-07-12 09:24:13 - [MESSAGE][PASSED] - Call Test Case 'Test Cases/mobileWeb/_include/page_1_stm' successfully

2019-07-12 09:24:13 - [TEST_STEP][PASSED] - callTestCase(findTestCase("mobileWeb/_include/name"), [:], CONTINUE_ON_FAILURE): Call Test Case 'Test Cases/mobileWeb/_include/name' successfully

2019-07-12 09:24:13 - [TEST_CASE][PASSED] - Test Cases/mobileWeb/_include/name: Test Cases/mobileWeb/_include/name

2019-07-12 09:24:13 - [TEST_STEP][PASSED] - driver = getWebDriver(): null

2019-07-12 09:24:13 - [TEST_STEP][PASSED] - selenium = new com.thoughtworks.selenium.webdriven.WebDriverBackedSelenium(driver, internal.GlobalVariable.ENV): null

2019-07-12 09:24:13 - [TEST_STEP][PASSED] - FirstName = "Test-123": null

2019-07-12 09:24:13 - [TEST_STEP][PASSED] - LastName = selenium.getEval("{var x="ABCDEFGHIJKLMNOPQRSTUVWXYZabcdefghijklmnopqrstuvwxyz"; var tmp="ZZ11-"; for (i=0;i<8;i++) tmp+=x.charAt(Math.ceil(51*Math.random()));tmp;}"): null

2019-07-12 09:24:13 - [TEST_STEP][PASSED] - Address = selenium.getEval("{var x="ABCDEFGHIJKLMNOPQRSTUVWXYZabcdefghijklmnopqrstuvwxyz"; var tmp=""; for (i=0;i<8;i++) tmp+=x.charAt(Math.ceil(51*Math.random()));tmp;}"): null

2019-07-12 09:24:13 - [TEST_STEP][PASSED] - City = selenium.getEval("{var x="ABCDEFGHIJKLMNOPQRSTUVWXYZabcdefghijklmnopqrstuvwxyz"; var tmp=""; for (i=0;i<8;i++) tmp+=x.charAt(Math.ceil(51*Math.random()));tmp;}"): null

2019-07-12 09:24:13 - [TEST_STEP][PASSED] - tel1 = selenium.getEval("{var x="123456789"; var tmp=""; for (i=0;i<3;i++) tmp+=x.charAt(Math.ceil(8*Math.random()));tmp;}"): null

2019-07-12 09:24:13 - [TEST_STEP][PASSED] - tel2 = selenium.getEval("{var x="123456789"; var tmp=""; for (i=0;i<3;i++) tmp+=x.charAt(Math.ceil(8*Math.random()));tmp;}"): null

2019-07-12 09:24:13 - [TEST_STEP][PASSED] - tel3 = selenium.getEval("{var x="123456789"; var tmp=""; for (i=0;i<4;i++) tmp+=x.charAt(Math.ceil(8*Math.random()));tmp;}"): null

2019-07-12 09:24:13 - [TEST_STEP][PASSED] - Tel = selenium.getExpression(tel1 + "-" + tel2 + "-" + tel3): null

2019-07-12 09:24:13 - [TEST_STEP][PASSED] - AutoEmail = selenium.getEval("{var x="ABCDEFGHIJKLMNOPQRSTUVWXYZabcdefghijklmnopqrstuvwxyz"; var tmp="test."; for (i=0;i<8;i++) tmp+=x.charAt(Math.ceil(51*Math.random()));tmp+="@suryani.cn";}"): null

2019-07-12 09:24:13 - [TEST_STEP][PASSED] - FirstName = FirstName: null

2019-07-12 09:24:13 - [TEST_STEP][PASSED] - LastName = LastName: null

2019-07-12 09:24:13 - [TEST_STEP][PASSED] - Address = Address: null

2019-07-12 09:24:13 - [TEST_STEP][PASSED] - City = City: null

2019-07-12 09:24:13 - [TEST_STEP][PASSED] - Tel = Tel: null

2019-07-12 09:24:13 - [TEST_STEP][PASSED] - AutoEmail = AutoEmail: null

2019-07-12 09:24:14 - [TEST_STEP][PASSED] - println(FirstName): null

2019-07-12 09:24:14 - [TEST_STEP][PASSED] - println(LastName): null

2019-07-12 09:24:14 - [TEST_STEP][PASSED] - println(Address): null

2019-07-12 09:24:14 - [TEST_STEP][PASSED] - println(City): null

2019-07-12 09:24:14 - [TEST_STEP][PASSED] - println(Tel): null

2019-07-12 09:24:14 - [TEST_STEP][PASSED] - println(AutoEmail): null

2019-07-12 09:24:14 - [MESSAGE][PASSED] - Call Test Case 'Test Cases/mobileWeb/_include/name' successfully

2019-07-12 09:24:14 - [TEST_STEP][PASSED] - setText(findTestObject("mobileSanity/STM/Page_App Page 2/input__member-P-1-firstName"), FirstName): Text 'Test-123' is set on object 'Object Repository/mobileSanity/STM/Page_App Page 2/input__member-P-1-firstName'

2019-07-12 09:24:15 - [MESSAGE][PASSED] - Text 'Test-123' is set on object 'Object Repository/mobileSanity/STM/Page_App Page 2/input__member-P-1-firstName'

2019-07-12 09:24:15 - [TEST_STEP][PASSED] - setText(findTestObject("mobileSanity/STM/Page_App Page 2/input__member-P-1-lastName"), LastName): Text 'ZZ11-UuVNfnUM' is set on object 'Object Repository/mobileSanity/STM/Page_App Page 2/input__member-P-1-lastName'

2019-07-12 09:24:16 - [MESSAGE][PASSED] - Text 'ZZ11-UuVNfnUM' is set on object 'Object Repository/mobileSanity/STM/Page_App Page 2/input__member-P-1-lastName'

2019-07-12 09:24:16 - [TEST_STEP][PASSED] - selectOptionByLabel(findTestObject("mobileSanity/STM/Page_App Page 2/member-P-1-ft"), "05", false): All options with label '05' are selected in object 'Object Repository/mobileSanity/STM/Page_App Page 2/member-P-1-ft' 

2019-07-12 09:24:16 - [MESSAGE][PASSED] - All options with label '05' are selected in object 'Object Repository/mobileSanity/STM/Page_App Page 2/member-P-1-ft' 

2019-07-12 09:24:16 - [TEST_STEP][PASSED] - selectOptionByLabel(findTestObject("mobileSanity/STM/Page_App Page 2/member-P-1-in"), "06", false): All options with label '06' are selected in object 'Object Repository/mobileSanity/STM/Page_App Page 2/member-P-1-in' 

2019-07-12 09:24:16 - [MESSAGE][PASSED] - All options with label '06' are selected in object 'Object Repository/mobileSanity/STM/Page_App Page 2/member-P-1-in' 

2019-07-12 09:24:16 - [TEST_STEP][PASSED] - setText(findTestObject("mobileSanity/STM/Page_App Page 2/member-P-1-lbs"), "180"): Text '180' is set on object 'Object Repository/mobileSanity/STM/Page_App Page 2/member-P-1-lbs'

2019-07-12 09:24:17 - [MESSAGE][PASSED] - Text '180' is set on object 'Object Repository/mobileSanity/STM/Page_App Page 2/member-P-1-lbs'

2019-07-12 09:24:17 - [TEST_STEP][PASSED] - setText(findTestObject("mobileSanity/STM/Page_App Page 2/input__address"), Address): Text 'VEdRmIko' is set on object 'Object Repository/mobileSanity/STM/Page_App Page 2/input__address'

2019-07-12 09:24:17 - [MESSAGE][PASSED] - Text 'VEdRmIko' is set on object 'Object Repository/mobileSanity/STM/Page_App Page 2/input__address'

2019-07-12 09:24:17 - [TEST_STEP][PASSED] - setText(findTestObject("mobileSanity/STM/Page_App Page 2/input__city"), City): Text 'lyiBLutW' is set on object 'Object Repository/mobileSanity/STM/Page_App Page 2/input__city'

2019-07-12 09:24:17 - [MESSAGE][PASSED] - Text 'lyiBLutW' is set on object 'Object Repository/mobileSanity/STM/Page_App Page 2/input__city'

2019-07-12 09:24:17 - [TEST_STEP][PASSED] - setText(findTestObject("mobileSanity/STM/Page_App Page 2/input__email"), AutoEmail): Text 'test.UjSiCSxD@suryani.cn' is set on object 'Object Repository/mobileSanity/STM/Page_App Page 2/input__email'

2019-07-12 09:24:18 - [MESSAGE][PASSED] - Text 'test.UjSiCSxD@suryani.cn' is set on object 'Object Repository/mobileSanity/STM/Page_App Page 2/input__email'

2019-07-12 09:24:18 - [TEST_STEP][PASSED] - setText(findTestObject("mobileSanity/STM/Page_App Page 2/input_tel"), Tel): Text '848-874-7453' is set on object 'Object Repository/mobileSanity/STM/Page_App Page 2/input_tel'

2019-07-12 09:24:18 - [MESSAGE][PASSED] - Text '848-874-7453' is set on object 'Object Repository/mobileSanity/STM/Page_App Page 2/input_tel'

2019-07-12 09:24:18 - [TEST_STEP][PASSED] - click(findTestObject("mobileSanity/STM/Page_App Page 2/a_Continue to Step 3 - Payment")): Object: 'Object Repository/mobileSanity/STM/Page_App Page 2/a_Continue to Step 3 - Payment' is clicked on

2019-07-12 09:24:19 - [MESSAGE][PASSED] - Object: 'Object Repository/mobileSanity/STM/Page_App Page 2/a_Continue to Step 3 - Payment' is clicked on

2019-07-12 09:24:19 - [TEST_STEP][PASSED] - waitForPageLoad(10): Wait for page load successfully

2019-07-12 09:24:19 - [MESSAGE][PASSED] - Wait for page load successfully

2019-07-12 09:24:19 - [TEST_STEP][PASSED] - Thread.sleep(2000): null

2019-07-12 09:24:21 - [TEST_STEP][PASSED] - callTestCase(findTestCase("mobileWeb/_include/get_screenshot"), [:], STOP_ON_FAILURE): Call Test Case 'Test Cases/mobileWeb/_include/get_screenshot' successfully

2019-07-12 09:24:21 - [TEST_CASE][PASSED] - Test Cases/mobileWeb/_include/get_screenshot: Test Cases/mobileWeb/_include/get_screenshot

2019-07-12 09:24:21 - [TEST_STEP][PASSED] - takeScreenshot(screenPath + i + ".png"): Taking screenshot successfully

2019-07-12 09:24:21 - [MESSAGE][PASSED] - Taking screenshot successfully
[[ATTACHMENT|D:\\Test\\AgileTest\\AgileTest\\Reports\\mobileWeb\\stm\\20190712_092139\\../Screenshots/iPhone 6/stm/AdvantHealth/20190712_092326/7.png]]

2019-07-12 09:24:21 - [TEST_STEP][PASSED] - (internal.GlobalVariable.i++): null

2019-07-12 09:24:21 - [MESSAGE][PASSED] - Call Test Case 'Test Cases/mobileWeb/_include/get_screenshot' successfully

2019-07-12 09:24:21 - [TEST_STEP][PASSED] - setText(findTestObject("mobileSanity/STM/Page_App Page 3/input__credit-card-first"), FirstName): Text 'Test-123' is set on object 'Object Repository/mobileSanity/STM/Page_App Page 3/input__credit-card-first'

2019-07-12 09:24:22 - [MESSAGE][PASSED] - Text 'Test-123' is set on object 'Object Repository/mobileSanity/STM/Page_App Page 3/input__credit-card-first'

2019-07-12 09:24:22 - [TEST_STEP][PASSED] - setText(findTestObject("mobileSanity/STM/Page_App Page 3/input__credit-card-last"), LastName): Text 'ZZ11-UuVNfnUM' is set on object 'Object Repository/mobileSanity/STM/Page_App Page 3/input__credit-card-last'

2019-07-12 09:24:22 - [MESSAGE][PASSED] - Text 'ZZ11-UuVNfnUM' is set on object 'Object Repository/mobileSanity/STM/Page_App Page 3/input__credit-card-last'

2019-07-12 09:24:22 - [TEST_STEP][PASSED] - selectOptionByValue(findTestObject("mobileSanity/STM/Page_App Page 3/select_MM010203040506070809101"), "12", true): All options with value '12' are selected in object 'Object Repository/mobileSanity/STM/Page_App Page 3/select_MM010203040506070809101'  using regular expression

2019-07-12 09:24:22 - [MESSAGE][PASSED] - All options with value '12' are selected in object 'Object Repository/mobileSanity/STM/Page_App Page 3/select_MM010203040506070809101'  using regular expression

2019-07-12 09:24:22 - [TEST_STEP][PASSED] - selectOptionByValue(findTestObject("mobileSanity/STM/Page_App Page 3/select_YYYY2019202020212022202"), "2026", true): All options with value '2026' are selected in object 'Object Repository/mobileSanity/STM/Page_App Page 3/select_YYYY2019202020212022202'  using regular expression

2019-07-12 09:24:23 - [MESSAGE][PASSED] - All options with value '2026' are selected in object 'Object Repository/mobileSanity/STM/Page_App Page 3/select_YYYY2019202020212022202'  using regular expression

2019-07-12 09:24:23 - [TEST_STEP][PASSED] - setText(findTestObject("mobileSanity/STM/Page_App Page 3/input__credit-card-number"), "4111111111111111"): Text '4111111111111111' is set on object 'Object Repository/mobileSanity/STM/Page_App Page 3/input__credit-card-number'

2019-07-12 09:24:23 - [MESSAGE][PASSED] - Text '4111111111111111' is set on object 'Object Repository/mobileSanity/STM/Page_App Page 3/input__credit-card-number'

2019-07-12 09:24:23 - [TEST_STEP][PASSED] - setText(findTestObject("mobileSanity/STM/Page_App Page 3/input__cvv"), "123"): Text '123' is set on object 'Object Repository/mobileSanity/STM/Page_App Page 3/input__cvv'

2019-07-12 09:24:23 - [MESSAGE][PASSED] - Text '123' is set on object 'Object Repository/mobileSanity/STM/Page_App Page 3/input__cvv'

2019-07-12 09:24:23 - [TEST_STEP][PASSED] - click(findTestObject("mobileSanity/STM/Page_App Page 3/label_My billing address is th")): Object: 'Object Repository/mobileSanity/STM/Page_App Page 3/label_My billing address is th' is clicked on

2019-07-12 09:24:23 - [MESSAGE][PASSED] - Object: 'Object Repository/mobileSanity/STM/Page_App Page 3/label_My billing address is th' is clicked on

2019-07-12 09:24:23 - [TEST_STEP][PASSED] - click(findTestObject("mobileSanity/STM/Page_App Page 3/label_I Accept Authorization f")): Object: 'Object Repository/mobileSanity/STM/Page_App Page 3/label_I Accept Authorization f' is clicked on

2019-07-12 09:24:23 - [MESSAGE][PASSED] - Object: 'Object Repository/mobileSanity/STM/Page_App Page 3/label_I Accept Authorization f' is clicked on

2019-07-12 09:24:23 - [TEST_STEP][PASSED] - click(findTestObject("mobileSanity/STM/Page_App Page 3/a_Continue to Step 4 - Review")): Object: 'Object Repository/mobileSanity/STM/Page_App Page 3/a_Continue to Step 4 - Review' is clicked on

2019-07-12 09:24:24 - [MESSAGE][PASSED] - Object: 'Object Repository/mobileSanity/STM/Page_App Page 3/a_Continue to Step 4 - Review' is clicked on

2019-07-12 09:24:24 - [TEST_STEP][PASSED] - waitForPageLoad(10): Wait for page load successfully

2019-07-12 09:24:24 - [MESSAGE][PASSED] - Wait for page load successfully

2019-07-12 09:24:24 - [TEST_STEP][PASSED] - Thread.sleep(2000): null

2019-07-12 09:24:26 - [TEST_STEP][PASSED] - callTestCase(findTestCase("mobileWeb/_include/get_screenshot"), [:], STOP_ON_FAILURE): Call Test Case 'Test Cases/mobileWeb/_include/get_screenshot' successfully

2019-07-12 09:24:26 - [TEST_CASE][PASSED] - Test Cases/mobileWeb/_include/get_screenshot: Test Cases/mobileWeb/_include/get_screenshot

2019-07-12 09:24:26 - [TEST_STEP][PASSED] - takeScreenshot(screenPath + i + ".png"): Taking screenshot successfully

2019-07-12 09:24:29 - [MESSAGE][PASSED] - Taking screenshot successfully
[[ATTACHMENT|D:\\Test\\AgileTest\\AgileTest\\Reports\\mobileWeb\\stm\\20190712_092139\\../Screenshots/iPhone 6/stm/AdvantHealth/20190712_092326/8.png]]

2019-07-12 09:24:29 - [TEST_STEP][PASSED] - (internal.GlobalVariable.i++): null

2019-07-12 09:24:29 - [MESSAGE][PASSED] - Call Test Case 'Test Cases/mobileWeb/_include/get_screenshot' successfully

2019-07-12 09:24:29 - [TEST_STEP][PASSED] - waitForPageLoad(10): Wait for page load successfully

2019-07-12 09:24:29 - [MESSAGE][PASSED] - Wait for page load successfully

2019-07-12 09:24:29 - [TEST_STEP][PASSED] - click(findTestObject("mobileSanity/STM/Page_App Page 4/label")): Object: 'Object Repository/mobileSanity/STM/Page_App Page 4/label' is clicked on

2019-07-12 09:24:37 - [MESSAGE][PASSED] - Object: 'Object Repository/mobileSanity/STM/Page_App Page 4/label' is clicked on

2019-07-12 09:24:37 - [TEST_STEP][PASSED] - click(findTestObject("mobileSanity/STM/Page_App Page 4/div_CLICK TO SIGN")): Object: 'Object Repository/mobileSanity/STM/Page_App Page 4/div_CLICK TO SIGN' is clicked on

2019-07-12 09:24:38 - [MESSAGE][PASSED] - Object: 'Object Repository/mobileSanity/STM/Page_App Page 4/div_CLICK TO SIGN' is clicked on

2019-07-12 09:24:38 - [TEST_STEP][PASSED] - click(findTestObject("mobileSanity/STM/Page_App Page 4/a_Submit Your Application")): Object: 'Object Repository/mobileSanity/STM/Page_App Page 4/a_Submit Your Application' is clicked on

2019-07-12 09:24:38 - [MESSAGE][PASSED] - Object: 'Object Repository/mobileSanity/STM/Page_App Page 4/a_Submit Your Application' is clicked on

2019-07-12 09:24:38 - [TEST_STEP][PASSED] - Thread.sleep(30000): null

2019-07-12 09:25:08 - [TEST_STEP][PASSED] - callTestCase(findTestCase("mobileWeb/_include/get_screenshot"), [:], STOP_ON_FAILURE): Call Test Case 'Test Cases/mobileWeb/_include/get_screenshot' successfully

2019-07-12 09:25:08 - [TEST_CASE][PASSED] - Test Cases/mobileWeb/_include/get_screenshot: Test Cases/mobileWeb/_include/get_screenshot

2019-07-12 09:25:08 - [TEST_STEP][PASSED] - takeScreenshot(screenPath + i + ".png"): Taking screenshot successfully

2019-07-12 09:25:08 - [MESSAGE][PASSED] - Taking screenshot successfully
[[ATTACHMENT|D:\\Test\\AgileTest\\AgileTest\\Reports\\mobileWeb\\stm\\20190712_092139\\../Screenshots/iPhone 6/stm/AdvantHealth/20190712_092326/9.png]]

2019-07-12 09:25:08 - [TEST_STEP][PASSED] - (internal.GlobalVariable.i++): null

2019-07-12 09:25:08 - [MESSAGE][PASSED] - Call Test Case 'Test Cases/mobileWeb/_include/get_screenshot' successfully

2019-07-12 09:25:08 - [TEST_STEP][PASSED] - waitForElementPresent(findTestObject("mobileSanity/STM/Page_App Page 6/span_planName"), 30): Object 'Object Repository/mobileSanity/STM/Page_App Page 6/span_planName' is present

2019-07-12 09:25:09 - [MESSAGE][PASSED] - Object 'Object Repository/mobileSanity/STM/Page_App Page 6/span_planName' is present

2019-07-12 09:25:09 - [TEST_STEP][PASSED] - verifyElementPresent(findTestObject("mobileSanity/STM/Page_App Page 6/span_planName"), 0): Object 'Object Repository/mobileSanity/STM/Page_App Page 6/span_planName' is present

2019-07-12 09:25:09 - [MESSAGE][WARNING] - Timeout '0' is invalid. Using default page load timeout: '20'

2019-07-12 09:25:09 - [MESSAGE][PASSED] - Object 'Object Repository/mobileSanity/STM/Page_App Page 6/span_planName' is present

2019-07-12 09:25:09 - [TEST_STEP][PASSED] - verifyElementPresent(findTestObject("mobileSanity/STM/Page_App Page 6/span_approved"), 0): Object 'Object Repository/mobileSanity/STM/Page_App Page 6/span_approved' is present

2019-07-12 09:25:09 - [MESSAGE][WARNING] - Timeout '0' is invalid. Using default page load timeout: '20'

2019-07-12 09:25:09 - [MESSAGE][PASSED] - Object 'Object Repository/mobileSanity/STM/Page_App Page 6/span_approved' is present

2019-07-12 09:25:09 - [MESSAGE][PASSED] - Call Test Case 'Test Cases/mobileWeb/_include/goToEnd_stm' successfully]]></system-out>
         <system-err><![CDATA[]]></system-err>
      </testcase>
      <testcase name="Test Cases/mobileWeb/stm/Companion" classname="Test Cases/mobileWeb/stm/Companion" status="FAILED">
         <failure type="FAILED" message="Test Cases/mobileWeb/stm/Companion FAILED.
Reason:
com.kms.katalon.core.exception.StepFailedException: Unable to verify object 'Object Repository/mobileSanity/STM/Page_App Page 6/span_approved' is present (Root cause: com.kms.katalon.core.exception.StepFailedException: com.kms.katalon.core.webui.exception.WebElementNotFoundException: Web element with id: 'Object Repository/mobileSanity/STM/Page_App Page 6/span_approved' located by 'By.xpath: //span[(text() = 'approved' or . = 'approved')]' not found)
	at com.kms.katalon.core.keyword.internal.KeywordMain.stepFailed(KeywordMain.groovy:36)
	at com.kms.katalon.core.webui.keyword.internal.WebUIKeywordMain.stepFailed(WebUIKeywordMain.groovy:65)
	at com.kms.katalon.core.webui.keyword.internal.WebUIKeywordMain.runKeyword(WebUIKeywordMain.groovy:27)
	at com.kms.katalon.core.webui.keyword.builtin.VerifyElementPresentKeyword.verifyElementPresent(VerifyElementPresentKeyword.groovy:92)
	at com.kms.katalon.core.webui.keyword.builtin.VerifyElementPresentKeyword.execute(VerifyElementPresentKeyword.groovy:68)
	at com.kms.katalon.core.keyword.internal.KeywordExecutor.executeKeywordForPlatform(KeywordExecutor.groovy:53)
	at com.kms.katalon.core.webui.keyword.WebUiBuiltInKeywords.verifyElementPresent(WebUiBuiltInKeywords.groovy:1434)
	at com.kms.katalon.core.webui.keyword.WebUiBuiltInKeywords$verifyElementPresent$13.call(Unknown Source)
	at goToEnd_stm_autofill.run(goToEnd_stm_autofill:70)
	at com.kms.katalon.core.main.ScriptEngine.run(ScriptEngine.java:194)
	at com.kms.katalon.core.main.ScriptEngine.runScriptAsRawText(ScriptEngine.java:119)
	at com.kms.katalon.core.main.TestCaseExecutor.runScript(TestCaseExecutor.java:321)
	at com.kms.katalon.core.main.TestCaseExecutor.doExecute(TestCaseExecutor.java:312)
	at com.kms.katalon.core.main.TestCaseExecutor.processExecutionPhase(TestCaseExecutor.java:291)
	at com.kms.katalon.core.main.TestCaseExecutor.accessMainPhase(TestCaseExecutor.java:283)
	at com.kms.katalon.core.main.TestCaseExecutor.execute(TestCaseExecutor.java:222)
	at com.kms.katalon.core.main.TestCaseMain.runTestCase(TestCaseMain.java:106)
	at com.kms.katalon.core.keyword.builtin.CallTestCaseKeyword$_callTestCase_closure1.doCall(CallTestCaseKeyword.groovy:59)
	at com.kms.katalon.core.keyword.builtin.CallTestCaseKeyword$_callTestCase_closure1.call(CallTestCaseKeyword.groovy)
	at com.kms.katalon.core.keyword.internal.KeywordMain.runKeyword(KeywordMain.groovy:54)
	at com.kms.katalon.core.keyword.builtin.CallTestCaseKeyword.callTestCase(CallTestCaseKeyword.groovy:80)
	at com.kms.katalon.core.keyword.builtin.CallTestCaseKeyword.execute(CallTestCaseKeyword.groovy:44)
	at com.kms.katalon.core.keyword.internal.KeywordExecutor.executeKeywordForPlatform(KeywordExecutor.groovy:53)
	at com.kms.katalon.core.keyword.BuiltinKeywords.callTestCase(BuiltinKeywords.groovy:334)
	at Companion.run(Companion:31)
	at com.kms.katalon.core.main.ScriptEngine.run(ScriptEngine.java:194)
	at com.kms.katalon.core.main.ScriptEngine.runScriptAsRawText(ScriptEngine.java:119)
	at com.kms.katalon.core.main.TestCaseExecutor.runScript(TestCaseExecutor.java:321)
	at com.kms.katalon.core.main.TestCaseExecutor.doExecute(TestCaseExecutor.java:312)
	at com.kms.katalon.core.main.TestCaseExecutor.processExecutionPhase(TestCaseExecutor.java:291)
	at com.kms.katalon.core.main.TestCaseExecutor.accessMainPhase(TestCaseExecutor.java:283)
	at com.kms.katalon.core.main.TestCaseExecutor.execute(TestCaseExecutor.java:222)
	at com.kms.katalon.core.main.TestSuiteExecutor.accessTestCaseMainPhase(TestSuiteExecutor.java:129)
	at com.kms.katalon.core.main.TestSuiteExecutor.accessTestSuiteMainPhase(TestSuiteExecutor.java:112)
	at com.kms.katalon.core.main.TestSuiteExecutor.execute(TestSuiteExecutor.java:81)
	at com.kms.katalon.core.main.TestCaseMain.startTestSuite(TestCaseMain.java:149)
	at com.kms.katalon.core.main.TestCaseMain$startTestSuite$0.call(Unknown Source)
	at TempTestSuite1562894499594.run(TempTestSuite1562894499594.groovy:36)
"/>
         <system-out><![CDATA[2019-07-12 09:25:09 - [TEST_CASE][FAILED] - Test Cases/mobileWeb/stm/Companion: Test Cases/mobileWeb/stm/Companion FAILED.
Reason:
com.kms.katalon.core.exception.StepFailedException: Unable to verify object 'Object Repository/mobileSanity/STM/Page_App Page 6/span_approved' is present (Root cause: com.kms.katalon.core.exception.StepFailedException: com.kms.katalon.core.webui.exception.WebElementNotFoundException: Web element with id: 'Object Repository/mobileSanity/STM/Page_App Page 6/span_approved' located by 'By.xpath: //span[(text() = 'approved' or . = 'approved')]' not found)
	at com.kms.katalon.core.keyword.internal.KeywordMain.stepFailed(KeywordMain.groovy:36)
	at com.kms.katalon.core.webui.keyword.internal.WebUIKeywordMain.stepFailed(WebUIKeywordMain.groovy:65)
	at com.kms.katalon.core.webui.keyword.internal.WebUIKeywordMain.runKeyword(WebUIKeywordMain.groovy:27)
	at com.kms.katalon.core.webui.keyword.builtin.VerifyElementPresentKeyword.verifyElementPresent(VerifyElementPresentKeyword.groovy:92)
	at com.kms.katalon.core.webui.keyword.builtin.VerifyElementPresentKeyword.execute(VerifyElementPresentKeyword.groovy:68)
	at com.kms.katalon.core.keyword.internal.KeywordExecutor.executeKeywordForPlatform(KeywordExecutor.groovy:53)
	at com.kms.katalon.core.webui.keyword.WebUiBuiltInKeywords.verifyElementPresent(WebUiBuiltInKeywords.groovy:1434)
	at com.kms.katalon.core.webui.keyword.WebUiBuiltInKeywords$verifyElementPresent$13.call(Unknown Source)
	at goToEnd_stm_autofill.run(goToEnd_stm_autofill:70)
	at com.kms.katalon.core.main.ScriptEngine.run(ScriptEngine.java:194)
	at com.kms.katalon.core.main.ScriptEngine.runScriptAsRawText(ScriptEngine.java:119)
	at com.kms.katalon.core.main.TestCaseExecutor.runScript(TestCaseExecutor.java:321)
	at com.kms.katalon.core.main.TestCaseExecutor.doExecute(TestCaseExecutor.java:312)
	at com.kms.katalon.core.main.TestCaseExecutor.processExecutionPhase(TestCaseExecutor.java:291)
	at com.kms.katalon.core.main.TestCaseExecutor.accessMainPhase(TestCaseExecutor.java:283)
	at com.kms.katalon.core.main.TestCaseExecutor.execute(TestCaseExecutor.java:222)
	at com.kms.katalon.core.main.TestCaseMain.runTestCase(TestCaseMain.java:106)
	at com.kms.katalon.core.keyword.builtin.CallTestCaseKeyword$_callTestCase_closure1.doCall(CallTestCaseKeyword.groovy:59)
	at com.kms.katalon.core.keyword.builtin.CallTestCaseKeyword$_callTestCase_closure1.call(CallTestCaseKeyword.groovy)
	at com.kms.katalon.core.keyword.internal.KeywordMain.runKeyword(KeywordMain.groovy:54)
	at com.kms.katalon.core.keyword.builtin.CallTestCaseKeyword.callTestCase(CallTestCaseKeyword.groovy:80)
	at com.kms.katalon.core.keyword.builtin.CallTestCaseKeyword.execute(CallTestCaseKeyword.groovy:44)
	at com.kms.katalon.core.keyword.internal.KeywordExecutor.executeKeywordForPlatform(KeywordExecutor.groovy:53)
	at com.kms.katalon.core.keyword.BuiltinKeywords.callTestCase(BuiltinKeywords.groovy:334)
	at Companion.run(Companion:31)
	at com.kms.katalon.core.main.ScriptEngine.run(ScriptEngine.java:194)
	at com.kms.katalon.core.main.ScriptEngine.runScriptAsRawText(ScriptEngine.java:119)
	at com.kms.katalon.core.main.TestCaseExecutor.runScript(TestCaseExecutor.java:321)
	at com.kms.katalon.core.main.TestCaseExecutor.doExecute(TestCaseExecutor.java:312)
	at com.kms.katalon.core.main.TestCaseExecutor.processExecutionPhase(TestCaseExecutor.java:291)
	at com.kms.katalon.core.main.TestCaseExecutor.accessMainPhase(TestCaseExecutor.java:283)
	at com.kms.katalon.core.main.TestCaseExecutor.execute(TestCaseExecutor.java:222)
	at com.kms.katalon.core.main.TestSuiteExecutor.accessTestCaseMainPhase(TestSuiteExecutor.java:129)
	at com.kms.katalon.core.main.TestSuiteExecutor.accessTestSuiteMainPhase(TestSuiteExecutor.java:112)
	at com.kms.katalon.core.main.TestSuiteExecutor.execute(TestSuiteExecutor.java:81)
	at com.kms.katalon.core.main.TestCaseMain.startTestSuite(TestCaseMain.java:149)
	at com.kms.katalon.core.main.TestCaseMain$startTestSuite$0.call(Unknown Source)
	at TempTestSuite1562894499594.run(TempTestSuite1562894499594.groovy:36)


2019-07-12 09:25:09 - [TEST_STEP][PASSED] - callTestCase(findTestCase("mobileWeb/_include/get_screenPath"), ["productLine":"stm", "carrierName":"Companion"], CONTINUE_ON_FAILURE): Call Test Case 'Test Cases/mobileWeb/_include/get_screenPath' successfully

2019-07-12 09:25:09 - [TEST_CASE][PASSED] - Test Cases/mobileWeb/_include/get_screenPath: Test Cases/mobileWeb/_include/get_screenPath

2019-07-12 09:25:09 - [TEST_STEP][PASSED] - m = getExecutionProperties(): null

2019-07-12 09:25:09 - [TEST_STEP][PASSED] - deviceName = get("mobileEmulation").get("deviceName"): null

2019-07-12 09:25:09 - [TEST_STEP][PASSED] - println(deviceName): null

2019-07-12 09:25:09 - [TEST_STEP][PASSED] - now = new java.util.Date(): null

2019-07-12 09:25:09 - [TEST_STEP][PASSED] - mydate = now.format("yyyyMMdd_HHmmss"): null

2019-07-12 09:25:09 - [TEST_STEP][PASSED] - screenPath = "../Screenshots/": null

2019-07-12 09:25:09 - [TEST_STEP][PASSED] - screenPath = screenPath + deviceName + "/" + productLine + "/" + carrierName + "/" + mydate + "/": null

2019-07-12 09:25:09 - [TEST_STEP][PASSED] - println(screenPath): null

2019-07-12 09:25:09 - [MESSAGE][PASSED] - Call Test Case 'Test Cases/mobileWeb/_include/get_screenPath' successfully

2019-07-12 09:25:09 - [TEST_STEP][PASSED] - i = 0: null

2019-07-12 09:25:09 - [TEST_STEP][PASSED] - callTestCase(findTestCase("mobileWeb/_include/openWebSite"), [:], CONTINUE_ON_FAILURE): Call Test Case 'Test Cases/mobileWeb/_include/openWebSite' successfully

2019-07-12 09:25:09 - [TEST_CASE][PASSED] - Test Cases/mobileWeb/_include/openWebSite: Test Cases/mobileWeb/_include/openWebSite

2019-07-12 09:25:09 - [TEST_STEP][PASSED] - openBrowser(ENV): Browser is opened with url: 'https://praetemptatus.agilehealthinsurance.com'

2019-07-12 09:25:09 - [MESSAGE][WARNING] - A browser is already opened. Closing browser and opening a new one

2019-07-12 09:25:10 - [MESSAGE][INFO] - Starting 'Chrome' driver

2019-07-12 09:25:10 - [MESSAGE][INFO] - User set preference: ['mobileEmulation', '{deviceName=iPhone 6}']

2019-07-12 09:25:10 - [MESSAGE][INFO] - User set preference: ['args', '[--incognito, --aggressive-cache-discard, --window-size=375,677, --no-sandbox]']

2019-07-12 09:25:16 - [MESSAGE][PASSED] - Browser is opened with url: 'https://praetemptatus.agilehealthinsurance.com'

2019-07-12 09:25:16 - [TEST_STEP][PASSED] - waitForPageLoad(10): Wait for page load successfully

2019-07-12 09:25:16 - [MESSAGE][PASSED] - Wait for page load successfully

2019-07-12 09:25:16 - [TEST_STEP][PASSED] - callTestCase(findTestCase("mobileWeb/_include/get_screenshot"), [:], STOP_ON_FAILURE): Call Test Case 'Test Cases/mobileWeb/_include/get_screenshot' successfully

2019-07-12 09:25:16 - [TEST_CASE][PASSED] - Test Cases/mobileWeb/_include/get_screenshot: Test Cases/mobileWeb/_include/get_screenshot

2019-07-12 09:25:16 - [TEST_STEP][PASSED] - takeScreenshot(screenPath + i + ".png"): Taking screenshot successfully

2019-07-12 09:25:17 - [MESSAGE][PASSED] - Taking screenshot successfully
[[ATTACHMENT|D:\\Test\\AgileTest\\AgileTest\\Reports\\mobileWeb\\stm\\20190712_092139\\../Screenshots/iPhone 6/stm/Companion/20190712_092509/0.png]]

2019-07-12 09:25:17 - [TEST_STEP][PASSED] - (internal.GlobalVariable.i++): null

2019-07-12 09:25:17 - [MESSAGE][PASSED] - Call Test Case 'Test Cases/mobileWeb/_include/get_screenshot' successfully

2019-07-12 09:25:17 - [MESSAGE][PASSED] - Call Test Case 'Test Cases/mobileWeb/_include/openWebSite' successfully

2019-07-12 09:25:17 - [TEST_STEP][PASSED] - callTestCase(findTestCase("mobileWeb/_include/census_stm"), [:], CONTINUE_ON_FAILURE): Call Test Case 'Test Cases/mobileWeb/_include/census_stm' successfully

2019-07-12 09:25:17 - [TEST_CASE][PASSED] - Test Cases/mobileWeb/_include/census_stm: Test Cases/mobileWeb/_include/census_stm

2019-07-12 09:25:17 - [TEST_STEP][PASSED] - waitForElementClickable(findTestObject("mobileSanity/STM/Home Page/a_Quote  Save Today"), 10): Object 'Object Repository/mobileSanity/STM/Home Page/a_Quote  Save Today' is clickable

2019-07-12 09:25:17 - [MESSAGE][PASSED] - Object 'Object Repository/mobileSanity/STM/Home Page/a_Quote  Save Today' is clickable

2019-07-12 09:25:17 - [TEST_STEP][PASSED] - click(findTestObject("mobileSanity/STM/Home Page/a_Quote  Save Today")): Object: 'Object Repository/mobileSanity/STM/Home Page/a_Quote  Save Today' is clicked on

2019-07-12 09:25:18 - [MESSAGE][PASSED] - Object: 'Object Repository/mobileSanity/STM/Home Page/a_Quote  Save Today' is clicked on

2019-07-12 09:25:18 - [TEST_STEP][PASSED] - waitForPageLoad(10): Wait for page load successfully

2019-07-12 09:25:18 - [MESSAGE][PASSED] - Wait for page load successfully

2019-07-12 09:25:18 - [TEST_STEP][PASSED] - callTestCase(findTestCase("mobileWeb/_include/get_screenshot"), [:], STOP_ON_FAILURE): Call Test Case 'Test Cases/mobileWeb/_include/get_screenshot' successfully

2019-07-12 09:25:18 - [TEST_CASE][PASSED] - Test Cases/mobileWeb/_include/get_screenshot: Test Cases/mobileWeb/_include/get_screenshot

2019-07-12 09:25:18 - [TEST_STEP][PASSED] - takeScreenshot(screenPath + i + ".png"): Taking screenshot successfully

2019-07-12 09:25:20 - [MESSAGE][PASSED] - Taking screenshot successfully
[[ATTACHMENT|D:\\Test\\AgileTest\\AgileTest\\Reports\\mobileWeb\\stm\\20190712_092139\\../Screenshots/iPhone 6/stm/Companion/20190712_092509/1.png]]

2019-07-12 09:25:20 - [TEST_STEP][PASSED] - (internal.GlobalVariable.i++): null

2019-07-12 09:25:20 - [MESSAGE][PASSED] - Call Test Case 'Test Cases/mobileWeb/_include/get_screenshot' successfully

2019-07-12 09:25:20 - [TEST_STEP][PASSED] - setText(findTestObject("mobileSanity/STM/STM Census Page/input_Location_zip-input"), zipcode): Text '35215' is set on object 'Object Repository/mobileSanity/STM/STM Census Page/input_Location_zip-input'

2019-07-12 09:25:20 - [MESSAGE][PASSED] - Text '35215' is set on object 'Object Repository/mobileSanity/STM/STM Census Page/input_Location_zip-input'

2019-07-12 09:25:20 - [TEST_STEP][PASSED] - Thread.sleep(500): null

2019-07-12 09:25:21 - [TEST_STEP][PASSED] - setText(findTestObject("mobileSanity/STM/STM Census Page/input_Date of Birth_dob-0"), "03031987"): Text '03031987' is set on object 'Object Repository/mobileSanity/STM/STM Census Page/input_Date of Birth_dob-0'

2019-07-12 09:25:21 - [MESSAGE][PASSED] - Text '03031987' is set on object 'Object Repository/mobileSanity/STM/STM Census Page/input_Date of Birth_dob-0'

2019-07-12 09:25:21 - [TEST_STEP][PASSED] - click(findTestObject("mobileSanity/STM/STM Census Page/label_Male")): Object: 'Object Repository/mobileSanity/STM/STM Census Page/label_Male' is clicked on

2019-07-12 09:25:21 - [MESSAGE][PASSED] - Object: 'Object Repository/mobileSanity/STM/STM Census Page/label_Male' is clicked on

2019-07-12 09:25:21 - [TEST_STEP][PASSED] - click(findTestObject("mobileSanity/STM/STM Census Page/label_Compare Plans")): Object: 'Object Repository/mobileSanity/STM/STM Census Page/label_Compare Plans' is clicked on

2019-07-12 09:25:21 - [MESSAGE][PASSED] - Object: 'Object Repository/mobileSanity/STM/STM Census Page/label_Compare Plans' is clicked on

2019-07-12 09:25:21 - [TEST_STEP][PASSED] - waitForPageLoad(10): Wait for page load successfully

2019-07-12 09:25:21 - [MESSAGE][PASSED] - Wait for page load successfully

2019-07-12 09:25:21 - [TEST_STEP][PASSED] - Thread.sleep(2000): null

2019-07-12 09:25:23 - [TEST_STEP][PASSED] - callTestCase(findTestCase("mobileWeb/_include/get_screenshot"), [:], STOP_ON_FAILURE): Call Test Case 'Test Cases/mobileWeb/_include/get_screenshot' successfully

2019-07-12 09:25:24 - [TEST_CASE][PASSED] - Test Cases/mobileWeb/_include/get_screenshot: Test Cases/mobileWeb/_include/get_screenshot

2019-07-12 09:25:24 - [TEST_STEP][PASSED] - takeScreenshot(screenPath + i + ".png"): Taking screenshot successfully

2019-07-12 09:25:27 - [MESSAGE][PASSED] - Taking screenshot successfully
[[ATTACHMENT|D:\\Test\\AgileTest\\AgileTest\\Reports\\mobileWeb\\stm\\20190712_092139\\../Screenshots/iPhone 6/stm/Companion/20190712_092509/2.png]]

2019-07-12 09:25:27 - [TEST_STEP][PASSED] - (internal.GlobalVariable.i++): null

2019-07-12 09:25:27 - [MESSAGE][PASSED] - Call Test Case 'Test Cases/mobileWeb/_include/get_screenshot' successfully

2019-07-12 09:25:27 - [MESSAGE][PASSED] - Call Test Case 'Test Cases/mobileWeb/_include/census_stm' successfully

2019-07-12 09:25:27 - [TEST_STEP][PASSED] - callTestCase(findTestCase("mobileWeb/_include/filter_stm"), ["carrier":"pivotcompanion"], STOP_ON_FAILURE): Call Test Case 'Test Cases/mobileWeb/_include/filter_stm' successfully

2019-07-12 09:25:27 - [TEST_CASE][PASSED] - Test Cases/mobileWeb/_include/filter_stm: Test Cases/mobileWeb/_include/filter_stm

2019-07-12 09:25:27 - [TEST_STEP][PASSED] - driver = getWebDriver(): null

2019-07-12 09:25:27 - [TEST_STEP][PASSED] - selenium = new com.thoughtworks.selenium.webdriven.WebDriverBackedSelenium(driver, internal.GlobalVariable.ENV): null

2019-07-12 09:25:27 - [TEST_STEP][PASSED] - click(findTestObject("mobileSanity/STM/STM Quote Page/button_6 months")): Object: 'Object Repository/mobileSanity/STM/STM Quote Page/button_6 months' is clicked on

2019-07-12 09:25:28 - [MESSAGE][PASSED] - Object: 'Object Repository/mobileSanity/STM/STM Quote Page/button_6 months' is clicked on

2019-07-12 09:25:28 - [TEST_STEP][PASSED] - test.MobileKeywords.clickJS(findTestObject("mobileSanity/STM/STM Quote Page/radio_6 months")): test.MobileKeywords.clickJS is PASSED

2019-07-12 09:25:28 - [MESSAGE][PASSED] - Execute JavaScript 'arguments[0].click()' successfully

2019-07-12 09:25:28 - [MESSAGE][PASSED] - test.MobileKeywords.clickJS is PASSED

2019-07-12 09:25:28 - [TEST_STEP][PASSED] - Thread.sleep(1000): null

2019-07-12 09:25:29 - [TEST_STEP][PASSED] - test.MobileKeywords.clickJS(findTestObject("mobileSanity/STM/STM Quote Page/duration_show_plans")): test.MobileKeywords.clickJS is PASSED

2019-07-12 09:25:29 - [MESSAGE][PASSED] - Execute JavaScript 'arguments[0].click()' successfully

2019-07-12 09:25:29 - [MESSAGE][PASSED] - test.MobileKeywords.clickJS is PASSED

2019-07-12 09:25:29 - [TEST_STEP][PASSED] - waitForJQueryLoad(10, STOP_ON_FAILURE): jQuery is ready.

2019-07-12 09:25:30 - [MESSAGE][PASSED] - jQuery is ready.

2019-07-12 09:25:30 - [TEST_STEP][PASSED] - Thread.sleep(1000): null

2019-07-12 09:25:31 - [TEST_STEP][PASSED] - click(findTestObject("mobileSanity/STM/STM Quote Page/button_filters")): Object: 'Object Repository/mobileSanity/STM/STM Quote Page/button_filters' is clicked on

2019-07-12 09:25:31 - [MESSAGE][PASSED] - Object: 'Object Repository/mobileSanity/STM/STM Quote Page/button_filters' is clicked on

2019-07-12 09:25:31 - [TEST_STEP][PASSED] - Thread.sleep(1000): null

2019-07-12 09:25:32 - [TEST_STEP][PASSED] - click(findTestObject("mobileSanity/STM/STM Quote Page/i_Insurance company")): Object: 'Object Repository/mobileSanity/STM/STM Quote Page/i_Insurance company' is clicked on

2019-07-12 09:25:33 - [MESSAGE][PASSED] - Object: 'Object Repository/mobileSanity/STM/STM Quote Page/i_Insurance company' is clicked on

2019-07-12 09:25:33 - [TEST_STEP][PASSED] - Thread.sleep(1000): null

2019-07-12 09:25:34 - [TEST_STEP][PASSED] - filter_carrier = "//input[@name='filter[carrier]' and @value='" + carrier + "']/following::label": null

2019-07-12 09:25:34 - [TEST_STEP][PASSED] - println(filter_carrier): null

2019-07-12 09:25:34 - [TEST_STEP][PASSED] - test.MobileKeywords.clickJS_ByXpath(filter_carrier): test.MobileKeywords.clickJS_ByXpath is PASSED

2019-07-12 09:25:34 - [MESSAGE][PASSED] - Execute JavaScript 'arguments[0].click()' successfully

2019-07-12 09:25:34 - [MESSAGE][PASSED] - test.MobileKeywords.clickJS_ByXpath is PASSED

2019-07-12 09:25:34 - [TEST_STEP][PASSED] - Thread.sleep(1000): null

2019-07-12 09:25:35 - [TEST_STEP][PASSED] - scrollToElement(findTestObject("mobileSanity/STM/STM Quote Page/a_Show Plans"), 1000): Scroll to object 'Object Repository/mobileSanity/STM/STM Quote Page/a_Show Plans' successfully

2019-07-12 09:25:35 - [MESSAGE][PASSED] - Scroll to object 'Object Repository/mobileSanity/STM/STM Quote Page/a_Show Plans' successfully

2019-07-12 09:25:35 - [TEST_STEP][PASSED] - click(findTestObject("mobileSanity/STM/STM Quote Page/a_Show Plans")): Object: 'Object Repository/mobileSanity/STM/STM Quote Page/a_Show Plans' is clicked on

2019-07-12 09:25:35 - [MESSAGE][PASSED] - Object: 'Object Repository/mobileSanity/STM/STM Quote Page/a_Show Plans' is clicked on

2019-07-12 09:25:35 - [TEST_STEP][PASSED] - waitForJQueryLoad(10, STOP_ON_FAILURE): jQuery is ready.

2019-07-12 09:25:36 - [MESSAGE][PASSED] - jQuery is ready.

2019-07-12 09:25:36 - [TEST_STEP][PASSED] - Thread.sleep(2000): null

2019-07-12 09:25:38 - [TEST_STEP][PASSED] - callTestCase(findTestCase("mobileWeb/_include/get_screenshot"), [:], STOP_ON_FAILURE): Call Test Case 'Test Cases/mobileWeb/_include/get_screenshot' successfully

2019-07-12 09:25:38 - [TEST_CASE][PASSED] - Test Cases/mobileWeb/_include/get_screenshot: Test Cases/mobileWeb/_include/get_screenshot

2019-07-12 09:25:38 - [TEST_STEP][PASSED] - takeScreenshot(screenPath + i + ".png"): Taking screenshot successfully

2019-07-12 09:25:38 - [MESSAGE][PASSED] - Taking screenshot successfully
[[ATTACHMENT|D:\\Test\\AgileTest\\AgileTest\\Reports\\mobileWeb\\stm\\20190712_092139\\../Screenshots/iPhone 6/stm/Companion/20190712_092509/3.png]]

2019-07-12 09:25:38 - [TEST_STEP][PASSED] - (internal.GlobalVariable.i++): null

2019-07-12 09:25:38 - [MESSAGE][PASSED] - Call Test Case 'Test Cases/mobileWeb/_include/get_screenshot' successfully

2019-07-12 09:25:38 - [MESSAGE][PASSED] - Call Test Case 'Test Cases/mobileWeb/_include/filter_stm' successfully

2019-07-12 09:25:38 - [TEST_STEP][PASSED] - callTestCase(findTestCase("mobileWeb/_include/goToDetail_stm"), ["carrier":"pivot-health-choice"], STOP_ON_FAILURE): Call Test Case 'Test Cases/mobileWeb/_include/goToDetail_stm' successfully

2019-07-12 09:25:39 - [TEST_CASE][PASSED] - Test Cases/mobileWeb/_include/goToDetail_stm: Test Cases/mobileWeb/_include/goToDetail_stm

2019-07-12 09:25:39 - [TEST_STEP][PASSED] - driver = getWebDriver(): null

2019-07-12 09:25:39 - [TEST_STEP][PASSED] - selenium = new com.thoughtworks.selenium.webdriven.WebDriverBackedSelenium(driver, internal.GlobalVariable.ENV): null

2019-07-12 09:25:39 - [TEST_STEP][PASSED] - a_plan_name = "xpath=//a[contains(@href,'/term-health-insurance/plan/" + carrier + "')]": null

2019-07-12 09:25:39 - [TEST_STEP][PASSED] - println(a_plan_name): null

2019-07-12 09:25:39 - [TEST_STEP][PASSED] - selenium.click(a_plan_name): null

2019-07-12 09:25:40 - [TEST_STEP][PASSED] - waitForPageLoad(10): Wait for page load successfully

2019-07-12 09:25:41 - [MESSAGE][PASSED] - Wait for page load successfully

2019-07-12 09:25:41 - [TEST_STEP][PASSED] - Thread.sleep(2000): null

2019-07-12 09:25:43 - [TEST_STEP][PASSED] - callTestCase(findTestCase("mobileWeb/_include/get_screenshot"), [:], STOP_ON_FAILURE): Call Test Case 'Test Cases/mobileWeb/_include/get_screenshot' successfully

2019-07-12 09:25:43 - [TEST_CASE][PASSED] - Test Cases/mobileWeb/_include/get_screenshot: Test Cases/mobileWeb/_include/get_screenshot

2019-07-12 09:25:43 - [TEST_STEP][PASSED] - takeScreenshot(screenPath + i + ".png"): Taking screenshot successfully

2019-07-12 09:25:43 - [MESSAGE][PASSED] - Taking screenshot successfully
[[ATTACHMENT|D:\\Test\\AgileTest\\AgileTest\\Reports\\mobileWeb\\stm\\20190712_092139\\../Screenshots/iPhone 6/stm/Companion/20190712_092509/4.png]]

2019-07-12 09:25:43 - [TEST_STEP][PASSED] - (internal.GlobalVariable.i++): null

2019-07-12 09:25:43 - [MESSAGE][PASSED] - Call Test Case 'Test Cases/mobileWeb/_include/get_screenshot' successfully

2019-07-12 09:25:43 - [MESSAGE][PASSED] - Call Test Case 'Test Cases/mobileWeb/_include/goToDetail_stm' successfully

2019-07-12 09:25:43 - [TEST_STEP][PASSED] - callTestCase(findTestCase("mobileWeb/_include/apply_stm"), [:], STOP_ON_FAILURE): Call Test Case 'Test Cases/mobileWeb/_include/apply_stm' successfully

2019-07-12 09:25:43 - [TEST_CASE][PASSED] - Test Cases/mobileWeb/_include/apply_stm: Test Cases/mobileWeb/_include/apply_stm

2019-07-12 09:25:43 - [TEST_STEP][PASSED] - waitForElementVisible(findTestObject("mobileSanity/STM/STM PlanDetail Page/a_Apply for This Plan"), 5): Object 'Object Repository/mobileSanity/STM/STM PlanDetail Page/a_Apply for This Plan' is visible

2019-07-12 09:25:43 - [MESSAGE][PASSED] - Object 'Object Repository/mobileSanity/STM/STM PlanDetail Page/a_Apply for This Plan' is visible

2019-07-12 09:25:43 - [TEST_STEP][PASSED] - click(findTestObject("mobileSanity/STM/STM PlanDetail Page/a_Apply for This Plan")): Object: 'Object Repository/mobileSanity/STM/STM PlanDetail Page/a_Apply for This Plan' is clicked on

2019-07-12 09:25:45 - [MESSAGE][PASSED] - Object: 'Object Repository/mobileSanity/STM/STM PlanDetail Page/a_Apply for This Plan' is clicked on

2019-07-12 09:25:45 - [TEST_STEP][PASSED] - waitForPageLoad(10): Wait for page load successfully

2019-07-12 09:25:46 - [MESSAGE][PASSED] - Wait for page load successfully

2019-07-12 09:25:46 - [TEST_STEP][PASSED] - Thread.sleep(2000): null

2019-07-12 09:25:48 - [TEST_STEP][PASSED] - callTestCase(findTestCase("mobileWeb/_include/get_screenshot"), [:], STOP_ON_FAILURE): Call Test Case 'Test Cases/mobileWeb/_include/get_screenshot' successfully

2019-07-12 09:25:48 - [TEST_CASE][PASSED] - Test Cases/mobileWeb/_include/get_screenshot: Test Cases/mobileWeb/_include/get_screenshot

2019-07-12 09:25:48 - [TEST_STEP][PASSED] - takeScreenshot(screenPath + i + ".png"): Taking screenshot successfully

2019-07-12 09:25:48 - [MESSAGE][PASSED] - Taking screenshot successfully
[[ATTACHMENT|D:\\Test\\AgileTest\\AgileTest\\Reports\\mobileWeb\\stm\\20190712_092139\\../Screenshots/iPhone 6/stm/Companion/20190712_092509/5.png]]

2019-07-12 09:25:48 - [TEST_STEP][PASSED] - (internal.GlobalVariable.i++): null

2019-07-12 09:25:48 - [MESSAGE][PASSED] - Call Test Case 'Test Cases/mobileWeb/_include/get_screenshot' successfully

2019-07-12 09:25:48 - [TEST_STEP][PASSED] - waitForElementVisible(findTestObject("mobileSanity/STM/STM Apply Page/a_Start Secure Application"), 5): Object 'Object Repository/mobileSanity/STM/STM Apply Page/a_Start Secure Application' is visible

2019-07-12 09:25:48 - [MESSAGE][PASSED] - Object 'Object Repository/mobileSanity/STM/STM Apply Page/a_Start Secure Application' is visible

2019-07-12 09:25:48 - [TEST_STEP][PASSED] - click(findTestObject("mobileSanity/STM/STM Apply Page/a_Start Secure Application")): Object: 'Object Repository/mobileSanity/STM/STM Apply Page/a_Start Secure Application' is clicked on

2019-07-12 09:25:50 - [MESSAGE][PASSED] - Object: 'Object Repository/mobileSanity/STM/STM Apply Page/a_Start Secure Application' is clicked on

2019-07-12 09:25:50 - [TEST_STEP][PASSED] - waitForPageLoad(10): Wait for page load successfully

2019-07-12 09:25:51 - [MESSAGE][PASSED] - Wait for page load successfully

2019-07-12 09:25:51 - [TEST_STEP][PASSED] - Thread.sleep(2000): null

2019-07-12 09:25:53 - [TEST_STEP][PASSED] - callTestCase(findTestCase("mobileWeb/_include/get_screenshot"), [:], STOP_ON_FAILURE): Call Test Case 'Test Cases/mobileWeb/_include/get_screenshot' successfully

2019-07-12 09:25:53 - [TEST_CASE][PASSED] - Test Cases/mobileWeb/_include/get_screenshot: Test Cases/mobileWeb/_include/get_screenshot

2019-07-12 09:25:53 - [TEST_STEP][PASSED] - takeScreenshot(screenPath + i + ".png"): Taking screenshot successfully

2019-07-12 09:25:53 - [MESSAGE][PASSED] - Taking screenshot successfully
[[ATTACHMENT|D:\\Test\\AgileTest\\AgileTest\\Reports\\mobileWeb\\stm\\20190712_092139\\../Screenshots/iPhone 6/stm/Companion/20190712_092509/6.png]]

2019-07-12 09:25:53 - [TEST_STEP][PASSED] - (internal.GlobalVariable.i++): null

2019-07-12 09:25:53 - [MESSAGE][PASSED] - Call Test Case 'Test Cases/mobileWeb/_include/get_screenshot' successfully

2019-07-12 09:25:53 - [MESSAGE][PASSED] - Call Test Case 'Test Cases/mobileWeb/_include/apply_stm' successfully

2019-07-12 09:25:53 - [TEST_STEP][FAILED] - callTestCase(findTestCase("mobileWeb/_include/goToEnd_stm_autofill"), [:], STOP_ON_FAILURE): callTestCase(findTestCase("mobileWeb/_include/goToEnd_stm_autofill"), [:], STOP_ON_FAILURE) FAILED.
Reason:
com.kms.katalon.core.exception.StepFailedException: Unable to verify object 'Object Repository/mobileSanity/STM/Page_App Page 6/span_approved' is present (Root cause: com.kms.katalon.core.exception.StepFailedException: com.kms.katalon.core.webui.exception.WebElementNotFoundException: Web element with id: 'Object Repository/mobileSanity/STM/Page_App Page 6/span_approved' located by 'By.xpath: //span[(text() = 'approved' or . = 'approved')]' not found)
	at com.kms.katalon.core.keyword.internal.KeywordMain.stepFailed(KeywordMain.groovy:36)
	at com.kms.katalon.core.webui.keyword.internal.WebUIKeywordMain.stepFailed(WebUIKeywordMain.groovy:65)
	at com.kms.katalon.core.webui.keyword.internal.WebUIKeywordMain.runKeyword(WebUIKeywordMain.groovy:27)
	at com.kms.katalon.core.webui.keyword.builtin.VerifyElementPresentKeyword.verifyElementPresent(VerifyElementPresentKeyword.groovy:92)
	at com.kms.katalon.core.webui.keyword.builtin.VerifyElementPresentKeyword.execute(VerifyElementPresentKeyword.groovy:68)
	at com.kms.katalon.core.keyword.internal.KeywordExecutor.executeKeywordForPlatform(KeywordExecutor.groovy:53)
	at com.kms.katalon.core.webui.keyword.WebUiBuiltInKeywords.verifyElementPresent(WebUiBuiltInKeywords.groovy:1434)
	at com.kms.katalon.core.webui.keyword.WebUiBuiltInKeywords$verifyElementPresent$13.call(Unknown Source)
	at goToEnd_stm_autofill.run(goToEnd_stm_autofill:70)
	at com.kms.katalon.core.main.ScriptEngine.run(ScriptEngine.java:194)
	at com.kms.katalon.core.main.ScriptEngine.runScriptAsRawText(ScriptEngine.java:119)
	at com.kms.katalon.core.main.TestCaseExecutor.runScript(TestCaseExecutor.java:321)
	at com.kms.katalon.core.main.TestCaseExecutor.doExecute(TestCaseExecutor.java:312)
	at com.kms.katalon.core.main.TestCaseExecutor.processExecutionPhase(TestCaseExecutor.java:291)
	at com.kms.katalon.core.main.TestCaseExecutor.accessMainPhase(TestCaseExecutor.java:283)
	at com.kms.katalon.core.main.TestCaseExecutor.execute(TestCaseExecutor.java:222)
	at com.kms.katalon.core.main.TestCaseMain.runTestCase(TestCaseMain.java:106)
	at com.kms.katalon.core.keyword.builtin.CallTestCaseKeyword$_callTestCase_closure1.doCall(CallTestCaseKeyword.groovy:59)
	at com.kms.katalon.core.keyword.builtin.CallTestCaseKeyword$_callTestCase_closure1.call(CallTestCaseKeyword.groovy)
	at com.kms.katalon.core.keyword.internal.KeywordMain.runKeyword(KeywordMain.groovy:54)
	at com.kms.katalon.core.keyword.builtin.CallTestCaseKeyword.callTestCase(CallTestCaseKeyword.groovy:80)
	at com.kms.katalon.core.keyword.builtin.CallTestCaseKeyword.execute(CallTestCaseKeyword.groovy:44)
	at com.kms.katalon.core.keyword.internal.KeywordExecutor.executeKeywordForPlatform(KeywordExecutor.groovy:53)
	at com.kms.katalon.core.keyword.BuiltinKeywords.callTestCase(BuiltinKeywords.groovy:334)
	at Companion.run(Companion:31)
	at com.kms.katalon.core.main.ScriptEngine.run(ScriptEngine.java:194)
	at com.kms.katalon.core.main.ScriptEngine.runScriptAsRawText(ScriptEngine.java:119)
	at com.kms.katalon.core.main.TestCaseExecutor.runScript(TestCaseExecutor.java:321)
	at com.kms.katalon.core.main.TestCaseExecutor.doExecute(TestCaseExecutor.java:312)
	at com.kms.katalon.core.main.TestCaseExecutor.processExecutionPhase(TestCaseExecutor.java:291)
	at com.kms.katalon.core.main.TestCaseExecutor.accessMainPhase(TestCaseExecutor.java:283)
	at com.kms.katalon.core.main.TestCaseExecutor.execute(TestCaseExecutor.java:222)
	at com.kms.katalon.core.main.TestSuiteExecutor.accessTestCaseMainPhase(TestSuiteExecutor.java:129)
	at com.kms.katalon.core.main.TestSuiteExecutor.accessTestSuiteMainPhase(TestSuiteExecutor.java:112)
	at com.kms.katalon.core.main.TestSuiteExecutor.execute(TestSuiteExecutor.java:81)
	at com.kms.katalon.core.main.TestCaseMain.startTestSuite(TestCaseMain.java:149)
	at com.kms.katalon.core.main.TestCaseMain$startTestSuite$0.call(Unknown Source)
	at TempTestSuite1562894499594.run(TempTestSuite1562894499594.groovy:36)


2019-07-12 09:25:53 - [TEST_CASE][FAILED] - Test Cases/mobileWeb/_include/goToEnd_stm_autofill: Test Cases/mobileWeb/_include/goToEnd_stm_autofill FAILED.
Reason:
com.kms.katalon.core.exception.StepFailedException: Unable to verify object 'Object Repository/mobileSanity/STM/Page_App Page 6/span_approved' is present (Root cause: com.kms.katalon.core.exception.StepFailedException: com.kms.katalon.core.webui.exception.WebElementNotFoundException: Web element with id: 'Object Repository/mobileSanity/STM/Page_App Page 6/span_approved' located by 'By.xpath: //span[(text() = 'approved' or . = 'approved')]' not found)
	at com.kms.katalon.core.keyword.internal.KeywordMain.stepFailed(KeywordMain.groovy:36)
	at com.kms.katalon.core.webui.keyword.internal.WebUIKeywordMain.stepFailed(WebUIKeywordMain.groovy:65)
	at com.kms.katalon.core.webui.keyword.internal.WebUIKeywordMain.runKeyword(WebUIKeywordMain.groovy:27)
	at com.kms.katalon.core.webui.keyword.builtin.VerifyElementPresentKeyword.verifyElementPresent(VerifyElementPresentKeyword.groovy:92)
	at com.kms.katalon.core.webui.keyword.builtin.VerifyElementPresentKeyword.execute(VerifyElementPresentKeyword.groovy:68)
	at com.kms.katalon.core.keyword.internal.KeywordExecutor.executeKeywordForPlatform(KeywordExecutor.groovy:53)
	at com.kms.katalon.core.webui.keyword.WebUiBuiltInKeywords.verifyElementPresent(WebUiBuiltInKeywords.groovy:1434)
	at com.kms.katalon.core.webui.keyword.WebUiBuiltInKeywords$verifyElementPresent$13.call(Unknown Source)
	at goToEnd_stm_autofill.run(goToEnd_stm_autofill:70)
	at com.kms.katalon.core.main.ScriptEngine.run(ScriptEngine.java:194)
	at com.kms.katalon.core.main.ScriptEngine.runScriptAsRawText(ScriptEngine.java:119)
	at com.kms.katalon.core.main.TestCaseExecutor.runScript(TestCaseExecutor.java:321)
	at com.kms.katalon.core.main.TestCaseExecutor.doExecute(TestCaseExecutor.java:312)
	at com.kms.katalon.core.main.TestCaseExecutor.processExecutionPhase(TestCaseExecutor.java:291)
	at com.kms.katalon.core.main.TestCaseExecutor.accessMainPhase(TestCaseExecutor.java:283)
	at com.kms.katalon.core.main.TestCaseExecutor.execute(TestCaseExecutor.java:222)
	at com.kms.katalon.core.main.TestCaseMain.runTestCase(TestCaseMain.java:106)
	at com.kms.katalon.core.keyword.builtin.CallTestCaseKeyword$_callTestCase_closure1.doCall(CallTestCaseKeyword.groovy:59)
	at com.kms.katalon.core.keyword.builtin.CallTestCaseKeyword$_callTestCase_closure1.call(CallTestCaseKeyword.groovy)
	at com.kms.katalon.core.keyword.internal.KeywordMain.runKeyword(KeywordMain.groovy:54)
	at com.kms.katalon.core.keyword.builtin.CallTestCaseKeyword.callTestCase(CallTestCaseKeyword.groovy:80)
	at com.kms.katalon.core.keyword.builtin.CallTestCaseKeyword.execute(CallTestCaseKeyword.groovy:44)
	at com.kms.katalon.core.keyword.internal.KeywordExecutor.executeKeywordForPlatform(KeywordExecutor.groovy:53)
	at com.kms.katalon.core.keyword.BuiltinKeywords.callTestCase(BuiltinKeywords.groovy:334)
	at Companion.run(Companion:31)
	at com.kms.katalon.core.main.ScriptEngine.run(ScriptEngine.java:194)
	at com.kms.katalon.core.main.ScriptEngine.runScriptAsRawText(ScriptEngine.java:119)
	at com.kms.katalon.core.main.TestCaseExecutor.runScript(TestCaseExecutor.java:321)
	at com.kms.katalon.core.main.TestCaseExecutor.doExecute(TestCaseExecutor.java:312)
	at com.kms.katalon.core.main.TestCaseExecutor.processExecutionPhase(TestCaseExecutor.java:291)
	at com.kms.katalon.core.main.TestCaseExecutor.accessMainPhase(TestCaseExecutor.java:283)
	at com.kms.katalon.core.main.TestCaseExecutor.execute(TestCaseExecutor.java:222)
	at com.kms.katalon.core.main.TestSuiteExecutor.accessTestCaseMainPhase(TestSuiteExecutor.java:129)
	at com.kms.katalon.core.main.TestSuiteExecutor.accessTestSuiteMainPhase(TestSuiteExecutor.java:112)
	at com.kms.katalon.core.main.TestSuiteExecutor.execute(TestSuiteExecutor.java:81)
	at com.kms.katalon.core.main.TestCaseMain.startTestSuite(TestCaseMain.java:149)
	at com.kms.katalon.core.main.TestCaseMain$startTestSuite$0.call(Unknown Source)
	at TempTestSuite1562894499594.run(TempTestSuite1562894499594.groovy:36)


2019-07-12 09:25:53 - [TEST_STEP][PASSED] - callTestCase(findTestCase("mobileWeb/_include/name"), [:], CONTINUE_ON_FAILURE): Call Test Case 'Test Cases/mobileWeb/_include/name' successfully

2019-07-12 09:25:53 - [TEST_CASE][PASSED] - Test Cases/mobileWeb/_include/name: Test Cases/mobileWeb/_include/name

2019-07-12 09:25:53 - [TEST_STEP][PASSED] - driver = getWebDriver(): null

2019-07-12 09:25:53 - [TEST_STEP][PASSED] - selenium = new com.thoughtworks.selenium.webdriven.WebDriverBackedSelenium(driver, internal.GlobalVariable.ENV): null

2019-07-12 09:25:53 - [TEST_STEP][PASSED] - FirstName = "Test-123": null

2019-07-12 09:25:53 - [TEST_STEP][PASSED] - LastName = selenium.getEval("{var x="ABCDEFGHIJKLMNOPQRSTUVWXYZabcdefghijklmnopqrstuvwxyz"; var tmp="ZZ11-"; for (i=0;i<8;i++) tmp+=x.charAt(Math.ceil(51*Math.random()));tmp;}"): null

2019-07-12 09:25:53 - [TEST_STEP][PASSED] - Address = selenium.getEval("{var x="ABCDEFGHIJKLMNOPQRSTUVWXYZabcdefghijklmnopqrstuvwxyz"; var tmp=""; for (i=0;i<8;i++) tmp+=x.charAt(Math.ceil(51*Math.random()));tmp;}"): null

2019-07-12 09:25:53 - [TEST_STEP][PASSED] - City = selenium.getEval("{var x="ABCDEFGHIJKLMNOPQRSTUVWXYZabcdefghijklmnopqrstuvwxyz"; var tmp=""; for (i=0;i<8;i++) tmp+=x.charAt(Math.ceil(51*Math.random()));tmp;}"): null

2019-07-12 09:25:53 - [TEST_STEP][PASSED] - tel1 = selenium.getEval("{var x="123456789"; var tmp=""; for (i=0;i<3;i++) tmp+=x.charAt(Math.ceil(8*Math.random()));tmp;}"): null

2019-07-12 09:25:53 - [TEST_STEP][PASSED] - tel2 = selenium.getEval("{var x="123456789"; var tmp=""; for (i=0;i<3;i++) tmp+=x.charAt(Math.ceil(8*Math.random()));tmp;}"): null

2019-07-12 09:25:53 - [TEST_STEP][PASSED] - tel3 = selenium.getEval("{var x="123456789"; var tmp=""; for (i=0;i<4;i++) tmp+=x.charAt(Math.ceil(8*Math.random()));tmp;}"): null

2019-07-12 09:25:53 - [TEST_STEP][PASSED] - Tel = selenium.getExpression(tel1 + "-" + tel2 + "-" + tel3): null

2019-07-12 09:25:53 - [TEST_STEP][PASSED] - AutoEmail = selenium.getEval("{var x="ABCDEFGHIJKLMNOPQRSTUVWXYZabcdefghijklmnopqrstuvwxyz"; var tmp="test."; for (i=0;i<8;i++) tmp+=x.charAt(Math.ceil(51*Math.random()));tmp+="@suryani.cn";}"): null

2019-07-12 09:25:53 - [TEST_STEP][PASSED] - FirstName = FirstName: null

2019-07-12 09:25:53 - [TEST_STEP][PASSED] - LastName = LastName: null

2019-07-12 09:25:53 - [TEST_STEP][PASSED] - Address = Address: null

2019-07-12 09:25:54 - [TEST_STEP][PASSED] - City = City: null

2019-07-12 09:25:54 - [TEST_STEP][PASSED] - Tel = Tel: null

2019-07-12 09:25:54 - [TEST_STEP][PASSED] - AutoEmail = AutoEmail: null

2019-07-12 09:25:54 - [TEST_STEP][PASSED] - println(FirstName): null

2019-07-12 09:25:54 - [TEST_STEP][PASSED] - println(LastName): null

2019-07-12 09:25:54 - [TEST_STEP][PASSED] - println(Address): null

2019-07-12 09:25:54 - [TEST_STEP][PASSED] - println(City): null

2019-07-12 09:25:54 - [TEST_STEP][PASSED] - println(Tel): null

2019-07-12 09:25:54 - [TEST_STEP][PASSED] - println(AutoEmail): null

2019-07-12 09:25:54 - [MESSAGE][PASSED] - Call Test Case 'Test Cases/mobileWeb/_include/name' successfully

2019-07-12 09:25:54 - [TEST_STEP][PASSED] - waitForPageLoad(0): Wait for page load successfully

2019-07-12 09:25:54 - [MESSAGE][WARNING] - Timeout '0' is invalid. Using default page load timeout: '20'

2019-07-12 09:25:54 - [MESSAGE][PASSED] - Wait for page load successfully

2019-07-12 09:25:54 - [TEST_STEP][PASSED] - Thread.sleep(1000): null

2019-07-12 09:25:55 - [TEST_STEP][PASSED] - waitForElementVisible(findTestObject("mobileSanity/STM/Page_App Page 1/a_Autofill App Info"), 0): Object 'Object Repository/mobileSanity/STM/Page_App Page 1/a_Autofill App Info' is visible

2019-07-12 09:25:55 - [MESSAGE][WARNING] - Timeout '0' is invalid. Using default page load timeout: '20'

2019-07-12 09:25:55 - [MESSAGE][PASSED] - Object 'Object Repository/mobileSanity/STM/Page_App Page 1/a_Autofill App Info' is visible

2019-07-12 09:25:55 - [TEST_STEP][PASSED] - click(findTestObject("mobileSanity/STM/Page_App Page 1/a_Autofill App Info")): Object: 'Object Repository/mobileSanity/STM/Page_App Page 1/a_Autofill App Info' is clicked on

2019-07-12 09:25:56 - [MESSAGE][PASSED] - Object: 'Object Repository/mobileSanity/STM/Page_App Page 1/a_Autofill App Info' is clicked on

2019-07-12 09:25:56 - [TEST_STEP][PASSED] - Thread.sleep(1000): null

2019-07-12 09:25:57 - [TEST_STEP][PASSED] - waitForElementVisible(findTestObject("mobileSanity/STM/Page_App Page 1/a_Continue"), 0): Object 'Object Repository/mobileSanity/STM/Page_App Page 1/a_Continue' is visible

2019-07-12 09:25:57 - [MESSAGE][WARNING] - Timeout '0' is invalid. Using default page load timeout: '20'

2019-07-12 09:25:57 - [MESSAGE][PASSED] - Object 'Object Repository/mobileSanity/STM/Page_App Page 1/a_Continue' is visible

2019-07-12 09:25:57 - [TEST_STEP][PASSED] - click(findTestObject("mobileSanity/STM/Page_App Page 1/a_Continue")): Object: 'Object Repository/mobileSanity/STM/Page_App Page 1/a_Continue' is clicked on

2019-07-12 09:25:57 - [MESSAGE][PASSED] - Object: 'Object Repository/mobileSanity/STM/Page_App Page 1/a_Continue' is clicked on

2019-07-12 09:25:57 - [TEST_STEP][PASSED] - waitForPageLoad(10): Wait for page load successfully

2019-07-12 09:25:57 - [MESSAGE][PASSED] - Wait for page load successfully

2019-07-12 09:25:57 - [TEST_STEP][PASSED] - Thread.sleep(2000): null

2019-07-12 09:25:59 - [TEST_STEP][PASSED] - callTestCase(findTestCase("mobileWeb/_include/get_screenshot"), [:], STOP_ON_FAILURE): Call Test Case 'Test Cases/mobileWeb/_include/get_screenshot' successfully

2019-07-12 09:25:59 - [TEST_CASE][PASSED] - Test Cases/mobileWeb/_include/get_screenshot: Test Cases/mobileWeb/_include/get_screenshot

2019-07-12 09:25:59 - [TEST_STEP][PASSED] - takeScreenshot(screenPath + i + ".png"): Taking screenshot successfully

2019-07-12 09:26:00 - [MESSAGE][PASSED] - Taking screenshot successfully
[[ATTACHMENT|D:\\Test\\AgileTest\\AgileTest\\Reports\\mobileWeb\\stm\\20190712_092139\\../Screenshots/iPhone 6/stm/Companion/20190712_092509/7.png]]

2019-07-12 09:26:00 - [TEST_STEP][PASSED] - (internal.GlobalVariable.i++): null

2019-07-12 09:26:00 - [MESSAGE][PASSED] - Call Test Case 'Test Cases/mobileWeb/_include/get_screenshot' successfully

2019-07-12 09:26:00 - [TEST_STEP][PASSED] - click(findTestObject("mobileSanity/STM/Page_App Page 2/a_Continue to Step 3 - Payment")): Object: 'Object Repository/mobileSanity/STM/Page_App Page 2/a_Continue to Step 3 - Payment' is clicked on

2019-07-12 09:26:00 - [MESSAGE][PASSED] - Object: 'Object Repository/mobileSanity/STM/Page_App Page 2/a_Continue to Step 3 - Payment' is clicked on

2019-07-12 09:26:00 - [TEST_STEP][PASSED] - Thread.sleep(2000): null

2019-07-12 09:26:02 - [TEST_STEP][PASSED] - callTestCase(findTestCase("mobileWeb/_include/get_screenshot"), [:], STOP_ON_FAILURE): Call Test Case 'Test Cases/mobileWeb/_include/get_screenshot' successfully

2019-07-12 09:26:02 - [TEST_CASE][PASSED] - Test Cases/mobileWeb/_include/get_screenshot: Test Cases/mobileWeb/_include/get_screenshot

2019-07-12 09:26:02 - [TEST_STEP][PASSED] - takeScreenshot(screenPath + i + ".png"): Taking screenshot successfully

2019-07-12 09:26:02 - [MESSAGE][PASSED] - Taking screenshot successfully
[[ATTACHMENT|D:\\Test\\AgileTest\\AgileTest\\Reports\\mobileWeb\\stm\\20190712_092139\\../Screenshots/iPhone 6/stm/Companion/20190712_092509/8.png]]

2019-07-12 09:26:02 - [TEST_STEP][PASSED] - (internal.GlobalVariable.i++): null

2019-07-12 09:26:02 - [MESSAGE][PASSED] - Call Test Case 'Test Cases/mobileWeb/_include/get_screenshot' successfully

2019-07-12 09:26:02 - [TEST_STEP][PASSED] - clearText(findTestObject("mobileSanity/STM/Page_App Page 3/input__credit-card-cvv")): Text of object 'Object Repository/mobileSanity/STM/Page_App Page 3/input__credit-card-cvv' is cleared

2019-07-12 09:26:03 - [MESSAGE][PASSED] - Text of object 'Object Repository/mobileSanity/STM/Page_App Page 3/input__credit-card-cvv' is cleared

2019-07-12 09:26:03 - [TEST_STEP][PASSED] - setText(findTestObject("mobileSanity/STM/Page_App Page 3/input__credit-card-cvv"), "123"): Text '123' is set on object 'Object Repository/mobileSanity/STM/Page_App Page 3/input__credit-card-cvv'

2019-07-12 09:26:03 - [MESSAGE][PASSED] - Text '123' is set on object 'Object Repository/mobileSanity/STM/Page_App Page 3/input__credit-card-cvv'

2019-07-12 09:26:03 - [TEST_STEP][PASSED] - click(findTestObject("mobileSanity/STM/Page_App Page 3/label_I Accept Authorization f")): Object: 'Object Repository/mobileSanity/STM/Page_App Page 3/label_I Accept Authorization f' is clicked on

2019-07-12 09:26:03 - [MESSAGE][PASSED] - Object: 'Object Repository/mobileSanity/STM/Page_App Page 3/label_I Accept Authorization f' is clicked on

2019-07-12 09:26:03 - [TEST_STEP][PASSED] - click(findTestObject("mobileSanity/STM/Page_App Page 3/a_Continue to Step 4 - Review")): Object: 'Object Repository/mobileSanity/STM/Page_App Page 3/a_Continue to Step 4 - Review' is clicked on

2019-07-12 09:26:03 - [MESSAGE][PASSED] - Object: 'Object Repository/mobileSanity/STM/Page_App Page 3/a_Continue to Step 4 - Review' is clicked on

2019-07-12 09:26:03 - [TEST_STEP][PASSED] - waitForElementClickable(findTestObject("mobileSanity/STM/Page_App Page 4/label"), 10): Web element with id: 'Object Repository/mobileSanity/STM/Page_App Page 4/label' located by 'By.xpath: //input[@id = 'consent-checkbox-0']' not found

2019-07-12 09:26:15 - [MESSAGE][INFO] - Unable to find the element located by 'By.xpath: //input[@id = 'consent-checkbox-0']'. Please recheck the objects properties to make sure the desired element is located. 

2019-07-12 09:26:15 - [MESSAGE][WARNING] - Web element with id: 'Object Repository/mobileSanity/STM/Page_App Page 4/label' located by 'By.xpath: //input[@id = 'consent-checkbox-0']' not found

2019-07-12 09:26:15 - [TEST_STEP][PASSED] - Thread.sleep(2000): null

2019-07-12 09:26:17 - [TEST_STEP][PASSED] - callTestCase(findTestCase("mobileWeb/_include/get_screenshot"), [:], STOP_ON_FAILURE): Call Test Case 'Test Cases/mobileWeb/_include/get_screenshot' successfully

2019-07-12 09:26:17 - [TEST_CASE][PASSED] - Test Cases/mobileWeb/_include/get_screenshot: Test Cases/mobileWeb/_include/get_screenshot

2019-07-12 09:26:17 - [TEST_STEP][PASSED] - takeScreenshot(screenPath + i + ".png"): Taking screenshot successfully

2019-07-12 09:26:17 - [MESSAGE][PASSED] - Taking screenshot successfully
[[ATTACHMENT|D:\\Test\\AgileTest\\AgileTest\\Reports\\mobileWeb\\stm\\20190712_092139\\../Screenshots/iPhone 6/stm/Companion/20190712_092509/9.png]]

2019-07-12 09:26:17 - [TEST_STEP][PASSED] - (internal.GlobalVariable.i++): null

2019-07-12 09:26:17 - [MESSAGE][PASSED] - Call Test Case 'Test Cases/mobileWeb/_include/get_screenshot' successfully

2019-07-12 09:26:17 - [TEST_STEP][PASSED] - click(findTestObject("mobileSanity/STM/Page_App Page 4/label")): Object: 'Object Repository/mobileSanity/STM/Page_App Page 4/label' is clicked on

2019-07-12 09:26:17 - [MESSAGE][PASSED] - Object: 'Object Repository/mobileSanity/STM/Page_App Page 4/label' is clicked on

2019-07-12 09:26:17 - [TEST_STEP][PASSED] - click(findTestObject("mobileSanity/STM/Page_App Page 4/div_CLICK TO SIGN")): Object: 'Object Repository/mobileSanity/STM/Page_App Page 4/div_CLICK TO SIGN' is clicked on

2019-07-12 09:26:17 - [MESSAGE][PASSED] - Object: 'Object Repository/mobileSanity/STM/Page_App Page 4/div_CLICK TO SIGN' is clicked on

2019-07-12 09:26:17 - [TEST_STEP][PASSED] - click(findTestObject("mobileSanity/STM/Page_App Page 4/a_Submit Your Application")): Object: 'Object Repository/mobileSanity/STM/Page_App Page 4/a_Submit Your Application' is clicked on

2019-07-12 09:26:18 - [MESSAGE][PASSED] - Object: 'Object Repository/mobileSanity/STM/Page_App Page 4/a_Submit Your Application' is clicked on

2019-07-12 09:26:18 - [TEST_STEP][PASSED] - Thread.sleep(30000): null

2019-07-12 09:26:48 - [TEST_STEP][PASSED] - callTestCase(findTestCase("mobileWeb/_include/get_screenshot"), [:], STOP_ON_FAILURE): Call Test Case 'Test Cases/mobileWeb/_include/get_screenshot' successfully

2019-07-12 09:26:48 - [TEST_CASE][PASSED] - Test Cases/mobileWeb/_include/get_screenshot: Test Cases/mobileWeb/_include/get_screenshot

2019-07-12 09:26:48 - [TEST_STEP][PASSED] - takeScreenshot(screenPath + i + ".png"): Taking screenshot successfully

2019-07-12 09:26:48 - [MESSAGE][PASSED] - Taking screenshot successfully
[[ATTACHMENT|D:\\Test\\AgileTest\\AgileTest\\Reports\\mobileWeb\\stm\\20190712_092139\\../Screenshots/iPhone 6/stm/Companion/20190712_092509/10.png]]

2019-07-12 09:26:48 - [TEST_STEP][PASSED] - (internal.GlobalVariable.i++): null

2019-07-12 09:26:48 - [MESSAGE][PASSED] - Call Test Case 'Test Cases/mobileWeb/_include/get_screenshot' successfully

2019-07-12 09:26:48 - [TEST_STEP][PASSED] - waitForElementPresent(findTestObject("mobileSanity/STM/Page_App Page 6/span_planName"), 30): Object 'Object Repository/mobileSanity/STM/Page_App Page 6/span_planName' is present

2019-07-12 09:26:48 - [MESSAGE][PASSED] - Object 'Object Repository/mobileSanity/STM/Page_App Page 6/span_planName' is present

2019-07-12 09:26:48 - [TEST_STEP][PASSED] - verifyElementPresent(findTestObject("mobileSanity/STM/Page_App Page 6/span_planName"), 0): Object 'Object Repository/mobileSanity/STM/Page_App Page 6/span_planName' is present

2019-07-12 09:26:48 - [MESSAGE][WARNING] - Timeout '0' is invalid. Using default page load timeout: '20'

2019-07-12 09:26:48 - [MESSAGE][PASSED] - Object 'Object Repository/mobileSanity/STM/Page_App Page 6/span_planName' is present

2019-07-12 09:26:48 - [TEST_STEP][FAILED] - verifyElementPresent(findTestObject("mobileSanity/STM/Page_App Page 6/span_approved"), 0): verifyElementPresent(findTestObject("mobileSanity/STM/Page_App Page 6/span_approved"), 0) FAILED.
Reason:
com.kms.katalon.core.exception.StepFailedException: Unable to verify object 'Object Repository/mobileSanity/STM/Page_App Page 6/span_approved' is present (Root cause: com.kms.katalon.core.exception.StepFailedException: com.kms.katalon.core.webui.exception.WebElementNotFoundException: Web element with id: 'Object Repository/mobileSanity/STM/Page_App Page 6/span_approved' located by 'By.xpath: //span[(text() = 'approved' or . = 'approved')]' not found)
	at com.kms.katalon.core.keyword.internal.KeywordMain.stepFailed(KeywordMain.groovy:36)
	at com.kms.katalon.core.webui.keyword.internal.WebUIKeywordMain.stepFailed(WebUIKeywordMain.groovy:65)
	at com.kms.katalon.core.webui.keyword.internal.WebUIKeywordMain.runKeyword(WebUIKeywordMain.groovy:27)
	at com.kms.katalon.core.webui.keyword.builtin.VerifyElementPresentKeyword.verifyElementPresent(VerifyElementPresentKeyword.groovy:92)
	at com.kms.katalon.core.webui.keyword.builtin.VerifyElementPresentKeyword.execute(VerifyElementPresentKeyword.groovy:68)
	at com.kms.katalon.core.keyword.internal.KeywordExecutor.executeKeywordForPlatform(KeywordExecutor.groovy:53)
	at com.kms.katalon.core.webui.keyword.WebUiBuiltInKeywords.verifyElementPresent(WebUiBuiltInKeywords.groovy:1434)
	at com.kms.katalon.core.webui.keyword.WebUiBuiltInKeywords$verifyElementPresent$13.call(Unknown Source)
	at goToEnd_stm_autofill.run(goToEnd_stm_autofill:70)
	at com.kms.katalon.core.main.ScriptEngine.run(ScriptEngine.java:194)
	at com.kms.katalon.core.main.ScriptEngine.runScriptAsRawText(ScriptEngine.java:119)
	at com.kms.katalon.core.main.TestCaseExecutor.runScript(TestCaseExecutor.java:321)
	at com.kms.katalon.core.main.TestCaseExecutor.doExecute(TestCaseExecutor.java:312)
	at com.kms.katalon.core.main.TestCaseExecutor.processExecutionPhase(TestCaseExecutor.java:291)
	at com.kms.katalon.core.main.TestCaseExecutor.accessMainPhase(TestCaseExecutor.java:283)
	at com.kms.katalon.core.main.TestCaseExecutor.execute(TestCaseExecutor.java:222)
	at com.kms.katalon.core.main.TestCaseMain.runTestCase(TestCaseMain.java:106)
	at com.kms.katalon.core.keyword.builtin.CallTestCaseKeyword$_callTestCase_closure1.doCall(CallTestCaseKeyword.groovy:59)
	at com.kms.katalon.core.keyword.builtin.CallTestCaseKeyword$_callTestCase_closure1.call(CallTestCaseKeyword.groovy)
	at com.kms.katalon.core.keyword.internal.KeywordMain.runKeyword(KeywordMain.groovy:54)
	at com.kms.katalon.core.keyword.builtin.CallTestCaseKeyword.callTestCase(CallTestCaseKeyword.groovy:80)
	at com.kms.katalon.core.keyword.builtin.CallTestCaseKeyword.execute(CallTestCaseKeyword.groovy:44)
	at com.kms.katalon.core.keyword.internal.KeywordExecutor.executeKeywordForPlatform(KeywordExecutor.groovy:53)
	at com.kms.katalon.core.keyword.BuiltinKeywords.callTestCase(BuiltinKeywords.groovy:334)
	at Companion.run(Companion:31)
	at com.kms.katalon.core.main.ScriptEngine.run(ScriptEngine.java:194)
	at com.kms.katalon.core.main.ScriptEngine.runScriptAsRawText(ScriptEngine.java:119)
	at com.kms.katalon.core.main.TestCaseExecutor.runScript(TestCaseExecutor.java:321)
	at com.kms.katalon.core.main.TestCaseExecutor.doExecute(TestCaseExecutor.java:312)
	at com.kms.katalon.core.main.TestCaseExecutor.processExecutionPhase(TestCaseExecutor.java:291)
	at com.kms.katalon.core.main.TestCaseExecutor.accessMainPhase(TestCaseExecutor.java:283)
	at com.kms.katalon.core.main.TestCaseExecutor.execute(TestCaseExecutor.java:222)
	at com.kms.katalon.core.main.TestSuiteExecutor.accessTestCaseMainPhase(TestSuiteExecutor.java:129)
	at com.kms.katalon.core.main.TestSuiteExecutor.accessTestSuiteMainPhase(TestSuiteExecutor.java:112)
	at com.kms.katalon.core.main.TestSuiteExecutor.execute(TestSuiteExecutor.java:81)
	at com.kms.katalon.core.main.TestCaseMain.startTestSuite(TestCaseMain.java:149)
	at com.kms.katalon.core.main.TestCaseMain$startTestSuite$0.call(Unknown Source)
	at TempTestSuite1562894499594.run(TempTestSuite1562894499594.groovy:36)


2019-07-12 09:26:48 - [MESSAGE][WARNING] - Timeout '0' is invalid. Using default page load timeout: '20'

2019-07-12 09:27:09 - [MESSAGE][INFO] - Unable to find the element located by 'By.xpath: //span[(text() = 'approved' or . = 'approved')]'. Please recheck the objects properties to make sure the desired element is located. 

2019-07-12 09:27:09 - [MESSAGE][FAILED] - com.kms.katalon.core.webui.exception.WebElementNotFoundException: Web element with id: 'Object Repository/mobileSanity/STM/Page_App Page 6/span_approved' located by 'By.xpath: //span[(text() = 'approved' or . = 'approved')]' not found
[[ATTACHMENT|D:\\Test\\AgileTest\\AgileTest\\Reports\\mobileWeb\\stm\\20190712_092139\\1562894829076.png]]

2019-07-12 09:27:09 - [MESSAGE][FAILED] - Unable to verify object 'Object Repository/mobileSanity/STM/Page_App Page 6/span_approved' is present (Root cause: com.kms.katalon.core.exception.StepFailedException: com.kms.katalon.core.webui.exception.WebElementNotFoundException: Web element with id: 'Object Repository/mobileSanity/STM/Page_App Page 6/span_approved' located by 'By.xpath: //span[(text() = 'approved' or . = 'approved')]' not found)
[[ATTACHMENT|D:\\Test\\AgileTest\\AgileTest\\Reports\\mobileWeb\\stm\\20190712_092139\\1562894829502.png]]

2019-07-12 09:27:09 - [MESSAGE][FAILED] - verifyElementPresent(findTestObject("mobileSanity/STM/Page_App Page 6/span_approved"), 0) FAILED.
Reason:
com.kms.katalon.core.exception.StepFailedException: Unable to verify object 'Object Repository/mobileSanity/STM/Page_App Page 6/span_approved' is present (Root cause: com.kms.katalon.core.exception.StepFailedException: com.kms.katalon.core.webui.exception.WebElementNotFoundException: Web element with id: 'Object Repository/mobileSanity/STM/Page_App Page 6/span_approved' located by 'By.xpath: //span[(text() = 'approved' or . = 'approved')]' not found)
	at com.kms.katalon.core.keyword.internal.KeywordMain.stepFailed(KeywordMain.groovy:36)
	at com.kms.katalon.core.webui.keyword.internal.WebUIKeywordMain.stepFailed(WebUIKeywordMain.groovy:65)
	at com.kms.katalon.core.webui.keyword.internal.WebUIKeywordMain.runKeyword(WebUIKeywordMain.groovy:27)
	at com.kms.katalon.core.webui.keyword.builtin.VerifyElementPresentKeyword.verifyElementPresent(VerifyElementPresentKeyword.groovy:92)
	at com.kms.katalon.core.webui.keyword.builtin.VerifyElementPresentKeyword.execute(VerifyElementPresentKeyword.groovy:68)
	at com.kms.katalon.core.keyword.internal.KeywordExecutor.executeKeywordForPlatform(KeywordExecutor.groovy:53)
	at com.kms.katalon.core.webui.keyword.WebUiBuiltInKeywords.verifyElementPresent(WebUiBuiltInKeywords.groovy:1434)
	at com.kms.katalon.core.webui.keyword.WebUiBuiltInKeywords$verifyElementPresent$13.call(Unknown Source)
	at goToEnd_stm_autofill.run(goToEnd_stm_autofill:70)
	at com.kms.katalon.core.main.ScriptEngine.run(ScriptEngine.java:194)
	at com.kms.katalon.core.main.ScriptEngine.runScriptAsRawText(ScriptEngine.java:119)
	at com.kms.katalon.core.main.TestCaseExecutor.runScript(TestCaseExecutor.java:321)
	at com.kms.katalon.core.main.TestCaseExecutor.doExecute(TestCaseExecutor.java:312)
	at com.kms.katalon.core.main.TestCaseExecutor.processExecutionPhase(TestCaseExecutor.java:291)
	at com.kms.katalon.core.main.TestCaseExecutor.accessMainPhase(TestCaseExecutor.java:283)
	at com.kms.katalon.core.main.TestCaseExecutor.execute(TestCaseExecutor.java:222)
	at com.kms.katalon.core.main.TestCaseMain.runTestCase(TestCaseMain.java:106)
	at com.kms.katalon.core.keyword.builtin.CallTestCaseKeyword$_callTestCase_closure1.doCall(CallTestCaseKeyword.groovy:59)
	at com.kms.katalon.core.keyword.builtin.CallTestCaseKeyword$_callTestCase_closure1.call(CallTestCaseKeyword.groovy)
	at com.kms.katalon.core.keyword.internal.KeywordMain.runKeyword(KeywordMain.groovy:54)
	at com.kms.katalon.core.keyword.builtin.CallTestCaseKeyword.callTestCase(CallTestCaseKeyword.groovy:80)
	at com.kms.katalon.core.keyword.builtin.CallTestCaseKeyword.execute(CallTestCaseKeyword.groovy:44)
	at com.kms.katalon.core.keyword.internal.KeywordExecutor.executeKeywordForPlatform(KeywordExecutor.groovy:53)
	at com.kms.katalon.core.keyword.BuiltinKeywords.callTestCase(BuiltinKeywords.groovy:334)
	at Companion.run(Companion:31)
	at com.kms.katalon.core.main.ScriptEngine.run(ScriptEngine.java:194)
	at com.kms.katalon.core.main.ScriptEngine.runScriptAsRawText(ScriptEngine.java:119)
	at com.kms.katalon.core.main.TestCaseExecutor.runScript(TestCaseExecutor.java:321)
	at com.kms.katalon.core.main.TestCaseExecutor.doExecute(TestCaseExecutor.java:312)
	at com.kms.katalon.core.main.TestCaseExecutor.processExecutionPhase(TestCaseExecutor.java:291)
	at com.kms.katalon.core.main.TestCaseExecutor.accessMainPhase(TestCaseExecutor.java:283)
	at com.kms.katalon.core.main.TestCaseExecutor.execute(TestCaseExecutor.java:222)
	at com.kms.katalon.core.main.TestSuiteExecutor.accessTestCaseMainPhase(TestSuiteExecutor.java:129)
	at com.kms.katalon.core.main.TestSuiteExecutor.accessTestSuiteMainPhase(TestSuiteExecutor.java:112)
	at com.kms.katalon.core.main.TestSuiteExecutor.execute(TestSuiteExecutor.java:81)
	at com.kms.katalon.core.main.TestCaseMain.startTestSuite(TestCaseMain.java:149)
	at com.kms.katalon.core.main.TestCaseMain$startTestSuite$0.call(Unknown Source)
	at TempTestSuite1562894499594.run(TempTestSuite1562894499594.groovy:36)


2019-07-12 09:27:09 - [MESSAGE][FAILED] - Unable to call Test Case 'Test Cases/mobileWeb/_include/goToEnd_stm_autofill' (Root cause: com.kms.katalon.core.exception.StepFailedException: Call Test Case 'Test Cases/mobileWeb/_include/goToEnd_stm_autofill' failed)

2019-07-12 09:27:09 - [MESSAGE][FAILED] - callTestCase(findTestCase("mobileWeb/_include/goToEnd_stm_autofill"), [:], STOP_ON_FAILURE) FAILED.
Reason:
com.kms.katalon.core.exception.StepFailedException: Unable to verify object 'Object Repository/mobileSanity/STM/Page_App Page 6/span_approved' is present (Root cause: com.kms.katalon.core.exception.StepFailedException: com.kms.katalon.core.webui.exception.WebElementNotFoundException: Web element with id: 'Object Repository/mobileSanity/STM/Page_App Page 6/span_approved' located by 'By.xpath: //span[(text() = 'approved' or . = 'approved')]' not found)
	at com.kms.katalon.core.keyword.internal.KeywordMain.stepFailed(KeywordMain.groovy:36)
	at com.kms.katalon.core.webui.keyword.internal.WebUIKeywordMain.stepFailed(WebUIKeywordMain.groovy:65)
	at com.kms.katalon.core.webui.keyword.internal.WebUIKeywordMain.runKeyword(WebUIKeywordMain.groovy:27)
	at com.kms.katalon.core.webui.keyword.builtin.VerifyElementPresentKeyword.verifyElementPresent(VerifyElementPresentKeyword.groovy:92)
	at com.kms.katalon.core.webui.keyword.builtin.VerifyElementPresentKeyword.execute(VerifyElementPresentKeyword.groovy:68)
	at com.kms.katalon.core.keyword.internal.KeywordExecutor.executeKeywordForPlatform(KeywordExecutor.groovy:53)
	at com.kms.katalon.core.webui.keyword.WebUiBuiltInKeywords.verifyElementPresent(WebUiBuiltInKeywords.groovy:1434)
	at com.kms.katalon.core.webui.keyword.WebUiBuiltInKeywords$verifyElementPresent$13.call(Unknown Source)
	at goToEnd_stm_autofill.run(goToEnd_stm_autofill:70)
	at com.kms.katalon.core.main.ScriptEngine.run(ScriptEngine.java:194)
	at com.kms.katalon.core.main.ScriptEngine.runScriptAsRawText(ScriptEngine.java:119)
	at com.kms.katalon.core.main.TestCaseExecutor.runScript(TestCaseExecutor.java:321)
	at com.kms.katalon.core.main.TestCaseExecutor.doExecute(TestCaseExecutor.java:312)
	at com.kms.katalon.core.main.TestCaseExecutor.processExecutionPhase(TestCaseExecutor.java:291)
	at com.kms.katalon.core.main.TestCaseExecutor.accessMainPhase(TestCaseExecutor.java:283)
	at com.kms.katalon.core.main.TestCaseExecutor.execute(TestCaseExecutor.java:222)
	at com.kms.katalon.core.main.TestCaseMain.runTestCase(TestCaseMain.java:106)
	at com.kms.katalon.core.keyword.builtin.CallTestCaseKeyword$_callTestCase_closure1.doCall(CallTestCaseKeyword.groovy:59)
	at com.kms.katalon.core.keyword.builtin.CallTestCaseKeyword$_callTestCase_closure1.call(CallTestCaseKeyword.groovy)
	at com.kms.katalon.core.keyword.internal.KeywordMain.runKeyword(KeywordMain.groovy:54)
	at com.kms.katalon.core.keyword.builtin.CallTestCaseKeyword.callTestCase(CallTestCaseKeyword.groovy:80)
	at com.kms.katalon.core.keyword.builtin.CallTestCaseKeyword.execute(CallTestCaseKeyword.groovy:44)
	at com.kms.katalon.core.keyword.internal.KeywordExecutor.executeKeywordForPlatform(KeywordExecutor.groovy:53)
	at com.kms.katalon.core.keyword.BuiltinKeywords.callTestCase(BuiltinKeywords.groovy:334)
	at Companion.run(Companion:31)
	at com.kms.katalon.core.main.ScriptEngine.run(ScriptEngine.java:194)
	at com.kms.katalon.core.main.ScriptEngine.runScriptAsRawText(ScriptEngine.java:119)
	at com.kms.katalon.core.main.TestCaseExecutor.runScript(TestCaseExecutor.java:321)
	at com.kms.katalon.core.main.TestCaseExecutor.doExecute(TestCaseExecutor.java:312)
	at com.kms.katalon.core.main.TestCaseExecutor.processExecutionPhase(TestCaseExecutor.java:291)
	at com.kms.katalon.core.main.TestCaseExecutor.accessMainPhase(TestCaseExecutor.java:283)
	at com.kms.katalon.core.main.TestCaseExecutor.execute(TestCaseExecutor.java:222)
	at com.kms.katalon.core.main.TestSuiteExecutor.accessTestCaseMainPhase(TestSuiteExecutor.java:129)
	at com.kms.katalon.core.main.TestSuiteExecutor.accessTestSuiteMainPhase(TestSuiteExecutor.java:112)
	at com.kms.katalon.core.main.TestSuiteExecutor.execute(TestSuiteExecutor.java:81)
	at com.kms.katalon.core.main.TestCaseMain.startTestSuite(TestCaseMain.java:149)
	at com.kms.katalon.core.main.TestCaseMain$startTestSuite$0.call(Unknown Source)
	at TempTestSuite1562894499594.run(TempTestSuite1562894499594.groovy:36)]]></system-out>
         <system-err><![CDATA[2019-07-12 09:25:09 - [TEST_CASE][FAILED] - Test Cases/mobileWeb/stm/Companion: Test Cases/mobileWeb/stm/Companion FAILED.
Reason:
com.kms.katalon.core.exception.StepFailedException: Unable to verify object 'Object Repository/mobileSanity/STM/Page_App Page 6/span_approved' is present (Root cause: com.kms.katalon.core.exception.StepFailedException: com.kms.katalon.core.webui.exception.WebElementNotFoundException: Web element with id: 'Object Repository/mobileSanity/STM/Page_App Page 6/span_approved' located by 'By.xpath: //span[(text() = 'approved' or . = 'approved')]' not found)
	at com.kms.katalon.core.keyword.internal.KeywordMain.stepFailed(KeywordMain.groovy:36)
	at com.kms.katalon.core.webui.keyword.internal.WebUIKeywordMain.stepFailed(WebUIKeywordMain.groovy:65)
	at com.kms.katalon.core.webui.keyword.internal.WebUIKeywordMain.runKeyword(WebUIKeywordMain.groovy:27)
	at com.kms.katalon.core.webui.keyword.builtin.VerifyElementPresentKeyword.verifyElementPresent(VerifyElementPresentKeyword.groovy:92)
	at com.kms.katalon.core.webui.keyword.builtin.VerifyElementPresentKeyword.execute(VerifyElementPresentKeyword.groovy:68)
	at com.kms.katalon.core.keyword.internal.KeywordExecutor.executeKeywordForPlatform(KeywordExecutor.groovy:53)
	at com.kms.katalon.core.webui.keyword.WebUiBuiltInKeywords.verifyElementPresent(WebUiBuiltInKeywords.groovy:1434)
	at com.kms.katalon.core.webui.keyword.WebUiBuiltInKeywords$verifyElementPresent$13.call(Unknown Source)
	at goToEnd_stm_autofill.run(goToEnd_stm_autofill:70)
	at com.kms.katalon.core.main.ScriptEngine.run(ScriptEngine.java:194)
	at com.kms.katalon.core.main.ScriptEngine.runScriptAsRawText(ScriptEngine.java:119)
	at com.kms.katalon.core.main.TestCaseExecutor.runScript(TestCaseExecutor.java:321)
	at com.kms.katalon.core.main.TestCaseExecutor.doExecute(TestCaseExecutor.java:312)
	at com.kms.katalon.core.main.TestCaseExecutor.processExecutionPhase(TestCaseExecutor.java:291)
	at com.kms.katalon.core.main.TestCaseExecutor.accessMainPhase(TestCaseExecutor.java:283)
	at com.kms.katalon.core.main.TestCaseExecutor.execute(TestCaseExecutor.java:222)
	at com.kms.katalon.core.main.TestCaseMain.runTestCase(TestCaseMain.java:106)
	at com.kms.katalon.core.keyword.builtin.CallTestCaseKeyword$_callTestCase_closure1.doCall(CallTestCaseKeyword.groovy:59)
	at com.kms.katalon.core.keyword.builtin.CallTestCaseKeyword$_callTestCase_closure1.call(CallTestCaseKeyword.groovy)
	at com.kms.katalon.core.keyword.internal.KeywordMain.runKeyword(KeywordMain.groovy:54)
	at com.kms.katalon.core.keyword.builtin.CallTestCaseKeyword.callTestCase(CallTestCaseKeyword.groovy:80)
	at com.kms.katalon.core.keyword.builtin.CallTestCaseKeyword.execute(CallTestCaseKeyword.groovy:44)
	at com.kms.katalon.core.keyword.internal.KeywordExecutor.executeKeywordForPlatform(KeywordExecutor.groovy:53)
	at com.kms.katalon.core.keyword.BuiltinKeywords.callTestCase(BuiltinKeywords.groovy:334)
	at Companion.run(Companion:31)
	at com.kms.katalon.core.main.ScriptEngine.run(ScriptEngine.java:194)
	at com.kms.katalon.core.main.ScriptEngine.runScriptAsRawText(ScriptEngine.java:119)
	at com.kms.katalon.core.main.TestCaseExecutor.runScript(TestCaseExecutor.java:321)
	at com.kms.katalon.core.main.TestCaseExecutor.doExecute(TestCaseExecutor.java:312)
	at com.kms.katalon.core.main.TestCaseExecutor.processExecutionPhase(TestCaseExecutor.java:291)
	at com.kms.katalon.core.main.TestCaseExecutor.accessMainPhase(TestCaseExecutor.java:283)
	at com.kms.katalon.core.main.TestCaseExecutor.execute(TestCaseExecutor.java:222)
	at com.kms.katalon.core.main.TestSuiteExecutor.accessTestCaseMainPhase(TestSuiteExecutor.java:129)
	at com.kms.katalon.core.main.TestSuiteExecutor.accessTestSuiteMainPhase(TestSuiteExecutor.java:112)
	at com.kms.katalon.core.main.TestSuiteExecutor.execute(TestSuiteExecutor.java:81)
	at com.kms.katalon.core.main.TestCaseMain.startTestSuite(TestCaseMain.java:149)
	at com.kms.katalon.core.main.TestCaseMain$startTestSuite$0.call(Unknown Source)
	at TempTestSuite1562894499594.run(TempTestSuite1562894499594.groovy:36)]]></system-err>
      </testcase>
      <testcase name="Test Cases/mobileWeb/stm/Everest" classname="Test Cases/mobileWeb/stm/Everest" status="PASSED">
         <system-out><![CDATA[2019-07-12 09:27:10 - [TEST_CASE][PASSED] - Test Cases/mobileWeb/stm/Everest: Test Cases/mobileWeb/stm/Everest

2019-07-12 09:27:10 - [TEST_STEP][PASSED] - callTestCase(findTestCase("mobileWeb/_include/get_screenPath"), ["productLine":"stm", "carrierName":"Everest"], CONTINUE_ON_FAILURE): Call Test Case 'Test Cases/mobileWeb/_include/get_screenPath' successfully

2019-07-12 09:27:10 - [TEST_CASE][PASSED] - Test Cases/mobileWeb/_include/get_screenPath: Test Cases/mobileWeb/_include/get_screenPath

2019-07-12 09:27:10 - [TEST_STEP][PASSED] - m = getExecutionProperties(): null

2019-07-12 09:27:10 - [TEST_STEP][PASSED] - deviceName = get("mobileEmulation").get("deviceName"): null

2019-07-12 09:27:10 - [TEST_STEP][PASSED] - println(deviceName): null

2019-07-12 09:27:10 - [TEST_STEP][PASSED] - now = new java.util.Date(): null

2019-07-12 09:27:10 - [TEST_STEP][PASSED] - mydate = now.format("yyyyMMdd_HHmmss"): null

2019-07-12 09:27:10 - [TEST_STEP][PASSED] - screenPath = "../Screenshots/": null

2019-07-12 09:27:10 - [TEST_STEP][PASSED] - screenPath = screenPath + deviceName + "/" + productLine + "/" + carrierName + "/" + mydate + "/": null

2019-07-12 09:27:10 - [TEST_STEP][PASSED] - println(screenPath): null

2019-07-12 09:27:10 - [MESSAGE][PASSED] - Call Test Case 'Test Cases/mobileWeb/_include/get_screenPath' successfully

2019-07-12 09:27:10 - [TEST_STEP][PASSED] - i = 0: null

2019-07-12 09:27:10 - [TEST_STEP][PASSED] - callTestCase(findTestCase("mobileWeb/_include/openWebSite"), [:], STOP_ON_FAILURE): Call Test Case 'Test Cases/mobileWeb/_include/openWebSite' successfully

2019-07-12 09:27:11 - [TEST_CASE][PASSED] - Test Cases/mobileWeb/_include/openWebSite: Test Cases/mobileWeb/_include/openWebSite

2019-07-12 09:27:11 - [TEST_STEP][PASSED] - openBrowser(ENV): Browser is opened with url: 'https://praetemptatus.agilehealthinsurance.com'

2019-07-12 09:27:11 - [MESSAGE][WARNING] - A browser is already opened. Closing browser and opening a new one

2019-07-12 09:27:11 - [MESSAGE][INFO] - Starting 'Chrome' driver

2019-07-12 09:27:11 - [MESSAGE][INFO] - User set preference: ['mobileEmulation', '{deviceName=iPhone 6}']

2019-07-12 09:27:11 - [MESSAGE][INFO] - User set preference: ['args', '[--incognito, --aggressive-cache-discard, --window-size=375,677, --no-sandbox]']

2019-07-12 09:27:17 - [MESSAGE][PASSED] - Browser is opened with url: 'https://praetemptatus.agilehealthinsurance.com'

2019-07-12 09:27:17 - [TEST_STEP][PASSED] - waitForPageLoad(10): Wait for page load successfully

2019-07-12 09:27:17 - [MESSAGE][PASSED] - Wait for page load successfully

2019-07-12 09:27:17 - [TEST_STEP][PASSED] - callTestCase(findTestCase("mobileWeb/_include/get_screenshot"), [:], STOP_ON_FAILURE): Call Test Case 'Test Cases/mobileWeb/_include/get_screenshot' successfully

2019-07-12 09:27:17 - [TEST_CASE][PASSED] - Test Cases/mobileWeb/_include/get_screenshot: Test Cases/mobileWeb/_include/get_screenshot

2019-07-12 09:27:17 - [TEST_STEP][PASSED] - takeScreenshot(screenPath + i + ".png"): Taking screenshot successfully

2019-07-12 09:27:18 - [MESSAGE][PASSED] - Taking screenshot successfully
[[ATTACHMENT|D:\\Test\\AgileTest\\AgileTest\\Reports\\mobileWeb\\stm\\20190712_092139\\../Screenshots/iPhone 6/stm/Everest/20190712_092710/0.png]]

2019-07-12 09:27:18 - [TEST_STEP][PASSED] - (internal.GlobalVariable.i++): null

2019-07-12 09:27:18 - [MESSAGE][PASSED] - Call Test Case 'Test Cases/mobileWeb/_include/get_screenshot' successfully

2019-07-12 09:27:18 - [MESSAGE][PASSED] - Call Test Case 'Test Cases/mobileWeb/_include/openWebSite' successfully

2019-07-12 09:27:18 - [TEST_STEP][PASSED] - callTestCase(findTestCase("mobileWeb/_include/census_stm"), ["zipcode":"83709"], STOP_ON_FAILURE): Call Test Case 'Test Cases/mobileWeb/_include/census_stm' successfully

2019-07-12 09:27:18 - [TEST_CASE][PASSED] - Test Cases/mobileWeb/_include/census_stm: Test Cases/mobileWeb/_include/census_stm

2019-07-12 09:27:18 - [TEST_STEP][PASSED] - waitForElementClickable(findTestObject("mobileSanity/STM/Home Page/a_Quote  Save Today"), 10): Object 'Object Repository/mobileSanity/STM/Home Page/a_Quote  Save Today' is clickable

2019-07-12 09:27:20 - [MESSAGE][PASSED] - Object 'Object Repository/mobileSanity/STM/Home Page/a_Quote  Save Today' is clickable

2019-07-12 09:27:20 - [TEST_STEP][PASSED] - click(findTestObject("mobileSanity/STM/Home Page/a_Quote  Save Today")): Object: 'Object Repository/mobileSanity/STM/Home Page/a_Quote  Save Today' is clicked on

2019-07-12 09:27:21 - [MESSAGE][PASSED] - Object: 'Object Repository/mobileSanity/STM/Home Page/a_Quote  Save Today' is clicked on

2019-07-12 09:27:21 - [TEST_STEP][PASSED] - waitForPageLoad(10): Wait for page load successfully

2019-07-12 09:27:21 - [MESSAGE][PASSED] - Wait for page load successfully

2019-07-12 09:27:21 - [TEST_STEP][PASSED] - callTestCase(findTestCase("mobileWeb/_include/get_screenshot"), [:], STOP_ON_FAILURE): Call Test Case 'Test Cases/mobileWeb/_include/get_screenshot' successfully

2019-07-12 09:27:21 - [TEST_CASE][PASSED] - Test Cases/mobileWeb/_include/get_screenshot: Test Cases/mobileWeb/_include/get_screenshot

2019-07-12 09:27:21 - [TEST_STEP][PASSED] - takeScreenshot(screenPath + i + ".png"): Taking screenshot successfully

2019-07-12 09:27:22 - [MESSAGE][PASSED] - Taking screenshot successfully
[[ATTACHMENT|D:\\Test\\AgileTest\\AgileTest\\Reports\\mobileWeb\\stm\\20190712_092139\\../Screenshots/iPhone 6/stm/Everest/20190712_092710/1.png]]

2019-07-12 09:27:22 - [TEST_STEP][PASSED] - (internal.GlobalVariable.i++): null

2019-07-12 09:27:22 - [MESSAGE][PASSED] - Call Test Case 'Test Cases/mobileWeb/_include/get_screenshot' successfully

2019-07-12 09:27:22 - [TEST_STEP][PASSED] - setText(findTestObject("mobileSanity/STM/STM Census Page/input_Location_zip-input"), zipcode): Text '83709' is set on object 'Object Repository/mobileSanity/STM/STM Census Page/input_Location_zip-input'

2019-07-12 09:27:22 - [MESSAGE][PASSED] - Text '83709' is set on object 'Object Repository/mobileSanity/STM/STM Census Page/input_Location_zip-input'

2019-07-12 09:27:22 - [TEST_STEP][PASSED] - Thread.sleep(500): null

2019-07-12 09:27:22 - [TEST_STEP][PASSED] - setText(findTestObject("mobileSanity/STM/STM Census Page/input_Date of Birth_dob-0"), "03031987"): Text '03031987' is set on object 'Object Repository/mobileSanity/STM/STM Census Page/input_Date of Birth_dob-0'

2019-07-12 09:27:23 - [MESSAGE][PASSED] - Text '03031987' is set on object 'Object Repository/mobileSanity/STM/STM Census Page/input_Date of Birth_dob-0'

2019-07-12 09:27:23 - [TEST_STEP][PASSED] - click(findTestObject("mobileSanity/STM/STM Census Page/label_Male")): Object: 'Object Repository/mobileSanity/STM/STM Census Page/label_Male' is clicked on

2019-07-12 09:27:23 - [MESSAGE][PASSED] - Object: 'Object Repository/mobileSanity/STM/STM Census Page/label_Male' is clicked on

2019-07-12 09:27:23 - [TEST_STEP][PASSED] - click(findTestObject("mobileSanity/STM/STM Census Page/label_Compare Plans")): Object: 'Object Repository/mobileSanity/STM/STM Census Page/label_Compare Plans' is clicked on

2019-07-12 09:27:23 - [MESSAGE][PASSED] - Object: 'Object Repository/mobileSanity/STM/STM Census Page/label_Compare Plans' is clicked on

2019-07-12 09:27:23 - [TEST_STEP][PASSED] - waitForPageLoad(10): Wait for page load successfully

2019-07-12 09:27:23 - [MESSAGE][PASSED] - Wait for page load successfully

2019-07-12 09:27:23 - [TEST_STEP][PASSED] - Thread.sleep(2000): null

2019-07-12 09:27:25 - [TEST_STEP][PASSED] - callTestCase(findTestCase("mobileWeb/_include/get_screenshot"), [:], STOP_ON_FAILURE): Call Test Case 'Test Cases/mobileWeb/_include/get_screenshot' successfully

2019-07-12 09:27:25 - [TEST_CASE][PASSED] - Test Cases/mobileWeb/_include/get_screenshot: Test Cases/mobileWeb/_include/get_screenshot

2019-07-12 09:27:25 - [TEST_STEP][PASSED] - takeScreenshot(screenPath + i + ".png"): Taking screenshot successfully

2019-07-12 09:27:30 - [MESSAGE][PASSED] - Taking screenshot successfully
[[ATTACHMENT|D:\\Test\\AgileTest\\AgileTest\\Reports\\mobileWeb\\stm\\20190712_092139\\../Screenshots/iPhone 6/stm/Everest/20190712_092710/2.png]]

2019-07-12 09:27:30 - [TEST_STEP][PASSED] - (internal.GlobalVariable.i++): null

2019-07-12 09:27:30 - [MESSAGE][PASSED] - Call Test Case 'Test Cases/mobileWeb/_include/get_screenshot' successfully

2019-07-12 09:27:30 - [MESSAGE][PASSED] - Call Test Case 'Test Cases/mobileWeb/_include/census_stm' successfully

2019-07-12 09:27:30 - [TEST_STEP][PASSED] - callTestCase(findTestCase("mobileWeb/_include/filter_stm"), ["carrier":"everest-one"], STOP_ON_FAILURE): Call Test Case 'Test Cases/mobileWeb/_include/filter_stm' successfully

2019-07-12 09:27:30 - [TEST_CASE][PASSED] - Test Cases/mobileWeb/_include/filter_stm: Test Cases/mobileWeb/_include/filter_stm

2019-07-12 09:27:30 - [TEST_STEP][PASSED] - driver = getWebDriver(): null

2019-07-12 09:27:30 - [TEST_STEP][PASSED] - selenium = new com.thoughtworks.selenium.webdriven.WebDriverBackedSelenium(driver, internal.GlobalVariable.ENV): null

2019-07-12 09:27:30 - [TEST_STEP][PASSED] - click(findTestObject("mobileSanity/STM/STM Quote Page/button_6 months")): Object: 'Object Repository/mobileSanity/STM/STM Quote Page/button_6 months' is clicked on

2019-07-12 09:27:30 - [MESSAGE][PASSED] - Object: 'Object Repository/mobileSanity/STM/STM Quote Page/button_6 months' is clicked on

2019-07-12 09:27:30 - [TEST_STEP][PASSED] - test.MobileKeywords.clickJS(findTestObject("mobileSanity/STM/STM Quote Page/radio_6 months")): test.MobileKeywords.clickJS is PASSED

2019-07-12 09:27:31 - [MESSAGE][PASSED] - Execute JavaScript 'arguments[0].click()' successfully

2019-07-12 09:27:31 - [MESSAGE][PASSED] - test.MobileKeywords.clickJS is PASSED

2019-07-12 09:27:31 - [TEST_STEP][PASSED] - Thread.sleep(1000): null

2019-07-12 09:27:32 - [TEST_STEP][PASSED] - test.MobileKeywords.clickJS(findTestObject("mobileSanity/STM/STM Quote Page/duration_show_plans")): test.MobileKeywords.clickJS is PASSED

2019-07-12 09:27:32 - [MESSAGE][PASSED] - Execute JavaScript 'arguments[0].click()' successfully

2019-07-12 09:27:32 - [MESSAGE][PASSED] - test.MobileKeywords.clickJS is PASSED

2019-07-12 09:27:32 - [TEST_STEP][PASSED] - waitForJQueryLoad(10, STOP_ON_FAILURE): jQuery is ready.

2019-07-12 09:27:33 - [MESSAGE][PASSED] - jQuery is ready.

2019-07-12 09:27:33 - [TEST_STEP][PASSED] - Thread.sleep(1000): null

2019-07-12 09:27:34 - [TEST_STEP][PASSED] - click(findTestObject("mobileSanity/STM/STM Quote Page/button_filters")): Object: 'Object Repository/mobileSanity/STM/STM Quote Page/button_filters' is clicked on

2019-07-12 09:27:34 - [MESSAGE][PASSED] - Object: 'Object Repository/mobileSanity/STM/STM Quote Page/button_filters' is clicked on

2019-07-12 09:27:34 - [TEST_STEP][PASSED] - Thread.sleep(1000): null

2019-07-12 09:27:35 - [TEST_STEP][PASSED] - click(findTestObject("mobileSanity/STM/STM Quote Page/i_Insurance company")): Object: 'Object Repository/mobileSanity/STM/STM Quote Page/i_Insurance company' is clicked on

2019-07-12 09:27:35 - [MESSAGE][PASSED] - Object: 'Object Repository/mobileSanity/STM/STM Quote Page/i_Insurance company' is clicked on

2019-07-12 09:27:35 - [TEST_STEP][PASSED] - Thread.sleep(1000): null

2019-07-12 09:27:36 - [TEST_STEP][PASSED] - filter_carrier = "//input[@name='filter[carrier]' and @value='" + carrier + "']/following::label": null

2019-07-12 09:27:36 - [TEST_STEP][PASSED] - println(filter_carrier): null

2019-07-12 09:27:36 - [TEST_STEP][PASSED] - test.MobileKeywords.clickJS_ByXpath(filter_carrier): test.MobileKeywords.clickJS_ByXpath is PASSED

2019-07-12 09:27:36 - [MESSAGE][PASSED] - Execute JavaScript 'arguments[0].click()' successfully

2019-07-12 09:27:36 - [MESSAGE][PASSED] - test.MobileKeywords.clickJS_ByXpath is PASSED

2019-07-12 09:27:36 - [TEST_STEP][PASSED] - Thread.sleep(1000): null

2019-07-12 09:27:37 - [TEST_STEP][PASSED] - scrollToElement(findTestObject("mobileSanity/STM/STM Quote Page/a_Show Plans"), 1000): Scroll to object 'Object Repository/mobileSanity/STM/STM Quote Page/a_Show Plans' successfully

2019-07-12 09:27:38 - [MESSAGE][PASSED] - Scroll to object 'Object Repository/mobileSanity/STM/STM Quote Page/a_Show Plans' successfully

2019-07-12 09:27:38 - [TEST_STEP][PASSED] - click(findTestObject("mobileSanity/STM/STM Quote Page/a_Show Plans")): Object: 'Object Repository/mobileSanity/STM/STM Quote Page/a_Show Plans' is clicked on

2019-07-12 09:27:38 - [MESSAGE][PASSED] - Object: 'Object Repository/mobileSanity/STM/STM Quote Page/a_Show Plans' is clicked on

2019-07-12 09:27:38 - [TEST_STEP][PASSED] - waitForJQueryLoad(10, STOP_ON_FAILURE): jQuery is ready.

2019-07-12 09:27:38 - [MESSAGE][PASSED] - jQuery is ready.

2019-07-12 09:27:38 - [TEST_STEP][PASSED] - Thread.sleep(2000): null

2019-07-12 09:27:40 - [TEST_STEP][PASSED] - callTestCase(findTestCase("mobileWeb/_include/get_screenshot"), [:], STOP_ON_FAILURE): Call Test Case 'Test Cases/mobileWeb/_include/get_screenshot' successfully

2019-07-12 09:27:40 - [TEST_CASE][PASSED] - Test Cases/mobileWeb/_include/get_screenshot: Test Cases/mobileWeb/_include/get_screenshot

2019-07-12 09:27:40 - [TEST_STEP][PASSED] - takeScreenshot(screenPath + i + ".png"): Taking screenshot successfully

2019-07-12 09:27:41 - [MESSAGE][PASSED] - Taking screenshot successfully
[[ATTACHMENT|D:\\Test\\AgileTest\\AgileTest\\Reports\\mobileWeb\\stm\\20190712_092139\\../Screenshots/iPhone 6/stm/Everest/20190712_092710/3.png]]

2019-07-12 09:27:41 - [TEST_STEP][PASSED] - (internal.GlobalVariable.i++): null

2019-07-12 09:27:41 - [MESSAGE][PASSED] - Call Test Case 'Test Cases/mobileWeb/_include/get_screenshot' successfully

2019-07-12 09:27:41 - [MESSAGE][PASSED] - Call Test Case 'Test Cases/mobileWeb/_include/filter_stm' successfully

2019-07-12 09:27:41 - [TEST_STEP][PASSED] - callTestCase(findTestCase("mobileWeb/_include/goToDetail_stm"), ["carrier":"everest-one"], STOP_ON_FAILURE): Call Test Case 'Test Cases/mobileWeb/_include/goToDetail_stm' successfully

2019-07-12 09:27:41 - [TEST_CASE][PASSED] - Test Cases/mobileWeb/_include/goToDetail_stm: Test Cases/mobileWeb/_include/goToDetail_stm

2019-07-12 09:27:41 - [TEST_STEP][PASSED] - driver = getWebDriver(): null

2019-07-12 09:27:41 - [TEST_STEP][PASSED] - selenium = new com.thoughtworks.selenium.webdriven.WebDriverBackedSelenium(driver, internal.GlobalVariable.ENV): null

2019-07-12 09:27:41 - [TEST_STEP][PASSED] - a_plan_name = "xpath=//a[contains(@href,'/term-health-insurance/plan/" + carrier + "')]": null

2019-07-12 09:27:41 - [TEST_STEP][PASSED] - println(a_plan_name): null

2019-07-12 09:27:41 - [TEST_STEP][PASSED] - selenium.click(a_plan_name): null

2019-07-12 09:27:44 - [TEST_STEP][PASSED] - waitForPageLoad(10): Wait for page load successfully

2019-07-12 09:27:44 - [MESSAGE][PASSED] - Wait for page load successfully

2019-07-12 09:27:44 - [TEST_STEP][PASSED] - Thread.sleep(2000): null

2019-07-12 09:27:46 - [TEST_STEP][PASSED] - callTestCase(findTestCase("mobileWeb/_include/get_screenshot"), [:], STOP_ON_FAILURE): Call Test Case 'Test Cases/mobileWeb/_include/get_screenshot' successfully

2019-07-12 09:27:46 - [TEST_CASE][PASSED] - Test Cases/mobileWeb/_include/get_screenshot: Test Cases/mobileWeb/_include/get_screenshot

2019-07-12 09:27:46 - [TEST_STEP][PASSED] - takeScreenshot(screenPath + i + ".png"): Taking screenshot successfully

2019-07-12 09:27:47 - [MESSAGE][PASSED] - Taking screenshot successfully
[[ATTACHMENT|D:\\Test\\AgileTest\\AgileTest\\Reports\\mobileWeb\\stm\\20190712_092139\\../Screenshots/iPhone 6/stm/Everest/20190712_092710/4.png]]

2019-07-12 09:27:47 - [TEST_STEP][PASSED] - (internal.GlobalVariable.i++): null

2019-07-12 09:27:47 - [MESSAGE][PASSED] - Call Test Case 'Test Cases/mobileWeb/_include/get_screenshot' successfully

2019-07-12 09:27:47 - [MESSAGE][PASSED] - Call Test Case 'Test Cases/mobileWeb/_include/goToDetail_stm' successfully

2019-07-12 09:27:47 - [TEST_STEP][PASSED] - callTestCase(findTestCase("mobileWeb/_include/apply_stm"), [:], STOP_ON_FAILURE): Call Test Case 'Test Cases/mobileWeb/_include/apply_stm' successfully

2019-07-12 09:27:47 - [TEST_CASE][PASSED] - Test Cases/mobileWeb/_include/apply_stm: Test Cases/mobileWeb/_include/apply_stm

2019-07-12 09:27:47 - [TEST_STEP][PASSED] - waitForElementVisible(findTestObject("mobileSanity/STM/STM PlanDetail Page/a_Apply for This Plan"), 5): Object 'Object Repository/mobileSanity/STM/STM PlanDetail Page/a_Apply for This Plan' is visible

2019-07-12 09:27:47 - [MESSAGE][PASSED] - Object 'Object Repository/mobileSanity/STM/STM PlanDetail Page/a_Apply for This Plan' is visible

2019-07-12 09:27:47 - [TEST_STEP][PASSED] - click(findTestObject("mobileSanity/STM/STM PlanDetail Page/a_Apply for This Plan")): Object: 'Object Repository/mobileSanity/STM/STM PlanDetail Page/a_Apply for This Plan' is clicked on

2019-07-12 09:27:49 - [MESSAGE][PASSED] - Object: 'Object Repository/mobileSanity/STM/STM PlanDetail Page/a_Apply for This Plan' is clicked on

2019-07-12 09:27:49 - [TEST_STEP][PASSED] - waitForPageLoad(10): Wait for page load successfully

2019-07-12 09:27:50 - [MESSAGE][PASSED] - Wait for page load successfully

2019-07-12 09:27:50 - [TEST_STEP][PASSED] - Thread.sleep(2000): null

2019-07-12 09:27:52 - [TEST_STEP][PASSED] - callTestCase(findTestCase("mobileWeb/_include/get_screenshot"), [:], STOP_ON_FAILURE): Call Test Case 'Test Cases/mobileWeb/_include/get_screenshot' successfully

2019-07-12 09:27:52 - [TEST_CASE][PASSED] - Test Cases/mobileWeb/_include/get_screenshot: Test Cases/mobileWeb/_include/get_screenshot

2019-07-12 09:27:52 - [TEST_STEP][PASSED] - takeScreenshot(screenPath + i + ".png"): Taking screenshot successfully

2019-07-12 09:27:52 - [MESSAGE][PASSED] - Taking screenshot successfully
[[ATTACHMENT|D:\\Test\\AgileTest\\AgileTest\\Reports\\mobileWeb\\stm\\20190712_092139\\../Screenshots/iPhone 6/stm/Everest/20190712_092710/5.png]]

2019-07-12 09:27:52 - [TEST_STEP][PASSED] - (internal.GlobalVariable.i++): null

2019-07-12 09:27:52 - [MESSAGE][PASSED] - Call Test Case 'Test Cases/mobileWeb/_include/get_screenshot' successfully

2019-07-12 09:27:52 - [TEST_STEP][PASSED] - waitForElementVisible(findTestObject("mobileSanity/STM/STM Apply Page/a_Start Secure Application"), 5): Object 'Object Repository/mobileSanity/STM/STM Apply Page/a_Start Secure Application' is visible

2019-07-12 09:27:52 - [MESSAGE][PASSED] - Object 'Object Repository/mobileSanity/STM/STM Apply Page/a_Start Secure Application' is visible

2019-07-12 09:27:52 - [TEST_STEP][PASSED] - click(findTestObject("mobileSanity/STM/STM Apply Page/a_Start Secure Application")): Object: 'Object Repository/mobileSanity/STM/STM Apply Page/a_Start Secure Application' is clicked on

2019-07-12 09:27:56 - [MESSAGE][PASSED] - Object: 'Object Repository/mobileSanity/STM/STM Apply Page/a_Start Secure Application' is clicked on

2019-07-12 09:27:56 - [TEST_STEP][PASSED] - waitForPageLoad(10): Wait for page load successfully

2019-07-12 09:27:56 - [MESSAGE][PASSED] - Wait for page load successfully

2019-07-12 09:27:56 - [TEST_STEP][PASSED] - Thread.sleep(2000): null

2019-07-12 09:27:58 - [TEST_STEP][PASSED] - callTestCase(findTestCase("mobileWeb/_include/get_screenshot"), [:], STOP_ON_FAILURE): Call Test Case 'Test Cases/mobileWeb/_include/get_screenshot' successfully

2019-07-12 09:27:58 - [TEST_CASE][PASSED] - Test Cases/mobileWeb/_include/get_screenshot: Test Cases/mobileWeb/_include/get_screenshot

2019-07-12 09:27:58 - [TEST_STEP][PASSED] - takeScreenshot(screenPath + i + ".png"): Taking screenshot successfully

2019-07-12 09:27:58 - [MESSAGE][PASSED] - Taking screenshot successfully
[[ATTACHMENT|D:\\Test\\AgileTest\\AgileTest\\Reports\\mobileWeb\\stm\\20190712_092139\\../Screenshots/iPhone 6/stm/Everest/20190712_092710/6.png]]

2019-07-12 09:27:58 - [TEST_STEP][PASSED] - (internal.GlobalVariable.i++): null

2019-07-12 09:27:58 - [MESSAGE][PASSED] - Call Test Case 'Test Cases/mobileWeb/_include/get_screenshot' successfully

2019-07-12 09:27:58 - [MESSAGE][PASSED] - Call Test Case 'Test Cases/mobileWeb/_include/apply_stm' successfully

2019-07-12 09:27:58 - [TEST_STEP][PASSED] - callTestCase(findTestCase("mobileWeb/_include/goToEnd_stm_autofill"), [:], STOP_ON_FAILURE): Call Test Case 'Test Cases/mobileWeb/_include/goToEnd_stm_autofill' successfully

2019-07-12 09:27:58 - [TEST_CASE][PASSED] - Test Cases/mobileWeb/_include/goToEnd_stm_autofill: Test Cases/mobileWeb/_include/goToEnd_stm_autofill

2019-07-12 09:27:58 - [TEST_STEP][PASSED] - callTestCase(findTestCase("mobileWeb/_include/name"), [:], CONTINUE_ON_FAILURE): Call Test Case 'Test Cases/mobileWeb/_include/name' successfully

2019-07-12 09:27:58 - [TEST_CASE][PASSED] - Test Cases/mobileWeb/_include/name: Test Cases/mobileWeb/_include/name

2019-07-12 09:27:58 - [TEST_STEP][PASSED] - driver = getWebDriver(): null

2019-07-12 09:27:58 - [TEST_STEP][PASSED] - selenium = new com.thoughtworks.selenium.webdriven.WebDriverBackedSelenium(driver, internal.GlobalVariable.ENV): null

2019-07-12 09:27:58 - [TEST_STEP][PASSED] - FirstName = "Test-123": null

2019-07-12 09:27:58 - [TEST_STEP][PASSED] - LastName = selenium.getEval("{var x="ABCDEFGHIJKLMNOPQRSTUVWXYZabcdefghijklmnopqrstuvwxyz"; var tmp="ZZ11-"; for (i=0;i<8;i++) tmp+=x.charAt(Math.ceil(51*Math.random()));tmp;}"): null

2019-07-12 09:27:58 - [TEST_STEP][PASSED] - Address = selenium.getEval("{var x="ABCDEFGHIJKLMNOPQRSTUVWXYZabcdefghijklmnopqrstuvwxyz"; var tmp=""; for (i=0;i<8;i++) tmp+=x.charAt(Math.ceil(51*Math.random()));tmp;}"): null

2019-07-12 09:27:58 - [TEST_STEP][PASSED] - City = selenium.getEval("{var x="ABCDEFGHIJKLMNOPQRSTUVWXYZabcdefghijklmnopqrstuvwxyz"; var tmp=""; for (i=0;i<8;i++) tmp+=x.charAt(Math.ceil(51*Math.random()));tmp;}"): null

2019-07-12 09:27:59 - [TEST_STEP][PASSED] - tel1 = selenium.getEval("{var x="123456789"; var tmp=""; for (i=0;i<3;i++) tmp+=x.charAt(Math.ceil(8*Math.random()));tmp;}"): null

2019-07-12 09:27:59 - [TEST_STEP][PASSED] - tel2 = selenium.getEval("{var x="123456789"; var tmp=""; for (i=0;i<3;i++) tmp+=x.charAt(Math.ceil(8*Math.random()));tmp;}"): null

2019-07-12 09:27:59 - [TEST_STEP][PASSED] - tel3 = selenium.getEval("{var x="123456789"; var tmp=""; for (i=0;i<4;i++) tmp+=x.charAt(Math.ceil(8*Math.random()));tmp;}"): null

2019-07-12 09:27:59 - [TEST_STEP][PASSED] - Tel = selenium.getExpression(tel1 + "-" + tel2 + "-" + tel3): null

2019-07-12 09:27:59 - [TEST_STEP][PASSED] - AutoEmail = selenium.getEval("{var x="ABCDEFGHIJKLMNOPQRSTUVWXYZabcdefghijklmnopqrstuvwxyz"; var tmp="test."; for (i=0;i<8;i++) tmp+=x.charAt(Math.ceil(51*Math.random()));tmp+="@suryani.cn";}"): null

2019-07-12 09:27:59 - [TEST_STEP][PASSED] - FirstName = FirstName: null

2019-07-12 09:27:59 - [TEST_STEP][PASSED] - LastName = LastName: null

2019-07-12 09:27:59 - [TEST_STEP][PASSED] - Address = Address: null

2019-07-12 09:27:59 - [TEST_STEP][PASSED] - City = City: null

2019-07-12 09:27:59 - [TEST_STEP][PASSED] - Tel = Tel: null

2019-07-12 09:27:59 - [TEST_STEP][PASSED] - AutoEmail = AutoEmail: null

2019-07-12 09:27:59 - [TEST_STEP][PASSED] - println(FirstName): null

2019-07-12 09:27:59 - [TEST_STEP][PASSED] - println(LastName): null

2019-07-12 09:27:59 - [TEST_STEP][PASSED] - println(Address): null

2019-07-12 09:27:59 - [TEST_STEP][PASSED] - println(City): null

2019-07-12 09:27:59 - [TEST_STEP][PASSED] - println(Tel): null

2019-07-12 09:27:59 - [TEST_STEP][PASSED] - println(AutoEmail): null

2019-07-12 09:27:59 - [MESSAGE][PASSED] - Call Test Case 'Test Cases/mobileWeb/_include/name' successfully

2019-07-12 09:27:59 - [TEST_STEP][PASSED] - waitForPageLoad(0): Wait for page load successfully

2019-07-12 09:27:59 - [MESSAGE][WARNING] - Timeout '0' is invalid. Using default page load timeout: '20'

2019-07-12 09:27:59 - [MESSAGE][PASSED] - Wait for page load successfully

2019-07-12 09:28:00 - [TEST_STEP][PASSED] - Thread.sleep(1000): null

2019-07-12 09:28:01 - [TEST_STEP][PASSED] - waitForElementVisible(findTestObject("mobileSanity/STM/Page_App Page 1/a_Autofill App Info"), 0): Object 'Object Repository/mobileSanity/STM/Page_App Page 1/a_Autofill App Info' is visible

2019-07-12 09:28:01 - [MESSAGE][WARNING] - Timeout '0' is invalid. Using default page load timeout: '20'

2019-07-12 09:28:01 - [MESSAGE][PASSED] - Object 'Object Repository/mobileSanity/STM/Page_App Page 1/a_Autofill App Info' is visible

2019-07-12 09:28:01 - [TEST_STEP][PASSED] - click(findTestObject("mobileSanity/STM/Page_App Page 1/a_Autofill App Info")): Object: 'Object Repository/mobileSanity/STM/Page_App Page 1/a_Autofill App Info' is clicked on

2019-07-12 09:28:01 - [MESSAGE][PASSED] - Object: 'Object Repository/mobileSanity/STM/Page_App Page 1/a_Autofill App Info' is clicked on

2019-07-12 09:28:01 - [TEST_STEP][PASSED] - Thread.sleep(1000): null

2019-07-12 09:28:02 - [TEST_STEP][PASSED] - waitForElementVisible(findTestObject("mobileSanity/STM/Page_App Page 1/a_Continue"), 0): Object 'Object Repository/mobileSanity/STM/Page_App Page 1/a_Continue' is visible

2019-07-12 09:28:02 - [MESSAGE][WARNING] - Timeout '0' is invalid. Using default page load timeout: '20'

2019-07-12 09:28:02 - [MESSAGE][PASSED] - Object 'Object Repository/mobileSanity/STM/Page_App Page 1/a_Continue' is visible

2019-07-12 09:28:02 - [TEST_STEP][PASSED] - click(findTestObject("mobileSanity/STM/Page_App Page 1/a_Continue")): Object: 'Object Repository/mobileSanity/STM/Page_App Page 1/a_Continue' is clicked on

2019-07-12 09:28:02 - [MESSAGE][PASSED] - Object: 'Object Repository/mobileSanity/STM/Page_App Page 1/a_Continue' is clicked on

2019-07-12 09:28:02 - [TEST_STEP][PASSED] - waitForPageLoad(10): Wait for page load successfully

2019-07-12 09:28:02 - [MESSAGE][PASSED] - Wait for page load successfully

2019-07-12 09:28:02 - [TEST_STEP][PASSED] - Thread.sleep(2000): null

2019-07-12 09:28:04 - [TEST_STEP][PASSED] - callTestCase(findTestCase("mobileWeb/_include/get_screenshot"), [:], STOP_ON_FAILURE): Call Test Case 'Test Cases/mobileWeb/_include/get_screenshot' successfully

2019-07-12 09:28:04 - [TEST_CASE][PASSED] - Test Cases/mobileWeb/_include/get_screenshot: Test Cases/mobileWeb/_include/get_screenshot

2019-07-12 09:28:04 - [TEST_STEP][PASSED] - takeScreenshot(screenPath + i + ".png"): Taking screenshot successfully

2019-07-12 09:28:05 - [MESSAGE][PASSED] - Taking screenshot successfully
[[ATTACHMENT|D:\\Test\\AgileTest\\AgileTest\\Reports\\mobileWeb\\stm\\20190712_092139\\../Screenshots/iPhone 6/stm/Everest/20190712_092710/7.png]]

2019-07-12 09:28:05 - [TEST_STEP][PASSED] - (internal.GlobalVariable.i++): null

2019-07-12 09:28:05 - [MESSAGE][PASSED] - Call Test Case 'Test Cases/mobileWeb/_include/get_screenshot' successfully

2019-07-12 09:28:05 - [TEST_STEP][PASSED] - click(findTestObject("mobileSanity/STM/Page_App Page 2/a_Continue to Step 3 - Payment")): Object: 'Object Repository/mobileSanity/STM/Page_App Page 2/a_Continue to Step 3 - Payment' is clicked on

2019-07-12 09:28:05 - [MESSAGE][PASSED] - Object: 'Object Repository/mobileSanity/STM/Page_App Page 2/a_Continue to Step 3 - Payment' is clicked on

2019-07-12 09:28:05 - [TEST_STEP][PASSED] - Thread.sleep(2000): null

2019-07-12 09:28:07 - [TEST_STEP][PASSED] - callTestCase(findTestCase("mobileWeb/_include/get_screenshot"), [:], STOP_ON_FAILURE): Call Test Case 'Test Cases/mobileWeb/_include/get_screenshot' successfully

2019-07-12 09:28:07 - [TEST_CASE][PASSED] - Test Cases/mobileWeb/_include/get_screenshot: Test Cases/mobileWeb/_include/get_screenshot

2019-07-12 09:28:07 - [TEST_STEP][PASSED] - takeScreenshot(screenPath + i + ".png"): Taking screenshot successfully

2019-07-12 09:28:07 - [MESSAGE][PASSED] - Taking screenshot successfully
[[ATTACHMENT|D:\\Test\\AgileTest\\AgileTest\\Reports\\mobileWeb\\stm\\20190712_092139\\../Screenshots/iPhone 6/stm/Everest/20190712_092710/8.png]]

2019-07-12 09:28:07 - [TEST_STEP][PASSED] - (internal.GlobalVariable.i++): null

2019-07-12 09:28:07 - [MESSAGE][PASSED] - Call Test Case 'Test Cases/mobileWeb/_include/get_screenshot' successfully

2019-07-12 09:28:07 - [TEST_STEP][PASSED] - clearText(findTestObject("mobileSanity/STM/Page_App Page 3/input__credit-card-cvv")): Text of object 'Object Repository/mobileSanity/STM/Page_App Page 3/input__credit-card-cvv' is cleared

2019-07-12 09:28:08 - [MESSAGE][PASSED] - Text of object 'Object Repository/mobileSanity/STM/Page_App Page 3/input__credit-card-cvv' is cleared

2019-07-12 09:28:08 - [TEST_STEP][PASSED] - setText(findTestObject("mobileSanity/STM/Page_App Page 3/input__credit-card-cvv"), "123"): Text '123' is set on object 'Object Repository/mobileSanity/STM/Page_App Page 3/input__credit-card-cvv'

2019-07-12 09:28:08 - [MESSAGE][PASSED] - Text '123' is set on object 'Object Repository/mobileSanity/STM/Page_App Page 3/input__credit-card-cvv'

2019-07-12 09:28:08 - [TEST_STEP][PASSED] - click(findTestObject("mobileSanity/STM/Page_App Page 3/label_I Accept Authorization f")): Object: 'Object Repository/mobileSanity/STM/Page_App Page 3/label_I Accept Authorization f' is clicked on

2019-07-12 09:28:08 - [MESSAGE][PASSED] - Object: 'Object Repository/mobileSanity/STM/Page_App Page 3/label_I Accept Authorization f' is clicked on

2019-07-12 09:28:08 - [TEST_STEP][PASSED] - click(findTestObject("mobileSanity/STM/Page_App Page 3/a_Continue to Step 4 - Review")): Object: 'Object Repository/mobileSanity/STM/Page_App Page 3/a_Continue to Step 4 - Review' is clicked on

2019-07-12 09:28:08 - [MESSAGE][PASSED] - Object: 'Object Repository/mobileSanity/STM/Page_App Page 3/a_Continue to Step 4 - Review' is clicked on

2019-07-12 09:28:08 - [TEST_STEP][PASSED] - waitForElementClickable(findTestObject("mobileSanity/STM/Page_App Page 4/label"), 10): Object 'Object Repository/mobileSanity/STM/Page_App Page 4/label' is clickable

2019-07-12 09:28:10 - [MESSAGE][PASSED] - Object 'Object Repository/mobileSanity/STM/Page_App Page 4/label' is clickable

2019-07-12 09:28:10 - [TEST_STEP][PASSED] - Thread.sleep(2000): null

2019-07-12 09:28:12 - [TEST_STEP][PASSED] - callTestCase(findTestCase("mobileWeb/_include/get_screenshot"), [:], STOP_ON_FAILURE): Call Test Case 'Test Cases/mobileWeb/_include/get_screenshot' successfully

2019-07-12 09:28:12 - [TEST_CASE][PASSED] - Test Cases/mobileWeb/_include/get_screenshot: Test Cases/mobileWeb/_include/get_screenshot

2019-07-12 09:28:12 - [TEST_STEP][PASSED] - takeScreenshot(screenPath + i + ".png"): Taking screenshot successfully

2019-07-12 09:28:12 - [MESSAGE][PASSED] - Taking screenshot successfully
[[ATTACHMENT|D:\\Test\\AgileTest\\AgileTest\\Reports\\mobileWeb\\stm\\20190712_092139\\../Screenshots/iPhone 6/stm/Everest/20190712_092710/9.png]]

2019-07-12 09:28:12 - [TEST_STEP][PASSED] - (internal.GlobalVariable.i++): null

2019-07-12 09:28:12 - [MESSAGE][PASSED] - Call Test Case 'Test Cases/mobileWeb/_include/get_screenshot' successfully

2019-07-12 09:28:12 - [TEST_STEP][PASSED] - click(findTestObject("mobileSanity/STM/Page_App Page 4/label")): Object: 'Object Repository/mobileSanity/STM/Page_App Page 4/label' is clicked on

2019-07-12 09:28:12 - [MESSAGE][PASSED] - Object: 'Object Repository/mobileSanity/STM/Page_App Page 4/label' is clicked on

2019-07-12 09:28:12 - [TEST_STEP][PASSED] - click(findTestObject("mobileSanity/STM/Page_App Page 4/div_CLICK TO SIGN")): Object: 'Object Repository/mobileSanity/STM/Page_App Page 4/div_CLICK TO SIGN' is clicked on

2019-07-12 09:28:12 - [MESSAGE][PASSED] - Object: 'Object Repository/mobileSanity/STM/Page_App Page 4/div_CLICK TO SIGN' is clicked on

2019-07-12 09:28:12 - [TEST_STEP][PASSED] - click(findTestObject("mobileSanity/STM/Page_App Page 4/a_Submit Your Application")): Object: 'Object Repository/mobileSanity/STM/Page_App Page 4/a_Submit Your Application' is clicked on

2019-07-12 09:28:13 - [MESSAGE][PASSED] - Object: 'Object Repository/mobileSanity/STM/Page_App Page 4/a_Submit Your Application' is clicked on

2019-07-12 09:28:13 - [TEST_STEP][PASSED] - Thread.sleep(30000): null

2019-07-12 09:28:43 - [TEST_STEP][PASSED] - callTestCase(findTestCase("mobileWeb/_include/get_screenshot"), [:], STOP_ON_FAILURE): Call Test Case 'Test Cases/mobileWeb/_include/get_screenshot' successfully

2019-07-12 09:28:43 - [TEST_CASE][PASSED] - Test Cases/mobileWeb/_include/get_screenshot: Test Cases/mobileWeb/_include/get_screenshot

2019-07-12 09:28:43 - [TEST_STEP][PASSED] - takeScreenshot(screenPath + i + ".png"): Taking screenshot successfully

2019-07-12 09:28:45 - [MESSAGE][PASSED] - Taking screenshot successfully
[[ATTACHMENT|D:\\Test\\AgileTest\\AgileTest\\Reports\\mobileWeb\\stm\\20190712_092139\\../Screenshots/iPhone 6/stm/Everest/20190712_092710/10.png]]

2019-07-12 09:28:45 - [TEST_STEP][PASSED] - (internal.GlobalVariable.i++): null

2019-07-12 09:28:45 - [MESSAGE][PASSED] - Call Test Case 'Test Cases/mobileWeb/_include/get_screenshot' successfully

2019-07-12 09:28:45 - [TEST_STEP][PASSED] - waitForElementPresent(findTestObject("mobileSanity/STM/Page_App Page 6/span_planName"), 30): Object 'Object Repository/mobileSanity/STM/Page_App Page 6/span_planName' is present

2019-07-12 09:28:45 - [MESSAGE][PASSED] - Object 'Object Repository/mobileSanity/STM/Page_App Page 6/span_planName' is present

2019-07-12 09:28:45 - [TEST_STEP][PASSED] - verifyElementPresent(findTestObject("mobileSanity/STM/Page_App Page 6/span_planName"), 0): Object 'Object Repository/mobileSanity/STM/Page_App Page 6/span_planName' is present

2019-07-12 09:28:45 - [MESSAGE][WARNING] - Timeout '0' is invalid. Using default page load timeout: '20'

2019-07-12 09:28:45 - [MESSAGE][PASSED] - Object 'Object Repository/mobileSanity/STM/Page_App Page 6/span_planName' is present

2019-07-12 09:28:45 - [TEST_STEP][PASSED] - verifyElementPresent(findTestObject("mobileSanity/STM/Page_App Page 6/span_approved"), 0): Object 'Object Repository/mobileSanity/STM/Page_App Page 6/span_approved' is present

2019-07-12 09:28:45 - [MESSAGE][WARNING] - Timeout '0' is invalid. Using default page load timeout: '20'

2019-07-12 09:28:45 - [MESSAGE][PASSED] - Object 'Object Repository/mobileSanity/STM/Page_App Page 6/span_approved' is present

2019-07-12 09:28:45 - [MESSAGE][PASSED] - Call Test Case 'Test Cases/mobileWeb/_include/goToEnd_stm_autofill' successfully]]></system-out>
         <system-err><![CDATA[]]></system-err>
      </testcase>
      <testcase name="Test Cases/mobileWeb/stm/Everest Prime" classname="Test Cases/mobileWeb/stm/Everest Prime" status="FAILED">
         <failure type="FAILED" message="Test Cases/mobileWeb/stm/Everest Prime FAILED.
Reason:
com.kms.katalon.core.exception.StepFailedException: Unable to wait for object 'Object Repository/mobileSanity/STM/Page_App Page 1/a_Continue' to be visible (Root cause: org.openqa.selenium.StaleElementReferenceException: stale element reference: element is not attached to the page document
  (Session info: chrome=75.0.3770.100)
  (Driver info: chromedriver=2.43.600210 (68dcf5eebde37173d4027fa8635e332711d2874a),platform=Windows NT 6.1.7601 SP1 x86_64) (WARNING: The server did not provide any stacktrace information)
Command duration or timeout: 0 milliseconds
For documentation on this error, please visit: http://seleniumhq.org/exceptions/stale_element_reference.html
Build info: version: '3.7.1', revision: '8a0099a', time: '2017-11-06T21:07:36.161Z'
System info: host: 'SOFEE', ip: '172.16.86.47', os.name: 'Windows 7', os.arch: 'amd64', os.version: '6.1', java.version: '1.8.0_181'
Driver info: com.kms.katalon.selenium.driver.CChromeDriver
Capabilities {acceptInsecureCerts: false, acceptSslCerts: false, applicationCacheEnabled: false, browserConnectionEnabled: false, browserName: chrome, chrome: {chromedriverVersion: 2.43.600210 (68dcf5eebde371..., userDataDir: C:\Users\sofee.yu\AppData\L...}, cssSelectorsEnabled: true, databaseEnabled: false, goog:chromeOptions: {debuggerAddress: localhost:59333}, handlesAlerts: true, hasTouchScreen: true, javascriptEnabled: true, locationContextEnabled: true, mobileEmulationEnabled: true, nativeEvents: true, networkConnectionEnabled: false, pageLoadStrategy: normal, platform: XP, platformName: XP, rotatable: false, setWindowRect: true, takesHeapSnapshot: true, takesScreenshot: true, unexpectedAlertBehaviour: , unhandledPromptBehavior: , version: 75.0.3770.100, webStorageEnabled: true}
Session ID: d120deb768b2b8fc4d823e3125909396)
	at com.kms.katalon.core.keyword.internal.KeywordMain.stepFailed(KeywordMain.groovy:36)
	at com.kms.katalon.core.webui.keyword.internal.WebUIKeywordMain.stepFailed(WebUIKeywordMain.groovy:65)
	at com.kms.katalon.core.webui.keyword.internal.WebUIKeywordMain.runKeyword(WebUIKeywordMain.groovy:27)
	at com.kms.katalon.core.webui.keyword.builtin.WaitForElementVisibleKeyword.waitForElementVisible(WaitForElementVisibleKeyword.groovy:99)
	at com.kms.katalon.core.webui.keyword.builtin.WaitForElementVisibleKeyword.execute(WaitForElementVisibleKeyword.groovy:68)
	at com.kms.katalon.core.keyword.internal.KeywordExecutor.executeKeywordForPlatform(KeywordExecutor.groovy:53)
	at com.kms.katalon.core.webui.keyword.WebUiBuiltInKeywords.waitForElementVisible(WebUiBuiltInKeywords.groovy:434)
	at com.kms.katalon.core.webui.keyword.WebUiBuiltInKeywords$waitForElementVisible$10.call(Unknown Source)
	at goToEnd_stm_autofill.run(goToEnd_stm_autofill:29)
	at com.kms.katalon.core.main.ScriptEngine.run(ScriptEngine.java:194)
	at com.kms.katalon.core.main.ScriptEngine.runScriptAsRawText(ScriptEngine.java:119)
	at com.kms.katalon.core.main.TestCaseExecutor.runScript(TestCaseExecutor.java:321)
	at com.kms.katalon.core.main.TestCaseExecutor.doExecute(TestCaseExecutor.java:312)
	at com.kms.katalon.core.main.TestCaseExecutor.processExecutionPhase(TestCaseExecutor.java:291)
	at com.kms.katalon.core.main.TestCaseExecutor.accessMainPhase(TestCaseExecutor.java:283)
	at com.kms.katalon.core.main.TestCaseExecutor.execute(TestCaseExecutor.java:222)
	at com.kms.katalon.core.main.TestCaseMain.runTestCase(TestCaseMain.java:106)
	at com.kms.katalon.core.keyword.builtin.CallTestCaseKeyword$_callTestCase_closure1.doCall(CallTestCaseKeyword.groovy:59)
	at com.kms.katalon.core.keyword.builtin.CallTestCaseKeyword$_callTestCase_closure1.call(CallTestCaseKeyword.groovy)
	at com.kms.katalon.core.keyword.internal.KeywordMain.runKeyword(KeywordMain.groovy:54)
	at com.kms.katalon.core.keyword.builtin.CallTestCaseKeyword.callTestCase(CallTestCaseKeyword.groovy:80)
	at com.kms.katalon.core.keyword.builtin.CallTestCaseKeyword.execute(CallTestCaseKeyword.groovy:44)
	at com.kms.katalon.core.keyword.internal.KeywordExecutor.executeKeywordForPlatform(KeywordExecutor.groovy:53)
	at com.kms.katalon.core.keyword.BuiltinKeywords.callTestCase(BuiltinKeywords.groovy:334)
	at Everest Prime.run(Everest Prime:31)
	at com.kms.katalon.core.main.ScriptEngine.run(ScriptEngine.java:194)
	at com.kms.katalon.core.main.ScriptEngine.runScriptAsRawText(ScriptEngine.java:119)
	at com.kms.katalon.core.main.TestCaseExecutor.runScript(TestCaseExecutor.java:321)
	at com.kms.katalon.core.main.TestCaseExecutor.doExecute(TestCaseExecutor.java:312)
	at com.kms.katalon.core.main.TestCaseExecutor.processExecutionPhase(TestCaseExecutor.java:291)
	at com.kms.katalon.core.main.TestCaseExecutor.accessMainPhase(TestCaseExecutor.java:283)
	at com.kms.katalon.core.main.TestCaseExecutor.execute(TestCaseExecutor.java:222)
	at com.kms.katalon.core.main.TestSuiteExecutor.accessTestCaseMainPhase(TestSuiteExecutor.java:129)
	at com.kms.katalon.core.main.TestSuiteExecutor.accessTestSuiteMainPhase(TestSuiteExecutor.java:112)
	at com.kms.katalon.core.main.TestSuiteExecutor.execute(TestSuiteExecutor.java:81)
	at com.kms.katalon.core.main.TestCaseMain.startTestSuite(TestCaseMain.java:149)
	at com.kms.katalon.core.main.TestCaseMain$startTestSuite$0.call(Unknown Source)
	at TempTestSuite1562894499594.run(TempTestSuite1562894499594.groovy:36)
"/>
         <system-out><![CDATA[2019-07-12 09:28:45 - [TEST_CASE][FAILED] - Test Cases/mobileWeb/stm/Everest Prime: Test Cases/mobileWeb/stm/Everest Prime FAILED.
Reason:
com.kms.katalon.core.exception.StepFailedException: Unable to wait for object 'Object Repository/mobileSanity/STM/Page_App Page 1/a_Continue' to be visible (Root cause: org.openqa.selenium.StaleElementReferenceException: stale element reference: element is not attached to the page document
  (Session info: chrome=75.0.3770.100)
  (Driver info: chromedriver=2.43.600210 (68dcf5eebde37173d4027fa8635e332711d2874a),platform=Windows NT 6.1.7601 SP1 x86_64) (WARNING: The server did not provide any stacktrace information)
Command duration or timeout: 0 milliseconds
For documentation on this error, please visit: http://seleniumhq.org/exceptions/stale_element_reference.html
Build info: version: '3.7.1', revision: '8a0099a', time: '2017-11-06T21:07:36.161Z'
System info: host: 'SOFEE', ip: '172.16.86.47', os.name: 'Windows 7', os.arch: 'amd64', os.version: '6.1', java.version: '1.8.0_181'
Driver info: com.kms.katalon.selenium.driver.CChromeDriver
Capabilities {acceptInsecureCerts: false, acceptSslCerts: false, applicationCacheEnabled: false, browserConnectionEnabled: false, browserName: chrome, chrome: {chromedriverVersion: 2.43.600210 (68dcf5eebde371..., userDataDir: C:\Users\sofee.yu\AppData\L...}, cssSelectorsEnabled: true, databaseEnabled: false, goog:chromeOptions: {debuggerAddress: localhost:59333}, handlesAlerts: true, hasTouchScreen: true, javascriptEnabled: true, locationContextEnabled: true, mobileEmulationEnabled: true, nativeEvents: true, networkConnectionEnabled: false, pageLoadStrategy: normal, platform: XP, platformName: XP, rotatable: false, setWindowRect: true, takesHeapSnapshot: true, takesScreenshot: true, unexpectedAlertBehaviour: , unhandledPromptBehavior: , version: 75.0.3770.100, webStorageEnabled: true}
Session ID: d120deb768b2b8fc4d823e3125909396)
	at com.kms.katalon.core.keyword.internal.KeywordMain.stepFailed(KeywordMain.groovy:36)
	at com.kms.katalon.core.webui.keyword.internal.WebUIKeywordMain.stepFailed(WebUIKeywordMain.groovy:65)
	at com.kms.katalon.core.webui.keyword.internal.WebUIKeywordMain.runKeyword(WebUIKeywordMain.groovy:27)
	at com.kms.katalon.core.webui.keyword.builtin.WaitForElementVisibleKeyword.waitForElementVisible(WaitForElementVisibleKeyword.groovy:99)
	at com.kms.katalon.core.webui.keyword.builtin.WaitForElementVisibleKeyword.execute(WaitForElementVisibleKeyword.groovy:68)
	at com.kms.katalon.core.keyword.internal.KeywordExecutor.executeKeywordForPlatform(KeywordExecutor.groovy:53)
	at com.kms.katalon.core.webui.keyword.WebUiBuiltInKeywords.waitForElementVisible(WebUiBuiltInKeywords.groovy:434)
	at com.kms.katalon.core.webui.keyword.WebUiBuiltInKeywords$waitForElementVisible$10.call(Unknown Source)
	at goToEnd_stm_autofill.run(goToEnd_stm_autofill:29)
	at com.kms.katalon.core.main.ScriptEngine.run(ScriptEngine.java:194)
	at com.kms.katalon.core.main.ScriptEngine.runScriptAsRawText(ScriptEngine.java:119)
	at com.kms.katalon.core.main.TestCaseExecutor.runScript(TestCaseExecutor.java:321)
	at com.kms.katalon.core.main.TestCaseExecutor.doExecute(TestCaseExecutor.java:312)
	at com.kms.katalon.core.main.TestCaseExecutor.processExecutionPhase(TestCaseExecutor.java:291)
	at com.kms.katalon.core.main.TestCaseExecutor.accessMainPhase(TestCaseExecutor.java:283)
	at com.kms.katalon.core.main.TestCaseExecutor.execute(TestCaseExecutor.java:222)
	at com.kms.katalon.core.main.TestCaseMain.runTestCase(TestCaseMain.java:106)
	at com.kms.katalon.core.keyword.builtin.CallTestCaseKeyword$_callTestCase_closure1.doCall(CallTestCaseKeyword.groovy:59)
	at com.kms.katalon.core.keyword.builtin.CallTestCaseKeyword$_callTestCase_closure1.call(CallTestCaseKeyword.groovy)
	at com.kms.katalon.core.keyword.internal.KeywordMain.runKeyword(KeywordMain.groovy:54)
	at com.kms.katalon.core.keyword.builtin.CallTestCaseKeyword.callTestCase(CallTestCaseKeyword.groovy:80)
	at com.kms.katalon.core.keyword.builtin.CallTestCaseKeyword.execute(CallTestCaseKeyword.groovy:44)
	at com.kms.katalon.core.keyword.internal.KeywordExecutor.executeKeywordForPlatform(KeywordExecutor.groovy:53)
	at com.kms.katalon.core.keyword.BuiltinKeywords.callTestCase(BuiltinKeywords.groovy:334)
	at Everest Prime.run(Everest Prime:31)
	at com.kms.katalon.core.main.ScriptEngine.run(ScriptEngine.java:194)
	at com.kms.katalon.core.main.ScriptEngine.runScriptAsRawText(ScriptEngine.java:119)
	at com.kms.katalon.core.main.TestCaseExecutor.runScript(TestCaseExecutor.java:321)
	at com.kms.katalon.core.main.TestCaseExecutor.doExecute(TestCaseExecutor.java:312)
	at com.kms.katalon.core.main.TestCaseExecutor.processExecutionPhase(TestCaseExecutor.java:291)
	at com.kms.katalon.core.main.TestCaseExecutor.accessMainPhase(TestCaseExecutor.java:283)
	at com.kms.katalon.core.main.TestCaseExecutor.execute(TestCaseExecutor.java:222)
	at com.kms.katalon.core.main.TestSuiteExecutor.accessTestCaseMainPhase(TestSuiteExecutor.java:129)
	at com.kms.katalon.core.main.TestSuiteExecutor.accessTestSuiteMainPhase(TestSuiteExecutor.java:112)
	at com.kms.katalon.core.main.TestSuiteExecutor.execute(TestSuiteExecutor.java:81)
	at com.kms.katalon.core.main.TestCaseMain.startTestSuite(TestCaseMain.java:149)
	at com.kms.katalon.core.main.TestCaseMain$startTestSuite$0.call(Unknown Source)
	at TempTestSuite1562894499594.run(TempTestSuite1562894499594.groovy:36)


2019-07-12 09:28:46 - [TEST_STEP][PASSED] - callTestCase(findTestCase("mobileWeb/_include/get_screenPath"), ["productLine":"stm", "carrierName":"Everest Prime"], CONTINUE_ON_FAILURE): Call Test Case 'Test Cases/mobileWeb/_include/get_screenPath' successfully

2019-07-12 09:28:46 - [TEST_CASE][PASSED] - Test Cases/mobileWeb/_include/get_screenPath: Test Cases/mobileWeb/_include/get_screenPath

2019-07-12 09:28:46 - [TEST_STEP][PASSED] - m = getExecutionProperties(): null

2019-07-12 09:28:46 - [TEST_STEP][PASSED] - deviceName = get("mobileEmulation").get("deviceName"): null

2019-07-12 09:28:46 - [TEST_STEP][PASSED] - println(deviceName): null

2019-07-12 09:28:46 - [TEST_STEP][PASSED] - now = new java.util.Date(): null

2019-07-12 09:28:46 - [TEST_STEP][PASSED] - mydate = now.format("yyyyMMdd_HHmmss"): null

2019-07-12 09:28:46 - [TEST_STEP][PASSED] - screenPath = "../Screenshots/": null

2019-07-12 09:28:46 - [TEST_STEP][PASSED] - screenPath = screenPath + deviceName + "/" + productLine + "/" + carrierName + "/" + mydate + "/": null

2019-07-12 09:28:46 - [TEST_STEP][PASSED] - println(screenPath): null

2019-07-12 09:28:46 - [MESSAGE][PASSED] - Call Test Case 'Test Cases/mobileWeb/_include/get_screenPath' successfully

2019-07-12 09:28:46 - [TEST_STEP][PASSED] - i = 0: null

2019-07-12 09:28:46 - [TEST_STEP][PASSED] - callTestCase(findTestCase("mobileWeb/_include/openWebSite"), [:], CONTINUE_ON_FAILURE): Call Test Case 'Test Cases/mobileWeb/_include/openWebSite' successfully

2019-07-12 09:28:46 - [TEST_CASE][PASSED] - Test Cases/mobileWeb/_include/openWebSite: Test Cases/mobileWeb/_include/openWebSite

2019-07-12 09:28:46 - [TEST_STEP][PASSED] - openBrowser(ENV): Browser is opened with url: 'https://praetemptatus.agilehealthinsurance.com'

2019-07-12 09:28:46 - [MESSAGE][WARNING] - A browser is already opened. Closing browser and opening a new one

2019-07-12 09:28:47 - [MESSAGE][INFO] - Starting 'Chrome' driver

2019-07-12 09:28:47 - [MESSAGE][INFO] - User set preference: ['mobileEmulation', '{deviceName=iPhone 6}']

2019-07-12 09:28:47 - [MESSAGE][INFO] - User set preference: ['args', '[--incognito, --aggressive-cache-discard, --window-size=375,677, --no-sandbox]']

2019-07-12 09:28:53 - [MESSAGE][PASSED] - Browser is opened with url: 'https://praetemptatus.agilehealthinsurance.com'

2019-07-12 09:28:53 - [TEST_STEP][PASSED] - waitForPageLoad(10): Wait for page load successfully

2019-07-12 09:28:53 - [MESSAGE][PASSED] - Wait for page load successfully

2019-07-12 09:28:53 - [TEST_STEP][PASSED] - callTestCase(findTestCase("mobileWeb/_include/get_screenshot"), [:], STOP_ON_FAILURE): Call Test Case 'Test Cases/mobileWeb/_include/get_screenshot' successfully

2019-07-12 09:28:53 - [TEST_CASE][PASSED] - Test Cases/mobileWeb/_include/get_screenshot: Test Cases/mobileWeb/_include/get_screenshot

2019-07-12 09:28:53 - [TEST_STEP][PASSED] - takeScreenshot(screenPath + i + ".png"): Taking screenshot successfully

2019-07-12 09:28:53 - [MESSAGE][PASSED] - Taking screenshot successfully
[[ATTACHMENT|D:\\Test\\AgileTest\\AgileTest\\Reports\\mobileWeb\\stm\\20190712_092139\\../Screenshots/iPhone 6/stm/Everest Prime/20190712_092846/0.png]]

2019-07-12 09:28:53 - [TEST_STEP][PASSED] - (internal.GlobalVariable.i++): null

2019-07-12 09:28:53 - [MESSAGE][PASSED] - Call Test Case 'Test Cases/mobileWeb/_include/get_screenshot' successfully

2019-07-12 09:28:53 - [MESSAGE][PASSED] - Call Test Case 'Test Cases/mobileWeb/_include/openWebSite' successfully

2019-07-12 09:28:53 - [TEST_STEP][PASSED] - callTestCase(findTestCase("mobileWeb/_include/census_stm"), [:], CONTINUE_ON_FAILURE): Call Test Case 'Test Cases/mobileWeb/_include/census_stm' successfully

2019-07-12 09:28:54 - [TEST_CASE][PASSED] - Test Cases/mobileWeb/_include/census_stm: Test Cases/mobileWeb/_include/census_stm

2019-07-12 09:28:54 - [TEST_STEP][PASSED] - waitForElementClickable(findTestObject("mobileSanity/STM/Home Page/a_Quote  Save Today"), 10): Object 'Object Repository/mobileSanity/STM/Home Page/a_Quote  Save Today' is clickable

2019-07-12 09:28:54 - [MESSAGE][PASSED] - Object 'Object Repository/mobileSanity/STM/Home Page/a_Quote  Save Today' is clickable

2019-07-12 09:28:54 - [TEST_STEP][PASSED] - click(findTestObject("mobileSanity/STM/Home Page/a_Quote  Save Today")): Object: 'Object Repository/mobileSanity/STM/Home Page/a_Quote  Save Today' is clicked on

2019-07-12 09:28:56 - [MESSAGE][PASSED] - Object: 'Object Repository/mobileSanity/STM/Home Page/a_Quote  Save Today' is clicked on

2019-07-12 09:28:56 - [TEST_STEP][PASSED] - waitForPageLoad(10): Wait for page load successfully

2019-07-12 09:28:56 - [MESSAGE][PASSED] - Wait for page load successfully

2019-07-12 09:28:56 - [TEST_STEP][PASSED] - callTestCase(findTestCase("mobileWeb/_include/get_screenshot"), [:], STOP_ON_FAILURE): Call Test Case 'Test Cases/mobileWeb/_include/get_screenshot' successfully

2019-07-12 09:28:56 - [TEST_CASE][PASSED] - Test Cases/mobileWeb/_include/get_screenshot: Test Cases/mobileWeb/_include/get_screenshot

2019-07-12 09:28:56 - [TEST_STEP][PASSED] - takeScreenshot(screenPath + i + ".png"): Taking screenshot successfully

2019-07-12 09:28:58 - [MESSAGE][PASSED] - Taking screenshot successfully
[[ATTACHMENT|D:\\Test\\AgileTest\\AgileTest\\Reports\\mobileWeb\\stm\\20190712_092139\\../Screenshots/iPhone 6/stm/Everest Prime/20190712_092846/1.png]]

2019-07-12 09:28:58 - [TEST_STEP][PASSED] - (internal.GlobalVariable.i++): null

2019-07-12 09:28:58 - [MESSAGE][PASSED] - Call Test Case 'Test Cases/mobileWeb/_include/get_screenshot' successfully

2019-07-12 09:28:58 - [TEST_STEP][PASSED] - setText(findTestObject("mobileSanity/STM/STM Census Page/input_Location_zip-input"), zipcode): Text '35215' is set on object 'Object Repository/mobileSanity/STM/STM Census Page/input_Location_zip-input'

2019-07-12 09:28:58 - [MESSAGE][PASSED] - Text '35215' is set on object 'Object Repository/mobileSanity/STM/STM Census Page/input_Location_zip-input'

2019-07-12 09:28:58 - [TEST_STEP][PASSED] - Thread.sleep(500): null

2019-07-12 09:28:59 - [TEST_STEP][PASSED] - setText(findTestObject("mobileSanity/STM/STM Census Page/input_Date of Birth_dob-0"), "03031987"): Text '03031987' is set on object 'Object Repository/mobileSanity/STM/STM Census Page/input_Date of Birth_dob-0'

2019-07-12 09:28:59 - [MESSAGE][PASSED] - Text '03031987' is set on object 'Object Repository/mobileSanity/STM/STM Census Page/input_Date of Birth_dob-0'

2019-07-12 09:28:59 - [TEST_STEP][PASSED] - click(findTestObject("mobileSanity/STM/STM Census Page/label_Male")): Object: 'Object Repository/mobileSanity/STM/STM Census Page/label_Male' is clicked on

2019-07-12 09:28:59 - [MESSAGE][PASSED] - Object: 'Object Repository/mobileSanity/STM/STM Census Page/label_Male' is clicked on

2019-07-12 09:28:59 - [TEST_STEP][PASSED] - click(findTestObject("mobileSanity/STM/STM Census Page/label_Compare Plans")): Object: 'Object Repository/mobileSanity/STM/STM Census Page/label_Compare Plans' is clicked on

2019-07-12 09:28:59 - [MESSAGE][PASSED] - Object: 'Object Repository/mobileSanity/STM/STM Census Page/label_Compare Plans' is clicked on

2019-07-12 09:28:59 - [TEST_STEP][PASSED] - waitForPageLoad(10): Wait for page load successfully

2019-07-12 09:28:59 - [MESSAGE][PASSED] - Wait for page load successfully

2019-07-12 09:28:59 - [TEST_STEP][PASSED] - Thread.sleep(2000): null

2019-07-12 09:29:01 - [TEST_STEP][PASSED] - callTestCase(findTestCase("mobileWeb/_include/get_screenshot"), [:], STOP_ON_FAILURE): Call Test Case 'Test Cases/mobileWeb/_include/get_screenshot' successfully

2019-07-12 09:29:01 - [TEST_CASE][PASSED] - Test Cases/mobileWeb/_include/get_screenshot: Test Cases/mobileWeb/_include/get_screenshot

2019-07-12 09:29:01 - [TEST_STEP][PASSED] - takeScreenshot(screenPath + i + ".png"): Taking screenshot successfully

2019-07-12 09:29:03 - [MESSAGE][PASSED] - Taking screenshot successfully
[[ATTACHMENT|D:\\Test\\AgileTest\\AgileTest\\Reports\\mobileWeb\\stm\\20190712_092139\\../Screenshots/iPhone 6/stm/Everest Prime/20190712_092846/2.png]]

2019-07-12 09:29:03 - [TEST_STEP][PASSED] - (internal.GlobalVariable.i++): null

2019-07-12 09:29:03 - [MESSAGE][PASSED] - Call Test Case 'Test Cases/mobileWeb/_include/get_screenshot' successfully

2019-07-12 09:29:03 - [MESSAGE][PASSED] - Call Test Case 'Test Cases/mobileWeb/_include/census_stm' successfully

2019-07-12 09:29:03 - [TEST_STEP][PASSED] - callTestCase(findTestCase("mobileWeb/_include/filter_stm"), ["carrier":"everest"], STOP_ON_FAILURE): Call Test Case 'Test Cases/mobileWeb/_include/filter_stm' successfully

2019-07-12 09:29:03 - [TEST_CASE][PASSED] - Test Cases/mobileWeb/_include/filter_stm: Test Cases/mobileWeb/_include/filter_stm

2019-07-12 09:29:03 - [TEST_STEP][PASSED] - driver = getWebDriver(): null

2019-07-12 09:29:03 - [TEST_STEP][PASSED] - selenium = new com.thoughtworks.selenium.webdriven.WebDriverBackedSelenium(driver, internal.GlobalVariable.ENV): null

2019-07-12 09:29:04 - [TEST_STEP][PASSED] - click(findTestObject("mobileSanity/STM/STM Quote Page/button_6 months")): Object: 'Object Repository/mobileSanity/STM/STM Quote Page/button_6 months' is clicked on

2019-07-12 09:29:04 - [MESSAGE][PASSED] - Object: 'Object Repository/mobileSanity/STM/STM Quote Page/button_6 months' is clicked on

2019-07-12 09:29:04 - [TEST_STEP][PASSED] - test.MobileKeywords.clickJS(findTestObject("mobileSanity/STM/STM Quote Page/radio_6 months")): test.MobileKeywords.clickJS is PASSED

2019-07-12 09:29:05 - [MESSAGE][PASSED] - Execute JavaScript 'arguments[0].click()' successfully

2019-07-12 09:29:05 - [MESSAGE][PASSED] - test.MobileKeywords.clickJS is PASSED

2019-07-12 09:29:05 - [TEST_STEP][PASSED] - Thread.sleep(1000): null

2019-07-12 09:29:06 - [TEST_STEP][PASSED] - test.MobileKeywords.clickJS(findTestObject("mobileSanity/STM/STM Quote Page/duration_show_plans")): test.MobileKeywords.clickJS is PASSED

2019-07-12 09:29:06 - [MESSAGE][PASSED] - Execute JavaScript 'arguments[0].click()' successfully

2019-07-12 09:29:06 - [MESSAGE][PASSED] - test.MobileKeywords.clickJS is PASSED

2019-07-12 09:29:06 - [TEST_STEP][PASSED] - waitForJQueryLoad(10, STOP_ON_FAILURE): jQuery is ready.

2019-07-12 09:29:07 - [MESSAGE][PASSED] - jQuery is ready.

2019-07-12 09:29:07 - [TEST_STEP][PASSED] - Thread.sleep(1000): null

2019-07-12 09:29:08 - [TEST_STEP][PASSED] - click(findTestObject("mobileSanity/STM/STM Quote Page/button_filters")): Object: 'Object Repository/mobileSanity/STM/STM Quote Page/button_filters' is clicked on

2019-07-12 09:29:08 - [MESSAGE][PASSED] - Object: 'Object Repository/mobileSanity/STM/STM Quote Page/button_filters' is clicked on

2019-07-12 09:29:08 - [TEST_STEP][PASSED] - Thread.sleep(1000): null

2019-07-12 09:29:09 - [TEST_STEP][PASSED] - click(findTestObject("mobileSanity/STM/STM Quote Page/i_Insurance company")): Object: 'Object Repository/mobileSanity/STM/STM Quote Page/i_Insurance company' is clicked on

2019-07-12 09:29:09 - [MESSAGE][PASSED] - Object: 'Object Repository/mobileSanity/STM/STM Quote Page/i_Insurance company' is clicked on

2019-07-12 09:29:09 - [TEST_STEP][PASSED] - Thread.sleep(1000): null

2019-07-12 09:29:10 - [TEST_STEP][PASSED] - filter_carrier = "//input[@name='filter[carrier]' and @value='" + carrier + "']/following::label": null

2019-07-12 09:29:10 - [TEST_STEP][PASSED] - println(filter_carrier): null

2019-07-12 09:29:10 - [TEST_STEP][PASSED] - test.MobileKeywords.clickJS_ByXpath(filter_carrier): test.MobileKeywords.clickJS_ByXpath is PASSED

2019-07-12 09:29:10 - [MESSAGE][PASSED] - Execute JavaScript 'arguments[0].click()' successfully

2019-07-12 09:29:10 - [MESSAGE][PASSED] - test.MobileKeywords.clickJS_ByXpath is PASSED

2019-07-12 09:29:10 - [TEST_STEP][PASSED] - Thread.sleep(1000): null

2019-07-12 09:29:11 - [TEST_STEP][PASSED] - scrollToElement(findTestObject("mobileSanity/STM/STM Quote Page/a_Show Plans"), 1000): Scroll to object 'Object Repository/mobileSanity/STM/STM Quote Page/a_Show Plans' successfully

2019-07-12 09:29:11 - [MESSAGE][PASSED] - Scroll to object 'Object Repository/mobileSanity/STM/STM Quote Page/a_Show Plans' successfully

2019-07-12 09:29:11 - [TEST_STEP][PASSED] - click(findTestObject("mobileSanity/STM/STM Quote Page/a_Show Plans")): Object: 'Object Repository/mobileSanity/STM/STM Quote Page/a_Show Plans' is clicked on

2019-07-12 09:29:12 - [MESSAGE][PASSED] - Object: 'Object Repository/mobileSanity/STM/STM Quote Page/a_Show Plans' is clicked on

2019-07-12 09:29:12 - [TEST_STEP][PASSED] - waitForJQueryLoad(10, STOP_ON_FAILURE): jQuery is ready.

2019-07-12 09:29:12 - [MESSAGE][PASSED] - jQuery is ready.

2019-07-12 09:29:12 - [TEST_STEP][PASSED] - Thread.sleep(2000): null

2019-07-12 09:29:14 - [TEST_STEP][PASSED] - callTestCase(findTestCase("mobileWeb/_include/get_screenshot"), [:], STOP_ON_FAILURE): Call Test Case 'Test Cases/mobileWeb/_include/get_screenshot' successfully

2019-07-12 09:29:14 - [TEST_CASE][PASSED] - Test Cases/mobileWeb/_include/get_screenshot: Test Cases/mobileWeb/_include/get_screenshot

2019-07-12 09:29:14 - [TEST_STEP][PASSED] - takeScreenshot(screenPath + i + ".png"): Taking screenshot successfully

2019-07-12 09:29:15 - [MESSAGE][PASSED] - Taking screenshot successfully
[[ATTACHMENT|D:\\Test\\AgileTest\\AgileTest\\Reports\\mobileWeb\\stm\\20190712_092139\\../Screenshots/iPhone 6/stm/Everest Prime/20190712_092846/3.png]]

2019-07-12 09:29:15 - [TEST_STEP][PASSED] - (internal.GlobalVariable.i++): null

2019-07-12 09:29:15 - [MESSAGE][PASSED] - Call Test Case 'Test Cases/mobileWeb/_include/get_screenshot' successfully

2019-07-12 09:29:15 - [MESSAGE][PASSED] - Call Test Case 'Test Cases/mobileWeb/_include/filter_stm' successfully

2019-07-12 09:29:15 - [TEST_STEP][PASSED] - callTestCase(findTestCase("mobileWeb/_include/goToDetail_stm"), ["carrier":"everest"], STOP_ON_FAILURE): Call Test Case 'Test Cases/mobileWeb/_include/goToDetail_stm' successfully

2019-07-12 09:29:15 - [TEST_CASE][PASSED] - Test Cases/mobileWeb/_include/goToDetail_stm: Test Cases/mobileWeb/_include/goToDetail_stm

2019-07-12 09:29:15 - [TEST_STEP][PASSED] - driver = getWebDriver(): null

2019-07-12 09:29:15 - [TEST_STEP][PASSED] - selenium = new com.thoughtworks.selenium.webdriven.WebDriverBackedSelenium(driver, internal.GlobalVariable.ENV): null

2019-07-12 09:29:15 - [TEST_STEP][PASSED] - a_plan_name = "xpath=//a[contains(@href,'/term-health-insurance/plan/" + carrier + "')]": null

2019-07-12 09:29:15 - [TEST_STEP][PASSED] - println(a_plan_name): null

2019-07-12 09:29:15 - [TEST_STEP][PASSED] - selenium.click(a_plan_name): null

2019-07-12 09:29:18 - [TEST_STEP][PASSED] - waitForPageLoad(10): Wait for page load successfully

2019-07-12 09:29:18 - [MESSAGE][PASSED] - Wait for page load successfully

2019-07-12 09:29:18 - [TEST_STEP][PASSED] - Thread.sleep(2000): null

2019-07-12 09:29:20 - [TEST_STEP][PASSED] - callTestCase(findTestCase("mobileWeb/_include/get_screenshot"), [:], STOP_ON_FAILURE): Call Test Case 'Test Cases/mobileWeb/_include/get_screenshot' successfully

2019-07-12 09:29:20 - [TEST_CASE][PASSED] - Test Cases/mobileWeb/_include/get_screenshot: Test Cases/mobileWeb/_include/get_screenshot

2019-07-12 09:29:20 - [TEST_STEP][PASSED] - takeScreenshot(screenPath + i + ".png"): Taking screenshot successfully

2019-07-12 09:29:21 - [MESSAGE][PASSED] - Taking screenshot successfully
[[ATTACHMENT|D:\\Test\\AgileTest\\AgileTest\\Reports\\mobileWeb\\stm\\20190712_092139\\../Screenshots/iPhone 6/stm/Everest Prime/20190712_092846/4.png]]

2019-07-12 09:29:21 - [TEST_STEP][PASSED] - (internal.GlobalVariable.i++): null

2019-07-12 09:29:21 - [MESSAGE][PASSED] - Call Test Case 'Test Cases/mobileWeb/_include/get_screenshot' successfully

2019-07-12 09:29:21 - [MESSAGE][PASSED] - Call Test Case 'Test Cases/mobileWeb/_include/goToDetail_stm' successfully

2019-07-12 09:29:21 - [TEST_STEP][PASSED] - callTestCase(findTestCase("mobileWeb/_include/apply_stm"), [:], STOP_ON_FAILURE): Call Test Case 'Test Cases/mobileWeb/_include/apply_stm' successfully

2019-07-12 09:29:21 - [TEST_CASE][PASSED] - Test Cases/mobileWeb/_include/apply_stm: Test Cases/mobileWeb/_include/apply_stm

2019-07-12 09:29:21 - [TEST_STEP][PASSED] - waitForElementVisible(findTestObject("mobileSanity/STM/STM PlanDetail Page/a_Apply for This Plan"), 5): Object 'Object Repository/mobileSanity/STM/STM PlanDetail Page/a_Apply for This Plan' is visible

2019-07-12 09:29:21 - [MESSAGE][PASSED] - Object 'Object Repository/mobileSanity/STM/STM PlanDetail Page/a_Apply for This Plan' is visible

2019-07-12 09:29:21 - [TEST_STEP][PASSED] - click(findTestObject("mobileSanity/STM/STM PlanDetail Page/a_Apply for This Plan")): Object: 'Object Repository/mobileSanity/STM/STM PlanDetail Page/a_Apply for This Plan' is clicked on

2019-07-12 09:29:22 - [MESSAGE][PASSED] - Object: 'Object Repository/mobileSanity/STM/STM PlanDetail Page/a_Apply for This Plan' is clicked on

2019-07-12 09:29:22 - [TEST_STEP][PASSED] - waitForPageLoad(10): Wait for page load successfully

2019-07-12 09:29:23 - [MESSAGE][PASSED] - Wait for page load successfully

2019-07-12 09:29:23 - [TEST_STEP][PASSED] - Thread.sleep(2000): null

2019-07-12 09:29:25 - [TEST_STEP][PASSED] - callTestCase(findTestCase("mobileWeb/_include/get_screenshot"), [:], STOP_ON_FAILURE): Call Test Case 'Test Cases/mobileWeb/_include/get_screenshot' successfully

2019-07-12 09:29:25 - [TEST_CASE][PASSED] - Test Cases/mobileWeb/_include/get_screenshot: Test Cases/mobileWeb/_include/get_screenshot

2019-07-12 09:29:25 - [TEST_STEP][PASSED] - takeScreenshot(screenPath + i + ".png"): Taking screenshot successfully

2019-07-12 09:29:26 - [MESSAGE][PASSED] - Taking screenshot successfully
[[ATTACHMENT|D:\\Test\\AgileTest\\AgileTest\\Reports\\mobileWeb\\stm\\20190712_092139\\../Screenshots/iPhone 6/stm/Everest Prime/20190712_092846/5.png]]

2019-07-12 09:29:26 - [TEST_STEP][PASSED] - (internal.GlobalVariable.i++): null

2019-07-12 09:29:26 - [MESSAGE][PASSED] - Call Test Case 'Test Cases/mobileWeb/_include/get_screenshot' successfully

2019-07-12 09:29:26 - [TEST_STEP][PASSED] - waitForElementVisible(findTestObject("mobileSanity/STM/STM Apply Page/a_Start Secure Application"), 5): Object 'Object Repository/mobileSanity/STM/STM Apply Page/a_Start Secure Application' is visible

2019-07-12 09:29:26 - [MESSAGE][PASSED] - Object 'Object Repository/mobileSanity/STM/STM Apply Page/a_Start Secure Application' is visible

2019-07-12 09:29:26 - [TEST_STEP][PASSED] - click(findTestObject("mobileSanity/STM/STM Apply Page/a_Start Secure Application")): Object: 'Object Repository/mobileSanity/STM/STM Apply Page/a_Start Secure Application' is clicked on

2019-07-12 09:29:28 - [MESSAGE][PASSED] - Object: 'Object Repository/mobileSanity/STM/STM Apply Page/a_Start Secure Application' is clicked on

2019-07-12 09:29:28 - [TEST_STEP][PASSED] - waitForPageLoad(10): Wait for page load successfully

2019-07-12 09:29:29 - [MESSAGE][PASSED] - Wait for page load successfully

2019-07-12 09:29:29 - [TEST_STEP][PASSED] - Thread.sleep(2000): null

2019-07-12 09:29:31 - [TEST_STEP][PASSED] - callTestCase(findTestCase("mobileWeb/_include/get_screenshot"), [:], STOP_ON_FAILURE): Call Test Case 'Test Cases/mobileWeb/_include/get_screenshot' successfully

2019-07-12 09:29:31 - [TEST_CASE][PASSED] - Test Cases/mobileWeb/_include/get_screenshot: Test Cases/mobileWeb/_include/get_screenshot

2019-07-12 09:29:31 - [TEST_STEP][PASSED] - takeScreenshot(screenPath + i + ".png"): Taking screenshot successfully

2019-07-12 09:29:32 - [MESSAGE][PASSED] - Taking screenshot successfully
[[ATTACHMENT|D:\\Test\\AgileTest\\AgileTest\\Reports\\mobileWeb\\stm\\20190712_092139\\../Screenshots/iPhone 6/stm/Everest Prime/20190712_092846/6.png]]

2019-07-12 09:29:32 - [TEST_STEP][PASSED] - (internal.GlobalVariable.i++): null

2019-07-12 09:29:32 - [MESSAGE][PASSED] - Call Test Case 'Test Cases/mobileWeb/_include/get_screenshot' successfully

2019-07-12 09:29:32 - [MESSAGE][PASSED] - Call Test Case 'Test Cases/mobileWeb/_include/apply_stm' successfully

2019-07-12 09:29:32 - [TEST_STEP][FAILED] - callTestCase(findTestCase("mobileWeb/_include/goToEnd_stm_autofill"), [:], STOP_ON_FAILURE): callTestCase(findTestCase("mobileWeb/_include/goToEnd_stm_autofill"), [:], STOP_ON_FAILURE) FAILED.
Reason:
com.kms.katalon.core.exception.StepFailedException: Unable to wait for object 'Object Repository/mobileSanity/STM/Page_App Page 1/a_Continue' to be visible (Root cause: org.openqa.selenium.StaleElementReferenceException: stale element reference: element is not attached to the page document
  (Session info: chrome=75.0.3770.100)
  (Driver info: chromedriver=2.43.600210 (68dcf5eebde37173d4027fa8635e332711d2874a),platform=Windows NT 6.1.7601 SP1 x86_64) (WARNING: The server did not provide any stacktrace information)
Command duration or timeout: 0 milliseconds
For documentation on this error, please visit: http://seleniumhq.org/exceptions/stale_element_reference.html
Build info: version: '3.7.1', revision: '8a0099a', time: '2017-11-06T21:07:36.161Z'
System info: host: 'SOFEE', ip: '172.16.86.47', os.name: 'Windows 7', os.arch: 'amd64', os.version: '6.1', java.version: '1.8.0_181'
Driver info: com.kms.katalon.selenium.driver.CChromeDriver
Capabilities {acceptInsecureCerts: false, acceptSslCerts: false, applicationCacheEnabled: false, browserConnectionEnabled: false, browserName: chrome, chrome: {chromedriverVersion: 2.43.600210 (68dcf5eebde371..., userDataDir: C:\Users\sofee.yu\AppData\L...}, cssSelectorsEnabled: true, databaseEnabled: false, goog:chromeOptions: {debuggerAddress: localhost:59333}, handlesAlerts: true, hasTouchScreen: true, javascriptEnabled: true, locationContextEnabled: true, mobileEmulationEnabled: true, nativeEvents: true, networkConnectionEnabled: false, pageLoadStrategy: normal, platform: XP, platformName: XP, rotatable: false, setWindowRect: true, takesHeapSnapshot: true, takesScreenshot: true, unexpectedAlertBehaviour: , unhandledPromptBehavior: , version: 75.0.3770.100, webStorageEnabled: true}
Session ID: d120deb768b2b8fc4d823e3125909396)
	at com.kms.katalon.core.keyword.internal.KeywordMain.stepFailed(KeywordMain.groovy:36)
	at com.kms.katalon.core.webui.keyword.internal.WebUIKeywordMain.stepFailed(WebUIKeywordMain.groovy:65)
	at com.kms.katalon.core.webui.keyword.internal.WebUIKeywordMain.runKeyword(WebUIKeywordMain.groovy:27)
	at com.kms.katalon.core.webui.keyword.builtin.WaitForElementVisibleKeyword.waitForElementVisible(WaitForElementVisibleKeyword.groovy:99)
	at com.kms.katalon.core.webui.keyword.builtin.WaitForElementVisibleKeyword.execute(WaitForElementVisibleKeyword.groovy:68)
	at com.kms.katalon.core.keyword.internal.KeywordExecutor.executeKeywordForPlatform(KeywordExecutor.groovy:53)
	at com.kms.katalon.core.webui.keyword.WebUiBuiltInKeywords.waitForElementVisible(WebUiBuiltInKeywords.groovy:434)
	at com.kms.katalon.core.webui.keyword.WebUiBuiltInKeywords$waitForElementVisible$10.call(Unknown Source)
	at goToEnd_stm_autofill.run(goToEnd_stm_autofill:29)
	at com.kms.katalon.core.main.ScriptEngine.run(ScriptEngine.java:194)
	at com.kms.katalon.core.main.ScriptEngine.runScriptAsRawText(ScriptEngine.java:119)
	at com.kms.katalon.core.main.TestCaseExecutor.runScript(TestCaseExecutor.java:321)
	at com.kms.katalon.core.main.TestCaseExecutor.doExecute(TestCaseExecutor.java:312)
	at com.kms.katalon.core.main.TestCaseExecutor.processExecutionPhase(TestCaseExecutor.java:291)
	at com.kms.katalon.core.main.TestCaseExecutor.accessMainPhase(TestCaseExecutor.java:283)
	at com.kms.katalon.core.main.TestCaseExecutor.execute(TestCaseExecutor.java:222)
	at com.kms.katalon.core.main.TestCaseMain.runTestCase(TestCaseMain.java:106)
	at com.kms.katalon.core.keyword.builtin.CallTestCaseKeyword$_callTestCase_closure1.doCall(CallTestCaseKeyword.groovy:59)
	at com.kms.katalon.core.keyword.builtin.CallTestCaseKeyword$_callTestCase_closure1.call(CallTestCaseKeyword.groovy)
	at com.kms.katalon.core.keyword.internal.KeywordMain.runKeyword(KeywordMain.groovy:54)
	at com.kms.katalon.core.keyword.builtin.CallTestCaseKeyword.callTestCase(CallTestCaseKeyword.groovy:80)
	at com.kms.katalon.core.keyword.builtin.CallTestCaseKeyword.execute(CallTestCaseKeyword.groovy:44)
	at com.kms.katalon.core.keyword.internal.KeywordExecutor.executeKeywordForPlatform(KeywordExecutor.groovy:53)
	at com.kms.katalon.core.keyword.BuiltinKeywords.callTestCase(BuiltinKeywords.groovy:334)
	at Everest Prime.run(Everest Prime:31)
	at com.kms.katalon.core.main.ScriptEngine.run(ScriptEngine.java:194)
	at com.kms.katalon.core.main.ScriptEngine.runScriptAsRawText(ScriptEngine.java:119)
	at com.kms.katalon.core.main.TestCaseExecutor.runScript(TestCaseExecutor.java:321)
	at com.kms.katalon.core.main.TestCaseExecutor.doExecute(TestCaseExecutor.java:312)
	at com.kms.katalon.core.main.TestCaseExecutor.processExecutionPhase(TestCaseExecutor.java:291)
	at com.kms.katalon.core.main.TestCaseExecutor.accessMainPhase(TestCaseExecutor.java:283)
	at com.kms.katalon.core.main.TestCaseExecutor.execute(TestCaseExecutor.java:222)
	at com.kms.katalon.core.main.TestSuiteExecutor.accessTestCaseMainPhase(TestSuiteExecutor.java:129)
	at com.kms.katalon.core.main.TestSuiteExecutor.accessTestSuiteMainPhase(TestSuiteExecutor.java:112)
	at com.kms.katalon.core.main.TestSuiteExecutor.execute(TestSuiteExecutor.java:81)
	at com.kms.katalon.core.main.TestCaseMain.startTestSuite(TestCaseMain.java:149)
	at com.kms.katalon.core.main.TestCaseMain$startTestSuite$0.call(Unknown Source)
	at TempTestSuite1562894499594.run(TempTestSuite1562894499594.groovy:36)


2019-07-12 09:29:32 - [TEST_CASE][FAILED] - Test Cases/mobileWeb/_include/goToEnd_stm_autofill: Test Cases/mobileWeb/_include/goToEnd_stm_autofill FAILED.
Reason:
com.kms.katalon.core.exception.StepFailedException: Unable to wait for object 'Object Repository/mobileSanity/STM/Page_App Page 1/a_Continue' to be visible (Root cause: org.openqa.selenium.StaleElementReferenceException: stale element reference: element is not attached to the page document
  (Session info: chrome=75.0.3770.100)
  (Driver info: chromedriver=2.43.600210 (68dcf5eebde37173d4027fa8635e332711d2874a),platform=Windows NT 6.1.7601 SP1 x86_64) (WARNING: The server did not provide any stacktrace information)
Command duration or timeout: 0 milliseconds
For documentation on this error, please visit: http://seleniumhq.org/exceptions/stale_element_reference.html
Build info: version: '3.7.1', revision: '8a0099a', time: '2017-11-06T21:07:36.161Z'
System info: host: 'SOFEE', ip: '172.16.86.47', os.name: 'Windows 7', os.arch: 'amd64', os.version: '6.1', java.version: '1.8.0_181'
Driver info: com.kms.katalon.selenium.driver.CChromeDriver
Capabilities {acceptInsecureCerts: false, acceptSslCerts: false, applicationCacheEnabled: false, browserConnectionEnabled: false, browserName: chrome, chrome: {chromedriverVersion: 2.43.600210 (68dcf5eebde371..., userDataDir: C:\Users\sofee.yu\AppData\L...}, cssSelectorsEnabled: true, databaseEnabled: false, goog:chromeOptions: {debuggerAddress: localhost:59333}, handlesAlerts: true, hasTouchScreen: true, javascriptEnabled: true, locationContextEnabled: true, mobileEmulationEnabled: true, nativeEvents: true, networkConnectionEnabled: false, pageLoadStrategy: normal, platform: XP, platformName: XP, rotatable: false, setWindowRect: true, takesHeapSnapshot: true, takesScreenshot: true, unexpectedAlertBehaviour: , unhandledPromptBehavior: , version: 75.0.3770.100, webStorageEnabled: true}
Session ID: d120deb768b2b8fc4d823e3125909396)
	at com.kms.katalon.core.keyword.internal.KeywordMain.stepFailed(KeywordMain.groovy:36)
	at com.kms.katalon.core.webui.keyword.internal.WebUIKeywordMain.stepFailed(WebUIKeywordMain.groovy:65)
	at com.kms.katalon.core.webui.keyword.internal.WebUIKeywordMain.runKeyword(WebUIKeywordMain.groovy:27)
	at com.kms.katalon.core.webui.keyword.builtin.WaitForElementVisibleKeyword.waitForElementVisible(WaitForElementVisibleKeyword.groovy:99)
	at com.kms.katalon.core.webui.keyword.builtin.WaitForElementVisibleKeyword.execute(WaitForElementVisibleKeyword.groovy:68)
	at com.kms.katalon.core.keyword.internal.KeywordExecutor.executeKeywordForPlatform(KeywordExecutor.groovy:53)
	at com.kms.katalon.core.webui.keyword.WebUiBuiltInKeywords.waitForElementVisible(WebUiBuiltInKeywords.groovy:434)
	at com.kms.katalon.core.webui.keyword.WebUiBuiltInKeywords$waitForElementVisible$10.call(Unknown Source)
	at goToEnd_stm_autofill.run(goToEnd_stm_autofill:29)
	at com.kms.katalon.core.main.ScriptEngine.run(ScriptEngine.java:194)
	at com.kms.katalon.core.main.ScriptEngine.runScriptAsRawText(ScriptEngine.java:119)
	at com.kms.katalon.core.main.TestCaseExecutor.runScript(TestCaseExecutor.java:321)
	at com.kms.katalon.core.main.TestCaseExecutor.doExecute(TestCaseExecutor.java:312)
	at com.kms.katalon.core.main.TestCaseExecutor.processExecutionPhase(TestCaseExecutor.java:291)
	at com.kms.katalon.core.main.TestCaseExecutor.accessMainPhase(TestCaseExecutor.java:283)
	at com.kms.katalon.core.main.TestCaseExecutor.execute(TestCaseExecutor.java:222)
	at com.kms.katalon.core.main.TestCaseMain.runTestCase(TestCaseMain.java:106)
	at com.kms.katalon.core.keyword.builtin.CallTestCaseKeyword$_callTestCase_closure1.doCall(CallTestCaseKeyword.groovy:59)
	at com.kms.katalon.core.keyword.builtin.CallTestCaseKeyword$_callTestCase_closure1.call(CallTestCaseKeyword.groovy)
	at com.kms.katalon.core.keyword.internal.KeywordMain.runKeyword(KeywordMain.groovy:54)
	at com.kms.katalon.core.keyword.builtin.CallTestCaseKeyword.callTestCase(CallTestCaseKeyword.groovy:80)
	at com.kms.katalon.core.keyword.builtin.CallTestCaseKeyword.execute(CallTestCaseKeyword.groovy:44)
	at com.kms.katalon.core.keyword.internal.KeywordExecutor.executeKeywordForPlatform(KeywordExecutor.groovy:53)
	at com.kms.katalon.core.keyword.BuiltinKeywords.callTestCase(BuiltinKeywords.groovy:334)
	at Everest Prime.run(Everest Prime:31)
	at com.kms.katalon.core.main.ScriptEngine.run(ScriptEngine.java:194)
	at com.kms.katalon.core.main.ScriptEngine.runScriptAsRawText(ScriptEngine.java:119)
	at com.kms.katalon.core.main.TestCaseExecutor.runScript(TestCaseExecutor.java:321)
	at com.kms.katalon.core.main.TestCaseExecutor.doExecute(TestCaseExecutor.java:312)
	at com.kms.katalon.core.main.TestCaseExecutor.processExecutionPhase(TestCaseExecutor.java:291)
	at com.kms.katalon.core.main.TestCaseExecutor.accessMainPhase(TestCaseExecutor.java:283)
	at com.kms.katalon.core.main.TestCaseExecutor.execute(TestCaseExecutor.java:222)
	at com.kms.katalon.core.main.TestSuiteExecutor.accessTestCaseMainPhase(TestSuiteExecutor.java:129)
	at com.kms.katalon.core.main.TestSuiteExecutor.accessTestSuiteMainPhase(TestSuiteExecutor.java:112)
	at com.kms.katalon.core.main.TestSuiteExecutor.execute(TestSuiteExecutor.java:81)
	at com.kms.katalon.core.main.TestCaseMain.startTestSuite(TestCaseMain.java:149)
	at com.kms.katalon.core.main.TestCaseMain$startTestSuite$0.call(Unknown Source)
	at TempTestSuite1562894499594.run(TempTestSuite1562894499594.groovy:36)


2019-07-12 09:29:32 - [TEST_STEP][PASSED] - callTestCase(findTestCase("mobileWeb/_include/name"), [:], CONTINUE_ON_FAILURE): Call Test Case 'Test Cases/mobileWeb/_include/name' successfully

2019-07-12 09:29:32 - [TEST_CASE][PASSED] - Test Cases/mobileWeb/_include/name: Test Cases/mobileWeb/_include/name

2019-07-12 09:29:32 - [TEST_STEP][PASSED] - driver = getWebDriver(): null

2019-07-12 09:29:32 - [TEST_STEP][PASSED] - selenium = new com.thoughtworks.selenium.webdriven.WebDriverBackedSelenium(driver, internal.GlobalVariable.ENV): null

2019-07-12 09:29:32 - [TEST_STEP][PASSED] - FirstName = "Test-123": null

2019-07-12 09:29:32 - [TEST_STEP][PASSED] - LastName = selenium.getEval("{var x="ABCDEFGHIJKLMNOPQRSTUVWXYZabcdefghijklmnopqrstuvwxyz"; var tmp="ZZ11-"; for (i=0;i<8;i++) tmp+=x.charAt(Math.ceil(51*Math.random()));tmp;}"): null

2019-07-12 09:29:32 - [TEST_STEP][PASSED] - Address = selenium.getEval("{var x="ABCDEFGHIJKLMNOPQRSTUVWXYZabcdefghijklmnopqrstuvwxyz"; var tmp=""; for (i=0;i<8;i++) tmp+=x.charAt(Math.ceil(51*Math.random()));tmp;}"): null

2019-07-12 09:29:32 - [TEST_STEP][PASSED] - City = selenium.getEval("{var x="ABCDEFGHIJKLMNOPQRSTUVWXYZabcdefghijklmnopqrstuvwxyz"; var tmp=""; for (i=0;i<8;i++) tmp+=x.charAt(Math.ceil(51*Math.random()));tmp;}"): null

2019-07-12 09:29:32 - [TEST_STEP][PASSED] - tel1 = selenium.getEval("{var x="123456789"; var tmp=""; for (i=0;i<3;i++) tmp+=x.charAt(Math.ceil(8*Math.random()));tmp;}"): null

2019-07-12 09:29:32 - [TEST_STEP][PASSED] - tel2 = selenium.getEval("{var x="123456789"; var tmp=""; for (i=0;i<3;i++) tmp+=x.charAt(Math.ceil(8*Math.random()));tmp;}"): null

2019-07-12 09:29:32 - [TEST_STEP][PASSED] - tel3 = selenium.getEval("{var x="123456789"; var tmp=""; for (i=0;i<4;i++) tmp+=x.charAt(Math.ceil(8*Math.random()));tmp;}"): null

2019-07-12 09:29:32 - [TEST_STEP][PASSED] - Tel = selenium.getExpression(tel1 + "-" + tel2 + "-" + tel3): null

2019-07-12 09:29:32 - [TEST_STEP][PASSED] - AutoEmail = selenium.getEval("{var x="ABCDEFGHIJKLMNOPQRSTUVWXYZabcdefghijklmnopqrstuvwxyz"; var tmp="test."; for (i=0;i<8;i++) tmp+=x.charAt(Math.ceil(51*Math.random()));tmp+="@suryani.cn";}"): null

2019-07-12 09:29:32 - [TEST_STEP][PASSED] - FirstName = FirstName: null

2019-07-12 09:29:32 - [TEST_STEP][PASSED] - LastName = LastName: null

2019-07-12 09:29:32 - [TEST_STEP][PASSED] - Address = Address: null

2019-07-12 09:29:32 - [TEST_STEP][PASSED] - City = City: null

2019-07-12 09:29:32 - [TEST_STEP][PASSED] - Tel = Tel: null

2019-07-12 09:29:32 - [TEST_STEP][PASSED] - AutoEmail = AutoEmail: null

2019-07-12 09:29:32 - [TEST_STEP][PASSED] - println(FirstName): null

2019-07-12 09:29:32 - [TEST_STEP][PASSED] - println(LastName): null

2019-07-12 09:29:32 - [TEST_STEP][PASSED] - println(Address): null

2019-07-12 09:29:32 - [TEST_STEP][PASSED] - println(City): null

2019-07-12 09:29:32 - [TEST_STEP][PASSED] - println(Tel): null

2019-07-12 09:29:32 - [TEST_STEP][PASSED] - println(AutoEmail): null

2019-07-12 09:29:32 - [MESSAGE][PASSED] - Call Test Case 'Test Cases/mobileWeb/_include/name' successfully

2019-07-12 09:29:32 - [TEST_STEP][PASSED] - waitForPageLoad(0): Wait for page load successfully

2019-07-12 09:29:32 - [MESSAGE][WARNING] - Timeout '0' is invalid. Using default page load timeout: '20'

2019-07-12 09:29:32 - [MESSAGE][PASSED] - Wait for page load successfully

2019-07-12 09:29:32 - [TEST_STEP][PASSED] - Thread.sleep(1000): null

2019-07-12 09:29:33 - [TEST_STEP][PASSED] - waitForElementVisible(findTestObject("mobileSanity/STM/Page_App Page 1/a_Autofill App Info"), 0): Object 'Object Repository/mobileSanity/STM/Page_App Page 1/a_Autofill App Info' is visible

2019-07-12 09:29:33 - [MESSAGE][WARNING] - Timeout '0' is invalid. Using default page load timeout: '20'

2019-07-12 09:29:33 - [MESSAGE][PASSED] - Object 'Object Repository/mobileSanity/STM/Page_App Page 1/a_Autofill App Info' is visible

2019-07-12 09:29:33 - [TEST_STEP][PASSED] - click(findTestObject("mobileSanity/STM/Page_App Page 1/a_Autofill App Info")): Object: 'Object Repository/mobileSanity/STM/Page_App Page 1/a_Autofill App Info' is clicked on

2019-07-12 09:29:34 - [MESSAGE][PASSED] - Object: 'Object Repository/mobileSanity/STM/Page_App Page 1/a_Autofill App Info' is clicked on

2019-07-12 09:29:34 - [TEST_STEP][PASSED] - Thread.sleep(1000): null

2019-07-12 09:29:35 - [TEST_STEP][FAILED] - waitForElementVisible(findTestObject("mobileSanity/STM/Page_App Page 1/a_Continue"), 0): waitForElementVisible(findTestObject("mobileSanity/STM/Page_App Page 1/a_Continue"), 0) FAILED.
Reason:
com.kms.katalon.core.exception.StepFailedException: Unable to wait for object 'Object Repository/mobileSanity/STM/Page_App Page 1/a_Continue' to be visible (Root cause: org.openqa.selenium.StaleElementReferenceException: stale element reference: element is not attached to the page document
  (Session info: chrome=75.0.3770.100)
  (Driver info: chromedriver=2.43.600210 (68dcf5eebde37173d4027fa8635e332711d2874a),platform=Windows NT 6.1.7601 SP1 x86_64) (WARNING: The server did not provide any stacktrace information)
Command duration or timeout: 0 milliseconds
For documentation on this error, please visit: http://seleniumhq.org/exceptions/stale_element_reference.html
Build info: version: '3.7.1', revision: '8a0099a', time: '2017-11-06T21:07:36.161Z'
System info: host: 'SOFEE', ip: '172.16.86.47', os.name: 'Windows 7', os.arch: 'amd64', os.version: '6.1', java.version: '1.8.0_181'
Driver info: com.kms.katalon.selenium.driver.CChromeDriver
Capabilities {acceptInsecureCerts: false, acceptSslCerts: false, applicationCacheEnabled: false, browserConnectionEnabled: false, browserName: chrome, chrome: {chromedriverVersion: 2.43.600210 (68dcf5eebde371..., userDataDir: C:\Users\sofee.yu\AppData\L...}, cssSelectorsEnabled: true, databaseEnabled: false, goog:chromeOptions: {debuggerAddress: localhost:59333}, handlesAlerts: true, hasTouchScreen: true, javascriptEnabled: true, locationContextEnabled: true, mobileEmulationEnabled: true, nativeEvents: true, networkConnectionEnabled: false, pageLoadStrategy: normal, platform: XP, platformName: XP, rotatable: false, setWindowRect: true, takesHeapSnapshot: true, takesScreenshot: true, unexpectedAlertBehaviour: , unhandledPromptBehavior: , version: 75.0.3770.100, webStorageEnabled: true}
Session ID: d120deb768b2b8fc4d823e3125909396)
	at com.kms.katalon.core.keyword.internal.KeywordMain.stepFailed(KeywordMain.groovy:36)
	at com.kms.katalon.core.webui.keyword.internal.WebUIKeywordMain.stepFailed(WebUIKeywordMain.groovy:65)
	at com.kms.katalon.core.webui.keyword.internal.WebUIKeywordMain.runKeyword(WebUIKeywordMain.groovy:27)
	at com.kms.katalon.core.webui.keyword.builtin.WaitForElementVisibleKeyword.waitForElementVisible(WaitForElementVisibleKeyword.groovy:99)
	at com.kms.katalon.core.webui.keyword.builtin.WaitForElementVisibleKeyword.execute(WaitForElementVisibleKeyword.groovy:68)
	at com.kms.katalon.core.keyword.internal.KeywordExecutor.executeKeywordForPlatform(KeywordExecutor.groovy:53)
	at com.kms.katalon.core.webui.keyword.WebUiBuiltInKeywords.waitForElementVisible(WebUiBuiltInKeywords.groovy:434)
	at com.kms.katalon.core.webui.keyword.WebUiBuiltInKeywords$waitForElementVisible$10.call(Unknown Source)
	at goToEnd_stm_autofill.run(goToEnd_stm_autofill:29)
	at com.kms.katalon.core.main.ScriptEngine.run(ScriptEngine.java:194)
	at com.kms.katalon.core.main.ScriptEngine.runScriptAsRawText(ScriptEngine.java:119)
	at com.kms.katalon.core.main.TestCaseExecutor.runScript(TestCaseExecutor.java:321)
	at com.kms.katalon.core.main.TestCaseExecutor.doExecute(TestCaseExecutor.java:312)
	at com.kms.katalon.core.main.TestCaseExecutor.processExecutionPhase(TestCaseExecutor.java:291)
	at com.kms.katalon.core.main.TestCaseExecutor.accessMainPhase(TestCaseExecutor.java:283)
	at com.kms.katalon.core.main.TestCaseExecutor.execute(TestCaseExecutor.java:222)
	at com.kms.katalon.core.main.TestCaseMain.runTestCase(TestCaseMain.java:106)
	at com.kms.katalon.core.keyword.builtin.CallTestCaseKeyword$_callTestCase_closure1.doCall(CallTestCaseKeyword.groovy:59)
	at com.kms.katalon.core.keyword.builtin.CallTestCaseKeyword$_callTestCase_closure1.call(CallTestCaseKeyword.groovy)
	at com.kms.katalon.core.keyword.internal.KeywordMain.runKeyword(KeywordMain.groovy:54)
	at com.kms.katalon.core.keyword.builtin.CallTestCaseKeyword.callTestCase(CallTestCaseKeyword.groovy:80)
	at com.kms.katalon.core.keyword.builtin.CallTestCaseKeyword.execute(CallTestCaseKeyword.groovy:44)
	at com.kms.katalon.core.keyword.internal.KeywordExecutor.executeKeywordForPlatform(KeywordExecutor.groovy:53)
	at com.kms.katalon.core.keyword.BuiltinKeywords.callTestCase(BuiltinKeywords.groovy:334)
	at Everest Prime.run(Everest Prime:31)
	at com.kms.katalon.core.main.ScriptEngine.run(ScriptEngine.java:194)
	at com.kms.katalon.core.main.ScriptEngine.runScriptAsRawText(ScriptEngine.java:119)
	at com.kms.katalon.core.main.TestCaseExecutor.runScript(TestCaseExecutor.java:321)
	at com.kms.katalon.core.main.TestCaseExecutor.doExecute(TestCaseExecutor.java:312)
	at com.kms.katalon.core.main.TestCaseExecutor.processExecutionPhase(TestCaseExecutor.java:291)
	at com.kms.katalon.core.main.TestCaseExecutor.accessMainPhase(TestCaseExecutor.java:283)
	at com.kms.katalon.core.main.TestCaseExecutor.execute(TestCaseExecutor.java:222)
	at com.kms.katalon.core.main.TestSuiteExecutor.accessTestCaseMainPhase(TestSuiteExecutor.java:129)
	at com.kms.katalon.core.main.TestSuiteExecutor.accessTestSuiteMainPhase(TestSuiteExecutor.java:112)
	at com.kms.katalon.core.main.TestSuiteExecutor.execute(TestSuiteExecutor.java:81)
	at com.kms.katalon.core.main.TestCaseMain.startTestSuite(TestCaseMain.java:149)
	at com.kms.katalon.core.main.TestCaseMain$startTestSuite$0.call(Unknown Source)
	at TempTestSuite1562894499594.run(TempTestSuite1562894499594.groovy:36)


2019-07-12 09:29:35 - [MESSAGE][WARNING] - Timeout '0' is invalid. Using default page load timeout: '20'

2019-07-12 09:29:35 - [MESSAGE][FAILED] - Unable to wait for object 'Object Repository/mobileSanity/STM/Page_App Page 1/a_Continue' to be visible (Root cause: org.openqa.selenium.StaleElementReferenceException: stale element reference: element is not attached to the page document
  (Session info: chrome=75.0.3770.100)
  (Driver info: chromedriver=2.43.600210 (68dcf5eebde37173d4027fa8635e332711d2874a),platform=Windows NT 6.1.7601 SP1 x86_64) (WARNING: The server did not provide any stacktrace information)
Command duration or timeout: 0 milliseconds
For documentation on this error, please visit: http://seleniumhq.org/exceptions/stale_element_reference.html
Build info: version: '3.7.1', revision: '8a0099a', time: '2017-11-06T21:07:36.161Z'
System info: host: 'SOFEE', ip: '172.16.86.47', os.name: 'Windows 7', os.arch: 'amd64', os.version: '6.1', java.version: '1.8.0_181'
Driver info: com.kms.katalon.selenium.driver.CChromeDriver
Capabilities {acceptInsecureCerts: false, acceptSslCerts: false, applicationCacheEnabled: false, browserConnectionEnabled: false, browserName: chrome, chrome: {chromedriverVersion: 2.43.600210 (68dcf5eebde371..., userDataDir: C:\Users\sofee.yu\AppData\L...}, cssSelectorsEnabled: true, databaseEnabled: false, goog:chromeOptions: {debuggerAddress: localhost:59333}, handlesAlerts: true, hasTouchScreen: true, javascriptEnabled: true, locationContextEnabled: true, mobileEmulationEnabled: true, nativeEvents: true, networkConnectionEnabled: false, pageLoadStrategy: normal, platform: XP, platformName: XP, rotatable: false, setWindowRect: true, takesHeapSnapshot: true, takesScreenshot: true, unexpectedAlertBehaviour: , unhandledPromptBehavior: , version: 75.0.3770.100, webStorageEnabled: true}
Session ID: d120deb768b2b8fc4d823e3125909396)
[[ATTACHMENT|D:\\Test\\AgileTest\\AgileTest\\Reports\\mobileWeb\\stm\\20190712_092139\\1562894975200.png]]

2019-07-12 09:29:35 - [MESSAGE][FAILED] - waitForElementVisible(findTestObject("mobileSanity/STM/Page_App Page 1/a_Continue"), 0) FAILED.
Reason:
com.kms.katalon.core.exception.StepFailedException: Unable to wait for object 'Object Repository/mobileSanity/STM/Page_App Page 1/a_Continue' to be visible (Root cause: org.openqa.selenium.StaleElementReferenceException: stale element reference: element is not attached to the page document
  (Session info: chrome=75.0.3770.100)
  (Driver info: chromedriver=2.43.600210 (68dcf5eebde37173d4027fa8635e332711d2874a),platform=Windows NT 6.1.7601 SP1 x86_64) (WARNING: The server did not provide any stacktrace information)
Command duration or timeout: 0 milliseconds
For documentation on this error, please visit: http://seleniumhq.org/exceptions/stale_element_reference.html
Build info: version: '3.7.1', revision: '8a0099a', time: '2017-11-06T21:07:36.161Z'
System info: host: 'SOFEE', ip: '172.16.86.47', os.name: 'Windows 7', os.arch: 'amd64', os.version: '6.1', java.version: '1.8.0_181'
Driver info: com.kms.katalon.selenium.driver.CChromeDriver
Capabilities {acceptInsecureCerts: false, acceptSslCerts: false, applicationCacheEnabled: false, browserConnectionEnabled: false, browserName: chrome, chrome: {chromedriverVersion: 2.43.600210 (68dcf5eebde371..., userDataDir: C:\Users\sofee.yu\AppData\L...}, cssSelectorsEnabled: true, databaseEnabled: false, goog:chromeOptions: {debuggerAddress: localhost:59333}, handlesAlerts: true, hasTouchScreen: true, javascriptEnabled: true, locationContextEnabled: true, mobileEmulationEnabled: true, nativeEvents: true, networkConnectionEnabled: false, pageLoadStrategy: normal, platform: XP, platformName: XP, rotatable: false, setWindowRect: true, takesHeapSnapshot: true, takesScreenshot: true, unexpectedAlertBehaviour: , unhandledPromptBehavior: , version: 75.0.3770.100, webStorageEnabled: true}
Session ID: d120deb768b2b8fc4d823e3125909396)
	at com.kms.katalon.core.keyword.internal.KeywordMain.stepFailed(KeywordMain.groovy:36)
	at com.kms.katalon.core.webui.keyword.internal.WebUIKeywordMain.stepFailed(WebUIKeywordMain.groovy:65)
	at com.kms.katalon.core.webui.keyword.internal.WebUIKeywordMain.runKeyword(WebUIKeywordMain.groovy:27)
	at com.kms.katalon.core.webui.keyword.builtin.WaitForElementVisibleKeyword.waitForElementVisible(WaitForElementVisibleKeyword.groovy:99)
	at com.kms.katalon.core.webui.keyword.builtin.WaitForElementVisibleKeyword.execute(WaitForElementVisibleKeyword.groovy:68)
	at com.kms.katalon.core.keyword.internal.KeywordExecutor.executeKeywordForPlatform(KeywordExecutor.groovy:53)
	at com.kms.katalon.core.webui.keyword.WebUiBuiltInKeywords.waitForElementVisible(WebUiBuiltInKeywords.groovy:434)
	at com.kms.katalon.core.webui.keyword.WebUiBuiltInKeywords$waitForElementVisible$10.call(Unknown Source)
	at goToEnd_stm_autofill.run(goToEnd_stm_autofill:29)
	at com.kms.katalon.core.main.ScriptEngine.run(ScriptEngine.java:194)
	at com.kms.katalon.core.main.ScriptEngine.runScriptAsRawText(ScriptEngine.java:119)
	at com.kms.katalon.core.main.TestCaseExecutor.runScript(TestCaseExecutor.java:321)
	at com.kms.katalon.core.main.TestCaseExecutor.doExecute(TestCaseExecutor.java:312)
	at com.kms.katalon.core.main.TestCaseExecutor.processExecutionPhase(TestCaseExecutor.java:291)
	at com.kms.katalon.core.main.TestCaseExecutor.accessMainPhase(TestCaseExecutor.java:283)
	at com.kms.katalon.core.main.TestCaseExecutor.execute(TestCaseExecutor.java:222)
	at com.kms.katalon.core.main.TestCaseMain.runTestCase(TestCaseMain.java:106)
	at com.kms.katalon.core.keyword.builtin.CallTestCaseKeyword$_callTestCase_closure1.doCall(CallTestCaseKeyword.groovy:59)
	at com.kms.katalon.core.keyword.builtin.CallTestCaseKeyword$_callTestCase_closure1.call(CallTestCaseKeyword.groovy)
	at com.kms.katalon.core.keyword.internal.KeywordMain.runKeyword(KeywordMain.groovy:54)
	at com.kms.katalon.core.keyword.builtin.CallTestCaseKeyword.callTestCase(CallTestCaseKeyword.groovy:80)
	at com.kms.katalon.core.keyword.builtin.CallTestCaseKeyword.execute(CallTestCaseKeyword.groovy:44)
	at com.kms.katalon.core.keyword.internal.KeywordExecutor.executeKeywordForPlatform(KeywordExecutor.groovy:53)
	at com.kms.katalon.core.keyword.BuiltinKeywords.callTestCase(BuiltinKeywords.groovy:334)
	at Everest Prime.run(Everest Prime:31)
	at com.kms.katalon.core.main.ScriptEngine.run(ScriptEngine.java:194)
	at com.kms.katalon.core.main.ScriptEngine.runScriptAsRawText(ScriptEngine.java:119)
	at com.kms.katalon.core.main.TestCaseExecutor.runScript(TestCaseExecutor.java:321)
	at com.kms.katalon.core.main.TestCaseExecutor.doExecute(TestCaseExecutor.java:312)
	at com.kms.katalon.core.main.TestCaseExecutor.processExecutionPhase(TestCaseExecutor.java:291)
	at com.kms.katalon.core.main.TestCaseExecutor.accessMainPhase(TestCaseExecutor.java:283)
	at com.kms.katalon.core.main.TestCaseExecutor.execute(TestCaseExecutor.java:222)
	at com.kms.katalon.core.main.TestSuiteExecutor.accessTestCaseMainPhase(TestSuiteExecutor.java:129)
	at com.kms.katalon.core.main.TestSuiteExecutor.accessTestSuiteMainPhase(TestSuiteExecutor.java:112)
	at com.kms.katalon.core.main.TestSuiteExecutor.execute(TestSuiteExecutor.java:81)
	at com.kms.katalon.core.main.TestCaseMain.startTestSuite(TestCaseMain.java:149)
	at com.kms.katalon.core.main.TestCaseMain$startTestSuite$0.call(Unknown Source)
	at TempTestSuite1562894499594.run(TempTestSuite1562894499594.groovy:36)


2019-07-12 09:29:36 - [MESSAGE][FAILED] - Unable to call Test Case 'Test Cases/mobileWeb/_include/goToEnd_stm_autofill' (Root cause: com.kms.katalon.core.exception.StepFailedException: Call Test Case 'Test Cases/mobileWeb/_include/goToEnd_stm_autofill' failed)

2019-07-12 09:29:36 - [MESSAGE][FAILED] - callTestCase(findTestCase("mobileWeb/_include/goToEnd_stm_autofill"), [:], STOP_ON_FAILURE) FAILED.
Reason:
com.kms.katalon.core.exception.StepFailedException: Unable to wait for object 'Object Repository/mobileSanity/STM/Page_App Page 1/a_Continue' to be visible (Root cause: org.openqa.selenium.StaleElementReferenceException: stale element reference: element is not attached to the page document
  (Session info: chrome=75.0.3770.100)
  (Driver info: chromedriver=2.43.600210 (68dcf5eebde37173d4027fa8635e332711d2874a),platform=Windows NT 6.1.7601 SP1 x86_64) (WARNING: The server did not provide any stacktrace information)
Command duration or timeout: 0 milliseconds
For documentation on this error, please visit: http://seleniumhq.org/exceptions/stale_element_reference.html
Build info: version: '3.7.1', revision: '8a0099a', time: '2017-11-06T21:07:36.161Z'
System info: host: 'SOFEE', ip: '172.16.86.47', os.name: 'Windows 7', os.arch: 'amd64', os.version: '6.1', java.version: '1.8.0_181'
Driver info: com.kms.katalon.selenium.driver.CChromeDriver
Capabilities {acceptInsecureCerts: false, acceptSslCerts: false, applicationCacheEnabled: false, browserConnectionEnabled: false, browserName: chrome, chrome: {chromedriverVersion: 2.43.600210 (68dcf5eebde371..., userDataDir: C:\Users\sofee.yu\AppData\L...}, cssSelectorsEnabled: true, databaseEnabled: false, goog:chromeOptions: {debuggerAddress: localhost:59333}, handlesAlerts: true, hasTouchScreen: true, javascriptEnabled: true, locationContextEnabled: true, mobileEmulationEnabled: true, nativeEvents: true, networkConnectionEnabled: false, pageLoadStrategy: normal, platform: XP, platformName: XP, rotatable: false, setWindowRect: true, takesHeapSnapshot: true, takesScreenshot: true, unexpectedAlertBehaviour: , unhandledPromptBehavior: , version: 75.0.3770.100, webStorageEnabled: true}
Session ID: d120deb768b2b8fc4d823e3125909396)
	at com.kms.katalon.core.keyword.internal.KeywordMain.stepFailed(KeywordMain.groovy:36)
	at com.kms.katalon.core.webui.keyword.internal.WebUIKeywordMain.stepFailed(WebUIKeywordMain.groovy:65)
	at com.kms.katalon.core.webui.keyword.internal.WebUIKeywordMain.runKeyword(WebUIKeywordMain.groovy:27)
	at com.kms.katalon.core.webui.keyword.builtin.WaitForElementVisibleKeyword.waitForElementVisible(WaitForElementVisibleKeyword.groovy:99)
	at com.kms.katalon.core.webui.keyword.builtin.WaitForElementVisibleKeyword.execute(WaitForElementVisibleKeyword.groovy:68)
	at com.kms.katalon.core.keyword.internal.KeywordExecutor.executeKeywordForPlatform(KeywordExecutor.groovy:53)
	at com.kms.katalon.core.webui.keyword.WebUiBuiltInKeywords.waitForElementVisible(WebUiBuiltInKeywords.groovy:434)
	at com.kms.katalon.core.webui.keyword.WebUiBuiltInKeywords$waitForElementVisible$10.call(Unknown Source)
	at goToEnd_stm_autofill.run(goToEnd_stm_autofill:29)
	at com.kms.katalon.core.main.ScriptEngine.run(ScriptEngine.java:194)
	at com.kms.katalon.core.main.ScriptEngine.runScriptAsRawText(ScriptEngine.java:119)
	at com.kms.katalon.core.main.TestCaseExecutor.runScript(TestCaseExecutor.java:321)
	at com.kms.katalon.core.main.TestCaseExecutor.doExecute(TestCaseExecutor.java:312)
	at com.kms.katalon.core.main.TestCaseExecutor.processExecutionPhase(TestCaseExecutor.java:291)
	at com.kms.katalon.core.main.TestCaseExecutor.accessMainPhase(TestCaseExecutor.java:283)
	at com.kms.katalon.core.main.TestCaseExecutor.execute(TestCaseExecutor.java:222)
	at com.kms.katalon.core.main.TestCaseMain.runTestCase(TestCaseMain.java:106)
	at com.kms.katalon.core.keyword.builtin.CallTestCaseKeyword$_callTestCase_closure1.doCall(CallTestCaseKeyword.groovy:59)
	at com.kms.katalon.core.keyword.builtin.CallTestCaseKeyword$_callTestCase_closure1.call(CallTestCaseKeyword.groovy)
	at com.kms.katalon.core.keyword.internal.KeywordMain.runKeyword(KeywordMain.groovy:54)
	at com.kms.katalon.core.keyword.builtin.CallTestCaseKeyword.callTestCase(CallTestCaseKeyword.groovy:80)
	at com.kms.katalon.core.keyword.builtin.CallTestCaseKeyword.execute(CallTestCaseKeyword.groovy:44)
	at com.kms.katalon.core.keyword.internal.KeywordExecutor.executeKeywordForPlatform(KeywordExecutor.groovy:53)
	at com.kms.katalon.core.keyword.BuiltinKeywords.callTestCase(BuiltinKeywords.groovy:334)
	at Everest Prime.run(Everest Prime:31)
	at com.kms.katalon.core.main.ScriptEngine.run(ScriptEngine.java:194)
	at com.kms.katalon.core.main.ScriptEngine.runScriptAsRawText(ScriptEngine.java:119)
	at com.kms.katalon.core.main.TestCaseExecutor.runScript(TestCaseExecutor.java:321)
	at com.kms.katalon.core.main.TestCaseExecutor.doExecute(TestCaseExecutor.java:312)
	at com.kms.katalon.core.main.TestCaseExecutor.processExecutionPhase(TestCaseExecutor.java:291)
	at com.kms.katalon.core.main.TestCaseExecutor.accessMainPhase(TestCaseExecutor.java:283)
	at com.kms.katalon.core.main.TestCaseExecutor.execute(TestCaseExecutor.java:222)
	at com.kms.katalon.core.main.TestSuiteExecutor.accessTestCaseMainPhase(TestSuiteExecutor.java:129)
	at com.kms.katalon.core.main.TestSuiteExecutor.accessTestSuiteMainPhase(TestSuiteExecutor.java:112)
	at com.kms.katalon.core.main.TestSuiteExecutor.execute(TestSuiteExecutor.java:81)
	at com.kms.katalon.core.main.TestCaseMain.startTestSuite(TestCaseMain.java:149)
	at com.kms.katalon.core.main.TestCaseMain$startTestSuite$0.call(Unknown Source)
	at TempTestSuite1562894499594.run(TempTestSuite1562894499594.groovy:36)]]></system-out>
         <system-err><![CDATA[2019-07-12 09:28:45 - [TEST_CASE][FAILED] - Test Cases/mobileWeb/stm/Everest Prime: Test Cases/mobileWeb/stm/Everest Prime FAILED.
Reason:
com.kms.katalon.core.exception.StepFailedException: Unable to wait for object 'Object Repository/mobileSanity/STM/Page_App Page 1/a_Continue' to be visible (Root cause: org.openqa.selenium.StaleElementReferenceException: stale element reference: element is not attached to the page document
  (Session info: chrome=75.0.3770.100)
  (Driver info: chromedriver=2.43.600210 (68dcf5eebde37173d4027fa8635e332711d2874a),platform=Windows NT 6.1.7601 SP1 x86_64) (WARNING: The server did not provide any stacktrace information)
Command duration or timeout: 0 milliseconds
For documentation on this error, please visit: http://seleniumhq.org/exceptions/stale_element_reference.html
Build info: version: '3.7.1', revision: '8a0099a', time: '2017-11-06T21:07:36.161Z'
System info: host: 'SOFEE', ip: '172.16.86.47', os.name: 'Windows 7', os.arch: 'amd64', os.version: '6.1', java.version: '1.8.0_181'
Driver info: com.kms.katalon.selenium.driver.CChromeDriver
Capabilities {acceptInsecureCerts: false, acceptSslCerts: false, applicationCacheEnabled: false, browserConnectionEnabled: false, browserName: chrome, chrome: {chromedriverVersion: 2.43.600210 (68dcf5eebde371..., userDataDir: C:\Users\sofee.yu\AppData\L...}, cssSelectorsEnabled: true, databaseEnabled: false, goog:chromeOptions: {debuggerAddress: localhost:59333}, handlesAlerts: true, hasTouchScreen: true, javascriptEnabled: true, locationContextEnabled: true, mobileEmulationEnabled: true, nativeEvents: true, networkConnectionEnabled: false, pageLoadStrategy: normal, platform: XP, platformName: XP, rotatable: false, setWindowRect: true, takesHeapSnapshot: true, takesScreenshot: true, unexpectedAlertBehaviour: , unhandledPromptBehavior: , version: 75.0.3770.100, webStorageEnabled: true}
Session ID: d120deb768b2b8fc4d823e3125909396)
	at com.kms.katalon.core.keyword.internal.KeywordMain.stepFailed(KeywordMain.groovy:36)
	at com.kms.katalon.core.webui.keyword.internal.WebUIKeywordMain.stepFailed(WebUIKeywordMain.groovy:65)
	at com.kms.katalon.core.webui.keyword.internal.WebUIKeywordMain.runKeyword(WebUIKeywordMain.groovy:27)
	at com.kms.katalon.core.webui.keyword.builtin.WaitForElementVisibleKeyword.waitForElementVisible(WaitForElementVisibleKeyword.groovy:99)
	at com.kms.katalon.core.webui.keyword.builtin.WaitForElementVisibleKeyword.execute(WaitForElementVisibleKeyword.groovy:68)
	at com.kms.katalon.core.keyword.internal.KeywordExecutor.executeKeywordForPlatform(KeywordExecutor.groovy:53)
	at com.kms.katalon.core.webui.keyword.WebUiBuiltInKeywords.waitForElementVisible(WebUiBuiltInKeywords.groovy:434)
	at com.kms.katalon.core.webui.keyword.WebUiBuiltInKeywords$waitForElementVisible$10.call(Unknown Source)
	at goToEnd_stm_autofill.run(goToEnd_stm_autofill:29)
	at com.kms.katalon.core.main.ScriptEngine.run(ScriptEngine.java:194)
	at com.kms.katalon.core.main.ScriptEngine.runScriptAsRawText(ScriptEngine.java:119)
	at com.kms.katalon.core.main.TestCaseExecutor.runScript(TestCaseExecutor.java:321)
	at com.kms.katalon.core.main.TestCaseExecutor.doExecute(TestCaseExecutor.java:312)
	at com.kms.katalon.core.main.TestCaseExecutor.processExecutionPhase(TestCaseExecutor.java:291)
	at com.kms.katalon.core.main.TestCaseExecutor.accessMainPhase(TestCaseExecutor.java:283)
	at com.kms.katalon.core.main.TestCaseExecutor.execute(TestCaseExecutor.java:222)
	at com.kms.katalon.core.main.TestCaseMain.runTestCase(TestCaseMain.java:106)
	at com.kms.katalon.core.keyword.builtin.CallTestCaseKeyword$_callTestCase_closure1.doCall(CallTestCaseKeyword.groovy:59)
	at com.kms.katalon.core.keyword.builtin.CallTestCaseKeyword$_callTestCase_closure1.call(CallTestCaseKeyword.groovy)
	at com.kms.katalon.core.keyword.internal.KeywordMain.runKeyword(KeywordMain.groovy:54)
	at com.kms.katalon.core.keyword.builtin.CallTestCaseKeyword.callTestCase(CallTestCaseKeyword.groovy:80)
	at com.kms.katalon.core.keyword.builtin.CallTestCaseKeyword.execute(CallTestCaseKeyword.groovy:44)
	at com.kms.katalon.core.keyword.internal.KeywordExecutor.executeKeywordForPlatform(KeywordExecutor.groovy:53)
	at com.kms.katalon.core.keyword.BuiltinKeywords.callTestCase(BuiltinKeywords.groovy:334)
	at Everest Prime.run(Everest Prime:31)
	at com.kms.katalon.core.main.ScriptEngine.run(ScriptEngine.java:194)
	at com.kms.katalon.core.main.ScriptEngine.runScriptAsRawText(ScriptEngine.java:119)
	at com.kms.katalon.core.main.TestCaseExecutor.runScript(TestCaseExecutor.java:321)
	at com.kms.katalon.core.main.TestCaseExecutor.doExecute(TestCaseExecutor.java:312)
	at com.kms.katalon.core.main.TestCaseExecutor.processExecutionPhase(TestCaseExecutor.java:291)
	at com.kms.katalon.core.main.TestCaseExecutor.accessMainPhase(TestCaseExecutor.java:283)
	at com.kms.katalon.core.main.TestCaseExecutor.execute(TestCaseExecutor.java:222)
	at com.kms.katalon.core.main.TestSuiteExecutor.accessTestCaseMainPhase(TestSuiteExecutor.java:129)
	at com.kms.katalon.core.main.TestSuiteExecutor.accessTestSuiteMainPhase(TestSuiteExecutor.java:112)
	at com.kms.katalon.core.main.TestSuiteExecutor.execute(TestSuiteExecutor.java:81)
	at com.kms.katalon.core.main.TestCaseMain.startTestSuite(TestCaseMain.java:149)
	at com.kms.katalon.core.main.TestCaseMain$startTestSuite$0.call(Unknown Source)
	at TempTestSuite1562894499594.run(TempTestSuite1562894499594.groovy:36)]]></system-err>
      </testcase>
      <testcase name="Test Cases/mobileWeb/stm/LifeShield" classname="Test Cases/mobileWeb/stm/LifeShield" status="PASSED">
         <system-out><![CDATA[2019-07-12 09:29:36 - [TEST_CASE][PASSED] - Test Cases/mobileWeb/stm/LifeShield: Test Cases/mobileWeb/stm/LifeShield

2019-07-12 09:29:36 - [TEST_STEP][PASSED] - callTestCase(findTestCase("mobileWeb/_include/get_screenPath"), ["productLine":"stm", "carrierName":"LifeShield"], CONTINUE_ON_FAILURE): Call Test Case 'Test Cases/mobileWeb/_include/get_screenPath' successfully

2019-07-12 09:29:36 - [TEST_CASE][PASSED] - Test Cases/mobileWeb/_include/get_screenPath: Test Cases/mobileWeb/_include/get_screenPath

2019-07-12 09:29:36 - [TEST_STEP][PASSED] - m = getExecutionProperties(): null

2019-07-12 09:29:36 - [TEST_STEP][PASSED] - deviceName = get("mobileEmulation").get("deviceName"): null

2019-07-12 09:29:36 - [TEST_STEP][PASSED] - println(deviceName): null

2019-07-12 09:29:36 - [TEST_STEP][PASSED] - now = new java.util.Date(): null

2019-07-12 09:29:36 - [TEST_STEP][PASSED] - mydate = now.format("yyyyMMdd_HHmmss"): null

2019-07-12 09:29:36 - [TEST_STEP][PASSED] - screenPath = "../Screenshots/": null

2019-07-12 09:29:36 - [TEST_STEP][PASSED] - screenPath = screenPath + deviceName + "/" + productLine + "/" + carrierName + "/" + mydate + "/": null

2019-07-12 09:29:36 - [TEST_STEP][PASSED] - println(screenPath): null

2019-07-12 09:29:36 - [MESSAGE][PASSED] - Call Test Case 'Test Cases/mobileWeb/_include/get_screenPath' successfully

2019-07-12 09:29:36 - [TEST_STEP][PASSED] - i = 0: null

2019-07-12 09:29:36 - [TEST_STEP][PASSED] - callTestCase(findTestCase("mobileWeb/_include/openWebSite"), [:], STOP_ON_FAILURE): Call Test Case 'Test Cases/mobileWeb/_include/openWebSite' successfully

2019-07-12 09:29:37 - [TEST_CASE][PASSED] - Test Cases/mobileWeb/_include/openWebSite: Test Cases/mobileWeb/_include/openWebSite

2019-07-12 09:29:37 - [TEST_STEP][PASSED] - openBrowser(ENV): Browser is opened with url: 'https://praetemptatus.agilehealthinsurance.com'

2019-07-12 09:29:37 - [MESSAGE][WARNING] - A browser is already opened. Closing browser and opening a new one

2019-07-12 09:29:38 - [MESSAGE][INFO] - Starting 'Chrome' driver

2019-07-12 09:29:38 - [MESSAGE][INFO] - User set preference: ['mobileEmulation', '{deviceName=iPhone 6}']

2019-07-12 09:29:38 - [MESSAGE][INFO] - User set preference: ['args', '[--incognito, --aggressive-cache-discard, --window-size=375,677, --no-sandbox]']

2019-07-12 09:29:44 - [MESSAGE][PASSED] - Browser is opened with url: 'https://praetemptatus.agilehealthinsurance.com'

2019-07-12 09:29:44 - [TEST_STEP][PASSED] - waitForPageLoad(10): Wait for page load successfully

2019-07-12 09:29:44 - [MESSAGE][PASSED] - Wait for page load successfully

2019-07-12 09:29:44 - [TEST_STEP][PASSED] - callTestCase(findTestCase("mobileWeb/_include/get_screenshot"), [:], STOP_ON_FAILURE): Call Test Case 'Test Cases/mobileWeb/_include/get_screenshot' successfully

2019-07-12 09:29:44 - [TEST_CASE][PASSED] - Test Cases/mobileWeb/_include/get_screenshot: Test Cases/mobileWeb/_include/get_screenshot

2019-07-12 09:29:44 - [TEST_STEP][PASSED] - takeScreenshot(screenPath + i + ".png"): Taking screenshot successfully

2019-07-12 09:29:45 - [MESSAGE][PASSED] - Taking screenshot successfully
[[ATTACHMENT|D:\\Test\\AgileTest\\AgileTest\\Reports\\mobileWeb\\stm\\20190712_092139\\../Screenshots/iPhone 6/stm/LifeShield/20190712_092936/0.png]]

2019-07-12 09:29:45 - [TEST_STEP][PASSED] - (internal.GlobalVariable.i++): null

2019-07-12 09:29:45 - [MESSAGE][PASSED] - Call Test Case 'Test Cases/mobileWeb/_include/get_screenshot' successfully

2019-07-12 09:29:45 - [MESSAGE][PASSED] - Call Test Case 'Test Cases/mobileWeb/_include/openWebSite' successfully

2019-07-12 09:29:45 - [TEST_STEP][PASSED] - callTestCase(findTestCase("mobileWeb/_include/census_stm"), ["zipcode":"60602"], STOP_ON_FAILURE): Call Test Case 'Test Cases/mobileWeb/_include/census_stm' successfully

2019-07-12 09:29:45 - [TEST_CASE][PASSED] - Test Cases/mobileWeb/_include/census_stm: Test Cases/mobileWeb/_include/census_stm

2019-07-12 09:29:45 - [TEST_STEP][PASSED] - waitForElementClickable(findTestObject("mobileSanity/STM/Home Page/a_Quote  Save Today"), 10): Object 'Object Repository/mobileSanity/STM/Home Page/a_Quote  Save Today' is clickable

2019-07-12 09:29:45 - [MESSAGE][PASSED] - Object 'Object Repository/mobileSanity/STM/Home Page/a_Quote  Save Today' is clickable

2019-07-12 09:29:45 - [TEST_STEP][PASSED] - click(findTestObject("mobileSanity/STM/Home Page/a_Quote  Save Today")): Object: 'Object Repository/mobileSanity/STM/Home Page/a_Quote  Save Today' is clicked on

2019-07-12 09:29:46 - [MESSAGE][PASSED] - Object: 'Object Repository/mobileSanity/STM/Home Page/a_Quote  Save Today' is clicked on

2019-07-12 09:29:46 - [TEST_STEP][PASSED] - waitForPageLoad(10): Wait for page load successfully

2019-07-12 09:29:46 - [MESSAGE][PASSED] - Wait for page load successfully

2019-07-12 09:29:46 - [TEST_STEP][PASSED] - callTestCase(findTestCase("mobileWeb/_include/get_screenshot"), [:], STOP_ON_FAILURE): Call Test Case 'Test Cases/mobileWeb/_include/get_screenshot' successfully

2019-07-12 09:29:46 - [TEST_CASE][PASSED] - Test Cases/mobileWeb/_include/get_screenshot: Test Cases/mobileWeb/_include/get_screenshot

2019-07-12 09:29:46 - [TEST_STEP][PASSED] - takeScreenshot(screenPath + i + ".png"): Taking screenshot successfully

2019-07-12 09:29:47 - [MESSAGE][PASSED] - Taking screenshot successfully
[[ATTACHMENT|D:\\Test\\AgileTest\\AgileTest\\Reports\\mobileWeb\\stm\\20190712_092139\\../Screenshots/iPhone 6/stm/LifeShield/20190712_092936/1.png]]

2019-07-12 09:29:47 - [TEST_STEP][PASSED] - (internal.GlobalVariable.i++): null

2019-07-12 09:29:47 - [MESSAGE][PASSED] - Call Test Case 'Test Cases/mobileWeb/_include/get_screenshot' successfully

2019-07-12 09:29:47 - [TEST_STEP][PASSED] - setText(findTestObject("mobileSanity/STM/STM Census Page/input_Location_zip-input"), zipcode): Text '60602' is set on object 'Object Repository/mobileSanity/STM/STM Census Page/input_Location_zip-input'

2019-07-12 09:29:48 - [MESSAGE][PASSED] - Text '60602' is set on object 'Object Repository/mobileSanity/STM/STM Census Page/input_Location_zip-input'

2019-07-12 09:29:48 - [TEST_STEP][PASSED] - Thread.sleep(500): null

2019-07-12 09:29:48 - [TEST_STEP][PASSED] - setText(findTestObject("mobileSanity/STM/STM Census Page/input_Date of Birth_dob-0"), "03031987"): Text '03031987' is set on object 'Object Repository/mobileSanity/STM/STM Census Page/input_Date of Birth_dob-0'

2019-07-12 09:29:49 - [MESSAGE][PASSED] - Text '03031987' is set on object 'Object Repository/mobileSanity/STM/STM Census Page/input_Date of Birth_dob-0'

2019-07-12 09:29:49 - [TEST_STEP][PASSED] - click(findTestObject("mobileSanity/STM/STM Census Page/label_Male")): Object: 'Object Repository/mobileSanity/STM/STM Census Page/label_Male' is clicked on

2019-07-12 09:29:49 - [MESSAGE][PASSED] - Object: 'Object Repository/mobileSanity/STM/STM Census Page/label_Male' is clicked on

2019-07-12 09:29:49 - [TEST_STEP][PASSED] - click(findTestObject("mobileSanity/STM/STM Census Page/label_Compare Plans")): Object: 'Object Repository/mobileSanity/STM/STM Census Page/label_Compare Plans' is clicked on

2019-07-12 09:29:49 - [MESSAGE][PASSED] - Object: 'Object Repository/mobileSanity/STM/STM Census Page/label_Compare Plans' is clicked on

2019-07-12 09:29:49 - [TEST_STEP][PASSED] - waitForPageLoad(10): Wait for page load successfully

2019-07-12 09:29:49 - [MESSAGE][PASSED] - Wait for page load successfully

2019-07-12 09:29:49 - [TEST_STEP][PASSED] - Thread.sleep(2000): null

2019-07-12 09:29:51 - [TEST_STEP][PASSED] - callTestCase(findTestCase("mobileWeb/_include/get_screenshot"), [:], STOP_ON_FAILURE): Call Test Case 'Test Cases/mobileWeb/_include/get_screenshot' successfully

2019-07-12 09:29:51 - [TEST_CASE][PASSED] - Test Cases/mobileWeb/_include/get_screenshot: Test Cases/mobileWeb/_include/get_screenshot

2019-07-12 09:29:51 - [TEST_STEP][PASSED] - takeScreenshot(screenPath + i + ".png"): Taking screenshot successfully

2019-07-12 09:29:54 - [MESSAGE][PASSED] - Taking screenshot successfully
[[ATTACHMENT|D:\\Test\\AgileTest\\AgileTest\\Reports\\mobileWeb\\stm\\20190712_092139\\../Screenshots/iPhone 6/stm/LifeShield/20190712_092936/2.png]]

2019-07-12 09:29:54 - [TEST_STEP][PASSED] - (internal.GlobalVariable.i++): null

2019-07-12 09:29:54 - [MESSAGE][PASSED] - Call Test Case 'Test Cases/mobileWeb/_include/get_screenshot' successfully

2019-07-12 09:29:54 - [MESSAGE][PASSED] - Call Test Case 'Test Cases/mobileWeb/_include/census_stm' successfully

2019-07-12 09:29:54 - [TEST_STEP][PASSED] - callTestCase(findTestCase("mobileWeb/_include/goToDetail_stm"), ["carrier":"lifeshield"], STOP_ON_FAILURE): Call Test Case 'Test Cases/mobileWeb/_include/goToDetail_stm' successfully

2019-07-12 09:29:54 - [TEST_CASE][PASSED] - Test Cases/mobileWeb/_include/goToDetail_stm: Test Cases/mobileWeb/_include/goToDetail_stm

2019-07-12 09:29:54 - [TEST_STEP][PASSED] - driver = getWebDriver(): null

2019-07-12 09:29:54 - [TEST_STEP][PASSED] - selenium = new com.thoughtworks.selenium.webdriven.WebDriverBackedSelenium(driver, internal.GlobalVariable.ENV): null

2019-07-12 09:29:54 - [TEST_STEP][PASSED] - a_plan_name = "xpath=//a[contains(@href,'/term-health-insurance/plan/" + carrier + "')]": null

2019-07-12 09:29:54 - [TEST_STEP][PASSED] - println(a_plan_name): null

2019-07-12 09:29:54 - [TEST_STEP][PASSED] - selenium.click(a_plan_name): null

2019-07-12 09:30:06 - [TEST_STEP][PASSED] - waitForPageLoad(10): Wait for page load successfully

2019-07-12 09:30:06 - [MESSAGE][PASSED] - Wait for page load successfully

2019-07-12 09:30:06 - [TEST_STEP][PASSED] - Thread.sleep(2000): null

2019-07-12 09:30:08 - [TEST_STEP][PASSED] - callTestCase(findTestCase("mobileWeb/_include/get_screenshot"), [:], STOP_ON_FAILURE): Call Test Case 'Test Cases/mobileWeb/_include/get_screenshot' successfully

2019-07-12 09:30:08 - [TEST_CASE][PASSED] - Test Cases/mobileWeb/_include/get_screenshot: Test Cases/mobileWeb/_include/get_screenshot

2019-07-12 09:30:08 - [TEST_STEP][PASSED] - takeScreenshot(screenPath + i + ".png"): Taking screenshot successfully

2019-07-12 09:30:09 - [MESSAGE][PASSED] - Taking screenshot successfully
[[ATTACHMENT|D:\\Test\\AgileTest\\AgileTest\\Reports\\mobileWeb\\stm\\20190712_092139\\../Screenshots/iPhone 6/stm/LifeShield/20190712_092936/3.png]]

2019-07-12 09:30:09 - [TEST_STEP][PASSED] - (internal.GlobalVariable.i++): null

2019-07-12 09:30:09 - [MESSAGE][PASSED] - Call Test Case 'Test Cases/mobileWeb/_include/get_screenshot' successfully

2019-07-12 09:30:09 - [MESSAGE][PASSED] - Call Test Case 'Test Cases/mobileWeb/_include/goToDetail_stm' successfully

2019-07-12 09:30:09 - [TEST_STEP][PASSED] - waitForElementVisible(findTestObject("mobileSanity/STM/STM PlanDetail Page/a_Apply for This Plan"), 0): Object 'Object Repository/mobileSanity/STM/STM PlanDetail Page/a_Apply for This Plan' is visible

2019-07-12 09:30:09 - [MESSAGE][WARNING] - Timeout '0' is invalid. Using default page load timeout: '20'

2019-07-12 09:30:09 - [MESSAGE][PASSED] - Object 'Object Repository/mobileSanity/STM/STM PlanDetail Page/a_Apply for This Plan' is visible

2019-07-12 09:30:09 - [TEST_STEP][PASSED] - click(findTestObject("mobileSanity/STM/STM PlanDetail Page/a_Apply for This Plan")): Object: 'Object Repository/mobileSanity/STM/STM PlanDetail Page/a_Apply for This Plan' is clicked on

2019-07-12 09:30:12 - [MESSAGE][PASSED] - Object: 'Object Repository/mobileSanity/STM/STM PlanDetail Page/a_Apply for This Plan' is clicked on

2019-07-12 09:30:12 - [TEST_STEP][PASSED] - click(findTestObject("mobileSanity/STM/STM Apply Page/span_ Add")): Object: 'Object Repository/mobileSanity/STM/STM Apply Page/span_ Add' is clicked on

2019-07-12 09:30:13 - [MESSAGE][PASSED] - Object: 'Object Repository/mobileSanity/STM/STM Apply Page/span_ Add' is clicked on

2019-07-12 09:30:13 - [TEST_STEP][PASSED] - waitForElementVisible(findTestObject("mobileSanity/STM/STM Apply Page/a_Start Secure Application"), 0): Object 'Object Repository/mobileSanity/STM/STM Apply Page/a_Start Secure Application' is visible

2019-07-12 09:30:13 - [MESSAGE][WARNING] - Timeout '0' is invalid. Using default page load timeout: '20'

2019-07-12 09:30:13 - [MESSAGE][PASSED] - Object 'Object Repository/mobileSanity/STM/STM Apply Page/a_Start Secure Application' is visible

2019-07-12 09:30:13 - [TEST_STEP][PASSED] - click(findTestObject("mobileSanity/STM/STM Apply Page/a_Start Secure Application")): Object: 'Object Repository/mobileSanity/STM/STM Apply Page/a_Start Secure Application' is clicked on

2019-07-12 09:30:14 - [MESSAGE][PASSED] - Object: 'Object Repository/mobileSanity/STM/STM Apply Page/a_Start Secure Application' is clicked on

2019-07-12 09:30:14 - [TEST_STEP][PASSED] - callTestCase(findTestCase("mobileWeb/_include/goToEnd_stm_autofill"), [:], STOP_ON_FAILURE): Call Test Case 'Test Cases/mobileWeb/_include/goToEnd_stm_autofill' successfully

2019-07-12 09:30:14 - [TEST_CASE][PASSED] - Test Cases/mobileWeb/_include/goToEnd_stm_autofill: Test Cases/mobileWeb/_include/goToEnd_stm_autofill

2019-07-12 09:30:14 - [TEST_STEP][PASSED] - callTestCase(findTestCase("mobileWeb/_include/name"), [:], CONTINUE_ON_FAILURE): Call Test Case 'Test Cases/mobileWeb/_include/name' successfully

2019-07-12 09:30:14 - [TEST_CASE][PASSED] - Test Cases/mobileWeb/_include/name: Test Cases/mobileWeb/_include/name

2019-07-12 09:30:14 - [TEST_STEP][PASSED] - driver = getWebDriver(): null

2019-07-12 09:30:14 - [TEST_STEP][PASSED] - selenium = new com.thoughtworks.selenium.webdriven.WebDriverBackedSelenium(driver, internal.GlobalVariable.ENV): null

2019-07-12 09:30:15 - [TEST_STEP][PASSED] - FirstName = "Test-123": null

2019-07-12 09:30:15 - [TEST_STEP][PASSED] - LastName = selenium.getEval("{var x="ABCDEFGHIJKLMNOPQRSTUVWXYZabcdefghijklmnopqrstuvwxyz"; var tmp="ZZ11-"; for (i=0;i<8;i++) tmp+=x.charAt(Math.ceil(51*Math.random()));tmp;}"): null

2019-07-12 09:30:15 - [TEST_STEP][PASSED] - Address = selenium.getEval("{var x="ABCDEFGHIJKLMNOPQRSTUVWXYZabcdefghijklmnopqrstuvwxyz"; var tmp=""; for (i=0;i<8;i++) tmp+=x.charAt(Math.ceil(51*Math.random()));tmp;}"): null

2019-07-12 09:30:15 - [TEST_STEP][PASSED] - City = selenium.getEval("{var x="ABCDEFGHIJKLMNOPQRSTUVWXYZabcdefghijklmnopqrstuvwxyz"; var tmp=""; for (i=0;i<8;i++) tmp+=x.charAt(Math.ceil(51*Math.random()));tmp;}"): null

2019-07-12 09:30:15 - [TEST_STEP][PASSED] - tel1 = selenium.getEval("{var x="123456789"; var tmp=""; for (i=0;i<3;i++) tmp+=x.charAt(Math.ceil(8*Math.random()));tmp;}"): null

2019-07-12 09:30:15 - [TEST_STEP][PASSED] - tel2 = selenium.getEval("{var x="123456789"; var tmp=""; for (i=0;i<3;i++) tmp+=x.charAt(Math.ceil(8*Math.random()));tmp;}"): null

2019-07-12 09:30:15 - [TEST_STEP][PASSED] - tel3 = selenium.getEval("{var x="123456789"; var tmp=""; for (i=0;i<4;i++) tmp+=x.charAt(Math.ceil(8*Math.random()));tmp;}"): null

2019-07-12 09:30:15 - [TEST_STEP][PASSED] - Tel = selenium.getExpression(tel1 + "-" + tel2 + "-" + tel3): null

2019-07-12 09:30:15 - [TEST_STEP][PASSED] - AutoEmail = selenium.getEval("{var x="ABCDEFGHIJKLMNOPQRSTUVWXYZabcdefghijklmnopqrstuvwxyz"; var tmp="test."; for (i=0;i<8;i++) tmp+=x.charAt(Math.ceil(51*Math.random()));tmp+="@suryani.cn";}"): null

2019-07-12 09:30:15 - [TEST_STEP][PASSED] - FirstName = FirstName: null

2019-07-12 09:30:15 - [TEST_STEP][PASSED] - LastName = LastName: null

2019-07-12 09:30:15 - [TEST_STEP][PASSED] - Address = Address: null

2019-07-12 09:30:15 - [TEST_STEP][PASSED] - City = City: null

2019-07-12 09:30:15 - [TEST_STEP][PASSED] - Tel = Tel: null

2019-07-12 09:30:15 - [TEST_STEP][PASSED] - AutoEmail = AutoEmail: null

2019-07-12 09:30:15 - [TEST_STEP][PASSED] - println(FirstName): null

2019-07-12 09:30:15 - [TEST_STEP][PASSED] - println(LastName): null

2019-07-12 09:30:15 - [TEST_STEP][PASSED] - println(Address): null

2019-07-12 09:30:15 - [TEST_STEP][PASSED] - println(City): null

2019-07-12 09:30:15 - [TEST_STEP][PASSED] - println(Tel): null

2019-07-12 09:30:15 - [TEST_STEP][PASSED] - println(AutoEmail): null

2019-07-12 09:30:15 - [MESSAGE][PASSED] - Call Test Case 'Test Cases/mobileWeb/_include/name' successfully

2019-07-12 09:30:15 - [TEST_STEP][PASSED] - waitForPageLoad(0): Wait for page load successfully

2019-07-12 09:30:15 - [MESSAGE][WARNING] - Timeout '0' is invalid. Using default page load timeout: '20'

2019-07-12 09:30:15 - [MESSAGE][PASSED] - Wait for page load successfully

2019-07-12 09:30:15 - [TEST_STEP][PASSED] - Thread.sleep(1000): null

2019-07-12 09:30:16 - [TEST_STEP][PASSED] - waitForElementVisible(findTestObject("mobileSanity/STM/Page_App Page 1/a_Autofill App Info"), 0): Object 'Object Repository/mobileSanity/STM/Page_App Page 1/a_Autofill App Info' is visible

2019-07-12 09:30:16 - [MESSAGE][WARNING] - Timeout '0' is invalid. Using default page load timeout: '20'

2019-07-12 09:30:16 - [MESSAGE][PASSED] - Object 'Object Repository/mobileSanity/STM/Page_App Page 1/a_Autofill App Info' is visible

2019-07-12 09:30:16 - [TEST_STEP][PASSED] - click(findTestObject("mobileSanity/STM/Page_App Page 1/a_Autofill App Info")): Object: 'Object Repository/mobileSanity/STM/Page_App Page 1/a_Autofill App Info' is clicked on

2019-07-12 09:30:17 - [MESSAGE][PASSED] - Object: 'Object Repository/mobileSanity/STM/Page_App Page 1/a_Autofill App Info' is clicked on

2019-07-12 09:30:17 - [TEST_STEP][PASSED] - Thread.sleep(1000): null

2019-07-12 09:30:18 - [TEST_STEP][PASSED] - waitForElementVisible(findTestObject("mobileSanity/STM/Page_App Page 1/a_Continue"), 0): Object 'Object Repository/mobileSanity/STM/Page_App Page 1/a_Continue' is visible

2019-07-12 09:30:18 - [MESSAGE][WARNING] - Timeout '0' is invalid. Using default page load timeout: '20'

2019-07-12 09:30:18 - [MESSAGE][PASSED] - Object 'Object Repository/mobileSanity/STM/Page_App Page 1/a_Continue' is visible

2019-07-12 09:30:18 - [TEST_STEP][PASSED] - click(findTestObject("mobileSanity/STM/Page_App Page 1/a_Continue")): Object: 'Object Repository/mobileSanity/STM/Page_App Page 1/a_Continue' is clicked on

2019-07-12 09:30:18 - [MESSAGE][PASSED] - Object: 'Object Repository/mobileSanity/STM/Page_App Page 1/a_Continue' is clicked on

2019-07-12 09:30:18 - [TEST_STEP][PASSED] - waitForPageLoad(10): Wait for page load successfully

2019-07-12 09:30:18 - [MESSAGE][PASSED] - Wait for page load successfully

2019-07-12 09:30:18 - [TEST_STEP][PASSED] - Thread.sleep(2000): null

2019-07-12 09:30:20 - [TEST_STEP][PASSED] - callTestCase(findTestCase("mobileWeb/_include/get_screenshot"), [:], STOP_ON_FAILURE): Call Test Case 'Test Cases/mobileWeb/_include/get_screenshot' successfully

2019-07-12 09:30:20 - [TEST_CASE][PASSED] - Test Cases/mobileWeb/_include/get_screenshot: Test Cases/mobileWeb/_include/get_screenshot

2019-07-12 09:30:20 - [TEST_STEP][PASSED] - takeScreenshot(screenPath + i + ".png"): Taking screenshot successfully

2019-07-12 09:30:20 - [MESSAGE][PASSED] - Taking screenshot successfully
[[ATTACHMENT|D:\\Test\\AgileTest\\AgileTest\\Reports\\mobileWeb\\stm\\20190712_092139\\../Screenshots/iPhone 6/stm/LifeShield/20190712_092936/4.png]]

2019-07-12 09:30:20 - [TEST_STEP][PASSED] - (internal.GlobalVariable.i++): null

2019-07-12 09:30:20 - [MESSAGE][PASSED] - Call Test Case 'Test Cases/mobileWeb/_include/get_screenshot' successfully

2019-07-12 09:30:20 - [TEST_STEP][PASSED] - click(findTestObject("mobileSanity/STM/Page_App Page 2/a_Continue to Step 3 - Payment")): Object: 'Object Repository/mobileSanity/STM/Page_App Page 2/a_Continue to Step 3 - Payment' is clicked on

2019-07-12 09:30:21 - [MESSAGE][PASSED] - Object: 'Object Repository/mobileSanity/STM/Page_App Page 2/a_Continue to Step 3 - Payment' is clicked on

2019-07-12 09:30:21 - [TEST_STEP][PASSED] - Thread.sleep(2000): null

2019-07-12 09:30:23 - [TEST_STEP][PASSED] - callTestCase(findTestCase("mobileWeb/_include/get_screenshot"), [:], STOP_ON_FAILURE): Call Test Case 'Test Cases/mobileWeb/_include/get_screenshot' successfully

2019-07-12 09:30:23 - [TEST_CASE][PASSED] - Test Cases/mobileWeb/_include/get_screenshot: Test Cases/mobileWeb/_include/get_screenshot

2019-07-12 09:30:23 - [TEST_STEP][PASSED] - takeScreenshot(screenPath + i + ".png"): Taking screenshot successfully

2019-07-12 09:30:23 - [MESSAGE][PASSED] - Taking screenshot successfully
[[ATTACHMENT|D:\\Test\\AgileTest\\AgileTest\\Reports\\mobileWeb\\stm\\20190712_092139\\../Screenshots/iPhone 6/stm/LifeShield/20190712_092936/5.png]]

2019-07-12 09:30:23 - [TEST_STEP][PASSED] - (internal.GlobalVariable.i++): null

2019-07-12 09:30:23 - [MESSAGE][PASSED] - Call Test Case 'Test Cases/mobileWeb/_include/get_screenshot' successfully

2019-07-12 09:30:23 - [TEST_STEP][PASSED] - clearText(findTestObject("mobileSanity/STM/Page_App Page 3/input__credit-card-cvv")): Text of object 'Object Repository/mobileSanity/STM/Page_App Page 3/input__credit-card-cvv' is cleared

2019-07-12 09:30:23 - [MESSAGE][PASSED] - Text of object 'Object Repository/mobileSanity/STM/Page_App Page 3/input__credit-card-cvv' is cleared

2019-07-12 09:30:23 - [TEST_STEP][PASSED] - setText(findTestObject("mobileSanity/STM/Page_App Page 3/input__credit-card-cvv"), "123"): Text '123' is set on object 'Object Repository/mobileSanity/STM/Page_App Page 3/input__credit-card-cvv'

2019-07-12 09:30:23 - [MESSAGE][PASSED] - Text '123' is set on object 'Object Repository/mobileSanity/STM/Page_App Page 3/input__credit-card-cvv'

2019-07-12 09:30:23 - [TEST_STEP][PASSED] - click(findTestObject("mobileSanity/STM/Page_App Page 3/label_I Accept Authorization f")): Object: 'Object Repository/mobileSanity/STM/Page_App Page 3/label_I Accept Authorization f' is clicked on

2019-07-12 09:30:24 - [MESSAGE][PASSED] - Object: 'Object Repository/mobileSanity/STM/Page_App Page 3/label_I Accept Authorization f' is clicked on

2019-07-12 09:30:24 - [TEST_STEP][PASSED] - click(findTestObject("mobileSanity/STM/Page_App Page 3/a_Continue to Step 4 - Review")): Object: 'Object Repository/mobileSanity/STM/Page_App Page 3/a_Continue to Step 4 - Review' is clicked on

2019-07-12 09:30:24 - [MESSAGE][PASSED] - Object: 'Object Repository/mobileSanity/STM/Page_App Page 3/a_Continue to Step 4 - Review' is clicked on

2019-07-12 09:30:24 - [TEST_STEP][PASSED] - waitForElementClickable(findTestObject("mobileSanity/STM/Page_App Page 4/label"), 10): Object 'Object Repository/mobileSanity/STM/Page_App Page 4/label' is clickable

2019-07-12 09:30:25 - [MESSAGE][PASSED] - Object 'Object Repository/mobileSanity/STM/Page_App Page 4/label' is clickable

2019-07-12 09:30:25 - [TEST_STEP][PASSED] - Thread.sleep(2000): null

2019-07-12 09:30:27 - [TEST_STEP][PASSED] - callTestCase(findTestCase("mobileWeb/_include/get_screenshot"), [:], STOP_ON_FAILURE): Call Test Case 'Test Cases/mobileWeb/_include/get_screenshot' successfully

2019-07-12 09:30:27 - [TEST_CASE][PASSED] - Test Cases/mobileWeb/_include/get_screenshot: Test Cases/mobileWeb/_include/get_screenshot

2019-07-12 09:30:27 - [TEST_STEP][PASSED] - takeScreenshot(screenPath + i + ".png"): Taking screenshot successfully

2019-07-12 09:30:28 - [MESSAGE][PASSED] - Taking screenshot successfully
[[ATTACHMENT|D:\\Test\\AgileTest\\AgileTest\\Reports\\mobileWeb\\stm\\20190712_092139\\../Screenshots/iPhone 6/stm/LifeShield/20190712_092936/6.png]]

2019-07-12 09:30:28 - [TEST_STEP][PASSED] - (internal.GlobalVariable.i++): null

2019-07-12 09:30:28 - [MESSAGE][PASSED] - Call Test Case 'Test Cases/mobileWeb/_include/get_screenshot' successfully

2019-07-12 09:30:28 - [TEST_STEP][PASSED] - click(findTestObject("mobileSanity/STM/Page_App Page 4/label")): Object: 'Object Repository/mobileSanity/STM/Page_App Page 4/label' is clicked on

2019-07-12 09:30:28 - [MESSAGE][PASSED] - Object: 'Object Repository/mobileSanity/STM/Page_App Page 4/label' is clicked on

2019-07-12 09:30:28 - [TEST_STEP][PASSED] - click(findTestObject("mobileSanity/STM/Page_App Page 4/div_CLICK TO SIGN")): Object: 'Object Repository/mobileSanity/STM/Page_App Page 4/div_CLICK TO SIGN' is clicked on

2019-07-12 09:30:28 - [MESSAGE][PASSED] - Object: 'Object Repository/mobileSanity/STM/Page_App Page 4/div_CLICK TO SIGN' is clicked on

2019-07-12 09:30:28 - [TEST_STEP][PASSED] - click(findTestObject("mobileSanity/STM/Page_App Page 4/a_Submit Your Application")): Object: 'Object Repository/mobileSanity/STM/Page_App Page 4/a_Submit Your Application' is clicked on

2019-07-12 09:30:28 - [MESSAGE][PASSED] - Object: 'Object Repository/mobileSanity/STM/Page_App Page 4/a_Submit Your Application' is clicked on

2019-07-12 09:30:28 - [TEST_STEP][PASSED] - Thread.sleep(30000): null

2019-07-12 09:30:58 - [TEST_STEP][PASSED] - callTestCase(findTestCase("mobileWeb/_include/get_screenshot"), [:], STOP_ON_FAILURE): Call Test Case 'Test Cases/mobileWeb/_include/get_screenshot' successfully

2019-07-12 09:30:58 - [TEST_CASE][PASSED] - Test Cases/mobileWeb/_include/get_screenshot: Test Cases/mobileWeb/_include/get_screenshot

2019-07-12 09:30:58 - [TEST_STEP][PASSED] - takeScreenshot(screenPath + i + ".png"): Taking screenshot successfully

2019-07-12 09:31:03 - [MESSAGE][PASSED] - Taking screenshot successfully
[[ATTACHMENT|D:\\Test\\AgileTest\\AgileTest\\Reports\\mobileWeb\\stm\\20190712_092139\\../Screenshots/iPhone 6/stm/LifeShield/20190712_092936/7.png]]

2019-07-12 09:31:03 - [TEST_STEP][PASSED] - (internal.GlobalVariable.i++): null

2019-07-12 09:31:03 - [MESSAGE][PASSED] - Call Test Case 'Test Cases/mobileWeb/_include/get_screenshot' successfully

2019-07-12 09:31:03 - [TEST_STEP][PASSED] - waitForElementPresent(findTestObject("mobileSanity/STM/Page_App Page 6/span_planName"), 30): Object 'Object Repository/mobileSanity/STM/Page_App Page 6/span_planName' is present

2019-07-12 09:31:03 - [MESSAGE][PASSED] - Object 'Object Repository/mobileSanity/STM/Page_App Page 6/span_planName' is present

2019-07-12 09:31:03 - [TEST_STEP][PASSED] - verifyElementPresent(findTestObject("mobileSanity/STM/Page_App Page 6/span_planName"), 0): Object 'Object Repository/mobileSanity/STM/Page_App Page 6/span_planName' is present

2019-07-12 09:31:03 - [MESSAGE][WARNING] - Timeout '0' is invalid. Using default page load timeout: '20'

2019-07-12 09:31:03 - [MESSAGE][PASSED] - Object 'Object Repository/mobileSanity/STM/Page_App Page 6/span_planName' is present

2019-07-12 09:31:03 - [TEST_STEP][PASSED] - verifyElementPresent(findTestObject("mobileSanity/STM/Page_App Page 6/span_approved"), 0): Object 'Object Repository/mobileSanity/STM/Page_App Page 6/span_approved' is present

2019-07-12 09:31:03 - [MESSAGE][WARNING] - Timeout '0' is invalid. Using default page load timeout: '20'

2019-07-12 09:31:03 - [MESSAGE][PASSED] - Object 'Object Repository/mobileSanity/STM/Page_App Page 6/span_approved' is present

2019-07-12 09:31:03 - [MESSAGE][PASSED] - Call Test Case 'Test Cases/mobileWeb/_include/goToEnd_stm_autofill' successfully]]></system-out>
         <system-err><![CDATA[]]></system-err>
      </testcase>
      <testcase name="Test Cases/mobileWeb/stm/NationalGeneral" classname="Test Cases/mobileWeb/stm/NationalGeneral" status="FAILED">
         <failure type="FAILED" message="Test Cases/mobileWeb/stm/NationalGeneral FAILED.
Reason:
com.kms.katalon.core.exception.StepFailedException: Unable to verify object 'Object Repository/mobileSanity/STM/Page_App Page 6/span_planName' is present (Root cause: com.kms.katalon.core.exception.StepFailedException: com.kms.katalon.core.webui.exception.WebElementNotFoundException: Web element with id: 'Object Repository/mobileSanity/STM/Page_App Page 6/span_planName' located by 'By.xpath: id(&quot;js-app-confirmation&quot;)/div[@class=&quot;app-confirmation-main&quot;]/div[@class=&quot;app-confirmation-container&quot;]/p[@class=&quot;reset&quot;]/span[@class=&quot;emphasize&quot;]' not found)
	at com.kms.katalon.core.keyword.internal.KeywordMain.stepFailed(KeywordMain.groovy:36)
	at com.kms.katalon.core.webui.keyword.internal.WebUIKeywordMain.stepFailed(WebUIKeywordMain.groovy:65)
	at com.kms.katalon.core.webui.keyword.internal.WebUIKeywordMain.runKeyword(WebUIKeywordMain.groovy:27)
	at com.kms.katalon.core.webui.keyword.builtin.VerifyElementPresentKeyword.verifyElementPresent(VerifyElementPresentKeyword.groovy:92)
	at com.kms.katalon.core.webui.keyword.builtin.VerifyElementPresentKeyword.execute(VerifyElementPresentKeyword.groovy:68)
	at com.kms.katalon.core.keyword.internal.KeywordExecutor.executeKeywordForPlatform(KeywordExecutor.groovy:53)
	at com.kms.katalon.core.webui.keyword.WebUiBuiltInKeywords.verifyElementPresent(WebUiBuiltInKeywords.groovy:1434)
	at com.kms.katalon.core.webui.keyword.WebUiBuiltInKeywords$verifyElementPresent$13.call(Unknown Source)
	at goToEnd_stm_autofill.run(goToEnd_stm_autofill:68)
	at com.kms.katalon.core.main.ScriptEngine.run(ScriptEngine.java:194)
	at com.kms.katalon.core.main.ScriptEngine.runScriptAsRawText(ScriptEngine.java:119)
	at com.kms.katalon.core.main.TestCaseExecutor.runScript(TestCaseExecutor.java:321)
	at com.kms.katalon.core.main.TestCaseExecutor.doExecute(TestCaseExecutor.java:312)
	at com.kms.katalon.core.main.TestCaseExecutor.processExecutionPhase(TestCaseExecutor.java:291)
	at com.kms.katalon.core.main.TestCaseExecutor.accessMainPhase(TestCaseExecutor.java:283)
	at com.kms.katalon.core.main.TestCaseExecutor.execute(TestCaseExecutor.java:222)
	at com.kms.katalon.core.main.TestCaseMain.runTestCase(TestCaseMain.java:106)
	at com.kms.katalon.core.keyword.builtin.CallTestCaseKeyword$_callTestCase_closure1.doCall(CallTestCaseKeyword.groovy:59)
	at com.kms.katalon.core.keyword.builtin.CallTestCaseKeyword$_callTestCase_closure1.call(CallTestCaseKeyword.groovy)
	at com.kms.katalon.core.keyword.internal.KeywordMain.runKeyword(KeywordMain.groovy:54)
	at com.kms.katalon.core.keyword.builtin.CallTestCaseKeyword.callTestCase(CallTestCaseKeyword.groovy:80)
	at com.kms.katalon.core.keyword.builtin.CallTestCaseKeyword.execute(CallTestCaseKeyword.groovy:44)
	at com.kms.katalon.core.keyword.internal.KeywordExecutor.executeKeywordForPlatform(KeywordExecutor.groovy:53)
	at com.kms.katalon.core.keyword.BuiltinKeywords.callTestCase(BuiltinKeywords.groovy:334)
	at NationalGeneral.run(NationalGeneral:31)
	at com.kms.katalon.core.main.ScriptEngine.run(ScriptEngine.java:194)
	at com.kms.katalon.core.main.ScriptEngine.runScriptAsRawText(ScriptEngine.java:119)
	at com.kms.katalon.core.main.TestCaseExecutor.runScript(TestCaseExecutor.java:321)
	at com.kms.katalon.core.main.TestCaseExecutor.doExecute(TestCaseExecutor.java:312)
	at com.kms.katalon.core.main.TestCaseExecutor.processExecutionPhase(TestCaseExecutor.java:291)
	at com.kms.katalon.core.main.TestCaseExecutor.accessMainPhase(TestCaseExecutor.java:283)
	at com.kms.katalon.core.main.TestCaseExecutor.execute(TestCaseExecutor.java:222)
	at com.kms.katalon.core.main.TestSuiteExecutor.accessTestCaseMainPhase(TestSuiteExecutor.java:129)
	at com.kms.katalon.core.main.TestSuiteExecutor.accessTestSuiteMainPhase(TestSuiteExecutor.java:112)
	at com.kms.katalon.core.main.TestSuiteExecutor.execute(TestSuiteExecutor.java:81)
	at com.kms.katalon.core.main.TestCaseMain.startTestSuite(TestCaseMain.java:149)
	at com.kms.katalon.core.main.TestCaseMain$startTestSuite$0.call(Unknown Source)
	at TempTestSuite1562894499594.run(TempTestSuite1562894499594.groovy:36)
"/>
         <system-out><![CDATA[2019-07-12 09:31:03 - [TEST_CASE][FAILED] - Test Cases/mobileWeb/stm/NationalGeneral: Test Cases/mobileWeb/stm/NationalGeneral FAILED.
Reason:
com.kms.katalon.core.exception.StepFailedException: Unable to verify object 'Object Repository/mobileSanity/STM/Page_App Page 6/span_planName' is present (Root cause: com.kms.katalon.core.exception.StepFailedException: com.kms.katalon.core.webui.exception.WebElementNotFoundException: Web element with id: 'Object Repository/mobileSanity/STM/Page_App Page 6/span_planName' located by 'By.xpath: id("js-app-confirmation")/div[@class="app-confirmation-main"]/div[@class="app-confirmation-container"]/p[@class="reset"]/span[@class="emphasize"]' not found)
	at com.kms.katalon.core.keyword.internal.KeywordMain.stepFailed(KeywordMain.groovy:36)
	at com.kms.katalon.core.webui.keyword.internal.WebUIKeywordMain.stepFailed(WebUIKeywordMain.groovy:65)
	at com.kms.katalon.core.webui.keyword.internal.WebUIKeywordMain.runKeyword(WebUIKeywordMain.groovy:27)
	at com.kms.katalon.core.webui.keyword.builtin.VerifyElementPresentKeyword.verifyElementPresent(VerifyElementPresentKeyword.groovy:92)
	at com.kms.katalon.core.webui.keyword.builtin.VerifyElementPresentKeyword.execute(VerifyElementPresentKeyword.groovy:68)
	at com.kms.katalon.core.keyword.internal.KeywordExecutor.executeKeywordForPlatform(KeywordExecutor.groovy:53)
	at com.kms.katalon.core.webui.keyword.WebUiBuiltInKeywords.verifyElementPresent(WebUiBuiltInKeywords.groovy:1434)
	at com.kms.katalon.core.webui.keyword.WebUiBuiltInKeywords$verifyElementPresent$13.call(Unknown Source)
	at goToEnd_stm_autofill.run(goToEnd_stm_autofill:68)
	at com.kms.katalon.core.main.ScriptEngine.run(ScriptEngine.java:194)
	at com.kms.katalon.core.main.ScriptEngine.runScriptAsRawText(ScriptEngine.java:119)
	at com.kms.katalon.core.main.TestCaseExecutor.runScript(TestCaseExecutor.java:321)
	at com.kms.katalon.core.main.TestCaseExecutor.doExecute(TestCaseExecutor.java:312)
	at com.kms.katalon.core.main.TestCaseExecutor.processExecutionPhase(TestCaseExecutor.java:291)
	at com.kms.katalon.core.main.TestCaseExecutor.accessMainPhase(TestCaseExecutor.java:283)
	at com.kms.katalon.core.main.TestCaseExecutor.execute(TestCaseExecutor.java:222)
	at com.kms.katalon.core.main.TestCaseMain.runTestCase(TestCaseMain.java:106)
	at com.kms.katalon.core.keyword.builtin.CallTestCaseKeyword$_callTestCase_closure1.doCall(CallTestCaseKeyword.groovy:59)
	at com.kms.katalon.core.keyword.builtin.CallTestCaseKeyword$_callTestCase_closure1.call(CallTestCaseKeyword.groovy)
	at com.kms.katalon.core.keyword.internal.KeywordMain.runKeyword(KeywordMain.groovy:54)
	at com.kms.katalon.core.keyword.builtin.CallTestCaseKeyword.callTestCase(CallTestCaseKeyword.groovy:80)
	at com.kms.katalon.core.keyword.builtin.CallTestCaseKeyword.execute(CallTestCaseKeyword.groovy:44)
	at com.kms.katalon.core.keyword.internal.KeywordExecutor.executeKeywordForPlatform(KeywordExecutor.groovy:53)
	at com.kms.katalon.core.keyword.BuiltinKeywords.callTestCase(BuiltinKeywords.groovy:334)
	at NationalGeneral.run(NationalGeneral:31)
	at com.kms.katalon.core.main.ScriptEngine.run(ScriptEngine.java:194)
	at com.kms.katalon.core.main.ScriptEngine.runScriptAsRawText(ScriptEngine.java:119)
	at com.kms.katalon.core.main.TestCaseExecutor.runScript(TestCaseExecutor.java:321)
	at com.kms.katalon.core.main.TestCaseExecutor.doExecute(TestCaseExecutor.java:312)
	at com.kms.katalon.core.main.TestCaseExecutor.processExecutionPhase(TestCaseExecutor.java:291)
	at com.kms.katalon.core.main.TestCaseExecutor.accessMainPhase(TestCaseExecutor.java:283)
	at com.kms.katalon.core.main.TestCaseExecutor.execute(TestCaseExecutor.java:222)
	at com.kms.katalon.core.main.TestSuiteExecutor.accessTestCaseMainPhase(TestSuiteExecutor.java:129)
	at com.kms.katalon.core.main.TestSuiteExecutor.accessTestSuiteMainPhase(TestSuiteExecutor.java:112)
	at com.kms.katalon.core.main.TestSuiteExecutor.execute(TestSuiteExecutor.java:81)
	at com.kms.katalon.core.main.TestCaseMain.startTestSuite(TestCaseMain.java:149)
	at com.kms.katalon.core.main.TestCaseMain$startTestSuite$0.call(Unknown Source)
	at TempTestSuite1562894499594.run(TempTestSuite1562894499594.groovy:36)


2019-07-12 09:31:04 - [TEST_STEP][PASSED] - callTestCase(findTestCase("mobileWeb/_include/get_screenPath"), ["productLine":"stm", "carrierName":"National General"], CONTINUE_ON_FAILURE): Call Test Case 'Test Cases/mobileWeb/_include/get_screenPath' successfully

2019-07-12 09:31:04 - [TEST_CASE][PASSED] - Test Cases/mobileWeb/_include/get_screenPath: Test Cases/mobileWeb/_include/get_screenPath

2019-07-12 09:31:04 - [TEST_STEP][PASSED] - m = getExecutionProperties(): null

2019-07-12 09:31:04 - [TEST_STEP][PASSED] - deviceName = get("mobileEmulation").get("deviceName"): null

2019-07-12 09:31:04 - [TEST_STEP][PASSED] - println(deviceName): null

2019-07-12 09:31:04 - [TEST_STEP][PASSED] - now = new java.util.Date(): null

2019-07-12 09:31:04 - [TEST_STEP][PASSED] - mydate = now.format("yyyyMMdd_HHmmss"): null

2019-07-12 09:31:04 - [TEST_STEP][PASSED] - screenPath = "../Screenshots/": null

2019-07-12 09:31:04 - [TEST_STEP][PASSED] - screenPath = screenPath + deviceName + "/" + productLine + "/" + carrierName + "/" + mydate + "/": null

2019-07-12 09:31:04 - [TEST_STEP][PASSED] - println(screenPath): null

2019-07-12 09:31:04 - [MESSAGE][PASSED] - Call Test Case 'Test Cases/mobileWeb/_include/get_screenPath' successfully

2019-07-12 09:31:04 - [TEST_STEP][PASSED] - i = 0: null

2019-07-12 09:31:04 - [TEST_STEP][PASSED] - callTestCase(findTestCase("mobileWeb/_include/openWebSite"), [:], CONTINUE_ON_FAILURE): Call Test Case 'Test Cases/mobileWeb/_include/openWebSite' successfully

2019-07-12 09:31:04 - [TEST_CASE][PASSED] - Test Cases/mobileWeb/_include/openWebSite: Test Cases/mobileWeb/_include/openWebSite

2019-07-12 09:31:04 - [TEST_STEP][PASSED] - openBrowser(ENV): Browser is opened with url: 'https://praetemptatus.agilehealthinsurance.com'

2019-07-12 09:31:04 - [MESSAGE][WARNING] - A browser is already opened. Closing browser and opening a new one

2019-07-12 09:31:05 - [MESSAGE][INFO] - Starting 'Chrome' driver

2019-07-12 09:31:05 - [MESSAGE][INFO] - User set preference: ['mobileEmulation', '{deviceName=iPhone 6}']

2019-07-12 09:31:05 - [MESSAGE][INFO] - User set preference: ['args', '[--incognito, --aggressive-cache-discard, --window-size=375,677, --no-sandbox]']

2019-07-12 09:31:11 - [MESSAGE][PASSED] - Browser is opened with url: 'https://praetemptatus.agilehealthinsurance.com'

2019-07-12 09:31:11 - [TEST_STEP][PASSED] - waitForPageLoad(10): Wait for page load successfully

2019-07-12 09:31:11 - [MESSAGE][PASSED] - Wait for page load successfully

2019-07-12 09:31:11 - [TEST_STEP][PASSED] - callTestCase(findTestCase("mobileWeb/_include/get_screenshot"), [:], STOP_ON_FAILURE): Call Test Case 'Test Cases/mobileWeb/_include/get_screenshot' successfully

2019-07-12 09:31:11 - [TEST_CASE][PASSED] - Test Cases/mobileWeb/_include/get_screenshot: Test Cases/mobileWeb/_include/get_screenshot

2019-07-12 09:31:11 - [TEST_STEP][PASSED] - takeScreenshot(screenPath + i + ".png"): Taking screenshot successfully

2019-07-12 09:31:12 - [MESSAGE][PASSED] - Taking screenshot successfully
[[ATTACHMENT|D:\\Test\\AgileTest\\AgileTest\\Reports\\mobileWeb\\stm\\20190712_092139\\../Screenshots/iPhone 6/stm/National General/20190712_093104/0.png]]

2019-07-12 09:31:12 - [TEST_STEP][PASSED] - (internal.GlobalVariable.i++): null

2019-07-12 09:31:12 - [MESSAGE][PASSED] - Call Test Case 'Test Cases/mobileWeb/_include/get_screenshot' successfully

2019-07-12 09:31:12 - [MESSAGE][PASSED] - Call Test Case 'Test Cases/mobileWeb/_include/openWebSite' successfully

2019-07-12 09:31:12 - [TEST_STEP][PASSED] - callTestCase(findTestCase("mobileWeb/_include/census_stm"), [:], CONTINUE_ON_FAILURE): Call Test Case 'Test Cases/mobileWeb/_include/census_stm' successfully

2019-07-12 09:31:12 - [TEST_CASE][PASSED] - Test Cases/mobileWeb/_include/census_stm: Test Cases/mobileWeb/_include/census_stm

2019-07-12 09:31:12 - [TEST_STEP][PASSED] - waitForElementClickable(findTestObject("mobileSanity/STM/Home Page/a_Quote  Save Today"), 10): Object 'Object Repository/mobileSanity/STM/Home Page/a_Quote  Save Today' is clickable

2019-07-12 09:31:12 - [MESSAGE][PASSED] - Object 'Object Repository/mobileSanity/STM/Home Page/a_Quote  Save Today' is clickable

2019-07-12 09:31:12 - [TEST_STEP][PASSED] - click(findTestObject("mobileSanity/STM/Home Page/a_Quote  Save Today")): Object: 'Object Repository/mobileSanity/STM/Home Page/a_Quote  Save Today' is clicked on

2019-07-12 09:31:13 - [MESSAGE][PASSED] - Object: 'Object Repository/mobileSanity/STM/Home Page/a_Quote  Save Today' is clicked on

2019-07-12 09:31:13 - [TEST_STEP][PASSED] - waitForPageLoad(10): Wait for page load successfully

2019-07-12 09:31:13 - [MESSAGE][PASSED] - Wait for page load successfully

2019-07-12 09:31:13 - [TEST_STEP][PASSED] - callTestCase(findTestCase("mobileWeb/_include/get_screenshot"), [:], STOP_ON_FAILURE): Call Test Case 'Test Cases/mobileWeb/_include/get_screenshot' successfully

2019-07-12 09:31:13 - [TEST_CASE][PASSED] - Test Cases/mobileWeb/_include/get_screenshot: Test Cases/mobileWeb/_include/get_screenshot

2019-07-12 09:31:13 - [TEST_STEP][PASSED] - takeScreenshot(screenPath + i + ".png"): Taking screenshot successfully

2019-07-12 09:31:14 - [MESSAGE][PASSED] - Taking screenshot successfully
[[ATTACHMENT|D:\\Test\\AgileTest\\AgileTest\\Reports\\mobileWeb\\stm\\20190712_092139\\../Screenshots/iPhone 6/stm/National General/20190712_093104/1.png]]

2019-07-12 09:31:14 - [TEST_STEP][PASSED] - (internal.GlobalVariable.i++): null

2019-07-12 09:31:14 - [MESSAGE][PASSED] - Call Test Case 'Test Cases/mobileWeb/_include/get_screenshot' successfully

2019-07-12 09:31:14 - [TEST_STEP][PASSED] - setText(findTestObject("mobileSanity/STM/STM Census Page/input_Location_zip-input"), zipcode): Text '35215' is set on object 'Object Repository/mobileSanity/STM/STM Census Page/input_Location_zip-input'

2019-07-12 09:31:15 - [MESSAGE][PASSED] - Text '35215' is set on object 'Object Repository/mobileSanity/STM/STM Census Page/input_Location_zip-input'

2019-07-12 09:31:15 - [TEST_STEP][PASSED] - Thread.sleep(500): null

2019-07-12 09:31:15 - [TEST_STEP][PASSED] - setText(findTestObject("mobileSanity/STM/STM Census Page/input_Date of Birth_dob-0"), "03031987"): Text '03031987' is set on object 'Object Repository/mobileSanity/STM/STM Census Page/input_Date of Birth_dob-0'

2019-07-12 09:31:16 - [MESSAGE][PASSED] - Text '03031987' is set on object 'Object Repository/mobileSanity/STM/STM Census Page/input_Date of Birth_dob-0'

2019-07-12 09:31:16 - [TEST_STEP][PASSED] - click(findTestObject("mobileSanity/STM/STM Census Page/label_Male")): Object: 'Object Repository/mobileSanity/STM/STM Census Page/label_Male' is clicked on

2019-07-12 09:31:16 - [MESSAGE][PASSED] - Object: 'Object Repository/mobileSanity/STM/STM Census Page/label_Male' is clicked on

2019-07-12 09:31:16 - [TEST_STEP][PASSED] - click(findTestObject("mobileSanity/STM/STM Census Page/label_Compare Plans")): Object: 'Object Repository/mobileSanity/STM/STM Census Page/label_Compare Plans' is clicked on

2019-07-12 09:31:16 - [MESSAGE][PASSED] - Object: 'Object Repository/mobileSanity/STM/STM Census Page/label_Compare Plans' is clicked on

2019-07-12 09:31:16 - [TEST_STEP][PASSED] - waitForPageLoad(10): Wait for page load successfully

2019-07-12 09:31:16 - [MESSAGE][PASSED] - Wait for page load successfully

2019-07-12 09:31:16 - [TEST_STEP][PASSED] - Thread.sleep(2000): null

2019-07-12 09:31:18 - [TEST_STEP][PASSED] - callTestCase(findTestCase("mobileWeb/_include/get_screenshot"), [:], STOP_ON_FAILURE): Call Test Case 'Test Cases/mobileWeb/_include/get_screenshot' successfully

2019-07-12 09:31:18 - [TEST_CASE][PASSED] - Test Cases/mobileWeb/_include/get_screenshot: Test Cases/mobileWeb/_include/get_screenshot

2019-07-12 09:31:18 - [TEST_STEP][PASSED] - takeScreenshot(screenPath + i + ".png"): Taking screenshot successfully

2019-07-12 09:31:22 - [MESSAGE][PASSED] - Taking screenshot successfully
[[ATTACHMENT|D:\\Test\\AgileTest\\AgileTest\\Reports\\mobileWeb\\stm\\20190712_092139\\../Screenshots/iPhone 6/stm/National General/20190712_093104/2.png]]

2019-07-12 09:31:22 - [TEST_STEP][PASSED] - (internal.GlobalVariable.i++): null

2019-07-12 09:31:22 - [MESSAGE][PASSED] - Call Test Case 'Test Cases/mobileWeb/_include/get_screenshot' successfully

2019-07-12 09:31:22 - [MESSAGE][PASSED] - Call Test Case 'Test Cases/mobileWeb/_include/census_stm' successfully

2019-07-12 09:31:22 - [TEST_STEP][PASSED] - callTestCase(findTestCase("mobileWeb/_include/filter_stm"), ["carrier":"nationalgeneral"], STOP_ON_FAILURE): Call Test Case 'Test Cases/mobileWeb/_include/filter_stm' successfully

2019-07-12 09:31:22 - [TEST_CASE][PASSED] - Test Cases/mobileWeb/_include/filter_stm: Test Cases/mobileWeb/_include/filter_stm

2019-07-12 09:31:22 - [TEST_STEP][PASSED] - driver = getWebDriver(): null

2019-07-12 09:31:22 - [TEST_STEP][PASSED] - selenium = new com.thoughtworks.selenium.webdriven.WebDriverBackedSelenium(driver, internal.GlobalVariable.ENV): null

2019-07-12 09:31:22 - [TEST_STEP][PASSED] - click(findTestObject("mobileSanity/STM/STM Quote Page/button_6 months")): Object: 'Object Repository/mobileSanity/STM/STM Quote Page/button_6 months' is clicked on

2019-07-12 09:31:22 - [MESSAGE][PASSED] - Object: 'Object Repository/mobileSanity/STM/STM Quote Page/button_6 months' is clicked on

2019-07-12 09:31:22 - [TEST_STEP][PASSED] - test.MobileKeywords.clickJS(findTestObject("mobileSanity/STM/STM Quote Page/radio_6 months")): test.MobileKeywords.clickJS is PASSED

2019-07-12 09:31:23 - [MESSAGE][PASSED] - Execute JavaScript 'arguments[0].click()' successfully

2019-07-12 09:31:23 - [MESSAGE][PASSED] - test.MobileKeywords.clickJS is PASSED

2019-07-12 09:31:23 - [TEST_STEP][PASSED] - Thread.sleep(1000): null

2019-07-12 09:31:24 - [TEST_STEP][PASSED] - test.MobileKeywords.clickJS(findTestObject("mobileSanity/STM/STM Quote Page/duration_show_plans")): test.MobileKeywords.clickJS is PASSED

2019-07-12 09:31:24 - [MESSAGE][PASSED] - Execute JavaScript 'arguments[0].click()' successfully

2019-07-12 09:31:24 - [MESSAGE][PASSED] - test.MobileKeywords.clickJS is PASSED

2019-07-12 09:31:24 - [TEST_STEP][PASSED] - waitForJQueryLoad(10, STOP_ON_FAILURE): jQuery is ready.

2019-07-12 09:31:25 - [MESSAGE][PASSED] - jQuery is ready.

2019-07-12 09:31:25 - [TEST_STEP][PASSED] - Thread.sleep(1000): null

2019-07-12 09:31:26 - [TEST_STEP][PASSED] - click(findTestObject("mobileSanity/STM/STM Quote Page/button_filters")): Object: 'Object Repository/mobileSanity/STM/STM Quote Page/button_filters' is clicked on

2019-07-12 09:31:26 - [MESSAGE][PASSED] - Object: 'Object Repository/mobileSanity/STM/STM Quote Page/button_filters' is clicked on

2019-07-12 09:31:26 - [TEST_STEP][PASSED] - Thread.sleep(1000): null

2019-07-12 09:31:27 - [TEST_STEP][PASSED] - click(findTestObject("mobileSanity/STM/STM Quote Page/i_Insurance company")): Object: 'Object Repository/mobileSanity/STM/STM Quote Page/i_Insurance company' is clicked on

2019-07-12 09:31:27 - [MESSAGE][PASSED] - Object: 'Object Repository/mobileSanity/STM/STM Quote Page/i_Insurance company' is clicked on

2019-07-12 09:31:27 - [TEST_STEP][PASSED] - Thread.sleep(1000): null

2019-07-12 09:31:28 - [TEST_STEP][PASSED] - filter_carrier = "//input[@name='filter[carrier]' and @value='" + carrier + "']/following::label": null

2019-07-12 09:31:28 - [TEST_STEP][PASSED] - println(filter_carrier): null

2019-07-12 09:31:28 - [TEST_STEP][PASSED] - test.MobileKeywords.clickJS_ByXpath(filter_carrier): test.MobileKeywords.clickJS_ByXpath is PASSED

2019-07-12 09:31:28 - [MESSAGE][PASSED] - Execute JavaScript 'arguments[0].click()' successfully

2019-07-12 09:31:28 - [MESSAGE][PASSED] - test.MobileKeywords.clickJS_ByXpath is PASSED

2019-07-12 09:31:28 - [TEST_STEP][PASSED] - Thread.sleep(1000): null

2019-07-12 09:31:29 - [TEST_STEP][PASSED] - scrollToElement(findTestObject("mobileSanity/STM/STM Quote Page/a_Show Plans"), 1000): Scroll to object 'Object Repository/mobileSanity/STM/STM Quote Page/a_Show Plans' successfully

2019-07-12 09:31:30 - [MESSAGE][PASSED] - Scroll to object 'Object Repository/mobileSanity/STM/STM Quote Page/a_Show Plans' successfully

2019-07-12 09:31:30 - [TEST_STEP][PASSED] - click(findTestObject("mobileSanity/STM/STM Quote Page/a_Show Plans")): Object: 'Object Repository/mobileSanity/STM/STM Quote Page/a_Show Plans' is clicked on

2019-07-12 09:31:30 - [MESSAGE][PASSED] - Object: 'Object Repository/mobileSanity/STM/STM Quote Page/a_Show Plans' is clicked on

2019-07-12 09:31:30 - [TEST_STEP][PASSED] - waitForJQueryLoad(10, STOP_ON_FAILURE): jQuery is ready.

2019-07-12 09:31:30 - [MESSAGE][PASSED] - jQuery is ready.

2019-07-12 09:31:30 - [TEST_STEP][PASSED] - Thread.sleep(2000): null

2019-07-12 09:31:32 - [TEST_STEP][PASSED] - callTestCase(findTestCase("mobileWeb/_include/get_screenshot"), [:], STOP_ON_FAILURE): Call Test Case 'Test Cases/mobileWeb/_include/get_screenshot' successfully

2019-07-12 09:31:32 - [TEST_CASE][PASSED] - Test Cases/mobileWeb/_include/get_screenshot: Test Cases/mobileWeb/_include/get_screenshot

2019-07-12 09:31:32 - [TEST_STEP][PASSED] - takeScreenshot(screenPath + i + ".png"): Taking screenshot successfully

2019-07-12 09:31:33 - [MESSAGE][PASSED] - Taking screenshot successfully
[[ATTACHMENT|D:\\Test\\AgileTest\\AgileTest\\Reports\\mobileWeb\\stm\\20190712_092139\\../Screenshots/iPhone 6/stm/National General/20190712_093104/3.png]]

2019-07-12 09:31:33 - [TEST_STEP][PASSED] - (internal.GlobalVariable.i++): null

2019-07-12 09:31:33 - [MESSAGE][PASSED] - Call Test Case 'Test Cases/mobileWeb/_include/get_screenshot' successfully

2019-07-12 09:31:33 - [MESSAGE][PASSED] - Call Test Case 'Test Cases/mobileWeb/_include/filter_stm' successfully

2019-07-12 09:31:33 - [TEST_STEP][PASSED] - callTestCase(findTestCase("mobileWeb/_include/goToDetail_stm"), ["carrier":"nationalgeneral"], STOP_ON_FAILURE): Call Test Case 'Test Cases/mobileWeb/_include/goToDetail_stm' successfully

2019-07-12 09:31:33 - [TEST_CASE][PASSED] - Test Cases/mobileWeb/_include/goToDetail_stm: Test Cases/mobileWeb/_include/goToDetail_stm

2019-07-12 09:31:33 - [TEST_STEP][PASSED] - driver = getWebDriver(): null

2019-07-12 09:31:33 - [TEST_STEP][PASSED] - selenium = new com.thoughtworks.selenium.webdriven.WebDriverBackedSelenium(driver, internal.GlobalVariable.ENV): null

2019-07-12 09:31:33 - [TEST_STEP][PASSED] - a_plan_name = "xpath=//a[contains(@href,'/term-health-insurance/plan/" + carrier + "')]": null

2019-07-12 09:31:33 - [TEST_STEP][PASSED] - println(a_plan_name): null

2019-07-12 09:31:33 - [TEST_STEP][PASSED] - selenium.click(a_plan_name): null

2019-07-12 09:31:35 - [TEST_STEP][PASSED] - waitForPageLoad(10): Wait for page load successfully

2019-07-12 09:31:37 - [MESSAGE][PASSED] - Wait for page load successfully

2019-07-12 09:31:37 - [TEST_STEP][PASSED] - Thread.sleep(2000): null

2019-07-12 09:31:39 - [TEST_STEP][PASSED] - callTestCase(findTestCase("mobileWeb/_include/get_screenshot"), [:], STOP_ON_FAILURE): Call Test Case 'Test Cases/mobileWeb/_include/get_screenshot' successfully

2019-07-12 09:31:39 - [TEST_CASE][PASSED] - Test Cases/mobileWeb/_include/get_screenshot: Test Cases/mobileWeb/_include/get_screenshot

2019-07-12 09:31:39 - [TEST_STEP][PASSED] - takeScreenshot(screenPath + i + ".png"): Taking screenshot successfully

2019-07-12 09:31:39 - [MESSAGE][PASSED] - Taking screenshot successfully
[[ATTACHMENT|D:\\Test\\AgileTest\\AgileTest\\Reports\\mobileWeb\\stm\\20190712_092139\\../Screenshots/iPhone 6/stm/National General/20190712_093104/4.png]]

2019-07-12 09:31:39 - [TEST_STEP][PASSED] - (internal.GlobalVariable.i++): null

2019-07-12 09:31:39 - [MESSAGE][PASSED] - Call Test Case 'Test Cases/mobileWeb/_include/get_screenshot' successfully

2019-07-12 09:31:39 - [MESSAGE][PASSED] - Call Test Case 'Test Cases/mobileWeb/_include/goToDetail_stm' successfully

2019-07-12 09:31:39 - [TEST_STEP][PASSED] - callTestCase(findTestCase("mobileWeb/_include/apply_stm"), [:], STOP_ON_FAILURE): Call Test Case 'Test Cases/mobileWeb/_include/apply_stm' successfully

2019-07-12 09:31:39 - [TEST_CASE][PASSED] - Test Cases/mobileWeb/_include/apply_stm: Test Cases/mobileWeb/_include/apply_stm

2019-07-12 09:31:39 - [TEST_STEP][PASSED] - waitForElementVisible(findTestObject("mobileSanity/STM/STM PlanDetail Page/a_Apply for This Plan"), 5): Object 'Object Repository/mobileSanity/STM/STM PlanDetail Page/a_Apply for This Plan' is visible

2019-07-12 09:31:39 - [MESSAGE][PASSED] - Object 'Object Repository/mobileSanity/STM/STM PlanDetail Page/a_Apply for This Plan' is visible

2019-07-12 09:31:39 - [TEST_STEP][PASSED] - click(findTestObject("mobileSanity/STM/STM PlanDetail Page/a_Apply for This Plan")): Object: 'Object Repository/mobileSanity/STM/STM PlanDetail Page/a_Apply for This Plan' is clicked on

2019-07-12 09:31:41 - [MESSAGE][PASSED] - Object: 'Object Repository/mobileSanity/STM/STM PlanDetail Page/a_Apply for This Plan' is clicked on

2019-07-12 09:31:41 - [TEST_STEP][PASSED] - waitForPageLoad(10): Wait for page load successfully

2019-07-12 09:31:41 - [MESSAGE][PASSED] - Wait for page load successfully

2019-07-12 09:31:41 - [TEST_STEP][PASSED] - Thread.sleep(2000): null

2019-07-12 09:31:43 - [TEST_STEP][PASSED] - callTestCase(findTestCase("mobileWeb/_include/get_screenshot"), [:], STOP_ON_FAILURE): Call Test Case 'Test Cases/mobileWeb/_include/get_screenshot' successfully

2019-07-12 09:31:43 - [TEST_CASE][PASSED] - Test Cases/mobileWeb/_include/get_screenshot: Test Cases/mobileWeb/_include/get_screenshot

2019-07-12 09:31:43 - [TEST_STEP][PASSED] - takeScreenshot(screenPath + i + ".png"): Taking screenshot successfully

2019-07-12 09:31:44 - [MESSAGE][PASSED] - Taking screenshot successfully
[[ATTACHMENT|D:\\Test\\AgileTest\\AgileTest\\Reports\\mobileWeb\\stm\\20190712_092139\\../Screenshots/iPhone 6/stm/National General/20190712_093104/5.png]]

2019-07-12 09:31:44 - [TEST_STEP][PASSED] - (internal.GlobalVariable.i++): null

2019-07-12 09:31:44 - [MESSAGE][PASSED] - Call Test Case 'Test Cases/mobileWeb/_include/get_screenshot' successfully

2019-07-12 09:31:44 - [TEST_STEP][PASSED] - waitForElementVisible(findTestObject("mobileSanity/STM/STM Apply Page/a_Start Secure Application"), 5): Object 'Object Repository/mobileSanity/STM/STM Apply Page/a_Start Secure Application' is visible

2019-07-12 09:31:44 - [MESSAGE][PASSED] - Object 'Object Repository/mobileSanity/STM/STM Apply Page/a_Start Secure Application' is visible

2019-07-12 09:31:44 - [TEST_STEP][PASSED] - click(findTestObject("mobileSanity/STM/STM Apply Page/a_Start Secure Application")): Object: 'Object Repository/mobileSanity/STM/STM Apply Page/a_Start Secure Application' is clicked on

2019-07-12 09:31:46 - [MESSAGE][PASSED] - Object: 'Object Repository/mobileSanity/STM/STM Apply Page/a_Start Secure Application' is clicked on

2019-07-12 09:31:46 - [TEST_STEP][PASSED] - waitForPageLoad(10): Wait for page load successfully

2019-07-12 09:31:46 - [MESSAGE][PASSED] - Wait for page load successfully

2019-07-12 09:31:46 - [TEST_STEP][PASSED] - Thread.sleep(2000): null

2019-07-12 09:31:48 - [TEST_STEP][PASSED] - callTestCase(findTestCase("mobileWeb/_include/get_screenshot"), [:], STOP_ON_FAILURE): Call Test Case 'Test Cases/mobileWeb/_include/get_screenshot' successfully

2019-07-12 09:31:48 - [TEST_CASE][PASSED] - Test Cases/mobileWeb/_include/get_screenshot: Test Cases/mobileWeb/_include/get_screenshot

2019-07-12 09:31:48 - [TEST_STEP][PASSED] - takeScreenshot(screenPath + i + ".png"): Taking screenshot successfully

2019-07-12 09:31:49 - [MESSAGE][PASSED] - Taking screenshot successfully
[[ATTACHMENT|D:\\Test\\AgileTest\\AgileTest\\Reports\\mobileWeb\\stm\\20190712_092139\\../Screenshots/iPhone 6/stm/National General/20190712_093104/6.png]]

2019-07-12 09:31:49 - [TEST_STEP][PASSED] - (internal.GlobalVariable.i++): null

2019-07-12 09:31:49 - [MESSAGE][PASSED] - Call Test Case 'Test Cases/mobileWeb/_include/get_screenshot' successfully

2019-07-12 09:31:49 - [MESSAGE][PASSED] - Call Test Case 'Test Cases/mobileWeb/_include/apply_stm' successfully

2019-07-12 09:31:49 - [TEST_STEP][FAILED] - callTestCase(findTestCase("mobileWeb/_include/goToEnd_stm_autofill"), [:], STOP_ON_FAILURE): callTestCase(findTestCase("mobileWeb/_include/goToEnd_stm_autofill"), [:], STOP_ON_FAILURE) FAILED.
Reason:
com.kms.katalon.core.exception.StepFailedException: Unable to verify object 'Object Repository/mobileSanity/STM/Page_App Page 6/span_planName' is present (Root cause: com.kms.katalon.core.exception.StepFailedException: com.kms.katalon.core.webui.exception.WebElementNotFoundException: Web element with id: 'Object Repository/mobileSanity/STM/Page_App Page 6/span_planName' located by 'By.xpath: id("js-app-confirmation")/div[@class="app-confirmation-main"]/div[@class="app-confirmation-container"]/p[@class="reset"]/span[@class="emphasize"]' not found)
	at com.kms.katalon.core.keyword.internal.KeywordMain.stepFailed(KeywordMain.groovy:36)
	at com.kms.katalon.core.webui.keyword.internal.WebUIKeywordMain.stepFailed(WebUIKeywordMain.groovy:65)
	at com.kms.katalon.core.webui.keyword.internal.WebUIKeywordMain.runKeyword(WebUIKeywordMain.groovy:27)
	at com.kms.katalon.core.webui.keyword.builtin.VerifyElementPresentKeyword.verifyElementPresent(VerifyElementPresentKeyword.groovy:92)
	at com.kms.katalon.core.webui.keyword.builtin.VerifyElementPresentKeyword.execute(VerifyElementPresentKeyword.groovy:68)
	at com.kms.katalon.core.keyword.internal.KeywordExecutor.executeKeywordForPlatform(KeywordExecutor.groovy:53)
	at com.kms.katalon.core.webui.keyword.WebUiBuiltInKeywords.verifyElementPresent(WebUiBuiltInKeywords.groovy:1434)
	at com.kms.katalon.core.webui.keyword.WebUiBuiltInKeywords$verifyElementPresent$13.call(Unknown Source)
	at goToEnd_stm_autofill.run(goToEnd_stm_autofill:68)
	at com.kms.katalon.core.main.ScriptEngine.run(ScriptEngine.java:194)
	at com.kms.katalon.core.main.ScriptEngine.runScriptAsRawText(ScriptEngine.java:119)
	at com.kms.katalon.core.main.TestCaseExecutor.runScript(TestCaseExecutor.java:321)
	at com.kms.katalon.core.main.TestCaseExecutor.doExecute(TestCaseExecutor.java:312)
	at com.kms.katalon.core.main.TestCaseExecutor.processExecutionPhase(TestCaseExecutor.java:291)
	at com.kms.katalon.core.main.TestCaseExecutor.accessMainPhase(TestCaseExecutor.java:283)
	at com.kms.katalon.core.main.TestCaseExecutor.execute(TestCaseExecutor.java:222)
	at com.kms.katalon.core.main.TestCaseMain.runTestCase(TestCaseMain.java:106)
	at com.kms.katalon.core.keyword.builtin.CallTestCaseKeyword$_callTestCase_closure1.doCall(CallTestCaseKeyword.groovy:59)
	at com.kms.katalon.core.keyword.builtin.CallTestCaseKeyword$_callTestCase_closure1.call(CallTestCaseKeyword.groovy)
	at com.kms.katalon.core.keyword.internal.KeywordMain.runKeyword(KeywordMain.groovy:54)
	at com.kms.katalon.core.keyword.builtin.CallTestCaseKeyword.callTestCase(CallTestCaseKeyword.groovy:80)
	at com.kms.katalon.core.keyword.builtin.CallTestCaseKeyword.execute(CallTestCaseKeyword.groovy:44)
	at com.kms.katalon.core.keyword.internal.KeywordExecutor.executeKeywordForPlatform(KeywordExecutor.groovy:53)
	at com.kms.katalon.core.keyword.BuiltinKeywords.callTestCase(BuiltinKeywords.groovy:334)
	at NationalGeneral.run(NationalGeneral:31)
	at com.kms.katalon.core.main.ScriptEngine.run(ScriptEngine.java:194)
	at com.kms.katalon.core.main.ScriptEngine.runScriptAsRawText(ScriptEngine.java:119)
	at com.kms.katalon.core.main.TestCaseExecutor.runScript(TestCaseExecutor.java:321)
	at com.kms.katalon.core.main.TestCaseExecutor.doExecute(TestCaseExecutor.java:312)
	at com.kms.katalon.core.main.TestCaseExecutor.processExecutionPhase(TestCaseExecutor.java:291)
	at com.kms.katalon.core.main.TestCaseExecutor.accessMainPhase(TestCaseExecutor.java:283)
	at com.kms.katalon.core.main.TestCaseExecutor.execute(TestCaseExecutor.java:222)
	at com.kms.katalon.core.main.TestSuiteExecutor.accessTestCaseMainPhase(TestSuiteExecutor.java:129)
	at com.kms.katalon.core.main.TestSuiteExecutor.accessTestSuiteMainPhase(TestSuiteExecutor.java:112)
	at com.kms.katalon.core.main.TestSuiteExecutor.execute(TestSuiteExecutor.java:81)
	at com.kms.katalon.core.main.TestCaseMain.startTestSuite(TestCaseMain.java:149)
	at com.kms.katalon.core.main.TestCaseMain$startTestSuite$0.call(Unknown Source)
	at TempTestSuite1562894499594.run(TempTestSuite1562894499594.groovy:36)


2019-07-12 09:31:49 - [TEST_CASE][FAILED] - Test Cases/mobileWeb/_include/goToEnd_stm_autofill: Test Cases/mobileWeb/_include/goToEnd_stm_autofill FAILED.
Reason:
com.kms.katalon.core.exception.StepFailedException: Unable to verify object 'Object Repository/mobileSanity/STM/Page_App Page 6/span_planName' is present (Root cause: com.kms.katalon.core.exception.StepFailedException: com.kms.katalon.core.webui.exception.WebElementNotFoundException: Web element with id: 'Object Repository/mobileSanity/STM/Page_App Page 6/span_planName' located by 'By.xpath: id("js-app-confirmation")/div[@class="app-confirmation-main"]/div[@class="app-confirmation-container"]/p[@class="reset"]/span[@class="emphasize"]' not found)
	at com.kms.katalon.core.keyword.internal.KeywordMain.stepFailed(KeywordMain.groovy:36)
	at com.kms.katalon.core.webui.keyword.internal.WebUIKeywordMain.stepFailed(WebUIKeywordMain.groovy:65)
	at com.kms.katalon.core.webui.keyword.internal.WebUIKeywordMain.runKeyword(WebUIKeywordMain.groovy:27)
	at com.kms.katalon.core.webui.keyword.builtin.VerifyElementPresentKeyword.verifyElementPresent(VerifyElementPresentKeyword.groovy:92)
	at com.kms.katalon.core.webui.keyword.builtin.VerifyElementPresentKeyword.execute(VerifyElementPresentKeyword.groovy:68)
	at com.kms.katalon.core.keyword.internal.KeywordExecutor.executeKeywordForPlatform(KeywordExecutor.groovy:53)
	at com.kms.katalon.core.webui.keyword.WebUiBuiltInKeywords.verifyElementPresent(WebUiBuiltInKeywords.groovy:1434)
	at com.kms.katalon.core.webui.keyword.WebUiBuiltInKeywords$verifyElementPresent$13.call(Unknown Source)
	at goToEnd_stm_autofill.run(goToEnd_stm_autofill:68)
	at com.kms.katalon.core.main.ScriptEngine.run(ScriptEngine.java:194)
	at com.kms.katalon.core.main.ScriptEngine.runScriptAsRawText(ScriptEngine.java:119)
	at com.kms.katalon.core.main.TestCaseExecutor.runScript(TestCaseExecutor.java:321)
	at com.kms.katalon.core.main.TestCaseExecutor.doExecute(TestCaseExecutor.java:312)
	at com.kms.katalon.core.main.TestCaseExecutor.processExecutionPhase(TestCaseExecutor.java:291)
	at com.kms.katalon.core.main.TestCaseExecutor.accessMainPhase(TestCaseExecutor.java:283)
	at com.kms.katalon.core.main.TestCaseExecutor.execute(TestCaseExecutor.java:222)
	at com.kms.katalon.core.main.TestCaseMain.runTestCase(TestCaseMain.java:106)
	at com.kms.katalon.core.keyword.builtin.CallTestCaseKeyword$_callTestCase_closure1.doCall(CallTestCaseKeyword.groovy:59)
	at com.kms.katalon.core.keyword.builtin.CallTestCaseKeyword$_callTestCase_closure1.call(CallTestCaseKeyword.groovy)
	at com.kms.katalon.core.keyword.internal.KeywordMain.runKeyword(KeywordMain.groovy:54)
	at com.kms.katalon.core.keyword.builtin.CallTestCaseKeyword.callTestCase(CallTestCaseKeyword.groovy:80)
	at com.kms.katalon.core.keyword.builtin.CallTestCaseKeyword.execute(CallTestCaseKeyword.groovy:44)
	at com.kms.katalon.core.keyword.internal.KeywordExecutor.executeKeywordForPlatform(KeywordExecutor.groovy:53)
	at com.kms.katalon.core.keyword.BuiltinKeywords.callTestCase(BuiltinKeywords.groovy:334)
	at NationalGeneral.run(NationalGeneral:31)
	at com.kms.katalon.core.main.ScriptEngine.run(ScriptEngine.java:194)
	at com.kms.katalon.core.main.ScriptEngine.runScriptAsRawText(ScriptEngine.java:119)
	at com.kms.katalon.core.main.TestCaseExecutor.runScript(TestCaseExecutor.java:321)
	at com.kms.katalon.core.main.TestCaseExecutor.doExecute(TestCaseExecutor.java:312)
	at com.kms.katalon.core.main.TestCaseExecutor.processExecutionPhase(TestCaseExecutor.java:291)
	at com.kms.katalon.core.main.TestCaseExecutor.accessMainPhase(TestCaseExecutor.java:283)
	at com.kms.katalon.core.main.TestCaseExecutor.execute(TestCaseExecutor.java:222)
	at com.kms.katalon.core.main.TestSuiteExecutor.accessTestCaseMainPhase(TestSuiteExecutor.java:129)
	at com.kms.katalon.core.main.TestSuiteExecutor.accessTestSuiteMainPhase(TestSuiteExecutor.java:112)
	at com.kms.katalon.core.main.TestSuiteExecutor.execute(TestSuiteExecutor.java:81)
	at com.kms.katalon.core.main.TestCaseMain.startTestSuite(TestCaseMain.java:149)
	at com.kms.katalon.core.main.TestCaseMain$startTestSuite$0.call(Unknown Source)
	at TempTestSuite1562894499594.run(TempTestSuite1562894499594.groovy:36)


2019-07-12 09:31:49 - [TEST_STEP][PASSED] - callTestCase(findTestCase("mobileWeb/_include/name"), [:], CONTINUE_ON_FAILURE): Call Test Case 'Test Cases/mobileWeb/_include/name' successfully

2019-07-12 09:31:49 - [TEST_CASE][PASSED] - Test Cases/mobileWeb/_include/name: Test Cases/mobileWeb/_include/name

2019-07-12 09:31:49 - [TEST_STEP][PASSED] - driver = getWebDriver(): null

2019-07-12 09:31:49 - [TEST_STEP][PASSED] - selenium = new com.thoughtworks.selenium.webdriven.WebDriverBackedSelenium(driver, internal.GlobalVariable.ENV): null

2019-07-12 09:31:49 - [TEST_STEP][PASSED] - FirstName = "Test-123": null

2019-07-12 09:31:49 - [TEST_STEP][PASSED] - LastName = selenium.getEval("{var x="ABCDEFGHIJKLMNOPQRSTUVWXYZabcdefghijklmnopqrstuvwxyz"; var tmp="ZZ11-"; for (i=0;i<8;i++) tmp+=x.charAt(Math.ceil(51*Math.random()));tmp;}"): null

2019-07-12 09:31:49 - [TEST_STEP][PASSED] - Address = selenium.getEval("{var x="ABCDEFGHIJKLMNOPQRSTUVWXYZabcdefghijklmnopqrstuvwxyz"; var tmp=""; for (i=0;i<8;i++) tmp+=x.charAt(Math.ceil(51*Math.random()));tmp;}"): null

2019-07-12 09:31:49 - [TEST_STEP][PASSED] - City = selenium.getEval("{var x="ABCDEFGHIJKLMNOPQRSTUVWXYZabcdefghijklmnopqrstuvwxyz"; var tmp=""; for (i=0;i<8;i++) tmp+=x.charAt(Math.ceil(51*Math.random()));tmp;}"): null

2019-07-12 09:31:49 - [TEST_STEP][PASSED] - tel1 = selenium.getEval("{var x="123456789"; var tmp=""; for (i=0;i<3;i++) tmp+=x.charAt(Math.ceil(8*Math.random()));tmp;}"): null

2019-07-12 09:31:49 - [TEST_STEP][PASSED] - tel2 = selenium.getEval("{var x="123456789"; var tmp=""; for (i=0;i<3;i++) tmp+=x.charAt(Math.ceil(8*Math.random()));tmp;}"): null

2019-07-12 09:31:49 - [TEST_STEP][PASSED] - tel3 = selenium.getEval("{var x="123456789"; var tmp=""; for (i=0;i<4;i++) tmp+=x.charAt(Math.ceil(8*Math.random()));tmp;}"): null

2019-07-12 09:31:49 - [TEST_STEP][PASSED] - Tel = selenium.getExpression(tel1 + "-" + tel2 + "-" + tel3): null

2019-07-12 09:31:49 - [TEST_STEP][PASSED] - AutoEmail = selenium.getEval("{var x="ABCDEFGHIJKLMNOPQRSTUVWXYZabcdefghijklmnopqrstuvwxyz"; var tmp="test."; for (i=0;i<8;i++) tmp+=x.charAt(Math.ceil(51*Math.random()));tmp+="@suryani.cn";}"): null

2019-07-12 09:31:49 - [TEST_STEP][PASSED] - FirstName = FirstName: null

2019-07-12 09:31:49 - [TEST_STEP][PASSED] - LastName = LastName: null

2019-07-12 09:31:49 - [TEST_STEP][PASSED] - Address = Address: null

2019-07-12 09:31:49 - [TEST_STEP][PASSED] - City = City: null

2019-07-12 09:31:49 - [TEST_STEP][PASSED] - Tel = Tel: null

2019-07-12 09:31:49 - [TEST_STEP][PASSED] - AutoEmail = AutoEmail: null

2019-07-12 09:31:49 - [TEST_STEP][PASSED] - println(FirstName): null

2019-07-12 09:31:49 - [TEST_STEP][PASSED] - println(LastName): null

2019-07-12 09:31:49 - [TEST_STEP][PASSED] - println(Address): null

2019-07-12 09:31:49 - [TEST_STEP][PASSED] - println(City): null

2019-07-12 09:31:49 - [TEST_STEP][PASSED] - println(Tel): null

2019-07-12 09:31:49 - [TEST_STEP][PASSED] - println(AutoEmail): null

2019-07-12 09:31:49 - [MESSAGE][PASSED] - Call Test Case 'Test Cases/mobileWeb/_include/name' successfully

2019-07-12 09:31:49 - [TEST_STEP][PASSED] - waitForPageLoad(0): Wait for page load successfully

2019-07-12 09:31:49 - [MESSAGE][WARNING] - Timeout '0' is invalid. Using default page load timeout: '20'

2019-07-12 09:31:49 - [MESSAGE][PASSED] - Wait for page load successfully

2019-07-12 09:31:49 - [TEST_STEP][PASSED] - Thread.sleep(1000): null

2019-07-12 09:31:50 - [TEST_STEP][PASSED] - waitForElementVisible(findTestObject("mobileSanity/STM/Page_App Page 1/a_Autofill App Info"), 0): Object 'Object Repository/mobileSanity/STM/Page_App Page 1/a_Autofill App Info' is visible

2019-07-12 09:31:50 - [MESSAGE][WARNING] - Timeout '0' is invalid. Using default page load timeout: '20'

2019-07-12 09:31:50 - [MESSAGE][PASSED] - Object 'Object Repository/mobileSanity/STM/Page_App Page 1/a_Autofill App Info' is visible

2019-07-12 09:31:50 - [TEST_STEP][PASSED] - click(findTestObject("mobileSanity/STM/Page_App Page 1/a_Autofill App Info")): Object: 'Object Repository/mobileSanity/STM/Page_App Page 1/a_Autofill App Info' is clicked on

2019-07-12 09:31:51 - [MESSAGE][PASSED] - Object: 'Object Repository/mobileSanity/STM/Page_App Page 1/a_Autofill App Info' is clicked on

2019-07-12 09:31:51 - [TEST_STEP][PASSED] - Thread.sleep(1000): null

2019-07-12 09:31:52 - [TEST_STEP][PASSED] - waitForElementVisible(findTestObject("mobileSanity/STM/Page_App Page 1/a_Continue"), 0): Object 'Object Repository/mobileSanity/STM/Page_App Page 1/a_Continue' is visible

2019-07-12 09:31:52 - [MESSAGE][WARNING] - Timeout '0' is invalid. Using default page load timeout: '20'

2019-07-12 09:31:52 - [MESSAGE][PASSED] - Object 'Object Repository/mobileSanity/STM/Page_App Page 1/a_Continue' is visible

2019-07-12 09:31:52 - [TEST_STEP][PASSED] - click(findTestObject("mobileSanity/STM/Page_App Page 1/a_Continue")): Object: 'Object Repository/mobileSanity/STM/Page_App Page 1/a_Continue' is clicked on

2019-07-12 09:31:52 - [MESSAGE][PASSED] - Object: 'Object Repository/mobileSanity/STM/Page_App Page 1/a_Continue' is clicked on

2019-07-12 09:31:52 - [TEST_STEP][PASSED] - waitForPageLoad(10): Wait for page load successfully

2019-07-12 09:31:52 - [MESSAGE][PASSED] - Wait for page load successfully

2019-07-12 09:31:52 - [TEST_STEP][PASSED] - Thread.sleep(2000): null

2019-07-12 09:31:54 - [TEST_STEP][PASSED] - callTestCase(findTestCase("mobileWeb/_include/get_screenshot"), [:], STOP_ON_FAILURE): Call Test Case 'Test Cases/mobileWeb/_include/get_screenshot' successfully

2019-07-12 09:31:54 - [TEST_CASE][PASSED] - Test Cases/mobileWeb/_include/get_screenshot: Test Cases/mobileWeb/_include/get_screenshot

2019-07-12 09:31:54 - [TEST_STEP][PASSED] - takeScreenshot(screenPath + i + ".png"): Taking screenshot successfully

2019-07-12 09:31:54 - [MESSAGE][PASSED] - Taking screenshot successfully
[[ATTACHMENT|D:\\Test\\AgileTest\\AgileTest\\Reports\\mobileWeb\\stm\\20190712_092139\\../Screenshots/iPhone 6/stm/National General/20190712_093104/7.png]]

2019-07-12 09:31:54 - [TEST_STEP][PASSED] - (internal.GlobalVariable.i++): null

2019-07-12 09:31:54 - [MESSAGE][PASSED] - Call Test Case 'Test Cases/mobileWeb/_include/get_screenshot' successfully

2019-07-12 09:31:54 - [TEST_STEP][PASSED] - click(findTestObject("mobileSanity/STM/Page_App Page 2/a_Continue to Step 3 - Payment")): Object: 'Object Repository/mobileSanity/STM/Page_App Page 2/a_Continue to Step 3 - Payment' is clicked on

2019-07-12 09:31:55 - [MESSAGE][PASSED] - Object: 'Object Repository/mobileSanity/STM/Page_App Page 2/a_Continue to Step 3 - Payment' is clicked on

2019-07-12 09:31:55 - [TEST_STEP][PASSED] - Thread.sleep(2000): null

2019-07-12 09:31:57 - [TEST_STEP][PASSED] - callTestCase(findTestCase("mobileWeb/_include/get_screenshot"), [:], STOP_ON_FAILURE): Call Test Case 'Test Cases/mobileWeb/_include/get_screenshot' successfully

2019-07-12 09:31:57 - [TEST_CASE][PASSED] - Test Cases/mobileWeb/_include/get_screenshot: Test Cases/mobileWeb/_include/get_screenshot

2019-07-12 09:31:57 - [TEST_STEP][PASSED] - takeScreenshot(screenPath + i + ".png"): Taking screenshot successfully

2019-07-12 09:31:58 - [MESSAGE][PASSED] - Taking screenshot successfully
[[ATTACHMENT|D:\\Test\\AgileTest\\AgileTest\\Reports\\mobileWeb\\stm\\20190712_092139\\../Screenshots/iPhone 6/stm/National General/20190712_093104/8.png]]

2019-07-12 09:31:58 - [TEST_STEP][PASSED] - (internal.GlobalVariable.i++): null

2019-07-12 09:31:58 - [MESSAGE][PASSED] - Call Test Case 'Test Cases/mobileWeb/_include/get_screenshot' successfully

2019-07-12 09:31:58 - [TEST_STEP][PASSED] - clearText(findTestObject("mobileSanity/STM/Page_App Page 3/input__credit-card-cvv")): Text of object 'Object Repository/mobileSanity/STM/Page_App Page 3/input__credit-card-cvv' is cleared

2019-07-12 09:31:58 - [MESSAGE][PASSED] - Text of object 'Object Repository/mobileSanity/STM/Page_App Page 3/input__credit-card-cvv' is cleared

2019-07-12 09:31:58 - [TEST_STEP][PASSED] - setText(findTestObject("mobileSanity/STM/Page_App Page 3/input__credit-card-cvv"), "123"): Text '123' is set on object 'Object Repository/mobileSanity/STM/Page_App Page 3/input__credit-card-cvv'

2019-07-12 09:31:58 - [MESSAGE][PASSED] - Text '123' is set on object 'Object Repository/mobileSanity/STM/Page_App Page 3/input__credit-card-cvv'

2019-07-12 09:31:58 - [TEST_STEP][PASSED] - click(findTestObject("mobileSanity/STM/Page_App Page 3/label_I Accept Authorization f")): Object: 'Object Repository/mobileSanity/STM/Page_App Page 3/label_I Accept Authorization f' is clicked on

2019-07-12 09:31:58 - [MESSAGE][PASSED] - Object: 'Object Repository/mobileSanity/STM/Page_App Page 3/label_I Accept Authorization f' is clicked on

2019-07-12 09:31:58 - [TEST_STEP][PASSED] - click(findTestObject("mobileSanity/STM/Page_App Page 3/a_Continue to Step 4 - Review")): Object: 'Object Repository/mobileSanity/STM/Page_App Page 3/a_Continue to Step 4 - Review' is clicked on

2019-07-12 09:31:59 - [MESSAGE][PASSED] - Object: 'Object Repository/mobileSanity/STM/Page_App Page 3/a_Continue to Step 4 - Review' is clicked on

2019-07-12 09:31:59 - [TEST_STEP][PASSED] - waitForElementClickable(findTestObject("mobileSanity/STM/Page_App Page 4/label"), 10): Object 'Object Repository/mobileSanity/STM/Page_App Page 4/label' is clickable

2019-07-12 09:32:00 - [MESSAGE][PASSED] - Object 'Object Repository/mobileSanity/STM/Page_App Page 4/label' is clickable

2019-07-12 09:32:00 - [TEST_STEP][PASSED] - Thread.sleep(2000): null

2019-07-12 09:32:02 - [TEST_STEP][PASSED] - callTestCase(findTestCase("mobileWeb/_include/get_screenshot"), [:], STOP_ON_FAILURE): Call Test Case 'Test Cases/mobileWeb/_include/get_screenshot' successfully

2019-07-12 09:32:02 - [TEST_CASE][PASSED] - Test Cases/mobileWeb/_include/get_screenshot: Test Cases/mobileWeb/_include/get_screenshot

2019-07-12 09:32:02 - [TEST_STEP][PASSED] - takeScreenshot(screenPath + i + ".png"): Taking screenshot successfully

2019-07-12 09:32:03 - [MESSAGE][PASSED] - Taking screenshot successfully
[[ATTACHMENT|D:\\Test\\AgileTest\\AgileTest\\Reports\\mobileWeb\\stm\\20190712_092139\\../Screenshots/iPhone 6/stm/National General/20190712_093104/9.png]]

2019-07-12 09:32:03 - [TEST_STEP][PASSED] - (internal.GlobalVariable.i++): null

2019-07-12 09:32:03 - [MESSAGE][PASSED] - Call Test Case 'Test Cases/mobileWeb/_include/get_screenshot' successfully

2019-07-12 09:32:03 - [TEST_STEP][PASSED] - click(findTestObject("mobileSanity/STM/Page_App Page 4/label")): Object: 'Object Repository/mobileSanity/STM/Page_App Page 4/label' is clicked on

2019-07-12 09:32:03 - [MESSAGE][PASSED] - Object: 'Object Repository/mobileSanity/STM/Page_App Page 4/label' is clicked on

2019-07-12 09:32:03 - [TEST_STEP][PASSED] - click(findTestObject("mobileSanity/STM/Page_App Page 4/div_CLICK TO SIGN")): Object: 'Object Repository/mobileSanity/STM/Page_App Page 4/div_CLICK TO SIGN' is clicked on

2019-07-12 09:32:03 - [MESSAGE][PASSED] - Object: 'Object Repository/mobileSanity/STM/Page_App Page 4/div_CLICK TO SIGN' is clicked on

2019-07-12 09:32:03 - [TEST_STEP][PASSED] - click(findTestObject("mobileSanity/STM/Page_App Page 4/a_Submit Your Application")): Object: 'Object Repository/mobileSanity/STM/Page_App Page 4/a_Submit Your Application' is clicked on

2019-07-12 09:32:03 - [MESSAGE][PASSED] - Object: 'Object Repository/mobileSanity/STM/Page_App Page 4/a_Submit Your Application' is clicked on

2019-07-12 09:32:03 - [TEST_STEP][PASSED] - Thread.sleep(30000): null

2019-07-12 09:32:33 - [TEST_STEP][PASSED] - callTestCase(findTestCase("mobileWeb/_include/get_screenshot"), [:], STOP_ON_FAILURE): Call Test Case 'Test Cases/mobileWeb/_include/get_screenshot' successfully

2019-07-12 09:32:33 - [TEST_CASE][PASSED] - Test Cases/mobileWeb/_include/get_screenshot: Test Cases/mobileWeb/_include/get_screenshot

2019-07-12 09:32:33 - [TEST_STEP][PASSED] - takeScreenshot(screenPath + i + ".png"): Taking screenshot successfully

2019-07-12 09:32:34 - [MESSAGE][PASSED] - Taking screenshot successfully
[[ATTACHMENT|D:\\Test\\AgileTest\\AgileTest\\Reports\\mobileWeb\\stm\\20190712_092139\\../Screenshots/iPhone 6/stm/National General/20190712_093104/10.png]]

2019-07-12 09:32:34 - [TEST_STEP][PASSED] - (internal.GlobalVariable.i++): null

2019-07-12 09:32:34 - [MESSAGE][PASSED] - Call Test Case 'Test Cases/mobileWeb/_include/get_screenshot' successfully

2019-07-12 09:32:34 - [TEST_STEP][PASSED] - waitForElementPresent(findTestObject("mobileSanity/STM/Page_App Page 6/span_planName"), 30): Object 'Object Repository/mobileSanity/STM/Page_App Page 6/span_planName' is not present after 30 second(s)

2019-07-12 09:33:04 - [MESSAGE][INFO] - Unable to find the element located by 'By.xpath: id("js-app-confirmation")/div[@class="app-confirmation-main"]/div[@class="app-confirmation-container"]/p[@class="reset"]/span[@class="emphasize"]'. Please recheck the objects properties to make sure the desired element is located. 

2019-07-12 09:33:04 - [MESSAGE][WARNING] - Object 'Object Repository/mobileSanity/STM/Page_App Page 6/span_planName' is not present after 30 second(s)

2019-07-12 09:33:04 - [TEST_STEP][FAILED] - verifyElementPresent(findTestObject("mobileSanity/STM/Page_App Page 6/span_planName"), 0): verifyElementPresent(findTestObject("mobileSanity/STM/Page_App Page 6/span_planName"), 0) FAILED.
Reason:
com.kms.katalon.core.exception.StepFailedException: Unable to verify object 'Object Repository/mobileSanity/STM/Page_App Page 6/span_planName' is present (Root cause: com.kms.katalon.core.exception.StepFailedException: com.kms.katalon.core.webui.exception.WebElementNotFoundException: Web element with id: 'Object Repository/mobileSanity/STM/Page_App Page 6/span_planName' located by 'By.xpath: id("js-app-confirmation")/div[@class="app-confirmation-main"]/div[@class="app-confirmation-container"]/p[@class="reset"]/span[@class="emphasize"]' not found)
	at com.kms.katalon.core.keyword.internal.KeywordMain.stepFailed(KeywordMain.groovy:36)
	at com.kms.katalon.core.webui.keyword.internal.WebUIKeywordMain.stepFailed(WebUIKeywordMain.groovy:65)
	at com.kms.katalon.core.webui.keyword.internal.WebUIKeywordMain.runKeyword(WebUIKeywordMain.groovy:27)
	at com.kms.katalon.core.webui.keyword.builtin.VerifyElementPresentKeyword.verifyElementPresent(VerifyElementPresentKeyword.groovy:92)
	at com.kms.katalon.core.webui.keyword.builtin.VerifyElementPresentKeyword.execute(VerifyElementPresentKeyword.groovy:68)
	at com.kms.katalon.core.keyword.internal.KeywordExecutor.executeKeywordForPlatform(KeywordExecutor.groovy:53)
	at com.kms.katalon.core.webui.keyword.WebUiBuiltInKeywords.verifyElementPresent(WebUiBuiltInKeywords.groovy:1434)
	at com.kms.katalon.core.webui.keyword.WebUiBuiltInKeywords$verifyElementPresent$13.call(Unknown Source)
	at goToEnd_stm_autofill.run(goToEnd_stm_autofill:68)
	at com.kms.katalon.core.main.ScriptEngine.run(ScriptEngine.java:194)
	at com.kms.katalon.core.main.ScriptEngine.runScriptAsRawText(ScriptEngine.java:119)
	at com.kms.katalon.core.main.TestCaseExecutor.runScript(TestCaseExecutor.java:321)
	at com.kms.katalon.core.main.TestCaseExecutor.doExecute(TestCaseExecutor.java:312)
	at com.kms.katalon.core.main.TestCaseExecutor.processExecutionPhase(TestCaseExecutor.java:291)
	at com.kms.katalon.core.main.TestCaseExecutor.accessMainPhase(TestCaseExecutor.java:283)
	at com.kms.katalon.core.main.TestCaseExecutor.execute(TestCaseExecutor.java:222)
	at com.kms.katalon.core.main.TestCaseMain.runTestCase(TestCaseMain.java:106)
	at com.kms.katalon.core.keyword.builtin.CallTestCaseKeyword$_callTestCase_closure1.doCall(CallTestCaseKeyword.groovy:59)
	at com.kms.katalon.core.keyword.builtin.CallTestCaseKeyword$_callTestCase_closure1.call(CallTestCaseKeyword.groovy)
	at com.kms.katalon.core.keyword.internal.KeywordMain.runKeyword(KeywordMain.groovy:54)
	at com.kms.katalon.core.keyword.builtin.CallTestCaseKeyword.callTestCase(CallTestCaseKeyword.groovy:80)
	at com.kms.katalon.core.keyword.builtin.CallTestCaseKeyword.execute(CallTestCaseKeyword.groovy:44)
	at com.kms.katalon.core.keyword.internal.KeywordExecutor.executeKeywordForPlatform(KeywordExecutor.groovy:53)
	at com.kms.katalon.core.keyword.BuiltinKeywords.callTestCase(BuiltinKeywords.groovy:334)
	at NationalGeneral.run(NationalGeneral:31)
	at com.kms.katalon.core.main.ScriptEngine.run(ScriptEngine.java:194)
	at com.kms.katalon.core.main.ScriptEngine.runScriptAsRawText(ScriptEngine.java:119)
	at com.kms.katalon.core.main.TestCaseExecutor.runScript(TestCaseExecutor.java:321)
	at com.kms.katalon.core.main.TestCaseExecutor.doExecute(TestCaseExecutor.java:312)
	at com.kms.katalon.core.main.TestCaseExecutor.processExecutionPhase(TestCaseExecutor.java:291)
	at com.kms.katalon.core.main.TestCaseExecutor.accessMainPhase(TestCaseExecutor.java:283)
	at com.kms.katalon.core.main.TestCaseExecutor.execute(TestCaseExecutor.java:222)
	at com.kms.katalon.core.main.TestSuiteExecutor.accessTestCaseMainPhase(TestSuiteExecutor.java:129)
	at com.kms.katalon.core.main.TestSuiteExecutor.accessTestSuiteMainPhase(TestSuiteExecutor.java:112)
	at com.kms.katalon.core.main.TestSuiteExecutor.execute(TestSuiteExecutor.java:81)
	at com.kms.katalon.core.main.TestCaseMain.startTestSuite(TestCaseMain.java:149)
	at com.kms.katalon.core.main.TestCaseMain$startTestSuite$0.call(Unknown Source)
	at TempTestSuite1562894499594.run(TempTestSuite1562894499594.groovy:36)


2019-07-12 09:33:04 - [MESSAGE][WARNING] - Timeout '0' is invalid. Using default page load timeout: '20'

2019-07-12 09:33:25 - [MESSAGE][INFO] - Unable to find the element located by 'By.xpath: id("js-app-confirmation")/div[@class="app-confirmation-main"]/div[@class="app-confirmation-container"]/p[@class="reset"]/span[@class="emphasize"]'. Please recheck the objects properties to make sure the desired element is located. 

2019-07-12 09:33:25 - [MESSAGE][FAILED] - com.kms.katalon.core.webui.exception.WebElementNotFoundException: Web element with id: 'Object Repository/mobileSanity/STM/Page_App Page 6/span_planName' located by 'By.xpath: id("js-app-confirmation")/div[@class="app-confirmation-main"]/div[@class="app-confirmation-container"]/p[@class="reset"]/span[@class="emphasize"]' not found
[[ATTACHMENT|D:\\Test\\AgileTest\\AgileTest\\Reports\\mobileWeb\\stm\\20190712_092139\\1562895205170.png]]

2019-07-12 09:33:26 - [MESSAGE][FAILED] - Unable to verify object 'Object Repository/mobileSanity/STM/Page_App Page 6/span_planName' is present (Root cause: com.kms.katalon.core.exception.StepFailedException: com.kms.katalon.core.webui.exception.WebElementNotFoundException: Web element with id: 'Object Repository/mobileSanity/STM/Page_App Page 6/span_planName' located by 'By.xpath: id("js-app-confirmation")/div[@class="app-confirmation-main"]/div[@class="app-confirmation-container"]/p[@class="reset"]/span[@class="emphasize"]' not found)
[[ATTACHMENT|D:\\Test\\AgileTest\\AgileTest\\Reports\\mobileWeb\\stm\\20190712_092139\\1562895205616.png]]

2019-07-12 09:33:26 - [MESSAGE][FAILED] - verifyElementPresent(findTestObject("mobileSanity/STM/Page_App Page 6/span_planName"), 0) FAILED.
Reason:
com.kms.katalon.core.exception.StepFailedException: Unable to verify object 'Object Repository/mobileSanity/STM/Page_App Page 6/span_planName' is present (Root cause: com.kms.katalon.core.exception.StepFailedException: com.kms.katalon.core.webui.exception.WebElementNotFoundException: Web element with id: 'Object Repository/mobileSanity/STM/Page_App Page 6/span_planName' located by 'By.xpath: id("js-app-confirmation")/div[@class="app-confirmation-main"]/div[@class="app-confirmation-container"]/p[@class="reset"]/span[@class="emphasize"]' not found)
	at com.kms.katalon.core.keyword.internal.KeywordMain.stepFailed(KeywordMain.groovy:36)
	at com.kms.katalon.core.webui.keyword.internal.WebUIKeywordMain.stepFailed(WebUIKeywordMain.groovy:65)
	at com.kms.katalon.core.webui.keyword.internal.WebUIKeywordMain.runKeyword(WebUIKeywordMain.groovy:27)
	at com.kms.katalon.core.webui.keyword.builtin.VerifyElementPresentKeyword.verifyElementPresent(VerifyElementPresentKeyword.groovy:92)
	at com.kms.katalon.core.webui.keyword.builtin.VerifyElementPresentKeyword.execute(VerifyElementPresentKeyword.groovy:68)
	at com.kms.katalon.core.keyword.internal.KeywordExecutor.executeKeywordForPlatform(KeywordExecutor.groovy:53)
	at com.kms.katalon.core.webui.keyword.WebUiBuiltInKeywords.verifyElementPresent(WebUiBuiltInKeywords.groovy:1434)
	at com.kms.katalon.core.webui.keyword.WebUiBuiltInKeywords$verifyElementPresent$13.call(Unknown Source)
	at goToEnd_stm_autofill.run(goToEnd_stm_autofill:68)
	at com.kms.katalon.core.main.ScriptEngine.run(ScriptEngine.java:194)
	at com.kms.katalon.core.main.ScriptEngine.runScriptAsRawText(ScriptEngine.java:119)
	at com.kms.katalon.core.main.TestCaseExecutor.runScript(TestCaseExecutor.java:321)
	at com.kms.katalon.core.main.TestCaseExecutor.doExecute(TestCaseExecutor.java:312)
	at com.kms.katalon.core.main.TestCaseExecutor.processExecutionPhase(TestCaseExecutor.java:291)
	at com.kms.katalon.core.main.TestCaseExecutor.accessMainPhase(TestCaseExecutor.java:283)
	at com.kms.katalon.core.main.TestCaseExecutor.execute(TestCaseExecutor.java:222)
	at com.kms.katalon.core.main.TestCaseMain.runTestCase(TestCaseMain.java:106)
	at com.kms.katalon.core.keyword.builtin.CallTestCaseKeyword$_callTestCase_closure1.doCall(CallTestCaseKeyword.groovy:59)
	at com.kms.katalon.core.keyword.builtin.CallTestCaseKeyword$_callTestCase_closure1.call(CallTestCaseKeyword.groovy)
	at com.kms.katalon.core.keyword.internal.KeywordMain.runKeyword(KeywordMain.groovy:54)
	at com.kms.katalon.core.keyword.builtin.CallTestCaseKeyword.callTestCase(CallTestCaseKeyword.groovy:80)
	at com.kms.katalon.core.keyword.builtin.CallTestCaseKeyword.execute(CallTestCaseKeyword.groovy:44)
	at com.kms.katalon.core.keyword.internal.KeywordExecutor.executeKeywordForPlatform(KeywordExecutor.groovy:53)
	at com.kms.katalon.core.keyword.BuiltinKeywords.callTestCase(BuiltinKeywords.groovy:334)
	at NationalGeneral.run(NationalGeneral:31)
	at com.kms.katalon.core.main.ScriptEngine.run(ScriptEngine.java:194)
	at com.kms.katalon.core.main.ScriptEngine.runScriptAsRawText(ScriptEngine.java:119)
	at com.kms.katalon.core.main.TestCaseExecutor.runScript(TestCaseExecutor.java:321)
	at com.kms.katalon.core.main.TestCaseExecutor.doExecute(TestCaseExecutor.java:312)
	at com.kms.katalon.core.main.TestCaseExecutor.processExecutionPhase(TestCaseExecutor.java:291)
	at com.kms.katalon.core.main.TestCaseExecutor.accessMainPhase(TestCaseExecutor.java:283)
	at com.kms.katalon.core.main.TestCaseExecutor.execute(TestCaseExecutor.java:222)
	at com.kms.katalon.core.main.TestSuiteExecutor.accessTestCaseMainPhase(TestSuiteExecutor.java:129)
	at com.kms.katalon.core.main.TestSuiteExecutor.accessTestSuiteMainPhase(TestSuiteExecutor.java:112)
	at com.kms.katalon.core.main.TestSuiteExecutor.execute(TestSuiteExecutor.java:81)
	at com.kms.katalon.core.main.TestCaseMain.startTestSuite(TestCaseMain.java:149)
	at com.kms.katalon.core.main.TestCaseMain$startTestSuite$0.call(Unknown Source)
	at TempTestSuite1562894499594.run(TempTestSuite1562894499594.groovy:36)


2019-07-12 09:33:26 - [MESSAGE][FAILED] - Unable to call Test Case 'Test Cases/mobileWeb/_include/goToEnd_stm_autofill' (Root cause: com.kms.katalon.core.exception.StepFailedException: Call Test Case 'Test Cases/mobileWeb/_include/goToEnd_stm_autofill' failed)

2019-07-12 09:33:26 - [MESSAGE][FAILED] - callTestCase(findTestCase("mobileWeb/_include/goToEnd_stm_autofill"), [:], STOP_ON_FAILURE) FAILED.
Reason:
com.kms.katalon.core.exception.StepFailedException: Unable to verify object 'Object Repository/mobileSanity/STM/Page_App Page 6/span_planName' is present (Root cause: com.kms.katalon.core.exception.StepFailedException: com.kms.katalon.core.webui.exception.WebElementNotFoundException: Web element with id: 'Object Repository/mobileSanity/STM/Page_App Page 6/span_planName' located by 'By.xpath: id("js-app-confirmation")/div[@class="app-confirmation-main"]/div[@class="app-confirmation-container"]/p[@class="reset"]/span[@class="emphasize"]' not found)
	at com.kms.katalon.core.keyword.internal.KeywordMain.stepFailed(KeywordMain.groovy:36)
	at com.kms.katalon.core.webui.keyword.internal.WebUIKeywordMain.stepFailed(WebUIKeywordMain.groovy:65)
	at com.kms.katalon.core.webui.keyword.internal.WebUIKeywordMain.runKeyword(WebUIKeywordMain.groovy:27)
	at com.kms.katalon.core.webui.keyword.builtin.VerifyElementPresentKeyword.verifyElementPresent(VerifyElementPresentKeyword.groovy:92)
	at com.kms.katalon.core.webui.keyword.builtin.VerifyElementPresentKeyword.execute(VerifyElementPresentKeyword.groovy:68)
	at com.kms.katalon.core.keyword.internal.KeywordExecutor.executeKeywordForPlatform(KeywordExecutor.groovy:53)
	at com.kms.katalon.core.webui.keyword.WebUiBuiltInKeywords.verifyElementPresent(WebUiBuiltInKeywords.groovy:1434)
	at com.kms.katalon.core.webui.keyword.WebUiBuiltInKeywords$verifyElementPresent$13.call(Unknown Source)
	at goToEnd_stm_autofill.run(goToEnd_stm_autofill:68)
	at com.kms.katalon.core.main.ScriptEngine.run(ScriptEngine.java:194)
	at com.kms.katalon.core.main.ScriptEngine.runScriptAsRawText(ScriptEngine.java:119)
	at com.kms.katalon.core.main.TestCaseExecutor.runScript(TestCaseExecutor.java:321)
	at com.kms.katalon.core.main.TestCaseExecutor.doExecute(TestCaseExecutor.java:312)
	at com.kms.katalon.core.main.TestCaseExecutor.processExecutionPhase(TestCaseExecutor.java:291)
	at com.kms.katalon.core.main.TestCaseExecutor.accessMainPhase(TestCaseExecutor.java:283)
	at com.kms.katalon.core.main.TestCaseExecutor.execute(TestCaseExecutor.java:222)
	at com.kms.katalon.core.main.TestCaseMain.runTestCase(TestCaseMain.java:106)
	at com.kms.katalon.core.keyword.builtin.CallTestCaseKeyword$_callTestCase_closure1.doCall(CallTestCaseKeyword.groovy:59)
	at com.kms.katalon.core.keyword.builtin.CallTestCaseKeyword$_callTestCase_closure1.call(CallTestCaseKeyword.groovy)
	at com.kms.katalon.core.keyword.internal.KeywordMain.runKeyword(KeywordMain.groovy:54)
	at com.kms.katalon.core.keyword.builtin.CallTestCaseKeyword.callTestCase(CallTestCaseKeyword.groovy:80)
	at com.kms.katalon.core.keyword.builtin.CallTestCaseKeyword.execute(CallTestCaseKeyword.groovy:44)
	at com.kms.katalon.core.keyword.internal.KeywordExecutor.executeKeywordForPlatform(KeywordExecutor.groovy:53)
	at com.kms.katalon.core.keyword.BuiltinKeywords.callTestCase(BuiltinKeywords.groovy:334)
	at NationalGeneral.run(NationalGeneral:31)
	at com.kms.katalon.core.main.ScriptEngine.run(ScriptEngine.java:194)
	at com.kms.katalon.core.main.ScriptEngine.runScriptAsRawText(ScriptEngine.java:119)
	at com.kms.katalon.core.main.TestCaseExecutor.runScript(TestCaseExecutor.java:321)
	at com.kms.katalon.core.main.TestCaseExecutor.doExecute(TestCaseExecutor.java:312)
	at com.kms.katalon.core.main.TestCaseExecutor.processExecutionPhase(TestCaseExecutor.java:291)
	at com.kms.katalon.core.main.TestCaseExecutor.accessMainPhase(TestCaseExecutor.java:283)
	at com.kms.katalon.core.main.TestCaseExecutor.execute(TestCaseExecutor.java:222)
	at com.kms.katalon.core.main.TestSuiteExecutor.accessTestCaseMainPhase(TestSuiteExecutor.java:129)
	at com.kms.katalon.core.main.TestSuiteExecutor.accessTestSuiteMainPhase(TestSuiteExecutor.java:112)
	at com.kms.katalon.core.main.TestSuiteExecutor.execute(TestSuiteExecutor.java:81)
	at com.kms.katalon.core.main.TestCaseMain.startTestSuite(TestCaseMain.java:149)
	at com.kms.katalon.core.main.TestCaseMain$startTestSuite$0.call(Unknown Source)
	at TempTestSuite1562894499594.run(TempTestSuite1562894499594.groovy:36)]]></system-out>
         <system-err><![CDATA[2019-07-12 09:31:03 - [TEST_CASE][FAILED] - Test Cases/mobileWeb/stm/NationalGeneral: Test Cases/mobileWeb/stm/NationalGeneral FAILED.
Reason:
com.kms.katalon.core.exception.StepFailedException: Unable to verify object 'Object Repository/mobileSanity/STM/Page_App Page 6/span_planName' is present (Root cause: com.kms.katalon.core.exception.StepFailedException: com.kms.katalon.core.webui.exception.WebElementNotFoundException: Web element with id: 'Object Repository/mobileSanity/STM/Page_App Page 6/span_planName' located by 'By.xpath: id("js-app-confirmation")/div[@class="app-confirmation-main"]/div[@class="app-confirmation-container"]/p[@class="reset"]/span[@class="emphasize"]' not found)
	at com.kms.katalon.core.keyword.internal.KeywordMain.stepFailed(KeywordMain.groovy:36)
	at com.kms.katalon.core.webui.keyword.internal.WebUIKeywordMain.stepFailed(WebUIKeywordMain.groovy:65)
	at com.kms.katalon.core.webui.keyword.internal.WebUIKeywordMain.runKeyword(WebUIKeywordMain.groovy:27)
	at com.kms.katalon.core.webui.keyword.builtin.VerifyElementPresentKeyword.verifyElementPresent(VerifyElementPresentKeyword.groovy:92)
	at com.kms.katalon.core.webui.keyword.builtin.VerifyElementPresentKeyword.execute(VerifyElementPresentKeyword.groovy:68)
	at com.kms.katalon.core.keyword.internal.KeywordExecutor.executeKeywordForPlatform(KeywordExecutor.groovy:53)
	at com.kms.katalon.core.webui.keyword.WebUiBuiltInKeywords.verifyElementPresent(WebUiBuiltInKeywords.groovy:1434)
	at com.kms.katalon.core.webui.keyword.WebUiBuiltInKeywords$verifyElementPresent$13.call(Unknown Source)
	at goToEnd_stm_autofill.run(goToEnd_stm_autofill:68)
	at com.kms.katalon.core.main.ScriptEngine.run(ScriptEngine.java:194)
	at com.kms.katalon.core.main.ScriptEngine.runScriptAsRawText(ScriptEngine.java:119)
	at com.kms.katalon.core.main.TestCaseExecutor.runScript(TestCaseExecutor.java:321)
	at com.kms.katalon.core.main.TestCaseExecutor.doExecute(TestCaseExecutor.java:312)
	at com.kms.katalon.core.main.TestCaseExecutor.processExecutionPhase(TestCaseExecutor.java:291)
	at com.kms.katalon.core.main.TestCaseExecutor.accessMainPhase(TestCaseExecutor.java:283)
	at com.kms.katalon.core.main.TestCaseExecutor.execute(TestCaseExecutor.java:222)
	at com.kms.katalon.core.main.TestCaseMain.runTestCase(TestCaseMain.java:106)
	at com.kms.katalon.core.keyword.builtin.CallTestCaseKeyword$_callTestCase_closure1.doCall(CallTestCaseKeyword.groovy:59)
	at com.kms.katalon.core.keyword.builtin.CallTestCaseKeyword$_callTestCase_closure1.call(CallTestCaseKeyword.groovy)
	at com.kms.katalon.core.keyword.internal.KeywordMain.runKeyword(KeywordMain.groovy:54)
	at com.kms.katalon.core.keyword.builtin.CallTestCaseKeyword.callTestCase(CallTestCaseKeyword.groovy:80)
	at com.kms.katalon.core.keyword.builtin.CallTestCaseKeyword.execute(CallTestCaseKeyword.groovy:44)
	at com.kms.katalon.core.keyword.internal.KeywordExecutor.executeKeywordForPlatform(KeywordExecutor.groovy:53)
	at com.kms.katalon.core.keyword.BuiltinKeywords.callTestCase(BuiltinKeywords.groovy:334)
	at NationalGeneral.run(NationalGeneral:31)
	at com.kms.katalon.core.main.ScriptEngine.run(ScriptEngine.java:194)
	at com.kms.katalon.core.main.ScriptEngine.runScriptAsRawText(ScriptEngine.java:119)
	at com.kms.katalon.core.main.TestCaseExecutor.runScript(TestCaseExecutor.java:321)
	at com.kms.katalon.core.main.TestCaseExecutor.doExecute(TestCaseExecutor.java:312)
	at com.kms.katalon.core.main.TestCaseExecutor.processExecutionPhase(TestCaseExecutor.java:291)
	at com.kms.katalon.core.main.TestCaseExecutor.accessMainPhase(TestCaseExecutor.java:283)
	at com.kms.katalon.core.main.TestCaseExecutor.execute(TestCaseExecutor.java:222)
	at com.kms.katalon.core.main.TestSuiteExecutor.accessTestCaseMainPhase(TestSuiteExecutor.java:129)
	at com.kms.katalon.core.main.TestSuiteExecutor.accessTestSuiteMainPhase(TestSuiteExecutor.java:112)
	at com.kms.katalon.core.main.TestSuiteExecutor.execute(TestSuiteExecutor.java:81)
	at com.kms.katalon.core.main.TestCaseMain.startTestSuite(TestCaseMain.java:149)
	at com.kms.katalon.core.main.TestCaseMain$startTestSuite$0.call(Unknown Source)
	at TempTestSuite1562894499594.run(TempTestSuite1562894499594.groovy:36)]]></system-err>
      </testcase>
      <system-out><![CDATA[2019-07-12 09:21:43 - [TEST_SUITE][FAILED] - stm: Test Cases/mobileWeb/stm/Companion FAILED.
Reason:
com.kms.katalon.core.exception.StepFailedException: Unable to verify object 'Object Repository/mobileSanity/STM/Page_App Page 6/span_approved' is present (Root cause: com.kms.katalon.core.exception.StepFailedException: com.kms.katalon.core.webui.exception.WebElementNotFoundException: Web element with id: 'Object Repository/mobileSanity/STM/Page_App Page 6/span_approved' located by 'By.xpath: //span[(text() = 'approved' or . = 'approved')]' not found)
	at com.kms.katalon.core.keyword.internal.KeywordMain.stepFailed(KeywordMain.groovy:36)
	at com.kms.katalon.core.webui.keyword.internal.WebUIKeywordMain.stepFailed(WebUIKeywordMain.groovy:65)
	at com.kms.katalon.core.webui.keyword.internal.WebUIKeywordMain.runKeyword(WebUIKeywordMain.groovy:27)
	at com.kms.katalon.core.webui.keyword.builtin.VerifyElementPresentKeyword.verifyElementPresent(VerifyElementPresentKeyword.groovy:92)
	at com.kms.katalon.core.webui.keyword.builtin.VerifyElementPresentKeyword.execute(VerifyElementPresentKeyword.groovy:68)
	at com.kms.katalon.core.keyword.internal.KeywordExecutor.executeKeywordForPlatform(KeywordExecutor.groovy:53)
	at com.kms.katalon.core.webui.keyword.WebUiBuiltInKeywords.verifyElementPresent(WebUiBuiltInKeywords.groovy:1434)
	at com.kms.katalon.core.webui.keyword.WebUiBuiltInKeywords$verifyElementPresent$13.call(Unknown Source)
	at goToEnd_stm_autofill.run(goToEnd_stm_autofill:70)
	at com.kms.katalon.core.main.ScriptEngine.run(ScriptEngine.java:194)
	at com.kms.katalon.core.main.ScriptEngine.runScriptAsRawText(ScriptEngine.java:119)
	at com.kms.katalon.core.main.TestCaseExecutor.runScript(TestCaseExecutor.java:321)
	at com.kms.katalon.core.main.TestCaseExecutor.doExecute(TestCaseExecutor.java:312)
	at com.kms.katalon.core.main.TestCaseExecutor.processExecutionPhase(TestCaseExecutor.java:291)
	at com.kms.katalon.core.main.TestCaseExecutor.accessMainPhase(TestCaseExecutor.java:283)
	at com.kms.katalon.core.main.TestCaseExecutor.execute(TestCaseExecutor.java:222)
	at com.kms.katalon.core.main.TestCaseMain.runTestCase(TestCaseMain.java:106)
	at com.kms.katalon.core.keyword.builtin.CallTestCaseKeyword$_callTestCase_closure1.doCall(CallTestCaseKeyword.groovy:59)
	at com.kms.katalon.core.keyword.builtin.CallTestCaseKeyword$_callTestCase_closure1.call(CallTestCaseKeyword.groovy)
	at com.kms.katalon.core.keyword.internal.KeywordMain.runKeyword(KeywordMain.groovy:54)
	at com.kms.katalon.core.keyword.builtin.CallTestCaseKeyword.callTestCase(CallTestCaseKeyword.groovy:80)
	at com.kms.katalon.core.keyword.builtin.CallTestCaseKeyword.execute(CallTestCaseKeyword.groovy:44)
	at com.kms.katalon.core.keyword.internal.KeywordExecutor.executeKeywordForPlatform(KeywordExecutor.groovy:53)
	at com.kms.katalon.core.keyword.BuiltinKeywords.callTestCase(BuiltinKeywords.groovy:334)
	at Companion.run(Companion:31)
	at com.kms.katalon.core.main.ScriptEngine.run(ScriptEngine.java:194)
	at com.kms.katalon.core.main.ScriptEngine.runScriptAsRawText(ScriptEngine.java:119)
	at com.kms.katalon.core.main.TestCaseExecutor.runScript(TestCaseExecutor.java:321)
	at com.kms.katalon.core.main.TestCaseExecutor.doExecute(TestCaseExecutor.java:312)
	at com.kms.katalon.core.main.TestCaseExecutor.processExecutionPhase(TestCaseExecutor.java:291)
	at com.kms.katalon.core.main.TestCaseExecutor.accessMainPhase(TestCaseExecutor.java:283)
	at com.kms.katalon.core.main.TestCaseExecutor.execute(TestCaseExecutor.java:222)
	at com.kms.katalon.core.main.TestSuiteExecutor.accessTestCaseMainPhase(TestSuiteExecutor.java:129)
	at com.kms.katalon.core.main.TestSuiteExecutor.accessTestSuiteMainPhase(TestSuiteExecutor.java:112)
	at com.kms.katalon.core.main.TestSuiteExecutor.execute(TestSuiteExecutor.java:81)
	at com.kms.katalon.core.main.TestCaseMain.startTestSuite(TestCaseMain.java:149)
	at com.kms.katalon.core.main.TestCaseMain$startTestSuite$0.call(Unknown Source)
	at TempTestSuite1562894499594.run(TempTestSuite1562894499594.groovy:36)]]></system-out>
      <system-err><![CDATA[2019-07-12 09:21:43 - [TEST_SUITE][FAILED] - stm: Test Cases/mobileWeb/stm/Companion FAILED.
Reason:
com.kms.katalon.core.exception.StepFailedException: Unable to verify object 'Object Repository/mobileSanity/STM/Page_App Page 6/span_approved' is present (Root cause: com.kms.katalon.core.exception.StepFailedException: com.kms.katalon.core.webui.exception.WebElementNotFoundException: Web element with id: 'Object Repository/mobileSanity/STM/Page_App Page 6/span_approved' located by 'By.xpath: //span[(text() = 'approved' or . = 'approved')]' not found)
	at com.kms.katalon.core.keyword.internal.KeywordMain.stepFailed(KeywordMain.groovy:36)
	at com.kms.katalon.core.webui.keyword.internal.WebUIKeywordMain.stepFailed(WebUIKeywordMain.groovy:65)
	at com.kms.katalon.core.webui.keyword.internal.WebUIKeywordMain.runKeyword(WebUIKeywordMain.groovy:27)
	at com.kms.katalon.core.webui.keyword.builtin.VerifyElementPresentKeyword.verifyElementPresent(VerifyElementPresentKeyword.groovy:92)
	at com.kms.katalon.core.webui.keyword.builtin.VerifyElementPresentKeyword.execute(VerifyElementPresentKeyword.groovy:68)
	at com.kms.katalon.core.keyword.internal.KeywordExecutor.executeKeywordForPlatform(KeywordExecutor.groovy:53)
	at com.kms.katalon.core.webui.keyword.WebUiBuiltInKeywords.verifyElementPresent(WebUiBuiltInKeywords.groovy:1434)
	at com.kms.katalon.core.webui.keyword.WebUiBuiltInKeywords$verifyElementPresent$13.call(Unknown Source)
	at goToEnd_stm_autofill.run(goToEnd_stm_autofill:70)
	at com.kms.katalon.core.main.ScriptEngine.run(ScriptEngine.java:194)
	at com.kms.katalon.core.main.ScriptEngine.runScriptAsRawText(ScriptEngine.java:119)
	at com.kms.katalon.core.main.TestCaseExecutor.runScript(TestCaseExecutor.java:321)
	at com.kms.katalon.core.main.TestCaseExecutor.doExecute(TestCaseExecutor.java:312)
	at com.kms.katalon.core.main.TestCaseExecutor.processExecutionPhase(TestCaseExecutor.java:291)
	at com.kms.katalon.core.main.TestCaseExecutor.accessMainPhase(TestCaseExecutor.java:283)
	at com.kms.katalon.core.main.TestCaseExecutor.execute(TestCaseExecutor.java:222)
	at com.kms.katalon.core.main.TestCaseMain.runTestCase(TestCaseMain.java:106)
	at com.kms.katalon.core.keyword.builtin.CallTestCaseKeyword$_callTestCase_closure1.doCall(CallTestCaseKeyword.groovy:59)
	at com.kms.katalon.core.keyword.builtin.CallTestCaseKeyword$_callTestCase_closure1.call(CallTestCaseKeyword.groovy)
	at com.kms.katalon.core.keyword.internal.KeywordMain.runKeyword(KeywordMain.groovy:54)
	at com.kms.katalon.core.keyword.builtin.CallTestCaseKeyword.callTestCase(CallTestCaseKeyword.groovy:80)
	at com.kms.katalon.core.keyword.builtin.CallTestCaseKeyword.execute(CallTestCaseKeyword.groovy:44)
	at com.kms.katalon.core.keyword.internal.KeywordExecutor.executeKeywordForPlatform(KeywordExecutor.groovy:53)
	at com.kms.katalon.core.keyword.BuiltinKeywords.callTestCase(BuiltinKeywords.groovy:334)
	at Companion.run(Companion:31)
	at com.kms.katalon.core.main.ScriptEngine.run(ScriptEngine.java:194)
	at com.kms.katalon.core.main.ScriptEngine.runScriptAsRawText(ScriptEngine.java:119)
	at com.kms.katalon.core.main.TestCaseExecutor.runScript(TestCaseExecutor.java:321)
	at com.kms.katalon.core.main.TestCaseExecutor.doExecute(TestCaseExecutor.java:312)
	at com.kms.katalon.core.main.TestCaseExecutor.processExecutionPhase(TestCaseExecutor.java:291)
	at com.kms.katalon.core.main.TestCaseExecutor.accessMainPhase(TestCaseExecutor.java:283)
	at com.kms.katalon.core.main.TestCaseExecutor.execute(TestCaseExecutor.java:222)
	at com.kms.katalon.core.main.TestSuiteExecutor.accessTestCaseMainPhase(TestSuiteExecutor.java:129)
	at com.kms.katalon.core.main.TestSuiteExecutor.accessTestSuiteMainPhase(TestSuiteExecutor.java:112)
	at com.kms.katalon.core.main.TestSuiteExecutor.execute(TestSuiteExecutor.java:81)
	at com.kms.katalon.core.main.TestCaseMain.startTestSuite(TestCaseMain.java:149)
	at com.kms.katalon.core.main.TestCaseMain$startTestSuite$0.call(Unknown Source)
	at TempTestSuite1562894499594.run(TempTestSuite1562894499594.groovy:36)]]></system-err>
   </testsuite>
</testsuites>
