<?xml version="1.0" encoding="UTF-8"?>
<testsuites name="teladoc" time="206" tests="0" failures="1" errors="0">
   <testsuite name="teladoc" tests="0" failures="1" errors="0" time="206" timestamp="2019-02-27 11:03:34" hostname="sofee.yu - windows10.microdone.cn" id="Test Suites/mobileWeb/teladoc">
      <properties>
         <property name="deviceName" value="samsung SM-G955F (Android 5.1.1)"/>
         <property name="devicePlatform" value=""/>
         <property name="logFolder" value="D:\\Test\\AgileTest\\AgileTest\\Reports\\mobileWeb\\teladoc\\20190227_110331"/>
         <property name="logFiles" value="D:\\Test\\AgileTest\\AgileTest\\Reports\\mobileWeb\\teladoc\\20190227_110331\\appium.log, D:\\Test\\AgileTest\\AgileTest\\Reports\\mobileWeb\\teladoc\\20190227_110331\\execution0.log"/>
         <property name="attachments" value="D:\\Test\\AgileTest\\AgileTest\\Reports\\mobileWeb\\teladoc\\20190227_110331\\../Screenshots/mobileWeb/teladoc/20190227_110336/0.png, D:\\Test\\AgileTest\\AgileTest\\Reports\\mobileWeb\\teladoc\\20190227_110331\\../Screenshots/mobileWeb/teladoc/20190227_110336/1.png, D:\\Test\\AgileTest\\AgileTest\\Reports\\mobileWeb\\teladoc\\20190227_110331\\../Screenshots/mobileWeb/teladoc/20190227_110336/2.png, D:\\Test\\AgileTest\\AgileTest\\Reports\\mobileWeb\\teladoc\\20190227_110331\\../Screenshots/mobileWeb/teladoc/20190227_110336/3.png, D:\\Test\\AgileTest\\AgileTest\\Reports\\mobileWeb\\teladoc\\20190227_110331\\../Screenshots/mobileWeb/teladoc/20190227_110336/4.png, D:\\Test\\AgileTest\\AgileTest\\Reports\\mobileWeb\\teladoc\\20190227_110331\\../Screenshots/mobileWeb/teladoc/20190227_110336/5.png, D:\\Test\\AgileTest\\AgileTest\\Reports\\mobileWeb\\teladoc\\20190227_110331\\../Screenshots/mobileWeb/teladoc/20190227_110336/6.png, D:\\Test\\AgileTest\\AgileTest\\Reports\\mobileWeb\\teladoc\\20190227_110331\\../Screenshots/mobileWeb/teladoc/20190227_110336/7.png, D:\\Test\\AgileTest\\AgileTest\\Reports\\mobileWeb\\teladoc\\20190227_110331\\1551236744127.png, D:\\Test\\AgileTest\\AgileTest\\Reports\\mobileWeb\\teladoc\\20190227_110331\\1551236762532.png, D:\\Test\\AgileTest\\AgileTest\\Reports\\mobileWeb\\teladoc\\20190227_110331\\1551236814187.png, D:\\Test\\AgileTest\\AgileTest\\Reports\\mobileWeb\\teladoc\\20190227_110331\\1551236816810.png"/>
         <property name="hostName" value="sofee.yu - windows10.microdone.cn"/>
         <property name="os" value="Windows 7 64bit"/>
         <property name="katalonVersion" value="5.9.1.2"/>
         <property name="deviceOS" value="Android"/>
         <property name="appiumVersion" value="1.8.1"/>
         <property name="sessionId" value="3e846c8e-41f6-454b-96ef-31b9056da9bb"/>
         <property name="deviceId" value="127.0.0.1:62025"/>
         <property name="deviceName" value="samsung SM-G955F (Android 5.1.1)"/>
         <property name="proxyInformation" value="ProxyInformation{proxyOption=NO_PROXY, proxyServerType=HTTP, password=, proxyServerAddress=, proxyServerPort=0}"/>
         <property name="deviceOSVersion" value="5.1.1"/>
         <property name="platform" value="Windows 7"/>
         <property name="browser" value="Chrome 71.0.3578.99"/>
         <property name="deviceModel" value="SM-G955F"/>
         <property name="hostAddress" value="172.16.86.47"/>
         <property name="deviceManufacturer" value="samsung"/>
         <property name="seleniumVersion" value="3.7.1"/>
      </properties>
      <testcase name="Test Cases/mobileWeb/Teladoc" classname="Test Cases/mobileWeb/Teladoc" status="FAILED">
         <failure type="FAILED" message="Test Cases/mobileWeb/Teladoc FAILED.
Reason:
com.kms.katalon.core.exception.StepFailedException: Unable to verify text 'Congratulations' is present  (Root cause: com.kms.katalon.core.exception.StepFailedException: Text 'Congratulations' is not present on page )
	at com.kms.katalon.core.keyword.internal.KeywordMain.stepFailed(KeywordMain.groovy:36)
	at com.kms.katalon.core.webui.keyword.internal.WebUIKeywordMain.stepFailed(WebUIKeywordMain.groovy:65)
	at com.kms.katalon.core.webui.keyword.internal.WebUIKeywordMain.runKeyword(WebUIKeywordMain.groovy:27)
	at com.kms.katalon.core.webui.keyword.builtin.VerifyTextPresentKeyword.verifyTextPresent(VerifyTextPresentKeyword.groovy:83)
	at com.kms.katalon.core.webui.keyword.builtin.VerifyTextPresentKeyword.execute(VerifyTextPresentKeyword.groovy:68)
	at com.kms.katalon.core.keyword.internal.KeywordExecutor.executeKeywordForPlatform(KeywordExecutor.groovy:53)
	at com.kms.katalon.core.webui.keyword.WebUiBuiltInKeywords.verifyTextPresent(WebUiBuiltInKeywords.groovy:1693)
	at com.kms.katalon.core.webui.keyword.WebUiBuiltInKeywords$verifyTextPresent$9.call(Unknown Source)
	at Teladoc.run(Teladoc:136)
	at com.kms.katalon.core.main.ScriptEngine.run(ScriptEngine.java:194)
	at com.kms.katalon.core.main.ScriptEngine.runScriptAsRawText(ScriptEngine.java:119)
	at com.kms.katalon.core.main.TestCaseExecutor.runScript(TestCaseExecutor.java:321)
	at com.kms.katalon.core.main.TestCaseExecutor.doExecute(TestCaseExecutor.java:312)
	at com.kms.katalon.core.main.TestCaseExecutor.processExecutionPhase(TestCaseExecutor.java:291)
	at com.kms.katalon.core.main.TestCaseExecutor.accessMainPhase(TestCaseExecutor.java:283)
	at com.kms.katalon.core.main.TestCaseExecutor.execute(TestCaseExecutor.java:222)
	at com.kms.katalon.core.main.TestSuiteExecutor.accessTestCaseMainPhase(TestSuiteExecutor.java:129)
	at com.kms.katalon.core.main.TestSuiteExecutor.accessTestSuiteMainPhase(TestSuiteExecutor.java:112)
	at com.kms.katalon.core.main.TestSuiteExecutor.execute(TestSuiteExecutor.java:81)
	at com.kms.katalon.core.main.TestCaseMain.startTestSuite(TestCaseMain.java:149)
	at com.kms.katalon.core.main.TestCaseMain$startTestSuite$0.call(Unknown Source)
	at TempTestSuite1551236611105.run(TempTestSuite1551236611105.groovy:36)
"/>
         <system-out><![CDATA[2019-02-27 11:03:34 - [TEST_CASE][FAILED] - Test Cases/mobileWeb/Teladoc: Test Cases/mobileWeb/Teladoc FAILED.
Reason:
com.kms.katalon.core.exception.StepFailedException: Unable to verify text 'Congratulations' is present  (Root cause: com.kms.katalon.core.exception.StepFailedException: Text 'Congratulations' is not present on page )
	at com.kms.katalon.core.keyword.internal.KeywordMain.stepFailed(KeywordMain.groovy:36)
	at com.kms.katalon.core.webui.keyword.internal.WebUIKeywordMain.stepFailed(WebUIKeywordMain.groovy:65)
	at com.kms.katalon.core.webui.keyword.internal.WebUIKeywordMain.runKeyword(WebUIKeywordMain.groovy:27)
	at com.kms.katalon.core.webui.keyword.builtin.VerifyTextPresentKeyword.verifyTextPresent(VerifyTextPresentKeyword.groovy:83)
	at com.kms.katalon.core.webui.keyword.builtin.VerifyTextPresentKeyword.execute(VerifyTextPresentKeyword.groovy:68)
	at com.kms.katalon.core.keyword.internal.KeywordExecutor.executeKeywordForPlatform(KeywordExecutor.groovy:53)
	at com.kms.katalon.core.webui.keyword.WebUiBuiltInKeywords.verifyTextPresent(WebUiBuiltInKeywords.groovy:1693)
	at com.kms.katalon.core.webui.keyword.WebUiBuiltInKeywords$verifyTextPresent$9.call(Unknown Source)
	at Teladoc.run(Teladoc:136)
	at com.kms.katalon.core.main.ScriptEngine.run(ScriptEngine.java:194)
	at com.kms.katalon.core.main.ScriptEngine.runScriptAsRawText(ScriptEngine.java:119)
	at com.kms.katalon.core.main.TestCaseExecutor.runScript(TestCaseExecutor.java:321)
	at com.kms.katalon.core.main.TestCaseExecutor.doExecute(TestCaseExecutor.java:312)
	at com.kms.katalon.core.main.TestCaseExecutor.processExecutionPhase(TestCaseExecutor.java:291)
	at com.kms.katalon.core.main.TestCaseExecutor.accessMainPhase(TestCaseExecutor.java:283)
	at com.kms.katalon.core.main.TestCaseExecutor.execute(TestCaseExecutor.java:222)
	at com.kms.katalon.core.main.TestSuiteExecutor.accessTestCaseMainPhase(TestSuiteExecutor.java:129)
	at com.kms.katalon.core.main.TestSuiteExecutor.accessTestSuiteMainPhase(TestSuiteExecutor.java:112)
	at com.kms.katalon.core.main.TestSuiteExecutor.execute(TestSuiteExecutor.java:81)
	at com.kms.katalon.core.main.TestCaseMain.startTestSuite(TestCaseMain.java:149)
	at com.kms.katalon.core.main.TestCaseMain$startTestSuite$0.call(Unknown Source)
	at TempTestSuite1551236611105.run(TempTestSuite1551236611105.groovy:36)


2019-02-27 11:03:36 - [TEST_STEP][PASSED] - now = new java.util.Date(): null

2019-02-27 11:03:36 - [TEST_STEP][PASSED] - mydate = now.format("yyyyMMdd_HHmmss"): null

2019-02-27 11:03:36 - [TEST_STEP][PASSED] - screenPath = teladoc + mydate + "/": null

2019-02-27 11:03:36 - [TEST_STEP][PASSED] - i = 0: null

2019-02-27 11:03:36 - [TEST_STEP][PASSED] - callTestCase(findTestCase("mobileWeb/_include/openWebSite"), [:], STOP_ON_FAILURE): Call Test Case 'Test Cases/mobileWeb/_include/openWebSite' successfully

2019-02-27 11:03:36 - [TEST_CASE][PASSED] - Test Cases/mobileWeb/_include/openWebSite: Test Cases/mobileWeb/_include/openWebSite

2019-02-27 11:03:36 - [TEST_STEP][PASSED] - openBrowser(""): Browser is opened with url: ''

2019-02-27 11:03:37 - [MESSAGE][INFO] - Starting 'Android' driver

2019-02-27 11:03:37 - [MESSAGE][INFO] - User set preference: ['deviceName', 'samsung SM-G955F (Android 5.1.1)']

2019-02-27 11:03:37 - [MESSAGE][INFO] - User set preference: ['deviceId', '127.0.0.1:62025']

2019-02-27 11:03:43 - [MESSAGE][INFO] - Appium server started on port 51,631

2019-02-27 11:03:58 - [MESSAGE][PASSED] - Browser is opened with url: ''

2019-02-27 11:03:58 - [TEST_STEP][PASSED] - navigateToUrl(ENV): Navigate to 'https://praetemptatus.agilehealthinsurance.com' successfully

2019-02-27 11:04:02 - [MESSAGE][PASSED] - Navigate to 'https://praetemptatus.agilehealthinsurance.com' successfully

2019-02-27 11:04:02 - [TEST_STEP][PASSED] - waitForPageLoad(10): Wait for page load successfully

2019-02-27 11:04:02 - [MESSAGE][PASSED] - Wait for page load successfully

2019-02-27 11:04:02 - [TEST_STEP][PASSED] - callTestCase(findTestCase("mobileWeb/_include/get_screenshot"), [:], STOP_ON_FAILURE): Call Test Case 'Test Cases/mobileWeb/_include/get_screenshot' successfully

2019-02-27 11:04:02 - [TEST_CASE][PASSED] - Test Cases/mobileWeb/_include/get_screenshot: Test Cases/mobileWeb/_include/get_screenshot

2019-02-27 11:04:02 - [TEST_STEP][PASSED] - takeScreenshot(screenPath + i + ".png"): Screenshot is taken

2019-02-27 11:04:05 - [MESSAGE][PASSED] - Screenshot is taken
[[ATTACHMENT|D:\\Test\\AgileTest\\AgileTest\\Reports\\mobileWeb\\teladoc\\20190227_110331\\../Screenshots/mobileWeb/teladoc/20190227_110336/0.png]]

2019-02-27 11:04:05 - [TEST_STEP][PASSED] - (internal.GlobalVariable.i++): null

2019-02-27 11:04:05 - [MESSAGE][PASSED] - Call Test Case 'Test Cases/mobileWeb/_include/get_screenshot' successfully

2019-02-27 11:04:05 - [MESSAGE][PASSED] - Call Test Case 'Test Cases/mobileWeb/_include/openWebSite' successfully

2019-02-27 11:04:05 - [TEST_STEP][PASSED] - callTestCase(findTestCase("mobileWeb/_include/get_screenshot"), [:], STOP_ON_FAILURE): Call Test Case 'Test Cases/mobileWeb/_include/get_screenshot' successfully

2019-02-27 11:04:05 - [TEST_CASE][PASSED] - Test Cases/mobileWeb/_include/get_screenshot: Test Cases/mobileWeb/_include/get_screenshot

2019-02-27 11:04:05 - [TEST_STEP][PASSED] - takeScreenshot(screenPath + i + ".png"): Screenshot is taken

2019-02-27 11:04:07 - [MESSAGE][PASSED] - Screenshot is taken
[[ATTACHMENT|D:\\Test\\AgileTest\\AgileTest\\Reports\\mobileWeb\\teladoc\\20190227_110331\\../Screenshots/mobileWeb/teladoc/20190227_110336/1.png]]

2019-02-27 11:04:08 - [TEST_STEP][PASSED] - (internal.GlobalVariable.i++): null

2019-02-27 11:04:08 - [MESSAGE][PASSED] - Call Test Case 'Test Cases/mobileWeb/_include/get_screenshot' successfully

2019-02-27 11:04:08 - [TEST_STEP][PASSED] - click(findTestObject("mobileSanity/Common/side_nav/menu")): Object: 'Object Repository/mobileSanity/Common/side_nav/menu' is clicked on

2019-02-27 11:04:09 - [MESSAGE][PASSED] - Object: 'Object Repository/mobileSanity/Common/side_nav/menu' is clicked on

2019-02-27 11:04:09 - [TEST_STEP][PASSED] - Thread.sleep(3000): null

2019-02-27 11:04:12 - [TEST_STEP][PASSED] - callTestCase(findTestCase("mobileWeb/_include/get_screenshot"), [:], STOP_ON_FAILURE): Call Test Case 'Test Cases/mobileWeb/_include/get_screenshot' successfully

2019-02-27 11:04:12 - [TEST_CASE][PASSED] - Test Cases/mobileWeb/_include/get_screenshot: Test Cases/mobileWeb/_include/get_screenshot

2019-02-27 11:04:12 - [TEST_STEP][PASSED] - takeScreenshot(screenPath + i + ".png"): Screenshot is taken

2019-02-27 11:04:13 - [MESSAGE][PASSED] - Screenshot is taken
[[ATTACHMENT|D:\\Test\\AgileTest\\AgileTest\\Reports\\mobileWeb\\teladoc\\20190227_110331\\../Screenshots/mobileWeb/teladoc/20190227_110336/2.png]]

2019-02-27 11:04:13 - [TEST_STEP][PASSED] - (internal.GlobalVariable.i++): null

2019-02-27 11:04:13 - [MESSAGE][PASSED] - Call Test Case 'Test Cases/mobileWeb/_include/get_screenshot' successfully

2019-02-27 11:04:13 - [TEST_STEP][PASSED] - click(findTestObject("mobileSanity/Common/side_nav/nav_teladoc")): Object: 'Object Repository/mobileSanity/Common/side_nav/nav_teladoc' is clicked on

2019-02-27 11:04:17 - [MESSAGE][PASSED] - Object: 'Object Repository/mobileSanity/Common/side_nav/nav_teladoc' is clicked on

2019-02-27 11:04:17 - [TEST_STEP][PASSED] - waitForPageLoad(10): Wait for page load successfully

2019-02-27 11:04:17 - [MESSAGE][PASSED] - Wait for page load successfully

2019-02-27 11:04:17 - [TEST_STEP][PASSED] - callTestCase(findTestCase("mobileWeb/_include/get_screenshot"), [:], STOP_ON_FAILURE): Call Test Case 'Test Cases/mobileWeb/_include/get_screenshot' successfully

2019-02-27 11:04:17 - [TEST_CASE][PASSED] - Test Cases/mobileWeb/_include/get_screenshot: Test Cases/mobileWeb/_include/get_screenshot

2019-02-27 11:04:17 - [TEST_STEP][PASSED] - takeScreenshot(screenPath + i + ".png"): Screenshot is taken

2019-02-27 11:04:18 - [MESSAGE][PASSED] - Screenshot is taken
[[ATTACHMENT|D:\\Test\\AgileTest\\AgileTest\\Reports\\mobileWeb\\teladoc\\20190227_110331\\../Screenshots/mobileWeb/teladoc/20190227_110336/3.png]]

2019-02-27 11:04:21 - [TEST_STEP][PASSED] - (internal.GlobalVariable.i++): null

2019-02-27 11:04:21 - [MESSAGE][PASSED] - Call Test Case 'Test Cases/mobileWeb/_include/get_screenshot' successfully

2019-02-27 11:04:21 - [TEST_STEP][PASSED] - click(findTestObject("mobileSanity/Teladoc/front_door_quote_button")): Object: 'Object Repository/mobileSanity/Teladoc/front_door_quote_button' is clicked on

2019-02-27 11:04:24 - [MESSAGE][PASSED] - Object: 'Object Repository/mobileSanity/Teladoc/front_door_quote_button' is clicked on

2019-02-27 11:04:24 - [TEST_STEP][PASSED] - waitForPageLoad(10): Wait for page load successfully

2019-02-27 11:04:28 - [MESSAGE][PASSED] - Wait for page load successfully

2019-02-27 11:04:28 - [TEST_STEP][PASSED] - callTestCase(findTestCase("mobileWeb/_include/get_screenshot"), [:], STOP_ON_FAILURE): Call Test Case 'Test Cases/mobileWeb/_include/get_screenshot' successfully

2019-02-27 11:04:28 - [TEST_CASE][PASSED] - Test Cases/mobileWeb/_include/get_screenshot: Test Cases/mobileWeb/_include/get_screenshot

2019-02-27 11:04:28 - [TEST_STEP][PASSED] - takeScreenshot(screenPath + i + ".png"): Screenshot is taken

2019-02-27 11:04:30 - [MESSAGE][PASSED] - Screenshot is taken
[[ATTACHMENT|D:\\Test\\AgileTest\\AgileTest\\Reports\\mobileWeb\\teladoc\\20190227_110331\\../Screenshots/mobileWeb/teladoc/20190227_110336/4.png]]

2019-02-27 11:04:30 - [TEST_STEP][PASSED] - (internal.GlobalVariable.i++): null

2019-02-27 11:04:30 - [MESSAGE][PASSED] - Call Test Case 'Test Cases/mobileWeb/_include/get_screenshot' successfully

2019-02-27 11:04:30 - [TEST_STEP][PASSED] - sendKeys(findTestObject("mobileSanity/Teladoc/census/input_Location_zip-input"), "35215"): Keys '35215' sent to object: 'Object Repository/mobileSanity/Teladoc/census/input_Location_zip-input'

2019-02-27 11:04:31 - [MESSAGE][PASSED] - Keys '35215' sent to object: 'Object Repository/mobileSanity/Teladoc/census/input_Location_zip-input'

2019-02-27 11:04:31 - [TEST_STEP][PASSED] - setText(findTestObject("mobileSanity/Teladoc/census/input_Date of Birth_dob-0"), "12/12/1980"): Text '12/12/1980' is set on object 'Object Repository/mobileSanity/Teladoc/census/input_Date of Birth_dob-0'

2019-02-27 11:04:32 - [MESSAGE][PASSED] - Text '12/12/1980' is set on object 'Object Repository/mobileSanity/Teladoc/census/input_Date of Birth_dob-0'

2019-02-27 11:04:32 - [TEST_STEP][PASSED] - click(findTestObject("mobileSanity/Teladoc/census/label_Male")): Object: 'Object Repository/mobileSanity/Teladoc/census/label_Male' is clicked on

2019-02-27 11:04:33 - [MESSAGE][PASSED] - Object: 'Object Repository/mobileSanity/Teladoc/census/label_Male' is clicked on

2019-02-27 11:04:33 - [TEST_STEP][PASSED] - Thread.sleep(3000): null

2019-02-27 11:04:36 - [TEST_STEP][PASSED] - callTestCase(findTestCase("mobileWeb/_include/get_screenshot"), [:], STOP_ON_FAILURE): Call Test Case 'Test Cases/mobileWeb/_include/get_screenshot' successfully

2019-02-27 11:04:36 - [TEST_CASE][PASSED] - Test Cases/mobileWeb/_include/get_screenshot: Test Cases/mobileWeb/_include/get_screenshot

2019-02-27 11:04:36 - [TEST_STEP][PASSED] - takeScreenshot(screenPath + i + ".png"): Screenshot is taken

2019-02-27 11:04:37 - [MESSAGE][PASSED] - Screenshot is taken
[[ATTACHMENT|D:\\Test\\AgileTest\\AgileTest\\Reports\\mobileWeb\\teladoc\\20190227_110331\\../Screenshots/mobileWeb/teladoc/20190227_110336/5.png]]

2019-02-27 11:04:37 - [TEST_STEP][PASSED] - (internal.GlobalVariable.i++): null

2019-02-27 11:04:37 - [MESSAGE][PASSED] - Call Test Case 'Test Cases/mobileWeb/_include/get_screenshot' successfully

2019-02-27 11:04:37 - [TEST_STEP][PASSED] - click(findTestObject("mobileSanity/Teladoc/census/label_Start Secure Application")): Object: 'Object Repository/mobileSanity/Teladoc/census/label_Start Secure Application' is clicked on

2019-02-27 11:04:45 - [MESSAGE][PASSED] - Object: 'Object Repository/mobileSanity/Teladoc/census/label_Start Secure Application' is clicked on

2019-02-27 11:04:45 - [TEST_STEP][PASSED] - waitForPageLoad(10): Wait for page load successfully

2019-02-27 11:04:45 - [MESSAGE][PASSED] - Wait for page load successfully

2019-02-27 11:04:45 - [TEST_STEP][PASSED] - callTestCase(findTestCase("mobileWeb/_include/get_screenshot"), [:], STOP_ON_FAILURE): Call Test Case 'Test Cases/mobileWeb/_include/get_screenshot' successfully

2019-02-27 11:04:45 - [TEST_CASE][PASSED] - Test Cases/mobileWeb/_include/get_screenshot: Test Cases/mobileWeb/_include/get_screenshot

2019-02-27 11:04:45 - [TEST_STEP][PASSED] - takeScreenshot(screenPath + i + ".png"): Screenshot is taken

2019-02-27 11:04:47 - [MESSAGE][PASSED] - Screenshot is taken
[[ATTACHMENT|D:\\Test\\AgileTest\\AgileTest\\Reports\\mobileWeb\\teladoc\\20190227_110331\\../Screenshots/mobileWeb/teladoc/20190227_110336/6.png]]

2019-02-27 11:04:49 - [TEST_STEP][PASSED] - (internal.GlobalVariable.i++): null

2019-02-27 11:04:49 - [MESSAGE][PASSED] - Call Test Case 'Test Cases/mobileWeb/_include/get_screenshot' successfully

2019-02-27 11:04:49 - [TEST_STEP][PASSED] - callTestCase(findTestCase("mobileWeb/_include/name"), [:], STOP_ON_FAILURE): Call Test Case 'Test Cases/mobileWeb/_include/name' successfully

2019-02-27 11:04:49 - [TEST_CASE][PASSED] - Test Cases/mobileWeb/_include/name: Test Cases/mobileWeb/_include/name

2019-02-27 11:04:49 - [TEST_STEP][PASSED] - driver = getWebDriver(): null

2019-02-27 11:04:49 - [TEST_STEP][PASSED] - selenium = new com.thoughtworks.selenium.webdriven.WebDriverBackedSelenium(driver, internal.GlobalVariable.ENV): null

2019-02-27 11:04:50 - [TEST_STEP][PASSED] - FirstName = "Test-123": null

2019-02-27 11:04:50 - [TEST_STEP][PASSED] - LastName = selenium.getEval("{var x="ABCDEFGHIJKLMNOPQRSTUVWXYZabcdefghijklmnopqrstuvwxyz"; var tmp="ZZ11-"; for (i=0;i<8;i++) tmp+=x.charAt(Math.ceil(51*Math.random()));tmp;}"): null

2019-02-27 11:04:50 - [TEST_STEP][PASSED] - Address = selenium.getEval("{var x="ABCDEFGHIJKLMNOPQRSTUVWXYZabcdefghijklmnopqrstuvwxyz"; var tmp=""; for (i=0;i<8;i++) tmp+=x.charAt(Math.ceil(51*Math.random()));tmp;}"): null

2019-02-27 11:04:50 - [TEST_STEP][PASSED] - City = selenium.getEval("{var x="ABCDEFGHIJKLMNOPQRSTUVWXYZabcdefghijklmnopqrstuvwxyz"; var tmp=""; for (i=0;i<8;i++) tmp+=x.charAt(Math.ceil(51*Math.random()));tmp;}"): null

2019-02-27 11:04:51 - [TEST_STEP][PASSED] - tel1 = selenium.getEval("{var x="123456789"; var tmp=""; for (i=0;i<3;i++) tmp+=x.charAt(Math.ceil(8*Math.random()));tmp;}"): null

2019-02-27 11:04:51 - [TEST_STEP][PASSED] - tel2 = selenium.getEval("{var x="123456789"; var tmp=""; for (i=0;i<3;i++) tmp+=x.charAt(Math.ceil(8*Math.random()));tmp;}"): null

2019-02-27 11:04:51 - [TEST_STEP][PASSED] - tel3 = selenium.getEval("{var x="123456789"; var tmp=""; for (i=0;i<4;i++) tmp+=x.charAt(Math.ceil(8*Math.random()));tmp;}"): null

2019-02-27 11:04:51 - [TEST_STEP][PASSED] - Tel = selenium.getExpression(tel1 + "-" + tel2 + "-" + tel3): null

2019-02-27 11:04:51 - [TEST_STEP][PASSED] - AutoEmail = selenium.getEval("{var x="ABCDEFGHIJKLMNOPQRSTUVWXYZabcdefghijklmnopqrstuvwxyz"; var tmp="test."; for (i=0;i<8;i++) tmp+=x.charAt(Math.ceil(51*Math.random()));tmp+="@suryani.cn";}"): null

2019-02-27 11:04:51 - [TEST_STEP][PASSED] - FirstName = FirstName: null

2019-02-27 11:04:51 - [TEST_STEP][PASSED] - LastName = LastName: null

2019-02-27 11:04:51 - [TEST_STEP][PASSED] - Address = Address: null

2019-02-27 11:04:51 - [TEST_STEP][PASSED] - City = City: null

2019-02-27 11:04:51 - [TEST_STEP][PASSED] - Tel = Tel: null

2019-02-27 11:04:51 - [TEST_STEP][PASSED] - AutoEmail = AutoEmail: null

2019-02-27 11:04:51 - [TEST_STEP][PASSED] - println(FirstName): null

2019-02-27 11:04:51 - [TEST_STEP][PASSED] - println(LastName): null

2019-02-27 11:04:51 - [TEST_STEP][PASSED] - println(Address): null

2019-02-27 11:04:51 - [TEST_STEP][PASSED] - println(City): null

2019-02-27 11:04:51 - [TEST_STEP][PASSED] - println(Tel): null

2019-02-27 11:04:51 - [TEST_STEP][PASSED] - println(AutoEmail): null

2019-02-27 11:04:51 - [MESSAGE][PASSED] - Call Test Case 'Test Cases/mobileWeb/_include/name' successfully

2019-02-27 11:04:51 - [TEST_STEP][PASSED] - setText(findTestObject("mobileSanity/Teladoc/Page_App Page 1/input__member-P-1-firstName"), FirstName): Text 'Test-123' is set on object 'Object Repository/mobileSanity/Teladoc/Page_App Page 1/input__member-P-1-firstName'

2019-02-27 11:04:53 - [MESSAGE][PASSED] - Text 'Test-123' is set on object 'Object Repository/mobileSanity/Teladoc/Page_App Page 1/input__member-P-1-firstName'

2019-02-27 11:04:53 - [TEST_STEP][PASSED] - setText(findTestObject("mobileSanity/Teladoc/Page_App Page 1/input__member-P-1-lastName"), LastName): Text 'ZZ11-DEvWMdtI' is set on object 'Object Repository/mobileSanity/Teladoc/Page_App Page 1/input__member-P-1-lastName'

2019-02-27 11:04:56 - [MESSAGE][PASSED] - Text 'ZZ11-DEvWMdtI' is set on object 'Object Repository/mobileSanity/Teladoc/Page_App Page 1/input__member-P-1-lastName'

2019-02-27 11:04:56 - [TEST_STEP][PASSED] - selectOptionByValue(findTestObject("mobileSanity/Teladoc/Page_App Page 1/select_01020304050607"), "05", true): All options with value '05' are selected in object 'Object Repository/mobileSanity/Teladoc/Page_App Page 1/select_01020304050607'  using regular expression

2019-02-27 11:05:00 - [MESSAGE][PASSED] - All options with value '05' are selected in object 'Object Repository/mobileSanity/Teladoc/Page_App Page 1/select_01020304050607'  using regular expression

2019-02-27 11:05:00 - [TEST_STEP][PASSED] - selectOptionByValue(findTestObject("mobileSanity/Teladoc/Page_App Page 1/select_00102030405060708091011"), "06", true): All options with value '06' are selected in object 'Object Repository/mobileSanity/Teladoc/Page_App Page 1/select_00102030405060708091011'  using regular expression

2019-02-27 11:05:08 - [MESSAGE][PASSED] - All options with value '06' are selected in object 'Object Repository/mobileSanity/Teladoc/Page_App Page 1/select_00102030405060708091011'  using regular expression

2019-02-27 11:05:08 - [TEST_STEP][PASSED] - setText(findTestObject("mobileSanity/Teladoc/Page_App Page 1/input_lbs"), "180"): Text '180' is set on object 'Object Repository/mobileSanity/Teladoc/Page_App Page 1/input_lbs'

2019-02-27 11:05:09 - [MESSAGE][PASSED] - Text '180' is set on object 'Object Repository/mobileSanity/Teladoc/Page_App Page 1/input_lbs'

2019-02-27 11:05:09 - [TEST_STEP][PASSED] - setText(findTestObject("mobileSanity/Teladoc/Page_App Page 1/input__address"), Address): Text 'hrYJXzht' is set on object 'Object Repository/mobileSanity/Teladoc/Page_App Page 1/input__address'

2019-02-27 11:05:10 - [MESSAGE][PASSED] - Text 'hrYJXzht' is set on object 'Object Repository/mobileSanity/Teladoc/Page_App Page 1/input__address'

2019-02-27 11:05:10 - [TEST_STEP][PASSED] - setText(findTestObject("mobileSanity/Teladoc/Page_App Page 1/input__city"), City): Text 'VnBaywhx' is set on object 'Object Repository/mobileSanity/Teladoc/Page_App Page 1/input__city'

2019-02-27 11:05:11 - [MESSAGE][PASSED] - Text 'VnBaywhx' is set on object 'Object Repository/mobileSanity/Teladoc/Page_App Page 1/input__city'

2019-02-27 11:05:11 - [TEST_STEP][PASSED] - setText(findTestObject("mobileSanity/Teladoc/Page_App Page 1/input__email"), AutoEmail): Text 'test.HdvRnxkU@suryani.cn' is set on object 'Object Repository/mobileSanity/Teladoc/Page_App Page 1/input__email'

2019-02-27 11:05:13 - [MESSAGE][PASSED] - Text 'test.HdvRnxkU@suryani.cn' is set on object 'Object Repository/mobileSanity/Teladoc/Page_App Page 1/input__email'

2019-02-27 11:05:13 - [TEST_STEP][PASSED] - setText(findTestObject("mobileSanity/Teladoc/Page_App Page 1/input_phone number"), Tel): Text '578-464-7739' is set on object 'Object Repository/mobileSanity/Teladoc/Page_App Page 1/input_phone number'

2019-02-27 11:05:15 - [MESSAGE][PASSED] - Text '578-464-7739' is set on object 'Object Repository/mobileSanity/Teladoc/Page_App Page 1/input_phone number'

2019-02-27 11:05:15 - [TEST_STEP][PASSED] - click(findTestObject("mobileSanity/Teladoc/Page_App Page 1/a_Continue to Step 2 - Payment")): Object: 'Object Repository/mobileSanity/Teladoc/Page_App Page 1/a_Continue to Step 2 - Payment' is clicked on

2019-02-27 11:05:15 - [MESSAGE][PASSED] - Object: 'Object Repository/mobileSanity/Teladoc/Page_App Page 1/a_Continue to Step 2 - Payment' is clicked on

2019-02-27 11:05:15 - [TEST_STEP][PASSED] - waitForPageLoad(10): Wait for page load successfully

2019-02-27 11:05:15 - [MESSAGE][PASSED] - Wait for page load successfully

2019-02-27 11:05:15 - [TEST_STEP][PASSED] - callTestCase(findTestCase("mobileWeb/_include/get_screenshot"), [:], STOP_ON_FAILURE): Call Test Case 'Test Cases/mobileWeb/_include/get_screenshot' successfully

2019-02-27 11:05:15 - [TEST_CASE][PASSED] - Test Cases/mobileWeb/_include/get_screenshot: Test Cases/mobileWeb/_include/get_screenshot

2019-02-27 11:05:15 - [TEST_STEP][PASSED] - takeScreenshot(screenPath + i + ".png"): Screenshot is taken

2019-02-27 11:05:17 - [MESSAGE][PASSED] - Screenshot is taken
[[ATTACHMENT|D:\\Test\\AgileTest\\AgileTest\\Reports\\mobileWeb\\teladoc\\20190227_110331\\../Screenshots/mobileWeb/teladoc/20190227_110336/7.png]]

2019-02-27 11:05:17 - [TEST_STEP][PASSED] - (internal.GlobalVariable.i++): null

2019-02-27 11:05:17 - [MESSAGE][PASSED] - Call Test Case 'Test Cases/mobileWeb/_include/get_screenshot' successfully

2019-02-27 11:05:17 - [TEST_STEP][PASSED] - setText(findTestObject("mobileSanity/Teladoc/Page_App Page 2/input__credit-card-first"), FirstName): Text 'Test-123' is set on object 'Object Repository/mobileSanity/Teladoc/Page_App Page 2/input__credit-card-first'

2019-02-27 11:05:19 - [MESSAGE][PASSED] - Text 'Test-123' is set on object 'Object Repository/mobileSanity/Teladoc/Page_App Page 2/input__credit-card-first'

2019-02-27 11:05:19 - [TEST_STEP][PASSED] - setText(findTestObject("mobileSanity/Teladoc/Page_App Page 2/input__credit-card-last"), LastName): Text 'ZZ11-DEvWMdtI' is set on object 'Object Repository/mobileSanity/Teladoc/Page_App Page 2/input__credit-card-last'

2019-02-27 11:05:20 - [MESSAGE][PASSED] - Text 'ZZ11-DEvWMdtI' is set on object 'Object Repository/mobileSanity/Teladoc/Page_App Page 2/input__credit-card-last'

2019-02-27 11:05:20 - [TEST_STEP][PASSED] - selectOptionByValue(findTestObject("mobileSanity/Teladoc/Page_App Page 2/select_MM010203040506070809101"), "12", true): All options with value '12' are selected in object 'Object Repository/mobileSanity/Teladoc/Page_App Page 2/select_MM010203040506070809101'  using regular expression

2019-02-27 11:05:28 - [MESSAGE][PASSED] - All options with value '12' are selected in object 'Object Repository/mobileSanity/Teladoc/Page_App Page 2/select_MM010203040506070809101'  using regular expression

2019-02-27 11:05:28 - [TEST_STEP][PASSED] - selectOptionByValue(findTestObject("mobileSanity/Teladoc/Page_App Page 2/select_YYYY2019202020212022202"), "2026", true): All options with value '2026' are selected in object 'Object Repository/mobileSanity/Teladoc/Page_App Page 2/select_YYYY2019202020212022202'  using regular expression

2019-02-27 11:05:34 - [MESSAGE][PASSED] - All options with value '2026' are selected in object 'Object Repository/mobileSanity/Teladoc/Page_App Page 2/select_YYYY2019202020212022202'  using regular expression

2019-02-27 11:05:34 - [TEST_STEP][PASSED] - setText(findTestObject("mobileSanity/Teladoc/Page_App Page 2/input__credit-card-number"), "4111111111111111"): Text '4111111111111111' is set on object 'Object Repository/mobileSanity/Teladoc/Page_App Page 2/input__credit-card-number'

2019-02-27 11:05:35 - [MESSAGE][PASSED] - Text '4111111111111111' is set on object 'Object Repository/mobileSanity/Teladoc/Page_App Page 2/input__credit-card-number'

2019-02-27 11:05:35 - [TEST_STEP][PASSED] - setText(findTestObject("mobileSanity/Teladoc/Page_App Page 2/input__credit-card-cvv"), "122"): Text '122' is set on object 'Object Repository/mobileSanity/Teladoc/Page_App Page 2/input__credit-card-cvv'

2019-02-27 11:05:36 - [MESSAGE][PASSED] - Text '122' is set on object 'Object Repository/mobileSanity/Teladoc/Page_App Page 2/input__credit-card-cvv'

2019-02-27 11:05:36 - [TEST_STEP][PASSED] - click(findTestObject("mobileSanity/Teladoc/Page_App Page 2/label_My billing address is th")): Object: 'Object Repository/mobileSanity/Teladoc/Page_App Page 2/label_My billing address is th' is clicked on

2019-02-27 11:05:37 - [MESSAGE][PASSED] - Object: 'Object Repository/mobileSanity/Teladoc/Page_App Page 2/label_My billing address is th' is clicked on

2019-02-27 11:05:37 - [TEST_STEP][PASSED] - click(findTestObject("mobileSanity/Teladoc/Page_App Page 2/label_I Accept Authorization f")): Object: 'Object Repository/mobileSanity/Teladoc/Page_App Page 2/label_I Accept Authorization f' is clicked on

2019-02-27 11:05:37 - [MESSAGE][PASSED] - Object: 'Object Repository/mobileSanity/Teladoc/Page_App Page 2/label_I Accept Authorization f' is clicked on

2019-02-27 11:05:37 - [TEST_STEP][PASSED] - click(findTestObject("mobileSanity/Teladoc/Page_App Page 2/a_Continue to Step 3 - Review")): Object: 'Object Repository/mobileSanity/Teladoc/Page_App Page 2/a_Continue to Step 3 - Review' is clicked on

2019-02-27 11:05:39 - [MESSAGE][PASSED] - Object: 'Object Repository/mobileSanity/Teladoc/Page_App Page 2/a_Continue to Step 3 - Review' is clicked on

2019-02-27 11:05:39 - [TEST_STEP][PASSED] - waitForPageLoad(10): Wait for page load successfully

2019-02-27 11:05:39 - [MESSAGE][PASSED] - Wait for page load successfully

2019-02-27 11:05:39 - [TEST_STEP][PASSED] - Thread.sleep(5000): null

2019-02-27 11:05:44 - [TEST_STEP][PASSED] - takeScreenshot(): Screenshot is taken

2019-02-27 11:05:45 - [MESSAGE][PASSED] - Screenshot is taken
[[ATTACHMENT|D:\\Test\\AgileTest\\AgileTest\\Reports\\mobileWeb\\teladoc\\20190227_110331\\1551236744127.png]]

2019-02-27 11:05:45 - [TEST_STEP][PASSED] - scrollToElement(findTestObject("mobileSanity/Teladoc/Page_App Page 3/label"), 10): Scroll to object 'Object Repository/mobileSanity/Teladoc/Page_App Page 3/label' successfully

2019-02-27 11:05:52 - [MESSAGE][PASSED] - Scroll to object 'Object Repository/mobileSanity/Teladoc/Page_App Page 3/label' successfully

2019-02-27 11:05:52 - [TEST_STEP][PASSED] - waitForElementClickable(findTestObject("mobileSanity/Teladoc/Page_App Page 3/label"), 10): Object 'Object Repository/mobileSanity/Teladoc/Page_App Page 3/label' is clickable

2019-02-27 11:05:52 - [MESSAGE][PASSED] - Object 'Object Repository/mobileSanity/Teladoc/Page_App Page 3/label' is clickable

2019-02-27 11:05:52 - [TEST_STEP][PASSED] - click(findTestObject("mobileSanity/Teladoc/Page_App Page 3/label")): Object: 'Object Repository/mobileSanity/Teladoc/Page_App Page 3/label' is clicked on

2019-02-27 11:06:01 - [MESSAGE][PASSED] - Object: 'Object Repository/mobileSanity/Teladoc/Page_App Page 3/label' is clicked on

2019-02-27 11:06:01 - [TEST_STEP][PASSED] - click(findTestObject("mobileSanity/Teladoc/Page_App Page 3/p_")): Object: 'Object Repository/mobileSanity/Teladoc/Page_App Page 3/p_' is clicked on

2019-02-27 11:06:02 - [MESSAGE][PASSED] - Object: 'Object Repository/mobileSanity/Teladoc/Page_App Page 3/p_' is clicked on

2019-02-27 11:06:02 - [TEST_STEP][PASSED] - click(findTestObject("mobileSanity/Teladoc/Page_App Page 3/a_Submit Your Application")): Object: 'Object Repository/mobileSanity/Teladoc/Page_App Page 3/a_Submit Your Application' is clicked on

2019-02-27 11:06:02 - [MESSAGE][PASSED] - Object: 'Object Repository/mobileSanity/Teladoc/Page_App Page 3/a_Submit Your Application' is clicked on

2019-02-27 11:06:02 - [TEST_STEP][PASSED] - takeScreenshot(): Screenshot is taken

2019-02-27 11:06:03 - [MESSAGE][PASSED] - Screenshot is taken
[[ATTACHMENT|D:\\Test\\AgileTest\\AgileTest\\Reports\\mobileWeb\\teladoc\\20190227_110331\\1551236762532.png]]

2019-02-27 11:06:04 - [TEST_STEP][PASSED] - Thread.sleep(50000): null

2019-02-27 11:06:54 - [TEST_STEP][PASSED] - takeScreenshot(): Screenshot is taken

2019-02-27 11:06:55 - [MESSAGE][PASSED] - Screenshot is taken
[[ATTACHMENT|D:\\Test\\AgileTest\\AgileTest\\Reports\\mobileWeb\\teladoc\\20190227_110331\\1551236814187.png]]

2019-02-27 11:06:55 - [TEST_STEP][FAILED] - verifyTextPresent("Congratulations", false): verifyTextPresent("Congratulations", false) FAILED.
Reason:
com.kms.katalon.core.exception.StepFailedException: Unable to verify text 'Congratulations' is present  (Root cause: com.kms.katalon.core.exception.StepFailedException: Text 'Congratulations' is not present on page )
	at com.kms.katalon.core.keyword.internal.KeywordMain.stepFailed(KeywordMain.groovy:36)
	at com.kms.katalon.core.webui.keyword.internal.WebUIKeywordMain.stepFailed(WebUIKeywordMain.groovy:65)
	at com.kms.katalon.core.webui.keyword.internal.WebUIKeywordMain.runKeyword(WebUIKeywordMain.groovy:27)
	at com.kms.katalon.core.webui.keyword.builtin.VerifyTextPresentKeyword.verifyTextPresent(VerifyTextPresentKeyword.groovy:83)
	at com.kms.katalon.core.webui.keyword.builtin.VerifyTextPresentKeyword.execute(VerifyTextPresentKeyword.groovy:68)
	at com.kms.katalon.core.keyword.internal.KeywordExecutor.executeKeywordForPlatform(KeywordExecutor.groovy:53)
	at com.kms.katalon.core.webui.keyword.WebUiBuiltInKeywords.verifyTextPresent(WebUiBuiltInKeywords.groovy:1693)
	at com.kms.katalon.core.webui.keyword.WebUiBuiltInKeywords$verifyTextPresent$9.call(Unknown Source)
	at Teladoc.run(Teladoc:136)
	at com.kms.katalon.core.main.ScriptEngine.run(ScriptEngine.java:194)
	at com.kms.katalon.core.main.ScriptEngine.runScriptAsRawText(ScriptEngine.java:119)
	at com.kms.katalon.core.main.TestCaseExecutor.runScript(TestCaseExecutor.java:321)
	at com.kms.katalon.core.main.TestCaseExecutor.doExecute(TestCaseExecutor.java:312)
	at com.kms.katalon.core.main.TestCaseExecutor.processExecutionPhase(TestCaseExecutor.java:291)
	at com.kms.katalon.core.main.TestCaseExecutor.accessMainPhase(TestCaseExecutor.java:283)
	at com.kms.katalon.core.main.TestCaseExecutor.execute(TestCaseExecutor.java:222)
	at com.kms.katalon.core.main.TestSuiteExecutor.accessTestCaseMainPhase(TestSuiteExecutor.java:129)
	at com.kms.katalon.core.main.TestSuiteExecutor.accessTestSuiteMainPhase(TestSuiteExecutor.java:112)
	at com.kms.katalon.core.main.TestSuiteExecutor.execute(TestSuiteExecutor.java:81)
	at com.kms.katalon.core.main.TestCaseMain.startTestSuite(TestCaseMain.java:149)
	at com.kms.katalon.core.main.TestCaseMain$startTestSuite$0.call(Unknown Source)
	at TempTestSuite1551236611105.run(TempTestSuite1551236611105.groovy:36)


2019-02-27 11:06:56 - [MESSAGE][FAILED] - Text 'Congratulations' is not present on page 

2019-02-27 11:06:57 - [MESSAGE][FAILED] - Unable to verify text 'Congratulations' is present  (Root cause: com.kms.katalon.core.exception.StepFailedException: Text 'Congratulations' is not present on page )
[[ATTACHMENT|D:\\Test\\AgileTest\\AgileTest\\Reports\\mobileWeb\\teladoc\\20190227_110331\\1551236816810.png]]

2019-02-27 11:06:57 - [MESSAGE][FAILED] - verifyTextPresent("Congratulations", false) FAILED.
Reason:
com.kms.katalon.core.exception.StepFailedException: Unable to verify text 'Congratulations' is present  (Root cause: com.kms.katalon.core.exception.StepFailedException: Text 'Congratulations' is not present on page )
	at com.kms.katalon.core.keyword.internal.KeywordMain.stepFailed(KeywordMain.groovy:36)
	at com.kms.katalon.core.webui.keyword.internal.WebUIKeywordMain.stepFailed(WebUIKeywordMain.groovy:65)
	at com.kms.katalon.core.webui.keyword.internal.WebUIKeywordMain.runKeyword(WebUIKeywordMain.groovy:27)
	at com.kms.katalon.core.webui.keyword.builtin.VerifyTextPresentKeyword.verifyTextPresent(VerifyTextPresentKeyword.groovy:83)
	at com.kms.katalon.core.webui.keyword.builtin.VerifyTextPresentKeyword.execute(VerifyTextPresentKeyword.groovy:68)
	at com.kms.katalon.core.keyword.internal.KeywordExecutor.executeKeywordForPlatform(KeywordExecutor.groovy:53)
	at com.kms.katalon.core.webui.keyword.WebUiBuiltInKeywords.verifyTextPresent(WebUiBuiltInKeywords.groovy:1693)
	at com.kms.katalon.core.webui.keyword.WebUiBuiltInKeywords$verifyTextPresent$9.call(Unknown Source)
	at Teladoc.run(Teladoc:136)
	at com.kms.katalon.core.main.ScriptEngine.run(ScriptEngine.java:194)
	at com.kms.katalon.core.main.ScriptEngine.runScriptAsRawText(ScriptEngine.java:119)
	at com.kms.katalon.core.main.TestCaseExecutor.runScript(TestCaseExecutor.java:321)
	at com.kms.katalon.core.main.TestCaseExecutor.doExecute(TestCaseExecutor.java:312)
	at com.kms.katalon.core.main.TestCaseExecutor.processExecutionPhase(TestCaseExecutor.java:291)
	at com.kms.katalon.core.main.TestCaseExecutor.accessMainPhase(TestCaseExecutor.java:283)
	at com.kms.katalon.core.main.TestCaseExecutor.execute(TestCaseExecutor.java:222)
	at com.kms.katalon.core.main.TestSuiteExecutor.accessTestCaseMainPhase(TestSuiteExecutor.java:129)
	at com.kms.katalon.core.main.TestSuiteExecutor.accessTestSuiteMainPhase(TestSuiteExecutor.java:112)
	at com.kms.katalon.core.main.TestSuiteExecutor.execute(TestSuiteExecutor.java:81)
	at com.kms.katalon.core.main.TestCaseMain.startTestSuite(TestCaseMain.java:149)
	at com.kms.katalon.core.main.TestCaseMain$startTestSuite$0.call(Unknown Source)
	at TempTestSuite1551236611105.run(TempTestSuite1551236611105.groovy:36)]]></system-out>
         <system-err><![CDATA[2019-02-27 11:03:34 - [TEST_CASE][FAILED] - Test Cases/mobileWeb/Teladoc: Test Cases/mobileWeb/Teladoc FAILED.
Reason:
com.kms.katalon.core.exception.StepFailedException: Unable to verify text 'Congratulations' is present  (Root cause: com.kms.katalon.core.exception.StepFailedException: Text 'Congratulations' is not present on page )
	at com.kms.katalon.core.keyword.internal.KeywordMain.stepFailed(KeywordMain.groovy:36)
	at com.kms.katalon.core.webui.keyword.internal.WebUIKeywordMain.stepFailed(WebUIKeywordMain.groovy:65)
	at com.kms.katalon.core.webui.keyword.internal.WebUIKeywordMain.runKeyword(WebUIKeywordMain.groovy:27)
	at com.kms.katalon.core.webui.keyword.builtin.VerifyTextPresentKeyword.verifyTextPresent(VerifyTextPresentKeyword.groovy:83)
	at com.kms.katalon.core.webui.keyword.builtin.VerifyTextPresentKeyword.execute(VerifyTextPresentKeyword.groovy:68)
	at com.kms.katalon.core.keyword.internal.KeywordExecutor.executeKeywordForPlatform(KeywordExecutor.groovy:53)
	at com.kms.katalon.core.webui.keyword.WebUiBuiltInKeywords.verifyTextPresent(WebUiBuiltInKeywords.groovy:1693)
	at com.kms.katalon.core.webui.keyword.WebUiBuiltInKeywords$verifyTextPresent$9.call(Unknown Source)
	at Teladoc.run(Teladoc:136)
	at com.kms.katalon.core.main.ScriptEngine.run(ScriptEngine.java:194)
	at com.kms.katalon.core.main.ScriptEngine.runScriptAsRawText(ScriptEngine.java:119)
	at com.kms.katalon.core.main.TestCaseExecutor.runScript(TestCaseExecutor.java:321)
	at com.kms.katalon.core.main.TestCaseExecutor.doExecute(TestCaseExecutor.java:312)
	at com.kms.katalon.core.main.TestCaseExecutor.processExecutionPhase(TestCaseExecutor.java:291)
	at com.kms.katalon.core.main.TestCaseExecutor.accessMainPhase(TestCaseExecutor.java:283)
	at com.kms.katalon.core.main.TestCaseExecutor.execute(TestCaseExecutor.java:222)
	at com.kms.katalon.core.main.TestSuiteExecutor.accessTestCaseMainPhase(TestSuiteExecutor.java:129)
	at com.kms.katalon.core.main.TestSuiteExecutor.accessTestSuiteMainPhase(TestSuiteExecutor.java:112)
	at com.kms.katalon.core.main.TestSuiteExecutor.execute(TestSuiteExecutor.java:81)
	at com.kms.katalon.core.main.TestCaseMain.startTestSuite(TestCaseMain.java:149)
	at com.kms.katalon.core.main.TestCaseMain$startTestSuite$0.call(Unknown Source)
	at TempTestSuite1551236611105.run(TempTestSuite1551236611105.groovy:36)]]></system-err>
      </testcase>
      <system-out><![CDATA[2019-02-27 11:03:34 - [TEST_SUITE][FAILED] - teladoc: Test Cases/mobileWeb/Teladoc FAILED.
Reason:
com.kms.katalon.core.exception.StepFailedException: Unable to verify text 'Congratulations' is present  (Root cause: com.kms.katalon.core.exception.StepFailedException: Text 'Congratulations' is not present on page )
	at com.kms.katalon.core.keyword.internal.KeywordMain.stepFailed(KeywordMain.groovy:36)
	at com.kms.katalon.core.webui.keyword.internal.WebUIKeywordMain.stepFailed(WebUIKeywordMain.groovy:65)
	at com.kms.katalon.core.webui.keyword.internal.WebUIKeywordMain.runKeyword(WebUIKeywordMain.groovy:27)
	at com.kms.katalon.core.webui.keyword.builtin.VerifyTextPresentKeyword.verifyTextPresent(VerifyTextPresentKeyword.groovy:83)
	at com.kms.katalon.core.webui.keyword.builtin.VerifyTextPresentKeyword.execute(VerifyTextPresentKeyword.groovy:68)
	at com.kms.katalon.core.keyword.internal.KeywordExecutor.executeKeywordForPlatform(KeywordExecutor.groovy:53)
	at com.kms.katalon.core.webui.keyword.WebUiBuiltInKeywords.verifyTextPresent(WebUiBuiltInKeywords.groovy:1693)
	at com.kms.katalon.core.webui.keyword.WebUiBuiltInKeywords$verifyTextPresent$9.call(Unknown Source)
	at Teladoc.run(Teladoc:136)
	at com.kms.katalon.core.main.ScriptEngine.run(ScriptEngine.java:194)
	at com.kms.katalon.core.main.ScriptEngine.runScriptAsRawText(ScriptEngine.java:119)
	at com.kms.katalon.core.main.TestCaseExecutor.runScript(TestCaseExecutor.java:321)
	at com.kms.katalon.core.main.TestCaseExecutor.doExecute(TestCaseExecutor.java:312)
	at com.kms.katalon.core.main.TestCaseExecutor.processExecutionPhase(TestCaseExecutor.java:291)
	at com.kms.katalon.core.main.TestCaseExecutor.accessMainPhase(TestCaseExecutor.java:283)
	at com.kms.katalon.core.main.TestCaseExecutor.execute(TestCaseExecutor.java:222)
	at com.kms.katalon.core.main.TestSuiteExecutor.accessTestCaseMainPhase(TestSuiteExecutor.java:129)
	at com.kms.katalon.core.main.TestSuiteExecutor.accessTestSuiteMainPhase(TestSuiteExecutor.java:112)
	at com.kms.katalon.core.main.TestSuiteExecutor.execute(TestSuiteExecutor.java:81)
	at com.kms.katalon.core.main.TestCaseMain.startTestSuite(TestCaseMain.java:149)
	at com.kms.katalon.core.main.TestCaseMain$startTestSuite$0.call(Unknown Source)
	at TempTestSuite1551236611105.run(TempTestSuite1551236611105.groovy:36)]]></system-out>
      <system-err><![CDATA[2019-02-27 11:03:34 - [TEST_SUITE][FAILED] - teladoc: Test Cases/mobileWeb/Teladoc FAILED.
Reason:
com.kms.katalon.core.exception.StepFailedException: Unable to verify text 'Congratulations' is present  (Root cause: com.kms.katalon.core.exception.StepFailedException: Text 'Congratulations' is not present on page )
	at com.kms.katalon.core.keyword.internal.KeywordMain.stepFailed(KeywordMain.groovy:36)
	at com.kms.katalon.core.webui.keyword.internal.WebUIKeywordMain.stepFailed(WebUIKeywordMain.groovy:65)
	at com.kms.katalon.core.webui.keyword.internal.WebUIKeywordMain.runKeyword(WebUIKeywordMain.groovy:27)
	at com.kms.katalon.core.webui.keyword.builtin.VerifyTextPresentKeyword.verifyTextPresent(VerifyTextPresentKeyword.groovy:83)
	at com.kms.katalon.core.webui.keyword.builtin.VerifyTextPresentKeyword.execute(VerifyTextPresentKeyword.groovy:68)
	at com.kms.katalon.core.keyword.internal.KeywordExecutor.executeKeywordForPlatform(KeywordExecutor.groovy:53)
	at com.kms.katalon.core.webui.keyword.WebUiBuiltInKeywords.verifyTextPresent(WebUiBuiltInKeywords.groovy:1693)
	at com.kms.katalon.core.webui.keyword.WebUiBuiltInKeywords$verifyTextPresent$9.call(Unknown Source)
	at Teladoc.run(Teladoc:136)
	at com.kms.katalon.core.main.ScriptEngine.run(ScriptEngine.java:194)
	at com.kms.katalon.core.main.ScriptEngine.runScriptAsRawText(ScriptEngine.java:119)
	at com.kms.katalon.core.main.TestCaseExecutor.runScript(TestCaseExecutor.java:321)
	at com.kms.katalon.core.main.TestCaseExecutor.doExecute(TestCaseExecutor.java:312)
	at com.kms.katalon.core.main.TestCaseExecutor.processExecutionPhase(TestCaseExecutor.java:291)
	at com.kms.katalon.core.main.TestCaseExecutor.accessMainPhase(TestCaseExecutor.java:283)
	at com.kms.katalon.core.main.TestCaseExecutor.execute(TestCaseExecutor.java:222)
	at com.kms.katalon.core.main.TestSuiteExecutor.accessTestCaseMainPhase(TestSuiteExecutor.java:129)
	at com.kms.katalon.core.main.TestSuiteExecutor.accessTestSuiteMainPhase(TestSuiteExecutor.java:112)
	at com.kms.katalon.core.main.TestSuiteExecutor.execute(TestSuiteExecutor.java:81)
	at com.kms.katalon.core.main.TestCaseMain.startTestSuite(TestCaseMain.java:149)
	at com.kms.katalon.core.main.TestCaseMain$startTestSuite$0.call(Unknown Source)
	at TempTestSuite1551236611105.run(TempTestSuite1551236611105.groovy:36)]]></system-err>
   </testsuite>
</testsuites>
