<?xml version="1.0" encoding="UTF-8"?>
<testsuites name="ahi" time="1880" tests="9" failures="0" errors="0">
   <testsuite name="ahi" tests="9" failures="0" errors="0" time="1880" timestamp="2020-04-09 08:36:07" hostname="Administrator - 172.30.0.53" id="Test Suites/AHI/ahi">
      <properties>
         <property name="deviceName" value=""/>
         <property name="devicePlatform" value=""/>
         <property name="logFolder" value="D:\\Test\\AgileTest\\Reports\\AHI\\ahi\\20200409_080112"/>
         <property name="logFiles" value="D:\\Test\\AgileTest\\Reports\\AHI\\ahi\\20200409_080112\\execution0.log"/>
         <property name="attachments" value="D:\\Test\\AgileTest\\Reports\\AHI\\ahi\\20200409_080112\\../Screenshots/iPhone 6/AHI/ACA Health Insurance/20200409_083615/0.png, D:\\Test\\AgileTest\\Reports\\AHI\\ahi\\20200409_080112\\../Screenshots/iPhone 6/AHI/ACA Health Insurance/20200409_083615/1.png, D:\\Test\\AgileTest\\Reports\\AHI\\ahi\\20200409_080112\\../Screenshots/iPhone 6/AHI/ACA Health Insurance/20200409_083615/2.png, D:\\Test\\AgileTest\\Reports\\AHI\\ahi\\20200409_080112\\../Screenshots/iPhone 6/AHI/Cancer Insurance/20200409_083755/0.png, D:\\Test\\AgileTest\\Reports\\AHI\\ahi\\20200409_080112\\../Screenshots/iPhone 6/AHI/Cancer Insurance/20200409_083755/1.png, D:\\Test\\AgileTest\\Reports\\AHI\\ahi\\20200409_080112\\../Screenshots/iPhone 6/AHI/Cancer Insurance/20200409_083755/2.png, D:\\Test\\AgileTest\\Reports\\AHI\\ahi\\20200409_080112\\../Screenshots/iPhone 6/AHI/Cancer Insurance/20200409_083755/3.png, D:\\Test\\AgileTest\\Reports\\AHI\\ahi\\20200409_080112\\../Screenshots/iPhone 6/AHI/Cancer Insurance/20200409_083755/4.png, D:\\Test\\AgileTest\\Reports\\AHI\\ahi\\20200409_080112\\../Screenshots/iPhone 6/AHI/Cancer Insurance/20200409_083755/5.png, D:\\Test\\AgileTest\\Reports\\AHI\\ahi\\20200409_080112\\../Screenshots/iPhone 6/AHI/Cancer Insurance/20200409_083755/6.png, D:\\Test\\AgileTest\\Reports\\AHI\\ahi\\20200409_080112\\../Screenshots/iPhone 6/AHI/Cancer Insurance/20200409_083755/7.png, D:\\Test\\AgileTest\\Reports\\AHI\\ahi\\20200409_080112\\../Screenshots/iPhone 6/AHI/Cancer Insurance/20200409_083755/8.png, D:\\Test\\AgileTest\\Reports\\AHI\\ahi\\20200409_080112\\../Screenshots/iPhone 6/AHI/Cancer Insurance/20200409_083755/9.png, D:\\Test\\AgileTest\\Reports\\AHI\\ahi\\20200409_080112\\../Screenshots/iPhone 6/AHI/Dental - National General/20200409_084524/0.png, D:\\Test\\AgileTest\\Reports\\AHI\\ahi\\20200409_080112\\../Screenshots/iPhone 6/AHI/Dental - National General/20200409_084524/1.png, D:\\Test\\AgileTest\\Reports\\AHI\\ahi\\20200409_080112\\../Screenshots/iPhone 6/AHI/Dental - National General/20200409_084524/2.png, D:\\Test\\AgileTest\\Reports\\AHI\\ahi\\20200409_080112\\../Screenshots/iPhone 6/AHI/Dental - National General/20200409_084524/3.png, D:\\Test\\AgileTest\\Reports\\AHI\\ahi\\20200409_080112\\../Screenshots/iPhone 6/AHI/Dental - National General/20200409_084524/4.png, D:\\Test\\AgileTest\\Reports\\AHI\\ahi\\20200409_080112\\../Screenshots/iPhone 6/AHI/Dental - National General/20200409_084524/5.png, D:\\Test\\AgileTest\\Reports\\AHI\\ahi\\20200409_080112\\../Screenshots/iPhone 6/AHI/Dental - National General/20200409_084524/6.png, D:\\Test\\AgileTest\\Reports\\AHI\\ahi\\20200409_080112\\../Screenshots/iPhone 6/AHI/Dental - National General/20200409_084524/7.png, D:\\Test\\AgileTest\\Reports\\AHI\\ahi\\20200409_080112\\../Screenshots/iPhone 6/AHI/Dental - National General/20200409_084524/8.png, D:\\Test\\AgileTest\\Reports\\AHI\\ahi\\20200409_080112\\../Screenshots/iPhone 6/AHI/Dental - USA Access/20200409_085034/0.png, D:\\Test\\AgileTest\\Reports\\AHI\\ahi\\20200409_080112\\../Screenshots/iPhone 6/AHI/Dental - USA Access/20200409_085034/1.png, D:\\Test\\AgileTest\\Reports\\AHI\\ahi\\20200409_080112\\../Screenshots/iPhone 6/AHI/Dental - USA Access/20200409_085034/2.png, D:\\Test\\AgileTest\\Reports\\AHI\\ahi\\20200409_080112\\../Screenshots/iPhone 6/AHI/Dental - USA Access/20200409_085034/3.png, D:\\Test\\AgileTest\\Reports\\AHI\\ahi\\20200409_080112\\../Screenshots/iPhone 6/AHI/Dental - USA Access/20200409_085034/4.png, D:\\Test\\AgileTest\\Reports\\AHI\\ahi\\20200409_080112\\../Screenshots/iPhone 6/AHI/Dental - USA Access/20200409_085034/5.png, D:\\Test\\AgileTest\\Reports\\AHI\\ahi\\20200409_080112\\../Screenshots/iPhone 6/AHI/Dental - USA Access/20200409_085034/6.png, D:\\Test\\AgileTest\\Reports\\AHI\\ahi\\20200409_080112\\../Screenshots/iPhone 6/AHI/Dental - USA Access/20200409_085034/7.png, D:\\Test\\AgileTest\\Reports\\AHI\\ahi\\20200409_080112\\../Screenshots/iPhone 6/AHI/Dental - USA Access/20200409_085034/8.png, D:\\Test\\AgileTest\\Reports\\AHI\\ahi\\20200409_080112\\../Screenshots/iPhone 6/AHI/HBI/20200409_085538/0.png, D:\\Test\\AgileTest\\Reports\\AHI\\ahi\\20200409_080112\\../Screenshots/iPhone 6/AHI/HBI/20200409_085538/1.png, D:\\Test\\AgileTest\\Reports\\AHI\\ahi\\20200409_080112\\../Screenshots/iPhone 6/AHI/HBI/20200409_085538/2.png, D:\\Test\\AgileTest\\Reports\\AHI\\ahi\\20200409_080112\\../Screenshots/iPhone 6/AHI/Medicare/20200409_085652/0.png, D:\\Test\\AgileTest\\Reports\\AHI\\ahi\\20200409_080112\\../Screenshots/iPhone 6/AHI/Medicare/20200409_085652/1.png, D:\\Test\\AgileTest\\Reports\\AHI\\ahi\\20200409_080112\\../Screenshots/iPhone 6/AHI/Pet Insurance/20200409_085751/0.png, D:\\Test\\AgileTest\\Reports\\AHI\\ahi\\20200409_080112\\../Screenshots/iPhone 6/AHI/Pet Insurance/20200409_085751/1.png, D:\\Test\\AgileTest\\Reports\\AHI\\ahi\\20200409_080112\\../Screenshots/iPhone 6/AHI/Pet Insurance/20200409_085751/2.png, D:\\Test\\AgileTest\\Reports\\AHI\\ahi\\20200409_080112\\../Screenshots/iPhone 6/AHI/Pet Insurance/20200409_085751/3.png, D:\\Test\\AgileTest\\Reports\\AHI\\ahi\\20200409_080112\\../Screenshots/iPhone 6/AHI/Pet Insurance/20200409_085751/4.png, D:\\Test\\AgileTest\\Reports\\AHI\\ahi\\20200409_080112\\../Screenshots/iPhone 6/AHI/Pet Insurance/20200409_085751/5.png, D:\\Test\\AgileTest\\Reports\\AHI\\ahi\\20200409_080112\\../Screenshots/iPhone 6/AHI/Pet Insurance/20200409_085751/6.png, D:\\Test\\AgileTest\\Reports\\AHI\\ahi\\20200409_080112\\../Screenshots/iPhone 6/AHI/Pet Insurance/20200409_085751/7.png, D:\\Test\\AgileTest\\Reports\\AHI\\ahi\\20200409_080112\\../Screenshots/iPhone 6/AHI/Pet Insurance/20200409_085751/8.png, D:\\Test\\AgileTest\\Reports\\AHI\\ahi\\20200409_080112\\../Screenshots/iPhone 6/AHI/Pet Insurance/20200409_085751/9.png, D:\\Test\\AgileTest\\Reports\\AHI\\ahi\\20200409_080112\\../Screenshots/iPhone 6/AHI/Pet Insurance/20200409_085751/10.png, D:\\Test\\AgileTest\\Reports\\AHI\\ahi\\20200409_080112\\../Screenshots/iPhone 6/AHI/STM/20200409_090201/0.png, D:\\Test\\AgileTest\\Reports\\AHI\\ahi\\20200409_080112\\../Screenshots/iPhone 6/AHI/STM/20200409_090201/1.png, D:\\Test\\AgileTest\\Reports\\AHI\\ahi\\20200409_080112\\../Screenshots/iPhone 6/AHI/STM/20200409_090201/2.png, D:\\Test\\AgileTest\\Reports\\AHI\\ahi\\20200409_080112\\../Screenshots/iPhone 6/AHI/Teladoc/20200409_090323/0.png, D:\\Test\\AgileTest\\Reports\\AHI\\ahi\\20200409_080112\\../Screenshots/iPhone 6/AHI/Teladoc/20200409_090323/1.png, D:\\Test\\AgileTest\\Reports\\AHI\\ahi\\20200409_080112\\../Screenshots/iPhone 6/AHI/Teladoc/20200409_090323/2.png, D:\\Test\\AgileTest\\Reports\\AHI\\ahi\\20200409_080112\\../Screenshots/iPhone 6/AHI/Teladoc/20200409_090323/3.png, D:\\Test\\AgileTest\\Reports\\AHI\\ahi\\20200409_080112\\../Screenshots/iPhone 6/AHI/Teladoc/20200409_090323/4.png, D:\\Test\\AgileTest\\Reports\\AHI\\ahi\\20200409_080112\\../Screenshots/iPhone 6/AHI/Teladoc/20200409_090323/5.png, D:\\Test\\AgileTest\\Reports\\AHI\\ahi\\20200409_080112\\../Screenshots/iPhone 6/AHI/Teladoc/20200409_090323/6.png"/>
         <property name="hostName" value="Administrator - 172.30.0.53"/>
         <property name="os" value="Windows Server 2012 R2 64bit"/>
         <property name="katalonVersion" value="5.10.1.1"/>
         <property name="browser" value="Safari 11"/>
         <property name="hostAddress" value="172.30.0.53"/>
         <property name="sessionId" value="508a1a187d15f3a3288469ea5e3648ef"/>
         <property name="seleniumVersion" value="3.7.1"/>
         <property name="proxyInformation" value="ProxyInformation{proxyOption=NO_PROXY, proxyServerType=HTTP, password=, proxyServerAddress=, proxyServerPort=0}"/>
         <property name="platform" value="Windows Server 2012 R2"/>
      </properties>
      <testcase name="Test Cases/AHI/NEW/ACA Health Insurance" classname="Test Cases/AHI/NEW/ACA Health Insurance" status="PASSED">
         <system-out><![CDATA[2020-04-09 08:36:09 - [TEST_CASE][PASSED] - Test Cases/AHI/NEW/ACA Health Insurance: Test Cases/AHI/NEW/ACA Health Insurance

2020-04-09 08:36:10 - [TEST_STEP][PASSED] - callTestCase(findTestCase("AHI/_include/get_screenPath"), ["productLine":"AHI", "carrierName":"ACA Health Insurance"], CONTINUE_ON_FAILURE): Call Test Case 'Test Cases/AHI/_include/get_screenPath' successfully

2020-04-09 08:36:12 - [TEST_CASE][PASSED] - Test Cases/AHI/_include/get_screenPath: Test Cases/AHI/_include/get_screenPath

2020-04-09 08:36:13 - [TEST_STEP][PASSED] - m = getExecutionProperties(): null

2020-04-09 08:36:13 - [TEST_STEP][PASSED] - deviceName = get("mobileEmulation").get("deviceName"): null

2020-04-09 08:36:13 - [TEST_STEP][PASSED] - println(deviceName): null

2020-04-09 08:36:13 - [TEST_STEP][PASSED] - now = new java.util.Date(): null

2020-04-09 08:36:15 - [TEST_STEP][PASSED] - mydate = now.format("yyyyMMdd_HHmmss"): null

2020-04-09 08:36:15 - [TEST_STEP][PASSED] - screenPath = "../Screenshots/": null

2020-04-09 08:36:15 - [TEST_STEP][PASSED] - screenPath = screenPath + deviceName + "/" + productLine + "/" + carrierName + "/" + mydate + "/": null

2020-04-09 08:36:15 - [TEST_STEP][PASSED] - println(screenPath): null

2020-04-09 08:36:15 - [MESSAGE][PASSED] - Call Test Case 'Test Cases/AHI/_include/get_screenPath' successfully

2020-04-09 08:36:15 - [TEST_STEP][PASSED] - i = 0: null

2020-04-09 08:36:15 - [TEST_STEP][PASSED] - callTestCase(findTestCase("AHI/_include/openWebSite"), [:], CONTINUE_ON_FAILURE): Call Test Case 'Test Cases/AHI/_include/openWebSite' successfully

2020-04-09 08:36:15 - [TEST_CASE][PASSED] - Test Cases/AHI/_include/openWebSite: Test Cases/AHI/_include/openWebSite

2020-04-09 08:36:16 - [TEST_STEP][PASSED] - openBrowser(env): Browser is opened with url: 'https://praetemptatus.agilehealthinsurance.com'

2020-04-09 08:36:19 - [MESSAGE][INFO] - Starting 'Chrome' driver

2020-04-09 08:36:20 - [MESSAGE][INFO] - User set preference: ['mobileEmulation', '{deviceName=iPhone 6}']

2020-04-09 08:36:20 - [MESSAGE][INFO] - User set preference: ['args', '[--incognito, --aggressive-cache-discard, --window-size=375,677, --no-sandbox, --ignore-certificate-errors]']

2020-04-09 08:36:20 - [MESSAGE][INFO] - Action delay is set to 0 seconds

2020-04-09 08:36:49 - [MESSAGE][PASSED] - Browser is opened with url: 'https://praetemptatus.agilehealthinsurance.com'

2020-04-09 08:36:49 - [TEST_STEP][PASSED] - waitForPageLoad(20): Wait for page load successfully

2020-04-09 08:37:03 - [MESSAGE][PASSED] - Wait for page load successfully

2020-04-09 08:37:03 - [TEST_STEP][PASSED] - callTestCase(findTestCase("AHI/_include/get_screenshot"), [:], STOP_ON_FAILURE): Call Test Case 'Test Cases/AHI/_include/get_screenshot' successfully

2020-04-09 08:37:03 - [TEST_CASE][PASSED] - Test Cases/AHI/_include/get_screenshot: Test Cases/AHI/_include/get_screenshot

2020-04-09 08:37:04 - [TEST_STEP][PASSED] - Thread.sleep(1000): null

2020-04-09 08:37:05 - [TEST_STEP][PASSED] - takeScreenshot(screenPath + i + ".png"): Taking screenshot successfully

2020-04-09 08:37:09 - [MESSAGE][PASSED] - Taking screenshot successfully
[[ATTACHMENT|D:\\Test\\AgileTest\\Reports\\AHI\\ahi\\20200409_080112\\../Screenshots/iPhone 6/AHI/ACA Health Insurance/20200409_083615/0.png]]

2020-04-09 08:37:09 - [TEST_STEP][PASSED] - (internal.GlobalVariable.i++): null

2020-04-09 08:37:09 - [MESSAGE][PASSED] - Call Test Case 'Test Cases/AHI/_include/get_screenshot' successfully

2020-04-09 08:37:09 - [MESSAGE][PASSED] - Call Test Case 'Test Cases/AHI/_include/openWebSite' successfully

2020-04-09 08:37:09 - [TEST_STEP][PASSED] - driver = getWebDriver(): null

2020-04-09 08:37:09 - [TEST_STEP][PASSED] - baseUrl = ENV: null

2020-04-09 08:37:09 - [TEST_STEP][PASSED] - selenium = new com.thoughtworks.selenium.webdriven.WebDriverBackedSelenium(driver, baseUrl): null

2020-04-09 08:37:10 - [TEST_STEP][PASSED] - selenium.click("//*[@class='filter-option-inner-inner']"): null

2020-04-09 08:37:10 - [TEST_STEP][PASSED] - selenium.click("id=bs-select-1-0"): null

2020-04-09 08:37:18 - [TEST_STEP][PASSED] - selenium.click("id=primaryCTA"): null

2020-04-09 08:37:27 - [TEST_STEP][PASSED] - for ([second = 0, second < 10, (second++)]): null

2020-04-09 08:37:27 - [TEST_STEP][PASSED] - try: null

2020-04-09 08:37:27 - [TEST_STEP][PASSED] - if (selenium.isElementPresent("xpath=//h1[contains(text(),'Find the right Individual and Family health care plan for you')]")): null

2020-04-09 08:37:35 - [TEST_STEP][PASSED] - break: null

2020-04-09 08:37:35 - [TEST_STEP][PASSED] - callTestCase(findTestCase("AHI/_include/get_screenshot"), [:], STOP_ON_FAILURE): Call Test Case 'Test Cases/AHI/_include/get_screenshot' successfully

2020-04-09 08:37:35 - [TEST_CASE][PASSED] - Test Cases/AHI/_include/get_screenshot: Test Cases/AHI/_include/get_screenshot

2020-04-09 08:37:35 - [TEST_STEP][PASSED] - Thread.sleep(1000): null

2020-04-09 08:37:36 - [TEST_STEP][PASSED] - takeScreenshot(screenPath + i + ".png"): Taking screenshot successfully

2020-04-09 08:37:39 - [MESSAGE][PASSED] - Taking screenshot successfully
[[ATTACHMENT|D:\\Test\\AgileTest\\Reports\\AHI\\ahi\\20200409_080112\\../Screenshots/iPhone 6/AHI/ACA Health Insurance/20200409_083615/1.png]]

2020-04-09 08:37:39 - [TEST_STEP][PASSED] - (internal.GlobalVariable.i++): null

2020-04-09 08:37:39 - [MESSAGE][PASSED] - Call Test Case 'Test Cases/AHI/_include/get_screenshot' successfully

2020-04-09 08:37:39 - [TEST_STEP][PASSED] - url = selenium.getAttribute("xpath=(//a[@class='front-door-quote-button'])@href"): null

2020-04-09 08:37:39 - [TEST_STEP][PASSED] - navigateToUrl(url): Navigate to 'https://www.healthpocket.com/individual-health-insurance?__hstc=225231557.13302a6d4331e4ec1cd12aa20f64bd79.1586435811454.1586435811454.1586435811454.1&__hssc=225231557.2.1586435811454&__hsfp=937275251' successfully

2020-04-09 08:37:49 - [MESSAGE][PASSED] - Navigate to 'https://www.healthpocket.com/individual-health-insurance?__hstc=225231557.13302a6d4331e4ec1cd12aa20f64bd79.1586435811454.1586435811454.1586435811454.1&__hssc=225231557.2.1586435811454&__hsfp=937275251' successfully

2020-04-09 08:37:49 - [TEST_STEP][PASSED] - waitForPageLoad(10): Wait for page load successfully

2020-04-09 08:37:49 - [MESSAGE][PASSED] - Wait for page load successfully

2020-04-09 08:37:49 - [TEST_STEP][PASSED] - callTestCase(findTestCase("AHI/_include/get_screenshot"), [:], STOP_ON_FAILURE): Call Test Case 'Test Cases/AHI/_include/get_screenshot' successfully

2020-04-09 08:37:49 - [TEST_CASE][PASSED] - Test Cases/AHI/_include/get_screenshot: Test Cases/AHI/_include/get_screenshot

2020-04-09 08:37:49 - [TEST_STEP][PASSED] - Thread.sleep(1000): null

2020-04-09 08:37:50 - [TEST_STEP][PASSED] - takeScreenshot(screenPath + i + ".png"): Taking screenshot successfully

2020-04-09 08:37:52 - [MESSAGE][PASSED] - Taking screenshot successfully
[[ATTACHMENT|D:\\Test\\AgileTest\\Reports\\AHI\\ahi\\20200409_080112\\../Screenshots/iPhone 6/AHI/ACA Health Insurance/20200409_083615/2.png]]

2020-04-09 08:37:52 - [TEST_STEP][PASSED] - (internal.GlobalVariable.i++): null

2020-04-09 08:37:52 - [MESSAGE][PASSED] - Call Test Case 'Test Cases/AHI/_include/get_screenshot' successfully]]></system-out>
         <system-err><![CDATA[]]></system-err>
      </testcase>
      <testcase name="Test Cases/AHI/NEW/Cancer Insurance" classname="Test Cases/AHI/NEW/Cancer Insurance" status="PASSED">
         <system-out><![CDATA[2020-04-09 08:37:52 - [TEST_CASE][PASSED] - Test Cases/AHI/NEW/Cancer Insurance: Test Cases/AHI/NEW/Cancer Insurance

2020-04-09 08:37:55 - [TEST_STEP][PASSED] - callTestCase(findTestCase("AHI/_include/get_screenPath"), ["productLine":"AHI", "carrierName":"Cancer Insurance"], CONTINUE_ON_FAILURE): Call Test Case 'Test Cases/AHI/_include/get_screenPath' successfully

2020-04-09 08:37:55 - [TEST_CASE][PASSED] - Test Cases/AHI/_include/get_screenPath: Test Cases/AHI/_include/get_screenPath

2020-04-09 08:37:55 - [TEST_STEP][PASSED] - m = getExecutionProperties(): null

2020-04-09 08:37:55 - [TEST_STEP][PASSED] - deviceName = get("mobileEmulation").get("deviceName"): null

2020-04-09 08:37:55 - [TEST_STEP][PASSED] - println(deviceName): null

2020-04-09 08:37:55 - [TEST_STEP][PASSED] - now = new java.util.Date(): null

2020-04-09 08:37:55 - [TEST_STEP][PASSED] - mydate = now.format("yyyyMMdd_HHmmss"): null

2020-04-09 08:37:55 - [TEST_STEP][PASSED] - screenPath = "../Screenshots/": null

2020-04-09 08:37:55 - [TEST_STEP][PASSED] - screenPath = screenPath + deviceName + "/" + productLine + "/" + carrierName + "/" + mydate + "/": null

2020-04-09 08:37:55 - [TEST_STEP][PASSED] - println(screenPath): null

2020-04-09 08:37:55 - [MESSAGE][PASSED] - Call Test Case 'Test Cases/AHI/_include/get_screenPath' successfully

2020-04-09 08:37:55 - [TEST_STEP][PASSED] - i = 0: null

2020-04-09 08:37:55 - [TEST_STEP][PASSED] - callTestCase(findTestCase("AHI/_include/openWebSite"), [:], CONTINUE_ON_FAILURE): Call Test Case 'Test Cases/AHI/_include/openWebSite' successfully

2020-04-09 08:37:55 - [TEST_CASE][PASSED] - Test Cases/AHI/_include/openWebSite: Test Cases/AHI/_include/openWebSite

2020-04-09 08:37:55 - [TEST_STEP][PASSED] - openBrowser(env): Browser is opened with url: 'https://praetemptatus.agilehealthinsurance.com'

2020-04-09 08:37:55 - [MESSAGE][WARNING] - A browser is already opened. Closing browser and opening a new one

2020-04-09 08:38:03 - [MESSAGE][INFO] - Starting 'Chrome' driver

2020-04-09 08:38:03 - [MESSAGE][INFO] - User set preference: ['mobileEmulation', '{deviceName=iPhone 6}']

2020-04-09 08:38:03 - [MESSAGE][INFO] - User set preference: ['args', '[--incognito, --aggressive-cache-discard, --window-size=375,677, --no-sandbox, --ignore-certificate-errors]']

2020-04-09 08:38:24 - [MESSAGE][PASSED] - Browser is opened with url: 'https://praetemptatus.agilehealthinsurance.com'

2020-04-09 08:38:24 - [TEST_STEP][PASSED] - waitForPageLoad(20): Wait for page load successfully

2020-04-09 08:38:26 - [MESSAGE][PASSED] - Wait for page load successfully

2020-04-09 08:38:26 - [TEST_STEP][PASSED] - callTestCase(findTestCase("AHI/_include/get_screenshot"), [:], STOP_ON_FAILURE): Call Test Case 'Test Cases/AHI/_include/get_screenshot' successfully

2020-04-09 08:38:26 - [TEST_CASE][PASSED] - Test Cases/AHI/_include/get_screenshot: Test Cases/AHI/_include/get_screenshot

2020-04-09 08:38:26 - [TEST_STEP][PASSED] - Thread.sleep(1000): null

2020-04-09 08:38:27 - [TEST_STEP][PASSED] - takeScreenshot(screenPath + i + ".png"): Taking screenshot successfully

2020-04-09 08:38:41 - [MESSAGE][PASSED] - Taking screenshot successfully
[[ATTACHMENT|D:\\Test\\AgileTest\\Reports\\AHI\\ahi\\20200409_080112\\../Screenshots/iPhone 6/AHI/Cancer Insurance/20200409_083755/0.png]]

2020-04-09 08:38:41 - [TEST_STEP][PASSED] - (internal.GlobalVariable.i++): null

2020-04-09 08:38:41 - [MESSAGE][PASSED] - Call Test Case 'Test Cases/AHI/_include/get_screenshot' successfully

2020-04-09 08:38:41 - [MESSAGE][PASSED] - Call Test Case 'Test Cases/AHI/_include/openWebSite' successfully

2020-04-09 08:38:41 - [TEST_STEP][PASSED] - driver = getWebDriver(): null

2020-04-09 08:38:41 - [TEST_STEP][PASSED] - baseUrl = ENV: null

2020-04-09 08:38:41 - [TEST_STEP][PASSED] - selenium = new com.thoughtworks.selenium.webdriven.WebDriverBackedSelenium(driver, baseUrl): null

2020-04-09 08:38:42 - [TEST_STEP][PASSED] - selenium.click("//*[@class='filter-option-inner-inner']"): null

2020-04-09 08:38:49 - [TEST_STEP][PASSED] - selenium.click("id=bs-select-1-1"): null

2020-04-09 08:38:50 - [TEST_STEP][PASSED] - selenium.click("id=primaryCTA"): null

2020-04-09 08:38:55 - [TEST_STEP][PASSED] - for ([second = 0, second < 20, (second++)]): null

2020-04-09 08:38:55 - [TEST_STEP][PASSED] - try: null

2020-04-09 08:38:55 - [TEST_STEP][PASSED] - if (selenium.isElementPresent("id=zip-input")): null

2020-04-09 08:39:03 - [TEST_STEP][PASSED] - break: null

2020-04-09 08:39:03 - [TEST_STEP][PASSED] - callTestCase(findTestCase("AHI/_include/get_screenshot"), [:], STOP_ON_FAILURE): Call Test Case 'Test Cases/AHI/_include/get_screenshot' successfully

2020-04-09 08:39:04 - [TEST_CASE][PASSED] - Test Cases/AHI/_include/get_screenshot: Test Cases/AHI/_include/get_screenshot

2020-04-09 08:39:04 - [TEST_STEP][PASSED] - Thread.sleep(1000): null

2020-04-09 08:39:05 - [TEST_STEP][PASSED] - takeScreenshot(screenPath + i + ".png"): Taking screenshot successfully

2020-04-09 08:39:09 - [MESSAGE][PASSED] - Taking screenshot successfully
[[ATTACHMENT|D:\\Test\\AgileTest\\Reports\\AHI\\ahi\\20200409_080112\\../Screenshots/iPhone 6/AHI/Cancer Insurance/20200409_083755/1.png]]

2020-04-09 08:39:09 - [TEST_STEP][PASSED] - (internal.GlobalVariable.i++): null

2020-04-09 08:39:09 - [MESSAGE][PASSED] - Call Test Case 'Test Cases/AHI/_include/get_screenshot' successfully

2020-04-09 08:39:09 - [TEST_STEP][PASSED] - sendKeys(findTestObject("mobileSanity/Cancer Insurance/zip"), "35216"): Keys '35216' sent to object: 'Object Repository/mobileSanity/Cancer Insurance/zip'

2020-04-09 08:39:14 - [MESSAGE][PASSED] - Keys '35216' sent to object: 'Object Repository/mobileSanity/Cancer Insurance/zip'

2020-04-09 08:39:14 - [TEST_STEP][PASSED] - sendKeys(findTestObject("mobileSanity/Cancer Insurance/dob-0"), "01/01/1990"): Keys '01/01/1990' sent to object: 'Object Repository/mobileSanity/Cancer Insurance/dob-0'

2020-04-09 08:39:15 - [MESSAGE][PASSED] - Keys '01/01/1990' sent to object: 'Object Repository/mobileSanity/Cancer Insurance/dob-0'

2020-04-09 08:39:16 - [TEST_STEP][PASSED] - Thread.sleep(2000): null

2020-04-09 08:39:18 - [TEST_STEP][PASSED] - selenium.click("//label[@for='gender-m-0']"): null

2020-04-09 08:39:19 - [TEST_STEP][PASSED] - Thread.sleep(3000): null

2020-04-09 08:39:22 - [TEST_STEP][PASSED] - selenium.click("id=js-see-plans"): null

2020-04-09 08:39:27 - [TEST_STEP][PASSED] - for ([second = 0, second < 20, (second++)]): null

2020-04-09 08:39:27 - [TEST_STEP][PASSED] - try: null

2020-04-09 08:39:27 - [TEST_STEP][PASSED] - if (selenium.isElementPresent("xpath=//h1[contains(text(),'3 Cancer Insurance Policies Found')]")): null

2020-04-09 08:39:30 - [TEST_STEP][PASSED] - Thread.sleep(1000): null

2020-04-09 08:39:31 - [TEST_STEP][PASSED] - try: null

2020-04-09 08:39:31 - [TEST_STEP][PASSED] - if (selenium.isElementPresent("xpath=//h1[contains(text(),'3 Cancer Insurance Policies Found')]")): null

2020-04-09 08:39:31 - [TEST_STEP][PASSED] - Thread.sleep(1000): null

2020-04-09 08:39:32 - [TEST_STEP][PASSED] - try: null

2020-04-09 08:39:32 - [TEST_STEP][PASSED] - if (selenium.isElementPresent("xpath=//h1[contains(text(),'3 Cancer Insurance Policies Found')]")): null

2020-04-09 08:39:35 - [TEST_STEP][PASSED] - Thread.sleep(1000): null

2020-04-09 08:39:36 - [TEST_STEP][PASSED] - try: null

2020-04-09 08:39:36 - [TEST_STEP][PASSED] - if (selenium.isElementPresent("xpath=//h1[contains(text(),'3 Cancer Insurance Policies Found')]")): null

2020-04-09 08:39:37 - [TEST_STEP][PASSED] - Thread.sleep(1000): null

2020-04-09 08:39:38 - [TEST_STEP][PASSED] - try: null

2020-04-09 08:39:38 - [TEST_STEP][PASSED] - if (selenium.isElementPresent("xpath=//h1[contains(text(),'3 Cancer Insurance Policies Found')]")): null

2020-04-09 08:39:38 - [TEST_STEP][PASSED] - Thread.sleep(1000): null

2020-04-09 08:39:39 - [TEST_STEP][PASSED] - try: null

2020-04-09 08:39:39 - [TEST_STEP][PASSED] - if (selenium.isElementPresent("xpath=//h1[contains(text(),'3 Cancer Insurance Policies Found')]")): null

2020-04-09 08:39:39 - [TEST_STEP][PASSED] - Thread.sleep(1000): null

2020-04-09 08:39:40 - [TEST_STEP][PASSED] - try: null

2020-04-09 08:39:40 - [TEST_STEP][PASSED] - if (selenium.isElementPresent("xpath=//h1[contains(text(),'3 Cancer Insurance Policies Found')]")): null

2020-04-09 08:39:41 - [TEST_STEP][PASSED] - Thread.sleep(1000): null

2020-04-09 08:39:42 - [TEST_STEP][PASSED] - try: null

2020-04-09 08:39:42 - [TEST_STEP][PASSED] - if (selenium.isElementPresent("xpath=//h1[contains(text(),'3 Cancer Insurance Policies Found')]")): null

2020-04-09 08:39:42 - [TEST_STEP][PASSED] - Thread.sleep(1000): null

2020-04-09 08:39:43 - [TEST_STEP][PASSED] - try: null

2020-04-09 08:39:43 - [TEST_STEP][PASSED] - if (selenium.isElementPresent("xpath=//h1[contains(text(),'3 Cancer Insurance Policies Found')]")): null

2020-04-09 08:39:44 - [TEST_STEP][PASSED] - Thread.sleep(1000): null

2020-04-09 08:39:46 - [TEST_STEP][PASSED] - try: null

2020-04-09 08:39:46 - [TEST_STEP][PASSED] - if (selenium.isElementPresent("xpath=//h1[contains(text(),'3 Cancer Insurance Policies Found')]")): null

2020-04-09 08:39:46 - [TEST_STEP][PASSED] - Thread.sleep(1000): null

2020-04-09 08:39:47 - [TEST_STEP][PASSED] - try: null

2020-04-09 08:39:47 - [TEST_STEP][PASSED] - if (selenium.isElementPresent("xpath=//h1[contains(text(),'3 Cancer Insurance Policies Found')]")): null

2020-04-09 08:39:47 - [TEST_STEP][PASSED] - Thread.sleep(1000): null

2020-04-09 08:39:49 - [TEST_STEP][PASSED] - try: null

2020-04-09 08:39:49 - [TEST_STEP][PASSED] - if (selenium.isElementPresent("xpath=//h1[contains(text(),'3 Cancer Insurance Policies Found')]")): null

2020-04-09 08:39:49 - [TEST_STEP][PASSED] - Thread.sleep(1000): null

2020-04-09 08:39:50 - [TEST_STEP][PASSED] - try: null

2020-04-09 08:39:50 - [TEST_STEP][PASSED] - if (selenium.isElementPresent("xpath=//h1[contains(text(),'3 Cancer Insurance Policies Found')]")): null

2020-04-09 08:39:50 - [TEST_STEP][PASSED] - Thread.sleep(1000): null

2020-04-09 08:39:51 - [TEST_STEP][PASSED] - try: null

2020-04-09 08:39:51 - [TEST_STEP][PASSED] - if (selenium.isElementPresent("xpath=//h1[contains(text(),'3 Cancer Insurance Policies Found')]")): null

2020-04-09 08:39:51 - [TEST_STEP][PASSED] - Thread.sleep(1000): null

2020-04-09 08:39:52 - [TEST_STEP][PASSED] - try: null

2020-04-09 08:39:52 - [TEST_STEP][PASSED] - if (selenium.isElementPresent("xpath=//h1[contains(text(),'3 Cancer Insurance Policies Found')]")): null

2020-04-09 08:39:54 - [TEST_STEP][PASSED] - Thread.sleep(1000): null

2020-04-09 08:39:55 - [TEST_STEP][PASSED] - try: null

2020-04-09 08:39:55 - [TEST_STEP][PASSED] - if (selenium.isElementPresent("xpath=//h1[contains(text(),'3 Cancer Insurance Policies Found')]")): null

2020-04-09 08:39:56 - [TEST_STEP][PASSED] - Thread.sleep(1000): null

2020-04-09 08:39:57 - [TEST_STEP][PASSED] - try: null

2020-04-09 08:39:57 - [TEST_STEP][PASSED] - if (selenium.isElementPresent("xpath=//h1[contains(text(),'3 Cancer Insurance Policies Found')]")): null

2020-04-09 08:39:57 - [TEST_STEP][PASSED] - Thread.sleep(1000): null

2020-04-09 08:39:58 - [TEST_STEP][PASSED] - try: null

2020-04-09 08:39:58 - [TEST_STEP][PASSED] - if (selenium.isElementPresent("xpath=//h1[contains(text(),'3 Cancer Insurance Policies Found')]")): null

2020-04-09 08:40:01 - [TEST_STEP][PASSED] - Thread.sleep(1000): null

2020-04-09 08:40:02 - [TEST_STEP][PASSED] - try: null

2020-04-09 08:40:02 - [TEST_STEP][PASSED] - if (selenium.isElementPresent("xpath=//h1[contains(text(),'3 Cancer Insurance Policies Found')]")): null

2020-04-09 08:40:04 - [TEST_STEP][PASSED] - Thread.sleep(1000): null

2020-04-09 08:40:05 - [TEST_STEP][PASSED] - try: null

2020-04-09 08:40:05 - [TEST_STEP][PASSED] - if (selenium.isElementPresent("xpath=//h1[contains(text(),'3 Cancer Insurance Policies Found')]")): null

2020-04-09 08:40:05 - [TEST_STEP][PASSED] - Thread.sleep(1000): null

2020-04-09 08:40:06 - [TEST_STEP][PASSED] - callTestCase(findTestCase("AHI/_include/get_screenshot"), [:], STOP_ON_FAILURE): Call Test Case 'Test Cases/AHI/_include/get_screenshot' successfully

2020-04-09 08:40:07 - [TEST_CASE][PASSED] - Test Cases/AHI/_include/get_screenshot: Test Cases/AHI/_include/get_screenshot

2020-04-09 08:40:07 - [TEST_STEP][PASSED] - Thread.sleep(1000): null

2020-04-09 08:40:08 - [TEST_STEP][PASSED] - takeScreenshot(screenPath + i + ".png"): Taking screenshot successfully

2020-04-09 08:40:10 - [MESSAGE][PASSED] - Taking screenshot successfully
[[ATTACHMENT|D:\\Test\\AgileTest\\Reports\\AHI\\ahi\\20200409_080112\\../Screenshots/iPhone 6/AHI/Cancer Insurance/20200409_083755/2.png]]

2020-04-09 08:40:10 - [TEST_STEP][PASSED] - (internal.GlobalVariable.i++): null

2020-04-09 08:40:10 - [MESSAGE][PASSED] - Call Test Case 'Test Cases/AHI/_include/get_screenshot' successfully

2020-04-09 08:40:10 - [TEST_STEP][PASSED] - selenium.click("xpath=(//a[contains(text(),'Option 1')])[1]"): null

2020-04-09 08:40:19 - [TEST_STEP][PASSED] - for ([second = 0, second < 20, (second++)]): null

2020-04-09 08:40:19 - [TEST_STEP][PASSED] - try: null

2020-04-09 08:40:19 - [TEST_STEP][PASSED] - if (selenium.isElementPresent("id=plan-details-primary-apply")): null

2020-04-09 08:40:19 - [TEST_STEP][PASSED] - break: null

2020-04-09 08:40:19 - [TEST_STEP][PASSED] - callTestCase(findTestCase("AHI/_include/get_screenshot"), [:], STOP_ON_FAILURE): Call Test Case 'Test Cases/AHI/_include/get_screenshot' successfully

2020-04-09 08:40:19 - [TEST_CASE][PASSED] - Test Cases/AHI/_include/get_screenshot: Test Cases/AHI/_include/get_screenshot

2020-04-09 08:40:19 - [TEST_STEP][PASSED] - Thread.sleep(1000): null

2020-04-09 08:40:21 - [TEST_STEP][PASSED] - takeScreenshot(screenPath + i + ".png"): Taking screenshot successfully

2020-04-09 08:40:25 - [MESSAGE][PASSED] - Taking screenshot successfully
[[ATTACHMENT|D:\\Test\\AgileTest\\Reports\\AHI\\ahi\\20200409_080112\\../Screenshots/iPhone 6/AHI/Cancer Insurance/20200409_083755/3.png]]

2020-04-09 08:40:25 - [TEST_STEP][PASSED] - (internal.GlobalVariable.i++): null

2020-04-09 08:40:25 - [MESSAGE][PASSED] - Call Test Case 'Test Cases/AHI/_include/get_screenshot' successfully

2020-04-09 08:40:25 - [TEST_STEP][PASSED] - selenium.click("id=plan-details-primary-apply"): null

2020-04-09 08:40:34 - [TEST_STEP][PASSED] - for ([second = 0, second < 20, (second++)]): null

2020-04-09 08:40:34 - [TEST_STEP][PASSED] - try: null

2020-04-09 08:40:34 - [TEST_STEP][PASSED] - if (selenium.isElementPresent("id=applyButton")): null

2020-04-09 08:40:43 - [TEST_STEP][PASSED] - break: null

2020-04-09 08:40:43 - [TEST_STEP][PASSED] - callTestCase(findTestCase("AHI/_include/get_screenshot"), [:], STOP_ON_FAILURE): Call Test Case 'Test Cases/AHI/_include/get_screenshot' successfully

2020-04-09 08:40:43 - [TEST_CASE][PASSED] - Test Cases/AHI/_include/get_screenshot: Test Cases/AHI/_include/get_screenshot

2020-04-09 08:40:43 - [TEST_STEP][PASSED] - Thread.sleep(1000): null

2020-04-09 08:40:45 - [TEST_STEP][PASSED] - takeScreenshot(screenPath + i + ".png"): Taking screenshot successfully

2020-04-09 08:40:48 - [MESSAGE][PASSED] - Taking screenshot successfully
[[ATTACHMENT|D:\\Test\\AgileTest\\Reports\\AHI\\ahi\\20200409_080112\\../Screenshots/iPhone 6/AHI/Cancer Insurance/20200409_083755/4.png]]

2020-04-09 08:40:48 - [TEST_STEP][PASSED] - (internal.GlobalVariable.i++): null

2020-04-09 08:40:48 - [MESSAGE][PASSED] - Call Test Case 'Test Cases/AHI/_include/get_screenshot' successfully

2020-04-09 08:40:48 - [TEST_STEP][PASSED] - selenium.click("id=applyButton"): null

2020-04-09 08:41:00 - [TEST_STEP][PASSED] - for ([second = 0, second < 20, (second++)]): null

2020-04-09 08:41:00 - [TEST_STEP][PASSED] - try: null

2020-04-09 08:41:00 - [TEST_STEP][PASSED] - if (selenium.isElementPresent("id=member-P-1-firstName")): null

2020-04-09 08:41:02 - [TEST_STEP][PASSED] - Thread.sleep(1000): null

2020-04-09 08:41:03 - [TEST_STEP][PASSED] - try: null

2020-04-09 08:41:03 - [TEST_STEP][PASSED] - if (selenium.isElementPresent("id=member-P-1-firstName")): null

2020-04-09 08:41:08 - [TEST_STEP][PASSED] - break: null

2020-04-09 08:41:08 - [TEST_STEP][PASSED] - callTestCase(findTestCase("AHI/_include/get_screenshot"), [:], STOP_ON_FAILURE): Call Test Case 'Test Cases/AHI/_include/get_screenshot' successfully

2020-04-09 08:41:08 - [TEST_CASE][PASSED] - Test Cases/AHI/_include/get_screenshot: Test Cases/AHI/_include/get_screenshot

2020-04-09 08:41:08 - [TEST_STEP][PASSED] - Thread.sleep(1000): null

2020-04-09 08:41:09 - [TEST_STEP][PASSED] - takeScreenshot(screenPath + i + ".png"): Taking screenshot successfully

2020-04-09 08:41:11 - [MESSAGE][PASSED] - Taking screenshot successfully
[[ATTACHMENT|D:\\Test\\AgileTest\\Reports\\AHI\\ahi\\20200409_080112\\../Screenshots/iPhone 6/AHI/Cancer Insurance/20200409_083755/5.png]]

2020-04-09 08:41:11 - [TEST_STEP][PASSED] - (internal.GlobalVariable.i++): null

2020-04-09 08:41:11 - [MESSAGE][PASSED] - Call Test Case 'Test Cases/AHI/_include/get_screenshot' successfully

2020-04-09 08:41:11 - [TEST_STEP][PASSED] - callTestCase(findTestCase("AHI/_include/name"), [:], STOP_ON_FAILURE): Call Test Case 'Test Cases/AHI/_include/name' successfully

2020-04-09 08:41:11 - [TEST_CASE][PASSED] - Test Cases/AHI/_include/name: Test Cases/AHI/_include/name

2020-04-09 08:41:12 - [TEST_STEP][PASSED] - driver = getWebDriver(): null

2020-04-09 08:41:12 - [TEST_STEP][PASSED] - selenium = new com.thoughtworks.selenium.webdriven.WebDriverBackedSelenium(driver, internal.GlobalVariable.ENV): null

2020-04-09 08:41:13 - [TEST_STEP][PASSED] - FirstName = "Test-123": null

2020-04-09 08:41:13 - [TEST_STEP][PASSED] - LastName = selenium.getEval("{var x="ABCDEFGHIJKLMNOPQRSTUVWXYZabcdefghijklmnopqrstuvwxyz"; var tmp="ZZ11-"; for (i=0;i<8;i++) tmp+=x.charAt(Math.ceil(51*Math.random()));tmp;}"): null

2020-04-09 08:41:13 - [TEST_STEP][PASSED] - Address = selenium.getEval("{var x="ABCDEFGHIJKLMNOPQRSTUVWXYZabcdefghijklmnopqrstuvwxyz"; var tmp=""; for (i=0;i<8;i++) tmp+=x.charAt(Math.ceil(51*Math.random()));tmp;}"): null

2020-04-09 08:41:13 - [TEST_STEP][PASSED] - City = selenium.getEval("{var x="ABCDEFGHIJKLMNOPQRSTUVWXYZabcdefghijklmnopqrstuvwxyz"; var tmp=""; for (i=0;i<8;i++) tmp+=x.charAt(Math.ceil(51*Math.random()));tmp;}"): null

2020-04-09 08:41:13 - [TEST_STEP][PASSED] - tel1 = selenium.getEval("{var x="123456789"; var tmp=""; for (i=0;i<3;i++) tmp+=x.charAt(Math.ceil(8*Math.random()));tmp;}"): null

2020-04-09 08:41:13 - [TEST_STEP][PASSED] - tel2 = selenium.getEval("{var x="123456789"; var tmp=""; for (i=0;i<3;i++) tmp+=x.charAt(Math.ceil(8*Math.random()));tmp;}"): null

2020-04-09 08:41:13 - [TEST_STEP][PASSED] - tel3 = selenium.getEval("{var x="123456789"; var tmp=""; for (i=0;i<4;i++) tmp+=x.charAt(Math.ceil(8*Math.random()));tmp;}"): null

2020-04-09 08:41:13 - [TEST_STEP][PASSED] - Tel = selenium.getExpression(tel1 + "-" + tel2 + "-" + tel3): null

2020-04-09 08:41:13 - [TEST_STEP][PASSED] - AutoEmail = selenium.getEval("{var x="ABCDEFGHIJKLMNOPQRSTUVWXYZabcdefghijklmnopqrstuvwxyz"; var tmp="test."; for (i=0;i<8;i++) tmp+=x.charAt(Math.ceil(51*Math.random()));tmp+="@suryani.cn";}"): null

2020-04-09 08:41:13 - [TEST_STEP][PASSED] - FirstName = FirstName: null

2020-04-09 08:41:13 - [TEST_STEP][PASSED] - LastName = LastName: null

2020-04-09 08:41:13 - [TEST_STEP][PASSED] - Address = Address: null

2020-04-09 08:41:13 - [TEST_STEP][PASSED] - City = City: null

2020-04-09 08:41:13 - [TEST_STEP][PASSED] - Tel = Tel: null

2020-04-09 08:41:13 - [TEST_STEP][PASSED] - AutoEmail = AutoEmail: null

2020-04-09 08:41:13 - [TEST_STEP][PASSED] - println(FirstName): null

2020-04-09 08:41:13 - [TEST_STEP][PASSED] - println(LastName): null

2020-04-09 08:41:13 - [TEST_STEP][PASSED] - println(Address): null

2020-04-09 08:41:13 - [TEST_STEP][PASSED] - println(City): null

2020-04-09 08:41:13 - [TEST_STEP][PASSED] - println(Tel): null

2020-04-09 08:41:13 - [TEST_STEP][PASSED] - println(AutoEmail): null

2020-04-09 08:41:13 - [MESSAGE][PASSED] - Call Test Case 'Test Cases/AHI/_include/name' successfully

2020-04-09 08:41:13 - [TEST_STEP][PASSED] - selenium.type("id=member-P-1-firstName", FirstName): null

2020-04-09 08:41:15 - [TEST_STEP][PASSED] - selenium.type("id=member-P-1-lastName", LastName): null

2020-04-09 08:41:17 - [TEST_STEP][PASSED] - selenium.type("id=address", Address): null

2020-04-09 08:41:18 - [TEST_STEP][PASSED] - selenium.type("id=city", City): null

2020-04-09 08:41:19 - [TEST_STEP][PASSED] - selenium.type("id=email", AutoEmail): null

2020-04-09 08:41:20 - [TEST_STEP][PASSED] - selenium.type("id=primaryPhone", Tel): null

2020-04-09 08:41:20 - [TEST_STEP][PASSED] - selenium.click("id=js-app-continue-link"): null

2020-04-09 08:41:21 - [TEST_STEP][PASSED] - for ([second = 0, second < 20, (second++)]): null

2020-04-09 08:41:21 - [TEST_STEP][PASSED] - try: null

2020-04-09 08:41:21 - [TEST_STEP][PASSED] - if (selenium.isElementPresent("xpath=(//*[@class='js-question js-app-page-medical-question-wrapper'])[1]/div/button[1]")): null

2020-04-09 08:41:21 - [TEST_STEP][PASSED] - Thread.sleep(1000): null

2020-04-09 08:41:22 - [TEST_STEP][PASSED] - try: null

2020-04-09 08:41:22 - [TEST_STEP][PASSED] - if (selenium.isElementPresent("xpath=(//*[@class='js-question js-app-page-medical-question-wrapper'])[1]/div/button[1]")): null

2020-04-09 08:41:25 - [TEST_STEP][PASSED] - break: null

2020-04-09 08:41:25 - [TEST_STEP][PASSED] - callTestCase(findTestCase("AHI/_include/get_screenshot"), [:], STOP_ON_FAILURE): Call Test Case 'Test Cases/AHI/_include/get_screenshot' successfully

2020-04-09 08:41:25 - [TEST_CASE][PASSED] - Test Cases/AHI/_include/get_screenshot: Test Cases/AHI/_include/get_screenshot

2020-04-09 08:41:25 - [TEST_STEP][PASSED] - Thread.sleep(1000): null

2020-04-09 08:41:26 - [TEST_STEP][PASSED] - takeScreenshot(screenPath + i + ".png"): Taking screenshot successfully

2020-04-09 08:41:28 - [MESSAGE][PASSED] - Taking screenshot successfully
[[ATTACHMENT|D:\\Test\\AgileTest\\Reports\\AHI\\ahi\\20200409_080112\\../Screenshots/iPhone 6/AHI/Cancer Insurance/20200409_083755/6.png]]

2020-04-09 08:41:28 - [TEST_STEP][PASSED] - (internal.GlobalVariable.i++): null

2020-04-09 08:41:28 - [MESSAGE][PASSED] - Call Test Case 'Test Cases/AHI/_include/get_screenshot' successfully

2020-04-09 08:41:28 - [TEST_STEP][PASSED] - for ([i = 1, i < 12, (i++)]): null

2020-04-09 08:41:28 - [TEST_STEP][PASSED] - selenium.click("xpath=(//*[@class='js-question js-app-page-medical-question-wrapper'])[" + i + "]/div/button[1]"): null

2020-04-09 08:41:30 - [TEST_STEP][PASSED] - selenium.click("xpath=(//*[@class='js-question js-app-page-medical-question-wrapper'])[" + i + "]/div/button[1]"): null

2020-04-09 08:41:41 - [TEST_STEP][PASSED] - selenium.click("xpath=(//*[@class='js-question js-app-page-medical-question-wrapper'])[" + i + "]/div/button[1]"): null

2020-04-09 08:41:49 - [TEST_STEP][PASSED] - selenium.click("xpath=(//*[@class='js-question js-app-page-medical-question-wrapper'])[" + i + "]/div/button[1]"): null

2020-04-09 08:41:59 - [TEST_STEP][PASSED] - selenium.click("xpath=(//*[@class='js-question js-app-page-medical-question-wrapper'])[" + i + "]/div/button[1]"): null

2020-04-09 08:42:03 - [TEST_STEP][PASSED] - selenium.click("xpath=(//*[@class='js-question js-app-page-medical-question-wrapper'])[" + i + "]/div/button[1]"): null

2020-04-09 08:42:05 - [TEST_STEP][PASSED] - selenium.click("xpath=(//*[@class='js-question js-app-page-medical-question-wrapper'])[" + i + "]/div/button[1]"): null

2020-04-09 08:42:15 - [TEST_STEP][PASSED] - selenium.click("xpath=(//*[@class='js-question js-app-page-medical-question-wrapper'])[" + i + "]/div/button[1]"): null

2020-04-09 08:42:43 - [TEST_STEP][PASSED] - selenium.click("xpath=(//*[@class='js-question js-app-page-medical-question-wrapper'])[" + i + "]/div/button[1]"): null

2020-04-09 08:42:54 - [TEST_STEP][PASSED] - selenium.click("xpath=(//*[@class='js-question js-app-page-medical-question-wrapper'])[" + i + "]/div/button[1]"): null

2020-04-09 08:43:01 - [TEST_STEP][PASSED] - selenium.click("xpath=(//*[@class='js-question js-app-page-medical-question-wrapper'])[" + i + "]/div/button[1]"): null

2020-04-09 08:43:04 - [TEST_STEP][PASSED] - selenium.click("id=js-app-continue-link"): null

2020-04-09 08:43:06 - [TEST_STEP][PASSED] - for ([second = 0, second < 20, (second++)]): null

2020-04-09 08:43:06 - [TEST_STEP][PASSED] - try: null

2020-04-09 08:43:06 - [TEST_STEP][PASSED] - if (selenium.isElementPresent("id=credit-card-number")): null

2020-04-09 08:43:06 - [TEST_STEP][PASSED] - break: null

2020-04-09 08:43:06 - [TEST_STEP][PASSED] - callTestCase(findTestCase("AHI/_include/get_screenshot"), [:], STOP_ON_FAILURE): Call Test Case 'Test Cases/AHI/_include/get_screenshot' successfully

2020-04-09 08:43:07 - [TEST_CASE][PASSED] - Test Cases/AHI/_include/get_screenshot: Test Cases/AHI/_include/get_screenshot

2020-04-09 08:43:07 - [TEST_STEP][PASSED] - Thread.sleep(1000): null

2020-04-09 08:43:08 - [TEST_STEP][PASSED] - takeScreenshot(screenPath + i + ".png"): Taking screenshot successfully

2020-04-09 08:43:09 - [MESSAGE][PASSED] - Taking screenshot successfully
[[ATTACHMENT|D:\\Test\\AgileTest\\Reports\\AHI\\ahi\\20200409_080112\\../Screenshots/iPhone 6/AHI/Cancer Insurance/20200409_083755/7.png]]

2020-04-09 08:43:09 - [TEST_STEP][PASSED] - (internal.GlobalVariable.i++): null

2020-04-09 08:43:09 - [MESSAGE][PASSED] - Call Test Case 'Test Cases/AHI/_include/get_screenshot' successfully

2020-04-09 08:43:09 - [TEST_STEP][PASSED] - selenium.type("id=credit-card-number", "4111123123123123"): null

2020-04-09 08:43:21 - [TEST_STEP][PASSED] - selenium.type("id=credit-card-first", "test"): null

2020-04-09 08:43:24 - [TEST_STEP][PASSED] - selenium.type("id=credit-card-last", "test"): null

2020-04-09 08:43:25 - [TEST_STEP][PASSED] - selenium.select("id=expiration-month", "12"): null

2020-04-09 08:43:26 - [TEST_STEP][PASSED] - selenium.select("id=expiration-year", "2026"): null

2020-04-09 08:43:27 - [TEST_STEP][PASSED] - selenium.type("id=credit-card-cvv", "123"): null

2020-04-09 08:43:39 - [TEST_STEP][PASSED] - selenium.type("id=credit-card-number", "4111123123123123"): null

2020-04-09 08:43:53 - [TEST_STEP][PASSED] - selenium.click("id=js-same-billing"): null

2020-04-09 08:43:58 - [TEST_STEP][PASSED] - selenium.click("id=credit-payment-authorization"): null

2020-04-09 08:44:06 - [TEST_STEP][PASSED] - selenium.click("id=js-app-continue-link"): null

2020-04-09 08:44:08 - [TEST_STEP][PASSED] - for ([second = 0, second < 20, (second++)]): null

2020-04-09 08:44:08 - [TEST_STEP][PASSED] - try: null

2020-04-09 08:44:08 - [TEST_STEP][PASSED] - if (selenium.isElementPresent("id=consent-checkbox-0")): null

2020-04-09 08:44:09 - [TEST_STEP][PASSED] - Thread.sleep(1000): null

2020-04-09 08:44:10 - [TEST_STEP][PASSED] - try: null

2020-04-09 08:44:10 - [TEST_STEP][PASSED] - if (selenium.isElementPresent("id=consent-checkbox-0")): null

2020-04-09 08:44:11 - [TEST_STEP][PASSED] - Thread.sleep(1000): null

2020-04-09 08:44:12 - [TEST_STEP][PASSED] - try: null

2020-04-09 08:44:12 - [TEST_STEP][PASSED] - if (selenium.isElementPresent("id=consent-checkbox-0")): null

2020-04-09 08:44:12 - [TEST_STEP][PASSED] - break: null

2020-04-09 08:44:12 - [TEST_STEP][PASSED] - callTestCase(findTestCase("AHI/_include/get_screenshot"), [:], STOP_ON_FAILURE): Call Test Case 'Test Cases/AHI/_include/get_screenshot' successfully

2020-04-09 08:44:12 - [TEST_CASE][PASSED] - Test Cases/AHI/_include/get_screenshot: Test Cases/AHI/_include/get_screenshot

2020-04-09 08:44:12 - [TEST_STEP][PASSED] - Thread.sleep(1000): null

2020-04-09 08:44:13 - [TEST_STEP][PASSED] - takeScreenshot(screenPath + i + ".png"): Taking screenshot successfully

2020-04-09 08:44:14 - [MESSAGE][PASSED] - Taking screenshot successfully
[[ATTACHMENT|D:\\Test\\AgileTest\\Reports\\AHI\\ahi\\20200409_080112\\../Screenshots/iPhone 6/AHI/Cancer Insurance/20200409_083755/8.png]]

2020-04-09 08:44:14 - [TEST_STEP][PASSED] - (internal.GlobalVariable.i++): null

2020-04-09 08:44:14 - [MESSAGE][PASSED] - Call Test Case 'Test Cases/AHI/_include/get_screenshot' successfully

2020-04-09 08:44:14 - [TEST_STEP][PASSED] - selenium.click("id=consent-checkbox-0"): null

2020-04-09 08:44:14 - [TEST_STEP][PASSED] - selenium.click("id=js-signature-tab"): null

2020-04-09 08:44:15 - [TEST_STEP][PASSED] - selenium.click("id=js-app-continue-link"): null

2020-04-09 08:44:15 - [TEST_STEP][PASSED] - for ([second = 0, second < 30, (second++)]): null

2020-04-09 08:44:15 - [TEST_STEP][PASSED] - try: null

2020-04-09 08:44:15 - [TEST_STEP][PASSED] - if (selenium.isElementPresent("xpath=//h2[contains(text(),'Thank You')]")): null

2020-04-09 08:44:16 - [TEST_STEP][PASSED] - Thread.sleep(1000): null

2020-04-09 08:44:17 - [TEST_STEP][PASSED] - try: null

2020-04-09 08:44:17 - [TEST_STEP][PASSED] - if (selenium.isElementPresent("xpath=//h2[contains(text(),'Thank You')]")): null

2020-04-09 08:44:17 - [TEST_STEP][PASSED] - Thread.sleep(1000): null

2020-04-09 08:44:18 - [TEST_STEP][PASSED] - try: null

2020-04-09 08:44:18 - [TEST_STEP][PASSED] - if (selenium.isElementPresent("xpath=//h2[contains(text(),'Thank You')]")): null

2020-04-09 08:44:18 - [TEST_STEP][PASSED] - Thread.sleep(1000): null

2020-04-09 08:44:19 - [TEST_STEP][PASSED] - try: null

2020-04-09 08:44:19 - [TEST_STEP][PASSED] - if (selenium.isElementPresent("xpath=//h2[contains(text(),'Thank You')]")): null

2020-04-09 08:44:20 - [TEST_STEP][PASSED] - Thread.sleep(1000): null

2020-04-09 08:44:21 - [TEST_STEP][PASSED] - try: null

2020-04-09 08:44:21 - [TEST_STEP][PASSED] - if (selenium.isElementPresent("xpath=//h2[contains(text(),'Thank You')]")): null

2020-04-09 08:44:21 - [TEST_STEP][PASSED] - Thread.sleep(1000): null

2020-04-09 08:44:22 - [TEST_STEP][PASSED] - try: null

2020-04-09 08:44:22 - [TEST_STEP][PASSED] - if (selenium.isElementPresent("xpath=//h2[contains(text(),'Thank You')]")): null

2020-04-09 08:44:22 - [TEST_STEP][PASSED] - Thread.sleep(1000): null

2020-04-09 08:44:23 - [TEST_STEP][PASSED] - try: null

2020-04-09 08:44:23 - [TEST_STEP][PASSED] - if (selenium.isElementPresent("xpath=//h2[contains(text(),'Thank You')]")): null

2020-04-09 08:44:23 - [TEST_STEP][PASSED] - Thread.sleep(1000): null

2020-04-09 08:44:24 - [TEST_STEP][PASSED] - try: null

2020-04-09 08:44:24 - [TEST_STEP][PASSED] - if (selenium.isElementPresent("xpath=//h2[contains(text(),'Thank You')]")): null

2020-04-09 08:44:24 - [TEST_STEP][PASSED] - Thread.sleep(1000): null

2020-04-09 08:44:25 - [TEST_STEP][PASSED] - try: null

2020-04-09 08:44:25 - [TEST_STEP][PASSED] - if (selenium.isElementPresent("xpath=//h2[contains(text(),'Thank You')]")): null

2020-04-09 08:44:25 - [TEST_STEP][PASSED] - Thread.sleep(1000): null

2020-04-09 08:44:26 - [TEST_STEP][PASSED] - try: null

2020-04-09 08:44:26 - [TEST_STEP][PASSED] - if (selenium.isElementPresent("xpath=//h2[contains(text(),'Thank You')]")): null

2020-04-09 08:44:28 - [TEST_STEP][PASSED] - Thread.sleep(1000): null

2020-04-09 08:44:29 - [TEST_STEP][PASSED] - try: null

2020-04-09 08:44:29 - [TEST_STEP][PASSED] - if (selenium.isElementPresent("xpath=//h2[contains(text(),'Thank You')]")): null

2020-04-09 08:44:29 - [TEST_STEP][PASSED] - Thread.sleep(1000): null

2020-04-09 08:44:31 - [TEST_STEP][PASSED] - try: null

2020-04-09 08:44:31 - [TEST_STEP][PASSED] - if (selenium.isElementPresent("xpath=//h2[contains(text(),'Thank You')]")): null

2020-04-09 08:44:32 - [TEST_STEP][PASSED] - Thread.sleep(1000): null

2020-04-09 08:44:33 - [TEST_STEP][PASSED] - try: null

2020-04-09 08:44:33 - [TEST_STEP][PASSED] - if (selenium.isElementPresent("xpath=//h2[contains(text(),'Thank You')]")): null

2020-04-09 08:44:35 - [TEST_STEP][PASSED] - Thread.sleep(1000): null

2020-04-09 08:44:36 - [TEST_STEP][PASSED] - try: null

2020-04-09 08:44:36 - [TEST_STEP][PASSED] - if (selenium.isElementPresent("xpath=//h2[contains(text(),'Thank You')]")): null

2020-04-09 08:44:36 - [TEST_STEP][PASSED] - Thread.sleep(1000): null

2020-04-09 08:44:37 - [TEST_STEP][PASSED] - try: null

2020-04-09 08:44:37 - [TEST_STEP][PASSED] - if (selenium.isElementPresent("xpath=//h2[contains(text(),'Thank You')]")): null

2020-04-09 08:44:37 - [TEST_STEP][PASSED] - Thread.sleep(1000): null

2020-04-09 08:44:38 - [TEST_STEP][PASSED] - try: null

2020-04-09 08:44:38 - [TEST_STEP][PASSED] - if (selenium.isElementPresent("xpath=//h2[contains(text(),'Thank You')]")): null

2020-04-09 08:44:38 - [TEST_STEP][PASSED] - Thread.sleep(1000): null

2020-04-09 08:44:39 - [TEST_STEP][PASSED] - try: null

2020-04-09 08:44:39 - [TEST_STEP][PASSED] - if (selenium.isElementPresent("xpath=//h2[contains(text(),'Thank You')]")): null

2020-04-09 08:44:39 - [TEST_STEP][PASSED] - Thread.sleep(1000): null

2020-04-09 08:44:40 - [TEST_STEP][PASSED] - try: null

2020-04-09 08:44:40 - [TEST_STEP][PASSED] - if (selenium.isElementPresent("xpath=//h2[contains(text(),'Thank You')]")): null

2020-04-09 08:44:43 - [TEST_STEP][PASSED] - Thread.sleep(1000): null

2020-04-09 08:44:44 - [TEST_STEP][PASSED] - try: null

2020-04-09 08:44:44 - [TEST_STEP][PASSED] - if (selenium.isElementPresent("xpath=//h2[contains(text(),'Thank You')]")): null

2020-04-09 08:44:44 - [TEST_STEP][PASSED] - Thread.sleep(1000): null

2020-04-09 08:44:45 - [TEST_STEP][PASSED] - try: null

2020-04-09 08:44:45 - [TEST_STEP][PASSED] - if (selenium.isElementPresent("xpath=//h2[contains(text(),'Thank You')]")): null

2020-04-09 08:44:46 - [TEST_STEP][PASSED] - Thread.sleep(1000): null

2020-04-09 08:44:47 - [TEST_STEP][PASSED] - try: null

2020-04-09 08:44:47 - [TEST_STEP][PASSED] - if (selenium.isElementPresent("xpath=//h2[contains(text(),'Thank You')]")): null

2020-04-09 08:44:48 - [TEST_STEP][PASSED] - Thread.sleep(1000): null

2020-04-09 08:44:49 - [TEST_STEP][PASSED] - try: null

2020-04-09 08:44:49 - [TEST_STEP][PASSED] - if (selenium.isElementPresent("xpath=//h2[contains(text(),'Thank You')]")): null

2020-04-09 08:44:49 - [TEST_STEP][PASSED] - Thread.sleep(1000): null

2020-04-09 08:44:50 - [TEST_STEP][PASSED] - try: null

2020-04-09 08:44:50 - [TEST_STEP][PASSED] - if (selenium.isElementPresent("xpath=//h2[contains(text(),'Thank You')]")): null

2020-04-09 08:44:51 - [TEST_STEP][PASSED] - Thread.sleep(1000): null

2020-04-09 08:44:52 - [TEST_STEP][PASSED] - try: null

2020-04-09 08:44:52 - [TEST_STEP][PASSED] - if (selenium.isElementPresent("xpath=//h2[contains(text(),'Thank You')]")): null

2020-04-09 08:44:53 - [TEST_STEP][PASSED] - Thread.sleep(1000): null

2020-04-09 08:44:54 - [TEST_STEP][PASSED] - try: null

2020-04-09 08:44:54 - [TEST_STEP][PASSED] - if (selenium.isElementPresent("xpath=//h2[contains(text(),'Thank You')]")): null

2020-04-09 08:44:54 - [TEST_STEP][PASSED] - Thread.sleep(1000): null

2020-04-09 08:44:55 - [TEST_STEP][PASSED] - try: null

2020-04-09 08:44:55 - [TEST_STEP][PASSED] - if (selenium.isElementPresent("xpath=//h2[contains(text(),'Thank You')]")): null

2020-04-09 08:44:57 - [TEST_STEP][PASSED] - Thread.sleep(1000): null

2020-04-09 08:44:58 - [TEST_STEP][PASSED] - try: null

2020-04-09 08:44:58 - [TEST_STEP][PASSED] - if (selenium.isElementPresent("xpath=//h2[contains(text(),'Thank You')]")): null

2020-04-09 08:45:00 - [TEST_STEP][PASSED] - Thread.sleep(1000): null

2020-04-09 08:45:01 - [TEST_STEP][PASSED] - try: null

2020-04-09 08:45:01 - [TEST_STEP][PASSED] - if (selenium.isElementPresent("xpath=//h2[contains(text(),'Thank You')]")): null

2020-04-09 08:45:06 - [TEST_STEP][PASSED] - Thread.sleep(1000): null

2020-04-09 08:45:07 - [TEST_STEP][PASSED] - try: null

2020-04-09 08:45:07 - [TEST_STEP][PASSED] - if (selenium.isElementPresent("xpath=//h2[contains(text(),'Thank You')]")): null

2020-04-09 08:45:08 - [TEST_STEP][PASSED] - Thread.sleep(1000): null

2020-04-09 08:45:09 - [TEST_STEP][PASSED] - try: null

2020-04-09 08:45:09 - [TEST_STEP][PASSED] - if (selenium.isElementPresent("xpath=//h2[contains(text(),'Thank You')]")): null

2020-04-09 08:45:11 - [TEST_STEP][PASSED] - Thread.sleep(1000): null

2020-04-09 08:45:12 - [TEST_STEP][PASSED] - callTestCase(findTestCase("AHI/_include/get_screenshot"), [:], STOP_ON_FAILURE): Call Test Case 'Test Cases/AHI/_include/get_screenshot' successfully

2020-04-09 08:45:12 - [TEST_CASE][PASSED] - Test Cases/AHI/_include/get_screenshot: Test Cases/AHI/_include/get_screenshot

2020-04-09 08:45:12 - [TEST_STEP][PASSED] - Thread.sleep(1000): null

2020-04-09 08:45:13 - [TEST_STEP][PASSED] - takeScreenshot(screenPath + i + ".png"): Taking screenshot successfully

2020-04-09 08:45:16 - [MESSAGE][PASSED] - Taking screenshot successfully
[[ATTACHMENT|D:\\Test\\AgileTest\\Reports\\AHI\\ahi\\20200409_080112\\../Screenshots/iPhone 6/AHI/Cancer Insurance/20200409_083755/9.png]]

2020-04-09 08:45:16 - [TEST_STEP][PASSED] - (internal.GlobalVariable.i++): null

2020-04-09 08:45:16 - [MESSAGE][PASSED] - Call Test Case 'Test Cases/AHI/_include/get_screenshot' successfully]]></system-out>
         <system-err><![CDATA[]]></system-err>
      </testcase>
      <testcase name="Test Cases/AHI/NEW/Dental/National General" classname="Test Cases/AHI/NEW/Dental/National General" status="PASSED">
         <system-out><![CDATA[2020-04-09 08:45:16 - [TEST_CASE][PASSED] - Test Cases/AHI/NEW/Dental/National General: Test Cases/AHI/NEW/Dental/National General

2020-04-09 08:45:23 - [TEST_STEP][PASSED] - callTestCase(findTestCase("AHI/_include/get_screenPath"), ["productLine":"AHI", "carrierName":"Dental - National General"], CONTINUE_ON_FAILURE): Call Test Case 'Test Cases/AHI/_include/get_screenPath' successfully

2020-04-09 08:45:24 - [TEST_CASE][PASSED] - Test Cases/AHI/_include/get_screenPath: Test Cases/AHI/_include/get_screenPath

2020-04-09 08:45:24 - [TEST_STEP][PASSED] - m = getExecutionProperties(): null

2020-04-09 08:45:24 - [TEST_STEP][PASSED] - deviceName = get("mobileEmulation").get("deviceName"): null

2020-04-09 08:45:24 - [TEST_STEP][PASSED] - println(deviceName): null

2020-04-09 08:45:24 - [TEST_STEP][PASSED] - now = new java.util.Date(): null

2020-04-09 08:45:24 - [TEST_STEP][PASSED] - mydate = now.format("yyyyMMdd_HHmmss"): null

2020-04-09 08:45:24 - [TEST_STEP][PASSED] - screenPath = "../Screenshots/": null

2020-04-09 08:45:24 - [TEST_STEP][PASSED] - screenPath = screenPath + deviceName + "/" + productLine + "/" + carrierName + "/" + mydate + "/": null

2020-04-09 08:45:24 - [TEST_STEP][PASSED] - println(screenPath): null

2020-04-09 08:45:24 - [MESSAGE][PASSED] - Call Test Case 'Test Cases/AHI/_include/get_screenPath' successfully

2020-04-09 08:45:24 - [TEST_STEP][PASSED] - i = 0: null

2020-04-09 08:45:24 - [TEST_STEP][PASSED] - callTestCase(findTestCase("AHI/_include/openWebSite"), [:], STOP_ON_FAILURE): Call Test Case 'Test Cases/AHI/_include/openWebSite' successfully

2020-04-09 08:45:24 - [TEST_CASE][PASSED] - Test Cases/AHI/_include/openWebSite: Test Cases/AHI/_include/openWebSite

2020-04-09 08:45:24 - [TEST_STEP][PASSED] - openBrowser(env): Browser is opened with url: 'https://praetemptatus.agilehealthinsurance.com'

2020-04-09 08:45:24 - [MESSAGE][WARNING] - A browser is already opened. Closing browser and opening a new one

2020-04-09 08:45:27 - [MESSAGE][INFO] - Starting 'Chrome' driver

2020-04-09 08:45:27 - [MESSAGE][INFO] - User set preference: ['mobileEmulation', '{deviceName=iPhone 6}']

2020-04-09 08:45:27 - [MESSAGE][INFO] - User set preference: ['args', '[--incognito, --aggressive-cache-discard, --window-size=375,677, --no-sandbox, --ignore-certificate-errors]']

2020-04-09 08:45:52 - [MESSAGE][PASSED] - Browser is opened with url: 'https://praetemptatus.agilehealthinsurance.com'

2020-04-09 08:45:52 - [TEST_STEP][PASSED] - waitForPageLoad(20): Wait for page load successfully

2020-04-09 08:46:00 - [MESSAGE][PASSED] - Wait for page load successfully

2020-04-09 08:46:00 - [TEST_STEP][PASSED] - callTestCase(findTestCase("AHI/_include/get_screenshot"), [:], STOP_ON_FAILURE): Call Test Case 'Test Cases/AHI/_include/get_screenshot' successfully

2020-04-09 08:46:00 - [TEST_CASE][PASSED] - Test Cases/AHI/_include/get_screenshot: Test Cases/AHI/_include/get_screenshot

2020-04-09 08:46:00 - [TEST_STEP][PASSED] - Thread.sleep(1000): null

2020-04-09 08:46:01 - [TEST_STEP][PASSED] - takeScreenshot(screenPath + i + ".png"): Taking screenshot successfully

2020-04-09 08:46:06 - [MESSAGE][PASSED] - Taking screenshot successfully
[[ATTACHMENT|D:\\Test\\AgileTest\\Reports\\AHI\\ahi\\20200409_080112\\../Screenshots/iPhone 6/AHI/Dental - National General/20200409_084524/0.png]]

2020-04-09 08:46:06 - [TEST_STEP][PASSED] - (internal.GlobalVariable.i++): null

2020-04-09 08:46:06 - [MESSAGE][PASSED] - Call Test Case 'Test Cases/AHI/_include/get_screenshot' successfully

2020-04-09 08:46:06 - [MESSAGE][PASSED] - Call Test Case 'Test Cases/AHI/_include/openWebSite' successfully

2020-04-09 08:46:06 - [TEST_STEP][PASSED] - driver = getWebDriver(): null

2020-04-09 08:46:06 - [TEST_STEP][PASSED] - baseUrl = ENV: null

2020-04-09 08:46:06 - [TEST_STEP][PASSED] - selenium = new com.thoughtworks.selenium.webdriven.WebDriverBackedSelenium(driver, baseUrl): null

2020-04-09 08:46:07 - [TEST_STEP][PASSED] - selenium.click("//*[@class='filter-option-inner-inner']"): null

2020-04-09 08:46:08 - [TEST_STEP][PASSED] - selenium.click("id=bs-select-1-2"): null

2020-04-09 08:46:08 - [TEST_STEP][PASSED] - selenium.click("id=primaryCTA"): null

2020-04-09 08:46:11 - [TEST_STEP][PASSED] - for ([second = 0, second < 20, (second++)]): null

2020-04-09 08:46:11 - [TEST_STEP][PASSED] - try: null

2020-04-09 08:46:11 - [TEST_STEP][PASSED] - if (selenium.isElementPresent("id=zip-input")): null

2020-04-09 08:46:17 - [TEST_STEP][PASSED] - break: null

2020-04-09 08:46:17 - [TEST_STEP][PASSED] - callTestCase(findTestCase("AHI/_include/get_screenshot"), [:], STOP_ON_FAILURE): Call Test Case 'Test Cases/AHI/_include/get_screenshot' successfully

2020-04-09 08:46:17 - [TEST_CASE][PASSED] - Test Cases/AHI/_include/get_screenshot: Test Cases/AHI/_include/get_screenshot

2020-04-09 08:46:17 - [TEST_STEP][PASSED] - Thread.sleep(1000): null

2020-04-09 08:46:18 - [TEST_STEP][PASSED] - takeScreenshot(screenPath + i + ".png"): Taking screenshot successfully

2020-04-09 08:46:21 - [MESSAGE][PASSED] - Taking screenshot successfully
[[ATTACHMENT|D:\\Test\\AgileTest\\Reports\\AHI\\ahi\\20200409_080112\\../Screenshots/iPhone 6/AHI/Dental - National General/20200409_084524/1.png]]

2020-04-09 08:46:21 - [TEST_STEP][PASSED] - (internal.GlobalVariable.i++): null

2020-04-09 08:46:21 - [MESSAGE][PASSED] - Call Test Case 'Test Cases/AHI/_include/get_screenshot' successfully

2020-04-09 08:46:21 - [TEST_STEP][PASSED] - setText(findTestObject("mobileSanity/Dental/census/input_Location_zip-input"), "35215"): Text '35215' is set on object 'Object Repository/mobileSanity/Dental/census/input_Location_zip-input'

2020-04-09 08:46:23 - [MESSAGE][PASSED] - Text '35215' is set on object 'Object Repository/mobileSanity/Dental/census/input_Location_zip-input'

2020-04-09 08:46:23 - [TEST_STEP][PASSED] - setText(findTestObject("mobileSanity/Dental/census/input_Date of Birth_dob-0"), "12121980"): Text '12121980' is set on object 'Object Repository/mobileSanity/Dental/census/input_Date of Birth_dob-0'

2020-04-09 08:46:25 - [MESSAGE][PASSED] - Text '12121980' is set on object 'Object Repository/mobileSanity/Dental/census/input_Date of Birth_dob-0'

2020-04-09 08:46:25 - [TEST_STEP][PASSED] - click(findTestObject("mobileSanity/Dental/census/label_Male")): Object: 'Object Repository/mobileSanity/Dental/census/label_Male' is clicked on

2020-04-09 08:46:26 - [MESSAGE][PASSED] - Object: 'Object Repository/mobileSanity/Dental/census/label_Male' is clicked on

2020-04-09 08:46:26 - [TEST_STEP][PASSED] - selenium.click("id=js-see-plans"): null

2020-04-09 08:46:36 - [TEST_STEP][PASSED] - for ([second = 0, second < 20, (second++)]): null

2020-04-09 08:46:36 - [TEST_STEP][PASSED] - try: null

2020-04-09 08:46:36 - [TEST_STEP][PASSED] - if (selenium.isElementPresent("id=js-quote-header")): null

2020-04-09 08:46:37 - [TEST_STEP][PASSED] - break: null

2020-04-09 08:46:37 - [TEST_STEP][PASSED] - callTestCase(findTestCase("AHI/_include/get_screenshot"), [:], STOP_ON_FAILURE): Call Test Case 'Test Cases/AHI/_include/get_screenshot' successfully

2020-04-09 08:46:38 - [TEST_CASE][PASSED] - Test Cases/AHI/_include/get_screenshot: Test Cases/AHI/_include/get_screenshot

2020-04-09 08:46:38 - [TEST_STEP][PASSED] - Thread.sleep(1000): null

2020-04-09 08:46:39 - [TEST_STEP][PASSED] - takeScreenshot(screenPath + i + ".png"): Taking screenshot successfully

2020-04-09 08:46:40 - [MESSAGE][PASSED] - Taking screenshot successfully
[[ATTACHMENT|D:\\Test\\AgileTest\\Reports\\AHI\\ahi\\20200409_080112\\../Screenshots/iPhone 6/AHI/Dental - National General/20200409_084524/2.png]]

2020-04-09 08:46:40 - [TEST_STEP][PASSED] - (internal.GlobalVariable.i++): null

2020-04-09 08:46:40 - [MESSAGE][PASSED] - Call Test Case 'Test Cases/AHI/_include/get_screenshot' successfully

2020-04-09 08:46:40 - [TEST_STEP][PASSED] - click(findTestObject("mobileSanity/Dental/filter/btn_filter")): Object: 'Object Repository/mobileSanity/Dental/filter/btn_filter' is clicked on

2020-04-09 08:46:46 - [MESSAGE][PASSED] - Object: 'Object Repository/mobileSanity/Dental/filter/btn_filter' is clicked on

2020-04-09 08:46:46 - [TEST_STEP][PASSED] - waitForElementVisible(findTestObject("mobileSanity/Dental/filter/btn_company"), 10): Object 'Object Repository/mobileSanity/Dental/filter/btn_company' is visible

2020-04-09 08:46:53 - [MESSAGE][PASSED] - Object 'Object Repository/mobileSanity/Dental/filter/btn_company' is visible

2020-04-09 08:46:53 - [TEST_STEP][PASSED] - click(findTestObject("mobileSanity/Dental/filter/btn_company")): Object: 'Object Repository/mobileSanity/Dental/filter/btn_company' is clicked on

2020-04-09 08:46:58 - [MESSAGE][PASSED] - Object: 'Object Repository/mobileSanity/Dental/filter/btn_company' is clicked on

2020-04-09 08:46:58 - [TEST_STEP][PASSED] - Thread.sleep(2000): null

2020-04-09 08:47:00 - [TEST_STEP][PASSED] - click(findTestObject("mobileSanity/Dental/filter/btn_ng")): Object: 'Object Repository/mobileSanity/Dental/filter/btn_ng' is clicked on

2020-04-09 08:47:04 - [MESSAGE][PASSED] - Object: 'Object Repository/mobileSanity/Dental/filter/btn_ng' is clicked on

2020-04-09 08:47:04 - [TEST_STEP][PASSED] - waitForJQueryLoad(20, STOP_ON_FAILURE): jQuery is ready.

2020-04-09 08:47:07 - [MESSAGE][PASSED] - jQuery is ready.

2020-04-09 08:47:07 - [TEST_STEP][PASSED] - callTestCase(findTestCase("AHI/_include/get_screenshot"), [:], STOP_ON_FAILURE): Call Test Case 'Test Cases/AHI/_include/get_screenshot' successfully

2020-04-09 08:47:07 - [TEST_CASE][PASSED] - Test Cases/AHI/_include/get_screenshot: Test Cases/AHI/_include/get_screenshot

2020-04-09 08:47:07 - [TEST_STEP][PASSED] - Thread.sleep(1000): null

2020-04-09 08:47:08 - [TEST_STEP][PASSED] - takeScreenshot(screenPath + i + ".png"): Taking screenshot successfully

2020-04-09 08:47:09 - [MESSAGE][PASSED] - Taking screenshot successfully
[[ATTACHMENT|D:\\Test\\AgileTest\\Reports\\AHI\\ahi\\20200409_080112\\../Screenshots/iPhone 6/AHI/Dental - National General/20200409_084524/3.png]]

2020-04-09 08:47:09 - [TEST_STEP][PASSED] - (internal.GlobalVariable.i++): null

2020-04-09 08:47:09 - [MESSAGE][PASSED] - Call Test Case 'Test Cases/AHI/_include/get_screenshot' successfully

2020-04-09 08:47:09 - [TEST_STEP][PASSED] - click(findTestObject("mobileSanity/Dental/filter/btn_filter")): Object: 'Object Repository/mobileSanity/Dental/filter/btn_filter' is clicked on

2020-04-09 08:47:10 - [MESSAGE][PASSED] - Object: 'Object Repository/mobileSanity/Dental/filter/btn_filter' is clicked on

2020-04-09 08:47:10 - [TEST_STEP][PASSED] - Thread.sleep(2000): null

2020-04-09 08:47:12 - [TEST_STEP][PASSED] - scrollToPosition(0, 600): Browser is scrolled to position x = 0, y = 600

2020-04-09 08:47:12 - [MESSAGE][PASSED] - Browser is scrolled to position x = 0, y = 600

2020-04-09 08:47:12 - [TEST_STEP][PASSED] - Thread.sleep(2000): null

2020-04-09 08:47:14 - [TEST_STEP][PASSED] - click(findTestObject("mobileSanity/Dental/quote/a_Select This Plan")): Object: 'Object Repository/mobileSanity/Dental/quote/a_Select This Plan' is clicked on

2020-04-09 08:47:23 - [MESSAGE][PASSED] - Object: 'Object Repository/mobileSanity/Dental/quote/a_Select This Plan' is clicked on

2020-04-09 08:47:23 - [TEST_STEP][PASSED] - waitForPageLoad(10): Wait for page load successfully

2020-04-09 08:47:23 - [MESSAGE][PASSED] - Wait for page load successfully

2020-04-09 08:47:23 - [TEST_STEP][PASSED] - callTestCase(findTestCase("AHI/_include/get_screenshot"), [:], STOP_ON_FAILURE): Call Test Case 'Test Cases/AHI/_include/get_screenshot' successfully

2020-04-09 08:47:23 - [TEST_CASE][PASSED] - Test Cases/AHI/_include/get_screenshot: Test Cases/AHI/_include/get_screenshot

2020-04-09 08:47:23 - [TEST_STEP][PASSED] - Thread.sleep(1000): null

2020-04-09 08:47:25 - [TEST_STEP][PASSED] - takeScreenshot(screenPath + i + ".png"): Taking screenshot successfully

2020-04-09 08:47:28 - [MESSAGE][PASSED] - Taking screenshot successfully
[[ATTACHMENT|D:\\Test\\AgileTest\\Reports\\AHI\\ahi\\20200409_080112\\../Screenshots/iPhone 6/AHI/Dental - National General/20200409_084524/4.png]]

2020-04-09 08:47:28 - [TEST_STEP][PASSED] - (internal.GlobalVariable.i++): null

2020-04-09 08:47:28 - [MESSAGE][PASSED] - Call Test Case 'Test Cases/AHI/_include/get_screenshot' successfully

2020-04-09 08:47:28 - [TEST_STEP][PASSED] - Thread.sleep(3000): null

2020-04-09 08:47:31 - [TEST_STEP][PASSED] - click(findTestObject("mobileSanity/Dental/apply/span_Start Secure Application")): Object: 'Object Repository/mobileSanity/Dental/apply/span_Start Secure Application' is clicked on

2020-04-09 08:47:32 - [MESSAGE][PASSED] - Object: 'Object Repository/mobileSanity/Dental/apply/span_Start Secure Application' is clicked on

2020-04-09 08:47:32 - [TEST_STEP][PASSED] - for ([second = 0, second < 20, (second++)]): null

2020-04-09 08:47:32 - [TEST_STEP][PASSED] - try: null

2020-04-09 08:47:32 - [TEST_STEP][PASSED] - if (selenium.isElementPresent("id=member-P-1-firstName")): null

2020-04-09 08:47:38 - [TEST_STEP][PASSED] - break: null

2020-04-09 08:47:38 - [TEST_STEP][PASSED] - callTestCase(findTestCase("AHI/_include/get_screenshot"), [:], STOP_ON_FAILURE): Call Test Case 'Test Cases/AHI/_include/get_screenshot' successfully

2020-04-09 08:47:38 - [TEST_CASE][PASSED] - Test Cases/AHI/_include/get_screenshot: Test Cases/AHI/_include/get_screenshot

2020-04-09 08:47:38 - [TEST_STEP][PASSED] - Thread.sleep(1000): null

2020-04-09 08:47:39 - [TEST_STEP][PASSED] - takeScreenshot(screenPath + i + ".png"): Taking screenshot successfully

2020-04-09 08:47:42 - [MESSAGE][PASSED] - Taking screenshot successfully
[[ATTACHMENT|D:\\Test\\AgileTest\\Reports\\AHI\\ahi\\20200409_080112\\../Screenshots/iPhone 6/AHI/Dental - National General/20200409_084524/5.png]]

2020-04-09 08:47:42 - [TEST_STEP][PASSED] - (internal.GlobalVariable.i++): null

2020-04-09 08:47:42 - [MESSAGE][PASSED] - Call Test Case 'Test Cases/AHI/_include/get_screenshot' successfully

2020-04-09 08:47:42 - [TEST_STEP][PASSED] - callTestCase(findTestCase("AHI/_include/name"), [:], CONTINUE_ON_FAILURE): Call Test Case 'Test Cases/AHI/_include/name' successfully

2020-04-09 08:47:43 - [TEST_CASE][PASSED] - Test Cases/AHI/_include/name: Test Cases/AHI/_include/name

2020-04-09 08:47:43 - [TEST_STEP][PASSED] - driver = getWebDriver(): null

2020-04-09 08:47:43 - [TEST_STEP][PASSED] - selenium = new com.thoughtworks.selenium.webdriven.WebDriverBackedSelenium(driver, internal.GlobalVariable.ENV): null

2020-04-09 08:47:43 - [TEST_STEP][PASSED] - FirstName = "Test-123": null

2020-04-09 08:47:43 - [TEST_STEP][PASSED] - LastName = selenium.getEval("{var x="ABCDEFGHIJKLMNOPQRSTUVWXYZabcdefghijklmnopqrstuvwxyz"; var tmp="ZZ11-"; for (i=0;i<8;i++) tmp+=x.charAt(Math.ceil(51*Math.random()));tmp;}"): null

2020-04-09 08:47:43 - [TEST_STEP][PASSED] - Address = selenium.getEval("{var x="ABCDEFGHIJKLMNOPQRSTUVWXYZabcdefghijklmnopqrstuvwxyz"; var tmp=""; for (i=0;i<8;i++) tmp+=x.charAt(Math.ceil(51*Math.random()));tmp;}"): null

2020-04-09 08:47:43 - [TEST_STEP][PASSED] - City = selenium.getEval("{var x="ABCDEFGHIJKLMNOPQRSTUVWXYZabcdefghijklmnopqrstuvwxyz"; var tmp=""; for (i=0;i<8;i++) tmp+=x.charAt(Math.ceil(51*Math.random()));tmp;}"): null

2020-04-09 08:47:43 - [TEST_STEP][PASSED] - tel1 = selenium.getEval("{var x="123456789"; var tmp=""; for (i=0;i<3;i++) tmp+=x.charAt(Math.ceil(8*Math.random()));tmp;}"): null

2020-04-09 08:47:43 - [TEST_STEP][PASSED] - tel2 = selenium.getEval("{var x="123456789"; var tmp=""; for (i=0;i<3;i++) tmp+=x.charAt(Math.ceil(8*Math.random()));tmp;}"): null

2020-04-09 08:47:43 - [TEST_STEP][PASSED] - tel3 = selenium.getEval("{var x="123456789"; var tmp=""; for (i=0;i<4;i++) tmp+=x.charAt(Math.ceil(8*Math.random()));tmp;}"): null

2020-04-09 08:47:43 - [TEST_STEP][PASSED] - Tel = selenium.getExpression(tel1 + "-" + tel2 + "-" + tel3): null

2020-04-09 08:47:43 - [TEST_STEP][PASSED] - AutoEmail = selenium.getEval("{var x="ABCDEFGHIJKLMNOPQRSTUVWXYZabcdefghijklmnopqrstuvwxyz"; var tmp="test."; for (i=0;i<8;i++) tmp+=x.charAt(Math.ceil(51*Math.random()));tmp+="@suryani.cn";}"): null

2020-04-09 08:47:43 - [TEST_STEP][PASSED] - FirstName = FirstName: null

2020-04-09 08:47:43 - [TEST_STEP][PASSED] - LastName = LastName: null

2020-04-09 08:47:43 - [TEST_STEP][PASSED] - Address = Address: null

2020-04-09 08:47:43 - [TEST_STEP][PASSED] - City = City: null

2020-04-09 08:47:43 - [TEST_STEP][PASSED] - Tel = Tel: null

2020-04-09 08:47:43 - [TEST_STEP][PASSED] - AutoEmail = AutoEmail: null

2020-04-09 08:47:43 - [TEST_STEP][PASSED] - println(FirstName): null

2020-04-09 08:47:43 - [TEST_STEP][PASSED] - println(LastName): null

2020-04-09 08:47:43 - [TEST_STEP][PASSED] - println(Address): null

2020-04-09 08:47:43 - [TEST_STEP][PASSED] - println(City): null

2020-04-09 08:47:43 - [TEST_STEP][PASSED] - println(Tel): null

2020-04-09 08:47:43 - [TEST_STEP][PASSED] - println(AutoEmail): null

2020-04-09 08:47:43 - [MESSAGE][PASSED] - Call Test Case 'Test Cases/AHI/_include/name' successfully

2020-04-09 08:47:43 - [TEST_STEP][PASSED] - Thread.sleep(3000): null

2020-04-09 08:47:46 - [TEST_STEP][PASSED] - setText(findTestObject("mobileSanity/Dental/app_page1/input__member-P-1-firstName"), FirstName): Text 'Test-123' is set on object 'Object Repository/mobileSanity/Dental/app_page1/input__member-P-1-firstName'

2020-04-09 08:47:51 - [MESSAGE][PASSED] - Text 'Test-123' is set on object 'Object Repository/mobileSanity/Dental/app_page1/input__member-P-1-firstName'

2020-04-09 08:47:51 - [TEST_STEP][PASSED] - setText(findTestObject("mobileSanity/Dental/app_page1/input__member-P-1-lastName"), LastName): Text 'ZZ11-ZRNpWzZk' is set on object 'Object Repository/mobileSanity/Dental/app_page1/input__member-P-1-lastName'

2020-04-09 08:48:03 - [MESSAGE][PASSED] - Text 'ZZ11-ZRNpWzZk' is set on object 'Object Repository/mobileSanity/Dental/app_page1/input__member-P-1-lastName'

2020-04-09 08:48:03 - [TEST_STEP][PASSED] - setText(findTestObject("mobileSanity/Dental/app_page1/input__address"), Address): Text 'wbHedsRG' is set on object 'Object Repository/mobileSanity/Dental/app_page1/input__address'

2020-04-09 08:48:03 - [MESSAGE][PASSED] - Text 'wbHedsRG' is set on object 'Object Repository/mobileSanity/Dental/app_page1/input__address'

2020-04-09 08:48:03 - [TEST_STEP][PASSED] - setText(findTestObject("mobileSanity/Dental/app_page1/input__city"), City): Text 'qPbbObVQ' is set on object 'Object Repository/mobileSanity/Dental/app_page1/input__city'

2020-04-09 08:48:03 - [MESSAGE][PASSED] - Text 'qPbbObVQ' is set on object 'Object Repository/mobileSanity/Dental/app_page1/input__city'

2020-04-09 08:48:03 - [TEST_STEP][PASSED] - setText(findTestObject("mobileSanity/Dental/app_page1/input__email"), AutoEmail): Text 'test.PfLeLmZD@suryani.cn' is set on object 'Object Repository/mobileSanity/Dental/app_page1/input__email'

2020-04-09 08:48:19 - [MESSAGE][PASSED] - Text 'test.PfLeLmZD@suryani.cn' is set on object 'Object Repository/mobileSanity/Dental/app_page1/input__email'

2020-04-09 08:48:19 - [TEST_STEP][PASSED] - setText(findTestObject("mobileSanity/Dental/app_page1/input_phone"), Tel): Text '249-946-7494' is set on object 'Object Repository/mobileSanity/Dental/app_page1/input_phone'

2020-04-09 08:48:24 - [MESSAGE][PASSED] - Text '249-946-7494' is set on object 'Object Repository/mobileSanity/Dental/app_page1/input_phone'

2020-04-09 08:48:24 - [TEST_STEP][PASSED] - click(findTestObject("mobileSanity/Dental/app_page1/a_Continue to Step 2 - Payment")): Object: 'Object Repository/mobileSanity/Dental/app_page1/a_Continue to Step 2 - Payment' is clicked on

2020-04-09 08:48:27 - [MESSAGE][PASSED] - Object: 'Object Repository/mobileSanity/Dental/app_page1/a_Continue to Step 2 - Payment' is clicked on

2020-04-09 08:48:27 - [TEST_STEP][PASSED] - for ([second = 0, second < 20, (second++)]): null

2020-04-09 08:48:27 - [TEST_STEP][PASSED] - try: null

2020-04-09 08:48:27 - [TEST_STEP][PASSED] - if (selenium.isElementPresent("id=credit-card-number")): null

2020-04-09 08:48:27 - [TEST_STEP][PASSED] - break: null

2020-04-09 08:48:27 - [TEST_STEP][PASSED] - callTestCase(findTestCase("AHI/_include/get_screenshot"), [:], STOP_ON_FAILURE): Call Test Case 'Test Cases/AHI/_include/get_screenshot' successfully

2020-04-09 08:48:27 - [TEST_CASE][PASSED] - Test Cases/AHI/_include/get_screenshot: Test Cases/AHI/_include/get_screenshot

2020-04-09 08:48:27 - [TEST_STEP][PASSED] - Thread.sleep(1000): null

2020-04-09 08:48:28 - [TEST_STEP][PASSED] - takeScreenshot(screenPath + i + ".png"): Taking screenshot successfully

2020-04-09 08:48:30 - [MESSAGE][PASSED] - Taking screenshot successfully
[[ATTACHMENT|D:\\Test\\AgileTest\\Reports\\AHI\\ahi\\20200409_080112\\../Screenshots/iPhone 6/AHI/Dental - National General/20200409_084524/6.png]]

2020-04-09 08:48:30 - [TEST_STEP][PASSED] - (internal.GlobalVariable.i++): null

2020-04-09 08:48:30 - [MESSAGE][PASSED] - Call Test Case 'Test Cases/AHI/_include/get_screenshot' successfully

2020-04-09 08:48:30 - [TEST_STEP][PASSED] - setText(findTestObject("mobileSanity/Dental/app_page2/input__credit-card-first"), FirstName): Text 'Test-123' is set on object 'Object Repository/mobileSanity/Dental/app_page2/input__credit-card-first'

2020-04-09 08:48:40 - [MESSAGE][PASSED] - Text 'Test-123' is set on object 'Object Repository/mobileSanity/Dental/app_page2/input__credit-card-first'

2020-04-09 08:48:40 - [TEST_STEP][PASSED] - setText(findTestObject("mobileSanity/Dental/app_page2/input__credit-card-last"), LastName): Text 'ZZ11-ZRNpWzZk' is set on object 'Object Repository/mobileSanity/Dental/app_page2/input__credit-card-last'

2020-04-09 08:48:52 - [MESSAGE][PASSED] - Text 'ZZ11-ZRNpWzZk' is set on object 'Object Repository/mobileSanity/Dental/app_page2/input__credit-card-last'

2020-04-09 08:48:52 - [TEST_STEP][PASSED] - selectOptionByValue(findTestObject("mobileSanity/Dental/app_page2/select_MM010203040506070809101"), "12", true): All options with value '12' are selected in object 'Object Repository/mobileSanity/Dental/app_page2/select_MM010203040506070809101'  using regular expression

2020-04-09 08:49:02 - [MESSAGE][PASSED] - All options with value '12' are selected in object 'Object Repository/mobileSanity/Dental/app_page2/select_MM010203040506070809101'  using regular expression

2020-04-09 08:49:02 - [TEST_STEP][PASSED] - selectOptionByValue(findTestObject("mobileSanity/Dental/app_page2/select_YYYY2019202020212022202"), "2026", true): All options with value '2026' are selected in object 'Object Repository/mobileSanity/Dental/app_page2/select_YYYY2019202020212022202'  using regular expression

2020-04-09 08:49:10 - [MESSAGE][PASSED] - All options with value '2026' are selected in object 'Object Repository/mobileSanity/Dental/app_page2/select_YYYY2019202020212022202'  using regular expression

2020-04-09 08:49:10 - [TEST_STEP][PASSED] - setText(findTestObject("mobileSanity/Dental/app_page2/input__credit-card-number"), "4111111111111111"): Text '4111111111111111' is set on object 'Object Repository/mobileSanity/Dental/app_page2/input__credit-card-number'

2020-04-09 08:49:11 - [MESSAGE][PASSED] - Text '4111111111111111' is set on object 'Object Repository/mobileSanity/Dental/app_page2/input__credit-card-number'

2020-04-09 08:49:11 - [TEST_STEP][PASSED] - setText(findTestObject("mobileSanity/Dental/app_page2/input__cvv"), "123"): Text '123' is set on object 'Object Repository/mobileSanity/Dental/app_page2/input__cvv'

2020-04-09 08:49:12 - [MESSAGE][PASSED] - Text '123' is set on object 'Object Repository/mobileSanity/Dental/app_page2/input__cvv'

2020-04-09 08:49:12 - [TEST_STEP][PASSED] - click(findTestObject("mobileSanity/Dental/app_page2/label_My billing address is th")): Object: 'Object Repository/mobileSanity/Dental/app_page2/label_My billing address is th' is clicked on

2020-04-09 08:49:12 - [MESSAGE][PASSED] - Object: 'Object Repository/mobileSanity/Dental/app_page2/label_My billing address is th' is clicked on

2020-04-09 08:49:12 - [TEST_STEP][PASSED] - click(findTestObject("mobileSanity/Dental/app_page2/label_I Accept Authorization f")): Object: 'Object Repository/mobileSanity/Dental/app_page2/label_I Accept Authorization f' is clicked on

2020-04-09 08:49:13 - [MESSAGE][PASSED] - Object: 'Object Repository/mobileSanity/Dental/app_page2/label_I Accept Authorization f' is clicked on

2020-04-09 08:49:13 - [TEST_STEP][PASSED] - click(findTestObject("mobileSanity/Dental/app_page2/a_Continue to Step 3 - Review")): Object: 'Object Repository/mobileSanity/Dental/app_page2/a_Continue to Step 3 - Review' is clicked on

2020-04-09 08:49:16 - [MESSAGE][PASSED] - Object: 'Object Repository/mobileSanity/Dental/app_page2/a_Continue to Step 3 - Review' is clicked on

2020-04-09 08:49:16 - [TEST_STEP][PASSED] - for ([second = 0, second < 20, (second++)]): null

2020-04-09 08:49:16 - [TEST_STEP][PASSED] - try: null

2020-04-09 08:49:16 - [TEST_STEP][PASSED] - if (selenium.isElementPresent("id=consent-checkbox-0")): null

2020-04-09 08:49:16 - [TEST_STEP][PASSED] - break: null

2020-04-09 08:49:16 - [TEST_STEP][PASSED] - waitForElementClickable(findTestObject("mobileSanity/Dental/app_page3/label"), 20): Object 'Object Repository/mobileSanity/Dental/app_page3/label' is clickable

2020-04-09 08:49:16 - [MESSAGE][PASSED] - Object 'Object Repository/mobileSanity/Dental/app_page3/label' is clickable

2020-04-09 08:49:16 - [TEST_STEP][PASSED] - callTestCase(findTestCase("AHI/_include/get_screenshot"), [:], STOP_ON_FAILURE): Call Test Case 'Test Cases/AHI/_include/get_screenshot' successfully

2020-04-09 08:49:17 - [TEST_CASE][PASSED] - Test Cases/AHI/_include/get_screenshot: Test Cases/AHI/_include/get_screenshot

2020-04-09 08:49:17 - [TEST_STEP][PASSED] - Thread.sleep(1000): null

2020-04-09 08:49:18 - [TEST_STEP][PASSED] - takeScreenshot(screenPath + i + ".png"): Taking screenshot successfully

2020-04-09 08:49:20 - [MESSAGE][PASSED] - Taking screenshot successfully
[[ATTACHMENT|D:\\Test\\AgileTest\\Reports\\AHI\\ahi\\20200409_080112\\../Screenshots/iPhone 6/AHI/Dental - National General/20200409_084524/7.png]]

2020-04-09 08:49:20 - [TEST_STEP][PASSED] - (internal.GlobalVariable.i++): null

2020-04-09 08:49:20 - [MESSAGE][PASSED] - Call Test Case 'Test Cases/AHI/_include/get_screenshot' successfully

2020-04-09 08:49:20 - [TEST_STEP][PASSED] - click(findTestObject("mobileSanity/Dental/app_page3/label")): Object: 'Object Repository/mobileSanity/Dental/app_page3/label' is clicked on

2020-04-09 08:49:23 - [MESSAGE][PASSED] - Object: 'Object Repository/mobileSanity/Dental/app_page3/label' is clicked on

2020-04-09 08:49:23 - [TEST_STEP][PASSED] - click(findTestObject("mobileSanity/Dental/app_page3/p_CLICK TO SIGN")): Object: 'Object Repository/mobileSanity/Dental/app_page3/p_CLICK TO SIGN' is clicked on

2020-04-09 08:49:24 - [MESSAGE][PASSED] - Object: 'Object Repository/mobileSanity/Dental/app_page3/p_CLICK TO SIGN' is clicked on

2020-04-09 08:49:24 - [TEST_STEP][PASSED] - click(findTestObject("mobileSanity/Dental/app_page3/a_Submit Your Application")): Object: 'Object Repository/mobileSanity/Dental/app_page3/a_Submit Your Application' is clicked on

2020-04-09 08:49:24 - [MESSAGE][PASSED] - Object: 'Object Repository/mobileSanity/Dental/app_page3/a_Submit Your Application' is clicked on

2020-04-09 08:49:24 - [TEST_STEP][PASSED] - for ([second = 0, second < 30, (second++)]): null

2020-04-09 08:49:24 - [TEST_STEP][PASSED] - try: null

2020-04-09 08:49:24 - [TEST_STEP][PASSED] - if (selenium.isElementPresent("id=app-confirmation")): null

2020-04-09 08:49:25 - [TEST_STEP][PASSED] - Thread.sleep(1000): null

2020-04-09 08:49:26 - [TEST_STEP][PASSED] - try: null

2020-04-09 08:49:26 - [TEST_STEP][PASSED] - if (selenium.isElementPresent("id=app-confirmation")): null

2020-04-09 08:49:26 - [TEST_STEP][PASSED] - Thread.sleep(1000): null

2020-04-09 08:49:27 - [TEST_STEP][PASSED] - try: null

2020-04-09 08:49:27 - [TEST_STEP][PASSED] - if (selenium.isElementPresent("id=app-confirmation")): null

2020-04-09 08:49:30 - [TEST_STEP][PASSED] - Thread.sleep(1000): null

2020-04-09 08:49:31 - [TEST_STEP][PASSED] - try: null

2020-04-09 08:49:31 - [TEST_STEP][PASSED] - if (selenium.isElementPresent("id=app-confirmation")): null

2020-04-09 08:49:35 - [TEST_STEP][PASSED] - Thread.sleep(1000): null

2020-04-09 08:49:36 - [TEST_STEP][PASSED] - try: null

2020-04-09 08:49:36 - [TEST_STEP][PASSED] - if (selenium.isElementPresent("id=app-confirmation")): null

2020-04-09 08:49:41 - [TEST_STEP][PASSED] - Thread.sleep(1000): null

2020-04-09 08:49:42 - [TEST_STEP][PASSED] - try: null

2020-04-09 08:49:42 - [TEST_STEP][PASSED] - if (selenium.isElementPresent("id=app-confirmation")): null

2020-04-09 08:49:42 - [TEST_STEP][PASSED] - Thread.sleep(1000): null

2020-04-09 08:49:43 - [TEST_STEP][PASSED] - try: null

2020-04-09 08:49:43 - [TEST_STEP][PASSED] - if (selenium.isElementPresent("id=app-confirmation")): null

2020-04-09 08:49:43 - [TEST_STEP][PASSED] - Thread.sleep(1000): null

2020-04-09 08:49:44 - [TEST_STEP][PASSED] - try: null

2020-04-09 08:49:44 - [TEST_STEP][PASSED] - if (selenium.isElementPresent("id=app-confirmation")): null

2020-04-09 08:49:45 - [TEST_STEP][PASSED] - Thread.sleep(1000): null

2020-04-09 08:49:46 - [TEST_STEP][PASSED] - try: null

2020-04-09 08:49:46 - [TEST_STEP][PASSED] - if (selenium.isElementPresent("id=app-confirmation")): null

2020-04-09 08:49:46 - [TEST_STEP][PASSED] - Thread.sleep(1000): null

2020-04-09 08:49:47 - [TEST_STEP][PASSED] - try: null

2020-04-09 08:49:47 - [TEST_STEP][PASSED] - if (selenium.isElementPresent("id=app-confirmation")): null

2020-04-09 08:49:47 - [TEST_STEP][PASSED] - Thread.sleep(1000): null

2020-04-09 08:49:49 - [TEST_STEP][PASSED] - try: null

2020-04-09 08:49:49 - [TEST_STEP][PASSED] - if (selenium.isElementPresent("id=app-confirmation")): null

2020-04-09 08:49:52 - [TEST_STEP][PASSED] - Thread.sleep(1000): null

2020-04-09 08:49:54 - [TEST_STEP][PASSED] - try: null

2020-04-09 08:49:54 - [TEST_STEP][PASSED] - if (selenium.isElementPresent("id=app-confirmation")): null

2020-04-09 08:49:57 - [TEST_STEP][PASSED] - Thread.sleep(1000): null

2020-04-09 08:49:58 - [TEST_STEP][PASSED] - try: null

2020-04-09 08:49:58 - [TEST_STEP][PASSED] - if (selenium.isElementPresent("id=app-confirmation")): null

2020-04-09 08:49:59 - [TEST_STEP][PASSED] - Thread.sleep(1000): null

2020-04-09 08:50:00 - [TEST_STEP][PASSED] - try: null

2020-04-09 08:50:00 - [TEST_STEP][PASSED] - if (selenium.isElementPresent("id=app-confirmation")): null

2020-04-09 08:50:00 - [TEST_STEP][PASSED] - Thread.sleep(1000): null

2020-04-09 08:50:01 - [TEST_STEP][PASSED] - try: null

2020-04-09 08:50:01 - [TEST_STEP][PASSED] - if (selenium.isElementPresent("id=app-confirmation")): null

2020-04-09 08:50:02 - [TEST_STEP][PASSED] - Thread.sleep(1000): null

2020-04-09 08:50:03 - [TEST_STEP][PASSED] - try: null

2020-04-09 08:50:03 - [TEST_STEP][PASSED] - if (selenium.isElementPresent("id=app-confirmation")): null

2020-04-09 08:50:03 - [TEST_STEP][PASSED] - Thread.sleep(1000): null

2020-04-09 08:50:04 - [TEST_STEP][PASSED] - try: null

2020-04-09 08:50:04 - [TEST_STEP][PASSED] - if (selenium.isElementPresent("id=app-confirmation")): null

2020-04-09 08:50:05 - [TEST_STEP][PASSED] - Thread.sleep(1000): null

2020-04-09 08:50:06 - [TEST_STEP][PASSED] - try: null

2020-04-09 08:50:06 - [TEST_STEP][PASSED] - if (selenium.isElementPresent("id=app-confirmation")): null

2020-04-09 08:50:08 - [TEST_STEP][PASSED] - Thread.sleep(1000): null

2020-04-09 08:50:09 - [TEST_STEP][PASSED] - try: null

2020-04-09 08:50:09 - [TEST_STEP][PASSED] - if (selenium.isElementPresent("id=app-confirmation")): null

2020-04-09 08:50:12 - [TEST_STEP][PASSED] - Thread.sleep(1000): null

2020-04-09 08:50:13 - [TEST_STEP][PASSED] - try: null

2020-04-09 08:50:13 - [TEST_STEP][PASSED] - if (selenium.isElementPresent("id=app-confirmation")): null

2020-04-09 08:50:14 - [TEST_STEP][PASSED] - Thread.sleep(1000): null

2020-04-09 08:50:15 - [TEST_STEP][PASSED] - try: null

2020-04-09 08:50:15 - [TEST_STEP][PASSED] - if (selenium.isElementPresent("id=app-confirmation")): null

2020-04-09 08:50:15 - [TEST_STEP][PASSED] - Thread.sleep(1000): null

2020-04-09 08:50:16 - [TEST_STEP][PASSED] - try: null

2020-04-09 08:50:16 - [TEST_STEP][PASSED] - if (selenium.isElementPresent("id=app-confirmation")): null

2020-04-09 08:50:17 - [TEST_STEP][PASSED] - Thread.sleep(1000): null

2020-04-09 08:50:18 - [TEST_STEP][PASSED] - try: null

2020-04-09 08:50:18 - [TEST_STEP][PASSED] - if (selenium.isElementPresent("id=app-confirmation")): null

2020-04-09 08:50:18 - [TEST_STEP][PASSED] - Thread.sleep(1000): null

2020-04-09 08:50:19 - [TEST_STEP][PASSED] - try: null

2020-04-09 08:50:19 - [TEST_STEP][PASSED] - if (selenium.isElementPresent("id=app-confirmation")): null

2020-04-09 08:50:19 - [TEST_STEP][PASSED] - Thread.sleep(1000): null

2020-04-09 08:50:20 - [TEST_STEP][PASSED] - try: null

2020-04-09 08:50:20 - [TEST_STEP][PASSED] - if (selenium.isElementPresent("id=app-confirmation")): null

2020-04-09 08:50:20 - [TEST_STEP][PASSED] - Thread.sleep(1000): null

2020-04-09 08:50:21 - [TEST_STEP][PASSED] - try: null

2020-04-09 08:50:21 - [TEST_STEP][PASSED] - if (selenium.isElementPresent("id=app-confirmation")): null

2020-04-09 08:50:23 - [TEST_STEP][PASSED] - Thread.sleep(1000): null

2020-04-09 08:50:24 - [TEST_STEP][PASSED] - try: null

2020-04-09 08:50:24 - [TEST_STEP][PASSED] - if (selenium.isElementPresent("id=app-confirmation")): null

2020-04-09 08:50:24 - [TEST_STEP][PASSED] - Thread.sleep(1000): null

2020-04-09 08:50:25 - [TEST_STEP][PASSED] - try: null

2020-04-09 08:50:25 - [TEST_STEP][PASSED] - if (selenium.isElementPresent("id=app-confirmation")): null

2020-04-09 08:50:26 - [TEST_STEP][PASSED] - Thread.sleep(1000): null

2020-04-09 08:50:27 - [TEST_STEP][PASSED] - try: null

2020-04-09 08:50:27 - [TEST_STEP][PASSED] - if (selenium.isElementPresent("id=app-confirmation")): null

2020-04-09 08:50:28 - [TEST_STEP][PASSED] - Thread.sleep(1000): null

2020-04-09 08:50:30 - [TEST_STEP][PASSED] - try: null

2020-04-09 08:50:30 - [TEST_STEP][PASSED] - if (selenium.isElementPresent("id=app-confirmation")): null

2020-04-09 08:50:31 - [TEST_STEP][PASSED] - Thread.sleep(1000): null

2020-04-09 08:50:32 - [TEST_STEP][PASSED] - callTestCase(findTestCase("AHI/_include/get_screenshot"), [:], STOP_ON_FAILURE): Call Test Case 'Test Cases/AHI/_include/get_screenshot' successfully

2020-04-09 08:50:32 - [TEST_CASE][PASSED] - Test Cases/AHI/_include/get_screenshot: Test Cases/AHI/_include/get_screenshot

2020-04-09 08:50:32 - [TEST_STEP][PASSED] - Thread.sleep(1000): null

2020-04-09 08:50:33 - [TEST_STEP][PASSED] - takeScreenshot(screenPath + i + ".png"): Taking screenshot successfully

2020-04-09 08:50:34 - [MESSAGE][PASSED] - Taking screenshot successfully
[[ATTACHMENT|D:\\Test\\AgileTest\\Reports\\AHI\\ahi\\20200409_080112\\../Screenshots/iPhone 6/AHI/Dental - National General/20200409_084524/8.png]]

2020-04-09 08:50:34 - [TEST_STEP][PASSED] - (internal.GlobalVariable.i++): null

2020-04-09 08:50:34 - [MESSAGE][PASSED] - Call Test Case 'Test Cases/AHI/_include/get_screenshot' successfully]]></system-out>
         <system-err><![CDATA[]]></system-err>
      </testcase>
      <testcase name="Test Cases/AHI/NEW/Dental/USA Access" classname="Test Cases/AHI/NEW/Dental/USA Access" status="PASSED">
         <system-out><![CDATA[2020-04-09 08:50:34 - [TEST_CASE][PASSED] - Test Cases/AHI/NEW/Dental/USA Access: Test Cases/AHI/NEW/Dental/USA Access

2020-04-09 08:50:34 - [TEST_STEP][PASSED] - callTestCase(findTestCase("AHI/_include/get_screenPath"), ["productLine":"AHI", "carrierName":"Dental - USA Access"], CONTINUE_ON_FAILURE): Call Test Case 'Test Cases/AHI/_include/get_screenPath' successfully

2020-04-09 08:50:34 - [TEST_CASE][PASSED] - Test Cases/AHI/_include/get_screenPath: Test Cases/AHI/_include/get_screenPath

2020-04-09 08:50:34 - [TEST_STEP][PASSED] - m = getExecutionProperties(): null

2020-04-09 08:50:34 - [TEST_STEP][PASSED] - deviceName = get("mobileEmulation").get("deviceName"): null

2020-04-09 08:50:34 - [TEST_STEP][PASSED] - println(deviceName): null

2020-04-09 08:50:34 - [TEST_STEP][PASSED] - now = new java.util.Date(): null

2020-04-09 08:50:34 - [TEST_STEP][PASSED] - mydate = now.format("yyyyMMdd_HHmmss"): null

2020-04-09 08:50:34 - [TEST_STEP][PASSED] - screenPath = "../Screenshots/": null

2020-04-09 08:50:34 - [TEST_STEP][PASSED] - screenPath = screenPath + deviceName + "/" + productLine + "/" + carrierName + "/" + mydate + "/": null

2020-04-09 08:50:34 - [TEST_STEP][PASSED] - println(screenPath): null

2020-04-09 08:50:34 - [MESSAGE][PASSED] - Call Test Case 'Test Cases/AHI/_include/get_screenPath' successfully

2020-04-09 08:50:34 - [TEST_STEP][PASSED] - i = 0: null

2020-04-09 08:50:34 - [TEST_STEP][PASSED] - callTestCase(findTestCase("AHI/_include/openWebSite"), [:], STOP_ON_FAILURE): Call Test Case 'Test Cases/AHI/_include/openWebSite' successfully

2020-04-09 08:50:35 - [TEST_CASE][PASSED] - Test Cases/AHI/_include/openWebSite: Test Cases/AHI/_include/openWebSite

2020-04-09 08:50:35 - [TEST_STEP][PASSED] - openBrowser(env): Browser is opened with url: 'https://praetemptatus.agilehealthinsurance.com'

2020-04-09 08:50:35 - [MESSAGE][WARNING] - A browser is already opened. Closing browser and opening a new one

2020-04-09 08:50:38 - [MESSAGE][INFO] - Starting 'Chrome' driver

2020-04-09 08:50:39 - [MESSAGE][INFO] - User set preference: ['mobileEmulation', '{deviceName=iPhone 6}']

2020-04-09 08:50:39 - [MESSAGE][INFO] - User set preference: ['args', '[--incognito, --aggressive-cache-discard, --window-size=375,677, --no-sandbox, --ignore-certificate-errors]']

2020-04-09 08:51:14 - [MESSAGE][PASSED] - Browser is opened with url: 'https://praetemptatus.agilehealthinsurance.com'

2020-04-09 08:51:14 - [TEST_STEP][PASSED] - waitForPageLoad(20): Wait for page load successfully

2020-04-09 08:51:20 - [MESSAGE][PASSED] - Wait for page load successfully

2020-04-09 08:51:20 - [TEST_STEP][PASSED] - callTestCase(findTestCase("AHI/_include/get_screenshot"), [:], STOP_ON_FAILURE): Call Test Case 'Test Cases/AHI/_include/get_screenshot' successfully

2020-04-09 08:51:21 - [TEST_CASE][PASSED] - Test Cases/AHI/_include/get_screenshot: Test Cases/AHI/_include/get_screenshot

2020-04-09 08:51:21 - [TEST_STEP][PASSED] - Thread.sleep(1000): null

2020-04-09 08:51:22 - [TEST_STEP][PASSED] - takeScreenshot(screenPath + i + ".png"): Taking screenshot successfully

2020-04-09 08:51:25 - [MESSAGE][PASSED] - Taking screenshot successfully
[[ATTACHMENT|D:\\Test\\AgileTest\\Reports\\AHI\\ahi\\20200409_080112\\../Screenshots/iPhone 6/AHI/Dental - USA Access/20200409_085034/0.png]]

2020-04-09 08:51:25 - [TEST_STEP][PASSED] - (internal.GlobalVariable.i++): null

2020-04-09 08:51:25 - [MESSAGE][PASSED] - Call Test Case 'Test Cases/AHI/_include/get_screenshot' successfully

2020-04-09 08:51:25 - [MESSAGE][PASSED] - Call Test Case 'Test Cases/AHI/_include/openWebSite' successfully

2020-04-09 08:51:25 - [TEST_STEP][PASSED] - driver = getWebDriver(): null

2020-04-09 08:51:25 - [TEST_STEP][PASSED] - baseUrl = ENV: null

2020-04-09 08:51:25 - [TEST_STEP][PASSED] - selenium = new com.thoughtworks.selenium.webdriven.WebDriverBackedSelenium(driver, baseUrl): null

2020-04-09 08:51:27 - [TEST_STEP][PASSED] - selenium.click("//*[@class='filter-option-inner-inner']"): null

2020-04-09 08:51:27 - [TEST_STEP][PASSED] - selenium.click("id=bs-select-1-2"): null

2020-04-09 08:51:28 - [TEST_STEP][PASSED] - selenium.click("id=primaryCTA"): null

2020-04-09 08:51:35 - [TEST_STEP][PASSED] - for ([second = 0, second < 20, (second++)]): null

2020-04-09 08:51:35 - [TEST_STEP][PASSED] - try: null

2020-04-09 08:51:35 - [TEST_STEP][PASSED] - if (selenium.isElementPresent("id=zip-input")): null

2020-04-09 08:51:35 - [TEST_STEP][PASSED] - break: null

2020-04-09 08:51:35 - [TEST_STEP][PASSED] - callTestCase(findTestCase("AHI/_include/get_screenshot"), [:], STOP_ON_FAILURE): Call Test Case 'Test Cases/AHI/_include/get_screenshot' successfully

2020-04-09 08:51:35 - [TEST_CASE][PASSED] - Test Cases/AHI/_include/get_screenshot: Test Cases/AHI/_include/get_screenshot

2020-04-09 08:51:35 - [TEST_STEP][PASSED] - Thread.sleep(1000): null

2020-04-09 08:51:36 - [TEST_STEP][PASSED] - takeScreenshot(screenPath + i + ".png"): Taking screenshot successfully

2020-04-09 08:51:37 - [MESSAGE][PASSED] - Taking screenshot successfully
[[ATTACHMENT|D:\\Test\\AgileTest\\Reports\\AHI\\ahi\\20200409_080112\\../Screenshots/iPhone 6/AHI/Dental - USA Access/20200409_085034/1.png]]

2020-04-09 08:51:37 - [TEST_STEP][PASSED] - (internal.GlobalVariable.i++): null

2020-04-09 08:51:37 - [MESSAGE][PASSED] - Call Test Case 'Test Cases/AHI/_include/get_screenshot' successfully

2020-04-09 08:51:37 - [TEST_STEP][PASSED] - setText(findTestObject("mobileSanity/Dental/census/input_Location_zip-input"), "35215"): Text '35215' is set on object 'Object Repository/mobileSanity/Dental/census/input_Location_zip-input'

2020-04-09 08:51:42 - [MESSAGE][PASSED] - Text '35215' is set on object 'Object Repository/mobileSanity/Dental/census/input_Location_zip-input'

2020-04-09 08:51:42 - [TEST_STEP][PASSED] - setText(findTestObject("mobileSanity/Dental/census/input_Date of Birth_dob-0"), "12121980"): Text '12121980' is set on object 'Object Repository/mobileSanity/Dental/census/input_Date of Birth_dob-0'

2020-04-09 08:51:49 - [MESSAGE][PASSED] - Text '12121980' is set on object 'Object Repository/mobileSanity/Dental/census/input_Date of Birth_dob-0'

2020-04-09 08:51:49 - [TEST_STEP][PASSED] - click(findTestObject("mobileSanity/Dental/census/label_Male")): Object: 'Object Repository/mobileSanity/Dental/census/label_Male' is clicked on

2020-04-09 08:52:00 - [MESSAGE][PASSED] - Object: 'Object Repository/mobileSanity/Dental/census/label_Male' is clicked on

2020-04-09 08:52:00 - [TEST_STEP][PASSED] - selenium.click("id=js-see-plans"): null

2020-04-09 08:52:09 - [TEST_STEP][PASSED] - for ([second = 0, second < 20, (second++)]): null

2020-04-09 08:52:09 - [TEST_STEP][PASSED] - try: null

2020-04-09 08:52:09 - [TEST_STEP][PASSED] - if (selenium.isElementPresent("id=js-quote-header")): null

2020-04-09 08:52:10 - [TEST_STEP][PASSED] - break: null

2020-04-09 08:52:10 - [TEST_STEP][PASSED] - callTestCase(findTestCase("AHI/_include/get_screenshot"), [:], STOP_ON_FAILURE): Call Test Case 'Test Cases/AHI/_include/get_screenshot' successfully

2020-04-09 08:52:10 - [TEST_CASE][PASSED] - Test Cases/AHI/_include/get_screenshot: Test Cases/AHI/_include/get_screenshot

2020-04-09 08:52:10 - [TEST_STEP][PASSED] - Thread.sleep(1000): null

2020-04-09 08:52:11 - [TEST_STEP][PASSED] - takeScreenshot(screenPath + i + ".png"): Taking screenshot successfully

2020-04-09 08:52:13 - [MESSAGE][PASSED] - Taking screenshot successfully
[[ATTACHMENT|D:\\Test\\AgileTest\\Reports\\AHI\\ahi\\20200409_080112\\../Screenshots/iPhone 6/AHI/Dental - USA Access/20200409_085034/2.png]]

2020-04-09 08:52:13 - [TEST_STEP][PASSED] - (internal.GlobalVariable.i++): null

2020-04-09 08:52:13 - [MESSAGE][PASSED] - Call Test Case 'Test Cases/AHI/_include/get_screenshot' successfully

2020-04-09 08:52:13 - [TEST_STEP][PASSED] - click(findTestObject("mobileSanity/Dental/filter/btn_filter")): Object: 'Object Repository/mobileSanity/Dental/filter/btn_filter' is clicked on

2020-04-09 08:52:16 - [MESSAGE][PASSED] - Object: 'Object Repository/mobileSanity/Dental/filter/btn_filter' is clicked on

2020-04-09 08:52:16 - [TEST_STEP][PASSED] - waitForElementVisible(findTestObject("mobileSanity/Dental/filter/btn_company"), 10): Object 'Object Repository/mobileSanity/Dental/filter/btn_company' is visible

2020-04-09 08:52:16 - [MESSAGE][PASSED] - Object 'Object Repository/mobileSanity/Dental/filter/btn_company' is visible

2020-04-09 08:52:16 - [TEST_STEP][PASSED] - click(findTestObject("mobileSanity/Dental/filter/btn_company")): Object: 'Object Repository/mobileSanity/Dental/filter/btn_company' is clicked on

2020-04-09 08:52:20 - [MESSAGE][PASSED] - Object: 'Object Repository/mobileSanity/Dental/filter/btn_company' is clicked on

2020-04-09 08:52:20 - [TEST_STEP][PASSED] - Thread.sleep(2000): null

2020-04-09 08:52:23 - [TEST_STEP][PASSED] - click(findTestObject("mobileSanity/Dental/filter/btn_usa")): Object: 'Object Repository/mobileSanity/Dental/filter/btn_usa' is clicked on

2020-04-09 08:52:31 - [MESSAGE][PASSED] - Object: 'Object Repository/mobileSanity/Dental/filter/btn_usa' is clicked on

2020-04-09 08:52:31 - [TEST_STEP][PASSED] - waitForJQueryLoad(20, STOP_ON_FAILURE): jQuery is ready.

2020-04-09 08:52:33 - [MESSAGE][PASSED] - jQuery is ready.

2020-04-09 08:52:33 - [TEST_STEP][PASSED] - callTestCase(findTestCase("AHI/_include/get_screenshot"), [:], STOP_ON_FAILURE): Call Test Case 'Test Cases/AHI/_include/get_screenshot' successfully

2020-04-09 08:52:33 - [TEST_CASE][PASSED] - Test Cases/AHI/_include/get_screenshot: Test Cases/AHI/_include/get_screenshot

2020-04-09 08:52:33 - [TEST_STEP][PASSED] - Thread.sleep(1000): null

2020-04-09 08:52:34 - [TEST_STEP][PASSED] - takeScreenshot(screenPath + i + ".png"): Taking screenshot successfully

2020-04-09 08:52:36 - [MESSAGE][PASSED] - Taking screenshot successfully
[[ATTACHMENT|D:\\Test\\AgileTest\\Reports\\AHI\\ahi\\20200409_080112\\../Screenshots/iPhone 6/AHI/Dental - USA Access/20200409_085034/3.png]]

2020-04-09 08:52:36 - [TEST_STEP][PASSED] - (internal.GlobalVariable.i++): null

2020-04-09 08:52:36 - [MESSAGE][PASSED] - Call Test Case 'Test Cases/AHI/_include/get_screenshot' successfully

2020-04-09 08:52:36 - [TEST_STEP][PASSED] - click(findTestObject("mobileSanity/Dental/filter/btn_filter")): Object: 'Object Repository/mobileSanity/Dental/filter/btn_filter' is clicked on

2020-04-09 08:52:37 - [MESSAGE][PASSED] - Object: 'Object Repository/mobileSanity/Dental/filter/btn_filter' is clicked on

2020-04-09 08:52:37 - [TEST_STEP][PASSED] - click(findTestObject("mobileSanity/Dental/quote/a_Select This Plan")): Object: 'Object Repository/mobileSanity/Dental/quote/a_Select This Plan' is clicked on

2020-04-09 08:52:48 - [MESSAGE][PASSED] - Object: 'Object Repository/mobileSanity/Dental/quote/a_Select This Plan' is clicked on

2020-04-09 08:52:48 - [TEST_STEP][PASSED] - waitForPageLoad(10): Wait for page load successfully

2020-04-09 08:52:49 - [MESSAGE][PASSED] - Wait for page load successfully

2020-04-09 08:52:49 - [TEST_STEP][PASSED] - callTestCase(findTestCase("AHI/_include/get_screenshot"), [:], STOP_ON_FAILURE): Call Test Case 'Test Cases/AHI/_include/get_screenshot' successfully

2020-04-09 08:52:49 - [TEST_CASE][PASSED] - Test Cases/AHI/_include/get_screenshot: Test Cases/AHI/_include/get_screenshot

2020-04-09 08:52:49 - [TEST_STEP][PASSED] - Thread.sleep(1000): null

2020-04-09 08:52:50 - [TEST_STEP][PASSED] - takeScreenshot(screenPath + i + ".png"): Taking screenshot successfully

2020-04-09 08:52:53 - [MESSAGE][PASSED] - Taking screenshot successfully
[[ATTACHMENT|D:\\Test\\AgileTest\\Reports\\AHI\\ahi\\20200409_080112\\../Screenshots/iPhone 6/AHI/Dental - USA Access/20200409_085034/4.png]]

2020-04-09 08:52:53 - [TEST_STEP][PASSED] - (internal.GlobalVariable.i++): null

2020-04-09 08:52:53 - [MESSAGE][PASSED] - Call Test Case 'Test Cases/AHI/_include/get_screenshot' successfully

2020-04-09 08:52:53 - [TEST_STEP][PASSED] - Thread.sleep(3000): null

2020-04-09 08:52:56 - [TEST_STEP][PASSED] - click(findTestObject("mobileSanity/Dental/apply/span_Start Secure Application")): Object: 'Object Repository/mobileSanity/Dental/apply/span_Start Secure Application' is clicked on

2020-04-09 08:53:00 - [MESSAGE][PASSED] - Object: 'Object Repository/mobileSanity/Dental/apply/span_Start Secure Application' is clicked on

2020-04-09 08:53:00 - [TEST_STEP][PASSED] - for ([second = 0, second < 20, (second++)]): null

2020-04-09 08:53:00 - [TEST_STEP][PASSED] - try: null

2020-04-09 08:53:00 - [TEST_STEP][PASSED] - if (selenium.isElementPresent("id=member-P-1-firstName")): null

2020-04-09 08:53:00 - [TEST_STEP][PASSED] - break: null

2020-04-09 08:53:00 - [TEST_STEP][PASSED] - callTestCase(findTestCase("AHI/_include/get_screenshot"), [:], STOP_ON_FAILURE): Call Test Case 'Test Cases/AHI/_include/get_screenshot' successfully

2020-04-09 08:53:00 - [TEST_CASE][PASSED] - Test Cases/AHI/_include/get_screenshot: Test Cases/AHI/_include/get_screenshot

2020-04-09 08:53:00 - [TEST_STEP][PASSED] - Thread.sleep(1000): null

2020-04-09 08:53:02 - [TEST_STEP][PASSED] - takeScreenshot(screenPath + i + ".png"): Taking screenshot successfully

2020-04-09 08:53:03 - [MESSAGE][PASSED] - Taking screenshot successfully
[[ATTACHMENT|D:\\Test\\AgileTest\\Reports\\AHI\\ahi\\20200409_080112\\../Screenshots/iPhone 6/AHI/Dental - USA Access/20200409_085034/5.png]]

2020-04-09 08:53:03 - [TEST_STEP][PASSED] - (internal.GlobalVariable.i++): null

2020-04-09 08:53:03 - [MESSAGE][PASSED] - Call Test Case 'Test Cases/AHI/_include/get_screenshot' successfully

2020-04-09 08:53:03 - [TEST_STEP][PASSED] - callTestCase(findTestCase("AHI/_include/name"), [:], CONTINUE_ON_FAILURE): Call Test Case 'Test Cases/AHI/_include/name' successfully

2020-04-09 08:53:03 - [TEST_CASE][PASSED] - Test Cases/AHI/_include/name: Test Cases/AHI/_include/name

2020-04-09 08:53:03 - [TEST_STEP][PASSED] - driver = getWebDriver(): null

2020-04-09 08:53:03 - [TEST_STEP][PASSED] - selenium = new com.thoughtworks.selenium.webdriven.WebDriverBackedSelenium(driver, internal.GlobalVariable.ENV): null

2020-04-09 08:53:03 - [TEST_STEP][PASSED] - FirstName = "Test-123": null

2020-04-09 08:53:03 - [TEST_STEP][PASSED] - LastName = selenium.getEval("{var x="ABCDEFGHIJKLMNOPQRSTUVWXYZabcdefghijklmnopqrstuvwxyz"; var tmp="ZZ11-"; for (i=0;i<8;i++) tmp+=x.charAt(Math.ceil(51*Math.random()));tmp;}"): null

2020-04-09 08:53:03 - [TEST_STEP][PASSED] - Address = selenium.getEval("{var x="ABCDEFGHIJKLMNOPQRSTUVWXYZabcdefghijklmnopqrstuvwxyz"; var tmp=""; for (i=0;i<8;i++) tmp+=x.charAt(Math.ceil(51*Math.random()));tmp;}"): null

2020-04-09 08:53:03 - [TEST_STEP][PASSED] - City = selenium.getEval("{var x="ABCDEFGHIJKLMNOPQRSTUVWXYZabcdefghijklmnopqrstuvwxyz"; var tmp=""; for (i=0;i<8;i++) tmp+=x.charAt(Math.ceil(51*Math.random()));tmp;}"): null

2020-04-09 08:53:03 - [TEST_STEP][PASSED] - tel1 = selenium.getEval("{var x="123456789"; var tmp=""; for (i=0;i<3;i++) tmp+=x.charAt(Math.ceil(8*Math.random()));tmp;}"): null

2020-04-09 08:53:04 - [TEST_STEP][PASSED] - tel2 = selenium.getEval("{var x="123456789"; var tmp=""; for (i=0;i<3;i++) tmp+=x.charAt(Math.ceil(8*Math.random()));tmp;}"): null

2020-04-09 08:53:04 - [TEST_STEP][PASSED] - tel3 = selenium.getEval("{var x="123456789"; var tmp=""; for (i=0;i<4;i++) tmp+=x.charAt(Math.ceil(8*Math.random()));tmp;}"): null

2020-04-09 08:53:04 - [TEST_STEP][PASSED] - Tel = selenium.getExpression(tel1 + "-" + tel2 + "-" + tel3): null

2020-04-09 08:53:04 - [TEST_STEP][PASSED] - AutoEmail = selenium.getEval("{var x="ABCDEFGHIJKLMNOPQRSTUVWXYZabcdefghijklmnopqrstuvwxyz"; var tmp="test."; for (i=0;i<8;i++) tmp+=x.charAt(Math.ceil(51*Math.random()));tmp+="@suryani.cn";}"): null

2020-04-09 08:53:04 - [TEST_STEP][PASSED] - FirstName = FirstName: null

2020-04-09 08:53:04 - [TEST_STEP][PASSED] - LastName = LastName: null

2020-04-09 08:53:04 - [TEST_STEP][PASSED] - Address = Address: null

2020-04-09 08:53:04 - [TEST_STEP][PASSED] - City = City: null

2020-04-09 08:53:04 - [TEST_STEP][PASSED] - Tel = Tel: null

2020-04-09 08:53:04 - [TEST_STEP][PASSED] - AutoEmail = AutoEmail: null

2020-04-09 08:53:04 - [TEST_STEP][PASSED] - println(FirstName): null

2020-04-09 08:53:04 - [TEST_STEP][PASSED] - println(LastName): null

2020-04-09 08:53:04 - [TEST_STEP][PASSED] - println(Address): null

2020-04-09 08:53:04 - [TEST_STEP][PASSED] - println(City): null

2020-04-09 08:53:04 - [TEST_STEP][PASSED] - println(Tel): null

2020-04-09 08:53:04 - [TEST_STEP][PASSED] - println(AutoEmail): null

2020-04-09 08:53:04 - [MESSAGE][PASSED] - Call Test Case 'Test Cases/AHI/_include/name' successfully

2020-04-09 08:53:04 - [TEST_STEP][PASSED] - Thread.sleep(3000): null

2020-04-09 08:53:07 - [TEST_STEP][PASSED] - setText(findTestObject("mobileSanity/Dental/app_page1/input__member-P-1-firstName"), FirstName): Text 'Test-123' is set on object 'Object Repository/mobileSanity/Dental/app_page1/input__member-P-1-firstName'

2020-04-09 08:53:09 - [MESSAGE][PASSED] - Text 'Test-123' is set on object 'Object Repository/mobileSanity/Dental/app_page1/input__member-P-1-firstName'

2020-04-09 08:53:09 - [TEST_STEP][PASSED] - setText(findTestObject("mobileSanity/Dental/app_page1/input__member-P-1-lastName"), LastName): Text 'ZZ11-KTTVYzfa' is set on object 'Object Repository/mobileSanity/Dental/app_page1/input__member-P-1-lastName'

2020-04-09 08:53:09 - [MESSAGE][PASSED] - Text 'ZZ11-KTTVYzfa' is set on object 'Object Repository/mobileSanity/Dental/app_page1/input__member-P-1-lastName'

2020-04-09 08:53:09 - [TEST_STEP][PASSED] - setText(findTestObject("mobileSanity/Dental/app_page1/input__address"), Address): Text 'BPHFEsOT' is set on object 'Object Repository/mobileSanity/Dental/app_page1/input__address'

2020-04-09 08:53:11 - [MESSAGE][PASSED] - Text 'BPHFEsOT' is set on object 'Object Repository/mobileSanity/Dental/app_page1/input__address'

2020-04-09 08:53:11 - [TEST_STEP][PASSED] - setText(findTestObject("mobileSanity/Dental/app_page1/input__city"), City): Text 'EYICoqHb' is set on object 'Object Repository/mobileSanity/Dental/app_page1/input__city'

2020-04-09 08:53:16 - [MESSAGE][PASSED] - Text 'EYICoqHb' is set on object 'Object Repository/mobileSanity/Dental/app_page1/input__city'

2020-04-09 08:53:16 - [TEST_STEP][PASSED] - setText(findTestObject("mobileSanity/Dental/app_page1/input__email"), AutoEmail): Text 'test.NrJaxVQt@suryani.cn' is set on object 'Object Repository/mobileSanity/Dental/app_page1/input__email'

2020-04-09 08:53:19 - [MESSAGE][PASSED] - Text 'test.NrJaxVQt@suryani.cn' is set on object 'Object Repository/mobileSanity/Dental/app_page1/input__email'

2020-04-09 08:53:19 - [TEST_STEP][PASSED] - setText(findTestObject("mobileSanity/Dental/app_page1/input_phone"), Tel): Text '272-786-2857' is set on object 'Object Repository/mobileSanity/Dental/app_page1/input_phone'

2020-04-09 08:53:20 - [MESSAGE][PASSED] - Text '272-786-2857' is set on object 'Object Repository/mobileSanity/Dental/app_page1/input_phone'

2020-04-09 08:53:20 - [TEST_STEP][PASSED] - click(findTestObject("mobileSanity/Dental/app_page1/a_Continue to Step 2 - Payment")): Object: 'Object Repository/mobileSanity/Dental/app_page1/a_Continue to Step 2 - Payment' is clicked on

2020-04-09 08:53:21 - [MESSAGE][PASSED] - Object: 'Object Repository/mobileSanity/Dental/app_page1/a_Continue to Step 2 - Payment' is clicked on

2020-04-09 08:53:21 - [TEST_STEP][PASSED] - for ([second = 0, second < 20, (second++)]): null

2020-04-09 08:53:21 - [TEST_STEP][PASSED] - try: null

2020-04-09 08:53:21 - [TEST_STEP][PASSED] - if (selenium.isElementPresent("id=credit-card-number")): null

2020-04-09 08:53:22 - [TEST_STEP][PASSED] - break: null

2020-04-09 08:53:22 - [TEST_STEP][PASSED] - Thread.sleep(2000): null

2020-04-09 08:53:24 - [TEST_STEP][PASSED] - click(findTestObject("mobileSanity/Dental/app_page2/membership/label_ihaveread")): Object: 'Object Repository/mobileSanity/Dental/app_page2/membership/label_ihaveread' is clicked on

2020-04-09 08:53:24 - [MESSAGE][PASSED] - Object: 'Object Repository/mobileSanity/Dental/app_page2/membership/label_ihaveread' is clicked on

2020-04-09 08:53:24 - [TEST_STEP][PASSED] - click(findTestObject("mobileSanity/Dental/app_page2/membership/a_ok")): Object: 'Object Repository/mobileSanity/Dental/app_page2/membership/a_ok' is clicked on

2020-04-09 08:53:26 - [MESSAGE][PASSED] - Object: 'Object Repository/mobileSanity/Dental/app_page2/membership/a_ok' is clicked on

2020-04-09 08:53:26 - [TEST_STEP][PASSED] - Thread.sleep(3000): null

2020-04-09 08:53:29 - [TEST_STEP][PASSED] - callTestCase(findTestCase("AHI/_include/get_screenshot"), [:], STOP_ON_FAILURE): Call Test Case 'Test Cases/AHI/_include/get_screenshot' successfully

2020-04-09 08:53:29 - [TEST_CASE][PASSED] - Test Cases/AHI/_include/get_screenshot: Test Cases/AHI/_include/get_screenshot

2020-04-09 08:53:29 - [TEST_STEP][PASSED] - Thread.sleep(1000): null

2020-04-09 08:53:30 - [TEST_STEP][PASSED] - takeScreenshot(screenPath + i + ".png"): Taking screenshot successfully

2020-04-09 08:53:31 - [MESSAGE][PASSED] - Taking screenshot successfully
[[ATTACHMENT|D:\\Test\\AgileTest\\Reports\\AHI\\ahi\\20200409_080112\\../Screenshots/iPhone 6/AHI/Dental - USA Access/20200409_085034/6.png]]

2020-04-09 08:53:31 - [TEST_STEP][PASSED] - (internal.GlobalVariable.i++): null

2020-04-09 08:53:31 - [MESSAGE][PASSED] - Call Test Case 'Test Cases/AHI/_include/get_screenshot' successfully

2020-04-09 08:53:31 - [TEST_STEP][PASSED] - setText(findTestObject("mobileSanity/Dental/app_page2/input__credit-card-first"), FirstName): Text 'Test-123' is set on object 'Object Repository/mobileSanity/Dental/app_page2/input__credit-card-first'

2020-04-09 08:53:32 - [MESSAGE][PASSED] - Text 'Test-123' is set on object 'Object Repository/mobileSanity/Dental/app_page2/input__credit-card-first'

2020-04-09 08:53:32 - [TEST_STEP][PASSED] - setText(findTestObject("mobileSanity/Dental/app_page2/input__credit-card-last"), LastName): Text 'ZZ11-KTTVYzfa' is set on object 'Object Repository/mobileSanity/Dental/app_page2/input__credit-card-last'

2020-04-09 08:53:33 - [MESSAGE][PASSED] - Text 'ZZ11-KTTVYzfa' is set on object 'Object Repository/mobileSanity/Dental/app_page2/input__credit-card-last'

2020-04-09 08:53:33 - [TEST_STEP][PASSED] - selectOptionByValue(findTestObject("mobileSanity/Dental/app_page2/select_MM010203040506070809101"), "12", true): All options with value '12' are selected in object 'Object Repository/mobileSanity/Dental/app_page2/select_MM010203040506070809101'  using regular expression

2020-04-09 08:54:09 - [MESSAGE][PASSED] - All options with value '12' are selected in object 'Object Repository/mobileSanity/Dental/app_page2/select_MM010203040506070809101'  using regular expression

2020-04-09 08:54:09 - [TEST_STEP][PASSED] - selectOptionByValue(findTestObject("mobileSanity/Dental/app_page2/select_YYYY2019202020212022202"), "2026", true): All options with value '2026' are selected in object 'Object Repository/mobileSanity/Dental/app_page2/select_YYYY2019202020212022202'  using regular expression

2020-04-09 08:54:12 - [MESSAGE][PASSED] - All options with value '2026' are selected in object 'Object Repository/mobileSanity/Dental/app_page2/select_YYYY2019202020212022202'  using regular expression

2020-04-09 08:54:12 - [TEST_STEP][PASSED] - setText(findTestObject("mobileSanity/Dental/app_page2/input__credit-card-number"), "4111111111111111"): Text '4111111111111111' is set on object 'Object Repository/mobileSanity/Dental/app_page2/input__credit-card-number'

2020-04-09 08:54:12 - [MESSAGE][PASSED] - Text '4111111111111111' is set on object 'Object Repository/mobileSanity/Dental/app_page2/input__credit-card-number'

2020-04-09 08:54:12 - [TEST_STEP][PASSED] - setText(findTestObject("mobileSanity/Dental/app_page2/input__cvv"), "123"): Text '123' is set on object 'Object Repository/mobileSanity/Dental/app_page2/input__cvv'

2020-04-09 08:54:13 - [MESSAGE][PASSED] - Text '123' is set on object 'Object Repository/mobileSanity/Dental/app_page2/input__cvv'

2020-04-09 08:54:13 - [TEST_STEP][PASSED] - click(findTestObject("mobileSanity/Dental/app_page2/label_My billing address is th")): Object: 'Object Repository/mobileSanity/Dental/app_page2/label_My billing address is th' is clicked on

2020-04-09 08:54:13 - [MESSAGE][PASSED] - Object: 'Object Repository/mobileSanity/Dental/app_page2/label_My billing address is th' is clicked on

2020-04-09 08:54:13 - [TEST_STEP][PASSED] - click(findTestObject("mobileSanity/Dental/app_page2/label_I Accept Authorization f")): Object: 'Object Repository/mobileSanity/Dental/app_page2/label_I Accept Authorization f' is clicked on

2020-04-09 08:54:13 - [MESSAGE][PASSED] - Object: 'Object Repository/mobileSanity/Dental/app_page2/label_I Accept Authorization f' is clicked on

2020-04-09 08:54:13 - [TEST_STEP][PASSED] - click(findTestObject("mobileSanity/Dental/app_page2/a_Continue to Step 3 - Review")): Object: 'Object Repository/mobileSanity/Dental/app_page2/a_Continue to Step 3 - Review' is clicked on

2020-04-09 08:54:13 - [MESSAGE][PASSED] - Object: 'Object Repository/mobileSanity/Dental/app_page2/a_Continue to Step 3 - Review' is clicked on

2020-04-09 08:54:13 - [TEST_STEP][PASSED] - for ([second = 0, second < 20, (second++)]): null

2020-04-09 08:54:13 - [TEST_STEP][PASSED] - try: null

2020-04-09 08:54:13 - [TEST_STEP][PASSED] - if (selenium.isElementPresent("id=consent-checkbox-0")): null

2020-04-09 08:54:16 - [TEST_STEP][PASSED] - Thread.sleep(1000): null

2020-04-09 08:54:17 - [TEST_STEP][PASSED] - try: null

2020-04-09 08:54:17 - [TEST_STEP][PASSED] - if (selenium.isElementPresent("id=consent-checkbox-0")): null

2020-04-09 08:54:19 - [TEST_STEP][PASSED] - Thread.sleep(1000): null

2020-04-09 08:54:20 - [TEST_STEP][PASSED] - try: null

2020-04-09 08:54:20 - [TEST_STEP][PASSED] - if (selenium.isElementPresent("id=consent-checkbox-0")): null

2020-04-09 08:54:20 - [TEST_STEP][PASSED] - Thread.sleep(1000): null

2020-04-09 08:54:21 - [TEST_STEP][PASSED] - try: null

2020-04-09 08:54:21 - [TEST_STEP][PASSED] - if (selenium.isElementPresent("id=consent-checkbox-0")): null

2020-04-09 08:54:22 - [TEST_STEP][PASSED] - Thread.sleep(1000): null

2020-04-09 08:54:23 - [TEST_STEP][PASSED] - try: null

2020-04-09 08:54:23 - [TEST_STEP][PASSED] - if (selenium.isElementPresent("id=consent-checkbox-0")): null

2020-04-09 08:54:23 - [TEST_STEP][PASSED] - Thread.sleep(1000): null

2020-04-09 08:54:24 - [TEST_STEP][PASSED] - try: null

2020-04-09 08:54:24 - [TEST_STEP][PASSED] - if (selenium.isElementPresent("id=consent-checkbox-0")): null

2020-04-09 08:54:24 - [TEST_STEP][PASSED] - break: null

2020-04-09 08:54:24 - [TEST_STEP][PASSED] - waitForElementClickable(findTestObject("mobileSanity/Dental/app_page3/label"), 20): Object 'Object Repository/mobileSanity/Dental/app_page3/label' is clickable

2020-04-09 08:54:24 - [MESSAGE][PASSED] - Object 'Object Repository/mobileSanity/Dental/app_page3/label' is clickable

2020-04-09 08:54:24 - [TEST_STEP][PASSED] - callTestCase(findTestCase("AHI/_include/get_screenshot"), [:], STOP_ON_FAILURE): Call Test Case 'Test Cases/AHI/_include/get_screenshot' successfully

2020-04-09 08:54:24 - [TEST_CASE][PASSED] - Test Cases/AHI/_include/get_screenshot: Test Cases/AHI/_include/get_screenshot

2020-04-09 08:54:24 - [TEST_STEP][PASSED] - Thread.sleep(1000): null

2020-04-09 08:54:25 - [TEST_STEP][PASSED] - takeScreenshot(screenPath + i + ".png"): Taking screenshot successfully

2020-04-09 08:54:26 - [MESSAGE][PASSED] - Taking screenshot successfully
[[ATTACHMENT|D:\\Test\\AgileTest\\Reports\\AHI\\ahi\\20200409_080112\\../Screenshots/iPhone 6/AHI/Dental - USA Access/20200409_085034/7.png]]

2020-04-09 08:54:26 - [TEST_STEP][PASSED] - (internal.GlobalVariable.i++): null

2020-04-09 08:54:26 - [MESSAGE][PASSED] - Call Test Case 'Test Cases/AHI/_include/get_screenshot' successfully

2020-04-09 08:54:26 - [TEST_STEP][PASSED] - click(findTestObject("mobileSanity/Dental/app_page3/label")): Object: 'Object Repository/mobileSanity/Dental/app_page3/label' is clicked on

2020-04-09 08:54:28 - [MESSAGE][PASSED] - Object: 'Object Repository/mobileSanity/Dental/app_page3/label' is clicked on

2020-04-09 08:54:28 - [TEST_STEP][PASSED] - click(findTestObject("mobileSanity/Dental/app_page3/p_CLICK TO SIGN")): Object: 'Object Repository/mobileSanity/Dental/app_page3/p_CLICK TO SIGN' is clicked on

2020-04-09 08:54:28 - [MESSAGE][PASSED] - Object: 'Object Repository/mobileSanity/Dental/app_page3/p_CLICK TO SIGN' is clicked on

2020-04-09 08:54:28 - [TEST_STEP][PASSED] - click(findTestObject("mobileSanity/Dental/app_page3/a_Submit Your Application")): Object: 'Object Repository/mobileSanity/Dental/app_page3/a_Submit Your Application' is clicked on

2020-04-09 08:54:30 - [MESSAGE][PASSED] - Object: 'Object Repository/mobileSanity/Dental/app_page3/a_Submit Your Application' is clicked on

2020-04-09 08:54:30 - [TEST_STEP][PASSED] - for ([second = 0, second < 30, (second++)]): null

2020-04-09 08:54:30 - [TEST_STEP][PASSED] - try: null

2020-04-09 08:54:30 - [TEST_STEP][PASSED] - if (selenium.isElementPresent("id=app-confirmation")): null

2020-04-09 08:54:30 - [TEST_STEP][PASSED] - Thread.sleep(1000): null

2020-04-09 08:54:31 - [TEST_STEP][PASSED] - try: null

2020-04-09 08:54:31 - [TEST_STEP][PASSED] - if (selenium.isElementPresent("id=app-confirmation")): null

2020-04-09 08:54:32 - [TEST_STEP][PASSED] - Thread.sleep(1000): null

2020-04-09 08:54:33 - [TEST_STEP][PASSED] - try: null

2020-04-09 08:54:33 - [TEST_STEP][PASSED] - if (selenium.isElementPresent("id=app-confirmation")): null

2020-04-09 08:54:33 - [TEST_STEP][PASSED] - Thread.sleep(1000): null

2020-04-09 08:54:34 - [TEST_STEP][PASSED] - try: null

2020-04-09 08:54:34 - [TEST_STEP][PASSED] - if (selenium.isElementPresent("id=app-confirmation")): null

2020-04-09 08:54:34 - [TEST_STEP][PASSED] - Thread.sleep(1000): null

2020-04-09 08:54:35 - [TEST_STEP][PASSED] - try: null

2020-04-09 08:54:35 - [TEST_STEP][PASSED] - if (selenium.isElementPresent("id=app-confirmation")): null

2020-04-09 08:54:35 - [TEST_STEP][PASSED] - Thread.sleep(1000): null

2020-04-09 08:54:36 - [TEST_STEP][PASSED] - try: null

2020-04-09 08:54:36 - [TEST_STEP][PASSED] - if (selenium.isElementPresent("id=app-confirmation")): null

2020-04-09 08:54:36 - [TEST_STEP][PASSED] - Thread.sleep(1000): null

2020-04-09 08:54:37 - [TEST_STEP][PASSED] - try: null

2020-04-09 08:54:37 - [TEST_STEP][PASSED] - if (selenium.isElementPresent("id=app-confirmation")): null

2020-04-09 08:54:38 - [TEST_STEP][PASSED] - Thread.sleep(1000): null

2020-04-09 08:54:39 - [TEST_STEP][PASSED] - try: null

2020-04-09 08:54:39 - [TEST_STEP][PASSED] - if (selenium.isElementPresent("id=app-confirmation")): null

2020-04-09 08:54:39 - [TEST_STEP][PASSED] - Thread.sleep(1000): null

2020-04-09 08:54:41 - [TEST_STEP][PASSED] - try: null

2020-04-09 08:54:41 - [TEST_STEP][PASSED] - if (selenium.isElementPresent("id=app-confirmation")): null

2020-04-09 08:54:42 - [TEST_STEP][PASSED] - Thread.sleep(1000): null

2020-04-09 08:54:43 - [TEST_STEP][PASSED] - try: null

2020-04-09 08:54:43 - [TEST_STEP][PASSED] - if (selenium.isElementPresent("id=app-confirmation")): null

2020-04-09 08:54:44 - [TEST_STEP][PASSED] - Thread.sleep(1000): null

2020-04-09 08:54:45 - [TEST_STEP][PASSED] - try: null

2020-04-09 08:54:45 - [TEST_STEP][PASSED] - if (selenium.isElementPresent("id=app-confirmation")): null

2020-04-09 08:54:46 - [TEST_STEP][PASSED] - Thread.sleep(1000): null

2020-04-09 08:54:47 - [TEST_STEP][PASSED] - try: null

2020-04-09 08:54:47 - [TEST_STEP][PASSED] - if (selenium.isElementPresent("id=app-confirmation")): null

2020-04-09 08:54:47 - [TEST_STEP][PASSED] - Thread.sleep(1000): null

2020-04-09 08:54:48 - [TEST_STEP][PASSED] - try: null

2020-04-09 08:54:48 - [TEST_STEP][PASSED] - if (selenium.isElementPresent("id=app-confirmation")): null

2020-04-09 08:54:49 - [TEST_STEP][PASSED] - Thread.sleep(1000): null

2020-04-09 08:54:50 - [TEST_STEP][PASSED] - try: null

2020-04-09 08:54:50 - [TEST_STEP][PASSED] - if (selenium.isElementPresent("id=app-confirmation")): null

2020-04-09 08:54:50 - [TEST_STEP][PASSED] - Thread.sleep(1000): null

2020-04-09 08:54:51 - [TEST_STEP][PASSED] - try: null

2020-04-09 08:54:51 - [TEST_STEP][PASSED] - if (selenium.isElementPresent("id=app-confirmation")): null

2020-04-09 08:54:51 - [TEST_STEP][PASSED] - Thread.sleep(1000): null

2020-04-09 08:54:52 - [TEST_STEP][PASSED] - try: null

2020-04-09 08:54:52 - [TEST_STEP][PASSED] - if (selenium.isElementPresent("id=app-confirmation")): null

2020-04-09 08:54:52 - [TEST_STEP][PASSED] - Thread.sleep(1000): null

2020-04-09 08:54:53 - [TEST_STEP][PASSED] - try: null

2020-04-09 08:54:53 - [TEST_STEP][PASSED] - if (selenium.isElementPresent("id=app-confirmation")): null

2020-04-09 08:55:00 - [TEST_STEP][PASSED] - Thread.sleep(1000): null

2020-04-09 08:55:01 - [TEST_STEP][PASSED] - try: null

2020-04-09 08:55:01 - [TEST_STEP][PASSED] - if (selenium.isElementPresent("id=app-confirmation")): null

2020-04-09 08:55:02 - [TEST_STEP][PASSED] - Thread.sleep(1000): null

2020-04-09 08:55:03 - [TEST_STEP][PASSED] - try: null

2020-04-09 08:55:03 - [TEST_STEP][PASSED] - if (selenium.isElementPresent("id=app-confirmation")): null

2020-04-09 08:55:03 - [TEST_STEP][PASSED] - Thread.sleep(1000): null

2020-04-09 08:55:04 - [TEST_STEP][PASSED] - try: null

2020-04-09 08:55:04 - [TEST_STEP][PASSED] - if (selenium.isElementPresent("id=app-confirmation")): null

2020-04-09 08:55:05 - [TEST_STEP][PASSED] - Thread.sleep(1000): null

2020-04-09 08:55:06 - [TEST_STEP][PASSED] - try: null

2020-04-09 08:55:06 - [TEST_STEP][PASSED] - if (selenium.isElementPresent("id=app-confirmation")): null

2020-04-09 08:55:06 - [TEST_STEP][PASSED] - Thread.sleep(1000): null

2020-04-09 08:55:07 - [TEST_STEP][PASSED] - try: null

2020-04-09 08:55:07 - [TEST_STEP][PASSED] - if (selenium.isElementPresent("id=app-confirmation")): null

2020-04-09 08:55:08 - [TEST_STEP][PASSED] - Thread.sleep(1000): null

2020-04-09 08:55:09 - [TEST_STEP][PASSED] - try: null

2020-04-09 08:55:09 - [TEST_STEP][PASSED] - if (selenium.isElementPresent("id=app-confirmation")): null

2020-04-09 08:55:12 - [TEST_STEP][PASSED] - Thread.sleep(1000): null

2020-04-09 08:55:13 - [TEST_STEP][PASSED] - try: null

2020-04-09 08:55:13 - [TEST_STEP][PASSED] - if (selenium.isElementPresent("id=app-confirmation")): null

2020-04-09 08:55:15 - [TEST_STEP][PASSED] - Thread.sleep(1000): null

2020-04-09 08:55:16 - [TEST_STEP][PASSED] - try: null

2020-04-09 08:55:16 - [TEST_STEP][PASSED] - if (selenium.isElementPresent("id=app-confirmation")): null

2020-04-09 08:55:19 - [TEST_STEP][PASSED] - Thread.sleep(1000): null

2020-04-09 08:55:20 - [TEST_STEP][PASSED] - try: null

2020-04-09 08:55:20 - [TEST_STEP][PASSED] - if (selenium.isElementPresent("id=app-confirmation")): null

2020-04-09 08:55:21 - [TEST_STEP][PASSED] - Thread.sleep(1000): null

2020-04-09 08:55:22 - [TEST_STEP][PASSED] - try: null

2020-04-09 08:55:22 - [TEST_STEP][PASSED] - if (selenium.isElementPresent("id=app-confirmation")): null

2020-04-09 08:55:22 - [TEST_STEP][PASSED] - Thread.sleep(1000): null

2020-04-09 08:55:23 - [TEST_STEP][PASSED] - try: null

2020-04-09 08:55:24 - [TEST_STEP][PASSED] - if (selenium.isElementPresent("id=app-confirmation")): null

2020-04-09 08:55:24 - [TEST_STEP][PASSED] - Thread.sleep(1000): null

2020-04-09 08:55:25 - [TEST_STEP][PASSED] - try: null

2020-04-09 08:55:25 - [TEST_STEP][PASSED] - if (selenium.isElementPresent("id=app-confirmation")): null

2020-04-09 08:55:28 - [TEST_STEP][PASSED] - Thread.sleep(1000): null

2020-04-09 08:55:29 - [TEST_STEP][PASSED] - try: null

2020-04-09 08:55:29 - [TEST_STEP][PASSED] - if (selenium.isElementPresent("id=app-confirmation")): null

2020-04-09 08:55:32 - [TEST_STEP][PASSED] - Thread.sleep(1000): null

2020-04-09 08:55:33 - [TEST_STEP][PASSED] - callTestCase(findTestCase("AHI/_include/get_screenshot"), [:], STOP_ON_FAILURE): Call Test Case 'Test Cases/AHI/_include/get_screenshot' successfully

2020-04-09 08:55:33 - [TEST_CASE][PASSED] - Test Cases/AHI/_include/get_screenshot: Test Cases/AHI/_include/get_screenshot

2020-04-09 08:55:33 - [TEST_STEP][PASSED] - Thread.sleep(1000): null

2020-04-09 08:55:34 - [TEST_STEP][PASSED] - takeScreenshot(screenPath + i + ".png"): Taking screenshot successfully

2020-04-09 08:55:37 - [MESSAGE][PASSED] - Taking screenshot successfully
[[ATTACHMENT|D:\\Test\\AgileTest\\Reports\\AHI\\ahi\\20200409_080112\\../Screenshots/iPhone 6/AHI/Dental - USA Access/20200409_085034/8.png]]

2020-04-09 08:55:37 - [TEST_STEP][PASSED] - (internal.GlobalVariable.i++): null

2020-04-09 08:55:37 - [MESSAGE][PASSED] - Call Test Case 'Test Cases/AHI/_include/get_screenshot' successfully]]></system-out>
         <system-err><![CDATA[]]></system-err>
      </testcase>
      <testcase name="Test Cases/AHI/NEW/HBI" classname="Test Cases/AHI/NEW/HBI" status="PASSED">
         <system-out><![CDATA[2020-04-09 08:55:37 - [TEST_CASE][PASSED] - Test Cases/AHI/NEW/HBI: Test Cases/AHI/NEW/HBI

2020-04-09 08:55:38 - [TEST_STEP][PASSED] - callTestCase(findTestCase("AHI/_include/get_screenPath"), ["productLine":"AHI", "carrierName":"HBI"], CONTINUE_ON_FAILURE): Call Test Case 'Test Cases/AHI/_include/get_screenPath' successfully

2020-04-09 08:55:38 - [TEST_CASE][PASSED] - Test Cases/AHI/_include/get_screenPath: Test Cases/AHI/_include/get_screenPath

2020-04-09 08:55:38 - [TEST_STEP][PASSED] - m = getExecutionProperties(): null

2020-04-09 08:55:38 - [TEST_STEP][PASSED] - deviceName = get("mobileEmulation").get("deviceName"): null

2020-04-09 08:55:38 - [TEST_STEP][PASSED] - println(deviceName): null

2020-04-09 08:55:38 - [TEST_STEP][PASSED] - now = new java.util.Date(): null

2020-04-09 08:55:38 - [TEST_STEP][PASSED] - mydate = now.format("yyyyMMdd_HHmmss"): null

2020-04-09 08:55:38 - [TEST_STEP][PASSED] - screenPath = "../Screenshots/": null

2020-04-09 08:55:38 - [TEST_STEP][PASSED] - screenPath = screenPath + deviceName + "/" + productLine + "/" + carrierName + "/" + mydate + "/": null

2020-04-09 08:55:38 - [TEST_STEP][PASSED] - println(screenPath): null

2020-04-09 08:55:38 - [MESSAGE][PASSED] - Call Test Case 'Test Cases/AHI/_include/get_screenPath' successfully

2020-04-09 08:55:38 - [TEST_STEP][PASSED] - i = 0: null

2020-04-09 08:55:38 - [TEST_STEP][PASSED] - callTestCase(findTestCase("AHI/_include/openWebSite"), [:], CONTINUE_ON_FAILURE): Call Test Case 'Test Cases/AHI/_include/openWebSite' successfully

2020-04-09 08:55:40 - [TEST_CASE][PASSED] - Test Cases/AHI/_include/openWebSite: Test Cases/AHI/_include/openWebSite

2020-04-09 08:55:40 - [TEST_STEP][PASSED] - openBrowser(env): Browser is opened with url: 'https://praetemptatus.agilehealthinsurance.com'

2020-04-09 08:55:40 - [MESSAGE][WARNING] - A browser is already opened. Closing browser and opening a new one

2020-04-09 08:55:42 - [MESSAGE][INFO] - Starting 'Chrome' driver

2020-04-09 08:55:42 - [MESSAGE][INFO] - User set preference: ['mobileEmulation', '{deviceName=iPhone 6}']

2020-04-09 08:55:42 - [MESSAGE][INFO] - User set preference: ['args', '[--incognito, --aggressive-cache-discard, --window-size=375,677, --no-sandbox, --ignore-certificate-errors]']

2020-04-09 08:56:01 - [MESSAGE][PASSED] - Browser is opened with url: 'https://praetemptatus.agilehealthinsurance.com'

2020-04-09 08:56:01 - [TEST_STEP][PASSED] - waitForPageLoad(20): Wait for page load successfully

2020-04-09 08:56:11 - [MESSAGE][PASSED] - Wait for page load successfully

2020-04-09 08:56:11 - [TEST_STEP][PASSED] - callTestCase(findTestCase("AHI/_include/get_screenshot"), [:], STOP_ON_FAILURE): Call Test Case 'Test Cases/AHI/_include/get_screenshot' successfully

2020-04-09 08:56:11 - [TEST_CASE][PASSED] - Test Cases/AHI/_include/get_screenshot: Test Cases/AHI/_include/get_screenshot

2020-04-09 08:56:11 - [TEST_STEP][PASSED] - Thread.sleep(1000): null

2020-04-09 08:56:12 - [TEST_STEP][PASSED] - takeScreenshot(screenPath + i + ".png"): Taking screenshot successfully

2020-04-09 08:56:15 - [MESSAGE][PASSED] - Taking screenshot successfully
[[ATTACHMENT|D:\\Test\\AgileTest\\Reports\\AHI\\ahi\\20200409_080112\\../Screenshots/iPhone 6/AHI/HBI/20200409_085538/0.png]]

2020-04-09 08:56:15 - [TEST_STEP][PASSED] - (internal.GlobalVariable.i++): null

2020-04-09 08:56:15 - [MESSAGE][PASSED] - Call Test Case 'Test Cases/AHI/_include/get_screenshot' successfully

2020-04-09 08:56:15 - [MESSAGE][PASSED] - Call Test Case 'Test Cases/AHI/_include/openWebSite' successfully

2020-04-09 08:56:15 - [TEST_STEP][PASSED] - driver = getWebDriver(): null

2020-04-09 08:56:15 - [TEST_STEP][PASSED] - baseUrl = ENV: null

2020-04-09 08:56:15 - [TEST_STEP][PASSED] - selenium = new com.thoughtworks.selenium.webdriven.WebDriverBackedSelenium(driver, baseUrl): null

2020-04-09 08:56:16 - [TEST_STEP][PASSED] - selenium.click("//*[@class='filter-option-inner-inner']"): null

2020-04-09 08:56:17 - [TEST_STEP][PASSED] - selenium.click("id=bs-select-1-3"): null

2020-04-09 08:56:18 - [TEST_STEP][PASSED] - selenium.click("id=primaryCTA"): null

2020-04-09 08:56:21 - [TEST_STEP][PASSED] - for ([second = 0, second < 10, (second++)]): null

2020-04-09 08:56:21 - [TEST_STEP][PASSED] - try: null

2020-04-09 08:56:21 - [TEST_STEP][PASSED] - if (selenium.isElementPresent("id=js-traffic-to-aiq")): null

2020-04-09 08:56:24 - [TEST_STEP][PASSED] - break: null

2020-04-09 08:56:24 - [TEST_STEP][PASSED] - callTestCase(findTestCase("AHI/_include/get_screenshot"), [:], STOP_ON_FAILURE): Call Test Case 'Test Cases/AHI/_include/get_screenshot' successfully

2020-04-09 08:56:25 - [TEST_CASE][PASSED] - Test Cases/AHI/_include/get_screenshot: Test Cases/AHI/_include/get_screenshot

2020-04-09 08:56:25 - [TEST_STEP][PASSED] - Thread.sleep(1000): null

2020-04-09 08:56:26 - [TEST_STEP][PASSED] - takeScreenshot(screenPath + i + ".png"): Taking screenshot successfully

2020-04-09 08:56:32 - [MESSAGE][PASSED] - Taking screenshot successfully
[[ATTACHMENT|D:\\Test\\AgileTest\\Reports\\AHI\\ahi\\20200409_080112\\../Screenshots/iPhone 6/AHI/HBI/20200409_085538/1.png]]

2020-04-09 08:56:32 - [TEST_STEP][PASSED] - (internal.GlobalVariable.i++): null

2020-04-09 08:56:32 - [MESSAGE][PASSED] - Call Test Case 'Test Cases/AHI/_include/get_screenshot' successfully

2020-04-09 08:56:32 - [TEST_STEP][PASSED] - url = selenium.getAttribute("xpath=(//a[@id='js-traffic-to-aiq'])@href"): null

2020-04-09 08:56:33 - [TEST_STEP][PASSED] - navigateToUrl(url): Navigate to 'https://healthinsurance.net/health?utm_source=hiiq&utm_medium=cpm&utm_campaign=agile' successfully

2020-04-09 08:56:45 - [MESSAGE][PASSED] - Navigate to 'https://healthinsurance.net/health?utm_source=hiiq&utm_medium=cpm&utm_campaign=agile' successfully

2020-04-09 08:56:45 - [TEST_STEP][PASSED] - waitForPageLoad(10): Wait for page load successfully

2020-04-09 08:56:45 - [MESSAGE][PASSED] - Wait for page load successfully

2020-04-09 08:56:45 - [TEST_STEP][PASSED] - callTestCase(findTestCase("AHI/_include/get_screenshot"), [:], STOP_ON_FAILURE): Call Test Case 'Test Cases/AHI/_include/get_screenshot' successfully

2020-04-09 08:56:45 - [TEST_CASE][PASSED] - Test Cases/AHI/_include/get_screenshot: Test Cases/AHI/_include/get_screenshot

2020-04-09 08:56:45 - [TEST_STEP][PASSED] - Thread.sleep(1000): null

2020-04-09 08:56:46 - [TEST_STEP][PASSED] - takeScreenshot(screenPath + i + ".png"): Taking screenshot successfully

2020-04-09 08:56:52 - [MESSAGE][PASSED] - Taking screenshot successfully
[[ATTACHMENT|D:\\Test\\AgileTest\\Reports\\AHI\\ahi\\20200409_080112\\../Screenshots/iPhone 6/AHI/HBI/20200409_085538/2.png]]

2020-04-09 08:56:52 - [TEST_STEP][PASSED] - (internal.GlobalVariable.i++): null

2020-04-09 08:56:52 - [MESSAGE][PASSED] - Call Test Case 'Test Cases/AHI/_include/get_screenshot' successfully]]></system-out>
         <system-err><![CDATA[]]></system-err>
      </testcase>
      <testcase name="Test Cases/AHI/NEW/Medicare" classname="Test Cases/AHI/NEW/Medicare" status="PASSED">
         <system-out><![CDATA[2020-04-09 08:56:52 - [TEST_CASE][PASSED] - Test Cases/AHI/NEW/Medicare: Test Cases/AHI/NEW/Medicare

2020-04-09 08:56:52 - [TEST_STEP][PASSED] - callTestCase(findTestCase("AHI/_include/get_screenPath"), ["productLine":"AHI", "carrierName":"Medicare"], CONTINUE_ON_FAILURE): Call Test Case 'Test Cases/AHI/_include/get_screenPath' successfully

2020-04-09 08:56:52 - [TEST_CASE][PASSED] - Test Cases/AHI/_include/get_screenPath: Test Cases/AHI/_include/get_screenPath

2020-04-09 08:56:52 - [TEST_STEP][PASSED] - m = getExecutionProperties(): null

2020-04-09 08:56:52 - [TEST_STEP][PASSED] - deviceName = get("mobileEmulation").get("deviceName"): null

2020-04-09 08:56:52 - [TEST_STEP][PASSED] - println(deviceName): null

2020-04-09 08:56:52 - [TEST_STEP][PASSED] - now = new java.util.Date(): null

2020-04-09 08:56:52 - [TEST_STEP][PASSED] - mydate = now.format("yyyyMMdd_HHmmss"): null

2020-04-09 08:56:52 - [TEST_STEP][PASSED] - screenPath = "../Screenshots/": null

2020-04-09 08:56:53 - [TEST_STEP][PASSED] - screenPath = screenPath + deviceName + "/" + productLine + "/" + carrierName + "/" + mydate + "/": null

2020-04-09 08:56:53 - [TEST_STEP][PASSED] - println(screenPath): null

2020-04-09 08:56:53 - [MESSAGE][PASSED] - Call Test Case 'Test Cases/AHI/_include/get_screenPath' successfully

2020-04-09 08:56:53 - [TEST_STEP][PASSED] - i = 0: null

2020-04-09 08:56:53 - [TEST_STEP][PASSED] - callTestCase(findTestCase("AHI/_include/openWebSite"), [:], CONTINUE_ON_FAILURE): Call Test Case 'Test Cases/AHI/_include/openWebSite' successfully

2020-04-09 08:56:53 - [TEST_CASE][PASSED] - Test Cases/AHI/_include/openWebSite: Test Cases/AHI/_include/openWebSite

2020-04-09 08:56:53 - [TEST_STEP][PASSED] - openBrowser(env): Browser is opened with url: 'https://praetemptatus.agilehealthinsurance.com'

2020-04-09 08:56:53 - [MESSAGE][WARNING] - A browser is already opened. Closing browser and opening a new one

2020-04-09 08:56:57 - [MESSAGE][INFO] - Starting 'Chrome' driver

2020-04-09 08:56:57 - [MESSAGE][INFO] - User set preference: ['mobileEmulation', '{deviceName=iPhone 6}']

2020-04-09 08:56:57 - [MESSAGE][INFO] - User set preference: ['args', '[--incognito, --aggressive-cache-discard, --window-size=375,677, --no-sandbox, --ignore-certificate-errors]']

2020-04-09 08:57:19 - [MESSAGE][PASSED] - Browser is opened with url: 'https://praetemptatus.agilehealthinsurance.com'

2020-04-09 08:57:19 - [TEST_STEP][PASSED] - waitForPageLoad(20): Wait for page load successfully

2020-04-09 08:57:19 - [MESSAGE][PASSED] - Wait for page load successfully

2020-04-09 08:57:19 - [TEST_STEP][PASSED] - callTestCase(findTestCase("AHI/_include/get_screenshot"), [:], STOP_ON_FAILURE): Call Test Case 'Test Cases/AHI/_include/get_screenshot' successfully

2020-04-09 08:57:19 - [TEST_CASE][PASSED] - Test Cases/AHI/_include/get_screenshot: Test Cases/AHI/_include/get_screenshot

2020-04-09 08:57:19 - [TEST_STEP][PASSED] - Thread.sleep(1000): null

2020-04-09 08:57:21 - [TEST_STEP][PASSED] - takeScreenshot(screenPath + i + ".png"): Taking screenshot successfully

2020-04-09 08:57:25 - [MESSAGE][PASSED] - Taking screenshot successfully
[[ATTACHMENT|D:\\Test\\AgileTest\\Reports\\AHI\\ahi\\20200409_080112\\../Screenshots/iPhone 6/AHI/Medicare/20200409_085652/0.png]]

2020-04-09 08:57:25 - [TEST_STEP][PASSED] - (internal.GlobalVariable.i++): null

2020-04-09 08:57:25 - [MESSAGE][PASSED] - Call Test Case 'Test Cases/AHI/_include/get_screenshot' successfully

2020-04-09 08:57:25 - [MESSAGE][PASSED] - Call Test Case 'Test Cases/AHI/_include/openWebSite' successfully

2020-04-09 08:57:25 - [TEST_STEP][PASSED] - driver = getWebDriver(): null

2020-04-09 08:57:25 - [TEST_STEP][PASSED] - baseUrl = ENV: null

2020-04-09 08:57:25 - [TEST_STEP][PASSED] - selenium = new com.thoughtworks.selenium.webdriven.WebDriverBackedSelenium(driver, baseUrl): null

2020-04-09 08:57:27 - [TEST_STEP][PASSED] - selenium.click("//*[@class='filter-option-inner-inner']"): null

2020-04-09 08:57:30 - [TEST_STEP][PASSED] - selenium.click("id=bs-select-1-4"): null

2020-04-09 08:57:32 - [TEST_STEP][PASSED] - selenium.click("id=primaryCTA"): null

2020-04-09 08:57:34 - [TEST_STEP][PASSED] - for ([second = 0, second < 10, (second++)]): null

2020-04-09 08:57:34 - [TEST_STEP][PASSED] - try: null

2020-04-09 08:57:34 - [TEST_STEP][PASSED] - if (selenium.isElementPresent("//h1[contains(text(),'Compare Medicare health plans')]")): null

2020-04-09 08:57:34 - [TEST_STEP][PASSED] - Thread.sleep(1000): null

2020-04-09 08:57:35 - [TEST_STEP][PASSED] - try: null

2020-04-09 08:57:35 - [TEST_STEP][PASSED] - if (selenium.isElementPresent("//h1[contains(text(),'Compare Medicare health plans')]")): null

2020-04-09 08:57:35 - [TEST_STEP][PASSED] - Thread.sleep(1000): null

2020-04-09 08:57:36 - [TEST_STEP][PASSED] - try: null

2020-04-09 08:57:36 - [TEST_STEP][PASSED] - if (selenium.isElementPresent("//h1[contains(text(),'Compare Medicare health plans')]")): null

2020-04-09 08:57:38 - [TEST_STEP][PASSED] - Thread.sleep(1000): null

2020-04-09 08:57:39 - [TEST_STEP][PASSED] - try: null

2020-04-09 08:57:39 - [TEST_STEP][PASSED] - if (selenium.isElementPresent("//h1[contains(text(),'Compare Medicare health plans')]")): null

2020-04-09 08:57:47 - [TEST_STEP][PASSED] - break: null

2020-04-09 08:57:47 - [TEST_STEP][PASSED] - callTestCase(findTestCase("AHI/_include/get_screenshot"), [:], STOP_ON_FAILURE): Call Test Case 'Test Cases/AHI/_include/get_screenshot' successfully

2020-04-09 08:57:47 - [TEST_CASE][PASSED] - Test Cases/AHI/_include/get_screenshot: Test Cases/AHI/_include/get_screenshot

2020-04-09 08:57:47 - [TEST_STEP][PASSED] - Thread.sleep(1000): null

2020-04-09 08:57:48 - [TEST_STEP][PASSED] - takeScreenshot(screenPath + i + ".png"): Taking screenshot successfully

2020-04-09 08:57:49 - [MESSAGE][PASSED] - Taking screenshot successfully
[[ATTACHMENT|D:\\Test\\AgileTest\\Reports\\AHI\\ahi\\20200409_080112\\../Screenshots/iPhone 6/AHI/Medicare/20200409_085652/1.png]]

2020-04-09 08:57:49 - [TEST_STEP][PASSED] - (internal.GlobalVariable.i++): null

2020-04-09 08:57:49 - [MESSAGE][PASSED] - Call Test Case 'Test Cases/AHI/_include/get_screenshot' successfully]]></system-out>
         <system-err><![CDATA[]]></system-err>
      </testcase>
      <testcase name="Test Cases/AHI/NEW/Pet Insurance" classname="Test Cases/AHI/NEW/Pet Insurance" status="PASSED">
         <system-out><![CDATA[2020-04-09 08:57:49 - [TEST_CASE][PASSED] - Test Cases/AHI/NEW/Pet Insurance: Test Cases/AHI/NEW/Pet Insurance

2020-04-09 08:57:50 - [TEST_STEP][PASSED] - callTestCase(findTestCase("AHI/_include/get_screenPath"), ["productLine":"AHI", "carrierName":"Pet Insurance"], CONTINUE_ON_FAILURE): Call Test Case 'Test Cases/AHI/_include/get_screenPath' successfully

2020-04-09 08:57:51 - [TEST_CASE][PASSED] - Test Cases/AHI/_include/get_screenPath: Test Cases/AHI/_include/get_screenPath

2020-04-09 08:57:51 - [TEST_STEP][PASSED] - m = getExecutionProperties(): null

2020-04-09 08:57:51 - [TEST_STEP][PASSED] - deviceName = get("mobileEmulation").get("deviceName"): null

2020-04-09 08:57:51 - [TEST_STEP][PASSED] - println(deviceName): null

2020-04-09 08:57:51 - [TEST_STEP][PASSED] - now = new java.util.Date(): null

2020-04-09 08:57:51 - [TEST_STEP][PASSED] - mydate = now.format("yyyyMMdd_HHmmss"): null

2020-04-09 08:57:51 - [TEST_STEP][PASSED] - screenPath = "../Screenshots/": null

2020-04-09 08:57:51 - [TEST_STEP][PASSED] - screenPath = screenPath + deviceName + "/" + productLine + "/" + carrierName + "/" + mydate + "/": null

2020-04-09 08:57:51 - [TEST_STEP][PASSED] - println(screenPath): null

2020-04-09 08:57:51 - [MESSAGE][PASSED] - Call Test Case 'Test Cases/AHI/_include/get_screenPath' successfully

2020-04-09 08:57:51 - [TEST_STEP][PASSED] - i = 0: null

2020-04-09 08:57:51 - [TEST_STEP][PASSED] - callTestCase(findTestCase("AHI/_include/openWebSite"), [:], CONTINUE_ON_FAILURE): Call Test Case 'Test Cases/AHI/_include/openWebSite' successfully

2020-04-09 08:57:51 - [TEST_CASE][PASSED] - Test Cases/AHI/_include/openWebSite: Test Cases/AHI/_include/openWebSite

2020-04-09 08:57:51 - [TEST_STEP][PASSED] - openBrowser(env): Browser is opened with url: 'https://praetemptatus.agilehealthinsurance.com'

2020-04-09 08:57:51 - [MESSAGE][WARNING] - A browser is already opened. Closing browser and opening a new one

2020-04-09 08:57:52 - [MESSAGE][INFO] - Starting 'Chrome' driver

2020-04-09 08:57:52 - [MESSAGE][INFO] - User set preference: ['mobileEmulation', '{deviceName=iPhone 6}']

2020-04-09 08:57:52 - [MESSAGE][INFO] - User set preference: ['args', '[--incognito, --aggressive-cache-discard, --window-size=375,677, --no-sandbox, --ignore-certificate-errors]']

2020-04-09 08:58:10 - [MESSAGE][PASSED] - Browser is opened with url: 'https://praetemptatus.agilehealthinsurance.com'

2020-04-09 08:58:10 - [TEST_STEP][PASSED] - waitForPageLoad(20): Wait for page load successfully

2020-04-09 08:58:23 - [MESSAGE][PASSED] - Wait for page load successfully

2020-04-09 08:58:23 - [TEST_STEP][PASSED] - callTestCase(findTestCase("AHI/_include/get_screenshot"), [:], STOP_ON_FAILURE): Call Test Case 'Test Cases/AHI/_include/get_screenshot' successfully

2020-04-09 08:58:23 - [TEST_CASE][PASSED] - Test Cases/AHI/_include/get_screenshot: Test Cases/AHI/_include/get_screenshot

2020-04-09 08:58:23 - [TEST_STEP][PASSED] - Thread.sleep(1000): null

2020-04-09 08:58:24 - [TEST_STEP][PASSED] - takeScreenshot(screenPath + i + ".png"): Taking screenshot successfully

2020-04-09 08:58:25 - [MESSAGE][PASSED] - Taking screenshot successfully
[[ATTACHMENT|D:\\Test\\AgileTest\\Reports\\AHI\\ahi\\20200409_080112\\../Screenshots/iPhone 6/AHI/Pet Insurance/20200409_085751/0.png]]

2020-04-09 08:58:25 - [TEST_STEP][PASSED] - (internal.GlobalVariable.i++): null

2020-04-09 08:58:25 - [MESSAGE][PASSED] - Call Test Case 'Test Cases/AHI/_include/get_screenshot' successfully

2020-04-09 08:58:25 - [MESSAGE][PASSED] - Call Test Case 'Test Cases/AHI/_include/openWebSite' successfully

2020-04-09 08:58:25 - [TEST_STEP][PASSED] - driver = getWebDriver(): null

2020-04-09 08:58:25 - [TEST_STEP][PASSED] - baseUrl = ENV: null

2020-04-09 08:58:25 - [TEST_STEP][PASSED] - selenium = new com.thoughtworks.selenium.webdriven.WebDriverBackedSelenium(driver, baseUrl): null

2020-04-09 08:58:25 - [TEST_STEP][PASSED] - selenium.click("//*[@class='filter-option-inner-inner']"): null

2020-04-09 08:58:26 - [TEST_STEP][PASSED] - selenium.click("id=bs-select-1-5"): null

2020-04-09 08:58:30 - [TEST_STEP][PASSED] - selenium.click("id=primaryCTA"): null

2020-04-09 08:58:42 - [TEST_STEP][PASSED] - for ([second = 0, second < 20, (second++)]): null

2020-04-09 08:58:42 - [TEST_STEP][PASSED] - try: null

2020-04-09 08:58:42 - [TEST_STEP][PASSED] - if (selenium.isElementPresent("id=zip-input")): null

2020-04-09 08:58:44 - [TEST_STEP][PASSED] - break: null

2020-04-09 08:58:44 - [TEST_STEP][PASSED] - callTestCase(findTestCase("AHI/_include/get_screenshot"), [:], STOP_ON_FAILURE): Call Test Case 'Test Cases/AHI/_include/get_screenshot' successfully

2020-04-09 08:58:44 - [TEST_CASE][PASSED] - Test Cases/AHI/_include/get_screenshot: Test Cases/AHI/_include/get_screenshot

2020-04-09 08:58:44 - [TEST_STEP][PASSED] - Thread.sleep(1000): null

2020-04-09 08:58:45 - [TEST_STEP][PASSED] - takeScreenshot(screenPath + i + ".png"): Taking screenshot successfully

2020-04-09 08:58:46 - [MESSAGE][PASSED] - Taking screenshot successfully
[[ATTACHMENT|D:\\Test\\AgileTest\\Reports\\AHI\\ahi\\20200409_080112\\../Screenshots/iPhone 6/AHI/Pet Insurance/20200409_085751/1.png]]

2020-04-09 08:58:46 - [TEST_STEP][PASSED] - (internal.GlobalVariable.i++): null

2020-04-09 08:58:46 - [MESSAGE][PASSED] - Call Test Case 'Test Cases/AHI/_include/get_screenshot' successfully

2020-04-09 08:58:46 - [TEST_STEP][PASSED] - sendKeys(findTestObject("mobileSanity/Cancer Insurance/zip"), "35216"): Keys '35216' sent to object: 'Object Repository/mobileSanity/Cancer Insurance/zip'

2020-04-09 08:58:53 - [MESSAGE][PASSED] - Keys '35216' sent to object: 'Object Repository/mobileSanity/Cancer Insurance/zip'

2020-04-09 08:58:53 - [TEST_STEP][PASSED] - Thread.sleep(3000): null

2020-04-09 08:58:56 - [TEST_STEP][PASSED] - selenium.click("id=js-see-plans"): null

2020-04-09 08:58:58 - [TEST_STEP][PASSED] - for ([second = 0, second < 20, (second++)]): null

2020-04-09 08:58:58 - [TEST_STEP][PASSED] - try: null

2020-04-09 08:58:58 - [TEST_STEP][PASSED] - if (selenium.isElementPresent("id=name-input")): null

2020-04-09 08:58:59 - [TEST_STEP][PASSED] - break: null

2020-04-09 08:58:59 - [TEST_STEP][PASSED] - callTestCase(findTestCase("AHI/_include/get_screenshot"), [:], STOP_ON_FAILURE): Call Test Case 'Test Cases/AHI/_include/get_screenshot' successfully

2020-04-09 08:58:59 - [TEST_CASE][PASSED] - Test Cases/AHI/_include/get_screenshot: Test Cases/AHI/_include/get_screenshot

2020-04-09 08:58:59 - [TEST_STEP][PASSED] - Thread.sleep(1000): null

2020-04-09 08:59:00 - [TEST_STEP][PASSED] - takeScreenshot(screenPath + i + ".png"): Taking screenshot successfully

2020-04-09 08:59:02 - [MESSAGE][PASSED] - Taking screenshot successfully
[[ATTACHMENT|D:\\Test\\AgileTest\\Reports\\AHI\\ahi\\20200409_080112\\../Screenshots/iPhone 6/AHI/Pet Insurance/20200409_085751/2.png]]

2020-04-09 08:59:02 - [TEST_STEP][PASSED] - (internal.GlobalVariable.i++): null

2020-04-09 08:59:02 - [MESSAGE][PASSED] - Call Test Case 'Test Cases/AHI/_include/get_screenshot' successfully

2020-04-09 08:59:02 - [TEST_STEP][PASSED] - setText(findTestObject("mobileSanity/Pet Insurance/name-input"), "Test cat"): Text 'Test cat' is set on object 'Object Repository/mobileSanity/Pet Insurance/name-input'

2020-04-09 08:59:09 - [MESSAGE][PASSED] - Text 'Test cat' is set on object 'Object Repository/mobileSanity/Pet Insurance/name-input'

2020-04-09 08:59:09 - [TEST_STEP][PASSED] - selenium.click("id=js-continue"): null

2020-04-09 08:59:09 - [TEST_STEP][PASSED] - for ([second = 0, second < 20, (second++)]): null

2020-04-09 08:59:09 - [TEST_STEP][PASSED] - try: null

2020-04-09 08:59:09 - [TEST_STEP][PASSED] - if (selenium.isElementPresent("xpath=//label[@for='p-cat']")): null

2020-04-09 08:59:09 - [TEST_STEP][PASSED] - Thread.sleep(1000): null

2020-04-09 08:59:10 - [TEST_STEP][PASSED] - try: null

2020-04-09 08:59:10 - [TEST_STEP][PASSED] - if (selenium.isElementPresent("xpath=//label[@for='p-cat']")): null

2020-04-09 08:59:10 - [TEST_STEP][PASSED] - break: null

2020-04-09 08:59:10 - [TEST_STEP][PASSED] - callTestCase(findTestCase("AHI/_include/get_screenshot"), [:], STOP_ON_FAILURE): Call Test Case 'Test Cases/AHI/_include/get_screenshot' successfully

2020-04-09 08:59:10 - [TEST_CASE][PASSED] - Test Cases/AHI/_include/get_screenshot: Test Cases/AHI/_include/get_screenshot

2020-04-09 08:59:10 - [TEST_STEP][PASSED] - Thread.sleep(1000): null

2020-04-09 08:59:11 - [TEST_STEP][PASSED] - takeScreenshot(screenPath + i + ".png"): Taking screenshot successfully

2020-04-09 08:59:13 - [MESSAGE][PASSED] - Taking screenshot successfully
[[ATTACHMENT|D:\\Test\\AgileTest\\Reports\\AHI\\ahi\\20200409_080112\\../Screenshots/iPhone 6/AHI/Pet Insurance/20200409_085751/3.png]]

2020-04-09 08:59:13 - [TEST_STEP][PASSED] - (internal.GlobalVariable.i++): null

2020-04-09 08:59:13 - [MESSAGE][PASSED] - Call Test Case 'Test Cases/AHI/_include/get_screenshot' successfully

2020-04-09 08:59:13 - [TEST_STEP][PASSED] - selenium.click("//label[@for='p-cat']"): null

2020-04-09 08:59:14 - [TEST_STEP][PASSED] - for ([second = 0, second < 20, (second++)]): null

2020-04-09 08:59:14 - [TEST_STEP][PASSED] - try: null

2020-04-09 08:59:14 - [TEST_STEP][PASSED] - if (selenium.isElementPresent("id=dob-mm-input")): null

2020-04-09 08:59:14 - [TEST_STEP][PASSED] - Thread.sleep(1000): null

2020-04-09 08:59:15 - [TEST_STEP][PASSED] - try: null

2020-04-09 08:59:15 - [TEST_STEP][PASSED] - if (selenium.isElementPresent("id=dob-mm-input")): null

2020-04-09 08:59:16 - [TEST_STEP][PASSED] - break: null

2020-04-09 08:59:16 - [TEST_STEP][PASSED] - callTestCase(findTestCase("AHI/_include/get_screenshot"), [:], STOP_ON_FAILURE): Call Test Case 'Test Cases/AHI/_include/get_screenshot' successfully

2020-04-09 08:59:16 - [TEST_CASE][PASSED] - Test Cases/AHI/_include/get_screenshot: Test Cases/AHI/_include/get_screenshot

2020-04-09 08:59:16 - [TEST_STEP][PASSED] - Thread.sleep(1000): null

2020-04-09 08:59:17 - [TEST_STEP][PASSED] - takeScreenshot(screenPath + i + ".png"): Taking screenshot successfully

2020-04-09 08:59:22 - [MESSAGE][PASSED] - Taking screenshot successfully
[[ATTACHMENT|D:\\Test\\AgileTest\\Reports\\AHI\\ahi\\20200409_080112\\../Screenshots/iPhone 6/AHI/Pet Insurance/20200409_085751/4.png]]

2020-04-09 08:59:22 - [TEST_STEP][PASSED] - (internal.GlobalVariable.i++): null

2020-04-09 08:59:22 - [MESSAGE][PASSED] - Call Test Case 'Test Cases/AHI/_include/get_screenshot' successfully

2020-04-09 08:59:22 - [TEST_STEP][PASSED] - setText(findTestObject("mobileSanity/Pet Insurance/dob-mm-input"), "01"): Text '01' is set on object 'Object Repository/mobileSanity/Pet Insurance/dob-mm-input'

2020-04-09 08:59:24 - [MESSAGE][PASSED] - Text '01' is set on object 'Object Repository/mobileSanity/Pet Insurance/dob-mm-input'

2020-04-09 08:59:24 - [TEST_STEP][PASSED] - setText(findTestObject("mobileSanity/Pet Insurance/dob-dd-input"), "01"): Text '01' is set on object 'Object Repository/mobileSanity/Pet Insurance/dob-dd-input'

2020-04-09 08:59:24 - [MESSAGE][PASSED] - Text '01' is set on object 'Object Repository/mobileSanity/Pet Insurance/dob-dd-input'

2020-04-09 08:59:24 - [TEST_STEP][PASSED] - setText(findTestObject("mobileSanity/Pet Insurance/dob-yyyy-input"), "2016"): Text '2016' is set on object 'Object Repository/mobileSanity/Pet Insurance/dob-yyyy-input'

2020-04-09 08:59:26 - [MESSAGE][PASSED] - Text '2016' is set on object 'Object Repository/mobileSanity/Pet Insurance/dob-yyyy-input'

2020-04-09 08:59:26 - [TEST_STEP][PASSED] - for ([second = 0, second < 20, (second++)]): null

2020-04-09 08:59:26 - [TEST_STEP][PASSED] - try: null

2020-04-09 08:59:26 - [TEST_STEP][PASSED] - if (selenium.isElementPresent("xpath=//label[@for='p-no']")): null

2020-04-09 08:59:26 - [TEST_STEP][PASSED] - Thread.sleep(1000): null

2020-04-09 08:59:27 - [TEST_STEP][PASSED] - try: null

2020-04-09 08:59:27 - [TEST_STEP][PASSED] - if (selenium.isElementPresent("xpath=//label[@for='p-no']")): null

2020-04-09 08:59:27 - [TEST_STEP][PASSED] - break: null

2020-04-09 08:59:27 - [TEST_STEP][PASSED] - callTestCase(findTestCase("AHI/_include/get_screenshot"), [:], STOP_ON_FAILURE): Call Test Case 'Test Cases/AHI/_include/get_screenshot' successfully

2020-04-09 08:59:27 - [TEST_CASE][PASSED] - Test Cases/AHI/_include/get_screenshot: Test Cases/AHI/_include/get_screenshot

2020-04-09 08:59:27 - [TEST_STEP][PASSED] - Thread.sleep(1000): null

2020-04-09 08:59:29 - [TEST_STEP][PASSED] - takeScreenshot(screenPath + i + ".png"): Taking screenshot successfully

2020-04-09 08:59:30 - [MESSAGE][PASSED] - Taking screenshot successfully
[[ATTACHMENT|D:\\Test\\AgileTest\\Reports\\AHI\\ahi\\20200409_080112\\../Screenshots/iPhone 6/AHI/Pet Insurance/20200409_085751/5.png]]

2020-04-09 08:59:30 - [TEST_STEP][PASSED] - (internal.GlobalVariable.i++): null

2020-04-09 08:59:30 - [MESSAGE][PASSED] - Call Test Case 'Test Cases/AHI/_include/get_screenshot' successfully

2020-04-09 08:59:30 - [TEST_STEP][PASSED] - selenium.click("//label[@for='p-no']"): null

2020-04-09 08:59:38 - [TEST_STEP][PASSED] - for ([second = 0, second < 20, (second++)]): null

2020-04-09 08:59:38 - [TEST_STEP][PASSED] - try: null

2020-04-09 08:59:38 - [TEST_STEP][PASSED] - if (selenium.isElementPresent("id=applyCta")): null

2020-04-09 08:59:41 - [TEST_STEP][PASSED] - break: null

2020-04-09 08:59:41 - [TEST_STEP][PASSED] - callTestCase(findTestCase("AHI/_include/get_screenshot"), [:], STOP_ON_FAILURE): Call Test Case 'Test Cases/AHI/_include/get_screenshot' successfully

2020-04-09 08:59:41 - [TEST_CASE][PASSED] - Test Cases/AHI/_include/get_screenshot: Test Cases/AHI/_include/get_screenshot

2020-04-09 08:59:41 - [TEST_STEP][PASSED] - Thread.sleep(1000): null

2020-04-09 08:59:42 - [TEST_STEP][PASSED] - takeScreenshot(screenPath + i + ".png"): Taking screenshot successfully

2020-04-09 08:59:44 - [MESSAGE][PASSED] - Taking screenshot successfully
[[ATTACHMENT|D:\\Test\\AgileTest\\Reports\\AHI\\ahi\\20200409_080112\\../Screenshots/iPhone 6/AHI/Pet Insurance/20200409_085751/6.png]]

2020-04-09 08:59:44 - [TEST_STEP][PASSED] - (internal.GlobalVariable.i++): null

2020-04-09 08:59:44 - [MESSAGE][PASSED] - Call Test Case 'Test Cases/AHI/_include/get_screenshot' successfully

2020-04-09 08:59:44 - [TEST_STEP][PASSED] - selenium.click("id=applyCta"): null

2020-04-09 08:59:48 - [TEST_STEP][PASSED] - for ([second = 0, second < 20, (second++)]): null

2020-04-09 08:59:48 - [TEST_STEP][PASSED] - try: null

2020-04-09 08:59:48 - [TEST_STEP][PASSED] - if (selenium.isElementPresent("id=member-P-1-firstName")): null

2020-04-09 08:59:55 - [TEST_STEP][PASSED] - break: null

2020-04-09 08:59:55 - [TEST_STEP][PASSED] - callTestCase(findTestCase("AHI/_include/get_screenshot"), [:], STOP_ON_FAILURE): Call Test Case 'Test Cases/AHI/_include/get_screenshot' successfully

2020-04-09 08:59:55 - [TEST_CASE][PASSED] - Test Cases/AHI/_include/get_screenshot: Test Cases/AHI/_include/get_screenshot

2020-04-09 08:59:55 - [TEST_STEP][PASSED] - Thread.sleep(1000): null

2020-04-09 08:59:56 - [TEST_STEP][PASSED] - takeScreenshot(screenPath + i + ".png"): Taking screenshot successfully

2020-04-09 08:59:59 - [MESSAGE][PASSED] - Taking screenshot successfully
[[ATTACHMENT|D:\\Test\\AgileTest\\Reports\\AHI\\ahi\\20200409_080112\\../Screenshots/iPhone 6/AHI/Pet Insurance/20200409_085751/7.png]]

2020-04-09 08:59:59 - [TEST_STEP][PASSED] - (internal.GlobalVariable.i++): null

2020-04-09 08:59:59 - [MESSAGE][PASSED] - Call Test Case 'Test Cases/AHI/_include/get_screenshot' successfully

2020-04-09 08:59:59 - [TEST_STEP][PASSED] - callTestCase(findTestCase("AHI/_include/name"), [:], STOP_ON_FAILURE): Call Test Case 'Test Cases/AHI/_include/name' successfully

2020-04-09 09:00:00 - [TEST_CASE][PASSED] - Test Cases/AHI/_include/name: Test Cases/AHI/_include/name

2020-04-09 09:00:00 - [TEST_STEP][PASSED] - driver = getWebDriver(): null

2020-04-09 09:00:00 - [TEST_STEP][PASSED] - selenium = new com.thoughtworks.selenium.webdriven.WebDriverBackedSelenium(driver, internal.GlobalVariable.ENV): null

2020-04-09 09:00:00 - [TEST_STEP][PASSED] - FirstName = "Test-123": null

2020-04-09 09:00:00 - [TEST_STEP][PASSED] - LastName = selenium.getEval("{var x="ABCDEFGHIJKLMNOPQRSTUVWXYZabcdefghijklmnopqrstuvwxyz"; var tmp="ZZ11-"; for (i=0;i<8;i++) tmp+=x.charAt(Math.ceil(51*Math.random()));tmp;}"): null

2020-04-09 09:00:01 - [TEST_STEP][PASSED] - Address = selenium.getEval("{var x="ABCDEFGHIJKLMNOPQRSTUVWXYZabcdefghijklmnopqrstuvwxyz"; var tmp=""; for (i=0;i<8;i++) tmp+=x.charAt(Math.ceil(51*Math.random()));tmp;}"): null

2020-04-09 09:00:04 - [TEST_STEP][PASSED] - City = selenium.getEval("{var x="ABCDEFGHIJKLMNOPQRSTUVWXYZabcdefghijklmnopqrstuvwxyz"; var tmp=""; for (i=0;i<8;i++) tmp+=x.charAt(Math.ceil(51*Math.random()));tmp;}"): null

2020-04-09 09:00:06 - [TEST_STEP][PASSED] - tel1 = selenium.getEval("{var x="123456789"; var tmp=""; for (i=0;i<3;i++) tmp+=x.charAt(Math.ceil(8*Math.random()));tmp;}"): null

2020-04-09 09:00:07 - [TEST_STEP][PASSED] - tel2 = selenium.getEval("{var x="123456789"; var tmp=""; for (i=0;i<3;i++) tmp+=x.charAt(Math.ceil(8*Math.random()));tmp;}"): null

2020-04-09 09:00:07 - [TEST_STEP][PASSED] - tel3 = selenium.getEval("{var x="123456789"; var tmp=""; for (i=0;i<4;i++) tmp+=x.charAt(Math.ceil(8*Math.random()));tmp;}"): null

2020-04-09 09:00:07 - [TEST_STEP][PASSED] - Tel = selenium.getExpression(tel1 + "-" + tel2 + "-" + tel3): null

2020-04-09 09:00:07 - [TEST_STEP][PASSED] - AutoEmail = selenium.getEval("{var x="ABCDEFGHIJKLMNOPQRSTUVWXYZabcdefghijklmnopqrstuvwxyz"; var tmp="test."; for (i=0;i<8;i++) tmp+=x.charAt(Math.ceil(51*Math.random()));tmp+="@suryani.cn";}"): null

2020-04-09 09:00:07 - [TEST_STEP][PASSED] - FirstName = FirstName: null

2020-04-09 09:00:07 - [TEST_STEP][PASSED] - LastName = LastName: null

2020-04-09 09:00:07 - [TEST_STEP][PASSED] - Address = Address: null

2020-04-09 09:00:07 - [TEST_STEP][PASSED] - City = City: null

2020-04-09 09:00:07 - [TEST_STEP][PASSED] - Tel = Tel: null

2020-04-09 09:00:07 - [TEST_STEP][PASSED] - AutoEmail = AutoEmail: null

2020-04-09 09:00:07 - [TEST_STEP][PASSED] - println(FirstName): null

2020-04-09 09:00:07 - [TEST_STEP][PASSED] - println(LastName): null

2020-04-09 09:00:07 - [TEST_STEP][PASSED] - println(Address): null

2020-04-09 09:00:07 - [TEST_STEP][PASSED] - println(City): null

2020-04-09 09:00:07 - [TEST_STEP][PASSED] - println(Tel): null

2020-04-09 09:00:07 - [TEST_STEP][PASSED] - println(AutoEmail): null

2020-04-09 09:00:07 - [MESSAGE][PASSED] - Call Test Case 'Test Cases/AHI/_include/name' successfully

2020-04-09 09:00:07 - [TEST_STEP][PASSED] - selenium.type("id=member-P-1-firstName", FirstName): null

2020-04-09 09:00:15 - [TEST_STEP][PASSED] - selenium.type("id=member-P-1-lastName", LastName): null

2020-04-09 09:00:16 - [TEST_STEP][PASSED] - selenium.type("id=address", Address): null

2020-04-09 09:00:19 - [TEST_STEP][PASSED] - selenium.type("id=city", City): null

2020-04-09 09:00:20 - [TEST_STEP][PASSED] - selenium.type("id=email", AutoEmail): null

2020-04-09 09:00:20 - [TEST_STEP][PASSED] - selenium.type("id=primaryPhone", Tel): null

2020-04-09 09:00:20 - [TEST_STEP][PASSED] - selenium.click("id=pet-veterinary-clinic-flag"): null

2020-04-09 09:00:20 - [TEST_STEP][PASSED] - Thread.sleep(2000): null

2020-04-09 09:00:22 - [TEST_STEP][PASSED] - selenium.click("id=js-app-continue-link"): null

2020-04-09 09:00:27 - [TEST_STEP][PASSED] - for ([second = 0, second < 20, (second++)]): null

2020-04-09 09:00:27 - [TEST_STEP][PASSED] - try: null

2020-04-09 09:00:27 - [TEST_STEP][PASSED] - if (selenium.isElementPresent("id=credit-card-number")): null

2020-04-09 09:00:29 - [TEST_STEP][PASSED] - break: null

2020-04-09 09:00:29 - [TEST_STEP][PASSED] - callTestCase(findTestCase("AHI/_include/get_screenshot"), [:], STOP_ON_FAILURE): Call Test Case 'Test Cases/AHI/_include/get_screenshot' successfully

2020-04-09 09:00:29 - [TEST_CASE][PASSED] - Test Cases/AHI/_include/get_screenshot: Test Cases/AHI/_include/get_screenshot

2020-04-09 09:00:29 - [TEST_STEP][PASSED] - Thread.sleep(1000): null

2020-04-09 09:00:30 - [TEST_STEP][PASSED] - takeScreenshot(screenPath + i + ".png"): Taking screenshot successfully

2020-04-09 09:00:31 - [MESSAGE][PASSED] - Taking screenshot successfully
[[ATTACHMENT|D:\\Test\\AgileTest\\Reports\\AHI\\ahi\\20200409_080112\\../Screenshots/iPhone 6/AHI/Pet Insurance/20200409_085751/8.png]]

2020-04-09 09:00:31 - [TEST_STEP][PASSED] - (internal.GlobalVariable.i++): null

2020-04-09 09:00:31 - [MESSAGE][PASSED] - Call Test Case 'Test Cases/AHI/_include/get_screenshot' successfully

2020-04-09 09:00:31 - [TEST_STEP][PASSED] - selenium.type("id=credit-card-number", "4111111111111111"): null

2020-04-09 09:00:33 - [TEST_STEP][PASSED] - selenium.type("id=credit-card-first", "test"): null

2020-04-09 09:00:33 - [TEST_STEP][PASSED] - selenium.type("id=credit-card-last", "test"): null

2020-04-09 09:00:34 - [TEST_STEP][PASSED] - selenium.select("id=expiration-month", "12"): null

2020-04-09 09:00:35 - [TEST_STEP][PASSED] - selenium.select("id=expiration-year", "2026"): null

2020-04-09 09:00:35 - [TEST_STEP][PASSED] - selenium.type("id=credit-card-cvv", "123"): null

2020-04-09 09:00:36 - [TEST_STEP][PASSED] - selenium.type("id=credit-card-number", "4111111111111111"): null

2020-04-09 09:00:36 - [TEST_STEP][PASSED] - selenium.click("id=js-same-billing"): null

2020-04-09 09:00:36 - [TEST_STEP][PASSED] - selenium.click("id=credit-payment-authorization"): null

2020-04-09 09:00:36 - [TEST_STEP][PASSED] - selenium.click("id=js-app-continue-link"): null

2020-04-09 09:00:37 - [TEST_STEP][PASSED] - for ([second = 0, second < 20, (second++)]): null

2020-04-09 09:00:37 - [TEST_STEP][PASSED] - try: null

2020-04-09 09:00:37 - [TEST_STEP][PASSED] - if (selenium.isElementPresent("id=consent-checkbox-0")): null

2020-04-09 09:00:37 - [TEST_STEP][PASSED] - Thread.sleep(1000): null

2020-04-09 09:00:38 - [TEST_STEP][PASSED] - try: null

2020-04-09 09:00:38 - [TEST_STEP][PASSED] - if (selenium.isElementPresent("id=consent-checkbox-0")): null

2020-04-09 09:00:38 - [TEST_STEP][PASSED] - Thread.sleep(1000): null

2020-04-09 09:00:39 - [TEST_STEP][PASSED] - try: null

2020-04-09 09:00:39 - [TEST_STEP][PASSED] - if (selenium.isElementPresent("id=consent-checkbox-0")): null

2020-04-09 09:00:41 - [TEST_STEP][PASSED] - break: null

2020-04-09 09:00:41 - [TEST_STEP][PASSED] - callTestCase(findTestCase("AHI/_include/get_screenshot"), [:], STOP_ON_FAILURE): Call Test Case 'Test Cases/AHI/_include/get_screenshot' successfully

2020-04-09 09:00:41 - [TEST_CASE][PASSED] - Test Cases/AHI/_include/get_screenshot: Test Cases/AHI/_include/get_screenshot

2020-04-09 09:00:41 - [TEST_STEP][PASSED] - Thread.sleep(1000): null

2020-04-09 09:00:42 - [TEST_STEP][PASSED] - takeScreenshot(screenPath + i + ".png"): Taking screenshot successfully

2020-04-09 09:00:45 - [MESSAGE][PASSED] - Taking screenshot successfully
[[ATTACHMENT|D:\\Test\\AgileTest\\Reports\\AHI\\ahi\\20200409_080112\\../Screenshots/iPhone 6/AHI/Pet Insurance/20200409_085751/9.png]]

2020-04-09 09:00:45 - [TEST_STEP][PASSED] - (internal.GlobalVariable.i++): null

2020-04-09 09:00:45 - [MESSAGE][PASSED] - Call Test Case 'Test Cases/AHI/_include/get_screenshot' successfully

2020-04-09 09:00:45 - [TEST_STEP][PASSED] - selenium.click("id=consent-checkbox-0"): null

2020-04-09 09:00:47 - [TEST_STEP][PASSED] - selenium.click("id=consent-checkbox-1"): null

2020-04-09 09:00:48 - [TEST_STEP][PASSED] - selenium.click("id=consent-checkbox-2"): null

2020-04-09 09:00:49 - [TEST_STEP][PASSED] - selenium.click("id=consent-checkbox-3"): null

2020-04-09 09:00:50 - [TEST_STEP][PASSED] - selenium.click("id=js-signature-tab"): null

2020-04-09 09:00:50 - [TEST_STEP][PASSED] - selenium.click("id=js-app-continue-link"): null

2020-04-09 09:00:53 - [TEST_STEP][PASSED] - for ([second = 0, second < 30, (second++)]): null

2020-04-09 09:00:53 - [TEST_STEP][PASSED] - try: null

2020-04-09 09:00:53 - [TEST_STEP][PASSED] - if (selenium.isElementPresent("xpath=//h2[contains(text(),'Thank You')]")): null

2020-04-09 09:00:53 - [TEST_STEP][PASSED] - Thread.sleep(1000): null

2020-04-09 09:00:54 - [TEST_STEP][PASSED] - try: null

2020-04-09 09:00:54 - [TEST_STEP][PASSED] - if (selenium.isElementPresent("xpath=//h2[contains(text(),'Thank You')]")): null

2020-04-09 09:00:54 - [TEST_STEP][PASSED] - Thread.sleep(1000): null

2020-04-09 09:00:55 - [TEST_STEP][PASSED] - try: null

2020-04-09 09:00:55 - [TEST_STEP][PASSED] - if (selenium.isElementPresent("xpath=//h2[contains(text(),'Thank You')]")): null

2020-04-09 09:00:57 - [TEST_STEP][PASSED] - Thread.sleep(1000): null

2020-04-09 09:00:58 - [TEST_STEP][PASSED] - try: null

2020-04-09 09:00:58 - [TEST_STEP][PASSED] - if (selenium.isElementPresent("xpath=//h2[contains(text(),'Thank You')]")): null

2020-04-09 09:01:01 - [TEST_STEP][PASSED] - Thread.sleep(1000): null

2020-04-09 09:01:02 - [TEST_STEP][PASSED] - try: null

2020-04-09 09:01:02 - [TEST_STEP][PASSED] - if (selenium.isElementPresent("xpath=//h2[contains(text(),'Thank You')]")): null

2020-04-09 09:01:05 - [TEST_STEP][PASSED] - Thread.sleep(1000): null

2020-04-09 09:01:06 - [TEST_STEP][PASSED] - try: null

2020-04-09 09:01:06 - [TEST_STEP][PASSED] - if (selenium.isElementPresent("xpath=//h2[contains(text(),'Thank You')]")): null

2020-04-09 09:01:07 - [TEST_STEP][PASSED] - Thread.sleep(1000): null

2020-04-09 09:01:08 - [TEST_STEP][PASSED] - try: null

2020-04-09 09:01:08 - [TEST_STEP][PASSED] - if (selenium.isElementPresent("xpath=//h2[contains(text(),'Thank You')]")): null

2020-04-09 09:01:08 - [TEST_STEP][PASSED] - Thread.sleep(1000): null

2020-04-09 09:01:09 - [TEST_STEP][PASSED] - try: null

2020-04-09 09:01:09 - [TEST_STEP][PASSED] - if (selenium.isElementPresent("xpath=//h2[contains(text(),'Thank You')]")): null

2020-04-09 09:01:09 - [TEST_STEP][PASSED] - Thread.sleep(1000): null

2020-04-09 09:01:10 - [TEST_STEP][PASSED] - try: null

2020-04-09 09:01:10 - [TEST_STEP][PASSED] - if (selenium.isElementPresent("xpath=//h2[contains(text(),'Thank You')]")): null

2020-04-09 09:01:11 - [TEST_STEP][PASSED] - Thread.sleep(1000): null

2020-04-09 09:01:12 - [TEST_STEP][PASSED] - try: null

2020-04-09 09:01:12 - [TEST_STEP][PASSED] - if (selenium.isElementPresent("xpath=//h2[contains(text(),'Thank You')]")): null

2020-04-09 09:01:12 - [TEST_STEP][PASSED] - Thread.sleep(1000): null

2020-04-09 09:01:13 - [TEST_STEP][PASSED] - try: null

2020-04-09 09:01:13 - [TEST_STEP][PASSED] - if (selenium.isElementPresent("xpath=//h2[contains(text(),'Thank You')]")): null

2020-04-09 09:01:15 - [TEST_STEP][PASSED] - Thread.sleep(1000): null

2020-04-09 09:01:16 - [TEST_STEP][PASSED] - try: null

2020-04-09 09:01:16 - [TEST_STEP][PASSED] - if (selenium.isElementPresent("xpath=//h2[contains(text(),'Thank You')]")): null

2020-04-09 09:01:20 - [TEST_STEP][PASSED] - Thread.sleep(1000): null

2020-04-09 09:01:21 - [TEST_STEP][PASSED] - try: null

2020-04-09 09:01:21 - [TEST_STEP][PASSED] - if (selenium.isElementPresent("xpath=//h2[contains(text(),'Thank You')]")): null

2020-04-09 09:01:24 - [TEST_STEP][PASSED] - Thread.sleep(1000): null

2020-04-09 09:01:25 - [TEST_STEP][PASSED] - try: null

2020-04-09 09:01:25 - [TEST_STEP][PASSED] - if (selenium.isElementPresent("xpath=//h2[contains(text(),'Thank You')]")): null

2020-04-09 09:01:25 - [TEST_STEP][PASSED] - Thread.sleep(1000): null

2020-04-09 09:01:27 - [TEST_STEP][PASSED] - try: null

2020-04-09 09:01:27 - [TEST_STEP][PASSED] - if (selenium.isElementPresent("xpath=//h2[contains(text(),'Thank You')]")): null

2020-04-09 09:01:27 - [TEST_STEP][PASSED] - Thread.sleep(1000): null

2020-04-09 09:01:28 - [TEST_STEP][PASSED] - try: null

2020-04-09 09:01:28 - [TEST_STEP][PASSED] - if (selenium.isElementPresent("xpath=//h2[contains(text(),'Thank You')]")): null

2020-04-09 09:01:29 - [TEST_STEP][PASSED] - Thread.sleep(1000): null

2020-04-09 09:01:31 - [TEST_STEP][PASSED] - try: null

2020-04-09 09:01:31 - [TEST_STEP][PASSED] - if (selenium.isElementPresent("xpath=//h2[contains(text(),'Thank You')]")): null

2020-04-09 09:01:34 - [TEST_STEP][PASSED] - Thread.sleep(1000): null

2020-04-09 09:01:35 - [TEST_STEP][PASSED] - try: null

2020-04-09 09:01:35 - [TEST_STEP][PASSED] - if (selenium.isElementPresent("xpath=//h2[contains(text(),'Thank You')]")): null

2020-04-09 09:01:37 - [TEST_STEP][PASSED] - Thread.sleep(1000): null

2020-04-09 09:01:38 - [TEST_STEP][PASSED] - try: null

2020-04-09 09:01:38 - [TEST_STEP][PASSED] - if (selenium.isElementPresent("xpath=//h2[contains(text(),'Thank You')]")): null

2020-04-09 09:01:38 - [TEST_STEP][PASSED] - Thread.sleep(1000): null

2020-04-09 09:01:40 - [TEST_STEP][PASSED] - try: null

2020-04-09 09:01:40 - [TEST_STEP][PASSED] - if (selenium.isElementPresent("xpath=//h2[contains(text(),'Thank You')]")): null

2020-04-09 09:01:42 - [TEST_STEP][PASSED] - Thread.sleep(1000): null

2020-04-09 09:01:43 - [TEST_STEP][PASSED] - try: null

2020-04-09 09:01:43 - [TEST_STEP][PASSED] - if (selenium.isElementPresent("xpath=//h2[contains(text(),'Thank You')]")): null

2020-04-09 09:01:43 - [TEST_STEP][PASSED] - Thread.sleep(1000): null

2020-04-09 09:01:44 - [TEST_STEP][PASSED] - try: null

2020-04-09 09:01:44 - [TEST_STEP][PASSED] - if (selenium.isElementPresent("xpath=//h2[contains(text(),'Thank You')]")): null

2020-04-09 09:01:45 - [TEST_STEP][PASSED] - Thread.sleep(1000): null

2020-04-09 09:01:46 - [TEST_STEP][PASSED] - try: null

2020-04-09 09:01:46 - [TEST_STEP][PASSED] - if (selenium.isElementPresent("xpath=//h2[contains(text(),'Thank You')]")): null

2020-04-09 09:01:47 - [TEST_STEP][PASSED] - Thread.sleep(1000): null

2020-04-09 09:01:48 - [TEST_STEP][PASSED] - try: null

2020-04-09 09:01:48 - [TEST_STEP][PASSED] - if (selenium.isElementPresent("xpath=//h2[contains(text(),'Thank You')]")): null

2020-04-09 09:01:48 - [TEST_STEP][PASSED] - Thread.sleep(1000): null

2020-04-09 09:01:50 - [TEST_STEP][PASSED] - try: null

2020-04-09 09:01:50 - [TEST_STEP][PASSED] - if (selenium.isElementPresent("xpath=//h2[contains(text(),'Thank You')]")): null

2020-04-09 09:01:50 - [TEST_STEP][PASSED] - Thread.sleep(1000): null

2020-04-09 09:01:51 - [TEST_STEP][PASSED] - try: null

2020-04-09 09:01:51 - [TEST_STEP][PASSED] - if (selenium.isElementPresent("xpath=//h2[contains(text(),'Thank You')]")): null

2020-04-09 09:01:51 - [TEST_STEP][PASSED] - Thread.sleep(1000): null

2020-04-09 09:01:52 - [TEST_STEP][PASSED] - try: null

2020-04-09 09:01:52 - [TEST_STEP][PASSED] - if (selenium.isElementPresent("xpath=//h2[contains(text(),'Thank You')]")): null

2020-04-09 09:01:52 - [TEST_STEP][PASSED] - Thread.sleep(1000): null

2020-04-09 09:01:53 - [TEST_STEP][PASSED] - try: null

2020-04-09 09:01:53 - [TEST_STEP][PASSED] - if (selenium.isElementPresent("xpath=//h2[contains(text(),'Thank You')]")): null

2020-04-09 09:01:54 - [TEST_STEP][PASSED] - Thread.sleep(1000): null

2020-04-09 09:01:55 - [TEST_STEP][PASSED] - try: null

2020-04-09 09:01:55 - [TEST_STEP][PASSED] - if (selenium.isElementPresent("xpath=//h2[contains(text(),'Thank You')]")): null

2020-04-09 09:01:55 - [TEST_STEP][PASSED] - Thread.sleep(1000): null

2020-04-09 09:01:56 - [TEST_STEP][PASSED] - try: null

2020-04-09 09:01:56 - [TEST_STEP][PASSED] - if (selenium.isElementPresent("xpath=//h2[contains(text(),'Thank You')]")): null

2020-04-09 09:01:57 - [TEST_STEP][PASSED] - Thread.sleep(1000): null

2020-04-09 09:01:58 - [TEST_STEP][PASSED] - callTestCase(findTestCase("AHI/_include/get_screenshot"), [:], STOP_ON_FAILURE): Call Test Case 'Test Cases/AHI/_include/get_screenshot' successfully

2020-04-09 09:01:58 - [TEST_CASE][PASSED] - Test Cases/AHI/_include/get_screenshot: Test Cases/AHI/_include/get_screenshot

2020-04-09 09:01:58 - [TEST_STEP][PASSED] - Thread.sleep(1000): null

2020-04-09 09:01:59 - [TEST_STEP][PASSED] - takeScreenshot(screenPath + i + ".png"): Taking screenshot successfully

2020-04-09 09:02:00 - [MESSAGE][PASSED] - Taking screenshot successfully
[[ATTACHMENT|D:\\Test\\AgileTest\\Reports\\AHI\\ahi\\20200409_080112\\../Screenshots/iPhone 6/AHI/Pet Insurance/20200409_085751/10.png]]

2020-04-09 09:02:00 - [TEST_STEP][PASSED] - (internal.GlobalVariable.i++): null

2020-04-09 09:02:00 - [MESSAGE][PASSED] - Call Test Case 'Test Cases/AHI/_include/get_screenshot' successfully]]></system-out>
         <system-err><![CDATA[]]></system-err>
      </testcase>
      <testcase name="Test Cases/AHI/NEW/STM" classname="Test Cases/AHI/NEW/STM" status="PASSED">
         <system-out><![CDATA[2020-04-09 09:02:00 - [TEST_CASE][PASSED] - Test Cases/AHI/NEW/STM: Test Cases/AHI/NEW/STM

2020-04-09 09:02:00 - [TEST_STEP][PASSED] - callTestCase(findTestCase("AHI/_include/get_screenPath"), ["productLine":"AHI", "carrierName":"STM"], CONTINUE_ON_FAILURE): Call Test Case 'Test Cases/AHI/_include/get_screenPath' successfully

2020-04-09 09:02:01 - [TEST_CASE][PASSED] - Test Cases/AHI/_include/get_screenPath: Test Cases/AHI/_include/get_screenPath

2020-04-09 09:02:01 - [TEST_STEP][PASSED] - m = getExecutionProperties(): null

2020-04-09 09:02:01 - [TEST_STEP][PASSED] - deviceName = get("mobileEmulation").get("deviceName"): null

2020-04-09 09:02:01 - [TEST_STEP][PASSED] - println(deviceName): null

2020-04-09 09:02:01 - [TEST_STEP][PASSED] - now = new java.util.Date(): null

2020-04-09 09:02:01 - [TEST_STEP][PASSED] - mydate = now.format("yyyyMMdd_HHmmss"): null

2020-04-09 09:02:01 - [TEST_STEP][PASSED] - screenPath = "../Screenshots/": null

2020-04-09 09:02:01 - [TEST_STEP][PASSED] - screenPath = screenPath + deviceName + "/" + productLine + "/" + carrierName + "/" + mydate + "/": null

2020-04-09 09:02:01 - [TEST_STEP][PASSED] - println(screenPath): null

2020-04-09 09:02:01 - [MESSAGE][PASSED] - Call Test Case 'Test Cases/AHI/_include/get_screenPath' successfully

2020-04-09 09:02:01 - [TEST_STEP][PASSED] - i = 0: null

2020-04-09 09:02:01 - [TEST_STEP][PASSED] - callTestCase(findTestCase("AHI/_include/openWebSite"), [:], CONTINUE_ON_FAILURE): Call Test Case 'Test Cases/AHI/_include/openWebSite' successfully

2020-04-09 09:02:01 - [TEST_CASE][PASSED] - Test Cases/AHI/_include/openWebSite: Test Cases/AHI/_include/openWebSite

2020-04-09 09:02:01 - [TEST_STEP][PASSED] - openBrowser(env): Browser is opened with url: 'https://praetemptatus.agilehealthinsurance.com'

2020-04-09 09:02:01 - [MESSAGE][WARNING] - A browser is already opened. Closing browser and opening a new one

2020-04-09 09:02:02 - [MESSAGE][INFO] - Starting 'Chrome' driver

2020-04-09 09:02:02 - [MESSAGE][INFO] - User set preference: ['mobileEmulation', '{deviceName=iPhone 6}']

2020-04-09 09:02:02 - [MESSAGE][INFO] - User set preference: ['args', '[--incognito, --aggressive-cache-discard, --window-size=375,677, --no-sandbox, --ignore-certificate-errors]']

2020-04-09 09:02:16 - [MESSAGE][PASSED] - Browser is opened with url: 'https://praetemptatus.agilehealthinsurance.com'

2020-04-09 09:02:16 - [TEST_STEP][PASSED] - waitForPageLoad(20): Wait for page load successfully

2020-04-09 09:02:28 - [MESSAGE][PASSED] - Wait for page load successfully

2020-04-09 09:02:28 - [TEST_STEP][PASSED] - callTestCase(findTestCase("AHI/_include/get_screenshot"), [:], STOP_ON_FAILURE): Call Test Case 'Test Cases/AHI/_include/get_screenshot' successfully

2020-04-09 09:02:29 - [TEST_CASE][PASSED] - Test Cases/AHI/_include/get_screenshot: Test Cases/AHI/_include/get_screenshot

2020-04-09 09:02:29 - [TEST_STEP][PASSED] - Thread.sleep(1000): null

2020-04-09 09:02:30 - [TEST_STEP][PASSED] - takeScreenshot(screenPath + i + ".png"): Taking screenshot successfully

2020-04-09 09:02:31 - [MESSAGE][PASSED] - Taking screenshot successfully
[[ATTACHMENT|D:\\Test\\AgileTest\\Reports\\AHI\\ahi\\20200409_080112\\../Screenshots/iPhone 6/AHI/STM/20200409_090201/0.png]]

2020-04-09 09:02:31 - [TEST_STEP][PASSED] - (internal.GlobalVariable.i++): null

2020-04-09 09:02:31 - [MESSAGE][PASSED] - Call Test Case 'Test Cases/AHI/_include/get_screenshot' successfully

2020-04-09 09:02:31 - [MESSAGE][PASSED] - Call Test Case 'Test Cases/AHI/_include/openWebSite' successfully

2020-04-09 09:02:31 - [TEST_STEP][PASSED] - driver = getWebDriver(): null

2020-04-09 09:02:31 - [TEST_STEP][PASSED] - baseUrl = ENV: null

2020-04-09 09:02:31 - [TEST_STEP][PASSED] - selenium = new com.thoughtworks.selenium.webdriven.WebDriverBackedSelenium(driver, baseUrl): null

2020-04-09 09:02:31 - [TEST_STEP][PASSED] - selenium.click("//*[@class='filter-option-inner-inner']"): null

2020-04-09 09:02:32 - [TEST_STEP][PASSED] - selenium.click("id=bs-select-1-6"): null

2020-04-09 09:02:32 - [TEST_STEP][PASSED] - selenium.click("id=primaryCTA"): null

2020-04-09 09:02:43 - [TEST_STEP][PASSED] - for ([second = 0, second < 10, (second++)]): null

2020-04-09 09:02:43 - [TEST_STEP][PASSED] - try: null

2020-04-09 09:02:43 - [TEST_STEP][PASSED] - if (selenium.isElementPresent("id=js-traffic-to-aiq")): null

2020-04-09 09:02:44 - [TEST_STEP][PASSED] - break: null

2020-04-09 09:02:44 - [TEST_STEP][PASSED] - callTestCase(findTestCase("AHI/_include/get_screenshot"), [:], STOP_ON_FAILURE): Call Test Case 'Test Cases/AHI/_include/get_screenshot' successfully

2020-04-09 09:02:44 - [TEST_CASE][PASSED] - Test Cases/AHI/_include/get_screenshot: Test Cases/AHI/_include/get_screenshot

2020-04-09 09:02:44 - [TEST_STEP][PASSED] - Thread.sleep(1000): null

2020-04-09 09:02:45 - [TEST_STEP][PASSED] - takeScreenshot(screenPath + i + ".png"): Taking screenshot successfully

2020-04-09 09:02:47 - [MESSAGE][PASSED] - Taking screenshot successfully
[[ATTACHMENT|D:\\Test\\AgileTest\\Reports\\AHI\\ahi\\20200409_080112\\../Screenshots/iPhone 6/AHI/STM/20200409_090201/1.png]]

2020-04-09 09:02:47 - [TEST_STEP][PASSED] - (internal.GlobalVariable.i++): null

2020-04-09 09:02:47 - [MESSAGE][PASSED] - Call Test Case 'Test Cases/AHI/_include/get_screenshot' successfully

2020-04-09 09:02:47 - [TEST_STEP][PASSED] - url = selenium.getAttribute("xpath=(//a[@id='js-traffic-to-aiq'])@href"): null

2020-04-09 09:02:47 - [TEST_STEP][PASSED] - navigateToUrl(url): Navigate to 'https://healthinsurance.net/health?utm_source=hiiq&utm_medium=cpm&utm_campaign=agile' successfully

2020-04-09 09:03:05 - [MESSAGE][PASSED] - Navigate to 'https://healthinsurance.net/health?utm_source=hiiq&utm_medium=cpm&utm_campaign=agile' successfully

2020-04-09 09:03:05 - [TEST_STEP][PASSED] - waitForPageLoad(10): Wait for page load successfully

2020-04-09 09:03:06 - [MESSAGE][PASSED] - Wait for page load successfully

2020-04-09 09:03:06 - [TEST_STEP][PASSED] - callTestCase(findTestCase("AHI/_include/get_screenshot"), [:], STOP_ON_FAILURE): Call Test Case 'Test Cases/AHI/_include/get_screenshot' successfully

2020-04-09 09:03:06 - [TEST_CASE][PASSED] - Test Cases/AHI/_include/get_screenshot: Test Cases/AHI/_include/get_screenshot

2020-04-09 09:03:06 - [TEST_STEP][PASSED] - Thread.sleep(1000): null

2020-04-09 09:03:07 - [TEST_STEP][PASSED] - takeScreenshot(screenPath + i + ".png"): Taking screenshot successfully

2020-04-09 09:03:20 - [MESSAGE][PASSED] - Taking screenshot successfully
[[ATTACHMENT|D:\\Test\\AgileTest\\Reports\\AHI\\ahi\\20200409_080112\\../Screenshots/iPhone 6/AHI/STM/20200409_090201/2.png]]

2020-04-09 09:03:20 - [TEST_STEP][PASSED] - (internal.GlobalVariable.i++): null

2020-04-09 09:03:20 - [MESSAGE][PASSED] - Call Test Case 'Test Cases/AHI/_include/get_screenshot' successfully]]></system-out>
         <system-err><![CDATA[]]></system-err>
      </testcase>
      <testcase name="Test Cases/AHI/NEW/Teladoc" classname="Test Cases/AHI/NEW/Teladoc" status="PASSED">
         <system-out><![CDATA[2020-04-09 09:03:20 - [TEST_CASE][PASSED] - Test Cases/AHI/NEW/Teladoc: Test Cases/AHI/NEW/Teladoc

2020-04-09 09:03:23 - [TEST_STEP][PASSED] - callTestCase(findTestCase("AHI/_include/get_screenPath"), ["productLine":"AHI", "carrierName":"Teladoc"], CONTINUE_ON_FAILURE): Call Test Case 'Test Cases/AHI/_include/get_screenPath' successfully

2020-04-09 09:03:23 - [TEST_CASE][PASSED] - Test Cases/AHI/_include/get_screenPath: Test Cases/AHI/_include/get_screenPath

2020-04-09 09:03:23 - [TEST_STEP][PASSED] - m = getExecutionProperties(): null

2020-04-09 09:03:23 - [TEST_STEP][PASSED] - deviceName = get("mobileEmulation").get("deviceName"): null

2020-04-09 09:03:23 - [TEST_STEP][PASSED] - println(deviceName): null

2020-04-09 09:03:23 - [TEST_STEP][PASSED] - now = new java.util.Date(): null

2020-04-09 09:03:23 - [TEST_STEP][PASSED] - mydate = now.format("yyyyMMdd_HHmmss"): null

2020-04-09 09:03:23 - [TEST_STEP][PASSED] - screenPath = "../Screenshots/": null

2020-04-09 09:03:23 - [TEST_STEP][PASSED] - screenPath = screenPath + deviceName + "/" + productLine + "/" + carrierName + "/" + mydate + "/": null

2020-04-09 09:03:23 - [TEST_STEP][PASSED] - println(screenPath): null

2020-04-09 09:03:23 - [MESSAGE][PASSED] - Call Test Case 'Test Cases/AHI/_include/get_screenPath' successfully

2020-04-09 09:03:23 - [TEST_STEP][PASSED] - i = 0: null

2020-04-09 09:03:23 - [TEST_STEP][PASSED] - callTestCase(findTestCase("AHI/_include/openWebSite"), [:], STOP_ON_FAILURE): Call Test Case 'Test Cases/AHI/_include/openWebSite' successfully

2020-04-09 09:03:24 - [TEST_CASE][PASSED] - Test Cases/AHI/_include/openWebSite: Test Cases/AHI/_include/openWebSite

2020-04-09 09:03:24 - [TEST_STEP][PASSED] - openBrowser(env): Browser is opened with url: 'https://praetemptatus.agilehealthinsurance.com'

2020-04-09 09:03:24 - [MESSAGE][WARNING] - A browser is already opened. Closing browser and opening a new one

2020-04-09 09:03:32 - [MESSAGE][INFO] - Starting 'Chrome' driver

2020-04-09 09:03:32 - [MESSAGE][INFO] - User set preference: ['mobileEmulation', '{deviceName=iPhone 6}']

2020-04-09 09:03:32 - [MESSAGE][INFO] - User set preference: ['args', '[--incognito, --aggressive-cache-discard, --window-size=375,677, --no-sandbox, --ignore-certificate-errors]']

2020-04-09 09:04:08 - [MESSAGE][PASSED] - Browser is opened with url: 'https://praetemptatus.agilehealthinsurance.com'

2020-04-09 09:04:08 - [TEST_STEP][PASSED] - waitForPageLoad(20): Wait for page load successfully

2020-04-09 09:04:13 - [MESSAGE][PASSED] - Wait for page load successfully

2020-04-09 09:04:13 - [TEST_STEP][PASSED] - callTestCase(findTestCase("AHI/_include/get_screenshot"), [:], STOP_ON_FAILURE): Call Test Case 'Test Cases/AHI/_include/get_screenshot' successfully

2020-04-09 09:04:13 - [TEST_CASE][PASSED] - Test Cases/AHI/_include/get_screenshot: Test Cases/AHI/_include/get_screenshot

2020-04-09 09:04:13 - [TEST_STEP][PASSED] - Thread.sleep(1000): null

2020-04-09 09:04:15 - [TEST_STEP][PASSED] - takeScreenshot(screenPath + i + ".png"): Taking screenshot successfully

2020-04-09 09:04:19 - [MESSAGE][PASSED] - Taking screenshot successfully
[[ATTACHMENT|D:\\Test\\AgileTest\\Reports\\AHI\\ahi\\20200409_080112\\../Screenshots/iPhone 6/AHI/Teladoc/20200409_090323/0.png]]

2020-04-09 09:04:19 - [TEST_STEP][PASSED] - (internal.GlobalVariable.i++): null

2020-04-09 09:04:19 - [MESSAGE][PASSED] - Call Test Case 'Test Cases/AHI/_include/get_screenshot' successfully

2020-04-09 09:04:19 - [MESSAGE][PASSED] - Call Test Case 'Test Cases/AHI/_include/openWebSite' successfully

2020-04-09 09:04:19 - [TEST_STEP][PASSED] - driver = getWebDriver(): null

2020-04-09 09:04:19 - [TEST_STEP][PASSED] - baseUrl = ENV: null

2020-04-09 09:04:19 - [TEST_STEP][PASSED] - selenium = new com.thoughtworks.selenium.webdriven.WebDriverBackedSelenium(driver, baseUrl): null

2020-04-09 09:04:20 - [TEST_STEP][PASSED] - selenium.click("//*[@class='filter-option-inner-inner']"): null

2020-04-09 09:04:21 - [TEST_STEP][PASSED] - selenium.click("id=bs-select-1-7"): null

2020-04-09 09:04:22 - [TEST_STEP][PASSED] - selenium.click("id=primaryCTA"): null

2020-04-09 09:04:25 - [TEST_STEP][PASSED] - waitForElementVisible(findTestObject("mobileSanity/Teladoc/front_door_h1"), 20): Object 'Object Repository/mobileSanity/Teladoc/front_door_h1' is visible

2020-04-09 09:04:32 - [MESSAGE][PASSED] - Object 'Object Repository/mobileSanity/Teladoc/front_door_h1' is visible

2020-04-09 09:04:32 - [TEST_STEP][PASSED] - callTestCase(findTestCase("AHI/_include/get_screenshot"), [:], STOP_ON_FAILURE): Call Test Case 'Test Cases/AHI/_include/get_screenshot' successfully

2020-04-09 09:04:32 - [TEST_CASE][PASSED] - Test Cases/AHI/_include/get_screenshot: Test Cases/AHI/_include/get_screenshot

2020-04-09 09:04:32 - [TEST_STEP][PASSED] - Thread.sleep(1000): null

2020-04-09 09:04:33 - [TEST_STEP][PASSED] - takeScreenshot(screenPath + i + ".png"): Taking screenshot successfully

2020-04-09 09:04:34 - [MESSAGE][PASSED] - Taking screenshot successfully
[[ATTACHMENT|D:\\Test\\AgileTest\\Reports\\AHI\\ahi\\20200409_080112\\../Screenshots/iPhone 6/AHI/Teladoc/20200409_090323/1.png]]

2020-04-09 09:04:34 - [TEST_STEP][PASSED] - (internal.GlobalVariable.i++): null

2020-04-09 09:04:34 - [MESSAGE][PASSED] - Call Test Case 'Test Cases/AHI/_include/get_screenshot' successfully

2020-04-09 09:04:34 - [TEST_STEP][PASSED] - waitForElementVisible(findTestObject("mobileSanity/Teladoc/census/input_Location_zip-input"), 20): Object 'Object Repository/mobileSanity/Teladoc/census/input_Location_zip-input' is visible

2020-04-09 09:04:35 - [MESSAGE][PASSED] - Object 'Object Repository/mobileSanity/Teladoc/census/input_Location_zip-input' is visible

2020-04-09 09:04:35 - [TEST_STEP][PASSED] - sendKeys(findTestObject("mobileSanity/Teladoc/census/input_Location_zip-input"), "35215"): Keys '35215' sent to object: 'Object Repository/mobileSanity/Teladoc/census/input_Location_zip-input'

2020-04-09 09:04:37 - [MESSAGE][PASSED] - Keys '35215' sent to object: 'Object Repository/mobileSanity/Teladoc/census/input_Location_zip-input'

2020-04-09 09:04:37 - [TEST_STEP][PASSED] - Thread.sleep(500): null

2020-04-09 09:04:38 - [TEST_STEP][PASSED] - setText(findTestObject("mobileSanity/Teladoc/census/input_Date of Birth_dob-0"), "12121980"): Text '12121980' is set on object 'Object Repository/mobileSanity/Teladoc/census/input_Date of Birth_dob-0'

2020-04-09 09:04:38 - [MESSAGE][PASSED] - Text '12121980' is set on object 'Object Repository/mobileSanity/Teladoc/census/input_Date of Birth_dob-0'

2020-04-09 09:04:38 - [TEST_STEP][PASSED] - click(findTestObject("mobileSanity/Teladoc/census/label_Male")): Object: 'Object Repository/mobileSanity/Teladoc/census/label_Male' is clicked on

2020-04-09 09:04:38 - [MESSAGE][PASSED] - Object: 'Object Repository/mobileSanity/Teladoc/census/label_Male' is clicked on

2020-04-09 09:04:38 - [TEST_STEP][PASSED] - Thread.sleep(3000): null

2020-04-09 09:04:41 - [TEST_STEP][PASSED] - click(findTestObject("mobileSanity/Teladoc/census/get_a_quote")): Object: 'Object Repository/mobileSanity/Teladoc/census/get_a_quote' is clicked on

2020-04-09 09:04:48 - [MESSAGE][PASSED] - Object: 'Object Repository/mobileSanity/Teladoc/census/get_a_quote' is clicked on

2020-04-09 09:04:48 - [TEST_STEP][PASSED] - waitForElementVisible(findTestObject("mobileSanity/Teladoc/apply_button"), 20): Object 'Object Repository/mobileSanity/Teladoc/apply_button' is visible

2020-04-09 09:04:51 - [MESSAGE][PASSED] - Object 'Object Repository/mobileSanity/Teladoc/apply_button' is visible

2020-04-09 09:04:51 - [TEST_STEP][PASSED] - callTestCase(findTestCase("AHI/_include/get_screenshot"), [:], STOP_ON_FAILURE): Call Test Case 'Test Cases/AHI/_include/get_screenshot' successfully

2020-04-09 09:04:52 - [TEST_CASE][PASSED] - Test Cases/AHI/_include/get_screenshot: Test Cases/AHI/_include/get_screenshot

2020-04-09 09:04:52 - [TEST_STEP][PASSED] - Thread.sleep(1000): null

2020-04-09 09:04:53 - [TEST_STEP][PASSED] - takeScreenshot(screenPath + i + ".png"): Taking screenshot successfully

2020-04-09 09:04:55 - [MESSAGE][PASSED] - Taking screenshot successfully
[[ATTACHMENT|D:\\Test\\AgileTest\\Reports\\AHI\\ahi\\20200409_080112\\../Screenshots/iPhone 6/AHI/Teladoc/20200409_090323/2.png]]

2020-04-09 09:04:55 - [TEST_STEP][PASSED] - (internal.GlobalVariable.i++): null

2020-04-09 09:04:55 - [MESSAGE][PASSED] - Call Test Case 'Test Cases/AHI/_include/get_screenshot' successfully

2020-04-09 09:04:55 - [TEST_STEP][PASSED] - click(findTestObject("mobileSanity/Teladoc/apply_button")): Object: 'Object Repository/mobileSanity/Teladoc/apply_button' is clicked on

2020-04-09 09:05:10 - [MESSAGE][PASSED] - Object: 'Object Repository/mobileSanity/Teladoc/apply_button' is clicked on

2020-04-09 09:05:10 - [TEST_STEP][PASSED] - waitForPageLoad(20): Wait for page load successfully

2020-04-09 09:05:11 - [MESSAGE][PASSED] - Wait for page load successfully

2020-04-09 09:05:11 - [TEST_STEP][PASSED] - waitForElementPresent(findTestObject("mobileSanity/Teladoc/Page_App Page 1/input__member-P-1-firstName"), 20): Object 'Object Repository/mobileSanity/Teladoc/Page_App Page 1/input__member-P-1-firstName' is present

2020-04-09 09:05:13 - [MESSAGE][PASSED] - Object 'Object Repository/mobileSanity/Teladoc/Page_App Page 1/input__member-P-1-firstName' is present

2020-04-09 09:05:13 - [TEST_STEP][PASSED] - callTestCase(findTestCase("AHI/_include/get_screenshot"), [:], STOP_ON_FAILURE): Call Test Case 'Test Cases/AHI/_include/get_screenshot' successfully

2020-04-09 09:05:13 - [TEST_CASE][PASSED] - Test Cases/AHI/_include/get_screenshot: Test Cases/AHI/_include/get_screenshot

2020-04-09 09:05:13 - [TEST_STEP][PASSED] - Thread.sleep(1000): null

2020-04-09 09:05:15 - [TEST_STEP][PASSED] - takeScreenshot(screenPath + i + ".png"): Taking screenshot successfully

2020-04-09 09:05:17 - [MESSAGE][PASSED] - Taking screenshot successfully
[[ATTACHMENT|D:\\Test\\AgileTest\\Reports\\AHI\\ahi\\20200409_080112\\../Screenshots/iPhone 6/AHI/Teladoc/20200409_090323/3.png]]

2020-04-09 09:05:17 - [TEST_STEP][PASSED] - (internal.GlobalVariable.i++): null

2020-04-09 09:05:17 - [MESSAGE][PASSED] - Call Test Case 'Test Cases/AHI/_include/get_screenshot' successfully

2020-04-09 09:05:17 - [TEST_STEP][PASSED] - callTestCase(findTestCase("AHI/_include/name"), [:], STOP_ON_FAILURE): Call Test Case 'Test Cases/AHI/_include/name' successfully

2020-04-09 09:05:17 - [TEST_CASE][PASSED] - Test Cases/AHI/_include/name: Test Cases/AHI/_include/name

2020-04-09 09:05:17 - [TEST_STEP][PASSED] - driver = getWebDriver(): null

2020-04-09 09:05:17 - [TEST_STEP][PASSED] - selenium = new com.thoughtworks.selenium.webdriven.WebDriverBackedSelenium(driver, internal.GlobalVariable.ENV): null

2020-04-09 09:05:17 - [TEST_STEP][PASSED] - FirstName = "Test-123": null

2020-04-09 09:05:17 - [TEST_STEP][PASSED] - LastName = selenium.getEval("{var x="ABCDEFGHIJKLMNOPQRSTUVWXYZabcdefghijklmnopqrstuvwxyz"; var tmp="ZZ11-"; for (i=0;i<8;i++) tmp+=x.charAt(Math.ceil(51*Math.random()));tmp;}"): null

2020-04-09 09:05:18 - [TEST_STEP][PASSED] - Address = selenium.getEval("{var x="ABCDEFGHIJKLMNOPQRSTUVWXYZabcdefghijklmnopqrstuvwxyz"; var tmp=""; for (i=0;i<8;i++) tmp+=x.charAt(Math.ceil(51*Math.random()));tmp;}"): null

2020-04-09 09:05:18 - [TEST_STEP][PASSED] - City = selenium.getEval("{var x="ABCDEFGHIJKLMNOPQRSTUVWXYZabcdefghijklmnopqrstuvwxyz"; var tmp=""; for (i=0;i<8;i++) tmp+=x.charAt(Math.ceil(51*Math.random()));tmp;}"): null

2020-04-09 09:05:18 - [TEST_STEP][PASSED] - tel1 = selenium.getEval("{var x="123456789"; var tmp=""; for (i=0;i<3;i++) tmp+=x.charAt(Math.ceil(8*Math.random()));tmp;}"): null

2020-04-09 09:05:18 - [TEST_STEP][PASSED] - tel2 = selenium.getEval("{var x="123456789"; var tmp=""; for (i=0;i<3;i++) tmp+=x.charAt(Math.ceil(8*Math.random()));tmp;}"): null

2020-04-09 09:05:18 - [TEST_STEP][PASSED] - tel3 = selenium.getEval("{var x="123456789"; var tmp=""; for (i=0;i<4;i++) tmp+=x.charAt(Math.ceil(8*Math.random()));tmp;}"): null

2020-04-09 09:05:18 - [TEST_STEP][PASSED] - Tel = selenium.getExpression(tel1 + "-" + tel2 + "-" + tel3): null

2020-04-09 09:05:18 - [TEST_STEP][PASSED] - AutoEmail = selenium.getEval("{var x="ABCDEFGHIJKLMNOPQRSTUVWXYZabcdefghijklmnopqrstuvwxyz"; var tmp="test."; for (i=0;i<8;i++) tmp+=x.charAt(Math.ceil(51*Math.random()));tmp+="@suryani.cn";}"): null

2020-04-09 09:05:18 - [TEST_STEP][PASSED] - FirstName = FirstName: null

2020-04-09 09:05:18 - [TEST_STEP][PASSED] - LastName = LastName: null

2020-04-09 09:05:18 - [TEST_STEP][PASSED] - Address = Address: null

2020-04-09 09:05:18 - [TEST_STEP][PASSED] - City = City: null

2020-04-09 09:05:18 - [TEST_STEP][PASSED] - Tel = Tel: null

2020-04-09 09:05:18 - [TEST_STEP][PASSED] - AutoEmail = AutoEmail: null

2020-04-09 09:05:18 - [TEST_STEP][PASSED] - println(FirstName): null

2020-04-09 09:05:18 - [TEST_STEP][PASSED] - println(LastName): null

2020-04-09 09:05:18 - [TEST_STEP][PASSED] - println(Address): null

2020-04-09 09:05:18 - [TEST_STEP][PASSED] - println(City): null

2020-04-09 09:05:18 - [TEST_STEP][PASSED] - println(Tel): null

2020-04-09 09:05:18 - [TEST_STEP][PASSED] - println(AutoEmail): null

2020-04-09 09:05:18 - [MESSAGE][PASSED] - Call Test Case 'Test Cases/AHI/_include/name' successfully

2020-04-09 09:05:18 - [TEST_STEP][PASSED] - setText(findTestObject("mobileSanity/Teladoc/Page_App Page 1/input__member-P-1-firstName"), FirstName): Text 'Test-123' is set on object 'Object Repository/mobileSanity/Teladoc/Page_App Page 1/input__member-P-1-firstName'

2020-04-09 09:05:19 - [MESSAGE][PASSED] - Text 'Test-123' is set on object 'Object Repository/mobileSanity/Teladoc/Page_App Page 1/input__member-P-1-firstName'

2020-04-09 09:05:19 - [TEST_STEP][PASSED] - setText(findTestObject("mobileSanity/Teladoc/Page_App Page 1/input__member-P-1-lastName"), LastName): Text 'ZZ11-RJGHCibR' is set on object 'Object Repository/mobileSanity/Teladoc/Page_App Page 1/input__member-P-1-lastName'

2020-04-09 09:05:20 - [MESSAGE][PASSED] - Text 'ZZ11-RJGHCibR' is set on object 'Object Repository/mobileSanity/Teladoc/Page_App Page 1/input__member-P-1-lastName'

2020-04-09 09:05:20 - [TEST_STEP][PASSED] - selectOptionByValue(findTestObject("mobileSanity/Teladoc/Page_App Page 1/select_01020304050607"), "05", true): All options with value '05' are selected in object 'Object Repository/mobileSanity/Teladoc/Page_App Page 1/select_01020304050607'  using regular expression

2020-04-09 09:05:20 - [MESSAGE][PASSED] - All options with value '05' are selected in object 'Object Repository/mobileSanity/Teladoc/Page_App Page 1/select_01020304050607'  using regular expression

2020-04-09 09:05:20 - [TEST_STEP][PASSED] - selectOptionByValue(findTestObject("mobileSanity/Teladoc/Page_App Page 1/select_00102030405060708091011"), "06", true): All options with value '06' are selected in object 'Object Repository/mobileSanity/Teladoc/Page_App Page 1/select_00102030405060708091011'  using regular expression

2020-04-09 09:05:26 - [MESSAGE][PASSED] - All options with value '06' are selected in object 'Object Repository/mobileSanity/Teladoc/Page_App Page 1/select_00102030405060708091011'  using regular expression

2020-04-09 09:05:26 - [TEST_STEP][PASSED] - setText(findTestObject("mobileSanity/Teladoc/Page_App Page 1/input_lbs"), "180"): Text '180' is set on object 'Object Repository/mobileSanity/Teladoc/Page_App Page 1/input_lbs'

2020-04-09 09:05:30 - [MESSAGE][PASSED] - Text '180' is set on object 'Object Repository/mobileSanity/Teladoc/Page_App Page 1/input_lbs'

2020-04-09 09:05:30 - [TEST_STEP][PASSED] - setText(findTestObject("mobileSanity/Teladoc/Page_App Page 1/input__address"), Address): Text 'ylEQKEFq' is set on object 'Object Repository/mobileSanity/Teladoc/Page_App Page 1/input__address'

2020-04-09 09:05:32 - [MESSAGE][PASSED] - Text 'ylEQKEFq' is set on object 'Object Repository/mobileSanity/Teladoc/Page_App Page 1/input__address'

2020-04-09 09:05:32 - [TEST_STEP][PASSED] - setText(findTestObject("mobileSanity/Teladoc/Page_App Page 1/input__city"), City): Text 'LGECsISc' is set on object 'Object Repository/mobileSanity/Teladoc/Page_App Page 1/input__city'

2020-04-09 09:05:33 - [MESSAGE][PASSED] - Text 'LGECsISc' is set on object 'Object Repository/mobileSanity/Teladoc/Page_App Page 1/input__city'

2020-04-09 09:05:33 - [TEST_STEP][PASSED] - setText(findTestObject("mobileSanity/Teladoc/Page_App Page 1/input__email"), AutoEmail): Text 'test.nCDcQwHJ@suryani.cn' is set on object 'Object Repository/mobileSanity/Teladoc/Page_App Page 1/input__email'

2020-04-09 09:05:34 - [MESSAGE][PASSED] - Text 'test.nCDcQwHJ@suryani.cn' is set on object 'Object Repository/mobileSanity/Teladoc/Page_App Page 1/input__email'

2020-04-09 09:05:34 - [TEST_STEP][PASSED] - setText(findTestObject("mobileSanity/Teladoc/Page_App Page 1/input_phone number"), Tel): Text '558-775-9757' is set on object 'Object Repository/mobileSanity/Teladoc/Page_App Page 1/input_phone number'

2020-04-09 09:05:35 - [MESSAGE][PASSED] - Text '558-775-9757' is set on object 'Object Repository/mobileSanity/Teladoc/Page_App Page 1/input_phone number'

2020-04-09 09:05:35 - [TEST_STEP][PASSED] - Thread.sleep(5000): null

2020-04-09 09:05:40 - [TEST_STEP][PASSED] - click(findTestObject("mobileSanity/Teladoc/Page_App Page 1/a_Continue to Step 2 - Payment")): Object: 'Object Repository/mobileSanity/Teladoc/Page_App Page 1/a_Continue to Step 2 - Payment' is clicked on

2020-04-09 09:05:43 - [MESSAGE][PASSED] - Object: 'Object Repository/mobileSanity/Teladoc/Page_App Page 1/a_Continue to Step 2 - Payment' is clicked on

2020-04-09 09:05:43 - [TEST_STEP][PASSED] - waitForPageLoad(20): Wait for page load successfully

2020-04-09 09:05:43 - [MESSAGE][PASSED] - Wait for page load successfully

2020-04-09 09:05:43 - [TEST_STEP][PASSED] - waitForElementVisible(findTestObject("mobileSanity/Teladoc/Page_App Page 2/input__credit-card-first"), 20): Object 'Object Repository/mobileSanity/Teladoc/Page_App Page 2/input__credit-card-first' is visible

2020-04-09 09:05:44 - [MESSAGE][PASSED] - Object 'Object Repository/mobileSanity/Teladoc/Page_App Page 2/input__credit-card-first' is visible

2020-04-09 09:05:44 - [TEST_STEP][PASSED] - callTestCase(findTestCase("AHI/_include/get_screenshot"), [:], STOP_ON_FAILURE): Call Test Case 'Test Cases/AHI/_include/get_screenshot' successfully

2020-04-09 09:05:44 - [TEST_CASE][PASSED] - Test Cases/AHI/_include/get_screenshot: Test Cases/AHI/_include/get_screenshot

2020-04-09 09:05:44 - [TEST_STEP][PASSED] - Thread.sleep(1000): null

2020-04-09 09:05:45 - [TEST_STEP][PASSED] - takeScreenshot(screenPath + i + ".png"): Taking screenshot successfully

2020-04-09 09:05:45 - [MESSAGE][PASSED] - Taking screenshot successfully
[[ATTACHMENT|D:\\Test\\AgileTest\\Reports\\AHI\\ahi\\20200409_080112\\../Screenshots/iPhone 6/AHI/Teladoc/20200409_090323/4.png]]

2020-04-09 09:05:45 - [TEST_STEP][PASSED] - (internal.GlobalVariable.i++): null

2020-04-09 09:05:45 - [MESSAGE][PASSED] - Call Test Case 'Test Cases/AHI/_include/get_screenshot' successfully

2020-04-09 09:05:45 - [TEST_STEP][PASSED] - setText(findTestObject("mobileSanity/Teladoc/Page_App Page 2/input__credit-card-first"), FirstName): Text 'Test-123' is set on object 'Object Repository/mobileSanity/Teladoc/Page_App Page 2/input__credit-card-first'

2020-04-09 09:05:47 - [MESSAGE][PASSED] - Text 'Test-123' is set on object 'Object Repository/mobileSanity/Teladoc/Page_App Page 2/input__credit-card-first'

2020-04-09 09:05:47 - [TEST_STEP][PASSED] - setText(findTestObject("mobileSanity/Teladoc/Page_App Page 2/input__credit-card-last"), LastName): Text 'ZZ11-RJGHCibR' is set on object 'Object Repository/mobileSanity/Teladoc/Page_App Page 2/input__credit-card-last'

2020-04-09 09:05:48 - [MESSAGE][PASSED] - Text 'ZZ11-RJGHCibR' is set on object 'Object Repository/mobileSanity/Teladoc/Page_App Page 2/input__credit-card-last'

2020-04-09 09:05:48 - [TEST_STEP][PASSED] - selectOptionByValue(findTestObject("mobileSanity/Teladoc/Page_App Page 2/select_MM010203040506070809101"), "12", true): All options with value '12' are selected in object 'Object Repository/mobileSanity/Teladoc/Page_App Page 2/select_MM010203040506070809101'  using regular expression

2020-04-09 09:05:52 - [MESSAGE][PASSED] - All options with value '12' are selected in object 'Object Repository/mobileSanity/Teladoc/Page_App Page 2/select_MM010203040506070809101'  using regular expression

2020-04-09 09:05:52 - [TEST_STEP][PASSED] - selectOptionByValue(findTestObject("mobileSanity/Teladoc/Page_App Page 2/select_YYYY2019202020212022202"), "2026", true): All options with value '2026' are selected in object 'Object Repository/mobileSanity/Teladoc/Page_App Page 2/select_YYYY2019202020212022202'  using regular expression

2020-04-09 09:05:57 - [MESSAGE][PASSED] - All options with value '2026' are selected in object 'Object Repository/mobileSanity/Teladoc/Page_App Page 2/select_YYYY2019202020212022202'  using regular expression

2020-04-09 09:05:57 - [TEST_STEP][PASSED] - setText(findTestObject("mobileSanity/Teladoc/Page_App Page 2/input__credit-card-number"), "4111111111111111"): Text '4111111111111111' is set on object 'Object Repository/mobileSanity/Teladoc/Page_App Page 2/input__credit-card-number'

2020-04-09 09:06:05 - [MESSAGE][PASSED] - Text '4111111111111111' is set on object 'Object Repository/mobileSanity/Teladoc/Page_App Page 2/input__credit-card-number'

2020-04-09 09:06:05 - [TEST_STEP][PASSED] - setText(findTestObject("mobileSanity/Teladoc/Page_App Page 2/input__credit-card-cvv"), "122"): Text '122' is set on object 'Object Repository/mobileSanity/Teladoc/Page_App Page 2/input__credit-card-cvv'

2020-04-09 09:06:05 - [MESSAGE][PASSED] - Text '122' is set on object 'Object Repository/mobileSanity/Teladoc/Page_App Page 2/input__credit-card-cvv'

2020-04-09 09:06:05 - [TEST_STEP][PASSED] - click(findTestObject("mobileSanity/Teladoc/Page_App Page 2/label_My billing address is th")): Object: 'Object Repository/mobileSanity/Teladoc/Page_App Page 2/label_My billing address is th' is clicked on

2020-04-09 09:06:05 - [MESSAGE][PASSED] - Object: 'Object Repository/mobileSanity/Teladoc/Page_App Page 2/label_My billing address is th' is clicked on

2020-04-09 09:06:05 - [TEST_STEP][PASSED] - click(findTestObject("mobileSanity/Teladoc/Page_App Page 2/label_I Accept Authorization f")): Object: 'Object Repository/mobileSanity/Teladoc/Page_App Page 2/label_I Accept Authorization f' is clicked on

2020-04-09 09:06:05 - [MESSAGE][PASSED] - Object: 'Object Repository/mobileSanity/Teladoc/Page_App Page 2/label_I Accept Authorization f' is clicked on

2020-04-09 09:06:05 - [TEST_STEP][PASSED] - click(findTestObject("mobileSanity/Teladoc/Page_App Page 2/a_Continue to Step 3 - Review")): Object: 'Object Repository/mobileSanity/Teladoc/Page_App Page 2/a_Continue to Step 3 - Review' is clicked on

2020-04-09 09:06:06 - [MESSAGE][PASSED] - Object: 'Object Repository/mobileSanity/Teladoc/Page_App Page 2/a_Continue to Step 3 - Review' is clicked on

2020-04-09 09:06:06 - [TEST_STEP][PASSED] - waitForPageLoad(20): Wait for page load successfully

2020-04-09 09:06:11 - [MESSAGE][PASSED] - Wait for page load successfully

2020-04-09 09:06:11 - [TEST_STEP][PASSED] - waitForElementPresent(findTestObject("mobileSanity/Teladoc/Page_App Page 3/label"), 20): Object 'Object Repository/mobileSanity/Teladoc/Page_App Page 3/label' is present

2020-04-09 09:06:19 - [MESSAGE][PASSED] - Object 'Object Repository/mobileSanity/Teladoc/Page_App Page 3/label' is present

2020-04-09 09:06:19 - [TEST_STEP][PASSED] - Thread.sleep(5000): null

2020-04-09 09:06:24 - [TEST_STEP][PASSED] - callTestCase(findTestCase("AHI/_include/get_screenshot"), [:], STOP_ON_FAILURE): Call Test Case 'Test Cases/AHI/_include/get_screenshot' successfully

2020-04-09 09:06:24 - [TEST_CASE][PASSED] - Test Cases/AHI/_include/get_screenshot: Test Cases/AHI/_include/get_screenshot

2020-04-09 09:06:24 - [TEST_STEP][PASSED] - Thread.sleep(1000): null

2020-04-09 09:06:26 - [TEST_STEP][PASSED] - takeScreenshot(screenPath + i + ".png"): Taking screenshot successfully

2020-04-09 09:06:27 - [MESSAGE][PASSED] - Taking screenshot successfully
[[ATTACHMENT|D:\\Test\\AgileTest\\Reports\\AHI\\ahi\\20200409_080112\\../Screenshots/iPhone 6/AHI/Teladoc/20200409_090323/5.png]]

2020-04-09 09:06:27 - [TEST_STEP][PASSED] - (internal.GlobalVariable.i++): null

2020-04-09 09:06:27 - [MESSAGE][PASSED] - Call Test Case 'Test Cases/AHI/_include/get_screenshot' successfully

2020-04-09 09:06:27 - [TEST_STEP][PASSED] - scrollToElement(findTestObject("mobileSanity/Teladoc/Page_App Page 3/label"), 10): Scroll to object 'Object Repository/mobileSanity/Teladoc/Page_App Page 3/label' successfully

2020-04-09 09:06:28 - [MESSAGE][PASSED] - Scroll to object 'Object Repository/mobileSanity/Teladoc/Page_App Page 3/label' successfully

2020-04-09 09:06:28 - [TEST_STEP][PASSED] - waitForElementClickable(findTestObject("mobileSanity/Teladoc/Page_App Page 3/label"), 10): Object 'Object Repository/mobileSanity/Teladoc/Page_App Page 3/label' is clickable

2020-04-09 09:06:28 - [MESSAGE][PASSED] - Object 'Object Repository/mobileSanity/Teladoc/Page_App Page 3/label' is clickable

2020-04-09 09:06:28 - [TEST_STEP][PASSED] - click(findTestObject("mobileSanity/Teladoc/Page_App Page 3/label")): Object: 'Object Repository/mobileSanity/Teladoc/Page_App Page 3/label' is clicked on

2020-04-09 09:06:36 - [MESSAGE][PASSED] - Object: 'Object Repository/mobileSanity/Teladoc/Page_App Page 3/label' is clicked on

2020-04-09 09:06:36 - [TEST_STEP][PASSED] - click(findTestObject("mobileSanity/Teladoc/Page_App Page 3/p_")): Object: 'Object Repository/mobileSanity/Teladoc/Page_App Page 3/p_' is clicked on

2020-04-09 09:06:36 - [MESSAGE][PASSED] - Object: 'Object Repository/mobileSanity/Teladoc/Page_App Page 3/p_' is clicked on

2020-04-09 09:06:36 - [TEST_STEP][PASSED] - click(findTestObject("mobileSanity/Teladoc/Page_App Page 3/a_Submit Your Application")): Object: 'Object Repository/mobileSanity/Teladoc/Page_App Page 3/a_Submit Your Application' is clicked on

2020-04-09 09:06:37 - [MESSAGE][PASSED] - Object: 'Object Repository/mobileSanity/Teladoc/Page_App Page 3/a_Submit Your Application' is clicked on

2020-04-09 09:06:37 - [TEST_STEP][PASSED] - waitForElementPresent(findTestObject("mobileSanity/Common/app-confirmation"), 30): Object 'Object Repository/mobileSanity/Common/app-confirmation' is not present after 30 second(s)

2020-04-09 09:07:24 - [MESSAGE][INFO] - Unable to find the element located by 'By.xpath: //*[@id = 'app-confirmation']'. Please recheck the objects properties to make sure the desired element is located. 

2020-04-09 09:07:24 - [MESSAGE][WARNING] - Object 'Object Repository/mobileSanity/Common/app-confirmation' is not present after 30 second(s)

2020-04-09 09:07:24 - [TEST_STEP][PASSED] - callTestCase(findTestCase("AHI/_include/get_screenshot"), [:], STOP_ON_FAILURE): Call Test Case 'Test Cases/AHI/_include/get_screenshot' successfully

2020-04-09 09:07:24 - [TEST_CASE][PASSED] - Test Cases/AHI/_include/get_screenshot: Test Cases/AHI/_include/get_screenshot

2020-04-09 09:07:24 - [TEST_STEP][PASSED] - Thread.sleep(1000): null

2020-04-09 09:07:25 - [TEST_STEP][PASSED] - takeScreenshot(screenPath + i + ".png"): Taking screenshot successfully

2020-04-09 09:07:26 - [MESSAGE][PASSED] - Taking screenshot successfully
[[ATTACHMENT|D:\\Test\\AgileTest\\Reports\\AHI\\ahi\\20200409_080112\\../Screenshots/iPhone 6/AHI/Teladoc/20200409_090323/6.png]]

2020-04-09 09:07:26 - [TEST_STEP][PASSED] - (internal.GlobalVariable.i++): null

2020-04-09 09:07:26 - [MESSAGE][PASSED] - Call Test Case 'Test Cases/AHI/_include/get_screenshot' successfully]]></system-out>
         <system-err><![CDATA[]]></system-err>
      </testcase>
      <system-out><![CDATA[2020-04-09 08:36:07 - [TEST_SUITE][PASSED] - ahi: Test Cases/AHI/NEW/Teladoc]]></system-out>
      <system-err><![CDATA[]]></system-err>
   </testsuite>
</testsuites>
