<?xml version="1.0" encoding="UTF-8"?>
<testsuites name="mobileSanity" time="279" tests="1" failures="0" errors="0">
   <testsuite name="mobileSanity" tests="1" failures="0" errors="0" time="279" timestamp="2019-01-09 15:38:32" hostname="denisyu - 172.16.86.34" id="Test Suites/mobileWeb/mobileSanity">
      <properties>
         <property name="deviceName" value="iPhone X"/>
         <property name="devicePlatform" value=""/>
         <property name="logFolder" value="/Users/denisyu/workplace/test/AgileTest/Reports/mobileWeb/mobileSanity/20190109_153817"/>
         <property name="logFiles" value="/Users/denisyu/workplace/test/AgileTest/Reports/mobileWeb/mobileSanity/20190109_153817/execution0.log, /Users/denisyu/workplace/test/AgileTest/Reports/mobileWeb/mobileSanity/20190109_153817/appium.log, /Users/denisyu/workplace/test/AgileTest/Reports/mobileWeb/mobileSanity/20190109_153817/appium-proxy-server.log"/>
         <property name="attachments" value=""/>
         <property name="hostName" value="denisyu - 172.16.86.34"/>
         <property name="os" value="Mac OS X 64bit"/>
         <property name="katalonVersion" value="5.10.0.1"/>
         <property name="deviceOS" value="iOS"/>
         <property name="appiumVersion" value="1.8.1"/>
         <property name="sessionId" value="320183a2-d3b7-4c64-8f57-4572b8564e62"/>
         <property name="deviceId" value="null"/>
         <property name="deviceName" value="iPhone X"/>
         <property name="proxyInformation" value="ProxyInformation{proxyOption=USE_SYSTEM, proxyServerType=HTTP, password=, proxyServerAddress=, proxyServerPort=0}"/>
         <property name="deviceOSVersion" value="12.1"/>
         <property name="platform" value="Mac OS X"/>
         <property name="browser" value="Safari 12"/>
         <property name="deviceModel" value="Not available for Simulator"/>
         <property name="hostAddress" value="172.16.86.34"/>
         <property name="deviceManufacturer" value="Apple"/>
         <property name="seleniumVersion" value="3.7.1"/>
      </properties>
      <testcase name="Test Cases/mobileWeb/stm/Slaico" classname="Test Cases/mobileWeb/stm/Slaico" status="PASSED">
         <system-out><![CDATA[2019-01-09 15:38:32 - [TEST_CASE][PASSED] - Test Cases/mobileWeb/stm/Slaico: Test Cases/mobileWeb/stm/Slaico

2019-01-09 15:38:34 - [TEST_STEP][PASSED] - openBrowser(""): Browser is opened with url: ''

2019-01-09 15:38:34 - [MESSAGE][INFO] - Starting 'iOS' driver

2019-01-09 15:38:34 - [MESSAGE][INFO] - User set preference: ['deviceId', '']

2019-01-09 15:38:35 - [MESSAGE][INFO] - ios_webkit_debug_proxy server started on port 58415

2019-01-09 15:38:41 - [MESSAGE][INFO] - Appium server started on port 58,417

2019-01-09 15:39:23 - [MESSAGE][PASSED] - Browser is opened with url: ''

2019-01-09 15:39:23 - [TEST_STEP][PASSED] - navigateToUrl("https://praetemptatus.agilehealthinsurance.com/"): Navigate to 'https://praetemptatus.agilehealthinsurance.com/' successfully

2019-01-09 15:39:32 - [MESSAGE][PASSED] - Navigate to 'https://praetemptatus.agilehealthinsurance.com/' successfully

2019-01-09 15:39:32 - [TEST_STEP][PASSED] - click(findTestObject("Object Repository/mobileSanity/STM/Page_Find Health Insurance for 2018/a_Quote  Save Today")): Object: 'Object Repository/mobileSanity/STM/Page_Find Health Insurance for 2018/a_Quote  Save Today' is clicked on

2019-01-09 15:39:39 - [MESSAGE][PASSED] - Object: 'Object Repository/mobileSanity/STM/Page_Find Health Insurance for 2018/a_Quote  Save Today' is clicked on

2019-01-09 15:39:39 - [TEST_STEP][PASSED] - setText(findTestObject("Object Repository/mobileSanity/STM/Page_2018 Health Insurance Get a Sh/input_Location_zip-input"), "60602"): Text '60602' is set on object 'Object Repository/mobileSanity/STM/Page_2018 Health Insurance Get a Sh/input_Location_zip-input'

2019-01-09 15:39:45 - [MESSAGE][PASSED] - Text '60602' is set on object 'Object Repository/mobileSanity/STM/Page_2018 Health Insurance Get a Sh/input_Location_zip-input'

2019-01-09 15:39:45 - [TEST_STEP][PASSED] - setText(findTestObject("Object Repository/mobileSanity/STM/Page_2018 Health Insurance Get a Sh/input_Date of Birth_dob-0"), "03/03/1987"): Text '03/03/1987' is set on object 'Object Repository/mobileSanity/STM/Page_2018 Health Insurance Get a Sh/input_Date of Birth_dob-0'

2019-01-09 15:39:49 - [MESSAGE][PASSED] - Text '03/03/1987' is set on object 'Object Repository/mobileSanity/STM/Page_2018 Health Insurance Get a Sh/input_Date of Birth_dob-0'

2019-01-09 15:39:49 - [TEST_STEP][PASSED] - click(findTestObject("Object Repository/mobileSanity/STM/Page_2018 Health Insurance Get a Sh/label_Male")): Object: 'Object Repository/mobileSanity/STM/Page_2018 Health Insurance Get a Sh/label_Male' is clicked on

2019-01-09 15:39:50 - [MESSAGE][PASSED] - Object: 'Object Repository/mobileSanity/STM/Page_2018 Health Insurance Get a Sh/label_Male' is clicked on

2019-01-09 15:39:50 - [TEST_STEP][PASSED] - click(findTestObject("Object Repository/mobileSanity/STM/Page_2018 Health Insurance Get a Sh/label_Compare Plans")): Object: 'Object Repository/mobileSanity/STM/Page_2018 Health Insurance Get a Sh/label_Compare Plans' is clicked on

2019-01-09 15:39:51 - [MESSAGE][PASSED] - Object: 'Object Repository/mobileSanity/STM/Page_2018 Health Insurance Get a Sh/label_Compare Plans' is clicked on

2019-01-09 15:39:51 - [TEST_STEP][PASSED] - Thread.sleep(4000): null

2019-01-09 15:39:55 - [TEST_STEP][PASSED] - scrollToElement(findTestObject("mobileSanity/STM/Page_Short Term Health Insurance Qu/a_Standard Life Select STM Pla"), 1000): Scroll to object 'Object Repository/mobileSanity/STM/Page_Short Term Health Insurance Qu/a_Standard Life Select STM Pla' successfully

2019-01-09 15:40:03 - [MESSAGE][PASSED] - Scroll to object 'Object Repository/mobileSanity/STM/Page_Short Term Health Insurance Qu/a_Standard Life Select STM Pla' successfully

2019-01-09 15:40:03 - [TEST_STEP][PASSED] - click(findTestObject("Object Repository/mobileSanity/STM/Page_Short Term Health Insurance Qu/a_Standard Life Select STM Pla")): Object: 'Object Repository/mobileSanity/STM/Page_Short Term Health Insurance Qu/a_Standard Life Select STM Pla' is clicked on

2019-01-09 15:40:05 - [MESSAGE][PASSED] - Object: 'Object Repository/mobileSanity/STM/Page_Short Term Health Insurance Qu/a_Standard Life Select STM Pla' is clicked on

2019-01-09 15:40:05 - [TEST_STEP][PASSED] - Thread.sleep(2000): null

2019-01-09 15:40:07 - [TEST_STEP][PASSED] - waitForElementVisible(findTestObject("Object Repository/mobileSanity/STM/Page_Standard Life Select STM Plan/a_Apply for This Plan"), 0): Object 'Object Repository/mobileSanity/STM/Page_Standard Life Select STM Plan/a_Apply for This Plan' is visible

2019-01-09 15:40:07 - [MESSAGE][WARNING] - Timeout '0' is invalid. Using default page load timeout: '60'

2019-01-09 15:40:08 - [MESSAGE][PASSED] - Object 'Object Repository/mobileSanity/STM/Page_Standard Life Select STM Plan/a_Apply for This Plan' is visible

2019-01-09 15:40:08 - [TEST_STEP][PASSED] - click(findTestObject("Object Repository/mobileSanity/STM/Page_Standard Life Select STM Plan/a_Apply for This Plan")): Object: 'Object Repository/mobileSanity/STM/Page_Standard Life Select STM Plan/a_Apply for This Plan' is clicked on

2019-01-09 15:40:09 - [MESSAGE][PASSED] - Object: 'Object Repository/mobileSanity/STM/Page_Standard Life Select STM Plan/a_Apply for This Plan' is clicked on

2019-01-09 15:40:09 - [TEST_STEP][PASSED] - waitForElementVisible(findTestObject("Object Repository/mobileSanity/STM/Page_Standard Life Select STM Plan/a_Start Secure Application"), 0): Object 'Object Repository/mobileSanity/STM/Page_Standard Life Select STM Plan/a_Start Secure Application' is visible

2019-01-09 15:40:09 - [MESSAGE][WARNING] - Timeout '0' is invalid. Using default page load timeout: '60'

2019-01-09 15:40:10 - [MESSAGE][PASSED] - Object 'Object Repository/mobileSanity/STM/Page_Standard Life Select STM Plan/a_Start Secure Application' is visible

2019-01-09 15:40:10 - [TEST_STEP][PASSED] - click(findTestObject("Object Repository/mobileSanity/STM/Page_Standard Life Select STM Plan/a_Start Secure Application")): Object: 'Object Repository/mobileSanity/STM/Page_Standard Life Select STM Plan/a_Start Secure Application' is clicked on

2019-01-09 15:40:13 - [MESSAGE][PASSED] - Object: 'Object Repository/mobileSanity/STM/Page_Standard Life Select STM Plan/a_Start Secure Application' is clicked on

2019-01-09 15:40:13 - [TEST_STEP][PASSED] - waitForPageLoad(0): Wait for page load successfully

2019-01-09 15:40:13 - [MESSAGE][WARNING] - Timeout '0' is invalid. Using default page load timeout: '60'

2019-01-09 15:40:14 - [MESSAGE][PASSED] - Wait for page load successfully

2019-01-09 15:40:14 - [TEST_STEP][PASSED] - Thread.sleep(1000): null

2019-01-09 15:40:15 - [TEST_STEP][PASSED] - click(findTestObject("Object Repository/mobileSanity/STM/Page_App Page 1 - Standard Life Sel/button_No")): Object: 'Object Repository/mobileSanity/STM/Page_App Page 1 - Standard Life Sel/button_No' is clicked on

2019-01-09 15:40:25 - [MESSAGE][PASSED] - Object: 'Object Repository/mobileSanity/STM/Page_App Page 1 - Standard Life Sel/button_No' is clicked on

2019-01-09 15:40:25 - [TEST_STEP][PASSED] - waitForElementVisible(findTestObject("Object Repository/mobileSanity/STM/Page_App Page 1 - Standard Life Sel/button_No2"), 0): Object 'Object Repository/mobileSanity/STM/Page_App Page 1 - Standard Life Sel/button_No2' is visible

2019-01-09 15:40:25 - [MESSAGE][WARNING] - Timeout '0' is invalid. Using default page load timeout: '60'

2019-01-09 15:40:28 - [MESSAGE][PASSED] - Object 'Object Repository/mobileSanity/STM/Page_App Page 1 - Standard Life Sel/button_No2' is visible

2019-01-09 15:40:28 - [TEST_STEP][PASSED] - click(findTestObject("Object Repository/mobileSanity/STM/Page_App Page 1 - Standard Life Sel/button_No2")): Object: 'Object Repository/mobileSanity/STM/Page_App Page 1 - Standard Life Sel/button_No2' is clicked on

2019-01-09 15:40:32 - [MESSAGE][PASSED] - Object: 'Object Repository/mobileSanity/STM/Page_App Page 1 - Standard Life Sel/button_No2' is clicked on

2019-01-09 15:40:32 - [TEST_STEP][PASSED] - waitForElementVisible(findTestObject("Object Repository/mobileSanity/STM/Page_App Page 1 - Standard Life Sel/button_No3"), 0): Object 'Object Repository/mobileSanity/STM/Page_App Page 1 - Standard Life Sel/button_No3' is visible

2019-01-09 15:40:32 - [MESSAGE][WARNING] - Timeout '0' is invalid. Using default page load timeout: '60'

2019-01-09 15:40:37 - [MESSAGE][PASSED] - Object 'Object Repository/mobileSanity/STM/Page_App Page 1 - Standard Life Sel/button_No3' is visible

2019-01-09 15:40:37 - [TEST_STEP][PASSED] - click(findTestObject("Object Repository/mobileSanity/STM/Page_App Page 1 - Standard Life Sel/button_No3")): Object: 'Object Repository/mobileSanity/STM/Page_App Page 1 - Standard Life Sel/button_No3' is clicked on

2019-01-09 15:40:39 - [MESSAGE][PASSED] - Object: 'Object Repository/mobileSanity/STM/Page_App Page 1 - Standard Life Sel/button_No3' is clicked on

2019-01-09 15:40:39 - [TEST_STEP][PASSED] - waitForElementVisible(findTestObject("Object Repository/mobileSanity/STM/Page_App Page 1 - Standard Life Sel/button_No4"), 0): Object 'Object Repository/mobileSanity/STM/Page_App Page 1 - Standard Life Sel/button_No4' is visible

2019-01-09 15:40:39 - [MESSAGE][WARNING] - Timeout '0' is invalid. Using default page load timeout: '60'

2019-01-09 15:40:43 - [MESSAGE][PASSED] - Object 'Object Repository/mobileSanity/STM/Page_App Page 1 - Standard Life Sel/button_No4' is visible

2019-01-09 15:40:43 - [TEST_STEP][PASSED] - click(findTestObject("Object Repository/mobileSanity/STM/Page_App Page 1 - Standard Life Sel/button_No4")): Object: 'Object Repository/mobileSanity/STM/Page_App Page 1 - Standard Life Sel/button_No4' is clicked on

2019-01-09 15:40:47 - [MESSAGE][PASSED] - Object: 'Object Repository/mobileSanity/STM/Page_App Page 1 - Standard Life Sel/button_No4' is clicked on

2019-01-09 15:40:47 - [TEST_STEP][PASSED] - waitForElementVisible(findTestObject("Object Repository/mobileSanity/STM/Page_App Page 1 - Standard Life Sel/button_No5"), 0): Object 'Object Repository/mobileSanity/STM/Page_App Page 1 - Standard Life Sel/button_No5' is visible

2019-01-09 15:40:47 - [MESSAGE][WARNING] - Timeout '0' is invalid. Using default page load timeout: '60'

2019-01-09 15:40:51 - [MESSAGE][PASSED] - Object 'Object Repository/mobileSanity/STM/Page_App Page 1 - Standard Life Sel/button_No5' is visible

2019-01-09 15:40:51 - [TEST_STEP][PASSED] - click(findTestObject("Object Repository/mobileSanity/STM/Page_App Page 1 - Standard Life Sel/button_No5")): Object: 'Object Repository/mobileSanity/STM/Page_App Page 1 - Standard Life Sel/button_No5' is clicked on

2019-01-09 15:40:54 - [MESSAGE][PASSED] - Object: 'Object Repository/mobileSanity/STM/Page_App Page 1 - Standard Life Sel/button_No5' is clicked on

2019-01-09 15:40:54 - [TEST_STEP][PASSED] - waitForElementVisible(findTestObject("Object Repository/mobileSanity/STM/Page_App Page 1 - Standard Life Sel/button_No6"), 0): Object 'Object Repository/mobileSanity/STM/Page_App Page 1 - Standard Life Sel/button_No6' is visible

2019-01-09 15:40:54 - [MESSAGE][WARNING] - Timeout '0' is invalid. Using default page load timeout: '60'

2019-01-09 15:40:59 - [MESSAGE][PASSED] - Object 'Object Repository/mobileSanity/STM/Page_App Page 1 - Standard Life Sel/button_No6' is visible

2019-01-09 15:40:59 - [TEST_STEP][PASSED] - click(findTestObject("Object Repository/mobileSanity/STM/Page_App Page 1 - Standard Life Sel/button_No6")): Object: 'Object Repository/mobileSanity/STM/Page_App Page 1 - Standard Life Sel/button_No6' is clicked on

2019-01-09 15:41:04 - [MESSAGE][PASSED] - Object: 'Object Repository/mobileSanity/STM/Page_App Page 1 - Standard Life Sel/button_No6' is clicked on

2019-01-09 15:41:04 - [TEST_STEP][PASSED] - waitForElementVisible(findTestObject("Object Repository/mobileSanity/STM/Page_App Page 1 - Standard Life Sel/a_Continue"), 0): Object 'Object Repository/mobileSanity/STM/Page_App Page 1 - Standard Life Sel/a_Continue' is visible

2019-01-09 15:41:04 - [MESSAGE][WARNING] - Timeout '0' is invalid. Using default page load timeout: '60'

2019-01-09 15:41:06 - [MESSAGE][PASSED] - Object 'Object Repository/mobileSanity/STM/Page_App Page 1 - Standard Life Sel/a_Continue' is visible

2019-01-09 15:41:06 - [TEST_STEP][PASSED] - click(findTestObject("Object Repository/mobileSanity/STM/Page_App Page 1 - Standard Life Sel/a_Continue")): Object: 'Object Repository/mobileSanity/STM/Page_App Page 1 - Standard Life Sel/a_Continue' is clicked on

2019-01-09 15:41:13 - [MESSAGE][PASSED] - Object: 'Object Repository/mobileSanity/STM/Page_App Page 1 - Standard Life Sel/a_Continue' is clicked on

2019-01-09 15:41:13 - [TEST_STEP][PASSED] - click(findTestObject("Object Repository/mobileSanity/STM/Page_App Page 1 - Standard Life Sel/a_Autofill App Info")): Object: 'Object Repository/mobileSanity/STM/Page_App Page 1 - Standard Life Sel/a_Autofill App Info' is clicked on

2019-01-09 15:41:15 - [MESSAGE][PASSED] - Object: 'Object Repository/mobileSanity/STM/Page_App Page 1 - Standard Life Sel/a_Autofill App Info' is clicked on

2019-01-09 15:41:15 - [TEST_STEP][PASSED] - Thread.sleep(1000): null

2019-01-09 15:41:16 - [TEST_STEP][PASSED] - click(findTestObject("Object Repository/mobileSanity/STM/Page_App Page 2 - Standard Life Sel/a_Continue to Step 3 - Payment")): Object: 'Object Repository/mobileSanity/STM/Page_App Page 2 - Standard Life Sel/a_Continue to Step 3 - Payment' is clicked on

2019-01-09 15:41:19 - [MESSAGE][PASSED] - Object: 'Object Repository/mobileSanity/STM/Page_App Page 2 - Standard Life Sel/a_Continue to Step 3 - Payment' is clicked on

2019-01-09 15:41:19 - [TEST_STEP][PASSED] - Thread.sleep(2000): null

2019-01-09 15:41:21 - [TEST_STEP][PASSED] - click(findTestObject("Object Repository/mobileSanity/STM/Page_App Page 3 - Standard Life Sel/div_Credit Card Number (no das")): Object: 'Object Repository/mobileSanity/STM/Page_App Page 3 - Standard Life Sel/div_Credit Card Number (no das' is clicked on

2019-01-09 15:41:22 - [MESSAGE][PASSED] - Object: 'Object Repository/mobileSanity/STM/Page_App Page 3 - Standard Life Sel/div_Credit Card Number (no das' is clicked on

2019-01-09 15:41:22 - [TEST_STEP][PASSED] - click(findTestObject("Object Repository/mobileSanity/STM/Page_App Page 3 - Standard Life Sel/label_I Accept Authorization f")): Object: 'Object Repository/mobileSanity/STM/Page_App Page 3 - Standard Life Sel/label_I Accept Authorization f' is clicked on

2019-01-09 15:41:26 - [MESSAGE][PASSED] - Object: 'Object Repository/mobileSanity/STM/Page_App Page 3 - Standard Life Sel/label_I Accept Authorization f' is clicked on

2019-01-09 15:41:26 - [TEST_STEP][PASSED] - click(findTestObject("Object Repository/mobileSanity/STM/Page_App Page 3 - Standard Life Sel/a_Continue to Step 4 - Review")): Object: 'Object Repository/mobileSanity/STM/Page_App Page 3 - Standard Life Sel/a_Continue to Step 4 - Review' is clicked on

2019-01-09 15:41:30 - [MESSAGE][PASSED] - Object: 'Object Repository/mobileSanity/STM/Page_App Page 3 - Standard Life Sel/a_Continue to Step 4 - Review' is clicked on

2019-01-09 15:41:30 - [TEST_STEP][PASSED] - click(findTestObject("Object Repository/mobileSanity/STM/Page_App Page 4 - Standard Life Sel/label")): Object: 'Object Repository/mobileSanity/STM/Page_App Page 4 - Standard Life Sel/label' is clicked on

2019-01-09 15:42:26 - [MESSAGE][PASSED] - Object: 'Object Repository/mobileSanity/STM/Page_App Page 4 - Standard Life Sel/label' is clicked on

2019-01-09 15:42:26 - [TEST_STEP][PASSED] - click(findTestObject("Object Repository/mobileSanity/STM/Page_App Page 4 - Standard Life Sel/div_CLICK TO SIGN")): Object: 'Object Repository/mobileSanity/STM/Page_App Page 4 - Standard Life Sel/div_CLICK TO SIGN' is clicked on

2019-01-09 15:42:33 - [MESSAGE][PASSED] - Object: 'Object Repository/mobileSanity/STM/Page_App Page 4 - Standard Life Sel/div_CLICK TO SIGN' is clicked on

2019-01-09 15:42:33 - [TEST_STEP][PASSED] - click(findTestObject("Object Repository/mobileSanity/STM/Page_App Page 4 - Standard Life Sel/a_Submit Your Application")): Object: 'Object Repository/mobileSanity/STM/Page_App Page 4 - Standard Life Sel/a_Submit Your Application' is clicked on

2019-01-09 15:42:43 - [MESSAGE][PASSED] - Object: 'Object Repository/mobileSanity/STM/Page_App Page 4 - Standard Life Sel/a_Submit Your Application' is clicked on

2019-01-09 15:42:43 - [TEST_STEP][PASSED] - Thread.sleep(2000): null

2019-01-09 15:42:45 - [TEST_STEP][PASSED] - click(findTestObject("Object Repository/mobileSanity/STM/Page_App Page 6 - Standard Life Sel/span_Standard Life Select STM")): Object: 'Object Repository/mobileSanity/STM/Page_App Page 6 - Standard Life Sel/span_Standard Life Select STM' is clicked on

2019-01-09 15:43:02 - [MESSAGE][PASSED] - Object: 'Object Repository/mobileSanity/STM/Page_App Page 6 - Standard Life Sel/span_Standard Life Select STM' is clicked on

2019-01-09 15:43:02 - [TEST_STEP][PASSED] - click(findTestObject("Object Repository/mobileSanity/STM/Page_App Page 6 - Standard Life Sel/span_approved")): Object: 'Object Repository/mobileSanity/STM/Page_App Page 6 - Standard Life Sel/span_approved' is clicked on

2019-01-09 15:43:05 - [MESSAGE][PASSED] - Object: 'Object Repository/mobileSanity/STM/Page_App Page 6 - Standard Life Sel/span_approved' is clicked on]]></system-out>
         <system-err><![CDATA[]]></system-err>
      </testcase>
      <system-out><![CDATA[2019-01-09 15:38:32 - [TEST_SUITE][PASSED] - mobileSanity: Test Cases/mobileWeb/stm/Slaico]]></system-out>
      <system-err><![CDATA[]]></system-err>
   </testsuite>
</testsuites>
