<?xml version="1.0" encoding="UTF-8"?>
<testsuites name="ahi" time="852" tests="9" failures="0" errors="0">
   <testsuite name="ahi" tests="9" failures="0" errors="0" time="852" timestamp="2020-04-21 08:15:12" hostname="Administrator - 172.30.0.53" id="Test Suites/AHI/ahi">
      <properties>
         <property name="deviceName" value=""/>
         <property name="devicePlatform" value=""/>
         <property name="logFolder" value="D:\\Test\\AgileTest\\Reports\\AHI\\ahi\\20200421_080048"/>
         <property name="logFiles" value="D:\\Test\\AgileTest\\Reports\\AHI\\ahi\\20200421_080048\\execution0.log"/>
         <property name="attachments" value="D:\\Test\\AgileTest\\Reports\\AHI\\ahi\\20200421_080048\\../Screenshots/iPhone 6/AHI/ACA Health Insurance/20200421_081514/0.png, D:\\Test\\AgileTest\\Reports\\AHI\\ahi\\20200421_080048\\../Screenshots/iPhone 6/AHI/ACA Health Insurance/20200421_081514/1.png, D:\\Test\\AgileTest\\Reports\\AHI\\ahi\\20200421_080048\\../Screenshots/iPhone 6/AHI/ACA Health Insurance/20200421_081514/2.png, D:\\Test\\AgileTest\\Reports\\AHI\\ahi\\20200421_080048\\../Screenshots/iPhone 6/AHI/Cancer Insurance/20200421_081614/0.png, D:\\Test\\AgileTest\\Reports\\AHI\\ahi\\20200421_080048\\../Screenshots/iPhone 6/AHI/Cancer Insurance/20200421_081614/1.png, D:\\Test\\AgileTest\\Reports\\AHI\\ahi\\20200421_080048\\../Screenshots/iPhone 6/AHI/Cancer Insurance/20200421_081614/2.png, D:\\Test\\AgileTest\\Reports\\AHI\\ahi\\20200421_080048\\../Screenshots/iPhone 6/AHI/Cancer Insurance/20200421_081614/3.png, D:\\Test\\AgileTest\\Reports\\AHI\\ahi\\20200421_080048\\../Screenshots/iPhone 6/AHI/Cancer Insurance/20200421_081614/4.png, D:\\Test\\AgileTest\\Reports\\AHI\\ahi\\20200421_080048\\../Screenshots/iPhone 6/AHI/Cancer Insurance/20200421_081614/5.png, D:\\Test\\AgileTest\\Reports\\AHI\\ahi\\20200421_080048\\../Screenshots/iPhone 6/AHI/Cancer Insurance/20200421_081614/6.png, D:\\Test\\AgileTest\\Reports\\AHI\\ahi\\20200421_080048\\../Screenshots/iPhone 6/AHI/Cancer Insurance/20200421_081614/7.png, D:\\Test\\AgileTest\\Reports\\AHI\\ahi\\20200421_080048\\../Screenshots/iPhone 6/AHI/Cancer Insurance/20200421_081614/8.png, D:\\Test\\AgileTest\\Reports\\AHI\\ahi\\20200421_080048\\../Screenshots/iPhone 6/AHI/Cancer Insurance/20200421_081614/9.png, D:\\Test\\AgileTest\\Reports\\AHI\\ahi\\20200421_080048\\../Screenshots/iPhone 6/AHI/Dental - National General/20200421_081839/0.png, D:\\Test\\AgileTest\\Reports\\AHI\\ahi\\20200421_080048\\../Screenshots/iPhone 6/AHI/Dental - National General/20200421_081839/1.png, D:\\Test\\AgileTest\\Reports\\AHI\\ahi\\20200421_080048\\../Screenshots/iPhone 6/AHI/Dental - National General/20200421_081839/2.png, D:\\Test\\AgileTest\\Reports\\AHI\\ahi\\20200421_080048\\../Screenshots/iPhone 6/AHI/Dental - National General/20200421_081839/3.png, D:\\Test\\AgileTest\\Reports\\AHI\\ahi\\20200421_080048\\../Screenshots/iPhone 6/AHI/Dental - National General/20200421_081839/4.png, D:\\Test\\AgileTest\\Reports\\AHI\\ahi\\20200421_080048\\../Screenshots/iPhone 6/AHI/Dental - National General/20200421_081839/5.png, D:\\Test\\AgileTest\\Reports\\AHI\\ahi\\20200421_080048\\../Screenshots/iPhone 6/AHI/Dental - National General/20200421_081839/6.png, D:\\Test\\AgileTest\\Reports\\AHI\\ahi\\20200421_080048\\../Screenshots/iPhone 6/AHI/Dental - National General/20200421_081839/7.png, D:\\Test\\AgileTest\\Reports\\AHI\\ahi\\20200421_080048\\../Screenshots/iPhone 6/AHI/Dental - National General/20200421_081839/8.png, D:\\Test\\AgileTest\\Reports\\AHI\\ahi\\20200421_080048\\../Screenshots/iPhone 6/AHI/Dental - USA Access/20200421_082038/0.png, D:\\Test\\AgileTest\\Reports\\AHI\\ahi\\20200421_080048\\../Screenshots/iPhone 6/AHI/Dental - USA Access/20200421_082038/1.png, D:\\Test\\AgileTest\\Reports\\AHI\\ahi\\20200421_080048\\../Screenshots/iPhone 6/AHI/Dental - USA Access/20200421_082038/2.png, D:\\Test\\AgileTest\\Reports\\AHI\\ahi\\20200421_080048\\../Screenshots/iPhone 6/AHI/Dental - USA Access/20200421_082038/3.png, D:\\Test\\AgileTest\\Reports\\AHI\\ahi\\20200421_080048\\../Screenshots/iPhone 6/AHI/Dental - USA Access/20200421_082038/4.png, D:\\Test\\AgileTest\\Reports\\AHI\\ahi\\20200421_080048\\../Screenshots/iPhone 6/AHI/Dental - USA Access/20200421_082038/5.png, D:\\Test\\AgileTest\\Reports\\AHI\\ahi\\20200421_080048\\../Screenshots/iPhone 6/AHI/Dental - USA Access/20200421_082038/6.png, D:\\Test\\AgileTest\\Reports\\AHI\\ahi\\20200421_080048\\../Screenshots/iPhone 6/AHI/Dental - USA Access/20200421_082038/7.png, D:\\Test\\AgileTest\\Reports\\AHI\\ahi\\20200421_080048\\../Screenshots/iPhone 6/AHI/Dental - USA Access/20200421_082038/8.png, D:\\Test\\AgileTest\\Reports\\AHI\\ahi\\20200421_080048\\../Screenshots/iPhone 6/AHI/HBI/20200421_082239/0.png, D:\\Test\\AgileTest\\Reports\\AHI\\ahi\\20200421_080048\\../Screenshots/iPhone 6/AHI/HBI/20200421_082239/1.png, D:\\Test\\AgileTest\\Reports\\AHI\\ahi\\20200421_080048\\../Screenshots/iPhone 6/AHI/HBI/20200421_082239/2.png, D:\\Test\\AgileTest\\Reports\\AHI\\ahi\\20200421_080048\\../Screenshots/iPhone 6/AHI/Medicare/20200421_082351/0.png, D:\\Test\\AgileTest\\Reports\\AHI\\ahi\\20200421_080048\\../Screenshots/iPhone 6/AHI/Medicare/20200421_082351/1.png, D:\\Test\\AgileTest\\Reports\\AHI\\ahi\\20200421_080048\\../Screenshots/iPhone 6/AHI/Pet Insurance/20200421_082433/0.png, D:\\Test\\AgileTest\\Reports\\AHI\\ahi\\20200421_080048\\../Screenshots/iPhone 6/AHI/Pet Insurance/20200421_082433/1.png, D:\\Test\\AgileTest\\Reports\\AHI\\ahi\\20200421_080048\\../Screenshots/iPhone 6/AHI/Pet Insurance/20200421_082433/2.png, D:\\Test\\AgileTest\\Reports\\AHI\\ahi\\20200421_080048\\../Screenshots/iPhone 6/AHI/Pet Insurance/20200421_082433/3.png, D:\\Test\\AgileTest\\Reports\\AHI\\ahi\\20200421_080048\\../Screenshots/iPhone 6/AHI/Pet Insurance/20200421_082433/4.png, D:\\Test\\AgileTest\\Reports\\AHI\\ahi\\20200421_080048\\../Screenshots/iPhone 6/AHI/Pet Insurance/20200421_082433/5.png, D:\\Test\\AgileTest\\Reports\\AHI\\ahi\\20200421_080048\\../Screenshots/iPhone 6/AHI/Pet Insurance/20200421_082433/6.png, D:\\Test\\AgileTest\\Reports\\AHI\\ahi\\20200421_080048\\../Screenshots/iPhone 6/AHI/Pet Insurance/20200421_082433/7.png, D:\\Test\\AgileTest\\Reports\\AHI\\ahi\\20200421_080048\\../Screenshots/iPhone 6/AHI/Pet Insurance/20200421_082433/8.png, D:\\Test\\AgileTest\\Reports\\AHI\\ahi\\20200421_080048\\../Screenshots/iPhone 6/AHI/Pet Insurance/20200421_082433/9.png, D:\\Test\\AgileTest\\Reports\\AHI\\ahi\\20200421_080048\\../Screenshots/iPhone 6/AHI/Pet Insurance/20200421_082433/10.png, D:\\Test\\AgileTest\\Reports\\AHI\\ahi\\20200421_080048\\../Screenshots/iPhone 6/AHI/STM/20200421_082606/0.png, D:\\Test\\AgileTest\\Reports\\AHI\\ahi\\20200421_080048\\../Screenshots/iPhone 6/AHI/STM/20200421_082606/1.png, D:\\Test\\AgileTest\\Reports\\AHI\\ahi\\20200421_080048\\../Screenshots/iPhone 6/AHI/STM/20200421_082606/2.png, D:\\Test\\AgileTest\\Reports\\AHI\\ahi\\20200421_080048\\../Screenshots/iPhone 6/AHI/Teladoc/20200421_082717/0.png, D:\\Test\\AgileTest\\Reports\\AHI\\ahi\\20200421_080048\\../Screenshots/iPhone 6/AHI/Teladoc/20200421_082717/1.png, D:\\Test\\AgileTest\\Reports\\AHI\\ahi\\20200421_080048\\../Screenshots/iPhone 6/AHI/Teladoc/20200421_082717/2.png, D:\\Test\\AgileTest\\Reports\\AHI\\ahi\\20200421_080048\\../Screenshots/iPhone 6/AHI/Teladoc/20200421_082717/3.png, D:\\Test\\AgileTest\\Reports\\AHI\\ahi\\20200421_080048\\../Screenshots/iPhone 6/AHI/Teladoc/20200421_082717/4.png, D:\\Test\\AgileTest\\Reports\\AHI\\ahi\\20200421_080048\\../Screenshots/iPhone 6/AHI/Teladoc/20200421_082717/5.png, D:\\Test\\AgileTest\\Reports\\AHI\\ahi\\20200421_080048\\../Screenshots/iPhone 6/AHI/Teladoc/20200421_082717/6.png"/>
         <property name="hostName" value="Administrator - 172.30.0.53"/>
         <property name="os" value="Windows Server 2012 R2 64bit"/>
         <property name="katalonVersion" value="5.10.1.1"/>
         <property name="browser" value="Safari 11"/>
         <property name="hostAddress" value="172.30.0.53"/>
         <property name="sessionId" value="de878a7890df971ac539620c97e39d26"/>
         <property name="seleniumVersion" value="3.7.1"/>
         <property name="proxyInformation" value="ProxyInformation{proxyOption=NO_PROXY, proxyServerType=HTTP, password=, proxyServerAddress=, proxyServerPort=0}"/>
         <property name="platform" value="Windows Server 2012 R2"/>
      </properties>
      <testcase name="Test Cases/AHI/NEW/ACA Health Insurance" classname="Test Cases/AHI/NEW/ACA Health Insurance" status="PASSED">
         <system-out><![CDATA[2020-04-21 08:15:13 - [TEST_CASE][PASSED] - Test Cases/AHI/NEW/ACA Health Insurance: Test Cases/AHI/NEW/ACA Health Insurance

2020-04-21 08:15:13 - [TEST_STEP][PASSED] - callTestCase(findTestCase("AHI/_include/get_screenPath"), ["productLine":"AHI", "carrierName":"ACA Health Insurance"], CONTINUE_ON_FAILURE): Call Test Case 'Test Cases/AHI/_include/get_screenPath' successfully

2020-04-21 08:15:14 - [TEST_CASE][PASSED] - Test Cases/AHI/_include/get_screenPath: Test Cases/AHI/_include/get_screenPath

2020-04-21 08:15:14 - [TEST_STEP][PASSED] - m = getExecutionProperties(): null

2020-04-21 08:15:14 - [TEST_STEP][PASSED] - deviceName = get("mobileEmulation").get("deviceName"): null

2020-04-21 08:15:14 - [TEST_STEP][PASSED] - println(deviceName): null

2020-04-21 08:15:14 - [TEST_STEP][PASSED] - now = new java.util.Date(): null

2020-04-21 08:15:14 - [TEST_STEP][PASSED] - mydate = now.format("yyyyMMdd_HHmmss"): null

2020-04-21 08:15:14 - [TEST_STEP][PASSED] - screenPath = "../Screenshots/": null

2020-04-21 08:15:14 - [TEST_STEP][PASSED] - screenPath = screenPath + deviceName + "/" + productLine + "/" + carrierName + "/" + mydate + "/": null

2020-04-21 08:15:14 - [TEST_STEP][PASSED] - println(screenPath): null

2020-04-21 08:15:14 - [MESSAGE][PASSED] - Call Test Case 'Test Cases/AHI/_include/get_screenPath' successfully

2020-04-21 08:15:14 - [TEST_STEP][PASSED] - i = 0: null

2020-04-21 08:15:14 - [TEST_STEP][PASSED] - callTestCase(findTestCase("AHI/_include/openWebSite"), [:], CONTINUE_ON_FAILURE): Call Test Case 'Test Cases/AHI/_include/openWebSite' successfully

2020-04-21 08:15:14 - [TEST_CASE][PASSED] - Test Cases/AHI/_include/openWebSite: Test Cases/AHI/_include/openWebSite

2020-04-21 08:15:14 - [TEST_STEP][PASSED] - openBrowser(env): Browser is opened with url: 'https://praetemptatus.agilehealthinsurance.com'

2020-04-21 08:15:15 - [MESSAGE][INFO] - Starting 'Chrome' driver

2020-04-21 08:15:15 - [MESSAGE][INFO] - User set preference: ['mobileEmulation', '{deviceName=iPhone 6}']

2020-04-21 08:15:15 - [MESSAGE][INFO] - User set preference: ['args', '[--incognito, --aggressive-cache-discard, --window-size=375,677, --no-sandbox, --ignore-certificate-errors]']

2020-04-21 08:15:15 - [MESSAGE][INFO] - Action delay is set to 0 seconds

2020-04-21 08:15:30 - [MESSAGE][PASSED] - Browser is opened with url: 'https://praetemptatus.agilehealthinsurance.com'

2020-04-21 08:15:30 - [TEST_STEP][PASSED] - waitForPageLoad(20): Wait for page load successfully

2020-04-21 08:15:31 - [MESSAGE][PASSED] - Wait for page load successfully

2020-04-21 08:15:31 - [TEST_STEP][PASSED] - callTestCase(findTestCase("AHI/_include/get_screenshot"), [:], STOP_ON_FAILURE): Call Test Case 'Test Cases/AHI/_include/get_screenshot' successfully

2020-04-21 08:15:31 - [TEST_CASE][PASSED] - Test Cases/AHI/_include/get_screenshot: Test Cases/AHI/_include/get_screenshot

2020-04-21 08:15:31 - [TEST_STEP][PASSED] - Thread.sleep(1000): null

2020-04-21 08:15:32 - [TEST_STEP][PASSED] - takeScreenshot(screenPath + i + ".png"): Taking screenshot successfully

2020-04-21 08:15:33 - [MESSAGE][PASSED] - Taking screenshot successfully
[[ATTACHMENT|D:\\Test\\AgileTest\\Reports\\AHI\\ahi\\20200421_080048\\../Screenshots/iPhone 6/AHI/ACA Health Insurance/20200421_081514/0.png]]

2020-04-21 08:15:33 - [TEST_STEP][PASSED] - (internal.GlobalVariable.i++): null

2020-04-21 08:15:33 - [MESSAGE][PASSED] - Call Test Case 'Test Cases/AHI/_include/get_screenshot' successfully

2020-04-21 08:15:33 - [MESSAGE][PASSED] - Call Test Case 'Test Cases/AHI/_include/openWebSite' successfully

2020-04-21 08:15:33 - [TEST_STEP][PASSED] - driver = getWebDriver(): null

2020-04-21 08:15:33 - [TEST_STEP][PASSED] - baseUrl = ENV: null

2020-04-21 08:15:33 - [TEST_STEP][PASSED] - selenium = new com.thoughtworks.selenium.webdriven.WebDriverBackedSelenium(driver, baseUrl): null

2020-04-21 08:15:33 - [TEST_STEP][PASSED] - selenium.click("//*[@class='filter-option-inner-inner']"): null

2020-04-21 08:15:34 - [TEST_STEP][PASSED] - selenium.click("id=bs-select-1-0"): null

2020-04-21 08:15:34 - [TEST_STEP][PASSED] - selenium.click("id=primaryCTA"): null

2020-04-21 08:15:45 - [TEST_STEP][PASSED] - for ([second = 0, second < 10, (second++)]): null

2020-04-21 08:15:45 - [TEST_STEP][PASSED] - try: null

2020-04-21 08:15:45 - [TEST_STEP][PASSED] - if (selenium.isElementPresent("xpath=//h1[contains(text(),'Find the right Individual and Family health care plan for you')]")): null

2020-04-21 08:15:49 - [TEST_STEP][PASSED] - break: null

2020-04-21 08:15:49 - [TEST_STEP][PASSED] - callTestCase(findTestCase("AHI/_include/get_screenshot"), [:], STOP_ON_FAILURE): Call Test Case 'Test Cases/AHI/_include/get_screenshot' successfully

2020-04-21 08:15:49 - [TEST_CASE][PASSED] - Test Cases/AHI/_include/get_screenshot: Test Cases/AHI/_include/get_screenshot

2020-04-21 08:15:49 - [TEST_STEP][PASSED] - Thread.sleep(1000): null

2020-04-21 08:15:50 - [TEST_STEP][PASSED] - takeScreenshot(screenPath + i + ".png"): Taking screenshot successfully

2020-04-21 08:15:50 - [MESSAGE][PASSED] - Taking screenshot successfully
[[ATTACHMENT|D:\\Test\\AgileTest\\Reports\\AHI\\ahi\\20200421_080048\\../Screenshots/iPhone 6/AHI/ACA Health Insurance/20200421_081514/1.png]]

2020-04-21 08:15:50 - [TEST_STEP][PASSED] - (internal.GlobalVariable.i++): null

2020-04-21 08:15:50 - [MESSAGE][PASSED] - Call Test Case 'Test Cases/AHI/_include/get_screenshot' successfully

2020-04-21 08:15:50 - [TEST_STEP][PASSED] - url = selenium.getAttribute("xpath=(//a[@class='front-door-quote-button'])@href"): null

2020-04-21 08:15:51 - [TEST_STEP][PASSED] - navigateToUrl(url): Navigate to 'https://www.healthpocket.com/individual-health-insurance' successfully

2020-04-21 08:16:12 - [MESSAGE][PASSED] - Navigate to 'https://www.healthpocket.com/individual-health-insurance' successfully

2020-04-21 08:16:12 - [TEST_STEP][PASSED] - waitForPageLoad(10): Wait for page load successfully

2020-04-21 08:16:12 - [MESSAGE][PASSED] - Wait for page load successfully

2020-04-21 08:16:12 - [TEST_STEP][PASSED] - callTestCase(findTestCase("AHI/_include/get_screenshot"), [:], STOP_ON_FAILURE): Call Test Case 'Test Cases/AHI/_include/get_screenshot' successfully

2020-04-21 08:16:12 - [TEST_CASE][PASSED] - Test Cases/AHI/_include/get_screenshot: Test Cases/AHI/_include/get_screenshot

2020-04-21 08:16:12 - [TEST_STEP][PASSED] - Thread.sleep(1000): null

2020-04-21 08:16:13 - [TEST_STEP][PASSED] - takeScreenshot(screenPath + i + ".png"): Taking screenshot successfully

2020-04-21 08:16:13 - [MESSAGE][PASSED] - Taking screenshot successfully
[[ATTACHMENT|D:\\Test\\AgileTest\\Reports\\AHI\\ahi\\20200421_080048\\../Screenshots/iPhone 6/AHI/ACA Health Insurance/20200421_081514/2.png]]

2020-04-21 08:16:13 - [TEST_STEP][PASSED] - (internal.GlobalVariable.i++): null

2020-04-21 08:16:13 - [MESSAGE][PASSED] - Call Test Case 'Test Cases/AHI/_include/get_screenshot' successfully]]></system-out>
         <system-err><![CDATA[]]></system-err>
      </testcase>
      <testcase name="Test Cases/AHI/NEW/Cancer Insurance" classname="Test Cases/AHI/NEW/Cancer Insurance" status="PASSED">
         <system-out><![CDATA[2020-04-21 08:16:13 - [TEST_CASE][PASSED] - Test Cases/AHI/NEW/Cancer Insurance: Test Cases/AHI/NEW/Cancer Insurance

2020-04-21 08:16:14 - [TEST_STEP][PASSED] - callTestCase(findTestCase("AHI/_include/get_screenPath"), ["productLine":"AHI", "carrierName":"Cancer Insurance"], CONTINUE_ON_FAILURE): Call Test Case 'Test Cases/AHI/_include/get_screenPath' successfully

2020-04-21 08:16:14 - [TEST_CASE][PASSED] - Test Cases/AHI/_include/get_screenPath: Test Cases/AHI/_include/get_screenPath

2020-04-21 08:16:14 - [TEST_STEP][PASSED] - m = getExecutionProperties(): null

2020-04-21 08:16:14 - [TEST_STEP][PASSED] - deviceName = get("mobileEmulation").get("deviceName"): null

2020-04-21 08:16:14 - [TEST_STEP][PASSED] - println(deviceName): null

2020-04-21 08:16:14 - [TEST_STEP][PASSED] - now = new java.util.Date(): null

2020-04-21 08:16:14 - [TEST_STEP][PASSED] - mydate = now.format("yyyyMMdd_HHmmss"): null

2020-04-21 08:16:14 - [TEST_STEP][PASSED] - screenPath = "../Screenshots/": null

2020-04-21 08:16:14 - [TEST_STEP][PASSED] - screenPath = screenPath + deviceName + "/" + productLine + "/" + carrierName + "/" + mydate + "/": null

2020-04-21 08:16:14 - [TEST_STEP][PASSED] - println(screenPath): null

2020-04-21 08:16:14 - [MESSAGE][PASSED] - Call Test Case 'Test Cases/AHI/_include/get_screenPath' successfully

2020-04-21 08:16:14 - [TEST_STEP][PASSED] - i = 0: null

2020-04-21 08:16:14 - [TEST_STEP][PASSED] - callTestCase(findTestCase("AHI/_include/openWebSite"), [:], CONTINUE_ON_FAILURE): Call Test Case 'Test Cases/AHI/_include/openWebSite' successfully

2020-04-21 08:16:14 - [TEST_CASE][PASSED] - Test Cases/AHI/_include/openWebSite: Test Cases/AHI/_include/openWebSite

2020-04-21 08:16:14 - [TEST_STEP][PASSED] - openBrowser(env): Browser is opened with url: 'https://praetemptatus.agilehealthinsurance.com'

2020-04-21 08:16:14 - [MESSAGE][WARNING] - A browser is already opened. Closing browser and opening a new one

2020-04-21 08:16:15 - [MESSAGE][INFO] - Starting 'Chrome' driver

2020-04-21 08:16:15 - [MESSAGE][INFO] - User set preference: ['mobileEmulation', '{deviceName=iPhone 6}']

2020-04-21 08:16:15 - [MESSAGE][INFO] - User set preference: ['args', '[--incognito, --aggressive-cache-discard, --window-size=375,677, --no-sandbox, --ignore-certificate-errors]']

2020-04-21 08:16:29 - [MESSAGE][PASSED] - Browser is opened with url: 'https://praetemptatus.agilehealthinsurance.com'

2020-04-21 08:16:29 - [TEST_STEP][PASSED] - waitForPageLoad(20): Wait for page load successfully

2020-04-21 08:16:29 - [MESSAGE][PASSED] - Wait for page load successfully

2020-04-21 08:16:29 - [TEST_STEP][PASSED] - callTestCase(findTestCase("AHI/_include/get_screenshot"), [:], STOP_ON_FAILURE): Call Test Case 'Test Cases/AHI/_include/get_screenshot' successfully

2020-04-21 08:16:29 - [TEST_CASE][PASSED] - Test Cases/AHI/_include/get_screenshot: Test Cases/AHI/_include/get_screenshot

2020-04-21 08:16:29 - [TEST_STEP][PASSED] - Thread.sleep(1000): null

2020-04-21 08:16:30 - [TEST_STEP][PASSED] - takeScreenshot(screenPath + i + ".png"): Taking screenshot successfully

2020-04-21 08:16:31 - [MESSAGE][PASSED] - Taking screenshot successfully
[[ATTACHMENT|D:\\Test\\AgileTest\\Reports\\AHI\\ahi\\20200421_080048\\../Screenshots/iPhone 6/AHI/Cancer Insurance/20200421_081614/0.png]]

2020-04-21 08:16:31 - [TEST_STEP][PASSED] - (internal.GlobalVariable.i++): null

2020-04-21 08:16:31 - [MESSAGE][PASSED] - Call Test Case 'Test Cases/AHI/_include/get_screenshot' successfully

2020-04-21 08:16:31 - [MESSAGE][PASSED] - Call Test Case 'Test Cases/AHI/_include/openWebSite' successfully

2020-04-21 08:16:31 - [TEST_STEP][PASSED] - driver = getWebDriver(): null

2020-04-21 08:16:31 - [TEST_STEP][PASSED] - baseUrl = ENV: null

2020-04-21 08:16:31 - [TEST_STEP][PASSED] - selenium = new com.thoughtworks.selenium.webdriven.WebDriverBackedSelenium(driver, baseUrl): null

2020-04-21 08:16:31 - [TEST_STEP][PASSED] - selenium.click("//*[@class='filter-option-inner-inner']"): null

2020-04-21 08:16:31 - [TEST_STEP][PASSED] - selenium.click("id=bs-select-1-1"): null

2020-04-21 08:16:31 - [TEST_STEP][PASSED] - selenium.click("id=primaryCTA"): null

2020-04-21 08:16:35 - [TEST_STEP][PASSED] - for ([second = 0, second < 20, (second++)]): null

2020-04-21 08:16:35 - [TEST_STEP][PASSED] - try: null

2020-04-21 08:16:35 - [TEST_STEP][PASSED] - if (selenium.isElementPresent("id=zip-input")): null

2020-04-21 08:16:35 - [TEST_STEP][PASSED] - break: null

2020-04-21 08:16:35 - [TEST_STEP][PASSED] - callTestCase(findTestCase("AHI/_include/get_screenshot"), [:], STOP_ON_FAILURE): Call Test Case 'Test Cases/AHI/_include/get_screenshot' successfully

2020-04-21 08:16:35 - [TEST_CASE][PASSED] - Test Cases/AHI/_include/get_screenshot: Test Cases/AHI/_include/get_screenshot

2020-04-21 08:16:35 - [TEST_STEP][PASSED] - Thread.sleep(1000): null

2020-04-21 08:16:36 - [TEST_STEP][PASSED] - takeScreenshot(screenPath + i + ".png"): Taking screenshot successfully

2020-04-21 08:16:37 - [MESSAGE][PASSED] - Taking screenshot successfully
[[ATTACHMENT|D:\\Test\\AgileTest\\Reports\\AHI\\ahi\\20200421_080048\\../Screenshots/iPhone 6/AHI/Cancer Insurance/20200421_081614/1.png]]

2020-04-21 08:16:37 - [TEST_STEP][PASSED] - (internal.GlobalVariable.i++): null

2020-04-21 08:16:37 - [MESSAGE][PASSED] - Call Test Case 'Test Cases/AHI/_include/get_screenshot' successfully

2020-04-21 08:16:37 - [TEST_STEP][PASSED] - sendKeys(findTestObject("mobileSanity/Cancer Insurance/zip"), "35216"): Keys '35216' sent to object: 'Object Repository/mobileSanity/Cancer Insurance/zip'

2020-04-21 08:16:37 - [MESSAGE][PASSED] - Keys '35216' sent to object: 'Object Repository/mobileSanity/Cancer Insurance/zip'

2020-04-21 08:16:37 - [TEST_STEP][PASSED] - sendKeys(findTestObject("mobileSanity/Cancer Insurance/dob-0"), "01/01/1990"): Keys '01/01/1990' sent to object: 'Object Repository/mobileSanity/Cancer Insurance/dob-0'

2020-04-21 08:16:37 - [MESSAGE][PASSED] - Keys '01/01/1990' sent to object: 'Object Repository/mobileSanity/Cancer Insurance/dob-0'

2020-04-21 08:16:37 - [TEST_STEP][PASSED] - Thread.sleep(2000): null

2020-04-21 08:16:39 - [TEST_STEP][PASSED] - selenium.click("//label[@for='gender-m-0']"): null

2020-04-21 08:16:40 - [TEST_STEP][PASSED] - Thread.sleep(3000): null

2020-04-21 08:16:43 - [TEST_STEP][PASSED] - selenium.click("id=js-see-plans"): null

2020-04-21 08:16:54 - [TEST_STEP][PASSED] - for ([second = 0, second < 20, (second++)]): null

2020-04-21 08:16:54 - [TEST_STEP][PASSED] - try: null

2020-04-21 08:16:54 - [TEST_STEP][PASSED] - if (selenium.isElementPresent("xpath=//h1[contains(text(),'3 Cancer Insurance Policies Found')]")): null

2020-04-21 08:16:54 - [TEST_STEP][PASSED] - Thread.sleep(1000): null

2020-04-21 08:16:55 - [TEST_STEP][PASSED] - try: null

2020-04-21 08:16:55 - [TEST_STEP][PASSED] - if (selenium.isElementPresent("xpath=//h1[contains(text(),'3 Cancer Insurance Policies Found')]")): null

2020-04-21 08:16:55 - [TEST_STEP][PASSED] - Thread.sleep(1000): null

2020-04-21 08:16:56 - [TEST_STEP][PASSED] - try: null

2020-04-21 08:16:56 - [TEST_STEP][PASSED] - if (selenium.isElementPresent("xpath=//h1[contains(text(),'3 Cancer Insurance Policies Found')]")): null

2020-04-21 08:16:56 - [TEST_STEP][PASSED] - Thread.sleep(1000): null

2020-04-21 08:16:57 - [TEST_STEP][PASSED] - try: null

2020-04-21 08:16:57 - [TEST_STEP][PASSED] - if (selenium.isElementPresent("xpath=//h1[contains(text(),'3 Cancer Insurance Policies Found')]")): null

2020-04-21 08:16:57 - [TEST_STEP][PASSED] - Thread.sleep(1000): null

2020-04-21 08:16:58 - [TEST_STEP][PASSED] - try: null

2020-04-21 08:16:58 - [TEST_STEP][PASSED] - if (selenium.isElementPresent("xpath=//h1[contains(text(),'3 Cancer Insurance Policies Found')]")): null

2020-04-21 08:16:58 - [TEST_STEP][PASSED] - Thread.sleep(1000): null

2020-04-21 08:16:59 - [TEST_STEP][PASSED] - try: null

2020-04-21 08:16:59 - [TEST_STEP][PASSED] - if (selenium.isElementPresent("xpath=//h1[contains(text(),'3 Cancer Insurance Policies Found')]")): null

2020-04-21 08:16:59 - [TEST_STEP][PASSED] - Thread.sleep(1000): null

2020-04-21 08:17:00 - [TEST_STEP][PASSED] - try: null

2020-04-21 08:17:00 - [TEST_STEP][PASSED] - if (selenium.isElementPresent("xpath=//h1[contains(text(),'3 Cancer Insurance Policies Found')]")): null

2020-04-21 08:17:00 - [TEST_STEP][PASSED] - Thread.sleep(1000): null

2020-04-21 08:17:01 - [TEST_STEP][PASSED] - try: null

2020-04-21 08:17:01 - [TEST_STEP][PASSED] - if (selenium.isElementPresent("xpath=//h1[contains(text(),'3 Cancer Insurance Policies Found')]")): null

2020-04-21 08:17:01 - [TEST_STEP][PASSED] - Thread.sleep(1000): null

2020-04-21 08:17:02 - [TEST_STEP][PASSED] - try: null

2020-04-21 08:17:02 - [TEST_STEP][PASSED] - if (selenium.isElementPresent("xpath=//h1[contains(text(),'3 Cancer Insurance Policies Found')]")): null

2020-04-21 08:17:02 - [TEST_STEP][PASSED] - Thread.sleep(1000): null

2020-04-21 08:17:03 - [TEST_STEP][PASSED] - try: null

2020-04-21 08:17:03 - [TEST_STEP][PASSED] - if (selenium.isElementPresent("xpath=//h1[contains(text(),'3 Cancer Insurance Policies Found')]")): null

2020-04-21 08:17:04 - [TEST_STEP][PASSED] - Thread.sleep(1000): null

2020-04-21 08:17:05 - [TEST_STEP][PASSED] - try: null

2020-04-21 08:17:05 - [TEST_STEP][PASSED] - if (selenium.isElementPresent("xpath=//h1[contains(text(),'3 Cancer Insurance Policies Found')]")): null

2020-04-21 08:17:05 - [TEST_STEP][PASSED] - Thread.sleep(1000): null

2020-04-21 08:17:06 - [TEST_STEP][PASSED] - try: null

2020-04-21 08:17:06 - [TEST_STEP][PASSED] - if (selenium.isElementPresent("xpath=//h1[contains(text(),'3 Cancer Insurance Policies Found')]")): null

2020-04-21 08:17:06 - [TEST_STEP][PASSED] - Thread.sleep(1000): null

2020-04-21 08:17:07 - [TEST_STEP][PASSED] - try: null

2020-04-21 08:17:07 - [TEST_STEP][PASSED] - if (selenium.isElementPresent("xpath=//h1[contains(text(),'3 Cancer Insurance Policies Found')]")): null

2020-04-21 08:17:07 - [TEST_STEP][PASSED] - Thread.sleep(1000): null

2020-04-21 08:17:08 - [TEST_STEP][PASSED] - try: null

2020-04-21 08:17:08 - [TEST_STEP][PASSED] - if (selenium.isElementPresent("xpath=//h1[contains(text(),'3 Cancer Insurance Policies Found')]")): null

2020-04-21 08:17:08 - [TEST_STEP][PASSED] - Thread.sleep(1000): null

2020-04-21 08:17:09 - [TEST_STEP][PASSED] - try: null

2020-04-21 08:17:09 - [TEST_STEP][PASSED] - if (selenium.isElementPresent("xpath=//h1[contains(text(),'3 Cancer Insurance Policies Found')]")): null

2020-04-21 08:17:09 - [TEST_STEP][PASSED] - Thread.sleep(1000): null

2020-04-21 08:17:10 - [TEST_STEP][PASSED] - try: null

2020-04-21 08:17:10 - [TEST_STEP][PASSED] - if (selenium.isElementPresent("xpath=//h1[contains(text(),'3 Cancer Insurance Policies Found')]")): null

2020-04-21 08:17:10 - [TEST_STEP][PASSED] - Thread.sleep(1000): null

2020-04-21 08:17:11 - [TEST_STEP][PASSED] - try: null

2020-04-21 08:17:11 - [TEST_STEP][PASSED] - if (selenium.isElementPresent("xpath=//h1[contains(text(),'3 Cancer Insurance Policies Found')]")): null

2020-04-21 08:17:11 - [TEST_STEP][PASSED] - Thread.sleep(1000): null

2020-04-21 08:17:12 - [TEST_STEP][PASSED] - try: null

2020-04-21 08:17:12 - [TEST_STEP][PASSED] - if (selenium.isElementPresent("xpath=//h1[contains(text(),'3 Cancer Insurance Policies Found')]")): null

2020-04-21 08:17:12 - [TEST_STEP][PASSED] - Thread.sleep(1000): null

2020-04-21 08:17:13 - [TEST_STEP][PASSED] - try: null

2020-04-21 08:17:13 - [TEST_STEP][PASSED] - if (selenium.isElementPresent("xpath=//h1[contains(text(),'3 Cancer Insurance Policies Found')]")): null

2020-04-21 08:17:13 - [TEST_STEP][PASSED] - Thread.sleep(1000): null

2020-04-21 08:17:14 - [TEST_STEP][PASSED] - try: null

2020-04-21 08:17:14 - [TEST_STEP][PASSED] - if (selenium.isElementPresent("xpath=//h1[contains(text(),'3 Cancer Insurance Policies Found')]")): null

2020-04-21 08:17:14 - [TEST_STEP][PASSED] - Thread.sleep(1000): null

2020-04-21 08:17:15 - [TEST_STEP][PASSED] - callTestCase(findTestCase("AHI/_include/get_screenshot"), [:], STOP_ON_FAILURE): Call Test Case 'Test Cases/AHI/_include/get_screenshot' successfully

2020-04-21 08:17:15 - [TEST_CASE][PASSED] - Test Cases/AHI/_include/get_screenshot: Test Cases/AHI/_include/get_screenshot

2020-04-21 08:17:15 - [TEST_STEP][PASSED] - Thread.sleep(1000): null

2020-04-21 08:17:16 - [TEST_STEP][PASSED] - takeScreenshot(screenPath + i + ".png"): Taking screenshot successfully

2020-04-21 08:17:17 - [MESSAGE][PASSED] - Taking screenshot successfully
[[ATTACHMENT|D:\\Test\\AgileTest\\Reports\\AHI\\ahi\\20200421_080048\\../Screenshots/iPhone 6/AHI/Cancer Insurance/20200421_081614/2.png]]

2020-04-21 08:17:17 - [TEST_STEP][PASSED] - (internal.GlobalVariable.i++): null

2020-04-21 08:17:17 - [MESSAGE][PASSED] - Call Test Case 'Test Cases/AHI/_include/get_screenshot' successfully

2020-04-21 08:17:17 - [TEST_STEP][PASSED] - selenium.click("xpath=(//a[contains(text(),'Option 1')])[1]"): null

2020-04-21 08:17:26 - [TEST_STEP][PASSED] - for ([second = 0, second < 20, (second++)]): null

2020-04-21 08:17:26 - [TEST_STEP][PASSED] - try: null

2020-04-21 08:17:26 - [TEST_STEP][PASSED] - if (selenium.isElementPresent("id=plan-details-primary-apply")): null

2020-04-21 08:17:26 - [TEST_STEP][PASSED] - break: null

2020-04-21 08:17:26 - [TEST_STEP][PASSED] - callTestCase(findTestCase("AHI/_include/get_screenshot"), [:], STOP_ON_FAILURE): Call Test Case 'Test Cases/AHI/_include/get_screenshot' successfully

2020-04-21 08:17:26 - [TEST_CASE][PASSED] - Test Cases/AHI/_include/get_screenshot: Test Cases/AHI/_include/get_screenshot

2020-04-21 08:17:26 - [TEST_STEP][PASSED] - Thread.sleep(1000): null

2020-04-21 08:17:27 - [TEST_STEP][PASSED] - takeScreenshot(screenPath + i + ".png"): Taking screenshot successfully

2020-04-21 08:17:27 - [MESSAGE][PASSED] - Taking screenshot successfully
[[ATTACHMENT|D:\\Test\\AgileTest\\Reports\\AHI\\ahi\\20200421_080048\\../Screenshots/iPhone 6/AHI/Cancer Insurance/20200421_081614/3.png]]

2020-04-21 08:17:27 - [TEST_STEP][PASSED] - (internal.GlobalVariable.i++): null

2020-04-21 08:17:27 - [MESSAGE][PASSED] - Call Test Case 'Test Cases/AHI/_include/get_screenshot' successfully

2020-04-21 08:17:27 - [TEST_STEP][PASSED] - selenium.click("id=plan-details-primary-apply"): null

2020-04-21 08:17:29 - [TEST_STEP][PASSED] - for ([second = 0, second < 20, (second++)]): null

2020-04-21 08:17:29 - [TEST_STEP][PASSED] - try: null

2020-04-21 08:17:29 - [TEST_STEP][PASSED] - if (selenium.isElementPresent("id=applyButton")): null

2020-04-21 08:17:30 - [TEST_STEP][PASSED] - break: null

2020-04-21 08:17:30 - [TEST_STEP][PASSED] - callTestCase(findTestCase("AHI/_include/get_screenshot"), [:], STOP_ON_FAILURE): Call Test Case 'Test Cases/AHI/_include/get_screenshot' successfully

2020-04-21 08:17:30 - [TEST_CASE][PASSED] - Test Cases/AHI/_include/get_screenshot: Test Cases/AHI/_include/get_screenshot

2020-04-21 08:17:30 - [TEST_STEP][PASSED] - Thread.sleep(1000): null

2020-04-21 08:17:31 - [TEST_STEP][PASSED] - takeScreenshot(screenPath + i + ".png"): Taking screenshot successfully

2020-04-21 08:17:31 - [MESSAGE][PASSED] - Taking screenshot successfully
[[ATTACHMENT|D:\\Test\\AgileTest\\Reports\\AHI\\ahi\\20200421_080048\\../Screenshots/iPhone 6/AHI/Cancer Insurance/20200421_081614/4.png]]

2020-04-21 08:17:31 - [TEST_STEP][PASSED] - (internal.GlobalVariable.i++): null

2020-04-21 08:17:31 - [MESSAGE][PASSED] - Call Test Case 'Test Cases/AHI/_include/get_screenshot' successfully

2020-04-21 08:17:31 - [TEST_STEP][PASSED] - selenium.click("id=applyButton"): null

2020-04-21 08:17:35 - [TEST_STEP][PASSED] - for ([second = 0, second < 20, (second++)]): null

2020-04-21 08:17:35 - [TEST_STEP][PASSED] - try: null

2020-04-21 08:17:35 - [TEST_STEP][PASSED] - if (selenium.isElementPresent("id=member-P-1-firstName")): null

2020-04-21 08:17:35 - [TEST_STEP][PASSED] - break: null

2020-04-21 08:17:35 - [TEST_STEP][PASSED] - callTestCase(findTestCase("AHI/_include/get_screenshot"), [:], STOP_ON_FAILURE): Call Test Case 'Test Cases/AHI/_include/get_screenshot' successfully

2020-04-21 08:17:35 - [TEST_CASE][PASSED] - Test Cases/AHI/_include/get_screenshot: Test Cases/AHI/_include/get_screenshot

2020-04-21 08:17:35 - [TEST_STEP][PASSED] - Thread.sleep(1000): null

2020-04-21 08:17:36 - [TEST_STEP][PASSED] - takeScreenshot(screenPath + i + ".png"): Taking screenshot successfully

2020-04-21 08:17:36 - [MESSAGE][PASSED] - Taking screenshot successfully
[[ATTACHMENT|D:\\Test\\AgileTest\\Reports\\AHI\\ahi\\20200421_080048\\../Screenshots/iPhone 6/AHI/Cancer Insurance/20200421_081614/5.png]]

2020-04-21 08:17:36 - [TEST_STEP][PASSED] - (internal.GlobalVariable.i++): null

2020-04-21 08:17:36 - [MESSAGE][PASSED] - Call Test Case 'Test Cases/AHI/_include/get_screenshot' successfully

2020-04-21 08:17:36 - [TEST_STEP][PASSED] - callTestCase(findTestCase("AHI/_include/name"), [:], STOP_ON_FAILURE): Call Test Case 'Test Cases/AHI/_include/name' successfully

2020-04-21 08:17:36 - [TEST_CASE][PASSED] - Test Cases/AHI/_include/name: Test Cases/AHI/_include/name

2020-04-21 08:17:37 - [TEST_STEP][PASSED] - driver = getWebDriver(): null

2020-04-21 08:17:37 - [TEST_STEP][PASSED] - selenium = new com.thoughtworks.selenium.webdriven.WebDriverBackedSelenium(driver, internal.GlobalVariable.ENV): null

2020-04-21 08:17:37 - [TEST_STEP][PASSED] - FirstName = "Test-123": null

2020-04-21 08:17:37 - [TEST_STEP][PASSED] - LastName = selenium.getEval("{var x="ABCDEFGHIJKLMNOPQRSTUVWXYZabcdefghijklmnopqrstuvwxyz"; var tmp="ZZ11-"; for (i=0;i<8;i++) tmp+=x.charAt(Math.ceil(51*Math.random()));tmp;}"): null

2020-04-21 08:17:37 - [TEST_STEP][PASSED] - Address = selenium.getEval("{var x="ABCDEFGHIJKLMNOPQRSTUVWXYZabcdefghijklmnopqrstuvwxyz"; var tmp=""; for (i=0;i<8;i++) tmp+=x.charAt(Math.ceil(51*Math.random()));tmp;}"): null

2020-04-21 08:17:37 - [TEST_STEP][PASSED] - City = selenium.getEval("{var x="ABCDEFGHIJKLMNOPQRSTUVWXYZabcdefghijklmnopqrstuvwxyz"; var tmp=""; for (i=0;i<8;i++) tmp+=x.charAt(Math.ceil(51*Math.random()));tmp;}"): null

2020-04-21 08:17:37 - [TEST_STEP][PASSED] - tel1 = selenium.getEval("{var x="123456789"; var tmp=""; for (i=0;i<3;i++) tmp+=x.charAt(Math.ceil(8*Math.random()));tmp;}"): null

2020-04-21 08:17:37 - [TEST_STEP][PASSED] - tel2 = selenium.getEval("{var x="123456789"; var tmp=""; for (i=0;i<3;i++) tmp+=x.charAt(Math.ceil(8*Math.random()));tmp;}"): null

2020-04-21 08:17:37 - [TEST_STEP][PASSED] - tel3 = selenium.getEval("{var x="123456789"; var tmp=""; for (i=0;i<4;i++) tmp+=x.charAt(Math.ceil(8*Math.random()));tmp;}"): null

2020-04-21 08:17:37 - [TEST_STEP][PASSED] - Tel = selenium.getExpression(tel1 + "-" + tel2 + "-" + tel3): null

2020-04-21 08:17:37 - [TEST_STEP][PASSED] - AutoEmail = selenium.getEval("{var x="ABCDEFGHIJKLMNOPQRSTUVWXYZabcdefghijklmnopqrstuvwxyz"; var tmp="test."; for (i=0;i<8;i++) tmp+=x.charAt(Math.ceil(51*Math.random()));tmp+="@suryani.cn";}"): null

2020-04-21 08:17:37 - [TEST_STEP][PASSED] - FirstName = FirstName: null

2020-04-21 08:17:37 - [TEST_STEP][PASSED] - LastName = LastName: null

2020-04-21 08:17:37 - [TEST_STEP][PASSED] - Address = Address: null

2020-04-21 08:17:37 - [TEST_STEP][PASSED] - City = City: null

2020-04-21 08:17:37 - [TEST_STEP][PASSED] - Tel = Tel: null

2020-04-21 08:17:37 - [TEST_STEP][PASSED] - AutoEmail = AutoEmail: null

2020-04-21 08:17:37 - [TEST_STEP][PASSED] - println(FirstName): null

2020-04-21 08:17:37 - [TEST_STEP][PASSED] - println(LastName): null

2020-04-21 08:17:37 - [TEST_STEP][PASSED] - println(Address): null

2020-04-21 08:17:37 - [TEST_STEP][PASSED] - println(City): null

2020-04-21 08:17:37 - [TEST_STEP][PASSED] - println(Tel): null

2020-04-21 08:17:37 - [TEST_STEP][PASSED] - println(AutoEmail): null

2020-04-21 08:17:37 - [MESSAGE][PASSED] - Call Test Case 'Test Cases/AHI/_include/name' successfully

2020-04-21 08:17:37 - [TEST_STEP][PASSED] - selenium.type("id=member-P-1-firstName", FirstName): null

2020-04-21 08:17:38 - [TEST_STEP][PASSED] - selenium.type("id=member-P-1-lastName", LastName): null

2020-04-21 08:17:38 - [TEST_STEP][PASSED] - selenium.type("id=address", Address): null

2020-04-21 08:17:38 - [TEST_STEP][PASSED] - selenium.type("id=city", City): null

2020-04-21 08:17:38 - [TEST_STEP][PASSED] - selenium.type("id=email", AutoEmail): null

2020-04-21 08:17:38 - [TEST_STEP][PASSED] - selenium.type("id=primaryPhone", Tel): null

2020-04-21 08:17:38 - [TEST_STEP][PASSED] - selenium.click("id=js-app-continue-link"): null

2020-04-21 08:17:39 - [TEST_STEP][PASSED] - for ([second = 0, second < 20, (second++)]): null

2020-04-21 08:17:39 - [TEST_STEP][PASSED] - try: null

2020-04-21 08:17:39 - [TEST_STEP][PASSED] - if (selenium.isElementPresent("xpath=(//*[@class='js-question js-app-page-medical-question-wrapper'])[1]/div/button[1]")): null

2020-04-21 08:17:39 - [TEST_STEP][PASSED] - Thread.sleep(1000): null

2020-04-21 08:17:40 - [TEST_STEP][PASSED] - try: null

2020-04-21 08:17:40 - [TEST_STEP][PASSED] - if (selenium.isElementPresent("xpath=(//*[@class='js-question js-app-page-medical-question-wrapper'])[1]/div/button[1]")): null

2020-04-21 08:17:40 - [TEST_STEP][PASSED] - break: null

2020-04-21 08:17:40 - [TEST_STEP][PASSED] - callTestCase(findTestCase("AHI/_include/get_screenshot"), [:], STOP_ON_FAILURE): Call Test Case 'Test Cases/AHI/_include/get_screenshot' successfully

2020-04-21 08:17:40 - [TEST_CASE][PASSED] - Test Cases/AHI/_include/get_screenshot: Test Cases/AHI/_include/get_screenshot

2020-04-21 08:17:40 - [TEST_STEP][PASSED] - Thread.sleep(1000): null

2020-04-21 08:17:41 - [TEST_STEP][PASSED] - takeScreenshot(screenPath + i + ".png"): Taking screenshot successfully

2020-04-21 08:17:41 - [MESSAGE][PASSED] - Taking screenshot successfully
[[ATTACHMENT|D:\\Test\\AgileTest\\Reports\\AHI\\ahi\\20200421_080048\\../Screenshots/iPhone 6/AHI/Cancer Insurance/20200421_081614/6.png]]

2020-04-21 08:17:41 - [TEST_STEP][PASSED] - (internal.GlobalVariable.i++): null

2020-04-21 08:17:41 - [MESSAGE][PASSED] - Call Test Case 'Test Cases/AHI/_include/get_screenshot' successfully

2020-04-21 08:17:41 - [TEST_STEP][PASSED] - for ([i = 1, i < 12, (i++)]): null

2020-04-21 08:17:41 - [TEST_STEP][PASSED] - selenium.click("xpath=(//*[@class='js-question js-app-page-medical-question-wrapper'])[" + i + "]/div/button[1]"): null

2020-04-21 08:17:42 - [TEST_STEP][PASSED] - selenium.click("xpath=(//*[@class='js-question js-app-page-medical-question-wrapper'])[" + i + "]/div/button[1]"): null

2020-04-21 08:17:43 - [TEST_STEP][PASSED] - selenium.click("xpath=(//*[@class='js-question js-app-page-medical-question-wrapper'])[" + i + "]/div/button[1]"): null

2020-04-21 08:17:43 - [TEST_STEP][PASSED] - selenium.click("xpath=(//*[@class='js-question js-app-page-medical-question-wrapper'])[" + i + "]/div/button[1]"): null

2020-04-21 08:17:44 - [TEST_STEP][PASSED] - selenium.click("xpath=(//*[@class='js-question js-app-page-medical-question-wrapper'])[" + i + "]/div/button[1]"): null

2020-04-21 08:17:45 - [TEST_STEP][PASSED] - selenium.click("xpath=(//*[@class='js-question js-app-page-medical-question-wrapper'])[" + i + "]/div/button[1]"): null

2020-04-21 08:17:46 - [TEST_STEP][PASSED] - selenium.click("xpath=(//*[@class='js-question js-app-page-medical-question-wrapper'])[" + i + "]/div/button[1]"): null

2020-04-21 08:17:46 - [TEST_STEP][PASSED] - selenium.click("xpath=(//*[@class='js-question js-app-page-medical-question-wrapper'])[" + i + "]/div/button[1]"): null

2020-04-21 08:17:47 - [TEST_STEP][PASSED] - selenium.click("xpath=(//*[@class='js-question js-app-page-medical-question-wrapper'])[" + i + "]/div/button[1]"): null

2020-04-21 08:17:47 - [TEST_STEP][PASSED] - selenium.click("xpath=(//*[@class='js-question js-app-page-medical-question-wrapper'])[" + i + "]/div/button[1]"): null

2020-04-21 08:17:49 - [TEST_STEP][PASSED] - selenium.click("xpath=(//*[@class='js-question js-app-page-medical-question-wrapper'])[" + i + "]/div/button[1]"): null

2020-04-21 08:17:50 - [TEST_STEP][PASSED] - selenium.click("id=js-app-continue-link"): null

2020-04-21 08:17:51 - [TEST_STEP][PASSED] - for ([second = 0, second < 20, (second++)]): null

2020-04-21 08:17:51 - [TEST_STEP][PASSED] - try: null

2020-04-21 08:17:51 - [TEST_STEP][PASSED] - if (selenium.isElementPresent("id=credit-card-number")): null

2020-04-21 08:17:51 - [TEST_STEP][PASSED] - Thread.sleep(1000): null

2020-04-21 08:17:52 - [TEST_STEP][PASSED] - try: null

2020-04-21 08:17:52 - [TEST_STEP][PASSED] - if (selenium.isElementPresent("id=credit-card-number")): null

2020-04-21 08:17:52 - [TEST_STEP][PASSED] - break: null

2020-04-21 08:17:52 - [TEST_STEP][PASSED] - callTestCase(findTestCase("AHI/_include/get_screenshot"), [:], STOP_ON_FAILURE): Call Test Case 'Test Cases/AHI/_include/get_screenshot' successfully

2020-04-21 08:17:52 - [TEST_CASE][PASSED] - Test Cases/AHI/_include/get_screenshot: Test Cases/AHI/_include/get_screenshot

2020-04-21 08:17:52 - [TEST_STEP][PASSED] - Thread.sleep(1000): null

2020-04-21 08:17:53 - [TEST_STEP][PASSED] - takeScreenshot(screenPath + i + ".png"): Taking screenshot successfully

2020-04-21 08:17:56 - [MESSAGE][PASSED] - Taking screenshot successfully
[[ATTACHMENT|D:\\Test\\AgileTest\\Reports\\AHI\\ahi\\20200421_080048\\../Screenshots/iPhone 6/AHI/Cancer Insurance/20200421_081614/7.png]]

2020-04-21 08:17:56 - [TEST_STEP][PASSED] - (internal.GlobalVariable.i++): null

2020-04-21 08:17:56 - [MESSAGE][PASSED] - Call Test Case 'Test Cases/AHI/_include/get_screenshot' successfully

2020-04-21 08:17:56 - [TEST_STEP][PASSED] - selenium.type("id=credit-card-number", "4111123123123123"): null

2020-04-21 08:17:56 - [TEST_STEP][PASSED] - selenium.type("id=credit-card-first", "test"): null

2020-04-21 08:17:56 - [TEST_STEP][PASSED] - selenium.type("id=credit-card-last", "test"): null

2020-04-21 08:17:56 - [TEST_STEP][PASSED] - selenium.select("id=expiration-month", "12"): null

2020-04-21 08:17:57 - [TEST_STEP][PASSED] - selenium.select("id=expiration-year", "2026"): null

2020-04-21 08:17:57 - [TEST_STEP][PASSED] - selenium.type("id=credit-card-cvv", "123"): null

2020-04-21 08:17:57 - [TEST_STEP][PASSED] - selenium.type("id=credit-card-number", "4111123123123123"): null

2020-04-21 08:17:58 - [TEST_STEP][PASSED] - selenium.click("id=js-same-billing"): null

2020-04-21 08:17:59 - [TEST_STEP][PASSED] - selenium.click("id=credit-payment-authorization"): null

2020-04-21 08:18:00 - [TEST_STEP][PASSED] - selenium.click("id=js-app-continue-link"): null

2020-04-21 08:18:00 - [TEST_STEP][PASSED] - for ([second = 0, second < 20, (second++)]): null

2020-04-21 08:18:00 - [TEST_STEP][PASSED] - try: null

2020-04-21 08:18:00 - [TEST_STEP][PASSED] - if (selenium.isElementPresent("id=consent-checkbox-0")): null

2020-04-21 08:18:00 - [TEST_STEP][PASSED] - Thread.sleep(1000): null

2020-04-21 08:18:01 - [TEST_STEP][PASSED] - try: null

2020-04-21 08:18:01 - [TEST_STEP][PASSED] - if (selenium.isElementPresent("id=consent-checkbox-0")): null

2020-04-21 08:18:01 - [TEST_STEP][PASSED] - break: null

2020-04-21 08:18:01 - [TEST_STEP][PASSED] - callTestCase(findTestCase("AHI/_include/get_screenshot"), [:], STOP_ON_FAILURE): Call Test Case 'Test Cases/AHI/_include/get_screenshot' successfully

2020-04-21 08:18:01 - [TEST_CASE][PASSED] - Test Cases/AHI/_include/get_screenshot: Test Cases/AHI/_include/get_screenshot

2020-04-21 08:18:01 - [TEST_STEP][PASSED] - Thread.sleep(1000): null

2020-04-21 08:18:02 - [TEST_STEP][PASSED] - takeScreenshot(screenPath + i + ".png"): Taking screenshot successfully

2020-04-21 08:18:03 - [MESSAGE][PASSED] - Taking screenshot successfully
[[ATTACHMENT|D:\\Test\\AgileTest\\Reports\\AHI\\ahi\\20200421_080048\\../Screenshots/iPhone 6/AHI/Cancer Insurance/20200421_081614/8.png]]

2020-04-21 08:18:03 - [TEST_STEP][PASSED] - (internal.GlobalVariable.i++): null

2020-04-21 08:18:03 - [MESSAGE][PASSED] - Call Test Case 'Test Cases/AHI/_include/get_screenshot' successfully

2020-04-21 08:18:03 - [TEST_STEP][PASSED] - selenium.click("id=consent-checkbox-0"): null

2020-04-21 08:18:03 - [TEST_STEP][PASSED] - selenium.click("id=js-signature-tab"): null

2020-04-21 08:18:04 - [TEST_STEP][PASSED] - selenium.click("id=js-app-continue-link"): null

2020-04-21 08:18:05 - [TEST_STEP][PASSED] - for ([second = 0, second < 30, (second++)]): null

2020-04-21 08:18:05 - [TEST_STEP][PASSED] - try: null

2020-04-21 08:18:05 - [TEST_STEP][PASSED] - if (selenium.isElementPresent("xpath=//h2[contains(text(),'Thank You')]")): null

2020-04-21 08:18:05 - [TEST_STEP][PASSED] - Thread.sleep(1000): null

2020-04-21 08:18:06 - [TEST_STEP][PASSED] - try: null

2020-04-21 08:18:06 - [TEST_STEP][PASSED] - if (selenium.isElementPresent("xpath=//h2[contains(text(),'Thank You')]")): null

2020-04-21 08:18:07 - [TEST_STEP][PASSED] - Thread.sleep(1000): null

2020-04-21 08:18:08 - [TEST_STEP][PASSED] - try: null

2020-04-21 08:18:08 - [TEST_STEP][PASSED] - if (selenium.isElementPresent("xpath=//h2[contains(text(),'Thank You')]")): null

2020-04-21 08:18:08 - [TEST_STEP][PASSED] - Thread.sleep(1000): null

2020-04-21 08:18:09 - [TEST_STEP][PASSED] - try: null

2020-04-21 08:18:09 - [TEST_STEP][PASSED] - if (selenium.isElementPresent("xpath=//h2[contains(text(),'Thank You')]")): null

2020-04-21 08:18:09 - [TEST_STEP][PASSED] - Thread.sleep(1000): null

2020-04-21 08:18:10 - [TEST_STEP][PASSED] - try: null

2020-04-21 08:18:10 - [TEST_STEP][PASSED] - if (selenium.isElementPresent("xpath=//h2[contains(text(),'Thank You')]")): null

2020-04-21 08:18:10 - [TEST_STEP][PASSED] - Thread.sleep(1000): null

2020-04-21 08:18:11 - [TEST_STEP][PASSED] - try: null

2020-04-21 08:18:11 - [TEST_STEP][PASSED] - if (selenium.isElementPresent("xpath=//h2[contains(text(),'Thank You')]")): null

2020-04-21 08:18:11 - [TEST_STEP][PASSED] - Thread.sleep(1000): null

2020-04-21 08:18:12 - [TEST_STEP][PASSED] - try: null

2020-04-21 08:18:12 - [TEST_STEP][PASSED] - if (selenium.isElementPresent("xpath=//h2[contains(text(),'Thank You')]")): null

2020-04-21 08:18:12 - [TEST_STEP][PASSED] - Thread.sleep(1000): null

2020-04-21 08:18:13 - [TEST_STEP][PASSED] - try: null

2020-04-21 08:18:13 - [TEST_STEP][PASSED] - if (selenium.isElementPresent("xpath=//h2[contains(text(),'Thank You')]")): null

2020-04-21 08:18:13 - [TEST_STEP][PASSED] - Thread.sleep(1000): null

2020-04-21 08:18:14 - [TEST_STEP][PASSED] - try: null

2020-04-21 08:18:14 - [TEST_STEP][PASSED] - if (selenium.isElementPresent("xpath=//h2[contains(text(),'Thank You')]")): null

2020-04-21 08:18:14 - [TEST_STEP][PASSED] - Thread.sleep(1000): null

2020-04-21 08:18:15 - [TEST_STEP][PASSED] - try: null

2020-04-21 08:18:15 - [TEST_STEP][PASSED] - if (selenium.isElementPresent("xpath=//h2[contains(text(),'Thank You')]")): null

2020-04-21 08:18:15 - [TEST_STEP][PASSED] - Thread.sleep(1000): null

2020-04-21 08:18:16 - [TEST_STEP][PASSED] - try: null

2020-04-21 08:18:16 - [TEST_STEP][PASSED] - if (selenium.isElementPresent("xpath=//h2[contains(text(),'Thank You')]")): null

2020-04-21 08:18:16 - [TEST_STEP][PASSED] - Thread.sleep(1000): null

2020-04-21 08:18:17 - [TEST_STEP][PASSED] - try: null

2020-04-21 08:18:17 - [TEST_STEP][PASSED] - if (selenium.isElementPresent("xpath=//h2[contains(text(),'Thank You')]")): null

2020-04-21 08:18:17 - [TEST_STEP][PASSED] - Thread.sleep(1000): null

2020-04-21 08:18:18 - [TEST_STEP][PASSED] - try: null

2020-04-21 08:18:18 - [TEST_STEP][PASSED] - if (selenium.isElementPresent("xpath=//h2[contains(text(),'Thank You')]")): null

2020-04-21 08:18:19 - [TEST_STEP][PASSED] - Thread.sleep(1000): null

2020-04-21 08:18:20 - [TEST_STEP][PASSED] - try: null

2020-04-21 08:18:20 - [TEST_STEP][PASSED] - if (selenium.isElementPresent("xpath=//h2[contains(text(),'Thank You')]")): null

2020-04-21 08:18:20 - [TEST_STEP][PASSED] - Thread.sleep(1000): null

2020-04-21 08:18:21 - [TEST_STEP][PASSED] - try: null

2020-04-21 08:18:21 - [TEST_STEP][PASSED] - if (selenium.isElementPresent("xpath=//h2[contains(text(),'Thank You')]")): null

2020-04-21 08:18:21 - [TEST_STEP][PASSED] - Thread.sleep(1000): null

2020-04-21 08:18:22 - [TEST_STEP][PASSED] - try: null

2020-04-21 08:18:22 - [TEST_STEP][PASSED] - if (selenium.isElementPresent("xpath=//h2[contains(text(),'Thank You')]")): null

2020-04-21 08:18:22 - [TEST_STEP][PASSED] - Thread.sleep(1000): null

2020-04-21 08:18:23 - [TEST_STEP][PASSED] - try: null

2020-04-21 08:18:23 - [TEST_STEP][PASSED] - if (selenium.isElementPresent("xpath=//h2[contains(text(),'Thank You')]")): null

2020-04-21 08:18:23 - [TEST_STEP][PASSED] - Thread.sleep(1000): null

2020-04-21 08:18:24 - [TEST_STEP][PASSED] - try: null

2020-04-21 08:18:24 - [TEST_STEP][PASSED] - if (selenium.isElementPresent("xpath=//h2[contains(text(),'Thank You')]")): null

2020-04-21 08:18:24 - [TEST_STEP][PASSED] - Thread.sleep(1000): null

2020-04-21 08:18:25 - [TEST_STEP][PASSED] - try: null

2020-04-21 08:18:25 - [TEST_STEP][PASSED] - if (selenium.isElementPresent("xpath=//h2[contains(text(),'Thank You')]")): null

2020-04-21 08:18:25 - [TEST_STEP][PASSED] - Thread.sleep(1000): null

2020-04-21 08:18:26 - [TEST_STEP][PASSED] - try: null

2020-04-21 08:18:26 - [TEST_STEP][PASSED] - if (selenium.isElementPresent("xpath=//h2[contains(text(),'Thank You')]")): null

2020-04-21 08:18:26 - [TEST_STEP][PASSED] - Thread.sleep(1000): null

2020-04-21 08:18:27 - [TEST_STEP][PASSED] - try: null

2020-04-21 08:18:27 - [TEST_STEP][PASSED] - if (selenium.isElementPresent("xpath=//h2[contains(text(),'Thank You')]")): null

2020-04-21 08:18:27 - [TEST_STEP][PASSED] - Thread.sleep(1000): null

2020-04-21 08:18:28 - [TEST_STEP][PASSED] - try: null

2020-04-21 08:18:28 - [TEST_STEP][PASSED] - if (selenium.isElementPresent("xpath=//h2[contains(text(),'Thank You')]")): null

2020-04-21 08:18:28 - [TEST_STEP][PASSED] - Thread.sleep(1000): null

2020-04-21 08:18:29 - [TEST_STEP][PASSED] - try: null

2020-04-21 08:18:29 - [TEST_STEP][PASSED] - if (selenium.isElementPresent("xpath=//h2[contains(text(),'Thank You')]")): null

2020-04-21 08:18:29 - [TEST_STEP][PASSED] - Thread.sleep(1000): null

2020-04-21 08:18:30 - [TEST_STEP][PASSED] - try: null

2020-04-21 08:18:30 - [TEST_STEP][PASSED] - if (selenium.isElementPresent("xpath=//h2[contains(text(),'Thank You')]")): null

2020-04-21 08:18:30 - [TEST_STEP][PASSED] - Thread.sleep(1000): null

2020-04-21 08:18:31 - [TEST_STEP][PASSED] - try: null

2020-04-21 08:18:31 - [TEST_STEP][PASSED] - if (selenium.isElementPresent("xpath=//h2[contains(text(),'Thank You')]")): null

2020-04-21 08:18:31 - [TEST_STEP][PASSED] - Thread.sleep(1000): null

2020-04-21 08:18:32 - [TEST_STEP][PASSED] - try: null

2020-04-21 08:18:32 - [TEST_STEP][PASSED] - if (selenium.isElementPresent("xpath=//h2[contains(text(),'Thank You')]")): null

2020-04-21 08:18:32 - [TEST_STEP][PASSED] - Thread.sleep(1000): null

2020-04-21 08:18:33 - [TEST_STEP][PASSED] - try: null

2020-04-21 08:18:33 - [TEST_STEP][PASSED] - if (selenium.isElementPresent("xpath=//h2[contains(text(),'Thank You')]")): null

2020-04-21 08:18:33 - [TEST_STEP][PASSED] - Thread.sleep(1000): null

2020-04-21 08:18:34 - [TEST_STEP][PASSED] - try: null

2020-04-21 08:18:34 - [TEST_STEP][PASSED] - if (selenium.isElementPresent("xpath=//h2[contains(text(),'Thank You')]")): null

2020-04-21 08:18:34 - [TEST_STEP][PASSED] - Thread.sleep(1000): null

2020-04-21 08:18:35 - [TEST_STEP][PASSED] - try: null

2020-04-21 08:18:35 - [TEST_STEP][PASSED] - if (selenium.isElementPresent("xpath=//h2[contains(text(),'Thank You')]")): null

2020-04-21 08:18:35 - [TEST_STEP][PASSED] - Thread.sleep(1000): null

2020-04-21 08:18:36 - [TEST_STEP][PASSED] - try: null

2020-04-21 08:18:36 - [TEST_STEP][PASSED] - if (selenium.isElementPresent("xpath=//h2[contains(text(),'Thank You')]")): null

2020-04-21 08:18:37 - [TEST_STEP][PASSED] - Thread.sleep(1000): null

2020-04-21 08:18:38 - [TEST_STEP][PASSED] - callTestCase(findTestCase("AHI/_include/get_screenshot"), [:], STOP_ON_FAILURE): Call Test Case 'Test Cases/AHI/_include/get_screenshot' successfully

2020-04-21 08:18:38 - [TEST_CASE][PASSED] - Test Cases/AHI/_include/get_screenshot: Test Cases/AHI/_include/get_screenshot

2020-04-21 08:18:38 - [TEST_STEP][PASSED] - Thread.sleep(1000): null

2020-04-21 08:18:39 - [TEST_STEP][PASSED] - takeScreenshot(screenPath + i + ".png"): Taking screenshot successfully

2020-04-21 08:18:39 - [MESSAGE][PASSED] - Taking screenshot successfully
[[ATTACHMENT|D:\\Test\\AgileTest\\Reports\\AHI\\ahi\\20200421_080048\\../Screenshots/iPhone 6/AHI/Cancer Insurance/20200421_081614/9.png]]

2020-04-21 08:18:39 - [TEST_STEP][PASSED] - (internal.GlobalVariable.i++): null

2020-04-21 08:18:39 - [MESSAGE][PASSED] - Call Test Case 'Test Cases/AHI/_include/get_screenshot' successfully]]></system-out>
         <system-err><![CDATA[]]></system-err>
      </testcase>
      <testcase name="Test Cases/AHI/NEW/Dental/National General" classname="Test Cases/AHI/NEW/Dental/National General" status="PASSED">
         <system-out><![CDATA[2020-04-21 08:18:39 - [TEST_CASE][PASSED] - Test Cases/AHI/NEW/Dental/National General: Test Cases/AHI/NEW/Dental/National General

2020-04-21 08:18:39 - [TEST_STEP][PASSED] - callTestCase(findTestCase("AHI/_include/get_screenPath"), ["productLine":"AHI", "carrierName":"Dental - National General"], CONTINUE_ON_FAILURE): Call Test Case 'Test Cases/AHI/_include/get_screenPath' successfully

2020-04-21 08:18:39 - [TEST_CASE][PASSED] - Test Cases/AHI/_include/get_screenPath: Test Cases/AHI/_include/get_screenPath

2020-04-21 08:18:39 - [TEST_STEP][PASSED] - m = getExecutionProperties(): null

2020-04-21 08:18:39 - [TEST_STEP][PASSED] - deviceName = get("mobileEmulation").get("deviceName"): null

2020-04-21 08:18:39 - [TEST_STEP][PASSED] - println(deviceName): null

2020-04-21 08:18:39 - [TEST_STEP][PASSED] - now = new java.util.Date(): null

2020-04-21 08:18:39 - [TEST_STEP][PASSED] - mydate = now.format("yyyyMMdd_HHmmss"): null

2020-04-21 08:18:39 - [TEST_STEP][PASSED] - screenPath = "../Screenshots/": null

2020-04-21 08:18:39 - [TEST_STEP][PASSED] - screenPath = screenPath + deviceName + "/" + productLine + "/" + carrierName + "/" + mydate + "/": null

2020-04-21 08:18:39 - [TEST_STEP][PASSED] - println(screenPath): null

2020-04-21 08:18:39 - [MESSAGE][PASSED] - Call Test Case 'Test Cases/AHI/_include/get_screenPath' successfully

2020-04-21 08:18:39 - [TEST_STEP][PASSED] - i = 0: null

2020-04-21 08:18:39 - [TEST_STEP][PASSED] - callTestCase(findTestCase("AHI/_include/openWebSite"), [:], STOP_ON_FAILURE): Call Test Case 'Test Cases/AHI/_include/openWebSite' successfully

2020-04-21 08:18:39 - [TEST_CASE][PASSED] - Test Cases/AHI/_include/openWebSite: Test Cases/AHI/_include/openWebSite

2020-04-21 08:18:39 - [TEST_STEP][PASSED] - openBrowser(env): Browser is opened with url: 'https://praetemptatus.agilehealthinsurance.com'

2020-04-21 08:18:39 - [MESSAGE][WARNING] - A browser is already opened. Closing browser and opening a new one

2020-04-21 08:18:40 - [MESSAGE][INFO] - Starting 'Chrome' driver

2020-04-21 08:18:40 - [MESSAGE][INFO] - User set preference: ['mobileEmulation', '{deviceName=iPhone 6}']

2020-04-21 08:18:40 - [MESSAGE][INFO] - User set preference: ['args', '[--incognito, --aggressive-cache-discard, --window-size=375,677, --no-sandbox, --ignore-certificate-errors]']

2020-04-21 08:18:58 - [MESSAGE][PASSED] - Browser is opened with url: 'https://praetemptatus.agilehealthinsurance.com'

2020-04-21 08:18:58 - [TEST_STEP][PASSED] - waitForPageLoad(20): Wait for page load successfully

2020-04-21 08:18:58 - [MESSAGE][PASSED] - Wait for page load successfully

2020-04-21 08:18:58 - [TEST_STEP][PASSED] - callTestCase(findTestCase("AHI/_include/get_screenshot"), [:], STOP_ON_FAILURE): Call Test Case 'Test Cases/AHI/_include/get_screenshot' successfully

2020-04-21 08:18:58 - [TEST_CASE][PASSED] - Test Cases/AHI/_include/get_screenshot: Test Cases/AHI/_include/get_screenshot

2020-04-21 08:18:58 - [TEST_STEP][PASSED] - Thread.sleep(1000): null

2020-04-21 08:18:59 - [TEST_STEP][PASSED] - takeScreenshot(screenPath + i + ".png"): Taking screenshot successfully

2020-04-21 08:19:00 - [MESSAGE][PASSED] - Taking screenshot successfully
[[ATTACHMENT|D:\\Test\\AgileTest\\Reports\\AHI\\ahi\\20200421_080048\\../Screenshots/iPhone 6/AHI/Dental - National General/20200421_081839/0.png]]

2020-04-21 08:19:00 - [TEST_STEP][PASSED] - (internal.GlobalVariable.i++): null

2020-04-21 08:19:00 - [MESSAGE][PASSED] - Call Test Case 'Test Cases/AHI/_include/get_screenshot' successfully

2020-04-21 08:19:00 - [MESSAGE][PASSED] - Call Test Case 'Test Cases/AHI/_include/openWebSite' successfully

2020-04-21 08:19:00 - [TEST_STEP][PASSED] - driver = getWebDriver(): null

2020-04-21 08:19:00 - [TEST_STEP][PASSED] - baseUrl = ENV: null

2020-04-21 08:19:00 - [TEST_STEP][PASSED] - selenium = new com.thoughtworks.selenium.webdriven.WebDriverBackedSelenium(driver, baseUrl): null

2020-04-21 08:19:00 - [TEST_STEP][PASSED] - selenium.click("//*[@class='filter-option-inner-inner']"): null

2020-04-21 08:19:00 - [TEST_STEP][PASSED] - selenium.click("id=bs-select-1-2"): null

2020-04-21 08:19:00 - [TEST_STEP][PASSED] - selenium.click("id=primaryCTA"): null

2020-04-21 08:19:09 - [TEST_STEP][PASSED] - for ([second = 0, second < 20, (second++)]): null

2020-04-21 08:19:09 - [TEST_STEP][PASSED] - try: null

2020-04-21 08:19:09 - [TEST_STEP][PASSED] - if (selenium.isElementPresent("id=zip-input")): null

2020-04-21 08:19:09 - [TEST_STEP][PASSED] - break: null

2020-04-21 08:19:09 - [TEST_STEP][PASSED] - callTestCase(findTestCase("AHI/_include/get_screenshot"), [:], STOP_ON_FAILURE): Call Test Case 'Test Cases/AHI/_include/get_screenshot' successfully

2020-04-21 08:19:09 - [TEST_CASE][PASSED] - Test Cases/AHI/_include/get_screenshot: Test Cases/AHI/_include/get_screenshot

2020-04-21 08:19:09 - [TEST_STEP][PASSED] - Thread.sleep(1000): null

2020-04-21 08:19:10 - [TEST_STEP][PASSED] - takeScreenshot(screenPath + i + ".png"): Taking screenshot successfully

2020-04-21 08:19:10 - [MESSAGE][PASSED] - Taking screenshot successfully
[[ATTACHMENT|D:\\Test\\AgileTest\\Reports\\AHI\\ahi\\20200421_080048\\../Screenshots/iPhone 6/AHI/Dental - National General/20200421_081839/1.png]]

2020-04-21 08:19:10 - [TEST_STEP][PASSED] - (internal.GlobalVariable.i++): null

2020-04-21 08:19:10 - [MESSAGE][PASSED] - Call Test Case 'Test Cases/AHI/_include/get_screenshot' successfully

2020-04-21 08:19:10 - [TEST_STEP][PASSED] - setText(findTestObject("mobileSanity/Dental/census/input_Location_zip-input"), "35215"): Text '35215' is set on object 'Object Repository/mobileSanity/Dental/census/input_Location_zip-input'

2020-04-21 08:19:11 - [MESSAGE][PASSED] - Text '35215' is set on object 'Object Repository/mobileSanity/Dental/census/input_Location_zip-input'

2020-04-21 08:19:11 - [TEST_STEP][PASSED] - setText(findTestObject("mobileSanity/Dental/census/input_Date of Birth_dob-0"), "12121980"): Text '12121980' is set on object 'Object Repository/mobileSanity/Dental/census/input_Date of Birth_dob-0'

2020-04-21 08:19:11 - [MESSAGE][PASSED] - Text '12121980' is set on object 'Object Repository/mobileSanity/Dental/census/input_Date of Birth_dob-0'

2020-04-21 08:19:11 - [TEST_STEP][PASSED] - click(findTestObject("mobileSanity/Dental/census/label_Male")): Object: 'Object Repository/mobileSanity/Dental/census/label_Male' is clicked on

2020-04-21 08:19:11 - [MESSAGE][PASSED] - Object: 'Object Repository/mobileSanity/Dental/census/label_Male' is clicked on

2020-04-21 08:19:11 - [TEST_STEP][PASSED] - selenium.click("id=js-see-plans"): null

2020-04-21 08:19:21 - [TEST_STEP][PASSED] - for ([second = 0, second < 20, (second++)]): null

2020-04-21 08:19:21 - [TEST_STEP][PASSED] - try: null

2020-04-21 08:19:21 - [TEST_STEP][PASSED] - if (selenium.isElementPresent("id=js-quote-header")): null

2020-04-21 08:19:25 - [TEST_STEP][PASSED] - break: null

2020-04-21 08:19:25 - [TEST_STEP][PASSED] - callTestCase(findTestCase("AHI/_include/get_screenshot"), [:], STOP_ON_FAILURE): Call Test Case 'Test Cases/AHI/_include/get_screenshot' successfully

2020-04-21 08:19:25 - [TEST_CASE][PASSED] - Test Cases/AHI/_include/get_screenshot: Test Cases/AHI/_include/get_screenshot

2020-04-21 08:19:25 - [TEST_STEP][PASSED] - Thread.sleep(1000): null

2020-04-21 08:19:26 - [TEST_STEP][PASSED] - takeScreenshot(screenPath + i + ".png"): Taking screenshot successfully

2020-04-21 08:19:26 - [MESSAGE][PASSED] - Taking screenshot successfully
[[ATTACHMENT|D:\\Test\\AgileTest\\Reports\\AHI\\ahi\\20200421_080048\\../Screenshots/iPhone 6/AHI/Dental - National General/20200421_081839/2.png]]

2020-04-21 08:19:26 - [TEST_STEP][PASSED] - (internal.GlobalVariable.i++): null

2020-04-21 08:19:26 - [MESSAGE][PASSED] - Call Test Case 'Test Cases/AHI/_include/get_screenshot' successfully

2020-04-21 08:19:26 - [TEST_STEP][PASSED] - click(findTestObject("mobileSanity/Dental/filter/btn_filter")): Object: 'Object Repository/mobileSanity/Dental/filter/btn_filter' is clicked on

2020-04-21 08:19:27 - [MESSAGE][PASSED] - Object: 'Object Repository/mobileSanity/Dental/filter/btn_filter' is clicked on

2020-04-21 08:19:27 - [TEST_STEP][PASSED] - waitForElementVisible(findTestObject("mobileSanity/Dental/filter/btn_company"), 10): Object 'Object Repository/mobileSanity/Dental/filter/btn_company' is visible

2020-04-21 08:19:27 - [MESSAGE][PASSED] - Object 'Object Repository/mobileSanity/Dental/filter/btn_company' is visible

2020-04-21 08:19:27 - [TEST_STEP][PASSED] - click(findTestObject("mobileSanity/Dental/filter/btn_company")): Object: 'Object Repository/mobileSanity/Dental/filter/btn_company' is clicked on

2020-04-21 08:19:27 - [MESSAGE][PASSED] - Object: 'Object Repository/mobileSanity/Dental/filter/btn_company' is clicked on

2020-04-21 08:19:27 - [TEST_STEP][PASSED] - Thread.sleep(2000): null

2020-04-21 08:19:29 - [TEST_STEP][PASSED] - click(findTestObject("mobileSanity/Dental/filter/btn_ng")): Object: 'Object Repository/mobileSanity/Dental/filter/btn_ng' is clicked on

2020-04-21 08:19:29 - [MESSAGE][PASSED] - Object: 'Object Repository/mobileSanity/Dental/filter/btn_ng' is clicked on

2020-04-21 08:19:29 - [TEST_STEP][PASSED] - waitForJQueryLoad(20, STOP_ON_FAILURE): jQuery is ready.

2020-04-21 08:19:30 - [MESSAGE][PASSED] - jQuery is ready.

2020-04-21 08:19:30 - [TEST_STEP][PASSED] - callTestCase(findTestCase("AHI/_include/get_screenshot"), [:], STOP_ON_FAILURE): Call Test Case 'Test Cases/AHI/_include/get_screenshot' successfully

2020-04-21 08:19:30 - [TEST_CASE][PASSED] - Test Cases/AHI/_include/get_screenshot: Test Cases/AHI/_include/get_screenshot

2020-04-21 08:19:30 - [TEST_STEP][PASSED] - Thread.sleep(1000): null

2020-04-21 08:19:31 - [TEST_STEP][PASSED] - takeScreenshot(screenPath + i + ".png"): Taking screenshot successfully

2020-04-21 08:19:31 - [MESSAGE][PASSED] - Taking screenshot successfully
[[ATTACHMENT|D:\\Test\\AgileTest\\Reports\\AHI\\ahi\\20200421_080048\\../Screenshots/iPhone 6/AHI/Dental - National General/20200421_081839/3.png]]

2020-04-21 08:19:31 - [TEST_STEP][PASSED] - (internal.GlobalVariable.i++): null

2020-04-21 08:19:31 - [MESSAGE][PASSED] - Call Test Case 'Test Cases/AHI/_include/get_screenshot' successfully

2020-04-21 08:19:31 - [TEST_STEP][PASSED] - click(findTestObject("mobileSanity/Dental/filter/btn_filter")): Object: 'Object Repository/mobileSanity/Dental/filter/btn_filter' is clicked on

2020-04-21 08:19:32 - [MESSAGE][PASSED] - Object: 'Object Repository/mobileSanity/Dental/filter/btn_filter' is clicked on

2020-04-21 08:19:32 - [TEST_STEP][PASSED] - Thread.sleep(2000): null

2020-04-21 08:19:34 - [TEST_STEP][PASSED] - scrollToPosition(0, 600): Browser is scrolled to position x = 0, y = 600

2020-04-21 08:19:34 - [MESSAGE][PASSED] - Browser is scrolled to position x = 0, y = 600

2020-04-21 08:19:34 - [TEST_STEP][PASSED] - Thread.sleep(2000): null

2020-04-21 08:19:36 - [TEST_STEP][PASSED] - click(findTestObject("mobileSanity/Dental/quote/a_Select This Plan")): Object: 'Object Repository/mobileSanity/Dental/quote/a_Select This Plan' is clicked on

2020-04-21 08:19:37 - [MESSAGE][PASSED] - Object: 'Object Repository/mobileSanity/Dental/quote/a_Select This Plan' is clicked on

2020-04-21 08:19:37 - [TEST_STEP][PASSED] - waitForPageLoad(10): Wait for page load successfully

2020-04-21 08:19:38 - [MESSAGE][PASSED] - Wait for page load successfully

2020-04-21 08:19:38 - [TEST_STEP][PASSED] - callTestCase(findTestCase("AHI/_include/get_screenshot"), [:], STOP_ON_FAILURE): Call Test Case 'Test Cases/AHI/_include/get_screenshot' successfully

2020-04-21 08:19:38 - [TEST_CASE][PASSED] - Test Cases/AHI/_include/get_screenshot: Test Cases/AHI/_include/get_screenshot

2020-04-21 08:19:38 - [TEST_STEP][PASSED] - Thread.sleep(1000): null

2020-04-21 08:19:39 - [TEST_STEP][PASSED] - takeScreenshot(screenPath + i + ".png"): Taking screenshot successfully

2020-04-21 08:19:39 - [MESSAGE][PASSED] - Taking screenshot successfully
[[ATTACHMENT|D:\\Test\\AgileTest\\Reports\\AHI\\ahi\\20200421_080048\\../Screenshots/iPhone 6/AHI/Dental - National General/20200421_081839/4.png]]

2020-04-21 08:19:39 - [TEST_STEP][PASSED] - (internal.GlobalVariable.i++): null

2020-04-21 08:19:39 - [MESSAGE][PASSED] - Call Test Case 'Test Cases/AHI/_include/get_screenshot' successfully

2020-04-21 08:19:39 - [TEST_STEP][PASSED] - Thread.sleep(3000): null

2020-04-21 08:19:42 - [TEST_STEP][PASSED] - click(findTestObject("mobileSanity/Dental/apply/span_Start Secure Application")): Object: 'Object Repository/mobileSanity/Dental/apply/span_Start Secure Application' is clicked on

2020-04-21 08:19:43 - [MESSAGE][PASSED] - Object: 'Object Repository/mobileSanity/Dental/apply/span_Start Secure Application' is clicked on

2020-04-21 08:19:43 - [TEST_STEP][PASSED] - for ([second = 0, second < 20, (second++)]): null

2020-04-21 08:19:43 - [TEST_STEP][PASSED] - try: null

2020-04-21 08:19:43 - [TEST_STEP][PASSED] - if (selenium.isElementPresent("id=member-P-1-firstName")): null

2020-04-21 08:19:44 - [TEST_STEP][PASSED] - Thread.sleep(1000): null

2020-04-21 08:19:45 - [TEST_STEP][PASSED] - try: null

2020-04-21 08:19:45 - [TEST_STEP][PASSED] - if (selenium.isElementPresent("id=member-P-1-firstName")): null

2020-04-21 08:19:45 - [TEST_STEP][PASSED] - break: null

2020-04-21 08:19:45 - [TEST_STEP][PASSED] - callTestCase(findTestCase("AHI/_include/get_screenshot"), [:], STOP_ON_FAILURE): Call Test Case 'Test Cases/AHI/_include/get_screenshot' successfully

2020-04-21 08:19:45 - [TEST_CASE][PASSED] - Test Cases/AHI/_include/get_screenshot: Test Cases/AHI/_include/get_screenshot

2020-04-21 08:19:45 - [TEST_STEP][PASSED] - Thread.sleep(1000): null

2020-04-21 08:19:46 - [TEST_STEP][PASSED] - takeScreenshot(screenPath + i + ".png"): Taking screenshot successfully

2020-04-21 08:19:47 - [MESSAGE][PASSED] - Taking screenshot successfully
[[ATTACHMENT|D:\\Test\\AgileTest\\Reports\\AHI\\ahi\\20200421_080048\\../Screenshots/iPhone 6/AHI/Dental - National General/20200421_081839/5.png]]

2020-04-21 08:19:47 - [TEST_STEP][PASSED] - (internal.GlobalVariable.i++): null

2020-04-21 08:19:47 - [MESSAGE][PASSED] - Call Test Case 'Test Cases/AHI/_include/get_screenshot' successfully

2020-04-21 08:19:47 - [TEST_STEP][PASSED] - callTestCase(findTestCase("AHI/_include/name"), [:], CONTINUE_ON_FAILURE): Call Test Case 'Test Cases/AHI/_include/name' successfully

2020-04-21 08:19:47 - [TEST_CASE][PASSED] - Test Cases/AHI/_include/name: Test Cases/AHI/_include/name

2020-04-21 08:19:47 - [TEST_STEP][PASSED] - driver = getWebDriver(): null

2020-04-21 08:19:47 - [TEST_STEP][PASSED] - selenium = new com.thoughtworks.selenium.webdriven.WebDriverBackedSelenium(driver, internal.GlobalVariable.ENV): null

2020-04-21 08:19:47 - [TEST_STEP][PASSED] - FirstName = "Test-123": null

2020-04-21 08:19:47 - [TEST_STEP][PASSED] - LastName = selenium.getEval("{var x="ABCDEFGHIJKLMNOPQRSTUVWXYZabcdefghijklmnopqrstuvwxyz"; var tmp="ZZ11-"; for (i=0;i<8;i++) tmp+=x.charAt(Math.ceil(51*Math.random()));tmp;}"): null

2020-04-21 08:19:47 - [TEST_STEP][PASSED] - Address = selenium.getEval("{var x="ABCDEFGHIJKLMNOPQRSTUVWXYZabcdefghijklmnopqrstuvwxyz"; var tmp=""; for (i=0;i<8;i++) tmp+=x.charAt(Math.ceil(51*Math.random()));tmp;}"): null

2020-04-21 08:19:47 - [TEST_STEP][PASSED] - City = selenium.getEval("{var x="ABCDEFGHIJKLMNOPQRSTUVWXYZabcdefghijklmnopqrstuvwxyz"; var tmp=""; for (i=0;i<8;i++) tmp+=x.charAt(Math.ceil(51*Math.random()));tmp;}"): null

2020-04-21 08:19:47 - [TEST_STEP][PASSED] - tel1 = selenium.getEval("{var x="123456789"; var tmp=""; for (i=0;i<3;i++) tmp+=x.charAt(Math.ceil(8*Math.random()));tmp;}"): null

2020-04-21 08:19:47 - [TEST_STEP][PASSED] - tel2 = selenium.getEval("{var x="123456789"; var tmp=""; for (i=0;i<3;i++) tmp+=x.charAt(Math.ceil(8*Math.random()));tmp;}"): null

2020-04-21 08:19:47 - [TEST_STEP][PASSED] - tel3 = selenium.getEval("{var x="123456789"; var tmp=""; for (i=0;i<4;i++) tmp+=x.charAt(Math.ceil(8*Math.random()));tmp;}"): null

2020-04-21 08:19:47 - [TEST_STEP][PASSED] - Tel = selenium.getExpression(tel1 + "-" + tel2 + "-" + tel3): null

2020-04-21 08:19:47 - [TEST_STEP][PASSED] - AutoEmail = selenium.getEval("{var x="ABCDEFGHIJKLMNOPQRSTUVWXYZabcdefghijklmnopqrstuvwxyz"; var tmp="test."; for (i=0;i<8;i++) tmp+=x.charAt(Math.ceil(51*Math.random()));tmp+="@suryani.cn";}"): null

2020-04-21 08:19:47 - [TEST_STEP][PASSED] - FirstName = FirstName: null

2020-04-21 08:19:47 - [TEST_STEP][PASSED] - LastName = LastName: null

2020-04-21 08:19:47 - [TEST_STEP][PASSED] - Address = Address: null

2020-04-21 08:19:47 - [TEST_STEP][PASSED] - City = City: null

2020-04-21 08:19:47 - [TEST_STEP][PASSED] - Tel = Tel: null

2020-04-21 08:19:47 - [TEST_STEP][PASSED] - AutoEmail = AutoEmail: null

2020-04-21 08:19:47 - [TEST_STEP][PASSED] - println(FirstName): null

2020-04-21 08:19:47 - [TEST_STEP][PASSED] - println(LastName): null

2020-04-21 08:19:47 - [TEST_STEP][PASSED] - println(Address): null

2020-04-21 08:19:47 - [TEST_STEP][PASSED] - println(City): null

2020-04-21 08:19:47 - [TEST_STEP][PASSED] - println(Tel): null

2020-04-21 08:19:47 - [TEST_STEP][PASSED] - println(AutoEmail): null

2020-04-21 08:19:47 - [MESSAGE][PASSED] - Call Test Case 'Test Cases/AHI/_include/name' successfully

2020-04-21 08:19:47 - [TEST_STEP][PASSED] - Thread.sleep(3000): null

2020-04-21 08:19:50 - [TEST_STEP][PASSED] - setText(findTestObject("mobileSanity/Dental/app_page1/input__member-P-1-firstName"), FirstName): Text 'Test-123' is set on object 'Object Repository/mobileSanity/Dental/app_page1/input__member-P-1-firstName'

2020-04-21 08:19:50 - [MESSAGE][PASSED] - Text 'Test-123' is set on object 'Object Repository/mobileSanity/Dental/app_page1/input__member-P-1-firstName'

2020-04-21 08:19:50 - [TEST_STEP][PASSED] - setText(findTestObject("mobileSanity/Dental/app_page1/input__member-P-1-lastName"), LastName): Text 'ZZ11-TSVqfXRX' is set on object 'Object Repository/mobileSanity/Dental/app_page1/input__member-P-1-lastName'

2020-04-21 08:19:52 - [MESSAGE][PASSED] - Text 'ZZ11-TSVqfXRX' is set on object 'Object Repository/mobileSanity/Dental/app_page1/input__member-P-1-lastName'

2020-04-21 08:19:52 - [TEST_STEP][PASSED] - setText(findTestObject("mobileSanity/Dental/app_page1/input__address"), Address): Text 'TrxOiBbX' is set on object 'Object Repository/mobileSanity/Dental/app_page1/input__address'

2020-04-21 08:19:53 - [MESSAGE][PASSED] - Text 'TrxOiBbX' is set on object 'Object Repository/mobileSanity/Dental/app_page1/input__address'

2020-04-21 08:19:53 - [TEST_STEP][PASSED] - setText(findTestObject("mobileSanity/Dental/app_page1/input__city"), City): Text 'IErnRrZq' is set on object 'Object Repository/mobileSanity/Dental/app_page1/input__city'

2020-04-21 08:19:54 - [MESSAGE][PASSED] - Text 'IErnRrZq' is set on object 'Object Repository/mobileSanity/Dental/app_page1/input__city'

2020-04-21 08:19:54 - [TEST_STEP][PASSED] - setText(findTestObject("mobileSanity/Dental/app_page1/input__email"), AutoEmail): Text 'test.RCElbQMF@suryani.cn' is set on object 'Object Repository/mobileSanity/Dental/app_page1/input__email'

2020-04-21 08:19:54 - [MESSAGE][PASSED] - Text 'test.RCElbQMF@suryani.cn' is set on object 'Object Repository/mobileSanity/Dental/app_page1/input__email'

2020-04-21 08:19:54 - [TEST_STEP][PASSED] - setText(findTestObject("mobileSanity/Dental/app_page1/input_phone"), Tel): Text '422-335-2366' is set on object 'Object Repository/mobileSanity/Dental/app_page1/input_phone'

2020-04-21 08:19:54 - [MESSAGE][PASSED] - Text '422-335-2366' is set on object 'Object Repository/mobileSanity/Dental/app_page1/input_phone'

2020-04-21 08:19:54 - [TEST_STEP][PASSED] - click(findTestObject("mobileSanity/Dental/app_page1/a_Continue to Step 2 - Payment")): Object: 'Object Repository/mobileSanity/Dental/app_page1/a_Continue to Step 2 - Payment' is clicked on

2020-04-21 08:19:55 - [MESSAGE][PASSED] - Object: 'Object Repository/mobileSanity/Dental/app_page1/a_Continue to Step 2 - Payment' is clicked on

2020-04-21 08:19:55 - [TEST_STEP][PASSED] - for ([second = 0, second < 20, (second++)]): null

2020-04-21 08:19:55 - [TEST_STEP][PASSED] - try: null

2020-04-21 08:19:55 - [TEST_STEP][PASSED] - if (selenium.isElementPresent("id=credit-card-number")): null

2020-04-21 08:19:55 - [TEST_STEP][PASSED] - Thread.sleep(1000): null

2020-04-21 08:19:56 - [TEST_STEP][PASSED] - try: null

2020-04-21 08:19:56 - [TEST_STEP][PASSED] - if (selenium.isElementPresent("id=credit-card-number")): null

2020-04-21 08:19:56 - [TEST_STEP][PASSED] - break: null

2020-04-21 08:19:56 - [TEST_STEP][PASSED] - callTestCase(findTestCase("AHI/_include/get_screenshot"), [:], STOP_ON_FAILURE): Call Test Case 'Test Cases/AHI/_include/get_screenshot' successfully

2020-04-21 08:19:56 - [TEST_CASE][PASSED] - Test Cases/AHI/_include/get_screenshot: Test Cases/AHI/_include/get_screenshot

2020-04-21 08:19:56 - [TEST_STEP][PASSED] - Thread.sleep(1000): null

2020-04-21 08:19:57 - [TEST_STEP][PASSED] - takeScreenshot(screenPath + i + ".png"): Taking screenshot successfully

2020-04-21 08:19:58 - [MESSAGE][PASSED] - Taking screenshot successfully
[[ATTACHMENT|D:\\Test\\AgileTest\\Reports\\AHI\\ahi\\20200421_080048\\../Screenshots/iPhone 6/AHI/Dental - National General/20200421_081839/6.png]]

2020-04-21 08:19:58 - [TEST_STEP][PASSED] - (internal.GlobalVariable.i++): null

2020-04-21 08:19:58 - [MESSAGE][PASSED] - Call Test Case 'Test Cases/AHI/_include/get_screenshot' successfully

2020-04-21 08:19:58 - [TEST_STEP][PASSED] - setText(findTestObject("mobileSanity/Dental/app_page2/input__credit-card-first"), FirstName): Text 'Test-123' is set on object 'Object Repository/mobileSanity/Dental/app_page2/input__credit-card-first'

2020-04-21 08:19:58 - [MESSAGE][PASSED] - Text 'Test-123' is set on object 'Object Repository/mobileSanity/Dental/app_page2/input__credit-card-first'

2020-04-21 08:19:58 - [TEST_STEP][PASSED] - setText(findTestObject("mobileSanity/Dental/app_page2/input__credit-card-last"), LastName): Text 'ZZ11-TSVqfXRX' is set on object 'Object Repository/mobileSanity/Dental/app_page2/input__credit-card-last'

2020-04-21 08:19:58 - [MESSAGE][PASSED] - Text 'ZZ11-TSVqfXRX' is set on object 'Object Repository/mobileSanity/Dental/app_page2/input__credit-card-last'

2020-04-21 08:19:58 - [TEST_STEP][PASSED] - selectOptionByValue(findTestObject("mobileSanity/Dental/app_page2/select_MM010203040506070809101"), "12", true): All options with value '12' are selected in object 'Object Repository/mobileSanity/Dental/app_page2/select_MM010203040506070809101'  using regular expression

2020-04-21 08:19:59 - [MESSAGE][PASSED] - All options with value '12' are selected in object 'Object Repository/mobileSanity/Dental/app_page2/select_MM010203040506070809101'  using regular expression

2020-04-21 08:19:59 - [TEST_STEP][PASSED] - selectOptionByValue(findTestObject("mobileSanity/Dental/app_page2/select_YYYY2019202020212022202"), "2026", true): All options with value '2026' are selected in object 'Object Repository/mobileSanity/Dental/app_page2/select_YYYY2019202020212022202'  using regular expression

2020-04-21 08:19:59 - [MESSAGE][PASSED] - All options with value '2026' are selected in object 'Object Repository/mobileSanity/Dental/app_page2/select_YYYY2019202020212022202'  using regular expression

2020-04-21 08:19:59 - [TEST_STEP][PASSED] - setText(findTestObject("mobileSanity/Dental/app_page2/input__credit-card-number"), "4111111111111111"): Text '4111111111111111' is set on object 'Object Repository/mobileSanity/Dental/app_page2/input__credit-card-number'

2020-04-21 08:20:00 - [MESSAGE][PASSED] - Text '4111111111111111' is set on object 'Object Repository/mobileSanity/Dental/app_page2/input__credit-card-number'

2020-04-21 08:20:00 - [TEST_STEP][PASSED] - setText(findTestObject("mobileSanity/Dental/app_page2/input__cvv"), "123"): Text '123' is set on object 'Object Repository/mobileSanity/Dental/app_page2/input__cvv'

2020-04-21 08:20:00 - [MESSAGE][PASSED] - Text '123' is set on object 'Object Repository/mobileSanity/Dental/app_page2/input__cvv'

2020-04-21 08:20:00 - [TEST_STEP][PASSED] - click(findTestObject("mobileSanity/Dental/app_page2/label_My billing address is th")): Object: 'Object Repository/mobileSanity/Dental/app_page2/label_My billing address is th' is clicked on

2020-04-21 08:20:00 - [MESSAGE][PASSED] - Object: 'Object Repository/mobileSanity/Dental/app_page2/label_My billing address is th' is clicked on

2020-04-21 08:20:00 - [TEST_STEP][PASSED] - click(findTestObject("mobileSanity/Dental/app_page2/label_I Accept Authorization f")): Object: 'Object Repository/mobileSanity/Dental/app_page2/label_I Accept Authorization f' is clicked on

2020-04-21 08:20:00 - [MESSAGE][PASSED] - Object: 'Object Repository/mobileSanity/Dental/app_page2/label_I Accept Authorization f' is clicked on

2020-04-21 08:20:00 - [TEST_STEP][PASSED] - click(findTestObject("mobileSanity/Dental/app_page2/a_Continue to Step 3 - Review")): Object: 'Object Repository/mobileSanity/Dental/app_page2/a_Continue to Step 3 - Review' is clicked on

2020-04-21 08:20:00 - [MESSAGE][PASSED] - Object: 'Object Repository/mobileSanity/Dental/app_page2/a_Continue to Step 3 - Review' is clicked on

2020-04-21 08:20:00 - [TEST_STEP][PASSED] - for ([second = 0, second < 20, (second++)]): null

2020-04-21 08:20:00 - [TEST_STEP][PASSED] - try: null

2020-04-21 08:20:00 - [TEST_STEP][PASSED] - if (selenium.isElementPresent("id=consent-checkbox-0")): null

2020-04-21 08:20:00 - [TEST_STEP][PASSED] - Thread.sleep(1000): null

2020-04-21 08:20:01 - [TEST_STEP][PASSED] - try: null

2020-04-21 08:20:01 - [TEST_STEP][PASSED] - if (selenium.isElementPresent("id=consent-checkbox-0")): null

2020-04-21 08:20:01 - [TEST_STEP][PASSED] - break: null

2020-04-21 08:20:01 - [TEST_STEP][PASSED] - waitForElementClickable(findTestObject("mobileSanity/Dental/app_page3/label"), 20): Object 'Object Repository/mobileSanity/Dental/app_page3/label' is clickable

2020-04-21 08:20:02 - [MESSAGE][PASSED] - Object 'Object Repository/mobileSanity/Dental/app_page3/label' is clickable

2020-04-21 08:20:02 - [TEST_STEP][PASSED] - callTestCase(findTestCase("AHI/_include/get_screenshot"), [:], STOP_ON_FAILURE): Call Test Case 'Test Cases/AHI/_include/get_screenshot' successfully

2020-04-21 08:20:02 - [TEST_CASE][PASSED] - Test Cases/AHI/_include/get_screenshot: Test Cases/AHI/_include/get_screenshot

2020-04-21 08:20:02 - [TEST_STEP][PASSED] - Thread.sleep(1000): null

2020-04-21 08:20:03 - [TEST_STEP][PASSED] - takeScreenshot(screenPath + i + ".png"): Taking screenshot successfully

2020-04-21 08:20:03 - [MESSAGE][PASSED] - Taking screenshot successfully
[[ATTACHMENT|D:\\Test\\AgileTest\\Reports\\AHI\\ahi\\20200421_080048\\../Screenshots/iPhone 6/AHI/Dental - National General/20200421_081839/7.png]]

2020-04-21 08:20:03 - [TEST_STEP][PASSED] - (internal.GlobalVariable.i++): null

2020-04-21 08:20:03 - [MESSAGE][PASSED] - Call Test Case 'Test Cases/AHI/_include/get_screenshot' successfully

2020-04-21 08:20:03 - [TEST_STEP][PASSED] - click(findTestObject("mobileSanity/Dental/app_page3/label")): Object: 'Object Repository/mobileSanity/Dental/app_page3/label' is clicked on

2020-04-21 08:20:03 - [MESSAGE][PASSED] - Object: 'Object Repository/mobileSanity/Dental/app_page3/label' is clicked on

2020-04-21 08:20:03 - [TEST_STEP][PASSED] - click(findTestObject("mobileSanity/Dental/app_page3/p_CLICK TO SIGN")): Object: 'Object Repository/mobileSanity/Dental/app_page3/p_CLICK TO SIGN' is clicked on

2020-04-21 08:20:03 - [MESSAGE][PASSED] - Object: 'Object Repository/mobileSanity/Dental/app_page3/p_CLICK TO SIGN' is clicked on

2020-04-21 08:20:03 - [TEST_STEP][PASSED] - click(findTestObject("mobileSanity/Dental/app_page3/a_Submit Your Application")): Object: 'Object Repository/mobileSanity/Dental/app_page3/a_Submit Your Application' is clicked on

2020-04-21 08:20:03 - [MESSAGE][PASSED] - Object: 'Object Repository/mobileSanity/Dental/app_page3/a_Submit Your Application' is clicked on

2020-04-21 08:20:03 - [TEST_STEP][PASSED] - for ([second = 0, second < 30, (second++)]): null

2020-04-21 08:20:03 - [TEST_STEP][PASSED] - try: null

2020-04-21 08:20:03 - [TEST_STEP][PASSED] - if (selenium.isElementPresent("id=app-confirmation")): null

2020-04-21 08:20:03 - [TEST_STEP][PASSED] - Thread.sleep(1000): null

2020-04-21 08:20:04 - [TEST_STEP][PASSED] - try: null

2020-04-21 08:20:04 - [TEST_STEP][PASSED] - if (selenium.isElementPresent("id=app-confirmation")): null

2020-04-21 08:20:05 - [TEST_STEP][PASSED] - Thread.sleep(1000): null

2020-04-21 08:20:06 - [TEST_STEP][PASSED] - try: null

2020-04-21 08:20:06 - [TEST_STEP][PASSED] - if (selenium.isElementPresent("id=app-confirmation")): null

2020-04-21 08:20:06 - [TEST_STEP][PASSED] - Thread.sleep(1000): null

2020-04-21 08:20:07 - [TEST_STEP][PASSED] - try: null

2020-04-21 08:20:07 - [TEST_STEP][PASSED] - if (selenium.isElementPresent("id=app-confirmation")): null

2020-04-21 08:20:07 - [TEST_STEP][PASSED] - Thread.sleep(1000): null

2020-04-21 08:20:08 - [TEST_STEP][PASSED] - try: null

2020-04-21 08:20:08 - [TEST_STEP][PASSED] - if (selenium.isElementPresent("id=app-confirmation")): null

2020-04-21 08:20:08 - [TEST_STEP][PASSED] - Thread.sleep(1000): null

2020-04-21 08:20:09 - [TEST_STEP][PASSED] - try: null

2020-04-21 08:20:09 - [TEST_STEP][PASSED] - if (selenium.isElementPresent("id=app-confirmation")): null

2020-04-21 08:20:09 - [TEST_STEP][PASSED] - Thread.sleep(1000): null

2020-04-21 08:20:10 - [TEST_STEP][PASSED] - try: null

2020-04-21 08:20:10 - [TEST_STEP][PASSED] - if (selenium.isElementPresent("id=app-confirmation")): null

2020-04-21 08:20:10 - [TEST_STEP][PASSED] - Thread.sleep(1000): null

2020-04-21 08:20:11 - [TEST_STEP][PASSED] - try: null

2020-04-21 08:20:11 - [TEST_STEP][PASSED] - if (selenium.isElementPresent("id=app-confirmation")): null

2020-04-21 08:20:11 - [TEST_STEP][PASSED] - Thread.sleep(1000): null

2020-04-21 08:20:12 - [TEST_STEP][PASSED] - try: null

2020-04-21 08:20:12 - [TEST_STEP][PASSED] - if (selenium.isElementPresent("id=app-confirmation")): null

2020-04-21 08:20:12 - [TEST_STEP][PASSED] - Thread.sleep(1000): null

2020-04-21 08:20:13 - [TEST_STEP][PASSED] - try: null

2020-04-21 08:20:13 - [TEST_STEP][PASSED] - if (selenium.isElementPresent("id=app-confirmation")): null

2020-04-21 08:20:13 - [TEST_STEP][PASSED] - Thread.sleep(1000): null

2020-04-21 08:20:14 - [TEST_STEP][PASSED] - try: null

2020-04-21 08:20:14 - [TEST_STEP][PASSED] - if (selenium.isElementPresent("id=app-confirmation")): null

2020-04-21 08:20:14 - [TEST_STEP][PASSED] - Thread.sleep(1000): null

2020-04-21 08:20:15 - [TEST_STEP][PASSED] - try: null

2020-04-21 08:20:15 - [TEST_STEP][PASSED] - if (selenium.isElementPresent("id=app-confirmation")): null

2020-04-21 08:20:15 - [TEST_STEP][PASSED] - Thread.sleep(1000): null

2020-04-21 08:20:16 - [TEST_STEP][PASSED] - try: null

2020-04-21 08:20:16 - [TEST_STEP][PASSED] - if (selenium.isElementPresent("id=app-confirmation")): null

2020-04-21 08:20:16 - [TEST_STEP][PASSED] - Thread.sleep(1000): null

2020-04-21 08:20:17 - [TEST_STEP][PASSED] - try: null

2020-04-21 08:20:17 - [TEST_STEP][PASSED] - if (selenium.isElementPresent("id=app-confirmation")): null

2020-04-21 08:20:18 - [TEST_STEP][PASSED] - Thread.sleep(1000): null

2020-04-21 08:20:19 - [TEST_STEP][PASSED] - try: null

2020-04-21 08:20:19 - [TEST_STEP][PASSED] - if (selenium.isElementPresent("id=app-confirmation")): null

2020-04-21 08:20:19 - [TEST_STEP][PASSED] - Thread.sleep(1000): null

2020-04-21 08:20:20 - [TEST_STEP][PASSED] - try: null

2020-04-21 08:20:20 - [TEST_STEP][PASSED] - if (selenium.isElementPresent("id=app-confirmation")): null

2020-04-21 08:20:20 - [TEST_STEP][PASSED] - Thread.sleep(1000): null

2020-04-21 08:20:21 - [TEST_STEP][PASSED] - try: null

2020-04-21 08:20:21 - [TEST_STEP][PASSED] - if (selenium.isElementPresent("id=app-confirmation")): null

2020-04-21 08:20:21 - [TEST_STEP][PASSED] - Thread.sleep(1000): null

2020-04-21 08:20:22 - [TEST_STEP][PASSED] - try: null

2020-04-21 08:20:22 - [TEST_STEP][PASSED] - if (selenium.isElementPresent("id=app-confirmation")): null

2020-04-21 08:20:22 - [TEST_STEP][PASSED] - Thread.sleep(1000): null

2020-04-21 08:20:23 - [TEST_STEP][PASSED] - try: null

2020-04-21 08:20:23 - [TEST_STEP][PASSED] - if (selenium.isElementPresent("id=app-confirmation")): null

2020-04-21 08:20:23 - [TEST_STEP][PASSED] - Thread.sleep(1000): null

2020-04-21 08:20:24 - [TEST_STEP][PASSED] - try: null

2020-04-21 08:20:24 - [TEST_STEP][PASSED] - if (selenium.isElementPresent("id=app-confirmation")): null

2020-04-21 08:20:24 - [TEST_STEP][PASSED] - Thread.sleep(1000): null

2020-04-21 08:20:25 - [TEST_STEP][PASSED] - try: null

2020-04-21 08:20:25 - [TEST_STEP][PASSED] - if (selenium.isElementPresent("id=app-confirmation")): null

2020-04-21 08:20:25 - [TEST_STEP][PASSED] - Thread.sleep(1000): null

2020-04-21 08:20:26 - [TEST_STEP][PASSED] - try: null

2020-04-21 08:20:26 - [TEST_STEP][PASSED] - if (selenium.isElementPresent("id=app-confirmation")): null

2020-04-21 08:20:26 - [TEST_STEP][PASSED] - Thread.sleep(1000): null

2020-04-21 08:20:27 - [TEST_STEP][PASSED] - try: null

2020-04-21 08:20:27 - [TEST_STEP][PASSED] - if (selenium.isElementPresent("id=app-confirmation")): null

2020-04-21 08:20:27 - [TEST_STEP][PASSED] - Thread.sleep(1000): null

2020-04-21 08:20:28 - [TEST_STEP][PASSED] - try: null

2020-04-21 08:20:28 - [TEST_STEP][PASSED] - if (selenium.isElementPresent("id=app-confirmation")): null

2020-04-21 08:20:28 - [TEST_STEP][PASSED] - Thread.sleep(1000): null

2020-04-21 08:20:29 - [TEST_STEP][PASSED] - try: null

2020-04-21 08:20:29 - [TEST_STEP][PASSED] - if (selenium.isElementPresent("id=app-confirmation")): null

2020-04-21 08:20:29 - [TEST_STEP][PASSED] - Thread.sleep(1000): null

2020-04-21 08:20:30 - [TEST_STEP][PASSED] - try: null

2020-04-21 08:20:30 - [TEST_STEP][PASSED] - if (selenium.isElementPresent("id=app-confirmation")): null

2020-04-21 08:20:30 - [TEST_STEP][PASSED] - Thread.sleep(1000): null

2020-04-21 08:20:31 - [TEST_STEP][PASSED] - try: null

2020-04-21 08:20:31 - [TEST_STEP][PASSED] - if (selenium.isElementPresent("id=app-confirmation")): null

2020-04-21 08:20:31 - [TEST_STEP][PASSED] - Thread.sleep(1000): null

2020-04-21 08:20:32 - [TEST_STEP][PASSED] - try: null

2020-04-21 08:20:32 - [TEST_STEP][PASSED] - if (selenium.isElementPresent("id=app-confirmation")): null

2020-04-21 08:20:32 - [TEST_STEP][PASSED] - Thread.sleep(1000): null

2020-04-21 08:20:33 - [TEST_STEP][PASSED] - try: null

2020-04-21 08:20:33 - [TEST_STEP][PASSED] - if (selenium.isElementPresent("id=app-confirmation")): null

2020-04-21 08:20:33 - [TEST_STEP][PASSED] - Thread.sleep(1000): null

2020-04-21 08:20:34 - [TEST_STEP][PASSED] - try: null

2020-04-21 08:20:34 - [TEST_STEP][PASSED] - if (selenium.isElementPresent("id=app-confirmation")): null

2020-04-21 08:20:34 - [TEST_STEP][PASSED] - Thread.sleep(1000): null

2020-04-21 08:20:35 - [TEST_STEP][PASSED] - callTestCase(findTestCase("AHI/_include/get_screenshot"), [:], STOP_ON_FAILURE): Call Test Case 'Test Cases/AHI/_include/get_screenshot' successfully

2020-04-21 08:20:35 - [TEST_CASE][PASSED] - Test Cases/AHI/_include/get_screenshot: Test Cases/AHI/_include/get_screenshot

2020-04-21 08:20:35 - [TEST_STEP][PASSED] - Thread.sleep(1000): null

2020-04-21 08:20:36 - [TEST_STEP][PASSED] - takeScreenshot(screenPath + i + ".png"): Taking screenshot successfully

2020-04-21 08:20:37 - [MESSAGE][PASSED] - Taking screenshot successfully
[[ATTACHMENT|D:\\Test\\AgileTest\\Reports\\AHI\\ahi\\20200421_080048\\../Screenshots/iPhone 6/AHI/Dental - National General/20200421_081839/8.png]]

2020-04-21 08:20:37 - [TEST_STEP][PASSED] - (internal.GlobalVariable.i++): null

2020-04-21 08:20:37 - [MESSAGE][PASSED] - Call Test Case 'Test Cases/AHI/_include/get_screenshot' successfully]]></system-out>
         <system-err><![CDATA[]]></system-err>
      </testcase>
      <testcase name="Test Cases/AHI/NEW/Dental/USA Access" classname="Test Cases/AHI/NEW/Dental/USA Access" status="PASSED">
         <system-out><![CDATA[2020-04-21 08:20:37 - [TEST_CASE][PASSED] - Test Cases/AHI/NEW/Dental/USA Access: Test Cases/AHI/NEW/Dental/USA Access

2020-04-21 08:20:37 - [TEST_STEP][PASSED] - callTestCase(findTestCase("AHI/_include/get_screenPath"), ["productLine":"AHI", "carrierName":"Dental - USA Access"], CONTINUE_ON_FAILURE): Call Test Case 'Test Cases/AHI/_include/get_screenPath' successfully

2020-04-21 08:20:38 - [TEST_CASE][PASSED] - Test Cases/AHI/_include/get_screenPath: Test Cases/AHI/_include/get_screenPath

2020-04-21 08:20:38 - [TEST_STEP][PASSED] - m = getExecutionProperties(): null

2020-04-21 08:20:38 - [TEST_STEP][PASSED] - deviceName = get("mobileEmulation").get("deviceName"): null

2020-04-21 08:20:38 - [TEST_STEP][PASSED] - println(deviceName): null

2020-04-21 08:20:38 - [TEST_STEP][PASSED] - now = new java.util.Date(): null

2020-04-21 08:20:38 - [TEST_STEP][PASSED] - mydate = now.format("yyyyMMdd_HHmmss"): null

2020-04-21 08:20:38 - [TEST_STEP][PASSED] - screenPath = "../Screenshots/": null

2020-04-21 08:20:38 - [TEST_STEP][PASSED] - screenPath = screenPath + deviceName + "/" + productLine + "/" + carrierName + "/" + mydate + "/": null

2020-04-21 08:20:38 - [TEST_STEP][PASSED] - println(screenPath): null

2020-04-21 08:20:38 - [MESSAGE][PASSED] - Call Test Case 'Test Cases/AHI/_include/get_screenPath' successfully

2020-04-21 08:20:38 - [TEST_STEP][PASSED] - i = 0: null

2020-04-21 08:20:38 - [TEST_STEP][PASSED] - callTestCase(findTestCase("AHI/_include/openWebSite"), [:], STOP_ON_FAILURE): Call Test Case 'Test Cases/AHI/_include/openWebSite' successfully

2020-04-21 08:20:38 - [TEST_CASE][PASSED] - Test Cases/AHI/_include/openWebSite: Test Cases/AHI/_include/openWebSite

2020-04-21 08:20:38 - [TEST_STEP][PASSED] - openBrowser(env): Browser is opened with url: 'https://praetemptatus.agilehealthinsurance.com'

2020-04-21 08:20:38 - [MESSAGE][WARNING] - A browser is already opened. Closing browser and opening a new one

2020-04-21 08:20:39 - [MESSAGE][INFO] - Starting 'Chrome' driver

2020-04-21 08:20:39 - [MESSAGE][INFO] - User set preference: ['mobileEmulation', '{deviceName=iPhone 6}']

2020-04-21 08:20:39 - [MESSAGE][INFO] - User set preference: ['args', '[--incognito, --aggressive-cache-discard, --window-size=375,677, --no-sandbox, --ignore-certificate-errors]']

2020-04-21 08:20:53 - [MESSAGE][PASSED] - Browser is opened with url: 'https://praetemptatus.agilehealthinsurance.com'

2020-04-21 08:20:53 - [TEST_STEP][PASSED] - waitForPageLoad(20): Wait for page load successfully

2020-04-21 08:20:53 - [MESSAGE][PASSED] - Wait for page load successfully

2020-04-21 08:20:53 - [TEST_STEP][PASSED] - callTestCase(findTestCase("AHI/_include/get_screenshot"), [:], STOP_ON_FAILURE): Call Test Case 'Test Cases/AHI/_include/get_screenshot' successfully

2020-04-21 08:20:54 - [TEST_CASE][PASSED] - Test Cases/AHI/_include/get_screenshot: Test Cases/AHI/_include/get_screenshot

2020-04-21 08:20:54 - [TEST_STEP][PASSED] - Thread.sleep(1000): null

2020-04-21 08:20:55 - [TEST_STEP][PASSED] - takeScreenshot(screenPath + i + ".png"): Taking screenshot successfully

2020-04-21 08:20:55 - [MESSAGE][PASSED] - Taking screenshot successfully
[[ATTACHMENT|D:\\Test\\AgileTest\\Reports\\AHI\\ahi\\20200421_080048\\../Screenshots/iPhone 6/AHI/Dental - USA Access/20200421_082038/0.png]]

2020-04-21 08:20:55 - [TEST_STEP][PASSED] - (internal.GlobalVariable.i++): null

2020-04-21 08:20:55 - [MESSAGE][PASSED] - Call Test Case 'Test Cases/AHI/_include/get_screenshot' successfully

2020-04-21 08:20:55 - [MESSAGE][PASSED] - Call Test Case 'Test Cases/AHI/_include/openWebSite' successfully

2020-04-21 08:20:55 - [TEST_STEP][PASSED] - driver = getWebDriver(): null

2020-04-21 08:20:55 - [TEST_STEP][PASSED] - baseUrl = ENV: null

2020-04-21 08:20:55 - [TEST_STEP][PASSED] - selenium = new com.thoughtworks.selenium.webdriven.WebDriverBackedSelenium(driver, baseUrl): null

2020-04-21 08:20:55 - [TEST_STEP][PASSED] - selenium.click("//*[@class='filter-option-inner-inner']"): null

2020-04-21 08:20:55 - [TEST_STEP][PASSED] - selenium.click("id=bs-select-1-2"): null

2020-04-21 08:20:56 - [TEST_STEP][PASSED] - selenium.click("id=primaryCTA"): null

2020-04-21 08:21:06 - [TEST_STEP][PASSED] - for ([second = 0, second < 20, (second++)]): null

2020-04-21 08:21:06 - [TEST_STEP][PASSED] - try: null

2020-04-21 08:21:06 - [TEST_STEP][PASSED] - if (selenium.isElementPresent("id=zip-input")): null

2020-04-21 08:21:06 - [TEST_STEP][PASSED] - break: null

2020-04-21 08:21:06 - [TEST_STEP][PASSED] - callTestCase(findTestCase("AHI/_include/get_screenshot"), [:], STOP_ON_FAILURE): Call Test Case 'Test Cases/AHI/_include/get_screenshot' successfully

2020-04-21 08:21:06 - [TEST_CASE][PASSED] - Test Cases/AHI/_include/get_screenshot: Test Cases/AHI/_include/get_screenshot

2020-04-21 08:21:06 - [TEST_STEP][PASSED] - Thread.sleep(1000): null

2020-04-21 08:21:07 - [TEST_STEP][PASSED] - takeScreenshot(screenPath + i + ".png"): Taking screenshot successfully

2020-04-21 08:21:07 - [MESSAGE][PASSED] - Taking screenshot successfully
[[ATTACHMENT|D:\\Test\\AgileTest\\Reports\\AHI\\ahi\\20200421_080048\\../Screenshots/iPhone 6/AHI/Dental - USA Access/20200421_082038/1.png]]

2020-04-21 08:21:07 - [TEST_STEP][PASSED] - (internal.GlobalVariable.i++): null

2020-04-21 08:21:07 - [MESSAGE][PASSED] - Call Test Case 'Test Cases/AHI/_include/get_screenshot' successfully

2020-04-21 08:21:07 - [TEST_STEP][PASSED] - setText(findTestObject("mobileSanity/Dental/census/input_Location_zip-input"), "35215"): Text '35215' is set on object 'Object Repository/mobileSanity/Dental/census/input_Location_zip-input'

2020-04-21 08:21:07 - [MESSAGE][PASSED] - Text '35215' is set on object 'Object Repository/mobileSanity/Dental/census/input_Location_zip-input'

2020-04-21 08:21:07 - [TEST_STEP][PASSED] - setText(findTestObject("mobileSanity/Dental/census/input_Date of Birth_dob-0"), "12121980"): Text '12121980' is set on object 'Object Repository/mobileSanity/Dental/census/input_Date of Birth_dob-0'

2020-04-21 08:21:08 - [MESSAGE][PASSED] - Text '12121980' is set on object 'Object Repository/mobileSanity/Dental/census/input_Date of Birth_dob-0'

2020-04-21 08:21:08 - [TEST_STEP][PASSED] - click(findTestObject("mobileSanity/Dental/census/label_Male")): Object: 'Object Repository/mobileSanity/Dental/census/label_Male' is clicked on

2020-04-21 08:21:08 - [MESSAGE][PASSED] - Object: 'Object Repository/mobileSanity/Dental/census/label_Male' is clicked on

2020-04-21 08:21:08 - [TEST_STEP][PASSED] - selenium.click("id=js-see-plans"): null

2020-04-21 08:21:15 - [TEST_STEP][PASSED] - for ([second = 0, second < 20, (second++)]): null

2020-04-21 08:21:15 - [TEST_STEP][PASSED] - try: null

2020-04-21 08:21:15 - [TEST_STEP][PASSED] - if (selenium.isElementPresent("id=js-quote-header")): null

2020-04-21 08:21:15 - [TEST_STEP][PASSED] - break: null

2020-04-21 08:21:15 - [TEST_STEP][PASSED] - callTestCase(findTestCase("AHI/_include/get_screenshot"), [:], STOP_ON_FAILURE): Call Test Case 'Test Cases/AHI/_include/get_screenshot' successfully

2020-04-21 08:21:15 - [TEST_CASE][PASSED] - Test Cases/AHI/_include/get_screenshot: Test Cases/AHI/_include/get_screenshot

2020-04-21 08:21:15 - [TEST_STEP][PASSED] - Thread.sleep(1000): null

2020-04-21 08:21:16 - [TEST_STEP][PASSED] - takeScreenshot(screenPath + i + ".png"): Taking screenshot successfully

2020-04-21 08:21:19 - [MESSAGE][PASSED] - Taking screenshot successfully
[[ATTACHMENT|D:\\Test\\AgileTest\\Reports\\AHI\\ahi\\20200421_080048\\../Screenshots/iPhone 6/AHI/Dental - USA Access/20200421_082038/2.png]]

2020-04-21 08:21:19 - [TEST_STEP][PASSED] - (internal.GlobalVariable.i++): null

2020-04-21 08:21:19 - [MESSAGE][PASSED] - Call Test Case 'Test Cases/AHI/_include/get_screenshot' successfully

2020-04-21 08:21:19 - [TEST_STEP][PASSED] - click(findTestObject("mobileSanity/Dental/filter/btn_filter")): Object: 'Object Repository/mobileSanity/Dental/filter/btn_filter' is clicked on

2020-04-21 08:21:19 - [MESSAGE][PASSED] - Object: 'Object Repository/mobileSanity/Dental/filter/btn_filter' is clicked on

2020-04-21 08:21:19 - [TEST_STEP][PASSED] - waitForElementVisible(findTestObject("mobileSanity/Dental/filter/btn_company"), 10): Object 'Object Repository/mobileSanity/Dental/filter/btn_company' is visible

2020-04-21 08:21:19 - [MESSAGE][PASSED] - Object 'Object Repository/mobileSanity/Dental/filter/btn_company' is visible

2020-04-21 08:21:19 - [TEST_STEP][PASSED] - click(findTestObject("mobileSanity/Dental/filter/btn_company")): Object: 'Object Repository/mobileSanity/Dental/filter/btn_company' is clicked on

2020-04-21 08:21:19 - [MESSAGE][PASSED] - Object: 'Object Repository/mobileSanity/Dental/filter/btn_company' is clicked on

2020-04-21 08:21:19 - [TEST_STEP][PASSED] - Thread.sleep(2000): null

2020-04-21 08:21:21 - [TEST_STEP][PASSED] - click(findTestObject("mobileSanity/Dental/filter/btn_usa")): Object: 'Object Repository/mobileSanity/Dental/filter/btn_usa' is clicked on

2020-04-21 08:21:21 - [MESSAGE][PASSED] - Object: 'Object Repository/mobileSanity/Dental/filter/btn_usa' is clicked on

2020-04-21 08:21:21 - [TEST_STEP][PASSED] - waitForJQueryLoad(20, STOP_ON_FAILURE): jQuery is ready.

2020-04-21 08:21:22 - [MESSAGE][PASSED] - jQuery is ready.

2020-04-21 08:21:22 - [TEST_STEP][PASSED] - callTestCase(findTestCase("AHI/_include/get_screenshot"), [:], STOP_ON_FAILURE): Call Test Case 'Test Cases/AHI/_include/get_screenshot' successfully

2020-04-21 08:21:22 - [TEST_CASE][PASSED] - Test Cases/AHI/_include/get_screenshot: Test Cases/AHI/_include/get_screenshot

2020-04-21 08:21:22 - [TEST_STEP][PASSED] - Thread.sleep(1000): null

2020-04-21 08:21:23 - [TEST_STEP][PASSED] - takeScreenshot(screenPath + i + ".png"): Taking screenshot successfully

2020-04-21 08:21:23 - [MESSAGE][PASSED] - Taking screenshot successfully
[[ATTACHMENT|D:\\Test\\AgileTest\\Reports\\AHI\\ahi\\20200421_080048\\../Screenshots/iPhone 6/AHI/Dental - USA Access/20200421_082038/3.png]]

2020-04-21 08:21:23 - [TEST_STEP][PASSED] - (internal.GlobalVariable.i++): null

2020-04-21 08:21:23 - [MESSAGE][PASSED] - Call Test Case 'Test Cases/AHI/_include/get_screenshot' successfully

2020-04-21 08:21:23 - [TEST_STEP][PASSED] - click(findTestObject("mobileSanity/Dental/filter/btn_filter")): Object: 'Object Repository/mobileSanity/Dental/filter/btn_filter' is clicked on

2020-04-21 08:21:23 - [MESSAGE][PASSED] - Object: 'Object Repository/mobileSanity/Dental/filter/btn_filter' is clicked on

2020-04-21 08:21:23 - [TEST_STEP][PASSED] - click(findTestObject("mobileSanity/Dental/quote/a_Select This Plan")): Object: 'Object Repository/mobileSanity/Dental/quote/a_Select This Plan' is clicked on

2020-04-21 08:21:24 - [MESSAGE][PASSED] - Object: 'Object Repository/mobileSanity/Dental/quote/a_Select This Plan' is clicked on

2020-04-21 08:21:24 - [TEST_STEP][PASSED] - waitForPageLoad(10): Wait for page load successfully

2020-04-21 08:21:25 - [MESSAGE][PASSED] - Wait for page load successfully

2020-04-21 08:21:25 - [TEST_STEP][PASSED] - callTestCase(findTestCase("AHI/_include/get_screenshot"), [:], STOP_ON_FAILURE): Call Test Case 'Test Cases/AHI/_include/get_screenshot' successfully

2020-04-21 08:21:25 - [TEST_CASE][PASSED] - Test Cases/AHI/_include/get_screenshot: Test Cases/AHI/_include/get_screenshot

2020-04-21 08:21:25 - [TEST_STEP][PASSED] - Thread.sleep(1000): null

2020-04-21 08:21:26 - [TEST_STEP][PASSED] - takeScreenshot(screenPath + i + ".png"): Taking screenshot successfully

2020-04-21 08:21:26 - [MESSAGE][PASSED] - Taking screenshot successfully
[[ATTACHMENT|D:\\Test\\AgileTest\\Reports\\AHI\\ahi\\20200421_080048\\../Screenshots/iPhone 6/AHI/Dental - USA Access/20200421_082038/4.png]]

2020-04-21 08:21:26 - [TEST_STEP][PASSED] - (internal.GlobalVariable.i++): null

2020-04-21 08:21:26 - [MESSAGE][PASSED] - Call Test Case 'Test Cases/AHI/_include/get_screenshot' successfully

2020-04-21 08:21:26 - [TEST_STEP][PASSED] - Thread.sleep(3000): null

2020-04-21 08:21:29 - [TEST_STEP][PASSED] - click(findTestObject("mobileSanity/Dental/apply/span_Start Secure Application")): Object: 'Object Repository/mobileSanity/Dental/apply/span_Start Secure Application' is clicked on

2020-04-21 08:21:32 - [MESSAGE][PASSED] - Object: 'Object Repository/mobileSanity/Dental/apply/span_Start Secure Application' is clicked on

2020-04-21 08:21:32 - [TEST_STEP][PASSED] - for ([second = 0, second < 20, (second++)]): null

2020-04-21 08:21:32 - [TEST_STEP][PASSED] - try: null

2020-04-21 08:21:32 - [TEST_STEP][PASSED] - if (selenium.isElementPresent("id=member-P-1-firstName")): null

2020-04-21 08:21:32 - [TEST_STEP][PASSED] - break: null

2020-04-21 08:21:32 - [TEST_STEP][PASSED] - callTestCase(findTestCase("AHI/_include/get_screenshot"), [:], STOP_ON_FAILURE): Call Test Case 'Test Cases/AHI/_include/get_screenshot' successfully

2020-04-21 08:21:32 - [TEST_CASE][PASSED] - Test Cases/AHI/_include/get_screenshot: Test Cases/AHI/_include/get_screenshot

2020-04-21 08:21:32 - [TEST_STEP][PASSED] - Thread.sleep(1000): null

2020-04-21 08:21:33 - [TEST_STEP][PASSED] - takeScreenshot(screenPath + i + ".png"): Taking screenshot successfully

2020-04-21 08:21:33 - [MESSAGE][PASSED] - Taking screenshot successfully
[[ATTACHMENT|D:\\Test\\AgileTest\\Reports\\AHI\\ahi\\20200421_080048\\../Screenshots/iPhone 6/AHI/Dental - USA Access/20200421_082038/5.png]]

2020-04-21 08:21:33 - [TEST_STEP][PASSED] - (internal.GlobalVariable.i++): null

2020-04-21 08:21:33 - [MESSAGE][PASSED] - Call Test Case 'Test Cases/AHI/_include/get_screenshot' successfully

2020-04-21 08:21:33 - [TEST_STEP][PASSED] - callTestCase(findTestCase("AHI/_include/name"), [:], CONTINUE_ON_FAILURE): Call Test Case 'Test Cases/AHI/_include/name' successfully

2020-04-21 08:21:33 - [TEST_CASE][PASSED] - Test Cases/AHI/_include/name: Test Cases/AHI/_include/name

2020-04-21 08:21:33 - [TEST_STEP][PASSED] - driver = getWebDriver(): null

2020-04-21 08:21:33 - [TEST_STEP][PASSED] - selenium = new com.thoughtworks.selenium.webdriven.WebDriverBackedSelenium(driver, internal.GlobalVariable.ENV): null

2020-04-21 08:21:33 - [TEST_STEP][PASSED] - FirstName = "Test-123": null

2020-04-21 08:21:33 - [TEST_STEP][PASSED] - LastName = selenium.getEval("{var x="ABCDEFGHIJKLMNOPQRSTUVWXYZabcdefghijklmnopqrstuvwxyz"; var tmp="ZZ11-"; for (i=0;i<8;i++) tmp+=x.charAt(Math.ceil(51*Math.random()));tmp;}"): null

2020-04-21 08:21:33 - [TEST_STEP][PASSED] - Address = selenium.getEval("{var x="ABCDEFGHIJKLMNOPQRSTUVWXYZabcdefghijklmnopqrstuvwxyz"; var tmp=""; for (i=0;i<8;i++) tmp+=x.charAt(Math.ceil(51*Math.random()));tmp;}"): null

2020-04-21 08:21:34 - [TEST_STEP][PASSED] - City = selenium.getEval("{var x="ABCDEFGHIJKLMNOPQRSTUVWXYZabcdefghijklmnopqrstuvwxyz"; var tmp=""; for (i=0;i<8;i++) tmp+=x.charAt(Math.ceil(51*Math.random()));tmp;}"): null

2020-04-21 08:21:34 - [TEST_STEP][PASSED] - tel1 = selenium.getEval("{var x="123456789"; var tmp=""; for (i=0;i<3;i++) tmp+=x.charAt(Math.ceil(8*Math.random()));tmp;}"): null

2020-04-21 08:21:34 - [TEST_STEP][PASSED] - tel2 = selenium.getEval("{var x="123456789"; var tmp=""; for (i=0;i<3;i++) tmp+=x.charAt(Math.ceil(8*Math.random()));tmp;}"): null

2020-04-21 08:21:34 - [TEST_STEP][PASSED] - tel3 = selenium.getEval("{var x="123456789"; var tmp=""; for (i=0;i<4;i++) tmp+=x.charAt(Math.ceil(8*Math.random()));tmp;}"): null

2020-04-21 08:21:34 - [TEST_STEP][PASSED] - Tel = selenium.getExpression(tel1 + "-" + tel2 + "-" + tel3): null

2020-04-21 08:21:34 - [TEST_STEP][PASSED] - AutoEmail = selenium.getEval("{var x="ABCDEFGHIJKLMNOPQRSTUVWXYZabcdefghijklmnopqrstuvwxyz"; var tmp="test."; for (i=0;i<8;i++) tmp+=x.charAt(Math.ceil(51*Math.random()));tmp+="@suryani.cn";}"): null

2020-04-21 08:21:34 - [TEST_STEP][PASSED] - FirstName = FirstName: null

2020-04-21 08:21:34 - [TEST_STEP][PASSED] - LastName = LastName: null

2020-04-21 08:21:34 - [TEST_STEP][PASSED] - Address = Address: null

2020-04-21 08:21:34 - [TEST_STEP][PASSED] - City = City: null

2020-04-21 08:21:34 - [TEST_STEP][PASSED] - Tel = Tel: null

2020-04-21 08:21:34 - [TEST_STEP][PASSED] - AutoEmail = AutoEmail: null

2020-04-21 08:21:34 - [TEST_STEP][PASSED] - println(FirstName): null

2020-04-21 08:21:34 - [TEST_STEP][PASSED] - println(LastName): null

2020-04-21 08:21:34 - [TEST_STEP][PASSED] - println(Address): null

2020-04-21 08:21:34 - [TEST_STEP][PASSED] - println(City): null

2020-04-21 08:21:34 - [TEST_STEP][PASSED] - println(Tel): null

2020-04-21 08:21:34 - [TEST_STEP][PASSED] - println(AutoEmail): null

2020-04-21 08:21:34 - [MESSAGE][PASSED] - Call Test Case 'Test Cases/AHI/_include/name' successfully

2020-04-21 08:21:34 - [TEST_STEP][PASSED] - Thread.sleep(3000): null

2020-04-21 08:21:37 - [TEST_STEP][PASSED] - setText(findTestObject("mobileSanity/Dental/app_page1/input__member-P-1-firstName"), FirstName): Text 'Test-123' is set on object 'Object Repository/mobileSanity/Dental/app_page1/input__member-P-1-firstName'

2020-04-21 08:21:37 - [MESSAGE][PASSED] - Text 'Test-123' is set on object 'Object Repository/mobileSanity/Dental/app_page1/input__member-P-1-firstName'

2020-04-21 08:21:37 - [TEST_STEP][PASSED] - setText(findTestObject("mobileSanity/Dental/app_page1/input__member-P-1-lastName"), LastName): Text 'ZZ11-XbRTPQEn' is set on object 'Object Repository/mobileSanity/Dental/app_page1/input__member-P-1-lastName'

2020-04-21 08:21:37 - [MESSAGE][PASSED] - Text 'ZZ11-XbRTPQEn' is set on object 'Object Repository/mobileSanity/Dental/app_page1/input__member-P-1-lastName'

2020-04-21 08:21:37 - [TEST_STEP][PASSED] - setText(findTestObject("mobileSanity/Dental/app_page1/input__address"), Address): Text 'LiJuNgmO' is set on object 'Object Repository/mobileSanity/Dental/app_page1/input__address'

2020-04-21 08:21:38 - [MESSAGE][PASSED] - Text 'LiJuNgmO' is set on object 'Object Repository/mobileSanity/Dental/app_page1/input__address'

2020-04-21 08:21:38 - [TEST_STEP][PASSED] - setText(findTestObject("mobileSanity/Dental/app_page1/input__city"), City): Text 'foSymkjE' is set on object 'Object Repository/mobileSanity/Dental/app_page1/input__city'

2020-04-21 08:21:38 - [MESSAGE][PASSED] - Text 'foSymkjE' is set on object 'Object Repository/mobileSanity/Dental/app_page1/input__city'

2020-04-21 08:21:38 - [TEST_STEP][PASSED] - setText(findTestObject("mobileSanity/Dental/app_page1/input__email"), AutoEmail): Text 'test.tGeykCtW@suryani.cn' is set on object 'Object Repository/mobileSanity/Dental/app_page1/input__email'

2020-04-21 08:21:38 - [MESSAGE][PASSED] - Text 'test.tGeykCtW@suryani.cn' is set on object 'Object Repository/mobileSanity/Dental/app_page1/input__email'

2020-04-21 08:21:38 - [TEST_STEP][PASSED] - setText(findTestObject("mobileSanity/Dental/app_page1/input_phone"), Tel): Text '238-383-4276' is set on object 'Object Repository/mobileSanity/Dental/app_page1/input_phone'

2020-04-21 08:21:39 - [MESSAGE][PASSED] - Text '238-383-4276' is set on object 'Object Repository/mobileSanity/Dental/app_page1/input_phone'

2020-04-21 08:21:39 - [TEST_STEP][PASSED] - click(findTestObject("mobileSanity/Dental/app_page1/a_Continue to Step 2 - Payment")): Object: 'Object Repository/mobileSanity/Dental/app_page1/a_Continue to Step 2 - Payment' is clicked on

2020-04-21 08:21:39 - [MESSAGE][PASSED] - Object: 'Object Repository/mobileSanity/Dental/app_page1/a_Continue to Step 2 - Payment' is clicked on

2020-04-21 08:21:39 - [TEST_STEP][PASSED] - for ([second = 0, second < 20, (second++)]): null

2020-04-21 08:21:39 - [TEST_STEP][PASSED] - try: null

2020-04-21 08:21:39 - [TEST_STEP][PASSED] - if (selenium.isElementPresent("id=credit-card-number")): null

2020-04-21 08:21:39 - [TEST_STEP][PASSED] - Thread.sleep(1000): null

2020-04-21 08:21:40 - [TEST_STEP][PASSED] - try: null

2020-04-21 08:21:40 - [TEST_STEP][PASSED] - if (selenium.isElementPresent("id=credit-card-number")): null

2020-04-21 08:21:40 - [TEST_STEP][PASSED] - break: null

2020-04-21 08:21:40 - [TEST_STEP][PASSED] - Thread.sleep(2000): null

2020-04-21 08:21:42 - [TEST_STEP][PASSED] - click(findTestObject("mobileSanity/Dental/app_page2/membership/label_ihaveread")): Object: 'Object Repository/mobileSanity/Dental/app_page2/membership/label_ihaveread' is clicked on

2020-04-21 08:21:42 - [MESSAGE][PASSED] - Object: 'Object Repository/mobileSanity/Dental/app_page2/membership/label_ihaveread' is clicked on

2020-04-21 08:21:42 - [TEST_STEP][PASSED] - click(findTestObject("mobileSanity/Dental/app_page2/membership/a_ok")): Object: 'Object Repository/mobileSanity/Dental/app_page2/membership/a_ok' is clicked on

2020-04-21 08:21:42 - [MESSAGE][PASSED] - Object: 'Object Repository/mobileSanity/Dental/app_page2/membership/a_ok' is clicked on

2020-04-21 08:21:42 - [TEST_STEP][PASSED] - Thread.sleep(3000): null

2020-04-21 08:21:45 - [TEST_STEP][PASSED] - callTestCase(findTestCase("AHI/_include/get_screenshot"), [:], STOP_ON_FAILURE): Call Test Case 'Test Cases/AHI/_include/get_screenshot' successfully

2020-04-21 08:21:45 - [TEST_CASE][PASSED] - Test Cases/AHI/_include/get_screenshot: Test Cases/AHI/_include/get_screenshot

2020-04-21 08:21:45 - [TEST_STEP][PASSED] - Thread.sleep(1000): null

2020-04-21 08:21:46 - [TEST_STEP][PASSED] - takeScreenshot(screenPath + i + ".png"): Taking screenshot successfully

2020-04-21 08:21:47 - [MESSAGE][PASSED] - Taking screenshot successfully
[[ATTACHMENT|D:\\Test\\AgileTest\\Reports\\AHI\\ahi\\20200421_080048\\../Screenshots/iPhone 6/AHI/Dental - USA Access/20200421_082038/6.png]]

2020-04-21 08:21:47 - [TEST_STEP][PASSED] - (internal.GlobalVariable.i++): null

2020-04-21 08:21:47 - [MESSAGE][PASSED] - Call Test Case 'Test Cases/AHI/_include/get_screenshot' successfully

2020-04-21 08:21:47 - [TEST_STEP][PASSED] - setText(findTestObject("mobileSanity/Dental/app_page2/input__credit-card-first"), FirstName): Text 'Test-123' is set on object 'Object Repository/mobileSanity/Dental/app_page2/input__credit-card-first'

2020-04-21 08:21:47 - [MESSAGE][PASSED] - Text 'Test-123' is set on object 'Object Repository/mobileSanity/Dental/app_page2/input__credit-card-first'

2020-04-21 08:21:47 - [TEST_STEP][PASSED] - setText(findTestObject("mobileSanity/Dental/app_page2/input__credit-card-last"), LastName): Text 'ZZ11-XbRTPQEn' is set on object 'Object Repository/mobileSanity/Dental/app_page2/input__credit-card-last'

2020-04-21 08:21:47 - [MESSAGE][PASSED] - Text 'ZZ11-XbRTPQEn' is set on object 'Object Repository/mobileSanity/Dental/app_page2/input__credit-card-last'

2020-04-21 08:21:47 - [TEST_STEP][PASSED] - selectOptionByValue(findTestObject("mobileSanity/Dental/app_page2/select_MM010203040506070809101"), "12", true): All options with value '12' are selected in object 'Object Repository/mobileSanity/Dental/app_page2/select_MM010203040506070809101'  using regular expression

2020-04-21 08:21:49 - [MESSAGE][PASSED] - All options with value '12' are selected in object 'Object Repository/mobileSanity/Dental/app_page2/select_MM010203040506070809101'  using regular expression

2020-04-21 08:21:49 - [TEST_STEP][PASSED] - selectOptionByValue(findTestObject("mobileSanity/Dental/app_page2/select_YYYY2019202020212022202"), "2026", true): All options with value '2026' are selected in object 'Object Repository/mobileSanity/Dental/app_page2/select_YYYY2019202020212022202'  using regular expression

2020-04-21 08:21:50 - [MESSAGE][PASSED] - All options with value '2026' are selected in object 'Object Repository/mobileSanity/Dental/app_page2/select_YYYY2019202020212022202'  using regular expression

2020-04-21 08:21:50 - [TEST_STEP][PASSED] - setText(findTestObject("mobileSanity/Dental/app_page2/input__credit-card-number"), "4111111111111111"): Text '4111111111111111' is set on object 'Object Repository/mobileSanity/Dental/app_page2/input__credit-card-number'

2020-04-21 08:21:51 - [MESSAGE][PASSED] - Text '4111111111111111' is set on object 'Object Repository/mobileSanity/Dental/app_page2/input__credit-card-number'

2020-04-21 08:21:51 - [TEST_STEP][PASSED] - setText(findTestObject("mobileSanity/Dental/app_page2/input__cvv"), "123"): Text '123' is set on object 'Object Repository/mobileSanity/Dental/app_page2/input__cvv'

2020-04-21 08:21:52 - [MESSAGE][PASSED] - Text '123' is set on object 'Object Repository/mobileSanity/Dental/app_page2/input__cvv'

2020-04-21 08:21:52 - [TEST_STEP][PASSED] - click(findTestObject("mobileSanity/Dental/app_page2/label_My billing address is th")): Object: 'Object Repository/mobileSanity/Dental/app_page2/label_My billing address is th' is clicked on

2020-04-21 08:21:52 - [MESSAGE][PASSED] - Object: 'Object Repository/mobileSanity/Dental/app_page2/label_My billing address is th' is clicked on

2020-04-21 08:21:52 - [TEST_STEP][PASSED] - click(findTestObject("mobileSanity/Dental/app_page2/label_I Accept Authorization f")): Object: 'Object Repository/mobileSanity/Dental/app_page2/label_I Accept Authorization f' is clicked on

2020-04-21 08:21:52 - [MESSAGE][PASSED] - Object: 'Object Repository/mobileSanity/Dental/app_page2/label_I Accept Authorization f' is clicked on

2020-04-21 08:21:52 - [TEST_STEP][PASSED] - click(findTestObject("mobileSanity/Dental/app_page2/a_Continue to Step 3 - Review")): Object: 'Object Repository/mobileSanity/Dental/app_page2/a_Continue to Step 3 - Review' is clicked on

2020-04-21 08:21:53 - [MESSAGE][PASSED] - Object: 'Object Repository/mobileSanity/Dental/app_page2/a_Continue to Step 3 - Review' is clicked on

2020-04-21 08:21:53 - [TEST_STEP][PASSED] - for ([second = 0, second < 20, (second++)]): null

2020-04-21 08:21:53 - [TEST_STEP][PASSED] - try: null

2020-04-21 08:21:53 - [TEST_STEP][PASSED] - if (selenium.isElementPresent("id=consent-checkbox-0")): null

2020-04-21 08:21:57 - [TEST_STEP][PASSED] - Thread.sleep(1000): null

2020-04-21 08:21:58 - [TEST_STEP][PASSED] - try: null

2020-04-21 08:21:58 - [TEST_STEP][PASSED] - if (selenium.isElementPresent("id=consent-checkbox-0")): null

2020-04-21 08:21:58 - [TEST_STEP][PASSED] - Thread.sleep(1000): null

2020-04-21 08:21:59 - [TEST_STEP][PASSED] - try: null

2020-04-21 08:21:59 - [TEST_STEP][PASSED] - if (selenium.isElementPresent("id=consent-checkbox-0")): null

2020-04-21 08:21:59 - [TEST_STEP][PASSED] - Thread.sleep(1000): null

2020-04-21 08:22:00 - [TEST_STEP][PASSED] - try: null

2020-04-21 08:22:00 - [TEST_STEP][PASSED] - if (selenium.isElementPresent("id=consent-checkbox-0")): null

2020-04-21 08:22:00 - [TEST_STEP][PASSED] - Thread.sleep(1000): null

2020-04-21 08:22:01 - [TEST_STEP][PASSED] - try: null

2020-04-21 08:22:01 - [TEST_STEP][PASSED] - if (selenium.isElementPresent("id=consent-checkbox-0")): null

2020-04-21 08:22:01 - [TEST_STEP][PASSED] - Thread.sleep(1000): null

2020-04-21 08:22:02 - [TEST_STEP][PASSED] - try: null

2020-04-21 08:22:02 - [TEST_STEP][PASSED] - if (selenium.isElementPresent("id=consent-checkbox-0")): null

2020-04-21 08:22:02 - [TEST_STEP][PASSED] - Thread.sleep(1000): null

2020-04-21 08:22:03 - [TEST_STEP][PASSED] - try: null

2020-04-21 08:22:03 - [TEST_STEP][PASSED] - if (selenium.isElementPresent("id=consent-checkbox-0")): null

2020-04-21 08:22:03 - [TEST_STEP][PASSED] - break: null

2020-04-21 08:22:03 - [TEST_STEP][PASSED] - waitForElementClickable(findTestObject("mobileSanity/Dental/app_page3/label"), 20): Object 'Object Repository/mobileSanity/Dental/app_page3/label' is clickable

2020-04-21 08:22:03 - [MESSAGE][PASSED] - Object 'Object Repository/mobileSanity/Dental/app_page3/label' is clickable

2020-04-21 08:22:03 - [TEST_STEP][PASSED] - callTestCase(findTestCase("AHI/_include/get_screenshot"), [:], STOP_ON_FAILURE): Call Test Case 'Test Cases/AHI/_include/get_screenshot' successfully

2020-04-21 08:22:03 - [TEST_CASE][PASSED] - Test Cases/AHI/_include/get_screenshot: Test Cases/AHI/_include/get_screenshot

2020-04-21 08:22:03 - [TEST_STEP][PASSED] - Thread.sleep(1000): null

2020-04-21 08:22:04 - [TEST_STEP][PASSED] - takeScreenshot(screenPath + i + ".png"): Taking screenshot successfully

2020-04-21 08:22:04 - [MESSAGE][PASSED] - Taking screenshot successfully
[[ATTACHMENT|D:\\Test\\AgileTest\\Reports\\AHI\\ahi\\20200421_080048\\../Screenshots/iPhone 6/AHI/Dental - USA Access/20200421_082038/7.png]]

2020-04-21 08:22:04 - [TEST_STEP][PASSED] - (internal.GlobalVariable.i++): null

2020-04-21 08:22:04 - [MESSAGE][PASSED] - Call Test Case 'Test Cases/AHI/_include/get_screenshot' successfully

2020-04-21 08:22:04 - [TEST_STEP][PASSED] - click(findTestObject("mobileSanity/Dental/app_page3/label")): Object: 'Object Repository/mobileSanity/Dental/app_page3/label' is clicked on

2020-04-21 08:22:05 - [MESSAGE][PASSED] - Object: 'Object Repository/mobileSanity/Dental/app_page3/label' is clicked on

2020-04-21 08:22:05 - [TEST_STEP][PASSED] - click(findTestObject("mobileSanity/Dental/app_page3/p_CLICK TO SIGN")): Object: 'Object Repository/mobileSanity/Dental/app_page3/p_CLICK TO SIGN' is clicked on

2020-04-21 08:22:05 - [MESSAGE][PASSED] - Object: 'Object Repository/mobileSanity/Dental/app_page3/p_CLICK TO SIGN' is clicked on

2020-04-21 08:22:05 - [TEST_STEP][PASSED] - click(findTestObject("mobileSanity/Dental/app_page3/a_Submit Your Application")): Object: 'Object Repository/mobileSanity/Dental/app_page3/a_Submit Your Application' is clicked on

2020-04-21 08:22:05 - [MESSAGE][PASSED] - Object: 'Object Repository/mobileSanity/Dental/app_page3/a_Submit Your Application' is clicked on

2020-04-21 08:22:05 - [TEST_STEP][PASSED] - for ([second = 0, second < 30, (second++)]): null

2020-04-21 08:22:05 - [TEST_STEP][PASSED] - try: null

2020-04-21 08:22:05 - [TEST_STEP][PASSED] - if (selenium.isElementPresent("id=app-confirmation")): null

2020-04-21 08:22:05 - [TEST_STEP][PASSED] - Thread.sleep(1000): null

2020-04-21 08:22:06 - [TEST_STEP][PASSED] - try: null

2020-04-21 08:22:06 - [TEST_STEP][PASSED] - if (selenium.isElementPresent("id=app-confirmation")): null

2020-04-21 08:22:06 - [TEST_STEP][PASSED] - Thread.sleep(1000): null

2020-04-21 08:22:07 - [TEST_STEP][PASSED] - try: null

2020-04-21 08:22:07 - [TEST_STEP][PASSED] - if (selenium.isElementPresent("id=app-confirmation")): null

2020-04-21 08:22:07 - [TEST_STEP][PASSED] - Thread.sleep(1000): null

2020-04-21 08:22:08 - [TEST_STEP][PASSED] - try: null

2020-04-21 08:22:08 - [TEST_STEP][PASSED] - if (selenium.isElementPresent("id=app-confirmation")): null

2020-04-21 08:22:08 - [TEST_STEP][PASSED] - Thread.sleep(1000): null

2020-04-21 08:22:09 - [TEST_STEP][PASSED] - try: null

2020-04-21 08:22:09 - [TEST_STEP][PASSED] - if (selenium.isElementPresent("id=app-confirmation")): null

2020-04-21 08:22:09 - [TEST_STEP][PASSED] - Thread.sleep(1000): null

2020-04-21 08:22:10 - [TEST_STEP][PASSED] - try: null

2020-04-21 08:22:10 - [TEST_STEP][PASSED] - if (selenium.isElementPresent("id=app-confirmation")): null

2020-04-21 08:22:10 - [TEST_STEP][PASSED] - Thread.sleep(1000): null

2020-04-21 08:22:11 - [TEST_STEP][PASSED] - try: null

2020-04-21 08:22:11 - [TEST_STEP][PASSED] - if (selenium.isElementPresent("id=app-confirmation")): null

2020-04-21 08:22:11 - [TEST_STEP][PASSED] - Thread.sleep(1000): null

2020-04-21 08:22:12 - [TEST_STEP][PASSED] - try: null

2020-04-21 08:22:12 - [TEST_STEP][PASSED] - if (selenium.isElementPresent("id=app-confirmation")): null

2020-04-21 08:22:12 - [TEST_STEP][PASSED] - Thread.sleep(1000): null

2020-04-21 08:22:13 - [TEST_STEP][PASSED] - try: null

2020-04-21 08:22:13 - [TEST_STEP][PASSED] - if (selenium.isElementPresent("id=app-confirmation")): null

2020-04-21 08:22:13 - [TEST_STEP][PASSED] - Thread.sleep(1000): null

2020-04-21 08:22:14 - [TEST_STEP][PASSED] - try: null

2020-04-21 08:22:14 - [TEST_STEP][PASSED] - if (selenium.isElementPresent("id=app-confirmation")): null

2020-04-21 08:22:14 - [TEST_STEP][PASSED] - Thread.sleep(1000): null

2020-04-21 08:22:15 - [TEST_STEP][PASSED] - try: null

2020-04-21 08:22:15 - [TEST_STEP][PASSED] - if (selenium.isElementPresent("id=app-confirmation")): null

2020-04-21 08:22:15 - [TEST_STEP][PASSED] - Thread.sleep(1000): null

2020-04-21 08:22:16 - [TEST_STEP][PASSED] - try: null

2020-04-21 08:22:16 - [TEST_STEP][PASSED] - if (selenium.isElementPresent("id=app-confirmation")): null

2020-04-21 08:22:16 - [TEST_STEP][PASSED] - Thread.sleep(1000): null

2020-04-21 08:22:17 - [TEST_STEP][PASSED] - try: null

2020-04-21 08:22:17 - [TEST_STEP][PASSED] - if (selenium.isElementPresent("id=app-confirmation")): null

2020-04-21 08:22:18 - [TEST_STEP][PASSED] - Thread.sleep(1000): null

2020-04-21 08:22:19 - [TEST_STEP][PASSED] - try: null

2020-04-21 08:22:19 - [TEST_STEP][PASSED] - if (selenium.isElementPresent("id=app-confirmation")): null

2020-04-21 08:22:19 - [TEST_STEP][PASSED] - Thread.sleep(1000): null

2020-04-21 08:22:20 - [TEST_STEP][PASSED] - try: null

2020-04-21 08:22:20 - [TEST_STEP][PASSED] - if (selenium.isElementPresent("id=app-confirmation")): null

2020-04-21 08:22:20 - [TEST_STEP][PASSED] - Thread.sleep(1000): null

2020-04-21 08:22:21 - [TEST_STEP][PASSED] - try: null

2020-04-21 08:22:21 - [TEST_STEP][PASSED] - if (selenium.isElementPresent("id=app-confirmation")): null

2020-04-21 08:22:21 - [TEST_STEP][PASSED] - Thread.sleep(1000): null

2020-04-21 08:22:22 - [TEST_STEP][PASSED] - try: null

2020-04-21 08:22:22 - [TEST_STEP][PASSED] - if (selenium.isElementPresent("id=app-confirmation")): null

2020-04-21 08:22:22 - [TEST_STEP][PASSED] - Thread.sleep(1000): null

2020-04-21 08:22:23 - [TEST_STEP][PASSED] - try: null

2020-04-21 08:22:23 - [TEST_STEP][PASSED] - if (selenium.isElementPresent("id=app-confirmation")): null

2020-04-21 08:22:23 - [TEST_STEP][PASSED] - Thread.sleep(1000): null

2020-04-21 08:22:24 - [TEST_STEP][PASSED] - try: null

2020-04-21 08:22:24 - [TEST_STEP][PASSED] - if (selenium.isElementPresent("id=app-confirmation")): null

2020-04-21 08:22:24 - [TEST_STEP][PASSED] - Thread.sleep(1000): null

2020-04-21 08:22:25 - [TEST_STEP][PASSED] - try: null

2020-04-21 08:22:25 - [TEST_STEP][PASSED] - if (selenium.isElementPresent("id=app-confirmation")): null

2020-04-21 08:22:25 - [TEST_STEP][PASSED] - Thread.sleep(1000): null

2020-04-21 08:22:26 - [TEST_STEP][PASSED] - try: null

2020-04-21 08:22:26 - [TEST_STEP][PASSED] - if (selenium.isElementPresent("id=app-confirmation")): null

2020-04-21 08:22:26 - [TEST_STEP][PASSED] - Thread.sleep(1000): null

2020-04-21 08:22:27 - [TEST_STEP][PASSED] - try: null

2020-04-21 08:22:27 - [TEST_STEP][PASSED] - if (selenium.isElementPresent("id=app-confirmation")): null

2020-04-21 08:22:27 - [TEST_STEP][PASSED] - Thread.sleep(1000): null

2020-04-21 08:22:28 - [TEST_STEP][PASSED] - try: null

2020-04-21 08:22:28 - [TEST_STEP][PASSED] - if (selenium.isElementPresent("id=app-confirmation")): null

2020-04-21 08:22:28 - [TEST_STEP][PASSED] - Thread.sleep(1000): null

2020-04-21 08:22:29 - [TEST_STEP][PASSED] - try: null

2020-04-21 08:22:29 - [TEST_STEP][PASSED] - if (selenium.isElementPresent("id=app-confirmation")): null

2020-04-21 08:22:29 - [TEST_STEP][PASSED] - Thread.sleep(1000): null

2020-04-21 08:22:30 - [TEST_STEP][PASSED] - try: null

2020-04-21 08:22:30 - [TEST_STEP][PASSED] - if (selenium.isElementPresent("id=app-confirmation")): null

2020-04-21 08:22:30 - [TEST_STEP][PASSED] - Thread.sleep(1000): null

2020-04-21 08:22:31 - [TEST_STEP][PASSED] - try: null

2020-04-21 08:22:31 - [TEST_STEP][PASSED] - if (selenium.isElementPresent("id=app-confirmation")): null

2020-04-21 08:22:31 - [TEST_STEP][PASSED] - Thread.sleep(1000): null

2020-04-21 08:22:32 - [TEST_STEP][PASSED] - try: null

2020-04-21 08:22:32 - [TEST_STEP][PASSED] - if (selenium.isElementPresent("id=app-confirmation")): null

2020-04-21 08:22:32 - [TEST_STEP][PASSED] - Thread.sleep(1000): null

2020-04-21 08:22:33 - [TEST_STEP][PASSED] - try: null

2020-04-21 08:22:33 - [TEST_STEP][PASSED] - if (selenium.isElementPresent("id=app-confirmation")): null

2020-04-21 08:22:33 - [TEST_STEP][PASSED] - Thread.sleep(1000): null

2020-04-21 08:22:34 - [TEST_STEP][PASSED] - try: null

2020-04-21 08:22:34 - [TEST_STEP][PASSED] - if (selenium.isElementPresent("id=app-confirmation")): null

2020-04-21 08:22:34 - [TEST_STEP][PASSED] - Thread.sleep(1000): null

2020-04-21 08:22:35 - [TEST_STEP][PASSED] - try: null

2020-04-21 08:22:35 - [TEST_STEP][PASSED] - if (selenium.isElementPresent("id=app-confirmation")): null

2020-04-21 08:22:36 - [TEST_STEP][PASSED] - Thread.sleep(1000): null

2020-04-21 08:22:37 - [TEST_STEP][PASSED] - callTestCase(findTestCase("AHI/_include/get_screenshot"), [:], STOP_ON_FAILURE): Call Test Case 'Test Cases/AHI/_include/get_screenshot' successfully

2020-04-21 08:22:37 - [TEST_CASE][PASSED] - Test Cases/AHI/_include/get_screenshot: Test Cases/AHI/_include/get_screenshot

2020-04-21 08:22:37 - [TEST_STEP][PASSED] - Thread.sleep(1000): null

2020-04-21 08:22:38 - [TEST_STEP][PASSED] - takeScreenshot(screenPath + i + ".png"): Taking screenshot successfully

2020-04-21 08:22:39 - [MESSAGE][PASSED] - Taking screenshot successfully
[[ATTACHMENT|D:\\Test\\AgileTest\\Reports\\AHI\\ahi\\20200421_080048\\../Screenshots/iPhone 6/AHI/Dental - USA Access/20200421_082038/8.png]]

2020-04-21 08:22:39 - [TEST_STEP][PASSED] - (internal.GlobalVariable.i++): null

2020-04-21 08:22:39 - [MESSAGE][PASSED] - Call Test Case 'Test Cases/AHI/_include/get_screenshot' successfully]]></system-out>
         <system-err><![CDATA[]]></system-err>
      </testcase>
      <testcase name="Test Cases/AHI/NEW/HBI" classname="Test Cases/AHI/NEW/HBI" status="PASSED">
         <system-out><![CDATA[2020-04-21 08:22:39 - [TEST_CASE][PASSED] - Test Cases/AHI/NEW/HBI: Test Cases/AHI/NEW/HBI

2020-04-21 08:22:39 - [TEST_STEP][PASSED] - callTestCase(findTestCase("AHI/_include/get_screenPath"), ["productLine":"AHI", "carrierName":"HBI"], CONTINUE_ON_FAILURE): Call Test Case 'Test Cases/AHI/_include/get_screenPath' successfully

2020-04-21 08:22:39 - [TEST_CASE][PASSED] - Test Cases/AHI/_include/get_screenPath: Test Cases/AHI/_include/get_screenPath

2020-04-21 08:22:39 - [TEST_STEP][PASSED] - m = getExecutionProperties(): null

2020-04-21 08:22:39 - [TEST_STEP][PASSED] - deviceName = get("mobileEmulation").get("deviceName"): null

2020-04-21 08:22:39 - [TEST_STEP][PASSED] - println(deviceName): null

2020-04-21 08:22:39 - [TEST_STEP][PASSED] - now = new java.util.Date(): null

2020-04-21 08:22:39 - [TEST_STEP][PASSED] - mydate = now.format("yyyyMMdd_HHmmss"): null

2020-04-21 08:22:39 - [TEST_STEP][PASSED] - screenPath = "../Screenshots/": null

2020-04-21 08:22:39 - [TEST_STEP][PASSED] - screenPath = screenPath + deviceName + "/" + productLine + "/" + carrierName + "/" + mydate + "/": null

2020-04-21 08:22:39 - [TEST_STEP][PASSED] - println(screenPath): null

2020-04-21 08:22:39 - [MESSAGE][PASSED] - Call Test Case 'Test Cases/AHI/_include/get_screenPath' successfully

2020-04-21 08:22:39 - [TEST_STEP][PASSED] - i = 0: null

2020-04-21 08:22:39 - [TEST_STEP][PASSED] - callTestCase(findTestCase("AHI/_include/openWebSite"), [:], CONTINUE_ON_FAILURE): Call Test Case 'Test Cases/AHI/_include/openWebSite' successfully

2020-04-21 08:22:39 - [TEST_CASE][PASSED] - Test Cases/AHI/_include/openWebSite: Test Cases/AHI/_include/openWebSite

2020-04-21 08:22:39 - [TEST_STEP][PASSED] - openBrowser(env): Browser is opened with url: 'https://praetemptatus.agilehealthinsurance.com'

2020-04-21 08:22:39 - [MESSAGE][WARNING] - A browser is already opened. Closing browser and opening a new one

2020-04-21 08:22:40 - [MESSAGE][INFO] - Starting 'Chrome' driver

2020-04-21 08:22:40 - [MESSAGE][INFO] - User set preference: ['mobileEmulation', '{deviceName=iPhone 6}']

2020-04-21 08:22:40 - [MESSAGE][INFO] - User set preference: ['args', '[--incognito, --aggressive-cache-discard, --window-size=375,677, --no-sandbox, --ignore-certificate-errors]']

2020-04-21 08:22:56 - [MESSAGE][PASSED] - Browser is opened with url: 'https://praetemptatus.agilehealthinsurance.com'

2020-04-21 08:22:56 - [TEST_STEP][PASSED] - waitForPageLoad(20): Wait for page load successfully

2020-04-21 08:22:56 - [MESSAGE][PASSED] - Wait for page load successfully

2020-04-21 08:22:56 - [TEST_STEP][PASSED] - callTestCase(findTestCase("AHI/_include/get_screenshot"), [:], STOP_ON_FAILURE): Call Test Case 'Test Cases/AHI/_include/get_screenshot' successfully

2020-04-21 08:22:56 - [TEST_CASE][PASSED] - Test Cases/AHI/_include/get_screenshot: Test Cases/AHI/_include/get_screenshot

2020-04-21 08:22:56 - [TEST_STEP][PASSED] - Thread.sleep(1000): null

2020-04-21 08:22:57 - [TEST_STEP][PASSED] - takeScreenshot(screenPath + i + ".png"): Taking screenshot successfully

2020-04-21 08:22:58 - [MESSAGE][PASSED] - Taking screenshot successfully
[[ATTACHMENT|D:\\Test\\AgileTest\\Reports\\AHI\\ahi\\20200421_080048\\../Screenshots/iPhone 6/AHI/HBI/20200421_082239/0.png]]

2020-04-21 08:22:58 - [TEST_STEP][PASSED] - (internal.GlobalVariable.i++): null

2020-04-21 08:22:58 - [MESSAGE][PASSED] - Call Test Case 'Test Cases/AHI/_include/get_screenshot' successfully

2020-04-21 08:22:58 - [MESSAGE][PASSED] - Call Test Case 'Test Cases/AHI/_include/openWebSite' successfully

2020-04-21 08:22:58 - [TEST_STEP][PASSED] - driver = getWebDriver(): null

2020-04-21 08:22:58 - [TEST_STEP][PASSED] - baseUrl = ENV: null

2020-04-21 08:22:58 - [TEST_STEP][PASSED] - selenium = new com.thoughtworks.selenium.webdriven.WebDriverBackedSelenium(driver, baseUrl): null

2020-04-21 08:22:58 - [TEST_STEP][PASSED] - selenium.click("//*[@class='filter-option-inner-inner']"): null

2020-04-21 08:22:58 - [TEST_STEP][PASSED] - selenium.click("id=bs-select-1-3"): null

2020-04-21 08:22:58 - [TEST_STEP][PASSED] - selenium.click("id=primaryCTA"): null

2020-04-21 08:23:06 - [TEST_STEP][PASSED] - for ([second = 0, second < 10, (second++)]): null

2020-04-21 08:23:06 - [TEST_STEP][PASSED] - try: null

2020-04-21 08:23:06 - [TEST_STEP][PASSED] - if (selenium.isElementPresent("id=js-traffic-to-aiq")): null

2020-04-21 08:23:07 - [TEST_STEP][PASSED] - break: null

2020-04-21 08:23:07 - [TEST_STEP][PASSED] - callTestCase(findTestCase("AHI/_include/get_screenshot"), [:], STOP_ON_FAILURE): Call Test Case 'Test Cases/AHI/_include/get_screenshot' successfully

2020-04-21 08:23:07 - [TEST_CASE][PASSED] - Test Cases/AHI/_include/get_screenshot: Test Cases/AHI/_include/get_screenshot

2020-04-21 08:23:07 - [TEST_STEP][PASSED] - Thread.sleep(1000): null

2020-04-21 08:23:08 - [TEST_STEP][PASSED] - takeScreenshot(screenPath + i + ".png"): Taking screenshot successfully

2020-04-21 08:23:08 - [MESSAGE][PASSED] - Taking screenshot successfully
[[ATTACHMENT|D:\\Test\\AgileTest\\Reports\\AHI\\ahi\\20200421_080048\\../Screenshots/iPhone 6/AHI/HBI/20200421_082239/1.png]]

2020-04-21 08:23:08 - [TEST_STEP][PASSED] - (internal.GlobalVariable.i++): null

2020-04-21 08:23:08 - [MESSAGE][PASSED] - Call Test Case 'Test Cases/AHI/_include/get_screenshot' successfully

2020-04-21 08:23:08 - [TEST_STEP][PASSED] - url = selenium.getAttribute("xpath=(//a[@id='js-traffic-to-aiq'])@href"): null

2020-04-21 08:23:08 - [TEST_STEP][PASSED] - navigateToUrl(url): Navigate to 'https://healthinsurance.net/health?utm_source=hiiq&utm_medium=cpm&utm_campaign=agile' successfully

2020-04-21 08:23:50 - [MESSAGE][PASSED] - Navigate to 'https://healthinsurance.net/health?utm_source=hiiq&utm_medium=cpm&utm_campaign=agile' successfully

2020-04-21 08:23:50 - [TEST_STEP][PASSED] - waitForPageLoad(10): Wait for page load successfully

2020-04-21 08:23:50 - [MESSAGE][PASSED] - Wait for page load successfully

2020-04-21 08:23:50 - [TEST_STEP][PASSED] - callTestCase(findTestCase("AHI/_include/get_screenshot"), [:], STOP_ON_FAILURE): Call Test Case 'Test Cases/AHI/_include/get_screenshot' successfully

2020-04-21 08:23:50 - [TEST_CASE][PASSED] - Test Cases/AHI/_include/get_screenshot: Test Cases/AHI/_include/get_screenshot

2020-04-21 08:23:50 - [TEST_STEP][PASSED] - Thread.sleep(1000): null

2020-04-21 08:23:51 - [TEST_STEP][PASSED] - takeScreenshot(screenPath + i + ".png"): Taking screenshot successfully

2020-04-21 08:23:51 - [MESSAGE][PASSED] - Taking screenshot successfully
[[ATTACHMENT|D:\\Test\\AgileTest\\Reports\\AHI\\ahi\\20200421_080048\\../Screenshots/iPhone 6/AHI/HBI/20200421_082239/2.png]]

2020-04-21 08:23:51 - [TEST_STEP][PASSED] - (internal.GlobalVariable.i++): null

2020-04-21 08:23:51 - [MESSAGE][PASSED] - Call Test Case 'Test Cases/AHI/_include/get_screenshot' successfully]]></system-out>
         <system-err><![CDATA[]]></system-err>
      </testcase>
      <testcase name="Test Cases/AHI/NEW/Medicare" classname="Test Cases/AHI/NEW/Medicare" status="PASSED">
         <system-out><![CDATA[2020-04-21 08:23:51 - [TEST_CASE][PASSED] - Test Cases/AHI/NEW/Medicare: Test Cases/AHI/NEW/Medicare

2020-04-21 08:23:51 - [TEST_STEP][PASSED] - callTestCase(findTestCase("AHI/_include/get_screenPath"), ["productLine":"AHI", "carrierName":"Medicare"], CONTINUE_ON_FAILURE): Call Test Case 'Test Cases/AHI/_include/get_screenPath' successfully

2020-04-21 08:23:51 - [TEST_CASE][PASSED] - Test Cases/AHI/_include/get_screenPath: Test Cases/AHI/_include/get_screenPath

2020-04-21 08:23:51 - [TEST_STEP][PASSED] - m = getExecutionProperties(): null

2020-04-21 08:23:51 - [TEST_STEP][PASSED] - deviceName = get("mobileEmulation").get("deviceName"): null

2020-04-21 08:23:51 - [TEST_STEP][PASSED] - println(deviceName): null

2020-04-21 08:23:51 - [TEST_STEP][PASSED] - now = new java.util.Date(): null

2020-04-21 08:23:51 - [TEST_STEP][PASSED] - mydate = now.format("yyyyMMdd_HHmmss"): null

2020-04-21 08:23:51 - [TEST_STEP][PASSED] - screenPath = "../Screenshots/": null

2020-04-21 08:23:51 - [TEST_STEP][PASSED] - screenPath = screenPath + deviceName + "/" + productLine + "/" + carrierName + "/" + mydate + "/": null

2020-04-21 08:23:51 - [TEST_STEP][PASSED] - println(screenPath): null

2020-04-21 08:23:51 - [MESSAGE][PASSED] - Call Test Case 'Test Cases/AHI/_include/get_screenPath' successfully

2020-04-21 08:23:51 - [TEST_STEP][PASSED] - i = 0: null

2020-04-21 08:23:51 - [TEST_STEP][PASSED] - callTestCase(findTestCase("AHI/_include/openWebSite"), [:], CONTINUE_ON_FAILURE): Call Test Case 'Test Cases/AHI/_include/openWebSite' successfully

2020-04-21 08:23:51 - [TEST_CASE][PASSED] - Test Cases/AHI/_include/openWebSite: Test Cases/AHI/_include/openWebSite

2020-04-21 08:23:51 - [TEST_STEP][PASSED] - openBrowser(env): Browser is opened with url: 'https://praetemptatus.agilehealthinsurance.com'

2020-04-21 08:23:51 - [MESSAGE][WARNING] - A browser is already opened. Closing browser and opening a new one

2020-04-21 08:23:52 - [MESSAGE][INFO] - Starting 'Chrome' driver

2020-04-21 08:23:52 - [MESSAGE][INFO] - User set preference: ['mobileEmulation', '{deviceName=iPhone 6}']

2020-04-21 08:23:52 - [MESSAGE][INFO] - User set preference: ['args', '[--incognito, --aggressive-cache-discard, --window-size=375,677, --no-sandbox, --ignore-certificate-errors]']

2020-04-21 08:24:08 - [MESSAGE][PASSED] - Browser is opened with url: 'https://praetemptatus.agilehealthinsurance.com'

2020-04-21 08:24:08 - [TEST_STEP][PASSED] - waitForPageLoad(20): Wait for page load successfully

2020-04-21 08:24:08 - [MESSAGE][PASSED] - Wait for page load successfully

2020-04-21 08:24:08 - [TEST_STEP][PASSED] - callTestCase(findTestCase("AHI/_include/get_screenshot"), [:], STOP_ON_FAILURE): Call Test Case 'Test Cases/AHI/_include/get_screenshot' successfully

2020-04-21 08:24:08 - [TEST_CASE][PASSED] - Test Cases/AHI/_include/get_screenshot: Test Cases/AHI/_include/get_screenshot

2020-04-21 08:24:08 - [TEST_STEP][PASSED] - Thread.sleep(1000): null

2020-04-21 08:24:09 - [TEST_STEP][PASSED] - takeScreenshot(screenPath + i + ".png"): Taking screenshot successfully

2020-04-21 08:24:10 - [MESSAGE][PASSED] - Taking screenshot successfully
[[ATTACHMENT|D:\\Test\\AgileTest\\Reports\\AHI\\ahi\\20200421_080048\\../Screenshots/iPhone 6/AHI/Medicare/20200421_082351/0.png]]

2020-04-21 08:24:10 - [TEST_STEP][PASSED] - (internal.GlobalVariable.i++): null

2020-04-21 08:24:10 - [MESSAGE][PASSED] - Call Test Case 'Test Cases/AHI/_include/get_screenshot' successfully

2020-04-21 08:24:10 - [MESSAGE][PASSED] - Call Test Case 'Test Cases/AHI/_include/openWebSite' successfully

2020-04-21 08:24:10 - [TEST_STEP][PASSED] - driver = getWebDriver(): null

2020-04-21 08:24:10 - [TEST_STEP][PASSED] - baseUrl = ENV: null

2020-04-21 08:24:10 - [TEST_STEP][PASSED] - selenium = new com.thoughtworks.selenium.webdriven.WebDriverBackedSelenium(driver, baseUrl): null

2020-04-21 08:24:10 - [TEST_STEP][PASSED] - selenium.click("//*[@class='filter-option-inner-inner']"): null

2020-04-21 08:24:10 - [TEST_STEP][PASSED] - selenium.click("id=bs-select-1-4"): null

2020-04-21 08:24:11 - [TEST_STEP][PASSED] - selenium.click("id=primaryCTA"): null

2020-04-21 08:24:11 - [TEST_STEP][PASSED] - for ([second = 0, second < 10, (second++)]): null

2020-04-21 08:24:11 - [TEST_STEP][PASSED] - try: null

2020-04-21 08:24:11 - [TEST_STEP][PASSED] - if (selenium.isElementPresent("//h1[contains(text(),'Compare Medicare health plans')]")): null

2020-04-21 08:24:11 - [TEST_STEP][PASSED] - Thread.sleep(1000): null

2020-04-21 08:24:12 - [TEST_STEP][PASSED] - try: null

2020-04-21 08:24:12 - [TEST_STEP][PASSED] - if (selenium.isElementPresent("//h1[contains(text(),'Compare Medicare health plans')]")): null

2020-04-21 08:24:12 - [TEST_STEP][PASSED] - Thread.sleep(1000): null

2020-04-21 08:24:13 - [TEST_STEP][PASSED] - try: null

2020-04-21 08:24:13 - [TEST_STEP][PASSED] - if (selenium.isElementPresent("//h1[contains(text(),'Compare Medicare health plans')]")): null

2020-04-21 08:24:13 - [TEST_STEP][PASSED] - Thread.sleep(1000): null

2020-04-21 08:24:14 - [TEST_STEP][PASSED] - try: null

2020-04-21 08:24:14 - [TEST_STEP][PASSED] - if (selenium.isElementPresent("//h1[contains(text(),'Compare Medicare health plans')]")): null

2020-04-21 08:24:14 - [TEST_STEP][PASSED] - Thread.sleep(1000): null

2020-04-21 08:24:15 - [TEST_STEP][PASSED] - try: null

2020-04-21 08:24:15 - [TEST_STEP][PASSED] - if (selenium.isElementPresent("//h1[contains(text(),'Compare Medicare health plans')]")): null

2020-04-21 08:24:15 - [TEST_STEP][PASSED] - Thread.sleep(1000): null

2020-04-21 08:24:16 - [TEST_STEP][PASSED] - try: null

2020-04-21 08:24:16 - [TEST_STEP][PASSED] - if (selenium.isElementPresent("//h1[contains(text(),'Compare Medicare health plans')]")): null

2020-04-21 08:24:31 - [TEST_STEP][PASSED] - break: null

2020-04-21 08:24:31 - [TEST_STEP][PASSED] - callTestCase(findTestCase("AHI/_include/get_screenshot"), [:], STOP_ON_FAILURE): Call Test Case 'Test Cases/AHI/_include/get_screenshot' successfully

2020-04-21 08:24:31 - [TEST_CASE][PASSED] - Test Cases/AHI/_include/get_screenshot: Test Cases/AHI/_include/get_screenshot

2020-04-21 08:24:31 - [TEST_STEP][PASSED] - Thread.sleep(1000): null

2020-04-21 08:24:32 - [TEST_STEP][PASSED] - takeScreenshot(screenPath + i + ".png"): Taking screenshot successfully

2020-04-21 08:24:32 - [MESSAGE][PASSED] - Taking screenshot successfully
[[ATTACHMENT|D:\\Test\\AgileTest\\Reports\\AHI\\ahi\\20200421_080048\\../Screenshots/iPhone 6/AHI/Medicare/20200421_082351/1.png]]

2020-04-21 08:24:32 - [TEST_STEP][PASSED] - (internal.GlobalVariable.i++): null

2020-04-21 08:24:32 - [MESSAGE][PASSED] - Call Test Case 'Test Cases/AHI/_include/get_screenshot' successfully]]></system-out>
         <system-err><![CDATA[]]></system-err>
      </testcase>
      <testcase name="Test Cases/AHI/NEW/Pet Insurance" classname="Test Cases/AHI/NEW/Pet Insurance" status="PASSED">
         <system-out><![CDATA[2020-04-21 08:24:32 - [TEST_CASE][PASSED] - Test Cases/AHI/NEW/Pet Insurance: Test Cases/AHI/NEW/Pet Insurance

2020-04-21 08:24:33 - [TEST_STEP][PASSED] - callTestCase(findTestCase("AHI/_include/get_screenPath"), ["productLine":"AHI", "carrierName":"Pet Insurance"], CONTINUE_ON_FAILURE): Call Test Case 'Test Cases/AHI/_include/get_screenPath' successfully

2020-04-21 08:24:33 - [TEST_CASE][PASSED] - Test Cases/AHI/_include/get_screenPath: Test Cases/AHI/_include/get_screenPath

2020-04-21 08:24:33 - [TEST_STEP][PASSED] - m = getExecutionProperties(): null

2020-04-21 08:24:33 - [TEST_STEP][PASSED] - deviceName = get("mobileEmulation").get("deviceName"): null

2020-04-21 08:24:33 - [TEST_STEP][PASSED] - println(deviceName): null

2020-04-21 08:24:33 - [TEST_STEP][PASSED] - now = new java.util.Date(): null

2020-04-21 08:24:33 - [TEST_STEP][PASSED] - mydate = now.format("yyyyMMdd_HHmmss"): null

2020-04-21 08:24:33 - [TEST_STEP][PASSED] - screenPath = "../Screenshots/": null

2020-04-21 08:24:33 - [TEST_STEP][PASSED] - screenPath = screenPath + deviceName + "/" + productLine + "/" + carrierName + "/" + mydate + "/": null

2020-04-21 08:24:33 - [TEST_STEP][PASSED] - println(screenPath): null

2020-04-21 08:24:33 - [MESSAGE][PASSED] - Call Test Case 'Test Cases/AHI/_include/get_screenPath' successfully

2020-04-21 08:24:33 - [TEST_STEP][PASSED] - i = 0: null

2020-04-21 08:24:33 - [TEST_STEP][PASSED] - callTestCase(findTestCase("AHI/_include/openWebSite"), [:], CONTINUE_ON_FAILURE): Call Test Case 'Test Cases/AHI/_include/openWebSite' successfully

2020-04-21 08:24:33 - [TEST_CASE][PASSED] - Test Cases/AHI/_include/openWebSite: Test Cases/AHI/_include/openWebSite

2020-04-21 08:24:33 - [TEST_STEP][PASSED] - openBrowser(env): Browser is opened with url: 'https://praetemptatus.agilehealthinsurance.com'

2020-04-21 08:24:33 - [MESSAGE][WARNING] - A browser is already opened. Closing browser and opening a new one

2020-04-21 08:24:33 - [MESSAGE][INFO] - Starting 'Chrome' driver

2020-04-21 08:24:33 - [MESSAGE][INFO] - User set preference: ['mobileEmulation', '{deviceName=iPhone 6}']

2020-04-21 08:24:33 - [MESSAGE][INFO] - User set preference: ['args', '[--incognito, --aggressive-cache-discard, --window-size=375,677, --no-sandbox, --ignore-certificate-errors]']

2020-04-21 08:24:41 - [MESSAGE][PASSED] - Browser is opened with url: 'https://praetemptatus.agilehealthinsurance.com'

2020-04-21 08:24:41 - [TEST_STEP][PASSED] - waitForPageLoad(20): Wait for page load successfully

2020-04-21 08:24:41 - [MESSAGE][PASSED] - Wait for page load successfully

2020-04-21 08:24:41 - [TEST_STEP][PASSED] - callTestCase(findTestCase("AHI/_include/get_screenshot"), [:], STOP_ON_FAILURE): Call Test Case 'Test Cases/AHI/_include/get_screenshot' successfully

2020-04-21 08:24:41 - [TEST_CASE][PASSED] - Test Cases/AHI/_include/get_screenshot: Test Cases/AHI/_include/get_screenshot

2020-04-21 08:24:41 - [TEST_STEP][PASSED] - Thread.sleep(1000): null

2020-04-21 08:24:42 - [TEST_STEP][PASSED] - takeScreenshot(screenPath + i + ".png"): Taking screenshot successfully

2020-04-21 08:24:43 - [MESSAGE][PASSED] - Taking screenshot successfully
[[ATTACHMENT|D:\\Test\\AgileTest\\Reports\\AHI\\ahi\\20200421_080048\\../Screenshots/iPhone 6/AHI/Pet Insurance/20200421_082433/0.png]]

2020-04-21 08:24:43 - [TEST_STEP][PASSED] - (internal.GlobalVariable.i++): null

2020-04-21 08:24:43 - [MESSAGE][PASSED] - Call Test Case 'Test Cases/AHI/_include/get_screenshot' successfully

2020-04-21 08:24:43 - [MESSAGE][PASSED] - Call Test Case 'Test Cases/AHI/_include/openWebSite' successfully

2020-04-21 08:24:43 - [TEST_STEP][PASSED] - driver = getWebDriver(): null

2020-04-21 08:24:43 - [TEST_STEP][PASSED] - baseUrl = ENV: null

2020-04-21 08:24:43 - [TEST_STEP][PASSED] - selenium = new com.thoughtworks.selenium.webdriven.WebDriverBackedSelenium(driver, baseUrl): null

2020-04-21 08:24:43 - [TEST_STEP][PASSED] - selenium.click("//*[@class='filter-option-inner-inner']"): null

2020-04-21 08:24:43 - [TEST_STEP][PASSED] - selenium.click("id=bs-select-1-5"): null

2020-04-21 08:24:43 - [TEST_STEP][PASSED] - selenium.click("id=primaryCTA"): null

2020-04-21 08:24:44 - [TEST_STEP][PASSED] - for ([second = 0, second < 20, (second++)]): null

2020-04-21 08:24:44 - [TEST_STEP][PASSED] - try: null

2020-04-21 08:24:44 - [TEST_STEP][PASSED] - if (selenium.isElementPresent("id=zip-input")): null

2020-04-21 08:24:45 - [TEST_STEP][PASSED] - break: null

2020-04-21 08:24:45 - [TEST_STEP][PASSED] - callTestCase(findTestCase("AHI/_include/get_screenshot"), [:], STOP_ON_FAILURE): Call Test Case 'Test Cases/AHI/_include/get_screenshot' successfully

2020-04-21 08:24:45 - [TEST_CASE][PASSED] - Test Cases/AHI/_include/get_screenshot: Test Cases/AHI/_include/get_screenshot

2020-04-21 08:24:45 - [TEST_STEP][PASSED] - Thread.sleep(1000): null

2020-04-21 08:24:46 - [TEST_STEP][PASSED] - takeScreenshot(screenPath + i + ".png"): Taking screenshot successfully

2020-04-21 08:24:47 - [MESSAGE][PASSED] - Taking screenshot successfully
[[ATTACHMENT|D:\\Test\\AgileTest\\Reports\\AHI\\ahi\\20200421_080048\\../Screenshots/iPhone 6/AHI/Pet Insurance/20200421_082433/1.png]]

2020-04-21 08:24:47 - [TEST_STEP][PASSED] - (internal.GlobalVariable.i++): null

2020-04-21 08:24:47 - [MESSAGE][PASSED] - Call Test Case 'Test Cases/AHI/_include/get_screenshot' successfully

2020-04-21 08:24:47 - [TEST_STEP][PASSED] - sendKeys(findTestObject("mobileSanity/Cancer Insurance/zip"), "35216"): Keys '35216' sent to object: 'Object Repository/mobileSanity/Cancer Insurance/zip'

2020-04-21 08:24:47 - [MESSAGE][PASSED] - Keys '35216' sent to object: 'Object Repository/mobileSanity/Cancer Insurance/zip'

2020-04-21 08:24:47 - [TEST_STEP][PASSED] - Thread.sleep(3000): null

2020-04-21 08:24:50 - [TEST_STEP][PASSED] - selenium.click("id=js-see-plans"): null

2020-04-21 08:24:50 - [TEST_STEP][PASSED] - for ([second = 0, second < 20, (second++)]): null

2020-04-21 08:24:50 - [TEST_STEP][PASSED] - try: null

2020-04-21 08:24:50 - [TEST_STEP][PASSED] - if (selenium.isElementPresent("id=name-input")): null

2020-04-21 08:24:50 - [TEST_STEP][PASSED] - Thread.sleep(1000): null

2020-04-21 08:24:51 - [TEST_STEP][PASSED] - try: null

2020-04-21 08:24:51 - [TEST_STEP][PASSED] - if (selenium.isElementPresent("id=name-input")): null

2020-04-21 08:24:52 - [TEST_STEP][PASSED] - break: null

2020-04-21 08:24:52 - [TEST_STEP][PASSED] - callTestCase(findTestCase("AHI/_include/get_screenshot"), [:], STOP_ON_FAILURE): Call Test Case 'Test Cases/AHI/_include/get_screenshot' successfully

2020-04-21 08:24:52 - [TEST_CASE][PASSED] - Test Cases/AHI/_include/get_screenshot: Test Cases/AHI/_include/get_screenshot

2020-04-21 08:24:52 - [TEST_STEP][PASSED] - Thread.sleep(1000): null

2020-04-21 08:24:53 - [TEST_STEP][PASSED] - takeScreenshot(screenPath + i + ".png"): Taking screenshot successfully

2020-04-21 08:24:53 - [MESSAGE][PASSED] - Taking screenshot successfully
[[ATTACHMENT|D:\\Test\\AgileTest\\Reports\\AHI\\ahi\\20200421_080048\\../Screenshots/iPhone 6/AHI/Pet Insurance/20200421_082433/2.png]]

2020-04-21 08:24:53 - [TEST_STEP][PASSED] - (internal.GlobalVariable.i++): null

2020-04-21 08:24:53 - [MESSAGE][PASSED] - Call Test Case 'Test Cases/AHI/_include/get_screenshot' successfully

2020-04-21 08:24:53 - [TEST_STEP][PASSED] - setText(findTestObject("mobileSanity/Pet Insurance/name-input"), "Test cat"): Text 'Test cat' is set on object 'Object Repository/mobileSanity/Pet Insurance/name-input'

2020-04-21 08:24:53 - [MESSAGE][PASSED] - Text 'Test cat' is set on object 'Object Repository/mobileSanity/Pet Insurance/name-input'

2020-04-21 08:24:53 - [TEST_STEP][PASSED] - selenium.click("id=js-continue"): null

2020-04-21 08:24:53 - [TEST_STEP][PASSED] - for ([second = 0, second < 20, (second++)]): null

2020-04-21 08:24:53 - [TEST_STEP][PASSED] - try: null

2020-04-21 08:24:53 - [TEST_STEP][PASSED] - if (selenium.isElementPresent("xpath=//label[@for='p-cat']")): null

2020-04-21 08:24:53 - [TEST_STEP][PASSED] - Thread.sleep(1000): null

2020-04-21 08:24:54 - [TEST_STEP][PASSED] - try: null

2020-04-21 08:24:54 - [TEST_STEP][PASSED] - if (selenium.isElementPresent("xpath=//label[@for='p-cat']")): null

2020-04-21 08:24:55 - [TEST_STEP][PASSED] - break: null

2020-04-21 08:24:55 - [TEST_STEP][PASSED] - callTestCase(findTestCase("AHI/_include/get_screenshot"), [:], STOP_ON_FAILURE): Call Test Case 'Test Cases/AHI/_include/get_screenshot' successfully

2020-04-21 08:24:55 - [TEST_CASE][PASSED] - Test Cases/AHI/_include/get_screenshot: Test Cases/AHI/_include/get_screenshot

2020-04-21 08:24:55 - [TEST_STEP][PASSED] - Thread.sleep(1000): null

2020-04-21 08:24:56 - [TEST_STEP][PASSED] - takeScreenshot(screenPath + i + ".png"): Taking screenshot successfully

2020-04-21 08:24:56 - [MESSAGE][PASSED] - Taking screenshot successfully
[[ATTACHMENT|D:\\Test\\AgileTest\\Reports\\AHI\\ahi\\20200421_080048\\../Screenshots/iPhone 6/AHI/Pet Insurance/20200421_082433/3.png]]

2020-04-21 08:24:56 - [TEST_STEP][PASSED] - (internal.GlobalVariable.i++): null

2020-04-21 08:24:56 - [MESSAGE][PASSED] - Call Test Case 'Test Cases/AHI/_include/get_screenshot' successfully

2020-04-21 08:24:56 - [TEST_STEP][PASSED] - selenium.click("//label[@for='p-cat']"): null

2020-04-21 08:24:56 - [TEST_STEP][PASSED] - for ([second = 0, second < 20, (second++)]): null

2020-04-21 08:24:56 - [TEST_STEP][PASSED] - try: null

2020-04-21 08:24:56 - [TEST_STEP][PASSED] - if (selenium.isElementPresent("id=dob-mm-input")): null

2020-04-21 08:24:56 - [TEST_STEP][PASSED] - Thread.sleep(1000): null

2020-04-21 08:24:57 - [TEST_STEP][PASSED] - try: null

2020-04-21 08:24:57 - [TEST_STEP][PASSED] - if (selenium.isElementPresent("id=dob-mm-input")): null

2020-04-21 08:24:57 - [TEST_STEP][PASSED] - break: null

2020-04-21 08:24:57 - [TEST_STEP][PASSED] - callTestCase(findTestCase("AHI/_include/get_screenshot"), [:], STOP_ON_FAILURE): Call Test Case 'Test Cases/AHI/_include/get_screenshot' successfully

2020-04-21 08:24:57 - [TEST_CASE][PASSED] - Test Cases/AHI/_include/get_screenshot: Test Cases/AHI/_include/get_screenshot

2020-04-21 08:24:57 - [TEST_STEP][PASSED] - Thread.sleep(1000): null

2020-04-21 08:24:58 - [TEST_STEP][PASSED] - takeScreenshot(screenPath + i + ".png"): Taking screenshot successfully

2020-04-21 08:24:59 - [MESSAGE][PASSED] - Taking screenshot successfully
[[ATTACHMENT|D:\\Test\\AgileTest\\Reports\\AHI\\ahi\\20200421_080048\\../Screenshots/iPhone 6/AHI/Pet Insurance/20200421_082433/4.png]]

2020-04-21 08:24:59 - [TEST_STEP][PASSED] - (internal.GlobalVariable.i++): null

2020-04-21 08:24:59 - [MESSAGE][PASSED] - Call Test Case 'Test Cases/AHI/_include/get_screenshot' successfully

2020-04-21 08:24:59 - [TEST_STEP][PASSED] - setText(findTestObject("mobileSanity/Pet Insurance/dob-mm-input"), "01"): Text '01' is set on object 'Object Repository/mobileSanity/Pet Insurance/dob-mm-input'

2020-04-21 08:24:59 - [MESSAGE][PASSED] - Text '01' is set on object 'Object Repository/mobileSanity/Pet Insurance/dob-mm-input'

2020-04-21 08:24:59 - [TEST_STEP][PASSED] - setText(findTestObject("mobileSanity/Pet Insurance/dob-dd-input"), "01"): Text '01' is set on object 'Object Repository/mobileSanity/Pet Insurance/dob-dd-input'

2020-04-21 08:24:59 - [MESSAGE][PASSED] - Text '01' is set on object 'Object Repository/mobileSanity/Pet Insurance/dob-dd-input'

2020-04-21 08:24:59 - [TEST_STEP][PASSED] - setText(findTestObject("mobileSanity/Pet Insurance/dob-yyyy-input"), "2016"): Text '2016' is set on object 'Object Repository/mobileSanity/Pet Insurance/dob-yyyy-input'

2020-04-21 08:24:59 - [MESSAGE][PASSED] - Text '2016' is set on object 'Object Repository/mobileSanity/Pet Insurance/dob-yyyy-input'

2020-04-21 08:24:59 - [TEST_STEP][PASSED] - for ([second = 0, second < 20, (second++)]): null

2020-04-21 08:24:59 - [TEST_STEP][PASSED] - try: null

2020-04-21 08:24:59 - [TEST_STEP][PASSED] - if (selenium.isElementPresent("xpath=//label[@for='p-no']")): null

2020-04-21 08:24:59 - [TEST_STEP][PASSED] - Thread.sleep(1000): null

2020-04-21 08:25:00 - [TEST_STEP][PASSED] - try: null

2020-04-21 08:25:00 - [TEST_STEP][PASSED] - if (selenium.isElementPresent("xpath=//label[@for='p-no']")): null

2020-04-21 08:25:00 - [TEST_STEP][PASSED] - break: null

2020-04-21 08:25:00 - [TEST_STEP][PASSED] - callTestCase(findTestCase("AHI/_include/get_screenshot"), [:], STOP_ON_FAILURE): Call Test Case 'Test Cases/AHI/_include/get_screenshot' successfully

2020-04-21 08:25:00 - [TEST_CASE][PASSED] - Test Cases/AHI/_include/get_screenshot: Test Cases/AHI/_include/get_screenshot

2020-04-21 08:25:00 - [TEST_STEP][PASSED] - Thread.sleep(1000): null

2020-04-21 08:25:01 - [TEST_STEP][PASSED] - takeScreenshot(screenPath + i + ".png"): Taking screenshot successfully

2020-04-21 08:25:02 - [MESSAGE][PASSED] - Taking screenshot successfully
[[ATTACHMENT|D:\\Test\\AgileTest\\Reports\\AHI\\ahi\\20200421_080048\\../Screenshots/iPhone 6/AHI/Pet Insurance/20200421_082433/5.png]]

2020-04-21 08:25:02 - [TEST_STEP][PASSED] - (internal.GlobalVariable.i++): null

2020-04-21 08:25:02 - [MESSAGE][PASSED] - Call Test Case 'Test Cases/AHI/_include/get_screenshot' successfully

2020-04-21 08:25:02 - [TEST_STEP][PASSED] - selenium.click("//label[@for='p-no']"): null

2020-04-21 08:25:02 - [TEST_STEP][PASSED] - for ([second = 0, second < 20, (second++)]): null

2020-04-21 08:25:02 - [TEST_STEP][PASSED] - try: null

2020-04-21 08:25:02 - [TEST_STEP][PASSED] - if (selenium.isElementPresent("id=applyCta")): null

2020-04-21 08:25:09 - [TEST_STEP][PASSED] - break: null

2020-04-21 08:25:09 - [TEST_STEP][PASSED] - callTestCase(findTestCase("AHI/_include/get_screenshot"), [:], STOP_ON_FAILURE): Call Test Case 'Test Cases/AHI/_include/get_screenshot' successfully

2020-04-21 08:25:09 - [TEST_CASE][PASSED] - Test Cases/AHI/_include/get_screenshot: Test Cases/AHI/_include/get_screenshot

2020-04-21 08:25:09 - [TEST_STEP][PASSED] - Thread.sleep(1000): null

2020-04-21 08:25:10 - [TEST_STEP][PASSED] - takeScreenshot(screenPath + i + ".png"): Taking screenshot successfully

2020-04-21 08:25:11 - [MESSAGE][PASSED] - Taking screenshot successfully
[[ATTACHMENT|D:\\Test\\AgileTest\\Reports\\AHI\\ahi\\20200421_080048\\../Screenshots/iPhone 6/AHI/Pet Insurance/20200421_082433/6.png]]

2020-04-21 08:25:11 - [TEST_STEP][PASSED] - (internal.GlobalVariable.i++): null

2020-04-21 08:25:11 - [MESSAGE][PASSED] - Call Test Case 'Test Cases/AHI/_include/get_screenshot' successfully

2020-04-21 08:25:11 - [TEST_STEP][PASSED] - selenium.click("id=applyCta"): null

2020-04-21 08:25:18 - [TEST_STEP][PASSED] - for ([second = 0, second < 20, (second++)]): null

2020-04-21 08:25:18 - [TEST_STEP][PASSED] - try: null

2020-04-21 08:25:18 - [TEST_STEP][PASSED] - if (selenium.isElementPresent("id=member-P-1-firstName")): null

2020-04-21 08:25:18 - [TEST_STEP][PASSED] - break: null

2020-04-21 08:25:18 - [TEST_STEP][PASSED] - callTestCase(findTestCase("AHI/_include/get_screenshot"), [:], STOP_ON_FAILURE): Call Test Case 'Test Cases/AHI/_include/get_screenshot' successfully

2020-04-21 08:25:19 - [TEST_CASE][PASSED] - Test Cases/AHI/_include/get_screenshot: Test Cases/AHI/_include/get_screenshot

2020-04-21 08:25:19 - [TEST_STEP][PASSED] - Thread.sleep(1000): null

2020-04-21 08:25:20 - [TEST_STEP][PASSED] - takeScreenshot(screenPath + i + ".png"): Taking screenshot successfully

2020-04-21 08:25:20 - [MESSAGE][PASSED] - Taking screenshot successfully
[[ATTACHMENT|D:\\Test\\AgileTest\\Reports\\AHI\\ahi\\20200421_080048\\../Screenshots/iPhone 6/AHI/Pet Insurance/20200421_082433/7.png]]

2020-04-21 08:25:20 - [TEST_STEP][PASSED] - (internal.GlobalVariable.i++): null

2020-04-21 08:25:20 - [MESSAGE][PASSED] - Call Test Case 'Test Cases/AHI/_include/get_screenshot' successfully

2020-04-21 08:25:20 - [TEST_STEP][PASSED] - callTestCase(findTestCase("AHI/_include/name"), [:], STOP_ON_FAILURE): Call Test Case 'Test Cases/AHI/_include/name' successfully

2020-04-21 08:25:20 - [TEST_CASE][PASSED] - Test Cases/AHI/_include/name: Test Cases/AHI/_include/name

2020-04-21 08:25:20 - [TEST_STEP][PASSED] - driver = getWebDriver(): null

2020-04-21 08:25:20 - [TEST_STEP][PASSED] - selenium = new com.thoughtworks.selenium.webdriven.WebDriverBackedSelenium(driver, internal.GlobalVariable.ENV): null

2020-04-21 08:25:20 - [TEST_STEP][PASSED] - FirstName = "Test-123": null

2020-04-21 08:25:20 - [TEST_STEP][PASSED] - LastName = selenium.getEval("{var x="ABCDEFGHIJKLMNOPQRSTUVWXYZabcdefghijklmnopqrstuvwxyz"; var tmp="ZZ11-"; for (i=0;i<8;i++) tmp+=x.charAt(Math.ceil(51*Math.random()));tmp;}"): null

2020-04-21 08:25:20 - [TEST_STEP][PASSED] - Address = selenium.getEval("{var x="ABCDEFGHIJKLMNOPQRSTUVWXYZabcdefghijklmnopqrstuvwxyz"; var tmp=""; for (i=0;i<8;i++) tmp+=x.charAt(Math.ceil(51*Math.random()));tmp;}"): null

2020-04-21 08:25:20 - [TEST_STEP][PASSED] - City = selenium.getEval("{var x="ABCDEFGHIJKLMNOPQRSTUVWXYZabcdefghijklmnopqrstuvwxyz"; var tmp=""; for (i=0;i<8;i++) tmp+=x.charAt(Math.ceil(51*Math.random()));tmp;}"): null

2020-04-21 08:25:20 - [TEST_STEP][PASSED] - tel1 = selenium.getEval("{var x="123456789"; var tmp=""; for (i=0;i<3;i++) tmp+=x.charAt(Math.ceil(8*Math.random()));tmp;}"): null

2020-04-21 08:25:20 - [TEST_STEP][PASSED] - tel2 = selenium.getEval("{var x="123456789"; var tmp=""; for (i=0;i<3;i++) tmp+=x.charAt(Math.ceil(8*Math.random()));tmp;}"): null

2020-04-21 08:25:20 - [TEST_STEP][PASSED] - tel3 = selenium.getEval("{var x="123456789"; var tmp=""; for (i=0;i<4;i++) tmp+=x.charAt(Math.ceil(8*Math.random()));tmp;}"): null

2020-04-21 08:25:20 - [TEST_STEP][PASSED] - Tel = selenium.getExpression(tel1 + "-" + tel2 + "-" + tel3): null

2020-04-21 08:25:20 - [TEST_STEP][PASSED] - AutoEmail = selenium.getEval("{var x="ABCDEFGHIJKLMNOPQRSTUVWXYZabcdefghijklmnopqrstuvwxyz"; var tmp="test."; for (i=0;i<8;i++) tmp+=x.charAt(Math.ceil(51*Math.random()));tmp+="@suryani.cn";}"): null

2020-04-21 08:25:20 - [TEST_STEP][PASSED] - FirstName = FirstName: null

2020-04-21 08:25:20 - [TEST_STEP][PASSED] - LastName = LastName: null

2020-04-21 08:25:20 - [TEST_STEP][PASSED] - Address = Address: null

2020-04-21 08:25:20 - [TEST_STEP][PASSED] - City = City: null

2020-04-21 08:25:20 - [TEST_STEP][PASSED] - Tel = Tel: null

2020-04-21 08:25:20 - [TEST_STEP][PASSED] - AutoEmail = AutoEmail: null

2020-04-21 08:25:20 - [TEST_STEP][PASSED] - println(FirstName): null

2020-04-21 08:25:20 - [TEST_STEP][PASSED] - println(LastName): null

2020-04-21 08:25:20 - [TEST_STEP][PASSED] - println(Address): null

2020-04-21 08:25:20 - [TEST_STEP][PASSED] - println(City): null

2020-04-21 08:25:20 - [TEST_STEP][PASSED] - println(Tel): null

2020-04-21 08:25:20 - [TEST_STEP][PASSED] - println(AutoEmail): null

2020-04-21 08:25:20 - [MESSAGE][PASSED] - Call Test Case 'Test Cases/AHI/_include/name' successfully

2020-04-21 08:25:20 - [TEST_STEP][PASSED] - selenium.type("id=member-P-1-firstName", FirstName): null

2020-04-21 08:25:20 - [TEST_STEP][PASSED] - selenium.type("id=member-P-1-lastName", LastName): null

2020-04-21 08:25:20 - [TEST_STEP][PASSED] - selenium.type("id=address", Address): null

2020-04-21 08:25:21 - [TEST_STEP][PASSED] - selenium.type("id=city", City): null

2020-04-21 08:25:21 - [TEST_STEP][PASSED] - selenium.type("id=email", AutoEmail): null

2020-04-21 08:25:21 - [TEST_STEP][PASSED] - selenium.type("id=primaryPhone", Tel): null

2020-04-21 08:25:21 - [TEST_STEP][PASSED] - selenium.click("id=pet-veterinary-clinic-flag"): null

2020-04-21 08:25:21 - [TEST_STEP][PASSED] - Thread.sleep(2000): null

2020-04-21 08:25:23 - [TEST_STEP][PASSED] - selenium.click("id=js-app-continue-link"): null

2020-04-21 08:25:23 - [TEST_STEP][PASSED] - for ([second = 0, second < 20, (second++)]): null

2020-04-21 08:25:23 - [TEST_STEP][PASSED] - try: null

2020-04-21 08:25:23 - [TEST_STEP][PASSED] - if (selenium.isElementPresent("id=credit-card-number")): null

2020-04-21 08:25:23 - [TEST_STEP][PASSED] - Thread.sleep(1000): null

2020-04-21 08:25:24 - [TEST_STEP][PASSED] - try: null

2020-04-21 08:25:24 - [TEST_STEP][PASSED] - if (selenium.isElementPresent("id=credit-card-number")): null

2020-04-21 08:25:24 - [TEST_STEP][PASSED] - break: null

2020-04-21 08:25:24 - [TEST_STEP][PASSED] - callTestCase(findTestCase("AHI/_include/get_screenshot"), [:], STOP_ON_FAILURE): Call Test Case 'Test Cases/AHI/_include/get_screenshot' successfully

2020-04-21 08:25:25 - [TEST_CASE][PASSED] - Test Cases/AHI/_include/get_screenshot: Test Cases/AHI/_include/get_screenshot

2020-04-21 08:25:25 - [TEST_STEP][PASSED] - Thread.sleep(1000): null

2020-04-21 08:25:26 - [TEST_STEP][PASSED] - takeScreenshot(screenPath + i + ".png"): Taking screenshot successfully

2020-04-21 08:25:26 - [MESSAGE][PASSED] - Taking screenshot successfully
[[ATTACHMENT|D:\\Test\\AgileTest\\Reports\\AHI\\ahi\\20200421_080048\\../Screenshots/iPhone 6/AHI/Pet Insurance/20200421_082433/8.png]]

2020-04-21 08:25:26 - [TEST_STEP][PASSED] - (internal.GlobalVariable.i++): null

2020-04-21 08:25:26 - [MESSAGE][PASSED] - Call Test Case 'Test Cases/AHI/_include/get_screenshot' successfully

2020-04-21 08:25:26 - [TEST_STEP][PASSED] - selenium.type("id=credit-card-number", "4111111111111111"): null

2020-04-21 08:25:26 - [TEST_STEP][PASSED] - selenium.type("id=credit-card-first", "test"): null

2020-04-21 08:25:26 - [TEST_STEP][PASSED] - selenium.type("id=credit-card-last", "test"): null

2020-04-21 08:25:26 - [TEST_STEP][PASSED] - selenium.select("id=expiration-month", "12"): null

2020-04-21 08:25:27 - [TEST_STEP][PASSED] - selenium.select("id=expiration-year", "2026"): null

2020-04-21 08:25:27 - [TEST_STEP][PASSED] - selenium.type("id=credit-card-cvv", "123"): null

2020-04-21 08:25:27 - [TEST_STEP][PASSED] - selenium.type("id=credit-card-number", "4111111111111111"): null

2020-04-21 08:25:27 - [TEST_STEP][PASSED] - selenium.click("id=js-same-billing"): null

2020-04-21 08:25:27 - [TEST_STEP][PASSED] - selenium.click("id=credit-payment-authorization"): null

2020-04-21 08:25:27 - [TEST_STEP][PASSED] - selenium.click("id=js-app-continue-link"): null

2020-04-21 08:25:28 - [TEST_STEP][PASSED] - for ([second = 0, second < 20, (second++)]): null

2020-04-21 08:25:28 - [TEST_STEP][PASSED] - try: null

2020-04-21 08:25:28 - [TEST_STEP][PASSED] - if (selenium.isElementPresent("id=consent-checkbox-0")): null

2020-04-21 08:25:28 - [TEST_STEP][PASSED] - Thread.sleep(1000): null

2020-04-21 08:25:29 - [TEST_STEP][PASSED] - try: null

2020-04-21 08:25:29 - [TEST_STEP][PASSED] - if (selenium.isElementPresent("id=consent-checkbox-0")): null

2020-04-21 08:25:29 - [TEST_STEP][PASSED] - Thread.sleep(1000): null

2020-04-21 08:25:30 - [TEST_STEP][PASSED] - try: null

2020-04-21 08:25:30 - [TEST_STEP][PASSED] - if (selenium.isElementPresent("id=consent-checkbox-0")): null

2020-04-21 08:25:30 - [TEST_STEP][PASSED] - break: null

2020-04-21 08:25:30 - [TEST_STEP][PASSED] - callTestCase(findTestCase("AHI/_include/get_screenshot"), [:], STOP_ON_FAILURE): Call Test Case 'Test Cases/AHI/_include/get_screenshot' successfully

2020-04-21 08:25:30 - [TEST_CASE][PASSED] - Test Cases/AHI/_include/get_screenshot: Test Cases/AHI/_include/get_screenshot

2020-04-21 08:25:30 - [TEST_STEP][PASSED] - Thread.sleep(1000): null

2020-04-21 08:25:31 - [TEST_STEP][PASSED] - takeScreenshot(screenPath + i + ".png"): Taking screenshot successfully

2020-04-21 08:25:31 - [MESSAGE][PASSED] - Taking screenshot successfully
[[ATTACHMENT|D:\\Test\\AgileTest\\Reports\\AHI\\ahi\\20200421_080048\\../Screenshots/iPhone 6/AHI/Pet Insurance/20200421_082433/9.png]]

2020-04-21 08:25:31 - [TEST_STEP][PASSED] - (internal.GlobalVariable.i++): null

2020-04-21 08:25:31 - [MESSAGE][PASSED] - Call Test Case 'Test Cases/AHI/_include/get_screenshot' successfully

2020-04-21 08:25:31 - [TEST_STEP][PASSED] - selenium.click("id=consent-checkbox-0"): null

2020-04-21 08:25:31 - [TEST_STEP][PASSED] - selenium.click("id=consent-checkbox-1"): null

2020-04-21 08:25:32 - [TEST_STEP][PASSED] - selenium.click("id=consent-checkbox-2"): null

2020-04-21 08:25:32 - [TEST_STEP][PASSED] - selenium.click("id=consent-checkbox-3"): null

2020-04-21 08:25:32 - [TEST_STEP][PASSED] - selenium.click("id=js-signature-tab"): null

2020-04-21 08:25:32 - [TEST_STEP][PASSED] - selenium.click("id=js-app-continue-link"): null

2020-04-21 08:25:33 - [TEST_STEP][PASSED] - for ([second = 0, second < 30, (second++)]): null

2020-04-21 08:25:33 - [TEST_STEP][PASSED] - try: null

2020-04-21 08:25:33 - [TEST_STEP][PASSED] - if (selenium.isElementPresent("xpath=//h2[contains(text(),'Thank You')]")): null

2020-04-21 08:25:33 - [TEST_STEP][PASSED] - Thread.sleep(1000): null

2020-04-21 08:25:34 - [TEST_STEP][PASSED] - try: null

2020-04-21 08:25:34 - [TEST_STEP][PASSED] - if (selenium.isElementPresent("xpath=//h2[contains(text(),'Thank You')]")): null

2020-04-21 08:25:34 - [TEST_STEP][PASSED] - Thread.sleep(1000): null

2020-04-21 08:25:35 - [TEST_STEP][PASSED] - try: null

2020-04-21 08:25:35 - [TEST_STEP][PASSED] - if (selenium.isElementPresent("xpath=//h2[contains(text(),'Thank You')]")): null

2020-04-21 08:25:35 - [TEST_STEP][PASSED] - Thread.sleep(1000): null

2020-04-21 08:25:36 - [TEST_STEP][PASSED] - try: null

2020-04-21 08:25:36 - [TEST_STEP][PASSED] - if (selenium.isElementPresent("xpath=//h2[contains(text(),'Thank You')]")): null

2020-04-21 08:25:36 - [TEST_STEP][PASSED] - Thread.sleep(1000): null

2020-04-21 08:25:37 - [TEST_STEP][PASSED] - try: null

2020-04-21 08:25:37 - [TEST_STEP][PASSED] - if (selenium.isElementPresent("xpath=//h2[contains(text(),'Thank You')]")): null

2020-04-21 08:25:37 - [TEST_STEP][PASSED] - Thread.sleep(1000): null

2020-04-21 08:25:38 - [TEST_STEP][PASSED] - try: null

2020-04-21 08:25:38 - [TEST_STEP][PASSED] - if (selenium.isElementPresent("xpath=//h2[contains(text(),'Thank You')]")): null

2020-04-21 08:25:38 - [TEST_STEP][PASSED] - Thread.sleep(1000): null

2020-04-21 08:25:39 - [TEST_STEP][PASSED] - try: null

2020-04-21 08:25:39 - [TEST_STEP][PASSED] - if (selenium.isElementPresent("xpath=//h2[contains(text(),'Thank You')]")): null

2020-04-21 08:25:39 - [TEST_STEP][PASSED] - Thread.sleep(1000): null

2020-04-21 08:25:40 - [TEST_STEP][PASSED] - try: null

2020-04-21 08:25:40 - [TEST_STEP][PASSED] - if (selenium.isElementPresent("xpath=//h2[contains(text(),'Thank You')]")): null

2020-04-21 08:25:40 - [TEST_STEP][PASSED] - Thread.sleep(1000): null

2020-04-21 08:25:41 - [TEST_STEP][PASSED] - try: null

2020-04-21 08:25:41 - [TEST_STEP][PASSED] - if (selenium.isElementPresent("xpath=//h2[contains(text(),'Thank You')]")): null

2020-04-21 08:25:41 - [TEST_STEP][PASSED] - Thread.sleep(1000): null

2020-04-21 08:25:42 - [TEST_STEP][PASSED] - try: null

2020-04-21 08:25:42 - [TEST_STEP][PASSED] - if (selenium.isElementPresent("xpath=//h2[contains(text(),'Thank You')]")): null

2020-04-21 08:25:42 - [TEST_STEP][PASSED] - Thread.sleep(1000): null

2020-04-21 08:25:43 - [TEST_STEP][PASSED] - try: null

2020-04-21 08:25:43 - [TEST_STEP][PASSED] - if (selenium.isElementPresent("xpath=//h2[contains(text(),'Thank You')]")): null

2020-04-21 08:25:43 - [TEST_STEP][PASSED] - Thread.sleep(1000): null

2020-04-21 08:25:44 - [TEST_STEP][PASSED] - try: null

2020-04-21 08:25:44 - [TEST_STEP][PASSED] - if (selenium.isElementPresent("xpath=//h2[contains(text(),'Thank You')]")): null

2020-04-21 08:25:44 - [TEST_STEP][PASSED] - Thread.sleep(1000): null

2020-04-21 08:25:45 - [TEST_STEP][PASSED] - try: null

2020-04-21 08:25:45 - [TEST_STEP][PASSED] - if (selenium.isElementPresent("xpath=//h2[contains(text(),'Thank You')]")): null

2020-04-21 08:25:45 - [TEST_STEP][PASSED] - Thread.sleep(1000): null

2020-04-21 08:25:46 - [TEST_STEP][PASSED] - try: null

2020-04-21 08:25:46 - [TEST_STEP][PASSED] - if (selenium.isElementPresent("xpath=//h2[contains(text(),'Thank You')]")): null

2020-04-21 08:25:46 - [TEST_STEP][PASSED] - Thread.sleep(1000): null

2020-04-21 08:25:47 - [TEST_STEP][PASSED] - try: null

2020-04-21 08:25:47 - [TEST_STEP][PASSED] - if (selenium.isElementPresent("xpath=//h2[contains(text(),'Thank You')]")): null

2020-04-21 08:25:47 - [TEST_STEP][PASSED] - Thread.sleep(1000): null

2020-04-21 08:25:48 - [TEST_STEP][PASSED] - try: null

2020-04-21 08:25:48 - [TEST_STEP][PASSED] - if (selenium.isElementPresent("xpath=//h2[contains(text(),'Thank You')]")): null

2020-04-21 08:25:49 - [TEST_STEP][PASSED] - Thread.sleep(1000): null

2020-04-21 08:25:50 - [TEST_STEP][PASSED] - try: null

2020-04-21 08:25:50 - [TEST_STEP][PASSED] - if (selenium.isElementPresent("xpath=//h2[contains(text(),'Thank You')]")): null

2020-04-21 08:25:50 - [TEST_STEP][PASSED] - Thread.sleep(1000): null

2020-04-21 08:25:51 - [TEST_STEP][PASSED] - try: null

2020-04-21 08:25:51 - [TEST_STEP][PASSED] - if (selenium.isElementPresent("xpath=//h2[contains(text(),'Thank You')]")): null

2020-04-21 08:25:51 - [TEST_STEP][PASSED] - Thread.sleep(1000): null

2020-04-21 08:25:52 - [TEST_STEP][PASSED] - try: null

2020-04-21 08:25:52 - [TEST_STEP][PASSED] - if (selenium.isElementPresent("xpath=//h2[contains(text(),'Thank You')]")): null

2020-04-21 08:25:52 - [TEST_STEP][PASSED] - Thread.sleep(1000): null

2020-04-21 08:25:53 - [TEST_STEP][PASSED] - try: null

2020-04-21 08:25:53 - [TEST_STEP][PASSED] - if (selenium.isElementPresent("xpath=//h2[contains(text(),'Thank You')]")): null

2020-04-21 08:25:53 - [TEST_STEP][PASSED] - Thread.sleep(1000): null

2020-04-21 08:25:54 - [TEST_STEP][PASSED] - try: null

2020-04-21 08:25:54 - [TEST_STEP][PASSED] - if (selenium.isElementPresent("xpath=//h2[contains(text(),'Thank You')]")): null

2020-04-21 08:25:54 - [TEST_STEP][PASSED] - Thread.sleep(1000): null

2020-04-21 08:25:55 - [TEST_STEP][PASSED] - try: null

2020-04-21 08:25:55 - [TEST_STEP][PASSED] - if (selenium.isElementPresent("xpath=//h2[contains(text(),'Thank You')]")): null

2020-04-21 08:25:55 - [TEST_STEP][PASSED] - Thread.sleep(1000): null

2020-04-21 08:25:56 - [TEST_STEP][PASSED] - try: null

2020-04-21 08:25:56 - [TEST_STEP][PASSED] - if (selenium.isElementPresent("xpath=//h2[contains(text(),'Thank You')]")): null

2020-04-21 08:25:56 - [TEST_STEP][PASSED] - Thread.sleep(1000): null

2020-04-21 08:25:57 - [TEST_STEP][PASSED] - try: null

2020-04-21 08:25:57 - [TEST_STEP][PASSED] - if (selenium.isElementPresent("xpath=//h2[contains(text(),'Thank You')]")): null

2020-04-21 08:25:57 - [TEST_STEP][PASSED] - Thread.sleep(1000): null

2020-04-21 08:25:58 - [TEST_STEP][PASSED] - try: null

2020-04-21 08:25:58 - [TEST_STEP][PASSED] - if (selenium.isElementPresent("xpath=//h2[contains(text(),'Thank You')]")): null

2020-04-21 08:25:58 - [TEST_STEP][PASSED] - Thread.sleep(1000): null

2020-04-21 08:25:59 - [TEST_STEP][PASSED] - try: null

2020-04-21 08:25:59 - [TEST_STEP][PASSED] - if (selenium.isElementPresent("xpath=//h2[contains(text(),'Thank You')]")): null

2020-04-21 08:25:59 - [TEST_STEP][PASSED] - Thread.sleep(1000): null

2020-04-21 08:26:00 - [TEST_STEP][PASSED] - try: null

2020-04-21 08:26:00 - [TEST_STEP][PASSED] - if (selenium.isElementPresent("xpath=//h2[contains(text(),'Thank You')]")): null

2020-04-21 08:26:00 - [TEST_STEP][PASSED] - Thread.sleep(1000): null

2020-04-21 08:26:01 - [TEST_STEP][PASSED] - try: null

2020-04-21 08:26:01 - [TEST_STEP][PASSED] - if (selenium.isElementPresent("xpath=//h2[contains(text(),'Thank You')]")): null

2020-04-21 08:26:01 - [TEST_STEP][PASSED] - Thread.sleep(1000): null

2020-04-21 08:26:02 - [TEST_STEP][PASSED] - try: null

2020-04-21 08:26:02 - [TEST_STEP][PASSED] - if (selenium.isElementPresent("xpath=//h2[contains(text(),'Thank You')]")): null

2020-04-21 08:26:02 - [TEST_STEP][PASSED] - Thread.sleep(1000): null

2020-04-21 08:26:03 - [TEST_STEP][PASSED] - try: null

2020-04-21 08:26:03 - [TEST_STEP][PASSED] - if (selenium.isElementPresent("xpath=//h2[contains(text(),'Thank You')]")): null

2020-04-21 08:26:03 - [TEST_STEP][PASSED] - Thread.sleep(1000): null

2020-04-21 08:26:04 - [TEST_STEP][PASSED] - callTestCase(findTestCase("AHI/_include/get_screenshot"), [:], STOP_ON_FAILURE): Call Test Case 'Test Cases/AHI/_include/get_screenshot' successfully

2020-04-21 08:26:04 - [TEST_CASE][PASSED] - Test Cases/AHI/_include/get_screenshot: Test Cases/AHI/_include/get_screenshot

2020-04-21 08:26:04 - [TEST_STEP][PASSED] - Thread.sleep(1000): null

2020-04-21 08:26:05 - [TEST_STEP][PASSED] - takeScreenshot(screenPath + i + ".png"): Taking screenshot successfully

2020-04-21 08:26:05 - [MESSAGE][PASSED] - Taking screenshot successfully
[[ATTACHMENT|D:\\Test\\AgileTest\\Reports\\AHI\\ahi\\20200421_080048\\../Screenshots/iPhone 6/AHI/Pet Insurance/20200421_082433/10.png]]

2020-04-21 08:26:05 - [TEST_STEP][PASSED] - (internal.GlobalVariable.i++): null

2020-04-21 08:26:05 - [MESSAGE][PASSED] - Call Test Case 'Test Cases/AHI/_include/get_screenshot' successfully]]></system-out>
         <system-err><![CDATA[]]></system-err>
      </testcase>
      <testcase name="Test Cases/AHI/NEW/STM" classname="Test Cases/AHI/NEW/STM" status="PASSED">
         <system-out><![CDATA[2020-04-21 08:26:05 - [TEST_CASE][PASSED] - Test Cases/AHI/NEW/STM: Test Cases/AHI/NEW/STM

2020-04-21 08:26:06 - [TEST_STEP][PASSED] - callTestCase(findTestCase("AHI/_include/get_screenPath"), ["productLine":"AHI", "carrierName":"STM"], CONTINUE_ON_FAILURE): Call Test Case 'Test Cases/AHI/_include/get_screenPath' successfully

2020-04-21 08:26:06 - [TEST_CASE][PASSED] - Test Cases/AHI/_include/get_screenPath: Test Cases/AHI/_include/get_screenPath

2020-04-21 08:26:06 - [TEST_STEP][PASSED] - m = getExecutionProperties(): null

2020-04-21 08:26:06 - [TEST_STEP][PASSED] - deviceName = get("mobileEmulation").get("deviceName"): null

2020-04-21 08:26:06 - [TEST_STEP][PASSED] - println(deviceName): null

2020-04-21 08:26:06 - [TEST_STEP][PASSED] - now = new java.util.Date(): null

2020-04-21 08:26:06 - [TEST_STEP][PASSED] - mydate = now.format("yyyyMMdd_HHmmss"): null

2020-04-21 08:26:06 - [TEST_STEP][PASSED] - screenPath = "../Screenshots/": null

2020-04-21 08:26:06 - [TEST_STEP][PASSED] - screenPath = screenPath + deviceName + "/" + productLine + "/" + carrierName + "/" + mydate + "/": null

2020-04-21 08:26:06 - [TEST_STEP][PASSED] - println(screenPath): null

2020-04-21 08:26:06 - [MESSAGE][PASSED] - Call Test Case 'Test Cases/AHI/_include/get_screenPath' successfully

2020-04-21 08:26:06 - [TEST_STEP][PASSED] - i = 0: null

2020-04-21 08:26:06 - [TEST_STEP][PASSED] - callTestCase(findTestCase("AHI/_include/openWebSite"), [:], CONTINUE_ON_FAILURE): Call Test Case 'Test Cases/AHI/_include/openWebSite' successfully

2020-04-21 08:26:06 - [TEST_CASE][PASSED] - Test Cases/AHI/_include/openWebSite: Test Cases/AHI/_include/openWebSite

2020-04-21 08:26:06 - [TEST_STEP][PASSED] - openBrowser(env): Browser is opened with url: 'https://praetemptatus.agilehealthinsurance.com'

2020-04-21 08:26:06 - [MESSAGE][WARNING] - A browser is already opened. Closing browser and opening a new one

2020-04-21 08:26:06 - [MESSAGE][INFO] - Starting 'Chrome' driver

2020-04-21 08:26:06 - [MESSAGE][INFO] - User set preference: ['mobileEmulation', '{deviceName=iPhone 6}']

2020-04-21 08:26:06 - [MESSAGE][INFO] - User set preference: ['args', '[--incognito, --aggressive-cache-discard, --window-size=375,677, --no-sandbox, --ignore-certificate-errors]']

2020-04-21 08:26:22 - [MESSAGE][PASSED] - Browser is opened with url: 'https://praetemptatus.agilehealthinsurance.com'

2020-04-21 08:26:22 - [TEST_STEP][PASSED] - waitForPageLoad(20): Wait for page load successfully

2020-04-21 08:26:22 - [MESSAGE][PASSED] - Wait for page load successfully

2020-04-21 08:26:22 - [TEST_STEP][PASSED] - callTestCase(findTestCase("AHI/_include/get_screenshot"), [:], STOP_ON_FAILURE): Call Test Case 'Test Cases/AHI/_include/get_screenshot' successfully

2020-04-21 08:26:22 - [TEST_CASE][PASSED] - Test Cases/AHI/_include/get_screenshot: Test Cases/AHI/_include/get_screenshot

2020-04-21 08:26:22 - [TEST_STEP][PASSED] - Thread.sleep(1000): null

2020-04-21 08:26:23 - [TEST_STEP][PASSED] - takeScreenshot(screenPath + i + ".png"): Taking screenshot successfully

2020-04-21 08:26:24 - [MESSAGE][PASSED] - Taking screenshot successfully
[[ATTACHMENT|D:\\Test\\AgileTest\\Reports\\AHI\\ahi\\20200421_080048\\../Screenshots/iPhone 6/AHI/STM/20200421_082606/0.png]]

2020-04-21 08:26:24 - [TEST_STEP][PASSED] - (internal.GlobalVariable.i++): null

2020-04-21 08:26:24 - [MESSAGE][PASSED] - Call Test Case 'Test Cases/AHI/_include/get_screenshot' successfully

2020-04-21 08:26:24 - [MESSAGE][PASSED] - Call Test Case 'Test Cases/AHI/_include/openWebSite' successfully

2020-04-21 08:26:24 - [TEST_STEP][PASSED] - driver = getWebDriver(): null

2020-04-21 08:26:24 - [TEST_STEP][PASSED] - baseUrl = ENV: null

2020-04-21 08:26:24 - [TEST_STEP][PASSED] - selenium = new com.thoughtworks.selenium.webdriven.WebDriverBackedSelenium(driver, baseUrl): null

2020-04-21 08:26:24 - [TEST_STEP][PASSED] - selenium.click("//*[@class='filter-option-inner-inner']"): null

2020-04-21 08:26:24 - [TEST_STEP][PASSED] - selenium.click("id=bs-select-1-6"): null

2020-04-21 08:26:24 - [TEST_STEP][PASSED] - selenium.click("id=primaryCTA"): null

2020-04-21 08:26:32 - [TEST_STEP][PASSED] - for ([second = 0, second < 10, (second++)]): null

2020-04-21 08:26:32 - [TEST_STEP][PASSED] - try: null

2020-04-21 08:26:32 - [TEST_STEP][PASSED] - if (selenium.isElementPresent("id=js-traffic-to-aiq")): null

2020-04-21 08:26:32 - [TEST_STEP][PASSED] - break: null

2020-04-21 08:26:32 - [TEST_STEP][PASSED] - callTestCase(findTestCase("AHI/_include/get_screenshot"), [:], STOP_ON_FAILURE): Call Test Case 'Test Cases/AHI/_include/get_screenshot' successfully

2020-04-21 08:26:32 - [TEST_CASE][PASSED] - Test Cases/AHI/_include/get_screenshot: Test Cases/AHI/_include/get_screenshot

2020-04-21 08:26:32 - [TEST_STEP][PASSED] - Thread.sleep(1000): null

2020-04-21 08:26:33 - [TEST_STEP][PASSED] - takeScreenshot(screenPath + i + ".png"): Taking screenshot successfully

2020-04-21 08:26:33 - [MESSAGE][PASSED] - Taking screenshot successfully
[[ATTACHMENT|D:\\Test\\AgileTest\\Reports\\AHI\\ahi\\20200421_080048\\../Screenshots/iPhone 6/AHI/STM/20200421_082606/1.png]]

2020-04-21 08:26:33 - [TEST_STEP][PASSED] - (internal.GlobalVariable.i++): null

2020-04-21 08:26:33 - [MESSAGE][PASSED] - Call Test Case 'Test Cases/AHI/_include/get_screenshot' successfully

2020-04-21 08:26:33 - [TEST_STEP][PASSED] - url = selenium.getAttribute("xpath=(//a[@id='js-traffic-to-aiq'])@href"): null

2020-04-21 08:26:33 - [TEST_STEP][PASSED] - navigateToUrl(url): Navigate to 'https://healthinsurance.net/health?utm_source=hiiq&utm_medium=cpm&utm_campaign=agile' successfully

2020-04-21 08:27:15 - [MESSAGE][PASSED] - Navigate to 'https://healthinsurance.net/health?utm_source=hiiq&utm_medium=cpm&utm_campaign=agile' successfully

2020-04-21 08:27:15 - [TEST_STEP][PASSED] - waitForPageLoad(10): Wait for page load successfully

2020-04-21 08:27:15 - [MESSAGE][PASSED] - Wait for page load successfully

2020-04-21 08:27:15 - [TEST_STEP][PASSED] - callTestCase(findTestCase("AHI/_include/get_screenshot"), [:], STOP_ON_FAILURE): Call Test Case 'Test Cases/AHI/_include/get_screenshot' successfully

2020-04-21 08:27:15 - [TEST_CASE][PASSED] - Test Cases/AHI/_include/get_screenshot: Test Cases/AHI/_include/get_screenshot

2020-04-21 08:27:15 - [TEST_STEP][PASSED] - Thread.sleep(1000): null

2020-04-21 08:27:16 - [TEST_STEP][PASSED] - takeScreenshot(screenPath + i + ".png"): Taking screenshot successfully

2020-04-21 08:27:16 - [MESSAGE][PASSED] - Taking screenshot successfully
[[ATTACHMENT|D:\\Test\\AgileTest\\Reports\\AHI\\ahi\\20200421_080048\\../Screenshots/iPhone 6/AHI/STM/20200421_082606/2.png]]

2020-04-21 08:27:16 - [TEST_STEP][PASSED] - (internal.GlobalVariable.i++): null

2020-04-21 08:27:16 - [MESSAGE][PASSED] - Call Test Case 'Test Cases/AHI/_include/get_screenshot' successfully]]></system-out>
         <system-err><![CDATA[]]></system-err>
      </testcase>
      <testcase name="Test Cases/AHI/NEW/Teladoc" classname="Test Cases/AHI/NEW/Teladoc" status="PASSED">
         <system-out><![CDATA[2020-04-21 08:27:16 - [TEST_CASE][PASSED] - Test Cases/AHI/NEW/Teladoc: Test Cases/AHI/NEW/Teladoc

2020-04-21 08:27:17 - [TEST_STEP][PASSED] - callTestCase(findTestCase("AHI/_include/get_screenPath"), ["productLine":"AHI", "carrierName":"Teladoc"], CONTINUE_ON_FAILURE): Call Test Case 'Test Cases/AHI/_include/get_screenPath' successfully

2020-04-21 08:27:17 - [TEST_CASE][PASSED] - Test Cases/AHI/_include/get_screenPath: Test Cases/AHI/_include/get_screenPath

2020-04-21 08:27:17 - [TEST_STEP][PASSED] - m = getExecutionProperties(): null

2020-04-21 08:27:17 - [TEST_STEP][PASSED] - deviceName = get("mobileEmulation").get("deviceName"): null

2020-04-21 08:27:17 - [TEST_STEP][PASSED] - println(deviceName): null

2020-04-21 08:27:17 - [TEST_STEP][PASSED] - now = new java.util.Date(): null

2020-04-21 08:27:17 - [TEST_STEP][PASSED] - mydate = now.format("yyyyMMdd_HHmmss"): null

2020-04-21 08:27:17 - [TEST_STEP][PASSED] - screenPath = "../Screenshots/": null

2020-04-21 08:27:17 - [TEST_STEP][PASSED] - screenPath = screenPath + deviceName + "/" + productLine + "/" + carrierName + "/" + mydate + "/": null

2020-04-21 08:27:17 - [TEST_STEP][PASSED] - println(screenPath): null

2020-04-21 08:27:17 - [MESSAGE][PASSED] - Call Test Case 'Test Cases/AHI/_include/get_screenPath' successfully

2020-04-21 08:27:17 - [TEST_STEP][PASSED] - i = 0: null

2020-04-21 08:27:17 - [TEST_STEP][PASSED] - callTestCase(findTestCase("AHI/_include/openWebSite"), [:], STOP_ON_FAILURE): Call Test Case 'Test Cases/AHI/_include/openWebSite' successfully

2020-04-21 08:27:17 - [TEST_CASE][PASSED] - Test Cases/AHI/_include/openWebSite: Test Cases/AHI/_include/openWebSite

2020-04-21 08:27:17 - [TEST_STEP][PASSED] - openBrowser(env): Browser is opened with url: 'https://praetemptatus.agilehealthinsurance.com'

2020-04-21 08:27:17 - [MESSAGE][WARNING] - A browser is already opened. Closing browser and opening a new one

2020-04-21 08:27:18 - [MESSAGE][INFO] - Starting 'Chrome' driver

2020-04-21 08:27:18 - [MESSAGE][INFO] - User set preference: ['mobileEmulation', '{deviceName=iPhone 6}']

2020-04-21 08:27:18 - [MESSAGE][INFO] - User set preference: ['args', '[--incognito, --aggressive-cache-discard, --window-size=375,677, --no-sandbox, --ignore-certificate-errors]']

2020-04-21 08:27:33 - [MESSAGE][PASSED] - Browser is opened with url: 'https://praetemptatus.agilehealthinsurance.com'

2020-04-21 08:27:33 - [TEST_STEP][PASSED] - waitForPageLoad(20): Wait for page load successfully

2020-04-21 08:27:33 - [MESSAGE][PASSED] - Wait for page load successfully

2020-04-21 08:27:33 - [TEST_STEP][PASSED] - callTestCase(findTestCase("AHI/_include/get_screenshot"), [:], STOP_ON_FAILURE): Call Test Case 'Test Cases/AHI/_include/get_screenshot' successfully

2020-04-21 08:27:34 - [TEST_CASE][PASSED] - Test Cases/AHI/_include/get_screenshot: Test Cases/AHI/_include/get_screenshot

2020-04-21 08:27:34 - [TEST_STEP][PASSED] - Thread.sleep(1000): null

2020-04-21 08:27:35 - [TEST_STEP][PASSED] - takeScreenshot(screenPath + i + ".png"): Taking screenshot successfully

2020-04-21 08:27:35 - [MESSAGE][PASSED] - Taking screenshot successfully
[[ATTACHMENT|D:\\Test\\AgileTest\\Reports\\AHI\\ahi\\20200421_080048\\../Screenshots/iPhone 6/AHI/Teladoc/20200421_082717/0.png]]

2020-04-21 08:27:35 - [TEST_STEP][PASSED] - (internal.GlobalVariable.i++): null

2020-04-21 08:27:35 - [MESSAGE][PASSED] - Call Test Case 'Test Cases/AHI/_include/get_screenshot' successfully

2020-04-21 08:27:35 - [MESSAGE][PASSED] - Call Test Case 'Test Cases/AHI/_include/openWebSite' successfully

2020-04-21 08:27:35 - [TEST_STEP][PASSED] - driver = getWebDriver(): null

2020-04-21 08:27:35 - [TEST_STEP][PASSED] - baseUrl = ENV: null

2020-04-21 08:27:35 - [TEST_STEP][PASSED] - selenium = new com.thoughtworks.selenium.webdriven.WebDriverBackedSelenium(driver, baseUrl): null

2020-04-21 08:27:35 - [TEST_STEP][PASSED] - selenium.click("//*[@class='filter-option-inner-inner']"): null

2020-04-21 08:27:35 - [TEST_STEP][PASSED] - selenium.click("id=bs-select-1-7"): null

2020-04-21 08:27:35 - [TEST_STEP][PASSED] - selenium.click("id=primaryCTA"): null

2020-04-21 08:27:46 - [TEST_STEP][PASSED] - waitForElementVisible(findTestObject("mobileSanity/Teladoc/front_door_h1"), 20): Object 'Object Repository/mobileSanity/Teladoc/front_door_h1' is visible

2020-04-21 08:27:52 - [MESSAGE][PASSED] - Object 'Object Repository/mobileSanity/Teladoc/front_door_h1' is visible

2020-04-21 08:27:52 - [TEST_STEP][PASSED] - callTestCase(findTestCase("AHI/_include/get_screenshot"), [:], STOP_ON_FAILURE): Call Test Case 'Test Cases/AHI/_include/get_screenshot' successfully

2020-04-21 08:27:52 - [TEST_CASE][PASSED] - Test Cases/AHI/_include/get_screenshot: Test Cases/AHI/_include/get_screenshot

2020-04-21 08:27:52 - [TEST_STEP][PASSED] - Thread.sleep(1000): null

2020-04-21 08:27:53 - [TEST_STEP][PASSED] - takeScreenshot(screenPath + i + ".png"): Taking screenshot successfully

2020-04-21 08:27:53 - [MESSAGE][PASSED] - Taking screenshot successfully
[[ATTACHMENT|D:\\Test\\AgileTest\\Reports\\AHI\\ahi\\20200421_080048\\../Screenshots/iPhone 6/AHI/Teladoc/20200421_082717/1.png]]

2020-04-21 08:27:53 - [TEST_STEP][PASSED] - (internal.GlobalVariable.i++): null

2020-04-21 08:27:53 - [MESSAGE][PASSED] - Call Test Case 'Test Cases/AHI/_include/get_screenshot' successfully

2020-04-21 08:27:53 - [TEST_STEP][PASSED] - waitForElementVisible(findTestObject("mobileSanity/Teladoc/census/input_Location_zip-input"), 20): Object 'Object Repository/mobileSanity/Teladoc/census/input_Location_zip-input' is visible

2020-04-21 08:27:54 - [MESSAGE][PASSED] - Object 'Object Repository/mobileSanity/Teladoc/census/input_Location_zip-input' is visible

2020-04-21 08:27:54 - [TEST_STEP][PASSED] - sendKeys(findTestObject("mobileSanity/Teladoc/census/input_Location_zip-input"), "35215"): Keys '35215' sent to object: 'Object Repository/mobileSanity/Teladoc/census/input_Location_zip-input'

2020-04-21 08:27:54 - [MESSAGE][PASSED] - Keys '35215' sent to object: 'Object Repository/mobileSanity/Teladoc/census/input_Location_zip-input'

2020-04-21 08:27:54 - [TEST_STEP][PASSED] - Thread.sleep(500): null

2020-04-21 08:27:54 - [TEST_STEP][PASSED] - setText(findTestObject("mobileSanity/Teladoc/census/input_Date of Birth_dob-0"), "12121980"): Text '12121980' is set on object 'Object Repository/mobileSanity/Teladoc/census/input_Date of Birth_dob-0'

2020-04-21 08:27:54 - [MESSAGE][PASSED] - Text '12121980' is set on object 'Object Repository/mobileSanity/Teladoc/census/input_Date of Birth_dob-0'

2020-04-21 08:27:54 - [TEST_STEP][PASSED] - click(findTestObject("mobileSanity/Teladoc/census/label_Male")): Object: 'Object Repository/mobileSanity/Teladoc/census/label_Male' is clicked on

2020-04-21 08:27:55 - [MESSAGE][PASSED] - Object: 'Object Repository/mobileSanity/Teladoc/census/label_Male' is clicked on

2020-04-21 08:27:55 - [TEST_STEP][PASSED] - Thread.sleep(3000): null

2020-04-21 08:27:58 - [TEST_STEP][PASSED] - click(findTestObject("mobileSanity/Teladoc/census/get_a_quote")): Object: 'Object Repository/mobileSanity/Teladoc/census/get_a_quote' is clicked on

2020-04-21 08:28:07 - [MESSAGE][PASSED] - Object: 'Object Repository/mobileSanity/Teladoc/census/get_a_quote' is clicked on

2020-04-21 08:28:07 - [TEST_STEP][PASSED] - waitForElementVisible(findTestObject("mobileSanity/Teladoc/apply_button"), 20): Object 'Object Repository/mobileSanity/Teladoc/apply_button' is visible

2020-04-21 08:28:07 - [MESSAGE][PASSED] - Object 'Object Repository/mobileSanity/Teladoc/apply_button' is visible

2020-04-21 08:28:07 - [TEST_STEP][PASSED] - callTestCase(findTestCase("AHI/_include/get_screenshot"), [:], STOP_ON_FAILURE): Call Test Case 'Test Cases/AHI/_include/get_screenshot' successfully

2020-04-21 08:28:08 - [TEST_CASE][PASSED] - Test Cases/AHI/_include/get_screenshot: Test Cases/AHI/_include/get_screenshot

2020-04-21 08:28:08 - [TEST_STEP][PASSED] - Thread.sleep(1000): null

2020-04-21 08:28:09 - [TEST_STEP][PASSED] - takeScreenshot(screenPath + i + ".png"): Taking screenshot successfully

2020-04-21 08:28:09 - [MESSAGE][PASSED] - Taking screenshot successfully
[[ATTACHMENT|D:\\Test\\AgileTest\\Reports\\AHI\\ahi\\20200421_080048\\../Screenshots/iPhone 6/AHI/Teladoc/20200421_082717/2.png]]

2020-04-21 08:28:09 - [TEST_STEP][PASSED] - (internal.GlobalVariable.i++): null

2020-04-21 08:28:09 - [MESSAGE][PASSED] - Call Test Case 'Test Cases/AHI/_include/get_screenshot' successfully

2020-04-21 08:28:09 - [TEST_STEP][PASSED] - click(findTestObject("mobileSanity/Teladoc/apply_button")): Object: 'Object Repository/mobileSanity/Teladoc/apply_button' is clicked on

2020-04-21 08:28:17 - [MESSAGE][PASSED] - Object: 'Object Repository/mobileSanity/Teladoc/apply_button' is clicked on

2020-04-21 08:28:17 - [TEST_STEP][PASSED] - waitForPageLoad(20): Wait for page load successfully

2020-04-21 08:28:17 - [MESSAGE][PASSED] - Wait for page load successfully

2020-04-21 08:28:17 - [TEST_STEP][PASSED] - waitForElementPresent(findTestObject("mobileSanity/Teladoc/Page_App Page 1/input__member-P-1-firstName"), 20): Object 'Object Repository/mobileSanity/Teladoc/Page_App Page 1/input__member-P-1-firstName' is present

2020-04-21 08:28:17 - [MESSAGE][PASSED] - Object 'Object Repository/mobileSanity/Teladoc/Page_App Page 1/input__member-P-1-firstName' is present

2020-04-21 08:28:17 - [TEST_STEP][PASSED] - callTestCase(findTestCase("AHI/_include/get_screenshot"), [:], STOP_ON_FAILURE): Call Test Case 'Test Cases/AHI/_include/get_screenshot' successfully

2020-04-21 08:28:17 - [TEST_CASE][PASSED] - Test Cases/AHI/_include/get_screenshot: Test Cases/AHI/_include/get_screenshot

2020-04-21 08:28:17 - [TEST_STEP][PASSED] - Thread.sleep(1000): null

2020-04-21 08:28:18 - [TEST_STEP][PASSED] - takeScreenshot(screenPath + i + ".png"): Taking screenshot successfully

2020-04-21 08:28:19 - [MESSAGE][PASSED] - Taking screenshot successfully
[[ATTACHMENT|D:\\Test\\AgileTest\\Reports\\AHI\\ahi\\20200421_080048\\../Screenshots/iPhone 6/AHI/Teladoc/20200421_082717/3.png]]

2020-04-21 08:28:19 - [TEST_STEP][PASSED] - (internal.GlobalVariable.i++): null

2020-04-21 08:28:19 - [MESSAGE][PASSED] - Call Test Case 'Test Cases/AHI/_include/get_screenshot' successfully

2020-04-21 08:28:19 - [TEST_STEP][PASSED] - callTestCase(findTestCase("AHI/_include/name"), [:], STOP_ON_FAILURE): Call Test Case 'Test Cases/AHI/_include/name' successfully

2020-04-21 08:28:19 - [TEST_CASE][PASSED] - Test Cases/AHI/_include/name: Test Cases/AHI/_include/name

2020-04-21 08:28:19 - [TEST_STEP][PASSED] - driver = getWebDriver(): null

2020-04-21 08:28:19 - [TEST_STEP][PASSED] - selenium = new com.thoughtworks.selenium.webdriven.WebDriverBackedSelenium(driver, internal.GlobalVariable.ENV): null

2020-04-21 08:28:19 - [TEST_STEP][PASSED] - FirstName = "Test-123": null

2020-04-21 08:28:19 - [TEST_STEP][PASSED] - LastName = selenium.getEval("{var x="ABCDEFGHIJKLMNOPQRSTUVWXYZabcdefghijklmnopqrstuvwxyz"; var tmp="ZZ11-"; for (i=0;i<8;i++) tmp+=x.charAt(Math.ceil(51*Math.random()));tmp;}"): null

2020-04-21 08:28:19 - [TEST_STEP][PASSED] - Address = selenium.getEval("{var x="ABCDEFGHIJKLMNOPQRSTUVWXYZabcdefghijklmnopqrstuvwxyz"; var tmp=""; for (i=0;i<8;i++) tmp+=x.charAt(Math.ceil(51*Math.random()));tmp;}"): null

2020-04-21 08:28:19 - [TEST_STEP][PASSED] - City = selenium.getEval("{var x="ABCDEFGHIJKLMNOPQRSTUVWXYZabcdefghijklmnopqrstuvwxyz"; var tmp=""; for (i=0;i<8;i++) tmp+=x.charAt(Math.ceil(51*Math.random()));tmp;}"): null

2020-04-21 08:28:19 - [TEST_STEP][PASSED] - tel1 = selenium.getEval("{var x="123456789"; var tmp=""; for (i=0;i<3;i++) tmp+=x.charAt(Math.ceil(8*Math.random()));tmp;}"): null

2020-04-21 08:28:19 - [TEST_STEP][PASSED] - tel2 = selenium.getEval("{var x="123456789"; var tmp=""; for (i=0;i<3;i++) tmp+=x.charAt(Math.ceil(8*Math.random()));tmp;}"): null

2020-04-21 08:28:19 - [TEST_STEP][PASSED] - tel3 = selenium.getEval("{var x="123456789"; var tmp=""; for (i=0;i<4;i++) tmp+=x.charAt(Math.ceil(8*Math.random()));tmp;}"): null

2020-04-21 08:28:19 - [TEST_STEP][PASSED] - Tel = selenium.getExpression(tel1 + "-" + tel2 + "-" + tel3): null

2020-04-21 08:28:19 - [TEST_STEP][PASSED] - AutoEmail = selenium.getEval("{var x="ABCDEFGHIJKLMNOPQRSTUVWXYZabcdefghijklmnopqrstuvwxyz"; var tmp="test."; for (i=0;i<8;i++) tmp+=x.charAt(Math.ceil(51*Math.random()));tmp+="@suryani.cn";}"): null

2020-04-21 08:28:19 - [TEST_STEP][PASSED] - FirstName = FirstName: null

2020-04-21 08:28:19 - [TEST_STEP][PASSED] - LastName = LastName: null

2020-04-21 08:28:19 - [TEST_STEP][PASSED] - Address = Address: null

2020-04-21 08:28:19 - [TEST_STEP][PASSED] - City = City: null

2020-04-21 08:28:19 - [TEST_STEP][PASSED] - Tel = Tel: null

2020-04-21 08:28:19 - [TEST_STEP][PASSED] - AutoEmail = AutoEmail: null

2020-04-21 08:28:19 - [TEST_STEP][PASSED] - println(FirstName): null

2020-04-21 08:28:19 - [TEST_STEP][PASSED] - println(LastName): null

2020-04-21 08:28:19 - [TEST_STEP][PASSED] - println(Address): null

2020-04-21 08:28:19 - [TEST_STEP][PASSED] - println(City): null

2020-04-21 08:28:19 - [TEST_STEP][PASSED] - println(Tel): null

2020-04-21 08:28:19 - [TEST_STEP][PASSED] - println(AutoEmail): null

2020-04-21 08:28:19 - [MESSAGE][PASSED] - Call Test Case 'Test Cases/AHI/_include/name' successfully

2020-04-21 08:28:19 - [TEST_STEP][PASSED] - setText(findTestObject("mobileSanity/Teladoc/Page_App Page 1/input__member-P-1-firstName"), FirstName): Text 'Test-123' is set on object 'Object Repository/mobileSanity/Teladoc/Page_App Page 1/input__member-P-1-firstName'

2020-04-21 08:28:19 - [MESSAGE][PASSED] - Text 'Test-123' is set on object 'Object Repository/mobileSanity/Teladoc/Page_App Page 1/input__member-P-1-firstName'

2020-04-21 08:28:19 - [TEST_STEP][PASSED] - setText(findTestObject("mobileSanity/Teladoc/Page_App Page 1/input__member-P-1-lastName"), LastName): Text 'ZZ11-ssmztJNa' is set on object 'Object Repository/mobileSanity/Teladoc/Page_App Page 1/input__member-P-1-lastName'

2020-04-21 08:28:19 - [MESSAGE][PASSED] - Text 'ZZ11-ssmztJNa' is set on object 'Object Repository/mobileSanity/Teladoc/Page_App Page 1/input__member-P-1-lastName'

2020-04-21 08:28:19 - [TEST_STEP][PASSED] - selectOptionByValue(findTestObject("mobileSanity/Teladoc/Page_App Page 1/select_01020304050607"), "05", true): All options with value '05' are selected in object 'Object Repository/mobileSanity/Teladoc/Page_App Page 1/select_01020304050607'  using regular expression

2020-04-21 08:28:20 - [MESSAGE][PASSED] - All options with value '05' are selected in object 'Object Repository/mobileSanity/Teladoc/Page_App Page 1/select_01020304050607'  using regular expression

2020-04-21 08:28:20 - [TEST_STEP][PASSED] - selectOptionByValue(findTestObject("mobileSanity/Teladoc/Page_App Page 1/select_00102030405060708091011"), "06", true): All options with value '06' are selected in object 'Object Repository/mobileSanity/Teladoc/Page_App Page 1/select_00102030405060708091011'  using regular expression

2020-04-21 08:28:20 - [MESSAGE][PASSED] - All options with value '06' are selected in object 'Object Repository/mobileSanity/Teladoc/Page_App Page 1/select_00102030405060708091011'  using regular expression

2020-04-21 08:28:20 - [TEST_STEP][PASSED] - setText(findTestObject("mobileSanity/Teladoc/Page_App Page 1/input_lbs"), "180"): Text '180' is set on object 'Object Repository/mobileSanity/Teladoc/Page_App Page 1/input_lbs'

2020-04-21 08:28:20 - [MESSAGE][PASSED] - Text '180' is set on object 'Object Repository/mobileSanity/Teladoc/Page_App Page 1/input_lbs'

2020-04-21 08:28:20 - [TEST_STEP][PASSED] - setText(findTestObject("mobileSanity/Teladoc/Page_App Page 1/input__address"), Address): Text 'XQOWXkph' is set on object 'Object Repository/mobileSanity/Teladoc/Page_App Page 1/input__address'

2020-04-21 08:28:21 - [MESSAGE][PASSED] - Text 'XQOWXkph' is set on object 'Object Repository/mobileSanity/Teladoc/Page_App Page 1/input__address'

2020-04-21 08:28:21 - [TEST_STEP][PASSED] - setText(findTestObject("mobileSanity/Teladoc/Page_App Page 1/input__city"), City): Text 'PItgKcoe' is set on object 'Object Repository/mobileSanity/Teladoc/Page_App Page 1/input__city'

2020-04-21 08:28:21 - [MESSAGE][PASSED] - Text 'PItgKcoe' is set on object 'Object Repository/mobileSanity/Teladoc/Page_App Page 1/input__city'

2020-04-21 08:28:21 - [TEST_STEP][PASSED] - setText(findTestObject("mobileSanity/Teladoc/Page_App Page 1/input__email"), AutoEmail): Text 'test.ScNiaBsx@suryani.cn' is set on object 'Object Repository/mobileSanity/Teladoc/Page_App Page 1/input__email'

2020-04-21 08:28:21 - [MESSAGE][PASSED] - Text 'test.ScNiaBsx@suryani.cn' is set on object 'Object Repository/mobileSanity/Teladoc/Page_App Page 1/input__email'

2020-04-21 08:28:21 - [TEST_STEP][PASSED] - setText(findTestObject("mobileSanity/Teladoc/Page_App Page 1/input_phone number"), Tel): Text '636-545-8439' is set on object 'Object Repository/mobileSanity/Teladoc/Page_App Page 1/input_phone number'

2020-04-21 08:28:21 - [MESSAGE][PASSED] - Text '636-545-8439' is set on object 'Object Repository/mobileSanity/Teladoc/Page_App Page 1/input_phone number'

2020-04-21 08:28:21 - [TEST_STEP][PASSED] - Thread.sleep(5000): null

2020-04-21 08:28:26 - [TEST_STEP][PASSED] - click(findTestObject("mobileSanity/Teladoc/Page_App Page 1/a_Continue to Step 2 - Payment")): Object: 'Object Repository/mobileSanity/Teladoc/Page_App Page 1/a_Continue to Step 2 - Payment' is clicked on

2020-04-21 08:28:27 - [MESSAGE][PASSED] - Object: 'Object Repository/mobileSanity/Teladoc/Page_App Page 1/a_Continue to Step 2 - Payment' is clicked on

2020-04-21 08:28:27 - [TEST_STEP][PASSED] - waitForPageLoad(20): Wait for page load successfully

2020-04-21 08:28:27 - [MESSAGE][PASSED] - Wait for page load successfully

2020-04-21 08:28:27 - [TEST_STEP][PASSED] - waitForElementVisible(findTestObject("mobileSanity/Teladoc/Page_App Page 2/input__credit-card-first"), 20): Object 'Object Repository/mobileSanity/Teladoc/Page_App Page 2/input__credit-card-first' is visible

2020-04-21 08:28:27 - [MESSAGE][PASSED] - Object 'Object Repository/mobileSanity/Teladoc/Page_App Page 2/input__credit-card-first' is visible

2020-04-21 08:28:27 - [TEST_STEP][PASSED] - callTestCase(findTestCase("AHI/_include/get_screenshot"), [:], STOP_ON_FAILURE): Call Test Case 'Test Cases/AHI/_include/get_screenshot' successfully

2020-04-21 08:28:27 - [TEST_CASE][PASSED] - Test Cases/AHI/_include/get_screenshot: Test Cases/AHI/_include/get_screenshot

2020-04-21 08:28:27 - [TEST_STEP][PASSED] - Thread.sleep(1000): null

2020-04-21 08:28:28 - [TEST_STEP][PASSED] - takeScreenshot(screenPath + i + ".png"): Taking screenshot successfully

2020-04-21 08:28:29 - [MESSAGE][PASSED] - Taking screenshot successfully
[[ATTACHMENT|D:\\Test\\AgileTest\\Reports\\AHI\\ahi\\20200421_080048\\../Screenshots/iPhone 6/AHI/Teladoc/20200421_082717/4.png]]

2020-04-21 08:28:29 - [TEST_STEP][PASSED] - (internal.GlobalVariable.i++): null

2020-04-21 08:28:29 - [MESSAGE][PASSED] - Call Test Case 'Test Cases/AHI/_include/get_screenshot' successfully

2020-04-21 08:28:29 - [TEST_STEP][PASSED] - setText(findTestObject("mobileSanity/Teladoc/Page_App Page 2/input__credit-card-first"), FirstName): Text 'Test-123' is set on object 'Object Repository/mobileSanity/Teladoc/Page_App Page 2/input__credit-card-first'

2020-04-21 08:28:29 - [MESSAGE][PASSED] - Text 'Test-123' is set on object 'Object Repository/mobileSanity/Teladoc/Page_App Page 2/input__credit-card-first'

2020-04-21 08:28:29 - [TEST_STEP][PASSED] - setText(findTestObject("mobileSanity/Teladoc/Page_App Page 2/input__credit-card-last"), LastName): Text 'ZZ11-ssmztJNa' is set on object 'Object Repository/mobileSanity/Teladoc/Page_App Page 2/input__credit-card-last'

2020-04-21 08:28:30 - [MESSAGE][PASSED] - Text 'ZZ11-ssmztJNa' is set on object 'Object Repository/mobileSanity/Teladoc/Page_App Page 2/input__credit-card-last'

2020-04-21 08:28:30 - [TEST_STEP][PASSED] - selectOptionByValue(findTestObject("mobileSanity/Teladoc/Page_App Page 2/select_MM010203040506070809101"), "12", true): All options with value '12' are selected in object 'Object Repository/mobileSanity/Teladoc/Page_App Page 2/select_MM010203040506070809101'  using regular expression

2020-04-21 08:28:31 - [MESSAGE][PASSED] - All options with value '12' are selected in object 'Object Repository/mobileSanity/Teladoc/Page_App Page 2/select_MM010203040506070809101'  using regular expression

2020-04-21 08:28:31 - [TEST_STEP][PASSED] - selectOptionByValue(findTestObject("mobileSanity/Teladoc/Page_App Page 2/select_YYYY2019202020212022202"), "2026", true): All options with value '2026' are selected in object 'Object Repository/mobileSanity/Teladoc/Page_App Page 2/select_YYYY2019202020212022202'  using regular expression

2020-04-21 08:28:31 - [MESSAGE][PASSED] - All options with value '2026' are selected in object 'Object Repository/mobileSanity/Teladoc/Page_App Page 2/select_YYYY2019202020212022202'  using regular expression

2020-04-21 08:28:31 - [TEST_STEP][PASSED] - setText(findTestObject("mobileSanity/Teladoc/Page_App Page 2/input__credit-card-number"), "4111111111111111"): Text '4111111111111111' is set on object 'Object Repository/mobileSanity/Teladoc/Page_App Page 2/input__credit-card-number'

2020-04-21 08:28:32 - [MESSAGE][PASSED] - Text '4111111111111111' is set on object 'Object Repository/mobileSanity/Teladoc/Page_App Page 2/input__credit-card-number'

2020-04-21 08:28:32 - [TEST_STEP][PASSED] - setText(findTestObject("mobileSanity/Teladoc/Page_App Page 2/input__credit-card-cvv"), "122"): Text '122' is set on object 'Object Repository/mobileSanity/Teladoc/Page_App Page 2/input__credit-card-cvv'

2020-04-21 08:28:32 - [MESSAGE][PASSED] - Text '122' is set on object 'Object Repository/mobileSanity/Teladoc/Page_App Page 2/input__credit-card-cvv'

2020-04-21 08:28:32 - [TEST_STEP][PASSED] - click(findTestObject("mobileSanity/Teladoc/Page_App Page 2/label_My billing address is th")): Object: 'Object Repository/mobileSanity/Teladoc/Page_App Page 2/label_My billing address is th' is clicked on

2020-04-21 08:28:32 - [MESSAGE][PASSED] - Object: 'Object Repository/mobileSanity/Teladoc/Page_App Page 2/label_My billing address is th' is clicked on

2020-04-21 08:28:32 - [TEST_STEP][PASSED] - click(findTestObject("mobileSanity/Teladoc/Page_App Page 2/label_I Accept Authorization f")): Object: 'Object Repository/mobileSanity/Teladoc/Page_App Page 2/label_I Accept Authorization f' is clicked on

2020-04-21 08:28:32 - [MESSAGE][PASSED] - Object: 'Object Repository/mobileSanity/Teladoc/Page_App Page 2/label_I Accept Authorization f' is clicked on

2020-04-21 08:28:32 - [TEST_STEP][PASSED] - click(findTestObject("mobileSanity/Teladoc/Page_App Page 2/a_Continue to Step 3 - Review")): Object: 'Object Repository/mobileSanity/Teladoc/Page_App Page 2/a_Continue to Step 3 - Review' is clicked on

2020-04-21 08:28:32 - [MESSAGE][PASSED] - Object: 'Object Repository/mobileSanity/Teladoc/Page_App Page 2/a_Continue to Step 3 - Review' is clicked on

2020-04-21 08:28:32 - [TEST_STEP][PASSED] - waitForPageLoad(20): Wait for page load successfully

2020-04-21 08:28:32 - [MESSAGE][PASSED] - Wait for page load successfully

2020-04-21 08:28:32 - [TEST_STEP][PASSED] - waitForElementPresent(findTestObject("mobileSanity/Teladoc/Page_App Page 3/label"), 20): Object 'Object Repository/mobileSanity/Teladoc/Page_App Page 3/label' is present

2020-04-21 08:28:44 - [MESSAGE][PASSED] - Object 'Object Repository/mobileSanity/Teladoc/Page_App Page 3/label' is present

2020-04-21 08:28:44 - [TEST_STEP][PASSED] - Thread.sleep(5000): null

2020-04-21 08:28:49 - [TEST_STEP][PASSED] - callTestCase(findTestCase("AHI/_include/get_screenshot"), [:], STOP_ON_FAILURE): Call Test Case 'Test Cases/AHI/_include/get_screenshot' successfully

2020-04-21 08:28:49 - [TEST_CASE][PASSED] - Test Cases/AHI/_include/get_screenshot: Test Cases/AHI/_include/get_screenshot

2020-04-21 08:28:49 - [TEST_STEP][PASSED] - Thread.sleep(1000): null

2020-04-21 08:28:50 - [TEST_STEP][PASSED] - takeScreenshot(screenPath + i + ".png"): Taking screenshot successfully

2020-04-21 08:28:50 - [MESSAGE][PASSED] - Taking screenshot successfully
[[ATTACHMENT|D:\\Test\\AgileTest\\Reports\\AHI\\ahi\\20200421_080048\\../Screenshots/iPhone 6/AHI/Teladoc/20200421_082717/5.png]]

2020-04-21 08:28:50 - [TEST_STEP][PASSED] - (internal.GlobalVariable.i++): null

2020-04-21 08:28:50 - [MESSAGE][PASSED] - Call Test Case 'Test Cases/AHI/_include/get_screenshot' successfully

2020-04-21 08:28:50 - [TEST_STEP][PASSED] - scrollToElement(findTestObject("mobileSanity/Teladoc/Page_App Page 3/label"), 10): Scroll to object 'Object Repository/mobileSanity/Teladoc/Page_App Page 3/label' successfully

2020-04-21 08:28:50 - [MESSAGE][PASSED] - Scroll to object 'Object Repository/mobileSanity/Teladoc/Page_App Page 3/label' successfully

2020-04-21 08:28:50 - [TEST_STEP][PASSED] - waitForElementClickable(findTestObject("mobileSanity/Teladoc/Page_App Page 3/label"), 10): Object 'Object Repository/mobileSanity/Teladoc/Page_App Page 3/label' is clickable

2020-04-21 08:28:50 - [MESSAGE][PASSED] - Object 'Object Repository/mobileSanity/Teladoc/Page_App Page 3/label' is clickable

2020-04-21 08:28:50 - [TEST_STEP][PASSED] - click(findTestObject("mobileSanity/Teladoc/Page_App Page 3/label")): Object: 'Object Repository/mobileSanity/Teladoc/Page_App Page 3/label' is clicked on

2020-04-21 08:28:50 - [MESSAGE][PASSED] - Object: 'Object Repository/mobileSanity/Teladoc/Page_App Page 3/label' is clicked on

2020-04-21 08:28:50 - [TEST_STEP][PASSED] - click(findTestObject("mobileSanity/Teladoc/Page_App Page 3/p_")): Object: 'Object Repository/mobileSanity/Teladoc/Page_App Page 3/p_' is clicked on

2020-04-21 08:28:51 - [MESSAGE][PASSED] - Object: 'Object Repository/mobileSanity/Teladoc/Page_App Page 3/p_' is clicked on

2020-04-21 08:28:51 - [TEST_STEP][PASSED] - click(findTestObject("mobileSanity/Teladoc/Page_App Page 3/a_Submit Your Application")): Object: 'Object Repository/mobileSanity/Teladoc/Page_App Page 3/a_Submit Your Application' is clicked on

2020-04-21 08:28:51 - [MESSAGE][PASSED] - Object: 'Object Repository/mobileSanity/Teladoc/Page_App Page 3/a_Submit Your Application' is clicked on

2020-04-21 08:28:51 - [TEST_STEP][PASSED] - waitForElementPresent(findTestObject("mobileSanity/Common/app-confirmation"), 30): Object 'Object Repository/mobileSanity/Common/app-confirmation' is not present after 30 second(s)

2020-04-21 08:29:22 - [MESSAGE][INFO] - Unable to find the element located by 'By.xpath: //*[@id = 'app-confirmation']'. Please recheck the objects properties to make sure the desired element is located. 

2020-04-21 08:29:22 - [MESSAGE][WARNING] - Object 'Object Repository/mobileSanity/Common/app-confirmation' is not present after 30 second(s)

2020-04-21 08:29:22 - [TEST_STEP][PASSED] - callTestCase(findTestCase("AHI/_include/get_screenshot"), [:], STOP_ON_FAILURE): Call Test Case 'Test Cases/AHI/_include/get_screenshot' successfully

2020-04-21 08:29:22 - [TEST_CASE][PASSED] - Test Cases/AHI/_include/get_screenshot: Test Cases/AHI/_include/get_screenshot

2020-04-21 08:29:22 - [TEST_STEP][PASSED] - Thread.sleep(1000): null

2020-04-21 08:29:23 - [TEST_STEP][PASSED] - takeScreenshot(screenPath + i + ".png"): Taking screenshot successfully

2020-04-21 08:29:24 - [MESSAGE][PASSED] - Taking screenshot successfully
[[ATTACHMENT|D:\\Test\\AgileTest\\Reports\\AHI\\ahi\\20200421_080048\\../Screenshots/iPhone 6/AHI/Teladoc/20200421_082717/6.png]]

2020-04-21 08:29:24 - [TEST_STEP][PASSED] - (internal.GlobalVariable.i++): null

2020-04-21 08:29:24 - [MESSAGE][PASSED] - Call Test Case 'Test Cases/AHI/_include/get_screenshot' successfully]]></system-out>
         <system-err><![CDATA[]]></system-err>
      </testcase>
      <system-out><![CDATA[2020-04-21 08:15:12 - [TEST_SUITE][PASSED] - ahi: Test Cases/AHI/NEW/Teladoc]]></system-out>
      <system-err><![CDATA[]]></system-err>
   </testsuite>
</testsuites>
