<?xml version="1.0" encoding="UTF-8"?>
<testsuites name="life" time="65" tests="1" failures="0" errors="0">
   <testsuite name="life" tests="1" failures="0" errors="0" time="65" timestamp="2019-12-12 08:01:08" hostname="Administrator - 172.30.0.53" id="Test Suites/Life/life">
      <properties>
         <property name="deviceName" value=""/>
         <property name="devicePlatform" value=""/>
         <property name="logFolder" value="D:\\Test\\AgileTest\\Reports\\Life\\life\\20191212_080032"/>
         <property name="logFiles" value="D:\\Test\\AgileTest\\Reports\\Life\\life\\20191212_080032\\execution0.log"/>
         <property name="attachments" value="D:\\Test\\AgileTest\\Reports\\Life\\life\\20191212_080032\\../Screenshots/iPhone 6/Life/Freedom Lite/20191212_080112/0.png, D:\\Test\\AgileTest\\Reports\\Life\\life\\20191212_080032\\../Screenshots/iPhone 6/Life/Freedom Lite/20191212_080112/1.png, D:\\Test\\AgileTest\\Reports\\Life\\life\\20191212_080032\\../Screenshots/iPhone 6/Life/Freedom Lite/20191212_080112/2.png, D:\\Test\\AgileTest\\Reports\\Life\\life\\20191212_080032\\../Screenshots/iPhone 6/Life/Freedom Lite/20191212_080112/3.png, D:\\Test\\AgileTest\\Reports\\Life\\life\\20191212_080032\\../Screenshots/iPhone 6/Life/Freedom Lite/20191212_080112/4.png, D:\\Test\\AgileTest\\Reports\\Life\\life\\20191212_080032\\../Screenshots/iPhone 6/Life/Freedom Lite/20191212_080112/5.png, D:\\Test\\AgileTest\\Reports\\Life\\life\\20191212_080032\\../Screenshots/iPhone 6/Life/Freedom Lite/20191212_080112/6.png, D:\\Test\\AgileTest\\Reports\\Life\\life\\20191212_080032\\../Screenshots/iPhone 6/Life/Freedom Lite/20191212_080112/7.png, D:\\Test\\AgileTest\\Reports\\Life\\life\\20191212_080032\\../Screenshots/iPhone 6/Life/Freedom Lite/20191212_080112/8.png"/>
         <property name="hostName" value="Administrator - 172.30.0.53"/>
         <property name="os" value="Windows Server 2012 R2 64bit"/>
         <property name="katalonVersion" value="5.10.1.1"/>
         <property name="browser" value="Safari 11"/>
         <property name="hostAddress" value="172.30.0.53"/>
         <property name="sessionId" value="d10c5d85b9804afd74755a5e5c65b566"/>
         <property name="seleniumVersion" value="3.7.1"/>
         <property name="proxyInformation" value="ProxyInformation{proxyOption=NO_PROXY, proxyServerType=HTTP, password=, proxyServerAddress=, proxyServerPort=0}"/>
         <property name="platform" value="Windows Server 2012 R2"/>
      </properties>
      <testcase name="Test Cases/Life/Freedom Lite" classname="Test Cases/Life/Freedom Lite" status="PASSED">
         <system-out><![CDATA[2019-12-12 08:01:09 - [TEST_CASE][PASSED] - Test Cases/Life/Freedom Lite: Test Cases/Life/Freedom Lite

2019-12-12 08:01:11 - [TEST_STEP][PASSED] - callTestCase(findTestCase("AHI/_include/get_screenPath"), ["productLine":"Life", "carrierName":"Freedom Lite"], CONTINUE_ON_FAILURE): Call Test Case 'Test Cases/AHI/_include/get_screenPath' successfully

2019-12-12 08:01:11 - [TEST_CASE][PASSED] - Test Cases/AHI/_include/get_screenPath: Test Cases/AHI/_include/get_screenPath

2019-12-12 08:01:11 - [TEST_STEP][PASSED] - m = getExecutionProperties(): null

2019-12-12 08:01:11 - [TEST_STEP][PASSED] - deviceName = get("mobileEmulation").get("deviceName"): null

2019-12-12 08:01:11 - [TEST_STEP][PASSED] - println(deviceName): null

2019-12-12 08:01:12 - [TEST_STEP][PASSED] - now = new java.util.Date(): null

2019-12-12 08:01:12 - [TEST_STEP][PASSED] - mydate = now.format("yyyyMMdd_HHmmss"): null

2019-12-12 08:01:12 - [TEST_STEP][PASSED] - screenPath = "../Screenshots/": null

2019-12-12 08:01:12 - [TEST_STEP][PASSED] - screenPath = screenPath + deviceName + "/" + productLine + "/" + carrierName + "/" + mydate + "/": null

2019-12-12 08:01:12 - [TEST_STEP][PASSED] - println(screenPath): null

2019-12-12 08:01:12 - [MESSAGE][PASSED] - Call Test Case 'Test Cases/AHI/_include/get_screenPath' successfully

2019-12-12 08:01:12 - [TEST_STEP][PASSED] - i = 0: null

2019-12-12 08:01:12 - [TEST_STEP][PASSED] - callTestCase(findTestCase("AHI/_include/openWebSite"), ["env":"https://qa.agilelifeinsurance.com/"], STOP_ON_FAILURE): Call Test Case 'Test Cases/AHI/_include/openWebSite' successfully

2019-12-12 08:01:12 - [TEST_CASE][PASSED] - Test Cases/AHI/_include/openWebSite: Test Cases/AHI/_include/openWebSite

2019-12-12 08:01:12 - [TEST_STEP][PASSED] - openBrowser(env): Browser is opened with url: 'https://qa.agilelifeinsurance.com/'

2019-12-12 08:01:13 - [MESSAGE][INFO] - Starting 'Chrome' driver

2019-12-12 08:01:13 - [MESSAGE][INFO] - User set preference: ['mobileEmulation', '{deviceName=iPhone 6}']

2019-12-12 08:01:13 - [MESSAGE][INFO] - User set preference: ['args', '[--incognito, --aggressive-cache-discard, --window-size=375,677, --no-sandbox]']

2019-12-12 08:01:13 - [MESSAGE][INFO] - Action delay is set to 0 seconds

2019-12-12 08:01:19 - [MESSAGE][PASSED] - Browser is opened with url: 'https://qa.agilelifeinsurance.com/'

2019-12-12 08:01:19 - [TEST_STEP][PASSED] - waitForPageLoad(20): Wait for page load successfully

2019-12-12 08:01:19 - [MESSAGE][PASSED] - Wait for page load successfully

2019-12-12 08:01:19 - [TEST_STEP][PASSED] - callTestCase(findTestCase("AHI/_include/get_screenshot"), [:], STOP_ON_FAILURE): Call Test Case 'Test Cases/AHI/_include/get_screenshot' successfully

2019-12-12 08:01:19 - [TEST_CASE][PASSED] - Test Cases/AHI/_include/get_screenshot: Test Cases/AHI/_include/get_screenshot

2019-12-12 08:01:20 - [TEST_STEP][PASSED] - takeScreenshot(screenPath + i + ".png"): Taking screenshot successfully

2019-12-12 08:01:20 - [MESSAGE][PASSED] - Taking screenshot successfully
[[ATTACHMENT|D:\\Test\\AgileTest\\Reports\\Life\\life\\20191212_080032\\../Screenshots/iPhone 6/Life/Freedom Lite/20191212_080112/0.png]]

2019-12-12 08:01:21 - [TEST_STEP][PASSED] - (internal.GlobalVariable.i++): null

2019-12-12 08:01:21 - [MESSAGE][PASSED] - Call Test Case 'Test Cases/AHI/_include/get_screenshot' successfully

2019-12-12 08:01:21 - [MESSAGE][PASSED] - Call Test Case 'Test Cases/AHI/_include/openWebSite' successfully

2019-12-12 08:01:21 - [TEST_STEP][PASSED] - click(findTestObject("Life/get_your_free_quote")): Object: 'Object Repository/Life/get_your_free_quote' is clicked on

2019-12-12 08:01:22 - [MESSAGE][PASSED] - Object: 'Object Repository/Life/get_your_free_quote' is clicked on

2019-12-12 08:01:22 - [TEST_STEP][PASSED] - Thread.sleep(2000): null

2019-12-12 08:01:24 - [TEST_STEP][PASSED] - callTestCase(findTestCase("AHI/_include/get_screenshot"), [:], STOP_ON_FAILURE): Call Test Case 'Test Cases/AHI/_include/get_screenshot' successfully

2019-12-12 08:01:24 - [TEST_CASE][PASSED] - Test Cases/AHI/_include/get_screenshot: Test Cases/AHI/_include/get_screenshot

2019-12-12 08:01:24 - [TEST_STEP][PASSED] - takeScreenshot(screenPath + i + ".png"): Taking screenshot successfully

2019-12-12 08:01:25 - [MESSAGE][PASSED] - Taking screenshot successfully
[[ATTACHMENT|D:\\Test\\AgileTest\\Reports\\Life\\life\\20191212_080032\\../Screenshots/iPhone 6/Life/Freedom Lite/20191212_080112/1.png]]

2019-12-12 08:01:25 - [TEST_STEP][PASSED] - (internal.GlobalVariable.i++): null

2019-12-12 08:01:25 - [MESSAGE][PASSED] - Call Test Case 'Test Cases/AHI/_include/get_screenshot' successfully

2019-12-12 08:01:25 - [TEST_STEP][PASSED] - setText(findTestObject("Life/zip_input"), "35215"): Text '35215' is set on object 'Object Repository/Life/zip_input'

2019-12-12 08:01:26 - [MESSAGE][PASSED] - Text '35215' is set on object 'Object Repository/Life/zip_input'

2019-12-12 08:01:26 - [TEST_STEP][PASSED] - setText(findTestObject("Life/dob_0"), "01011988"): Text '01011988' is set on object 'Object Repository/Life/dob_0'

2019-12-12 08:01:27 - [MESSAGE][PASSED] - Text '01011988' is set on object 'Object Repository/Life/dob_0'

2019-12-12 08:01:27 - [TEST_STEP][PASSED] - click(findTestObject("Life/compare_plan")): Object: 'Object Repository/Life/compare_plan' is clicked on

2019-12-12 08:01:28 - [MESSAGE][PASSED] - Object: 'Object Repository/Life/compare_plan' is clicked on

2019-12-12 08:01:28 - [TEST_STEP][PASSED] - Thread.sleep(5000): null

2019-12-12 08:01:33 - [TEST_STEP][PASSED] - callTestCase(findTestCase("AHI/_include/get_screenshot"), [:], STOP_ON_FAILURE): Call Test Case 'Test Cases/AHI/_include/get_screenshot' successfully

2019-12-12 08:01:33 - [TEST_CASE][PASSED] - Test Cases/AHI/_include/get_screenshot: Test Cases/AHI/_include/get_screenshot

2019-12-12 08:01:33 - [TEST_STEP][PASSED] - takeScreenshot(screenPath + i + ".png"): Taking screenshot successfully

2019-12-12 08:01:33 - [MESSAGE][PASSED] - Taking screenshot successfully
[[ATTACHMENT|D:\\Test\\AgileTest\\Reports\\Life\\life\\20191212_080032\\../Screenshots/iPhone 6/Life/Freedom Lite/20191212_080112/2.png]]

2019-12-12 08:01:33 - [TEST_STEP][PASSED] - (internal.GlobalVariable.i++): null

2019-12-12 08:01:33 - [MESSAGE][PASSED] - Call Test Case 'Test Cases/AHI/_include/get_screenshot' successfully

2019-12-12 08:01:33 - [TEST_STEP][PASSED] - click(findTestObject("Life/a_Elite_10K")): Object: 'Object Repository/Life/a_Elite_10K' is clicked on

2019-12-12 08:01:34 - [MESSAGE][PASSED] - Object: 'Object Repository/Life/a_Elite_10K' is clicked on

2019-12-12 08:01:34 - [TEST_STEP][PASSED] - Thread.sleep(2000): null

2019-12-12 08:01:36 - [TEST_STEP][PASSED] - callTestCase(findTestCase("AHI/_include/get_screenshot"), [:], STOP_ON_FAILURE): Call Test Case 'Test Cases/AHI/_include/get_screenshot' successfully

2019-12-12 08:01:36 - [TEST_CASE][PASSED] - Test Cases/AHI/_include/get_screenshot: Test Cases/AHI/_include/get_screenshot

2019-12-12 08:01:36 - [TEST_STEP][PASSED] - takeScreenshot(screenPath + i + ".png"): Taking screenshot successfully

2019-12-12 08:01:37 - [MESSAGE][PASSED] - Taking screenshot successfully
[[ATTACHMENT|D:\\Test\\AgileTest\\Reports\\Life\\life\\20191212_080032\\../Screenshots/iPhone 6/Life/Freedom Lite/20191212_080112/3.png]]

2019-12-12 08:01:37 - [TEST_STEP][PASSED] - (internal.GlobalVariable.i++): null

2019-12-12 08:01:37 - [MESSAGE][PASSED] - Call Test Case 'Test Cases/AHI/_include/get_screenshot' successfully

2019-12-12 08:01:37 - [TEST_STEP][PASSED] - click(findTestObject("Life/apply_for_this_plan")): Object: 'Object Repository/Life/apply_for_this_plan' is clicked on

2019-12-12 08:01:38 - [MESSAGE][PASSED] - Object: 'Object Repository/Life/apply_for_this_plan' is clicked on

2019-12-12 08:01:38 - [TEST_STEP][PASSED] - Thread.sleep(2000): null

2019-12-12 08:01:40 - [TEST_STEP][PASSED] - callTestCase(findTestCase("AHI/_include/get_screenshot"), [:], STOP_ON_FAILURE): Call Test Case 'Test Cases/AHI/_include/get_screenshot' successfully

2019-12-12 08:01:40 - [TEST_CASE][PASSED] - Test Cases/AHI/_include/get_screenshot: Test Cases/AHI/_include/get_screenshot

2019-12-12 08:01:40 - [TEST_STEP][PASSED] - takeScreenshot(screenPath + i + ".png"): Taking screenshot successfully

2019-12-12 08:01:40 - [MESSAGE][PASSED] - Taking screenshot successfully
[[ATTACHMENT|D:\\Test\\AgileTest\\Reports\\Life\\life\\20191212_080032\\../Screenshots/iPhone 6/Life/Freedom Lite/20191212_080112/4.png]]

2019-12-12 08:01:40 - [TEST_STEP][PASSED] - (internal.GlobalVariable.i++): null

2019-12-12 08:01:40 - [MESSAGE][PASSED] - Call Test Case 'Test Cases/AHI/_include/get_screenshot' successfully

2019-12-12 08:01:40 - [TEST_STEP][PASSED] - click(findTestObject("Life/applyButton")): Object: 'Object Repository/Life/applyButton' is clicked on

2019-12-12 08:01:41 - [MESSAGE][PASSED] - Object: 'Object Repository/Life/applyButton' is clicked on

2019-12-12 08:01:41 - [TEST_STEP][PASSED] - Thread.sleep(2000): null

2019-12-12 08:01:43 - [TEST_STEP][PASSED] - callTestCase(findTestCase("AHI/_include/get_screenshot"), [:], STOP_ON_FAILURE): Call Test Case 'Test Cases/AHI/_include/get_screenshot' successfully

2019-12-12 08:01:43 - [TEST_CASE][PASSED] - Test Cases/AHI/_include/get_screenshot: Test Cases/AHI/_include/get_screenshot

2019-12-12 08:01:43 - [TEST_STEP][PASSED] - takeScreenshot(screenPath + i + ".png"): Taking screenshot successfully

2019-12-12 08:01:43 - [MESSAGE][PASSED] - Taking screenshot successfully
[[ATTACHMENT|D:\\Test\\AgileTest\\Reports\\Life\\life\\20191212_080032\\../Screenshots/iPhone 6/Life/Freedom Lite/20191212_080112/5.png]]

2019-12-12 08:01:43 - [TEST_STEP][PASSED] - (internal.GlobalVariable.i++): null

2019-12-12 08:01:43 - [MESSAGE][PASSED] - Call Test Case 'Test Cases/AHI/_include/get_screenshot' successfully

2019-12-12 08:01:43 - [TEST_STEP][PASSED] - click(findTestObject("Life/fillApp")): Object: 'Object Repository/Life/fillApp' is clicked on

2019-12-12 08:01:44 - [MESSAGE][PASSED] - Object: 'Object Repository/Life/fillApp' is clicked on

2019-12-12 08:01:44 - [TEST_STEP][PASSED] - Thread.sleep(2000): null

2019-12-12 08:01:46 - [TEST_STEP][PASSED] - click(findTestObject("Life/js-app-continue-link")): Object: 'Object Repository/Life/js-app-continue-link' is clicked on

2019-12-12 08:01:46 - [MESSAGE][PASSED] - Object: 'Object Repository/Life/js-app-continue-link' is clicked on

2019-12-12 08:01:46 - [TEST_STEP][PASSED] - Thread.sleep(2000): null

2019-12-12 08:01:48 - [TEST_STEP][PASSED] - callTestCase(findTestCase("AHI/_include/get_screenshot"), [:], STOP_ON_FAILURE): Call Test Case 'Test Cases/AHI/_include/get_screenshot' successfully

2019-12-12 08:01:48 - [TEST_CASE][PASSED] - Test Cases/AHI/_include/get_screenshot: Test Cases/AHI/_include/get_screenshot

2019-12-12 08:01:48 - [TEST_STEP][PASSED] - takeScreenshot(screenPath + i + ".png"): Taking screenshot successfully

2019-12-12 08:01:49 - [MESSAGE][PASSED] - Taking screenshot successfully
[[ATTACHMENT|D:\\Test\\AgileTest\\Reports\\Life\\life\\20191212_080032\\../Screenshots/iPhone 6/Life/Freedom Lite/20191212_080112/6.png]]

2019-12-12 08:01:49 - [TEST_STEP][PASSED] - (internal.GlobalVariable.i++): null

2019-12-12 08:01:49 - [MESSAGE][PASSED] - Call Test Case 'Test Cases/AHI/_include/get_screenshot' successfully

2019-12-12 08:01:49 - [TEST_STEP][PASSED] - click(findTestObject("Life/credit-payment-authorization")): Object: 'Object Repository/Life/credit-payment-authorization' is clicked on

2019-12-12 08:01:49 - [MESSAGE][PASSED] - Object: 'Object Repository/Life/credit-payment-authorization' is clicked on

2019-12-12 08:01:49 - [TEST_STEP][PASSED] - click(findTestObject("Life/js-app-continue-link")): Object: 'Object Repository/Life/js-app-continue-link' is clicked on

2019-12-12 08:01:50 - [MESSAGE][PASSED] - Object: 'Object Repository/Life/js-app-continue-link' is clicked on

2019-12-12 08:01:50 - [TEST_STEP][PASSED] - Thread.sleep(2000): null

2019-12-12 08:01:52 - [TEST_STEP][PASSED] - callTestCase(findTestCase("AHI/_include/get_screenshot"), [:], STOP_ON_FAILURE): Call Test Case 'Test Cases/AHI/_include/get_screenshot' successfully

2019-12-12 08:01:52 - [TEST_CASE][PASSED] - Test Cases/AHI/_include/get_screenshot: Test Cases/AHI/_include/get_screenshot

2019-12-12 08:01:52 - [TEST_STEP][PASSED] - takeScreenshot(screenPath + i + ".png"): Taking screenshot successfully

2019-12-12 08:01:52 - [MESSAGE][PASSED] - Taking screenshot successfully
[[ATTACHMENT|D:\\Test\\AgileTest\\Reports\\Life\\life\\20191212_080032\\../Screenshots/iPhone 6/Life/Freedom Lite/20191212_080112/7.png]]

2019-12-12 08:01:52 - [TEST_STEP][PASSED] - (internal.GlobalVariable.i++): null

2019-12-12 08:01:52 - [MESSAGE][PASSED] - Call Test Case 'Test Cases/AHI/_include/get_screenshot' successfully

2019-12-12 08:01:52 - [TEST_STEP][PASSED] - click(findTestObject("Life/consent-checkbox-0")): Object: 'Object Repository/Life/consent-checkbox-0' is clicked on

2019-12-12 08:01:52 - [MESSAGE][PASSED] - Object: 'Object Repository/Life/consent-checkbox-0' is clicked on

2019-12-12 08:01:52 - [TEST_STEP][PASSED] - click(findTestObject("Life/js-signature-autoFill")): Object: 'Object Repository/Life/js-signature-autoFill' is clicked on

2019-12-12 08:01:52 - [MESSAGE][PASSED] - Object: 'Object Repository/Life/js-signature-autoFill' is clicked on

2019-12-12 08:01:52 - [TEST_STEP][PASSED] - click(findTestObject("Life/js-app-continue-link")): Object: 'Object Repository/Life/js-app-continue-link' is clicked on

2019-12-12 08:01:52 - [MESSAGE][PASSED] - Object: 'Object Repository/Life/js-app-continue-link' is clicked on

2019-12-12 08:01:52 - [TEST_STEP][PASSED] - Thread.sleep(20000): null

2019-12-12 08:02:12 - [TEST_STEP][PASSED] - callTestCase(findTestCase("AHI/_include/get_screenshot"), [:], STOP_ON_FAILURE): Call Test Case 'Test Cases/AHI/_include/get_screenshot' successfully

2019-12-12 08:02:12 - [TEST_CASE][PASSED] - Test Cases/AHI/_include/get_screenshot: Test Cases/AHI/_include/get_screenshot

2019-12-12 08:02:12 - [TEST_STEP][PASSED] - takeScreenshot(screenPath + i + ".png"): Taking screenshot successfully

2019-12-12 08:02:13 - [MESSAGE][PASSED] - Taking screenshot successfully
[[ATTACHMENT|D:\\Test\\AgileTest\\Reports\\Life\\life\\20191212_080032\\../Screenshots/iPhone 6/Life/Freedom Lite/20191212_080112/8.png]]

2019-12-12 08:02:13 - [TEST_STEP][PASSED] - (internal.GlobalVariable.i++): null

2019-12-12 08:02:13 - [MESSAGE][PASSED] - Call Test Case 'Test Cases/AHI/_include/get_screenshot' successfully]]></system-out>
         <system-err><![CDATA[]]></system-err>
      </testcase>
      <system-out><![CDATA[2019-12-12 08:01:08 - [TEST_SUITE][PASSED] - life: Test Cases/Life/Freedom Lite]]></system-out>
      <system-err><![CDATA[]]></system-err>
   </testsuite>
</testsuites>
