<?xml version="1.0" encoding="UTF-8"?>
<testsuites name="hic" time="549" tests="6" failures="0" errors="2">
   <testsuite name="hic" tests="6" failures="0" errors="2" time="549" timestamp="2020-03-10 05:28:01" hostname="Administrator - 172.30.0.53" id="Test Suites/HIC/hic">
      <properties>
         <property name="deviceName" value=""/>
         <property name="devicePlatform" value=""/>
         <property name="logFolder" value="D:\\Test\\AgileTest\\Reports\\HIC\\hic\\20200310_052753"/>
         <property name="logFiles" value="D:\\Test\\AgileTest\\Reports\\HIC\\hic\\20200310_052753\\execution0.log"/>
         <property name="attachments" value="D:\\Test\\AgileTest\\Reports\\HIC\\hic\\20200310_052753\\../Screenshots/iPhone 6/HIC/ACA/ACA/20200310_052808/0.png, D:\\Test\\AgileTest\\Reports\\HIC\\hic\\20200310_052753\\../Screenshots/iPhone 6/HIC/ACA/ACA/20200310_052808/1.png, D:\\Test\\AgileTest\\Reports\\HIC\\hic\\20200310_052753\\../Screenshots/iPhone 6/HIC/ACA/ACA/20200310_052808/2.png, D:\\Test\\AgileTest\\Reports\\HIC\\hic\\20200310_052753\\../Screenshots/iPhone 6/HIC/Cancer/Cancer/20200310_052837/0.png, D:\\Test\\AgileTest\\Reports\\HIC\\hic\\20200310_052753\\../Screenshots/iPhone 6/HIC/Cancer/Cancer/20200310_052837/1.png, D:\\Test\\AgileTest\\Reports\\HIC\\hic\\20200310_052753\\../Screenshots/iPhone 6/HIC/Cancer/Cancer/20200310_052837/2.png, D:\\Test\\AgileTest\\Reports\\HIC\\hic\\20200310_052753\\../Screenshots/iPhone 6/HIC/Cancer/Cancer/20200310_052837/3.png, D:\\Test\\AgileTest\\Reports\\HIC\\hic\\20200310_052753\\../Screenshots/iPhone 6/HIC/Cancer/Cancer/20200310_052837/4.png, D:\\Test\\AgileTest\\Reports\\HIC\\hic\\20200310_052753\\../Screenshots/iPhone 6/HIC/Cancer/Cancer/20200310_052837/5.png, D:\\Test\\AgileTest\\Reports\\HIC\\hic\\20200310_052753\\../Screenshots/iPhone 6/HIC/Cancer/Cancer/20200310_052837/6.png, D:\\Test\\AgileTest\\Reports\\HIC\\hic\\20200310_052753\\../Screenshots/iPhone 6/HIC/Cancer/Cancer/20200310_052837/7.png, D:\\Test\\AgileTest\\Reports\\HIC\\hic\\20200310_052753\\../Screenshots/iPhone 6/HIC/Cancer/Cancer/20200310_052837/8.png, D:\\Test\\AgileTest\\Reports\\HIC\\hic\\20200310_052753\\../Screenshots/iPhone 6/HIC/Cancer/Cancer/20200310_052837/9.png, D:\\Test\\AgileTest\\Reports\\HIC\\hic\\20200310_052753\\../Screenshots/iPhone 6/HIC/Cancer/Cancer/20200310_052837/10.png, D:\\Test\\AgileTest\\Reports\\HIC\\hic\\20200310_052753\\../Screenshots/iPhone 6/HIC/Dental/USA Access/20200310_053023/0.png, D:\\Test\\AgileTest\\Reports\\HIC\\hic\\20200310_052753\\../Screenshots/iPhone 6/HIC/Dental/USA Access/20200310_053023/1.png, D:\\Test\\AgileTest\\Reports\\HIC\\hic\\20200310_052753\\../Screenshots/iPhone 6/HIC/Dental/USA Access/20200310_053023/2.png, D:\\Test\\AgileTest\\Reports\\HIC\\hic\\20200310_052753\\../Screenshots/iPhone 6/HIC/Dental/USA Access/20200310_053023/3.png, D:\\Test\\AgileTest\\Reports\\HIC\\hic\\20200310_052753\\../Screenshots/iPhone 6/HIC/Dental/USA Access/20200310_053023/4.png, D:\\Test\\AgileTest\\Reports\\HIC\\hic\\20200310_052753\\../Screenshots/iPhone 6/HIC/Dental/USA Access/20200310_053023/5.png, D:\\Test\\AgileTest\\Reports\\HIC\\hic\\20200310_052753\\../Screenshots/iPhone 6/HIC/Dental/USA Access/20200310_053023/6.png, D:\\Test\\AgileTest\\Reports\\HIC\\hic\\20200310_052753\\../Screenshots/iPhone 6/HIC/Dental/USA Access/20200310_053023/7.png, D:\\Test\\AgileTest\\Reports\\HIC\\hic\\20200310_052753\\../Screenshots/iPhone 6/HIC/Dental/USA Access/20200310_053023/8.png, D:\\Test\\AgileTest\\Reports\\HIC\\hic\\20200310_052753\\../Screenshots/iPhone 6/HIC/Dental/USA Access/20200310_053023/9.png, D:\\Test\\AgileTest\\Reports\\HIC\\hic\\20200310_052753\\../Screenshots/iPhone 6/HIC/HBI/HBI/20200310_053310/0.png, D:\\Test\\AgileTest\\Reports\\HIC\\hic\\20200310_052753\\../Screenshots/iPhone 6/HIC/Medicare/Medicare/20200310_053321/0.png, D:\\Test\\AgileTest\\Reports\\HIC\\hic\\20200310_052753\\../Screenshots/iPhone 6/HIC/Pet/Pet/20200310_053330/0.png, D:\\Test\\AgileTest\\Reports\\HIC\\hic\\20200310_052753\\../Screenshots/iPhone 6/HIC/Pet/Pet/20200310_053330/1.png, D:\\Test\\AgileTest\\Reports\\HIC\\hic\\20200310_052753\\../Screenshots/iPhone 6/HIC/Pet/Pet/20200310_053330/2.png, D:\\Test\\AgileTest\\Reports\\HIC\\hic\\20200310_052753\\../Screenshots/iPhone 6/HIC/Pet/Pet/20200310_053330/3.png, D:\\Test\\AgileTest\\Reports\\HIC\\hic\\20200310_052753\\../Screenshots/iPhone 6/HIC/Pet/Pet/20200310_053330/4.png, D:\\Test\\AgileTest\\Reports\\HIC\\hic\\20200310_052753\\../Screenshots/iPhone 6/HIC/Pet/Pet/20200310_053330/5.png, D:\\Test\\AgileTest\\Reports\\HIC\\hic\\20200310_052753\\../Screenshots/iPhone 6/HIC/Pet/Pet/20200310_053330/6.png, D:\\Test\\AgileTest\\Reports\\HIC\\hic\\20200310_052753\\../Screenshots/iPhone 6/HIC/Pet/Pet/20200310_053330/7.png, D:\\Test\\AgileTest\\Reports\\HIC\\hic\\20200310_052753\\../Screenshots/iPhone 6/HIC/Pet/Pet/20200310_053330/8.png, D:\\Test\\AgileTest\\Reports\\HIC\\hic\\20200310_052753\\../Screenshots/iPhone 6/HIC/Pet/Pet/20200310_053330/9.png, D:\\Test\\AgileTest\\Reports\\HIC\\hic\\20200310_052753\\../Screenshots/iPhone 6/HIC/Pet/Pet/20200310_053330/10.png, D:\\Test\\AgileTest\\Reports\\HIC\\hic\\20200310_052753\\../Screenshots/iPhone 6/HIC/STM/STM/20200310_053447/0.png, D:\\Test\\AgileTest\\Reports\\HIC\\hic\\20200310_052753\\../Screenshots/iPhone 6/HIC/STM/STM/20200310_053447/1.png, D:\\Test\\AgileTest\\Reports\\HIC\\hic\\20200310_052753\\../Screenshots/iPhone 6/HIC/STM/STM/20200310_053447/2.png, D:\\Test\\AgileTest\\Reports\\HIC\\hic\\20200310_052753\\../Screenshots/iPhone 6/HIC/Teladoc/Teladoc/20200310_053511/0.png, D:\\Test\\AgileTest\\Reports\\HIC\\hic\\20200310_052753\\../Screenshots/iPhone 6/HIC/Teladoc/Teladoc/20200310_053511/1.png, D:\\Test\\AgileTest\\Reports\\HIC\\hic\\20200310_052753\\../Screenshots/iPhone 6/HIC/Teladoc/Teladoc/20200310_053511/2.png, D:\\Test\\AgileTest\\Reports\\HIC\\hic\\20200310_052753\\../Screenshots/iPhone 6/HIC/Teladoc/Teladoc/20200310_053511/3.png, D:\\Test\\AgileTest\\Reports\\HIC\\hic\\20200310_052753\\../Screenshots/iPhone 6/HIC/Teladoc/Teladoc/20200310_053511/4.png, D:\\Test\\AgileTest\\Reports\\HIC\\hic\\20200310_052753\\../Screenshots/iPhone 6/HIC/Teladoc/Teladoc/20200310_053511/5.png, D:\\Test\\AgileTest\\Reports\\HIC\\hic\\20200310_052753\\../Screenshots/iPhone 6/HIC/Teladoc/Teladoc/20200310_053511/6.png, D:\\Test\\AgileTest\\Reports\\HIC\\hic\\20200310_052753\\../Screenshots/iPhone 6/HIC/Teladoc/Teladoc/20200310_053511/7.png"/>
         <property name="hostName" value="Administrator - 172.30.0.53"/>
         <property name="os" value="Windows Server 2012 R2 64bit"/>
         <property name="katalonVersion" value="5.10.1.1"/>
         <property name="browser" value="Safari 11"/>
         <property name="hostAddress" value="172.30.0.53"/>
         <property name="sessionId" value="096af133c3a61c5cb12a437abcd60fd5"/>
         <property name="seleniumVersion" value="3.7.1"/>
         <property name="proxyInformation" value="ProxyInformation{proxyOption=NO_PROXY, proxyServerType=HTTP, password=, proxyServerAddress=, proxyServerPort=0}"/>
         <property name="platform" value="Windows Server 2012 R2"/>
      </properties>
      <testcase name="Test Cases/HIC/New/ACA" classname="Test Cases/HIC/New/ACA" status="PASSED">
         <system-out><![CDATA[2020-03-10 05:28:03 - [TEST_CASE][PASSED] - Test Cases/HIC/New/ACA: Test Cases/HIC/New/ACA

2020-03-10 05:28:05 - [TEST_STEP][PASSED] - callTestCase(findTestCase("HIC/_include/get_hicScreenPath"), ["project":"HIC", "productLine":"ACA", "carrierName":"ACA"], CONTINUE_ON_FAILURE): Call Test Case 'Test Cases/HIC/_include/get_hicScreenPath' successfully

2020-03-10 05:28:07 - [TEST_CASE][PASSED] - Test Cases/HIC/_include/get_hicScreenPath: Test Cases/HIC/_include/get_hicScreenPath

2020-03-10 05:28:08 - [TEST_STEP][PASSED] - m = getExecutionProperties(): null

2020-03-10 05:28:08 - [TEST_STEP][PASSED] - deviceName = get("mobileEmulation").get("deviceName"): null

2020-03-10 05:28:08 - [TEST_STEP][PASSED] - println(deviceName): null

2020-03-10 05:28:08 - [TEST_STEP][PASSED] - now = new java.util.Date(): null

2020-03-10 05:28:08 - [TEST_STEP][PASSED] - mydate = now.format("yyyyMMdd_HHmmss"): null

2020-03-10 05:28:08 - [TEST_STEP][PASSED] - screenPath = "../Screenshots/": null

2020-03-10 05:28:08 - [TEST_STEP][PASSED] - screenPath = screenPath + deviceName + "/" + project + "/" + productLine + "/" + carrierName + "/" + mydate + "/": null

2020-03-10 05:28:08 - [TEST_STEP][PASSED] - println(screenPath): null

2020-03-10 05:28:08 - [MESSAGE][PASSED] - Call Test Case 'Test Cases/HIC/_include/get_hicScreenPath' successfully

2020-03-10 05:28:08 - [TEST_STEP][PASSED] - i = 0: null

2020-03-10 05:28:08 - [TEST_STEP][PASSED] - callTestCase(findTestCase("AHI/_include/openWebSite"), ["env":env], CONTINUE_ON_FAILURE): Call Test Case 'Test Cases/AHI/_include/openWebSite' successfully

2020-03-10 05:28:09 - [TEST_CASE][PASSED] - Test Cases/AHI/_include/openWebSite: Test Cases/AHI/_include/openWebSite

2020-03-10 05:28:09 - [TEST_STEP][PASSED] - openBrowser(env): Browser is opened with url: 'https://qa.healthinsurance.com'

2020-03-10 05:28:10 - [MESSAGE][INFO] - Starting 'Chrome' driver

2020-03-10 05:28:10 - [MESSAGE][INFO] - User set preference: ['mobileEmulation', '{deviceName=iPhone 6}']

2020-03-10 05:28:10 - [MESSAGE][INFO] - User set preference: ['args', '[--incognito, --aggressive-cache-discard, --window-size=375,677, --no-sandbox, --ignore-certificate-errors]']

2020-03-10 05:28:10 - [MESSAGE][INFO] - Action delay is set to 0 seconds

2020-03-10 05:28:18 - [MESSAGE][PASSED] - Browser is opened with url: 'https://qa.healthinsurance.com'

2020-03-10 05:28:18 - [TEST_STEP][PASSED] - waitForPageLoad(20): Wait for page load successfully

2020-03-10 05:28:18 - [MESSAGE][PASSED] - Wait for page load successfully

2020-03-10 05:28:18 - [TEST_STEP][PASSED] - callTestCase(findTestCase("AHI/_include/get_screenshot"), [:], STOP_ON_FAILURE): Call Test Case 'Test Cases/AHI/_include/get_screenshot' successfully

2020-03-10 05:28:18 - [TEST_CASE][PASSED] - Test Cases/AHI/_include/get_screenshot: Test Cases/AHI/_include/get_screenshot

2020-03-10 05:28:19 - [TEST_STEP][PASSED] - Thread.sleep(1000): null

2020-03-10 05:28:20 - [TEST_STEP][PASSED] - takeScreenshot(screenPath + i + ".png"): Taking screenshot successfully

2020-03-10 05:28:21 - [MESSAGE][PASSED] - Taking screenshot successfully
[[ATTACHMENT|D:\\Test\\AgileTest\\Reports\\HIC\\hic\\20200310_052753\\../Screenshots/iPhone 6/HIC/ACA/ACA/20200310_052808/0.png]]

2020-03-10 05:28:21 - [TEST_STEP][PASSED] - (internal.GlobalVariable.i++): null

2020-03-10 05:28:21 - [MESSAGE][PASSED] - Call Test Case 'Test Cases/AHI/_include/get_screenshot' successfully

2020-03-10 05:28:21 - [MESSAGE][PASSED] - Call Test Case 'Test Cases/AHI/_include/openWebSite' successfully

2020-03-10 05:28:21 - [TEST_STEP][PASSED] - driver = getWebDriver(): null

2020-03-10 05:28:21 - [TEST_STEP][PASSED] - baseUrl = env: null

2020-03-10 05:28:21 - [TEST_STEP][PASSED] - selenium = new com.thoughtworks.selenium.webdriven.WebDriverBackedSelenium(driver, baseUrl): null

2020-03-10 05:28:22 - [TEST_STEP][PASSED] - selenium.click("id=product-lines"): null

2020-03-10 05:28:22 - [TEST_STEP][PASSED] - selenium.click("//*[@id='product-lines']/following::div/button[contains(text(),'ACA Health Insurance')]"): null

2020-03-10 05:28:22 - [TEST_STEP][PASSED] - selenium.click("//button[contains(text(),'COMPARE HEALTHPLANS')]"): null

2020-03-10 05:28:23 - [TEST_STEP][PASSED] - for ([second = 0, second < 10, (second++)]): null

2020-03-10 05:28:23 - [TEST_STEP][PASSED] - try: null

2020-03-10 05:28:23 - [TEST_STEP][PASSED] - if (selenium.isElementPresent("id=zip")): null

2020-03-10 05:28:23 - [TEST_STEP][PASSED] - Thread.sleep(1000): null

2020-03-10 05:28:24 - [TEST_STEP][PASSED] - try: null

2020-03-10 05:28:24 - [TEST_STEP][PASSED] - if (selenium.isElementPresent("id=zip")): null

2020-03-10 05:28:24 - [TEST_STEP][PASSED] - break: null

2020-03-10 05:28:24 - [TEST_STEP][PASSED] - callTestCase(findTestCase("AHI/_include/get_screenshot"), [:], STOP_ON_FAILURE): Call Test Case 'Test Cases/AHI/_include/get_screenshot' successfully

2020-03-10 05:28:25 - [TEST_CASE][PASSED] - Test Cases/AHI/_include/get_screenshot: Test Cases/AHI/_include/get_screenshot

2020-03-10 05:28:25 - [TEST_STEP][PASSED] - Thread.sleep(1000): null

2020-03-10 05:28:26 - [TEST_STEP][PASSED] - takeScreenshot(screenPath + i + ".png"): Taking screenshot successfully

2020-03-10 05:28:26 - [MESSAGE][PASSED] - Taking screenshot successfully
[[ATTACHMENT|D:\\Test\\AgileTest\\Reports\\HIC\\hic\\20200310_052753\\../Screenshots/iPhone 6/HIC/ACA/ACA/20200310_052808/1.png]]

2020-03-10 05:28:26 - [TEST_STEP][PASSED] - (internal.GlobalVariable.i++): null

2020-03-10 05:28:26 - [MESSAGE][PASSED] - Call Test Case 'Test Cases/AHI/_include/get_screenshot' successfully

2020-03-10 05:28:26 - [TEST_STEP][PASSED] - setText(findTestObject("hic/medicare/zip"), "33186"): Text '33186' is set on object 'Object Repository/hic/medicare/zip'

2020-03-10 05:28:27 - [MESSAGE][PASSED] - Text '33186' is set on object 'Object Repository/hic/medicare/zip'

2020-03-10 05:28:27 - [TEST_STEP][PASSED] - Thread.sleep(3000): null

2020-03-10 05:28:30 - [TEST_STEP][PASSED] - selenium.click("//button[contains(text(),'Compare Plans')]"): null

2020-03-10 05:28:33 - [TEST_STEP][PASSED] - for ([second = 0, second < 10, (second++)]): null

2020-03-10 05:28:33 - [TEST_STEP][PASSED] - try: null

2020-03-10 05:28:33 - [TEST_STEP][PASSED] - if (selenium.isElementPresent("id=js-census-bar")): null

2020-03-10 05:28:34 - [TEST_STEP][PASSED] - break: null

2020-03-10 05:28:34 - [TEST_STEP][PASSED] - callTestCase(findTestCase("AHI/_include/get_screenshot"), [:], STOP_ON_FAILURE): Call Test Case 'Test Cases/AHI/_include/get_screenshot' successfully

2020-03-10 05:28:34 - [TEST_CASE][PASSED] - Test Cases/AHI/_include/get_screenshot: Test Cases/AHI/_include/get_screenshot

2020-03-10 05:28:34 - [TEST_STEP][PASSED] - Thread.sleep(1000): null

2020-03-10 05:28:35 - [TEST_STEP][PASSED] - takeScreenshot(screenPath + i + ".png"): Taking screenshot successfully

2020-03-10 05:28:36 - [MESSAGE][PASSED] - Taking screenshot successfully
[[ATTACHMENT|D:\\Test\\AgileTest\\Reports\\HIC\\hic\\20200310_052753\\../Screenshots/iPhone 6/HIC/ACA/ACA/20200310_052808/2.png]]

2020-03-10 05:28:36 - [TEST_STEP][PASSED] - (internal.GlobalVariable.i++): null

2020-03-10 05:28:36 - [MESSAGE][PASSED] - Call Test Case 'Test Cases/AHI/_include/get_screenshot' successfully]]></system-out>
         <system-err><![CDATA[]]></system-err>
      </testcase>
      <testcase name="Test Cases/HIC/New/Cancer" classname="Test Cases/HIC/New/Cancer" status="PASSED">
         <system-out><![CDATA[2020-03-10 05:28:36 - [TEST_CASE][PASSED] - Test Cases/HIC/New/Cancer: Test Cases/HIC/New/Cancer

2020-03-10 05:28:37 - [TEST_STEP][PASSED] - callTestCase(findTestCase("HIC/_include/get_hicScreenPath"), ["project":"HIC", "productLine":"Cancer", "carrierName":"Cancer"], CONTINUE_ON_FAILURE): Call Test Case 'Test Cases/HIC/_include/get_hicScreenPath' successfully

2020-03-10 05:28:37 - [TEST_CASE][PASSED] - Test Cases/HIC/_include/get_hicScreenPath: Test Cases/HIC/_include/get_hicScreenPath

2020-03-10 05:28:37 - [TEST_STEP][PASSED] - m = getExecutionProperties(): null

2020-03-10 05:28:37 - [TEST_STEP][PASSED] - deviceName = get("mobileEmulation").get("deviceName"): null

2020-03-10 05:28:37 - [TEST_STEP][PASSED] - println(deviceName): null

2020-03-10 05:28:37 - [TEST_STEP][PASSED] - now = new java.util.Date(): null

2020-03-10 05:28:37 - [TEST_STEP][PASSED] - mydate = now.format("yyyyMMdd_HHmmss"): null

2020-03-10 05:28:37 - [TEST_STEP][PASSED] - screenPath = "../Screenshots/": null

2020-03-10 05:28:37 - [TEST_STEP][PASSED] - screenPath = screenPath + deviceName + "/" + project + "/" + productLine + "/" + carrierName + "/" + mydate + "/": null

2020-03-10 05:28:37 - [TEST_STEP][PASSED] - println(screenPath): null

2020-03-10 05:28:37 - [MESSAGE][PASSED] - Call Test Case 'Test Cases/HIC/_include/get_hicScreenPath' successfully

2020-03-10 05:28:37 - [TEST_STEP][PASSED] - i = 0: null

2020-03-10 05:28:37 - [TEST_STEP][PASSED] - callTestCase(findTestCase("AHI/_include/openWebSite"), ["env":env], CONTINUE_ON_FAILURE): Call Test Case 'Test Cases/AHI/_include/openWebSite' successfully

2020-03-10 05:28:37 - [TEST_CASE][PASSED] - Test Cases/AHI/_include/openWebSite: Test Cases/AHI/_include/openWebSite

2020-03-10 05:28:37 - [TEST_STEP][PASSED] - openBrowser(env): Browser is opened with url: 'https://qa.healthinsurance.com'

2020-03-10 05:28:37 - [MESSAGE][WARNING] - A browser is already opened. Closing browser and opening a new one

2020-03-10 05:28:38 - [MESSAGE][INFO] - Starting 'Chrome' driver

2020-03-10 05:28:38 - [MESSAGE][INFO] - User set preference: ['mobileEmulation', '{deviceName=iPhone 6}']

2020-03-10 05:28:38 - [MESSAGE][INFO] - User set preference: ['args', '[--incognito, --aggressive-cache-discard, --window-size=375,677, --no-sandbox, --ignore-certificate-errors]']

2020-03-10 05:28:41 - [MESSAGE][PASSED] - Browser is opened with url: 'https://qa.healthinsurance.com'

2020-03-10 05:28:41 - [TEST_STEP][PASSED] - waitForPageLoad(20): Wait for page load successfully

2020-03-10 05:28:42 - [MESSAGE][PASSED] - Wait for page load successfully

2020-03-10 05:28:42 - [TEST_STEP][PASSED] - callTestCase(findTestCase("AHI/_include/get_screenshot"), [:], STOP_ON_FAILURE): Call Test Case 'Test Cases/AHI/_include/get_screenshot' successfully

2020-03-10 05:28:42 - [TEST_CASE][PASSED] - Test Cases/AHI/_include/get_screenshot: Test Cases/AHI/_include/get_screenshot

2020-03-10 05:28:42 - [TEST_STEP][PASSED] - Thread.sleep(1000): null

2020-03-10 05:28:43 - [TEST_STEP][PASSED] - takeScreenshot(screenPath + i + ".png"): Taking screenshot successfully

2020-03-10 05:28:43 - [MESSAGE][PASSED] - Taking screenshot successfully
[[ATTACHMENT|D:\\Test\\AgileTest\\Reports\\HIC\\hic\\20200310_052753\\../Screenshots/iPhone 6/HIC/Cancer/Cancer/20200310_052837/0.png]]

2020-03-10 05:28:43 - [TEST_STEP][PASSED] - (internal.GlobalVariable.i++): null

2020-03-10 05:28:43 - [MESSAGE][PASSED] - Call Test Case 'Test Cases/AHI/_include/get_screenshot' successfully

2020-03-10 05:28:43 - [MESSAGE][PASSED] - Call Test Case 'Test Cases/AHI/_include/openWebSite' successfully

2020-03-10 05:28:43 - [TEST_STEP][PASSED] - driver = getWebDriver(): null

2020-03-10 05:28:43 - [TEST_STEP][PASSED] - baseUrl = env: null

2020-03-10 05:28:43 - [TEST_STEP][PASSED] - selenium = new com.thoughtworks.selenium.webdriven.WebDriverBackedSelenium(driver, baseUrl): null

2020-03-10 05:28:44 - [TEST_STEP][PASSED] - selenium.click("id=product-lines"): null

2020-03-10 05:28:45 - [TEST_STEP][PASSED] - selenium.click("//*[@id='product-lines']/following::div/button[contains(text(),'Cancer Insurance')]"): null

2020-03-10 05:28:45 - [TEST_STEP][PASSED] - selenium.click("//button[contains(text(),'COMPARE HEALTHPLANS')]"): null

2020-03-10 05:28:47 - [TEST_STEP][PASSED] - for ([second = 0, second < 10, (second++)]): null

2020-03-10 05:28:47 - [TEST_STEP][PASSED] - try: null

2020-03-10 05:28:47 - [TEST_STEP][PASSED] - if (selenium.isElementPresent("//a[@class='front-door-quote-button']")): null

2020-03-10 05:28:48 - [TEST_STEP][PASSED] - break: null

2020-03-10 05:28:48 - [TEST_STEP][PASSED] - callTestCase(findTestCase("AHI/_include/get_screenshot"), [:], STOP_ON_FAILURE): Call Test Case 'Test Cases/AHI/_include/get_screenshot' successfully

2020-03-10 05:28:48 - [TEST_CASE][PASSED] - Test Cases/AHI/_include/get_screenshot: Test Cases/AHI/_include/get_screenshot

2020-03-10 05:28:48 - [TEST_STEP][PASSED] - Thread.sleep(1000): null

2020-03-10 05:28:49 - [TEST_STEP][PASSED] - takeScreenshot(screenPath + i + ".png"): Taking screenshot successfully

2020-03-10 05:28:51 - [MESSAGE][PASSED] - Taking screenshot successfully
[[ATTACHMENT|D:\\Test\\AgileTest\\Reports\\HIC\\hic\\20200310_052753\\../Screenshots/iPhone 6/HIC/Cancer/Cancer/20200310_052837/1.png]]

2020-03-10 05:28:51 - [TEST_STEP][PASSED] - (internal.GlobalVariable.i++): null

2020-03-10 05:28:51 - [MESSAGE][PASSED] - Call Test Case 'Test Cases/AHI/_include/get_screenshot' successfully

2020-03-10 05:28:51 - [TEST_STEP][PASSED] - selenium.click("//a[@class='front-door-quote-button']"): null

2020-03-10 05:28:52 - [TEST_STEP][PASSED] - for ([second = 0, second < 20, (second++)]): null

2020-03-10 05:28:52 - [TEST_STEP][PASSED] - try: null

2020-03-10 05:28:52 - [TEST_STEP][PASSED] - if (selenium.isElementPresent("id=zip-input")): null

2020-03-10 05:28:54 - [TEST_STEP][PASSED] - break: null

2020-03-10 05:28:54 - [TEST_STEP][PASSED] - callTestCase(findTestCase("AHI/_include/get_screenshot"), [:], STOP_ON_FAILURE): Call Test Case 'Test Cases/AHI/_include/get_screenshot' successfully

2020-03-10 05:28:54 - [TEST_CASE][PASSED] - Test Cases/AHI/_include/get_screenshot: Test Cases/AHI/_include/get_screenshot

2020-03-10 05:28:54 - [TEST_STEP][PASSED] - Thread.sleep(1000): null

2020-03-10 05:28:55 - [TEST_STEP][PASSED] - takeScreenshot(screenPath + i + ".png"): Taking screenshot successfully

2020-03-10 05:28:55 - [MESSAGE][PASSED] - Taking screenshot successfully
[[ATTACHMENT|D:\\Test\\AgileTest\\Reports\\HIC\\hic\\20200310_052753\\../Screenshots/iPhone 6/HIC/Cancer/Cancer/20200310_052837/2.png]]

2020-03-10 05:28:55 - [TEST_STEP][PASSED] - (internal.GlobalVariable.i++): null

2020-03-10 05:28:55 - [MESSAGE][PASSED] - Call Test Case 'Test Cases/AHI/_include/get_screenshot' successfully

2020-03-10 05:28:55 - [TEST_STEP][PASSED] - sendKeys(findTestObject("mobileSanity/Cancer Insurance/zip"), "35216"): Keys '35216' sent to object: 'Object Repository/mobileSanity/Cancer Insurance/zip'

2020-03-10 05:28:56 - [MESSAGE][PASSED] - Keys '35216' sent to object: 'Object Repository/mobileSanity/Cancer Insurance/zip'

2020-03-10 05:28:56 - [TEST_STEP][PASSED] - sendKeys(findTestObject("mobileSanity/Cancer Insurance/dob-0"), "01/01/1990"): Keys '01/01/1990' sent to object: 'Object Repository/mobileSanity/Cancer Insurance/dob-0'

2020-03-10 05:28:57 - [MESSAGE][PASSED] - Keys '01/01/1990' sent to object: 'Object Repository/mobileSanity/Cancer Insurance/dob-0'

2020-03-10 05:28:57 - [TEST_STEP][PASSED] - Thread.sleep(2000): null

2020-03-10 05:28:59 - [TEST_STEP][PASSED] - selenium.click("//label[@for='gender-m-0']"): null

2020-03-10 05:29:00 - [TEST_STEP][PASSED] - Thread.sleep(3000): null

2020-03-10 05:29:03 - [TEST_STEP][PASSED] - selenium.click("id=js-see-plans"): null

2020-03-10 05:29:04 - [TEST_STEP][PASSED] - for ([second = 0, second < 20, (second++)]): null

2020-03-10 05:29:04 - [TEST_STEP][PASSED] - try: null

2020-03-10 05:29:04 - [TEST_STEP][PASSED] - if (selenium.isElementPresent("xpath=//h1[contains(text(),'3 Cancer Insurance Policies Found')]")): null

2020-03-10 05:29:05 - [TEST_STEP][PASSED] - Thread.sleep(1000): null

2020-03-10 05:29:06 - [TEST_STEP][PASSED] - try: null

2020-03-10 05:29:06 - [TEST_STEP][PASSED] - if (selenium.isElementPresent("xpath=//h1[contains(text(),'3 Cancer Insurance Policies Found')]")): null

2020-03-10 05:29:06 - [TEST_STEP][PASSED] - Thread.sleep(1000): null

2020-03-10 05:29:07 - [TEST_STEP][PASSED] - try: null

2020-03-10 05:29:07 - [TEST_STEP][PASSED] - if (selenium.isElementPresent("xpath=//h1[contains(text(),'3 Cancer Insurance Policies Found')]")): null

2020-03-10 05:29:08 - [TEST_STEP][PASSED] - Thread.sleep(1000): null

2020-03-10 05:29:09 - [TEST_STEP][PASSED] - try: null

2020-03-10 05:29:09 - [TEST_STEP][PASSED] - if (selenium.isElementPresent("xpath=//h1[contains(text(),'3 Cancer Insurance Policies Found')]")): null

2020-03-10 05:29:09 - [TEST_STEP][PASSED] - Thread.sleep(1000): null

2020-03-10 05:29:10 - [TEST_STEP][PASSED] - try: null

2020-03-10 05:29:10 - [TEST_STEP][PASSED] - if (selenium.isElementPresent("xpath=//h1[contains(text(),'3 Cancer Insurance Policies Found')]")): null

2020-03-10 05:29:10 - [TEST_STEP][PASSED] - Thread.sleep(1000): null

2020-03-10 05:29:11 - [TEST_STEP][PASSED] - try: null

2020-03-10 05:29:11 - [TEST_STEP][PASSED] - if (selenium.isElementPresent("xpath=//h1[contains(text(),'3 Cancer Insurance Policies Found')]")): null

2020-03-10 05:29:11 - [TEST_STEP][PASSED] - Thread.sleep(1000): null

2020-03-10 05:29:12 - [TEST_STEP][PASSED] - try: null

2020-03-10 05:29:12 - [TEST_STEP][PASSED] - if (selenium.isElementPresent("xpath=//h1[contains(text(),'3 Cancer Insurance Policies Found')]")): null

2020-03-10 05:29:12 - [TEST_STEP][PASSED] - Thread.sleep(1000): null

2020-03-10 05:29:13 - [TEST_STEP][PASSED] - try: null

2020-03-10 05:29:13 - [TEST_STEP][PASSED] - if (selenium.isElementPresent("xpath=//h1[contains(text(),'3 Cancer Insurance Policies Found')]")): null

2020-03-10 05:29:13 - [TEST_STEP][PASSED] - Thread.sleep(1000): null

2020-03-10 05:29:14 - [TEST_STEP][PASSED] - try: null

2020-03-10 05:29:14 - [TEST_STEP][PASSED] - if (selenium.isElementPresent("xpath=//h1[contains(text(),'3 Cancer Insurance Policies Found')]")): null

2020-03-10 05:29:14 - [TEST_STEP][PASSED] - Thread.sleep(1000): null

2020-03-10 05:29:15 - [TEST_STEP][PASSED] - try: null

2020-03-10 05:29:15 - [TEST_STEP][PASSED] - if (selenium.isElementPresent("xpath=//h1[contains(text(),'3 Cancer Insurance Policies Found')]")): null

2020-03-10 05:29:16 - [TEST_STEP][PASSED] - Thread.sleep(1000): null

2020-03-10 05:29:17 - [TEST_STEP][PASSED] - try: null

2020-03-10 05:29:17 - [TEST_STEP][PASSED] - if (selenium.isElementPresent("xpath=//h1[contains(text(),'3 Cancer Insurance Policies Found')]")): null

2020-03-10 05:29:17 - [TEST_STEP][PASSED] - Thread.sleep(1000): null

2020-03-10 05:29:18 - [TEST_STEP][PASSED] - try: null

2020-03-10 05:29:18 - [TEST_STEP][PASSED] - if (selenium.isElementPresent("xpath=//h1[contains(text(),'3 Cancer Insurance Policies Found')]")): null

2020-03-10 05:29:18 - [TEST_STEP][PASSED] - Thread.sleep(1000): null

2020-03-10 05:29:19 - [TEST_STEP][PASSED] - try: null

2020-03-10 05:29:19 - [TEST_STEP][PASSED] - if (selenium.isElementPresent("xpath=//h1[contains(text(),'3 Cancer Insurance Policies Found')]")): null

2020-03-10 05:29:19 - [TEST_STEP][PASSED] - Thread.sleep(1000): null

2020-03-10 05:29:20 - [TEST_STEP][PASSED] - try: null

2020-03-10 05:29:20 - [TEST_STEP][PASSED] - if (selenium.isElementPresent("xpath=//h1[contains(text(),'3 Cancer Insurance Policies Found')]")): null

2020-03-10 05:29:21 - [TEST_STEP][PASSED] - Thread.sleep(1000): null

2020-03-10 05:29:22 - [TEST_STEP][PASSED] - try: null

2020-03-10 05:29:22 - [TEST_STEP][PASSED] - if (selenium.isElementPresent("xpath=//h1[contains(text(),'3 Cancer Insurance Policies Found')]")): null

2020-03-10 05:29:22 - [TEST_STEP][PASSED] - Thread.sleep(1000): null

2020-03-10 05:29:23 - [TEST_STEP][PASSED] - try: null

2020-03-10 05:29:23 - [TEST_STEP][PASSED] - if (selenium.isElementPresent("xpath=//h1[contains(text(),'3 Cancer Insurance Policies Found')]")): null

2020-03-10 05:29:23 - [TEST_STEP][PASSED] - Thread.sleep(1000): null

2020-03-10 05:29:24 - [TEST_STEP][PASSED] - try: null

2020-03-10 05:29:24 - [TEST_STEP][PASSED] - if (selenium.isElementPresent("xpath=//h1[contains(text(),'3 Cancer Insurance Policies Found')]")): null

2020-03-10 05:29:24 - [TEST_STEP][PASSED] - Thread.sleep(1000): null

2020-03-10 05:29:25 - [TEST_STEP][PASSED] - try: null

2020-03-10 05:29:25 - [TEST_STEP][PASSED] - if (selenium.isElementPresent("xpath=//h1[contains(text(),'3 Cancer Insurance Policies Found')]")): null

2020-03-10 05:29:26 - [TEST_STEP][PASSED] - Thread.sleep(1000): null

2020-03-10 05:29:27 - [TEST_STEP][PASSED] - try: null

2020-03-10 05:29:27 - [TEST_STEP][PASSED] - if (selenium.isElementPresent("xpath=//h1[contains(text(),'3 Cancer Insurance Policies Found')]")): null

2020-03-10 05:29:27 - [TEST_STEP][PASSED] - Thread.sleep(1000): null

2020-03-10 05:29:28 - [TEST_STEP][PASSED] - try: null

2020-03-10 05:29:28 - [TEST_STEP][PASSED] - if (selenium.isElementPresent("xpath=//h1[contains(text(),'3 Cancer Insurance Policies Found')]")): null

2020-03-10 05:29:28 - [TEST_STEP][PASSED] - Thread.sleep(1000): null

2020-03-10 05:29:29 - [TEST_STEP][PASSED] - callTestCase(findTestCase("AHI/_include/get_screenshot"), [:], STOP_ON_FAILURE): Call Test Case 'Test Cases/AHI/_include/get_screenshot' successfully

2020-03-10 05:29:29 - [TEST_CASE][PASSED] - Test Cases/AHI/_include/get_screenshot: Test Cases/AHI/_include/get_screenshot

2020-03-10 05:29:29 - [TEST_STEP][PASSED] - Thread.sleep(1000): null

2020-03-10 05:29:30 - [TEST_STEP][PASSED] - takeScreenshot(screenPath + i + ".png"): Taking screenshot successfully

2020-03-10 05:29:30 - [MESSAGE][PASSED] - Taking screenshot successfully
[[ATTACHMENT|D:\\Test\\AgileTest\\Reports\\HIC\\hic\\20200310_052753\\../Screenshots/iPhone 6/HIC/Cancer/Cancer/20200310_052837/3.png]]

2020-03-10 05:29:30 - [TEST_STEP][PASSED] - (internal.GlobalVariable.i++): null

2020-03-10 05:29:30 - [MESSAGE][PASSED] - Call Test Case 'Test Cases/AHI/_include/get_screenshot' successfully

2020-03-10 05:29:30 - [TEST_STEP][PASSED] - selenium.click("xpath=(//a[contains(text(),'Option 1')])[1]"): null

2020-03-10 05:29:33 - [TEST_STEP][PASSED] - for ([second = 0, second < 20, (second++)]): null

2020-03-10 05:29:33 - [TEST_STEP][PASSED] - try: null

2020-03-10 05:29:33 - [TEST_STEP][PASSED] - if (selenium.isElementPresent("id=plan-details-primary-apply")): null

2020-03-10 05:29:33 - [TEST_STEP][PASSED] - break: null

2020-03-10 05:29:33 - [TEST_STEP][PASSED] - callTestCase(findTestCase("AHI/_include/get_screenshot"), [:], STOP_ON_FAILURE): Call Test Case 'Test Cases/AHI/_include/get_screenshot' successfully

2020-03-10 05:29:33 - [TEST_CASE][PASSED] - Test Cases/AHI/_include/get_screenshot: Test Cases/AHI/_include/get_screenshot

2020-03-10 05:29:33 - [TEST_STEP][PASSED] - Thread.sleep(1000): null

2020-03-10 05:29:34 - [TEST_STEP][PASSED] - takeScreenshot(screenPath + i + ".png"): Taking screenshot successfully

2020-03-10 05:29:34 - [MESSAGE][PASSED] - Taking screenshot successfully
[[ATTACHMENT|D:\\Test\\AgileTest\\Reports\\HIC\\hic\\20200310_052753\\../Screenshots/iPhone 6/HIC/Cancer/Cancer/20200310_052837/4.png]]

2020-03-10 05:29:34 - [TEST_STEP][PASSED] - (internal.GlobalVariable.i++): null

2020-03-10 05:29:34 - [MESSAGE][PASSED] - Call Test Case 'Test Cases/AHI/_include/get_screenshot' successfully

2020-03-10 05:29:34 - [TEST_STEP][PASSED] - selenium.click("id=plan-details-primary-apply"): null

2020-03-10 05:29:35 - [TEST_STEP][PASSED] - for ([second = 0, second < 20, (second++)]): null

2020-03-10 05:29:35 - [TEST_STEP][PASSED] - try: null

2020-03-10 05:29:35 - [TEST_STEP][PASSED] - if (selenium.isElementPresent("id=applyButton")): null

2020-03-10 05:29:36 - [TEST_STEP][PASSED] - break: null

2020-03-10 05:29:36 - [TEST_STEP][PASSED] - callTestCase(findTestCase("AHI/_include/get_screenshot"), [:], STOP_ON_FAILURE): Call Test Case 'Test Cases/AHI/_include/get_screenshot' successfully

2020-03-10 05:29:36 - [TEST_CASE][PASSED] - Test Cases/AHI/_include/get_screenshot: Test Cases/AHI/_include/get_screenshot

2020-03-10 05:29:36 - [TEST_STEP][PASSED] - Thread.sleep(1000): null

2020-03-10 05:29:37 - [TEST_STEP][PASSED] - takeScreenshot(screenPath + i + ".png"): Taking screenshot successfully

2020-03-10 05:29:37 - [MESSAGE][PASSED] - Taking screenshot successfully
[[ATTACHMENT|D:\\Test\\AgileTest\\Reports\\HIC\\hic\\20200310_052753\\../Screenshots/iPhone 6/HIC/Cancer/Cancer/20200310_052837/5.png]]

2020-03-10 05:29:37 - [TEST_STEP][PASSED] - (internal.GlobalVariable.i++): null

2020-03-10 05:29:37 - [MESSAGE][PASSED] - Call Test Case 'Test Cases/AHI/_include/get_screenshot' successfully

2020-03-10 05:29:37 - [TEST_STEP][PASSED] - selenium.click("id=applyButton"): null

2020-03-10 05:29:38 - [TEST_STEP][PASSED] - for ([second = 0, second < 20, (second++)]): null

2020-03-10 05:29:38 - [TEST_STEP][PASSED] - try: null

2020-03-10 05:29:38 - [TEST_STEP][PASSED] - if (selenium.isElementPresent("id=member-P-1-firstName")): null

2020-03-10 05:29:40 - [TEST_STEP][PASSED] - Thread.sleep(1000): null

2020-03-10 05:29:41 - [TEST_STEP][PASSED] - try: null

2020-03-10 05:29:41 - [TEST_STEP][PASSED] - if (selenium.isElementPresent("id=member-P-1-firstName")): null

2020-03-10 05:29:41 - [TEST_STEP][PASSED] - break: null

2020-03-10 05:29:41 - [TEST_STEP][PASSED] - callTestCase(findTestCase("AHI/_include/get_screenshot"), [:], STOP_ON_FAILURE): Call Test Case 'Test Cases/AHI/_include/get_screenshot' successfully

2020-03-10 05:29:41 - [TEST_CASE][PASSED] - Test Cases/AHI/_include/get_screenshot: Test Cases/AHI/_include/get_screenshot

2020-03-10 05:29:41 - [TEST_STEP][PASSED] - Thread.sleep(1000): null

2020-03-10 05:29:42 - [TEST_STEP][PASSED] - takeScreenshot(screenPath + i + ".png"): Taking screenshot successfully

2020-03-10 05:29:43 - [MESSAGE][PASSED] - Taking screenshot successfully
[[ATTACHMENT|D:\\Test\\AgileTest\\Reports\\HIC\\hic\\20200310_052753\\../Screenshots/iPhone 6/HIC/Cancer/Cancer/20200310_052837/6.png]]

2020-03-10 05:29:43 - [TEST_STEP][PASSED] - (internal.GlobalVariable.i++): null

2020-03-10 05:29:43 - [MESSAGE][PASSED] - Call Test Case 'Test Cases/AHI/_include/get_screenshot' successfully

2020-03-10 05:29:43 - [TEST_STEP][PASSED] - callTestCase(findTestCase("AHI/_include/name"), [:], STOP_ON_FAILURE): Call Test Case 'Test Cases/AHI/_include/name' successfully

2020-03-10 05:29:43 - [TEST_CASE][PASSED] - Test Cases/AHI/_include/name: Test Cases/AHI/_include/name

2020-03-10 05:29:43 - [TEST_STEP][PASSED] - driver = getWebDriver(): null

2020-03-10 05:29:43 - [TEST_STEP][PASSED] - selenium = new com.thoughtworks.selenium.webdriven.WebDriverBackedSelenium(driver, internal.GlobalVariable.ENV): null

2020-03-10 05:29:43 - [TEST_STEP][PASSED] - FirstName = "Test-123": null

2020-03-10 05:29:43 - [TEST_STEP][PASSED] - LastName = selenium.getEval("{var x="ABCDEFGHIJKLMNOPQRSTUVWXYZabcdefghijklmnopqrstuvwxyz"; var tmp="ZZ11-"; for (i=0;i<8;i++) tmp+=x.charAt(Math.ceil(51*Math.random()));tmp;}"): null

2020-03-10 05:29:43 - [TEST_STEP][PASSED] - Address = selenium.getEval("{var x="ABCDEFGHIJKLMNOPQRSTUVWXYZabcdefghijklmnopqrstuvwxyz"; var tmp=""; for (i=0;i<8;i++) tmp+=x.charAt(Math.ceil(51*Math.random()));tmp;}"): null

2020-03-10 05:29:43 - [TEST_STEP][PASSED] - City = selenium.getEval("{var x="ABCDEFGHIJKLMNOPQRSTUVWXYZabcdefghijklmnopqrstuvwxyz"; var tmp=""; for (i=0;i<8;i++) tmp+=x.charAt(Math.ceil(51*Math.random()));tmp;}"): null

2020-03-10 05:29:43 - [TEST_STEP][PASSED] - tel1 = selenium.getEval("{var x="123456789"; var tmp=""; for (i=0;i<3;i++) tmp+=x.charAt(Math.ceil(8*Math.random()));tmp;}"): null

2020-03-10 05:29:43 - [TEST_STEP][PASSED] - tel2 = selenium.getEval("{var x="123456789"; var tmp=""; for (i=0;i<3;i++) tmp+=x.charAt(Math.ceil(8*Math.random()));tmp;}"): null

2020-03-10 05:29:43 - [TEST_STEP][PASSED] - tel3 = selenium.getEval("{var x="123456789"; var tmp=""; for (i=0;i<4;i++) tmp+=x.charAt(Math.ceil(8*Math.random()));tmp;}"): null

2020-03-10 05:29:43 - [TEST_STEP][PASSED] - Tel = selenium.getExpression(tel1 + "-" + tel2 + "-" + tel3): null

2020-03-10 05:29:43 - [TEST_STEP][PASSED] - AutoEmail = selenium.getEval("{var x="ABCDEFGHIJKLMNOPQRSTUVWXYZabcdefghijklmnopqrstuvwxyz"; var tmp="test."; for (i=0;i<8;i++) tmp+=x.charAt(Math.ceil(51*Math.random()));tmp+="@suryani.cn";}"): null

2020-03-10 05:29:44 - [TEST_STEP][PASSED] - FirstName = FirstName: null

2020-03-10 05:29:44 - [TEST_STEP][PASSED] - LastName = LastName: null

2020-03-10 05:29:44 - [TEST_STEP][PASSED] - Address = Address: null

2020-03-10 05:29:44 - [TEST_STEP][PASSED] - City = City: null

2020-03-10 05:29:44 - [TEST_STEP][PASSED] - Tel = Tel: null

2020-03-10 05:29:44 - [TEST_STEP][PASSED] - AutoEmail = AutoEmail: null

2020-03-10 05:29:44 - [TEST_STEP][PASSED] - println(FirstName): null

2020-03-10 05:29:44 - [TEST_STEP][PASSED] - println(LastName): null

2020-03-10 05:29:44 - [TEST_STEP][PASSED] - println(Address): null

2020-03-10 05:29:44 - [TEST_STEP][PASSED] - println(City): null

2020-03-10 05:29:44 - [TEST_STEP][PASSED] - println(Tel): null

2020-03-10 05:29:44 - [TEST_STEP][PASSED] - println(AutoEmail): null

2020-03-10 05:29:44 - [MESSAGE][PASSED] - Call Test Case 'Test Cases/AHI/_include/name' successfully

2020-03-10 05:29:44 - [TEST_STEP][PASSED] - selenium.type("id=member-P-1-firstName", FirstName): null

2020-03-10 05:29:44 - [TEST_STEP][PASSED] - selenium.type("id=member-P-1-lastName", LastName): null

2020-03-10 05:29:45 - [TEST_STEP][PASSED] - selenium.type("id=address", Address): null

2020-03-10 05:29:45 - [TEST_STEP][PASSED] - selenium.type("id=city", City): null

2020-03-10 05:29:46 - [TEST_STEP][PASSED] - selenium.type("id=email", AutoEmail): null

2020-03-10 05:29:46 - [TEST_STEP][PASSED] - selenium.type("id=primaryPhone", Tel): null

2020-03-10 05:29:46 - [TEST_STEP][PASSED] - selenium.click("id=js-app-continue-link"): null

2020-03-10 05:29:47 - [TEST_STEP][PASSED] - for ([second = 0, second < 20, (second++)]): null

2020-03-10 05:29:47 - [TEST_STEP][PASSED] - try: null

2020-03-10 05:29:47 - [TEST_STEP][PASSED] - if (selenium.isElementPresent("xpath=(//*[@class='js-question js-app-page-medical-question-wrapper'])[1]/div/button[1]")): null

2020-03-10 05:29:47 - [TEST_STEP][PASSED] - Thread.sleep(1000): null

2020-03-10 05:29:48 - [TEST_STEP][PASSED] - try: null

2020-03-10 05:29:48 - [TEST_STEP][PASSED] - if (selenium.isElementPresent("xpath=(//*[@class='js-question js-app-page-medical-question-wrapper'])[1]/div/button[1]")): null

2020-03-10 05:29:48 - [TEST_STEP][PASSED] - break: null

2020-03-10 05:29:48 - [TEST_STEP][PASSED] - callTestCase(findTestCase("AHI/_include/get_screenshot"), [:], STOP_ON_FAILURE): Call Test Case 'Test Cases/AHI/_include/get_screenshot' successfully

2020-03-10 05:29:48 - [TEST_CASE][PASSED] - Test Cases/AHI/_include/get_screenshot: Test Cases/AHI/_include/get_screenshot

2020-03-10 05:29:48 - [TEST_STEP][PASSED] - Thread.sleep(1000): null

2020-03-10 05:29:49 - [TEST_STEP][PASSED] - takeScreenshot(screenPath + i + ".png"): Taking screenshot successfully

2020-03-10 05:29:50 - [MESSAGE][PASSED] - Taking screenshot successfully
[[ATTACHMENT|D:\\Test\\AgileTest\\Reports\\HIC\\hic\\20200310_052753\\../Screenshots/iPhone 6/HIC/Cancer/Cancer/20200310_052837/7.png]]

2020-03-10 05:29:50 - [TEST_STEP][PASSED] - (internal.GlobalVariable.i++): null

2020-03-10 05:29:50 - [MESSAGE][PASSED] - Call Test Case 'Test Cases/AHI/_include/get_screenshot' successfully

2020-03-10 05:29:50 - [TEST_STEP][PASSED] - for ([i = 1, i < 12, (i++)]): null

2020-03-10 05:29:50 - [TEST_STEP][PASSED] - selenium.click("xpath=(//*[@class='js-question js-app-page-medical-question-wrapper'])[" + i + "]/div/button[1]"): null

2020-03-10 05:29:50 - [TEST_STEP][PASSED] - selenium.click("xpath=(//*[@class='js-question js-app-page-medical-question-wrapper'])[" + i + "]/div/button[1]"): null

2020-03-10 05:29:51 - [TEST_STEP][PASSED] - selenium.click("xpath=(//*[@class='js-question js-app-page-medical-question-wrapper'])[" + i + "]/div/button[1]"): null

2020-03-10 05:29:52 - [TEST_STEP][PASSED] - selenium.click("xpath=(//*[@class='js-question js-app-page-medical-question-wrapper'])[" + i + "]/div/button[1]"): null

2020-03-10 05:29:52 - [TEST_STEP][PASSED] - selenium.click("xpath=(//*[@class='js-question js-app-page-medical-question-wrapper'])[" + i + "]/div/button[1]"): null

2020-03-10 05:29:53 - [TEST_STEP][PASSED] - selenium.click("xpath=(//*[@class='js-question js-app-page-medical-question-wrapper'])[" + i + "]/div/button[1]"): null

2020-03-10 05:29:54 - [TEST_STEP][PASSED] - selenium.click("xpath=(//*[@class='js-question js-app-page-medical-question-wrapper'])[" + i + "]/div/button[1]"): null

2020-03-10 05:29:55 - [TEST_STEP][PASSED] - selenium.click("xpath=(//*[@class='js-question js-app-page-medical-question-wrapper'])[" + i + "]/div/button[1]"): null

2020-03-10 05:29:55 - [TEST_STEP][PASSED] - selenium.click("xpath=(//*[@class='js-question js-app-page-medical-question-wrapper'])[" + i + "]/div/button[1]"): null

2020-03-10 05:29:55 - [TEST_STEP][PASSED] - selenium.click("xpath=(//*[@class='js-question js-app-page-medical-question-wrapper'])[" + i + "]/div/button[1]"): null

2020-03-10 05:29:56 - [TEST_STEP][PASSED] - selenium.click("xpath=(//*[@class='js-question js-app-page-medical-question-wrapper'])[" + i + "]/div/button[1]"): null

2020-03-10 05:29:56 - [TEST_STEP][PASSED] - selenium.click("id=js-app-continue-link"): null

2020-03-10 05:29:57 - [TEST_STEP][PASSED] - for ([second = 0, second < 20, (second++)]): null

2020-03-10 05:29:57 - [TEST_STEP][PASSED] - try: null

2020-03-10 05:29:57 - [TEST_STEP][PASSED] - if (selenium.isElementPresent("id=credit-card-number")): null

2020-03-10 05:29:57 - [TEST_STEP][PASSED] - break: null

2020-03-10 05:29:57 - [TEST_STEP][PASSED] - callTestCase(findTestCase("AHI/_include/get_screenshot"), [:], STOP_ON_FAILURE): Call Test Case 'Test Cases/AHI/_include/get_screenshot' successfully

2020-03-10 05:29:57 - [TEST_CASE][PASSED] - Test Cases/AHI/_include/get_screenshot: Test Cases/AHI/_include/get_screenshot

2020-03-10 05:29:57 - [TEST_STEP][PASSED] - Thread.sleep(1000): null

2020-03-10 05:29:58 - [TEST_STEP][PASSED] - takeScreenshot(screenPath + i + ".png"): Taking screenshot successfully

2020-03-10 05:29:59 - [MESSAGE][PASSED] - Taking screenshot successfully
[[ATTACHMENT|D:\\Test\\AgileTest\\Reports\\HIC\\hic\\20200310_052753\\../Screenshots/iPhone 6/HIC/Cancer/Cancer/20200310_052837/8.png]]

2020-03-10 05:29:59 - [TEST_STEP][PASSED] - (internal.GlobalVariable.i++): null

2020-03-10 05:29:59 - [MESSAGE][PASSED] - Call Test Case 'Test Cases/AHI/_include/get_screenshot' successfully

2020-03-10 05:29:59 - [TEST_STEP][PASSED] - selenium.type("id=credit-card-number", "4111123123123123"): null

2020-03-10 05:29:59 - [TEST_STEP][PASSED] - selenium.type("id=credit-card-first", "test"): null

2020-03-10 05:30:00 - [TEST_STEP][PASSED] - selenium.type("id=credit-card-last", "test"): null

2020-03-10 05:30:00 - [TEST_STEP][PASSED] - selenium.select("id=expiration-month", "12"): null

2020-03-10 05:30:00 - [TEST_STEP][PASSED] - selenium.select("id=expiration-year", "2026"): null

2020-03-10 05:30:01 - [TEST_STEP][PASSED] - selenium.type("id=credit-card-cvv", "123"): null

2020-03-10 05:30:01 - [TEST_STEP][PASSED] - selenium.type("id=credit-card-number", "4111123123123123"): null

2020-03-10 05:30:01 - [TEST_STEP][PASSED] - selenium.click("id=js-same-billing"): null

2020-03-10 05:30:01 - [TEST_STEP][PASSED] - selenium.click("id=credit-payment-authorization"): null

2020-03-10 05:30:01 - [TEST_STEP][PASSED] - selenium.click("id=js-app-continue-link"): null

2020-03-10 05:30:02 - [TEST_STEP][PASSED] - for ([second = 0, second < 20, (second++)]): null

2020-03-10 05:30:02 - [TEST_STEP][PASSED] - try: null

2020-03-10 05:30:02 - [TEST_STEP][PASSED] - if (selenium.isElementPresent("id=consent-checkbox-0")): null

2020-03-10 05:30:02 - [TEST_STEP][PASSED] - Thread.sleep(1000): null

2020-03-10 05:30:03 - [TEST_STEP][PASSED] - try: null

2020-03-10 05:30:03 - [TEST_STEP][PASSED] - if (selenium.isElementPresent("id=consent-checkbox-0")): null

2020-03-10 05:30:03 - [TEST_STEP][PASSED] - Thread.sleep(1000): null

2020-03-10 05:30:04 - [TEST_STEP][PASSED] - try: null

2020-03-10 05:30:04 - [TEST_STEP][PASSED] - if (selenium.isElementPresent("id=consent-checkbox-0")): null

2020-03-10 05:30:04 - [TEST_STEP][PASSED] - break: null

2020-03-10 05:30:04 - [TEST_STEP][PASSED] - callTestCase(findTestCase("AHI/_include/get_screenshot"), [:], STOP_ON_FAILURE): Call Test Case 'Test Cases/AHI/_include/get_screenshot' successfully

2020-03-10 05:30:04 - [TEST_CASE][PASSED] - Test Cases/AHI/_include/get_screenshot: Test Cases/AHI/_include/get_screenshot

2020-03-10 05:30:04 - [TEST_STEP][PASSED] - Thread.sleep(1000): null

2020-03-10 05:30:05 - [TEST_STEP][PASSED] - takeScreenshot(screenPath + i + ".png"): Taking screenshot successfully

2020-03-10 05:30:05 - [MESSAGE][PASSED] - Taking screenshot successfully
[[ATTACHMENT|D:\\Test\\AgileTest\\Reports\\HIC\\hic\\20200310_052753\\../Screenshots/iPhone 6/HIC/Cancer/Cancer/20200310_052837/9.png]]

2020-03-10 05:30:05 - [TEST_STEP][PASSED] - (internal.GlobalVariable.i++): null

2020-03-10 05:30:05 - [MESSAGE][PASSED] - Call Test Case 'Test Cases/AHI/_include/get_screenshot' successfully

2020-03-10 05:30:05 - [TEST_STEP][PASSED] - selenium.click("id=consent-checkbox-0"): null

2020-03-10 05:30:06 - [TEST_STEP][PASSED] - selenium.click("id=js-signature-tab"): null

2020-03-10 05:30:06 - [TEST_STEP][PASSED] - selenium.click("id=js-app-continue-link"): null

2020-03-10 05:30:06 - [TEST_STEP][PASSED] - for ([second = 0, second < 30, (second++)]): null

2020-03-10 05:30:06 - [TEST_STEP][PASSED] - try: null

2020-03-10 05:30:06 - [TEST_STEP][PASSED] - if (selenium.isElementPresent("xpath=//h2[contains(text(),'Thank You')]")): null

2020-03-10 05:30:06 - [TEST_STEP][PASSED] - Thread.sleep(1000): null

2020-03-10 05:30:07 - [TEST_STEP][PASSED] - try: null

2020-03-10 05:30:07 - [TEST_STEP][PASSED] - if (selenium.isElementPresent("xpath=//h2[contains(text(),'Thank You')]")): null

2020-03-10 05:30:07 - [TEST_STEP][PASSED] - Thread.sleep(1000): null

2020-03-10 05:30:08 - [TEST_STEP][PASSED] - try: null

2020-03-10 05:30:08 - [TEST_STEP][PASSED] - if (selenium.isElementPresent("xpath=//h2[contains(text(),'Thank You')]")): null

2020-03-10 05:30:08 - [TEST_STEP][PASSED] - Thread.sleep(1000): null

2020-03-10 05:30:09 - [TEST_STEP][PASSED] - try: null

2020-03-10 05:30:09 - [TEST_STEP][PASSED] - if (selenium.isElementPresent("xpath=//h2[contains(text(),'Thank You')]")): null

2020-03-10 05:30:10 - [TEST_STEP][PASSED] - Thread.sleep(1000): null

2020-03-10 05:30:11 - [TEST_STEP][PASSED] - try: null

2020-03-10 05:30:11 - [TEST_STEP][PASSED] - if (selenium.isElementPresent("xpath=//h2[contains(text(),'Thank You')]")): null

2020-03-10 05:30:11 - [TEST_STEP][PASSED] - Thread.sleep(1000): null

2020-03-10 05:30:12 - [TEST_STEP][PASSED] - try: null

2020-03-10 05:30:12 - [TEST_STEP][PASSED] - if (selenium.isElementPresent("xpath=//h2[contains(text(),'Thank You')]")): null

2020-03-10 05:30:12 - [TEST_STEP][PASSED] - Thread.sleep(1000): null

2020-03-10 05:30:13 - [TEST_STEP][PASSED] - try: null

2020-03-10 05:30:13 - [TEST_STEP][PASSED] - if (selenium.isElementPresent("xpath=//h2[contains(text(),'Thank You')]")): null

2020-03-10 05:30:13 - [TEST_STEP][PASSED] - Thread.sleep(1000): null

2020-03-10 05:30:14 - [TEST_STEP][PASSED] - try: null

2020-03-10 05:30:14 - [TEST_STEP][PASSED] - if (selenium.isElementPresent("xpath=//h2[contains(text(),'Thank You')]")): null

2020-03-10 05:30:14 - [TEST_STEP][PASSED] - Thread.sleep(1000): null

2020-03-10 05:30:15 - [TEST_STEP][PASSED] - try: null

2020-03-10 05:30:15 - [TEST_STEP][PASSED] - if (selenium.isElementPresent("xpath=//h2[contains(text(),'Thank You')]")): null

2020-03-10 05:30:15 - [TEST_STEP][PASSED] - Thread.sleep(1000): null

2020-03-10 05:30:16 - [TEST_STEP][PASSED] - try: null

2020-03-10 05:30:16 - [TEST_STEP][PASSED] - if (selenium.isElementPresent("xpath=//h2[contains(text(),'Thank You')]")): null

2020-03-10 05:30:16 - [TEST_STEP][PASSED] - Thread.sleep(1000): null

2020-03-10 05:30:17 - [TEST_STEP][PASSED] - try: null

2020-03-10 05:30:17 - [TEST_STEP][PASSED] - if (selenium.isElementPresent("xpath=//h2[contains(text(),'Thank You')]")): null

2020-03-10 05:30:17 - [TEST_STEP][PASSED] - Thread.sleep(1000): null

2020-03-10 05:30:18 - [TEST_STEP][PASSED] - try: null

2020-03-10 05:30:18 - [TEST_STEP][PASSED] - if (selenium.isElementPresent("xpath=//h2[contains(text(),'Thank You')]")): null

2020-03-10 05:30:18 - [TEST_STEP][PASSED] - Thread.sleep(1000): null

2020-03-10 05:30:19 - [TEST_STEP][PASSED] - try: null

2020-03-10 05:30:19 - [TEST_STEP][PASSED] - if (selenium.isElementPresent("xpath=//h2[contains(text(),'Thank You')]")): null

2020-03-10 05:30:20 - [TEST_STEP][PASSED] - Thread.sleep(1000): null

2020-03-10 05:30:21 - [TEST_STEP][PASSED] - try: null

2020-03-10 05:30:21 - [TEST_STEP][PASSED] - if (selenium.isElementPresent("xpath=//h2[contains(text(),'Thank You')]")): null

2020-03-10 05:30:21 - [TEST_STEP][PASSED] - break: null

2020-03-10 05:30:21 - [TEST_STEP][PASSED] - callTestCase(findTestCase("AHI/_include/get_screenshot"), [:], STOP_ON_FAILURE): Call Test Case 'Test Cases/AHI/_include/get_screenshot' successfully

2020-03-10 05:30:21 - [TEST_CASE][PASSED] - Test Cases/AHI/_include/get_screenshot: Test Cases/AHI/_include/get_screenshot

2020-03-10 05:30:21 - [TEST_STEP][PASSED] - Thread.sleep(1000): null

2020-03-10 05:30:22 - [TEST_STEP][PASSED] - takeScreenshot(screenPath + i + ".png"): Taking screenshot successfully

2020-03-10 05:30:22 - [MESSAGE][PASSED] - Taking screenshot successfully
[[ATTACHMENT|D:\\Test\\AgileTest\\Reports\\HIC\\hic\\20200310_052753\\../Screenshots/iPhone 6/HIC/Cancer/Cancer/20200310_052837/10.png]]

2020-03-10 05:30:22 - [TEST_STEP][PASSED] - (internal.GlobalVariable.i++): null

2020-03-10 05:30:22 - [MESSAGE][PASSED] - Call Test Case 'Test Cases/AHI/_include/get_screenshot' successfully]]></system-out>
         <system-err><![CDATA[]]></system-err>
      </testcase>
      <testcase name="Test Cases/HIC/New/Dental" classname="Test Cases/HIC/New/Dental" status="PASSED">
         <system-out><![CDATA[2020-03-10 05:30:22 - [TEST_CASE][PASSED] - Test Cases/HIC/New/Dental: Test Cases/HIC/New/Dental

2020-03-10 05:30:23 - [TEST_STEP][PASSED] - callTestCase(findTestCase("HIC/_include/get_hicScreenPath"), ["project":"HIC", "productLine":"Dental", "carrierName":"USA Access"], CONTINUE_ON_FAILURE): Call Test Case 'Test Cases/HIC/_include/get_hicScreenPath' successfully

2020-03-10 05:30:23 - [TEST_CASE][PASSED] - Test Cases/HIC/_include/get_hicScreenPath: Test Cases/HIC/_include/get_hicScreenPath

2020-03-10 05:30:23 - [TEST_STEP][PASSED] - m = getExecutionProperties(): null

2020-03-10 05:30:23 - [TEST_STEP][PASSED] - deviceName = get("mobileEmulation").get("deviceName"): null

2020-03-10 05:30:23 - [TEST_STEP][PASSED] - println(deviceName): null

2020-03-10 05:30:23 - [TEST_STEP][PASSED] - now = new java.util.Date(): null

2020-03-10 05:30:23 - [TEST_STEP][PASSED] - mydate = now.format("yyyyMMdd_HHmmss"): null

2020-03-10 05:30:23 - [TEST_STEP][PASSED] - screenPath = "../Screenshots/": null

2020-03-10 05:30:23 - [TEST_STEP][PASSED] - screenPath = screenPath + deviceName + "/" + project + "/" + productLine + "/" + carrierName + "/" + mydate + "/": null

2020-03-10 05:30:23 - [TEST_STEP][PASSED] - println(screenPath): null

2020-03-10 05:30:23 - [MESSAGE][PASSED] - Call Test Case 'Test Cases/HIC/_include/get_hicScreenPath' successfully

2020-03-10 05:30:23 - [TEST_STEP][PASSED] - i = 0: null

2020-03-10 05:30:23 - [TEST_STEP][PASSED] - callTestCase(findTestCase("AHI/_include/openWebSite"), ["env":env], CONTINUE_ON_FAILURE): Call Test Case 'Test Cases/AHI/_include/openWebSite' successfully

2020-03-10 05:30:23 - [TEST_CASE][PASSED] - Test Cases/AHI/_include/openWebSite: Test Cases/AHI/_include/openWebSite

2020-03-10 05:30:23 - [TEST_STEP][PASSED] - openBrowser(env): Browser is opened with url: 'https://qa.healthinsurance.com'

2020-03-10 05:30:23 - [MESSAGE][WARNING] - A browser is already opened. Closing browser and opening a new one

2020-03-10 05:30:25 - [MESSAGE][INFO] - Starting 'Chrome' driver

2020-03-10 05:30:25 - [MESSAGE][INFO] - User set preference: ['mobileEmulation', '{deviceName=iPhone 6}']

2020-03-10 05:30:25 - [MESSAGE][INFO] - User set preference: ['args', '[--incognito, --aggressive-cache-discard, --window-size=375,677, --no-sandbox, --ignore-certificate-errors]']

2020-03-10 05:30:29 - [MESSAGE][PASSED] - Browser is opened with url: 'https://qa.healthinsurance.com'

2020-03-10 05:30:29 - [TEST_STEP][PASSED] - waitForPageLoad(20): Wait for page load successfully

2020-03-10 05:30:29 - [MESSAGE][PASSED] - Wait for page load successfully

2020-03-10 05:30:29 - [TEST_STEP][PASSED] - callTestCase(findTestCase("AHI/_include/get_screenshot"), [:], STOP_ON_FAILURE): Call Test Case 'Test Cases/AHI/_include/get_screenshot' successfully

2020-03-10 05:30:29 - [TEST_CASE][PASSED] - Test Cases/AHI/_include/get_screenshot: Test Cases/AHI/_include/get_screenshot

2020-03-10 05:30:29 - [TEST_STEP][PASSED] - Thread.sleep(1000): null

2020-03-10 05:30:30 - [TEST_STEP][PASSED] - takeScreenshot(screenPath + i + ".png"): Taking screenshot successfully

2020-03-10 05:30:30 - [MESSAGE][PASSED] - Taking screenshot successfully
[[ATTACHMENT|D:\\Test\\AgileTest\\Reports\\HIC\\hic\\20200310_052753\\../Screenshots/iPhone 6/HIC/Dental/USA Access/20200310_053023/0.png]]

2020-03-10 05:30:30 - [TEST_STEP][PASSED] - (internal.GlobalVariable.i++): null

2020-03-10 05:30:30 - [MESSAGE][PASSED] - Call Test Case 'Test Cases/AHI/_include/get_screenshot' successfully

2020-03-10 05:30:30 - [MESSAGE][PASSED] - Call Test Case 'Test Cases/AHI/_include/openWebSite' successfully

2020-03-10 05:30:30 - [TEST_STEP][PASSED] - driver = getWebDriver(): null

2020-03-10 05:30:30 - [TEST_STEP][PASSED] - baseUrl = env: null

2020-03-10 05:30:30 - [TEST_STEP][PASSED] - selenium = new com.thoughtworks.selenium.webdriven.WebDriverBackedSelenium(driver, baseUrl): null

2020-03-10 05:30:30 - [TEST_STEP][PASSED] - selenium.click("id=product-lines"): null

2020-03-10 05:30:31 - [TEST_STEP][PASSED] - selenium.click("//*[@id='product-lines']/following::div/button[contains(text(),'Dental')]"): null

2020-03-10 05:30:31 - [TEST_STEP][PASSED] - selenium.click("//button[contains(text(),'COMPARE HEALTHPLANS')]"): null

2020-03-10 05:30:31 - [TEST_STEP][PASSED] - for ([second = 0, second < 10, (second++)]): null

2020-03-10 05:30:31 - [TEST_STEP][PASSED] - try: null

2020-03-10 05:30:31 - [TEST_STEP][PASSED] - if (selenium.isElementPresent("id=zip")): null

2020-03-10 05:30:31 - [TEST_STEP][PASSED] - Thread.sleep(1000): null

2020-03-10 05:30:32 - [TEST_STEP][PASSED] - try: null

2020-03-10 05:30:32 - [TEST_STEP][PASSED] - if (selenium.isElementPresent("id=zip")): null

2020-03-10 05:30:32 - [TEST_STEP][PASSED] - break: null

2020-03-10 05:30:32 - [TEST_STEP][PASSED] - callTestCase(findTestCase("AHI/_include/get_screenshot"), [:], STOP_ON_FAILURE): Call Test Case 'Test Cases/AHI/_include/get_screenshot' successfully

2020-03-10 05:30:32 - [TEST_CASE][PASSED] - Test Cases/AHI/_include/get_screenshot: Test Cases/AHI/_include/get_screenshot

2020-03-10 05:30:32 - [TEST_STEP][PASSED] - Thread.sleep(1000): null

2020-03-10 05:30:33 - [TEST_STEP][PASSED] - takeScreenshot(screenPath + i + ".png"): Taking screenshot successfully

2020-03-10 05:30:33 - [MESSAGE][PASSED] - Taking screenshot successfully
[[ATTACHMENT|D:\\Test\\AgileTest\\Reports\\HIC\\hic\\20200310_052753\\../Screenshots/iPhone 6/HIC/Dental/USA Access/20200310_053023/1.png]]

2020-03-10 05:30:33 - [TEST_STEP][PASSED] - (internal.GlobalVariable.i++): null

2020-03-10 05:30:33 - [MESSAGE][PASSED] - Call Test Case 'Test Cases/AHI/_include/get_screenshot' successfully

2020-03-10 05:30:33 - [TEST_STEP][PASSED] - Thread.sleep(2000): null

2020-03-10 05:30:35 - [TEST_STEP][PASSED] - callTestCase(findTestCase("HIC/_include/stm_census"), ["zipcode":"35215"], STOP_ON_FAILURE): Call Test Case 'Test Cases/HIC/_include/stm_census' successfully

2020-03-10 05:30:35 - [TEST_CASE][PASSED] - Test Cases/HIC/_include/stm_census: Test Cases/HIC/_include/stm_census

2020-03-10 05:30:36 - [TEST_STEP][PASSED] - Thread.sleep(2000): null

2020-03-10 05:30:38 - [TEST_STEP][PASSED] - setText(findTestObject("hic/stm/census/zip"), zipcode): Text '35215' is set on object 'Object Repository/hic/stm/census/zip'

2020-03-10 05:30:39 - [MESSAGE][PASSED] - Text '35215' is set on object 'Object Repository/hic/stm/census/zip'

2020-03-10 05:30:39 - [TEST_STEP][PASSED] - Thread.sleep(500): null

2020-03-10 05:30:40 - [TEST_STEP][PASSED] - setText(findTestObject("hic/stm/census/primaryDOB"), "03031987"): Text '03031987' is set on object 'Object Repository/hic/stm/census/primaryDOB'

2020-03-10 05:30:44 - [MESSAGE][PASSED] - Text '03031987' is set on object 'Object Repository/hic/stm/census/primaryDOB'

2020-03-10 05:30:44 - [TEST_STEP][PASSED] - click(findTestObject("hic/stm/census/female")): Object: 'Object Repository/hic/stm/census/female' is clicked on

2020-03-10 05:30:44 - [MESSAGE][PASSED] - Object: 'Object Repository/hic/stm/census/female' is clicked on

2020-03-10 05:30:44 - [TEST_STEP][PASSED] - Thread.sleep(3000): null

2020-03-10 05:30:47 - [TEST_STEP][PASSED] - waitForElementClickable(findTestObject("hic/stm/census/submitButton"), 20): Object 'Object Repository/hic/stm/census/submitButton' is clickable

2020-03-10 05:30:47 - [MESSAGE][PASSED] - Object 'Object Repository/hic/stm/census/submitButton' is clickable

2020-03-10 05:30:47 - [TEST_STEP][PASSED] - click(findTestObject("hic/stm/census/submitButton")): Object: 'Object Repository/hic/stm/census/submitButton' is clicked on

2020-03-10 05:30:49 - [MESSAGE][PASSED] - Object: 'Object Repository/hic/stm/census/submitButton' is clicked on

2020-03-10 05:30:49 - [TEST_STEP][PASSED] - Thread.sleep(6000): null

2020-03-10 05:30:55 - [TEST_STEP][PASSED] - callTestCase(findTestCase("AHI/_include/check_quoteleadform"), [:], STOP_ON_FAILURE): Call Test Case 'Test Cases/AHI/_include/check_quoteleadform' successfully

2020-03-10 05:30:55 - [TEST_CASE][PASSED] - Test Cases/AHI/_include/check_quoteleadform: Test Cases/AHI/_include/check_quoteleadform

2020-03-10 05:30:55 - [TEST_STEP][PASSED] - callTestCase(findTestCase("AHI/_include/name"), [:], CONTINUE_ON_FAILURE): Call Test Case 'Test Cases/AHI/_include/name' successfully

2020-03-10 05:30:56 - [TEST_CASE][PASSED] - Test Cases/AHI/_include/name: Test Cases/AHI/_include/name

2020-03-10 05:30:56 - [TEST_STEP][PASSED] - driver = getWebDriver(): null

2020-03-10 05:30:56 - [TEST_STEP][PASSED] - selenium = new com.thoughtworks.selenium.webdriven.WebDriverBackedSelenium(driver, internal.GlobalVariable.ENV): null

2020-03-10 05:30:56 - [TEST_STEP][PASSED] - FirstName = "Test-123": null

2020-03-10 05:30:56 - [TEST_STEP][PASSED] - LastName = selenium.getEval("{var x="ABCDEFGHIJKLMNOPQRSTUVWXYZabcdefghijklmnopqrstuvwxyz"; var tmp="ZZ11-"; for (i=0;i<8;i++) tmp+=x.charAt(Math.ceil(51*Math.random()));tmp;}"): null

2020-03-10 05:30:56 - [TEST_STEP][PASSED] - Address = selenium.getEval("{var x="ABCDEFGHIJKLMNOPQRSTUVWXYZabcdefghijklmnopqrstuvwxyz"; var tmp=""; for (i=0;i<8;i++) tmp+=x.charAt(Math.ceil(51*Math.random()));tmp;}"): null

2020-03-10 05:30:56 - [TEST_STEP][PASSED] - City = selenium.getEval("{var x="ABCDEFGHIJKLMNOPQRSTUVWXYZabcdefghijklmnopqrstuvwxyz"; var tmp=""; for (i=0;i<8;i++) tmp+=x.charAt(Math.ceil(51*Math.random()));tmp;}"): null

2020-03-10 05:30:56 - [TEST_STEP][PASSED] - tel1 = selenium.getEval("{var x="123456789"; var tmp=""; for (i=0;i<3;i++) tmp+=x.charAt(Math.ceil(8*Math.random()));tmp;}"): null

2020-03-10 05:30:56 - [TEST_STEP][PASSED] - tel2 = selenium.getEval("{var x="123456789"; var tmp=""; for (i=0;i<3;i++) tmp+=x.charAt(Math.ceil(8*Math.random()));tmp;}"): null

2020-03-10 05:30:56 - [TEST_STEP][PASSED] - tel3 = selenium.getEval("{var x="123456789"; var tmp=""; for (i=0;i<4;i++) tmp+=x.charAt(Math.ceil(8*Math.random()));tmp;}"): null

2020-03-10 05:30:56 - [TEST_STEP][PASSED] - Tel = selenium.getExpression(tel1 + "-" + tel2 + "-" + tel3): null

2020-03-10 05:30:56 - [TEST_STEP][PASSED] - AutoEmail = selenium.getEval("{var x="ABCDEFGHIJKLMNOPQRSTUVWXYZabcdefghijklmnopqrstuvwxyz"; var tmp="test."; for (i=0;i<8;i++) tmp+=x.charAt(Math.ceil(51*Math.random()));tmp+="@suryani.cn";}"): null

2020-03-10 05:30:56 - [TEST_STEP][PASSED] - FirstName = FirstName: null

2020-03-10 05:30:56 - [TEST_STEP][PASSED] - LastName = LastName: null

2020-03-10 05:30:56 - [TEST_STEP][PASSED] - Address = Address: null

2020-03-10 05:30:56 - [TEST_STEP][PASSED] - City = City: null

2020-03-10 05:30:56 - [TEST_STEP][PASSED] - Tel = Tel: null

2020-03-10 05:30:56 - [TEST_STEP][PASSED] - AutoEmail = AutoEmail: null

2020-03-10 05:30:56 - [TEST_STEP][PASSED] - println(FirstName): null

2020-03-10 05:30:56 - [TEST_STEP][PASSED] - println(LastName): null

2020-03-10 05:30:56 - [TEST_STEP][PASSED] - println(Address): null

2020-03-10 05:30:56 - [TEST_STEP][PASSED] - println(City): null

2020-03-10 05:30:56 - [TEST_STEP][PASSED] - println(Tel): null

2020-03-10 05:30:56 - [TEST_STEP][PASSED] - println(AutoEmail): null

2020-03-10 05:30:56 - [MESSAGE][PASSED] - Call Test Case 'Test Cases/AHI/_include/name' successfully

2020-03-10 05:30:56 - [TEST_STEP][PASSED] - leadform_exist = test.MobileKeywords.isElementPresent_Web(findTestObject("mobileSanity/quote lead form/lead_form"), 20): test.MobileKeywords.isElementPresent_Web is PASSED

2020-03-10 05:31:18 - [MESSAGE][INFO] - Unable to find the element located by 'By.xpath: //*[@id = 'lightboxLeadForm']'. Please recheck the objects properties to make sure the desired element is located. 

2020-03-10 05:31:18 - [MESSAGE][PASSED] - test.MobileKeywords.isElementPresent_Web is PASSED

2020-03-10 05:31:18 - [TEST_STEP][PASSED] - if (leadform_exist): null

2020-03-10 05:31:18 - [MESSAGE][PASSED] - Call Test Case 'Test Cases/AHI/_include/check_quoteleadform' successfully

2020-03-10 05:31:18 - [TEST_STEP][PASSED] - callTestCase(findTestCase("AHI/_include/get_screenshot"), [:], STOP_ON_FAILURE): Call Test Case 'Test Cases/AHI/_include/get_screenshot' successfully

2020-03-10 05:31:18 - [TEST_CASE][PASSED] - Test Cases/AHI/_include/get_screenshot: Test Cases/AHI/_include/get_screenshot

2020-03-10 05:31:18 - [TEST_STEP][PASSED] - Thread.sleep(1000): null

2020-03-10 05:31:19 - [TEST_STEP][PASSED] - takeScreenshot(screenPath + i + ".png"): Taking screenshot successfully

2020-03-10 05:31:20 - [MESSAGE][PASSED] - Taking screenshot successfully
[[ATTACHMENT|D:\\Test\\AgileTest\\Reports\\HIC\\hic\\20200310_052753\\../Screenshots/iPhone 6/HIC/Dental/USA Access/20200310_053023/2.png]]

2020-03-10 05:31:20 - [TEST_STEP][PASSED] - (internal.GlobalVariable.i++): null

2020-03-10 05:31:20 - [MESSAGE][PASSED] - Call Test Case 'Test Cases/AHI/_include/get_screenshot' successfully

2020-03-10 05:31:20 - [TEST_STEP][PASSED] - Thread.sleep(1000): null

2020-03-10 05:31:21 - [MESSAGE][PASSED] - Call Test Case 'Test Cases/HIC/_include/stm_census' successfully

2020-03-10 05:31:21 - [TEST_STEP][PASSED] - click(findTestObject("mobileSanity/Dental/filter/btn_filter")): Object: 'Object Repository/mobileSanity/Dental/filter/btn_filter' is clicked on

2020-03-10 05:31:21 - [MESSAGE][PASSED] - Object: 'Object Repository/mobileSanity/Dental/filter/btn_filter' is clicked on

2020-03-10 05:31:21 - [TEST_STEP][PASSED] - waitForElementVisible(findTestObject("mobileSanity/Dental/filter/btn_company"), 10): Object 'Object Repository/mobileSanity/Dental/filter/btn_company' is visible

2020-03-10 05:31:21 - [MESSAGE][PASSED] - Object 'Object Repository/mobileSanity/Dental/filter/btn_company' is visible

2020-03-10 05:31:21 - [TEST_STEP][PASSED] - click(findTestObject("mobileSanity/Dental/filter/btn_company")): Object: 'Object Repository/mobileSanity/Dental/filter/btn_company' is clicked on

2020-03-10 05:31:21 - [MESSAGE][PASSED] - Object: 'Object Repository/mobileSanity/Dental/filter/btn_company' is clicked on

2020-03-10 05:31:21 - [TEST_STEP][PASSED] - Thread.sleep(2000): null

2020-03-10 05:31:23 - [TEST_STEP][PASSED] - click(findTestObject("mobileSanity/Dental/filter/btn_usa")): Object: 'Object Repository/mobileSanity/Dental/filter/btn_usa' is clicked on

2020-03-10 05:31:25 - [MESSAGE][PASSED] - Object: 'Object Repository/mobileSanity/Dental/filter/btn_usa' is clicked on

2020-03-10 05:31:25 - [TEST_STEP][PASSED] - waitForJQueryLoad(20, STOP_ON_FAILURE): jQuery is ready.

2020-03-10 05:31:25 - [MESSAGE][PASSED] - jQuery is ready.

2020-03-10 05:31:25 - [TEST_STEP][PASSED] - callTestCase(findTestCase("AHI/_include/get_screenshot"), [:], STOP_ON_FAILURE): Call Test Case 'Test Cases/AHI/_include/get_screenshot' successfully

2020-03-10 05:31:25 - [TEST_CASE][PASSED] - Test Cases/AHI/_include/get_screenshot: Test Cases/AHI/_include/get_screenshot

2020-03-10 05:31:25 - [TEST_STEP][PASSED] - Thread.sleep(1000): null

2020-03-10 05:31:26 - [TEST_STEP][PASSED] - takeScreenshot(screenPath + i + ".png"): Taking screenshot successfully

2020-03-10 05:31:27 - [MESSAGE][PASSED] - Taking screenshot successfully
[[ATTACHMENT|D:\\Test\\AgileTest\\Reports\\HIC\\hic\\20200310_052753\\../Screenshots/iPhone 6/HIC/Dental/USA Access/20200310_053023/3.png]]

2020-03-10 05:31:27 - [TEST_STEP][PASSED] - (internal.GlobalVariable.i++): null

2020-03-10 05:31:27 - [MESSAGE][PASSED] - Call Test Case 'Test Cases/AHI/_include/get_screenshot' successfully

2020-03-10 05:31:27 - [TEST_STEP][PASSED] - click(findTestObject("mobileSanity/Dental/filter/btn_filter")): Object: 'Object Repository/mobileSanity/Dental/filter/btn_filter' is clicked on

2020-03-10 05:31:27 - [MESSAGE][PASSED] - Object: 'Object Repository/mobileSanity/Dental/filter/btn_filter' is clicked on

2020-03-10 05:31:27 - [TEST_STEP][PASSED] - Thread.sleep(2000): null

2020-03-10 05:31:29 - [TEST_STEP][PASSED] - scrollToPosition(0, 600): Browser is scrolled to position x = 0, y = 600

2020-03-10 05:31:30 - [MESSAGE][PASSED] - Browser is scrolled to position x = 0, y = 600

2020-03-10 05:31:30 - [TEST_STEP][PASSED] - Thread.sleep(2000): null

2020-03-10 05:31:32 - [TEST_STEP][PASSED] - click(findTestObject("mobileSanity/Dental/quote/a_Select This Plan")): Object: 'Object Repository/mobileSanity/Dental/quote/a_Select This Plan' is clicked on

2020-03-10 05:31:33 - [MESSAGE][PASSED] - Object: 'Object Repository/mobileSanity/Dental/quote/a_Select This Plan' is clicked on

2020-03-10 05:31:33 - [TEST_STEP][PASSED] - waitForPageLoad(10): Wait for page load successfully

2020-03-10 05:31:37 - [MESSAGE][PASSED] - Wait for page load successfully

2020-03-10 05:31:37 - [TEST_STEP][PASSED] - callTestCase(findTestCase("AHI/_include/get_screenshot"), [:], STOP_ON_FAILURE): Call Test Case 'Test Cases/AHI/_include/get_screenshot' successfully

2020-03-10 05:31:37 - [TEST_CASE][PASSED] - Test Cases/AHI/_include/get_screenshot: Test Cases/AHI/_include/get_screenshot

2020-03-10 05:31:37 - [TEST_STEP][PASSED] - Thread.sleep(1000): null

2020-03-10 05:31:38 - [TEST_STEP][PASSED] - takeScreenshot(screenPath + i + ".png"): Taking screenshot successfully

2020-03-10 05:31:39 - [MESSAGE][PASSED] - Taking screenshot successfully
[[ATTACHMENT|D:\\Test\\AgileTest\\Reports\\HIC\\hic\\20200310_052753\\../Screenshots/iPhone 6/HIC/Dental/USA Access/20200310_053023/4.png]]

2020-03-10 05:31:39 - [TEST_STEP][PASSED] - (internal.GlobalVariable.i++): null

2020-03-10 05:31:39 - [MESSAGE][PASSED] - Call Test Case 'Test Cases/AHI/_include/get_screenshot' successfully

2020-03-10 05:31:39 - [TEST_STEP][PASSED] - Thread.sleep(2000): null

2020-03-10 05:31:41 - [TEST_STEP][PASSED] - click(findTestObject("mobileSanity/Dental/apply/span_Start Secure Application")): Object: 'Object Repository/mobileSanity/Dental/apply/span_Start Secure Application' is clicked on

2020-03-10 05:31:43 - [MESSAGE][PASSED] - Object: 'Object Repository/mobileSanity/Dental/apply/span_Start Secure Application' is clicked on

2020-03-10 05:31:43 - [TEST_STEP][PASSED] - waitForPageLoad(10): Wait for page load successfully

2020-03-10 05:31:44 - [MESSAGE][PASSED] - Wait for page load successfully

2020-03-10 05:31:44 - [TEST_STEP][PASSED] - Thread.sleep(2000): null

2020-03-10 05:31:46 - [TEST_STEP][PASSED] - callTestCase(findTestCase("AHI/_include/get_screenshot"), [:], STOP_ON_FAILURE): Call Test Case 'Test Cases/AHI/_include/get_screenshot' successfully

2020-03-10 05:31:46 - [TEST_CASE][PASSED] - Test Cases/AHI/_include/get_screenshot: Test Cases/AHI/_include/get_screenshot

2020-03-10 05:31:46 - [TEST_STEP][PASSED] - Thread.sleep(1000): null

2020-03-10 05:31:47 - [TEST_STEP][PASSED] - takeScreenshot(screenPath + i + ".png"): Taking screenshot successfully

2020-03-10 05:31:48 - [MESSAGE][PASSED] - Taking screenshot successfully
[[ATTACHMENT|D:\\Test\\AgileTest\\Reports\\HIC\\hic\\20200310_052753\\../Screenshots/iPhone 6/HIC/Dental/USA Access/20200310_053023/5.png]]

2020-03-10 05:31:48 - [TEST_STEP][PASSED] - (internal.GlobalVariable.i++): null

2020-03-10 05:31:48 - [MESSAGE][PASSED] - Call Test Case 'Test Cases/AHI/_include/get_screenshot' successfully

2020-03-10 05:31:48 - [TEST_STEP][PASSED] - callTestCase(findTestCase("AHI/_include/goToEnd_dental"), ["carrier":"usa"], CONTINUE_ON_FAILURE): Call Test Case 'Test Cases/AHI/_include/goToEnd_dental' successfully

2020-03-10 05:31:48 - [TEST_CASE][PASSED] - Test Cases/AHI/_include/goToEnd_dental: Test Cases/AHI/_include/goToEnd_dental

2020-03-10 05:31:48 - [TEST_STEP][PASSED] - callTestCase(findTestCase("AHI/_include/name"), [:], CONTINUE_ON_FAILURE): Call Test Case 'Test Cases/AHI/_include/name' successfully

2020-03-10 05:31:48 - [TEST_CASE][PASSED] - Test Cases/AHI/_include/name: Test Cases/AHI/_include/name

2020-03-10 05:31:48 - [TEST_STEP][PASSED] - driver = getWebDriver(): null

2020-03-10 05:31:48 - [TEST_STEP][PASSED] - selenium = new com.thoughtworks.selenium.webdriven.WebDriverBackedSelenium(driver, internal.GlobalVariable.ENV): null

2020-03-10 05:31:48 - [TEST_STEP][PASSED] - FirstName = "Test-123": null

2020-03-10 05:31:48 - [TEST_STEP][PASSED] - LastName = selenium.getEval("{var x="ABCDEFGHIJKLMNOPQRSTUVWXYZabcdefghijklmnopqrstuvwxyz"; var tmp="ZZ11-"; for (i=0;i<8;i++) tmp+=x.charAt(Math.ceil(51*Math.random()));tmp;}"): null

2020-03-10 05:31:48 - [TEST_STEP][PASSED] - Address = selenium.getEval("{var x="ABCDEFGHIJKLMNOPQRSTUVWXYZabcdefghijklmnopqrstuvwxyz"; var tmp=""; for (i=0;i<8;i++) tmp+=x.charAt(Math.ceil(51*Math.random()));tmp;}"): null

2020-03-10 05:31:48 - [TEST_STEP][PASSED] - City = selenium.getEval("{var x="ABCDEFGHIJKLMNOPQRSTUVWXYZabcdefghijklmnopqrstuvwxyz"; var tmp=""; for (i=0;i<8;i++) tmp+=x.charAt(Math.ceil(51*Math.random()));tmp;}"): null

2020-03-10 05:31:48 - [TEST_STEP][PASSED] - tel1 = selenium.getEval("{var x="123456789"; var tmp=""; for (i=0;i<3;i++) tmp+=x.charAt(Math.ceil(8*Math.random()));tmp;}"): null

2020-03-10 05:31:48 - [TEST_STEP][PASSED] - tel2 = selenium.getEval("{var x="123456789"; var tmp=""; for (i=0;i<3;i++) tmp+=x.charAt(Math.ceil(8*Math.random()));tmp;}"): null

2020-03-10 05:31:48 - [TEST_STEP][PASSED] - tel3 = selenium.getEval("{var x="123456789"; var tmp=""; for (i=0;i<4;i++) tmp+=x.charAt(Math.ceil(8*Math.random()));tmp;}"): null

2020-03-10 05:31:48 - [TEST_STEP][PASSED] - Tel = selenium.getExpression(tel1 + "-" + tel2 + "-" + tel3): null

2020-03-10 05:31:48 - [TEST_STEP][PASSED] - AutoEmail = selenium.getEval("{var x="ABCDEFGHIJKLMNOPQRSTUVWXYZabcdefghijklmnopqrstuvwxyz"; var tmp="test."; for (i=0;i<8;i++) tmp+=x.charAt(Math.ceil(51*Math.random()));tmp+="@suryani.cn";}"): null

2020-03-10 05:31:48 - [TEST_STEP][PASSED] - FirstName = FirstName: null

2020-03-10 05:31:48 - [TEST_STEP][PASSED] - LastName = LastName: null

2020-03-10 05:31:48 - [TEST_STEP][PASSED] - Address = Address: null

2020-03-10 05:31:48 - [TEST_STEP][PASSED] - City = City: null

2020-03-10 05:31:48 - [TEST_STEP][PASSED] - Tel = Tel: null

2020-03-10 05:31:48 - [TEST_STEP][PASSED] - AutoEmail = AutoEmail: null

2020-03-10 05:31:48 - [TEST_STEP][PASSED] - println(FirstName): null

2020-03-10 05:31:48 - [TEST_STEP][PASSED] - println(LastName): null

2020-03-10 05:31:48 - [TEST_STEP][PASSED] - println(Address): null

2020-03-10 05:31:48 - [TEST_STEP][PASSED] - println(City): null

2020-03-10 05:31:48 - [TEST_STEP][PASSED] - println(Tel): null

2020-03-10 05:31:48 - [TEST_STEP][PASSED] - println(AutoEmail): null

2020-03-10 05:31:48 - [MESSAGE][PASSED] - Call Test Case 'Test Cases/AHI/_include/name' successfully

2020-03-10 05:31:48 - [TEST_STEP][PASSED] - Thread.sleep(3000): null

2020-03-10 05:31:51 - [TEST_STEP][PASSED] - setText(findTestObject("mobileSanity/Dental/app_page1/input__member-P-1-firstName"), FirstName): Text 'Test-123' is set on object 'Object Repository/mobileSanity/Dental/app_page1/input__member-P-1-firstName'

2020-03-10 05:31:53 - [MESSAGE][PASSED] - Text 'Test-123' is set on object 'Object Repository/mobileSanity/Dental/app_page1/input__member-P-1-firstName'

2020-03-10 05:31:53 - [TEST_STEP][PASSED] - setText(findTestObject("mobileSanity/Dental/app_page1/input__member-P-1-lastName"), LastName): Text 'ZZ11-iibhYDnh' is set on object 'Object Repository/mobileSanity/Dental/app_page1/input__member-P-1-lastName'

2020-03-10 05:31:53 - [MESSAGE][PASSED] - Text 'ZZ11-iibhYDnh' is set on object 'Object Repository/mobileSanity/Dental/app_page1/input__member-P-1-lastName'

2020-03-10 05:31:53 - [TEST_STEP][PASSED] - setText(findTestObject("mobileSanity/Dental/app_page1/input__address"), Address): Text 'YoquSfEY' is set on object 'Object Repository/mobileSanity/Dental/app_page1/input__address'

2020-03-10 05:31:53 - [MESSAGE][PASSED] - Text 'YoquSfEY' is set on object 'Object Repository/mobileSanity/Dental/app_page1/input__address'

2020-03-10 05:31:53 - [TEST_STEP][PASSED] - setText(findTestObject("mobileSanity/Dental/app_page1/input__city"), City): Text 'TbVouFYU' is set on object 'Object Repository/mobileSanity/Dental/app_page1/input__city'

2020-03-10 05:31:53 - [MESSAGE][PASSED] - Text 'TbVouFYU' is set on object 'Object Repository/mobileSanity/Dental/app_page1/input__city'

2020-03-10 05:31:53 - [TEST_STEP][PASSED] - setText(findTestObject("mobileSanity/Dental/app_page1/input__email"), AutoEmail): Text 'test.QdImYsHx@suryani.cn' is set on object 'Object Repository/mobileSanity/Dental/app_page1/input__email'

2020-03-10 05:31:54 - [MESSAGE][PASSED] - Text 'test.QdImYsHx@suryani.cn' is set on object 'Object Repository/mobileSanity/Dental/app_page1/input__email'

2020-03-10 05:31:54 - [TEST_STEP][PASSED] - setText(findTestObject("mobileSanity/Dental/app_page1/input_phone"), Tel): Text '822-239-2532' is set on object 'Object Repository/mobileSanity/Dental/app_page1/input_phone'

2020-03-10 05:31:54 - [MESSAGE][PASSED] - Text '822-239-2532' is set on object 'Object Repository/mobileSanity/Dental/app_page1/input_phone'

2020-03-10 05:31:54 - [TEST_STEP][PASSED] - click(findTestObject("mobileSanity/Dental/app_page1/a_Continue to Step 2 - Payment")): Object: 'Object Repository/mobileSanity/Dental/app_page1/a_Continue to Step 2 - Payment' is clicked on

2020-03-10 05:31:54 - [MESSAGE][PASSED] - Object: 'Object Repository/mobileSanity/Dental/app_page1/a_Continue to Step 2 - Payment' is clicked on

2020-03-10 05:31:54 - [TEST_STEP][PASSED] - waitForPageLoad(10): Wait for page load successfully

2020-03-10 05:31:54 - [MESSAGE][PASSED] - Wait for page load successfully

2020-03-10 05:31:54 - [TEST_STEP][PASSED] - Thread.sleep(2000): null

2020-03-10 05:31:56 - [TEST_STEP][PASSED] - if (carrier == "usa"): null

2020-03-10 05:31:56 - [TEST_STEP][PASSED] - callTestCase(findTestCase("AHI/_include/get_screenshot"), [:], STOP_ON_FAILURE): Call Test Case 'Test Cases/AHI/_include/get_screenshot' successfully

2020-03-10 05:31:56 - [TEST_CASE][PASSED] - Test Cases/AHI/_include/get_screenshot: Test Cases/AHI/_include/get_screenshot

2020-03-10 05:31:56 - [TEST_STEP][PASSED] - Thread.sleep(1000): null

2020-03-10 05:31:57 - [TEST_STEP][PASSED] - takeScreenshot(screenPath + i + ".png"): Taking screenshot successfully

2020-03-10 05:31:58 - [MESSAGE][PASSED] - Taking screenshot successfully
[[ATTACHMENT|D:\\Test\\AgileTest\\Reports\\HIC\\hic\\20200310_052753\\../Screenshots/iPhone 6/HIC/Dental/USA Access/20200310_053023/6.png]]

2020-03-10 05:31:58 - [TEST_STEP][PASSED] - (internal.GlobalVariable.i++): null

2020-03-10 05:31:58 - [MESSAGE][PASSED] - Call Test Case 'Test Cases/AHI/_include/get_screenshot' successfully

2020-03-10 05:31:58 - [TEST_STEP][PASSED] - click(findTestObject("mobileSanity/Dental/app_page2/membership/label_ihaveread")): Object: 'Object Repository/mobileSanity/Dental/app_page2/membership/label_ihaveread' is clicked on

2020-03-10 05:31:58 - [MESSAGE][PASSED] - Object: 'Object Repository/mobileSanity/Dental/app_page2/membership/label_ihaveread' is clicked on

2020-03-10 05:31:58 - [TEST_STEP][PASSED] - click(findTestObject("mobileSanity/Dental/app_page2/membership/a_ok")): Object: 'Object Repository/mobileSanity/Dental/app_page2/membership/a_ok' is clicked on

2020-03-10 05:31:58 - [MESSAGE][PASSED] - Object: 'Object Repository/mobileSanity/Dental/app_page2/membership/a_ok' is clicked on

2020-03-10 05:31:58 - [TEST_STEP][PASSED] - Thread.sleep(3000): null

2020-03-10 05:32:01 - [TEST_STEP][PASSED] - callTestCase(findTestCase("AHI/_include/get_screenshot"), [:], STOP_ON_FAILURE): Call Test Case 'Test Cases/AHI/_include/get_screenshot' successfully

2020-03-10 05:32:01 - [TEST_CASE][PASSED] - Test Cases/AHI/_include/get_screenshot: Test Cases/AHI/_include/get_screenshot

2020-03-10 05:32:01 - [TEST_STEP][PASSED] - Thread.sleep(1000): null

2020-03-10 05:32:02 - [TEST_STEP][PASSED] - takeScreenshot(screenPath + i + ".png"): Taking screenshot successfully

2020-03-10 05:32:03 - [MESSAGE][PASSED] - Taking screenshot successfully
[[ATTACHMENT|D:\\Test\\AgileTest\\Reports\\HIC\\hic\\20200310_052753\\../Screenshots/iPhone 6/HIC/Dental/USA Access/20200310_053023/7.png]]

2020-03-10 05:32:03 - [TEST_STEP][PASSED] - (internal.GlobalVariable.i++): null

2020-03-10 05:32:03 - [MESSAGE][PASSED] - Call Test Case 'Test Cases/AHI/_include/get_screenshot' successfully

2020-03-10 05:32:03 - [TEST_STEP][PASSED] - setText(findTestObject("mobileSanity/Dental/app_page2/input__credit-card-first"), FirstName): Text 'Test-123' is set on object 'Object Repository/mobileSanity/Dental/app_page2/input__credit-card-first'

2020-03-10 05:32:03 - [MESSAGE][PASSED] - Text 'Test-123' is set on object 'Object Repository/mobileSanity/Dental/app_page2/input__credit-card-first'

2020-03-10 05:32:03 - [TEST_STEP][PASSED] - setText(findTestObject("mobileSanity/Dental/app_page2/input__credit-card-last"), LastName): Text 'ZZ11-iibhYDnh' is set on object 'Object Repository/mobileSanity/Dental/app_page2/input__credit-card-last'

2020-03-10 05:32:03 - [MESSAGE][PASSED] - Text 'ZZ11-iibhYDnh' is set on object 'Object Repository/mobileSanity/Dental/app_page2/input__credit-card-last'

2020-03-10 05:32:03 - [TEST_STEP][PASSED] - selectOptionByValue(findTestObject("mobileSanity/Dental/app_page2/select_MM010203040506070809101"), "12", true): All options with value '12' are selected in object 'Object Repository/mobileSanity/Dental/app_page2/select_MM010203040506070809101'  using regular expression

2020-03-10 05:32:04 - [MESSAGE][PASSED] - All options with value '12' are selected in object 'Object Repository/mobileSanity/Dental/app_page2/select_MM010203040506070809101'  using regular expression

2020-03-10 05:32:04 - [TEST_STEP][PASSED] - selectOptionByValue(findTestObject("mobileSanity/Dental/app_page2/select_YYYY2019202020212022202"), "2026", true): All options with value '2026' are selected in object 'Object Repository/mobileSanity/Dental/app_page2/select_YYYY2019202020212022202'  using regular expression

2020-03-10 05:32:05 - [MESSAGE][PASSED] - All options with value '2026' are selected in object 'Object Repository/mobileSanity/Dental/app_page2/select_YYYY2019202020212022202'  using regular expression

2020-03-10 05:32:05 - [TEST_STEP][PASSED] - setText(findTestObject("mobileSanity/Dental/app_page2/input__credit-card-number"), "4111111111111111"): Text '4111111111111111' is set on object 'Object Repository/mobileSanity/Dental/app_page2/input__credit-card-number'

2020-03-10 05:32:05 - [MESSAGE][PASSED] - Text '4111111111111111' is set on object 'Object Repository/mobileSanity/Dental/app_page2/input__credit-card-number'

2020-03-10 05:32:05 - [TEST_STEP][PASSED] - setText(findTestObject("mobileSanity/Dental/app_page2/input__cvv"), "123"): Text '123' is set on object 'Object Repository/mobileSanity/Dental/app_page2/input__cvv'

2020-03-10 05:32:05 - [MESSAGE][PASSED] - Text '123' is set on object 'Object Repository/mobileSanity/Dental/app_page2/input__cvv'

2020-03-10 05:32:05 - [TEST_STEP][PASSED] - click(findTestObject("mobileSanity/Dental/app_page2/label_My billing address is th")): Object: 'Object Repository/mobileSanity/Dental/app_page2/label_My billing address is th' is clicked on

2020-03-10 05:32:05 - [MESSAGE][PASSED] - Object: 'Object Repository/mobileSanity/Dental/app_page2/label_My billing address is th' is clicked on

2020-03-10 05:32:05 - [TEST_STEP][PASSED] - click(findTestObject("mobileSanity/Dental/app_page2/label_I Accept Authorization f")): Object: 'Object Repository/mobileSanity/Dental/app_page2/label_I Accept Authorization f' is clicked on

2020-03-10 05:32:06 - [MESSAGE][PASSED] - Object: 'Object Repository/mobileSanity/Dental/app_page2/label_I Accept Authorization f' is clicked on

2020-03-10 05:32:06 - [TEST_STEP][PASSED] - click(findTestObject("mobileSanity/Dental/app_page2/a_Continue to Step 3 - Review")): Object: 'Object Repository/mobileSanity/Dental/app_page2/a_Continue to Step 3 - Review' is clicked on

2020-03-10 05:32:06 - [MESSAGE][PASSED] - Object: 'Object Repository/mobileSanity/Dental/app_page2/a_Continue to Step 3 - Review' is clicked on

2020-03-10 05:32:06 - [TEST_STEP][PASSED] - waitForPageLoad(20): Wait for page load successfully

2020-03-10 05:32:06 - [MESSAGE][PASSED] - Wait for page load successfully

2020-03-10 05:32:06 - [TEST_STEP][PASSED] - Thread.sleep(2000): null

2020-03-10 05:32:08 - [TEST_STEP][PASSED] - waitForElementClickable(findTestObject("mobileSanity/Dental/app_page3/label"), 20): Object 'Object Repository/mobileSanity/Dental/app_page3/label' is clickable

2020-03-10 05:32:16 - [MESSAGE][PASSED] - Object 'Object Repository/mobileSanity/Dental/app_page3/label' is clickable

2020-03-10 05:32:16 - [TEST_STEP][PASSED] - callTestCase(findTestCase("AHI/_include/get_screenshot"), [:], STOP_ON_FAILURE): Call Test Case 'Test Cases/AHI/_include/get_screenshot' successfully

2020-03-10 05:32:16 - [TEST_CASE][PASSED] - Test Cases/AHI/_include/get_screenshot: Test Cases/AHI/_include/get_screenshot

2020-03-10 05:32:16 - [TEST_STEP][PASSED] - Thread.sleep(1000): null

2020-03-10 05:32:17 - [TEST_STEP][PASSED] - takeScreenshot(screenPath + i + ".png"): Taking screenshot successfully

2020-03-10 05:32:18 - [MESSAGE][PASSED] - Taking screenshot successfully
[[ATTACHMENT|D:\\Test\\AgileTest\\Reports\\HIC\\hic\\20200310_052753\\../Screenshots/iPhone 6/HIC/Dental/USA Access/20200310_053023/8.png]]

2020-03-10 05:32:18 - [TEST_STEP][PASSED] - (internal.GlobalVariable.i++): null

2020-03-10 05:32:18 - [MESSAGE][PASSED] - Call Test Case 'Test Cases/AHI/_include/get_screenshot' successfully

2020-03-10 05:32:18 - [TEST_STEP][PASSED] - click(findTestObject("mobileSanity/Dental/app_page3/label")): Object: 'Object Repository/mobileSanity/Dental/app_page3/label' is clicked on

2020-03-10 05:32:18 - [MESSAGE][PASSED] - Object: 'Object Repository/mobileSanity/Dental/app_page3/label' is clicked on

2020-03-10 05:32:18 - [TEST_STEP][PASSED] - click(findTestObject("mobileSanity/Dental/app_page3/p_CLICK TO SIGN")): Object: 'Object Repository/mobileSanity/Dental/app_page3/p_CLICK TO SIGN' is clicked on

2020-03-10 05:32:18 - [MESSAGE][PASSED] - Object: 'Object Repository/mobileSanity/Dental/app_page3/p_CLICK TO SIGN' is clicked on

2020-03-10 05:32:18 - [TEST_STEP][PASSED] - click(findTestObject("mobileSanity/Dental/app_page3/a_Submit Your Application")): Object: 'Object Repository/mobileSanity/Dental/app_page3/a_Submit Your Application' is clicked on

2020-03-10 05:32:18 - [MESSAGE][PASSED] - Object: 'Object Repository/mobileSanity/Dental/app_page3/a_Submit Your Application' is clicked on

2020-03-10 05:32:18 - [TEST_STEP][PASSED] - Thread.sleep(50000): null

2020-03-10 05:33:08 - [TEST_STEP][PASSED] - waitForElementPresent(findTestObject("mobileSanity/Dental/app_page4/js-app-confirmation"), 20): Object 'Object Repository/mobileSanity/Dental/app_page4/js-app-confirmation' is present

2020-03-10 05:33:08 - [MESSAGE][PASSED] - Object 'Object Repository/mobileSanity/Dental/app_page4/js-app-confirmation' is present

2020-03-10 05:33:08 - [TEST_STEP][PASSED] - callTestCase(findTestCase("AHI/_include/get_screenshot"), [:], STOP_ON_FAILURE): Call Test Case 'Test Cases/AHI/_include/get_screenshot' successfully

2020-03-10 05:33:08 - [TEST_CASE][PASSED] - Test Cases/AHI/_include/get_screenshot: Test Cases/AHI/_include/get_screenshot

2020-03-10 05:33:08 - [TEST_STEP][PASSED] - Thread.sleep(1000): null

2020-03-10 05:33:09 - [TEST_STEP][PASSED] - takeScreenshot(screenPath + i + ".png"): Taking screenshot successfully

2020-03-10 05:33:10 - [MESSAGE][PASSED] - Taking screenshot successfully
[[ATTACHMENT|D:\\Test\\AgileTest\\Reports\\HIC\\hic\\20200310_052753\\../Screenshots/iPhone 6/HIC/Dental/USA Access/20200310_053023/9.png]]

2020-03-10 05:33:10 - [TEST_STEP][PASSED] - (internal.GlobalVariable.i++): null

2020-03-10 05:33:10 - [MESSAGE][PASSED] - Call Test Case 'Test Cases/AHI/_include/get_screenshot' successfully

2020-03-10 05:33:10 - [MESSAGE][PASSED] - Call Test Case 'Test Cases/AHI/_include/goToEnd_dental' successfully]]></system-out>
         <system-err><![CDATA[]]></system-err>
      </testcase>
      <testcase name="Test Cases/HIC/New/HBI" classname="Test Cases/HIC/New/HBI" status="ERROR">
         <error type="ERROR" message="Test Cases/HIC/New/HBI FAILED.
Reason:
com.thoughtworks.selenium.SeleniumException: unknown error: Element &lt;button type=&quot;button&quot; class=&quot;Common__DefaultButton-r4giz5-1 Common__JumboButton-r4giz5-2 SubmitButton-nmdtlk-0 ProductDropDown__CTAButton-trye76-5 jeXAtY btn btn-primary&quot;>...&lt;/button> is not clickable at point (187, 602). Other element would receive the click: &lt;div class=&quot;pages__PhoneCtaResponsive-sc-1dmd8vs-30 hzFEeU&quot;>...&lt;/div>
  (Session info: chrome=80.0.3987.132)
  (Driver info: chromedriver=2.43.600210 (68dcf5eebde37173d4027fa8635e332711d2874a),platform=Windows NT 6.3.9600 x86_64) (WARNING: The server did not provide any stacktrace information)
Command duration or timeout: 0 milliseconds
Build info: version: '3.7.1', revision: '8a0099a', time: '2017-11-06T21:07:36.161Z'
System info: host: 'WIN-U215233FMVE', ip: '172.30.0.53', os.name: 'Windows Server 2012 R2', os.arch: 'amd64', os.version: '6.3', java.version: '1.8.0_181'
Driver info: com.kms.katalon.selenium.driver.CChromeDriver
Capabilities {acceptInsecureCerts: false, acceptSslCerts: false, applicationCacheEnabled: false, browserConnectionEnabled: false, browserName: chrome, chrome: {chromedriverVersion: 2.43.600210 (68dcf5eebde371..., userDataDir: C:\Users\ADMINI~1\AppData\L...}, cssSelectorsEnabled: true, databaseEnabled: false, goog:chromeOptions: {debuggerAddress: localhost:63028}, handlesAlerts: true, hasTouchScreen: true, javascriptEnabled: true, locationContextEnabled: true, mobileEmulationEnabled: true, nativeEvents: true, networkConnectionEnabled: false, pageLoadStrategy: normal, platform: XP, platformName: XP, rotatable: false, setWindowRect: true, takesHeapSnapshot: true, takesScreenshot: true, unexpectedAlertBehaviour: , unhandledPromptBehavior: , version: 80.0.3987.132, webStorageEnabled: true}
Session ID: ae288cfef6d1f1770ccc0d225eee1326
	at com.thoughtworks.selenium.webdriven.SeleneseCommand.apply(SeleneseCommand.java:45)
	at com.thoughtworks.selenium.webdriven.Timer.run(Timer.java:41)
	at com.thoughtworks.selenium.webdriven.WebDriverCommandProcessor.execute(WebDriverCommandProcessor.java:150)
	at com.thoughtworks.selenium.webdriven.WebDriverCommandProcessor.doCommand(WebDriverCommandProcessor.java:76)
	at com.thoughtworks.selenium.DefaultSelenium.click(DefaultSelenium.java:198)
	at com.thoughtworks.selenium.Selenium$click.call(Unknown Source)
	at HBI.run(HBI:39)
	at com.kms.katalon.core.main.ScriptEngine.run(ScriptEngine.java:194)
	at com.kms.katalon.core.main.ScriptEngine.runScriptAsRawText(ScriptEngine.java:119)
	at com.kms.katalon.core.main.TestCaseExecutor.runScript(TestCaseExecutor.java:328)
	at com.kms.katalon.core.main.TestCaseExecutor.doExecute(TestCaseExecutor.java:319)
	at com.kms.katalon.core.main.TestCaseExecutor.processExecutionPhase(TestCaseExecutor.java:298)
	at com.kms.katalon.core.main.TestCaseExecutor.accessMainPhase(TestCaseExecutor.java:290)
	at com.kms.katalon.core.main.TestCaseExecutor.execute(TestCaseExecutor.java:224)
	at com.kms.katalon.core.main.TestSuiteExecutor.accessTestCaseMainPhase(TestSuiteExecutor.java:129)
	at com.kms.katalon.core.main.TestSuiteExecutor.accessTestSuiteMainPhase(TestSuiteExecutor.java:112)
	at com.kms.katalon.core.main.TestSuiteExecutor.execute(TestSuiteExecutor.java:81)
	at com.kms.katalon.core.main.TestCaseMain.startTestSuite(TestCaseMain.java:149)
	at com.kms.katalon.core.main.TestCaseMain$startTestSuite$0.call(Unknown Source)
	at TempTestSuite1583832473723.run(TempTestSuite1583832473723.groovy:36)
Caused by: org.openqa.selenium.WebDriverException: unknown error: Element &lt;button type=&quot;button&quot; class=&quot;Common__DefaultButton-r4giz5-1 Common__JumboButton-r4giz5-2 SubmitButton-nmdtlk-0 ProductDropDown__CTAButton-trye76-5 jeXAtY btn btn-primary&quot;>...&lt;/button> is not clickable at point (187, 602). Other element would receive the click: &lt;div class=&quot;pages__PhoneCtaResponsive-sc-1dmd8vs-30 hzFEeU&quot;>...&lt;/div>
  (Session info: chrome=80.0.3987.132)
  (Driver info: chromedriver=2.43.600210 (68dcf5eebde37173d4027fa8635e332711d2874a),platform=Windows NT 6.3.9600 x86_64) (WARNING: The server did not provide any stacktrace information)
Command duration or timeout: 0 milliseconds
Build info: version: '3.7.1', revision: '8a0099a', time: '2017-11-06T21:07:36.161Z'
System info: host: 'WIN-U215233FMVE', ip: '172.30.0.53', os.name: 'Windows Server 2012 R2', os.arch: 'amd64', os.version: '6.3', java.version: '1.8.0_181'
Driver info: com.kms.katalon.selenium.driver.CChromeDriver
Capabilities {acceptInsecureCerts: false, acceptSslCerts: false, applicationCacheEnabled: false, browserConnectionEnabled: false, browserName: chrome, chrome: {chromedriverVersion: 2.43.600210 (68dcf5eebde371..., userDataDir: C:\Users\ADMINI~1\AppData\L...}, cssSelectorsEnabled: true, databaseEnabled: false, goog:chromeOptions: {debuggerAddress: localhost:63028}, handlesAlerts: true, hasTouchScreen: true, javascriptEnabled: true, locationContextEnabled: true, mobileEmulationEnabled: true, nativeEvents: true, networkConnectionEnabled: false, pageLoadStrategy: normal, platform: XP, platformName: XP, rotatable: false, setWindowRect: true, takesHeapSnapshot: true, takesScreenshot: true, unexpectedAlertBehaviour: , unhandledPromptBehavior: , version: 80.0.3987.132, webStorageEnabled: true}
Session ID: ae288cfef6d1f1770ccc0d225eee1326
	at org.openqa.selenium.remote.ErrorHandler.createThrowable(ErrorHandler.java:214)
	at org.openqa.selenium.remote.ErrorHandler.throwIfResponseFailed(ErrorHandler.java:166)
	at org.openqa.selenium.remote.http.JsonHttpResponseCodec.reconstructValue(JsonHttpResponseCodec.java:40)
	at org.openqa.selenium.remote.http.AbstractHttpResponseCodec.decode(AbstractHttpResponseCodec.java:80)
	at org.openqa.selenium.remote.http.AbstractHttpResponseCodec.decode(AbstractHttpResponseCodec.java:44)
	at org.openqa.selenium.remote.HttpCommandExecutor.execute(HttpCommandExecutor.java:164)
	at org.openqa.selenium.remote.service.DriverCommandExecutor.execute(DriverCommandExecutor.java:83)
	at org.openqa.selenium.remote.RemoteWebDriver.execute(RemoteWebDriver.java:600)
	at com.kms.katalon.selenium.driver.CChromeDriver.execute(CChromeDriver.java:20)
	at org.openqa.selenium.remote.RemoteWebElement.execute(RemoteWebElement.java:279)
	at org.openqa.selenium.remote.RemoteWebElement.click(RemoteWebElement.java:83)
	at com.thoughtworks.selenium.webdriven.commands.Click.handleSeleneseCommand(Click.java:40)
	at com.thoughtworks.selenium.webdriven.commands.Click.handleSeleneseCommand(Click.java:26)
	at com.thoughtworks.selenium.webdriven.SeleneseCommand.apply(SeleneseCommand.java:36)
	at com.thoughtworks.selenium.webdriven.Timer.run(Timer.java:41)
	at com.thoughtworks.selenium.webdriven.WebDriverCommandProcessor.execute(WebDriverCommandProcessor.java:150)
	at com.thoughtworks.selenium.webdriven.WebDriverCommandProcessor.doCommand(WebDriverCommandProcessor.java:76)
	at com.thoughtworks.selenium.DefaultSelenium.click(DefaultSelenium.java:198)
	at com.thoughtworks.selenium.Selenium$click.call(Unknown Source)
	at Script1583731799742.run(Script1583731799742.groovy:39)
	... 13 more
"/>
         <system-out><![CDATA[2020-03-10 05:33:10 - [TEST_CASE][ERROR] - Test Cases/HIC/New/HBI: Test Cases/HIC/New/HBI FAILED.
Reason:
com.thoughtworks.selenium.SeleniumException: unknown error: Element <button type="button" class="Common__DefaultButton-r4giz5-1 Common__JumboButton-r4giz5-2 SubmitButton-nmdtlk-0 ProductDropDown__CTAButton-trye76-5 jeXAtY btn btn-primary">...</button> is not clickable at point (187, 602). Other element would receive the click: <div class="pages__PhoneCtaResponsive-sc-1dmd8vs-30 hzFEeU">...</div>
  (Session info: chrome=80.0.3987.132)
  (Driver info: chromedriver=2.43.600210 (68dcf5eebde37173d4027fa8635e332711d2874a),platform=Windows NT 6.3.9600 x86_64) (WARNING: The server did not provide any stacktrace information)
Command duration or timeout: 0 milliseconds
Build info: version: '3.7.1', revision: '8a0099a', time: '2017-11-06T21:07:36.161Z'
System info: host: 'WIN-U215233FMVE', ip: '172.30.0.53', os.name: 'Windows Server 2012 R2', os.arch: 'amd64', os.version: '6.3', java.version: '1.8.0_181'
Driver info: com.kms.katalon.selenium.driver.CChromeDriver
Capabilities {acceptInsecureCerts: false, acceptSslCerts: false, applicationCacheEnabled: false, browserConnectionEnabled: false, browserName: chrome, chrome: {chromedriverVersion: 2.43.600210 (68dcf5eebde371..., userDataDir: C:\Users\ADMINI~1\AppData\L...}, cssSelectorsEnabled: true, databaseEnabled: false, goog:chromeOptions: {debuggerAddress: localhost:63028}, handlesAlerts: true, hasTouchScreen: true, javascriptEnabled: true, locationContextEnabled: true, mobileEmulationEnabled: true, nativeEvents: true, networkConnectionEnabled: false, pageLoadStrategy: normal, platform: XP, platformName: XP, rotatable: false, setWindowRect: true, takesHeapSnapshot: true, takesScreenshot: true, unexpectedAlertBehaviour: , unhandledPromptBehavior: , version: 80.0.3987.132, webStorageEnabled: true}
Session ID: ae288cfef6d1f1770ccc0d225eee1326
	at com.thoughtworks.selenium.webdriven.SeleneseCommand.apply(SeleneseCommand.java:45)
	at com.thoughtworks.selenium.webdriven.Timer.run(Timer.java:41)
	at com.thoughtworks.selenium.webdriven.WebDriverCommandProcessor.execute(WebDriverCommandProcessor.java:150)
	at com.thoughtworks.selenium.webdriven.WebDriverCommandProcessor.doCommand(WebDriverCommandProcessor.java:76)
	at com.thoughtworks.selenium.DefaultSelenium.click(DefaultSelenium.java:198)
	at com.thoughtworks.selenium.Selenium$click.call(Unknown Source)
	at HBI.run(HBI:39)
	at com.kms.katalon.core.main.ScriptEngine.run(ScriptEngine.java:194)
	at com.kms.katalon.core.main.ScriptEngine.runScriptAsRawText(ScriptEngine.java:119)
	at com.kms.katalon.core.main.TestCaseExecutor.runScript(TestCaseExecutor.java:328)
	at com.kms.katalon.core.main.TestCaseExecutor.doExecute(TestCaseExecutor.java:319)
	at com.kms.katalon.core.main.TestCaseExecutor.processExecutionPhase(TestCaseExecutor.java:298)
	at com.kms.katalon.core.main.TestCaseExecutor.accessMainPhase(TestCaseExecutor.java:290)
	at com.kms.katalon.core.main.TestCaseExecutor.execute(TestCaseExecutor.java:224)
	at com.kms.katalon.core.main.TestSuiteExecutor.accessTestCaseMainPhase(TestSuiteExecutor.java:129)
	at com.kms.katalon.core.main.TestSuiteExecutor.accessTestSuiteMainPhase(TestSuiteExecutor.java:112)
	at com.kms.katalon.core.main.TestSuiteExecutor.execute(TestSuiteExecutor.java:81)
	at com.kms.katalon.core.main.TestCaseMain.startTestSuite(TestCaseMain.java:149)
	at com.kms.katalon.core.main.TestCaseMain$startTestSuite$0.call(Unknown Source)
	at TempTestSuite1583832473723.run(TempTestSuite1583832473723.groovy:36)
Caused by: org.openqa.selenium.WebDriverException: unknown error: Element <button type="button" class="Common__DefaultButton-r4giz5-1 Common__JumboButton-r4giz5-2 SubmitButton-nmdtlk-0 ProductDropDown__CTAButton-trye76-5 jeXAtY btn btn-primary">...</button> is not clickable at point (187, 602). Other element would receive the click: <div class="pages__PhoneCtaResponsive-sc-1dmd8vs-30 hzFEeU">...</div>
  (Session info: chrome=80.0.3987.132)
  (Driver info: chromedriver=2.43.600210 (68dcf5eebde37173d4027fa8635e332711d2874a),platform=Windows NT 6.3.9600 x86_64) (WARNING: The server did not provide any stacktrace information)
Command duration or timeout: 0 milliseconds
Build info: version: '3.7.1', revision: '8a0099a', time: '2017-11-06T21:07:36.161Z'
System info: host: 'WIN-U215233FMVE', ip: '172.30.0.53', os.name: 'Windows Server 2012 R2', os.arch: 'amd64', os.version: '6.3', java.version: '1.8.0_181'
Driver info: com.kms.katalon.selenium.driver.CChromeDriver
Capabilities {acceptInsecureCerts: false, acceptSslCerts: false, applicationCacheEnabled: false, browserConnectionEnabled: false, browserName: chrome, chrome: {chromedriverVersion: 2.43.600210 (68dcf5eebde371..., userDataDir: C:\Users\ADMINI~1\AppData\L...}, cssSelectorsEnabled: true, databaseEnabled: false, goog:chromeOptions: {debuggerAddress: localhost:63028}, handlesAlerts: true, hasTouchScreen: true, javascriptEnabled: true, locationContextEnabled: true, mobileEmulationEnabled: true, nativeEvents: true, networkConnectionEnabled: false, pageLoadStrategy: normal, platform: XP, platformName: XP, rotatable: false, setWindowRect: true, takesHeapSnapshot: true, takesScreenshot: true, unexpectedAlertBehaviour: , unhandledPromptBehavior: , version: 80.0.3987.132, webStorageEnabled: true}
Session ID: ae288cfef6d1f1770ccc0d225eee1326
	at org.openqa.selenium.remote.ErrorHandler.createThrowable(ErrorHandler.java:214)
	at org.openqa.selenium.remote.ErrorHandler.throwIfResponseFailed(ErrorHandler.java:166)
	at org.openqa.selenium.remote.http.JsonHttpResponseCodec.reconstructValue(JsonHttpResponseCodec.java:40)
	at org.openqa.selenium.remote.http.AbstractHttpResponseCodec.decode(AbstractHttpResponseCodec.java:80)
	at org.openqa.selenium.remote.http.AbstractHttpResponseCodec.decode(AbstractHttpResponseCodec.java:44)
	at org.openqa.selenium.remote.HttpCommandExecutor.execute(HttpCommandExecutor.java:164)
	at org.openqa.selenium.remote.service.DriverCommandExecutor.execute(DriverCommandExecutor.java:83)
	at org.openqa.selenium.remote.RemoteWebDriver.execute(RemoteWebDriver.java:600)
	at com.kms.katalon.selenium.driver.CChromeDriver.execute(CChromeDriver.java:20)
	at org.openqa.selenium.remote.RemoteWebElement.execute(RemoteWebElement.java:279)
	at org.openqa.selenium.remote.RemoteWebElement.click(RemoteWebElement.java:83)
	at com.thoughtworks.selenium.webdriven.commands.Click.handleSeleneseCommand(Click.java:40)
	at com.thoughtworks.selenium.webdriven.commands.Click.handleSeleneseCommand(Click.java:26)
	at com.thoughtworks.selenium.webdriven.SeleneseCommand.apply(SeleneseCommand.java:36)
	at com.thoughtworks.selenium.webdriven.Timer.run(Timer.java:41)
	at com.thoughtworks.selenium.webdriven.WebDriverCommandProcessor.execute(WebDriverCommandProcessor.java:150)
	at com.thoughtworks.selenium.webdriven.WebDriverCommandProcessor.doCommand(WebDriverCommandProcessor.java:76)
	at com.thoughtworks.selenium.DefaultSelenium.click(DefaultSelenium.java:198)
	at com.thoughtworks.selenium.Selenium$click.call(Unknown Source)
	at Script1583731799742.run(Script1583731799742.groovy:39)
	... 13 more


2020-03-10 05:33:10 - [TEST_STEP][PASSED] - callTestCase(findTestCase("HIC/_include/get_hicScreenPath"), ["project":"HIC", "productLine":"HBI", "carrierName":"HBI"], CONTINUE_ON_FAILURE): Call Test Case 'Test Cases/HIC/_include/get_hicScreenPath' successfully

2020-03-10 05:33:10 - [TEST_CASE][PASSED] - Test Cases/HIC/_include/get_hicScreenPath: Test Cases/HIC/_include/get_hicScreenPath

2020-03-10 05:33:10 - [TEST_STEP][PASSED] - m = getExecutionProperties(): null

2020-03-10 05:33:10 - [TEST_STEP][PASSED] - deviceName = get("mobileEmulation").get("deviceName"): null

2020-03-10 05:33:10 - [TEST_STEP][PASSED] - println(deviceName): null

2020-03-10 05:33:10 - [TEST_STEP][PASSED] - now = new java.util.Date(): null

2020-03-10 05:33:10 - [TEST_STEP][PASSED] - mydate = now.format("yyyyMMdd_HHmmss"): null

2020-03-10 05:33:10 - [TEST_STEP][PASSED] - screenPath = "../Screenshots/": null

2020-03-10 05:33:10 - [TEST_STEP][PASSED] - screenPath = screenPath + deviceName + "/" + project + "/" + productLine + "/" + carrierName + "/" + mydate + "/": null

2020-03-10 05:33:10 - [TEST_STEP][PASSED] - println(screenPath): null

2020-03-10 05:33:10 - [MESSAGE][PASSED] - Call Test Case 'Test Cases/HIC/_include/get_hicScreenPath' successfully

2020-03-10 05:33:10 - [TEST_STEP][PASSED] - i = 0: null

2020-03-10 05:33:10 - [TEST_STEP][PASSED] - callTestCase(findTestCase("AHI/_include/openWebSite"), ["env":env], CONTINUE_ON_FAILURE): Call Test Case 'Test Cases/AHI/_include/openWebSite' successfully

2020-03-10 05:33:10 - [TEST_CASE][PASSED] - Test Cases/AHI/_include/openWebSite: Test Cases/AHI/_include/openWebSite

2020-03-10 05:33:10 - [TEST_STEP][PASSED] - openBrowser(env): Browser is opened with url: 'https://qa.healthinsurance.com'

2020-03-10 05:33:10 - [MESSAGE][WARNING] - A browser is already opened. Closing browser and opening a new one

2020-03-10 05:33:12 - [MESSAGE][INFO] - Starting 'Chrome' driver

2020-03-10 05:33:12 - [MESSAGE][INFO] - User set preference: ['mobileEmulation', '{deviceName=iPhone 6}']

2020-03-10 05:33:12 - [MESSAGE][INFO] - User set preference: ['args', '[--incognito, --aggressive-cache-discard, --window-size=375,677, --no-sandbox, --ignore-certificate-errors]']

2020-03-10 05:33:16 - [MESSAGE][PASSED] - Browser is opened with url: 'https://qa.healthinsurance.com'

2020-03-10 05:33:16 - [TEST_STEP][PASSED] - waitForPageLoad(20): Wait for page load successfully

2020-03-10 05:33:16 - [MESSAGE][PASSED] - Wait for page load successfully

2020-03-10 05:33:16 - [TEST_STEP][PASSED] - callTestCase(findTestCase("AHI/_include/get_screenshot"), [:], STOP_ON_FAILURE): Call Test Case 'Test Cases/AHI/_include/get_screenshot' successfully

2020-03-10 05:33:16 - [TEST_CASE][PASSED] - Test Cases/AHI/_include/get_screenshot: Test Cases/AHI/_include/get_screenshot

2020-03-10 05:33:16 - [TEST_STEP][PASSED] - Thread.sleep(1000): null

2020-03-10 05:33:17 - [TEST_STEP][PASSED] - takeScreenshot(screenPath + i + ".png"): Taking screenshot successfully

2020-03-10 05:33:17 - [MESSAGE][PASSED] - Taking screenshot successfully
[[ATTACHMENT|D:\\Test\\AgileTest\\Reports\\HIC\\hic\\20200310_052753\\../Screenshots/iPhone 6/HIC/HBI/HBI/20200310_053310/0.png]]

2020-03-10 05:33:17 - [TEST_STEP][PASSED] - (internal.GlobalVariable.i++): null

2020-03-10 05:33:17 - [MESSAGE][PASSED] - Call Test Case 'Test Cases/AHI/_include/get_screenshot' successfully

2020-03-10 05:33:17 - [MESSAGE][PASSED] - Call Test Case 'Test Cases/AHI/_include/openWebSite' successfully

2020-03-10 05:33:17 - [TEST_STEP][PASSED] - driver = getWebDriver(): null

2020-03-10 05:33:17 - [TEST_STEP][PASSED] - baseUrl = env: null

2020-03-10 05:33:17 - [TEST_STEP][PASSED] - selenium = new com.thoughtworks.selenium.webdriven.WebDriverBackedSelenium(driver, baseUrl): null

2020-03-10 05:33:18 - [TEST_STEP][PASSED] - selenium.click("id=product-lines"): null

2020-03-10 05:33:19 - [TEST_STEP][PASSED] - selenium.click("//*[@id='product-lines']/following::div/button[contains(text(),'Hospital Indemnity Plans')]"): null

2020-03-10 05:33:20 - [TEST_STEP][ERROR] - selenium.click("//button[contains(text(),'COMPARE HEALTHPLANS')]"): selenium.click("//button[contains(text(),'COMPARE HEALTHPLANS')]") FAILED.
Reason:
com.thoughtworks.selenium.SeleniumException: unknown error: Element <button type="button" class="Common__DefaultButton-r4giz5-1 Common__JumboButton-r4giz5-2 SubmitButton-nmdtlk-0 ProductDropDown__CTAButton-trye76-5 jeXAtY btn btn-primary">...</button> is not clickable at point (187, 602). Other element would receive the click: <div class="pages__PhoneCtaResponsive-sc-1dmd8vs-30 hzFEeU">...</div>
  (Session info: chrome=80.0.3987.132)
  (Driver info: chromedriver=2.43.600210 (68dcf5eebde37173d4027fa8635e332711d2874a),platform=Windows NT 6.3.9600 x86_64) (WARNING: The server did not provide any stacktrace information)
Command duration or timeout: 0 milliseconds
Build info: version: '3.7.1', revision: '8a0099a', time: '2017-11-06T21:07:36.161Z'
System info: host: 'WIN-U215233FMVE', ip: '172.30.0.53', os.name: 'Windows Server 2012 R2', os.arch: 'amd64', os.version: '6.3', java.version: '1.8.0_181'
Driver info: com.kms.katalon.selenium.driver.CChromeDriver
Capabilities {acceptInsecureCerts: false, acceptSslCerts: false, applicationCacheEnabled: false, browserConnectionEnabled: false, browserName: chrome, chrome: {chromedriverVersion: 2.43.600210 (68dcf5eebde371..., userDataDir: C:\Users\ADMINI~1\AppData\L...}, cssSelectorsEnabled: true, databaseEnabled: false, goog:chromeOptions: {debuggerAddress: localhost:63028}, handlesAlerts: true, hasTouchScreen: true, javascriptEnabled: true, locationContextEnabled: true, mobileEmulationEnabled: true, nativeEvents: true, networkConnectionEnabled: false, pageLoadStrategy: normal, platform: XP, platformName: XP, rotatable: false, setWindowRect: true, takesHeapSnapshot: true, takesScreenshot: true, unexpectedAlertBehaviour: , unhandledPromptBehavior: , version: 80.0.3987.132, webStorageEnabled: true}
Session ID: ae288cfef6d1f1770ccc0d225eee1326
	at com.thoughtworks.selenium.webdriven.SeleneseCommand.apply(SeleneseCommand.java:45)
	at com.thoughtworks.selenium.webdriven.Timer.run(Timer.java:41)
	at com.thoughtworks.selenium.webdriven.WebDriverCommandProcessor.execute(WebDriverCommandProcessor.java:150)
	at com.thoughtworks.selenium.webdriven.WebDriverCommandProcessor.doCommand(WebDriverCommandProcessor.java:76)
	at com.thoughtworks.selenium.DefaultSelenium.click(DefaultSelenium.java:198)
	at com.thoughtworks.selenium.Selenium$click.call(Unknown Source)
	at HBI.run(HBI:39)
	at com.kms.katalon.core.main.ScriptEngine.run(ScriptEngine.java:194)
	at com.kms.katalon.core.main.ScriptEngine.runScriptAsRawText(ScriptEngine.java:119)
	at com.kms.katalon.core.main.TestCaseExecutor.runScript(TestCaseExecutor.java:328)
	at com.kms.katalon.core.main.TestCaseExecutor.doExecute(TestCaseExecutor.java:319)
	at com.kms.katalon.core.main.TestCaseExecutor.processExecutionPhase(TestCaseExecutor.java:298)
	at com.kms.katalon.core.main.TestCaseExecutor.accessMainPhase(TestCaseExecutor.java:290)
	at com.kms.katalon.core.main.TestCaseExecutor.execute(TestCaseExecutor.java:224)
	at com.kms.katalon.core.main.TestSuiteExecutor.accessTestCaseMainPhase(TestSuiteExecutor.java:129)
	at com.kms.katalon.core.main.TestSuiteExecutor.accessTestSuiteMainPhase(TestSuiteExecutor.java:112)
	at com.kms.katalon.core.main.TestSuiteExecutor.execute(TestSuiteExecutor.java:81)
	at com.kms.katalon.core.main.TestCaseMain.startTestSuite(TestCaseMain.java:149)
	at com.kms.katalon.core.main.TestCaseMain$startTestSuite$0.call(Unknown Source)
	at TempTestSuite1583832473723.run(TempTestSuite1583832473723.groovy:36)
Caused by: org.openqa.selenium.WebDriverException: unknown error: Element <button type="button" class="Common__DefaultButton-r4giz5-1 Common__JumboButton-r4giz5-2 SubmitButton-nmdtlk-0 ProductDropDown__CTAButton-trye76-5 jeXAtY btn btn-primary">...</button> is not clickable at point (187, 602). Other element would receive the click: <div class="pages__PhoneCtaResponsive-sc-1dmd8vs-30 hzFEeU">...</div>
  (Session info: chrome=80.0.3987.132)
  (Driver info: chromedriver=2.43.600210 (68dcf5eebde37173d4027fa8635e332711d2874a),platform=Windows NT 6.3.9600 x86_64) (WARNING: The server did not provide any stacktrace information)
Command duration or timeout: 0 milliseconds
Build info: version: '3.7.1', revision: '8a0099a', time: '2017-11-06T21:07:36.161Z'
System info: host: 'WIN-U215233FMVE', ip: '172.30.0.53', os.name: 'Windows Server 2012 R2', os.arch: 'amd64', os.version: '6.3', java.version: '1.8.0_181'
Driver info: com.kms.katalon.selenium.driver.CChromeDriver
Capabilities {acceptInsecureCerts: false, acceptSslCerts: false, applicationCacheEnabled: false, browserConnectionEnabled: false, browserName: chrome, chrome: {chromedriverVersion: 2.43.600210 (68dcf5eebde371..., userDataDir: C:\Users\ADMINI~1\AppData\L...}, cssSelectorsEnabled: true, databaseEnabled: false, goog:chromeOptions: {debuggerAddress: localhost:63028}, handlesAlerts: true, hasTouchScreen: true, javascriptEnabled: true, locationContextEnabled: true, mobileEmulationEnabled: true, nativeEvents: true, networkConnectionEnabled: false, pageLoadStrategy: normal, platform: XP, platformName: XP, rotatable: false, setWindowRect: true, takesHeapSnapshot: true, takesScreenshot: true, unexpectedAlertBehaviour: , unhandledPromptBehavior: , version: 80.0.3987.132, webStorageEnabled: true}
Session ID: ae288cfef6d1f1770ccc0d225eee1326
	at org.openqa.selenium.remote.ErrorHandler.createThrowable(ErrorHandler.java:214)
	at org.openqa.selenium.remote.ErrorHandler.throwIfResponseFailed(ErrorHandler.java:166)
	at org.openqa.selenium.remote.http.JsonHttpResponseCodec.reconstructValue(JsonHttpResponseCodec.java:40)
	at org.openqa.selenium.remote.http.AbstractHttpResponseCodec.decode(AbstractHttpResponseCodec.java:80)
	at org.openqa.selenium.remote.http.AbstractHttpResponseCodec.decode(AbstractHttpResponseCodec.java:44)
	at org.openqa.selenium.remote.HttpCommandExecutor.execute(HttpCommandExecutor.java:164)
	at org.openqa.selenium.remote.service.DriverCommandExecutor.execute(DriverCommandExecutor.java:83)
	at org.openqa.selenium.remote.RemoteWebDriver.execute(RemoteWebDriver.java:600)
	at com.kms.katalon.selenium.driver.CChromeDriver.execute(CChromeDriver.java:20)
	at org.openqa.selenium.remote.RemoteWebElement.execute(RemoteWebElement.java:279)
	at org.openqa.selenium.remote.RemoteWebElement.click(RemoteWebElement.java:83)
	at com.thoughtworks.selenium.webdriven.commands.Click.handleSeleneseCommand(Click.java:40)
	at com.thoughtworks.selenium.webdriven.commands.Click.handleSeleneseCommand(Click.java:26)
	at com.thoughtworks.selenium.webdriven.SeleneseCommand.apply(SeleneseCommand.java:36)
	at com.thoughtworks.selenium.webdriven.Timer.run(Timer.java:41)
	at com.thoughtworks.selenium.webdriven.WebDriverCommandProcessor.execute(WebDriverCommandProcessor.java:150)
	at com.thoughtworks.selenium.webdriven.WebDriverCommandProcessor.doCommand(WebDriverCommandProcessor.java:76)
	at com.thoughtworks.selenium.DefaultSelenium.click(DefaultSelenium.java:198)
	at com.thoughtworks.selenium.Selenium$click.call(Unknown Source)
	at Script1583731799742.run(Script1583731799742.groovy:39)
	... 13 more


2020-03-10 05:33:20 - [MESSAGE][ERROR] - selenium.click("//button[contains(text(),'COMPARE HEALTHPLANS')]") FAILED.
Reason:
com.thoughtworks.selenium.SeleniumException: unknown error: Element <button type="button" class="Common__DefaultButton-r4giz5-1 Common__JumboButton-r4giz5-2 SubmitButton-nmdtlk-0 ProductDropDown__CTAButton-trye76-5 jeXAtY btn btn-primary">...</button> is not clickable at point (187, 602). Other element would receive the click: <div class="pages__PhoneCtaResponsive-sc-1dmd8vs-30 hzFEeU">...</div>
  (Session info: chrome=80.0.3987.132)
  (Driver info: chromedriver=2.43.600210 (68dcf5eebde37173d4027fa8635e332711d2874a),platform=Windows NT 6.3.9600 x86_64) (WARNING: The server did not provide any stacktrace information)
Command duration or timeout: 0 milliseconds
Build info: version: '3.7.1', revision: '8a0099a', time: '2017-11-06T21:07:36.161Z'
System info: host: 'WIN-U215233FMVE', ip: '172.30.0.53', os.name: 'Windows Server 2012 R2', os.arch: 'amd64', os.version: '6.3', java.version: '1.8.0_181'
Driver info: com.kms.katalon.selenium.driver.CChromeDriver
Capabilities {acceptInsecureCerts: false, acceptSslCerts: false, applicationCacheEnabled: false, browserConnectionEnabled: false, browserName: chrome, chrome: {chromedriverVersion: 2.43.600210 (68dcf5eebde371..., userDataDir: C:\Users\ADMINI~1\AppData\L...}, cssSelectorsEnabled: true, databaseEnabled: false, goog:chromeOptions: {debuggerAddress: localhost:63028}, handlesAlerts: true, hasTouchScreen: true, javascriptEnabled: true, locationContextEnabled: true, mobileEmulationEnabled: true, nativeEvents: true, networkConnectionEnabled: false, pageLoadStrategy: normal, platform: XP, platformName: XP, rotatable: false, setWindowRect: true, takesHeapSnapshot: true, takesScreenshot: true, unexpectedAlertBehaviour: , unhandledPromptBehavior: , version: 80.0.3987.132, webStorageEnabled: true}
Session ID: ae288cfef6d1f1770ccc0d225eee1326
	at com.thoughtworks.selenium.webdriven.SeleneseCommand.apply(SeleneseCommand.java:45)
	at com.thoughtworks.selenium.webdriven.Timer.run(Timer.java:41)
	at com.thoughtworks.selenium.webdriven.WebDriverCommandProcessor.execute(WebDriverCommandProcessor.java:150)
	at com.thoughtworks.selenium.webdriven.WebDriverCommandProcessor.doCommand(WebDriverCommandProcessor.java:76)
	at com.thoughtworks.selenium.DefaultSelenium.click(DefaultSelenium.java:198)
	at com.thoughtworks.selenium.Selenium$click.call(Unknown Source)
	at HBI.run(HBI:39)
	at com.kms.katalon.core.main.ScriptEngine.run(ScriptEngine.java:194)
	at com.kms.katalon.core.main.ScriptEngine.runScriptAsRawText(ScriptEngine.java:119)
	at com.kms.katalon.core.main.TestCaseExecutor.runScript(TestCaseExecutor.java:328)
	at com.kms.katalon.core.main.TestCaseExecutor.doExecute(TestCaseExecutor.java:319)
	at com.kms.katalon.core.main.TestCaseExecutor.processExecutionPhase(TestCaseExecutor.java:298)
	at com.kms.katalon.core.main.TestCaseExecutor.accessMainPhase(TestCaseExecutor.java:290)
	at com.kms.katalon.core.main.TestCaseExecutor.execute(TestCaseExecutor.java:224)
	at com.kms.katalon.core.main.TestSuiteExecutor.accessTestCaseMainPhase(TestSuiteExecutor.java:129)
	at com.kms.katalon.core.main.TestSuiteExecutor.accessTestSuiteMainPhase(TestSuiteExecutor.java:112)
	at com.kms.katalon.core.main.TestSuiteExecutor.execute(TestSuiteExecutor.java:81)
	at com.kms.katalon.core.main.TestCaseMain.startTestSuite(TestCaseMain.java:149)
	at com.kms.katalon.core.main.TestCaseMain$startTestSuite$0.call(Unknown Source)
	at TempTestSuite1583832473723.run(TempTestSuite1583832473723.groovy:36)
Caused by: org.openqa.selenium.WebDriverException: unknown error: Element <button type="button" class="Common__DefaultButton-r4giz5-1 Common__JumboButton-r4giz5-2 SubmitButton-nmdtlk-0 ProductDropDown__CTAButton-trye76-5 jeXAtY btn btn-primary">...</button> is not clickable at point (187, 602). Other element would receive the click: <div class="pages__PhoneCtaResponsive-sc-1dmd8vs-30 hzFEeU">...</div>
  (Session info: chrome=80.0.3987.132)
  (Driver info: chromedriver=2.43.600210 (68dcf5eebde37173d4027fa8635e332711d2874a),platform=Windows NT 6.3.9600 x86_64) (WARNING: The server did not provide any stacktrace information)
Command duration or timeout: 0 milliseconds
Build info: version: '3.7.1', revision: '8a0099a', time: '2017-11-06T21:07:36.161Z'
System info: host: 'WIN-U215233FMVE', ip: '172.30.0.53', os.name: 'Windows Server 2012 R2', os.arch: 'amd64', os.version: '6.3', java.version: '1.8.0_181'
Driver info: com.kms.katalon.selenium.driver.CChromeDriver
Capabilities {acceptInsecureCerts: false, acceptSslCerts: false, applicationCacheEnabled: false, browserConnectionEnabled: false, browserName: chrome, chrome: {chromedriverVersion: 2.43.600210 (68dcf5eebde371..., userDataDir: C:\Users\ADMINI~1\AppData\L...}, cssSelectorsEnabled: true, databaseEnabled: false, goog:chromeOptions: {debuggerAddress: localhost:63028}, handlesAlerts: true, hasTouchScreen: true, javascriptEnabled: true, locationContextEnabled: true, mobileEmulationEnabled: true, nativeEvents: true, networkConnectionEnabled: false, pageLoadStrategy: normal, platform: XP, platformName: XP, rotatable: false, setWindowRect: true, takesHeapSnapshot: true, takesScreenshot: true, unexpectedAlertBehaviour: , unhandledPromptBehavior: , version: 80.0.3987.132, webStorageEnabled: true}
Session ID: ae288cfef6d1f1770ccc0d225eee1326
	at org.openqa.selenium.remote.ErrorHandler.createThrowable(ErrorHandler.java:214)
	at org.openqa.selenium.remote.ErrorHandler.throwIfResponseFailed(ErrorHandler.java:166)
	at org.openqa.selenium.remote.http.JsonHttpResponseCodec.reconstructValue(JsonHttpResponseCodec.java:40)
	at org.openqa.selenium.remote.http.AbstractHttpResponseCodec.decode(AbstractHttpResponseCodec.java:80)
	at org.openqa.selenium.remote.http.AbstractHttpResponseCodec.decode(AbstractHttpResponseCodec.java:44)
	at org.openqa.selenium.remote.HttpCommandExecutor.execute(HttpCommandExecutor.java:164)
	at org.openqa.selenium.remote.service.DriverCommandExecutor.execute(DriverCommandExecutor.java:83)
	at org.openqa.selenium.remote.RemoteWebDriver.execute(RemoteWebDriver.java:600)
	at com.kms.katalon.selenium.driver.CChromeDriver.execute(CChromeDriver.java:20)
	at org.openqa.selenium.remote.RemoteWebElement.execute(RemoteWebElement.java:279)
	at org.openqa.selenium.remote.RemoteWebElement.click(RemoteWebElement.java:83)
	at com.thoughtworks.selenium.webdriven.commands.Click.handleSeleneseCommand(Click.java:40)
	at com.thoughtworks.selenium.webdriven.commands.Click.handleSeleneseCommand(Click.java:26)
	at com.thoughtworks.selenium.webdriven.SeleneseCommand.apply(SeleneseCommand.java:36)
	at com.thoughtworks.selenium.webdriven.Timer.run(Timer.java:41)
	at com.thoughtworks.selenium.webdriven.WebDriverCommandProcessor.execute(WebDriverCommandProcessor.java:150)
	at com.thoughtworks.selenium.webdriven.WebDriverCommandProcessor.doCommand(WebDriverCommandProcessor.java:76)
	at com.thoughtworks.selenium.DefaultSelenium.click(DefaultSelenium.java:198)
	at com.thoughtworks.selenium.Selenium$click.call(Unknown Source)
	at Script1583731799742.run(Script1583731799742.groovy:39)
	... 13 more]]></system-out>
         <system-err><![CDATA[2020-03-10 05:33:10 - [TEST_CASE][ERROR] - Test Cases/HIC/New/HBI: Test Cases/HIC/New/HBI FAILED.
Reason:
com.thoughtworks.selenium.SeleniumException: unknown error: Element <button type="button" class="Common__DefaultButton-r4giz5-1 Common__JumboButton-r4giz5-2 SubmitButton-nmdtlk-0 ProductDropDown__CTAButton-trye76-5 jeXAtY btn btn-primary">...</button> is not clickable at point (187, 602). Other element would receive the click: <div class="pages__PhoneCtaResponsive-sc-1dmd8vs-30 hzFEeU">...</div>
  (Session info: chrome=80.0.3987.132)
  (Driver info: chromedriver=2.43.600210 (68dcf5eebde37173d4027fa8635e332711d2874a),platform=Windows NT 6.3.9600 x86_64) (WARNING: The server did not provide any stacktrace information)
Command duration or timeout: 0 milliseconds
Build info: version: '3.7.1', revision: '8a0099a', time: '2017-11-06T21:07:36.161Z'
System info: host: 'WIN-U215233FMVE', ip: '172.30.0.53', os.name: 'Windows Server 2012 R2', os.arch: 'amd64', os.version: '6.3', java.version: '1.8.0_181'
Driver info: com.kms.katalon.selenium.driver.CChromeDriver
Capabilities {acceptInsecureCerts: false, acceptSslCerts: false, applicationCacheEnabled: false, browserConnectionEnabled: false, browserName: chrome, chrome: {chromedriverVersion: 2.43.600210 (68dcf5eebde371..., userDataDir: C:\Users\ADMINI~1\AppData\L...}, cssSelectorsEnabled: true, databaseEnabled: false, goog:chromeOptions: {debuggerAddress: localhost:63028}, handlesAlerts: true, hasTouchScreen: true, javascriptEnabled: true, locationContextEnabled: true, mobileEmulationEnabled: true, nativeEvents: true, networkConnectionEnabled: false, pageLoadStrategy: normal, platform: XP, platformName: XP, rotatable: false, setWindowRect: true, takesHeapSnapshot: true, takesScreenshot: true, unexpectedAlertBehaviour: , unhandledPromptBehavior: , version: 80.0.3987.132, webStorageEnabled: true}
Session ID: ae288cfef6d1f1770ccc0d225eee1326
	at com.thoughtworks.selenium.webdriven.SeleneseCommand.apply(SeleneseCommand.java:45)
	at com.thoughtworks.selenium.webdriven.Timer.run(Timer.java:41)
	at com.thoughtworks.selenium.webdriven.WebDriverCommandProcessor.execute(WebDriverCommandProcessor.java:150)
	at com.thoughtworks.selenium.webdriven.WebDriverCommandProcessor.doCommand(WebDriverCommandProcessor.java:76)
	at com.thoughtworks.selenium.DefaultSelenium.click(DefaultSelenium.java:198)
	at com.thoughtworks.selenium.Selenium$click.call(Unknown Source)
	at HBI.run(HBI:39)
	at com.kms.katalon.core.main.ScriptEngine.run(ScriptEngine.java:194)
	at com.kms.katalon.core.main.ScriptEngine.runScriptAsRawText(ScriptEngine.java:119)
	at com.kms.katalon.core.main.TestCaseExecutor.runScript(TestCaseExecutor.java:328)
	at com.kms.katalon.core.main.TestCaseExecutor.doExecute(TestCaseExecutor.java:319)
	at com.kms.katalon.core.main.TestCaseExecutor.processExecutionPhase(TestCaseExecutor.java:298)
	at com.kms.katalon.core.main.TestCaseExecutor.accessMainPhase(TestCaseExecutor.java:290)
	at com.kms.katalon.core.main.TestCaseExecutor.execute(TestCaseExecutor.java:224)
	at com.kms.katalon.core.main.TestSuiteExecutor.accessTestCaseMainPhase(TestSuiteExecutor.java:129)
	at com.kms.katalon.core.main.TestSuiteExecutor.accessTestSuiteMainPhase(TestSuiteExecutor.java:112)
	at com.kms.katalon.core.main.TestSuiteExecutor.execute(TestSuiteExecutor.java:81)
	at com.kms.katalon.core.main.TestCaseMain.startTestSuite(TestCaseMain.java:149)
	at com.kms.katalon.core.main.TestCaseMain$startTestSuite$0.call(Unknown Source)
	at TempTestSuite1583832473723.run(TempTestSuite1583832473723.groovy:36)
Caused by: org.openqa.selenium.WebDriverException: unknown error: Element <button type="button" class="Common__DefaultButton-r4giz5-1 Common__JumboButton-r4giz5-2 SubmitButton-nmdtlk-0 ProductDropDown__CTAButton-trye76-5 jeXAtY btn btn-primary">...</button> is not clickable at point (187, 602). Other element would receive the click: <div class="pages__PhoneCtaResponsive-sc-1dmd8vs-30 hzFEeU">...</div>
  (Session info: chrome=80.0.3987.132)
  (Driver info: chromedriver=2.43.600210 (68dcf5eebde37173d4027fa8635e332711d2874a),platform=Windows NT 6.3.9600 x86_64) (WARNING: The server did not provide any stacktrace information)
Command duration or timeout: 0 milliseconds
Build info: version: '3.7.1', revision: '8a0099a', time: '2017-11-06T21:07:36.161Z'
System info: host: 'WIN-U215233FMVE', ip: '172.30.0.53', os.name: 'Windows Server 2012 R2', os.arch: 'amd64', os.version: '6.3', java.version: '1.8.0_181'
Driver info: com.kms.katalon.selenium.driver.CChromeDriver
Capabilities {acceptInsecureCerts: false, acceptSslCerts: false, applicationCacheEnabled: false, browserConnectionEnabled: false, browserName: chrome, chrome: {chromedriverVersion: 2.43.600210 (68dcf5eebde371..., userDataDir: C:\Users\ADMINI~1\AppData\L...}, cssSelectorsEnabled: true, databaseEnabled: false, goog:chromeOptions: {debuggerAddress: localhost:63028}, handlesAlerts: true, hasTouchScreen: true, javascriptEnabled: true, locationContextEnabled: true, mobileEmulationEnabled: true, nativeEvents: true, networkConnectionEnabled: false, pageLoadStrategy: normal, platform: XP, platformName: XP, rotatable: false, setWindowRect: true, takesHeapSnapshot: true, takesScreenshot: true, unexpectedAlertBehaviour: , unhandledPromptBehavior: , version: 80.0.3987.132, webStorageEnabled: true}
Session ID: ae288cfef6d1f1770ccc0d225eee1326
	at org.openqa.selenium.remote.ErrorHandler.createThrowable(ErrorHandler.java:214)
	at org.openqa.selenium.remote.ErrorHandler.throwIfResponseFailed(ErrorHandler.java:166)
	at org.openqa.selenium.remote.http.JsonHttpResponseCodec.reconstructValue(JsonHttpResponseCodec.java:40)
	at org.openqa.selenium.remote.http.AbstractHttpResponseCodec.decode(AbstractHttpResponseCodec.java:80)
	at org.openqa.selenium.remote.http.AbstractHttpResponseCodec.decode(AbstractHttpResponseCodec.java:44)
	at org.openqa.selenium.remote.HttpCommandExecutor.execute(HttpCommandExecutor.java:164)
	at org.openqa.selenium.remote.service.DriverCommandExecutor.execute(DriverCommandExecutor.java:83)
	at org.openqa.selenium.remote.RemoteWebDriver.execute(RemoteWebDriver.java:600)
	at com.kms.katalon.selenium.driver.CChromeDriver.execute(CChromeDriver.java:20)
	at org.openqa.selenium.remote.RemoteWebElement.execute(RemoteWebElement.java:279)
	at org.openqa.selenium.remote.RemoteWebElement.click(RemoteWebElement.java:83)
	at com.thoughtworks.selenium.webdriven.commands.Click.handleSeleneseCommand(Click.java:40)
	at com.thoughtworks.selenium.webdriven.commands.Click.handleSeleneseCommand(Click.java:26)
	at com.thoughtworks.selenium.webdriven.SeleneseCommand.apply(SeleneseCommand.java:36)
	at com.thoughtworks.selenium.webdriven.Timer.run(Timer.java:41)
	at com.thoughtworks.selenium.webdriven.WebDriverCommandProcessor.execute(WebDriverCommandProcessor.java:150)
	at com.thoughtworks.selenium.webdriven.WebDriverCommandProcessor.doCommand(WebDriverCommandProcessor.java:76)
	at com.thoughtworks.selenium.DefaultSelenium.click(DefaultSelenium.java:198)
	at com.thoughtworks.selenium.Selenium$click.call(Unknown Source)
	at Script1583731799742.run(Script1583731799742.groovy:39)
	... 13 more]]></system-err>
      </testcase>
      <testcase name="Test Cases/HIC/New/Medicare" classname="Test Cases/HIC/New/Medicare" status="ERROR">
         <error type="ERROR" message="Test Cases/HIC/New/Medicare FAILED.
Reason:
com.thoughtworks.selenium.SeleniumException: unknown error: Element &lt;button type=&quot;button&quot; class=&quot;Common__DefaultButton-r4giz5-1 Common__JumboButton-r4giz5-2 SubmitButton-nmdtlk-0 ProductDropDown__CTAButton-trye76-5 jeXAtY btn btn-primary&quot;>...&lt;/button> is not clickable at point (187, 606). Other element would receive the click: &lt;div class=&quot;pages__PhoneCtaResponsive-sc-1dmd8vs-30 hzFEeU&quot;>...&lt;/div>
  (Session info: chrome=80.0.3987.132)
  (Driver info: chromedriver=2.43.600210 (68dcf5eebde37173d4027fa8635e332711d2874a),platform=Windows NT 6.3.9600 x86_64) (WARNING: The server did not provide any stacktrace information)
Command duration or timeout: 0 milliseconds
Build info: version: '3.7.1', revision: '8a0099a', time: '2017-11-06T21:07:36.161Z'
System info: host: 'WIN-U215233FMVE', ip: '172.30.0.53', os.name: 'Windows Server 2012 R2', os.arch: 'amd64', os.version: '6.3', java.version: '1.8.0_181'
Driver info: com.kms.katalon.selenium.driver.CChromeDriver
Capabilities {acceptInsecureCerts: false, acceptSslCerts: false, applicationCacheEnabled: false, browserConnectionEnabled: false, browserName: chrome, chrome: {chromedriverVersion: 2.43.600210 (68dcf5eebde371..., userDataDir: C:\Users\ADMINI~1\AppData\L...}, cssSelectorsEnabled: true, databaseEnabled: false, goog:chromeOptions: {debuggerAddress: localhost:63093}, handlesAlerts: true, hasTouchScreen: true, javascriptEnabled: true, locationContextEnabled: true, mobileEmulationEnabled: true, nativeEvents: true, networkConnectionEnabled: false, pageLoadStrategy: normal, platform: XP, platformName: XP, rotatable: false, setWindowRect: true, takesHeapSnapshot: true, takesScreenshot: true, unexpectedAlertBehaviour: , unhandledPromptBehavior: , version: 80.0.3987.132, webStorageEnabled: true}
Session ID: 02f6152692ed39f34c702457f3bb4297
	at com.thoughtworks.selenium.webdriven.SeleneseCommand.apply(SeleneseCommand.java:45)
	at com.thoughtworks.selenium.webdriven.Timer.run(Timer.java:41)
	at com.thoughtworks.selenium.webdriven.WebDriverCommandProcessor.execute(WebDriverCommandProcessor.java:150)
	at com.thoughtworks.selenium.webdriven.WebDriverCommandProcessor.doCommand(WebDriverCommandProcessor.java:76)
	at com.thoughtworks.selenium.DefaultSelenium.click(DefaultSelenium.java:198)
	at com.thoughtworks.selenium.Selenium$click.call(Unknown Source)
	at Medicare.run(Medicare:35)
	at com.kms.katalon.core.main.ScriptEngine.run(ScriptEngine.java:194)
	at com.kms.katalon.core.main.ScriptEngine.runScriptAsRawText(ScriptEngine.java:119)
	at com.kms.katalon.core.main.TestCaseExecutor.runScript(TestCaseExecutor.java:328)
	at com.kms.katalon.core.main.TestCaseExecutor.doExecute(TestCaseExecutor.java:319)
	at com.kms.katalon.core.main.TestCaseExecutor.processExecutionPhase(TestCaseExecutor.java:298)
	at com.kms.katalon.core.main.TestCaseExecutor.accessMainPhase(TestCaseExecutor.java:290)
	at com.kms.katalon.core.main.TestCaseExecutor.execute(TestCaseExecutor.java:224)
	at com.kms.katalon.core.main.TestSuiteExecutor.accessTestCaseMainPhase(TestSuiteExecutor.java:129)
	at com.kms.katalon.core.main.TestSuiteExecutor.accessTestSuiteMainPhase(TestSuiteExecutor.java:112)
	at com.kms.katalon.core.main.TestSuiteExecutor.execute(TestSuiteExecutor.java:81)
	at com.kms.katalon.core.main.TestCaseMain.startTestSuite(TestCaseMain.java:149)
	at com.kms.katalon.core.main.TestCaseMain$startTestSuite$0.call(Unknown Source)
	at TempTestSuite1583832473723.run(TempTestSuite1583832473723.groovy:36)
Caused by: org.openqa.selenium.WebDriverException: unknown error: Element &lt;button type=&quot;button&quot; class=&quot;Common__DefaultButton-r4giz5-1 Common__JumboButton-r4giz5-2 SubmitButton-nmdtlk-0 ProductDropDown__CTAButton-trye76-5 jeXAtY btn btn-primary&quot;>...&lt;/button> is not clickable at point (187, 606). Other element would receive the click: &lt;div class=&quot;pages__PhoneCtaResponsive-sc-1dmd8vs-30 hzFEeU&quot;>...&lt;/div>
  (Session info: chrome=80.0.3987.132)
  (Driver info: chromedriver=2.43.600210 (68dcf5eebde37173d4027fa8635e332711d2874a),platform=Windows NT 6.3.9600 x86_64) (WARNING: The server did not provide any stacktrace information)
Command duration or timeout: 0 milliseconds
Build info: version: '3.7.1', revision: '8a0099a', time: '2017-11-06T21:07:36.161Z'
System info: host: 'WIN-U215233FMVE', ip: '172.30.0.53', os.name: 'Windows Server 2012 R2', os.arch: 'amd64', os.version: '6.3', java.version: '1.8.0_181'
Driver info: com.kms.katalon.selenium.driver.CChromeDriver
Capabilities {acceptInsecureCerts: false, acceptSslCerts: false, applicationCacheEnabled: false, browserConnectionEnabled: false, browserName: chrome, chrome: {chromedriverVersion: 2.43.600210 (68dcf5eebde371..., userDataDir: C:\Users\ADMINI~1\AppData\L...}, cssSelectorsEnabled: true, databaseEnabled: false, goog:chromeOptions: {debuggerAddress: localhost:63093}, handlesAlerts: true, hasTouchScreen: true, javascriptEnabled: true, locationContextEnabled: true, mobileEmulationEnabled: true, nativeEvents: true, networkConnectionEnabled: false, pageLoadStrategy: normal, platform: XP, platformName: XP, rotatable: false, setWindowRect: true, takesHeapSnapshot: true, takesScreenshot: true, unexpectedAlertBehaviour: , unhandledPromptBehavior: , version: 80.0.3987.132, webStorageEnabled: true}
Session ID: 02f6152692ed39f34c702457f3bb4297
	at org.openqa.selenium.remote.ErrorHandler.createThrowable(ErrorHandler.java:214)
	at org.openqa.selenium.remote.ErrorHandler.throwIfResponseFailed(ErrorHandler.java:166)
	at org.openqa.selenium.remote.http.JsonHttpResponseCodec.reconstructValue(JsonHttpResponseCodec.java:40)
	at org.openqa.selenium.remote.http.AbstractHttpResponseCodec.decode(AbstractHttpResponseCodec.java:80)
	at org.openqa.selenium.remote.http.AbstractHttpResponseCodec.decode(AbstractHttpResponseCodec.java:44)
	at org.openqa.selenium.remote.HttpCommandExecutor.execute(HttpCommandExecutor.java:164)
	at org.openqa.selenium.remote.service.DriverCommandExecutor.execute(DriverCommandExecutor.java:83)
	at org.openqa.selenium.remote.RemoteWebDriver.execute(RemoteWebDriver.java:600)
	at com.kms.katalon.selenium.driver.CChromeDriver.execute(CChromeDriver.java:20)
	at org.openqa.selenium.remote.RemoteWebElement.execute(RemoteWebElement.java:279)
	at org.openqa.selenium.remote.RemoteWebElement.click(RemoteWebElement.java:83)
	at com.thoughtworks.selenium.webdriven.commands.Click.handleSeleneseCommand(Click.java:40)
	at com.thoughtworks.selenium.webdriven.commands.Click.handleSeleneseCommand(Click.java:26)
	at com.thoughtworks.selenium.webdriven.SeleneseCommand.apply(SeleneseCommand.java:36)
	at com.thoughtworks.selenium.webdriven.Timer.run(Timer.java:41)
	at com.thoughtworks.selenium.webdriven.WebDriverCommandProcessor.execute(WebDriverCommandProcessor.java:150)
	at com.thoughtworks.selenium.webdriven.WebDriverCommandProcessor.doCommand(WebDriverCommandProcessor.java:76)
	at com.thoughtworks.selenium.DefaultSelenium.click(DefaultSelenium.java:198)
	at com.thoughtworks.selenium.Selenium$click.call(Unknown Source)
	at Script1583722637163.run(Script1583722637163.groovy:35)
	... 13 more
"/>
         <system-out><![CDATA[2020-03-10 05:33:20 - [TEST_CASE][ERROR] - Test Cases/HIC/New/Medicare: Test Cases/HIC/New/Medicare FAILED.
Reason:
com.thoughtworks.selenium.SeleniumException: unknown error: Element <button type="button" class="Common__DefaultButton-r4giz5-1 Common__JumboButton-r4giz5-2 SubmitButton-nmdtlk-0 ProductDropDown__CTAButton-trye76-5 jeXAtY btn btn-primary">...</button> is not clickable at point (187, 606). Other element would receive the click: <div class="pages__PhoneCtaResponsive-sc-1dmd8vs-30 hzFEeU">...</div>
  (Session info: chrome=80.0.3987.132)
  (Driver info: chromedriver=2.43.600210 (68dcf5eebde37173d4027fa8635e332711d2874a),platform=Windows NT 6.3.9600 x86_64) (WARNING: The server did not provide any stacktrace information)
Command duration or timeout: 0 milliseconds
Build info: version: '3.7.1', revision: '8a0099a', time: '2017-11-06T21:07:36.161Z'
System info: host: 'WIN-U215233FMVE', ip: '172.30.0.53', os.name: 'Windows Server 2012 R2', os.arch: 'amd64', os.version: '6.3', java.version: '1.8.0_181'
Driver info: com.kms.katalon.selenium.driver.CChromeDriver
Capabilities {acceptInsecureCerts: false, acceptSslCerts: false, applicationCacheEnabled: false, browserConnectionEnabled: false, browserName: chrome, chrome: {chromedriverVersion: 2.43.600210 (68dcf5eebde371..., userDataDir: C:\Users\ADMINI~1\AppData\L...}, cssSelectorsEnabled: true, databaseEnabled: false, goog:chromeOptions: {debuggerAddress: localhost:63093}, handlesAlerts: true, hasTouchScreen: true, javascriptEnabled: true, locationContextEnabled: true, mobileEmulationEnabled: true, nativeEvents: true, networkConnectionEnabled: false, pageLoadStrategy: normal, platform: XP, platformName: XP, rotatable: false, setWindowRect: true, takesHeapSnapshot: true, takesScreenshot: true, unexpectedAlertBehaviour: , unhandledPromptBehavior: , version: 80.0.3987.132, webStorageEnabled: true}
Session ID: 02f6152692ed39f34c702457f3bb4297
	at com.thoughtworks.selenium.webdriven.SeleneseCommand.apply(SeleneseCommand.java:45)
	at com.thoughtworks.selenium.webdriven.Timer.run(Timer.java:41)
	at com.thoughtworks.selenium.webdriven.WebDriverCommandProcessor.execute(WebDriverCommandProcessor.java:150)
	at com.thoughtworks.selenium.webdriven.WebDriverCommandProcessor.doCommand(WebDriverCommandProcessor.java:76)
	at com.thoughtworks.selenium.DefaultSelenium.click(DefaultSelenium.java:198)
	at com.thoughtworks.selenium.Selenium$click.call(Unknown Source)
	at Medicare.run(Medicare:35)
	at com.kms.katalon.core.main.ScriptEngine.run(ScriptEngine.java:194)
	at com.kms.katalon.core.main.ScriptEngine.runScriptAsRawText(ScriptEngine.java:119)
	at com.kms.katalon.core.main.TestCaseExecutor.runScript(TestCaseExecutor.java:328)
	at com.kms.katalon.core.main.TestCaseExecutor.doExecute(TestCaseExecutor.java:319)
	at com.kms.katalon.core.main.TestCaseExecutor.processExecutionPhase(TestCaseExecutor.java:298)
	at com.kms.katalon.core.main.TestCaseExecutor.accessMainPhase(TestCaseExecutor.java:290)
	at com.kms.katalon.core.main.TestCaseExecutor.execute(TestCaseExecutor.java:224)
	at com.kms.katalon.core.main.TestSuiteExecutor.accessTestCaseMainPhase(TestSuiteExecutor.java:129)
	at com.kms.katalon.core.main.TestSuiteExecutor.accessTestSuiteMainPhase(TestSuiteExecutor.java:112)
	at com.kms.katalon.core.main.TestSuiteExecutor.execute(TestSuiteExecutor.java:81)
	at com.kms.katalon.core.main.TestCaseMain.startTestSuite(TestCaseMain.java:149)
	at com.kms.katalon.core.main.TestCaseMain$startTestSuite$0.call(Unknown Source)
	at TempTestSuite1583832473723.run(TempTestSuite1583832473723.groovy:36)
Caused by: org.openqa.selenium.WebDriverException: unknown error: Element <button type="button" class="Common__DefaultButton-r4giz5-1 Common__JumboButton-r4giz5-2 SubmitButton-nmdtlk-0 ProductDropDown__CTAButton-trye76-5 jeXAtY btn btn-primary">...</button> is not clickable at point (187, 606). Other element would receive the click: <div class="pages__PhoneCtaResponsive-sc-1dmd8vs-30 hzFEeU">...</div>
  (Session info: chrome=80.0.3987.132)
  (Driver info: chromedriver=2.43.600210 (68dcf5eebde37173d4027fa8635e332711d2874a),platform=Windows NT 6.3.9600 x86_64) (WARNING: The server did not provide any stacktrace information)
Command duration or timeout: 0 milliseconds
Build info: version: '3.7.1', revision: '8a0099a', time: '2017-11-06T21:07:36.161Z'
System info: host: 'WIN-U215233FMVE', ip: '172.30.0.53', os.name: 'Windows Server 2012 R2', os.arch: 'amd64', os.version: '6.3', java.version: '1.8.0_181'
Driver info: com.kms.katalon.selenium.driver.CChromeDriver
Capabilities {acceptInsecureCerts: false, acceptSslCerts: false, applicationCacheEnabled: false, browserConnectionEnabled: false, browserName: chrome, chrome: {chromedriverVersion: 2.43.600210 (68dcf5eebde371..., userDataDir: C:\Users\ADMINI~1\AppData\L...}, cssSelectorsEnabled: true, databaseEnabled: false, goog:chromeOptions: {debuggerAddress: localhost:63093}, handlesAlerts: true, hasTouchScreen: true, javascriptEnabled: true, locationContextEnabled: true, mobileEmulationEnabled: true, nativeEvents: true, networkConnectionEnabled: false, pageLoadStrategy: normal, platform: XP, platformName: XP, rotatable: false, setWindowRect: true, takesHeapSnapshot: true, takesScreenshot: true, unexpectedAlertBehaviour: , unhandledPromptBehavior: , version: 80.0.3987.132, webStorageEnabled: true}
Session ID: 02f6152692ed39f34c702457f3bb4297
	at org.openqa.selenium.remote.ErrorHandler.createThrowable(ErrorHandler.java:214)
	at org.openqa.selenium.remote.ErrorHandler.throwIfResponseFailed(ErrorHandler.java:166)
	at org.openqa.selenium.remote.http.JsonHttpResponseCodec.reconstructValue(JsonHttpResponseCodec.java:40)
	at org.openqa.selenium.remote.http.AbstractHttpResponseCodec.decode(AbstractHttpResponseCodec.java:80)
	at org.openqa.selenium.remote.http.AbstractHttpResponseCodec.decode(AbstractHttpResponseCodec.java:44)
	at org.openqa.selenium.remote.HttpCommandExecutor.execute(HttpCommandExecutor.java:164)
	at org.openqa.selenium.remote.service.DriverCommandExecutor.execute(DriverCommandExecutor.java:83)
	at org.openqa.selenium.remote.RemoteWebDriver.execute(RemoteWebDriver.java:600)
	at com.kms.katalon.selenium.driver.CChromeDriver.execute(CChromeDriver.java:20)
	at org.openqa.selenium.remote.RemoteWebElement.execute(RemoteWebElement.java:279)
	at org.openqa.selenium.remote.RemoteWebElement.click(RemoteWebElement.java:83)
	at com.thoughtworks.selenium.webdriven.commands.Click.handleSeleneseCommand(Click.java:40)
	at com.thoughtworks.selenium.webdriven.commands.Click.handleSeleneseCommand(Click.java:26)
	at com.thoughtworks.selenium.webdriven.SeleneseCommand.apply(SeleneseCommand.java:36)
	at com.thoughtworks.selenium.webdriven.Timer.run(Timer.java:41)
	at com.thoughtworks.selenium.webdriven.WebDriverCommandProcessor.execute(WebDriverCommandProcessor.java:150)
	at com.thoughtworks.selenium.webdriven.WebDriverCommandProcessor.doCommand(WebDriverCommandProcessor.java:76)
	at com.thoughtworks.selenium.DefaultSelenium.click(DefaultSelenium.java:198)
	at com.thoughtworks.selenium.Selenium$click.call(Unknown Source)
	at Script1583722637163.run(Script1583722637163.groovy:35)
	... 13 more


2020-03-10 05:33:21 - [TEST_STEP][PASSED] - callTestCase(findTestCase("HIC/_include/get_hicScreenPath"), ["project":"HIC", "productLine":"Medicare", "carrierName":"Medicare"], CONTINUE_ON_FAILURE): Call Test Case 'Test Cases/HIC/_include/get_hicScreenPath' successfully

2020-03-10 05:33:21 - [TEST_CASE][PASSED] - Test Cases/HIC/_include/get_hicScreenPath: Test Cases/HIC/_include/get_hicScreenPath

2020-03-10 05:33:21 - [TEST_STEP][PASSED] - m = getExecutionProperties(): null

2020-03-10 05:33:21 - [TEST_STEP][PASSED] - deviceName = get("mobileEmulation").get("deviceName"): null

2020-03-10 05:33:21 - [TEST_STEP][PASSED] - println(deviceName): null

2020-03-10 05:33:21 - [TEST_STEP][PASSED] - now = new java.util.Date(): null

2020-03-10 05:33:21 - [TEST_STEP][PASSED] - mydate = now.format("yyyyMMdd_HHmmss"): null

2020-03-10 05:33:21 - [TEST_STEP][PASSED] - screenPath = "../Screenshots/": null

2020-03-10 05:33:21 - [TEST_STEP][PASSED] - screenPath = screenPath + deviceName + "/" + project + "/" + productLine + "/" + carrierName + "/" + mydate + "/": null

2020-03-10 05:33:21 - [TEST_STEP][PASSED] - println(screenPath): null

2020-03-10 05:33:21 - [MESSAGE][PASSED] - Call Test Case 'Test Cases/HIC/_include/get_hicScreenPath' successfully

2020-03-10 05:33:21 - [TEST_STEP][PASSED] - i = 0: null

2020-03-10 05:33:21 - [TEST_STEP][PASSED] - callTestCase(findTestCase("AHI/_include/openWebSite"), ["env":env], CONTINUE_ON_FAILURE): Call Test Case 'Test Cases/AHI/_include/openWebSite' successfully

2020-03-10 05:33:21 - [TEST_CASE][PASSED] - Test Cases/AHI/_include/openWebSite: Test Cases/AHI/_include/openWebSite

2020-03-10 05:33:21 - [TEST_STEP][PASSED] - openBrowser(env): Browser is opened with url: 'https://qa.healthinsurance.com/'

2020-03-10 05:33:21 - [MESSAGE][WARNING] - A browser is already opened. Closing browser and opening a new one

2020-03-10 05:33:22 - [MESSAGE][INFO] - Starting 'Chrome' driver

2020-03-10 05:33:22 - [MESSAGE][INFO] - User set preference: ['mobileEmulation', '{deviceName=iPhone 6}']

2020-03-10 05:33:22 - [MESSAGE][INFO] - User set preference: ['args', '[--incognito, --aggressive-cache-discard, --window-size=375,677, --no-sandbox, --ignore-certificate-errors]']

2020-03-10 05:33:28 - [MESSAGE][PASSED] - Browser is opened with url: 'https://qa.healthinsurance.com/'

2020-03-10 05:33:28 - [TEST_STEP][PASSED] - waitForPageLoad(20): Wait for page load successfully

2020-03-10 05:33:28 - [MESSAGE][PASSED] - Wait for page load successfully

2020-03-10 05:33:28 - [TEST_STEP][PASSED] - callTestCase(findTestCase("AHI/_include/get_screenshot"), [:], STOP_ON_FAILURE): Call Test Case 'Test Cases/AHI/_include/get_screenshot' successfully

2020-03-10 05:33:28 - [TEST_CASE][PASSED] - Test Cases/AHI/_include/get_screenshot: Test Cases/AHI/_include/get_screenshot

2020-03-10 05:33:28 - [TEST_STEP][PASSED] - Thread.sleep(1000): null

2020-03-10 05:33:29 - [TEST_STEP][PASSED] - takeScreenshot(screenPath + i + ".png"): Taking screenshot successfully

2020-03-10 05:33:29 - [MESSAGE][PASSED] - Taking screenshot successfully
[[ATTACHMENT|D:\\Test\\AgileTest\\Reports\\HIC\\hic\\20200310_052753\\../Screenshots/iPhone 6/HIC/Medicare/Medicare/20200310_053321/0.png]]

2020-03-10 05:33:29 - [TEST_STEP][PASSED] - (internal.GlobalVariable.i++): null

2020-03-10 05:33:29 - [MESSAGE][PASSED] - Call Test Case 'Test Cases/AHI/_include/get_screenshot' successfully

2020-03-10 05:33:29 - [MESSAGE][PASSED] - Call Test Case 'Test Cases/AHI/_include/openWebSite' successfully

2020-03-10 05:33:29 - [TEST_STEP][PASSED] - driver = getWebDriver(): null

2020-03-10 05:33:29 - [TEST_STEP][PASSED] - baseUrl = env: null

2020-03-10 05:33:29 - [TEST_STEP][PASSED] - selenium = new com.thoughtworks.selenium.webdriven.WebDriverBackedSelenium(driver, baseUrl): null

2020-03-10 05:33:29 - [TEST_STEP][ERROR] - selenium.click("//button[contains(text(),'COMPARE HEALTHPLANS')]"): selenium.click("//button[contains(text(),'COMPARE HEALTHPLANS')]") FAILED.
Reason:
com.thoughtworks.selenium.SeleniumException: unknown error: Element <button type="button" class="Common__DefaultButton-r4giz5-1 Common__JumboButton-r4giz5-2 SubmitButton-nmdtlk-0 ProductDropDown__CTAButton-trye76-5 jeXAtY btn btn-primary">...</button> is not clickable at point (187, 606). Other element would receive the click: <div class="pages__PhoneCtaResponsive-sc-1dmd8vs-30 hzFEeU">...</div>
  (Session info: chrome=80.0.3987.132)
  (Driver info: chromedriver=2.43.600210 (68dcf5eebde37173d4027fa8635e332711d2874a),platform=Windows NT 6.3.9600 x86_64) (WARNING: The server did not provide any stacktrace information)
Command duration or timeout: 0 milliseconds
Build info: version: '3.7.1', revision: '8a0099a', time: '2017-11-06T21:07:36.161Z'
System info: host: 'WIN-U215233FMVE', ip: '172.30.0.53', os.name: 'Windows Server 2012 R2', os.arch: 'amd64', os.version: '6.3', java.version: '1.8.0_181'
Driver info: com.kms.katalon.selenium.driver.CChromeDriver
Capabilities {acceptInsecureCerts: false, acceptSslCerts: false, applicationCacheEnabled: false, browserConnectionEnabled: false, browserName: chrome, chrome: {chromedriverVersion: 2.43.600210 (68dcf5eebde371..., userDataDir: C:\Users\ADMINI~1\AppData\L...}, cssSelectorsEnabled: true, databaseEnabled: false, goog:chromeOptions: {debuggerAddress: localhost:63093}, handlesAlerts: true, hasTouchScreen: true, javascriptEnabled: true, locationContextEnabled: true, mobileEmulationEnabled: true, nativeEvents: true, networkConnectionEnabled: false, pageLoadStrategy: normal, platform: XP, platformName: XP, rotatable: false, setWindowRect: true, takesHeapSnapshot: true, takesScreenshot: true, unexpectedAlertBehaviour: , unhandledPromptBehavior: , version: 80.0.3987.132, webStorageEnabled: true}
Session ID: 02f6152692ed39f34c702457f3bb4297
	at com.thoughtworks.selenium.webdriven.SeleneseCommand.apply(SeleneseCommand.java:45)
	at com.thoughtworks.selenium.webdriven.Timer.run(Timer.java:41)
	at com.thoughtworks.selenium.webdriven.WebDriverCommandProcessor.execute(WebDriverCommandProcessor.java:150)
	at com.thoughtworks.selenium.webdriven.WebDriverCommandProcessor.doCommand(WebDriverCommandProcessor.java:76)
	at com.thoughtworks.selenium.DefaultSelenium.click(DefaultSelenium.java:198)
	at com.thoughtworks.selenium.Selenium$click.call(Unknown Source)
	at Medicare.run(Medicare:35)
	at com.kms.katalon.core.main.ScriptEngine.run(ScriptEngine.java:194)
	at com.kms.katalon.core.main.ScriptEngine.runScriptAsRawText(ScriptEngine.java:119)
	at com.kms.katalon.core.main.TestCaseExecutor.runScript(TestCaseExecutor.java:328)
	at com.kms.katalon.core.main.TestCaseExecutor.doExecute(TestCaseExecutor.java:319)
	at com.kms.katalon.core.main.TestCaseExecutor.processExecutionPhase(TestCaseExecutor.java:298)
	at com.kms.katalon.core.main.TestCaseExecutor.accessMainPhase(TestCaseExecutor.java:290)
	at com.kms.katalon.core.main.TestCaseExecutor.execute(TestCaseExecutor.java:224)
	at com.kms.katalon.core.main.TestSuiteExecutor.accessTestCaseMainPhase(TestSuiteExecutor.java:129)
	at com.kms.katalon.core.main.TestSuiteExecutor.accessTestSuiteMainPhase(TestSuiteExecutor.java:112)
	at com.kms.katalon.core.main.TestSuiteExecutor.execute(TestSuiteExecutor.java:81)
	at com.kms.katalon.core.main.TestCaseMain.startTestSuite(TestCaseMain.java:149)
	at com.kms.katalon.core.main.TestCaseMain$startTestSuite$0.call(Unknown Source)
	at TempTestSuite1583832473723.run(TempTestSuite1583832473723.groovy:36)
Caused by: org.openqa.selenium.WebDriverException: unknown error: Element <button type="button" class="Common__DefaultButton-r4giz5-1 Common__JumboButton-r4giz5-2 SubmitButton-nmdtlk-0 ProductDropDown__CTAButton-trye76-5 jeXAtY btn btn-primary">...</button> is not clickable at point (187, 606). Other element would receive the click: <div class="pages__PhoneCtaResponsive-sc-1dmd8vs-30 hzFEeU">...</div>
  (Session info: chrome=80.0.3987.132)
  (Driver info: chromedriver=2.43.600210 (68dcf5eebde37173d4027fa8635e332711d2874a),platform=Windows NT 6.3.9600 x86_64) (WARNING: The server did not provide any stacktrace information)
Command duration or timeout: 0 milliseconds
Build info: version: '3.7.1', revision: '8a0099a', time: '2017-11-06T21:07:36.161Z'
System info: host: 'WIN-U215233FMVE', ip: '172.30.0.53', os.name: 'Windows Server 2012 R2', os.arch: 'amd64', os.version: '6.3', java.version: '1.8.0_181'
Driver info: com.kms.katalon.selenium.driver.CChromeDriver
Capabilities {acceptInsecureCerts: false, acceptSslCerts: false, applicationCacheEnabled: false, browserConnectionEnabled: false, browserName: chrome, chrome: {chromedriverVersion: 2.43.600210 (68dcf5eebde371..., userDataDir: C:\Users\ADMINI~1\AppData\L...}, cssSelectorsEnabled: true, databaseEnabled: false, goog:chromeOptions: {debuggerAddress: localhost:63093}, handlesAlerts: true, hasTouchScreen: true, javascriptEnabled: true, locationContextEnabled: true, mobileEmulationEnabled: true, nativeEvents: true, networkConnectionEnabled: false, pageLoadStrategy: normal, platform: XP, platformName: XP, rotatable: false, setWindowRect: true, takesHeapSnapshot: true, takesScreenshot: true, unexpectedAlertBehaviour: , unhandledPromptBehavior: , version: 80.0.3987.132, webStorageEnabled: true}
Session ID: 02f6152692ed39f34c702457f3bb4297
	at org.openqa.selenium.remote.ErrorHandler.createThrowable(ErrorHandler.java:214)
	at org.openqa.selenium.remote.ErrorHandler.throwIfResponseFailed(ErrorHandler.java:166)
	at org.openqa.selenium.remote.http.JsonHttpResponseCodec.reconstructValue(JsonHttpResponseCodec.java:40)
	at org.openqa.selenium.remote.http.AbstractHttpResponseCodec.decode(AbstractHttpResponseCodec.java:80)
	at org.openqa.selenium.remote.http.AbstractHttpResponseCodec.decode(AbstractHttpResponseCodec.java:44)
	at org.openqa.selenium.remote.HttpCommandExecutor.execute(HttpCommandExecutor.java:164)
	at org.openqa.selenium.remote.service.DriverCommandExecutor.execute(DriverCommandExecutor.java:83)
	at org.openqa.selenium.remote.RemoteWebDriver.execute(RemoteWebDriver.java:600)
	at com.kms.katalon.selenium.driver.CChromeDriver.execute(CChromeDriver.java:20)
	at org.openqa.selenium.remote.RemoteWebElement.execute(RemoteWebElement.java:279)
	at org.openqa.selenium.remote.RemoteWebElement.click(RemoteWebElement.java:83)
	at com.thoughtworks.selenium.webdriven.commands.Click.handleSeleneseCommand(Click.java:40)
	at com.thoughtworks.selenium.webdriven.commands.Click.handleSeleneseCommand(Click.java:26)
	at com.thoughtworks.selenium.webdriven.SeleneseCommand.apply(SeleneseCommand.java:36)
	at com.thoughtworks.selenium.webdriven.Timer.run(Timer.java:41)
	at com.thoughtworks.selenium.webdriven.WebDriverCommandProcessor.execute(WebDriverCommandProcessor.java:150)
	at com.thoughtworks.selenium.webdriven.WebDriverCommandProcessor.doCommand(WebDriverCommandProcessor.java:76)
	at com.thoughtworks.selenium.DefaultSelenium.click(DefaultSelenium.java:198)
	at com.thoughtworks.selenium.Selenium$click.call(Unknown Source)
	at Script1583722637163.run(Script1583722637163.groovy:35)
	... 13 more


2020-03-10 05:33:29 - [MESSAGE][ERROR] - selenium.click("//button[contains(text(),'COMPARE HEALTHPLANS')]") FAILED.
Reason:
com.thoughtworks.selenium.SeleniumException: unknown error: Element <button type="button" class="Common__DefaultButton-r4giz5-1 Common__JumboButton-r4giz5-2 SubmitButton-nmdtlk-0 ProductDropDown__CTAButton-trye76-5 jeXAtY btn btn-primary">...</button> is not clickable at point (187, 606). Other element would receive the click: <div class="pages__PhoneCtaResponsive-sc-1dmd8vs-30 hzFEeU">...</div>
  (Session info: chrome=80.0.3987.132)
  (Driver info: chromedriver=2.43.600210 (68dcf5eebde37173d4027fa8635e332711d2874a),platform=Windows NT 6.3.9600 x86_64) (WARNING: The server did not provide any stacktrace information)
Command duration or timeout: 0 milliseconds
Build info: version: '3.7.1', revision: '8a0099a', time: '2017-11-06T21:07:36.161Z'
System info: host: 'WIN-U215233FMVE', ip: '172.30.0.53', os.name: 'Windows Server 2012 R2', os.arch: 'amd64', os.version: '6.3', java.version: '1.8.0_181'
Driver info: com.kms.katalon.selenium.driver.CChromeDriver
Capabilities {acceptInsecureCerts: false, acceptSslCerts: false, applicationCacheEnabled: false, browserConnectionEnabled: false, browserName: chrome, chrome: {chromedriverVersion: 2.43.600210 (68dcf5eebde371..., userDataDir: C:\Users\ADMINI~1\AppData\L...}, cssSelectorsEnabled: true, databaseEnabled: false, goog:chromeOptions: {debuggerAddress: localhost:63093}, handlesAlerts: true, hasTouchScreen: true, javascriptEnabled: true, locationContextEnabled: true, mobileEmulationEnabled: true, nativeEvents: true, networkConnectionEnabled: false, pageLoadStrategy: normal, platform: XP, platformName: XP, rotatable: false, setWindowRect: true, takesHeapSnapshot: true, takesScreenshot: true, unexpectedAlertBehaviour: , unhandledPromptBehavior: , version: 80.0.3987.132, webStorageEnabled: true}
Session ID: 02f6152692ed39f34c702457f3bb4297
	at com.thoughtworks.selenium.webdriven.SeleneseCommand.apply(SeleneseCommand.java:45)
	at com.thoughtworks.selenium.webdriven.Timer.run(Timer.java:41)
	at com.thoughtworks.selenium.webdriven.WebDriverCommandProcessor.execute(WebDriverCommandProcessor.java:150)
	at com.thoughtworks.selenium.webdriven.WebDriverCommandProcessor.doCommand(WebDriverCommandProcessor.java:76)
	at com.thoughtworks.selenium.DefaultSelenium.click(DefaultSelenium.java:198)
	at com.thoughtworks.selenium.Selenium$click.call(Unknown Source)
	at Medicare.run(Medicare:35)
	at com.kms.katalon.core.main.ScriptEngine.run(ScriptEngine.java:194)
	at com.kms.katalon.core.main.ScriptEngine.runScriptAsRawText(ScriptEngine.java:119)
	at com.kms.katalon.core.main.TestCaseExecutor.runScript(TestCaseExecutor.java:328)
	at com.kms.katalon.core.main.TestCaseExecutor.doExecute(TestCaseExecutor.java:319)
	at com.kms.katalon.core.main.TestCaseExecutor.processExecutionPhase(TestCaseExecutor.java:298)
	at com.kms.katalon.core.main.TestCaseExecutor.accessMainPhase(TestCaseExecutor.java:290)
	at com.kms.katalon.core.main.TestCaseExecutor.execute(TestCaseExecutor.java:224)
	at com.kms.katalon.core.main.TestSuiteExecutor.accessTestCaseMainPhase(TestSuiteExecutor.java:129)
	at com.kms.katalon.core.main.TestSuiteExecutor.accessTestSuiteMainPhase(TestSuiteExecutor.java:112)
	at com.kms.katalon.core.main.TestSuiteExecutor.execute(TestSuiteExecutor.java:81)
	at com.kms.katalon.core.main.TestCaseMain.startTestSuite(TestCaseMain.java:149)
	at com.kms.katalon.core.main.TestCaseMain$startTestSuite$0.call(Unknown Source)
	at TempTestSuite1583832473723.run(TempTestSuite1583832473723.groovy:36)
Caused by: org.openqa.selenium.WebDriverException: unknown error: Element <button type="button" class="Common__DefaultButton-r4giz5-1 Common__JumboButton-r4giz5-2 SubmitButton-nmdtlk-0 ProductDropDown__CTAButton-trye76-5 jeXAtY btn btn-primary">...</button> is not clickable at point (187, 606). Other element would receive the click: <div class="pages__PhoneCtaResponsive-sc-1dmd8vs-30 hzFEeU">...</div>
  (Session info: chrome=80.0.3987.132)
  (Driver info: chromedriver=2.43.600210 (68dcf5eebde37173d4027fa8635e332711d2874a),platform=Windows NT 6.3.9600 x86_64) (WARNING: The server did not provide any stacktrace information)
Command duration or timeout: 0 milliseconds
Build info: version: '3.7.1', revision: '8a0099a', time: '2017-11-06T21:07:36.161Z'
System info: host: 'WIN-U215233FMVE', ip: '172.30.0.53', os.name: 'Windows Server 2012 R2', os.arch: 'amd64', os.version: '6.3', java.version: '1.8.0_181'
Driver info: com.kms.katalon.selenium.driver.CChromeDriver
Capabilities {acceptInsecureCerts: false, acceptSslCerts: false, applicationCacheEnabled: false, browserConnectionEnabled: false, browserName: chrome, chrome: {chromedriverVersion: 2.43.600210 (68dcf5eebde371..., userDataDir: C:\Users\ADMINI~1\AppData\L...}, cssSelectorsEnabled: true, databaseEnabled: false, goog:chromeOptions: {debuggerAddress: localhost:63093}, handlesAlerts: true, hasTouchScreen: true, javascriptEnabled: true, locationContextEnabled: true, mobileEmulationEnabled: true, nativeEvents: true, networkConnectionEnabled: false, pageLoadStrategy: normal, platform: XP, platformName: XP, rotatable: false, setWindowRect: true, takesHeapSnapshot: true, takesScreenshot: true, unexpectedAlertBehaviour: , unhandledPromptBehavior: , version: 80.0.3987.132, webStorageEnabled: true}
Session ID: 02f6152692ed39f34c702457f3bb4297
	at org.openqa.selenium.remote.ErrorHandler.createThrowable(ErrorHandler.java:214)
	at org.openqa.selenium.remote.ErrorHandler.throwIfResponseFailed(ErrorHandler.java:166)
	at org.openqa.selenium.remote.http.JsonHttpResponseCodec.reconstructValue(JsonHttpResponseCodec.java:40)
	at org.openqa.selenium.remote.http.AbstractHttpResponseCodec.decode(AbstractHttpResponseCodec.java:80)
	at org.openqa.selenium.remote.http.AbstractHttpResponseCodec.decode(AbstractHttpResponseCodec.java:44)
	at org.openqa.selenium.remote.HttpCommandExecutor.execute(HttpCommandExecutor.java:164)
	at org.openqa.selenium.remote.service.DriverCommandExecutor.execute(DriverCommandExecutor.java:83)
	at org.openqa.selenium.remote.RemoteWebDriver.execute(RemoteWebDriver.java:600)
	at com.kms.katalon.selenium.driver.CChromeDriver.execute(CChromeDriver.java:20)
	at org.openqa.selenium.remote.RemoteWebElement.execute(RemoteWebElement.java:279)
	at org.openqa.selenium.remote.RemoteWebElement.click(RemoteWebElement.java:83)
	at com.thoughtworks.selenium.webdriven.commands.Click.handleSeleneseCommand(Click.java:40)
	at com.thoughtworks.selenium.webdriven.commands.Click.handleSeleneseCommand(Click.java:26)
	at com.thoughtworks.selenium.webdriven.SeleneseCommand.apply(SeleneseCommand.java:36)
	at com.thoughtworks.selenium.webdriven.Timer.run(Timer.java:41)
	at com.thoughtworks.selenium.webdriven.WebDriverCommandProcessor.execute(WebDriverCommandProcessor.java:150)
	at com.thoughtworks.selenium.webdriven.WebDriverCommandProcessor.doCommand(WebDriverCommandProcessor.java:76)
	at com.thoughtworks.selenium.DefaultSelenium.click(DefaultSelenium.java:198)
	at com.thoughtworks.selenium.Selenium$click.call(Unknown Source)
	at Script1583722637163.run(Script1583722637163.groovy:35)
	... 13 more]]></system-out>
         <system-err><![CDATA[2020-03-10 05:33:20 - [TEST_CASE][ERROR] - Test Cases/HIC/New/Medicare: Test Cases/HIC/New/Medicare FAILED.
Reason:
com.thoughtworks.selenium.SeleniumException: unknown error: Element <button type="button" class="Common__DefaultButton-r4giz5-1 Common__JumboButton-r4giz5-2 SubmitButton-nmdtlk-0 ProductDropDown__CTAButton-trye76-5 jeXAtY btn btn-primary">...</button> is not clickable at point (187, 606). Other element would receive the click: <div class="pages__PhoneCtaResponsive-sc-1dmd8vs-30 hzFEeU">...</div>
  (Session info: chrome=80.0.3987.132)
  (Driver info: chromedriver=2.43.600210 (68dcf5eebde37173d4027fa8635e332711d2874a),platform=Windows NT 6.3.9600 x86_64) (WARNING: The server did not provide any stacktrace information)
Command duration or timeout: 0 milliseconds
Build info: version: '3.7.1', revision: '8a0099a', time: '2017-11-06T21:07:36.161Z'
System info: host: 'WIN-U215233FMVE', ip: '172.30.0.53', os.name: 'Windows Server 2012 R2', os.arch: 'amd64', os.version: '6.3', java.version: '1.8.0_181'
Driver info: com.kms.katalon.selenium.driver.CChromeDriver
Capabilities {acceptInsecureCerts: false, acceptSslCerts: false, applicationCacheEnabled: false, browserConnectionEnabled: false, browserName: chrome, chrome: {chromedriverVersion: 2.43.600210 (68dcf5eebde371..., userDataDir: C:\Users\ADMINI~1\AppData\L...}, cssSelectorsEnabled: true, databaseEnabled: false, goog:chromeOptions: {debuggerAddress: localhost:63093}, handlesAlerts: true, hasTouchScreen: true, javascriptEnabled: true, locationContextEnabled: true, mobileEmulationEnabled: true, nativeEvents: true, networkConnectionEnabled: false, pageLoadStrategy: normal, platform: XP, platformName: XP, rotatable: false, setWindowRect: true, takesHeapSnapshot: true, takesScreenshot: true, unexpectedAlertBehaviour: , unhandledPromptBehavior: , version: 80.0.3987.132, webStorageEnabled: true}
Session ID: 02f6152692ed39f34c702457f3bb4297
	at com.thoughtworks.selenium.webdriven.SeleneseCommand.apply(SeleneseCommand.java:45)
	at com.thoughtworks.selenium.webdriven.Timer.run(Timer.java:41)
	at com.thoughtworks.selenium.webdriven.WebDriverCommandProcessor.execute(WebDriverCommandProcessor.java:150)
	at com.thoughtworks.selenium.webdriven.WebDriverCommandProcessor.doCommand(WebDriverCommandProcessor.java:76)
	at com.thoughtworks.selenium.DefaultSelenium.click(DefaultSelenium.java:198)
	at com.thoughtworks.selenium.Selenium$click.call(Unknown Source)
	at Medicare.run(Medicare:35)
	at com.kms.katalon.core.main.ScriptEngine.run(ScriptEngine.java:194)
	at com.kms.katalon.core.main.ScriptEngine.runScriptAsRawText(ScriptEngine.java:119)
	at com.kms.katalon.core.main.TestCaseExecutor.runScript(TestCaseExecutor.java:328)
	at com.kms.katalon.core.main.TestCaseExecutor.doExecute(TestCaseExecutor.java:319)
	at com.kms.katalon.core.main.TestCaseExecutor.processExecutionPhase(TestCaseExecutor.java:298)
	at com.kms.katalon.core.main.TestCaseExecutor.accessMainPhase(TestCaseExecutor.java:290)
	at com.kms.katalon.core.main.TestCaseExecutor.execute(TestCaseExecutor.java:224)
	at com.kms.katalon.core.main.TestSuiteExecutor.accessTestCaseMainPhase(TestSuiteExecutor.java:129)
	at com.kms.katalon.core.main.TestSuiteExecutor.accessTestSuiteMainPhase(TestSuiteExecutor.java:112)
	at com.kms.katalon.core.main.TestSuiteExecutor.execute(TestSuiteExecutor.java:81)
	at com.kms.katalon.core.main.TestCaseMain.startTestSuite(TestCaseMain.java:149)
	at com.kms.katalon.core.main.TestCaseMain$startTestSuite$0.call(Unknown Source)
	at TempTestSuite1583832473723.run(TempTestSuite1583832473723.groovy:36)
Caused by: org.openqa.selenium.WebDriverException: unknown error: Element <button type="button" class="Common__DefaultButton-r4giz5-1 Common__JumboButton-r4giz5-2 SubmitButton-nmdtlk-0 ProductDropDown__CTAButton-trye76-5 jeXAtY btn btn-primary">...</button> is not clickable at point (187, 606). Other element would receive the click: <div class="pages__PhoneCtaResponsive-sc-1dmd8vs-30 hzFEeU">...</div>
  (Session info: chrome=80.0.3987.132)
  (Driver info: chromedriver=2.43.600210 (68dcf5eebde37173d4027fa8635e332711d2874a),platform=Windows NT 6.3.9600 x86_64) (WARNING: The server did not provide any stacktrace information)
Command duration or timeout: 0 milliseconds
Build info: version: '3.7.1', revision: '8a0099a', time: '2017-11-06T21:07:36.161Z'
System info: host: 'WIN-U215233FMVE', ip: '172.30.0.53', os.name: 'Windows Server 2012 R2', os.arch: 'amd64', os.version: '6.3', java.version: '1.8.0_181'
Driver info: com.kms.katalon.selenium.driver.CChromeDriver
Capabilities {acceptInsecureCerts: false, acceptSslCerts: false, applicationCacheEnabled: false, browserConnectionEnabled: false, browserName: chrome, chrome: {chromedriverVersion: 2.43.600210 (68dcf5eebde371..., userDataDir: C:\Users\ADMINI~1\AppData\L...}, cssSelectorsEnabled: true, databaseEnabled: false, goog:chromeOptions: {debuggerAddress: localhost:63093}, handlesAlerts: true, hasTouchScreen: true, javascriptEnabled: true, locationContextEnabled: true, mobileEmulationEnabled: true, nativeEvents: true, networkConnectionEnabled: false, pageLoadStrategy: normal, platform: XP, platformName: XP, rotatable: false, setWindowRect: true, takesHeapSnapshot: true, takesScreenshot: true, unexpectedAlertBehaviour: , unhandledPromptBehavior: , version: 80.0.3987.132, webStorageEnabled: true}
Session ID: 02f6152692ed39f34c702457f3bb4297
	at org.openqa.selenium.remote.ErrorHandler.createThrowable(ErrorHandler.java:214)
	at org.openqa.selenium.remote.ErrorHandler.throwIfResponseFailed(ErrorHandler.java:166)
	at org.openqa.selenium.remote.http.JsonHttpResponseCodec.reconstructValue(JsonHttpResponseCodec.java:40)
	at org.openqa.selenium.remote.http.AbstractHttpResponseCodec.decode(AbstractHttpResponseCodec.java:80)
	at org.openqa.selenium.remote.http.AbstractHttpResponseCodec.decode(AbstractHttpResponseCodec.java:44)
	at org.openqa.selenium.remote.HttpCommandExecutor.execute(HttpCommandExecutor.java:164)
	at org.openqa.selenium.remote.service.DriverCommandExecutor.execute(DriverCommandExecutor.java:83)
	at org.openqa.selenium.remote.RemoteWebDriver.execute(RemoteWebDriver.java:600)
	at com.kms.katalon.selenium.driver.CChromeDriver.execute(CChromeDriver.java:20)
	at org.openqa.selenium.remote.RemoteWebElement.execute(RemoteWebElement.java:279)
	at org.openqa.selenium.remote.RemoteWebElement.click(RemoteWebElement.java:83)
	at com.thoughtworks.selenium.webdriven.commands.Click.handleSeleneseCommand(Click.java:40)
	at com.thoughtworks.selenium.webdriven.commands.Click.handleSeleneseCommand(Click.java:26)
	at com.thoughtworks.selenium.webdriven.SeleneseCommand.apply(SeleneseCommand.java:36)
	at com.thoughtworks.selenium.webdriven.Timer.run(Timer.java:41)
	at com.thoughtworks.selenium.webdriven.WebDriverCommandProcessor.execute(WebDriverCommandProcessor.java:150)
	at com.thoughtworks.selenium.webdriven.WebDriverCommandProcessor.doCommand(WebDriverCommandProcessor.java:76)
	at com.thoughtworks.selenium.DefaultSelenium.click(DefaultSelenium.java:198)
	at com.thoughtworks.selenium.Selenium$click.call(Unknown Source)
	at Script1583722637163.run(Script1583722637163.groovy:35)
	... 13 more]]></system-err>
      </testcase>
      <testcase name="Test Cases/HIC/New/Pet" classname="Test Cases/HIC/New/Pet" status="PASSED">
         <system-out><![CDATA[2020-03-10 05:33:30 - [TEST_CASE][PASSED] - Test Cases/HIC/New/Pet: Test Cases/HIC/New/Pet

2020-03-10 05:33:30 - [TEST_STEP][PASSED] - callTestCase(findTestCase("HIC/_include/get_hicScreenPath"), ["project":"HIC", "productLine":"Pet", "carrierName":"Pet"], CONTINUE_ON_FAILURE): Call Test Case 'Test Cases/HIC/_include/get_hicScreenPath' successfully

2020-03-10 05:33:30 - [TEST_CASE][PASSED] - Test Cases/HIC/_include/get_hicScreenPath: Test Cases/HIC/_include/get_hicScreenPath

2020-03-10 05:33:30 - [TEST_STEP][PASSED] - m = getExecutionProperties(): null

2020-03-10 05:33:30 - [TEST_STEP][PASSED] - deviceName = get("mobileEmulation").get("deviceName"): null

2020-03-10 05:33:30 - [TEST_STEP][PASSED] - println(deviceName): null

2020-03-10 05:33:30 - [TEST_STEP][PASSED] - now = new java.util.Date(): null

2020-03-10 05:33:30 - [TEST_STEP][PASSED] - mydate = now.format("yyyyMMdd_HHmmss"): null

2020-03-10 05:33:30 - [TEST_STEP][PASSED] - screenPath = "../Screenshots/": null

2020-03-10 05:33:30 - [TEST_STEP][PASSED] - screenPath = screenPath + deviceName + "/" + project + "/" + productLine + "/" + carrierName + "/" + mydate + "/": null

2020-03-10 05:33:30 - [TEST_STEP][PASSED] - println(screenPath): null

2020-03-10 05:33:30 - [MESSAGE][PASSED] - Call Test Case 'Test Cases/HIC/_include/get_hicScreenPath' successfully

2020-03-10 05:33:30 - [TEST_STEP][PASSED] - i = 0: null

2020-03-10 05:33:30 - [TEST_STEP][PASSED] - callTestCase(findTestCase("AHI/_include/openWebSite"), ["env":env], CONTINUE_ON_FAILURE): Call Test Case 'Test Cases/AHI/_include/openWebSite' successfully

2020-03-10 05:33:30 - [TEST_CASE][PASSED] - Test Cases/AHI/_include/openWebSite: Test Cases/AHI/_include/openWebSite

2020-03-10 05:33:30 - [TEST_STEP][PASSED] - openBrowser(env): Browser is opened with url: 'https://qa.healthinsurance.com'

2020-03-10 05:33:30 - [MESSAGE][WARNING] - A browser is already opened. Closing browser and opening a new one

2020-03-10 05:33:31 - [MESSAGE][INFO] - Starting 'Chrome' driver

2020-03-10 05:33:31 - [MESSAGE][INFO] - User set preference: ['mobileEmulation', '{deviceName=iPhone 6}']

2020-03-10 05:33:31 - [MESSAGE][INFO] - User set preference: ['args', '[--incognito, --aggressive-cache-discard, --window-size=375,677, --no-sandbox, --ignore-certificate-errors]']

2020-03-10 05:33:34 - [MESSAGE][PASSED] - Browser is opened with url: 'https://qa.healthinsurance.com'

2020-03-10 05:33:34 - [TEST_STEP][PASSED] - waitForPageLoad(20): Wait for page load successfully

2020-03-10 05:33:34 - [MESSAGE][PASSED] - Wait for page load successfully

2020-03-10 05:33:34 - [TEST_STEP][PASSED] - callTestCase(findTestCase("AHI/_include/get_screenshot"), [:], STOP_ON_FAILURE): Call Test Case 'Test Cases/AHI/_include/get_screenshot' successfully

2020-03-10 05:33:34 - [TEST_CASE][PASSED] - Test Cases/AHI/_include/get_screenshot: Test Cases/AHI/_include/get_screenshot

2020-03-10 05:33:34 - [TEST_STEP][PASSED] - Thread.sleep(1000): null

2020-03-10 05:33:35 - [TEST_STEP][PASSED] - takeScreenshot(screenPath + i + ".png"): Taking screenshot successfully

2020-03-10 05:33:35 - [MESSAGE][PASSED] - Taking screenshot successfully
[[ATTACHMENT|D:\\Test\\AgileTest\\Reports\\HIC\\hic\\20200310_052753\\../Screenshots/iPhone 6/HIC/Pet/Pet/20200310_053330/0.png]]

2020-03-10 05:33:35 - [TEST_STEP][PASSED] - (internal.GlobalVariable.i++): null

2020-03-10 05:33:35 - [MESSAGE][PASSED] - Call Test Case 'Test Cases/AHI/_include/get_screenshot' successfully

2020-03-10 05:33:35 - [MESSAGE][PASSED] - Call Test Case 'Test Cases/AHI/_include/openWebSite' successfully

2020-03-10 05:33:35 - [TEST_STEP][PASSED] - driver = getWebDriver(): null

2020-03-10 05:33:35 - [TEST_STEP][PASSED] - baseUrl = env: null

2020-03-10 05:33:35 - [TEST_STEP][PASSED] - selenium = new com.thoughtworks.selenium.webdriven.WebDriverBackedSelenium(driver, baseUrl): null

2020-03-10 05:33:35 - [TEST_STEP][PASSED] - selenium.click("id=product-lines"): null

2020-03-10 05:33:35 - [TEST_STEP][PASSED] - selenium.click("//*[@id='product-lines']/following::div/button[contains(text(),'Pet Insurance')]"): null

2020-03-10 05:33:36 - [TEST_STEP][PASSED] - selenium.click("//button[contains(text(),'COMPARE HEALTHPLANS')]"): null

2020-03-10 05:33:36 - [TEST_STEP][PASSED] - for ([second = 0, second < 20, (second++)]): null

2020-03-10 05:33:36 - [TEST_STEP][PASSED] - try: null

2020-03-10 05:33:36 - [TEST_STEP][PASSED] - if (selenium.isElementPresent("id=zip-input")): null

2020-03-10 05:33:37 - [TEST_STEP][PASSED] - break: null

2020-03-10 05:33:37 - [TEST_STEP][PASSED] - callTestCase(findTestCase("AHI/_include/get_screenshot"), [:], STOP_ON_FAILURE): Call Test Case 'Test Cases/AHI/_include/get_screenshot' successfully

2020-03-10 05:33:37 - [TEST_CASE][PASSED] - Test Cases/AHI/_include/get_screenshot: Test Cases/AHI/_include/get_screenshot

2020-03-10 05:33:37 - [TEST_STEP][PASSED] - Thread.sleep(1000): null

2020-03-10 05:33:38 - [TEST_STEP][PASSED] - takeScreenshot(screenPath + i + ".png"): Taking screenshot successfully

2020-03-10 05:33:39 - [MESSAGE][PASSED] - Taking screenshot successfully
[[ATTACHMENT|D:\\Test\\AgileTest\\Reports\\HIC\\hic\\20200310_052753\\../Screenshots/iPhone 6/HIC/Pet/Pet/20200310_053330/1.png]]

2020-03-10 05:33:39 - [TEST_STEP][PASSED] - (internal.GlobalVariable.i++): null

2020-03-10 05:33:39 - [MESSAGE][PASSED] - Call Test Case 'Test Cases/AHI/_include/get_screenshot' successfully

2020-03-10 05:33:39 - [TEST_STEP][PASSED] - sendKeys(findTestObject("mobileSanity/Cancer Insurance/zip"), "35216"): Keys '35216' sent to object: 'Object Repository/mobileSanity/Cancer Insurance/zip'

2020-03-10 05:33:39 - [MESSAGE][PASSED] - Keys '35216' sent to object: 'Object Repository/mobileSanity/Cancer Insurance/zip'

2020-03-10 05:33:39 - [TEST_STEP][PASSED] - Thread.sleep(3000): null

2020-03-10 05:33:42 - [TEST_STEP][PASSED] - selenium.click("id=js-see-plans"): null

2020-03-10 05:33:43 - [TEST_STEP][PASSED] - for ([second = 0, second < 20, (second++)]): null

2020-03-10 05:33:43 - [TEST_STEP][PASSED] - try: null

2020-03-10 05:33:43 - [TEST_STEP][PASSED] - if (selenium.isElementPresent("id=name-input")): null

2020-03-10 05:33:43 - [TEST_STEP][PASSED] - break: null

2020-03-10 05:33:43 - [TEST_STEP][PASSED] - callTestCase(findTestCase("AHI/_include/get_screenshot"), [:], STOP_ON_FAILURE): Call Test Case 'Test Cases/AHI/_include/get_screenshot' successfully

2020-03-10 05:33:43 - [TEST_CASE][PASSED] - Test Cases/AHI/_include/get_screenshot: Test Cases/AHI/_include/get_screenshot

2020-03-10 05:33:43 - [TEST_STEP][PASSED] - Thread.sleep(1000): null

2020-03-10 05:33:44 - [TEST_STEP][PASSED] - takeScreenshot(screenPath + i + ".png"): Taking screenshot successfully

2020-03-10 05:33:45 - [MESSAGE][PASSED] - Taking screenshot successfully
[[ATTACHMENT|D:\\Test\\AgileTest\\Reports\\HIC\\hic\\20200310_052753\\../Screenshots/iPhone 6/HIC/Pet/Pet/20200310_053330/2.png]]

2020-03-10 05:33:45 - [TEST_STEP][PASSED] - (internal.GlobalVariable.i++): null

2020-03-10 05:33:45 - [MESSAGE][PASSED] - Call Test Case 'Test Cases/AHI/_include/get_screenshot' successfully

2020-03-10 05:33:45 - [TEST_STEP][PASSED] - setText(findTestObject("mobileSanity/Pet Insurance/name-input"), "Test cat"): Text 'Test cat' is set on object 'Object Repository/mobileSanity/Pet Insurance/name-input'

2020-03-10 05:33:45 - [MESSAGE][PASSED] - Text 'Test cat' is set on object 'Object Repository/mobileSanity/Pet Insurance/name-input'

2020-03-10 05:33:45 - [TEST_STEP][PASSED] - selenium.click("id=js-continue"): null

2020-03-10 05:33:45 - [TEST_STEP][PASSED] - for ([second = 0, second < 20, (second++)]): null

2020-03-10 05:33:45 - [TEST_STEP][PASSED] - try: null

2020-03-10 05:33:45 - [TEST_STEP][PASSED] - if (selenium.isElementPresent("xpath=//label[@for='p-cat']")): null

2020-03-10 05:33:45 - [TEST_STEP][PASSED] - break: null

2020-03-10 05:33:45 - [TEST_STEP][PASSED] - callTestCase(findTestCase("AHI/_include/get_screenshot"), [:], STOP_ON_FAILURE): Call Test Case 'Test Cases/AHI/_include/get_screenshot' successfully

2020-03-10 05:33:45 - [TEST_CASE][PASSED] - Test Cases/AHI/_include/get_screenshot: Test Cases/AHI/_include/get_screenshot

2020-03-10 05:33:45 - [TEST_STEP][PASSED] - Thread.sleep(1000): null

2020-03-10 05:33:46 - [TEST_STEP][PASSED] - takeScreenshot(screenPath + i + ".png"): Taking screenshot successfully

2020-03-10 05:33:47 - [MESSAGE][PASSED] - Taking screenshot successfully
[[ATTACHMENT|D:\\Test\\AgileTest\\Reports\\HIC\\hic\\20200310_052753\\../Screenshots/iPhone 6/HIC/Pet/Pet/20200310_053330/3.png]]

2020-03-10 05:33:47 - [TEST_STEP][PASSED] - (internal.GlobalVariable.i++): null

2020-03-10 05:33:47 - [MESSAGE][PASSED] - Call Test Case 'Test Cases/AHI/_include/get_screenshot' successfully

2020-03-10 05:33:47 - [TEST_STEP][PASSED] - selenium.click("//label[@for='p-cat']"): null

2020-03-10 05:33:47 - [TEST_STEP][PASSED] - for ([second = 0, second < 20, (second++)]): null

2020-03-10 05:33:47 - [TEST_STEP][PASSED] - try: null

2020-03-10 05:33:47 - [TEST_STEP][PASSED] - if (selenium.isElementPresent("id=dob-mm-input")): null

2020-03-10 05:33:47 - [TEST_STEP][PASSED] - Thread.sleep(1000): null

2020-03-10 05:33:48 - [TEST_STEP][PASSED] - try: null

2020-03-10 05:33:48 - [TEST_STEP][PASSED] - if (selenium.isElementPresent("id=dob-mm-input")): null

2020-03-10 05:33:48 - [TEST_STEP][PASSED] - break: null

2020-03-10 05:33:48 - [TEST_STEP][PASSED] - callTestCase(findTestCase("AHI/_include/get_screenshot"), [:], STOP_ON_FAILURE): Call Test Case 'Test Cases/AHI/_include/get_screenshot' successfully

2020-03-10 05:33:48 - [TEST_CASE][PASSED] - Test Cases/AHI/_include/get_screenshot: Test Cases/AHI/_include/get_screenshot

2020-03-10 05:33:48 - [TEST_STEP][PASSED] - Thread.sleep(1000): null

2020-03-10 05:33:49 - [TEST_STEP][PASSED] - takeScreenshot(screenPath + i + ".png"): Taking screenshot successfully

2020-03-10 05:33:50 - [MESSAGE][PASSED] - Taking screenshot successfully
[[ATTACHMENT|D:\\Test\\AgileTest\\Reports\\HIC\\hic\\20200310_052753\\../Screenshots/iPhone 6/HIC/Pet/Pet/20200310_053330/4.png]]

2020-03-10 05:33:50 - [TEST_STEP][PASSED] - (internal.GlobalVariable.i++): null

2020-03-10 05:33:50 - [MESSAGE][PASSED] - Call Test Case 'Test Cases/AHI/_include/get_screenshot' successfully

2020-03-10 05:33:50 - [TEST_STEP][PASSED] - setText(findTestObject("mobileSanity/Pet Insurance/dob-mm-input"), "01"): Text '01' is set on object 'Object Repository/mobileSanity/Pet Insurance/dob-mm-input'

2020-03-10 05:33:50 - [MESSAGE][PASSED] - Text '01' is set on object 'Object Repository/mobileSanity/Pet Insurance/dob-mm-input'

2020-03-10 05:33:50 - [TEST_STEP][PASSED] - setText(findTestObject("mobileSanity/Pet Insurance/dob-dd-input"), "01"): Text '01' is set on object 'Object Repository/mobileSanity/Pet Insurance/dob-dd-input'

2020-03-10 05:33:50 - [MESSAGE][PASSED] - Text '01' is set on object 'Object Repository/mobileSanity/Pet Insurance/dob-dd-input'

2020-03-10 05:33:50 - [TEST_STEP][PASSED] - setText(findTestObject("mobileSanity/Pet Insurance/dob-yyyy-input"), "2016"): Text '2016' is set on object 'Object Repository/mobileSanity/Pet Insurance/dob-yyyy-input'

2020-03-10 05:33:50 - [MESSAGE][PASSED] - Text '2016' is set on object 'Object Repository/mobileSanity/Pet Insurance/dob-yyyy-input'

2020-03-10 05:33:50 - [TEST_STEP][PASSED] - for ([second = 0, second < 20, (second++)]): null

2020-03-10 05:33:50 - [TEST_STEP][PASSED] - try: null

2020-03-10 05:33:50 - [TEST_STEP][PASSED] - if (selenium.isElementPresent("xpath=//label[@for='p-no']")): null

2020-03-10 05:33:50 - [TEST_STEP][PASSED] - break: null

2020-03-10 05:33:50 - [TEST_STEP][PASSED] - callTestCase(findTestCase("AHI/_include/get_screenshot"), [:], STOP_ON_FAILURE): Call Test Case 'Test Cases/AHI/_include/get_screenshot' successfully

2020-03-10 05:33:50 - [TEST_CASE][PASSED] - Test Cases/AHI/_include/get_screenshot: Test Cases/AHI/_include/get_screenshot

2020-03-10 05:33:50 - [TEST_STEP][PASSED] - Thread.sleep(1000): null

2020-03-10 05:33:51 - [TEST_STEP][PASSED] - takeScreenshot(screenPath + i + ".png"): Taking screenshot successfully

2020-03-10 05:33:52 - [MESSAGE][PASSED] - Taking screenshot successfully
[[ATTACHMENT|D:\\Test\\AgileTest\\Reports\\HIC\\hic\\20200310_052753\\../Screenshots/iPhone 6/HIC/Pet/Pet/20200310_053330/5.png]]

2020-03-10 05:33:52 - [TEST_STEP][PASSED] - (internal.GlobalVariable.i++): null

2020-03-10 05:33:52 - [MESSAGE][PASSED] - Call Test Case 'Test Cases/AHI/_include/get_screenshot' successfully

2020-03-10 05:33:52 - [TEST_STEP][PASSED] - selenium.click("//label[@for='p-no']"): null

2020-03-10 05:33:52 - [TEST_STEP][PASSED] - for ([second = 0, second < 20, (second++)]): null

2020-03-10 05:33:52 - [TEST_STEP][PASSED] - try: null

2020-03-10 05:33:52 - [TEST_STEP][PASSED] - if (selenium.isElementPresent("id=applyCta")): null

2020-03-10 05:33:54 - [TEST_STEP][PASSED] - break: null

2020-03-10 05:33:54 - [TEST_STEP][PASSED] - callTestCase(findTestCase("AHI/_include/get_screenshot"), [:], STOP_ON_FAILURE): Call Test Case 'Test Cases/AHI/_include/get_screenshot' successfully

2020-03-10 05:33:54 - [TEST_CASE][PASSED] - Test Cases/AHI/_include/get_screenshot: Test Cases/AHI/_include/get_screenshot

2020-03-10 05:33:54 - [TEST_STEP][PASSED] - Thread.sleep(1000): null

2020-03-10 05:33:55 - [TEST_STEP][PASSED] - takeScreenshot(screenPath + i + ".png"): Taking screenshot successfully

2020-03-10 05:33:55 - [MESSAGE][PASSED] - Taking screenshot successfully
[[ATTACHMENT|D:\\Test\\AgileTest\\Reports\\HIC\\hic\\20200310_052753\\../Screenshots/iPhone 6/HIC/Pet/Pet/20200310_053330/6.png]]

2020-03-10 05:33:55 - [TEST_STEP][PASSED] - (internal.GlobalVariable.i++): null

2020-03-10 05:33:55 - [MESSAGE][PASSED] - Call Test Case 'Test Cases/AHI/_include/get_screenshot' successfully

2020-03-10 05:33:55 - [TEST_STEP][PASSED] - selenium.click("id=applyCta"): null

2020-03-10 05:33:56 - [TEST_STEP][PASSED] - for ([second = 0, second < 20, (second++)]): null

2020-03-10 05:33:56 - [TEST_STEP][PASSED] - try: null

2020-03-10 05:33:56 - [TEST_STEP][PASSED] - if (selenium.isElementPresent("id=member-P-1-firstName")): null

2020-03-10 05:33:57 - [TEST_STEP][PASSED] - Thread.sleep(1000): null

2020-03-10 05:33:58 - [TEST_STEP][PASSED] - try: null

2020-03-10 05:33:58 - [TEST_STEP][PASSED] - if (selenium.isElementPresent("id=member-P-1-firstName")): null

2020-03-10 05:33:58 - [TEST_STEP][PASSED] - break: null

2020-03-10 05:33:58 - [TEST_STEP][PASSED] - callTestCase(findTestCase("AHI/_include/get_screenshot"), [:], STOP_ON_FAILURE): Call Test Case 'Test Cases/AHI/_include/get_screenshot' successfully

2020-03-10 05:33:58 - [TEST_CASE][PASSED] - Test Cases/AHI/_include/get_screenshot: Test Cases/AHI/_include/get_screenshot

2020-03-10 05:33:58 - [TEST_STEP][PASSED] - Thread.sleep(1000): null

2020-03-10 05:33:59 - [TEST_STEP][PASSED] - takeScreenshot(screenPath + i + ".png"): Taking screenshot successfully

2020-03-10 05:33:59 - [MESSAGE][PASSED] - Taking screenshot successfully
[[ATTACHMENT|D:\\Test\\AgileTest\\Reports\\HIC\\hic\\20200310_052753\\../Screenshots/iPhone 6/HIC/Pet/Pet/20200310_053330/7.png]]

2020-03-10 05:33:59 - [TEST_STEP][PASSED] - (internal.GlobalVariable.i++): null

2020-03-10 05:33:59 - [MESSAGE][PASSED] - Call Test Case 'Test Cases/AHI/_include/get_screenshot' successfully

2020-03-10 05:33:59 - [TEST_STEP][PASSED] - callTestCase(findTestCase("AHI/_include/name"), [:], STOP_ON_FAILURE): Call Test Case 'Test Cases/AHI/_include/name' successfully

2020-03-10 05:33:59 - [TEST_CASE][PASSED] - Test Cases/AHI/_include/name: Test Cases/AHI/_include/name

2020-03-10 05:33:59 - [TEST_STEP][PASSED] - driver = getWebDriver(): null

2020-03-10 05:33:59 - [TEST_STEP][PASSED] - selenium = new com.thoughtworks.selenium.webdriven.WebDriverBackedSelenium(driver, internal.GlobalVariable.ENV): null

2020-03-10 05:33:59 - [TEST_STEP][PASSED] - FirstName = "Test-123": null

2020-03-10 05:33:59 - [TEST_STEP][PASSED] - LastName = selenium.getEval("{var x="ABCDEFGHIJKLMNOPQRSTUVWXYZabcdefghijklmnopqrstuvwxyz"; var tmp="ZZ11-"; for (i=0;i<8;i++) tmp+=x.charAt(Math.ceil(51*Math.random()));tmp;}"): null

2020-03-10 05:33:59 - [TEST_STEP][PASSED] - Address = selenium.getEval("{var x="ABCDEFGHIJKLMNOPQRSTUVWXYZabcdefghijklmnopqrstuvwxyz"; var tmp=""; for (i=0;i<8;i++) tmp+=x.charAt(Math.ceil(51*Math.random()));tmp;}"): null

2020-03-10 05:33:59 - [TEST_STEP][PASSED] - City = selenium.getEval("{var x="ABCDEFGHIJKLMNOPQRSTUVWXYZabcdefghijklmnopqrstuvwxyz"; var tmp=""; for (i=0;i<8;i++) tmp+=x.charAt(Math.ceil(51*Math.random()));tmp;}"): null

2020-03-10 05:33:59 - [TEST_STEP][PASSED] - tel1 = selenium.getEval("{var x="123456789"; var tmp=""; for (i=0;i<3;i++) tmp+=x.charAt(Math.ceil(8*Math.random()));tmp;}"): null

2020-03-10 05:33:59 - [TEST_STEP][PASSED] - tel2 = selenium.getEval("{var x="123456789"; var tmp=""; for (i=0;i<3;i++) tmp+=x.charAt(Math.ceil(8*Math.random()));tmp;}"): null

2020-03-10 05:33:59 - [TEST_STEP][PASSED] - tel3 = selenium.getEval("{var x="123456789"; var tmp=""; for (i=0;i<4;i++) tmp+=x.charAt(Math.ceil(8*Math.random()));tmp;}"): null

2020-03-10 05:33:59 - [TEST_STEP][PASSED] - Tel = selenium.getExpression(tel1 + "-" + tel2 + "-" + tel3): null

2020-03-10 05:33:59 - [TEST_STEP][PASSED] - AutoEmail = selenium.getEval("{var x="ABCDEFGHIJKLMNOPQRSTUVWXYZabcdefghijklmnopqrstuvwxyz"; var tmp="test."; for (i=0;i<8;i++) tmp+=x.charAt(Math.ceil(51*Math.random()));tmp+="@suryani.cn";}"): null

2020-03-10 05:34:00 - [TEST_STEP][PASSED] - FirstName = FirstName: null

2020-03-10 05:34:00 - [TEST_STEP][PASSED] - LastName = LastName: null

2020-03-10 05:34:00 - [TEST_STEP][PASSED] - Address = Address: null

2020-03-10 05:34:00 - [TEST_STEP][PASSED] - City = City: null

2020-03-10 05:34:00 - [TEST_STEP][PASSED] - Tel = Tel: null

2020-03-10 05:34:00 - [TEST_STEP][PASSED] - AutoEmail = AutoEmail: null

2020-03-10 05:34:00 - [TEST_STEP][PASSED] - println(FirstName): null

2020-03-10 05:34:00 - [TEST_STEP][PASSED] - println(LastName): null

2020-03-10 05:34:00 - [TEST_STEP][PASSED] - println(Address): null

2020-03-10 05:34:00 - [TEST_STEP][PASSED] - println(City): null

2020-03-10 05:34:00 - [TEST_STEP][PASSED] - println(Tel): null

2020-03-10 05:34:00 - [TEST_STEP][PASSED] - println(AutoEmail): null

2020-03-10 05:34:00 - [MESSAGE][PASSED] - Call Test Case 'Test Cases/AHI/_include/name' successfully

2020-03-10 05:34:00 - [TEST_STEP][PASSED] - selenium.type("id=member-P-1-firstName", FirstName): null

2020-03-10 05:34:00 - [TEST_STEP][PASSED] - selenium.type("id=member-P-1-lastName", LastName): null

2020-03-10 05:34:00 - [TEST_STEP][PASSED] - selenium.type("id=address", Address): null

2020-03-10 05:34:00 - [TEST_STEP][PASSED] - selenium.type("id=city", City): null

2020-03-10 05:34:00 - [TEST_STEP][PASSED] - selenium.type("id=email", AutoEmail): null

2020-03-10 05:34:00 - [TEST_STEP][PASSED] - selenium.type("id=primaryPhone", Tel): null

2020-03-10 05:34:00 - [TEST_STEP][PASSED] - selenium.click("id=pet-veterinary-clinic-flag"): null

2020-03-10 05:34:01 - [TEST_STEP][PASSED] - Thread.sleep(2000): null

2020-03-10 05:34:03 - [TEST_STEP][PASSED] - selenium.click("id=js-app-continue-link"): null

2020-03-10 05:34:03 - [TEST_STEP][PASSED] - for ([second = 0, second < 20, (second++)]): null

2020-03-10 05:34:03 - [TEST_STEP][PASSED] - try: null

2020-03-10 05:34:03 - [TEST_STEP][PASSED] - if (selenium.isElementPresent("id=credit-card-number")): null

2020-03-10 05:34:03 - [TEST_STEP][PASSED] - Thread.sleep(1000): null

2020-03-10 05:34:04 - [TEST_STEP][PASSED] - try: null

2020-03-10 05:34:04 - [TEST_STEP][PASSED] - if (selenium.isElementPresent("id=credit-card-number")): null

2020-03-10 05:34:04 - [TEST_STEP][PASSED] - break: null

2020-03-10 05:34:04 - [TEST_STEP][PASSED] - callTestCase(findTestCase("AHI/_include/get_screenshot"), [:], STOP_ON_FAILURE): Call Test Case 'Test Cases/AHI/_include/get_screenshot' successfully

2020-03-10 05:34:04 - [TEST_CASE][PASSED] - Test Cases/AHI/_include/get_screenshot: Test Cases/AHI/_include/get_screenshot

2020-03-10 05:34:04 - [TEST_STEP][PASSED] - Thread.sleep(1000): null

2020-03-10 05:34:05 - [TEST_STEP][PASSED] - takeScreenshot(screenPath + i + ".png"): Taking screenshot successfully

2020-03-10 05:34:06 - [MESSAGE][PASSED] - Taking screenshot successfully
[[ATTACHMENT|D:\\Test\\AgileTest\\Reports\\HIC\\hic\\20200310_052753\\../Screenshots/iPhone 6/HIC/Pet/Pet/20200310_053330/8.png]]

2020-03-10 05:34:06 - [TEST_STEP][PASSED] - (internal.GlobalVariable.i++): null

2020-03-10 05:34:06 - [MESSAGE][PASSED] - Call Test Case 'Test Cases/AHI/_include/get_screenshot' successfully

2020-03-10 05:34:06 - [TEST_STEP][PASSED] - selenium.type("id=credit-card-number", "4111111111111111"): null

2020-03-10 05:34:06 - [TEST_STEP][PASSED] - selenium.type("id=credit-card-first", "test"): null

2020-03-10 05:34:06 - [TEST_STEP][PASSED] - selenium.type("id=credit-card-last", "test"): null

2020-03-10 05:34:06 - [TEST_STEP][PASSED] - selenium.select("id=expiration-month", "12"): null

2020-03-10 05:34:07 - [TEST_STEP][PASSED] - selenium.select("id=expiration-year", "2026"): null

2020-03-10 05:34:07 - [TEST_STEP][PASSED] - selenium.type("id=credit-card-cvv", "123"): null

2020-03-10 05:34:07 - [TEST_STEP][PASSED] - selenium.type("id=credit-card-number", "4111111111111111"): null

2020-03-10 05:34:07 - [TEST_STEP][PASSED] - selenium.click("id=js-same-billing"): null

2020-03-10 05:34:07 - [TEST_STEP][PASSED] - selenium.click("id=credit-payment-authorization"): null

2020-03-10 05:34:08 - [TEST_STEP][PASSED] - selenium.click("id=js-app-continue-link"): null

2020-03-10 05:34:08 - [TEST_STEP][PASSED] - for ([second = 0, second < 20, (second++)]): null

2020-03-10 05:34:08 - [TEST_STEP][PASSED] - try: null

2020-03-10 05:34:08 - [TEST_STEP][PASSED] - if (selenium.isElementPresent("id=consent-checkbox-0")): null

2020-03-10 05:34:08 - [TEST_STEP][PASSED] - Thread.sleep(1000): null

2020-03-10 05:34:09 - [TEST_STEP][PASSED] - try: null

2020-03-10 05:34:09 - [TEST_STEP][PASSED] - if (selenium.isElementPresent("id=consent-checkbox-0")): null

2020-03-10 05:34:09 - [TEST_STEP][PASSED] - Thread.sleep(1000): null

2020-03-10 05:34:10 - [TEST_STEP][PASSED] - try: null

2020-03-10 05:34:10 - [TEST_STEP][PASSED] - if (selenium.isElementPresent("id=consent-checkbox-0")): null

2020-03-10 05:34:10 - [TEST_STEP][PASSED] - break: null

2020-03-10 05:34:10 - [TEST_STEP][PASSED] - callTestCase(findTestCase("AHI/_include/get_screenshot"), [:], STOP_ON_FAILURE): Call Test Case 'Test Cases/AHI/_include/get_screenshot' successfully

2020-03-10 05:34:10 - [TEST_CASE][PASSED] - Test Cases/AHI/_include/get_screenshot: Test Cases/AHI/_include/get_screenshot

2020-03-10 05:34:10 - [TEST_STEP][PASSED] - Thread.sleep(1000): null

2020-03-10 05:34:11 - [TEST_STEP][PASSED] - takeScreenshot(screenPath + i + ".png"): Taking screenshot successfully

2020-03-10 05:34:12 - [MESSAGE][PASSED] - Taking screenshot successfully
[[ATTACHMENT|D:\\Test\\AgileTest\\Reports\\HIC\\hic\\20200310_052753\\../Screenshots/iPhone 6/HIC/Pet/Pet/20200310_053330/9.png]]

2020-03-10 05:34:12 - [TEST_STEP][PASSED] - (internal.GlobalVariable.i++): null

2020-03-10 05:34:12 - [MESSAGE][PASSED] - Call Test Case 'Test Cases/AHI/_include/get_screenshot' successfully

2020-03-10 05:34:12 - [TEST_STEP][PASSED] - selenium.click("id=consent-checkbox-0"): null

2020-03-10 05:34:12 - [TEST_STEP][PASSED] - selenium.click("id=consent-checkbox-1"): null

2020-03-10 05:34:12 - [TEST_STEP][PASSED] - selenium.click("id=consent-checkbox-2"): null

2020-03-10 05:34:12 - [TEST_STEP][PASSED] - selenium.click("id=consent-checkbox-3"): null

2020-03-10 05:34:12 - [TEST_STEP][PASSED] - selenium.click("id=js-signature-tab"): null

2020-03-10 05:34:13 - [TEST_STEP][PASSED] - selenium.click("id=js-app-continue-link"): null

2020-03-10 05:34:13 - [TEST_STEP][PASSED] - for ([second = 0, second < 30, (second++)]): null

2020-03-10 05:34:13 - [TEST_STEP][PASSED] - try: null

2020-03-10 05:34:13 - [TEST_STEP][PASSED] - if (selenium.isElementPresent("xpath=//h2[contains(text(),'Thank You')]")): null

2020-03-10 05:34:13 - [TEST_STEP][PASSED] - Thread.sleep(1000): null

2020-03-10 05:34:14 - [TEST_STEP][PASSED] - try: null

2020-03-10 05:34:14 - [TEST_STEP][PASSED] - if (selenium.isElementPresent("xpath=//h2[contains(text(),'Thank You')]")): null

2020-03-10 05:34:14 - [TEST_STEP][PASSED] - Thread.sleep(1000): null

2020-03-10 05:34:15 - [TEST_STEP][PASSED] - try: null

2020-03-10 05:34:15 - [TEST_STEP][PASSED] - if (selenium.isElementPresent("xpath=//h2[contains(text(),'Thank You')]")): null

2020-03-10 05:34:15 - [TEST_STEP][PASSED] - Thread.sleep(1000): null

2020-03-10 05:34:16 - [TEST_STEP][PASSED] - try: null

2020-03-10 05:34:16 - [TEST_STEP][PASSED] - if (selenium.isElementPresent("xpath=//h2[contains(text(),'Thank You')]")): null

2020-03-10 05:34:17 - [TEST_STEP][PASSED] - Thread.sleep(1000): null

2020-03-10 05:34:18 - [TEST_STEP][PASSED] - try: null

2020-03-10 05:34:18 - [TEST_STEP][PASSED] - if (selenium.isElementPresent("xpath=//h2[contains(text(),'Thank You')]")): null

2020-03-10 05:34:18 - [TEST_STEP][PASSED] - Thread.sleep(1000): null

2020-03-10 05:34:19 - [TEST_STEP][PASSED] - try: null

2020-03-10 05:34:19 - [TEST_STEP][PASSED] - if (selenium.isElementPresent("xpath=//h2[contains(text(),'Thank You')]")): null

2020-03-10 05:34:19 - [TEST_STEP][PASSED] - Thread.sleep(1000): null

2020-03-10 05:34:20 - [TEST_STEP][PASSED] - try: null

2020-03-10 05:34:20 - [TEST_STEP][PASSED] - if (selenium.isElementPresent("xpath=//h2[contains(text(),'Thank You')]")): null

2020-03-10 05:34:20 - [TEST_STEP][PASSED] - Thread.sleep(1000): null

2020-03-10 05:34:21 - [TEST_STEP][PASSED] - try: null

2020-03-10 05:34:21 - [TEST_STEP][PASSED] - if (selenium.isElementPresent("xpath=//h2[contains(text(),'Thank You')]")): null

2020-03-10 05:34:21 - [TEST_STEP][PASSED] - Thread.sleep(1000): null

2020-03-10 05:34:22 - [TEST_STEP][PASSED] - try: null

2020-03-10 05:34:22 - [TEST_STEP][PASSED] - if (selenium.isElementPresent("xpath=//h2[contains(text(),'Thank You')]")): null

2020-03-10 05:34:22 - [TEST_STEP][PASSED] - Thread.sleep(1000): null

2020-03-10 05:34:23 - [TEST_STEP][PASSED] - try: null

2020-03-10 05:34:23 - [TEST_STEP][PASSED] - if (selenium.isElementPresent("xpath=//h2[contains(text(),'Thank You')]")): null

2020-03-10 05:34:24 - [TEST_STEP][PASSED] - Thread.sleep(1000): null

2020-03-10 05:34:25 - [TEST_STEP][PASSED] - try: null

2020-03-10 05:34:25 - [TEST_STEP][PASSED] - if (selenium.isElementPresent("xpath=//h2[contains(text(),'Thank You')]")): null

2020-03-10 05:34:25 - [TEST_STEP][PASSED] - Thread.sleep(1000): null

2020-03-10 05:34:26 - [TEST_STEP][PASSED] - try: null

2020-03-10 05:34:26 - [TEST_STEP][PASSED] - if (selenium.isElementPresent("xpath=//h2[contains(text(),'Thank You')]")): null

2020-03-10 05:34:26 - [TEST_STEP][PASSED] - Thread.sleep(1000): null

2020-03-10 05:34:27 - [TEST_STEP][PASSED] - try: null

2020-03-10 05:34:27 - [TEST_STEP][PASSED] - if (selenium.isElementPresent("xpath=//h2[contains(text(),'Thank You')]")): null

2020-03-10 05:34:27 - [TEST_STEP][PASSED] - Thread.sleep(1000): null

2020-03-10 05:34:28 - [TEST_STEP][PASSED] - try: null

2020-03-10 05:34:28 - [TEST_STEP][PASSED] - if (selenium.isElementPresent("xpath=//h2[contains(text(),'Thank You')]")): null

2020-03-10 05:34:28 - [TEST_STEP][PASSED] - Thread.sleep(1000): null

2020-03-10 05:34:29 - [TEST_STEP][PASSED] - try: null

2020-03-10 05:34:29 - [TEST_STEP][PASSED] - if (selenium.isElementPresent("xpath=//h2[contains(text(),'Thank You')]")): null

2020-03-10 05:34:29 - [TEST_STEP][PASSED] - Thread.sleep(1000): null

2020-03-10 05:34:30 - [TEST_STEP][PASSED] - try: null

2020-03-10 05:34:30 - [TEST_STEP][PASSED] - if (selenium.isElementPresent("xpath=//h2[contains(text(),'Thank You')]")): null

2020-03-10 05:34:30 - [TEST_STEP][PASSED] - Thread.sleep(1000): null

2020-03-10 05:34:31 - [TEST_STEP][PASSED] - try: null

2020-03-10 05:34:31 - [TEST_STEP][PASSED] - if (selenium.isElementPresent("xpath=//h2[contains(text(),'Thank You')]")): null

2020-03-10 05:34:31 - [TEST_STEP][PASSED] - Thread.sleep(1000): null

2020-03-10 05:34:32 - [TEST_STEP][PASSED] - try: null

2020-03-10 05:34:32 - [TEST_STEP][PASSED] - if (selenium.isElementPresent("xpath=//h2[contains(text(),'Thank You')]")): null

2020-03-10 05:34:32 - [TEST_STEP][PASSED] - Thread.sleep(1000): null

2020-03-10 05:34:33 - [TEST_STEP][PASSED] - try: null

2020-03-10 05:34:33 - [TEST_STEP][PASSED] - if (selenium.isElementPresent("xpath=//h2[contains(text(),'Thank You')]")): null

2020-03-10 05:34:33 - [TEST_STEP][PASSED] - Thread.sleep(1000): null

2020-03-10 05:34:34 - [TEST_STEP][PASSED] - try: null

2020-03-10 05:34:34 - [TEST_STEP][PASSED] - if (selenium.isElementPresent("xpath=//h2[contains(text(),'Thank You')]")): null

2020-03-10 05:34:34 - [TEST_STEP][PASSED] - Thread.sleep(1000): null

2020-03-10 05:34:35 - [TEST_STEP][PASSED] - try: null

2020-03-10 05:34:35 - [TEST_STEP][PASSED] - if (selenium.isElementPresent("xpath=//h2[contains(text(),'Thank You')]")): null

2020-03-10 05:34:35 - [TEST_STEP][PASSED] - Thread.sleep(1000): null

2020-03-10 05:34:36 - [TEST_STEP][PASSED] - try: null

2020-03-10 05:34:36 - [TEST_STEP][PASSED] - if (selenium.isElementPresent("xpath=//h2[contains(text(),'Thank You')]")): null

2020-03-10 05:34:36 - [TEST_STEP][PASSED] - Thread.sleep(1000): null

2020-03-10 05:34:37 - [TEST_STEP][PASSED] - try: null

2020-03-10 05:34:37 - [TEST_STEP][PASSED] - if (selenium.isElementPresent("xpath=//h2[contains(text(),'Thank You')]")): null

2020-03-10 05:34:37 - [TEST_STEP][PASSED] - Thread.sleep(1000): null

2020-03-10 05:34:38 - [TEST_STEP][PASSED] - try: null

2020-03-10 05:34:38 - [TEST_STEP][PASSED] - if (selenium.isElementPresent("xpath=//h2[contains(text(),'Thank You')]")): null

2020-03-10 05:34:38 - [TEST_STEP][PASSED] - Thread.sleep(1000): null

2020-03-10 05:34:39 - [TEST_STEP][PASSED] - try: null

2020-03-10 05:34:39 - [TEST_STEP][PASSED] - if (selenium.isElementPresent("xpath=//h2[contains(text(),'Thank You')]")): null

2020-03-10 05:34:39 - [TEST_STEP][PASSED] - Thread.sleep(1000): null

2020-03-10 05:34:40 - [TEST_STEP][PASSED] - try: null

2020-03-10 05:34:40 - [TEST_STEP][PASSED] - if (selenium.isElementPresent("xpath=//h2[contains(text(),'Thank You')]")): null

2020-03-10 05:34:40 - [TEST_STEP][PASSED] - Thread.sleep(1000): null

2020-03-10 05:34:41 - [TEST_STEP][PASSED] - try: null

2020-03-10 05:34:41 - [TEST_STEP][PASSED] - if (selenium.isElementPresent("xpath=//h2[contains(text(),'Thank You')]")): null

2020-03-10 05:34:41 - [TEST_STEP][PASSED] - Thread.sleep(1000): null

2020-03-10 05:34:42 - [TEST_STEP][PASSED] - try: null

2020-03-10 05:34:42 - [TEST_STEP][PASSED] - if (selenium.isElementPresent("xpath=//h2[contains(text(),'Thank You')]")): null

2020-03-10 05:34:42 - [TEST_STEP][PASSED] - Thread.sleep(1000): null

2020-03-10 05:34:43 - [TEST_STEP][PASSED] - try: null

2020-03-10 05:34:43 - [TEST_STEP][PASSED] - if (selenium.isElementPresent("xpath=//h2[contains(text(),'Thank You')]")): null

2020-03-10 05:34:43 - [TEST_STEP][PASSED] - Thread.sleep(1000): null

2020-03-10 05:34:44 - [TEST_STEP][PASSED] - try: null

2020-03-10 05:34:44 - [TEST_STEP][PASSED] - if (selenium.isElementPresent("xpath=//h2[contains(text(),'Thank You')]")): null

2020-03-10 05:34:44 - [TEST_STEP][PASSED] - Thread.sleep(1000): null

2020-03-10 05:34:46 - [TEST_STEP][PASSED] - callTestCase(findTestCase("AHI/_include/get_screenshot"), [:], STOP_ON_FAILURE): Call Test Case 'Test Cases/AHI/_include/get_screenshot' successfully

2020-03-10 05:34:46 - [TEST_CASE][PASSED] - Test Cases/AHI/_include/get_screenshot: Test Cases/AHI/_include/get_screenshot

2020-03-10 05:34:46 - [TEST_STEP][PASSED] - Thread.sleep(1000): null

2020-03-10 05:34:47 - [TEST_STEP][PASSED] - takeScreenshot(screenPath + i + ".png"): Taking screenshot successfully

2020-03-10 05:34:47 - [MESSAGE][PASSED] - Taking screenshot successfully
[[ATTACHMENT|D:\\Test\\AgileTest\\Reports\\HIC\\hic\\20200310_052753\\../Screenshots/iPhone 6/HIC/Pet/Pet/20200310_053330/10.png]]

2020-03-10 05:34:47 - [TEST_STEP][PASSED] - (internal.GlobalVariable.i++): null

2020-03-10 05:34:47 - [MESSAGE][PASSED] - Call Test Case 'Test Cases/AHI/_include/get_screenshot' successfully]]></system-out>
         <system-err><![CDATA[]]></system-err>
      </testcase>
      <testcase name="Test Cases/HIC/New/STM" classname="Test Cases/HIC/New/STM" status="PASSED">
         <system-out><![CDATA[2020-03-10 05:34:47 - [TEST_CASE][PASSED] - Test Cases/HIC/New/STM: Test Cases/HIC/New/STM

2020-03-10 05:34:47 - [TEST_STEP][PASSED] - callTestCase(findTestCase("HIC/_include/get_hicScreenPath"), ["project":"HIC", "productLine":"STM", "carrierName":"STM"], CONTINUE_ON_FAILURE): Call Test Case 'Test Cases/HIC/_include/get_hicScreenPath' successfully

2020-03-10 05:34:47 - [TEST_CASE][PASSED] - Test Cases/HIC/_include/get_hicScreenPath: Test Cases/HIC/_include/get_hicScreenPath

2020-03-10 05:34:47 - [TEST_STEP][PASSED] - m = getExecutionProperties(): null

2020-03-10 05:34:47 - [TEST_STEP][PASSED] - deviceName = get("mobileEmulation").get("deviceName"): null

2020-03-10 05:34:47 - [TEST_STEP][PASSED] - println(deviceName): null

2020-03-10 05:34:47 - [TEST_STEP][PASSED] - now = new java.util.Date(): null

2020-03-10 05:34:47 - [TEST_STEP][PASSED] - mydate = now.format("yyyyMMdd_HHmmss"): null

2020-03-10 05:34:47 - [TEST_STEP][PASSED] - screenPath = "../Screenshots/": null

2020-03-10 05:34:47 - [TEST_STEP][PASSED] - screenPath = screenPath + deviceName + "/" + project + "/" + productLine + "/" + carrierName + "/" + mydate + "/": null

2020-03-10 05:34:47 - [TEST_STEP][PASSED] - println(screenPath): null

2020-03-10 05:34:47 - [MESSAGE][PASSED] - Call Test Case 'Test Cases/HIC/_include/get_hicScreenPath' successfully

2020-03-10 05:34:47 - [TEST_STEP][PASSED] - i = 0: null

2020-03-10 05:34:47 - [TEST_STEP][PASSED] - callTestCase(findTestCase("AHI/_include/openWebSite"), ["env":env], CONTINUE_ON_FAILURE): Call Test Case 'Test Cases/AHI/_include/openWebSite' successfully

2020-03-10 05:34:47 - [TEST_CASE][PASSED] - Test Cases/AHI/_include/openWebSite: Test Cases/AHI/_include/openWebSite

2020-03-10 05:34:47 - [TEST_STEP][PASSED] - openBrowser(env): Browser is opened with url: 'https://qa.healthinsurance.com'

2020-03-10 05:34:47 - [MESSAGE][WARNING] - A browser is already opened. Closing browser and opening a new one

2020-03-10 05:34:48 - [MESSAGE][INFO] - Starting 'Chrome' driver

2020-03-10 05:34:48 - [MESSAGE][INFO] - User set preference: ['mobileEmulation', '{deviceName=iPhone 6}']

2020-03-10 05:34:48 - [MESSAGE][INFO] - User set preference: ['args', '[--incognito, --aggressive-cache-discard, --window-size=375,677, --no-sandbox, --ignore-certificate-errors]']

2020-03-10 05:34:52 - [MESSAGE][PASSED] - Browser is opened with url: 'https://qa.healthinsurance.com'

2020-03-10 05:34:52 - [TEST_STEP][PASSED] - waitForPageLoad(20): Wait for page load successfully

2020-03-10 05:34:52 - [MESSAGE][PASSED] - Wait for page load successfully

2020-03-10 05:34:52 - [TEST_STEP][PASSED] - callTestCase(findTestCase("AHI/_include/get_screenshot"), [:], STOP_ON_FAILURE): Call Test Case 'Test Cases/AHI/_include/get_screenshot' successfully

2020-03-10 05:34:52 - [TEST_CASE][PASSED] - Test Cases/AHI/_include/get_screenshot: Test Cases/AHI/_include/get_screenshot

2020-03-10 05:34:52 - [TEST_STEP][PASSED] - Thread.sleep(1000): null

2020-03-10 05:34:53 - [TEST_STEP][PASSED] - takeScreenshot(screenPath + i + ".png"): Taking screenshot successfully

2020-03-10 05:34:53 - [MESSAGE][PASSED] - Taking screenshot successfully
[[ATTACHMENT|D:\\Test\\AgileTest\\Reports\\HIC\\hic\\20200310_052753\\../Screenshots/iPhone 6/HIC/STM/STM/20200310_053447/0.png]]

2020-03-10 05:34:53 - [TEST_STEP][PASSED] - (internal.GlobalVariable.i++): null

2020-03-10 05:34:53 - [MESSAGE][PASSED] - Call Test Case 'Test Cases/AHI/_include/get_screenshot' successfully

2020-03-10 05:34:53 - [MESSAGE][PASSED] - Call Test Case 'Test Cases/AHI/_include/openWebSite' successfully

2020-03-10 05:34:53 - [TEST_STEP][PASSED] - driver = getWebDriver(): null

2020-03-10 05:34:53 - [TEST_STEP][PASSED] - baseUrl = env: null

2020-03-10 05:34:53 - [TEST_STEP][PASSED] - selenium = new com.thoughtworks.selenium.webdriven.WebDriverBackedSelenium(driver, baseUrl): null

2020-03-10 05:34:53 - [TEST_STEP][PASSED] - selenium.click("id=product-lines"): null

2020-03-10 05:34:53 - [TEST_STEP][PASSED] - selenium.click("//*[@id='product-lines']/following::div/button[contains(text(),'Short Term Insurance')]"): null

2020-03-10 05:34:53 - [TEST_STEP][PASSED] - selenium.click("//button[contains(text(),'COMPARE HEALTHPLANS')]"): null

2020-03-10 05:34:54 - [TEST_STEP][PASSED] - for ([second = 0, second < 10, (second++)]): null

2020-03-10 05:34:54 - [TEST_STEP][PASSED] - try: null

2020-03-10 05:34:54 - [TEST_STEP][PASSED] - if (selenium.isElementPresent("xpath=//button[contains(text(),'GET QUOTES')]")): null

2020-03-10 05:34:54 - [TEST_STEP][PASSED] - Thread.sleep(1000): null

2020-03-10 05:34:55 - [TEST_STEP][PASSED] - try: null

2020-03-10 05:34:55 - [TEST_STEP][PASSED] - if (selenium.isElementPresent("xpath=//button[contains(text(),'GET QUOTES')]")): null

2020-03-10 05:34:55 - [TEST_STEP][PASSED] - break: null

2020-03-10 05:34:55 - [TEST_STEP][PASSED] - callTestCase(findTestCase("AHI/_include/get_screenshot"), [:], STOP_ON_FAILURE): Call Test Case 'Test Cases/AHI/_include/get_screenshot' successfully

2020-03-10 05:34:55 - [TEST_CASE][PASSED] - Test Cases/AHI/_include/get_screenshot: Test Cases/AHI/_include/get_screenshot

2020-03-10 05:34:55 - [TEST_STEP][PASSED] - Thread.sleep(1000): null

2020-03-10 05:34:56 - [TEST_STEP][PASSED] - takeScreenshot(screenPath + i + ".png"): Taking screenshot successfully

2020-03-10 05:34:57 - [MESSAGE][PASSED] - Taking screenshot successfully
[[ATTACHMENT|D:\\Test\\AgileTest\\Reports\\HIC\\hic\\20200310_052753\\../Screenshots/iPhone 6/HIC/STM/STM/20200310_053447/1.png]]

2020-03-10 05:34:57 - [TEST_STEP][PASSED] - (internal.GlobalVariable.i++): null

2020-03-10 05:34:57 - [MESSAGE][PASSED] - Call Test Case 'Test Cases/AHI/_include/get_screenshot' successfully

2020-03-10 05:34:57 - [TEST_STEP][PASSED] - selenium.click("xpath=//button[contains(text(),'GET QUOTES')]"): null

2020-03-10 05:34:57 - [TEST_STEP][PASSED] - Thread.sleep(3000): null

2020-03-10 05:35:00 - [TEST_STEP][PASSED] - selenium.selectWindow("HealthInsurance.net | Get a Quote"): null

2020-03-10 05:35:06 - [TEST_STEP][PASSED] - Thread.sleep(3000): null

2020-03-10 05:35:09 - [TEST_STEP][PASSED] - callTestCase(findTestCase("AHI/_include/get_screenshot"), [:], STOP_ON_FAILURE): Call Test Case 'Test Cases/AHI/_include/get_screenshot' successfully

2020-03-10 05:35:09 - [TEST_CASE][PASSED] - Test Cases/AHI/_include/get_screenshot: Test Cases/AHI/_include/get_screenshot

2020-03-10 05:35:09 - [TEST_STEP][PASSED] - Thread.sleep(1000): null

2020-03-10 05:35:10 - [TEST_STEP][PASSED] - takeScreenshot(screenPath + i + ".png"): Taking screenshot successfully

2020-03-10 05:35:11 - [MESSAGE][PASSED] - Taking screenshot successfully
[[ATTACHMENT|D:\\Test\\AgileTest\\Reports\\HIC\\hic\\20200310_052753\\../Screenshots/iPhone 6/HIC/STM/STM/20200310_053447/2.png]]

2020-03-10 05:35:11 - [TEST_STEP][PASSED] - (internal.GlobalVariable.i++): null

2020-03-10 05:35:11 - [MESSAGE][PASSED] - Call Test Case 'Test Cases/AHI/_include/get_screenshot' successfully]]></system-out>
         <system-err><![CDATA[]]></system-err>
      </testcase>
      <testcase name="Test Cases/HIC/New/Teladoc" classname="Test Cases/HIC/New/Teladoc" status="PASSED">
         <system-out><![CDATA[2020-03-10 05:35:11 - [TEST_CASE][PASSED] - Test Cases/HIC/New/Teladoc: Test Cases/HIC/New/Teladoc

2020-03-10 05:35:11 - [TEST_STEP][PASSED] - callTestCase(findTestCase("HIC/_include/get_hicScreenPath"), ["project":"HIC", "productLine":"Teladoc", "carrierName":"Teladoc"], CONTINUE_ON_FAILURE): Call Test Case 'Test Cases/HIC/_include/get_hicScreenPath' successfully

2020-03-10 05:35:11 - [TEST_CASE][PASSED] - Test Cases/HIC/_include/get_hicScreenPath: Test Cases/HIC/_include/get_hicScreenPath

2020-03-10 05:35:11 - [TEST_STEP][PASSED] - m = getExecutionProperties(): null

2020-03-10 05:35:11 - [TEST_STEP][PASSED] - deviceName = get("mobileEmulation").get("deviceName"): null

2020-03-10 05:35:11 - [TEST_STEP][PASSED] - println(deviceName): null

2020-03-10 05:35:11 - [TEST_STEP][PASSED] - now = new java.util.Date(): null

2020-03-10 05:35:11 - [TEST_STEP][PASSED] - mydate = now.format("yyyyMMdd_HHmmss"): null

2020-03-10 05:35:11 - [TEST_STEP][PASSED] - screenPath = "../Screenshots/": null

2020-03-10 05:35:11 - [TEST_STEP][PASSED] - screenPath = screenPath + deviceName + "/" + project + "/" + productLine + "/" + carrierName + "/" + mydate + "/": null

2020-03-10 05:35:11 - [TEST_STEP][PASSED] - println(screenPath): null

2020-03-10 05:35:11 - [MESSAGE][PASSED] - Call Test Case 'Test Cases/HIC/_include/get_hicScreenPath' successfully

2020-03-10 05:35:11 - [TEST_STEP][PASSED] - i = 0: null

2020-03-10 05:35:11 - [TEST_STEP][PASSED] - callTestCase(findTestCase("AHI/_include/openWebSite"), ["env":env], CONTINUE_ON_FAILURE): Call Test Case 'Test Cases/AHI/_include/openWebSite' successfully

2020-03-10 05:35:11 - [TEST_CASE][PASSED] - Test Cases/AHI/_include/openWebSite: Test Cases/AHI/_include/openWebSite

2020-03-10 05:35:11 - [TEST_STEP][PASSED] - openBrowser(env): Browser is opened with url: 'https://qa.healthinsurance.com'

2020-03-10 05:35:11 - [MESSAGE][WARNING] - A browser is already opened. Closing browser and opening a new one

2020-03-10 05:35:13 - [MESSAGE][INFO] - Starting 'Chrome' driver

2020-03-10 05:35:13 - [MESSAGE][INFO] - User set preference: ['mobileEmulation', '{deviceName=iPhone 6}']

2020-03-10 05:35:13 - [MESSAGE][INFO] - User set preference: ['args', '[--incognito, --aggressive-cache-discard, --window-size=375,677, --no-sandbox, --ignore-certificate-errors]']

2020-03-10 05:35:16 - [MESSAGE][PASSED] - Browser is opened with url: 'https://qa.healthinsurance.com'

2020-03-10 05:35:16 - [TEST_STEP][PASSED] - waitForPageLoad(20): Wait for page load successfully

2020-03-10 05:35:16 - [MESSAGE][PASSED] - Wait for page load successfully

2020-03-10 05:35:16 - [TEST_STEP][PASSED] - callTestCase(findTestCase("AHI/_include/get_screenshot"), [:], STOP_ON_FAILURE): Call Test Case 'Test Cases/AHI/_include/get_screenshot' successfully

2020-03-10 05:35:16 - [TEST_CASE][PASSED] - Test Cases/AHI/_include/get_screenshot: Test Cases/AHI/_include/get_screenshot

2020-03-10 05:35:16 - [TEST_STEP][PASSED] - Thread.sleep(1000): null

2020-03-10 05:35:17 - [TEST_STEP][PASSED] - takeScreenshot(screenPath + i + ".png"): Taking screenshot successfully

2020-03-10 05:35:17 - [MESSAGE][PASSED] - Taking screenshot successfully
[[ATTACHMENT|D:\\Test\\AgileTest\\Reports\\HIC\\hic\\20200310_052753\\../Screenshots/iPhone 6/HIC/Teladoc/Teladoc/20200310_053511/0.png]]

2020-03-10 05:35:17 - [TEST_STEP][PASSED] - (internal.GlobalVariable.i++): null

2020-03-10 05:35:17 - [MESSAGE][PASSED] - Call Test Case 'Test Cases/AHI/_include/get_screenshot' successfully

2020-03-10 05:35:17 - [MESSAGE][PASSED] - Call Test Case 'Test Cases/AHI/_include/openWebSite' successfully

2020-03-10 05:35:17 - [TEST_STEP][PASSED] - driver = getWebDriver(): null

2020-03-10 05:35:17 - [TEST_STEP][PASSED] - baseUrl = env: null

2020-03-10 05:35:17 - [TEST_STEP][PASSED] - selenium = new com.thoughtworks.selenium.webdriven.WebDriverBackedSelenium(driver, baseUrl): null

2020-03-10 05:35:17 - [TEST_STEP][PASSED] - selenium.click("id=product-lines"): null

2020-03-10 05:35:17 - [TEST_STEP][PASSED] - selenium.click("//*[@id='product-lines']/following::div/button[contains(text(),'Telemedicine')]"): null

2020-03-10 05:35:17 - [TEST_STEP][PASSED] - selenium.click("//button[contains(text(),'COMPARE HEALTHPLANS')]"): null

2020-03-10 05:35:17 - [TEST_STEP][PASSED] - for ([second = 0, second < 10, (second++)]): null

2020-03-10 05:35:17 - [TEST_STEP][PASSED] - try: null

2020-03-10 05:35:17 - [TEST_STEP][PASSED] - if (selenium.isElementPresent("id=zip")): null

2020-03-10 05:35:18 - [TEST_STEP][PASSED] - Thread.sleep(1000): null

2020-03-10 05:35:19 - [TEST_STEP][PASSED] - try: null

2020-03-10 05:35:19 - [TEST_STEP][PASSED] - if (selenium.isElementPresent("id=zip")): null

2020-03-10 05:35:19 - [TEST_STEP][PASSED] - break: null

2020-03-10 05:35:19 - [TEST_STEP][PASSED] - callTestCase(findTestCase("AHI/_include/get_screenshot"), [:], STOP_ON_FAILURE): Call Test Case 'Test Cases/AHI/_include/get_screenshot' successfully

2020-03-10 05:35:19 - [TEST_CASE][PASSED] - Test Cases/AHI/_include/get_screenshot: Test Cases/AHI/_include/get_screenshot

2020-03-10 05:35:19 - [TEST_STEP][PASSED] - Thread.sleep(1000): null

2020-03-10 05:35:20 - [TEST_STEP][PASSED] - takeScreenshot(screenPath + i + ".png"): Taking screenshot successfully

2020-03-10 05:35:20 - [MESSAGE][PASSED] - Taking screenshot successfully
[[ATTACHMENT|D:\\Test\\AgileTest\\Reports\\HIC\\hic\\20200310_052753\\../Screenshots/iPhone 6/HIC/Teladoc/Teladoc/20200310_053511/1.png]]

2020-03-10 05:35:20 - [TEST_STEP][PASSED] - (internal.GlobalVariable.i++): null

2020-03-10 05:35:20 - [MESSAGE][PASSED] - Call Test Case 'Test Cases/AHI/_include/get_screenshot' successfully

2020-03-10 05:35:20 - [TEST_STEP][PASSED] - Thread.sleep(2000): null

2020-03-10 05:35:22 - [TEST_STEP][PASSED] - setText(findTestObject("hic/stm/census/zip"), "33186"): Text '33186' is set on object 'Object Repository/hic/stm/census/zip'

2020-03-10 05:35:22 - [MESSAGE][PASSED] - Text '33186' is set on object 'Object Repository/hic/stm/census/zip'

2020-03-10 05:35:22 - [TEST_STEP][PASSED] - Thread.sleep(500): null

2020-03-10 05:35:23 - [TEST_STEP][PASSED] - setText(findTestObject("hic/stm/census/primaryDOB"), "03031987"): Text '03031987' is set on object 'Object Repository/hic/stm/census/primaryDOB'

2020-03-10 05:35:24 - [MESSAGE][PASSED] - Text '03031987' is set on object 'Object Repository/hic/stm/census/primaryDOB'

2020-03-10 05:35:24 - [TEST_STEP][PASSED] - click(findTestObject("hic/stm/census/female")): Object: 'Object Repository/hic/stm/census/female' is clicked on

2020-03-10 05:35:24 - [MESSAGE][PASSED] - Object: 'Object Repository/hic/stm/census/female' is clicked on

2020-03-10 05:35:24 - [TEST_STEP][PASSED] - Thread.sleep(3000): null

2020-03-10 05:35:27 - [TEST_STEP][PASSED] - click(findTestObject("hic/teladoc/seePlans")): Object: 'Object Repository/hic/teladoc/seePlans' is clicked on

2020-03-10 05:35:29 - [MESSAGE][PASSED] - Object: 'Object Repository/hic/teladoc/seePlans' is clicked on

2020-03-10 05:35:29 - [TEST_STEP][PASSED] - Thread.sleep(6000): null

2020-03-10 05:35:35 - [TEST_STEP][PASSED] - callTestCase(findTestCase("AHI/_include/get_screenshot"), [:], STOP_ON_FAILURE): Call Test Case 'Test Cases/AHI/_include/get_screenshot' successfully

2020-03-10 05:35:35 - [TEST_CASE][PASSED] - Test Cases/AHI/_include/get_screenshot: Test Cases/AHI/_include/get_screenshot

2020-03-10 05:35:35 - [TEST_STEP][PASSED] - Thread.sleep(1000): null

2020-03-10 05:35:36 - [TEST_STEP][PASSED] - takeScreenshot(screenPath + i + ".png"): Taking screenshot successfully

2020-03-10 05:35:36 - [MESSAGE][PASSED] - Taking screenshot successfully
[[ATTACHMENT|D:\\Test\\AgileTest\\Reports\\HIC\\hic\\20200310_052753\\../Screenshots/iPhone 6/HIC/Teladoc/Teladoc/20200310_053511/2.png]]

2020-03-10 05:35:36 - [TEST_STEP][PASSED] - (internal.GlobalVariable.i++): null

2020-03-10 05:35:36 - [MESSAGE][PASSED] - Call Test Case 'Test Cases/AHI/_include/get_screenshot' successfully

2020-03-10 05:35:36 - [TEST_STEP][PASSED] - Thread.sleep(1000): null

2020-03-10 05:35:37 - [TEST_STEP][PASSED] - click(findTestObject("mobileSanity/Teladoc/census/get_a_quote")): Object: 'Object Repository/mobileSanity/Teladoc/census/get_a_quote' is clicked on

2020-03-10 05:35:38 - [MESSAGE][PASSED] - Object: 'Object Repository/mobileSanity/Teladoc/census/get_a_quote' is clicked on

2020-03-10 05:35:38 - [TEST_STEP][PASSED] - waitForPageLoad(20): Wait for page load successfully

2020-03-10 05:35:38 - [MESSAGE][PASSED] - Wait for page load successfully

2020-03-10 05:35:38 - [TEST_STEP][PASSED] - waitForElementVisible(findTestObject("mobileSanity/Teladoc/apply_button"), 20): Object 'Object Repository/mobileSanity/Teladoc/apply_button' is visible

2020-03-10 05:35:38 - [MESSAGE][PASSED] - Object 'Object Repository/mobileSanity/Teladoc/apply_button' is visible

2020-03-10 05:35:38 - [TEST_STEP][PASSED] - callTestCase(findTestCase("AHI/_include/get_screenshot"), [:], STOP_ON_FAILURE): Call Test Case 'Test Cases/AHI/_include/get_screenshot' successfully

2020-03-10 05:35:38 - [TEST_CASE][PASSED] - Test Cases/AHI/_include/get_screenshot: Test Cases/AHI/_include/get_screenshot

2020-03-10 05:35:38 - [TEST_STEP][PASSED] - Thread.sleep(1000): null

2020-03-10 05:35:39 - [TEST_STEP][PASSED] - takeScreenshot(screenPath + i + ".png"): Taking screenshot successfully

2020-03-10 05:35:40 - [MESSAGE][PASSED] - Taking screenshot successfully
[[ATTACHMENT|D:\\Test\\AgileTest\\Reports\\HIC\\hic\\20200310_052753\\../Screenshots/iPhone 6/HIC/Teladoc/Teladoc/20200310_053511/3.png]]

2020-03-10 05:35:40 - [TEST_STEP][PASSED] - (internal.GlobalVariable.i++): null

2020-03-10 05:35:40 - [MESSAGE][PASSED] - Call Test Case 'Test Cases/AHI/_include/get_screenshot' successfully

2020-03-10 05:35:40 - [TEST_STEP][PASSED] - click(findTestObject("mobileSanity/Teladoc/apply_button")): Object: 'Object Repository/mobileSanity/Teladoc/apply_button' is clicked on

2020-03-10 05:35:40 - [MESSAGE][PASSED] - Object: 'Object Repository/mobileSanity/Teladoc/apply_button' is clicked on

2020-03-10 05:35:40 - [TEST_STEP][PASSED] - waitForPageLoad(20): Wait for page load successfully

2020-03-10 05:35:41 - [MESSAGE][PASSED] - Wait for page load successfully

2020-03-10 05:35:41 - [TEST_STEP][PASSED] - waitForElementPresent(findTestObject("mobileSanity/Teladoc/Page_App Page 1/input__member-P-1-firstName"), 20): Object 'Object Repository/mobileSanity/Teladoc/Page_App Page 1/input__member-P-1-firstName' is present

2020-03-10 05:35:42 - [MESSAGE][PASSED] - Object 'Object Repository/mobileSanity/Teladoc/Page_App Page 1/input__member-P-1-firstName' is present

2020-03-10 05:35:42 - [TEST_STEP][PASSED] - callTestCase(findTestCase("AHI/_include/get_screenshot"), [:], STOP_ON_FAILURE): Call Test Case 'Test Cases/AHI/_include/get_screenshot' successfully

2020-03-10 05:35:42 - [TEST_CASE][PASSED] - Test Cases/AHI/_include/get_screenshot: Test Cases/AHI/_include/get_screenshot

2020-03-10 05:35:42 - [TEST_STEP][PASSED] - Thread.sleep(1000): null

2020-03-10 05:35:43 - [TEST_STEP][PASSED] - takeScreenshot(screenPath + i + ".png"): Taking screenshot successfully

2020-03-10 05:35:43 - [MESSAGE][PASSED] - Taking screenshot successfully
[[ATTACHMENT|D:\\Test\\AgileTest\\Reports\\HIC\\hic\\20200310_052753\\../Screenshots/iPhone 6/HIC/Teladoc/Teladoc/20200310_053511/4.png]]

2020-03-10 05:35:43 - [TEST_STEP][PASSED] - (internal.GlobalVariable.i++): null

2020-03-10 05:35:43 - [MESSAGE][PASSED] - Call Test Case 'Test Cases/AHI/_include/get_screenshot' successfully

2020-03-10 05:35:43 - [TEST_STEP][PASSED] - callTestCase(findTestCase("AHI/_include/name"), [:], STOP_ON_FAILURE): Call Test Case 'Test Cases/AHI/_include/name' successfully

2020-03-10 05:35:43 - [TEST_CASE][PASSED] - Test Cases/AHI/_include/name: Test Cases/AHI/_include/name

2020-03-10 05:35:43 - [TEST_STEP][PASSED] - driver = getWebDriver(): null

2020-03-10 05:35:43 - [TEST_STEP][PASSED] - selenium = new com.thoughtworks.selenium.webdriven.WebDriverBackedSelenium(driver, internal.GlobalVariable.ENV): null

2020-03-10 05:35:43 - [TEST_STEP][PASSED] - FirstName = "Test-123": null

2020-03-10 05:35:43 - [TEST_STEP][PASSED] - LastName = selenium.getEval("{var x="ABCDEFGHIJKLMNOPQRSTUVWXYZabcdefghijklmnopqrstuvwxyz"; var tmp="ZZ11-"; for (i=0;i<8;i++) tmp+=x.charAt(Math.ceil(51*Math.random()));tmp;}"): null

2020-03-10 05:35:43 - [TEST_STEP][PASSED] - Address = selenium.getEval("{var x="ABCDEFGHIJKLMNOPQRSTUVWXYZabcdefghijklmnopqrstuvwxyz"; var tmp=""; for (i=0;i<8;i++) tmp+=x.charAt(Math.ceil(51*Math.random()));tmp;}"): null

2020-03-10 05:35:43 - [TEST_STEP][PASSED] - City = selenium.getEval("{var x="ABCDEFGHIJKLMNOPQRSTUVWXYZabcdefghijklmnopqrstuvwxyz"; var tmp=""; for (i=0;i<8;i++) tmp+=x.charAt(Math.ceil(51*Math.random()));tmp;}"): null

2020-03-10 05:35:44 - [TEST_STEP][PASSED] - tel1 = selenium.getEval("{var x="123456789"; var tmp=""; for (i=0;i<3;i++) tmp+=x.charAt(Math.ceil(8*Math.random()));tmp;}"): null

2020-03-10 05:35:44 - [TEST_STEP][PASSED] - tel2 = selenium.getEval("{var x="123456789"; var tmp=""; for (i=0;i<3;i++) tmp+=x.charAt(Math.ceil(8*Math.random()));tmp;}"): null

2020-03-10 05:35:44 - [TEST_STEP][PASSED] - tel3 = selenium.getEval("{var x="123456789"; var tmp=""; for (i=0;i<4;i++) tmp+=x.charAt(Math.ceil(8*Math.random()));tmp;}"): null

2020-03-10 05:35:44 - [TEST_STEP][PASSED] - Tel = selenium.getExpression(tel1 + "-" + tel2 + "-" + tel3): null

2020-03-10 05:35:44 - [TEST_STEP][PASSED] - AutoEmail = selenium.getEval("{var x="ABCDEFGHIJKLMNOPQRSTUVWXYZabcdefghijklmnopqrstuvwxyz"; var tmp="test."; for (i=0;i<8;i++) tmp+=x.charAt(Math.ceil(51*Math.random()));tmp+="@suryani.cn";}"): null

2020-03-10 05:35:44 - [TEST_STEP][PASSED] - FirstName = FirstName: null

2020-03-10 05:35:44 - [TEST_STEP][PASSED] - LastName = LastName: null

2020-03-10 05:35:44 - [TEST_STEP][PASSED] - Address = Address: null

2020-03-10 05:35:44 - [TEST_STEP][PASSED] - City = City: null

2020-03-10 05:35:44 - [TEST_STEP][PASSED] - Tel = Tel: null

2020-03-10 05:35:44 - [TEST_STEP][PASSED] - AutoEmail = AutoEmail: null

2020-03-10 05:35:44 - [TEST_STEP][PASSED] - println(FirstName): null

2020-03-10 05:35:44 - [TEST_STEP][PASSED] - println(LastName): null

2020-03-10 05:35:44 - [TEST_STEP][PASSED] - println(Address): null

2020-03-10 05:35:44 - [TEST_STEP][PASSED] - println(City): null

2020-03-10 05:35:44 - [TEST_STEP][PASSED] - println(Tel): null

2020-03-10 05:35:44 - [TEST_STEP][PASSED] - println(AutoEmail): null

2020-03-10 05:35:44 - [MESSAGE][PASSED] - Call Test Case 'Test Cases/AHI/_include/name' successfully

2020-03-10 05:35:44 - [TEST_STEP][PASSED] - setText(findTestObject("mobileSanity/Teladoc/Page_App Page 1/input__member-P-1-firstName"), FirstName): Text 'Test-123' is set on object 'Object Repository/mobileSanity/Teladoc/Page_App Page 1/input__member-P-1-firstName'

2020-03-10 05:35:44 - [MESSAGE][PASSED] - Text 'Test-123' is set on object 'Object Repository/mobileSanity/Teladoc/Page_App Page 1/input__member-P-1-firstName'

2020-03-10 05:35:44 - [TEST_STEP][PASSED] - setText(findTestObject("mobileSanity/Teladoc/Page_App Page 1/input__member-P-1-lastName"), LastName): Text 'ZZ11-otpIdYDa' is set on object 'Object Repository/mobileSanity/Teladoc/Page_App Page 1/input__member-P-1-lastName'

2020-03-10 05:35:45 - [MESSAGE][PASSED] - Text 'ZZ11-otpIdYDa' is set on object 'Object Repository/mobileSanity/Teladoc/Page_App Page 1/input__member-P-1-lastName'

2020-03-10 05:35:45 - [TEST_STEP][PASSED] - selectOptionByValue(findTestObject("mobileSanity/Teladoc/Page_App Page 1/select_01020304050607"), "05", true): All options with value '05' are selected in object 'Object Repository/mobileSanity/Teladoc/Page_App Page 1/select_01020304050607'  using regular expression

2020-03-10 05:35:45 - [MESSAGE][PASSED] - All options with value '05' are selected in object 'Object Repository/mobileSanity/Teladoc/Page_App Page 1/select_01020304050607'  using regular expression

2020-03-10 05:35:45 - [TEST_STEP][PASSED] - selectOptionByValue(findTestObject("mobileSanity/Teladoc/Page_App Page 1/select_00102030405060708091011"), "06", true): All options with value '06' are selected in object 'Object Repository/mobileSanity/Teladoc/Page_App Page 1/select_00102030405060708091011'  using regular expression

2020-03-10 05:35:46 - [MESSAGE][PASSED] - All options with value '06' are selected in object 'Object Repository/mobileSanity/Teladoc/Page_App Page 1/select_00102030405060708091011'  using regular expression

2020-03-10 05:35:46 - [TEST_STEP][PASSED] - setText(findTestObject("mobileSanity/Teladoc/Page_App Page 1/input_lbs"), "180"): Text '180' is set on object 'Object Repository/mobileSanity/Teladoc/Page_App Page 1/input_lbs'

2020-03-10 05:35:47 - [MESSAGE][PASSED] - Text '180' is set on object 'Object Repository/mobileSanity/Teladoc/Page_App Page 1/input_lbs'

2020-03-10 05:35:47 - [TEST_STEP][PASSED] - setText(findTestObject("mobileSanity/Teladoc/Page_App Page 1/input__address"), Address): Text 'gjTcJPmt' is set on object 'Object Repository/mobileSanity/Teladoc/Page_App Page 1/input__address'

2020-03-10 05:35:47 - [MESSAGE][PASSED] - Text 'gjTcJPmt' is set on object 'Object Repository/mobileSanity/Teladoc/Page_App Page 1/input__address'

2020-03-10 05:35:47 - [TEST_STEP][PASSED] - setText(findTestObject("mobileSanity/Teladoc/Page_App Page 1/input__city"), City): Text 'LnpIbjkG' is set on object 'Object Repository/mobileSanity/Teladoc/Page_App Page 1/input__city'

2020-03-10 05:35:48 - [MESSAGE][PASSED] - Text 'LnpIbjkG' is set on object 'Object Repository/mobileSanity/Teladoc/Page_App Page 1/input__city'

2020-03-10 05:35:48 - [TEST_STEP][PASSED] - setText(findTestObject("mobileSanity/Teladoc/Page_App Page 1/input__email"), AutoEmail): Text 'test.aGNttzXW@suryani.cn' is set on object 'Object Repository/mobileSanity/Teladoc/Page_App Page 1/input__email'

2020-03-10 05:35:50 - [MESSAGE][PASSED] - Text 'test.aGNttzXW@suryani.cn' is set on object 'Object Repository/mobileSanity/Teladoc/Page_App Page 1/input__email'

2020-03-10 05:35:50 - [TEST_STEP][PASSED] - setText(findTestObject("mobileSanity/Teladoc/Page_App Page 1/input_phone number"), Tel): Text '997-375-7528' is set on object 'Object Repository/mobileSanity/Teladoc/Page_App Page 1/input_phone number'

2020-03-10 05:35:51 - [MESSAGE][PASSED] - Text '997-375-7528' is set on object 'Object Repository/mobileSanity/Teladoc/Page_App Page 1/input_phone number'

2020-03-10 05:35:51 - [TEST_STEP][PASSED] - Thread.sleep(2000): null

2020-03-10 05:35:53 - [TEST_STEP][PASSED] - scrollToElement(findTestObject("mobileSanity/Teladoc/Page_App Page 1/a_Continue to Step 2 - Payment"), 10): Scroll to object 'Object Repository/mobileSanity/Teladoc/Page_App Page 1/a_Continue to Step 2 - Payment' successfully

2020-03-10 05:35:53 - [MESSAGE][PASSED] - Scroll to object 'Object Repository/mobileSanity/Teladoc/Page_App Page 1/a_Continue to Step 2 - Payment' successfully

2020-03-10 05:35:53 - [TEST_STEP][PASSED] - click(findTestObject("mobileSanity/Teladoc/Page_App Page 1/a_Continue to Step 2 - Payment")): Object: 'Object Repository/mobileSanity/Teladoc/Page_App Page 1/a_Continue to Step 2 - Payment' is clicked on

2020-03-10 05:35:53 - [MESSAGE][PASSED] - Object: 'Object Repository/mobileSanity/Teladoc/Page_App Page 1/a_Continue to Step 2 - Payment' is clicked on

2020-03-10 05:35:53 - [TEST_STEP][PASSED] - waitForPageLoad(20): Wait for page load successfully

2020-03-10 05:35:53 - [MESSAGE][PASSED] - Wait for page load successfully

2020-03-10 05:35:53 - [TEST_STEP][PASSED] - waitForElementVisible(findTestObject("mobileSanity/Teladoc/Page_App Page 2/input__credit-card-first"), 20): Object 'Object Repository/mobileSanity/Teladoc/Page_App Page 2/input__credit-card-first' is visible

2020-03-10 05:35:54 - [MESSAGE][PASSED] - Object 'Object Repository/mobileSanity/Teladoc/Page_App Page 2/input__credit-card-first' is visible

2020-03-10 05:35:54 - [TEST_STEP][PASSED] - callTestCase(findTestCase("AHI/_include/get_screenshot"), [:], STOP_ON_FAILURE): Call Test Case 'Test Cases/AHI/_include/get_screenshot' successfully

2020-03-10 05:35:54 - [TEST_CASE][PASSED] - Test Cases/AHI/_include/get_screenshot: Test Cases/AHI/_include/get_screenshot

2020-03-10 05:35:54 - [TEST_STEP][PASSED] - Thread.sleep(1000): null

2020-03-10 05:35:55 - [TEST_STEP][PASSED] - takeScreenshot(screenPath + i + ".png"): Taking screenshot successfully

2020-03-10 05:35:55 - [MESSAGE][PASSED] - Taking screenshot successfully
[[ATTACHMENT|D:\\Test\\AgileTest\\Reports\\HIC\\hic\\20200310_052753\\../Screenshots/iPhone 6/HIC/Teladoc/Teladoc/20200310_053511/5.png]]

2020-03-10 05:35:55 - [TEST_STEP][PASSED] - (internal.GlobalVariable.i++): null

2020-03-10 05:35:55 - [MESSAGE][PASSED] - Call Test Case 'Test Cases/AHI/_include/get_screenshot' successfully

2020-03-10 05:35:55 - [TEST_STEP][PASSED] - setText(findTestObject("mobileSanity/Teladoc/Page_App Page 2/input__credit-card-first"), FirstName): Text 'Test-123' is set on object 'Object Repository/mobileSanity/Teladoc/Page_App Page 2/input__credit-card-first'

2020-03-10 05:35:56 - [MESSAGE][PASSED] - Text 'Test-123' is set on object 'Object Repository/mobileSanity/Teladoc/Page_App Page 2/input__credit-card-first'

2020-03-10 05:35:56 - [TEST_STEP][PASSED] - setText(findTestObject("mobileSanity/Teladoc/Page_App Page 2/input__credit-card-last"), LastName): Text 'ZZ11-otpIdYDa' is set on object 'Object Repository/mobileSanity/Teladoc/Page_App Page 2/input__credit-card-last'

2020-03-10 05:35:57 - [MESSAGE][PASSED] - Text 'ZZ11-otpIdYDa' is set on object 'Object Repository/mobileSanity/Teladoc/Page_App Page 2/input__credit-card-last'

2020-03-10 05:35:57 - [TEST_STEP][PASSED] - selectOptionByValue(findTestObject("mobileSanity/Teladoc/Page_App Page 2/select_MM010203040506070809101"), "12", true): All options with value '12' are selected in object 'Object Repository/mobileSanity/Teladoc/Page_App Page 2/select_MM010203040506070809101'  using regular expression

2020-03-10 05:35:58 - [MESSAGE][PASSED] - All options with value '12' are selected in object 'Object Repository/mobileSanity/Teladoc/Page_App Page 2/select_MM010203040506070809101'  using regular expression

2020-03-10 05:35:58 - [TEST_STEP][PASSED] - selectOptionByValue(findTestObject("mobileSanity/Teladoc/Page_App Page 2/select_YYYY2019202020212022202"), "2026", true): All options with value '2026' are selected in object 'Object Repository/mobileSanity/Teladoc/Page_App Page 2/select_YYYY2019202020212022202'  using regular expression

2020-03-10 05:35:59 - [MESSAGE][PASSED] - All options with value '2026' are selected in object 'Object Repository/mobileSanity/Teladoc/Page_App Page 2/select_YYYY2019202020212022202'  using regular expression

2020-03-10 05:35:59 - [TEST_STEP][PASSED] - setText(findTestObject("mobileSanity/Teladoc/Page_App Page 2/input__credit-card-number"), "4111111111111111"): Text '4111111111111111' is set on object 'Object Repository/mobileSanity/Teladoc/Page_App Page 2/input__credit-card-number'

2020-03-10 05:35:59 - [MESSAGE][PASSED] - Text '4111111111111111' is set on object 'Object Repository/mobileSanity/Teladoc/Page_App Page 2/input__credit-card-number'

2020-03-10 05:35:59 - [TEST_STEP][PASSED] - setText(findTestObject("mobileSanity/Teladoc/Page_App Page 2/input__credit-card-cvv"), "122"): Text '122' is set on object 'Object Repository/mobileSanity/Teladoc/Page_App Page 2/input__credit-card-cvv'

2020-03-10 05:35:59 - [MESSAGE][PASSED] - Text '122' is set on object 'Object Repository/mobileSanity/Teladoc/Page_App Page 2/input__credit-card-cvv'

2020-03-10 05:35:59 - [TEST_STEP][PASSED] - click(findTestObject("mobileSanity/Teladoc/Page_App Page 2/label_My billing address is th")): Object: 'Object Repository/mobileSanity/Teladoc/Page_App Page 2/label_My billing address is th' is clicked on

2020-03-10 05:36:00 - [MESSAGE][PASSED] - Object: 'Object Repository/mobileSanity/Teladoc/Page_App Page 2/label_My billing address is th' is clicked on

2020-03-10 05:36:00 - [TEST_STEP][PASSED] - click(findTestObject("mobileSanity/Teladoc/Page_App Page 2/label_I Accept Authorization f")): Object: 'Object Repository/mobileSanity/Teladoc/Page_App Page 2/label_I Accept Authorization f' is clicked on

2020-03-10 05:36:00 - [MESSAGE][PASSED] - Object: 'Object Repository/mobileSanity/Teladoc/Page_App Page 2/label_I Accept Authorization f' is clicked on

2020-03-10 05:36:00 - [TEST_STEP][PASSED] - click(findTestObject("mobileSanity/Teladoc/Page_App Page 2/a_Continue to Step 3 - Review")): Object: 'Object Repository/mobileSanity/Teladoc/Page_App Page 2/a_Continue to Step 3 - Review' is clicked on

2020-03-10 05:36:00 - [MESSAGE][PASSED] - Object: 'Object Repository/mobileSanity/Teladoc/Page_App Page 2/a_Continue to Step 3 - Review' is clicked on

2020-03-10 05:36:00 - [TEST_STEP][PASSED] - waitForPageLoad(20): Wait for page load successfully

2020-03-10 05:36:00 - [MESSAGE][PASSED] - Wait for page load successfully

2020-03-10 05:36:00 - [TEST_STEP][PASSED] - waitForElementPresent(findTestObject("mobileSanity/Teladoc/Page_App Page 3/label"), 20): Object 'Object Repository/mobileSanity/Teladoc/Page_App Page 3/label' is present

2020-03-10 05:36:11 - [MESSAGE][PASSED] - Object 'Object Repository/mobileSanity/Teladoc/Page_App Page 3/label' is present

2020-03-10 05:36:11 - [TEST_STEP][PASSED] - Thread.sleep(5000): null

2020-03-10 05:36:16 - [TEST_STEP][PASSED] - callTestCase(findTestCase("AHI/_include/get_screenshot"), [:], STOP_ON_FAILURE): Call Test Case 'Test Cases/AHI/_include/get_screenshot' successfully

2020-03-10 05:36:16 - [TEST_CASE][PASSED] - Test Cases/AHI/_include/get_screenshot: Test Cases/AHI/_include/get_screenshot

2020-03-10 05:36:16 - [TEST_STEP][PASSED] - Thread.sleep(1000): null

2020-03-10 05:36:17 - [TEST_STEP][PASSED] - takeScreenshot(screenPath + i + ".png"): Taking screenshot successfully

2020-03-10 05:36:17 - [MESSAGE][PASSED] - Taking screenshot successfully
[[ATTACHMENT|D:\\Test\\AgileTest\\Reports\\HIC\\hic\\20200310_052753\\../Screenshots/iPhone 6/HIC/Teladoc/Teladoc/20200310_053511/6.png]]

2020-03-10 05:36:17 - [TEST_STEP][PASSED] - (internal.GlobalVariable.i++): null

2020-03-10 05:36:17 - [MESSAGE][PASSED] - Call Test Case 'Test Cases/AHI/_include/get_screenshot' successfully

2020-03-10 05:36:17 - [TEST_STEP][PASSED] - scrollToElement(findTestObject("mobileSanity/Teladoc/Page_App Page 3/label"), 10): Scroll to object 'Object Repository/mobileSanity/Teladoc/Page_App Page 3/label' successfully

2020-03-10 05:36:17 - [MESSAGE][PASSED] - Scroll to object 'Object Repository/mobileSanity/Teladoc/Page_App Page 3/label' successfully

2020-03-10 05:36:17 - [TEST_STEP][PASSED] - waitForElementClickable(findTestObject("mobileSanity/Teladoc/Page_App Page 3/label"), 10): Object 'Object Repository/mobileSanity/Teladoc/Page_App Page 3/label' is clickable

2020-03-10 05:36:18 - [MESSAGE][PASSED] - Object 'Object Repository/mobileSanity/Teladoc/Page_App Page 3/label' is clickable

2020-03-10 05:36:18 - [TEST_STEP][PASSED] - click(findTestObject("mobileSanity/Teladoc/Page_App Page 3/label")): Object: 'Object Repository/mobileSanity/Teladoc/Page_App Page 3/label' is clicked on

2020-03-10 05:36:18 - [MESSAGE][PASSED] - Object: 'Object Repository/mobileSanity/Teladoc/Page_App Page 3/label' is clicked on

2020-03-10 05:36:18 - [TEST_STEP][PASSED] - click(findTestObject("mobileSanity/Teladoc/Page_App Page 3/p_")): Object: 'Object Repository/mobileSanity/Teladoc/Page_App Page 3/p_' is clicked on

2020-03-10 05:36:18 - [MESSAGE][PASSED] - Object: 'Object Repository/mobileSanity/Teladoc/Page_App Page 3/p_' is clicked on

2020-03-10 05:36:18 - [TEST_STEP][PASSED] - click(findTestObject("mobileSanity/Teladoc/Page_App Page 3/a_Submit Your Application")): Object: 'Object Repository/mobileSanity/Teladoc/Page_App Page 3/a_Submit Your Application' is clicked on

2020-03-10 05:36:19 - [MESSAGE][PASSED] - Object: 'Object Repository/mobileSanity/Teladoc/Page_App Page 3/a_Submit Your Application' is clicked on

2020-03-10 05:36:19 - [TEST_STEP][PASSED] - Thread.sleep(50000): null

2020-03-10 05:37:09 - [TEST_STEP][PASSED] - callTestCase(findTestCase("AHI/_include/get_screenshot"), [:], STOP_ON_FAILURE): Call Test Case 'Test Cases/AHI/_include/get_screenshot' successfully

2020-03-10 05:37:09 - [TEST_CASE][PASSED] - Test Cases/AHI/_include/get_screenshot: Test Cases/AHI/_include/get_screenshot

2020-03-10 05:37:09 - [TEST_STEP][PASSED] - Thread.sleep(1000): null

2020-03-10 05:37:10 - [TEST_STEP][PASSED] - takeScreenshot(screenPath + i + ".png"): Taking screenshot successfully

2020-03-10 05:37:10 - [MESSAGE][PASSED] - Taking screenshot successfully
[[ATTACHMENT|D:\\Test\\AgileTest\\Reports\\HIC\\hic\\20200310_052753\\../Screenshots/iPhone 6/HIC/Teladoc/Teladoc/20200310_053511/7.png]]

2020-03-10 05:37:10 - [TEST_STEP][PASSED] - (internal.GlobalVariable.i++): null

2020-03-10 05:37:10 - [MESSAGE][PASSED] - Call Test Case 'Test Cases/AHI/_include/get_screenshot' successfully

2020-03-10 05:37:10 - [TEST_STEP][PASSED] - verifyTextPresent("Congratulations", false): Text 'Congratulations' is present on page 

2020-03-10 05:37:10 - [MESSAGE][PASSED] - Text 'Congratulations' is present on page]]></system-out>
         <system-err><![CDATA[]]></system-err>
      </testcase>
      <system-out><![CDATA[2020-03-10 05:28:01 - [TEST_SUITE][ERROR] - hic: Test Cases/HIC/New/HBI FAILED.
Reason:
com.thoughtworks.selenium.SeleniumException: unknown error: Element <button type="button" class="Common__DefaultButton-r4giz5-1 Common__JumboButton-r4giz5-2 SubmitButton-nmdtlk-0 ProductDropDown__CTAButton-trye76-5 jeXAtY btn btn-primary">...</button> is not clickable at point (187, 602). Other element would receive the click: <div class="pages__PhoneCtaResponsive-sc-1dmd8vs-30 hzFEeU">...</div>
  (Session info: chrome=80.0.3987.132)
  (Driver info: chromedriver=2.43.600210 (68dcf5eebde37173d4027fa8635e332711d2874a),platform=Windows NT 6.3.9600 x86_64) (WARNING: The server did not provide any stacktrace information)
Command duration or timeout: 0 milliseconds
Build info: version: '3.7.1', revision: '8a0099a', time: '2017-11-06T21:07:36.161Z'
System info: host: 'WIN-U215233FMVE', ip: '172.30.0.53', os.name: 'Windows Server 2012 R2', os.arch: 'amd64', os.version: '6.3', java.version: '1.8.0_181'
Driver info: com.kms.katalon.selenium.driver.CChromeDriver
Capabilities {acceptInsecureCerts: false, acceptSslCerts: false, applicationCacheEnabled: false, browserConnectionEnabled: false, browserName: chrome, chrome: {chromedriverVersion: 2.43.600210 (68dcf5eebde371..., userDataDir: C:\Users\ADMINI~1\AppData\L...}, cssSelectorsEnabled: true, databaseEnabled: false, goog:chromeOptions: {debuggerAddress: localhost:63028}, handlesAlerts: true, hasTouchScreen: true, javascriptEnabled: true, locationContextEnabled: true, mobileEmulationEnabled: true, nativeEvents: true, networkConnectionEnabled: false, pageLoadStrategy: normal, platform: XP, platformName: XP, rotatable: false, setWindowRect: true, takesHeapSnapshot: true, takesScreenshot: true, unexpectedAlertBehaviour: , unhandledPromptBehavior: , version: 80.0.3987.132, webStorageEnabled: true}
Session ID: ae288cfef6d1f1770ccc0d225eee1326
	at com.thoughtworks.selenium.webdriven.SeleneseCommand.apply(SeleneseCommand.java:45)
	at com.thoughtworks.selenium.webdriven.Timer.run(Timer.java:41)
	at com.thoughtworks.selenium.webdriven.WebDriverCommandProcessor.execute(WebDriverCommandProcessor.java:150)
	at com.thoughtworks.selenium.webdriven.WebDriverCommandProcessor.doCommand(WebDriverCommandProcessor.java:76)
	at com.thoughtworks.selenium.DefaultSelenium.click(DefaultSelenium.java:198)
	at com.thoughtworks.selenium.Selenium$click.call(Unknown Source)
	at HBI.run(HBI:39)
	at com.kms.katalon.core.main.ScriptEngine.run(ScriptEngine.java:194)
	at com.kms.katalon.core.main.ScriptEngine.runScriptAsRawText(ScriptEngine.java:119)
	at com.kms.katalon.core.main.TestCaseExecutor.runScript(TestCaseExecutor.java:328)
	at com.kms.katalon.core.main.TestCaseExecutor.doExecute(TestCaseExecutor.java:319)
	at com.kms.katalon.core.main.TestCaseExecutor.processExecutionPhase(TestCaseExecutor.java:298)
	at com.kms.katalon.core.main.TestCaseExecutor.accessMainPhase(TestCaseExecutor.java:290)
	at com.kms.katalon.core.main.TestCaseExecutor.execute(TestCaseExecutor.java:224)
	at com.kms.katalon.core.main.TestSuiteExecutor.accessTestCaseMainPhase(TestSuiteExecutor.java:129)
	at com.kms.katalon.core.main.TestSuiteExecutor.accessTestSuiteMainPhase(TestSuiteExecutor.java:112)
	at com.kms.katalon.core.main.TestSuiteExecutor.execute(TestSuiteExecutor.java:81)
	at com.kms.katalon.core.main.TestCaseMain.startTestSuite(TestCaseMain.java:149)
	at com.kms.katalon.core.main.TestCaseMain$startTestSuite$0.call(Unknown Source)
	at TempTestSuite1583832473723.run(TempTestSuite1583832473723.groovy:36)
Caused by: org.openqa.selenium.WebDriverException: unknown error: Element <button type="button" class="Common__DefaultButton-r4giz5-1 Common__JumboButton-r4giz5-2 SubmitButton-nmdtlk-0 ProductDropDown__CTAButton-trye76-5 jeXAtY btn btn-primary">...</button> is not clickable at point (187, 602). Other element would receive the click: <div class="pages__PhoneCtaResponsive-sc-1dmd8vs-30 hzFEeU">...</div>
  (Session info: chrome=80.0.3987.132)
  (Driver info: chromedriver=2.43.600210 (68dcf5eebde37173d4027fa8635e332711d2874a),platform=Windows NT 6.3.9600 x86_64) (WARNING: The server did not provide any stacktrace information)
Command duration or timeout: 0 milliseconds
Build info: version: '3.7.1', revision: '8a0099a', time: '2017-11-06T21:07:36.161Z'
System info: host: 'WIN-U215233FMVE', ip: '172.30.0.53', os.name: 'Windows Server 2012 R2', os.arch: 'amd64', os.version: '6.3', java.version: '1.8.0_181'
Driver info: com.kms.katalon.selenium.driver.CChromeDriver
Capabilities {acceptInsecureCerts: false, acceptSslCerts: false, applicationCacheEnabled: false, browserConnectionEnabled: false, browserName: chrome, chrome: {chromedriverVersion: 2.43.600210 (68dcf5eebde371..., userDataDir: C:\Users\ADMINI~1\AppData\L...}, cssSelectorsEnabled: true, databaseEnabled: false, goog:chromeOptions: {debuggerAddress: localhost:63028}, handlesAlerts: true, hasTouchScreen: true, javascriptEnabled: true, locationContextEnabled: true, mobileEmulationEnabled: true, nativeEvents: true, networkConnectionEnabled: false, pageLoadStrategy: normal, platform: XP, platformName: XP, rotatable: false, setWindowRect: true, takesHeapSnapshot: true, takesScreenshot: true, unexpectedAlertBehaviour: , unhandledPromptBehavior: , version: 80.0.3987.132, webStorageEnabled: true}
Session ID: ae288cfef6d1f1770ccc0d225eee1326
	at org.openqa.selenium.remote.ErrorHandler.createThrowable(ErrorHandler.java:214)
	at org.openqa.selenium.remote.ErrorHandler.throwIfResponseFailed(ErrorHandler.java:166)
	at org.openqa.selenium.remote.http.JsonHttpResponseCodec.reconstructValue(JsonHttpResponseCodec.java:40)
	at org.openqa.selenium.remote.http.AbstractHttpResponseCodec.decode(AbstractHttpResponseCodec.java:80)
	at org.openqa.selenium.remote.http.AbstractHttpResponseCodec.decode(AbstractHttpResponseCodec.java:44)
	at org.openqa.selenium.remote.HttpCommandExecutor.execute(HttpCommandExecutor.java:164)
	at org.openqa.selenium.remote.service.DriverCommandExecutor.execute(DriverCommandExecutor.java:83)
	at org.openqa.selenium.remote.RemoteWebDriver.execute(RemoteWebDriver.java:600)
	at com.kms.katalon.selenium.driver.CChromeDriver.execute(CChromeDriver.java:20)
	at org.openqa.selenium.remote.RemoteWebElement.execute(RemoteWebElement.java:279)
	at org.openqa.selenium.remote.RemoteWebElement.click(RemoteWebElement.java:83)
	at com.thoughtworks.selenium.webdriven.commands.Click.handleSeleneseCommand(Click.java:40)
	at com.thoughtworks.selenium.webdriven.commands.Click.handleSeleneseCommand(Click.java:26)
	at com.thoughtworks.selenium.webdriven.SeleneseCommand.apply(SeleneseCommand.java:36)
	at com.thoughtworks.selenium.webdriven.Timer.run(Timer.java:41)
	at com.thoughtworks.selenium.webdriven.WebDriverCommandProcessor.execute(WebDriverCommandProcessor.java:150)
	at com.thoughtworks.selenium.webdriven.WebDriverCommandProcessor.doCommand(WebDriverCommandProcessor.java:76)
	at com.thoughtworks.selenium.DefaultSelenium.click(DefaultSelenium.java:198)
	at com.thoughtworks.selenium.Selenium$click.call(Unknown Source)
	at Script1583731799742.run(Script1583731799742.groovy:39)
	... 13 more]]></system-out>
      <system-err><![CDATA[2020-03-10 05:28:01 - [TEST_SUITE][ERROR] - hic: Test Cases/HIC/New/HBI FAILED.
Reason:
com.thoughtworks.selenium.SeleniumException: unknown error: Element <button type="button" class="Common__DefaultButton-r4giz5-1 Common__JumboButton-r4giz5-2 SubmitButton-nmdtlk-0 ProductDropDown__CTAButton-trye76-5 jeXAtY btn btn-primary">...</button> is not clickable at point (187, 602). Other element would receive the click: <div class="pages__PhoneCtaResponsive-sc-1dmd8vs-30 hzFEeU">...</div>
  (Session info: chrome=80.0.3987.132)
  (Driver info: chromedriver=2.43.600210 (68dcf5eebde37173d4027fa8635e332711d2874a),platform=Windows NT 6.3.9600 x86_64) (WARNING: The server did not provide any stacktrace information)
Command duration or timeout: 0 milliseconds
Build info: version: '3.7.1', revision: '8a0099a', time: '2017-11-06T21:07:36.161Z'
System info: host: 'WIN-U215233FMVE', ip: '172.30.0.53', os.name: 'Windows Server 2012 R2', os.arch: 'amd64', os.version: '6.3', java.version: '1.8.0_181'
Driver info: com.kms.katalon.selenium.driver.CChromeDriver
Capabilities {acceptInsecureCerts: false, acceptSslCerts: false, applicationCacheEnabled: false, browserConnectionEnabled: false, browserName: chrome, chrome: {chromedriverVersion: 2.43.600210 (68dcf5eebde371..., userDataDir: C:\Users\ADMINI~1\AppData\L...}, cssSelectorsEnabled: true, databaseEnabled: false, goog:chromeOptions: {debuggerAddress: localhost:63028}, handlesAlerts: true, hasTouchScreen: true, javascriptEnabled: true, locationContextEnabled: true, mobileEmulationEnabled: true, nativeEvents: true, networkConnectionEnabled: false, pageLoadStrategy: normal, platform: XP, platformName: XP, rotatable: false, setWindowRect: true, takesHeapSnapshot: true, takesScreenshot: true, unexpectedAlertBehaviour: , unhandledPromptBehavior: , version: 80.0.3987.132, webStorageEnabled: true}
Session ID: ae288cfef6d1f1770ccc0d225eee1326
	at com.thoughtworks.selenium.webdriven.SeleneseCommand.apply(SeleneseCommand.java:45)
	at com.thoughtworks.selenium.webdriven.Timer.run(Timer.java:41)
	at com.thoughtworks.selenium.webdriven.WebDriverCommandProcessor.execute(WebDriverCommandProcessor.java:150)
	at com.thoughtworks.selenium.webdriven.WebDriverCommandProcessor.doCommand(WebDriverCommandProcessor.java:76)
	at com.thoughtworks.selenium.DefaultSelenium.click(DefaultSelenium.java:198)
	at com.thoughtworks.selenium.Selenium$click.call(Unknown Source)
	at HBI.run(HBI:39)
	at com.kms.katalon.core.main.ScriptEngine.run(ScriptEngine.java:194)
	at com.kms.katalon.core.main.ScriptEngine.runScriptAsRawText(ScriptEngine.java:119)
	at com.kms.katalon.core.main.TestCaseExecutor.runScript(TestCaseExecutor.java:328)
	at com.kms.katalon.core.main.TestCaseExecutor.doExecute(TestCaseExecutor.java:319)
	at com.kms.katalon.core.main.TestCaseExecutor.processExecutionPhase(TestCaseExecutor.java:298)
	at com.kms.katalon.core.main.TestCaseExecutor.accessMainPhase(TestCaseExecutor.java:290)
	at com.kms.katalon.core.main.TestCaseExecutor.execute(TestCaseExecutor.java:224)
	at com.kms.katalon.core.main.TestSuiteExecutor.accessTestCaseMainPhase(TestSuiteExecutor.java:129)
	at com.kms.katalon.core.main.TestSuiteExecutor.accessTestSuiteMainPhase(TestSuiteExecutor.java:112)
	at com.kms.katalon.core.main.TestSuiteExecutor.execute(TestSuiteExecutor.java:81)
	at com.kms.katalon.core.main.TestCaseMain.startTestSuite(TestCaseMain.java:149)
	at com.kms.katalon.core.main.TestCaseMain$startTestSuite$0.call(Unknown Source)
	at TempTestSuite1583832473723.run(TempTestSuite1583832473723.groovy:36)
Caused by: org.openqa.selenium.WebDriverException: unknown error: Element <button type="button" class="Common__DefaultButton-r4giz5-1 Common__JumboButton-r4giz5-2 SubmitButton-nmdtlk-0 ProductDropDown__CTAButton-trye76-5 jeXAtY btn btn-primary">...</button> is not clickable at point (187, 602). Other element would receive the click: <div class="pages__PhoneCtaResponsive-sc-1dmd8vs-30 hzFEeU">...</div>
  (Session info: chrome=80.0.3987.132)
  (Driver info: chromedriver=2.43.600210 (68dcf5eebde37173d4027fa8635e332711d2874a),platform=Windows NT 6.3.9600 x86_64) (WARNING: The server did not provide any stacktrace information)
Command duration or timeout: 0 milliseconds
Build info: version: '3.7.1', revision: '8a0099a', time: '2017-11-06T21:07:36.161Z'
System info: host: 'WIN-U215233FMVE', ip: '172.30.0.53', os.name: 'Windows Server 2012 R2', os.arch: 'amd64', os.version: '6.3', java.version: '1.8.0_181'
Driver info: com.kms.katalon.selenium.driver.CChromeDriver
Capabilities {acceptInsecureCerts: false, acceptSslCerts: false, applicationCacheEnabled: false, browserConnectionEnabled: false, browserName: chrome, chrome: {chromedriverVersion: 2.43.600210 (68dcf5eebde371..., userDataDir: C:\Users\ADMINI~1\AppData\L...}, cssSelectorsEnabled: true, databaseEnabled: false, goog:chromeOptions: {debuggerAddress: localhost:63028}, handlesAlerts: true, hasTouchScreen: true, javascriptEnabled: true, locationContextEnabled: true, mobileEmulationEnabled: true, nativeEvents: true, networkConnectionEnabled: false, pageLoadStrategy: normal, platform: XP, platformName: XP, rotatable: false, setWindowRect: true, takesHeapSnapshot: true, takesScreenshot: true, unexpectedAlertBehaviour: , unhandledPromptBehavior: , version: 80.0.3987.132, webStorageEnabled: true}
Session ID: ae288cfef6d1f1770ccc0d225eee1326
	at org.openqa.selenium.remote.ErrorHandler.createThrowable(ErrorHandler.java:214)
	at org.openqa.selenium.remote.ErrorHandler.throwIfResponseFailed(ErrorHandler.java:166)
	at org.openqa.selenium.remote.http.JsonHttpResponseCodec.reconstructValue(JsonHttpResponseCodec.java:40)
	at org.openqa.selenium.remote.http.AbstractHttpResponseCodec.decode(AbstractHttpResponseCodec.java:80)
	at org.openqa.selenium.remote.http.AbstractHttpResponseCodec.decode(AbstractHttpResponseCodec.java:44)
	at org.openqa.selenium.remote.HttpCommandExecutor.execute(HttpCommandExecutor.java:164)
	at org.openqa.selenium.remote.service.DriverCommandExecutor.execute(DriverCommandExecutor.java:83)
	at org.openqa.selenium.remote.RemoteWebDriver.execute(RemoteWebDriver.java:600)
	at com.kms.katalon.selenium.driver.CChromeDriver.execute(CChromeDriver.java:20)
	at org.openqa.selenium.remote.RemoteWebElement.execute(RemoteWebElement.java:279)
	at org.openqa.selenium.remote.RemoteWebElement.click(RemoteWebElement.java:83)
	at com.thoughtworks.selenium.webdriven.commands.Click.handleSeleneseCommand(Click.java:40)
	at com.thoughtworks.selenium.webdriven.commands.Click.handleSeleneseCommand(Click.java:26)
	at com.thoughtworks.selenium.webdriven.SeleneseCommand.apply(SeleneseCommand.java:36)
	at com.thoughtworks.selenium.webdriven.Timer.run(Timer.java:41)
	at com.thoughtworks.selenium.webdriven.WebDriverCommandProcessor.execute(WebDriverCommandProcessor.java:150)
	at com.thoughtworks.selenium.webdriven.WebDriverCommandProcessor.doCommand(WebDriverCommandProcessor.java:76)
	at com.thoughtworks.selenium.DefaultSelenium.click(DefaultSelenium.java:198)
	at com.thoughtworks.selenium.Selenium$click.call(Unknown Source)
	at Script1583731799742.run(Script1583731799742.groovy:39)
	... 13 more]]></system-err>
   </testsuite>
</testsuites>
