<?xml version="1.0" encoding="UTF-8" standalone="yes"?>
<testsuites name="hbi" time="1022" tests="8" failures="0" errors="0">
    <testsuite name="hbi" tests="8" failures="0" errors="0" time="1022" timestamp="2019-09-05 10:56:55" hostname="sofee.yu - windows10.microdone.cn" id="Test Suites/mobileWeb/hbi">
        <properties>
            <property name="deviceName" value=""/>
            <property name="devicePlatform" value=""/>
            <property name="logFolder" value="D:\\Test\\AgileTest\\AgileTest\\Reports\\mobileWeb\\hbi\\20190905_105643"/>
            <property name="logFiles" value="D:\\Test\\AgileTest\\AgileTest\\Reports\\mobileWeb\\hbi\\20190905_105643\\execution0.log"/>
            <property name="attachments" value="D:\\Test\\AgileTest\\AgileTest\\Reports\\mobileWeb\\hbi\\20190905_105643\\../Screenshots/iPhone X/hbi/Agile One/20190905_105703/0.png, D:\\Test\\AgileTest\\AgileTest\\Reports\\mobileWeb\\hbi\\20190905_105643\\../Screenshots/iPhone X/hbi/Agile One/20190905_105703/1.png, D:\\Test\\AgileTest\\AgileTest\\Reports\\mobileWeb\\hbi\\20190905_105643\\../Screenshots/iPhone X/hbi/Agile One/20190905_105703/2.png, D:\\Test\\AgileTest\\AgileTest\\Reports\\mobileWeb\\hbi\\20190905_105643\\../Screenshots/iPhone X/hbi/Agile One/20190905_105703/3.png, D:\\Test\\AgileTest\\AgileTest\\Reports\\mobileWeb\\hbi\\20190905_105643\\../Screenshots/iPhone X/hbi/Agile One/20190905_105703/4.png, D:\\Test\\AgileTest\\AgileTest\\Reports\\mobileWeb\\hbi\\20190905_105643\\../Screenshots/iPhone X/hbi/Agile One/20190905_105703/5.png, D:\\Test\\AgileTest\\AgileTest\\Reports\\mobileWeb\\hbi\\20190905_105643\\../Screenshots/iPhone X/hbi/Agile One/20190905_105703/6.png, D:\\Test\\AgileTest\\AgileTest\\Reports\\mobileWeb\\hbi\\20190905_105643\\../Screenshots/iPhone X/hbi/Agile One/20190905_105703/7.png, D:\\Test\\AgileTest\\AgileTest\\Reports\\mobileWeb\\hbi\\20190905_105643\\../Screenshots/iPhone X/hbi/Agile One/20190905_105703/8.png, D:\\Test\\AgileTest\\AgileTest\\Reports\\mobileWeb\\hbi\\20190905_105643\\../Screenshots/iPhone X/hbi/Legion Limited Medical/20190905_110134/0.png, D:\\Test\\AgileTest\\AgileTest\\Reports\\mobileWeb\\hbi\\20190905_105643\\../Screenshots/iPhone X/hbi/Legion Limited Medical/20190905_110134/1.png, D:\\Test\\AgileTest\\AgileTest\\Reports\\mobileWeb\\hbi\\20190905_105643\\../Screenshots/iPhone X/hbi/Legion Limited Medical/20190905_110134/2.png, D:\\Test\\AgileTest\\AgileTest\\Reports\\mobileWeb\\hbi\\20190905_105643\\../Screenshots/iPhone X/hbi/Legion Limited Medical/20190905_110134/3.png, D:\\Test\\AgileTest\\AgileTest\\Reports\\mobileWeb\\hbi\\20190905_105643\\../Screenshots/iPhone X/hbi/Legion Limited Medical/20190905_110134/4.png, D:\\Test\\AgileTest\\AgileTest\\Reports\\mobileWeb\\hbi\\20190905_105643\\../Screenshots/iPhone X/hbi/Legion Limited Medical/20190905_110134/5.png, D:\\Test\\AgileTest\\AgileTest\\Reports\\mobileWeb\\hbi\\20190905_105643\\../Screenshots/iPhone X/hbi/Legion Limited Medical/20190905_110134/6.png, D:\\Test\\AgileTest\\AgileTest\\Reports\\mobileWeb\\hbi\\20190905_105643\\../Screenshots/iPhone X/hbi/Legion Limited Medical/20190905_110134/7.png, D:\\Test\\AgileTest\\AgileTest\\Reports\\mobileWeb\\hbi\\20190905_105643\\../Screenshots/iPhone X/hbi/Legion Limited Medical/20190905_110134/8.png, D:\\Test\\AgileTest\\AgileTest\\Reports\\mobileWeb\\hbi\\20190905_105643\\../Screenshots/iPhone X/hbi/Cardinal Choice/20190905_110323/0.png, D:\\Test\\AgileTest\\AgileTest\\Reports\\mobileWeb\\hbi\\20190905_105643\\../Screenshots/iPhone X/hbi/Cardinal Choice/20190905_110323/1.png, D:\\Test\\AgileTest\\AgileTest\\Reports\\mobileWeb\\hbi\\20190905_105643\\../Screenshots/iPhone X/hbi/Cardinal Choice/20190905_110323/2.png, D:\\Test\\AgileTest\\AgileTest\\Reports\\mobileWeb\\hbi\\20190905_105643\\../Screenshots/iPhone X/hbi/Cardinal Choice/20190905_110323/3.png, D:\\Test\\AgileTest\\AgileTest\\Reports\\mobileWeb\\hbi\\20190905_105643\\../Screenshots/iPhone X/hbi/Cardinal Choice/20190905_110323/4.png, D:\\Test\\AgileTest\\AgileTest\\Reports\\mobileWeb\\hbi\\20190905_105643\\../Screenshots/iPhone X/hbi/Cardinal Choice/20190905_110323/5.png, D:\\Test\\AgileTest\\AgileTest\\Reports\\mobileWeb\\hbi\\20190905_105643\\../Screenshots/iPhone X/hbi/Cardinal Choice/20190905_110323/6.png, D:\\Test\\AgileTest\\AgileTest\\Reports\\mobileWeb\\hbi\\20190905_105643\\../Screenshots/iPhone X/hbi/Cardinal Choice/20190905_110323/7.png, D:\\Test\\AgileTest\\AgileTest\\Reports\\mobileWeb\\hbi\\20190905_105643\\../Screenshots/iPhone X/hbi/Cardinal Choice/20190905_110323/8.png, D:\\Test\\AgileTest\\AgileTest\\Reports\\mobileWeb\\hbi\\20190905_105643\\../Screenshots/iPhone X/hbi/Core Shield/20190905_110510/0.png, D:\\Test\\AgileTest\\AgileTest\\Reports\\mobileWeb\\hbi\\20190905_105643\\../Screenshots/iPhone X/hbi/Core Shield/20190905_110510/1.png, D:\\Test\\AgileTest\\AgileTest\\Reports\\mobileWeb\\hbi\\20190905_105643\\../Screenshots/iPhone X/hbi/Core Shield/20190905_110510/2.png, D:\\Test\\AgileTest\\AgileTest\\Reports\\mobileWeb\\hbi\\20190905_105643\\../Screenshots/iPhone X/hbi/Core Shield/20190905_110510/3.png, D:\\Test\\AgileTest\\AgileTest\\Reports\\mobileWeb\\hbi\\20190905_105643\\../Screenshots/iPhone X/hbi/Core Shield/20190905_110510/4.png, D:\\Test\\AgileTest\\AgileTest\\Reports\\mobileWeb\\hbi\\20190905_105643\\../Screenshots/iPhone X/hbi/Core Shield/20190905_110510/5.png, D:\\Test\\AgileTest\\AgileTest\\Reports\\mobileWeb\\hbi\\20190905_105643\\../Screenshots/iPhone X/hbi/Core Shield/20190905_110510/6.png, D:\\Test\\AgileTest\\AgileTest\\Reports\\mobileWeb\\hbi\\20190905_105643\\../Screenshots/iPhone X/hbi/Core Shield/20190905_110510/7.png, D:\\Test\\AgileTest\\AgileTest\\Reports\\mobileWeb\\hbi\\20190905_105643\\../Screenshots/iPhone X/hbi/Core Shield/20190905_110510/8.png, D:\\Test\\AgileTest\\AgileTest\\Reports\\mobileWeb\\hbi\\20190905_105643\\../Screenshots/iPhone X/hbi/Agile Secure/20190905_110706/0.png, D:\\Test\\AgileTest\\AgileTest\\Reports\\mobileWeb\\hbi\\20190905_105643\\../Screenshots/iPhone X/hbi/Agile Secure/20190905_110706/1.png, D:\\Test\\AgileTest\\AgileTest\\Reports\\mobileWeb\\hbi\\20190905_105643\\../Screenshots/iPhone X/hbi/Agile Secure/20190905_110706/2.png, D:\\Test\\AgileTest\\AgileTest\\Reports\\mobileWeb\\hbi\\20190905_105643\\../Screenshots/iPhone X/hbi/Agile Secure/20190905_110706/3.png, D:\\Test\\AgileTest\\AgileTest\\Reports\\mobileWeb\\hbi\\20190905_105643\\../Screenshots/iPhone X/hbi/Agile Secure/20190905_110706/4.png, D:\\Test\\AgileTest\\AgileTest\\Reports\\mobileWeb\\hbi\\20190905_105643\\../Screenshots/iPhone X/hbi/Agile Secure/20190905_110706/5.png, D:\\Test\\AgileTest\\AgileTest\\Reports\\mobileWeb\\hbi\\20190905_105643\\../Screenshots/iPhone X/hbi/Agile Secure/20190905_110706/6.png, D:\\Test\\AgileTest\\AgileTest\\Reports\\mobileWeb\\hbi\\20190905_105643\\../Screenshots/iPhone X/hbi/Agile Secure/20190905_110706/7.png, D:\\Test\\AgileTest\\AgileTest\\Reports\\mobileWeb\\hbi\\20190905_105643\\../Screenshots/iPhone X/hbi/Fixed Cash Benefit/20190905_110856/0.png, D:\\Test\\AgileTest\\AgileTest\\Reports\\mobileWeb\\hbi\\20190905_105643\\../Screenshots/iPhone X/hbi/Fixed Cash Benefit/20190905_110856/1.png, D:\\Test\\AgileTest\\AgileTest\\Reports\\mobileWeb\\hbi\\20190905_105643\\../Screenshots/iPhone X/hbi/Fixed Cash Benefit/20190905_110856/2.png, D:\\Test\\AgileTest\\AgileTest\\Reports\\mobileWeb\\hbi\\20190905_105643\\../Screenshots/iPhone X/hbi/Fixed Cash Benefit/20190905_110856/3.png, D:\\Test\\AgileTest\\AgileTest\\Reports\\mobileWeb\\hbi\\20190905_105643\\../Screenshots/iPhone X/hbi/Fixed Cash Benefit/20190905_110856/4.png, D:\\Test\\AgileTest\\AgileTest\\Reports\\mobileWeb\\hbi\\20190905_105643\\../Screenshots/iPhone X/hbi/Fixed Cash Benefit/20190905_110856/5.png, D:\\Test\\AgileTest\\AgileTest\\Reports\\mobileWeb\\hbi\\20190905_105643\\../Screenshots/iPhone X/hbi/Fixed Cash Benefit/20190905_110856/6.png, D:\\Test\\AgileTest\\AgileTest\\Reports\\mobileWeb\\hbi\\20190905_105643\\../Screenshots/iPhone X/hbi/Fixed Cash Benefit/20190905_110856/7.png, D:\\Test\\AgileTest\\AgileTest\\Reports\\mobileWeb\\hbi\\20190905_105643\\../Screenshots/iPhone X/hbi/Fixed Cash Benefit/20190905_110856/8.png, D:\\Test\\AgileTest\\AgileTest\\Reports\\mobileWeb\\hbi\\20190905_105643\\../Screenshots/iPhone X/hbi/Health Choice/20190905_111037/0.png, D:\\Test\\AgileTest\\AgileTest\\Reports\\mobileWeb\\hbi\\20190905_105643\\../Screenshots/iPhone X/hbi/Health Choice/20190905_111037/1.png, D:\\Test\\AgileTest\\AgileTest\\Reports\\mobileWeb\\hbi\\20190905_105643\\../Screenshots/iPhone X/hbi/Health Choice/20190905_111037/2.png, D:\\Test\\AgileTest\\AgileTest\\Reports\\mobileWeb\\hbi\\20190905_105643\\../Screenshots/iPhone X/hbi/Health Choice/20190905_111037/3.png, D:\\Test\\AgileTest\\AgileTest\\Reports\\mobileWeb\\hbi\\20190905_105643\\../Screenshots/iPhone X/hbi/Health Choice/20190905_111037/4.png, D:\\Test\\AgileTest\\AgileTest\\Reports\\mobileWeb\\hbi\\20190905_105643\\../Screenshots/iPhone X/hbi/Health Choice/20190905_111037/5.png, D:\\Test\\AgileTest\\AgileTest\\Reports\\mobileWeb\\hbi\\20190905_105643\\../Screenshots/iPhone X/hbi/Health Choice/20190905_111037/6.png, D:\\Test\\AgileTest\\AgileTest\\Reports\\mobileWeb\\hbi\\20190905_105643\\../Screenshots/iPhone X/hbi/Health Choice/20190905_111037/7.png, D:\\Test\\AgileTest\\AgileTest\\Reports\\mobileWeb\\hbi\\20190905_105643\\../Screenshots/iPhone X/hbi/Health Choice/20190905_111037/8.png, D:\\Test\\AgileTest\\AgileTest\\Reports\\mobileWeb\\hbi\\20190905_105643\\../Screenshots/iPhone X/hbi/Vitala Care/20190905_111212/0.png, D:\\Test\\AgileTest\\AgileTest\\Reports\\mobileWeb\\hbi\\20190905_105643\\../Screenshots/iPhone X/hbi/Vitala Care/20190905_111212/1.png, D:\\Test\\AgileTest\\AgileTest\\Reports\\mobileWeb\\hbi\\20190905_105643\\../Screenshots/iPhone X/hbi/Vitala Care/20190905_111212/2.png, D:\\Test\\AgileTest\\AgileTest\\Reports\\mobileWeb\\hbi\\20190905_105643\\../Screenshots/iPhone X/hbi/Vitala Care/20190905_111212/3.png, D:\\Test\\AgileTest\\AgileTest\\Reports\\mobileWeb\\hbi\\20190905_105643\\../Screenshots/iPhone X/hbi/Vitala Care/20190905_111212/4.png, D:\\Test\\AgileTest\\AgileTest\\Reports\\mobileWeb\\hbi\\20190905_105643\\../Screenshots/iPhone X/hbi/Vitala Care/20190905_111212/5.png, D:\\Test\\AgileTest\\AgileTest\\Reports\\mobileWeb\\hbi\\20190905_105643\\../Screenshots/iPhone X/hbi/Vitala Care/20190905_111212/6.png, D:\\Test\\AgileTest\\AgileTest\\Reports\\mobileWeb\\hbi\\20190905_105643\\../Screenshots/iPhone X/hbi/Vitala Care/20190905_111212/7.png, D:\\Test\\AgileTest\\AgileTest\\Reports\\mobileWeb\\hbi\\20190905_105643\\../Screenshots/iPhone X/hbi/Vitala Care/20190905_111212/8.png, D:\\Test\\AgileTest\\AgileTest\\Reports\\mobileWeb\\hbi\\20190905_105643\\../Screenshots/iPhone X/hbi/Vitala Care/20190905_111212/9.png"/>
            <property name="hostName" value="sofee.yu - windows10.microdone.cn"/>
            <property name="os" value="Windows 7 64bit"/>
            <property name="katalonVersion" value="6.2.2.4"/>
            <property name="browser" value="Safari 11"/>
            <property name="hostAddress" value="172.16.86.47"/>
            <property name="sessionId" value="58a9779e44c270cdf9a88873a1f88abb"/>
            <property name="seleniumVersion" value="3.141.59"/>
            <property name="proxyInformation" value="ProxyInformation{proxyOption=NO_PROXY, proxyServerType=HTTP, password=, proxyServerAddress=, proxyServerPort=0}"/>
            <property name="platform" value="Windows 7"/>
        </properties>
        <testcase name="Test Cases/mobileWeb/HBI/Agile One" classname="Test Cases/mobileWeb/HBI/Agile One" status="PASSED">
            <system-out>2019-09-05 10:56:57 - [TEST_CASE][PASSED] - Test Cases/mobileWeb/HBI/Agile One: Test Cases/mobileWeb/HBI/Agile One&#xD;
&#xD;
2019-09-05 10:56:59 - [TEST_STEP][PASSED] - callTestCase(findTestCase("mobileWeb/_include/get_screenPath"), ["productLine":"hbi", "carrierName":"Agile One"], CONTINUE_ON_FAILURE): Call Test Case 'Test Cases/mobileWeb/_include/get_screenPath' successfully&#xD;
&#xD;
2019-09-05 10:57:00 - [TEST_CASE][PASSED] - Test Cases/mobileWeb/_include/get_screenPath: Test Cases/mobileWeb/_include/get_screenPath&#xD;
&#xD;
2019-09-05 10:57:02 - [TEST_STEP][PASSED] - m = getExecutionProperties(): null&#xD;
&#xD;
2019-09-05 10:57:02 - [TEST_STEP][PASSED] - deviceName = get("mobileEmulation").get("deviceName"): null&#xD;
&#xD;
2019-09-05 10:57:03 - [TEST_STEP][PASSED] - println(deviceName): null&#xD;
&#xD;
2019-09-05 10:57:03 - [TEST_STEP][PASSED] - now = new java.util.Date(): null&#xD;
&#xD;
2019-09-05 10:57:03 - [TEST_STEP][PASSED] - mydate = now.format("yyyyMMdd_HHmmss"): null&#xD;
&#xD;
2019-09-05 10:57:03 - [TEST_STEP][PASSED] - screenPath = "../Screenshots/": null&#xD;
&#xD;
2019-09-05 10:57:04 - [TEST_STEP][PASSED] - screenPath = screenPath + deviceName + "/" + productLine + "/" + carrierName + "/" + mydate + "/": null&#xD;
&#xD;
2019-09-05 10:57:04 - [TEST_STEP][PASSED] - println(screenPath): null&#xD;
&#xD;
2019-09-05 10:57:04 - [MESSAGE][PASSED] - Call Test Case 'Test Cases/mobileWeb/_include/get_screenPath' successfully&#xD;
&#xD;
2019-09-05 10:57:04 - [TEST_STEP][PASSED] - i = 0: null&#xD;
&#xD;
2019-09-05 10:57:04 - [TEST_STEP][PASSED] - callTestCase(findTestCase("mobileWeb/_include/openWebSite"), [:], CONTINUE_ON_FAILURE): Call Test Case 'Test Cases/mobileWeb/_include/openWebSite' successfully&#xD;
&#xD;
2019-09-05 10:57:04 - [TEST_CASE][PASSED] - Test Cases/mobileWeb/_include/openWebSite: Test Cases/mobileWeb/_include/openWebSite&#xD;
&#xD;
2019-09-05 10:57:04 - [TEST_STEP][PASSED] - openBrowser(env): Browser is opened with url: 'https://praetemptatus.agilehealthinsurance.com'&#xD;
&#xD;
2019-09-05 10:57:14 - [MESSAGE][INFO] - Starting 'Chrome' driver&#xD;
&#xD;
2019-09-05 10:57:15 - [MESSAGE][INFO] - User set preference: ['mobileEmulation', '{deviceName=iPhone X}']&#xD;
&#xD;
2019-09-05 10:57:15 - [MESSAGE][INFO] - User set preference: ['args', '[--incognito, --aggressive-cache-discard, --no-sandbox, --window-size=375,812]']&#xD;
&#xD;
2019-09-05 10:57:16 - [MESSAGE][INFO] - Action delay is set to 0 seconds&#xD;
&#xD;
2019-09-05 10:58:45 - [MESSAGE][PASSED] - Browser is opened with url: 'https://praetemptatus.agilehealthinsurance.com'&#xD;
&#xD;
2019-09-05 10:58:45 - [TEST_STEP][PASSED] - waitForPageLoad(20): Wait for page load successfully&#xD;
&#xD;
2019-09-05 10:58:45 - [MESSAGE][PASSED] - Wait for page load successfully&#xD;
&#xD;
2019-09-05 10:58:45 - [TEST_STEP][PASSED] - callTestCase(findTestCase("mobileWeb/_include/get_screenshot"), [:], STOP_ON_FAILURE): Call Test Case 'Test Cases/mobileWeb/_include/get_screenshot' successfully&#xD;
&#xD;
2019-09-05 10:58:46 - [TEST_CASE][PASSED] - Test Cases/mobileWeb/_include/get_screenshot: Test Cases/mobileWeb/_include/get_screenshot&#xD;
&#xD;
2019-09-05 10:58:47 - [TEST_STEP][PASSED] - takeScreenshot(screenPath + i + ".png"): Taking screenshot successfully&#xD;
&#xD;
2019-09-05 10:59:02 - [MESSAGE][PASSED] - Taking screenshot successfully&#xD;
[[ATTACHMENT|D:\\Test\\AgileTest\\AgileTest\\Reports\\mobileWeb\\hbi\\20190905_105643\\../Screenshots/iPhone X/hbi/Agile One/20190905_105703/0.png]]&#xD;
&#xD;
2019-09-05 10:59:02 - [TEST_STEP][PASSED] - (internal.GlobalVariable.i++): null&#xD;
&#xD;
2019-09-05 10:59:02 - [MESSAGE][PASSED] - Call Test Case 'Test Cases/mobileWeb/_include/get_screenshot' successfully&#xD;
&#xD;
2019-09-05 10:59:02 - [MESSAGE][PASSED] - Call Test Case 'Test Cases/mobileWeb/_include/openWebSite' successfully&#xD;
&#xD;
2019-09-05 10:59:02 - [TEST_STEP][PASSED] - callTestCase(findTestCase("mobileWeb/_include/census_hbi"), [:], CONTINUE_ON_FAILURE): Call Test Case 'Test Cases/mobileWeb/_include/census_hbi' successfully&#xD;
&#xD;
2019-09-05 10:59:02 - [TEST_CASE][PASSED] - Test Cases/mobileWeb/_include/census_hbi: Test Cases/mobileWeb/_include/census_hbi&#xD;
&#xD;
2019-09-05 10:59:04 - [TEST_STEP][PASSED] - click(findTestObject("mobileSanity/Common/side_nav/menu")): Object: 'Object Repository/mobileSanity/Common/side_nav/menu' is clicked on&#xD;
&#xD;
2019-09-05 10:59:24 - [MESSAGE][PASSED] - Object: 'Object Repository/mobileSanity/Common/side_nav/menu' is clicked on&#xD;
&#xD;
2019-09-05 10:59:24 - [TEST_STEP][PASSED] - Thread.sleep(3000): null&#xD;
&#xD;
2019-09-05 10:59:27 - [TEST_STEP][PASSED] - click(findTestObject("mobileSanity/Common/side_nav/nav_hbi")): Object: 'Object Repository/mobileSanity/Common/side_nav/nav_hbi' is clicked on&#xD;
&#xD;
2019-09-05 10:59:36 - [MESSAGE][PASSED] - Object: 'Object Repository/mobileSanity/Common/side_nav/nav_hbi' is clicked on&#xD;
&#xD;
2019-09-05 10:59:36 - [TEST_STEP][PASSED] - waitForPageLoad(10): Wait for page load successfully&#xD;
&#xD;
2019-09-05 10:59:36 - [MESSAGE][PASSED] - Wait for page load successfully&#xD;
&#xD;
2019-09-05 10:59:36 - [TEST_STEP][PASSED] - callTestCase(findTestCase("mobileWeb/_include/get_screenshot"), [:], STOP_ON_FAILURE): Call Test Case 'Test Cases/mobileWeb/_include/get_screenshot' successfully&#xD;
&#xD;
2019-09-05 10:59:36 - [TEST_CASE][PASSED] - Test Cases/mobileWeb/_include/get_screenshot: Test Cases/mobileWeb/_include/get_screenshot&#xD;
&#xD;
2019-09-05 10:59:36 - [TEST_STEP][PASSED] - takeScreenshot(screenPath + i + ".png"): Taking screenshot successfully&#xD;
&#xD;
2019-09-05 10:59:37 - [MESSAGE][PASSED] - Taking screenshot successfully&#xD;
[[ATTACHMENT|D:\\Test\\AgileTest\\AgileTest\\Reports\\mobileWeb\\hbi\\20190905_105643\\../Screenshots/iPhone X/hbi/Agile One/20190905_105703/1.png]]&#xD;
&#xD;
2019-09-05 10:59:37 - [TEST_STEP][PASSED] - (internal.GlobalVariable.i++): null&#xD;
&#xD;
2019-09-05 10:59:37 - [MESSAGE][PASSED] - Call Test Case 'Test Cases/mobileWeb/_include/get_screenshot' successfully&#xD;
&#xD;
2019-09-05 10:59:37 - [TEST_STEP][PASSED] - setText(findTestObject("mobileSanity/HBI/census/input_Location_zip-input"), zipcode): Text '35215' is set on object 'Object Repository/mobileSanity/HBI/census/input_Location_zip-input'&#xD;
&#xD;
2019-09-05 10:59:40 - [MESSAGE][PASSED] - Text '35215' is set on object 'Object Repository/mobileSanity/HBI/census/input_Location_zip-input'&#xD;
&#xD;
2019-09-05 10:59:40 - [TEST_STEP][PASSED] - Thread.sleep(500): null&#xD;
&#xD;
2019-09-05 10:59:41 - [TEST_STEP][PASSED] - setText(findTestObject("mobileSanity/HBI/census/input_Date of Birth_dob-0"), "12121980"): Text '12121980' is set on object 'Object Repository/mobileSanity/HBI/census/input_Date of Birth_dob-0'&#xD;
&#xD;
2019-09-05 10:59:42 - [MESSAGE][PASSED] - Text '12121980' is set on object 'Object Repository/mobileSanity/HBI/census/input_Date of Birth_dob-0'&#xD;
&#xD;
2019-09-05 10:59:42 - [TEST_STEP][PASSED] - click(findTestObject("mobileSanity/HBI/census/label_Male")): Object: 'Object Repository/mobileSanity/HBI/census/label_Male' is clicked on&#xD;
&#xD;
2019-09-05 10:59:42 - [MESSAGE][PASSED] - Object: 'Object Repository/mobileSanity/HBI/census/label_Male' is clicked on&#xD;
&#xD;
2019-09-05 10:59:42 - [TEST_STEP][PASSED] - click(findTestObject("mobileSanity/HBI/census/label_Get a Quote")): Object: 'Object Repository/mobileSanity/HBI/census/label_Get a Quote' is clicked on&#xD;
&#xD;
2019-09-05 10:59:49 - [MESSAGE][PASSED] - Object: 'Object Repository/mobileSanity/HBI/census/label_Get a Quote' is clicked on&#xD;
&#xD;
2019-09-05 10:59:49 - [TEST_STEP][PASSED] - waitForPageLoad(20): Wait for page load successfully&#xD;
&#xD;
2019-09-05 10:59:52 - [MESSAGE][PASSED] - Wait for page load successfully&#xD;
&#xD;
2019-09-05 10:59:52 - [TEST_STEP][PASSED] - callTestCase(findTestCase("mobileWeb/_include/get_screenshot"), [:], STOP_ON_FAILURE): Call Test Case 'Test Cases/mobileWeb/_include/get_screenshot' successfully&#xD;
&#xD;
2019-09-05 10:59:52 - [TEST_CASE][PASSED] - Test Cases/mobileWeb/_include/get_screenshot: Test Cases/mobileWeb/_include/get_screenshot&#xD;
&#xD;
2019-09-05 10:59:52 - [TEST_STEP][PASSED] - takeScreenshot(screenPath + i + ".png"): Taking screenshot successfully&#xD;
&#xD;
2019-09-05 10:59:53 - [MESSAGE][PASSED] - Taking screenshot successfully&#xD;
[[ATTACHMENT|D:\\Test\\AgileTest\\AgileTest\\Reports\\mobileWeb\\hbi\\20190905_105643\\../Screenshots/iPhone X/hbi/Agile One/20190905_105703/2.png]]&#xD;
&#xD;
2019-09-05 10:59:53 - [TEST_STEP][PASSED] - (internal.GlobalVariable.i++): null&#xD;
&#xD;
2019-09-05 10:59:53 - [MESSAGE][PASSED] - Call Test Case 'Test Cases/mobileWeb/_include/get_screenshot' successfully&#xD;
&#xD;
2019-09-05 10:59:53 - [MESSAGE][PASSED] - Call Test Case 'Test Cases/mobileWeb/_include/census_hbi' successfully&#xD;
&#xD;
2019-09-05 10:59:53 - [TEST_STEP][PASSED] - Thread.sleep(5000): null&#xD;
&#xD;
2019-09-05 10:59:58 - [TEST_STEP][PASSED] - scrollToPosition(200, 2300): Browser is scrolled to position x = 200, y = 2300&#xD;
&#xD;
2019-09-05 10:59:58 - [MESSAGE][PASSED] - Browser is scrolled to position x = 200, y = 2300&#xD;
&#xD;
2019-09-05 10:59:58 - [TEST_STEP][PASSED] - click(findTestObject("mobileSanity/HBI/quote/a_Agile One 750")): Object: 'Object Repository/mobileSanity/HBI/quote/a_Agile One 750' is clicked on&#xD;
&#xD;
2019-09-05 11:00:06 - [MESSAGE][PASSED] - Object: 'Object Repository/mobileSanity/HBI/quote/a_Agile One 750' is clicked on&#xD;
&#xD;
2019-09-05 11:00:06 - [TEST_STEP][PASSED] - waitForPageLoad(20): Wait for page load successfully&#xD;
&#xD;
2019-09-05 11:00:06 - [MESSAGE][PASSED] - Wait for page load successfully&#xD;
&#xD;
2019-09-05 11:00:06 - [TEST_STEP][PASSED] - waitForElementPresent(findTestObject("mobileSanity/HBI/detail/a_Apply for This Plan"), 20): Object 'Object Repository/mobileSanity/HBI/detail/a_Apply for This Plan' is present&#xD;
&#xD;
2019-09-05 11:00:07 - [MESSAGE][PASSED] - Object 'Object Repository/mobileSanity/HBI/detail/a_Apply for This Plan' is present&#xD;
&#xD;
2019-09-05 11:00:07 - [TEST_STEP][PASSED] - callTestCase(findTestCase("mobileWeb/_include/get_screenshot"), [:], STOP_ON_FAILURE): Call Test Case 'Test Cases/mobileWeb/_include/get_screenshot' successfully&#xD;
&#xD;
2019-09-05 11:00:07 - [TEST_CASE][PASSED] - Test Cases/mobileWeb/_include/get_screenshot: Test Cases/mobileWeb/_include/get_screenshot&#xD;
&#xD;
2019-09-05 11:00:07 - [TEST_STEP][PASSED] - takeScreenshot(screenPath + i + ".png"): Taking screenshot successfully&#xD;
&#xD;
2019-09-05 11:00:08 - [MESSAGE][PASSED] - Taking screenshot successfully&#xD;
[[ATTACHMENT|D:\\Test\\AgileTest\\AgileTest\\Reports\\mobileWeb\\hbi\\20190905_105643\\../Screenshots/iPhone X/hbi/Agile One/20190905_105703/3.png]]&#xD;
&#xD;
2019-09-05 11:00:08 - [TEST_STEP][PASSED] - (internal.GlobalVariable.i++): null&#xD;
&#xD;
2019-09-05 11:00:08 - [MESSAGE][PASSED] - Call Test Case 'Test Cases/mobileWeb/_include/get_screenshot' successfully&#xD;
&#xD;
2019-09-05 11:00:08 - [TEST_STEP][PASSED] - click(findTestObject("mobileSanity/HBI/detail/a_Apply for This Plan")): Object: 'Object Repository/mobileSanity/HBI/detail/a_Apply for This Plan' is clicked on&#xD;
&#xD;
2019-09-05 11:00:12 - [MESSAGE][PASSED] - Object: 'Object Repository/mobileSanity/HBI/detail/a_Apply for This Plan' is clicked on&#xD;
&#xD;
2019-09-05 11:00:12 - [TEST_STEP][PASSED] - waitForPageLoad(20): Wait for page load successfully&#xD;
&#xD;
2019-09-05 11:00:15 - [MESSAGE][PASSED] - Wait for page load successfully&#xD;
&#xD;
2019-09-05 11:00:15 - [TEST_STEP][PASSED] - waitForElementPresent(findTestObject("mobileSanity/HBI/Page_Apply/span_Start Secure Application"), 20): Object 'Object Repository/mobileSanity/HBI/Page_Apply/span_Start Secure Application' is present&#xD;
&#xD;
2019-09-05 11:00:15 - [MESSAGE][PASSED] - Object 'Object Repository/mobileSanity/HBI/Page_Apply/span_Start Secure Application' is present&#xD;
&#xD;
2019-09-05 11:00:15 - [TEST_STEP][PASSED] - callTestCase(findTestCase("mobileWeb/_include/get_screenshot"), [:], STOP_ON_FAILURE): Call Test Case 'Test Cases/mobileWeb/_include/get_screenshot' successfully&#xD;
&#xD;
2019-09-05 11:00:15 - [TEST_CASE][PASSED] - Test Cases/mobileWeb/_include/get_screenshot: Test Cases/mobileWeb/_include/get_screenshot&#xD;
&#xD;
2019-09-05 11:00:15 - [TEST_STEP][PASSED] - takeScreenshot(screenPath + i + ".png"): Taking screenshot successfully&#xD;
&#xD;
2019-09-05 11:00:17 - [MESSAGE][PASSED] - Taking screenshot successfully&#xD;
[[ATTACHMENT|D:\\Test\\AgileTest\\AgileTest\\Reports\\mobileWeb\\hbi\\20190905_105643\\../Screenshots/iPhone X/hbi/Agile One/20190905_105703/4.png]]&#xD;
&#xD;
2019-09-05 11:00:17 - [TEST_STEP][PASSED] - (internal.GlobalVariable.i++): null&#xD;
&#xD;
2019-09-05 11:00:17 - [MESSAGE][PASSED] - Call Test Case 'Test Cases/mobileWeb/_include/get_screenshot' successfully&#xD;
&#xD;
2019-09-05 11:00:17 - [TEST_STEP][PASSED] - click(findTestObject("mobileSanity/HBI/Page_Apply/span_Start Secure Application")): Object: 'Object Repository/mobileSanity/HBI/Page_Apply/span_Start Secure Application' is clicked on&#xD;
&#xD;
2019-09-05 11:00:20 - [MESSAGE][PASSED] - Object: 'Object Repository/mobileSanity/HBI/Page_Apply/span_Start Secure Application' is clicked on&#xD;
&#xD;
2019-09-05 11:00:20 - [TEST_STEP][PASSED] - waitForPageLoad(20): Wait for page load successfully&#xD;
&#xD;
2019-09-05 11:00:20 - [MESSAGE][PASSED] - Wait for page load successfully&#xD;
&#xD;
2019-09-05 11:00:20 - [TEST_STEP][PASSED] - Thread.sleep(5000): null&#xD;
&#xD;
2019-09-05 11:00:25 - [TEST_STEP][PASSED] - callTestCase(findTestCase("mobileWeb/_include/get_screenshot"), [:], STOP_ON_FAILURE): Call Test Case 'Test Cases/mobileWeb/_include/get_screenshot' successfully&#xD;
&#xD;
2019-09-05 11:00:25 - [TEST_CASE][PASSED] - Test Cases/mobileWeb/_include/get_screenshot: Test Cases/mobileWeb/_include/get_screenshot&#xD;
&#xD;
2019-09-05 11:00:25 - [TEST_STEP][PASSED] - takeScreenshot(screenPath + i + ".png"): Taking screenshot successfully&#xD;
&#xD;
2019-09-05 11:00:26 - [MESSAGE][PASSED] - Taking screenshot successfully&#xD;
[[ATTACHMENT|D:\\Test\\AgileTest\\AgileTest\\Reports\\mobileWeb\\hbi\\20190905_105643\\../Screenshots/iPhone X/hbi/Agile One/20190905_105703/5.png]]&#xD;
&#xD;
2019-09-05 11:00:26 - [TEST_STEP][PASSED] - (internal.GlobalVariable.i++): null&#xD;
&#xD;
2019-09-05 11:00:26 - [MESSAGE][PASSED] - Call Test Case 'Test Cases/mobileWeb/_include/get_screenshot' successfully&#xD;
&#xD;
2019-09-05 11:00:26 - [TEST_STEP][PASSED] - callTestCase(findTestCase("mobileWeb/_include/goToEnd_hbi"), ["carrier":"agileone"], CONTINUE_ON_FAILURE): Call Test Case 'Test Cases/mobileWeb/_include/goToEnd_hbi' successfully&#xD;
&#xD;
2019-09-05 11:00:26 - [TEST_CASE][PASSED] - Test Cases/mobileWeb/_include/goToEnd_hbi: Test Cases/mobileWeb/_include/goToEnd_hbi&#xD;
&#xD;
2019-09-05 11:00:27 - [TEST_STEP][PASSED] - if (state == "ca"): null&#xD;
&#xD;
2019-09-05 11:00:27 - [TEST_STEP][PASSED] - callTestCase(findTestCase("mobileWeb/_include/name"), [:], CONTINUE_ON_FAILURE): Call Test Case 'Test Cases/mobileWeb/_include/name' successfully&#xD;
&#xD;
2019-09-05 11:00:27 - [TEST_CASE][PASSED] - Test Cases/mobileWeb/_include/name: Test Cases/mobileWeb/_include/name&#xD;
&#xD;
2019-09-05 11:00:28 - [TEST_STEP][PASSED] - driver = getWebDriver(): null&#xD;
&#xD;
2019-09-05 11:00:28 - [TEST_STEP][PASSED] - selenium = new com.thoughtworks.selenium.webdriven.WebDriverBackedSelenium(driver, internal.GlobalVariable.ENV): null&#xD;
&#xD;
2019-09-05 11:00:28 - [TEST_STEP][PASSED] - FirstName = "Test-123": null&#xD;
&#xD;
2019-09-05 11:00:28 - [TEST_STEP][PASSED] - LastName = selenium.getEval("{var x="ABCDEFGHIJKLMNOPQRSTUVWXYZabcdefghijklmnopqrstuvwxyz"; var tmp="ZZ11-"; for (i=0;i&lt;8;i++) tmp+=x.charAt(Math.ceil(51*Math.random()));tmp;}"): null&#xD;
&#xD;
2019-09-05 11:00:28 - [TEST_STEP][PASSED] - Address = selenium.getEval("{var x="ABCDEFGHIJKLMNOPQRSTUVWXYZabcdefghijklmnopqrstuvwxyz"; var tmp=""; for (i=0;i&lt;8;i++) tmp+=x.charAt(Math.ceil(51*Math.random()));tmp;}"): null&#xD;
&#xD;
2019-09-05 11:00:28 - [TEST_STEP][PASSED] - City = selenium.getEval("{var x="ABCDEFGHIJKLMNOPQRSTUVWXYZabcdefghijklmnopqrstuvwxyz"; var tmp=""; for (i=0;i&lt;8;i++) tmp+=x.charAt(Math.ceil(51*Math.random()));tmp;}"): null&#xD;
&#xD;
2019-09-05 11:00:28 - [TEST_STEP][PASSED] - tel1 = selenium.getEval("{var x="123456789"; var tmp=""; for (i=0;i&lt;3;i++) tmp+=x.charAt(Math.ceil(8*Math.random()));tmp;}"): null&#xD;
&#xD;
2019-09-05 11:00:28 - [TEST_STEP][PASSED] - tel2 = selenium.getEval("{var x="123456789"; var tmp=""; for (i=0;i&lt;3;i++) tmp+=x.charAt(Math.ceil(8*Math.random()));tmp;}"): null&#xD;
&#xD;
2019-09-05 11:00:28 - [TEST_STEP][PASSED] - tel3 = selenium.getEval("{var x="123456789"; var tmp=""; for (i=0;i&lt;4;i++) tmp+=x.charAt(Math.ceil(8*Math.random()));tmp;}"): null&#xD;
&#xD;
2019-09-05 11:00:28 - [TEST_STEP][PASSED] - Tel = selenium.getExpression(tel1 + "-" + tel2 + "-" + tel3): null&#xD;
&#xD;
2019-09-05 11:00:28 - [TEST_STEP][PASSED] - AutoEmail = selenium.getEval("{var x="ABCDEFGHIJKLMNOPQRSTUVWXYZabcdefghijklmnopqrstuvwxyz"; var tmp="test."; for (i=0;i&lt;8;i++) tmp+=x.charAt(Math.ceil(51*Math.random()));tmp+="@suryani.cn";}"): null&#xD;
&#xD;
2019-09-05 11:00:28 - [TEST_STEP][PASSED] - FirstName = FirstName: null&#xD;
&#xD;
2019-09-05 11:00:28 - [TEST_STEP][PASSED] - LastName = LastName: null&#xD;
&#xD;
2019-09-05 11:00:28 - [TEST_STEP][PASSED] - Address = Address: null&#xD;
&#xD;
2019-09-05 11:00:28 - [TEST_STEP][PASSED] - City = City: null&#xD;
&#xD;
2019-09-05 11:00:28 - [TEST_STEP][PASSED] - Tel = Tel: null&#xD;
&#xD;
2019-09-05 11:00:28 - [TEST_STEP][PASSED] - AutoEmail = AutoEmail: null&#xD;
&#xD;
2019-09-05 11:00:28 - [TEST_STEP][PASSED] - println(FirstName): null&#xD;
&#xD;
2019-09-05 11:00:28 - [TEST_STEP][PASSED] - println(LastName): null&#xD;
&#xD;
2019-09-05 11:00:28 - [TEST_STEP][PASSED] - println(Address): null&#xD;
&#xD;
2019-09-05 11:00:28 - [TEST_STEP][PASSED] - println(City): null&#xD;
&#xD;
2019-09-05 11:00:28 - [TEST_STEP][PASSED] - println(Tel): null&#xD;
&#xD;
2019-09-05 11:00:28 - [TEST_STEP][PASSED] - println(AutoEmail): null&#xD;
&#xD;
2019-09-05 11:00:28 - [MESSAGE][PASSED] - Call Test Case 'Test Cases/mobileWeb/_include/name' successfully&#xD;
&#xD;
2019-09-05 11:00:28 - [TEST_STEP][PASSED] - setText(findTestObject("mobileSanity/HBI/Page_App Page 1/input__member-P-1-firstName"), FirstName): Text 'Test-123' is set on object 'Object Repository/mobileSanity/HBI/Page_App Page 1/input__member-P-1-firstName'&#xD;
&#xD;
2019-09-05 11:00:29 - [MESSAGE][PASSED] - Text 'Test-123' is set on object 'Object Repository/mobileSanity/HBI/Page_App Page 1/input__member-P-1-firstName'&#xD;
&#xD;
2019-09-05 11:00:29 - [TEST_STEP][PASSED] - setText(findTestObject("mobileSanity/HBI/Page_App Page 1/input__member-P-1-lastName"), LastName): Text 'ZZ11-CmDmdXOY' is set on object 'Object Repository/mobileSanity/HBI/Page_App Page 1/input__member-P-1-lastName'&#xD;
&#xD;
2019-09-05 11:00:29 - [MESSAGE][PASSED] - Text 'ZZ11-CmDmdXOY' is set on object 'Object Repository/mobileSanity/HBI/Page_App Page 1/input__member-P-1-lastName'&#xD;
&#xD;
2019-09-05 11:00:29 - [TEST_STEP][PASSED] - if (carrier == "agileone" || carrier == "agilesecure"): Text 'test6' is set on object 'Object Repository/mobileSanity/HBI/Page_App Page 1/input__contingent-beneficiary-relationship'&#xD;
&#xD;
2019-09-05 11:00:29 - [TEST_STEP][PASSED] - setText(findTestObject("mobileSanity/HBI/Page_App Page 1/input__primary-beneficiary-fir"), "test1"): Text 'test1' is set on object 'Object Repository/mobileSanity/HBI/Page_App Page 1/input__primary-beneficiary-fir'&#xD;
&#xD;
2019-09-05 11:00:29 - [MESSAGE][PASSED] - Text 'test1' is set on object 'Object Repository/mobileSanity/HBI/Page_App Page 1/input__primary-beneficiary-fir'&#xD;
&#xD;
2019-09-05 11:00:29 - [TEST_STEP][PASSED] - setText(findTestObject("mobileSanity/HBI/Page_App Page 1/input__primary-beneficiary-las"), "test2"): Text 'test2' is set on object 'Object Repository/mobileSanity/HBI/Page_App Page 1/input__primary-beneficiary-las'&#xD;
&#xD;
2019-09-05 11:00:29 - [MESSAGE][PASSED] - Text 'test2' is set on object 'Object Repository/mobileSanity/HBI/Page_App Page 1/input__primary-beneficiary-las'&#xD;
&#xD;
2019-09-05 11:00:29 - [TEST_STEP][PASSED] - setText(findTestObject("mobileSanity/HBI/Page_App Page 1/input__primary-beneficiary-rel"), "test3"): Text 'test3' is set on object 'Object Repository/mobileSanity/HBI/Page_App Page 1/input__primary-beneficiary-rel'&#xD;
&#xD;
2019-09-05 11:00:30 - [MESSAGE][PASSED] - Text 'test3' is set on object 'Object Repository/mobileSanity/HBI/Page_App Page 1/input__primary-beneficiary-rel'&#xD;
&#xD;
2019-09-05 11:00:30 - [TEST_STEP][PASSED] - setText(findTestObject("mobileSanity/HBI/Page_App Page 1/input__contingent-beneficiary-"), "test4"): Text 'test4' is set on object 'Object Repository/mobileSanity/HBI/Page_App Page 1/input__contingent-beneficiary-'&#xD;
&#xD;
2019-09-05 11:00:30 - [MESSAGE][PASSED] - Text 'test4' is set on object 'Object Repository/mobileSanity/HBI/Page_App Page 1/input__contingent-beneficiary-'&#xD;
&#xD;
2019-09-05 11:00:30 - [TEST_STEP][PASSED] - setText(findTestObject("mobileSanity/HBI/Page_App Page 1/input__contingent-beneficiary-_lastname"), "test5"): Text 'test5' is set on object 'Object Repository/mobileSanity/HBI/Page_App Page 1/input__contingent-beneficiary-_lastname'&#xD;
&#xD;
2019-09-05 11:00:32 - [MESSAGE][PASSED] - Text 'test5' is set on object 'Object Repository/mobileSanity/HBI/Page_App Page 1/input__contingent-beneficiary-_lastname'&#xD;
&#xD;
2019-09-05 11:00:32 - [TEST_STEP][PASSED] - setText(findTestObject("mobileSanity/HBI/Page_App Page 1/input__contingent-beneficiary-relationship"), "test6"): Text 'test6' is set on object 'Object Repository/mobileSanity/HBI/Page_App Page 1/input__contingent-beneficiary-relationship'&#xD;
&#xD;
2019-09-05 11:00:32 - [MESSAGE][PASSED] - Text 'test6' is set on object 'Object Repository/mobileSanity/HBI/Page_App Page 1/input__contingent-beneficiary-relationship'&#xD;
&#xD;
2019-09-05 11:00:32 - [TEST_STEP][PASSED] - setText(findTestObject("mobileSanity/HBI/Page_App Page 1/input__address"), Address): Text 'bWxGfQsx' is set on object 'Object Repository/mobileSanity/HBI/Page_App Page 1/input__address'&#xD;
&#xD;
2019-09-05 11:00:33 - [MESSAGE][PASSED] - Text 'bWxGfQsx' is set on object 'Object Repository/mobileSanity/HBI/Page_App Page 1/input__address'&#xD;
&#xD;
2019-09-05 11:00:33 - [TEST_STEP][PASSED] - setText(findTestObject("mobileSanity/HBI/Page_App Page 1/input__city"), City): Text 'VWSXahWC' is set on object 'Object Repository/mobileSanity/HBI/Page_App Page 1/input__city'&#xD;
&#xD;
2019-09-05 11:00:34 - [MESSAGE][PASSED] - Text 'VWSXahWC' is set on object 'Object Repository/mobileSanity/HBI/Page_App Page 1/input__city'&#xD;
&#xD;
2019-09-05 11:00:34 - [TEST_STEP][PASSED] - setText(findTestObject("mobileSanity/HBI/Page_App Page 1/input__email"), AutoEmail): Text 'test.dnwpcXei@suryani.cn' is set on object 'Object Repository/mobileSanity/HBI/Page_App Page 1/input__email'&#xD;
&#xD;
2019-09-05 11:00:35 - [MESSAGE][PASSED] - Text 'test.dnwpcXei@suryani.cn' is set on object 'Object Repository/mobileSanity/HBI/Page_App Page 1/input__email'&#xD;
&#xD;
2019-09-05 11:00:35 - [TEST_STEP][PASSED] - setText(findTestObject("mobileSanity/HBI/Page_App Page 1/input_tel"), Tel): Text '224-627-5347' is set on object 'Object Repository/mobileSanity/HBI/Page_App Page 1/input_tel'&#xD;
&#xD;
2019-09-05 11:00:36 - [MESSAGE][PASSED] - Text '224-627-5347' is set on object 'Object Repository/mobileSanity/HBI/Page_App Page 1/input_tel'&#xD;
&#xD;
2019-09-05 11:00:36 - [TEST_STEP][PASSED] - click(findTestObject("mobileSanity/HBI/Page_App Page 1/a_Continue to Step 2 - Payment")): Object: 'Object Repository/mobileSanity/HBI/Page_App Page 1/a_Continue to Step 2 - Payment' is clicked on&#xD;
&#xD;
2019-09-05 11:00:36 - [MESSAGE][PASSED] - Object: 'Object Repository/mobileSanity/HBI/Page_App Page 1/a_Continue to Step 2 - Payment' is clicked on&#xD;
&#xD;
2019-09-05 11:00:36 - [TEST_STEP][PASSED] - waitForPageLoad(20): Wait for page load successfully&#xD;
&#xD;
2019-09-05 11:00:36 - [MESSAGE][PASSED] - Wait for page load successfully&#xD;
&#xD;
2019-09-05 11:00:36 - [TEST_STEP][PASSED] - Thread.sleep(2000): null&#xD;
&#xD;
2019-09-05 11:00:38 - [TEST_STEP][PASSED] - waitForElementVisible(findTestObject("mobileSanity/HBI/Page_App Page 2/input__credit-card-first"), 20): Object 'Object Repository/mobileSanity/HBI/Page_App Page 2/input__credit-card-first' is visible&#xD;
&#xD;
2019-09-05 11:00:39 - [MESSAGE][PASSED] - Object 'Object Repository/mobileSanity/HBI/Page_App Page 2/input__credit-card-first' is visible&#xD;
&#xD;
2019-09-05 11:00:39 - [TEST_STEP][PASSED] - callTestCase(findTestCase("mobileWeb/_include/get_screenshot"), [:], STOP_ON_FAILURE): Call Test Case 'Test Cases/mobileWeb/_include/get_screenshot' successfully&#xD;
&#xD;
2019-09-05 11:00:39 - [TEST_CASE][PASSED] - Test Cases/mobileWeb/_include/get_screenshot: Test Cases/mobileWeb/_include/get_screenshot&#xD;
&#xD;
2019-09-05 11:00:39 - [TEST_STEP][PASSED] - takeScreenshot(screenPath + i + ".png"): Taking screenshot successfully&#xD;
&#xD;
2019-09-05 11:00:40 - [MESSAGE][PASSED] - Taking screenshot successfully&#xD;
[[ATTACHMENT|D:\\Test\\AgileTest\\AgileTest\\Reports\\mobileWeb\\hbi\\20190905_105643\\../Screenshots/iPhone X/hbi/Agile One/20190905_105703/6.png]]&#xD;
&#xD;
2019-09-05 11:00:40 - [TEST_STEP][PASSED] - (internal.GlobalVariable.i++): null&#xD;
&#xD;
2019-09-05 11:00:40 - [MESSAGE][PASSED] - Call Test Case 'Test Cases/mobileWeb/_include/get_screenshot' successfully&#xD;
&#xD;
2019-09-05 11:00:40 - [TEST_STEP][PASSED] - setText(findTestObject("mobileSanity/HBI/Page_App Page 2/input__credit-card-first"), FirstName): Text 'Test-123' is set on object 'Object Repository/mobileSanity/HBI/Page_App Page 2/input__credit-card-first'&#xD;
&#xD;
2019-09-05 11:00:41 - [MESSAGE][PASSED] - Text 'Test-123' is set on object 'Object Repository/mobileSanity/HBI/Page_App Page 2/input__credit-card-first'&#xD;
&#xD;
2019-09-05 11:00:41 - [TEST_STEP][PASSED] - setText(findTestObject("mobileSanity/HBI/Page_App Page 2/input__credit-card-last"), LastName): Text 'ZZ11-CmDmdXOY' is set on object 'Object Repository/mobileSanity/HBI/Page_App Page 2/input__credit-card-last'&#xD;
&#xD;
2019-09-05 11:00:41 - [MESSAGE][PASSED] - Text 'ZZ11-CmDmdXOY' is set on object 'Object Repository/mobileSanity/HBI/Page_App Page 2/input__credit-card-last'&#xD;
&#xD;
2019-09-05 11:00:41 - [TEST_STEP][PASSED] - selectOptionByValue(findTestObject("mobileSanity/HBI/Page_App Page 2/select_MM010203040506070809101"), "12", true): All options with value '12' are selected in object 'Object Repository/mobileSanity/HBI/Page_App Page 2/select_MM010203040506070809101'  using regular expression&#xD;
&#xD;
2019-09-05 11:00:42 - [MESSAGE][PASSED] - All options with value '12' are selected in object 'Object Repository/mobileSanity/HBI/Page_App Page 2/select_MM010203040506070809101'  using regular expression&#xD;
&#xD;
2019-09-05 11:00:42 - [TEST_STEP][PASSED] - selectOptionByValue(findTestObject("mobileSanity/HBI/Page_App Page 2/select_YYYY2019202020212022202"), "2026", true): All options with value '2026' are selected in object 'Object Repository/mobileSanity/HBI/Page_App Page 2/select_YYYY2019202020212022202'  using regular expression&#xD;
&#xD;
2019-09-05 11:00:43 - [MESSAGE][PASSED] - All options with value '2026' are selected in object 'Object Repository/mobileSanity/HBI/Page_App Page 2/select_YYYY2019202020212022202'  using regular expression&#xD;
&#xD;
2019-09-05 11:00:43 - [TEST_STEP][PASSED] - setText(findTestObject("mobileSanity/HBI/Page_App Page 2/input__credit-card-number"), "4111111111111111"): Text '4111111111111111' is set on object 'Object Repository/mobileSanity/HBI/Page_App Page 2/input__credit-card-number'&#xD;
&#xD;
2019-09-05 11:00:43 - [MESSAGE][PASSED] - Text '4111111111111111' is set on object 'Object Repository/mobileSanity/HBI/Page_App Page 2/input__credit-card-number'&#xD;
&#xD;
2019-09-05 11:00:43 - [TEST_STEP][PASSED] - setText(findTestObject("mobileSanity/HBI/Page_App Page 2/input__cvv"), "123"): Text '123' is set on object 'Object Repository/mobileSanity/HBI/Page_App Page 2/input__cvv'&#xD;
&#xD;
2019-09-05 11:00:43 - [MESSAGE][PASSED] - Text '123' is set on object 'Object Repository/mobileSanity/HBI/Page_App Page 2/input__cvv'&#xD;
&#xD;
2019-09-05 11:00:43 - [TEST_STEP][PASSED] - click(findTestObject("mobileSanity/HBI/Page_App Page 2/label_My billing address is th")): Object: 'Object Repository/mobileSanity/HBI/Page_App Page 2/label_My billing address is th' is clicked on&#xD;
&#xD;
2019-09-05 11:00:43 - [MESSAGE][PASSED] - Object: 'Object Repository/mobileSanity/HBI/Page_App Page 2/label_My billing address is th' is clicked on&#xD;
&#xD;
2019-09-05 11:00:44 - [TEST_STEP][PASSED] - click(findTestObject("mobileSanity/HBI/Page_App Page 2/label_I Accept Authorization f")): Object: 'Object Repository/mobileSanity/HBI/Page_App Page 2/label_I Accept Authorization f' is clicked on&#xD;
&#xD;
2019-09-05 11:00:44 - [MESSAGE][PASSED] - Object: 'Object Repository/mobileSanity/HBI/Page_App Page 2/label_I Accept Authorization f' is clicked on&#xD;
&#xD;
2019-09-05 11:00:44 - [TEST_STEP][PASSED] - click(findTestObject("mobileSanity/HBI/Page_App Page 2/a_Continue to Step 3 - Review")): Object: 'Object Repository/mobileSanity/HBI/Page_App Page 2/a_Continue to Step 3 - Review' is clicked on&#xD;
&#xD;
2019-09-05 11:00:44 - [MESSAGE][PASSED] - Object: 'Object Repository/mobileSanity/HBI/Page_App Page 2/a_Continue to Step 3 - Review' is clicked on&#xD;
&#xD;
2019-09-05 11:00:44 - [TEST_STEP][PASSED] - waitForPageLoad(20): Wait for page load successfully&#xD;
&#xD;
2019-09-05 11:00:44 - [MESSAGE][PASSED] - Wait for page load successfully&#xD;
&#xD;
2019-09-05 11:00:44 - [TEST_STEP][PASSED] - Thread.sleep(10000): null&#xD;
&#xD;
2019-09-05 11:00:54 - [TEST_STEP][PASSED] - waitForElementPresent(findTestObject("mobileSanity/HBI/Page_App Page 3/label"), 20): Object 'Object Repository/mobileSanity/HBI/Page_App Page 3/label' is present&#xD;
&#xD;
2019-09-05 11:01:00 - [MESSAGE][PASSED] - Object 'Object Repository/mobileSanity/HBI/Page_App Page 3/label' is present&#xD;
&#xD;
2019-09-05 11:01:00 - [TEST_STEP][PASSED] - callTestCase(findTestCase("mobileWeb/_include/get_screenshot"), [:], STOP_ON_FAILURE): Call Test Case 'Test Cases/mobileWeb/_include/get_screenshot' successfully&#xD;
&#xD;
2019-09-05 11:01:00 - [TEST_CASE][PASSED] - Test Cases/mobileWeb/_include/get_screenshot: Test Cases/mobileWeb/_include/get_screenshot&#xD;
&#xD;
2019-09-05 11:01:00 - [TEST_STEP][PASSED] - takeScreenshot(screenPath + i + ".png"): Taking screenshot successfully&#xD;
&#xD;
2019-09-05 11:01:01 - [MESSAGE][PASSED] - Taking screenshot successfully&#xD;
[[ATTACHMENT|D:\\Test\\AgileTest\\AgileTest\\Reports\\mobileWeb\\hbi\\20190905_105643\\../Screenshots/iPhone X/hbi/Agile One/20190905_105703/7.png]]&#xD;
&#xD;
2019-09-05 11:01:01 - [TEST_STEP][PASSED] - (internal.GlobalVariable.i++): null&#xD;
&#xD;
2019-09-05 11:01:01 - [MESSAGE][PASSED] - Call Test Case 'Test Cases/mobileWeb/_include/get_screenshot' successfully&#xD;
&#xD;
2019-09-05 11:01:01 - [TEST_STEP][PASSED] - click(findTestObject("mobileSanity/HBI/Page_App Page 3/label")): Object: 'Object Repository/mobileSanity/HBI/Page_App Page 3/label' is clicked on&#xD;
&#xD;
2019-09-05 11:01:02 - [MESSAGE][PASSED] - Object: 'Object Repository/mobileSanity/HBI/Page_App Page 3/label' is clicked on&#xD;
&#xD;
2019-09-05 11:01:02 - [TEST_STEP][PASSED] - click(findTestObject("mobileSanity/HBI/Page_App Page 3/p_CLICK TO SIGN")): Object: 'Object Repository/mobileSanity/HBI/Page_App Page 3/p_CLICK TO SIGN' is clicked on&#xD;
&#xD;
2019-09-05 11:01:02 - [MESSAGE][PASSED] - Object: 'Object Repository/mobileSanity/HBI/Page_App Page 3/p_CLICK TO SIGN' is clicked on&#xD;
&#xD;
2019-09-05 11:01:02 - [TEST_STEP][PASSED] - click(findTestObject("mobileSanity/HBI/Page_App Page 3/a_Submit Your Application")): Object: 'Object Repository/mobileSanity/HBI/Page_App Page 3/a_Submit Your Application' is clicked on&#xD;
&#xD;
2019-09-05 11:01:02 - [MESSAGE][PASSED] - Object: 'Object Repository/mobileSanity/HBI/Page_App Page 3/a_Submit Your Application' is clicked on&#xD;
&#xD;
2019-09-05 11:01:02 - [TEST_STEP][PASSED] - Thread.sleep(30000): null&#xD;
&#xD;
2019-09-05 11:01:32 - [TEST_STEP][PASSED] - callTestCase(findTestCase("mobileWeb/_include/get_screenshot"), [:], STOP_ON_FAILURE): Call Test Case 'Test Cases/mobileWeb/_include/get_screenshot' successfully&#xD;
&#xD;
2019-09-05 11:01:32 - [TEST_CASE][PASSED] - Test Cases/mobileWeb/_include/get_screenshot: Test Cases/mobileWeb/_include/get_screenshot&#xD;
&#xD;
2019-09-05 11:01:32 - [TEST_STEP][PASSED] - takeScreenshot(screenPath + i + ".png"): Taking screenshot successfully&#xD;
&#xD;
2019-09-05 11:01:33 - [MESSAGE][PASSED] - Taking screenshot successfully&#xD;
[[ATTACHMENT|D:\\Test\\AgileTest\\AgileTest\\Reports\\mobileWeb\\hbi\\20190905_105643\\../Screenshots/iPhone X/hbi/Agile One/20190905_105703/8.png]]&#xD;
&#xD;
2019-09-05 11:01:33 - [TEST_STEP][PASSED] - (internal.GlobalVariable.i++): null&#xD;
&#xD;
2019-09-05 11:01:33 - [MESSAGE][PASSED] - Call Test Case 'Test Cases/mobileWeb/_include/get_screenshot' successfully&#xD;
&#xD;
2019-09-05 11:01:33 - [TEST_STEP][PASSED] - verifyTextPresent("Congratulations", false): Text 'Congratulations' is present on page &#xD;
&#xD;
2019-09-05 11:01:33 - [MESSAGE][PASSED] - Text 'Congratulations' is present on page &#xD;
&#xD;
2019-09-05 11:01:33 - [MESSAGE][PASSED] - Call Test Case 'Test Cases/mobileWeb/_include/goToEnd_hbi' successfully</system-out>
            <system-err></system-err>
        </testcase>
        <testcase name="Test Cases/mobileWeb/HBI/Legion Limited Medical" classname="Test Cases/mobileWeb/HBI/Legion Limited Medical" status="PASSED">
            <system-out>2019-09-05 11:01:33 - [TEST_CASE][PASSED] - Test Cases/mobileWeb/HBI/Legion Limited Medical: Test Cases/mobileWeb/HBI/Legion Limited Medical&#xD;
&#xD;
2019-09-05 11:01:34 - [TEST_STEP][PASSED] - callTestCase(findTestCase("mobileWeb/_include/get_screenPath"), ["productLine":"hbi", "carrierName":"Legion Limited Medical"], CONTINUE_ON_FAILURE): Call Test Case 'Test Cases/mobileWeb/_include/get_screenPath' successfully&#xD;
&#xD;
2019-09-05 11:01:34 - [TEST_CASE][PASSED] - Test Cases/mobileWeb/_include/get_screenPath: Test Cases/mobileWeb/_include/get_screenPath&#xD;
&#xD;
2019-09-05 11:01:34 - [TEST_STEP][PASSED] - m = getExecutionProperties(): null&#xD;
&#xD;
2019-09-05 11:01:34 - [TEST_STEP][PASSED] - deviceName = get("mobileEmulation").get("deviceName"): null&#xD;
&#xD;
2019-09-05 11:01:34 - [TEST_STEP][PASSED] - println(deviceName): null&#xD;
&#xD;
2019-09-05 11:01:34 - [TEST_STEP][PASSED] - now = new java.util.Date(): null&#xD;
&#xD;
2019-09-05 11:01:34 - [TEST_STEP][PASSED] - mydate = now.format("yyyyMMdd_HHmmss"): null&#xD;
&#xD;
2019-09-05 11:01:34 - [TEST_STEP][PASSED] - screenPath = "../Screenshots/": null&#xD;
&#xD;
2019-09-05 11:01:34 - [TEST_STEP][PASSED] - screenPath = screenPath + deviceName + "/" + productLine + "/" + carrierName + "/" + mydate + "/": null&#xD;
&#xD;
2019-09-05 11:01:34 - [TEST_STEP][PASSED] - println(screenPath): null&#xD;
&#xD;
2019-09-05 11:01:34 - [MESSAGE][PASSED] - Call Test Case 'Test Cases/mobileWeb/_include/get_screenPath' successfully&#xD;
&#xD;
2019-09-05 11:01:34 - [TEST_STEP][PASSED] - i = 0: null&#xD;
&#xD;
2019-09-05 11:01:34 - [TEST_STEP][PASSED] - callTestCase(findTestCase("mobileWeb/_include/openWebSite"), [:], CONTINUE_ON_FAILURE): Call Test Case 'Test Cases/mobileWeb/_include/openWebSite' successfully&#xD;
&#xD;
2019-09-05 11:01:34 - [TEST_CASE][PASSED] - Test Cases/mobileWeb/_include/openWebSite: Test Cases/mobileWeb/_include/openWebSite&#xD;
&#xD;
2019-09-05 11:01:34 - [TEST_STEP][PASSED] - openBrowser(env): Browser is opened with url: 'https://praetemptatus.agilehealthinsurance.com'&#xD;
&#xD;
2019-09-05 11:01:34 - [MESSAGE][WARNING] - A browser is already opened. Closing browser and opening a new one&#xD;
&#xD;
2019-09-05 11:01:35 - [MESSAGE][INFO] - Starting 'Chrome' driver&#xD;
&#xD;
2019-09-05 11:01:35 - [MESSAGE][INFO] - User set preference: ['mobileEmulation', '{deviceName=iPhone X}']&#xD;
&#xD;
2019-09-05 11:01:35 - [MESSAGE][INFO] - User set preference: ['args', '[--incognito, --aggressive-cache-discard, --no-sandbox, --window-size=375,812]']&#xD;
&#xD;
2019-09-05 11:01:40 - [MESSAGE][PASSED] - Browser is opened with url: 'https://praetemptatus.agilehealthinsurance.com'&#xD;
&#xD;
2019-09-05 11:01:40 - [TEST_STEP][PASSED] - waitForPageLoad(20): Wait for page load successfully&#xD;
&#xD;
2019-09-05 11:01:40 - [MESSAGE][PASSED] - Wait for page load successfully&#xD;
&#xD;
2019-09-05 11:01:40 - [TEST_STEP][PASSED] - callTestCase(findTestCase("mobileWeb/_include/get_screenshot"), [:], STOP_ON_FAILURE): Call Test Case 'Test Cases/mobileWeb/_include/get_screenshot' successfully&#xD;
&#xD;
2019-09-05 11:01:40 - [TEST_CASE][PASSED] - Test Cases/mobileWeb/_include/get_screenshot: Test Cases/mobileWeb/_include/get_screenshot&#xD;
&#xD;
2019-09-05 11:01:40 - [TEST_STEP][PASSED] - takeScreenshot(screenPath + i + ".png"): Taking screenshot successfully&#xD;
&#xD;
2019-09-05 11:01:42 - [MESSAGE][PASSED] - Taking screenshot successfully&#xD;
[[ATTACHMENT|D:\\Test\\AgileTest\\AgileTest\\Reports\\mobileWeb\\hbi\\20190905_105643\\../Screenshots/iPhone X/hbi/Legion Limited Medical/20190905_110134/0.png]]&#xD;
&#xD;
2019-09-05 11:01:42 - [TEST_STEP][PASSED] - (internal.GlobalVariable.i++): null&#xD;
&#xD;
2019-09-05 11:01:42 - [MESSAGE][PASSED] - Call Test Case 'Test Cases/mobileWeb/_include/get_screenshot' successfully&#xD;
&#xD;
2019-09-05 11:01:42 - [MESSAGE][PASSED] - Call Test Case 'Test Cases/mobileWeb/_include/openWebSite' successfully&#xD;
&#xD;
2019-09-05 11:01:42 - [TEST_STEP][PASSED] - callTestCase(findTestCase("mobileWeb/_include/census_hbi"), [:], CONTINUE_ON_FAILURE): Call Test Case 'Test Cases/mobileWeb/_include/census_hbi' successfully&#xD;
&#xD;
2019-09-05 11:01:42 - [TEST_CASE][PASSED] - Test Cases/mobileWeb/_include/census_hbi: Test Cases/mobileWeb/_include/census_hbi&#xD;
&#xD;
2019-09-05 11:01:42 - [TEST_STEP][PASSED] - click(findTestObject("mobileSanity/Common/side_nav/menu")): Object: 'Object Repository/mobileSanity/Common/side_nav/menu' is clicked on&#xD;
&#xD;
2019-09-05 11:01:43 - [MESSAGE][PASSED] - Object: 'Object Repository/mobileSanity/Common/side_nav/menu' is clicked on&#xD;
&#xD;
2019-09-05 11:01:43 - [TEST_STEP][PASSED] - Thread.sleep(3000): null&#xD;
&#xD;
2019-09-05 11:01:46 - [TEST_STEP][PASSED] - click(findTestObject("mobileSanity/Common/side_nav/nav_hbi")): Object: 'Object Repository/mobileSanity/Common/side_nav/nav_hbi' is clicked on&#xD;
&#xD;
2019-09-05 11:01:49 - [MESSAGE][PASSED] - Object: 'Object Repository/mobileSanity/Common/side_nav/nav_hbi' is clicked on&#xD;
&#xD;
2019-09-05 11:01:50 - [TEST_STEP][PASSED] - waitForPageLoad(10): Wait for page load successfully&#xD;
&#xD;
2019-09-05 11:01:50 - [MESSAGE][PASSED] - Wait for page load successfully&#xD;
&#xD;
2019-09-05 11:01:50 - [TEST_STEP][PASSED] - callTestCase(findTestCase("mobileWeb/_include/get_screenshot"), [:], STOP_ON_FAILURE): Call Test Case 'Test Cases/mobileWeb/_include/get_screenshot' successfully&#xD;
&#xD;
2019-09-05 11:01:50 - [TEST_CASE][PASSED] - Test Cases/mobileWeb/_include/get_screenshot: Test Cases/mobileWeb/_include/get_screenshot&#xD;
&#xD;
2019-09-05 11:01:50 - [TEST_STEP][PASSED] - takeScreenshot(screenPath + i + ".png"): Taking screenshot successfully&#xD;
&#xD;
2019-09-05 11:01:53 - [MESSAGE][PASSED] - Taking screenshot successfully&#xD;
[[ATTACHMENT|D:\\Test\\AgileTest\\AgileTest\\Reports\\mobileWeb\\hbi\\20190905_105643\\../Screenshots/iPhone X/hbi/Legion Limited Medical/20190905_110134/1.png]]&#xD;
&#xD;
2019-09-05 11:01:53 - [TEST_STEP][PASSED] - (internal.GlobalVariable.i++): null&#xD;
&#xD;
2019-09-05 11:01:53 - [MESSAGE][PASSED] - Call Test Case 'Test Cases/mobileWeb/_include/get_screenshot' successfully&#xD;
&#xD;
2019-09-05 11:01:53 - [TEST_STEP][PASSED] - setText(findTestObject("mobileSanity/HBI/census/input_Location_zip-input"), zipcode): Text '35215' is set on object 'Object Repository/mobileSanity/HBI/census/input_Location_zip-input'&#xD;
&#xD;
2019-09-05 11:01:54 - [MESSAGE][PASSED] - Text '35215' is set on object 'Object Repository/mobileSanity/HBI/census/input_Location_zip-input'&#xD;
&#xD;
2019-09-05 11:01:54 - [TEST_STEP][PASSED] - Thread.sleep(500): null&#xD;
&#xD;
2019-09-05 11:01:54 - [TEST_STEP][PASSED] - setText(findTestObject("mobileSanity/HBI/census/input_Date of Birth_dob-0"), "12121980"): Text '12121980' is set on object 'Object Repository/mobileSanity/HBI/census/input_Date of Birth_dob-0'&#xD;
&#xD;
2019-09-05 11:01:54 - [MESSAGE][PASSED] - Text '12121980' is set on object 'Object Repository/mobileSanity/HBI/census/input_Date of Birth_dob-0'&#xD;
&#xD;
2019-09-05 11:01:54 - [TEST_STEP][PASSED] - click(findTestObject("mobileSanity/HBI/census/label_Male")): Object: 'Object Repository/mobileSanity/HBI/census/label_Male' is clicked on&#xD;
&#xD;
2019-09-05 11:01:55 - [MESSAGE][PASSED] - Object: 'Object Repository/mobileSanity/HBI/census/label_Male' is clicked on&#xD;
&#xD;
2019-09-05 11:01:55 - [TEST_STEP][PASSED] - click(findTestObject("mobileSanity/HBI/census/label_Get a Quote")): Object: 'Object Repository/mobileSanity/HBI/census/label_Get a Quote' is clicked on&#xD;
&#xD;
2019-09-05 11:01:55 - [MESSAGE][PASSED] - Object: 'Object Repository/mobileSanity/HBI/census/label_Get a Quote' is clicked on&#xD;
&#xD;
2019-09-05 11:01:55 - [TEST_STEP][PASSED] - waitForPageLoad(20): Wait for page load successfully&#xD;
&#xD;
2019-09-05 11:01:55 - [MESSAGE][PASSED] - Wait for page load successfully&#xD;
&#xD;
2019-09-05 11:01:55 - [TEST_STEP][PASSED] - callTestCase(findTestCase("mobileWeb/_include/get_screenshot"), [:], STOP_ON_FAILURE): Call Test Case 'Test Cases/mobileWeb/_include/get_screenshot' successfully&#xD;
&#xD;
2019-09-05 11:01:55 - [TEST_CASE][PASSED] - Test Cases/mobileWeb/_include/get_screenshot: Test Cases/mobileWeb/_include/get_screenshot&#xD;
&#xD;
2019-09-05 11:01:55 - [TEST_STEP][PASSED] - takeScreenshot(screenPath + i + ".png"): Taking screenshot successfully&#xD;
&#xD;
2019-09-05 11:02:03 - [MESSAGE][PASSED] - Taking screenshot successfully&#xD;
[[ATTACHMENT|D:\\Test\\AgileTest\\AgileTest\\Reports\\mobileWeb\\hbi\\20190905_105643\\../Screenshots/iPhone X/hbi/Legion Limited Medical/20190905_110134/2.png]]&#xD;
&#xD;
2019-09-05 11:02:03 - [TEST_STEP][PASSED] - (internal.GlobalVariable.i++): null&#xD;
&#xD;
2019-09-05 11:02:03 - [MESSAGE][PASSED] - Call Test Case 'Test Cases/mobileWeb/_include/get_screenshot' successfully&#xD;
&#xD;
2019-09-05 11:02:03 - [MESSAGE][PASSED] - Call Test Case 'Test Cases/mobileWeb/_include/census_hbi' successfully&#xD;
&#xD;
2019-09-05 11:02:03 - [TEST_STEP][PASSED] - click(findTestObject("mobileSanity/HBI/quote/a_Legion Limited Medical 500")): Object: 'Object Repository/mobileSanity/HBI/quote/a_Legion Limited Medical 500' is clicked on&#xD;
&#xD;
2019-09-05 11:02:09 - [MESSAGE][PASSED] - Object: 'Object Repository/mobileSanity/HBI/quote/a_Legion Limited Medical 500' is clicked on&#xD;
&#xD;
2019-09-05 11:02:09 - [TEST_STEP][PASSED] - waitForPageLoad(20): Wait for page load successfully&#xD;
&#xD;
2019-09-05 11:02:09 - [MESSAGE][PASSED] - Wait for page load successfully&#xD;
&#xD;
2019-09-05 11:02:09 - [TEST_STEP][PASSED] - callTestCase(findTestCase("mobileWeb/_include/get_screenshot"), [:], STOP_ON_FAILURE): Call Test Case 'Test Cases/mobileWeb/_include/get_screenshot' successfully&#xD;
&#xD;
2019-09-05 11:02:10 - [TEST_CASE][PASSED] - Test Cases/mobileWeb/_include/get_screenshot: Test Cases/mobileWeb/_include/get_screenshot&#xD;
&#xD;
2019-09-05 11:02:10 - [TEST_STEP][PASSED] - takeScreenshot(screenPath + i + ".png"): Taking screenshot successfully&#xD;
&#xD;
2019-09-05 11:02:11 - [MESSAGE][PASSED] - Taking screenshot successfully&#xD;
[[ATTACHMENT|D:\\Test\\AgileTest\\AgileTest\\Reports\\mobileWeb\\hbi\\20190905_105643\\../Screenshots/iPhone X/hbi/Legion Limited Medical/20190905_110134/3.png]]&#xD;
&#xD;
2019-09-05 11:02:11 - [TEST_STEP][PASSED] - (internal.GlobalVariable.i++): null&#xD;
&#xD;
2019-09-05 11:02:11 - [MESSAGE][PASSED] - Call Test Case 'Test Cases/mobileWeb/_include/get_screenshot' successfully&#xD;
&#xD;
2019-09-05 11:02:11 - [TEST_STEP][PASSED] - click(findTestObject("mobileSanity/HBI/detail/a_Apply for This Plan")): Object: 'Object Repository/mobileSanity/HBI/detail/a_Apply for This Plan' is clicked on&#xD;
&#xD;
2019-09-05 11:02:13 - [MESSAGE][PASSED] - Object: 'Object Repository/mobileSanity/HBI/detail/a_Apply for This Plan' is clicked on&#xD;
&#xD;
2019-09-05 11:02:13 - [TEST_STEP][PASSED] - waitForPageLoad(20): Wait for page load successfully&#xD;
&#xD;
2019-09-05 11:02:13 - [MESSAGE][PASSED] - Wait for page load successfully&#xD;
&#xD;
2019-09-05 11:02:13 - [TEST_STEP][PASSED] - callTestCase(findTestCase("mobileWeb/_include/get_screenshot"), [:], STOP_ON_FAILURE): Call Test Case 'Test Cases/mobileWeb/_include/get_screenshot' successfully&#xD;
&#xD;
2019-09-05 11:02:13 - [TEST_CASE][PASSED] - Test Cases/mobileWeb/_include/get_screenshot: Test Cases/mobileWeb/_include/get_screenshot&#xD;
&#xD;
2019-09-05 11:02:14 - [TEST_STEP][PASSED] - takeScreenshot(screenPath + i + ".png"): Taking screenshot successfully&#xD;
&#xD;
2019-09-05 11:02:14 - [MESSAGE][PASSED] - Taking screenshot successfully&#xD;
[[ATTACHMENT|D:\\Test\\AgileTest\\AgileTest\\Reports\\mobileWeb\\hbi\\20190905_105643\\../Screenshots/iPhone X/hbi/Legion Limited Medical/20190905_110134/4.png]]&#xD;
&#xD;
2019-09-05 11:02:14 - [TEST_STEP][PASSED] - (internal.GlobalVariable.i++): null&#xD;
&#xD;
2019-09-05 11:02:14 - [MESSAGE][PASSED] - Call Test Case 'Test Cases/mobileWeb/_include/get_screenshot' successfully&#xD;
&#xD;
2019-09-05 11:02:14 - [TEST_STEP][PASSED] - click(findTestObject("mobileSanity/HBI/Page_Apply/span_Start Secure Application")): Object: 'Object Repository/mobileSanity/HBI/Page_Apply/span_Start Secure Application' is clicked on&#xD;
&#xD;
2019-09-05 11:02:16 - [MESSAGE][PASSED] - Object: 'Object Repository/mobileSanity/HBI/Page_Apply/span_Start Secure Application' is clicked on&#xD;
&#xD;
2019-09-05 11:02:16 - [TEST_STEP][PASSED] - waitForPageLoad(20): Wait for page load successfully&#xD;
&#xD;
2019-09-05 11:02:17 - [MESSAGE][PASSED] - Wait for page load successfully&#xD;
&#xD;
2019-09-05 11:02:17 - [TEST_STEP][PASSED] - Thread.sleep(5000): null&#xD;
&#xD;
2019-09-05 11:02:22 - [TEST_STEP][PASSED] - callTestCase(findTestCase("mobileWeb/_include/get_screenshot"), [:], STOP_ON_FAILURE): Call Test Case 'Test Cases/mobileWeb/_include/get_screenshot' successfully&#xD;
&#xD;
2019-09-05 11:02:22 - [TEST_CASE][PASSED] - Test Cases/mobileWeb/_include/get_screenshot: Test Cases/mobileWeb/_include/get_screenshot&#xD;
&#xD;
2019-09-05 11:02:22 - [TEST_STEP][PASSED] - takeScreenshot(screenPath + i + ".png"): Taking screenshot successfully&#xD;
&#xD;
2019-09-05 11:02:23 - [MESSAGE][PASSED] - Taking screenshot successfully&#xD;
[[ATTACHMENT|D:\\Test\\AgileTest\\AgileTest\\Reports\\mobileWeb\\hbi\\20190905_105643\\../Screenshots/iPhone X/hbi/Legion Limited Medical/20190905_110134/5.png]]&#xD;
&#xD;
2019-09-05 11:02:23 - [TEST_STEP][PASSED] - (internal.GlobalVariable.i++): null&#xD;
&#xD;
2019-09-05 11:02:23 - [MESSAGE][PASSED] - Call Test Case 'Test Cases/mobileWeb/_include/get_screenshot' successfully&#xD;
&#xD;
2019-09-05 11:02:23 - [TEST_STEP][PASSED] - callTestCase(findTestCase("mobileWeb/_include/goToEnd_hbi"), ["carrier":"legionlimitedmedical"], CONTINUE_ON_FAILURE): Call Test Case 'Test Cases/mobileWeb/_include/goToEnd_hbi' successfully&#xD;
&#xD;
2019-09-05 11:02:23 - [TEST_CASE][PASSED] - Test Cases/mobileWeb/_include/goToEnd_hbi: Test Cases/mobileWeb/_include/goToEnd_hbi&#xD;
&#xD;
2019-09-05 11:02:23 - [TEST_STEP][PASSED] - if (state == "ca"): null&#xD;
&#xD;
2019-09-05 11:02:23 - [TEST_STEP][PASSED] - callTestCase(findTestCase("mobileWeb/_include/name"), [:], CONTINUE_ON_FAILURE): Call Test Case 'Test Cases/mobileWeb/_include/name' successfully&#xD;
&#xD;
2019-09-05 11:02:23 - [TEST_CASE][PASSED] - Test Cases/mobileWeb/_include/name: Test Cases/mobileWeb/_include/name&#xD;
&#xD;
2019-09-05 11:02:23 - [TEST_STEP][PASSED] - driver = getWebDriver(): null&#xD;
&#xD;
2019-09-05 11:02:23 - [TEST_STEP][PASSED] - selenium = new com.thoughtworks.selenium.webdriven.WebDriverBackedSelenium(driver, internal.GlobalVariable.ENV): null&#xD;
&#xD;
2019-09-05 11:02:23 - [TEST_STEP][PASSED] - FirstName = "Test-123": null&#xD;
&#xD;
2019-09-05 11:02:23 - [TEST_STEP][PASSED] - LastName = selenium.getEval("{var x="ABCDEFGHIJKLMNOPQRSTUVWXYZabcdefghijklmnopqrstuvwxyz"; var tmp="ZZ11-"; for (i=0;i&lt;8;i++) tmp+=x.charAt(Math.ceil(51*Math.random()));tmp;}"): null&#xD;
&#xD;
2019-09-05 11:02:23 - [TEST_STEP][PASSED] - Address = selenium.getEval("{var x="ABCDEFGHIJKLMNOPQRSTUVWXYZabcdefghijklmnopqrstuvwxyz"; var tmp=""; for (i=0;i&lt;8;i++) tmp+=x.charAt(Math.ceil(51*Math.random()));tmp;}"): null&#xD;
&#xD;
2019-09-05 11:02:23 - [TEST_STEP][PASSED] - City = selenium.getEval("{var x="ABCDEFGHIJKLMNOPQRSTUVWXYZabcdefghijklmnopqrstuvwxyz"; var tmp=""; for (i=0;i&lt;8;i++) tmp+=x.charAt(Math.ceil(51*Math.random()));tmp;}"): null&#xD;
&#xD;
2019-09-05 11:02:23 - [TEST_STEP][PASSED] - tel1 = selenium.getEval("{var x="123456789"; var tmp=""; for (i=0;i&lt;3;i++) tmp+=x.charAt(Math.ceil(8*Math.random()));tmp;}"): null&#xD;
&#xD;
2019-09-05 11:02:23 - [TEST_STEP][PASSED] - tel2 = selenium.getEval("{var x="123456789"; var tmp=""; for (i=0;i&lt;3;i++) tmp+=x.charAt(Math.ceil(8*Math.random()));tmp;}"): null&#xD;
&#xD;
2019-09-05 11:02:23 - [TEST_STEP][PASSED] - tel3 = selenium.getEval("{var x="123456789"; var tmp=""; for (i=0;i&lt;4;i++) tmp+=x.charAt(Math.ceil(8*Math.random()));tmp;}"): null&#xD;
&#xD;
2019-09-05 11:02:23 - [TEST_STEP][PASSED] - Tel = selenium.getExpression(tel1 + "-" + tel2 + "-" + tel3): null&#xD;
&#xD;
2019-09-05 11:02:23 - [TEST_STEP][PASSED] - AutoEmail = selenium.getEval("{var x="ABCDEFGHIJKLMNOPQRSTUVWXYZabcdefghijklmnopqrstuvwxyz"; var tmp="test."; for (i=0;i&lt;8;i++) tmp+=x.charAt(Math.ceil(51*Math.random()));tmp+="@suryani.cn";}"): null&#xD;
&#xD;
2019-09-05 11:02:23 - [TEST_STEP][PASSED] - FirstName = FirstName: null&#xD;
&#xD;
2019-09-05 11:02:23 - [TEST_STEP][PASSED] - LastName = LastName: null&#xD;
&#xD;
2019-09-05 11:02:23 - [TEST_STEP][PASSED] - Address = Address: null&#xD;
&#xD;
2019-09-05 11:02:23 - [TEST_STEP][PASSED] - City = City: null&#xD;
&#xD;
2019-09-05 11:02:23 - [TEST_STEP][PASSED] - Tel = Tel: null&#xD;
&#xD;
2019-09-05 11:02:23 - [TEST_STEP][PASSED] - AutoEmail = AutoEmail: null&#xD;
&#xD;
2019-09-05 11:02:23 - [TEST_STEP][PASSED] - println(FirstName): null&#xD;
&#xD;
2019-09-05 11:02:23 - [TEST_STEP][PASSED] - println(LastName): null&#xD;
&#xD;
2019-09-05 11:02:23 - [TEST_STEP][PASSED] - println(Address): null&#xD;
&#xD;
2019-09-05 11:02:23 - [TEST_STEP][PASSED] - println(City): null&#xD;
&#xD;
2019-09-05 11:02:23 - [TEST_STEP][PASSED] - println(Tel): null&#xD;
&#xD;
2019-09-05 11:02:23 - [TEST_STEP][PASSED] - println(AutoEmail): null&#xD;
&#xD;
2019-09-05 11:02:23 - [MESSAGE][PASSED] - Call Test Case 'Test Cases/mobileWeb/_include/name' successfully&#xD;
&#xD;
2019-09-05 11:02:23 - [TEST_STEP][PASSED] - setText(findTestObject("mobileSanity/HBI/Page_App Page 1/input__member-P-1-firstName"), FirstName): Text 'Test-123' is set on object 'Object Repository/mobileSanity/HBI/Page_App Page 1/input__member-P-1-firstName'&#xD;
&#xD;
2019-09-05 11:02:23 - [MESSAGE][PASSED] - Text 'Test-123' is set on object 'Object Repository/mobileSanity/HBI/Page_App Page 1/input__member-P-1-firstName'&#xD;
&#xD;
2019-09-05 11:02:23 - [TEST_STEP][PASSED] - setText(findTestObject("mobileSanity/HBI/Page_App Page 1/input__member-P-1-lastName"), LastName): Text 'ZZ11-ccXIOyaY' is set on object 'Object Repository/mobileSanity/HBI/Page_App Page 1/input__member-P-1-lastName'&#xD;
&#xD;
2019-09-05 11:02:24 - [MESSAGE][PASSED] - Text 'ZZ11-ccXIOyaY' is set on object 'Object Repository/mobileSanity/HBI/Page_App Page 1/input__member-P-1-lastName'&#xD;
&#xD;
2019-09-05 11:02:24 - [TEST_STEP][PASSED] - if (carrier == "agileone" || carrier == "agilesecure"): null&#xD;
&#xD;
2019-09-05 11:02:24 - [TEST_STEP][PASSED] - setText(findTestObject("mobileSanity/HBI/Page_App Page 1/input__address"), Address): Text 'JUkJgKQI' is set on object 'Object Repository/mobileSanity/HBI/Page_App Page 1/input__address'&#xD;
&#xD;
2019-09-05 11:02:24 - [MESSAGE][PASSED] - Text 'JUkJgKQI' is set on object 'Object Repository/mobileSanity/HBI/Page_App Page 1/input__address'&#xD;
&#xD;
2019-09-05 11:02:24 - [TEST_STEP][PASSED] - setText(findTestObject("mobileSanity/HBI/Page_App Page 1/input__city"), City): Text 'XvBrJSeI' is set on object 'Object Repository/mobileSanity/HBI/Page_App Page 1/input__city'&#xD;
&#xD;
2019-09-05 11:02:25 - [MESSAGE][PASSED] - Text 'XvBrJSeI' is set on object 'Object Repository/mobileSanity/HBI/Page_App Page 1/input__city'&#xD;
&#xD;
2019-09-05 11:02:25 - [TEST_STEP][PASSED] - setText(findTestObject("mobileSanity/HBI/Page_App Page 1/input__email"), AutoEmail): Text 'test.PqfbJgLG@suryani.cn' is set on object 'Object Repository/mobileSanity/HBI/Page_App Page 1/input__email'&#xD;
&#xD;
2019-09-05 11:02:27 - [MESSAGE][PASSED] - Text 'test.PqfbJgLG@suryani.cn' is set on object 'Object Repository/mobileSanity/HBI/Page_App Page 1/input__email'&#xD;
&#xD;
2019-09-05 11:02:27 - [TEST_STEP][PASSED] - setText(findTestObject("mobileSanity/HBI/Page_App Page 1/input_tel"), Tel): Text '957-435-8368' is set on object 'Object Repository/mobileSanity/HBI/Page_App Page 1/input_tel'&#xD;
&#xD;
2019-09-05 11:02:28 - [MESSAGE][PASSED] - Text '957-435-8368' is set on object 'Object Repository/mobileSanity/HBI/Page_App Page 1/input_tel'&#xD;
&#xD;
2019-09-05 11:02:28 - [TEST_STEP][PASSED] - click(findTestObject("mobileSanity/HBI/Page_App Page 1/a_Continue to Step 2 - Payment")): Object: 'Object Repository/mobileSanity/HBI/Page_App Page 1/a_Continue to Step 2 - Payment' is clicked on&#xD;
&#xD;
2019-09-05 11:02:28 - [MESSAGE][PASSED] - Object: 'Object Repository/mobileSanity/HBI/Page_App Page 1/a_Continue to Step 2 - Payment' is clicked on&#xD;
&#xD;
2019-09-05 11:02:28 - [TEST_STEP][PASSED] - waitForPageLoad(20): Wait for page load successfully&#xD;
&#xD;
2019-09-05 11:02:28 - [MESSAGE][PASSED] - Wait for page load successfully&#xD;
&#xD;
2019-09-05 11:02:28 - [TEST_STEP][PASSED] - Thread.sleep(2000): null&#xD;
&#xD;
2019-09-05 11:02:30 - [TEST_STEP][PASSED] - waitForElementVisible(findTestObject("mobileSanity/HBI/Page_App Page 2/input__credit-card-first"), 20): Object 'Object Repository/mobileSanity/HBI/Page_App Page 2/input__credit-card-first' is visible&#xD;
&#xD;
2019-09-05 11:02:30 - [MESSAGE][PASSED] - Object 'Object Repository/mobileSanity/HBI/Page_App Page 2/input__credit-card-first' is visible&#xD;
&#xD;
2019-09-05 11:02:30 - [TEST_STEP][PASSED] - callTestCase(findTestCase("mobileWeb/_include/get_screenshot"), [:], STOP_ON_FAILURE): Call Test Case 'Test Cases/mobileWeb/_include/get_screenshot' successfully&#xD;
&#xD;
2019-09-05 11:02:30 - [TEST_CASE][PASSED] - Test Cases/mobileWeb/_include/get_screenshot: Test Cases/mobileWeb/_include/get_screenshot&#xD;
&#xD;
2019-09-05 11:02:30 - [TEST_STEP][PASSED] - takeScreenshot(screenPath + i + ".png"): Taking screenshot successfully&#xD;
&#xD;
2019-09-05 11:02:31 - [MESSAGE][PASSED] - Taking screenshot successfully&#xD;
[[ATTACHMENT|D:\\Test\\AgileTest\\AgileTest\\Reports\\mobileWeb\\hbi\\20190905_105643\\../Screenshots/iPhone X/hbi/Legion Limited Medical/20190905_110134/6.png]]&#xD;
&#xD;
2019-09-05 11:02:31 - [TEST_STEP][PASSED] - (internal.GlobalVariable.i++): null&#xD;
&#xD;
2019-09-05 11:02:31 - [MESSAGE][PASSED] - Call Test Case 'Test Cases/mobileWeb/_include/get_screenshot' successfully&#xD;
&#xD;
2019-09-05 11:02:31 - [TEST_STEP][PASSED] - setText(findTestObject("mobileSanity/HBI/Page_App Page 2/input__credit-card-first"), FirstName): Text 'Test-123' is set on object 'Object Repository/mobileSanity/HBI/Page_App Page 2/input__credit-card-first'&#xD;
&#xD;
2019-09-05 11:02:31 - [MESSAGE][PASSED] - Text 'Test-123' is set on object 'Object Repository/mobileSanity/HBI/Page_App Page 2/input__credit-card-first'&#xD;
&#xD;
2019-09-05 11:02:31 - [TEST_STEP][PASSED] - setText(findTestObject("mobileSanity/HBI/Page_App Page 2/input__credit-card-last"), LastName): Text 'ZZ11-ccXIOyaY' is set on object 'Object Repository/mobileSanity/HBI/Page_App Page 2/input__credit-card-last'&#xD;
&#xD;
2019-09-05 11:02:32 - [MESSAGE][PASSED] - Text 'ZZ11-ccXIOyaY' is set on object 'Object Repository/mobileSanity/HBI/Page_App Page 2/input__credit-card-last'&#xD;
&#xD;
2019-09-05 11:02:32 - [TEST_STEP][PASSED] - selectOptionByValue(findTestObject("mobileSanity/HBI/Page_App Page 2/select_MM010203040506070809101"), "12", true): All options with value '12' are selected in object 'Object Repository/mobileSanity/HBI/Page_App Page 2/select_MM010203040506070809101'  using regular expression&#xD;
&#xD;
2019-09-05 11:02:33 - [MESSAGE][PASSED] - All options with value '12' are selected in object 'Object Repository/mobileSanity/HBI/Page_App Page 2/select_MM010203040506070809101'  using regular expression&#xD;
&#xD;
2019-09-05 11:02:33 - [TEST_STEP][PASSED] - selectOptionByValue(findTestObject("mobileSanity/HBI/Page_App Page 2/select_YYYY2019202020212022202"), "2026", true): All options with value '2026' are selected in object 'Object Repository/mobileSanity/HBI/Page_App Page 2/select_YYYY2019202020212022202'  using regular expression&#xD;
&#xD;
2019-09-05 11:02:35 - [MESSAGE][PASSED] - All options with value '2026' are selected in object 'Object Repository/mobileSanity/HBI/Page_App Page 2/select_YYYY2019202020212022202'  using regular expression&#xD;
&#xD;
2019-09-05 11:02:35 - [TEST_STEP][PASSED] - setText(findTestObject("mobileSanity/HBI/Page_App Page 2/input__credit-card-number"), "4111111111111111"): Text '4111111111111111' is set on object 'Object Repository/mobileSanity/HBI/Page_App Page 2/input__credit-card-number'&#xD;
&#xD;
2019-09-05 11:02:35 - [MESSAGE][PASSED] - Text '4111111111111111' is set on object 'Object Repository/mobileSanity/HBI/Page_App Page 2/input__credit-card-number'&#xD;
&#xD;
2019-09-05 11:02:35 - [TEST_STEP][PASSED] - setText(findTestObject("mobileSanity/HBI/Page_App Page 2/input__cvv"), "123"): Text '123' is set on object 'Object Repository/mobileSanity/HBI/Page_App Page 2/input__cvv'&#xD;
&#xD;
2019-09-05 11:02:36 - [MESSAGE][PASSED] - Text '123' is set on object 'Object Repository/mobileSanity/HBI/Page_App Page 2/input__cvv'&#xD;
&#xD;
2019-09-05 11:02:36 - [TEST_STEP][PASSED] - click(findTestObject("mobileSanity/HBI/Page_App Page 2/label_My billing address is th")): Object: 'Object Repository/mobileSanity/HBI/Page_App Page 2/label_My billing address is th' is clicked on&#xD;
&#xD;
2019-09-05 11:02:36 - [MESSAGE][PASSED] - Object: 'Object Repository/mobileSanity/HBI/Page_App Page 2/label_My billing address is th' is clicked on&#xD;
&#xD;
2019-09-05 11:02:36 - [TEST_STEP][PASSED] - click(findTestObject("mobileSanity/HBI/Page_App Page 2/label_I Accept Authorization f")): Object: 'Object Repository/mobileSanity/HBI/Page_App Page 2/label_I Accept Authorization f' is clicked on&#xD;
&#xD;
2019-09-05 11:02:37 - [MESSAGE][PASSED] - Object: 'Object Repository/mobileSanity/HBI/Page_App Page 2/label_I Accept Authorization f' is clicked on&#xD;
&#xD;
2019-09-05 11:02:37 - [TEST_STEP][PASSED] - click(findTestObject("mobileSanity/HBI/Page_App Page 2/a_Continue to Step 3 - Review")): Object: 'Object Repository/mobileSanity/HBI/Page_App Page 2/a_Continue to Step 3 - Review' is clicked on&#xD;
&#xD;
2019-09-05 11:02:37 - [MESSAGE][PASSED] - Object: 'Object Repository/mobileSanity/HBI/Page_App Page 2/a_Continue to Step 3 - Review' is clicked on&#xD;
&#xD;
2019-09-05 11:02:37 - [TEST_STEP][PASSED] - waitForPageLoad(20): Wait for page load successfully&#xD;
&#xD;
2019-09-05 11:02:37 - [MESSAGE][PASSED] - Wait for page load successfully&#xD;
&#xD;
2019-09-05 11:02:37 - [TEST_STEP][PASSED] - Thread.sleep(10000): null&#xD;
&#xD;
2019-09-05 11:02:47 - [TEST_STEP][PASSED] - waitForElementPresent(findTestObject("mobileSanity/HBI/Page_App Page 3/label"), 20): Object 'Object Repository/mobileSanity/HBI/Page_App Page 3/label' is present&#xD;
&#xD;
2019-09-05 11:02:51 - [MESSAGE][PASSED] - Object 'Object Repository/mobileSanity/HBI/Page_App Page 3/label' is present&#xD;
&#xD;
2019-09-05 11:02:51 - [TEST_STEP][PASSED] - callTestCase(findTestCase("mobileWeb/_include/get_screenshot"), [:], STOP_ON_FAILURE): Call Test Case 'Test Cases/mobileWeb/_include/get_screenshot' successfully&#xD;
&#xD;
2019-09-05 11:02:51 - [TEST_CASE][PASSED] - Test Cases/mobileWeb/_include/get_screenshot: Test Cases/mobileWeb/_include/get_screenshot&#xD;
&#xD;
2019-09-05 11:02:51 - [TEST_STEP][PASSED] - takeScreenshot(screenPath + i + ".png"): Taking screenshot successfully&#xD;
&#xD;
2019-09-05 11:02:52 - [MESSAGE][PASSED] - Taking screenshot successfully&#xD;
[[ATTACHMENT|D:\\Test\\AgileTest\\AgileTest\\Reports\\mobileWeb\\hbi\\20190905_105643\\../Screenshots/iPhone X/hbi/Legion Limited Medical/20190905_110134/7.png]]&#xD;
&#xD;
2019-09-05 11:02:52 - [TEST_STEP][PASSED] - (internal.GlobalVariable.i++): null&#xD;
&#xD;
2019-09-05 11:02:52 - [MESSAGE][PASSED] - Call Test Case 'Test Cases/mobileWeb/_include/get_screenshot' successfully&#xD;
&#xD;
2019-09-05 11:02:52 - [TEST_STEP][PASSED] - click(findTestObject("mobileSanity/HBI/Page_App Page 3/label")): Object: 'Object Repository/mobileSanity/HBI/Page_App Page 3/label' is clicked on&#xD;
&#xD;
2019-09-05 11:02:52 - [MESSAGE][PASSED] - Object: 'Object Repository/mobileSanity/HBI/Page_App Page 3/label' is clicked on&#xD;
&#xD;
2019-09-05 11:02:52 - [TEST_STEP][PASSED] - click(findTestObject("mobileSanity/HBI/Page_App Page 3/p_CLICK TO SIGN")): Object: 'Object Repository/mobileSanity/HBI/Page_App Page 3/p_CLICK TO SIGN' is clicked on&#xD;
&#xD;
2019-09-05 11:02:52 - [MESSAGE][PASSED] - Object: 'Object Repository/mobileSanity/HBI/Page_App Page 3/p_CLICK TO SIGN' is clicked on&#xD;
&#xD;
2019-09-05 11:02:52 - [TEST_STEP][PASSED] - click(findTestObject("mobileSanity/HBI/Page_App Page 3/a_Submit Your Application")): Object: 'Object Repository/mobileSanity/HBI/Page_App Page 3/a_Submit Your Application' is clicked on&#xD;
&#xD;
2019-09-05 11:02:52 - [MESSAGE][PASSED] - Object: 'Object Repository/mobileSanity/HBI/Page_App Page 3/a_Submit Your Application' is clicked on&#xD;
&#xD;
2019-09-05 11:02:52 - [TEST_STEP][PASSED] - Thread.sleep(30000): null&#xD;
&#xD;
2019-09-05 11:03:22 - [TEST_STEP][PASSED] - callTestCase(findTestCase("mobileWeb/_include/get_screenshot"), [:], STOP_ON_FAILURE): Call Test Case 'Test Cases/mobileWeb/_include/get_screenshot' successfully&#xD;
&#xD;
2019-09-05 11:03:22 - [TEST_CASE][PASSED] - Test Cases/mobileWeb/_include/get_screenshot: Test Cases/mobileWeb/_include/get_screenshot&#xD;
&#xD;
2019-09-05 11:03:22 - [TEST_STEP][PASSED] - takeScreenshot(screenPath + i + ".png"): Taking screenshot successfully&#xD;
&#xD;
2019-09-05 11:03:23 - [MESSAGE][PASSED] - Taking screenshot successfully&#xD;
[[ATTACHMENT|D:\\Test\\AgileTest\\AgileTest\\Reports\\mobileWeb\\hbi\\20190905_105643\\../Screenshots/iPhone X/hbi/Legion Limited Medical/20190905_110134/8.png]]&#xD;
&#xD;
2019-09-05 11:03:23 - [TEST_STEP][PASSED] - (internal.GlobalVariable.i++): null&#xD;
&#xD;
2019-09-05 11:03:23 - [MESSAGE][PASSED] - Call Test Case 'Test Cases/mobileWeb/_include/get_screenshot' successfully&#xD;
&#xD;
2019-09-05 11:03:23 - [TEST_STEP][PASSED] - verifyTextPresent("Congratulations", false): Text 'Congratulations' is present on page &#xD;
&#xD;
2019-09-05 11:03:23 - [MESSAGE][PASSED] - Text 'Congratulations' is present on page &#xD;
&#xD;
2019-09-05 11:03:23 - [MESSAGE][PASSED] - Call Test Case 'Test Cases/mobileWeb/_include/goToEnd_hbi' successfully</system-out>
            <system-err></system-err>
        </testcase>
        <testcase name="Test Cases/mobileWeb/HBI/Cardinal Choice" classname="Test Cases/mobileWeb/HBI/Cardinal Choice" status="PASSED">
            <system-out>2019-09-05 11:03:23 - [TEST_CASE][PASSED] - Test Cases/mobileWeb/HBI/Cardinal Choice: Test Cases/mobileWeb/HBI/Cardinal Choice&#xD;
&#xD;
2019-09-05 11:03:23 - [TEST_STEP][PASSED] - callTestCase(findTestCase("mobileWeb/_include/get_screenPath"), ["productLine":"hbi", "carrierName":"Cardinal Choice"], CONTINUE_ON_FAILURE): Call Test Case 'Test Cases/mobileWeb/_include/get_screenPath' successfully&#xD;
&#xD;
2019-09-05 11:03:23 - [TEST_CASE][PASSED] - Test Cases/mobileWeb/_include/get_screenPath: Test Cases/mobileWeb/_include/get_screenPath&#xD;
&#xD;
2019-09-05 11:03:23 - [TEST_STEP][PASSED] - m = getExecutionProperties(): null&#xD;
&#xD;
2019-09-05 11:03:23 - [TEST_STEP][PASSED] - deviceName = get("mobileEmulation").get("deviceName"): null&#xD;
&#xD;
2019-09-05 11:03:23 - [TEST_STEP][PASSED] - println(deviceName): null&#xD;
&#xD;
2019-09-05 11:03:23 - [TEST_STEP][PASSED] - now = new java.util.Date(): null&#xD;
&#xD;
2019-09-05 11:03:23 - [TEST_STEP][PASSED] - mydate = now.format("yyyyMMdd_HHmmss"): null&#xD;
&#xD;
2019-09-05 11:03:23 - [TEST_STEP][PASSED] - screenPath = "../Screenshots/": null&#xD;
&#xD;
2019-09-05 11:03:23 - [TEST_STEP][PASSED] - screenPath = screenPath + deviceName + "/" + productLine + "/" + carrierName + "/" + mydate + "/": null&#xD;
&#xD;
2019-09-05 11:03:23 - [TEST_STEP][PASSED] - println(screenPath): null&#xD;
&#xD;
2019-09-05 11:03:23 - [MESSAGE][PASSED] - Call Test Case 'Test Cases/mobileWeb/_include/get_screenPath' successfully&#xD;
&#xD;
2019-09-05 11:03:23 - [TEST_STEP][PASSED] - i = 0: null&#xD;
&#xD;
2019-09-05 11:03:23 - [TEST_STEP][PASSED] - callTestCase(findTestCase("mobileWeb/_include/openWebSite"), [:], CONTINUE_ON_FAILURE): Call Test Case 'Test Cases/mobileWeb/_include/openWebSite' successfully&#xD;
&#xD;
2019-09-05 11:03:23 - [TEST_CASE][PASSED] - Test Cases/mobileWeb/_include/openWebSite: Test Cases/mobileWeb/_include/openWebSite&#xD;
&#xD;
2019-09-05 11:03:23 - [TEST_STEP][PASSED] - openBrowser(env): Browser is opened with url: 'https://praetemptatus.agilehealthinsurance.com'&#xD;
&#xD;
2019-09-05 11:03:23 - [MESSAGE][WARNING] - A browser is already opened. Closing browser and opening a new one&#xD;
&#xD;
2019-09-05 11:03:24 - [MESSAGE][INFO] - Starting 'Chrome' driver&#xD;
&#xD;
2019-09-05 11:03:24 - [MESSAGE][INFO] - User set preference: ['mobileEmulation', '{deviceName=iPhone X}']&#xD;
&#xD;
2019-09-05 11:03:24 - [MESSAGE][INFO] - User set preference: ['args', '[--incognito, --aggressive-cache-discard, --no-sandbox, --window-size=375,812]']&#xD;
&#xD;
2019-09-05 11:03:29 - [MESSAGE][PASSED] - Browser is opened with url: 'https://praetemptatus.agilehealthinsurance.com'&#xD;
&#xD;
2019-09-05 11:03:29 - [TEST_STEP][PASSED] - waitForPageLoad(20): Wait for page load successfully&#xD;
&#xD;
2019-09-05 11:03:30 - [MESSAGE][PASSED] - Wait for page load successfully&#xD;
&#xD;
2019-09-05 11:03:30 - [TEST_STEP][PASSED] - callTestCase(findTestCase("mobileWeb/_include/get_screenshot"), [:], STOP_ON_FAILURE): Call Test Case 'Test Cases/mobileWeb/_include/get_screenshot' successfully&#xD;
&#xD;
2019-09-05 11:03:30 - [TEST_CASE][PASSED] - Test Cases/mobileWeb/_include/get_screenshot: Test Cases/mobileWeb/_include/get_screenshot&#xD;
&#xD;
2019-09-05 11:03:30 - [TEST_STEP][PASSED] - takeScreenshot(screenPath + i + ".png"): Taking screenshot successfully&#xD;
&#xD;
2019-09-05 11:03:32 - [MESSAGE][PASSED] - Taking screenshot successfully&#xD;
[[ATTACHMENT|D:\\Test\\AgileTest\\AgileTest\\Reports\\mobileWeb\\hbi\\20190905_105643\\../Screenshots/iPhone X/hbi/Cardinal Choice/20190905_110323/0.png]]&#xD;
&#xD;
2019-09-05 11:03:32 - [TEST_STEP][PASSED] - (internal.GlobalVariable.i++): null&#xD;
&#xD;
2019-09-05 11:03:32 - [MESSAGE][PASSED] - Call Test Case 'Test Cases/mobileWeb/_include/get_screenshot' successfully&#xD;
&#xD;
2019-09-05 11:03:32 - [MESSAGE][PASSED] - Call Test Case 'Test Cases/mobileWeb/_include/openWebSite' successfully&#xD;
&#xD;
2019-09-05 11:03:32 - [TEST_STEP][PASSED] - callTestCase(findTestCase("mobileWeb/_include/census_hbi"), [:], CONTINUE_ON_FAILURE): Call Test Case 'Test Cases/mobileWeb/_include/census_hbi' successfully&#xD;
&#xD;
2019-09-05 11:03:32 - [TEST_CASE][PASSED] - Test Cases/mobileWeb/_include/census_hbi: Test Cases/mobileWeb/_include/census_hbi&#xD;
&#xD;
2019-09-05 11:03:32 - [TEST_STEP][PASSED] - click(findTestObject("mobileSanity/Common/side_nav/menu")): Object: 'Object Repository/mobileSanity/Common/side_nav/menu' is clicked on&#xD;
&#xD;
2019-09-05 11:03:32 - [MESSAGE][PASSED] - Object: 'Object Repository/mobileSanity/Common/side_nav/menu' is clicked on&#xD;
&#xD;
2019-09-05 11:03:32 - [TEST_STEP][PASSED] - Thread.sleep(3000): null&#xD;
&#xD;
2019-09-05 11:03:35 - [TEST_STEP][PASSED] - click(findTestObject("mobileSanity/Common/side_nav/nav_hbi")): Object: 'Object Repository/mobileSanity/Common/side_nav/nav_hbi' is clicked on&#xD;
&#xD;
2019-09-05 11:03:39 - [MESSAGE][PASSED] - Object: 'Object Repository/mobileSanity/Common/side_nav/nav_hbi' is clicked on&#xD;
&#xD;
2019-09-05 11:03:39 - [TEST_STEP][PASSED] - waitForPageLoad(10): Wait for page load successfully&#xD;
&#xD;
2019-09-05 11:03:39 - [MESSAGE][PASSED] - Wait for page load successfully&#xD;
&#xD;
2019-09-05 11:03:39 - [TEST_STEP][PASSED] - callTestCase(findTestCase("mobileWeb/_include/get_screenshot"), [:], STOP_ON_FAILURE): Call Test Case 'Test Cases/mobileWeb/_include/get_screenshot' successfully&#xD;
&#xD;
2019-09-05 11:03:39 - [TEST_CASE][PASSED] - Test Cases/mobileWeb/_include/get_screenshot: Test Cases/mobileWeb/_include/get_screenshot&#xD;
&#xD;
2019-09-05 11:03:39 - [TEST_STEP][PASSED] - takeScreenshot(screenPath + i + ".png"): Taking screenshot successfully&#xD;
&#xD;
2019-09-05 11:03:41 - [MESSAGE][PASSED] - Taking screenshot successfully&#xD;
[[ATTACHMENT|D:\\Test\\AgileTest\\AgileTest\\Reports\\mobileWeb\\hbi\\20190905_105643\\../Screenshots/iPhone X/hbi/Cardinal Choice/20190905_110323/1.png]]&#xD;
&#xD;
2019-09-05 11:03:41 - [TEST_STEP][PASSED] - (internal.GlobalVariable.i++): null&#xD;
&#xD;
2019-09-05 11:03:41 - [MESSAGE][PASSED] - Call Test Case 'Test Cases/mobileWeb/_include/get_screenshot' successfully&#xD;
&#xD;
2019-09-05 11:03:41 - [TEST_STEP][PASSED] - setText(findTestObject("mobileSanity/HBI/census/input_Location_zip-input"), zipcode): Text '35215' is set on object 'Object Repository/mobileSanity/HBI/census/input_Location_zip-input'&#xD;
&#xD;
2019-09-05 11:03:41 - [MESSAGE][PASSED] - Text '35215' is set on object 'Object Repository/mobileSanity/HBI/census/input_Location_zip-input'&#xD;
&#xD;
2019-09-05 11:03:41 - [TEST_STEP][PASSED] - Thread.sleep(500): null&#xD;
&#xD;
2019-09-05 11:03:42 - [TEST_STEP][PASSED] - setText(findTestObject("mobileSanity/HBI/census/input_Date of Birth_dob-0"), "12121980"): Text '12121980' is set on object 'Object Repository/mobileSanity/HBI/census/input_Date of Birth_dob-0'&#xD;
&#xD;
2019-09-05 11:03:42 - [MESSAGE][PASSED] - Text '12121980' is set on object 'Object Repository/mobileSanity/HBI/census/input_Date of Birth_dob-0'&#xD;
&#xD;
2019-09-05 11:03:42 - [TEST_STEP][PASSED] - click(findTestObject("mobileSanity/HBI/census/label_Male")): Object: 'Object Repository/mobileSanity/HBI/census/label_Male' is clicked on&#xD;
&#xD;
2019-09-05 11:03:42 - [MESSAGE][PASSED] - Object: 'Object Repository/mobileSanity/HBI/census/label_Male' is clicked on&#xD;
&#xD;
2019-09-05 11:03:42 - [TEST_STEP][PASSED] - click(findTestObject("mobileSanity/HBI/census/label_Get a Quote")): Object: 'Object Repository/mobileSanity/HBI/census/label_Get a Quote' is clicked on&#xD;
&#xD;
2019-09-05 11:03:48 - [MESSAGE][PASSED] - Object: 'Object Repository/mobileSanity/HBI/census/label_Get a Quote' is clicked on&#xD;
&#xD;
2019-09-05 11:03:48 - [TEST_STEP][PASSED] - waitForPageLoad(20): Wait for page load successfully&#xD;
&#xD;
2019-09-05 11:03:49 - [MESSAGE][PASSED] - Wait for page load successfully&#xD;
&#xD;
2019-09-05 11:03:49 - [TEST_STEP][PASSED] - callTestCase(findTestCase("mobileWeb/_include/get_screenshot"), [:], STOP_ON_FAILURE): Call Test Case 'Test Cases/mobileWeb/_include/get_screenshot' successfully&#xD;
&#xD;
2019-09-05 11:03:49 - [TEST_CASE][PASSED] - Test Cases/mobileWeb/_include/get_screenshot: Test Cases/mobileWeb/_include/get_screenshot&#xD;
&#xD;
2019-09-05 11:03:49 - [TEST_STEP][PASSED] - takeScreenshot(screenPath + i + ".png"): Taking screenshot successfully&#xD;
&#xD;
2019-09-05 11:03:51 - [MESSAGE][PASSED] - Taking screenshot successfully&#xD;
[[ATTACHMENT|D:\\Test\\AgileTest\\AgileTest\\Reports\\mobileWeb\\hbi\\20190905_105643\\../Screenshots/iPhone X/hbi/Cardinal Choice/20190905_110323/2.png]]&#xD;
&#xD;
2019-09-05 11:03:51 - [TEST_STEP][PASSED] - (internal.GlobalVariable.i++): null&#xD;
&#xD;
2019-09-05 11:03:51 - [MESSAGE][PASSED] - Call Test Case 'Test Cases/mobileWeb/_include/get_screenshot' successfully&#xD;
&#xD;
2019-09-05 11:03:51 - [MESSAGE][PASSED] - Call Test Case 'Test Cases/mobileWeb/_include/census_hbi' successfully&#xD;
&#xD;
2019-09-05 11:03:51 - [TEST_STEP][PASSED] - Thread.sleep(5000): null&#xD;
&#xD;
2019-09-05 11:03:56 - [TEST_STEP][PASSED] - scrollToPosition(200, 2300): Browser is scrolled to position x = 200, y = 2300&#xD;
&#xD;
2019-09-05 11:03:56 - [MESSAGE][PASSED] - Browser is scrolled to position x = 200, y = 2300&#xD;
&#xD;
2019-09-05 11:03:56 - [TEST_STEP][PASSED] - click(findTestObject("mobileSanity/HBI/quote/a_Cardinal Choice")): Object: 'Object Repository/mobileSanity/HBI/quote/a_Cardinal Choice' is clicked on&#xD;
&#xD;
2019-09-05 11:04:01 - [MESSAGE][PASSED] - Object: 'Object Repository/mobileSanity/HBI/quote/a_Cardinal Choice' is clicked on&#xD;
&#xD;
2019-09-05 11:04:01 - [TEST_STEP][PASSED] - waitForPageLoad(20): Wait for page load successfully&#xD;
&#xD;
2019-09-05 11:04:01 - [MESSAGE][PASSED] - Wait for page load successfully&#xD;
&#xD;
2019-09-05 11:04:01 - [TEST_STEP][PASSED] - callTestCase(findTestCase("mobileWeb/_include/get_screenshot"), [:], STOP_ON_FAILURE): Call Test Case 'Test Cases/mobileWeb/_include/get_screenshot' successfully&#xD;
&#xD;
2019-09-05 11:04:01 - [TEST_CASE][PASSED] - Test Cases/mobileWeb/_include/get_screenshot: Test Cases/mobileWeb/_include/get_screenshot&#xD;
&#xD;
2019-09-05 11:04:01 - [TEST_STEP][PASSED] - takeScreenshot(screenPath + i + ".png"): Taking screenshot successfully&#xD;
&#xD;
2019-09-05 11:04:03 - [MESSAGE][PASSED] - Taking screenshot successfully&#xD;
[[ATTACHMENT|D:\\Test\\AgileTest\\AgileTest\\Reports\\mobileWeb\\hbi\\20190905_105643\\../Screenshots/iPhone X/hbi/Cardinal Choice/20190905_110323/3.png]]&#xD;
&#xD;
2019-09-05 11:04:03 - [TEST_STEP][PASSED] - (internal.GlobalVariable.i++): null&#xD;
&#xD;
2019-09-05 11:04:03 - [MESSAGE][PASSED] - Call Test Case 'Test Cases/mobileWeb/_include/get_screenshot' successfully&#xD;
&#xD;
2019-09-05 11:04:03 - [TEST_STEP][PASSED] - click(findTestObject("mobileSanity/HBI/detail/a_Apply for This Plan")): Object: 'Object Repository/mobileSanity/HBI/detail/a_Apply for This Plan' is clicked on&#xD;
&#xD;
2019-09-05 11:04:04 - [MESSAGE][PASSED] - Object: 'Object Repository/mobileSanity/HBI/detail/a_Apply for This Plan' is clicked on&#xD;
&#xD;
2019-09-05 11:04:04 - [TEST_STEP][PASSED] - waitForPageLoad(20): Wait for page load successfully&#xD;
&#xD;
2019-09-05 11:04:05 - [MESSAGE][PASSED] - Wait for page load successfully&#xD;
&#xD;
2019-09-05 11:04:05 - [TEST_STEP][PASSED] - callTestCase(findTestCase("mobileWeb/_include/get_screenshot"), [:], STOP_ON_FAILURE): Call Test Case 'Test Cases/mobileWeb/_include/get_screenshot' successfully&#xD;
&#xD;
2019-09-05 11:04:05 - [TEST_CASE][PASSED] - Test Cases/mobileWeb/_include/get_screenshot: Test Cases/mobileWeb/_include/get_screenshot&#xD;
&#xD;
2019-09-05 11:04:05 - [TEST_STEP][PASSED] - takeScreenshot(screenPath + i + ".png"): Taking screenshot successfully&#xD;
&#xD;
2019-09-05 11:04:06 - [MESSAGE][PASSED] - Taking screenshot successfully&#xD;
[[ATTACHMENT|D:\\Test\\AgileTest\\AgileTest\\Reports\\mobileWeb\\hbi\\20190905_105643\\../Screenshots/iPhone X/hbi/Cardinal Choice/20190905_110323/4.png]]&#xD;
&#xD;
2019-09-05 11:04:06 - [TEST_STEP][PASSED] - (internal.GlobalVariable.i++): null&#xD;
&#xD;
2019-09-05 11:04:06 - [MESSAGE][PASSED] - Call Test Case 'Test Cases/mobileWeb/_include/get_screenshot' successfully&#xD;
&#xD;
2019-09-05 11:04:06 - [TEST_STEP][PASSED] - click(findTestObject("mobileSanity/HBI/Page_Apply/span_Start Secure Application")): Object: 'Object Repository/mobileSanity/HBI/Page_Apply/span_Start Secure Application' is clicked on&#xD;
&#xD;
2019-09-05 11:04:09 - [MESSAGE][PASSED] - Object: 'Object Repository/mobileSanity/HBI/Page_Apply/span_Start Secure Application' is clicked on&#xD;
&#xD;
2019-09-05 11:04:09 - [TEST_STEP][PASSED] - waitForPageLoad(20): Wait for page load successfully&#xD;
&#xD;
2019-09-05 11:04:10 - [MESSAGE][PASSED] - Wait for page load successfully&#xD;
&#xD;
2019-09-05 11:04:10 - [TEST_STEP][PASSED] - Thread.sleep(5000): null&#xD;
&#xD;
2019-09-05 11:04:15 - [TEST_STEP][PASSED] - callTestCase(findTestCase("mobileWeb/_include/get_screenshot"), [:], STOP_ON_FAILURE): Call Test Case 'Test Cases/mobileWeb/_include/get_screenshot' successfully&#xD;
&#xD;
2019-09-05 11:04:15 - [TEST_CASE][PASSED] - Test Cases/mobileWeb/_include/get_screenshot: Test Cases/mobileWeb/_include/get_screenshot&#xD;
&#xD;
2019-09-05 11:04:15 - [TEST_STEP][PASSED] - takeScreenshot(screenPath + i + ".png"): Taking screenshot successfully&#xD;
&#xD;
2019-09-05 11:04:16 - [MESSAGE][PASSED] - Taking screenshot successfully&#xD;
[[ATTACHMENT|D:\\Test\\AgileTest\\AgileTest\\Reports\\mobileWeb\\hbi\\20190905_105643\\../Screenshots/iPhone X/hbi/Cardinal Choice/20190905_110323/5.png]]&#xD;
&#xD;
2019-09-05 11:04:16 - [TEST_STEP][PASSED] - (internal.GlobalVariable.i++): null&#xD;
&#xD;
2019-09-05 11:04:16 - [MESSAGE][PASSED] - Call Test Case 'Test Cases/mobileWeb/_include/get_screenshot' successfully&#xD;
&#xD;
2019-09-05 11:04:16 - [TEST_STEP][PASSED] - callTestCase(findTestCase("mobileWeb/_include/goToEnd_hbi"), ["carrier":"cardinalchoice"], CONTINUE_ON_FAILURE): Call Test Case 'Test Cases/mobileWeb/_include/goToEnd_hbi' successfully&#xD;
&#xD;
2019-09-05 11:04:16 - [TEST_CASE][PASSED] - Test Cases/mobileWeb/_include/goToEnd_hbi: Test Cases/mobileWeb/_include/goToEnd_hbi&#xD;
&#xD;
2019-09-05 11:04:16 - [TEST_STEP][PASSED] - if (state == "ca"): null&#xD;
&#xD;
2019-09-05 11:04:16 - [TEST_STEP][PASSED] - callTestCase(findTestCase("mobileWeb/_include/name"), [:], CONTINUE_ON_FAILURE): Call Test Case 'Test Cases/mobileWeb/_include/name' successfully&#xD;
&#xD;
2019-09-05 11:04:16 - [TEST_CASE][PASSED] - Test Cases/mobileWeb/_include/name: Test Cases/mobileWeb/_include/name&#xD;
&#xD;
2019-09-05 11:04:16 - [TEST_STEP][PASSED] - driver = getWebDriver(): null&#xD;
&#xD;
2019-09-05 11:04:16 - [TEST_STEP][PASSED] - selenium = new com.thoughtworks.selenium.webdriven.WebDriverBackedSelenium(driver, internal.GlobalVariable.ENV): null&#xD;
&#xD;
2019-09-05 11:04:16 - [TEST_STEP][PASSED] - FirstName = "Test-123": null&#xD;
&#xD;
2019-09-05 11:04:16 - [TEST_STEP][PASSED] - LastName = selenium.getEval("{var x="ABCDEFGHIJKLMNOPQRSTUVWXYZabcdefghijklmnopqrstuvwxyz"; var tmp="ZZ11-"; for (i=0;i&lt;8;i++) tmp+=x.charAt(Math.ceil(51*Math.random()));tmp;}"): null&#xD;
&#xD;
2019-09-05 11:04:16 - [TEST_STEP][PASSED] - Address = selenium.getEval("{var x="ABCDEFGHIJKLMNOPQRSTUVWXYZabcdefghijklmnopqrstuvwxyz"; var tmp=""; for (i=0;i&lt;8;i++) tmp+=x.charAt(Math.ceil(51*Math.random()));tmp;}"): null&#xD;
&#xD;
2019-09-05 11:04:16 - [TEST_STEP][PASSED] - City = selenium.getEval("{var x="ABCDEFGHIJKLMNOPQRSTUVWXYZabcdefghijklmnopqrstuvwxyz"; var tmp=""; for (i=0;i&lt;8;i++) tmp+=x.charAt(Math.ceil(51*Math.random()));tmp;}"): null&#xD;
&#xD;
2019-09-05 11:04:16 - [TEST_STEP][PASSED] - tel1 = selenium.getEval("{var x="123456789"; var tmp=""; for (i=0;i&lt;3;i++) tmp+=x.charAt(Math.ceil(8*Math.random()));tmp;}"): null&#xD;
&#xD;
2019-09-05 11:04:16 - [TEST_STEP][PASSED] - tel2 = selenium.getEval("{var x="123456789"; var tmp=""; for (i=0;i&lt;3;i++) tmp+=x.charAt(Math.ceil(8*Math.random()));tmp;}"): null&#xD;
&#xD;
2019-09-05 11:04:16 - [TEST_STEP][PASSED] - tel3 = selenium.getEval("{var x="123456789"; var tmp=""; for (i=0;i&lt;4;i++) tmp+=x.charAt(Math.ceil(8*Math.random()));tmp;}"): null&#xD;
&#xD;
2019-09-05 11:04:16 - [TEST_STEP][PASSED] - Tel = selenium.getExpression(tel1 + "-" + tel2 + "-" + tel3): null&#xD;
&#xD;
2019-09-05 11:04:16 - [TEST_STEP][PASSED] - AutoEmail = selenium.getEval("{var x="ABCDEFGHIJKLMNOPQRSTUVWXYZabcdefghijklmnopqrstuvwxyz"; var tmp="test."; for (i=0;i&lt;8;i++) tmp+=x.charAt(Math.ceil(51*Math.random()));tmp+="@suryani.cn";}"): null&#xD;
&#xD;
2019-09-05 11:04:16 - [TEST_STEP][PASSED] - FirstName = FirstName: null&#xD;
&#xD;
2019-09-05 11:04:16 - [TEST_STEP][PASSED] - LastName = LastName: null&#xD;
&#xD;
2019-09-05 11:04:16 - [TEST_STEP][PASSED] - Address = Address: null&#xD;
&#xD;
2019-09-05 11:04:16 - [TEST_STEP][PASSED] - City = City: null&#xD;
&#xD;
2019-09-05 11:04:16 - [TEST_STEP][PASSED] - Tel = Tel: null&#xD;
&#xD;
2019-09-05 11:04:16 - [TEST_STEP][PASSED] - AutoEmail = AutoEmail: null&#xD;
&#xD;
2019-09-05 11:04:16 - [TEST_STEP][PASSED] - println(FirstName): null&#xD;
&#xD;
2019-09-05 11:04:16 - [TEST_STEP][PASSED] - println(LastName): null&#xD;
&#xD;
2019-09-05 11:04:16 - [TEST_STEP][PASSED] - println(Address): null&#xD;
&#xD;
2019-09-05 11:04:16 - [TEST_STEP][PASSED] - println(City): null&#xD;
&#xD;
2019-09-05 11:04:16 - [TEST_STEP][PASSED] - println(Tel): null&#xD;
&#xD;
2019-09-05 11:04:16 - [TEST_STEP][PASSED] - println(AutoEmail): null&#xD;
&#xD;
2019-09-05 11:04:16 - [MESSAGE][PASSED] - Call Test Case 'Test Cases/mobileWeb/_include/name' successfully&#xD;
&#xD;
2019-09-05 11:04:16 - [TEST_STEP][PASSED] - setText(findTestObject("mobileSanity/HBI/Page_App Page 1/input__member-P-1-firstName"), FirstName): Text 'Test-123' is set on object 'Object Repository/mobileSanity/HBI/Page_App Page 1/input__member-P-1-firstName'&#xD;
&#xD;
2019-09-05 11:04:16 - [MESSAGE][PASSED] - Text 'Test-123' is set on object 'Object Repository/mobileSanity/HBI/Page_App Page 1/input__member-P-1-firstName'&#xD;
&#xD;
2019-09-05 11:04:16 - [TEST_STEP][PASSED] - setText(findTestObject("mobileSanity/HBI/Page_App Page 1/input__member-P-1-lastName"), LastName): Text 'ZZ11-PabUDnjY' is set on object 'Object Repository/mobileSanity/HBI/Page_App Page 1/input__member-P-1-lastName'&#xD;
&#xD;
2019-09-05 11:04:16 - [MESSAGE][PASSED] - Text 'ZZ11-PabUDnjY' is set on object 'Object Repository/mobileSanity/HBI/Page_App Page 1/input__member-P-1-lastName'&#xD;
&#xD;
2019-09-05 11:04:16 - [TEST_STEP][PASSED] - if (carrier == "agileone" || carrier == "agilesecure"): null&#xD;
&#xD;
2019-09-05 11:04:16 - [TEST_STEP][PASSED] - setText(findTestObject("mobileSanity/HBI/Page_App Page 1/input__address"), Address): Text 'pSWkFmCT' is set on object 'Object Repository/mobileSanity/HBI/Page_App Page 1/input__address'&#xD;
&#xD;
2019-09-05 11:04:17 - [MESSAGE][PASSED] - Text 'pSWkFmCT' is set on object 'Object Repository/mobileSanity/HBI/Page_App Page 1/input__address'&#xD;
&#xD;
2019-09-05 11:04:17 - [TEST_STEP][PASSED] - setText(findTestObject("mobileSanity/HBI/Page_App Page 1/input__city"), City): Text 'nOrOnszj' is set on object 'Object Repository/mobileSanity/HBI/Page_App Page 1/input__city'&#xD;
&#xD;
2019-09-05 11:04:17 - [MESSAGE][PASSED] - Text 'nOrOnszj' is set on object 'Object Repository/mobileSanity/HBI/Page_App Page 1/input__city'&#xD;
&#xD;
2019-09-05 11:04:17 - [TEST_STEP][PASSED] - setText(findTestObject("mobileSanity/HBI/Page_App Page 1/input__email"), AutoEmail): Text 'test.HmGGOuKP@suryani.cn' is set on object 'Object Repository/mobileSanity/HBI/Page_App Page 1/input__email'&#xD;
&#xD;
2019-09-05 11:04:17 - [MESSAGE][PASSED] - Text 'test.HmGGOuKP@suryani.cn' is set on object 'Object Repository/mobileSanity/HBI/Page_App Page 1/input__email'&#xD;
&#xD;
2019-09-05 11:04:17 - [TEST_STEP][PASSED] - setText(findTestObject("mobileSanity/HBI/Page_App Page 1/input_tel"), Tel): Text '482-933-3383' is set on object 'Object Repository/mobileSanity/HBI/Page_App Page 1/input_tel'&#xD;
&#xD;
2019-09-05 11:04:18 - [MESSAGE][PASSED] - Text '482-933-3383' is set on object 'Object Repository/mobileSanity/HBI/Page_App Page 1/input_tel'&#xD;
&#xD;
2019-09-05 11:04:18 - [TEST_STEP][PASSED] - click(findTestObject("mobileSanity/HBI/Page_App Page 1/a_Continue to Step 2 - Payment")): Object: 'Object Repository/mobileSanity/HBI/Page_App Page 1/a_Continue to Step 2 - Payment' is clicked on&#xD;
&#xD;
2019-09-05 11:04:18 - [MESSAGE][PASSED] - Object: 'Object Repository/mobileSanity/HBI/Page_App Page 1/a_Continue to Step 2 - Payment' is clicked on&#xD;
&#xD;
2019-09-05 11:04:18 - [TEST_STEP][PASSED] - waitForPageLoad(20): Wait for page load successfully&#xD;
&#xD;
2019-09-05 11:04:18 - [MESSAGE][PASSED] - Wait for page load successfully&#xD;
&#xD;
2019-09-05 11:04:18 - [TEST_STEP][PASSED] - Thread.sleep(2000): null&#xD;
&#xD;
2019-09-05 11:04:20 - [TEST_STEP][PASSED] - waitForElementVisible(findTestObject("mobileSanity/HBI/Page_App Page 2/input__credit-card-first"), 20): Object 'Object Repository/mobileSanity/HBI/Page_App Page 2/input__credit-card-first' is visible&#xD;
&#xD;
2019-09-05 11:04:20 - [MESSAGE][PASSED] - Object 'Object Repository/mobileSanity/HBI/Page_App Page 2/input__credit-card-first' is visible&#xD;
&#xD;
2019-09-05 11:04:20 - [TEST_STEP][PASSED] - callTestCase(findTestCase("mobileWeb/_include/get_screenshot"), [:], STOP_ON_FAILURE): Call Test Case 'Test Cases/mobileWeb/_include/get_screenshot' successfully&#xD;
&#xD;
2019-09-05 11:04:20 - [TEST_CASE][PASSED] - Test Cases/mobileWeb/_include/get_screenshot: Test Cases/mobileWeb/_include/get_screenshot&#xD;
&#xD;
2019-09-05 11:04:20 - [TEST_STEP][PASSED] - takeScreenshot(screenPath + i + ".png"): Taking screenshot successfully&#xD;
&#xD;
2019-09-05 11:04:21 - [MESSAGE][PASSED] - Taking screenshot successfully&#xD;
[[ATTACHMENT|D:\\Test\\AgileTest\\AgileTest\\Reports\\mobileWeb\\hbi\\20190905_105643\\../Screenshots/iPhone X/hbi/Cardinal Choice/20190905_110323/6.png]]&#xD;
&#xD;
2019-09-05 11:04:22 - [TEST_STEP][PASSED] - (internal.GlobalVariable.i++): null&#xD;
&#xD;
2019-09-05 11:04:22 - [MESSAGE][PASSED] - Call Test Case 'Test Cases/mobileWeb/_include/get_screenshot' successfully&#xD;
&#xD;
2019-09-05 11:04:22 - [TEST_STEP][PASSED] - setText(findTestObject("mobileSanity/HBI/Page_App Page 2/input__credit-card-first"), FirstName): Text 'Test-123' is set on object 'Object Repository/mobileSanity/HBI/Page_App Page 2/input__credit-card-first'&#xD;
&#xD;
2019-09-05 11:04:22 - [MESSAGE][PASSED] - Text 'Test-123' is set on object 'Object Repository/mobileSanity/HBI/Page_App Page 2/input__credit-card-first'&#xD;
&#xD;
2019-09-05 11:04:22 - [TEST_STEP][PASSED] - setText(findTestObject("mobileSanity/HBI/Page_App Page 2/input__credit-card-last"), LastName): Text 'ZZ11-PabUDnjY' is set on object 'Object Repository/mobileSanity/HBI/Page_App Page 2/input__credit-card-last'&#xD;
&#xD;
2019-09-05 11:04:22 - [MESSAGE][PASSED] - Text 'ZZ11-PabUDnjY' is set on object 'Object Repository/mobileSanity/HBI/Page_App Page 2/input__credit-card-last'&#xD;
&#xD;
2019-09-05 11:04:22 - [TEST_STEP][PASSED] - selectOptionByValue(findTestObject("mobileSanity/HBI/Page_App Page 2/select_MM010203040506070809101"), "12", true): All options with value '12' are selected in object 'Object Repository/mobileSanity/HBI/Page_App Page 2/select_MM010203040506070809101'  using regular expression&#xD;
&#xD;
2019-09-05 11:04:23 - [MESSAGE][PASSED] - All options with value '12' are selected in object 'Object Repository/mobileSanity/HBI/Page_App Page 2/select_MM010203040506070809101'  using regular expression&#xD;
&#xD;
2019-09-05 11:04:23 - [TEST_STEP][PASSED] - selectOptionByValue(findTestObject("mobileSanity/HBI/Page_App Page 2/select_YYYY2019202020212022202"), "2026", true): All options with value '2026' are selected in object 'Object Repository/mobileSanity/HBI/Page_App Page 2/select_YYYY2019202020212022202'  using regular expression&#xD;
&#xD;
2019-09-05 11:04:23 - [MESSAGE][PASSED] - All options with value '2026' are selected in object 'Object Repository/mobileSanity/HBI/Page_App Page 2/select_YYYY2019202020212022202'  using regular expression&#xD;
&#xD;
2019-09-05 11:04:23 - [TEST_STEP][PASSED] - setText(findTestObject("mobileSanity/HBI/Page_App Page 2/input__credit-card-number"), "4111111111111111"): Text '4111111111111111' is set on object 'Object Repository/mobileSanity/HBI/Page_App Page 2/input__credit-card-number'&#xD;
&#xD;
2019-09-05 11:04:23 - [MESSAGE][PASSED] - Text '4111111111111111' is set on object 'Object Repository/mobileSanity/HBI/Page_App Page 2/input__credit-card-number'&#xD;
&#xD;
2019-09-05 11:04:23 - [TEST_STEP][PASSED] - setText(findTestObject("mobileSanity/HBI/Page_App Page 2/input__cvv"), "123"): Text '123' is set on object 'Object Repository/mobileSanity/HBI/Page_App Page 2/input__cvv'&#xD;
&#xD;
2019-09-05 11:04:24 - [MESSAGE][PASSED] - Text '123' is set on object 'Object Repository/mobileSanity/HBI/Page_App Page 2/input__cvv'&#xD;
&#xD;
2019-09-05 11:04:24 - [TEST_STEP][PASSED] - click(findTestObject("mobileSanity/HBI/Page_App Page 2/label_My billing address is th")): Object: 'Object Repository/mobileSanity/HBI/Page_App Page 2/label_My billing address is th' is clicked on&#xD;
&#xD;
2019-09-05 11:04:24 - [MESSAGE][PASSED] - Object: 'Object Repository/mobileSanity/HBI/Page_App Page 2/label_My billing address is th' is clicked on&#xD;
&#xD;
2019-09-05 11:04:24 - [TEST_STEP][PASSED] - click(findTestObject("mobileSanity/HBI/Page_App Page 2/label_I Accept Authorization f")): Object: 'Object Repository/mobileSanity/HBI/Page_App Page 2/label_I Accept Authorization f' is clicked on&#xD;
&#xD;
2019-09-05 11:04:24 - [MESSAGE][PASSED] - Object: 'Object Repository/mobileSanity/HBI/Page_App Page 2/label_I Accept Authorization f' is clicked on&#xD;
&#xD;
2019-09-05 11:04:24 - [TEST_STEP][PASSED] - click(findTestObject("mobileSanity/HBI/Page_App Page 2/a_Continue to Step 3 - Review")): Object: 'Object Repository/mobileSanity/HBI/Page_App Page 2/a_Continue to Step 3 - Review' is clicked on&#xD;
&#xD;
2019-09-05 11:04:25 - [MESSAGE][PASSED] - Object: 'Object Repository/mobileSanity/HBI/Page_App Page 2/a_Continue to Step 3 - Review' is clicked on&#xD;
&#xD;
2019-09-05 11:04:25 - [TEST_STEP][PASSED] - waitForPageLoad(20): Wait for page load successfully&#xD;
&#xD;
2019-09-05 11:04:25 - [MESSAGE][PASSED] - Wait for page load successfully&#xD;
&#xD;
2019-09-05 11:04:25 - [TEST_STEP][PASSED] - Thread.sleep(10000): null&#xD;
&#xD;
2019-09-05 11:04:35 - [TEST_STEP][PASSED] - waitForElementPresent(findTestObject("mobileSanity/HBI/Page_App Page 3/label"), 20): Object 'Object Repository/mobileSanity/HBI/Page_App Page 3/label' is present&#xD;
&#xD;
2019-09-05 11:04:37 - [MESSAGE][PASSED] - Object 'Object Repository/mobileSanity/HBI/Page_App Page 3/label' is present&#xD;
&#xD;
2019-09-05 11:04:37 - [TEST_STEP][PASSED] - callTestCase(findTestCase("mobileWeb/_include/get_screenshot"), [:], STOP_ON_FAILURE): Call Test Case 'Test Cases/mobileWeb/_include/get_screenshot' successfully&#xD;
&#xD;
2019-09-05 11:04:37 - [TEST_CASE][PASSED] - Test Cases/mobileWeb/_include/get_screenshot: Test Cases/mobileWeb/_include/get_screenshot&#xD;
&#xD;
2019-09-05 11:04:37 - [TEST_STEP][PASSED] - takeScreenshot(screenPath + i + ".png"): Taking screenshot successfully&#xD;
&#xD;
2019-09-05 11:04:38 - [MESSAGE][PASSED] - Taking screenshot successfully&#xD;
[[ATTACHMENT|D:\\Test\\AgileTest\\AgileTest\\Reports\\mobileWeb\\hbi\\20190905_105643\\../Screenshots/iPhone X/hbi/Cardinal Choice/20190905_110323/7.png]]&#xD;
&#xD;
2019-09-05 11:04:38 - [TEST_STEP][PASSED] - (internal.GlobalVariable.i++): null&#xD;
&#xD;
2019-09-05 11:04:38 - [MESSAGE][PASSED] - Call Test Case 'Test Cases/mobileWeb/_include/get_screenshot' successfully&#xD;
&#xD;
2019-09-05 11:04:38 - [TEST_STEP][PASSED] - click(findTestObject("mobileSanity/HBI/Page_App Page 3/label")): Object: 'Object Repository/mobileSanity/HBI/Page_App Page 3/label' is clicked on&#xD;
&#xD;
2019-09-05 11:04:38 - [MESSAGE][PASSED] - Object: 'Object Repository/mobileSanity/HBI/Page_App Page 3/label' is clicked on&#xD;
&#xD;
2019-09-05 11:04:38 - [TEST_STEP][PASSED] - click(findTestObject("mobileSanity/HBI/Page_App Page 3/p_CLICK TO SIGN")): Object: 'Object Repository/mobileSanity/HBI/Page_App Page 3/p_CLICK TO SIGN' is clicked on&#xD;
&#xD;
2019-09-05 11:04:38 - [MESSAGE][PASSED] - Object: 'Object Repository/mobileSanity/HBI/Page_App Page 3/p_CLICK TO SIGN' is clicked on&#xD;
&#xD;
2019-09-05 11:04:38 - [TEST_STEP][PASSED] - click(findTestObject("mobileSanity/HBI/Page_App Page 3/a_Submit Your Application")): Object: 'Object Repository/mobileSanity/HBI/Page_App Page 3/a_Submit Your Application' is clicked on&#xD;
&#xD;
2019-09-05 11:04:39 - [MESSAGE][PASSED] - Object: 'Object Repository/mobileSanity/HBI/Page_App Page 3/a_Submit Your Application' is clicked on&#xD;
&#xD;
2019-09-05 11:04:39 - [TEST_STEP][PASSED] - Thread.sleep(30000): null&#xD;
&#xD;
2019-09-05 11:05:09 - [TEST_STEP][PASSED] - callTestCase(findTestCase("mobileWeb/_include/get_screenshot"), [:], STOP_ON_FAILURE): Call Test Case 'Test Cases/mobileWeb/_include/get_screenshot' successfully&#xD;
&#xD;
2019-09-05 11:05:09 - [TEST_CASE][PASSED] - Test Cases/mobileWeb/_include/get_screenshot: Test Cases/mobileWeb/_include/get_screenshot&#xD;
&#xD;
2019-09-05 11:05:09 - [TEST_STEP][PASSED] - takeScreenshot(screenPath + i + ".png"): Taking screenshot successfully&#xD;
&#xD;
2019-09-05 11:05:10 - [MESSAGE][PASSED] - Taking screenshot successfully&#xD;
[[ATTACHMENT|D:\\Test\\AgileTest\\AgileTest\\Reports\\mobileWeb\\hbi\\20190905_105643\\../Screenshots/iPhone X/hbi/Cardinal Choice/20190905_110323/8.png]]&#xD;
&#xD;
2019-09-05 11:05:10 - [TEST_STEP][PASSED] - (internal.GlobalVariable.i++): null&#xD;
&#xD;
2019-09-05 11:05:10 - [MESSAGE][PASSED] - Call Test Case 'Test Cases/mobileWeb/_include/get_screenshot' successfully&#xD;
&#xD;
2019-09-05 11:05:10 - [TEST_STEP][PASSED] - verifyTextPresent("Congratulations", false): Text 'Congratulations' is present on page &#xD;
&#xD;
2019-09-05 11:05:10 - [MESSAGE][PASSED] - Text 'Congratulations' is present on page &#xD;
&#xD;
2019-09-05 11:05:10 - [MESSAGE][PASSED] - Call Test Case 'Test Cases/mobileWeb/_include/goToEnd_hbi' successfully</system-out>
            <system-err></system-err>
        </testcase>
        <testcase name="Test Cases/mobileWeb/HBI/Core Shield" classname="Test Cases/mobileWeb/HBI/Core Shield" status="PASSED">
            <system-out>2019-09-05 11:05:10 - [TEST_CASE][PASSED] - Test Cases/mobileWeb/HBI/Core Shield: Test Cases/mobileWeb/HBI/Core Shield&#xD;
&#xD;
2019-09-05 11:05:10 - [TEST_STEP][PASSED] - callTestCase(findTestCase("mobileWeb/_include/get_screenPath"), ["productLine":"hbi", "carrierName":"Core Shield"], CONTINUE_ON_FAILURE): Call Test Case 'Test Cases/mobileWeb/_include/get_screenPath' successfully&#xD;
&#xD;
2019-09-05 11:05:10 - [TEST_CASE][PASSED] - Test Cases/mobileWeb/_include/get_screenPath: Test Cases/mobileWeb/_include/get_screenPath&#xD;
&#xD;
2019-09-05 11:05:10 - [TEST_STEP][PASSED] - m = getExecutionProperties(): null&#xD;
&#xD;
2019-09-05 11:05:10 - [TEST_STEP][PASSED] - deviceName = get("mobileEmulation").get("deviceName"): null&#xD;
&#xD;
2019-09-05 11:05:10 - [TEST_STEP][PASSED] - println(deviceName): null&#xD;
&#xD;
2019-09-05 11:05:10 - [TEST_STEP][PASSED] - now = new java.util.Date(): null&#xD;
&#xD;
2019-09-05 11:05:10 - [TEST_STEP][PASSED] - mydate = now.format("yyyyMMdd_HHmmss"): null&#xD;
&#xD;
2019-09-05 11:05:10 - [TEST_STEP][PASSED] - screenPath = "../Screenshots/": null&#xD;
&#xD;
2019-09-05 11:05:10 - [TEST_STEP][PASSED] - screenPath = screenPath + deviceName + "/" + productLine + "/" + carrierName + "/" + mydate + "/": null&#xD;
&#xD;
2019-09-05 11:05:10 - [TEST_STEP][PASSED] - println(screenPath): null&#xD;
&#xD;
2019-09-05 11:05:10 - [MESSAGE][PASSED] - Call Test Case 'Test Cases/mobileWeb/_include/get_screenPath' successfully&#xD;
&#xD;
2019-09-05 11:05:10 - [TEST_STEP][PASSED] - i = 0: null&#xD;
&#xD;
2019-09-05 11:05:10 - [TEST_STEP][PASSED] - callTestCase(findTestCase("mobileWeb/_include/openWebSite"), [:], CONTINUE_ON_FAILURE): Call Test Case 'Test Cases/mobileWeb/_include/openWebSite' successfully&#xD;
&#xD;
2019-09-05 11:05:10 - [TEST_CASE][PASSED] - Test Cases/mobileWeb/_include/openWebSite: Test Cases/mobileWeb/_include/openWebSite&#xD;
&#xD;
2019-09-05 11:05:10 - [TEST_STEP][PASSED] - openBrowser(env): Browser is opened with url: 'https://praetemptatus.agilehealthinsurance.com'&#xD;
&#xD;
2019-09-05 11:05:10 - [MESSAGE][WARNING] - A browser is already opened. Closing browser and opening a new one&#xD;
&#xD;
2019-09-05 11:05:11 - [MESSAGE][INFO] - Starting 'Chrome' driver&#xD;
&#xD;
2019-09-05 11:05:11 - [MESSAGE][INFO] - User set preference: ['mobileEmulation', '{deviceName=iPhone X}']&#xD;
&#xD;
2019-09-05 11:05:11 - [MESSAGE][INFO] - User set preference: ['args', '[--incognito, --aggressive-cache-discard, --no-sandbox, --window-size=375,812]']&#xD;
&#xD;
2019-09-05 11:05:18 - [MESSAGE][PASSED] - Browser is opened with url: 'https://praetemptatus.agilehealthinsurance.com'&#xD;
&#xD;
2019-09-05 11:05:18 - [TEST_STEP][PASSED] - waitForPageLoad(20): Wait for page load successfully&#xD;
&#xD;
2019-09-05 11:05:18 - [MESSAGE][PASSED] - Wait for page load successfully&#xD;
&#xD;
2019-09-05 11:05:18 - [TEST_STEP][PASSED] - callTestCase(findTestCase("mobileWeb/_include/get_screenshot"), [:], STOP_ON_FAILURE): Call Test Case 'Test Cases/mobileWeb/_include/get_screenshot' successfully&#xD;
&#xD;
2019-09-05 11:05:18 - [TEST_CASE][PASSED] - Test Cases/mobileWeb/_include/get_screenshot: Test Cases/mobileWeb/_include/get_screenshot&#xD;
&#xD;
2019-09-05 11:05:18 - [TEST_STEP][PASSED] - takeScreenshot(screenPath + i + ".png"): Taking screenshot successfully&#xD;
&#xD;
2019-09-05 11:05:20 - [MESSAGE][PASSED] - Taking screenshot successfully&#xD;
[[ATTACHMENT|D:\\Test\\AgileTest\\AgileTest\\Reports\\mobileWeb\\hbi\\20190905_105643\\../Screenshots/iPhone X/hbi/Core Shield/20190905_110510/0.png]]&#xD;
&#xD;
2019-09-05 11:05:20 - [TEST_STEP][PASSED] - (internal.GlobalVariable.i++): null&#xD;
&#xD;
2019-09-05 11:05:20 - [MESSAGE][PASSED] - Call Test Case 'Test Cases/mobileWeb/_include/get_screenshot' successfully&#xD;
&#xD;
2019-09-05 11:05:20 - [MESSAGE][PASSED] - Call Test Case 'Test Cases/mobileWeb/_include/openWebSite' successfully&#xD;
&#xD;
2019-09-05 11:05:20 - [TEST_STEP][PASSED] - callTestCase(findTestCase("mobileWeb/_include/census_hbi"), [:], CONTINUE_ON_FAILURE): Call Test Case 'Test Cases/mobileWeb/_include/census_hbi' successfully&#xD;
&#xD;
2019-09-05 11:05:20 - [TEST_CASE][PASSED] - Test Cases/mobileWeb/_include/census_hbi: Test Cases/mobileWeb/_include/census_hbi&#xD;
&#xD;
2019-09-05 11:05:20 - [TEST_STEP][PASSED] - click(findTestObject("mobileSanity/Common/side_nav/menu")): Object: 'Object Repository/mobileSanity/Common/side_nav/menu' is clicked on&#xD;
&#xD;
2019-09-05 11:05:20 - [MESSAGE][PASSED] - Object: 'Object Repository/mobileSanity/Common/side_nav/menu' is clicked on&#xD;
&#xD;
2019-09-05 11:05:20 - [TEST_STEP][PASSED] - Thread.sleep(3000): null&#xD;
&#xD;
2019-09-05 11:05:23 - [TEST_STEP][PASSED] - click(findTestObject("mobileSanity/Common/side_nav/nav_hbi")): Object: 'Object Repository/mobileSanity/Common/side_nav/nav_hbi' is clicked on&#xD;
&#xD;
2019-09-05 11:05:29 - [MESSAGE][PASSED] - Object: 'Object Repository/mobileSanity/Common/side_nav/nav_hbi' is clicked on&#xD;
&#xD;
2019-09-05 11:05:29 - [TEST_STEP][PASSED] - waitForPageLoad(10): Wait for page load successfully&#xD;
&#xD;
2019-09-05 11:05:29 - [MESSAGE][PASSED] - Wait for page load successfully&#xD;
&#xD;
2019-09-05 11:05:29 - [TEST_STEP][PASSED] - callTestCase(findTestCase("mobileWeb/_include/get_screenshot"), [:], STOP_ON_FAILURE): Call Test Case 'Test Cases/mobileWeb/_include/get_screenshot' successfully&#xD;
&#xD;
2019-09-05 11:05:30 - [TEST_CASE][PASSED] - Test Cases/mobileWeb/_include/get_screenshot: Test Cases/mobileWeb/_include/get_screenshot&#xD;
&#xD;
2019-09-05 11:05:30 - [TEST_STEP][PASSED] - takeScreenshot(screenPath + i + ".png"): Taking screenshot successfully&#xD;
&#xD;
2019-09-05 11:05:32 - [MESSAGE][PASSED] - Taking screenshot successfully&#xD;
[[ATTACHMENT|D:\\Test\\AgileTest\\AgileTest\\Reports\\mobileWeb\\hbi\\20190905_105643\\../Screenshots/iPhone X/hbi/Core Shield/20190905_110510/1.png]]&#xD;
&#xD;
2019-09-05 11:05:32 - [TEST_STEP][PASSED] - (internal.GlobalVariable.i++): null&#xD;
&#xD;
2019-09-05 11:05:32 - [MESSAGE][PASSED] - Call Test Case 'Test Cases/mobileWeb/_include/get_screenshot' successfully&#xD;
&#xD;
2019-09-05 11:05:32 - [TEST_STEP][PASSED] - setText(findTestObject("mobileSanity/HBI/census/input_Location_zip-input"), zipcode): Text '35215' is set on object 'Object Repository/mobileSanity/HBI/census/input_Location_zip-input'&#xD;
&#xD;
2019-09-05 11:05:32 - [MESSAGE][PASSED] - Text '35215' is set on object 'Object Repository/mobileSanity/HBI/census/input_Location_zip-input'&#xD;
&#xD;
2019-09-05 11:05:32 - [TEST_STEP][PASSED] - Thread.sleep(500): null&#xD;
&#xD;
2019-09-05 11:05:32 - [TEST_STEP][PASSED] - setText(findTestObject("mobileSanity/HBI/census/input_Date of Birth_dob-0"), "12121980"): Text '12121980' is set on object 'Object Repository/mobileSanity/HBI/census/input_Date of Birth_dob-0'&#xD;
&#xD;
2019-09-05 11:05:33 - [MESSAGE][PASSED] - Text '12121980' is set on object 'Object Repository/mobileSanity/HBI/census/input_Date of Birth_dob-0'&#xD;
&#xD;
2019-09-05 11:05:33 - [TEST_STEP][PASSED] - click(findTestObject("mobileSanity/HBI/census/label_Male")): Object: 'Object Repository/mobileSanity/HBI/census/label_Male' is clicked on&#xD;
&#xD;
2019-09-05 11:05:33 - [MESSAGE][PASSED] - Object: 'Object Repository/mobileSanity/HBI/census/label_Male' is clicked on&#xD;
&#xD;
2019-09-05 11:05:33 - [TEST_STEP][PASSED] - click(findTestObject("mobileSanity/HBI/census/label_Get a Quote")): Object: 'Object Repository/mobileSanity/HBI/census/label_Get a Quote' is clicked on&#xD;
&#xD;
2019-09-05 11:05:33 - [MESSAGE][PASSED] - Object: 'Object Repository/mobileSanity/HBI/census/label_Get a Quote' is clicked on&#xD;
&#xD;
2019-09-05 11:05:33 - [TEST_STEP][PASSED] - waitForPageLoad(20): Wait for page load successfully&#xD;
&#xD;
2019-09-05 11:05:33 - [MESSAGE][PASSED] - Wait for page load successfully&#xD;
&#xD;
2019-09-05 11:05:33 - [TEST_STEP][PASSED] - callTestCase(findTestCase("mobileWeb/_include/get_screenshot"), [:], STOP_ON_FAILURE): Call Test Case 'Test Cases/mobileWeb/_include/get_screenshot' successfully&#xD;
&#xD;
2019-09-05 11:05:33 - [TEST_CASE][PASSED] - Test Cases/mobileWeb/_include/get_screenshot: Test Cases/mobileWeb/_include/get_screenshot&#xD;
&#xD;
2019-09-05 11:05:33 - [TEST_STEP][PASSED] - takeScreenshot(screenPath + i + ".png"): Taking screenshot successfully&#xD;
&#xD;
2019-09-05 11:05:40 - [MESSAGE][PASSED] - Taking screenshot successfully&#xD;
[[ATTACHMENT|D:\\Test\\AgileTest\\AgileTest\\Reports\\mobileWeb\\hbi\\20190905_105643\\../Screenshots/iPhone X/hbi/Core Shield/20190905_110510/2.png]]&#xD;
&#xD;
2019-09-05 11:05:40 - [TEST_STEP][PASSED] - (internal.GlobalVariable.i++): null&#xD;
&#xD;
2019-09-05 11:05:40 - [MESSAGE][PASSED] - Call Test Case 'Test Cases/mobileWeb/_include/get_screenshot' successfully&#xD;
&#xD;
2019-09-05 11:05:40 - [MESSAGE][PASSED] - Call Test Case 'Test Cases/mobileWeb/_include/census_hbi' successfully&#xD;
&#xD;
2019-09-05 11:05:40 - [TEST_STEP][PASSED] - Thread.sleep(5000): null&#xD;
&#xD;
2019-09-05 11:05:45 - [TEST_STEP][PASSED] - scrollToPosition(200, 2300): Browser is scrolled to position x = 200, y = 2300&#xD;
&#xD;
2019-09-05 11:05:45 - [MESSAGE][PASSED] - Browser is scrolled to position x = 200, y = 2300&#xD;
&#xD;
2019-09-05 11:05:45 - [TEST_STEP][PASSED] - click(findTestObject("mobileSanity/HBI/quote/a_Core Shield")): Object: 'Object Repository/mobileSanity/HBI/quote/a_Core Shield' is clicked on&#xD;
&#xD;
2019-09-05 11:05:51 - [MESSAGE][PASSED] - Object: 'Object Repository/mobileSanity/HBI/quote/a_Core Shield' is clicked on&#xD;
&#xD;
2019-09-05 11:05:51 - [TEST_STEP][PASSED] - waitForPageLoad(20): Wait for page load successfully&#xD;
&#xD;
2019-09-05 11:05:51 - [MESSAGE][PASSED] - Wait for page load successfully&#xD;
&#xD;
2019-09-05 11:05:51 - [TEST_STEP][PASSED] - callTestCase(findTestCase("mobileWeb/_include/get_screenshot"), [:], STOP_ON_FAILURE): Call Test Case 'Test Cases/mobileWeb/_include/get_screenshot' successfully&#xD;
&#xD;
2019-09-05 11:05:51 - [TEST_CASE][PASSED] - Test Cases/mobileWeb/_include/get_screenshot: Test Cases/mobileWeb/_include/get_screenshot&#xD;
&#xD;
2019-09-05 11:05:51 - [TEST_STEP][PASSED] - takeScreenshot(screenPath + i + ".png"): Taking screenshot successfully&#xD;
&#xD;
2019-09-05 11:05:54 - [MESSAGE][PASSED] - Taking screenshot successfully&#xD;
[[ATTACHMENT|D:\\Test\\AgileTest\\AgileTest\\Reports\\mobileWeb\\hbi\\20190905_105643\\../Screenshots/iPhone X/hbi/Core Shield/20190905_110510/3.png]]&#xD;
&#xD;
2019-09-05 11:05:54 - [TEST_STEP][PASSED] - (internal.GlobalVariable.i++): null&#xD;
&#xD;
2019-09-05 11:05:54 - [MESSAGE][PASSED] - Call Test Case 'Test Cases/mobileWeb/_include/get_screenshot' successfully&#xD;
&#xD;
2019-09-05 11:05:54 - [TEST_STEP][PASSED] - click(findTestObject("mobileSanity/HBI/detail/a_Apply for This Plan")): Object: 'Object Repository/mobileSanity/HBI/detail/a_Apply for This Plan' is clicked on&#xD;
&#xD;
2019-09-05 11:05:57 - [MESSAGE][PASSED] - Object: 'Object Repository/mobileSanity/HBI/detail/a_Apply for This Plan' is clicked on&#xD;
&#xD;
2019-09-05 11:05:57 - [TEST_STEP][PASSED] - waitForPageLoad(20): Wait for page load successfully&#xD;
&#xD;
2019-09-05 11:05:58 - [MESSAGE][PASSED] - Wait for page load successfully&#xD;
&#xD;
2019-09-05 11:05:58 - [TEST_STEP][PASSED] - callTestCase(findTestCase("mobileWeb/_include/get_screenshot"), [:], STOP_ON_FAILURE): Call Test Case 'Test Cases/mobileWeb/_include/get_screenshot' successfully&#xD;
&#xD;
2019-09-05 11:05:58 - [TEST_CASE][PASSED] - Test Cases/mobileWeb/_include/get_screenshot: Test Cases/mobileWeb/_include/get_screenshot&#xD;
&#xD;
2019-09-05 11:05:58 - [TEST_STEP][PASSED] - takeScreenshot(screenPath + i + ".png"): Taking screenshot successfully&#xD;
&#xD;
2019-09-05 11:05:59 - [MESSAGE][PASSED] - Taking screenshot successfully&#xD;
[[ATTACHMENT|D:\\Test\\AgileTest\\AgileTest\\Reports\\mobileWeb\\hbi\\20190905_105643\\../Screenshots/iPhone X/hbi/Core Shield/20190905_110510/4.png]]&#xD;
&#xD;
2019-09-05 11:05:59 - [TEST_STEP][PASSED] - (internal.GlobalVariable.i++): null&#xD;
&#xD;
2019-09-05 11:05:59 - [MESSAGE][PASSED] - Call Test Case 'Test Cases/mobileWeb/_include/get_screenshot' successfully&#xD;
&#xD;
2019-09-05 11:05:59 - [TEST_STEP][PASSED] - click(findTestObject("mobileSanity/HBI/Page_Apply/span_Start Secure Application")): Object: 'Object Repository/mobileSanity/HBI/Page_Apply/span_Start Secure Application' is clicked on&#xD;
&#xD;
2019-09-05 11:06:03 - [MESSAGE][PASSED] - Object: 'Object Repository/mobileSanity/HBI/Page_Apply/span_Start Secure Application' is clicked on&#xD;
&#xD;
2019-09-05 11:06:03 - [TEST_STEP][PASSED] - waitForPageLoad(20): Wait for page load successfully&#xD;
&#xD;
2019-09-05 11:06:07 - [MESSAGE][PASSED] - Wait for page load successfully&#xD;
&#xD;
2019-09-05 11:06:07 - [TEST_STEP][PASSED] - Thread.sleep(5000): null&#xD;
&#xD;
2019-09-05 11:06:12 - [TEST_STEP][PASSED] - callTestCase(findTestCase("mobileWeb/_include/get_screenshot"), [:], STOP_ON_FAILURE): Call Test Case 'Test Cases/mobileWeb/_include/get_screenshot' successfully&#xD;
&#xD;
2019-09-05 11:06:12 - [TEST_CASE][PASSED] - Test Cases/mobileWeb/_include/get_screenshot: Test Cases/mobileWeb/_include/get_screenshot&#xD;
&#xD;
2019-09-05 11:06:12 - [TEST_STEP][PASSED] - takeScreenshot(screenPath + i + ".png"): Taking screenshot successfully&#xD;
&#xD;
2019-09-05 11:06:13 - [MESSAGE][PASSED] - Taking screenshot successfully&#xD;
[[ATTACHMENT|D:\\Test\\AgileTest\\AgileTest\\Reports\\mobileWeb\\hbi\\20190905_105643\\../Screenshots/iPhone X/hbi/Core Shield/20190905_110510/5.png]]&#xD;
&#xD;
2019-09-05 11:06:13 - [TEST_STEP][PASSED] - (internal.GlobalVariable.i++): null&#xD;
&#xD;
2019-09-05 11:06:13 - [MESSAGE][PASSED] - Call Test Case 'Test Cases/mobileWeb/_include/get_screenshot' successfully&#xD;
&#xD;
2019-09-05 11:06:13 - [TEST_STEP][PASSED] - callTestCase(findTestCase("mobileWeb/_include/goToEnd_hbi"), ["carrier":"coreshield"], CONTINUE_ON_FAILURE): Call Test Case 'Test Cases/mobileWeb/_include/goToEnd_hbi' successfully&#xD;
&#xD;
2019-09-05 11:06:13 - [TEST_CASE][PASSED] - Test Cases/mobileWeb/_include/goToEnd_hbi: Test Cases/mobileWeb/_include/goToEnd_hbi&#xD;
&#xD;
2019-09-05 11:06:13 - [TEST_STEP][PASSED] - if (state == "ca"): null&#xD;
&#xD;
2019-09-05 11:06:13 - [TEST_STEP][PASSED] - callTestCase(findTestCase("mobileWeb/_include/name"), [:], CONTINUE_ON_FAILURE): Call Test Case 'Test Cases/mobileWeb/_include/name' successfully&#xD;
&#xD;
2019-09-05 11:06:13 - [TEST_CASE][PASSED] - Test Cases/mobileWeb/_include/name: Test Cases/mobileWeb/_include/name&#xD;
&#xD;
2019-09-05 11:06:13 - [TEST_STEP][PASSED] - driver = getWebDriver(): null&#xD;
&#xD;
2019-09-05 11:06:13 - [TEST_STEP][PASSED] - selenium = new com.thoughtworks.selenium.webdriven.WebDriverBackedSelenium(driver, internal.GlobalVariable.ENV): null&#xD;
&#xD;
2019-09-05 11:06:13 - [TEST_STEP][PASSED] - FirstName = "Test-123": null&#xD;
&#xD;
2019-09-05 11:06:13 - [TEST_STEP][PASSED] - LastName = selenium.getEval("{var x="ABCDEFGHIJKLMNOPQRSTUVWXYZabcdefghijklmnopqrstuvwxyz"; var tmp="ZZ11-"; for (i=0;i&lt;8;i++) tmp+=x.charAt(Math.ceil(51*Math.random()));tmp;}"): null&#xD;
&#xD;
2019-09-05 11:06:13 - [TEST_STEP][PASSED] - Address = selenium.getEval("{var x="ABCDEFGHIJKLMNOPQRSTUVWXYZabcdefghijklmnopqrstuvwxyz"; var tmp=""; for (i=0;i&lt;8;i++) tmp+=x.charAt(Math.ceil(51*Math.random()));tmp;}"): null&#xD;
&#xD;
2019-09-05 11:06:13 - [TEST_STEP][PASSED] - City = selenium.getEval("{var x="ABCDEFGHIJKLMNOPQRSTUVWXYZabcdefghijklmnopqrstuvwxyz"; var tmp=""; for (i=0;i&lt;8;i++) tmp+=x.charAt(Math.ceil(51*Math.random()));tmp;}"): null&#xD;
&#xD;
2019-09-05 11:06:13 - [TEST_STEP][PASSED] - tel1 = selenium.getEval("{var x="123456789"; var tmp=""; for (i=0;i&lt;3;i++) tmp+=x.charAt(Math.ceil(8*Math.random()));tmp;}"): null&#xD;
&#xD;
2019-09-05 11:06:13 - [TEST_STEP][PASSED] - tel2 = selenium.getEval("{var x="123456789"; var tmp=""; for (i=0;i&lt;3;i++) tmp+=x.charAt(Math.ceil(8*Math.random()));tmp;}"): null&#xD;
&#xD;
2019-09-05 11:06:13 - [TEST_STEP][PASSED] - tel3 = selenium.getEval("{var x="123456789"; var tmp=""; for (i=0;i&lt;4;i++) tmp+=x.charAt(Math.ceil(8*Math.random()));tmp;}"): null&#xD;
&#xD;
2019-09-05 11:06:13 - [TEST_STEP][PASSED] - Tel = selenium.getExpression(tel1 + "-" + tel2 + "-" + tel3): null&#xD;
&#xD;
2019-09-05 11:06:13 - [TEST_STEP][PASSED] - AutoEmail = selenium.getEval("{var x="ABCDEFGHIJKLMNOPQRSTUVWXYZabcdefghijklmnopqrstuvwxyz"; var tmp="test."; for (i=0;i&lt;8;i++) tmp+=x.charAt(Math.ceil(51*Math.random()));tmp+="@suryani.cn";}"): null&#xD;
&#xD;
2019-09-05 11:06:13 - [TEST_STEP][PASSED] - FirstName = FirstName: null&#xD;
&#xD;
2019-09-05 11:06:13 - [TEST_STEP][PASSED] - LastName = LastName: null&#xD;
&#xD;
2019-09-05 11:06:13 - [TEST_STEP][PASSED] - Address = Address: null&#xD;
&#xD;
2019-09-05 11:06:13 - [TEST_STEP][PASSED] - City = City: null&#xD;
&#xD;
2019-09-05 11:06:13 - [TEST_STEP][PASSED] - Tel = Tel: null&#xD;
&#xD;
2019-09-05 11:06:13 - [TEST_STEP][PASSED] - AutoEmail = AutoEmail: null&#xD;
&#xD;
2019-09-05 11:06:13 - [TEST_STEP][PASSED] - println(FirstName): null&#xD;
&#xD;
2019-09-05 11:06:13 - [TEST_STEP][PASSED] - println(LastName): null&#xD;
&#xD;
2019-09-05 11:06:13 - [TEST_STEP][PASSED] - println(Address): null&#xD;
&#xD;
2019-09-05 11:06:13 - [TEST_STEP][PASSED] - println(City): null&#xD;
&#xD;
2019-09-05 11:06:13 - [TEST_STEP][PASSED] - println(Tel): null&#xD;
&#xD;
2019-09-05 11:06:13 - [TEST_STEP][PASSED] - println(AutoEmail): null&#xD;
&#xD;
2019-09-05 11:06:13 - [MESSAGE][PASSED] - Call Test Case 'Test Cases/mobileWeb/_include/name' successfully&#xD;
&#xD;
2019-09-05 11:06:13 - [TEST_STEP][PASSED] - setText(findTestObject("mobileSanity/HBI/Page_App Page 1/input__member-P-1-firstName"), FirstName): Text 'Test-123' is set on object 'Object Repository/mobileSanity/HBI/Page_App Page 1/input__member-P-1-firstName'&#xD;
&#xD;
2019-09-05 11:06:13 - [MESSAGE][PASSED] - Text 'Test-123' is set on object 'Object Repository/mobileSanity/HBI/Page_App Page 1/input__member-P-1-firstName'&#xD;
&#xD;
2019-09-05 11:06:13 - [TEST_STEP][PASSED] - setText(findTestObject("mobileSanity/HBI/Page_App Page 1/input__member-P-1-lastName"), LastName): Text 'ZZ11-hdinvnYN' is set on object 'Object Repository/mobileSanity/HBI/Page_App Page 1/input__member-P-1-lastName'&#xD;
&#xD;
2019-09-05 11:06:13 - [MESSAGE][PASSED] - Text 'ZZ11-hdinvnYN' is set on object 'Object Repository/mobileSanity/HBI/Page_App Page 1/input__member-P-1-lastName'&#xD;
&#xD;
2019-09-05 11:06:13 - [TEST_STEP][PASSED] - if (carrier == "agileone" || carrier == "agilesecure"): null&#xD;
&#xD;
2019-09-05 11:06:13 - [TEST_STEP][PASSED] - setText(findTestObject("mobileSanity/HBI/Page_App Page 1/input__address"), Address): Text 'kqwYHUWD' is set on object 'Object Repository/mobileSanity/HBI/Page_App Page 1/input__address'&#xD;
&#xD;
2019-09-05 11:06:13 - [MESSAGE][PASSED] - Text 'kqwYHUWD' is set on object 'Object Repository/mobileSanity/HBI/Page_App Page 1/input__address'&#xD;
&#xD;
2019-09-05 11:06:13 - [TEST_STEP][PASSED] - setText(findTestObject("mobileSanity/HBI/Page_App Page 1/input__city"), City): Text 'ErUhrpnL' is set on object 'Object Repository/mobileSanity/HBI/Page_App Page 1/input__city'&#xD;
&#xD;
2019-09-05 11:06:14 - [MESSAGE][PASSED] - Text 'ErUhrpnL' is set on object 'Object Repository/mobileSanity/HBI/Page_App Page 1/input__city'&#xD;
&#xD;
2019-09-05 11:06:14 - [TEST_STEP][PASSED] - setText(findTestObject("mobileSanity/HBI/Page_App Page 1/input__email"), AutoEmail): Text 'test.tcYeeLOE@suryani.cn' is set on object 'Object Repository/mobileSanity/HBI/Page_App Page 1/input__email'&#xD;
&#xD;
2019-09-05 11:06:14 - [MESSAGE][PASSED] - Text 'test.tcYeeLOE@suryani.cn' is set on object 'Object Repository/mobileSanity/HBI/Page_App Page 1/input__email'&#xD;
&#xD;
2019-09-05 11:06:14 - [TEST_STEP][PASSED] - setText(findTestObject("mobileSanity/HBI/Page_App Page 1/input_tel"), Tel): Text '654-598-7653' is set on object 'Object Repository/mobileSanity/HBI/Page_App Page 1/input_tel'&#xD;
&#xD;
2019-09-05 11:06:14 - [MESSAGE][PASSED] - Text '654-598-7653' is set on object 'Object Repository/mobileSanity/HBI/Page_App Page 1/input_tel'&#xD;
&#xD;
2019-09-05 11:06:14 - [TEST_STEP][PASSED] - click(findTestObject("mobileSanity/HBI/Page_App Page 1/a_Continue to Step 2 - Payment")): Object: 'Object Repository/mobileSanity/HBI/Page_App Page 1/a_Continue to Step 2 - Payment' is clicked on&#xD;
&#xD;
2019-09-05 11:06:14 - [MESSAGE][PASSED] - Object: 'Object Repository/mobileSanity/HBI/Page_App Page 1/a_Continue to Step 2 - Payment' is clicked on&#xD;
&#xD;
2019-09-05 11:06:14 - [TEST_STEP][PASSED] - waitForPageLoad(20): Wait for page load successfully&#xD;
&#xD;
2019-09-05 11:06:14 - [MESSAGE][PASSED] - Wait for page load successfully&#xD;
&#xD;
2019-09-05 11:06:14 - [TEST_STEP][PASSED] - Thread.sleep(2000): null&#xD;
&#xD;
2019-09-05 11:06:16 - [TEST_STEP][PASSED] - waitForElementVisible(findTestObject("mobileSanity/HBI/Page_App Page 2/input__credit-card-first"), 20): Object 'Object Repository/mobileSanity/HBI/Page_App Page 2/input__credit-card-first' is visible&#xD;
&#xD;
2019-09-05 11:06:17 - [MESSAGE][PASSED] - Object 'Object Repository/mobileSanity/HBI/Page_App Page 2/input__credit-card-first' is visible&#xD;
&#xD;
2019-09-05 11:06:17 - [TEST_STEP][PASSED] - callTestCase(findTestCase("mobileWeb/_include/get_screenshot"), [:], STOP_ON_FAILURE): Call Test Case 'Test Cases/mobileWeb/_include/get_screenshot' successfully&#xD;
&#xD;
2019-09-05 11:06:17 - [TEST_CASE][PASSED] - Test Cases/mobileWeb/_include/get_screenshot: Test Cases/mobileWeb/_include/get_screenshot&#xD;
&#xD;
2019-09-05 11:06:17 - [TEST_STEP][PASSED] - takeScreenshot(screenPath + i + ".png"): Taking screenshot successfully&#xD;
&#xD;
2019-09-05 11:06:17 - [MESSAGE][PASSED] - Taking screenshot successfully&#xD;
[[ATTACHMENT|D:\\Test\\AgileTest\\AgileTest\\Reports\\mobileWeb\\hbi\\20190905_105643\\../Screenshots/iPhone X/hbi/Core Shield/20190905_110510/6.png]]&#xD;
&#xD;
2019-09-05 11:06:17 - [TEST_STEP][PASSED] - (internal.GlobalVariable.i++): null&#xD;
&#xD;
2019-09-05 11:06:17 - [MESSAGE][PASSED] - Call Test Case 'Test Cases/mobileWeb/_include/get_screenshot' successfully&#xD;
&#xD;
2019-09-05 11:06:17 - [TEST_STEP][PASSED] - setText(findTestObject("mobileSanity/HBI/Page_App Page 2/input__credit-card-first"), FirstName): Text 'Test-123' is set on object 'Object Repository/mobileSanity/HBI/Page_App Page 2/input__credit-card-first'&#xD;
&#xD;
2019-09-05 11:06:18 - [MESSAGE][PASSED] - Text 'Test-123' is set on object 'Object Repository/mobileSanity/HBI/Page_App Page 2/input__credit-card-first'&#xD;
&#xD;
2019-09-05 11:06:18 - [TEST_STEP][PASSED] - setText(findTestObject("mobileSanity/HBI/Page_App Page 2/input__credit-card-last"), LastName): Text 'ZZ11-hdinvnYN' is set on object 'Object Repository/mobileSanity/HBI/Page_App Page 2/input__credit-card-last'&#xD;
&#xD;
2019-09-05 11:06:19 - [MESSAGE][PASSED] - Text 'ZZ11-hdinvnYN' is set on object 'Object Repository/mobileSanity/HBI/Page_App Page 2/input__credit-card-last'&#xD;
&#xD;
2019-09-05 11:06:19 - [TEST_STEP][PASSED] - selectOptionByValue(findTestObject("mobileSanity/HBI/Page_App Page 2/select_MM010203040506070809101"), "12", true): All options with value '12' are selected in object 'Object Repository/mobileSanity/HBI/Page_App Page 2/select_MM010203040506070809101'  using regular expression&#xD;
&#xD;
2019-09-05 11:06:19 - [MESSAGE][PASSED] - All options with value '12' are selected in object 'Object Repository/mobileSanity/HBI/Page_App Page 2/select_MM010203040506070809101'  using regular expression&#xD;
&#xD;
2019-09-05 11:06:19 - [TEST_STEP][PASSED] - selectOptionByValue(findTestObject("mobileSanity/HBI/Page_App Page 2/select_YYYY2019202020212022202"), "2026", true): All options with value '2026' are selected in object 'Object Repository/mobileSanity/HBI/Page_App Page 2/select_YYYY2019202020212022202'  using regular expression&#xD;
&#xD;
2019-09-05 11:06:19 - [MESSAGE][PASSED] - All options with value '2026' are selected in object 'Object Repository/mobileSanity/HBI/Page_App Page 2/select_YYYY2019202020212022202'  using regular expression&#xD;
&#xD;
2019-09-05 11:06:19 - [TEST_STEP][PASSED] - setText(findTestObject("mobileSanity/HBI/Page_App Page 2/input__credit-card-number"), "4111111111111111"): Text '4111111111111111' is set on object 'Object Repository/mobileSanity/HBI/Page_App Page 2/input__credit-card-number'&#xD;
&#xD;
2019-09-05 11:06:20 - [MESSAGE][PASSED] - Text '4111111111111111' is set on object 'Object Repository/mobileSanity/HBI/Page_App Page 2/input__credit-card-number'&#xD;
&#xD;
2019-09-05 11:06:20 - [TEST_STEP][PASSED] - setText(findTestObject("mobileSanity/HBI/Page_App Page 2/input__cvv"), "123"): Text '123' is set on object 'Object Repository/mobileSanity/HBI/Page_App Page 2/input__cvv'&#xD;
&#xD;
2019-09-05 11:06:20 - [MESSAGE][PASSED] - Text '123' is set on object 'Object Repository/mobileSanity/HBI/Page_App Page 2/input__cvv'&#xD;
&#xD;
2019-09-05 11:06:20 - [TEST_STEP][PASSED] - click(findTestObject("mobileSanity/HBI/Page_App Page 2/label_My billing address is th")): Object: 'Object Repository/mobileSanity/HBI/Page_App Page 2/label_My billing address is th' is clicked on&#xD;
&#xD;
2019-09-05 11:06:20 - [MESSAGE][PASSED] - Object: 'Object Repository/mobileSanity/HBI/Page_App Page 2/label_My billing address is th' is clicked on&#xD;
&#xD;
2019-09-05 11:06:20 - [TEST_STEP][PASSED] - click(findTestObject("mobileSanity/HBI/Page_App Page 2/label_I Accept Authorization f")): Object: 'Object Repository/mobileSanity/HBI/Page_App Page 2/label_I Accept Authorization f' is clicked on&#xD;
&#xD;
2019-09-05 11:06:20 - [MESSAGE][PASSED] - Object: 'Object Repository/mobileSanity/HBI/Page_App Page 2/label_I Accept Authorization f' is clicked on&#xD;
&#xD;
2019-09-05 11:06:20 - [TEST_STEP][PASSED] - click(findTestObject("mobileSanity/HBI/Page_App Page 2/a_Continue to Step 3 - Review")): Object: 'Object Repository/mobileSanity/HBI/Page_App Page 2/a_Continue to Step 3 - Review' is clicked on&#xD;
&#xD;
2019-09-05 11:06:20 - [MESSAGE][PASSED] - Object: 'Object Repository/mobileSanity/HBI/Page_App Page 2/a_Continue to Step 3 - Review' is clicked on&#xD;
&#xD;
2019-09-05 11:06:20 - [TEST_STEP][PASSED] - waitForPageLoad(20): Wait for page load successfully&#xD;
&#xD;
2019-09-05 11:06:20 - [MESSAGE][PASSED] - Wait for page load successfully&#xD;
&#xD;
2019-09-05 11:06:20 - [TEST_STEP][PASSED] - Thread.sleep(10000): null&#xD;
&#xD;
2019-09-05 11:06:30 - [TEST_STEP][PASSED] - waitForElementPresent(findTestObject("mobileSanity/HBI/Page_App Page 3/label"), 20): Object 'Object Repository/mobileSanity/HBI/Page_App Page 3/label' is present&#xD;
&#xD;
2019-09-05 11:06:33 - [MESSAGE][PASSED] - Object 'Object Repository/mobileSanity/HBI/Page_App Page 3/label' is present&#xD;
&#xD;
2019-09-05 11:06:33 - [TEST_STEP][PASSED] - callTestCase(findTestCase("mobileWeb/_include/get_screenshot"), [:], STOP_ON_FAILURE): Call Test Case 'Test Cases/mobileWeb/_include/get_screenshot' successfully&#xD;
&#xD;
2019-09-05 11:06:33 - [TEST_CASE][PASSED] - Test Cases/mobileWeb/_include/get_screenshot: Test Cases/mobileWeb/_include/get_screenshot&#xD;
&#xD;
2019-09-05 11:06:33 - [TEST_STEP][PASSED] - takeScreenshot(screenPath + i + ".png"): Taking screenshot successfully&#xD;
&#xD;
2019-09-05 11:06:34 - [MESSAGE][PASSED] - Taking screenshot successfully&#xD;
[[ATTACHMENT|D:\\Test\\AgileTest\\AgileTest\\Reports\\mobileWeb\\hbi\\20190905_105643\\../Screenshots/iPhone X/hbi/Core Shield/20190905_110510/7.png]]&#xD;
&#xD;
2019-09-05 11:06:34 - [TEST_STEP][PASSED] - (internal.GlobalVariable.i++): null&#xD;
&#xD;
2019-09-05 11:06:34 - [MESSAGE][PASSED] - Call Test Case 'Test Cases/mobileWeb/_include/get_screenshot' successfully&#xD;
&#xD;
2019-09-05 11:06:34 - [TEST_STEP][PASSED] - click(findTestObject("mobileSanity/HBI/Page_App Page 3/label")): Object: 'Object Repository/mobileSanity/HBI/Page_App Page 3/label' is clicked on&#xD;
&#xD;
2019-09-05 11:06:34 - [MESSAGE][PASSED] - Object: 'Object Repository/mobileSanity/HBI/Page_App Page 3/label' is clicked on&#xD;
&#xD;
2019-09-05 11:06:34 - [TEST_STEP][PASSED] - click(findTestObject("mobileSanity/HBI/Page_App Page 3/p_CLICK TO SIGN")): Object: 'Object Repository/mobileSanity/HBI/Page_App Page 3/p_CLICK TO SIGN' is clicked on&#xD;
&#xD;
2019-09-05 11:06:34 - [MESSAGE][PASSED] - Object: 'Object Repository/mobileSanity/HBI/Page_App Page 3/p_CLICK TO SIGN' is clicked on&#xD;
&#xD;
2019-09-05 11:06:34 - [TEST_STEP][PASSED] - click(findTestObject("mobileSanity/HBI/Page_App Page 3/a_Submit Your Application")): Object: 'Object Repository/mobileSanity/HBI/Page_App Page 3/a_Submit Your Application' is clicked on&#xD;
&#xD;
2019-09-05 11:06:34 - [MESSAGE][PASSED] - Object: 'Object Repository/mobileSanity/HBI/Page_App Page 3/a_Submit Your Application' is clicked on&#xD;
&#xD;
2019-09-05 11:06:34 - [TEST_STEP][PASSED] - Thread.sleep(30000): null&#xD;
&#xD;
2019-09-05 11:07:04 - [TEST_STEP][PASSED] - callTestCase(findTestCase("mobileWeb/_include/get_screenshot"), [:], STOP_ON_FAILURE): Call Test Case 'Test Cases/mobileWeb/_include/get_screenshot' successfully&#xD;
&#xD;
2019-09-05 11:07:05 - [TEST_CASE][PASSED] - Test Cases/mobileWeb/_include/get_screenshot: Test Cases/mobileWeb/_include/get_screenshot&#xD;
&#xD;
2019-09-05 11:07:05 - [TEST_STEP][PASSED] - takeScreenshot(screenPath + i + ".png"): Taking screenshot successfully&#xD;
&#xD;
2019-09-05 11:07:05 - [MESSAGE][PASSED] - Taking screenshot successfully&#xD;
[[ATTACHMENT|D:\\Test\\AgileTest\\AgileTest\\Reports\\mobileWeb\\hbi\\20190905_105643\\../Screenshots/iPhone X/hbi/Core Shield/20190905_110510/8.png]]&#xD;
&#xD;
2019-09-05 11:07:05 - [TEST_STEP][PASSED] - (internal.GlobalVariable.i++): null&#xD;
&#xD;
2019-09-05 11:07:05 - [MESSAGE][PASSED] - Call Test Case 'Test Cases/mobileWeb/_include/get_screenshot' successfully&#xD;
&#xD;
2019-09-05 11:07:05 - [TEST_STEP][PASSED] - verifyTextPresent("Congratulations", false): Text 'Congratulations' is present on page &#xD;
&#xD;
2019-09-05 11:07:05 - [MESSAGE][PASSED] - Text 'Congratulations' is present on page &#xD;
&#xD;
2019-09-05 11:07:05 - [MESSAGE][PASSED] - Call Test Case 'Test Cases/mobileWeb/_include/goToEnd_hbi' successfully</system-out>
            <system-err></system-err>
        </testcase>
        <testcase name="Test Cases/mobileWeb/HBI/Agile Secure" classname="Test Cases/mobileWeb/HBI/Agile Secure" status="PASSED">
            <system-out>2019-09-05 11:07:05 - [TEST_CASE][PASSED] - Test Cases/mobileWeb/HBI/Agile Secure: Test Cases/mobileWeb/HBI/Agile Secure&#xD;
&#xD;
2019-09-05 11:07:06 - [TEST_STEP][PASSED] - callTestCase(findTestCase("mobileWeb/_include/get_screenPath"), ["productLine":"hbi", "carrierName":"Agile Secure"], CONTINUE_ON_FAILURE): Call Test Case 'Test Cases/mobileWeb/_include/get_screenPath' successfully&#xD;
&#xD;
2019-09-05 11:07:06 - [TEST_CASE][PASSED] - Test Cases/mobileWeb/_include/get_screenPath: Test Cases/mobileWeb/_include/get_screenPath&#xD;
&#xD;
2019-09-05 11:07:06 - [TEST_STEP][PASSED] - m = getExecutionProperties(): null&#xD;
&#xD;
2019-09-05 11:07:06 - [TEST_STEP][PASSED] - deviceName = get("mobileEmulation").get("deviceName"): null&#xD;
&#xD;
2019-09-05 11:07:06 - [TEST_STEP][PASSED] - println(deviceName): null&#xD;
&#xD;
2019-09-05 11:07:06 - [TEST_STEP][PASSED] - now = new java.util.Date(): null&#xD;
&#xD;
2019-09-05 11:07:06 - [TEST_STEP][PASSED] - mydate = now.format("yyyyMMdd_HHmmss"): null&#xD;
&#xD;
2019-09-05 11:07:06 - [TEST_STEP][PASSED] - screenPath = "../Screenshots/": null&#xD;
&#xD;
2019-09-05 11:07:06 - [TEST_STEP][PASSED] - screenPath = screenPath + deviceName + "/" + productLine + "/" + carrierName + "/" + mydate + "/": null&#xD;
&#xD;
2019-09-05 11:07:06 - [TEST_STEP][PASSED] - println(screenPath): null&#xD;
&#xD;
2019-09-05 11:07:06 - [MESSAGE][PASSED] - Call Test Case 'Test Cases/mobileWeb/_include/get_screenPath' successfully&#xD;
&#xD;
2019-09-05 11:07:06 - [TEST_STEP][PASSED] - i = 0: null&#xD;
&#xD;
2019-09-05 11:07:06 - [TEST_STEP][PASSED] - callTestCase(findTestCase("mobileWeb/_include/openWebSite"), [:], CONTINUE_ON_FAILURE): Call Test Case 'Test Cases/mobileWeb/_include/openWebSite' successfully&#xD;
&#xD;
2019-09-05 11:07:06 - [TEST_CASE][PASSED] - Test Cases/mobileWeb/_include/openWebSite: Test Cases/mobileWeb/_include/openWebSite&#xD;
&#xD;
2019-09-05 11:07:06 - [TEST_STEP][PASSED] - openBrowser(env): Browser is opened with url: 'https://praetemptatus.agilehealthinsurance.com'&#xD;
&#xD;
2019-09-05 11:07:06 - [MESSAGE][WARNING] - A browser is already opened. Closing browser and opening a new one&#xD;
&#xD;
2019-09-05 11:07:07 - [MESSAGE][INFO] - Starting 'Chrome' driver&#xD;
&#xD;
2019-09-05 11:07:07 - [MESSAGE][INFO] - User set preference: ['mobileEmulation', '{deviceName=iPhone X}']&#xD;
&#xD;
2019-09-05 11:07:07 - [MESSAGE][INFO] - User set preference: ['args', '[--incognito, --aggressive-cache-discard, --no-sandbox, --window-size=375,812]']&#xD;
&#xD;
2019-09-05 11:07:12 - [MESSAGE][PASSED] - Browser is opened with url: 'https://praetemptatus.agilehealthinsurance.com'&#xD;
&#xD;
2019-09-05 11:07:12 - [TEST_STEP][PASSED] - waitForPageLoad(20): Wait for page load successfully&#xD;
&#xD;
2019-09-05 11:07:12 - [MESSAGE][PASSED] - Wait for page load successfully&#xD;
&#xD;
2019-09-05 11:07:12 - [TEST_STEP][PASSED] - callTestCase(findTestCase("mobileWeb/_include/get_screenshot"), [:], STOP_ON_FAILURE): Call Test Case 'Test Cases/mobileWeb/_include/get_screenshot' successfully&#xD;
&#xD;
2019-09-05 11:07:12 - [TEST_CASE][PASSED] - Test Cases/mobileWeb/_include/get_screenshot: Test Cases/mobileWeb/_include/get_screenshot&#xD;
&#xD;
2019-09-05 11:07:12 - [TEST_STEP][PASSED] - takeScreenshot(screenPath + i + ".png"): Taking screenshot successfully&#xD;
&#xD;
2019-09-05 11:07:14 - [MESSAGE][PASSED] - Taking screenshot successfully&#xD;
[[ATTACHMENT|D:\\Test\\AgileTest\\AgileTest\\Reports\\mobileWeb\\hbi\\20190905_105643\\../Screenshots/iPhone X/hbi/Agile Secure/20190905_110706/0.png]]&#xD;
&#xD;
2019-09-05 11:07:14 - [TEST_STEP][PASSED] - (internal.GlobalVariable.i++): null&#xD;
&#xD;
2019-09-05 11:07:14 - [MESSAGE][PASSED] - Call Test Case 'Test Cases/mobileWeb/_include/get_screenshot' successfully&#xD;
&#xD;
2019-09-05 11:07:14 - [MESSAGE][PASSED] - Call Test Case 'Test Cases/mobileWeb/_include/openWebSite' successfully&#xD;
&#xD;
2019-09-05 11:07:14 - [TEST_STEP][PASSED] - callTestCase(findTestCase("mobileWeb/_include/census_hbi"), ["zipcode":"08701"], CONTINUE_ON_FAILURE): Call Test Case 'Test Cases/mobileWeb/_include/census_hbi' successfully&#xD;
&#xD;
2019-09-05 11:07:14 - [TEST_CASE][PASSED] - Test Cases/mobileWeb/_include/census_hbi: Test Cases/mobileWeb/_include/census_hbi&#xD;
&#xD;
2019-09-05 11:07:14 - [TEST_STEP][PASSED] - click(findTestObject("mobileSanity/Common/side_nav/menu")): Object: 'Object Repository/mobileSanity/Common/side_nav/menu' is clicked on&#xD;
&#xD;
2019-09-05 11:07:14 - [MESSAGE][PASSED] - Object: 'Object Repository/mobileSanity/Common/side_nav/menu' is clicked on&#xD;
&#xD;
2019-09-05 11:07:14 - [TEST_STEP][PASSED] - Thread.sleep(3000): null&#xD;
&#xD;
2019-09-05 11:07:17 - [TEST_STEP][PASSED] - click(findTestObject("mobileSanity/Common/side_nav/nav_hbi")): Object: 'Object Repository/mobileSanity/Common/side_nav/nav_hbi' is clicked on&#xD;
&#xD;
2019-09-05 11:07:20 - [MESSAGE][PASSED] - Object: 'Object Repository/mobileSanity/Common/side_nav/nav_hbi' is clicked on&#xD;
&#xD;
2019-09-05 11:07:20 - [TEST_STEP][PASSED] - waitForPageLoad(10): Wait for page load successfully&#xD;
&#xD;
2019-09-05 11:07:20 - [MESSAGE][PASSED] - Wait for page load successfully&#xD;
&#xD;
2019-09-05 11:07:20 - [TEST_STEP][PASSED] - callTestCase(findTestCase("mobileWeb/_include/get_screenshot"), [:], STOP_ON_FAILURE): Call Test Case 'Test Cases/mobileWeb/_include/get_screenshot' successfully&#xD;
&#xD;
2019-09-05 11:07:20 - [TEST_CASE][PASSED] - Test Cases/mobileWeb/_include/get_screenshot: Test Cases/mobileWeb/_include/get_screenshot&#xD;
&#xD;
2019-09-05 11:07:20 - [TEST_STEP][PASSED] - takeScreenshot(screenPath + i + ".png"): Taking screenshot successfully&#xD;
&#xD;
2019-09-05 11:07:21 - [MESSAGE][PASSED] - Taking screenshot successfully&#xD;
[[ATTACHMENT|D:\\Test\\AgileTest\\AgileTest\\Reports\\mobileWeb\\hbi\\20190905_105643\\../Screenshots/iPhone X/hbi/Agile Secure/20190905_110706/1.png]]&#xD;
&#xD;
2019-09-05 11:07:21 - [TEST_STEP][PASSED] - (internal.GlobalVariable.i++): null&#xD;
&#xD;
2019-09-05 11:07:21 - [MESSAGE][PASSED] - Call Test Case 'Test Cases/mobileWeb/_include/get_screenshot' successfully&#xD;
&#xD;
2019-09-05 11:07:21 - [TEST_STEP][PASSED] - setText(findTestObject("mobileSanity/HBI/census/input_Location_zip-input"), zipcode): Text '08701' is set on object 'Object Repository/mobileSanity/HBI/census/input_Location_zip-input'&#xD;
&#xD;
2019-09-05 11:07:21 - [MESSAGE][PASSED] - Text '08701' is set on object 'Object Repository/mobileSanity/HBI/census/input_Location_zip-input'&#xD;
&#xD;
2019-09-05 11:07:21 - [TEST_STEP][PASSED] - Thread.sleep(500): null&#xD;
&#xD;
2019-09-05 11:07:21 - [TEST_STEP][PASSED] - setText(findTestObject("mobileSanity/HBI/census/input_Date of Birth_dob-0"), "12121980"): Text '12121980' is set on object 'Object Repository/mobileSanity/HBI/census/input_Date of Birth_dob-0'&#xD;
&#xD;
2019-09-05 11:07:22 - [MESSAGE][PASSED] - Text '12121980' is set on object 'Object Repository/mobileSanity/HBI/census/input_Date of Birth_dob-0'&#xD;
&#xD;
2019-09-05 11:07:22 - [TEST_STEP][PASSED] - click(findTestObject("mobileSanity/HBI/census/label_Male")): Object: 'Object Repository/mobileSanity/HBI/census/label_Male' is clicked on&#xD;
&#xD;
2019-09-05 11:07:22 - [MESSAGE][PASSED] - Object: 'Object Repository/mobileSanity/HBI/census/label_Male' is clicked on&#xD;
&#xD;
2019-09-05 11:07:22 - [TEST_STEP][PASSED] - click(findTestObject("mobileSanity/HBI/census/label_Get a Quote")): Object: 'Object Repository/mobileSanity/HBI/census/label_Get a Quote' is clicked on&#xD;
&#xD;
2019-09-05 11:07:22 - [MESSAGE][PASSED] - Object: 'Object Repository/mobileSanity/HBI/census/label_Get a Quote' is clicked on&#xD;
&#xD;
2019-09-05 11:07:22 - [TEST_STEP][PASSED] - waitForPageLoad(20): Wait for page load successfully&#xD;
&#xD;
2019-09-05 11:07:22 - [MESSAGE][PASSED] - Wait for page load successfully&#xD;
&#xD;
2019-09-05 11:07:22 - [TEST_STEP][PASSED] - callTestCase(findTestCase("mobileWeb/_include/get_screenshot"), [:], STOP_ON_FAILURE): Call Test Case 'Test Cases/mobileWeb/_include/get_screenshot' successfully&#xD;
&#xD;
2019-09-05 11:07:22 - [TEST_CASE][PASSED] - Test Cases/mobileWeb/_include/get_screenshot: Test Cases/mobileWeb/_include/get_screenshot&#xD;
&#xD;
2019-09-05 11:07:22 - [TEST_STEP][PASSED] - takeScreenshot(screenPath + i + ".png"): Taking screenshot successfully&#xD;
&#xD;
2019-09-05 11:07:45 - [MESSAGE][PASSED] - Taking screenshot successfully&#xD;
[[ATTACHMENT|D:\\Test\\AgileTest\\AgileTest\\Reports\\mobileWeb\\hbi\\20190905_105643\\../Screenshots/iPhone X/hbi/Agile Secure/20190905_110706/2.png]]&#xD;
&#xD;
2019-09-05 11:07:45 - [TEST_STEP][PASSED] - (internal.GlobalVariable.i++): null&#xD;
&#xD;
2019-09-05 11:07:45 - [MESSAGE][PASSED] - Call Test Case 'Test Cases/mobileWeb/_include/get_screenshot' successfully&#xD;
&#xD;
2019-09-05 11:07:45 - [MESSAGE][PASSED] - Call Test Case 'Test Cases/mobileWeb/_include/census_hbi' successfully&#xD;
&#xD;
2019-09-05 11:07:45 - [TEST_STEP][PASSED] - click(findTestObject("mobileSanity/HBI/detail/a_Apply for This Plan")): Object: 'Object Repository/mobileSanity/HBI/detail/a_Apply for This Plan' is clicked on&#xD;
&#xD;
2019-09-05 11:07:51 - [MESSAGE][PASSED] - Object: 'Object Repository/mobileSanity/HBI/detail/a_Apply for This Plan' is clicked on&#xD;
&#xD;
2019-09-05 11:07:51 - [TEST_STEP][PASSED] - waitForPageLoad(20): Wait for page load successfully&#xD;
&#xD;
2019-09-05 11:07:52 - [MESSAGE][PASSED] - Wait for page load successfully&#xD;
&#xD;
2019-09-05 11:07:52 - [TEST_STEP][PASSED] - callTestCase(findTestCase("mobileWeb/_include/get_screenshot"), [:], STOP_ON_FAILURE): Call Test Case 'Test Cases/mobileWeb/_include/get_screenshot' successfully&#xD;
&#xD;
2019-09-05 11:07:52 - [TEST_CASE][PASSED] - Test Cases/mobileWeb/_include/get_screenshot: Test Cases/mobileWeb/_include/get_screenshot&#xD;
&#xD;
2019-09-05 11:07:52 - [TEST_STEP][PASSED] - takeScreenshot(screenPath + i + ".png"): Taking screenshot successfully&#xD;
&#xD;
2019-09-05 11:07:53 - [MESSAGE][PASSED] - Taking screenshot successfully&#xD;
[[ATTACHMENT|D:\\Test\\AgileTest\\AgileTest\\Reports\\mobileWeb\\hbi\\20190905_105643\\../Screenshots/iPhone X/hbi/Agile Secure/20190905_110706/3.png]]&#xD;
&#xD;
2019-09-05 11:07:53 - [TEST_STEP][PASSED] - (internal.GlobalVariable.i++): null&#xD;
&#xD;
2019-09-05 11:07:53 - [MESSAGE][PASSED] - Call Test Case 'Test Cases/mobileWeb/_include/get_screenshot' successfully&#xD;
&#xD;
2019-09-05 11:07:53 - [TEST_STEP][PASSED] - click(findTestObject("mobileSanity/HBI/Page_Apply/span_Start Secure Application")): Object: 'Object Repository/mobileSanity/HBI/Page_Apply/span_Start Secure Application' is clicked on&#xD;
&#xD;
2019-09-05 11:07:56 - [MESSAGE][PASSED] - Object: 'Object Repository/mobileSanity/HBI/Page_Apply/span_Start Secure Application' is clicked on&#xD;
&#xD;
2019-09-05 11:07:56 - [TEST_STEP][PASSED] - waitForPageLoad(20): Wait for page load successfully&#xD;
&#xD;
2019-09-05 11:07:56 - [MESSAGE][PASSED] - Wait for page load successfully&#xD;
&#xD;
2019-09-05 11:07:56 - [TEST_STEP][PASSED] - Thread.sleep(5000): null&#xD;
&#xD;
2019-09-05 11:08:01 - [TEST_STEP][PASSED] - callTestCase(findTestCase("mobileWeb/_include/get_screenshot"), [:], STOP_ON_FAILURE): Call Test Case 'Test Cases/mobileWeb/_include/get_screenshot' successfully&#xD;
&#xD;
2019-09-05 11:08:01 - [TEST_CASE][PASSED] - Test Cases/mobileWeb/_include/get_screenshot: Test Cases/mobileWeb/_include/get_screenshot&#xD;
&#xD;
2019-09-05 11:08:01 - [TEST_STEP][PASSED] - takeScreenshot(screenPath + i + ".png"): Taking screenshot successfully&#xD;
&#xD;
2019-09-05 11:08:02 - [MESSAGE][PASSED] - Taking screenshot successfully&#xD;
[[ATTACHMENT|D:\\Test\\AgileTest\\AgileTest\\Reports\\mobileWeb\\hbi\\20190905_105643\\../Screenshots/iPhone X/hbi/Agile Secure/20190905_110706/4.png]]&#xD;
&#xD;
2019-09-05 11:08:02 - [TEST_STEP][PASSED] - (internal.GlobalVariable.i++): null&#xD;
&#xD;
2019-09-05 11:08:02 - [MESSAGE][PASSED] - Call Test Case 'Test Cases/mobileWeb/_include/get_screenshot' successfully&#xD;
&#xD;
2019-09-05 11:08:02 - [TEST_STEP][PASSED] - callTestCase(findTestCase("mobileWeb/_include/goToEnd_hbi"), ["carrier":"agilesecure"], CONTINUE_ON_FAILURE): Call Test Case 'Test Cases/mobileWeb/_include/goToEnd_hbi' successfully&#xD;
&#xD;
2019-09-05 11:08:02 - [TEST_CASE][PASSED] - Test Cases/mobileWeb/_include/goToEnd_hbi: Test Cases/mobileWeb/_include/goToEnd_hbi&#xD;
&#xD;
2019-09-05 11:08:02 - [TEST_STEP][PASSED] - if (state == "ca"): null&#xD;
&#xD;
2019-09-05 11:08:02 - [TEST_STEP][PASSED] - callTestCase(findTestCase("mobileWeb/_include/name"), [:], CONTINUE_ON_FAILURE): Call Test Case 'Test Cases/mobileWeb/_include/name' successfully&#xD;
&#xD;
2019-09-05 11:08:02 - [TEST_CASE][PASSED] - Test Cases/mobileWeb/_include/name: Test Cases/mobileWeb/_include/name&#xD;
&#xD;
2019-09-05 11:08:02 - [TEST_STEP][PASSED] - driver = getWebDriver(): null&#xD;
&#xD;
2019-09-05 11:08:02 - [TEST_STEP][PASSED] - selenium = new com.thoughtworks.selenium.webdriven.WebDriverBackedSelenium(driver, internal.GlobalVariable.ENV): null&#xD;
&#xD;
2019-09-05 11:08:02 - [TEST_STEP][PASSED] - FirstName = "Test-123": null&#xD;
&#xD;
2019-09-05 11:08:02 - [TEST_STEP][PASSED] - LastName = selenium.getEval("{var x="ABCDEFGHIJKLMNOPQRSTUVWXYZabcdefghijklmnopqrstuvwxyz"; var tmp="ZZ11-"; for (i=0;i&lt;8;i++) tmp+=x.charAt(Math.ceil(51*Math.random()));tmp;}"): null&#xD;
&#xD;
2019-09-05 11:08:02 - [TEST_STEP][PASSED] - Address = selenium.getEval("{var x="ABCDEFGHIJKLMNOPQRSTUVWXYZabcdefghijklmnopqrstuvwxyz"; var tmp=""; for (i=0;i&lt;8;i++) tmp+=x.charAt(Math.ceil(51*Math.random()));tmp;}"): null&#xD;
&#xD;
2019-09-05 11:08:02 - [TEST_STEP][PASSED] - City = selenium.getEval("{var x="ABCDEFGHIJKLMNOPQRSTUVWXYZabcdefghijklmnopqrstuvwxyz"; var tmp=""; for (i=0;i&lt;8;i++) tmp+=x.charAt(Math.ceil(51*Math.random()));tmp;}"): null&#xD;
&#xD;
2019-09-05 11:08:02 - [TEST_STEP][PASSED] - tel1 = selenium.getEval("{var x="123456789"; var tmp=""; for (i=0;i&lt;3;i++) tmp+=x.charAt(Math.ceil(8*Math.random()));tmp;}"): null&#xD;
&#xD;
2019-09-05 11:08:02 - [TEST_STEP][PASSED] - tel2 = selenium.getEval("{var x="123456789"; var tmp=""; for (i=0;i&lt;3;i++) tmp+=x.charAt(Math.ceil(8*Math.random()));tmp;}"): null&#xD;
&#xD;
2019-09-05 11:08:02 - [TEST_STEP][PASSED] - tel3 = selenium.getEval("{var x="123456789"; var tmp=""; for (i=0;i&lt;4;i++) tmp+=x.charAt(Math.ceil(8*Math.random()));tmp;}"): null&#xD;
&#xD;
2019-09-05 11:08:02 - [TEST_STEP][PASSED] - Tel = selenium.getExpression(tel1 + "-" + tel2 + "-" + tel3): null&#xD;
&#xD;
2019-09-05 11:08:02 - [TEST_STEP][PASSED] - AutoEmail = selenium.getEval("{var x="ABCDEFGHIJKLMNOPQRSTUVWXYZabcdefghijklmnopqrstuvwxyz"; var tmp="test."; for (i=0;i&lt;8;i++) tmp+=x.charAt(Math.ceil(51*Math.random()));tmp+="@suryani.cn";}"): null&#xD;
&#xD;
2019-09-05 11:08:02 - [TEST_STEP][PASSED] - FirstName = FirstName: null&#xD;
&#xD;
2019-09-05 11:08:02 - [TEST_STEP][PASSED] - LastName = LastName: null&#xD;
&#xD;
2019-09-05 11:08:02 - [TEST_STEP][PASSED] - Address = Address: null&#xD;
&#xD;
2019-09-05 11:08:02 - [TEST_STEP][PASSED] - City = City: null&#xD;
&#xD;
2019-09-05 11:08:02 - [TEST_STEP][PASSED] - Tel = Tel: null&#xD;
&#xD;
2019-09-05 11:08:02 - [TEST_STEP][PASSED] - AutoEmail = AutoEmail: null&#xD;
&#xD;
2019-09-05 11:08:02 - [TEST_STEP][PASSED] - println(FirstName): null&#xD;
&#xD;
2019-09-05 11:08:02 - [TEST_STEP][PASSED] - println(LastName): null&#xD;
&#xD;
2019-09-05 11:08:02 - [TEST_STEP][PASSED] - println(Address): null&#xD;
&#xD;
2019-09-05 11:08:02 - [TEST_STEP][PASSED] - println(City): null&#xD;
&#xD;
2019-09-05 11:08:02 - [TEST_STEP][PASSED] - println(Tel): null&#xD;
&#xD;
2019-09-05 11:08:02 - [TEST_STEP][PASSED] - println(AutoEmail): null&#xD;
&#xD;
2019-09-05 11:08:02 - [MESSAGE][PASSED] - Call Test Case 'Test Cases/mobileWeb/_include/name' successfully&#xD;
&#xD;
2019-09-05 11:08:02 - [TEST_STEP][PASSED] - setText(findTestObject("mobileSanity/HBI/Page_App Page 1/input__member-P-1-firstName"), FirstName): Text 'Test-123' is set on object 'Object Repository/mobileSanity/HBI/Page_App Page 1/input__member-P-1-firstName'&#xD;
&#xD;
2019-09-05 11:08:02 - [MESSAGE][PASSED] - Text 'Test-123' is set on object 'Object Repository/mobileSanity/HBI/Page_App Page 1/input__member-P-1-firstName'&#xD;
&#xD;
2019-09-05 11:08:02 - [TEST_STEP][PASSED] - setText(findTestObject("mobileSanity/HBI/Page_App Page 1/input__member-P-1-lastName"), LastName): Text 'ZZ11-oWJTzRQz' is set on object 'Object Repository/mobileSanity/HBI/Page_App Page 1/input__member-P-1-lastName'&#xD;
&#xD;
2019-09-05 11:08:03 - [MESSAGE][PASSED] - Text 'ZZ11-oWJTzRQz' is set on object 'Object Repository/mobileSanity/HBI/Page_App Page 1/input__member-P-1-lastName'&#xD;
&#xD;
2019-09-05 11:08:03 - [TEST_STEP][PASSED] - if (carrier == "agileone" || carrier == "agilesecure"): Text 'test6' is set on object 'Object Repository/mobileSanity/HBI/Page_App Page 1/input__contingent-beneficiary-relationship'&#xD;
&#xD;
2019-09-05 11:08:03 - [TEST_STEP][PASSED] - setText(findTestObject("mobileSanity/HBI/Page_App Page 1/input__primary-beneficiary-fir"), "test1"): Text 'test1' is set on object 'Object Repository/mobileSanity/HBI/Page_App Page 1/input__primary-beneficiary-fir'&#xD;
&#xD;
2019-09-05 11:08:03 - [MESSAGE][PASSED] - Text 'test1' is set on object 'Object Repository/mobileSanity/HBI/Page_App Page 1/input__primary-beneficiary-fir'&#xD;
&#xD;
2019-09-05 11:08:03 - [TEST_STEP][PASSED] - setText(findTestObject("mobileSanity/HBI/Page_App Page 1/input__primary-beneficiary-las"), "test2"): Text 'test2' is set on object 'Object Repository/mobileSanity/HBI/Page_App Page 1/input__primary-beneficiary-las'&#xD;
&#xD;
2019-09-05 11:08:03 - [MESSAGE][PASSED] - Text 'test2' is set on object 'Object Repository/mobileSanity/HBI/Page_App Page 1/input__primary-beneficiary-las'&#xD;
&#xD;
2019-09-05 11:08:03 - [TEST_STEP][PASSED] - setText(findTestObject("mobileSanity/HBI/Page_App Page 1/input__primary-beneficiary-rel"), "test3"): Text 'test3' is set on object 'Object Repository/mobileSanity/HBI/Page_App Page 1/input__primary-beneficiary-rel'&#xD;
&#xD;
2019-09-05 11:08:03 - [MESSAGE][PASSED] - Text 'test3' is set on object 'Object Repository/mobileSanity/HBI/Page_App Page 1/input__primary-beneficiary-rel'&#xD;
&#xD;
2019-09-05 11:08:03 - [TEST_STEP][PASSED] - setText(findTestObject("mobileSanity/HBI/Page_App Page 1/input__contingent-beneficiary-"), "test4"): Text 'test4' is set on object 'Object Repository/mobileSanity/HBI/Page_App Page 1/input__contingent-beneficiary-'&#xD;
&#xD;
2019-09-05 11:08:04 - [MESSAGE][PASSED] - Text 'test4' is set on object 'Object Repository/mobileSanity/HBI/Page_App Page 1/input__contingent-beneficiary-'&#xD;
&#xD;
2019-09-05 11:08:04 - [TEST_STEP][PASSED] - setText(findTestObject("mobileSanity/HBI/Page_App Page 1/input__contingent-beneficiary-_lastname"), "test5"): Text 'test5' is set on object 'Object Repository/mobileSanity/HBI/Page_App Page 1/input__contingent-beneficiary-_lastname'&#xD;
&#xD;
2019-09-05 11:08:04 - [MESSAGE][PASSED] - Text 'test5' is set on object 'Object Repository/mobileSanity/HBI/Page_App Page 1/input__contingent-beneficiary-_lastname'&#xD;
&#xD;
2019-09-05 11:08:04 - [TEST_STEP][PASSED] - setText(findTestObject("mobileSanity/HBI/Page_App Page 1/input__contingent-beneficiary-relationship"), "test6"): Text 'test6' is set on object 'Object Repository/mobileSanity/HBI/Page_App Page 1/input__contingent-beneficiary-relationship'&#xD;
&#xD;
2019-09-05 11:08:04 - [MESSAGE][PASSED] - Text 'test6' is set on object 'Object Repository/mobileSanity/HBI/Page_App Page 1/input__contingent-beneficiary-relationship'&#xD;
&#xD;
2019-09-05 11:08:04 - [TEST_STEP][PASSED] - setText(findTestObject("mobileSanity/HBI/Page_App Page 1/input__address"), Address): Text 'XgcErEnN' is set on object 'Object Repository/mobileSanity/HBI/Page_App Page 1/input__address'&#xD;
&#xD;
2019-09-05 11:08:05 - [MESSAGE][PASSED] - Text 'XgcErEnN' is set on object 'Object Repository/mobileSanity/HBI/Page_App Page 1/input__address'&#xD;
&#xD;
2019-09-05 11:08:05 - [TEST_STEP][PASSED] - setText(findTestObject("mobileSanity/HBI/Page_App Page 1/input__city"), City): Text 'ZiHNkLCc' is set on object 'Object Repository/mobileSanity/HBI/Page_App Page 1/input__city'&#xD;
&#xD;
2019-09-05 11:08:05 - [MESSAGE][PASSED] - Text 'ZiHNkLCc' is set on object 'Object Repository/mobileSanity/HBI/Page_App Page 1/input__city'&#xD;
&#xD;
2019-09-05 11:08:05 - [TEST_STEP][PASSED] - setText(findTestObject("mobileSanity/HBI/Page_App Page 1/input__email"), AutoEmail): Text 'test.usQYGKwx@suryani.cn' is set on object 'Object Repository/mobileSanity/HBI/Page_App Page 1/input__email'&#xD;
&#xD;
2019-09-05 11:08:05 - [MESSAGE][PASSED] - Text 'test.usQYGKwx@suryani.cn' is set on object 'Object Repository/mobileSanity/HBI/Page_App Page 1/input__email'&#xD;
&#xD;
2019-09-05 11:08:05 - [TEST_STEP][PASSED] - setText(findTestObject("mobileSanity/HBI/Page_App Page 1/input_tel"), Tel): Text '798-573-4935' is set on object 'Object Repository/mobileSanity/HBI/Page_App Page 1/input_tel'&#xD;
&#xD;
2019-09-05 11:08:05 - [MESSAGE][PASSED] - Text '798-573-4935' is set on object 'Object Repository/mobileSanity/HBI/Page_App Page 1/input_tel'&#xD;
&#xD;
2019-09-05 11:08:05 - [TEST_STEP][PASSED] - click(findTestObject("mobileSanity/HBI/Page_App Page 1/a_Continue to Step 2 - Payment")): Object: 'Object Repository/mobileSanity/HBI/Page_App Page 1/a_Continue to Step 2 - Payment' is clicked on&#xD;
&#xD;
2019-09-05 11:08:06 - [MESSAGE][PASSED] - Object: 'Object Repository/mobileSanity/HBI/Page_App Page 1/a_Continue to Step 2 - Payment' is clicked on&#xD;
&#xD;
2019-09-05 11:08:06 - [TEST_STEP][PASSED] - waitForPageLoad(20): Wait for page load successfully&#xD;
&#xD;
2019-09-05 11:08:06 - [MESSAGE][PASSED] - Wait for page load successfully&#xD;
&#xD;
2019-09-05 11:08:06 - [TEST_STEP][PASSED] - Thread.sleep(2000): null&#xD;
&#xD;
2019-09-05 11:08:08 - [TEST_STEP][PASSED] - waitForElementVisible(findTestObject("mobileSanity/HBI/Page_App Page 2/input__credit-card-first"), 20): Object 'Object Repository/mobileSanity/HBI/Page_App Page 2/input__credit-card-first' is visible&#xD;
&#xD;
2019-09-05 11:08:08 - [MESSAGE][PASSED] - Object 'Object Repository/mobileSanity/HBI/Page_App Page 2/input__credit-card-first' is visible&#xD;
&#xD;
2019-09-05 11:08:08 - [TEST_STEP][PASSED] - callTestCase(findTestCase("mobileWeb/_include/get_screenshot"), [:], STOP_ON_FAILURE): Call Test Case 'Test Cases/mobileWeb/_include/get_screenshot' successfully&#xD;
&#xD;
2019-09-05 11:08:08 - [TEST_CASE][PASSED] - Test Cases/mobileWeb/_include/get_screenshot: Test Cases/mobileWeb/_include/get_screenshot&#xD;
&#xD;
2019-09-05 11:08:08 - [TEST_STEP][PASSED] - takeScreenshot(screenPath + i + ".png"): Taking screenshot successfully&#xD;
&#xD;
2019-09-05 11:08:09 - [MESSAGE][PASSED] - Taking screenshot successfully&#xD;
[[ATTACHMENT|D:\\Test\\AgileTest\\AgileTest\\Reports\\mobileWeb\\hbi\\20190905_105643\\../Screenshots/iPhone X/hbi/Agile Secure/20190905_110706/5.png]]&#xD;
&#xD;
2019-09-05 11:08:09 - [TEST_STEP][PASSED] - (internal.GlobalVariable.i++): null&#xD;
&#xD;
2019-09-05 11:08:09 - [MESSAGE][PASSED] - Call Test Case 'Test Cases/mobileWeb/_include/get_screenshot' successfully&#xD;
&#xD;
2019-09-05 11:08:09 - [TEST_STEP][PASSED] - setText(findTestObject("mobileSanity/HBI/Page_App Page 2/input__credit-card-first"), FirstName): Text 'Test-123' is set on object 'Object Repository/mobileSanity/HBI/Page_App Page 2/input__credit-card-first'&#xD;
&#xD;
2019-09-05 11:08:09 - [MESSAGE][PASSED] - Text 'Test-123' is set on object 'Object Repository/mobileSanity/HBI/Page_App Page 2/input__credit-card-first'&#xD;
&#xD;
2019-09-05 11:08:09 - [TEST_STEP][PASSED] - setText(findTestObject("mobileSanity/HBI/Page_App Page 2/input__credit-card-last"), LastName): Text 'ZZ11-oWJTzRQz' is set on object 'Object Repository/mobileSanity/HBI/Page_App Page 2/input__credit-card-last'&#xD;
&#xD;
2019-09-05 11:08:10 - [MESSAGE][PASSED] - Text 'ZZ11-oWJTzRQz' is set on object 'Object Repository/mobileSanity/HBI/Page_App Page 2/input__credit-card-last'&#xD;
&#xD;
2019-09-05 11:08:10 - [TEST_STEP][PASSED] - selectOptionByValue(findTestObject("mobileSanity/HBI/Page_App Page 2/select_MM010203040506070809101"), "12", true): All options with value '12' are selected in object 'Object Repository/mobileSanity/HBI/Page_App Page 2/select_MM010203040506070809101'  using regular expression&#xD;
&#xD;
2019-09-05 11:08:10 - [MESSAGE][PASSED] - All options with value '12' are selected in object 'Object Repository/mobileSanity/HBI/Page_App Page 2/select_MM010203040506070809101'  using regular expression&#xD;
&#xD;
2019-09-05 11:08:10 - [TEST_STEP][PASSED] - selectOptionByValue(findTestObject("mobileSanity/HBI/Page_App Page 2/select_YYYY2019202020212022202"), "2026", true): All options with value '2026' are selected in object 'Object Repository/mobileSanity/HBI/Page_App Page 2/select_YYYY2019202020212022202'  using regular expression&#xD;
&#xD;
2019-09-05 11:08:10 - [MESSAGE][PASSED] - All options with value '2026' are selected in object 'Object Repository/mobileSanity/HBI/Page_App Page 2/select_YYYY2019202020212022202'  using regular expression&#xD;
&#xD;
2019-09-05 11:08:10 - [TEST_STEP][PASSED] - setText(findTestObject("mobileSanity/HBI/Page_App Page 2/input__credit-card-number"), "4111111111111111"): Text '4111111111111111' is set on object 'Object Repository/mobileSanity/HBI/Page_App Page 2/input__credit-card-number'&#xD;
&#xD;
2019-09-05 11:08:11 - [MESSAGE][PASSED] - Text '4111111111111111' is set on object 'Object Repository/mobileSanity/HBI/Page_App Page 2/input__credit-card-number'&#xD;
&#xD;
2019-09-05 11:08:11 - [TEST_STEP][PASSED] - setText(findTestObject("mobileSanity/HBI/Page_App Page 2/input__cvv"), "123"): Text '123' is set on object 'Object Repository/mobileSanity/HBI/Page_App Page 2/input__cvv'&#xD;
&#xD;
2019-09-05 11:08:11 - [MESSAGE][PASSED] - Text '123' is set on object 'Object Repository/mobileSanity/HBI/Page_App Page 2/input__cvv'&#xD;
&#xD;
2019-09-05 11:08:11 - [TEST_STEP][PASSED] - click(findTestObject("mobileSanity/HBI/Page_App Page 2/label_My billing address is th")): Object: 'Object Repository/mobileSanity/HBI/Page_App Page 2/label_My billing address is th' is clicked on&#xD;
&#xD;
2019-09-05 11:08:11 - [MESSAGE][PASSED] - Object: 'Object Repository/mobileSanity/HBI/Page_App Page 2/label_My billing address is th' is clicked on&#xD;
&#xD;
2019-09-05 11:08:11 - [TEST_STEP][PASSED] - click(findTestObject("mobileSanity/HBI/Page_App Page 2/label_I Accept Authorization f")): Object: 'Object Repository/mobileSanity/HBI/Page_App Page 2/label_I Accept Authorization f' is clicked on&#xD;
&#xD;
2019-09-05 11:08:11 - [MESSAGE][PASSED] - Object: 'Object Repository/mobileSanity/HBI/Page_App Page 2/label_I Accept Authorization f' is clicked on&#xD;
&#xD;
2019-09-05 11:08:11 - [TEST_STEP][PASSED] - click(findTestObject("mobileSanity/HBI/Page_App Page 2/a_Continue to Step 3 - Review")): Object: 'Object Repository/mobileSanity/HBI/Page_App Page 2/a_Continue to Step 3 - Review' is clicked on&#xD;
&#xD;
2019-09-05 11:08:12 - [MESSAGE][PASSED] - Object: 'Object Repository/mobileSanity/HBI/Page_App Page 2/a_Continue to Step 3 - Review' is clicked on&#xD;
&#xD;
2019-09-05 11:08:12 - [TEST_STEP][PASSED] - waitForPageLoad(20): Wait for page load successfully&#xD;
&#xD;
2019-09-05 11:08:12 - [MESSAGE][PASSED] - Wait for page load successfully&#xD;
&#xD;
2019-09-05 11:08:12 - [TEST_STEP][PASSED] - Thread.sleep(10000): null&#xD;
&#xD;
2019-09-05 11:08:22 - [TEST_STEP][PASSED] - waitForElementPresent(findTestObject("mobileSanity/HBI/Page_App Page 3/label"), 20): Object 'Object Repository/mobileSanity/HBI/Page_App Page 3/label' is present&#xD;
&#xD;
2019-09-05 11:08:23 - [MESSAGE][PASSED] - Object 'Object Repository/mobileSanity/HBI/Page_App Page 3/label' is present&#xD;
&#xD;
2019-09-05 11:08:23 - [TEST_STEP][PASSED] - callTestCase(findTestCase("mobileWeb/_include/get_screenshot"), [:], STOP_ON_FAILURE): Call Test Case 'Test Cases/mobileWeb/_include/get_screenshot' successfully&#xD;
&#xD;
2019-09-05 11:08:23 - [TEST_CASE][PASSED] - Test Cases/mobileWeb/_include/get_screenshot: Test Cases/mobileWeb/_include/get_screenshot&#xD;
&#xD;
2019-09-05 11:08:23 - [TEST_STEP][PASSED] - takeScreenshot(screenPath + i + ".png"): Taking screenshot successfully&#xD;
&#xD;
2019-09-05 11:08:24 - [MESSAGE][PASSED] - Taking screenshot successfully&#xD;
[[ATTACHMENT|D:\\Test\\AgileTest\\AgileTest\\Reports\\mobileWeb\\hbi\\20190905_105643\\../Screenshots/iPhone X/hbi/Agile Secure/20190905_110706/6.png]]&#xD;
&#xD;
2019-09-05 11:08:24 - [TEST_STEP][PASSED] - (internal.GlobalVariable.i++): null&#xD;
&#xD;
2019-09-05 11:08:24 - [MESSAGE][PASSED] - Call Test Case 'Test Cases/mobileWeb/_include/get_screenshot' successfully&#xD;
&#xD;
2019-09-05 11:08:24 - [TEST_STEP][PASSED] - click(findTestObject("mobileSanity/HBI/Page_App Page 3/label")): Object: 'Object Repository/mobileSanity/HBI/Page_App Page 3/label' is clicked on&#xD;
&#xD;
2019-09-05 11:08:24 - [MESSAGE][PASSED] - Object: 'Object Repository/mobileSanity/HBI/Page_App Page 3/label' is clicked on&#xD;
&#xD;
2019-09-05 11:08:24 - [TEST_STEP][PASSED] - click(findTestObject("mobileSanity/HBI/Page_App Page 3/p_CLICK TO SIGN")): Object: 'Object Repository/mobileSanity/HBI/Page_App Page 3/p_CLICK TO SIGN' is clicked on&#xD;
&#xD;
2019-09-05 11:08:25 - [MESSAGE][PASSED] - Object: 'Object Repository/mobileSanity/HBI/Page_App Page 3/p_CLICK TO SIGN' is clicked on&#xD;
&#xD;
2019-09-05 11:08:25 - [TEST_STEP][PASSED] - click(findTestObject("mobileSanity/HBI/Page_App Page 3/a_Submit Your Application")): Object: 'Object Repository/mobileSanity/HBI/Page_App Page 3/a_Submit Your Application' is clicked on&#xD;
&#xD;
2019-09-05 11:08:25 - [MESSAGE][PASSED] - Object: 'Object Repository/mobileSanity/HBI/Page_App Page 3/a_Submit Your Application' is clicked on&#xD;
&#xD;
2019-09-05 11:08:25 - [TEST_STEP][PASSED] - Thread.sleep(30000): null&#xD;
&#xD;
2019-09-05 11:08:55 - [TEST_STEP][PASSED] - callTestCase(findTestCase("mobileWeb/_include/get_screenshot"), [:], STOP_ON_FAILURE): Call Test Case 'Test Cases/mobileWeb/_include/get_screenshot' successfully&#xD;
&#xD;
2019-09-05 11:08:55 - [TEST_CASE][PASSED] - Test Cases/mobileWeb/_include/get_screenshot: Test Cases/mobileWeb/_include/get_screenshot&#xD;
&#xD;
2019-09-05 11:08:55 - [TEST_STEP][PASSED] - takeScreenshot(screenPath + i + ".png"): Taking screenshot successfully&#xD;
&#xD;
2019-09-05 11:08:56 - [MESSAGE][PASSED] - Taking screenshot successfully&#xD;
[[ATTACHMENT|D:\\Test\\AgileTest\\AgileTest\\Reports\\mobileWeb\\hbi\\20190905_105643\\../Screenshots/iPhone X/hbi/Agile Secure/20190905_110706/7.png]]&#xD;
&#xD;
2019-09-05 11:08:56 - [TEST_STEP][PASSED] - (internal.GlobalVariable.i++): null&#xD;
&#xD;
2019-09-05 11:08:56 - [MESSAGE][PASSED] - Call Test Case 'Test Cases/mobileWeb/_include/get_screenshot' successfully&#xD;
&#xD;
2019-09-05 11:08:56 - [TEST_STEP][PASSED] - verifyTextPresent("Congratulations", false): Text 'Congratulations' is present on page &#xD;
&#xD;
2019-09-05 11:08:56 - [MESSAGE][PASSED] - Text 'Congratulations' is present on page &#xD;
&#xD;
2019-09-05 11:08:56 - [MESSAGE][PASSED] - Call Test Case 'Test Cases/mobileWeb/_include/goToEnd_hbi' successfully</system-out>
            <system-err></system-err>
        </testcase>
        <testcase name="Test Cases/mobileWeb/HBI/Fixed Cash Benefit" classname="Test Cases/mobileWeb/HBI/Fixed Cash Benefit" status="PASSED">
            <system-out>2019-09-05 11:08:56 - [TEST_CASE][PASSED] - Test Cases/mobileWeb/HBI/Fixed Cash Benefit: Test Cases/mobileWeb/HBI/Fixed Cash Benefit&#xD;
&#xD;
2019-09-05 11:08:56 - [TEST_STEP][PASSED] - callTestCase(findTestCase("mobileWeb/_include/get_screenPath"), ["productLine":"hbi", "carrierName":"Fixed Cash Benefit"], CONTINUE_ON_FAILURE): Call Test Case 'Test Cases/mobileWeb/_include/get_screenPath' successfully&#xD;
&#xD;
2019-09-05 11:08:56 - [TEST_CASE][PASSED] - Test Cases/mobileWeb/_include/get_screenPath: Test Cases/mobileWeb/_include/get_screenPath&#xD;
&#xD;
2019-09-05 11:08:56 - [TEST_STEP][PASSED] - m = getExecutionProperties(): null&#xD;
&#xD;
2019-09-05 11:08:56 - [TEST_STEP][PASSED] - deviceName = get("mobileEmulation").get("deviceName"): null&#xD;
&#xD;
2019-09-05 11:08:56 - [TEST_STEP][PASSED] - println(deviceName): null&#xD;
&#xD;
2019-09-05 11:08:56 - [TEST_STEP][PASSED] - now = new java.util.Date(): null&#xD;
&#xD;
2019-09-05 11:08:56 - [TEST_STEP][PASSED] - mydate = now.format("yyyyMMdd_HHmmss"): null&#xD;
&#xD;
2019-09-05 11:08:56 - [TEST_STEP][PASSED] - screenPath = "../Screenshots/": null&#xD;
&#xD;
2019-09-05 11:08:56 - [TEST_STEP][PASSED] - screenPath = screenPath + deviceName + "/" + productLine + "/" + carrierName + "/" + mydate + "/": null&#xD;
&#xD;
2019-09-05 11:08:56 - [TEST_STEP][PASSED] - println(screenPath): null&#xD;
&#xD;
2019-09-05 11:08:56 - [MESSAGE][PASSED] - Call Test Case 'Test Cases/mobileWeb/_include/get_screenPath' successfully&#xD;
&#xD;
2019-09-05 11:08:56 - [TEST_STEP][PASSED] - i = 0: null&#xD;
&#xD;
2019-09-05 11:08:56 - [TEST_STEP][PASSED] - callTestCase(findTestCase("mobileWeb/_include/openWebSite"), [:], CONTINUE_ON_FAILURE): Call Test Case 'Test Cases/mobileWeb/_include/openWebSite' successfully&#xD;
&#xD;
2019-09-05 11:08:56 - [TEST_CASE][PASSED] - Test Cases/mobileWeb/_include/openWebSite: Test Cases/mobileWeb/_include/openWebSite&#xD;
&#xD;
2019-09-05 11:08:57 - [TEST_STEP][PASSED] - openBrowser(env): Browser is opened with url: 'https://praetemptatus.agilehealthinsurance.com'&#xD;
&#xD;
2019-09-05 11:08:57 - [MESSAGE][WARNING] - A browser is already opened. Closing browser and opening a new one&#xD;
&#xD;
2019-09-05 11:08:57 - [MESSAGE][INFO] - Starting 'Chrome' driver&#xD;
&#xD;
2019-09-05 11:08:57 - [MESSAGE][INFO] - User set preference: ['mobileEmulation', '{deviceName=iPhone X}']&#xD;
&#xD;
2019-09-05 11:08:57 - [MESSAGE][INFO] - User set preference: ['args', '[--incognito, --aggressive-cache-discard, --no-sandbox, --window-size=375,812]']&#xD;
&#xD;
2019-09-05 11:09:03 - [MESSAGE][PASSED] - Browser is opened with url: 'https://praetemptatus.agilehealthinsurance.com'&#xD;
&#xD;
2019-09-05 11:09:03 - [TEST_STEP][PASSED] - waitForPageLoad(20): Wait for page load successfully&#xD;
&#xD;
2019-09-05 11:09:03 - [MESSAGE][PASSED] - Wait for page load successfully&#xD;
&#xD;
2019-09-05 11:09:03 - [TEST_STEP][PASSED] - callTestCase(findTestCase("mobileWeb/_include/get_screenshot"), [:], STOP_ON_FAILURE): Call Test Case 'Test Cases/mobileWeb/_include/get_screenshot' successfully&#xD;
&#xD;
2019-09-05 11:09:03 - [TEST_CASE][PASSED] - Test Cases/mobileWeb/_include/get_screenshot: Test Cases/mobileWeb/_include/get_screenshot&#xD;
&#xD;
2019-09-05 11:09:03 - [TEST_STEP][PASSED] - takeScreenshot(screenPath + i + ".png"): Taking screenshot successfully&#xD;
&#xD;
2019-09-05 11:09:08 - [MESSAGE][PASSED] - Taking screenshot successfully&#xD;
[[ATTACHMENT|D:\\Test\\AgileTest\\AgileTest\\Reports\\mobileWeb\\hbi\\20190905_105643\\../Screenshots/iPhone X/hbi/Fixed Cash Benefit/20190905_110856/0.png]]&#xD;
&#xD;
2019-09-05 11:09:08 - [TEST_STEP][PASSED] - (internal.GlobalVariable.i++): null&#xD;
&#xD;
2019-09-05 11:09:08 - [MESSAGE][PASSED] - Call Test Case 'Test Cases/mobileWeb/_include/get_screenshot' successfully&#xD;
&#xD;
2019-09-05 11:09:08 - [MESSAGE][PASSED] - Call Test Case 'Test Cases/mobileWeb/_include/openWebSite' successfully&#xD;
&#xD;
2019-09-05 11:09:08 - [TEST_STEP][PASSED] - callTestCase(findTestCase("mobileWeb/_include/census_hbi"), ["zipcode":"85364"], CONTINUE_ON_FAILURE): Call Test Case 'Test Cases/mobileWeb/_include/census_hbi' successfully&#xD;
&#xD;
2019-09-05 11:09:08 - [TEST_CASE][PASSED] - Test Cases/mobileWeb/_include/census_hbi: Test Cases/mobileWeb/_include/census_hbi&#xD;
&#xD;
2019-09-05 11:09:08 - [TEST_STEP][PASSED] - click(findTestObject("mobileSanity/Common/side_nav/menu")): Object: 'Object Repository/mobileSanity/Common/side_nav/menu' is clicked on&#xD;
&#xD;
2019-09-05 11:09:08 - [MESSAGE][PASSED] - Object: 'Object Repository/mobileSanity/Common/side_nav/menu' is clicked on&#xD;
&#xD;
2019-09-05 11:09:08 - [TEST_STEP][PASSED] - Thread.sleep(3000): null&#xD;
&#xD;
2019-09-05 11:09:11 - [TEST_STEP][PASSED] - click(findTestObject("mobileSanity/Common/side_nav/nav_hbi")): Object: 'Object Repository/mobileSanity/Common/side_nav/nav_hbi' is clicked on&#xD;
&#xD;
2019-09-05 11:09:14 - [MESSAGE][PASSED] - Object: 'Object Repository/mobileSanity/Common/side_nav/nav_hbi' is clicked on&#xD;
&#xD;
2019-09-05 11:09:14 - [TEST_STEP][PASSED] - waitForPageLoad(10): Wait for page load successfully&#xD;
&#xD;
2019-09-05 11:09:14 - [MESSAGE][PASSED] - Wait for page load successfully&#xD;
&#xD;
2019-09-05 11:09:14 - [TEST_STEP][PASSED] - callTestCase(findTestCase("mobileWeb/_include/get_screenshot"), [:], STOP_ON_FAILURE): Call Test Case 'Test Cases/mobileWeb/_include/get_screenshot' successfully&#xD;
&#xD;
2019-09-05 11:09:14 - [TEST_CASE][PASSED] - Test Cases/mobileWeb/_include/get_screenshot: Test Cases/mobileWeb/_include/get_screenshot&#xD;
&#xD;
2019-09-05 11:09:14 - [TEST_STEP][PASSED] - takeScreenshot(screenPath + i + ".png"): Taking screenshot successfully&#xD;
&#xD;
2019-09-05 11:09:15 - [MESSAGE][PASSED] - Taking screenshot successfully&#xD;
[[ATTACHMENT|D:\\Test\\AgileTest\\AgileTest\\Reports\\mobileWeb\\hbi\\20190905_105643\\../Screenshots/iPhone X/hbi/Fixed Cash Benefit/20190905_110856/1.png]]&#xD;
&#xD;
2019-09-05 11:09:15 - [TEST_STEP][PASSED] - (internal.GlobalVariable.i++): null&#xD;
&#xD;
2019-09-05 11:09:15 - [MESSAGE][PASSED] - Call Test Case 'Test Cases/mobileWeb/_include/get_screenshot' successfully&#xD;
&#xD;
2019-09-05 11:09:15 - [TEST_STEP][PASSED] - setText(findTestObject("mobileSanity/HBI/census/input_Location_zip-input"), zipcode): Text '85364' is set on object 'Object Repository/mobileSanity/HBI/census/input_Location_zip-input'&#xD;
&#xD;
2019-09-05 11:09:15 - [MESSAGE][PASSED] - Text '85364' is set on object 'Object Repository/mobileSanity/HBI/census/input_Location_zip-input'&#xD;
&#xD;
2019-09-05 11:09:15 - [TEST_STEP][PASSED] - Thread.sleep(500): null&#xD;
&#xD;
2019-09-05 11:09:16 - [TEST_STEP][PASSED] - setText(findTestObject("mobileSanity/HBI/census/input_Date of Birth_dob-0"), "12121980"): Text '12121980' is set on object 'Object Repository/mobileSanity/HBI/census/input_Date of Birth_dob-0'&#xD;
&#xD;
2019-09-05 11:09:16 - [MESSAGE][PASSED] - Text '12121980' is set on object 'Object Repository/mobileSanity/HBI/census/input_Date of Birth_dob-0'&#xD;
&#xD;
2019-09-05 11:09:16 - [TEST_STEP][PASSED] - click(findTestObject("mobileSanity/HBI/census/label_Male")): Object: 'Object Repository/mobileSanity/HBI/census/label_Male' is clicked on&#xD;
&#xD;
2019-09-05 11:09:16 - [MESSAGE][PASSED] - Object: 'Object Repository/mobileSanity/HBI/census/label_Male' is clicked on&#xD;
&#xD;
2019-09-05 11:09:16 - [TEST_STEP][PASSED] - click(findTestObject("mobileSanity/HBI/census/label_Get a Quote")): Object: 'Object Repository/mobileSanity/HBI/census/label_Get a Quote' is clicked on&#xD;
&#xD;
2019-09-05 11:09:16 - [MESSAGE][PASSED] - Object: 'Object Repository/mobileSanity/HBI/census/label_Get a Quote' is clicked on&#xD;
&#xD;
2019-09-05 11:09:16 - [TEST_STEP][PASSED] - waitForPageLoad(20): Wait for page load successfully&#xD;
&#xD;
2019-09-05 11:09:16 - [MESSAGE][PASSED] - Wait for page load successfully&#xD;
&#xD;
2019-09-05 11:09:16 - [TEST_STEP][PASSED] - callTestCase(findTestCase("mobileWeb/_include/get_screenshot"), [:], STOP_ON_FAILURE): Call Test Case 'Test Cases/mobileWeb/_include/get_screenshot' successfully&#xD;
&#xD;
2019-09-05 11:09:16 - [TEST_CASE][PASSED] - Test Cases/mobileWeb/_include/get_screenshot: Test Cases/mobileWeb/_include/get_screenshot&#xD;
&#xD;
2019-09-05 11:09:16 - [TEST_STEP][PASSED] - takeScreenshot(screenPath + i + ".png"): Taking screenshot successfully&#xD;
&#xD;
2019-09-05 11:09:22 - [MESSAGE][PASSED] - Taking screenshot successfully&#xD;
[[ATTACHMENT|D:\\Test\\AgileTest\\AgileTest\\Reports\\mobileWeb\\hbi\\20190905_105643\\../Screenshots/iPhone X/hbi/Fixed Cash Benefit/20190905_110856/2.png]]&#xD;
&#xD;
2019-09-05 11:09:22 - [TEST_STEP][PASSED] - (internal.GlobalVariable.i++): null&#xD;
&#xD;
2019-09-05 11:09:22 - [MESSAGE][PASSED] - Call Test Case 'Test Cases/mobileWeb/_include/get_screenshot' successfully&#xD;
&#xD;
2019-09-05 11:09:22 - [MESSAGE][PASSED] - Call Test Case 'Test Cases/mobileWeb/_include/census_hbi' successfully&#xD;
&#xD;
2019-09-05 11:09:22 - [TEST_STEP][PASSED] - Thread.sleep(5000): null&#xD;
&#xD;
2019-09-05 11:09:27 - [TEST_STEP][PASSED] - scrollToPosition(200, 2300): Browser is scrolled to position x = 200, y = 2300&#xD;
&#xD;
2019-09-05 11:09:27 - [MESSAGE][PASSED] - Browser is scrolled to position x = 200, y = 2300&#xD;
&#xD;
2019-09-05 11:09:27 - [TEST_STEP][PASSED] - click(findTestObject("mobileSanity/HBI/quote/a_Fixed Cash Benefit")): Object: 'Object Repository/mobileSanity/HBI/quote/a_Fixed Cash Benefit' is clicked on&#xD;
&#xD;
2019-09-05 11:09:31 - [MESSAGE][PASSED] - Object: 'Object Repository/mobileSanity/HBI/quote/a_Fixed Cash Benefit' is clicked on&#xD;
&#xD;
2019-09-05 11:09:31 - [TEST_STEP][PASSED] - waitForPageLoad(20): Wait for page load successfully&#xD;
&#xD;
2019-09-05 11:09:31 - [MESSAGE][PASSED] - Wait for page load successfully&#xD;
&#xD;
2019-09-05 11:09:31 - [TEST_STEP][PASSED] - callTestCase(findTestCase("mobileWeb/_include/get_screenshot"), [:], STOP_ON_FAILURE): Call Test Case 'Test Cases/mobileWeb/_include/get_screenshot' successfully&#xD;
&#xD;
2019-09-05 11:09:31 - [TEST_CASE][PASSED] - Test Cases/mobileWeb/_include/get_screenshot: Test Cases/mobileWeb/_include/get_screenshot&#xD;
&#xD;
2019-09-05 11:09:31 - [TEST_STEP][PASSED] - takeScreenshot(screenPath + i + ".png"): Taking screenshot successfully&#xD;
&#xD;
2019-09-05 11:09:32 - [MESSAGE][PASSED] - Taking screenshot successfully&#xD;
[[ATTACHMENT|D:\\Test\\AgileTest\\AgileTest\\Reports\\mobileWeb\\hbi\\20190905_105643\\../Screenshots/iPhone X/hbi/Fixed Cash Benefit/20190905_110856/3.png]]&#xD;
&#xD;
2019-09-05 11:09:32 - [TEST_STEP][PASSED] - (internal.GlobalVariable.i++): null&#xD;
&#xD;
2019-09-05 11:09:32 - [MESSAGE][PASSED] - Call Test Case 'Test Cases/mobileWeb/_include/get_screenshot' successfully&#xD;
&#xD;
2019-09-05 11:09:32 - [TEST_STEP][PASSED] - click(findTestObject("mobileSanity/HBI/detail/a_Apply for This Plan")): Object: 'Object Repository/mobileSanity/HBI/detail/a_Apply for This Plan' is clicked on&#xD;
&#xD;
2019-09-05 11:09:33 - [MESSAGE][PASSED] - Object: 'Object Repository/mobileSanity/HBI/detail/a_Apply for This Plan' is clicked on&#xD;
&#xD;
2019-09-05 11:09:33 - [TEST_STEP][PASSED] - waitForPageLoad(20): Wait for page load successfully&#xD;
&#xD;
2019-09-05 11:09:33 - [MESSAGE][PASSED] - Wait for page load successfully&#xD;
&#xD;
2019-09-05 11:09:33 - [TEST_STEP][PASSED] - callTestCase(findTestCase("mobileWeb/_include/get_screenshot"), [:], STOP_ON_FAILURE): Call Test Case 'Test Cases/mobileWeb/_include/get_screenshot' successfully&#xD;
&#xD;
2019-09-05 11:09:33 - [TEST_CASE][PASSED] - Test Cases/mobileWeb/_include/get_screenshot: Test Cases/mobileWeb/_include/get_screenshot&#xD;
&#xD;
2019-09-05 11:09:33 - [TEST_STEP][PASSED] - takeScreenshot(screenPath + i + ".png"): Taking screenshot successfully&#xD;
&#xD;
2019-09-05 11:09:35 - [MESSAGE][PASSED] - Taking screenshot successfully&#xD;
[[ATTACHMENT|D:\\Test\\AgileTest\\AgileTest\\Reports\\mobileWeb\\hbi\\20190905_105643\\../Screenshots/iPhone X/hbi/Fixed Cash Benefit/20190905_110856/4.png]]&#xD;
&#xD;
2019-09-05 11:09:35 - [TEST_STEP][PASSED] - (internal.GlobalVariable.i++): null&#xD;
&#xD;
2019-09-05 11:09:35 - [MESSAGE][PASSED] - Call Test Case 'Test Cases/mobileWeb/_include/get_screenshot' successfully&#xD;
&#xD;
2019-09-05 11:09:35 - [TEST_STEP][PASSED] - click(findTestObject("mobileSanity/HBI/Page_Apply/span_Start Secure Application")): Object: 'Object Repository/mobileSanity/HBI/Page_Apply/span_Start Secure Application' is clicked on&#xD;
&#xD;
2019-09-05 11:09:38 - [MESSAGE][PASSED] - Object: 'Object Repository/mobileSanity/HBI/Page_Apply/span_Start Secure Application' is clicked on&#xD;
&#xD;
2019-09-05 11:09:38 - [TEST_STEP][PASSED] - waitForPageLoad(20): Wait for page load successfully&#xD;
&#xD;
2019-09-05 11:09:39 - [MESSAGE][PASSED] - Wait for page load successfully&#xD;
&#xD;
2019-09-05 11:09:39 - [TEST_STEP][PASSED] - Thread.sleep(5000): null&#xD;
&#xD;
2019-09-05 11:09:44 - [TEST_STEP][PASSED] - callTestCase(findTestCase("mobileWeb/_include/get_screenshot"), [:], STOP_ON_FAILURE): Call Test Case 'Test Cases/mobileWeb/_include/get_screenshot' successfully&#xD;
&#xD;
2019-09-05 11:09:44 - [TEST_CASE][PASSED] - Test Cases/mobileWeb/_include/get_screenshot: Test Cases/mobileWeb/_include/get_screenshot&#xD;
&#xD;
2019-09-05 11:09:44 - [TEST_STEP][PASSED] - takeScreenshot(screenPath + i + ".png"): Taking screenshot successfully&#xD;
&#xD;
2019-09-05 11:09:45 - [MESSAGE][PASSED] - Taking screenshot successfully&#xD;
[[ATTACHMENT|D:\\Test\\AgileTest\\AgileTest\\Reports\\mobileWeb\\hbi\\20190905_105643\\../Screenshots/iPhone X/hbi/Fixed Cash Benefit/20190905_110856/5.png]]&#xD;
&#xD;
2019-09-05 11:09:45 - [TEST_STEP][PASSED] - (internal.GlobalVariable.i++): null&#xD;
&#xD;
2019-09-05 11:09:45 - [MESSAGE][PASSED] - Call Test Case 'Test Cases/mobileWeb/_include/get_screenshot' successfully&#xD;
&#xD;
2019-09-05 11:09:45 - [TEST_STEP][PASSED] - callTestCase(findTestCase("mobileWeb/_include/goToEnd_hbi"), ["carrier":"FixedCashBenefit"], CONTINUE_ON_FAILURE): Call Test Case 'Test Cases/mobileWeb/_include/goToEnd_hbi' successfully&#xD;
&#xD;
2019-09-05 11:09:45 - [TEST_CASE][PASSED] - Test Cases/mobileWeb/_include/goToEnd_hbi: Test Cases/mobileWeb/_include/goToEnd_hbi&#xD;
&#xD;
2019-09-05 11:09:45 - [TEST_STEP][PASSED] - if (state == "ca"): null&#xD;
&#xD;
2019-09-05 11:09:45 - [TEST_STEP][PASSED] - callTestCase(findTestCase("mobileWeb/_include/name"), [:], CONTINUE_ON_FAILURE): Call Test Case 'Test Cases/mobileWeb/_include/name' successfully&#xD;
&#xD;
2019-09-05 11:09:45 - [TEST_CASE][PASSED] - Test Cases/mobileWeb/_include/name: Test Cases/mobileWeb/_include/name&#xD;
&#xD;
2019-09-05 11:09:45 - [TEST_STEP][PASSED] - driver = getWebDriver(): null&#xD;
&#xD;
2019-09-05 11:09:45 - [TEST_STEP][PASSED] - selenium = new com.thoughtworks.selenium.webdriven.WebDriverBackedSelenium(driver, internal.GlobalVariable.ENV): null&#xD;
&#xD;
2019-09-05 11:09:45 - [TEST_STEP][PASSED] - FirstName = "Test-123": null&#xD;
&#xD;
2019-09-05 11:09:45 - [TEST_STEP][PASSED] - LastName = selenium.getEval("{var x="ABCDEFGHIJKLMNOPQRSTUVWXYZabcdefghijklmnopqrstuvwxyz"; var tmp="ZZ11-"; for (i=0;i&lt;8;i++) tmp+=x.charAt(Math.ceil(51*Math.random()));tmp;}"): null&#xD;
&#xD;
2019-09-05 11:09:45 - [TEST_STEP][PASSED] - Address = selenium.getEval("{var x="ABCDEFGHIJKLMNOPQRSTUVWXYZabcdefghijklmnopqrstuvwxyz"; var tmp=""; for (i=0;i&lt;8;i++) tmp+=x.charAt(Math.ceil(51*Math.random()));tmp;}"): null&#xD;
&#xD;
2019-09-05 11:09:45 - [TEST_STEP][PASSED] - City = selenium.getEval("{var x="ABCDEFGHIJKLMNOPQRSTUVWXYZabcdefghijklmnopqrstuvwxyz"; var tmp=""; for (i=0;i&lt;8;i++) tmp+=x.charAt(Math.ceil(51*Math.random()));tmp;}"): null&#xD;
&#xD;
2019-09-05 11:09:45 - [TEST_STEP][PASSED] - tel1 = selenium.getEval("{var x="123456789"; var tmp=""; for (i=0;i&lt;3;i++) tmp+=x.charAt(Math.ceil(8*Math.random()));tmp;}"): null&#xD;
&#xD;
2019-09-05 11:09:45 - [TEST_STEP][PASSED] - tel2 = selenium.getEval("{var x="123456789"; var tmp=""; for (i=0;i&lt;3;i++) tmp+=x.charAt(Math.ceil(8*Math.random()));tmp;}"): null&#xD;
&#xD;
2019-09-05 11:09:45 - [TEST_STEP][PASSED] - tel3 = selenium.getEval("{var x="123456789"; var tmp=""; for (i=0;i&lt;4;i++) tmp+=x.charAt(Math.ceil(8*Math.random()));tmp;}"): null&#xD;
&#xD;
2019-09-05 11:09:45 - [TEST_STEP][PASSED] - Tel = selenium.getExpression(tel1 + "-" + tel2 + "-" + tel3): null&#xD;
&#xD;
2019-09-05 11:09:45 - [TEST_STEP][PASSED] - AutoEmail = selenium.getEval("{var x="ABCDEFGHIJKLMNOPQRSTUVWXYZabcdefghijklmnopqrstuvwxyz"; var tmp="test."; for (i=0;i&lt;8;i++) tmp+=x.charAt(Math.ceil(51*Math.random()));tmp+="@suryani.cn";}"): null&#xD;
&#xD;
2019-09-05 11:09:45 - [TEST_STEP][PASSED] - FirstName = FirstName: null&#xD;
&#xD;
2019-09-05 11:09:45 - [TEST_STEP][PASSED] - LastName = LastName: null&#xD;
&#xD;
2019-09-05 11:09:45 - [TEST_STEP][PASSED] - Address = Address: null&#xD;
&#xD;
2019-09-05 11:09:45 - [TEST_STEP][PASSED] - City = City: null&#xD;
&#xD;
2019-09-05 11:09:45 - [TEST_STEP][PASSED] - Tel = Tel: null&#xD;
&#xD;
2019-09-05 11:09:45 - [TEST_STEP][PASSED] - AutoEmail = AutoEmail: null&#xD;
&#xD;
2019-09-05 11:09:45 - [TEST_STEP][PASSED] - println(FirstName): null&#xD;
&#xD;
2019-09-05 11:09:45 - [TEST_STEP][PASSED] - println(LastName): null&#xD;
&#xD;
2019-09-05 11:09:45 - [TEST_STEP][PASSED] - println(Address): null&#xD;
&#xD;
2019-09-05 11:09:45 - [TEST_STEP][PASSED] - println(City): null&#xD;
&#xD;
2019-09-05 11:09:45 - [TEST_STEP][PASSED] - println(Tel): null&#xD;
&#xD;
2019-09-05 11:09:45 - [TEST_STEP][PASSED] - println(AutoEmail): null&#xD;
&#xD;
2019-09-05 11:09:45 - [MESSAGE][PASSED] - Call Test Case 'Test Cases/mobileWeb/_include/name' successfully&#xD;
&#xD;
2019-09-05 11:09:45 - [TEST_STEP][PASSED] - setText(findTestObject("mobileSanity/HBI/Page_App Page 1/input__member-P-1-firstName"), FirstName): Text 'Test-123' is set on object 'Object Repository/mobileSanity/HBI/Page_App Page 1/input__member-P-1-firstName'&#xD;
&#xD;
2019-09-05 11:09:45 - [MESSAGE][PASSED] - Text 'Test-123' is set on object 'Object Repository/mobileSanity/HBI/Page_App Page 1/input__member-P-1-firstName'&#xD;
&#xD;
2019-09-05 11:09:45 - [TEST_STEP][PASSED] - setText(findTestObject("mobileSanity/HBI/Page_App Page 1/input__member-P-1-lastName"), LastName): Text 'ZZ11-sjKQrHDi' is set on object 'Object Repository/mobileSanity/HBI/Page_App Page 1/input__member-P-1-lastName'&#xD;
&#xD;
2019-09-05 11:09:46 - [MESSAGE][PASSED] - Text 'ZZ11-sjKQrHDi' is set on object 'Object Repository/mobileSanity/HBI/Page_App Page 1/input__member-P-1-lastName'&#xD;
&#xD;
2019-09-05 11:09:46 - [TEST_STEP][PASSED] - if (carrier == "agileone" || carrier == "agilesecure"): null&#xD;
&#xD;
2019-09-05 11:09:46 - [TEST_STEP][PASSED] - setText(findTestObject("mobileSanity/HBI/Page_App Page 1/input__address"), Address): Text 'psnoSQTE' is set on object 'Object Repository/mobileSanity/HBI/Page_App Page 1/input__address'&#xD;
&#xD;
2019-09-05 11:09:46 - [MESSAGE][PASSED] - Text 'psnoSQTE' is set on object 'Object Repository/mobileSanity/HBI/Page_App Page 1/input__address'&#xD;
&#xD;
2019-09-05 11:09:46 - [TEST_STEP][PASSED] - setText(findTestObject("mobileSanity/HBI/Page_App Page 1/input__city"), City): Text 'VIxFqgZe' is set on object 'Object Repository/mobileSanity/HBI/Page_App Page 1/input__city'&#xD;
&#xD;
2019-09-05 11:09:46 - [MESSAGE][PASSED] - Text 'VIxFqgZe' is set on object 'Object Repository/mobileSanity/HBI/Page_App Page 1/input__city'&#xD;
&#xD;
2019-09-05 11:09:46 - [TEST_STEP][PASSED] - setText(findTestObject("mobileSanity/HBI/Page_App Page 1/input__email"), AutoEmail): Text 'test.SHyyntjh@suryani.cn' is set on object 'Object Repository/mobileSanity/HBI/Page_App Page 1/input__email'&#xD;
&#xD;
2019-09-05 11:09:47 - [MESSAGE][PASSED] - Text 'test.SHyyntjh@suryani.cn' is set on object 'Object Repository/mobileSanity/HBI/Page_App Page 1/input__email'&#xD;
&#xD;
2019-09-05 11:09:47 - [TEST_STEP][PASSED] - setText(findTestObject("mobileSanity/HBI/Page_App Page 1/input_tel"), Tel): Text '939-358-4355' is set on object 'Object Repository/mobileSanity/HBI/Page_App Page 1/input_tel'&#xD;
&#xD;
2019-09-05 11:09:47 - [MESSAGE][PASSED] - Text '939-358-4355' is set on object 'Object Repository/mobileSanity/HBI/Page_App Page 1/input_tel'&#xD;
&#xD;
2019-09-05 11:09:47 - [TEST_STEP][PASSED] - click(findTestObject("mobileSanity/HBI/Page_App Page 1/a_Continue to Step 2 - Payment")): Object: 'Object Repository/mobileSanity/HBI/Page_App Page 1/a_Continue to Step 2 - Payment' is clicked on&#xD;
&#xD;
2019-09-05 11:09:47 - [MESSAGE][PASSED] - Object: 'Object Repository/mobileSanity/HBI/Page_App Page 1/a_Continue to Step 2 - Payment' is clicked on&#xD;
&#xD;
2019-09-05 11:09:47 - [TEST_STEP][PASSED] - waitForPageLoad(20): Wait for page load successfully&#xD;
&#xD;
2019-09-05 11:09:47 - [MESSAGE][PASSED] - Wait for page load successfully&#xD;
&#xD;
2019-09-05 11:09:47 - [TEST_STEP][PASSED] - Thread.sleep(2000): null&#xD;
&#xD;
2019-09-05 11:09:49 - [TEST_STEP][PASSED] - waitForElementVisible(findTestObject("mobileSanity/HBI/Page_App Page 2/input__credit-card-first"), 20): Object 'Object Repository/mobileSanity/HBI/Page_App Page 2/input__credit-card-first' is visible&#xD;
&#xD;
2019-09-05 11:09:49 - [MESSAGE][PASSED] - Object 'Object Repository/mobileSanity/HBI/Page_App Page 2/input__credit-card-first' is visible&#xD;
&#xD;
2019-09-05 11:09:49 - [TEST_STEP][PASSED] - callTestCase(findTestCase("mobileWeb/_include/get_screenshot"), [:], STOP_ON_FAILURE): Call Test Case 'Test Cases/mobileWeb/_include/get_screenshot' successfully&#xD;
&#xD;
2019-09-05 11:09:49 - [TEST_CASE][PASSED] - Test Cases/mobileWeb/_include/get_screenshot: Test Cases/mobileWeb/_include/get_screenshot&#xD;
&#xD;
2019-09-05 11:09:49 - [TEST_STEP][PASSED] - takeScreenshot(screenPath + i + ".png"): Taking screenshot successfully&#xD;
&#xD;
2019-09-05 11:09:50 - [MESSAGE][PASSED] - Taking screenshot successfully&#xD;
[[ATTACHMENT|D:\\Test\\AgileTest\\AgileTest\\Reports\\mobileWeb\\hbi\\20190905_105643\\../Screenshots/iPhone X/hbi/Fixed Cash Benefit/20190905_110856/6.png]]&#xD;
&#xD;
2019-09-05 11:09:50 - [TEST_STEP][PASSED] - (internal.GlobalVariable.i++): null&#xD;
&#xD;
2019-09-05 11:09:50 - [MESSAGE][PASSED] - Call Test Case 'Test Cases/mobileWeb/_include/get_screenshot' successfully&#xD;
&#xD;
2019-09-05 11:09:50 - [TEST_STEP][PASSED] - setText(findTestObject("mobileSanity/HBI/Page_App Page 2/input__credit-card-first"), FirstName): Text 'Test-123' is set on object 'Object Repository/mobileSanity/HBI/Page_App Page 2/input__credit-card-first'&#xD;
&#xD;
2019-09-05 11:09:50 - [MESSAGE][PASSED] - Text 'Test-123' is set on object 'Object Repository/mobileSanity/HBI/Page_App Page 2/input__credit-card-first'&#xD;
&#xD;
2019-09-05 11:09:50 - [TEST_STEP][PASSED] - setText(findTestObject("mobileSanity/HBI/Page_App Page 2/input__credit-card-last"), LastName): Text 'ZZ11-sjKQrHDi' is set on object 'Object Repository/mobileSanity/HBI/Page_App Page 2/input__credit-card-last'&#xD;
&#xD;
2019-09-05 11:09:50 - [MESSAGE][PASSED] - Text 'ZZ11-sjKQrHDi' is set on object 'Object Repository/mobileSanity/HBI/Page_App Page 2/input__credit-card-last'&#xD;
&#xD;
2019-09-05 11:09:50 - [TEST_STEP][PASSED] - selectOptionByValue(findTestObject("mobileSanity/HBI/Page_App Page 2/select_MM010203040506070809101"), "12", true): All options with value '12' are selected in object 'Object Repository/mobileSanity/HBI/Page_App Page 2/select_MM010203040506070809101'  using regular expression&#xD;
&#xD;
2019-09-05 11:09:51 - [MESSAGE][PASSED] - All options with value '12' are selected in object 'Object Repository/mobileSanity/HBI/Page_App Page 2/select_MM010203040506070809101'  using regular expression&#xD;
&#xD;
2019-09-05 11:09:51 - [TEST_STEP][PASSED] - selectOptionByValue(findTestObject("mobileSanity/HBI/Page_App Page 2/select_YYYY2019202020212022202"), "2026", true): All options with value '2026' are selected in object 'Object Repository/mobileSanity/HBI/Page_App Page 2/select_YYYY2019202020212022202'  using regular expression&#xD;
&#xD;
2019-09-05 11:09:51 - [MESSAGE][PASSED] - All options with value '2026' are selected in object 'Object Repository/mobileSanity/HBI/Page_App Page 2/select_YYYY2019202020212022202'  using regular expression&#xD;
&#xD;
2019-09-05 11:09:51 - [TEST_STEP][PASSED] - setText(findTestObject("mobileSanity/HBI/Page_App Page 2/input__credit-card-number"), "4111111111111111"): Text '4111111111111111' is set on object 'Object Repository/mobileSanity/HBI/Page_App Page 2/input__credit-card-number'&#xD;
&#xD;
2019-09-05 11:09:52 - [MESSAGE][PASSED] - Text '4111111111111111' is set on object 'Object Repository/mobileSanity/HBI/Page_App Page 2/input__credit-card-number'&#xD;
&#xD;
2019-09-05 11:09:52 - [TEST_STEP][PASSED] - setText(findTestObject("mobileSanity/HBI/Page_App Page 2/input__cvv"), "123"): Text '123' is set on object 'Object Repository/mobileSanity/HBI/Page_App Page 2/input__cvv'&#xD;
&#xD;
2019-09-05 11:09:52 - [MESSAGE][PASSED] - Text '123' is set on object 'Object Repository/mobileSanity/HBI/Page_App Page 2/input__cvv'&#xD;
&#xD;
2019-09-05 11:09:52 - [TEST_STEP][PASSED] - click(findTestObject("mobileSanity/HBI/Page_App Page 2/label_My billing address is th")): Object: 'Object Repository/mobileSanity/HBI/Page_App Page 2/label_My billing address is th' is clicked on&#xD;
&#xD;
2019-09-05 11:09:52 - [MESSAGE][PASSED] - Object: 'Object Repository/mobileSanity/HBI/Page_App Page 2/label_My billing address is th' is clicked on&#xD;
&#xD;
2019-09-05 11:09:52 - [TEST_STEP][PASSED] - click(findTestObject("mobileSanity/HBI/Page_App Page 2/label_I Accept Authorization f")): Object: 'Object Repository/mobileSanity/HBI/Page_App Page 2/label_I Accept Authorization f' is clicked on&#xD;
&#xD;
2019-09-05 11:09:52 - [MESSAGE][PASSED] - Object: 'Object Repository/mobileSanity/HBI/Page_App Page 2/label_I Accept Authorization f' is clicked on&#xD;
&#xD;
2019-09-05 11:09:52 - [TEST_STEP][PASSED] - click(findTestObject("mobileSanity/HBI/Page_App Page 2/a_Continue to Step 3 - Review")): Object: 'Object Repository/mobileSanity/HBI/Page_App Page 2/a_Continue to Step 3 - Review' is clicked on&#xD;
&#xD;
2019-09-05 11:09:52 - [MESSAGE][PASSED] - Object: 'Object Repository/mobileSanity/HBI/Page_App Page 2/a_Continue to Step 3 - Review' is clicked on&#xD;
&#xD;
2019-09-05 11:09:52 - [TEST_STEP][PASSED] - waitForPageLoad(20): Wait for page load successfully&#xD;
&#xD;
2019-09-05 11:09:52 - [MESSAGE][PASSED] - Wait for page load successfully&#xD;
&#xD;
2019-09-05 11:09:52 - [TEST_STEP][PASSED] - Thread.sleep(10000): null&#xD;
&#xD;
2019-09-05 11:10:02 - [TEST_STEP][PASSED] - waitForElementPresent(findTestObject("mobileSanity/HBI/Page_App Page 3/label"), 20): Object 'Object Repository/mobileSanity/HBI/Page_App Page 3/label' is present&#xD;
&#xD;
2019-09-05 11:10:04 - [MESSAGE][PASSED] - Object 'Object Repository/mobileSanity/HBI/Page_App Page 3/label' is present&#xD;
&#xD;
2019-09-05 11:10:04 - [TEST_STEP][PASSED] - callTestCase(findTestCase("mobileWeb/_include/get_screenshot"), [:], STOP_ON_FAILURE): Call Test Case 'Test Cases/mobileWeb/_include/get_screenshot' successfully&#xD;
&#xD;
2019-09-05 11:10:04 - [TEST_CASE][PASSED] - Test Cases/mobileWeb/_include/get_screenshot: Test Cases/mobileWeb/_include/get_screenshot&#xD;
&#xD;
2019-09-05 11:10:04 - [TEST_STEP][PASSED] - takeScreenshot(screenPath + i + ".png"): Taking screenshot successfully&#xD;
&#xD;
2019-09-05 11:10:05 - [MESSAGE][PASSED] - Taking screenshot successfully&#xD;
[[ATTACHMENT|D:\\Test\\AgileTest\\AgileTest\\Reports\\mobileWeb\\hbi\\20190905_105643\\../Screenshots/iPhone X/hbi/Fixed Cash Benefit/20190905_110856/7.png]]&#xD;
&#xD;
2019-09-05 11:10:05 - [TEST_STEP][PASSED] - (internal.GlobalVariable.i++): null&#xD;
&#xD;
2019-09-05 11:10:05 - [MESSAGE][PASSED] - Call Test Case 'Test Cases/mobileWeb/_include/get_screenshot' successfully&#xD;
&#xD;
2019-09-05 11:10:05 - [TEST_STEP][PASSED] - click(findTestObject("mobileSanity/HBI/Page_App Page 3/label")): Object: 'Object Repository/mobileSanity/HBI/Page_App Page 3/label' is clicked on&#xD;
&#xD;
2019-09-05 11:10:05 - [MESSAGE][PASSED] - Object: 'Object Repository/mobileSanity/HBI/Page_App Page 3/label' is clicked on&#xD;
&#xD;
2019-09-05 11:10:05 - [TEST_STEP][PASSED] - click(findTestObject("mobileSanity/HBI/Page_App Page 3/p_CLICK TO SIGN")): Object: 'Object Repository/mobileSanity/HBI/Page_App Page 3/p_CLICK TO SIGN' is clicked on&#xD;
&#xD;
2019-09-05 11:10:05 - [MESSAGE][PASSED] - Object: 'Object Repository/mobileSanity/HBI/Page_App Page 3/p_CLICK TO SIGN' is clicked on&#xD;
&#xD;
2019-09-05 11:10:05 - [TEST_STEP][PASSED] - click(findTestObject("mobileSanity/HBI/Page_App Page 3/a_Submit Your Application")): Object: 'Object Repository/mobileSanity/HBI/Page_App Page 3/a_Submit Your Application' is clicked on&#xD;
&#xD;
2019-09-05 11:10:05 - [MESSAGE][PASSED] - Object: 'Object Repository/mobileSanity/HBI/Page_App Page 3/a_Submit Your Application' is clicked on&#xD;
&#xD;
2019-09-05 11:10:05 - [TEST_STEP][PASSED] - Thread.sleep(30000): null&#xD;
&#xD;
2019-09-05 11:10:35 - [TEST_STEP][PASSED] - callTestCase(findTestCase("mobileWeb/_include/get_screenshot"), [:], STOP_ON_FAILURE): Call Test Case 'Test Cases/mobileWeb/_include/get_screenshot' successfully&#xD;
&#xD;
2019-09-05 11:10:35 - [TEST_CASE][PASSED] - Test Cases/mobileWeb/_include/get_screenshot: Test Cases/mobileWeb/_include/get_screenshot&#xD;
&#xD;
2019-09-05 11:10:35 - [TEST_STEP][PASSED] - takeScreenshot(screenPath + i + ".png"): Taking screenshot successfully&#xD;
&#xD;
2019-09-05 11:10:36 - [MESSAGE][PASSED] - Taking screenshot successfully&#xD;
[[ATTACHMENT|D:\\Test\\AgileTest\\AgileTest\\Reports\\mobileWeb\\hbi\\20190905_105643\\../Screenshots/iPhone X/hbi/Fixed Cash Benefit/20190905_110856/8.png]]&#xD;
&#xD;
2019-09-05 11:10:36 - [TEST_STEP][PASSED] - (internal.GlobalVariable.i++): null&#xD;
&#xD;
2019-09-05 11:10:36 - [MESSAGE][PASSED] - Call Test Case 'Test Cases/mobileWeb/_include/get_screenshot' successfully&#xD;
&#xD;
2019-09-05 11:10:36 - [TEST_STEP][PASSED] - verifyTextPresent("Congratulations", false): Text 'Congratulations' is present on page &#xD;
&#xD;
2019-09-05 11:10:36 - [MESSAGE][PASSED] - Text 'Congratulations' is present on page &#xD;
&#xD;
2019-09-05 11:10:36 - [MESSAGE][PASSED] - Call Test Case 'Test Cases/mobileWeb/_include/goToEnd_hbi' successfully</system-out>
            <system-err></system-err>
        </testcase>
        <testcase name="Test Cases/mobileWeb/HBI/Health Choice" classname="Test Cases/mobileWeb/HBI/Health Choice" status="PASSED">
            <system-out>2019-09-05 11:10:36 - [TEST_CASE][PASSED] - Test Cases/mobileWeb/HBI/Health Choice: Test Cases/mobileWeb/HBI/Health Choice&#xD;
&#xD;
2019-09-05 11:10:37 - [TEST_STEP][PASSED] - callTestCase(findTestCase("mobileWeb/_include/get_screenPath"), ["productLine":"hbi", "carrierName":"Health Choice"], CONTINUE_ON_FAILURE): Call Test Case 'Test Cases/mobileWeb/_include/get_screenPath' successfully&#xD;
&#xD;
2019-09-05 11:10:37 - [TEST_CASE][PASSED] - Test Cases/mobileWeb/_include/get_screenPath: Test Cases/mobileWeb/_include/get_screenPath&#xD;
&#xD;
2019-09-05 11:10:37 - [TEST_STEP][PASSED] - m = getExecutionProperties(): null&#xD;
&#xD;
2019-09-05 11:10:37 - [TEST_STEP][PASSED] - deviceName = get("mobileEmulation").get("deviceName"): null&#xD;
&#xD;
2019-09-05 11:10:37 - [TEST_STEP][PASSED] - println(deviceName): null&#xD;
&#xD;
2019-09-05 11:10:37 - [TEST_STEP][PASSED] - now = new java.util.Date(): null&#xD;
&#xD;
2019-09-05 11:10:37 - [TEST_STEP][PASSED] - mydate = now.format("yyyyMMdd_HHmmss"): null&#xD;
&#xD;
2019-09-05 11:10:37 - [TEST_STEP][PASSED] - screenPath = "../Screenshots/": null&#xD;
&#xD;
2019-09-05 11:10:37 - [TEST_STEP][PASSED] - screenPath = screenPath + deviceName + "/" + productLine + "/" + carrierName + "/" + mydate + "/": null&#xD;
&#xD;
2019-09-05 11:10:37 - [TEST_STEP][PASSED] - println(screenPath): null&#xD;
&#xD;
2019-09-05 11:10:37 - [MESSAGE][PASSED] - Call Test Case 'Test Cases/mobileWeb/_include/get_screenPath' successfully&#xD;
&#xD;
2019-09-05 11:10:37 - [TEST_STEP][PASSED] - i = 0: null&#xD;
&#xD;
2019-09-05 11:10:37 - [TEST_STEP][PASSED] - callTestCase(findTestCase("mobileWeb/_include/openWebSite"), [:], CONTINUE_ON_FAILURE): Call Test Case 'Test Cases/mobileWeb/_include/openWebSite' successfully&#xD;
&#xD;
2019-09-05 11:10:37 - [TEST_CASE][PASSED] - Test Cases/mobileWeb/_include/openWebSite: Test Cases/mobileWeb/_include/openWebSite&#xD;
&#xD;
2019-09-05 11:10:37 - [TEST_STEP][PASSED] - openBrowser(env): Browser is opened with url: 'https://praetemptatus.agilehealthinsurance.com'&#xD;
&#xD;
2019-09-05 11:10:37 - [MESSAGE][WARNING] - A browser is already opened. Closing browser and opening a new one&#xD;
&#xD;
2019-09-05 11:10:38 - [MESSAGE][INFO] - Starting 'Chrome' driver&#xD;
&#xD;
2019-09-05 11:10:38 - [MESSAGE][INFO] - User set preference: ['mobileEmulation', '{deviceName=iPhone X}']&#xD;
&#xD;
2019-09-05 11:10:38 - [MESSAGE][INFO] - User set preference: ['args', '[--incognito, --aggressive-cache-discard, --no-sandbox, --window-size=375,812]']&#xD;
&#xD;
2019-09-05 11:10:43 - [MESSAGE][PASSED] - Browser is opened with url: 'https://praetemptatus.agilehealthinsurance.com'&#xD;
&#xD;
2019-09-05 11:10:43 - [TEST_STEP][PASSED] - waitForPageLoad(20): Wait for page load successfully&#xD;
&#xD;
2019-09-05 11:10:43 - [MESSAGE][PASSED] - Wait for page load successfully&#xD;
&#xD;
2019-09-05 11:10:43 - [TEST_STEP][PASSED] - callTestCase(findTestCase("mobileWeb/_include/get_screenshot"), [:], STOP_ON_FAILURE): Call Test Case 'Test Cases/mobileWeb/_include/get_screenshot' successfully&#xD;
&#xD;
2019-09-05 11:10:43 - [TEST_CASE][PASSED] - Test Cases/mobileWeb/_include/get_screenshot: Test Cases/mobileWeb/_include/get_screenshot&#xD;
&#xD;
2019-09-05 11:10:43 - [TEST_STEP][PASSED] - takeScreenshot(screenPath + i + ".png"): Taking screenshot successfully&#xD;
&#xD;
2019-09-05 11:10:46 - [MESSAGE][PASSED] - Taking screenshot successfully&#xD;
[[ATTACHMENT|D:\\Test\\AgileTest\\AgileTest\\Reports\\mobileWeb\\hbi\\20190905_105643\\../Screenshots/iPhone X/hbi/Health Choice/20190905_111037/0.png]]&#xD;
&#xD;
2019-09-05 11:10:46 - [TEST_STEP][PASSED] - (internal.GlobalVariable.i++): null&#xD;
&#xD;
2019-09-05 11:10:46 - [MESSAGE][PASSED] - Call Test Case 'Test Cases/mobileWeb/_include/get_screenshot' successfully&#xD;
&#xD;
2019-09-05 11:10:46 - [MESSAGE][PASSED] - Call Test Case 'Test Cases/mobileWeb/_include/openWebSite' successfully&#xD;
&#xD;
2019-09-05 11:10:46 - [TEST_STEP][PASSED] - callTestCase(findTestCase("mobileWeb/_include/census_hbi"), [:], CONTINUE_ON_FAILURE): Call Test Case 'Test Cases/mobileWeb/_include/census_hbi' successfully&#xD;
&#xD;
2019-09-05 11:10:46 - [TEST_CASE][PASSED] - Test Cases/mobileWeb/_include/census_hbi: Test Cases/mobileWeb/_include/census_hbi&#xD;
&#xD;
2019-09-05 11:10:46 - [TEST_STEP][PASSED] - click(findTestObject("mobileSanity/Common/side_nav/menu")): Object: 'Object Repository/mobileSanity/Common/side_nav/menu' is clicked on&#xD;
&#xD;
2019-09-05 11:10:46 - [MESSAGE][PASSED] - Object: 'Object Repository/mobileSanity/Common/side_nav/menu' is clicked on&#xD;
&#xD;
2019-09-05 11:10:46 - [TEST_STEP][PASSED] - Thread.sleep(3000): null&#xD;
&#xD;
2019-09-05 11:10:49 - [TEST_STEP][PASSED] - click(findTestObject("mobileSanity/Common/side_nav/nav_hbi")): Object: 'Object Repository/mobileSanity/Common/side_nav/nav_hbi' is clicked on&#xD;
&#xD;
2019-09-05 11:10:51 - [MESSAGE][PASSED] - Object: 'Object Repository/mobileSanity/Common/side_nav/nav_hbi' is clicked on&#xD;
&#xD;
2019-09-05 11:10:51 - [TEST_STEP][PASSED] - waitForPageLoad(10): Wait for page load successfully&#xD;
&#xD;
2019-09-05 11:10:51 - [MESSAGE][PASSED] - Wait for page load successfully&#xD;
&#xD;
2019-09-05 11:10:51 - [TEST_STEP][PASSED] - callTestCase(findTestCase("mobileWeb/_include/get_screenshot"), [:], STOP_ON_FAILURE): Call Test Case 'Test Cases/mobileWeb/_include/get_screenshot' successfully&#xD;
&#xD;
2019-09-05 11:10:51 - [TEST_CASE][PASSED] - Test Cases/mobileWeb/_include/get_screenshot: Test Cases/mobileWeb/_include/get_screenshot&#xD;
&#xD;
2019-09-05 11:10:51 - [TEST_STEP][PASSED] - takeScreenshot(screenPath + i + ".png"): Taking screenshot successfully&#xD;
&#xD;
2019-09-05 11:10:52 - [MESSAGE][PASSED] - Taking screenshot successfully&#xD;
[[ATTACHMENT|D:\\Test\\AgileTest\\AgileTest\\Reports\\mobileWeb\\hbi\\20190905_105643\\../Screenshots/iPhone X/hbi/Health Choice/20190905_111037/1.png]]&#xD;
&#xD;
2019-09-05 11:10:52 - [TEST_STEP][PASSED] - (internal.GlobalVariable.i++): null&#xD;
&#xD;
2019-09-05 11:10:52 - [MESSAGE][PASSED] - Call Test Case 'Test Cases/mobileWeb/_include/get_screenshot' successfully&#xD;
&#xD;
2019-09-05 11:10:52 - [TEST_STEP][PASSED] - setText(findTestObject("mobileSanity/HBI/census/input_Location_zip-input"), zipcode): Text '35215' is set on object 'Object Repository/mobileSanity/HBI/census/input_Location_zip-input'&#xD;
&#xD;
2019-09-05 11:10:53 - [MESSAGE][PASSED] - Text '35215' is set on object 'Object Repository/mobileSanity/HBI/census/input_Location_zip-input'&#xD;
&#xD;
2019-09-05 11:10:53 - [TEST_STEP][PASSED] - Thread.sleep(500): null&#xD;
&#xD;
2019-09-05 11:10:53 - [TEST_STEP][PASSED] - setText(findTestObject("mobileSanity/HBI/census/input_Date of Birth_dob-0"), "12121980"): Text '12121980' is set on object 'Object Repository/mobileSanity/HBI/census/input_Date of Birth_dob-0'&#xD;
&#xD;
2019-09-05 11:10:53 - [MESSAGE][PASSED] - Text '12121980' is set on object 'Object Repository/mobileSanity/HBI/census/input_Date of Birth_dob-0'&#xD;
&#xD;
2019-09-05 11:10:53 - [TEST_STEP][PASSED] - click(findTestObject("mobileSanity/HBI/census/label_Male")): Object: 'Object Repository/mobileSanity/HBI/census/label_Male' is clicked on&#xD;
&#xD;
2019-09-05 11:10:53 - [MESSAGE][PASSED] - Object: 'Object Repository/mobileSanity/HBI/census/label_Male' is clicked on&#xD;
&#xD;
2019-09-05 11:10:53 - [TEST_STEP][PASSED] - click(findTestObject("mobileSanity/HBI/census/label_Get a Quote")): Object: 'Object Repository/mobileSanity/HBI/census/label_Get a Quote' is clicked on&#xD;
&#xD;
2019-09-05 11:10:54 - [MESSAGE][PASSED] - Object: 'Object Repository/mobileSanity/HBI/census/label_Get a Quote' is clicked on&#xD;
&#xD;
2019-09-05 11:10:54 - [TEST_STEP][PASSED] - waitForPageLoad(20): Wait for page load successfully&#xD;
&#xD;
2019-09-05 11:10:54 - [MESSAGE][PASSED] - Wait for page load successfully&#xD;
&#xD;
2019-09-05 11:10:54 - [TEST_STEP][PASSED] - callTestCase(findTestCase("mobileWeb/_include/get_screenshot"), [:], STOP_ON_FAILURE): Call Test Case 'Test Cases/mobileWeb/_include/get_screenshot' successfully&#xD;
&#xD;
2019-09-05 11:10:54 - [TEST_CASE][PASSED] - Test Cases/mobileWeb/_include/get_screenshot: Test Cases/mobileWeb/_include/get_screenshot&#xD;
&#xD;
2019-09-05 11:10:54 - [TEST_STEP][PASSED] - takeScreenshot(screenPath + i + ".png"): Taking screenshot successfully&#xD;
&#xD;
2019-09-05 11:10:59 - [MESSAGE][PASSED] - Taking screenshot successfully&#xD;
[[ATTACHMENT|D:\\Test\\AgileTest\\AgileTest\\Reports\\mobileWeb\\hbi\\20190905_105643\\../Screenshots/iPhone X/hbi/Health Choice/20190905_111037/2.png]]&#xD;
&#xD;
2019-09-05 11:10:59 - [TEST_STEP][PASSED] - (internal.GlobalVariable.i++): null&#xD;
&#xD;
2019-09-05 11:10:59 - [MESSAGE][PASSED] - Call Test Case 'Test Cases/mobileWeb/_include/get_screenshot' successfully&#xD;
&#xD;
2019-09-05 11:10:59 - [MESSAGE][PASSED] - Call Test Case 'Test Cases/mobileWeb/_include/census_hbi' successfully&#xD;
&#xD;
2019-09-05 11:10:59 - [TEST_STEP][PASSED] - Thread.sleep(5000): null&#xD;
&#xD;
2019-09-05 11:11:04 - [TEST_STEP][PASSED] - scrollToPosition(200, 2300): Browser is scrolled to position x = 200, y = 2300&#xD;
&#xD;
2019-09-05 11:11:04 - [MESSAGE][PASSED] - Browser is scrolled to position x = 200, y = 2300&#xD;
&#xD;
2019-09-05 11:11:04 - [TEST_STEP][PASSED] - click(findTestObject("mobileSanity/HBI/quote/a_Health Choice")): Object: 'Object Repository/mobileSanity/HBI/quote/a_Health Choice' is clicked on&#xD;
&#xD;
2019-09-05 11:11:08 - [MESSAGE][PASSED] - Object: 'Object Repository/mobileSanity/HBI/quote/a_Health Choice' is clicked on&#xD;
&#xD;
2019-09-05 11:11:08 - [TEST_STEP][PASSED] - waitForPageLoad(20): Wait for page load successfully&#xD;
&#xD;
2019-09-05 11:11:08 - [MESSAGE][PASSED] - Wait for page load successfully&#xD;
&#xD;
2019-09-05 11:11:08 - [TEST_STEP][PASSED] - callTestCase(findTestCase("mobileWeb/_include/get_screenshot"), [:], STOP_ON_FAILURE): Call Test Case 'Test Cases/mobileWeb/_include/get_screenshot' successfully&#xD;
&#xD;
2019-09-05 11:11:08 - [TEST_CASE][PASSED] - Test Cases/mobileWeb/_include/get_screenshot: Test Cases/mobileWeb/_include/get_screenshot&#xD;
&#xD;
2019-09-05 11:11:08 - [TEST_STEP][PASSED] - takeScreenshot(screenPath + i + ".png"): Taking screenshot successfully&#xD;
&#xD;
2019-09-05 11:11:09 - [MESSAGE][PASSED] - Taking screenshot successfully&#xD;
[[ATTACHMENT|D:\\Test\\AgileTest\\AgileTest\\Reports\\mobileWeb\\hbi\\20190905_105643\\../Screenshots/iPhone X/hbi/Health Choice/20190905_111037/3.png]]&#xD;
&#xD;
2019-09-05 11:11:09 - [TEST_STEP][PASSED] - (internal.GlobalVariable.i++): null&#xD;
&#xD;
2019-09-05 11:11:09 - [MESSAGE][PASSED] - Call Test Case 'Test Cases/mobileWeb/_include/get_screenshot' successfully&#xD;
&#xD;
2019-09-05 11:11:09 - [TEST_STEP][PASSED] - click(findTestObject("mobileSanity/HBI/detail/a_Apply for This Plan")): Object: 'Object Repository/mobileSanity/HBI/detail/a_Apply for This Plan' is clicked on&#xD;
&#xD;
2019-09-05 11:11:10 - [MESSAGE][PASSED] - Object: 'Object Repository/mobileSanity/HBI/detail/a_Apply for This Plan' is clicked on&#xD;
&#xD;
2019-09-05 11:11:10 - [TEST_STEP][PASSED] - waitForPageLoad(20): Wait for page load successfully&#xD;
&#xD;
2019-09-05 11:11:11 - [MESSAGE][PASSED] - Wait for page load successfully&#xD;
&#xD;
2019-09-05 11:11:11 - [TEST_STEP][PASSED] - callTestCase(findTestCase("mobileWeb/_include/get_screenshot"), [:], STOP_ON_FAILURE): Call Test Case 'Test Cases/mobileWeb/_include/get_screenshot' successfully&#xD;
&#xD;
2019-09-05 11:11:11 - [TEST_CASE][PASSED] - Test Cases/mobileWeb/_include/get_screenshot: Test Cases/mobileWeb/_include/get_screenshot&#xD;
&#xD;
2019-09-05 11:11:11 - [TEST_STEP][PASSED] - takeScreenshot(screenPath + i + ".png"): Taking screenshot successfully&#xD;
&#xD;
2019-09-05 11:11:11 - [MESSAGE][PASSED] - Taking screenshot successfully&#xD;
[[ATTACHMENT|D:\\Test\\AgileTest\\AgileTest\\Reports\\mobileWeb\\hbi\\20190905_105643\\../Screenshots/iPhone X/hbi/Health Choice/20190905_111037/4.png]]&#xD;
&#xD;
2019-09-05 11:11:11 - [TEST_STEP][PASSED] - (internal.GlobalVariable.i++): null&#xD;
&#xD;
2019-09-05 11:11:11 - [MESSAGE][PASSED] - Call Test Case 'Test Cases/mobileWeb/_include/get_screenshot' successfully&#xD;
&#xD;
2019-09-05 11:11:11 - [TEST_STEP][PASSED] - click(findTestObject("mobileSanity/HBI/Page_Apply/span_Start Secure Application")): Object: 'Object Repository/mobileSanity/HBI/Page_Apply/span_Start Secure Application' is clicked on&#xD;
&#xD;
2019-09-05 11:11:13 - [MESSAGE][PASSED] - Object: 'Object Repository/mobileSanity/HBI/Page_Apply/span_Start Secure Application' is clicked on&#xD;
&#xD;
2019-09-05 11:11:13 - [TEST_STEP][PASSED] - waitForPageLoad(20): Wait for page load successfully&#xD;
&#xD;
2019-09-05 11:11:14 - [MESSAGE][PASSED] - Wait for page load successfully&#xD;
&#xD;
2019-09-05 11:11:14 - [TEST_STEP][PASSED] - Thread.sleep(5000): null&#xD;
&#xD;
2019-09-05 11:11:19 - [TEST_STEP][PASSED] - callTestCase(findTestCase("mobileWeb/_include/get_screenshot"), [:], STOP_ON_FAILURE): Call Test Case 'Test Cases/mobileWeb/_include/get_screenshot' successfully&#xD;
&#xD;
2019-09-05 11:11:19 - [TEST_CASE][PASSED] - Test Cases/mobileWeb/_include/get_screenshot: Test Cases/mobileWeb/_include/get_screenshot&#xD;
&#xD;
2019-09-05 11:11:19 - [TEST_STEP][PASSED] - takeScreenshot(screenPath + i + ".png"): Taking screenshot successfully&#xD;
&#xD;
2019-09-05 11:11:20 - [MESSAGE][PASSED] - Taking screenshot successfully&#xD;
[[ATTACHMENT|D:\\Test\\AgileTest\\AgileTest\\Reports\\mobileWeb\\hbi\\20190905_105643\\../Screenshots/iPhone X/hbi/Health Choice/20190905_111037/5.png]]&#xD;
&#xD;
2019-09-05 11:11:20 - [TEST_STEP][PASSED] - (internal.GlobalVariable.i++): null&#xD;
&#xD;
2019-09-05 11:11:20 - [MESSAGE][PASSED] - Call Test Case 'Test Cases/mobileWeb/_include/get_screenshot' successfully&#xD;
&#xD;
2019-09-05 11:11:20 - [TEST_STEP][PASSED] - callTestCase(findTestCase("mobileWeb/_include/goToEnd_hbi"), ["carrier":"healthchoiceplus"], CONTINUE_ON_FAILURE): Call Test Case 'Test Cases/mobileWeb/_include/goToEnd_hbi' successfully&#xD;
&#xD;
2019-09-05 11:11:20 - [TEST_CASE][PASSED] - Test Cases/mobileWeb/_include/goToEnd_hbi: Test Cases/mobileWeb/_include/goToEnd_hbi&#xD;
&#xD;
2019-09-05 11:11:20 - [TEST_STEP][PASSED] - if (state == "ca"): null&#xD;
&#xD;
2019-09-05 11:11:20 - [TEST_STEP][PASSED] - callTestCase(findTestCase("mobileWeb/_include/name"), [:], CONTINUE_ON_FAILURE): Call Test Case 'Test Cases/mobileWeb/_include/name' successfully&#xD;
&#xD;
2019-09-05 11:11:20 - [TEST_CASE][PASSED] - Test Cases/mobileWeb/_include/name: Test Cases/mobileWeb/_include/name&#xD;
&#xD;
2019-09-05 11:11:20 - [TEST_STEP][PASSED] - driver = getWebDriver(): null&#xD;
&#xD;
2019-09-05 11:11:20 - [TEST_STEP][PASSED] - selenium = new com.thoughtworks.selenium.webdriven.WebDriverBackedSelenium(driver, internal.GlobalVariable.ENV): null&#xD;
&#xD;
2019-09-05 11:11:20 - [TEST_STEP][PASSED] - FirstName = "Test-123": null&#xD;
&#xD;
2019-09-05 11:11:20 - [TEST_STEP][PASSED] - LastName = selenium.getEval("{var x="ABCDEFGHIJKLMNOPQRSTUVWXYZabcdefghijklmnopqrstuvwxyz"; var tmp="ZZ11-"; for (i=0;i&lt;8;i++) tmp+=x.charAt(Math.ceil(51*Math.random()));tmp;}"): null&#xD;
&#xD;
2019-09-05 11:11:20 - [TEST_STEP][PASSED] - Address = selenium.getEval("{var x="ABCDEFGHIJKLMNOPQRSTUVWXYZabcdefghijklmnopqrstuvwxyz"; var tmp=""; for (i=0;i&lt;8;i++) tmp+=x.charAt(Math.ceil(51*Math.random()));tmp;}"): null&#xD;
&#xD;
2019-09-05 11:11:20 - [TEST_STEP][PASSED] - City = selenium.getEval("{var x="ABCDEFGHIJKLMNOPQRSTUVWXYZabcdefghijklmnopqrstuvwxyz"; var tmp=""; for (i=0;i&lt;8;i++) tmp+=x.charAt(Math.ceil(51*Math.random()));tmp;}"): null&#xD;
&#xD;
2019-09-05 11:11:20 - [TEST_STEP][PASSED] - tel1 = selenium.getEval("{var x="123456789"; var tmp=""; for (i=0;i&lt;3;i++) tmp+=x.charAt(Math.ceil(8*Math.random()));tmp;}"): null&#xD;
&#xD;
2019-09-05 11:11:20 - [TEST_STEP][PASSED] - tel2 = selenium.getEval("{var x="123456789"; var tmp=""; for (i=0;i&lt;3;i++) tmp+=x.charAt(Math.ceil(8*Math.random()));tmp;}"): null&#xD;
&#xD;
2019-09-05 11:11:20 - [TEST_STEP][PASSED] - tel3 = selenium.getEval("{var x="123456789"; var tmp=""; for (i=0;i&lt;4;i++) tmp+=x.charAt(Math.ceil(8*Math.random()));tmp;}"): null&#xD;
&#xD;
2019-09-05 11:11:20 - [TEST_STEP][PASSED] - Tel = selenium.getExpression(tel1 + "-" + tel2 + "-" + tel3): null&#xD;
&#xD;
2019-09-05 11:11:20 - [TEST_STEP][PASSED] - AutoEmail = selenium.getEval("{var x="ABCDEFGHIJKLMNOPQRSTUVWXYZabcdefghijklmnopqrstuvwxyz"; var tmp="test."; for (i=0;i&lt;8;i++) tmp+=x.charAt(Math.ceil(51*Math.random()));tmp+="@suryani.cn";}"): null&#xD;
&#xD;
2019-09-05 11:11:20 - [TEST_STEP][PASSED] - FirstName = FirstName: null&#xD;
&#xD;
2019-09-05 11:11:20 - [TEST_STEP][PASSED] - LastName = LastName: null&#xD;
&#xD;
2019-09-05 11:11:20 - [TEST_STEP][PASSED] - Address = Address: null&#xD;
&#xD;
2019-09-05 11:11:20 - [TEST_STEP][PASSED] - City = City: null&#xD;
&#xD;
2019-09-05 11:11:20 - [TEST_STEP][PASSED] - Tel = Tel: null&#xD;
&#xD;
2019-09-05 11:11:20 - [TEST_STEP][PASSED] - AutoEmail = AutoEmail: null&#xD;
&#xD;
2019-09-05 11:11:20 - [TEST_STEP][PASSED] - println(FirstName): null&#xD;
&#xD;
2019-09-05 11:11:20 - [TEST_STEP][PASSED] - println(LastName): null&#xD;
&#xD;
2019-09-05 11:11:20 - [TEST_STEP][PASSED] - println(Address): null&#xD;
&#xD;
2019-09-05 11:11:20 - [TEST_STEP][PASSED] - println(City): null&#xD;
&#xD;
2019-09-05 11:11:20 - [TEST_STEP][PASSED] - println(Tel): null&#xD;
&#xD;
2019-09-05 11:11:20 - [TEST_STEP][PASSED] - println(AutoEmail): null&#xD;
&#xD;
2019-09-05 11:11:20 - [MESSAGE][PASSED] - Call Test Case 'Test Cases/mobileWeb/_include/name' successfully&#xD;
&#xD;
2019-09-05 11:11:20 - [TEST_STEP][PASSED] - setText(findTestObject("mobileSanity/HBI/Page_App Page 1/input__member-P-1-firstName"), FirstName): Text 'Test-123' is set on object 'Object Repository/mobileSanity/HBI/Page_App Page 1/input__member-P-1-firstName'&#xD;
&#xD;
2019-09-05 11:11:21 - [MESSAGE][PASSED] - Text 'Test-123' is set on object 'Object Repository/mobileSanity/HBI/Page_App Page 1/input__member-P-1-firstName'&#xD;
&#xD;
2019-09-05 11:11:21 - [TEST_STEP][PASSED] - setText(findTestObject("mobileSanity/HBI/Page_App Page 1/input__member-P-1-lastName"), LastName): Text 'ZZ11-feLzZiuw' is set on object 'Object Repository/mobileSanity/HBI/Page_App Page 1/input__member-P-1-lastName'&#xD;
&#xD;
2019-09-05 11:11:21 - [MESSAGE][PASSED] - Text 'ZZ11-feLzZiuw' is set on object 'Object Repository/mobileSanity/HBI/Page_App Page 1/input__member-P-1-lastName'&#xD;
&#xD;
2019-09-05 11:11:21 - [TEST_STEP][PASSED] - if (carrier == "agileone" || carrier == "agilesecure"): null&#xD;
&#xD;
2019-09-05 11:11:21 - [TEST_STEP][PASSED] - setText(findTestObject("mobileSanity/HBI/Page_App Page 1/input__address"), Address): Text 'ltTBkOCn' is set on object 'Object Repository/mobileSanity/HBI/Page_App Page 1/input__address'&#xD;
&#xD;
2019-09-05 11:11:21 - [MESSAGE][PASSED] - Text 'ltTBkOCn' is set on object 'Object Repository/mobileSanity/HBI/Page_App Page 1/input__address'&#xD;
&#xD;
2019-09-05 11:11:21 - [TEST_STEP][PASSED] - setText(findTestObject("mobileSanity/HBI/Page_App Page 1/input__city"), City): Text 'LNmGvFsd' is set on object 'Object Repository/mobileSanity/HBI/Page_App Page 1/input__city'&#xD;
&#xD;
2019-09-05 11:11:22 - [MESSAGE][PASSED] - Text 'LNmGvFsd' is set on object 'Object Repository/mobileSanity/HBI/Page_App Page 1/input__city'&#xD;
&#xD;
2019-09-05 11:11:22 - [TEST_STEP][PASSED] - setText(findTestObject("mobileSanity/HBI/Page_App Page 1/input__email"), AutoEmail): Text 'test.xXXPJqKV@suryani.cn' is set on object 'Object Repository/mobileSanity/HBI/Page_App Page 1/input__email'&#xD;
&#xD;
2019-09-05 11:11:22 - [MESSAGE][PASSED] - Text 'test.xXXPJqKV@suryani.cn' is set on object 'Object Repository/mobileSanity/HBI/Page_App Page 1/input__email'&#xD;
&#xD;
2019-09-05 11:11:22 - [TEST_STEP][PASSED] - setText(findTestObject("mobileSanity/HBI/Page_App Page 1/input_tel"), Tel): Text '548-948-5737' is set on object 'Object Repository/mobileSanity/HBI/Page_App Page 1/input_tel'&#xD;
&#xD;
2019-09-05 11:11:22 - [MESSAGE][PASSED] - Text '548-948-5737' is set on object 'Object Repository/mobileSanity/HBI/Page_App Page 1/input_tel'&#xD;
&#xD;
2019-09-05 11:11:22 - [TEST_STEP][PASSED] - click(findTestObject("mobileSanity/HBI/Page_App Page 1/a_Continue to Step 2 - Payment")): Object: 'Object Repository/mobileSanity/HBI/Page_App Page 1/a_Continue to Step 2 - Payment' is clicked on&#xD;
&#xD;
2019-09-05 11:11:23 - [MESSAGE][PASSED] - Object: 'Object Repository/mobileSanity/HBI/Page_App Page 1/a_Continue to Step 2 - Payment' is clicked on&#xD;
&#xD;
2019-09-05 11:11:23 - [TEST_STEP][PASSED] - waitForPageLoad(20): Wait for page load successfully&#xD;
&#xD;
2019-09-05 11:11:23 - [MESSAGE][PASSED] - Wait for page load successfully&#xD;
&#xD;
2019-09-05 11:11:23 - [TEST_STEP][PASSED] - Thread.sleep(2000): null&#xD;
&#xD;
2019-09-05 11:11:25 - [TEST_STEP][PASSED] - waitForElementVisible(findTestObject("mobileSanity/HBI/Page_App Page 2/input__credit-card-first"), 20): Object 'Object Repository/mobileSanity/HBI/Page_App Page 2/input__credit-card-first' is visible&#xD;
&#xD;
2019-09-05 11:11:25 - [MESSAGE][PASSED] - Object 'Object Repository/mobileSanity/HBI/Page_App Page 2/input__credit-card-first' is visible&#xD;
&#xD;
2019-09-05 11:11:25 - [TEST_STEP][PASSED] - callTestCase(findTestCase("mobileWeb/_include/get_screenshot"), [:], STOP_ON_FAILURE): Call Test Case 'Test Cases/mobileWeb/_include/get_screenshot' successfully&#xD;
&#xD;
2019-09-05 11:11:25 - [TEST_CASE][PASSED] - Test Cases/mobileWeb/_include/get_screenshot: Test Cases/mobileWeb/_include/get_screenshot&#xD;
&#xD;
2019-09-05 11:11:25 - [TEST_STEP][PASSED] - takeScreenshot(screenPath + i + ".png"): Taking screenshot successfully&#xD;
&#xD;
2019-09-05 11:11:26 - [MESSAGE][PASSED] - Taking screenshot successfully&#xD;
[[ATTACHMENT|D:\\Test\\AgileTest\\AgileTest\\Reports\\mobileWeb\\hbi\\20190905_105643\\../Screenshots/iPhone X/hbi/Health Choice/20190905_111037/6.png]]&#xD;
&#xD;
2019-09-05 11:11:26 - [TEST_STEP][PASSED] - (internal.GlobalVariable.i++): null&#xD;
&#xD;
2019-09-05 11:11:26 - [MESSAGE][PASSED] - Call Test Case 'Test Cases/mobileWeb/_include/get_screenshot' successfully&#xD;
&#xD;
2019-09-05 11:11:26 - [TEST_STEP][PASSED] - setText(findTestObject("mobileSanity/HBI/Page_App Page 2/input__credit-card-first"), FirstName): Text 'Test-123' is set on object 'Object Repository/mobileSanity/HBI/Page_App Page 2/input__credit-card-first'&#xD;
&#xD;
2019-09-05 11:11:26 - [MESSAGE][PASSED] - Text 'Test-123' is set on object 'Object Repository/mobileSanity/HBI/Page_App Page 2/input__credit-card-first'&#xD;
&#xD;
2019-09-05 11:11:26 - [TEST_STEP][PASSED] - setText(findTestObject("mobileSanity/HBI/Page_App Page 2/input__credit-card-last"), LastName): Text 'ZZ11-feLzZiuw' is set on object 'Object Repository/mobileSanity/HBI/Page_App Page 2/input__credit-card-last'&#xD;
&#xD;
2019-09-05 11:11:26 - [MESSAGE][PASSED] - Text 'ZZ11-feLzZiuw' is set on object 'Object Repository/mobileSanity/HBI/Page_App Page 2/input__credit-card-last'&#xD;
&#xD;
2019-09-05 11:11:26 - [TEST_STEP][PASSED] - selectOptionByValue(findTestObject("mobileSanity/HBI/Page_App Page 2/select_MM010203040506070809101"), "12", true): All options with value '12' are selected in object 'Object Repository/mobileSanity/HBI/Page_App Page 2/select_MM010203040506070809101'  using regular expression&#xD;
&#xD;
2019-09-05 11:11:27 - [MESSAGE][PASSED] - All options with value '12' are selected in object 'Object Repository/mobileSanity/HBI/Page_App Page 2/select_MM010203040506070809101'  using regular expression&#xD;
&#xD;
2019-09-05 11:11:27 - [TEST_STEP][PASSED] - selectOptionByValue(findTestObject("mobileSanity/HBI/Page_App Page 2/select_YYYY2019202020212022202"), "2026", true): All options with value '2026' are selected in object 'Object Repository/mobileSanity/HBI/Page_App Page 2/select_YYYY2019202020212022202'  using regular expression&#xD;
&#xD;
2019-09-05 11:11:27 - [MESSAGE][PASSED] - All options with value '2026' are selected in object 'Object Repository/mobileSanity/HBI/Page_App Page 2/select_YYYY2019202020212022202'  using regular expression&#xD;
&#xD;
2019-09-05 11:11:27 - [TEST_STEP][PASSED] - setText(findTestObject("mobileSanity/HBI/Page_App Page 2/input__credit-card-number"), "4111111111111111"): Text '4111111111111111' is set on object 'Object Repository/mobileSanity/HBI/Page_App Page 2/input__credit-card-number'&#xD;
&#xD;
2019-09-05 11:11:27 - [MESSAGE][PASSED] - Text '4111111111111111' is set on object 'Object Repository/mobileSanity/HBI/Page_App Page 2/input__credit-card-number'&#xD;
&#xD;
2019-09-05 11:11:27 - [TEST_STEP][PASSED] - setText(findTestObject("mobileSanity/HBI/Page_App Page 2/input__cvv"), "123"): Text '123' is set on object 'Object Repository/mobileSanity/HBI/Page_App Page 2/input__cvv'&#xD;
&#xD;
2019-09-05 11:11:28 - [MESSAGE][PASSED] - Text '123' is set on object 'Object Repository/mobileSanity/HBI/Page_App Page 2/input__cvv'&#xD;
&#xD;
2019-09-05 11:11:28 - [TEST_STEP][PASSED] - click(findTestObject("mobileSanity/HBI/Page_App Page 2/label_My billing address is th")): Object: 'Object Repository/mobileSanity/HBI/Page_App Page 2/label_My billing address is th' is clicked on&#xD;
&#xD;
2019-09-05 11:11:28 - [MESSAGE][PASSED] - Object: 'Object Repository/mobileSanity/HBI/Page_App Page 2/label_My billing address is th' is clicked on&#xD;
&#xD;
2019-09-05 11:11:28 - [TEST_STEP][PASSED] - click(findTestObject("mobileSanity/HBI/Page_App Page 2/label_I Accept Authorization f")): Object: 'Object Repository/mobileSanity/HBI/Page_App Page 2/label_I Accept Authorization f' is clicked on&#xD;
&#xD;
2019-09-05 11:11:28 - [MESSAGE][PASSED] - Object: 'Object Repository/mobileSanity/HBI/Page_App Page 2/label_I Accept Authorization f' is clicked on&#xD;
&#xD;
2019-09-05 11:11:28 - [TEST_STEP][PASSED] - click(findTestObject("mobileSanity/HBI/Page_App Page 2/a_Continue to Step 3 - Review")): Object: 'Object Repository/mobileSanity/HBI/Page_App Page 2/a_Continue to Step 3 - Review' is clicked on&#xD;
&#xD;
2019-09-05 11:11:28 - [MESSAGE][PASSED] - Object: 'Object Repository/mobileSanity/HBI/Page_App Page 2/a_Continue to Step 3 - Review' is clicked on&#xD;
&#xD;
2019-09-05 11:11:28 - [TEST_STEP][PASSED] - waitForPageLoad(20): Wait for page load successfully&#xD;
&#xD;
2019-09-05 11:11:28 - [MESSAGE][PASSED] - Wait for page load successfully&#xD;
&#xD;
2019-09-05 11:11:28 - [TEST_STEP][PASSED] - Thread.sleep(10000): null&#xD;
&#xD;
2019-09-05 11:11:38 - [TEST_STEP][PASSED] - waitForElementPresent(findTestObject("mobileSanity/HBI/Page_App Page 3/label"), 20): Object 'Object Repository/mobileSanity/HBI/Page_App Page 3/label' is present&#xD;
&#xD;
2019-09-05 11:11:40 - [MESSAGE][PASSED] - Object 'Object Repository/mobileSanity/HBI/Page_App Page 3/label' is present&#xD;
&#xD;
2019-09-05 11:11:40 - [TEST_STEP][PASSED] - callTestCase(findTestCase("mobileWeb/_include/get_screenshot"), [:], STOP_ON_FAILURE): Call Test Case 'Test Cases/mobileWeb/_include/get_screenshot' successfully&#xD;
&#xD;
2019-09-05 11:11:40 - [TEST_CASE][PASSED] - Test Cases/mobileWeb/_include/get_screenshot: Test Cases/mobileWeb/_include/get_screenshot&#xD;
&#xD;
2019-09-05 11:11:40 - [TEST_STEP][PASSED] - takeScreenshot(screenPath + i + ".png"): Taking screenshot successfully&#xD;
&#xD;
2019-09-05 11:11:41 - [MESSAGE][PASSED] - Taking screenshot successfully&#xD;
[[ATTACHMENT|D:\\Test\\AgileTest\\AgileTest\\Reports\\mobileWeb\\hbi\\20190905_105643\\../Screenshots/iPhone X/hbi/Health Choice/20190905_111037/7.png]]&#xD;
&#xD;
2019-09-05 11:11:41 - [TEST_STEP][PASSED] - (internal.GlobalVariable.i++): null&#xD;
&#xD;
2019-09-05 11:11:41 - [MESSAGE][PASSED] - Call Test Case 'Test Cases/mobileWeb/_include/get_screenshot' successfully&#xD;
&#xD;
2019-09-05 11:11:41 - [TEST_STEP][PASSED] - click(findTestObject("mobileSanity/HBI/Page_App Page 3/label")): Object: 'Object Repository/mobileSanity/HBI/Page_App Page 3/label' is clicked on&#xD;
&#xD;
2019-09-05 11:11:41 - [MESSAGE][PASSED] - Object: 'Object Repository/mobileSanity/HBI/Page_App Page 3/label' is clicked on&#xD;
&#xD;
2019-09-05 11:11:41 - [TEST_STEP][PASSED] - click(findTestObject("mobileSanity/HBI/Page_App Page 3/p_CLICK TO SIGN")): Object: 'Object Repository/mobileSanity/HBI/Page_App Page 3/p_CLICK TO SIGN' is clicked on&#xD;
&#xD;
2019-09-05 11:11:41 - [MESSAGE][PASSED] - Object: 'Object Repository/mobileSanity/HBI/Page_App Page 3/p_CLICK TO SIGN' is clicked on&#xD;
&#xD;
2019-09-05 11:11:41 - [TEST_STEP][PASSED] - click(findTestObject("mobileSanity/HBI/Page_App Page 3/a_Submit Your Application")): Object: 'Object Repository/mobileSanity/HBI/Page_App Page 3/a_Submit Your Application' is clicked on&#xD;
&#xD;
2019-09-05 11:11:41 - [MESSAGE][PASSED] - Object: 'Object Repository/mobileSanity/HBI/Page_App Page 3/a_Submit Your Application' is clicked on&#xD;
&#xD;
2019-09-05 11:11:41 - [TEST_STEP][PASSED] - Thread.sleep(30000): null&#xD;
&#xD;
2019-09-05 11:12:11 - [TEST_STEP][PASSED] - callTestCase(findTestCase("mobileWeb/_include/get_screenshot"), [:], STOP_ON_FAILURE): Call Test Case 'Test Cases/mobileWeb/_include/get_screenshot' successfully&#xD;
&#xD;
2019-09-05 11:12:11 - [TEST_CASE][PASSED] - Test Cases/mobileWeb/_include/get_screenshot: Test Cases/mobileWeb/_include/get_screenshot&#xD;
&#xD;
2019-09-05 11:12:11 - [TEST_STEP][PASSED] - takeScreenshot(screenPath + i + ".png"): Taking screenshot successfully&#xD;
&#xD;
2019-09-05 11:12:12 - [MESSAGE][PASSED] - Taking screenshot successfully&#xD;
[[ATTACHMENT|D:\\Test\\AgileTest\\AgileTest\\Reports\\mobileWeb\\hbi\\20190905_105643\\../Screenshots/iPhone X/hbi/Health Choice/20190905_111037/8.png]]&#xD;
&#xD;
2019-09-05 11:12:12 - [TEST_STEP][PASSED] - (internal.GlobalVariable.i++): null&#xD;
&#xD;
2019-09-05 11:12:12 - [MESSAGE][PASSED] - Call Test Case 'Test Cases/mobileWeb/_include/get_screenshot' successfully&#xD;
&#xD;
2019-09-05 11:12:12 - [TEST_STEP][PASSED] - verifyTextPresent("Congratulations", false): Text 'Congratulations' is present on page &#xD;
&#xD;
2019-09-05 11:12:12 - [MESSAGE][PASSED] - Text 'Congratulations' is present on page &#xD;
&#xD;
2019-09-05 11:12:12 - [MESSAGE][PASSED] - Call Test Case 'Test Cases/mobileWeb/_include/goToEnd_hbi' successfully</system-out>
            <system-err></system-err>
        </testcase>
        <testcase name="Test Cases/mobileWeb/HBI/Vitala Care" classname="Test Cases/mobileWeb/HBI/Vitala Care" status="PASSED">
            <system-out>2019-09-05 11:12:12 - [TEST_CASE][PASSED] - Test Cases/mobileWeb/HBI/Vitala Care: Test Cases/mobileWeb/HBI/Vitala Care&#xD;
&#xD;
2019-09-05 11:12:12 - [TEST_STEP][PASSED] - callTestCase(findTestCase("mobileWeb/_include/get_screenPath"), ["productLine":"hbi", "carrierName":"Vitala Care"], CONTINUE_ON_FAILURE): Call Test Case 'Test Cases/mobileWeb/_include/get_screenPath' successfully&#xD;
&#xD;
2019-09-05 11:12:12 - [TEST_CASE][PASSED] - Test Cases/mobileWeb/_include/get_screenPath: Test Cases/mobileWeb/_include/get_screenPath&#xD;
&#xD;
2019-09-05 11:12:12 - [TEST_STEP][PASSED] - m = getExecutionProperties(): null&#xD;
&#xD;
2019-09-05 11:12:12 - [TEST_STEP][PASSED] - deviceName = get("mobileEmulation").get("deviceName"): null&#xD;
&#xD;
2019-09-05 11:12:12 - [TEST_STEP][PASSED] - println(deviceName): null&#xD;
&#xD;
2019-09-05 11:12:12 - [TEST_STEP][PASSED] - now = new java.util.Date(): null&#xD;
&#xD;
2019-09-05 11:12:12 - [TEST_STEP][PASSED] - mydate = now.format("yyyyMMdd_HHmmss"): null&#xD;
&#xD;
2019-09-05 11:12:12 - [TEST_STEP][PASSED] - screenPath = "../Screenshots/": null&#xD;
&#xD;
2019-09-05 11:12:12 - [TEST_STEP][PASSED] - screenPath = screenPath + deviceName + "/" + productLine + "/" + carrierName + "/" + mydate + "/": null&#xD;
&#xD;
2019-09-05 11:12:12 - [TEST_STEP][PASSED] - println(screenPath): null&#xD;
&#xD;
2019-09-05 11:12:12 - [MESSAGE][PASSED] - Call Test Case 'Test Cases/mobileWeb/_include/get_screenPath' successfully&#xD;
&#xD;
2019-09-05 11:12:12 - [TEST_STEP][PASSED] - i = 0: null&#xD;
&#xD;
2019-09-05 11:12:12 - [TEST_STEP][PASSED] - callTestCase(findTestCase("mobileWeb/_include/openWebSite"), [:], CONTINUE_ON_FAILURE): Call Test Case 'Test Cases/mobileWeb/_include/openWebSite' successfully&#xD;
&#xD;
2019-09-05 11:12:12 - [TEST_CASE][PASSED] - Test Cases/mobileWeb/_include/openWebSite: Test Cases/mobileWeb/_include/openWebSite&#xD;
&#xD;
2019-09-05 11:12:12 - [TEST_STEP][PASSED] - openBrowser(env): Browser is opened with url: 'https://praetemptatus.agilehealthinsurance.com'&#xD;
&#xD;
2019-09-05 11:12:12 - [MESSAGE][WARNING] - A browser is already opened. Closing browser and opening a new one&#xD;
&#xD;
2019-09-05 11:12:13 - [MESSAGE][INFO] - Starting 'Chrome' driver&#xD;
&#xD;
2019-09-05 11:12:13 - [MESSAGE][INFO] - User set preference: ['mobileEmulation', '{deviceName=iPhone X}']&#xD;
&#xD;
2019-09-05 11:12:13 - [MESSAGE][INFO] - User set preference: ['args', '[--incognito, --aggressive-cache-discard, --no-sandbox, --window-size=375,812]']&#xD;
&#xD;
2019-09-05 11:12:19 - [MESSAGE][PASSED] - Browser is opened with url: 'https://praetemptatus.agilehealthinsurance.com'&#xD;
&#xD;
2019-09-05 11:12:19 - [TEST_STEP][PASSED] - waitForPageLoad(20): Wait for page load successfully&#xD;
&#xD;
2019-09-05 11:12:19 - [MESSAGE][PASSED] - Wait for page load successfully&#xD;
&#xD;
2019-09-05 11:12:19 - [TEST_STEP][PASSED] - callTestCase(findTestCase("mobileWeb/_include/get_screenshot"), [:], STOP_ON_FAILURE): Call Test Case 'Test Cases/mobileWeb/_include/get_screenshot' successfully&#xD;
&#xD;
2019-09-05 11:12:19 - [TEST_CASE][PASSED] - Test Cases/mobileWeb/_include/get_screenshot: Test Cases/mobileWeb/_include/get_screenshot&#xD;
&#xD;
2019-09-05 11:12:19 - [TEST_STEP][PASSED] - takeScreenshot(screenPath + i + ".png"): Taking screenshot successfully&#xD;
&#xD;
2019-09-05 11:12:20 - [MESSAGE][PASSED] - Taking screenshot successfully&#xD;
[[ATTACHMENT|D:\\Test\\AgileTest\\AgileTest\\Reports\\mobileWeb\\hbi\\20190905_105643\\../Screenshots/iPhone X/hbi/Vitala Care/20190905_111212/0.png]]&#xD;
&#xD;
2019-09-05 11:12:20 - [TEST_STEP][PASSED] - (internal.GlobalVariable.i++): null&#xD;
&#xD;
2019-09-05 11:12:20 - [MESSAGE][PASSED] - Call Test Case 'Test Cases/mobileWeb/_include/get_screenshot' successfully&#xD;
&#xD;
2019-09-05 11:12:20 - [MESSAGE][PASSED] - Call Test Case 'Test Cases/mobileWeb/_include/openWebSite' successfully&#xD;
&#xD;
2019-09-05 11:12:20 - [TEST_STEP][PASSED] - callTestCase(findTestCase("mobileWeb/_include/census_hbi"), ["zipcode":"90011"], CONTINUE_ON_FAILURE): Call Test Case 'Test Cases/mobileWeb/_include/census_hbi' successfully&#xD;
&#xD;
2019-09-05 11:12:20 - [TEST_CASE][PASSED] - Test Cases/mobileWeb/_include/census_hbi: Test Cases/mobileWeb/_include/census_hbi&#xD;
&#xD;
2019-09-05 11:12:20 - [TEST_STEP][PASSED] - click(findTestObject("mobileSanity/Common/side_nav/menu")): Object: 'Object Repository/mobileSanity/Common/side_nav/menu' is clicked on&#xD;
&#xD;
2019-09-05 11:12:21 - [MESSAGE][PASSED] - Object: 'Object Repository/mobileSanity/Common/side_nav/menu' is clicked on&#xD;
&#xD;
2019-09-05 11:12:21 - [TEST_STEP][PASSED] - Thread.sleep(3000): null&#xD;
&#xD;
2019-09-05 11:12:24 - [TEST_STEP][PASSED] - click(findTestObject("mobileSanity/Common/side_nav/nav_hbi")): Object: 'Object Repository/mobileSanity/Common/side_nav/nav_hbi' is clicked on&#xD;
&#xD;
2019-09-05 11:12:27 - [MESSAGE][PASSED] - Object: 'Object Repository/mobileSanity/Common/side_nav/nav_hbi' is clicked on&#xD;
&#xD;
2019-09-05 11:12:27 - [TEST_STEP][PASSED] - waitForPageLoad(10): Wait for page load successfully&#xD;
&#xD;
2019-09-05 11:12:27 - [MESSAGE][PASSED] - Wait for page load successfully&#xD;
&#xD;
2019-09-05 11:12:27 - [TEST_STEP][PASSED] - callTestCase(findTestCase("mobileWeb/_include/get_screenshot"), [:], STOP_ON_FAILURE): Call Test Case 'Test Cases/mobileWeb/_include/get_screenshot' successfully&#xD;
&#xD;
2019-09-05 11:12:27 - [TEST_CASE][PASSED] - Test Cases/mobileWeb/_include/get_screenshot: Test Cases/mobileWeb/_include/get_screenshot&#xD;
&#xD;
2019-09-05 11:12:27 - [TEST_STEP][PASSED] - takeScreenshot(screenPath + i + ".png"): Taking screenshot successfully&#xD;
&#xD;
2019-09-05 11:12:28 - [MESSAGE][PASSED] - Taking screenshot successfully&#xD;
[[ATTACHMENT|D:\\Test\\AgileTest\\AgileTest\\Reports\\mobileWeb\\hbi\\20190905_105643\\../Screenshots/iPhone X/hbi/Vitala Care/20190905_111212/1.png]]&#xD;
&#xD;
2019-09-05 11:12:28 - [TEST_STEP][PASSED] - (internal.GlobalVariable.i++): null&#xD;
&#xD;
2019-09-05 11:12:28 - [MESSAGE][PASSED] - Call Test Case 'Test Cases/mobileWeb/_include/get_screenshot' successfully&#xD;
&#xD;
2019-09-05 11:12:28 - [TEST_STEP][PASSED] - setText(findTestObject("mobileSanity/HBI/census/input_Location_zip-input"), zipcode): Text '90011' is set on object 'Object Repository/mobileSanity/HBI/census/input_Location_zip-input'&#xD;
&#xD;
2019-09-05 11:12:28 - [MESSAGE][PASSED] - Text '90011' is set on object 'Object Repository/mobileSanity/HBI/census/input_Location_zip-input'&#xD;
&#xD;
2019-09-05 11:12:28 - [TEST_STEP][PASSED] - Thread.sleep(500): null&#xD;
&#xD;
2019-09-05 11:12:29 - [TEST_STEP][PASSED] - setText(findTestObject("mobileSanity/HBI/census/input_Date of Birth_dob-0"), "12121980"): Text '12121980' is set on object 'Object Repository/mobileSanity/HBI/census/input_Date of Birth_dob-0'&#xD;
&#xD;
2019-09-05 11:12:29 - [MESSAGE][PASSED] - Text '12121980' is set on object 'Object Repository/mobileSanity/HBI/census/input_Date of Birth_dob-0'&#xD;
&#xD;
2019-09-05 11:12:29 - [TEST_STEP][PASSED] - click(findTestObject("mobileSanity/HBI/census/label_Male")): Object: 'Object Repository/mobileSanity/HBI/census/label_Male' is clicked on&#xD;
&#xD;
2019-09-05 11:12:29 - [MESSAGE][PASSED] - Object: 'Object Repository/mobileSanity/HBI/census/label_Male' is clicked on&#xD;
&#xD;
2019-09-05 11:12:29 - [TEST_STEP][PASSED] - click(findTestObject("mobileSanity/HBI/census/label_Get a Quote")): Object: 'Object Repository/mobileSanity/HBI/census/label_Get a Quote' is clicked on&#xD;
&#xD;
2019-09-05 11:12:29 - [MESSAGE][PASSED] - Object: 'Object Repository/mobileSanity/HBI/census/label_Get a Quote' is clicked on&#xD;
&#xD;
2019-09-05 11:12:29 - [TEST_STEP][PASSED] - waitForPageLoad(20): Wait for page load successfully&#xD;
&#xD;
2019-09-05 11:12:29 - [MESSAGE][PASSED] - Wait for page load successfully&#xD;
&#xD;
2019-09-05 11:12:29 - [TEST_STEP][PASSED] - callTestCase(findTestCase("mobileWeb/_include/get_screenshot"), [:], STOP_ON_FAILURE): Call Test Case 'Test Cases/mobileWeb/_include/get_screenshot' successfully&#xD;
&#xD;
2019-09-05 11:12:29 - [TEST_CASE][PASSED] - Test Cases/mobileWeb/_include/get_screenshot: Test Cases/mobileWeb/_include/get_screenshot&#xD;
&#xD;
2019-09-05 11:12:29 - [TEST_STEP][PASSED] - takeScreenshot(screenPath + i + ".png"): Taking screenshot successfully&#xD;
&#xD;
2019-09-05 11:12:34 - [MESSAGE][PASSED] - Taking screenshot successfully&#xD;
[[ATTACHMENT|D:\\Test\\AgileTest\\AgileTest\\Reports\\mobileWeb\\hbi\\20190905_105643\\../Screenshots/iPhone X/hbi/Vitala Care/20190905_111212/2.png]]&#xD;
&#xD;
2019-09-05 11:12:34 - [TEST_STEP][PASSED] - (internal.GlobalVariable.i++): null&#xD;
&#xD;
2019-09-05 11:12:34 - [MESSAGE][PASSED] - Call Test Case 'Test Cases/mobileWeb/_include/get_screenshot' successfully&#xD;
&#xD;
2019-09-05 11:12:34 - [MESSAGE][PASSED] - Call Test Case 'Test Cases/mobileWeb/_include/census_hbi' successfully&#xD;
&#xD;
2019-09-05 11:12:34 - [TEST_STEP][PASSED] - Thread.sleep(5000): null&#xD;
&#xD;
2019-09-05 11:12:39 - [TEST_STEP][PASSED] - scrollToPosition(200, 2300): Browser is scrolled to position x = 200, y = 2300&#xD;
&#xD;
2019-09-05 11:12:39 - [MESSAGE][PASSED] - Browser is scrolled to position x = 200, y = 2300&#xD;
&#xD;
2019-09-05 11:12:39 - [TEST_STEP][PASSED] - click(findTestObject("mobileSanity/HBI/quote/a_Vitala Care")): Object: 'Object Repository/mobileSanity/HBI/quote/a_Vitala Care' is clicked on&#xD;
&#xD;
2019-09-05 11:12:44 - [MESSAGE][PASSED] - Object: 'Object Repository/mobileSanity/HBI/quote/a_Vitala Care' is clicked on&#xD;
&#xD;
2019-09-05 11:12:44 - [TEST_STEP][PASSED] - waitForPageLoad(20): Wait for page load successfully&#xD;
&#xD;
2019-09-05 11:12:45 - [MESSAGE][PASSED] - Wait for page load successfully&#xD;
&#xD;
2019-09-05 11:12:45 - [TEST_STEP][PASSED] - callTestCase(findTestCase("mobileWeb/_include/get_screenshot"), [:], STOP_ON_FAILURE): Call Test Case 'Test Cases/mobileWeb/_include/get_screenshot' successfully&#xD;
&#xD;
2019-09-05 11:12:45 - [TEST_CASE][PASSED] - Test Cases/mobileWeb/_include/get_screenshot: Test Cases/mobileWeb/_include/get_screenshot&#xD;
&#xD;
2019-09-05 11:12:45 - [TEST_STEP][PASSED] - takeScreenshot(screenPath + i + ".png"): Taking screenshot successfully&#xD;
&#xD;
2019-09-05 11:12:46 - [MESSAGE][PASSED] - Taking screenshot successfully&#xD;
[[ATTACHMENT|D:\\Test\\AgileTest\\AgileTest\\Reports\\mobileWeb\\hbi\\20190905_105643\\../Screenshots/iPhone X/hbi/Vitala Care/20190905_111212/3.png]]&#xD;
&#xD;
2019-09-05 11:12:46 - [TEST_STEP][PASSED] - (internal.GlobalVariable.i++): null&#xD;
&#xD;
2019-09-05 11:12:46 - [MESSAGE][PASSED] - Call Test Case 'Test Cases/mobileWeb/_include/get_screenshot' successfully&#xD;
&#xD;
2019-09-05 11:12:46 - [TEST_STEP][PASSED] - click(findTestObject("mobileSanity/HBI/detail/a_Apply for This Plan")): Object: 'Object Repository/mobileSanity/HBI/detail/a_Apply for This Plan' is clicked on&#xD;
&#xD;
2019-09-05 11:12:48 - [MESSAGE][PASSED] - Object: 'Object Repository/mobileSanity/HBI/detail/a_Apply for This Plan' is clicked on&#xD;
&#xD;
2019-09-05 11:12:48 - [TEST_STEP][PASSED] - waitForPageLoad(20): Wait for page load successfully&#xD;
&#xD;
2019-09-05 11:12:48 - [MESSAGE][PASSED] - Wait for page load successfully&#xD;
&#xD;
2019-09-05 11:12:48 - [TEST_STEP][PASSED] - callTestCase(findTestCase("mobileWeb/_include/get_screenshot"), [:], STOP_ON_FAILURE): Call Test Case 'Test Cases/mobileWeb/_include/get_screenshot' successfully&#xD;
&#xD;
2019-09-05 11:12:48 - [TEST_CASE][PASSED] - Test Cases/mobileWeb/_include/get_screenshot: Test Cases/mobileWeb/_include/get_screenshot&#xD;
&#xD;
2019-09-05 11:12:48 - [TEST_STEP][PASSED] - takeScreenshot(screenPath + i + ".png"): Taking screenshot successfully&#xD;
&#xD;
2019-09-05 11:12:49 - [MESSAGE][PASSED] - Taking screenshot successfully&#xD;
[[ATTACHMENT|D:\\Test\\AgileTest\\AgileTest\\Reports\\mobileWeb\\hbi\\20190905_105643\\../Screenshots/iPhone X/hbi/Vitala Care/20190905_111212/4.png]]&#xD;
&#xD;
2019-09-05 11:12:49 - [TEST_STEP][PASSED] - (internal.GlobalVariable.i++): null&#xD;
&#xD;
2019-09-05 11:12:49 - [MESSAGE][PASSED] - Call Test Case 'Test Cases/mobileWeb/_include/get_screenshot' successfully&#xD;
&#xD;
2019-09-05 11:12:49 - [TEST_STEP][PASSED] - click(findTestObject("mobileSanity/HBI/Page_Apply/span_Start Secure Application")): Object: 'Object Repository/mobileSanity/HBI/Page_Apply/span_Start Secure Application' is clicked on&#xD;
&#xD;
2019-09-05 11:12:51 - [MESSAGE][PASSED] - Object: 'Object Repository/mobileSanity/HBI/Page_Apply/span_Start Secure Application' is clicked on&#xD;
&#xD;
2019-09-05 11:12:51 - [TEST_STEP][PASSED] - waitForPageLoad(20): Wait for page load successfully&#xD;
&#xD;
2019-09-05 11:12:52 - [MESSAGE][PASSED] - Wait for page load successfully&#xD;
&#xD;
2019-09-05 11:12:52 - [TEST_STEP][PASSED] - Thread.sleep(5000): null&#xD;
&#xD;
2019-09-05 11:12:57 - [TEST_STEP][PASSED] - callTestCase(findTestCase("mobileWeb/_include/get_screenshot"), [:], STOP_ON_FAILURE): Call Test Case 'Test Cases/mobileWeb/_include/get_screenshot' successfully&#xD;
&#xD;
2019-09-05 11:12:57 - [TEST_CASE][PASSED] - Test Cases/mobileWeb/_include/get_screenshot: Test Cases/mobileWeb/_include/get_screenshot&#xD;
&#xD;
2019-09-05 11:12:57 - [TEST_STEP][PASSED] - takeScreenshot(screenPath + i + ".png"): Taking screenshot successfully&#xD;
&#xD;
2019-09-05 11:12:57 - [MESSAGE][PASSED] - Taking screenshot successfully&#xD;
[[ATTACHMENT|D:\\Test\\AgileTest\\AgileTest\\Reports\\mobileWeb\\hbi\\20190905_105643\\../Screenshots/iPhone X/hbi/Vitala Care/20190905_111212/5.png]]&#xD;
&#xD;
2019-09-05 11:12:57 - [TEST_STEP][PASSED] - (internal.GlobalVariable.i++): null&#xD;
&#xD;
2019-09-05 11:12:57 - [MESSAGE][PASSED] - Call Test Case 'Test Cases/mobileWeb/_include/get_screenshot' successfully&#xD;
&#xD;
2019-09-05 11:12:57 - [TEST_STEP][PASSED] - callTestCase(findTestCase("mobileWeb/_include/goToEnd_hbi"), ["state":"ca", "carrier":"vitalacare"], CONTINUE_ON_FAILURE): Call Test Case 'Test Cases/mobileWeb/_include/goToEnd_hbi' successfully&#xD;
&#xD;
2019-09-05 11:12:57 - [TEST_CASE][PASSED] - Test Cases/mobileWeb/_include/goToEnd_hbi: Test Cases/mobileWeb/_include/goToEnd_hbi&#xD;
&#xD;
2019-09-05 11:12:57 - [TEST_STEP][PASSED] - if (state == "ca"): Call Test Case 'Test Cases/mobileWeb/_include/get_screenshot' successfully&#xD;
&#xD;
2019-09-05 11:12:57 - [TEST_STEP][PASSED] - Thread.sleep(3000): null&#xD;
&#xD;
2019-09-05 11:13:00 - [TEST_STEP][PASSED] - click(findTestObject("mobileSanity/HBI/Page_App Page 1/yes_question_1")): Object: 'Object Repository/mobileSanity/HBI/Page_App Page 1/yes_question_1' is clicked on&#xD;
&#xD;
2019-09-05 11:13:01 - [MESSAGE][PASSED] - Object: 'Object Repository/mobileSanity/HBI/Page_App Page 1/yes_question_1' is clicked on&#xD;
&#xD;
2019-09-05 11:13:01 - [TEST_STEP][PASSED] - click(findTestObject("mobileSanity/HBI/Page_App Page 1/continue_to_app_info")): Object: 'Object Repository/mobileSanity/HBI/Page_App Page 1/continue_to_app_info' is clicked on&#xD;
&#xD;
2019-09-05 11:13:01 - [MESSAGE][PASSED] - Object: 'Object Repository/mobileSanity/HBI/Page_App Page 1/continue_to_app_info' is clicked on&#xD;
&#xD;
2019-09-05 11:13:01 - [TEST_STEP][PASSED] - waitForPageLoad(20): Wait for page load successfully&#xD;
&#xD;
2019-09-05 11:13:01 - [MESSAGE][PASSED] - Wait for page load successfully&#xD;
&#xD;
2019-09-05 11:13:01 - [TEST_STEP][PASSED] - Thread.sleep(3000): null&#xD;
&#xD;
2019-09-05 11:13:04 - [TEST_STEP][PASSED] - callTestCase(findTestCase("mobileWeb/_include/get_screenshot"), [:], STOP_ON_FAILURE): Call Test Case 'Test Cases/mobileWeb/_include/get_screenshot' successfully&#xD;
&#xD;
2019-09-05 11:13:04 - [TEST_CASE][PASSED] - Test Cases/mobileWeb/_include/get_screenshot: Test Cases/mobileWeb/_include/get_screenshot&#xD;
&#xD;
2019-09-05 11:13:04 - [TEST_STEP][PASSED] - takeScreenshot(screenPath + i + ".png"): Taking screenshot successfully&#xD;
&#xD;
2019-09-05 11:13:04 - [MESSAGE][PASSED] - Taking screenshot successfully&#xD;
[[ATTACHMENT|D:\\Test\\AgileTest\\AgileTest\\Reports\\mobileWeb\\hbi\\20190905_105643\\../Screenshots/iPhone X/hbi/Vitala Care/20190905_111212/6.png]]&#xD;
&#xD;
2019-09-05 11:13:04 - [TEST_STEP][PASSED] - (internal.GlobalVariable.i++): null&#xD;
&#xD;
2019-09-05 11:13:04 - [MESSAGE][PASSED] - Call Test Case 'Test Cases/mobileWeb/_include/get_screenshot' successfully&#xD;
&#xD;
2019-09-05 11:13:04 - [TEST_STEP][PASSED] - callTestCase(findTestCase("mobileWeb/_include/name"), [:], CONTINUE_ON_FAILURE): Call Test Case 'Test Cases/mobileWeb/_include/name' successfully&#xD;
&#xD;
2019-09-05 11:13:05 - [TEST_CASE][PASSED] - Test Cases/mobileWeb/_include/name: Test Cases/mobileWeb/_include/name&#xD;
&#xD;
2019-09-05 11:13:05 - [TEST_STEP][PASSED] - driver = getWebDriver(): null&#xD;
&#xD;
2019-09-05 11:13:05 - [TEST_STEP][PASSED] - selenium = new com.thoughtworks.selenium.webdriven.WebDriverBackedSelenium(driver, internal.GlobalVariable.ENV): null&#xD;
&#xD;
2019-09-05 11:13:05 - [TEST_STEP][PASSED] - FirstName = "Test-123": null&#xD;
&#xD;
2019-09-05 11:13:05 - [TEST_STEP][PASSED] - LastName = selenium.getEval("{var x="ABCDEFGHIJKLMNOPQRSTUVWXYZabcdefghijklmnopqrstuvwxyz"; var tmp="ZZ11-"; for (i=0;i&lt;8;i++) tmp+=x.charAt(Math.ceil(51*Math.random()));tmp;}"): null&#xD;
&#xD;
2019-09-05 11:13:05 - [TEST_STEP][PASSED] - Address = selenium.getEval("{var x="ABCDEFGHIJKLMNOPQRSTUVWXYZabcdefghijklmnopqrstuvwxyz"; var tmp=""; for (i=0;i&lt;8;i++) tmp+=x.charAt(Math.ceil(51*Math.random()));tmp;}"): null&#xD;
&#xD;
2019-09-05 11:13:05 - [TEST_STEP][PASSED] - City = selenium.getEval("{var x="ABCDEFGHIJKLMNOPQRSTUVWXYZabcdefghijklmnopqrstuvwxyz"; var tmp=""; for (i=0;i&lt;8;i++) tmp+=x.charAt(Math.ceil(51*Math.random()));tmp;}"): null&#xD;
&#xD;
2019-09-05 11:13:05 - [TEST_STEP][PASSED] - tel1 = selenium.getEval("{var x="123456789"; var tmp=""; for (i=0;i&lt;3;i++) tmp+=x.charAt(Math.ceil(8*Math.random()));tmp;}"): null&#xD;
&#xD;
2019-09-05 11:13:05 - [TEST_STEP][PASSED] - tel2 = selenium.getEval("{var x="123456789"; var tmp=""; for (i=0;i&lt;3;i++) tmp+=x.charAt(Math.ceil(8*Math.random()));tmp;}"): null&#xD;
&#xD;
2019-09-05 11:13:05 - [TEST_STEP][PASSED] - tel3 = selenium.getEval("{var x="123456789"; var tmp=""; for (i=0;i&lt;4;i++) tmp+=x.charAt(Math.ceil(8*Math.random()));tmp;}"): null&#xD;
&#xD;
2019-09-05 11:13:05 - [TEST_STEP][PASSED] - Tel = selenium.getExpression(tel1 + "-" + tel2 + "-" + tel3): null&#xD;
&#xD;
2019-09-05 11:13:05 - [TEST_STEP][PASSED] - AutoEmail = selenium.getEval("{var x="ABCDEFGHIJKLMNOPQRSTUVWXYZabcdefghijklmnopqrstuvwxyz"; var tmp="test."; for (i=0;i&lt;8;i++) tmp+=x.charAt(Math.ceil(51*Math.random()));tmp+="@suryani.cn";}"): null&#xD;
&#xD;
2019-09-05 11:13:05 - [TEST_STEP][PASSED] - FirstName = FirstName: null&#xD;
&#xD;
2019-09-05 11:13:05 - [TEST_STEP][PASSED] - LastName = LastName: null&#xD;
&#xD;
2019-09-05 11:13:05 - [TEST_STEP][PASSED] - Address = Address: null&#xD;
&#xD;
2019-09-05 11:13:05 - [TEST_STEP][PASSED] - City = City: null&#xD;
&#xD;
2019-09-05 11:13:05 - [TEST_STEP][PASSED] - Tel = Tel: null&#xD;
&#xD;
2019-09-05 11:13:05 - [TEST_STEP][PASSED] - AutoEmail = AutoEmail: null&#xD;
&#xD;
2019-09-05 11:13:05 - [TEST_STEP][PASSED] - println(FirstName): null&#xD;
&#xD;
2019-09-05 11:13:05 - [TEST_STEP][PASSED] - println(LastName): null&#xD;
&#xD;
2019-09-05 11:13:05 - [TEST_STEP][PASSED] - println(Address): null&#xD;
&#xD;
2019-09-05 11:13:05 - [TEST_STEP][PASSED] - println(City): null&#xD;
&#xD;
2019-09-05 11:13:05 - [TEST_STEP][PASSED] - println(Tel): null&#xD;
&#xD;
2019-09-05 11:13:05 - [TEST_STEP][PASSED] - println(AutoEmail): null&#xD;
&#xD;
2019-09-05 11:13:05 - [MESSAGE][PASSED] - Call Test Case 'Test Cases/mobileWeb/_include/name' successfully&#xD;
&#xD;
2019-09-05 11:13:05 - [TEST_STEP][PASSED] - setText(findTestObject("mobileSanity/HBI/Page_App Page 1/input__member-P-1-firstName"), FirstName): Text 'Test-123' is set on object 'Object Repository/mobileSanity/HBI/Page_App Page 1/input__member-P-1-firstName'&#xD;
&#xD;
2019-09-05 11:13:05 - [MESSAGE][PASSED] - Text 'Test-123' is set on object 'Object Repository/mobileSanity/HBI/Page_App Page 1/input__member-P-1-firstName'&#xD;
&#xD;
2019-09-05 11:13:05 - [TEST_STEP][PASSED] - setText(findTestObject("mobileSanity/HBI/Page_App Page 1/input__member-P-1-lastName"), LastName): Text 'ZZ11-oDgshPVL' is set on object 'Object Repository/mobileSanity/HBI/Page_App Page 1/input__member-P-1-lastName'&#xD;
&#xD;
2019-09-05 11:13:05 - [MESSAGE][PASSED] - Text 'ZZ11-oDgshPVL' is set on object 'Object Repository/mobileSanity/HBI/Page_App Page 1/input__member-P-1-lastName'&#xD;
&#xD;
2019-09-05 11:13:05 - [TEST_STEP][PASSED] - if (carrier == "agileone" || carrier == "agilesecure"): null&#xD;
&#xD;
2019-09-05 11:13:05 - [TEST_STEP][PASSED] - setText(findTestObject("mobileSanity/HBI/Page_App Page 1/input__address"), Address): Text 'npNhEVOi' is set on object 'Object Repository/mobileSanity/HBI/Page_App Page 1/input__address'&#xD;
&#xD;
2019-09-05 11:13:05 - [MESSAGE][PASSED] - Text 'npNhEVOi' is set on object 'Object Repository/mobileSanity/HBI/Page_App Page 1/input__address'&#xD;
&#xD;
2019-09-05 11:13:05 - [TEST_STEP][PASSED] - setText(findTestObject("mobileSanity/HBI/Page_App Page 1/input__city"), City): Text 'hGVSnfya' is set on object 'Object Repository/mobileSanity/HBI/Page_App Page 1/input__city'&#xD;
&#xD;
2019-09-05 11:13:06 - [MESSAGE][PASSED] - Text 'hGVSnfya' is set on object 'Object Repository/mobileSanity/HBI/Page_App Page 1/input__city'&#xD;
&#xD;
2019-09-05 11:13:06 - [TEST_STEP][PASSED] - setText(findTestObject("mobileSanity/HBI/Page_App Page 1/input__email"), AutoEmail): Text 'test.WHkzzOIl@suryani.cn' is set on object 'Object Repository/mobileSanity/HBI/Page_App Page 1/input__email'&#xD;
&#xD;
2019-09-05 11:13:06 - [MESSAGE][PASSED] - Text 'test.WHkzzOIl@suryani.cn' is set on object 'Object Repository/mobileSanity/HBI/Page_App Page 1/input__email'&#xD;
&#xD;
2019-09-05 11:13:06 - [TEST_STEP][PASSED] - setText(findTestObject("mobileSanity/HBI/Page_App Page 1/input_tel"), Tel): Text '225-737-4884' is set on object 'Object Repository/mobileSanity/HBI/Page_App Page 1/input_tel'&#xD;
&#xD;
2019-09-05 11:13:06 - [MESSAGE][PASSED] - Text '225-737-4884' is set on object 'Object Repository/mobileSanity/HBI/Page_App Page 1/input_tel'&#xD;
&#xD;
2019-09-05 11:13:06 - [TEST_STEP][PASSED] - click(findTestObject("mobileSanity/HBI/Page_App Page 1/a_Continue to Step 2 - Payment")): Object: 'Object Repository/mobileSanity/HBI/Page_App Page 1/a_Continue to Step 2 - Payment' is clicked on&#xD;
&#xD;
2019-09-05 11:13:07 - [MESSAGE][PASSED] - Object: 'Object Repository/mobileSanity/HBI/Page_App Page 1/a_Continue to Step 2 - Payment' is clicked on&#xD;
&#xD;
2019-09-05 11:13:07 - [TEST_STEP][PASSED] - waitForPageLoad(20): Wait for page load successfully&#xD;
&#xD;
2019-09-05 11:13:07 - [MESSAGE][PASSED] - Wait for page load successfully&#xD;
&#xD;
2019-09-05 11:13:07 - [TEST_STEP][PASSED] - Thread.sleep(2000): null&#xD;
&#xD;
2019-09-05 11:13:09 - [TEST_STEP][PASSED] - waitForElementVisible(findTestObject("mobileSanity/HBI/Page_App Page 2/input__credit-card-first"), 20): Object 'Object Repository/mobileSanity/HBI/Page_App Page 2/input__credit-card-first' is visible&#xD;
&#xD;
2019-09-05 11:13:09 - [MESSAGE][PASSED] - Object 'Object Repository/mobileSanity/HBI/Page_App Page 2/input__credit-card-first' is visible&#xD;
&#xD;
2019-09-05 11:13:09 - [TEST_STEP][PASSED] - callTestCase(findTestCase("mobileWeb/_include/get_screenshot"), [:], STOP_ON_FAILURE): Call Test Case 'Test Cases/mobileWeb/_include/get_screenshot' successfully&#xD;
&#xD;
2019-09-05 11:13:09 - [TEST_CASE][PASSED] - Test Cases/mobileWeb/_include/get_screenshot: Test Cases/mobileWeb/_include/get_screenshot&#xD;
&#xD;
2019-09-05 11:13:09 - [TEST_STEP][PASSED] - takeScreenshot(screenPath + i + ".png"): Taking screenshot successfully&#xD;
&#xD;
2019-09-05 11:13:09 - [MESSAGE][PASSED] - Taking screenshot successfully&#xD;
[[ATTACHMENT|D:\\Test\\AgileTest\\AgileTest\\Reports\\mobileWeb\\hbi\\20190905_105643\\../Screenshots/iPhone X/hbi/Vitala Care/20190905_111212/7.png]]&#xD;
&#xD;
2019-09-05 11:13:09 - [TEST_STEP][PASSED] - (internal.GlobalVariable.i++): null&#xD;
&#xD;
2019-09-05 11:13:09 - [MESSAGE][PASSED] - Call Test Case 'Test Cases/mobileWeb/_include/get_screenshot' successfully&#xD;
&#xD;
2019-09-05 11:13:09 - [TEST_STEP][PASSED] - setText(findTestObject("mobileSanity/HBI/Page_App Page 2/input__credit-card-first"), FirstName): Text 'Test-123' is set on object 'Object Repository/mobileSanity/HBI/Page_App Page 2/input__credit-card-first'&#xD;
&#xD;
2019-09-05 11:13:10 - [MESSAGE][PASSED] - Text 'Test-123' is set on object 'Object Repository/mobileSanity/HBI/Page_App Page 2/input__credit-card-first'&#xD;
&#xD;
2019-09-05 11:13:10 - [TEST_STEP][PASSED] - setText(findTestObject("mobileSanity/HBI/Page_App Page 2/input__credit-card-last"), LastName): Text 'ZZ11-oDgshPVL' is set on object 'Object Repository/mobileSanity/HBI/Page_App Page 2/input__credit-card-last'&#xD;
&#xD;
2019-09-05 11:13:10 - [MESSAGE][PASSED] - Text 'ZZ11-oDgshPVL' is set on object 'Object Repository/mobileSanity/HBI/Page_App Page 2/input__credit-card-last'&#xD;
&#xD;
2019-09-05 11:13:10 - [TEST_STEP][PASSED] - selectOptionByValue(findTestObject("mobileSanity/HBI/Page_App Page 2/select_MM010203040506070809101"), "12", true): All options with value '12' are selected in object 'Object Repository/mobileSanity/HBI/Page_App Page 2/select_MM010203040506070809101'  using regular expression&#xD;
&#xD;
2019-09-05 11:13:11 - [MESSAGE][PASSED] - All options with value '12' are selected in object 'Object Repository/mobileSanity/HBI/Page_App Page 2/select_MM010203040506070809101'  using regular expression&#xD;
&#xD;
2019-09-05 11:13:11 - [TEST_STEP][PASSED] - selectOptionByValue(findTestObject("mobileSanity/HBI/Page_App Page 2/select_YYYY2019202020212022202"), "2026", true): All options with value '2026' are selected in object 'Object Repository/mobileSanity/HBI/Page_App Page 2/select_YYYY2019202020212022202'  using regular expression&#xD;
&#xD;
2019-09-05 11:13:12 - [MESSAGE][PASSED] - All options with value '2026' are selected in object 'Object Repository/mobileSanity/HBI/Page_App Page 2/select_YYYY2019202020212022202'  using regular expression&#xD;
&#xD;
2019-09-05 11:13:12 - [TEST_STEP][PASSED] - setText(findTestObject("mobileSanity/HBI/Page_App Page 2/input__credit-card-number"), "4111111111111111"): Text '4111111111111111' is set on object 'Object Repository/mobileSanity/HBI/Page_App Page 2/input__credit-card-number'&#xD;
&#xD;
2019-09-05 11:13:12 - [MESSAGE][PASSED] - Text '4111111111111111' is set on object 'Object Repository/mobileSanity/HBI/Page_App Page 2/input__credit-card-number'&#xD;
&#xD;
2019-09-05 11:13:12 - [TEST_STEP][PASSED] - setText(findTestObject("mobileSanity/HBI/Page_App Page 2/input__cvv"), "123"): Text '123' is set on object 'Object Repository/mobileSanity/HBI/Page_App Page 2/input__cvv'&#xD;
&#xD;
2019-09-05 11:13:13 - [MESSAGE][PASSED] - Text '123' is set on object 'Object Repository/mobileSanity/HBI/Page_App Page 2/input__cvv'&#xD;
&#xD;
2019-09-05 11:13:13 - [TEST_STEP][PASSED] - click(findTestObject("mobileSanity/HBI/Page_App Page 2/label_My billing address is th")): Object: 'Object Repository/mobileSanity/HBI/Page_App Page 2/label_My billing address is th' is clicked on&#xD;
&#xD;
2019-09-05 11:13:13 - [MESSAGE][PASSED] - Object: 'Object Repository/mobileSanity/HBI/Page_App Page 2/label_My billing address is th' is clicked on&#xD;
&#xD;
2019-09-05 11:13:13 - [TEST_STEP][PASSED] - click(findTestObject("mobileSanity/HBI/Page_App Page 2/label_I Accept Authorization f")): Object: 'Object Repository/mobileSanity/HBI/Page_App Page 2/label_I Accept Authorization f' is clicked on&#xD;
&#xD;
2019-09-05 11:13:13 - [MESSAGE][PASSED] - Object: 'Object Repository/mobileSanity/HBI/Page_App Page 2/label_I Accept Authorization f' is clicked on&#xD;
&#xD;
2019-09-05 11:13:13 - [TEST_STEP][PASSED] - click(findTestObject("mobileSanity/HBI/Page_App Page 2/a_Continue to Step 3 - Review")): Object: 'Object Repository/mobileSanity/HBI/Page_App Page 2/a_Continue to Step 3 - Review' is clicked on&#xD;
&#xD;
2019-09-05 11:13:13 - [MESSAGE][PASSED] - Object: 'Object Repository/mobileSanity/HBI/Page_App Page 2/a_Continue to Step 3 - Review' is clicked on&#xD;
&#xD;
2019-09-05 11:13:13 - [TEST_STEP][PASSED] - waitForPageLoad(20): Wait for page load successfully&#xD;
&#xD;
2019-09-05 11:13:13 - [MESSAGE][PASSED] - Wait for page load successfully&#xD;
&#xD;
2019-09-05 11:13:13 - [TEST_STEP][PASSED] - Thread.sleep(10000): null&#xD;
&#xD;
2019-09-05 11:13:23 - [TEST_STEP][PASSED] - waitForElementPresent(findTestObject("mobileSanity/HBI/Page_App Page 3/label"), 20): Object 'Object Repository/mobileSanity/HBI/Page_App Page 3/label' is present&#xD;
&#xD;
2019-09-05 11:13:25 - [MESSAGE][PASSED] - Object 'Object Repository/mobileSanity/HBI/Page_App Page 3/label' is present&#xD;
&#xD;
2019-09-05 11:13:25 - [TEST_STEP][PASSED] - callTestCase(findTestCase("mobileWeb/_include/get_screenshot"), [:], STOP_ON_FAILURE): Call Test Case 'Test Cases/mobileWeb/_include/get_screenshot' successfully&#xD;
&#xD;
2019-09-05 11:13:25 - [TEST_CASE][PASSED] - Test Cases/mobileWeb/_include/get_screenshot: Test Cases/mobileWeb/_include/get_screenshot&#xD;
&#xD;
2019-09-05 11:13:25 - [TEST_STEP][PASSED] - takeScreenshot(screenPath + i + ".png"): Taking screenshot successfully&#xD;
&#xD;
2019-09-05 11:13:26 - [MESSAGE][PASSED] - Taking screenshot successfully&#xD;
[[ATTACHMENT|D:\\Test\\AgileTest\\AgileTest\\Reports\\mobileWeb\\hbi\\20190905_105643\\../Screenshots/iPhone X/hbi/Vitala Care/20190905_111212/8.png]]&#xD;
&#xD;
2019-09-05 11:13:26 - [TEST_STEP][PASSED] - (internal.GlobalVariable.i++): null&#xD;
&#xD;
2019-09-05 11:13:26 - [MESSAGE][PASSED] - Call Test Case 'Test Cases/mobileWeb/_include/get_screenshot' successfully&#xD;
&#xD;
2019-09-05 11:13:26 - [TEST_STEP][PASSED] - click(findTestObject("mobileSanity/HBI/Page_App Page 3/label")): Object: 'Object Repository/mobileSanity/HBI/Page_App Page 3/label' is clicked on&#xD;
&#xD;
2019-09-05 11:13:26 - [MESSAGE][PASSED] - Object: 'Object Repository/mobileSanity/HBI/Page_App Page 3/label' is clicked on&#xD;
&#xD;
2019-09-05 11:13:26 - [TEST_STEP][PASSED] - click(findTestObject("mobileSanity/HBI/Page_App Page 3/p_CLICK TO SIGN")): Object: 'Object Repository/mobileSanity/HBI/Page_App Page 3/p_CLICK TO SIGN' is clicked on&#xD;
&#xD;
2019-09-05 11:13:26 - [MESSAGE][PASSED] - Object: 'Object Repository/mobileSanity/HBI/Page_App Page 3/p_CLICK TO SIGN' is clicked on&#xD;
&#xD;
2019-09-05 11:13:26 - [TEST_STEP][PASSED] - click(findTestObject("mobileSanity/HBI/Page_App Page 3/a_Submit Your Application")): Object: 'Object Repository/mobileSanity/HBI/Page_App Page 3/a_Submit Your Application' is clicked on&#xD;
&#xD;
2019-09-05 11:13:26 - [MESSAGE][PASSED] - Object: 'Object Repository/mobileSanity/HBI/Page_App Page 3/a_Submit Your Application' is clicked on&#xD;
&#xD;
2019-09-05 11:13:26 - [TEST_STEP][PASSED] - Thread.sleep(30000): null&#xD;
&#xD;
2019-09-05 11:13:56 - [TEST_STEP][PASSED] - callTestCase(findTestCase("mobileWeb/_include/get_screenshot"), [:], STOP_ON_FAILURE): Call Test Case 'Test Cases/mobileWeb/_include/get_screenshot' successfully&#xD;
&#xD;
2019-09-05 11:13:56 - [TEST_CASE][PASSED] - Test Cases/mobileWeb/_include/get_screenshot: Test Cases/mobileWeb/_include/get_screenshot&#xD;
&#xD;
2019-09-05 11:13:56 - [TEST_STEP][PASSED] - takeScreenshot(screenPath + i + ".png"): Taking screenshot successfully&#xD;
&#xD;
2019-09-05 11:13:57 - [MESSAGE][PASSED] - Taking screenshot successfully&#xD;
[[ATTACHMENT|D:\\Test\\AgileTest\\AgileTest\\Reports\\mobileWeb\\hbi\\20190905_105643\\../Screenshots/iPhone X/hbi/Vitala Care/20190905_111212/9.png]]&#xD;
&#xD;
2019-09-05 11:13:57 - [TEST_STEP][PASSED] - (internal.GlobalVariable.i++): null&#xD;
&#xD;
2019-09-05 11:13:57 - [MESSAGE][PASSED] - Call Test Case 'Test Cases/mobileWeb/_include/get_screenshot' successfully&#xD;
&#xD;
2019-09-05 11:13:57 - [TEST_STEP][PASSED] - verifyTextPresent("Congratulations", false): Text 'Congratulations' is present on page &#xD;
&#xD;
2019-09-05 11:13:57 - [MESSAGE][PASSED] - Text 'Congratulations' is present on page &#xD;
&#xD;
2019-09-05 11:13:57 - [MESSAGE][PASSED] - Call Test Case 'Test Cases/mobileWeb/_include/goToEnd_hbi' successfully</system-out>
            <system-err></system-err>
        </testcase>
        <system-out>2019-09-05 10:56:55 - [TEST_SUITE][INCOMPLETE] - hbi: null</system-out>
        <system-err>2019-09-05 10:56:55 - [TEST_SUITE][INCOMPLETE] - hbi: null</system-err>
    </testsuite>
</testsuites>
