<?xml version="1.0" encoding="UTF-8"?>
<testsuites name="hbi" time="649" tests="8" failures="0" errors="0">
   <testsuite name="hbi" tests="8" failures="0" errors="0" time="649" timestamp="2019-09-19 04:35:47" hostname="Administrator - 172.30.0.53" id="Test Suites/mobileWeb/hbi">
      <properties>
         <property name="deviceName" value=""/>
         <property name="devicePlatform" value=""/>
         <property name="logFolder" value="D:\\Test\\AgileTest\\Reports\\mobileWeb\\hbi\\20190919_043544"/>
         <property name="logFiles" value="D:\\Test\\AgileTest\\Reports\\mobileWeb\\hbi\\20190919_043544\\execution0.log"/>
         <property name="attachments" value="D:\\Test\\AgileTest\\Reports\\mobileWeb\\hbi\\20190919_043544\\../Screenshots/iPhone 6/hbi/Agile One/20190919_043548/0.png, D:\\Test\\AgileTest\\Reports\\mobileWeb\\hbi\\20190919_043544\\../Screenshots/iPhone 6/hbi/Agile One/20190919_043548/1.png, D:\\Test\\AgileTest\\Reports\\mobileWeb\\hbi\\20190919_043544\\../Screenshots/iPhone 6/hbi/Agile One/20190919_043548/2.png, D:\\Test\\AgileTest\\Reports\\mobileWeb\\hbi\\20190919_043544\\../Screenshots/iPhone 6/hbi/Agile One/20190919_043548/3.png, D:\\Test\\AgileTest\\Reports\\mobileWeb\\hbi\\20190919_043544\\../Screenshots/iPhone 6/hbi/Agile One/20190919_043548/4.png, D:\\Test\\AgileTest\\Reports\\mobileWeb\\hbi\\20190919_043544\\../Screenshots/iPhone 6/hbi/Agile One/20190919_043548/5.png, D:\\Test\\AgileTest\\Reports\\mobileWeb\\hbi\\20190919_043544\\../Screenshots/iPhone 6/hbi/Agile One/20190919_043548/6.png, D:\\Test\\AgileTest\\Reports\\mobileWeb\\hbi\\20190919_043544\\../Screenshots/iPhone 6/hbi/Agile One/20190919_043548/7.png, D:\\Test\\AgileTest\\Reports\\mobileWeb\\hbi\\20190919_043544\\../Screenshots/iPhone 6/hbi/Agile One/20190919_043548/8.png, D:\\Test\\AgileTest\\Reports\\mobileWeb\\hbi\\20190919_043544\\../Screenshots/iPhone 6/hbi/Agile One/20190919_043548/9.png, D:\\Test\\AgileTest\\Reports\\mobileWeb\\hbi\\20190919_043544\\../Screenshots/iPhone 6/hbi/Legion Limited Medical/20190919_043713/0.png, D:\\Test\\AgileTest\\Reports\\mobileWeb\\hbi\\20190919_043544\\../Screenshots/iPhone 6/hbi/Legion Limited Medical/20190919_043713/1.png, D:\\Test\\AgileTest\\Reports\\mobileWeb\\hbi\\20190919_043544\\../Screenshots/iPhone 6/hbi/Legion Limited Medical/20190919_043713/2.png, D:\\Test\\AgileTest\\Reports\\mobileWeb\\hbi\\20190919_043544\\../Screenshots/iPhone 6/hbi/Legion Limited Medical/20190919_043713/3.png, D:\\Test\\AgileTest\\Reports\\mobileWeb\\hbi\\20190919_043544\\../Screenshots/iPhone 6/hbi/Legion Limited Medical/20190919_043713/4.png, D:\\Test\\AgileTest\\Reports\\mobileWeb\\hbi\\20190919_043544\\../Screenshots/iPhone 6/hbi/Legion Limited Medical/20190919_043713/5.png, D:\\Test\\AgileTest\\Reports\\mobileWeb\\hbi\\20190919_043544\\../Screenshots/iPhone 6/hbi/Legion Limited Medical/20190919_043713/6.png, D:\\Test\\AgileTest\\Reports\\mobileWeb\\hbi\\20190919_043544\\../Screenshots/iPhone 6/hbi/Legion Limited Medical/20190919_043713/7.png, D:\\Test\\AgileTest\\Reports\\mobileWeb\\hbi\\20190919_043544\\../Screenshots/iPhone 6/hbi/Legion Limited Medical/20190919_043713/8.png, D:\\Test\\AgileTest\\Reports\\mobileWeb\\hbi\\20190919_043544\\../Screenshots/iPhone 6/hbi/Legion Limited Medical/20190919_043713/9.png, D:\\Test\\AgileTest\\Reports\\mobileWeb\\hbi\\20190919_043544\\../Screenshots/iPhone 6/hbi/Cardinal Choice/20190919_043829/0.png, D:\\Test\\AgileTest\\Reports\\mobileWeb\\hbi\\20190919_043544\\../Screenshots/iPhone 6/hbi/Cardinal Choice/20190919_043829/1.png, D:\\Test\\AgileTest\\Reports\\mobileWeb\\hbi\\20190919_043544\\../Screenshots/iPhone 6/hbi/Cardinal Choice/20190919_043829/2.png, D:\\Test\\AgileTest\\Reports\\mobileWeb\\hbi\\20190919_043544\\../Screenshots/iPhone 6/hbi/Cardinal Choice/20190919_043829/3.png, D:\\Test\\AgileTest\\Reports\\mobileWeb\\hbi\\20190919_043544\\../Screenshots/iPhone 6/hbi/Cardinal Choice/20190919_043829/4.png, D:\\Test\\AgileTest\\Reports\\mobileWeb\\hbi\\20190919_043544\\../Screenshots/iPhone 6/hbi/Cardinal Choice/20190919_043829/5.png, D:\\Test\\AgileTest\\Reports\\mobileWeb\\hbi\\20190919_043544\\../Screenshots/iPhone 6/hbi/Cardinal Choice/20190919_043829/6.png, D:\\Test\\AgileTest\\Reports\\mobileWeb\\hbi\\20190919_043544\\../Screenshots/iPhone 6/hbi/Cardinal Choice/20190919_043829/7.png, D:\\Test\\AgileTest\\Reports\\mobileWeb\\hbi\\20190919_043544\\../Screenshots/iPhone 6/hbi/Cardinal Choice/20190919_043829/8.png, D:\\Test\\AgileTest\\Reports\\mobileWeb\\hbi\\20190919_043544\\../Screenshots/iPhone 6/hbi/Cardinal Choice/20190919_043829/9.png, D:\\Test\\AgileTest\\Reports\\mobileWeb\\hbi\\20190919_043544\\../Screenshots/iPhone 6/hbi/Core Shield/20190919_043949/0.png, D:\\Test\\AgileTest\\Reports\\mobileWeb\\hbi\\20190919_043544\\../Screenshots/iPhone 6/hbi/Core Shield/20190919_043949/1.png, D:\\Test\\AgileTest\\Reports\\mobileWeb\\hbi\\20190919_043544\\../Screenshots/iPhone 6/hbi/Core Shield/20190919_043949/2.png, D:\\Test\\AgileTest\\Reports\\mobileWeb\\hbi\\20190919_043544\\../Screenshots/iPhone 6/hbi/Core Shield/20190919_043949/3.png, D:\\Test\\AgileTest\\Reports\\mobileWeb\\hbi\\20190919_043544\\../Screenshots/iPhone 6/hbi/Core Shield/20190919_043949/4.png, D:\\Test\\AgileTest\\Reports\\mobileWeb\\hbi\\20190919_043544\\../Screenshots/iPhone 6/hbi/Core Shield/20190919_043949/5.png, D:\\Test\\AgileTest\\Reports\\mobileWeb\\hbi\\20190919_043544\\../Screenshots/iPhone 6/hbi/Core Shield/20190919_043949/6.png, D:\\Test\\AgileTest\\Reports\\mobileWeb\\hbi\\20190919_043544\\../Screenshots/iPhone 6/hbi/Core Shield/20190919_043949/7.png, D:\\Test\\AgileTest\\Reports\\mobileWeb\\hbi\\20190919_043544\\../Screenshots/iPhone 6/hbi/Core Shield/20190919_043949/8.png, D:\\Test\\AgileTest\\Reports\\mobileWeb\\hbi\\20190919_043544\\../Screenshots/iPhone 6/hbi/Core Shield/20190919_043949/9.png, D:\\Test\\AgileTest\\Reports\\mobileWeb\\hbi\\20190919_043544\\../Screenshots/iPhone 6/hbi/Agile Secure/20190919_044111/0.png, D:\\Test\\AgileTest\\Reports\\mobileWeb\\hbi\\20190919_043544\\../Screenshots/iPhone 6/hbi/Agile Secure/20190919_044111/1.png, D:\\Test\\AgileTest\\Reports\\mobileWeb\\hbi\\20190919_043544\\../Screenshots/iPhone 6/hbi/Agile Secure/20190919_044111/2.png, D:\\Test\\AgileTest\\Reports\\mobileWeb\\hbi\\20190919_043544\\../Screenshots/iPhone 6/hbi/Agile Secure/20190919_044111/3.png, D:\\Test\\AgileTest\\Reports\\mobileWeb\\hbi\\20190919_043544\\../Screenshots/iPhone 6/hbi/Agile Secure/20190919_044111/4.png, D:\\Test\\AgileTest\\Reports\\mobileWeb\\hbi\\20190919_043544\\../Screenshots/iPhone 6/hbi/Agile Secure/20190919_044111/5.png, D:\\Test\\AgileTest\\Reports\\mobileWeb\\hbi\\20190919_043544\\../Screenshots/iPhone 6/hbi/Agile Secure/20190919_044111/6.png, D:\\Test\\AgileTest\\Reports\\mobileWeb\\hbi\\20190919_043544\\../Screenshots/iPhone 6/hbi/Agile Secure/20190919_044111/7.png, D:\\Test\\AgileTest\\Reports\\mobileWeb\\hbi\\20190919_043544\\../Screenshots/iPhone 6/hbi/Agile Secure/20190919_044111/8.png, D:\\Test\\AgileTest\\Reports\\mobileWeb\\hbi\\20190919_043544\\../Screenshots/iPhone 6/hbi/Fixed Cash Benefit/20190919_044225/0.png, D:\\Test\\AgileTest\\Reports\\mobileWeb\\hbi\\20190919_043544\\../Screenshots/iPhone 6/hbi/Fixed Cash Benefit/20190919_044225/1.png, D:\\Test\\AgileTest\\Reports\\mobileWeb\\hbi\\20190919_043544\\../Screenshots/iPhone 6/hbi/Fixed Cash Benefit/20190919_044225/2.png, D:\\Test\\AgileTest\\Reports\\mobileWeb\\hbi\\20190919_043544\\../Screenshots/iPhone 6/hbi/Fixed Cash Benefit/20190919_044225/3.png, D:\\Test\\AgileTest\\Reports\\mobileWeb\\hbi\\20190919_043544\\../Screenshots/iPhone 6/hbi/Fixed Cash Benefit/20190919_044225/4.png, D:\\Test\\AgileTest\\Reports\\mobileWeb\\hbi\\20190919_043544\\../Screenshots/iPhone 6/hbi/Fixed Cash Benefit/20190919_044225/5.png, D:\\Test\\AgileTest\\Reports\\mobileWeb\\hbi\\20190919_043544\\../Screenshots/iPhone 6/hbi/Fixed Cash Benefit/20190919_044225/6.png, D:\\Test\\AgileTest\\Reports\\mobileWeb\\hbi\\20190919_043544\\../Screenshots/iPhone 6/hbi/Fixed Cash Benefit/20190919_044225/7.png, D:\\Test\\AgileTest\\Reports\\mobileWeb\\hbi\\20190919_043544\\../Screenshots/iPhone 6/hbi/Fixed Cash Benefit/20190919_044225/8.png, D:\\Test\\AgileTest\\Reports\\mobileWeb\\hbi\\20190919_043544\\../Screenshots/iPhone 6/hbi/Fixed Cash Benefit/20190919_044225/9.png, D:\\Test\\AgileTest\\Reports\\mobileWeb\\hbi\\20190919_043544\\../Screenshots/iPhone 6/hbi/Health Choice/20190919_044347/0.png, D:\\Test\\AgileTest\\Reports\\mobileWeb\\hbi\\20190919_043544\\../Screenshots/iPhone 6/hbi/Health Choice/20190919_044347/1.png, D:\\Test\\AgileTest\\Reports\\mobileWeb\\hbi\\20190919_043544\\../Screenshots/iPhone 6/hbi/Health Choice/20190919_044347/2.png, D:\\Test\\AgileTest\\Reports\\mobileWeb\\hbi\\20190919_043544\\../Screenshots/iPhone 6/hbi/Health Choice/20190919_044347/3.png, D:\\Test\\AgileTest\\Reports\\mobileWeb\\hbi\\20190919_043544\\../Screenshots/iPhone 6/hbi/Health Choice/20190919_044347/4.png, D:\\Test\\AgileTest\\Reports\\mobileWeb\\hbi\\20190919_043544\\../Screenshots/iPhone 6/hbi/Health Choice/20190919_044347/5.png, D:\\Test\\AgileTest\\Reports\\mobileWeb\\hbi\\20190919_043544\\../Screenshots/iPhone 6/hbi/Health Choice/20190919_044347/6.png, D:\\Test\\AgileTest\\Reports\\mobileWeb\\hbi\\20190919_043544\\../Screenshots/iPhone 6/hbi/Health Choice/20190919_044347/7.png, D:\\Test\\AgileTest\\Reports\\mobileWeb\\hbi\\20190919_043544\\../Screenshots/iPhone 6/hbi/Health Choice/20190919_044347/8.png, D:\\Test\\AgileTest\\Reports\\mobileWeb\\hbi\\20190919_043544\\../Screenshots/iPhone 6/hbi/Health Choice/20190919_044347/9.png, D:\\Test\\AgileTest\\Reports\\mobileWeb\\hbi\\20190919_043544\\../Screenshots/iPhone 6/hbi/Vitala Care/20190919_044508/0.png, D:\\Test\\AgileTest\\Reports\\mobileWeb\\hbi\\20190919_043544\\../Screenshots/iPhone 6/hbi/Vitala Care/20190919_044508/1.png, D:\\Test\\AgileTest\\Reports\\mobileWeb\\hbi\\20190919_043544\\../Screenshots/iPhone 6/hbi/Vitala Care/20190919_044508/2.png, D:\\Test\\AgileTest\\Reports\\mobileWeb\\hbi\\20190919_043544\\../Screenshots/iPhone 6/hbi/Vitala Care/20190919_044508/3.png, D:\\Test\\AgileTest\\Reports\\mobileWeb\\hbi\\20190919_043544\\../Screenshots/iPhone 6/hbi/Vitala Care/20190919_044508/4.png, D:\\Test\\AgileTest\\Reports\\mobileWeb\\hbi\\20190919_043544\\../Screenshots/iPhone 6/hbi/Vitala Care/20190919_044508/5.png, D:\\Test\\AgileTest\\Reports\\mobileWeb\\hbi\\20190919_043544\\../Screenshots/iPhone 6/hbi/Vitala Care/20190919_044508/6.png, D:\\Test\\AgileTest\\Reports\\mobileWeb\\hbi\\20190919_043544\\../Screenshots/iPhone 6/hbi/Vitala Care/20190919_044508/7.png, D:\\Test\\AgileTest\\Reports\\mobileWeb\\hbi\\20190919_043544\\../Screenshots/iPhone 6/hbi/Vitala Care/20190919_044508/8.png, D:\\Test\\AgileTest\\Reports\\mobileWeb\\hbi\\20190919_043544\\../Screenshots/iPhone 6/hbi/Vitala Care/20190919_044508/9.png, D:\\Test\\AgileTest\\Reports\\mobileWeb\\hbi\\20190919_043544\\../Screenshots/iPhone 6/hbi/Vitala Care/20190919_044508/10.png"/>
         <property name="hostName" value="Administrator - 172.30.0.53"/>
         <property name="os" value="Windows Server 2012 R2 64bit"/>
         <property name="katalonVersion" value="5.10.1.1"/>
         <property name="browser" value="Safari 11"/>
         <property name="hostAddress" value="172.30.0.53"/>
         <property name="sessionId" value="361fb25f938a73bf65c0c2a1060496d6"/>
         <property name="seleniumVersion" value="3.7.1"/>
         <property name="proxyInformation" value="ProxyInformation{proxyOption=NO_PROXY, proxyServerType=HTTP, password=, proxyServerAddress=, proxyServerPort=0}"/>
         <property name="platform" value="Windows Server 2012 R2"/>
      </properties>
      <testcase name="Test Cases/mobileWeb/HBI/Agile One" classname="Test Cases/mobileWeb/HBI/Agile One" status="PASSED">
         <system-out><![CDATA[2019-09-19 04:35:47 - [TEST_CASE][PASSED] - Test Cases/mobileWeb/HBI/Agile One: Test Cases/mobileWeb/HBI/Agile One

2019-09-19 04:35:47 - [TEST_STEP][PASSED] - callTestCase(findTestCase("mobileWeb/_include/get_screenPath"), ["productLine":"hbi", "carrierName":"Agile One"], CONTINUE_ON_FAILURE): Call Test Case 'Test Cases/mobileWeb/_include/get_screenPath' successfully

2019-09-19 04:35:47 - [TEST_CASE][PASSED] - Test Cases/mobileWeb/_include/get_screenPath: Test Cases/mobileWeb/_include/get_screenPath

2019-09-19 04:35:48 - [TEST_STEP][PASSED] - m = getExecutionProperties(): null

2019-09-19 04:35:48 - [TEST_STEP][PASSED] - deviceName = get("mobileEmulation").get("deviceName"): null

2019-09-19 04:35:48 - [TEST_STEP][PASSED] - println(deviceName): null

2019-09-19 04:35:48 - [TEST_STEP][PASSED] - now = new java.util.Date(): null

2019-09-19 04:35:48 - [TEST_STEP][PASSED] - mydate = now.format("yyyyMMdd_HHmmss"): null

2019-09-19 04:35:48 - [TEST_STEP][PASSED] - screenPath = "../Screenshots/": null

2019-09-19 04:35:48 - [TEST_STEP][PASSED] - screenPath = screenPath + deviceName + "/" + productLine + "/" + carrierName + "/" + mydate + "/": null

2019-09-19 04:35:48 - [TEST_STEP][PASSED] - println(screenPath): null

2019-09-19 04:35:48 - [MESSAGE][PASSED] - Call Test Case 'Test Cases/mobileWeb/_include/get_screenPath' successfully

2019-09-19 04:35:48 - [TEST_STEP][PASSED] - i = 0: null

2019-09-19 04:35:48 - [TEST_STEP][PASSED] - callTestCase(findTestCase("mobileWeb/_include/openWebSite"), [:], CONTINUE_ON_FAILURE): Call Test Case 'Test Cases/mobileWeb/_include/openWebSite' successfully

2019-09-19 04:35:48 - [TEST_CASE][PASSED] - Test Cases/mobileWeb/_include/openWebSite: Test Cases/mobileWeb/_include/openWebSite

2019-09-19 04:35:48 - [TEST_STEP][PASSED] - openBrowser(env): Browser is opened with url: 'https://praetemptatus.agilehealthinsurance.com'

2019-09-19 04:35:49 - [MESSAGE][INFO] - Starting 'Chrome' driver

2019-09-19 04:35:49 - [MESSAGE][INFO] - User set preference: ['mobileEmulation', '{deviceName=iPhone 6}']

2019-09-19 04:35:49 - [MESSAGE][INFO] - User set preference: ['args', '[--incognito, --aggressive-cache-discard, --window-size=375,677, --no-sandbox]']

2019-09-19 04:35:49 - [MESSAGE][INFO] - Action delay is set to 0 seconds

2019-09-19 04:35:52 - [MESSAGE][PASSED] - Browser is opened with url: 'https://praetemptatus.agilehealthinsurance.com'

2019-09-19 04:35:52 - [TEST_STEP][PASSED] - waitForPageLoad(20): Wait for page load successfully

2019-09-19 04:35:53 - [MESSAGE][PASSED] - Wait for page load successfully

2019-09-19 04:35:53 - [TEST_STEP][PASSED] - Thread.sleep(2000): null

2019-09-19 04:35:55 - [TEST_STEP][PASSED] - callTestCase(findTestCase("mobileWeb/_include/get_screenshot"), [:], STOP_ON_FAILURE): Call Test Case 'Test Cases/mobileWeb/_include/get_screenshot' successfully

2019-09-19 04:35:55 - [TEST_CASE][PASSED] - Test Cases/mobileWeb/_include/get_screenshot: Test Cases/mobileWeb/_include/get_screenshot

2019-09-19 04:35:55 - [TEST_STEP][PASSED] - takeScreenshot(screenPath + i + ".png"): Taking screenshot successfully

2019-09-19 04:35:56 - [MESSAGE][PASSED] - Taking screenshot successfully
[[ATTACHMENT|D:\\Test\\AgileTest\\Reports\\mobileWeb\\hbi\\20190919_043544\\../Screenshots/iPhone 6/hbi/Agile One/20190919_043548/0.png]]

2019-09-19 04:35:56 - [TEST_STEP][PASSED] - (internal.GlobalVariable.i++): null

2019-09-19 04:35:56 - [MESSAGE][PASSED] - Call Test Case 'Test Cases/mobileWeb/_include/get_screenshot' successfully

2019-09-19 04:35:56 - [MESSAGE][PASSED] - Call Test Case 'Test Cases/mobileWeb/_include/openWebSite' successfully

2019-09-19 04:35:56 - [TEST_STEP][PASSED] - callTestCase(findTestCase("mobileWeb/_include/census_hbi"), [:], CONTINUE_ON_FAILURE): Call Test Case 'Test Cases/mobileWeb/_include/census_hbi' successfully

2019-09-19 04:35:56 - [TEST_CASE][PASSED] - Test Cases/mobileWeb/_include/census_hbi: Test Cases/mobileWeb/_include/census_hbi

2019-09-19 04:35:56 - [TEST_STEP][PASSED] - click(findTestObject("mobileSanity/Common/side_nav/menu")): Object: 'Object Repository/mobileSanity/Common/side_nav/menu' is clicked on

2019-09-19 04:35:56 - [MESSAGE][PASSED] - Object: 'Object Repository/mobileSanity/Common/side_nav/menu' is clicked on

2019-09-19 04:35:56 - [TEST_STEP][PASSED] - Thread.sleep(3000): null

2019-09-19 04:35:59 - [TEST_STEP][PASSED] - callTestCase(findTestCase("mobileWeb/_include/get_screenshot"), [:], STOP_ON_FAILURE): Call Test Case 'Test Cases/mobileWeb/_include/get_screenshot' successfully

2019-09-19 04:35:59 - [TEST_CASE][PASSED] - Test Cases/mobileWeb/_include/get_screenshot: Test Cases/mobileWeb/_include/get_screenshot

2019-09-19 04:35:59 - [TEST_STEP][PASSED] - takeScreenshot(screenPath + i + ".png"): Taking screenshot successfully

2019-09-19 04:36:00 - [MESSAGE][PASSED] - Taking screenshot successfully
[[ATTACHMENT|D:\\Test\\AgileTest\\Reports\\mobileWeb\\hbi\\20190919_043544\\../Screenshots/iPhone 6/hbi/Agile One/20190919_043548/1.png]]

2019-09-19 04:36:00 - [TEST_STEP][PASSED] - (internal.GlobalVariable.i++): null

2019-09-19 04:36:00 - [MESSAGE][PASSED] - Call Test Case 'Test Cases/mobileWeb/_include/get_screenshot' successfully

2019-09-19 04:36:00 - [TEST_STEP][PASSED] - click(findTestObject("mobileSanity/Common/side_nav/nav_hbi")): Object: 'Object Repository/mobileSanity/Common/side_nav/nav_hbi' is clicked on

2019-09-19 04:36:00 - [MESSAGE][PASSED] - Object: 'Object Repository/mobileSanity/Common/side_nav/nav_hbi' is clicked on

2019-09-19 04:36:00 - [TEST_STEP][PASSED] - waitForPageLoad(10): Wait for page load successfully

2019-09-19 04:36:00 - [MESSAGE][PASSED] - Wait for page load successfully

2019-09-19 04:36:00 - [TEST_STEP][PASSED] - Thread.sleep(3000): null

2019-09-19 04:36:03 - [TEST_STEP][PASSED] - callTestCase(findTestCase("mobileWeb/_include/get_screenshot"), [:], STOP_ON_FAILURE): Call Test Case 'Test Cases/mobileWeb/_include/get_screenshot' successfully

2019-09-19 04:36:03 - [TEST_CASE][PASSED] - Test Cases/mobileWeb/_include/get_screenshot: Test Cases/mobileWeb/_include/get_screenshot

2019-09-19 04:36:03 - [TEST_STEP][PASSED] - takeScreenshot(screenPath + i + ".png"): Taking screenshot successfully

2019-09-19 04:36:04 - [MESSAGE][PASSED] - Taking screenshot successfully
[[ATTACHMENT|D:\\Test\\AgileTest\\Reports\\mobileWeb\\hbi\\20190919_043544\\../Screenshots/iPhone 6/hbi/Agile One/20190919_043548/2.png]]

2019-09-19 04:36:04 - [TEST_STEP][PASSED] - (internal.GlobalVariable.i++): null

2019-09-19 04:36:04 - [MESSAGE][PASSED] - Call Test Case 'Test Cases/mobileWeb/_include/get_screenshot' successfully

2019-09-19 04:36:04 - [TEST_STEP][PASSED] - setText(findTestObject("mobileSanity/HBI/census/input_Location_zip-input"), zipcode): Text '35215' is set on object 'Object Repository/mobileSanity/HBI/census/input_Location_zip-input'

2019-09-19 04:36:04 - [MESSAGE][PASSED] - Text '35215' is set on object 'Object Repository/mobileSanity/HBI/census/input_Location_zip-input'

2019-09-19 04:36:04 - [TEST_STEP][PASSED] - Thread.sleep(500): null

2019-09-19 04:36:04 - [TEST_STEP][PASSED] - setText(findTestObject("mobileSanity/HBI/census/input_Date of Birth_dob-0"), "12121980"): Text '12121980' is set on object 'Object Repository/mobileSanity/HBI/census/input_Date of Birth_dob-0'

2019-09-19 04:36:04 - [MESSAGE][PASSED] - Text '12121980' is set on object 'Object Repository/mobileSanity/HBI/census/input_Date of Birth_dob-0'

2019-09-19 04:36:04 - [TEST_STEP][PASSED] - click(findTestObject("mobileSanity/HBI/census/label_Male")): Object: 'Object Repository/mobileSanity/HBI/census/label_Male' is clicked on

2019-09-19 04:36:05 - [MESSAGE][PASSED] - Object: 'Object Repository/mobileSanity/HBI/census/label_Male' is clicked on

2019-09-19 04:36:05 - [TEST_STEP][PASSED] - click(findTestObject("mobileSanity/HBI/census/label_Get a Quote")): Object: 'Object Repository/mobileSanity/HBI/census/label_Get a Quote' is clicked on

2019-09-19 04:36:05 - [MESSAGE][PASSED] - Object: 'Object Repository/mobileSanity/HBI/census/label_Get a Quote' is clicked on

2019-09-19 04:36:05 - [TEST_STEP][PASSED] - waitForPageLoad(20): Wait for page load successfully

2019-09-19 04:36:06 - [MESSAGE][PASSED] - Wait for page load successfully

2019-09-19 04:36:06 - [TEST_STEP][PASSED] - Thread.sleep(3000): null

2019-09-19 04:36:09 - [TEST_STEP][PASSED] - callTestCase(findTestCase("mobileWeb/_include/get_screenshot"), [:], STOP_ON_FAILURE): Call Test Case 'Test Cases/mobileWeb/_include/get_screenshot' successfully

2019-09-19 04:36:09 - [TEST_CASE][PASSED] - Test Cases/mobileWeb/_include/get_screenshot: Test Cases/mobileWeb/_include/get_screenshot

2019-09-19 04:36:09 - [TEST_STEP][PASSED] - takeScreenshot(screenPath + i + ".png"): Taking screenshot successfully

2019-09-19 04:36:09 - [MESSAGE][PASSED] - Taking screenshot successfully
[[ATTACHMENT|D:\\Test\\AgileTest\\Reports\\mobileWeb\\hbi\\20190919_043544\\../Screenshots/iPhone 6/hbi/Agile One/20190919_043548/3.png]]

2019-09-19 04:36:09 - [TEST_STEP][PASSED] - (internal.GlobalVariable.i++): null

2019-09-19 04:36:09 - [MESSAGE][PASSED] - Call Test Case 'Test Cases/mobileWeb/_include/get_screenshot' successfully

2019-09-19 04:36:09 - [MESSAGE][PASSED] - Call Test Case 'Test Cases/mobileWeb/_include/census_hbi' successfully

2019-09-19 04:36:09 - [TEST_STEP][PASSED] - Thread.sleep(5000): null

2019-09-19 04:36:14 - [TEST_STEP][PASSED] - scrollToPosition(200, 2300): Browser is scrolled to position x = 200, y = 2300

2019-09-19 04:36:14 - [MESSAGE][PASSED] - Browser is scrolled to position x = 200, y = 2300

2019-09-19 04:36:14 - [TEST_STEP][PASSED] - click(findTestObject("mobileSanity/HBI/quote/a_Agile One 750")): Object: 'Object Repository/mobileSanity/HBI/quote/a_Agile One 750' is clicked on

2019-09-19 04:36:15 - [MESSAGE][PASSED] - Object: 'Object Repository/mobileSanity/HBI/quote/a_Agile One 750' is clicked on

2019-09-19 04:36:15 - [TEST_STEP][PASSED] - waitForPageLoad(20): Wait for page load successfully

2019-09-19 04:36:15 - [MESSAGE][PASSED] - Wait for page load successfully

2019-09-19 04:36:15 - [TEST_STEP][PASSED] - waitForElementPresent(findTestObject("mobileSanity/HBI/detail/a_Apply for This Plan"), 20): Object 'Object Repository/mobileSanity/HBI/detail/a_Apply for This Plan' is present

2019-09-19 04:36:15 - [MESSAGE][PASSED] - Object 'Object Repository/mobileSanity/HBI/detail/a_Apply for This Plan' is present

2019-09-19 04:36:15 - [TEST_STEP][PASSED] - callTestCase(findTestCase("mobileWeb/_include/get_screenshot"), [:], STOP_ON_FAILURE): Call Test Case 'Test Cases/mobileWeb/_include/get_screenshot' successfully

2019-09-19 04:36:15 - [TEST_CASE][PASSED] - Test Cases/mobileWeb/_include/get_screenshot: Test Cases/mobileWeb/_include/get_screenshot

2019-09-19 04:36:15 - [TEST_STEP][PASSED] - takeScreenshot(screenPath + i + ".png"): Taking screenshot successfully

2019-09-19 04:36:16 - [MESSAGE][PASSED] - Taking screenshot successfully
[[ATTACHMENT|D:\\Test\\AgileTest\\Reports\\mobileWeb\\hbi\\20190919_043544\\../Screenshots/iPhone 6/hbi/Agile One/20190919_043548/4.png]]

2019-09-19 04:36:16 - [TEST_STEP][PASSED] - (internal.GlobalVariable.i++): null

2019-09-19 04:36:16 - [MESSAGE][PASSED] - Call Test Case 'Test Cases/mobileWeb/_include/get_screenshot' successfully

2019-09-19 04:36:16 - [TEST_STEP][PASSED] - click(findTestObject("mobileSanity/HBI/detail/a_Apply for This Plan")): Object: 'Object Repository/mobileSanity/HBI/detail/a_Apply for This Plan' is clicked on

2019-09-19 04:36:16 - [MESSAGE][PASSED] - Object: 'Object Repository/mobileSanity/HBI/detail/a_Apply for This Plan' is clicked on

2019-09-19 04:36:16 - [TEST_STEP][PASSED] - waitForPageLoad(20): Wait for page load successfully

2019-09-19 04:36:16 - [MESSAGE][PASSED] - Wait for page load successfully

2019-09-19 04:36:16 - [TEST_STEP][PASSED] - waitForElementPresent(findTestObject("mobileSanity/HBI/Page_Apply/span_Start Secure Application"), 20): Object 'Object Repository/mobileSanity/HBI/Page_Apply/span_Start Secure Application' is present

2019-09-19 04:36:16 - [MESSAGE][PASSED] - Object 'Object Repository/mobileSanity/HBI/Page_Apply/span_Start Secure Application' is present

2019-09-19 04:36:17 - [TEST_STEP][PASSED] - callTestCase(findTestCase("mobileWeb/_include/get_screenshot"), [:], STOP_ON_FAILURE): Call Test Case 'Test Cases/mobileWeb/_include/get_screenshot' successfully

2019-09-19 04:36:17 - [TEST_CASE][PASSED] - Test Cases/mobileWeb/_include/get_screenshot: Test Cases/mobileWeb/_include/get_screenshot

2019-09-19 04:36:17 - [TEST_STEP][PASSED] - takeScreenshot(screenPath + i + ".png"): Taking screenshot successfully

2019-09-19 04:36:17 - [MESSAGE][PASSED] - Taking screenshot successfully
[[ATTACHMENT|D:\\Test\\AgileTest\\Reports\\mobileWeb\\hbi\\20190919_043544\\../Screenshots/iPhone 6/hbi/Agile One/20190919_043548/5.png]]

2019-09-19 04:36:17 - [TEST_STEP][PASSED] - (internal.GlobalVariable.i++): null

2019-09-19 04:36:17 - [MESSAGE][PASSED] - Call Test Case 'Test Cases/mobileWeb/_include/get_screenshot' successfully

2019-09-19 04:36:17 - [TEST_STEP][PASSED] - click(findTestObject("mobileSanity/HBI/Page_Apply/span_Start Secure Application")): Object: 'Object Repository/mobileSanity/HBI/Page_Apply/span_Start Secure Application' is clicked on

2019-09-19 04:36:17 - [MESSAGE][PASSED] - Object: 'Object Repository/mobileSanity/HBI/Page_Apply/span_Start Secure Application' is clicked on

2019-09-19 04:36:17 - [TEST_STEP][PASSED] - waitForPageLoad(20): Wait for page load successfully

2019-09-19 04:36:18 - [MESSAGE][PASSED] - Wait for page load successfully

2019-09-19 04:36:18 - [TEST_STEP][PASSED] - Thread.sleep(5000): null

2019-09-19 04:36:23 - [TEST_STEP][PASSED] - callTestCase(findTestCase("mobileWeb/_include/get_screenshot"), [:], STOP_ON_FAILURE): Call Test Case 'Test Cases/mobileWeb/_include/get_screenshot' successfully

2019-09-19 04:36:23 - [TEST_CASE][PASSED] - Test Cases/mobileWeb/_include/get_screenshot: Test Cases/mobileWeb/_include/get_screenshot

2019-09-19 04:36:23 - [TEST_STEP][PASSED] - takeScreenshot(screenPath + i + ".png"): Taking screenshot successfully

2019-09-19 04:36:23 - [MESSAGE][PASSED] - Taking screenshot successfully
[[ATTACHMENT|D:\\Test\\AgileTest\\Reports\\mobileWeb\\hbi\\20190919_043544\\../Screenshots/iPhone 6/hbi/Agile One/20190919_043548/6.png]]

2019-09-19 04:36:23 - [TEST_STEP][PASSED] - (internal.GlobalVariable.i++): null

2019-09-19 04:36:23 - [MESSAGE][PASSED] - Call Test Case 'Test Cases/mobileWeb/_include/get_screenshot' successfully

2019-09-19 04:36:23 - [TEST_STEP][PASSED] - callTestCase(findTestCase("mobileWeb/_include/goToEnd_hbi"), ["carrier":"agileone"], CONTINUE_ON_FAILURE): Call Test Case 'Test Cases/mobileWeb/_include/goToEnd_hbi' successfully

2019-09-19 04:36:23 - [TEST_CASE][PASSED] - Test Cases/mobileWeb/_include/goToEnd_hbi: Test Cases/mobileWeb/_include/goToEnd_hbi

2019-09-19 04:36:23 - [TEST_STEP][PASSED] - if (state == "ca"): null

2019-09-19 04:36:23 - [TEST_STEP][PASSED] - callTestCase(findTestCase("mobileWeb/_include/name"), [:], CONTINUE_ON_FAILURE): Call Test Case 'Test Cases/mobileWeb/_include/name' successfully

2019-09-19 04:36:23 - [TEST_CASE][PASSED] - Test Cases/mobileWeb/_include/name: Test Cases/mobileWeb/_include/name

2019-09-19 04:36:24 - [TEST_STEP][PASSED] - driver = getWebDriver(): null

2019-09-19 04:36:24 - [TEST_STEP][PASSED] - selenium = new com.thoughtworks.selenium.webdriven.WebDriverBackedSelenium(driver, internal.GlobalVariable.ENV): null

2019-09-19 04:36:24 - [TEST_STEP][PASSED] - FirstName = "Test-123": null

2019-09-19 04:36:24 - [TEST_STEP][PASSED] - LastName = selenium.getEval("{var x="ABCDEFGHIJKLMNOPQRSTUVWXYZabcdefghijklmnopqrstuvwxyz"; var tmp="ZZ11-"; for (i=0;i<8;i++) tmp+=x.charAt(Math.ceil(51*Math.random()));tmp;}"): null

2019-09-19 04:36:24 - [TEST_STEP][PASSED] - Address = selenium.getEval("{var x="ABCDEFGHIJKLMNOPQRSTUVWXYZabcdefghijklmnopqrstuvwxyz"; var tmp=""; for (i=0;i<8;i++) tmp+=x.charAt(Math.ceil(51*Math.random()));tmp;}"): null

2019-09-19 04:36:24 - [TEST_STEP][PASSED] - City = selenium.getEval("{var x="ABCDEFGHIJKLMNOPQRSTUVWXYZabcdefghijklmnopqrstuvwxyz"; var tmp=""; for (i=0;i<8;i++) tmp+=x.charAt(Math.ceil(51*Math.random()));tmp;}"): null

2019-09-19 04:36:24 - [TEST_STEP][PASSED] - tel1 = selenium.getEval("{var x="123456789"; var tmp=""; for (i=0;i<3;i++) tmp+=x.charAt(Math.ceil(8*Math.random()));tmp;}"): null

2019-09-19 04:36:24 - [TEST_STEP][PASSED] - tel2 = selenium.getEval("{var x="123456789"; var tmp=""; for (i=0;i<3;i++) tmp+=x.charAt(Math.ceil(8*Math.random()));tmp;}"): null

2019-09-19 04:36:24 - [TEST_STEP][PASSED] - tel3 = selenium.getEval("{var x="123456789"; var tmp=""; for (i=0;i<4;i++) tmp+=x.charAt(Math.ceil(8*Math.random()));tmp;}"): null

2019-09-19 04:36:24 - [TEST_STEP][PASSED] - Tel = selenium.getExpression(tel1 + "-" + tel2 + "-" + tel3): null

2019-09-19 04:36:24 - [TEST_STEP][PASSED] - AutoEmail = selenium.getEval("{var x="ABCDEFGHIJKLMNOPQRSTUVWXYZabcdefghijklmnopqrstuvwxyz"; var tmp="test."; for (i=0;i<8;i++) tmp+=x.charAt(Math.ceil(51*Math.random()));tmp+="@suryani.cn";}"): null

2019-09-19 04:36:24 - [TEST_STEP][PASSED] - FirstName = FirstName: null

2019-09-19 04:36:24 - [TEST_STEP][PASSED] - LastName = LastName: null

2019-09-19 04:36:24 - [TEST_STEP][PASSED] - Address = Address: null

2019-09-19 04:36:24 - [TEST_STEP][PASSED] - City = City: null

2019-09-19 04:36:24 - [TEST_STEP][PASSED] - Tel = Tel: null

2019-09-19 04:36:24 - [TEST_STEP][PASSED] - AutoEmail = AutoEmail: null

2019-09-19 04:36:24 - [TEST_STEP][PASSED] - println(FirstName): null

2019-09-19 04:36:24 - [TEST_STEP][PASSED] - println(LastName): null

2019-09-19 04:36:24 - [TEST_STEP][PASSED] - println(Address): null

2019-09-19 04:36:24 - [TEST_STEP][PASSED] - println(City): null

2019-09-19 04:36:24 - [TEST_STEP][PASSED] - println(Tel): null

2019-09-19 04:36:24 - [TEST_STEP][PASSED] - println(AutoEmail): null

2019-09-19 04:36:24 - [MESSAGE][PASSED] - Call Test Case 'Test Cases/mobileWeb/_include/name' successfully

2019-09-19 04:36:24 - [TEST_STEP][PASSED] - setText(findTestObject("mobileSanity/HBI/Page_App Page 1/input__member-P-1-firstName"), FirstName): Text 'Test-123' is set on object 'Object Repository/mobileSanity/HBI/Page_App Page 1/input__member-P-1-firstName'

2019-09-19 04:36:24 - [MESSAGE][PASSED] - Text 'Test-123' is set on object 'Object Repository/mobileSanity/HBI/Page_App Page 1/input__member-P-1-firstName'

2019-09-19 04:36:24 - [TEST_STEP][PASSED] - setText(findTestObject("mobileSanity/HBI/Page_App Page 1/input__member-P-1-lastName"), LastName): Text 'ZZ11-mjxkUymj' is set on object 'Object Repository/mobileSanity/HBI/Page_App Page 1/input__member-P-1-lastName'

2019-09-19 04:36:25 - [MESSAGE][PASSED] - Text 'ZZ11-mjxkUymj' is set on object 'Object Repository/mobileSanity/HBI/Page_App Page 1/input__member-P-1-lastName'

2019-09-19 04:36:25 - [TEST_STEP][PASSED] - if (carrier == "agileone" || carrier == "agilesecure"): Text 'test6' is set on object 'Object Repository/mobileSanity/HBI/Page_App Page 1/input__contingent-beneficiary-relationship'

2019-09-19 04:36:25 - [TEST_STEP][PASSED] - setText(findTestObject("mobileSanity/HBI/Page_App Page 1/input__primary-beneficiary-fir"), "test1"): Text 'test1' is set on object 'Object Repository/mobileSanity/HBI/Page_App Page 1/input__primary-beneficiary-fir'

2019-09-19 04:36:25 - [MESSAGE][PASSED] - Text 'test1' is set on object 'Object Repository/mobileSanity/HBI/Page_App Page 1/input__primary-beneficiary-fir'

2019-09-19 04:36:25 - [TEST_STEP][PASSED] - setText(findTestObject("mobileSanity/HBI/Page_App Page 1/input__primary-beneficiary-las"), "test2"): Text 'test2' is set on object 'Object Repository/mobileSanity/HBI/Page_App Page 1/input__primary-beneficiary-las'

2019-09-19 04:36:25 - [MESSAGE][PASSED] - Text 'test2' is set on object 'Object Repository/mobileSanity/HBI/Page_App Page 1/input__primary-beneficiary-las'

2019-09-19 04:36:25 - [TEST_STEP][PASSED] - setText(findTestObject("mobileSanity/HBI/Page_App Page 1/input__primary-beneficiary-rel"), "test3"): Text 'test3' is set on object 'Object Repository/mobileSanity/HBI/Page_App Page 1/input__primary-beneficiary-rel'

2019-09-19 04:36:25 - [MESSAGE][PASSED] - Text 'test3' is set on object 'Object Repository/mobileSanity/HBI/Page_App Page 1/input__primary-beneficiary-rel'

2019-09-19 04:36:25 - [TEST_STEP][PASSED] - setText(findTestObject("mobileSanity/HBI/Page_App Page 1/input__contingent-beneficiary-"), "test4"): Text 'test4' is set on object 'Object Repository/mobileSanity/HBI/Page_App Page 1/input__contingent-beneficiary-'

2019-09-19 04:36:25 - [MESSAGE][PASSED] - Text 'test4' is set on object 'Object Repository/mobileSanity/HBI/Page_App Page 1/input__contingent-beneficiary-'

2019-09-19 04:36:25 - [TEST_STEP][PASSED] - setText(findTestObject("mobileSanity/HBI/Page_App Page 1/input__contingent-beneficiary-_lastname"), "test5"): Text 'test5' is set on object 'Object Repository/mobileSanity/HBI/Page_App Page 1/input__contingent-beneficiary-_lastname'

2019-09-19 04:36:25 - [MESSAGE][PASSED] - Text 'test5' is set on object 'Object Repository/mobileSanity/HBI/Page_App Page 1/input__contingent-beneficiary-_lastname'

2019-09-19 04:36:25 - [TEST_STEP][PASSED] - setText(findTestObject("mobileSanity/HBI/Page_App Page 1/input__contingent-beneficiary-relationship"), "test6"): Text 'test6' is set on object 'Object Repository/mobileSanity/HBI/Page_App Page 1/input__contingent-beneficiary-relationship'

2019-09-19 04:36:26 - [MESSAGE][PASSED] - Text 'test6' is set on object 'Object Repository/mobileSanity/HBI/Page_App Page 1/input__contingent-beneficiary-relationship'

2019-09-19 04:36:26 - [TEST_STEP][PASSED] - setText(findTestObject("mobileSanity/HBI/Page_App Page 1/input__address"), Address): Text 'oZOwYmnZ' is set on object 'Object Repository/mobileSanity/HBI/Page_App Page 1/input__address'

2019-09-19 04:36:26 - [MESSAGE][PASSED] - Text 'oZOwYmnZ' is set on object 'Object Repository/mobileSanity/HBI/Page_App Page 1/input__address'

2019-09-19 04:36:26 - [TEST_STEP][PASSED] - setText(findTestObject("mobileSanity/HBI/Page_App Page 1/input__city"), City): Text 'fPMUWTdU' is set on object 'Object Repository/mobileSanity/HBI/Page_App Page 1/input__city'

2019-09-19 04:36:26 - [MESSAGE][PASSED] - Text 'fPMUWTdU' is set on object 'Object Repository/mobileSanity/HBI/Page_App Page 1/input__city'

2019-09-19 04:36:26 - [TEST_STEP][PASSED] - setText(findTestObject("mobileSanity/HBI/Page_App Page 1/input__email"), AutoEmail): Text 'test.USFFWQjB@suryani.cn' is set on object 'Object Repository/mobileSanity/HBI/Page_App Page 1/input__email'

2019-09-19 04:36:26 - [MESSAGE][PASSED] - Text 'test.USFFWQjB@suryani.cn' is set on object 'Object Repository/mobileSanity/HBI/Page_App Page 1/input__email'

2019-09-19 04:36:26 - [TEST_STEP][PASSED] - setText(findTestObject("mobileSanity/HBI/Page_App Page 1/input_tel"), Tel): Text '238-549-8664' is set on object 'Object Repository/mobileSanity/HBI/Page_App Page 1/input_tel'

2019-09-19 04:36:26 - [MESSAGE][PASSED] - Text '238-549-8664' is set on object 'Object Repository/mobileSanity/HBI/Page_App Page 1/input_tel'

2019-09-19 04:36:26 - [TEST_STEP][PASSED] - click(findTestObject("mobileSanity/HBI/Page_App Page 1/a_Continue to Step 2 - Payment")): Object: 'Object Repository/mobileSanity/HBI/Page_App Page 1/a_Continue to Step 2 - Payment' is clicked on

2019-09-19 04:36:27 - [MESSAGE][PASSED] - Object: 'Object Repository/mobileSanity/HBI/Page_App Page 1/a_Continue to Step 2 - Payment' is clicked on

2019-09-19 04:36:27 - [TEST_STEP][PASSED] - waitForPageLoad(20): Wait for page load successfully

2019-09-19 04:36:27 - [MESSAGE][PASSED] - Wait for page load successfully

2019-09-19 04:36:27 - [TEST_STEP][PASSED] - Thread.sleep(2000): null

2019-09-19 04:36:29 - [TEST_STEP][PASSED] - waitForElementVisible(findTestObject("mobileSanity/HBI/Page_App Page 2/input__credit-card-first"), 20): Object 'Object Repository/mobileSanity/HBI/Page_App Page 2/input__credit-card-first' is visible

2019-09-19 04:36:29 - [MESSAGE][PASSED] - Object 'Object Repository/mobileSanity/HBI/Page_App Page 2/input__credit-card-first' is visible

2019-09-19 04:36:29 - [TEST_STEP][PASSED] - callTestCase(findTestCase("mobileWeb/_include/get_screenshot"), [:], STOP_ON_FAILURE): Call Test Case 'Test Cases/mobileWeb/_include/get_screenshot' successfully

2019-09-19 04:36:29 - [TEST_CASE][PASSED] - Test Cases/mobileWeb/_include/get_screenshot: Test Cases/mobileWeb/_include/get_screenshot

2019-09-19 04:36:29 - [TEST_STEP][PASSED] - takeScreenshot(screenPath + i + ".png"): Taking screenshot successfully

2019-09-19 04:36:29 - [MESSAGE][PASSED] - Taking screenshot successfully
[[ATTACHMENT|D:\\Test\\AgileTest\\Reports\\mobileWeb\\hbi\\20190919_043544\\../Screenshots/iPhone 6/hbi/Agile One/20190919_043548/7.png]]

2019-09-19 04:36:29 - [TEST_STEP][PASSED] - (internal.GlobalVariable.i++): null

2019-09-19 04:36:29 - [MESSAGE][PASSED] - Call Test Case 'Test Cases/mobileWeb/_include/get_screenshot' successfully

2019-09-19 04:36:29 - [TEST_STEP][PASSED] - setText(findTestObject("mobileSanity/HBI/Page_App Page 2/input__credit-card-first"), FirstName): Text 'Test-123' is set on object 'Object Repository/mobileSanity/HBI/Page_App Page 2/input__credit-card-first'

2019-09-19 04:36:29 - [MESSAGE][PASSED] - Text 'Test-123' is set on object 'Object Repository/mobileSanity/HBI/Page_App Page 2/input__credit-card-first'

2019-09-19 04:36:29 - [TEST_STEP][PASSED] - setText(findTestObject("mobileSanity/HBI/Page_App Page 2/input__credit-card-last"), LastName): Text 'ZZ11-mjxkUymj' is set on object 'Object Repository/mobileSanity/HBI/Page_App Page 2/input__credit-card-last'

2019-09-19 04:36:29 - [MESSAGE][PASSED] - Text 'ZZ11-mjxkUymj' is set on object 'Object Repository/mobileSanity/HBI/Page_App Page 2/input__credit-card-last'

2019-09-19 04:36:29 - [TEST_STEP][PASSED] - selectOptionByValue(findTestObject("mobileSanity/HBI/Page_App Page 2/select_MM010203040506070809101"), "12", true): All options with value '12' are selected in object 'Object Repository/mobileSanity/HBI/Page_App Page 2/select_MM010203040506070809101'  using regular expression

2019-09-19 04:36:30 - [MESSAGE][PASSED] - All options with value '12' are selected in object 'Object Repository/mobileSanity/HBI/Page_App Page 2/select_MM010203040506070809101'  using regular expression

2019-09-19 04:36:30 - [TEST_STEP][PASSED] - selectOptionByValue(findTestObject("mobileSanity/HBI/Page_App Page 2/select_YYYY2019202020212022202"), "2026", true): All options with value '2026' are selected in object 'Object Repository/mobileSanity/HBI/Page_App Page 2/select_YYYY2019202020212022202'  using regular expression

2019-09-19 04:36:30 - [MESSAGE][PASSED] - All options with value '2026' are selected in object 'Object Repository/mobileSanity/HBI/Page_App Page 2/select_YYYY2019202020212022202'  using regular expression

2019-09-19 04:36:30 - [TEST_STEP][PASSED] - setText(findTestObject("mobileSanity/HBI/Page_App Page 2/input__credit-card-number"), "4111111111111111"): Text '4111111111111111' is set on object 'Object Repository/mobileSanity/HBI/Page_App Page 2/input__credit-card-number'

2019-09-19 04:36:30 - [MESSAGE][PASSED] - Text '4111111111111111' is set on object 'Object Repository/mobileSanity/HBI/Page_App Page 2/input__credit-card-number'

2019-09-19 04:36:30 - [TEST_STEP][PASSED] - setText(findTestObject("mobileSanity/HBI/Page_App Page 2/input__cvv"), "123"): Text '123' is set on object 'Object Repository/mobileSanity/HBI/Page_App Page 2/input__cvv'

2019-09-19 04:36:30 - [MESSAGE][PASSED] - Text '123' is set on object 'Object Repository/mobileSanity/HBI/Page_App Page 2/input__cvv'

2019-09-19 04:36:30 - [TEST_STEP][PASSED] - click(findTestObject("mobileSanity/HBI/Page_App Page 2/label_My billing address is th")): Object: 'Object Repository/mobileSanity/HBI/Page_App Page 2/label_My billing address is th' is clicked on

2019-09-19 04:36:30 - [MESSAGE][PASSED] - Object: 'Object Repository/mobileSanity/HBI/Page_App Page 2/label_My billing address is th' is clicked on

2019-09-19 04:36:30 - [TEST_STEP][PASSED] - click(findTestObject("mobileSanity/HBI/Page_App Page 2/label_I Accept Authorization f")): Object: 'Object Repository/mobileSanity/HBI/Page_App Page 2/label_I Accept Authorization f' is clicked on

2019-09-19 04:36:31 - [MESSAGE][PASSED] - Object: 'Object Repository/mobileSanity/HBI/Page_App Page 2/label_I Accept Authorization f' is clicked on

2019-09-19 04:36:31 - [TEST_STEP][PASSED] - click(findTestObject("mobileSanity/HBI/Page_App Page 2/a_Continue to Step 3 - Review")): Object: 'Object Repository/mobileSanity/HBI/Page_App Page 2/a_Continue to Step 3 - Review' is clicked on

2019-09-19 04:36:31 - [MESSAGE][PASSED] - Object: 'Object Repository/mobileSanity/HBI/Page_App Page 2/a_Continue to Step 3 - Review' is clicked on

2019-09-19 04:36:31 - [TEST_STEP][PASSED] - waitForPageLoad(20): Wait for page load successfully

2019-09-19 04:36:31 - [MESSAGE][PASSED] - Wait for page load successfully

2019-09-19 04:36:31 - [TEST_STEP][PASSED] - Thread.sleep(10000): null

2019-09-19 04:36:41 - [TEST_STEP][PASSED] - waitForElementPresent(findTestObject("mobileSanity/HBI/Page_App Page 3/label"), 20): Object 'Object Repository/mobileSanity/HBI/Page_App Page 3/label' is present

2019-09-19 04:36:41 - [MESSAGE][PASSED] - Object 'Object Repository/mobileSanity/HBI/Page_App Page 3/label' is present

2019-09-19 04:36:41 - [TEST_STEP][PASSED] - callTestCase(findTestCase("mobileWeb/_include/get_screenshot"), [:], STOP_ON_FAILURE): Call Test Case 'Test Cases/mobileWeb/_include/get_screenshot' successfully

2019-09-19 04:36:41 - [TEST_CASE][PASSED] - Test Cases/mobileWeb/_include/get_screenshot: Test Cases/mobileWeb/_include/get_screenshot

2019-09-19 04:36:41 - [TEST_STEP][PASSED] - takeScreenshot(screenPath + i + ".png"): Taking screenshot successfully

2019-09-19 04:36:42 - [MESSAGE][PASSED] - Taking screenshot successfully
[[ATTACHMENT|D:\\Test\\AgileTest\\Reports\\mobileWeb\\hbi\\20190919_043544\\../Screenshots/iPhone 6/hbi/Agile One/20190919_043548/8.png]]

2019-09-19 04:36:42 - [TEST_STEP][PASSED] - (internal.GlobalVariable.i++): null

2019-09-19 04:36:42 - [MESSAGE][PASSED] - Call Test Case 'Test Cases/mobileWeb/_include/get_screenshot' successfully

2019-09-19 04:36:42 - [TEST_STEP][PASSED] - click(findTestObject("mobileSanity/HBI/Page_App Page 3/label")): Object: 'Object Repository/mobileSanity/HBI/Page_App Page 3/label' is clicked on

2019-09-19 04:36:42 - [MESSAGE][PASSED] - Object: 'Object Repository/mobileSanity/HBI/Page_App Page 3/label' is clicked on

2019-09-19 04:36:42 - [TEST_STEP][PASSED] - click(findTestObject("mobileSanity/HBI/Page_App Page 3/p_CLICK TO SIGN")): Object: 'Object Repository/mobileSanity/HBI/Page_App Page 3/p_CLICK TO SIGN' is clicked on

2019-09-19 04:36:42 - [MESSAGE][PASSED] - Object: 'Object Repository/mobileSanity/HBI/Page_App Page 3/p_CLICK TO SIGN' is clicked on

2019-09-19 04:36:42 - [TEST_STEP][PASSED] - click(findTestObject("mobileSanity/HBI/Page_App Page 3/a_Submit Your Application")): Object: 'Object Repository/mobileSanity/HBI/Page_App Page 3/a_Submit Your Application' is clicked on

2019-09-19 04:36:42 - [MESSAGE][PASSED] - Object: 'Object Repository/mobileSanity/HBI/Page_App Page 3/a_Submit Your Application' is clicked on

2019-09-19 04:36:42 - [TEST_STEP][PASSED] - Thread.sleep(30000): null

2019-09-19 04:37:12 - [TEST_STEP][PASSED] - callTestCase(findTestCase("mobileWeb/_include/get_screenshot"), [:], STOP_ON_FAILURE): Call Test Case 'Test Cases/mobileWeb/_include/get_screenshot' successfully

2019-09-19 04:37:12 - [TEST_CASE][PASSED] - Test Cases/mobileWeb/_include/get_screenshot: Test Cases/mobileWeb/_include/get_screenshot

2019-09-19 04:37:12 - [TEST_STEP][PASSED] - takeScreenshot(screenPath + i + ".png"): Taking screenshot successfully

2019-09-19 04:37:12 - [MESSAGE][PASSED] - Taking screenshot successfully
[[ATTACHMENT|D:\\Test\\AgileTest\\Reports\\mobileWeb\\hbi\\20190919_043544\\../Screenshots/iPhone 6/hbi/Agile One/20190919_043548/9.png]]

2019-09-19 04:37:12 - [TEST_STEP][PASSED] - (internal.GlobalVariable.i++): null

2019-09-19 04:37:12 - [MESSAGE][PASSED] - Call Test Case 'Test Cases/mobileWeb/_include/get_screenshot' successfully

2019-09-19 04:37:12 - [TEST_STEP][PASSED] - verifyTextPresent("Congratulations", false): Text 'Congratulations' is present on page 

2019-09-19 04:37:12 - [MESSAGE][PASSED] - Text 'Congratulations' is present on page 

2019-09-19 04:37:12 - [MESSAGE][PASSED] - Call Test Case 'Test Cases/mobileWeb/_include/goToEnd_hbi' successfully]]></system-out>
         <system-err><![CDATA[]]></system-err>
      </testcase>
      <testcase name="Test Cases/mobileWeb/HBI/Legion Limited Medical" classname="Test Cases/mobileWeb/HBI/Legion Limited Medical" status="PASSED">
         <system-out><![CDATA[2019-09-19 04:37:12 - [TEST_CASE][PASSED] - Test Cases/mobileWeb/HBI/Legion Limited Medical: Test Cases/mobileWeb/HBI/Legion Limited Medical

2019-09-19 04:37:13 - [TEST_STEP][PASSED] - callTestCase(findTestCase("mobileWeb/_include/get_screenPath"), ["productLine":"hbi", "carrierName":"Legion Limited Medical"], CONTINUE_ON_FAILURE): Call Test Case 'Test Cases/mobileWeb/_include/get_screenPath' successfully

2019-09-19 04:37:13 - [TEST_CASE][PASSED] - Test Cases/mobileWeb/_include/get_screenPath: Test Cases/mobileWeb/_include/get_screenPath

2019-09-19 04:37:13 - [TEST_STEP][PASSED] - m = getExecutionProperties(): null

2019-09-19 04:37:13 - [TEST_STEP][PASSED] - deviceName = get("mobileEmulation").get("deviceName"): null

2019-09-19 04:37:13 - [TEST_STEP][PASSED] - println(deviceName): null

2019-09-19 04:37:13 - [TEST_STEP][PASSED] - now = new java.util.Date(): null

2019-09-19 04:37:13 - [TEST_STEP][PASSED] - mydate = now.format("yyyyMMdd_HHmmss"): null

2019-09-19 04:37:13 - [TEST_STEP][PASSED] - screenPath = "../Screenshots/": null

2019-09-19 04:37:13 - [TEST_STEP][PASSED] - screenPath = screenPath + deviceName + "/" + productLine + "/" + carrierName + "/" + mydate + "/": null

2019-09-19 04:37:13 - [TEST_STEP][PASSED] - println(screenPath): null

2019-09-19 04:37:13 - [MESSAGE][PASSED] - Call Test Case 'Test Cases/mobileWeb/_include/get_screenPath' successfully

2019-09-19 04:37:13 - [TEST_STEP][PASSED] - i = 0: null

2019-09-19 04:37:13 - [TEST_STEP][PASSED] - callTestCase(findTestCase("mobileWeb/_include/openWebSite"), [:], CONTINUE_ON_FAILURE): Call Test Case 'Test Cases/mobileWeb/_include/openWebSite' successfully

2019-09-19 04:37:13 - [TEST_CASE][PASSED] - Test Cases/mobileWeb/_include/openWebSite: Test Cases/mobileWeb/_include/openWebSite

2019-09-19 04:37:13 - [TEST_STEP][PASSED] - openBrowser(env): Browser is opened with url: 'https://praetemptatus.agilehealthinsurance.com'

2019-09-19 04:37:13 - [MESSAGE][WARNING] - A browser is already opened. Closing browser and opening a new one

2019-09-19 04:37:14 - [MESSAGE][INFO] - Starting 'Chrome' driver

2019-09-19 04:37:14 - [MESSAGE][INFO] - User set preference: ['mobileEmulation', '{deviceName=iPhone 6}']

2019-09-19 04:37:14 - [MESSAGE][INFO] - User set preference: ['args', '[--incognito, --aggressive-cache-discard, --window-size=375,677, --no-sandbox]']

2019-09-19 04:37:15 - [MESSAGE][PASSED] - Browser is opened with url: 'https://praetemptatus.agilehealthinsurance.com'

2019-09-19 04:37:15 - [TEST_STEP][PASSED] - waitForPageLoad(20): Wait for page load successfully

2019-09-19 04:37:15 - [MESSAGE][PASSED] - Wait for page load successfully

2019-09-19 04:37:15 - [TEST_STEP][PASSED] - Thread.sleep(2000): null

2019-09-19 04:37:17 - [TEST_STEP][PASSED] - callTestCase(findTestCase("mobileWeb/_include/get_screenshot"), [:], STOP_ON_FAILURE): Call Test Case 'Test Cases/mobileWeb/_include/get_screenshot' successfully

2019-09-19 04:37:17 - [TEST_CASE][PASSED] - Test Cases/mobileWeb/_include/get_screenshot: Test Cases/mobileWeb/_include/get_screenshot

2019-09-19 04:37:17 - [TEST_STEP][PASSED] - takeScreenshot(screenPath + i + ".png"): Taking screenshot successfully

2019-09-19 04:37:18 - [MESSAGE][PASSED] - Taking screenshot successfully
[[ATTACHMENT|D:\\Test\\AgileTest\\Reports\\mobileWeb\\hbi\\20190919_043544\\../Screenshots/iPhone 6/hbi/Legion Limited Medical/20190919_043713/0.png]]

2019-09-19 04:37:18 - [TEST_STEP][PASSED] - (internal.GlobalVariable.i++): null

2019-09-19 04:37:18 - [MESSAGE][PASSED] - Call Test Case 'Test Cases/mobileWeb/_include/get_screenshot' successfully

2019-09-19 04:37:18 - [MESSAGE][PASSED] - Call Test Case 'Test Cases/mobileWeb/_include/openWebSite' successfully

2019-09-19 04:37:18 - [TEST_STEP][PASSED] - callTestCase(findTestCase("mobileWeb/_include/census_hbi"), [:], CONTINUE_ON_FAILURE): Call Test Case 'Test Cases/mobileWeb/_include/census_hbi' successfully

2019-09-19 04:37:18 - [TEST_CASE][PASSED] - Test Cases/mobileWeb/_include/census_hbi: Test Cases/mobileWeb/_include/census_hbi

2019-09-19 04:37:18 - [TEST_STEP][PASSED] - click(findTestObject("mobileSanity/Common/side_nav/menu")): Object: 'Object Repository/mobileSanity/Common/side_nav/menu' is clicked on

2019-09-19 04:37:18 - [MESSAGE][PASSED] - Object: 'Object Repository/mobileSanity/Common/side_nav/menu' is clicked on

2019-09-19 04:37:18 - [TEST_STEP][PASSED] - Thread.sleep(3000): null

2019-09-19 04:37:21 - [TEST_STEP][PASSED] - callTestCase(findTestCase("mobileWeb/_include/get_screenshot"), [:], STOP_ON_FAILURE): Call Test Case 'Test Cases/mobileWeb/_include/get_screenshot' successfully

2019-09-19 04:37:21 - [TEST_CASE][PASSED] - Test Cases/mobileWeb/_include/get_screenshot: Test Cases/mobileWeb/_include/get_screenshot

2019-09-19 04:37:21 - [TEST_STEP][PASSED] - takeScreenshot(screenPath + i + ".png"): Taking screenshot successfully

2019-09-19 04:37:22 - [MESSAGE][PASSED] - Taking screenshot successfully
[[ATTACHMENT|D:\\Test\\AgileTest\\Reports\\mobileWeb\\hbi\\20190919_043544\\../Screenshots/iPhone 6/hbi/Legion Limited Medical/20190919_043713/1.png]]

2019-09-19 04:37:22 - [TEST_STEP][PASSED] - (internal.GlobalVariable.i++): null

2019-09-19 04:37:22 - [MESSAGE][PASSED] - Call Test Case 'Test Cases/mobileWeb/_include/get_screenshot' successfully

2019-09-19 04:37:22 - [TEST_STEP][PASSED] - click(findTestObject("mobileSanity/Common/side_nav/nav_hbi")): Object: 'Object Repository/mobileSanity/Common/side_nav/nav_hbi' is clicked on

2019-09-19 04:37:22 - [MESSAGE][PASSED] - Object: 'Object Repository/mobileSanity/Common/side_nav/nav_hbi' is clicked on

2019-09-19 04:37:22 - [TEST_STEP][PASSED] - waitForPageLoad(10): Wait for page load successfully

2019-09-19 04:37:22 - [MESSAGE][PASSED] - Wait for page load successfully

2019-09-19 04:37:22 - [TEST_STEP][PASSED] - Thread.sleep(3000): null

2019-09-19 04:37:25 - [TEST_STEP][PASSED] - callTestCase(findTestCase("mobileWeb/_include/get_screenshot"), [:], STOP_ON_FAILURE): Call Test Case 'Test Cases/mobileWeb/_include/get_screenshot' successfully

2019-09-19 04:37:25 - [TEST_CASE][PASSED] - Test Cases/mobileWeb/_include/get_screenshot: Test Cases/mobileWeb/_include/get_screenshot

2019-09-19 04:37:25 - [TEST_STEP][PASSED] - takeScreenshot(screenPath + i + ".png"): Taking screenshot successfully

2019-09-19 04:37:26 - [MESSAGE][PASSED] - Taking screenshot successfully
[[ATTACHMENT|D:\\Test\\AgileTest\\Reports\\mobileWeb\\hbi\\20190919_043544\\../Screenshots/iPhone 6/hbi/Legion Limited Medical/20190919_043713/2.png]]

2019-09-19 04:37:26 - [TEST_STEP][PASSED] - (internal.GlobalVariable.i++): null

2019-09-19 04:37:26 - [MESSAGE][PASSED] - Call Test Case 'Test Cases/mobileWeb/_include/get_screenshot' successfully

2019-09-19 04:37:26 - [TEST_STEP][PASSED] - setText(findTestObject("mobileSanity/HBI/census/input_Location_zip-input"), zipcode): Text '35215' is set on object 'Object Repository/mobileSanity/HBI/census/input_Location_zip-input'

2019-09-19 04:37:26 - [MESSAGE][PASSED] - Text '35215' is set on object 'Object Repository/mobileSanity/HBI/census/input_Location_zip-input'

2019-09-19 04:37:26 - [TEST_STEP][PASSED] - Thread.sleep(500): null

2019-09-19 04:37:26 - [TEST_STEP][PASSED] - setText(findTestObject("mobileSanity/HBI/census/input_Date of Birth_dob-0"), "12121980"): Text '12121980' is set on object 'Object Repository/mobileSanity/HBI/census/input_Date of Birth_dob-0'

2019-09-19 04:37:26 - [MESSAGE][PASSED] - Text '12121980' is set on object 'Object Repository/mobileSanity/HBI/census/input_Date of Birth_dob-0'

2019-09-19 04:37:26 - [TEST_STEP][PASSED] - click(findTestObject("mobileSanity/HBI/census/label_Male")): Object: 'Object Repository/mobileSanity/HBI/census/label_Male' is clicked on

2019-09-19 04:37:27 - [MESSAGE][PASSED] - Object: 'Object Repository/mobileSanity/HBI/census/label_Male' is clicked on

2019-09-19 04:37:27 - [TEST_STEP][PASSED] - click(findTestObject("mobileSanity/HBI/census/label_Get a Quote")): Object: 'Object Repository/mobileSanity/HBI/census/label_Get a Quote' is clicked on

2019-09-19 04:37:27 - [MESSAGE][PASSED] - Object: 'Object Repository/mobileSanity/HBI/census/label_Get a Quote' is clicked on

2019-09-19 04:37:27 - [TEST_STEP][PASSED] - waitForPageLoad(20): Wait for page load successfully

2019-09-19 04:37:28 - [MESSAGE][PASSED] - Wait for page load successfully

2019-09-19 04:37:28 - [TEST_STEP][PASSED] - Thread.sleep(3000): null

2019-09-19 04:37:31 - [TEST_STEP][PASSED] - callTestCase(findTestCase("mobileWeb/_include/get_screenshot"), [:], STOP_ON_FAILURE): Call Test Case 'Test Cases/mobileWeb/_include/get_screenshot' successfully

2019-09-19 04:37:31 - [TEST_CASE][PASSED] - Test Cases/mobileWeb/_include/get_screenshot: Test Cases/mobileWeb/_include/get_screenshot

2019-09-19 04:37:31 - [TEST_STEP][PASSED] - takeScreenshot(screenPath + i + ".png"): Taking screenshot successfully

2019-09-19 04:37:31 - [MESSAGE][PASSED] - Taking screenshot successfully
[[ATTACHMENT|D:\\Test\\AgileTest\\Reports\\mobileWeb\\hbi\\20190919_043544\\../Screenshots/iPhone 6/hbi/Legion Limited Medical/20190919_043713/3.png]]

2019-09-19 04:37:31 - [TEST_STEP][PASSED] - (internal.GlobalVariable.i++): null

2019-09-19 04:37:31 - [MESSAGE][PASSED] - Call Test Case 'Test Cases/mobileWeb/_include/get_screenshot' successfully

2019-09-19 04:37:31 - [MESSAGE][PASSED] - Call Test Case 'Test Cases/mobileWeb/_include/census_hbi' successfully

2019-09-19 04:37:31 - [TEST_STEP][PASSED] - click(findTestObject("mobileSanity/HBI/quote/a_Legion Limited Medical 500")): Object: 'Object Repository/mobileSanity/HBI/quote/a_Legion Limited Medical 500' is clicked on

2019-09-19 04:37:32 - [MESSAGE][PASSED] - Object: 'Object Repository/mobileSanity/HBI/quote/a_Legion Limited Medical 500' is clicked on

2019-09-19 04:37:32 - [TEST_STEP][PASSED] - waitForPageLoad(20): Wait for page load successfully

2019-09-19 04:37:32 - [MESSAGE][PASSED] - Wait for page load successfully

2019-09-19 04:37:32 - [TEST_STEP][PASSED] - callTestCase(findTestCase("mobileWeb/_include/get_screenshot"), [:], STOP_ON_FAILURE): Call Test Case 'Test Cases/mobileWeb/_include/get_screenshot' successfully

2019-09-19 04:37:32 - [TEST_CASE][PASSED] - Test Cases/mobileWeb/_include/get_screenshot: Test Cases/mobileWeb/_include/get_screenshot

2019-09-19 04:37:32 - [TEST_STEP][PASSED] - takeScreenshot(screenPath + i + ".png"): Taking screenshot successfully

2019-09-19 04:37:33 - [MESSAGE][PASSED] - Taking screenshot successfully
[[ATTACHMENT|D:\\Test\\AgileTest\\Reports\\mobileWeb\\hbi\\20190919_043544\\../Screenshots/iPhone 6/hbi/Legion Limited Medical/20190919_043713/4.png]]

2019-09-19 04:37:33 - [TEST_STEP][PASSED] - (internal.GlobalVariable.i++): null

2019-09-19 04:37:33 - [MESSAGE][PASSED] - Call Test Case 'Test Cases/mobileWeb/_include/get_screenshot' successfully

2019-09-19 04:37:33 - [TEST_STEP][PASSED] - click(findTestObject("mobileSanity/HBI/detail/a_Apply for This Plan")): Object: 'Object Repository/mobileSanity/HBI/detail/a_Apply for This Plan' is clicked on

2019-09-19 04:37:33 - [MESSAGE][PASSED] - Object: 'Object Repository/mobileSanity/HBI/detail/a_Apply for This Plan' is clicked on

2019-09-19 04:37:33 - [TEST_STEP][PASSED] - waitForPageLoad(20): Wait for page load successfully

2019-09-19 04:37:34 - [MESSAGE][PASSED] - Wait for page load successfully

2019-09-19 04:37:34 - [TEST_STEP][PASSED] - callTestCase(findTestCase("mobileWeb/_include/get_screenshot"), [:], STOP_ON_FAILURE): Call Test Case 'Test Cases/mobileWeb/_include/get_screenshot' successfully

2019-09-19 04:37:34 - [TEST_CASE][PASSED] - Test Cases/mobileWeb/_include/get_screenshot: Test Cases/mobileWeb/_include/get_screenshot

2019-09-19 04:37:34 - [TEST_STEP][PASSED] - takeScreenshot(screenPath + i + ".png"): Taking screenshot successfully

2019-09-19 04:37:34 - [MESSAGE][PASSED] - Taking screenshot successfully
[[ATTACHMENT|D:\\Test\\AgileTest\\Reports\\mobileWeb\\hbi\\20190919_043544\\../Screenshots/iPhone 6/hbi/Legion Limited Medical/20190919_043713/5.png]]

2019-09-19 04:37:34 - [TEST_STEP][PASSED] - (internal.GlobalVariable.i++): null

2019-09-19 04:37:34 - [MESSAGE][PASSED] - Call Test Case 'Test Cases/mobileWeb/_include/get_screenshot' successfully

2019-09-19 04:37:34 - [TEST_STEP][PASSED] - click(findTestObject("mobileSanity/HBI/Page_Apply/span_Start Secure Application")): Object: 'Object Repository/mobileSanity/HBI/Page_Apply/span_Start Secure Application' is clicked on

2019-09-19 04:37:35 - [MESSAGE][PASSED] - Object: 'Object Repository/mobileSanity/HBI/Page_Apply/span_Start Secure Application' is clicked on

2019-09-19 04:37:35 - [TEST_STEP][PASSED] - waitForPageLoad(20): Wait for page load successfully

2019-09-19 04:37:35 - [MESSAGE][PASSED] - Wait for page load successfully

2019-09-19 04:37:35 - [TEST_STEP][PASSED] - Thread.sleep(5000): null

2019-09-19 04:37:40 - [TEST_STEP][PASSED] - callTestCase(findTestCase("mobileWeb/_include/get_screenshot"), [:], STOP_ON_FAILURE): Call Test Case 'Test Cases/mobileWeb/_include/get_screenshot' successfully

2019-09-19 04:37:41 - [TEST_CASE][PASSED] - Test Cases/mobileWeb/_include/get_screenshot: Test Cases/mobileWeb/_include/get_screenshot

2019-09-19 04:37:41 - [TEST_STEP][PASSED] - takeScreenshot(screenPath + i + ".png"): Taking screenshot successfully

2019-09-19 04:37:41 - [MESSAGE][PASSED] - Taking screenshot successfully
[[ATTACHMENT|D:\\Test\\AgileTest\\Reports\\mobileWeb\\hbi\\20190919_043544\\../Screenshots/iPhone 6/hbi/Legion Limited Medical/20190919_043713/6.png]]

2019-09-19 04:37:41 - [TEST_STEP][PASSED] - (internal.GlobalVariable.i++): null

2019-09-19 04:37:41 - [MESSAGE][PASSED] - Call Test Case 'Test Cases/mobileWeb/_include/get_screenshot' successfully

2019-09-19 04:37:41 - [TEST_STEP][PASSED] - callTestCase(findTestCase("mobileWeb/_include/goToEnd_hbi"), ["carrier":"legionlimitedmedical"], CONTINUE_ON_FAILURE): Call Test Case 'Test Cases/mobileWeb/_include/goToEnd_hbi' successfully

2019-09-19 04:37:41 - [TEST_CASE][PASSED] - Test Cases/mobileWeb/_include/goToEnd_hbi: Test Cases/mobileWeb/_include/goToEnd_hbi

2019-09-19 04:37:41 - [TEST_STEP][PASSED] - if (state == "ca"): null

2019-09-19 04:37:41 - [TEST_STEP][PASSED] - callTestCase(findTestCase("mobileWeb/_include/name"), [:], CONTINUE_ON_FAILURE): Call Test Case 'Test Cases/mobileWeb/_include/name' successfully

2019-09-19 04:37:41 - [TEST_CASE][PASSED] - Test Cases/mobileWeb/_include/name: Test Cases/mobileWeb/_include/name

2019-09-19 04:37:41 - [TEST_STEP][PASSED] - driver = getWebDriver(): null

2019-09-19 04:37:41 - [TEST_STEP][PASSED] - selenium = new com.thoughtworks.selenium.webdriven.WebDriverBackedSelenium(driver, internal.GlobalVariable.ENV): null

2019-09-19 04:37:41 - [TEST_STEP][PASSED] - FirstName = "Test-123": null

2019-09-19 04:37:41 - [TEST_STEP][PASSED] - LastName = selenium.getEval("{var x="ABCDEFGHIJKLMNOPQRSTUVWXYZabcdefghijklmnopqrstuvwxyz"; var tmp="ZZ11-"; for (i=0;i<8;i++) tmp+=x.charAt(Math.ceil(51*Math.random()));tmp;}"): null

2019-09-19 04:37:41 - [TEST_STEP][PASSED] - Address = selenium.getEval("{var x="ABCDEFGHIJKLMNOPQRSTUVWXYZabcdefghijklmnopqrstuvwxyz"; var tmp=""; for (i=0;i<8;i++) tmp+=x.charAt(Math.ceil(51*Math.random()));tmp;}"): null

2019-09-19 04:37:41 - [TEST_STEP][PASSED] - City = selenium.getEval("{var x="ABCDEFGHIJKLMNOPQRSTUVWXYZabcdefghijklmnopqrstuvwxyz"; var tmp=""; for (i=0;i<8;i++) tmp+=x.charAt(Math.ceil(51*Math.random()));tmp;}"): null

2019-09-19 04:37:41 - [TEST_STEP][PASSED] - tel1 = selenium.getEval("{var x="123456789"; var tmp=""; for (i=0;i<3;i++) tmp+=x.charAt(Math.ceil(8*Math.random()));tmp;}"): null

2019-09-19 04:37:41 - [TEST_STEP][PASSED] - tel2 = selenium.getEval("{var x="123456789"; var tmp=""; for (i=0;i<3;i++) tmp+=x.charAt(Math.ceil(8*Math.random()));tmp;}"): null

2019-09-19 04:37:41 - [TEST_STEP][PASSED] - tel3 = selenium.getEval("{var x="123456789"; var tmp=""; for (i=0;i<4;i++) tmp+=x.charAt(Math.ceil(8*Math.random()));tmp;}"): null

2019-09-19 04:37:41 - [TEST_STEP][PASSED] - Tel = selenium.getExpression(tel1 + "-" + tel2 + "-" + tel3): null

2019-09-19 04:37:41 - [TEST_STEP][PASSED] - AutoEmail = selenium.getEval("{var x="ABCDEFGHIJKLMNOPQRSTUVWXYZabcdefghijklmnopqrstuvwxyz"; var tmp="test."; for (i=0;i<8;i++) tmp+=x.charAt(Math.ceil(51*Math.random()));tmp+="@suryani.cn";}"): null

2019-09-19 04:37:41 - [TEST_STEP][PASSED] - FirstName = FirstName: null

2019-09-19 04:37:41 - [TEST_STEP][PASSED] - LastName = LastName: null

2019-09-19 04:37:41 - [TEST_STEP][PASSED] - Address = Address: null

2019-09-19 04:37:41 - [TEST_STEP][PASSED] - City = City: null

2019-09-19 04:37:41 - [TEST_STEP][PASSED] - Tel = Tel: null

2019-09-19 04:37:41 - [TEST_STEP][PASSED] - AutoEmail = AutoEmail: null

2019-09-19 04:37:41 - [TEST_STEP][PASSED] - println(FirstName): null

2019-09-19 04:37:41 - [TEST_STEP][PASSED] - println(LastName): null

2019-09-19 04:37:41 - [TEST_STEP][PASSED] - println(Address): null

2019-09-19 04:37:41 - [TEST_STEP][PASSED] - println(City): null

2019-09-19 04:37:41 - [TEST_STEP][PASSED] - println(Tel): null

2019-09-19 04:37:41 - [TEST_STEP][PASSED] - println(AutoEmail): null

2019-09-19 04:37:41 - [MESSAGE][PASSED] - Call Test Case 'Test Cases/mobileWeb/_include/name' successfully

2019-09-19 04:37:41 - [TEST_STEP][PASSED] - setText(findTestObject("mobileSanity/HBI/Page_App Page 1/input__member-P-1-firstName"), FirstName): Text 'Test-123' is set on object 'Object Repository/mobileSanity/HBI/Page_App Page 1/input__member-P-1-firstName'

2019-09-19 04:37:42 - [MESSAGE][PASSED] - Text 'Test-123' is set on object 'Object Repository/mobileSanity/HBI/Page_App Page 1/input__member-P-1-firstName'

2019-09-19 04:37:42 - [TEST_STEP][PASSED] - setText(findTestObject("mobileSanity/HBI/Page_App Page 1/input__member-P-1-lastName"), LastName): Text 'ZZ11-gZspfQhK' is set on object 'Object Repository/mobileSanity/HBI/Page_App Page 1/input__member-P-1-lastName'

2019-09-19 04:37:42 - [MESSAGE][PASSED] - Text 'ZZ11-gZspfQhK' is set on object 'Object Repository/mobileSanity/HBI/Page_App Page 1/input__member-P-1-lastName'

2019-09-19 04:37:42 - [TEST_STEP][PASSED] - if (carrier == "agileone" || carrier == "agilesecure"): null

2019-09-19 04:37:42 - [TEST_STEP][PASSED] - setText(findTestObject("mobileSanity/HBI/Page_App Page 1/input__address"), Address): Text 'ZaZVopxt' is set on object 'Object Repository/mobileSanity/HBI/Page_App Page 1/input__address'

2019-09-19 04:37:42 - [MESSAGE][PASSED] - Text 'ZaZVopxt' is set on object 'Object Repository/mobileSanity/HBI/Page_App Page 1/input__address'

2019-09-19 04:37:42 - [TEST_STEP][PASSED] - setText(findTestObject("mobileSanity/HBI/Page_App Page 1/input__city"), City): Text 'layigHau' is set on object 'Object Repository/mobileSanity/HBI/Page_App Page 1/input__city'

2019-09-19 04:37:42 - [MESSAGE][PASSED] - Text 'layigHau' is set on object 'Object Repository/mobileSanity/HBI/Page_App Page 1/input__city'

2019-09-19 04:37:42 - [TEST_STEP][PASSED] - setText(findTestObject("mobileSanity/HBI/Page_App Page 1/input__email"), AutoEmail): Text 'test.CdrVNJqE@suryani.cn' is set on object 'Object Repository/mobileSanity/HBI/Page_App Page 1/input__email'

2019-09-19 04:37:43 - [MESSAGE][PASSED] - Text 'test.CdrVNJqE@suryani.cn' is set on object 'Object Repository/mobileSanity/HBI/Page_App Page 1/input__email'

2019-09-19 04:37:43 - [TEST_STEP][PASSED] - setText(findTestObject("mobileSanity/HBI/Page_App Page 1/input_tel"), Tel): Text '975-256-4272' is set on object 'Object Repository/mobileSanity/HBI/Page_App Page 1/input_tel'

2019-09-19 04:37:43 - [MESSAGE][PASSED] - Text '975-256-4272' is set on object 'Object Repository/mobileSanity/HBI/Page_App Page 1/input_tel'

2019-09-19 04:37:43 - [TEST_STEP][PASSED] - click(findTestObject("mobileSanity/HBI/Page_App Page 1/a_Continue to Step 2 - Payment")): Object: 'Object Repository/mobileSanity/HBI/Page_App Page 1/a_Continue to Step 2 - Payment' is clicked on

2019-09-19 04:37:43 - [MESSAGE][PASSED] - Object: 'Object Repository/mobileSanity/HBI/Page_App Page 1/a_Continue to Step 2 - Payment' is clicked on

2019-09-19 04:37:43 - [TEST_STEP][PASSED] - waitForPageLoad(20): Wait for page load successfully

2019-09-19 04:37:43 - [MESSAGE][PASSED] - Wait for page load successfully

2019-09-19 04:37:43 - [TEST_STEP][PASSED] - Thread.sleep(2000): null

2019-09-19 04:37:45 - [TEST_STEP][PASSED] - waitForElementVisible(findTestObject("mobileSanity/HBI/Page_App Page 2/input__credit-card-first"), 20): Object 'Object Repository/mobileSanity/HBI/Page_App Page 2/input__credit-card-first' is visible

2019-09-19 04:37:45 - [MESSAGE][PASSED] - Object 'Object Repository/mobileSanity/HBI/Page_App Page 2/input__credit-card-first' is visible

2019-09-19 04:37:45 - [TEST_STEP][PASSED] - callTestCase(findTestCase("mobileWeb/_include/get_screenshot"), [:], STOP_ON_FAILURE): Call Test Case 'Test Cases/mobileWeb/_include/get_screenshot' successfully

2019-09-19 04:37:45 - [TEST_CASE][PASSED] - Test Cases/mobileWeb/_include/get_screenshot: Test Cases/mobileWeb/_include/get_screenshot

2019-09-19 04:37:45 - [TEST_STEP][PASSED] - takeScreenshot(screenPath + i + ".png"): Taking screenshot successfully

2019-09-19 04:37:45 - [MESSAGE][PASSED] - Taking screenshot successfully
[[ATTACHMENT|D:\\Test\\AgileTest\\Reports\\mobileWeb\\hbi\\20190919_043544\\../Screenshots/iPhone 6/hbi/Legion Limited Medical/20190919_043713/7.png]]

2019-09-19 04:37:45 - [TEST_STEP][PASSED] - (internal.GlobalVariable.i++): null

2019-09-19 04:37:45 - [MESSAGE][PASSED] - Call Test Case 'Test Cases/mobileWeb/_include/get_screenshot' successfully

2019-09-19 04:37:45 - [TEST_STEP][PASSED] - setText(findTestObject("mobileSanity/HBI/Page_App Page 2/input__credit-card-first"), FirstName): Text 'Test-123' is set on object 'Object Repository/mobileSanity/HBI/Page_App Page 2/input__credit-card-first'

2019-09-19 04:37:46 - [MESSAGE][PASSED] - Text 'Test-123' is set on object 'Object Repository/mobileSanity/HBI/Page_App Page 2/input__credit-card-first'

2019-09-19 04:37:46 - [TEST_STEP][PASSED] - setText(findTestObject("mobileSanity/HBI/Page_App Page 2/input__credit-card-last"), LastName): Text 'ZZ11-gZspfQhK' is set on object 'Object Repository/mobileSanity/HBI/Page_App Page 2/input__credit-card-last'

2019-09-19 04:37:46 - [MESSAGE][PASSED] - Text 'ZZ11-gZspfQhK' is set on object 'Object Repository/mobileSanity/HBI/Page_App Page 2/input__credit-card-last'

2019-09-19 04:37:46 - [TEST_STEP][PASSED] - selectOptionByValue(findTestObject("mobileSanity/HBI/Page_App Page 2/select_MM010203040506070809101"), "12", true): All options with value '12' are selected in object 'Object Repository/mobileSanity/HBI/Page_App Page 2/select_MM010203040506070809101'  using regular expression

2019-09-19 04:37:46 - [MESSAGE][PASSED] - All options with value '12' are selected in object 'Object Repository/mobileSanity/HBI/Page_App Page 2/select_MM010203040506070809101'  using regular expression

2019-09-19 04:37:46 - [TEST_STEP][PASSED] - selectOptionByValue(findTestObject("mobileSanity/HBI/Page_App Page 2/select_YYYY2019202020212022202"), "2026", true): All options with value '2026' are selected in object 'Object Repository/mobileSanity/HBI/Page_App Page 2/select_YYYY2019202020212022202'  using regular expression

2019-09-19 04:37:46 - [MESSAGE][PASSED] - All options with value '2026' are selected in object 'Object Repository/mobileSanity/HBI/Page_App Page 2/select_YYYY2019202020212022202'  using regular expression

2019-09-19 04:37:46 - [TEST_STEP][PASSED] - setText(findTestObject("mobileSanity/HBI/Page_App Page 2/input__credit-card-number"), "4111111111111111"): Text '4111111111111111' is set on object 'Object Repository/mobileSanity/HBI/Page_App Page 2/input__credit-card-number'

2019-09-19 04:37:46 - [MESSAGE][PASSED] - Text '4111111111111111' is set on object 'Object Repository/mobileSanity/HBI/Page_App Page 2/input__credit-card-number'

2019-09-19 04:37:46 - [TEST_STEP][PASSED] - setText(findTestObject("mobileSanity/HBI/Page_App Page 2/input__cvv"), "123"): Text '123' is set on object 'Object Repository/mobileSanity/HBI/Page_App Page 2/input__cvv'

2019-09-19 04:37:47 - [MESSAGE][PASSED] - Text '123' is set on object 'Object Repository/mobileSanity/HBI/Page_App Page 2/input__cvv'

2019-09-19 04:37:47 - [TEST_STEP][PASSED] - click(findTestObject("mobileSanity/HBI/Page_App Page 2/label_My billing address is th")): Object: 'Object Repository/mobileSanity/HBI/Page_App Page 2/label_My billing address is th' is clicked on

2019-09-19 04:37:47 - [MESSAGE][PASSED] - Object: 'Object Repository/mobileSanity/HBI/Page_App Page 2/label_My billing address is th' is clicked on

2019-09-19 04:37:47 - [TEST_STEP][PASSED] - click(findTestObject("mobileSanity/HBI/Page_App Page 2/label_I Accept Authorization f")): Object: 'Object Repository/mobileSanity/HBI/Page_App Page 2/label_I Accept Authorization f' is clicked on

2019-09-19 04:37:47 - [MESSAGE][PASSED] - Object: 'Object Repository/mobileSanity/HBI/Page_App Page 2/label_I Accept Authorization f' is clicked on

2019-09-19 04:37:47 - [TEST_STEP][PASSED] - click(findTestObject("mobileSanity/HBI/Page_App Page 2/a_Continue to Step 3 - Review")): Object: 'Object Repository/mobileSanity/HBI/Page_App Page 2/a_Continue to Step 3 - Review' is clicked on

2019-09-19 04:37:47 - [MESSAGE][PASSED] - Object: 'Object Repository/mobileSanity/HBI/Page_App Page 2/a_Continue to Step 3 - Review' is clicked on

2019-09-19 04:37:47 - [TEST_STEP][PASSED] - waitForPageLoad(20): Wait for page load successfully

2019-09-19 04:37:47 - [MESSAGE][PASSED] - Wait for page load successfully

2019-09-19 04:37:47 - [TEST_STEP][PASSED] - Thread.sleep(10000): null

2019-09-19 04:37:57 - [TEST_STEP][PASSED] - waitForElementPresent(findTestObject("mobileSanity/HBI/Page_App Page 3/label"), 20): Object 'Object Repository/mobileSanity/HBI/Page_App Page 3/label' is present

2019-09-19 04:37:57 - [MESSAGE][PASSED] - Object 'Object Repository/mobileSanity/HBI/Page_App Page 3/label' is present

2019-09-19 04:37:57 - [TEST_STEP][PASSED] - callTestCase(findTestCase("mobileWeb/_include/get_screenshot"), [:], STOP_ON_FAILURE): Call Test Case 'Test Cases/mobileWeb/_include/get_screenshot' successfully

2019-09-19 04:37:57 - [TEST_CASE][PASSED] - Test Cases/mobileWeb/_include/get_screenshot: Test Cases/mobileWeb/_include/get_screenshot

2019-09-19 04:37:57 - [TEST_STEP][PASSED] - takeScreenshot(screenPath + i + ".png"): Taking screenshot successfully

2019-09-19 04:37:58 - [MESSAGE][PASSED] - Taking screenshot successfully
[[ATTACHMENT|D:\\Test\\AgileTest\\Reports\\mobileWeb\\hbi\\20190919_043544\\../Screenshots/iPhone 6/hbi/Legion Limited Medical/20190919_043713/8.png]]

2019-09-19 04:37:58 - [TEST_STEP][PASSED] - (internal.GlobalVariable.i++): null

2019-09-19 04:37:58 - [MESSAGE][PASSED] - Call Test Case 'Test Cases/mobileWeb/_include/get_screenshot' successfully

2019-09-19 04:37:58 - [TEST_STEP][PASSED] - click(findTestObject("mobileSanity/HBI/Page_App Page 3/label")): Object: 'Object Repository/mobileSanity/HBI/Page_App Page 3/label' is clicked on

2019-09-19 04:37:58 - [MESSAGE][PASSED] - Object: 'Object Repository/mobileSanity/HBI/Page_App Page 3/label' is clicked on

2019-09-19 04:37:58 - [TEST_STEP][PASSED] - click(findTestObject("mobileSanity/HBI/Page_App Page 3/p_CLICK TO SIGN")): Object: 'Object Repository/mobileSanity/HBI/Page_App Page 3/p_CLICK TO SIGN' is clicked on

2019-09-19 04:37:58 - [MESSAGE][PASSED] - Object: 'Object Repository/mobileSanity/HBI/Page_App Page 3/p_CLICK TO SIGN' is clicked on

2019-09-19 04:37:58 - [TEST_STEP][PASSED] - click(findTestObject("mobileSanity/HBI/Page_App Page 3/a_Submit Your Application")): Object: 'Object Repository/mobileSanity/HBI/Page_App Page 3/a_Submit Your Application' is clicked on

2019-09-19 04:37:58 - [MESSAGE][PASSED] - Object: 'Object Repository/mobileSanity/HBI/Page_App Page 3/a_Submit Your Application' is clicked on

2019-09-19 04:37:58 - [TEST_STEP][PASSED] - Thread.sleep(30000): null

2019-09-19 04:38:28 - [TEST_STEP][PASSED] - callTestCase(findTestCase("mobileWeb/_include/get_screenshot"), [:], STOP_ON_FAILURE): Call Test Case 'Test Cases/mobileWeb/_include/get_screenshot' successfully

2019-09-19 04:38:28 - [TEST_CASE][PASSED] - Test Cases/mobileWeb/_include/get_screenshot: Test Cases/mobileWeb/_include/get_screenshot

2019-09-19 04:38:28 - [TEST_STEP][PASSED] - takeScreenshot(screenPath + i + ".png"): Taking screenshot successfully

2019-09-19 04:38:28 - [MESSAGE][PASSED] - Taking screenshot successfully
[[ATTACHMENT|D:\\Test\\AgileTest\\Reports\\mobileWeb\\hbi\\20190919_043544\\../Screenshots/iPhone 6/hbi/Legion Limited Medical/20190919_043713/9.png]]

2019-09-19 04:38:28 - [TEST_STEP][PASSED] - (internal.GlobalVariable.i++): null

2019-09-19 04:38:28 - [MESSAGE][PASSED] - Call Test Case 'Test Cases/mobileWeb/_include/get_screenshot' successfully

2019-09-19 04:38:28 - [TEST_STEP][PASSED] - verifyTextPresent("Congratulations", false): Text 'Congratulations' is present on page 

2019-09-19 04:38:29 - [MESSAGE][PASSED] - Text 'Congratulations' is present on page 

2019-09-19 04:38:29 - [MESSAGE][PASSED] - Call Test Case 'Test Cases/mobileWeb/_include/goToEnd_hbi' successfully]]></system-out>
         <system-err><![CDATA[]]></system-err>
      </testcase>
      <testcase name="Test Cases/mobileWeb/HBI/Cardinal Choice" classname="Test Cases/mobileWeb/HBI/Cardinal Choice" status="PASSED">
         <system-out><![CDATA[2019-09-19 04:38:29 - [TEST_CASE][PASSED] - Test Cases/mobileWeb/HBI/Cardinal Choice: Test Cases/mobileWeb/HBI/Cardinal Choice

2019-09-19 04:38:29 - [TEST_STEP][PASSED] - callTestCase(findTestCase("mobileWeb/_include/get_screenPath"), ["productLine":"hbi", "carrierName":"Cardinal Choice"], CONTINUE_ON_FAILURE): Call Test Case 'Test Cases/mobileWeb/_include/get_screenPath' successfully

2019-09-19 04:38:29 - [TEST_CASE][PASSED] - Test Cases/mobileWeb/_include/get_screenPath: Test Cases/mobileWeb/_include/get_screenPath

2019-09-19 04:38:29 - [TEST_STEP][PASSED] - m = getExecutionProperties(): null

2019-09-19 04:38:29 - [TEST_STEP][PASSED] - deviceName = get("mobileEmulation").get("deviceName"): null

2019-09-19 04:38:29 - [TEST_STEP][PASSED] - println(deviceName): null

2019-09-19 04:38:29 - [TEST_STEP][PASSED] - now = new java.util.Date(): null

2019-09-19 04:38:29 - [TEST_STEP][PASSED] - mydate = now.format("yyyyMMdd_HHmmss"): null

2019-09-19 04:38:29 - [TEST_STEP][PASSED] - screenPath = "../Screenshots/": null

2019-09-19 04:38:29 - [TEST_STEP][PASSED] - screenPath = screenPath + deviceName + "/" + productLine + "/" + carrierName + "/" + mydate + "/": null

2019-09-19 04:38:29 - [TEST_STEP][PASSED] - println(screenPath): null

2019-09-19 04:38:29 - [MESSAGE][PASSED] - Call Test Case 'Test Cases/mobileWeb/_include/get_screenPath' successfully

2019-09-19 04:38:29 - [TEST_STEP][PASSED] - i = 0: null

2019-09-19 04:38:29 - [TEST_STEP][PASSED] - callTestCase(findTestCase("mobileWeb/_include/openWebSite"), [:], CONTINUE_ON_FAILURE): Call Test Case 'Test Cases/mobileWeb/_include/openWebSite' successfully

2019-09-19 04:38:29 - [TEST_CASE][PASSED] - Test Cases/mobileWeb/_include/openWebSite: Test Cases/mobileWeb/_include/openWebSite

2019-09-19 04:38:29 - [TEST_STEP][PASSED] - openBrowser(env): Browser is opened with url: 'https://praetemptatus.agilehealthinsurance.com'

2019-09-19 04:38:29 - [MESSAGE][WARNING] - A browser is already opened. Closing browser and opening a new one

2019-09-19 04:38:30 - [MESSAGE][INFO] - Starting 'Chrome' driver

2019-09-19 04:38:30 - [MESSAGE][INFO] - User set preference: ['mobileEmulation', '{deviceName=iPhone 6}']

2019-09-19 04:38:30 - [MESSAGE][INFO] - User set preference: ['args', '[--incognito, --aggressive-cache-discard, --window-size=375,677, --no-sandbox]']

2019-09-19 04:38:31 - [MESSAGE][PASSED] - Browser is opened with url: 'https://praetemptatus.agilehealthinsurance.com'

2019-09-19 04:38:31 - [TEST_STEP][PASSED] - waitForPageLoad(20): Wait for page load successfully

2019-09-19 04:38:31 - [MESSAGE][PASSED] - Wait for page load successfully

2019-09-19 04:38:31 - [TEST_STEP][PASSED] - Thread.sleep(2000): null

2019-09-19 04:38:33 - [TEST_STEP][PASSED] - callTestCase(findTestCase("mobileWeb/_include/get_screenshot"), [:], STOP_ON_FAILURE): Call Test Case 'Test Cases/mobileWeb/_include/get_screenshot' successfully

2019-09-19 04:38:33 - [TEST_CASE][PASSED] - Test Cases/mobileWeb/_include/get_screenshot: Test Cases/mobileWeb/_include/get_screenshot

2019-09-19 04:38:33 - [TEST_STEP][PASSED] - takeScreenshot(screenPath + i + ".png"): Taking screenshot successfully

2019-09-19 04:38:34 - [MESSAGE][PASSED] - Taking screenshot successfully
[[ATTACHMENT|D:\\Test\\AgileTest\\Reports\\mobileWeb\\hbi\\20190919_043544\\../Screenshots/iPhone 6/hbi/Cardinal Choice/20190919_043829/0.png]]

2019-09-19 04:38:34 - [TEST_STEP][PASSED] - (internal.GlobalVariable.i++): null

2019-09-19 04:38:34 - [MESSAGE][PASSED] - Call Test Case 'Test Cases/mobileWeb/_include/get_screenshot' successfully

2019-09-19 04:38:34 - [MESSAGE][PASSED] - Call Test Case 'Test Cases/mobileWeb/_include/openWebSite' successfully

2019-09-19 04:38:34 - [TEST_STEP][PASSED] - callTestCase(findTestCase("mobileWeb/_include/census_hbi"), [:], CONTINUE_ON_FAILURE): Call Test Case 'Test Cases/mobileWeb/_include/census_hbi' successfully

2019-09-19 04:38:34 - [TEST_CASE][PASSED] - Test Cases/mobileWeb/_include/census_hbi: Test Cases/mobileWeb/_include/census_hbi

2019-09-19 04:38:34 - [TEST_STEP][PASSED] - click(findTestObject("mobileSanity/Common/side_nav/menu")): Object: 'Object Repository/mobileSanity/Common/side_nav/menu' is clicked on

2019-09-19 04:38:34 - [MESSAGE][PASSED] - Object: 'Object Repository/mobileSanity/Common/side_nav/menu' is clicked on

2019-09-19 04:38:34 - [TEST_STEP][PASSED] - Thread.sleep(3000): null

2019-09-19 04:38:37 - [TEST_STEP][PASSED] - callTestCase(findTestCase("mobileWeb/_include/get_screenshot"), [:], STOP_ON_FAILURE): Call Test Case 'Test Cases/mobileWeb/_include/get_screenshot' successfully

2019-09-19 04:38:37 - [TEST_CASE][PASSED] - Test Cases/mobileWeb/_include/get_screenshot: Test Cases/mobileWeb/_include/get_screenshot

2019-09-19 04:38:37 - [TEST_STEP][PASSED] - takeScreenshot(screenPath + i + ".png"): Taking screenshot successfully

2019-09-19 04:38:38 - [MESSAGE][PASSED] - Taking screenshot successfully
[[ATTACHMENT|D:\\Test\\AgileTest\\Reports\\mobileWeb\\hbi\\20190919_043544\\../Screenshots/iPhone 6/hbi/Cardinal Choice/20190919_043829/1.png]]

2019-09-19 04:38:38 - [TEST_STEP][PASSED] - (internal.GlobalVariable.i++): null

2019-09-19 04:38:38 - [MESSAGE][PASSED] - Call Test Case 'Test Cases/mobileWeb/_include/get_screenshot' successfully

2019-09-19 04:38:38 - [TEST_STEP][PASSED] - click(findTestObject("mobileSanity/Common/side_nav/nav_hbi")): Object: 'Object Repository/mobileSanity/Common/side_nav/nav_hbi' is clicked on

2019-09-19 04:38:38 - [MESSAGE][PASSED] - Object: 'Object Repository/mobileSanity/Common/side_nav/nav_hbi' is clicked on

2019-09-19 04:38:38 - [TEST_STEP][PASSED] - waitForPageLoad(10): Wait for page load successfully

2019-09-19 04:38:38 - [MESSAGE][PASSED] - Wait for page load successfully

2019-09-19 04:38:38 - [TEST_STEP][PASSED] - Thread.sleep(3000): null

2019-09-19 04:38:41 - [TEST_STEP][PASSED] - callTestCase(findTestCase("mobileWeb/_include/get_screenshot"), [:], STOP_ON_FAILURE): Call Test Case 'Test Cases/mobileWeb/_include/get_screenshot' successfully

2019-09-19 04:38:41 - [TEST_CASE][PASSED] - Test Cases/mobileWeb/_include/get_screenshot: Test Cases/mobileWeb/_include/get_screenshot

2019-09-19 04:38:41 - [TEST_STEP][PASSED] - takeScreenshot(screenPath + i + ".png"): Taking screenshot successfully

2019-09-19 04:38:42 - [MESSAGE][PASSED] - Taking screenshot successfully
[[ATTACHMENT|D:\\Test\\AgileTest\\Reports\\mobileWeb\\hbi\\20190919_043544\\../Screenshots/iPhone 6/hbi/Cardinal Choice/20190919_043829/2.png]]

2019-09-19 04:38:42 - [TEST_STEP][PASSED] - (internal.GlobalVariable.i++): null

2019-09-19 04:38:42 - [MESSAGE][PASSED] - Call Test Case 'Test Cases/mobileWeb/_include/get_screenshot' successfully

2019-09-19 04:38:42 - [TEST_STEP][PASSED] - setText(findTestObject("mobileSanity/HBI/census/input_Location_zip-input"), zipcode): Text '35215' is set on object 'Object Repository/mobileSanity/HBI/census/input_Location_zip-input'

2019-09-19 04:38:42 - [MESSAGE][PASSED] - Text '35215' is set on object 'Object Repository/mobileSanity/HBI/census/input_Location_zip-input'

2019-09-19 04:38:42 - [TEST_STEP][PASSED] - Thread.sleep(500): null

2019-09-19 04:38:42 - [TEST_STEP][PASSED] - setText(findTestObject("mobileSanity/HBI/census/input_Date of Birth_dob-0"), "12121980"): Text '12121980' is set on object 'Object Repository/mobileSanity/HBI/census/input_Date of Birth_dob-0'

2019-09-19 04:38:43 - [MESSAGE][PASSED] - Text '12121980' is set on object 'Object Repository/mobileSanity/HBI/census/input_Date of Birth_dob-0'

2019-09-19 04:38:43 - [TEST_STEP][PASSED] - click(findTestObject("mobileSanity/HBI/census/label_Male")): Object: 'Object Repository/mobileSanity/HBI/census/label_Male' is clicked on

2019-09-19 04:38:43 - [MESSAGE][PASSED] - Object: 'Object Repository/mobileSanity/HBI/census/label_Male' is clicked on

2019-09-19 04:38:43 - [TEST_STEP][PASSED] - click(findTestObject("mobileSanity/HBI/census/label_Get a Quote")): Object: 'Object Repository/mobileSanity/HBI/census/label_Get a Quote' is clicked on

2019-09-19 04:38:44 - [MESSAGE][PASSED] - Object: 'Object Repository/mobileSanity/HBI/census/label_Get a Quote' is clicked on

2019-09-19 04:38:44 - [TEST_STEP][PASSED] - waitForPageLoad(20): Wait for page load successfully

2019-09-19 04:38:44 - [MESSAGE][PASSED] - Wait for page load successfully

2019-09-19 04:38:44 - [TEST_STEP][PASSED] - Thread.sleep(3000): null

2019-09-19 04:38:47 - [TEST_STEP][PASSED] - callTestCase(findTestCase("mobileWeb/_include/get_screenshot"), [:], STOP_ON_FAILURE): Call Test Case 'Test Cases/mobileWeb/_include/get_screenshot' successfully

2019-09-19 04:38:47 - [TEST_CASE][PASSED] - Test Cases/mobileWeb/_include/get_screenshot: Test Cases/mobileWeb/_include/get_screenshot

2019-09-19 04:38:47 - [TEST_STEP][PASSED] - takeScreenshot(screenPath + i + ".png"): Taking screenshot successfully

2019-09-19 04:38:47 - [MESSAGE][PASSED] - Taking screenshot successfully
[[ATTACHMENT|D:\\Test\\AgileTest\\Reports\\mobileWeb\\hbi\\20190919_043544\\../Screenshots/iPhone 6/hbi/Cardinal Choice/20190919_043829/3.png]]

2019-09-19 04:38:47 - [TEST_STEP][PASSED] - (internal.GlobalVariable.i++): null

2019-09-19 04:38:47 - [MESSAGE][PASSED] - Call Test Case 'Test Cases/mobileWeb/_include/get_screenshot' successfully

2019-09-19 04:38:47 - [MESSAGE][PASSED] - Call Test Case 'Test Cases/mobileWeb/_include/census_hbi' successfully

2019-09-19 04:38:47 - [TEST_STEP][PASSED] - Thread.sleep(5000): null

2019-09-19 04:38:52 - [TEST_STEP][PASSED] - scrollToPosition(200, 2300): Browser is scrolled to position x = 200, y = 2300

2019-09-19 04:38:52 - [MESSAGE][PASSED] - Browser is scrolled to position x = 200, y = 2300

2019-09-19 04:38:52 - [TEST_STEP][PASSED] - click(findTestObject("mobileSanity/HBI/quote/a_Cardinal Choice")): Object: 'Object Repository/mobileSanity/HBI/quote/a_Cardinal Choice' is clicked on

2019-09-19 04:38:53 - [MESSAGE][PASSED] - Object: 'Object Repository/mobileSanity/HBI/quote/a_Cardinal Choice' is clicked on

2019-09-19 04:38:53 - [TEST_STEP][PASSED] - waitForPageLoad(20): Wait for page load successfully

2019-09-19 04:38:53 - [MESSAGE][PASSED] - Wait for page load successfully

2019-09-19 04:38:53 - [TEST_STEP][PASSED] - callTestCase(findTestCase("mobileWeb/_include/get_screenshot"), [:], STOP_ON_FAILURE): Call Test Case 'Test Cases/mobileWeb/_include/get_screenshot' successfully

2019-09-19 04:38:53 - [TEST_CASE][PASSED] - Test Cases/mobileWeb/_include/get_screenshot: Test Cases/mobileWeb/_include/get_screenshot

2019-09-19 04:38:53 - [TEST_STEP][PASSED] - takeScreenshot(screenPath + i + ".png"): Taking screenshot successfully

2019-09-19 04:38:54 - [MESSAGE][PASSED] - Taking screenshot successfully
[[ATTACHMENT|D:\\Test\\AgileTest\\Reports\\mobileWeb\\hbi\\20190919_043544\\../Screenshots/iPhone 6/hbi/Cardinal Choice/20190919_043829/4.png]]

2019-09-19 04:38:54 - [TEST_STEP][PASSED] - (internal.GlobalVariable.i++): null

2019-09-19 04:38:54 - [MESSAGE][PASSED] - Call Test Case 'Test Cases/mobileWeb/_include/get_screenshot' successfully

2019-09-19 04:38:54 - [TEST_STEP][PASSED] - click(findTestObject("mobileSanity/HBI/detail/a_Apply for This Plan")): Object: 'Object Repository/mobileSanity/HBI/detail/a_Apply for This Plan' is clicked on

2019-09-19 04:38:54 - [MESSAGE][PASSED] - Object: 'Object Repository/mobileSanity/HBI/detail/a_Apply for This Plan' is clicked on

2019-09-19 04:38:54 - [TEST_STEP][PASSED] - waitForPageLoad(20): Wait for page load successfully

2019-09-19 04:38:54 - [MESSAGE][PASSED] - Wait for page load successfully

2019-09-19 04:38:54 - [TEST_STEP][PASSED] - callTestCase(findTestCase("mobileWeb/_include/get_screenshot"), [:], STOP_ON_FAILURE): Call Test Case 'Test Cases/mobileWeb/_include/get_screenshot' successfully

2019-09-19 04:38:54 - [TEST_CASE][PASSED] - Test Cases/mobileWeb/_include/get_screenshot: Test Cases/mobileWeb/_include/get_screenshot

2019-09-19 04:38:54 - [TEST_STEP][PASSED] - takeScreenshot(screenPath + i + ".png"): Taking screenshot successfully

2019-09-19 04:38:55 - [MESSAGE][PASSED] - Taking screenshot successfully
[[ATTACHMENT|D:\\Test\\AgileTest\\Reports\\mobileWeb\\hbi\\20190919_043544\\../Screenshots/iPhone 6/hbi/Cardinal Choice/20190919_043829/5.png]]

2019-09-19 04:38:55 - [TEST_STEP][PASSED] - (internal.GlobalVariable.i++): null

2019-09-19 04:38:55 - [MESSAGE][PASSED] - Call Test Case 'Test Cases/mobileWeb/_include/get_screenshot' successfully

2019-09-19 04:38:55 - [TEST_STEP][PASSED] - click(findTestObject("mobileSanity/HBI/Page_Apply/span_Start Secure Application")): Object: 'Object Repository/mobileSanity/HBI/Page_Apply/span_Start Secure Application' is clicked on

2019-09-19 04:38:56 - [MESSAGE][PASSED] - Object: 'Object Repository/mobileSanity/HBI/Page_Apply/span_Start Secure Application' is clicked on

2019-09-19 04:38:56 - [TEST_STEP][PASSED] - waitForPageLoad(20): Wait for page load successfully

2019-09-19 04:38:56 - [MESSAGE][PASSED] - Wait for page load successfully

2019-09-19 04:38:56 - [TEST_STEP][PASSED] - Thread.sleep(5000): null

2019-09-19 04:39:01 - [TEST_STEP][PASSED] - callTestCase(findTestCase("mobileWeb/_include/get_screenshot"), [:], STOP_ON_FAILURE): Call Test Case 'Test Cases/mobileWeb/_include/get_screenshot' successfully

2019-09-19 04:39:01 - [TEST_CASE][PASSED] - Test Cases/mobileWeb/_include/get_screenshot: Test Cases/mobileWeb/_include/get_screenshot

2019-09-19 04:39:01 - [TEST_STEP][PASSED] - takeScreenshot(screenPath + i + ".png"): Taking screenshot successfully

2019-09-19 04:39:01 - [MESSAGE][PASSED] - Taking screenshot successfully
[[ATTACHMENT|D:\\Test\\AgileTest\\Reports\\mobileWeb\\hbi\\20190919_043544\\../Screenshots/iPhone 6/hbi/Cardinal Choice/20190919_043829/6.png]]

2019-09-19 04:39:01 - [TEST_STEP][PASSED] - (internal.GlobalVariable.i++): null

2019-09-19 04:39:01 - [MESSAGE][PASSED] - Call Test Case 'Test Cases/mobileWeb/_include/get_screenshot' successfully

2019-09-19 04:39:01 - [TEST_STEP][PASSED] - callTestCase(findTestCase("mobileWeb/_include/goToEnd_hbi"), ["carrier":"cardinalchoice"], CONTINUE_ON_FAILURE): Call Test Case 'Test Cases/mobileWeb/_include/goToEnd_hbi' successfully

2019-09-19 04:39:01 - [TEST_CASE][PASSED] - Test Cases/mobileWeb/_include/goToEnd_hbi: Test Cases/mobileWeb/_include/goToEnd_hbi

2019-09-19 04:39:01 - [TEST_STEP][PASSED] - if (state == "ca"): null

2019-09-19 04:39:01 - [TEST_STEP][PASSED] - callTestCase(findTestCase("mobileWeb/_include/name"), [:], CONTINUE_ON_FAILURE): Call Test Case 'Test Cases/mobileWeb/_include/name' successfully

2019-09-19 04:39:02 - [TEST_CASE][PASSED] - Test Cases/mobileWeb/_include/name: Test Cases/mobileWeb/_include/name

2019-09-19 04:39:02 - [TEST_STEP][PASSED] - driver = getWebDriver(): null

2019-09-19 04:39:02 - [TEST_STEP][PASSED] - selenium = new com.thoughtworks.selenium.webdriven.WebDriverBackedSelenium(driver, internal.GlobalVariable.ENV): null

2019-09-19 04:39:02 - [TEST_STEP][PASSED] - FirstName = "Test-123": null

2019-09-19 04:39:02 - [TEST_STEP][PASSED] - LastName = selenium.getEval("{var x="ABCDEFGHIJKLMNOPQRSTUVWXYZabcdefghijklmnopqrstuvwxyz"; var tmp="ZZ11-"; for (i=0;i<8;i++) tmp+=x.charAt(Math.ceil(51*Math.random()));tmp;}"): null

2019-09-19 04:39:02 - [TEST_STEP][PASSED] - Address = selenium.getEval("{var x="ABCDEFGHIJKLMNOPQRSTUVWXYZabcdefghijklmnopqrstuvwxyz"; var tmp=""; for (i=0;i<8;i++) tmp+=x.charAt(Math.ceil(51*Math.random()));tmp;}"): null

2019-09-19 04:39:02 - [TEST_STEP][PASSED] - City = selenium.getEval("{var x="ABCDEFGHIJKLMNOPQRSTUVWXYZabcdefghijklmnopqrstuvwxyz"; var tmp=""; for (i=0;i<8;i++) tmp+=x.charAt(Math.ceil(51*Math.random()));tmp;}"): null

2019-09-19 04:39:02 - [TEST_STEP][PASSED] - tel1 = selenium.getEval("{var x="123456789"; var tmp=""; for (i=0;i<3;i++) tmp+=x.charAt(Math.ceil(8*Math.random()));tmp;}"): null

2019-09-19 04:39:02 - [TEST_STEP][PASSED] - tel2 = selenium.getEval("{var x="123456789"; var tmp=""; for (i=0;i<3;i++) tmp+=x.charAt(Math.ceil(8*Math.random()));tmp;}"): null

2019-09-19 04:39:02 - [TEST_STEP][PASSED] - tel3 = selenium.getEval("{var x="123456789"; var tmp=""; for (i=0;i<4;i++) tmp+=x.charAt(Math.ceil(8*Math.random()));tmp;}"): null

2019-09-19 04:39:02 - [TEST_STEP][PASSED] - Tel = selenium.getExpression(tel1 + "-" + tel2 + "-" + tel3): null

2019-09-19 04:39:02 - [TEST_STEP][PASSED] - AutoEmail = selenium.getEval("{var x="ABCDEFGHIJKLMNOPQRSTUVWXYZabcdefghijklmnopqrstuvwxyz"; var tmp="test."; for (i=0;i<8;i++) tmp+=x.charAt(Math.ceil(51*Math.random()));tmp+="@suryani.cn";}"): null

2019-09-19 04:39:02 - [TEST_STEP][PASSED] - FirstName = FirstName: null

2019-09-19 04:39:02 - [TEST_STEP][PASSED] - LastName = LastName: null

2019-09-19 04:39:02 - [TEST_STEP][PASSED] - Address = Address: null

2019-09-19 04:39:02 - [TEST_STEP][PASSED] - City = City: null

2019-09-19 04:39:02 - [TEST_STEP][PASSED] - Tel = Tel: null

2019-09-19 04:39:02 - [TEST_STEP][PASSED] - AutoEmail = AutoEmail: null

2019-09-19 04:39:02 - [TEST_STEP][PASSED] - println(FirstName): null

2019-09-19 04:39:02 - [TEST_STEP][PASSED] - println(LastName): null

2019-09-19 04:39:02 - [TEST_STEP][PASSED] - println(Address): null

2019-09-19 04:39:02 - [TEST_STEP][PASSED] - println(City): null

2019-09-19 04:39:02 - [TEST_STEP][PASSED] - println(Tel): null

2019-09-19 04:39:02 - [TEST_STEP][PASSED] - println(AutoEmail): null

2019-09-19 04:39:02 - [MESSAGE][PASSED] - Call Test Case 'Test Cases/mobileWeb/_include/name' successfully

2019-09-19 04:39:02 - [TEST_STEP][PASSED] - setText(findTestObject("mobileSanity/HBI/Page_App Page 1/input__member-P-1-firstName"), FirstName): Text 'Test-123' is set on object 'Object Repository/mobileSanity/HBI/Page_App Page 1/input__member-P-1-firstName'

2019-09-19 04:39:02 - [MESSAGE][PASSED] - Text 'Test-123' is set on object 'Object Repository/mobileSanity/HBI/Page_App Page 1/input__member-P-1-firstName'

2019-09-19 04:39:02 - [TEST_STEP][PASSED] - setText(findTestObject("mobileSanity/HBI/Page_App Page 1/input__member-P-1-lastName"), LastName): Text 'ZZ11-ZMgxmpVq' is set on object 'Object Repository/mobileSanity/HBI/Page_App Page 1/input__member-P-1-lastName'

2019-09-19 04:39:02 - [MESSAGE][PASSED] - Text 'ZZ11-ZMgxmpVq' is set on object 'Object Repository/mobileSanity/HBI/Page_App Page 1/input__member-P-1-lastName'

2019-09-19 04:39:02 - [TEST_STEP][PASSED] - if (carrier == "agileone" || carrier == "agilesecure"): null

2019-09-19 04:39:02 - [TEST_STEP][PASSED] - setText(findTestObject("mobileSanity/HBI/Page_App Page 1/input__address"), Address): Text 'qHgIwSqo' is set on object 'Object Repository/mobileSanity/HBI/Page_App Page 1/input__address'

2019-09-19 04:39:02 - [MESSAGE][PASSED] - Text 'qHgIwSqo' is set on object 'Object Repository/mobileSanity/HBI/Page_App Page 1/input__address'

2019-09-19 04:39:02 - [TEST_STEP][PASSED] - setText(findTestObject("mobileSanity/HBI/Page_App Page 1/input__city"), City): Text 'FHwKSuio' is set on object 'Object Repository/mobileSanity/HBI/Page_App Page 1/input__city'

2019-09-19 04:39:03 - [MESSAGE][PASSED] - Text 'FHwKSuio' is set on object 'Object Repository/mobileSanity/HBI/Page_App Page 1/input__city'

2019-09-19 04:39:03 - [TEST_STEP][PASSED] - setText(findTestObject("mobileSanity/HBI/Page_App Page 1/input__email"), AutoEmail): Text 'test.mNixLrNN@suryani.cn' is set on object 'Object Repository/mobileSanity/HBI/Page_App Page 1/input__email'

2019-09-19 04:39:03 - [MESSAGE][PASSED] - Text 'test.mNixLrNN@suryani.cn' is set on object 'Object Repository/mobileSanity/HBI/Page_App Page 1/input__email'

2019-09-19 04:39:03 - [TEST_STEP][PASSED] - setText(findTestObject("mobileSanity/HBI/Page_App Page 1/input_tel"), Tel): Text '739-345-9666' is set on object 'Object Repository/mobileSanity/HBI/Page_App Page 1/input_tel'

2019-09-19 04:39:03 - [MESSAGE][PASSED] - Text '739-345-9666' is set on object 'Object Repository/mobileSanity/HBI/Page_App Page 1/input_tel'

2019-09-19 04:39:03 - [TEST_STEP][PASSED] - click(findTestObject("mobileSanity/HBI/Page_App Page 1/a_Continue to Step 2 - Payment")): Object: 'Object Repository/mobileSanity/HBI/Page_App Page 1/a_Continue to Step 2 - Payment' is clicked on

2019-09-19 04:39:03 - [MESSAGE][PASSED] - Object: 'Object Repository/mobileSanity/HBI/Page_App Page 1/a_Continue to Step 2 - Payment' is clicked on

2019-09-19 04:39:03 - [TEST_STEP][PASSED] - waitForPageLoad(20): Wait for page load successfully

2019-09-19 04:39:03 - [MESSAGE][PASSED] - Wait for page load successfully

2019-09-19 04:39:03 - [TEST_STEP][PASSED] - Thread.sleep(2000): null

2019-09-19 04:39:05 - [TEST_STEP][PASSED] - waitForElementVisible(findTestObject("mobileSanity/HBI/Page_App Page 2/input__credit-card-first"), 20): Object 'Object Repository/mobileSanity/HBI/Page_App Page 2/input__credit-card-first' is visible

2019-09-19 04:39:05 - [MESSAGE][PASSED] - Object 'Object Repository/mobileSanity/HBI/Page_App Page 2/input__credit-card-first' is visible

2019-09-19 04:39:05 - [TEST_STEP][PASSED] - callTestCase(findTestCase("mobileWeb/_include/get_screenshot"), [:], STOP_ON_FAILURE): Call Test Case 'Test Cases/mobileWeb/_include/get_screenshot' successfully

2019-09-19 04:39:05 - [TEST_CASE][PASSED] - Test Cases/mobileWeb/_include/get_screenshot: Test Cases/mobileWeb/_include/get_screenshot

2019-09-19 04:39:05 - [TEST_STEP][PASSED] - takeScreenshot(screenPath + i + ".png"): Taking screenshot successfully

2019-09-19 04:39:06 - [MESSAGE][PASSED] - Taking screenshot successfully
[[ATTACHMENT|D:\\Test\\AgileTest\\Reports\\mobileWeb\\hbi\\20190919_043544\\../Screenshots/iPhone 6/hbi/Cardinal Choice/20190919_043829/7.png]]

2019-09-19 04:39:06 - [TEST_STEP][PASSED] - (internal.GlobalVariable.i++): null

2019-09-19 04:39:06 - [MESSAGE][PASSED] - Call Test Case 'Test Cases/mobileWeb/_include/get_screenshot' successfully

2019-09-19 04:39:06 - [TEST_STEP][PASSED] - setText(findTestObject("mobileSanity/HBI/Page_App Page 2/input__credit-card-first"), FirstName): Text 'Test-123' is set on object 'Object Repository/mobileSanity/HBI/Page_App Page 2/input__credit-card-first'

2019-09-19 04:39:06 - [MESSAGE][PASSED] - Text 'Test-123' is set on object 'Object Repository/mobileSanity/HBI/Page_App Page 2/input__credit-card-first'

2019-09-19 04:39:06 - [TEST_STEP][PASSED] - setText(findTestObject("mobileSanity/HBI/Page_App Page 2/input__credit-card-last"), LastName): Text 'ZZ11-ZMgxmpVq' is set on object 'Object Repository/mobileSanity/HBI/Page_App Page 2/input__credit-card-last'

2019-09-19 04:39:06 - [MESSAGE][PASSED] - Text 'ZZ11-ZMgxmpVq' is set on object 'Object Repository/mobileSanity/HBI/Page_App Page 2/input__credit-card-last'

2019-09-19 04:39:06 - [TEST_STEP][PASSED] - selectOptionByValue(findTestObject("mobileSanity/HBI/Page_App Page 2/select_MM010203040506070809101"), "12", true): All options with value '12' are selected in object 'Object Repository/mobileSanity/HBI/Page_App Page 2/select_MM010203040506070809101'  using regular expression

2019-09-19 04:39:06 - [MESSAGE][PASSED] - All options with value '12' are selected in object 'Object Repository/mobileSanity/HBI/Page_App Page 2/select_MM010203040506070809101'  using regular expression

2019-09-19 04:39:06 - [TEST_STEP][PASSED] - selectOptionByValue(findTestObject("mobileSanity/HBI/Page_App Page 2/select_YYYY2019202020212022202"), "2026", true): All options with value '2026' are selected in object 'Object Repository/mobileSanity/HBI/Page_App Page 2/select_YYYY2019202020212022202'  using regular expression

2019-09-19 04:39:07 - [MESSAGE][PASSED] - All options with value '2026' are selected in object 'Object Repository/mobileSanity/HBI/Page_App Page 2/select_YYYY2019202020212022202'  using regular expression

2019-09-19 04:39:07 - [TEST_STEP][PASSED] - setText(findTestObject("mobileSanity/HBI/Page_App Page 2/input__credit-card-number"), "4111111111111111"): Text '4111111111111111' is set on object 'Object Repository/mobileSanity/HBI/Page_App Page 2/input__credit-card-number'

2019-09-19 04:39:07 - [MESSAGE][PASSED] - Text '4111111111111111' is set on object 'Object Repository/mobileSanity/HBI/Page_App Page 2/input__credit-card-number'

2019-09-19 04:39:07 - [TEST_STEP][PASSED] - setText(findTestObject("mobileSanity/HBI/Page_App Page 2/input__cvv"), "123"): Text '123' is set on object 'Object Repository/mobileSanity/HBI/Page_App Page 2/input__cvv'

2019-09-19 04:39:07 - [MESSAGE][PASSED] - Text '123' is set on object 'Object Repository/mobileSanity/HBI/Page_App Page 2/input__cvv'

2019-09-19 04:39:07 - [TEST_STEP][PASSED] - click(findTestObject("mobileSanity/HBI/Page_App Page 2/label_My billing address is th")): Object: 'Object Repository/mobileSanity/HBI/Page_App Page 2/label_My billing address is th' is clicked on

2019-09-19 04:39:07 - [MESSAGE][PASSED] - Object: 'Object Repository/mobileSanity/HBI/Page_App Page 2/label_My billing address is th' is clicked on

2019-09-19 04:39:07 - [TEST_STEP][PASSED] - click(findTestObject("mobileSanity/HBI/Page_App Page 2/label_I Accept Authorization f")): Object: 'Object Repository/mobileSanity/HBI/Page_App Page 2/label_I Accept Authorization f' is clicked on

2019-09-19 04:39:07 - [MESSAGE][PASSED] - Object: 'Object Repository/mobileSanity/HBI/Page_App Page 2/label_I Accept Authorization f' is clicked on

2019-09-19 04:39:07 - [TEST_STEP][PASSED] - click(findTestObject("mobileSanity/HBI/Page_App Page 2/a_Continue to Step 3 - Review")): Object: 'Object Repository/mobileSanity/HBI/Page_App Page 2/a_Continue to Step 3 - Review' is clicked on

2019-09-19 04:39:08 - [MESSAGE][PASSED] - Object: 'Object Repository/mobileSanity/HBI/Page_App Page 2/a_Continue to Step 3 - Review' is clicked on

2019-09-19 04:39:08 - [TEST_STEP][PASSED] - waitForPageLoad(20): Wait for page load successfully

2019-09-19 04:39:08 - [MESSAGE][PASSED] - Wait for page load successfully

2019-09-19 04:39:08 - [TEST_STEP][PASSED] - Thread.sleep(10000): null

2019-09-19 04:39:18 - [TEST_STEP][PASSED] - waitForElementPresent(findTestObject("mobileSanity/HBI/Page_App Page 3/label"), 20): Object 'Object Repository/mobileSanity/HBI/Page_App Page 3/label' is present

2019-09-19 04:39:18 - [MESSAGE][PASSED] - Object 'Object Repository/mobileSanity/HBI/Page_App Page 3/label' is present

2019-09-19 04:39:18 - [TEST_STEP][PASSED] - callTestCase(findTestCase("mobileWeb/_include/get_screenshot"), [:], STOP_ON_FAILURE): Call Test Case 'Test Cases/mobileWeb/_include/get_screenshot' successfully

2019-09-19 04:39:18 - [TEST_CASE][PASSED] - Test Cases/mobileWeb/_include/get_screenshot: Test Cases/mobileWeb/_include/get_screenshot

2019-09-19 04:39:18 - [TEST_STEP][PASSED] - takeScreenshot(screenPath + i + ".png"): Taking screenshot successfully

2019-09-19 04:39:18 - [MESSAGE][PASSED] - Taking screenshot successfully
[[ATTACHMENT|D:\\Test\\AgileTest\\Reports\\mobileWeb\\hbi\\20190919_043544\\../Screenshots/iPhone 6/hbi/Cardinal Choice/20190919_043829/8.png]]

2019-09-19 04:39:18 - [TEST_STEP][PASSED] - (internal.GlobalVariable.i++): null

2019-09-19 04:39:18 - [MESSAGE][PASSED] - Call Test Case 'Test Cases/mobileWeb/_include/get_screenshot' successfully

2019-09-19 04:39:18 - [TEST_STEP][PASSED] - click(findTestObject("mobileSanity/HBI/Page_App Page 3/label")): Object: 'Object Repository/mobileSanity/HBI/Page_App Page 3/label' is clicked on

2019-09-19 04:39:18 - [MESSAGE][PASSED] - Object: 'Object Repository/mobileSanity/HBI/Page_App Page 3/label' is clicked on

2019-09-19 04:39:18 - [TEST_STEP][PASSED] - click(findTestObject("mobileSanity/HBI/Page_App Page 3/p_CLICK TO SIGN")): Object: 'Object Repository/mobileSanity/HBI/Page_App Page 3/p_CLICK TO SIGN' is clicked on

2019-09-19 04:39:18 - [MESSAGE][PASSED] - Object: 'Object Repository/mobileSanity/HBI/Page_App Page 3/p_CLICK TO SIGN' is clicked on

2019-09-19 04:39:18 - [TEST_STEP][PASSED] - click(findTestObject("mobileSanity/HBI/Page_App Page 3/a_Submit Your Application")): Object: 'Object Repository/mobileSanity/HBI/Page_App Page 3/a_Submit Your Application' is clicked on

2019-09-19 04:39:19 - [MESSAGE][PASSED] - Object: 'Object Repository/mobileSanity/HBI/Page_App Page 3/a_Submit Your Application' is clicked on

2019-09-19 04:39:19 - [TEST_STEP][PASSED] - Thread.sleep(30000): null

2019-09-19 04:39:49 - [TEST_STEP][PASSED] - callTestCase(findTestCase("mobileWeb/_include/get_screenshot"), [:], STOP_ON_FAILURE): Call Test Case 'Test Cases/mobileWeb/_include/get_screenshot' successfully

2019-09-19 04:39:49 - [TEST_CASE][PASSED] - Test Cases/mobileWeb/_include/get_screenshot: Test Cases/mobileWeb/_include/get_screenshot

2019-09-19 04:39:49 - [TEST_STEP][PASSED] - takeScreenshot(screenPath + i + ".png"): Taking screenshot successfully

2019-09-19 04:39:49 - [MESSAGE][PASSED] - Taking screenshot successfully
[[ATTACHMENT|D:\\Test\\AgileTest\\Reports\\mobileWeb\\hbi\\20190919_043544\\../Screenshots/iPhone 6/hbi/Cardinal Choice/20190919_043829/9.png]]

2019-09-19 04:39:49 - [TEST_STEP][PASSED] - (internal.GlobalVariable.i++): null

2019-09-19 04:39:49 - [MESSAGE][PASSED] - Call Test Case 'Test Cases/mobileWeb/_include/get_screenshot' successfully

2019-09-19 04:39:49 - [TEST_STEP][PASSED] - verifyTextPresent("Congratulations", false): Text 'Congratulations' is present on page 

2019-09-19 04:39:49 - [MESSAGE][PASSED] - Text 'Congratulations' is present on page 

2019-09-19 04:39:49 - [MESSAGE][PASSED] - Call Test Case 'Test Cases/mobileWeb/_include/goToEnd_hbi' successfully]]></system-out>
         <system-err><![CDATA[]]></system-err>
      </testcase>
      <testcase name="Test Cases/mobileWeb/HBI/Core Shield" classname="Test Cases/mobileWeb/HBI/Core Shield" status="PASSED">
         <system-out><![CDATA[2019-09-19 04:39:49 - [TEST_CASE][PASSED] - Test Cases/mobileWeb/HBI/Core Shield: Test Cases/mobileWeb/HBI/Core Shield

2019-09-19 04:39:49 - [TEST_STEP][PASSED] - callTestCase(findTestCase("mobileWeb/_include/get_screenPath"), ["productLine":"hbi", "carrierName":"Core Shield"], CONTINUE_ON_FAILURE): Call Test Case 'Test Cases/mobileWeb/_include/get_screenPath' successfully

2019-09-19 04:39:49 - [TEST_CASE][PASSED] - Test Cases/mobileWeb/_include/get_screenPath: Test Cases/mobileWeb/_include/get_screenPath

2019-09-19 04:39:49 - [TEST_STEP][PASSED] - m = getExecutionProperties(): null

2019-09-19 04:39:49 - [TEST_STEP][PASSED] - deviceName = get("mobileEmulation").get("deviceName"): null

2019-09-19 04:39:49 - [TEST_STEP][PASSED] - println(deviceName): null

2019-09-19 04:39:49 - [TEST_STEP][PASSED] - now = new java.util.Date(): null

2019-09-19 04:39:49 - [TEST_STEP][PASSED] - mydate = now.format("yyyyMMdd_HHmmss"): null

2019-09-19 04:39:49 - [TEST_STEP][PASSED] - screenPath = "../Screenshots/": null

2019-09-19 04:39:49 - [TEST_STEP][PASSED] - screenPath = screenPath + deviceName + "/" + productLine + "/" + carrierName + "/" + mydate + "/": null

2019-09-19 04:39:49 - [TEST_STEP][PASSED] - println(screenPath): null

2019-09-19 04:39:49 - [MESSAGE][PASSED] - Call Test Case 'Test Cases/mobileWeb/_include/get_screenPath' successfully

2019-09-19 04:39:49 - [TEST_STEP][PASSED] - i = 0: null

2019-09-19 04:39:49 - [TEST_STEP][PASSED] - callTestCase(findTestCase("mobileWeb/_include/openWebSite"), [:], CONTINUE_ON_FAILURE): Call Test Case 'Test Cases/mobileWeb/_include/openWebSite' successfully

2019-09-19 04:39:49 - [TEST_CASE][PASSED] - Test Cases/mobileWeb/_include/openWebSite: Test Cases/mobileWeb/_include/openWebSite

2019-09-19 04:39:49 - [TEST_STEP][PASSED] - openBrowser(env): Browser is opened with url: 'https://praetemptatus.agilehealthinsurance.com'

2019-09-19 04:39:49 - [MESSAGE][WARNING] - A browser is already opened. Closing browser and opening a new one

2019-09-19 04:39:50 - [MESSAGE][INFO] - Starting 'Chrome' driver

2019-09-19 04:39:50 - [MESSAGE][INFO] - User set preference: ['mobileEmulation', '{deviceName=iPhone 6}']

2019-09-19 04:39:50 - [MESSAGE][INFO] - User set preference: ['args', '[--incognito, --aggressive-cache-discard, --window-size=375,677, --no-sandbox]']

2019-09-19 04:39:52 - [MESSAGE][PASSED] - Browser is opened with url: 'https://praetemptatus.agilehealthinsurance.com'

2019-09-19 04:39:52 - [TEST_STEP][PASSED] - waitForPageLoad(20): Wait for page load successfully

2019-09-19 04:39:52 - [MESSAGE][PASSED] - Wait for page load successfully

2019-09-19 04:39:52 - [TEST_STEP][PASSED] - Thread.sleep(2000): null

2019-09-19 04:39:54 - [TEST_STEP][PASSED] - callTestCase(findTestCase("mobileWeb/_include/get_screenshot"), [:], STOP_ON_FAILURE): Call Test Case 'Test Cases/mobileWeb/_include/get_screenshot' successfully

2019-09-19 04:39:54 - [TEST_CASE][PASSED] - Test Cases/mobileWeb/_include/get_screenshot: Test Cases/mobileWeb/_include/get_screenshot

2019-09-19 04:39:54 - [TEST_STEP][PASSED] - takeScreenshot(screenPath + i + ".png"): Taking screenshot successfully

2019-09-19 04:39:55 - [MESSAGE][PASSED] - Taking screenshot successfully
[[ATTACHMENT|D:\\Test\\AgileTest\\Reports\\mobileWeb\\hbi\\20190919_043544\\../Screenshots/iPhone 6/hbi/Core Shield/20190919_043949/0.png]]

2019-09-19 04:39:55 - [TEST_STEP][PASSED] - (internal.GlobalVariable.i++): null

2019-09-19 04:39:55 - [MESSAGE][PASSED] - Call Test Case 'Test Cases/mobileWeb/_include/get_screenshot' successfully

2019-09-19 04:39:55 - [MESSAGE][PASSED] - Call Test Case 'Test Cases/mobileWeb/_include/openWebSite' successfully

2019-09-19 04:39:55 - [TEST_STEP][PASSED] - callTestCase(findTestCase("mobileWeb/_include/census_hbi"), [:], CONTINUE_ON_FAILURE): Call Test Case 'Test Cases/mobileWeb/_include/census_hbi' successfully

2019-09-19 04:39:55 - [TEST_CASE][PASSED] - Test Cases/mobileWeb/_include/census_hbi: Test Cases/mobileWeb/_include/census_hbi

2019-09-19 04:39:55 - [TEST_STEP][PASSED] - click(findTestObject("mobileSanity/Common/side_nav/menu")): Object: 'Object Repository/mobileSanity/Common/side_nav/menu' is clicked on

2019-09-19 04:39:55 - [MESSAGE][PASSED] - Object: 'Object Repository/mobileSanity/Common/side_nav/menu' is clicked on

2019-09-19 04:39:55 - [TEST_STEP][PASSED] - Thread.sleep(3000): null

2019-09-19 04:39:58 - [TEST_STEP][PASSED] - callTestCase(findTestCase("mobileWeb/_include/get_screenshot"), [:], STOP_ON_FAILURE): Call Test Case 'Test Cases/mobileWeb/_include/get_screenshot' successfully

2019-09-19 04:39:58 - [TEST_CASE][PASSED] - Test Cases/mobileWeb/_include/get_screenshot: Test Cases/mobileWeb/_include/get_screenshot

2019-09-19 04:39:58 - [TEST_STEP][PASSED] - takeScreenshot(screenPath + i + ".png"): Taking screenshot successfully

2019-09-19 04:39:59 - [MESSAGE][PASSED] - Taking screenshot successfully
[[ATTACHMENT|D:\\Test\\AgileTest\\Reports\\mobileWeb\\hbi\\20190919_043544\\../Screenshots/iPhone 6/hbi/Core Shield/20190919_043949/1.png]]

2019-09-19 04:39:59 - [TEST_STEP][PASSED] - (internal.GlobalVariable.i++): null

2019-09-19 04:39:59 - [MESSAGE][PASSED] - Call Test Case 'Test Cases/mobileWeb/_include/get_screenshot' successfully

2019-09-19 04:39:59 - [TEST_STEP][PASSED] - click(findTestObject("mobileSanity/Common/side_nav/nav_hbi")): Object: 'Object Repository/mobileSanity/Common/side_nav/nav_hbi' is clicked on

2019-09-19 04:39:59 - [MESSAGE][PASSED] - Object: 'Object Repository/mobileSanity/Common/side_nav/nav_hbi' is clicked on

2019-09-19 04:39:59 - [TEST_STEP][PASSED] - waitForPageLoad(10): Wait for page load successfully

2019-09-19 04:39:59 - [MESSAGE][PASSED] - Wait for page load successfully

2019-09-19 04:39:59 - [TEST_STEP][PASSED] - Thread.sleep(3000): null

2019-09-19 04:40:02 - [TEST_STEP][PASSED] - callTestCase(findTestCase("mobileWeb/_include/get_screenshot"), [:], STOP_ON_FAILURE): Call Test Case 'Test Cases/mobileWeb/_include/get_screenshot' successfully

2019-09-19 04:40:02 - [TEST_CASE][PASSED] - Test Cases/mobileWeb/_include/get_screenshot: Test Cases/mobileWeb/_include/get_screenshot

2019-09-19 04:40:02 - [TEST_STEP][PASSED] - takeScreenshot(screenPath + i + ".png"): Taking screenshot successfully

2019-09-19 04:40:03 - [MESSAGE][PASSED] - Taking screenshot successfully
[[ATTACHMENT|D:\\Test\\AgileTest\\Reports\\mobileWeb\\hbi\\20190919_043544\\../Screenshots/iPhone 6/hbi/Core Shield/20190919_043949/2.png]]

2019-09-19 04:40:03 - [TEST_STEP][PASSED] - (internal.GlobalVariable.i++): null

2019-09-19 04:40:03 - [MESSAGE][PASSED] - Call Test Case 'Test Cases/mobileWeb/_include/get_screenshot' successfully

2019-09-19 04:40:03 - [TEST_STEP][PASSED] - setText(findTestObject("mobileSanity/HBI/census/input_Location_zip-input"), zipcode): Text '35215' is set on object 'Object Repository/mobileSanity/HBI/census/input_Location_zip-input'

2019-09-19 04:40:03 - [MESSAGE][PASSED] - Text '35215' is set on object 'Object Repository/mobileSanity/HBI/census/input_Location_zip-input'

2019-09-19 04:40:03 - [TEST_STEP][PASSED] - Thread.sleep(500): null

2019-09-19 04:40:03 - [TEST_STEP][PASSED] - setText(findTestObject("mobileSanity/HBI/census/input_Date of Birth_dob-0"), "12121980"): Text '12121980' is set on object 'Object Repository/mobileSanity/HBI/census/input_Date of Birth_dob-0'

2019-09-19 04:40:04 - [MESSAGE][PASSED] - Text '12121980' is set on object 'Object Repository/mobileSanity/HBI/census/input_Date of Birth_dob-0'

2019-09-19 04:40:04 - [TEST_STEP][PASSED] - click(findTestObject("mobileSanity/HBI/census/label_Male")): Object: 'Object Repository/mobileSanity/HBI/census/label_Male' is clicked on

2019-09-19 04:40:04 - [MESSAGE][PASSED] - Object: 'Object Repository/mobileSanity/HBI/census/label_Male' is clicked on

2019-09-19 04:40:04 - [TEST_STEP][PASSED] - click(findTestObject("mobileSanity/HBI/census/label_Get a Quote")): Object: 'Object Repository/mobileSanity/HBI/census/label_Get a Quote' is clicked on

2019-09-19 04:40:05 - [MESSAGE][PASSED] - Object: 'Object Repository/mobileSanity/HBI/census/label_Get a Quote' is clicked on

2019-09-19 04:40:05 - [TEST_STEP][PASSED] - waitForPageLoad(20): Wait for page load successfully

2019-09-19 04:40:05 - [MESSAGE][PASSED] - Wait for page load successfully

2019-09-19 04:40:05 - [TEST_STEP][PASSED] - Thread.sleep(3000): null

2019-09-19 04:40:08 - [TEST_STEP][PASSED] - callTestCase(findTestCase("mobileWeb/_include/get_screenshot"), [:], STOP_ON_FAILURE): Call Test Case 'Test Cases/mobileWeb/_include/get_screenshot' successfully

2019-09-19 04:40:08 - [TEST_CASE][PASSED] - Test Cases/mobileWeb/_include/get_screenshot: Test Cases/mobileWeb/_include/get_screenshot

2019-09-19 04:40:08 - [TEST_STEP][PASSED] - takeScreenshot(screenPath + i + ".png"): Taking screenshot successfully

2019-09-19 04:40:08 - [MESSAGE][PASSED] - Taking screenshot successfully
[[ATTACHMENT|D:\\Test\\AgileTest\\Reports\\mobileWeb\\hbi\\20190919_043544\\../Screenshots/iPhone 6/hbi/Core Shield/20190919_043949/3.png]]

2019-09-19 04:40:08 - [TEST_STEP][PASSED] - (internal.GlobalVariable.i++): null

2019-09-19 04:40:08 - [MESSAGE][PASSED] - Call Test Case 'Test Cases/mobileWeb/_include/get_screenshot' successfully

2019-09-19 04:40:08 - [MESSAGE][PASSED] - Call Test Case 'Test Cases/mobileWeb/_include/census_hbi' successfully

2019-09-19 04:40:08 - [TEST_STEP][PASSED] - Thread.sleep(5000): null

2019-09-19 04:40:13 - [TEST_STEP][PASSED] - scrollToPosition(200, 2300): Browser is scrolled to position x = 200, y = 2300

2019-09-19 04:40:13 - [MESSAGE][PASSED] - Browser is scrolled to position x = 200, y = 2300

2019-09-19 04:40:13 - [TEST_STEP][PASSED] - click(findTestObject("mobileSanity/HBI/quote/a_Core Shield")): Object: 'Object Repository/mobileSanity/HBI/quote/a_Core Shield' is clicked on

2019-09-19 04:40:14 - [MESSAGE][PASSED] - Object: 'Object Repository/mobileSanity/HBI/quote/a_Core Shield' is clicked on

2019-09-19 04:40:14 - [TEST_STEP][PASSED] - waitForPageLoad(20): Wait for page load successfully

2019-09-19 04:40:14 - [MESSAGE][PASSED] - Wait for page load successfully

2019-09-19 04:40:14 - [TEST_STEP][PASSED] - callTestCase(findTestCase("mobileWeb/_include/get_screenshot"), [:], STOP_ON_FAILURE): Call Test Case 'Test Cases/mobileWeb/_include/get_screenshot' successfully

2019-09-19 04:40:14 - [TEST_CASE][PASSED] - Test Cases/mobileWeb/_include/get_screenshot: Test Cases/mobileWeb/_include/get_screenshot

2019-09-19 04:40:14 - [TEST_STEP][PASSED] - takeScreenshot(screenPath + i + ".png"): Taking screenshot successfully

2019-09-19 04:40:15 - [MESSAGE][PASSED] - Taking screenshot successfully
[[ATTACHMENT|D:\\Test\\AgileTest\\Reports\\mobileWeb\\hbi\\20190919_043544\\../Screenshots/iPhone 6/hbi/Core Shield/20190919_043949/4.png]]

2019-09-19 04:40:15 - [TEST_STEP][PASSED] - (internal.GlobalVariable.i++): null

2019-09-19 04:40:15 - [MESSAGE][PASSED] - Call Test Case 'Test Cases/mobileWeb/_include/get_screenshot' successfully

2019-09-19 04:40:15 - [TEST_STEP][PASSED] - click(findTestObject("mobileSanity/HBI/detail/a_Apply for This Plan")): Object: 'Object Repository/mobileSanity/HBI/detail/a_Apply for This Plan' is clicked on

2019-09-19 04:40:16 - [MESSAGE][PASSED] - Object: 'Object Repository/mobileSanity/HBI/detail/a_Apply for This Plan' is clicked on

2019-09-19 04:40:16 - [TEST_STEP][PASSED] - waitForPageLoad(20): Wait for page load successfully

2019-09-19 04:40:16 - [MESSAGE][PASSED] - Wait for page load successfully

2019-09-19 04:40:16 - [TEST_STEP][PASSED] - callTestCase(findTestCase("mobileWeb/_include/get_screenshot"), [:], STOP_ON_FAILURE): Call Test Case 'Test Cases/mobileWeb/_include/get_screenshot' successfully

2019-09-19 04:40:16 - [TEST_CASE][PASSED] - Test Cases/mobileWeb/_include/get_screenshot: Test Cases/mobileWeb/_include/get_screenshot

2019-09-19 04:40:16 - [TEST_STEP][PASSED] - takeScreenshot(screenPath + i + ".png"): Taking screenshot successfully

2019-09-19 04:40:16 - [MESSAGE][PASSED] - Taking screenshot successfully
[[ATTACHMENT|D:\\Test\\AgileTest\\Reports\\mobileWeb\\hbi\\20190919_043544\\../Screenshots/iPhone 6/hbi/Core Shield/20190919_043949/5.png]]

2019-09-19 04:40:16 - [TEST_STEP][PASSED] - (internal.GlobalVariable.i++): null

2019-09-19 04:40:16 - [MESSAGE][PASSED] - Call Test Case 'Test Cases/mobileWeb/_include/get_screenshot' successfully

2019-09-19 04:40:16 - [TEST_STEP][PASSED] - click(findTestObject("mobileSanity/HBI/Page_Apply/span_Start Secure Application")): Object: 'Object Repository/mobileSanity/HBI/Page_Apply/span_Start Secure Application' is clicked on

2019-09-19 04:40:17 - [MESSAGE][PASSED] - Object: 'Object Repository/mobileSanity/HBI/Page_Apply/span_Start Secure Application' is clicked on

2019-09-19 04:40:17 - [TEST_STEP][PASSED] - waitForPageLoad(20): Wait for page load successfully

2019-09-19 04:40:17 - [MESSAGE][PASSED] - Wait for page load successfully

2019-09-19 04:40:17 - [TEST_STEP][PASSED] - Thread.sleep(5000): null

2019-09-19 04:40:22 - [TEST_STEP][PASSED] - callTestCase(findTestCase("mobileWeb/_include/get_screenshot"), [:], STOP_ON_FAILURE): Call Test Case 'Test Cases/mobileWeb/_include/get_screenshot' successfully

2019-09-19 04:40:22 - [TEST_CASE][PASSED] - Test Cases/mobileWeb/_include/get_screenshot: Test Cases/mobileWeb/_include/get_screenshot

2019-09-19 04:40:22 - [TEST_STEP][PASSED] - takeScreenshot(screenPath + i + ".png"): Taking screenshot successfully

2019-09-19 04:40:22 - [MESSAGE][PASSED] - Taking screenshot successfully
[[ATTACHMENT|D:\\Test\\AgileTest\\Reports\\mobileWeb\\hbi\\20190919_043544\\../Screenshots/iPhone 6/hbi/Core Shield/20190919_043949/6.png]]

2019-09-19 04:40:22 - [TEST_STEP][PASSED] - (internal.GlobalVariable.i++): null

2019-09-19 04:40:22 - [MESSAGE][PASSED] - Call Test Case 'Test Cases/mobileWeb/_include/get_screenshot' successfully

2019-09-19 04:40:22 - [TEST_STEP][PASSED] - callTestCase(findTestCase("mobileWeb/_include/goToEnd_hbi"), ["carrier":"coreshield"], CONTINUE_ON_FAILURE): Call Test Case 'Test Cases/mobileWeb/_include/goToEnd_hbi' successfully

2019-09-19 04:40:22 - [TEST_CASE][PASSED] - Test Cases/mobileWeb/_include/goToEnd_hbi: Test Cases/mobileWeb/_include/goToEnd_hbi

2019-09-19 04:40:23 - [TEST_STEP][PASSED] - if (state == "ca"): null

2019-09-19 04:40:23 - [TEST_STEP][PASSED] - callTestCase(findTestCase("mobileWeb/_include/name"), [:], CONTINUE_ON_FAILURE): Call Test Case 'Test Cases/mobileWeb/_include/name' successfully

2019-09-19 04:40:23 - [TEST_CASE][PASSED] - Test Cases/mobileWeb/_include/name: Test Cases/mobileWeb/_include/name

2019-09-19 04:40:23 - [TEST_STEP][PASSED] - driver = getWebDriver(): null

2019-09-19 04:40:23 - [TEST_STEP][PASSED] - selenium = new com.thoughtworks.selenium.webdriven.WebDriverBackedSelenium(driver, internal.GlobalVariable.ENV): null

2019-09-19 04:40:23 - [TEST_STEP][PASSED] - FirstName = "Test-123": null

2019-09-19 04:40:23 - [TEST_STEP][PASSED] - LastName = selenium.getEval("{var x="ABCDEFGHIJKLMNOPQRSTUVWXYZabcdefghijklmnopqrstuvwxyz"; var tmp="ZZ11-"; for (i=0;i<8;i++) tmp+=x.charAt(Math.ceil(51*Math.random()));tmp;}"): null

2019-09-19 04:40:23 - [TEST_STEP][PASSED] - Address = selenium.getEval("{var x="ABCDEFGHIJKLMNOPQRSTUVWXYZabcdefghijklmnopqrstuvwxyz"; var tmp=""; for (i=0;i<8;i++) tmp+=x.charAt(Math.ceil(51*Math.random()));tmp;}"): null

2019-09-19 04:40:23 - [TEST_STEP][PASSED] - City = selenium.getEval("{var x="ABCDEFGHIJKLMNOPQRSTUVWXYZabcdefghijklmnopqrstuvwxyz"; var tmp=""; for (i=0;i<8;i++) tmp+=x.charAt(Math.ceil(51*Math.random()));tmp;}"): null

2019-09-19 04:40:23 - [TEST_STEP][PASSED] - tel1 = selenium.getEval("{var x="123456789"; var tmp=""; for (i=0;i<3;i++) tmp+=x.charAt(Math.ceil(8*Math.random()));tmp;}"): null

2019-09-19 04:40:23 - [TEST_STEP][PASSED] - tel2 = selenium.getEval("{var x="123456789"; var tmp=""; for (i=0;i<3;i++) tmp+=x.charAt(Math.ceil(8*Math.random()));tmp;}"): null

2019-09-19 04:40:23 - [TEST_STEP][PASSED] - tel3 = selenium.getEval("{var x="123456789"; var tmp=""; for (i=0;i<4;i++) tmp+=x.charAt(Math.ceil(8*Math.random()));tmp;}"): null

2019-09-19 04:40:23 - [TEST_STEP][PASSED] - Tel = selenium.getExpression(tel1 + "-" + tel2 + "-" + tel3): null

2019-09-19 04:40:23 - [TEST_STEP][PASSED] - AutoEmail = selenium.getEval("{var x="ABCDEFGHIJKLMNOPQRSTUVWXYZabcdefghijklmnopqrstuvwxyz"; var tmp="test."; for (i=0;i<8;i++) tmp+=x.charAt(Math.ceil(51*Math.random()));tmp+="@suryani.cn";}"): null

2019-09-19 04:40:23 - [TEST_STEP][PASSED] - FirstName = FirstName: null

2019-09-19 04:40:23 - [TEST_STEP][PASSED] - LastName = LastName: null

2019-09-19 04:40:23 - [TEST_STEP][PASSED] - Address = Address: null

2019-09-19 04:40:23 - [TEST_STEP][PASSED] - City = City: null

2019-09-19 04:40:23 - [TEST_STEP][PASSED] - Tel = Tel: null

2019-09-19 04:40:23 - [TEST_STEP][PASSED] - AutoEmail = AutoEmail: null

2019-09-19 04:40:23 - [TEST_STEP][PASSED] - println(FirstName): null

2019-09-19 04:40:23 - [TEST_STEP][PASSED] - println(LastName): null

2019-09-19 04:40:23 - [TEST_STEP][PASSED] - println(Address): null

2019-09-19 04:40:23 - [TEST_STEP][PASSED] - println(City): null

2019-09-19 04:40:23 - [TEST_STEP][PASSED] - println(Tel): null

2019-09-19 04:40:23 - [TEST_STEP][PASSED] - println(AutoEmail): null

2019-09-19 04:40:23 - [MESSAGE][PASSED] - Call Test Case 'Test Cases/mobileWeb/_include/name' successfully

2019-09-19 04:40:23 - [TEST_STEP][PASSED] - setText(findTestObject("mobileSanity/HBI/Page_App Page 1/input__member-P-1-firstName"), FirstName): Text 'Test-123' is set on object 'Object Repository/mobileSanity/HBI/Page_App Page 1/input__member-P-1-firstName'

2019-09-19 04:40:23 - [MESSAGE][PASSED] - Text 'Test-123' is set on object 'Object Repository/mobileSanity/HBI/Page_App Page 1/input__member-P-1-firstName'

2019-09-19 04:40:23 - [TEST_STEP][PASSED] - setText(findTestObject("mobileSanity/HBI/Page_App Page 1/input__member-P-1-lastName"), LastName): Text 'ZZ11-XasxrOZP' is set on object 'Object Repository/mobileSanity/HBI/Page_App Page 1/input__member-P-1-lastName'

2019-09-19 04:40:23 - [MESSAGE][PASSED] - Text 'ZZ11-XasxrOZP' is set on object 'Object Repository/mobileSanity/HBI/Page_App Page 1/input__member-P-1-lastName'

2019-09-19 04:40:23 - [TEST_STEP][PASSED] - if (carrier == "agileone" || carrier == "agilesecure"): null

2019-09-19 04:40:23 - [TEST_STEP][PASSED] - setText(findTestObject("mobileSanity/HBI/Page_App Page 1/input__address"), Address): Text 'RzOWjFHG' is set on object 'Object Repository/mobileSanity/HBI/Page_App Page 1/input__address'

2019-09-19 04:40:23 - [MESSAGE][PASSED] - Text 'RzOWjFHG' is set on object 'Object Repository/mobileSanity/HBI/Page_App Page 1/input__address'

2019-09-19 04:40:23 - [TEST_STEP][PASSED] - setText(findTestObject("mobileSanity/HBI/Page_App Page 1/input__city"), City): Text 'PIGqsfkK' is set on object 'Object Repository/mobileSanity/HBI/Page_App Page 1/input__city'

2019-09-19 04:40:23 - [MESSAGE][PASSED] - Text 'PIGqsfkK' is set on object 'Object Repository/mobileSanity/HBI/Page_App Page 1/input__city'

2019-09-19 04:40:23 - [TEST_STEP][PASSED] - setText(findTestObject("mobileSanity/HBI/Page_App Page 1/input__email"), AutoEmail): Text 'test.XuvZeLzL@suryani.cn' is set on object 'Object Repository/mobileSanity/HBI/Page_App Page 1/input__email'

2019-09-19 04:40:24 - [MESSAGE][PASSED] - Text 'test.XuvZeLzL@suryani.cn' is set on object 'Object Repository/mobileSanity/HBI/Page_App Page 1/input__email'

2019-09-19 04:40:24 - [TEST_STEP][PASSED] - setText(findTestObject("mobileSanity/HBI/Page_App Page 1/input_tel"), Tel): Text '469-832-9992' is set on object 'Object Repository/mobileSanity/HBI/Page_App Page 1/input_tel'

2019-09-19 04:40:24 - [MESSAGE][PASSED] - Text '469-832-9992' is set on object 'Object Repository/mobileSanity/HBI/Page_App Page 1/input_tel'

2019-09-19 04:40:24 - [TEST_STEP][PASSED] - click(findTestObject("mobileSanity/HBI/Page_App Page 1/a_Continue to Step 2 - Payment")): Object: 'Object Repository/mobileSanity/HBI/Page_App Page 1/a_Continue to Step 2 - Payment' is clicked on

2019-09-19 04:40:24 - [MESSAGE][PASSED] - Object: 'Object Repository/mobileSanity/HBI/Page_App Page 1/a_Continue to Step 2 - Payment' is clicked on

2019-09-19 04:40:24 - [TEST_STEP][PASSED] - waitForPageLoad(20): Wait for page load successfully

2019-09-19 04:40:24 - [MESSAGE][PASSED] - Wait for page load successfully

2019-09-19 04:40:24 - [TEST_STEP][PASSED] - Thread.sleep(2000): null

2019-09-19 04:40:26 - [TEST_STEP][PASSED] - waitForElementVisible(findTestObject("mobileSanity/HBI/Page_App Page 2/input__credit-card-first"), 20): Object 'Object Repository/mobileSanity/HBI/Page_App Page 2/input__credit-card-first' is visible

2019-09-19 04:40:26 - [MESSAGE][PASSED] - Object 'Object Repository/mobileSanity/HBI/Page_App Page 2/input__credit-card-first' is visible

2019-09-19 04:40:26 - [TEST_STEP][PASSED] - callTestCase(findTestCase("mobileWeb/_include/get_screenshot"), [:], STOP_ON_FAILURE): Call Test Case 'Test Cases/mobileWeb/_include/get_screenshot' successfully

2019-09-19 04:40:26 - [TEST_CASE][PASSED] - Test Cases/mobileWeb/_include/get_screenshot: Test Cases/mobileWeb/_include/get_screenshot

2019-09-19 04:40:26 - [TEST_STEP][PASSED] - takeScreenshot(screenPath + i + ".png"): Taking screenshot successfully

2019-09-19 04:40:27 - [MESSAGE][PASSED] - Taking screenshot successfully
[[ATTACHMENT|D:\\Test\\AgileTest\\Reports\\mobileWeb\\hbi\\20190919_043544\\../Screenshots/iPhone 6/hbi/Core Shield/20190919_043949/7.png]]

2019-09-19 04:40:27 - [TEST_STEP][PASSED] - (internal.GlobalVariable.i++): null

2019-09-19 04:40:27 - [MESSAGE][PASSED] - Call Test Case 'Test Cases/mobileWeb/_include/get_screenshot' successfully

2019-09-19 04:40:27 - [TEST_STEP][PASSED] - setText(findTestObject("mobileSanity/HBI/Page_App Page 2/input__credit-card-first"), FirstName): Text 'Test-123' is set on object 'Object Repository/mobileSanity/HBI/Page_App Page 2/input__credit-card-first'

2019-09-19 04:40:27 - [MESSAGE][PASSED] - Text 'Test-123' is set on object 'Object Repository/mobileSanity/HBI/Page_App Page 2/input__credit-card-first'

2019-09-19 04:40:27 - [TEST_STEP][PASSED] - setText(findTestObject("mobileSanity/HBI/Page_App Page 2/input__credit-card-last"), LastName): Text 'ZZ11-XasxrOZP' is set on object 'Object Repository/mobileSanity/HBI/Page_App Page 2/input__credit-card-last'

2019-09-19 04:40:27 - [MESSAGE][PASSED] - Text 'ZZ11-XasxrOZP' is set on object 'Object Repository/mobileSanity/HBI/Page_App Page 2/input__credit-card-last'

2019-09-19 04:40:27 - [TEST_STEP][PASSED] - selectOptionByValue(findTestObject("mobileSanity/HBI/Page_App Page 2/select_MM010203040506070809101"), "12", true): All options with value '12' are selected in object 'Object Repository/mobileSanity/HBI/Page_App Page 2/select_MM010203040506070809101'  using regular expression

2019-09-19 04:40:27 - [MESSAGE][PASSED] - All options with value '12' are selected in object 'Object Repository/mobileSanity/HBI/Page_App Page 2/select_MM010203040506070809101'  using regular expression

2019-09-19 04:40:27 - [TEST_STEP][PASSED] - selectOptionByValue(findTestObject("mobileSanity/HBI/Page_App Page 2/select_YYYY2019202020212022202"), "2026", true): All options with value '2026' are selected in object 'Object Repository/mobileSanity/HBI/Page_App Page 2/select_YYYY2019202020212022202'  using regular expression

2019-09-19 04:40:28 - [MESSAGE][PASSED] - All options with value '2026' are selected in object 'Object Repository/mobileSanity/HBI/Page_App Page 2/select_YYYY2019202020212022202'  using regular expression

2019-09-19 04:40:28 - [TEST_STEP][PASSED] - setText(findTestObject("mobileSanity/HBI/Page_App Page 2/input__credit-card-number"), "4111111111111111"): Text '4111111111111111' is set on object 'Object Repository/mobileSanity/HBI/Page_App Page 2/input__credit-card-number'

2019-09-19 04:40:28 - [MESSAGE][PASSED] - Text '4111111111111111' is set on object 'Object Repository/mobileSanity/HBI/Page_App Page 2/input__credit-card-number'

2019-09-19 04:40:28 - [TEST_STEP][PASSED] - setText(findTestObject("mobileSanity/HBI/Page_App Page 2/input__cvv"), "123"): Text '123' is set on object 'Object Repository/mobileSanity/HBI/Page_App Page 2/input__cvv'

2019-09-19 04:40:28 - [MESSAGE][PASSED] - Text '123' is set on object 'Object Repository/mobileSanity/HBI/Page_App Page 2/input__cvv'

2019-09-19 04:40:28 - [TEST_STEP][PASSED] - click(findTestObject("mobileSanity/HBI/Page_App Page 2/label_My billing address is th")): Object: 'Object Repository/mobileSanity/HBI/Page_App Page 2/label_My billing address is th' is clicked on

2019-09-19 04:40:28 - [MESSAGE][PASSED] - Object: 'Object Repository/mobileSanity/HBI/Page_App Page 2/label_My billing address is th' is clicked on

2019-09-19 04:40:28 - [TEST_STEP][PASSED] - click(findTestObject("mobileSanity/HBI/Page_App Page 2/label_I Accept Authorization f")): Object: 'Object Repository/mobileSanity/HBI/Page_App Page 2/label_I Accept Authorization f' is clicked on

2019-09-19 04:40:28 - [MESSAGE][PASSED] - Object: 'Object Repository/mobileSanity/HBI/Page_App Page 2/label_I Accept Authorization f' is clicked on

2019-09-19 04:40:28 - [TEST_STEP][PASSED] - click(findTestObject("mobileSanity/HBI/Page_App Page 2/a_Continue to Step 3 - Review")): Object: 'Object Repository/mobileSanity/HBI/Page_App Page 2/a_Continue to Step 3 - Review' is clicked on

2019-09-19 04:40:28 - [MESSAGE][PASSED] - Object: 'Object Repository/mobileSanity/HBI/Page_App Page 2/a_Continue to Step 3 - Review' is clicked on

2019-09-19 04:40:28 - [TEST_STEP][PASSED] - waitForPageLoad(20): Wait for page load successfully

2019-09-19 04:40:28 - [MESSAGE][PASSED] - Wait for page load successfully

2019-09-19 04:40:28 - [TEST_STEP][PASSED] - Thread.sleep(10000): null

2019-09-19 04:40:38 - [TEST_STEP][PASSED] - waitForElementPresent(findTestObject("mobileSanity/HBI/Page_App Page 3/label"), 20): Object 'Object Repository/mobileSanity/HBI/Page_App Page 3/label' is present

2019-09-19 04:40:39 - [MESSAGE][PASSED] - Object 'Object Repository/mobileSanity/HBI/Page_App Page 3/label' is present

2019-09-19 04:40:39 - [TEST_STEP][PASSED] - callTestCase(findTestCase("mobileWeb/_include/get_screenshot"), [:], STOP_ON_FAILURE): Call Test Case 'Test Cases/mobileWeb/_include/get_screenshot' successfully

2019-09-19 04:40:39 - [TEST_CASE][PASSED] - Test Cases/mobileWeb/_include/get_screenshot: Test Cases/mobileWeb/_include/get_screenshot

2019-09-19 04:40:39 - [TEST_STEP][PASSED] - takeScreenshot(screenPath + i + ".png"): Taking screenshot successfully

2019-09-19 04:40:39 - [MESSAGE][PASSED] - Taking screenshot successfully
[[ATTACHMENT|D:\\Test\\AgileTest\\Reports\\mobileWeb\\hbi\\20190919_043544\\../Screenshots/iPhone 6/hbi/Core Shield/20190919_043949/8.png]]

2019-09-19 04:40:39 - [TEST_STEP][PASSED] - (internal.GlobalVariable.i++): null

2019-09-19 04:40:39 - [MESSAGE][PASSED] - Call Test Case 'Test Cases/mobileWeb/_include/get_screenshot' successfully

2019-09-19 04:40:39 - [TEST_STEP][PASSED] - click(findTestObject("mobileSanity/HBI/Page_App Page 3/label")): Object: 'Object Repository/mobileSanity/HBI/Page_App Page 3/label' is clicked on

2019-09-19 04:40:39 - [MESSAGE][PASSED] - Object: 'Object Repository/mobileSanity/HBI/Page_App Page 3/label' is clicked on

2019-09-19 04:40:39 - [TEST_STEP][PASSED] - click(findTestObject("mobileSanity/HBI/Page_App Page 3/p_CLICK TO SIGN")): Object: 'Object Repository/mobileSanity/HBI/Page_App Page 3/p_CLICK TO SIGN' is clicked on

2019-09-19 04:40:39 - [MESSAGE][PASSED] - Object: 'Object Repository/mobileSanity/HBI/Page_App Page 3/p_CLICK TO SIGN' is clicked on

2019-09-19 04:40:39 - [TEST_STEP][PASSED] - click(findTestObject("mobileSanity/HBI/Page_App Page 3/a_Submit Your Application")): Object: 'Object Repository/mobileSanity/HBI/Page_App Page 3/a_Submit Your Application' is clicked on

2019-09-19 04:40:40 - [MESSAGE][PASSED] - Object: 'Object Repository/mobileSanity/HBI/Page_App Page 3/a_Submit Your Application' is clicked on

2019-09-19 04:40:40 - [TEST_STEP][PASSED] - Thread.sleep(30000): null

2019-09-19 04:41:10 - [TEST_STEP][PASSED] - callTestCase(findTestCase("mobileWeb/_include/get_screenshot"), [:], STOP_ON_FAILURE): Call Test Case 'Test Cases/mobileWeb/_include/get_screenshot' successfully

2019-09-19 04:41:10 - [TEST_CASE][PASSED] - Test Cases/mobileWeb/_include/get_screenshot: Test Cases/mobileWeb/_include/get_screenshot

2019-09-19 04:41:10 - [TEST_STEP][PASSED] - takeScreenshot(screenPath + i + ".png"): Taking screenshot successfully

2019-09-19 04:41:10 - [MESSAGE][PASSED] - Taking screenshot successfully
[[ATTACHMENT|D:\\Test\\AgileTest\\Reports\\mobileWeb\\hbi\\20190919_043544\\../Screenshots/iPhone 6/hbi/Core Shield/20190919_043949/9.png]]

2019-09-19 04:41:10 - [TEST_STEP][PASSED] - (internal.GlobalVariable.i++): null

2019-09-19 04:41:10 - [MESSAGE][PASSED] - Call Test Case 'Test Cases/mobileWeb/_include/get_screenshot' successfully

2019-09-19 04:41:10 - [TEST_STEP][PASSED] - verifyTextPresent("Congratulations", false): Text 'Congratulations' is present on page 

2019-09-19 04:41:10 - [MESSAGE][PASSED] - Text 'Congratulations' is present on page 

2019-09-19 04:41:10 - [MESSAGE][PASSED] - Call Test Case 'Test Cases/mobileWeb/_include/goToEnd_hbi' successfully]]></system-out>
         <system-err><![CDATA[]]></system-err>
      </testcase>
      <testcase name="Test Cases/mobileWeb/HBI/Agile Secure" classname="Test Cases/mobileWeb/HBI/Agile Secure" status="PASSED">
         <system-out><![CDATA[2019-09-19 04:41:10 - [TEST_CASE][PASSED] - Test Cases/mobileWeb/HBI/Agile Secure: Test Cases/mobileWeb/HBI/Agile Secure

2019-09-19 04:41:10 - [TEST_STEP][PASSED] - callTestCase(findTestCase("mobileWeb/_include/get_screenPath"), ["productLine":"hbi", "carrierName":"Agile Secure"], CONTINUE_ON_FAILURE): Call Test Case 'Test Cases/mobileWeb/_include/get_screenPath' successfully

2019-09-19 04:41:11 - [TEST_CASE][PASSED] - Test Cases/mobileWeb/_include/get_screenPath: Test Cases/mobileWeb/_include/get_screenPath

2019-09-19 04:41:11 - [TEST_STEP][PASSED] - m = getExecutionProperties(): null

2019-09-19 04:41:11 - [TEST_STEP][PASSED] - deviceName = get("mobileEmulation").get("deviceName"): null

2019-09-19 04:41:11 - [TEST_STEP][PASSED] - println(deviceName): null

2019-09-19 04:41:11 - [TEST_STEP][PASSED] - now = new java.util.Date(): null

2019-09-19 04:41:11 - [TEST_STEP][PASSED] - mydate = now.format("yyyyMMdd_HHmmss"): null

2019-09-19 04:41:11 - [TEST_STEP][PASSED] - screenPath = "../Screenshots/": null

2019-09-19 04:41:11 - [TEST_STEP][PASSED] - screenPath = screenPath + deviceName + "/" + productLine + "/" + carrierName + "/" + mydate + "/": null

2019-09-19 04:41:11 - [TEST_STEP][PASSED] - println(screenPath): null

2019-09-19 04:41:11 - [MESSAGE][PASSED] - Call Test Case 'Test Cases/mobileWeb/_include/get_screenPath' successfully

2019-09-19 04:41:11 - [TEST_STEP][PASSED] - i = 0: null

2019-09-19 04:41:11 - [TEST_STEP][PASSED] - callTestCase(findTestCase("mobileWeb/_include/openWebSite"), [:], CONTINUE_ON_FAILURE): Call Test Case 'Test Cases/mobileWeb/_include/openWebSite' successfully

2019-09-19 04:41:11 - [TEST_CASE][PASSED] - Test Cases/mobileWeb/_include/openWebSite: Test Cases/mobileWeb/_include/openWebSite

2019-09-19 04:41:11 - [TEST_STEP][PASSED] - openBrowser(env): Browser is opened with url: 'https://praetemptatus.agilehealthinsurance.com'

2019-09-19 04:41:11 - [MESSAGE][WARNING] - A browser is already opened. Closing browser and opening a new one

2019-09-19 04:41:11 - [MESSAGE][INFO] - Starting 'Chrome' driver

2019-09-19 04:41:11 - [MESSAGE][INFO] - User set preference: ['mobileEmulation', '{deviceName=iPhone 6}']

2019-09-19 04:41:11 - [MESSAGE][INFO] - User set preference: ['args', '[--incognito, --aggressive-cache-discard, --window-size=375,677, --no-sandbox]']

2019-09-19 04:41:13 - [MESSAGE][PASSED] - Browser is opened with url: 'https://praetemptatus.agilehealthinsurance.com'

2019-09-19 04:41:13 - [TEST_STEP][PASSED] - waitForPageLoad(20): Wait for page load successfully

2019-09-19 04:41:13 - [MESSAGE][PASSED] - Wait for page load successfully

2019-09-19 04:41:13 - [TEST_STEP][PASSED] - Thread.sleep(2000): null

2019-09-19 04:41:15 - [TEST_STEP][PASSED] - callTestCase(findTestCase("mobileWeb/_include/get_screenshot"), [:], STOP_ON_FAILURE): Call Test Case 'Test Cases/mobileWeb/_include/get_screenshot' successfully

2019-09-19 04:41:15 - [TEST_CASE][PASSED] - Test Cases/mobileWeb/_include/get_screenshot: Test Cases/mobileWeb/_include/get_screenshot

2019-09-19 04:41:15 - [TEST_STEP][PASSED] - takeScreenshot(screenPath + i + ".png"): Taking screenshot successfully

2019-09-19 04:41:16 - [MESSAGE][PASSED] - Taking screenshot successfully
[[ATTACHMENT|D:\\Test\\AgileTest\\Reports\\mobileWeb\\hbi\\20190919_043544\\../Screenshots/iPhone 6/hbi/Agile Secure/20190919_044111/0.png]]

2019-09-19 04:41:16 - [TEST_STEP][PASSED] - (internal.GlobalVariable.i++): null

2019-09-19 04:41:16 - [MESSAGE][PASSED] - Call Test Case 'Test Cases/mobileWeb/_include/get_screenshot' successfully

2019-09-19 04:41:16 - [MESSAGE][PASSED] - Call Test Case 'Test Cases/mobileWeb/_include/openWebSite' successfully

2019-09-19 04:41:16 - [TEST_STEP][PASSED] - callTestCase(findTestCase("mobileWeb/_include/census_hbi"), ["zipcode":"08701"], CONTINUE_ON_FAILURE): Call Test Case 'Test Cases/mobileWeb/_include/census_hbi' successfully

2019-09-19 04:41:16 - [TEST_CASE][PASSED] - Test Cases/mobileWeb/_include/census_hbi: Test Cases/mobileWeb/_include/census_hbi

2019-09-19 04:41:16 - [TEST_STEP][PASSED] - click(findTestObject("mobileSanity/Common/side_nav/menu")): Object: 'Object Repository/mobileSanity/Common/side_nav/menu' is clicked on

2019-09-19 04:41:16 - [MESSAGE][PASSED] - Object: 'Object Repository/mobileSanity/Common/side_nav/menu' is clicked on

2019-09-19 04:41:16 - [TEST_STEP][PASSED] - Thread.sleep(3000): null

2019-09-19 04:41:19 - [TEST_STEP][PASSED] - callTestCase(findTestCase("mobileWeb/_include/get_screenshot"), [:], STOP_ON_FAILURE): Call Test Case 'Test Cases/mobileWeb/_include/get_screenshot' successfully

2019-09-19 04:41:19 - [TEST_CASE][PASSED] - Test Cases/mobileWeb/_include/get_screenshot: Test Cases/mobileWeb/_include/get_screenshot

2019-09-19 04:41:19 - [TEST_STEP][PASSED] - takeScreenshot(screenPath + i + ".png"): Taking screenshot successfully

2019-09-19 04:41:19 - [MESSAGE][PASSED] - Taking screenshot successfully
[[ATTACHMENT|D:\\Test\\AgileTest\\Reports\\mobileWeb\\hbi\\20190919_043544\\../Screenshots/iPhone 6/hbi/Agile Secure/20190919_044111/1.png]]

2019-09-19 04:41:19 - [TEST_STEP][PASSED] - (internal.GlobalVariable.i++): null

2019-09-19 04:41:19 - [MESSAGE][PASSED] - Call Test Case 'Test Cases/mobileWeb/_include/get_screenshot' successfully

2019-09-19 04:41:19 - [TEST_STEP][PASSED] - click(findTestObject("mobileSanity/Common/side_nav/nav_hbi")): Object: 'Object Repository/mobileSanity/Common/side_nav/nav_hbi' is clicked on

2019-09-19 04:41:20 - [MESSAGE][PASSED] - Object: 'Object Repository/mobileSanity/Common/side_nav/nav_hbi' is clicked on

2019-09-19 04:41:20 - [TEST_STEP][PASSED] - waitForPageLoad(10): Wait for page load successfully

2019-09-19 04:41:20 - [MESSAGE][PASSED] - Wait for page load successfully

2019-09-19 04:41:20 - [TEST_STEP][PASSED] - Thread.sleep(3000): null

2019-09-19 04:41:23 - [TEST_STEP][PASSED] - callTestCase(findTestCase("mobileWeb/_include/get_screenshot"), [:], STOP_ON_FAILURE): Call Test Case 'Test Cases/mobileWeb/_include/get_screenshot' successfully

2019-09-19 04:41:23 - [TEST_CASE][PASSED] - Test Cases/mobileWeb/_include/get_screenshot: Test Cases/mobileWeb/_include/get_screenshot

2019-09-19 04:41:23 - [TEST_STEP][PASSED] - takeScreenshot(screenPath + i + ".png"): Taking screenshot successfully

2019-09-19 04:41:23 - [MESSAGE][PASSED] - Taking screenshot successfully
[[ATTACHMENT|D:\\Test\\AgileTest\\Reports\\mobileWeb\\hbi\\20190919_043544\\../Screenshots/iPhone 6/hbi/Agile Secure/20190919_044111/2.png]]

2019-09-19 04:41:23 - [TEST_STEP][PASSED] - (internal.GlobalVariable.i++): null

2019-09-19 04:41:23 - [MESSAGE][PASSED] - Call Test Case 'Test Cases/mobileWeb/_include/get_screenshot' successfully

2019-09-19 04:41:23 - [TEST_STEP][PASSED] - setText(findTestObject("mobileSanity/HBI/census/input_Location_zip-input"), zipcode): Text '08701' is set on object 'Object Repository/mobileSanity/HBI/census/input_Location_zip-input'

2019-09-19 04:41:23 - [MESSAGE][PASSED] - Text '08701' is set on object 'Object Repository/mobileSanity/HBI/census/input_Location_zip-input'

2019-09-19 04:41:23 - [TEST_STEP][PASSED] - Thread.sleep(500): null

2019-09-19 04:41:24 - [TEST_STEP][PASSED] - setText(findTestObject("mobileSanity/HBI/census/input_Date of Birth_dob-0"), "12121980"): Text '12121980' is set on object 'Object Repository/mobileSanity/HBI/census/input_Date of Birth_dob-0'

2019-09-19 04:41:24 - [MESSAGE][PASSED] - Text '12121980' is set on object 'Object Repository/mobileSanity/HBI/census/input_Date of Birth_dob-0'

2019-09-19 04:41:24 - [TEST_STEP][PASSED] - click(findTestObject("mobileSanity/HBI/census/label_Male")): Object: 'Object Repository/mobileSanity/HBI/census/label_Male' is clicked on

2019-09-19 04:41:24 - [MESSAGE][PASSED] - Object: 'Object Repository/mobileSanity/HBI/census/label_Male' is clicked on

2019-09-19 04:41:24 - [TEST_STEP][PASSED] - click(findTestObject("mobileSanity/HBI/census/label_Get a Quote")): Object: 'Object Repository/mobileSanity/HBI/census/label_Get a Quote' is clicked on

2019-09-19 04:41:25 - [MESSAGE][PASSED] - Object: 'Object Repository/mobileSanity/HBI/census/label_Get a Quote' is clicked on

2019-09-19 04:41:25 - [TEST_STEP][PASSED] - waitForPageLoad(20): Wait for page load successfully

2019-09-19 04:41:25 - [MESSAGE][PASSED] - Wait for page load successfully

2019-09-19 04:41:25 - [TEST_STEP][PASSED] - Thread.sleep(3000): null

2019-09-19 04:41:28 - [TEST_STEP][PASSED] - callTestCase(findTestCase("mobileWeb/_include/get_screenshot"), [:], STOP_ON_FAILURE): Call Test Case 'Test Cases/mobileWeb/_include/get_screenshot' successfully

2019-09-19 04:41:28 - [TEST_CASE][PASSED] - Test Cases/mobileWeb/_include/get_screenshot: Test Cases/mobileWeb/_include/get_screenshot

2019-09-19 04:41:28 - [TEST_STEP][PASSED] - takeScreenshot(screenPath + i + ".png"): Taking screenshot successfully

2019-09-19 04:41:28 - [MESSAGE][PASSED] - Taking screenshot successfully
[[ATTACHMENT|D:\\Test\\AgileTest\\Reports\\mobileWeb\\hbi\\20190919_043544\\../Screenshots/iPhone 6/hbi/Agile Secure/20190919_044111/3.png]]

2019-09-19 04:41:28 - [TEST_STEP][PASSED] - (internal.GlobalVariable.i++): null

2019-09-19 04:41:28 - [MESSAGE][PASSED] - Call Test Case 'Test Cases/mobileWeb/_include/get_screenshot' successfully

2019-09-19 04:41:28 - [MESSAGE][PASSED] - Call Test Case 'Test Cases/mobileWeb/_include/census_hbi' successfully

2019-09-19 04:41:28 - [TEST_STEP][PASSED] - click(findTestObject("mobileSanity/HBI/detail/a_Apply for This Plan")): Object: 'Object Repository/mobileSanity/HBI/detail/a_Apply for This Plan' is clicked on

2019-09-19 04:41:29 - [MESSAGE][PASSED] - Object: 'Object Repository/mobileSanity/HBI/detail/a_Apply for This Plan' is clicked on

2019-09-19 04:41:29 - [TEST_STEP][PASSED] - waitForPageLoad(20): Wait for page load successfully

2019-09-19 04:41:29 - [MESSAGE][PASSED] - Wait for page load successfully

2019-09-19 04:41:29 - [TEST_STEP][PASSED] - callTestCase(findTestCase("mobileWeb/_include/get_screenshot"), [:], STOP_ON_FAILURE): Call Test Case 'Test Cases/mobileWeb/_include/get_screenshot' successfully

2019-09-19 04:41:29 - [TEST_CASE][PASSED] - Test Cases/mobileWeb/_include/get_screenshot: Test Cases/mobileWeb/_include/get_screenshot

2019-09-19 04:41:29 - [TEST_STEP][PASSED] - takeScreenshot(screenPath + i + ".png"): Taking screenshot successfully

2019-09-19 04:41:30 - [MESSAGE][PASSED] - Taking screenshot successfully
[[ATTACHMENT|D:\\Test\\AgileTest\\Reports\\mobileWeb\\hbi\\20190919_043544\\../Screenshots/iPhone 6/hbi/Agile Secure/20190919_044111/4.png]]

2019-09-19 04:41:30 - [TEST_STEP][PASSED] - (internal.GlobalVariable.i++): null

2019-09-19 04:41:30 - [MESSAGE][PASSED] - Call Test Case 'Test Cases/mobileWeb/_include/get_screenshot' successfully

2019-09-19 04:41:30 - [TEST_STEP][PASSED] - click(findTestObject("mobileSanity/HBI/Page_Apply/span_Start Secure Application")): Object: 'Object Repository/mobileSanity/HBI/Page_Apply/span_Start Secure Application' is clicked on

2019-09-19 04:41:31 - [MESSAGE][PASSED] - Object: 'Object Repository/mobileSanity/HBI/Page_Apply/span_Start Secure Application' is clicked on

2019-09-19 04:41:31 - [TEST_STEP][PASSED] - waitForPageLoad(20): Wait for page load successfully

2019-09-19 04:41:31 - [MESSAGE][PASSED] - Wait for page load successfully

2019-09-19 04:41:31 - [TEST_STEP][PASSED] - Thread.sleep(5000): null

2019-09-19 04:41:36 - [TEST_STEP][PASSED] - callTestCase(findTestCase("mobileWeb/_include/get_screenshot"), [:], STOP_ON_FAILURE): Call Test Case 'Test Cases/mobileWeb/_include/get_screenshot' successfully

2019-09-19 04:41:36 - [TEST_CASE][PASSED] - Test Cases/mobileWeb/_include/get_screenshot: Test Cases/mobileWeb/_include/get_screenshot

2019-09-19 04:41:36 - [TEST_STEP][PASSED] - takeScreenshot(screenPath + i + ".png"): Taking screenshot successfully

2019-09-19 04:41:36 - [MESSAGE][PASSED] - Taking screenshot successfully
[[ATTACHMENT|D:\\Test\\AgileTest\\Reports\\mobileWeb\\hbi\\20190919_043544\\../Screenshots/iPhone 6/hbi/Agile Secure/20190919_044111/5.png]]

2019-09-19 04:41:36 - [TEST_STEP][PASSED] - (internal.GlobalVariable.i++): null

2019-09-19 04:41:36 - [MESSAGE][PASSED] - Call Test Case 'Test Cases/mobileWeb/_include/get_screenshot' successfully

2019-09-19 04:41:36 - [TEST_STEP][PASSED] - callTestCase(findTestCase("mobileWeb/_include/goToEnd_hbi"), ["carrier":"agilesecure"], CONTINUE_ON_FAILURE): Call Test Case 'Test Cases/mobileWeb/_include/goToEnd_hbi' successfully

2019-09-19 04:41:36 - [TEST_CASE][PASSED] - Test Cases/mobileWeb/_include/goToEnd_hbi: Test Cases/mobileWeb/_include/goToEnd_hbi

2019-09-19 04:41:36 - [TEST_STEP][PASSED] - if (state == "ca"): null

2019-09-19 04:41:36 - [TEST_STEP][PASSED] - callTestCase(findTestCase("mobileWeb/_include/name"), [:], CONTINUE_ON_FAILURE): Call Test Case 'Test Cases/mobileWeb/_include/name' successfully

2019-09-19 04:41:36 - [TEST_CASE][PASSED] - Test Cases/mobileWeb/_include/name: Test Cases/mobileWeb/_include/name

2019-09-19 04:41:36 - [TEST_STEP][PASSED] - driver = getWebDriver(): null

2019-09-19 04:41:36 - [TEST_STEP][PASSED] - selenium = new com.thoughtworks.selenium.webdriven.WebDriverBackedSelenium(driver, internal.GlobalVariable.ENV): null

2019-09-19 04:41:37 - [TEST_STEP][PASSED] - FirstName = "Test-123": null

2019-09-19 04:41:37 - [TEST_STEP][PASSED] - LastName = selenium.getEval("{var x="ABCDEFGHIJKLMNOPQRSTUVWXYZabcdefghijklmnopqrstuvwxyz"; var tmp="ZZ11-"; for (i=0;i<8;i++) tmp+=x.charAt(Math.ceil(51*Math.random()));tmp;}"): null

2019-09-19 04:41:37 - [TEST_STEP][PASSED] - Address = selenium.getEval("{var x="ABCDEFGHIJKLMNOPQRSTUVWXYZabcdefghijklmnopqrstuvwxyz"; var tmp=""; for (i=0;i<8;i++) tmp+=x.charAt(Math.ceil(51*Math.random()));tmp;}"): null

2019-09-19 04:41:37 - [TEST_STEP][PASSED] - City = selenium.getEval("{var x="ABCDEFGHIJKLMNOPQRSTUVWXYZabcdefghijklmnopqrstuvwxyz"; var tmp=""; for (i=0;i<8;i++) tmp+=x.charAt(Math.ceil(51*Math.random()));tmp;}"): null

2019-09-19 04:41:37 - [TEST_STEP][PASSED] - tel1 = selenium.getEval("{var x="123456789"; var tmp=""; for (i=0;i<3;i++) tmp+=x.charAt(Math.ceil(8*Math.random()));tmp;}"): null

2019-09-19 04:41:37 - [TEST_STEP][PASSED] - tel2 = selenium.getEval("{var x="123456789"; var tmp=""; for (i=0;i<3;i++) tmp+=x.charAt(Math.ceil(8*Math.random()));tmp;}"): null

2019-09-19 04:41:37 - [TEST_STEP][PASSED] - tel3 = selenium.getEval("{var x="123456789"; var tmp=""; for (i=0;i<4;i++) tmp+=x.charAt(Math.ceil(8*Math.random()));tmp;}"): null

2019-09-19 04:41:37 - [TEST_STEP][PASSED] - Tel = selenium.getExpression(tel1 + "-" + tel2 + "-" + tel3): null

2019-09-19 04:41:37 - [TEST_STEP][PASSED] - AutoEmail = selenium.getEval("{var x="ABCDEFGHIJKLMNOPQRSTUVWXYZabcdefghijklmnopqrstuvwxyz"; var tmp="test."; for (i=0;i<8;i++) tmp+=x.charAt(Math.ceil(51*Math.random()));tmp+="@suryani.cn";}"): null

2019-09-19 04:41:37 - [TEST_STEP][PASSED] - FirstName = FirstName: null

2019-09-19 04:41:37 - [TEST_STEP][PASSED] - LastName = LastName: null

2019-09-19 04:41:37 - [TEST_STEP][PASSED] - Address = Address: null

2019-09-19 04:41:37 - [TEST_STEP][PASSED] - City = City: null

2019-09-19 04:41:37 - [TEST_STEP][PASSED] - Tel = Tel: null

2019-09-19 04:41:37 - [TEST_STEP][PASSED] - AutoEmail = AutoEmail: null

2019-09-19 04:41:37 - [TEST_STEP][PASSED] - println(FirstName): null

2019-09-19 04:41:37 - [TEST_STEP][PASSED] - println(LastName): null

2019-09-19 04:41:37 - [TEST_STEP][PASSED] - println(Address): null

2019-09-19 04:41:37 - [TEST_STEP][PASSED] - println(City): null

2019-09-19 04:41:37 - [TEST_STEP][PASSED] - println(Tel): null

2019-09-19 04:41:37 - [TEST_STEP][PASSED] - println(AutoEmail): null

2019-09-19 04:41:37 - [MESSAGE][PASSED] - Call Test Case 'Test Cases/mobileWeb/_include/name' successfully

2019-09-19 04:41:37 - [TEST_STEP][PASSED] - setText(findTestObject("mobileSanity/HBI/Page_App Page 1/input__member-P-1-firstName"), FirstName): Text 'Test-123' is set on object 'Object Repository/mobileSanity/HBI/Page_App Page 1/input__member-P-1-firstName'

2019-09-19 04:41:37 - [MESSAGE][PASSED] - Text 'Test-123' is set on object 'Object Repository/mobileSanity/HBI/Page_App Page 1/input__member-P-1-firstName'

2019-09-19 04:41:37 - [TEST_STEP][PASSED] - setText(findTestObject("mobileSanity/HBI/Page_App Page 1/input__member-P-1-lastName"), LastName): Text 'ZZ11-yPpBMufy' is set on object 'Object Repository/mobileSanity/HBI/Page_App Page 1/input__member-P-1-lastName'

2019-09-19 04:41:37 - [MESSAGE][PASSED] - Text 'ZZ11-yPpBMufy' is set on object 'Object Repository/mobileSanity/HBI/Page_App Page 1/input__member-P-1-lastName'

2019-09-19 04:41:37 - [TEST_STEP][PASSED] - if (carrier == "agileone" || carrier == "agilesecure"): Text 'test6' is set on object 'Object Repository/mobileSanity/HBI/Page_App Page 1/input__contingent-beneficiary-relationship'

2019-09-19 04:41:37 - [TEST_STEP][PASSED] - setText(findTestObject("mobileSanity/HBI/Page_App Page 1/input__primary-beneficiary-fir"), "test1"): Text 'test1' is set on object 'Object Repository/mobileSanity/HBI/Page_App Page 1/input__primary-beneficiary-fir'

2019-09-19 04:41:37 - [MESSAGE][PASSED] - Text 'test1' is set on object 'Object Repository/mobileSanity/HBI/Page_App Page 1/input__primary-beneficiary-fir'

2019-09-19 04:41:37 - [TEST_STEP][PASSED] - setText(findTestObject("mobileSanity/HBI/Page_App Page 1/input__primary-beneficiary-las"), "test2"): Text 'test2' is set on object 'Object Repository/mobileSanity/HBI/Page_App Page 1/input__primary-beneficiary-las'

2019-09-19 04:41:37 - [MESSAGE][PASSED] - Text 'test2' is set on object 'Object Repository/mobileSanity/HBI/Page_App Page 1/input__primary-beneficiary-las'

2019-09-19 04:41:37 - [TEST_STEP][PASSED] - setText(findTestObject("mobileSanity/HBI/Page_App Page 1/input__primary-beneficiary-rel"), "test3"): Text 'test3' is set on object 'Object Repository/mobileSanity/HBI/Page_App Page 1/input__primary-beneficiary-rel'

2019-09-19 04:41:37 - [MESSAGE][PASSED] - Text 'test3' is set on object 'Object Repository/mobileSanity/HBI/Page_App Page 1/input__primary-beneficiary-rel'

2019-09-19 04:41:37 - [TEST_STEP][PASSED] - setText(findTestObject("mobileSanity/HBI/Page_App Page 1/input__contingent-beneficiary-"), "test4"): Text 'test4' is set on object 'Object Repository/mobileSanity/HBI/Page_App Page 1/input__contingent-beneficiary-'

2019-09-19 04:41:37 - [MESSAGE][PASSED] - Text 'test4' is set on object 'Object Repository/mobileSanity/HBI/Page_App Page 1/input__contingent-beneficiary-'

2019-09-19 04:41:38 - [TEST_STEP][PASSED] - setText(findTestObject("mobileSanity/HBI/Page_App Page 1/input__contingent-beneficiary-_lastname"), "test5"): Text 'test5' is set on object 'Object Repository/mobileSanity/HBI/Page_App Page 1/input__contingent-beneficiary-_lastname'

2019-09-19 04:41:38 - [MESSAGE][PASSED] - Text 'test5' is set on object 'Object Repository/mobileSanity/HBI/Page_App Page 1/input__contingent-beneficiary-_lastname'

2019-09-19 04:41:38 - [TEST_STEP][PASSED] - setText(findTestObject("mobileSanity/HBI/Page_App Page 1/input__contingent-beneficiary-relationship"), "test6"): Text 'test6' is set on object 'Object Repository/mobileSanity/HBI/Page_App Page 1/input__contingent-beneficiary-relationship'

2019-09-19 04:41:38 - [MESSAGE][PASSED] - Text 'test6' is set on object 'Object Repository/mobileSanity/HBI/Page_App Page 1/input__contingent-beneficiary-relationship'

2019-09-19 04:41:38 - [TEST_STEP][PASSED] - setText(findTestObject("mobileSanity/HBI/Page_App Page 1/input__address"), Address): Text 'OvJaqoTv' is set on object 'Object Repository/mobileSanity/HBI/Page_App Page 1/input__address'

2019-09-19 04:41:38 - [MESSAGE][PASSED] - Text 'OvJaqoTv' is set on object 'Object Repository/mobileSanity/HBI/Page_App Page 1/input__address'

2019-09-19 04:41:38 - [TEST_STEP][PASSED] - setText(findTestObject("mobileSanity/HBI/Page_App Page 1/input__city"), City): Text 'hijrdgSi' is set on object 'Object Repository/mobileSanity/HBI/Page_App Page 1/input__city'

2019-09-19 04:41:38 - [MESSAGE][PASSED] - Text 'hijrdgSi' is set on object 'Object Repository/mobileSanity/HBI/Page_App Page 1/input__city'

2019-09-19 04:41:38 - [TEST_STEP][PASSED] - setText(findTestObject("mobileSanity/HBI/Page_App Page 1/input__email"), AutoEmail): Text 'test.glhBiewT@suryani.cn' is set on object 'Object Repository/mobileSanity/HBI/Page_App Page 1/input__email'

2019-09-19 04:41:38 - [MESSAGE][PASSED] - Text 'test.glhBiewT@suryani.cn' is set on object 'Object Repository/mobileSanity/HBI/Page_App Page 1/input__email'

2019-09-19 04:41:38 - [TEST_STEP][PASSED] - setText(findTestObject("mobileSanity/HBI/Page_App Page 1/input_tel"), Tel): Text '775-762-6873' is set on object 'Object Repository/mobileSanity/HBI/Page_App Page 1/input_tel'

2019-09-19 04:41:39 - [MESSAGE][PASSED] - Text '775-762-6873' is set on object 'Object Repository/mobileSanity/HBI/Page_App Page 1/input_tel'

2019-09-19 04:41:39 - [TEST_STEP][PASSED] - click(findTestObject("mobileSanity/HBI/Page_App Page 1/a_Continue to Step 2 - Payment")): Object: 'Object Repository/mobileSanity/HBI/Page_App Page 1/a_Continue to Step 2 - Payment' is clicked on

2019-09-19 04:41:39 - [MESSAGE][PASSED] - Object: 'Object Repository/mobileSanity/HBI/Page_App Page 1/a_Continue to Step 2 - Payment' is clicked on

2019-09-19 04:41:39 - [TEST_STEP][PASSED] - waitForPageLoad(20): Wait for page load successfully

2019-09-19 04:41:39 - [MESSAGE][PASSED] - Wait for page load successfully

2019-09-19 04:41:39 - [TEST_STEP][PASSED] - Thread.sleep(2000): null

2019-09-19 04:41:41 - [TEST_STEP][PASSED] - waitForElementVisible(findTestObject("mobileSanity/HBI/Page_App Page 2/input__credit-card-first"), 20): Object 'Object Repository/mobileSanity/HBI/Page_App Page 2/input__credit-card-first' is visible

2019-09-19 04:41:41 - [MESSAGE][PASSED] - Object 'Object Repository/mobileSanity/HBI/Page_App Page 2/input__credit-card-first' is visible

2019-09-19 04:41:41 - [TEST_STEP][PASSED] - callTestCase(findTestCase("mobileWeb/_include/get_screenshot"), [:], STOP_ON_FAILURE): Call Test Case 'Test Cases/mobileWeb/_include/get_screenshot' successfully

2019-09-19 04:41:41 - [TEST_CASE][PASSED] - Test Cases/mobileWeb/_include/get_screenshot: Test Cases/mobileWeb/_include/get_screenshot

2019-09-19 04:41:41 - [TEST_STEP][PASSED] - takeScreenshot(screenPath + i + ".png"): Taking screenshot successfully

2019-09-19 04:41:41 - [MESSAGE][PASSED] - Taking screenshot successfully
[[ATTACHMENT|D:\\Test\\AgileTest\\Reports\\mobileWeb\\hbi\\20190919_043544\\../Screenshots/iPhone 6/hbi/Agile Secure/20190919_044111/6.png]]

2019-09-19 04:41:41 - [TEST_STEP][PASSED] - (internal.GlobalVariable.i++): null

2019-09-19 04:41:41 - [MESSAGE][PASSED] - Call Test Case 'Test Cases/mobileWeb/_include/get_screenshot' successfully

2019-09-19 04:41:41 - [TEST_STEP][PASSED] - setText(findTestObject("mobileSanity/HBI/Page_App Page 2/input__credit-card-first"), FirstName): Text 'Test-123' is set on object 'Object Repository/mobileSanity/HBI/Page_App Page 2/input__credit-card-first'

2019-09-19 04:41:41 - [MESSAGE][PASSED] - Text 'Test-123' is set on object 'Object Repository/mobileSanity/HBI/Page_App Page 2/input__credit-card-first'

2019-09-19 04:41:41 - [TEST_STEP][PASSED] - setText(findTestObject("mobileSanity/HBI/Page_App Page 2/input__credit-card-last"), LastName): Text 'ZZ11-yPpBMufy' is set on object 'Object Repository/mobileSanity/HBI/Page_App Page 2/input__credit-card-last'

2019-09-19 04:41:42 - [MESSAGE][PASSED] - Text 'ZZ11-yPpBMufy' is set on object 'Object Repository/mobileSanity/HBI/Page_App Page 2/input__credit-card-last'

2019-09-19 04:41:42 - [TEST_STEP][PASSED] - selectOptionByValue(findTestObject("mobileSanity/HBI/Page_App Page 2/select_MM010203040506070809101"), "12", true): All options with value '12' are selected in object 'Object Repository/mobileSanity/HBI/Page_App Page 2/select_MM010203040506070809101'  using regular expression

2019-09-19 04:41:42 - [MESSAGE][PASSED] - All options with value '12' are selected in object 'Object Repository/mobileSanity/HBI/Page_App Page 2/select_MM010203040506070809101'  using regular expression

2019-09-19 04:41:42 - [TEST_STEP][PASSED] - selectOptionByValue(findTestObject("mobileSanity/HBI/Page_App Page 2/select_YYYY2019202020212022202"), "2026", true): All options with value '2026' are selected in object 'Object Repository/mobileSanity/HBI/Page_App Page 2/select_YYYY2019202020212022202'  using regular expression

2019-09-19 04:41:42 - [MESSAGE][PASSED] - All options with value '2026' are selected in object 'Object Repository/mobileSanity/HBI/Page_App Page 2/select_YYYY2019202020212022202'  using regular expression

2019-09-19 04:41:42 - [TEST_STEP][PASSED] - setText(findTestObject("mobileSanity/HBI/Page_App Page 2/input__credit-card-number"), "4111111111111111"): Text '4111111111111111' is set on object 'Object Repository/mobileSanity/HBI/Page_App Page 2/input__credit-card-number'

2019-09-19 04:41:42 - [MESSAGE][PASSED] - Text '4111111111111111' is set on object 'Object Repository/mobileSanity/HBI/Page_App Page 2/input__credit-card-number'

2019-09-19 04:41:42 - [TEST_STEP][PASSED] - setText(findTestObject("mobileSanity/HBI/Page_App Page 2/input__cvv"), "123"): Text '123' is set on object 'Object Repository/mobileSanity/HBI/Page_App Page 2/input__cvv'

2019-09-19 04:41:42 - [MESSAGE][PASSED] - Text '123' is set on object 'Object Repository/mobileSanity/HBI/Page_App Page 2/input__cvv'

2019-09-19 04:41:42 - [TEST_STEP][PASSED] - click(findTestObject("mobileSanity/HBI/Page_App Page 2/label_My billing address is th")): Object: 'Object Repository/mobileSanity/HBI/Page_App Page 2/label_My billing address is th' is clicked on

2019-09-19 04:41:43 - [MESSAGE][PASSED] - Object: 'Object Repository/mobileSanity/HBI/Page_App Page 2/label_My billing address is th' is clicked on

2019-09-19 04:41:43 - [TEST_STEP][PASSED] - click(findTestObject("mobileSanity/HBI/Page_App Page 2/label_I Accept Authorization f")): Object: 'Object Repository/mobileSanity/HBI/Page_App Page 2/label_I Accept Authorization f' is clicked on

2019-09-19 04:41:43 - [MESSAGE][PASSED] - Object: 'Object Repository/mobileSanity/HBI/Page_App Page 2/label_I Accept Authorization f' is clicked on

2019-09-19 04:41:43 - [TEST_STEP][PASSED] - click(findTestObject("mobileSanity/HBI/Page_App Page 2/a_Continue to Step 3 - Review")): Object: 'Object Repository/mobileSanity/HBI/Page_App Page 2/a_Continue to Step 3 - Review' is clicked on

2019-09-19 04:41:43 - [MESSAGE][PASSED] - Object: 'Object Repository/mobileSanity/HBI/Page_App Page 2/a_Continue to Step 3 - Review' is clicked on

2019-09-19 04:41:43 - [TEST_STEP][PASSED] - waitForPageLoad(20): Wait for page load successfully

2019-09-19 04:41:43 - [MESSAGE][PASSED] - Wait for page load successfully

2019-09-19 04:41:43 - [TEST_STEP][PASSED] - Thread.sleep(10000): null

2019-09-19 04:41:53 - [TEST_STEP][PASSED] - waitForElementPresent(findTestObject("mobileSanity/HBI/Page_App Page 3/label"), 20): Object 'Object Repository/mobileSanity/HBI/Page_App Page 3/label' is present

2019-09-19 04:41:53 - [MESSAGE][PASSED] - Object 'Object Repository/mobileSanity/HBI/Page_App Page 3/label' is present

2019-09-19 04:41:53 - [TEST_STEP][PASSED] - callTestCase(findTestCase("mobileWeb/_include/get_screenshot"), [:], STOP_ON_FAILURE): Call Test Case 'Test Cases/mobileWeb/_include/get_screenshot' successfully

2019-09-19 04:41:54 - [TEST_CASE][PASSED] - Test Cases/mobileWeb/_include/get_screenshot: Test Cases/mobileWeb/_include/get_screenshot

2019-09-19 04:41:54 - [TEST_STEP][PASSED] - takeScreenshot(screenPath + i + ".png"): Taking screenshot successfully

2019-09-19 04:41:54 - [MESSAGE][PASSED] - Taking screenshot successfully
[[ATTACHMENT|D:\\Test\\AgileTest\\Reports\\mobileWeb\\hbi\\20190919_043544\\../Screenshots/iPhone 6/hbi/Agile Secure/20190919_044111/7.png]]

2019-09-19 04:41:54 - [TEST_STEP][PASSED] - (internal.GlobalVariable.i++): null

2019-09-19 04:41:54 - [MESSAGE][PASSED] - Call Test Case 'Test Cases/mobileWeb/_include/get_screenshot' successfully

2019-09-19 04:41:54 - [TEST_STEP][PASSED] - click(findTestObject("mobileSanity/HBI/Page_App Page 3/label")): Object: 'Object Repository/mobileSanity/HBI/Page_App Page 3/label' is clicked on

2019-09-19 04:41:54 - [MESSAGE][PASSED] - Object: 'Object Repository/mobileSanity/HBI/Page_App Page 3/label' is clicked on

2019-09-19 04:41:54 - [TEST_STEP][PASSED] - click(findTestObject("mobileSanity/HBI/Page_App Page 3/p_CLICK TO SIGN")): Object: 'Object Repository/mobileSanity/HBI/Page_App Page 3/p_CLICK TO SIGN' is clicked on

2019-09-19 04:41:54 - [MESSAGE][PASSED] - Object: 'Object Repository/mobileSanity/HBI/Page_App Page 3/p_CLICK TO SIGN' is clicked on

2019-09-19 04:41:54 - [TEST_STEP][PASSED] - click(findTestObject("mobileSanity/HBI/Page_App Page 3/a_Submit Your Application")): Object: 'Object Repository/mobileSanity/HBI/Page_App Page 3/a_Submit Your Application' is clicked on

2019-09-19 04:41:54 - [MESSAGE][PASSED] - Object: 'Object Repository/mobileSanity/HBI/Page_App Page 3/a_Submit Your Application' is clicked on

2019-09-19 04:41:54 - [TEST_STEP][PASSED] - Thread.sleep(30000): null

2019-09-19 04:42:24 - [TEST_STEP][PASSED] - callTestCase(findTestCase("mobileWeb/_include/get_screenshot"), [:], STOP_ON_FAILURE): Call Test Case 'Test Cases/mobileWeb/_include/get_screenshot' successfully

2019-09-19 04:42:24 - [TEST_CASE][PASSED] - Test Cases/mobileWeb/_include/get_screenshot: Test Cases/mobileWeb/_include/get_screenshot

2019-09-19 04:42:24 - [TEST_STEP][PASSED] - takeScreenshot(screenPath + i + ".png"): Taking screenshot successfully

2019-09-19 04:42:25 - [MESSAGE][PASSED] - Taking screenshot successfully
[[ATTACHMENT|D:\\Test\\AgileTest\\Reports\\mobileWeb\\hbi\\20190919_043544\\../Screenshots/iPhone 6/hbi/Agile Secure/20190919_044111/8.png]]

2019-09-19 04:42:25 - [TEST_STEP][PASSED] - (internal.GlobalVariable.i++): null

2019-09-19 04:42:25 - [MESSAGE][PASSED] - Call Test Case 'Test Cases/mobileWeb/_include/get_screenshot' successfully

2019-09-19 04:42:25 - [TEST_STEP][PASSED] - verifyTextPresent("Congratulations", false): Text 'Congratulations' is present on page 

2019-09-19 04:42:25 - [MESSAGE][PASSED] - Text 'Congratulations' is present on page 

2019-09-19 04:42:25 - [MESSAGE][PASSED] - Call Test Case 'Test Cases/mobileWeb/_include/goToEnd_hbi' successfully]]></system-out>
         <system-err><![CDATA[]]></system-err>
      </testcase>
      <testcase name="Test Cases/mobileWeb/HBI/Fixed Cash Benefit" classname="Test Cases/mobileWeb/HBI/Fixed Cash Benefit" status="PASSED">
         <system-out><![CDATA[2019-09-19 04:42:25 - [TEST_CASE][PASSED] - Test Cases/mobileWeb/HBI/Fixed Cash Benefit: Test Cases/mobileWeb/HBI/Fixed Cash Benefit

2019-09-19 04:42:25 - [TEST_STEP][PASSED] - callTestCase(findTestCase("mobileWeb/_include/get_screenPath"), ["productLine":"hbi", "carrierName":"Fixed Cash Benefit"], CONTINUE_ON_FAILURE): Call Test Case 'Test Cases/mobileWeb/_include/get_screenPath' successfully

2019-09-19 04:42:25 - [TEST_CASE][PASSED] - Test Cases/mobileWeb/_include/get_screenPath: Test Cases/mobileWeb/_include/get_screenPath

2019-09-19 04:42:25 - [TEST_STEP][PASSED] - m = getExecutionProperties(): null

2019-09-19 04:42:25 - [TEST_STEP][PASSED] - deviceName = get("mobileEmulation").get("deviceName"): null

2019-09-19 04:42:25 - [TEST_STEP][PASSED] - println(deviceName): null

2019-09-19 04:42:25 - [TEST_STEP][PASSED] - now = new java.util.Date(): null

2019-09-19 04:42:25 - [TEST_STEP][PASSED] - mydate = now.format("yyyyMMdd_HHmmss"): null

2019-09-19 04:42:25 - [TEST_STEP][PASSED] - screenPath = "../Screenshots/": null

2019-09-19 04:42:25 - [TEST_STEP][PASSED] - screenPath = screenPath + deviceName + "/" + productLine + "/" + carrierName + "/" + mydate + "/": null

2019-09-19 04:42:25 - [TEST_STEP][PASSED] - println(screenPath): null

2019-09-19 04:42:25 - [MESSAGE][PASSED] - Call Test Case 'Test Cases/mobileWeb/_include/get_screenPath' successfully

2019-09-19 04:42:25 - [TEST_STEP][PASSED] - i = 0: null

2019-09-19 04:42:25 - [TEST_STEP][PASSED] - callTestCase(findTestCase("mobileWeb/_include/openWebSite"), [:], CONTINUE_ON_FAILURE): Call Test Case 'Test Cases/mobileWeb/_include/openWebSite' successfully

2019-09-19 04:42:25 - [TEST_CASE][PASSED] - Test Cases/mobileWeb/_include/openWebSite: Test Cases/mobileWeb/_include/openWebSite

2019-09-19 04:42:25 - [TEST_STEP][PASSED] - openBrowser(env): Browser is opened with url: 'https://praetemptatus.agilehealthinsurance.com'

2019-09-19 04:42:25 - [MESSAGE][WARNING] - A browser is already opened. Closing browser and opening a new one

2019-09-19 04:42:26 - [MESSAGE][INFO] - Starting 'Chrome' driver

2019-09-19 04:42:26 - [MESSAGE][INFO] - User set preference: ['mobileEmulation', '{deviceName=iPhone 6}']

2019-09-19 04:42:26 - [MESSAGE][INFO] - User set preference: ['args', '[--incognito, --aggressive-cache-discard, --window-size=375,677, --no-sandbox]']

2019-09-19 04:42:28 - [MESSAGE][PASSED] - Browser is opened with url: 'https://praetemptatus.agilehealthinsurance.com'

2019-09-19 04:42:28 - [TEST_STEP][PASSED] - waitForPageLoad(20): Wait for page load successfully

2019-09-19 04:42:28 - [MESSAGE][PASSED] - Wait for page load successfully

2019-09-19 04:42:28 - [TEST_STEP][PASSED] - Thread.sleep(2000): null

2019-09-19 04:42:30 - [TEST_STEP][PASSED] - callTestCase(findTestCase("mobileWeb/_include/get_screenshot"), [:], STOP_ON_FAILURE): Call Test Case 'Test Cases/mobileWeb/_include/get_screenshot' successfully

2019-09-19 04:42:30 - [TEST_CASE][PASSED] - Test Cases/mobileWeb/_include/get_screenshot: Test Cases/mobileWeb/_include/get_screenshot

2019-09-19 04:42:30 - [TEST_STEP][PASSED] - takeScreenshot(screenPath + i + ".png"): Taking screenshot successfully

2019-09-19 04:42:30 - [MESSAGE][PASSED] - Taking screenshot successfully
[[ATTACHMENT|D:\\Test\\AgileTest\\Reports\\mobileWeb\\hbi\\20190919_043544\\../Screenshots/iPhone 6/hbi/Fixed Cash Benefit/20190919_044225/0.png]]

2019-09-19 04:42:30 - [TEST_STEP][PASSED] - (internal.GlobalVariable.i++): null

2019-09-19 04:42:30 - [MESSAGE][PASSED] - Call Test Case 'Test Cases/mobileWeb/_include/get_screenshot' successfully

2019-09-19 04:42:30 - [MESSAGE][PASSED] - Call Test Case 'Test Cases/mobileWeb/_include/openWebSite' successfully

2019-09-19 04:42:30 - [TEST_STEP][PASSED] - callTestCase(findTestCase("mobileWeb/_include/census_hbi"), ["zipcode":"85364"], CONTINUE_ON_FAILURE): Call Test Case 'Test Cases/mobileWeb/_include/census_hbi' successfully

2019-09-19 04:42:30 - [TEST_CASE][PASSED] - Test Cases/mobileWeb/_include/census_hbi: Test Cases/mobileWeb/_include/census_hbi

2019-09-19 04:42:30 - [TEST_STEP][PASSED] - click(findTestObject("mobileSanity/Common/side_nav/menu")): Object: 'Object Repository/mobileSanity/Common/side_nav/menu' is clicked on

2019-09-19 04:42:31 - [MESSAGE][PASSED] - Object: 'Object Repository/mobileSanity/Common/side_nav/menu' is clicked on

2019-09-19 04:42:31 - [TEST_STEP][PASSED] - Thread.sleep(3000): null

2019-09-19 04:42:34 - [TEST_STEP][PASSED] - callTestCase(findTestCase("mobileWeb/_include/get_screenshot"), [:], STOP_ON_FAILURE): Call Test Case 'Test Cases/mobileWeb/_include/get_screenshot' successfully

2019-09-19 04:42:34 - [TEST_CASE][PASSED] - Test Cases/mobileWeb/_include/get_screenshot: Test Cases/mobileWeb/_include/get_screenshot

2019-09-19 04:42:34 - [TEST_STEP][PASSED] - takeScreenshot(screenPath + i + ".png"): Taking screenshot successfully

2019-09-19 04:42:34 - [MESSAGE][PASSED] - Taking screenshot successfully
[[ATTACHMENT|D:\\Test\\AgileTest\\Reports\\mobileWeb\\hbi\\20190919_043544\\../Screenshots/iPhone 6/hbi/Fixed Cash Benefit/20190919_044225/1.png]]

2019-09-19 04:42:34 - [TEST_STEP][PASSED] - (internal.GlobalVariable.i++): null

2019-09-19 04:42:34 - [MESSAGE][PASSED] - Call Test Case 'Test Cases/mobileWeb/_include/get_screenshot' successfully

2019-09-19 04:42:34 - [TEST_STEP][PASSED] - click(findTestObject("mobileSanity/Common/side_nav/nav_hbi")): Object: 'Object Repository/mobileSanity/Common/side_nav/nav_hbi' is clicked on

2019-09-19 04:42:35 - [MESSAGE][PASSED] - Object: 'Object Repository/mobileSanity/Common/side_nav/nav_hbi' is clicked on

2019-09-19 04:42:35 - [TEST_STEP][PASSED] - waitForPageLoad(10): Wait for page load successfully

2019-09-19 04:42:35 - [MESSAGE][PASSED] - Wait for page load successfully

2019-09-19 04:42:35 - [TEST_STEP][PASSED] - Thread.sleep(3000): null

2019-09-19 04:42:38 - [TEST_STEP][PASSED] - callTestCase(findTestCase("mobileWeb/_include/get_screenshot"), [:], STOP_ON_FAILURE): Call Test Case 'Test Cases/mobileWeb/_include/get_screenshot' successfully

2019-09-19 04:42:38 - [TEST_CASE][PASSED] - Test Cases/mobileWeb/_include/get_screenshot: Test Cases/mobileWeb/_include/get_screenshot

2019-09-19 04:42:38 - [TEST_STEP][PASSED] - takeScreenshot(screenPath + i + ".png"): Taking screenshot successfully

2019-09-19 04:42:38 - [MESSAGE][PASSED] - Taking screenshot successfully
[[ATTACHMENT|D:\\Test\\AgileTest\\Reports\\mobileWeb\\hbi\\20190919_043544\\../Screenshots/iPhone 6/hbi/Fixed Cash Benefit/20190919_044225/2.png]]

2019-09-19 04:42:38 - [TEST_STEP][PASSED] - (internal.GlobalVariable.i++): null

2019-09-19 04:42:38 - [MESSAGE][PASSED] - Call Test Case 'Test Cases/mobileWeb/_include/get_screenshot' successfully

2019-09-19 04:42:38 - [TEST_STEP][PASSED] - setText(findTestObject("mobileSanity/HBI/census/input_Location_zip-input"), zipcode): Text '85364' is set on object 'Object Repository/mobileSanity/HBI/census/input_Location_zip-input'

2019-09-19 04:42:38 - [MESSAGE][PASSED] - Text '85364' is set on object 'Object Repository/mobileSanity/HBI/census/input_Location_zip-input'

2019-09-19 04:42:38 - [TEST_STEP][PASSED] - Thread.sleep(500): null

2019-09-19 04:42:39 - [TEST_STEP][PASSED] - setText(findTestObject("mobileSanity/HBI/census/input_Date of Birth_dob-0"), "12121980"): Text '12121980' is set on object 'Object Repository/mobileSanity/HBI/census/input_Date of Birth_dob-0'

2019-09-19 04:42:39 - [MESSAGE][PASSED] - Text '12121980' is set on object 'Object Repository/mobileSanity/HBI/census/input_Date of Birth_dob-0'

2019-09-19 04:42:39 - [TEST_STEP][PASSED] - click(findTestObject("mobileSanity/HBI/census/label_Male")): Object: 'Object Repository/mobileSanity/HBI/census/label_Male' is clicked on

2019-09-19 04:42:39 - [MESSAGE][PASSED] - Object: 'Object Repository/mobileSanity/HBI/census/label_Male' is clicked on

2019-09-19 04:42:39 - [TEST_STEP][PASSED] - click(findTestObject("mobileSanity/HBI/census/label_Get a Quote")): Object: 'Object Repository/mobileSanity/HBI/census/label_Get a Quote' is clicked on

2019-09-19 04:42:40 - [MESSAGE][PASSED] - Object: 'Object Repository/mobileSanity/HBI/census/label_Get a Quote' is clicked on

2019-09-19 04:42:40 - [TEST_STEP][PASSED] - waitForPageLoad(20): Wait for page load successfully

2019-09-19 04:42:40 - [MESSAGE][PASSED] - Wait for page load successfully

2019-09-19 04:42:40 - [TEST_STEP][PASSED] - Thread.sleep(3000): null

2019-09-19 04:42:43 - [TEST_STEP][PASSED] - callTestCase(findTestCase("mobileWeb/_include/get_screenshot"), [:], STOP_ON_FAILURE): Call Test Case 'Test Cases/mobileWeb/_include/get_screenshot' successfully

2019-09-19 04:42:43 - [TEST_CASE][PASSED] - Test Cases/mobileWeb/_include/get_screenshot: Test Cases/mobileWeb/_include/get_screenshot

2019-09-19 04:42:43 - [TEST_STEP][PASSED] - takeScreenshot(screenPath + i + ".png"): Taking screenshot successfully

2019-09-19 04:42:44 - [MESSAGE][PASSED] - Taking screenshot successfully
[[ATTACHMENT|D:\\Test\\AgileTest\\Reports\\mobileWeb\\hbi\\20190919_043544\\../Screenshots/iPhone 6/hbi/Fixed Cash Benefit/20190919_044225/3.png]]

2019-09-19 04:42:44 - [TEST_STEP][PASSED] - (internal.GlobalVariable.i++): null

2019-09-19 04:42:44 - [MESSAGE][PASSED] - Call Test Case 'Test Cases/mobileWeb/_include/get_screenshot' successfully

2019-09-19 04:42:44 - [MESSAGE][PASSED] - Call Test Case 'Test Cases/mobileWeb/_include/census_hbi' successfully

2019-09-19 04:42:44 - [TEST_STEP][PASSED] - Thread.sleep(5000): null

2019-09-19 04:42:49 - [TEST_STEP][PASSED] - scrollToPosition(200, 2300): Browser is scrolled to position x = 200, y = 2300

2019-09-19 04:42:49 - [MESSAGE][PASSED] - Browser is scrolled to position x = 200, y = 2300

2019-09-19 04:42:49 - [TEST_STEP][PASSED] - click(findTestObject("mobileSanity/HBI/quote/a_Fixed Cash Benefit")): Object: 'Object Repository/mobileSanity/HBI/quote/a_Fixed Cash Benefit' is clicked on

2019-09-19 04:42:50 - [MESSAGE][PASSED] - Object: 'Object Repository/mobileSanity/HBI/quote/a_Fixed Cash Benefit' is clicked on

2019-09-19 04:42:50 - [TEST_STEP][PASSED] - waitForPageLoad(20): Wait for page load successfully

2019-09-19 04:42:50 - [MESSAGE][PASSED] - Wait for page load successfully

2019-09-19 04:42:50 - [TEST_STEP][PASSED] - callTestCase(findTestCase("mobileWeb/_include/get_screenshot"), [:], STOP_ON_FAILURE): Call Test Case 'Test Cases/mobileWeb/_include/get_screenshot' successfully

2019-09-19 04:42:50 - [TEST_CASE][PASSED] - Test Cases/mobileWeb/_include/get_screenshot: Test Cases/mobileWeb/_include/get_screenshot

2019-09-19 04:42:50 - [TEST_STEP][PASSED] - takeScreenshot(screenPath + i + ".png"): Taking screenshot successfully

2019-09-19 04:42:51 - [MESSAGE][PASSED] - Taking screenshot successfully
[[ATTACHMENT|D:\\Test\\AgileTest\\Reports\\mobileWeb\\hbi\\20190919_043544\\../Screenshots/iPhone 6/hbi/Fixed Cash Benefit/20190919_044225/4.png]]

2019-09-19 04:42:51 - [TEST_STEP][PASSED] - (internal.GlobalVariable.i++): null

2019-09-19 04:42:51 - [MESSAGE][PASSED] - Call Test Case 'Test Cases/mobileWeb/_include/get_screenshot' successfully

2019-09-19 04:42:51 - [TEST_STEP][PASSED] - click(findTestObject("mobileSanity/HBI/detail/a_Apply for This Plan")): Object: 'Object Repository/mobileSanity/HBI/detail/a_Apply for This Plan' is clicked on

2019-09-19 04:42:51 - [MESSAGE][PASSED] - Object: 'Object Repository/mobileSanity/HBI/detail/a_Apply for This Plan' is clicked on

2019-09-19 04:42:51 - [TEST_STEP][PASSED] - waitForPageLoad(20): Wait for page load successfully

2019-09-19 04:42:51 - [MESSAGE][PASSED] - Wait for page load successfully

2019-09-19 04:42:51 - [TEST_STEP][PASSED] - callTestCase(findTestCase("mobileWeb/_include/get_screenshot"), [:], STOP_ON_FAILURE): Call Test Case 'Test Cases/mobileWeb/_include/get_screenshot' successfully

2019-09-19 04:42:51 - [TEST_CASE][PASSED] - Test Cases/mobileWeb/_include/get_screenshot: Test Cases/mobileWeb/_include/get_screenshot

2019-09-19 04:42:51 - [TEST_STEP][PASSED] - takeScreenshot(screenPath + i + ".png"): Taking screenshot successfully

2019-09-19 04:42:52 - [MESSAGE][PASSED] - Taking screenshot successfully
[[ATTACHMENT|D:\\Test\\AgileTest\\Reports\\mobileWeb\\hbi\\20190919_043544\\../Screenshots/iPhone 6/hbi/Fixed Cash Benefit/20190919_044225/5.png]]

2019-09-19 04:42:52 - [TEST_STEP][PASSED] - (internal.GlobalVariable.i++): null

2019-09-19 04:42:52 - [MESSAGE][PASSED] - Call Test Case 'Test Cases/mobileWeb/_include/get_screenshot' successfully

2019-09-19 04:42:52 - [TEST_STEP][PASSED] - click(findTestObject("mobileSanity/HBI/Page_Apply/span_Start Secure Application")): Object: 'Object Repository/mobileSanity/HBI/Page_Apply/span_Start Secure Application' is clicked on

2019-09-19 04:42:53 - [MESSAGE][PASSED] - Object: 'Object Repository/mobileSanity/HBI/Page_Apply/span_Start Secure Application' is clicked on

2019-09-19 04:42:53 - [TEST_STEP][PASSED] - waitForPageLoad(20): Wait for page load successfully

2019-09-19 04:42:53 - [MESSAGE][PASSED] - Wait for page load successfully

2019-09-19 04:42:53 - [TEST_STEP][PASSED] - Thread.sleep(5000): null

2019-09-19 04:42:58 - [TEST_STEP][PASSED] - callTestCase(findTestCase("mobileWeb/_include/get_screenshot"), [:], STOP_ON_FAILURE): Call Test Case 'Test Cases/mobileWeb/_include/get_screenshot' successfully

2019-09-19 04:42:58 - [TEST_CASE][PASSED] - Test Cases/mobileWeb/_include/get_screenshot: Test Cases/mobileWeb/_include/get_screenshot

2019-09-19 04:42:58 - [TEST_STEP][PASSED] - takeScreenshot(screenPath + i + ".png"): Taking screenshot successfully

2019-09-19 04:42:58 - [MESSAGE][PASSED] - Taking screenshot successfully
[[ATTACHMENT|D:\\Test\\AgileTest\\Reports\\mobileWeb\\hbi\\20190919_043544\\../Screenshots/iPhone 6/hbi/Fixed Cash Benefit/20190919_044225/6.png]]

2019-09-19 04:42:58 - [TEST_STEP][PASSED] - (internal.GlobalVariable.i++): null

2019-09-19 04:42:58 - [MESSAGE][PASSED] - Call Test Case 'Test Cases/mobileWeb/_include/get_screenshot' successfully

2019-09-19 04:42:58 - [TEST_STEP][PASSED] - callTestCase(findTestCase("mobileWeb/_include/goToEnd_hbi"), ["carrier":"FixedCashBenefit"], CONTINUE_ON_FAILURE): Call Test Case 'Test Cases/mobileWeb/_include/goToEnd_hbi' successfully

2019-09-19 04:42:58 - [TEST_CASE][PASSED] - Test Cases/mobileWeb/_include/goToEnd_hbi: Test Cases/mobileWeb/_include/goToEnd_hbi

2019-09-19 04:42:58 - [TEST_STEP][PASSED] - if (state == "ca"): null

2019-09-19 04:42:58 - [TEST_STEP][PASSED] - callTestCase(findTestCase("mobileWeb/_include/name"), [:], CONTINUE_ON_FAILURE): Call Test Case 'Test Cases/mobileWeb/_include/name' successfully

2019-09-19 04:42:59 - [TEST_CASE][PASSED] - Test Cases/mobileWeb/_include/name: Test Cases/mobileWeb/_include/name

2019-09-19 04:42:59 - [TEST_STEP][PASSED] - driver = getWebDriver(): null

2019-09-19 04:42:59 - [TEST_STEP][PASSED] - selenium = new com.thoughtworks.selenium.webdriven.WebDriverBackedSelenium(driver, internal.GlobalVariable.ENV): null

2019-09-19 04:42:59 - [TEST_STEP][PASSED] - FirstName = "Test-123": null

2019-09-19 04:42:59 - [TEST_STEP][PASSED] - LastName = selenium.getEval("{var x="ABCDEFGHIJKLMNOPQRSTUVWXYZabcdefghijklmnopqrstuvwxyz"; var tmp="ZZ11-"; for (i=0;i<8;i++) tmp+=x.charAt(Math.ceil(51*Math.random()));tmp;}"): null

2019-09-19 04:42:59 - [TEST_STEP][PASSED] - Address = selenium.getEval("{var x="ABCDEFGHIJKLMNOPQRSTUVWXYZabcdefghijklmnopqrstuvwxyz"; var tmp=""; for (i=0;i<8;i++) tmp+=x.charAt(Math.ceil(51*Math.random()));tmp;}"): null

2019-09-19 04:42:59 - [TEST_STEP][PASSED] - City = selenium.getEval("{var x="ABCDEFGHIJKLMNOPQRSTUVWXYZabcdefghijklmnopqrstuvwxyz"; var tmp=""; for (i=0;i<8;i++) tmp+=x.charAt(Math.ceil(51*Math.random()));tmp;}"): null

2019-09-19 04:42:59 - [TEST_STEP][PASSED] - tel1 = selenium.getEval("{var x="123456789"; var tmp=""; for (i=0;i<3;i++) tmp+=x.charAt(Math.ceil(8*Math.random()));tmp;}"): null

2019-09-19 04:42:59 - [TEST_STEP][PASSED] - tel2 = selenium.getEval("{var x="123456789"; var tmp=""; for (i=0;i<3;i++) tmp+=x.charAt(Math.ceil(8*Math.random()));tmp;}"): null

2019-09-19 04:42:59 - [TEST_STEP][PASSED] - tel3 = selenium.getEval("{var x="123456789"; var tmp=""; for (i=0;i<4;i++) tmp+=x.charAt(Math.ceil(8*Math.random()));tmp;}"): null

2019-09-19 04:42:59 - [TEST_STEP][PASSED] - Tel = selenium.getExpression(tel1 + "-" + tel2 + "-" + tel3): null

2019-09-19 04:42:59 - [TEST_STEP][PASSED] - AutoEmail = selenium.getEval("{var x="ABCDEFGHIJKLMNOPQRSTUVWXYZabcdefghijklmnopqrstuvwxyz"; var tmp="test."; for (i=0;i<8;i++) tmp+=x.charAt(Math.ceil(51*Math.random()));tmp+="@suryani.cn";}"): null

2019-09-19 04:42:59 - [TEST_STEP][PASSED] - FirstName = FirstName: null

2019-09-19 04:42:59 - [TEST_STEP][PASSED] - LastName = LastName: null

2019-09-19 04:42:59 - [TEST_STEP][PASSED] - Address = Address: null

2019-09-19 04:42:59 - [TEST_STEP][PASSED] - City = City: null

2019-09-19 04:42:59 - [TEST_STEP][PASSED] - Tel = Tel: null

2019-09-19 04:42:59 - [TEST_STEP][PASSED] - AutoEmail = AutoEmail: null

2019-09-19 04:42:59 - [TEST_STEP][PASSED] - println(FirstName): null

2019-09-19 04:42:59 - [TEST_STEP][PASSED] - println(LastName): null

2019-09-19 04:42:59 - [TEST_STEP][PASSED] - println(Address): null

2019-09-19 04:42:59 - [TEST_STEP][PASSED] - println(City): null

2019-09-19 04:42:59 - [TEST_STEP][PASSED] - println(Tel): null

2019-09-19 04:42:59 - [TEST_STEP][PASSED] - println(AutoEmail): null

2019-09-19 04:42:59 - [MESSAGE][PASSED] - Call Test Case 'Test Cases/mobileWeb/_include/name' successfully

2019-09-19 04:42:59 - [TEST_STEP][PASSED] - setText(findTestObject("mobileSanity/HBI/Page_App Page 1/input__member-P-1-firstName"), FirstName): Text 'Test-123' is set on object 'Object Repository/mobileSanity/HBI/Page_App Page 1/input__member-P-1-firstName'

2019-09-19 04:42:59 - [MESSAGE][PASSED] - Text 'Test-123' is set on object 'Object Repository/mobileSanity/HBI/Page_App Page 1/input__member-P-1-firstName'

2019-09-19 04:42:59 - [TEST_STEP][PASSED] - setText(findTestObject("mobileSanity/HBI/Page_App Page 1/input__member-P-1-lastName"), LastName): Text 'ZZ11-FWMHpxbl' is set on object 'Object Repository/mobileSanity/HBI/Page_App Page 1/input__member-P-1-lastName'

2019-09-19 04:42:59 - [MESSAGE][PASSED] - Text 'ZZ11-FWMHpxbl' is set on object 'Object Repository/mobileSanity/HBI/Page_App Page 1/input__member-P-1-lastName'

2019-09-19 04:42:59 - [TEST_STEP][PASSED] - if (carrier == "agileone" || carrier == "agilesecure"): null

2019-09-19 04:42:59 - [TEST_STEP][PASSED] - setText(findTestObject("mobileSanity/HBI/Page_App Page 1/input__address"), Address): Text 'eruoLvwr' is set on object 'Object Repository/mobileSanity/HBI/Page_App Page 1/input__address'

2019-09-19 04:42:59 - [MESSAGE][PASSED] - Text 'eruoLvwr' is set on object 'Object Repository/mobileSanity/HBI/Page_App Page 1/input__address'

2019-09-19 04:42:59 - [TEST_STEP][PASSED] - setText(findTestObject("mobileSanity/HBI/Page_App Page 1/input__city"), City): Text 'FlMyqqLM' is set on object 'Object Repository/mobileSanity/HBI/Page_App Page 1/input__city'

2019-09-19 04:43:00 - [MESSAGE][PASSED] - Text 'FlMyqqLM' is set on object 'Object Repository/mobileSanity/HBI/Page_App Page 1/input__city'

2019-09-19 04:43:00 - [TEST_STEP][PASSED] - setText(findTestObject("mobileSanity/HBI/Page_App Page 1/input__email"), AutoEmail): Text 'test.dTYEqhUx@suryani.cn' is set on object 'Object Repository/mobileSanity/HBI/Page_App Page 1/input__email'

2019-09-19 04:43:00 - [MESSAGE][PASSED] - Text 'test.dTYEqhUx@suryani.cn' is set on object 'Object Repository/mobileSanity/HBI/Page_App Page 1/input__email'

2019-09-19 04:43:00 - [TEST_STEP][PASSED] - setText(findTestObject("mobileSanity/HBI/Page_App Page 1/input_tel"), Tel): Text '695-699-2973' is set on object 'Object Repository/mobileSanity/HBI/Page_App Page 1/input_tel'

2019-09-19 04:43:00 - [MESSAGE][PASSED] - Text '695-699-2973' is set on object 'Object Repository/mobileSanity/HBI/Page_App Page 1/input_tel'

2019-09-19 04:43:00 - [TEST_STEP][PASSED] - click(findTestObject("mobileSanity/HBI/Page_App Page 1/a_Continue to Step 2 - Payment")): Object: 'Object Repository/mobileSanity/HBI/Page_App Page 1/a_Continue to Step 2 - Payment' is clicked on

2019-09-19 04:43:00 - [MESSAGE][PASSED] - Object: 'Object Repository/mobileSanity/HBI/Page_App Page 1/a_Continue to Step 2 - Payment' is clicked on

2019-09-19 04:43:00 - [TEST_STEP][PASSED] - waitForPageLoad(20): Wait for page load successfully

2019-09-19 04:43:00 - [MESSAGE][PASSED] - Wait for page load successfully

2019-09-19 04:43:00 - [TEST_STEP][PASSED] - Thread.sleep(2000): null

2019-09-19 04:43:02 - [TEST_STEP][PASSED] - waitForElementVisible(findTestObject("mobileSanity/HBI/Page_App Page 2/input__credit-card-first"), 20): Object 'Object Repository/mobileSanity/HBI/Page_App Page 2/input__credit-card-first' is visible

2019-09-19 04:43:02 - [MESSAGE][PASSED] - Object 'Object Repository/mobileSanity/HBI/Page_App Page 2/input__credit-card-first' is visible

2019-09-19 04:43:02 - [TEST_STEP][PASSED] - callTestCase(findTestCase("mobileWeb/_include/get_screenshot"), [:], STOP_ON_FAILURE): Call Test Case 'Test Cases/mobileWeb/_include/get_screenshot' successfully

2019-09-19 04:43:02 - [TEST_CASE][PASSED] - Test Cases/mobileWeb/_include/get_screenshot: Test Cases/mobileWeb/_include/get_screenshot

2019-09-19 04:43:02 - [TEST_STEP][PASSED] - takeScreenshot(screenPath + i + ".png"): Taking screenshot successfully

2019-09-19 04:43:03 - [MESSAGE][PASSED] - Taking screenshot successfully
[[ATTACHMENT|D:\\Test\\AgileTest\\Reports\\mobileWeb\\hbi\\20190919_043544\\../Screenshots/iPhone 6/hbi/Fixed Cash Benefit/20190919_044225/7.png]]

2019-09-19 04:43:03 - [TEST_STEP][PASSED] - (internal.GlobalVariable.i++): null

2019-09-19 04:43:03 - [MESSAGE][PASSED] - Call Test Case 'Test Cases/mobileWeb/_include/get_screenshot' successfully

2019-09-19 04:43:03 - [TEST_STEP][PASSED] - setText(findTestObject("mobileSanity/HBI/Page_App Page 2/input__credit-card-first"), FirstName): Text 'Test-123' is set on object 'Object Repository/mobileSanity/HBI/Page_App Page 2/input__credit-card-first'

2019-09-19 04:43:03 - [MESSAGE][PASSED] - Text 'Test-123' is set on object 'Object Repository/mobileSanity/HBI/Page_App Page 2/input__credit-card-first'

2019-09-19 04:43:03 - [TEST_STEP][PASSED] - setText(findTestObject("mobileSanity/HBI/Page_App Page 2/input__credit-card-last"), LastName): Text 'ZZ11-FWMHpxbl' is set on object 'Object Repository/mobileSanity/HBI/Page_App Page 2/input__credit-card-last'

2019-09-19 04:43:03 - [MESSAGE][PASSED] - Text 'ZZ11-FWMHpxbl' is set on object 'Object Repository/mobileSanity/HBI/Page_App Page 2/input__credit-card-last'

2019-09-19 04:43:03 - [TEST_STEP][PASSED] - selectOptionByValue(findTestObject("mobileSanity/HBI/Page_App Page 2/select_MM010203040506070809101"), "12", true): All options with value '12' are selected in object 'Object Repository/mobileSanity/HBI/Page_App Page 2/select_MM010203040506070809101'  using regular expression

2019-09-19 04:43:03 - [MESSAGE][PASSED] - All options with value '12' are selected in object 'Object Repository/mobileSanity/HBI/Page_App Page 2/select_MM010203040506070809101'  using regular expression

2019-09-19 04:43:03 - [TEST_STEP][PASSED] - selectOptionByValue(findTestObject("mobileSanity/HBI/Page_App Page 2/select_YYYY2019202020212022202"), "2026", true): All options with value '2026' are selected in object 'Object Repository/mobileSanity/HBI/Page_App Page 2/select_YYYY2019202020212022202'  using regular expression

2019-09-19 04:43:04 - [MESSAGE][PASSED] - All options with value '2026' are selected in object 'Object Repository/mobileSanity/HBI/Page_App Page 2/select_YYYY2019202020212022202'  using regular expression

2019-09-19 04:43:04 - [TEST_STEP][PASSED] - setText(findTestObject("mobileSanity/HBI/Page_App Page 2/input__credit-card-number"), "4111111111111111"): Text '4111111111111111' is set on object 'Object Repository/mobileSanity/HBI/Page_App Page 2/input__credit-card-number'

2019-09-19 04:43:04 - [MESSAGE][PASSED] - Text '4111111111111111' is set on object 'Object Repository/mobileSanity/HBI/Page_App Page 2/input__credit-card-number'

2019-09-19 04:43:04 - [TEST_STEP][PASSED] - setText(findTestObject("mobileSanity/HBI/Page_App Page 2/input__cvv"), "123"): Text '123' is set on object 'Object Repository/mobileSanity/HBI/Page_App Page 2/input__cvv'

2019-09-19 04:43:04 - [MESSAGE][PASSED] - Text '123' is set on object 'Object Repository/mobileSanity/HBI/Page_App Page 2/input__cvv'

2019-09-19 04:43:04 - [TEST_STEP][PASSED] - click(findTestObject("mobileSanity/HBI/Page_App Page 2/label_My billing address is th")): Object: 'Object Repository/mobileSanity/HBI/Page_App Page 2/label_My billing address is th' is clicked on

2019-09-19 04:43:04 - [MESSAGE][PASSED] - Object: 'Object Repository/mobileSanity/HBI/Page_App Page 2/label_My billing address is th' is clicked on

2019-09-19 04:43:04 - [TEST_STEP][PASSED] - click(findTestObject("mobileSanity/HBI/Page_App Page 2/label_I Accept Authorization f")): Object: 'Object Repository/mobileSanity/HBI/Page_App Page 2/label_I Accept Authorization f' is clicked on

2019-09-19 04:43:04 - [MESSAGE][PASSED] - Object: 'Object Repository/mobileSanity/HBI/Page_App Page 2/label_I Accept Authorization f' is clicked on

2019-09-19 04:43:04 - [TEST_STEP][PASSED] - click(findTestObject("mobileSanity/HBI/Page_App Page 2/a_Continue to Step 3 - Review")): Object: 'Object Repository/mobileSanity/HBI/Page_App Page 2/a_Continue to Step 3 - Review' is clicked on

2019-09-19 04:43:04 - [MESSAGE][PASSED] - Object: 'Object Repository/mobileSanity/HBI/Page_App Page 2/a_Continue to Step 3 - Review' is clicked on

2019-09-19 04:43:04 - [TEST_STEP][PASSED] - waitForPageLoad(20): Wait for page load successfully

2019-09-19 04:43:04 - [MESSAGE][PASSED] - Wait for page load successfully

2019-09-19 04:43:04 - [TEST_STEP][PASSED] - Thread.sleep(10000): null

2019-09-19 04:43:14 - [TEST_STEP][PASSED] - waitForElementPresent(findTestObject("mobileSanity/HBI/Page_App Page 3/label"), 20): Object 'Object Repository/mobileSanity/HBI/Page_App Page 3/label' is present

2019-09-19 04:43:15 - [MESSAGE][PASSED] - Object 'Object Repository/mobileSanity/HBI/Page_App Page 3/label' is present

2019-09-19 04:43:15 - [TEST_STEP][PASSED] - callTestCase(findTestCase("mobileWeb/_include/get_screenshot"), [:], STOP_ON_FAILURE): Call Test Case 'Test Cases/mobileWeb/_include/get_screenshot' successfully

2019-09-19 04:43:15 - [TEST_CASE][PASSED] - Test Cases/mobileWeb/_include/get_screenshot: Test Cases/mobileWeb/_include/get_screenshot

2019-09-19 04:43:15 - [TEST_STEP][PASSED] - takeScreenshot(screenPath + i + ".png"): Taking screenshot successfully

2019-09-19 04:43:15 - [MESSAGE][PASSED] - Taking screenshot successfully
[[ATTACHMENT|D:\\Test\\AgileTest\\Reports\\mobileWeb\\hbi\\20190919_043544\\../Screenshots/iPhone 6/hbi/Fixed Cash Benefit/20190919_044225/8.png]]

2019-09-19 04:43:15 - [TEST_STEP][PASSED] - (internal.GlobalVariable.i++): null

2019-09-19 04:43:15 - [MESSAGE][PASSED] - Call Test Case 'Test Cases/mobileWeb/_include/get_screenshot' successfully

2019-09-19 04:43:15 - [TEST_STEP][PASSED] - click(findTestObject("mobileSanity/HBI/Page_App Page 3/label")): Object: 'Object Repository/mobileSanity/HBI/Page_App Page 3/label' is clicked on

2019-09-19 04:43:16 - [MESSAGE][PASSED] - Object: 'Object Repository/mobileSanity/HBI/Page_App Page 3/label' is clicked on

2019-09-19 04:43:16 - [TEST_STEP][PASSED] - click(findTestObject("mobileSanity/HBI/Page_App Page 3/p_CLICK TO SIGN")): Object: 'Object Repository/mobileSanity/HBI/Page_App Page 3/p_CLICK TO SIGN' is clicked on

2019-09-19 04:43:16 - [MESSAGE][PASSED] - Object: 'Object Repository/mobileSanity/HBI/Page_App Page 3/p_CLICK TO SIGN' is clicked on

2019-09-19 04:43:16 - [TEST_STEP][PASSED] - click(findTestObject("mobileSanity/HBI/Page_App Page 3/a_Submit Your Application")): Object: 'Object Repository/mobileSanity/HBI/Page_App Page 3/a_Submit Your Application' is clicked on

2019-09-19 04:43:16 - [MESSAGE][PASSED] - Object: 'Object Repository/mobileSanity/HBI/Page_App Page 3/a_Submit Your Application' is clicked on

2019-09-19 04:43:16 - [TEST_STEP][PASSED] - Thread.sleep(30000): null

2019-09-19 04:43:46 - [TEST_STEP][PASSED] - callTestCase(findTestCase("mobileWeb/_include/get_screenshot"), [:], STOP_ON_FAILURE): Call Test Case 'Test Cases/mobileWeb/_include/get_screenshot' successfully

2019-09-19 04:43:46 - [TEST_CASE][PASSED] - Test Cases/mobileWeb/_include/get_screenshot: Test Cases/mobileWeb/_include/get_screenshot

2019-09-19 04:43:46 - [TEST_STEP][PASSED] - takeScreenshot(screenPath + i + ".png"): Taking screenshot successfully

2019-09-19 04:43:46 - [MESSAGE][PASSED] - Taking screenshot successfully
[[ATTACHMENT|D:\\Test\\AgileTest\\Reports\\mobileWeb\\hbi\\20190919_043544\\../Screenshots/iPhone 6/hbi/Fixed Cash Benefit/20190919_044225/9.png]]

2019-09-19 04:43:46 - [TEST_STEP][PASSED] - (internal.GlobalVariable.i++): null

2019-09-19 04:43:46 - [MESSAGE][PASSED] - Call Test Case 'Test Cases/mobileWeb/_include/get_screenshot' successfully

2019-09-19 04:43:46 - [TEST_STEP][PASSED] - verifyTextPresent("Congratulations", false): Text 'Congratulations' is present on page 

2019-09-19 04:43:46 - [MESSAGE][PASSED] - Text 'Congratulations' is present on page 

2019-09-19 04:43:46 - [MESSAGE][PASSED] - Call Test Case 'Test Cases/mobileWeb/_include/goToEnd_hbi' successfully]]></system-out>
         <system-err><![CDATA[]]></system-err>
      </testcase>
      <testcase name="Test Cases/mobileWeb/HBI/Health Choice" classname="Test Cases/mobileWeb/HBI/Health Choice" status="PASSED">
         <system-out><![CDATA[2019-09-19 04:43:46 - [TEST_CASE][PASSED] - Test Cases/mobileWeb/HBI/Health Choice: Test Cases/mobileWeb/HBI/Health Choice

2019-09-19 04:43:47 - [TEST_STEP][PASSED] - callTestCase(findTestCase("mobileWeb/_include/get_screenPath"), ["productLine":"hbi", "carrierName":"Health Choice"], CONTINUE_ON_FAILURE): Call Test Case 'Test Cases/mobileWeb/_include/get_screenPath' successfully

2019-09-19 04:43:47 - [TEST_CASE][PASSED] - Test Cases/mobileWeb/_include/get_screenPath: Test Cases/mobileWeb/_include/get_screenPath

2019-09-19 04:43:47 - [TEST_STEP][PASSED] - m = getExecutionProperties(): null

2019-09-19 04:43:47 - [TEST_STEP][PASSED] - deviceName = get("mobileEmulation").get("deviceName"): null

2019-09-19 04:43:47 - [TEST_STEP][PASSED] - println(deviceName): null

2019-09-19 04:43:47 - [TEST_STEP][PASSED] - now = new java.util.Date(): null

2019-09-19 04:43:47 - [TEST_STEP][PASSED] - mydate = now.format("yyyyMMdd_HHmmss"): null

2019-09-19 04:43:47 - [TEST_STEP][PASSED] - screenPath = "../Screenshots/": null

2019-09-19 04:43:47 - [TEST_STEP][PASSED] - screenPath = screenPath + deviceName + "/" + productLine + "/" + carrierName + "/" + mydate + "/": null

2019-09-19 04:43:47 - [TEST_STEP][PASSED] - println(screenPath): null

2019-09-19 04:43:47 - [MESSAGE][PASSED] - Call Test Case 'Test Cases/mobileWeb/_include/get_screenPath' successfully

2019-09-19 04:43:47 - [TEST_STEP][PASSED] - i = 0: null

2019-09-19 04:43:47 - [TEST_STEP][PASSED] - callTestCase(findTestCase("mobileWeb/_include/openWebSite"), [:], CONTINUE_ON_FAILURE): Call Test Case 'Test Cases/mobileWeb/_include/openWebSite' successfully

2019-09-19 04:43:47 - [TEST_CASE][PASSED] - Test Cases/mobileWeb/_include/openWebSite: Test Cases/mobileWeb/_include/openWebSite

2019-09-19 04:43:47 - [TEST_STEP][PASSED] - openBrowser(env): Browser is opened with url: 'https://praetemptatus.agilehealthinsurance.com'

2019-09-19 04:43:47 - [MESSAGE][WARNING] - A browser is already opened. Closing browser and opening a new one

2019-09-19 04:43:48 - [MESSAGE][INFO] - Starting 'Chrome' driver

2019-09-19 04:43:48 - [MESSAGE][INFO] - User set preference: ['mobileEmulation', '{deviceName=iPhone 6}']

2019-09-19 04:43:48 - [MESSAGE][INFO] - User set preference: ['args', '[--incognito, --aggressive-cache-discard, --window-size=375,677, --no-sandbox]']

2019-09-19 04:43:49 - [MESSAGE][PASSED] - Browser is opened with url: 'https://praetemptatus.agilehealthinsurance.com'

2019-09-19 04:43:49 - [TEST_STEP][PASSED] - waitForPageLoad(20): Wait for page load successfully

2019-09-19 04:43:49 - [MESSAGE][PASSED] - Wait for page load successfully

2019-09-19 04:43:49 - [TEST_STEP][PASSED] - Thread.sleep(2000): null

2019-09-19 04:43:51 - [TEST_STEP][PASSED] - callTestCase(findTestCase("mobileWeb/_include/get_screenshot"), [:], STOP_ON_FAILURE): Call Test Case 'Test Cases/mobileWeb/_include/get_screenshot' successfully

2019-09-19 04:43:51 - [TEST_CASE][PASSED] - Test Cases/mobileWeb/_include/get_screenshot: Test Cases/mobileWeb/_include/get_screenshot

2019-09-19 04:43:52 - [TEST_STEP][PASSED] - takeScreenshot(screenPath + i + ".png"): Taking screenshot successfully

2019-09-19 04:43:52 - [MESSAGE][PASSED] - Taking screenshot successfully
[[ATTACHMENT|D:\\Test\\AgileTest\\Reports\\mobileWeb\\hbi\\20190919_043544\\../Screenshots/iPhone 6/hbi/Health Choice/20190919_044347/0.png]]

2019-09-19 04:43:52 - [TEST_STEP][PASSED] - (internal.GlobalVariable.i++): null

2019-09-19 04:43:52 - [MESSAGE][PASSED] - Call Test Case 'Test Cases/mobileWeb/_include/get_screenshot' successfully

2019-09-19 04:43:52 - [MESSAGE][PASSED] - Call Test Case 'Test Cases/mobileWeb/_include/openWebSite' successfully

2019-09-19 04:43:52 - [TEST_STEP][PASSED] - callTestCase(findTestCase("mobileWeb/_include/census_hbi"), [:], CONTINUE_ON_FAILURE): Call Test Case 'Test Cases/mobileWeb/_include/census_hbi' successfully

2019-09-19 04:43:52 - [TEST_CASE][PASSED] - Test Cases/mobileWeb/_include/census_hbi: Test Cases/mobileWeb/_include/census_hbi

2019-09-19 04:43:52 - [TEST_STEP][PASSED] - click(findTestObject("mobileSanity/Common/side_nav/menu")): Object: 'Object Repository/mobileSanity/Common/side_nav/menu' is clicked on

2019-09-19 04:43:53 - [MESSAGE][PASSED] - Object: 'Object Repository/mobileSanity/Common/side_nav/menu' is clicked on

2019-09-19 04:43:53 - [TEST_STEP][PASSED] - Thread.sleep(3000): null

2019-09-19 04:43:56 - [TEST_STEP][PASSED] - callTestCase(findTestCase("mobileWeb/_include/get_screenshot"), [:], STOP_ON_FAILURE): Call Test Case 'Test Cases/mobileWeb/_include/get_screenshot' successfully

2019-09-19 04:43:56 - [TEST_CASE][PASSED] - Test Cases/mobileWeb/_include/get_screenshot: Test Cases/mobileWeb/_include/get_screenshot

2019-09-19 04:43:56 - [TEST_STEP][PASSED] - takeScreenshot(screenPath + i + ".png"): Taking screenshot successfully

2019-09-19 04:43:56 - [MESSAGE][PASSED] - Taking screenshot successfully
[[ATTACHMENT|D:\\Test\\AgileTest\\Reports\\mobileWeb\\hbi\\20190919_043544\\../Screenshots/iPhone 6/hbi/Health Choice/20190919_044347/1.png]]

2019-09-19 04:43:56 - [TEST_STEP][PASSED] - (internal.GlobalVariable.i++): null

2019-09-19 04:43:56 - [MESSAGE][PASSED] - Call Test Case 'Test Cases/mobileWeb/_include/get_screenshot' successfully

2019-09-19 04:43:56 - [TEST_STEP][PASSED] - click(findTestObject("mobileSanity/Common/side_nav/nav_hbi")): Object: 'Object Repository/mobileSanity/Common/side_nav/nav_hbi' is clicked on

2019-09-19 04:43:56 - [MESSAGE][PASSED] - Object: 'Object Repository/mobileSanity/Common/side_nav/nav_hbi' is clicked on

2019-09-19 04:43:56 - [TEST_STEP][PASSED] - waitForPageLoad(10): Wait for page load successfully

2019-09-19 04:43:57 - [MESSAGE][PASSED] - Wait for page load successfully

2019-09-19 04:43:57 - [TEST_STEP][PASSED] - Thread.sleep(3000): null

2019-09-19 04:44:00 - [TEST_STEP][PASSED] - callTestCase(findTestCase("mobileWeb/_include/get_screenshot"), [:], STOP_ON_FAILURE): Call Test Case 'Test Cases/mobileWeb/_include/get_screenshot' successfully

2019-09-19 04:44:00 - [TEST_CASE][PASSED] - Test Cases/mobileWeb/_include/get_screenshot: Test Cases/mobileWeb/_include/get_screenshot

2019-09-19 04:44:00 - [TEST_STEP][PASSED] - takeScreenshot(screenPath + i + ".png"): Taking screenshot successfully

2019-09-19 04:44:00 - [MESSAGE][PASSED] - Taking screenshot successfully
[[ATTACHMENT|D:\\Test\\AgileTest\\Reports\\mobileWeb\\hbi\\20190919_043544\\../Screenshots/iPhone 6/hbi/Health Choice/20190919_044347/2.png]]

2019-09-19 04:44:00 - [TEST_STEP][PASSED] - (internal.GlobalVariable.i++): null

2019-09-19 04:44:00 - [MESSAGE][PASSED] - Call Test Case 'Test Cases/mobileWeb/_include/get_screenshot' successfully

2019-09-19 04:44:00 - [TEST_STEP][PASSED] - setText(findTestObject("mobileSanity/HBI/census/input_Location_zip-input"), zipcode): Text '35215' is set on object 'Object Repository/mobileSanity/HBI/census/input_Location_zip-input'

2019-09-19 04:44:00 - [MESSAGE][PASSED] - Text '35215' is set on object 'Object Repository/mobileSanity/HBI/census/input_Location_zip-input'

2019-09-19 04:44:00 - [TEST_STEP][PASSED] - Thread.sleep(500): null

2019-09-19 04:44:01 - [TEST_STEP][PASSED] - setText(findTestObject("mobileSanity/HBI/census/input_Date of Birth_dob-0"), "12121980"): Text '12121980' is set on object 'Object Repository/mobileSanity/HBI/census/input_Date of Birth_dob-0'

2019-09-19 04:44:01 - [MESSAGE][PASSED] - Text '12121980' is set on object 'Object Repository/mobileSanity/HBI/census/input_Date of Birth_dob-0'

2019-09-19 04:44:01 - [TEST_STEP][PASSED] - click(findTestObject("mobileSanity/HBI/census/label_Male")): Object: 'Object Repository/mobileSanity/HBI/census/label_Male' is clicked on

2019-09-19 04:44:01 - [MESSAGE][PASSED] - Object: 'Object Repository/mobileSanity/HBI/census/label_Male' is clicked on

2019-09-19 04:44:01 - [TEST_STEP][PASSED] - click(findTestObject("mobileSanity/HBI/census/label_Get a Quote")): Object: 'Object Repository/mobileSanity/HBI/census/label_Get a Quote' is clicked on

2019-09-19 04:44:02 - [MESSAGE][PASSED] - Object: 'Object Repository/mobileSanity/HBI/census/label_Get a Quote' is clicked on

2019-09-19 04:44:02 - [TEST_STEP][PASSED] - waitForPageLoad(20): Wait for page load successfully

2019-09-19 04:44:02 - [MESSAGE][PASSED] - Wait for page load successfully

2019-09-19 04:44:02 - [TEST_STEP][PASSED] - Thread.sleep(3000): null

2019-09-19 04:44:05 - [TEST_STEP][PASSED] - callTestCase(findTestCase("mobileWeb/_include/get_screenshot"), [:], STOP_ON_FAILURE): Call Test Case 'Test Cases/mobileWeb/_include/get_screenshot' successfully

2019-09-19 04:44:05 - [TEST_CASE][PASSED] - Test Cases/mobileWeb/_include/get_screenshot: Test Cases/mobileWeb/_include/get_screenshot

2019-09-19 04:44:05 - [TEST_STEP][PASSED] - takeScreenshot(screenPath + i + ".png"): Taking screenshot successfully

2019-09-19 04:44:06 - [MESSAGE][PASSED] - Taking screenshot successfully
[[ATTACHMENT|D:\\Test\\AgileTest\\Reports\\mobileWeb\\hbi\\20190919_043544\\../Screenshots/iPhone 6/hbi/Health Choice/20190919_044347/3.png]]

2019-09-19 04:44:06 - [TEST_STEP][PASSED] - (internal.GlobalVariable.i++): null

2019-09-19 04:44:06 - [MESSAGE][PASSED] - Call Test Case 'Test Cases/mobileWeb/_include/get_screenshot' successfully

2019-09-19 04:44:06 - [MESSAGE][PASSED] - Call Test Case 'Test Cases/mobileWeb/_include/census_hbi' successfully

2019-09-19 04:44:06 - [TEST_STEP][PASSED] - Thread.sleep(5000): null

2019-09-19 04:44:11 - [TEST_STEP][PASSED] - scrollToPosition(200, 2300): Browser is scrolled to position x = 200, y = 2300

2019-09-19 04:44:11 - [MESSAGE][PASSED] - Browser is scrolled to position x = 200, y = 2300

2019-09-19 04:44:11 - [TEST_STEP][PASSED] - click(findTestObject("mobileSanity/HBI/quote/a_Health Choice")): Object: 'Object Repository/mobileSanity/HBI/quote/a_Health Choice' is clicked on

2019-09-19 04:44:11 - [MESSAGE][PASSED] - Object: 'Object Repository/mobileSanity/HBI/quote/a_Health Choice' is clicked on

2019-09-19 04:44:11 - [TEST_STEP][PASSED] - waitForPageLoad(20): Wait for page load successfully

2019-09-19 04:44:12 - [MESSAGE][PASSED] - Wait for page load successfully

2019-09-19 04:44:12 - [TEST_STEP][PASSED] - callTestCase(findTestCase("mobileWeb/_include/get_screenshot"), [:], STOP_ON_FAILURE): Call Test Case 'Test Cases/mobileWeb/_include/get_screenshot' successfully

2019-09-19 04:44:12 - [TEST_CASE][PASSED] - Test Cases/mobileWeb/_include/get_screenshot: Test Cases/mobileWeb/_include/get_screenshot

2019-09-19 04:44:12 - [TEST_STEP][PASSED] - takeScreenshot(screenPath + i + ".png"): Taking screenshot successfully

2019-09-19 04:44:12 - [MESSAGE][PASSED] - Taking screenshot successfully
[[ATTACHMENT|D:\\Test\\AgileTest\\Reports\\mobileWeb\\hbi\\20190919_043544\\../Screenshots/iPhone 6/hbi/Health Choice/20190919_044347/4.png]]

2019-09-19 04:44:12 - [TEST_STEP][PASSED] - (internal.GlobalVariable.i++): null

2019-09-19 04:44:12 - [MESSAGE][PASSED] - Call Test Case 'Test Cases/mobileWeb/_include/get_screenshot' successfully

2019-09-19 04:44:12 - [TEST_STEP][PASSED] - click(findTestObject("mobileSanity/HBI/detail/a_Apply for This Plan")): Object: 'Object Repository/mobileSanity/HBI/detail/a_Apply for This Plan' is clicked on

2019-09-19 04:44:13 - [MESSAGE][PASSED] - Object: 'Object Repository/mobileSanity/HBI/detail/a_Apply for This Plan' is clicked on

2019-09-19 04:44:13 - [TEST_STEP][PASSED] - waitForPageLoad(20): Wait for page load successfully

2019-09-19 04:44:13 - [MESSAGE][PASSED] - Wait for page load successfully

2019-09-19 04:44:13 - [TEST_STEP][PASSED] - callTestCase(findTestCase("mobileWeb/_include/get_screenshot"), [:], STOP_ON_FAILURE): Call Test Case 'Test Cases/mobileWeb/_include/get_screenshot' successfully

2019-09-19 04:44:13 - [TEST_CASE][PASSED] - Test Cases/mobileWeb/_include/get_screenshot: Test Cases/mobileWeb/_include/get_screenshot

2019-09-19 04:44:13 - [TEST_STEP][PASSED] - takeScreenshot(screenPath + i + ".png"): Taking screenshot successfully

2019-09-19 04:44:13 - [MESSAGE][PASSED] - Taking screenshot successfully
[[ATTACHMENT|D:\\Test\\AgileTest\\Reports\\mobileWeb\\hbi\\20190919_043544\\../Screenshots/iPhone 6/hbi/Health Choice/20190919_044347/5.png]]

2019-09-19 04:44:13 - [TEST_STEP][PASSED] - (internal.GlobalVariable.i++): null

2019-09-19 04:44:13 - [MESSAGE][PASSED] - Call Test Case 'Test Cases/mobileWeb/_include/get_screenshot' successfully

2019-09-19 04:44:13 - [TEST_STEP][PASSED] - click(findTestObject("mobileSanity/HBI/Page_Apply/span_Start Secure Application")): Object: 'Object Repository/mobileSanity/HBI/Page_Apply/span_Start Secure Application' is clicked on

2019-09-19 04:44:14 - [MESSAGE][PASSED] - Object: 'Object Repository/mobileSanity/HBI/Page_Apply/span_Start Secure Application' is clicked on

2019-09-19 04:44:14 - [TEST_STEP][PASSED] - waitForPageLoad(20): Wait for page load successfully

2019-09-19 04:44:15 - [MESSAGE][PASSED] - Wait for page load successfully

2019-09-19 04:44:15 - [TEST_STEP][PASSED] - Thread.sleep(5000): null

2019-09-19 04:44:20 - [TEST_STEP][PASSED] - callTestCase(findTestCase("mobileWeb/_include/get_screenshot"), [:], STOP_ON_FAILURE): Call Test Case 'Test Cases/mobileWeb/_include/get_screenshot' successfully

2019-09-19 04:44:20 - [TEST_CASE][PASSED] - Test Cases/mobileWeb/_include/get_screenshot: Test Cases/mobileWeb/_include/get_screenshot

2019-09-19 04:44:20 - [TEST_STEP][PASSED] - takeScreenshot(screenPath + i + ".png"): Taking screenshot successfully

2019-09-19 04:44:20 - [MESSAGE][PASSED] - Taking screenshot successfully
[[ATTACHMENT|D:\\Test\\AgileTest\\Reports\\mobileWeb\\hbi\\20190919_043544\\../Screenshots/iPhone 6/hbi/Health Choice/20190919_044347/6.png]]

2019-09-19 04:44:20 - [TEST_STEP][PASSED] - (internal.GlobalVariable.i++): null

2019-09-19 04:44:20 - [MESSAGE][PASSED] - Call Test Case 'Test Cases/mobileWeb/_include/get_screenshot' successfully

2019-09-19 04:44:20 - [TEST_STEP][PASSED] - callTestCase(findTestCase("mobileWeb/_include/goToEnd_hbi"), ["carrier":"healthchoiceplus"], CONTINUE_ON_FAILURE): Call Test Case 'Test Cases/mobileWeb/_include/goToEnd_hbi' successfully

2019-09-19 04:44:20 - [TEST_CASE][PASSED] - Test Cases/mobileWeb/_include/goToEnd_hbi: Test Cases/mobileWeb/_include/goToEnd_hbi

2019-09-19 04:44:20 - [TEST_STEP][PASSED] - if (state == "ca"): null

2019-09-19 04:44:20 - [TEST_STEP][PASSED] - callTestCase(findTestCase("mobileWeb/_include/name"), [:], CONTINUE_ON_FAILURE): Call Test Case 'Test Cases/mobileWeb/_include/name' successfully

2019-09-19 04:44:20 - [TEST_CASE][PASSED] - Test Cases/mobileWeb/_include/name: Test Cases/mobileWeb/_include/name

2019-09-19 04:44:20 - [TEST_STEP][PASSED] - driver = getWebDriver(): null

2019-09-19 04:44:20 - [TEST_STEP][PASSED] - selenium = new com.thoughtworks.selenium.webdriven.WebDriverBackedSelenium(driver, internal.GlobalVariable.ENV): null

2019-09-19 04:44:20 - [TEST_STEP][PASSED] - FirstName = "Test-123": null

2019-09-19 04:44:20 - [TEST_STEP][PASSED] - LastName = selenium.getEval("{var x="ABCDEFGHIJKLMNOPQRSTUVWXYZabcdefghijklmnopqrstuvwxyz"; var tmp="ZZ11-"; for (i=0;i<8;i++) tmp+=x.charAt(Math.ceil(51*Math.random()));tmp;}"): null

2019-09-19 04:44:20 - [TEST_STEP][PASSED] - Address = selenium.getEval("{var x="ABCDEFGHIJKLMNOPQRSTUVWXYZabcdefghijklmnopqrstuvwxyz"; var tmp=""; for (i=0;i<8;i++) tmp+=x.charAt(Math.ceil(51*Math.random()));tmp;}"): null

2019-09-19 04:44:20 - [TEST_STEP][PASSED] - City = selenium.getEval("{var x="ABCDEFGHIJKLMNOPQRSTUVWXYZabcdefghijklmnopqrstuvwxyz"; var tmp=""; for (i=0;i<8;i++) tmp+=x.charAt(Math.ceil(51*Math.random()));tmp;}"): null

2019-09-19 04:44:20 - [TEST_STEP][PASSED] - tel1 = selenium.getEval("{var x="123456789"; var tmp=""; for (i=0;i<3;i++) tmp+=x.charAt(Math.ceil(8*Math.random()));tmp;}"): null

2019-09-19 04:44:20 - [TEST_STEP][PASSED] - tel2 = selenium.getEval("{var x="123456789"; var tmp=""; for (i=0;i<3;i++) tmp+=x.charAt(Math.ceil(8*Math.random()));tmp;}"): null

2019-09-19 04:44:20 - [TEST_STEP][PASSED] - tel3 = selenium.getEval("{var x="123456789"; var tmp=""; for (i=0;i<4;i++) tmp+=x.charAt(Math.ceil(8*Math.random()));tmp;}"): null

2019-09-19 04:44:20 - [TEST_STEP][PASSED] - Tel = selenium.getExpression(tel1 + "-" + tel2 + "-" + tel3): null

2019-09-19 04:44:20 - [TEST_STEP][PASSED] - AutoEmail = selenium.getEval("{var x="ABCDEFGHIJKLMNOPQRSTUVWXYZabcdefghijklmnopqrstuvwxyz"; var tmp="test."; for (i=0;i<8;i++) tmp+=x.charAt(Math.ceil(51*Math.random()));tmp+="@suryani.cn";}"): null

2019-09-19 04:44:20 - [TEST_STEP][PASSED] - FirstName = FirstName: null

2019-09-19 04:44:20 - [TEST_STEP][PASSED] - LastName = LastName: null

2019-09-19 04:44:20 - [TEST_STEP][PASSED] - Address = Address: null

2019-09-19 04:44:20 - [TEST_STEP][PASSED] - City = City: null

2019-09-19 04:44:20 - [TEST_STEP][PASSED] - Tel = Tel: null

2019-09-19 04:44:20 - [TEST_STEP][PASSED] - AutoEmail = AutoEmail: null

2019-09-19 04:44:20 - [TEST_STEP][PASSED] - println(FirstName): null

2019-09-19 04:44:20 - [TEST_STEP][PASSED] - println(LastName): null

2019-09-19 04:44:20 - [TEST_STEP][PASSED] - println(Address): null

2019-09-19 04:44:20 - [TEST_STEP][PASSED] - println(City): null

2019-09-19 04:44:20 - [TEST_STEP][PASSED] - println(Tel): null

2019-09-19 04:44:20 - [TEST_STEP][PASSED] - println(AutoEmail): null

2019-09-19 04:44:20 - [MESSAGE][PASSED] - Call Test Case 'Test Cases/mobileWeb/_include/name' successfully

2019-09-19 04:44:20 - [TEST_STEP][PASSED] - setText(findTestObject("mobileSanity/HBI/Page_App Page 1/input__member-P-1-firstName"), FirstName): Text 'Test-123' is set on object 'Object Repository/mobileSanity/HBI/Page_App Page 1/input__member-P-1-firstName'

2019-09-19 04:44:20 - [MESSAGE][PASSED] - Text 'Test-123' is set on object 'Object Repository/mobileSanity/HBI/Page_App Page 1/input__member-P-1-firstName'

2019-09-19 04:44:20 - [TEST_STEP][PASSED] - setText(findTestObject("mobileSanity/HBI/Page_App Page 1/input__member-P-1-lastName"), LastName): Text 'ZZ11-XOiuLTBH' is set on object 'Object Repository/mobileSanity/HBI/Page_App Page 1/input__member-P-1-lastName'

2019-09-19 04:44:21 - [MESSAGE][PASSED] - Text 'ZZ11-XOiuLTBH' is set on object 'Object Repository/mobileSanity/HBI/Page_App Page 1/input__member-P-1-lastName'

2019-09-19 04:44:21 - [TEST_STEP][PASSED] - if (carrier == "agileone" || carrier == "agilesecure"): null

2019-09-19 04:44:21 - [TEST_STEP][PASSED] - setText(findTestObject("mobileSanity/HBI/Page_App Page 1/input__address"), Address): Text 'kQBbhFfH' is set on object 'Object Repository/mobileSanity/HBI/Page_App Page 1/input__address'

2019-09-19 04:44:21 - [MESSAGE][PASSED] - Text 'kQBbhFfH' is set on object 'Object Repository/mobileSanity/HBI/Page_App Page 1/input__address'

2019-09-19 04:44:21 - [TEST_STEP][PASSED] - setText(findTestObject("mobileSanity/HBI/Page_App Page 1/input__city"), City): Text 'EWfmJUGB' is set on object 'Object Repository/mobileSanity/HBI/Page_App Page 1/input__city'

2019-09-19 04:44:21 - [MESSAGE][PASSED] - Text 'EWfmJUGB' is set on object 'Object Repository/mobileSanity/HBI/Page_App Page 1/input__city'

2019-09-19 04:44:21 - [TEST_STEP][PASSED] - setText(findTestObject("mobileSanity/HBI/Page_App Page 1/input__email"), AutoEmail): Text 'test.bkcFZRZL@suryani.cn' is set on object 'Object Repository/mobileSanity/HBI/Page_App Page 1/input__email'

2019-09-19 04:44:22 - [MESSAGE][PASSED] - Text 'test.bkcFZRZL@suryani.cn' is set on object 'Object Repository/mobileSanity/HBI/Page_App Page 1/input__email'

2019-09-19 04:44:22 - [TEST_STEP][PASSED] - setText(findTestObject("mobileSanity/HBI/Page_App Page 1/input_tel"), Tel): Text '264-664-7763' is set on object 'Object Repository/mobileSanity/HBI/Page_App Page 1/input_tel'

2019-09-19 04:44:22 - [MESSAGE][PASSED] - Text '264-664-7763' is set on object 'Object Repository/mobileSanity/HBI/Page_App Page 1/input_tel'

2019-09-19 04:44:22 - [TEST_STEP][PASSED] - click(findTestObject("mobileSanity/HBI/Page_App Page 1/a_Continue to Step 2 - Payment")): Object: 'Object Repository/mobileSanity/HBI/Page_App Page 1/a_Continue to Step 2 - Payment' is clicked on

2019-09-19 04:44:22 - [MESSAGE][PASSED] - Object: 'Object Repository/mobileSanity/HBI/Page_App Page 1/a_Continue to Step 2 - Payment' is clicked on

2019-09-19 04:44:22 - [TEST_STEP][PASSED] - waitForPageLoad(20): Wait for page load successfully

2019-09-19 04:44:22 - [MESSAGE][PASSED] - Wait for page load successfully

2019-09-19 04:44:22 - [TEST_STEP][PASSED] - Thread.sleep(2000): null

2019-09-19 04:44:24 - [TEST_STEP][PASSED] - waitForElementVisible(findTestObject("mobileSanity/HBI/Page_App Page 2/input__credit-card-first"), 20): Object 'Object Repository/mobileSanity/HBI/Page_App Page 2/input__credit-card-first' is visible

2019-09-19 04:44:24 - [MESSAGE][PASSED] - Object 'Object Repository/mobileSanity/HBI/Page_App Page 2/input__credit-card-first' is visible

2019-09-19 04:44:24 - [TEST_STEP][PASSED] - callTestCase(findTestCase("mobileWeb/_include/get_screenshot"), [:], STOP_ON_FAILURE): Call Test Case 'Test Cases/mobileWeb/_include/get_screenshot' successfully

2019-09-19 04:44:24 - [TEST_CASE][PASSED] - Test Cases/mobileWeb/_include/get_screenshot: Test Cases/mobileWeb/_include/get_screenshot

2019-09-19 04:44:24 - [TEST_STEP][PASSED] - takeScreenshot(screenPath + i + ".png"): Taking screenshot successfully

2019-09-19 04:44:24 - [MESSAGE][PASSED] - Taking screenshot successfully
[[ATTACHMENT|D:\\Test\\AgileTest\\Reports\\mobileWeb\\hbi\\20190919_043544\\../Screenshots/iPhone 6/hbi/Health Choice/20190919_044347/7.png]]

2019-09-19 04:44:24 - [TEST_STEP][PASSED] - (internal.GlobalVariable.i++): null

2019-09-19 04:44:24 - [MESSAGE][PASSED] - Call Test Case 'Test Cases/mobileWeb/_include/get_screenshot' successfully

2019-09-19 04:44:24 - [TEST_STEP][PASSED] - setText(findTestObject("mobileSanity/HBI/Page_App Page 2/input__credit-card-first"), FirstName): Text 'Test-123' is set on object 'Object Repository/mobileSanity/HBI/Page_App Page 2/input__credit-card-first'

2019-09-19 04:44:25 - [MESSAGE][PASSED] - Text 'Test-123' is set on object 'Object Repository/mobileSanity/HBI/Page_App Page 2/input__credit-card-first'

2019-09-19 04:44:25 - [TEST_STEP][PASSED] - setText(findTestObject("mobileSanity/HBI/Page_App Page 2/input__credit-card-last"), LastName): Text 'ZZ11-XOiuLTBH' is set on object 'Object Repository/mobileSanity/HBI/Page_App Page 2/input__credit-card-last'

2019-09-19 04:44:25 - [MESSAGE][PASSED] - Text 'ZZ11-XOiuLTBH' is set on object 'Object Repository/mobileSanity/HBI/Page_App Page 2/input__credit-card-last'

2019-09-19 04:44:25 - [TEST_STEP][PASSED] - selectOptionByValue(findTestObject("mobileSanity/HBI/Page_App Page 2/select_MM010203040506070809101"), "12", true): All options with value '12' are selected in object 'Object Repository/mobileSanity/HBI/Page_App Page 2/select_MM010203040506070809101'  using regular expression

2019-09-19 04:44:25 - [MESSAGE][PASSED] - All options with value '12' are selected in object 'Object Repository/mobileSanity/HBI/Page_App Page 2/select_MM010203040506070809101'  using regular expression

2019-09-19 04:44:25 - [TEST_STEP][PASSED] - selectOptionByValue(findTestObject("mobileSanity/HBI/Page_App Page 2/select_YYYY2019202020212022202"), "2026", true): All options with value '2026' are selected in object 'Object Repository/mobileSanity/HBI/Page_App Page 2/select_YYYY2019202020212022202'  using regular expression

2019-09-19 04:44:25 - [MESSAGE][PASSED] - All options with value '2026' are selected in object 'Object Repository/mobileSanity/HBI/Page_App Page 2/select_YYYY2019202020212022202'  using regular expression

2019-09-19 04:44:25 - [TEST_STEP][PASSED] - setText(findTestObject("mobileSanity/HBI/Page_App Page 2/input__credit-card-number"), "4111111111111111"): Text '4111111111111111' is set on object 'Object Repository/mobileSanity/HBI/Page_App Page 2/input__credit-card-number'

2019-09-19 04:44:25 - [MESSAGE][PASSED] - Text '4111111111111111' is set on object 'Object Repository/mobileSanity/HBI/Page_App Page 2/input__credit-card-number'

2019-09-19 04:44:25 - [TEST_STEP][PASSED] - setText(findTestObject("mobileSanity/HBI/Page_App Page 2/input__cvv"), "123"): Text '123' is set on object 'Object Repository/mobileSanity/HBI/Page_App Page 2/input__cvv'

2019-09-19 04:44:26 - [MESSAGE][PASSED] - Text '123' is set on object 'Object Repository/mobileSanity/HBI/Page_App Page 2/input__cvv'

2019-09-19 04:44:26 - [TEST_STEP][PASSED] - click(findTestObject("mobileSanity/HBI/Page_App Page 2/label_My billing address is th")): Object: 'Object Repository/mobileSanity/HBI/Page_App Page 2/label_My billing address is th' is clicked on

2019-09-19 04:44:26 - [MESSAGE][PASSED] - Object: 'Object Repository/mobileSanity/HBI/Page_App Page 2/label_My billing address is th' is clicked on

2019-09-19 04:44:26 - [TEST_STEP][PASSED] - click(findTestObject("mobileSanity/HBI/Page_App Page 2/label_I Accept Authorization f")): Object: 'Object Repository/mobileSanity/HBI/Page_App Page 2/label_I Accept Authorization f' is clicked on

2019-09-19 04:44:26 - [MESSAGE][PASSED] - Object: 'Object Repository/mobileSanity/HBI/Page_App Page 2/label_I Accept Authorization f' is clicked on

2019-09-19 04:44:26 - [TEST_STEP][PASSED] - click(findTestObject("mobileSanity/HBI/Page_App Page 2/a_Continue to Step 3 - Review")): Object: 'Object Repository/mobileSanity/HBI/Page_App Page 2/a_Continue to Step 3 - Review' is clicked on

2019-09-19 04:44:26 - [MESSAGE][PASSED] - Object: 'Object Repository/mobileSanity/HBI/Page_App Page 2/a_Continue to Step 3 - Review' is clicked on

2019-09-19 04:44:26 - [TEST_STEP][PASSED] - waitForPageLoad(20): Wait for page load successfully

2019-09-19 04:44:26 - [MESSAGE][PASSED] - Wait for page load successfully

2019-09-19 04:44:26 - [TEST_STEP][PASSED] - Thread.sleep(10000): null

2019-09-19 04:44:36 - [TEST_STEP][PASSED] - waitForElementPresent(findTestObject("mobileSanity/HBI/Page_App Page 3/label"), 20): Object 'Object Repository/mobileSanity/HBI/Page_App Page 3/label' is present

2019-09-19 04:44:37 - [MESSAGE][PASSED] - Object 'Object Repository/mobileSanity/HBI/Page_App Page 3/label' is present

2019-09-19 04:44:37 - [TEST_STEP][PASSED] - callTestCase(findTestCase("mobileWeb/_include/get_screenshot"), [:], STOP_ON_FAILURE): Call Test Case 'Test Cases/mobileWeb/_include/get_screenshot' successfully

2019-09-19 04:44:37 - [TEST_CASE][PASSED] - Test Cases/mobileWeb/_include/get_screenshot: Test Cases/mobileWeb/_include/get_screenshot

2019-09-19 04:44:37 - [TEST_STEP][PASSED] - takeScreenshot(screenPath + i + ".png"): Taking screenshot successfully

2019-09-19 04:44:37 - [MESSAGE][PASSED] - Taking screenshot successfully
[[ATTACHMENT|D:\\Test\\AgileTest\\Reports\\mobileWeb\\hbi\\20190919_043544\\../Screenshots/iPhone 6/hbi/Health Choice/20190919_044347/8.png]]

2019-09-19 04:44:37 - [TEST_STEP][PASSED] - (internal.GlobalVariable.i++): null

2019-09-19 04:44:37 - [MESSAGE][PASSED] - Call Test Case 'Test Cases/mobileWeb/_include/get_screenshot' successfully

2019-09-19 04:44:37 - [TEST_STEP][PASSED] - click(findTestObject("mobileSanity/HBI/Page_App Page 3/label")): Object: 'Object Repository/mobileSanity/HBI/Page_App Page 3/label' is clicked on

2019-09-19 04:44:37 - [MESSAGE][PASSED] - Object: 'Object Repository/mobileSanity/HBI/Page_App Page 3/label' is clicked on

2019-09-19 04:44:37 - [TEST_STEP][PASSED] - click(findTestObject("mobileSanity/HBI/Page_App Page 3/p_CLICK TO SIGN")): Object: 'Object Repository/mobileSanity/HBI/Page_App Page 3/p_CLICK TO SIGN' is clicked on

2019-09-19 04:44:37 - [MESSAGE][PASSED] - Object: 'Object Repository/mobileSanity/HBI/Page_App Page 3/p_CLICK TO SIGN' is clicked on

2019-09-19 04:44:37 - [TEST_STEP][PASSED] - click(findTestObject("mobileSanity/HBI/Page_App Page 3/a_Submit Your Application")): Object: 'Object Repository/mobileSanity/HBI/Page_App Page 3/a_Submit Your Application' is clicked on

2019-09-19 04:44:37 - [MESSAGE][PASSED] - Object: 'Object Repository/mobileSanity/HBI/Page_App Page 3/a_Submit Your Application' is clicked on

2019-09-19 04:44:37 - [TEST_STEP][PASSED] - Thread.sleep(30000): null

2019-09-19 04:45:07 - [TEST_STEP][PASSED] - callTestCase(findTestCase("mobileWeb/_include/get_screenshot"), [:], STOP_ON_FAILURE): Call Test Case 'Test Cases/mobileWeb/_include/get_screenshot' successfully

2019-09-19 04:45:07 - [TEST_CASE][PASSED] - Test Cases/mobileWeb/_include/get_screenshot: Test Cases/mobileWeb/_include/get_screenshot

2019-09-19 04:45:07 - [TEST_STEP][PASSED] - takeScreenshot(screenPath + i + ".png"): Taking screenshot successfully

2019-09-19 04:45:08 - [MESSAGE][PASSED] - Taking screenshot successfully
[[ATTACHMENT|D:\\Test\\AgileTest\\Reports\\mobileWeb\\hbi\\20190919_043544\\../Screenshots/iPhone 6/hbi/Health Choice/20190919_044347/9.png]]

2019-09-19 04:45:08 - [TEST_STEP][PASSED] - (internal.GlobalVariable.i++): null

2019-09-19 04:45:08 - [MESSAGE][PASSED] - Call Test Case 'Test Cases/mobileWeb/_include/get_screenshot' successfully

2019-09-19 04:45:08 - [TEST_STEP][PASSED] - verifyTextPresent("Congratulations", false): Text 'Congratulations' is present on page 

2019-09-19 04:45:08 - [MESSAGE][PASSED] - Text 'Congratulations' is present on page 

2019-09-19 04:45:08 - [MESSAGE][PASSED] - Call Test Case 'Test Cases/mobileWeb/_include/goToEnd_hbi' successfully]]></system-out>
         <system-err><![CDATA[]]></system-err>
      </testcase>
      <testcase name="Test Cases/mobileWeb/HBI/Vitala Care" classname="Test Cases/mobileWeb/HBI/Vitala Care" status="PASSED">
         <system-out><![CDATA[2019-09-19 04:45:08 - [TEST_CASE][PASSED] - Test Cases/mobileWeb/HBI/Vitala Care: Test Cases/mobileWeb/HBI/Vitala Care

2019-09-19 04:45:08 - [TEST_STEP][PASSED] - callTestCase(findTestCase("mobileWeb/_include/get_screenPath"), ["productLine":"hbi", "carrierName":"Vitala Care"], CONTINUE_ON_FAILURE): Call Test Case 'Test Cases/mobileWeb/_include/get_screenPath' successfully

2019-09-19 04:45:08 - [TEST_CASE][PASSED] - Test Cases/mobileWeb/_include/get_screenPath: Test Cases/mobileWeb/_include/get_screenPath

2019-09-19 04:45:08 - [TEST_STEP][PASSED] - m = getExecutionProperties(): null

2019-09-19 04:45:08 - [TEST_STEP][PASSED] - deviceName = get("mobileEmulation").get("deviceName"): null

2019-09-19 04:45:08 - [TEST_STEP][PASSED] - println(deviceName): null

2019-09-19 04:45:08 - [TEST_STEP][PASSED] - now = new java.util.Date(): null

2019-09-19 04:45:08 - [TEST_STEP][PASSED] - mydate = now.format("yyyyMMdd_HHmmss"): null

2019-09-19 04:45:08 - [TEST_STEP][PASSED] - screenPath = "../Screenshots/": null

2019-09-19 04:45:08 - [TEST_STEP][PASSED] - screenPath = screenPath + deviceName + "/" + productLine + "/" + carrierName + "/" + mydate + "/": null

2019-09-19 04:45:08 - [TEST_STEP][PASSED] - println(screenPath): null

2019-09-19 04:45:08 - [MESSAGE][PASSED] - Call Test Case 'Test Cases/mobileWeb/_include/get_screenPath' successfully

2019-09-19 04:45:08 - [TEST_STEP][PASSED] - i = 0: null

2019-09-19 04:45:08 - [TEST_STEP][PASSED] - callTestCase(findTestCase("mobileWeb/_include/openWebSite"), [:], CONTINUE_ON_FAILURE): Call Test Case 'Test Cases/mobileWeb/_include/openWebSite' successfully

2019-09-19 04:45:08 - [TEST_CASE][PASSED] - Test Cases/mobileWeb/_include/openWebSite: Test Cases/mobileWeb/_include/openWebSite

2019-09-19 04:45:08 - [TEST_STEP][PASSED] - openBrowser(env): Browser is opened with url: 'https://praetemptatus.agilehealthinsurance.com'

2019-09-19 04:45:08 - [MESSAGE][WARNING] - A browser is already opened. Closing browser and opening a new one

2019-09-19 04:45:09 - [MESSAGE][INFO] - Starting 'Chrome' driver

2019-09-19 04:45:09 - [MESSAGE][INFO] - User set preference: ['mobileEmulation', '{deviceName=iPhone 6}']

2019-09-19 04:45:09 - [MESSAGE][INFO] - User set preference: ['args', '[--incognito, --aggressive-cache-discard, --window-size=375,677, --no-sandbox]']

2019-09-19 04:45:10 - [MESSAGE][PASSED] - Browser is opened with url: 'https://praetemptatus.agilehealthinsurance.com'

2019-09-19 04:45:10 - [TEST_STEP][PASSED] - waitForPageLoad(20): Wait for page load successfully

2019-09-19 04:45:11 - [MESSAGE][PASSED] - Wait for page load successfully

2019-09-19 04:45:11 - [TEST_STEP][PASSED] - Thread.sleep(2000): null

2019-09-19 04:45:13 - [TEST_STEP][PASSED] - callTestCase(findTestCase("mobileWeb/_include/get_screenshot"), [:], STOP_ON_FAILURE): Call Test Case 'Test Cases/mobileWeb/_include/get_screenshot' successfully

2019-09-19 04:45:13 - [TEST_CASE][PASSED] - Test Cases/mobileWeb/_include/get_screenshot: Test Cases/mobileWeb/_include/get_screenshot

2019-09-19 04:45:13 - [TEST_STEP][PASSED] - takeScreenshot(screenPath + i + ".png"): Taking screenshot successfully

2019-09-19 04:45:13 - [MESSAGE][PASSED] - Taking screenshot successfully
[[ATTACHMENT|D:\\Test\\AgileTest\\Reports\\mobileWeb\\hbi\\20190919_043544\\../Screenshots/iPhone 6/hbi/Vitala Care/20190919_044508/0.png]]

2019-09-19 04:45:13 - [TEST_STEP][PASSED] - (internal.GlobalVariable.i++): null

2019-09-19 04:45:13 - [MESSAGE][PASSED] - Call Test Case 'Test Cases/mobileWeb/_include/get_screenshot' successfully

2019-09-19 04:45:13 - [MESSAGE][PASSED] - Call Test Case 'Test Cases/mobileWeb/_include/openWebSite' successfully

2019-09-19 04:45:13 - [TEST_STEP][PASSED] - callTestCase(findTestCase("mobileWeb/_include/census_hbi"), ["zipcode":"90011"], CONTINUE_ON_FAILURE): Call Test Case 'Test Cases/mobileWeb/_include/census_hbi' successfully

2019-09-19 04:45:13 - [TEST_CASE][PASSED] - Test Cases/mobileWeb/_include/census_hbi: Test Cases/mobileWeb/_include/census_hbi

2019-09-19 04:45:13 - [TEST_STEP][PASSED] - click(findTestObject("mobileSanity/Common/side_nav/menu")): Object: 'Object Repository/mobileSanity/Common/side_nav/menu' is clicked on

2019-09-19 04:45:13 - [MESSAGE][PASSED] - Object: 'Object Repository/mobileSanity/Common/side_nav/menu' is clicked on

2019-09-19 04:45:13 - [TEST_STEP][PASSED] - Thread.sleep(3000): null

2019-09-19 04:45:16 - [TEST_STEP][PASSED] - callTestCase(findTestCase("mobileWeb/_include/get_screenshot"), [:], STOP_ON_FAILURE): Call Test Case 'Test Cases/mobileWeb/_include/get_screenshot' successfully

2019-09-19 04:45:16 - [TEST_CASE][PASSED] - Test Cases/mobileWeb/_include/get_screenshot: Test Cases/mobileWeb/_include/get_screenshot

2019-09-19 04:45:16 - [TEST_STEP][PASSED] - takeScreenshot(screenPath + i + ".png"): Taking screenshot successfully

2019-09-19 04:45:17 - [MESSAGE][PASSED] - Taking screenshot successfully
[[ATTACHMENT|D:\\Test\\AgileTest\\Reports\\mobileWeb\\hbi\\20190919_043544\\../Screenshots/iPhone 6/hbi/Vitala Care/20190919_044508/1.png]]

2019-09-19 04:45:17 - [TEST_STEP][PASSED] - (internal.GlobalVariable.i++): null

2019-09-19 04:45:17 - [MESSAGE][PASSED] - Call Test Case 'Test Cases/mobileWeb/_include/get_screenshot' successfully

2019-09-19 04:45:17 - [TEST_STEP][PASSED] - click(findTestObject("mobileSanity/Common/side_nav/nav_hbi")): Object: 'Object Repository/mobileSanity/Common/side_nav/nav_hbi' is clicked on

2019-09-19 04:45:17 - [MESSAGE][PASSED] - Object: 'Object Repository/mobileSanity/Common/side_nav/nav_hbi' is clicked on

2019-09-19 04:45:17 - [TEST_STEP][PASSED] - waitForPageLoad(10): Wait for page load successfully

2019-09-19 04:45:17 - [MESSAGE][PASSED] - Wait for page load successfully

2019-09-19 04:45:17 - [TEST_STEP][PASSED] - Thread.sleep(3000): null

2019-09-19 04:45:20 - [TEST_STEP][PASSED] - callTestCase(findTestCase("mobileWeb/_include/get_screenshot"), [:], STOP_ON_FAILURE): Call Test Case 'Test Cases/mobileWeb/_include/get_screenshot' successfully

2019-09-19 04:45:20 - [TEST_CASE][PASSED] - Test Cases/mobileWeb/_include/get_screenshot: Test Cases/mobileWeb/_include/get_screenshot

2019-09-19 04:45:20 - [TEST_STEP][PASSED] - takeScreenshot(screenPath + i + ".png"): Taking screenshot successfully

2019-09-19 04:45:21 - [MESSAGE][PASSED] - Taking screenshot successfully
[[ATTACHMENT|D:\\Test\\AgileTest\\Reports\\mobileWeb\\hbi\\20190919_043544\\../Screenshots/iPhone 6/hbi/Vitala Care/20190919_044508/2.png]]

2019-09-19 04:45:21 - [TEST_STEP][PASSED] - (internal.GlobalVariable.i++): null

2019-09-19 04:45:21 - [MESSAGE][PASSED] - Call Test Case 'Test Cases/mobileWeb/_include/get_screenshot' successfully

2019-09-19 04:45:21 - [TEST_STEP][PASSED] - setText(findTestObject("mobileSanity/HBI/census/input_Location_zip-input"), zipcode): Text '90011' is set on object 'Object Repository/mobileSanity/HBI/census/input_Location_zip-input'

2019-09-19 04:45:21 - [MESSAGE][PASSED] - Text '90011' is set on object 'Object Repository/mobileSanity/HBI/census/input_Location_zip-input'

2019-09-19 04:45:21 - [TEST_STEP][PASSED] - Thread.sleep(500): null

2019-09-19 04:45:21 - [TEST_STEP][PASSED] - setText(findTestObject("mobileSanity/HBI/census/input_Date of Birth_dob-0"), "12121980"): Text '12121980' is set on object 'Object Repository/mobileSanity/HBI/census/input_Date of Birth_dob-0'

2019-09-19 04:45:22 - [MESSAGE][PASSED] - Text '12121980' is set on object 'Object Repository/mobileSanity/HBI/census/input_Date of Birth_dob-0'

2019-09-19 04:45:22 - [TEST_STEP][PASSED] - click(findTestObject("mobileSanity/HBI/census/label_Male")): Object: 'Object Repository/mobileSanity/HBI/census/label_Male' is clicked on

2019-09-19 04:45:22 - [MESSAGE][PASSED] - Object: 'Object Repository/mobileSanity/HBI/census/label_Male' is clicked on

2019-09-19 04:45:22 - [TEST_STEP][PASSED] - click(findTestObject("mobileSanity/HBI/census/label_Get a Quote")): Object: 'Object Repository/mobileSanity/HBI/census/label_Get a Quote' is clicked on

2019-09-19 04:45:23 - [MESSAGE][PASSED] - Object: 'Object Repository/mobileSanity/HBI/census/label_Get a Quote' is clicked on

2019-09-19 04:45:23 - [TEST_STEP][PASSED] - waitForPageLoad(20): Wait for page load successfully

2019-09-19 04:45:23 - [MESSAGE][PASSED] - Wait for page load successfully

2019-09-19 04:45:23 - [TEST_STEP][PASSED] - Thread.sleep(3000): null

2019-09-19 04:45:26 - [TEST_STEP][PASSED] - callTestCase(findTestCase("mobileWeb/_include/get_screenshot"), [:], STOP_ON_FAILURE): Call Test Case 'Test Cases/mobileWeb/_include/get_screenshot' successfully

2019-09-19 04:45:26 - [TEST_CASE][PASSED] - Test Cases/mobileWeb/_include/get_screenshot: Test Cases/mobileWeb/_include/get_screenshot

2019-09-19 04:45:26 - [TEST_STEP][PASSED] - takeScreenshot(screenPath + i + ".png"): Taking screenshot successfully

2019-09-19 04:45:26 - [MESSAGE][PASSED] - Taking screenshot successfully
[[ATTACHMENT|D:\\Test\\AgileTest\\Reports\\mobileWeb\\hbi\\20190919_043544\\../Screenshots/iPhone 6/hbi/Vitala Care/20190919_044508/3.png]]

2019-09-19 04:45:26 - [TEST_STEP][PASSED] - (internal.GlobalVariable.i++): null

2019-09-19 04:45:26 - [MESSAGE][PASSED] - Call Test Case 'Test Cases/mobileWeb/_include/get_screenshot' successfully

2019-09-19 04:45:26 - [MESSAGE][PASSED] - Call Test Case 'Test Cases/mobileWeb/_include/census_hbi' successfully

2019-09-19 04:45:26 - [TEST_STEP][PASSED] - Thread.sleep(5000): null

2019-09-19 04:45:31 - [TEST_STEP][PASSED] - scrollToPosition(200, 2300): Browser is scrolled to position x = 200, y = 2300

2019-09-19 04:45:31 - [MESSAGE][PASSED] - Browser is scrolled to position x = 200, y = 2300

2019-09-19 04:45:31 - [TEST_STEP][PASSED] - click(findTestObject("mobileSanity/HBI/quote/a_Vitala Care")): Object: 'Object Repository/mobileSanity/HBI/quote/a_Vitala Care' is clicked on

2019-09-19 04:45:32 - [MESSAGE][PASSED] - Object: 'Object Repository/mobileSanity/HBI/quote/a_Vitala Care' is clicked on

2019-09-19 04:45:32 - [TEST_STEP][PASSED] - waitForPageLoad(20): Wait for page load successfully

2019-09-19 04:45:32 - [MESSAGE][PASSED] - Wait for page load successfully

2019-09-19 04:45:32 - [TEST_STEP][PASSED] - callTestCase(findTestCase("mobileWeb/_include/get_screenshot"), [:], STOP_ON_FAILURE): Call Test Case 'Test Cases/mobileWeb/_include/get_screenshot' successfully

2019-09-19 04:45:32 - [TEST_CASE][PASSED] - Test Cases/mobileWeb/_include/get_screenshot: Test Cases/mobileWeb/_include/get_screenshot

2019-09-19 04:45:32 - [TEST_STEP][PASSED] - takeScreenshot(screenPath + i + ".png"): Taking screenshot successfully

2019-09-19 04:45:33 - [MESSAGE][PASSED] - Taking screenshot successfully
[[ATTACHMENT|D:\\Test\\AgileTest\\Reports\\mobileWeb\\hbi\\20190919_043544\\../Screenshots/iPhone 6/hbi/Vitala Care/20190919_044508/4.png]]

2019-09-19 04:45:33 - [TEST_STEP][PASSED] - (internal.GlobalVariable.i++): null

2019-09-19 04:45:33 - [MESSAGE][PASSED] - Call Test Case 'Test Cases/mobileWeb/_include/get_screenshot' successfully

2019-09-19 04:45:33 - [TEST_STEP][PASSED] - click(findTestObject("mobileSanity/HBI/detail/a_Apply for This Plan")): Object: 'Object Repository/mobileSanity/HBI/detail/a_Apply for This Plan' is clicked on

2019-09-19 04:45:34 - [MESSAGE][PASSED] - Object: 'Object Repository/mobileSanity/HBI/detail/a_Apply for This Plan' is clicked on

2019-09-19 04:45:34 - [TEST_STEP][PASSED] - waitForPageLoad(20): Wait for page load successfully

2019-09-19 04:45:34 - [MESSAGE][PASSED] - Wait for page load successfully

2019-09-19 04:45:34 - [TEST_STEP][PASSED] - callTestCase(findTestCase("mobileWeb/_include/get_screenshot"), [:], STOP_ON_FAILURE): Call Test Case 'Test Cases/mobileWeb/_include/get_screenshot' successfully

2019-09-19 04:45:34 - [TEST_CASE][PASSED] - Test Cases/mobileWeb/_include/get_screenshot: Test Cases/mobileWeb/_include/get_screenshot

2019-09-19 04:45:34 - [TEST_STEP][PASSED] - takeScreenshot(screenPath + i + ".png"): Taking screenshot successfully

2019-09-19 04:45:34 - [MESSAGE][PASSED] - Taking screenshot successfully
[[ATTACHMENT|D:\\Test\\AgileTest\\Reports\\mobileWeb\\hbi\\20190919_043544\\../Screenshots/iPhone 6/hbi/Vitala Care/20190919_044508/5.png]]

2019-09-19 04:45:34 - [TEST_STEP][PASSED] - (internal.GlobalVariable.i++): null

2019-09-19 04:45:34 - [MESSAGE][PASSED] - Call Test Case 'Test Cases/mobileWeb/_include/get_screenshot' successfully

2019-09-19 04:45:34 - [TEST_STEP][PASSED] - click(findTestObject("mobileSanity/HBI/Page_Apply/span_Start Secure Application")): Object: 'Object Repository/mobileSanity/HBI/Page_Apply/span_Start Secure Application' is clicked on

2019-09-19 04:45:35 - [MESSAGE][PASSED] - Object: 'Object Repository/mobileSanity/HBI/Page_Apply/span_Start Secure Application' is clicked on

2019-09-19 04:45:35 - [TEST_STEP][PASSED] - waitForPageLoad(20): Wait for page load successfully

2019-09-19 04:45:35 - [MESSAGE][PASSED] - Wait for page load successfully

2019-09-19 04:45:35 - [TEST_STEP][PASSED] - Thread.sleep(5000): null

2019-09-19 04:45:40 - [TEST_STEP][PASSED] - callTestCase(findTestCase("mobileWeb/_include/get_screenshot"), [:], STOP_ON_FAILURE): Call Test Case 'Test Cases/mobileWeb/_include/get_screenshot' successfully

2019-09-19 04:45:40 - [TEST_CASE][PASSED] - Test Cases/mobileWeb/_include/get_screenshot: Test Cases/mobileWeb/_include/get_screenshot

2019-09-19 04:45:40 - [TEST_STEP][PASSED] - takeScreenshot(screenPath + i + ".png"): Taking screenshot successfully

2019-09-19 04:45:41 - [MESSAGE][PASSED] - Taking screenshot successfully
[[ATTACHMENT|D:\\Test\\AgileTest\\Reports\\mobileWeb\\hbi\\20190919_043544\\../Screenshots/iPhone 6/hbi/Vitala Care/20190919_044508/6.png]]

2019-09-19 04:45:41 - [TEST_STEP][PASSED] - (internal.GlobalVariable.i++): null

2019-09-19 04:45:41 - [MESSAGE][PASSED] - Call Test Case 'Test Cases/mobileWeb/_include/get_screenshot' successfully

2019-09-19 04:45:41 - [TEST_STEP][PASSED] - callTestCase(findTestCase("mobileWeb/_include/goToEnd_hbi"), ["state":"ca", "carrier":"vitalacare"], CONTINUE_ON_FAILURE): Call Test Case 'Test Cases/mobileWeb/_include/goToEnd_hbi' successfully

2019-09-19 04:45:41 - [TEST_CASE][PASSED] - Test Cases/mobileWeb/_include/goToEnd_hbi: Test Cases/mobileWeb/_include/goToEnd_hbi

2019-09-19 04:45:41 - [TEST_STEP][PASSED] - if (state == "ca"): Call Test Case 'Test Cases/mobileWeb/_include/get_screenshot' successfully

2019-09-19 04:45:41 - [TEST_STEP][PASSED] - Thread.sleep(3000): null

2019-09-19 04:45:44 - [TEST_STEP][PASSED] - click(findTestObject("mobileSanity/HBI/Page_App Page 1/yes_question_1")): Object: 'Object Repository/mobileSanity/HBI/Page_App Page 1/yes_question_1' is clicked on

2019-09-19 04:45:44 - [MESSAGE][PASSED] - Object: 'Object Repository/mobileSanity/HBI/Page_App Page 1/yes_question_1' is clicked on

2019-09-19 04:45:44 - [TEST_STEP][PASSED] - click(findTestObject("mobileSanity/HBI/Page_App Page 1/continue_to_app_info")): Object: 'Object Repository/mobileSanity/HBI/Page_App Page 1/continue_to_app_info' is clicked on

2019-09-19 04:45:44 - [MESSAGE][PASSED] - Object: 'Object Repository/mobileSanity/HBI/Page_App Page 1/continue_to_app_info' is clicked on

2019-09-19 04:45:44 - [TEST_STEP][PASSED] - waitForPageLoad(20): Wait for page load successfully

2019-09-19 04:45:44 - [MESSAGE][PASSED] - Wait for page load successfully

2019-09-19 04:45:44 - [TEST_STEP][PASSED] - Thread.sleep(3000): null

2019-09-19 04:45:47 - [TEST_STEP][PASSED] - callTestCase(findTestCase("mobileWeb/_include/get_screenshot"), [:], STOP_ON_FAILURE): Call Test Case 'Test Cases/mobileWeb/_include/get_screenshot' successfully

2019-09-19 04:45:47 - [TEST_CASE][PASSED] - Test Cases/mobileWeb/_include/get_screenshot: Test Cases/mobileWeb/_include/get_screenshot

2019-09-19 04:45:47 - [TEST_STEP][PASSED] - takeScreenshot(screenPath + i + ".png"): Taking screenshot successfully

2019-09-19 04:45:47 - [MESSAGE][PASSED] - Taking screenshot successfully
[[ATTACHMENT|D:\\Test\\AgileTest\\Reports\\mobileWeb\\hbi\\20190919_043544\\../Screenshots/iPhone 6/hbi/Vitala Care/20190919_044508/7.png]]

2019-09-19 04:45:47 - [TEST_STEP][PASSED] - (internal.GlobalVariable.i++): null

2019-09-19 04:45:47 - [MESSAGE][PASSED] - Call Test Case 'Test Cases/mobileWeb/_include/get_screenshot' successfully

2019-09-19 04:45:47 - [TEST_STEP][PASSED] - callTestCase(findTestCase("mobileWeb/_include/name"), [:], CONTINUE_ON_FAILURE): Call Test Case 'Test Cases/mobileWeb/_include/name' successfully

2019-09-19 04:45:47 - [TEST_CASE][PASSED] - Test Cases/mobileWeb/_include/name: Test Cases/mobileWeb/_include/name

2019-09-19 04:45:47 - [TEST_STEP][PASSED] - driver = getWebDriver(): null

2019-09-19 04:45:47 - [TEST_STEP][PASSED] - selenium = new com.thoughtworks.selenium.webdriven.WebDriverBackedSelenium(driver, internal.GlobalVariable.ENV): null

2019-09-19 04:45:47 - [TEST_STEP][PASSED] - FirstName = "Test-123": null

2019-09-19 04:45:47 - [TEST_STEP][PASSED] - LastName = selenium.getEval("{var x="ABCDEFGHIJKLMNOPQRSTUVWXYZabcdefghijklmnopqrstuvwxyz"; var tmp="ZZ11-"; for (i=0;i<8;i++) tmp+=x.charAt(Math.ceil(51*Math.random()));tmp;}"): null

2019-09-19 04:45:47 - [TEST_STEP][PASSED] - Address = selenium.getEval("{var x="ABCDEFGHIJKLMNOPQRSTUVWXYZabcdefghijklmnopqrstuvwxyz"; var tmp=""; for (i=0;i<8;i++) tmp+=x.charAt(Math.ceil(51*Math.random()));tmp;}"): null

2019-09-19 04:45:47 - [TEST_STEP][PASSED] - City = selenium.getEval("{var x="ABCDEFGHIJKLMNOPQRSTUVWXYZabcdefghijklmnopqrstuvwxyz"; var tmp=""; for (i=0;i<8;i++) tmp+=x.charAt(Math.ceil(51*Math.random()));tmp;}"): null

2019-09-19 04:45:48 - [TEST_STEP][PASSED] - tel1 = selenium.getEval("{var x="123456789"; var tmp=""; for (i=0;i<3;i++) tmp+=x.charAt(Math.ceil(8*Math.random()));tmp;}"): null

2019-09-19 04:45:48 - [TEST_STEP][PASSED] - tel2 = selenium.getEval("{var x="123456789"; var tmp=""; for (i=0;i<3;i++) tmp+=x.charAt(Math.ceil(8*Math.random()));tmp;}"): null

2019-09-19 04:45:48 - [TEST_STEP][PASSED] - tel3 = selenium.getEval("{var x="123456789"; var tmp=""; for (i=0;i<4;i++) tmp+=x.charAt(Math.ceil(8*Math.random()));tmp;}"): null

2019-09-19 04:45:48 - [TEST_STEP][PASSED] - Tel = selenium.getExpression(tel1 + "-" + tel2 + "-" + tel3): null

2019-09-19 04:45:48 - [TEST_STEP][PASSED] - AutoEmail = selenium.getEval("{var x="ABCDEFGHIJKLMNOPQRSTUVWXYZabcdefghijklmnopqrstuvwxyz"; var tmp="test."; for (i=0;i<8;i++) tmp+=x.charAt(Math.ceil(51*Math.random()));tmp+="@suryani.cn";}"): null

2019-09-19 04:45:48 - [TEST_STEP][PASSED] - FirstName = FirstName: null

2019-09-19 04:45:48 - [TEST_STEP][PASSED] - LastName = LastName: null

2019-09-19 04:45:48 - [TEST_STEP][PASSED] - Address = Address: null

2019-09-19 04:45:48 - [TEST_STEP][PASSED] - City = City: null

2019-09-19 04:45:48 - [TEST_STEP][PASSED] - Tel = Tel: null

2019-09-19 04:45:48 - [TEST_STEP][PASSED] - AutoEmail = AutoEmail: null

2019-09-19 04:45:48 - [TEST_STEP][PASSED] - println(FirstName): null

2019-09-19 04:45:48 - [TEST_STEP][PASSED] - println(LastName): null

2019-09-19 04:45:48 - [TEST_STEP][PASSED] - println(Address): null

2019-09-19 04:45:48 - [TEST_STEP][PASSED] - println(City): null

2019-09-19 04:45:48 - [TEST_STEP][PASSED] - println(Tel): null

2019-09-19 04:45:48 - [TEST_STEP][PASSED] - println(AutoEmail): null

2019-09-19 04:45:48 - [MESSAGE][PASSED] - Call Test Case 'Test Cases/mobileWeb/_include/name' successfully

2019-09-19 04:45:48 - [TEST_STEP][PASSED] - setText(findTestObject("mobileSanity/HBI/Page_App Page 1/input__member-P-1-firstName"), FirstName): Text 'Test-123' is set on object 'Object Repository/mobileSanity/HBI/Page_App Page 1/input__member-P-1-firstName'

2019-09-19 04:45:48 - [MESSAGE][PASSED] - Text 'Test-123' is set on object 'Object Repository/mobileSanity/HBI/Page_App Page 1/input__member-P-1-firstName'

2019-09-19 04:45:48 - [TEST_STEP][PASSED] - setText(findTestObject("mobileSanity/HBI/Page_App Page 1/input__member-P-1-lastName"), LastName): Text 'ZZ11-zdWhyqPN' is set on object 'Object Repository/mobileSanity/HBI/Page_App Page 1/input__member-P-1-lastName'

2019-09-19 04:45:48 - [MESSAGE][PASSED] - Text 'ZZ11-zdWhyqPN' is set on object 'Object Repository/mobileSanity/HBI/Page_App Page 1/input__member-P-1-lastName'

2019-09-19 04:45:48 - [TEST_STEP][PASSED] - if (carrier == "agileone" || carrier == "agilesecure"): null

2019-09-19 04:45:48 - [TEST_STEP][PASSED] - setText(findTestObject("mobileSanity/HBI/Page_App Page 1/input__address"), Address): Text 'ZdwxaQVm' is set on object 'Object Repository/mobileSanity/HBI/Page_App Page 1/input__address'

2019-09-19 04:45:49 - [MESSAGE][PASSED] - Text 'ZdwxaQVm' is set on object 'Object Repository/mobileSanity/HBI/Page_App Page 1/input__address'

2019-09-19 04:45:49 - [TEST_STEP][PASSED] - setText(findTestObject("mobileSanity/HBI/Page_App Page 1/input__city"), City): Text 'SLexgUGN' is set on object 'Object Repository/mobileSanity/HBI/Page_App Page 1/input__city'

2019-09-19 04:45:49 - [MESSAGE][PASSED] - Text 'SLexgUGN' is set on object 'Object Repository/mobileSanity/HBI/Page_App Page 1/input__city'

2019-09-19 04:45:49 - [TEST_STEP][PASSED] - setText(findTestObject("mobileSanity/HBI/Page_App Page 1/input__email"), AutoEmail): Text 'test.aMkfcpqH@suryani.cn' is set on object 'Object Repository/mobileSanity/HBI/Page_App Page 1/input__email'

2019-09-19 04:45:49 - [MESSAGE][PASSED] - Text 'test.aMkfcpqH@suryani.cn' is set on object 'Object Repository/mobileSanity/HBI/Page_App Page 1/input__email'

2019-09-19 04:45:49 - [TEST_STEP][PASSED] - setText(findTestObject("mobileSanity/HBI/Page_App Page 1/input_tel"), Tel): Text '595-342-9828' is set on object 'Object Repository/mobileSanity/HBI/Page_App Page 1/input_tel'

2019-09-19 04:45:49 - [MESSAGE][PASSED] - Text '595-342-9828' is set on object 'Object Repository/mobileSanity/HBI/Page_App Page 1/input_tel'

2019-09-19 04:45:49 - [TEST_STEP][PASSED] - click(findTestObject("mobileSanity/HBI/Page_App Page 1/a_Continue to Step 2 - Payment")): Object: 'Object Repository/mobileSanity/HBI/Page_App Page 1/a_Continue to Step 2 - Payment' is clicked on

2019-09-19 04:45:50 - [MESSAGE][PASSED] - Object: 'Object Repository/mobileSanity/HBI/Page_App Page 1/a_Continue to Step 2 - Payment' is clicked on

2019-09-19 04:45:50 - [TEST_STEP][PASSED] - waitForPageLoad(20): Wait for page load successfully

2019-09-19 04:45:50 - [MESSAGE][PASSED] - Wait for page load successfully

2019-09-19 04:45:50 - [TEST_STEP][PASSED] - Thread.sleep(2000): null

2019-09-19 04:45:52 - [TEST_STEP][PASSED] - waitForElementVisible(findTestObject("mobileSanity/HBI/Page_App Page 2/input__credit-card-first"), 20): Object 'Object Repository/mobileSanity/HBI/Page_App Page 2/input__credit-card-first' is visible

2019-09-19 04:45:52 - [MESSAGE][PASSED] - Object 'Object Repository/mobileSanity/HBI/Page_App Page 2/input__credit-card-first' is visible

2019-09-19 04:45:52 - [TEST_STEP][PASSED] - callTestCase(findTestCase("mobileWeb/_include/get_screenshot"), [:], STOP_ON_FAILURE): Call Test Case 'Test Cases/mobileWeb/_include/get_screenshot' successfully

2019-09-19 04:45:52 - [TEST_CASE][PASSED] - Test Cases/mobileWeb/_include/get_screenshot: Test Cases/mobileWeb/_include/get_screenshot

2019-09-19 04:45:52 - [TEST_STEP][PASSED] - takeScreenshot(screenPath + i + ".png"): Taking screenshot successfully

2019-09-19 04:45:52 - [MESSAGE][PASSED] - Taking screenshot successfully
[[ATTACHMENT|D:\\Test\\AgileTest\\Reports\\mobileWeb\\hbi\\20190919_043544\\../Screenshots/iPhone 6/hbi/Vitala Care/20190919_044508/8.png]]

2019-09-19 04:45:52 - [TEST_STEP][PASSED] - (internal.GlobalVariable.i++): null

2019-09-19 04:45:52 - [MESSAGE][PASSED] - Call Test Case 'Test Cases/mobileWeb/_include/get_screenshot' successfully

2019-09-19 04:45:52 - [TEST_STEP][PASSED] - setText(findTestObject("mobileSanity/HBI/Page_App Page 2/input__credit-card-first"), FirstName): Text 'Test-123' is set on object 'Object Repository/mobileSanity/HBI/Page_App Page 2/input__credit-card-first'

2019-09-19 04:45:53 - [MESSAGE][PASSED] - Text 'Test-123' is set on object 'Object Repository/mobileSanity/HBI/Page_App Page 2/input__credit-card-first'

2019-09-19 04:45:53 - [TEST_STEP][PASSED] - setText(findTestObject("mobileSanity/HBI/Page_App Page 2/input__credit-card-last"), LastName): Text 'ZZ11-zdWhyqPN' is set on object 'Object Repository/mobileSanity/HBI/Page_App Page 2/input__credit-card-last'

2019-09-19 04:45:53 - [MESSAGE][PASSED] - Text 'ZZ11-zdWhyqPN' is set on object 'Object Repository/mobileSanity/HBI/Page_App Page 2/input__credit-card-last'

2019-09-19 04:45:53 - [TEST_STEP][PASSED] - selectOptionByValue(findTestObject("mobileSanity/HBI/Page_App Page 2/select_MM010203040506070809101"), "12", true): All options with value '12' are selected in object 'Object Repository/mobileSanity/HBI/Page_App Page 2/select_MM010203040506070809101'  using regular expression

2019-09-19 04:45:53 - [MESSAGE][PASSED] - All options with value '12' are selected in object 'Object Repository/mobileSanity/HBI/Page_App Page 2/select_MM010203040506070809101'  using regular expression

2019-09-19 04:45:53 - [TEST_STEP][PASSED] - selectOptionByValue(findTestObject("mobileSanity/HBI/Page_App Page 2/select_YYYY2019202020212022202"), "2026", true): All options with value '2026' are selected in object 'Object Repository/mobileSanity/HBI/Page_App Page 2/select_YYYY2019202020212022202'  using regular expression

2019-09-19 04:45:53 - [MESSAGE][PASSED] - All options with value '2026' are selected in object 'Object Repository/mobileSanity/HBI/Page_App Page 2/select_YYYY2019202020212022202'  using regular expression

2019-09-19 04:45:53 - [TEST_STEP][PASSED] - setText(findTestObject("mobileSanity/HBI/Page_App Page 2/input__credit-card-number"), "4111111111111111"): Text '4111111111111111' is set on object 'Object Repository/mobileSanity/HBI/Page_App Page 2/input__credit-card-number'

2019-09-19 04:45:53 - [MESSAGE][PASSED] - Text '4111111111111111' is set on object 'Object Repository/mobileSanity/HBI/Page_App Page 2/input__credit-card-number'

2019-09-19 04:45:53 - [TEST_STEP][PASSED] - setText(findTestObject("mobileSanity/HBI/Page_App Page 2/input__cvv"), "123"): Text '123' is set on object 'Object Repository/mobileSanity/HBI/Page_App Page 2/input__cvv'

2019-09-19 04:45:53 - [MESSAGE][PASSED] - Text '123' is set on object 'Object Repository/mobileSanity/HBI/Page_App Page 2/input__cvv'

2019-09-19 04:45:53 - [TEST_STEP][PASSED] - click(findTestObject("mobileSanity/HBI/Page_App Page 2/label_My billing address is th")): Object: 'Object Repository/mobileSanity/HBI/Page_App Page 2/label_My billing address is th' is clicked on

2019-09-19 04:45:54 - [MESSAGE][PASSED] - Object: 'Object Repository/mobileSanity/HBI/Page_App Page 2/label_My billing address is th' is clicked on

2019-09-19 04:45:54 - [TEST_STEP][PASSED] - click(findTestObject("mobileSanity/HBI/Page_App Page 2/label_I Accept Authorization f")): Object: 'Object Repository/mobileSanity/HBI/Page_App Page 2/label_I Accept Authorization f' is clicked on

2019-09-19 04:45:54 - [MESSAGE][PASSED] - Object: 'Object Repository/mobileSanity/HBI/Page_App Page 2/label_I Accept Authorization f' is clicked on

2019-09-19 04:45:54 - [TEST_STEP][PASSED] - click(findTestObject("mobileSanity/HBI/Page_App Page 2/a_Continue to Step 3 - Review")): Object: 'Object Repository/mobileSanity/HBI/Page_App Page 2/a_Continue to Step 3 - Review' is clicked on

2019-09-19 04:45:54 - [MESSAGE][PASSED] - Object: 'Object Repository/mobileSanity/HBI/Page_App Page 2/a_Continue to Step 3 - Review' is clicked on

2019-09-19 04:45:54 - [TEST_STEP][PASSED] - waitForPageLoad(20): Wait for page load successfully

2019-09-19 04:45:54 - [MESSAGE][PASSED] - Wait for page load successfully

2019-09-19 04:45:54 - [TEST_STEP][PASSED] - Thread.sleep(10000): null

2019-09-19 04:46:04 - [TEST_STEP][PASSED] - waitForElementPresent(findTestObject("mobileSanity/HBI/Page_App Page 3/label"), 20): Object 'Object Repository/mobileSanity/HBI/Page_App Page 3/label' is present

2019-09-19 04:46:04 - [MESSAGE][PASSED] - Object 'Object Repository/mobileSanity/HBI/Page_App Page 3/label' is present

2019-09-19 04:46:04 - [TEST_STEP][PASSED] - callTestCase(findTestCase("mobileWeb/_include/get_screenshot"), [:], STOP_ON_FAILURE): Call Test Case 'Test Cases/mobileWeb/_include/get_screenshot' successfully

2019-09-19 04:46:04 - [TEST_CASE][PASSED] - Test Cases/mobileWeb/_include/get_screenshot: Test Cases/mobileWeb/_include/get_screenshot

2019-09-19 04:46:04 - [TEST_STEP][PASSED] - takeScreenshot(screenPath + i + ".png"): Taking screenshot successfully

2019-09-19 04:46:05 - [MESSAGE][PASSED] - Taking screenshot successfully
[[ATTACHMENT|D:\\Test\\AgileTest\\Reports\\mobileWeb\\hbi\\20190919_043544\\../Screenshots/iPhone 6/hbi/Vitala Care/20190919_044508/9.png]]

2019-09-19 04:46:05 - [TEST_STEP][PASSED] - (internal.GlobalVariable.i++): null

2019-09-19 04:46:05 - [MESSAGE][PASSED] - Call Test Case 'Test Cases/mobileWeb/_include/get_screenshot' successfully

2019-09-19 04:46:05 - [TEST_STEP][PASSED] - click(findTestObject("mobileSanity/HBI/Page_App Page 3/label")): Object: 'Object Repository/mobileSanity/HBI/Page_App Page 3/label' is clicked on

2019-09-19 04:46:05 - [MESSAGE][PASSED] - Object: 'Object Repository/mobileSanity/HBI/Page_App Page 3/label' is clicked on

2019-09-19 04:46:05 - [TEST_STEP][PASSED] - click(findTestObject("mobileSanity/HBI/Page_App Page 3/p_CLICK TO SIGN")): Object: 'Object Repository/mobileSanity/HBI/Page_App Page 3/p_CLICK TO SIGN' is clicked on

2019-09-19 04:46:05 - [MESSAGE][PASSED] - Object: 'Object Repository/mobileSanity/HBI/Page_App Page 3/p_CLICK TO SIGN' is clicked on

2019-09-19 04:46:05 - [TEST_STEP][PASSED] - click(findTestObject("mobileSanity/HBI/Page_App Page 3/a_Submit Your Application")): Object: 'Object Repository/mobileSanity/HBI/Page_App Page 3/a_Submit Your Application' is clicked on

2019-09-19 04:46:05 - [MESSAGE][PASSED] - Object: 'Object Repository/mobileSanity/HBI/Page_App Page 3/a_Submit Your Application' is clicked on

2019-09-19 04:46:05 - [TEST_STEP][PASSED] - Thread.sleep(30000): null

2019-09-19 04:46:35 - [TEST_STEP][PASSED] - callTestCase(findTestCase("mobileWeb/_include/get_screenshot"), [:], STOP_ON_FAILURE): Call Test Case 'Test Cases/mobileWeb/_include/get_screenshot' successfully

2019-09-19 04:46:35 - [TEST_CASE][PASSED] - Test Cases/mobileWeb/_include/get_screenshot: Test Cases/mobileWeb/_include/get_screenshot

2019-09-19 04:46:35 - [TEST_STEP][PASSED] - takeScreenshot(screenPath + i + ".png"): Taking screenshot successfully

2019-09-19 04:46:36 - [MESSAGE][PASSED] - Taking screenshot successfully
[[ATTACHMENT|D:\\Test\\AgileTest\\Reports\\mobileWeb\\hbi\\20190919_043544\\../Screenshots/iPhone 6/hbi/Vitala Care/20190919_044508/10.png]]

2019-09-19 04:46:36 - [TEST_STEP][PASSED] - (internal.GlobalVariable.i++): null

2019-09-19 04:46:36 - [MESSAGE][PASSED] - Call Test Case 'Test Cases/mobileWeb/_include/get_screenshot' successfully

2019-09-19 04:46:36 - [TEST_STEP][PASSED] - verifyTextPresent("Congratulations", false): Text 'Congratulations' is present on page 

2019-09-19 04:46:36 - [MESSAGE][PASSED] - Text 'Congratulations' is present on page 

2019-09-19 04:46:36 - [MESSAGE][PASSED] - Call Test Case 'Test Cases/mobileWeb/_include/goToEnd_hbi' successfully]]></system-out>
         <system-err><![CDATA[]]></system-err>
      </testcase>
      <system-out><![CDATA[2019-09-19 04:35:47 - [TEST_SUITE][PASSED] - hbi: Test Cases/mobileWeb/HBI/Vitala Care]]></system-out>
      <system-err><![CDATA[]]></system-err>
   </testsuite>
</testsuites>
