<?xml version="1.0" encoding="UTF-8" standalone="yes"?>
<testsuites name="stm" time="832" tests="5" failures="2" errors="1">
    <testsuite name="stm" tests="5" failures="2" errors="1" time="832" timestamp="2019-12-06 11:24:35" hostname="sofee.yu - windows10.microdone.cn" id="Test Suites/AHI/stm">
        <properties>
            <property name="deviceName" value=""/>
            <property name="devicePlatform" value=""/>
            <property name="logFolder" value="D:\\Test\\AgileTest\\AgileTest\\Reports\\AHI\\stm\\20191206_112427"/>
            <property name="logFiles" value="D:\\Test\\AgileTest\\AgileTest\\Reports\\AHI\\stm\\20191206_112427\\execution0.log"/>
            <property name="attachments" value="D:\\Test\\AgileTest\\AgileTest\\Reports\\AHI\\stm\\20191206_112427\\../Screenshots/iPhone 6/stm/Salico/standard/0.png, D:\\Test\\AgileTest\\AgileTest\\Reports\\AHI\\stm\\20191206_112427\\../Screenshots/iPhone 6/stm/Salico/standard/1.png, D:\\Test\\AgileTest\\AgileTest\\Reports\\AHI\\stm\\20191206_112427\\../Screenshots/iPhone 6/stm/Salico/standard/2.png, D:\\Test\\AgileTest\\AgileTest\\Reports\\AHI\\stm\\20191206_112427\\../Screenshots/iPhone 6/stm/Salico/standard/3.png, D:\\Test\\AgileTest\\AgileTest\\Reports\\AHI\\stm\\20191206_112427\\../Screenshots/iPhone 6/stm/Salico/standard/4.png, D:\\Test\\AgileTest\\AgileTest\\Reports\\AHI\\stm\\20191206_112427\\../Screenshots/iPhone 6/stm/Salico/standard/5.png, D:\\Test\\AgileTest\\AgileTest\\Reports\\AHI\\stm\\20191206_112427\\../Screenshots/iPhone 6/stm/Salico/standard/6.png, D:\\Test\\AgileTest\\AgileTest\\Reports\\AHI\\stm\\20191206_112427\\1575602759381.png, D:\\Test\\AgileTest\\AgileTest\\Reports\\AHI\\stm\\20191206_112427\\../Screenshots/iPhone 6/stm/Salico/standard/7.png, D:\\Test\\AgileTest\\AgileTest\\Reports\\AHI\\stm\\20191206_112427\\../Screenshots/iPhone 6/stm/Salico/standard/8.png, D:\\Test\\AgileTest\\AgileTest\\Reports\\AHI\\stm\\20191206_112427\\../Screenshots/iPhone 6/stm/Salico/standard/9.png, D:\\Test\\AgileTest\\AgileTest\\Reports\\AHI\\stm\\20191206_112427\\../Screenshots/iPhone 6/stm/Salico/standard/10.png, D:\\Test\\AgileTest\\AgileTest\\Reports\\AHI\\stm\\20191206_112427\\../Screenshots/iPhone 6/stm/AdvantHealth/standard/0.png, D:\\Test\\AgileTest\\AgileTest\\Reports\\AHI\\stm\\20191206_112427\\../Screenshots/iPhone 6/stm/AdvantHealth/standard/1.png, D:\\Test\\AgileTest\\AgileTest\\Reports\\AHI\\stm\\20191206_112427\\../Screenshots/iPhone 6/stm/AdvantHealth/standard/2.png, D:\\Test\\AgileTest\\AgileTest\\Reports\\AHI\\stm\\20191206_112427\\1575602864229.png, D:\\Test\\AgileTest\\AgileTest\\Reports\\AHI\\stm\\20191206_112427\\../Screenshots/iPhone 6/stm/Companion/standard/0.png, D:\\Test\\AgileTest\\AgileTest\\Reports\\AHI\\stm\\20191206_112427\\../Screenshots/iPhone 6/stm/Companion/standard/1.png, D:\\Test\\AgileTest\\AgileTest\\Reports\\AHI\\stm\\20191206_112427\\../Screenshots/iPhone 6/stm/Companion/standard/2.png, D:\\Test\\AgileTest\\AgileTest\\Reports\\AHI\\stm\\20191206_112427\\../Screenshots/iPhone 6/stm/Companion/standard/3.png, D:\\Test\\AgileTest\\AgileTest\\Reports\\AHI\\stm\\20191206_112427\\../Screenshots/iPhone 6/stm/Companion/standard/4.png, D:\\Test\\AgileTest\\AgileTest\\Reports\\AHI\\stm\\20191206_112427\\../Screenshots/iPhone 6/stm/Companion/standard/5.png, D:\\Test\\AgileTest\\AgileTest\\Reports\\AHI\\stm\\20191206_112427\\../Screenshots/iPhone 6/stm/Companion/standard/6.png, D:\\Test\\AgileTest\\AgileTest\\Reports\\AHI\\stm\\20191206_112427\\1575602941801.png, D:\\Test\\AgileTest\\AgileTest\\Reports\\AHI\\stm\\20191206_112427\\../Screenshots/iPhone 6/stm/Companion/standard/7.png, D:\\Test\\AgileTest\\AgileTest\\Reports\\AHI\\stm\\20191206_112427\\../Screenshots/iPhone 6/stm/Companion/standard/8.png, D:\\Test\\AgileTest\\AgileTest\\Reports\\AHI\\stm\\20191206_112427\\../Screenshots/iPhone 6/stm/Companion/standard/9.png, D:\\Test\\AgileTest\\AgileTest\\Reports\\AHI\\stm\\20191206_112427\\../Screenshots/iPhone 6/stm/Companion/standard/10.png, D:\\Test\\AgileTest\\AgileTest\\Reports\\AHI\\stm\\20191206_112427\\../Screenshots/iPhone 6/stm/Everest/standard/0.png, D:\\Test\\AgileTest\\AgileTest\\Reports\\AHI\\stm\\20191206_112427\\../Screenshots/iPhone 6/stm/Everest/standard/1.png, D:\\Test\\AgileTest\\AgileTest\\Reports\\AHI\\stm\\20191206_112427\\../Screenshots/iPhone 6/stm/Everest/standard/2.png, D:\\Test\\AgileTest\\AgileTest\\Reports\\AHI\\stm\\20191206_112427\\../Screenshots/iPhone 6/stm/Everest/standard/3.png, D:\\Test\\AgileTest\\AgileTest\\Reports\\AHI\\stm\\20191206_112427\\../Screenshots/iPhone 6/stm/Everest/standard/4.png, D:\\Test\\AgileTest\\AgileTest\\Reports\\AHI\\stm\\20191206_112427\\../Screenshots/iPhone 6/stm/Everest/standard/5.png, D:\\Test\\AgileTest\\AgileTest\\Reports\\AHI\\stm\\20191206_112427\\../Screenshots/iPhone 6/stm/Everest/standard/6.png, D:\\Test\\AgileTest\\AgileTest\\Reports\\AHI\\stm\\20191206_112427\\1575603100887.png, D:\\Test\\AgileTest\\AgileTest\\Reports\\AHI\\stm\\20191206_112427\\../Screenshots/iPhone 6/stm/Everest/standard/7.png, D:\\Test\\AgileTest\\AgileTest\\Reports\\AHI\\stm\\20191206_112427\\../Screenshots/iPhone 6/stm/Everest/standard/8.png, D:\\Test\\AgileTest\\AgileTest\\Reports\\AHI\\stm\\20191206_112427\\../Screenshots/iPhone 6/stm/Everest/standard/9.png, D:\\Test\\AgileTest\\AgileTest\\Reports\\AHI\\stm\\20191206_112427\\../Screenshots/iPhone 6/stm/Everest/standard/10.png, D:\\Test\\AgileTest\\AgileTest\\Reports\\AHI\\stm\\20191206_112427\\../Screenshots/iPhone 6/stm/Everest Prime/standard/0.png, D:\\Test\\AgileTest\\AgileTest\\Reports\\AHI\\stm\\20191206_112427\\../Screenshots/iPhone 6/stm/Everest Prime/standard/1.png, D:\\Test\\AgileTest\\AgileTest\\Reports\\AHI\\stm\\20191206_112427\\../Screenshots/iPhone 6/stm/Everest Prime/standard/2.png, D:\\Test\\AgileTest\\AgileTest\\Reports\\AHI\\stm\\20191206_112427\\../Screenshots/iPhone 6/stm/Everest Prime/standard/3.png, D:\\Test\\AgileTest\\AgileTest\\Reports\\AHI\\stm\\20191206_112427\\../Screenshots/iPhone 6/stm/Everest Prime/standard/4.png, D:\\Test\\AgileTest\\AgileTest\\Reports\\AHI\\stm\\20191206_112427\\../Screenshots/iPhone 6/stm/Everest Prime/standard/5.png, D:\\Test\\AgileTest\\AgileTest\\Reports\\AHI\\stm\\20191206_112427\\../Screenshots/iPhone 6/stm/Everest Prime/standard/6.png, D:\\Test\\AgileTest\\AgileTest\\Reports\\AHI\\stm\\20191206_112427\\1575603221649.png, D:\\Test\\AgileTest\\AgileTest\\Reports\\AHI\\stm\\20191206_112427\\../Screenshots/iPhone 6/stm/Everest Prime/standard/7.png, D:\\Test\\AgileTest\\AgileTest\\Reports\\AHI\\stm\\20191206_112427\\../Screenshots/iPhone 6/stm/Everest Prime/standard/8.png, D:\\Test\\AgileTest\\AgileTest\\Reports\\AHI\\stm\\20191206_112427\\../Screenshots/iPhone 6/stm/Everest Prime/standard/9.png, D:\\Test\\AgileTest\\AgileTest\\Reports\\AHI\\stm\\20191206_112427\\../Screenshots/iPhone 6/stm/Everest Prime/standard/10.png, D:\\Test\\AgileTest\\AgileTest\\Reports\\AHI\\stm\\20191206_112427\\../Screenshots/iPhone 6/stm/LifeShield/standard/0.png, D:\\Test\\AgileTest\\AgileTest\\Reports\\AHI\\stm\\20191206_112427\\../Screenshots/iPhone 6/stm/LifeShield/standard/1.png, D:\\Test\\AgileTest\\AgileTest\\Reports\\AHI\\stm\\20191206_112427\\../Screenshots/iPhone 6/stm/LifeShield/standard/2.png, D:\\Test\\AgileTest\\AgileTest\\Reports\\AHI\\stm\\20191206_112427\\../Screenshots/iPhone 6/stm/National General/standard/0.png, D:\\Test\\AgileTest\\AgileTest\\Reports\\AHI\\stm\\20191206_112427\\../Screenshots/iPhone 6/stm/National General/standard/1.png, D:\\Test\\AgileTest\\AgileTest\\Reports\\AHI\\stm\\20191206_112427\\../Screenshots/iPhone 6/stm/National General/standard/2.png, D:\\Test\\AgileTest\\AgileTest\\Reports\\AHI\\stm\\20191206_112427\\../Screenshots/iPhone 6/stm/National General/standard/3.png, D:\\Test\\AgileTest\\AgileTest\\Reports\\AHI\\stm\\20191206_112427\\../Screenshots/iPhone 6/stm/National General/standard/4.png, D:\\Test\\AgileTest\\AgileTest\\Reports\\AHI\\stm\\20191206_112427\\../Screenshots/iPhone 6/stm/National General/standard/5.png, D:\\Test\\AgileTest\\AgileTest\\Reports\\AHI\\stm\\20191206_112427\\../Screenshots/iPhone 6/stm/National General/standard/6.png, D:\\Test\\AgileTest\\AgileTest\\Reports\\AHI\\stm\\20191206_112427\\../Screenshots/iPhone 6/stm/National General/standard/7.png, D:\\Test\\AgileTest\\AgileTest\\Reports\\AHI\\stm\\20191206_112427\\../Screenshots/iPhone 6/stm/National General/standard/8.png, D:\\Test\\AgileTest\\AgileTest\\Reports\\AHI\\stm\\20191206_112427\\../Screenshots/iPhone 6/stm/National General/standard/9.png, D:\\Test\\AgileTest\\AgileTest\\Reports\\AHI\\stm\\20191206_112427\\../Screenshots/iPhone 6/stm/National General/standard/10.png, D:\\Test\\AgileTest\\AgileTest\\Reports\\AHI\\stm\\20191206_112427\\../Screenshots/iPhone 6/stm/National General/standard/11.png, D:\\Test\\AgileTest\\AgileTest\\Reports\\AHI\\stm\\20191206_112427\\../Screenshots/iPhone 6/stm/Aspen/standard/0.png, D:\\Test\\AgileTest\\AgileTest\\Reports\\AHI\\stm\\20191206_112427\\../Screenshots/iPhone 6/stm/Aspen/standard/1.png, D:\\Test\\AgileTest\\AgileTest\\Reports\\AHI\\stm\\20191206_112427\\../Screenshots/iPhone 6/stm/Aspen/standard/2.png, D:\\Test\\AgileTest\\AgileTest\\Reports\\AHI\\stm\\20191206_112427\\1575603507096.png"/>
            <property name="hostName" value="sofee.yu - windows10.microdone.cn"/>
            <property name="os" value="Windows 7 64bit"/>
            <property name="katalonVersion" value="6.2.2.4"/>
            <property name="browser" value="Safari 11"/>
            <property name="hostAddress" value="172.16.86.47"/>
            <property name="sessionId" value="6a1cb9246269761bb3ff986df534976f"/>
            <property name="seleniumVersion" value="3.141.59"/>
            <property name="proxyInformation" value="ProxyInformation{proxyOption=NO_PROXY, proxyServerType=HTTP, password=, proxyServerAddress=, proxyServerPort=0}"/>
            <property name="platform" value="Windows 7"/>
        </properties>
        <testcase name="Test Cases/AHI/stm/Slaico" classname="Test Cases/AHI/stm/Slaico" status="PASSED">
            <system-out>2019-12-06 11:24:35 - [TEST_CASE][PASSED] - Test Cases/AHI/stm/Slaico: Test Cases/AHI/stm/Slaico&#xD;
&#xD;
2019-12-06 11:24:37 - [TEST_STEP][PASSED] - callTestCase(findTestCase("AHI/_include/get_screenPath"), ["productLine":"stm", "carrierName":"Salico"], CONTINUE_ON_FAILURE): Call Test Case 'Test Cases/AHI/_include/get_screenPath' successfully&#xD;
&#xD;
2019-12-06 11:24:37 - [TEST_CASE][PASSED] - Test Cases/AHI/_include/get_screenPath: Test Cases/AHI/_include/get_screenPath&#xD;
&#xD;
2019-12-06 11:24:37 - [TEST_STEP][PASSED] - m = getExecutionProperties(): null&#xD;
&#xD;
2019-12-06 11:24:37 - [TEST_STEP][PASSED] - deviceName = get("mobileEmulation").get("deviceName"): null&#xD;
&#xD;
2019-12-06 11:24:37 - [TEST_STEP][PASSED] - println(deviceName): null&#xD;
&#xD;
2019-12-06 11:24:37 - [TEST_STEP][PASSED] - now = new java.util.Date(): null&#xD;
&#xD;
2019-12-06 11:24:37 - [TEST_STEP][PASSED] - mydate = now.format("yyyyMMdd_HHmmss"): null&#xD;
&#xD;
2019-12-06 11:24:37 - [TEST_STEP][PASSED] - screenPath = "../Screenshots/": null&#xD;
&#xD;
2019-12-06 11:24:38 - [TEST_STEP][PASSED] - screenPath = screenPath + deviceName + "/" + productLine + "/" + carrierName + "/" + "standard" + "/": null&#xD;
&#xD;
2019-12-06 11:24:38 - [TEST_STEP][PASSED] - println(screenPath): null&#xD;
&#xD;
2019-12-06 11:24:38 - [MESSAGE][PASSED] - Call Test Case 'Test Cases/AHI/_include/get_screenPath' successfully&#xD;
&#xD;
2019-12-06 11:24:38 - [TEST_STEP][PASSED] - i = 0: null&#xD;
&#xD;
2019-12-06 11:24:38 - [TEST_STEP][PASSED] - callTestCase(findTestCase("AHI/_include/openWebSite"), [:], STOP_ON_FAILURE): Call Test Case 'Test Cases/AHI/_include/openWebSite' successfully&#xD;
&#xD;
2019-12-06 11:24:38 - [TEST_CASE][PASSED] - Test Cases/AHI/_include/openWebSite: Test Cases/AHI/_include/openWebSite&#xD;
&#xD;
2019-12-06 11:24:38 - [TEST_STEP][PASSED] - openBrowser(env): Browser is opened with url: 'https://praetemptatus.agilehealthinsurance.com'&#xD;
&#xD;
2019-12-06 11:24:38 - [MESSAGE][INFO] - Starting 'Chrome' driver&#xD;
&#xD;
2019-12-06 11:24:38 - [MESSAGE][INFO] - User set preference: ['mobileEmulation', '{deviceName=iPhone 6}']&#xD;
&#xD;
2019-12-06 11:24:38 - [MESSAGE][INFO] - User set preference: ['args', '[--incognito, --aggressive-cache-discard, --window-size=375,677, --no-sandbox]']&#xD;
&#xD;
2019-12-06 11:24:38 - [MESSAGE][INFO] - Action delay is set to 0 seconds&#xD;
&#xD;
2019-12-06 11:24:45 - [MESSAGE][PASSED] - Browser is opened with url: 'https://praetemptatus.agilehealthinsurance.com'&#xD;
&#xD;
2019-12-06 11:24:45 - [TEST_STEP][PASSED] - waitForPageLoad(20): Wait for page load successfully&#xD;
&#xD;
2019-12-06 11:24:45 - [MESSAGE][PASSED] - Wait for page load successfully&#xD;
&#xD;
2019-12-06 11:24:45 - [TEST_STEP][PASSED] - callTestCase(findTestCase("AHI/_include/get_screenshot"), [:], STOP_ON_FAILURE): Call Test Case 'Test Cases/AHI/_include/get_screenshot' successfully&#xD;
&#xD;
2019-12-06 11:24:45 - [TEST_CASE][PASSED] - Test Cases/AHI/_include/get_screenshot: Test Cases/AHI/_include/get_screenshot&#xD;
&#xD;
2019-12-06 11:24:46 - [TEST_STEP][PASSED] - takeScreenshot(screenPath + i + ".png"): Taking screenshot successfully&#xD;
&#xD;
2019-12-06 11:24:47 - [MESSAGE][PASSED] - Taking screenshot successfully&#xD;
[[ATTACHMENT|D:\\Test\\AgileTest\\AgileTest\\Reports\\AHI\\stm\\20191206_112427\\../Screenshots/iPhone 6/stm/Salico/standard/0.png]]&#xD;
&#xD;
2019-12-06 11:24:47 - [TEST_STEP][PASSED] - (internal.GlobalVariable.i++): null&#xD;
&#xD;
2019-12-06 11:24:47 - [MESSAGE][PASSED] - Call Test Case 'Test Cases/AHI/_include/get_screenshot' successfully&#xD;
&#xD;
2019-12-06 11:24:47 - [MESSAGE][PASSED] - Call Test Case 'Test Cases/AHI/_include/openWebSite' successfully&#xD;
&#xD;
2019-12-06 11:24:47 - [TEST_STEP][PASSED] - callTestCase(findTestCase("AHI/_include/census_stm"), ["zipcode":"60602"], STOP_ON_FAILURE): Call Test Case 'Test Cases/AHI/_include/census_stm' successfully&#xD;
&#xD;
2019-12-06 11:24:47 - [TEST_CASE][PASSED] - Test Cases/AHI/_include/census_stm: Test Cases/AHI/_include/census_stm&#xD;
&#xD;
2019-12-06 11:24:47 - [TEST_STEP][PASSED] - waitForElementClickable(findTestObject("mobileSanity/STM/Home Page/a_Quote  Save Today"), 10): Object 'Object Repository/mobileSanity/STM/Home Page/a_Quote  Save Today' is clickable&#xD;
&#xD;
2019-12-06 11:24:47 - [MESSAGE][PASSED] - Object 'Object Repository/mobileSanity/STM/Home Page/a_Quote  Save Today' is clickable&#xD;
&#xD;
2019-12-06 11:24:47 - [TEST_STEP][PASSED] - click(findTestObject("mobileSanity/STM/Home Page/a_Quote  Save Today")): Object: 'Object Repository/mobileSanity/STM/Home Page/a_Quote  Save Today' is clicked on&#xD;
&#xD;
2019-12-06 11:24:49 - [MESSAGE][PASSED] - Object: 'Object Repository/mobileSanity/STM/Home Page/a_Quote  Save Today' is clicked on&#xD;
&#xD;
2019-12-06 11:24:49 - [TEST_STEP][PASSED] - waitForPageLoad(10): Wait for page load successfully&#xD;
&#xD;
2019-12-06 11:24:49 - [MESSAGE][PASSED] - Wait for page load successfully&#xD;
&#xD;
2019-12-06 11:24:49 - [TEST_STEP][PASSED] - callTestCase(findTestCase("AHI/_include/get_screenshot"), [:], STOP_ON_FAILURE): Call Test Case 'Test Cases/AHI/_include/get_screenshot' successfully&#xD;
&#xD;
2019-12-06 11:24:49 - [TEST_CASE][PASSED] - Test Cases/AHI/_include/get_screenshot: Test Cases/AHI/_include/get_screenshot&#xD;
&#xD;
2019-12-06 11:24:49 - [TEST_STEP][PASSED] - takeScreenshot(screenPath + i + ".png"): Taking screenshot successfully&#xD;
&#xD;
2019-12-06 11:24:50 - [MESSAGE][PASSED] - Taking screenshot successfully&#xD;
[[ATTACHMENT|D:\\Test\\AgileTest\\AgileTest\\Reports\\AHI\\stm\\20191206_112427\\../Screenshots/iPhone 6/stm/Salico/standard/1.png]]&#xD;
&#xD;
2019-12-06 11:24:50 - [TEST_STEP][PASSED] - (internal.GlobalVariable.i++): null&#xD;
&#xD;
2019-12-06 11:24:50 - [MESSAGE][PASSED] - Call Test Case 'Test Cases/AHI/_include/get_screenshot' successfully&#xD;
&#xD;
2019-12-06 11:24:50 - [TEST_STEP][PASSED] - setText(findTestObject("mobileSanity/STM/STM Census Page/input_Location_zip-input"), zipcode): Text '60602' is set on object 'Object Repository/mobileSanity/STM/STM Census Page/input_Location_zip-input'&#xD;
&#xD;
2019-12-06 11:24:50 - [MESSAGE][PASSED] - Text '60602' is set on object 'Object Repository/mobileSanity/STM/STM Census Page/input_Location_zip-input'&#xD;
&#xD;
2019-12-06 11:24:50 - [TEST_STEP][PASSED] - Thread.sleep(500): null&#xD;
&#xD;
2019-12-06 11:24:50 - [TEST_STEP][PASSED] - setText(findTestObject("mobileSanity/STM/STM Census Page/input_Date of Birth_dob-0"), "03031987"): Text '03031987' is set on object 'Object Repository/mobileSanity/STM/STM Census Page/input_Date of Birth_dob-0'&#xD;
&#xD;
2019-12-06 11:24:51 - [MESSAGE][PASSED] - Text '03031987' is set on object 'Object Repository/mobileSanity/STM/STM Census Page/input_Date of Birth_dob-0'&#xD;
&#xD;
2019-12-06 11:24:51 - [TEST_STEP][PASSED] - click(findTestObject("mobileSanity/STM/STM Census Page/label_Male")): Object: 'Object Repository/mobileSanity/STM/STM Census Page/label_Male' is clicked on&#xD;
&#xD;
2019-12-06 11:24:51 - [MESSAGE][PASSED] - Object: 'Object Repository/mobileSanity/STM/STM Census Page/label_Male' is clicked on&#xD;
&#xD;
2019-12-06 11:24:51 - [TEST_STEP][PASSED] - click(findTestObject("mobileSanity/STM/STM Census Page/label_Compare Plans")): Object: 'Object Repository/mobileSanity/STM/STM Census Page/label_Compare Plans' is clicked on&#xD;
&#xD;
2019-12-06 11:24:51 - [MESSAGE][PASSED] - Object: 'Object Repository/mobileSanity/STM/STM Census Page/label_Compare Plans' is clicked on&#xD;
&#xD;
2019-12-06 11:24:51 - [TEST_STEP][PASSED] - waitForElementVisible(findTestObject("mobileSanity/STM/STM Quote Page/button_sort"), 20): Object 'Object Repository/mobileSanity/STM/STM Quote Page/button_sort' is visible&#xD;
&#xD;
2019-12-06 11:24:57 - [MESSAGE][PASSED] - Object 'Object Repository/mobileSanity/STM/STM Quote Page/button_sort' is visible&#xD;
&#xD;
2019-12-06 11:24:57 - [TEST_STEP][PASSED] - Thread.sleep(3000): null&#xD;
&#xD;
2019-12-06 11:25:00 - [TEST_STEP][PASSED] - callTestCase(findTestCase("AHI/_include/check_quoteleadform"), [:], STOP_ON_FAILURE): Call Test Case 'Test Cases/AHI/_include/check_quoteleadform' successfully&#xD;
&#xD;
2019-12-06 11:25:00 - [TEST_CASE][PASSED] - Test Cases/AHI/_include/check_quoteleadform: Test Cases/AHI/_include/check_quoteleadform&#xD;
&#xD;
2019-12-06 11:25:00 - [TEST_STEP][PASSED] - callTestCase(findTestCase("AHI/_include/name"), [:], CONTINUE_ON_FAILURE): Call Test Case 'Test Cases/AHI/_include/name' successfully&#xD;
&#xD;
2019-12-06 11:25:00 - [TEST_CASE][PASSED] - Test Cases/AHI/_include/name: Test Cases/AHI/_include/name&#xD;
&#xD;
2019-12-06 11:25:01 - [TEST_STEP][PASSED] - driver = getWebDriver(): null&#xD;
&#xD;
2019-12-06 11:25:01 - [TEST_STEP][PASSED] - selenium = new com.thoughtworks.selenium.webdriven.WebDriverBackedSelenium(driver, internal.GlobalVariable.ENV): null&#xD;
&#xD;
2019-12-06 11:25:01 - [TEST_STEP][PASSED] - FirstName = "Test-123": null&#xD;
&#xD;
2019-12-06 11:25:01 - [TEST_STEP][PASSED] - LastName = selenium.getEval("{var x="ABCDEFGHIJKLMNOPQRSTUVWXYZabcdefghijklmnopqrstuvwxyz"; var tmp="ZZ11-"; for (i=0;i&lt;8;i++) tmp+=x.charAt(Math.ceil(51*Math.random()));tmp;}"): null&#xD;
&#xD;
2019-12-06 11:25:01 - [TEST_STEP][PASSED] - Address = selenium.getEval("{var x="ABCDEFGHIJKLMNOPQRSTUVWXYZabcdefghijklmnopqrstuvwxyz"; var tmp=""; for (i=0;i&lt;8;i++) tmp+=x.charAt(Math.ceil(51*Math.random()));tmp;}"): null&#xD;
&#xD;
2019-12-06 11:25:01 - [TEST_STEP][PASSED] - City = selenium.getEval("{var x="ABCDEFGHIJKLMNOPQRSTUVWXYZabcdefghijklmnopqrstuvwxyz"; var tmp=""; for (i=0;i&lt;8;i++) tmp+=x.charAt(Math.ceil(51*Math.random()));tmp;}"): null&#xD;
&#xD;
2019-12-06 11:25:01 - [TEST_STEP][PASSED] - tel1 = selenium.getEval("{var x="123456789"; var tmp=""; for (i=0;i&lt;3;i++) tmp+=x.charAt(Math.ceil(8*Math.random()));tmp;}"): null&#xD;
&#xD;
2019-12-06 11:25:01 - [TEST_STEP][PASSED] - tel2 = selenium.getEval("{var x="123456789"; var tmp=""; for (i=0;i&lt;3;i++) tmp+=x.charAt(Math.ceil(8*Math.random()));tmp;}"): null&#xD;
&#xD;
2019-12-06 11:25:01 - [TEST_STEP][PASSED] - tel3 = selenium.getEval("{var x="123456789"; var tmp=""; for (i=0;i&lt;4;i++) tmp+=x.charAt(Math.ceil(8*Math.random()));tmp;}"): null&#xD;
&#xD;
2019-12-06 11:25:01 - [TEST_STEP][PASSED] - Tel = selenium.getExpression(tel1 + "-" + tel2 + "-" + tel3): null&#xD;
&#xD;
2019-12-06 11:25:01 - [TEST_STEP][PASSED] - AutoEmail = selenium.getEval("{var x="ABCDEFGHIJKLMNOPQRSTUVWXYZabcdefghijklmnopqrstuvwxyz"; var tmp="test."; for (i=0;i&lt;8;i++) tmp+=x.charAt(Math.ceil(51*Math.random()));tmp+="@suryani.cn";}"): null&#xD;
&#xD;
2019-12-06 11:25:01 - [TEST_STEP][PASSED] - FirstName = FirstName: null&#xD;
&#xD;
2019-12-06 11:25:01 - [TEST_STEP][PASSED] - LastName = LastName: null&#xD;
&#xD;
2019-12-06 11:25:01 - [TEST_STEP][PASSED] - Address = Address: null&#xD;
&#xD;
2019-12-06 11:25:01 - [TEST_STEP][PASSED] - City = City: null&#xD;
&#xD;
2019-12-06 11:25:01 - [TEST_STEP][PASSED] - Tel = Tel: null&#xD;
&#xD;
2019-12-06 11:25:01 - [TEST_STEP][PASSED] - AutoEmail = AutoEmail: null&#xD;
&#xD;
2019-12-06 11:25:01 - [TEST_STEP][PASSED] - println(FirstName): null&#xD;
&#xD;
2019-12-06 11:25:01 - [TEST_STEP][PASSED] - println(LastName): null&#xD;
&#xD;
2019-12-06 11:25:01 - [TEST_STEP][PASSED] - println(Address): null&#xD;
&#xD;
2019-12-06 11:25:01 - [TEST_STEP][PASSED] - println(City): null&#xD;
&#xD;
2019-12-06 11:25:01 - [TEST_STEP][PASSED] - println(Tel): null&#xD;
&#xD;
2019-12-06 11:25:01 - [TEST_STEP][PASSED] - println(AutoEmail): null&#xD;
&#xD;
2019-12-06 11:25:01 - [MESSAGE][PASSED] - Call Test Case 'Test Cases/AHI/_include/name' successfully&#xD;
&#xD;
2019-12-06 11:25:01 - [TEST_STEP][PASSED] - leadform_exist = test.MobileKeywords.isElementPresent_Web(findTestObject("mobileSanity/quote lead form/lead_form"), 20): test.MobileKeywords.isElementPresent_Web is PASSED&#xD;
&#xD;
2019-12-06 11:25:22 - [MESSAGE][INFO] - Unable to find the element located by 'By.xpath: //*[@id = 'lightboxLeadForm']'. Please recheck the objects properties to make sure the desired element is located. &#xD;
&#xD;
2019-12-06 11:25:22 - [MESSAGE][PASSED] - test.MobileKeywords.isElementPresent_Web is PASSED&#xD;
&#xD;
2019-12-06 11:25:22 - [TEST_STEP][PASSED] - if (leadform_exist): null&#xD;
&#xD;
2019-12-06 11:25:22 - [MESSAGE][PASSED] - Call Test Case 'Test Cases/AHI/_include/check_quoteleadform' successfully&#xD;
&#xD;
2019-12-06 11:25:22 - [TEST_STEP][PASSED] - callTestCase(findTestCase("AHI/_include/get_screenshot"), [:], STOP_ON_FAILURE): Call Test Case 'Test Cases/AHI/_include/get_screenshot' successfully&#xD;
&#xD;
2019-12-06 11:25:22 - [TEST_CASE][PASSED] - Test Cases/AHI/_include/get_screenshot: Test Cases/AHI/_include/get_screenshot&#xD;
&#xD;
2019-12-06 11:25:22 - [TEST_STEP][PASSED] - takeScreenshot(screenPath + i + ".png"): Taking screenshot successfully&#xD;
&#xD;
2019-12-06 11:25:22 - [MESSAGE][PASSED] - Taking screenshot successfully&#xD;
[[ATTACHMENT|D:\\Test\\AgileTest\\AgileTest\\Reports\\AHI\\stm\\20191206_112427\\../Screenshots/iPhone 6/stm/Salico/standard/2.png]]&#xD;
&#xD;
2019-12-06 11:25:22 - [TEST_STEP][PASSED] - (internal.GlobalVariable.i++): null&#xD;
&#xD;
2019-12-06 11:25:22 - [MESSAGE][PASSED] - Call Test Case 'Test Cases/AHI/_include/get_screenshot' successfully&#xD;
&#xD;
2019-12-06 11:25:22 - [TEST_STEP][PASSED] - Thread.sleep(1000): null&#xD;
&#xD;
2019-12-06 11:25:23 - [MESSAGE][PASSED] - Call Test Case 'Test Cases/AHI/_include/census_stm' successfully&#xD;
&#xD;
2019-12-06 11:25:23 - [TEST_STEP][PASSED] - callTestCase(findTestCase("AHI/_include/filter_stm"), ["carrier":"slaico"], STOP_ON_FAILURE): Call Test Case 'Test Cases/AHI/_include/filter_stm' successfully&#xD;
&#xD;
2019-12-06 11:25:23 - [TEST_CASE][PASSED] - Test Cases/AHI/_include/filter_stm: Test Cases/AHI/_include/filter_stm&#xD;
&#xD;
2019-12-06 11:25:24 - [TEST_STEP][PASSED] - driver = getWebDriver(): null&#xD;
&#xD;
2019-12-06 11:25:24 - [TEST_STEP][PASSED] - selenium = new com.thoughtworks.selenium.webdriven.WebDriverBackedSelenium(driver, internal.GlobalVariable.ENV): null&#xD;
&#xD;
2019-12-06 11:25:24 - [TEST_STEP][PASSED] - Thread.sleep(1000): null&#xD;
&#xD;
2019-12-06 11:25:25 - [TEST_STEP][PASSED] - click(findTestObject("mobileSanity/STM/STM Quote Page/button_filters")): Object: 'Object Repository/mobileSanity/STM/STM Quote Page/button_filters' is clicked on&#xD;
&#xD;
2019-12-06 11:25:25 - [MESSAGE][PASSED] - Object: 'Object Repository/mobileSanity/STM/STM Quote Page/button_filters' is clicked on&#xD;
&#xD;
2019-12-06 11:25:25 - [TEST_STEP][PASSED] - Thread.sleep(1000): null&#xD;
&#xD;
2019-12-06 11:25:26 - [TEST_STEP][PASSED] - click(findTestObject("mobileSanity/STM/STM Quote Page/i_Insurance company")): Object: 'Object Repository/mobileSanity/STM/STM Quote Page/i_Insurance company' is clicked on&#xD;
&#xD;
2019-12-06 11:25:26 - [MESSAGE][PASSED] - Object: 'Object Repository/mobileSanity/STM/STM Quote Page/i_Insurance company' is clicked on&#xD;
&#xD;
2019-12-06 11:25:26 - [TEST_STEP][PASSED] - Thread.sleep(1000): null&#xD;
&#xD;
2019-12-06 11:25:27 - [TEST_STEP][PASSED] - filter_carrier = "//input[@name='filter[carrier]' and @value='" + carrier + "']/following::label": null&#xD;
&#xD;
2019-12-06 11:25:27 - [TEST_STEP][PASSED] - println(filter_carrier): null&#xD;
&#xD;
2019-12-06 11:25:27 - [TEST_STEP][PASSED] - test.MobileKeywords.clickJS_ByXpath(filter_carrier): test.MobileKeywords.clickJS_ByXpath is PASSED&#xD;
&#xD;
2019-12-06 11:25:28 - [MESSAGE][PASSED] - Execute JavaScript 'arguments[0].click()' successfully&#xD;
&#xD;
2019-12-06 11:25:28 - [MESSAGE][PASSED] - test.MobileKeywords.clickJS_ByXpath is PASSED&#xD;
&#xD;
2019-12-06 11:25:28 - [TEST_STEP][PASSED] - scrollToElement(findTestObject("mobileSanity/STM/STM Quote Page/a_Show Plans"), 1000): Scroll to object 'Object Repository/mobileSanity/STM/STM Quote Page/a_Show Plans' successfully&#xD;
&#xD;
2019-12-06 11:25:28 - [MESSAGE][PASSED] - Scroll to object 'Object Repository/mobileSanity/STM/STM Quote Page/a_Show Plans' successfully&#xD;
&#xD;
2019-12-06 11:25:28 - [TEST_STEP][PASSED] - Thread.sleep(2000): null&#xD;
&#xD;
2019-12-06 11:25:30 - [TEST_STEP][PASSED] - click(findTestObject("mobileSanity/STM/STM Quote Page/a_Show Plans")): Object: 'Object Repository/mobileSanity/STM/STM Quote Page/a_Show Plans' is clicked on&#xD;
&#xD;
2019-12-06 11:25:30 - [MESSAGE][PASSED] - Object: 'Object Repository/mobileSanity/STM/STM Quote Page/a_Show Plans' is clicked on&#xD;
&#xD;
2019-12-06 11:25:30 - [TEST_STEP][PASSED] - waitForJQueryLoad(20, STOP_ON_FAILURE): jQuery is ready.&#xD;
&#xD;
2019-12-06 11:25:31 - [MESSAGE][PASSED] - jQuery is ready.&#xD;
&#xD;
2019-12-06 11:25:31 - [TEST_STEP][PASSED] - Thread.sleep(2000): null&#xD;
&#xD;
2019-12-06 11:25:33 - [TEST_STEP][PASSED] - callTestCase(findTestCase("AHI/_include/get_screenshot"), [:], STOP_ON_FAILURE): Call Test Case 'Test Cases/AHI/_include/get_screenshot' successfully&#xD;
&#xD;
2019-12-06 11:25:33 - [TEST_CASE][PASSED] - Test Cases/AHI/_include/get_screenshot: Test Cases/AHI/_include/get_screenshot&#xD;
&#xD;
2019-12-06 11:25:33 - [TEST_STEP][PASSED] - takeScreenshot(screenPath + i + ".png"): Taking screenshot successfully&#xD;
&#xD;
2019-12-06 11:25:33 - [MESSAGE][PASSED] - Taking screenshot successfully&#xD;
[[ATTACHMENT|D:\\Test\\AgileTest\\AgileTest\\Reports\\AHI\\stm\\20191206_112427\\../Screenshots/iPhone 6/stm/Salico/standard/3.png]]&#xD;
&#xD;
2019-12-06 11:25:33 - [TEST_STEP][PASSED] - (internal.GlobalVariable.i++): null&#xD;
&#xD;
2019-12-06 11:25:33 - [MESSAGE][PASSED] - Call Test Case 'Test Cases/AHI/_include/get_screenshot' successfully&#xD;
&#xD;
2019-12-06 11:25:33 - [MESSAGE][PASSED] - Call Test Case 'Test Cases/AHI/_include/filter_stm' successfully&#xD;
&#xD;
2019-12-06 11:25:33 - [TEST_STEP][PASSED] - callTestCase(findTestCase("AHI/_include/goToDetail_stm"), ["carrier":"slaico"], STOP_ON_FAILURE): Call Test Case 'Test Cases/AHI/_include/goToDetail_stm' successfully&#xD;
&#xD;
2019-12-06 11:25:34 - [TEST_CASE][PASSED] - Test Cases/AHI/_include/goToDetail_stm: Test Cases/AHI/_include/goToDetail_stm&#xD;
&#xD;
2019-12-06 11:25:34 - [TEST_STEP][PASSED] - driver = getWebDriver(): null&#xD;
&#xD;
2019-12-06 11:25:34 - [TEST_STEP][PASSED] - selenium = new com.thoughtworks.selenium.webdriven.WebDriverBackedSelenium(driver, internal.GlobalVariable.ENV): null&#xD;
&#xD;
2019-12-06 11:25:34 - [TEST_STEP][PASSED] - a_plan_name = "xpath=//a[contains(@href,'/term-health-insurance/plan/" + carrier + "')]": null&#xD;
&#xD;
2019-12-06 11:25:34 - [TEST_STEP][PASSED] - println(a_plan_name): null&#xD;
&#xD;
2019-12-06 11:25:34 - [TEST_STEP][PASSED] - selenium.click(a_plan_name): null&#xD;
&#xD;
2019-12-06 11:25:46 - [TEST_STEP][PASSED] - waitForPageLoad(20): Wait for page load successfully&#xD;
&#xD;
2019-12-06 11:25:46 - [MESSAGE][PASSED] - Wait for page load successfully&#xD;
&#xD;
2019-12-06 11:25:46 - [TEST_STEP][PASSED] - Thread.sleep(2000): null&#xD;
&#xD;
2019-12-06 11:25:48 - [TEST_STEP][PASSED] - callTestCase(findTestCase("AHI/_include/get_screenshot"), [:], STOP_ON_FAILURE): Call Test Case 'Test Cases/AHI/_include/get_screenshot' successfully&#xD;
&#xD;
2019-12-06 11:25:48 - [TEST_CASE][PASSED] - Test Cases/AHI/_include/get_screenshot: Test Cases/AHI/_include/get_screenshot&#xD;
&#xD;
2019-12-06 11:25:48 - [TEST_STEP][PASSED] - takeScreenshot(screenPath + i + ".png"): Taking screenshot successfully&#xD;
&#xD;
2019-12-06 11:25:49 - [MESSAGE][PASSED] - Taking screenshot successfully&#xD;
[[ATTACHMENT|D:\\Test\\AgileTest\\AgileTest\\Reports\\AHI\\stm\\20191206_112427\\../Screenshots/iPhone 6/stm/Salico/standard/4.png]]&#xD;
&#xD;
2019-12-06 11:25:49 - [TEST_STEP][PASSED] - (internal.GlobalVariable.i++): null&#xD;
&#xD;
2019-12-06 11:25:49 - [MESSAGE][PASSED] - Call Test Case 'Test Cases/AHI/_include/get_screenshot' successfully&#xD;
&#xD;
2019-12-06 11:25:49 - [MESSAGE][PASSED] - Call Test Case 'Test Cases/AHI/_include/goToDetail_stm' successfully&#xD;
&#xD;
2019-12-06 11:25:49 - [TEST_STEP][PASSED] - callTestCase(findTestCase("AHI/_include/apply_stm"), [:], STOP_ON_FAILURE): Call Test Case 'Test Cases/AHI/_include/apply_stm' successfully&#xD;
&#xD;
2019-12-06 11:25:49 - [TEST_CASE][PASSED] - Test Cases/AHI/_include/apply_stm: Test Cases/AHI/_include/apply_stm&#xD;
&#xD;
2019-12-06 11:25:49 - [TEST_STEP][PASSED] - waitForElementVisible(findTestObject("mobileSanity/STM/STM PlanDetail Page/a_Apply for This Plan"), 5): Object 'Object Repository/mobileSanity/STM/STM PlanDetail Page/a_Apply for This Plan' is visible&#xD;
&#xD;
2019-12-06 11:25:49 - [MESSAGE][PASSED] - Object 'Object Repository/mobileSanity/STM/STM PlanDetail Page/a_Apply for This Plan' is visible&#xD;
&#xD;
2019-12-06 11:25:49 - [TEST_STEP][PASSED] - click(findTestObject("mobileSanity/STM/STM PlanDetail Page/a_Apply for This Plan")): Object: 'Object Repository/mobileSanity/STM/STM PlanDetail Page/a_Apply for This Plan' is clicked on&#xD;
&#xD;
2019-12-06 11:25:51 - [MESSAGE][PASSED] - Object: 'Object Repository/mobileSanity/STM/STM PlanDetail Page/a_Apply for This Plan' is clicked on&#xD;
&#xD;
2019-12-06 11:25:51 - [TEST_STEP][PASSED] - waitForPageLoad(10): Wait for page load successfully&#xD;
&#xD;
2019-12-06 11:25:51 - [MESSAGE][PASSED] - Wait for page load successfully&#xD;
&#xD;
2019-12-06 11:25:51 - [TEST_STEP][PASSED] - Thread.sleep(2000): null&#xD;
&#xD;
2019-12-06 11:25:53 - [TEST_STEP][PASSED] - callTestCase(findTestCase("AHI/_include/get_screenshot"), [:], STOP_ON_FAILURE): Call Test Case 'Test Cases/AHI/_include/get_screenshot' successfully&#xD;
&#xD;
2019-12-06 11:25:53 - [TEST_CASE][PASSED] - Test Cases/AHI/_include/get_screenshot: Test Cases/AHI/_include/get_screenshot&#xD;
&#xD;
2019-12-06 11:25:53 - [TEST_STEP][PASSED] - takeScreenshot(screenPath + i + ".png"): Taking screenshot successfully&#xD;
&#xD;
2019-12-06 11:25:53 - [MESSAGE][PASSED] - Taking screenshot successfully&#xD;
[[ATTACHMENT|D:\\Test\\AgileTest\\AgileTest\\Reports\\AHI\\stm\\20191206_112427\\../Screenshots/iPhone 6/stm/Salico/standard/5.png]]&#xD;
&#xD;
2019-12-06 11:25:53 - [TEST_STEP][PASSED] - (internal.GlobalVariable.i++): null&#xD;
&#xD;
2019-12-06 11:25:53 - [MESSAGE][PASSED] - Call Test Case 'Test Cases/AHI/_include/get_screenshot' successfully&#xD;
&#xD;
2019-12-06 11:25:53 - [TEST_STEP][PASSED] - waitForElementVisible(findTestObject("mobileSanity/STM/STM Apply Page/a_Start Secure Application"), 5): Object 'Object Repository/mobileSanity/STM/STM Apply Page/a_Start Secure Application' is visible&#xD;
&#xD;
2019-12-06 11:25:53 - [MESSAGE][PASSED] - Object 'Object Repository/mobileSanity/STM/STM Apply Page/a_Start Secure Application' is visible&#xD;
&#xD;
2019-12-06 11:25:53 - [TEST_STEP][PASSED] - click(findTestObject("mobileSanity/STM/STM Apply Page/a_Start Secure Application")): Object: 'Object Repository/mobileSanity/STM/STM Apply Page/a_Start Secure Application' is clicked on&#xD;
&#xD;
2019-12-06 11:25:55 - [MESSAGE][PASSED] - Object: 'Object Repository/mobileSanity/STM/STM Apply Page/a_Start Secure Application' is clicked on&#xD;
&#xD;
2019-12-06 11:25:55 - [TEST_STEP][PASSED] - waitForPageLoad(20): Wait for page load successfully&#xD;
&#xD;
2019-12-06 11:25:55 - [MESSAGE][PASSED] - Wait for page load successfully&#xD;
&#xD;
2019-12-06 11:25:55 - [TEST_STEP][PASSED] - Thread.sleep(2000): null&#xD;
&#xD;
2019-12-06 11:25:57 - [TEST_STEP][PASSED] - callTestCase(findTestCase("AHI/_include/get_screenshot"), [:], STOP_ON_FAILURE): Call Test Case 'Test Cases/AHI/_include/get_screenshot' successfully&#xD;
&#xD;
2019-12-06 11:25:57 - [TEST_CASE][PASSED] - Test Cases/AHI/_include/get_screenshot: Test Cases/AHI/_include/get_screenshot&#xD;
&#xD;
2019-12-06 11:25:57 - [TEST_STEP][PASSED] - takeScreenshot(screenPath + i + ".png"): Taking screenshot successfully&#xD;
&#xD;
2019-12-06 11:25:57 - [MESSAGE][PASSED] - Taking screenshot successfully&#xD;
[[ATTACHMENT|D:\\Test\\AgileTest\\AgileTest\\Reports\\AHI\\stm\\20191206_112427\\../Screenshots/iPhone 6/stm/Salico/standard/6.png]]&#xD;
&#xD;
2019-12-06 11:25:57 - [TEST_STEP][PASSED] - (internal.GlobalVariable.i++): null&#xD;
&#xD;
2019-12-06 11:25:57 - [MESSAGE][PASSED] - Call Test Case 'Test Cases/AHI/_include/get_screenshot' successfully&#xD;
&#xD;
2019-12-06 11:25:57 - [MESSAGE][PASSED] - Call Test Case 'Test Cases/AHI/_include/apply_stm' successfully&#xD;
&#xD;
2019-12-06 11:25:57 - [TEST_STEP][PASSED] - callTestCase(findTestCase("AHI/_include/goToEnd_stm_autofill"), [:], STOP_ON_FAILURE): Call Test Case 'Test Cases/AHI/_include/goToEnd_stm_autofill' successfully&#xD;
&#xD;
2019-12-06 11:25:58 - [TEST_CASE][PASSED] - Test Cases/AHI/_include/goToEnd_stm_autofill: Test Cases/AHI/_include/goToEnd_stm_autofill&#xD;
&#xD;
2019-12-06 11:25:58 - [TEST_STEP][PASSED] - callTestCase(findTestCase("AHI/_include/name"), [:], CONTINUE_ON_FAILURE): Call Test Case 'Test Cases/AHI/_include/name' successfully&#xD;
&#xD;
2019-12-06 11:25:58 - [TEST_CASE][PASSED] - Test Cases/AHI/_include/name: Test Cases/AHI/_include/name&#xD;
&#xD;
2019-12-06 11:25:58 - [TEST_STEP][PASSED] - driver = getWebDriver(): null&#xD;
&#xD;
2019-12-06 11:25:58 - [TEST_STEP][PASSED] - selenium = new com.thoughtworks.selenium.webdriven.WebDriverBackedSelenium(driver, internal.GlobalVariable.ENV): null&#xD;
&#xD;
2019-12-06 11:25:58 - [TEST_STEP][PASSED] - FirstName = "Test-123": null&#xD;
&#xD;
2019-12-06 11:25:58 - [TEST_STEP][PASSED] - LastName = selenium.getEval("{var x="ABCDEFGHIJKLMNOPQRSTUVWXYZabcdefghijklmnopqrstuvwxyz"; var tmp="ZZ11-"; for (i=0;i&lt;8;i++) tmp+=x.charAt(Math.ceil(51*Math.random()));tmp;}"): null&#xD;
&#xD;
2019-12-06 11:25:58 - [TEST_STEP][PASSED] - Address = selenium.getEval("{var x="ABCDEFGHIJKLMNOPQRSTUVWXYZabcdefghijklmnopqrstuvwxyz"; var tmp=""; for (i=0;i&lt;8;i++) tmp+=x.charAt(Math.ceil(51*Math.random()));tmp;}"): null&#xD;
&#xD;
2019-12-06 11:25:58 - [TEST_STEP][PASSED] - City = selenium.getEval("{var x="ABCDEFGHIJKLMNOPQRSTUVWXYZabcdefghijklmnopqrstuvwxyz"; var tmp=""; for (i=0;i&lt;8;i++) tmp+=x.charAt(Math.ceil(51*Math.random()));tmp;}"): null&#xD;
&#xD;
2019-12-06 11:25:58 - [TEST_STEP][PASSED] - tel1 = selenium.getEval("{var x="123456789"; var tmp=""; for (i=0;i&lt;3;i++) tmp+=x.charAt(Math.ceil(8*Math.random()));tmp;}"): null&#xD;
&#xD;
2019-12-06 11:25:58 - [TEST_STEP][PASSED] - tel2 = selenium.getEval("{var x="123456789"; var tmp=""; for (i=0;i&lt;3;i++) tmp+=x.charAt(Math.ceil(8*Math.random()));tmp;}"): null&#xD;
&#xD;
2019-12-06 11:25:58 - [TEST_STEP][PASSED] - tel3 = selenium.getEval("{var x="123456789"; var tmp=""; for (i=0;i&lt;4;i++) tmp+=x.charAt(Math.ceil(8*Math.random()));tmp;}"): null&#xD;
&#xD;
2019-12-06 11:25:58 - [TEST_STEP][PASSED] - Tel = selenium.getExpression(tel1 + "-" + tel2 + "-" + tel3): null&#xD;
&#xD;
2019-12-06 11:25:58 - [TEST_STEP][PASSED] - AutoEmail = selenium.getEval("{var x="ABCDEFGHIJKLMNOPQRSTUVWXYZabcdefghijklmnopqrstuvwxyz"; var tmp="test."; for (i=0;i&lt;8;i++) tmp+=x.charAt(Math.ceil(51*Math.random()));tmp+="@suryani.cn";}"): null&#xD;
&#xD;
2019-12-06 11:25:58 - [TEST_STEP][PASSED] - FirstName = FirstName: null&#xD;
&#xD;
2019-12-06 11:25:58 - [TEST_STEP][PASSED] - LastName = LastName: null&#xD;
&#xD;
2019-12-06 11:25:58 - [TEST_STEP][PASSED] - Address = Address: null&#xD;
&#xD;
2019-12-06 11:25:58 - [TEST_STEP][PASSED] - City = City: null&#xD;
&#xD;
2019-12-06 11:25:58 - [TEST_STEP][PASSED] - Tel = Tel: null&#xD;
&#xD;
2019-12-06 11:25:58 - [TEST_STEP][PASSED] - AutoEmail = AutoEmail: null&#xD;
&#xD;
2019-12-06 11:25:58 - [TEST_STEP][PASSED] - println(FirstName): null&#xD;
&#xD;
2019-12-06 11:25:58 - [TEST_STEP][PASSED] - println(LastName): null&#xD;
&#xD;
2019-12-06 11:25:58 - [TEST_STEP][PASSED] - println(Address): null&#xD;
&#xD;
2019-12-06 11:25:58 - [TEST_STEP][PASSED] - println(City): null&#xD;
&#xD;
2019-12-06 11:25:58 - [TEST_STEP][PASSED] - println(Tel): null&#xD;
&#xD;
2019-12-06 11:25:58 - [TEST_STEP][PASSED] - println(AutoEmail): null&#xD;
&#xD;
2019-12-06 11:25:58 - [MESSAGE][PASSED] - Call Test Case 'Test Cases/AHI/_include/name' successfully&#xD;
&#xD;
2019-12-06 11:25:58 - [TEST_STEP][FAILED] - try: Unable to verify text 'Month Duration Acknowledgement' is present  (Root cause: com.kms.katalon.core.exception.StepFailedException: Unable to verify text 'Month Duration Acknowledgement' is present &#xD;
	at com.kms.katalon.core.webui.keyword.internal.WebUIKeywordMain.stepFailed(WebUIKeywordMain.groovy:64)&#xD;
	at com.kms.katalon.core.webui.keyword.internal.WebUIKeywordMain.runKeyword(WebUIKeywordMain.groovy:26)&#xD;
	at com.kms.katalon.core.webui.keyword.builtin.VerifyTextPresentKeyword.verifyTextPresent(VerifyTextPresentKeyword.groovy:83)&#xD;
	at com.kms.katalon.core.webui.keyword.builtin.VerifyTextPresentKeyword.execute(VerifyTextPresentKeyword.groovy:68)&#xD;
	at com.kms.katalon.core.keyword.internal.KeywordExecutor.executeKeywordForPlatform(KeywordExecutor.groovy:56)&#xD;
	at com.kms.katalon.core.webui.keyword.WebUiBuiltInKeywords.verifyTextPresent(WebUiBuiltInKeywords.groovy:1693)&#xD;
	at com.kms.katalon.core.webui.keyword.WebUiBuiltInKeywords$verifyTextPresent$10.call(Unknown Source)&#xD;
	at goToEnd_stm_autofill.run(goToEnd_stm_autofill:19)&#xD;
	at com.kms.katalon.core.main.ScriptEngine.run(ScriptEngine.java:194)&#xD;
	at com.kms.katalon.core.main.ScriptEngine.runScriptAsRawText(ScriptEngine.java:119)&#xD;
	at com.kms.katalon.core.main.TestCaseExecutor.runScript(TestCaseExecutor.java:337)&#xD;
	at com.kms.katalon.core.main.TestCaseExecutor.doExecute(TestCaseExecutor.java:328)&#xD;
	at com.kms.katalon.core.main.TestCaseExecutor.processExecutionPhase(TestCaseExecutor.java:307)&#xD;
	at com.kms.katalon.core.main.TestCaseExecutor.accessMainPhase(TestCaseExecutor.java:299)&#xD;
	at com.kms.katalon.core.main.TestCaseExecutor.execute(TestCaseExecutor.java:233)&#xD;
	at com.kms.katalon.core.main.TestCaseMain.runTestCase(TestCaseMain.java:114)&#xD;
	at com.kms.katalon.core.keyword.builtin.CallTestCaseKeyword$_callTestCase_closure1.doCall(CallTestCaseKeyword.groovy:59)&#xD;
	at com.kms.katalon.core.keyword.builtin.CallTestCaseKeyword$_callTestCase_closure1.call(CallTestCaseKeyword.groovy)&#xD;
	at com.kms.katalon.core.keyword.internal.KeywordMain.runKeyword(KeywordMain.groovy:68)&#xD;
	at com.kms.katalon.core.keyword.builtin.CallTestCaseKeyword.callTestCase(CallTestCaseKeyword.groovy:81)&#xD;
	at com.kms.katalon.core.keyword.builtin.CallTestCaseKeyword.execute(CallTestCaseKeyword.groovy:44)&#xD;
	at com.kms.katalon.core.keyword.internal.KeywordExecutor.executeKeywordForPlatform(KeywordExecutor.groovy:56)&#xD;
	at com.kms.katalon.core.keyword.BuiltinKeywords.callTestCase(BuiltinKeywords.groovy:334)&#xD;
	at Slaico.run(Slaico:32)&#xD;
	at com.kms.katalon.core.main.ScriptEngine.run(ScriptEngine.java:194)&#xD;
	at com.kms.katalon.core.main.ScriptEngine.runScriptAsRawText(ScriptEngine.java:119)&#xD;
	at com.kms.katalon.core.main.TestCaseExecutor.runScript(TestCaseExecutor.java:337)&#xD;
	at com.kms.katalon.core.main.TestCaseExecutor.doExecute(TestCaseExecutor.java:328)&#xD;
	at com.kms.katalon.core.main.TestCaseExecutor.processExecutionPhase(TestCaseExecutor.java:307)&#xD;
	at com.kms.katalon.core.main.TestCaseExecutor.accessMainPhase(TestCaseExecutor.java:299)&#xD;
	at com.kms.katalon.core.main.TestCaseExecutor.execute(TestCaseExecutor.java:233)&#xD;
	at com.kms.katalon.core.main.TestSuiteExecutor.accessTestCaseMainPhase(TestSuiteExecutor.java:133)&#xD;
	at com.kms.katalon.core.main.TestSuiteExecutor.accessTestSuiteMainPhase(TestSuiteExecutor.java:116)&#xD;
	at com.kms.katalon.core.main.TestSuiteExecutor.execute(TestSuiteExecutor.java:83)&#xD;
	at com.kms.katalon.core.main.TestCaseMain.startTestSuite(TestCaseMain.java:157)&#xD;
	at com.kms.katalon.core.main.TestCaseMain$startTestSuite$0.call(Unknown Source)&#xD;
	at TempTestSuite1575602667225.run(TempTestSuite1575602667225.groovy:35)&#xD;
Caused by: com.kms.katalon.core.exception.StepFailedException: Text 'Month Duration Acknowledgement' is not present on page &#xD;
	at com.kms.katalon.core.webui.keyword.internal.WebUIKeywordMain.stepFailed(WebUIKeywordMain.groovy:64)&#xD;
	at com.kms.katalon.core.webui.keyword.builtin.VerifyTextPresentKeyword$_verifyTextPresent_closure1.doCall(VerifyTextPresentKeyword.groovy:79)&#xD;
	at com.kms.katalon.core.webui.keyword.builtin.VerifyTextPresentKeyword$_verifyTextPresent_closure1.call(VerifyTextPresentKeyword.groovy)&#xD;
	at com.kms.katalon.core.webui.keyword.internal.WebUIKeywordMain.runKeyword(WebUIKeywordMain.groovy:20)&#xD;
	... 35 more&#xD;
)&#xD;
&#xD;
2019-12-06 11:25:58 - [TEST_STEP][FAILED] - if (verifyTextPresent("Month Duration Acknowledgement", false)): Unable to verify text 'Month Duration Acknowledgement' is present  (Root cause: com.kms.katalon.core.exception.StepFailedException: Unable to verify text 'Month Duration Acknowledgement' is present &#xD;
	at com.kms.katalon.core.webui.keyword.internal.WebUIKeywordMain.stepFailed(WebUIKeywordMain.groovy:64)&#xD;
	at com.kms.katalon.core.webui.keyword.internal.WebUIKeywordMain.runKeyword(WebUIKeywordMain.groovy:26)&#xD;
	at com.kms.katalon.core.webui.keyword.builtin.VerifyTextPresentKeyword.verifyTextPresent(VerifyTextPresentKeyword.groovy:83)&#xD;
	at com.kms.katalon.core.webui.keyword.builtin.VerifyTextPresentKeyword.execute(VerifyTextPresentKeyword.groovy:68)&#xD;
	at com.kms.katalon.core.keyword.internal.KeywordExecutor.executeKeywordForPlatform(KeywordExecutor.groovy:56)&#xD;
	at com.kms.katalon.core.webui.keyword.WebUiBuiltInKeywords.verifyTextPresent(WebUiBuiltInKeywords.groovy:1693)&#xD;
	at com.kms.katalon.core.webui.keyword.WebUiBuiltInKeywords$verifyTextPresent$10.call(Unknown Source)&#xD;
	at goToEnd_stm_autofill.run(goToEnd_stm_autofill:19)&#xD;
	at com.kms.katalon.core.main.ScriptEngine.run(ScriptEngine.java:194)&#xD;
	at com.kms.katalon.core.main.ScriptEngine.runScriptAsRawText(ScriptEngine.java:119)&#xD;
	at com.kms.katalon.core.main.TestCaseExecutor.runScript(TestCaseExecutor.java:337)&#xD;
	at com.kms.katalon.core.main.TestCaseExecutor.doExecute(TestCaseExecutor.java:328)&#xD;
	at com.kms.katalon.core.main.TestCaseExecutor.processExecutionPhase(TestCaseExecutor.java:307)&#xD;
	at com.kms.katalon.core.main.TestCaseExecutor.accessMainPhase(TestCaseExecutor.java:299)&#xD;
	at com.kms.katalon.core.main.TestCaseExecutor.execute(TestCaseExecutor.java:233)&#xD;
	at com.kms.katalon.core.main.TestCaseMain.runTestCase(TestCaseMain.java:114)&#xD;
	at com.kms.katalon.core.keyword.builtin.CallTestCaseKeyword$_callTestCase_closure1.doCall(CallTestCaseKeyword.groovy:59)&#xD;
	at com.kms.katalon.core.keyword.builtin.CallTestCaseKeyword$_callTestCase_closure1.call(CallTestCaseKeyword.groovy)&#xD;
	at com.kms.katalon.core.keyword.internal.KeywordMain.runKeyword(KeywordMain.groovy:68)&#xD;
	at com.kms.katalon.core.keyword.builtin.CallTestCaseKeyword.callTestCase(CallTestCaseKeyword.groovy:81)&#xD;
	at com.kms.katalon.core.keyword.builtin.CallTestCaseKeyword.execute(CallTestCaseKeyword.groovy:44)&#xD;
	at com.kms.katalon.core.keyword.internal.KeywordExecutor.executeKeywordForPlatform(KeywordExecutor.groovy:56)&#xD;
	at com.kms.katalon.core.keyword.BuiltinKeywords.callTestCase(BuiltinKeywords.groovy:334)&#xD;
	at Slaico.run(Slaico:32)&#xD;
	at com.kms.katalon.core.main.ScriptEngine.run(ScriptEngine.java:194)&#xD;
	at com.kms.katalon.core.main.ScriptEngine.runScriptAsRawText(ScriptEngine.java:119)&#xD;
	at com.kms.katalon.core.main.TestCaseExecutor.runScript(TestCaseExecutor.java:337)&#xD;
	at com.kms.katalon.core.main.TestCaseExecutor.doExecute(TestCaseExecutor.java:328)&#xD;
	at com.kms.katalon.core.main.TestCaseExecutor.processExecutionPhase(TestCaseExecutor.java:307)&#xD;
	at com.kms.katalon.core.main.TestCaseExecutor.accessMainPhase(TestCaseExecutor.java:299)&#xD;
	at com.kms.katalon.core.main.TestCaseExecutor.execute(TestCaseExecutor.java:233)&#xD;
	at com.kms.katalon.core.main.TestSuiteExecutor.accessTestCaseMainPhase(TestSuiteExecutor.java:133)&#xD;
	at com.kms.katalon.core.main.TestSuiteExecutor.accessTestSuiteMainPhase(TestSuiteExecutor.java:116)&#xD;
	at com.kms.katalon.core.main.TestSuiteExecutor.execute(TestSuiteExecutor.java:83)&#xD;
	at com.kms.katalon.core.main.TestCaseMain.startTestSuite(TestCaseMain.java:157)&#xD;
	at com.kms.katalon.core.main.TestCaseMain$startTestSuite$0.call(Unknown Source)&#xD;
	at TempTestSuite1575602667225.run(TempTestSuite1575602667225.groovy:35)&#xD;
Caused by: com.kms.katalon.core.exception.StepFailedException: Text 'Month Duration Acknowledgement' is not present on page &#xD;
	at com.kms.katalon.core.webui.keyword.internal.WebUIKeywordMain.stepFailed(WebUIKeywordMain.groovy:64)&#xD;
	at com.kms.katalon.core.webui.keyword.builtin.VerifyTextPresentKeyword$_verifyTextPresent_closure1.doCall(VerifyTextPresentKeyword.groovy:79)&#xD;
	at com.kms.katalon.core.webui.keyword.builtin.VerifyTextPresentKeyword$_verifyTextPresent_closure1.call(VerifyTextPresentKeyword.groovy)&#xD;
	at com.kms.katalon.core.webui.keyword.internal.WebUIKeywordMain.runKeyword(WebUIKeywordMain.groovy:20)&#xD;
	... 35 more&#xD;
)&#xD;
&#xD;
2019-12-06 11:25:58 - [MESSAGE][FAILED] - Text 'Month Duration Acknowledgement' is not present on page  (Root cause: com.kms.katalon.core.exception.StepFailedException: Text 'Month Duration Acknowledgement' is not present on page &#xD;
	at com.kms.katalon.core.webui.keyword.internal.WebUIKeywordMain.stepFailed(WebUIKeywordMain.groovy:64)&#xD;
	at com.kms.katalon.core.webui.keyword.builtin.VerifyTextPresentKeyword$_verifyTextPresent_closure1.doCall(VerifyTextPresentKeyword.groovy:79)&#xD;
	at com.kms.katalon.core.webui.keyword.builtin.VerifyTextPresentKeyword$_verifyTextPresent_closure1.call(VerifyTextPresentKeyword.groovy)&#xD;
	at com.kms.katalon.core.webui.keyword.internal.WebUIKeywordMain.runKeyword(WebUIKeywordMain.groovy:20)&#xD;
	at com.kms.katalon.core.webui.keyword.builtin.VerifyTextPresentKeyword.verifyTextPresent(VerifyTextPresentKeyword.groovy:83)&#xD;
	at com.kms.katalon.core.webui.keyword.builtin.VerifyTextPresentKeyword.execute(VerifyTextPresentKeyword.groovy:68)&#xD;
	at com.kms.katalon.core.keyword.internal.KeywordExecutor.executeKeywordForPlatform(KeywordExecutor.groovy:56)&#xD;
	at com.kms.katalon.core.webui.keyword.WebUiBuiltInKeywords.verifyTextPresent(WebUiBuiltInKeywords.groovy:1693)&#xD;
	at com.kms.katalon.core.webui.keyword.WebUiBuiltInKeywords$verifyTextPresent$10.call(Unknown Source)&#xD;
	at goToEnd_stm_autofill.run(goToEnd_stm_autofill:19)&#xD;
	at com.kms.katalon.core.main.ScriptEngine.run(ScriptEngine.java:194)&#xD;
	at com.kms.katalon.core.main.ScriptEngine.runScriptAsRawText(ScriptEngine.java:119)&#xD;
	at com.kms.katalon.core.main.TestCaseExecutor.runScript(TestCaseExecutor.java:337)&#xD;
	at com.kms.katalon.core.main.TestCaseExecutor.doExecute(TestCaseExecutor.java:328)&#xD;
	at com.kms.katalon.core.main.TestCaseExecutor.processExecutionPhase(TestCaseExecutor.java:307)&#xD;
	at com.kms.katalon.core.main.TestCaseExecutor.accessMainPhase(TestCaseExecutor.java:299)&#xD;
	at com.kms.katalon.core.main.TestCaseExecutor.execute(TestCaseExecutor.java:233)&#xD;
	at com.kms.katalon.core.main.TestCaseMain.runTestCase(TestCaseMain.java:114)&#xD;
	at com.kms.katalon.core.keyword.builtin.CallTestCaseKeyword$_callTestCase_closure1.doCall(CallTestCaseKeyword.groovy:59)&#xD;
	at com.kms.katalon.core.keyword.builtin.CallTestCaseKeyword$_callTestCase_closure1.call(CallTestCaseKeyword.groovy)&#xD;
	at com.kms.katalon.core.keyword.internal.KeywordMain.runKeyword(KeywordMain.groovy:68)&#xD;
	at com.kms.katalon.core.keyword.builtin.CallTestCaseKeyword.callTestCase(CallTestCaseKeyword.groovy:81)&#xD;
	at com.kms.katalon.core.keyword.builtin.CallTestCaseKeyword.execute(CallTestCaseKeyword.groovy:44)&#xD;
	at com.kms.katalon.core.keyword.internal.KeywordExecutor.executeKeywordForPlatform(KeywordExecutor.groovy:56)&#xD;
	at com.kms.katalon.core.keyword.BuiltinKeywords.callTestCase(BuiltinKeywords.groovy:334)&#xD;
	at Slaico.run(Slaico:32)&#xD;
	at com.kms.katalon.core.main.ScriptEngine.run(ScriptEngine.java:194)&#xD;
	at com.kms.katalon.core.main.ScriptEngine.runScriptAsRawText(ScriptEngine.java:119)&#xD;
	at com.kms.katalon.core.main.TestCaseExecutor.runScript(TestCaseExecutor.java:337)&#xD;
	at com.kms.katalon.core.main.TestCaseExecutor.doExecute(TestCaseExecutor.java:328)&#xD;
	at com.kms.katalon.core.main.TestCaseExecutor.processExecutionPhase(TestCaseExecutor.java:307)&#xD;
	at com.kms.katalon.core.main.TestCaseExecutor.accessMainPhase(TestCaseExecutor.java:299)&#xD;
	at com.kms.katalon.core.main.TestCaseExecutor.execute(TestCaseExecutor.java:233)&#xD;
	at com.kms.katalon.core.main.TestSuiteExecutor.accessTestCaseMainPhase(TestSuiteExecutor.java:133)&#xD;
	at com.kms.katalon.core.main.TestSuiteExecutor.accessTestSuiteMainPhase(TestSuiteExecutor.java:116)&#xD;
	at com.kms.katalon.core.main.TestSuiteExecutor.execute(TestSuiteExecutor.java:83)&#xD;
	at com.kms.katalon.core.main.TestCaseMain.startTestSuite(TestCaseMain.java:157)&#xD;
	at com.kms.katalon.core.main.TestCaseMain$startTestSuite$0.call(Unknown Source)&#xD;
	at TempTestSuite1575602667225.run(TempTestSuite1575602667225.groovy:35)&#xD;
)&#xD;
&#xD;
2019-12-06 11:25:59 - [MESSAGE][FAILED] - Unable to verify text 'Month Duration Acknowledgement' is present  (Root cause: com.kms.katalon.core.exception.StepFailedException: Unable to verify text 'Month Duration Acknowledgement' is present &#xD;
	at com.kms.katalon.core.webui.keyword.internal.WebUIKeywordMain.stepFailed(WebUIKeywordMain.groovy:64)&#xD;
	at com.kms.katalon.core.webui.keyword.internal.WebUIKeywordMain.runKeyword(WebUIKeywordMain.groovy:26)&#xD;
	at com.kms.katalon.core.webui.keyword.builtin.VerifyTextPresentKeyword.verifyTextPresent(VerifyTextPresentKeyword.groovy:83)&#xD;
	at com.kms.katalon.core.webui.keyword.builtin.VerifyTextPresentKeyword.execute(VerifyTextPresentKeyword.groovy:68)&#xD;
	at com.kms.katalon.core.keyword.internal.KeywordExecutor.executeKeywordForPlatform(KeywordExecutor.groovy:56)&#xD;
	at com.kms.katalon.core.webui.keyword.WebUiBuiltInKeywords.verifyTextPresent(WebUiBuiltInKeywords.groovy:1693)&#xD;
	at com.kms.katalon.core.webui.keyword.WebUiBuiltInKeywords$verifyTextPresent$10.call(Unknown Source)&#xD;
	at goToEnd_stm_autofill.run(goToEnd_stm_autofill:19)&#xD;
	at com.kms.katalon.core.main.ScriptEngine.run(ScriptEngine.java:194)&#xD;
	at com.kms.katalon.core.main.ScriptEngine.runScriptAsRawText(ScriptEngine.java:119)&#xD;
	at com.kms.katalon.core.main.TestCaseExecutor.runScript(TestCaseExecutor.java:337)&#xD;
	at com.kms.katalon.core.main.TestCaseExecutor.doExecute(TestCaseExecutor.java:328)&#xD;
	at com.kms.katalon.core.main.TestCaseExecutor.processExecutionPhase(TestCaseExecutor.java:307)&#xD;
	at com.kms.katalon.core.main.TestCaseExecutor.accessMainPhase(TestCaseExecutor.java:299)&#xD;
	at com.kms.katalon.core.main.TestCaseExecutor.execute(TestCaseExecutor.java:233)&#xD;
	at com.kms.katalon.core.main.TestCaseMain.runTestCase(TestCaseMain.java:114)&#xD;
	at com.kms.katalon.core.keyword.builtin.CallTestCaseKeyword$_callTestCase_closure1.doCall(CallTestCaseKeyword.groovy:59)&#xD;
	at com.kms.katalon.core.keyword.builtin.CallTestCaseKeyword$_callTestCase_closure1.call(CallTestCaseKeyword.groovy)&#xD;
	at com.kms.katalon.core.keyword.internal.KeywordMain.runKeyword(KeywordMain.groovy:68)&#xD;
	at com.kms.katalon.core.keyword.builtin.CallTestCaseKeyword.callTestCase(CallTestCaseKeyword.groovy:81)&#xD;
	at com.kms.katalon.core.keyword.builtin.CallTestCaseKeyword.execute(CallTestCaseKeyword.groovy:44)&#xD;
	at com.kms.katalon.core.keyword.internal.KeywordExecutor.executeKeywordForPlatform(KeywordExecutor.groovy:56)&#xD;
	at com.kms.katalon.core.keyword.BuiltinKeywords.callTestCase(BuiltinKeywords.groovy:334)&#xD;
	at Slaico.run(Slaico:32)&#xD;
	at com.kms.katalon.core.main.ScriptEngine.run(ScriptEngine.java:194)&#xD;
	at com.kms.katalon.core.main.ScriptEngine.runScriptAsRawText(ScriptEngine.java:119)&#xD;
	at com.kms.katalon.core.main.TestCaseExecutor.runScript(TestCaseExecutor.java:337)&#xD;
	at com.kms.katalon.core.main.TestCaseExecutor.doExecute(TestCaseExecutor.java:328)&#xD;
	at com.kms.katalon.core.main.TestCaseExecutor.processExecutionPhase(TestCaseExecutor.java:307)&#xD;
	at com.kms.katalon.core.main.TestCaseExecutor.accessMainPhase(TestCaseExecutor.java:299)&#xD;
	at com.kms.katalon.core.main.TestCaseExecutor.execute(TestCaseExecutor.java:233)&#xD;
	at com.kms.katalon.core.main.TestSuiteExecutor.accessTestCaseMainPhase(TestSuiteExecutor.java:133)&#xD;
	at com.kms.katalon.core.main.TestSuiteExecutor.accessTestSuiteMainPhase(TestSuiteExecutor.java:116)&#xD;
	at com.kms.katalon.core.main.TestSuiteExecutor.execute(TestSuiteExecutor.java:83)&#xD;
	at com.kms.katalon.core.main.TestCaseMain.startTestSuite(TestCaseMain.java:157)&#xD;
	at com.kms.katalon.core.main.TestCaseMain$startTestSuite$0.call(Unknown Source)&#xD;
	at TempTestSuite1575602667225.run(TempTestSuite1575602667225.groovy:35)&#xD;
Caused by: com.kms.katalon.core.exception.StepFailedException: Text 'Month Duration Acknowledgement' is not present on page &#xD;
	at com.kms.katalon.core.webui.keyword.internal.WebUIKeywordMain.stepFailed(WebUIKeywordMain.groovy:64)&#xD;
	at com.kms.katalon.core.webui.keyword.builtin.VerifyTextPresentKeyword$_verifyTextPresent_closure1.doCall(VerifyTextPresentKeyword.groovy:79)&#xD;
	at com.kms.katalon.core.webui.keyword.builtin.VerifyTextPresentKeyword$_verifyTextPresent_closure1.call(VerifyTextPresentKeyword.groovy)&#xD;
	at com.kms.katalon.core.webui.keyword.internal.WebUIKeywordMain.runKeyword(WebUIKeywordMain.groovy:20)&#xD;
	... 35 more&#xD;
)&#xD;
[[ATTACHMENT|D:\\Test\\AgileTest\\AgileTest\\Reports\\AHI\\stm\\20191206_112427\\1575602759381.png]]&#xD;
&#xD;
2019-12-06 11:26:00 - [TEST_STEP][PASSED] - catch (Exception e): null&#xD;
&#xD;
2019-12-06 11:26:00 - [TEST_STEP][PASSED] - println("no consecutive"): null&#xD;
&#xD;
2019-12-06 11:26:00 - [TEST_STEP][PASSED] - waitForPageLoad(10): Wait for page load successfully&#xD;
&#xD;
2019-12-06 11:26:00 - [MESSAGE][PASSED] - Wait for page load successfully&#xD;
&#xD;
2019-12-06 11:26:00 - [TEST_STEP][PASSED] - Thread.sleep(3000): null&#xD;
&#xD;
2019-12-06 11:26:03 - [TEST_STEP][PASSED] - waitForElementVisible(findTestObject("mobileSanity/STM/Page_App Page 1/a_Autofill App Info"), 20): Object 'Object Repository/mobileSanity/STM/Page_App Page 1/a_Autofill App Info' is visible&#xD;
&#xD;
2019-12-06 11:26:03 - [MESSAGE][PASSED] - Object 'Object Repository/mobileSanity/STM/Page_App Page 1/a_Autofill App Info' is visible&#xD;
&#xD;
2019-12-06 11:26:03 - [TEST_STEP][PASSED] - click(findTestObject("mobileSanity/STM/Page_App Page 1/a_Autofill App Info")): Object: 'Object Repository/mobileSanity/STM/Page_App Page 1/a_Autofill App Info' is clicked on&#xD;
&#xD;
2019-12-06 11:26:03 - [MESSAGE][PASSED] - Object: 'Object Repository/mobileSanity/STM/Page_App Page 1/a_Autofill App Info' is clicked on&#xD;
&#xD;
2019-12-06 11:26:03 - [TEST_STEP][PASSED] - Thread.sleep(1000): null&#xD;
&#xD;
2019-12-06 11:26:04 - [TEST_STEP][PASSED] - click(findTestObject("mobileSanity/STM/Page_App Page 1/a_Autofill App Info")): Object: 'Object Repository/mobileSanity/STM/Page_App Page 1/a_Autofill App Info' is clicked on&#xD;
&#xD;
2019-12-06 11:26:04 - [MESSAGE][PASSED] - Object: 'Object Repository/mobileSanity/STM/Page_App Page 1/a_Autofill App Info' is clicked on&#xD;
&#xD;
2019-12-06 11:26:04 - [TEST_STEP][PASSED] - Thread.sleep(1000): null&#xD;
&#xD;
2019-12-06 11:26:05 - [TEST_STEP][PASSED] - waitForElementVisible(findTestObject("mobileSanity/STM/Page_App Page 1/a_Continue"), 20): Object 'Object Repository/mobileSanity/STM/Page_App Page 1/a_Continue' is visible&#xD;
&#xD;
2019-12-06 11:26:05 - [MESSAGE][PASSED] - Object 'Object Repository/mobileSanity/STM/Page_App Page 1/a_Continue' is visible&#xD;
&#xD;
2019-12-06 11:26:05 - [TEST_STEP][PASSED] - click(findTestObject("mobileSanity/STM/Page_App Page 1/a_Continue")): Object: 'Object Repository/mobileSanity/STM/Page_App Page 1/a_Continue' is clicked on&#xD;
&#xD;
2019-12-06 11:26:06 - [MESSAGE][PASSED] - Object: 'Object Repository/mobileSanity/STM/Page_App Page 1/a_Continue' is clicked on&#xD;
&#xD;
2019-12-06 11:26:06 - [TEST_STEP][PASSED] - waitForPageLoad(20): Wait for page load successfully&#xD;
&#xD;
2019-12-06 11:26:06 - [MESSAGE][PASSED] - Wait for page load successfully&#xD;
&#xD;
2019-12-06 11:26:06 - [TEST_STEP][PASSED] - Thread.sleep(5000): null&#xD;
&#xD;
2019-12-06 11:26:11 - [TEST_STEP][PASSED] - callTestCase(findTestCase("AHI/_include/get_screenshot"), [:], STOP_ON_FAILURE): Call Test Case 'Test Cases/AHI/_include/get_screenshot' successfully&#xD;
&#xD;
2019-12-06 11:26:11 - [TEST_CASE][PASSED] - Test Cases/AHI/_include/get_screenshot: Test Cases/AHI/_include/get_screenshot&#xD;
&#xD;
2019-12-06 11:26:11 - [TEST_STEP][PASSED] - takeScreenshot(screenPath + i + ".png"): Taking screenshot successfully&#xD;
&#xD;
2019-12-06 11:26:11 - [MESSAGE][PASSED] - Taking screenshot successfully&#xD;
[[ATTACHMENT|D:\\Test\\AgileTest\\AgileTest\\Reports\\AHI\\stm\\20191206_112427\\../Screenshots/iPhone 6/stm/Salico/standard/7.png]]&#xD;
&#xD;
2019-12-06 11:26:11 - [TEST_STEP][PASSED] - (internal.GlobalVariable.i++): null&#xD;
&#xD;
2019-12-06 11:26:11 - [MESSAGE][PASSED] - Call Test Case 'Test Cases/AHI/_include/get_screenshot' successfully&#xD;
&#xD;
2019-12-06 11:26:11 - [TEST_STEP][PASSED] - click(findTestObject("mobileSanity/STM/Page_App Page 2/a_Continue to Step 3 - Payment")): Object: 'Object Repository/mobileSanity/STM/Page_App Page 2/a_Continue to Step 3 - Payment' is clicked on&#xD;
&#xD;
2019-12-06 11:26:11 - [MESSAGE][PASSED] - Object: 'Object Repository/mobileSanity/STM/Page_App Page 2/a_Continue to Step 3 - Payment' is clicked on&#xD;
&#xD;
2019-12-06 11:26:11 - [TEST_STEP][PASSED] - waitForPageLoad(20): Wait for page load successfully&#xD;
&#xD;
2019-12-06 11:26:11 - [MESSAGE][PASSED] - Wait for page load successfully&#xD;
&#xD;
2019-12-06 11:26:11 - [TEST_STEP][PASSED] - waitForElementVisible(findTestObject("mobileSanity/STM/Page_App Page 3/input__credit-card-cvv"), 20): Object 'Object Repository/mobileSanity/STM/Page_App Page 3/input__credit-card-cvv' is visible&#xD;
&#xD;
2019-12-06 11:26:12 - [MESSAGE][PASSED] - Object 'Object Repository/mobileSanity/STM/Page_App Page 3/input__credit-card-cvv' is visible&#xD;
&#xD;
2019-12-06 11:26:12 - [TEST_STEP][PASSED] - Thread.sleep(2000): null&#xD;
&#xD;
2019-12-06 11:26:14 - [TEST_STEP][PASSED] - callTestCase(findTestCase("AHI/_include/get_screenshot"), [:], STOP_ON_FAILURE): Call Test Case 'Test Cases/AHI/_include/get_screenshot' successfully&#xD;
&#xD;
2019-12-06 11:26:14 - [TEST_CASE][PASSED] - Test Cases/AHI/_include/get_screenshot: Test Cases/AHI/_include/get_screenshot&#xD;
&#xD;
2019-12-06 11:26:14 - [TEST_STEP][PASSED] - takeScreenshot(screenPath + i + ".png"): Taking screenshot successfully&#xD;
&#xD;
2019-12-06 11:26:15 - [MESSAGE][PASSED] - Taking screenshot successfully&#xD;
[[ATTACHMENT|D:\\Test\\AgileTest\\AgileTest\\Reports\\AHI\\stm\\20191206_112427\\../Screenshots/iPhone 6/stm/Salico/standard/8.png]]&#xD;
&#xD;
2019-12-06 11:26:15 - [TEST_STEP][PASSED] - (internal.GlobalVariable.i++): null&#xD;
&#xD;
2019-12-06 11:26:15 - [MESSAGE][PASSED] - Call Test Case 'Test Cases/AHI/_include/get_screenshot' successfully&#xD;
&#xD;
2019-12-06 11:26:15 - [TEST_STEP][PASSED] - clearText(findTestObject("mobileSanity/STM/Page_App Page 3/input__credit-card-cvv")): Text of object 'Object Repository/mobileSanity/STM/Page_App Page 3/input__credit-card-cvv' is cleared&#xD;
&#xD;
2019-12-06 11:26:15 - [MESSAGE][PASSED] - Text of object 'Object Repository/mobileSanity/STM/Page_App Page 3/input__credit-card-cvv' is cleared&#xD;
&#xD;
2019-12-06 11:26:15 - [TEST_STEP][PASSED] - setText(findTestObject("mobileSanity/STM/Page_App Page 3/input__credit-card-cvv"), "123"): Text '123' is set on object 'Object Repository/mobileSanity/STM/Page_App Page 3/input__credit-card-cvv'&#xD;
&#xD;
2019-12-06 11:26:15 - [MESSAGE][PASSED] - Text '123' is set on object 'Object Repository/mobileSanity/STM/Page_App Page 3/input__credit-card-cvv'&#xD;
&#xD;
2019-12-06 11:26:15 - [TEST_STEP][PASSED] - click(findTestObject("mobileSanity/STM/Page_App Page 3/label_I Accept Authorization f")): Object: 'Object Repository/mobileSanity/STM/Page_App Page 3/label_I Accept Authorization f' is clicked on&#xD;
&#xD;
2019-12-06 11:26:15 - [MESSAGE][PASSED] - Object: 'Object Repository/mobileSanity/STM/Page_App Page 3/label_I Accept Authorization f' is clicked on&#xD;
&#xD;
2019-12-06 11:26:15 - [TEST_STEP][PASSED] - click(findTestObject("mobileSanity/STM/Page_App Page 3/a_Continue to Step 4 - Review")): Object: 'Object Repository/mobileSanity/STM/Page_App Page 3/a_Continue to Step 4 - Review' is clicked on&#xD;
&#xD;
2019-12-06 11:26:16 - [MESSAGE][PASSED] - Object: 'Object Repository/mobileSanity/STM/Page_App Page 3/a_Continue to Step 4 - Review' is clicked on&#xD;
&#xD;
2019-12-06 11:26:16 - [TEST_STEP][PASSED] - waitForPageLoad(10): Wait for page load successfully&#xD;
&#xD;
2019-12-06 11:26:16 - [MESSAGE][PASSED] - Wait for page load successfully&#xD;
&#xD;
2019-12-06 11:26:16 - [TEST_STEP][PASSED] - waitForElementClickable(findTestObject("mobileSanity/STM/Page_App Page 4/label"), 10): Object 'Object Repository/mobileSanity/STM/Page_App Page 4/label' is clickable&#xD;
&#xD;
2019-12-06 11:26:21 - [MESSAGE][PASSED] - Object 'Object Repository/mobileSanity/STM/Page_App Page 4/label' is clickable&#xD;
&#xD;
2019-12-06 11:26:21 - [TEST_STEP][PASSED] - Thread.sleep(2000): null&#xD;
&#xD;
2019-12-06 11:26:23 - [TEST_STEP][PASSED] - callTestCase(findTestCase("AHI/_include/get_screenshot"), [:], STOP_ON_FAILURE): Call Test Case 'Test Cases/AHI/_include/get_screenshot' successfully&#xD;
&#xD;
2019-12-06 11:26:23 - [TEST_CASE][PASSED] - Test Cases/AHI/_include/get_screenshot: Test Cases/AHI/_include/get_screenshot&#xD;
&#xD;
2019-12-06 11:26:23 - [TEST_STEP][PASSED] - takeScreenshot(screenPath + i + ".png"): Taking screenshot successfully&#xD;
&#xD;
2019-12-06 11:26:23 - [MESSAGE][PASSED] - Taking screenshot successfully&#xD;
[[ATTACHMENT|D:\\Test\\AgileTest\\AgileTest\\Reports\\AHI\\stm\\20191206_112427\\../Screenshots/iPhone 6/stm/Salico/standard/9.png]]&#xD;
&#xD;
2019-12-06 11:26:23 - [TEST_STEP][PASSED] - (internal.GlobalVariable.i++): null&#xD;
&#xD;
2019-12-06 11:26:23 - [MESSAGE][PASSED] - Call Test Case 'Test Cases/AHI/_include/get_screenshot' successfully&#xD;
&#xD;
2019-12-06 11:26:23 - [TEST_STEP][PASSED] - click(findTestObject("mobileSanity/STM/Page_App Page 4/label")): Object: 'Object Repository/mobileSanity/STM/Page_App Page 4/label' is clicked on&#xD;
&#xD;
2019-12-06 11:26:24 - [MESSAGE][PASSED] - Object: 'Object Repository/mobileSanity/STM/Page_App Page 4/label' is clicked on&#xD;
&#xD;
2019-12-06 11:26:24 - [TEST_STEP][PASSED] - click(findTestObject("mobileSanity/STM/Page_App Page 4/div_CLICK TO SIGN")): Object: 'Object Repository/mobileSanity/STM/Page_App Page 4/div_CLICK TO SIGN' is clicked on&#xD;
&#xD;
2019-12-06 11:26:24 - [MESSAGE][PASSED] - Object: 'Object Repository/mobileSanity/STM/Page_App Page 4/div_CLICK TO SIGN' is clicked on&#xD;
&#xD;
2019-12-06 11:26:24 - [TEST_STEP][PASSED] - click(findTestObject("mobileSanity/STM/Page_App Page 4/a_Submit Your Application")): Object: 'Object Repository/mobileSanity/STM/Page_App Page 4/a_Submit Your Application' is clicked on&#xD;
&#xD;
2019-12-06 11:26:24 - [MESSAGE][PASSED] - Object: 'Object Repository/mobileSanity/STM/Page_App Page 4/a_Submit Your Application' is clicked on&#xD;
&#xD;
2019-12-06 11:26:24 - [TEST_STEP][PASSED] - Thread.sleep(30000): null&#xD;
&#xD;
2019-12-06 11:26:54 - [TEST_STEP][PASSED] - waitForElementPresent(findTestObject("mobileSanity/STM/Page_App Page 6/app-page-wrapper"), 20): Object 'Object Repository/mobileSanity/STM/Page_App Page 6/app-page-wrapper' is present&#xD;
&#xD;
2019-12-06 11:26:54 - [MESSAGE][PASSED] - Object 'Object Repository/mobileSanity/STM/Page_App Page 6/app-page-wrapper' is present&#xD;
&#xD;
2019-12-06 11:26:54 - [TEST_STEP][PASSED] - callTestCase(findTestCase("AHI/_include/get_screenshot"), [:], STOP_ON_FAILURE): Call Test Case 'Test Cases/AHI/_include/get_screenshot' successfully&#xD;
&#xD;
2019-12-06 11:26:54 - [TEST_CASE][PASSED] - Test Cases/AHI/_include/get_screenshot: Test Cases/AHI/_include/get_screenshot&#xD;
&#xD;
2019-12-06 11:26:54 - [TEST_STEP][PASSED] - takeScreenshot(screenPath + i + ".png"): Taking screenshot successfully&#xD;
&#xD;
2019-12-06 11:26:55 - [MESSAGE][PASSED] - Taking screenshot successfully&#xD;
[[ATTACHMENT|D:\\Test\\AgileTest\\AgileTest\\Reports\\AHI\\stm\\20191206_112427\\../Screenshots/iPhone 6/stm/Salico/standard/10.png]]&#xD;
&#xD;
2019-12-06 11:26:55 - [TEST_STEP][PASSED] - (internal.GlobalVariable.i++): null&#xD;
&#xD;
2019-12-06 11:26:55 - [MESSAGE][PASSED] - Call Test Case 'Test Cases/AHI/_include/get_screenshot' successfully&#xD;
&#xD;
2019-12-06 11:26:55 - [MESSAGE][PASSED] - Call Test Case 'Test Cases/AHI/_include/goToEnd_stm_autofill' successfully</system-out>
            <system-err></system-err>
        </testcase>
        <testcase name="Test Cases/AHI/stm/AdvantHealth" classname="Test Cases/AHI/stm/AdvantHealth" status="FAILED">
            <failure type="FAILED" message="Test Cases/AHI/stm/AdvantHealth FAILED.&#xA;Reason:&#xA;com.kms.katalon.core.exception.StepFailedException: Call Test Case 'Test Cases/AHI/_include/filter_stm' failed&#xD;&#xA;&#x9;at com.kms.katalon.core.keyword.builtin.CallTestCaseKeyword$_callTestCase_closure1.doCall(CallTestCaseKeyword.groovy:63)&#xD;&#xA;&#x9;at com.kms.katalon.core.keyword.builtin.CallTestCaseKeyword$_callTestCase_closure1.call(CallTestCaseKeyword.groovy)&#xD;&#xA;&#x9;at com.kms.katalon.core.keyword.internal.KeywordMain.runKeyword(KeywordMain.groovy:68)&#xD;&#xA;&#x9;at com.kms.katalon.core.keyword.builtin.CallTestCaseKeyword.callTestCase(CallTestCaseKeyword.groovy:81)&#xD;&#xA;&#x9;at com.kms.katalon.core.keyword.builtin.CallTestCaseKeyword.execute(CallTestCaseKeyword.groovy:44)&#xD;&#xA;&#x9;at com.kms.katalon.core.keyword.internal.KeywordExecutor.executeKeywordForPlatform(KeywordExecutor.groovy:56)&#xD;&#xA;&#x9;at com.kms.katalon.core.keyword.BuiltinKeywords.callTestCase(BuiltinKeywords.groovy:334)&#xD;&#xA;&#x9;at AdvantHealth.run(AdvantHealth:29)&#xD;&#xA;&#x9;at com.kms.katalon.core.main.ScriptEngine.run(ScriptEngine.java:194)&#xD;&#xA;&#x9;at com.kms.katalon.core.main.ScriptEngine.runScriptAsRawText(ScriptEngine.java:119)&#xD;&#xA;&#x9;at com.kms.katalon.core.main.TestCaseExecutor.runScript(TestCaseExecutor.java:337)&#xD;&#xA;&#x9;at com.kms.katalon.core.main.TestCaseExecutor.doExecute(TestCaseExecutor.java:328)&#xD;&#xA;&#x9;at com.kms.katalon.core.main.TestCaseExecutor.processExecutionPhase(TestCaseExecutor.java:307)&#xD;&#xA;&#x9;at com.kms.katalon.core.main.TestCaseExecutor.accessMainPhase(TestCaseExecutor.java:299)&#xD;&#xA;&#x9;at com.kms.katalon.core.main.TestCaseExecutor.execute(TestCaseExecutor.java:233)&#xD;&#xA;&#x9;at com.kms.katalon.core.main.TestSuiteExecutor.accessTestCaseMainPhase(TestSuiteExecutor.java:133)&#xD;&#xA;&#x9;at com.kms.katalon.core.main.TestSuiteExecutor.accessTestSuiteMainPhase(TestSuiteExecutor.java:116)&#xD;&#xA;&#x9;at com.kms.katalon.core.main.TestSuiteExecutor.execute(TestSuiteExecutor.java:83)&#xD;&#xA;&#x9;at com.kms.katalon.core.main.TestCaseMain.startTestSuite(TestCaseMain.java:157)&#xD;&#xA;&#x9;at com.kms.katalon.core.main.TestCaseMain$startTestSuite$0.call(Unknown Source)&#xD;&#xA;&#x9;at TempTestSuite1575602667225.run(TempTestSuite1575602667225.groovy:35)&#xD;&#xA;Caused by: com.kms.katalon.core.exception.StepFailedException: Unable to scroll to object 'Object Repository/mobileSanity/STM/STM Quote Page/a_Show Plans'&#xD;&#xA;&#x9;at com.kms.katalon.core.webui.keyword.internal.WebUIKeywordMain.stepFailed(WebUIKeywordMain.groovy:64)&#xD;&#xA;&#x9;at com.kms.katalon.core.webui.keyword.internal.WebUIKeywordMain.runKeyword(WebUIKeywordMain.groovy:26)&#xD;&#xA;&#x9;at com.kms.katalon.core.webui.keyword.builtin.ScrollToElementKeyword.scrollToElement(ScrollToElementKeyword.groovy:88)&#xD;&#xA;&#x9;at com.kms.katalon.core.webui.keyword.builtin.ScrollToElementKeyword.execute(ScrollToElementKeyword.groovy:68)&#xD;&#xA;&#x9;at com.kms.katalon.core.keyword.internal.KeywordExecutor.executeKeywordForPlatform(KeywordExecutor.groovy:56)&#xD;&#xA;&#x9;at com.kms.katalon.core.webui.keyword.WebUiBuiltInKeywords.scrollToElement(WebUiBuiltInKeywords.groovy:2975)&#xD;&#xA;&#x9;at com.kms.katalon.core.webui.keyword.WebUiBuiltInKeywords$scrollToElement$8.call(Unknown Source)&#xD;&#xA;&#x9;at filter_stm.run(filter_stm:42)&#xD;&#xA;&#x9;at com.kms.katalon.core.main.ScriptEngine.run(ScriptEngine.java:194)&#xD;&#xA;&#x9;at com.kms.katalon.core.main.ScriptEngine.runScriptAsRawText(ScriptEngine.java:119)&#xD;&#xA;&#x9;at com.kms.katalon.core.main.TestCaseExecutor.runScript(TestCaseExecutor.java:337)&#xD;&#xA;&#x9;at com.kms.katalon.core.main.TestCaseExecutor.doExecute(TestCaseExecutor.java:328)&#xD;&#xA;&#x9;at com.kms.katalon.core.main.TestCaseExecutor.processExecutionPhase(TestCaseExecutor.java:307)&#xD;&#xA;&#x9;at com.kms.katalon.core.main.TestCaseExecutor.accessMainPhase(TestCaseExecutor.java:299)&#xD;&#xA;&#x9;at com.kms.katalon.core.main.TestCaseExecutor.execute(TestCaseExecutor.java:233)&#xD;&#xA;&#x9;at com.kms.katalon.core.main.TestCaseMain.runTestCase(TestCaseMain.java:114)&#xD;&#xA;&#x9;at com.kms.katalon.core.keyword.builtin.CallTestCaseKeyword$_callTestCase_closure1.doCall(CallTestCaseKeyword.groovy:59)&#xD;&#xA;&#x9;... 20 more&#xD;&#xA;Caused by: com.kms.katalon.core.webui.exception.WebElementNotFoundException: Web element with id: 'Object Repository/mobileSanity/STM/STM Quote Page/a_Show Plans' located by 'By.xpath: //main/div[3]/div/div[3]/a' not found&#xD;&#xA;&#x9;at com.kms.katalon.core.webui.common.WebUiCommonHelper.findWebElement(WebUiCommonHelper.java:1097)&#xD;&#xA;&#x9;at com.kms.katalon.core.webui.keyword.internal.WebUIAbstractKeyword.findWebElement(WebUIAbstractKeyword.groovy:27)&#xD;&#xA;&#x9;at com.kms.katalon.core.webui.keyword.internal.WebUIAbstractKeyword.findWebElement(WebUIAbstractKeyword.groovy:26)&#xD;&#xA;&#x9;at com.kms.katalon.core.webui.keyword.builtin.ScrollToElementKeyword$_scrollToElement_closure1.doCall(ScrollToElementKeyword.groovy:79)&#xD;&#xA;&#x9;at com.kms.katalon.core.webui.keyword.builtin.ScrollToElementKeyword$_scrollToElement_closure1.call(ScrollToElementKeyword.groovy)&#xD;&#xA;&#x9;at com.kms.katalon.core.webui.keyword.internal.WebUIKeywordMain.runKeyword(WebUIKeywordMain.groovy:20)&#xD;&#xA;&#x9;... 35 more&#xD;&#xA;"/>
            <system-out>2019-12-06 11:26:55 - [TEST_CASE][FAILED] - Test Cases/AHI/stm/AdvantHealth: Test Cases/AHI/stm/AdvantHealth FAILED.
Reason:
com.kms.katalon.core.exception.StepFailedException: Call Test Case 'Test Cases/AHI/_include/filter_stm' failed&#xD;
	at com.kms.katalon.core.keyword.builtin.CallTestCaseKeyword$_callTestCase_closure1.doCall(CallTestCaseKeyword.groovy:63)&#xD;
	at com.kms.katalon.core.keyword.builtin.CallTestCaseKeyword$_callTestCase_closure1.call(CallTestCaseKeyword.groovy)&#xD;
	at com.kms.katalon.core.keyword.internal.KeywordMain.runKeyword(KeywordMain.groovy:68)&#xD;
	at com.kms.katalon.core.keyword.builtin.CallTestCaseKeyword.callTestCase(CallTestCaseKeyword.groovy:81)&#xD;
	at com.kms.katalon.core.keyword.builtin.CallTestCaseKeyword.execute(CallTestCaseKeyword.groovy:44)&#xD;
	at com.kms.katalon.core.keyword.internal.KeywordExecutor.executeKeywordForPlatform(KeywordExecutor.groovy:56)&#xD;
	at com.kms.katalon.core.keyword.BuiltinKeywords.callTestCase(BuiltinKeywords.groovy:334)&#xD;
	at AdvantHealth.run(AdvantHealth:29)&#xD;
	at com.kms.katalon.core.main.ScriptEngine.run(ScriptEngine.java:194)&#xD;
	at com.kms.katalon.core.main.ScriptEngine.runScriptAsRawText(ScriptEngine.java:119)&#xD;
	at com.kms.katalon.core.main.TestCaseExecutor.runScript(TestCaseExecutor.java:337)&#xD;
	at com.kms.katalon.core.main.TestCaseExecutor.doExecute(TestCaseExecutor.java:328)&#xD;
	at com.kms.katalon.core.main.TestCaseExecutor.processExecutionPhase(TestCaseExecutor.java:307)&#xD;
	at com.kms.katalon.core.main.TestCaseExecutor.accessMainPhase(TestCaseExecutor.java:299)&#xD;
	at com.kms.katalon.core.main.TestCaseExecutor.execute(TestCaseExecutor.java:233)&#xD;
	at com.kms.katalon.core.main.TestSuiteExecutor.accessTestCaseMainPhase(TestSuiteExecutor.java:133)&#xD;
	at com.kms.katalon.core.main.TestSuiteExecutor.accessTestSuiteMainPhase(TestSuiteExecutor.java:116)&#xD;
	at com.kms.katalon.core.main.TestSuiteExecutor.execute(TestSuiteExecutor.java:83)&#xD;
	at com.kms.katalon.core.main.TestCaseMain.startTestSuite(TestCaseMain.java:157)&#xD;
	at com.kms.katalon.core.main.TestCaseMain$startTestSuite$0.call(Unknown Source)&#xD;
	at TempTestSuite1575602667225.run(TempTestSuite1575602667225.groovy:35)&#xD;
Caused by: com.kms.katalon.core.exception.StepFailedException: Unable to scroll to object 'Object Repository/mobileSanity/STM/STM Quote Page/a_Show Plans'&#xD;
	at com.kms.katalon.core.webui.keyword.internal.WebUIKeywordMain.stepFailed(WebUIKeywordMain.groovy:64)&#xD;
	at com.kms.katalon.core.webui.keyword.internal.WebUIKeywordMain.runKeyword(WebUIKeywordMain.groovy:26)&#xD;
	at com.kms.katalon.core.webui.keyword.builtin.ScrollToElementKeyword.scrollToElement(ScrollToElementKeyword.groovy:88)&#xD;
	at com.kms.katalon.core.webui.keyword.builtin.ScrollToElementKeyword.execute(ScrollToElementKeyword.groovy:68)&#xD;
	at com.kms.katalon.core.keyword.internal.KeywordExecutor.executeKeywordForPlatform(KeywordExecutor.groovy:56)&#xD;
	at com.kms.katalon.core.webui.keyword.WebUiBuiltInKeywords.scrollToElement(WebUiBuiltInKeywords.groovy:2975)&#xD;
	at com.kms.katalon.core.webui.keyword.WebUiBuiltInKeywords$scrollToElement$8.call(Unknown Source)&#xD;
	at filter_stm.run(filter_stm:42)&#xD;
	at com.kms.katalon.core.main.ScriptEngine.run(ScriptEngine.java:194)&#xD;
	at com.kms.katalon.core.main.ScriptEngine.runScriptAsRawText(ScriptEngine.java:119)&#xD;
	at com.kms.katalon.core.main.TestCaseExecutor.runScript(TestCaseExecutor.java:337)&#xD;
	at com.kms.katalon.core.main.TestCaseExecutor.doExecute(TestCaseExecutor.java:328)&#xD;
	at com.kms.katalon.core.main.TestCaseExecutor.processExecutionPhase(TestCaseExecutor.java:307)&#xD;
	at com.kms.katalon.core.main.TestCaseExecutor.accessMainPhase(TestCaseExecutor.java:299)&#xD;
	at com.kms.katalon.core.main.TestCaseExecutor.execute(TestCaseExecutor.java:233)&#xD;
	at com.kms.katalon.core.main.TestCaseMain.runTestCase(TestCaseMain.java:114)&#xD;
	at com.kms.katalon.core.keyword.builtin.CallTestCaseKeyword$_callTestCase_closure1.doCall(CallTestCaseKeyword.groovy:59)&#xD;
	... 20 more&#xD;
Caused by: com.kms.katalon.core.webui.exception.WebElementNotFoundException: Web element with id: 'Object Repository/mobileSanity/STM/STM Quote Page/a_Show Plans' located by 'By.xpath: //main/div[3]/div/div[3]/a' not found&#xD;
	at com.kms.katalon.core.webui.common.WebUiCommonHelper.findWebElement(WebUiCommonHelper.java:1097)&#xD;
	at com.kms.katalon.core.webui.keyword.internal.WebUIAbstractKeyword.findWebElement(WebUIAbstractKeyword.groovy:27)&#xD;
	at com.kms.katalon.core.webui.keyword.internal.WebUIAbstractKeyword.findWebElement(WebUIAbstractKeyword.groovy:26)&#xD;
	at com.kms.katalon.core.webui.keyword.builtin.ScrollToElementKeyword$_scrollToElement_closure1.doCall(ScrollToElementKeyword.groovy:79)&#xD;
	at com.kms.katalon.core.webui.keyword.builtin.ScrollToElementKeyword$_scrollToElement_closure1.call(ScrollToElementKeyword.groovy)&#xD;
	at com.kms.katalon.core.webui.keyword.internal.WebUIKeywordMain.runKeyword(WebUIKeywordMain.groovy:20)&#xD;
	... 35 more&#xD;
&#xD;
&#xD;
2019-12-06 11:26:55 - [TEST_STEP][PASSED] - callTestCase(findTestCase("AHI/_include/get_screenPath"), ["productLine":"stm", "carrierName":"AdvantHealth"], CONTINUE_ON_FAILURE): Call Test Case 'Test Cases/AHI/_include/get_screenPath' successfully&#xD;
&#xD;
2019-12-06 11:26:55 - [TEST_CASE][PASSED] - Test Cases/AHI/_include/get_screenPath: Test Cases/AHI/_include/get_screenPath&#xD;
&#xD;
2019-12-06 11:26:55 - [TEST_STEP][PASSED] - m = getExecutionProperties(): null&#xD;
&#xD;
2019-12-06 11:26:55 - [TEST_STEP][PASSED] - deviceName = get("mobileEmulation").get("deviceName"): null&#xD;
&#xD;
2019-12-06 11:26:55 - [TEST_STEP][PASSED] - println(deviceName): null&#xD;
&#xD;
2019-12-06 11:26:55 - [TEST_STEP][PASSED] - now = new java.util.Date(): null&#xD;
&#xD;
2019-12-06 11:26:55 - [TEST_STEP][PASSED] - mydate = now.format("yyyyMMdd_HHmmss"): null&#xD;
&#xD;
2019-12-06 11:26:55 - [TEST_STEP][PASSED] - screenPath = "../Screenshots/": null&#xD;
&#xD;
2019-12-06 11:26:55 - [TEST_STEP][PASSED] - screenPath = screenPath + deviceName + "/" + productLine + "/" + carrierName + "/" + "standard" + "/": null&#xD;
&#xD;
2019-12-06 11:26:55 - [TEST_STEP][PASSED] - println(screenPath): null&#xD;
&#xD;
2019-12-06 11:26:55 - [MESSAGE][PASSED] - Call Test Case 'Test Cases/AHI/_include/get_screenPath' successfully&#xD;
&#xD;
2019-12-06 11:26:55 - [TEST_STEP][PASSED] - i = 0: null&#xD;
&#xD;
2019-12-06 11:26:55 - [TEST_STEP][PASSED] - callTestCase(findTestCase("AHI/_include/openWebSite"), [:], CONTINUE_ON_FAILURE): Call Test Case 'Test Cases/AHI/_include/openWebSite' successfully&#xD;
&#xD;
2019-12-06 11:26:55 - [TEST_CASE][PASSED] - Test Cases/AHI/_include/openWebSite: Test Cases/AHI/_include/openWebSite&#xD;
&#xD;
2019-12-06 11:26:55 - [TEST_STEP][PASSED] - openBrowser(env): Browser is opened with url: 'https://praetemptatus.agilehealthinsurance.com'&#xD;
&#xD;
2019-12-06 11:26:55 - [MESSAGE][WARNING] - A browser is already opened. Closing browser and opening a new one&#xD;
&#xD;
2019-12-06 11:26:56 - [MESSAGE][INFO] - Starting 'Chrome' driver&#xD;
&#xD;
2019-12-06 11:26:56 - [MESSAGE][INFO] - User set preference: ['mobileEmulation', '{deviceName=iPhone 6}']&#xD;
&#xD;
2019-12-06 11:26:56 - [MESSAGE][INFO] - User set preference: ['args', '[--incognito, --aggressive-cache-discard, --window-size=375,677, --no-sandbox]']&#xD;
&#xD;
2019-12-06 11:27:01 - [MESSAGE][PASSED] - Browser is opened with url: 'https://praetemptatus.agilehealthinsurance.com'&#xD;
&#xD;
2019-12-06 11:27:01 - [TEST_STEP][PASSED] - waitForPageLoad(20): Wait for page load successfully&#xD;
&#xD;
2019-12-06 11:27:01 - [MESSAGE][PASSED] - Wait for page load successfully&#xD;
&#xD;
2019-12-06 11:27:01 - [TEST_STEP][PASSED] - callTestCase(findTestCase("AHI/_include/get_screenshot"), [:], STOP_ON_FAILURE): Call Test Case 'Test Cases/AHI/_include/get_screenshot' successfully&#xD;
&#xD;
2019-12-06 11:27:01 - [TEST_CASE][PASSED] - Test Cases/AHI/_include/get_screenshot: Test Cases/AHI/_include/get_screenshot&#xD;
&#xD;
2019-12-06 11:27:01 - [TEST_STEP][PASSED] - takeScreenshot(screenPath + i + ".png"): Taking screenshot successfully&#xD;
&#xD;
2019-12-06 11:27:02 - [MESSAGE][PASSED] - Taking screenshot successfully&#xD;
[[ATTACHMENT|D:\\Test\\AgileTest\\AgileTest\\Reports\\AHI\\stm\\20191206_112427\\../Screenshots/iPhone 6/stm/AdvantHealth/standard/0.png]]&#xD;
&#xD;
2019-12-06 11:27:02 - [TEST_STEP][PASSED] - (internal.GlobalVariable.i++): null&#xD;
&#xD;
2019-12-06 11:27:02 - [MESSAGE][PASSED] - Call Test Case 'Test Cases/AHI/_include/get_screenshot' successfully&#xD;
&#xD;
2019-12-06 11:27:02 - [MESSAGE][PASSED] - Call Test Case 'Test Cases/AHI/_include/openWebSite' successfully&#xD;
&#xD;
2019-12-06 11:27:02 - [TEST_STEP][PASSED] - callTestCase(findTestCase("AHI/_include/census_stm"), ["zipcode":"35215"], STOP_ON_FAILURE): Call Test Case 'Test Cases/AHI/_include/census_stm' successfully&#xD;
&#xD;
2019-12-06 11:27:02 - [TEST_CASE][PASSED] - Test Cases/AHI/_include/census_stm: Test Cases/AHI/_include/census_stm&#xD;
&#xD;
2019-12-06 11:27:02 - [TEST_STEP][PASSED] - waitForElementClickable(findTestObject("mobileSanity/STM/Home Page/a_Quote  Save Today"), 10): Object 'Object Repository/mobileSanity/STM/Home Page/a_Quote  Save Today' is clickable&#xD;
&#xD;
2019-12-06 11:27:02 - [MESSAGE][PASSED] - Object 'Object Repository/mobileSanity/STM/Home Page/a_Quote  Save Today' is clickable&#xD;
&#xD;
2019-12-06 11:27:02 - [TEST_STEP][PASSED] - click(findTestObject("mobileSanity/STM/Home Page/a_Quote  Save Today")): Object: 'Object Repository/mobileSanity/STM/Home Page/a_Quote  Save Today' is clicked on&#xD;
&#xD;
2019-12-06 11:27:03 - [MESSAGE][PASSED] - Object: 'Object Repository/mobileSanity/STM/Home Page/a_Quote  Save Today' is clicked on&#xD;
&#xD;
2019-12-06 11:27:03 - [TEST_STEP][PASSED] - waitForPageLoad(10): Wait for page load successfully&#xD;
&#xD;
2019-12-06 11:27:03 - [MESSAGE][PASSED] - Wait for page load successfully&#xD;
&#xD;
2019-12-06 11:27:03 - [TEST_STEP][PASSED] - callTestCase(findTestCase("AHI/_include/get_screenshot"), [:], STOP_ON_FAILURE): Call Test Case 'Test Cases/AHI/_include/get_screenshot' successfully&#xD;
&#xD;
2019-12-06 11:27:03 - [TEST_CASE][PASSED] - Test Cases/AHI/_include/get_screenshot: Test Cases/AHI/_include/get_screenshot&#xD;
&#xD;
2019-12-06 11:27:03 - [TEST_STEP][PASSED] - takeScreenshot(screenPath + i + ".png"): Taking screenshot successfully&#xD;
&#xD;
2019-12-06 11:27:04 - [MESSAGE][PASSED] - Taking screenshot successfully&#xD;
[[ATTACHMENT|D:\\Test\\AgileTest\\AgileTest\\Reports\\AHI\\stm\\20191206_112427\\../Screenshots/iPhone 6/stm/AdvantHealth/standard/1.png]]&#xD;
&#xD;
2019-12-06 11:27:04 - [TEST_STEP][PASSED] - (internal.GlobalVariable.i++): null&#xD;
&#xD;
2019-12-06 11:27:04 - [MESSAGE][PASSED] - Call Test Case 'Test Cases/AHI/_include/get_screenshot' successfully&#xD;
&#xD;
2019-12-06 11:27:04 - [TEST_STEP][PASSED] - setText(findTestObject("mobileSanity/STM/STM Census Page/input_Location_zip-input"), zipcode): Text '35215' is set on object 'Object Repository/mobileSanity/STM/STM Census Page/input_Location_zip-input'&#xD;
&#xD;
2019-12-06 11:27:04 - [MESSAGE][PASSED] - Text '35215' is set on object 'Object Repository/mobileSanity/STM/STM Census Page/input_Location_zip-input'&#xD;
&#xD;
2019-12-06 11:27:04 - [TEST_STEP][PASSED] - Thread.sleep(500): null&#xD;
&#xD;
2019-12-06 11:27:05 - [TEST_STEP][PASSED] - setText(findTestObject("mobileSanity/STM/STM Census Page/input_Date of Birth_dob-0"), "03031987"): Text '03031987' is set on object 'Object Repository/mobileSanity/STM/STM Census Page/input_Date of Birth_dob-0'&#xD;
&#xD;
2019-12-06 11:27:05 - [MESSAGE][PASSED] - Text '03031987' is set on object 'Object Repository/mobileSanity/STM/STM Census Page/input_Date of Birth_dob-0'&#xD;
&#xD;
2019-12-06 11:27:05 - [TEST_STEP][PASSED] - click(findTestObject("mobileSanity/STM/STM Census Page/label_Male")): Object: 'Object Repository/mobileSanity/STM/STM Census Page/label_Male' is clicked on&#xD;
&#xD;
2019-12-06 11:27:06 - [MESSAGE][PASSED] - Object: 'Object Repository/mobileSanity/STM/STM Census Page/label_Male' is clicked on&#xD;
&#xD;
2019-12-06 11:27:06 - [TEST_STEP][PASSED] - click(findTestObject("mobileSanity/STM/STM Census Page/label_Compare Plans")): Object: 'Object Repository/mobileSanity/STM/STM Census Page/label_Compare Plans' is clicked on&#xD;
&#xD;
2019-12-06 11:27:06 - [MESSAGE][PASSED] - Object: 'Object Repository/mobileSanity/STM/STM Census Page/label_Compare Plans' is clicked on&#xD;
&#xD;
2019-12-06 11:27:06 - [TEST_STEP][PASSED] - waitForElementVisible(findTestObject("mobileSanity/STM/STM Quote Page/button_sort"), 20): Object 'Object Repository/mobileSanity/STM/STM Quote Page/button_sort' is visible&#xD;
&#xD;
2019-12-06 11:27:09 - [MESSAGE][PASSED] - Object 'Object Repository/mobileSanity/STM/STM Quote Page/button_sort' is visible&#xD;
&#xD;
2019-12-06 11:27:09 - [TEST_STEP][PASSED] - Thread.sleep(3000): null&#xD;
&#xD;
2019-12-06 11:27:12 - [TEST_STEP][PASSED] - callTestCase(findTestCase("AHI/_include/check_quoteleadform"), [:], STOP_ON_FAILURE): Call Test Case 'Test Cases/AHI/_include/check_quoteleadform' successfully&#xD;
&#xD;
2019-12-06 11:27:12 - [TEST_CASE][PASSED] - Test Cases/AHI/_include/check_quoteleadform: Test Cases/AHI/_include/check_quoteleadform&#xD;
&#xD;
2019-12-06 11:27:12 - [TEST_STEP][PASSED] - callTestCase(findTestCase("AHI/_include/name"), [:], CONTINUE_ON_FAILURE): Call Test Case 'Test Cases/AHI/_include/name' successfully&#xD;
&#xD;
2019-12-06 11:27:13 - [TEST_CASE][PASSED] - Test Cases/AHI/_include/name: Test Cases/AHI/_include/name&#xD;
&#xD;
2019-12-06 11:27:13 - [TEST_STEP][PASSED] - driver = getWebDriver(): null&#xD;
&#xD;
2019-12-06 11:27:13 - [TEST_STEP][PASSED] - selenium = new com.thoughtworks.selenium.webdriven.WebDriverBackedSelenium(driver, internal.GlobalVariable.ENV): null&#xD;
&#xD;
2019-12-06 11:27:13 - [TEST_STEP][PASSED] - FirstName = "Test-123": null&#xD;
&#xD;
2019-12-06 11:27:13 - [TEST_STEP][PASSED] - LastName = selenium.getEval("{var x="ABCDEFGHIJKLMNOPQRSTUVWXYZabcdefghijklmnopqrstuvwxyz"; var tmp="ZZ11-"; for (i=0;i&lt;8;i++) tmp+=x.charAt(Math.ceil(51*Math.random()));tmp;}"): null&#xD;
&#xD;
2019-12-06 11:27:13 - [TEST_STEP][PASSED] - Address = selenium.getEval("{var x="ABCDEFGHIJKLMNOPQRSTUVWXYZabcdefghijklmnopqrstuvwxyz"; var tmp=""; for (i=0;i&lt;8;i++) tmp+=x.charAt(Math.ceil(51*Math.random()));tmp;}"): null&#xD;
&#xD;
2019-12-06 11:27:13 - [TEST_STEP][PASSED] - City = selenium.getEval("{var x="ABCDEFGHIJKLMNOPQRSTUVWXYZabcdefghijklmnopqrstuvwxyz"; var tmp=""; for (i=0;i&lt;8;i++) tmp+=x.charAt(Math.ceil(51*Math.random()));tmp;}"): null&#xD;
&#xD;
2019-12-06 11:27:13 - [TEST_STEP][PASSED] - tel1 = selenium.getEval("{var x="123456789"; var tmp=""; for (i=0;i&lt;3;i++) tmp+=x.charAt(Math.ceil(8*Math.random()));tmp;}"): null&#xD;
&#xD;
2019-12-06 11:27:13 - [TEST_STEP][PASSED] - tel2 = selenium.getEval("{var x="123456789"; var tmp=""; for (i=0;i&lt;3;i++) tmp+=x.charAt(Math.ceil(8*Math.random()));tmp;}"): null&#xD;
&#xD;
2019-12-06 11:27:13 - [TEST_STEP][PASSED] - tel3 = selenium.getEval("{var x="123456789"; var tmp=""; for (i=0;i&lt;4;i++) tmp+=x.charAt(Math.ceil(8*Math.random()));tmp;}"): null&#xD;
&#xD;
2019-12-06 11:27:13 - [TEST_STEP][PASSED] - Tel = selenium.getExpression(tel1 + "-" + tel2 + "-" + tel3): null&#xD;
&#xD;
2019-12-06 11:27:13 - [TEST_STEP][PASSED] - AutoEmail = selenium.getEval("{var x="ABCDEFGHIJKLMNOPQRSTUVWXYZabcdefghijklmnopqrstuvwxyz"; var tmp="test."; for (i=0;i&lt;8;i++) tmp+=x.charAt(Math.ceil(51*Math.random()));tmp+="@suryani.cn";}"): null&#xD;
&#xD;
2019-12-06 11:27:13 - [TEST_STEP][PASSED] - FirstName = FirstName: null&#xD;
&#xD;
2019-12-06 11:27:13 - [TEST_STEP][PASSED] - LastName = LastName: null&#xD;
&#xD;
2019-12-06 11:27:13 - [TEST_STEP][PASSED] - Address = Address: null&#xD;
&#xD;
2019-12-06 11:27:13 - [TEST_STEP][PASSED] - City = City: null&#xD;
&#xD;
2019-12-06 11:27:13 - [TEST_STEP][PASSED] - Tel = Tel: null&#xD;
&#xD;
2019-12-06 11:27:13 - [TEST_STEP][PASSED] - AutoEmail = AutoEmail: null&#xD;
&#xD;
2019-12-06 11:27:13 - [TEST_STEP][PASSED] - println(FirstName): null&#xD;
&#xD;
2019-12-06 11:27:13 - [TEST_STEP][PASSED] - println(LastName): null&#xD;
&#xD;
2019-12-06 11:27:13 - [TEST_STEP][PASSED] - println(Address): null&#xD;
&#xD;
2019-12-06 11:27:13 - [TEST_STEP][PASSED] - println(City): null&#xD;
&#xD;
2019-12-06 11:27:13 - [TEST_STEP][PASSED] - println(Tel): null&#xD;
&#xD;
2019-12-06 11:27:13 - [TEST_STEP][PASSED] - println(AutoEmail): null&#xD;
&#xD;
2019-12-06 11:27:13 - [MESSAGE][PASSED] - Call Test Case 'Test Cases/AHI/_include/name' successfully&#xD;
&#xD;
2019-12-06 11:27:13 - [TEST_STEP][PASSED] - leadform_exist = test.MobileKeywords.isElementPresent_Web(findTestObject("mobileSanity/quote lead form/lead_form"), 20): test.MobileKeywords.isElementPresent_Web is PASSED&#xD;
&#xD;
2019-12-06 11:27:13 - [MESSAGE][PASSED] - test.MobileKeywords.isElementPresent_Web is PASSED&#xD;
&#xD;
2019-12-06 11:27:13 - [TEST_STEP][PASSED] - if (leadform_exist): null&#xD;
&#xD;
2019-12-06 11:27:13 - [TEST_STEP][PASSED] - setText(findTestObject("mobileSanity/quote lead form/first"), FirstName): Text 'Test-123' is set on object 'Object Repository/mobileSanity/quote lead form/first'&#xD;
&#xD;
2019-12-06 11:27:13 - [MESSAGE][PASSED] - Text 'Test-123' is set on object 'Object Repository/mobileSanity/quote lead form/first'&#xD;
&#xD;
2019-12-06 11:27:13 - [TEST_STEP][PASSED] - setText(findTestObject("mobileSanity/quote lead form/last"), LastName): Text 'ZZ11-tSgfuYUK' is set on object 'Object Repository/mobileSanity/quote lead form/last'&#xD;
&#xD;
2019-12-06 11:27:13 - [MESSAGE][PASSED] - Text 'ZZ11-tSgfuYUK' is set on object 'Object Repository/mobileSanity/quote lead form/last'&#xD;
&#xD;
2019-12-06 11:27:13 - [TEST_STEP][PASSED] - setText(findTestObject("mobileSanity/quote lead form/email"), AutoEmail): Text 'test.rOvWFELq@suryani.cn' is set on object 'Object Repository/mobileSanity/quote lead form/email'&#xD;
&#xD;
2019-12-06 11:27:14 - [MESSAGE][PASSED] - Text 'test.rOvWFELq@suryani.cn' is set on object 'Object Repository/mobileSanity/quote lead form/email'&#xD;
&#xD;
2019-12-06 11:27:14 - [TEST_STEP][PASSED] - setText(findTestObject("mobileSanity/quote lead form/phone"), Tel): Text '695-526-5223' is set on object 'Object Repository/mobileSanity/quote lead form/phone'&#xD;
&#xD;
2019-12-06 11:27:14 - [MESSAGE][PASSED] - Text '695-526-5223' is set on object 'Object Repository/mobileSanity/quote lead form/phone'&#xD;
&#xD;
2019-12-06 11:27:14 - [TEST_STEP][PASSED] - click(findTestObject("mobileSanity/quote lead form/submit")): Object: 'Object Repository/mobileSanity/quote lead form/submit' is clicked on&#xD;
&#xD;
2019-12-06 11:27:14 - [MESSAGE][PASSED] - Object: 'Object Repository/mobileSanity/quote lead form/submit' is clicked on&#xD;
&#xD;
2019-12-06 11:27:14 - [TEST_STEP][PASSED] - Thread.sleep(3000): null&#xD;
&#xD;
2019-12-06 11:27:17 - [MESSAGE][PASSED] - Call Test Case 'Test Cases/AHI/_include/check_quoteleadform' successfully&#xD;
&#xD;
2019-12-06 11:27:17 - [TEST_STEP][PASSED] - callTestCase(findTestCase("AHI/_include/get_screenshot"), [:], STOP_ON_FAILURE): Call Test Case 'Test Cases/AHI/_include/get_screenshot' successfully&#xD;
&#xD;
2019-12-06 11:27:18 - [TEST_CASE][PASSED] - Test Cases/AHI/_include/get_screenshot: Test Cases/AHI/_include/get_screenshot&#xD;
&#xD;
2019-12-06 11:27:18 - [TEST_STEP][PASSED] - takeScreenshot(screenPath + i + ".png"): Taking screenshot successfully&#xD;
&#xD;
2019-12-06 11:27:18 - [MESSAGE][PASSED] - Taking screenshot successfully&#xD;
[[ATTACHMENT|D:\\Test\\AgileTest\\AgileTest\\Reports\\AHI\\stm\\20191206_112427\\../Screenshots/iPhone 6/stm/AdvantHealth/standard/2.png]]&#xD;
&#xD;
2019-12-06 11:27:18 - [TEST_STEP][PASSED] - (internal.GlobalVariable.i++): null&#xD;
&#xD;
2019-12-06 11:27:18 - [MESSAGE][PASSED] - Call Test Case 'Test Cases/AHI/_include/get_screenshot' successfully&#xD;
&#xD;
2019-12-06 11:27:18 - [TEST_STEP][PASSED] - Thread.sleep(1000): null&#xD;
&#xD;
2019-12-06 11:27:19 - [MESSAGE][PASSED] - Call Test Case 'Test Cases/AHI/_include/census_stm' successfully&#xD;
&#xD;
2019-12-06 11:27:19 - [TEST_STEP][FAILED] - callTestCase(findTestCase("AHI/_include/filter_stm"), ["carrier":"advanthealth"], STOP_ON_FAILURE): Unable to call Test Case 'Test Cases/AHI/_include/filter_stm' (Root cause: com.kms.katalon.core.exception.StepFailedException: Call Test Case 'Test Cases/AHI/_include/filter_stm' failed&#xD;
	at com.kms.katalon.core.keyword.builtin.CallTestCaseKeyword$_callTestCase_closure1.doCall(CallTestCaseKeyword.groovy:63)&#xD;
	at com.kms.katalon.core.keyword.builtin.CallTestCaseKeyword$_callTestCase_closure1.call(CallTestCaseKeyword.groovy)&#xD;
	at com.kms.katalon.core.keyword.internal.KeywordMain.runKeyword(KeywordMain.groovy:68)&#xD;
	at com.kms.katalon.core.keyword.builtin.CallTestCaseKeyword.callTestCase(CallTestCaseKeyword.groovy:81)&#xD;
	at com.kms.katalon.core.keyword.builtin.CallTestCaseKeyword.execute(CallTestCaseKeyword.groovy:44)&#xD;
	at com.kms.katalon.core.keyword.internal.KeywordExecutor.executeKeywordForPlatform(KeywordExecutor.groovy:56)&#xD;
	at com.kms.katalon.core.keyword.BuiltinKeywords.callTestCase(BuiltinKeywords.groovy:334)&#xD;
	at AdvantHealth.run(AdvantHealth:29)&#xD;
	at com.kms.katalon.core.main.ScriptEngine.run(ScriptEngine.java:194)&#xD;
	at com.kms.katalon.core.main.ScriptEngine.runScriptAsRawText(ScriptEngine.java:119)&#xD;
	at com.kms.katalon.core.main.TestCaseExecutor.runScript(TestCaseExecutor.java:337)&#xD;
	at com.kms.katalon.core.main.TestCaseExecutor.doExecute(TestCaseExecutor.java:328)&#xD;
	at com.kms.katalon.core.main.TestCaseExecutor.processExecutionPhase(TestCaseExecutor.java:307)&#xD;
	at com.kms.katalon.core.main.TestCaseExecutor.accessMainPhase(TestCaseExecutor.java:299)&#xD;
	at com.kms.katalon.core.main.TestCaseExecutor.execute(TestCaseExecutor.java:233)&#xD;
	at com.kms.katalon.core.main.TestSuiteExecutor.accessTestCaseMainPhase(TestSuiteExecutor.java:133)&#xD;
	at com.kms.katalon.core.main.TestSuiteExecutor.accessTestSuiteMainPhase(TestSuiteExecutor.java:116)&#xD;
	at com.kms.katalon.core.main.TestSuiteExecutor.execute(TestSuiteExecutor.java:83)&#xD;
	at com.kms.katalon.core.main.TestCaseMain.startTestSuite(TestCaseMain.java:157)&#xD;
	at com.kms.katalon.core.main.TestCaseMain$startTestSuite$0.call(Unknown Source)&#xD;
	at TempTestSuite1575602667225.run(TempTestSuite1575602667225.groovy:35)&#xD;
Caused by: com.kms.katalon.core.exception.StepFailedException: Unable to scroll to object 'Object Repository/mobileSanity/STM/STM Quote Page/a_Show Plans'&#xD;
	at com.kms.katalon.core.webui.keyword.internal.WebUIKeywordMain.stepFailed(WebUIKeywordMain.groovy:64)&#xD;
	at com.kms.katalon.core.webui.keyword.internal.WebUIKeywordMain.runKeyword(WebUIKeywordMain.groovy:26)&#xD;
	at com.kms.katalon.core.webui.keyword.builtin.ScrollToElementKeyword.scrollToElement(ScrollToElementKeyword.groovy:88)&#xD;
	at com.kms.katalon.core.webui.keyword.builtin.ScrollToElementKeyword.execute(ScrollToElementKeyword.groovy:68)&#xD;
	at com.kms.katalon.core.keyword.internal.KeywordExecutor.executeKeywordForPlatform(KeywordExecutor.groovy:56)&#xD;
	at com.kms.katalon.core.webui.keyword.WebUiBuiltInKeywords.scrollToElement(WebUiBuiltInKeywords.groovy:2975)&#xD;
	at com.kms.katalon.core.webui.keyword.WebUiBuiltInKeywords$scrollToElement$8.call(Unknown Source)&#xD;
	at filter_stm.run(filter_stm:42)&#xD;
	at com.kms.katalon.core.main.ScriptEngine.run(ScriptEngine.java:194)&#xD;
	at com.kms.katalon.core.main.ScriptEngine.runScriptAsRawText(ScriptEngine.java:119)&#xD;
	at com.kms.katalon.core.main.TestCaseExecutor.runScript(TestCaseExecutor.java:337)&#xD;
	at com.kms.katalon.core.main.TestCaseExecutor.doExecute(TestCaseExecutor.java:328)&#xD;
	at com.kms.katalon.core.main.TestCaseExecutor.processExecutionPhase(TestCaseExecutor.java:307)&#xD;
	at com.kms.katalon.core.main.TestCaseExecutor.accessMainPhase(TestCaseExecutor.java:299)&#xD;
	at com.kms.katalon.core.main.TestCaseExecutor.execute(TestCaseExecutor.java:233)&#xD;
	at com.kms.katalon.core.main.TestCaseMain.runTestCase(TestCaseMain.java:114)&#xD;
	at com.kms.katalon.core.keyword.builtin.CallTestCaseKeyword$_callTestCase_closure1.doCall(CallTestCaseKeyword.groovy:59)&#xD;
	... 20 more&#xD;
Caused by: com.kms.katalon.core.webui.exception.WebElementNotFoundException: Web element with id: 'Object Repository/mobileSanity/STM/STM Quote Page/a_Show Plans' located by 'By.xpath: //main/div[3]/div/div[3]/a' not found&#xD;
	at com.kms.katalon.core.webui.common.WebUiCommonHelper.findWebElement(WebUiCommonHelper.java:1097)&#xD;
	at com.kms.katalon.core.webui.keyword.internal.WebUIAbstractKeyword.findWebElement(WebUIAbstractKeyword.groovy:27)&#xD;
	at com.kms.katalon.core.webui.keyword.internal.WebUIAbstractKeyword.findWebElement(WebUIAbstractKeyword.groovy:26)&#xD;
	at com.kms.katalon.core.webui.keyword.builtin.ScrollToElementKeyword$_scrollToElement_closure1.doCall(ScrollToElementKeyword.groovy:79)&#xD;
	at com.kms.katalon.core.webui.keyword.builtin.ScrollToElementKeyword$_scrollToElement_closure1.call(ScrollToElementKeyword.groovy)&#xD;
	at com.kms.katalon.core.webui.keyword.internal.WebUIKeywordMain.runKeyword(WebUIKeywordMain.groovy:20)&#xD;
	... 35 more&#xD;
)&#xD;
&#xD;
2019-12-06 11:27:19 - [TEST_CASE][FAILED] - Test Cases/AHI/_include/filter_stm: Test Cases/AHI/_include/filter_stm FAILED.
Reason:
com.kms.katalon.core.exception.StepFailedException: Unable to scroll to object 'Object Repository/mobileSanity/STM/STM Quote Page/a_Show Plans'&#xD;
	at com.kms.katalon.core.webui.keyword.internal.WebUIKeywordMain.stepFailed(WebUIKeywordMain.groovy:64)&#xD;
	at com.kms.katalon.core.webui.keyword.internal.WebUIKeywordMain.runKeyword(WebUIKeywordMain.groovy:26)&#xD;
	at com.kms.katalon.core.webui.keyword.builtin.ScrollToElementKeyword.scrollToElement(ScrollToElementKeyword.groovy:88)&#xD;
	at com.kms.katalon.core.webui.keyword.builtin.ScrollToElementKeyword.execute(ScrollToElementKeyword.groovy:68)&#xD;
	at com.kms.katalon.core.keyword.internal.KeywordExecutor.executeKeywordForPlatform(KeywordExecutor.groovy:56)&#xD;
	at com.kms.katalon.core.webui.keyword.WebUiBuiltInKeywords.scrollToElement(WebUiBuiltInKeywords.groovy:2975)&#xD;
	at com.kms.katalon.core.webui.keyword.WebUiBuiltInKeywords$scrollToElement$8.call(Unknown Source)&#xD;
	at filter_stm.run(filter_stm:42)&#xD;
	at com.kms.katalon.core.main.ScriptEngine.run(ScriptEngine.java:194)&#xD;
	at com.kms.katalon.core.main.ScriptEngine.runScriptAsRawText(ScriptEngine.java:119)&#xD;
	at com.kms.katalon.core.main.TestCaseExecutor.runScript(TestCaseExecutor.java:337)&#xD;
	at com.kms.katalon.core.main.TestCaseExecutor.doExecute(TestCaseExecutor.java:328)&#xD;
	at com.kms.katalon.core.main.TestCaseExecutor.processExecutionPhase(TestCaseExecutor.java:307)&#xD;
	at com.kms.katalon.core.main.TestCaseExecutor.accessMainPhase(TestCaseExecutor.java:299)&#xD;
	at com.kms.katalon.core.main.TestCaseExecutor.execute(TestCaseExecutor.java:233)&#xD;
	at com.kms.katalon.core.main.TestCaseMain.runTestCase(TestCaseMain.java:114)&#xD;
	at com.kms.katalon.core.keyword.builtin.CallTestCaseKeyword$_callTestCase_closure1.doCall(CallTestCaseKeyword.groovy:59)&#xD;
	at com.kms.katalon.core.keyword.builtin.CallTestCaseKeyword$_callTestCase_closure1.call(CallTestCaseKeyword.groovy)&#xD;
	at com.kms.katalon.core.keyword.internal.KeywordMain.runKeyword(KeywordMain.groovy:68)&#xD;
	at com.kms.katalon.core.keyword.builtin.CallTestCaseKeyword.callTestCase(CallTestCaseKeyword.groovy:81)&#xD;
	at com.kms.katalon.core.keyword.builtin.CallTestCaseKeyword.execute(CallTestCaseKeyword.groovy:44)&#xD;
	at com.kms.katalon.core.keyword.internal.KeywordExecutor.executeKeywordForPlatform(KeywordExecutor.groovy:56)&#xD;
	at com.kms.katalon.core.keyword.BuiltinKeywords.callTestCase(BuiltinKeywords.groovy:334)&#xD;
	at AdvantHealth.run(AdvantHealth:29)&#xD;
	at com.kms.katalon.core.main.ScriptEngine.run(ScriptEngine.java:194)&#xD;
	at com.kms.katalon.core.main.ScriptEngine.runScriptAsRawText(ScriptEngine.java:119)&#xD;
	at com.kms.katalon.core.main.TestCaseExecutor.runScript(TestCaseExecutor.java:337)&#xD;
	at com.kms.katalon.core.main.TestCaseExecutor.doExecute(TestCaseExecutor.java:328)&#xD;
	at com.kms.katalon.core.main.TestCaseExecutor.processExecutionPhase(TestCaseExecutor.java:307)&#xD;
	at com.kms.katalon.core.main.TestCaseExecutor.accessMainPhase(TestCaseExecutor.java:299)&#xD;
	at com.kms.katalon.core.main.TestCaseExecutor.execute(TestCaseExecutor.java:233)&#xD;
	at com.kms.katalon.core.main.TestSuiteExecutor.accessTestCaseMainPhase(TestSuiteExecutor.java:133)&#xD;
	at com.kms.katalon.core.main.TestSuiteExecutor.accessTestSuiteMainPhase(TestSuiteExecutor.java:116)&#xD;
	at com.kms.katalon.core.main.TestSuiteExecutor.execute(TestSuiteExecutor.java:83)&#xD;
	at com.kms.katalon.core.main.TestCaseMain.startTestSuite(TestCaseMain.java:157)&#xD;
	at com.kms.katalon.core.main.TestCaseMain$startTestSuite$0.call(Unknown Source)&#xD;
	at TempTestSuite1575602667225.run(TempTestSuite1575602667225.groovy:35)&#xD;
Caused by: com.kms.katalon.core.webui.exception.WebElementNotFoundException: Web element with id: 'Object Repository/mobileSanity/STM/STM Quote Page/a_Show Plans' located by 'By.xpath: //main/div[3]/div/div[3]/a' not found&#xD;
	at com.kms.katalon.core.webui.common.WebUiCommonHelper.findWebElement(WebUiCommonHelper.java:1097)&#xD;
	at com.kms.katalon.core.webui.keyword.internal.WebUIAbstractKeyword.findWebElement(WebUIAbstractKeyword.groovy:27)&#xD;
	at com.kms.katalon.core.webui.keyword.internal.WebUIAbstractKeyword.findWebElement(WebUIAbstractKeyword.groovy:26)&#xD;
	at com.kms.katalon.core.webui.keyword.builtin.ScrollToElementKeyword$_scrollToElement_closure1.doCall(ScrollToElementKeyword.groovy:79)&#xD;
	at com.kms.katalon.core.webui.keyword.builtin.ScrollToElementKeyword$_scrollToElement_closure1.call(ScrollToElementKeyword.groovy)&#xD;
	at com.kms.katalon.core.webui.keyword.internal.WebUIKeywordMain.runKeyword(WebUIKeywordMain.groovy:20)&#xD;
	... 35 more&#xD;
&#xD;
&#xD;
2019-12-06 11:27:19 - [TEST_STEP][PASSED] - driver = getWebDriver(): null&#xD;
&#xD;
2019-12-06 11:27:19 - [TEST_STEP][PASSED] - selenium = new com.thoughtworks.selenium.webdriven.WebDriverBackedSelenium(driver, internal.GlobalVariable.ENV): null&#xD;
&#xD;
2019-12-06 11:27:19 - [TEST_STEP][PASSED] - Thread.sleep(1000): null&#xD;
&#xD;
2019-12-06 11:27:20 - [TEST_STEP][PASSED] - click(findTestObject("mobileSanity/STM/STM Quote Page/button_filters")): Object: 'Object Repository/mobileSanity/STM/STM Quote Page/button_filters' is clicked on&#xD;
&#xD;
2019-12-06 11:27:21 - [MESSAGE][PASSED] - Object: 'Object Repository/mobileSanity/STM/STM Quote Page/button_filters' is clicked on&#xD;
&#xD;
2019-12-06 11:27:21 - [TEST_STEP][PASSED] - Thread.sleep(1000): null&#xD;
&#xD;
2019-12-06 11:27:22 - [TEST_STEP][PASSED] - click(findTestObject("mobileSanity/STM/STM Quote Page/i_Insurance company")): Object: 'Object Repository/mobileSanity/STM/STM Quote Page/i_Insurance company' is clicked on&#xD;
&#xD;
2019-12-06 11:27:22 - [MESSAGE][PASSED] - Object: 'Object Repository/mobileSanity/STM/STM Quote Page/i_Insurance company' is clicked on&#xD;
&#xD;
2019-12-06 11:27:22 - [TEST_STEP][PASSED] - Thread.sleep(1000): null&#xD;
&#xD;
2019-12-06 11:27:23 - [TEST_STEP][PASSED] - filter_carrier = "//input[@name='filter[carrier]' and @value='" + carrier + "']/following::label": null&#xD;
&#xD;
2019-12-06 11:27:23 - [TEST_STEP][PASSED] - println(filter_carrier): null&#xD;
&#xD;
2019-12-06 11:27:23 - [TEST_STEP][PASSED] - test.MobileKeywords.clickJS_ByXpath(filter_carrier): test.MobileKeywords.clickJS_ByXpath is PASSED&#xD;
&#xD;
2019-12-06 11:27:23 - [MESSAGE][PASSED] - Execute JavaScript 'arguments[0].click()' successfully&#xD;
&#xD;
2019-12-06 11:27:23 - [MESSAGE][PASSED] - test.MobileKeywords.clickJS_ByXpath is PASSED&#xD;
&#xD;
2019-12-06 11:27:23 - [TEST_STEP][FAILED] - scrollToElement(findTestObject("mobileSanity/STM/STM Quote Page/a_Show Plans"), 1000): Unable to scroll to object 'Object Repository/mobileSanity/STM/STM Quote Page/a_Show Plans' (Root cause: com.kms.katalon.core.exception.StepFailedException: Unable to scroll to object 'Object Repository/mobileSanity/STM/STM Quote Page/a_Show Plans'&#xD;
	at com.kms.katalon.core.webui.keyword.internal.WebUIKeywordMain.stepFailed(WebUIKeywordMain.groovy:64)&#xD;
	at com.kms.katalon.core.webui.keyword.internal.WebUIKeywordMain.runKeyword(WebUIKeywordMain.groovy:26)&#xD;
	at com.kms.katalon.core.webui.keyword.builtin.ScrollToElementKeyword.scrollToElement(ScrollToElementKeyword.groovy:88)&#xD;
	at com.kms.katalon.core.webui.keyword.builtin.ScrollToElementKeyword.execute(ScrollToElementKeyword.groovy:68)&#xD;
	at com.kms.katalon.core.keyword.internal.KeywordExecutor.executeKeywordForPlatform(KeywordExecutor.groovy:56)&#xD;
	at com.kms.katalon.core.webui.keyword.WebUiBuiltInKeywords.scrollToElement(WebUiBuiltInKeywords.groovy:2975)&#xD;
	at com.kms.katalon.core.webui.keyword.WebUiBuiltInKeywords$scrollToElement$8.call(Unknown Source)&#xD;
	at filter_stm.run(filter_stm:42)&#xD;
	at com.kms.katalon.core.main.ScriptEngine.run(ScriptEngine.java:194)&#xD;
	at com.kms.katalon.core.main.ScriptEngine.runScriptAsRawText(ScriptEngine.java:119)&#xD;
	at com.kms.katalon.core.main.TestCaseExecutor.runScript(TestCaseExecutor.java:337)&#xD;
	at com.kms.katalon.core.main.TestCaseExecutor.doExecute(TestCaseExecutor.java:328)&#xD;
	at com.kms.katalon.core.main.TestCaseExecutor.processExecutionPhase(TestCaseExecutor.java:307)&#xD;
	at com.kms.katalon.core.main.TestCaseExecutor.accessMainPhase(TestCaseExecutor.java:299)&#xD;
	at com.kms.katalon.core.main.TestCaseExecutor.execute(TestCaseExecutor.java:233)&#xD;
	at com.kms.katalon.core.main.TestCaseMain.runTestCase(TestCaseMain.java:114)&#xD;
	at com.kms.katalon.core.keyword.builtin.CallTestCaseKeyword$_callTestCase_closure1.doCall(CallTestCaseKeyword.groovy:59)&#xD;
	at com.kms.katalon.core.keyword.builtin.CallTestCaseKeyword$_callTestCase_closure1.call(CallTestCaseKeyword.groovy)&#xD;
	at com.kms.katalon.core.keyword.internal.KeywordMain.runKeyword(KeywordMain.groovy:68)&#xD;
	at com.kms.katalon.core.keyword.builtin.CallTestCaseKeyword.callTestCase(CallTestCaseKeyword.groovy:81)&#xD;
	at com.kms.katalon.core.keyword.builtin.CallTestCaseKeyword.execute(CallTestCaseKeyword.groovy:44)&#xD;
	at com.kms.katalon.core.keyword.internal.KeywordExecutor.executeKeywordForPlatform(KeywordExecutor.groovy:56)&#xD;
	at com.kms.katalon.core.keyword.BuiltinKeywords.callTestCase(BuiltinKeywords.groovy:334)&#xD;
	at AdvantHealth.run(AdvantHealth:29)&#xD;
	at com.kms.katalon.core.main.ScriptEngine.run(ScriptEngine.java:194)&#xD;
	at com.kms.katalon.core.main.ScriptEngine.runScriptAsRawText(ScriptEngine.java:119)&#xD;
	at com.kms.katalon.core.main.TestCaseExecutor.runScript(TestCaseExecutor.java:337)&#xD;
	at com.kms.katalon.core.main.TestCaseExecutor.doExecute(TestCaseExecutor.java:328)&#xD;
	at com.kms.katalon.core.main.TestCaseExecutor.processExecutionPhase(TestCaseExecutor.java:307)&#xD;
	at com.kms.katalon.core.main.TestCaseExecutor.accessMainPhase(TestCaseExecutor.java:299)&#xD;
	at com.kms.katalon.core.main.TestCaseExecutor.execute(TestCaseExecutor.java:233)&#xD;
	at com.kms.katalon.core.main.TestSuiteExecutor.accessTestCaseMainPhase(TestSuiteExecutor.java:133)&#xD;
	at com.kms.katalon.core.main.TestSuiteExecutor.accessTestSuiteMainPhase(TestSuiteExecutor.java:116)&#xD;
	at com.kms.katalon.core.main.TestSuiteExecutor.execute(TestSuiteExecutor.java:83)&#xD;
	at com.kms.katalon.core.main.TestCaseMain.startTestSuite(TestCaseMain.java:157)&#xD;
	at com.kms.katalon.core.main.TestCaseMain$startTestSuite$0.call(Unknown Source)&#xD;
	at TempTestSuite1575602667225.run(TempTestSuite1575602667225.groovy:35)&#xD;
Caused by: com.kms.katalon.core.webui.exception.WebElementNotFoundException: Web element with id: 'Object Repository/mobileSanity/STM/STM Quote Page/a_Show Plans' located by 'By.xpath: //main/div[3]/div/div[3]/a' not found&#xD;
	at com.kms.katalon.core.webui.common.WebUiCommonHelper.findWebElement(WebUiCommonHelper.java:1097)&#xD;
	at com.kms.katalon.core.webui.keyword.internal.WebUIAbstractKeyword.findWebElement(WebUIAbstractKeyword.groovy:27)&#xD;
	at com.kms.katalon.core.webui.keyword.internal.WebUIAbstractKeyword.findWebElement(WebUIAbstractKeyword.groovy:26)&#xD;
	at com.kms.katalon.core.webui.keyword.builtin.ScrollToElementKeyword$_scrollToElement_closure1.doCall(ScrollToElementKeyword.groovy:79)&#xD;
	at com.kms.katalon.core.webui.keyword.builtin.ScrollToElementKeyword$_scrollToElement_closure1.call(ScrollToElementKeyword.groovy)&#xD;
	at com.kms.katalon.core.webui.keyword.internal.WebUIKeywordMain.runKeyword(WebUIKeywordMain.groovy:20)&#xD;
	at com.kms.katalon.core.webui.keyword.builtin.ScrollToElementKeyword.scrollToElement(ScrollToElementKeyword.groovy:88)&#xD;
	at com.kms.katalon.core.webui.keyword.builtin.ScrollToElementKeyword.execute(ScrollToElementKeyword.groovy:68)&#xD;
	at com.kms.katalon.core.keyword.internal.KeywordExecutor.executeKeywordForPlatform(KeywordExecutor.groovy:56)&#xD;
	at com.kms.katalon.core.webui.keyword.WebUiBuiltInKeywords.scrollToElement(WebUiBuiltInKeywords.groovy:2975)&#xD;
	at com.kms.katalon.core.webui.keyword.WebUiBuiltInKeywords$scrollToElement$8.call(Unknown Source)&#xD;
	at Script1575596673822.run(Script1575596673822.groovy:42)&#xD;
	at com.kms.katalon.core.main.ScriptEngine.run(ScriptEngine.java:194)&#xD;
	at com.kms.katalon.core.main.ScriptEngine.runScriptAsRawText(ScriptEngine.java:119)&#xD;
	at com.kms.katalon.core.main.TestCaseExecutor.runScript(TestCaseExecutor.java:337)&#xD;
	at com.kms.katalon.core.main.TestCaseExecutor.doExecute(TestCaseExecutor.java:328)&#xD;
	at com.kms.katalon.core.main.TestCaseExecutor.processExecutionPhase(TestCaseExecutor.java:307)&#xD;
	at com.kms.katalon.core.main.TestCaseExecutor.accessMainPhase(TestCaseExecutor.java:299)&#xD;
	at com.kms.katalon.core.main.TestCaseExecutor.execute(TestCaseExecutor.java:233)&#xD;
	at com.kms.katalon.core.main.TestCaseMain.runTestCase(TestCaseMain.java:114)&#xD;
	at com.kms.katalon.core.keyword.builtin.CallTestCaseKeyword$_callTestCase_closure1.doCall(CallTestCaseKeyword.groovy:59)&#xD;
	at com.kms.katalon.core.keyword.builtin.CallTestCaseKeyword$_callTestCase_closure1.call(CallTestCaseKeyword.groovy)&#xD;
	at com.kms.katalon.core.keyword.internal.KeywordMain.runKeyword(KeywordMain.groovy:68)&#xD;
	at com.kms.katalon.core.keyword.builtin.CallTestCaseKeyword.callTestCase(CallTestCaseKeyword.groovy:81)&#xD;
	at com.kms.katalon.core.keyword.builtin.CallTestCaseKeyword.execute(CallTestCaseKeyword.groovy:44)&#xD;
	at com.kms.katalon.core.keyword.internal.KeywordExecutor.executeKeywordForPlatform(KeywordExecutor.groovy:56)&#xD;
	at com.kms.katalon.core.keyword.BuiltinKeywords.callTestCase(BuiltinKeywords.groovy:334)&#xD;
	at Script1575596673722.run(Script1575596673722.groovy:29)&#xD;
	... 13 more&#xD;
)&#xD;
&#xD;
2019-12-06 11:27:44 - [MESSAGE][INFO] - Unable to find the element located by 'By.xpath: //main/div[3]/div/div[3]/a'. Please recheck the objects properties to make sure the desired element is located. &#xD;
&#xD;
2019-12-06 11:27:44 - [MESSAGE][FAILED] - Unable to scroll to object 'Object Repository/mobileSanity/STM/STM Quote Page/a_Show Plans' (Root cause: com.kms.katalon.core.exception.StepFailedException: Unable to scroll to object 'Object Repository/mobileSanity/STM/STM Quote Page/a_Show Plans'&#xD;
	at com.kms.katalon.core.webui.keyword.internal.WebUIKeywordMain.stepFailed(WebUIKeywordMain.groovy:64)&#xD;
	at com.kms.katalon.core.webui.keyword.internal.WebUIKeywordMain.runKeyword(WebUIKeywordMain.groovy:26)&#xD;
	at com.kms.katalon.core.webui.keyword.builtin.ScrollToElementKeyword.scrollToElement(ScrollToElementKeyword.groovy:88)&#xD;
	at com.kms.katalon.core.webui.keyword.builtin.ScrollToElementKeyword.execute(ScrollToElementKeyword.groovy:68)&#xD;
	at com.kms.katalon.core.keyword.internal.KeywordExecutor.executeKeywordForPlatform(KeywordExecutor.groovy:56)&#xD;
	at com.kms.katalon.core.webui.keyword.WebUiBuiltInKeywords.scrollToElement(WebUiBuiltInKeywords.groovy:2975)&#xD;
	at com.kms.katalon.core.webui.keyword.WebUiBuiltInKeywords$scrollToElement$8.call(Unknown Source)&#xD;
	at filter_stm.run(filter_stm:42)&#xD;
	at com.kms.katalon.core.main.ScriptEngine.run(ScriptEngine.java:194)&#xD;
	at com.kms.katalon.core.main.ScriptEngine.runScriptAsRawText(ScriptEngine.java:119)&#xD;
	at com.kms.katalon.core.main.TestCaseExecutor.runScript(TestCaseExecutor.java:337)&#xD;
	at com.kms.katalon.core.main.TestCaseExecutor.doExecute(TestCaseExecutor.java:328)&#xD;
	at com.kms.katalon.core.main.TestCaseExecutor.processExecutionPhase(TestCaseExecutor.java:307)&#xD;
	at com.kms.katalon.core.main.TestCaseExecutor.accessMainPhase(TestCaseExecutor.java:299)&#xD;
	at com.kms.katalon.core.main.TestCaseExecutor.execute(TestCaseExecutor.java:233)&#xD;
	at com.kms.katalon.core.main.TestCaseMain.runTestCase(TestCaseMain.java:114)&#xD;
	at com.kms.katalon.core.keyword.builtin.CallTestCaseKeyword$_callTestCase_closure1.doCall(CallTestCaseKeyword.groovy:59)&#xD;
	at com.kms.katalon.core.keyword.builtin.CallTestCaseKeyword$_callTestCase_closure1.call(CallTestCaseKeyword.groovy)&#xD;
	at com.kms.katalon.core.keyword.internal.KeywordMain.runKeyword(KeywordMain.groovy:68)&#xD;
	at com.kms.katalon.core.keyword.builtin.CallTestCaseKeyword.callTestCase(CallTestCaseKeyword.groovy:81)&#xD;
	at com.kms.katalon.core.keyword.builtin.CallTestCaseKeyword.execute(CallTestCaseKeyword.groovy:44)&#xD;
	at com.kms.katalon.core.keyword.internal.KeywordExecutor.executeKeywordForPlatform(KeywordExecutor.groovy:56)&#xD;
	at com.kms.katalon.core.keyword.BuiltinKeywords.callTestCase(BuiltinKeywords.groovy:334)&#xD;
	at AdvantHealth.run(AdvantHealth:29)&#xD;
	at com.kms.katalon.core.main.ScriptEngine.run(ScriptEngine.java:194)&#xD;
	at com.kms.katalon.core.main.ScriptEngine.runScriptAsRawText(ScriptEngine.java:119)&#xD;
	at com.kms.katalon.core.main.TestCaseExecutor.runScript(TestCaseExecutor.java:337)&#xD;
	at com.kms.katalon.core.main.TestCaseExecutor.doExecute(TestCaseExecutor.java:328)&#xD;
	at com.kms.katalon.core.main.TestCaseExecutor.processExecutionPhase(TestCaseExecutor.java:307)&#xD;
	at com.kms.katalon.core.main.TestCaseExecutor.accessMainPhase(TestCaseExecutor.java:299)&#xD;
	at com.kms.katalon.core.main.TestCaseExecutor.execute(TestCaseExecutor.java:233)&#xD;
	at com.kms.katalon.core.main.TestSuiteExecutor.accessTestCaseMainPhase(TestSuiteExecutor.java:133)&#xD;
	at com.kms.katalon.core.main.TestSuiteExecutor.accessTestSuiteMainPhase(TestSuiteExecutor.java:116)&#xD;
	at com.kms.katalon.core.main.TestSuiteExecutor.execute(TestSuiteExecutor.java:83)&#xD;
	at com.kms.katalon.core.main.TestCaseMain.startTestSuite(TestCaseMain.java:157)&#xD;
	at com.kms.katalon.core.main.TestCaseMain$startTestSuite$0.call(Unknown Source)&#xD;
	at TempTestSuite1575602667225.run(TempTestSuite1575602667225.groovy:35)&#xD;
Caused by: com.kms.katalon.core.webui.exception.WebElementNotFoundException: Web element with id: 'Object Repository/mobileSanity/STM/STM Quote Page/a_Show Plans' located by 'By.xpath: //main/div[3]/div/div[3]/a' not found&#xD;
	at com.kms.katalon.core.webui.common.WebUiCommonHelper.findWebElement(WebUiCommonHelper.java:1097)&#xD;
	at com.kms.katalon.core.webui.keyword.internal.WebUIAbstractKeyword.findWebElement(WebUIAbstractKeyword.groovy:27)&#xD;
	at com.kms.katalon.core.webui.keyword.internal.WebUIAbstractKeyword.findWebElement(WebUIAbstractKeyword.groovy:26)&#xD;
	at com.kms.katalon.core.webui.keyword.builtin.ScrollToElementKeyword$_scrollToElement_closure1.doCall(ScrollToElementKeyword.groovy:79)&#xD;
	at com.kms.katalon.core.webui.keyword.builtin.ScrollToElementKeyword$_scrollToElement_closure1.call(ScrollToElementKeyword.groovy)&#xD;
	at com.kms.katalon.core.webui.keyword.internal.WebUIKeywordMain.runKeyword(WebUIKeywordMain.groovy:20)&#xD;
	at com.kms.katalon.core.webui.keyword.builtin.ScrollToElementKeyword.scrollToElement(ScrollToElementKeyword.groovy:88)&#xD;
	at com.kms.katalon.core.webui.keyword.builtin.ScrollToElementKeyword.execute(ScrollToElementKeyword.groovy:68)&#xD;
	at com.kms.katalon.core.keyword.internal.KeywordExecutor.executeKeywordForPlatform(KeywordExecutor.groovy:56)&#xD;
	at com.kms.katalon.core.webui.keyword.WebUiBuiltInKeywords.scrollToElement(WebUiBuiltInKeywords.groovy:2975)&#xD;
	at com.kms.katalon.core.webui.keyword.WebUiBuiltInKeywords$scrollToElement$8.call(Unknown Source)&#xD;
	at Script1575596673822.run(Script1575596673822.groovy:42)&#xD;
	at com.kms.katalon.core.main.ScriptEngine.run(ScriptEngine.java:194)&#xD;
	at com.kms.katalon.core.main.ScriptEngine.runScriptAsRawText(ScriptEngine.java:119)&#xD;
	at com.kms.katalon.core.main.TestCaseExecutor.runScript(TestCaseExecutor.java:337)&#xD;
	at com.kms.katalon.core.main.TestCaseExecutor.doExecute(TestCaseExecutor.java:328)&#xD;
	at com.kms.katalon.core.main.TestCaseExecutor.processExecutionPhase(TestCaseExecutor.java:307)&#xD;
	at com.kms.katalon.core.main.TestCaseExecutor.accessMainPhase(TestCaseExecutor.java:299)&#xD;
	at com.kms.katalon.core.main.TestCaseExecutor.execute(TestCaseExecutor.java:233)&#xD;
	at com.kms.katalon.core.main.TestCaseMain.runTestCase(TestCaseMain.java:114)&#xD;
	at com.kms.katalon.core.keyword.builtin.CallTestCaseKeyword$_callTestCase_closure1.doCall(CallTestCaseKeyword.groovy:59)&#xD;
	at com.kms.katalon.core.keyword.builtin.CallTestCaseKeyword$_callTestCase_closure1.call(CallTestCaseKeyword.groovy)&#xD;
	at com.kms.katalon.core.keyword.internal.KeywordMain.runKeyword(KeywordMain.groovy:68)&#xD;
	at com.kms.katalon.core.keyword.builtin.CallTestCaseKeyword.callTestCase(CallTestCaseKeyword.groovy:81)&#xD;
	at com.kms.katalon.core.keyword.builtin.CallTestCaseKeyword.execute(CallTestCaseKeyword.groovy:44)&#xD;
	at com.kms.katalon.core.keyword.internal.KeywordExecutor.executeKeywordForPlatform(KeywordExecutor.groovy:56)&#xD;
	at com.kms.katalon.core.keyword.BuiltinKeywords.callTestCase(BuiltinKeywords.groovy:334)&#xD;
	at Script1575596673722.run(Script1575596673722.groovy:29)&#xD;
	... 13 more&#xD;
)&#xD;
[[ATTACHMENT|D:\\Test\\AgileTest\\AgileTest\\Reports\\AHI\\stm\\20191206_112427\\1575602864229.png]]&#xD;
&#xD;
2019-12-06 11:27:44 - [MESSAGE][FAILED] - Unable to call Test Case 'Test Cases/AHI/_include/filter_stm' (Root cause: com.kms.katalon.core.exception.StepFailedException: Call Test Case 'Test Cases/AHI/_include/filter_stm' failed&#xD;
	at com.kms.katalon.core.keyword.builtin.CallTestCaseKeyword$_callTestCase_closure1.doCall(CallTestCaseKeyword.groovy:63)&#xD;
	at com.kms.katalon.core.keyword.builtin.CallTestCaseKeyword$_callTestCase_closure1.call(CallTestCaseKeyword.groovy)&#xD;
	at com.kms.katalon.core.keyword.internal.KeywordMain.runKeyword(KeywordMain.groovy:68)&#xD;
	at com.kms.katalon.core.keyword.builtin.CallTestCaseKeyword.callTestCase(CallTestCaseKeyword.groovy:81)&#xD;
	at com.kms.katalon.core.keyword.builtin.CallTestCaseKeyword.execute(CallTestCaseKeyword.groovy:44)&#xD;
	at com.kms.katalon.core.keyword.internal.KeywordExecutor.executeKeywordForPlatform(KeywordExecutor.groovy:56)&#xD;
	at com.kms.katalon.core.keyword.BuiltinKeywords.callTestCase(BuiltinKeywords.groovy:334)&#xD;
	at AdvantHealth.run(AdvantHealth:29)&#xD;
	at com.kms.katalon.core.main.ScriptEngine.run(ScriptEngine.java:194)&#xD;
	at com.kms.katalon.core.main.ScriptEngine.runScriptAsRawText(ScriptEngine.java:119)&#xD;
	at com.kms.katalon.core.main.TestCaseExecutor.runScript(TestCaseExecutor.java:337)&#xD;
	at com.kms.katalon.core.main.TestCaseExecutor.doExecute(TestCaseExecutor.java:328)&#xD;
	at com.kms.katalon.core.main.TestCaseExecutor.processExecutionPhase(TestCaseExecutor.java:307)&#xD;
	at com.kms.katalon.core.main.TestCaseExecutor.accessMainPhase(TestCaseExecutor.java:299)&#xD;
	at com.kms.katalon.core.main.TestCaseExecutor.execute(TestCaseExecutor.java:233)&#xD;
	at com.kms.katalon.core.main.TestSuiteExecutor.accessTestCaseMainPhase(TestSuiteExecutor.java:133)&#xD;
	at com.kms.katalon.core.main.TestSuiteExecutor.accessTestSuiteMainPhase(TestSuiteExecutor.java:116)&#xD;
	at com.kms.katalon.core.main.TestSuiteExecutor.execute(TestSuiteExecutor.java:83)&#xD;
	at com.kms.katalon.core.main.TestCaseMain.startTestSuite(TestCaseMain.java:157)&#xD;
	at com.kms.katalon.core.main.TestCaseMain$startTestSuite$0.call(Unknown Source)&#xD;
	at TempTestSuite1575602667225.run(TempTestSuite1575602667225.groovy:35)&#xD;
Caused by: com.kms.katalon.core.exception.StepFailedException: Unable to scroll to object 'Object Repository/mobileSanity/STM/STM Quote Page/a_Show Plans'&#xD;
	at com.kms.katalon.core.webui.keyword.internal.WebUIKeywordMain.stepFailed(WebUIKeywordMain.groovy:64)&#xD;
	at com.kms.katalon.core.webui.keyword.internal.WebUIKeywordMain.runKeyword(WebUIKeywordMain.groovy:26)&#xD;
	at com.kms.katalon.core.webui.keyword.builtin.ScrollToElementKeyword.scrollToElement(ScrollToElementKeyword.groovy:88)&#xD;
	at com.kms.katalon.core.webui.keyword.builtin.ScrollToElementKeyword.execute(ScrollToElementKeyword.groovy:68)&#xD;
	at com.kms.katalon.core.keyword.internal.KeywordExecutor.executeKeywordForPlatform(KeywordExecutor.groovy:56)&#xD;
	at com.kms.katalon.core.webui.keyword.WebUiBuiltInKeywords.scrollToElement(WebUiBuiltInKeywords.groovy:2975)&#xD;
	at com.kms.katalon.core.webui.keyword.WebUiBuiltInKeywords$scrollToElement$8.call(Unknown Source)&#xD;
	at filter_stm.run(filter_stm:42)&#xD;
	at com.kms.katalon.core.main.ScriptEngine.run(ScriptEngine.java:194)&#xD;
	at com.kms.katalon.core.main.ScriptEngine.runScriptAsRawText(ScriptEngine.java:119)&#xD;
	at com.kms.katalon.core.main.TestCaseExecutor.runScript(TestCaseExecutor.java:337)&#xD;
	at com.kms.katalon.core.main.TestCaseExecutor.doExecute(TestCaseExecutor.java:328)&#xD;
	at com.kms.katalon.core.main.TestCaseExecutor.processExecutionPhase(TestCaseExecutor.java:307)&#xD;
	at com.kms.katalon.core.main.TestCaseExecutor.accessMainPhase(TestCaseExecutor.java:299)&#xD;
	at com.kms.katalon.core.main.TestCaseExecutor.execute(TestCaseExecutor.java:233)&#xD;
	at com.kms.katalon.core.main.TestCaseMain.runTestCase(TestCaseMain.java:114)&#xD;
	at com.kms.katalon.core.keyword.builtin.CallTestCaseKeyword$_callTestCase_closure1.doCall(CallTestCaseKeyword.groovy:59)&#xD;
	... 20 more&#xD;
Caused by: com.kms.katalon.core.webui.exception.WebElementNotFoundException: Web element with id: 'Object Repository/mobileSanity/STM/STM Quote Page/a_Show Plans' located by 'By.xpath: //main/div[3]/div/div[3]/a' not found&#xD;
	at com.kms.katalon.core.webui.common.WebUiCommonHelper.findWebElement(WebUiCommonHelper.java:1097)&#xD;
	at com.kms.katalon.core.webui.keyword.internal.WebUIAbstractKeyword.findWebElement(WebUIAbstractKeyword.groovy:27)&#xD;
	at com.kms.katalon.core.webui.keyword.internal.WebUIAbstractKeyword.findWebElement(WebUIAbstractKeyword.groovy:26)&#xD;
	at com.kms.katalon.core.webui.keyword.builtin.ScrollToElementKeyword$_scrollToElement_closure1.doCall(ScrollToElementKeyword.groovy:79)&#xD;
	at com.kms.katalon.core.webui.keyword.builtin.ScrollToElementKeyword$_scrollToElement_closure1.call(ScrollToElementKeyword.groovy)&#xD;
	at com.kms.katalon.core.webui.keyword.internal.WebUIKeywordMain.runKeyword(WebUIKeywordMain.groovy:20)&#xD;
	... 35 more&#xD;
)</system-out>
            <system-err>2019-12-06 11:26:55 - [TEST_CASE][FAILED] - Test Cases/AHI/stm/AdvantHealth: Test Cases/AHI/stm/AdvantHealth FAILED.
Reason:
com.kms.katalon.core.exception.StepFailedException: Call Test Case 'Test Cases/AHI/_include/filter_stm' failed&#xD;
	at com.kms.katalon.core.keyword.builtin.CallTestCaseKeyword$_callTestCase_closure1.doCall(CallTestCaseKeyword.groovy:63)&#xD;
	at com.kms.katalon.core.keyword.builtin.CallTestCaseKeyword$_callTestCase_closure1.call(CallTestCaseKeyword.groovy)&#xD;
	at com.kms.katalon.core.keyword.internal.KeywordMain.runKeyword(KeywordMain.groovy:68)&#xD;
	at com.kms.katalon.core.keyword.builtin.CallTestCaseKeyword.callTestCase(CallTestCaseKeyword.groovy:81)&#xD;
	at com.kms.katalon.core.keyword.builtin.CallTestCaseKeyword.execute(CallTestCaseKeyword.groovy:44)&#xD;
	at com.kms.katalon.core.keyword.internal.KeywordExecutor.executeKeywordForPlatform(KeywordExecutor.groovy:56)&#xD;
	at com.kms.katalon.core.keyword.BuiltinKeywords.callTestCase(BuiltinKeywords.groovy:334)&#xD;
	at AdvantHealth.run(AdvantHealth:29)&#xD;
	at com.kms.katalon.core.main.ScriptEngine.run(ScriptEngine.java:194)&#xD;
	at com.kms.katalon.core.main.ScriptEngine.runScriptAsRawText(ScriptEngine.java:119)&#xD;
	at com.kms.katalon.core.main.TestCaseExecutor.runScript(TestCaseExecutor.java:337)&#xD;
	at com.kms.katalon.core.main.TestCaseExecutor.doExecute(TestCaseExecutor.java:328)&#xD;
	at com.kms.katalon.core.main.TestCaseExecutor.processExecutionPhase(TestCaseExecutor.java:307)&#xD;
	at com.kms.katalon.core.main.TestCaseExecutor.accessMainPhase(TestCaseExecutor.java:299)&#xD;
	at com.kms.katalon.core.main.TestCaseExecutor.execute(TestCaseExecutor.java:233)&#xD;
	at com.kms.katalon.core.main.TestSuiteExecutor.accessTestCaseMainPhase(TestSuiteExecutor.java:133)&#xD;
	at com.kms.katalon.core.main.TestSuiteExecutor.accessTestSuiteMainPhase(TestSuiteExecutor.java:116)&#xD;
	at com.kms.katalon.core.main.TestSuiteExecutor.execute(TestSuiteExecutor.java:83)&#xD;
	at com.kms.katalon.core.main.TestCaseMain.startTestSuite(TestCaseMain.java:157)&#xD;
	at com.kms.katalon.core.main.TestCaseMain$startTestSuite$0.call(Unknown Source)&#xD;
	at TempTestSuite1575602667225.run(TempTestSuite1575602667225.groovy:35)&#xD;
Caused by: com.kms.katalon.core.exception.StepFailedException: Unable to scroll to object 'Object Repository/mobileSanity/STM/STM Quote Page/a_Show Plans'&#xD;
	at com.kms.katalon.core.webui.keyword.internal.WebUIKeywordMain.stepFailed(WebUIKeywordMain.groovy:64)&#xD;
	at com.kms.katalon.core.webui.keyword.internal.WebUIKeywordMain.runKeyword(WebUIKeywordMain.groovy:26)&#xD;
	at com.kms.katalon.core.webui.keyword.builtin.ScrollToElementKeyword.scrollToElement(ScrollToElementKeyword.groovy:88)&#xD;
	at com.kms.katalon.core.webui.keyword.builtin.ScrollToElementKeyword.execute(ScrollToElementKeyword.groovy:68)&#xD;
	at com.kms.katalon.core.keyword.internal.KeywordExecutor.executeKeywordForPlatform(KeywordExecutor.groovy:56)&#xD;
	at com.kms.katalon.core.webui.keyword.WebUiBuiltInKeywords.scrollToElement(WebUiBuiltInKeywords.groovy:2975)&#xD;
	at com.kms.katalon.core.webui.keyword.WebUiBuiltInKeywords$scrollToElement$8.call(Unknown Source)&#xD;
	at filter_stm.run(filter_stm:42)&#xD;
	at com.kms.katalon.core.main.ScriptEngine.run(ScriptEngine.java:194)&#xD;
	at com.kms.katalon.core.main.ScriptEngine.runScriptAsRawText(ScriptEngine.java:119)&#xD;
	at com.kms.katalon.core.main.TestCaseExecutor.runScript(TestCaseExecutor.java:337)&#xD;
	at com.kms.katalon.core.main.TestCaseExecutor.doExecute(TestCaseExecutor.java:328)&#xD;
	at com.kms.katalon.core.main.TestCaseExecutor.processExecutionPhase(TestCaseExecutor.java:307)&#xD;
	at com.kms.katalon.core.main.TestCaseExecutor.accessMainPhase(TestCaseExecutor.java:299)&#xD;
	at com.kms.katalon.core.main.TestCaseExecutor.execute(TestCaseExecutor.java:233)&#xD;
	at com.kms.katalon.core.main.TestCaseMain.runTestCase(TestCaseMain.java:114)&#xD;
	at com.kms.katalon.core.keyword.builtin.CallTestCaseKeyword$_callTestCase_closure1.doCall(CallTestCaseKeyword.groovy:59)&#xD;
	... 20 more&#xD;
Caused by: com.kms.katalon.core.webui.exception.WebElementNotFoundException: Web element with id: 'Object Repository/mobileSanity/STM/STM Quote Page/a_Show Plans' located by 'By.xpath: //main/div[3]/div/div[3]/a' not found&#xD;
	at com.kms.katalon.core.webui.common.WebUiCommonHelper.findWebElement(WebUiCommonHelper.java:1097)&#xD;
	at com.kms.katalon.core.webui.keyword.internal.WebUIAbstractKeyword.findWebElement(WebUIAbstractKeyword.groovy:27)&#xD;
	at com.kms.katalon.core.webui.keyword.internal.WebUIAbstractKeyword.findWebElement(WebUIAbstractKeyword.groovy:26)&#xD;
	at com.kms.katalon.core.webui.keyword.builtin.ScrollToElementKeyword$_scrollToElement_closure1.doCall(ScrollToElementKeyword.groovy:79)&#xD;
	at com.kms.katalon.core.webui.keyword.builtin.ScrollToElementKeyword$_scrollToElement_closure1.call(ScrollToElementKeyword.groovy)&#xD;
	at com.kms.katalon.core.webui.keyword.internal.WebUIKeywordMain.runKeyword(WebUIKeywordMain.groovy:20)&#xD;
	... 35 more</system-err>
        </testcase>
        <testcase name="Test Cases/AHI/stm/Companion" classname="Test Cases/AHI/stm/Companion" status="PASSED">
            <system-out>2019-12-06 11:27:45 - [TEST_CASE][PASSED] - Test Cases/AHI/stm/Companion: Test Cases/AHI/stm/Companion&#xD;
&#xD;
2019-12-06 11:27:45 - [TEST_STEP][PASSED] - callTestCase(findTestCase("AHI/_include/get_screenPath"), ["productLine":"stm", "carrierName":"Companion"], CONTINUE_ON_FAILURE): Call Test Case 'Test Cases/AHI/_include/get_screenPath' successfully&#xD;
&#xD;
2019-12-06 11:27:45 - [TEST_CASE][PASSED] - Test Cases/AHI/_include/get_screenPath: Test Cases/AHI/_include/get_screenPath&#xD;
&#xD;
2019-12-06 11:27:45 - [TEST_STEP][PASSED] - m = getExecutionProperties(): null&#xD;
&#xD;
2019-12-06 11:27:45 - [TEST_STEP][PASSED] - deviceName = get("mobileEmulation").get("deviceName"): null&#xD;
&#xD;
2019-12-06 11:27:45 - [TEST_STEP][PASSED] - println(deviceName): null&#xD;
&#xD;
2019-12-06 11:27:45 - [TEST_STEP][PASSED] - now = new java.util.Date(): null&#xD;
&#xD;
2019-12-06 11:27:45 - [TEST_STEP][PASSED] - mydate = now.format("yyyyMMdd_HHmmss"): null&#xD;
&#xD;
2019-12-06 11:27:45 - [TEST_STEP][PASSED] - screenPath = "../Screenshots/": null&#xD;
&#xD;
2019-12-06 11:27:45 - [TEST_STEP][PASSED] - screenPath = screenPath + deviceName + "/" + productLine + "/" + carrierName + "/" + "standard" + "/": null&#xD;
&#xD;
2019-12-06 11:27:45 - [TEST_STEP][PASSED] - println(screenPath): null&#xD;
&#xD;
2019-12-06 11:27:45 - [MESSAGE][PASSED] - Call Test Case 'Test Cases/AHI/_include/get_screenPath' successfully&#xD;
&#xD;
2019-12-06 11:27:45 - [TEST_STEP][PASSED] - i = 0: null&#xD;
&#xD;
2019-12-06 11:27:45 - [TEST_STEP][PASSED] - callTestCase(findTestCase("AHI/_include/openWebSite"), [:], CONTINUE_ON_FAILURE): Call Test Case 'Test Cases/AHI/_include/openWebSite' successfully&#xD;
&#xD;
2019-12-06 11:27:45 - [TEST_CASE][PASSED] - Test Cases/AHI/_include/openWebSite: Test Cases/AHI/_include/openWebSite&#xD;
&#xD;
2019-12-06 11:27:45 - [TEST_STEP][PASSED] - openBrowser(env): Browser is opened with url: 'https://praetemptatus.agilehealthinsurance.com'&#xD;
&#xD;
2019-12-06 11:27:45 - [MESSAGE][WARNING] - A browser is already opened. Closing browser and opening a new one&#xD;
&#xD;
2019-12-06 11:27:46 - [MESSAGE][INFO] - Starting 'Chrome' driver&#xD;
&#xD;
2019-12-06 11:27:46 - [MESSAGE][INFO] - User set preference: ['mobileEmulation', '{deviceName=iPhone 6}']&#xD;
&#xD;
2019-12-06 11:27:46 - [MESSAGE][INFO] - User set preference: ['args', '[--incognito, --aggressive-cache-discard, --window-size=375,677, --no-sandbox]']&#xD;
&#xD;
2019-12-06 11:27:51 - [MESSAGE][PASSED] - Browser is opened with url: 'https://praetemptatus.agilehealthinsurance.com'&#xD;
&#xD;
2019-12-06 11:27:51 - [TEST_STEP][PASSED] - waitForPageLoad(20): Wait for page load successfully&#xD;
&#xD;
2019-12-06 11:27:51 - [MESSAGE][PASSED] - Wait for page load successfully&#xD;
&#xD;
2019-12-06 11:27:51 - [TEST_STEP][PASSED] - callTestCase(findTestCase("AHI/_include/get_screenshot"), [:], STOP_ON_FAILURE): Call Test Case 'Test Cases/AHI/_include/get_screenshot' successfully&#xD;
&#xD;
2019-12-06 11:27:51 - [TEST_CASE][PASSED] - Test Cases/AHI/_include/get_screenshot: Test Cases/AHI/_include/get_screenshot&#xD;
&#xD;
2019-12-06 11:27:51 - [TEST_STEP][PASSED] - takeScreenshot(screenPath + i + ".png"): Taking screenshot successfully&#xD;
&#xD;
2019-12-06 11:27:52 - [MESSAGE][PASSED] - Taking screenshot successfully&#xD;
[[ATTACHMENT|D:\\Test\\AgileTest\\AgileTest\\Reports\\AHI\\stm\\20191206_112427\\../Screenshots/iPhone 6/stm/Companion/standard/0.png]]&#xD;
&#xD;
2019-12-06 11:27:52 - [TEST_STEP][PASSED] - (internal.GlobalVariable.i++): null&#xD;
&#xD;
2019-12-06 11:27:52 - [MESSAGE][PASSED] - Call Test Case 'Test Cases/AHI/_include/get_screenshot' successfully&#xD;
&#xD;
2019-12-06 11:27:52 - [MESSAGE][PASSED] - Call Test Case 'Test Cases/AHI/_include/openWebSite' successfully&#xD;
&#xD;
2019-12-06 11:27:52 - [TEST_STEP][PASSED] - callTestCase(findTestCase("AHI/_include/census_stm"), [:], CONTINUE_ON_FAILURE): Call Test Case 'Test Cases/AHI/_include/census_stm' successfully&#xD;
&#xD;
2019-12-06 11:27:52 - [TEST_CASE][PASSED] - Test Cases/AHI/_include/census_stm: Test Cases/AHI/_include/census_stm&#xD;
&#xD;
2019-12-06 11:27:52 - [TEST_STEP][PASSED] - waitForElementClickable(findTestObject("mobileSanity/STM/Home Page/a_Quote  Save Today"), 10): Object 'Object Repository/mobileSanity/STM/Home Page/a_Quote  Save Today' is clickable&#xD;
&#xD;
2019-12-06 11:27:53 - [MESSAGE][PASSED] - Object 'Object Repository/mobileSanity/STM/Home Page/a_Quote  Save Today' is clickable&#xD;
&#xD;
2019-12-06 11:27:53 - [TEST_STEP][PASSED] - click(findTestObject("mobileSanity/STM/Home Page/a_Quote  Save Today")): Object: 'Object Repository/mobileSanity/STM/Home Page/a_Quote  Save Today' is clicked on&#xD;
&#xD;
2019-12-06 11:27:54 - [MESSAGE][PASSED] - Object: 'Object Repository/mobileSanity/STM/Home Page/a_Quote  Save Today' is clicked on&#xD;
&#xD;
2019-12-06 11:27:54 - [TEST_STEP][PASSED] - waitForPageLoad(10): Wait for page load successfully&#xD;
&#xD;
2019-12-06 11:27:54 - [MESSAGE][PASSED] - Wait for page load successfully&#xD;
&#xD;
2019-12-06 11:27:54 - [TEST_STEP][PASSED] - callTestCase(findTestCase("AHI/_include/get_screenshot"), [:], STOP_ON_FAILURE): Call Test Case 'Test Cases/AHI/_include/get_screenshot' successfully&#xD;
&#xD;
2019-12-06 11:27:54 - [TEST_CASE][PASSED] - Test Cases/AHI/_include/get_screenshot: Test Cases/AHI/_include/get_screenshot&#xD;
&#xD;
2019-12-06 11:27:54 - [TEST_STEP][PASSED] - takeScreenshot(screenPath + i + ".png"): Taking screenshot successfully&#xD;
&#xD;
2019-12-06 11:27:54 - [MESSAGE][PASSED] - Taking screenshot successfully&#xD;
[[ATTACHMENT|D:\\Test\\AgileTest\\AgileTest\\Reports\\AHI\\stm\\20191206_112427\\../Screenshots/iPhone 6/stm/Companion/standard/1.png]]&#xD;
&#xD;
2019-12-06 11:27:54 - [TEST_STEP][PASSED] - (internal.GlobalVariable.i++): null&#xD;
&#xD;
2019-12-06 11:27:54 - [MESSAGE][PASSED] - Call Test Case 'Test Cases/AHI/_include/get_screenshot' successfully&#xD;
&#xD;
2019-12-06 11:27:54 - [TEST_STEP][PASSED] - setText(findTestObject("mobileSanity/STM/STM Census Page/input_Location_zip-input"), zipcode): Text '35215' is set on object 'Object Repository/mobileSanity/STM/STM Census Page/input_Location_zip-input'&#xD;
&#xD;
2019-12-06 11:27:55 - [MESSAGE][PASSED] - Text '35215' is set on object 'Object Repository/mobileSanity/STM/STM Census Page/input_Location_zip-input'&#xD;
&#xD;
2019-12-06 11:27:55 - [TEST_STEP][PASSED] - Thread.sleep(500): null&#xD;
&#xD;
2019-12-06 11:27:55 - [TEST_STEP][PASSED] - setText(findTestObject("mobileSanity/STM/STM Census Page/input_Date of Birth_dob-0"), "03031987"): Text '03031987' is set on object 'Object Repository/mobileSanity/STM/STM Census Page/input_Date of Birth_dob-0'&#xD;
&#xD;
2019-12-06 11:27:55 - [MESSAGE][PASSED] - Text '03031987' is set on object 'Object Repository/mobileSanity/STM/STM Census Page/input_Date of Birth_dob-0'&#xD;
&#xD;
2019-12-06 11:27:55 - [TEST_STEP][PASSED] - click(findTestObject("mobileSanity/STM/STM Census Page/label_Male")): Object: 'Object Repository/mobileSanity/STM/STM Census Page/label_Male' is clicked on&#xD;
&#xD;
2019-12-06 11:27:56 - [MESSAGE][PASSED] - Object: 'Object Repository/mobileSanity/STM/STM Census Page/label_Male' is clicked on&#xD;
&#xD;
2019-12-06 11:27:56 - [TEST_STEP][PASSED] - click(findTestObject("mobileSanity/STM/STM Census Page/label_Compare Plans")): Object: 'Object Repository/mobileSanity/STM/STM Census Page/label_Compare Plans' is clicked on&#xD;
&#xD;
2019-12-06 11:27:56 - [MESSAGE][PASSED] - Object: 'Object Repository/mobileSanity/STM/STM Census Page/label_Compare Plans' is clicked on&#xD;
&#xD;
2019-12-06 11:27:56 - [TEST_STEP][PASSED] - waitForElementVisible(findTestObject("mobileSanity/STM/STM Quote Page/button_sort"), 20): Object 'Object Repository/mobileSanity/STM/STM Quote Page/button_sort' is visible&#xD;
&#xD;
2019-12-06 11:28:02 - [MESSAGE][PASSED] - Object 'Object Repository/mobileSanity/STM/STM Quote Page/button_sort' is visible&#xD;
&#xD;
2019-12-06 11:28:02 - [TEST_STEP][PASSED] - Thread.sleep(3000): null&#xD;
&#xD;
2019-12-06 11:28:05 - [TEST_STEP][PASSED] - callTestCase(findTestCase("AHI/_include/check_quoteleadform"), [:], STOP_ON_FAILURE): Call Test Case 'Test Cases/AHI/_include/check_quoteleadform' successfully&#xD;
&#xD;
2019-12-06 11:28:05 - [TEST_CASE][PASSED] - Test Cases/AHI/_include/check_quoteleadform: Test Cases/AHI/_include/check_quoteleadform&#xD;
&#xD;
2019-12-06 11:28:05 - [TEST_STEP][PASSED] - callTestCase(findTestCase("AHI/_include/name"), [:], CONTINUE_ON_FAILURE): Call Test Case 'Test Cases/AHI/_include/name' successfully&#xD;
&#xD;
2019-12-06 11:28:05 - [TEST_CASE][PASSED] - Test Cases/AHI/_include/name: Test Cases/AHI/_include/name&#xD;
&#xD;
2019-12-06 11:28:05 - [TEST_STEP][PASSED] - driver = getWebDriver(): null&#xD;
&#xD;
2019-12-06 11:28:05 - [TEST_STEP][PASSED] - selenium = new com.thoughtworks.selenium.webdriven.WebDriverBackedSelenium(driver, internal.GlobalVariable.ENV): null&#xD;
&#xD;
2019-12-06 11:28:05 - [TEST_STEP][PASSED] - FirstName = "Test-123": null&#xD;
&#xD;
2019-12-06 11:28:05 - [TEST_STEP][PASSED] - LastName = selenium.getEval("{var x="ABCDEFGHIJKLMNOPQRSTUVWXYZabcdefghijklmnopqrstuvwxyz"; var tmp="ZZ11-"; for (i=0;i&lt;8;i++) tmp+=x.charAt(Math.ceil(51*Math.random()));tmp;}"): null&#xD;
&#xD;
2019-12-06 11:28:05 - [TEST_STEP][PASSED] - Address = selenium.getEval("{var x="ABCDEFGHIJKLMNOPQRSTUVWXYZabcdefghijklmnopqrstuvwxyz"; var tmp=""; for (i=0;i&lt;8;i++) tmp+=x.charAt(Math.ceil(51*Math.random()));tmp;}"): null&#xD;
&#xD;
2019-12-06 11:28:05 - [TEST_STEP][PASSED] - City = selenium.getEval("{var x="ABCDEFGHIJKLMNOPQRSTUVWXYZabcdefghijklmnopqrstuvwxyz"; var tmp=""; for (i=0;i&lt;8;i++) tmp+=x.charAt(Math.ceil(51*Math.random()));tmp;}"): null&#xD;
&#xD;
2019-12-06 11:28:05 - [TEST_STEP][PASSED] - tel1 = selenium.getEval("{var x="123456789"; var tmp=""; for (i=0;i&lt;3;i++) tmp+=x.charAt(Math.ceil(8*Math.random()));tmp;}"): null&#xD;
&#xD;
2019-12-06 11:28:05 - [TEST_STEP][PASSED] - tel2 = selenium.getEval("{var x="123456789"; var tmp=""; for (i=0;i&lt;3;i++) tmp+=x.charAt(Math.ceil(8*Math.random()));tmp;}"): null&#xD;
&#xD;
2019-12-06 11:28:05 - [TEST_STEP][PASSED] - tel3 = selenium.getEval("{var x="123456789"; var tmp=""; for (i=0;i&lt;4;i++) tmp+=x.charAt(Math.ceil(8*Math.random()));tmp;}"): null&#xD;
&#xD;
2019-12-06 11:28:05 - [TEST_STEP][PASSED] - Tel = selenium.getExpression(tel1 + "-" + tel2 + "-" + tel3): null&#xD;
&#xD;
2019-12-06 11:28:05 - [TEST_STEP][PASSED] - AutoEmail = selenium.getEval("{var x="ABCDEFGHIJKLMNOPQRSTUVWXYZabcdefghijklmnopqrstuvwxyz"; var tmp="test."; for (i=0;i&lt;8;i++) tmp+=x.charAt(Math.ceil(51*Math.random()));tmp+="@suryani.cn";}"): null&#xD;
&#xD;
2019-12-06 11:28:05 - [TEST_STEP][PASSED] - FirstName = FirstName: null&#xD;
&#xD;
2019-12-06 11:28:05 - [TEST_STEP][PASSED] - LastName = LastName: null&#xD;
&#xD;
2019-12-06 11:28:05 - [TEST_STEP][PASSED] - Address = Address: null&#xD;
&#xD;
2019-12-06 11:28:05 - [TEST_STEP][PASSED] - City = City: null&#xD;
&#xD;
2019-12-06 11:28:05 - [TEST_STEP][PASSED] - Tel = Tel: null&#xD;
&#xD;
2019-12-06 11:28:05 - [TEST_STEP][PASSED] - AutoEmail = AutoEmail: null&#xD;
&#xD;
2019-12-06 11:28:05 - [TEST_STEP][PASSED] - println(FirstName): null&#xD;
&#xD;
2019-12-06 11:28:05 - [TEST_STEP][PASSED] - println(LastName): null&#xD;
&#xD;
2019-12-06 11:28:05 - [TEST_STEP][PASSED] - println(Address): null&#xD;
&#xD;
2019-12-06 11:28:05 - [TEST_STEP][PASSED] - println(City): null&#xD;
&#xD;
2019-12-06 11:28:05 - [TEST_STEP][PASSED] - println(Tel): null&#xD;
&#xD;
2019-12-06 11:28:05 - [TEST_STEP][PASSED] - println(AutoEmail): null&#xD;
&#xD;
2019-12-06 11:28:05 - [MESSAGE][PASSED] - Call Test Case 'Test Cases/AHI/_include/name' successfully&#xD;
&#xD;
2019-12-06 11:28:05 - [TEST_STEP][PASSED] - leadform_exist = test.MobileKeywords.isElementPresent_Web(findTestObject("mobileSanity/quote lead form/lead_form"), 20): test.MobileKeywords.isElementPresent_Web is PASSED&#xD;
&#xD;
2019-12-06 11:28:26 - [MESSAGE][INFO] - Unable to find the element located by 'By.xpath: //*[@id = 'lightboxLeadForm']'. Please recheck the objects properties to make sure the desired element is located. &#xD;
&#xD;
2019-12-06 11:28:26 - [MESSAGE][PASSED] - test.MobileKeywords.isElementPresent_Web is PASSED&#xD;
&#xD;
2019-12-06 11:28:26 - [TEST_STEP][PASSED] - if (leadform_exist): null&#xD;
&#xD;
2019-12-06 11:28:26 - [MESSAGE][PASSED] - Call Test Case 'Test Cases/AHI/_include/check_quoteleadform' successfully&#xD;
&#xD;
2019-12-06 11:28:26 - [TEST_STEP][PASSED] - callTestCase(findTestCase("AHI/_include/get_screenshot"), [:], STOP_ON_FAILURE): Call Test Case 'Test Cases/AHI/_include/get_screenshot' successfully&#xD;
&#xD;
2019-12-06 11:28:26 - [TEST_CASE][PASSED] - Test Cases/AHI/_include/get_screenshot: Test Cases/AHI/_include/get_screenshot&#xD;
&#xD;
2019-12-06 11:28:26 - [TEST_STEP][PASSED] - takeScreenshot(screenPath + i + ".png"): Taking screenshot successfully&#xD;
&#xD;
2019-12-06 11:28:26 - [MESSAGE][PASSED] - Taking screenshot successfully&#xD;
[[ATTACHMENT|D:\\Test\\AgileTest\\AgileTest\\Reports\\AHI\\stm\\20191206_112427\\../Screenshots/iPhone 6/stm/Companion/standard/2.png]]&#xD;
&#xD;
2019-12-06 11:28:26 - [TEST_STEP][PASSED] - (internal.GlobalVariable.i++): null&#xD;
&#xD;
2019-12-06 11:28:26 - [MESSAGE][PASSED] - Call Test Case 'Test Cases/AHI/_include/get_screenshot' successfully&#xD;
&#xD;
2019-12-06 11:28:26 - [TEST_STEP][PASSED] - Thread.sleep(1000): null&#xD;
&#xD;
2019-12-06 11:28:27 - [MESSAGE][PASSED] - Call Test Case 'Test Cases/AHI/_include/census_stm' successfully&#xD;
&#xD;
2019-12-06 11:28:27 - [TEST_STEP][PASSED] - callTestCase(findTestCase("AHI/_include/filter_stm"), ["carrier":"pivotcompanion"], STOP_ON_FAILURE): Call Test Case 'Test Cases/AHI/_include/filter_stm' successfully&#xD;
&#xD;
2019-12-06 11:28:28 - [TEST_CASE][PASSED] - Test Cases/AHI/_include/filter_stm: Test Cases/AHI/_include/filter_stm&#xD;
&#xD;
2019-12-06 11:28:28 - [TEST_STEP][PASSED] - driver = getWebDriver(): null&#xD;
&#xD;
2019-12-06 11:28:28 - [TEST_STEP][PASSED] - selenium = new com.thoughtworks.selenium.webdriven.WebDriverBackedSelenium(driver, internal.GlobalVariable.ENV): null&#xD;
&#xD;
2019-12-06 11:28:28 - [TEST_STEP][PASSED] - Thread.sleep(1000): null&#xD;
&#xD;
2019-12-06 11:28:29 - [TEST_STEP][PASSED] - click(findTestObject("mobileSanity/STM/STM Quote Page/button_filters")): Object: 'Object Repository/mobileSanity/STM/STM Quote Page/button_filters' is clicked on&#xD;
&#xD;
2019-12-06 11:28:29 - [MESSAGE][PASSED] - Object: 'Object Repository/mobileSanity/STM/STM Quote Page/button_filters' is clicked on&#xD;
&#xD;
2019-12-06 11:28:29 - [TEST_STEP][PASSED] - Thread.sleep(1000): null&#xD;
&#xD;
2019-12-06 11:28:30 - [TEST_STEP][PASSED] - click(findTestObject("mobileSanity/STM/STM Quote Page/i_Insurance company")): Object: 'Object Repository/mobileSanity/STM/STM Quote Page/i_Insurance company' is clicked on&#xD;
&#xD;
2019-12-06 11:28:30 - [MESSAGE][PASSED] - Object: 'Object Repository/mobileSanity/STM/STM Quote Page/i_Insurance company' is clicked on&#xD;
&#xD;
2019-12-06 11:28:30 - [TEST_STEP][PASSED] - Thread.sleep(1000): null&#xD;
&#xD;
2019-12-06 11:28:31 - [TEST_STEP][PASSED] - filter_carrier = "//input[@name='filter[carrier]' and @value='" + carrier + "']/following::label": null&#xD;
&#xD;
2019-12-06 11:28:31 - [TEST_STEP][PASSED] - println(filter_carrier): null&#xD;
&#xD;
2019-12-06 11:28:31 - [TEST_STEP][PASSED] - test.MobileKeywords.clickJS_ByXpath(filter_carrier): test.MobileKeywords.clickJS_ByXpath is PASSED&#xD;
&#xD;
2019-12-06 11:28:32 - [MESSAGE][PASSED] - Execute JavaScript 'arguments[0].click()' successfully&#xD;
&#xD;
2019-12-06 11:28:32 - [MESSAGE][PASSED] - test.MobileKeywords.clickJS_ByXpath is PASSED&#xD;
&#xD;
2019-12-06 11:28:32 - [TEST_STEP][PASSED] - scrollToElement(findTestObject("mobileSanity/STM/STM Quote Page/a_Show Plans"), 1000): Scroll to object 'Object Repository/mobileSanity/STM/STM Quote Page/a_Show Plans' successfully&#xD;
&#xD;
2019-12-06 11:28:32 - [MESSAGE][PASSED] - Scroll to object 'Object Repository/mobileSanity/STM/STM Quote Page/a_Show Plans' successfully&#xD;
&#xD;
2019-12-06 11:28:32 - [TEST_STEP][PASSED] - Thread.sleep(2000): null&#xD;
&#xD;
2019-12-06 11:28:34 - [TEST_STEP][PASSED] - click(findTestObject("mobileSanity/STM/STM Quote Page/a_Show Plans")): Object: 'Object Repository/mobileSanity/STM/STM Quote Page/a_Show Plans' is clicked on&#xD;
&#xD;
2019-12-06 11:28:34 - [MESSAGE][PASSED] - Object: 'Object Repository/mobileSanity/STM/STM Quote Page/a_Show Plans' is clicked on&#xD;
&#xD;
2019-12-06 11:28:34 - [TEST_STEP][PASSED] - waitForJQueryLoad(20, STOP_ON_FAILURE): jQuery is ready.&#xD;
&#xD;
2019-12-06 11:28:35 - [MESSAGE][PASSED] - jQuery is ready.&#xD;
&#xD;
2019-12-06 11:28:35 - [TEST_STEP][PASSED] - Thread.sleep(2000): null&#xD;
&#xD;
2019-12-06 11:28:37 - [TEST_STEP][PASSED] - callTestCase(findTestCase("AHI/_include/get_screenshot"), [:], STOP_ON_FAILURE): Call Test Case 'Test Cases/AHI/_include/get_screenshot' successfully&#xD;
&#xD;
2019-12-06 11:28:37 - [TEST_CASE][PASSED] - Test Cases/AHI/_include/get_screenshot: Test Cases/AHI/_include/get_screenshot&#xD;
&#xD;
2019-12-06 11:28:37 - [TEST_STEP][PASSED] - takeScreenshot(screenPath + i + ".png"): Taking screenshot successfully&#xD;
&#xD;
2019-12-06 11:28:37 - [MESSAGE][PASSED] - Taking screenshot successfully&#xD;
[[ATTACHMENT|D:\\Test\\AgileTest\\AgileTest\\Reports\\AHI\\stm\\20191206_112427\\../Screenshots/iPhone 6/stm/Companion/standard/3.png]]&#xD;
&#xD;
2019-12-06 11:28:37 - [TEST_STEP][PASSED] - (internal.GlobalVariable.i++): null&#xD;
&#xD;
2019-12-06 11:28:37 - [MESSAGE][PASSED] - Call Test Case 'Test Cases/AHI/_include/get_screenshot' successfully&#xD;
&#xD;
2019-12-06 11:28:37 - [MESSAGE][PASSED] - Call Test Case 'Test Cases/AHI/_include/filter_stm' successfully&#xD;
&#xD;
2019-12-06 11:28:37 - [TEST_STEP][PASSED] - callTestCase(findTestCase("AHI/_include/goToDetail_stm"), ["carrier":"pivot-health-choice"], STOP_ON_FAILURE): Call Test Case 'Test Cases/AHI/_include/goToDetail_stm' successfully&#xD;
&#xD;
2019-12-06 11:28:37 - [TEST_CASE][PASSED] - Test Cases/AHI/_include/goToDetail_stm: Test Cases/AHI/_include/goToDetail_stm&#xD;
&#xD;
2019-12-06 11:28:37 - [TEST_STEP][PASSED] - driver = getWebDriver(): null&#xD;
&#xD;
2019-12-06 11:28:37 - [TEST_STEP][PASSED] - selenium = new com.thoughtworks.selenium.webdriven.WebDriverBackedSelenium(driver, internal.GlobalVariable.ENV): null&#xD;
&#xD;
2019-12-06 11:28:37 - [TEST_STEP][PASSED] - a_plan_name = "xpath=//a[contains(@href,'/term-health-insurance/plan/" + carrier + "')]": null&#xD;
&#xD;
2019-12-06 11:28:37 - [TEST_STEP][PASSED] - println(a_plan_name): null&#xD;
&#xD;
2019-12-06 11:28:37 - [TEST_STEP][PASSED] - selenium.click(a_plan_name): null&#xD;
&#xD;
2019-12-06 11:28:49 - [TEST_STEP][PASSED] - waitForPageLoad(20): Wait for page load successfully&#xD;
&#xD;
2019-12-06 11:28:49 - [MESSAGE][PASSED] - Wait for page load successfully&#xD;
&#xD;
2019-12-06 11:28:49 - [TEST_STEP][PASSED] - Thread.sleep(2000): null&#xD;
&#xD;
2019-12-06 11:28:51 - [TEST_STEP][PASSED] - callTestCase(findTestCase("AHI/_include/get_screenshot"), [:], STOP_ON_FAILURE): Call Test Case 'Test Cases/AHI/_include/get_screenshot' successfully&#xD;
&#xD;
2019-12-06 11:28:51 - [TEST_CASE][PASSED] - Test Cases/AHI/_include/get_screenshot: Test Cases/AHI/_include/get_screenshot&#xD;
&#xD;
2019-12-06 11:28:51 - [TEST_STEP][PASSED] - takeScreenshot(screenPath + i + ".png"): Taking screenshot successfully&#xD;
&#xD;
2019-12-06 11:28:52 - [MESSAGE][PASSED] - Taking screenshot successfully&#xD;
[[ATTACHMENT|D:\\Test\\AgileTest\\AgileTest\\Reports\\AHI\\stm\\20191206_112427\\../Screenshots/iPhone 6/stm/Companion/standard/4.png]]&#xD;
&#xD;
2019-12-06 11:28:52 - [TEST_STEP][PASSED] - (internal.GlobalVariable.i++): null&#xD;
&#xD;
2019-12-06 11:28:52 - [MESSAGE][PASSED] - Call Test Case 'Test Cases/AHI/_include/get_screenshot' successfully&#xD;
&#xD;
2019-12-06 11:28:52 - [MESSAGE][PASSED] - Call Test Case 'Test Cases/AHI/_include/goToDetail_stm' successfully&#xD;
&#xD;
2019-12-06 11:28:52 - [TEST_STEP][PASSED] - callTestCase(findTestCase("AHI/_include/apply_stm"), [:], STOP_ON_FAILURE): Call Test Case 'Test Cases/AHI/_include/apply_stm' successfully&#xD;
&#xD;
2019-12-06 11:28:52 - [TEST_CASE][PASSED] - Test Cases/AHI/_include/apply_stm: Test Cases/AHI/_include/apply_stm&#xD;
&#xD;
2019-12-06 11:28:52 - [TEST_STEP][PASSED] - waitForElementVisible(findTestObject("mobileSanity/STM/STM PlanDetail Page/a_Apply for This Plan"), 5): Object 'Object Repository/mobileSanity/STM/STM PlanDetail Page/a_Apply for This Plan' is visible&#xD;
&#xD;
2019-12-06 11:28:52 - [MESSAGE][PASSED] - Object 'Object Repository/mobileSanity/STM/STM PlanDetail Page/a_Apply for This Plan' is visible&#xD;
&#xD;
2019-12-06 11:28:52 - [TEST_STEP][PASSED] - click(findTestObject("mobileSanity/STM/STM PlanDetail Page/a_Apply for This Plan")): Object: 'Object Repository/mobileSanity/STM/STM PlanDetail Page/a_Apply for This Plan' is clicked on&#xD;
&#xD;
2019-12-06 11:28:53 - [MESSAGE][PASSED] - Object: 'Object Repository/mobileSanity/STM/STM PlanDetail Page/a_Apply for This Plan' is clicked on&#xD;
&#xD;
2019-12-06 11:28:53 - [TEST_STEP][PASSED] - waitForPageLoad(10): Wait for page load successfully&#xD;
&#xD;
2019-12-06 11:28:53 - [MESSAGE][PASSED] - Wait for page load successfully&#xD;
&#xD;
2019-12-06 11:28:53 - [TEST_STEP][PASSED] - Thread.sleep(2000): null&#xD;
&#xD;
2019-12-06 11:28:55 - [TEST_STEP][PASSED] - callTestCase(findTestCase("AHI/_include/get_screenshot"), [:], STOP_ON_FAILURE): Call Test Case 'Test Cases/AHI/_include/get_screenshot' successfully&#xD;
&#xD;
2019-12-06 11:28:55 - [TEST_CASE][PASSED] - Test Cases/AHI/_include/get_screenshot: Test Cases/AHI/_include/get_screenshot&#xD;
&#xD;
2019-12-06 11:28:55 - [TEST_STEP][PASSED] - takeScreenshot(screenPath + i + ".png"): Taking screenshot successfully&#xD;
&#xD;
2019-12-06 11:28:56 - [MESSAGE][PASSED] - Taking screenshot successfully&#xD;
[[ATTACHMENT|D:\\Test\\AgileTest\\AgileTest\\Reports\\AHI\\stm\\20191206_112427\\../Screenshots/iPhone 6/stm/Companion/standard/5.png]]&#xD;
&#xD;
2019-12-06 11:28:56 - [TEST_STEP][PASSED] - (internal.GlobalVariable.i++): null&#xD;
&#xD;
2019-12-06 11:28:56 - [MESSAGE][PASSED] - Call Test Case 'Test Cases/AHI/_include/get_screenshot' successfully&#xD;
&#xD;
2019-12-06 11:28:56 - [TEST_STEP][PASSED] - waitForElementVisible(findTestObject("mobileSanity/STM/STM Apply Page/a_Start Secure Application"), 5): Object 'Object Repository/mobileSanity/STM/STM Apply Page/a_Start Secure Application' is visible&#xD;
&#xD;
2019-12-06 11:28:56 - [MESSAGE][PASSED] - Object 'Object Repository/mobileSanity/STM/STM Apply Page/a_Start Secure Application' is visible&#xD;
&#xD;
2019-12-06 11:28:56 - [TEST_STEP][PASSED] - click(findTestObject("mobileSanity/STM/STM Apply Page/a_Start Secure Application")): Object: 'Object Repository/mobileSanity/STM/STM Apply Page/a_Start Secure Application' is clicked on&#xD;
&#xD;
2019-12-06 11:28:57 - [MESSAGE][PASSED] - Object: 'Object Repository/mobileSanity/STM/STM Apply Page/a_Start Secure Application' is clicked on&#xD;
&#xD;
2019-12-06 11:28:57 - [TEST_STEP][PASSED] - waitForPageLoad(20): Wait for page load successfully&#xD;
&#xD;
2019-12-06 11:28:58 - [MESSAGE][PASSED] - Wait for page load successfully&#xD;
&#xD;
2019-12-06 11:28:58 - [TEST_STEP][PASSED] - Thread.sleep(2000): null&#xD;
&#xD;
2019-12-06 11:29:00 - [TEST_STEP][PASSED] - callTestCase(findTestCase("AHI/_include/get_screenshot"), [:], STOP_ON_FAILURE): Call Test Case 'Test Cases/AHI/_include/get_screenshot' successfully&#xD;
&#xD;
2019-12-06 11:29:00 - [TEST_CASE][PASSED] - Test Cases/AHI/_include/get_screenshot: Test Cases/AHI/_include/get_screenshot&#xD;
&#xD;
2019-12-06 11:29:00 - [TEST_STEP][PASSED] - takeScreenshot(screenPath + i + ".png"): Taking screenshot successfully&#xD;
&#xD;
2019-12-06 11:29:00 - [MESSAGE][PASSED] - Taking screenshot successfully&#xD;
[[ATTACHMENT|D:\\Test\\AgileTest\\AgileTest\\Reports\\AHI\\stm\\20191206_112427\\../Screenshots/iPhone 6/stm/Companion/standard/6.png]]&#xD;
&#xD;
2019-12-06 11:29:00 - [TEST_STEP][PASSED] - (internal.GlobalVariable.i++): null&#xD;
&#xD;
2019-12-06 11:29:00 - [MESSAGE][PASSED] - Call Test Case 'Test Cases/AHI/_include/get_screenshot' successfully&#xD;
&#xD;
2019-12-06 11:29:00 - [MESSAGE][PASSED] - Call Test Case 'Test Cases/AHI/_include/apply_stm' successfully&#xD;
&#xD;
2019-12-06 11:29:00 - [TEST_STEP][PASSED] - callTestCase(findTestCase("AHI/_include/goToEnd_stm_autofill"), [:], STOP_ON_FAILURE): Call Test Case 'Test Cases/AHI/_include/goToEnd_stm_autofill' successfully&#xD;
&#xD;
2019-12-06 11:29:00 - [TEST_CASE][PASSED] - Test Cases/AHI/_include/goToEnd_stm_autofill: Test Cases/AHI/_include/goToEnd_stm_autofill&#xD;
&#xD;
2019-12-06 11:29:00 - [TEST_STEP][PASSED] - callTestCase(findTestCase("AHI/_include/name"), [:], CONTINUE_ON_FAILURE): Call Test Case 'Test Cases/AHI/_include/name' successfully&#xD;
&#xD;
2019-12-06 11:29:00 - [TEST_CASE][PASSED] - Test Cases/AHI/_include/name: Test Cases/AHI/_include/name&#xD;
&#xD;
2019-12-06 11:29:00 - [TEST_STEP][PASSED] - driver = getWebDriver(): null&#xD;
&#xD;
2019-12-06 11:29:00 - [TEST_STEP][PASSED] - selenium = new com.thoughtworks.selenium.webdriven.WebDriverBackedSelenium(driver, internal.GlobalVariable.ENV): null&#xD;
&#xD;
2019-12-06 11:29:00 - [TEST_STEP][PASSED] - FirstName = "Test-123": null&#xD;
&#xD;
2019-12-06 11:29:00 - [TEST_STEP][PASSED] - LastName = selenium.getEval("{var x="ABCDEFGHIJKLMNOPQRSTUVWXYZabcdefghijklmnopqrstuvwxyz"; var tmp="ZZ11-"; for (i=0;i&lt;8;i++) tmp+=x.charAt(Math.ceil(51*Math.random()));tmp;}"): null&#xD;
&#xD;
2019-12-06 11:29:00 - [TEST_STEP][PASSED] - Address = selenium.getEval("{var x="ABCDEFGHIJKLMNOPQRSTUVWXYZabcdefghijklmnopqrstuvwxyz"; var tmp=""; for (i=0;i&lt;8;i++) tmp+=x.charAt(Math.ceil(51*Math.random()));tmp;}"): null&#xD;
&#xD;
2019-12-06 11:29:00 - [TEST_STEP][PASSED] - City = selenium.getEval("{var x="ABCDEFGHIJKLMNOPQRSTUVWXYZabcdefghijklmnopqrstuvwxyz"; var tmp=""; for (i=0;i&lt;8;i++) tmp+=x.charAt(Math.ceil(51*Math.random()));tmp;}"): null&#xD;
&#xD;
2019-12-06 11:29:00 - [TEST_STEP][PASSED] - tel1 = selenium.getEval("{var x="123456789"; var tmp=""; for (i=0;i&lt;3;i++) tmp+=x.charAt(Math.ceil(8*Math.random()));tmp;}"): null&#xD;
&#xD;
2019-12-06 11:29:00 - [TEST_STEP][PASSED] - tel2 = selenium.getEval("{var x="123456789"; var tmp=""; for (i=0;i&lt;3;i++) tmp+=x.charAt(Math.ceil(8*Math.random()));tmp;}"): null&#xD;
&#xD;
2019-12-06 11:29:00 - [TEST_STEP][PASSED] - tel3 = selenium.getEval("{var x="123456789"; var tmp=""; for (i=0;i&lt;4;i++) tmp+=x.charAt(Math.ceil(8*Math.random()));tmp;}"): null&#xD;
&#xD;
2019-12-06 11:29:00 - [TEST_STEP][PASSED] - Tel = selenium.getExpression(tel1 + "-" + tel2 + "-" + tel3): null&#xD;
&#xD;
2019-12-06 11:29:00 - [TEST_STEP][PASSED] - AutoEmail = selenium.getEval("{var x="ABCDEFGHIJKLMNOPQRSTUVWXYZabcdefghijklmnopqrstuvwxyz"; var tmp="test."; for (i=0;i&lt;8;i++) tmp+=x.charAt(Math.ceil(51*Math.random()));tmp+="@suryani.cn";}"): null&#xD;
&#xD;
2019-12-06 11:29:00 - [TEST_STEP][PASSED] - FirstName = FirstName: null&#xD;
&#xD;
2019-12-06 11:29:00 - [TEST_STEP][PASSED] - LastName = LastName: null&#xD;
&#xD;
2019-12-06 11:29:00 - [TEST_STEP][PASSED] - Address = Address: null&#xD;
&#xD;
2019-12-06 11:29:00 - [TEST_STEP][PASSED] - City = City: null&#xD;
&#xD;
2019-12-06 11:29:00 - [TEST_STEP][PASSED] - Tel = Tel: null&#xD;
&#xD;
2019-12-06 11:29:00 - [TEST_STEP][PASSED] - AutoEmail = AutoEmail: null&#xD;
&#xD;
2019-12-06 11:29:00 - [TEST_STEP][PASSED] - println(FirstName): null&#xD;
&#xD;
2019-12-06 11:29:00 - [TEST_STEP][PASSED] - println(LastName): null&#xD;
&#xD;
2019-12-06 11:29:00 - [TEST_STEP][PASSED] - println(Address): null&#xD;
&#xD;
2019-12-06 11:29:00 - [TEST_STEP][PASSED] - println(City): null&#xD;
&#xD;
2019-12-06 11:29:00 - [TEST_STEP][PASSED] - println(Tel): null&#xD;
&#xD;
2019-12-06 11:29:00 - [TEST_STEP][PASSED] - println(AutoEmail): null&#xD;
&#xD;
2019-12-06 11:29:01 - [MESSAGE][PASSED] - Call Test Case 'Test Cases/AHI/_include/name' successfully&#xD;
&#xD;
2019-12-06 11:29:01 - [TEST_STEP][FAILED] - try: Unable to verify text 'Month Duration Acknowledgement' is present  (Root cause: com.kms.katalon.core.exception.StepFailedException: Unable to verify text 'Month Duration Acknowledgement' is present &#xD;
	at com.kms.katalon.core.webui.keyword.internal.WebUIKeywordMain.stepFailed(WebUIKeywordMain.groovy:64)&#xD;
	at com.kms.katalon.core.webui.keyword.internal.WebUIKeywordMain.runKeyword(WebUIKeywordMain.groovy:26)&#xD;
	at com.kms.katalon.core.webui.keyword.builtin.VerifyTextPresentKeyword.verifyTextPresent(VerifyTextPresentKeyword.groovy:83)&#xD;
	at com.kms.katalon.core.webui.keyword.builtin.VerifyTextPresentKeyword.execute(VerifyTextPresentKeyword.groovy:68)&#xD;
	at com.kms.katalon.core.keyword.internal.KeywordExecutor.executeKeywordForPlatform(KeywordExecutor.groovy:56)&#xD;
	at com.kms.katalon.core.webui.keyword.WebUiBuiltInKeywords.verifyTextPresent(WebUiBuiltInKeywords.groovy:1693)&#xD;
	at com.kms.katalon.core.webui.keyword.WebUiBuiltInKeywords$verifyTextPresent$10.call(Unknown Source)&#xD;
	at goToEnd_stm_autofill.run(goToEnd_stm_autofill:19)&#xD;
	at com.kms.katalon.core.main.ScriptEngine.run(ScriptEngine.java:194)&#xD;
	at com.kms.katalon.core.main.ScriptEngine.runScriptAsRawText(ScriptEngine.java:119)&#xD;
	at com.kms.katalon.core.main.TestCaseExecutor.runScript(TestCaseExecutor.java:337)&#xD;
	at com.kms.katalon.core.main.TestCaseExecutor.doExecute(TestCaseExecutor.java:328)&#xD;
	at com.kms.katalon.core.main.TestCaseExecutor.processExecutionPhase(TestCaseExecutor.java:307)&#xD;
	at com.kms.katalon.core.main.TestCaseExecutor.accessMainPhase(TestCaseExecutor.java:299)&#xD;
	at com.kms.katalon.core.main.TestCaseExecutor.execute(TestCaseExecutor.java:233)&#xD;
	at com.kms.katalon.core.main.TestCaseMain.runTestCase(TestCaseMain.java:114)&#xD;
	at com.kms.katalon.core.keyword.builtin.CallTestCaseKeyword$_callTestCase_closure1.doCall(CallTestCaseKeyword.groovy:59)&#xD;
	at com.kms.katalon.core.keyword.builtin.CallTestCaseKeyword$_callTestCase_closure1.call(CallTestCaseKeyword.groovy)&#xD;
	at com.kms.katalon.core.keyword.internal.KeywordMain.runKeyword(KeywordMain.groovy:68)&#xD;
	at com.kms.katalon.core.keyword.builtin.CallTestCaseKeyword.callTestCase(CallTestCaseKeyword.groovy:81)&#xD;
	at com.kms.katalon.core.keyword.builtin.CallTestCaseKeyword.execute(CallTestCaseKeyword.groovy:44)&#xD;
	at com.kms.katalon.core.keyword.internal.KeywordExecutor.executeKeywordForPlatform(KeywordExecutor.groovy:56)&#xD;
	at com.kms.katalon.core.keyword.BuiltinKeywords.callTestCase(BuiltinKeywords.groovy:334)&#xD;
	at Companion.run(Companion:31)&#xD;
	at com.kms.katalon.core.main.ScriptEngine.run(ScriptEngine.java:194)&#xD;
	at com.kms.katalon.core.main.ScriptEngine.runScriptAsRawText(ScriptEngine.java:119)&#xD;
	at com.kms.katalon.core.main.TestCaseExecutor.runScript(TestCaseExecutor.java:337)&#xD;
	at com.kms.katalon.core.main.TestCaseExecutor.doExecute(TestCaseExecutor.java:328)&#xD;
	at com.kms.katalon.core.main.TestCaseExecutor.processExecutionPhase(TestCaseExecutor.java:307)&#xD;
	at com.kms.katalon.core.main.TestCaseExecutor.accessMainPhase(TestCaseExecutor.java:299)&#xD;
	at com.kms.katalon.core.main.TestCaseExecutor.execute(TestCaseExecutor.java:233)&#xD;
	at com.kms.katalon.core.main.TestSuiteExecutor.accessTestCaseMainPhase(TestSuiteExecutor.java:133)&#xD;
	at com.kms.katalon.core.main.TestSuiteExecutor.accessTestSuiteMainPhase(TestSuiteExecutor.java:116)&#xD;
	at com.kms.katalon.core.main.TestSuiteExecutor.execute(TestSuiteExecutor.java:83)&#xD;
	at com.kms.katalon.core.main.TestCaseMain.startTestSuite(TestCaseMain.java:157)&#xD;
	at com.kms.katalon.core.main.TestCaseMain$startTestSuite$0.call(Unknown Source)&#xD;
	at TempTestSuite1575602667225.run(TempTestSuite1575602667225.groovy:35)&#xD;
Caused by: com.kms.katalon.core.exception.StepFailedException: Text 'Month Duration Acknowledgement' is not present on page &#xD;
	at com.kms.katalon.core.webui.keyword.internal.WebUIKeywordMain.stepFailed(WebUIKeywordMain.groovy:64)&#xD;
	at com.kms.katalon.core.webui.keyword.builtin.VerifyTextPresentKeyword$_verifyTextPresent_closure1.doCall(VerifyTextPresentKeyword.groovy:79)&#xD;
	at com.kms.katalon.core.webui.keyword.builtin.VerifyTextPresentKeyword$_verifyTextPresent_closure1.call(VerifyTextPresentKeyword.groovy)&#xD;
	at com.kms.katalon.core.webui.keyword.internal.WebUIKeywordMain.runKeyword(WebUIKeywordMain.groovy:20)&#xD;
	... 35 more&#xD;
)&#xD;
&#xD;
2019-12-06 11:29:01 - [TEST_STEP][FAILED] - if (verifyTextPresent("Month Duration Acknowledgement", false)): Unable to verify text 'Month Duration Acknowledgement' is present  (Root cause: com.kms.katalon.core.exception.StepFailedException: Unable to verify text 'Month Duration Acknowledgement' is present &#xD;
	at com.kms.katalon.core.webui.keyword.internal.WebUIKeywordMain.stepFailed(WebUIKeywordMain.groovy:64)&#xD;
	at com.kms.katalon.core.webui.keyword.internal.WebUIKeywordMain.runKeyword(WebUIKeywordMain.groovy:26)&#xD;
	at com.kms.katalon.core.webui.keyword.builtin.VerifyTextPresentKeyword.verifyTextPresent(VerifyTextPresentKeyword.groovy:83)&#xD;
	at com.kms.katalon.core.webui.keyword.builtin.VerifyTextPresentKeyword.execute(VerifyTextPresentKeyword.groovy:68)&#xD;
	at com.kms.katalon.core.keyword.internal.KeywordExecutor.executeKeywordForPlatform(KeywordExecutor.groovy:56)&#xD;
	at com.kms.katalon.core.webui.keyword.WebUiBuiltInKeywords.verifyTextPresent(WebUiBuiltInKeywords.groovy:1693)&#xD;
	at com.kms.katalon.core.webui.keyword.WebUiBuiltInKeywords$verifyTextPresent$10.call(Unknown Source)&#xD;
	at goToEnd_stm_autofill.run(goToEnd_stm_autofill:19)&#xD;
	at com.kms.katalon.core.main.ScriptEngine.run(ScriptEngine.java:194)&#xD;
	at com.kms.katalon.core.main.ScriptEngine.runScriptAsRawText(ScriptEngine.java:119)&#xD;
	at com.kms.katalon.core.main.TestCaseExecutor.runScript(TestCaseExecutor.java:337)&#xD;
	at com.kms.katalon.core.main.TestCaseExecutor.doExecute(TestCaseExecutor.java:328)&#xD;
	at com.kms.katalon.core.main.TestCaseExecutor.processExecutionPhase(TestCaseExecutor.java:307)&#xD;
	at com.kms.katalon.core.main.TestCaseExecutor.accessMainPhase(TestCaseExecutor.java:299)&#xD;
	at com.kms.katalon.core.main.TestCaseExecutor.execute(TestCaseExecutor.java:233)&#xD;
	at com.kms.katalon.core.main.TestCaseMain.runTestCase(TestCaseMain.java:114)&#xD;
	at com.kms.katalon.core.keyword.builtin.CallTestCaseKeyword$_callTestCase_closure1.doCall(CallTestCaseKeyword.groovy:59)&#xD;
	at com.kms.katalon.core.keyword.builtin.CallTestCaseKeyword$_callTestCase_closure1.call(CallTestCaseKeyword.groovy)&#xD;
	at com.kms.katalon.core.keyword.internal.KeywordMain.runKeyword(KeywordMain.groovy:68)&#xD;
	at com.kms.katalon.core.keyword.builtin.CallTestCaseKeyword.callTestCase(CallTestCaseKeyword.groovy:81)&#xD;
	at com.kms.katalon.core.keyword.builtin.CallTestCaseKeyword.execute(CallTestCaseKeyword.groovy:44)&#xD;
	at com.kms.katalon.core.keyword.internal.KeywordExecutor.executeKeywordForPlatform(KeywordExecutor.groovy:56)&#xD;
	at com.kms.katalon.core.keyword.BuiltinKeywords.callTestCase(BuiltinKeywords.groovy:334)&#xD;
	at Companion.run(Companion:31)&#xD;
	at com.kms.katalon.core.main.ScriptEngine.run(ScriptEngine.java:194)&#xD;
	at com.kms.katalon.core.main.ScriptEngine.runScriptAsRawText(ScriptEngine.java:119)&#xD;
	at com.kms.katalon.core.main.TestCaseExecutor.runScript(TestCaseExecutor.java:337)&#xD;
	at com.kms.katalon.core.main.TestCaseExecutor.doExecute(TestCaseExecutor.java:328)&#xD;
	at com.kms.katalon.core.main.TestCaseExecutor.processExecutionPhase(TestCaseExecutor.java:307)&#xD;
	at com.kms.katalon.core.main.TestCaseExecutor.accessMainPhase(TestCaseExecutor.java:299)&#xD;
	at com.kms.katalon.core.main.TestCaseExecutor.execute(TestCaseExecutor.java:233)&#xD;
	at com.kms.katalon.core.main.TestSuiteExecutor.accessTestCaseMainPhase(TestSuiteExecutor.java:133)&#xD;
	at com.kms.katalon.core.main.TestSuiteExecutor.accessTestSuiteMainPhase(TestSuiteExecutor.java:116)&#xD;
	at com.kms.katalon.core.main.TestSuiteExecutor.execute(TestSuiteExecutor.java:83)&#xD;
	at com.kms.katalon.core.main.TestCaseMain.startTestSuite(TestCaseMain.java:157)&#xD;
	at com.kms.katalon.core.main.TestCaseMain$startTestSuite$0.call(Unknown Source)&#xD;
	at TempTestSuite1575602667225.run(TempTestSuite1575602667225.groovy:35)&#xD;
Caused by: com.kms.katalon.core.exception.StepFailedException: Text 'Month Duration Acknowledgement' is not present on page &#xD;
	at com.kms.katalon.core.webui.keyword.internal.WebUIKeywordMain.stepFailed(WebUIKeywordMain.groovy:64)&#xD;
	at com.kms.katalon.core.webui.keyword.builtin.VerifyTextPresentKeyword$_verifyTextPresent_closure1.doCall(VerifyTextPresentKeyword.groovy:79)&#xD;
	at com.kms.katalon.core.webui.keyword.builtin.VerifyTextPresentKeyword$_verifyTextPresent_closure1.call(VerifyTextPresentKeyword.groovy)&#xD;
	at com.kms.katalon.core.webui.keyword.internal.WebUIKeywordMain.runKeyword(WebUIKeywordMain.groovy:20)&#xD;
	... 35 more&#xD;
)&#xD;
&#xD;
2019-12-06 11:29:01 - [MESSAGE][FAILED] - Text 'Month Duration Acknowledgement' is not present on page  (Root cause: com.kms.katalon.core.exception.StepFailedException: Text 'Month Duration Acknowledgement' is not present on page &#xD;
	at com.kms.katalon.core.webui.keyword.internal.WebUIKeywordMain.stepFailed(WebUIKeywordMain.groovy:64)&#xD;
	at com.kms.katalon.core.webui.keyword.builtin.VerifyTextPresentKeyword$_verifyTextPresent_closure1.doCall(VerifyTextPresentKeyword.groovy:79)&#xD;
	at com.kms.katalon.core.webui.keyword.builtin.VerifyTextPresentKeyword$_verifyTextPresent_closure1.call(VerifyTextPresentKeyword.groovy)&#xD;
	at com.kms.katalon.core.webui.keyword.internal.WebUIKeywordMain.runKeyword(WebUIKeywordMain.groovy:20)&#xD;
	at com.kms.katalon.core.webui.keyword.builtin.VerifyTextPresentKeyword.verifyTextPresent(VerifyTextPresentKeyword.groovy:83)&#xD;
	at com.kms.katalon.core.webui.keyword.builtin.VerifyTextPresentKeyword.execute(VerifyTextPresentKeyword.groovy:68)&#xD;
	at com.kms.katalon.core.keyword.internal.KeywordExecutor.executeKeywordForPlatform(KeywordExecutor.groovy:56)&#xD;
	at com.kms.katalon.core.webui.keyword.WebUiBuiltInKeywords.verifyTextPresent(WebUiBuiltInKeywords.groovy:1693)&#xD;
	at com.kms.katalon.core.webui.keyword.WebUiBuiltInKeywords$verifyTextPresent$10.call(Unknown Source)&#xD;
	at goToEnd_stm_autofill.run(goToEnd_stm_autofill:19)&#xD;
	at com.kms.katalon.core.main.ScriptEngine.run(ScriptEngine.java:194)&#xD;
	at com.kms.katalon.core.main.ScriptEngine.runScriptAsRawText(ScriptEngine.java:119)&#xD;
	at com.kms.katalon.core.main.TestCaseExecutor.runScript(TestCaseExecutor.java:337)&#xD;
	at com.kms.katalon.core.main.TestCaseExecutor.doExecute(TestCaseExecutor.java:328)&#xD;
	at com.kms.katalon.core.main.TestCaseExecutor.processExecutionPhase(TestCaseExecutor.java:307)&#xD;
	at com.kms.katalon.core.main.TestCaseExecutor.accessMainPhase(TestCaseExecutor.java:299)&#xD;
	at com.kms.katalon.core.main.TestCaseExecutor.execute(TestCaseExecutor.java:233)&#xD;
	at com.kms.katalon.core.main.TestCaseMain.runTestCase(TestCaseMain.java:114)&#xD;
	at com.kms.katalon.core.keyword.builtin.CallTestCaseKeyword$_callTestCase_closure1.doCall(CallTestCaseKeyword.groovy:59)&#xD;
	at com.kms.katalon.core.keyword.builtin.CallTestCaseKeyword$_callTestCase_closure1.call(CallTestCaseKeyword.groovy)&#xD;
	at com.kms.katalon.core.keyword.internal.KeywordMain.runKeyword(KeywordMain.groovy:68)&#xD;
	at com.kms.katalon.core.keyword.builtin.CallTestCaseKeyword.callTestCase(CallTestCaseKeyword.groovy:81)&#xD;
	at com.kms.katalon.core.keyword.builtin.CallTestCaseKeyword.execute(CallTestCaseKeyword.groovy:44)&#xD;
	at com.kms.katalon.core.keyword.internal.KeywordExecutor.executeKeywordForPlatform(KeywordExecutor.groovy:56)&#xD;
	at com.kms.katalon.core.keyword.BuiltinKeywords.callTestCase(BuiltinKeywords.groovy:334)&#xD;
	at Companion.run(Companion:31)&#xD;
	at com.kms.katalon.core.main.ScriptEngine.run(ScriptEngine.java:194)&#xD;
	at com.kms.katalon.core.main.ScriptEngine.runScriptAsRawText(ScriptEngine.java:119)&#xD;
	at com.kms.katalon.core.main.TestCaseExecutor.runScript(TestCaseExecutor.java:337)&#xD;
	at com.kms.katalon.core.main.TestCaseExecutor.doExecute(TestCaseExecutor.java:328)&#xD;
	at com.kms.katalon.core.main.TestCaseExecutor.processExecutionPhase(TestCaseExecutor.java:307)&#xD;
	at com.kms.katalon.core.main.TestCaseExecutor.accessMainPhase(TestCaseExecutor.java:299)&#xD;
	at com.kms.katalon.core.main.TestCaseExecutor.execute(TestCaseExecutor.java:233)&#xD;
	at com.kms.katalon.core.main.TestSuiteExecutor.accessTestCaseMainPhase(TestSuiteExecutor.java:133)&#xD;
	at com.kms.katalon.core.main.TestSuiteExecutor.accessTestSuiteMainPhase(TestSuiteExecutor.java:116)&#xD;
	at com.kms.katalon.core.main.TestSuiteExecutor.execute(TestSuiteExecutor.java:83)&#xD;
	at com.kms.katalon.core.main.TestCaseMain.startTestSuite(TestCaseMain.java:157)&#xD;
	at com.kms.katalon.core.main.TestCaseMain$startTestSuite$0.call(Unknown Source)&#xD;
	at TempTestSuite1575602667225.run(TempTestSuite1575602667225.groovy:35)&#xD;
)&#xD;
&#xD;
2019-12-06 11:29:02 - [MESSAGE][FAILED] - Unable to verify text 'Month Duration Acknowledgement' is present  (Root cause: com.kms.katalon.core.exception.StepFailedException: Unable to verify text 'Month Duration Acknowledgement' is present &#xD;
	at com.kms.katalon.core.webui.keyword.internal.WebUIKeywordMain.stepFailed(WebUIKeywordMain.groovy:64)&#xD;
	at com.kms.katalon.core.webui.keyword.internal.WebUIKeywordMain.runKeyword(WebUIKeywordMain.groovy:26)&#xD;
	at com.kms.katalon.core.webui.keyword.builtin.VerifyTextPresentKeyword.verifyTextPresent(VerifyTextPresentKeyword.groovy:83)&#xD;
	at com.kms.katalon.core.webui.keyword.builtin.VerifyTextPresentKeyword.execute(VerifyTextPresentKeyword.groovy:68)&#xD;
	at com.kms.katalon.core.keyword.internal.KeywordExecutor.executeKeywordForPlatform(KeywordExecutor.groovy:56)&#xD;
	at com.kms.katalon.core.webui.keyword.WebUiBuiltInKeywords.verifyTextPresent(WebUiBuiltInKeywords.groovy:1693)&#xD;
	at com.kms.katalon.core.webui.keyword.WebUiBuiltInKeywords$verifyTextPresent$10.call(Unknown Source)&#xD;
	at goToEnd_stm_autofill.run(goToEnd_stm_autofill:19)&#xD;
	at com.kms.katalon.core.main.ScriptEngine.run(ScriptEngine.java:194)&#xD;
	at com.kms.katalon.core.main.ScriptEngine.runScriptAsRawText(ScriptEngine.java:119)&#xD;
	at com.kms.katalon.core.main.TestCaseExecutor.runScript(TestCaseExecutor.java:337)&#xD;
	at com.kms.katalon.core.main.TestCaseExecutor.doExecute(TestCaseExecutor.java:328)&#xD;
	at com.kms.katalon.core.main.TestCaseExecutor.processExecutionPhase(TestCaseExecutor.java:307)&#xD;
	at com.kms.katalon.core.main.TestCaseExecutor.accessMainPhase(TestCaseExecutor.java:299)&#xD;
	at com.kms.katalon.core.main.TestCaseExecutor.execute(TestCaseExecutor.java:233)&#xD;
	at com.kms.katalon.core.main.TestCaseMain.runTestCase(TestCaseMain.java:114)&#xD;
	at com.kms.katalon.core.keyword.builtin.CallTestCaseKeyword$_callTestCase_closure1.doCall(CallTestCaseKeyword.groovy:59)&#xD;
	at com.kms.katalon.core.keyword.builtin.CallTestCaseKeyword$_callTestCase_closure1.call(CallTestCaseKeyword.groovy)&#xD;
	at com.kms.katalon.core.keyword.internal.KeywordMain.runKeyword(KeywordMain.groovy:68)&#xD;
	at com.kms.katalon.core.keyword.builtin.CallTestCaseKeyword.callTestCase(CallTestCaseKeyword.groovy:81)&#xD;
	at com.kms.katalon.core.keyword.builtin.CallTestCaseKeyword.execute(CallTestCaseKeyword.groovy:44)&#xD;
	at com.kms.katalon.core.keyword.internal.KeywordExecutor.executeKeywordForPlatform(KeywordExecutor.groovy:56)&#xD;
	at com.kms.katalon.core.keyword.BuiltinKeywords.callTestCase(BuiltinKeywords.groovy:334)&#xD;
	at Companion.run(Companion:31)&#xD;
	at com.kms.katalon.core.main.ScriptEngine.run(ScriptEngine.java:194)&#xD;
	at com.kms.katalon.core.main.ScriptEngine.runScriptAsRawText(ScriptEngine.java:119)&#xD;
	at com.kms.katalon.core.main.TestCaseExecutor.runScript(TestCaseExecutor.java:337)&#xD;
	at com.kms.katalon.core.main.TestCaseExecutor.doExecute(TestCaseExecutor.java:328)&#xD;
	at com.kms.katalon.core.main.TestCaseExecutor.processExecutionPhase(TestCaseExecutor.java:307)&#xD;
	at com.kms.katalon.core.main.TestCaseExecutor.accessMainPhase(TestCaseExecutor.java:299)&#xD;
	at com.kms.katalon.core.main.TestCaseExecutor.execute(TestCaseExecutor.java:233)&#xD;
	at com.kms.katalon.core.main.TestSuiteExecutor.accessTestCaseMainPhase(TestSuiteExecutor.java:133)&#xD;
	at com.kms.katalon.core.main.TestSuiteExecutor.accessTestSuiteMainPhase(TestSuiteExecutor.java:116)&#xD;
	at com.kms.katalon.core.main.TestSuiteExecutor.execute(TestSuiteExecutor.java:83)&#xD;
	at com.kms.katalon.core.main.TestCaseMain.startTestSuite(TestCaseMain.java:157)&#xD;
	at com.kms.katalon.core.main.TestCaseMain$startTestSuite$0.call(Unknown Source)&#xD;
	at TempTestSuite1575602667225.run(TempTestSuite1575602667225.groovy:35)&#xD;
Caused by: com.kms.katalon.core.exception.StepFailedException: Text 'Month Duration Acknowledgement' is not present on page &#xD;
	at com.kms.katalon.core.webui.keyword.internal.WebUIKeywordMain.stepFailed(WebUIKeywordMain.groovy:64)&#xD;
	at com.kms.katalon.core.webui.keyword.builtin.VerifyTextPresentKeyword$_verifyTextPresent_closure1.doCall(VerifyTextPresentKeyword.groovy:79)&#xD;
	at com.kms.katalon.core.webui.keyword.builtin.VerifyTextPresentKeyword$_verifyTextPresent_closure1.call(VerifyTextPresentKeyword.groovy)&#xD;
	at com.kms.katalon.core.webui.keyword.internal.WebUIKeywordMain.runKeyword(WebUIKeywordMain.groovy:20)&#xD;
	... 35 more&#xD;
)&#xD;
[[ATTACHMENT|D:\\Test\\AgileTest\\AgileTest\\Reports\\AHI\\stm\\20191206_112427\\1575602941801.png]]&#xD;
&#xD;
2019-12-06 11:29:03 - [TEST_STEP][PASSED] - catch (Exception e): null&#xD;
&#xD;
2019-12-06 11:29:03 - [TEST_STEP][PASSED] - println("no consecutive"): null&#xD;
&#xD;
2019-12-06 11:29:03 - [TEST_STEP][PASSED] - waitForPageLoad(10): Wait for page load successfully&#xD;
&#xD;
2019-12-06 11:29:03 - [MESSAGE][PASSED] - Wait for page load successfully&#xD;
&#xD;
2019-12-06 11:29:03 - [TEST_STEP][PASSED] - Thread.sleep(3000): null&#xD;
&#xD;
2019-12-06 11:29:06 - [TEST_STEP][PASSED] - waitForElementVisible(findTestObject("mobileSanity/STM/Page_App Page 1/a_Autofill App Info"), 20): Object 'Object Repository/mobileSanity/STM/Page_App Page 1/a_Autofill App Info' is visible&#xD;
&#xD;
2019-12-06 11:29:06 - [MESSAGE][PASSED] - Object 'Object Repository/mobileSanity/STM/Page_App Page 1/a_Autofill App Info' is visible&#xD;
&#xD;
2019-12-06 11:29:06 - [TEST_STEP][PASSED] - click(findTestObject("mobileSanity/STM/Page_App Page 1/a_Autofill App Info")): Object: 'Object Repository/mobileSanity/STM/Page_App Page 1/a_Autofill App Info' is clicked on&#xD;
&#xD;
2019-12-06 11:29:06 - [MESSAGE][PASSED] - Object: 'Object Repository/mobileSanity/STM/Page_App Page 1/a_Autofill App Info' is clicked on&#xD;
&#xD;
2019-12-06 11:29:06 - [TEST_STEP][PASSED] - Thread.sleep(1000): null&#xD;
&#xD;
2019-12-06 11:29:07 - [TEST_STEP][PASSED] - click(findTestObject("mobileSanity/STM/Page_App Page 1/a_Autofill App Info")): Object: 'Object Repository/mobileSanity/STM/Page_App Page 1/a_Autofill App Info' is clicked on&#xD;
&#xD;
2019-12-06 11:29:07 - [MESSAGE][PASSED] - Object: 'Object Repository/mobileSanity/STM/Page_App Page 1/a_Autofill App Info' is clicked on&#xD;
&#xD;
2019-12-06 11:29:07 - [TEST_STEP][PASSED] - Thread.sleep(1000): null&#xD;
&#xD;
2019-12-06 11:29:08 - [TEST_STEP][PASSED] - waitForElementVisible(findTestObject("mobileSanity/STM/Page_App Page 1/a_Continue"), 20): Object 'Object Repository/mobileSanity/STM/Page_App Page 1/a_Continue' is visible&#xD;
&#xD;
2019-12-06 11:29:08 - [MESSAGE][PASSED] - Object 'Object Repository/mobileSanity/STM/Page_App Page 1/a_Continue' is visible&#xD;
&#xD;
2019-12-06 11:29:08 - [TEST_STEP][PASSED] - click(findTestObject("mobileSanity/STM/Page_App Page 1/a_Continue")): Object: 'Object Repository/mobileSanity/STM/Page_App Page 1/a_Continue' is clicked on&#xD;
&#xD;
2019-12-06 11:29:09 - [MESSAGE][PASSED] - Object: 'Object Repository/mobileSanity/STM/Page_App Page 1/a_Continue' is clicked on&#xD;
&#xD;
2019-12-06 11:29:09 - [TEST_STEP][PASSED] - waitForPageLoad(20): Wait for page load successfully&#xD;
&#xD;
2019-12-06 11:29:09 - [MESSAGE][PASSED] - Wait for page load successfully&#xD;
&#xD;
2019-12-06 11:29:09 - [TEST_STEP][PASSED] - Thread.sleep(5000): null&#xD;
&#xD;
2019-12-06 11:29:14 - [TEST_STEP][PASSED] - callTestCase(findTestCase("AHI/_include/get_screenshot"), [:], STOP_ON_FAILURE): Call Test Case 'Test Cases/AHI/_include/get_screenshot' successfully&#xD;
&#xD;
2019-12-06 11:29:14 - [TEST_CASE][PASSED] - Test Cases/AHI/_include/get_screenshot: Test Cases/AHI/_include/get_screenshot&#xD;
&#xD;
2019-12-06 11:29:14 - [TEST_STEP][PASSED] - takeScreenshot(screenPath + i + ".png"): Taking screenshot successfully&#xD;
&#xD;
2019-12-06 11:29:14 - [MESSAGE][PASSED] - Taking screenshot successfully&#xD;
[[ATTACHMENT|D:\\Test\\AgileTest\\AgileTest\\Reports\\AHI\\stm\\20191206_112427\\../Screenshots/iPhone 6/stm/Companion/standard/7.png]]&#xD;
&#xD;
2019-12-06 11:29:14 - [TEST_STEP][PASSED] - (internal.GlobalVariable.i++): null&#xD;
&#xD;
2019-12-06 11:29:14 - [MESSAGE][PASSED] - Call Test Case 'Test Cases/AHI/_include/get_screenshot' successfully&#xD;
&#xD;
2019-12-06 11:29:14 - [TEST_STEP][PASSED] - click(findTestObject("mobileSanity/STM/Page_App Page 2/a_Continue to Step 3 - Payment")): Object: 'Object Repository/mobileSanity/STM/Page_App Page 2/a_Continue to Step 3 - Payment' is clicked on&#xD;
&#xD;
2019-12-06 11:29:14 - [MESSAGE][PASSED] - Object: 'Object Repository/mobileSanity/STM/Page_App Page 2/a_Continue to Step 3 - Payment' is clicked on&#xD;
&#xD;
2019-12-06 11:29:14 - [TEST_STEP][PASSED] - waitForPageLoad(20): Wait for page load successfully&#xD;
&#xD;
2019-12-06 11:29:14 - [MESSAGE][PASSED] - Wait for page load successfully&#xD;
&#xD;
2019-12-06 11:29:14 - [TEST_STEP][PASSED] - waitForElementVisible(findTestObject("mobileSanity/STM/Page_App Page 3/input__credit-card-cvv"), 20): Object 'Object Repository/mobileSanity/STM/Page_App Page 3/input__credit-card-cvv' is visible&#xD;
&#xD;
2019-12-06 11:29:16 - [MESSAGE][PASSED] - Object 'Object Repository/mobileSanity/STM/Page_App Page 3/input__credit-card-cvv' is visible&#xD;
&#xD;
2019-12-06 11:29:16 - [TEST_STEP][PASSED] - Thread.sleep(2000): null&#xD;
&#xD;
2019-12-06 11:29:18 - [TEST_STEP][PASSED] - callTestCase(findTestCase("AHI/_include/get_screenshot"), [:], STOP_ON_FAILURE): Call Test Case 'Test Cases/AHI/_include/get_screenshot' successfully&#xD;
&#xD;
2019-12-06 11:29:18 - [TEST_CASE][PASSED] - Test Cases/AHI/_include/get_screenshot: Test Cases/AHI/_include/get_screenshot&#xD;
&#xD;
2019-12-06 11:29:18 - [TEST_STEP][PASSED] - takeScreenshot(screenPath + i + ".png"): Taking screenshot successfully&#xD;
&#xD;
2019-12-06 11:29:18 - [MESSAGE][PASSED] - Taking screenshot successfully&#xD;
[[ATTACHMENT|D:\\Test\\AgileTest\\AgileTest\\Reports\\AHI\\stm\\20191206_112427\\../Screenshots/iPhone 6/stm/Companion/standard/8.png]]&#xD;
&#xD;
2019-12-06 11:29:18 - [TEST_STEP][PASSED] - (internal.GlobalVariable.i++): null&#xD;
&#xD;
2019-12-06 11:29:18 - [MESSAGE][PASSED] - Call Test Case 'Test Cases/AHI/_include/get_screenshot' successfully&#xD;
&#xD;
2019-12-06 11:29:18 - [TEST_STEP][PASSED] - clearText(findTestObject("mobileSanity/STM/Page_App Page 3/input__credit-card-cvv")): Text of object 'Object Repository/mobileSanity/STM/Page_App Page 3/input__credit-card-cvv' is cleared&#xD;
&#xD;
2019-12-06 11:29:18 - [MESSAGE][PASSED] - Text of object 'Object Repository/mobileSanity/STM/Page_App Page 3/input__credit-card-cvv' is cleared&#xD;
&#xD;
2019-12-06 11:29:18 - [TEST_STEP][PASSED] - setText(findTestObject("mobileSanity/STM/Page_App Page 3/input__credit-card-cvv"), "123"): Text '123' is set on object 'Object Repository/mobileSanity/STM/Page_App Page 3/input__credit-card-cvv'&#xD;
&#xD;
2019-12-06 11:29:18 - [MESSAGE][PASSED] - Text '123' is set on object 'Object Repository/mobileSanity/STM/Page_App Page 3/input__credit-card-cvv'&#xD;
&#xD;
2019-12-06 11:29:18 - [TEST_STEP][PASSED] - click(findTestObject("mobileSanity/STM/Page_App Page 3/label_I Accept Authorization f")): Object: 'Object Repository/mobileSanity/STM/Page_App Page 3/label_I Accept Authorization f' is clicked on&#xD;
&#xD;
2019-12-06 11:29:19 - [MESSAGE][PASSED] - Object: 'Object Repository/mobileSanity/STM/Page_App Page 3/label_I Accept Authorization f' is clicked on&#xD;
&#xD;
2019-12-06 11:29:19 - [TEST_STEP][PASSED] - click(findTestObject("mobileSanity/STM/Page_App Page 3/a_Continue to Step 4 - Review")): Object: 'Object Repository/mobileSanity/STM/Page_App Page 3/a_Continue to Step 4 - Review' is clicked on&#xD;
&#xD;
2019-12-06 11:29:19 - [MESSAGE][PASSED] - Object: 'Object Repository/mobileSanity/STM/Page_App Page 3/a_Continue to Step 4 - Review' is clicked on&#xD;
&#xD;
2019-12-06 11:29:19 - [TEST_STEP][PASSED] - waitForPageLoad(10): Wait for page load successfully&#xD;
&#xD;
2019-12-06 11:29:19 - [MESSAGE][PASSED] - Wait for page load successfully&#xD;
&#xD;
2019-12-06 11:29:19 - [TEST_STEP][PASSED] - waitForElementClickable(findTestObject("mobileSanity/STM/Page_App Page 4/label"), 10): Web element with id: 'Object Repository/mobileSanity/STM/Page_App Page 4/label' located by 'By.xpath: //input[@id = 'consent-checkbox-0']' not found&#xD;
&#xD;
2019-12-06 11:29:29 - [MESSAGE][INFO] - Unable to find the element located by 'By.xpath: //input[@id = 'consent-checkbox-0']'. Please recheck the objects properties to make sure the desired element is located. &#xD;
&#xD;
2019-12-06 11:29:29 - [MESSAGE][WARNING] - Web element with id: 'Object Repository/mobileSanity/STM/Page_App Page 4/label' located by 'By.xpath: //input[@id = 'consent-checkbox-0']' not found&#xD;
&#xD;
2019-12-06 11:29:29 - [TEST_STEP][PASSED] - Thread.sleep(2000): null&#xD;
&#xD;
2019-12-06 11:29:31 - [TEST_STEP][PASSED] - callTestCase(findTestCase("AHI/_include/get_screenshot"), [:], STOP_ON_FAILURE): Call Test Case 'Test Cases/AHI/_include/get_screenshot' successfully&#xD;
&#xD;
2019-12-06 11:29:31 - [TEST_CASE][PASSED] - Test Cases/AHI/_include/get_screenshot: Test Cases/AHI/_include/get_screenshot&#xD;
&#xD;
2019-12-06 11:29:31 - [TEST_STEP][PASSED] - takeScreenshot(screenPath + i + ".png"): Taking screenshot successfully&#xD;
&#xD;
2019-12-06 11:29:32 - [MESSAGE][PASSED] - Taking screenshot successfully&#xD;
[[ATTACHMENT|D:\\Test\\AgileTest\\AgileTest\\Reports\\AHI\\stm\\20191206_112427\\../Screenshots/iPhone 6/stm/Companion/standard/9.png]]&#xD;
&#xD;
2019-12-06 11:29:32 - [TEST_STEP][PASSED] - (internal.GlobalVariable.i++): null&#xD;
&#xD;
2019-12-06 11:29:32 - [MESSAGE][PASSED] - Call Test Case 'Test Cases/AHI/_include/get_screenshot' successfully&#xD;
&#xD;
2019-12-06 11:29:32 - [TEST_STEP][PASSED] - click(findTestObject("mobileSanity/STM/Page_App Page 4/label")): Object: 'Object Repository/mobileSanity/STM/Page_App Page 4/label' is clicked on&#xD;
&#xD;
2019-12-06 11:29:32 - [MESSAGE][PASSED] - Object: 'Object Repository/mobileSanity/STM/Page_App Page 4/label' is clicked on&#xD;
&#xD;
2019-12-06 11:29:32 - [TEST_STEP][PASSED] - click(findTestObject("mobileSanity/STM/Page_App Page 4/div_CLICK TO SIGN")): Object: 'Object Repository/mobileSanity/STM/Page_App Page 4/div_CLICK TO SIGN' is clicked on&#xD;
&#xD;
2019-12-06 11:29:32 - [MESSAGE][PASSED] - Object: 'Object Repository/mobileSanity/STM/Page_App Page 4/div_CLICK TO SIGN' is clicked on&#xD;
&#xD;
2019-12-06 11:29:32 - [TEST_STEP][PASSED] - click(findTestObject("mobileSanity/STM/Page_App Page 4/a_Submit Your Application")): Object: 'Object Repository/mobileSanity/STM/Page_App Page 4/a_Submit Your Application' is clicked on&#xD;
&#xD;
2019-12-06 11:29:32 - [MESSAGE][PASSED] - Object: 'Object Repository/mobileSanity/STM/Page_App Page 4/a_Submit Your Application' is clicked on&#xD;
&#xD;
2019-12-06 11:29:32 - [TEST_STEP][PASSED] - Thread.sleep(30000): null&#xD;
&#xD;
2019-12-06 11:30:02 - [TEST_STEP][PASSED] - waitForElementPresent(findTestObject("mobileSanity/STM/Page_App Page 6/app-page-wrapper"), 20): Object 'Object Repository/mobileSanity/STM/Page_App Page 6/app-page-wrapper' is present&#xD;
&#xD;
2019-12-06 11:30:02 - [MESSAGE][PASSED] - Object 'Object Repository/mobileSanity/STM/Page_App Page 6/app-page-wrapper' is present&#xD;
&#xD;
2019-12-06 11:30:02 - [TEST_STEP][PASSED] - callTestCase(findTestCase("AHI/_include/get_screenshot"), [:], STOP_ON_FAILURE): Call Test Case 'Test Cases/AHI/_include/get_screenshot' successfully&#xD;
&#xD;
2019-12-06 11:30:03 - [TEST_CASE][PASSED] - Test Cases/AHI/_include/get_screenshot: Test Cases/AHI/_include/get_screenshot&#xD;
&#xD;
2019-12-06 11:30:03 - [TEST_STEP][PASSED] - takeScreenshot(screenPath + i + ".png"): Taking screenshot successfully&#xD;
&#xD;
2019-12-06 11:30:03 - [MESSAGE][PASSED] - Taking screenshot successfully&#xD;
[[ATTACHMENT|D:\\Test\\AgileTest\\AgileTest\\Reports\\AHI\\stm\\20191206_112427\\../Screenshots/iPhone 6/stm/Companion/standard/10.png]]&#xD;
&#xD;
2019-12-06 11:30:03 - [TEST_STEP][PASSED] - (internal.GlobalVariable.i++): null&#xD;
&#xD;
2019-12-06 11:30:03 - [MESSAGE][PASSED] - Call Test Case 'Test Cases/AHI/_include/get_screenshot' successfully&#xD;
&#xD;
2019-12-06 11:30:03 - [MESSAGE][PASSED] - Call Test Case 'Test Cases/AHI/_include/goToEnd_stm_autofill' successfully</system-out>
            <system-err></system-err>
        </testcase>
        <testcase name="Test Cases/AHI/stm/Everest" classname="Test Cases/AHI/stm/Everest" status="PASSED">
            <system-out>2019-12-06 11:30:03 - [TEST_CASE][PASSED] - Test Cases/AHI/stm/Everest: Test Cases/AHI/stm/Everest&#xD;
&#xD;
2019-12-06 11:30:03 - [TEST_STEP][PASSED] - callTestCase(findTestCase("AHI/_include/get_screenPath"), ["productLine":"stm", "carrierName":"Everest"], CONTINUE_ON_FAILURE): Call Test Case 'Test Cases/AHI/_include/get_screenPath' successfully&#xD;
&#xD;
2019-12-06 11:30:03 - [TEST_CASE][PASSED] - Test Cases/AHI/_include/get_screenPath: Test Cases/AHI/_include/get_screenPath&#xD;
&#xD;
2019-12-06 11:30:03 - [TEST_STEP][PASSED] - m = getExecutionProperties(): null&#xD;
&#xD;
2019-12-06 11:30:03 - [TEST_STEP][PASSED] - deviceName = get("mobileEmulation").get("deviceName"): null&#xD;
&#xD;
2019-12-06 11:30:03 - [TEST_STEP][PASSED] - println(deviceName): null&#xD;
&#xD;
2019-12-06 11:30:03 - [TEST_STEP][PASSED] - now = new java.util.Date(): null&#xD;
&#xD;
2019-12-06 11:30:03 - [TEST_STEP][PASSED] - mydate = now.format("yyyyMMdd_HHmmss"): null&#xD;
&#xD;
2019-12-06 11:30:03 - [TEST_STEP][PASSED] - screenPath = "../Screenshots/": null&#xD;
&#xD;
2019-12-06 11:30:03 - [TEST_STEP][PASSED] - screenPath = screenPath + deviceName + "/" + productLine + "/" + carrierName + "/" + "standard" + "/": null&#xD;
&#xD;
2019-12-06 11:30:03 - [TEST_STEP][PASSED] - println(screenPath): null&#xD;
&#xD;
2019-12-06 11:30:03 - [MESSAGE][PASSED] - Call Test Case 'Test Cases/AHI/_include/get_screenPath' successfully&#xD;
&#xD;
2019-12-06 11:30:03 - [TEST_STEP][PASSED] - i = 0: null&#xD;
&#xD;
2019-12-06 11:30:03 - [TEST_STEP][PASSED] - callTestCase(findTestCase("AHI/_include/openWebSite"), [:], STOP_ON_FAILURE): Call Test Case 'Test Cases/AHI/_include/openWebSite' successfully&#xD;
&#xD;
2019-12-06 11:30:03 - [TEST_CASE][PASSED] - Test Cases/AHI/_include/openWebSite: Test Cases/AHI/_include/openWebSite&#xD;
&#xD;
2019-12-06 11:30:03 - [TEST_STEP][PASSED] - openBrowser(env): Browser is opened with url: 'https://praetemptatus.agilehealthinsurance.com'&#xD;
&#xD;
2019-12-06 11:30:03 - [MESSAGE][WARNING] - A browser is already opened. Closing browser and opening a new one&#xD;
&#xD;
2019-12-06 11:30:04 - [MESSAGE][INFO] - Starting 'Chrome' driver&#xD;
&#xD;
2019-12-06 11:30:04 - [MESSAGE][INFO] - User set preference: ['mobileEmulation', '{deviceName=iPhone 6}']&#xD;
&#xD;
2019-12-06 11:30:04 - [MESSAGE][INFO] - User set preference: ['args', '[--incognito, --aggressive-cache-discard, --window-size=375,677, --no-sandbox]']&#xD;
&#xD;
2019-12-06 11:30:10 - [MESSAGE][PASSED] - Browser is opened with url: 'https://praetemptatus.agilehealthinsurance.com'&#xD;
&#xD;
2019-12-06 11:30:10 - [TEST_STEP][PASSED] - waitForPageLoad(20): Wait for page load successfully&#xD;
&#xD;
2019-12-06 11:30:10 - [MESSAGE][PASSED] - Wait for page load successfully&#xD;
&#xD;
2019-12-06 11:30:10 - [TEST_STEP][PASSED] - callTestCase(findTestCase("AHI/_include/get_screenshot"), [:], STOP_ON_FAILURE): Call Test Case 'Test Cases/AHI/_include/get_screenshot' successfully&#xD;
&#xD;
2019-12-06 11:30:10 - [TEST_CASE][PASSED] - Test Cases/AHI/_include/get_screenshot: Test Cases/AHI/_include/get_screenshot&#xD;
&#xD;
2019-12-06 11:30:10 - [TEST_STEP][PASSED] - takeScreenshot(screenPath + i + ".png"): Taking screenshot successfully&#xD;
&#xD;
2019-12-06 11:30:10 - [MESSAGE][PASSED] - Taking screenshot successfully&#xD;
[[ATTACHMENT|D:\\Test\\AgileTest\\AgileTest\\Reports\\AHI\\stm\\20191206_112427\\../Screenshots/iPhone 6/stm/Everest/standard/0.png]]&#xD;
&#xD;
2019-12-06 11:30:10 - [TEST_STEP][PASSED] - (internal.GlobalVariable.i++): null&#xD;
&#xD;
2019-12-06 11:30:10 - [MESSAGE][PASSED] - Call Test Case 'Test Cases/AHI/_include/get_screenshot' successfully&#xD;
&#xD;
2019-12-06 11:30:10 - [MESSAGE][PASSED] - Call Test Case 'Test Cases/AHI/_include/openWebSite' successfully&#xD;
&#xD;
2019-12-06 11:30:10 - [TEST_STEP][PASSED] - callTestCase(findTestCase("AHI/_include/census_stm"), ["zipcode":"83709"], STOP_ON_FAILURE): Call Test Case 'Test Cases/AHI/_include/census_stm' successfully&#xD;
&#xD;
2019-12-06 11:30:11 - [TEST_CASE][PASSED] - Test Cases/AHI/_include/census_stm: Test Cases/AHI/_include/census_stm&#xD;
&#xD;
2019-12-06 11:30:11 - [TEST_STEP][PASSED] - waitForElementClickable(findTestObject("mobileSanity/STM/Home Page/a_Quote  Save Today"), 10): Object 'Object Repository/mobileSanity/STM/Home Page/a_Quote  Save Today' is clickable&#xD;
&#xD;
2019-12-06 11:30:11 - [MESSAGE][PASSED] - Object 'Object Repository/mobileSanity/STM/Home Page/a_Quote  Save Today' is clickable&#xD;
&#xD;
2019-12-06 11:30:11 - [TEST_STEP][PASSED] - click(findTestObject("mobileSanity/STM/Home Page/a_Quote  Save Today")): Object: 'Object Repository/mobileSanity/STM/Home Page/a_Quote  Save Today' is clicked on&#xD;
&#xD;
2019-12-06 11:30:12 - [MESSAGE][PASSED] - Object: 'Object Repository/mobileSanity/STM/Home Page/a_Quote  Save Today' is clicked on&#xD;
&#xD;
2019-12-06 11:30:12 - [TEST_STEP][PASSED] - waitForPageLoad(10): Wait for page load successfully&#xD;
&#xD;
2019-12-06 11:30:12 - [MESSAGE][PASSED] - Wait for page load successfully&#xD;
&#xD;
2019-12-06 11:30:12 - [TEST_STEP][PASSED] - callTestCase(findTestCase("AHI/_include/get_screenshot"), [:], STOP_ON_FAILURE): Call Test Case 'Test Cases/AHI/_include/get_screenshot' successfully&#xD;
&#xD;
2019-12-06 11:30:12 - [TEST_CASE][PASSED] - Test Cases/AHI/_include/get_screenshot: Test Cases/AHI/_include/get_screenshot&#xD;
&#xD;
2019-12-06 11:30:12 - [TEST_STEP][PASSED] - takeScreenshot(screenPath + i + ".png"): Taking screenshot successfully&#xD;
&#xD;
2019-12-06 11:30:13 - [MESSAGE][PASSED] - Taking screenshot successfully&#xD;
[[ATTACHMENT|D:\\Test\\AgileTest\\AgileTest\\Reports\\AHI\\stm\\20191206_112427\\../Screenshots/iPhone 6/stm/Everest/standard/1.png]]&#xD;
&#xD;
2019-12-06 11:30:13 - [TEST_STEP][PASSED] - (internal.GlobalVariable.i++): null&#xD;
&#xD;
2019-12-06 11:30:13 - [MESSAGE][PASSED] - Call Test Case 'Test Cases/AHI/_include/get_screenshot' successfully&#xD;
&#xD;
2019-12-06 11:30:13 - [TEST_STEP][PASSED] - setText(findTestObject("mobileSanity/STM/STM Census Page/input_Location_zip-input"), zipcode): Text '83709' is set on object 'Object Repository/mobileSanity/STM/STM Census Page/input_Location_zip-input'&#xD;
&#xD;
2019-12-06 11:30:13 - [MESSAGE][PASSED] - Text '83709' is set on object 'Object Repository/mobileSanity/STM/STM Census Page/input_Location_zip-input'&#xD;
&#xD;
2019-12-06 11:30:13 - [TEST_STEP][PASSED] - Thread.sleep(500): null&#xD;
&#xD;
2019-12-06 11:30:14 - [TEST_STEP][PASSED] - setText(findTestObject("mobileSanity/STM/STM Census Page/input_Date of Birth_dob-0"), "03031987"): Text '03031987' is set on object 'Object Repository/mobileSanity/STM/STM Census Page/input_Date of Birth_dob-0'&#xD;
&#xD;
2019-12-06 11:30:14 - [MESSAGE][PASSED] - Text '03031987' is set on object 'Object Repository/mobileSanity/STM/STM Census Page/input_Date of Birth_dob-0'&#xD;
&#xD;
2019-12-06 11:30:14 - [TEST_STEP][PASSED] - click(findTestObject("mobileSanity/STM/STM Census Page/label_Male")): Object: 'Object Repository/mobileSanity/STM/STM Census Page/label_Male' is clicked on&#xD;
&#xD;
2019-12-06 11:30:14 - [MESSAGE][PASSED] - Object: 'Object Repository/mobileSanity/STM/STM Census Page/label_Male' is clicked on&#xD;
&#xD;
2019-12-06 11:30:14 - [TEST_STEP][PASSED] - click(findTestObject("mobileSanity/STM/STM Census Page/label_Compare Plans")): Object: 'Object Repository/mobileSanity/STM/STM Census Page/label_Compare Plans' is clicked on&#xD;
&#xD;
2019-12-06 11:30:14 - [MESSAGE][PASSED] - Object: 'Object Repository/mobileSanity/STM/STM Census Page/label_Compare Plans' is clicked on&#xD;
&#xD;
2019-12-06 11:30:14 - [TEST_STEP][PASSED] - waitForElementVisible(findTestObject("mobileSanity/STM/STM Quote Page/button_sort"), 20): Object 'Object Repository/mobileSanity/STM/STM Quote Page/button_sort' is visible&#xD;
&#xD;
2019-12-06 11:30:19 - [MESSAGE][PASSED] - Object 'Object Repository/mobileSanity/STM/STM Quote Page/button_sort' is visible&#xD;
&#xD;
2019-12-06 11:30:19 - [TEST_STEP][PASSED] - Thread.sleep(3000): null&#xD;
&#xD;
2019-12-06 11:30:22 - [TEST_STEP][PASSED] - callTestCase(findTestCase("AHI/_include/check_quoteleadform"), [:], STOP_ON_FAILURE): Call Test Case 'Test Cases/AHI/_include/check_quoteleadform' successfully&#xD;
&#xD;
2019-12-06 11:30:22 - [TEST_CASE][PASSED] - Test Cases/AHI/_include/check_quoteleadform: Test Cases/AHI/_include/check_quoteleadform&#xD;
&#xD;
2019-12-06 11:30:22 - [TEST_STEP][PASSED] - callTestCase(findTestCase("AHI/_include/name"), [:], CONTINUE_ON_FAILURE): Call Test Case 'Test Cases/AHI/_include/name' successfully&#xD;
&#xD;
2019-12-06 11:30:22 - [TEST_CASE][PASSED] - Test Cases/AHI/_include/name: Test Cases/AHI/_include/name&#xD;
&#xD;
2019-12-06 11:30:22 - [TEST_STEP][PASSED] - driver = getWebDriver(): null&#xD;
&#xD;
2019-12-06 11:30:22 - [TEST_STEP][PASSED] - selenium = new com.thoughtworks.selenium.webdriven.WebDriverBackedSelenium(driver, internal.GlobalVariable.ENV): null&#xD;
&#xD;
2019-12-06 11:30:22 - [TEST_STEP][PASSED] - FirstName = "Test-123": null&#xD;
&#xD;
2019-12-06 11:30:22 - [TEST_STEP][PASSED] - LastName = selenium.getEval("{var x="ABCDEFGHIJKLMNOPQRSTUVWXYZabcdefghijklmnopqrstuvwxyz"; var tmp="ZZ11-"; for (i=0;i&lt;8;i++) tmp+=x.charAt(Math.ceil(51*Math.random()));tmp;}"): null&#xD;
&#xD;
2019-12-06 11:30:22 - [TEST_STEP][PASSED] - Address = selenium.getEval("{var x="ABCDEFGHIJKLMNOPQRSTUVWXYZabcdefghijklmnopqrstuvwxyz"; var tmp=""; for (i=0;i&lt;8;i++) tmp+=x.charAt(Math.ceil(51*Math.random()));tmp;}"): null&#xD;
&#xD;
2019-12-06 11:30:22 - [TEST_STEP][PASSED] - City = selenium.getEval("{var x="ABCDEFGHIJKLMNOPQRSTUVWXYZabcdefghijklmnopqrstuvwxyz"; var tmp=""; for (i=0;i&lt;8;i++) tmp+=x.charAt(Math.ceil(51*Math.random()));tmp;}"): null&#xD;
&#xD;
2019-12-06 11:30:22 - [TEST_STEP][PASSED] - tel1 = selenium.getEval("{var x="123456789"; var tmp=""; for (i=0;i&lt;3;i++) tmp+=x.charAt(Math.ceil(8*Math.random()));tmp;}"): null&#xD;
&#xD;
2019-12-06 11:30:22 - [TEST_STEP][PASSED] - tel2 = selenium.getEval("{var x="123456789"; var tmp=""; for (i=0;i&lt;3;i++) tmp+=x.charAt(Math.ceil(8*Math.random()));tmp;}"): null&#xD;
&#xD;
2019-12-06 11:30:22 - [TEST_STEP][PASSED] - tel3 = selenium.getEval("{var x="123456789"; var tmp=""; for (i=0;i&lt;4;i++) tmp+=x.charAt(Math.ceil(8*Math.random()));tmp;}"): null&#xD;
&#xD;
2019-12-06 11:30:22 - [TEST_STEP][PASSED] - Tel = selenium.getExpression(tel1 + "-" + tel2 + "-" + tel3): null&#xD;
&#xD;
2019-12-06 11:30:22 - [TEST_STEP][PASSED] - AutoEmail = selenium.getEval("{var x="ABCDEFGHIJKLMNOPQRSTUVWXYZabcdefghijklmnopqrstuvwxyz"; var tmp="test."; for (i=0;i&lt;8;i++) tmp+=x.charAt(Math.ceil(51*Math.random()));tmp+="@suryani.cn";}"): null&#xD;
&#xD;
2019-12-06 11:30:22 - [TEST_STEP][PASSED] - FirstName = FirstName: null&#xD;
&#xD;
2019-12-06 11:30:22 - [TEST_STEP][PASSED] - LastName = LastName: null&#xD;
&#xD;
2019-12-06 11:30:22 - [TEST_STEP][PASSED] - Address = Address: null&#xD;
&#xD;
2019-12-06 11:30:22 - [TEST_STEP][PASSED] - City = City: null&#xD;
&#xD;
2019-12-06 11:30:22 - [TEST_STEP][PASSED] - Tel = Tel: null&#xD;
&#xD;
2019-12-06 11:30:22 - [TEST_STEP][PASSED] - AutoEmail = AutoEmail: null&#xD;
&#xD;
2019-12-06 11:30:22 - [TEST_STEP][PASSED] - println(FirstName): null&#xD;
&#xD;
2019-12-06 11:30:22 - [TEST_STEP][PASSED] - println(LastName): null&#xD;
&#xD;
2019-12-06 11:30:22 - [TEST_STEP][PASSED] - println(Address): null&#xD;
&#xD;
2019-12-06 11:30:22 - [TEST_STEP][PASSED] - println(City): null&#xD;
&#xD;
2019-12-06 11:30:22 - [TEST_STEP][PASSED] - println(Tel): null&#xD;
&#xD;
2019-12-06 11:30:22 - [TEST_STEP][PASSED] - println(AutoEmail): null&#xD;
&#xD;
2019-12-06 11:30:22 - [MESSAGE][PASSED] - Call Test Case 'Test Cases/AHI/_include/name' successfully&#xD;
&#xD;
2019-12-06 11:30:22 - [TEST_STEP][PASSED] - leadform_exist = test.MobileKeywords.isElementPresent_Web(findTestObject("mobileSanity/quote lead form/lead_form"), 20): test.MobileKeywords.isElementPresent_Web is PASSED&#xD;
&#xD;
2019-12-06 11:30:43 - [MESSAGE][INFO] - Unable to find the element located by 'By.xpath: //*[@id = 'lightboxLeadForm']'. Please recheck the objects properties to make sure the desired element is located. &#xD;
&#xD;
2019-12-06 11:30:43 - [MESSAGE][PASSED] - test.MobileKeywords.isElementPresent_Web is PASSED&#xD;
&#xD;
2019-12-06 11:30:43 - [TEST_STEP][PASSED] - if (leadform_exist): null&#xD;
&#xD;
2019-12-06 11:30:43 - [MESSAGE][PASSED] - Call Test Case 'Test Cases/AHI/_include/check_quoteleadform' successfully&#xD;
&#xD;
2019-12-06 11:30:43 - [TEST_STEP][PASSED] - callTestCase(findTestCase("AHI/_include/get_screenshot"), [:], STOP_ON_FAILURE): Call Test Case 'Test Cases/AHI/_include/get_screenshot' successfully&#xD;
&#xD;
2019-12-06 11:30:43 - [TEST_CASE][PASSED] - Test Cases/AHI/_include/get_screenshot: Test Cases/AHI/_include/get_screenshot&#xD;
&#xD;
2019-12-06 11:30:43 - [TEST_STEP][PASSED] - takeScreenshot(screenPath + i + ".png"): Taking screenshot successfully&#xD;
&#xD;
2019-12-06 11:30:44 - [MESSAGE][PASSED] - Taking screenshot successfully&#xD;
[[ATTACHMENT|D:\\Test\\AgileTest\\AgileTest\\Reports\\AHI\\stm\\20191206_112427\\../Screenshots/iPhone 6/stm/Everest/standard/2.png]]&#xD;
&#xD;
2019-12-06 11:30:44 - [TEST_STEP][PASSED] - (internal.GlobalVariable.i++): null&#xD;
&#xD;
2019-12-06 11:30:44 - [MESSAGE][PASSED] - Call Test Case 'Test Cases/AHI/_include/get_screenshot' successfully&#xD;
&#xD;
2019-12-06 11:30:44 - [TEST_STEP][PASSED] - Thread.sleep(1000): null&#xD;
&#xD;
2019-12-06 11:30:45 - [MESSAGE][PASSED] - Call Test Case 'Test Cases/AHI/_include/census_stm' successfully&#xD;
&#xD;
2019-12-06 11:30:45 - [TEST_STEP][PASSED] - callTestCase(findTestCase("AHI/_include/filter_stm"), ["carrier":"everest-one"], STOP_ON_FAILURE): Call Test Case 'Test Cases/AHI/_include/filter_stm' successfully&#xD;
&#xD;
2019-12-06 11:30:45 - [TEST_CASE][PASSED] - Test Cases/AHI/_include/filter_stm: Test Cases/AHI/_include/filter_stm&#xD;
&#xD;
2019-12-06 11:30:45 - [TEST_STEP][PASSED] - driver = getWebDriver(): null&#xD;
&#xD;
2019-12-06 11:30:45 - [TEST_STEP][PASSED] - selenium = new com.thoughtworks.selenium.webdriven.WebDriverBackedSelenium(driver, internal.GlobalVariable.ENV): null&#xD;
&#xD;
2019-12-06 11:30:45 - [TEST_STEP][PASSED] - Thread.sleep(1000): null&#xD;
&#xD;
2019-12-06 11:30:46 - [TEST_STEP][PASSED] - click(findTestObject("mobileSanity/STM/STM Quote Page/button_filters")): Object: 'Object Repository/mobileSanity/STM/STM Quote Page/button_filters' is clicked on&#xD;
&#xD;
2019-12-06 11:30:46 - [MESSAGE][PASSED] - Object: 'Object Repository/mobileSanity/STM/STM Quote Page/button_filters' is clicked on&#xD;
&#xD;
2019-12-06 11:30:46 - [TEST_STEP][PASSED] - Thread.sleep(1000): null&#xD;
&#xD;
2019-12-06 11:30:47 - [TEST_STEP][PASSED] - click(findTestObject("mobileSanity/STM/STM Quote Page/i_Insurance company")): Object: 'Object Repository/mobileSanity/STM/STM Quote Page/i_Insurance company' is clicked on&#xD;
&#xD;
2019-12-06 11:30:47 - [MESSAGE][PASSED] - Object: 'Object Repository/mobileSanity/STM/STM Quote Page/i_Insurance company' is clicked on&#xD;
&#xD;
2019-12-06 11:30:47 - [TEST_STEP][PASSED] - Thread.sleep(1000): null&#xD;
&#xD;
2019-12-06 11:30:48 - [TEST_STEP][PASSED] - filter_carrier = "//input[@name='filter[carrier]' and @value='" + carrier + "']/following::label": null&#xD;
&#xD;
2019-12-06 11:30:48 - [TEST_STEP][PASSED] - println(filter_carrier): null&#xD;
&#xD;
2019-12-06 11:30:48 - [TEST_STEP][PASSED] - test.MobileKeywords.clickJS_ByXpath(filter_carrier): test.MobileKeywords.clickJS_ByXpath is PASSED&#xD;
&#xD;
2019-12-06 11:30:49 - [MESSAGE][PASSED] - Execute JavaScript 'arguments[0].click()' successfully&#xD;
&#xD;
2019-12-06 11:30:49 - [MESSAGE][PASSED] - test.MobileKeywords.clickJS_ByXpath is PASSED&#xD;
&#xD;
2019-12-06 11:30:49 - [TEST_STEP][PASSED] - scrollToElement(findTestObject("mobileSanity/STM/STM Quote Page/a_Show Plans"), 1000): Scroll to object 'Object Repository/mobileSanity/STM/STM Quote Page/a_Show Plans' successfully&#xD;
&#xD;
2019-12-06 11:30:49 - [MESSAGE][PASSED] - Scroll to object 'Object Repository/mobileSanity/STM/STM Quote Page/a_Show Plans' successfully&#xD;
&#xD;
2019-12-06 11:30:49 - [TEST_STEP][PASSED] - Thread.sleep(2000): null&#xD;
&#xD;
2019-12-06 11:30:51 - [TEST_STEP][PASSED] - click(findTestObject("mobileSanity/STM/STM Quote Page/a_Show Plans")): Object: 'Object Repository/mobileSanity/STM/STM Quote Page/a_Show Plans' is clicked on&#xD;
&#xD;
2019-12-06 11:30:51 - [MESSAGE][PASSED] - Object: 'Object Repository/mobileSanity/STM/STM Quote Page/a_Show Plans' is clicked on&#xD;
&#xD;
2019-12-06 11:30:51 - [TEST_STEP][PASSED] - waitForJQueryLoad(20, STOP_ON_FAILURE): jQuery is ready.&#xD;
&#xD;
2019-12-06 11:31:12 - [MESSAGE][PASSED] - jQuery is ready.&#xD;
&#xD;
2019-12-06 11:31:12 - [TEST_STEP][PASSED] - Thread.sleep(2000): null&#xD;
&#xD;
2019-12-06 11:31:14 - [TEST_STEP][PASSED] - callTestCase(findTestCase("AHI/_include/get_screenshot"), [:], STOP_ON_FAILURE): Call Test Case 'Test Cases/AHI/_include/get_screenshot' successfully&#xD;
&#xD;
2019-12-06 11:31:14 - [TEST_CASE][PASSED] - Test Cases/AHI/_include/get_screenshot: Test Cases/AHI/_include/get_screenshot&#xD;
&#xD;
2019-12-06 11:31:14 - [TEST_STEP][PASSED] - takeScreenshot(screenPath + i + ".png"): Taking screenshot successfully&#xD;
&#xD;
2019-12-06 11:31:14 - [MESSAGE][PASSED] - Taking screenshot successfully&#xD;
[[ATTACHMENT|D:\\Test\\AgileTest\\AgileTest\\Reports\\AHI\\stm\\20191206_112427\\../Screenshots/iPhone 6/stm/Everest/standard/3.png]]&#xD;
&#xD;
2019-12-06 11:31:14 - [TEST_STEP][PASSED] - (internal.GlobalVariable.i++): null&#xD;
&#xD;
2019-12-06 11:31:14 - [MESSAGE][PASSED] - Call Test Case 'Test Cases/AHI/_include/get_screenshot' successfully&#xD;
&#xD;
2019-12-06 11:31:14 - [MESSAGE][PASSED] - Call Test Case 'Test Cases/AHI/_include/filter_stm' successfully&#xD;
&#xD;
2019-12-06 11:31:14 - [TEST_STEP][PASSED] - callTestCase(findTestCase("AHI/_include/goToDetail_stm"), ["carrier":"everest-one"], STOP_ON_FAILURE): Call Test Case 'Test Cases/AHI/_include/goToDetail_stm' successfully&#xD;
&#xD;
2019-12-06 11:31:14 - [TEST_CASE][PASSED] - Test Cases/AHI/_include/goToDetail_stm: Test Cases/AHI/_include/goToDetail_stm&#xD;
&#xD;
2019-12-06 11:31:14 - [TEST_STEP][PASSED] - driver = getWebDriver(): null&#xD;
&#xD;
2019-12-06 11:31:14 - [TEST_STEP][PASSED] - selenium = new com.thoughtworks.selenium.webdriven.WebDriverBackedSelenium(driver, internal.GlobalVariable.ENV): null&#xD;
&#xD;
2019-12-06 11:31:14 - [TEST_STEP][PASSED] - a_plan_name = "xpath=//a[contains(@href,'/term-health-insurance/plan/" + carrier + "')]": null&#xD;
&#xD;
2019-12-06 11:31:14 - [TEST_STEP][PASSED] - println(a_plan_name): null&#xD;
&#xD;
2019-12-06 11:31:14 - [TEST_STEP][PASSED] - selenium.click(a_plan_name): null&#xD;
&#xD;
2019-12-06 11:31:28 - [TEST_STEP][PASSED] - waitForPageLoad(20): Wait for page load successfully&#xD;
&#xD;
2019-12-06 11:31:28 - [MESSAGE][PASSED] - Wait for page load successfully&#xD;
&#xD;
2019-12-06 11:31:28 - [TEST_STEP][PASSED] - Thread.sleep(2000): null&#xD;
&#xD;
2019-12-06 11:31:30 - [TEST_STEP][PASSED] - callTestCase(findTestCase("AHI/_include/get_screenshot"), [:], STOP_ON_FAILURE): Call Test Case 'Test Cases/AHI/_include/get_screenshot' successfully&#xD;
&#xD;
2019-12-06 11:31:30 - [TEST_CASE][PASSED] - Test Cases/AHI/_include/get_screenshot: Test Cases/AHI/_include/get_screenshot&#xD;
&#xD;
2019-12-06 11:31:30 - [TEST_STEP][PASSED] - takeScreenshot(screenPath + i + ".png"): Taking screenshot successfully&#xD;
&#xD;
2019-12-06 11:31:30 - [MESSAGE][PASSED] - Taking screenshot successfully&#xD;
[[ATTACHMENT|D:\\Test\\AgileTest\\AgileTest\\Reports\\AHI\\stm\\20191206_112427\\../Screenshots/iPhone 6/stm/Everest/standard/4.png]]&#xD;
&#xD;
2019-12-06 11:31:30 - [TEST_STEP][PASSED] - (internal.GlobalVariable.i++): null&#xD;
&#xD;
2019-12-06 11:31:30 - [MESSAGE][PASSED] - Call Test Case 'Test Cases/AHI/_include/get_screenshot' successfully&#xD;
&#xD;
2019-12-06 11:31:30 - [MESSAGE][PASSED] - Call Test Case 'Test Cases/AHI/_include/goToDetail_stm' successfully&#xD;
&#xD;
2019-12-06 11:31:30 - [TEST_STEP][PASSED] - callTestCase(findTestCase("AHI/_include/apply_stm"), [:], STOP_ON_FAILURE): Call Test Case 'Test Cases/AHI/_include/apply_stm' successfully&#xD;
&#xD;
2019-12-06 11:31:30 - [TEST_CASE][PASSED] - Test Cases/AHI/_include/apply_stm: Test Cases/AHI/_include/apply_stm&#xD;
&#xD;
2019-12-06 11:31:30 - [TEST_STEP][PASSED] - waitForElementVisible(findTestObject("mobileSanity/STM/STM PlanDetail Page/a_Apply for This Plan"), 5): Object 'Object Repository/mobileSanity/STM/STM PlanDetail Page/a_Apply for This Plan' is visible&#xD;
&#xD;
2019-12-06 11:31:30 - [MESSAGE][PASSED] - Object 'Object Repository/mobileSanity/STM/STM PlanDetail Page/a_Apply for This Plan' is visible&#xD;
&#xD;
2019-12-06 11:31:30 - [TEST_STEP][PASSED] - click(findTestObject("mobileSanity/STM/STM PlanDetail Page/a_Apply for This Plan")): Object: 'Object Repository/mobileSanity/STM/STM PlanDetail Page/a_Apply for This Plan' is clicked on&#xD;
&#xD;
2019-12-06 11:31:32 - [MESSAGE][PASSED] - Object: 'Object Repository/mobileSanity/STM/STM PlanDetail Page/a_Apply for This Plan' is clicked on&#xD;
&#xD;
2019-12-06 11:31:32 - [TEST_STEP][PASSED] - waitForPageLoad(10): Wait for page load successfully&#xD;
&#xD;
2019-12-06 11:31:32 - [MESSAGE][PASSED] - Wait for page load successfully&#xD;
&#xD;
2019-12-06 11:31:32 - [TEST_STEP][PASSED] - Thread.sleep(2000): null&#xD;
&#xD;
2019-12-06 11:31:34 - [TEST_STEP][PASSED] - callTestCase(findTestCase("AHI/_include/get_screenshot"), [:], STOP_ON_FAILURE): Call Test Case 'Test Cases/AHI/_include/get_screenshot' successfully&#xD;
&#xD;
2019-12-06 11:31:34 - [TEST_CASE][PASSED] - Test Cases/AHI/_include/get_screenshot: Test Cases/AHI/_include/get_screenshot&#xD;
&#xD;
2019-12-06 11:31:34 - [TEST_STEP][PASSED] - takeScreenshot(screenPath + i + ".png"): Taking screenshot successfully&#xD;
&#xD;
2019-12-06 11:31:35 - [MESSAGE][PASSED] - Taking screenshot successfully&#xD;
[[ATTACHMENT|D:\\Test\\AgileTest\\AgileTest\\Reports\\AHI\\stm\\20191206_112427\\../Screenshots/iPhone 6/stm/Everest/standard/5.png]]&#xD;
&#xD;
2019-12-06 11:31:35 - [TEST_STEP][PASSED] - (internal.GlobalVariable.i++): null&#xD;
&#xD;
2019-12-06 11:31:35 - [MESSAGE][PASSED] - Call Test Case 'Test Cases/AHI/_include/get_screenshot' successfully&#xD;
&#xD;
2019-12-06 11:31:35 - [TEST_STEP][PASSED] - waitForElementVisible(findTestObject("mobileSanity/STM/STM Apply Page/a_Start Secure Application"), 5): Object 'Object Repository/mobileSanity/STM/STM Apply Page/a_Start Secure Application' is visible&#xD;
&#xD;
2019-12-06 11:31:35 - [MESSAGE][PASSED] - Object 'Object Repository/mobileSanity/STM/STM Apply Page/a_Start Secure Application' is visible&#xD;
&#xD;
2019-12-06 11:31:35 - [TEST_STEP][PASSED] - click(findTestObject("mobileSanity/STM/STM Apply Page/a_Start Secure Application")): Object: 'Object Repository/mobileSanity/STM/STM Apply Page/a_Start Secure Application' is clicked on&#xD;
&#xD;
2019-12-06 11:31:36 - [MESSAGE][PASSED] - Object: 'Object Repository/mobileSanity/STM/STM Apply Page/a_Start Secure Application' is clicked on&#xD;
&#xD;
2019-12-06 11:31:36 - [TEST_STEP][PASSED] - waitForPageLoad(20): Wait for page load successfully&#xD;
&#xD;
2019-12-06 11:31:37 - [MESSAGE][PASSED] - Wait for page load successfully&#xD;
&#xD;
2019-12-06 11:31:37 - [TEST_STEP][PASSED] - Thread.sleep(2000): null&#xD;
&#xD;
2019-12-06 11:31:39 - [TEST_STEP][PASSED] - callTestCase(findTestCase("AHI/_include/get_screenshot"), [:], STOP_ON_FAILURE): Call Test Case 'Test Cases/AHI/_include/get_screenshot' successfully&#xD;
&#xD;
2019-12-06 11:31:39 - [TEST_CASE][PASSED] - Test Cases/AHI/_include/get_screenshot: Test Cases/AHI/_include/get_screenshot&#xD;
&#xD;
2019-12-06 11:31:39 - [TEST_STEP][PASSED] - takeScreenshot(screenPath + i + ".png"): Taking screenshot successfully&#xD;
&#xD;
2019-12-06 11:31:39 - [MESSAGE][PASSED] - Taking screenshot successfully&#xD;
[[ATTACHMENT|D:\\Test\\AgileTest\\AgileTest\\Reports\\AHI\\stm\\20191206_112427\\../Screenshots/iPhone 6/stm/Everest/standard/6.png]]&#xD;
&#xD;
2019-12-06 11:31:39 - [TEST_STEP][PASSED] - (internal.GlobalVariable.i++): null&#xD;
&#xD;
2019-12-06 11:31:39 - [MESSAGE][PASSED] - Call Test Case 'Test Cases/AHI/_include/get_screenshot' successfully&#xD;
&#xD;
2019-12-06 11:31:39 - [MESSAGE][PASSED] - Call Test Case 'Test Cases/AHI/_include/apply_stm' successfully&#xD;
&#xD;
2019-12-06 11:31:39 - [TEST_STEP][PASSED] - callTestCase(findTestCase("AHI/_include/goToEnd_stm_autofill"), [:], STOP_ON_FAILURE): Call Test Case 'Test Cases/AHI/_include/goToEnd_stm_autofill' successfully&#xD;
&#xD;
2019-12-06 11:31:39 - [TEST_CASE][PASSED] - Test Cases/AHI/_include/goToEnd_stm_autofill: Test Cases/AHI/_include/goToEnd_stm_autofill&#xD;
&#xD;
2019-12-06 11:31:39 - [TEST_STEP][PASSED] - callTestCase(findTestCase("AHI/_include/name"), [:], CONTINUE_ON_FAILURE): Call Test Case 'Test Cases/AHI/_include/name' successfully&#xD;
&#xD;
2019-12-06 11:31:39 - [TEST_CASE][PASSED] - Test Cases/AHI/_include/name: Test Cases/AHI/_include/name&#xD;
&#xD;
2019-12-06 11:31:39 - [TEST_STEP][PASSED] - driver = getWebDriver(): null&#xD;
&#xD;
2019-12-06 11:31:39 - [TEST_STEP][PASSED] - selenium = new com.thoughtworks.selenium.webdriven.WebDriverBackedSelenium(driver, internal.GlobalVariable.ENV): null&#xD;
&#xD;
2019-12-06 11:31:39 - [TEST_STEP][PASSED] - FirstName = "Test-123": null&#xD;
&#xD;
2019-12-06 11:31:39 - [TEST_STEP][PASSED] - LastName = selenium.getEval("{var x="ABCDEFGHIJKLMNOPQRSTUVWXYZabcdefghijklmnopqrstuvwxyz"; var tmp="ZZ11-"; for (i=0;i&lt;8;i++) tmp+=x.charAt(Math.ceil(51*Math.random()));tmp;}"): null&#xD;
&#xD;
2019-12-06 11:31:39 - [TEST_STEP][PASSED] - Address = selenium.getEval("{var x="ABCDEFGHIJKLMNOPQRSTUVWXYZabcdefghijklmnopqrstuvwxyz"; var tmp=""; for (i=0;i&lt;8;i++) tmp+=x.charAt(Math.ceil(51*Math.random()));tmp;}"): null&#xD;
&#xD;
2019-12-06 11:31:39 - [TEST_STEP][PASSED] - City = selenium.getEval("{var x="ABCDEFGHIJKLMNOPQRSTUVWXYZabcdefghijklmnopqrstuvwxyz"; var tmp=""; for (i=0;i&lt;8;i++) tmp+=x.charAt(Math.ceil(51*Math.random()));tmp;}"): null&#xD;
&#xD;
2019-12-06 11:31:39 - [TEST_STEP][PASSED] - tel1 = selenium.getEval("{var x="123456789"; var tmp=""; for (i=0;i&lt;3;i++) tmp+=x.charAt(Math.ceil(8*Math.random()));tmp;}"): null&#xD;
&#xD;
2019-12-06 11:31:39 - [TEST_STEP][PASSED] - tel2 = selenium.getEval("{var x="123456789"; var tmp=""; for (i=0;i&lt;3;i++) tmp+=x.charAt(Math.ceil(8*Math.random()));tmp;}"): null&#xD;
&#xD;
2019-12-06 11:31:39 - [TEST_STEP][PASSED] - tel3 = selenium.getEval("{var x="123456789"; var tmp=""; for (i=0;i&lt;4;i++) tmp+=x.charAt(Math.ceil(8*Math.random()));tmp;}"): null&#xD;
&#xD;
2019-12-06 11:31:39 - [TEST_STEP][PASSED] - Tel = selenium.getExpression(tel1 + "-" + tel2 + "-" + tel3): null&#xD;
&#xD;
2019-12-06 11:31:39 - [TEST_STEP][PASSED] - AutoEmail = selenium.getEval("{var x="ABCDEFGHIJKLMNOPQRSTUVWXYZabcdefghijklmnopqrstuvwxyz"; var tmp="test."; for (i=0;i&lt;8;i++) tmp+=x.charAt(Math.ceil(51*Math.random()));tmp+="@suryani.cn";}"): null&#xD;
&#xD;
2019-12-06 11:31:39 - [TEST_STEP][PASSED] - FirstName = FirstName: null&#xD;
&#xD;
2019-12-06 11:31:39 - [TEST_STEP][PASSED] - LastName = LastName: null&#xD;
&#xD;
2019-12-06 11:31:39 - [TEST_STEP][PASSED] - Address = Address: null&#xD;
&#xD;
2019-12-06 11:31:39 - [TEST_STEP][PASSED] - City = City: null&#xD;
&#xD;
2019-12-06 11:31:39 - [TEST_STEP][PASSED] - Tel = Tel: null&#xD;
&#xD;
2019-12-06 11:31:39 - [TEST_STEP][PASSED] - AutoEmail = AutoEmail: null&#xD;
&#xD;
2019-12-06 11:31:39 - [TEST_STEP][PASSED] - println(FirstName): null&#xD;
&#xD;
2019-12-06 11:31:39 - [TEST_STEP][PASSED] - println(LastName): null&#xD;
&#xD;
2019-12-06 11:31:39 - [TEST_STEP][PASSED] - println(Address): null&#xD;
&#xD;
2019-12-06 11:31:39 - [TEST_STEP][PASSED] - println(City): null&#xD;
&#xD;
2019-12-06 11:31:39 - [TEST_STEP][PASSED] - println(Tel): null&#xD;
&#xD;
2019-12-06 11:31:39 - [TEST_STEP][PASSED] - println(AutoEmail): null&#xD;
&#xD;
2019-12-06 11:31:39 - [MESSAGE][PASSED] - Call Test Case 'Test Cases/AHI/_include/name' successfully&#xD;
&#xD;
2019-12-06 11:31:39 - [TEST_STEP][FAILED] - try: Unable to verify text 'Month Duration Acknowledgement' is present  (Root cause: com.kms.katalon.core.exception.StepFailedException: Unable to verify text 'Month Duration Acknowledgement' is present &#xD;
	at com.kms.katalon.core.webui.keyword.internal.WebUIKeywordMain.stepFailed(WebUIKeywordMain.groovy:64)&#xD;
	at com.kms.katalon.core.webui.keyword.internal.WebUIKeywordMain.runKeyword(WebUIKeywordMain.groovy:26)&#xD;
	at com.kms.katalon.core.webui.keyword.builtin.VerifyTextPresentKeyword.verifyTextPresent(VerifyTextPresentKeyword.groovy:83)&#xD;
	at com.kms.katalon.core.webui.keyword.builtin.VerifyTextPresentKeyword.execute(VerifyTextPresentKeyword.groovy:68)&#xD;
	at com.kms.katalon.core.keyword.internal.KeywordExecutor.executeKeywordForPlatform(KeywordExecutor.groovy:56)&#xD;
	at com.kms.katalon.core.webui.keyword.WebUiBuiltInKeywords.verifyTextPresent(WebUiBuiltInKeywords.groovy:1693)&#xD;
	at com.kms.katalon.core.webui.keyword.WebUiBuiltInKeywords$verifyTextPresent$10.call(Unknown Source)&#xD;
	at goToEnd_stm_autofill.run(goToEnd_stm_autofill:19)&#xD;
	at com.kms.katalon.core.main.ScriptEngine.run(ScriptEngine.java:194)&#xD;
	at com.kms.katalon.core.main.ScriptEngine.runScriptAsRawText(ScriptEngine.java:119)&#xD;
	at com.kms.katalon.core.main.TestCaseExecutor.runScript(TestCaseExecutor.java:337)&#xD;
	at com.kms.katalon.core.main.TestCaseExecutor.doExecute(TestCaseExecutor.java:328)&#xD;
	at com.kms.katalon.core.main.TestCaseExecutor.processExecutionPhase(TestCaseExecutor.java:307)&#xD;
	at com.kms.katalon.core.main.TestCaseExecutor.accessMainPhase(TestCaseExecutor.java:299)&#xD;
	at com.kms.katalon.core.main.TestCaseExecutor.execute(TestCaseExecutor.java:233)&#xD;
	at com.kms.katalon.core.main.TestCaseMain.runTestCase(TestCaseMain.java:114)&#xD;
	at com.kms.katalon.core.keyword.builtin.CallTestCaseKeyword$_callTestCase_closure1.doCall(CallTestCaseKeyword.groovy:59)&#xD;
	at com.kms.katalon.core.keyword.builtin.CallTestCaseKeyword$_callTestCase_closure1.call(CallTestCaseKeyword.groovy)&#xD;
	at com.kms.katalon.core.keyword.internal.KeywordMain.runKeyword(KeywordMain.groovy:68)&#xD;
	at com.kms.katalon.core.keyword.builtin.CallTestCaseKeyword.callTestCase(CallTestCaseKeyword.groovy:81)&#xD;
	at com.kms.katalon.core.keyword.builtin.CallTestCaseKeyword.execute(CallTestCaseKeyword.groovy:44)&#xD;
	at com.kms.katalon.core.keyword.internal.KeywordExecutor.executeKeywordForPlatform(KeywordExecutor.groovy:56)&#xD;
	at com.kms.katalon.core.keyword.BuiltinKeywords.callTestCase(BuiltinKeywords.groovy:334)&#xD;
	at Everest.run(Everest:31)&#xD;
	at com.kms.katalon.core.main.ScriptEngine.run(ScriptEngine.java:194)&#xD;
	at com.kms.katalon.core.main.ScriptEngine.runScriptAsRawText(ScriptEngine.java:119)&#xD;
	at com.kms.katalon.core.main.TestCaseExecutor.runScript(TestCaseExecutor.java:337)&#xD;
	at com.kms.katalon.core.main.TestCaseExecutor.doExecute(TestCaseExecutor.java:328)&#xD;
	at com.kms.katalon.core.main.TestCaseExecutor.processExecutionPhase(TestCaseExecutor.java:307)&#xD;
	at com.kms.katalon.core.main.TestCaseExecutor.accessMainPhase(TestCaseExecutor.java:299)&#xD;
	at com.kms.katalon.core.main.TestCaseExecutor.execute(TestCaseExecutor.java:233)&#xD;
	at com.kms.katalon.core.main.TestSuiteExecutor.accessTestCaseMainPhase(TestSuiteExecutor.java:133)&#xD;
	at com.kms.katalon.core.main.TestSuiteExecutor.accessTestSuiteMainPhase(TestSuiteExecutor.java:116)&#xD;
	at com.kms.katalon.core.main.TestSuiteExecutor.execute(TestSuiteExecutor.java:83)&#xD;
	at com.kms.katalon.core.main.TestCaseMain.startTestSuite(TestCaseMain.java:157)&#xD;
	at com.kms.katalon.core.main.TestCaseMain$startTestSuite$0.call(Unknown Source)&#xD;
	at TempTestSuite1575602667225.run(TempTestSuite1575602667225.groovy:35)&#xD;
Caused by: com.kms.katalon.core.exception.StepFailedException: Text 'Month Duration Acknowledgement' is not present on page &#xD;
	at com.kms.katalon.core.webui.keyword.internal.WebUIKeywordMain.stepFailed(WebUIKeywordMain.groovy:64)&#xD;
	at com.kms.katalon.core.webui.keyword.builtin.VerifyTextPresentKeyword$_verifyTextPresent_closure1.doCall(VerifyTextPresentKeyword.groovy:79)&#xD;
	at com.kms.katalon.core.webui.keyword.builtin.VerifyTextPresentKeyword$_verifyTextPresent_closure1.call(VerifyTextPresentKeyword.groovy)&#xD;
	at com.kms.katalon.core.webui.keyword.internal.WebUIKeywordMain.runKeyword(WebUIKeywordMain.groovy:20)&#xD;
	... 35 more&#xD;
)&#xD;
&#xD;
2019-12-06 11:31:40 - [TEST_STEP][FAILED] - if (verifyTextPresent("Month Duration Acknowledgement", false)): Unable to verify text 'Month Duration Acknowledgement' is present  (Root cause: com.kms.katalon.core.exception.StepFailedException: Unable to verify text 'Month Duration Acknowledgement' is present &#xD;
	at com.kms.katalon.core.webui.keyword.internal.WebUIKeywordMain.stepFailed(WebUIKeywordMain.groovy:64)&#xD;
	at com.kms.katalon.core.webui.keyword.internal.WebUIKeywordMain.runKeyword(WebUIKeywordMain.groovy:26)&#xD;
	at com.kms.katalon.core.webui.keyword.builtin.VerifyTextPresentKeyword.verifyTextPresent(VerifyTextPresentKeyword.groovy:83)&#xD;
	at com.kms.katalon.core.webui.keyword.builtin.VerifyTextPresentKeyword.execute(VerifyTextPresentKeyword.groovy:68)&#xD;
	at com.kms.katalon.core.keyword.internal.KeywordExecutor.executeKeywordForPlatform(KeywordExecutor.groovy:56)&#xD;
	at com.kms.katalon.core.webui.keyword.WebUiBuiltInKeywords.verifyTextPresent(WebUiBuiltInKeywords.groovy:1693)&#xD;
	at com.kms.katalon.core.webui.keyword.WebUiBuiltInKeywords$verifyTextPresent$10.call(Unknown Source)&#xD;
	at goToEnd_stm_autofill.run(goToEnd_stm_autofill:19)&#xD;
	at com.kms.katalon.core.main.ScriptEngine.run(ScriptEngine.java:194)&#xD;
	at com.kms.katalon.core.main.ScriptEngine.runScriptAsRawText(ScriptEngine.java:119)&#xD;
	at com.kms.katalon.core.main.TestCaseExecutor.runScript(TestCaseExecutor.java:337)&#xD;
	at com.kms.katalon.core.main.TestCaseExecutor.doExecute(TestCaseExecutor.java:328)&#xD;
	at com.kms.katalon.core.main.TestCaseExecutor.processExecutionPhase(TestCaseExecutor.java:307)&#xD;
	at com.kms.katalon.core.main.TestCaseExecutor.accessMainPhase(TestCaseExecutor.java:299)&#xD;
	at com.kms.katalon.core.main.TestCaseExecutor.execute(TestCaseExecutor.java:233)&#xD;
	at com.kms.katalon.core.main.TestCaseMain.runTestCase(TestCaseMain.java:114)&#xD;
	at com.kms.katalon.core.keyword.builtin.CallTestCaseKeyword$_callTestCase_closure1.doCall(CallTestCaseKeyword.groovy:59)&#xD;
	at com.kms.katalon.core.keyword.builtin.CallTestCaseKeyword$_callTestCase_closure1.call(CallTestCaseKeyword.groovy)&#xD;
	at com.kms.katalon.core.keyword.internal.KeywordMain.runKeyword(KeywordMain.groovy:68)&#xD;
	at com.kms.katalon.core.keyword.builtin.CallTestCaseKeyword.callTestCase(CallTestCaseKeyword.groovy:81)&#xD;
	at com.kms.katalon.core.keyword.builtin.CallTestCaseKeyword.execute(CallTestCaseKeyword.groovy:44)&#xD;
	at com.kms.katalon.core.keyword.internal.KeywordExecutor.executeKeywordForPlatform(KeywordExecutor.groovy:56)&#xD;
	at com.kms.katalon.core.keyword.BuiltinKeywords.callTestCase(BuiltinKeywords.groovy:334)&#xD;
	at Everest.run(Everest:31)&#xD;
	at com.kms.katalon.core.main.ScriptEngine.run(ScriptEngine.java:194)&#xD;
	at com.kms.katalon.core.main.ScriptEngine.runScriptAsRawText(ScriptEngine.java:119)&#xD;
	at com.kms.katalon.core.main.TestCaseExecutor.runScript(TestCaseExecutor.java:337)&#xD;
	at com.kms.katalon.core.main.TestCaseExecutor.doExecute(TestCaseExecutor.java:328)&#xD;
	at com.kms.katalon.core.main.TestCaseExecutor.processExecutionPhase(TestCaseExecutor.java:307)&#xD;
	at com.kms.katalon.core.main.TestCaseExecutor.accessMainPhase(TestCaseExecutor.java:299)&#xD;
	at com.kms.katalon.core.main.TestCaseExecutor.execute(TestCaseExecutor.java:233)&#xD;
	at com.kms.katalon.core.main.TestSuiteExecutor.accessTestCaseMainPhase(TestSuiteExecutor.java:133)&#xD;
	at com.kms.katalon.core.main.TestSuiteExecutor.accessTestSuiteMainPhase(TestSuiteExecutor.java:116)&#xD;
	at com.kms.katalon.core.main.TestSuiteExecutor.execute(TestSuiteExecutor.java:83)&#xD;
	at com.kms.katalon.core.main.TestCaseMain.startTestSuite(TestCaseMain.java:157)&#xD;
	at com.kms.katalon.core.main.TestCaseMain$startTestSuite$0.call(Unknown Source)&#xD;
	at TempTestSuite1575602667225.run(TempTestSuite1575602667225.groovy:35)&#xD;
Caused by: com.kms.katalon.core.exception.StepFailedException: Text 'Month Duration Acknowledgement' is not present on page &#xD;
	at com.kms.katalon.core.webui.keyword.internal.WebUIKeywordMain.stepFailed(WebUIKeywordMain.groovy:64)&#xD;
	at com.kms.katalon.core.webui.keyword.builtin.VerifyTextPresentKeyword$_verifyTextPresent_closure1.doCall(VerifyTextPresentKeyword.groovy:79)&#xD;
	at com.kms.katalon.core.webui.keyword.builtin.VerifyTextPresentKeyword$_verifyTextPresent_closure1.call(VerifyTextPresentKeyword.groovy)&#xD;
	at com.kms.katalon.core.webui.keyword.internal.WebUIKeywordMain.runKeyword(WebUIKeywordMain.groovy:20)&#xD;
	... 35 more&#xD;
)&#xD;
&#xD;
2019-12-06 11:31:40 - [MESSAGE][FAILED] - Text 'Month Duration Acknowledgement' is not present on page  (Root cause: com.kms.katalon.core.exception.StepFailedException: Text 'Month Duration Acknowledgement' is not present on page &#xD;
	at com.kms.katalon.core.webui.keyword.internal.WebUIKeywordMain.stepFailed(WebUIKeywordMain.groovy:64)&#xD;
	at com.kms.katalon.core.webui.keyword.builtin.VerifyTextPresentKeyword$_verifyTextPresent_closure1.doCall(VerifyTextPresentKeyword.groovy:79)&#xD;
	at com.kms.katalon.core.webui.keyword.builtin.VerifyTextPresentKeyword$_verifyTextPresent_closure1.call(VerifyTextPresentKeyword.groovy)&#xD;
	at com.kms.katalon.core.webui.keyword.internal.WebUIKeywordMain.runKeyword(WebUIKeywordMain.groovy:20)&#xD;
	at com.kms.katalon.core.webui.keyword.builtin.VerifyTextPresentKeyword.verifyTextPresent(VerifyTextPresentKeyword.groovy:83)&#xD;
	at com.kms.katalon.core.webui.keyword.builtin.VerifyTextPresentKeyword.execute(VerifyTextPresentKeyword.groovy:68)&#xD;
	at com.kms.katalon.core.keyword.internal.KeywordExecutor.executeKeywordForPlatform(KeywordExecutor.groovy:56)&#xD;
	at com.kms.katalon.core.webui.keyword.WebUiBuiltInKeywords.verifyTextPresent(WebUiBuiltInKeywords.groovy:1693)&#xD;
	at com.kms.katalon.core.webui.keyword.WebUiBuiltInKeywords$verifyTextPresent$10.call(Unknown Source)&#xD;
	at goToEnd_stm_autofill.run(goToEnd_stm_autofill:19)&#xD;
	at com.kms.katalon.core.main.ScriptEngine.run(ScriptEngine.java:194)&#xD;
	at com.kms.katalon.core.main.ScriptEngine.runScriptAsRawText(ScriptEngine.java:119)&#xD;
	at com.kms.katalon.core.main.TestCaseExecutor.runScript(TestCaseExecutor.java:337)&#xD;
	at com.kms.katalon.core.main.TestCaseExecutor.doExecute(TestCaseExecutor.java:328)&#xD;
	at com.kms.katalon.core.main.TestCaseExecutor.processExecutionPhase(TestCaseExecutor.java:307)&#xD;
	at com.kms.katalon.core.main.TestCaseExecutor.accessMainPhase(TestCaseExecutor.java:299)&#xD;
	at com.kms.katalon.core.main.TestCaseExecutor.execute(TestCaseExecutor.java:233)&#xD;
	at com.kms.katalon.core.main.TestCaseMain.runTestCase(TestCaseMain.java:114)&#xD;
	at com.kms.katalon.core.keyword.builtin.CallTestCaseKeyword$_callTestCase_closure1.doCall(CallTestCaseKeyword.groovy:59)&#xD;
	at com.kms.katalon.core.keyword.builtin.CallTestCaseKeyword$_callTestCase_closure1.call(CallTestCaseKeyword.groovy)&#xD;
	at com.kms.katalon.core.keyword.internal.KeywordMain.runKeyword(KeywordMain.groovy:68)&#xD;
	at com.kms.katalon.core.keyword.builtin.CallTestCaseKeyword.callTestCase(CallTestCaseKeyword.groovy:81)&#xD;
	at com.kms.katalon.core.keyword.builtin.CallTestCaseKeyword.execute(CallTestCaseKeyword.groovy:44)&#xD;
	at com.kms.katalon.core.keyword.internal.KeywordExecutor.executeKeywordForPlatform(KeywordExecutor.groovy:56)&#xD;
	at com.kms.katalon.core.keyword.BuiltinKeywords.callTestCase(BuiltinKeywords.groovy:334)&#xD;
	at Everest.run(Everest:31)&#xD;
	at com.kms.katalon.core.main.ScriptEngine.run(ScriptEngine.java:194)&#xD;
	at com.kms.katalon.core.main.ScriptEngine.runScriptAsRawText(ScriptEngine.java:119)&#xD;
	at com.kms.katalon.core.main.TestCaseExecutor.runScript(TestCaseExecutor.java:337)&#xD;
	at com.kms.katalon.core.main.TestCaseExecutor.doExecute(TestCaseExecutor.java:328)&#xD;
	at com.kms.katalon.core.main.TestCaseExecutor.processExecutionPhase(TestCaseExecutor.java:307)&#xD;
	at com.kms.katalon.core.main.TestCaseExecutor.accessMainPhase(TestCaseExecutor.java:299)&#xD;
	at com.kms.katalon.core.main.TestCaseExecutor.execute(TestCaseExecutor.java:233)&#xD;
	at com.kms.katalon.core.main.TestSuiteExecutor.accessTestCaseMainPhase(TestSuiteExecutor.java:133)&#xD;
	at com.kms.katalon.core.main.TestSuiteExecutor.accessTestSuiteMainPhase(TestSuiteExecutor.java:116)&#xD;
	at com.kms.katalon.core.main.TestSuiteExecutor.execute(TestSuiteExecutor.java:83)&#xD;
	at com.kms.katalon.core.main.TestCaseMain.startTestSuite(TestCaseMain.java:157)&#xD;
	at com.kms.katalon.core.main.TestCaseMain$startTestSuite$0.call(Unknown Source)&#xD;
	at TempTestSuite1575602667225.run(TempTestSuite1575602667225.groovy:35)&#xD;
)&#xD;
&#xD;
2019-12-06 11:31:41 - [MESSAGE][FAILED] - Unable to verify text 'Month Duration Acknowledgement' is present  (Root cause: com.kms.katalon.core.exception.StepFailedException: Unable to verify text 'Month Duration Acknowledgement' is present &#xD;
	at com.kms.katalon.core.webui.keyword.internal.WebUIKeywordMain.stepFailed(WebUIKeywordMain.groovy:64)&#xD;
	at com.kms.katalon.core.webui.keyword.internal.WebUIKeywordMain.runKeyword(WebUIKeywordMain.groovy:26)&#xD;
	at com.kms.katalon.core.webui.keyword.builtin.VerifyTextPresentKeyword.verifyTextPresent(VerifyTextPresentKeyword.groovy:83)&#xD;
	at com.kms.katalon.core.webui.keyword.builtin.VerifyTextPresentKeyword.execute(VerifyTextPresentKeyword.groovy:68)&#xD;
	at com.kms.katalon.core.keyword.internal.KeywordExecutor.executeKeywordForPlatform(KeywordExecutor.groovy:56)&#xD;
	at com.kms.katalon.core.webui.keyword.WebUiBuiltInKeywords.verifyTextPresent(WebUiBuiltInKeywords.groovy:1693)&#xD;
	at com.kms.katalon.core.webui.keyword.WebUiBuiltInKeywords$verifyTextPresent$10.call(Unknown Source)&#xD;
	at goToEnd_stm_autofill.run(goToEnd_stm_autofill:19)&#xD;
	at com.kms.katalon.core.main.ScriptEngine.run(ScriptEngine.java:194)&#xD;
	at com.kms.katalon.core.main.ScriptEngine.runScriptAsRawText(ScriptEngine.java:119)&#xD;
	at com.kms.katalon.core.main.TestCaseExecutor.runScript(TestCaseExecutor.java:337)&#xD;
	at com.kms.katalon.core.main.TestCaseExecutor.doExecute(TestCaseExecutor.java:328)&#xD;
	at com.kms.katalon.core.main.TestCaseExecutor.processExecutionPhase(TestCaseExecutor.java:307)&#xD;
	at com.kms.katalon.core.main.TestCaseExecutor.accessMainPhase(TestCaseExecutor.java:299)&#xD;
	at com.kms.katalon.core.main.TestCaseExecutor.execute(TestCaseExecutor.java:233)&#xD;
	at com.kms.katalon.core.main.TestCaseMain.runTestCase(TestCaseMain.java:114)&#xD;
	at com.kms.katalon.core.keyword.builtin.CallTestCaseKeyword$_callTestCase_closure1.doCall(CallTestCaseKeyword.groovy:59)&#xD;
	at com.kms.katalon.core.keyword.builtin.CallTestCaseKeyword$_callTestCase_closure1.call(CallTestCaseKeyword.groovy)&#xD;
	at com.kms.katalon.core.keyword.internal.KeywordMain.runKeyword(KeywordMain.groovy:68)&#xD;
	at com.kms.katalon.core.keyword.builtin.CallTestCaseKeyword.callTestCase(CallTestCaseKeyword.groovy:81)&#xD;
	at com.kms.katalon.core.keyword.builtin.CallTestCaseKeyword.execute(CallTestCaseKeyword.groovy:44)&#xD;
	at com.kms.katalon.core.keyword.internal.KeywordExecutor.executeKeywordForPlatform(KeywordExecutor.groovy:56)&#xD;
	at com.kms.katalon.core.keyword.BuiltinKeywords.callTestCase(BuiltinKeywords.groovy:334)&#xD;
	at Everest.run(Everest:31)&#xD;
	at com.kms.katalon.core.main.ScriptEngine.run(ScriptEngine.java:194)&#xD;
	at com.kms.katalon.core.main.ScriptEngine.runScriptAsRawText(ScriptEngine.java:119)&#xD;
	at com.kms.katalon.core.main.TestCaseExecutor.runScript(TestCaseExecutor.java:337)&#xD;
	at com.kms.katalon.core.main.TestCaseExecutor.doExecute(TestCaseExecutor.java:328)&#xD;
	at com.kms.katalon.core.main.TestCaseExecutor.processExecutionPhase(TestCaseExecutor.java:307)&#xD;
	at com.kms.katalon.core.main.TestCaseExecutor.accessMainPhase(TestCaseExecutor.java:299)&#xD;
	at com.kms.katalon.core.main.TestCaseExecutor.execute(TestCaseExecutor.java:233)&#xD;
	at com.kms.katalon.core.main.TestSuiteExecutor.accessTestCaseMainPhase(TestSuiteExecutor.java:133)&#xD;
	at com.kms.katalon.core.main.TestSuiteExecutor.accessTestSuiteMainPhase(TestSuiteExecutor.java:116)&#xD;
	at com.kms.katalon.core.main.TestSuiteExecutor.execute(TestSuiteExecutor.java:83)&#xD;
	at com.kms.katalon.core.main.TestCaseMain.startTestSuite(TestCaseMain.java:157)&#xD;
	at com.kms.katalon.core.main.TestCaseMain$startTestSuite$0.call(Unknown Source)&#xD;
	at TempTestSuite1575602667225.run(TempTestSuite1575602667225.groovy:35)&#xD;
Caused by: com.kms.katalon.core.exception.StepFailedException: Text 'Month Duration Acknowledgement' is not present on page &#xD;
	at com.kms.katalon.core.webui.keyword.internal.WebUIKeywordMain.stepFailed(WebUIKeywordMain.groovy:64)&#xD;
	at com.kms.katalon.core.webui.keyword.builtin.VerifyTextPresentKeyword$_verifyTextPresent_closure1.doCall(VerifyTextPresentKeyword.groovy:79)&#xD;
	at com.kms.katalon.core.webui.keyword.builtin.VerifyTextPresentKeyword$_verifyTextPresent_closure1.call(VerifyTextPresentKeyword.groovy)&#xD;
	at com.kms.katalon.core.webui.keyword.internal.WebUIKeywordMain.runKeyword(WebUIKeywordMain.groovy:20)&#xD;
	... 35 more&#xD;
)&#xD;
[[ATTACHMENT|D:\\Test\\AgileTest\\AgileTest\\Reports\\AHI\\stm\\20191206_112427\\1575603100887.png]]&#xD;
&#xD;
2019-12-06 11:31:42 - [TEST_STEP][PASSED] - catch (Exception e): null&#xD;
&#xD;
2019-12-06 11:31:42 - [TEST_STEP][PASSED] - println("no consecutive"): null&#xD;
&#xD;
2019-12-06 11:31:42 - [TEST_STEP][PASSED] - waitForPageLoad(10): Wait for page load successfully&#xD;
&#xD;
2019-12-06 11:31:42 - [MESSAGE][PASSED] - Wait for page load successfully&#xD;
&#xD;
2019-12-06 11:31:42 - [TEST_STEP][PASSED] - Thread.sleep(3000): null&#xD;
&#xD;
2019-12-06 11:31:45 - [TEST_STEP][PASSED] - waitForElementVisible(findTestObject("mobileSanity/STM/Page_App Page 1/a_Autofill App Info"), 20): Object 'Object Repository/mobileSanity/STM/Page_App Page 1/a_Autofill App Info' is visible&#xD;
&#xD;
2019-12-06 11:31:45 - [MESSAGE][PASSED] - Object 'Object Repository/mobileSanity/STM/Page_App Page 1/a_Autofill App Info' is visible&#xD;
&#xD;
2019-12-06 11:31:45 - [TEST_STEP][PASSED] - click(findTestObject("mobileSanity/STM/Page_App Page 1/a_Autofill App Info")): Object: 'Object Repository/mobileSanity/STM/Page_App Page 1/a_Autofill App Info' is clicked on&#xD;
&#xD;
2019-12-06 11:31:45 - [MESSAGE][PASSED] - Object: 'Object Repository/mobileSanity/STM/Page_App Page 1/a_Autofill App Info' is clicked on&#xD;
&#xD;
2019-12-06 11:31:45 - [TEST_STEP][PASSED] - Thread.sleep(1000): null&#xD;
&#xD;
2019-12-06 11:31:46 - [TEST_STEP][PASSED] - click(findTestObject("mobileSanity/STM/Page_App Page 1/a_Autofill App Info")): Object: 'Object Repository/mobileSanity/STM/Page_App Page 1/a_Autofill App Info' is clicked on&#xD;
&#xD;
2019-12-06 11:31:47 - [MESSAGE][PASSED] - Object: 'Object Repository/mobileSanity/STM/Page_App Page 1/a_Autofill App Info' is clicked on&#xD;
&#xD;
2019-12-06 11:31:47 - [TEST_STEP][PASSED] - Thread.sleep(1000): null&#xD;
&#xD;
2019-12-06 11:31:48 - [TEST_STEP][PASSED] - waitForElementVisible(findTestObject("mobileSanity/STM/Page_App Page 1/a_Continue"), 20): Object 'Object Repository/mobileSanity/STM/Page_App Page 1/a_Continue' is visible&#xD;
&#xD;
2019-12-06 11:31:48 - [MESSAGE][PASSED] - Object 'Object Repository/mobileSanity/STM/Page_App Page 1/a_Continue' is visible&#xD;
&#xD;
2019-12-06 11:31:48 - [TEST_STEP][PASSED] - click(findTestObject("mobileSanity/STM/Page_App Page 1/a_Continue")): Object: 'Object Repository/mobileSanity/STM/Page_App Page 1/a_Continue' is clicked on&#xD;
&#xD;
2019-12-06 11:31:48 - [MESSAGE][PASSED] - Object: 'Object Repository/mobileSanity/STM/Page_App Page 1/a_Continue' is clicked on&#xD;
&#xD;
2019-12-06 11:31:48 - [TEST_STEP][PASSED] - waitForPageLoad(20): Wait for page load successfully&#xD;
&#xD;
2019-12-06 11:31:48 - [MESSAGE][PASSED] - Wait for page load successfully&#xD;
&#xD;
2019-12-06 11:31:48 - [TEST_STEP][PASSED] - Thread.sleep(5000): null&#xD;
&#xD;
2019-12-06 11:31:53 - [TEST_STEP][PASSED] - callTestCase(findTestCase("AHI/_include/get_screenshot"), [:], STOP_ON_FAILURE): Call Test Case 'Test Cases/AHI/_include/get_screenshot' successfully&#xD;
&#xD;
2019-12-06 11:31:53 - [TEST_CASE][PASSED] - Test Cases/AHI/_include/get_screenshot: Test Cases/AHI/_include/get_screenshot&#xD;
&#xD;
2019-12-06 11:31:53 - [TEST_STEP][PASSED] - takeScreenshot(screenPath + i + ".png"): Taking screenshot successfully&#xD;
&#xD;
2019-12-06 11:31:53 - [MESSAGE][PASSED] - Taking screenshot successfully&#xD;
[[ATTACHMENT|D:\\Test\\AgileTest\\AgileTest\\Reports\\AHI\\stm\\20191206_112427\\../Screenshots/iPhone 6/stm/Everest/standard/7.png]]&#xD;
&#xD;
2019-12-06 11:31:53 - [TEST_STEP][PASSED] - (internal.GlobalVariable.i++): null&#xD;
&#xD;
2019-12-06 11:31:53 - [MESSAGE][PASSED] - Call Test Case 'Test Cases/AHI/_include/get_screenshot' successfully&#xD;
&#xD;
2019-12-06 11:31:53 - [TEST_STEP][PASSED] - click(findTestObject("mobileSanity/STM/Page_App Page 2/a_Continue to Step 3 - Payment")): Object: 'Object Repository/mobileSanity/STM/Page_App Page 2/a_Continue to Step 3 - Payment' is clicked on&#xD;
&#xD;
2019-12-06 11:31:54 - [MESSAGE][PASSED] - Object: 'Object Repository/mobileSanity/STM/Page_App Page 2/a_Continue to Step 3 - Payment' is clicked on&#xD;
&#xD;
2019-12-06 11:31:54 - [TEST_STEP][PASSED] - waitForPageLoad(20): Wait for page load successfully&#xD;
&#xD;
2019-12-06 11:31:54 - [MESSAGE][PASSED] - Wait for page load successfully&#xD;
&#xD;
2019-12-06 11:31:54 - [TEST_STEP][PASSED] - waitForElementVisible(findTestObject("mobileSanity/STM/Page_App Page 3/input__credit-card-cvv"), 20): Object 'Object Repository/mobileSanity/STM/Page_App Page 3/input__credit-card-cvv' is visible&#xD;
&#xD;
2019-12-06 11:31:55 - [MESSAGE][PASSED] - Object 'Object Repository/mobileSanity/STM/Page_App Page 3/input__credit-card-cvv' is visible&#xD;
&#xD;
2019-12-06 11:31:55 - [TEST_STEP][PASSED] - Thread.sleep(2000): null&#xD;
&#xD;
2019-12-06 11:31:57 - [TEST_STEP][PASSED] - callTestCase(findTestCase("AHI/_include/get_screenshot"), [:], STOP_ON_FAILURE): Call Test Case 'Test Cases/AHI/_include/get_screenshot' successfully&#xD;
&#xD;
2019-12-06 11:31:57 - [TEST_CASE][PASSED] - Test Cases/AHI/_include/get_screenshot: Test Cases/AHI/_include/get_screenshot&#xD;
&#xD;
2019-12-06 11:31:57 - [TEST_STEP][PASSED] - takeScreenshot(screenPath + i + ".png"): Taking screenshot successfully&#xD;
&#xD;
2019-12-06 11:31:57 - [MESSAGE][PASSED] - Taking screenshot successfully&#xD;
[[ATTACHMENT|D:\\Test\\AgileTest\\AgileTest\\Reports\\AHI\\stm\\20191206_112427\\../Screenshots/iPhone 6/stm/Everest/standard/8.png]]&#xD;
&#xD;
2019-12-06 11:31:57 - [TEST_STEP][PASSED] - (internal.GlobalVariable.i++): null&#xD;
&#xD;
2019-12-06 11:31:57 - [MESSAGE][PASSED] - Call Test Case 'Test Cases/AHI/_include/get_screenshot' successfully&#xD;
&#xD;
2019-12-06 11:31:57 - [TEST_STEP][PASSED] - clearText(findTestObject("mobileSanity/STM/Page_App Page 3/input__credit-card-cvv")): Text of object 'Object Repository/mobileSanity/STM/Page_App Page 3/input__credit-card-cvv' is cleared&#xD;
&#xD;
2019-12-06 11:31:57 - [MESSAGE][PASSED] - Text of object 'Object Repository/mobileSanity/STM/Page_App Page 3/input__credit-card-cvv' is cleared&#xD;
&#xD;
2019-12-06 11:31:57 - [TEST_STEP][PASSED] - setText(findTestObject("mobileSanity/STM/Page_App Page 3/input__credit-card-cvv"), "123"): Text '123' is set on object 'Object Repository/mobileSanity/STM/Page_App Page 3/input__credit-card-cvv'&#xD;
&#xD;
2019-12-06 11:31:58 - [MESSAGE][PASSED] - Text '123' is set on object 'Object Repository/mobileSanity/STM/Page_App Page 3/input__credit-card-cvv'&#xD;
&#xD;
2019-12-06 11:31:58 - [TEST_STEP][PASSED] - click(findTestObject("mobileSanity/STM/Page_App Page 3/label_I Accept Authorization f")): Object: 'Object Repository/mobileSanity/STM/Page_App Page 3/label_I Accept Authorization f' is clicked on&#xD;
&#xD;
2019-12-06 11:31:58 - [MESSAGE][PASSED] - Object: 'Object Repository/mobileSanity/STM/Page_App Page 3/label_I Accept Authorization f' is clicked on&#xD;
&#xD;
2019-12-06 11:31:58 - [TEST_STEP][PASSED] - click(findTestObject("mobileSanity/STM/Page_App Page 3/a_Continue to Step 4 - Review")): Object: 'Object Repository/mobileSanity/STM/Page_App Page 3/a_Continue to Step 4 - Review' is clicked on&#xD;
&#xD;
2019-12-06 11:31:58 - [MESSAGE][PASSED] - Object: 'Object Repository/mobileSanity/STM/Page_App Page 3/a_Continue to Step 4 - Review' is clicked on&#xD;
&#xD;
2019-12-06 11:31:58 - [TEST_STEP][PASSED] - waitForPageLoad(10): Wait for page load successfully&#xD;
&#xD;
2019-12-06 11:31:58 - [MESSAGE][PASSED] - Wait for page load successfully&#xD;
&#xD;
2019-12-06 11:31:58 - [TEST_STEP][PASSED] - waitForElementClickable(findTestObject("mobileSanity/STM/Page_App Page 4/label"), 10): Object 'Object Repository/mobileSanity/STM/Page_App Page 4/label' is clickable&#xD;
&#xD;
2019-12-06 11:32:00 - [MESSAGE][PASSED] - Object 'Object Repository/mobileSanity/STM/Page_App Page 4/label' is clickable&#xD;
&#xD;
2019-12-06 11:32:00 - [TEST_STEP][PASSED] - Thread.sleep(2000): null&#xD;
&#xD;
2019-12-06 11:32:02 - [TEST_STEP][PASSED] - callTestCase(findTestCase("AHI/_include/get_screenshot"), [:], STOP_ON_FAILURE): Call Test Case 'Test Cases/AHI/_include/get_screenshot' successfully&#xD;
&#xD;
2019-12-06 11:32:02 - [TEST_CASE][PASSED] - Test Cases/AHI/_include/get_screenshot: Test Cases/AHI/_include/get_screenshot&#xD;
&#xD;
2019-12-06 11:32:02 - [TEST_STEP][PASSED] - takeScreenshot(screenPath + i + ".png"): Taking screenshot successfully&#xD;
&#xD;
2019-12-06 11:32:02 - [MESSAGE][PASSED] - Taking screenshot successfully&#xD;
[[ATTACHMENT|D:\\Test\\AgileTest\\AgileTest\\Reports\\AHI\\stm\\20191206_112427\\../Screenshots/iPhone 6/stm/Everest/standard/9.png]]&#xD;
&#xD;
2019-12-06 11:32:02 - [TEST_STEP][PASSED] - (internal.GlobalVariable.i++): null&#xD;
&#xD;
2019-12-06 11:32:02 - [MESSAGE][PASSED] - Call Test Case 'Test Cases/AHI/_include/get_screenshot' successfully&#xD;
&#xD;
2019-12-06 11:32:02 - [TEST_STEP][PASSED] - click(findTestObject("mobileSanity/STM/Page_App Page 4/label")): Object: 'Object Repository/mobileSanity/STM/Page_App Page 4/label' is clicked on&#xD;
&#xD;
2019-12-06 11:32:02 - [MESSAGE][PASSED] - Object: 'Object Repository/mobileSanity/STM/Page_App Page 4/label' is clicked on&#xD;
&#xD;
2019-12-06 11:32:02 - [TEST_STEP][PASSED] - click(findTestObject("mobileSanity/STM/Page_App Page 4/div_CLICK TO SIGN")): Object: 'Object Repository/mobileSanity/STM/Page_App Page 4/div_CLICK TO SIGN' is clicked on&#xD;
&#xD;
2019-12-06 11:32:03 - [MESSAGE][PASSED] - Object: 'Object Repository/mobileSanity/STM/Page_App Page 4/div_CLICK TO SIGN' is clicked on&#xD;
&#xD;
2019-12-06 11:32:03 - [TEST_STEP][PASSED] - click(findTestObject("mobileSanity/STM/Page_App Page 4/a_Submit Your Application")): Object: 'Object Repository/mobileSanity/STM/Page_App Page 4/a_Submit Your Application' is clicked on&#xD;
&#xD;
2019-12-06 11:32:03 - [MESSAGE][PASSED] - Object: 'Object Repository/mobileSanity/STM/Page_App Page 4/a_Submit Your Application' is clicked on&#xD;
&#xD;
2019-12-06 11:32:03 - [TEST_STEP][PASSED] - Thread.sleep(30000): null&#xD;
&#xD;
2019-12-06 11:32:33 - [TEST_STEP][PASSED] - waitForElementPresent(findTestObject("mobileSanity/STM/Page_App Page 6/app-page-wrapper"), 20): Object 'Object Repository/mobileSanity/STM/Page_App Page 6/app-page-wrapper' is present&#xD;
&#xD;
2019-12-06 11:32:33 - [MESSAGE][PASSED] - Object 'Object Repository/mobileSanity/STM/Page_App Page 6/app-page-wrapper' is present&#xD;
&#xD;
2019-12-06 11:32:33 - [TEST_STEP][PASSED] - callTestCase(findTestCase("AHI/_include/get_screenshot"), [:], STOP_ON_FAILURE): Call Test Case 'Test Cases/AHI/_include/get_screenshot' successfully&#xD;
&#xD;
2019-12-06 11:32:33 - [TEST_CASE][PASSED] - Test Cases/AHI/_include/get_screenshot: Test Cases/AHI/_include/get_screenshot&#xD;
&#xD;
2019-12-06 11:32:33 - [TEST_STEP][PASSED] - takeScreenshot(screenPath + i + ".png"): Taking screenshot successfully&#xD;
&#xD;
2019-12-06 11:32:33 - [MESSAGE][PASSED] - Taking screenshot successfully&#xD;
[[ATTACHMENT|D:\\Test\\AgileTest\\AgileTest\\Reports\\AHI\\stm\\20191206_112427\\../Screenshots/iPhone 6/stm/Everest/standard/10.png]]&#xD;
&#xD;
2019-12-06 11:32:33 - [TEST_STEP][PASSED] - (internal.GlobalVariable.i++): null&#xD;
&#xD;
2019-12-06 11:32:33 - [MESSAGE][PASSED] - Call Test Case 'Test Cases/AHI/_include/get_screenshot' successfully&#xD;
&#xD;
2019-12-06 11:32:33 - [MESSAGE][PASSED] - Call Test Case 'Test Cases/AHI/_include/goToEnd_stm_autofill' successfully</system-out>
            <system-err></system-err>
        </testcase>
        <testcase name="Test Cases/AHI/stm/Everest Prime" classname="Test Cases/AHI/stm/Everest Prime" status="PASSED">
            <system-out>2019-12-06 11:32:33 - [TEST_CASE][PASSED] - Test Cases/AHI/stm/Everest Prime: Test Cases/AHI/stm/Everest Prime&#xD;
&#xD;
2019-12-06 11:32:34 - [TEST_STEP][PASSED] - callTestCase(findTestCase("AHI/_include/get_screenPath"), ["productLine":"stm", "carrierName":"Everest Prime"], CONTINUE_ON_FAILURE): Call Test Case 'Test Cases/AHI/_include/get_screenPath' successfully&#xD;
&#xD;
2019-12-06 11:32:34 - [TEST_CASE][PASSED] - Test Cases/AHI/_include/get_screenPath: Test Cases/AHI/_include/get_screenPath&#xD;
&#xD;
2019-12-06 11:32:34 - [TEST_STEP][PASSED] - m = getExecutionProperties(): null&#xD;
&#xD;
2019-12-06 11:32:34 - [TEST_STEP][PASSED] - deviceName = get("mobileEmulation").get("deviceName"): null&#xD;
&#xD;
2019-12-06 11:32:34 - [TEST_STEP][PASSED] - println(deviceName): null&#xD;
&#xD;
2019-12-06 11:32:34 - [TEST_STEP][PASSED] - now = new java.util.Date(): null&#xD;
&#xD;
2019-12-06 11:32:34 - [TEST_STEP][PASSED] - mydate = now.format("yyyyMMdd_HHmmss"): null&#xD;
&#xD;
2019-12-06 11:32:34 - [TEST_STEP][PASSED] - screenPath = "../Screenshots/": null&#xD;
&#xD;
2019-12-06 11:32:34 - [TEST_STEP][PASSED] - screenPath = screenPath + deviceName + "/" + productLine + "/" + carrierName + "/" + "standard" + "/": null&#xD;
&#xD;
2019-12-06 11:32:34 - [TEST_STEP][PASSED] - println(screenPath): null&#xD;
&#xD;
2019-12-06 11:32:34 - [MESSAGE][PASSED] - Call Test Case 'Test Cases/AHI/_include/get_screenPath' successfully&#xD;
&#xD;
2019-12-06 11:32:34 - [TEST_STEP][PASSED] - i = 0: null&#xD;
&#xD;
2019-12-06 11:32:34 - [TEST_STEP][PASSED] - callTestCase(findTestCase("AHI/_include/openWebSite"), [:], CONTINUE_ON_FAILURE): Call Test Case 'Test Cases/AHI/_include/openWebSite' successfully&#xD;
&#xD;
2019-12-06 11:32:34 - [TEST_CASE][PASSED] - Test Cases/AHI/_include/openWebSite: Test Cases/AHI/_include/openWebSite&#xD;
&#xD;
2019-12-06 11:32:34 - [TEST_STEP][PASSED] - openBrowser(env): Browser is opened with url: 'https://praetemptatus.agilehealthinsurance.com'&#xD;
&#xD;
2019-12-06 11:32:34 - [MESSAGE][WARNING] - A browser is already opened. Closing browser and opening a new one&#xD;
&#xD;
2019-12-06 11:32:35 - [MESSAGE][INFO] - Starting 'Chrome' driver&#xD;
&#xD;
2019-12-06 11:32:35 - [MESSAGE][INFO] - User set preference: ['mobileEmulation', '{deviceName=iPhone 6}']&#xD;
&#xD;
2019-12-06 11:32:35 - [MESSAGE][INFO] - User set preference: ['args', '[--incognito, --aggressive-cache-discard, --window-size=375,677, --no-sandbox]']&#xD;
&#xD;
2019-12-06 11:32:40 - [MESSAGE][PASSED] - Browser is opened with url: 'https://praetemptatus.agilehealthinsurance.com'&#xD;
&#xD;
2019-12-06 11:32:40 - [TEST_STEP][PASSED] - waitForPageLoad(20): Wait for page load successfully&#xD;
&#xD;
2019-12-06 11:32:40 - [MESSAGE][PASSED] - Wait for page load successfully&#xD;
&#xD;
2019-12-06 11:32:40 - [TEST_STEP][PASSED] - callTestCase(findTestCase("AHI/_include/get_screenshot"), [:], STOP_ON_FAILURE): Call Test Case 'Test Cases/AHI/_include/get_screenshot' successfully&#xD;
&#xD;
2019-12-06 11:32:40 - [TEST_CASE][PASSED] - Test Cases/AHI/_include/get_screenshot: Test Cases/AHI/_include/get_screenshot&#xD;
&#xD;
2019-12-06 11:32:40 - [TEST_STEP][PASSED] - takeScreenshot(screenPath + i + ".png"): Taking screenshot successfully&#xD;
&#xD;
2019-12-06 11:32:41 - [MESSAGE][PASSED] - Taking screenshot successfully&#xD;
[[ATTACHMENT|D:\\Test\\AgileTest\\AgileTest\\Reports\\AHI\\stm\\20191206_112427\\../Screenshots/iPhone 6/stm/Everest Prime/standard/0.png]]&#xD;
&#xD;
2019-12-06 11:32:41 - [TEST_STEP][PASSED] - (internal.GlobalVariable.i++): null&#xD;
&#xD;
2019-12-06 11:32:41 - [MESSAGE][PASSED] - Call Test Case 'Test Cases/AHI/_include/get_screenshot' successfully&#xD;
&#xD;
2019-12-06 11:32:41 - [MESSAGE][PASSED] - Call Test Case 'Test Cases/AHI/_include/openWebSite' successfully&#xD;
&#xD;
2019-12-06 11:32:41 - [TEST_STEP][PASSED] - callTestCase(findTestCase("AHI/_include/census_stm"), [:], CONTINUE_ON_FAILURE): Call Test Case 'Test Cases/AHI/_include/census_stm' successfully&#xD;
&#xD;
2019-12-06 11:32:41 - [TEST_CASE][PASSED] - Test Cases/AHI/_include/census_stm: Test Cases/AHI/_include/census_stm&#xD;
&#xD;
2019-12-06 11:32:41 - [TEST_STEP][PASSED] - waitForElementClickable(findTestObject("mobileSanity/STM/Home Page/a_Quote  Save Today"), 10): Object 'Object Repository/mobileSanity/STM/Home Page/a_Quote  Save Today' is clickable&#xD;
&#xD;
2019-12-06 11:32:41 - [MESSAGE][PASSED] - Object 'Object Repository/mobileSanity/STM/Home Page/a_Quote  Save Today' is clickable&#xD;
&#xD;
2019-12-06 11:32:41 - [TEST_STEP][PASSED] - click(findTestObject("mobileSanity/STM/Home Page/a_Quote  Save Today")): Object: 'Object Repository/mobileSanity/STM/Home Page/a_Quote  Save Today' is clicked on&#xD;
&#xD;
2019-12-06 11:32:42 - [MESSAGE][PASSED] - Object: 'Object Repository/mobileSanity/STM/Home Page/a_Quote  Save Today' is clicked on&#xD;
&#xD;
2019-12-06 11:32:42 - [TEST_STEP][PASSED] - waitForPageLoad(10): Wait for page load successfully&#xD;
&#xD;
2019-12-06 11:32:42 - [MESSAGE][PASSED] - Wait for page load successfully&#xD;
&#xD;
2019-12-06 11:32:42 - [TEST_STEP][PASSED] - callTestCase(findTestCase("AHI/_include/get_screenshot"), [:], STOP_ON_FAILURE): Call Test Case 'Test Cases/AHI/_include/get_screenshot' successfully&#xD;
&#xD;
2019-12-06 11:32:42 - [TEST_CASE][PASSED] - Test Cases/AHI/_include/get_screenshot: Test Cases/AHI/_include/get_screenshot&#xD;
&#xD;
2019-12-06 11:32:42 - [TEST_STEP][PASSED] - takeScreenshot(screenPath + i + ".png"): Taking screenshot successfully&#xD;
&#xD;
2019-12-06 11:32:43 - [MESSAGE][PASSED] - Taking screenshot successfully&#xD;
[[ATTACHMENT|D:\\Test\\AgileTest\\AgileTest\\Reports\\AHI\\stm\\20191206_112427\\../Screenshots/iPhone 6/stm/Everest Prime/standard/1.png]]&#xD;
&#xD;
2019-12-06 11:32:43 - [TEST_STEP][PASSED] - (internal.GlobalVariable.i++): null&#xD;
&#xD;
2019-12-06 11:32:43 - [MESSAGE][PASSED] - Call Test Case 'Test Cases/AHI/_include/get_screenshot' successfully&#xD;
&#xD;
2019-12-06 11:32:43 - [TEST_STEP][PASSED] - setText(findTestObject("mobileSanity/STM/STM Census Page/input_Location_zip-input"), zipcode): Text '35215' is set on object 'Object Repository/mobileSanity/STM/STM Census Page/input_Location_zip-input'&#xD;
&#xD;
2019-12-06 11:32:43 - [MESSAGE][PASSED] - Text '35215' is set on object 'Object Repository/mobileSanity/STM/STM Census Page/input_Location_zip-input'&#xD;
&#xD;
2019-12-06 11:32:43 - [TEST_STEP][PASSED] - Thread.sleep(500): null&#xD;
&#xD;
2019-12-06 11:32:44 - [TEST_STEP][PASSED] - setText(findTestObject("mobileSanity/STM/STM Census Page/input_Date of Birth_dob-0"), "03031987"): Text '03031987' is set on object 'Object Repository/mobileSanity/STM/STM Census Page/input_Date of Birth_dob-0'&#xD;
&#xD;
2019-12-06 11:32:44 - [MESSAGE][PASSED] - Text '03031987' is set on object 'Object Repository/mobileSanity/STM/STM Census Page/input_Date of Birth_dob-0'&#xD;
&#xD;
2019-12-06 11:32:44 - [TEST_STEP][PASSED] - click(findTestObject("mobileSanity/STM/STM Census Page/label_Male")): Object: 'Object Repository/mobileSanity/STM/STM Census Page/label_Male' is clicked on&#xD;
&#xD;
2019-12-06 11:32:45 - [MESSAGE][PASSED] - Object: 'Object Repository/mobileSanity/STM/STM Census Page/label_Male' is clicked on&#xD;
&#xD;
2019-12-06 11:32:45 - [TEST_STEP][PASSED] - click(findTestObject("mobileSanity/STM/STM Census Page/label_Compare Plans")): Object: 'Object Repository/mobileSanity/STM/STM Census Page/label_Compare Plans' is clicked on&#xD;
&#xD;
2019-12-06 11:32:45 - [MESSAGE][PASSED] - Object: 'Object Repository/mobileSanity/STM/STM Census Page/label_Compare Plans' is clicked on&#xD;
&#xD;
2019-12-06 11:32:45 - [TEST_STEP][PASSED] - waitForElementVisible(findTestObject("mobileSanity/STM/STM Quote Page/button_sort"), 20): Object 'Object Repository/mobileSanity/STM/STM Quote Page/button_sort' is visible&#xD;
&#xD;
2019-12-06 11:32:50 - [MESSAGE][PASSED] - Object 'Object Repository/mobileSanity/STM/STM Quote Page/button_sort' is visible&#xD;
&#xD;
2019-12-06 11:32:50 - [TEST_STEP][PASSED] - Thread.sleep(3000): null&#xD;
&#xD;
2019-12-06 11:32:53 - [TEST_STEP][PASSED] - callTestCase(findTestCase("AHI/_include/check_quoteleadform"), [:], STOP_ON_FAILURE): Call Test Case 'Test Cases/AHI/_include/check_quoteleadform' successfully&#xD;
&#xD;
2019-12-06 11:32:54 - [TEST_CASE][PASSED] - Test Cases/AHI/_include/check_quoteleadform: Test Cases/AHI/_include/check_quoteleadform&#xD;
&#xD;
2019-12-06 11:32:54 - [TEST_STEP][PASSED] - callTestCase(findTestCase("AHI/_include/name"), [:], CONTINUE_ON_FAILURE): Call Test Case 'Test Cases/AHI/_include/name' successfully&#xD;
&#xD;
2019-12-06 11:32:54 - [TEST_CASE][PASSED] - Test Cases/AHI/_include/name: Test Cases/AHI/_include/name&#xD;
&#xD;
2019-12-06 11:32:54 - [TEST_STEP][PASSED] - driver = getWebDriver(): null&#xD;
&#xD;
2019-12-06 11:32:54 - [TEST_STEP][PASSED] - selenium = new com.thoughtworks.selenium.webdriven.WebDriverBackedSelenium(driver, internal.GlobalVariable.ENV): null&#xD;
&#xD;
2019-12-06 11:32:54 - [TEST_STEP][PASSED] - FirstName = "Test-123": null&#xD;
&#xD;
2019-12-06 11:32:54 - [TEST_STEP][PASSED] - LastName = selenium.getEval("{var x="ABCDEFGHIJKLMNOPQRSTUVWXYZabcdefghijklmnopqrstuvwxyz"; var tmp="ZZ11-"; for (i=0;i&lt;8;i++) tmp+=x.charAt(Math.ceil(51*Math.random()));tmp;}"): null&#xD;
&#xD;
2019-12-06 11:32:54 - [TEST_STEP][PASSED] - Address = selenium.getEval("{var x="ABCDEFGHIJKLMNOPQRSTUVWXYZabcdefghijklmnopqrstuvwxyz"; var tmp=""; for (i=0;i&lt;8;i++) tmp+=x.charAt(Math.ceil(51*Math.random()));tmp;}"): null&#xD;
&#xD;
2019-12-06 11:32:54 - [TEST_STEP][PASSED] - City = selenium.getEval("{var x="ABCDEFGHIJKLMNOPQRSTUVWXYZabcdefghijklmnopqrstuvwxyz"; var tmp=""; for (i=0;i&lt;8;i++) tmp+=x.charAt(Math.ceil(51*Math.random()));tmp;}"): null&#xD;
&#xD;
2019-12-06 11:32:54 - [TEST_STEP][PASSED] - tel1 = selenium.getEval("{var x="123456789"; var tmp=""; for (i=0;i&lt;3;i++) tmp+=x.charAt(Math.ceil(8*Math.random()));tmp;}"): null&#xD;
&#xD;
2019-12-06 11:32:54 - [TEST_STEP][PASSED] - tel2 = selenium.getEval("{var x="123456789"; var tmp=""; for (i=0;i&lt;3;i++) tmp+=x.charAt(Math.ceil(8*Math.random()));tmp;}"): null&#xD;
&#xD;
2019-12-06 11:32:54 - [TEST_STEP][PASSED] - tel3 = selenium.getEval("{var x="123456789"; var tmp=""; for (i=0;i&lt;4;i++) tmp+=x.charAt(Math.ceil(8*Math.random()));tmp;}"): null&#xD;
&#xD;
2019-12-06 11:32:54 - [TEST_STEP][PASSED] - Tel = selenium.getExpression(tel1 + "-" + tel2 + "-" + tel3): null&#xD;
&#xD;
2019-12-06 11:32:54 - [TEST_STEP][PASSED] - AutoEmail = selenium.getEval("{var x="ABCDEFGHIJKLMNOPQRSTUVWXYZabcdefghijklmnopqrstuvwxyz"; var tmp="test."; for (i=0;i&lt;8;i++) tmp+=x.charAt(Math.ceil(51*Math.random()));tmp+="@suryani.cn";}"): null&#xD;
&#xD;
2019-12-06 11:32:54 - [TEST_STEP][PASSED] - FirstName = FirstName: null&#xD;
&#xD;
2019-12-06 11:32:54 - [TEST_STEP][PASSED] - LastName = LastName: null&#xD;
&#xD;
2019-12-06 11:32:54 - [TEST_STEP][PASSED] - Address = Address: null&#xD;
&#xD;
2019-12-06 11:32:54 - [TEST_STEP][PASSED] - City = City: null&#xD;
&#xD;
2019-12-06 11:32:54 - [TEST_STEP][PASSED] - Tel = Tel: null&#xD;
&#xD;
2019-12-06 11:32:54 - [TEST_STEP][PASSED] - AutoEmail = AutoEmail: null&#xD;
&#xD;
2019-12-06 11:32:54 - [TEST_STEP][PASSED] - println(FirstName): null&#xD;
&#xD;
2019-12-06 11:32:54 - [TEST_STEP][PASSED] - println(LastName): null&#xD;
&#xD;
2019-12-06 11:32:54 - [TEST_STEP][PASSED] - println(Address): null&#xD;
&#xD;
2019-12-06 11:32:54 - [TEST_STEP][PASSED] - println(City): null&#xD;
&#xD;
2019-12-06 11:32:54 - [TEST_STEP][PASSED] - println(Tel): null&#xD;
&#xD;
2019-12-06 11:32:54 - [TEST_STEP][PASSED] - println(AutoEmail): null&#xD;
&#xD;
2019-12-06 11:32:54 - [MESSAGE][PASSED] - Call Test Case 'Test Cases/AHI/_include/name' successfully&#xD;
&#xD;
2019-12-06 11:32:54 - [TEST_STEP][PASSED] - leadform_exist = test.MobileKeywords.isElementPresent_Web(findTestObject("mobileSanity/quote lead form/lead_form"), 20): test.MobileKeywords.isElementPresent_Web is PASSED&#xD;
&#xD;
2019-12-06 11:33:14 - [MESSAGE][INFO] - Unable to find the element located by 'By.xpath: //*[@id = 'lightboxLeadForm']'. Please recheck the objects properties to make sure the desired element is located. &#xD;
&#xD;
2019-12-06 11:33:14 - [MESSAGE][PASSED] - test.MobileKeywords.isElementPresent_Web is PASSED&#xD;
&#xD;
2019-12-06 11:33:14 - [TEST_STEP][PASSED] - if (leadform_exist): null&#xD;
&#xD;
2019-12-06 11:33:14 - [MESSAGE][PASSED] - Call Test Case 'Test Cases/AHI/_include/check_quoteleadform' successfully&#xD;
&#xD;
2019-12-06 11:33:14 - [TEST_STEP][PASSED] - callTestCase(findTestCase("AHI/_include/get_screenshot"), [:], STOP_ON_FAILURE): Call Test Case 'Test Cases/AHI/_include/get_screenshot' successfully&#xD;
&#xD;
2019-12-06 11:33:15 - [TEST_CASE][PASSED] - Test Cases/AHI/_include/get_screenshot: Test Cases/AHI/_include/get_screenshot&#xD;
&#xD;
2019-12-06 11:33:15 - [TEST_STEP][PASSED] - takeScreenshot(screenPath + i + ".png"): Taking screenshot successfully&#xD;
&#xD;
2019-12-06 11:33:15 - [MESSAGE][PASSED] - Taking screenshot successfully&#xD;
[[ATTACHMENT|D:\\Test\\AgileTest\\AgileTest\\Reports\\AHI\\stm\\20191206_112427\\../Screenshots/iPhone 6/stm/Everest Prime/standard/2.png]]&#xD;
&#xD;
2019-12-06 11:33:15 - [TEST_STEP][PASSED] - (internal.GlobalVariable.i++): null&#xD;
&#xD;
2019-12-06 11:33:15 - [MESSAGE][PASSED] - Call Test Case 'Test Cases/AHI/_include/get_screenshot' successfully&#xD;
&#xD;
2019-12-06 11:33:15 - [TEST_STEP][PASSED] - Thread.sleep(1000): null&#xD;
&#xD;
2019-12-06 11:33:16 - [MESSAGE][PASSED] - Call Test Case 'Test Cases/AHI/_include/census_stm' successfully&#xD;
&#xD;
2019-12-06 11:33:16 - [TEST_STEP][PASSED] - callTestCase(findTestCase("AHI/_include/filter_stm"), ["carrier":"everest"], STOP_ON_FAILURE): Call Test Case 'Test Cases/AHI/_include/filter_stm' successfully&#xD;
&#xD;
2019-12-06 11:33:16 - [TEST_CASE][PASSED] - Test Cases/AHI/_include/filter_stm: Test Cases/AHI/_include/filter_stm&#xD;
&#xD;
2019-12-06 11:33:16 - [TEST_STEP][PASSED] - driver = getWebDriver(): null&#xD;
&#xD;
2019-12-06 11:33:16 - [TEST_STEP][PASSED] - selenium = new com.thoughtworks.selenium.webdriven.WebDriverBackedSelenium(driver, internal.GlobalVariable.ENV): null&#xD;
&#xD;
2019-12-06 11:33:16 - [TEST_STEP][PASSED] - Thread.sleep(1000): null&#xD;
&#xD;
2019-12-06 11:33:17 - [TEST_STEP][PASSED] - click(findTestObject("mobileSanity/STM/STM Quote Page/button_filters")): Object: 'Object Repository/mobileSanity/STM/STM Quote Page/button_filters' is clicked on&#xD;
&#xD;
2019-12-06 11:33:18 - [MESSAGE][PASSED] - Object: 'Object Repository/mobileSanity/STM/STM Quote Page/button_filters' is clicked on&#xD;
&#xD;
2019-12-06 11:33:18 - [TEST_STEP][PASSED] - Thread.sleep(1000): null&#xD;
&#xD;
2019-12-06 11:33:19 - [TEST_STEP][PASSED] - click(findTestObject("mobileSanity/STM/STM Quote Page/i_Insurance company")): Object: 'Object Repository/mobileSanity/STM/STM Quote Page/i_Insurance company' is clicked on&#xD;
&#xD;
2019-12-06 11:33:19 - [MESSAGE][PASSED] - Object: 'Object Repository/mobileSanity/STM/STM Quote Page/i_Insurance company' is clicked on&#xD;
&#xD;
2019-12-06 11:33:19 - [TEST_STEP][PASSED] - Thread.sleep(1000): null&#xD;
&#xD;
2019-12-06 11:33:20 - [TEST_STEP][PASSED] - filter_carrier = "//input[@name='filter[carrier]' and @value='" + carrier + "']/following::label": null&#xD;
&#xD;
2019-12-06 11:33:20 - [TEST_STEP][PASSED] - println(filter_carrier): null&#xD;
&#xD;
2019-12-06 11:33:20 - [TEST_STEP][PASSED] - test.MobileKeywords.clickJS_ByXpath(filter_carrier): test.MobileKeywords.clickJS_ByXpath is PASSED&#xD;
&#xD;
2019-12-06 11:33:20 - [MESSAGE][PASSED] - Execute JavaScript 'arguments[0].click()' successfully&#xD;
&#xD;
2019-12-06 11:33:20 - [MESSAGE][PASSED] - test.MobileKeywords.clickJS_ByXpath is PASSED&#xD;
&#xD;
2019-12-06 11:33:20 - [TEST_STEP][PASSED] - scrollToElement(findTestObject("mobileSanity/STM/STM Quote Page/a_Show Plans"), 1000): Scroll to object 'Object Repository/mobileSanity/STM/STM Quote Page/a_Show Plans' successfully&#xD;
&#xD;
2019-12-06 11:33:20 - [MESSAGE][PASSED] - Scroll to object 'Object Repository/mobileSanity/STM/STM Quote Page/a_Show Plans' successfully&#xD;
&#xD;
2019-12-06 11:33:20 - [TEST_STEP][PASSED] - Thread.sleep(2000): null&#xD;
&#xD;
2019-12-06 11:33:22 - [TEST_STEP][PASSED] - click(findTestObject("mobileSanity/STM/STM Quote Page/a_Show Plans")): Object: 'Object Repository/mobileSanity/STM/STM Quote Page/a_Show Plans' is clicked on&#xD;
&#xD;
2019-12-06 11:33:23 - [MESSAGE][PASSED] - Object: 'Object Repository/mobileSanity/STM/STM Quote Page/a_Show Plans' is clicked on&#xD;
&#xD;
2019-12-06 11:33:23 - [TEST_STEP][PASSED] - waitForJQueryLoad(20, STOP_ON_FAILURE): jQuery is ready.&#xD;
&#xD;
2019-12-06 11:33:23 - [MESSAGE][PASSED] - jQuery is ready.&#xD;
&#xD;
2019-12-06 11:33:23 - [TEST_STEP][PASSED] - Thread.sleep(2000): null&#xD;
&#xD;
2019-12-06 11:33:25 - [TEST_STEP][PASSED] - callTestCase(findTestCase("AHI/_include/get_screenshot"), [:], STOP_ON_FAILURE): Call Test Case 'Test Cases/AHI/_include/get_screenshot' successfully&#xD;
&#xD;
2019-12-06 11:33:25 - [TEST_CASE][PASSED] - Test Cases/AHI/_include/get_screenshot: Test Cases/AHI/_include/get_screenshot&#xD;
&#xD;
2019-12-06 11:33:25 - [TEST_STEP][PASSED] - takeScreenshot(screenPath + i + ".png"): Taking screenshot successfully&#xD;
&#xD;
2019-12-06 11:33:26 - [MESSAGE][PASSED] - Taking screenshot successfully&#xD;
[[ATTACHMENT|D:\\Test\\AgileTest\\AgileTest\\Reports\\AHI\\stm\\20191206_112427\\../Screenshots/iPhone 6/stm/Everest Prime/standard/3.png]]&#xD;
&#xD;
2019-12-06 11:33:26 - [TEST_STEP][PASSED] - (internal.GlobalVariable.i++): null&#xD;
&#xD;
2019-12-06 11:33:26 - [MESSAGE][PASSED] - Call Test Case 'Test Cases/AHI/_include/get_screenshot' successfully&#xD;
&#xD;
2019-12-06 11:33:26 - [MESSAGE][PASSED] - Call Test Case 'Test Cases/AHI/_include/filter_stm' successfully&#xD;
&#xD;
2019-12-06 11:33:26 - [TEST_STEP][PASSED] - callTestCase(findTestCase("AHI/_include/goToDetail_stm"), ["carrier":"everest"], STOP_ON_FAILURE): Call Test Case 'Test Cases/AHI/_include/goToDetail_stm' successfully&#xD;
&#xD;
2019-12-06 11:33:26 - [TEST_CASE][PASSED] - Test Cases/AHI/_include/goToDetail_stm: Test Cases/AHI/_include/goToDetail_stm&#xD;
&#xD;
2019-12-06 11:33:26 - [TEST_STEP][PASSED] - driver = getWebDriver(): null&#xD;
&#xD;
2019-12-06 11:33:26 - [TEST_STEP][PASSED] - selenium = new com.thoughtworks.selenium.webdriven.WebDriverBackedSelenium(driver, internal.GlobalVariable.ENV): null&#xD;
&#xD;
2019-12-06 11:33:26 - [TEST_STEP][PASSED] - a_plan_name = "xpath=//a[contains(@href,'/term-health-insurance/plan/" + carrier + "')]": null&#xD;
&#xD;
2019-12-06 11:33:26 - [TEST_STEP][PASSED] - println(a_plan_name): null&#xD;
&#xD;
2019-12-06 11:33:26 - [TEST_STEP][PASSED] - selenium.click(a_plan_name): null&#xD;
&#xD;
2019-12-06 11:33:30 - [TEST_STEP][PASSED] - waitForPageLoad(20): Wait for page load successfully&#xD;
&#xD;
2019-12-06 11:33:30 - [MESSAGE][PASSED] - Wait for page load successfully&#xD;
&#xD;
2019-12-06 11:33:30 - [TEST_STEP][PASSED] - Thread.sleep(2000): null&#xD;
&#xD;
2019-12-06 11:33:32 - [TEST_STEP][PASSED] - callTestCase(findTestCase("AHI/_include/get_screenshot"), [:], STOP_ON_FAILURE): Call Test Case 'Test Cases/AHI/_include/get_screenshot' successfully&#xD;
&#xD;
2019-12-06 11:33:32 - [TEST_CASE][PASSED] - Test Cases/AHI/_include/get_screenshot: Test Cases/AHI/_include/get_screenshot&#xD;
&#xD;
2019-12-06 11:33:32 - [TEST_STEP][PASSED] - takeScreenshot(screenPath + i + ".png"): Taking screenshot successfully&#xD;
&#xD;
2019-12-06 11:33:32 - [MESSAGE][PASSED] - Taking screenshot successfully&#xD;
[[ATTACHMENT|D:\\Test\\AgileTest\\AgileTest\\Reports\\AHI\\stm\\20191206_112427\\../Screenshots/iPhone 6/stm/Everest Prime/standard/4.png]]&#xD;
&#xD;
2019-12-06 11:33:32 - [TEST_STEP][PASSED] - (internal.GlobalVariable.i++): null&#xD;
&#xD;
2019-12-06 11:33:32 - [MESSAGE][PASSED] - Call Test Case 'Test Cases/AHI/_include/get_screenshot' successfully&#xD;
&#xD;
2019-12-06 11:33:32 - [MESSAGE][PASSED] - Call Test Case 'Test Cases/AHI/_include/goToDetail_stm' successfully&#xD;
&#xD;
2019-12-06 11:33:32 - [TEST_STEP][PASSED] - callTestCase(findTestCase("AHI/_include/apply_stm"), [:], STOP_ON_FAILURE): Call Test Case 'Test Cases/AHI/_include/apply_stm' successfully&#xD;
&#xD;
2019-12-06 11:33:32 - [TEST_CASE][PASSED] - Test Cases/AHI/_include/apply_stm: Test Cases/AHI/_include/apply_stm&#xD;
&#xD;
2019-12-06 11:33:32 - [TEST_STEP][PASSED] - waitForElementVisible(findTestObject("mobileSanity/STM/STM PlanDetail Page/a_Apply for This Plan"), 5): Object 'Object Repository/mobileSanity/STM/STM PlanDetail Page/a_Apply for This Plan' is visible&#xD;
&#xD;
2019-12-06 11:33:32 - [MESSAGE][PASSED] - Object 'Object Repository/mobileSanity/STM/STM PlanDetail Page/a_Apply for This Plan' is visible&#xD;
&#xD;
2019-12-06 11:33:32 - [TEST_STEP][PASSED] - click(findTestObject("mobileSanity/STM/STM PlanDetail Page/a_Apply for This Plan")): Object: 'Object Repository/mobileSanity/STM/STM PlanDetail Page/a_Apply for This Plan' is clicked on&#xD;
&#xD;
2019-12-06 11:33:34 - [MESSAGE][PASSED] - Object: 'Object Repository/mobileSanity/STM/STM PlanDetail Page/a_Apply for This Plan' is clicked on&#xD;
&#xD;
2019-12-06 11:33:34 - [TEST_STEP][PASSED] - waitForPageLoad(10): Wait for page load successfully&#xD;
&#xD;
2019-12-06 11:33:34 - [MESSAGE][PASSED] - Wait for page load successfully&#xD;
&#xD;
2019-12-06 11:33:34 - [TEST_STEP][PASSED] - Thread.sleep(2000): null&#xD;
&#xD;
2019-12-06 11:33:36 - [TEST_STEP][PASSED] - callTestCase(findTestCase("AHI/_include/get_screenshot"), [:], STOP_ON_FAILURE): Call Test Case 'Test Cases/AHI/_include/get_screenshot' successfully&#xD;
&#xD;
2019-12-06 11:33:36 - [TEST_CASE][PASSED] - Test Cases/AHI/_include/get_screenshot: Test Cases/AHI/_include/get_screenshot&#xD;
&#xD;
2019-12-06 11:33:36 - [TEST_STEP][PASSED] - takeScreenshot(screenPath + i + ".png"): Taking screenshot successfully&#xD;
&#xD;
2019-12-06 11:33:36 - [MESSAGE][PASSED] - Taking screenshot successfully&#xD;
[[ATTACHMENT|D:\\Test\\AgileTest\\AgileTest\\Reports\\AHI\\stm\\20191206_112427\\../Screenshots/iPhone 6/stm/Everest Prime/standard/5.png]]&#xD;
&#xD;
2019-12-06 11:33:36 - [TEST_STEP][PASSED] - (internal.GlobalVariable.i++): null&#xD;
&#xD;
2019-12-06 11:33:36 - [MESSAGE][PASSED] - Call Test Case 'Test Cases/AHI/_include/get_screenshot' successfully&#xD;
&#xD;
2019-12-06 11:33:36 - [TEST_STEP][PASSED] - waitForElementVisible(findTestObject("mobileSanity/STM/STM Apply Page/a_Start Secure Application"), 5): Object 'Object Repository/mobileSanity/STM/STM Apply Page/a_Start Secure Application' is visible&#xD;
&#xD;
2019-12-06 11:33:36 - [MESSAGE][PASSED] - Object 'Object Repository/mobileSanity/STM/STM Apply Page/a_Start Secure Application' is visible&#xD;
&#xD;
2019-12-06 11:33:36 - [TEST_STEP][PASSED] - click(findTestObject("mobileSanity/STM/STM Apply Page/a_Start Secure Application")): Object: 'Object Repository/mobileSanity/STM/STM Apply Page/a_Start Secure Application' is clicked on&#xD;
&#xD;
2019-12-06 11:33:38 - [MESSAGE][PASSED] - Object: 'Object Repository/mobileSanity/STM/STM Apply Page/a_Start Secure Application' is clicked on&#xD;
&#xD;
2019-12-06 11:33:38 - [TEST_STEP][PASSED] - waitForPageLoad(20): Wait for page load successfully&#xD;
&#xD;
2019-12-06 11:33:38 - [MESSAGE][PASSED] - Wait for page load successfully&#xD;
&#xD;
2019-12-06 11:33:38 - [TEST_STEP][PASSED] - Thread.sleep(2000): null&#xD;
&#xD;
2019-12-06 11:33:40 - [TEST_STEP][PASSED] - callTestCase(findTestCase("AHI/_include/get_screenshot"), [:], STOP_ON_FAILURE): Call Test Case 'Test Cases/AHI/_include/get_screenshot' successfully&#xD;
&#xD;
2019-12-06 11:33:40 - [TEST_CASE][PASSED] - Test Cases/AHI/_include/get_screenshot: Test Cases/AHI/_include/get_screenshot&#xD;
&#xD;
2019-12-06 11:33:40 - [TEST_STEP][PASSED] - takeScreenshot(screenPath + i + ".png"): Taking screenshot successfully&#xD;
&#xD;
2019-12-06 11:33:40 - [MESSAGE][PASSED] - Taking screenshot successfully&#xD;
[[ATTACHMENT|D:\\Test\\AgileTest\\AgileTest\\Reports\\AHI\\stm\\20191206_112427\\../Screenshots/iPhone 6/stm/Everest Prime/standard/6.png]]&#xD;
&#xD;
2019-12-06 11:33:40 - [TEST_STEP][PASSED] - (internal.GlobalVariable.i++): null&#xD;
&#xD;
2019-12-06 11:33:40 - [MESSAGE][PASSED] - Call Test Case 'Test Cases/AHI/_include/get_screenshot' successfully&#xD;
&#xD;
2019-12-06 11:33:40 - [MESSAGE][PASSED] - Call Test Case 'Test Cases/AHI/_include/apply_stm' successfully&#xD;
&#xD;
2019-12-06 11:33:40 - [TEST_STEP][PASSED] - callTestCase(findTestCase("AHI/_include/goToEnd_stm_autofill"), [:], STOP_ON_FAILURE): Call Test Case 'Test Cases/AHI/_include/goToEnd_stm_autofill' successfully&#xD;
&#xD;
2019-12-06 11:33:40 - [TEST_CASE][PASSED] - Test Cases/AHI/_include/goToEnd_stm_autofill: Test Cases/AHI/_include/goToEnd_stm_autofill&#xD;
&#xD;
2019-12-06 11:33:41 - [TEST_STEP][PASSED] - callTestCase(findTestCase("AHI/_include/name"), [:], CONTINUE_ON_FAILURE): Call Test Case 'Test Cases/AHI/_include/name' successfully&#xD;
&#xD;
2019-12-06 11:33:41 - [TEST_CASE][PASSED] - Test Cases/AHI/_include/name: Test Cases/AHI/_include/name&#xD;
&#xD;
2019-12-06 11:33:41 - [TEST_STEP][PASSED] - driver = getWebDriver(): null&#xD;
&#xD;
2019-12-06 11:33:41 - [TEST_STEP][PASSED] - selenium = new com.thoughtworks.selenium.webdriven.WebDriverBackedSelenium(driver, internal.GlobalVariable.ENV): null&#xD;
&#xD;
2019-12-06 11:33:41 - [TEST_STEP][PASSED] - FirstName = "Test-123": null&#xD;
&#xD;
2019-12-06 11:33:41 - [TEST_STEP][PASSED] - LastName = selenium.getEval("{var x="ABCDEFGHIJKLMNOPQRSTUVWXYZabcdefghijklmnopqrstuvwxyz"; var tmp="ZZ11-"; for (i=0;i&lt;8;i++) tmp+=x.charAt(Math.ceil(51*Math.random()));tmp;}"): null&#xD;
&#xD;
2019-12-06 11:33:41 - [TEST_STEP][PASSED] - Address = selenium.getEval("{var x="ABCDEFGHIJKLMNOPQRSTUVWXYZabcdefghijklmnopqrstuvwxyz"; var tmp=""; for (i=0;i&lt;8;i++) tmp+=x.charAt(Math.ceil(51*Math.random()));tmp;}"): null&#xD;
&#xD;
2019-12-06 11:33:41 - [TEST_STEP][PASSED] - City = selenium.getEval("{var x="ABCDEFGHIJKLMNOPQRSTUVWXYZabcdefghijklmnopqrstuvwxyz"; var tmp=""; for (i=0;i&lt;8;i++) tmp+=x.charAt(Math.ceil(51*Math.random()));tmp;}"): null&#xD;
&#xD;
2019-12-06 11:33:41 - [TEST_STEP][PASSED] - tel1 = selenium.getEval("{var x="123456789"; var tmp=""; for (i=0;i&lt;3;i++) tmp+=x.charAt(Math.ceil(8*Math.random()));tmp;}"): null&#xD;
&#xD;
2019-12-06 11:33:41 - [TEST_STEP][PASSED] - tel2 = selenium.getEval("{var x="123456789"; var tmp=""; for (i=0;i&lt;3;i++) tmp+=x.charAt(Math.ceil(8*Math.random()));tmp;}"): null&#xD;
&#xD;
2019-12-06 11:33:41 - [TEST_STEP][PASSED] - tel3 = selenium.getEval("{var x="123456789"; var tmp=""; for (i=0;i&lt;4;i++) tmp+=x.charAt(Math.ceil(8*Math.random()));tmp;}"): null&#xD;
&#xD;
2019-12-06 11:33:41 - [TEST_STEP][PASSED] - Tel = selenium.getExpression(tel1 + "-" + tel2 + "-" + tel3): null&#xD;
&#xD;
2019-12-06 11:33:41 - [TEST_STEP][PASSED] - AutoEmail = selenium.getEval("{var x="ABCDEFGHIJKLMNOPQRSTUVWXYZabcdefghijklmnopqrstuvwxyz"; var tmp="test."; for (i=0;i&lt;8;i++) tmp+=x.charAt(Math.ceil(51*Math.random()));tmp+="@suryani.cn";}"): null&#xD;
&#xD;
2019-12-06 11:33:41 - [TEST_STEP][PASSED] - FirstName = FirstName: null&#xD;
&#xD;
2019-12-06 11:33:41 - [TEST_STEP][PASSED] - LastName = LastName: null&#xD;
&#xD;
2019-12-06 11:33:41 - [TEST_STEP][PASSED] - Address = Address: null&#xD;
&#xD;
2019-12-06 11:33:41 - [TEST_STEP][PASSED] - City = City: null&#xD;
&#xD;
2019-12-06 11:33:41 - [TEST_STEP][PASSED] - Tel = Tel: null&#xD;
&#xD;
2019-12-06 11:33:41 - [TEST_STEP][PASSED] - AutoEmail = AutoEmail: null&#xD;
&#xD;
2019-12-06 11:33:41 - [TEST_STEP][PASSED] - println(FirstName): null&#xD;
&#xD;
2019-12-06 11:33:41 - [TEST_STEP][PASSED] - println(LastName): null&#xD;
&#xD;
2019-12-06 11:33:41 - [TEST_STEP][PASSED] - println(Address): null&#xD;
&#xD;
2019-12-06 11:33:41 - [TEST_STEP][PASSED] - println(City): null&#xD;
&#xD;
2019-12-06 11:33:41 - [TEST_STEP][PASSED] - println(Tel): null&#xD;
&#xD;
2019-12-06 11:33:41 - [TEST_STEP][PASSED] - println(AutoEmail): null&#xD;
&#xD;
2019-12-06 11:33:41 - [MESSAGE][PASSED] - Call Test Case 'Test Cases/AHI/_include/name' successfully&#xD;
&#xD;
2019-12-06 11:33:41 - [TEST_STEP][FAILED] - try: Unable to verify text 'Month Duration Acknowledgement' is present  (Root cause: com.kms.katalon.core.exception.StepFailedException: Unable to verify text 'Month Duration Acknowledgement' is present &#xD;
	at com.kms.katalon.core.webui.keyword.internal.WebUIKeywordMain.stepFailed(WebUIKeywordMain.groovy:64)&#xD;
	at com.kms.katalon.core.webui.keyword.internal.WebUIKeywordMain.runKeyword(WebUIKeywordMain.groovy:26)&#xD;
	at com.kms.katalon.core.webui.keyword.builtin.VerifyTextPresentKeyword.verifyTextPresent(VerifyTextPresentKeyword.groovy:83)&#xD;
	at com.kms.katalon.core.webui.keyword.builtin.VerifyTextPresentKeyword.execute(VerifyTextPresentKeyword.groovy:68)&#xD;
	at com.kms.katalon.core.keyword.internal.KeywordExecutor.executeKeywordForPlatform(KeywordExecutor.groovy:56)&#xD;
	at com.kms.katalon.core.webui.keyword.WebUiBuiltInKeywords.verifyTextPresent(WebUiBuiltInKeywords.groovy:1693)&#xD;
	at com.kms.katalon.core.webui.keyword.WebUiBuiltInKeywords$verifyTextPresent$10.call(Unknown Source)&#xD;
	at goToEnd_stm_autofill.run(goToEnd_stm_autofill:19)&#xD;
	at com.kms.katalon.core.main.ScriptEngine.run(ScriptEngine.java:194)&#xD;
	at com.kms.katalon.core.main.ScriptEngine.runScriptAsRawText(ScriptEngine.java:119)&#xD;
	at com.kms.katalon.core.main.TestCaseExecutor.runScript(TestCaseExecutor.java:337)&#xD;
	at com.kms.katalon.core.main.TestCaseExecutor.doExecute(TestCaseExecutor.java:328)&#xD;
	at com.kms.katalon.core.main.TestCaseExecutor.processExecutionPhase(TestCaseExecutor.java:307)&#xD;
	at com.kms.katalon.core.main.TestCaseExecutor.accessMainPhase(TestCaseExecutor.java:299)&#xD;
	at com.kms.katalon.core.main.TestCaseExecutor.execute(TestCaseExecutor.java:233)&#xD;
	at com.kms.katalon.core.main.TestCaseMain.runTestCase(TestCaseMain.java:114)&#xD;
	at com.kms.katalon.core.keyword.builtin.CallTestCaseKeyword$_callTestCase_closure1.doCall(CallTestCaseKeyword.groovy:59)&#xD;
	at com.kms.katalon.core.keyword.builtin.CallTestCaseKeyword$_callTestCase_closure1.call(CallTestCaseKeyword.groovy)&#xD;
	at com.kms.katalon.core.keyword.internal.KeywordMain.runKeyword(KeywordMain.groovy:68)&#xD;
	at com.kms.katalon.core.keyword.builtin.CallTestCaseKeyword.callTestCase(CallTestCaseKeyword.groovy:81)&#xD;
	at com.kms.katalon.core.keyword.builtin.CallTestCaseKeyword.execute(CallTestCaseKeyword.groovy:44)&#xD;
	at com.kms.katalon.core.keyword.internal.KeywordExecutor.executeKeywordForPlatform(KeywordExecutor.groovy:56)&#xD;
	at com.kms.katalon.core.keyword.BuiltinKeywords.callTestCase(BuiltinKeywords.groovy:334)&#xD;
	at Everest Prime.run(Everest Prime:31)&#xD;
	at com.kms.katalon.core.main.ScriptEngine.run(ScriptEngine.java:194)&#xD;
	at com.kms.katalon.core.main.ScriptEngine.runScriptAsRawText(ScriptEngine.java:119)&#xD;
	at com.kms.katalon.core.main.TestCaseExecutor.runScript(TestCaseExecutor.java:337)&#xD;
	at com.kms.katalon.core.main.TestCaseExecutor.doExecute(TestCaseExecutor.java:328)&#xD;
	at com.kms.katalon.core.main.TestCaseExecutor.processExecutionPhase(TestCaseExecutor.java:307)&#xD;
	at com.kms.katalon.core.main.TestCaseExecutor.accessMainPhase(TestCaseExecutor.java:299)&#xD;
	at com.kms.katalon.core.main.TestCaseExecutor.execute(TestCaseExecutor.java:233)&#xD;
	at com.kms.katalon.core.main.TestSuiteExecutor.accessTestCaseMainPhase(TestSuiteExecutor.java:133)&#xD;
	at com.kms.katalon.core.main.TestSuiteExecutor.accessTestSuiteMainPhase(TestSuiteExecutor.java:116)&#xD;
	at com.kms.katalon.core.main.TestSuiteExecutor.execute(TestSuiteExecutor.java:83)&#xD;
	at com.kms.katalon.core.main.TestCaseMain.startTestSuite(TestCaseMain.java:157)&#xD;
	at com.kms.katalon.core.main.TestCaseMain$startTestSuite$0.call(Unknown Source)&#xD;
	at TempTestSuite1575602667225.run(TempTestSuite1575602667225.groovy:35)&#xD;
Caused by: com.kms.katalon.core.exception.StepFailedException: Text 'Month Duration Acknowledgement' is not present on page &#xD;
	at com.kms.katalon.core.webui.keyword.internal.WebUIKeywordMain.stepFailed(WebUIKeywordMain.groovy:64)&#xD;
	at com.kms.katalon.core.webui.keyword.builtin.VerifyTextPresentKeyword$_verifyTextPresent_closure1.doCall(VerifyTextPresentKeyword.groovy:79)&#xD;
	at com.kms.katalon.core.webui.keyword.builtin.VerifyTextPresentKeyword$_verifyTextPresent_closure1.call(VerifyTextPresentKeyword.groovy)&#xD;
	at com.kms.katalon.core.webui.keyword.internal.WebUIKeywordMain.runKeyword(WebUIKeywordMain.groovy:20)&#xD;
	... 35 more&#xD;
)&#xD;
&#xD;
2019-12-06 11:33:41 - [TEST_STEP][FAILED] - if (verifyTextPresent("Month Duration Acknowledgement", false)): Unable to verify text 'Month Duration Acknowledgement' is present  (Root cause: com.kms.katalon.core.exception.StepFailedException: Unable to verify text 'Month Duration Acknowledgement' is present &#xD;
	at com.kms.katalon.core.webui.keyword.internal.WebUIKeywordMain.stepFailed(WebUIKeywordMain.groovy:64)&#xD;
	at com.kms.katalon.core.webui.keyword.internal.WebUIKeywordMain.runKeyword(WebUIKeywordMain.groovy:26)&#xD;
	at com.kms.katalon.core.webui.keyword.builtin.VerifyTextPresentKeyword.verifyTextPresent(VerifyTextPresentKeyword.groovy:83)&#xD;
	at com.kms.katalon.core.webui.keyword.builtin.VerifyTextPresentKeyword.execute(VerifyTextPresentKeyword.groovy:68)&#xD;
	at com.kms.katalon.core.keyword.internal.KeywordExecutor.executeKeywordForPlatform(KeywordExecutor.groovy:56)&#xD;
	at com.kms.katalon.core.webui.keyword.WebUiBuiltInKeywords.verifyTextPresent(WebUiBuiltInKeywords.groovy:1693)&#xD;
	at com.kms.katalon.core.webui.keyword.WebUiBuiltInKeywords$verifyTextPresent$10.call(Unknown Source)&#xD;
	at goToEnd_stm_autofill.run(goToEnd_stm_autofill:19)&#xD;
	at com.kms.katalon.core.main.ScriptEngine.run(ScriptEngine.java:194)&#xD;
	at com.kms.katalon.core.main.ScriptEngine.runScriptAsRawText(ScriptEngine.java:119)&#xD;
	at com.kms.katalon.core.main.TestCaseExecutor.runScript(TestCaseExecutor.java:337)&#xD;
	at com.kms.katalon.core.main.TestCaseExecutor.doExecute(TestCaseExecutor.java:328)&#xD;
	at com.kms.katalon.core.main.TestCaseExecutor.processExecutionPhase(TestCaseExecutor.java:307)&#xD;
	at com.kms.katalon.core.main.TestCaseExecutor.accessMainPhase(TestCaseExecutor.java:299)&#xD;
	at com.kms.katalon.core.main.TestCaseExecutor.execute(TestCaseExecutor.java:233)&#xD;
	at com.kms.katalon.core.main.TestCaseMain.runTestCase(TestCaseMain.java:114)&#xD;
	at com.kms.katalon.core.keyword.builtin.CallTestCaseKeyword$_callTestCase_closure1.doCall(CallTestCaseKeyword.groovy:59)&#xD;
	at com.kms.katalon.core.keyword.builtin.CallTestCaseKeyword$_callTestCase_closure1.call(CallTestCaseKeyword.groovy)&#xD;
	at com.kms.katalon.core.keyword.internal.KeywordMain.runKeyword(KeywordMain.groovy:68)&#xD;
	at com.kms.katalon.core.keyword.builtin.CallTestCaseKeyword.callTestCase(CallTestCaseKeyword.groovy:81)&#xD;
	at com.kms.katalon.core.keyword.builtin.CallTestCaseKeyword.execute(CallTestCaseKeyword.groovy:44)&#xD;
	at com.kms.katalon.core.keyword.internal.KeywordExecutor.executeKeywordForPlatform(KeywordExecutor.groovy:56)&#xD;
	at com.kms.katalon.core.keyword.BuiltinKeywords.callTestCase(BuiltinKeywords.groovy:334)&#xD;
	at Everest Prime.run(Everest Prime:31)&#xD;
	at com.kms.katalon.core.main.ScriptEngine.run(ScriptEngine.java:194)&#xD;
	at com.kms.katalon.core.main.ScriptEngine.runScriptAsRawText(ScriptEngine.java:119)&#xD;
	at com.kms.katalon.core.main.TestCaseExecutor.runScript(TestCaseExecutor.java:337)&#xD;
	at com.kms.katalon.core.main.TestCaseExecutor.doExecute(TestCaseExecutor.java:328)&#xD;
	at com.kms.katalon.core.main.TestCaseExecutor.processExecutionPhase(TestCaseExecutor.java:307)&#xD;
	at com.kms.katalon.core.main.TestCaseExecutor.accessMainPhase(TestCaseExecutor.java:299)&#xD;
	at com.kms.katalon.core.main.TestCaseExecutor.execute(TestCaseExecutor.java:233)&#xD;
	at com.kms.katalon.core.main.TestSuiteExecutor.accessTestCaseMainPhase(TestSuiteExecutor.java:133)&#xD;
	at com.kms.katalon.core.main.TestSuiteExecutor.accessTestSuiteMainPhase(TestSuiteExecutor.java:116)&#xD;
	at com.kms.katalon.core.main.TestSuiteExecutor.execute(TestSuiteExecutor.java:83)&#xD;
	at com.kms.katalon.core.main.TestCaseMain.startTestSuite(TestCaseMain.java:157)&#xD;
	at com.kms.katalon.core.main.TestCaseMain$startTestSuite$0.call(Unknown Source)&#xD;
	at TempTestSuite1575602667225.run(TempTestSuite1575602667225.groovy:35)&#xD;
Caused by: com.kms.katalon.core.exception.StepFailedException: Text 'Month Duration Acknowledgement' is not present on page &#xD;
	at com.kms.katalon.core.webui.keyword.internal.WebUIKeywordMain.stepFailed(WebUIKeywordMain.groovy:64)&#xD;
	at com.kms.katalon.core.webui.keyword.builtin.VerifyTextPresentKeyword$_verifyTextPresent_closure1.doCall(VerifyTextPresentKeyword.groovy:79)&#xD;
	at com.kms.katalon.core.webui.keyword.builtin.VerifyTextPresentKeyword$_verifyTextPresent_closure1.call(VerifyTextPresentKeyword.groovy)&#xD;
	at com.kms.katalon.core.webui.keyword.internal.WebUIKeywordMain.runKeyword(WebUIKeywordMain.groovy:20)&#xD;
	... 35 more&#xD;
)&#xD;
&#xD;
2019-12-06 11:33:41 - [MESSAGE][FAILED] - Text 'Month Duration Acknowledgement' is not present on page  (Root cause: com.kms.katalon.core.exception.StepFailedException: Text 'Month Duration Acknowledgement' is not present on page &#xD;
	at com.kms.katalon.core.webui.keyword.internal.WebUIKeywordMain.stepFailed(WebUIKeywordMain.groovy:64)&#xD;
	at com.kms.katalon.core.webui.keyword.builtin.VerifyTextPresentKeyword$_verifyTextPresent_closure1.doCall(VerifyTextPresentKeyword.groovy:79)&#xD;
	at com.kms.katalon.core.webui.keyword.builtin.VerifyTextPresentKeyword$_verifyTextPresent_closure1.call(VerifyTextPresentKeyword.groovy)&#xD;
	at com.kms.katalon.core.webui.keyword.internal.WebUIKeywordMain.runKeyword(WebUIKeywordMain.groovy:20)&#xD;
	at com.kms.katalon.core.webui.keyword.builtin.VerifyTextPresentKeyword.verifyTextPresent(VerifyTextPresentKeyword.groovy:83)&#xD;
	at com.kms.katalon.core.webui.keyword.builtin.VerifyTextPresentKeyword.execute(VerifyTextPresentKeyword.groovy:68)&#xD;
	at com.kms.katalon.core.keyword.internal.KeywordExecutor.executeKeywordForPlatform(KeywordExecutor.groovy:56)&#xD;
	at com.kms.katalon.core.webui.keyword.WebUiBuiltInKeywords.verifyTextPresent(WebUiBuiltInKeywords.groovy:1693)&#xD;
	at com.kms.katalon.core.webui.keyword.WebUiBuiltInKeywords$verifyTextPresent$10.call(Unknown Source)&#xD;
	at goToEnd_stm_autofill.run(goToEnd_stm_autofill:19)&#xD;
	at com.kms.katalon.core.main.ScriptEngine.run(ScriptEngine.java:194)&#xD;
	at com.kms.katalon.core.main.ScriptEngine.runScriptAsRawText(ScriptEngine.java:119)&#xD;
	at com.kms.katalon.core.main.TestCaseExecutor.runScript(TestCaseExecutor.java:337)&#xD;
	at com.kms.katalon.core.main.TestCaseExecutor.doExecute(TestCaseExecutor.java:328)&#xD;
	at com.kms.katalon.core.main.TestCaseExecutor.processExecutionPhase(TestCaseExecutor.java:307)&#xD;
	at com.kms.katalon.core.main.TestCaseExecutor.accessMainPhase(TestCaseExecutor.java:299)&#xD;
	at com.kms.katalon.core.main.TestCaseExecutor.execute(TestCaseExecutor.java:233)&#xD;
	at com.kms.katalon.core.main.TestCaseMain.runTestCase(TestCaseMain.java:114)&#xD;
	at com.kms.katalon.core.keyword.builtin.CallTestCaseKeyword$_callTestCase_closure1.doCall(CallTestCaseKeyword.groovy:59)&#xD;
	at com.kms.katalon.core.keyword.builtin.CallTestCaseKeyword$_callTestCase_closure1.call(CallTestCaseKeyword.groovy)&#xD;
	at com.kms.katalon.core.keyword.internal.KeywordMain.runKeyword(KeywordMain.groovy:68)&#xD;
	at com.kms.katalon.core.keyword.builtin.CallTestCaseKeyword.callTestCase(CallTestCaseKeyword.groovy:81)&#xD;
	at com.kms.katalon.core.keyword.builtin.CallTestCaseKeyword.execute(CallTestCaseKeyword.groovy:44)&#xD;
	at com.kms.katalon.core.keyword.internal.KeywordExecutor.executeKeywordForPlatform(KeywordExecutor.groovy:56)&#xD;
	at com.kms.katalon.core.keyword.BuiltinKeywords.callTestCase(BuiltinKeywords.groovy:334)&#xD;
	at Everest Prime.run(Everest Prime:31)&#xD;
	at com.kms.katalon.core.main.ScriptEngine.run(ScriptEngine.java:194)&#xD;
	at com.kms.katalon.core.main.ScriptEngine.runScriptAsRawText(ScriptEngine.java:119)&#xD;
	at com.kms.katalon.core.main.TestCaseExecutor.runScript(TestCaseExecutor.java:337)&#xD;
	at com.kms.katalon.core.main.TestCaseExecutor.doExecute(TestCaseExecutor.java:328)&#xD;
	at com.kms.katalon.core.main.TestCaseExecutor.processExecutionPhase(TestCaseExecutor.java:307)&#xD;
	at com.kms.katalon.core.main.TestCaseExecutor.accessMainPhase(TestCaseExecutor.java:299)&#xD;
	at com.kms.katalon.core.main.TestCaseExecutor.execute(TestCaseExecutor.java:233)&#xD;
	at com.kms.katalon.core.main.TestSuiteExecutor.accessTestCaseMainPhase(TestSuiteExecutor.java:133)&#xD;
	at com.kms.katalon.core.main.TestSuiteExecutor.accessTestSuiteMainPhase(TestSuiteExecutor.java:116)&#xD;
	at com.kms.katalon.core.main.TestSuiteExecutor.execute(TestSuiteExecutor.java:83)&#xD;
	at com.kms.katalon.core.main.TestCaseMain.startTestSuite(TestCaseMain.java:157)&#xD;
	at com.kms.katalon.core.main.TestCaseMain$startTestSuite$0.call(Unknown Source)&#xD;
	at TempTestSuite1575602667225.run(TempTestSuite1575602667225.groovy:35)&#xD;
)&#xD;
&#xD;
2019-12-06 11:33:42 - [MESSAGE][FAILED] - Unable to verify text 'Month Duration Acknowledgement' is present  (Root cause: com.kms.katalon.core.exception.StepFailedException: Unable to verify text 'Month Duration Acknowledgement' is present &#xD;
	at com.kms.katalon.core.webui.keyword.internal.WebUIKeywordMain.stepFailed(WebUIKeywordMain.groovy:64)&#xD;
	at com.kms.katalon.core.webui.keyword.internal.WebUIKeywordMain.runKeyword(WebUIKeywordMain.groovy:26)&#xD;
	at com.kms.katalon.core.webui.keyword.builtin.VerifyTextPresentKeyword.verifyTextPresent(VerifyTextPresentKeyword.groovy:83)&#xD;
	at com.kms.katalon.core.webui.keyword.builtin.VerifyTextPresentKeyword.execute(VerifyTextPresentKeyword.groovy:68)&#xD;
	at com.kms.katalon.core.keyword.internal.KeywordExecutor.executeKeywordForPlatform(KeywordExecutor.groovy:56)&#xD;
	at com.kms.katalon.core.webui.keyword.WebUiBuiltInKeywords.verifyTextPresent(WebUiBuiltInKeywords.groovy:1693)&#xD;
	at com.kms.katalon.core.webui.keyword.WebUiBuiltInKeywords$verifyTextPresent$10.call(Unknown Source)&#xD;
	at goToEnd_stm_autofill.run(goToEnd_stm_autofill:19)&#xD;
	at com.kms.katalon.core.main.ScriptEngine.run(ScriptEngine.java:194)&#xD;
	at com.kms.katalon.core.main.ScriptEngine.runScriptAsRawText(ScriptEngine.java:119)&#xD;
	at com.kms.katalon.core.main.TestCaseExecutor.runScript(TestCaseExecutor.java:337)&#xD;
	at com.kms.katalon.core.main.TestCaseExecutor.doExecute(TestCaseExecutor.java:328)&#xD;
	at com.kms.katalon.core.main.TestCaseExecutor.processExecutionPhase(TestCaseExecutor.java:307)&#xD;
	at com.kms.katalon.core.main.TestCaseExecutor.accessMainPhase(TestCaseExecutor.java:299)&#xD;
	at com.kms.katalon.core.main.TestCaseExecutor.execute(TestCaseExecutor.java:233)&#xD;
	at com.kms.katalon.core.main.TestCaseMain.runTestCase(TestCaseMain.java:114)&#xD;
	at com.kms.katalon.core.keyword.builtin.CallTestCaseKeyword$_callTestCase_closure1.doCall(CallTestCaseKeyword.groovy:59)&#xD;
	at com.kms.katalon.core.keyword.builtin.CallTestCaseKeyword$_callTestCase_closure1.call(CallTestCaseKeyword.groovy)&#xD;
	at com.kms.katalon.core.keyword.internal.KeywordMain.runKeyword(KeywordMain.groovy:68)&#xD;
	at com.kms.katalon.core.keyword.builtin.CallTestCaseKeyword.callTestCase(CallTestCaseKeyword.groovy:81)&#xD;
	at com.kms.katalon.core.keyword.builtin.CallTestCaseKeyword.execute(CallTestCaseKeyword.groovy:44)&#xD;
	at com.kms.katalon.core.keyword.internal.KeywordExecutor.executeKeywordForPlatform(KeywordExecutor.groovy:56)&#xD;
	at com.kms.katalon.core.keyword.BuiltinKeywords.callTestCase(BuiltinKeywords.groovy:334)&#xD;
	at Everest Prime.run(Everest Prime:31)&#xD;
	at com.kms.katalon.core.main.ScriptEngine.run(ScriptEngine.java:194)&#xD;
	at com.kms.katalon.core.main.ScriptEngine.runScriptAsRawText(ScriptEngine.java:119)&#xD;
	at com.kms.katalon.core.main.TestCaseExecutor.runScript(TestCaseExecutor.java:337)&#xD;
	at com.kms.katalon.core.main.TestCaseExecutor.doExecute(TestCaseExecutor.java:328)&#xD;
	at com.kms.katalon.core.main.TestCaseExecutor.processExecutionPhase(TestCaseExecutor.java:307)&#xD;
	at com.kms.katalon.core.main.TestCaseExecutor.accessMainPhase(TestCaseExecutor.java:299)&#xD;
	at com.kms.katalon.core.main.TestCaseExecutor.execute(TestCaseExecutor.java:233)&#xD;
	at com.kms.katalon.core.main.TestSuiteExecutor.accessTestCaseMainPhase(TestSuiteExecutor.java:133)&#xD;
	at com.kms.katalon.core.main.TestSuiteExecutor.accessTestSuiteMainPhase(TestSuiteExecutor.java:116)&#xD;
	at com.kms.katalon.core.main.TestSuiteExecutor.execute(TestSuiteExecutor.java:83)&#xD;
	at com.kms.katalon.core.main.TestCaseMain.startTestSuite(TestCaseMain.java:157)&#xD;
	at com.kms.katalon.core.main.TestCaseMain$startTestSuite$0.call(Unknown Source)&#xD;
	at TempTestSuite1575602667225.run(TempTestSuite1575602667225.groovy:35)&#xD;
Caused by: com.kms.katalon.core.exception.StepFailedException: Text 'Month Duration Acknowledgement' is not present on page &#xD;
	at com.kms.katalon.core.webui.keyword.internal.WebUIKeywordMain.stepFailed(WebUIKeywordMain.groovy:64)&#xD;
	at com.kms.katalon.core.webui.keyword.builtin.VerifyTextPresentKeyword$_verifyTextPresent_closure1.doCall(VerifyTextPresentKeyword.groovy:79)&#xD;
	at com.kms.katalon.core.webui.keyword.builtin.VerifyTextPresentKeyword$_verifyTextPresent_closure1.call(VerifyTextPresentKeyword.groovy)&#xD;
	at com.kms.katalon.core.webui.keyword.internal.WebUIKeywordMain.runKeyword(WebUIKeywordMain.groovy:20)&#xD;
	... 35 more&#xD;
)&#xD;
[[ATTACHMENT|D:\\Test\\AgileTest\\AgileTest\\Reports\\AHI\\stm\\20191206_112427\\1575603221649.png]]&#xD;
&#xD;
2019-12-06 11:33:43 - [TEST_STEP][PASSED] - catch (Exception e): null&#xD;
&#xD;
2019-12-06 11:33:43 - [TEST_STEP][PASSED] - println("no consecutive"): null&#xD;
&#xD;
2019-12-06 11:33:43 - [TEST_STEP][PASSED] - waitForPageLoad(10): Wait for page load successfully&#xD;
&#xD;
2019-12-06 11:33:43 - [MESSAGE][PASSED] - Wait for page load successfully&#xD;
&#xD;
2019-12-06 11:33:43 - [TEST_STEP][PASSED] - Thread.sleep(3000): null&#xD;
&#xD;
2019-12-06 11:33:46 - [TEST_STEP][PASSED] - waitForElementVisible(findTestObject("mobileSanity/STM/Page_App Page 1/a_Autofill App Info"), 20): Object 'Object Repository/mobileSanity/STM/Page_App Page 1/a_Autofill App Info' is visible&#xD;
&#xD;
2019-12-06 11:33:46 - [MESSAGE][PASSED] - Object 'Object Repository/mobileSanity/STM/Page_App Page 1/a_Autofill App Info' is visible&#xD;
&#xD;
2019-12-06 11:33:46 - [TEST_STEP][PASSED] - click(findTestObject("mobileSanity/STM/Page_App Page 1/a_Autofill App Info")): Object: 'Object Repository/mobileSanity/STM/Page_App Page 1/a_Autofill App Info' is clicked on&#xD;
&#xD;
2019-12-06 11:33:46 - [MESSAGE][PASSED] - Object: 'Object Repository/mobileSanity/STM/Page_App Page 1/a_Autofill App Info' is clicked on&#xD;
&#xD;
2019-12-06 11:33:46 - [TEST_STEP][PASSED] - Thread.sleep(1000): null&#xD;
&#xD;
2019-12-06 11:33:47 - [TEST_STEP][PASSED] - click(findTestObject("mobileSanity/STM/Page_App Page 1/a_Autofill App Info")): Object: 'Object Repository/mobileSanity/STM/Page_App Page 1/a_Autofill App Info' is clicked on&#xD;
&#xD;
2019-12-06 11:33:47 - [MESSAGE][PASSED] - Object: 'Object Repository/mobileSanity/STM/Page_App Page 1/a_Autofill App Info' is clicked on&#xD;
&#xD;
2019-12-06 11:33:47 - [TEST_STEP][PASSED] - Thread.sleep(1000): null&#xD;
&#xD;
2019-12-06 11:33:48 - [TEST_STEP][PASSED] - waitForElementVisible(findTestObject("mobileSanity/STM/Page_App Page 1/a_Continue"), 20): Object 'Object Repository/mobileSanity/STM/Page_App Page 1/a_Continue' is visible&#xD;
&#xD;
2019-12-06 11:33:48 - [MESSAGE][PASSED] - Object 'Object Repository/mobileSanity/STM/Page_App Page 1/a_Continue' is visible&#xD;
&#xD;
2019-12-06 11:33:48 - [TEST_STEP][PASSED] - click(findTestObject("mobileSanity/STM/Page_App Page 1/a_Continue")): Object: 'Object Repository/mobileSanity/STM/Page_App Page 1/a_Continue' is clicked on&#xD;
&#xD;
2019-12-06 11:33:48 - [MESSAGE][PASSED] - Object: 'Object Repository/mobileSanity/STM/Page_App Page 1/a_Continue' is clicked on&#xD;
&#xD;
2019-12-06 11:33:48 - [TEST_STEP][PASSED] - waitForPageLoad(20): Wait for page load successfully&#xD;
&#xD;
2019-12-06 11:33:48 - [MESSAGE][PASSED] - Wait for page load successfully&#xD;
&#xD;
2019-12-06 11:33:48 - [TEST_STEP][PASSED] - Thread.sleep(5000): null&#xD;
&#xD;
2019-12-06 11:33:53 - [TEST_STEP][PASSED] - callTestCase(findTestCase("AHI/_include/get_screenshot"), [:], STOP_ON_FAILURE): Call Test Case 'Test Cases/AHI/_include/get_screenshot' successfully&#xD;
&#xD;
2019-12-06 11:33:54 - [TEST_CASE][PASSED] - Test Cases/AHI/_include/get_screenshot: Test Cases/AHI/_include/get_screenshot&#xD;
&#xD;
2019-12-06 11:33:54 - [TEST_STEP][PASSED] - takeScreenshot(screenPath + i + ".png"): Taking screenshot successfully&#xD;
&#xD;
2019-12-06 11:33:54 - [MESSAGE][PASSED] - Taking screenshot successfully&#xD;
[[ATTACHMENT|D:\\Test\\AgileTest\\AgileTest\\Reports\\AHI\\stm\\20191206_112427\\../Screenshots/iPhone 6/stm/Everest Prime/standard/7.png]]&#xD;
&#xD;
2019-12-06 11:33:54 - [TEST_STEP][PASSED] - (internal.GlobalVariable.i++): null&#xD;
&#xD;
2019-12-06 11:33:54 - [MESSAGE][PASSED] - Call Test Case 'Test Cases/AHI/_include/get_screenshot' successfully&#xD;
&#xD;
2019-12-06 11:33:54 - [TEST_STEP][PASSED] - click(findTestObject("mobileSanity/STM/Page_App Page 2/a_Continue to Step 3 - Payment")): Object: 'Object Repository/mobileSanity/STM/Page_App Page 2/a_Continue to Step 3 - Payment' is clicked on&#xD;
&#xD;
2019-12-06 11:33:54 - [MESSAGE][PASSED] - Object: 'Object Repository/mobileSanity/STM/Page_App Page 2/a_Continue to Step 3 - Payment' is clicked on&#xD;
&#xD;
2019-12-06 11:33:54 - [TEST_STEP][PASSED] - waitForPageLoad(20): Wait for page load successfully&#xD;
&#xD;
2019-12-06 11:33:54 - [MESSAGE][PASSED] - Wait for page load successfully&#xD;
&#xD;
2019-12-06 11:33:54 - [TEST_STEP][PASSED] - waitForElementVisible(findTestObject("mobileSanity/STM/Page_App Page 3/input__credit-card-cvv"), 20): Object 'Object Repository/mobileSanity/STM/Page_App Page 3/input__credit-card-cvv' is visible&#xD;
&#xD;
2019-12-06 11:33:55 - [MESSAGE][PASSED] - Object 'Object Repository/mobileSanity/STM/Page_App Page 3/input__credit-card-cvv' is visible&#xD;
&#xD;
2019-12-06 11:33:55 - [TEST_STEP][PASSED] - Thread.sleep(2000): null&#xD;
&#xD;
2019-12-06 11:33:57 - [TEST_STEP][PASSED] - callTestCase(findTestCase("AHI/_include/get_screenshot"), [:], STOP_ON_FAILURE): Call Test Case 'Test Cases/AHI/_include/get_screenshot' successfully&#xD;
&#xD;
2019-12-06 11:33:57 - [TEST_CASE][PASSED] - Test Cases/AHI/_include/get_screenshot: Test Cases/AHI/_include/get_screenshot&#xD;
&#xD;
2019-12-06 11:33:57 - [TEST_STEP][PASSED] - takeScreenshot(screenPath + i + ".png"): Taking screenshot successfully&#xD;
&#xD;
2019-12-06 11:33:58 - [MESSAGE][PASSED] - Taking screenshot successfully&#xD;
[[ATTACHMENT|D:\\Test\\AgileTest\\AgileTest\\Reports\\AHI\\stm\\20191206_112427\\../Screenshots/iPhone 6/stm/Everest Prime/standard/8.png]]&#xD;
&#xD;
2019-12-06 11:33:58 - [TEST_STEP][PASSED] - (internal.GlobalVariable.i++): null&#xD;
&#xD;
2019-12-06 11:33:58 - [MESSAGE][PASSED] - Call Test Case 'Test Cases/AHI/_include/get_screenshot' successfully&#xD;
&#xD;
2019-12-06 11:33:58 - [TEST_STEP][PASSED] - clearText(findTestObject("mobileSanity/STM/Page_App Page 3/input__credit-card-cvv")): Text of object 'Object Repository/mobileSanity/STM/Page_App Page 3/input__credit-card-cvv' is cleared&#xD;
&#xD;
2019-12-06 11:33:58 - [MESSAGE][PASSED] - Text of object 'Object Repository/mobileSanity/STM/Page_App Page 3/input__credit-card-cvv' is cleared&#xD;
&#xD;
2019-12-06 11:33:58 - [TEST_STEP][PASSED] - setText(findTestObject("mobileSanity/STM/Page_App Page 3/input__credit-card-cvv"), "123"): Text '123' is set on object 'Object Repository/mobileSanity/STM/Page_App Page 3/input__credit-card-cvv'&#xD;
&#xD;
2019-12-06 11:33:58 - [MESSAGE][PASSED] - Text '123' is set on object 'Object Repository/mobileSanity/STM/Page_App Page 3/input__credit-card-cvv'&#xD;
&#xD;
2019-12-06 11:33:58 - [TEST_STEP][PASSED] - click(findTestObject("mobileSanity/STM/Page_App Page 3/label_I Accept Authorization f")): Object: 'Object Repository/mobileSanity/STM/Page_App Page 3/label_I Accept Authorization f' is clicked on&#xD;
&#xD;
2019-12-06 11:33:59 - [MESSAGE][PASSED] - Object: 'Object Repository/mobileSanity/STM/Page_App Page 3/label_I Accept Authorization f' is clicked on&#xD;
&#xD;
2019-12-06 11:33:59 - [TEST_STEP][PASSED] - click(findTestObject("mobileSanity/STM/Page_App Page 3/a_Continue to Step 4 - Review")): Object: 'Object Repository/mobileSanity/STM/Page_App Page 3/a_Continue to Step 4 - Review' is clicked on&#xD;
&#xD;
2019-12-06 11:33:59 - [MESSAGE][PASSED] - Object: 'Object Repository/mobileSanity/STM/Page_App Page 3/a_Continue to Step 4 - Review' is clicked on&#xD;
&#xD;
2019-12-06 11:33:59 - [TEST_STEP][PASSED] - waitForPageLoad(10): Wait for page load successfully&#xD;
&#xD;
2019-12-06 11:33:59 - [MESSAGE][PASSED] - Wait for page load successfully&#xD;
&#xD;
2019-12-06 11:33:59 - [TEST_STEP][PASSED] - waitForElementClickable(findTestObject("mobileSanity/STM/Page_App Page 4/label"), 10): Object 'Object Repository/mobileSanity/STM/Page_App Page 4/label' is clickable&#xD;
&#xD;
2019-12-06 11:34:00 - [MESSAGE][PASSED] - Object 'Object Repository/mobileSanity/STM/Page_App Page 4/label' is clickable&#xD;
&#xD;
2019-12-06 11:34:00 - [TEST_STEP][PASSED] - Thread.sleep(2000): null&#xD;
&#xD;
2019-12-06 11:34:02 - [TEST_STEP][PASSED] - callTestCase(findTestCase("AHI/_include/get_screenshot"), [:], STOP_ON_FAILURE): Call Test Case 'Test Cases/AHI/_include/get_screenshot' successfully&#xD;
&#xD;
2019-12-06 11:34:03 - [TEST_CASE][PASSED] - Test Cases/AHI/_include/get_screenshot: Test Cases/AHI/_include/get_screenshot&#xD;
&#xD;
2019-12-06 11:34:03 - [TEST_STEP][PASSED] - takeScreenshot(screenPath + i + ".png"): Taking screenshot successfully&#xD;
&#xD;
2019-12-06 11:34:03 - [MESSAGE][PASSED] - Taking screenshot successfully&#xD;
[[ATTACHMENT|D:\\Test\\AgileTest\\AgileTest\\Reports\\AHI\\stm\\20191206_112427\\../Screenshots/iPhone 6/stm/Everest Prime/standard/9.png]]&#xD;
&#xD;
2019-12-06 11:34:03 - [TEST_STEP][PASSED] - (internal.GlobalVariable.i++): null&#xD;
&#xD;
2019-12-06 11:34:03 - [MESSAGE][PASSED] - Call Test Case 'Test Cases/AHI/_include/get_screenshot' successfully&#xD;
&#xD;
2019-12-06 11:34:03 - [TEST_STEP][PASSED] - click(findTestObject("mobileSanity/STM/Page_App Page 4/label")): Object: 'Object Repository/mobileSanity/STM/Page_App Page 4/label' is clicked on&#xD;
&#xD;
2019-12-06 11:34:03 - [MESSAGE][PASSED] - Object: 'Object Repository/mobileSanity/STM/Page_App Page 4/label' is clicked on&#xD;
&#xD;
2019-12-06 11:34:03 - [TEST_STEP][PASSED] - click(findTestObject("mobileSanity/STM/Page_App Page 4/div_CLICK TO SIGN")): Object: 'Object Repository/mobileSanity/STM/Page_App Page 4/div_CLICK TO SIGN' is clicked on&#xD;
&#xD;
2019-12-06 11:34:03 - [MESSAGE][PASSED] - Object: 'Object Repository/mobileSanity/STM/Page_App Page 4/div_CLICK TO SIGN' is clicked on&#xD;
&#xD;
2019-12-06 11:34:03 - [TEST_STEP][PASSED] - click(findTestObject("mobileSanity/STM/Page_App Page 4/a_Submit Your Application")): Object: 'Object Repository/mobileSanity/STM/Page_App Page 4/a_Submit Your Application' is clicked on&#xD;
&#xD;
2019-12-06 11:34:04 - [MESSAGE][PASSED] - Object: 'Object Repository/mobileSanity/STM/Page_App Page 4/a_Submit Your Application' is clicked on&#xD;
&#xD;
2019-12-06 11:34:04 - [TEST_STEP][PASSED] - Thread.sleep(30000): null&#xD;
&#xD;
2019-12-06 11:34:34 - [TEST_STEP][PASSED] - waitForElementPresent(findTestObject("mobileSanity/STM/Page_App Page 6/app-page-wrapper"), 20): Object 'Object Repository/mobileSanity/STM/Page_App Page 6/app-page-wrapper' is present&#xD;
&#xD;
2019-12-06 11:34:34 - [MESSAGE][PASSED] - Object 'Object Repository/mobileSanity/STM/Page_App Page 6/app-page-wrapper' is present&#xD;
&#xD;
2019-12-06 11:34:34 - [TEST_STEP][PASSED] - callTestCase(findTestCase("AHI/_include/get_screenshot"), [:], STOP_ON_FAILURE): Call Test Case 'Test Cases/AHI/_include/get_screenshot' successfully&#xD;
&#xD;
2019-12-06 11:34:34 - [TEST_CASE][PASSED] - Test Cases/AHI/_include/get_screenshot: Test Cases/AHI/_include/get_screenshot&#xD;
&#xD;
2019-12-06 11:34:34 - [TEST_STEP][PASSED] - takeScreenshot(screenPath + i + ".png"): Taking screenshot successfully&#xD;
&#xD;
2019-12-06 11:34:34 - [MESSAGE][PASSED] - Taking screenshot successfully&#xD;
[[ATTACHMENT|D:\\Test\\AgileTest\\AgileTest\\Reports\\AHI\\stm\\20191206_112427\\../Screenshots/iPhone 6/stm/Everest Prime/standard/10.png]]&#xD;
&#xD;
2019-12-06 11:34:34 - [TEST_STEP][PASSED] - (internal.GlobalVariable.i++): null&#xD;
&#xD;
2019-12-06 11:34:34 - [MESSAGE][PASSED] - Call Test Case 'Test Cases/AHI/_include/get_screenshot' successfully&#xD;
&#xD;
2019-12-06 11:34:34 - [MESSAGE][PASSED] - Call Test Case 'Test Cases/AHI/_include/goToEnd_stm_autofill' successfully</system-out>
            <system-err></system-err>
        </testcase>
        <testcase name="Test Cases/AHI/stm/LifeShield" classname="Test Cases/AHI/stm/LifeShield" status="ERROR">
            <error type="ERROR" message="Test Cases/AHI/stm/LifeShield FAILED.&#xA;Reason:&#xA;com.kms.katalon.core.exception.StepErrorException: Call Test Case 'Test Cases/AHI/_include/filter_stm' failed because of error(s)&#xD;&#xA;&#x9;at com.kms.katalon.core.keyword.builtin.CallTestCaseKeyword$_callTestCase_closure1.doCall(CallTestCaseKeyword.groovy:66)&#xD;&#xA;&#x9;at com.kms.katalon.core.keyword.builtin.CallTestCaseKeyword$_callTestCase_closure1.call(CallTestCaseKeyword.groovy)&#xD;&#xA;&#x9;at com.kms.katalon.core.keyword.internal.KeywordMain.runKeyword(KeywordMain.groovy:68)&#xD;&#xA;&#x9;at com.kms.katalon.core.keyword.builtin.CallTestCaseKeyword.callTestCase(CallTestCaseKeyword.groovy:81)&#xD;&#xA;&#x9;at com.kms.katalon.core.keyword.builtin.CallTestCaseKeyword.execute(CallTestCaseKeyword.groovy:44)&#xD;&#xA;&#x9;at com.kms.katalon.core.keyword.internal.KeywordExecutor.executeKeywordForPlatform(KeywordExecutor.groovy:56)&#xD;&#xA;&#x9;at com.kms.katalon.core.keyword.BuiltinKeywords.callTestCase(BuiltinKeywords.groovy:334)&#xD;&#xA;&#x9;at LifeShield.run(LifeShield:25)&#xD;&#xA;&#x9;at com.kms.katalon.core.main.ScriptEngine.run(ScriptEngine.java:194)&#xD;&#xA;&#x9;at com.kms.katalon.core.main.ScriptEngine.runScriptAsRawText(ScriptEngine.java:119)&#xD;&#xA;&#x9;at com.kms.katalon.core.main.TestCaseExecutor.runScript(TestCaseExecutor.java:337)&#xD;&#xA;&#x9;at com.kms.katalon.core.main.TestCaseExecutor.doExecute(TestCaseExecutor.java:328)&#xD;&#xA;&#x9;at com.kms.katalon.core.main.TestCaseExecutor.processExecutionPhase(TestCaseExecutor.java:307)&#xD;&#xA;&#x9;at com.kms.katalon.core.main.TestCaseExecutor.accessMainPhase(TestCaseExecutor.java:299)&#xD;&#xA;&#x9;at com.kms.katalon.core.main.TestCaseExecutor.execute(TestCaseExecutor.java:233)&#xD;&#xA;&#x9;at com.kms.katalon.core.main.TestSuiteExecutor.accessTestCaseMainPhase(TestSuiteExecutor.java:133)&#xD;&#xA;&#x9;at com.kms.katalon.core.main.TestSuiteExecutor.accessTestSuiteMainPhase(TestSuiteExecutor.java:116)&#xD;&#xA;&#x9;at com.kms.katalon.core.main.TestSuiteExecutor.execute(TestSuiteExecutor.java:83)&#xD;&#xA;&#x9;at com.kms.katalon.core.main.TestCaseMain.startTestSuite(TestCaseMain.java:157)&#xD;&#xA;&#x9;at com.kms.katalon.core.main.TestCaseMain$startTestSuite$0.call(Unknown Source)&#xD;&#xA;&#x9;at TempTestSuite1575602667225.run(TempTestSuite1575602667225.groovy:35)&#xD;&#xA;Caused by: org.openqa.selenium.NoSuchElementException: no such element: Unable to locate element: {&quot;method&quot;:&quot;xpath&quot;,&quot;selector&quot;:&quot;//input[@name='filter[carrier]' and @value='lifeshield']/following::label&quot;}&#xA;  (Session info: chrome=78.0.3904.108)&#xA;For documentation on this error, please visit: https://www.seleniumhq.org/exceptions/no_such_element.html&#xA;Build info: version: '3.141.59', revision: 'e82be7d358', time: '2018-11-14T08:25:53'&#xA;System info: host: 'SOFEE', ip: '172.16.86.47', os.name: 'Windows 7', os.arch: 'amd64', os.version: '6.1', java.version: '1.8.0_181'&#xA;Driver info: com.kms.katalon.selenium.driver.CChromeDriver&#xA;Capabilities {acceptInsecureCerts: false, browserName: chrome, browserVersion: 78.0.3904.108, chrome: {chromedriverVersion: 78.0.3904.70 (edb9c9f3de024..., userDataDir: C:\Users\sofee.yu\AppData\L...}, goog:chromeOptions: {debuggerAddress: localhost:63715}, javascriptEnabled: true, networkConnectionEnabled: false, pageLoadStrategy: normal, platform: XP, platformName: XP, proxy: Proxy(), setWindowRect: true, strictFileInteractability: false, timeouts: {implicit: 0, pageLoad: 300000, script: 30000}, unhandledPromptBehavior: dismiss and notify}&#xA;Session ID: c9a7a776cf081e4e05e1ba5f71e1860b&#xA;*** Element info: {Using=xpath, value=//input[@name='filter[carrier]' and @value='lifeshield']/following::label}&#xD;&#xA;&#x9;at org.openqa.selenium.remote.http.W3CHttpResponseCodec.createException(W3CHttpResponseCodec.java:187)&#xD;&#xA;&#x9;at org.openqa.selenium.remote.http.W3CHttpResponseCodec.decode(W3CHttpResponseCodec.java:122)&#xD;&#xA;&#x9;at org.openqa.selenium.remote.http.W3CHttpResponseCodec.decode(W3CHttpResponseCodec.java:49)&#xD;&#xA;&#x9;at org.openqa.selenium.remote.HttpCommandExecutor.execute(HttpCommandExecutor.java:158)&#xD;&#xA;&#x9;at org.openqa.selenium.remote.service.DriverCommandExecutor.execute(DriverCommandExecutor.java:83)&#xD;&#xA;&#x9;at org.openqa.selenium.remote.RemoteWebDriver.execute(RemoteWebDriver.java:552)&#xD;&#xA;&#x9;at com.kms.katalon.selenium.driver.CChromeDriver.execute(CChromeDriver.java:20)&#xD;&#xA;&#x9;at org.openqa.selenium.remote.RemoteWebDriver.findElement(RemoteWebDriver.java:323)&#xD;&#xA;&#x9;at org.openqa.selenium.remote.RemoteWebDriver.findElementByXPath(RemoteWebDriver.java:428)&#xD;&#xA;&#x9;at org.openqa.selenium.By$ByXPath.findElement(By.java:353)&#xD;&#xA;&#x9;at org.openqa.selenium.remote.RemoteWebDriver.findElement(RemoteWebDriver.java:315)&#xD;&#xA;&#x9;at org.openqa.selenium.WebDriver$findElement.call(Unknown Source)&#xD;&#xA;&#x9;at test.MobileKeywords.clickJS_ByXpath(MobileKeywords.groovy:86)&#xD;&#xA;&#x9;at test.MobileKeywords.invokeMethod(MobileKeywords.groovy)&#xD;&#xA;&#x9;at com.kms.katalon.core.main.CustomKeywordDelegatingMetaClass.invokeStaticMethod(CustomKeywordDelegatingMetaClass.java:50)&#xD;&#xA;&#x9;at filter_stm.run(filter_stm:40)&#xD;&#xA;&#x9;at com.kms.katalon.core.main.ScriptEngine.run(ScriptEngine.java:194)&#xD;&#xA;&#x9;at com.kms.katalon.core.main.ScriptEngine.runScriptAsRawText(ScriptEngine.java:119)&#xD;&#xA;&#x9;at com.kms.katalon.core.main.TestCaseExecutor.runScript(TestCaseExecutor.java:337)&#xD;&#xA;&#x9;at com.kms.katalon.core.main.TestCaseExecutor.doExecute(TestCaseExecutor.java:328)&#xD;&#xA;&#x9;at com.kms.katalon.core.main.TestCaseExecutor.processExecutionPhase(TestCaseExecutor.java:307)&#xD;&#xA;&#x9;at com.kms.katalon.core.main.TestCaseExecutor.accessMainPhase(TestCaseExecutor.java:299)&#xD;&#xA;&#x9;at com.kms.katalon.core.main.TestCaseExecutor.execute(TestCaseExecutor.java:233)&#xD;&#xA;&#x9;at com.kms.katalon.core.main.TestCaseMain.runTestCase(TestCaseMain.java:114)&#xD;&#xA;&#x9;at com.kms.katalon.core.keyword.builtin.CallTestCaseKeyword$_callTestCase_closure1.doCall(CallTestCaseKeyword.groovy:59)&#xD;&#xA;&#x9;... 20 more&#xD;&#xA;"/>
            <system-out>2019-12-06 11:34:34 - [TEST_CASE][ERROR] - Test Cases/AHI/stm/LifeShield: Test Cases/AHI/stm/LifeShield FAILED.
Reason:
com.kms.katalon.core.exception.StepErrorException: Call Test Case 'Test Cases/AHI/_include/filter_stm' failed because of error(s)&#xD;
	at com.kms.katalon.core.keyword.builtin.CallTestCaseKeyword$_callTestCase_closure1.doCall(CallTestCaseKeyword.groovy:66)&#xD;
	at com.kms.katalon.core.keyword.builtin.CallTestCaseKeyword$_callTestCase_closure1.call(CallTestCaseKeyword.groovy)&#xD;
	at com.kms.katalon.core.keyword.internal.KeywordMain.runKeyword(KeywordMain.groovy:68)&#xD;
	at com.kms.katalon.core.keyword.builtin.CallTestCaseKeyword.callTestCase(CallTestCaseKeyword.groovy:81)&#xD;
	at com.kms.katalon.core.keyword.builtin.CallTestCaseKeyword.execute(CallTestCaseKeyword.groovy:44)&#xD;
	at com.kms.katalon.core.keyword.internal.KeywordExecutor.executeKeywordForPlatform(KeywordExecutor.groovy:56)&#xD;
	at com.kms.katalon.core.keyword.BuiltinKeywords.callTestCase(BuiltinKeywords.groovy:334)&#xD;
	at LifeShield.run(LifeShield:25)&#xD;
	at com.kms.katalon.core.main.ScriptEngine.run(ScriptEngine.java:194)&#xD;
	at com.kms.katalon.core.main.ScriptEngine.runScriptAsRawText(ScriptEngine.java:119)&#xD;
	at com.kms.katalon.core.main.TestCaseExecutor.runScript(TestCaseExecutor.java:337)&#xD;
	at com.kms.katalon.core.main.TestCaseExecutor.doExecute(TestCaseExecutor.java:328)&#xD;
	at com.kms.katalon.core.main.TestCaseExecutor.processExecutionPhase(TestCaseExecutor.java:307)&#xD;
	at com.kms.katalon.core.main.TestCaseExecutor.accessMainPhase(TestCaseExecutor.java:299)&#xD;
	at com.kms.katalon.core.main.TestCaseExecutor.execute(TestCaseExecutor.java:233)&#xD;
	at com.kms.katalon.core.main.TestSuiteExecutor.accessTestCaseMainPhase(TestSuiteExecutor.java:133)&#xD;
	at com.kms.katalon.core.main.TestSuiteExecutor.accessTestSuiteMainPhase(TestSuiteExecutor.java:116)&#xD;
	at com.kms.katalon.core.main.TestSuiteExecutor.execute(TestSuiteExecutor.java:83)&#xD;
	at com.kms.katalon.core.main.TestCaseMain.startTestSuite(TestCaseMain.java:157)&#xD;
	at com.kms.katalon.core.main.TestCaseMain$startTestSuite$0.call(Unknown Source)&#xD;
	at TempTestSuite1575602667225.run(TempTestSuite1575602667225.groovy:35)&#xD;
Caused by: org.openqa.selenium.NoSuchElementException: no such element: Unable to locate element: {"method":"xpath","selector":"//input[@name='filter[carrier]' and @value='lifeshield']/following::label"}
  (Session info: chrome=78.0.3904.108)
For documentation on this error, please visit: https://www.seleniumhq.org/exceptions/no_such_element.html
Build info: version: '3.141.59', revision: 'e82be7d358', time: '2018-11-14T08:25:53'
System info: host: 'SOFEE', ip: '172.16.86.47', os.name: 'Windows 7', os.arch: 'amd64', os.version: '6.1', java.version: '1.8.0_181'
Driver info: com.kms.katalon.selenium.driver.CChromeDriver
Capabilities {acceptInsecureCerts: false, browserName: chrome, browserVersion: 78.0.3904.108, chrome: {chromedriverVersion: 78.0.3904.70 (edb9c9f3de024..., userDataDir: C:\Users\sofee.yu\AppData\L...}, goog:chromeOptions: {debuggerAddress: localhost:63715}, javascriptEnabled: true, networkConnectionEnabled: false, pageLoadStrategy: normal, platform: XP, platformName: XP, proxy: Proxy(), setWindowRect: true, strictFileInteractability: false, timeouts: {implicit: 0, pageLoad: 300000, script: 30000}, unhandledPromptBehavior: dismiss and notify}
Session ID: c9a7a776cf081e4e05e1ba5f71e1860b
*** Element info: {Using=xpath, value=//input[@name='filter[carrier]' and @value='lifeshield']/following::label}&#xD;
	at org.openqa.selenium.remote.http.W3CHttpResponseCodec.createException(W3CHttpResponseCodec.java:187)&#xD;
	at org.openqa.selenium.remote.http.W3CHttpResponseCodec.decode(W3CHttpResponseCodec.java:122)&#xD;
	at org.openqa.selenium.remote.http.W3CHttpResponseCodec.decode(W3CHttpResponseCodec.java:49)&#xD;
	at org.openqa.selenium.remote.HttpCommandExecutor.execute(HttpCommandExecutor.java:158)&#xD;
	at org.openqa.selenium.remote.service.DriverCommandExecutor.execute(DriverCommandExecutor.java:83)&#xD;
	at org.openqa.selenium.remote.RemoteWebDriver.execute(RemoteWebDriver.java:552)&#xD;
	at com.kms.katalon.selenium.driver.CChromeDriver.execute(CChromeDriver.java:20)&#xD;
	at org.openqa.selenium.remote.RemoteWebDriver.findElement(RemoteWebDriver.java:323)&#xD;
	at org.openqa.selenium.remote.RemoteWebDriver.findElementByXPath(RemoteWebDriver.java:428)&#xD;
	at org.openqa.selenium.By$ByXPath.findElement(By.java:353)&#xD;
	at org.openqa.selenium.remote.RemoteWebDriver.findElement(RemoteWebDriver.java:315)&#xD;
	at org.openqa.selenium.WebDriver$findElement.call(Unknown Source)&#xD;
	at test.MobileKeywords.clickJS_ByXpath(MobileKeywords.groovy:86)&#xD;
	at test.MobileKeywords.invokeMethod(MobileKeywords.groovy)&#xD;
	at com.kms.katalon.core.main.CustomKeywordDelegatingMetaClass.invokeStaticMethod(CustomKeywordDelegatingMetaClass.java:50)&#xD;
	at filter_stm.run(filter_stm:40)&#xD;
	at com.kms.katalon.core.main.ScriptEngine.run(ScriptEngine.java:194)&#xD;
	at com.kms.katalon.core.main.ScriptEngine.runScriptAsRawText(ScriptEngine.java:119)&#xD;
	at com.kms.katalon.core.main.TestCaseExecutor.runScript(TestCaseExecutor.java:337)&#xD;
	at com.kms.katalon.core.main.TestCaseExecutor.doExecute(TestCaseExecutor.java:328)&#xD;
	at com.kms.katalon.core.main.TestCaseExecutor.processExecutionPhase(TestCaseExecutor.java:307)&#xD;
	at com.kms.katalon.core.main.TestCaseExecutor.accessMainPhase(TestCaseExecutor.java:299)&#xD;
	at com.kms.katalon.core.main.TestCaseExecutor.execute(TestCaseExecutor.java:233)&#xD;
	at com.kms.katalon.core.main.TestCaseMain.runTestCase(TestCaseMain.java:114)&#xD;
	at com.kms.katalon.core.keyword.builtin.CallTestCaseKeyword$_callTestCase_closure1.doCall(CallTestCaseKeyword.groovy:59)&#xD;
	... 20 more&#xD;
&#xD;
&#xD;
2019-12-06 11:34:35 - [TEST_STEP][PASSED] - callTestCase(findTestCase("AHI/_include/get_screenPath"), ["productLine":"stm", "carrierName":"LifeShield"], CONTINUE_ON_FAILURE): Call Test Case 'Test Cases/AHI/_include/get_screenPath' successfully&#xD;
&#xD;
2019-12-06 11:34:35 - [TEST_CASE][PASSED] - Test Cases/AHI/_include/get_screenPath: Test Cases/AHI/_include/get_screenPath&#xD;
&#xD;
2019-12-06 11:34:35 - [TEST_STEP][PASSED] - m = getExecutionProperties(): null&#xD;
&#xD;
2019-12-06 11:34:35 - [TEST_STEP][PASSED] - deviceName = get("mobileEmulation").get("deviceName"): null&#xD;
&#xD;
2019-12-06 11:34:35 - [TEST_STEP][PASSED] - println(deviceName): null&#xD;
&#xD;
2019-12-06 11:34:35 - [TEST_STEP][PASSED] - now = new java.util.Date(): null&#xD;
&#xD;
2019-12-06 11:34:35 - [TEST_STEP][PASSED] - mydate = now.format("yyyyMMdd_HHmmss"): null&#xD;
&#xD;
2019-12-06 11:34:35 - [TEST_STEP][PASSED] - screenPath = "../Screenshots/": null&#xD;
&#xD;
2019-12-06 11:34:35 - [TEST_STEP][PASSED] - screenPath = screenPath + deviceName + "/" + productLine + "/" + carrierName + "/" + "standard" + "/": null&#xD;
&#xD;
2019-12-06 11:34:35 - [TEST_STEP][PASSED] - println(screenPath): null&#xD;
&#xD;
2019-12-06 11:34:35 - [MESSAGE][PASSED] - Call Test Case 'Test Cases/AHI/_include/get_screenPath' successfully&#xD;
&#xD;
2019-12-06 11:34:35 - [TEST_STEP][PASSED] - i = 0: null&#xD;
&#xD;
2019-12-06 11:34:35 - [TEST_STEP][PASSED] - callTestCase(findTestCase("AHI/_include/openWebSite"), [:], STOP_ON_FAILURE): Call Test Case 'Test Cases/AHI/_include/openWebSite' successfully&#xD;
&#xD;
2019-12-06 11:34:35 - [TEST_CASE][PASSED] - Test Cases/AHI/_include/openWebSite: Test Cases/AHI/_include/openWebSite&#xD;
&#xD;
2019-12-06 11:34:35 - [TEST_STEP][PASSED] - openBrowser(env): Browser is opened with url: 'https://praetemptatus.agilehealthinsurance.com'&#xD;
&#xD;
2019-12-06 11:34:35 - [MESSAGE][WARNING] - A browser is already opened. Closing browser and opening a new one&#xD;
&#xD;
2019-12-06 11:34:35 - [MESSAGE][INFO] - Starting 'Chrome' driver&#xD;
&#xD;
2019-12-06 11:34:35 - [MESSAGE][INFO] - User set preference: ['mobileEmulation', '{deviceName=iPhone 6}']&#xD;
&#xD;
2019-12-06 11:34:35 - [MESSAGE][INFO] - User set preference: ['args', '[--incognito, --aggressive-cache-discard, --window-size=375,677, --no-sandbox]']&#xD;
&#xD;
2019-12-06 11:34:41 - [MESSAGE][PASSED] - Browser is opened with url: 'https://praetemptatus.agilehealthinsurance.com'&#xD;
&#xD;
2019-12-06 11:34:41 - [TEST_STEP][PASSED] - waitForPageLoad(20): Wait for page load successfully&#xD;
&#xD;
2019-12-06 11:34:41 - [MESSAGE][PASSED] - Wait for page load successfully&#xD;
&#xD;
2019-12-06 11:34:41 - [TEST_STEP][PASSED] - callTestCase(findTestCase("AHI/_include/get_screenshot"), [:], STOP_ON_FAILURE): Call Test Case 'Test Cases/AHI/_include/get_screenshot' successfully&#xD;
&#xD;
2019-12-06 11:34:41 - [TEST_CASE][PASSED] - Test Cases/AHI/_include/get_screenshot: Test Cases/AHI/_include/get_screenshot&#xD;
&#xD;
2019-12-06 11:34:41 - [TEST_STEP][PASSED] - takeScreenshot(screenPath + i + ".png"): Taking screenshot successfully&#xD;
&#xD;
2019-12-06 11:34:42 - [MESSAGE][PASSED] - Taking screenshot successfully&#xD;
[[ATTACHMENT|D:\\Test\\AgileTest\\AgileTest\\Reports\\AHI\\stm\\20191206_112427\\../Screenshots/iPhone 6/stm/LifeShield/standard/0.png]]&#xD;
&#xD;
2019-12-06 11:34:42 - [TEST_STEP][PASSED] - (internal.GlobalVariable.i++): null&#xD;
&#xD;
2019-12-06 11:34:42 - [MESSAGE][PASSED] - Call Test Case 'Test Cases/AHI/_include/get_screenshot' successfully&#xD;
&#xD;
2019-12-06 11:34:42 - [MESSAGE][PASSED] - Call Test Case 'Test Cases/AHI/_include/openWebSite' successfully&#xD;
&#xD;
2019-12-06 11:34:42 - [TEST_STEP][PASSED] - callTestCase(findTestCase("AHI/_include/census_stm"), ["zipcode":"60602"], STOP_ON_FAILURE): Call Test Case 'Test Cases/AHI/_include/census_stm' successfully&#xD;
&#xD;
2019-12-06 11:34:42 - [TEST_CASE][PASSED] - Test Cases/AHI/_include/census_stm: Test Cases/AHI/_include/census_stm&#xD;
&#xD;
2019-12-06 11:34:42 - [TEST_STEP][PASSED] - waitForElementClickable(findTestObject("mobileSanity/STM/Home Page/a_Quote  Save Today"), 10): Object 'Object Repository/mobileSanity/STM/Home Page/a_Quote  Save Today' is clickable&#xD;
&#xD;
2019-12-06 11:34:42 - [MESSAGE][PASSED] - Object 'Object Repository/mobileSanity/STM/Home Page/a_Quote  Save Today' is clickable&#xD;
&#xD;
2019-12-06 11:34:42 - [TEST_STEP][PASSED] - click(findTestObject("mobileSanity/STM/Home Page/a_Quote  Save Today")): Object: 'Object Repository/mobileSanity/STM/Home Page/a_Quote  Save Today' is clicked on&#xD;
&#xD;
2019-12-06 11:34:43 - [MESSAGE][PASSED] - Object: 'Object Repository/mobileSanity/STM/Home Page/a_Quote  Save Today' is clicked on&#xD;
&#xD;
2019-12-06 11:34:43 - [TEST_STEP][PASSED] - waitForPageLoad(10): Wait for page load successfully&#xD;
&#xD;
2019-12-06 11:34:43 - [MESSAGE][PASSED] - Wait for page load successfully&#xD;
&#xD;
2019-12-06 11:34:43 - [TEST_STEP][PASSED] - callTestCase(findTestCase("AHI/_include/get_screenshot"), [:], STOP_ON_FAILURE): Call Test Case 'Test Cases/AHI/_include/get_screenshot' successfully&#xD;
&#xD;
2019-12-06 11:34:43 - [TEST_CASE][PASSED] - Test Cases/AHI/_include/get_screenshot: Test Cases/AHI/_include/get_screenshot&#xD;
&#xD;
2019-12-06 11:34:43 - [TEST_STEP][PASSED] - takeScreenshot(screenPath + i + ".png"): Taking screenshot successfully&#xD;
&#xD;
2019-12-06 11:34:44 - [MESSAGE][PASSED] - Taking screenshot successfully&#xD;
[[ATTACHMENT|D:\\Test\\AgileTest\\AgileTest\\Reports\\AHI\\stm\\20191206_112427\\../Screenshots/iPhone 6/stm/LifeShield/standard/1.png]]&#xD;
&#xD;
2019-12-06 11:34:44 - [TEST_STEP][PASSED] - (internal.GlobalVariable.i++): null&#xD;
&#xD;
2019-12-06 11:34:44 - [MESSAGE][PASSED] - Call Test Case 'Test Cases/AHI/_include/get_screenshot' successfully&#xD;
&#xD;
2019-12-06 11:34:44 - [TEST_STEP][PASSED] - setText(findTestObject("mobileSanity/STM/STM Census Page/input_Location_zip-input"), zipcode): Text '60602' is set on object 'Object Repository/mobileSanity/STM/STM Census Page/input_Location_zip-input'&#xD;
&#xD;
2019-12-06 11:34:45 - [MESSAGE][PASSED] - Text '60602' is set on object 'Object Repository/mobileSanity/STM/STM Census Page/input_Location_zip-input'&#xD;
&#xD;
2019-12-06 11:34:45 - [TEST_STEP][PASSED] - Thread.sleep(500): null&#xD;
&#xD;
2019-12-06 11:34:45 - [TEST_STEP][PASSED] - setText(findTestObject("mobileSanity/STM/STM Census Page/input_Date of Birth_dob-0"), "03031987"): Text '03031987' is set on object 'Object Repository/mobileSanity/STM/STM Census Page/input_Date of Birth_dob-0'&#xD;
&#xD;
2019-12-06 11:34:45 - [MESSAGE][PASSED] - Text '03031987' is set on object 'Object Repository/mobileSanity/STM/STM Census Page/input_Date of Birth_dob-0'&#xD;
&#xD;
2019-12-06 11:34:45 - [TEST_STEP][PASSED] - click(findTestObject("mobileSanity/STM/STM Census Page/label_Male")): Object: 'Object Repository/mobileSanity/STM/STM Census Page/label_Male' is clicked on&#xD;
&#xD;
2019-12-06 11:34:46 - [MESSAGE][PASSED] - Object: 'Object Repository/mobileSanity/STM/STM Census Page/label_Male' is clicked on&#xD;
&#xD;
2019-12-06 11:34:46 - [TEST_STEP][PASSED] - click(findTestObject("mobileSanity/STM/STM Census Page/label_Compare Plans")): Object: 'Object Repository/mobileSanity/STM/STM Census Page/label_Compare Plans' is clicked on&#xD;
&#xD;
2019-12-06 11:34:49 - [MESSAGE][PASSED] - Object: 'Object Repository/mobileSanity/STM/STM Census Page/label_Compare Plans' is clicked on&#xD;
&#xD;
2019-12-06 11:34:49 - [TEST_STEP][PASSED] - waitForElementVisible(findTestObject("mobileSanity/STM/STM Quote Page/button_sort"), 20): Object 'Object Repository/mobileSanity/STM/STM Quote Page/button_sort' is visible&#xD;
&#xD;
2019-12-06 11:34:49 - [MESSAGE][PASSED] - Object 'Object Repository/mobileSanity/STM/STM Quote Page/button_sort' is visible&#xD;
&#xD;
2019-12-06 11:34:49 - [TEST_STEP][PASSED] - Thread.sleep(3000): null&#xD;
&#xD;
2019-12-06 11:34:52 - [TEST_STEP][PASSED] - callTestCase(findTestCase("AHI/_include/check_quoteleadform"), [:], STOP_ON_FAILURE): Call Test Case 'Test Cases/AHI/_include/check_quoteleadform' successfully&#xD;
&#xD;
2019-12-06 11:34:52 - [TEST_CASE][PASSED] - Test Cases/AHI/_include/check_quoteleadform: Test Cases/AHI/_include/check_quoteleadform&#xD;
&#xD;
2019-12-06 11:34:52 - [TEST_STEP][PASSED] - callTestCase(findTestCase("AHI/_include/name"), [:], CONTINUE_ON_FAILURE): Call Test Case 'Test Cases/AHI/_include/name' successfully&#xD;
&#xD;
2019-12-06 11:34:53 - [TEST_CASE][PASSED] - Test Cases/AHI/_include/name: Test Cases/AHI/_include/name&#xD;
&#xD;
2019-12-06 11:34:53 - [TEST_STEP][PASSED] - driver = getWebDriver(): null&#xD;
&#xD;
2019-12-06 11:34:53 - [TEST_STEP][PASSED] - selenium = new com.thoughtworks.selenium.webdriven.WebDriverBackedSelenium(driver, internal.GlobalVariable.ENV): null&#xD;
&#xD;
2019-12-06 11:34:53 - [TEST_STEP][PASSED] - FirstName = "Test-123": null&#xD;
&#xD;
2019-12-06 11:34:53 - [TEST_STEP][PASSED] - LastName = selenium.getEval("{var x="ABCDEFGHIJKLMNOPQRSTUVWXYZabcdefghijklmnopqrstuvwxyz"; var tmp="ZZ11-"; for (i=0;i&lt;8;i++) tmp+=x.charAt(Math.ceil(51*Math.random()));tmp;}"): null&#xD;
&#xD;
2019-12-06 11:34:53 - [TEST_STEP][PASSED] - Address = selenium.getEval("{var x="ABCDEFGHIJKLMNOPQRSTUVWXYZabcdefghijklmnopqrstuvwxyz"; var tmp=""; for (i=0;i&lt;8;i++) tmp+=x.charAt(Math.ceil(51*Math.random()));tmp;}"): null&#xD;
&#xD;
2019-12-06 11:34:53 - [TEST_STEP][PASSED] - City = selenium.getEval("{var x="ABCDEFGHIJKLMNOPQRSTUVWXYZabcdefghijklmnopqrstuvwxyz"; var tmp=""; for (i=0;i&lt;8;i++) tmp+=x.charAt(Math.ceil(51*Math.random()));tmp;}"): null&#xD;
&#xD;
2019-12-06 11:34:53 - [TEST_STEP][PASSED] - tel1 = selenium.getEval("{var x="123456789"; var tmp=""; for (i=0;i&lt;3;i++) tmp+=x.charAt(Math.ceil(8*Math.random()));tmp;}"): null&#xD;
&#xD;
2019-12-06 11:34:53 - [TEST_STEP][PASSED] - tel2 = selenium.getEval("{var x="123456789"; var tmp=""; for (i=0;i&lt;3;i++) tmp+=x.charAt(Math.ceil(8*Math.random()));tmp;}"): null&#xD;
&#xD;
2019-12-06 11:34:53 - [TEST_STEP][PASSED] - tel3 = selenium.getEval("{var x="123456789"; var tmp=""; for (i=0;i&lt;4;i++) tmp+=x.charAt(Math.ceil(8*Math.random()));tmp;}"): null&#xD;
&#xD;
2019-12-06 11:34:53 - [TEST_STEP][PASSED] - Tel = selenium.getExpression(tel1 + "-" + tel2 + "-" + tel3): null&#xD;
&#xD;
2019-12-06 11:34:53 - [TEST_STEP][PASSED] - AutoEmail = selenium.getEval("{var x="ABCDEFGHIJKLMNOPQRSTUVWXYZabcdefghijklmnopqrstuvwxyz"; var tmp="test."; for (i=0;i&lt;8;i++) tmp+=x.charAt(Math.ceil(51*Math.random()));tmp+="@suryani.cn";}"): null&#xD;
&#xD;
2019-12-06 11:34:53 - [TEST_STEP][PASSED] - FirstName = FirstName: null&#xD;
&#xD;
2019-12-06 11:34:53 - [TEST_STEP][PASSED] - LastName = LastName: null&#xD;
&#xD;
2019-12-06 11:34:53 - [TEST_STEP][PASSED] - Address = Address: null&#xD;
&#xD;
2019-12-06 11:34:53 - [TEST_STEP][PASSED] - City = City: null&#xD;
&#xD;
2019-12-06 11:34:53 - [TEST_STEP][PASSED] - Tel = Tel: null&#xD;
&#xD;
2019-12-06 11:34:53 - [TEST_STEP][PASSED] - AutoEmail = AutoEmail: null&#xD;
&#xD;
2019-12-06 11:34:53 - [TEST_STEP][PASSED] - println(FirstName): null&#xD;
&#xD;
2019-12-06 11:34:53 - [TEST_STEP][PASSED] - println(LastName): null&#xD;
&#xD;
2019-12-06 11:34:53 - [TEST_STEP][PASSED] - println(Address): null&#xD;
&#xD;
2019-12-06 11:34:53 - [TEST_STEP][PASSED] - println(City): null&#xD;
&#xD;
2019-12-06 11:34:53 - [TEST_STEP][PASSED] - println(Tel): null&#xD;
&#xD;
2019-12-06 11:34:53 - [TEST_STEP][PASSED] - println(AutoEmail): null&#xD;
&#xD;
2019-12-06 11:34:53 - [MESSAGE][PASSED] - Call Test Case 'Test Cases/AHI/_include/name' successfully&#xD;
&#xD;
2019-12-06 11:34:53 - [TEST_STEP][PASSED] - leadform_exist = test.MobileKeywords.isElementPresent_Web(findTestObject("mobileSanity/quote lead form/lead_form"), 20): test.MobileKeywords.isElementPresent_Web is PASSED&#xD;
&#xD;
2019-12-06 11:35:13 - [MESSAGE][INFO] - Unable to find the element located by 'By.xpath: //*[@id = 'lightboxLeadForm']'. Please recheck the objects properties to make sure the desired element is located. &#xD;
&#xD;
2019-12-06 11:35:13 - [MESSAGE][PASSED] - test.MobileKeywords.isElementPresent_Web is PASSED&#xD;
&#xD;
2019-12-06 11:35:13 - [TEST_STEP][PASSED] - if (leadform_exist): null&#xD;
&#xD;
2019-12-06 11:35:13 - [MESSAGE][PASSED] - Call Test Case 'Test Cases/AHI/_include/check_quoteleadform' successfully&#xD;
&#xD;
2019-12-06 11:35:13 - [TEST_STEP][PASSED] - callTestCase(findTestCase("AHI/_include/get_screenshot"), [:], STOP_ON_FAILURE): Call Test Case 'Test Cases/AHI/_include/get_screenshot' successfully&#xD;
&#xD;
2019-12-06 11:35:14 - [TEST_CASE][PASSED] - Test Cases/AHI/_include/get_screenshot: Test Cases/AHI/_include/get_screenshot&#xD;
&#xD;
2019-12-06 11:35:14 - [TEST_STEP][PASSED] - takeScreenshot(screenPath + i + ".png"): Taking screenshot successfully&#xD;
&#xD;
2019-12-06 11:35:14 - [MESSAGE][PASSED] - Taking screenshot successfully&#xD;
[[ATTACHMENT|D:\\Test\\AgileTest\\AgileTest\\Reports\\AHI\\stm\\20191206_112427\\../Screenshots/iPhone 6/stm/LifeShield/standard/2.png]]&#xD;
&#xD;
2019-12-06 11:35:14 - [TEST_STEP][PASSED] - (internal.GlobalVariable.i++): null&#xD;
&#xD;
2019-12-06 11:35:14 - [MESSAGE][PASSED] - Call Test Case 'Test Cases/AHI/_include/get_screenshot' successfully&#xD;
&#xD;
2019-12-06 11:35:14 - [TEST_STEP][PASSED] - Thread.sleep(1000): null&#xD;
&#xD;
2019-12-06 11:35:15 - [MESSAGE][PASSED] - Call Test Case 'Test Cases/AHI/_include/census_stm' successfully&#xD;
&#xD;
2019-12-06 11:35:15 - [TEST_STEP][FAILED] - callTestCase(findTestCase("AHI/_include/filter_stm"), ["carrier":"lifeshield"], STOP_ON_FAILURE): Unable to call Test Case 'Test Cases/AHI/_include/filter_stm' (Root cause: com.kms.katalon.core.exception.StepErrorException: Call Test Case 'Test Cases/AHI/_include/filter_stm' failed because of error(s)&#xD;
	at com.kms.katalon.core.keyword.builtin.CallTestCaseKeyword$_callTestCase_closure1.doCall(CallTestCaseKeyword.groovy:66)&#xD;
	at com.kms.katalon.core.keyword.builtin.CallTestCaseKeyword$_callTestCase_closure1.call(CallTestCaseKeyword.groovy)&#xD;
	at com.kms.katalon.core.keyword.internal.KeywordMain.runKeyword(KeywordMain.groovy:68)&#xD;
	at com.kms.katalon.core.keyword.builtin.CallTestCaseKeyword.callTestCase(CallTestCaseKeyword.groovy:81)&#xD;
	at com.kms.katalon.core.keyword.builtin.CallTestCaseKeyword.execute(CallTestCaseKeyword.groovy:44)&#xD;
	at com.kms.katalon.core.keyword.internal.KeywordExecutor.executeKeywordForPlatform(KeywordExecutor.groovy:56)&#xD;
	at com.kms.katalon.core.keyword.BuiltinKeywords.callTestCase(BuiltinKeywords.groovy:334)&#xD;
	at LifeShield.run(LifeShield:25)&#xD;
	at com.kms.katalon.core.main.ScriptEngine.run(ScriptEngine.java:194)&#xD;
	at com.kms.katalon.core.main.ScriptEngine.runScriptAsRawText(ScriptEngine.java:119)&#xD;
	at com.kms.katalon.core.main.TestCaseExecutor.runScript(TestCaseExecutor.java:337)&#xD;
	at com.kms.katalon.core.main.TestCaseExecutor.doExecute(TestCaseExecutor.java:328)&#xD;
	at com.kms.katalon.core.main.TestCaseExecutor.processExecutionPhase(TestCaseExecutor.java:307)&#xD;
	at com.kms.katalon.core.main.TestCaseExecutor.accessMainPhase(TestCaseExecutor.java:299)&#xD;
	at com.kms.katalon.core.main.TestCaseExecutor.execute(TestCaseExecutor.java:233)&#xD;
	at com.kms.katalon.core.main.TestSuiteExecutor.accessTestCaseMainPhase(TestSuiteExecutor.java:133)&#xD;
	at com.kms.katalon.core.main.TestSuiteExecutor.accessTestSuiteMainPhase(TestSuiteExecutor.java:116)&#xD;
	at com.kms.katalon.core.main.TestSuiteExecutor.execute(TestSuiteExecutor.java:83)&#xD;
	at com.kms.katalon.core.main.TestCaseMain.startTestSuite(TestCaseMain.java:157)&#xD;
	at com.kms.katalon.core.main.TestCaseMain$startTestSuite$0.call(Unknown Source)&#xD;
	at TempTestSuite1575602667225.run(TempTestSuite1575602667225.groovy:35)&#xD;
Caused by: org.openqa.selenium.NoSuchElementException: no such element: Unable to locate element: {"method":"xpath","selector":"//input[@name='filter[carrier]' and @value='lifeshield']/following::label"}
  (Session info: chrome=78.0.3904.108)
For documentation on this error, please visit: https://www.seleniumhq.org/exceptions/no_such_element.html
Build info: version: '3.141.59', revision: 'e82be7d358', time: '2018-11-14T08:25:53'
System info: host: 'SOFEE', ip: '172.16.86.47', os.name: 'Windows 7', os.arch: 'amd64', os.version: '6.1', java.version: '1.8.0_181'
Driver info: com.kms.katalon.selenium.driver.CChromeDriver
Capabilities {acceptInsecureCerts: false, browserName: chrome, browserVersion: 78.0.3904.108, chrome: {chromedriverVersion: 78.0.3904.70 (edb9c9f3de024..., userDataDir: C:\Users\sofee.yu\AppData\L...}, goog:chromeOptions: {debuggerAddress: localhost:63715}, javascriptEnabled: true, networkConnectionEnabled: false, pageLoadStrategy: normal, platform: XP, platformName: XP, proxy: Proxy(), setWindowRect: true, strictFileInteractability: false, timeouts: {implicit: 0, pageLoad: 300000, script: 30000}, unhandledPromptBehavior: dismiss and notify}
Session ID: c9a7a776cf081e4e05e1ba5f71e1860b
*** Element info: {Using=xpath, value=//input[@name='filter[carrier]' and @value='lifeshield']/following::label}&#xD;
	at org.openqa.selenium.remote.http.W3CHttpResponseCodec.createException(W3CHttpResponseCodec.java:187)&#xD;
	at org.openqa.selenium.remote.http.W3CHttpResponseCodec.decode(W3CHttpResponseCodec.java:122)&#xD;
	at org.openqa.selenium.remote.http.W3CHttpResponseCodec.decode(W3CHttpResponseCodec.java:49)&#xD;
	at org.openqa.selenium.remote.HttpCommandExecutor.execute(HttpCommandExecutor.java:158)&#xD;
	at org.openqa.selenium.remote.service.DriverCommandExecutor.execute(DriverCommandExecutor.java:83)&#xD;
	at org.openqa.selenium.remote.RemoteWebDriver.execute(RemoteWebDriver.java:552)&#xD;
	at com.kms.katalon.selenium.driver.CChromeDriver.execute(CChromeDriver.java:20)&#xD;
	at org.openqa.selenium.remote.RemoteWebDriver.findElement(RemoteWebDriver.java:323)&#xD;
	at org.openqa.selenium.remote.RemoteWebDriver.findElementByXPath(RemoteWebDriver.java:428)&#xD;
	at org.openqa.selenium.By$ByXPath.findElement(By.java:353)&#xD;
	at org.openqa.selenium.remote.RemoteWebDriver.findElement(RemoteWebDriver.java:315)&#xD;
	at org.openqa.selenium.WebDriver$findElement.call(Unknown Source)&#xD;
	at test.MobileKeywords.clickJS_ByXpath(MobileKeywords.groovy:86)&#xD;
	at test.MobileKeywords.invokeMethod(MobileKeywords.groovy)&#xD;
	at com.kms.katalon.core.main.CustomKeywordDelegatingMetaClass.invokeStaticMethod(CustomKeywordDelegatingMetaClass.java:50)&#xD;
	at filter_stm.run(filter_stm:40)&#xD;
	at com.kms.katalon.core.main.ScriptEngine.run(ScriptEngine.java:194)&#xD;
	at com.kms.katalon.core.main.ScriptEngine.runScriptAsRawText(ScriptEngine.java:119)&#xD;
	at com.kms.katalon.core.main.TestCaseExecutor.runScript(TestCaseExecutor.java:337)&#xD;
	at com.kms.katalon.core.main.TestCaseExecutor.doExecute(TestCaseExecutor.java:328)&#xD;
	at com.kms.katalon.core.main.TestCaseExecutor.processExecutionPhase(TestCaseExecutor.java:307)&#xD;
	at com.kms.katalon.core.main.TestCaseExecutor.accessMainPhase(TestCaseExecutor.java:299)&#xD;
	at com.kms.katalon.core.main.TestCaseExecutor.execute(TestCaseExecutor.java:233)&#xD;
	at com.kms.katalon.core.main.TestCaseMain.runTestCase(TestCaseMain.java:114)&#xD;
	at com.kms.katalon.core.keyword.builtin.CallTestCaseKeyword$_callTestCase_closure1.doCall(CallTestCaseKeyword.groovy:59)&#xD;
	... 20 more&#xD;
)&#xD;
&#xD;
2019-12-06 11:35:15 - [TEST_CASE][ERROR] - Test Cases/AHI/_include/filter_stm: Test Cases/AHI/_include/filter_stm FAILED.
Reason:
org.openqa.selenium.NoSuchElementException: no such element: Unable to locate element: {"method":"xpath","selector":"//input[@name='filter[carrier]' and @value='lifeshield']/following::label"}
  (Session info: chrome=78.0.3904.108)
For documentation on this error, please visit: https://www.seleniumhq.org/exceptions/no_such_element.html
Build info: version: '3.141.59', revision: 'e82be7d358', time: '2018-11-14T08:25:53'
System info: host: 'SOFEE', ip: '172.16.86.47', os.name: 'Windows 7', os.arch: 'amd64', os.version: '6.1', java.version: '1.8.0_181'
Driver info: com.kms.katalon.selenium.driver.CChromeDriver
Capabilities {acceptInsecureCerts: false, browserName: chrome, browserVersion: 78.0.3904.108, chrome: {chromedriverVersion: 78.0.3904.70 (edb9c9f3de024..., userDataDir: C:\Users\sofee.yu\AppData\L...}, goog:chromeOptions: {debuggerAddress: localhost:63715}, javascriptEnabled: true, networkConnectionEnabled: false, pageLoadStrategy: normal, platform: XP, platformName: XP, proxy: Proxy(), setWindowRect: true, strictFileInteractability: false, timeouts: {implicit: 0, pageLoad: 300000, script: 30000}, unhandledPromptBehavior: dismiss and notify}
Session ID: c9a7a776cf081e4e05e1ba5f71e1860b
*** Element info: {Using=xpath, value=//input[@name='filter[carrier]' and @value='lifeshield']/following::label}&#xD;
	at org.openqa.selenium.remote.http.W3CHttpResponseCodec.createException(W3CHttpResponseCodec.java:187)&#xD;
	at org.openqa.selenium.remote.http.W3CHttpResponseCodec.decode(W3CHttpResponseCodec.java:122)&#xD;
	at org.openqa.selenium.remote.http.W3CHttpResponseCodec.decode(W3CHttpResponseCodec.java:49)&#xD;
	at org.openqa.selenium.remote.HttpCommandExecutor.execute(HttpCommandExecutor.java:158)&#xD;
	at org.openqa.selenium.remote.service.DriverCommandExecutor.execute(DriverCommandExecutor.java:83)&#xD;
	at org.openqa.selenium.remote.RemoteWebDriver.execute(RemoteWebDriver.java:552)&#xD;
	at com.kms.katalon.selenium.driver.CChromeDriver.execute(CChromeDriver.java:20)&#xD;
	at org.openqa.selenium.remote.RemoteWebDriver.findElement(RemoteWebDriver.java:323)&#xD;
	at org.openqa.selenium.remote.RemoteWebDriver.findElementByXPath(RemoteWebDriver.java:428)&#xD;
	at org.openqa.selenium.By$ByXPath.findElement(By.java:353)&#xD;
	at org.openqa.selenium.remote.RemoteWebDriver.findElement(RemoteWebDriver.java:315)&#xD;
	at org.openqa.selenium.WebDriver$findElement.call(Unknown Source)&#xD;
	at test.MobileKeywords.clickJS_ByXpath(MobileKeywords.groovy:86)&#xD;
	at test.MobileKeywords.invokeMethod(MobileKeywords.groovy)&#xD;
	at com.kms.katalon.core.main.CustomKeywordDelegatingMetaClass.invokeStaticMethod(CustomKeywordDelegatingMetaClass.java:50)&#xD;
	at filter_stm.run(filter_stm:40)&#xD;
	at com.kms.katalon.core.main.ScriptEngine.run(ScriptEngine.java:194)&#xD;
	at com.kms.katalon.core.main.ScriptEngine.runScriptAsRawText(ScriptEngine.java:119)&#xD;
	at com.kms.katalon.core.main.TestCaseExecutor.runScript(TestCaseExecutor.java:337)&#xD;
	at com.kms.katalon.core.main.TestCaseExecutor.doExecute(TestCaseExecutor.java:328)&#xD;
	at com.kms.katalon.core.main.TestCaseExecutor.processExecutionPhase(TestCaseExecutor.java:307)&#xD;
	at com.kms.katalon.core.main.TestCaseExecutor.accessMainPhase(TestCaseExecutor.java:299)&#xD;
	at com.kms.katalon.core.main.TestCaseExecutor.execute(TestCaseExecutor.java:233)&#xD;
	at com.kms.katalon.core.main.TestCaseMain.runTestCase(TestCaseMain.java:114)&#xD;
	at com.kms.katalon.core.keyword.builtin.CallTestCaseKeyword$_callTestCase_closure1.doCall(CallTestCaseKeyword.groovy:59)&#xD;
	at com.kms.katalon.core.keyword.builtin.CallTestCaseKeyword$_callTestCase_closure1.call(CallTestCaseKeyword.groovy)&#xD;
	at com.kms.katalon.core.keyword.internal.KeywordMain.runKeyword(KeywordMain.groovy:68)&#xD;
	at com.kms.katalon.core.keyword.builtin.CallTestCaseKeyword.callTestCase(CallTestCaseKeyword.groovy:81)&#xD;
	at com.kms.katalon.core.keyword.builtin.CallTestCaseKeyword.execute(CallTestCaseKeyword.groovy:44)&#xD;
	at com.kms.katalon.core.keyword.internal.KeywordExecutor.executeKeywordForPlatform(KeywordExecutor.groovy:56)&#xD;
	at com.kms.katalon.core.keyword.BuiltinKeywords.callTestCase(BuiltinKeywords.groovy:334)&#xD;
	at LifeShield.run(LifeShield:25)&#xD;
	at com.kms.katalon.core.main.ScriptEngine.run(ScriptEngine.java:194)&#xD;
	at com.kms.katalon.core.main.ScriptEngine.runScriptAsRawText(ScriptEngine.java:119)&#xD;
	at com.kms.katalon.core.main.TestCaseExecutor.runScript(TestCaseExecutor.java:337)&#xD;
	at com.kms.katalon.core.main.TestCaseExecutor.doExecute(TestCaseExecutor.java:328)&#xD;
	at com.kms.katalon.core.main.TestCaseExecutor.processExecutionPhase(TestCaseExecutor.java:307)&#xD;
	at com.kms.katalon.core.main.TestCaseExecutor.accessMainPhase(TestCaseExecutor.java:299)&#xD;
	at com.kms.katalon.core.main.TestCaseExecutor.execute(TestCaseExecutor.java:233)&#xD;
	at com.kms.katalon.core.main.TestSuiteExecutor.accessTestCaseMainPhase(TestSuiteExecutor.java:133)&#xD;
	at com.kms.katalon.core.main.TestSuiteExecutor.accessTestSuiteMainPhase(TestSuiteExecutor.java:116)&#xD;
	at com.kms.katalon.core.main.TestSuiteExecutor.execute(TestSuiteExecutor.java:83)&#xD;
	at com.kms.katalon.core.main.TestCaseMain.startTestSuite(TestCaseMain.java:157)&#xD;
	at com.kms.katalon.core.main.TestCaseMain$startTestSuite$0.call(Unknown Source)&#xD;
	at TempTestSuite1575602667225.run(TempTestSuite1575602667225.groovy:35)&#xD;
&#xD;
&#xD;
2019-12-06 11:35:15 - [TEST_STEP][PASSED] - driver = getWebDriver(): null&#xD;
&#xD;
2019-12-06 11:35:15 - [TEST_STEP][PASSED] - selenium = new com.thoughtworks.selenium.webdriven.WebDriverBackedSelenium(driver, internal.GlobalVariable.ENV): null&#xD;
&#xD;
2019-12-06 11:35:15 - [TEST_STEP][PASSED] - Thread.sleep(1000): null&#xD;
&#xD;
2019-12-06 11:35:16 - [TEST_STEP][PASSED] - click(findTestObject("mobileSanity/STM/STM Quote Page/button_filters")): Object: 'Object Repository/mobileSanity/STM/STM Quote Page/button_filters' is clicked on&#xD;
&#xD;
2019-12-06 11:35:17 - [MESSAGE][PASSED] - Object: 'Object Repository/mobileSanity/STM/STM Quote Page/button_filters' is clicked on&#xD;
&#xD;
2019-12-06 11:35:17 - [TEST_STEP][PASSED] - Thread.sleep(1000): null&#xD;
&#xD;
2019-12-06 11:35:18 - [TEST_STEP][PASSED] - click(findTestObject("mobileSanity/STM/STM Quote Page/i_Insurance company")): Object: 'Object Repository/mobileSanity/STM/STM Quote Page/i_Insurance company' is clicked on&#xD;
&#xD;
2019-12-06 11:35:18 - [MESSAGE][PASSED] - Object: 'Object Repository/mobileSanity/STM/STM Quote Page/i_Insurance company' is clicked on&#xD;
&#xD;
2019-12-06 11:35:18 - [TEST_STEP][PASSED] - Thread.sleep(1000): null&#xD;
&#xD;
2019-12-06 11:35:19 - [TEST_STEP][PASSED] - filter_carrier = "//input[@name='filter[carrier]' and @value='" + carrier + "']/following::label": null&#xD;
&#xD;
2019-12-06 11:35:19 - [TEST_STEP][PASSED] - println(filter_carrier): null&#xD;
&#xD;
2019-12-06 11:35:19 - [TEST_STEP][ERROR] - test.MobileKeywords.clickJS_ByXpath(filter_carrier): no such element: Unable to locate element: {"method":"xpath","selector":"//input[@name='filter[carrier]' and @value='lifeshield']/following::label"}
  (Session info: chrome=78.0.3904.108)
For documentation on this error, please visit: https://www.seleniumhq.org/exceptions/no_such_element.html
Build info: version: '3.141.59', revision: 'e82be7d358', time: '2018-11-14T08:25:53'
System info: host: 'SOFEE', ip: '172.16.86.47', os.name: 'Windows 7', os.arch: 'amd64', os.version: '6.1', java.version: '1.8.0_181'
Driver info: com.kms.katalon.selenium.driver.CChromeDriver
Capabilities {acceptInsecureCerts: false, browserName: chrome, browserVersion: 78.0.3904.108, chrome: {chromedriverVersion: 78.0.3904.70 (edb9c9f3de024..., userDataDir: C:\Users\sofee.yu\AppData\L...}, goog:chromeOptions: {debuggerAddress: localhost:63715}, javascriptEnabled: true, networkConnectionEnabled: false, pageLoadStrategy: normal, platform: XP, platformName: XP, proxy: Proxy(), setWindowRect: true, strictFileInteractability: false, timeouts: {implicit: 0, pageLoad: 300000, script: 30000}, unhandledPromptBehavior: dismiss and notify}
Session ID: c9a7a776cf081e4e05e1ba5f71e1860b
*** Element info: {Using=xpath, value=//input[@name='filter[carrier]' and @value='lifeshield']/following::label}&#xD;
&#xD;
2019-12-06 11:35:19 - [MESSAGE][ERROR] - no such element: Unable to locate element: {"method":"xpath","selector":"//input[@name='filter[carrier]' and @value='lifeshield']/following::label"}
  (Session info: chrome=78.0.3904.108)
For documentation on this error, please visit: https://www.seleniumhq.org/exceptions/no_such_element.html
Build info: version: '3.141.59', revision: 'e82be7d358', time: '2018-11-14T08:25:53'
System info: host: 'SOFEE', ip: '172.16.86.47', os.name: 'Windows 7', os.arch: 'amd64', os.version: '6.1', java.version: '1.8.0_181'
Driver info: com.kms.katalon.selenium.driver.CChromeDriver
Capabilities {acceptInsecureCerts: false, browserName: chrome, browserVersion: 78.0.3904.108, chrome: {chromedriverVersion: 78.0.3904.70 (edb9c9f3de024..., userDataDir: C:\Users\sofee.yu\AppData\L...}, goog:chromeOptions: {debuggerAddress: localhost:63715}, javascriptEnabled: true, networkConnectionEnabled: false, pageLoadStrategy: normal, platform: XP, platformName: XP, proxy: Proxy(), setWindowRect: true, strictFileInteractability: false, timeouts: {implicit: 0, pageLoad: 300000, script: 30000}, unhandledPromptBehavior: dismiss and notify}
Session ID: c9a7a776cf081e4e05e1ba5f71e1860b
*** Element info: {Using=xpath, value=//input[@name='filter[carrier]' and @value='lifeshield']/following::label}&#xD;
&#xD;
2019-12-06 11:35:19 - [MESSAGE][FAILED] - Unable to call Test Case 'Test Cases/AHI/_include/filter_stm' (Root cause: com.kms.katalon.core.exception.StepErrorException: Call Test Case 'Test Cases/AHI/_include/filter_stm' failed because of error(s)&#xD;
	at com.kms.katalon.core.keyword.builtin.CallTestCaseKeyword$_callTestCase_closure1.doCall(CallTestCaseKeyword.groovy:66)&#xD;
	at com.kms.katalon.core.keyword.builtin.CallTestCaseKeyword$_callTestCase_closure1.call(CallTestCaseKeyword.groovy)&#xD;
	at com.kms.katalon.core.keyword.internal.KeywordMain.runKeyword(KeywordMain.groovy:68)&#xD;
	at com.kms.katalon.core.keyword.builtin.CallTestCaseKeyword.callTestCase(CallTestCaseKeyword.groovy:81)&#xD;
	at com.kms.katalon.core.keyword.builtin.CallTestCaseKeyword.execute(CallTestCaseKeyword.groovy:44)&#xD;
	at com.kms.katalon.core.keyword.internal.KeywordExecutor.executeKeywordForPlatform(KeywordExecutor.groovy:56)&#xD;
	at com.kms.katalon.core.keyword.BuiltinKeywords.callTestCase(BuiltinKeywords.groovy:334)&#xD;
	at LifeShield.run(LifeShield:25)&#xD;
	at com.kms.katalon.core.main.ScriptEngine.run(ScriptEngine.java:194)&#xD;
	at com.kms.katalon.core.main.ScriptEngine.runScriptAsRawText(ScriptEngine.java:119)&#xD;
	at com.kms.katalon.core.main.TestCaseExecutor.runScript(TestCaseExecutor.java:337)&#xD;
	at com.kms.katalon.core.main.TestCaseExecutor.doExecute(TestCaseExecutor.java:328)&#xD;
	at com.kms.katalon.core.main.TestCaseExecutor.processExecutionPhase(TestCaseExecutor.java:307)&#xD;
	at com.kms.katalon.core.main.TestCaseExecutor.accessMainPhase(TestCaseExecutor.java:299)&#xD;
	at com.kms.katalon.core.main.TestCaseExecutor.execute(TestCaseExecutor.java:233)&#xD;
	at com.kms.katalon.core.main.TestSuiteExecutor.accessTestCaseMainPhase(TestSuiteExecutor.java:133)&#xD;
	at com.kms.katalon.core.main.TestSuiteExecutor.accessTestSuiteMainPhase(TestSuiteExecutor.java:116)&#xD;
	at com.kms.katalon.core.main.TestSuiteExecutor.execute(TestSuiteExecutor.java:83)&#xD;
	at com.kms.katalon.core.main.TestCaseMain.startTestSuite(TestCaseMain.java:157)&#xD;
	at com.kms.katalon.core.main.TestCaseMain$startTestSuite$0.call(Unknown Source)&#xD;
	at TempTestSuite1575602667225.run(TempTestSuite1575602667225.groovy:35)&#xD;
Caused by: org.openqa.selenium.NoSuchElementException: no such element: Unable to locate element: {"method":"xpath","selector":"//input[@name='filter[carrier]' and @value='lifeshield']/following::label"}
  (Session info: chrome=78.0.3904.108)
For documentation on this error, please visit: https://www.seleniumhq.org/exceptions/no_such_element.html
Build info: version: '3.141.59', revision: 'e82be7d358', time: '2018-11-14T08:25:53'
System info: host: 'SOFEE', ip: '172.16.86.47', os.name: 'Windows 7', os.arch: 'amd64', os.version: '6.1', java.version: '1.8.0_181'
Driver info: com.kms.katalon.selenium.driver.CChromeDriver
Capabilities {acceptInsecureCerts: false, browserName: chrome, browserVersion: 78.0.3904.108, chrome: {chromedriverVersion: 78.0.3904.70 (edb9c9f3de024..., userDataDir: C:\Users\sofee.yu\AppData\L...}, goog:chromeOptions: {debuggerAddress: localhost:63715}, javascriptEnabled: true, networkConnectionEnabled: false, pageLoadStrategy: normal, platform: XP, platformName: XP, proxy: Proxy(), setWindowRect: true, strictFileInteractability: false, timeouts: {implicit: 0, pageLoad: 300000, script: 30000}, unhandledPromptBehavior: dismiss and notify}
Session ID: c9a7a776cf081e4e05e1ba5f71e1860b
*** Element info: {Using=xpath, value=//input[@name='filter[carrier]' and @value='lifeshield']/following::label}&#xD;
	at org.openqa.selenium.remote.http.W3CHttpResponseCodec.createException(W3CHttpResponseCodec.java:187)&#xD;
	at org.openqa.selenium.remote.http.W3CHttpResponseCodec.decode(W3CHttpResponseCodec.java:122)&#xD;
	at org.openqa.selenium.remote.http.W3CHttpResponseCodec.decode(W3CHttpResponseCodec.java:49)&#xD;
	at org.openqa.selenium.remote.HttpCommandExecutor.execute(HttpCommandExecutor.java:158)&#xD;
	at org.openqa.selenium.remote.service.DriverCommandExecutor.execute(DriverCommandExecutor.java:83)&#xD;
	at org.openqa.selenium.remote.RemoteWebDriver.execute(RemoteWebDriver.java:552)&#xD;
	at com.kms.katalon.selenium.driver.CChromeDriver.execute(CChromeDriver.java:20)&#xD;
	at org.openqa.selenium.remote.RemoteWebDriver.findElement(RemoteWebDriver.java:323)&#xD;
	at org.openqa.selenium.remote.RemoteWebDriver.findElementByXPath(RemoteWebDriver.java:428)&#xD;
	at org.openqa.selenium.By$ByXPath.findElement(By.java:353)&#xD;
	at org.openqa.selenium.remote.RemoteWebDriver.findElement(RemoteWebDriver.java:315)&#xD;
	at org.openqa.selenium.WebDriver$findElement.call(Unknown Source)&#xD;
	at test.MobileKeywords.clickJS_ByXpath(MobileKeywords.groovy:86)&#xD;
	at test.MobileKeywords.invokeMethod(MobileKeywords.groovy)&#xD;
	at com.kms.katalon.core.main.CustomKeywordDelegatingMetaClass.invokeStaticMethod(CustomKeywordDelegatingMetaClass.java:50)&#xD;
	at filter_stm.run(filter_stm:40)&#xD;
	at com.kms.katalon.core.main.ScriptEngine.run(ScriptEngine.java:194)&#xD;
	at com.kms.katalon.core.main.ScriptEngine.runScriptAsRawText(ScriptEngine.java:119)&#xD;
	at com.kms.katalon.core.main.TestCaseExecutor.runScript(TestCaseExecutor.java:337)&#xD;
	at com.kms.katalon.core.main.TestCaseExecutor.doExecute(TestCaseExecutor.java:328)&#xD;
	at com.kms.katalon.core.main.TestCaseExecutor.processExecutionPhase(TestCaseExecutor.java:307)&#xD;
	at com.kms.katalon.core.main.TestCaseExecutor.accessMainPhase(TestCaseExecutor.java:299)&#xD;
	at com.kms.katalon.core.main.TestCaseExecutor.execute(TestCaseExecutor.java:233)&#xD;
	at com.kms.katalon.core.main.TestCaseMain.runTestCase(TestCaseMain.java:114)&#xD;
	at com.kms.katalon.core.keyword.builtin.CallTestCaseKeyword$_callTestCase_closure1.doCall(CallTestCaseKeyword.groovy:59)&#xD;
	... 20 more&#xD;
)</system-out>
            <system-err>2019-12-06 11:34:34 - [TEST_CASE][ERROR] - Test Cases/AHI/stm/LifeShield: Test Cases/AHI/stm/LifeShield FAILED.
Reason:
com.kms.katalon.core.exception.StepErrorException: Call Test Case 'Test Cases/AHI/_include/filter_stm' failed because of error(s)&#xD;
	at com.kms.katalon.core.keyword.builtin.CallTestCaseKeyword$_callTestCase_closure1.doCall(CallTestCaseKeyword.groovy:66)&#xD;
	at com.kms.katalon.core.keyword.builtin.CallTestCaseKeyword$_callTestCase_closure1.call(CallTestCaseKeyword.groovy)&#xD;
	at com.kms.katalon.core.keyword.internal.KeywordMain.runKeyword(KeywordMain.groovy:68)&#xD;
	at com.kms.katalon.core.keyword.builtin.CallTestCaseKeyword.callTestCase(CallTestCaseKeyword.groovy:81)&#xD;
	at com.kms.katalon.core.keyword.builtin.CallTestCaseKeyword.execute(CallTestCaseKeyword.groovy:44)&#xD;
	at com.kms.katalon.core.keyword.internal.KeywordExecutor.executeKeywordForPlatform(KeywordExecutor.groovy:56)&#xD;
	at com.kms.katalon.core.keyword.BuiltinKeywords.callTestCase(BuiltinKeywords.groovy:334)&#xD;
	at LifeShield.run(LifeShield:25)&#xD;
	at com.kms.katalon.core.main.ScriptEngine.run(ScriptEngine.java:194)&#xD;
	at com.kms.katalon.core.main.ScriptEngine.runScriptAsRawText(ScriptEngine.java:119)&#xD;
	at com.kms.katalon.core.main.TestCaseExecutor.runScript(TestCaseExecutor.java:337)&#xD;
	at com.kms.katalon.core.main.TestCaseExecutor.doExecute(TestCaseExecutor.java:328)&#xD;
	at com.kms.katalon.core.main.TestCaseExecutor.processExecutionPhase(TestCaseExecutor.java:307)&#xD;
	at com.kms.katalon.core.main.TestCaseExecutor.accessMainPhase(TestCaseExecutor.java:299)&#xD;
	at com.kms.katalon.core.main.TestCaseExecutor.execute(TestCaseExecutor.java:233)&#xD;
	at com.kms.katalon.core.main.TestSuiteExecutor.accessTestCaseMainPhase(TestSuiteExecutor.java:133)&#xD;
	at com.kms.katalon.core.main.TestSuiteExecutor.accessTestSuiteMainPhase(TestSuiteExecutor.java:116)&#xD;
	at com.kms.katalon.core.main.TestSuiteExecutor.execute(TestSuiteExecutor.java:83)&#xD;
	at com.kms.katalon.core.main.TestCaseMain.startTestSuite(TestCaseMain.java:157)&#xD;
	at com.kms.katalon.core.main.TestCaseMain$startTestSuite$0.call(Unknown Source)&#xD;
	at TempTestSuite1575602667225.run(TempTestSuite1575602667225.groovy:35)&#xD;
Caused by: org.openqa.selenium.NoSuchElementException: no such element: Unable to locate element: {"method":"xpath","selector":"//input[@name='filter[carrier]' and @value='lifeshield']/following::label"}
  (Session info: chrome=78.0.3904.108)
For documentation on this error, please visit: https://www.seleniumhq.org/exceptions/no_such_element.html
Build info: version: '3.141.59', revision: 'e82be7d358', time: '2018-11-14T08:25:53'
System info: host: 'SOFEE', ip: '172.16.86.47', os.name: 'Windows 7', os.arch: 'amd64', os.version: '6.1', java.version: '1.8.0_181'
Driver info: com.kms.katalon.selenium.driver.CChromeDriver
Capabilities {acceptInsecureCerts: false, browserName: chrome, browserVersion: 78.0.3904.108, chrome: {chromedriverVersion: 78.0.3904.70 (edb9c9f3de024..., userDataDir: C:\Users\sofee.yu\AppData\L...}, goog:chromeOptions: {debuggerAddress: localhost:63715}, javascriptEnabled: true, networkConnectionEnabled: false, pageLoadStrategy: normal, platform: XP, platformName: XP, proxy: Proxy(), setWindowRect: true, strictFileInteractability: false, timeouts: {implicit: 0, pageLoad: 300000, script: 30000}, unhandledPromptBehavior: dismiss and notify}
Session ID: c9a7a776cf081e4e05e1ba5f71e1860b
*** Element info: {Using=xpath, value=//input[@name='filter[carrier]' and @value='lifeshield']/following::label}&#xD;
	at org.openqa.selenium.remote.http.W3CHttpResponseCodec.createException(W3CHttpResponseCodec.java:187)&#xD;
	at org.openqa.selenium.remote.http.W3CHttpResponseCodec.decode(W3CHttpResponseCodec.java:122)&#xD;
	at org.openqa.selenium.remote.http.W3CHttpResponseCodec.decode(W3CHttpResponseCodec.java:49)&#xD;
	at org.openqa.selenium.remote.HttpCommandExecutor.execute(HttpCommandExecutor.java:158)&#xD;
	at org.openqa.selenium.remote.service.DriverCommandExecutor.execute(DriverCommandExecutor.java:83)&#xD;
	at org.openqa.selenium.remote.RemoteWebDriver.execute(RemoteWebDriver.java:552)&#xD;
	at com.kms.katalon.selenium.driver.CChromeDriver.execute(CChromeDriver.java:20)&#xD;
	at org.openqa.selenium.remote.RemoteWebDriver.findElement(RemoteWebDriver.java:323)&#xD;
	at org.openqa.selenium.remote.RemoteWebDriver.findElementByXPath(RemoteWebDriver.java:428)&#xD;
	at org.openqa.selenium.By$ByXPath.findElement(By.java:353)&#xD;
	at org.openqa.selenium.remote.RemoteWebDriver.findElement(RemoteWebDriver.java:315)&#xD;
	at org.openqa.selenium.WebDriver$findElement.call(Unknown Source)&#xD;
	at test.MobileKeywords.clickJS_ByXpath(MobileKeywords.groovy:86)&#xD;
	at test.MobileKeywords.invokeMethod(MobileKeywords.groovy)&#xD;
	at com.kms.katalon.core.main.CustomKeywordDelegatingMetaClass.invokeStaticMethod(CustomKeywordDelegatingMetaClass.java:50)&#xD;
	at filter_stm.run(filter_stm:40)&#xD;
	at com.kms.katalon.core.main.ScriptEngine.run(ScriptEngine.java:194)&#xD;
	at com.kms.katalon.core.main.ScriptEngine.runScriptAsRawText(ScriptEngine.java:119)&#xD;
	at com.kms.katalon.core.main.TestCaseExecutor.runScript(TestCaseExecutor.java:337)&#xD;
	at com.kms.katalon.core.main.TestCaseExecutor.doExecute(TestCaseExecutor.java:328)&#xD;
	at com.kms.katalon.core.main.TestCaseExecutor.processExecutionPhase(TestCaseExecutor.java:307)&#xD;
	at com.kms.katalon.core.main.TestCaseExecutor.accessMainPhase(TestCaseExecutor.java:299)&#xD;
	at com.kms.katalon.core.main.TestCaseExecutor.execute(TestCaseExecutor.java:233)&#xD;
	at com.kms.katalon.core.main.TestCaseMain.runTestCase(TestCaseMain.java:114)&#xD;
	at com.kms.katalon.core.keyword.builtin.CallTestCaseKeyword$_callTestCase_closure1.doCall(CallTestCaseKeyword.groovy:59)&#xD;
	... 20 more</system-err>
        </testcase>
        <testcase name="Test Cases/AHI/stm/NationalGeneral" classname="Test Cases/AHI/stm/NationalGeneral" status="PASSED">
            <system-out>2019-12-06 11:35:19 - [TEST_CASE][PASSED] - Test Cases/AHI/stm/NationalGeneral: Test Cases/AHI/stm/NationalGeneral&#xD;
&#xD;
2019-12-06 11:35:19 - [TEST_STEP][PASSED] - callTestCase(findTestCase("AHI/_include/get_screenPath"), ["productLine":"stm", "carrierName":"National General"], CONTINUE_ON_FAILURE): Call Test Case 'Test Cases/AHI/_include/get_screenPath' successfully&#xD;
&#xD;
2019-12-06 11:35:20 - [TEST_CASE][PASSED] - Test Cases/AHI/_include/get_screenPath: Test Cases/AHI/_include/get_screenPath&#xD;
&#xD;
2019-12-06 11:35:20 - [TEST_STEP][PASSED] - m = getExecutionProperties(): null&#xD;
&#xD;
2019-12-06 11:35:20 - [TEST_STEP][PASSED] - deviceName = get("mobileEmulation").get("deviceName"): null&#xD;
&#xD;
2019-12-06 11:35:20 - [TEST_STEP][PASSED] - println(deviceName): null&#xD;
&#xD;
2019-12-06 11:35:20 - [TEST_STEP][PASSED] - now = new java.util.Date(): null&#xD;
&#xD;
2019-12-06 11:35:20 - [TEST_STEP][PASSED] - mydate = now.format("yyyyMMdd_HHmmss"): null&#xD;
&#xD;
2019-12-06 11:35:20 - [TEST_STEP][PASSED] - screenPath = "../Screenshots/": null&#xD;
&#xD;
2019-12-06 11:35:20 - [TEST_STEP][PASSED] - screenPath = screenPath + deviceName + "/" + productLine + "/" + carrierName + "/" + "standard" + "/": null&#xD;
&#xD;
2019-12-06 11:35:20 - [TEST_STEP][PASSED] - println(screenPath): null&#xD;
&#xD;
2019-12-06 11:35:20 - [MESSAGE][PASSED] - Call Test Case 'Test Cases/AHI/_include/get_screenPath' successfully&#xD;
&#xD;
2019-12-06 11:35:20 - [TEST_STEP][PASSED] - i = 0: null&#xD;
&#xD;
2019-12-06 11:35:20 - [TEST_STEP][PASSED] - callTestCase(findTestCase("AHI/_include/openWebSite"), [:], CONTINUE_ON_FAILURE): Call Test Case 'Test Cases/AHI/_include/openWebSite' successfully&#xD;
&#xD;
2019-12-06 11:35:20 - [TEST_CASE][PASSED] - Test Cases/AHI/_include/openWebSite: Test Cases/AHI/_include/openWebSite&#xD;
&#xD;
2019-12-06 11:35:20 - [TEST_STEP][PASSED] - openBrowser(env): Browser is opened with url: 'https://praetemptatus.agilehealthinsurance.com'&#xD;
&#xD;
2019-12-06 11:35:20 - [MESSAGE][WARNING] - A browser is already opened. Closing browser and opening a new one&#xD;
&#xD;
2019-12-06 11:35:20 - [MESSAGE][INFO] - Starting 'Chrome' driver&#xD;
&#xD;
2019-12-06 11:35:20 - [MESSAGE][INFO] - User set preference: ['mobileEmulation', '{deviceName=iPhone 6}']&#xD;
&#xD;
2019-12-06 11:35:20 - [MESSAGE][INFO] - User set preference: ['args', '[--incognito, --aggressive-cache-discard, --window-size=375,677, --no-sandbox]']&#xD;
&#xD;
2019-12-06 11:35:26 - [MESSAGE][PASSED] - Browser is opened with url: 'https://praetemptatus.agilehealthinsurance.com'&#xD;
&#xD;
2019-12-06 11:35:26 - [TEST_STEP][PASSED] - waitForPageLoad(20): Wait for page load successfully&#xD;
&#xD;
2019-12-06 11:35:26 - [MESSAGE][PASSED] - Wait for page load successfully&#xD;
&#xD;
2019-12-06 11:35:26 - [TEST_STEP][PASSED] - callTestCase(findTestCase("AHI/_include/get_screenshot"), [:], STOP_ON_FAILURE): Call Test Case 'Test Cases/AHI/_include/get_screenshot' successfully&#xD;
&#xD;
2019-12-06 11:35:26 - [TEST_CASE][PASSED] - Test Cases/AHI/_include/get_screenshot: Test Cases/AHI/_include/get_screenshot&#xD;
&#xD;
2019-12-06 11:35:26 - [TEST_STEP][PASSED] - takeScreenshot(screenPath + i + ".png"): Taking screenshot successfully&#xD;
&#xD;
2019-12-06 11:35:27 - [MESSAGE][PASSED] - Taking screenshot successfully&#xD;
[[ATTACHMENT|D:\\Test\\AgileTest\\AgileTest\\Reports\\AHI\\stm\\20191206_112427\\../Screenshots/iPhone 6/stm/National General/standard/0.png]]&#xD;
&#xD;
2019-12-06 11:35:27 - [TEST_STEP][PASSED] - (internal.GlobalVariable.i++): null&#xD;
&#xD;
2019-12-06 11:35:27 - [MESSAGE][PASSED] - Call Test Case 'Test Cases/AHI/_include/get_screenshot' successfully&#xD;
&#xD;
2019-12-06 11:35:27 - [MESSAGE][PASSED] - Call Test Case 'Test Cases/AHI/_include/openWebSite' successfully&#xD;
&#xD;
2019-12-06 11:35:27 - [TEST_STEP][PASSED] - callTestCase(findTestCase("AHI/_include/census_stm"), [:], CONTINUE_ON_FAILURE): Call Test Case 'Test Cases/AHI/_include/census_stm' successfully&#xD;
&#xD;
2019-12-06 11:35:27 - [TEST_CASE][PASSED] - Test Cases/AHI/_include/census_stm: Test Cases/AHI/_include/census_stm&#xD;
&#xD;
2019-12-06 11:35:27 - [TEST_STEP][PASSED] - waitForElementClickable(findTestObject("mobileSanity/STM/Home Page/a_Quote  Save Today"), 10): Object 'Object Repository/mobileSanity/STM/Home Page/a_Quote  Save Today' is clickable&#xD;
&#xD;
2019-12-06 11:35:27 - [MESSAGE][PASSED] - Object 'Object Repository/mobileSanity/STM/Home Page/a_Quote  Save Today' is clickable&#xD;
&#xD;
2019-12-06 11:35:27 - [TEST_STEP][PASSED] - click(findTestObject("mobileSanity/STM/Home Page/a_Quote  Save Today")): Object: 'Object Repository/mobileSanity/STM/Home Page/a_Quote  Save Today' is clicked on&#xD;
&#xD;
2019-12-06 11:35:28 - [MESSAGE][PASSED] - Object: 'Object Repository/mobileSanity/STM/Home Page/a_Quote  Save Today' is clicked on&#xD;
&#xD;
2019-12-06 11:35:28 - [TEST_STEP][PASSED] - waitForPageLoad(10): Wait for page load successfully&#xD;
&#xD;
2019-12-06 11:35:28 - [MESSAGE][PASSED] - Wait for page load successfully&#xD;
&#xD;
2019-12-06 11:35:28 - [TEST_STEP][PASSED] - callTestCase(findTestCase("AHI/_include/get_screenshot"), [:], STOP_ON_FAILURE): Call Test Case 'Test Cases/AHI/_include/get_screenshot' successfully&#xD;
&#xD;
2019-12-06 11:35:28 - [TEST_CASE][PASSED] - Test Cases/AHI/_include/get_screenshot: Test Cases/AHI/_include/get_screenshot&#xD;
&#xD;
2019-12-06 11:35:28 - [TEST_STEP][PASSED] - takeScreenshot(screenPath + i + ".png"): Taking screenshot successfully&#xD;
&#xD;
2019-12-06 11:35:29 - [MESSAGE][PASSED] - Taking screenshot successfully&#xD;
[[ATTACHMENT|D:\\Test\\AgileTest\\AgileTest\\Reports\\AHI\\stm\\20191206_112427\\../Screenshots/iPhone 6/stm/National General/standard/1.png]]&#xD;
&#xD;
2019-12-06 11:35:29 - [TEST_STEP][PASSED] - (internal.GlobalVariable.i++): null&#xD;
&#xD;
2019-12-06 11:35:29 - [MESSAGE][PASSED] - Call Test Case 'Test Cases/AHI/_include/get_screenshot' successfully&#xD;
&#xD;
2019-12-06 11:35:29 - [TEST_STEP][PASSED] - setText(findTestObject("mobileSanity/STM/STM Census Page/input_Location_zip-input"), zipcode): Text '35215' is set on object 'Object Repository/mobileSanity/STM/STM Census Page/input_Location_zip-input'&#xD;
&#xD;
2019-12-06 11:35:30 - [MESSAGE][PASSED] - Text '35215' is set on object 'Object Repository/mobileSanity/STM/STM Census Page/input_Location_zip-input'&#xD;
&#xD;
2019-12-06 11:35:30 - [TEST_STEP][PASSED] - Thread.sleep(500): null&#xD;
&#xD;
2019-12-06 11:35:30 - [TEST_STEP][PASSED] - setText(findTestObject("mobileSanity/STM/STM Census Page/input_Date of Birth_dob-0"), "03031987"): Text '03031987' is set on object 'Object Repository/mobileSanity/STM/STM Census Page/input_Date of Birth_dob-0'&#xD;
&#xD;
2019-12-06 11:35:31 - [MESSAGE][PASSED] - Text '03031987' is set on object 'Object Repository/mobileSanity/STM/STM Census Page/input_Date of Birth_dob-0'&#xD;
&#xD;
2019-12-06 11:35:31 - [TEST_STEP][PASSED] - click(findTestObject("mobileSanity/STM/STM Census Page/label_Male")): Object: 'Object Repository/mobileSanity/STM/STM Census Page/label_Male' is clicked on&#xD;
&#xD;
2019-12-06 11:35:31 - [MESSAGE][PASSED] - Object: 'Object Repository/mobileSanity/STM/STM Census Page/label_Male' is clicked on&#xD;
&#xD;
2019-12-06 11:35:31 - [TEST_STEP][PASSED] - click(findTestObject("mobileSanity/STM/STM Census Page/label_Compare Plans")): Object: 'Object Repository/mobileSanity/STM/STM Census Page/label_Compare Plans' is clicked on&#xD;
&#xD;
2019-12-06 11:35:31 - [MESSAGE][PASSED] - Object: 'Object Repository/mobileSanity/STM/STM Census Page/label_Compare Plans' is clicked on&#xD;
&#xD;
2019-12-06 11:35:31 - [TEST_STEP][PASSED] - waitForElementVisible(findTestObject("mobileSanity/STM/STM Quote Page/button_sort"), 20): Object 'Object Repository/mobileSanity/STM/STM Quote Page/button_sort' is visible&#xD;
&#xD;
2019-12-06 11:35:34 - [MESSAGE][PASSED] - Object 'Object Repository/mobileSanity/STM/STM Quote Page/button_sort' is visible&#xD;
&#xD;
2019-12-06 11:35:34 - [TEST_STEP][PASSED] - Thread.sleep(3000): null&#xD;
&#xD;
2019-12-06 11:35:37 - [TEST_STEP][PASSED] - callTestCase(findTestCase("AHI/_include/check_quoteleadform"), [:], STOP_ON_FAILURE): Call Test Case 'Test Cases/AHI/_include/check_quoteleadform' successfully&#xD;
&#xD;
2019-12-06 11:35:37 - [TEST_CASE][PASSED] - Test Cases/AHI/_include/check_quoteleadform: Test Cases/AHI/_include/check_quoteleadform&#xD;
&#xD;
2019-12-06 11:35:37 - [TEST_STEP][PASSED] - callTestCase(findTestCase("AHI/_include/name"), [:], CONTINUE_ON_FAILURE): Call Test Case 'Test Cases/AHI/_include/name' successfully&#xD;
&#xD;
2019-12-06 11:35:37 - [TEST_CASE][PASSED] - Test Cases/AHI/_include/name: Test Cases/AHI/_include/name&#xD;
&#xD;
2019-12-06 11:35:37 - [TEST_STEP][PASSED] - driver = getWebDriver(): null&#xD;
&#xD;
2019-12-06 11:35:37 - [TEST_STEP][PASSED] - selenium = new com.thoughtworks.selenium.webdriven.WebDriverBackedSelenium(driver, internal.GlobalVariable.ENV): null&#xD;
&#xD;
2019-12-06 11:35:37 - [TEST_STEP][PASSED] - FirstName = "Test-123": null&#xD;
&#xD;
2019-12-06 11:35:37 - [TEST_STEP][PASSED] - LastName = selenium.getEval("{var x="ABCDEFGHIJKLMNOPQRSTUVWXYZabcdefghijklmnopqrstuvwxyz"; var tmp="ZZ11-"; for (i=0;i&lt;8;i++) tmp+=x.charAt(Math.ceil(51*Math.random()));tmp;}"): null&#xD;
&#xD;
2019-12-06 11:35:37 - [TEST_STEP][PASSED] - Address = selenium.getEval("{var x="ABCDEFGHIJKLMNOPQRSTUVWXYZabcdefghijklmnopqrstuvwxyz"; var tmp=""; for (i=0;i&lt;8;i++) tmp+=x.charAt(Math.ceil(51*Math.random()));tmp;}"): null&#xD;
&#xD;
2019-12-06 11:35:38 - [TEST_STEP][PASSED] - City = selenium.getEval("{var x="ABCDEFGHIJKLMNOPQRSTUVWXYZabcdefghijklmnopqrstuvwxyz"; var tmp=""; for (i=0;i&lt;8;i++) tmp+=x.charAt(Math.ceil(51*Math.random()));tmp;}"): null&#xD;
&#xD;
2019-12-06 11:35:38 - [TEST_STEP][PASSED] - tel1 = selenium.getEval("{var x="123456789"; var tmp=""; for (i=0;i&lt;3;i++) tmp+=x.charAt(Math.ceil(8*Math.random()));tmp;}"): null&#xD;
&#xD;
2019-12-06 11:35:38 - [TEST_STEP][PASSED] - tel2 = selenium.getEval("{var x="123456789"; var tmp=""; for (i=0;i&lt;3;i++) tmp+=x.charAt(Math.ceil(8*Math.random()));tmp;}"): null&#xD;
&#xD;
2019-12-06 11:35:38 - [TEST_STEP][PASSED] - tel3 = selenium.getEval("{var x="123456789"; var tmp=""; for (i=0;i&lt;4;i++) tmp+=x.charAt(Math.ceil(8*Math.random()));tmp;}"): null&#xD;
&#xD;
2019-12-06 11:35:38 - [TEST_STEP][PASSED] - Tel = selenium.getExpression(tel1 + "-" + tel2 + "-" + tel3): null&#xD;
&#xD;
2019-12-06 11:35:38 - [TEST_STEP][PASSED] - AutoEmail = selenium.getEval("{var x="ABCDEFGHIJKLMNOPQRSTUVWXYZabcdefghijklmnopqrstuvwxyz"; var tmp="test."; for (i=0;i&lt;8;i++) tmp+=x.charAt(Math.ceil(51*Math.random()));tmp+="@suryani.cn";}"): null&#xD;
&#xD;
2019-12-06 11:35:38 - [TEST_STEP][PASSED] - FirstName = FirstName: null&#xD;
&#xD;
2019-12-06 11:35:38 - [TEST_STEP][PASSED] - LastName = LastName: null&#xD;
&#xD;
2019-12-06 11:35:38 - [TEST_STEP][PASSED] - Address = Address: null&#xD;
&#xD;
2019-12-06 11:35:38 - [TEST_STEP][PASSED] - City = City: null&#xD;
&#xD;
2019-12-06 11:35:38 - [TEST_STEP][PASSED] - Tel = Tel: null&#xD;
&#xD;
2019-12-06 11:35:38 - [TEST_STEP][PASSED] - AutoEmail = AutoEmail: null&#xD;
&#xD;
2019-12-06 11:35:38 - [TEST_STEP][PASSED] - println(FirstName): null&#xD;
&#xD;
2019-12-06 11:35:38 - [TEST_STEP][PASSED] - println(LastName): null&#xD;
&#xD;
2019-12-06 11:35:38 - [TEST_STEP][PASSED] - println(Address): null&#xD;
&#xD;
2019-12-06 11:35:38 - [TEST_STEP][PASSED] - println(City): null&#xD;
&#xD;
2019-12-06 11:35:38 - [TEST_STEP][PASSED] - println(Tel): null&#xD;
&#xD;
2019-12-06 11:35:38 - [TEST_STEP][PASSED] - println(AutoEmail): null&#xD;
&#xD;
2019-12-06 11:35:38 - [MESSAGE][PASSED] - Call Test Case 'Test Cases/AHI/_include/name' successfully&#xD;
&#xD;
2019-12-06 11:35:38 - [TEST_STEP][PASSED] - leadform_exist = test.MobileKeywords.isElementPresent_Web(findTestObject("mobileSanity/quote lead form/lead_form"), 20): test.MobileKeywords.isElementPresent_Web is PASSED&#xD;
&#xD;
2019-12-06 11:35:58 - [MESSAGE][INFO] - Unable to find the element located by 'By.xpath: //*[@id = 'lightboxLeadForm']'. Please recheck the objects properties to make sure the desired element is located. &#xD;
&#xD;
2019-12-06 11:35:58 - [MESSAGE][PASSED] - test.MobileKeywords.isElementPresent_Web is PASSED&#xD;
&#xD;
2019-12-06 11:35:58 - [TEST_STEP][PASSED] - if (leadform_exist): null&#xD;
&#xD;
2019-12-06 11:35:58 - [MESSAGE][PASSED] - Call Test Case 'Test Cases/AHI/_include/check_quoteleadform' successfully&#xD;
&#xD;
2019-12-06 11:35:58 - [TEST_STEP][PASSED] - callTestCase(findTestCase("AHI/_include/get_screenshot"), [:], STOP_ON_FAILURE): Call Test Case 'Test Cases/AHI/_include/get_screenshot' successfully&#xD;
&#xD;
2019-12-06 11:35:58 - [TEST_CASE][PASSED] - Test Cases/AHI/_include/get_screenshot: Test Cases/AHI/_include/get_screenshot&#xD;
&#xD;
2019-12-06 11:35:58 - [TEST_STEP][PASSED] - takeScreenshot(screenPath + i + ".png"): Taking screenshot successfully&#xD;
&#xD;
2019-12-06 11:35:59 - [MESSAGE][PASSED] - Taking screenshot successfully&#xD;
[[ATTACHMENT|D:\\Test\\AgileTest\\AgileTest\\Reports\\AHI\\stm\\20191206_112427\\../Screenshots/iPhone 6/stm/National General/standard/2.png]]&#xD;
&#xD;
2019-12-06 11:35:59 - [TEST_STEP][PASSED] - (internal.GlobalVariable.i++): null&#xD;
&#xD;
2019-12-06 11:35:59 - [MESSAGE][PASSED] - Call Test Case 'Test Cases/AHI/_include/get_screenshot' successfully&#xD;
&#xD;
2019-12-06 11:35:59 - [TEST_STEP][PASSED] - Thread.sleep(1000): null&#xD;
&#xD;
2019-12-06 11:36:00 - [MESSAGE][PASSED] - Call Test Case 'Test Cases/AHI/_include/census_stm' successfully&#xD;
&#xD;
2019-12-06 11:36:00 - [TEST_STEP][PASSED] - callTestCase(findTestCase("AHI/_include/filter_stm"), ["carrier":"nationalgeneral"], STOP_ON_FAILURE): Call Test Case 'Test Cases/AHI/_include/filter_stm' successfully&#xD;
&#xD;
2019-12-06 11:36:00 - [TEST_CASE][PASSED] - Test Cases/AHI/_include/filter_stm: Test Cases/AHI/_include/filter_stm&#xD;
&#xD;
2019-12-06 11:36:00 - [TEST_STEP][PASSED] - driver = getWebDriver(): null&#xD;
&#xD;
2019-12-06 11:36:00 - [TEST_STEP][PASSED] - selenium = new com.thoughtworks.selenium.webdriven.WebDriverBackedSelenium(driver, internal.GlobalVariable.ENV): null&#xD;
&#xD;
2019-12-06 11:36:00 - [TEST_STEP][PASSED] - Thread.sleep(1000): null&#xD;
&#xD;
2019-12-06 11:36:01 - [TEST_STEP][PASSED] - click(findTestObject("mobileSanity/STM/STM Quote Page/button_filters")): Object: 'Object Repository/mobileSanity/STM/STM Quote Page/button_filters' is clicked on&#xD;
&#xD;
2019-12-06 11:36:02 - [MESSAGE][PASSED] - Object: 'Object Repository/mobileSanity/STM/STM Quote Page/button_filters' is clicked on&#xD;
&#xD;
2019-12-06 11:36:02 - [TEST_STEP][PASSED] - Thread.sleep(1000): null&#xD;
&#xD;
2019-12-06 11:36:03 - [TEST_STEP][PASSED] - click(findTestObject("mobileSanity/STM/STM Quote Page/i_Insurance company")): Object: 'Object Repository/mobileSanity/STM/STM Quote Page/i_Insurance company' is clicked on&#xD;
&#xD;
2019-12-06 11:36:03 - [MESSAGE][PASSED] - Object: 'Object Repository/mobileSanity/STM/STM Quote Page/i_Insurance company' is clicked on&#xD;
&#xD;
2019-12-06 11:36:03 - [TEST_STEP][PASSED] - Thread.sleep(1000): null&#xD;
&#xD;
2019-12-06 11:36:04 - [TEST_STEP][PASSED] - filter_carrier = "//input[@name='filter[carrier]' and @value='" + carrier + "']/following::label": null&#xD;
&#xD;
2019-12-06 11:36:04 - [TEST_STEP][PASSED] - println(filter_carrier): null&#xD;
&#xD;
2019-12-06 11:36:04 - [TEST_STEP][PASSED] - test.MobileKeywords.clickJS_ByXpath(filter_carrier): test.MobileKeywords.clickJS_ByXpath is PASSED&#xD;
&#xD;
2019-12-06 11:36:04 - [MESSAGE][PASSED] - Execute JavaScript 'arguments[0].click()' successfully&#xD;
&#xD;
2019-12-06 11:36:04 - [MESSAGE][PASSED] - test.MobileKeywords.clickJS_ByXpath is PASSED&#xD;
&#xD;
2019-12-06 11:36:04 - [TEST_STEP][PASSED] - scrollToElement(findTestObject("mobileSanity/STM/STM Quote Page/a_Show Plans"), 1000): Scroll to object 'Object Repository/mobileSanity/STM/STM Quote Page/a_Show Plans' successfully&#xD;
&#xD;
2019-12-06 11:36:04 - [MESSAGE][PASSED] - Scroll to object 'Object Repository/mobileSanity/STM/STM Quote Page/a_Show Plans' successfully&#xD;
&#xD;
2019-12-06 11:36:04 - [TEST_STEP][PASSED] - Thread.sleep(2000): null&#xD;
&#xD;
2019-12-06 11:36:06 - [TEST_STEP][PASSED] - click(findTestObject("mobileSanity/STM/STM Quote Page/a_Show Plans")): Object: 'Object Repository/mobileSanity/STM/STM Quote Page/a_Show Plans' is clicked on&#xD;
&#xD;
2019-12-06 11:36:06 - [MESSAGE][PASSED] - Object: 'Object Repository/mobileSanity/STM/STM Quote Page/a_Show Plans' is clicked on&#xD;
&#xD;
2019-12-06 11:36:06 - [TEST_STEP][PASSED] - waitForJQueryLoad(20, STOP_ON_FAILURE): jQuery is ready.&#xD;
&#xD;
2019-12-06 11:36:07 - [MESSAGE][PASSED] - jQuery is ready.&#xD;
&#xD;
2019-12-06 11:36:07 - [TEST_STEP][PASSED] - Thread.sleep(2000): null&#xD;
&#xD;
2019-12-06 11:36:09 - [TEST_STEP][PASSED] - callTestCase(findTestCase("AHI/_include/get_screenshot"), [:], STOP_ON_FAILURE): Call Test Case 'Test Cases/AHI/_include/get_screenshot' successfully&#xD;
&#xD;
2019-12-06 11:36:09 - [TEST_CASE][PASSED] - Test Cases/AHI/_include/get_screenshot: Test Cases/AHI/_include/get_screenshot&#xD;
&#xD;
2019-12-06 11:36:09 - [TEST_STEP][PASSED] - takeScreenshot(screenPath + i + ".png"): Taking screenshot successfully&#xD;
&#xD;
2019-12-06 11:36:09 - [MESSAGE][PASSED] - Taking screenshot successfully&#xD;
[[ATTACHMENT|D:\\Test\\AgileTest\\AgileTest\\Reports\\AHI\\stm\\20191206_112427\\../Screenshots/iPhone 6/stm/National General/standard/3.png]]&#xD;
&#xD;
2019-12-06 11:36:09 - [TEST_STEP][PASSED] - (internal.GlobalVariable.i++): null&#xD;
&#xD;
2019-12-06 11:36:09 - [MESSAGE][PASSED] - Call Test Case 'Test Cases/AHI/_include/get_screenshot' successfully&#xD;
&#xD;
2019-12-06 11:36:09 - [MESSAGE][PASSED] - Call Test Case 'Test Cases/AHI/_include/filter_stm' successfully&#xD;
&#xD;
2019-12-06 11:36:09 - [TEST_STEP][PASSED] - callTestCase(findTestCase("AHI/_include/goToDetail_stm"), ["carrier":"nationalgeneral"], STOP_ON_FAILURE): Call Test Case 'Test Cases/AHI/_include/goToDetail_stm' successfully&#xD;
&#xD;
2019-12-06 11:36:10 - [TEST_CASE][PASSED] - Test Cases/AHI/_include/goToDetail_stm: Test Cases/AHI/_include/goToDetail_stm&#xD;
&#xD;
2019-12-06 11:36:10 - [TEST_STEP][PASSED] - driver = getWebDriver(): null&#xD;
&#xD;
2019-12-06 11:36:10 - [TEST_STEP][PASSED] - selenium = new com.thoughtworks.selenium.webdriven.WebDriverBackedSelenium(driver, internal.GlobalVariable.ENV): null&#xD;
&#xD;
2019-12-06 11:36:10 - [TEST_STEP][PASSED] - a_plan_name = "xpath=//a[contains(@href,'/term-health-insurance/plan/" + carrier + "')]": null&#xD;
&#xD;
2019-12-06 11:36:10 - [TEST_STEP][PASSED] - println(a_plan_name): null&#xD;
&#xD;
2019-12-06 11:36:10 - [TEST_STEP][PASSED] - selenium.click(a_plan_name): null&#xD;
&#xD;
2019-12-06 11:36:14 - [TEST_STEP][PASSED] - waitForPageLoad(20): Wait for page load successfully&#xD;
&#xD;
2019-12-06 11:36:14 - [MESSAGE][PASSED] - Wait for page load successfully&#xD;
&#xD;
2019-12-06 11:36:14 - [TEST_STEP][PASSED] - Thread.sleep(2000): null&#xD;
&#xD;
2019-12-06 11:36:16 - [TEST_STEP][PASSED] - callTestCase(findTestCase("AHI/_include/get_screenshot"), [:], STOP_ON_FAILURE): Call Test Case 'Test Cases/AHI/_include/get_screenshot' successfully&#xD;
&#xD;
2019-12-06 11:36:16 - [TEST_CASE][PASSED] - Test Cases/AHI/_include/get_screenshot: Test Cases/AHI/_include/get_screenshot&#xD;
&#xD;
2019-12-06 11:36:16 - [TEST_STEP][PASSED] - takeScreenshot(screenPath + i + ".png"): Taking screenshot successfully&#xD;
&#xD;
2019-12-06 11:36:16 - [MESSAGE][PASSED] - Taking screenshot successfully&#xD;
[[ATTACHMENT|D:\\Test\\AgileTest\\AgileTest\\Reports\\AHI\\stm\\20191206_112427\\../Screenshots/iPhone 6/stm/National General/standard/4.png]]&#xD;
&#xD;
2019-12-06 11:36:16 - [TEST_STEP][PASSED] - (internal.GlobalVariable.i++): null&#xD;
&#xD;
2019-12-06 11:36:16 - [MESSAGE][PASSED] - Call Test Case 'Test Cases/AHI/_include/get_screenshot' successfully&#xD;
&#xD;
2019-12-06 11:36:16 - [MESSAGE][PASSED] - Call Test Case 'Test Cases/AHI/_include/goToDetail_stm' successfully&#xD;
&#xD;
2019-12-06 11:36:16 - [TEST_STEP][PASSED] - callTestCase(findTestCase("AHI/_include/apply_stm"), [:], STOP_ON_FAILURE): Call Test Case 'Test Cases/AHI/_include/apply_stm' successfully&#xD;
&#xD;
2019-12-06 11:36:16 - [TEST_CASE][PASSED] - Test Cases/AHI/_include/apply_stm: Test Cases/AHI/_include/apply_stm&#xD;
&#xD;
2019-12-06 11:36:16 - [TEST_STEP][PASSED] - waitForElementVisible(findTestObject("mobileSanity/STM/STM PlanDetail Page/a_Apply for This Plan"), 5): Object 'Object Repository/mobileSanity/STM/STM PlanDetail Page/a_Apply for This Plan' is visible&#xD;
&#xD;
2019-12-06 11:36:16 - [MESSAGE][PASSED] - Object 'Object Repository/mobileSanity/STM/STM PlanDetail Page/a_Apply for This Plan' is visible&#xD;
&#xD;
2019-12-06 11:36:16 - [TEST_STEP][PASSED] - click(findTestObject("mobileSanity/STM/STM PlanDetail Page/a_Apply for This Plan")): Object: 'Object Repository/mobileSanity/STM/STM PlanDetail Page/a_Apply for This Plan' is clicked on&#xD;
&#xD;
2019-12-06 11:36:18 - [MESSAGE][PASSED] - Object: 'Object Repository/mobileSanity/STM/STM PlanDetail Page/a_Apply for This Plan' is clicked on&#xD;
&#xD;
2019-12-06 11:36:18 - [TEST_STEP][PASSED] - waitForPageLoad(10): Wait for page load successfully&#xD;
&#xD;
2019-12-06 11:36:18 - [MESSAGE][PASSED] - Wait for page load successfully&#xD;
&#xD;
2019-12-06 11:36:18 - [TEST_STEP][PASSED] - Thread.sleep(2000): null&#xD;
&#xD;
2019-12-06 11:36:20 - [TEST_STEP][PASSED] - callTestCase(findTestCase("AHI/_include/get_screenshot"), [:], STOP_ON_FAILURE): Call Test Case 'Test Cases/AHI/_include/get_screenshot' successfully&#xD;
&#xD;
2019-12-06 11:36:20 - [TEST_CASE][PASSED] - Test Cases/AHI/_include/get_screenshot: Test Cases/AHI/_include/get_screenshot&#xD;
&#xD;
2019-12-06 11:36:20 - [TEST_STEP][PASSED] - takeScreenshot(screenPath + i + ".png"): Taking screenshot successfully&#xD;
&#xD;
2019-12-06 11:36:20 - [MESSAGE][PASSED] - Taking screenshot successfully&#xD;
[[ATTACHMENT|D:\\Test\\AgileTest\\AgileTest\\Reports\\AHI\\stm\\20191206_112427\\../Screenshots/iPhone 6/stm/National General/standard/5.png]]&#xD;
&#xD;
2019-12-06 11:36:20 - [TEST_STEP][PASSED] - (internal.GlobalVariable.i++): null&#xD;
&#xD;
2019-12-06 11:36:20 - [MESSAGE][PASSED] - Call Test Case 'Test Cases/AHI/_include/get_screenshot' successfully&#xD;
&#xD;
2019-12-06 11:36:20 - [TEST_STEP][PASSED] - waitForElementVisible(findTestObject("mobileSanity/STM/STM Apply Page/a_Start Secure Application"), 5): Object 'Object Repository/mobileSanity/STM/STM Apply Page/a_Start Secure Application' is visible&#xD;
&#xD;
2019-12-06 11:36:20 - [MESSAGE][PASSED] - Object 'Object Repository/mobileSanity/STM/STM Apply Page/a_Start Secure Application' is visible&#xD;
&#xD;
2019-12-06 11:36:20 - [TEST_STEP][PASSED] - click(findTestObject("mobileSanity/STM/STM Apply Page/a_Start Secure Application")): Object: 'Object Repository/mobileSanity/STM/STM Apply Page/a_Start Secure Application' is clicked on&#xD;
&#xD;
2019-12-06 11:36:22 - [MESSAGE][PASSED] - Object: 'Object Repository/mobileSanity/STM/STM Apply Page/a_Start Secure Application' is clicked on&#xD;
&#xD;
2019-12-06 11:36:22 - [TEST_STEP][PASSED] - waitForPageLoad(20): Wait for page load successfully&#xD;
&#xD;
2019-12-06 11:36:22 - [MESSAGE][PASSED] - Wait for page load successfully&#xD;
&#xD;
2019-12-06 11:36:22 - [TEST_STEP][PASSED] - Thread.sleep(2000): null&#xD;
&#xD;
2019-12-06 11:36:24 - [TEST_STEP][PASSED] - callTestCase(findTestCase("AHI/_include/get_screenshot"), [:], STOP_ON_FAILURE): Call Test Case 'Test Cases/AHI/_include/get_screenshot' successfully&#xD;
&#xD;
2019-12-06 11:36:24 - [TEST_CASE][PASSED] - Test Cases/AHI/_include/get_screenshot: Test Cases/AHI/_include/get_screenshot&#xD;
&#xD;
2019-12-06 11:36:24 - [TEST_STEP][PASSED] - takeScreenshot(screenPath + i + ".png"): Taking screenshot successfully&#xD;
&#xD;
2019-12-06 11:36:24 - [MESSAGE][PASSED] - Taking screenshot successfully&#xD;
[[ATTACHMENT|D:\\Test\\AgileTest\\AgileTest\\Reports\\AHI\\stm\\20191206_112427\\../Screenshots/iPhone 6/stm/National General/standard/6.png]]&#xD;
&#xD;
2019-12-06 11:36:24 - [TEST_STEP][PASSED] - (internal.GlobalVariable.i++): null&#xD;
&#xD;
2019-12-06 11:36:24 - [MESSAGE][PASSED] - Call Test Case 'Test Cases/AHI/_include/get_screenshot' successfully&#xD;
&#xD;
2019-12-06 11:36:24 - [MESSAGE][PASSED] - Call Test Case 'Test Cases/AHI/_include/apply_stm' successfully&#xD;
&#xD;
2019-12-06 11:36:24 - [TEST_STEP][PASSED] - callTestCase(findTestCase("AHI/_include/goToEnd_stm_autofill"), [:], STOP_ON_FAILURE): Call Test Case 'Test Cases/AHI/_include/goToEnd_stm_autofill' successfully&#xD;
&#xD;
2019-12-06 11:36:24 - [TEST_CASE][PASSED] - Test Cases/AHI/_include/goToEnd_stm_autofill: Test Cases/AHI/_include/goToEnd_stm_autofill&#xD;
&#xD;
2019-12-06 11:36:24 - [TEST_STEP][PASSED] - callTestCase(findTestCase("AHI/_include/name"), [:], CONTINUE_ON_FAILURE): Call Test Case 'Test Cases/AHI/_include/name' successfully&#xD;
&#xD;
2019-12-06 11:36:25 - [TEST_CASE][PASSED] - Test Cases/AHI/_include/name: Test Cases/AHI/_include/name&#xD;
&#xD;
2019-12-06 11:36:25 - [TEST_STEP][PASSED] - driver = getWebDriver(): null&#xD;
&#xD;
2019-12-06 11:36:25 - [TEST_STEP][PASSED] - selenium = new com.thoughtworks.selenium.webdriven.WebDriverBackedSelenium(driver, internal.GlobalVariable.ENV): null&#xD;
&#xD;
2019-12-06 11:36:25 - [TEST_STEP][PASSED] - FirstName = "Test-123": null&#xD;
&#xD;
2019-12-06 11:36:25 - [TEST_STEP][PASSED] - LastName = selenium.getEval("{var x="ABCDEFGHIJKLMNOPQRSTUVWXYZabcdefghijklmnopqrstuvwxyz"; var tmp="ZZ11-"; for (i=0;i&lt;8;i++) tmp+=x.charAt(Math.ceil(51*Math.random()));tmp;}"): null&#xD;
&#xD;
2019-12-06 11:36:25 - [TEST_STEP][PASSED] - Address = selenium.getEval("{var x="ABCDEFGHIJKLMNOPQRSTUVWXYZabcdefghijklmnopqrstuvwxyz"; var tmp=""; for (i=0;i&lt;8;i++) tmp+=x.charAt(Math.ceil(51*Math.random()));tmp;}"): null&#xD;
&#xD;
2019-12-06 11:36:25 - [TEST_STEP][PASSED] - City = selenium.getEval("{var x="ABCDEFGHIJKLMNOPQRSTUVWXYZabcdefghijklmnopqrstuvwxyz"; var tmp=""; for (i=0;i&lt;8;i++) tmp+=x.charAt(Math.ceil(51*Math.random()));tmp;}"): null&#xD;
&#xD;
2019-12-06 11:36:25 - [TEST_STEP][PASSED] - tel1 = selenium.getEval("{var x="123456789"; var tmp=""; for (i=0;i&lt;3;i++) tmp+=x.charAt(Math.ceil(8*Math.random()));tmp;}"): null&#xD;
&#xD;
2019-12-06 11:36:25 - [TEST_STEP][PASSED] - tel2 = selenium.getEval("{var x="123456789"; var tmp=""; for (i=0;i&lt;3;i++) tmp+=x.charAt(Math.ceil(8*Math.random()));tmp;}"): null&#xD;
&#xD;
2019-12-06 11:36:25 - [TEST_STEP][PASSED] - tel3 = selenium.getEval("{var x="123456789"; var tmp=""; for (i=0;i&lt;4;i++) tmp+=x.charAt(Math.ceil(8*Math.random()));tmp;}"): null&#xD;
&#xD;
2019-12-06 11:36:25 - [TEST_STEP][PASSED] - Tel = selenium.getExpression(tel1 + "-" + tel2 + "-" + tel3): null&#xD;
&#xD;
2019-12-06 11:36:25 - [TEST_STEP][PASSED] - AutoEmail = selenium.getEval("{var x="ABCDEFGHIJKLMNOPQRSTUVWXYZabcdefghijklmnopqrstuvwxyz"; var tmp="test."; for (i=0;i&lt;8;i++) tmp+=x.charAt(Math.ceil(51*Math.random()));tmp+="@suryani.cn";}"): null&#xD;
&#xD;
2019-12-06 11:36:25 - [TEST_STEP][PASSED] - FirstName = FirstName: null&#xD;
&#xD;
2019-12-06 11:36:25 - [TEST_STEP][PASSED] - LastName = LastName: null&#xD;
&#xD;
2019-12-06 11:36:25 - [TEST_STEP][PASSED] - Address = Address: null&#xD;
&#xD;
2019-12-06 11:36:25 - [TEST_STEP][PASSED] - City = City: null&#xD;
&#xD;
2019-12-06 11:36:25 - [TEST_STEP][PASSED] - Tel = Tel: null&#xD;
&#xD;
2019-12-06 11:36:25 - [TEST_STEP][PASSED] - AutoEmail = AutoEmail: null&#xD;
&#xD;
2019-12-06 11:36:25 - [TEST_STEP][PASSED] - println(FirstName): null&#xD;
&#xD;
2019-12-06 11:36:25 - [TEST_STEP][PASSED] - println(LastName): null&#xD;
&#xD;
2019-12-06 11:36:25 - [TEST_STEP][PASSED] - println(Address): null&#xD;
&#xD;
2019-12-06 11:36:25 - [TEST_STEP][PASSED] - println(City): null&#xD;
&#xD;
2019-12-06 11:36:25 - [TEST_STEP][PASSED] - println(Tel): null&#xD;
&#xD;
2019-12-06 11:36:25 - [TEST_STEP][PASSED] - println(AutoEmail): null&#xD;
&#xD;
2019-12-06 11:36:25 - [MESSAGE][PASSED] - Call Test Case 'Test Cases/AHI/_include/name' successfully&#xD;
&#xD;
2019-12-06 11:36:25 - [TEST_STEP][PASSED] - try: Call Test Case 'Test Cases/AHI/_include/get_screenshot' successfully&#xD;
&#xD;
2019-12-06 11:36:25 - [TEST_STEP][PASSED] - if (verifyTextPresent("Month Duration Acknowledgement", false)): Call Test Case 'Test Cases/AHI/_include/get_screenshot' successfully&#xD;
&#xD;
2019-12-06 11:36:25 - [MESSAGE][PASSED] - Text 'Month Duration Acknowledgement' is present on page &#xD;
&#xD;
2019-12-06 11:36:25 - [TEST_STEP][PASSED] - click(findTestObject("mobileSanity/STM/Page_App Page 1/label_By checking this box I u")): Object: 'Object Repository/mobileSanity/STM/Page_App Page 1/label_By checking this box I u' is clicked on&#xD;
&#xD;
2019-12-06 11:36:25 - [MESSAGE][PASSED] - Object: 'Object Repository/mobileSanity/STM/Page_App Page 1/label_By checking this box I u' is clicked on&#xD;
&#xD;
2019-12-06 11:36:25 - [TEST_STEP][PASSED] - click(findTestObject("mobileSanity/STM/Page_App Page 1/button_Continue to Application")): Object: 'Object Repository/mobileSanity/STM/Page_App Page 1/button_Continue to Application' is clicked on&#xD;
&#xD;
2019-12-06 11:36:26 - [MESSAGE][PASSED] - Object: 'Object Repository/mobileSanity/STM/Page_App Page 1/button_Continue to Application' is clicked on&#xD;
&#xD;
2019-12-06 11:36:26 - [TEST_STEP][PASSED] - waitForPageLoad(20): Wait for page load successfully&#xD;
&#xD;
2019-12-06 11:36:26 - [MESSAGE][PASSED] - Wait for page load successfully&#xD;
&#xD;
2019-12-06 11:36:26 - [TEST_STEP][PASSED] - Thread.sleep(5000): null&#xD;
&#xD;
2019-12-06 11:36:31 - [TEST_STEP][PASSED] - callTestCase(findTestCase("AHI/_include/get_screenshot"), [:], STOP_ON_FAILURE): Call Test Case 'Test Cases/AHI/_include/get_screenshot' successfully&#xD;
&#xD;
2019-12-06 11:36:32 - [TEST_CASE][PASSED] - Test Cases/AHI/_include/get_screenshot: Test Cases/AHI/_include/get_screenshot&#xD;
&#xD;
2019-12-06 11:36:32 - [TEST_STEP][PASSED] - takeScreenshot(screenPath + i + ".png"): Taking screenshot successfully&#xD;
&#xD;
2019-12-06 11:36:32 - [MESSAGE][PASSED] - Taking screenshot successfully&#xD;
[[ATTACHMENT|D:\\Test\\AgileTest\\AgileTest\\Reports\\AHI\\stm\\20191206_112427\\../Screenshots/iPhone 6/stm/National General/standard/7.png]]&#xD;
&#xD;
2019-12-06 11:36:32 - [TEST_STEP][PASSED] - (internal.GlobalVariable.i++): null&#xD;
&#xD;
2019-12-06 11:36:32 - [MESSAGE][PASSED] - Call Test Case 'Test Cases/AHI/_include/get_screenshot' successfully&#xD;
&#xD;
2019-12-06 11:36:32 - [TEST_STEP][PASSED] - waitForPageLoad(10): Wait for page load successfully&#xD;
&#xD;
2019-12-06 11:36:32 - [MESSAGE][PASSED] - Wait for page load successfully&#xD;
&#xD;
2019-12-06 11:36:32 - [TEST_STEP][PASSED] - Thread.sleep(3000): null&#xD;
&#xD;
2019-12-06 11:36:35 - [TEST_STEP][PASSED] - waitForElementVisible(findTestObject("mobileSanity/STM/Page_App Page 1/a_Autofill App Info"), 20): Object 'Object Repository/mobileSanity/STM/Page_App Page 1/a_Autofill App Info' is visible&#xD;
&#xD;
2019-12-06 11:36:35 - [MESSAGE][PASSED] - Object 'Object Repository/mobileSanity/STM/Page_App Page 1/a_Autofill App Info' is visible&#xD;
&#xD;
2019-12-06 11:36:35 - [TEST_STEP][PASSED] - click(findTestObject("mobileSanity/STM/Page_App Page 1/a_Autofill App Info")): Object: 'Object Repository/mobileSanity/STM/Page_App Page 1/a_Autofill App Info' is clicked on&#xD;
&#xD;
2019-12-06 11:36:35 - [MESSAGE][PASSED] - Object: 'Object Repository/mobileSanity/STM/Page_App Page 1/a_Autofill App Info' is clicked on&#xD;
&#xD;
2019-12-06 11:36:35 - [TEST_STEP][PASSED] - Thread.sleep(1000): null&#xD;
&#xD;
2019-12-06 11:36:36 - [TEST_STEP][PASSED] - click(findTestObject("mobileSanity/STM/Page_App Page 1/a_Autofill App Info")): Object: 'Object Repository/mobileSanity/STM/Page_App Page 1/a_Autofill App Info' is clicked on&#xD;
&#xD;
2019-12-06 11:36:36 - [MESSAGE][PASSED] - Object: 'Object Repository/mobileSanity/STM/Page_App Page 1/a_Autofill App Info' is clicked on&#xD;
&#xD;
2019-12-06 11:36:36 - [TEST_STEP][PASSED] - Thread.sleep(1000): null&#xD;
&#xD;
2019-12-06 11:36:37 - [TEST_STEP][PASSED] - waitForElementVisible(findTestObject("mobileSanity/STM/Page_App Page 1/a_Continue"), 20): Object 'Object Repository/mobileSanity/STM/Page_App Page 1/a_Continue' is visible&#xD;
&#xD;
2019-12-06 11:36:38 - [MESSAGE][PASSED] - Object 'Object Repository/mobileSanity/STM/Page_App Page 1/a_Continue' is visible&#xD;
&#xD;
2019-12-06 11:36:38 - [TEST_STEP][PASSED] - click(findTestObject("mobileSanity/STM/Page_App Page 1/a_Continue")): Object: 'Object Repository/mobileSanity/STM/Page_App Page 1/a_Continue' is clicked on&#xD;
&#xD;
2019-12-06 11:36:38 - [MESSAGE][PASSED] - Object: 'Object Repository/mobileSanity/STM/Page_App Page 1/a_Continue' is clicked on&#xD;
&#xD;
2019-12-06 11:36:38 - [TEST_STEP][PASSED] - waitForPageLoad(20): Wait for page load successfully&#xD;
&#xD;
2019-12-06 11:36:38 - [MESSAGE][PASSED] - Wait for page load successfully&#xD;
&#xD;
2019-12-06 11:36:38 - [TEST_STEP][PASSED] - Thread.sleep(5000): null&#xD;
&#xD;
2019-12-06 11:36:43 - [TEST_STEP][PASSED] - callTestCase(findTestCase("AHI/_include/get_screenshot"), [:], STOP_ON_FAILURE): Call Test Case 'Test Cases/AHI/_include/get_screenshot' successfully&#xD;
&#xD;
2019-12-06 11:36:43 - [TEST_CASE][PASSED] - Test Cases/AHI/_include/get_screenshot: Test Cases/AHI/_include/get_screenshot&#xD;
&#xD;
2019-12-06 11:36:43 - [TEST_STEP][PASSED] - takeScreenshot(screenPath + i + ".png"): Taking screenshot successfully&#xD;
&#xD;
2019-12-06 11:36:43 - [MESSAGE][PASSED] - Taking screenshot successfully&#xD;
[[ATTACHMENT|D:\\Test\\AgileTest\\AgileTest\\Reports\\AHI\\stm\\20191206_112427\\../Screenshots/iPhone 6/stm/National General/standard/8.png]]&#xD;
&#xD;
2019-12-06 11:36:43 - [TEST_STEP][PASSED] - (internal.GlobalVariable.i++): null&#xD;
&#xD;
2019-12-06 11:36:43 - [MESSAGE][PASSED] - Call Test Case 'Test Cases/AHI/_include/get_screenshot' successfully&#xD;
&#xD;
2019-12-06 11:36:43 - [TEST_STEP][PASSED] - click(findTestObject("mobileSanity/STM/Page_App Page 2/a_Continue to Step 3 - Payment")): Object: 'Object Repository/mobileSanity/STM/Page_App Page 2/a_Continue to Step 3 - Payment' is clicked on&#xD;
&#xD;
2019-12-06 11:36:43 - [MESSAGE][PASSED] - Object: 'Object Repository/mobileSanity/STM/Page_App Page 2/a_Continue to Step 3 - Payment' is clicked on&#xD;
&#xD;
2019-12-06 11:36:43 - [TEST_STEP][PASSED] - waitForPageLoad(20): Wait for page load successfully&#xD;
&#xD;
2019-12-06 11:36:44 - [MESSAGE][PASSED] - Wait for page load successfully&#xD;
&#xD;
2019-12-06 11:36:44 - [TEST_STEP][PASSED] - waitForElementVisible(findTestObject("mobileSanity/STM/Page_App Page 3/input__credit-card-cvv"), 20): Object 'Object Repository/mobileSanity/STM/Page_App Page 3/input__credit-card-cvv' is visible&#xD;
&#xD;
2019-12-06 11:36:45 - [MESSAGE][PASSED] - Object 'Object Repository/mobileSanity/STM/Page_App Page 3/input__credit-card-cvv' is visible&#xD;
&#xD;
2019-12-06 11:36:45 - [TEST_STEP][PASSED] - Thread.sleep(2000): null&#xD;
&#xD;
2019-12-06 11:36:47 - [TEST_STEP][PASSED] - callTestCase(findTestCase("AHI/_include/get_screenshot"), [:], STOP_ON_FAILURE): Call Test Case 'Test Cases/AHI/_include/get_screenshot' successfully&#xD;
&#xD;
2019-12-06 11:36:47 - [TEST_CASE][PASSED] - Test Cases/AHI/_include/get_screenshot: Test Cases/AHI/_include/get_screenshot&#xD;
&#xD;
2019-12-06 11:36:47 - [TEST_STEP][PASSED] - takeScreenshot(screenPath + i + ".png"): Taking screenshot successfully&#xD;
&#xD;
2019-12-06 11:36:47 - [MESSAGE][PASSED] - Taking screenshot successfully&#xD;
[[ATTACHMENT|D:\\Test\\AgileTest\\AgileTest\\Reports\\AHI\\stm\\20191206_112427\\../Screenshots/iPhone 6/stm/National General/standard/9.png]]&#xD;
&#xD;
2019-12-06 11:36:47 - [TEST_STEP][PASSED] - (internal.GlobalVariable.i++): null&#xD;
&#xD;
2019-12-06 11:36:47 - [MESSAGE][PASSED] - Call Test Case 'Test Cases/AHI/_include/get_screenshot' successfully&#xD;
&#xD;
2019-12-06 11:36:47 - [TEST_STEP][PASSED] - clearText(findTestObject("mobileSanity/STM/Page_App Page 3/input__credit-card-cvv")): Text of object 'Object Repository/mobileSanity/STM/Page_App Page 3/input__credit-card-cvv' is cleared&#xD;
&#xD;
2019-12-06 11:36:47 - [MESSAGE][PASSED] - Text of object 'Object Repository/mobileSanity/STM/Page_App Page 3/input__credit-card-cvv' is cleared&#xD;
&#xD;
2019-12-06 11:36:47 - [TEST_STEP][PASSED] - setText(findTestObject("mobileSanity/STM/Page_App Page 3/input__credit-card-cvv"), "123"): Text '123' is set on object 'Object Repository/mobileSanity/STM/Page_App Page 3/input__credit-card-cvv'&#xD;
&#xD;
2019-12-06 11:36:47 - [MESSAGE][PASSED] - Text '123' is set on object 'Object Repository/mobileSanity/STM/Page_App Page 3/input__credit-card-cvv'&#xD;
&#xD;
2019-12-06 11:36:47 - [TEST_STEP][PASSED] - click(findTestObject("mobileSanity/STM/Page_App Page 3/label_I Accept Authorization f")): Object: 'Object Repository/mobileSanity/STM/Page_App Page 3/label_I Accept Authorization f' is clicked on&#xD;
&#xD;
2019-12-06 11:36:48 - [MESSAGE][PASSED] - Object: 'Object Repository/mobileSanity/STM/Page_App Page 3/label_I Accept Authorization f' is clicked on&#xD;
&#xD;
2019-12-06 11:36:48 - [TEST_STEP][PASSED] - click(findTestObject("mobileSanity/STM/Page_App Page 3/a_Continue to Step 4 - Review")): Object: 'Object Repository/mobileSanity/STM/Page_App Page 3/a_Continue to Step 4 - Review' is clicked on&#xD;
&#xD;
2019-12-06 11:36:48 - [MESSAGE][PASSED] - Object: 'Object Repository/mobileSanity/STM/Page_App Page 3/a_Continue to Step 4 - Review' is clicked on&#xD;
&#xD;
2019-12-06 11:36:48 - [TEST_STEP][PASSED] - waitForPageLoad(10): Wait for page load successfully&#xD;
&#xD;
2019-12-06 11:36:48 - [MESSAGE][PASSED] - Wait for page load successfully&#xD;
&#xD;
2019-12-06 11:36:48 - [TEST_STEP][PASSED] - waitForElementClickable(findTestObject("mobileSanity/STM/Page_App Page 4/label"), 10): Object 'Object Repository/mobileSanity/STM/Page_App Page 4/label' is clickable&#xD;
&#xD;
2019-12-06 11:36:49 - [MESSAGE][PASSED] - Object 'Object Repository/mobileSanity/STM/Page_App Page 4/label' is clickable&#xD;
&#xD;
2019-12-06 11:36:49 - [TEST_STEP][PASSED] - Thread.sleep(2000): null&#xD;
&#xD;
2019-12-06 11:36:51 - [TEST_STEP][PASSED] - callTestCase(findTestCase("AHI/_include/get_screenshot"), [:], STOP_ON_FAILURE): Call Test Case 'Test Cases/AHI/_include/get_screenshot' successfully&#xD;
&#xD;
2019-12-06 11:36:52 - [TEST_CASE][PASSED] - Test Cases/AHI/_include/get_screenshot: Test Cases/AHI/_include/get_screenshot&#xD;
&#xD;
2019-12-06 11:36:52 - [TEST_STEP][PASSED] - takeScreenshot(screenPath + i + ".png"): Taking screenshot successfully&#xD;
&#xD;
2019-12-06 11:36:52 - [MESSAGE][PASSED] - Taking screenshot successfully&#xD;
[[ATTACHMENT|D:\\Test\\AgileTest\\AgileTest\\Reports\\AHI\\stm\\20191206_112427\\../Screenshots/iPhone 6/stm/National General/standard/10.png]]&#xD;
&#xD;
2019-12-06 11:36:52 - [TEST_STEP][PASSED] - (internal.GlobalVariable.i++): null&#xD;
&#xD;
2019-12-06 11:36:52 - [MESSAGE][PASSED] - Call Test Case 'Test Cases/AHI/_include/get_screenshot' successfully&#xD;
&#xD;
2019-12-06 11:36:52 - [TEST_STEP][PASSED] - click(findTestObject("mobileSanity/STM/Page_App Page 4/label")): Object: 'Object Repository/mobileSanity/STM/Page_App Page 4/label' is clicked on&#xD;
&#xD;
2019-12-06 11:36:52 - [MESSAGE][PASSED] - Object: 'Object Repository/mobileSanity/STM/Page_App Page 4/label' is clicked on&#xD;
&#xD;
2019-12-06 11:36:52 - [TEST_STEP][PASSED] - click(findTestObject("mobileSanity/STM/Page_App Page 4/div_CLICK TO SIGN")): Object: 'Object Repository/mobileSanity/STM/Page_App Page 4/div_CLICK TO SIGN' is clicked on&#xD;
&#xD;
2019-12-06 11:36:52 - [MESSAGE][PASSED] - Object: 'Object Repository/mobileSanity/STM/Page_App Page 4/div_CLICK TO SIGN' is clicked on&#xD;
&#xD;
2019-12-06 11:36:52 - [TEST_STEP][PASSED] - click(findTestObject("mobileSanity/STM/Page_App Page 4/a_Submit Your Application")): Object: 'Object Repository/mobileSanity/STM/Page_App Page 4/a_Submit Your Application' is clicked on&#xD;
&#xD;
2019-12-06 11:36:53 - [MESSAGE][PASSED] - Object: 'Object Repository/mobileSanity/STM/Page_App Page 4/a_Submit Your Application' is clicked on&#xD;
&#xD;
2019-12-06 11:36:53 - [TEST_STEP][PASSED] - Thread.sleep(30000): null&#xD;
&#xD;
2019-12-06 11:37:23 - [TEST_STEP][PASSED] - waitForElementPresent(findTestObject("mobileSanity/STM/Page_App Page 6/app-page-wrapper"), 20): Object 'Object Repository/mobileSanity/STM/Page_App Page 6/app-page-wrapper' is present&#xD;
&#xD;
2019-12-06 11:37:37 - [MESSAGE][PASSED] - Object 'Object Repository/mobileSanity/STM/Page_App Page 6/app-page-wrapper' is present&#xD;
&#xD;
2019-12-06 11:37:37 - [TEST_STEP][PASSED] - callTestCase(findTestCase("AHI/_include/get_screenshot"), [:], STOP_ON_FAILURE): Call Test Case 'Test Cases/AHI/_include/get_screenshot' successfully&#xD;
&#xD;
2019-12-06 11:37:37 - [TEST_CASE][PASSED] - Test Cases/AHI/_include/get_screenshot: Test Cases/AHI/_include/get_screenshot&#xD;
&#xD;
2019-12-06 11:37:37 - [TEST_STEP][PASSED] - takeScreenshot(screenPath + i + ".png"): Taking screenshot successfully&#xD;
&#xD;
2019-12-06 11:37:38 - [MESSAGE][PASSED] - Taking screenshot successfully&#xD;
[[ATTACHMENT|D:\\Test\\AgileTest\\AgileTest\\Reports\\AHI\\stm\\20191206_112427\\../Screenshots/iPhone 6/stm/National General/standard/11.png]]&#xD;
&#xD;
2019-12-06 11:37:38 - [TEST_STEP][PASSED] - (internal.GlobalVariable.i++): null&#xD;
&#xD;
2019-12-06 11:37:38 - [MESSAGE][PASSED] - Call Test Case 'Test Cases/AHI/_include/get_screenshot' successfully&#xD;
&#xD;
2019-12-06 11:37:38 - [MESSAGE][PASSED] - Call Test Case 'Test Cases/AHI/_include/goToEnd_stm_autofill' successfully</system-out>
            <system-err></system-err>
        </testcase>
        <testcase name="Test Cases/AHI/stm/Aspen" classname="Test Cases/AHI/stm/Aspen" status="FAILED">
            <failure type="FAILED" message="Test Cases/AHI/stm/Aspen FAILED.&#xA;Reason:&#xA;com.kms.katalon.core.exception.StepFailedException: Call Test Case 'Test Cases/AHI/_include/filter_stm' failed&#xD;&#xA;&#x9;at com.kms.katalon.core.keyword.builtin.CallTestCaseKeyword$_callTestCase_closure1.doCall(CallTestCaseKeyword.groovy:63)&#xD;&#xA;&#x9;at com.kms.katalon.core.keyword.builtin.CallTestCaseKeyword$_callTestCase_closure1.call(CallTestCaseKeyword.groovy)&#xD;&#xA;&#x9;at com.kms.katalon.core.keyword.internal.KeywordMain.runKeyword(KeywordMain.groovy:68)&#xD;&#xA;&#x9;at com.kms.katalon.core.keyword.builtin.CallTestCaseKeyword.callTestCase(CallTestCaseKeyword.groovy:81)&#xD;&#xA;&#x9;at com.kms.katalon.core.keyword.builtin.CallTestCaseKeyword.execute(CallTestCaseKeyword.groovy:44)&#xD;&#xA;&#x9;at com.kms.katalon.core.keyword.internal.KeywordExecutor.executeKeywordForPlatform(KeywordExecutor.groovy:56)&#xD;&#xA;&#x9;at com.kms.katalon.core.keyword.BuiltinKeywords.callTestCase(BuiltinKeywords.groovy:334)&#xD;&#xA;&#x9;at Aspen.run(Aspen:25)&#xD;&#xA;&#x9;at com.kms.katalon.core.main.ScriptEngine.run(ScriptEngine.java:194)&#xD;&#xA;&#x9;at com.kms.katalon.core.main.ScriptEngine.runScriptAsRawText(ScriptEngine.java:119)&#xD;&#xA;&#x9;at com.kms.katalon.core.main.TestCaseExecutor.runScript(TestCaseExecutor.java:337)&#xD;&#xA;&#x9;at com.kms.katalon.core.main.TestCaseExecutor.doExecute(TestCaseExecutor.java:328)&#xD;&#xA;&#x9;at com.kms.katalon.core.main.TestCaseExecutor.processExecutionPhase(TestCaseExecutor.java:307)&#xD;&#xA;&#x9;at com.kms.katalon.core.main.TestCaseExecutor.accessMainPhase(TestCaseExecutor.java:299)&#xD;&#xA;&#x9;at com.kms.katalon.core.main.TestCaseExecutor.execute(TestCaseExecutor.java:233)&#xD;&#xA;&#x9;at com.kms.katalon.core.main.TestSuiteExecutor.accessTestCaseMainPhase(TestSuiteExecutor.java:133)&#xD;&#xA;&#x9;at com.kms.katalon.core.main.TestSuiteExecutor.accessTestSuiteMainPhase(TestSuiteExecutor.java:116)&#xD;&#xA;&#x9;at com.kms.katalon.core.main.TestSuiteExecutor.execute(TestSuiteExecutor.java:83)&#xD;&#xA;&#x9;at com.kms.katalon.core.main.TestCaseMain.startTestSuite(TestCaseMain.java:157)&#xD;&#xA;&#x9;at com.kms.katalon.core.main.TestCaseMain$startTestSuite$0.call(Unknown Source)&#xD;&#xA;&#x9;at TempTestSuite1575602667225.run(TempTestSuite1575602667225.groovy:35)&#xD;&#xA;Caused by: com.kms.katalon.core.exception.StepFailedException: Unable to scroll to object 'Object Repository/mobileSanity/STM/STM Quote Page/a_Show Plans'&#xD;&#xA;&#x9;at com.kms.katalon.core.webui.keyword.internal.WebUIKeywordMain.stepFailed(WebUIKeywordMain.groovy:64)&#xD;&#xA;&#x9;at com.kms.katalon.core.webui.keyword.internal.WebUIKeywordMain.runKeyword(WebUIKeywordMain.groovy:26)&#xD;&#xA;&#x9;at com.kms.katalon.core.webui.keyword.builtin.ScrollToElementKeyword.scrollToElement(ScrollToElementKeyword.groovy:88)&#xD;&#xA;&#x9;at com.kms.katalon.core.webui.keyword.builtin.ScrollToElementKeyword.execute(ScrollToElementKeyword.groovy:68)&#xD;&#xA;&#x9;at com.kms.katalon.core.keyword.internal.KeywordExecutor.executeKeywordForPlatform(KeywordExecutor.groovy:56)&#xD;&#xA;&#x9;at com.kms.katalon.core.webui.keyword.WebUiBuiltInKeywords.scrollToElement(WebUiBuiltInKeywords.groovy:2975)&#xD;&#xA;&#x9;at com.kms.katalon.core.webui.keyword.WebUiBuiltInKeywords$scrollToElement$8.call(Unknown Source)&#xD;&#xA;&#x9;at filter_stm.run(filter_stm:42)&#xD;&#xA;&#x9;at com.kms.katalon.core.main.ScriptEngine.run(ScriptEngine.java:194)&#xD;&#xA;&#x9;at com.kms.katalon.core.main.ScriptEngine.runScriptAsRawText(ScriptEngine.java:119)&#xD;&#xA;&#x9;at com.kms.katalon.core.main.TestCaseExecutor.runScript(TestCaseExecutor.java:337)&#xD;&#xA;&#x9;at com.kms.katalon.core.main.TestCaseExecutor.doExecute(TestCaseExecutor.java:328)&#xD;&#xA;&#x9;at com.kms.katalon.core.main.TestCaseExecutor.processExecutionPhase(TestCaseExecutor.java:307)&#xD;&#xA;&#x9;at com.kms.katalon.core.main.TestCaseExecutor.accessMainPhase(TestCaseExecutor.java:299)&#xD;&#xA;&#x9;at com.kms.katalon.core.main.TestCaseExecutor.execute(TestCaseExecutor.java:233)&#xD;&#xA;&#x9;at com.kms.katalon.core.main.TestCaseMain.runTestCase(TestCaseMain.java:114)&#xD;&#xA;&#x9;at com.kms.katalon.core.keyword.builtin.CallTestCaseKeyword$_callTestCase_closure1.doCall(CallTestCaseKeyword.groovy:59)&#xD;&#xA;&#x9;... 20 more&#xD;&#xA;Caused by: com.kms.katalon.core.webui.exception.WebElementNotFoundException: Web element with id: 'Object Repository/mobileSanity/STM/STM Quote Page/a_Show Plans' located by 'By.xpath: //main/div[3]/div/div[3]/a' not found&#xD;&#xA;&#x9;at com.kms.katalon.core.webui.common.WebUiCommonHelper.findWebElement(WebUiCommonHelper.java:1097)&#xD;&#xA;&#x9;at com.kms.katalon.core.webui.keyword.internal.WebUIAbstractKeyword.findWebElement(WebUIAbstractKeyword.groovy:27)&#xD;&#xA;&#x9;at com.kms.katalon.core.webui.keyword.internal.WebUIAbstractKeyword.findWebElement(WebUIAbstractKeyword.groovy:26)&#xD;&#xA;&#x9;at com.kms.katalon.core.webui.keyword.builtin.ScrollToElementKeyword$_scrollToElement_closure1.doCall(ScrollToElementKeyword.groovy:79)&#xD;&#xA;&#x9;at com.kms.katalon.core.webui.keyword.builtin.ScrollToElementKeyword$_scrollToElement_closure1.call(ScrollToElementKeyword.groovy)&#xD;&#xA;&#x9;at com.kms.katalon.core.webui.keyword.internal.WebUIKeywordMain.runKeyword(WebUIKeywordMain.groovy:20)&#xD;&#xA;&#x9;... 35 more&#xD;&#xA;"/>
            <system-out>2019-12-06 11:37:38 - [TEST_CASE][FAILED] - Test Cases/AHI/stm/Aspen: Test Cases/AHI/stm/Aspen FAILED.
Reason:
com.kms.katalon.core.exception.StepFailedException: Call Test Case 'Test Cases/AHI/_include/filter_stm' failed&#xD;
	at com.kms.katalon.core.keyword.builtin.CallTestCaseKeyword$_callTestCase_closure1.doCall(CallTestCaseKeyword.groovy:63)&#xD;
	at com.kms.katalon.core.keyword.builtin.CallTestCaseKeyword$_callTestCase_closure1.call(CallTestCaseKeyword.groovy)&#xD;
	at com.kms.katalon.core.keyword.internal.KeywordMain.runKeyword(KeywordMain.groovy:68)&#xD;
	at com.kms.katalon.core.keyword.builtin.CallTestCaseKeyword.callTestCase(CallTestCaseKeyword.groovy:81)&#xD;
	at com.kms.katalon.core.keyword.builtin.CallTestCaseKeyword.execute(CallTestCaseKeyword.groovy:44)&#xD;
	at com.kms.katalon.core.keyword.internal.KeywordExecutor.executeKeywordForPlatform(KeywordExecutor.groovy:56)&#xD;
	at com.kms.katalon.core.keyword.BuiltinKeywords.callTestCase(BuiltinKeywords.groovy:334)&#xD;
	at Aspen.run(Aspen:25)&#xD;
	at com.kms.katalon.core.main.ScriptEngine.run(ScriptEngine.java:194)&#xD;
	at com.kms.katalon.core.main.ScriptEngine.runScriptAsRawText(ScriptEngine.java:119)&#xD;
	at com.kms.katalon.core.main.TestCaseExecutor.runScript(TestCaseExecutor.java:337)&#xD;
	at com.kms.katalon.core.main.TestCaseExecutor.doExecute(TestCaseExecutor.java:328)&#xD;
	at com.kms.katalon.core.main.TestCaseExecutor.processExecutionPhase(TestCaseExecutor.java:307)&#xD;
	at com.kms.katalon.core.main.TestCaseExecutor.accessMainPhase(TestCaseExecutor.java:299)&#xD;
	at com.kms.katalon.core.main.TestCaseExecutor.execute(TestCaseExecutor.java:233)&#xD;
	at com.kms.katalon.core.main.TestSuiteExecutor.accessTestCaseMainPhase(TestSuiteExecutor.java:133)&#xD;
	at com.kms.katalon.core.main.TestSuiteExecutor.accessTestSuiteMainPhase(TestSuiteExecutor.java:116)&#xD;
	at com.kms.katalon.core.main.TestSuiteExecutor.execute(TestSuiteExecutor.java:83)&#xD;
	at com.kms.katalon.core.main.TestCaseMain.startTestSuite(TestCaseMain.java:157)&#xD;
	at com.kms.katalon.core.main.TestCaseMain$startTestSuite$0.call(Unknown Source)&#xD;
	at TempTestSuite1575602667225.run(TempTestSuite1575602667225.groovy:35)&#xD;
Caused by: com.kms.katalon.core.exception.StepFailedException: Unable to scroll to object 'Object Repository/mobileSanity/STM/STM Quote Page/a_Show Plans'&#xD;
	at com.kms.katalon.core.webui.keyword.internal.WebUIKeywordMain.stepFailed(WebUIKeywordMain.groovy:64)&#xD;
	at com.kms.katalon.core.webui.keyword.internal.WebUIKeywordMain.runKeyword(WebUIKeywordMain.groovy:26)&#xD;
	at com.kms.katalon.core.webui.keyword.builtin.ScrollToElementKeyword.scrollToElement(ScrollToElementKeyword.groovy:88)&#xD;
	at com.kms.katalon.core.webui.keyword.builtin.ScrollToElementKeyword.execute(ScrollToElementKeyword.groovy:68)&#xD;
	at com.kms.katalon.core.keyword.internal.KeywordExecutor.executeKeywordForPlatform(KeywordExecutor.groovy:56)&#xD;
	at com.kms.katalon.core.webui.keyword.WebUiBuiltInKeywords.scrollToElement(WebUiBuiltInKeywords.groovy:2975)&#xD;
	at com.kms.katalon.core.webui.keyword.WebUiBuiltInKeywords$scrollToElement$8.call(Unknown Source)&#xD;
	at filter_stm.run(filter_stm:42)&#xD;
	at com.kms.katalon.core.main.ScriptEngine.run(ScriptEngine.java:194)&#xD;
	at com.kms.katalon.core.main.ScriptEngine.runScriptAsRawText(ScriptEngine.java:119)&#xD;
	at com.kms.katalon.core.main.TestCaseExecutor.runScript(TestCaseExecutor.java:337)&#xD;
	at com.kms.katalon.core.main.TestCaseExecutor.doExecute(TestCaseExecutor.java:328)&#xD;
	at com.kms.katalon.core.main.TestCaseExecutor.processExecutionPhase(TestCaseExecutor.java:307)&#xD;
	at com.kms.katalon.core.main.TestCaseExecutor.accessMainPhase(TestCaseExecutor.java:299)&#xD;
	at com.kms.katalon.core.main.TestCaseExecutor.execute(TestCaseExecutor.java:233)&#xD;
	at com.kms.katalon.core.main.TestCaseMain.runTestCase(TestCaseMain.java:114)&#xD;
	at com.kms.katalon.core.keyword.builtin.CallTestCaseKeyword$_callTestCase_closure1.doCall(CallTestCaseKeyword.groovy:59)&#xD;
	... 20 more&#xD;
Caused by: com.kms.katalon.core.webui.exception.WebElementNotFoundException: Web element with id: 'Object Repository/mobileSanity/STM/STM Quote Page/a_Show Plans' located by 'By.xpath: //main/div[3]/div/div[3]/a' not found&#xD;
	at com.kms.katalon.core.webui.common.WebUiCommonHelper.findWebElement(WebUiCommonHelper.java:1097)&#xD;
	at com.kms.katalon.core.webui.keyword.internal.WebUIAbstractKeyword.findWebElement(WebUIAbstractKeyword.groovy:27)&#xD;
	at com.kms.katalon.core.webui.keyword.internal.WebUIAbstractKeyword.findWebElement(WebUIAbstractKeyword.groovy:26)&#xD;
	at com.kms.katalon.core.webui.keyword.builtin.ScrollToElementKeyword$_scrollToElement_closure1.doCall(ScrollToElementKeyword.groovy:79)&#xD;
	at com.kms.katalon.core.webui.keyword.builtin.ScrollToElementKeyword$_scrollToElement_closure1.call(ScrollToElementKeyword.groovy)&#xD;
	at com.kms.katalon.core.webui.keyword.internal.WebUIKeywordMain.runKeyword(WebUIKeywordMain.groovy:20)&#xD;
	... 35 more&#xD;
&#xD;
&#xD;
2019-12-06 11:37:38 - [TEST_STEP][PASSED] - callTestCase(findTestCase("AHI/_include/get_screenPath"), ["productLine":"stm", "carrierName":"Aspen"], CONTINUE_ON_FAILURE): Call Test Case 'Test Cases/AHI/_include/get_screenPath' successfully&#xD;
&#xD;
2019-12-06 11:37:38 - [TEST_CASE][PASSED] - Test Cases/AHI/_include/get_screenPath: Test Cases/AHI/_include/get_screenPath&#xD;
&#xD;
2019-12-06 11:37:38 - [TEST_STEP][PASSED] - m = getExecutionProperties(): null&#xD;
&#xD;
2019-12-06 11:37:38 - [TEST_STEP][PASSED] - deviceName = get("mobileEmulation").get("deviceName"): null&#xD;
&#xD;
2019-12-06 11:37:38 - [TEST_STEP][PASSED] - println(deviceName): null&#xD;
&#xD;
2019-12-06 11:37:38 - [TEST_STEP][PASSED] - now = new java.util.Date(): null&#xD;
&#xD;
2019-12-06 11:37:38 - [TEST_STEP][PASSED] - mydate = now.format("yyyyMMdd_HHmmss"): null&#xD;
&#xD;
2019-12-06 11:37:38 - [TEST_STEP][PASSED] - screenPath = "../Screenshots/": null&#xD;
&#xD;
2019-12-06 11:37:38 - [TEST_STEP][PASSED] - screenPath = screenPath + deviceName + "/" + productLine + "/" + carrierName + "/" + "standard" + "/": null&#xD;
&#xD;
2019-12-06 11:37:38 - [TEST_STEP][PASSED] - println(screenPath): null&#xD;
&#xD;
2019-12-06 11:37:38 - [MESSAGE][PASSED] - Call Test Case 'Test Cases/AHI/_include/get_screenPath' successfully&#xD;
&#xD;
2019-12-06 11:37:38 - [TEST_STEP][PASSED] - i = 0: null&#xD;
&#xD;
2019-12-06 11:37:38 - [TEST_STEP][PASSED] - callTestCase(findTestCase("AHI/_include/openWebSite"), [:], STOP_ON_FAILURE): Call Test Case 'Test Cases/AHI/_include/openWebSite' successfully&#xD;
&#xD;
2019-12-06 11:37:38 - [TEST_CASE][PASSED] - Test Cases/AHI/_include/openWebSite: Test Cases/AHI/_include/openWebSite&#xD;
&#xD;
2019-12-06 11:37:38 - [TEST_STEP][PASSED] - openBrowser(env): Browser is opened with url: 'https://praetemptatus.agilehealthinsurance.com'&#xD;
&#xD;
2019-12-06 11:37:38 - [MESSAGE][WARNING] - A browser is already opened. Closing browser and opening a new one&#xD;
&#xD;
2019-12-06 11:37:39 - [MESSAGE][INFO] - Starting 'Chrome' driver&#xD;
&#xD;
2019-12-06 11:37:39 - [MESSAGE][INFO] - User set preference: ['mobileEmulation', '{deviceName=iPhone 6}']&#xD;
&#xD;
2019-12-06 11:37:39 - [MESSAGE][INFO] - User set preference: ['args', '[--incognito, --aggressive-cache-discard, --window-size=375,677, --no-sandbox]']&#xD;
&#xD;
2019-12-06 11:37:44 - [MESSAGE][PASSED] - Browser is opened with url: 'https://praetemptatus.agilehealthinsurance.com'&#xD;
&#xD;
2019-12-06 11:37:44 - [TEST_STEP][PASSED] - waitForPageLoad(20): Wait for page load successfully&#xD;
&#xD;
2019-12-06 11:37:44 - [MESSAGE][PASSED] - Wait for page load successfully&#xD;
&#xD;
2019-12-06 11:37:44 - [TEST_STEP][PASSED] - callTestCase(findTestCase("AHI/_include/get_screenshot"), [:], STOP_ON_FAILURE): Call Test Case 'Test Cases/AHI/_include/get_screenshot' successfully&#xD;
&#xD;
2019-12-06 11:37:44 - [TEST_CASE][PASSED] - Test Cases/AHI/_include/get_screenshot: Test Cases/AHI/_include/get_screenshot&#xD;
&#xD;
2019-12-06 11:37:44 - [TEST_STEP][PASSED] - takeScreenshot(screenPath + i + ".png"): Taking screenshot successfully&#xD;
&#xD;
2019-12-06 11:37:45 - [MESSAGE][PASSED] - Taking screenshot successfully&#xD;
[[ATTACHMENT|D:\\Test\\AgileTest\\AgileTest\\Reports\\AHI\\stm\\20191206_112427\\../Screenshots/iPhone 6/stm/Aspen/standard/0.png]]&#xD;
&#xD;
2019-12-06 11:37:45 - [TEST_STEP][PASSED] - (internal.GlobalVariable.i++): null&#xD;
&#xD;
2019-12-06 11:37:45 - [MESSAGE][PASSED] - Call Test Case 'Test Cases/AHI/_include/get_screenshot' successfully&#xD;
&#xD;
2019-12-06 11:37:45 - [MESSAGE][PASSED] - Call Test Case 'Test Cases/AHI/_include/openWebSite' successfully&#xD;
&#xD;
2019-12-06 11:37:45 - [TEST_STEP][PASSED] - callTestCase(findTestCase("AHI/_include/census_stm"), ["zipcode":"60602"], STOP_ON_FAILURE): Call Test Case 'Test Cases/AHI/_include/census_stm' successfully&#xD;
&#xD;
2019-12-06 11:37:45 - [TEST_CASE][PASSED] - Test Cases/AHI/_include/census_stm: Test Cases/AHI/_include/census_stm&#xD;
&#xD;
2019-12-06 11:37:45 - [TEST_STEP][PASSED] - waitForElementClickable(findTestObject("mobileSanity/STM/Home Page/a_Quote  Save Today"), 10): Object 'Object Repository/mobileSanity/STM/Home Page/a_Quote  Save Today' is clickable&#xD;
&#xD;
2019-12-06 11:37:46 - [MESSAGE][PASSED] - Object 'Object Repository/mobileSanity/STM/Home Page/a_Quote  Save Today' is clickable&#xD;
&#xD;
2019-12-06 11:37:46 - [TEST_STEP][PASSED] - click(findTestObject("mobileSanity/STM/Home Page/a_Quote  Save Today")): Object: 'Object Repository/mobileSanity/STM/Home Page/a_Quote  Save Today' is clicked on&#xD;
&#xD;
2019-12-06 11:37:47 - [MESSAGE][PASSED] - Object: 'Object Repository/mobileSanity/STM/Home Page/a_Quote  Save Today' is clicked on&#xD;
&#xD;
2019-12-06 11:37:47 - [TEST_STEP][PASSED] - waitForPageLoad(10): Wait for page load successfully&#xD;
&#xD;
2019-12-06 11:37:47 - [MESSAGE][PASSED] - Wait for page load successfully&#xD;
&#xD;
2019-12-06 11:37:47 - [TEST_STEP][PASSED] - callTestCase(findTestCase("AHI/_include/get_screenshot"), [:], STOP_ON_FAILURE): Call Test Case 'Test Cases/AHI/_include/get_screenshot' successfully&#xD;
&#xD;
2019-12-06 11:37:47 - [TEST_CASE][PASSED] - Test Cases/AHI/_include/get_screenshot: Test Cases/AHI/_include/get_screenshot&#xD;
&#xD;
2019-12-06 11:37:47 - [TEST_STEP][PASSED] - takeScreenshot(screenPath + i + ".png"): Taking screenshot successfully&#xD;
&#xD;
2019-12-06 11:37:48 - [MESSAGE][PASSED] - Taking screenshot successfully&#xD;
[[ATTACHMENT|D:\\Test\\AgileTest\\AgileTest\\Reports\\AHI\\stm\\20191206_112427\\../Screenshots/iPhone 6/stm/Aspen/standard/1.png]]&#xD;
&#xD;
2019-12-06 11:37:48 - [TEST_STEP][PASSED] - (internal.GlobalVariable.i++): null&#xD;
&#xD;
2019-12-06 11:37:48 - [MESSAGE][PASSED] - Call Test Case 'Test Cases/AHI/_include/get_screenshot' successfully&#xD;
&#xD;
2019-12-06 11:37:48 - [TEST_STEP][PASSED] - setText(findTestObject("mobileSanity/STM/STM Census Page/input_Location_zip-input"), zipcode): Text '60602' is set on object 'Object Repository/mobileSanity/STM/STM Census Page/input_Location_zip-input'&#xD;
&#xD;
2019-12-06 11:37:48 - [MESSAGE][PASSED] - Text '60602' is set on object 'Object Repository/mobileSanity/STM/STM Census Page/input_Location_zip-input'&#xD;
&#xD;
2019-12-06 11:37:48 - [TEST_STEP][PASSED] - Thread.sleep(500): null&#xD;
&#xD;
2019-12-06 11:37:49 - [TEST_STEP][PASSED] - setText(findTestObject("mobileSanity/STM/STM Census Page/input_Date of Birth_dob-0"), "03031987"): Text '03031987' is set on object 'Object Repository/mobileSanity/STM/STM Census Page/input_Date of Birth_dob-0'&#xD;
&#xD;
2019-12-06 11:37:49 - [MESSAGE][PASSED] - Text '03031987' is set on object 'Object Repository/mobileSanity/STM/STM Census Page/input_Date of Birth_dob-0'&#xD;
&#xD;
2019-12-06 11:37:49 - [TEST_STEP][PASSED] - click(findTestObject("mobileSanity/STM/STM Census Page/label_Male")): Object: 'Object Repository/mobileSanity/STM/STM Census Page/label_Male' is clicked on&#xD;
&#xD;
2019-12-06 11:37:49 - [MESSAGE][PASSED] - Object: 'Object Repository/mobileSanity/STM/STM Census Page/label_Male' is clicked on&#xD;
&#xD;
2019-12-06 11:37:49 - [TEST_STEP][PASSED] - click(findTestObject("mobileSanity/STM/STM Census Page/label_Compare Plans")): Object: 'Object Repository/mobileSanity/STM/STM Census Page/label_Compare Plans' is clicked on&#xD;
&#xD;
2019-12-06 11:37:49 - [MESSAGE][PASSED] - Object: 'Object Repository/mobileSanity/STM/STM Census Page/label_Compare Plans' is clicked on&#xD;
&#xD;
2019-12-06 11:37:49 - [TEST_STEP][PASSED] - waitForElementVisible(findTestObject("mobileSanity/STM/STM Quote Page/button_sort"), 20): Object 'Object Repository/mobileSanity/STM/STM Quote Page/button_sort' is visible&#xD;
&#xD;
2019-12-06 11:37:53 - [MESSAGE][PASSED] - Object 'Object Repository/mobileSanity/STM/STM Quote Page/button_sort' is visible&#xD;
&#xD;
2019-12-06 11:37:53 - [TEST_STEP][PASSED] - Thread.sleep(3000): null&#xD;
&#xD;
2019-12-06 11:37:56 - [TEST_STEP][PASSED] - callTestCase(findTestCase("AHI/_include/check_quoteleadform"), [:], STOP_ON_FAILURE): Call Test Case 'Test Cases/AHI/_include/check_quoteleadform' successfully&#xD;
&#xD;
2019-12-06 11:37:56 - [TEST_CASE][PASSED] - Test Cases/AHI/_include/check_quoteleadform: Test Cases/AHI/_include/check_quoteleadform&#xD;
&#xD;
2019-12-06 11:37:56 - [TEST_STEP][PASSED] - callTestCase(findTestCase("AHI/_include/name"), [:], CONTINUE_ON_FAILURE): Call Test Case 'Test Cases/AHI/_include/name' successfully&#xD;
&#xD;
2019-12-06 11:37:56 - [TEST_CASE][PASSED] - Test Cases/AHI/_include/name: Test Cases/AHI/_include/name&#xD;
&#xD;
2019-12-06 11:37:56 - [TEST_STEP][PASSED] - driver = getWebDriver(): null&#xD;
&#xD;
2019-12-06 11:37:56 - [TEST_STEP][PASSED] - selenium = new com.thoughtworks.selenium.webdriven.WebDriverBackedSelenium(driver, internal.GlobalVariable.ENV): null&#xD;
&#xD;
2019-12-06 11:37:56 - [TEST_STEP][PASSED] - FirstName = "Test-123": null&#xD;
&#xD;
2019-12-06 11:37:56 - [TEST_STEP][PASSED] - LastName = selenium.getEval("{var x="ABCDEFGHIJKLMNOPQRSTUVWXYZabcdefghijklmnopqrstuvwxyz"; var tmp="ZZ11-"; for (i=0;i&lt;8;i++) tmp+=x.charAt(Math.ceil(51*Math.random()));tmp;}"): null&#xD;
&#xD;
2019-12-06 11:37:56 - [TEST_STEP][PASSED] - Address = selenium.getEval("{var x="ABCDEFGHIJKLMNOPQRSTUVWXYZabcdefghijklmnopqrstuvwxyz"; var tmp=""; for (i=0;i&lt;8;i++) tmp+=x.charAt(Math.ceil(51*Math.random()));tmp;}"): null&#xD;
&#xD;
2019-12-06 11:37:56 - [TEST_STEP][PASSED] - City = selenium.getEval("{var x="ABCDEFGHIJKLMNOPQRSTUVWXYZabcdefghijklmnopqrstuvwxyz"; var tmp=""; for (i=0;i&lt;8;i++) tmp+=x.charAt(Math.ceil(51*Math.random()));tmp;}"): null&#xD;
&#xD;
2019-12-06 11:37:56 - [TEST_STEP][PASSED] - tel1 = selenium.getEval("{var x="123456789"; var tmp=""; for (i=0;i&lt;3;i++) tmp+=x.charAt(Math.ceil(8*Math.random()));tmp;}"): null&#xD;
&#xD;
2019-12-06 11:37:56 - [TEST_STEP][PASSED] - tel2 = selenium.getEval("{var x="123456789"; var tmp=""; for (i=0;i&lt;3;i++) tmp+=x.charAt(Math.ceil(8*Math.random()));tmp;}"): null&#xD;
&#xD;
2019-12-06 11:37:56 - [TEST_STEP][PASSED] - tel3 = selenium.getEval("{var x="123456789"; var tmp=""; for (i=0;i&lt;4;i++) tmp+=x.charAt(Math.ceil(8*Math.random()));tmp;}"): null&#xD;
&#xD;
2019-12-06 11:37:56 - [TEST_STEP][PASSED] - Tel = selenium.getExpression(tel1 + "-" + tel2 + "-" + tel3): null&#xD;
&#xD;
2019-12-06 11:37:56 - [TEST_STEP][PASSED] - AutoEmail = selenium.getEval("{var x="ABCDEFGHIJKLMNOPQRSTUVWXYZabcdefghijklmnopqrstuvwxyz"; var tmp="test."; for (i=0;i&lt;8;i++) tmp+=x.charAt(Math.ceil(51*Math.random()));tmp+="@suryani.cn";}"): null&#xD;
&#xD;
2019-12-06 11:37:56 - [TEST_STEP][PASSED] - FirstName = FirstName: null&#xD;
&#xD;
2019-12-06 11:37:56 - [TEST_STEP][PASSED] - LastName = LastName: null&#xD;
&#xD;
2019-12-06 11:37:56 - [TEST_STEP][PASSED] - Address = Address: null&#xD;
&#xD;
2019-12-06 11:37:56 - [TEST_STEP][PASSED] - City = City: null&#xD;
&#xD;
2019-12-06 11:37:56 - [TEST_STEP][PASSED] - Tel = Tel: null&#xD;
&#xD;
2019-12-06 11:37:56 - [TEST_STEP][PASSED] - AutoEmail = AutoEmail: null&#xD;
&#xD;
2019-12-06 11:37:56 - [TEST_STEP][PASSED] - println(FirstName): null&#xD;
&#xD;
2019-12-06 11:37:56 - [TEST_STEP][PASSED] - println(LastName): null&#xD;
&#xD;
2019-12-06 11:37:56 - [TEST_STEP][PASSED] - println(Address): null&#xD;
&#xD;
2019-12-06 11:37:56 - [TEST_STEP][PASSED] - println(City): null&#xD;
&#xD;
2019-12-06 11:37:56 - [TEST_STEP][PASSED] - println(Tel): null&#xD;
&#xD;
2019-12-06 11:37:56 - [TEST_STEP][PASSED] - println(AutoEmail): null&#xD;
&#xD;
2019-12-06 11:37:56 - [MESSAGE][PASSED] - Call Test Case 'Test Cases/AHI/_include/name' successfully&#xD;
&#xD;
2019-12-06 11:37:56 - [TEST_STEP][PASSED] - leadform_exist = test.MobileKeywords.isElementPresent_Web(findTestObject("mobileSanity/quote lead form/lead_form"), 20): test.MobileKeywords.isElementPresent_Web is PASSED&#xD;
&#xD;
2019-12-06 11:37:56 - [MESSAGE][PASSED] - test.MobileKeywords.isElementPresent_Web is PASSED&#xD;
&#xD;
2019-12-06 11:37:56 - [TEST_STEP][PASSED] - if (leadform_exist): null&#xD;
&#xD;
2019-12-06 11:37:56 - [TEST_STEP][PASSED] - setText(findTestObject("mobileSanity/quote lead form/first"), FirstName): Text 'Test-123' is set on object 'Object Repository/mobileSanity/quote lead form/first'&#xD;
&#xD;
2019-12-06 11:37:56 - [MESSAGE][PASSED] - Text 'Test-123' is set on object 'Object Repository/mobileSanity/quote lead form/first'&#xD;
&#xD;
2019-12-06 11:37:56 - [TEST_STEP][PASSED] - setText(findTestObject("mobileSanity/quote lead form/last"), LastName): Text 'ZZ11-ymEoVTEg' is set on object 'Object Repository/mobileSanity/quote lead form/last'&#xD;
&#xD;
2019-12-06 11:37:56 - [MESSAGE][PASSED] - Text 'ZZ11-ymEoVTEg' is set on object 'Object Repository/mobileSanity/quote lead form/last'&#xD;
&#xD;
2019-12-06 11:37:56 - [TEST_STEP][PASSED] - setText(findTestObject("mobileSanity/quote lead form/email"), AutoEmail): Text 'test.LYNOWRWh@suryani.cn' is set on object 'Object Repository/mobileSanity/quote lead form/email'&#xD;
&#xD;
2019-12-06 11:37:57 - [MESSAGE][PASSED] - Text 'test.LYNOWRWh@suryani.cn' is set on object 'Object Repository/mobileSanity/quote lead form/email'&#xD;
&#xD;
2019-12-06 11:37:57 - [TEST_STEP][PASSED] - setText(findTestObject("mobileSanity/quote lead form/phone"), Tel): Text '622-298-3537' is set on object 'Object Repository/mobileSanity/quote lead form/phone'&#xD;
&#xD;
2019-12-06 11:37:57 - [MESSAGE][PASSED] - Text '622-298-3537' is set on object 'Object Repository/mobileSanity/quote lead form/phone'&#xD;
&#xD;
2019-12-06 11:37:57 - [TEST_STEP][PASSED] - click(findTestObject("mobileSanity/quote lead form/submit")): Object: 'Object Repository/mobileSanity/quote lead form/submit' is clicked on&#xD;
&#xD;
2019-12-06 11:37:57 - [MESSAGE][PASSED] - Object: 'Object Repository/mobileSanity/quote lead form/submit' is clicked on&#xD;
&#xD;
2019-12-06 11:37:57 - [TEST_STEP][PASSED] - Thread.sleep(3000): null&#xD;
&#xD;
2019-12-06 11:38:00 - [MESSAGE][PASSED] - Call Test Case 'Test Cases/AHI/_include/check_quoteleadform' successfully&#xD;
&#xD;
2019-12-06 11:38:00 - [TEST_STEP][PASSED] - callTestCase(findTestCase("AHI/_include/get_screenshot"), [:], STOP_ON_FAILURE): Call Test Case 'Test Cases/AHI/_include/get_screenshot' successfully&#xD;
&#xD;
2019-12-06 11:38:00 - [TEST_CASE][PASSED] - Test Cases/AHI/_include/get_screenshot: Test Cases/AHI/_include/get_screenshot&#xD;
&#xD;
2019-12-06 11:38:00 - [TEST_STEP][PASSED] - takeScreenshot(screenPath + i + ".png"): Taking screenshot successfully&#xD;
&#xD;
2019-12-06 11:38:01 - [MESSAGE][PASSED] - Taking screenshot successfully&#xD;
[[ATTACHMENT|D:\\Test\\AgileTest\\AgileTest\\Reports\\AHI\\stm\\20191206_112427\\../Screenshots/iPhone 6/stm/Aspen/standard/2.png]]&#xD;
&#xD;
2019-12-06 11:38:01 - [TEST_STEP][PASSED] - (internal.GlobalVariable.i++): null&#xD;
&#xD;
2019-12-06 11:38:01 - [MESSAGE][PASSED] - Call Test Case 'Test Cases/AHI/_include/get_screenshot' successfully&#xD;
&#xD;
2019-12-06 11:38:01 - [TEST_STEP][PASSED] - Thread.sleep(1000): null&#xD;
&#xD;
2019-12-06 11:38:02 - [MESSAGE][PASSED] - Call Test Case 'Test Cases/AHI/_include/census_stm' successfully&#xD;
&#xD;
2019-12-06 11:38:02 - [TEST_STEP][FAILED] - callTestCase(findTestCase("AHI/_include/filter_stm"), ["carrier":"aspen"], STOP_ON_FAILURE): Unable to call Test Case 'Test Cases/AHI/_include/filter_stm' (Root cause: com.kms.katalon.core.exception.StepFailedException: Call Test Case 'Test Cases/AHI/_include/filter_stm' failed&#xD;
	at com.kms.katalon.core.keyword.builtin.CallTestCaseKeyword$_callTestCase_closure1.doCall(CallTestCaseKeyword.groovy:63)&#xD;
	at com.kms.katalon.core.keyword.builtin.CallTestCaseKeyword$_callTestCase_closure1.call(CallTestCaseKeyword.groovy)&#xD;
	at com.kms.katalon.core.keyword.internal.KeywordMain.runKeyword(KeywordMain.groovy:68)&#xD;
	at com.kms.katalon.core.keyword.builtin.CallTestCaseKeyword.callTestCase(CallTestCaseKeyword.groovy:81)&#xD;
	at com.kms.katalon.core.keyword.builtin.CallTestCaseKeyword.execute(CallTestCaseKeyword.groovy:44)&#xD;
	at com.kms.katalon.core.keyword.internal.KeywordExecutor.executeKeywordForPlatform(KeywordExecutor.groovy:56)&#xD;
	at com.kms.katalon.core.keyword.BuiltinKeywords.callTestCase(BuiltinKeywords.groovy:334)&#xD;
	at Aspen.run(Aspen:25)&#xD;
	at com.kms.katalon.core.main.ScriptEngine.run(ScriptEngine.java:194)&#xD;
	at com.kms.katalon.core.main.ScriptEngine.runScriptAsRawText(ScriptEngine.java:119)&#xD;
	at com.kms.katalon.core.main.TestCaseExecutor.runScript(TestCaseExecutor.java:337)&#xD;
	at com.kms.katalon.core.main.TestCaseExecutor.doExecute(TestCaseExecutor.java:328)&#xD;
	at com.kms.katalon.core.main.TestCaseExecutor.processExecutionPhase(TestCaseExecutor.java:307)&#xD;
	at com.kms.katalon.core.main.TestCaseExecutor.accessMainPhase(TestCaseExecutor.java:299)&#xD;
	at com.kms.katalon.core.main.TestCaseExecutor.execute(TestCaseExecutor.java:233)&#xD;
	at com.kms.katalon.core.main.TestSuiteExecutor.accessTestCaseMainPhase(TestSuiteExecutor.java:133)&#xD;
	at com.kms.katalon.core.main.TestSuiteExecutor.accessTestSuiteMainPhase(TestSuiteExecutor.java:116)&#xD;
	at com.kms.katalon.core.main.TestSuiteExecutor.execute(TestSuiteExecutor.java:83)&#xD;
	at com.kms.katalon.core.main.TestCaseMain.startTestSuite(TestCaseMain.java:157)&#xD;
	at com.kms.katalon.core.main.TestCaseMain$startTestSuite$0.call(Unknown Source)&#xD;
	at TempTestSuite1575602667225.run(TempTestSuite1575602667225.groovy:35)&#xD;
Caused by: com.kms.katalon.core.exception.StepFailedException: Unable to scroll to object 'Object Repository/mobileSanity/STM/STM Quote Page/a_Show Plans'&#xD;
	at com.kms.katalon.core.webui.keyword.internal.WebUIKeywordMain.stepFailed(WebUIKeywordMain.groovy:64)&#xD;
	at com.kms.katalon.core.webui.keyword.internal.WebUIKeywordMain.runKeyword(WebUIKeywordMain.groovy:26)&#xD;
	at com.kms.katalon.core.webui.keyword.builtin.ScrollToElementKeyword.scrollToElement(ScrollToElementKeyword.groovy:88)&#xD;
	at com.kms.katalon.core.webui.keyword.builtin.ScrollToElementKeyword.execute(ScrollToElementKeyword.groovy:68)&#xD;
	at com.kms.katalon.core.keyword.internal.KeywordExecutor.executeKeywordForPlatform(KeywordExecutor.groovy:56)&#xD;
	at com.kms.katalon.core.webui.keyword.WebUiBuiltInKeywords.scrollToElement(WebUiBuiltInKeywords.groovy:2975)&#xD;
	at com.kms.katalon.core.webui.keyword.WebUiBuiltInKeywords$scrollToElement$8.call(Unknown Source)&#xD;
	at filter_stm.run(filter_stm:42)&#xD;
	at com.kms.katalon.core.main.ScriptEngine.run(ScriptEngine.java:194)&#xD;
	at com.kms.katalon.core.main.ScriptEngine.runScriptAsRawText(ScriptEngine.java:119)&#xD;
	at com.kms.katalon.core.main.TestCaseExecutor.runScript(TestCaseExecutor.java:337)&#xD;
	at com.kms.katalon.core.main.TestCaseExecutor.doExecute(TestCaseExecutor.java:328)&#xD;
	at com.kms.katalon.core.main.TestCaseExecutor.processExecutionPhase(TestCaseExecutor.java:307)&#xD;
	at com.kms.katalon.core.main.TestCaseExecutor.accessMainPhase(TestCaseExecutor.java:299)&#xD;
	at com.kms.katalon.core.main.TestCaseExecutor.execute(TestCaseExecutor.java:233)&#xD;
	at com.kms.katalon.core.main.TestCaseMain.runTestCase(TestCaseMain.java:114)&#xD;
	at com.kms.katalon.core.keyword.builtin.CallTestCaseKeyword$_callTestCase_closure1.doCall(CallTestCaseKeyword.groovy:59)&#xD;
	... 20 more&#xD;
Caused by: com.kms.katalon.core.webui.exception.WebElementNotFoundException: Web element with id: 'Object Repository/mobileSanity/STM/STM Quote Page/a_Show Plans' located by 'By.xpath: //main/div[3]/div/div[3]/a' not found&#xD;
	at com.kms.katalon.core.webui.common.WebUiCommonHelper.findWebElement(WebUiCommonHelper.java:1097)&#xD;
	at com.kms.katalon.core.webui.keyword.internal.WebUIAbstractKeyword.findWebElement(WebUIAbstractKeyword.groovy:27)&#xD;
	at com.kms.katalon.core.webui.keyword.internal.WebUIAbstractKeyword.findWebElement(WebUIAbstractKeyword.groovy:26)&#xD;
	at com.kms.katalon.core.webui.keyword.builtin.ScrollToElementKeyword$_scrollToElement_closure1.doCall(ScrollToElementKeyword.groovy:79)&#xD;
	at com.kms.katalon.core.webui.keyword.builtin.ScrollToElementKeyword$_scrollToElement_closure1.call(ScrollToElementKeyword.groovy)&#xD;
	at com.kms.katalon.core.webui.keyword.internal.WebUIKeywordMain.runKeyword(WebUIKeywordMain.groovy:20)&#xD;
	... 35 more&#xD;
)&#xD;
&#xD;
2019-12-06 11:38:02 - [TEST_CASE][FAILED] - Test Cases/AHI/_include/filter_stm: Test Cases/AHI/_include/filter_stm FAILED.
Reason:
com.kms.katalon.core.exception.StepFailedException: Unable to scroll to object 'Object Repository/mobileSanity/STM/STM Quote Page/a_Show Plans'&#xD;
	at com.kms.katalon.core.webui.keyword.internal.WebUIKeywordMain.stepFailed(WebUIKeywordMain.groovy:64)&#xD;
	at com.kms.katalon.core.webui.keyword.internal.WebUIKeywordMain.runKeyword(WebUIKeywordMain.groovy:26)&#xD;
	at com.kms.katalon.core.webui.keyword.builtin.ScrollToElementKeyword.scrollToElement(ScrollToElementKeyword.groovy:88)&#xD;
	at com.kms.katalon.core.webui.keyword.builtin.ScrollToElementKeyword.execute(ScrollToElementKeyword.groovy:68)&#xD;
	at com.kms.katalon.core.keyword.internal.KeywordExecutor.executeKeywordForPlatform(KeywordExecutor.groovy:56)&#xD;
	at com.kms.katalon.core.webui.keyword.WebUiBuiltInKeywords.scrollToElement(WebUiBuiltInKeywords.groovy:2975)&#xD;
	at com.kms.katalon.core.webui.keyword.WebUiBuiltInKeywords$scrollToElement$8.call(Unknown Source)&#xD;
	at filter_stm.run(filter_stm:42)&#xD;
	at com.kms.katalon.core.main.ScriptEngine.run(ScriptEngine.java:194)&#xD;
	at com.kms.katalon.core.main.ScriptEngine.runScriptAsRawText(ScriptEngine.java:119)&#xD;
	at com.kms.katalon.core.main.TestCaseExecutor.runScript(TestCaseExecutor.java:337)&#xD;
	at com.kms.katalon.core.main.TestCaseExecutor.doExecute(TestCaseExecutor.java:328)&#xD;
	at com.kms.katalon.core.main.TestCaseExecutor.processExecutionPhase(TestCaseExecutor.java:307)&#xD;
	at com.kms.katalon.core.main.TestCaseExecutor.accessMainPhase(TestCaseExecutor.java:299)&#xD;
	at com.kms.katalon.core.main.TestCaseExecutor.execute(TestCaseExecutor.java:233)&#xD;
	at com.kms.katalon.core.main.TestCaseMain.runTestCase(TestCaseMain.java:114)&#xD;
	at com.kms.katalon.core.keyword.builtin.CallTestCaseKeyword$_callTestCase_closure1.doCall(CallTestCaseKeyword.groovy:59)&#xD;
	at com.kms.katalon.core.keyword.builtin.CallTestCaseKeyword$_callTestCase_closure1.call(CallTestCaseKeyword.groovy)&#xD;
	at com.kms.katalon.core.keyword.internal.KeywordMain.runKeyword(KeywordMain.groovy:68)&#xD;
	at com.kms.katalon.core.keyword.builtin.CallTestCaseKeyword.callTestCase(CallTestCaseKeyword.groovy:81)&#xD;
	at com.kms.katalon.core.keyword.builtin.CallTestCaseKeyword.execute(CallTestCaseKeyword.groovy:44)&#xD;
	at com.kms.katalon.core.keyword.internal.KeywordExecutor.executeKeywordForPlatform(KeywordExecutor.groovy:56)&#xD;
	at com.kms.katalon.core.keyword.BuiltinKeywords.callTestCase(BuiltinKeywords.groovy:334)&#xD;
	at Aspen.run(Aspen:25)&#xD;
	at com.kms.katalon.core.main.ScriptEngine.run(ScriptEngine.java:194)&#xD;
	at com.kms.katalon.core.main.ScriptEngine.runScriptAsRawText(ScriptEngine.java:119)&#xD;
	at com.kms.katalon.core.main.TestCaseExecutor.runScript(TestCaseExecutor.java:337)&#xD;
	at com.kms.katalon.core.main.TestCaseExecutor.doExecute(TestCaseExecutor.java:328)&#xD;
	at com.kms.katalon.core.main.TestCaseExecutor.processExecutionPhase(TestCaseExecutor.java:307)&#xD;
	at com.kms.katalon.core.main.TestCaseExecutor.accessMainPhase(TestCaseExecutor.java:299)&#xD;
	at com.kms.katalon.core.main.TestCaseExecutor.execute(TestCaseExecutor.java:233)&#xD;
	at com.kms.katalon.core.main.TestSuiteExecutor.accessTestCaseMainPhase(TestSuiteExecutor.java:133)&#xD;
	at com.kms.katalon.core.main.TestSuiteExecutor.accessTestSuiteMainPhase(TestSuiteExecutor.java:116)&#xD;
	at com.kms.katalon.core.main.TestSuiteExecutor.execute(TestSuiteExecutor.java:83)&#xD;
	at com.kms.katalon.core.main.TestCaseMain.startTestSuite(TestCaseMain.java:157)&#xD;
	at com.kms.katalon.core.main.TestCaseMain$startTestSuite$0.call(Unknown Source)&#xD;
	at TempTestSuite1575602667225.run(TempTestSuite1575602667225.groovy:35)&#xD;
Caused by: com.kms.katalon.core.webui.exception.WebElementNotFoundException: Web element with id: 'Object Repository/mobileSanity/STM/STM Quote Page/a_Show Plans' located by 'By.xpath: //main/div[3]/div/div[3]/a' not found&#xD;
	at com.kms.katalon.core.webui.common.WebUiCommonHelper.findWebElement(WebUiCommonHelper.java:1097)&#xD;
	at com.kms.katalon.core.webui.keyword.internal.WebUIAbstractKeyword.findWebElement(WebUIAbstractKeyword.groovy:27)&#xD;
	at com.kms.katalon.core.webui.keyword.internal.WebUIAbstractKeyword.findWebElement(WebUIAbstractKeyword.groovy:26)&#xD;
	at com.kms.katalon.core.webui.keyword.builtin.ScrollToElementKeyword$_scrollToElement_closure1.doCall(ScrollToElementKeyword.groovy:79)&#xD;
	at com.kms.katalon.core.webui.keyword.builtin.ScrollToElementKeyword$_scrollToElement_closure1.call(ScrollToElementKeyword.groovy)&#xD;
	at com.kms.katalon.core.webui.keyword.internal.WebUIKeywordMain.runKeyword(WebUIKeywordMain.groovy:20)&#xD;
	... 35 more&#xD;
&#xD;
&#xD;
2019-12-06 11:38:02 - [TEST_STEP][PASSED] - driver = getWebDriver(): null&#xD;
&#xD;
2019-12-06 11:38:02 - [TEST_STEP][PASSED] - selenium = new com.thoughtworks.selenium.webdriven.WebDriverBackedSelenium(driver, internal.GlobalVariable.ENV): null&#xD;
&#xD;
2019-12-06 11:38:02 - [TEST_STEP][PASSED] - Thread.sleep(1000): null&#xD;
&#xD;
2019-12-06 11:38:03 - [TEST_STEP][PASSED] - click(findTestObject("mobileSanity/STM/STM Quote Page/button_filters")): Object: 'Object Repository/mobileSanity/STM/STM Quote Page/button_filters' is clicked on&#xD;
&#xD;
2019-12-06 11:38:04 - [MESSAGE][PASSED] - Object: 'Object Repository/mobileSanity/STM/STM Quote Page/button_filters' is clicked on&#xD;
&#xD;
2019-12-06 11:38:04 - [TEST_STEP][PASSED] - Thread.sleep(1000): null&#xD;
&#xD;
2019-12-06 11:38:05 - [TEST_STEP][PASSED] - click(findTestObject("mobileSanity/STM/STM Quote Page/i_Insurance company")): Object: 'Object Repository/mobileSanity/STM/STM Quote Page/i_Insurance company' is clicked on&#xD;
&#xD;
2019-12-06 11:38:05 - [MESSAGE][PASSED] - Object: 'Object Repository/mobileSanity/STM/STM Quote Page/i_Insurance company' is clicked on&#xD;
&#xD;
2019-12-06 11:38:05 - [TEST_STEP][PASSED] - Thread.sleep(1000): null&#xD;
&#xD;
2019-12-06 11:38:06 - [TEST_STEP][PASSED] - filter_carrier = "//input[@name='filter[carrier]' and @value='" + carrier + "']/following::label": null&#xD;
&#xD;
2019-12-06 11:38:06 - [TEST_STEP][PASSED] - println(filter_carrier): null&#xD;
&#xD;
2019-12-06 11:38:06 - [TEST_STEP][PASSED] - test.MobileKeywords.clickJS_ByXpath(filter_carrier): test.MobileKeywords.clickJS_ByXpath is PASSED&#xD;
&#xD;
2019-12-06 11:38:06 - [MESSAGE][PASSED] - Execute JavaScript 'arguments[0].click()' successfully&#xD;
&#xD;
2019-12-06 11:38:06 - [MESSAGE][PASSED] - test.MobileKeywords.clickJS_ByXpath is PASSED&#xD;
&#xD;
2019-12-06 11:38:06 - [TEST_STEP][FAILED] - scrollToElement(findTestObject("mobileSanity/STM/STM Quote Page/a_Show Plans"), 1000): Unable to scroll to object 'Object Repository/mobileSanity/STM/STM Quote Page/a_Show Plans' (Root cause: com.kms.katalon.core.exception.StepFailedException: Unable to scroll to object 'Object Repository/mobileSanity/STM/STM Quote Page/a_Show Plans'&#xD;
	at com.kms.katalon.core.webui.keyword.internal.WebUIKeywordMain.stepFailed(WebUIKeywordMain.groovy:64)&#xD;
	at com.kms.katalon.core.webui.keyword.internal.WebUIKeywordMain.runKeyword(WebUIKeywordMain.groovy:26)&#xD;
	at com.kms.katalon.core.webui.keyword.builtin.ScrollToElementKeyword.scrollToElement(ScrollToElementKeyword.groovy:88)&#xD;
	at com.kms.katalon.core.webui.keyword.builtin.ScrollToElementKeyword.execute(ScrollToElementKeyword.groovy:68)&#xD;
	at com.kms.katalon.core.keyword.internal.KeywordExecutor.executeKeywordForPlatform(KeywordExecutor.groovy:56)&#xD;
	at com.kms.katalon.core.webui.keyword.WebUiBuiltInKeywords.scrollToElement(WebUiBuiltInKeywords.groovy:2975)&#xD;
	at com.kms.katalon.core.webui.keyword.WebUiBuiltInKeywords$scrollToElement$8.call(Unknown Source)&#xD;
	at filter_stm.run(filter_stm:42)&#xD;
	at com.kms.katalon.core.main.ScriptEngine.run(ScriptEngine.java:194)&#xD;
	at com.kms.katalon.core.main.ScriptEngine.runScriptAsRawText(ScriptEngine.java:119)&#xD;
	at com.kms.katalon.core.main.TestCaseExecutor.runScript(TestCaseExecutor.java:337)&#xD;
	at com.kms.katalon.core.main.TestCaseExecutor.doExecute(TestCaseExecutor.java:328)&#xD;
	at com.kms.katalon.core.main.TestCaseExecutor.processExecutionPhase(TestCaseExecutor.java:307)&#xD;
	at com.kms.katalon.core.main.TestCaseExecutor.accessMainPhase(TestCaseExecutor.java:299)&#xD;
	at com.kms.katalon.core.main.TestCaseExecutor.execute(TestCaseExecutor.java:233)&#xD;
	at com.kms.katalon.core.main.TestCaseMain.runTestCase(TestCaseMain.java:114)&#xD;
	at com.kms.katalon.core.keyword.builtin.CallTestCaseKeyword$_callTestCase_closure1.doCall(CallTestCaseKeyword.groovy:59)&#xD;
	at com.kms.katalon.core.keyword.builtin.CallTestCaseKeyword$_callTestCase_closure1.call(CallTestCaseKeyword.groovy)&#xD;
	at com.kms.katalon.core.keyword.internal.KeywordMain.runKeyword(KeywordMain.groovy:68)&#xD;
	at com.kms.katalon.core.keyword.builtin.CallTestCaseKeyword.callTestCase(CallTestCaseKeyword.groovy:81)&#xD;
	at com.kms.katalon.core.keyword.builtin.CallTestCaseKeyword.execute(CallTestCaseKeyword.groovy:44)&#xD;
	at com.kms.katalon.core.keyword.internal.KeywordExecutor.executeKeywordForPlatform(KeywordExecutor.groovy:56)&#xD;
	at com.kms.katalon.core.keyword.BuiltinKeywords.callTestCase(BuiltinKeywords.groovy:334)&#xD;
	at Aspen.run(Aspen:25)&#xD;
	at com.kms.katalon.core.main.ScriptEngine.run(ScriptEngine.java:194)&#xD;
	at com.kms.katalon.core.main.ScriptEngine.runScriptAsRawText(ScriptEngine.java:119)&#xD;
	at com.kms.katalon.core.main.TestCaseExecutor.runScript(TestCaseExecutor.java:337)&#xD;
	at com.kms.katalon.core.main.TestCaseExecutor.doExecute(TestCaseExecutor.java:328)&#xD;
	at com.kms.katalon.core.main.TestCaseExecutor.processExecutionPhase(TestCaseExecutor.java:307)&#xD;
	at com.kms.katalon.core.main.TestCaseExecutor.accessMainPhase(TestCaseExecutor.java:299)&#xD;
	at com.kms.katalon.core.main.TestCaseExecutor.execute(TestCaseExecutor.java:233)&#xD;
	at com.kms.katalon.core.main.TestSuiteExecutor.accessTestCaseMainPhase(TestSuiteExecutor.java:133)&#xD;
	at com.kms.katalon.core.main.TestSuiteExecutor.accessTestSuiteMainPhase(TestSuiteExecutor.java:116)&#xD;
	at com.kms.katalon.core.main.TestSuiteExecutor.execute(TestSuiteExecutor.java:83)&#xD;
	at com.kms.katalon.core.main.TestCaseMain.startTestSuite(TestCaseMain.java:157)&#xD;
	at com.kms.katalon.core.main.TestCaseMain$startTestSuite$0.call(Unknown Source)&#xD;
	at TempTestSuite1575602667225.run(TempTestSuite1575602667225.groovy:35)&#xD;
Caused by: com.kms.katalon.core.webui.exception.WebElementNotFoundException: Web element with id: 'Object Repository/mobileSanity/STM/STM Quote Page/a_Show Plans' located by 'By.xpath: //main/div[3]/div/div[3]/a' not found&#xD;
	at com.kms.katalon.core.webui.common.WebUiCommonHelper.findWebElement(WebUiCommonHelper.java:1097)&#xD;
	at com.kms.katalon.core.webui.keyword.internal.WebUIAbstractKeyword.findWebElement(WebUIAbstractKeyword.groovy:27)&#xD;
	at com.kms.katalon.core.webui.keyword.internal.WebUIAbstractKeyword.findWebElement(WebUIAbstractKeyword.groovy:26)&#xD;
	at com.kms.katalon.core.webui.keyword.builtin.ScrollToElementKeyword$_scrollToElement_closure1.doCall(ScrollToElementKeyword.groovy:79)&#xD;
	at com.kms.katalon.core.webui.keyword.builtin.ScrollToElementKeyword$_scrollToElement_closure1.call(ScrollToElementKeyword.groovy)&#xD;
	at com.kms.katalon.core.webui.keyword.internal.WebUIKeywordMain.runKeyword(WebUIKeywordMain.groovy:20)&#xD;
	at com.kms.katalon.core.webui.keyword.builtin.ScrollToElementKeyword.scrollToElement(ScrollToElementKeyword.groovy:88)&#xD;
	at com.kms.katalon.core.webui.keyword.builtin.ScrollToElementKeyword.execute(ScrollToElementKeyword.groovy:68)&#xD;
	at com.kms.katalon.core.keyword.internal.KeywordExecutor.executeKeywordForPlatform(KeywordExecutor.groovy:56)&#xD;
	at com.kms.katalon.core.webui.keyword.WebUiBuiltInKeywords.scrollToElement(WebUiBuiltInKeywords.groovy:2975)&#xD;
	at com.kms.katalon.core.webui.keyword.WebUiBuiltInKeywords$scrollToElement$8.call(Unknown Source)&#xD;
	at Script1575596673822.run(Script1575596673822.groovy:42)&#xD;
	at com.kms.katalon.core.main.ScriptEngine.run(ScriptEngine.java:194)&#xD;
	at com.kms.katalon.core.main.ScriptEngine.runScriptAsRawText(ScriptEngine.java:119)&#xD;
	at com.kms.katalon.core.main.TestCaseExecutor.runScript(TestCaseExecutor.java:337)&#xD;
	at com.kms.katalon.core.main.TestCaseExecutor.doExecute(TestCaseExecutor.java:328)&#xD;
	at com.kms.katalon.core.main.TestCaseExecutor.processExecutionPhase(TestCaseExecutor.java:307)&#xD;
	at com.kms.katalon.core.main.TestCaseExecutor.accessMainPhase(TestCaseExecutor.java:299)&#xD;
	at com.kms.katalon.core.main.TestCaseExecutor.execute(TestCaseExecutor.java:233)&#xD;
	at com.kms.katalon.core.main.TestCaseMain.runTestCase(TestCaseMain.java:114)&#xD;
	at com.kms.katalon.core.keyword.builtin.CallTestCaseKeyword$_callTestCase_closure1.doCall(CallTestCaseKeyword.groovy:59)&#xD;
	at com.kms.katalon.core.keyword.builtin.CallTestCaseKeyword$_callTestCase_closure1.call(CallTestCaseKeyword.groovy)&#xD;
	at com.kms.katalon.core.keyword.internal.KeywordMain.runKeyword(KeywordMain.groovy:68)&#xD;
	at com.kms.katalon.core.keyword.builtin.CallTestCaseKeyword.callTestCase(CallTestCaseKeyword.groovy:81)&#xD;
	at com.kms.katalon.core.keyword.builtin.CallTestCaseKeyword.execute(CallTestCaseKeyword.groovy:44)&#xD;
	at com.kms.katalon.core.keyword.internal.KeywordExecutor.executeKeywordForPlatform(KeywordExecutor.groovy:56)&#xD;
	at com.kms.katalon.core.keyword.BuiltinKeywords.callTestCase(BuiltinKeywords.groovy:334)&#xD;
	at Script1575596673730.run(Script1575596673730.groovy:25)&#xD;
	... 13 more&#xD;
)&#xD;
&#xD;
2019-12-06 11:38:27 - [MESSAGE][INFO] - Unable to find the element located by 'By.xpath: //main/div[3]/div/div[3]/a'. Please recheck the objects properties to make sure the desired element is located. &#xD;
&#xD;
2019-12-06 11:38:27 - [MESSAGE][FAILED] - Unable to scroll to object 'Object Repository/mobileSanity/STM/STM Quote Page/a_Show Plans' (Root cause: com.kms.katalon.core.exception.StepFailedException: Unable to scroll to object 'Object Repository/mobileSanity/STM/STM Quote Page/a_Show Plans'&#xD;
	at com.kms.katalon.core.webui.keyword.internal.WebUIKeywordMain.stepFailed(WebUIKeywordMain.groovy:64)&#xD;
	at com.kms.katalon.core.webui.keyword.internal.WebUIKeywordMain.runKeyword(WebUIKeywordMain.groovy:26)&#xD;
	at com.kms.katalon.core.webui.keyword.builtin.ScrollToElementKeyword.scrollToElement(ScrollToElementKeyword.groovy:88)&#xD;
	at com.kms.katalon.core.webui.keyword.builtin.ScrollToElementKeyword.execute(ScrollToElementKeyword.groovy:68)&#xD;
	at com.kms.katalon.core.keyword.internal.KeywordExecutor.executeKeywordForPlatform(KeywordExecutor.groovy:56)&#xD;
	at com.kms.katalon.core.webui.keyword.WebUiBuiltInKeywords.scrollToElement(WebUiBuiltInKeywords.groovy:2975)&#xD;
	at com.kms.katalon.core.webui.keyword.WebUiBuiltInKeywords$scrollToElement$8.call(Unknown Source)&#xD;
	at filter_stm.run(filter_stm:42)&#xD;
	at com.kms.katalon.core.main.ScriptEngine.run(ScriptEngine.java:194)&#xD;
	at com.kms.katalon.core.main.ScriptEngine.runScriptAsRawText(ScriptEngine.java:119)&#xD;
	at com.kms.katalon.core.main.TestCaseExecutor.runScript(TestCaseExecutor.java:337)&#xD;
	at com.kms.katalon.core.main.TestCaseExecutor.doExecute(TestCaseExecutor.java:328)&#xD;
	at com.kms.katalon.core.main.TestCaseExecutor.processExecutionPhase(TestCaseExecutor.java:307)&#xD;
	at com.kms.katalon.core.main.TestCaseExecutor.accessMainPhase(TestCaseExecutor.java:299)&#xD;
	at com.kms.katalon.core.main.TestCaseExecutor.execute(TestCaseExecutor.java:233)&#xD;
	at com.kms.katalon.core.main.TestCaseMain.runTestCase(TestCaseMain.java:114)&#xD;
	at com.kms.katalon.core.keyword.builtin.CallTestCaseKeyword$_callTestCase_closure1.doCall(CallTestCaseKeyword.groovy:59)&#xD;
	at com.kms.katalon.core.keyword.builtin.CallTestCaseKeyword$_callTestCase_closure1.call(CallTestCaseKeyword.groovy)&#xD;
	at com.kms.katalon.core.keyword.internal.KeywordMain.runKeyword(KeywordMain.groovy:68)&#xD;
	at com.kms.katalon.core.keyword.builtin.CallTestCaseKeyword.callTestCase(CallTestCaseKeyword.groovy:81)&#xD;
	at com.kms.katalon.core.keyword.builtin.CallTestCaseKeyword.execute(CallTestCaseKeyword.groovy:44)&#xD;
	at com.kms.katalon.core.keyword.internal.KeywordExecutor.executeKeywordForPlatform(KeywordExecutor.groovy:56)&#xD;
	at com.kms.katalon.core.keyword.BuiltinKeywords.callTestCase(BuiltinKeywords.groovy:334)&#xD;
	at Aspen.run(Aspen:25)&#xD;
	at com.kms.katalon.core.main.ScriptEngine.run(ScriptEngine.java:194)&#xD;
	at com.kms.katalon.core.main.ScriptEngine.runScriptAsRawText(ScriptEngine.java:119)&#xD;
	at com.kms.katalon.core.main.TestCaseExecutor.runScript(TestCaseExecutor.java:337)&#xD;
	at com.kms.katalon.core.main.TestCaseExecutor.doExecute(TestCaseExecutor.java:328)&#xD;
	at com.kms.katalon.core.main.TestCaseExecutor.processExecutionPhase(TestCaseExecutor.java:307)&#xD;
	at com.kms.katalon.core.main.TestCaseExecutor.accessMainPhase(TestCaseExecutor.java:299)&#xD;
	at com.kms.katalon.core.main.TestCaseExecutor.execute(TestCaseExecutor.java:233)&#xD;
	at com.kms.katalon.core.main.TestSuiteExecutor.accessTestCaseMainPhase(TestSuiteExecutor.java:133)&#xD;
	at com.kms.katalon.core.main.TestSuiteExecutor.accessTestSuiteMainPhase(TestSuiteExecutor.java:116)&#xD;
	at com.kms.katalon.core.main.TestSuiteExecutor.execute(TestSuiteExecutor.java:83)&#xD;
	at com.kms.katalon.core.main.TestCaseMain.startTestSuite(TestCaseMain.java:157)&#xD;
	at com.kms.katalon.core.main.TestCaseMain$startTestSuite$0.call(Unknown Source)&#xD;
	at TempTestSuite1575602667225.run(TempTestSuite1575602667225.groovy:35)&#xD;
Caused by: com.kms.katalon.core.webui.exception.WebElementNotFoundException: Web element with id: 'Object Repository/mobileSanity/STM/STM Quote Page/a_Show Plans' located by 'By.xpath: //main/div[3]/div/div[3]/a' not found&#xD;
	at com.kms.katalon.core.webui.common.WebUiCommonHelper.findWebElement(WebUiCommonHelper.java:1097)&#xD;
	at com.kms.katalon.core.webui.keyword.internal.WebUIAbstractKeyword.findWebElement(WebUIAbstractKeyword.groovy:27)&#xD;
	at com.kms.katalon.core.webui.keyword.internal.WebUIAbstractKeyword.findWebElement(WebUIAbstractKeyword.groovy:26)&#xD;
	at com.kms.katalon.core.webui.keyword.builtin.ScrollToElementKeyword$_scrollToElement_closure1.doCall(ScrollToElementKeyword.groovy:79)&#xD;
	at com.kms.katalon.core.webui.keyword.builtin.ScrollToElementKeyword$_scrollToElement_closure1.call(ScrollToElementKeyword.groovy)&#xD;
	at com.kms.katalon.core.webui.keyword.internal.WebUIKeywordMain.runKeyword(WebUIKeywordMain.groovy:20)&#xD;
	at com.kms.katalon.core.webui.keyword.builtin.ScrollToElementKeyword.scrollToElement(ScrollToElementKeyword.groovy:88)&#xD;
	at com.kms.katalon.core.webui.keyword.builtin.ScrollToElementKeyword.execute(ScrollToElementKeyword.groovy:68)&#xD;
	at com.kms.katalon.core.keyword.internal.KeywordExecutor.executeKeywordForPlatform(KeywordExecutor.groovy:56)&#xD;
	at com.kms.katalon.core.webui.keyword.WebUiBuiltInKeywords.scrollToElement(WebUiBuiltInKeywords.groovy:2975)&#xD;
	at com.kms.katalon.core.webui.keyword.WebUiBuiltInKeywords$scrollToElement$8.call(Unknown Source)&#xD;
	at Script1575596673822.run(Script1575596673822.groovy:42)&#xD;
	at com.kms.katalon.core.main.ScriptEngine.run(ScriptEngine.java:194)&#xD;
	at com.kms.katalon.core.main.ScriptEngine.runScriptAsRawText(ScriptEngine.java:119)&#xD;
	at com.kms.katalon.core.main.TestCaseExecutor.runScript(TestCaseExecutor.java:337)&#xD;
	at com.kms.katalon.core.main.TestCaseExecutor.doExecute(TestCaseExecutor.java:328)&#xD;
	at com.kms.katalon.core.main.TestCaseExecutor.processExecutionPhase(TestCaseExecutor.java:307)&#xD;
	at com.kms.katalon.core.main.TestCaseExecutor.accessMainPhase(TestCaseExecutor.java:299)&#xD;
	at com.kms.katalon.core.main.TestCaseExecutor.execute(TestCaseExecutor.java:233)&#xD;
	at com.kms.katalon.core.main.TestCaseMain.runTestCase(TestCaseMain.java:114)&#xD;
	at com.kms.katalon.core.keyword.builtin.CallTestCaseKeyword$_callTestCase_closure1.doCall(CallTestCaseKeyword.groovy:59)&#xD;
	at com.kms.katalon.core.keyword.builtin.CallTestCaseKeyword$_callTestCase_closure1.call(CallTestCaseKeyword.groovy)&#xD;
	at com.kms.katalon.core.keyword.internal.KeywordMain.runKeyword(KeywordMain.groovy:68)&#xD;
	at com.kms.katalon.core.keyword.builtin.CallTestCaseKeyword.callTestCase(CallTestCaseKeyword.groovy:81)&#xD;
	at com.kms.katalon.core.keyword.builtin.CallTestCaseKeyword.execute(CallTestCaseKeyword.groovy:44)&#xD;
	at com.kms.katalon.core.keyword.internal.KeywordExecutor.executeKeywordForPlatform(KeywordExecutor.groovy:56)&#xD;
	at com.kms.katalon.core.keyword.BuiltinKeywords.callTestCase(BuiltinKeywords.groovy:334)&#xD;
	at Script1575596673730.run(Script1575596673730.groovy:25)&#xD;
	... 13 more&#xD;
)&#xD;
[[ATTACHMENT|D:\\Test\\AgileTest\\AgileTest\\Reports\\AHI\\stm\\20191206_112427\\1575603507096.png]]&#xD;
&#xD;
2019-12-06 11:38:27 - [MESSAGE][FAILED] - Unable to call Test Case 'Test Cases/AHI/_include/filter_stm' (Root cause: com.kms.katalon.core.exception.StepFailedException: Call Test Case 'Test Cases/AHI/_include/filter_stm' failed&#xD;
	at com.kms.katalon.core.keyword.builtin.CallTestCaseKeyword$_callTestCase_closure1.doCall(CallTestCaseKeyword.groovy:63)&#xD;
	at com.kms.katalon.core.keyword.builtin.CallTestCaseKeyword$_callTestCase_closure1.call(CallTestCaseKeyword.groovy)&#xD;
	at com.kms.katalon.core.keyword.internal.KeywordMain.runKeyword(KeywordMain.groovy:68)&#xD;
	at com.kms.katalon.core.keyword.builtin.CallTestCaseKeyword.callTestCase(CallTestCaseKeyword.groovy:81)&#xD;
	at com.kms.katalon.core.keyword.builtin.CallTestCaseKeyword.execute(CallTestCaseKeyword.groovy:44)&#xD;
	at com.kms.katalon.core.keyword.internal.KeywordExecutor.executeKeywordForPlatform(KeywordExecutor.groovy:56)&#xD;
	at com.kms.katalon.core.keyword.BuiltinKeywords.callTestCase(BuiltinKeywords.groovy:334)&#xD;
	at Aspen.run(Aspen:25)&#xD;
	at com.kms.katalon.core.main.ScriptEngine.run(ScriptEngine.java:194)&#xD;
	at com.kms.katalon.core.main.ScriptEngine.runScriptAsRawText(ScriptEngine.java:119)&#xD;
	at com.kms.katalon.core.main.TestCaseExecutor.runScript(TestCaseExecutor.java:337)&#xD;
	at com.kms.katalon.core.main.TestCaseExecutor.doExecute(TestCaseExecutor.java:328)&#xD;
	at com.kms.katalon.core.main.TestCaseExecutor.processExecutionPhase(TestCaseExecutor.java:307)&#xD;
	at com.kms.katalon.core.main.TestCaseExecutor.accessMainPhase(TestCaseExecutor.java:299)&#xD;
	at com.kms.katalon.core.main.TestCaseExecutor.execute(TestCaseExecutor.java:233)&#xD;
	at com.kms.katalon.core.main.TestSuiteExecutor.accessTestCaseMainPhase(TestSuiteExecutor.java:133)&#xD;
	at com.kms.katalon.core.main.TestSuiteExecutor.accessTestSuiteMainPhase(TestSuiteExecutor.java:116)&#xD;
	at com.kms.katalon.core.main.TestSuiteExecutor.execute(TestSuiteExecutor.java:83)&#xD;
	at com.kms.katalon.core.main.TestCaseMain.startTestSuite(TestCaseMain.java:157)&#xD;
	at com.kms.katalon.core.main.TestCaseMain$startTestSuite$0.call(Unknown Source)&#xD;
	at TempTestSuite1575602667225.run(TempTestSuite1575602667225.groovy:35)&#xD;
Caused by: com.kms.katalon.core.exception.StepFailedException: Unable to scroll to object 'Object Repository/mobileSanity/STM/STM Quote Page/a_Show Plans'&#xD;
	at com.kms.katalon.core.webui.keyword.internal.WebUIKeywordMain.stepFailed(WebUIKeywordMain.groovy:64)&#xD;
	at com.kms.katalon.core.webui.keyword.internal.WebUIKeywordMain.runKeyword(WebUIKeywordMain.groovy:26)&#xD;
	at com.kms.katalon.core.webui.keyword.builtin.ScrollToElementKeyword.scrollToElement(ScrollToElementKeyword.groovy:88)&#xD;
	at com.kms.katalon.core.webui.keyword.builtin.ScrollToElementKeyword.execute(ScrollToElementKeyword.groovy:68)&#xD;
	at com.kms.katalon.core.keyword.internal.KeywordExecutor.executeKeywordForPlatform(KeywordExecutor.groovy:56)&#xD;
	at com.kms.katalon.core.webui.keyword.WebUiBuiltInKeywords.scrollToElement(WebUiBuiltInKeywords.groovy:2975)&#xD;
	at com.kms.katalon.core.webui.keyword.WebUiBuiltInKeywords$scrollToElement$8.call(Unknown Source)&#xD;
	at filter_stm.run(filter_stm:42)&#xD;
	at com.kms.katalon.core.main.ScriptEngine.run(ScriptEngine.java:194)&#xD;
	at com.kms.katalon.core.main.ScriptEngine.runScriptAsRawText(ScriptEngine.java:119)&#xD;
	at com.kms.katalon.core.main.TestCaseExecutor.runScript(TestCaseExecutor.java:337)&#xD;
	at com.kms.katalon.core.main.TestCaseExecutor.doExecute(TestCaseExecutor.java:328)&#xD;
	at com.kms.katalon.core.main.TestCaseExecutor.processExecutionPhase(TestCaseExecutor.java:307)&#xD;
	at com.kms.katalon.core.main.TestCaseExecutor.accessMainPhase(TestCaseExecutor.java:299)&#xD;
	at com.kms.katalon.core.main.TestCaseExecutor.execute(TestCaseExecutor.java:233)&#xD;
	at com.kms.katalon.core.main.TestCaseMain.runTestCase(TestCaseMain.java:114)&#xD;
	at com.kms.katalon.core.keyword.builtin.CallTestCaseKeyword$_callTestCase_closure1.doCall(CallTestCaseKeyword.groovy:59)&#xD;
	... 20 more&#xD;
Caused by: com.kms.katalon.core.webui.exception.WebElementNotFoundException: Web element with id: 'Object Repository/mobileSanity/STM/STM Quote Page/a_Show Plans' located by 'By.xpath: //main/div[3]/div/div[3]/a' not found&#xD;
	at com.kms.katalon.core.webui.common.WebUiCommonHelper.findWebElement(WebUiCommonHelper.java:1097)&#xD;
	at com.kms.katalon.core.webui.keyword.internal.WebUIAbstractKeyword.findWebElement(WebUIAbstractKeyword.groovy:27)&#xD;
	at com.kms.katalon.core.webui.keyword.internal.WebUIAbstractKeyword.findWebElement(WebUIAbstractKeyword.groovy:26)&#xD;
	at com.kms.katalon.core.webui.keyword.builtin.ScrollToElementKeyword$_scrollToElement_closure1.doCall(ScrollToElementKeyword.groovy:79)&#xD;
	at com.kms.katalon.core.webui.keyword.builtin.ScrollToElementKeyword$_scrollToElement_closure1.call(ScrollToElementKeyword.groovy)&#xD;
	at com.kms.katalon.core.webui.keyword.internal.WebUIKeywordMain.runKeyword(WebUIKeywordMain.groovy:20)&#xD;
	... 35 more&#xD;
)</system-out>
            <system-err>2019-12-06 11:37:38 - [TEST_CASE][FAILED] - Test Cases/AHI/stm/Aspen: Test Cases/AHI/stm/Aspen FAILED.
Reason:
com.kms.katalon.core.exception.StepFailedException: Call Test Case 'Test Cases/AHI/_include/filter_stm' failed&#xD;
	at com.kms.katalon.core.keyword.builtin.CallTestCaseKeyword$_callTestCase_closure1.doCall(CallTestCaseKeyword.groovy:63)&#xD;
	at com.kms.katalon.core.keyword.builtin.CallTestCaseKeyword$_callTestCase_closure1.call(CallTestCaseKeyword.groovy)&#xD;
	at com.kms.katalon.core.keyword.internal.KeywordMain.runKeyword(KeywordMain.groovy:68)&#xD;
	at com.kms.katalon.core.keyword.builtin.CallTestCaseKeyword.callTestCase(CallTestCaseKeyword.groovy:81)&#xD;
	at com.kms.katalon.core.keyword.builtin.CallTestCaseKeyword.execute(CallTestCaseKeyword.groovy:44)&#xD;
	at com.kms.katalon.core.keyword.internal.KeywordExecutor.executeKeywordForPlatform(KeywordExecutor.groovy:56)&#xD;
	at com.kms.katalon.core.keyword.BuiltinKeywords.callTestCase(BuiltinKeywords.groovy:334)&#xD;
	at Aspen.run(Aspen:25)&#xD;
	at com.kms.katalon.core.main.ScriptEngine.run(ScriptEngine.java:194)&#xD;
	at com.kms.katalon.core.main.ScriptEngine.runScriptAsRawText(ScriptEngine.java:119)&#xD;
	at com.kms.katalon.core.main.TestCaseExecutor.runScript(TestCaseExecutor.java:337)&#xD;
	at com.kms.katalon.core.main.TestCaseExecutor.doExecute(TestCaseExecutor.java:328)&#xD;
	at com.kms.katalon.core.main.TestCaseExecutor.processExecutionPhase(TestCaseExecutor.java:307)&#xD;
	at com.kms.katalon.core.main.TestCaseExecutor.accessMainPhase(TestCaseExecutor.java:299)&#xD;
	at com.kms.katalon.core.main.TestCaseExecutor.execute(TestCaseExecutor.java:233)&#xD;
	at com.kms.katalon.core.main.TestSuiteExecutor.accessTestCaseMainPhase(TestSuiteExecutor.java:133)&#xD;
	at com.kms.katalon.core.main.TestSuiteExecutor.accessTestSuiteMainPhase(TestSuiteExecutor.java:116)&#xD;
	at com.kms.katalon.core.main.TestSuiteExecutor.execute(TestSuiteExecutor.java:83)&#xD;
	at com.kms.katalon.core.main.TestCaseMain.startTestSuite(TestCaseMain.java:157)&#xD;
	at com.kms.katalon.core.main.TestCaseMain$startTestSuite$0.call(Unknown Source)&#xD;
	at TempTestSuite1575602667225.run(TempTestSuite1575602667225.groovy:35)&#xD;
Caused by: com.kms.katalon.core.exception.StepFailedException: Unable to scroll to object 'Object Repository/mobileSanity/STM/STM Quote Page/a_Show Plans'&#xD;
	at com.kms.katalon.core.webui.keyword.internal.WebUIKeywordMain.stepFailed(WebUIKeywordMain.groovy:64)&#xD;
	at com.kms.katalon.core.webui.keyword.internal.WebUIKeywordMain.runKeyword(WebUIKeywordMain.groovy:26)&#xD;
	at com.kms.katalon.core.webui.keyword.builtin.ScrollToElementKeyword.scrollToElement(ScrollToElementKeyword.groovy:88)&#xD;
	at com.kms.katalon.core.webui.keyword.builtin.ScrollToElementKeyword.execute(ScrollToElementKeyword.groovy:68)&#xD;
	at com.kms.katalon.core.keyword.internal.KeywordExecutor.executeKeywordForPlatform(KeywordExecutor.groovy:56)&#xD;
	at com.kms.katalon.core.webui.keyword.WebUiBuiltInKeywords.scrollToElement(WebUiBuiltInKeywords.groovy:2975)&#xD;
	at com.kms.katalon.core.webui.keyword.WebUiBuiltInKeywords$scrollToElement$8.call(Unknown Source)&#xD;
	at filter_stm.run(filter_stm:42)&#xD;
	at com.kms.katalon.core.main.ScriptEngine.run(ScriptEngine.java:194)&#xD;
	at com.kms.katalon.core.main.ScriptEngine.runScriptAsRawText(ScriptEngine.java:119)&#xD;
	at com.kms.katalon.core.main.TestCaseExecutor.runScript(TestCaseExecutor.java:337)&#xD;
	at com.kms.katalon.core.main.TestCaseExecutor.doExecute(TestCaseExecutor.java:328)&#xD;
	at com.kms.katalon.core.main.TestCaseExecutor.processExecutionPhase(TestCaseExecutor.java:307)&#xD;
	at com.kms.katalon.core.main.TestCaseExecutor.accessMainPhase(TestCaseExecutor.java:299)&#xD;
	at com.kms.katalon.core.main.TestCaseExecutor.execute(TestCaseExecutor.java:233)&#xD;
	at com.kms.katalon.core.main.TestCaseMain.runTestCase(TestCaseMain.java:114)&#xD;
	at com.kms.katalon.core.keyword.builtin.CallTestCaseKeyword$_callTestCase_closure1.doCall(CallTestCaseKeyword.groovy:59)&#xD;
	... 20 more&#xD;
Caused by: com.kms.katalon.core.webui.exception.WebElementNotFoundException: Web element with id: 'Object Repository/mobileSanity/STM/STM Quote Page/a_Show Plans' located by 'By.xpath: //main/div[3]/div/div[3]/a' not found&#xD;
	at com.kms.katalon.core.webui.common.WebUiCommonHelper.findWebElement(WebUiCommonHelper.java:1097)&#xD;
	at com.kms.katalon.core.webui.keyword.internal.WebUIAbstractKeyword.findWebElement(WebUIAbstractKeyword.groovy:27)&#xD;
	at com.kms.katalon.core.webui.keyword.internal.WebUIAbstractKeyword.findWebElement(WebUIAbstractKeyword.groovy:26)&#xD;
	at com.kms.katalon.core.webui.keyword.builtin.ScrollToElementKeyword$_scrollToElement_closure1.doCall(ScrollToElementKeyword.groovy:79)&#xD;
	at com.kms.katalon.core.webui.keyword.builtin.ScrollToElementKeyword$_scrollToElement_closure1.call(ScrollToElementKeyword.groovy)&#xD;
	at com.kms.katalon.core.webui.keyword.internal.WebUIKeywordMain.runKeyword(WebUIKeywordMain.groovy:20)&#xD;
	... 35 more</system-err>
        </testcase>
        <system-out>2019-12-06 11:24:35 - [TEST_SUITE][INCOMPLETE] - stm: null</system-out>
        <system-err>2019-12-06 11:24:35 - [TEST_SUITE][INCOMPLETE] - stm: null</system-err>
    </testsuite>
</testsuites>
