<?xml version="1.0" encoding="UTF-8" standalone="yes"?>
<testsuites name="stm" time="810" tests="6" failures="1" errors="0">
    <testsuite name="stm" tests="6" failures="1" errors="0" time="810" timestamp="2019-07-26 14:53:52" hostname="sofee.yu - windows10.microdone.cn" id="Test Suites/mobileWeb/stm">
        <properties>
            <property name="deviceName" value=""/>
            <property name="devicePlatform" value=""/>
            <property name="logFolder" value="D:\\Test\\AgileTest\\AgileTest\\Reports\\mobileWeb\\stm\\20190726_145349"/>
            <property name="logFiles" value="D:\\Test\\AgileTest\\AgileTest\\Reports\\mobileWeb\\stm\\20190726_145349\\execution0.log"/>
            <property name="attachments" value="D:\\Test\\AgileTest\\AgileTest\\Reports\\mobileWeb\\stm\\20190726_145349\\../Screenshots/iPhone X/stm/Salico/20190726_145354/0.png, D:\\Test\\AgileTest\\AgileTest\\Reports\\mobileWeb\\stm\\20190726_145349\\../Screenshots/iPhone X/stm/Salico/20190726_145354/1.png, D:\\Test\\AgileTest\\AgileTest\\Reports\\mobileWeb\\stm\\20190726_145349\\../Screenshots/iPhone X/stm/Salico/20190726_145354/2.png, D:\\Test\\AgileTest\\AgileTest\\Reports\\mobileWeb\\stm\\20190726_145349\\../Screenshots/iPhone X/stm/Salico/20190726_145354/3.png, D:\\Test\\AgileTest\\AgileTest\\Reports\\mobileWeb\\stm\\20190726_145349\\../Screenshots/iPhone X/stm/Salico/20190726_145354/4.png, D:\\Test\\AgileTest\\AgileTest\\Reports\\mobileWeb\\stm\\20190726_145349\\../Screenshots/iPhone X/stm/Salico/20190726_145354/5.png, D:\\Test\\AgileTest\\AgileTest\\Reports\\mobileWeb\\stm\\20190726_145349\\../Screenshots/iPhone X/stm/Salico/20190726_145354/6.png, D:\\Test\\AgileTest\\AgileTest\\Reports\\mobileWeb\\stm\\20190726_145349\\1564124087863.png, D:\\Test\\AgileTest\\AgileTest\\Reports\\mobileWeb\\stm\\20190726_145349\\../Screenshots/iPhone X/stm/Salico/20190726_145354/7.png, D:\\Test\\AgileTest\\AgileTest\\Reports\\mobileWeb\\stm\\20190726_145349\\../Screenshots/iPhone X/stm/Salico/20190726_145354/8.png, D:\\Test\\AgileTest\\AgileTest\\Reports\\mobileWeb\\stm\\20190726_145349\\../Screenshots/iPhone X/stm/Salico/20190726_145354/9.png, D:\\Test\\AgileTest\\AgileTest\\Reports\\mobileWeb\\stm\\20190726_145349\\../Screenshots/iPhone X/stm/Salico/20190726_145354/10.png, D:\\Test\\AgileTest\\AgileTest\\Reports\\mobileWeb\\stm\\20190726_145349\\../Screenshots/iPhone X/stm/AdvantHealth/20190726_145537/0.png, D:\\Test\\AgileTest\\AgileTest\\Reports\\mobileWeb\\stm\\20190726_145349\\../Screenshots/iPhone X/stm/AdvantHealth/20190726_145537/1.png, D:\\Test\\AgileTest\\AgileTest\\Reports\\mobileWeb\\stm\\20190726_145349\\../Screenshots/iPhone X/stm/AdvantHealth/20190726_145537/2.png, D:\\Test\\AgileTest\\AgileTest\\Reports\\mobileWeb\\stm\\20190726_145349\\../Screenshots/iPhone X/stm/AdvantHealth/20190726_145537/3.png, D:\\Test\\AgileTest\\AgileTest\\Reports\\mobileWeb\\stm\\20190726_145349\\../Screenshots/iPhone X/stm/AdvantHealth/20190726_145537/4.png, D:\\Test\\AgileTest\\AgileTest\\Reports\\mobileWeb\\stm\\20190726_145349\\../Screenshots/iPhone X/stm/AdvantHealth/20190726_145537/5.png, D:\\Test\\AgileTest\\AgileTest\\Reports\\mobileWeb\\stm\\20190726_145349\\../Screenshots/iPhone X/stm/AdvantHealth/20190726_145537/6.png, D:\\Test\\AgileTest\\AgileTest\\Reports\\mobileWeb\\stm\\20190726_145349\\../Screenshots/iPhone X/stm/AdvantHealth/20190726_145537/7.png, D:\\Test\\AgileTest\\AgileTest\\Reports\\mobileWeb\\stm\\20190726_145349\\../Screenshots/iPhone X/stm/AdvantHealth/20190726_145537/8.png, D:\\Test\\AgileTest\\AgileTest\\Reports\\mobileWeb\\stm\\20190726_145349\\../Screenshots/iPhone X/stm/AdvantHealth/20190726_145537/9.png, D:\\Test\\AgileTest\\AgileTest\\Reports\\mobileWeb\\stm\\20190726_145349\\../Screenshots/iPhone X/stm/AdvantHealth/20190726_145537/10.png, D:\\Test\\AgileTest\\AgileTest\\Reports\\mobileWeb\\stm\\20190726_145349\\../Screenshots/iPhone X/stm/AdvantHealth/20190726_145537/11.png, D:\\Test\\AgileTest\\AgileTest\\Reports\\mobileWeb\\stm\\20190726_145349\\../Screenshots/iPhone X/stm/Companion/20190726_145737/0.png, D:\\Test\\AgileTest\\AgileTest\\Reports\\mobileWeb\\stm\\20190726_145349\\../Screenshots/iPhone X/stm/Companion/20190726_145737/1.png, D:\\Test\\AgileTest\\AgileTest\\Reports\\mobileWeb\\stm\\20190726_145349\\../Screenshots/iPhone X/stm/Companion/20190726_145737/2.png, D:\\Test\\AgileTest\\AgileTest\\Reports\\mobileWeb\\stm\\20190726_145349\\../Screenshots/iPhone X/stm/Companion/20190726_145737/3.png, D:\\Test\\AgileTest\\AgileTest\\Reports\\mobileWeb\\stm\\20190726_145349\\../Screenshots/iPhone X/stm/Companion/20190726_145737/4.png, D:\\Test\\AgileTest\\AgileTest\\Reports\\mobileWeb\\stm\\20190726_145349\\../Screenshots/iPhone X/stm/Companion/20190726_145737/5.png, D:\\Test\\AgileTest\\AgileTest\\Reports\\mobileWeb\\stm\\20190726_145349\\../Screenshots/iPhone X/stm/Companion/20190726_145737/6.png, D:\\Test\\AgileTest\\AgileTest\\Reports\\mobileWeb\\stm\\20190726_145349\\1564124306327.png, D:\\Test\\AgileTest\\AgileTest\\Reports\\mobileWeb\\stm\\20190726_145349\\../Screenshots/iPhone X/stm/Companion/20190726_145737/7.png, D:\\Test\\AgileTest\\AgileTest\\Reports\\mobileWeb\\stm\\20190726_145349\\../Screenshots/iPhone X/stm/Companion/20190726_145737/8.png, D:\\Test\\AgileTest\\AgileTest\\Reports\\mobileWeb\\stm\\20190726_145349\\../Screenshots/iPhone X/stm/Companion/20190726_145737/9.png, D:\\Test\\AgileTest\\AgileTest\\Reports\\mobileWeb\\stm\\20190726_145349\\../Screenshots/iPhone X/stm/Companion/20190726_145737/10.png, D:\\Test\\AgileTest\\AgileTest\\Reports\\mobileWeb\\stm\\20190726_145349\\../Screenshots/iPhone X/stm/Everest/20190726_145926/0.png, D:\\Test\\AgileTest\\AgileTest\\Reports\\mobileWeb\\stm\\20190726_145349\\../Screenshots/iPhone X/stm/Everest/20190726_145926/1.png, D:\\Test\\AgileTest\\AgileTest\\Reports\\mobileWeb\\stm\\20190726_145349\\../Screenshots/iPhone X/stm/Everest/20190726_145926/2.png, D:\\Test\\AgileTest\\AgileTest\\Reports\\mobileWeb\\stm\\20190726_145349\\../Screenshots/iPhone X/stm/Everest/20190726_145926/3.png, D:\\Test\\AgileTest\\AgileTest\\Reports\\mobileWeb\\stm\\20190726_145349\\../Screenshots/iPhone X/stm/Everest/20190726_145926/4.png, D:\\Test\\AgileTest\\AgileTest\\Reports\\mobileWeb\\stm\\20190726_145349\\../Screenshots/iPhone X/stm/Everest/20190726_145926/5.png, D:\\Test\\AgileTest\\AgileTest\\Reports\\mobileWeb\\stm\\20190726_145349\\../Screenshots/iPhone X/stm/Everest/20190726_145926/6.png, D:\\Test\\AgileTest\\AgileTest\\Reports\\mobileWeb\\stm\\20190726_145349\\1564124420738.png, D:\\Test\\AgileTest\\AgileTest\\Reports\\mobileWeb\\stm\\20190726_145349\\../Screenshots/iPhone X/stm/Everest/20190726_145926/7.png, D:\\Test\\AgileTest\\AgileTest\\Reports\\mobileWeb\\stm\\20190726_145349\\../Screenshots/iPhone X/stm/Everest/20190726_145926/8.png, D:\\Test\\AgileTest\\AgileTest\\Reports\\mobileWeb\\stm\\20190726_145349\\../Screenshots/iPhone X/stm/Everest/20190726_145926/9.png, D:\\Test\\AgileTest\\AgileTest\\Reports\\mobileWeb\\stm\\20190726_145349\\../Screenshots/iPhone X/stm/Everest/20190726_145926/10.png, D:\\Test\\AgileTest\\AgileTest\\Reports\\mobileWeb\\stm\\20190726_145349\\../Screenshots/iPhone X/stm/Everest Prime/20190726_150119/0.png, D:\\Test\\AgileTest\\AgileTest\\Reports\\mobileWeb\\stm\\20190726_145349\\../Screenshots/iPhone X/stm/Everest Prime/20190726_150119/1.png, D:\\Test\\AgileTest\\AgileTest\\Reports\\mobileWeb\\stm\\20190726_145349\\../Screenshots/iPhone X/stm/Everest Prime/20190726_150119/2.png, D:\\Test\\AgileTest\\AgileTest\\Reports\\mobileWeb\\stm\\20190726_145349\\../Screenshots/iPhone X/stm/Everest Prime/20190726_150119/3.png, D:\\Test\\AgileTest\\AgileTest\\Reports\\mobileWeb\\stm\\20190726_145349\\../Screenshots/iPhone X/stm/Everest Prime/20190726_150119/4.png, D:\\Test\\AgileTest\\AgileTest\\Reports\\mobileWeb\\stm\\20190726_145349\\../Screenshots/iPhone X/stm/Everest Prime/20190726_150119/5.png, D:\\Test\\AgileTest\\AgileTest\\Reports\\mobileWeb\\stm\\20190726_145349\\../Screenshots/iPhone X/stm/Everest Prime/20190726_150119/6.png, D:\\Test\\AgileTest\\AgileTest\\Reports\\mobileWeb\\stm\\20190726_145349\\1564124530287.png, D:\\Test\\AgileTest\\AgileTest\\Reports\\mobileWeb\\stm\\20190726_145349\\../Screenshots/iPhone X/stm/Everest Prime/20190726_150119/7.png, D:\\Test\\AgileTest\\AgileTest\\Reports\\mobileWeb\\stm\\20190726_145349\\../Screenshots/iPhone X/stm/Everest Prime/20190726_150119/8.png, D:\\Test\\AgileTest\\AgileTest\\Reports\\mobileWeb\\stm\\20190726_145349\\../Screenshots/iPhone X/stm/Everest Prime/20190726_150119/9.png, D:\\Test\\AgileTest\\AgileTest\\Reports\\mobileWeb\\stm\\20190726_145349\\../Screenshots/iPhone X/stm/Everest Prime/20190726_150119/10.png, D:\\Test\\AgileTest\\AgileTest\\Reports\\mobileWeb\\stm\\20190726_145349\\../Screenshots/iPhone X/stm/LifeShield/20190726_150306/0.png, D:\\Test\\AgileTest\\AgileTest\\Reports\\mobileWeb\\stm\\20190726_145349\\../Screenshots/iPhone X/stm/LifeShield/20190726_150306/1.png, D:\\Test\\AgileTest\\AgileTest\\Reports\\mobileWeb\\stm\\20190726_145349\\../Screenshots/iPhone X/stm/LifeShield/20190726_150306/2.png, D:\\Test\\AgileTest\\AgileTest\\Reports\\mobileWeb\\stm\\20190726_145349\\../Screenshots/iPhone X/stm/LifeShield/20190726_150306/3.png, D:\\Test\\AgileTest\\AgileTest\\Reports\\mobileWeb\\stm\\20190726_145349\\../Screenshots/iPhone X/stm/LifeShield/20190726_150306/4.png, D:\\Test\\AgileTest\\AgileTest\\Reports\\mobileWeb\\stm\\20190726_145349\\../Screenshots/iPhone X/stm/LifeShield/20190726_150306/5.png, D:\\Test\\AgileTest\\AgileTest\\Reports\\mobileWeb\\stm\\20190726_145349\\../Screenshots/iPhone X/stm/LifeShield/20190726_150306/6.png, D:\\Test\\AgileTest\\AgileTest\\Reports\\mobileWeb\\stm\\20190726_145349\\1564124639622.png, D:\\Test\\AgileTest\\AgileTest\\Reports\\mobileWeb\\stm\\20190726_145349\\../Screenshots/iPhone X/stm/LifeShield/20190726_150306/7.png, D:\\Test\\AgileTest\\AgileTest\\Reports\\mobileWeb\\stm\\20190726_145349\\../Screenshots/iPhone X/stm/LifeShield/20190726_150306/8.png, D:\\Test\\AgileTest\\AgileTest\\Reports\\mobileWeb\\stm\\20190726_145349\\../Screenshots/iPhone X/stm/LifeShield/20190726_150306/9.png, D:\\Test\\AgileTest\\AgileTest\\Reports\\mobileWeb\\stm\\20190726_145349\\../Screenshots/iPhone X/stm/LifeShield/20190726_150306/10.png, D:\\Test\\AgileTest\\AgileTest\\Reports\\mobileWeb\\stm\\20190726_145349\\../Screenshots/iPhone X/stm/National General/20190726_150449/0.png, D:\\Test\\AgileTest\\AgileTest\\Reports\\mobileWeb\\stm\\20190726_145349\\../Screenshots/iPhone X/stm/National General/20190726_150449/1.png, D:\\Test\\AgileTest\\AgileTest\\Reports\\mobileWeb\\stm\\20190726_145349\\../Screenshots/iPhone X/stm/National General/20190726_150449/2.png, D:\\Test\\AgileTest\\AgileTest\\Reports\\mobileWeb\\stm\\20190726_145349\\../Screenshots/iPhone X/stm/National General/20190726_150449/3.png, D:\\Test\\AgileTest\\AgileTest\\Reports\\mobileWeb\\stm\\20190726_145349\\../Screenshots/iPhone X/stm/National General/20190726_150449/4.png, D:\\Test\\AgileTest\\AgileTest\\Reports\\mobileWeb\\stm\\20190726_145349\\../Screenshots/iPhone X/stm/National General/20190726_150449/5.png, D:\\Test\\AgileTest\\AgileTest\\Reports\\mobileWeb\\stm\\20190726_145349\\../Screenshots/iPhone X/stm/National General/20190726_150449/6.png, D:\\Test\\AgileTest\\AgileTest\\Reports\\mobileWeb\\stm\\20190726_145349\\../Screenshots/iPhone X/stm/National General/20190726_150449/7.png, D:\\Test\\AgileTest\\AgileTest\\Reports\\mobileWeb\\stm\\20190726_145349\\../Screenshots/iPhone X/stm/National General/20190726_150449/8.png, D:\\Test\\AgileTest\\AgileTest\\Reports\\mobileWeb\\stm\\20190726_145349\\../Screenshots/iPhone X/stm/National General/20190726_150449/9.png, D:\\Test\\AgileTest\\AgileTest\\Reports\\mobileWeb\\stm\\20190726_145349\\../Screenshots/iPhone X/stm/National General/20190726_150449/10.png, D:\\Test\\AgileTest\\AgileTest\\Reports\\mobileWeb\\stm\\20190726_145349\\../Screenshots/iPhone X/stm/National General/20190726_150449/11.png, D:\\Test\\AgileTest\\AgileTest\\Reports\\mobileWeb\\stm\\20190726_145349\\1564124840990.png, D:\\Test\\AgileTest\\AgileTest\\Reports\\mobileWeb\\stm\\20190726_145349\\1564124841722.png"/>
            <property name="hostName" value="sofee.yu - windows10.microdone.cn"/>
            <property name="os" value="Windows 7 64bit"/>
            <property name="katalonVersion" value="6.2.2.4"/>
            <property name="browser" value="Safari 11"/>
            <property name="hostAddress" value="172.16.86.47"/>
            <property name="sessionId" value="73bb77372033ce0af731339282a6b0ec"/>
            <property name="seleniumVersion" value="3.141.59"/>
            <property name="proxyInformation" value="ProxyInformation{proxyOption=NO_PROXY, proxyServerType=HTTP, password=, proxyServerAddress=, proxyServerPort=0}"/>
            <property name="platform" value="Windows 7"/>
        </properties>
        <testcase name="Test Cases/mobileWeb/stm/Slaico" classname="Test Cases/mobileWeb/stm/Slaico" status="PASSED">
            <system-out>2019-07-26 14:53:52 - [TEST_CASE][PASSED] - Test Cases/mobileWeb/stm/Slaico: Test Cases/mobileWeb/stm/Slaico&#xD;
&#xD;
2019-07-26 14:53:53 - [TEST_STEP][PASSED] - callTestCase(findTestCase("mobileWeb/_include/get_screenPath"), ["productLine":"stm", "carrierName":"Salico"], CONTINUE_ON_FAILURE): Call Test Case 'Test Cases/mobileWeb/_include/get_screenPath' successfully&#xD;
&#xD;
2019-07-26 14:53:53 - [TEST_CASE][PASSED] - Test Cases/mobileWeb/_include/get_screenPath: Test Cases/mobileWeb/_include/get_screenPath&#xD;
&#xD;
2019-07-26 14:53:54 - [TEST_STEP][PASSED] - m = getExecutionProperties(): null&#xD;
&#xD;
2019-07-26 14:53:54 - [TEST_STEP][PASSED] - deviceName = get("mobileEmulation").get("deviceName"): null&#xD;
&#xD;
2019-07-26 14:53:54 - [TEST_STEP][PASSED] - println(deviceName): null&#xD;
&#xD;
2019-07-26 14:53:54 - [TEST_STEP][PASSED] - now = new java.util.Date(): null&#xD;
&#xD;
2019-07-26 14:53:54 - [TEST_STEP][PASSED] - mydate = now.format("yyyyMMdd_HHmmss"): null&#xD;
&#xD;
2019-07-26 14:53:54 - [TEST_STEP][PASSED] - screenPath = "../Screenshots/": null&#xD;
&#xD;
2019-07-26 14:53:54 - [TEST_STEP][PASSED] - screenPath = screenPath + deviceName + "/" + productLine + "/" + carrierName + "/" + mydate + "/": null&#xD;
&#xD;
2019-07-26 14:53:54 - [TEST_STEP][PASSED] - println(screenPath): null&#xD;
&#xD;
2019-07-26 14:53:54 - [MESSAGE][PASSED] - Call Test Case 'Test Cases/mobileWeb/_include/get_screenPath' successfully&#xD;
&#xD;
2019-07-26 14:53:54 - [TEST_STEP][PASSED] - i = 0: null&#xD;
&#xD;
2019-07-26 14:53:54 - [TEST_STEP][PASSED] - callTestCase(findTestCase("mobileWeb/_include/openWebSite"), [:], STOP_ON_FAILURE): Call Test Case 'Test Cases/mobileWeb/_include/openWebSite' successfully&#xD;
&#xD;
2019-07-26 14:53:54 - [TEST_CASE][PASSED] - Test Cases/mobileWeb/_include/openWebSite: Test Cases/mobileWeb/_include/openWebSite&#xD;
&#xD;
2019-07-26 14:53:54 - [TEST_STEP][PASSED] - openBrowser(ENV): Browser is opened with url: 'https://praetemptatus.agilehealthinsurance.com'&#xD;
&#xD;
2019-07-26 14:53:55 - [MESSAGE][INFO] - Starting 'Chrome' driver&#xD;
&#xD;
2019-07-26 14:53:55 - [MESSAGE][INFO] - User set preference: ['mobileEmulation', '{deviceName=iPhone X}']&#xD;
&#xD;
2019-07-26 14:53:55 - [MESSAGE][INFO] - User set preference: ['args', '[--incognito, --aggressive-cache-discard, --no-sandbox, --window-size=375,812]']&#xD;
&#xD;
2019-07-26 14:53:55 - [MESSAGE][INFO] - Action delay is set to 0 seconds&#xD;
&#xD;
2019-07-26 14:54:02 - [MESSAGE][PASSED] - Browser is opened with url: 'https://praetemptatus.agilehealthinsurance.com'&#xD;
&#xD;
2019-07-26 14:54:02 - [TEST_STEP][PASSED] - waitForPageLoad(10): Wait for page load successfully&#xD;
&#xD;
2019-07-26 14:54:02 - [MESSAGE][PASSED] - Wait for page load successfully&#xD;
&#xD;
2019-07-26 14:54:02 - [TEST_STEP][PASSED] - callTestCase(findTestCase("mobileWeb/_include/get_screenshot"), [:], STOP_ON_FAILURE): Call Test Case 'Test Cases/mobileWeb/_include/get_screenshot' successfully&#xD;
&#xD;
2019-07-26 14:54:03 - [TEST_CASE][PASSED] - Test Cases/mobileWeb/_include/get_screenshot: Test Cases/mobileWeb/_include/get_screenshot&#xD;
&#xD;
2019-07-26 14:54:03 - [TEST_STEP][PASSED] - takeScreenshot(screenPath + i + ".png"): Taking screenshot successfully&#xD;
&#xD;
2019-07-26 14:54:04 - [MESSAGE][PASSED] - Taking screenshot successfully&#xD;
[[ATTACHMENT|D:\\Test\\AgileTest\\AgileTest\\Reports\\mobileWeb\\stm\\20190726_145349\\../Screenshots/iPhone X/stm/Salico/20190726_145354/0.png]]&#xD;
&#xD;
2019-07-26 14:54:04 - [TEST_STEP][PASSED] - (internal.GlobalVariable.i++): null&#xD;
&#xD;
2019-07-26 14:54:04 - [MESSAGE][PASSED] - Call Test Case 'Test Cases/mobileWeb/_include/get_screenshot' successfully&#xD;
&#xD;
2019-07-26 14:54:04 - [MESSAGE][PASSED] - Call Test Case 'Test Cases/mobileWeb/_include/openWebSite' successfully&#xD;
&#xD;
2019-07-26 14:54:04 - [TEST_STEP][PASSED] - callTestCase(findTestCase("mobileWeb/_include/census_stm"), ["zipcode":"60602"], STOP_ON_FAILURE): Call Test Case 'Test Cases/mobileWeb/_include/census_stm' successfully&#xD;
&#xD;
2019-07-26 14:54:04 - [TEST_CASE][PASSED] - Test Cases/mobileWeb/_include/census_stm: Test Cases/mobileWeb/_include/census_stm&#xD;
&#xD;
2019-07-26 14:54:05 - [TEST_STEP][PASSED] - waitForElementClickable(findTestObject("mobileSanity/STM/Home Page/a_Quote  Save Today"), 10): Object 'Object Repository/mobileSanity/STM/Home Page/a_Quote  Save Today' is clickable&#xD;
&#xD;
2019-07-26 14:54:05 - [MESSAGE][PASSED] - Object 'Object Repository/mobileSanity/STM/Home Page/a_Quote  Save Today' is clickable&#xD;
&#xD;
2019-07-26 14:54:05 - [TEST_STEP][PASSED] - click(findTestObject("mobileSanity/STM/Home Page/a_Quote  Save Today")): Object: 'Object Repository/mobileSanity/STM/Home Page/a_Quote  Save Today' is clicked on&#xD;
&#xD;
2019-07-26 14:54:07 - [MESSAGE][PASSED] - Object: 'Object Repository/mobileSanity/STM/Home Page/a_Quote  Save Today' is clicked on&#xD;
&#xD;
2019-07-26 14:54:07 - [TEST_STEP][PASSED] - waitForPageLoad(10): Wait for page load successfully&#xD;
&#xD;
2019-07-26 14:54:08 - [MESSAGE][PASSED] - Wait for page load successfully&#xD;
&#xD;
2019-07-26 14:54:08 - [TEST_STEP][PASSED] - callTestCase(findTestCase("mobileWeb/_include/get_screenshot"), [:], STOP_ON_FAILURE): Call Test Case 'Test Cases/mobileWeb/_include/get_screenshot' successfully&#xD;
&#xD;
2019-07-26 14:54:08 - [TEST_CASE][PASSED] - Test Cases/mobileWeb/_include/get_screenshot: Test Cases/mobileWeb/_include/get_screenshot&#xD;
&#xD;
2019-07-26 14:54:08 - [TEST_STEP][PASSED] - takeScreenshot(screenPath + i + ".png"): Taking screenshot successfully&#xD;
&#xD;
2019-07-26 14:54:09 - [MESSAGE][PASSED] - Taking screenshot successfully&#xD;
[[ATTACHMENT|D:\\Test\\AgileTest\\AgileTest\\Reports\\mobileWeb\\stm\\20190726_145349\\../Screenshots/iPhone X/stm/Salico/20190726_145354/1.png]]&#xD;
&#xD;
2019-07-26 14:54:09 - [TEST_STEP][PASSED] - (internal.GlobalVariable.i++): null&#xD;
&#xD;
2019-07-26 14:54:09 - [MESSAGE][PASSED] - Call Test Case 'Test Cases/mobileWeb/_include/get_screenshot' successfully&#xD;
&#xD;
2019-07-26 14:54:09 - [TEST_STEP][PASSED] - setText(findTestObject("mobileSanity/STM/STM Census Page/input_Location_zip-input"), zipcode): Text '60602' is set on object 'Object Repository/mobileSanity/STM/STM Census Page/input_Location_zip-input'&#xD;
&#xD;
2019-07-26 14:54:09 - [MESSAGE][PASSED] - Text '60602' is set on object 'Object Repository/mobileSanity/STM/STM Census Page/input_Location_zip-input'&#xD;
&#xD;
2019-07-26 14:54:09 - [TEST_STEP][PASSED] - Thread.sleep(500): null&#xD;
&#xD;
2019-07-26 14:54:09 - [TEST_STEP][PASSED] - setText(findTestObject("mobileSanity/STM/STM Census Page/input_Date of Birth_dob-0"), "03031987"): Text '03031987' is set on object 'Object Repository/mobileSanity/STM/STM Census Page/input_Date of Birth_dob-0'&#xD;
&#xD;
2019-07-26 14:54:10 - [MESSAGE][PASSED] - Text '03031987' is set on object 'Object Repository/mobileSanity/STM/STM Census Page/input_Date of Birth_dob-0'&#xD;
&#xD;
2019-07-26 14:54:10 - [TEST_STEP][PASSED] - click(findTestObject("mobileSanity/STM/STM Census Page/label_Male")): Object: 'Object Repository/mobileSanity/STM/STM Census Page/label_Male' is clicked on&#xD;
&#xD;
2019-07-26 14:54:10 - [MESSAGE][PASSED] - Object: 'Object Repository/mobileSanity/STM/STM Census Page/label_Male' is clicked on&#xD;
&#xD;
2019-07-26 14:54:10 - [TEST_STEP][PASSED] - click(findTestObject("mobileSanity/STM/STM Census Page/label_Compare Plans")): Object: 'Object Repository/mobileSanity/STM/STM Census Page/label_Compare Plans' is clicked on&#xD;
&#xD;
2019-07-26 14:54:10 - [MESSAGE][PASSED] - Object: 'Object Repository/mobileSanity/STM/STM Census Page/label_Compare Plans' is clicked on&#xD;
&#xD;
2019-07-26 14:54:10 - [TEST_STEP][PASSED] - waitForPageLoad(10): Wait for page load successfully&#xD;
&#xD;
2019-07-26 14:54:10 - [MESSAGE][PASSED] - Wait for page load successfully&#xD;
&#xD;
2019-07-26 14:54:10 - [TEST_STEP][PASSED] - Thread.sleep(3000): null&#xD;
&#xD;
2019-07-26 14:54:13 - [TEST_STEP][PASSED] - callTestCase(findTestCase("mobileWeb/_include/get_screenshot"), [:], STOP_ON_FAILURE): Call Test Case 'Test Cases/mobileWeb/_include/get_screenshot' successfully&#xD;
&#xD;
2019-07-26 14:54:13 - [TEST_CASE][PASSED] - Test Cases/mobileWeb/_include/get_screenshot: Test Cases/mobileWeb/_include/get_screenshot&#xD;
&#xD;
2019-07-26 14:54:13 - [TEST_STEP][PASSED] - takeScreenshot(screenPath + i + ".png"): Taking screenshot successfully&#xD;
&#xD;
2019-07-26 14:54:17 - [MESSAGE][PASSED] - Taking screenshot successfully&#xD;
[[ATTACHMENT|D:\\Test\\AgileTest\\AgileTest\\Reports\\mobileWeb\\stm\\20190726_145349\\../Screenshots/iPhone X/stm/Salico/20190726_145354/2.png]]&#xD;
&#xD;
2019-07-26 14:54:17 - [TEST_STEP][PASSED] - (internal.GlobalVariable.i++): null&#xD;
&#xD;
2019-07-26 14:54:17 - [MESSAGE][PASSED] - Call Test Case 'Test Cases/mobileWeb/_include/get_screenshot' successfully&#xD;
&#xD;
2019-07-26 14:54:17 - [TEST_STEP][PASSED] - Thread.sleep(1000): null&#xD;
&#xD;
2019-07-26 14:54:18 - [MESSAGE][PASSED] - Call Test Case 'Test Cases/mobileWeb/_include/census_stm' successfully&#xD;
&#xD;
2019-07-26 14:54:18 - [TEST_STEP][PASSED] - callTestCase(findTestCase("mobileWeb/_include/filter_stm"), ["carrier":"slaico"], STOP_ON_FAILURE): Call Test Case 'Test Cases/mobileWeb/_include/filter_stm' successfully&#xD;
&#xD;
2019-07-26 14:54:18 - [TEST_CASE][PASSED] - Test Cases/mobileWeb/_include/filter_stm: Test Cases/mobileWeb/_include/filter_stm&#xD;
&#xD;
2019-07-26 14:54:18 - [TEST_STEP][PASSED] - driver = getWebDriver(): null&#xD;
&#xD;
2019-07-26 14:54:18 - [TEST_STEP][PASSED] - selenium = new com.thoughtworks.selenium.webdriven.WebDriverBackedSelenium(driver, internal.GlobalVariable.ENV): null&#xD;
&#xD;
2019-07-26 14:54:18 - [TEST_STEP][PASSED] - Thread.sleep(1000): null&#xD;
&#xD;
2019-07-26 14:54:19 - [TEST_STEP][PASSED] - click(findTestObject("mobileSanity/STM/STM Quote Page/button_filters")): Object: 'Object Repository/mobileSanity/STM/STM Quote Page/button_filters' is clicked on&#xD;
&#xD;
2019-07-26 14:54:20 - [MESSAGE][PASSED] - Object: 'Object Repository/mobileSanity/STM/STM Quote Page/button_filters' is clicked on&#xD;
&#xD;
2019-07-26 14:54:20 - [TEST_STEP][PASSED] - Thread.sleep(1000): null&#xD;
&#xD;
2019-07-26 14:54:21 - [TEST_STEP][PASSED] - click(findTestObject("mobileSanity/STM/STM Quote Page/i_Insurance company")): Object: 'Object Repository/mobileSanity/STM/STM Quote Page/i_Insurance company' is clicked on&#xD;
&#xD;
2019-07-26 14:54:21 - [MESSAGE][PASSED] - Object: 'Object Repository/mobileSanity/STM/STM Quote Page/i_Insurance company' is clicked on&#xD;
&#xD;
2019-07-26 14:54:21 - [TEST_STEP][PASSED] - Thread.sleep(1000): null&#xD;
&#xD;
2019-07-26 14:54:22 - [TEST_STEP][PASSED] - filter_carrier = "//input[@name='filter[carrier]' and @value='" + carrier + "']/following::label": null&#xD;
&#xD;
2019-07-26 14:54:22 - [TEST_STEP][PASSED] - println(filter_carrier): null&#xD;
&#xD;
2019-07-26 14:54:22 - [TEST_STEP][PASSED] - test.MobileKeywords.clickJS_ByXpath(filter_carrier): test.MobileKeywords.clickJS_ByXpath is PASSED&#xD;
&#xD;
2019-07-26 14:54:22 - [MESSAGE][PASSED] - Execute JavaScript 'arguments[0].click()' successfully&#xD;
&#xD;
2019-07-26 14:54:22 - [MESSAGE][PASSED] - test.MobileKeywords.clickJS_ByXpath is PASSED&#xD;
&#xD;
2019-07-26 14:54:22 - [TEST_STEP][PASSED] - Thread.sleep(1000): null&#xD;
&#xD;
2019-07-26 14:54:23 - [TEST_STEP][PASSED] - scrollToElement(findTestObject("mobileSanity/STM/STM Quote Page/a_Show Plans"), 1000): Scroll to object 'Object Repository/mobileSanity/STM/STM Quote Page/a_Show Plans' successfully&#xD;
&#xD;
2019-07-26 14:54:23 - [MESSAGE][PASSED] - Scroll to object 'Object Repository/mobileSanity/STM/STM Quote Page/a_Show Plans' successfully&#xD;
&#xD;
2019-07-26 14:54:23 - [TEST_STEP][PASSED] - click(findTestObject("mobileSanity/STM/STM Quote Page/a_Show Plans")): Object: 'Object Repository/mobileSanity/STM/STM Quote Page/a_Show Plans' is clicked on&#xD;
&#xD;
2019-07-26 14:54:24 - [MESSAGE][PASSED] - Object: 'Object Repository/mobileSanity/STM/STM Quote Page/a_Show Plans' is clicked on&#xD;
&#xD;
2019-07-26 14:54:24 - [TEST_STEP][PASSED] - waitForJQueryLoad(10, STOP_ON_FAILURE): jQuery is ready.&#xD;
&#xD;
2019-07-26 14:54:24 - [MESSAGE][PASSED] - jQuery is ready.&#xD;
&#xD;
2019-07-26 14:54:24 - [TEST_STEP][PASSED] - Thread.sleep(2000): null&#xD;
&#xD;
2019-07-26 14:54:26 - [TEST_STEP][PASSED] - callTestCase(findTestCase("mobileWeb/_include/get_screenshot"), [:], STOP_ON_FAILURE): Call Test Case 'Test Cases/mobileWeb/_include/get_screenshot' successfully&#xD;
&#xD;
2019-07-26 14:54:26 - [TEST_CASE][PASSED] - Test Cases/mobileWeb/_include/get_screenshot: Test Cases/mobileWeb/_include/get_screenshot&#xD;
&#xD;
2019-07-26 14:54:26 - [TEST_STEP][PASSED] - takeScreenshot(screenPath + i + ".png"): Taking screenshot successfully&#xD;
&#xD;
2019-07-26 14:54:27 - [MESSAGE][PASSED] - Taking screenshot successfully&#xD;
[[ATTACHMENT|D:\\Test\\AgileTest\\AgileTest\\Reports\\mobileWeb\\stm\\20190726_145349\\../Screenshots/iPhone X/stm/Salico/20190726_145354/3.png]]&#xD;
&#xD;
2019-07-26 14:54:27 - [TEST_STEP][PASSED] - (internal.GlobalVariable.i++): null&#xD;
&#xD;
2019-07-26 14:54:27 - [MESSAGE][PASSED] - Call Test Case 'Test Cases/mobileWeb/_include/get_screenshot' successfully&#xD;
&#xD;
2019-07-26 14:54:27 - [MESSAGE][PASSED] - Call Test Case 'Test Cases/mobileWeb/_include/filter_stm' successfully&#xD;
&#xD;
2019-07-26 14:54:27 - [TEST_STEP][PASSED] - callTestCase(findTestCase("mobileWeb/_include/goToDetail_stm"), ["carrier":"slaico"], STOP_ON_FAILURE): Call Test Case 'Test Cases/mobileWeb/_include/goToDetail_stm' successfully&#xD;
&#xD;
2019-07-26 14:54:27 - [TEST_CASE][PASSED] - Test Cases/mobileWeb/_include/goToDetail_stm: Test Cases/mobileWeb/_include/goToDetail_stm&#xD;
&#xD;
2019-07-26 14:54:27 - [TEST_STEP][PASSED] - driver = getWebDriver(): null&#xD;
&#xD;
2019-07-26 14:54:27 - [TEST_STEP][PASSED] - selenium = new com.thoughtworks.selenium.webdriven.WebDriverBackedSelenium(driver, internal.GlobalVariable.ENV): null&#xD;
&#xD;
2019-07-26 14:54:27 - [TEST_STEP][PASSED] - a_plan_name = "xpath=//a[contains(@href,'/term-health-insurance/plan/" + carrier + "')]": null&#xD;
&#xD;
2019-07-26 14:54:27 - [TEST_STEP][PASSED] - println(a_plan_name): null&#xD;
&#xD;
2019-07-26 14:54:27 - [TEST_STEP][PASSED] - selenium.click(a_plan_name): null&#xD;
&#xD;
2019-07-26 14:54:32 - [TEST_STEP][PASSED] - waitForPageLoad(10): Wait for page load successfully&#xD;
&#xD;
2019-07-26 14:54:32 - [MESSAGE][PASSED] - Wait for page load successfully&#xD;
&#xD;
2019-07-26 14:54:32 - [TEST_STEP][PASSED] - Thread.sleep(2000): null&#xD;
&#xD;
2019-07-26 14:54:34 - [TEST_STEP][PASSED] - callTestCase(findTestCase("mobileWeb/_include/get_screenshot"), [:], STOP_ON_FAILURE): Call Test Case 'Test Cases/mobileWeb/_include/get_screenshot' successfully&#xD;
&#xD;
2019-07-26 14:54:34 - [TEST_CASE][PASSED] - Test Cases/mobileWeb/_include/get_screenshot: Test Cases/mobileWeb/_include/get_screenshot&#xD;
&#xD;
2019-07-26 14:54:34 - [TEST_STEP][PASSED] - takeScreenshot(screenPath + i + ".png"): Taking screenshot successfully&#xD;
&#xD;
2019-07-26 14:54:35 - [MESSAGE][PASSED] - Taking screenshot successfully&#xD;
[[ATTACHMENT|D:\\Test\\AgileTest\\AgileTest\\Reports\\mobileWeb\\stm\\20190726_145349\\../Screenshots/iPhone X/stm/Salico/20190726_145354/4.png]]&#xD;
&#xD;
2019-07-26 14:54:35 - [TEST_STEP][PASSED] - (internal.GlobalVariable.i++): null&#xD;
&#xD;
2019-07-26 14:54:35 - [MESSAGE][PASSED] - Call Test Case 'Test Cases/mobileWeb/_include/get_screenshot' successfully&#xD;
&#xD;
2019-07-26 14:54:35 - [MESSAGE][PASSED] - Call Test Case 'Test Cases/mobileWeb/_include/goToDetail_stm' successfully&#xD;
&#xD;
2019-07-26 14:54:35 - [TEST_STEP][PASSED] - callTestCase(findTestCase("mobileWeb/_include/apply_stm"), [:], STOP_ON_FAILURE): Call Test Case 'Test Cases/mobileWeb/_include/apply_stm' successfully&#xD;
&#xD;
2019-07-26 14:54:35 - [TEST_CASE][PASSED] - Test Cases/mobileWeb/_include/apply_stm: Test Cases/mobileWeb/_include/apply_stm&#xD;
&#xD;
2019-07-26 14:54:35 - [TEST_STEP][PASSED] - waitForElementVisible(findTestObject("mobileSanity/STM/STM PlanDetail Page/a_Apply for This Plan"), 5): Object 'Object Repository/mobileSanity/STM/STM PlanDetail Page/a_Apply for This Plan' is visible&#xD;
&#xD;
2019-07-26 14:54:35 - [MESSAGE][PASSED] - Object 'Object Repository/mobileSanity/STM/STM PlanDetail Page/a_Apply for This Plan' is visible&#xD;
&#xD;
2019-07-26 14:54:35 - [TEST_STEP][PASSED] - click(findTestObject("mobileSanity/STM/STM PlanDetail Page/a_Apply for This Plan")): Object: 'Object Repository/mobileSanity/STM/STM PlanDetail Page/a_Apply for This Plan' is clicked on&#xD;
&#xD;
2019-07-26 14:54:37 - [MESSAGE][PASSED] - Object: 'Object Repository/mobileSanity/STM/STM PlanDetail Page/a_Apply for This Plan' is clicked on&#xD;
&#xD;
2019-07-26 14:54:37 - [TEST_STEP][PASSED] - waitForPageLoad(10): Wait for page load successfully&#xD;
&#xD;
2019-07-26 14:54:37 - [MESSAGE][PASSED] - Wait for page load successfully&#xD;
&#xD;
2019-07-26 14:54:37 - [TEST_STEP][PASSED] - Thread.sleep(2000): null&#xD;
&#xD;
2019-07-26 14:54:39 - [TEST_STEP][PASSED] - callTestCase(findTestCase("mobileWeb/_include/get_screenshot"), [:], STOP_ON_FAILURE): Call Test Case 'Test Cases/mobileWeb/_include/get_screenshot' successfully&#xD;
&#xD;
2019-07-26 14:54:39 - [TEST_CASE][PASSED] - Test Cases/mobileWeb/_include/get_screenshot: Test Cases/mobileWeb/_include/get_screenshot&#xD;
&#xD;
2019-07-26 14:54:39 - [TEST_STEP][PASSED] - takeScreenshot(screenPath + i + ".png"): Taking screenshot successfully&#xD;
&#xD;
2019-07-26 14:54:40 - [MESSAGE][PASSED] - Taking screenshot successfully&#xD;
[[ATTACHMENT|D:\\Test\\AgileTest\\AgileTest\\Reports\\mobileWeb\\stm\\20190726_145349\\../Screenshots/iPhone X/stm/Salico/20190726_145354/5.png]]&#xD;
&#xD;
2019-07-26 14:54:40 - [TEST_STEP][PASSED] - (internal.GlobalVariable.i++): null&#xD;
&#xD;
2019-07-26 14:54:40 - [MESSAGE][PASSED] - Call Test Case 'Test Cases/mobileWeb/_include/get_screenshot' successfully&#xD;
&#xD;
2019-07-26 14:54:40 - [TEST_STEP][PASSED] - waitForElementVisible(findTestObject("mobileSanity/STM/STM Apply Page/a_Start Secure Application"), 5): Object 'Object Repository/mobileSanity/STM/STM Apply Page/a_Start Secure Application' is visible&#xD;
&#xD;
2019-07-26 14:54:40 - [MESSAGE][PASSED] - Object 'Object Repository/mobileSanity/STM/STM Apply Page/a_Start Secure Application' is visible&#xD;
&#xD;
2019-07-26 14:54:40 - [TEST_STEP][PASSED] - click(findTestObject("mobileSanity/STM/STM Apply Page/a_Start Secure Application")): Object: 'Object Repository/mobileSanity/STM/STM Apply Page/a_Start Secure Application' is clicked on&#xD;
&#xD;
2019-07-26 14:54:42 - [MESSAGE][PASSED] - Object: 'Object Repository/mobileSanity/STM/STM Apply Page/a_Start Secure Application' is clicked on&#xD;
&#xD;
2019-07-26 14:54:42 - [TEST_STEP][PASSED] - waitForPageLoad(10): Wait for page load successfully&#xD;
&#xD;
2019-07-26 14:54:43 - [MESSAGE][PASSED] - Wait for page load successfully&#xD;
&#xD;
2019-07-26 14:54:43 - [TEST_STEP][PASSED] - Thread.sleep(2000): null&#xD;
&#xD;
2019-07-26 14:54:45 - [TEST_STEP][PASSED] - callTestCase(findTestCase("mobileWeb/_include/get_screenshot"), [:], STOP_ON_FAILURE): Call Test Case 'Test Cases/mobileWeb/_include/get_screenshot' successfully&#xD;
&#xD;
2019-07-26 14:54:45 - [TEST_CASE][PASSED] - Test Cases/mobileWeb/_include/get_screenshot: Test Cases/mobileWeb/_include/get_screenshot&#xD;
&#xD;
2019-07-26 14:54:45 - [TEST_STEP][PASSED] - takeScreenshot(screenPath + i + ".png"): Taking screenshot successfully&#xD;
&#xD;
2019-07-26 14:54:46 - [MESSAGE][PASSED] - Taking screenshot successfully&#xD;
[[ATTACHMENT|D:\\Test\\AgileTest\\AgileTest\\Reports\\mobileWeb\\stm\\20190726_145349\\../Screenshots/iPhone X/stm/Salico/20190726_145354/6.png]]&#xD;
&#xD;
2019-07-26 14:54:46 - [TEST_STEP][PASSED] - (internal.GlobalVariable.i++): null&#xD;
&#xD;
2019-07-26 14:54:46 - [MESSAGE][PASSED] - Call Test Case 'Test Cases/mobileWeb/_include/get_screenshot' successfully&#xD;
&#xD;
2019-07-26 14:54:46 - [MESSAGE][PASSED] - Call Test Case 'Test Cases/mobileWeb/_include/apply_stm' successfully&#xD;
&#xD;
2019-07-26 14:54:46 - [TEST_STEP][PASSED] - callTestCase(findTestCase("mobileWeb/_include/goToEnd_stm_autofill"), [:], STOP_ON_FAILURE): Call Test Case 'Test Cases/mobileWeb/_include/goToEnd_stm_autofill' successfully&#xD;
&#xD;
2019-07-26 14:54:46 - [TEST_CASE][PASSED] - Test Cases/mobileWeb/_include/goToEnd_stm_autofill: Test Cases/mobileWeb/_include/goToEnd_stm_autofill&#xD;
&#xD;
2019-07-26 14:54:46 - [TEST_STEP][PASSED] - callTestCase(findTestCase("mobileWeb/_include/name"), [:], CONTINUE_ON_FAILURE): Call Test Case 'Test Cases/mobileWeb/_include/name' successfully&#xD;
&#xD;
2019-07-26 14:54:46 - [TEST_CASE][PASSED] - Test Cases/mobileWeb/_include/name: Test Cases/mobileWeb/_include/name&#xD;
&#xD;
2019-07-26 14:54:47 - [TEST_STEP][PASSED] - driver = getWebDriver(): null&#xD;
&#xD;
2019-07-26 14:54:47 - [TEST_STEP][PASSED] - selenium = new com.thoughtworks.selenium.webdriven.WebDriverBackedSelenium(driver, internal.GlobalVariable.ENV): null&#xD;
&#xD;
2019-07-26 14:54:47 - [TEST_STEP][PASSED] - FirstName = "Test-123": null&#xD;
&#xD;
2019-07-26 14:54:47 - [TEST_STEP][PASSED] - LastName = selenium.getEval("{var x="ABCDEFGHIJKLMNOPQRSTUVWXYZabcdefghijklmnopqrstuvwxyz"; var tmp="ZZ11-"; for (i=0;i&lt;8;i++) tmp+=x.charAt(Math.ceil(51*Math.random()));tmp;}"): null&#xD;
&#xD;
2019-07-26 14:54:47 - [TEST_STEP][PASSED] - Address = selenium.getEval("{var x="ABCDEFGHIJKLMNOPQRSTUVWXYZabcdefghijklmnopqrstuvwxyz"; var tmp=""; for (i=0;i&lt;8;i++) tmp+=x.charAt(Math.ceil(51*Math.random()));tmp;}"): null&#xD;
&#xD;
2019-07-26 14:54:47 - [TEST_STEP][PASSED] - City = selenium.getEval("{var x="ABCDEFGHIJKLMNOPQRSTUVWXYZabcdefghijklmnopqrstuvwxyz"; var tmp=""; for (i=0;i&lt;8;i++) tmp+=x.charAt(Math.ceil(51*Math.random()));tmp;}"): null&#xD;
&#xD;
2019-07-26 14:54:47 - [TEST_STEP][PASSED] - tel1 = selenium.getEval("{var x="123456789"; var tmp=""; for (i=0;i&lt;3;i++) tmp+=x.charAt(Math.ceil(8*Math.random()));tmp;}"): null&#xD;
&#xD;
2019-07-26 14:54:47 - [TEST_STEP][PASSED] - tel2 = selenium.getEval("{var x="123456789"; var tmp=""; for (i=0;i&lt;3;i++) tmp+=x.charAt(Math.ceil(8*Math.random()));tmp;}"): null&#xD;
&#xD;
2019-07-26 14:54:47 - [TEST_STEP][PASSED] - tel3 = selenium.getEval("{var x="123456789"; var tmp=""; for (i=0;i&lt;4;i++) tmp+=x.charAt(Math.ceil(8*Math.random()));tmp;}"): null&#xD;
&#xD;
2019-07-26 14:54:47 - [TEST_STEP][PASSED] - Tel = selenium.getExpression(tel1 + "-" + tel2 + "-" + tel3): null&#xD;
&#xD;
2019-07-26 14:54:47 - [TEST_STEP][PASSED] - AutoEmail = selenium.getEval("{var x="ABCDEFGHIJKLMNOPQRSTUVWXYZabcdefghijklmnopqrstuvwxyz"; var tmp="test."; for (i=0;i&lt;8;i++) tmp+=x.charAt(Math.ceil(51*Math.random()));tmp+="@suryani.cn";}"): null&#xD;
&#xD;
2019-07-26 14:54:47 - [TEST_STEP][PASSED] - FirstName = FirstName: null&#xD;
&#xD;
2019-07-26 14:54:47 - [TEST_STEP][PASSED] - LastName = LastName: null&#xD;
&#xD;
2019-07-26 14:54:47 - [TEST_STEP][PASSED] - Address = Address: null&#xD;
&#xD;
2019-07-26 14:54:47 - [TEST_STEP][PASSED] - City = City: null&#xD;
&#xD;
2019-07-26 14:54:47 - [TEST_STEP][PASSED] - Tel = Tel: null&#xD;
&#xD;
2019-07-26 14:54:47 - [TEST_STEP][PASSED] - AutoEmail = AutoEmail: null&#xD;
&#xD;
2019-07-26 14:54:47 - [TEST_STEP][PASSED] - println(FirstName): null&#xD;
&#xD;
2019-07-26 14:54:47 - [TEST_STEP][PASSED] - println(LastName): null&#xD;
&#xD;
2019-07-26 14:54:47 - [TEST_STEP][PASSED] - println(Address): null&#xD;
&#xD;
2019-07-26 14:54:47 - [TEST_STEP][PASSED] - println(City): null&#xD;
&#xD;
2019-07-26 14:54:47 - [TEST_STEP][PASSED] - println(Tel): null&#xD;
&#xD;
2019-07-26 14:54:47 - [TEST_STEP][PASSED] - println(AutoEmail): null&#xD;
&#xD;
2019-07-26 14:54:47 - [MESSAGE][PASSED] - Call Test Case 'Test Cases/mobileWeb/_include/name' successfully&#xD;
&#xD;
2019-07-26 14:54:47 - [TEST_STEP][FAILED] - try: Unable to verify text 'Month Duration Acknowledgement' is present  (Root cause: com.kms.katalon.core.exception.StepFailedException: Unable to verify text 'Month Duration Acknowledgement' is present &#xD;
	at com.kms.katalon.core.webui.keyword.internal.WebUIKeywordMain.stepFailed(WebUIKeywordMain.groovy:64)&#xD;
	at com.kms.katalon.core.webui.keyword.internal.WebUIKeywordMain.runKeyword(WebUIKeywordMain.groovy:26)&#xD;
	at com.kms.katalon.core.webui.keyword.builtin.VerifyTextPresentKeyword.verifyTextPresent(VerifyTextPresentKeyword.groovy:83)&#xD;
	at com.kms.katalon.core.webui.keyword.builtin.VerifyTextPresentKeyword.execute(VerifyTextPresentKeyword.groovy:68)&#xD;
	at com.kms.katalon.core.keyword.internal.KeywordExecutor.executeKeywordForPlatform(KeywordExecutor.groovy:56)&#xD;
	at com.kms.katalon.core.webui.keyword.WebUiBuiltInKeywords.verifyTextPresent(WebUiBuiltInKeywords.groovy:1693)&#xD;
	at com.kms.katalon.core.webui.keyword.WebUiBuiltInKeywords$verifyTextPresent$9.call(Unknown Source)&#xD;
	at goToEnd_stm_autofill.run(goToEnd_stm_autofill:19)&#xD;
	at com.kms.katalon.core.main.ScriptEngine.run(ScriptEngine.java:194)&#xD;
	at com.kms.katalon.core.main.ScriptEngine.runScriptAsRawText(ScriptEngine.java:119)&#xD;
	at com.kms.katalon.core.main.TestCaseExecutor.runScript(TestCaseExecutor.java:337)&#xD;
	at com.kms.katalon.core.main.TestCaseExecutor.doExecute(TestCaseExecutor.java:328)&#xD;
	at com.kms.katalon.core.main.TestCaseExecutor.processExecutionPhase(TestCaseExecutor.java:307)&#xD;
	at com.kms.katalon.core.main.TestCaseExecutor.accessMainPhase(TestCaseExecutor.java:299)&#xD;
	at com.kms.katalon.core.main.TestCaseExecutor.execute(TestCaseExecutor.java:233)&#xD;
	at com.kms.katalon.core.main.TestCaseMain.runTestCase(TestCaseMain.java:114)&#xD;
	at com.kms.katalon.core.keyword.builtin.CallTestCaseKeyword$_callTestCase_closure1.doCall(CallTestCaseKeyword.groovy:59)&#xD;
	at com.kms.katalon.core.keyword.builtin.CallTestCaseKeyword$_callTestCase_closure1.call(CallTestCaseKeyword.groovy)&#xD;
	at com.kms.katalon.core.keyword.internal.KeywordMain.runKeyword(KeywordMain.groovy:68)&#xD;
	at com.kms.katalon.core.keyword.builtin.CallTestCaseKeyword.callTestCase(CallTestCaseKeyword.groovy:81)&#xD;
	at com.kms.katalon.core.keyword.builtin.CallTestCaseKeyword.execute(CallTestCaseKeyword.groovy:44)&#xD;
	at com.kms.katalon.core.keyword.internal.KeywordExecutor.executeKeywordForPlatform(KeywordExecutor.groovy:56)&#xD;
	at com.kms.katalon.core.keyword.BuiltinKeywords.callTestCase(BuiltinKeywords.groovy:334)&#xD;
	at Slaico.run(Slaico:32)&#xD;
	at com.kms.katalon.core.main.ScriptEngine.run(ScriptEngine.java:194)&#xD;
	at com.kms.katalon.core.main.ScriptEngine.runScriptAsRawText(ScriptEngine.java:119)&#xD;
	at com.kms.katalon.core.main.TestCaseExecutor.runScript(TestCaseExecutor.java:337)&#xD;
	at com.kms.katalon.core.main.TestCaseExecutor.doExecute(TestCaseExecutor.java:328)&#xD;
	at com.kms.katalon.core.main.TestCaseExecutor.processExecutionPhase(TestCaseExecutor.java:307)&#xD;
	at com.kms.katalon.core.main.TestCaseExecutor.accessMainPhase(TestCaseExecutor.java:299)&#xD;
	at com.kms.katalon.core.main.TestCaseExecutor.execute(TestCaseExecutor.java:233)&#xD;
	at com.kms.katalon.core.main.TestSuiteExecutor.accessTestCaseMainPhase(TestSuiteExecutor.java:133)&#xD;
	at com.kms.katalon.core.main.TestSuiteExecutor.accessTestSuiteMainPhase(TestSuiteExecutor.java:116)&#xD;
	at com.kms.katalon.core.main.TestSuiteExecutor.execute(TestSuiteExecutor.java:83)&#xD;
	at com.kms.katalon.core.main.TestCaseMain.startTestSuite(TestCaseMain.java:157)&#xD;
	at com.kms.katalon.core.main.TestCaseMain$startTestSuite$0.call(Unknown Source)&#xD;
	at TempTestSuite1564124029030.run(TempTestSuite1564124029030.groovy:35)&#xD;
Caused by: com.kms.katalon.core.exception.StepFailedException: Text 'Month Duration Acknowledgement' is not present on page &#xD;
	at com.kms.katalon.core.webui.keyword.internal.WebUIKeywordMain.stepFailed(WebUIKeywordMain.groovy:64)&#xD;
	at com.kms.katalon.core.webui.keyword.builtin.VerifyTextPresentKeyword$_verifyTextPresent_closure1.doCall(VerifyTextPresentKeyword.groovy:79)&#xD;
	at com.kms.katalon.core.webui.keyword.builtin.VerifyTextPresentKeyword$_verifyTextPresent_closure1.call(VerifyTextPresentKeyword.groovy)&#xD;
	at com.kms.katalon.core.webui.keyword.internal.WebUIKeywordMain.runKeyword(WebUIKeywordMain.groovy:20)&#xD;
	... 35 more&#xD;
)&#xD;
&#xD;
2019-07-26 14:54:47 - [TEST_STEP][FAILED] - if (verifyTextPresent("Month Duration Acknowledgement", false)): Unable to verify text 'Month Duration Acknowledgement' is present  (Root cause: com.kms.katalon.core.exception.StepFailedException: Unable to verify text 'Month Duration Acknowledgement' is present &#xD;
	at com.kms.katalon.core.webui.keyword.internal.WebUIKeywordMain.stepFailed(WebUIKeywordMain.groovy:64)&#xD;
	at com.kms.katalon.core.webui.keyword.internal.WebUIKeywordMain.runKeyword(WebUIKeywordMain.groovy:26)&#xD;
	at com.kms.katalon.core.webui.keyword.builtin.VerifyTextPresentKeyword.verifyTextPresent(VerifyTextPresentKeyword.groovy:83)&#xD;
	at com.kms.katalon.core.webui.keyword.builtin.VerifyTextPresentKeyword.execute(VerifyTextPresentKeyword.groovy:68)&#xD;
	at com.kms.katalon.core.keyword.internal.KeywordExecutor.executeKeywordForPlatform(KeywordExecutor.groovy:56)&#xD;
	at com.kms.katalon.core.webui.keyword.WebUiBuiltInKeywords.verifyTextPresent(WebUiBuiltInKeywords.groovy:1693)&#xD;
	at com.kms.katalon.core.webui.keyword.WebUiBuiltInKeywords$verifyTextPresent$9.call(Unknown Source)&#xD;
	at goToEnd_stm_autofill.run(goToEnd_stm_autofill:19)&#xD;
	at com.kms.katalon.core.main.ScriptEngine.run(ScriptEngine.java:194)&#xD;
	at com.kms.katalon.core.main.ScriptEngine.runScriptAsRawText(ScriptEngine.java:119)&#xD;
	at com.kms.katalon.core.main.TestCaseExecutor.runScript(TestCaseExecutor.java:337)&#xD;
	at com.kms.katalon.core.main.TestCaseExecutor.doExecute(TestCaseExecutor.java:328)&#xD;
	at com.kms.katalon.core.main.TestCaseExecutor.processExecutionPhase(TestCaseExecutor.java:307)&#xD;
	at com.kms.katalon.core.main.TestCaseExecutor.accessMainPhase(TestCaseExecutor.java:299)&#xD;
	at com.kms.katalon.core.main.TestCaseExecutor.execute(TestCaseExecutor.java:233)&#xD;
	at com.kms.katalon.core.main.TestCaseMain.runTestCase(TestCaseMain.java:114)&#xD;
	at com.kms.katalon.core.keyword.builtin.CallTestCaseKeyword$_callTestCase_closure1.doCall(CallTestCaseKeyword.groovy:59)&#xD;
	at com.kms.katalon.core.keyword.builtin.CallTestCaseKeyword$_callTestCase_closure1.call(CallTestCaseKeyword.groovy)&#xD;
	at com.kms.katalon.core.keyword.internal.KeywordMain.runKeyword(KeywordMain.groovy:68)&#xD;
	at com.kms.katalon.core.keyword.builtin.CallTestCaseKeyword.callTestCase(CallTestCaseKeyword.groovy:81)&#xD;
	at com.kms.katalon.core.keyword.builtin.CallTestCaseKeyword.execute(CallTestCaseKeyword.groovy:44)&#xD;
	at com.kms.katalon.core.keyword.internal.KeywordExecutor.executeKeywordForPlatform(KeywordExecutor.groovy:56)&#xD;
	at com.kms.katalon.core.keyword.BuiltinKeywords.callTestCase(BuiltinKeywords.groovy:334)&#xD;
	at Slaico.run(Slaico:32)&#xD;
	at com.kms.katalon.core.main.ScriptEngine.run(ScriptEngine.java:194)&#xD;
	at com.kms.katalon.core.main.ScriptEngine.runScriptAsRawText(ScriptEngine.java:119)&#xD;
	at com.kms.katalon.core.main.TestCaseExecutor.runScript(TestCaseExecutor.java:337)&#xD;
	at com.kms.katalon.core.main.TestCaseExecutor.doExecute(TestCaseExecutor.java:328)&#xD;
	at com.kms.katalon.core.main.TestCaseExecutor.processExecutionPhase(TestCaseExecutor.java:307)&#xD;
	at com.kms.katalon.core.main.TestCaseExecutor.accessMainPhase(TestCaseExecutor.java:299)&#xD;
	at com.kms.katalon.core.main.TestCaseExecutor.execute(TestCaseExecutor.java:233)&#xD;
	at com.kms.katalon.core.main.TestSuiteExecutor.accessTestCaseMainPhase(TestSuiteExecutor.java:133)&#xD;
	at com.kms.katalon.core.main.TestSuiteExecutor.accessTestSuiteMainPhase(TestSuiteExecutor.java:116)&#xD;
	at com.kms.katalon.core.main.TestSuiteExecutor.execute(TestSuiteExecutor.java:83)&#xD;
	at com.kms.katalon.core.main.TestCaseMain.startTestSuite(TestCaseMain.java:157)&#xD;
	at com.kms.katalon.core.main.TestCaseMain$startTestSuite$0.call(Unknown Source)&#xD;
	at TempTestSuite1564124029030.run(TempTestSuite1564124029030.groovy:35)&#xD;
Caused by: com.kms.katalon.core.exception.StepFailedException: Text 'Month Duration Acknowledgement' is not present on page &#xD;
	at com.kms.katalon.core.webui.keyword.internal.WebUIKeywordMain.stepFailed(WebUIKeywordMain.groovy:64)&#xD;
	at com.kms.katalon.core.webui.keyword.builtin.VerifyTextPresentKeyword$_verifyTextPresent_closure1.doCall(VerifyTextPresentKeyword.groovy:79)&#xD;
	at com.kms.katalon.core.webui.keyword.builtin.VerifyTextPresentKeyword$_verifyTextPresent_closure1.call(VerifyTextPresentKeyword.groovy)&#xD;
	at com.kms.katalon.core.webui.keyword.internal.WebUIKeywordMain.runKeyword(WebUIKeywordMain.groovy:20)&#xD;
	... 35 more&#xD;
)&#xD;
&#xD;
2019-07-26 14:54:47 - [MESSAGE][FAILED] - Text 'Month Duration Acknowledgement' is not present on page  (Root cause: com.kms.katalon.core.exception.StepFailedException: Text 'Month Duration Acknowledgement' is not present on page &#xD;
	at com.kms.katalon.core.webui.keyword.internal.WebUIKeywordMain.stepFailed(WebUIKeywordMain.groovy:64)&#xD;
	at com.kms.katalon.core.webui.keyword.builtin.VerifyTextPresentKeyword$_verifyTextPresent_closure1.doCall(VerifyTextPresentKeyword.groovy:79)&#xD;
	at com.kms.katalon.core.webui.keyword.builtin.VerifyTextPresentKeyword$_verifyTextPresent_closure1.call(VerifyTextPresentKeyword.groovy)&#xD;
	at com.kms.katalon.core.webui.keyword.internal.WebUIKeywordMain.runKeyword(WebUIKeywordMain.groovy:20)&#xD;
	at com.kms.katalon.core.webui.keyword.builtin.VerifyTextPresentKeyword.verifyTextPresent(VerifyTextPresentKeyword.groovy:83)&#xD;
	at com.kms.katalon.core.webui.keyword.builtin.VerifyTextPresentKeyword.execute(VerifyTextPresentKeyword.groovy:68)&#xD;
	at com.kms.katalon.core.keyword.internal.KeywordExecutor.executeKeywordForPlatform(KeywordExecutor.groovy:56)&#xD;
	at com.kms.katalon.core.webui.keyword.WebUiBuiltInKeywords.verifyTextPresent(WebUiBuiltInKeywords.groovy:1693)&#xD;
	at com.kms.katalon.core.webui.keyword.WebUiBuiltInKeywords$verifyTextPresent$9.call(Unknown Source)&#xD;
	at goToEnd_stm_autofill.run(goToEnd_stm_autofill:19)&#xD;
	at com.kms.katalon.core.main.ScriptEngine.run(ScriptEngine.java:194)&#xD;
	at com.kms.katalon.core.main.ScriptEngine.runScriptAsRawText(ScriptEngine.java:119)&#xD;
	at com.kms.katalon.core.main.TestCaseExecutor.runScript(TestCaseExecutor.java:337)&#xD;
	at com.kms.katalon.core.main.TestCaseExecutor.doExecute(TestCaseExecutor.java:328)&#xD;
	at com.kms.katalon.core.main.TestCaseExecutor.processExecutionPhase(TestCaseExecutor.java:307)&#xD;
	at com.kms.katalon.core.main.TestCaseExecutor.accessMainPhase(TestCaseExecutor.java:299)&#xD;
	at com.kms.katalon.core.main.TestCaseExecutor.execute(TestCaseExecutor.java:233)&#xD;
	at com.kms.katalon.core.main.TestCaseMain.runTestCase(TestCaseMain.java:114)&#xD;
	at com.kms.katalon.core.keyword.builtin.CallTestCaseKeyword$_callTestCase_closure1.doCall(CallTestCaseKeyword.groovy:59)&#xD;
	at com.kms.katalon.core.keyword.builtin.CallTestCaseKeyword$_callTestCase_closure1.call(CallTestCaseKeyword.groovy)&#xD;
	at com.kms.katalon.core.keyword.internal.KeywordMain.runKeyword(KeywordMain.groovy:68)&#xD;
	at com.kms.katalon.core.keyword.builtin.CallTestCaseKeyword.callTestCase(CallTestCaseKeyword.groovy:81)&#xD;
	at com.kms.katalon.core.keyword.builtin.CallTestCaseKeyword.execute(CallTestCaseKeyword.groovy:44)&#xD;
	at com.kms.katalon.core.keyword.internal.KeywordExecutor.executeKeywordForPlatform(KeywordExecutor.groovy:56)&#xD;
	at com.kms.katalon.core.keyword.BuiltinKeywords.callTestCase(BuiltinKeywords.groovy:334)&#xD;
	at Slaico.run(Slaico:32)&#xD;
	at com.kms.katalon.core.main.ScriptEngine.run(ScriptEngine.java:194)&#xD;
	at com.kms.katalon.core.main.ScriptEngine.runScriptAsRawText(ScriptEngine.java:119)&#xD;
	at com.kms.katalon.core.main.TestCaseExecutor.runScript(TestCaseExecutor.java:337)&#xD;
	at com.kms.katalon.core.main.TestCaseExecutor.doExecute(TestCaseExecutor.java:328)&#xD;
	at com.kms.katalon.core.main.TestCaseExecutor.processExecutionPhase(TestCaseExecutor.java:307)&#xD;
	at com.kms.katalon.core.main.TestCaseExecutor.accessMainPhase(TestCaseExecutor.java:299)&#xD;
	at com.kms.katalon.core.main.TestCaseExecutor.execute(TestCaseExecutor.java:233)&#xD;
	at com.kms.katalon.core.main.TestSuiteExecutor.accessTestCaseMainPhase(TestSuiteExecutor.java:133)&#xD;
	at com.kms.katalon.core.main.TestSuiteExecutor.accessTestSuiteMainPhase(TestSuiteExecutor.java:116)&#xD;
	at com.kms.katalon.core.main.TestSuiteExecutor.execute(TestSuiteExecutor.java:83)&#xD;
	at com.kms.katalon.core.main.TestCaseMain.startTestSuite(TestCaseMain.java:157)&#xD;
	at com.kms.katalon.core.main.TestCaseMain$startTestSuite$0.call(Unknown Source)&#xD;
	at TempTestSuite1564124029030.run(TempTestSuite1564124029030.groovy:35)&#xD;
)&#xD;
&#xD;
2019-07-26 14:54:48 - [MESSAGE][FAILED] - Unable to verify text 'Month Duration Acknowledgement' is present  (Root cause: com.kms.katalon.core.exception.StepFailedException: Unable to verify text 'Month Duration Acknowledgement' is present &#xD;
	at com.kms.katalon.core.webui.keyword.internal.WebUIKeywordMain.stepFailed(WebUIKeywordMain.groovy:64)&#xD;
	at com.kms.katalon.core.webui.keyword.internal.WebUIKeywordMain.runKeyword(WebUIKeywordMain.groovy:26)&#xD;
	at com.kms.katalon.core.webui.keyword.builtin.VerifyTextPresentKeyword.verifyTextPresent(VerifyTextPresentKeyword.groovy:83)&#xD;
	at com.kms.katalon.core.webui.keyword.builtin.VerifyTextPresentKeyword.execute(VerifyTextPresentKeyword.groovy:68)&#xD;
	at com.kms.katalon.core.keyword.internal.KeywordExecutor.executeKeywordForPlatform(KeywordExecutor.groovy:56)&#xD;
	at com.kms.katalon.core.webui.keyword.WebUiBuiltInKeywords.verifyTextPresent(WebUiBuiltInKeywords.groovy:1693)&#xD;
	at com.kms.katalon.core.webui.keyword.WebUiBuiltInKeywords$verifyTextPresent$9.call(Unknown Source)&#xD;
	at goToEnd_stm_autofill.run(goToEnd_stm_autofill:19)&#xD;
	at com.kms.katalon.core.main.ScriptEngine.run(ScriptEngine.java:194)&#xD;
	at com.kms.katalon.core.main.ScriptEngine.runScriptAsRawText(ScriptEngine.java:119)&#xD;
	at com.kms.katalon.core.main.TestCaseExecutor.runScript(TestCaseExecutor.java:337)&#xD;
	at com.kms.katalon.core.main.TestCaseExecutor.doExecute(TestCaseExecutor.java:328)&#xD;
	at com.kms.katalon.core.main.TestCaseExecutor.processExecutionPhase(TestCaseExecutor.java:307)&#xD;
	at com.kms.katalon.core.main.TestCaseExecutor.accessMainPhase(TestCaseExecutor.java:299)&#xD;
	at com.kms.katalon.core.main.TestCaseExecutor.execute(TestCaseExecutor.java:233)&#xD;
	at com.kms.katalon.core.main.TestCaseMain.runTestCase(TestCaseMain.java:114)&#xD;
	at com.kms.katalon.core.keyword.builtin.CallTestCaseKeyword$_callTestCase_closure1.doCall(CallTestCaseKeyword.groovy:59)&#xD;
	at com.kms.katalon.core.keyword.builtin.CallTestCaseKeyword$_callTestCase_closure1.call(CallTestCaseKeyword.groovy)&#xD;
	at com.kms.katalon.core.keyword.internal.KeywordMain.runKeyword(KeywordMain.groovy:68)&#xD;
	at com.kms.katalon.core.keyword.builtin.CallTestCaseKeyword.callTestCase(CallTestCaseKeyword.groovy:81)&#xD;
	at com.kms.katalon.core.keyword.builtin.CallTestCaseKeyword.execute(CallTestCaseKeyword.groovy:44)&#xD;
	at com.kms.katalon.core.keyword.internal.KeywordExecutor.executeKeywordForPlatform(KeywordExecutor.groovy:56)&#xD;
	at com.kms.katalon.core.keyword.BuiltinKeywords.callTestCase(BuiltinKeywords.groovy:334)&#xD;
	at Slaico.run(Slaico:32)&#xD;
	at com.kms.katalon.core.main.ScriptEngine.run(ScriptEngine.java:194)&#xD;
	at com.kms.katalon.core.main.ScriptEngine.runScriptAsRawText(ScriptEngine.java:119)&#xD;
	at com.kms.katalon.core.main.TestCaseExecutor.runScript(TestCaseExecutor.java:337)&#xD;
	at com.kms.katalon.core.main.TestCaseExecutor.doExecute(TestCaseExecutor.java:328)&#xD;
	at com.kms.katalon.core.main.TestCaseExecutor.processExecutionPhase(TestCaseExecutor.java:307)&#xD;
	at com.kms.katalon.core.main.TestCaseExecutor.accessMainPhase(TestCaseExecutor.java:299)&#xD;
	at com.kms.katalon.core.main.TestCaseExecutor.execute(TestCaseExecutor.java:233)&#xD;
	at com.kms.katalon.core.main.TestSuiteExecutor.accessTestCaseMainPhase(TestSuiteExecutor.java:133)&#xD;
	at com.kms.katalon.core.main.TestSuiteExecutor.accessTestSuiteMainPhase(TestSuiteExecutor.java:116)&#xD;
	at com.kms.katalon.core.main.TestSuiteExecutor.execute(TestSuiteExecutor.java:83)&#xD;
	at com.kms.katalon.core.main.TestCaseMain.startTestSuite(TestCaseMain.java:157)&#xD;
	at com.kms.katalon.core.main.TestCaseMain$startTestSuite$0.call(Unknown Source)&#xD;
	at TempTestSuite1564124029030.run(TempTestSuite1564124029030.groovy:35)&#xD;
Caused by: com.kms.katalon.core.exception.StepFailedException: Text 'Month Duration Acknowledgement' is not present on page &#xD;
	at com.kms.katalon.core.webui.keyword.internal.WebUIKeywordMain.stepFailed(WebUIKeywordMain.groovy:64)&#xD;
	at com.kms.katalon.core.webui.keyword.builtin.VerifyTextPresentKeyword$_verifyTextPresent_closure1.doCall(VerifyTextPresentKeyword.groovy:79)&#xD;
	at com.kms.katalon.core.webui.keyword.builtin.VerifyTextPresentKeyword$_verifyTextPresent_closure1.call(VerifyTextPresentKeyword.groovy)&#xD;
	at com.kms.katalon.core.webui.keyword.internal.WebUIKeywordMain.runKeyword(WebUIKeywordMain.groovy:20)&#xD;
	... 35 more&#xD;
)&#xD;
[[ATTACHMENT|D:\\Test\\AgileTest\\AgileTest\\Reports\\mobileWeb\\stm\\20190726_145349\\1564124087863.png]]&#xD;
&#xD;
2019-07-26 14:54:48 - [TEST_STEP][PASSED] - catch (Exception e): null&#xD;
&#xD;
2019-07-26 14:54:48 - [TEST_STEP][PASSED] - println("no consecutive"): null&#xD;
&#xD;
2019-07-26 14:54:48 - [TEST_STEP][PASSED] - waitForPageLoad(10): Wait for page load successfully&#xD;
&#xD;
2019-07-26 14:54:48 - [MESSAGE][PASSED] - Wait for page load successfully&#xD;
&#xD;
2019-07-26 14:54:48 - [TEST_STEP][PASSED] - Thread.sleep(3000): null&#xD;
&#xD;
2019-07-26 14:54:51 - [TEST_STEP][PASSED] - waitForElementVisible(findTestObject("mobileSanity/STM/Page_App Page 1/a_Autofill App Info"), 20): Object 'Object Repository/mobileSanity/STM/Page_App Page 1/a_Autofill App Info' is visible&#xD;
&#xD;
2019-07-26 14:54:51 - [MESSAGE][PASSED] - Object 'Object Repository/mobileSanity/STM/Page_App Page 1/a_Autofill App Info' is visible&#xD;
&#xD;
2019-07-26 14:54:51 - [TEST_STEP][PASSED] - click(findTestObject("mobileSanity/STM/Page_App Page 1/a_Autofill App Info")): Object: 'Object Repository/mobileSanity/STM/Page_App Page 1/a_Autofill App Info' is clicked on&#xD;
&#xD;
2019-07-26 14:54:51 - [MESSAGE][PASSED] - Object: 'Object Repository/mobileSanity/STM/Page_App Page 1/a_Autofill App Info' is clicked on&#xD;
&#xD;
2019-07-26 14:54:51 - [TEST_STEP][PASSED] - Thread.sleep(1000): null&#xD;
&#xD;
2019-07-26 14:54:52 - [TEST_STEP][PASSED] - click(findTestObject("mobileSanity/STM/Page_App Page 1/a_Autofill App Info")): Object: 'Object Repository/mobileSanity/STM/Page_App Page 1/a_Autofill App Info' is clicked on&#xD;
&#xD;
2019-07-26 14:54:53 - [MESSAGE][PASSED] - Object: 'Object Repository/mobileSanity/STM/Page_App Page 1/a_Autofill App Info' is clicked on&#xD;
&#xD;
2019-07-26 14:54:53 - [TEST_STEP][PASSED] - Thread.sleep(1000): null&#xD;
&#xD;
2019-07-26 14:54:54 - [TEST_STEP][PASSED] - waitForElementVisible(findTestObject("mobileSanity/STM/Page_App Page 1/a_Continue"), 20): Object 'Object Repository/mobileSanity/STM/Page_App Page 1/a_Continue' is visible&#xD;
&#xD;
2019-07-26 14:54:54 - [MESSAGE][PASSED] - Object 'Object Repository/mobileSanity/STM/Page_App Page 1/a_Continue' is visible&#xD;
&#xD;
2019-07-26 14:54:54 - [TEST_STEP][PASSED] - click(findTestObject("mobileSanity/STM/Page_App Page 1/a_Continue")): Object: 'Object Repository/mobileSanity/STM/Page_App Page 1/a_Continue' is clicked on&#xD;
&#xD;
2019-07-26 14:54:54 - [MESSAGE][PASSED] - Object: 'Object Repository/mobileSanity/STM/Page_App Page 1/a_Continue' is clicked on&#xD;
&#xD;
2019-07-26 14:54:54 - [TEST_STEP][PASSED] - waitForPageLoad(10): Wait for page load successfully&#xD;
&#xD;
2019-07-26 14:54:54 - [MESSAGE][PASSED] - Wait for page load successfully&#xD;
&#xD;
2019-07-26 14:54:54 - [TEST_STEP][PASSED] - Thread.sleep(2000): null&#xD;
&#xD;
2019-07-26 14:54:56 - [TEST_STEP][PASSED] - callTestCase(findTestCase("mobileWeb/_include/get_screenshot"), [:], STOP_ON_FAILURE): Call Test Case 'Test Cases/mobileWeb/_include/get_screenshot' successfully&#xD;
&#xD;
2019-07-26 14:54:56 - [TEST_CASE][PASSED] - Test Cases/mobileWeb/_include/get_screenshot: Test Cases/mobileWeb/_include/get_screenshot&#xD;
&#xD;
2019-07-26 14:54:56 - [TEST_STEP][PASSED] - takeScreenshot(screenPath + i + ".png"): Taking screenshot successfully&#xD;
&#xD;
2019-07-26 14:54:57 - [MESSAGE][PASSED] - Taking screenshot successfully&#xD;
[[ATTACHMENT|D:\\Test\\AgileTest\\AgileTest\\Reports\\mobileWeb\\stm\\20190726_145349\\../Screenshots/iPhone X/stm/Salico/20190726_145354/7.png]]&#xD;
&#xD;
2019-07-26 14:54:57 - [TEST_STEP][PASSED] - (internal.GlobalVariable.i++): null&#xD;
&#xD;
2019-07-26 14:54:57 - [MESSAGE][PASSED] - Call Test Case 'Test Cases/mobileWeb/_include/get_screenshot' successfully&#xD;
&#xD;
2019-07-26 14:54:57 - [TEST_STEP][PASSED] - click(findTestObject("mobileSanity/STM/Page_App Page 2/a_Continue to Step 3 - Payment")): Object: 'Object Repository/mobileSanity/STM/Page_App Page 2/a_Continue to Step 3 - Payment' is clicked on&#xD;
&#xD;
2019-07-26 14:54:57 - [MESSAGE][PASSED] - Object: 'Object Repository/mobileSanity/STM/Page_App Page 2/a_Continue to Step 3 - Payment' is clicked on&#xD;
&#xD;
2019-07-26 14:54:57 - [TEST_STEP][PASSED] - waitForPageLoad(10): Wait for page load successfully&#xD;
&#xD;
2019-07-26 14:54:57 - [MESSAGE][PASSED] - Wait for page load successfully&#xD;
&#xD;
2019-07-26 14:54:57 - [TEST_STEP][PASSED] - Thread.sleep(2000): null&#xD;
&#xD;
2019-07-26 14:54:59 - [TEST_STEP][PASSED] - callTestCase(findTestCase("mobileWeb/_include/get_screenshot"), [:], STOP_ON_FAILURE): Call Test Case 'Test Cases/mobileWeb/_include/get_screenshot' successfully&#xD;
&#xD;
2019-07-26 14:54:59 - [TEST_CASE][PASSED] - Test Cases/mobileWeb/_include/get_screenshot: Test Cases/mobileWeb/_include/get_screenshot&#xD;
&#xD;
2019-07-26 14:54:59 - [TEST_STEP][PASSED] - takeScreenshot(screenPath + i + ".png"): Taking screenshot successfully&#xD;
&#xD;
2019-07-26 14:55:00 - [MESSAGE][PASSED] - Taking screenshot successfully&#xD;
[[ATTACHMENT|D:\\Test\\AgileTest\\AgileTest\\Reports\\mobileWeb\\stm\\20190726_145349\\../Screenshots/iPhone X/stm/Salico/20190726_145354/8.png]]&#xD;
&#xD;
2019-07-26 14:55:00 - [TEST_STEP][PASSED] - (internal.GlobalVariable.i++): null&#xD;
&#xD;
2019-07-26 14:55:00 - [MESSAGE][PASSED] - Call Test Case 'Test Cases/mobileWeb/_include/get_screenshot' successfully&#xD;
&#xD;
2019-07-26 14:55:00 - [TEST_STEP][PASSED] - clearText(findTestObject("mobileSanity/STM/Page_App Page 3/input__credit-card-cvv")): Text of object 'Object Repository/mobileSanity/STM/Page_App Page 3/input__credit-card-cvv' is cleared&#xD;
&#xD;
2019-07-26 14:55:00 - [MESSAGE][PASSED] - Text of object 'Object Repository/mobileSanity/STM/Page_App Page 3/input__credit-card-cvv' is cleared&#xD;
&#xD;
2019-07-26 14:55:00 - [TEST_STEP][PASSED] - setText(findTestObject("mobileSanity/STM/Page_App Page 3/input__credit-card-cvv"), "123"): Text '123' is set on object 'Object Repository/mobileSanity/STM/Page_App Page 3/input__credit-card-cvv'&#xD;
&#xD;
2019-07-26 14:55:00 - [MESSAGE][PASSED] - Text '123' is set on object 'Object Repository/mobileSanity/STM/Page_App Page 3/input__credit-card-cvv'&#xD;
&#xD;
2019-07-26 14:55:00 - [TEST_STEP][PASSED] - click(findTestObject("mobileSanity/STM/Page_App Page 3/label_I Accept Authorization f")): Object: 'Object Repository/mobileSanity/STM/Page_App Page 3/label_I Accept Authorization f' is clicked on&#xD;
&#xD;
2019-07-26 14:55:00 - [MESSAGE][PASSED] - Object: 'Object Repository/mobileSanity/STM/Page_App Page 3/label_I Accept Authorization f' is clicked on&#xD;
&#xD;
2019-07-26 14:55:00 - [TEST_STEP][PASSED] - click(findTestObject("mobileSanity/STM/Page_App Page 3/a_Continue to Step 4 - Review")): Object: 'Object Repository/mobileSanity/STM/Page_App Page 3/a_Continue to Step 4 - Review' is clicked on&#xD;
&#xD;
2019-07-26 14:55:00 - [MESSAGE][PASSED] - Object: 'Object Repository/mobileSanity/STM/Page_App Page 3/a_Continue to Step 4 - Review' is clicked on&#xD;
&#xD;
2019-07-26 14:55:00 - [TEST_STEP][PASSED] - waitForPageLoad(10): Wait for page load successfully&#xD;
&#xD;
2019-07-26 14:55:00 - [MESSAGE][PASSED] - Wait for page load successfully&#xD;
&#xD;
2019-07-26 14:55:00 - [TEST_STEP][PASSED] - waitForElementClickable(findTestObject("mobileSanity/STM/Page_App Page 4/label"), 10): Object 'Object Repository/mobileSanity/STM/Page_App Page 4/label' is clickable&#xD;
&#xD;
2019-07-26 14:55:02 - [MESSAGE][PASSED] - Object 'Object Repository/mobileSanity/STM/Page_App Page 4/label' is clickable&#xD;
&#xD;
2019-07-26 14:55:02 - [TEST_STEP][PASSED] - Thread.sleep(2000): null&#xD;
&#xD;
2019-07-26 14:55:04 - [TEST_STEP][PASSED] - callTestCase(findTestCase("mobileWeb/_include/get_screenshot"), [:], STOP_ON_FAILURE): Call Test Case 'Test Cases/mobileWeb/_include/get_screenshot' successfully&#xD;
&#xD;
2019-07-26 14:55:04 - [TEST_CASE][PASSED] - Test Cases/mobileWeb/_include/get_screenshot: Test Cases/mobileWeb/_include/get_screenshot&#xD;
&#xD;
2019-07-26 14:55:04 - [TEST_STEP][PASSED] - takeScreenshot(screenPath + i + ".png"): Taking screenshot successfully&#xD;
&#xD;
2019-07-26 14:55:05 - [MESSAGE][PASSED] - Taking screenshot successfully&#xD;
[[ATTACHMENT|D:\\Test\\AgileTest\\AgileTest\\Reports\\mobileWeb\\stm\\20190726_145349\\../Screenshots/iPhone X/stm/Salico/20190726_145354/9.png]]&#xD;
&#xD;
2019-07-26 14:55:05 - [TEST_STEP][PASSED] - (internal.GlobalVariable.i++): null&#xD;
&#xD;
2019-07-26 14:55:05 - [MESSAGE][PASSED] - Call Test Case 'Test Cases/mobileWeb/_include/get_screenshot' successfully&#xD;
&#xD;
2019-07-26 14:55:05 - [TEST_STEP][PASSED] - click(findTestObject("mobileSanity/STM/Page_App Page 4/label")): Object: 'Object Repository/mobileSanity/STM/Page_App Page 4/label' is clicked on&#xD;
&#xD;
2019-07-26 14:55:05 - [MESSAGE][PASSED] - Object: 'Object Repository/mobileSanity/STM/Page_App Page 4/label' is clicked on&#xD;
&#xD;
2019-07-26 14:55:05 - [TEST_STEP][PASSED] - click(findTestObject("mobileSanity/STM/Page_App Page 4/div_CLICK TO SIGN")): Object: 'Object Repository/mobileSanity/STM/Page_App Page 4/div_CLICK TO SIGN' is clicked on&#xD;
&#xD;
2019-07-26 14:55:06 - [MESSAGE][PASSED] - Object: 'Object Repository/mobileSanity/STM/Page_App Page 4/div_CLICK TO SIGN' is clicked on&#xD;
&#xD;
2019-07-26 14:55:06 - [TEST_STEP][PASSED] - click(findTestObject("mobileSanity/STM/Page_App Page 4/a_Submit Your Application")): Object: 'Object Repository/mobileSanity/STM/Page_App Page 4/a_Submit Your Application' is clicked on&#xD;
&#xD;
2019-07-26 14:55:06 - [MESSAGE][PASSED] - Object: 'Object Repository/mobileSanity/STM/Page_App Page 4/a_Submit Your Application' is clicked on&#xD;
&#xD;
2019-07-26 14:55:06 - [TEST_STEP][PASSED] - Thread.sleep(30000): null&#xD;
&#xD;
2019-07-26 14:55:36 - [TEST_STEP][PASSED] - callTestCase(findTestCase("mobileWeb/_include/get_screenshot"), [:], STOP_ON_FAILURE): Call Test Case 'Test Cases/mobileWeb/_include/get_screenshot' successfully&#xD;
&#xD;
2019-07-26 14:55:36 - [TEST_CASE][PASSED] - Test Cases/mobileWeb/_include/get_screenshot: Test Cases/mobileWeb/_include/get_screenshot&#xD;
&#xD;
2019-07-26 14:55:36 - [TEST_STEP][PASSED] - takeScreenshot(screenPath + i + ".png"): Taking screenshot successfully&#xD;
&#xD;
2019-07-26 14:55:36 - [MESSAGE][PASSED] - Taking screenshot successfully&#xD;
[[ATTACHMENT|D:\\Test\\AgileTest\\AgileTest\\Reports\\mobileWeb\\stm\\20190726_145349\\../Screenshots/iPhone X/stm/Salico/20190726_145354/10.png]]&#xD;
&#xD;
2019-07-26 14:55:36 - [TEST_STEP][PASSED] - (internal.GlobalVariable.i++): null&#xD;
&#xD;
2019-07-26 14:55:36 - [MESSAGE][PASSED] - Call Test Case 'Test Cases/mobileWeb/_include/get_screenshot' successfully&#xD;
&#xD;
2019-07-26 14:55:36 - [TEST_STEP][PASSED] - waitForElementPresent(findTestObject("mobileSanity/STM/Page_App Page 6/span_planName"), 30): Object 'Object Repository/mobileSanity/STM/Page_App Page 6/span_planName' is present&#xD;
&#xD;
2019-07-26 14:55:36 - [MESSAGE][PASSED] - Object 'Object Repository/mobileSanity/STM/Page_App Page 6/span_planName' is present&#xD;
&#xD;
2019-07-26 14:55:36 - [TEST_STEP][PASSED] - verifyElementPresent(findTestObject("mobileSanity/STM/Page_App Page 6/span_planName"), 20): Object 'Object Repository/mobileSanity/STM/Page_App Page 6/span_planName' is present&#xD;
&#xD;
2019-07-26 14:55:37 - [MESSAGE][PASSED] - Object 'Object Repository/mobileSanity/STM/Page_App Page 6/span_planName' is present&#xD;
&#xD;
2019-07-26 14:55:37 - [TEST_STEP][PASSED] - verifyElementPresent(findTestObject("mobileSanity/STM/Page_App Page 6/span_approved"), 20): Object 'Object Repository/mobileSanity/STM/Page_App Page 6/span_approved' is present&#xD;
&#xD;
2019-07-26 14:55:37 - [MESSAGE][PASSED] - Object 'Object Repository/mobileSanity/STM/Page_App Page 6/span_approved' is present&#xD;
&#xD;
2019-07-26 14:55:37 - [MESSAGE][PASSED] - Call Test Case 'Test Cases/mobileWeb/_include/goToEnd_stm_autofill' successfully</system-out>
            <system-err></system-err>
        </testcase>
        <testcase name="Test Cases/mobileWeb/stm/AdvantHealth" classname="Test Cases/mobileWeb/stm/AdvantHealth" status="PASSED">
            <system-out>2019-07-26 14:55:37 - [TEST_CASE][PASSED] - Test Cases/mobileWeb/stm/AdvantHealth: Test Cases/mobileWeb/stm/AdvantHealth&#xD;
&#xD;
2019-07-26 14:55:37 - [TEST_STEP][PASSED] - callTestCase(findTestCase("mobileWeb/_include/get_screenPath"), ["productLine":"stm", "carrierName":"AdvantHealth"], CONTINUE_ON_FAILURE): Call Test Case 'Test Cases/mobileWeb/_include/get_screenPath' successfully&#xD;
&#xD;
2019-07-26 14:55:37 - [TEST_CASE][PASSED] - Test Cases/mobileWeb/_include/get_screenPath: Test Cases/mobileWeb/_include/get_screenPath&#xD;
&#xD;
2019-07-26 14:55:37 - [TEST_STEP][PASSED] - m = getExecutionProperties(): null&#xD;
&#xD;
2019-07-26 14:55:37 - [TEST_STEP][PASSED] - deviceName = get("mobileEmulation").get("deviceName"): null&#xD;
&#xD;
2019-07-26 14:55:37 - [TEST_STEP][PASSED] - println(deviceName): null&#xD;
&#xD;
2019-07-26 14:55:37 - [TEST_STEP][PASSED] - now = new java.util.Date(): null&#xD;
&#xD;
2019-07-26 14:55:37 - [TEST_STEP][PASSED] - mydate = now.format("yyyyMMdd_HHmmss"): null&#xD;
&#xD;
2019-07-26 14:55:37 - [TEST_STEP][PASSED] - screenPath = "../Screenshots/": null&#xD;
&#xD;
2019-07-26 14:55:37 - [TEST_STEP][PASSED] - screenPath = screenPath + deviceName + "/" + productLine + "/" + carrierName + "/" + mydate + "/": null&#xD;
&#xD;
2019-07-26 14:55:37 - [TEST_STEP][PASSED] - println(screenPath): null&#xD;
&#xD;
2019-07-26 14:55:37 - [MESSAGE][PASSED] - Call Test Case 'Test Cases/mobileWeb/_include/get_screenPath' successfully&#xD;
&#xD;
2019-07-26 14:55:37 - [TEST_STEP][PASSED] - i = 0: null&#xD;
&#xD;
2019-07-26 14:55:37 - [TEST_STEP][PASSED] - callTestCase(findTestCase("mobileWeb/_include/openWebSite"), [:], CONTINUE_ON_FAILURE): Call Test Case 'Test Cases/mobileWeb/_include/openWebSite' successfully&#xD;
&#xD;
2019-07-26 14:55:37 - [TEST_CASE][PASSED] - Test Cases/mobileWeb/_include/openWebSite: Test Cases/mobileWeb/_include/openWebSite&#xD;
&#xD;
2019-07-26 14:55:37 - [TEST_STEP][PASSED] - openBrowser(ENV): Browser is opened with url: 'https://praetemptatus.agilehealthinsurance.com'&#xD;
&#xD;
2019-07-26 14:55:37 - [MESSAGE][WARNING] - A browser is already opened. Closing browser and opening a new one&#xD;
&#xD;
2019-07-26 14:55:38 - [MESSAGE][INFO] - Starting 'Chrome' driver&#xD;
&#xD;
2019-07-26 14:55:38 - [MESSAGE][INFO] - User set preference: ['mobileEmulation', '{deviceName=iPhone X}']&#xD;
&#xD;
2019-07-26 14:55:38 - [MESSAGE][INFO] - User set preference: ['args', '[--incognito, --aggressive-cache-discard, --no-sandbox, --window-size=375,812]']&#xD;
&#xD;
2019-07-26 14:55:44 - [MESSAGE][PASSED] - Browser is opened with url: 'https://praetemptatus.agilehealthinsurance.com'&#xD;
&#xD;
2019-07-26 14:55:44 - [TEST_STEP][PASSED] - waitForPageLoad(10): Wait for page load successfully&#xD;
&#xD;
2019-07-26 14:55:44 - [MESSAGE][PASSED] - Wait for page load successfully&#xD;
&#xD;
2019-07-26 14:55:44 - [TEST_STEP][PASSED] - callTestCase(findTestCase("mobileWeb/_include/get_screenshot"), [:], STOP_ON_FAILURE): Call Test Case 'Test Cases/mobileWeb/_include/get_screenshot' successfully&#xD;
&#xD;
2019-07-26 14:55:44 - [TEST_CASE][PASSED] - Test Cases/mobileWeb/_include/get_screenshot: Test Cases/mobileWeb/_include/get_screenshot&#xD;
&#xD;
2019-07-26 14:55:44 - [TEST_STEP][PASSED] - takeScreenshot(screenPath + i + ".png"): Taking screenshot successfully&#xD;
&#xD;
2019-07-26 14:55:46 - [MESSAGE][PASSED] - Taking screenshot successfully&#xD;
[[ATTACHMENT|D:\\Test\\AgileTest\\AgileTest\\Reports\\mobileWeb\\stm\\20190726_145349\\../Screenshots/iPhone X/stm/AdvantHealth/20190726_145537/0.png]]&#xD;
&#xD;
2019-07-26 14:55:46 - [TEST_STEP][PASSED] - (internal.GlobalVariable.i++): null&#xD;
&#xD;
2019-07-26 14:55:46 - [MESSAGE][PASSED] - Call Test Case 'Test Cases/mobileWeb/_include/get_screenshot' successfully&#xD;
&#xD;
2019-07-26 14:55:46 - [MESSAGE][PASSED] - Call Test Case 'Test Cases/mobileWeb/_include/openWebSite' successfully&#xD;
&#xD;
2019-07-26 14:55:46 - [TEST_STEP][PASSED] - callTestCase(findTestCase("mobileWeb/_include/census_stm"), ["zipcode":"35215"], STOP_ON_FAILURE): Call Test Case 'Test Cases/mobileWeb/_include/census_stm' successfully&#xD;
&#xD;
2019-07-26 14:55:46 - [TEST_CASE][PASSED] - Test Cases/mobileWeb/_include/census_stm: Test Cases/mobileWeb/_include/census_stm&#xD;
&#xD;
2019-07-26 14:55:46 - [TEST_STEP][PASSED] - waitForElementClickable(findTestObject("mobileSanity/STM/Home Page/a_Quote  Save Today"), 10): Object 'Object Repository/mobileSanity/STM/Home Page/a_Quote  Save Today' is clickable&#xD;
&#xD;
2019-07-26 14:55:47 - [MESSAGE][PASSED] - Object 'Object Repository/mobileSanity/STM/Home Page/a_Quote  Save Today' is clickable&#xD;
&#xD;
2019-07-26 14:55:47 - [TEST_STEP][PASSED] - click(findTestObject("mobileSanity/STM/Home Page/a_Quote  Save Today")): Object: 'Object Repository/mobileSanity/STM/Home Page/a_Quote  Save Today' is clicked on&#xD;
&#xD;
2019-07-26 14:55:48 - [MESSAGE][PASSED] - Object: 'Object Repository/mobileSanity/STM/Home Page/a_Quote  Save Today' is clicked on&#xD;
&#xD;
2019-07-26 14:55:48 - [TEST_STEP][PASSED] - waitForPageLoad(10): Wait for page load successfully&#xD;
&#xD;
2019-07-26 14:55:48 - [MESSAGE][PASSED] - Wait for page load successfully&#xD;
&#xD;
2019-07-26 14:55:48 - [TEST_STEP][PASSED] - callTestCase(findTestCase("mobileWeb/_include/get_screenshot"), [:], STOP_ON_FAILURE): Call Test Case 'Test Cases/mobileWeb/_include/get_screenshot' successfully&#xD;
&#xD;
2019-07-26 14:55:48 - [TEST_CASE][PASSED] - Test Cases/mobileWeb/_include/get_screenshot: Test Cases/mobileWeb/_include/get_screenshot&#xD;
&#xD;
2019-07-26 14:55:48 - [TEST_STEP][PASSED] - takeScreenshot(screenPath + i + ".png"): Taking screenshot successfully&#xD;
&#xD;
2019-07-26 14:55:49 - [MESSAGE][PASSED] - Taking screenshot successfully&#xD;
[[ATTACHMENT|D:\\Test\\AgileTest\\AgileTest\\Reports\\mobileWeb\\stm\\20190726_145349\\../Screenshots/iPhone X/stm/AdvantHealth/20190726_145537/1.png]]&#xD;
&#xD;
2019-07-26 14:55:49 - [TEST_STEP][PASSED] - (internal.GlobalVariable.i++): null&#xD;
&#xD;
2019-07-26 14:55:49 - [MESSAGE][PASSED] - Call Test Case 'Test Cases/mobileWeb/_include/get_screenshot' successfully&#xD;
&#xD;
2019-07-26 14:55:49 - [TEST_STEP][PASSED] - setText(findTestObject("mobileSanity/STM/STM Census Page/input_Location_zip-input"), zipcode): Text '35215' is set on object 'Object Repository/mobileSanity/STM/STM Census Page/input_Location_zip-input'&#xD;
&#xD;
2019-07-26 14:55:49 - [MESSAGE][PASSED] - Text '35215' is set on object 'Object Repository/mobileSanity/STM/STM Census Page/input_Location_zip-input'&#xD;
&#xD;
2019-07-26 14:55:49 - [TEST_STEP][PASSED] - Thread.sleep(500): null&#xD;
&#xD;
2019-07-26 14:55:50 - [TEST_STEP][PASSED] - setText(findTestObject("mobileSanity/STM/STM Census Page/input_Date of Birth_dob-0"), "03031987"): Text '03031987' is set on object 'Object Repository/mobileSanity/STM/STM Census Page/input_Date of Birth_dob-0'&#xD;
&#xD;
2019-07-26 14:55:50 - [MESSAGE][PASSED] - Text '03031987' is set on object 'Object Repository/mobileSanity/STM/STM Census Page/input_Date of Birth_dob-0'&#xD;
&#xD;
2019-07-26 14:55:50 - [TEST_STEP][PASSED] - click(findTestObject("mobileSanity/STM/STM Census Page/label_Male")): Object: 'Object Repository/mobileSanity/STM/STM Census Page/label_Male' is clicked on&#xD;
&#xD;
2019-07-26 14:55:50 - [MESSAGE][PASSED] - Object: 'Object Repository/mobileSanity/STM/STM Census Page/label_Male' is clicked on&#xD;
&#xD;
2019-07-26 14:55:50 - [TEST_STEP][PASSED] - click(findTestObject("mobileSanity/STM/STM Census Page/label_Compare Plans")): Object: 'Object Repository/mobileSanity/STM/STM Census Page/label_Compare Plans' is clicked on&#xD;
&#xD;
2019-07-26 14:55:51 - [MESSAGE][PASSED] - Object: 'Object Repository/mobileSanity/STM/STM Census Page/label_Compare Plans' is clicked on&#xD;
&#xD;
2019-07-26 14:55:51 - [TEST_STEP][PASSED] - waitForPageLoad(10): Wait for page load successfully&#xD;
&#xD;
2019-07-26 14:55:55 - [MESSAGE][PASSED] - Wait for page load successfully&#xD;
&#xD;
2019-07-26 14:55:55 - [TEST_STEP][PASSED] - Thread.sleep(3000): null&#xD;
&#xD;
2019-07-26 14:55:58 - [TEST_STEP][PASSED] - callTestCase(findTestCase("mobileWeb/_include/get_screenshot"), [:], STOP_ON_FAILURE): Call Test Case 'Test Cases/mobileWeb/_include/get_screenshot' successfully&#xD;
&#xD;
2019-07-26 14:55:58 - [TEST_CASE][PASSED] - Test Cases/mobileWeb/_include/get_screenshot: Test Cases/mobileWeb/_include/get_screenshot&#xD;
&#xD;
2019-07-26 14:55:58 - [TEST_STEP][PASSED] - takeScreenshot(screenPath + i + ".png"): Taking screenshot successfully&#xD;
&#xD;
2019-07-26 14:55:59 - [MESSAGE][PASSED] - Taking screenshot successfully&#xD;
[[ATTACHMENT|D:\\Test\\AgileTest\\AgileTest\\Reports\\mobileWeb\\stm\\20190726_145349\\../Screenshots/iPhone X/stm/AdvantHealth/20190726_145537/2.png]]&#xD;
&#xD;
2019-07-26 14:55:59 - [TEST_STEP][PASSED] - (internal.GlobalVariable.i++): null&#xD;
&#xD;
2019-07-26 14:55:59 - [MESSAGE][PASSED] - Call Test Case 'Test Cases/mobileWeb/_include/get_screenshot' successfully&#xD;
&#xD;
2019-07-26 14:55:59 - [TEST_STEP][PASSED] - Thread.sleep(1000): null&#xD;
&#xD;
2019-07-26 14:56:00 - [MESSAGE][PASSED] - Call Test Case 'Test Cases/mobileWeb/_include/census_stm' successfully&#xD;
&#xD;
2019-07-26 14:56:00 - [TEST_STEP][PASSED] - callTestCase(findTestCase("mobileWeb/_include/filter_stm"), ["carrier":"advanthealth"], STOP_ON_FAILURE): Call Test Case 'Test Cases/mobileWeb/_include/filter_stm' successfully&#xD;
&#xD;
2019-07-26 14:56:00 - [TEST_CASE][PASSED] - Test Cases/mobileWeb/_include/filter_stm: Test Cases/mobileWeb/_include/filter_stm&#xD;
&#xD;
2019-07-26 14:56:00 - [TEST_STEP][PASSED] - driver = getWebDriver(): null&#xD;
&#xD;
2019-07-26 14:56:00 - [TEST_STEP][PASSED] - selenium = new com.thoughtworks.selenium.webdriven.WebDriverBackedSelenium(driver, internal.GlobalVariable.ENV): null&#xD;
&#xD;
2019-07-26 14:56:00 - [TEST_STEP][PASSED] - Thread.sleep(1000): null&#xD;
&#xD;
2019-07-26 14:56:01 - [TEST_STEP][PASSED] - click(findTestObject("mobileSanity/STM/STM Quote Page/button_filters")): Object: 'Object Repository/mobileSanity/STM/STM Quote Page/button_filters' is clicked on&#xD;
&#xD;
2019-07-26 14:56:01 - [MESSAGE][PASSED] - Object: 'Object Repository/mobileSanity/STM/STM Quote Page/button_filters' is clicked on&#xD;
&#xD;
2019-07-26 14:56:01 - [TEST_STEP][PASSED] - Thread.sleep(1000): null&#xD;
&#xD;
2019-07-26 14:56:02 - [TEST_STEP][PASSED] - click(findTestObject("mobileSanity/STM/STM Quote Page/i_Insurance company")): Object: 'Object Repository/mobileSanity/STM/STM Quote Page/i_Insurance company' is clicked on&#xD;
&#xD;
2019-07-26 14:56:02 - [MESSAGE][PASSED] - Object: 'Object Repository/mobileSanity/STM/STM Quote Page/i_Insurance company' is clicked on&#xD;
&#xD;
2019-07-26 14:56:02 - [TEST_STEP][PASSED] - Thread.sleep(1000): null&#xD;
&#xD;
2019-07-26 14:56:04 - [TEST_STEP][PASSED] - filter_carrier = "//input[@name='filter[carrier]' and @value='" + carrier + "']/following::label": null&#xD;
&#xD;
2019-07-26 14:56:04 - [TEST_STEP][PASSED] - println(filter_carrier): null&#xD;
&#xD;
2019-07-26 14:56:04 - [TEST_STEP][PASSED] - test.MobileKeywords.clickJS_ByXpath(filter_carrier): test.MobileKeywords.clickJS_ByXpath is PASSED&#xD;
&#xD;
2019-07-26 14:56:04 - [MESSAGE][PASSED] - Execute JavaScript 'arguments[0].click()' successfully&#xD;
&#xD;
2019-07-26 14:56:04 - [MESSAGE][PASSED] - test.MobileKeywords.clickJS_ByXpath is PASSED&#xD;
&#xD;
2019-07-26 14:56:04 - [TEST_STEP][PASSED] - Thread.sleep(1000): null&#xD;
&#xD;
2019-07-26 14:56:05 - [TEST_STEP][PASSED] - scrollToElement(findTestObject("mobileSanity/STM/STM Quote Page/a_Show Plans"), 1000): Scroll to object 'Object Repository/mobileSanity/STM/STM Quote Page/a_Show Plans' successfully&#xD;
&#xD;
2019-07-26 14:56:05 - [MESSAGE][PASSED] - Scroll to object 'Object Repository/mobileSanity/STM/STM Quote Page/a_Show Plans' successfully&#xD;
&#xD;
2019-07-26 14:56:05 - [TEST_STEP][PASSED] - click(findTestObject("mobileSanity/STM/STM Quote Page/a_Show Plans")): Object: 'Object Repository/mobileSanity/STM/STM Quote Page/a_Show Plans' is clicked on&#xD;
&#xD;
2019-07-26 14:56:05 - [MESSAGE][PASSED] - Object: 'Object Repository/mobileSanity/STM/STM Quote Page/a_Show Plans' is clicked on&#xD;
&#xD;
2019-07-26 14:56:05 - [TEST_STEP][PASSED] - waitForJQueryLoad(10, STOP_ON_FAILURE): jQuery is ready.&#xD;
&#xD;
2019-07-26 14:56:06 - [MESSAGE][PASSED] - jQuery is ready.&#xD;
&#xD;
2019-07-26 14:56:06 - [TEST_STEP][PASSED] - Thread.sleep(2000): null&#xD;
&#xD;
2019-07-26 14:56:08 - [TEST_STEP][PASSED] - callTestCase(findTestCase("mobileWeb/_include/get_screenshot"), [:], STOP_ON_FAILURE): Call Test Case 'Test Cases/mobileWeb/_include/get_screenshot' successfully&#xD;
&#xD;
2019-07-26 14:56:08 - [TEST_CASE][PASSED] - Test Cases/mobileWeb/_include/get_screenshot: Test Cases/mobileWeb/_include/get_screenshot&#xD;
&#xD;
2019-07-26 14:56:08 - [TEST_STEP][PASSED] - takeScreenshot(screenPath + i + ".png"): Taking screenshot successfully&#xD;
&#xD;
2019-07-26 14:56:08 - [MESSAGE][PASSED] - Taking screenshot successfully&#xD;
[[ATTACHMENT|D:\\Test\\AgileTest\\AgileTest\\Reports\\mobileWeb\\stm\\20190726_145349\\../Screenshots/iPhone X/stm/AdvantHealth/20190726_145537/3.png]]&#xD;
&#xD;
2019-07-26 14:56:08 - [TEST_STEP][PASSED] - (internal.GlobalVariable.i++): null&#xD;
&#xD;
2019-07-26 14:56:08 - [MESSAGE][PASSED] - Call Test Case 'Test Cases/mobileWeb/_include/get_screenshot' successfully&#xD;
&#xD;
2019-07-26 14:56:08 - [MESSAGE][PASSED] - Call Test Case 'Test Cases/mobileWeb/_include/filter_stm' successfully&#xD;
&#xD;
2019-07-26 14:56:08 - [TEST_STEP][PASSED] - callTestCase(findTestCase("mobileWeb/_include/goToDetail_stm"), ["carrier":"advanthealth"], STOP_ON_FAILURE): Call Test Case 'Test Cases/mobileWeb/_include/goToDetail_stm' successfully&#xD;
&#xD;
2019-07-26 14:56:08 - [TEST_CASE][PASSED] - Test Cases/mobileWeb/_include/goToDetail_stm: Test Cases/mobileWeb/_include/goToDetail_stm&#xD;
&#xD;
2019-07-26 14:56:08 - [TEST_STEP][PASSED] - driver = getWebDriver(): null&#xD;
&#xD;
2019-07-26 14:56:08 - [TEST_STEP][PASSED] - selenium = new com.thoughtworks.selenium.webdriven.WebDriverBackedSelenium(driver, internal.GlobalVariable.ENV): null&#xD;
&#xD;
2019-07-26 14:56:08 - [TEST_STEP][PASSED] - a_plan_name = "xpath=//a[contains(@href,'/term-health-insurance/plan/" + carrier + "')]": null&#xD;
&#xD;
2019-07-26 14:56:08 - [TEST_STEP][PASSED] - println(a_plan_name): null&#xD;
&#xD;
2019-07-26 14:56:08 - [TEST_STEP][PASSED] - selenium.click(a_plan_name): null&#xD;
&#xD;
2019-07-26 14:56:12 - [TEST_STEP][PASSED] - waitForPageLoad(10): Wait for page load successfully&#xD;
&#xD;
2019-07-26 14:56:13 - [MESSAGE][PASSED] - Wait for page load successfully&#xD;
&#xD;
2019-07-26 14:56:13 - [TEST_STEP][PASSED] - Thread.sleep(2000): null&#xD;
&#xD;
2019-07-26 14:56:15 - [TEST_STEP][PASSED] - callTestCase(findTestCase("mobileWeb/_include/get_screenshot"), [:], STOP_ON_FAILURE): Call Test Case 'Test Cases/mobileWeb/_include/get_screenshot' successfully&#xD;
&#xD;
2019-07-26 14:56:15 - [TEST_CASE][PASSED] - Test Cases/mobileWeb/_include/get_screenshot: Test Cases/mobileWeb/_include/get_screenshot&#xD;
&#xD;
2019-07-26 14:56:15 - [TEST_STEP][PASSED] - takeScreenshot(screenPath + i + ".png"): Taking screenshot successfully&#xD;
&#xD;
2019-07-26 14:56:15 - [MESSAGE][PASSED] - Taking screenshot successfully&#xD;
[[ATTACHMENT|D:\\Test\\AgileTest\\AgileTest\\Reports\\mobileWeb\\stm\\20190726_145349\\../Screenshots/iPhone X/stm/AdvantHealth/20190726_145537/4.png]]&#xD;
&#xD;
2019-07-26 14:56:15 - [TEST_STEP][PASSED] - (internal.GlobalVariable.i++): null&#xD;
&#xD;
2019-07-26 14:56:15 - [MESSAGE][PASSED] - Call Test Case 'Test Cases/mobileWeb/_include/get_screenshot' successfully&#xD;
&#xD;
2019-07-26 14:56:15 - [MESSAGE][PASSED] - Call Test Case 'Test Cases/mobileWeb/_include/goToDetail_stm' successfully&#xD;
&#xD;
2019-07-26 14:56:15 - [TEST_STEP][PASSED] - callTestCase(findTestCase("mobileWeb/_include/apply_stm"), [:], STOP_ON_FAILURE): Call Test Case 'Test Cases/mobileWeb/_include/apply_stm' successfully&#xD;
&#xD;
2019-07-26 14:56:15 - [TEST_CASE][PASSED] - Test Cases/mobileWeb/_include/apply_stm: Test Cases/mobileWeb/_include/apply_stm&#xD;
&#xD;
2019-07-26 14:56:15 - [TEST_STEP][PASSED] - waitForElementVisible(findTestObject("mobileSanity/STM/STM PlanDetail Page/a_Apply for This Plan"), 5): Object 'Object Repository/mobileSanity/STM/STM PlanDetail Page/a_Apply for This Plan' is visible&#xD;
&#xD;
2019-07-26 14:56:16 - [MESSAGE][PASSED] - Object 'Object Repository/mobileSanity/STM/STM PlanDetail Page/a_Apply for This Plan' is visible&#xD;
&#xD;
2019-07-26 14:56:16 - [TEST_STEP][PASSED] - click(findTestObject("mobileSanity/STM/STM PlanDetail Page/a_Apply for This Plan")): Object: 'Object Repository/mobileSanity/STM/STM PlanDetail Page/a_Apply for This Plan' is clicked on&#xD;
&#xD;
2019-07-26 14:56:17 - [MESSAGE][PASSED] - Object: 'Object Repository/mobileSanity/STM/STM PlanDetail Page/a_Apply for This Plan' is clicked on&#xD;
&#xD;
2019-07-26 14:56:17 - [TEST_STEP][PASSED] - waitForPageLoad(10): Wait for page load successfully&#xD;
&#xD;
2019-07-26 14:56:17 - [MESSAGE][PASSED] - Wait for page load successfully&#xD;
&#xD;
2019-07-26 14:56:17 - [TEST_STEP][PASSED] - Thread.sleep(2000): null&#xD;
&#xD;
2019-07-26 14:56:19 - [TEST_STEP][PASSED] - callTestCase(findTestCase("mobileWeb/_include/get_screenshot"), [:], STOP_ON_FAILURE): Call Test Case 'Test Cases/mobileWeb/_include/get_screenshot' successfully&#xD;
&#xD;
2019-07-26 14:56:19 - [TEST_CASE][PASSED] - Test Cases/mobileWeb/_include/get_screenshot: Test Cases/mobileWeb/_include/get_screenshot&#xD;
&#xD;
2019-07-26 14:56:19 - [TEST_STEP][PASSED] - takeScreenshot(screenPath + i + ".png"): Taking screenshot successfully&#xD;
&#xD;
2019-07-26 14:56:20 - [MESSAGE][PASSED] - Taking screenshot successfully&#xD;
[[ATTACHMENT|D:\\Test\\AgileTest\\AgileTest\\Reports\\mobileWeb\\stm\\20190726_145349\\../Screenshots/iPhone X/stm/AdvantHealth/20190726_145537/5.png]]&#xD;
&#xD;
2019-07-26 14:56:20 - [TEST_STEP][PASSED] - (internal.GlobalVariable.i++): null&#xD;
&#xD;
2019-07-26 14:56:20 - [MESSAGE][PASSED] - Call Test Case 'Test Cases/mobileWeb/_include/get_screenshot' successfully&#xD;
&#xD;
2019-07-26 14:56:20 - [TEST_STEP][PASSED] - waitForElementVisible(findTestObject("mobileSanity/STM/STM Apply Page/a_Start Secure Application"), 5): Object 'Object Repository/mobileSanity/STM/STM Apply Page/a_Start Secure Application' is visible&#xD;
&#xD;
2019-07-26 14:56:20 - [MESSAGE][PASSED] - Object 'Object Repository/mobileSanity/STM/STM Apply Page/a_Start Secure Application' is visible&#xD;
&#xD;
2019-07-26 14:56:20 - [TEST_STEP][PASSED] - click(findTestObject("mobileSanity/STM/STM Apply Page/a_Start Secure Application")): Object: 'Object Repository/mobileSanity/STM/STM Apply Page/a_Start Secure Application' is clicked on&#xD;
&#xD;
2019-07-26 14:56:21 - [MESSAGE][PASSED] - Object: 'Object Repository/mobileSanity/STM/STM Apply Page/a_Start Secure Application' is clicked on&#xD;
&#xD;
2019-07-26 14:56:21 - [TEST_STEP][PASSED] - waitForPageLoad(10): Wait for page load successfully&#xD;
&#xD;
2019-07-26 14:56:21 - [MESSAGE][PASSED] - Wait for page load successfully&#xD;
&#xD;
2019-07-26 14:56:21 - [TEST_STEP][PASSED] - Thread.sleep(2000): null&#xD;
&#xD;
2019-07-26 14:56:23 - [TEST_STEP][PASSED] - callTestCase(findTestCase("mobileWeb/_include/get_screenshot"), [:], STOP_ON_FAILURE): Call Test Case 'Test Cases/mobileWeb/_include/get_screenshot' successfully&#xD;
&#xD;
2019-07-26 14:56:23 - [TEST_CASE][PASSED] - Test Cases/mobileWeb/_include/get_screenshot: Test Cases/mobileWeb/_include/get_screenshot&#xD;
&#xD;
2019-07-26 14:56:23 - [TEST_STEP][PASSED] - takeScreenshot(screenPath + i + ".png"): Taking screenshot successfully&#xD;
&#xD;
2019-07-26 14:56:24 - [MESSAGE][PASSED] - Taking screenshot successfully&#xD;
[[ATTACHMENT|D:\\Test\\AgileTest\\AgileTest\\Reports\\mobileWeb\\stm\\20190726_145349\\../Screenshots/iPhone X/stm/AdvantHealth/20190726_145537/6.png]]&#xD;
&#xD;
2019-07-26 14:56:24 - [TEST_STEP][PASSED] - (internal.GlobalVariable.i++): null&#xD;
&#xD;
2019-07-26 14:56:24 - [MESSAGE][PASSED] - Call Test Case 'Test Cases/mobileWeb/_include/get_screenshot' successfully&#xD;
&#xD;
2019-07-26 14:56:24 - [MESSAGE][PASSED] - Call Test Case 'Test Cases/mobileWeb/_include/apply_stm' successfully&#xD;
&#xD;
2019-07-26 14:56:24 - [TEST_STEP][PASSED] - callTestCase(findTestCase("mobileWeb/_include/goToEnd_stm_autofill"), [:], STOP_ON_FAILURE): Call Test Case 'Test Cases/mobileWeb/_include/goToEnd_stm_autofill' successfully&#xD;
&#xD;
2019-07-26 14:56:24 - [TEST_CASE][PASSED] - Test Cases/mobileWeb/_include/goToEnd_stm_autofill: Test Cases/mobileWeb/_include/goToEnd_stm_autofill&#xD;
&#xD;
2019-07-26 14:56:24 - [TEST_STEP][PASSED] - callTestCase(findTestCase("mobileWeb/_include/name"), [:], CONTINUE_ON_FAILURE): Call Test Case 'Test Cases/mobileWeb/_include/name' successfully&#xD;
&#xD;
2019-07-26 14:56:24 - [TEST_CASE][PASSED] - Test Cases/mobileWeb/_include/name: Test Cases/mobileWeb/_include/name&#xD;
&#xD;
2019-07-26 14:56:24 - [TEST_STEP][PASSED] - driver = getWebDriver(): null&#xD;
&#xD;
2019-07-26 14:56:24 - [TEST_STEP][PASSED] - selenium = new com.thoughtworks.selenium.webdriven.WebDriverBackedSelenium(driver, internal.GlobalVariable.ENV): null&#xD;
&#xD;
2019-07-26 14:56:24 - [TEST_STEP][PASSED] - FirstName = "Test-123": null&#xD;
&#xD;
2019-07-26 14:56:24 - [TEST_STEP][PASSED] - LastName = selenium.getEval("{var x="ABCDEFGHIJKLMNOPQRSTUVWXYZabcdefghijklmnopqrstuvwxyz"; var tmp="ZZ11-"; for (i=0;i&lt;8;i++) tmp+=x.charAt(Math.ceil(51*Math.random()));tmp;}"): null&#xD;
&#xD;
2019-07-26 14:56:24 - [TEST_STEP][PASSED] - Address = selenium.getEval("{var x="ABCDEFGHIJKLMNOPQRSTUVWXYZabcdefghijklmnopqrstuvwxyz"; var tmp=""; for (i=0;i&lt;8;i++) tmp+=x.charAt(Math.ceil(51*Math.random()));tmp;}"): null&#xD;
&#xD;
2019-07-26 14:56:24 - [TEST_STEP][PASSED] - City = selenium.getEval("{var x="ABCDEFGHIJKLMNOPQRSTUVWXYZabcdefghijklmnopqrstuvwxyz"; var tmp=""; for (i=0;i&lt;8;i++) tmp+=x.charAt(Math.ceil(51*Math.random()));tmp;}"): null&#xD;
&#xD;
2019-07-26 14:56:24 - [TEST_STEP][PASSED] - tel1 = selenium.getEval("{var x="123456789"; var tmp=""; for (i=0;i&lt;3;i++) tmp+=x.charAt(Math.ceil(8*Math.random()));tmp;}"): null&#xD;
&#xD;
2019-07-26 14:56:24 - [TEST_STEP][PASSED] - tel2 = selenium.getEval("{var x="123456789"; var tmp=""; for (i=0;i&lt;3;i++) tmp+=x.charAt(Math.ceil(8*Math.random()));tmp;}"): null&#xD;
&#xD;
2019-07-26 14:56:24 - [TEST_STEP][PASSED] - tel3 = selenium.getEval("{var x="123456789"; var tmp=""; for (i=0;i&lt;4;i++) tmp+=x.charAt(Math.ceil(8*Math.random()));tmp;}"): null&#xD;
&#xD;
2019-07-26 14:56:24 - [TEST_STEP][PASSED] - Tel = selenium.getExpression(tel1 + "-" + tel2 + "-" + tel3): null&#xD;
&#xD;
2019-07-26 14:56:24 - [TEST_STEP][PASSED] - AutoEmail = selenium.getEval("{var x="ABCDEFGHIJKLMNOPQRSTUVWXYZabcdefghijklmnopqrstuvwxyz"; var tmp="test."; for (i=0;i&lt;8;i++) tmp+=x.charAt(Math.ceil(51*Math.random()));tmp+="@suryani.cn";}"): null&#xD;
&#xD;
2019-07-26 14:56:24 - [TEST_STEP][PASSED] - FirstName = FirstName: null&#xD;
&#xD;
2019-07-26 14:56:24 - [TEST_STEP][PASSED] - LastName = LastName: null&#xD;
&#xD;
2019-07-26 14:56:24 - [TEST_STEP][PASSED] - Address = Address: null&#xD;
&#xD;
2019-07-26 14:56:24 - [TEST_STEP][PASSED] - City = City: null&#xD;
&#xD;
2019-07-26 14:56:24 - [TEST_STEP][PASSED] - Tel = Tel: null&#xD;
&#xD;
2019-07-26 14:56:24 - [TEST_STEP][PASSED] - AutoEmail = AutoEmail: null&#xD;
&#xD;
2019-07-26 14:56:24 - [TEST_STEP][PASSED] - println(FirstName): null&#xD;
&#xD;
2019-07-26 14:56:24 - [TEST_STEP][PASSED] - println(LastName): null&#xD;
&#xD;
2019-07-26 14:56:24 - [TEST_STEP][PASSED] - println(Address): null&#xD;
&#xD;
2019-07-26 14:56:24 - [TEST_STEP][PASSED] - println(City): null&#xD;
&#xD;
2019-07-26 14:56:24 - [TEST_STEP][PASSED] - println(Tel): null&#xD;
&#xD;
2019-07-26 14:56:24 - [TEST_STEP][PASSED] - println(AutoEmail): null&#xD;
&#xD;
2019-07-26 14:56:24 - [MESSAGE][PASSED] - Call Test Case 'Test Cases/mobileWeb/_include/name' successfully&#xD;
&#xD;
2019-07-26 14:56:24 - [TEST_STEP][PASSED] - try: Call Test Case 'Test Cases/mobileWeb/_include/get_screenshot' successfully&#xD;
&#xD;
2019-07-26 14:56:24 - [TEST_STEP][PASSED] - if (verifyTextPresent("Month Duration Acknowledgement", false)): Call Test Case 'Test Cases/mobileWeb/_include/get_screenshot' successfully&#xD;
&#xD;
2019-07-26 14:56:25 - [MESSAGE][PASSED] - Text 'Month Duration Acknowledgement' is present on page &#xD;
&#xD;
2019-07-26 14:56:25 - [TEST_STEP][PASSED] - click(findTestObject("mobileSanity/STM/Page_App Page 1/label_By checking this box I u")): Object: 'Object Repository/mobileSanity/STM/Page_App Page 1/label_By checking this box I u' is clicked on&#xD;
&#xD;
2019-07-26 14:56:25 - [MESSAGE][PASSED] - Object: 'Object Repository/mobileSanity/STM/Page_App Page 1/label_By checking this box I u' is clicked on&#xD;
&#xD;
2019-07-26 14:56:25 - [TEST_STEP][PASSED] - click(findTestObject("mobileSanity/STM/Page_App Page 1/button_Continue to Application")): Object: 'Object Repository/mobileSanity/STM/Page_App Page 1/button_Continue to Application' is clicked on&#xD;
&#xD;
2019-07-26 14:56:27 - [MESSAGE][PASSED] - Object: 'Object Repository/mobileSanity/STM/Page_App Page 1/button_Continue to Application' is clicked on&#xD;
&#xD;
2019-07-26 14:56:27 - [TEST_STEP][PASSED] - Thread.sleep(2000): null&#xD;
&#xD;
2019-07-26 14:56:29 - [TEST_STEP][PASSED] - callTestCase(findTestCase("mobileWeb/_include/get_screenshot"), [:], STOP_ON_FAILURE): Call Test Case 'Test Cases/mobileWeb/_include/get_screenshot' successfully&#xD;
&#xD;
2019-07-26 14:56:30 - [TEST_CASE][PASSED] - Test Cases/mobileWeb/_include/get_screenshot: Test Cases/mobileWeb/_include/get_screenshot&#xD;
&#xD;
2019-07-26 14:56:30 - [TEST_STEP][PASSED] - takeScreenshot(screenPath + i + ".png"): Taking screenshot successfully&#xD;
&#xD;
2019-07-26 14:56:30 - [MESSAGE][PASSED] - Taking screenshot successfully&#xD;
[[ATTACHMENT|D:\\Test\\AgileTest\\AgileTest\\Reports\\mobileWeb\\stm\\20190726_145349\\../Screenshots/iPhone X/stm/AdvantHealth/20190726_145537/7.png]]&#xD;
&#xD;
2019-07-26 14:56:30 - [TEST_STEP][PASSED] - (internal.GlobalVariable.i++): null&#xD;
&#xD;
2019-07-26 14:56:30 - [MESSAGE][PASSED] - Call Test Case 'Test Cases/mobileWeb/_include/get_screenshot' successfully&#xD;
&#xD;
2019-07-26 14:56:30 - [TEST_STEP][PASSED] - waitForPageLoad(10): Wait for page load successfully&#xD;
&#xD;
2019-07-26 14:56:30 - [MESSAGE][PASSED] - Wait for page load successfully&#xD;
&#xD;
2019-07-26 14:56:30 - [TEST_STEP][PASSED] - Thread.sleep(3000): null&#xD;
&#xD;
2019-07-26 14:56:33 - [TEST_STEP][PASSED] - waitForElementVisible(findTestObject("mobileSanity/STM/Page_App Page 1/a_Autofill App Info"), 20): Object 'Object Repository/mobileSanity/STM/Page_App Page 1/a_Autofill App Info' is visible&#xD;
&#xD;
2019-07-26 14:56:33 - [MESSAGE][PASSED] - Object 'Object Repository/mobileSanity/STM/Page_App Page 1/a_Autofill App Info' is visible&#xD;
&#xD;
2019-07-26 14:56:33 - [TEST_STEP][PASSED] - click(findTestObject("mobileSanity/STM/Page_App Page 1/a_Autofill App Info")): Object: 'Object Repository/mobileSanity/STM/Page_App Page 1/a_Autofill App Info' is clicked on&#xD;
&#xD;
2019-07-26 14:56:34 - [MESSAGE][PASSED] - Object: 'Object Repository/mobileSanity/STM/Page_App Page 1/a_Autofill App Info' is clicked on&#xD;
&#xD;
2019-07-26 14:56:34 - [TEST_STEP][PASSED] - Thread.sleep(1000): null&#xD;
&#xD;
2019-07-26 14:56:35 - [TEST_STEP][PASSED] - click(findTestObject("mobileSanity/STM/Page_App Page 1/a_Autofill App Info")): Object: 'Object Repository/mobileSanity/STM/Page_App Page 1/a_Autofill App Info' is clicked on&#xD;
&#xD;
2019-07-26 14:56:35 - [MESSAGE][PASSED] - Object: 'Object Repository/mobileSanity/STM/Page_App Page 1/a_Autofill App Info' is clicked on&#xD;
&#xD;
2019-07-26 14:56:35 - [TEST_STEP][PASSED] - Thread.sleep(1000): null&#xD;
&#xD;
2019-07-26 14:56:36 - [TEST_STEP][PASSED] - waitForElementVisible(findTestObject("mobileSanity/STM/Page_App Page 1/a_Continue"), 20): Object 'Object Repository/mobileSanity/STM/Page_App Page 1/a_Continue' is visible&#xD;
&#xD;
2019-07-26 14:56:36 - [MESSAGE][PASSED] - Object 'Object Repository/mobileSanity/STM/Page_App Page 1/a_Continue' is visible&#xD;
&#xD;
2019-07-26 14:56:36 - [TEST_STEP][PASSED] - click(findTestObject("mobileSanity/STM/Page_App Page 1/a_Continue")): Object: 'Object Repository/mobileSanity/STM/Page_App Page 1/a_Continue' is clicked on&#xD;
&#xD;
2019-07-26 14:56:36 - [MESSAGE][PASSED] - Object: 'Object Repository/mobileSanity/STM/Page_App Page 1/a_Continue' is clicked on&#xD;
&#xD;
2019-07-26 14:56:36 - [TEST_STEP][PASSED] - waitForPageLoad(10): Wait for page load successfully&#xD;
&#xD;
2019-07-26 14:56:36 - [MESSAGE][PASSED] - Wait for page load successfully&#xD;
&#xD;
2019-07-26 14:56:36 - [TEST_STEP][PASSED] - Thread.sleep(2000): null&#xD;
&#xD;
2019-07-26 14:56:38 - [TEST_STEP][PASSED] - callTestCase(findTestCase("mobileWeb/_include/get_screenshot"), [:], STOP_ON_FAILURE): Call Test Case 'Test Cases/mobileWeb/_include/get_screenshot' successfully&#xD;
&#xD;
2019-07-26 14:56:38 - [TEST_CASE][PASSED] - Test Cases/mobileWeb/_include/get_screenshot: Test Cases/mobileWeb/_include/get_screenshot&#xD;
&#xD;
2019-07-26 14:56:38 - [TEST_STEP][PASSED] - takeScreenshot(screenPath + i + ".png"): Taking screenshot successfully&#xD;
&#xD;
2019-07-26 14:56:39 - [MESSAGE][PASSED] - Taking screenshot successfully&#xD;
[[ATTACHMENT|D:\\Test\\AgileTest\\AgileTest\\Reports\\mobileWeb\\stm\\20190726_145349\\../Screenshots/iPhone X/stm/AdvantHealth/20190726_145537/8.png]]&#xD;
&#xD;
2019-07-26 14:56:39 - [TEST_STEP][PASSED] - (internal.GlobalVariable.i++): null&#xD;
&#xD;
2019-07-26 14:56:39 - [MESSAGE][PASSED] - Call Test Case 'Test Cases/mobileWeb/_include/get_screenshot' successfully&#xD;
&#xD;
2019-07-26 14:56:39 - [TEST_STEP][PASSED] - click(findTestObject("mobileSanity/STM/Page_App Page 2/a_Continue to Step 3 - Payment")): Object: 'Object Repository/mobileSanity/STM/Page_App Page 2/a_Continue to Step 3 - Payment' is clicked on&#xD;
&#xD;
2019-07-26 14:56:39 - [MESSAGE][PASSED] - Object: 'Object Repository/mobileSanity/STM/Page_App Page 2/a_Continue to Step 3 - Payment' is clicked on&#xD;
&#xD;
2019-07-26 14:56:39 - [TEST_STEP][PASSED] - waitForPageLoad(10): Wait for page load successfully&#xD;
&#xD;
2019-07-26 14:56:39 - [MESSAGE][PASSED] - Wait for page load successfully&#xD;
&#xD;
2019-07-26 14:56:39 - [TEST_STEP][PASSED] - Thread.sleep(2000): null&#xD;
&#xD;
2019-07-26 14:56:41 - [TEST_STEP][PASSED] - callTestCase(findTestCase("mobileWeb/_include/get_screenshot"), [:], STOP_ON_FAILURE): Call Test Case 'Test Cases/mobileWeb/_include/get_screenshot' successfully&#xD;
&#xD;
2019-07-26 14:56:41 - [TEST_CASE][PASSED] - Test Cases/mobileWeb/_include/get_screenshot: Test Cases/mobileWeb/_include/get_screenshot&#xD;
&#xD;
2019-07-26 14:56:41 - [TEST_STEP][PASSED] - takeScreenshot(screenPath + i + ".png"): Taking screenshot successfully&#xD;
&#xD;
2019-07-26 14:56:42 - [MESSAGE][PASSED] - Taking screenshot successfully&#xD;
[[ATTACHMENT|D:\\Test\\AgileTest\\AgileTest\\Reports\\mobileWeb\\stm\\20190726_145349\\../Screenshots/iPhone X/stm/AdvantHealth/20190726_145537/9.png]]&#xD;
&#xD;
2019-07-26 14:56:42 - [TEST_STEP][PASSED] - (internal.GlobalVariable.i++): null&#xD;
&#xD;
2019-07-26 14:56:42 - [MESSAGE][PASSED] - Call Test Case 'Test Cases/mobileWeb/_include/get_screenshot' successfully&#xD;
&#xD;
2019-07-26 14:56:42 - [TEST_STEP][PASSED] - clearText(findTestObject("mobileSanity/STM/Page_App Page 3/input__credit-card-cvv")): Text of object 'Object Repository/mobileSanity/STM/Page_App Page 3/input__credit-card-cvv' is cleared&#xD;
&#xD;
2019-07-26 14:57:00 - [MESSAGE][PASSED] - Text of object 'Object Repository/mobileSanity/STM/Page_App Page 3/input__credit-card-cvv' is cleared&#xD;
&#xD;
2019-07-26 14:57:00 - [TEST_STEP][PASSED] - setText(findTestObject("mobileSanity/STM/Page_App Page 3/input__credit-card-cvv"), "123"): Text '123' is set on object 'Object Repository/mobileSanity/STM/Page_App Page 3/input__credit-card-cvv'&#xD;
&#xD;
2019-07-26 14:57:00 - [MESSAGE][PASSED] - Text '123' is set on object 'Object Repository/mobileSanity/STM/Page_App Page 3/input__credit-card-cvv'&#xD;
&#xD;
2019-07-26 14:57:01 - [TEST_STEP][PASSED] - click(findTestObject("mobileSanity/STM/Page_App Page 3/label_I Accept Authorization f")): Object: 'Object Repository/mobileSanity/STM/Page_App Page 3/label_I Accept Authorization f' is clicked on&#xD;
&#xD;
2019-07-26 14:57:01 - [MESSAGE][PASSED] - Object: 'Object Repository/mobileSanity/STM/Page_App Page 3/label_I Accept Authorization f' is clicked on&#xD;
&#xD;
2019-07-26 14:57:01 - [TEST_STEP][PASSED] - click(findTestObject("mobileSanity/STM/Page_App Page 3/a_Continue to Step 4 - Review")): Object: 'Object Repository/mobileSanity/STM/Page_App Page 3/a_Continue to Step 4 - Review' is clicked on&#xD;
&#xD;
2019-07-26 14:57:01 - [MESSAGE][PASSED] - Object: 'Object Repository/mobileSanity/STM/Page_App Page 3/a_Continue to Step 4 - Review' is clicked on&#xD;
&#xD;
2019-07-26 14:57:01 - [TEST_STEP][PASSED] - waitForPageLoad(10): Wait for page load successfully&#xD;
&#xD;
2019-07-26 14:57:01 - [MESSAGE][PASSED] - Wait for page load successfully&#xD;
&#xD;
2019-07-26 14:57:01 - [TEST_STEP][PASSED] - waitForElementClickable(findTestObject("mobileSanity/STM/Page_App Page 4/label"), 10): Object 'Object Repository/mobileSanity/STM/Page_App Page 4/label' is clickable&#xD;
&#xD;
2019-07-26 14:57:03 - [MESSAGE][PASSED] - Object 'Object Repository/mobileSanity/STM/Page_App Page 4/label' is clickable&#xD;
&#xD;
2019-07-26 14:57:03 - [TEST_STEP][PASSED] - Thread.sleep(2000): null&#xD;
&#xD;
2019-07-26 14:57:05 - [TEST_STEP][PASSED] - callTestCase(findTestCase("mobileWeb/_include/get_screenshot"), [:], STOP_ON_FAILURE): Call Test Case 'Test Cases/mobileWeb/_include/get_screenshot' successfully&#xD;
&#xD;
2019-07-26 14:57:05 - [TEST_CASE][PASSED] - Test Cases/mobileWeb/_include/get_screenshot: Test Cases/mobileWeb/_include/get_screenshot&#xD;
&#xD;
2019-07-26 14:57:05 - [TEST_STEP][PASSED] - takeScreenshot(screenPath + i + ".png"): Taking screenshot successfully&#xD;
&#xD;
2019-07-26 14:57:06 - [MESSAGE][PASSED] - Taking screenshot successfully&#xD;
[[ATTACHMENT|D:\\Test\\AgileTest\\AgileTest\\Reports\\mobileWeb\\stm\\20190726_145349\\../Screenshots/iPhone X/stm/AdvantHealth/20190726_145537/10.png]]&#xD;
&#xD;
2019-07-26 14:57:06 - [TEST_STEP][PASSED] - (internal.GlobalVariable.i++): null&#xD;
&#xD;
2019-07-26 14:57:06 - [MESSAGE][PASSED] - Call Test Case 'Test Cases/mobileWeb/_include/get_screenshot' successfully&#xD;
&#xD;
2019-07-26 14:57:06 - [TEST_STEP][PASSED] - click(findTestObject("mobileSanity/STM/Page_App Page 4/label")): Object: 'Object Repository/mobileSanity/STM/Page_App Page 4/label' is clicked on&#xD;
&#xD;
2019-07-26 14:57:06 - [MESSAGE][PASSED] - Object: 'Object Repository/mobileSanity/STM/Page_App Page 4/label' is clicked on&#xD;
&#xD;
2019-07-26 14:57:06 - [TEST_STEP][PASSED] - click(findTestObject("mobileSanity/STM/Page_App Page 4/div_CLICK TO SIGN")): Object: 'Object Repository/mobileSanity/STM/Page_App Page 4/div_CLICK TO SIGN' is clicked on&#xD;
&#xD;
2019-07-26 14:57:06 - [MESSAGE][PASSED] - Object: 'Object Repository/mobileSanity/STM/Page_App Page 4/div_CLICK TO SIGN' is clicked on&#xD;
&#xD;
2019-07-26 14:57:06 - [TEST_STEP][PASSED] - click(findTestObject("mobileSanity/STM/Page_App Page 4/a_Submit Your Application")): Object: 'Object Repository/mobileSanity/STM/Page_App Page 4/a_Submit Your Application' is clicked on&#xD;
&#xD;
2019-07-26 14:57:06 - [MESSAGE][PASSED] - Object: 'Object Repository/mobileSanity/STM/Page_App Page 4/a_Submit Your Application' is clicked on&#xD;
&#xD;
2019-07-26 14:57:06 - [TEST_STEP][PASSED] - Thread.sleep(30000): null&#xD;
&#xD;
2019-07-26 14:57:36 - [TEST_STEP][PASSED] - callTestCase(findTestCase("mobileWeb/_include/get_screenshot"), [:], STOP_ON_FAILURE): Call Test Case 'Test Cases/mobileWeb/_include/get_screenshot' successfully&#xD;
&#xD;
2019-07-26 14:57:36 - [TEST_CASE][PASSED] - Test Cases/mobileWeb/_include/get_screenshot: Test Cases/mobileWeb/_include/get_screenshot&#xD;
&#xD;
2019-07-26 14:57:36 - [TEST_STEP][PASSED] - takeScreenshot(screenPath + i + ".png"): Taking screenshot successfully&#xD;
&#xD;
2019-07-26 14:57:37 - [MESSAGE][PASSED] - Taking screenshot successfully&#xD;
[[ATTACHMENT|D:\\Test\\AgileTest\\AgileTest\\Reports\\mobileWeb\\stm\\20190726_145349\\../Screenshots/iPhone X/stm/AdvantHealth/20190726_145537/11.png]]&#xD;
&#xD;
2019-07-26 14:57:37 - [TEST_STEP][PASSED] - (internal.GlobalVariable.i++): null&#xD;
&#xD;
2019-07-26 14:57:37 - [MESSAGE][PASSED] - Call Test Case 'Test Cases/mobileWeb/_include/get_screenshot' successfully&#xD;
&#xD;
2019-07-26 14:57:37 - [TEST_STEP][PASSED] - waitForElementPresent(findTestObject("mobileSanity/STM/Page_App Page 6/span_planName"), 30): Object 'Object Repository/mobileSanity/STM/Page_App Page 6/span_planName' is present&#xD;
&#xD;
2019-07-26 14:57:37 - [MESSAGE][PASSED] - Object 'Object Repository/mobileSanity/STM/Page_App Page 6/span_planName' is present&#xD;
&#xD;
2019-07-26 14:57:37 - [TEST_STEP][PASSED] - verifyElementPresent(findTestObject("mobileSanity/STM/Page_App Page 6/span_planName"), 20): Object 'Object Repository/mobileSanity/STM/Page_App Page 6/span_planName' is present&#xD;
&#xD;
2019-07-26 14:57:37 - [MESSAGE][PASSED] - Object 'Object Repository/mobileSanity/STM/Page_App Page 6/span_planName' is present&#xD;
&#xD;
2019-07-26 14:57:37 - [TEST_STEP][PASSED] - verifyElementPresent(findTestObject("mobileSanity/STM/Page_App Page 6/span_approved"), 20): Object 'Object Repository/mobileSanity/STM/Page_App Page 6/span_approved' is present&#xD;
&#xD;
2019-07-26 14:57:37 - [MESSAGE][PASSED] - Object 'Object Repository/mobileSanity/STM/Page_App Page 6/span_approved' is present&#xD;
&#xD;
2019-07-26 14:57:37 - [MESSAGE][PASSED] - Call Test Case 'Test Cases/mobileWeb/_include/goToEnd_stm_autofill' successfully</system-out>
            <system-err></system-err>
        </testcase>
        <testcase name="Test Cases/mobileWeb/stm/Companion" classname="Test Cases/mobileWeb/stm/Companion" status="PASSED">
            <system-out>2019-07-26 14:57:37 - [TEST_CASE][PASSED] - Test Cases/mobileWeb/stm/Companion: Test Cases/mobileWeb/stm/Companion&#xD;
&#xD;
2019-07-26 14:57:37 - [TEST_STEP][PASSED] - callTestCase(findTestCase("mobileWeb/_include/get_screenPath"), ["productLine":"stm", "carrierName":"Companion"], CONTINUE_ON_FAILURE): Call Test Case 'Test Cases/mobileWeb/_include/get_screenPath' successfully&#xD;
&#xD;
2019-07-26 14:57:37 - [TEST_CASE][PASSED] - Test Cases/mobileWeb/_include/get_screenPath: Test Cases/mobileWeb/_include/get_screenPath&#xD;
&#xD;
2019-07-26 14:57:37 - [TEST_STEP][PASSED] - m = getExecutionProperties(): null&#xD;
&#xD;
2019-07-26 14:57:37 - [TEST_STEP][PASSED] - deviceName = get("mobileEmulation").get("deviceName"): null&#xD;
&#xD;
2019-07-26 14:57:37 - [TEST_STEP][PASSED] - println(deviceName): null&#xD;
&#xD;
2019-07-26 14:57:37 - [TEST_STEP][PASSED] - now = new java.util.Date(): null&#xD;
&#xD;
2019-07-26 14:57:37 - [TEST_STEP][PASSED] - mydate = now.format("yyyyMMdd_HHmmss"): null&#xD;
&#xD;
2019-07-26 14:57:37 - [TEST_STEP][PASSED] - screenPath = "../Screenshots/": null&#xD;
&#xD;
2019-07-26 14:57:37 - [TEST_STEP][PASSED] - screenPath = screenPath + deviceName + "/" + productLine + "/" + carrierName + "/" + mydate + "/": null&#xD;
&#xD;
2019-07-26 14:57:37 - [TEST_STEP][PASSED] - println(screenPath): null&#xD;
&#xD;
2019-07-26 14:57:37 - [MESSAGE][PASSED] - Call Test Case 'Test Cases/mobileWeb/_include/get_screenPath' successfully&#xD;
&#xD;
2019-07-26 14:57:37 - [TEST_STEP][PASSED] - i = 0: null&#xD;
&#xD;
2019-07-26 14:57:37 - [TEST_STEP][PASSED] - callTestCase(findTestCase("mobileWeb/_include/openWebSite"), [:], CONTINUE_ON_FAILURE): Call Test Case 'Test Cases/mobileWeb/_include/openWebSite' successfully&#xD;
&#xD;
2019-07-26 14:57:37 - [TEST_CASE][PASSED] - Test Cases/mobileWeb/_include/openWebSite: Test Cases/mobileWeb/_include/openWebSite&#xD;
&#xD;
2019-07-26 14:57:37 - [TEST_STEP][PASSED] - openBrowser(ENV): Browser is opened with url: 'https://praetemptatus.agilehealthinsurance.com'&#xD;
&#xD;
2019-07-26 14:57:37 - [MESSAGE][WARNING] - A browser is already opened. Closing browser and opening a new one&#xD;
&#xD;
2019-07-26 14:57:38 - [MESSAGE][INFO] - Starting 'Chrome' driver&#xD;
&#xD;
2019-07-26 14:57:38 - [MESSAGE][INFO] - User set preference: ['mobileEmulation', '{deviceName=iPhone X}']&#xD;
&#xD;
2019-07-26 14:57:38 - [MESSAGE][INFO] - User set preference: ['args', '[--incognito, --aggressive-cache-discard, --no-sandbox, --window-size=375,812]']&#xD;
&#xD;
2019-07-26 14:57:45 - [MESSAGE][PASSED] - Browser is opened with url: 'https://praetemptatus.agilehealthinsurance.com'&#xD;
&#xD;
2019-07-26 14:57:45 - [TEST_STEP][PASSED] - waitForPageLoad(10): Wait for page load successfully&#xD;
&#xD;
2019-07-26 14:57:45 - [MESSAGE][PASSED] - Wait for page load successfully&#xD;
&#xD;
2019-07-26 14:57:45 - [TEST_STEP][PASSED] - callTestCase(findTestCase("mobileWeb/_include/get_screenshot"), [:], STOP_ON_FAILURE): Call Test Case 'Test Cases/mobileWeb/_include/get_screenshot' successfully&#xD;
&#xD;
2019-07-26 14:57:45 - [TEST_CASE][PASSED] - Test Cases/mobileWeb/_include/get_screenshot: Test Cases/mobileWeb/_include/get_screenshot&#xD;
&#xD;
2019-07-26 14:57:45 - [TEST_STEP][PASSED] - takeScreenshot(screenPath + i + ".png"): Taking screenshot successfully&#xD;
&#xD;
2019-07-26 14:57:46 - [MESSAGE][PASSED] - Taking screenshot successfully&#xD;
[[ATTACHMENT|D:\\Test\\AgileTest\\AgileTest\\Reports\\mobileWeb\\stm\\20190726_145349\\../Screenshots/iPhone X/stm/Companion/20190726_145737/0.png]]&#xD;
&#xD;
2019-07-26 14:57:46 - [TEST_STEP][PASSED] - (internal.GlobalVariable.i++): null&#xD;
&#xD;
2019-07-26 14:57:46 - [MESSAGE][PASSED] - Call Test Case 'Test Cases/mobileWeb/_include/get_screenshot' successfully&#xD;
&#xD;
2019-07-26 14:57:46 - [MESSAGE][PASSED] - Call Test Case 'Test Cases/mobileWeb/_include/openWebSite' successfully&#xD;
&#xD;
2019-07-26 14:57:46 - [TEST_STEP][PASSED] - callTestCase(findTestCase("mobileWeb/_include/census_stm"), [:], CONTINUE_ON_FAILURE): Call Test Case 'Test Cases/mobileWeb/_include/census_stm' successfully&#xD;
&#xD;
2019-07-26 14:57:46 - [TEST_CASE][PASSED] - Test Cases/mobileWeb/_include/census_stm: Test Cases/mobileWeb/_include/census_stm&#xD;
&#xD;
2019-07-26 14:57:46 - [TEST_STEP][PASSED] - waitForElementClickable(findTestObject("mobileSanity/STM/Home Page/a_Quote  Save Today"), 10): Object 'Object Repository/mobileSanity/STM/Home Page/a_Quote  Save Today' is clickable&#xD;
&#xD;
2019-07-26 14:57:47 - [MESSAGE][PASSED] - Object 'Object Repository/mobileSanity/STM/Home Page/a_Quote  Save Today' is clickable&#xD;
&#xD;
2019-07-26 14:57:47 - [TEST_STEP][PASSED] - click(findTestObject("mobileSanity/STM/Home Page/a_Quote  Save Today")): Object: 'Object Repository/mobileSanity/STM/Home Page/a_Quote  Save Today' is clicked on&#xD;
&#xD;
2019-07-26 14:57:48 - [MESSAGE][PASSED] - Object: 'Object Repository/mobileSanity/STM/Home Page/a_Quote  Save Today' is clicked on&#xD;
&#xD;
2019-07-26 14:57:48 - [TEST_STEP][PASSED] - waitForPageLoad(10): Wait for page load successfully&#xD;
&#xD;
2019-07-26 14:57:48 - [MESSAGE][PASSED] - Wait for page load successfully&#xD;
&#xD;
2019-07-26 14:57:48 - [TEST_STEP][PASSED] - callTestCase(findTestCase("mobileWeb/_include/get_screenshot"), [:], STOP_ON_FAILURE): Call Test Case 'Test Cases/mobileWeb/_include/get_screenshot' successfully&#xD;
&#xD;
2019-07-26 14:57:48 - [TEST_CASE][PASSED] - Test Cases/mobileWeb/_include/get_screenshot: Test Cases/mobileWeb/_include/get_screenshot&#xD;
&#xD;
2019-07-26 14:57:48 - [TEST_STEP][PASSED] - takeScreenshot(screenPath + i + ".png"): Taking screenshot successfully&#xD;
&#xD;
2019-07-26 14:57:49 - [MESSAGE][PASSED] - Taking screenshot successfully&#xD;
[[ATTACHMENT|D:\\Test\\AgileTest\\AgileTest\\Reports\\mobileWeb\\stm\\20190726_145349\\../Screenshots/iPhone X/stm/Companion/20190726_145737/1.png]]&#xD;
&#xD;
2019-07-26 14:57:49 - [TEST_STEP][PASSED] - (internal.GlobalVariable.i++): null&#xD;
&#xD;
2019-07-26 14:57:49 - [MESSAGE][PASSED] - Call Test Case 'Test Cases/mobileWeb/_include/get_screenshot' successfully&#xD;
&#xD;
2019-07-26 14:57:49 - [TEST_STEP][PASSED] - setText(findTestObject("mobileSanity/STM/STM Census Page/input_Location_zip-input"), zipcode): Text '35215' is set on object 'Object Repository/mobileSanity/STM/STM Census Page/input_Location_zip-input'&#xD;
&#xD;
2019-07-26 14:57:49 - [MESSAGE][PASSED] - Text '35215' is set on object 'Object Repository/mobileSanity/STM/STM Census Page/input_Location_zip-input'&#xD;
&#xD;
2019-07-26 14:57:49 - [TEST_STEP][PASSED] - Thread.sleep(500): null&#xD;
&#xD;
2019-07-26 14:57:50 - [TEST_STEP][PASSED] - setText(findTestObject("mobileSanity/STM/STM Census Page/input_Date of Birth_dob-0"), "03031987"): Text '03031987' is set on object 'Object Repository/mobileSanity/STM/STM Census Page/input_Date of Birth_dob-0'&#xD;
&#xD;
2019-07-26 14:57:50 - [MESSAGE][PASSED] - Text '03031987' is set on object 'Object Repository/mobileSanity/STM/STM Census Page/input_Date of Birth_dob-0'&#xD;
&#xD;
2019-07-26 14:57:50 - [TEST_STEP][PASSED] - click(findTestObject("mobileSanity/STM/STM Census Page/label_Male")): Object: 'Object Repository/mobileSanity/STM/STM Census Page/label_Male' is clicked on&#xD;
&#xD;
2019-07-26 14:57:50 - [MESSAGE][PASSED] - Object: 'Object Repository/mobileSanity/STM/STM Census Page/label_Male' is clicked on&#xD;
&#xD;
2019-07-26 14:57:50 - [TEST_STEP][PASSED] - click(findTestObject("mobileSanity/STM/STM Census Page/label_Compare Plans")): Object: 'Object Repository/mobileSanity/STM/STM Census Page/label_Compare Plans' is clicked on&#xD;
&#xD;
2019-07-26 14:57:55 - [MESSAGE][PASSED] - Object: 'Object Repository/mobileSanity/STM/STM Census Page/label_Compare Plans' is clicked on&#xD;
&#xD;
2019-07-26 14:57:55 - [TEST_STEP][PASSED] - waitForPageLoad(10): Wait for page load successfully&#xD;
&#xD;
2019-07-26 14:57:55 - [MESSAGE][PASSED] - Wait for page load successfully&#xD;
&#xD;
2019-07-26 14:57:55 - [TEST_STEP][PASSED] - Thread.sleep(3000): null&#xD;
&#xD;
2019-07-26 14:57:58 - [TEST_STEP][PASSED] - callTestCase(findTestCase("mobileWeb/_include/get_screenshot"), [:], STOP_ON_FAILURE): Call Test Case 'Test Cases/mobileWeb/_include/get_screenshot' successfully&#xD;
&#xD;
2019-07-26 14:57:58 - [TEST_CASE][PASSED] - Test Cases/mobileWeb/_include/get_screenshot: Test Cases/mobileWeb/_include/get_screenshot&#xD;
&#xD;
2019-07-26 14:57:58 - [TEST_STEP][PASSED] - takeScreenshot(screenPath + i + ".png"): Taking screenshot successfully&#xD;
&#xD;
2019-07-26 14:57:59 - [MESSAGE][PASSED] - Taking screenshot successfully&#xD;
[[ATTACHMENT|D:\\Test\\AgileTest\\AgileTest\\Reports\\mobileWeb\\stm\\20190726_145349\\../Screenshots/iPhone X/stm/Companion/20190726_145737/2.png]]&#xD;
&#xD;
2019-07-26 14:57:59 - [TEST_STEP][PASSED] - (internal.GlobalVariable.i++): null&#xD;
&#xD;
2019-07-26 14:57:59 - [MESSAGE][PASSED] - Call Test Case 'Test Cases/mobileWeb/_include/get_screenshot' successfully&#xD;
&#xD;
2019-07-26 14:57:59 - [TEST_STEP][PASSED] - Thread.sleep(1000): null&#xD;
&#xD;
2019-07-26 14:58:00 - [MESSAGE][PASSED] - Call Test Case 'Test Cases/mobileWeb/_include/census_stm' successfully&#xD;
&#xD;
2019-07-26 14:58:00 - [TEST_STEP][PASSED] - callTestCase(findTestCase("mobileWeb/_include/filter_stm"), ["carrier":"pivotcompanion"], STOP_ON_FAILURE): Call Test Case 'Test Cases/mobileWeb/_include/filter_stm' successfully&#xD;
&#xD;
2019-07-26 14:58:00 - [TEST_CASE][PASSED] - Test Cases/mobileWeb/_include/filter_stm: Test Cases/mobileWeb/_include/filter_stm&#xD;
&#xD;
2019-07-26 14:58:00 - [TEST_STEP][PASSED] - driver = getWebDriver(): null&#xD;
&#xD;
2019-07-26 14:58:00 - [TEST_STEP][PASSED] - selenium = new com.thoughtworks.selenium.webdriven.WebDriverBackedSelenium(driver, internal.GlobalVariable.ENV): null&#xD;
&#xD;
2019-07-26 14:58:00 - [TEST_STEP][PASSED] - Thread.sleep(1000): null&#xD;
&#xD;
2019-07-26 14:58:01 - [TEST_STEP][PASSED] - click(findTestObject("mobileSanity/STM/STM Quote Page/button_filters")): Object: 'Object Repository/mobileSanity/STM/STM Quote Page/button_filters' is clicked on&#xD;
&#xD;
2019-07-26 14:58:02 - [MESSAGE][PASSED] - Object: 'Object Repository/mobileSanity/STM/STM Quote Page/button_filters' is clicked on&#xD;
&#xD;
2019-07-26 14:58:02 - [TEST_STEP][PASSED] - Thread.sleep(1000): null&#xD;
&#xD;
2019-07-26 14:58:03 - [TEST_STEP][PASSED] - click(findTestObject("mobileSanity/STM/STM Quote Page/i_Insurance company")): Object: 'Object Repository/mobileSanity/STM/STM Quote Page/i_Insurance company' is clicked on&#xD;
&#xD;
2019-07-26 14:58:03 - [MESSAGE][PASSED] - Object: 'Object Repository/mobileSanity/STM/STM Quote Page/i_Insurance company' is clicked on&#xD;
&#xD;
2019-07-26 14:58:03 - [TEST_STEP][PASSED] - Thread.sleep(1000): null&#xD;
&#xD;
2019-07-26 14:58:04 - [TEST_STEP][PASSED] - filter_carrier = "//input[@name='filter[carrier]' and @value='" + carrier + "']/following::label": null&#xD;
&#xD;
2019-07-26 14:58:04 - [TEST_STEP][PASSED] - println(filter_carrier): null&#xD;
&#xD;
2019-07-26 14:58:04 - [TEST_STEP][PASSED] - test.MobileKeywords.clickJS_ByXpath(filter_carrier): test.MobileKeywords.clickJS_ByXpath is PASSED&#xD;
&#xD;
2019-07-26 14:58:04 - [MESSAGE][PASSED] - Execute JavaScript 'arguments[0].click()' successfully&#xD;
&#xD;
2019-07-26 14:58:04 - [MESSAGE][PASSED] - test.MobileKeywords.clickJS_ByXpath is PASSED&#xD;
&#xD;
2019-07-26 14:58:04 - [TEST_STEP][PASSED] - Thread.sleep(1000): null&#xD;
&#xD;
2019-07-26 14:58:05 - [TEST_STEP][PASSED] - scrollToElement(findTestObject("mobileSanity/STM/STM Quote Page/a_Show Plans"), 1000): Scroll to object 'Object Repository/mobileSanity/STM/STM Quote Page/a_Show Plans' successfully&#xD;
&#xD;
2019-07-26 14:58:05 - [MESSAGE][PASSED] - Scroll to object 'Object Repository/mobileSanity/STM/STM Quote Page/a_Show Plans' successfully&#xD;
&#xD;
2019-07-26 14:58:05 - [TEST_STEP][PASSED] - click(findTestObject("mobileSanity/STM/STM Quote Page/a_Show Plans")): Object: 'Object Repository/mobileSanity/STM/STM Quote Page/a_Show Plans' is clicked on&#xD;
&#xD;
2019-07-26 14:58:05 - [MESSAGE][PASSED] - Object: 'Object Repository/mobileSanity/STM/STM Quote Page/a_Show Plans' is clicked on&#xD;
&#xD;
2019-07-26 14:58:05 - [TEST_STEP][PASSED] - waitForJQueryLoad(10, STOP_ON_FAILURE): jQuery is ready.&#xD;
&#xD;
2019-07-26 14:58:06 - [MESSAGE][PASSED] - jQuery is ready.&#xD;
&#xD;
2019-07-26 14:58:06 - [TEST_STEP][PASSED] - Thread.sleep(2000): null&#xD;
&#xD;
2019-07-26 14:58:08 - [TEST_STEP][PASSED] - callTestCase(findTestCase("mobileWeb/_include/get_screenshot"), [:], STOP_ON_FAILURE): Call Test Case 'Test Cases/mobileWeb/_include/get_screenshot' successfully&#xD;
&#xD;
2019-07-26 14:58:08 - [TEST_CASE][PASSED] - Test Cases/mobileWeb/_include/get_screenshot: Test Cases/mobileWeb/_include/get_screenshot&#xD;
&#xD;
2019-07-26 14:58:08 - [TEST_STEP][PASSED] - takeScreenshot(screenPath + i + ".png"): Taking screenshot successfully&#xD;
&#xD;
2019-07-26 14:58:09 - [MESSAGE][PASSED] - Taking screenshot successfully&#xD;
[[ATTACHMENT|D:\\Test\\AgileTest\\AgileTest\\Reports\\mobileWeb\\stm\\20190726_145349\\../Screenshots/iPhone X/stm/Companion/20190726_145737/3.png]]&#xD;
&#xD;
2019-07-26 14:58:09 - [TEST_STEP][PASSED] - (internal.GlobalVariable.i++): null&#xD;
&#xD;
2019-07-26 14:58:09 - [MESSAGE][PASSED] - Call Test Case 'Test Cases/mobileWeb/_include/get_screenshot' successfully&#xD;
&#xD;
2019-07-26 14:58:09 - [MESSAGE][PASSED] - Call Test Case 'Test Cases/mobileWeb/_include/filter_stm' successfully&#xD;
&#xD;
2019-07-26 14:58:09 - [TEST_STEP][PASSED] - callTestCase(findTestCase("mobileWeb/_include/goToDetail_stm"), ["carrier":"pivot-health-choice"], STOP_ON_FAILURE): Call Test Case 'Test Cases/mobileWeb/_include/goToDetail_stm' successfully&#xD;
&#xD;
2019-07-26 14:58:09 - [TEST_CASE][PASSED] - Test Cases/mobileWeb/_include/goToDetail_stm: Test Cases/mobileWeb/_include/goToDetail_stm&#xD;
&#xD;
2019-07-26 14:58:09 - [TEST_STEP][PASSED] - driver = getWebDriver(): null&#xD;
&#xD;
2019-07-26 14:58:09 - [TEST_STEP][PASSED] - selenium = new com.thoughtworks.selenium.webdriven.WebDriverBackedSelenium(driver, internal.GlobalVariable.ENV): null&#xD;
&#xD;
2019-07-26 14:58:09 - [TEST_STEP][PASSED] - a_plan_name = "xpath=//a[contains(@href,'/term-health-insurance/plan/" + carrier + "')]": null&#xD;
&#xD;
2019-07-26 14:58:09 - [TEST_STEP][PASSED] - println(a_plan_name): null&#xD;
&#xD;
2019-07-26 14:58:09 - [TEST_STEP][PASSED] - selenium.click(a_plan_name): null&#xD;
&#xD;
2019-07-26 14:58:12 - [TEST_STEP][PASSED] - waitForPageLoad(10): Wait for page load successfully&#xD;
&#xD;
2019-07-26 14:58:12 - [MESSAGE][PASSED] - Wait for page load successfully&#xD;
&#xD;
2019-07-26 14:58:12 - [TEST_STEP][PASSED] - Thread.sleep(2000): null&#xD;
&#xD;
2019-07-26 14:58:14 - [TEST_STEP][PASSED] - callTestCase(findTestCase("mobileWeb/_include/get_screenshot"), [:], STOP_ON_FAILURE): Call Test Case 'Test Cases/mobileWeb/_include/get_screenshot' successfully&#xD;
&#xD;
2019-07-26 14:58:14 - [TEST_CASE][PASSED] - Test Cases/mobileWeb/_include/get_screenshot: Test Cases/mobileWeb/_include/get_screenshot&#xD;
&#xD;
2019-07-26 14:58:14 - [TEST_STEP][PASSED] - takeScreenshot(screenPath + i + ".png"): Taking screenshot successfully&#xD;
&#xD;
2019-07-26 14:58:15 - [MESSAGE][PASSED] - Taking screenshot successfully&#xD;
[[ATTACHMENT|D:\\Test\\AgileTest\\AgileTest\\Reports\\mobileWeb\\stm\\20190726_145349\\../Screenshots/iPhone X/stm/Companion/20190726_145737/4.png]]&#xD;
&#xD;
2019-07-26 14:58:15 - [TEST_STEP][PASSED] - (internal.GlobalVariable.i++): null&#xD;
&#xD;
2019-07-26 14:58:15 - [MESSAGE][PASSED] - Call Test Case 'Test Cases/mobileWeb/_include/get_screenshot' successfully&#xD;
&#xD;
2019-07-26 14:58:15 - [MESSAGE][PASSED] - Call Test Case 'Test Cases/mobileWeb/_include/goToDetail_stm' successfully&#xD;
&#xD;
2019-07-26 14:58:15 - [TEST_STEP][PASSED] - callTestCase(findTestCase("mobileWeb/_include/apply_stm"), [:], STOP_ON_FAILURE): Call Test Case 'Test Cases/mobileWeb/_include/apply_stm' successfully&#xD;
&#xD;
2019-07-26 14:58:15 - [TEST_CASE][PASSED] - Test Cases/mobileWeb/_include/apply_stm: Test Cases/mobileWeb/_include/apply_stm&#xD;
&#xD;
2019-07-26 14:58:15 - [TEST_STEP][PASSED] - waitForElementVisible(findTestObject("mobileSanity/STM/STM PlanDetail Page/a_Apply for This Plan"), 5): Object 'Object Repository/mobileSanity/STM/STM PlanDetail Page/a_Apply for This Plan' is visible&#xD;
&#xD;
2019-07-26 14:58:15 - [MESSAGE][PASSED] - Object 'Object Repository/mobileSanity/STM/STM PlanDetail Page/a_Apply for This Plan' is visible&#xD;
&#xD;
2019-07-26 14:58:15 - [TEST_STEP][PASSED] - click(findTestObject("mobileSanity/STM/STM PlanDetail Page/a_Apply for This Plan")): Object: 'Object Repository/mobileSanity/STM/STM PlanDetail Page/a_Apply for This Plan' is clicked on&#xD;
&#xD;
2019-07-26 14:58:17 - [MESSAGE][PASSED] - Object: 'Object Repository/mobileSanity/STM/STM PlanDetail Page/a_Apply for This Plan' is clicked on&#xD;
&#xD;
2019-07-26 14:58:17 - [TEST_STEP][PASSED] - waitForPageLoad(10): Wait for page load successfully&#xD;
&#xD;
2019-07-26 14:58:17 - [MESSAGE][PASSED] - Wait for page load successfully&#xD;
&#xD;
2019-07-26 14:58:17 - [TEST_STEP][PASSED] - Thread.sleep(2000): null&#xD;
&#xD;
2019-07-26 14:58:19 - [TEST_STEP][PASSED] - callTestCase(findTestCase("mobileWeb/_include/get_screenshot"), [:], STOP_ON_FAILURE): Call Test Case 'Test Cases/mobileWeb/_include/get_screenshot' successfully&#xD;
&#xD;
2019-07-26 14:58:19 - [TEST_CASE][PASSED] - Test Cases/mobileWeb/_include/get_screenshot: Test Cases/mobileWeb/_include/get_screenshot&#xD;
&#xD;
2019-07-26 14:58:19 - [TEST_STEP][PASSED] - takeScreenshot(screenPath + i + ".png"): Taking screenshot successfully&#xD;
&#xD;
2019-07-26 14:58:19 - [MESSAGE][PASSED] - Taking screenshot successfully&#xD;
[[ATTACHMENT|D:\\Test\\AgileTest\\AgileTest\\Reports\\mobileWeb\\stm\\20190726_145349\\../Screenshots/iPhone X/stm/Companion/20190726_145737/5.png]]&#xD;
&#xD;
2019-07-26 14:58:19 - [TEST_STEP][PASSED] - (internal.GlobalVariable.i++): null&#xD;
&#xD;
2019-07-26 14:58:19 - [MESSAGE][PASSED] - Call Test Case 'Test Cases/mobileWeb/_include/get_screenshot' successfully&#xD;
&#xD;
2019-07-26 14:58:19 - [TEST_STEP][PASSED] - waitForElementVisible(findTestObject("mobileSanity/STM/STM Apply Page/a_Start Secure Application"), 5): Object 'Object Repository/mobileSanity/STM/STM Apply Page/a_Start Secure Application' is visible&#xD;
&#xD;
2019-07-26 14:58:20 - [MESSAGE][PASSED] - Object 'Object Repository/mobileSanity/STM/STM Apply Page/a_Start Secure Application' is visible&#xD;
&#xD;
2019-07-26 14:58:20 - [TEST_STEP][PASSED] - click(findTestObject("mobileSanity/STM/STM Apply Page/a_Start Secure Application")): Object: 'Object Repository/mobileSanity/STM/STM Apply Page/a_Start Secure Application' is clicked on&#xD;
&#xD;
2019-07-26 14:58:22 - [MESSAGE][PASSED] - Object: 'Object Repository/mobileSanity/STM/STM Apply Page/a_Start Secure Application' is clicked on&#xD;
&#xD;
2019-07-26 14:58:22 - [TEST_STEP][PASSED] - waitForPageLoad(10): Wait for page load successfully&#xD;
&#xD;
2019-07-26 14:58:22 - [MESSAGE][PASSED] - Wait for page load successfully&#xD;
&#xD;
2019-07-26 14:58:22 - [TEST_STEP][PASSED] - Thread.sleep(2000): null&#xD;
&#xD;
2019-07-26 14:58:24 - [TEST_STEP][PASSED] - callTestCase(findTestCase("mobileWeb/_include/get_screenshot"), [:], STOP_ON_FAILURE): Call Test Case 'Test Cases/mobileWeb/_include/get_screenshot' successfully&#xD;
&#xD;
2019-07-26 14:58:24 - [TEST_CASE][PASSED] - Test Cases/mobileWeb/_include/get_screenshot: Test Cases/mobileWeb/_include/get_screenshot&#xD;
&#xD;
2019-07-26 14:58:24 - [TEST_STEP][PASSED] - takeScreenshot(screenPath + i + ".png"): Taking screenshot successfully&#xD;
&#xD;
2019-07-26 14:58:25 - [MESSAGE][PASSED] - Taking screenshot successfully&#xD;
[[ATTACHMENT|D:\\Test\\AgileTest\\AgileTest\\Reports\\mobileWeb\\stm\\20190726_145349\\../Screenshots/iPhone X/stm/Companion/20190726_145737/6.png]]&#xD;
&#xD;
2019-07-26 14:58:25 - [TEST_STEP][PASSED] - (internal.GlobalVariable.i++): null&#xD;
&#xD;
2019-07-26 14:58:25 - [MESSAGE][PASSED] - Call Test Case 'Test Cases/mobileWeb/_include/get_screenshot' successfully&#xD;
&#xD;
2019-07-26 14:58:25 - [MESSAGE][PASSED] - Call Test Case 'Test Cases/mobileWeb/_include/apply_stm' successfully&#xD;
&#xD;
2019-07-26 14:58:25 - [TEST_STEP][PASSED] - callTestCase(findTestCase("mobileWeb/_include/goToEnd_stm_autofill"), [:], STOP_ON_FAILURE): Call Test Case 'Test Cases/mobileWeb/_include/goToEnd_stm_autofill' successfully&#xD;
&#xD;
2019-07-26 14:58:25 - [TEST_CASE][PASSED] - Test Cases/mobileWeb/_include/goToEnd_stm_autofill: Test Cases/mobileWeb/_include/goToEnd_stm_autofill&#xD;
&#xD;
2019-07-26 14:58:25 - [TEST_STEP][PASSED] - callTestCase(findTestCase("mobileWeb/_include/name"), [:], CONTINUE_ON_FAILURE): Call Test Case 'Test Cases/mobileWeb/_include/name' successfully&#xD;
&#xD;
2019-07-26 14:58:25 - [TEST_CASE][PASSED] - Test Cases/mobileWeb/_include/name: Test Cases/mobileWeb/_include/name&#xD;
&#xD;
2019-07-26 14:58:25 - [TEST_STEP][PASSED] - driver = getWebDriver(): null&#xD;
&#xD;
2019-07-26 14:58:25 - [TEST_STEP][PASSED] - selenium = new com.thoughtworks.selenium.webdriven.WebDriverBackedSelenium(driver, internal.GlobalVariable.ENV): null&#xD;
&#xD;
2019-07-26 14:58:25 - [TEST_STEP][PASSED] - FirstName = "Test-123": null&#xD;
&#xD;
2019-07-26 14:58:25 - [TEST_STEP][PASSED] - LastName = selenium.getEval("{var x="ABCDEFGHIJKLMNOPQRSTUVWXYZabcdefghijklmnopqrstuvwxyz"; var tmp="ZZ11-"; for (i=0;i&lt;8;i++) tmp+=x.charAt(Math.ceil(51*Math.random()));tmp;}"): null&#xD;
&#xD;
2019-07-26 14:58:25 - [TEST_STEP][PASSED] - Address = selenium.getEval("{var x="ABCDEFGHIJKLMNOPQRSTUVWXYZabcdefghijklmnopqrstuvwxyz"; var tmp=""; for (i=0;i&lt;8;i++) tmp+=x.charAt(Math.ceil(51*Math.random()));tmp;}"): null&#xD;
&#xD;
2019-07-26 14:58:25 - [TEST_STEP][PASSED] - City = selenium.getEval("{var x="ABCDEFGHIJKLMNOPQRSTUVWXYZabcdefghijklmnopqrstuvwxyz"; var tmp=""; for (i=0;i&lt;8;i++) tmp+=x.charAt(Math.ceil(51*Math.random()));tmp;}"): null&#xD;
&#xD;
2019-07-26 14:58:25 - [TEST_STEP][PASSED] - tel1 = selenium.getEval("{var x="123456789"; var tmp=""; for (i=0;i&lt;3;i++) tmp+=x.charAt(Math.ceil(8*Math.random()));tmp;}"): null&#xD;
&#xD;
2019-07-26 14:58:25 - [TEST_STEP][PASSED] - tel2 = selenium.getEval("{var x="123456789"; var tmp=""; for (i=0;i&lt;3;i++) tmp+=x.charAt(Math.ceil(8*Math.random()));tmp;}"): null&#xD;
&#xD;
2019-07-26 14:58:25 - [TEST_STEP][PASSED] - tel3 = selenium.getEval("{var x="123456789"; var tmp=""; for (i=0;i&lt;4;i++) tmp+=x.charAt(Math.ceil(8*Math.random()));tmp;}"): null&#xD;
&#xD;
2019-07-26 14:58:25 - [TEST_STEP][PASSED] - Tel = selenium.getExpression(tel1 + "-" + tel2 + "-" + tel3): null&#xD;
&#xD;
2019-07-26 14:58:25 - [TEST_STEP][PASSED] - AutoEmail = selenium.getEval("{var x="ABCDEFGHIJKLMNOPQRSTUVWXYZabcdefghijklmnopqrstuvwxyz"; var tmp="test."; for (i=0;i&lt;8;i++) tmp+=x.charAt(Math.ceil(51*Math.random()));tmp+="@suryani.cn";}"): null&#xD;
&#xD;
2019-07-26 14:58:25 - [TEST_STEP][PASSED] - FirstName = FirstName: null&#xD;
&#xD;
2019-07-26 14:58:25 - [TEST_STEP][PASSED] - LastName = LastName: null&#xD;
&#xD;
2019-07-26 14:58:25 - [TEST_STEP][PASSED] - Address = Address: null&#xD;
&#xD;
2019-07-26 14:58:25 - [TEST_STEP][PASSED] - City = City: null&#xD;
&#xD;
2019-07-26 14:58:25 - [TEST_STEP][PASSED] - Tel = Tel: null&#xD;
&#xD;
2019-07-26 14:58:25 - [TEST_STEP][PASSED] - AutoEmail = AutoEmail: null&#xD;
&#xD;
2019-07-26 14:58:25 - [TEST_STEP][PASSED] - println(FirstName): null&#xD;
&#xD;
2019-07-26 14:58:25 - [TEST_STEP][PASSED] - println(LastName): null&#xD;
&#xD;
2019-07-26 14:58:25 - [TEST_STEP][PASSED] - println(Address): null&#xD;
&#xD;
2019-07-26 14:58:25 - [TEST_STEP][PASSED] - println(City): null&#xD;
&#xD;
2019-07-26 14:58:25 - [TEST_STEP][PASSED] - println(Tel): null&#xD;
&#xD;
2019-07-26 14:58:25 - [TEST_STEP][PASSED] - println(AutoEmail): null&#xD;
&#xD;
2019-07-26 14:58:25 - [MESSAGE][PASSED] - Call Test Case 'Test Cases/mobileWeb/_include/name' successfully&#xD;
&#xD;
2019-07-26 14:58:25 - [TEST_STEP][FAILED] - try: Unable to verify text 'Month Duration Acknowledgement' is present  (Root cause: com.kms.katalon.core.exception.StepFailedException: Unable to verify text 'Month Duration Acknowledgement' is present &#xD;
	at com.kms.katalon.core.webui.keyword.internal.WebUIKeywordMain.stepFailed(WebUIKeywordMain.groovy:64)&#xD;
	at com.kms.katalon.core.webui.keyword.internal.WebUIKeywordMain.runKeyword(WebUIKeywordMain.groovy:26)&#xD;
	at com.kms.katalon.core.webui.keyword.builtin.VerifyTextPresentKeyword.verifyTextPresent(VerifyTextPresentKeyword.groovy:83)&#xD;
	at com.kms.katalon.core.webui.keyword.builtin.VerifyTextPresentKeyword.execute(VerifyTextPresentKeyword.groovy:68)&#xD;
	at com.kms.katalon.core.keyword.internal.KeywordExecutor.executeKeywordForPlatform(KeywordExecutor.groovy:56)&#xD;
	at com.kms.katalon.core.webui.keyword.WebUiBuiltInKeywords.verifyTextPresent(WebUiBuiltInKeywords.groovy:1693)&#xD;
	at com.kms.katalon.core.webui.keyword.WebUiBuiltInKeywords$verifyTextPresent$9.call(Unknown Source)&#xD;
	at goToEnd_stm_autofill.run(goToEnd_stm_autofill:19)&#xD;
	at com.kms.katalon.core.main.ScriptEngine.run(ScriptEngine.java:194)&#xD;
	at com.kms.katalon.core.main.ScriptEngine.runScriptAsRawText(ScriptEngine.java:119)&#xD;
	at com.kms.katalon.core.main.TestCaseExecutor.runScript(TestCaseExecutor.java:337)&#xD;
	at com.kms.katalon.core.main.TestCaseExecutor.doExecute(TestCaseExecutor.java:328)&#xD;
	at com.kms.katalon.core.main.TestCaseExecutor.processExecutionPhase(TestCaseExecutor.java:307)&#xD;
	at com.kms.katalon.core.main.TestCaseExecutor.accessMainPhase(TestCaseExecutor.java:299)&#xD;
	at com.kms.katalon.core.main.TestCaseExecutor.execute(TestCaseExecutor.java:233)&#xD;
	at com.kms.katalon.core.main.TestCaseMain.runTestCase(TestCaseMain.java:114)&#xD;
	at com.kms.katalon.core.keyword.builtin.CallTestCaseKeyword$_callTestCase_closure1.doCall(CallTestCaseKeyword.groovy:59)&#xD;
	at com.kms.katalon.core.keyword.builtin.CallTestCaseKeyword$_callTestCase_closure1.call(CallTestCaseKeyword.groovy)&#xD;
	at com.kms.katalon.core.keyword.internal.KeywordMain.runKeyword(KeywordMain.groovy:68)&#xD;
	at com.kms.katalon.core.keyword.builtin.CallTestCaseKeyword.callTestCase(CallTestCaseKeyword.groovy:81)&#xD;
	at com.kms.katalon.core.keyword.builtin.CallTestCaseKeyword.execute(CallTestCaseKeyword.groovy:44)&#xD;
	at com.kms.katalon.core.keyword.internal.KeywordExecutor.executeKeywordForPlatform(KeywordExecutor.groovy:56)&#xD;
	at com.kms.katalon.core.keyword.BuiltinKeywords.callTestCase(BuiltinKeywords.groovy:334)&#xD;
	at Companion.run(Companion:31)&#xD;
	at com.kms.katalon.core.main.ScriptEngine.run(ScriptEngine.java:194)&#xD;
	at com.kms.katalon.core.main.ScriptEngine.runScriptAsRawText(ScriptEngine.java:119)&#xD;
	at com.kms.katalon.core.main.TestCaseExecutor.runScript(TestCaseExecutor.java:337)&#xD;
	at com.kms.katalon.core.main.TestCaseExecutor.doExecute(TestCaseExecutor.java:328)&#xD;
	at com.kms.katalon.core.main.TestCaseExecutor.processExecutionPhase(TestCaseExecutor.java:307)&#xD;
	at com.kms.katalon.core.main.TestCaseExecutor.accessMainPhase(TestCaseExecutor.java:299)&#xD;
	at com.kms.katalon.core.main.TestCaseExecutor.execute(TestCaseExecutor.java:233)&#xD;
	at com.kms.katalon.core.main.TestSuiteExecutor.accessTestCaseMainPhase(TestSuiteExecutor.java:133)&#xD;
	at com.kms.katalon.core.main.TestSuiteExecutor.accessTestSuiteMainPhase(TestSuiteExecutor.java:116)&#xD;
	at com.kms.katalon.core.main.TestSuiteExecutor.execute(TestSuiteExecutor.java:83)&#xD;
	at com.kms.katalon.core.main.TestCaseMain.startTestSuite(TestCaseMain.java:157)&#xD;
	at com.kms.katalon.core.main.TestCaseMain$startTestSuite$0.call(Unknown Source)&#xD;
	at TempTestSuite1564124029030.run(TempTestSuite1564124029030.groovy:35)&#xD;
Caused by: com.kms.katalon.core.exception.StepFailedException: Text 'Month Duration Acknowledgement' is not present on page &#xD;
	at com.kms.katalon.core.webui.keyword.internal.WebUIKeywordMain.stepFailed(WebUIKeywordMain.groovy:64)&#xD;
	at com.kms.katalon.core.webui.keyword.builtin.VerifyTextPresentKeyword$_verifyTextPresent_closure1.doCall(VerifyTextPresentKeyword.groovy:79)&#xD;
	at com.kms.katalon.core.webui.keyword.builtin.VerifyTextPresentKeyword$_verifyTextPresent_closure1.call(VerifyTextPresentKeyword.groovy)&#xD;
	at com.kms.katalon.core.webui.keyword.internal.WebUIKeywordMain.runKeyword(WebUIKeywordMain.groovy:20)&#xD;
	... 35 more&#xD;
)&#xD;
&#xD;
2019-07-26 14:58:25 - [TEST_STEP][FAILED] - if (verifyTextPresent("Month Duration Acknowledgement", false)): Unable to verify text 'Month Duration Acknowledgement' is present  (Root cause: com.kms.katalon.core.exception.StepFailedException: Unable to verify text 'Month Duration Acknowledgement' is present &#xD;
	at com.kms.katalon.core.webui.keyword.internal.WebUIKeywordMain.stepFailed(WebUIKeywordMain.groovy:64)&#xD;
	at com.kms.katalon.core.webui.keyword.internal.WebUIKeywordMain.runKeyword(WebUIKeywordMain.groovy:26)&#xD;
	at com.kms.katalon.core.webui.keyword.builtin.VerifyTextPresentKeyword.verifyTextPresent(VerifyTextPresentKeyword.groovy:83)&#xD;
	at com.kms.katalon.core.webui.keyword.builtin.VerifyTextPresentKeyword.execute(VerifyTextPresentKeyword.groovy:68)&#xD;
	at com.kms.katalon.core.keyword.internal.KeywordExecutor.executeKeywordForPlatform(KeywordExecutor.groovy:56)&#xD;
	at com.kms.katalon.core.webui.keyword.WebUiBuiltInKeywords.verifyTextPresent(WebUiBuiltInKeywords.groovy:1693)&#xD;
	at com.kms.katalon.core.webui.keyword.WebUiBuiltInKeywords$verifyTextPresent$9.call(Unknown Source)&#xD;
	at goToEnd_stm_autofill.run(goToEnd_stm_autofill:19)&#xD;
	at com.kms.katalon.core.main.ScriptEngine.run(ScriptEngine.java:194)&#xD;
	at com.kms.katalon.core.main.ScriptEngine.runScriptAsRawText(ScriptEngine.java:119)&#xD;
	at com.kms.katalon.core.main.TestCaseExecutor.runScript(TestCaseExecutor.java:337)&#xD;
	at com.kms.katalon.core.main.TestCaseExecutor.doExecute(TestCaseExecutor.java:328)&#xD;
	at com.kms.katalon.core.main.TestCaseExecutor.processExecutionPhase(TestCaseExecutor.java:307)&#xD;
	at com.kms.katalon.core.main.TestCaseExecutor.accessMainPhase(TestCaseExecutor.java:299)&#xD;
	at com.kms.katalon.core.main.TestCaseExecutor.execute(TestCaseExecutor.java:233)&#xD;
	at com.kms.katalon.core.main.TestCaseMain.runTestCase(TestCaseMain.java:114)&#xD;
	at com.kms.katalon.core.keyword.builtin.CallTestCaseKeyword$_callTestCase_closure1.doCall(CallTestCaseKeyword.groovy:59)&#xD;
	at com.kms.katalon.core.keyword.builtin.CallTestCaseKeyword$_callTestCase_closure1.call(CallTestCaseKeyword.groovy)&#xD;
	at com.kms.katalon.core.keyword.internal.KeywordMain.runKeyword(KeywordMain.groovy:68)&#xD;
	at com.kms.katalon.core.keyword.builtin.CallTestCaseKeyword.callTestCase(CallTestCaseKeyword.groovy:81)&#xD;
	at com.kms.katalon.core.keyword.builtin.CallTestCaseKeyword.execute(CallTestCaseKeyword.groovy:44)&#xD;
	at com.kms.katalon.core.keyword.internal.KeywordExecutor.executeKeywordForPlatform(KeywordExecutor.groovy:56)&#xD;
	at com.kms.katalon.core.keyword.BuiltinKeywords.callTestCase(BuiltinKeywords.groovy:334)&#xD;
	at Companion.run(Companion:31)&#xD;
	at com.kms.katalon.core.main.ScriptEngine.run(ScriptEngine.java:194)&#xD;
	at com.kms.katalon.core.main.ScriptEngine.runScriptAsRawText(ScriptEngine.java:119)&#xD;
	at com.kms.katalon.core.main.TestCaseExecutor.runScript(TestCaseExecutor.java:337)&#xD;
	at com.kms.katalon.core.main.TestCaseExecutor.doExecute(TestCaseExecutor.java:328)&#xD;
	at com.kms.katalon.core.main.TestCaseExecutor.processExecutionPhase(TestCaseExecutor.java:307)&#xD;
	at com.kms.katalon.core.main.TestCaseExecutor.accessMainPhase(TestCaseExecutor.java:299)&#xD;
	at com.kms.katalon.core.main.TestCaseExecutor.execute(TestCaseExecutor.java:233)&#xD;
	at com.kms.katalon.core.main.TestSuiteExecutor.accessTestCaseMainPhase(TestSuiteExecutor.java:133)&#xD;
	at com.kms.katalon.core.main.TestSuiteExecutor.accessTestSuiteMainPhase(TestSuiteExecutor.java:116)&#xD;
	at com.kms.katalon.core.main.TestSuiteExecutor.execute(TestSuiteExecutor.java:83)&#xD;
	at com.kms.katalon.core.main.TestCaseMain.startTestSuite(TestCaseMain.java:157)&#xD;
	at com.kms.katalon.core.main.TestCaseMain$startTestSuite$0.call(Unknown Source)&#xD;
	at TempTestSuite1564124029030.run(TempTestSuite1564124029030.groovy:35)&#xD;
Caused by: com.kms.katalon.core.exception.StepFailedException: Text 'Month Duration Acknowledgement' is not present on page &#xD;
	at com.kms.katalon.core.webui.keyword.internal.WebUIKeywordMain.stepFailed(WebUIKeywordMain.groovy:64)&#xD;
	at com.kms.katalon.core.webui.keyword.builtin.VerifyTextPresentKeyword$_verifyTextPresent_closure1.doCall(VerifyTextPresentKeyword.groovy:79)&#xD;
	at com.kms.katalon.core.webui.keyword.builtin.VerifyTextPresentKeyword$_verifyTextPresent_closure1.call(VerifyTextPresentKeyword.groovy)&#xD;
	at com.kms.katalon.core.webui.keyword.internal.WebUIKeywordMain.runKeyword(WebUIKeywordMain.groovy:20)&#xD;
	... 35 more&#xD;
)&#xD;
&#xD;
2019-07-26 14:58:26 - [MESSAGE][FAILED] - Text 'Month Duration Acknowledgement' is not present on page  (Root cause: com.kms.katalon.core.exception.StepFailedException: Text 'Month Duration Acknowledgement' is not present on page &#xD;
	at com.kms.katalon.core.webui.keyword.internal.WebUIKeywordMain.stepFailed(WebUIKeywordMain.groovy:64)&#xD;
	at com.kms.katalon.core.webui.keyword.builtin.VerifyTextPresentKeyword$_verifyTextPresent_closure1.doCall(VerifyTextPresentKeyword.groovy:79)&#xD;
	at com.kms.katalon.core.webui.keyword.builtin.VerifyTextPresentKeyword$_verifyTextPresent_closure1.call(VerifyTextPresentKeyword.groovy)&#xD;
	at com.kms.katalon.core.webui.keyword.internal.WebUIKeywordMain.runKeyword(WebUIKeywordMain.groovy:20)&#xD;
	at com.kms.katalon.core.webui.keyword.builtin.VerifyTextPresentKeyword.verifyTextPresent(VerifyTextPresentKeyword.groovy:83)&#xD;
	at com.kms.katalon.core.webui.keyword.builtin.VerifyTextPresentKeyword.execute(VerifyTextPresentKeyword.groovy:68)&#xD;
	at com.kms.katalon.core.keyword.internal.KeywordExecutor.executeKeywordForPlatform(KeywordExecutor.groovy:56)&#xD;
	at com.kms.katalon.core.webui.keyword.WebUiBuiltInKeywords.verifyTextPresent(WebUiBuiltInKeywords.groovy:1693)&#xD;
	at com.kms.katalon.core.webui.keyword.WebUiBuiltInKeywords$verifyTextPresent$9.call(Unknown Source)&#xD;
	at goToEnd_stm_autofill.run(goToEnd_stm_autofill:19)&#xD;
	at com.kms.katalon.core.main.ScriptEngine.run(ScriptEngine.java:194)&#xD;
	at com.kms.katalon.core.main.ScriptEngine.runScriptAsRawText(ScriptEngine.java:119)&#xD;
	at com.kms.katalon.core.main.TestCaseExecutor.runScript(TestCaseExecutor.java:337)&#xD;
	at com.kms.katalon.core.main.TestCaseExecutor.doExecute(TestCaseExecutor.java:328)&#xD;
	at com.kms.katalon.core.main.TestCaseExecutor.processExecutionPhase(TestCaseExecutor.java:307)&#xD;
	at com.kms.katalon.core.main.TestCaseExecutor.accessMainPhase(TestCaseExecutor.java:299)&#xD;
	at com.kms.katalon.core.main.TestCaseExecutor.execute(TestCaseExecutor.java:233)&#xD;
	at com.kms.katalon.core.main.TestCaseMain.runTestCase(TestCaseMain.java:114)&#xD;
	at com.kms.katalon.core.keyword.builtin.CallTestCaseKeyword$_callTestCase_closure1.doCall(CallTestCaseKeyword.groovy:59)&#xD;
	at com.kms.katalon.core.keyword.builtin.CallTestCaseKeyword$_callTestCase_closure1.call(CallTestCaseKeyword.groovy)&#xD;
	at com.kms.katalon.core.keyword.internal.KeywordMain.runKeyword(KeywordMain.groovy:68)&#xD;
	at com.kms.katalon.core.keyword.builtin.CallTestCaseKeyword.callTestCase(CallTestCaseKeyword.groovy:81)&#xD;
	at com.kms.katalon.core.keyword.builtin.CallTestCaseKeyword.execute(CallTestCaseKeyword.groovy:44)&#xD;
	at com.kms.katalon.core.keyword.internal.KeywordExecutor.executeKeywordForPlatform(KeywordExecutor.groovy:56)&#xD;
	at com.kms.katalon.core.keyword.BuiltinKeywords.callTestCase(BuiltinKeywords.groovy:334)&#xD;
	at Companion.run(Companion:31)&#xD;
	at com.kms.katalon.core.main.ScriptEngine.run(ScriptEngine.java:194)&#xD;
	at com.kms.katalon.core.main.ScriptEngine.runScriptAsRawText(ScriptEngine.java:119)&#xD;
	at com.kms.katalon.core.main.TestCaseExecutor.runScript(TestCaseExecutor.java:337)&#xD;
	at com.kms.katalon.core.main.TestCaseExecutor.doExecute(TestCaseExecutor.java:328)&#xD;
	at com.kms.katalon.core.main.TestCaseExecutor.processExecutionPhase(TestCaseExecutor.java:307)&#xD;
	at com.kms.katalon.core.main.TestCaseExecutor.accessMainPhase(TestCaseExecutor.java:299)&#xD;
	at com.kms.katalon.core.main.TestCaseExecutor.execute(TestCaseExecutor.java:233)&#xD;
	at com.kms.katalon.core.main.TestSuiteExecutor.accessTestCaseMainPhase(TestSuiteExecutor.java:133)&#xD;
	at com.kms.katalon.core.main.TestSuiteExecutor.accessTestSuiteMainPhase(TestSuiteExecutor.java:116)&#xD;
	at com.kms.katalon.core.main.TestSuiteExecutor.execute(TestSuiteExecutor.java:83)&#xD;
	at com.kms.katalon.core.main.TestCaseMain.startTestSuite(TestCaseMain.java:157)&#xD;
	at com.kms.katalon.core.main.TestCaseMain$startTestSuite$0.call(Unknown Source)&#xD;
	at TempTestSuite1564124029030.run(TempTestSuite1564124029030.groovy:35)&#xD;
)&#xD;
&#xD;
2019-07-26 14:58:27 - [MESSAGE][FAILED] - Unable to verify text 'Month Duration Acknowledgement' is present  (Root cause: com.kms.katalon.core.exception.StepFailedException: Unable to verify text 'Month Duration Acknowledgement' is present &#xD;
	at com.kms.katalon.core.webui.keyword.internal.WebUIKeywordMain.stepFailed(WebUIKeywordMain.groovy:64)&#xD;
	at com.kms.katalon.core.webui.keyword.internal.WebUIKeywordMain.runKeyword(WebUIKeywordMain.groovy:26)&#xD;
	at com.kms.katalon.core.webui.keyword.builtin.VerifyTextPresentKeyword.verifyTextPresent(VerifyTextPresentKeyword.groovy:83)&#xD;
	at com.kms.katalon.core.webui.keyword.builtin.VerifyTextPresentKeyword.execute(VerifyTextPresentKeyword.groovy:68)&#xD;
	at com.kms.katalon.core.keyword.internal.KeywordExecutor.executeKeywordForPlatform(KeywordExecutor.groovy:56)&#xD;
	at com.kms.katalon.core.webui.keyword.WebUiBuiltInKeywords.verifyTextPresent(WebUiBuiltInKeywords.groovy:1693)&#xD;
	at com.kms.katalon.core.webui.keyword.WebUiBuiltInKeywords$verifyTextPresent$9.call(Unknown Source)&#xD;
	at goToEnd_stm_autofill.run(goToEnd_stm_autofill:19)&#xD;
	at com.kms.katalon.core.main.ScriptEngine.run(ScriptEngine.java:194)&#xD;
	at com.kms.katalon.core.main.ScriptEngine.runScriptAsRawText(ScriptEngine.java:119)&#xD;
	at com.kms.katalon.core.main.TestCaseExecutor.runScript(TestCaseExecutor.java:337)&#xD;
	at com.kms.katalon.core.main.TestCaseExecutor.doExecute(TestCaseExecutor.java:328)&#xD;
	at com.kms.katalon.core.main.TestCaseExecutor.processExecutionPhase(TestCaseExecutor.java:307)&#xD;
	at com.kms.katalon.core.main.TestCaseExecutor.accessMainPhase(TestCaseExecutor.java:299)&#xD;
	at com.kms.katalon.core.main.TestCaseExecutor.execute(TestCaseExecutor.java:233)&#xD;
	at com.kms.katalon.core.main.TestCaseMain.runTestCase(TestCaseMain.java:114)&#xD;
	at com.kms.katalon.core.keyword.builtin.CallTestCaseKeyword$_callTestCase_closure1.doCall(CallTestCaseKeyword.groovy:59)&#xD;
	at com.kms.katalon.core.keyword.builtin.CallTestCaseKeyword$_callTestCase_closure1.call(CallTestCaseKeyword.groovy)&#xD;
	at com.kms.katalon.core.keyword.internal.KeywordMain.runKeyword(KeywordMain.groovy:68)&#xD;
	at com.kms.katalon.core.keyword.builtin.CallTestCaseKeyword.callTestCase(CallTestCaseKeyword.groovy:81)&#xD;
	at com.kms.katalon.core.keyword.builtin.CallTestCaseKeyword.execute(CallTestCaseKeyword.groovy:44)&#xD;
	at com.kms.katalon.core.keyword.internal.KeywordExecutor.executeKeywordForPlatform(KeywordExecutor.groovy:56)&#xD;
	at com.kms.katalon.core.keyword.BuiltinKeywords.callTestCase(BuiltinKeywords.groovy:334)&#xD;
	at Companion.run(Companion:31)&#xD;
	at com.kms.katalon.core.main.ScriptEngine.run(ScriptEngine.java:194)&#xD;
	at com.kms.katalon.core.main.ScriptEngine.runScriptAsRawText(ScriptEngine.java:119)&#xD;
	at com.kms.katalon.core.main.TestCaseExecutor.runScript(TestCaseExecutor.java:337)&#xD;
	at com.kms.katalon.core.main.TestCaseExecutor.doExecute(TestCaseExecutor.java:328)&#xD;
	at com.kms.katalon.core.main.TestCaseExecutor.processExecutionPhase(TestCaseExecutor.java:307)&#xD;
	at com.kms.katalon.core.main.TestCaseExecutor.accessMainPhase(TestCaseExecutor.java:299)&#xD;
	at com.kms.katalon.core.main.TestCaseExecutor.execute(TestCaseExecutor.java:233)&#xD;
	at com.kms.katalon.core.main.TestSuiteExecutor.accessTestCaseMainPhase(TestSuiteExecutor.java:133)&#xD;
	at com.kms.katalon.core.main.TestSuiteExecutor.accessTestSuiteMainPhase(TestSuiteExecutor.java:116)&#xD;
	at com.kms.katalon.core.main.TestSuiteExecutor.execute(TestSuiteExecutor.java:83)&#xD;
	at com.kms.katalon.core.main.TestCaseMain.startTestSuite(TestCaseMain.java:157)&#xD;
	at com.kms.katalon.core.main.TestCaseMain$startTestSuite$0.call(Unknown Source)&#xD;
	at TempTestSuite1564124029030.run(TempTestSuite1564124029030.groovy:35)&#xD;
Caused by: com.kms.katalon.core.exception.StepFailedException: Text 'Month Duration Acknowledgement' is not present on page &#xD;
	at com.kms.katalon.core.webui.keyword.internal.WebUIKeywordMain.stepFailed(WebUIKeywordMain.groovy:64)&#xD;
	at com.kms.katalon.core.webui.keyword.builtin.VerifyTextPresentKeyword$_verifyTextPresent_closure1.doCall(VerifyTextPresentKeyword.groovy:79)&#xD;
	at com.kms.katalon.core.webui.keyword.builtin.VerifyTextPresentKeyword$_verifyTextPresent_closure1.call(VerifyTextPresentKeyword.groovy)&#xD;
	at com.kms.katalon.core.webui.keyword.internal.WebUIKeywordMain.runKeyword(WebUIKeywordMain.groovy:20)&#xD;
	... 35 more&#xD;
)&#xD;
[[ATTACHMENT|D:\\Test\\AgileTest\\AgileTest\\Reports\\mobileWeb\\stm\\20190726_145349\\1564124306327.png]]&#xD;
&#xD;
2019-07-26 14:58:27 - [TEST_STEP][PASSED] - catch (Exception e): null&#xD;
&#xD;
2019-07-26 14:58:27 - [TEST_STEP][PASSED] - println("no consecutive"): null&#xD;
&#xD;
2019-07-26 14:58:27 - [TEST_STEP][PASSED] - waitForPageLoad(10): Wait for page load successfully&#xD;
&#xD;
2019-07-26 14:58:27 - [MESSAGE][PASSED] - Wait for page load successfully&#xD;
&#xD;
2019-07-26 14:58:27 - [TEST_STEP][PASSED] - Thread.sleep(3000): null&#xD;
&#xD;
2019-07-26 14:58:30 - [TEST_STEP][PASSED] - waitForElementVisible(findTestObject("mobileSanity/STM/Page_App Page 1/a_Autofill App Info"), 20): Object 'Object Repository/mobileSanity/STM/Page_App Page 1/a_Autofill App Info' is visible&#xD;
&#xD;
2019-07-26 14:58:30 - [MESSAGE][PASSED] - Object 'Object Repository/mobileSanity/STM/Page_App Page 1/a_Autofill App Info' is visible&#xD;
&#xD;
2019-07-26 14:58:30 - [TEST_STEP][PASSED] - click(findTestObject("mobileSanity/STM/Page_App Page 1/a_Autofill App Info")): Object: 'Object Repository/mobileSanity/STM/Page_App Page 1/a_Autofill App Info' is clicked on&#xD;
&#xD;
2019-07-26 14:58:30 - [MESSAGE][PASSED] - Object: 'Object Repository/mobileSanity/STM/Page_App Page 1/a_Autofill App Info' is clicked on&#xD;
&#xD;
2019-07-26 14:58:30 - [TEST_STEP][PASSED] - Thread.sleep(1000): null&#xD;
&#xD;
2019-07-26 14:58:31 - [TEST_STEP][PASSED] - click(findTestObject("mobileSanity/STM/Page_App Page 1/a_Autofill App Info")): Object: 'Object Repository/mobileSanity/STM/Page_App Page 1/a_Autofill App Info' is clicked on&#xD;
&#xD;
2019-07-26 14:58:31 - [MESSAGE][PASSED] - Object: 'Object Repository/mobileSanity/STM/Page_App Page 1/a_Autofill App Info' is clicked on&#xD;
&#xD;
2019-07-26 14:58:31 - [TEST_STEP][PASSED] - Thread.sleep(1000): null&#xD;
&#xD;
2019-07-26 14:58:32 - [TEST_STEP][PASSED] - waitForElementVisible(findTestObject("mobileSanity/STM/Page_App Page 1/a_Continue"), 20): Object 'Object Repository/mobileSanity/STM/Page_App Page 1/a_Continue' is visible&#xD;
&#xD;
2019-07-26 14:58:32 - [MESSAGE][PASSED] - Object 'Object Repository/mobileSanity/STM/Page_App Page 1/a_Continue' is visible&#xD;
&#xD;
2019-07-26 14:58:32 - [TEST_STEP][PASSED] - click(findTestObject("mobileSanity/STM/Page_App Page 1/a_Continue")): Object: 'Object Repository/mobileSanity/STM/Page_App Page 1/a_Continue' is clicked on&#xD;
&#xD;
2019-07-26 14:58:32 - [MESSAGE][PASSED] - Object: 'Object Repository/mobileSanity/STM/Page_App Page 1/a_Continue' is clicked on&#xD;
&#xD;
2019-07-26 14:58:32 - [TEST_STEP][PASSED] - waitForPageLoad(10): Wait for page load successfully&#xD;
&#xD;
2019-07-26 14:58:32 - [MESSAGE][PASSED] - Wait for page load successfully&#xD;
&#xD;
2019-07-26 14:58:32 - [TEST_STEP][PASSED] - Thread.sleep(2000): null&#xD;
&#xD;
2019-07-26 14:58:34 - [TEST_STEP][PASSED] - callTestCase(findTestCase("mobileWeb/_include/get_screenshot"), [:], STOP_ON_FAILURE): Call Test Case 'Test Cases/mobileWeb/_include/get_screenshot' successfully&#xD;
&#xD;
2019-07-26 14:58:34 - [TEST_CASE][PASSED] - Test Cases/mobileWeb/_include/get_screenshot: Test Cases/mobileWeb/_include/get_screenshot&#xD;
&#xD;
2019-07-26 14:58:34 - [TEST_STEP][PASSED] - takeScreenshot(screenPath + i + ".png"): Taking screenshot successfully&#xD;
&#xD;
2019-07-26 14:58:35 - [MESSAGE][PASSED] - Taking screenshot successfully&#xD;
[[ATTACHMENT|D:\\Test\\AgileTest\\AgileTest\\Reports\\mobileWeb\\stm\\20190726_145349\\../Screenshots/iPhone X/stm/Companion/20190726_145737/7.png]]&#xD;
&#xD;
2019-07-26 14:58:35 - [TEST_STEP][PASSED] - (internal.GlobalVariable.i++): null&#xD;
&#xD;
2019-07-26 14:58:35 - [MESSAGE][PASSED] - Call Test Case 'Test Cases/mobileWeb/_include/get_screenshot' successfully&#xD;
&#xD;
2019-07-26 14:58:35 - [TEST_STEP][PASSED] - click(findTestObject("mobileSanity/STM/Page_App Page 2/a_Continue to Step 3 - Payment")): Object: 'Object Repository/mobileSanity/STM/Page_App Page 2/a_Continue to Step 3 - Payment' is clicked on&#xD;
&#xD;
2019-07-26 14:58:35 - [MESSAGE][PASSED] - Object: 'Object Repository/mobileSanity/STM/Page_App Page 2/a_Continue to Step 3 - Payment' is clicked on&#xD;
&#xD;
2019-07-26 14:58:35 - [TEST_STEP][PASSED] - waitForPageLoad(10): Wait for page load successfully&#xD;
&#xD;
2019-07-26 14:58:35 - [MESSAGE][PASSED] - Wait for page load successfully&#xD;
&#xD;
2019-07-26 14:58:35 - [TEST_STEP][PASSED] - Thread.sleep(2000): null&#xD;
&#xD;
2019-07-26 14:58:37 - [TEST_STEP][PASSED] - callTestCase(findTestCase("mobileWeb/_include/get_screenshot"), [:], STOP_ON_FAILURE): Call Test Case 'Test Cases/mobileWeb/_include/get_screenshot' successfully&#xD;
&#xD;
2019-07-26 14:58:37 - [TEST_CASE][PASSED] - Test Cases/mobileWeb/_include/get_screenshot: Test Cases/mobileWeb/_include/get_screenshot&#xD;
&#xD;
2019-07-26 14:58:37 - [TEST_STEP][PASSED] - takeScreenshot(screenPath + i + ".png"): Taking screenshot successfully&#xD;
&#xD;
2019-07-26 14:58:38 - [MESSAGE][PASSED] - Taking screenshot successfully&#xD;
[[ATTACHMENT|D:\\Test\\AgileTest\\AgileTest\\Reports\\mobileWeb\\stm\\20190726_145349\\../Screenshots/iPhone X/stm/Companion/20190726_145737/8.png]]&#xD;
&#xD;
2019-07-26 14:58:38 - [TEST_STEP][PASSED] - (internal.GlobalVariable.i++): null&#xD;
&#xD;
2019-07-26 14:58:38 - [MESSAGE][PASSED] - Call Test Case 'Test Cases/mobileWeb/_include/get_screenshot' successfully&#xD;
&#xD;
2019-07-26 14:58:38 - [TEST_STEP][PASSED] - clearText(findTestObject("mobileSanity/STM/Page_App Page 3/input__credit-card-cvv")): Text of object 'Object Repository/mobileSanity/STM/Page_App Page 3/input__credit-card-cvv' is cleared&#xD;
&#xD;
2019-07-26 14:58:38 - [MESSAGE][PASSED] - Text of object 'Object Repository/mobileSanity/STM/Page_App Page 3/input__credit-card-cvv' is cleared&#xD;
&#xD;
2019-07-26 14:58:38 - [TEST_STEP][PASSED] - setText(findTestObject("mobileSanity/STM/Page_App Page 3/input__credit-card-cvv"), "123"): Text '123' is set on object 'Object Repository/mobileSanity/STM/Page_App Page 3/input__credit-card-cvv'&#xD;
&#xD;
2019-07-26 14:58:38 - [MESSAGE][PASSED] - Text '123' is set on object 'Object Repository/mobileSanity/STM/Page_App Page 3/input__credit-card-cvv'&#xD;
&#xD;
2019-07-26 14:58:38 - [TEST_STEP][PASSED] - click(findTestObject("mobileSanity/STM/Page_App Page 3/label_I Accept Authorization f")): Object: 'Object Repository/mobileSanity/STM/Page_App Page 3/label_I Accept Authorization f' is clicked on&#xD;
&#xD;
2019-07-26 14:58:38 - [MESSAGE][PASSED] - Object: 'Object Repository/mobileSanity/STM/Page_App Page 3/label_I Accept Authorization f' is clicked on&#xD;
&#xD;
2019-07-26 14:58:38 - [TEST_STEP][PASSED] - click(findTestObject("mobileSanity/STM/Page_App Page 3/a_Continue to Step 4 - Review")): Object: 'Object Repository/mobileSanity/STM/Page_App Page 3/a_Continue to Step 4 - Review' is clicked on&#xD;
&#xD;
2019-07-26 14:58:39 - [MESSAGE][PASSED] - Object: 'Object Repository/mobileSanity/STM/Page_App Page 3/a_Continue to Step 4 - Review' is clicked on&#xD;
&#xD;
2019-07-26 14:58:39 - [TEST_STEP][PASSED] - waitForPageLoad(10): Wait for page load successfully&#xD;
&#xD;
2019-07-26 14:58:39 - [MESSAGE][PASSED] - Wait for page load successfully&#xD;
&#xD;
2019-07-26 14:58:39 - [TEST_STEP][PASSED] - waitForElementClickable(findTestObject("mobileSanity/STM/Page_App Page 4/label"), 10): Web element with id: 'Object Repository/mobileSanity/STM/Page_App Page 4/label' located by 'By.xpath: //input[@id = 'consent-checkbox-0']' not found&#xD;
&#xD;
2019-07-26 14:58:50 - [MESSAGE][INFO] - Unable to find the element located by 'By.xpath: //input[@id = 'consent-checkbox-0']'. Please recheck the objects properties to make sure the desired element is located. &#xD;
&#xD;
2019-07-26 14:58:50 - [MESSAGE][WARNING] - Web element with id: 'Object Repository/mobileSanity/STM/Page_App Page 4/label' located by 'By.xpath: //input[@id = 'consent-checkbox-0']' not found&#xD;
&#xD;
2019-07-26 14:58:50 - [TEST_STEP][PASSED] - Thread.sleep(2000): null&#xD;
&#xD;
2019-07-26 14:58:52 - [TEST_STEP][PASSED] - callTestCase(findTestCase("mobileWeb/_include/get_screenshot"), [:], STOP_ON_FAILURE): Call Test Case 'Test Cases/mobileWeb/_include/get_screenshot' successfully&#xD;
&#xD;
2019-07-26 14:58:52 - [TEST_CASE][PASSED] - Test Cases/mobileWeb/_include/get_screenshot: Test Cases/mobileWeb/_include/get_screenshot&#xD;
&#xD;
2019-07-26 14:58:52 - [TEST_STEP][PASSED] - takeScreenshot(screenPath + i + ".png"): Taking screenshot successfully&#xD;
&#xD;
2019-07-26 14:58:52 - [MESSAGE][PASSED] - Taking screenshot successfully&#xD;
[[ATTACHMENT|D:\\Test\\AgileTest\\AgileTest\\Reports\\mobileWeb\\stm\\20190726_145349\\../Screenshots/iPhone X/stm/Companion/20190726_145737/9.png]]&#xD;
&#xD;
2019-07-26 14:58:52 - [TEST_STEP][PASSED] - (internal.GlobalVariable.i++): null&#xD;
&#xD;
2019-07-26 14:58:52 - [MESSAGE][PASSED] - Call Test Case 'Test Cases/mobileWeb/_include/get_screenshot' successfully&#xD;
&#xD;
2019-07-26 14:58:52 - [TEST_STEP][PASSED] - click(findTestObject("mobileSanity/STM/Page_App Page 4/label")): Object: 'Object Repository/mobileSanity/STM/Page_App Page 4/label' is clicked on&#xD;
&#xD;
2019-07-26 14:58:52 - [MESSAGE][PASSED] - Object: 'Object Repository/mobileSanity/STM/Page_App Page 4/label' is clicked on&#xD;
&#xD;
2019-07-26 14:58:52 - [TEST_STEP][PASSED] - click(findTestObject("mobileSanity/STM/Page_App Page 4/div_CLICK TO SIGN")): Object: 'Object Repository/mobileSanity/STM/Page_App Page 4/div_CLICK TO SIGN' is clicked on&#xD;
&#xD;
2019-07-26 14:58:53 - [MESSAGE][PASSED] - Object: 'Object Repository/mobileSanity/STM/Page_App Page 4/div_CLICK TO SIGN' is clicked on&#xD;
&#xD;
2019-07-26 14:58:53 - [TEST_STEP][PASSED] - click(findTestObject("mobileSanity/STM/Page_App Page 4/a_Submit Your Application")): Object: 'Object Repository/mobileSanity/STM/Page_App Page 4/a_Submit Your Application' is clicked on&#xD;
&#xD;
2019-07-26 14:58:53 - [MESSAGE][PASSED] - Object: 'Object Repository/mobileSanity/STM/Page_App Page 4/a_Submit Your Application' is clicked on&#xD;
&#xD;
2019-07-26 14:58:53 - [TEST_STEP][PASSED] - Thread.sleep(30000): null&#xD;
&#xD;
2019-07-26 14:59:23 - [TEST_STEP][PASSED] - callTestCase(findTestCase("mobileWeb/_include/get_screenshot"), [:], STOP_ON_FAILURE): Call Test Case 'Test Cases/mobileWeb/_include/get_screenshot' successfully&#xD;
&#xD;
2019-07-26 14:59:23 - [TEST_CASE][PASSED] - Test Cases/mobileWeb/_include/get_screenshot: Test Cases/mobileWeb/_include/get_screenshot&#xD;
&#xD;
2019-07-26 14:59:23 - [TEST_STEP][PASSED] - takeScreenshot(screenPath + i + ".png"): Taking screenshot successfully&#xD;
&#xD;
2019-07-26 14:59:26 - [MESSAGE][PASSED] - Taking screenshot successfully&#xD;
[[ATTACHMENT|D:\\Test\\AgileTest\\AgileTest\\Reports\\mobileWeb\\stm\\20190726_145349\\../Screenshots/iPhone X/stm/Companion/20190726_145737/10.png]]&#xD;
&#xD;
2019-07-26 14:59:26 - [TEST_STEP][PASSED] - (internal.GlobalVariable.i++): null&#xD;
&#xD;
2019-07-26 14:59:26 - [MESSAGE][PASSED] - Call Test Case 'Test Cases/mobileWeb/_include/get_screenshot' successfully&#xD;
&#xD;
2019-07-26 14:59:26 - [TEST_STEP][PASSED] - waitForElementPresent(findTestObject("mobileSanity/STM/Page_App Page 6/span_planName"), 30): Object 'Object Repository/mobileSanity/STM/Page_App Page 6/span_planName' is present&#xD;
&#xD;
2019-07-26 14:59:26 - [MESSAGE][PASSED] - Object 'Object Repository/mobileSanity/STM/Page_App Page 6/span_planName' is present&#xD;
&#xD;
2019-07-26 14:59:26 - [TEST_STEP][PASSED] - verifyElementPresent(findTestObject("mobileSanity/STM/Page_App Page 6/span_planName"), 20): Object 'Object Repository/mobileSanity/STM/Page_App Page 6/span_planName' is present&#xD;
&#xD;
2019-07-26 14:59:26 - [MESSAGE][PASSED] - Object 'Object Repository/mobileSanity/STM/Page_App Page 6/span_planName' is present&#xD;
&#xD;
2019-07-26 14:59:26 - [TEST_STEP][PASSED] - verifyElementPresent(findTestObject("mobileSanity/STM/Page_App Page 6/span_approved"), 20): Object 'Object Repository/mobileSanity/STM/Page_App Page 6/span_approved' is present&#xD;
&#xD;
2019-07-26 14:59:26 - [MESSAGE][PASSED] - Object 'Object Repository/mobileSanity/STM/Page_App Page 6/span_approved' is present&#xD;
&#xD;
2019-07-26 14:59:26 - [MESSAGE][PASSED] - Call Test Case 'Test Cases/mobileWeb/_include/goToEnd_stm_autofill' successfully</system-out>
            <system-err></system-err>
        </testcase>
        <testcase name="Test Cases/mobileWeb/stm/Everest" classname="Test Cases/mobileWeb/stm/Everest" status="PASSED">
            <system-out>2019-07-26 14:59:26 - [TEST_CASE][PASSED] - Test Cases/mobileWeb/stm/Everest: Test Cases/mobileWeb/stm/Everest&#xD;
&#xD;
2019-07-26 14:59:26 - [TEST_STEP][PASSED] - callTestCase(findTestCase("mobileWeb/_include/get_screenPath"), ["productLine":"stm", "carrierName":"Everest"], CONTINUE_ON_FAILURE): Call Test Case 'Test Cases/mobileWeb/_include/get_screenPath' successfully&#xD;
&#xD;
2019-07-26 14:59:26 - [TEST_CASE][PASSED] - Test Cases/mobileWeb/_include/get_screenPath: Test Cases/mobileWeb/_include/get_screenPath&#xD;
&#xD;
2019-07-26 14:59:26 - [TEST_STEP][PASSED] - m = getExecutionProperties(): null&#xD;
&#xD;
2019-07-26 14:59:26 - [TEST_STEP][PASSED] - deviceName = get("mobileEmulation").get("deviceName"): null&#xD;
&#xD;
2019-07-26 14:59:26 - [TEST_STEP][PASSED] - println(deviceName): null&#xD;
&#xD;
2019-07-26 14:59:26 - [TEST_STEP][PASSED] - now = new java.util.Date(): null&#xD;
&#xD;
2019-07-26 14:59:26 - [TEST_STEP][PASSED] - mydate = now.format("yyyyMMdd_HHmmss"): null&#xD;
&#xD;
2019-07-26 14:59:26 - [TEST_STEP][PASSED] - screenPath = "../Screenshots/": null&#xD;
&#xD;
2019-07-26 14:59:26 - [TEST_STEP][PASSED] - screenPath = screenPath + deviceName + "/" + productLine + "/" + carrierName + "/" + mydate + "/": null&#xD;
&#xD;
2019-07-26 14:59:26 - [TEST_STEP][PASSED] - println(screenPath): null&#xD;
&#xD;
2019-07-26 14:59:26 - [MESSAGE][PASSED] - Call Test Case 'Test Cases/mobileWeb/_include/get_screenPath' successfully&#xD;
&#xD;
2019-07-26 14:59:26 - [TEST_STEP][PASSED] - i = 0: null&#xD;
&#xD;
2019-07-26 14:59:26 - [TEST_STEP][PASSED] - callTestCase(findTestCase("mobileWeb/_include/openWebSite"), [:], STOP_ON_FAILURE): Call Test Case 'Test Cases/mobileWeb/_include/openWebSite' successfully&#xD;
&#xD;
2019-07-26 14:59:26 - [TEST_CASE][PASSED] - Test Cases/mobileWeb/_include/openWebSite: Test Cases/mobileWeb/_include/openWebSite&#xD;
&#xD;
2019-07-26 14:59:26 - [TEST_STEP][PASSED] - openBrowser(ENV): Browser is opened with url: 'https://praetemptatus.agilehealthinsurance.com'&#xD;
&#xD;
2019-07-26 14:59:26 - [MESSAGE][WARNING] - A browser is already opened. Closing browser and opening a new one&#xD;
&#xD;
2019-07-26 14:59:27 - [MESSAGE][INFO] - Starting 'Chrome' driver&#xD;
&#xD;
2019-07-26 14:59:27 - [MESSAGE][INFO] - User set preference: ['mobileEmulation', '{deviceName=iPhone X}']&#xD;
&#xD;
2019-07-26 14:59:27 - [MESSAGE][INFO] - User set preference: ['args', '[--incognito, --aggressive-cache-discard, --no-sandbox, --window-size=375,812]']&#xD;
&#xD;
2019-07-26 14:59:34 - [MESSAGE][PASSED] - Browser is opened with url: 'https://praetemptatus.agilehealthinsurance.com'&#xD;
&#xD;
2019-07-26 14:59:34 - [TEST_STEP][PASSED] - waitForPageLoad(10): Wait for page load successfully&#xD;
&#xD;
2019-07-26 14:59:34 - [MESSAGE][PASSED] - Wait for page load successfully&#xD;
&#xD;
2019-07-26 14:59:34 - [TEST_STEP][PASSED] - callTestCase(findTestCase("mobileWeb/_include/get_screenshot"), [:], STOP_ON_FAILURE): Call Test Case 'Test Cases/mobileWeb/_include/get_screenshot' successfully&#xD;
&#xD;
2019-07-26 14:59:34 - [TEST_CASE][PASSED] - Test Cases/mobileWeb/_include/get_screenshot: Test Cases/mobileWeb/_include/get_screenshot&#xD;
&#xD;
2019-07-26 14:59:34 - [TEST_STEP][PASSED] - takeScreenshot(screenPath + i + ".png"): Taking screenshot successfully&#xD;
&#xD;
2019-07-26 14:59:36 - [MESSAGE][PASSED] - Taking screenshot successfully&#xD;
[[ATTACHMENT|D:\\Test\\AgileTest\\AgileTest\\Reports\\mobileWeb\\stm\\20190726_145349\\../Screenshots/iPhone X/stm/Everest/20190726_145926/0.png]]&#xD;
&#xD;
2019-07-26 14:59:36 - [TEST_STEP][PASSED] - (internal.GlobalVariable.i++): null&#xD;
&#xD;
2019-07-26 14:59:36 - [MESSAGE][PASSED] - Call Test Case 'Test Cases/mobileWeb/_include/get_screenshot' successfully&#xD;
&#xD;
2019-07-26 14:59:36 - [MESSAGE][PASSED] - Call Test Case 'Test Cases/mobileWeb/_include/openWebSite' successfully&#xD;
&#xD;
2019-07-26 14:59:36 - [TEST_STEP][PASSED] - callTestCase(findTestCase("mobileWeb/_include/census_stm"), ["zipcode":"83709"], STOP_ON_FAILURE): Call Test Case 'Test Cases/mobileWeb/_include/census_stm' successfully&#xD;
&#xD;
2019-07-26 14:59:36 - [TEST_CASE][PASSED] - Test Cases/mobileWeb/_include/census_stm: Test Cases/mobileWeb/_include/census_stm&#xD;
&#xD;
2019-07-26 14:59:36 - [TEST_STEP][PASSED] - waitForElementClickable(findTestObject("mobileSanity/STM/Home Page/a_Quote  Save Today"), 10): Object 'Object Repository/mobileSanity/STM/Home Page/a_Quote  Save Today' is clickable&#xD;
&#xD;
2019-07-26 14:59:37 - [MESSAGE][PASSED] - Object 'Object Repository/mobileSanity/STM/Home Page/a_Quote  Save Today' is clickable&#xD;
&#xD;
2019-07-26 14:59:37 - [TEST_STEP][PASSED] - click(findTestObject("mobileSanity/STM/Home Page/a_Quote  Save Today")): Object: 'Object Repository/mobileSanity/STM/Home Page/a_Quote  Save Today' is clicked on&#xD;
&#xD;
2019-07-26 14:59:38 - [MESSAGE][PASSED] - Object: 'Object Repository/mobileSanity/STM/Home Page/a_Quote  Save Today' is clicked on&#xD;
&#xD;
2019-07-26 14:59:38 - [TEST_STEP][PASSED] - waitForPageLoad(10): Wait for page load successfully&#xD;
&#xD;
2019-07-26 14:59:38 - [MESSAGE][PASSED] - Wait for page load successfully&#xD;
&#xD;
2019-07-26 14:59:38 - [TEST_STEP][PASSED] - callTestCase(findTestCase("mobileWeb/_include/get_screenshot"), [:], STOP_ON_FAILURE): Call Test Case 'Test Cases/mobileWeb/_include/get_screenshot' successfully&#xD;
&#xD;
2019-07-26 14:59:38 - [TEST_CASE][PASSED] - Test Cases/mobileWeb/_include/get_screenshot: Test Cases/mobileWeb/_include/get_screenshot&#xD;
&#xD;
2019-07-26 14:59:38 - [TEST_STEP][PASSED] - takeScreenshot(screenPath + i + ".png"): Taking screenshot successfully&#xD;
&#xD;
2019-07-26 14:59:39 - [MESSAGE][PASSED] - Taking screenshot successfully&#xD;
[[ATTACHMENT|D:\\Test\\AgileTest\\AgileTest\\Reports\\mobileWeb\\stm\\20190726_145349\\../Screenshots/iPhone X/stm/Everest/20190726_145926/1.png]]&#xD;
&#xD;
2019-07-26 14:59:39 - [TEST_STEP][PASSED] - (internal.GlobalVariable.i++): null&#xD;
&#xD;
2019-07-26 14:59:39 - [MESSAGE][PASSED] - Call Test Case 'Test Cases/mobileWeb/_include/get_screenshot' successfully&#xD;
&#xD;
2019-07-26 14:59:39 - [TEST_STEP][PASSED] - setText(findTestObject("mobileSanity/STM/STM Census Page/input_Location_zip-input"), zipcode): Text '83709' is set on object 'Object Repository/mobileSanity/STM/STM Census Page/input_Location_zip-input'&#xD;
&#xD;
2019-07-26 14:59:39 - [MESSAGE][PASSED] - Text '83709' is set on object 'Object Repository/mobileSanity/STM/STM Census Page/input_Location_zip-input'&#xD;
&#xD;
2019-07-26 14:59:39 - [TEST_STEP][PASSED] - Thread.sleep(500): null&#xD;
&#xD;
2019-07-26 14:59:40 - [TEST_STEP][PASSED] - setText(findTestObject("mobileSanity/STM/STM Census Page/input_Date of Birth_dob-0"), "03031987"): Text '03031987' is set on object 'Object Repository/mobileSanity/STM/STM Census Page/input_Date of Birth_dob-0'&#xD;
&#xD;
2019-07-26 14:59:40 - [MESSAGE][PASSED] - Text '03031987' is set on object 'Object Repository/mobileSanity/STM/STM Census Page/input_Date of Birth_dob-0'&#xD;
&#xD;
2019-07-26 14:59:40 - [TEST_STEP][PASSED] - click(findTestObject("mobileSanity/STM/STM Census Page/label_Male")): Object: 'Object Repository/mobileSanity/STM/STM Census Page/label_Male' is clicked on&#xD;
&#xD;
2019-07-26 14:59:40 - [MESSAGE][PASSED] - Object: 'Object Repository/mobileSanity/STM/STM Census Page/label_Male' is clicked on&#xD;
&#xD;
2019-07-26 14:59:40 - [TEST_STEP][PASSED] - click(findTestObject("mobileSanity/STM/STM Census Page/label_Compare Plans")): Object: 'Object Repository/mobileSanity/STM/STM Census Page/label_Compare Plans' is clicked on&#xD;
&#xD;
2019-07-26 14:59:40 - [MESSAGE][PASSED] - Object: 'Object Repository/mobileSanity/STM/STM Census Page/label_Compare Plans' is clicked on&#xD;
&#xD;
2019-07-26 14:59:40 - [TEST_STEP][PASSED] - waitForPageLoad(10): Wait for page load successfully&#xD;
&#xD;
2019-07-26 14:59:44 - [MESSAGE][PASSED] - Wait for page load successfully&#xD;
&#xD;
2019-07-26 14:59:44 - [TEST_STEP][PASSED] - Thread.sleep(3000): null&#xD;
&#xD;
2019-07-26 14:59:47 - [TEST_STEP][PASSED] - callTestCase(findTestCase("mobileWeb/_include/get_screenshot"), [:], STOP_ON_FAILURE): Call Test Case 'Test Cases/mobileWeb/_include/get_screenshot' successfully&#xD;
&#xD;
2019-07-26 14:59:47 - [TEST_CASE][PASSED] - Test Cases/mobileWeb/_include/get_screenshot: Test Cases/mobileWeb/_include/get_screenshot&#xD;
&#xD;
2019-07-26 14:59:47 - [TEST_STEP][PASSED] - takeScreenshot(screenPath + i + ".png"): Taking screenshot successfully&#xD;
&#xD;
2019-07-26 14:59:48 - [MESSAGE][PASSED] - Taking screenshot successfully&#xD;
[[ATTACHMENT|D:\\Test\\AgileTest\\AgileTest\\Reports\\mobileWeb\\stm\\20190726_145349\\../Screenshots/iPhone X/stm/Everest/20190726_145926/2.png]]&#xD;
&#xD;
2019-07-26 14:59:48 - [TEST_STEP][PASSED] - (internal.GlobalVariable.i++): null&#xD;
&#xD;
2019-07-26 14:59:48 - [MESSAGE][PASSED] - Call Test Case 'Test Cases/mobileWeb/_include/get_screenshot' successfully&#xD;
&#xD;
2019-07-26 14:59:48 - [TEST_STEP][PASSED] - Thread.sleep(1000): null&#xD;
&#xD;
2019-07-26 14:59:49 - [MESSAGE][PASSED] - Call Test Case 'Test Cases/mobileWeb/_include/census_stm' successfully&#xD;
&#xD;
2019-07-26 14:59:49 - [TEST_STEP][PASSED] - callTestCase(findTestCase("mobileWeb/_include/filter_stm"), ["carrier":"everest-one"], STOP_ON_FAILURE): Call Test Case 'Test Cases/mobileWeb/_include/filter_stm' successfully&#xD;
&#xD;
2019-07-26 14:59:49 - [TEST_CASE][PASSED] - Test Cases/mobileWeb/_include/filter_stm: Test Cases/mobileWeb/_include/filter_stm&#xD;
&#xD;
2019-07-26 14:59:49 - [TEST_STEP][PASSED] - driver = getWebDriver(): null&#xD;
&#xD;
2019-07-26 14:59:49 - [TEST_STEP][PASSED] - selenium = new com.thoughtworks.selenium.webdriven.WebDriverBackedSelenium(driver, internal.GlobalVariable.ENV): null&#xD;
&#xD;
2019-07-26 14:59:49 - [TEST_STEP][PASSED] - Thread.sleep(1000): null&#xD;
&#xD;
2019-07-26 14:59:50 - [TEST_STEP][PASSED] - click(findTestObject("mobileSanity/STM/STM Quote Page/button_filters")): Object: 'Object Repository/mobileSanity/STM/STM Quote Page/button_filters' is clicked on&#xD;
&#xD;
2019-07-26 14:59:50 - [MESSAGE][PASSED] - Object: 'Object Repository/mobileSanity/STM/STM Quote Page/button_filters' is clicked on&#xD;
&#xD;
2019-07-26 14:59:50 - [TEST_STEP][PASSED] - Thread.sleep(1000): null&#xD;
&#xD;
2019-07-26 14:59:51 - [TEST_STEP][PASSED] - click(findTestObject("mobileSanity/STM/STM Quote Page/i_Insurance company")): Object: 'Object Repository/mobileSanity/STM/STM Quote Page/i_Insurance company' is clicked on&#xD;
&#xD;
2019-07-26 14:59:51 - [MESSAGE][PASSED] - Object: 'Object Repository/mobileSanity/STM/STM Quote Page/i_Insurance company' is clicked on&#xD;
&#xD;
2019-07-26 14:59:51 - [TEST_STEP][PASSED] - Thread.sleep(1000): null&#xD;
&#xD;
2019-07-26 14:59:52 - [TEST_STEP][PASSED] - filter_carrier = "//input[@name='filter[carrier]' and @value='" + carrier + "']/following::label": null&#xD;
&#xD;
2019-07-26 14:59:52 - [TEST_STEP][PASSED] - println(filter_carrier): null&#xD;
&#xD;
2019-07-26 14:59:52 - [TEST_STEP][PASSED] - test.MobileKeywords.clickJS_ByXpath(filter_carrier): test.MobileKeywords.clickJS_ByXpath is PASSED&#xD;
&#xD;
2019-07-26 14:59:52 - [MESSAGE][PASSED] - Execute JavaScript 'arguments[0].click()' successfully&#xD;
&#xD;
2019-07-26 14:59:52 - [MESSAGE][PASSED] - test.MobileKeywords.clickJS_ByXpath is PASSED&#xD;
&#xD;
2019-07-26 14:59:52 - [TEST_STEP][PASSED] - Thread.sleep(1000): null&#xD;
&#xD;
2019-07-26 14:59:53 - [TEST_STEP][PASSED] - scrollToElement(findTestObject("mobileSanity/STM/STM Quote Page/a_Show Plans"), 1000): Scroll to object 'Object Repository/mobileSanity/STM/STM Quote Page/a_Show Plans' successfully&#xD;
&#xD;
2019-07-26 14:59:53 - [MESSAGE][PASSED] - Scroll to object 'Object Repository/mobileSanity/STM/STM Quote Page/a_Show Plans' successfully&#xD;
&#xD;
2019-07-26 14:59:53 - [TEST_STEP][PASSED] - click(findTestObject("mobileSanity/STM/STM Quote Page/a_Show Plans")): Object: 'Object Repository/mobileSanity/STM/STM Quote Page/a_Show Plans' is clicked on&#xD;
&#xD;
2019-07-26 14:59:54 - [MESSAGE][PASSED] - Object: 'Object Repository/mobileSanity/STM/STM Quote Page/a_Show Plans' is clicked on&#xD;
&#xD;
2019-07-26 14:59:54 - [TEST_STEP][PASSED] - waitForJQueryLoad(10, STOP_ON_FAILURE): jQuery is ready.&#xD;
&#xD;
2019-07-26 14:59:54 - [MESSAGE][PASSED] - jQuery is ready.&#xD;
&#xD;
2019-07-26 14:59:54 - [TEST_STEP][PASSED] - Thread.sleep(2000): null&#xD;
&#xD;
2019-07-26 14:59:56 - [TEST_STEP][PASSED] - callTestCase(findTestCase("mobileWeb/_include/get_screenshot"), [:], STOP_ON_FAILURE): Call Test Case 'Test Cases/mobileWeb/_include/get_screenshot' successfully&#xD;
&#xD;
2019-07-26 14:59:56 - [TEST_CASE][PASSED] - Test Cases/mobileWeb/_include/get_screenshot: Test Cases/mobileWeb/_include/get_screenshot&#xD;
&#xD;
2019-07-26 14:59:56 - [TEST_STEP][PASSED] - takeScreenshot(screenPath + i + ".png"): Taking screenshot successfully&#xD;
&#xD;
2019-07-26 14:59:57 - [MESSAGE][PASSED] - Taking screenshot successfully&#xD;
[[ATTACHMENT|D:\\Test\\AgileTest\\AgileTest\\Reports\\mobileWeb\\stm\\20190726_145349\\../Screenshots/iPhone X/stm/Everest/20190726_145926/3.png]]&#xD;
&#xD;
2019-07-26 14:59:57 - [TEST_STEP][PASSED] - (internal.GlobalVariable.i++): null&#xD;
&#xD;
2019-07-26 14:59:57 - [MESSAGE][PASSED] - Call Test Case 'Test Cases/mobileWeb/_include/get_screenshot' successfully&#xD;
&#xD;
2019-07-26 14:59:57 - [MESSAGE][PASSED] - Call Test Case 'Test Cases/mobileWeb/_include/filter_stm' successfully&#xD;
&#xD;
2019-07-26 14:59:57 - [TEST_STEP][PASSED] - callTestCase(findTestCase("mobileWeb/_include/goToDetail_stm"), ["carrier":"everest-one"], STOP_ON_FAILURE): Call Test Case 'Test Cases/mobileWeb/_include/goToDetail_stm' successfully&#xD;
&#xD;
2019-07-26 14:59:57 - [TEST_CASE][PASSED] - Test Cases/mobileWeb/_include/goToDetail_stm: Test Cases/mobileWeb/_include/goToDetail_stm&#xD;
&#xD;
2019-07-26 14:59:57 - [TEST_STEP][PASSED] - driver = getWebDriver(): null&#xD;
&#xD;
2019-07-26 14:59:57 - [TEST_STEP][PASSED] - selenium = new com.thoughtworks.selenium.webdriven.WebDriverBackedSelenium(driver, internal.GlobalVariable.ENV): null&#xD;
&#xD;
2019-07-26 14:59:57 - [TEST_STEP][PASSED] - a_plan_name = "xpath=//a[contains(@href,'/term-health-insurance/plan/" + carrier + "')]": null&#xD;
&#xD;
2019-07-26 14:59:57 - [TEST_STEP][PASSED] - println(a_plan_name): null&#xD;
&#xD;
2019-07-26 14:59:57 - [TEST_STEP][PASSED] - selenium.click(a_plan_name): null&#xD;
&#xD;
2019-07-26 15:00:01 - [TEST_STEP][PASSED] - waitForPageLoad(10): Wait for page load successfully&#xD;
&#xD;
2019-07-26 15:00:01 - [MESSAGE][PASSED] - Wait for page load successfully&#xD;
&#xD;
2019-07-26 15:00:01 - [TEST_STEP][PASSED] - Thread.sleep(2000): null&#xD;
&#xD;
2019-07-26 15:00:03 - [TEST_STEP][PASSED] - callTestCase(findTestCase("mobileWeb/_include/get_screenshot"), [:], STOP_ON_FAILURE): Call Test Case 'Test Cases/mobileWeb/_include/get_screenshot' successfully&#xD;
&#xD;
2019-07-26 15:00:03 - [TEST_CASE][PASSED] - Test Cases/mobileWeb/_include/get_screenshot: Test Cases/mobileWeb/_include/get_screenshot&#xD;
&#xD;
2019-07-26 15:00:03 - [TEST_STEP][PASSED] - takeScreenshot(screenPath + i + ".png"): Taking screenshot successfully&#xD;
&#xD;
2019-07-26 15:00:03 - [MESSAGE][PASSED] - Taking screenshot successfully&#xD;
[[ATTACHMENT|D:\\Test\\AgileTest\\AgileTest\\Reports\\mobileWeb\\stm\\20190726_145349\\../Screenshots/iPhone X/stm/Everest/20190726_145926/4.png]]&#xD;
&#xD;
2019-07-26 15:00:03 - [TEST_STEP][PASSED] - (internal.GlobalVariable.i++): null&#xD;
&#xD;
2019-07-26 15:00:03 - [MESSAGE][PASSED] - Call Test Case 'Test Cases/mobileWeb/_include/get_screenshot' successfully&#xD;
&#xD;
2019-07-26 15:00:03 - [MESSAGE][PASSED] - Call Test Case 'Test Cases/mobileWeb/_include/goToDetail_stm' successfully&#xD;
&#xD;
2019-07-26 15:00:03 - [TEST_STEP][PASSED] - callTestCase(findTestCase("mobileWeb/_include/apply_stm"), [:], STOP_ON_FAILURE): Call Test Case 'Test Cases/mobileWeb/_include/apply_stm' successfully&#xD;
&#xD;
2019-07-26 15:00:04 - [TEST_CASE][PASSED] - Test Cases/mobileWeb/_include/apply_stm: Test Cases/mobileWeb/_include/apply_stm&#xD;
&#xD;
2019-07-26 15:00:04 - [TEST_STEP][PASSED] - waitForElementVisible(findTestObject("mobileSanity/STM/STM PlanDetail Page/a_Apply for This Plan"), 5): Object 'Object Repository/mobileSanity/STM/STM PlanDetail Page/a_Apply for This Plan' is visible&#xD;
&#xD;
2019-07-26 15:00:04 - [MESSAGE][PASSED] - Object 'Object Repository/mobileSanity/STM/STM PlanDetail Page/a_Apply for This Plan' is visible&#xD;
&#xD;
2019-07-26 15:00:04 - [TEST_STEP][PASSED] - click(findTestObject("mobileSanity/STM/STM PlanDetail Page/a_Apply for This Plan")): Object: 'Object Repository/mobileSanity/STM/STM PlanDetail Page/a_Apply for This Plan' is clicked on&#xD;
&#xD;
2019-07-26 15:00:07 - [MESSAGE][PASSED] - Object: 'Object Repository/mobileSanity/STM/STM PlanDetail Page/a_Apply for This Plan' is clicked on&#xD;
&#xD;
2019-07-26 15:00:07 - [TEST_STEP][PASSED] - waitForPageLoad(10): Wait for page load successfully&#xD;
&#xD;
2019-07-26 15:00:07 - [MESSAGE][PASSED] - Wait for page load successfully&#xD;
&#xD;
2019-07-26 15:00:07 - [TEST_STEP][PASSED] - Thread.sleep(2000): null&#xD;
&#xD;
2019-07-26 15:00:09 - [TEST_STEP][PASSED] - callTestCase(findTestCase("mobileWeb/_include/get_screenshot"), [:], STOP_ON_FAILURE): Call Test Case 'Test Cases/mobileWeb/_include/get_screenshot' successfully&#xD;
&#xD;
2019-07-26 15:00:09 - [TEST_CASE][PASSED] - Test Cases/mobileWeb/_include/get_screenshot: Test Cases/mobileWeb/_include/get_screenshot&#xD;
&#xD;
2019-07-26 15:00:09 - [TEST_STEP][PASSED] - takeScreenshot(screenPath + i + ".png"): Taking screenshot successfully&#xD;
&#xD;
2019-07-26 15:00:10 - [MESSAGE][PASSED] - Taking screenshot successfully&#xD;
[[ATTACHMENT|D:\\Test\\AgileTest\\AgileTest\\Reports\\mobileWeb\\stm\\20190726_145349\\../Screenshots/iPhone X/stm/Everest/20190726_145926/5.png]]&#xD;
&#xD;
2019-07-26 15:00:10 - [TEST_STEP][PASSED] - (internal.GlobalVariable.i++): null&#xD;
&#xD;
2019-07-26 15:00:10 - [MESSAGE][PASSED] - Call Test Case 'Test Cases/mobileWeb/_include/get_screenshot' successfully&#xD;
&#xD;
2019-07-26 15:00:10 - [TEST_STEP][PASSED] - waitForElementVisible(findTestObject("mobileSanity/STM/STM Apply Page/a_Start Secure Application"), 5): Object 'Object Repository/mobileSanity/STM/STM Apply Page/a_Start Secure Application' is visible&#xD;
&#xD;
2019-07-26 15:00:10 - [MESSAGE][PASSED] - Object 'Object Repository/mobileSanity/STM/STM Apply Page/a_Start Secure Application' is visible&#xD;
&#xD;
2019-07-26 15:00:10 - [TEST_STEP][PASSED] - click(findTestObject("mobileSanity/STM/STM Apply Page/a_Start Secure Application")): Object: 'Object Repository/mobileSanity/STM/STM Apply Page/a_Start Secure Application' is clicked on&#xD;
&#xD;
2019-07-26 15:00:17 - [MESSAGE][PASSED] - Object: 'Object Repository/mobileSanity/STM/STM Apply Page/a_Start Secure Application' is clicked on&#xD;
&#xD;
2019-07-26 15:00:17 - [TEST_STEP][PASSED] - waitForPageLoad(10): Wait for page load successfully&#xD;
&#xD;
2019-07-26 15:00:17 - [MESSAGE][PASSED] - Wait for page load successfully&#xD;
&#xD;
2019-07-26 15:00:17 - [TEST_STEP][PASSED] - Thread.sleep(2000): null&#xD;
&#xD;
2019-07-26 15:00:19 - [TEST_STEP][PASSED] - callTestCase(findTestCase("mobileWeb/_include/get_screenshot"), [:], STOP_ON_FAILURE): Call Test Case 'Test Cases/mobileWeb/_include/get_screenshot' successfully&#xD;
&#xD;
2019-07-26 15:00:19 - [TEST_CASE][PASSED] - Test Cases/mobileWeb/_include/get_screenshot: Test Cases/mobileWeb/_include/get_screenshot&#xD;
&#xD;
2019-07-26 15:00:19 - [TEST_STEP][PASSED] - takeScreenshot(screenPath + i + ".png"): Taking screenshot successfully&#xD;
&#xD;
2019-07-26 15:00:20 - [MESSAGE][PASSED] - Taking screenshot successfully&#xD;
[[ATTACHMENT|D:\\Test\\AgileTest\\AgileTest\\Reports\\mobileWeb\\stm\\20190726_145349\\../Screenshots/iPhone X/stm/Everest/20190726_145926/6.png]]&#xD;
&#xD;
2019-07-26 15:00:20 - [TEST_STEP][PASSED] - (internal.GlobalVariable.i++): null&#xD;
&#xD;
2019-07-26 15:00:20 - [MESSAGE][PASSED] - Call Test Case 'Test Cases/mobileWeb/_include/get_screenshot' successfully&#xD;
&#xD;
2019-07-26 15:00:20 - [MESSAGE][PASSED] - Call Test Case 'Test Cases/mobileWeb/_include/apply_stm' successfully&#xD;
&#xD;
2019-07-26 15:00:20 - [TEST_STEP][PASSED] - callTestCase(findTestCase("mobileWeb/_include/goToEnd_stm_autofill"), [:], STOP_ON_FAILURE): Call Test Case 'Test Cases/mobileWeb/_include/goToEnd_stm_autofill' successfully&#xD;
&#xD;
2019-07-26 15:00:20 - [TEST_CASE][PASSED] - Test Cases/mobileWeb/_include/goToEnd_stm_autofill: Test Cases/mobileWeb/_include/goToEnd_stm_autofill&#xD;
&#xD;
2019-07-26 15:00:20 - [TEST_STEP][PASSED] - callTestCase(findTestCase("mobileWeb/_include/name"), [:], CONTINUE_ON_FAILURE): Call Test Case 'Test Cases/mobileWeb/_include/name' successfully&#xD;
&#xD;
2019-07-26 15:00:20 - [TEST_CASE][PASSED] - Test Cases/mobileWeb/_include/name: Test Cases/mobileWeb/_include/name&#xD;
&#xD;
2019-07-26 15:00:20 - [TEST_STEP][PASSED] - driver = getWebDriver(): null&#xD;
&#xD;
2019-07-26 15:00:20 - [TEST_STEP][PASSED] - selenium = new com.thoughtworks.selenium.webdriven.WebDriverBackedSelenium(driver, internal.GlobalVariable.ENV): null&#xD;
&#xD;
2019-07-26 15:00:20 - [TEST_STEP][PASSED] - FirstName = "Test-123": null&#xD;
&#xD;
2019-07-26 15:00:20 - [TEST_STEP][PASSED] - LastName = selenium.getEval("{var x="ABCDEFGHIJKLMNOPQRSTUVWXYZabcdefghijklmnopqrstuvwxyz"; var tmp="ZZ11-"; for (i=0;i&lt;8;i++) tmp+=x.charAt(Math.ceil(51*Math.random()));tmp;}"): null&#xD;
&#xD;
2019-07-26 15:00:20 - [TEST_STEP][PASSED] - Address = selenium.getEval("{var x="ABCDEFGHIJKLMNOPQRSTUVWXYZabcdefghijklmnopqrstuvwxyz"; var tmp=""; for (i=0;i&lt;8;i++) tmp+=x.charAt(Math.ceil(51*Math.random()));tmp;}"): null&#xD;
&#xD;
2019-07-26 15:00:20 - [TEST_STEP][PASSED] - City = selenium.getEval("{var x="ABCDEFGHIJKLMNOPQRSTUVWXYZabcdefghijklmnopqrstuvwxyz"; var tmp=""; for (i=0;i&lt;8;i++) tmp+=x.charAt(Math.ceil(51*Math.random()));tmp;}"): null&#xD;
&#xD;
2019-07-26 15:00:20 - [TEST_STEP][PASSED] - tel1 = selenium.getEval("{var x="123456789"; var tmp=""; for (i=0;i&lt;3;i++) tmp+=x.charAt(Math.ceil(8*Math.random()));tmp;}"): null&#xD;
&#xD;
2019-07-26 15:00:20 - [TEST_STEP][PASSED] - tel2 = selenium.getEval("{var x="123456789"; var tmp=""; for (i=0;i&lt;3;i++) tmp+=x.charAt(Math.ceil(8*Math.random()));tmp;}"): null&#xD;
&#xD;
2019-07-26 15:00:20 - [TEST_STEP][PASSED] - tel3 = selenium.getEval("{var x="123456789"; var tmp=""; for (i=0;i&lt;4;i++) tmp+=x.charAt(Math.ceil(8*Math.random()));tmp;}"): null&#xD;
&#xD;
2019-07-26 15:00:20 - [TEST_STEP][PASSED] - Tel = selenium.getExpression(tel1 + "-" + tel2 + "-" + tel3): null&#xD;
&#xD;
2019-07-26 15:00:20 - [TEST_STEP][PASSED] - AutoEmail = selenium.getEval("{var x="ABCDEFGHIJKLMNOPQRSTUVWXYZabcdefghijklmnopqrstuvwxyz"; var tmp="test."; for (i=0;i&lt;8;i++) tmp+=x.charAt(Math.ceil(51*Math.random()));tmp+="@suryani.cn";}"): null&#xD;
&#xD;
2019-07-26 15:00:20 - [TEST_STEP][PASSED] - FirstName = FirstName: null&#xD;
&#xD;
2019-07-26 15:00:20 - [TEST_STEP][PASSED] - LastName = LastName: null&#xD;
&#xD;
2019-07-26 15:00:20 - [TEST_STEP][PASSED] - Address = Address: null&#xD;
&#xD;
2019-07-26 15:00:20 - [TEST_STEP][PASSED] - City = City: null&#xD;
&#xD;
2019-07-26 15:00:20 - [TEST_STEP][PASSED] - Tel = Tel: null&#xD;
&#xD;
2019-07-26 15:00:20 - [TEST_STEP][PASSED] - AutoEmail = AutoEmail: null&#xD;
&#xD;
2019-07-26 15:00:20 - [TEST_STEP][PASSED] - println(FirstName): null&#xD;
&#xD;
2019-07-26 15:00:20 - [TEST_STEP][PASSED] - println(LastName): null&#xD;
&#xD;
2019-07-26 15:00:20 - [TEST_STEP][PASSED] - println(Address): null&#xD;
&#xD;
2019-07-26 15:00:20 - [TEST_STEP][PASSED] - println(City): null&#xD;
&#xD;
2019-07-26 15:00:20 - [TEST_STEP][PASSED] - println(Tel): null&#xD;
&#xD;
2019-07-26 15:00:20 - [TEST_STEP][PASSED] - println(AutoEmail): null&#xD;
&#xD;
2019-07-26 15:00:20 - [MESSAGE][PASSED] - Call Test Case 'Test Cases/mobileWeb/_include/name' successfully&#xD;
&#xD;
2019-07-26 15:00:20 - [TEST_STEP][FAILED] - try: Unable to verify text 'Month Duration Acknowledgement' is present  (Root cause: com.kms.katalon.core.exception.StepFailedException: Unable to verify text 'Month Duration Acknowledgement' is present &#xD;
	at com.kms.katalon.core.webui.keyword.internal.WebUIKeywordMain.stepFailed(WebUIKeywordMain.groovy:64)&#xD;
	at com.kms.katalon.core.webui.keyword.internal.WebUIKeywordMain.runKeyword(WebUIKeywordMain.groovy:26)&#xD;
	at com.kms.katalon.core.webui.keyword.builtin.VerifyTextPresentKeyword.verifyTextPresent(VerifyTextPresentKeyword.groovy:83)&#xD;
	at com.kms.katalon.core.webui.keyword.builtin.VerifyTextPresentKeyword.execute(VerifyTextPresentKeyword.groovy:68)&#xD;
	at com.kms.katalon.core.keyword.internal.KeywordExecutor.executeKeywordForPlatform(KeywordExecutor.groovy:56)&#xD;
	at com.kms.katalon.core.webui.keyword.WebUiBuiltInKeywords.verifyTextPresent(WebUiBuiltInKeywords.groovy:1693)&#xD;
	at com.kms.katalon.core.webui.keyword.WebUiBuiltInKeywords$verifyTextPresent$9.call(Unknown Source)&#xD;
	at goToEnd_stm_autofill.run(goToEnd_stm_autofill:19)&#xD;
	at com.kms.katalon.core.main.ScriptEngine.run(ScriptEngine.java:194)&#xD;
	at com.kms.katalon.core.main.ScriptEngine.runScriptAsRawText(ScriptEngine.java:119)&#xD;
	at com.kms.katalon.core.main.TestCaseExecutor.runScript(TestCaseExecutor.java:337)&#xD;
	at com.kms.katalon.core.main.TestCaseExecutor.doExecute(TestCaseExecutor.java:328)&#xD;
	at com.kms.katalon.core.main.TestCaseExecutor.processExecutionPhase(TestCaseExecutor.java:307)&#xD;
	at com.kms.katalon.core.main.TestCaseExecutor.accessMainPhase(TestCaseExecutor.java:299)&#xD;
	at com.kms.katalon.core.main.TestCaseExecutor.execute(TestCaseExecutor.java:233)&#xD;
	at com.kms.katalon.core.main.TestCaseMain.runTestCase(TestCaseMain.java:114)&#xD;
	at com.kms.katalon.core.keyword.builtin.CallTestCaseKeyword$_callTestCase_closure1.doCall(CallTestCaseKeyword.groovy:59)&#xD;
	at com.kms.katalon.core.keyword.builtin.CallTestCaseKeyword$_callTestCase_closure1.call(CallTestCaseKeyword.groovy)&#xD;
	at com.kms.katalon.core.keyword.internal.KeywordMain.runKeyword(KeywordMain.groovy:68)&#xD;
	at com.kms.katalon.core.keyword.builtin.CallTestCaseKeyword.callTestCase(CallTestCaseKeyword.groovy:81)&#xD;
	at com.kms.katalon.core.keyword.builtin.CallTestCaseKeyword.execute(CallTestCaseKeyword.groovy:44)&#xD;
	at com.kms.katalon.core.keyword.internal.KeywordExecutor.executeKeywordForPlatform(KeywordExecutor.groovy:56)&#xD;
	at com.kms.katalon.core.keyword.BuiltinKeywords.callTestCase(BuiltinKeywords.groovy:334)&#xD;
	at Everest.run(Everest:31)&#xD;
	at com.kms.katalon.core.main.ScriptEngine.run(ScriptEngine.java:194)&#xD;
	at com.kms.katalon.core.main.ScriptEngine.runScriptAsRawText(ScriptEngine.java:119)&#xD;
	at com.kms.katalon.core.main.TestCaseExecutor.runScript(TestCaseExecutor.java:337)&#xD;
	at com.kms.katalon.core.main.TestCaseExecutor.doExecute(TestCaseExecutor.java:328)&#xD;
	at com.kms.katalon.core.main.TestCaseExecutor.processExecutionPhase(TestCaseExecutor.java:307)&#xD;
	at com.kms.katalon.core.main.TestCaseExecutor.accessMainPhase(TestCaseExecutor.java:299)&#xD;
	at com.kms.katalon.core.main.TestCaseExecutor.execute(TestCaseExecutor.java:233)&#xD;
	at com.kms.katalon.core.main.TestSuiteExecutor.accessTestCaseMainPhase(TestSuiteExecutor.java:133)&#xD;
	at com.kms.katalon.core.main.TestSuiteExecutor.accessTestSuiteMainPhase(TestSuiteExecutor.java:116)&#xD;
	at com.kms.katalon.core.main.TestSuiteExecutor.execute(TestSuiteExecutor.java:83)&#xD;
	at com.kms.katalon.core.main.TestCaseMain.startTestSuite(TestCaseMain.java:157)&#xD;
	at com.kms.katalon.core.main.TestCaseMain$startTestSuite$0.call(Unknown Source)&#xD;
	at TempTestSuite1564124029030.run(TempTestSuite1564124029030.groovy:35)&#xD;
Caused by: com.kms.katalon.core.exception.StepFailedException: Text 'Month Duration Acknowledgement' is not present on page &#xD;
	at com.kms.katalon.core.webui.keyword.internal.WebUIKeywordMain.stepFailed(WebUIKeywordMain.groovy:64)&#xD;
	at com.kms.katalon.core.webui.keyword.builtin.VerifyTextPresentKeyword$_verifyTextPresent_closure1.doCall(VerifyTextPresentKeyword.groovy:79)&#xD;
	at com.kms.katalon.core.webui.keyword.builtin.VerifyTextPresentKeyword$_verifyTextPresent_closure1.call(VerifyTextPresentKeyword.groovy)&#xD;
	at com.kms.katalon.core.webui.keyword.internal.WebUIKeywordMain.runKeyword(WebUIKeywordMain.groovy:20)&#xD;
	... 35 more&#xD;
)&#xD;
&#xD;
2019-07-26 15:00:20 - [TEST_STEP][FAILED] - if (verifyTextPresent("Month Duration Acknowledgement", false)): Unable to verify text 'Month Duration Acknowledgement' is present  (Root cause: com.kms.katalon.core.exception.StepFailedException: Unable to verify text 'Month Duration Acknowledgement' is present &#xD;
	at com.kms.katalon.core.webui.keyword.internal.WebUIKeywordMain.stepFailed(WebUIKeywordMain.groovy:64)&#xD;
	at com.kms.katalon.core.webui.keyword.internal.WebUIKeywordMain.runKeyword(WebUIKeywordMain.groovy:26)&#xD;
	at com.kms.katalon.core.webui.keyword.builtin.VerifyTextPresentKeyword.verifyTextPresent(VerifyTextPresentKeyword.groovy:83)&#xD;
	at com.kms.katalon.core.webui.keyword.builtin.VerifyTextPresentKeyword.execute(VerifyTextPresentKeyword.groovy:68)&#xD;
	at com.kms.katalon.core.keyword.internal.KeywordExecutor.executeKeywordForPlatform(KeywordExecutor.groovy:56)&#xD;
	at com.kms.katalon.core.webui.keyword.WebUiBuiltInKeywords.verifyTextPresent(WebUiBuiltInKeywords.groovy:1693)&#xD;
	at com.kms.katalon.core.webui.keyword.WebUiBuiltInKeywords$verifyTextPresent$9.call(Unknown Source)&#xD;
	at goToEnd_stm_autofill.run(goToEnd_stm_autofill:19)&#xD;
	at com.kms.katalon.core.main.ScriptEngine.run(ScriptEngine.java:194)&#xD;
	at com.kms.katalon.core.main.ScriptEngine.runScriptAsRawText(ScriptEngine.java:119)&#xD;
	at com.kms.katalon.core.main.TestCaseExecutor.runScript(TestCaseExecutor.java:337)&#xD;
	at com.kms.katalon.core.main.TestCaseExecutor.doExecute(TestCaseExecutor.java:328)&#xD;
	at com.kms.katalon.core.main.TestCaseExecutor.processExecutionPhase(TestCaseExecutor.java:307)&#xD;
	at com.kms.katalon.core.main.TestCaseExecutor.accessMainPhase(TestCaseExecutor.java:299)&#xD;
	at com.kms.katalon.core.main.TestCaseExecutor.execute(TestCaseExecutor.java:233)&#xD;
	at com.kms.katalon.core.main.TestCaseMain.runTestCase(TestCaseMain.java:114)&#xD;
	at com.kms.katalon.core.keyword.builtin.CallTestCaseKeyword$_callTestCase_closure1.doCall(CallTestCaseKeyword.groovy:59)&#xD;
	at com.kms.katalon.core.keyword.builtin.CallTestCaseKeyword$_callTestCase_closure1.call(CallTestCaseKeyword.groovy)&#xD;
	at com.kms.katalon.core.keyword.internal.KeywordMain.runKeyword(KeywordMain.groovy:68)&#xD;
	at com.kms.katalon.core.keyword.builtin.CallTestCaseKeyword.callTestCase(CallTestCaseKeyword.groovy:81)&#xD;
	at com.kms.katalon.core.keyword.builtin.CallTestCaseKeyword.execute(CallTestCaseKeyword.groovy:44)&#xD;
	at com.kms.katalon.core.keyword.internal.KeywordExecutor.executeKeywordForPlatform(KeywordExecutor.groovy:56)&#xD;
	at com.kms.katalon.core.keyword.BuiltinKeywords.callTestCase(BuiltinKeywords.groovy:334)&#xD;
	at Everest.run(Everest:31)&#xD;
	at com.kms.katalon.core.main.ScriptEngine.run(ScriptEngine.java:194)&#xD;
	at com.kms.katalon.core.main.ScriptEngine.runScriptAsRawText(ScriptEngine.java:119)&#xD;
	at com.kms.katalon.core.main.TestCaseExecutor.runScript(TestCaseExecutor.java:337)&#xD;
	at com.kms.katalon.core.main.TestCaseExecutor.doExecute(TestCaseExecutor.java:328)&#xD;
	at com.kms.katalon.core.main.TestCaseExecutor.processExecutionPhase(TestCaseExecutor.java:307)&#xD;
	at com.kms.katalon.core.main.TestCaseExecutor.accessMainPhase(TestCaseExecutor.java:299)&#xD;
	at com.kms.katalon.core.main.TestCaseExecutor.execute(TestCaseExecutor.java:233)&#xD;
	at com.kms.katalon.core.main.TestSuiteExecutor.accessTestCaseMainPhase(TestSuiteExecutor.java:133)&#xD;
	at com.kms.katalon.core.main.TestSuiteExecutor.accessTestSuiteMainPhase(TestSuiteExecutor.java:116)&#xD;
	at com.kms.katalon.core.main.TestSuiteExecutor.execute(TestSuiteExecutor.java:83)&#xD;
	at com.kms.katalon.core.main.TestCaseMain.startTestSuite(TestCaseMain.java:157)&#xD;
	at com.kms.katalon.core.main.TestCaseMain$startTestSuite$0.call(Unknown Source)&#xD;
	at TempTestSuite1564124029030.run(TempTestSuite1564124029030.groovy:35)&#xD;
Caused by: com.kms.katalon.core.exception.StepFailedException: Text 'Month Duration Acknowledgement' is not present on page &#xD;
	at com.kms.katalon.core.webui.keyword.internal.WebUIKeywordMain.stepFailed(WebUIKeywordMain.groovy:64)&#xD;
	at com.kms.katalon.core.webui.keyword.builtin.VerifyTextPresentKeyword$_verifyTextPresent_closure1.doCall(VerifyTextPresentKeyword.groovy:79)&#xD;
	at com.kms.katalon.core.webui.keyword.builtin.VerifyTextPresentKeyword$_verifyTextPresent_closure1.call(VerifyTextPresentKeyword.groovy)&#xD;
	at com.kms.katalon.core.webui.keyword.internal.WebUIKeywordMain.runKeyword(WebUIKeywordMain.groovy:20)&#xD;
	... 35 more&#xD;
)&#xD;
&#xD;
2019-07-26 15:00:20 - [MESSAGE][FAILED] - Text 'Month Duration Acknowledgement' is not present on page  (Root cause: com.kms.katalon.core.exception.StepFailedException: Text 'Month Duration Acknowledgement' is not present on page &#xD;
	at com.kms.katalon.core.webui.keyword.internal.WebUIKeywordMain.stepFailed(WebUIKeywordMain.groovy:64)&#xD;
	at com.kms.katalon.core.webui.keyword.builtin.VerifyTextPresentKeyword$_verifyTextPresent_closure1.doCall(VerifyTextPresentKeyword.groovy:79)&#xD;
	at com.kms.katalon.core.webui.keyword.builtin.VerifyTextPresentKeyword$_verifyTextPresent_closure1.call(VerifyTextPresentKeyword.groovy)&#xD;
	at com.kms.katalon.core.webui.keyword.internal.WebUIKeywordMain.runKeyword(WebUIKeywordMain.groovy:20)&#xD;
	at com.kms.katalon.core.webui.keyword.builtin.VerifyTextPresentKeyword.verifyTextPresent(VerifyTextPresentKeyword.groovy:83)&#xD;
	at com.kms.katalon.core.webui.keyword.builtin.VerifyTextPresentKeyword.execute(VerifyTextPresentKeyword.groovy:68)&#xD;
	at com.kms.katalon.core.keyword.internal.KeywordExecutor.executeKeywordForPlatform(KeywordExecutor.groovy:56)&#xD;
	at com.kms.katalon.core.webui.keyword.WebUiBuiltInKeywords.verifyTextPresent(WebUiBuiltInKeywords.groovy:1693)&#xD;
	at com.kms.katalon.core.webui.keyword.WebUiBuiltInKeywords$verifyTextPresent$9.call(Unknown Source)&#xD;
	at goToEnd_stm_autofill.run(goToEnd_stm_autofill:19)&#xD;
	at com.kms.katalon.core.main.ScriptEngine.run(ScriptEngine.java:194)&#xD;
	at com.kms.katalon.core.main.ScriptEngine.runScriptAsRawText(ScriptEngine.java:119)&#xD;
	at com.kms.katalon.core.main.TestCaseExecutor.runScript(TestCaseExecutor.java:337)&#xD;
	at com.kms.katalon.core.main.TestCaseExecutor.doExecute(TestCaseExecutor.java:328)&#xD;
	at com.kms.katalon.core.main.TestCaseExecutor.processExecutionPhase(TestCaseExecutor.java:307)&#xD;
	at com.kms.katalon.core.main.TestCaseExecutor.accessMainPhase(TestCaseExecutor.java:299)&#xD;
	at com.kms.katalon.core.main.TestCaseExecutor.execute(TestCaseExecutor.java:233)&#xD;
	at com.kms.katalon.core.main.TestCaseMain.runTestCase(TestCaseMain.java:114)&#xD;
	at com.kms.katalon.core.keyword.builtin.CallTestCaseKeyword$_callTestCase_closure1.doCall(CallTestCaseKeyword.groovy:59)&#xD;
	at com.kms.katalon.core.keyword.builtin.CallTestCaseKeyword$_callTestCase_closure1.call(CallTestCaseKeyword.groovy)&#xD;
	at com.kms.katalon.core.keyword.internal.KeywordMain.runKeyword(KeywordMain.groovy:68)&#xD;
	at com.kms.katalon.core.keyword.builtin.CallTestCaseKeyword.callTestCase(CallTestCaseKeyword.groovy:81)&#xD;
	at com.kms.katalon.core.keyword.builtin.CallTestCaseKeyword.execute(CallTestCaseKeyword.groovy:44)&#xD;
	at com.kms.katalon.core.keyword.internal.KeywordExecutor.executeKeywordForPlatform(KeywordExecutor.groovy:56)&#xD;
	at com.kms.katalon.core.keyword.BuiltinKeywords.callTestCase(BuiltinKeywords.groovy:334)&#xD;
	at Everest.run(Everest:31)&#xD;
	at com.kms.katalon.core.main.ScriptEngine.run(ScriptEngine.java:194)&#xD;
	at com.kms.katalon.core.main.ScriptEngine.runScriptAsRawText(ScriptEngine.java:119)&#xD;
	at com.kms.katalon.core.main.TestCaseExecutor.runScript(TestCaseExecutor.java:337)&#xD;
	at com.kms.katalon.core.main.TestCaseExecutor.doExecute(TestCaseExecutor.java:328)&#xD;
	at com.kms.katalon.core.main.TestCaseExecutor.processExecutionPhase(TestCaseExecutor.java:307)&#xD;
	at com.kms.katalon.core.main.TestCaseExecutor.accessMainPhase(TestCaseExecutor.java:299)&#xD;
	at com.kms.katalon.core.main.TestCaseExecutor.execute(TestCaseExecutor.java:233)&#xD;
	at com.kms.katalon.core.main.TestSuiteExecutor.accessTestCaseMainPhase(TestSuiteExecutor.java:133)&#xD;
	at com.kms.katalon.core.main.TestSuiteExecutor.accessTestSuiteMainPhase(TestSuiteExecutor.java:116)&#xD;
	at com.kms.katalon.core.main.TestSuiteExecutor.execute(TestSuiteExecutor.java:83)&#xD;
	at com.kms.katalon.core.main.TestCaseMain.startTestSuite(TestCaseMain.java:157)&#xD;
	at com.kms.katalon.core.main.TestCaseMain$startTestSuite$0.call(Unknown Source)&#xD;
	at TempTestSuite1564124029030.run(TempTestSuite1564124029030.groovy:35)&#xD;
)&#xD;
&#xD;
2019-07-26 15:00:21 - [MESSAGE][FAILED] - Unable to verify text 'Month Duration Acknowledgement' is present  (Root cause: com.kms.katalon.core.exception.StepFailedException: Unable to verify text 'Month Duration Acknowledgement' is present &#xD;
	at com.kms.katalon.core.webui.keyword.internal.WebUIKeywordMain.stepFailed(WebUIKeywordMain.groovy:64)&#xD;
	at com.kms.katalon.core.webui.keyword.internal.WebUIKeywordMain.runKeyword(WebUIKeywordMain.groovy:26)&#xD;
	at com.kms.katalon.core.webui.keyword.builtin.VerifyTextPresentKeyword.verifyTextPresent(VerifyTextPresentKeyword.groovy:83)&#xD;
	at com.kms.katalon.core.webui.keyword.builtin.VerifyTextPresentKeyword.execute(VerifyTextPresentKeyword.groovy:68)&#xD;
	at com.kms.katalon.core.keyword.internal.KeywordExecutor.executeKeywordForPlatform(KeywordExecutor.groovy:56)&#xD;
	at com.kms.katalon.core.webui.keyword.WebUiBuiltInKeywords.verifyTextPresent(WebUiBuiltInKeywords.groovy:1693)&#xD;
	at com.kms.katalon.core.webui.keyword.WebUiBuiltInKeywords$verifyTextPresent$9.call(Unknown Source)&#xD;
	at goToEnd_stm_autofill.run(goToEnd_stm_autofill:19)&#xD;
	at com.kms.katalon.core.main.ScriptEngine.run(ScriptEngine.java:194)&#xD;
	at com.kms.katalon.core.main.ScriptEngine.runScriptAsRawText(ScriptEngine.java:119)&#xD;
	at com.kms.katalon.core.main.TestCaseExecutor.runScript(TestCaseExecutor.java:337)&#xD;
	at com.kms.katalon.core.main.TestCaseExecutor.doExecute(TestCaseExecutor.java:328)&#xD;
	at com.kms.katalon.core.main.TestCaseExecutor.processExecutionPhase(TestCaseExecutor.java:307)&#xD;
	at com.kms.katalon.core.main.TestCaseExecutor.accessMainPhase(TestCaseExecutor.java:299)&#xD;
	at com.kms.katalon.core.main.TestCaseExecutor.execute(TestCaseExecutor.java:233)&#xD;
	at com.kms.katalon.core.main.TestCaseMain.runTestCase(TestCaseMain.java:114)&#xD;
	at com.kms.katalon.core.keyword.builtin.CallTestCaseKeyword$_callTestCase_closure1.doCall(CallTestCaseKeyword.groovy:59)&#xD;
	at com.kms.katalon.core.keyword.builtin.CallTestCaseKeyword$_callTestCase_closure1.call(CallTestCaseKeyword.groovy)&#xD;
	at com.kms.katalon.core.keyword.internal.KeywordMain.runKeyword(KeywordMain.groovy:68)&#xD;
	at com.kms.katalon.core.keyword.builtin.CallTestCaseKeyword.callTestCase(CallTestCaseKeyword.groovy:81)&#xD;
	at com.kms.katalon.core.keyword.builtin.CallTestCaseKeyword.execute(CallTestCaseKeyword.groovy:44)&#xD;
	at com.kms.katalon.core.keyword.internal.KeywordExecutor.executeKeywordForPlatform(KeywordExecutor.groovy:56)&#xD;
	at com.kms.katalon.core.keyword.BuiltinKeywords.callTestCase(BuiltinKeywords.groovy:334)&#xD;
	at Everest.run(Everest:31)&#xD;
	at com.kms.katalon.core.main.ScriptEngine.run(ScriptEngine.java:194)&#xD;
	at com.kms.katalon.core.main.ScriptEngine.runScriptAsRawText(ScriptEngine.java:119)&#xD;
	at com.kms.katalon.core.main.TestCaseExecutor.runScript(TestCaseExecutor.java:337)&#xD;
	at com.kms.katalon.core.main.TestCaseExecutor.doExecute(TestCaseExecutor.java:328)&#xD;
	at com.kms.katalon.core.main.TestCaseExecutor.processExecutionPhase(TestCaseExecutor.java:307)&#xD;
	at com.kms.katalon.core.main.TestCaseExecutor.accessMainPhase(TestCaseExecutor.java:299)&#xD;
	at com.kms.katalon.core.main.TestCaseExecutor.execute(TestCaseExecutor.java:233)&#xD;
	at com.kms.katalon.core.main.TestSuiteExecutor.accessTestCaseMainPhase(TestSuiteExecutor.java:133)&#xD;
	at com.kms.katalon.core.main.TestSuiteExecutor.accessTestSuiteMainPhase(TestSuiteExecutor.java:116)&#xD;
	at com.kms.katalon.core.main.TestSuiteExecutor.execute(TestSuiteExecutor.java:83)&#xD;
	at com.kms.katalon.core.main.TestCaseMain.startTestSuite(TestCaseMain.java:157)&#xD;
	at com.kms.katalon.core.main.TestCaseMain$startTestSuite$0.call(Unknown Source)&#xD;
	at TempTestSuite1564124029030.run(TempTestSuite1564124029030.groovy:35)&#xD;
Caused by: com.kms.katalon.core.exception.StepFailedException: Text 'Month Duration Acknowledgement' is not present on page &#xD;
	at com.kms.katalon.core.webui.keyword.internal.WebUIKeywordMain.stepFailed(WebUIKeywordMain.groovy:64)&#xD;
	at com.kms.katalon.core.webui.keyword.builtin.VerifyTextPresentKeyword$_verifyTextPresent_closure1.doCall(VerifyTextPresentKeyword.groovy:79)&#xD;
	at com.kms.katalon.core.webui.keyword.builtin.VerifyTextPresentKeyword$_verifyTextPresent_closure1.call(VerifyTextPresentKeyword.groovy)&#xD;
	at com.kms.katalon.core.webui.keyword.internal.WebUIKeywordMain.runKeyword(WebUIKeywordMain.groovy:20)&#xD;
	... 35 more&#xD;
)&#xD;
[[ATTACHMENT|D:\\Test\\AgileTest\\AgileTest\\Reports\\mobileWeb\\stm\\20190726_145349\\1564124420738.png]]&#xD;
&#xD;
2019-07-26 15:00:21 - [TEST_STEP][PASSED] - catch (Exception e): null&#xD;
&#xD;
2019-07-26 15:00:21 - [TEST_STEP][PASSED] - println("no consecutive"): null&#xD;
&#xD;
2019-07-26 15:00:21 - [TEST_STEP][PASSED] - waitForPageLoad(10): Wait for page load successfully&#xD;
&#xD;
2019-07-26 15:00:21 - [MESSAGE][PASSED] - Wait for page load successfully&#xD;
&#xD;
2019-07-26 15:00:21 - [TEST_STEP][PASSED] - Thread.sleep(3000): null&#xD;
&#xD;
2019-07-26 15:00:24 - [TEST_STEP][PASSED] - waitForElementVisible(findTestObject("mobileSanity/STM/Page_App Page 1/a_Autofill App Info"), 20): Object 'Object Repository/mobileSanity/STM/Page_App Page 1/a_Autofill App Info' is visible&#xD;
&#xD;
2019-07-26 15:00:24 - [MESSAGE][PASSED] - Object 'Object Repository/mobileSanity/STM/Page_App Page 1/a_Autofill App Info' is visible&#xD;
&#xD;
2019-07-26 15:00:24 - [TEST_STEP][PASSED] - click(findTestObject("mobileSanity/STM/Page_App Page 1/a_Autofill App Info")): Object: 'Object Repository/mobileSanity/STM/Page_App Page 1/a_Autofill App Info' is clicked on&#xD;
&#xD;
2019-07-26 15:00:24 - [MESSAGE][PASSED] - Object: 'Object Repository/mobileSanity/STM/Page_App Page 1/a_Autofill App Info' is clicked on&#xD;
&#xD;
2019-07-26 15:00:24 - [TEST_STEP][PASSED] - Thread.sleep(1000): null&#xD;
&#xD;
2019-07-26 15:00:25 - [TEST_STEP][PASSED] - click(findTestObject("mobileSanity/STM/Page_App Page 1/a_Autofill App Info")): Object: 'Object Repository/mobileSanity/STM/Page_App Page 1/a_Autofill App Info' is clicked on&#xD;
&#xD;
2019-07-26 15:00:26 - [MESSAGE][PASSED] - Object: 'Object Repository/mobileSanity/STM/Page_App Page 1/a_Autofill App Info' is clicked on&#xD;
&#xD;
2019-07-26 15:00:26 - [TEST_STEP][PASSED] - Thread.sleep(1000): null&#xD;
&#xD;
2019-07-26 15:00:27 - [TEST_STEP][PASSED] - waitForElementVisible(findTestObject("mobileSanity/STM/Page_App Page 1/a_Continue"), 20): Object 'Object Repository/mobileSanity/STM/Page_App Page 1/a_Continue' is visible&#xD;
&#xD;
2019-07-26 15:00:27 - [MESSAGE][PASSED] - Object 'Object Repository/mobileSanity/STM/Page_App Page 1/a_Continue' is visible&#xD;
&#xD;
2019-07-26 15:00:27 - [TEST_STEP][PASSED] - click(findTestObject("mobileSanity/STM/Page_App Page 1/a_Continue")): Object: 'Object Repository/mobileSanity/STM/Page_App Page 1/a_Continue' is clicked on&#xD;
&#xD;
2019-07-26 15:00:27 - [MESSAGE][PASSED] - Object: 'Object Repository/mobileSanity/STM/Page_App Page 1/a_Continue' is clicked on&#xD;
&#xD;
2019-07-26 15:00:27 - [TEST_STEP][PASSED] - waitForPageLoad(10): Wait for page load successfully&#xD;
&#xD;
2019-07-26 15:00:27 - [MESSAGE][PASSED] - Wait for page load successfully&#xD;
&#xD;
2019-07-26 15:00:27 - [TEST_STEP][PASSED] - Thread.sleep(2000): null&#xD;
&#xD;
2019-07-26 15:00:29 - [TEST_STEP][PASSED] - callTestCase(findTestCase("mobileWeb/_include/get_screenshot"), [:], STOP_ON_FAILURE): Call Test Case 'Test Cases/mobileWeb/_include/get_screenshot' successfully&#xD;
&#xD;
2019-07-26 15:00:29 - [TEST_CASE][PASSED] - Test Cases/mobileWeb/_include/get_screenshot: Test Cases/mobileWeb/_include/get_screenshot&#xD;
&#xD;
2019-07-26 15:00:29 - [TEST_STEP][PASSED] - takeScreenshot(screenPath + i + ".png"): Taking screenshot successfully&#xD;
&#xD;
2019-07-26 15:00:30 - [MESSAGE][PASSED] - Taking screenshot successfully&#xD;
[[ATTACHMENT|D:\\Test\\AgileTest\\AgileTest\\Reports\\mobileWeb\\stm\\20190726_145349\\../Screenshots/iPhone X/stm/Everest/20190726_145926/7.png]]&#xD;
&#xD;
2019-07-26 15:00:30 - [TEST_STEP][PASSED] - (internal.GlobalVariable.i++): null&#xD;
&#xD;
2019-07-26 15:00:30 - [MESSAGE][PASSED] - Call Test Case 'Test Cases/mobileWeb/_include/get_screenshot' successfully&#xD;
&#xD;
2019-07-26 15:00:30 - [TEST_STEP][PASSED] - click(findTestObject("mobileSanity/STM/Page_App Page 2/a_Continue to Step 3 - Payment")): Object: 'Object Repository/mobileSanity/STM/Page_App Page 2/a_Continue to Step 3 - Payment' is clicked on&#xD;
&#xD;
2019-07-26 15:00:30 - [MESSAGE][PASSED] - Object: 'Object Repository/mobileSanity/STM/Page_App Page 2/a_Continue to Step 3 - Payment' is clicked on&#xD;
&#xD;
2019-07-26 15:00:30 - [TEST_STEP][PASSED] - waitForPageLoad(10): Wait for page load successfully&#xD;
&#xD;
2019-07-26 15:00:30 - [MESSAGE][PASSED] - Wait for page load successfully&#xD;
&#xD;
2019-07-26 15:00:30 - [TEST_STEP][PASSED] - Thread.sleep(2000): null&#xD;
&#xD;
2019-07-26 15:00:32 - [TEST_STEP][PASSED] - callTestCase(findTestCase("mobileWeb/_include/get_screenshot"), [:], STOP_ON_FAILURE): Call Test Case 'Test Cases/mobileWeb/_include/get_screenshot' successfully&#xD;
&#xD;
2019-07-26 15:00:32 - [TEST_CASE][PASSED] - Test Cases/mobileWeb/_include/get_screenshot: Test Cases/mobileWeb/_include/get_screenshot&#xD;
&#xD;
2019-07-26 15:00:32 - [TEST_STEP][PASSED] - takeScreenshot(screenPath + i + ".png"): Taking screenshot successfully&#xD;
&#xD;
2019-07-26 15:00:33 - [MESSAGE][PASSED] - Taking screenshot successfully&#xD;
[[ATTACHMENT|D:\\Test\\AgileTest\\AgileTest\\Reports\\mobileWeb\\stm\\20190726_145349\\../Screenshots/iPhone X/stm/Everest/20190726_145926/8.png]]&#xD;
&#xD;
2019-07-26 15:00:33 - [TEST_STEP][PASSED] - (internal.GlobalVariable.i++): null&#xD;
&#xD;
2019-07-26 15:00:33 - [MESSAGE][PASSED] - Call Test Case 'Test Cases/mobileWeb/_include/get_screenshot' successfully&#xD;
&#xD;
2019-07-26 15:00:33 - [TEST_STEP][PASSED] - clearText(findTestObject("mobileSanity/STM/Page_App Page 3/input__credit-card-cvv")): Text of object 'Object Repository/mobileSanity/STM/Page_App Page 3/input__credit-card-cvv' is cleared&#xD;
&#xD;
2019-07-26 15:00:33 - [MESSAGE][PASSED] - Text of object 'Object Repository/mobileSanity/STM/Page_App Page 3/input__credit-card-cvv' is cleared&#xD;
&#xD;
2019-07-26 15:00:33 - [TEST_STEP][PASSED] - setText(findTestObject("mobileSanity/STM/Page_App Page 3/input__credit-card-cvv"), "123"): Text '123' is set on object 'Object Repository/mobileSanity/STM/Page_App Page 3/input__credit-card-cvv'&#xD;
&#xD;
2019-07-26 15:00:33 - [MESSAGE][PASSED] - Text '123' is set on object 'Object Repository/mobileSanity/STM/Page_App Page 3/input__credit-card-cvv'&#xD;
&#xD;
2019-07-26 15:00:33 - [TEST_STEP][PASSED] - click(findTestObject("mobileSanity/STM/Page_App Page 3/label_I Accept Authorization f")): Object: 'Object Repository/mobileSanity/STM/Page_App Page 3/label_I Accept Authorization f' is clicked on&#xD;
&#xD;
2019-07-26 15:00:33 - [MESSAGE][PASSED] - Object: 'Object Repository/mobileSanity/STM/Page_App Page 3/label_I Accept Authorization f' is clicked on&#xD;
&#xD;
2019-07-26 15:00:33 - [TEST_STEP][PASSED] - click(findTestObject("mobileSanity/STM/Page_App Page 3/a_Continue to Step 4 - Review")): Object: 'Object Repository/mobileSanity/STM/Page_App Page 3/a_Continue to Step 4 - Review' is clicked on&#xD;
&#xD;
2019-07-26 15:00:33 - [MESSAGE][PASSED] - Object: 'Object Repository/mobileSanity/STM/Page_App Page 3/a_Continue to Step 4 - Review' is clicked on&#xD;
&#xD;
2019-07-26 15:00:33 - [TEST_STEP][PASSED] - waitForPageLoad(10): Wait for page load successfully&#xD;
&#xD;
2019-07-26 15:00:33 - [MESSAGE][PASSED] - Wait for page load successfully&#xD;
&#xD;
2019-07-26 15:00:33 - [TEST_STEP][PASSED] - waitForElementClickable(findTestObject("mobileSanity/STM/Page_App Page 4/label"), 10): Object 'Object Repository/mobileSanity/STM/Page_App Page 4/label' is clickable&#xD;
&#xD;
2019-07-26 15:00:35 - [MESSAGE][PASSED] - Object 'Object Repository/mobileSanity/STM/Page_App Page 4/label' is clickable&#xD;
&#xD;
2019-07-26 15:00:35 - [TEST_STEP][PASSED] - Thread.sleep(2000): null&#xD;
&#xD;
2019-07-26 15:00:37 - [TEST_STEP][PASSED] - callTestCase(findTestCase("mobileWeb/_include/get_screenshot"), [:], STOP_ON_FAILURE): Call Test Case 'Test Cases/mobileWeb/_include/get_screenshot' successfully&#xD;
&#xD;
2019-07-26 15:00:37 - [TEST_CASE][PASSED] - Test Cases/mobileWeb/_include/get_screenshot: Test Cases/mobileWeb/_include/get_screenshot&#xD;
&#xD;
2019-07-26 15:00:37 - [TEST_STEP][PASSED] - takeScreenshot(screenPath + i + ".png"): Taking screenshot successfully&#xD;
&#xD;
2019-07-26 15:00:38 - [MESSAGE][PASSED] - Taking screenshot successfully&#xD;
[[ATTACHMENT|D:\\Test\\AgileTest\\AgileTest\\Reports\\mobileWeb\\stm\\20190726_145349\\../Screenshots/iPhone X/stm/Everest/20190726_145926/9.png]]&#xD;
&#xD;
2019-07-26 15:00:38 - [TEST_STEP][PASSED] - (internal.GlobalVariable.i++): null&#xD;
&#xD;
2019-07-26 15:00:38 - [MESSAGE][PASSED] - Call Test Case 'Test Cases/mobileWeb/_include/get_screenshot' successfully&#xD;
&#xD;
2019-07-26 15:00:38 - [TEST_STEP][PASSED] - click(findTestObject("mobileSanity/STM/Page_App Page 4/label")): Object: 'Object Repository/mobileSanity/STM/Page_App Page 4/label' is clicked on&#xD;
&#xD;
2019-07-26 15:00:38 - [MESSAGE][PASSED] - Object: 'Object Repository/mobileSanity/STM/Page_App Page 4/label' is clicked on&#xD;
&#xD;
2019-07-26 15:00:38 - [TEST_STEP][PASSED] - click(findTestObject("mobileSanity/STM/Page_App Page 4/div_CLICK TO SIGN")): Object: 'Object Repository/mobileSanity/STM/Page_App Page 4/div_CLICK TO SIGN' is clicked on&#xD;
&#xD;
2019-07-26 15:00:39 - [MESSAGE][PASSED] - Object: 'Object Repository/mobileSanity/STM/Page_App Page 4/div_CLICK TO SIGN' is clicked on&#xD;
&#xD;
2019-07-26 15:00:39 - [TEST_STEP][PASSED] - click(findTestObject("mobileSanity/STM/Page_App Page 4/a_Submit Your Application")): Object: 'Object Repository/mobileSanity/STM/Page_App Page 4/a_Submit Your Application' is clicked on&#xD;
&#xD;
2019-07-26 15:00:39 - [MESSAGE][PASSED] - Object: 'Object Repository/mobileSanity/STM/Page_App Page 4/a_Submit Your Application' is clicked on&#xD;
&#xD;
2019-07-26 15:00:39 - [TEST_STEP][PASSED] - Thread.sleep(30000): null&#xD;
&#xD;
2019-07-26 15:01:09 - [TEST_STEP][PASSED] - callTestCase(findTestCase("mobileWeb/_include/get_screenshot"), [:], STOP_ON_FAILURE): Call Test Case 'Test Cases/mobileWeb/_include/get_screenshot' successfully&#xD;
&#xD;
2019-07-26 15:01:09 - [TEST_CASE][PASSED] - Test Cases/mobileWeb/_include/get_screenshot: Test Cases/mobileWeb/_include/get_screenshot&#xD;
&#xD;
2019-07-26 15:01:09 - [TEST_STEP][PASSED] - takeScreenshot(screenPath + i + ".png"): Taking screenshot successfully&#xD;
&#xD;
2019-07-26 15:01:19 - [MESSAGE][PASSED] - Taking screenshot successfully&#xD;
[[ATTACHMENT|D:\\Test\\AgileTest\\AgileTest\\Reports\\mobileWeb\\stm\\20190726_145349\\../Screenshots/iPhone X/stm/Everest/20190726_145926/10.png]]&#xD;
&#xD;
2019-07-26 15:01:19 - [TEST_STEP][PASSED] - (internal.GlobalVariable.i++): null&#xD;
&#xD;
2019-07-26 15:01:19 - [MESSAGE][PASSED] - Call Test Case 'Test Cases/mobileWeb/_include/get_screenshot' successfully&#xD;
&#xD;
2019-07-26 15:01:19 - [TEST_STEP][PASSED] - waitForElementPresent(findTestObject("mobileSanity/STM/Page_App Page 6/span_planName"), 30): Object 'Object Repository/mobileSanity/STM/Page_App Page 6/span_planName' is present&#xD;
&#xD;
2019-07-26 15:01:19 - [MESSAGE][PASSED] - Object 'Object Repository/mobileSanity/STM/Page_App Page 6/span_planName' is present&#xD;
&#xD;
2019-07-26 15:01:19 - [TEST_STEP][PASSED] - verifyElementPresent(findTestObject("mobileSanity/STM/Page_App Page 6/span_planName"), 20): Object 'Object Repository/mobileSanity/STM/Page_App Page 6/span_planName' is present&#xD;
&#xD;
2019-07-26 15:01:19 - [MESSAGE][PASSED] - Object 'Object Repository/mobileSanity/STM/Page_App Page 6/span_planName' is present&#xD;
&#xD;
2019-07-26 15:01:19 - [TEST_STEP][PASSED] - verifyElementPresent(findTestObject("mobileSanity/STM/Page_App Page 6/span_approved"), 20): Object 'Object Repository/mobileSanity/STM/Page_App Page 6/span_approved' is present&#xD;
&#xD;
2019-07-26 15:01:19 - [MESSAGE][PASSED] - Object 'Object Repository/mobileSanity/STM/Page_App Page 6/span_approved' is present&#xD;
&#xD;
2019-07-26 15:01:19 - [MESSAGE][PASSED] - Call Test Case 'Test Cases/mobileWeb/_include/goToEnd_stm_autofill' successfully</system-out>
            <system-err></system-err>
        </testcase>
        <testcase name="Test Cases/mobileWeb/stm/Everest Prime" classname="Test Cases/mobileWeb/stm/Everest Prime" status="PASSED">
            <system-out>2019-07-26 15:01:19 - [TEST_CASE][PASSED] - Test Cases/mobileWeb/stm/Everest Prime: Test Cases/mobileWeb/stm/Everest Prime&#xD;
&#xD;
2019-07-26 15:01:19 - [TEST_STEP][PASSED] - callTestCase(findTestCase("mobileWeb/_include/get_screenPath"), ["productLine":"stm", "carrierName":"Everest Prime"], CONTINUE_ON_FAILURE): Call Test Case 'Test Cases/mobileWeb/_include/get_screenPath' successfully&#xD;
&#xD;
2019-07-26 15:01:19 - [TEST_CASE][PASSED] - Test Cases/mobileWeb/_include/get_screenPath: Test Cases/mobileWeb/_include/get_screenPath&#xD;
&#xD;
2019-07-26 15:01:19 - [TEST_STEP][PASSED] - m = getExecutionProperties(): null&#xD;
&#xD;
2019-07-26 15:01:19 - [TEST_STEP][PASSED] - deviceName = get("mobileEmulation").get("deviceName"): null&#xD;
&#xD;
2019-07-26 15:01:19 - [TEST_STEP][PASSED] - println(deviceName): null&#xD;
&#xD;
2019-07-26 15:01:19 - [TEST_STEP][PASSED] - now = new java.util.Date(): null&#xD;
&#xD;
2019-07-26 15:01:19 - [TEST_STEP][PASSED] - mydate = now.format("yyyyMMdd_HHmmss"): null&#xD;
&#xD;
2019-07-26 15:01:19 - [TEST_STEP][PASSED] - screenPath = "../Screenshots/": null&#xD;
&#xD;
2019-07-26 15:01:19 - [TEST_STEP][PASSED] - screenPath = screenPath + deviceName + "/" + productLine + "/" + carrierName + "/" + mydate + "/": null&#xD;
&#xD;
2019-07-26 15:01:19 - [TEST_STEP][PASSED] - println(screenPath): null&#xD;
&#xD;
2019-07-26 15:01:19 - [MESSAGE][PASSED] - Call Test Case 'Test Cases/mobileWeb/_include/get_screenPath' successfully&#xD;
&#xD;
2019-07-26 15:01:19 - [TEST_STEP][PASSED] - i = 0: null&#xD;
&#xD;
2019-07-26 15:01:19 - [TEST_STEP][PASSED] - callTestCase(findTestCase("mobileWeb/_include/openWebSite"), [:], CONTINUE_ON_FAILURE): Call Test Case 'Test Cases/mobileWeb/_include/openWebSite' successfully&#xD;
&#xD;
2019-07-26 15:01:19 - [TEST_CASE][PASSED] - Test Cases/mobileWeb/_include/openWebSite: Test Cases/mobileWeb/_include/openWebSite&#xD;
&#xD;
2019-07-26 15:01:19 - [TEST_STEP][PASSED] - openBrowser(ENV): Browser is opened with url: 'https://praetemptatus.agilehealthinsurance.com'&#xD;
&#xD;
2019-07-26 15:01:19 - [MESSAGE][WARNING] - A browser is already opened. Closing browser and opening a new one&#xD;
&#xD;
2019-07-26 15:01:20 - [MESSAGE][INFO] - Starting 'Chrome' driver&#xD;
&#xD;
2019-07-26 15:01:20 - [MESSAGE][INFO] - User set preference: ['mobileEmulation', '{deviceName=iPhone X}']&#xD;
&#xD;
2019-07-26 15:01:20 - [MESSAGE][INFO] - User set preference: ['args', '[--incognito, --aggressive-cache-discard, --no-sandbox, --window-size=375,812]']&#xD;
&#xD;
2019-07-26 15:01:27 - [MESSAGE][PASSED] - Browser is opened with url: 'https://praetemptatus.agilehealthinsurance.com'&#xD;
&#xD;
2019-07-26 15:01:27 - [TEST_STEP][PASSED] - waitForPageLoad(10): Wait for page load successfully&#xD;
&#xD;
2019-07-26 15:01:27 - [MESSAGE][PASSED] - Wait for page load successfully&#xD;
&#xD;
2019-07-26 15:01:27 - [TEST_STEP][PASSED] - callTestCase(findTestCase("mobileWeb/_include/get_screenshot"), [:], STOP_ON_FAILURE): Call Test Case 'Test Cases/mobileWeb/_include/get_screenshot' successfully&#xD;
&#xD;
2019-07-26 15:01:27 - [TEST_CASE][PASSED] - Test Cases/mobileWeb/_include/get_screenshot: Test Cases/mobileWeb/_include/get_screenshot&#xD;
&#xD;
2019-07-26 15:01:27 - [TEST_STEP][PASSED] - takeScreenshot(screenPath + i + ".png"): Taking screenshot successfully&#xD;
&#xD;
2019-07-26 15:01:29 - [MESSAGE][PASSED] - Taking screenshot successfully&#xD;
[[ATTACHMENT|D:\\Test\\AgileTest\\AgileTest\\Reports\\mobileWeb\\stm\\20190726_145349\\../Screenshots/iPhone X/stm/Everest Prime/20190726_150119/0.png]]&#xD;
&#xD;
2019-07-26 15:01:29 - [TEST_STEP][PASSED] - (internal.GlobalVariable.i++): null&#xD;
&#xD;
2019-07-26 15:01:29 - [MESSAGE][PASSED] - Call Test Case 'Test Cases/mobileWeb/_include/get_screenshot' successfully&#xD;
&#xD;
2019-07-26 15:01:29 - [MESSAGE][PASSED] - Call Test Case 'Test Cases/mobileWeb/_include/openWebSite' successfully&#xD;
&#xD;
2019-07-26 15:01:29 - [TEST_STEP][PASSED] - callTestCase(findTestCase("mobileWeb/_include/census_stm"), [:], CONTINUE_ON_FAILURE): Call Test Case 'Test Cases/mobileWeb/_include/census_stm' successfully&#xD;
&#xD;
2019-07-26 15:01:29 - [TEST_CASE][PASSED] - Test Cases/mobileWeb/_include/census_stm: Test Cases/mobileWeb/_include/census_stm&#xD;
&#xD;
2019-07-26 15:01:29 - [TEST_STEP][PASSED] - waitForElementClickable(findTestObject("mobileSanity/STM/Home Page/a_Quote  Save Today"), 10): Object 'Object Repository/mobileSanity/STM/Home Page/a_Quote  Save Today' is clickable&#xD;
&#xD;
2019-07-26 15:01:29 - [MESSAGE][PASSED] - Object 'Object Repository/mobileSanity/STM/Home Page/a_Quote  Save Today' is clickable&#xD;
&#xD;
2019-07-26 15:01:29 - [TEST_STEP][PASSED] - click(findTestObject("mobileSanity/STM/Home Page/a_Quote  Save Today")): Object: 'Object Repository/mobileSanity/STM/Home Page/a_Quote  Save Today' is clicked on&#xD;
&#xD;
2019-07-26 15:01:30 - [MESSAGE][PASSED] - Object: 'Object Repository/mobileSanity/STM/Home Page/a_Quote  Save Today' is clicked on&#xD;
&#xD;
2019-07-26 15:01:30 - [TEST_STEP][PASSED] - waitForPageLoad(10): Wait for page load successfully&#xD;
&#xD;
2019-07-26 15:01:31 - [MESSAGE][PASSED] - Wait for page load successfully&#xD;
&#xD;
2019-07-26 15:01:31 - [TEST_STEP][PASSED] - callTestCase(findTestCase("mobileWeb/_include/get_screenshot"), [:], STOP_ON_FAILURE): Call Test Case 'Test Cases/mobileWeb/_include/get_screenshot' successfully&#xD;
&#xD;
2019-07-26 15:01:31 - [TEST_CASE][PASSED] - Test Cases/mobileWeb/_include/get_screenshot: Test Cases/mobileWeb/_include/get_screenshot&#xD;
&#xD;
2019-07-26 15:01:31 - [TEST_STEP][PASSED] - takeScreenshot(screenPath + i + ".png"): Taking screenshot successfully&#xD;
&#xD;
2019-07-26 15:01:31 - [MESSAGE][PASSED] - Taking screenshot successfully&#xD;
[[ATTACHMENT|D:\\Test\\AgileTest\\AgileTest\\Reports\\mobileWeb\\stm\\20190726_145349\\../Screenshots/iPhone X/stm/Everest Prime/20190726_150119/1.png]]&#xD;
&#xD;
2019-07-26 15:01:31 - [TEST_STEP][PASSED] - (internal.GlobalVariable.i++): null&#xD;
&#xD;
2019-07-26 15:01:31 - [MESSAGE][PASSED] - Call Test Case 'Test Cases/mobileWeb/_include/get_screenshot' successfully&#xD;
&#xD;
2019-07-26 15:01:31 - [TEST_STEP][PASSED] - setText(findTestObject("mobileSanity/STM/STM Census Page/input_Location_zip-input"), zipcode): Text '35215' is set on object 'Object Repository/mobileSanity/STM/STM Census Page/input_Location_zip-input'&#xD;
&#xD;
2019-07-26 15:01:32 - [MESSAGE][PASSED] - Text '35215' is set on object 'Object Repository/mobileSanity/STM/STM Census Page/input_Location_zip-input'&#xD;
&#xD;
2019-07-26 15:01:32 - [TEST_STEP][PASSED] - Thread.sleep(500): null&#xD;
&#xD;
2019-07-26 15:01:32 - [TEST_STEP][PASSED] - setText(findTestObject("mobileSanity/STM/STM Census Page/input_Date of Birth_dob-0"), "03031987"): Text '03031987' is set on object 'Object Repository/mobileSanity/STM/STM Census Page/input_Date of Birth_dob-0'&#xD;
&#xD;
2019-07-26 15:01:32 - [MESSAGE][PASSED] - Text '03031987' is set on object 'Object Repository/mobileSanity/STM/STM Census Page/input_Date of Birth_dob-0'&#xD;
&#xD;
2019-07-26 15:01:32 - [TEST_STEP][PASSED] - click(findTestObject("mobileSanity/STM/STM Census Page/label_Male")): Object: 'Object Repository/mobileSanity/STM/STM Census Page/label_Male' is clicked on&#xD;
&#xD;
2019-07-26 15:01:32 - [MESSAGE][PASSED] - Object: 'Object Repository/mobileSanity/STM/STM Census Page/label_Male' is clicked on&#xD;
&#xD;
2019-07-26 15:01:32 - [TEST_STEP][PASSED] - click(findTestObject("mobileSanity/STM/STM Census Page/label_Compare Plans")): Object: 'Object Repository/mobileSanity/STM/STM Census Page/label_Compare Plans' is clicked on&#xD;
&#xD;
2019-07-26 15:01:33 - [MESSAGE][PASSED] - Object: 'Object Repository/mobileSanity/STM/STM Census Page/label_Compare Plans' is clicked on&#xD;
&#xD;
2019-07-26 15:01:33 - [TEST_STEP][PASSED] - waitForPageLoad(10): Wait for page load successfully&#xD;
&#xD;
2019-07-26 15:01:33 - [MESSAGE][PASSED] - Wait for page load successfully&#xD;
&#xD;
2019-07-26 15:01:33 - [TEST_STEP][PASSED] - Thread.sleep(3000): null&#xD;
&#xD;
2019-07-26 15:01:36 - [TEST_STEP][PASSED] - callTestCase(findTestCase("mobileWeb/_include/get_screenshot"), [:], STOP_ON_FAILURE): Call Test Case 'Test Cases/mobileWeb/_include/get_screenshot' successfully&#xD;
&#xD;
2019-07-26 15:01:36 - [TEST_CASE][PASSED] - Test Cases/mobileWeb/_include/get_screenshot: Test Cases/mobileWeb/_include/get_screenshot&#xD;
&#xD;
2019-07-26 15:01:36 - [TEST_STEP][PASSED] - takeScreenshot(screenPath + i + ".png"): Taking screenshot successfully&#xD;
&#xD;
2019-07-26 15:01:40 - [MESSAGE][PASSED] - Taking screenshot successfully&#xD;
[[ATTACHMENT|D:\\Test\\AgileTest\\AgileTest\\Reports\\mobileWeb\\stm\\20190726_145349\\../Screenshots/iPhone X/stm/Everest Prime/20190726_150119/2.png]]&#xD;
&#xD;
2019-07-26 15:01:40 - [TEST_STEP][PASSED] - (internal.GlobalVariable.i++): null&#xD;
&#xD;
2019-07-26 15:01:40 - [MESSAGE][PASSED] - Call Test Case 'Test Cases/mobileWeb/_include/get_screenshot' successfully&#xD;
&#xD;
2019-07-26 15:01:40 - [TEST_STEP][PASSED] - Thread.sleep(1000): null&#xD;
&#xD;
2019-07-26 15:01:41 - [MESSAGE][PASSED] - Call Test Case 'Test Cases/mobileWeb/_include/census_stm' successfully&#xD;
&#xD;
2019-07-26 15:01:41 - [TEST_STEP][PASSED] - callTestCase(findTestCase("mobileWeb/_include/filter_stm"), ["carrier":"everest"], STOP_ON_FAILURE): Call Test Case 'Test Cases/mobileWeb/_include/filter_stm' successfully&#xD;
&#xD;
2019-07-26 15:01:41 - [TEST_CASE][PASSED] - Test Cases/mobileWeb/_include/filter_stm: Test Cases/mobileWeb/_include/filter_stm&#xD;
&#xD;
2019-07-26 15:01:41 - [TEST_STEP][PASSED] - driver = getWebDriver(): null&#xD;
&#xD;
2019-07-26 15:01:41 - [TEST_STEP][PASSED] - selenium = new com.thoughtworks.selenium.webdriven.WebDriverBackedSelenium(driver, internal.GlobalVariable.ENV): null&#xD;
&#xD;
2019-07-26 15:01:41 - [TEST_STEP][PASSED] - Thread.sleep(1000): null&#xD;
&#xD;
2019-07-26 15:01:42 - [TEST_STEP][PASSED] - click(findTestObject("mobileSanity/STM/STM Quote Page/button_filters")): Object: 'Object Repository/mobileSanity/STM/STM Quote Page/button_filters' is clicked on&#xD;
&#xD;
2019-07-26 15:01:42 - [MESSAGE][PASSED] - Object: 'Object Repository/mobileSanity/STM/STM Quote Page/button_filters' is clicked on&#xD;
&#xD;
2019-07-26 15:01:42 - [TEST_STEP][PASSED] - Thread.sleep(1000): null&#xD;
&#xD;
2019-07-26 15:01:43 - [TEST_STEP][PASSED] - click(findTestObject("mobileSanity/STM/STM Quote Page/i_Insurance company")): Object: 'Object Repository/mobileSanity/STM/STM Quote Page/i_Insurance company' is clicked on&#xD;
&#xD;
2019-07-26 15:01:43 - [MESSAGE][PASSED] - Object: 'Object Repository/mobileSanity/STM/STM Quote Page/i_Insurance company' is clicked on&#xD;
&#xD;
2019-07-26 15:01:43 - [TEST_STEP][PASSED] - Thread.sleep(1000): null&#xD;
&#xD;
2019-07-26 15:01:44 - [TEST_STEP][PASSED] - filter_carrier = "//input[@name='filter[carrier]' and @value='" + carrier + "']/following::label": null&#xD;
&#xD;
2019-07-26 15:01:44 - [TEST_STEP][PASSED] - println(filter_carrier): null&#xD;
&#xD;
2019-07-26 15:01:44 - [TEST_STEP][PASSED] - test.MobileKeywords.clickJS_ByXpath(filter_carrier): test.MobileKeywords.clickJS_ByXpath is PASSED&#xD;
&#xD;
2019-07-26 15:01:44 - [MESSAGE][PASSED] - Execute JavaScript 'arguments[0].click()' successfully&#xD;
&#xD;
2019-07-26 15:01:44 - [MESSAGE][PASSED] - test.MobileKeywords.clickJS_ByXpath is PASSED&#xD;
&#xD;
2019-07-26 15:01:44 - [TEST_STEP][PASSED] - Thread.sleep(1000): null&#xD;
&#xD;
2019-07-26 15:01:45 - [TEST_STEP][PASSED] - scrollToElement(findTestObject("mobileSanity/STM/STM Quote Page/a_Show Plans"), 1000): Scroll to object 'Object Repository/mobileSanity/STM/STM Quote Page/a_Show Plans' successfully&#xD;
&#xD;
2019-07-26 15:01:45 - [MESSAGE][PASSED] - Scroll to object 'Object Repository/mobileSanity/STM/STM Quote Page/a_Show Plans' successfully&#xD;
&#xD;
2019-07-26 15:01:45 - [TEST_STEP][PASSED] - click(findTestObject("mobileSanity/STM/STM Quote Page/a_Show Plans")): Object: 'Object Repository/mobileSanity/STM/STM Quote Page/a_Show Plans' is clicked on&#xD;
&#xD;
2019-07-26 15:01:46 - [MESSAGE][PASSED] - Object: 'Object Repository/mobileSanity/STM/STM Quote Page/a_Show Plans' is clicked on&#xD;
&#xD;
2019-07-26 15:01:46 - [TEST_STEP][PASSED] - waitForJQueryLoad(10, STOP_ON_FAILURE): jQuery is ready.&#xD;
&#xD;
2019-07-26 15:01:46 - [MESSAGE][PASSED] - jQuery is ready.&#xD;
&#xD;
2019-07-26 15:01:46 - [TEST_STEP][PASSED] - Thread.sleep(2000): null&#xD;
&#xD;
2019-07-26 15:01:48 - [TEST_STEP][PASSED] - callTestCase(findTestCase("mobileWeb/_include/get_screenshot"), [:], STOP_ON_FAILURE): Call Test Case 'Test Cases/mobileWeb/_include/get_screenshot' successfully&#xD;
&#xD;
2019-07-26 15:01:48 - [TEST_CASE][PASSED] - Test Cases/mobileWeb/_include/get_screenshot: Test Cases/mobileWeb/_include/get_screenshot&#xD;
&#xD;
2019-07-26 15:01:48 - [TEST_STEP][PASSED] - takeScreenshot(screenPath + i + ".png"): Taking screenshot successfully&#xD;
&#xD;
2019-07-26 15:01:49 - [MESSAGE][PASSED] - Taking screenshot successfully&#xD;
[[ATTACHMENT|D:\\Test\\AgileTest\\AgileTest\\Reports\\mobileWeb\\stm\\20190726_145349\\../Screenshots/iPhone X/stm/Everest Prime/20190726_150119/3.png]]&#xD;
&#xD;
2019-07-26 15:01:49 - [TEST_STEP][PASSED] - (internal.GlobalVariable.i++): null&#xD;
&#xD;
2019-07-26 15:01:49 - [MESSAGE][PASSED] - Call Test Case 'Test Cases/mobileWeb/_include/get_screenshot' successfully&#xD;
&#xD;
2019-07-26 15:01:49 - [MESSAGE][PASSED] - Call Test Case 'Test Cases/mobileWeb/_include/filter_stm' successfully&#xD;
&#xD;
2019-07-26 15:01:49 - [TEST_STEP][PASSED] - callTestCase(findTestCase("mobileWeb/_include/goToDetail_stm"), ["carrier":"everest"], STOP_ON_FAILURE): Call Test Case 'Test Cases/mobileWeb/_include/goToDetail_stm' successfully&#xD;
&#xD;
2019-07-26 15:01:49 - [TEST_CASE][PASSED] - Test Cases/mobileWeb/_include/goToDetail_stm: Test Cases/mobileWeb/_include/goToDetail_stm&#xD;
&#xD;
2019-07-26 15:01:49 - [TEST_STEP][PASSED] - driver = getWebDriver(): null&#xD;
&#xD;
2019-07-26 15:01:49 - [TEST_STEP][PASSED] - selenium = new com.thoughtworks.selenium.webdriven.WebDriverBackedSelenium(driver, internal.GlobalVariable.ENV): null&#xD;
&#xD;
2019-07-26 15:01:49 - [TEST_STEP][PASSED] - a_plan_name = "xpath=//a[contains(@href,'/term-health-insurance/plan/" + carrier + "')]": null&#xD;
&#xD;
2019-07-26 15:01:49 - [TEST_STEP][PASSED] - println(a_plan_name): null&#xD;
&#xD;
2019-07-26 15:01:49 - [TEST_STEP][PASSED] - selenium.click(a_plan_name): null&#xD;
&#xD;
2019-07-26 15:01:54 - [TEST_STEP][PASSED] - waitForPageLoad(10): Wait for page load successfully&#xD;
&#xD;
2019-07-26 15:01:54 - [MESSAGE][PASSED] - Wait for page load successfully&#xD;
&#xD;
2019-07-26 15:01:54 - [TEST_STEP][PASSED] - Thread.sleep(2000): null&#xD;
&#xD;
2019-07-26 15:01:56 - [TEST_STEP][PASSED] - callTestCase(findTestCase("mobileWeb/_include/get_screenshot"), [:], STOP_ON_FAILURE): Call Test Case 'Test Cases/mobileWeb/_include/get_screenshot' successfully&#xD;
&#xD;
2019-07-26 15:01:56 - [TEST_CASE][PASSED] - Test Cases/mobileWeb/_include/get_screenshot: Test Cases/mobileWeb/_include/get_screenshot&#xD;
&#xD;
2019-07-26 15:01:56 - [TEST_STEP][PASSED] - takeScreenshot(screenPath + i + ".png"): Taking screenshot successfully&#xD;
&#xD;
2019-07-26 15:01:57 - [MESSAGE][PASSED] - Taking screenshot successfully&#xD;
[[ATTACHMENT|D:\\Test\\AgileTest\\AgileTest\\Reports\\mobileWeb\\stm\\20190726_145349\\../Screenshots/iPhone X/stm/Everest Prime/20190726_150119/4.png]]&#xD;
&#xD;
2019-07-26 15:01:57 - [TEST_STEP][PASSED] - (internal.GlobalVariable.i++): null&#xD;
&#xD;
2019-07-26 15:01:57 - [MESSAGE][PASSED] - Call Test Case 'Test Cases/mobileWeb/_include/get_screenshot' successfully&#xD;
&#xD;
2019-07-26 15:01:57 - [MESSAGE][PASSED] - Call Test Case 'Test Cases/mobileWeb/_include/goToDetail_stm' successfully&#xD;
&#xD;
2019-07-26 15:01:57 - [TEST_STEP][PASSED] - callTestCase(findTestCase("mobileWeb/_include/apply_stm"), [:], STOP_ON_FAILURE): Call Test Case 'Test Cases/mobileWeb/_include/apply_stm' successfully&#xD;
&#xD;
2019-07-26 15:01:57 - [TEST_CASE][PASSED] - Test Cases/mobileWeb/_include/apply_stm: Test Cases/mobileWeb/_include/apply_stm&#xD;
&#xD;
2019-07-26 15:01:57 - [TEST_STEP][PASSED] - waitForElementVisible(findTestObject("mobileSanity/STM/STM PlanDetail Page/a_Apply for This Plan"), 5): Object 'Object Repository/mobileSanity/STM/STM PlanDetail Page/a_Apply for This Plan' is visible&#xD;
&#xD;
2019-07-26 15:01:57 - [MESSAGE][PASSED] - Object 'Object Repository/mobileSanity/STM/STM PlanDetail Page/a_Apply for This Plan' is visible&#xD;
&#xD;
2019-07-26 15:01:57 - [TEST_STEP][PASSED] - click(findTestObject("mobileSanity/STM/STM PlanDetail Page/a_Apply for This Plan")): Object: 'Object Repository/mobileSanity/STM/STM PlanDetail Page/a_Apply for This Plan' is clicked on&#xD;
&#xD;
2019-07-26 15:01:58 - [MESSAGE][PASSED] - Object: 'Object Repository/mobileSanity/STM/STM PlanDetail Page/a_Apply for This Plan' is clicked on&#xD;
&#xD;
2019-07-26 15:01:58 - [TEST_STEP][PASSED] - waitForPageLoad(10): Wait for page load successfully&#xD;
&#xD;
2019-07-26 15:01:59 - [MESSAGE][PASSED] - Wait for page load successfully&#xD;
&#xD;
2019-07-26 15:01:59 - [TEST_STEP][PASSED] - Thread.sleep(2000): null&#xD;
&#xD;
2019-07-26 15:02:01 - [TEST_STEP][PASSED] - callTestCase(findTestCase("mobileWeb/_include/get_screenshot"), [:], STOP_ON_FAILURE): Call Test Case 'Test Cases/mobileWeb/_include/get_screenshot' successfully&#xD;
&#xD;
2019-07-26 15:02:01 - [TEST_CASE][PASSED] - Test Cases/mobileWeb/_include/get_screenshot: Test Cases/mobileWeb/_include/get_screenshot&#xD;
&#xD;
2019-07-26 15:02:01 - [TEST_STEP][PASSED] - takeScreenshot(screenPath + i + ".png"): Taking screenshot successfully&#xD;
&#xD;
2019-07-26 15:02:01 - [MESSAGE][PASSED] - Taking screenshot successfully&#xD;
[[ATTACHMENT|D:\\Test\\AgileTest\\AgileTest\\Reports\\mobileWeb\\stm\\20190726_145349\\../Screenshots/iPhone X/stm/Everest Prime/20190726_150119/5.png]]&#xD;
&#xD;
2019-07-26 15:02:01 - [TEST_STEP][PASSED] - (internal.GlobalVariable.i++): null&#xD;
&#xD;
2019-07-26 15:02:01 - [MESSAGE][PASSED] - Call Test Case 'Test Cases/mobileWeb/_include/get_screenshot' successfully&#xD;
&#xD;
2019-07-26 15:02:01 - [TEST_STEP][PASSED] - waitForElementVisible(findTestObject("mobileSanity/STM/STM Apply Page/a_Start Secure Application"), 5): Object 'Object Repository/mobileSanity/STM/STM Apply Page/a_Start Secure Application' is visible&#xD;
&#xD;
2019-07-26 15:02:02 - [MESSAGE][PASSED] - Object 'Object Repository/mobileSanity/STM/STM Apply Page/a_Start Secure Application' is visible&#xD;
&#xD;
2019-07-26 15:02:02 - [TEST_STEP][PASSED] - click(findTestObject("mobileSanity/STM/STM Apply Page/a_Start Secure Application")): Object: 'Object Repository/mobileSanity/STM/STM Apply Page/a_Start Secure Application' is clicked on&#xD;
&#xD;
2019-07-26 15:02:06 - [MESSAGE][PASSED] - Object: 'Object Repository/mobileSanity/STM/STM Apply Page/a_Start Secure Application' is clicked on&#xD;
&#xD;
2019-07-26 15:02:06 - [TEST_STEP][PASSED] - waitForPageLoad(10): Wait for page load successfully&#xD;
&#xD;
2019-07-26 15:02:06 - [MESSAGE][PASSED] - Wait for page load successfully&#xD;
&#xD;
2019-07-26 15:02:06 - [TEST_STEP][PASSED] - Thread.sleep(2000): null&#xD;
&#xD;
2019-07-26 15:02:08 - [TEST_STEP][PASSED] - callTestCase(findTestCase("mobileWeb/_include/get_screenshot"), [:], STOP_ON_FAILURE): Call Test Case 'Test Cases/mobileWeb/_include/get_screenshot' successfully&#xD;
&#xD;
2019-07-26 15:02:08 - [TEST_CASE][PASSED] - Test Cases/mobileWeb/_include/get_screenshot: Test Cases/mobileWeb/_include/get_screenshot&#xD;
&#xD;
2019-07-26 15:02:08 - [TEST_STEP][PASSED] - takeScreenshot(screenPath + i + ".png"): Taking screenshot successfully&#xD;
&#xD;
2019-07-26 15:02:09 - [MESSAGE][PASSED] - Taking screenshot successfully&#xD;
[[ATTACHMENT|D:\\Test\\AgileTest\\AgileTest\\Reports\\mobileWeb\\stm\\20190726_145349\\../Screenshots/iPhone X/stm/Everest Prime/20190726_150119/6.png]]&#xD;
&#xD;
2019-07-26 15:02:09 - [TEST_STEP][PASSED] - (internal.GlobalVariable.i++): null&#xD;
&#xD;
2019-07-26 15:02:09 - [MESSAGE][PASSED] - Call Test Case 'Test Cases/mobileWeb/_include/get_screenshot' successfully&#xD;
&#xD;
2019-07-26 15:02:09 - [MESSAGE][PASSED] - Call Test Case 'Test Cases/mobileWeb/_include/apply_stm' successfully&#xD;
&#xD;
2019-07-26 15:02:09 - [TEST_STEP][PASSED] - callTestCase(findTestCase("mobileWeb/_include/goToEnd_stm_autofill"), [:], STOP_ON_FAILURE): Call Test Case 'Test Cases/mobileWeb/_include/goToEnd_stm_autofill' successfully&#xD;
&#xD;
2019-07-26 15:02:09 - [TEST_CASE][PASSED] - Test Cases/mobileWeb/_include/goToEnd_stm_autofill: Test Cases/mobileWeb/_include/goToEnd_stm_autofill&#xD;
&#xD;
2019-07-26 15:02:09 - [TEST_STEP][PASSED] - callTestCase(findTestCase("mobileWeb/_include/name"), [:], CONTINUE_ON_FAILURE): Call Test Case 'Test Cases/mobileWeb/_include/name' successfully&#xD;
&#xD;
2019-07-26 15:02:09 - [TEST_CASE][PASSED] - Test Cases/mobileWeb/_include/name: Test Cases/mobileWeb/_include/name&#xD;
&#xD;
2019-07-26 15:02:09 - [TEST_STEP][PASSED] - driver = getWebDriver(): null&#xD;
&#xD;
2019-07-26 15:02:09 - [TEST_STEP][PASSED] - selenium = new com.thoughtworks.selenium.webdriven.WebDriverBackedSelenium(driver, internal.GlobalVariable.ENV): null&#xD;
&#xD;
2019-07-26 15:02:09 - [TEST_STEP][PASSED] - FirstName = "Test-123": null&#xD;
&#xD;
2019-07-26 15:02:09 - [TEST_STEP][PASSED] - LastName = selenium.getEval("{var x="ABCDEFGHIJKLMNOPQRSTUVWXYZabcdefghijklmnopqrstuvwxyz"; var tmp="ZZ11-"; for (i=0;i&lt;8;i++) tmp+=x.charAt(Math.ceil(51*Math.random()));tmp;}"): null&#xD;
&#xD;
2019-07-26 15:02:09 - [TEST_STEP][PASSED] - Address = selenium.getEval("{var x="ABCDEFGHIJKLMNOPQRSTUVWXYZabcdefghijklmnopqrstuvwxyz"; var tmp=""; for (i=0;i&lt;8;i++) tmp+=x.charAt(Math.ceil(51*Math.random()));tmp;}"): null&#xD;
&#xD;
2019-07-26 15:02:09 - [TEST_STEP][PASSED] - City = selenium.getEval("{var x="ABCDEFGHIJKLMNOPQRSTUVWXYZabcdefghijklmnopqrstuvwxyz"; var tmp=""; for (i=0;i&lt;8;i++) tmp+=x.charAt(Math.ceil(51*Math.random()));tmp;}"): null&#xD;
&#xD;
2019-07-26 15:02:09 - [TEST_STEP][PASSED] - tel1 = selenium.getEval("{var x="123456789"; var tmp=""; for (i=0;i&lt;3;i++) tmp+=x.charAt(Math.ceil(8*Math.random()));tmp;}"): null&#xD;
&#xD;
2019-07-26 15:02:09 - [TEST_STEP][PASSED] - tel2 = selenium.getEval("{var x="123456789"; var tmp=""; for (i=0;i&lt;3;i++) tmp+=x.charAt(Math.ceil(8*Math.random()));tmp;}"): null&#xD;
&#xD;
2019-07-26 15:02:09 - [TEST_STEP][PASSED] - tel3 = selenium.getEval("{var x="123456789"; var tmp=""; for (i=0;i&lt;4;i++) tmp+=x.charAt(Math.ceil(8*Math.random()));tmp;}"): null&#xD;
&#xD;
2019-07-26 15:02:09 - [TEST_STEP][PASSED] - Tel = selenium.getExpression(tel1 + "-" + tel2 + "-" + tel3): null&#xD;
&#xD;
2019-07-26 15:02:09 - [TEST_STEP][PASSED] - AutoEmail = selenium.getEval("{var x="ABCDEFGHIJKLMNOPQRSTUVWXYZabcdefghijklmnopqrstuvwxyz"; var tmp="test."; for (i=0;i&lt;8;i++) tmp+=x.charAt(Math.ceil(51*Math.random()));tmp+="@suryani.cn";}"): null&#xD;
&#xD;
2019-07-26 15:02:09 - [TEST_STEP][PASSED] - FirstName = FirstName: null&#xD;
&#xD;
2019-07-26 15:02:09 - [TEST_STEP][PASSED] - LastName = LastName: null&#xD;
&#xD;
2019-07-26 15:02:09 - [TEST_STEP][PASSED] - Address = Address: null&#xD;
&#xD;
2019-07-26 15:02:09 - [TEST_STEP][PASSED] - City = City: null&#xD;
&#xD;
2019-07-26 15:02:09 - [TEST_STEP][PASSED] - Tel = Tel: null&#xD;
&#xD;
2019-07-26 15:02:09 - [TEST_STEP][PASSED] - AutoEmail = AutoEmail: null&#xD;
&#xD;
2019-07-26 15:02:09 - [TEST_STEP][PASSED] - println(FirstName): null&#xD;
&#xD;
2019-07-26 15:02:09 - [TEST_STEP][PASSED] - println(LastName): null&#xD;
&#xD;
2019-07-26 15:02:09 - [TEST_STEP][PASSED] - println(Address): null&#xD;
&#xD;
2019-07-26 15:02:09 - [TEST_STEP][PASSED] - println(City): null&#xD;
&#xD;
2019-07-26 15:02:09 - [TEST_STEP][PASSED] - println(Tel): null&#xD;
&#xD;
2019-07-26 15:02:09 - [TEST_STEP][PASSED] - println(AutoEmail): null&#xD;
&#xD;
2019-07-26 15:02:09 - [MESSAGE][PASSED] - Call Test Case 'Test Cases/mobileWeb/_include/name' successfully&#xD;
&#xD;
2019-07-26 15:02:09 - [TEST_STEP][FAILED] - try: Unable to verify text 'Month Duration Acknowledgement' is present  (Root cause: com.kms.katalon.core.exception.StepFailedException: Unable to verify text 'Month Duration Acknowledgement' is present &#xD;
	at com.kms.katalon.core.webui.keyword.internal.WebUIKeywordMain.stepFailed(WebUIKeywordMain.groovy:64)&#xD;
	at com.kms.katalon.core.webui.keyword.internal.WebUIKeywordMain.runKeyword(WebUIKeywordMain.groovy:26)&#xD;
	at com.kms.katalon.core.webui.keyword.builtin.VerifyTextPresentKeyword.verifyTextPresent(VerifyTextPresentKeyword.groovy:83)&#xD;
	at com.kms.katalon.core.webui.keyword.builtin.VerifyTextPresentKeyword.execute(VerifyTextPresentKeyword.groovy:68)&#xD;
	at com.kms.katalon.core.keyword.internal.KeywordExecutor.executeKeywordForPlatform(KeywordExecutor.groovy:56)&#xD;
	at com.kms.katalon.core.webui.keyword.WebUiBuiltInKeywords.verifyTextPresent(WebUiBuiltInKeywords.groovy:1693)&#xD;
	at com.kms.katalon.core.webui.keyword.WebUiBuiltInKeywords$verifyTextPresent$9.call(Unknown Source)&#xD;
	at goToEnd_stm_autofill.run(goToEnd_stm_autofill:19)&#xD;
	at com.kms.katalon.core.main.ScriptEngine.run(ScriptEngine.java:194)&#xD;
	at com.kms.katalon.core.main.ScriptEngine.runScriptAsRawText(ScriptEngine.java:119)&#xD;
	at com.kms.katalon.core.main.TestCaseExecutor.runScript(TestCaseExecutor.java:337)&#xD;
	at com.kms.katalon.core.main.TestCaseExecutor.doExecute(TestCaseExecutor.java:328)&#xD;
	at com.kms.katalon.core.main.TestCaseExecutor.processExecutionPhase(TestCaseExecutor.java:307)&#xD;
	at com.kms.katalon.core.main.TestCaseExecutor.accessMainPhase(TestCaseExecutor.java:299)&#xD;
	at com.kms.katalon.core.main.TestCaseExecutor.execute(TestCaseExecutor.java:233)&#xD;
	at com.kms.katalon.core.main.TestCaseMain.runTestCase(TestCaseMain.java:114)&#xD;
	at com.kms.katalon.core.keyword.builtin.CallTestCaseKeyword$_callTestCase_closure1.doCall(CallTestCaseKeyword.groovy:59)&#xD;
	at com.kms.katalon.core.keyword.builtin.CallTestCaseKeyword$_callTestCase_closure1.call(CallTestCaseKeyword.groovy)&#xD;
	at com.kms.katalon.core.keyword.internal.KeywordMain.runKeyword(KeywordMain.groovy:68)&#xD;
	at com.kms.katalon.core.keyword.builtin.CallTestCaseKeyword.callTestCase(CallTestCaseKeyword.groovy:81)&#xD;
	at com.kms.katalon.core.keyword.builtin.CallTestCaseKeyword.execute(CallTestCaseKeyword.groovy:44)&#xD;
	at com.kms.katalon.core.keyword.internal.KeywordExecutor.executeKeywordForPlatform(KeywordExecutor.groovy:56)&#xD;
	at com.kms.katalon.core.keyword.BuiltinKeywords.callTestCase(BuiltinKeywords.groovy:334)&#xD;
	at Everest Prime.run(Everest Prime:31)&#xD;
	at com.kms.katalon.core.main.ScriptEngine.run(ScriptEngine.java:194)&#xD;
	at com.kms.katalon.core.main.ScriptEngine.runScriptAsRawText(ScriptEngine.java:119)&#xD;
	at com.kms.katalon.core.main.TestCaseExecutor.runScript(TestCaseExecutor.java:337)&#xD;
	at com.kms.katalon.core.main.TestCaseExecutor.doExecute(TestCaseExecutor.java:328)&#xD;
	at com.kms.katalon.core.main.TestCaseExecutor.processExecutionPhase(TestCaseExecutor.java:307)&#xD;
	at com.kms.katalon.core.main.TestCaseExecutor.accessMainPhase(TestCaseExecutor.java:299)&#xD;
	at com.kms.katalon.core.main.TestCaseExecutor.execute(TestCaseExecutor.java:233)&#xD;
	at com.kms.katalon.core.main.TestSuiteExecutor.accessTestCaseMainPhase(TestSuiteExecutor.java:133)&#xD;
	at com.kms.katalon.core.main.TestSuiteExecutor.accessTestSuiteMainPhase(TestSuiteExecutor.java:116)&#xD;
	at com.kms.katalon.core.main.TestSuiteExecutor.execute(TestSuiteExecutor.java:83)&#xD;
	at com.kms.katalon.core.main.TestCaseMain.startTestSuite(TestCaseMain.java:157)&#xD;
	at com.kms.katalon.core.main.TestCaseMain$startTestSuite$0.call(Unknown Source)&#xD;
	at TempTestSuite1564124029030.run(TempTestSuite1564124029030.groovy:35)&#xD;
Caused by: com.kms.katalon.core.exception.StepFailedException: Text 'Month Duration Acknowledgement' is not present on page &#xD;
	at com.kms.katalon.core.webui.keyword.internal.WebUIKeywordMain.stepFailed(WebUIKeywordMain.groovy:64)&#xD;
	at com.kms.katalon.core.webui.keyword.builtin.VerifyTextPresentKeyword$_verifyTextPresent_closure1.doCall(VerifyTextPresentKeyword.groovy:79)&#xD;
	at com.kms.katalon.core.webui.keyword.builtin.VerifyTextPresentKeyword$_verifyTextPresent_closure1.call(VerifyTextPresentKeyword.groovy)&#xD;
	at com.kms.katalon.core.webui.keyword.internal.WebUIKeywordMain.runKeyword(WebUIKeywordMain.groovy:20)&#xD;
	... 35 more&#xD;
)&#xD;
&#xD;
2019-07-26 15:02:09 - [TEST_STEP][FAILED] - if (verifyTextPresent("Month Duration Acknowledgement", false)): Unable to verify text 'Month Duration Acknowledgement' is present  (Root cause: com.kms.katalon.core.exception.StepFailedException: Unable to verify text 'Month Duration Acknowledgement' is present &#xD;
	at com.kms.katalon.core.webui.keyword.internal.WebUIKeywordMain.stepFailed(WebUIKeywordMain.groovy:64)&#xD;
	at com.kms.katalon.core.webui.keyword.internal.WebUIKeywordMain.runKeyword(WebUIKeywordMain.groovy:26)&#xD;
	at com.kms.katalon.core.webui.keyword.builtin.VerifyTextPresentKeyword.verifyTextPresent(VerifyTextPresentKeyword.groovy:83)&#xD;
	at com.kms.katalon.core.webui.keyword.builtin.VerifyTextPresentKeyword.execute(VerifyTextPresentKeyword.groovy:68)&#xD;
	at com.kms.katalon.core.keyword.internal.KeywordExecutor.executeKeywordForPlatform(KeywordExecutor.groovy:56)&#xD;
	at com.kms.katalon.core.webui.keyword.WebUiBuiltInKeywords.verifyTextPresent(WebUiBuiltInKeywords.groovy:1693)&#xD;
	at com.kms.katalon.core.webui.keyword.WebUiBuiltInKeywords$verifyTextPresent$9.call(Unknown Source)&#xD;
	at goToEnd_stm_autofill.run(goToEnd_stm_autofill:19)&#xD;
	at com.kms.katalon.core.main.ScriptEngine.run(ScriptEngine.java:194)&#xD;
	at com.kms.katalon.core.main.ScriptEngine.runScriptAsRawText(ScriptEngine.java:119)&#xD;
	at com.kms.katalon.core.main.TestCaseExecutor.runScript(TestCaseExecutor.java:337)&#xD;
	at com.kms.katalon.core.main.TestCaseExecutor.doExecute(TestCaseExecutor.java:328)&#xD;
	at com.kms.katalon.core.main.TestCaseExecutor.processExecutionPhase(TestCaseExecutor.java:307)&#xD;
	at com.kms.katalon.core.main.TestCaseExecutor.accessMainPhase(TestCaseExecutor.java:299)&#xD;
	at com.kms.katalon.core.main.TestCaseExecutor.execute(TestCaseExecutor.java:233)&#xD;
	at com.kms.katalon.core.main.TestCaseMain.runTestCase(TestCaseMain.java:114)&#xD;
	at com.kms.katalon.core.keyword.builtin.CallTestCaseKeyword$_callTestCase_closure1.doCall(CallTestCaseKeyword.groovy:59)&#xD;
	at com.kms.katalon.core.keyword.builtin.CallTestCaseKeyword$_callTestCase_closure1.call(CallTestCaseKeyword.groovy)&#xD;
	at com.kms.katalon.core.keyword.internal.KeywordMain.runKeyword(KeywordMain.groovy:68)&#xD;
	at com.kms.katalon.core.keyword.builtin.CallTestCaseKeyword.callTestCase(CallTestCaseKeyword.groovy:81)&#xD;
	at com.kms.katalon.core.keyword.builtin.CallTestCaseKeyword.execute(CallTestCaseKeyword.groovy:44)&#xD;
	at com.kms.katalon.core.keyword.internal.KeywordExecutor.executeKeywordForPlatform(KeywordExecutor.groovy:56)&#xD;
	at com.kms.katalon.core.keyword.BuiltinKeywords.callTestCase(BuiltinKeywords.groovy:334)&#xD;
	at Everest Prime.run(Everest Prime:31)&#xD;
	at com.kms.katalon.core.main.ScriptEngine.run(ScriptEngine.java:194)&#xD;
	at com.kms.katalon.core.main.ScriptEngine.runScriptAsRawText(ScriptEngine.java:119)&#xD;
	at com.kms.katalon.core.main.TestCaseExecutor.runScript(TestCaseExecutor.java:337)&#xD;
	at com.kms.katalon.core.main.TestCaseExecutor.doExecute(TestCaseExecutor.java:328)&#xD;
	at com.kms.katalon.core.main.TestCaseExecutor.processExecutionPhase(TestCaseExecutor.java:307)&#xD;
	at com.kms.katalon.core.main.TestCaseExecutor.accessMainPhase(TestCaseExecutor.java:299)&#xD;
	at com.kms.katalon.core.main.TestCaseExecutor.execute(TestCaseExecutor.java:233)&#xD;
	at com.kms.katalon.core.main.TestSuiteExecutor.accessTestCaseMainPhase(TestSuiteExecutor.java:133)&#xD;
	at com.kms.katalon.core.main.TestSuiteExecutor.accessTestSuiteMainPhase(TestSuiteExecutor.java:116)&#xD;
	at com.kms.katalon.core.main.TestSuiteExecutor.execute(TestSuiteExecutor.java:83)&#xD;
	at com.kms.katalon.core.main.TestCaseMain.startTestSuite(TestCaseMain.java:157)&#xD;
	at com.kms.katalon.core.main.TestCaseMain$startTestSuite$0.call(Unknown Source)&#xD;
	at TempTestSuite1564124029030.run(TempTestSuite1564124029030.groovy:35)&#xD;
Caused by: com.kms.katalon.core.exception.StepFailedException: Text 'Month Duration Acknowledgement' is not present on page &#xD;
	at com.kms.katalon.core.webui.keyword.internal.WebUIKeywordMain.stepFailed(WebUIKeywordMain.groovy:64)&#xD;
	at com.kms.katalon.core.webui.keyword.builtin.VerifyTextPresentKeyword$_verifyTextPresent_closure1.doCall(VerifyTextPresentKeyword.groovy:79)&#xD;
	at com.kms.katalon.core.webui.keyword.builtin.VerifyTextPresentKeyword$_verifyTextPresent_closure1.call(VerifyTextPresentKeyword.groovy)&#xD;
	at com.kms.katalon.core.webui.keyword.internal.WebUIKeywordMain.runKeyword(WebUIKeywordMain.groovy:20)&#xD;
	... 35 more&#xD;
)&#xD;
&#xD;
2019-07-26 15:02:10 - [MESSAGE][FAILED] - Text 'Month Duration Acknowledgement' is not present on page  (Root cause: com.kms.katalon.core.exception.StepFailedException: Text 'Month Duration Acknowledgement' is not present on page &#xD;
	at com.kms.katalon.core.webui.keyword.internal.WebUIKeywordMain.stepFailed(WebUIKeywordMain.groovy:64)&#xD;
	at com.kms.katalon.core.webui.keyword.builtin.VerifyTextPresentKeyword$_verifyTextPresent_closure1.doCall(VerifyTextPresentKeyword.groovy:79)&#xD;
	at com.kms.katalon.core.webui.keyword.builtin.VerifyTextPresentKeyword$_verifyTextPresent_closure1.call(VerifyTextPresentKeyword.groovy)&#xD;
	at com.kms.katalon.core.webui.keyword.internal.WebUIKeywordMain.runKeyword(WebUIKeywordMain.groovy:20)&#xD;
	at com.kms.katalon.core.webui.keyword.builtin.VerifyTextPresentKeyword.verifyTextPresent(VerifyTextPresentKeyword.groovy:83)&#xD;
	at com.kms.katalon.core.webui.keyword.builtin.VerifyTextPresentKeyword.execute(VerifyTextPresentKeyword.groovy:68)&#xD;
	at com.kms.katalon.core.keyword.internal.KeywordExecutor.executeKeywordForPlatform(KeywordExecutor.groovy:56)&#xD;
	at com.kms.katalon.core.webui.keyword.WebUiBuiltInKeywords.verifyTextPresent(WebUiBuiltInKeywords.groovy:1693)&#xD;
	at com.kms.katalon.core.webui.keyword.WebUiBuiltInKeywords$verifyTextPresent$9.call(Unknown Source)&#xD;
	at goToEnd_stm_autofill.run(goToEnd_stm_autofill:19)&#xD;
	at com.kms.katalon.core.main.ScriptEngine.run(ScriptEngine.java:194)&#xD;
	at com.kms.katalon.core.main.ScriptEngine.runScriptAsRawText(ScriptEngine.java:119)&#xD;
	at com.kms.katalon.core.main.TestCaseExecutor.runScript(TestCaseExecutor.java:337)&#xD;
	at com.kms.katalon.core.main.TestCaseExecutor.doExecute(TestCaseExecutor.java:328)&#xD;
	at com.kms.katalon.core.main.TestCaseExecutor.processExecutionPhase(TestCaseExecutor.java:307)&#xD;
	at com.kms.katalon.core.main.TestCaseExecutor.accessMainPhase(TestCaseExecutor.java:299)&#xD;
	at com.kms.katalon.core.main.TestCaseExecutor.execute(TestCaseExecutor.java:233)&#xD;
	at com.kms.katalon.core.main.TestCaseMain.runTestCase(TestCaseMain.java:114)&#xD;
	at com.kms.katalon.core.keyword.builtin.CallTestCaseKeyword$_callTestCase_closure1.doCall(CallTestCaseKeyword.groovy:59)&#xD;
	at com.kms.katalon.core.keyword.builtin.CallTestCaseKeyword$_callTestCase_closure1.call(CallTestCaseKeyword.groovy)&#xD;
	at com.kms.katalon.core.keyword.internal.KeywordMain.runKeyword(KeywordMain.groovy:68)&#xD;
	at com.kms.katalon.core.keyword.builtin.CallTestCaseKeyword.callTestCase(CallTestCaseKeyword.groovy:81)&#xD;
	at com.kms.katalon.core.keyword.builtin.CallTestCaseKeyword.execute(CallTestCaseKeyword.groovy:44)&#xD;
	at com.kms.katalon.core.keyword.internal.KeywordExecutor.executeKeywordForPlatform(KeywordExecutor.groovy:56)&#xD;
	at com.kms.katalon.core.keyword.BuiltinKeywords.callTestCase(BuiltinKeywords.groovy:334)&#xD;
	at Everest Prime.run(Everest Prime:31)&#xD;
	at com.kms.katalon.core.main.ScriptEngine.run(ScriptEngine.java:194)&#xD;
	at com.kms.katalon.core.main.ScriptEngine.runScriptAsRawText(ScriptEngine.java:119)&#xD;
	at com.kms.katalon.core.main.TestCaseExecutor.runScript(TestCaseExecutor.java:337)&#xD;
	at com.kms.katalon.core.main.TestCaseExecutor.doExecute(TestCaseExecutor.java:328)&#xD;
	at com.kms.katalon.core.main.TestCaseExecutor.processExecutionPhase(TestCaseExecutor.java:307)&#xD;
	at com.kms.katalon.core.main.TestCaseExecutor.accessMainPhase(TestCaseExecutor.java:299)&#xD;
	at com.kms.katalon.core.main.TestCaseExecutor.execute(TestCaseExecutor.java:233)&#xD;
	at com.kms.katalon.core.main.TestSuiteExecutor.accessTestCaseMainPhase(TestSuiteExecutor.java:133)&#xD;
	at com.kms.katalon.core.main.TestSuiteExecutor.accessTestSuiteMainPhase(TestSuiteExecutor.java:116)&#xD;
	at com.kms.katalon.core.main.TestSuiteExecutor.execute(TestSuiteExecutor.java:83)&#xD;
	at com.kms.katalon.core.main.TestCaseMain.startTestSuite(TestCaseMain.java:157)&#xD;
	at com.kms.katalon.core.main.TestCaseMain$startTestSuite$0.call(Unknown Source)&#xD;
	at TempTestSuite1564124029030.run(TempTestSuite1564124029030.groovy:35)&#xD;
)&#xD;
&#xD;
2019-07-26 15:02:10 - [MESSAGE][FAILED] - Unable to verify text 'Month Duration Acknowledgement' is present  (Root cause: com.kms.katalon.core.exception.StepFailedException: Unable to verify text 'Month Duration Acknowledgement' is present &#xD;
	at com.kms.katalon.core.webui.keyword.internal.WebUIKeywordMain.stepFailed(WebUIKeywordMain.groovy:64)&#xD;
	at com.kms.katalon.core.webui.keyword.internal.WebUIKeywordMain.runKeyword(WebUIKeywordMain.groovy:26)&#xD;
	at com.kms.katalon.core.webui.keyword.builtin.VerifyTextPresentKeyword.verifyTextPresent(VerifyTextPresentKeyword.groovy:83)&#xD;
	at com.kms.katalon.core.webui.keyword.builtin.VerifyTextPresentKeyword.execute(VerifyTextPresentKeyword.groovy:68)&#xD;
	at com.kms.katalon.core.keyword.internal.KeywordExecutor.executeKeywordForPlatform(KeywordExecutor.groovy:56)&#xD;
	at com.kms.katalon.core.webui.keyword.WebUiBuiltInKeywords.verifyTextPresent(WebUiBuiltInKeywords.groovy:1693)&#xD;
	at com.kms.katalon.core.webui.keyword.WebUiBuiltInKeywords$verifyTextPresent$9.call(Unknown Source)&#xD;
	at goToEnd_stm_autofill.run(goToEnd_stm_autofill:19)&#xD;
	at com.kms.katalon.core.main.ScriptEngine.run(ScriptEngine.java:194)&#xD;
	at com.kms.katalon.core.main.ScriptEngine.runScriptAsRawText(ScriptEngine.java:119)&#xD;
	at com.kms.katalon.core.main.TestCaseExecutor.runScript(TestCaseExecutor.java:337)&#xD;
	at com.kms.katalon.core.main.TestCaseExecutor.doExecute(TestCaseExecutor.java:328)&#xD;
	at com.kms.katalon.core.main.TestCaseExecutor.processExecutionPhase(TestCaseExecutor.java:307)&#xD;
	at com.kms.katalon.core.main.TestCaseExecutor.accessMainPhase(TestCaseExecutor.java:299)&#xD;
	at com.kms.katalon.core.main.TestCaseExecutor.execute(TestCaseExecutor.java:233)&#xD;
	at com.kms.katalon.core.main.TestCaseMain.runTestCase(TestCaseMain.java:114)&#xD;
	at com.kms.katalon.core.keyword.builtin.CallTestCaseKeyword$_callTestCase_closure1.doCall(CallTestCaseKeyword.groovy:59)&#xD;
	at com.kms.katalon.core.keyword.builtin.CallTestCaseKeyword$_callTestCase_closure1.call(CallTestCaseKeyword.groovy)&#xD;
	at com.kms.katalon.core.keyword.internal.KeywordMain.runKeyword(KeywordMain.groovy:68)&#xD;
	at com.kms.katalon.core.keyword.builtin.CallTestCaseKeyword.callTestCase(CallTestCaseKeyword.groovy:81)&#xD;
	at com.kms.katalon.core.keyword.builtin.CallTestCaseKeyword.execute(CallTestCaseKeyword.groovy:44)&#xD;
	at com.kms.katalon.core.keyword.internal.KeywordExecutor.executeKeywordForPlatform(KeywordExecutor.groovy:56)&#xD;
	at com.kms.katalon.core.keyword.BuiltinKeywords.callTestCase(BuiltinKeywords.groovy:334)&#xD;
	at Everest Prime.run(Everest Prime:31)&#xD;
	at com.kms.katalon.core.main.ScriptEngine.run(ScriptEngine.java:194)&#xD;
	at com.kms.katalon.core.main.ScriptEngine.runScriptAsRawText(ScriptEngine.java:119)&#xD;
	at com.kms.katalon.core.main.TestCaseExecutor.runScript(TestCaseExecutor.java:337)&#xD;
	at com.kms.katalon.core.main.TestCaseExecutor.doExecute(TestCaseExecutor.java:328)&#xD;
	at com.kms.katalon.core.main.TestCaseExecutor.processExecutionPhase(TestCaseExecutor.java:307)&#xD;
	at com.kms.katalon.core.main.TestCaseExecutor.accessMainPhase(TestCaseExecutor.java:299)&#xD;
	at com.kms.katalon.core.main.TestCaseExecutor.execute(TestCaseExecutor.java:233)&#xD;
	at com.kms.katalon.core.main.TestSuiteExecutor.accessTestCaseMainPhase(TestSuiteExecutor.java:133)&#xD;
	at com.kms.katalon.core.main.TestSuiteExecutor.accessTestSuiteMainPhase(TestSuiteExecutor.java:116)&#xD;
	at com.kms.katalon.core.main.TestSuiteExecutor.execute(TestSuiteExecutor.java:83)&#xD;
	at com.kms.katalon.core.main.TestCaseMain.startTestSuite(TestCaseMain.java:157)&#xD;
	at com.kms.katalon.core.main.TestCaseMain$startTestSuite$0.call(Unknown Source)&#xD;
	at TempTestSuite1564124029030.run(TempTestSuite1564124029030.groovy:35)&#xD;
Caused by: com.kms.katalon.core.exception.StepFailedException: Text 'Month Duration Acknowledgement' is not present on page &#xD;
	at com.kms.katalon.core.webui.keyword.internal.WebUIKeywordMain.stepFailed(WebUIKeywordMain.groovy:64)&#xD;
	at com.kms.katalon.core.webui.keyword.builtin.VerifyTextPresentKeyword$_verifyTextPresent_closure1.doCall(VerifyTextPresentKeyword.groovy:79)&#xD;
	at com.kms.katalon.core.webui.keyword.builtin.VerifyTextPresentKeyword$_verifyTextPresent_closure1.call(VerifyTextPresentKeyword.groovy)&#xD;
	at com.kms.katalon.core.webui.keyword.internal.WebUIKeywordMain.runKeyword(WebUIKeywordMain.groovy:20)&#xD;
	... 35 more&#xD;
)&#xD;
[[ATTACHMENT|D:\\Test\\AgileTest\\AgileTest\\Reports\\mobileWeb\\stm\\20190726_145349\\1564124530287.png]]&#xD;
&#xD;
2019-07-26 15:02:10 - [TEST_STEP][PASSED] - catch (Exception e): null&#xD;
&#xD;
2019-07-26 15:02:10 - [TEST_STEP][PASSED] - println("no consecutive"): null&#xD;
&#xD;
2019-07-26 15:02:10 - [TEST_STEP][PASSED] - waitForPageLoad(10): Wait for page load successfully&#xD;
&#xD;
2019-07-26 15:02:10 - [MESSAGE][PASSED] - Wait for page load successfully&#xD;
&#xD;
2019-07-26 15:02:10 - [TEST_STEP][PASSED] - Thread.sleep(3000): null&#xD;
&#xD;
2019-07-26 15:02:13 - [TEST_STEP][PASSED] - waitForElementVisible(findTestObject("mobileSanity/STM/Page_App Page 1/a_Autofill App Info"), 20): Object 'Object Repository/mobileSanity/STM/Page_App Page 1/a_Autofill App Info' is visible&#xD;
&#xD;
2019-07-26 15:02:14 - [MESSAGE][PASSED] - Object 'Object Repository/mobileSanity/STM/Page_App Page 1/a_Autofill App Info' is visible&#xD;
&#xD;
2019-07-26 15:02:14 - [TEST_STEP][PASSED] - click(findTestObject("mobileSanity/STM/Page_App Page 1/a_Autofill App Info")): Object: 'Object Repository/mobileSanity/STM/Page_App Page 1/a_Autofill App Info' is clicked on&#xD;
&#xD;
2019-07-26 15:02:14 - [MESSAGE][PASSED] - Object: 'Object Repository/mobileSanity/STM/Page_App Page 1/a_Autofill App Info' is clicked on&#xD;
&#xD;
2019-07-26 15:02:14 - [TEST_STEP][PASSED] - Thread.sleep(1000): null&#xD;
&#xD;
2019-07-26 15:02:15 - [TEST_STEP][PASSED] - click(findTestObject("mobileSanity/STM/Page_App Page 1/a_Autofill App Info")): Object: 'Object Repository/mobileSanity/STM/Page_App Page 1/a_Autofill App Info' is clicked on&#xD;
&#xD;
2019-07-26 15:02:15 - [MESSAGE][PASSED] - Object: 'Object Repository/mobileSanity/STM/Page_App Page 1/a_Autofill App Info' is clicked on&#xD;
&#xD;
2019-07-26 15:02:15 - [TEST_STEP][PASSED] - Thread.sleep(1000): null&#xD;
&#xD;
2019-07-26 15:02:16 - [TEST_STEP][PASSED] - waitForElementVisible(findTestObject("mobileSanity/STM/Page_App Page 1/a_Continue"), 20): Object 'Object Repository/mobileSanity/STM/Page_App Page 1/a_Continue' is visible&#xD;
&#xD;
2019-07-26 15:02:16 - [MESSAGE][PASSED] - Object 'Object Repository/mobileSanity/STM/Page_App Page 1/a_Continue' is visible&#xD;
&#xD;
2019-07-26 15:02:16 - [TEST_STEP][PASSED] - click(findTestObject("mobileSanity/STM/Page_App Page 1/a_Continue")): Object: 'Object Repository/mobileSanity/STM/Page_App Page 1/a_Continue' is clicked on&#xD;
&#xD;
2019-07-26 15:02:16 - [MESSAGE][PASSED] - Object: 'Object Repository/mobileSanity/STM/Page_App Page 1/a_Continue' is clicked on&#xD;
&#xD;
2019-07-26 15:02:16 - [TEST_STEP][PASSED] - waitForPageLoad(10): Wait for page load successfully&#xD;
&#xD;
2019-07-26 15:02:16 - [MESSAGE][PASSED] - Wait for page load successfully&#xD;
&#xD;
2019-07-26 15:02:16 - [TEST_STEP][PASSED] - Thread.sleep(2000): null&#xD;
&#xD;
2019-07-26 15:02:18 - [TEST_STEP][PASSED] - callTestCase(findTestCase("mobileWeb/_include/get_screenshot"), [:], STOP_ON_FAILURE): Call Test Case 'Test Cases/mobileWeb/_include/get_screenshot' successfully&#xD;
&#xD;
2019-07-26 15:02:18 - [TEST_CASE][PASSED] - Test Cases/mobileWeb/_include/get_screenshot: Test Cases/mobileWeb/_include/get_screenshot&#xD;
&#xD;
2019-07-26 15:02:18 - [TEST_STEP][PASSED] - takeScreenshot(screenPath + i + ".png"): Taking screenshot successfully&#xD;
&#xD;
2019-07-26 15:02:19 - [MESSAGE][PASSED] - Taking screenshot successfully&#xD;
[[ATTACHMENT|D:\\Test\\AgileTest\\AgileTest\\Reports\\mobileWeb\\stm\\20190726_145349\\../Screenshots/iPhone X/stm/Everest Prime/20190726_150119/7.png]]&#xD;
&#xD;
2019-07-26 15:02:19 - [TEST_STEP][PASSED] - (internal.GlobalVariable.i++): null&#xD;
&#xD;
2019-07-26 15:02:19 - [MESSAGE][PASSED] - Call Test Case 'Test Cases/mobileWeb/_include/get_screenshot' successfully&#xD;
&#xD;
2019-07-26 15:02:19 - [TEST_STEP][PASSED] - click(findTestObject("mobileSanity/STM/Page_App Page 2/a_Continue to Step 3 - Payment")): Object: 'Object Repository/mobileSanity/STM/Page_App Page 2/a_Continue to Step 3 - Payment' is clicked on&#xD;
&#xD;
2019-07-26 15:02:19 - [MESSAGE][PASSED] - Object: 'Object Repository/mobileSanity/STM/Page_App Page 2/a_Continue to Step 3 - Payment' is clicked on&#xD;
&#xD;
2019-07-26 15:02:19 - [TEST_STEP][PASSED] - waitForPageLoad(10): Wait for page load successfully&#xD;
&#xD;
2019-07-26 15:02:19 - [MESSAGE][PASSED] - Wait for page load successfully&#xD;
&#xD;
2019-07-26 15:02:19 - [TEST_STEP][PASSED] - Thread.sleep(2000): null&#xD;
&#xD;
2019-07-26 15:02:21 - [TEST_STEP][PASSED] - callTestCase(findTestCase("mobileWeb/_include/get_screenshot"), [:], STOP_ON_FAILURE): Call Test Case 'Test Cases/mobileWeb/_include/get_screenshot' successfully&#xD;
&#xD;
2019-07-26 15:02:21 - [TEST_CASE][PASSED] - Test Cases/mobileWeb/_include/get_screenshot: Test Cases/mobileWeb/_include/get_screenshot&#xD;
&#xD;
2019-07-26 15:02:21 - [TEST_STEP][PASSED] - takeScreenshot(screenPath + i + ".png"): Taking screenshot successfully&#xD;
&#xD;
2019-07-26 15:02:22 - [MESSAGE][PASSED] - Taking screenshot successfully&#xD;
[[ATTACHMENT|D:\\Test\\AgileTest\\AgileTest\\Reports\\mobileWeb\\stm\\20190726_145349\\../Screenshots/iPhone X/stm/Everest Prime/20190726_150119/8.png]]&#xD;
&#xD;
2019-07-26 15:02:22 - [TEST_STEP][PASSED] - (internal.GlobalVariable.i++): null&#xD;
&#xD;
2019-07-26 15:02:22 - [MESSAGE][PASSED] - Call Test Case 'Test Cases/mobileWeb/_include/get_screenshot' successfully&#xD;
&#xD;
2019-07-26 15:02:22 - [TEST_STEP][PASSED] - clearText(findTestObject("mobileSanity/STM/Page_App Page 3/input__credit-card-cvv")): Text of object 'Object Repository/mobileSanity/STM/Page_App Page 3/input__credit-card-cvv' is cleared&#xD;
&#xD;
2019-07-26 15:02:22 - [MESSAGE][PASSED] - Text of object 'Object Repository/mobileSanity/STM/Page_App Page 3/input__credit-card-cvv' is cleared&#xD;
&#xD;
2019-07-26 15:02:22 - [TEST_STEP][PASSED] - setText(findTestObject("mobileSanity/STM/Page_App Page 3/input__credit-card-cvv"), "123"): Text '123' is set on object 'Object Repository/mobileSanity/STM/Page_App Page 3/input__credit-card-cvv'&#xD;
&#xD;
2019-07-26 15:02:22 - [MESSAGE][PASSED] - Text '123' is set on object 'Object Repository/mobileSanity/STM/Page_App Page 3/input__credit-card-cvv'&#xD;
&#xD;
2019-07-26 15:02:22 - [TEST_STEP][PASSED] - click(findTestObject("mobileSanity/STM/Page_App Page 3/label_I Accept Authorization f")): Object: 'Object Repository/mobileSanity/STM/Page_App Page 3/label_I Accept Authorization f' is clicked on&#xD;
&#xD;
2019-07-26 15:02:22 - [MESSAGE][PASSED] - Object: 'Object Repository/mobileSanity/STM/Page_App Page 3/label_I Accept Authorization f' is clicked on&#xD;
&#xD;
2019-07-26 15:02:22 - [TEST_STEP][PASSED] - click(findTestObject("mobileSanity/STM/Page_App Page 3/a_Continue to Step 4 - Review")): Object: 'Object Repository/mobileSanity/STM/Page_App Page 3/a_Continue to Step 4 - Review' is clicked on&#xD;
&#xD;
2019-07-26 15:02:22 - [MESSAGE][PASSED] - Object: 'Object Repository/mobileSanity/STM/Page_App Page 3/a_Continue to Step 4 - Review' is clicked on&#xD;
&#xD;
2019-07-26 15:02:22 - [TEST_STEP][PASSED] - waitForPageLoad(10): Wait for page load successfully&#xD;
&#xD;
2019-07-26 15:02:22 - [MESSAGE][PASSED] - Wait for page load successfully&#xD;
&#xD;
2019-07-26 15:02:22 - [TEST_STEP][PASSED] - waitForElementClickable(findTestObject("mobileSanity/STM/Page_App Page 4/label"), 10): Object 'Object Repository/mobileSanity/STM/Page_App Page 4/label' is clickable&#xD;
&#xD;
2019-07-26 15:02:25 - [MESSAGE][PASSED] - Object 'Object Repository/mobileSanity/STM/Page_App Page 4/label' is clickable&#xD;
&#xD;
2019-07-26 15:02:25 - [TEST_STEP][PASSED] - Thread.sleep(2000): null&#xD;
&#xD;
2019-07-26 15:02:27 - [TEST_STEP][PASSED] - callTestCase(findTestCase("mobileWeb/_include/get_screenshot"), [:], STOP_ON_FAILURE): Call Test Case 'Test Cases/mobileWeb/_include/get_screenshot' successfully&#xD;
&#xD;
2019-07-26 15:02:27 - [TEST_CASE][PASSED] - Test Cases/mobileWeb/_include/get_screenshot: Test Cases/mobileWeb/_include/get_screenshot&#xD;
&#xD;
2019-07-26 15:02:27 - [TEST_STEP][PASSED] - takeScreenshot(screenPath + i + ".png"): Taking screenshot successfully&#xD;
&#xD;
2019-07-26 15:02:28 - [MESSAGE][PASSED] - Taking screenshot successfully&#xD;
[[ATTACHMENT|D:\\Test\\AgileTest\\AgileTest\\Reports\\mobileWeb\\stm\\20190726_145349\\../Screenshots/iPhone X/stm/Everest Prime/20190726_150119/9.png]]&#xD;
&#xD;
2019-07-26 15:02:28 - [TEST_STEP][PASSED] - (internal.GlobalVariable.i++): null&#xD;
&#xD;
2019-07-26 15:02:28 - [MESSAGE][PASSED] - Call Test Case 'Test Cases/mobileWeb/_include/get_screenshot' successfully&#xD;
&#xD;
2019-07-26 15:02:28 - [TEST_STEP][PASSED] - click(findTestObject("mobileSanity/STM/Page_App Page 4/label")): Object: 'Object Repository/mobileSanity/STM/Page_App Page 4/label' is clicked on&#xD;
&#xD;
2019-07-26 15:02:28 - [MESSAGE][PASSED] - Object: 'Object Repository/mobileSanity/STM/Page_App Page 4/label' is clicked on&#xD;
&#xD;
2019-07-26 15:02:28 - [TEST_STEP][PASSED] - click(findTestObject("mobileSanity/STM/Page_App Page 4/div_CLICK TO SIGN")): Object: 'Object Repository/mobileSanity/STM/Page_App Page 4/div_CLICK TO SIGN' is clicked on&#xD;
&#xD;
2019-07-26 15:02:28 - [MESSAGE][PASSED] - Object: 'Object Repository/mobileSanity/STM/Page_App Page 4/div_CLICK TO SIGN' is clicked on&#xD;
&#xD;
2019-07-26 15:02:28 - [TEST_STEP][PASSED] - click(findTestObject("mobileSanity/STM/Page_App Page 4/a_Submit Your Application")): Object: 'Object Repository/mobileSanity/STM/Page_App Page 4/a_Submit Your Application' is clicked on&#xD;
&#xD;
2019-07-26 15:02:28 - [MESSAGE][PASSED] - Object: 'Object Repository/mobileSanity/STM/Page_App Page 4/a_Submit Your Application' is clicked on&#xD;
&#xD;
2019-07-26 15:02:28 - [TEST_STEP][PASSED] - Thread.sleep(30000): null&#xD;
&#xD;
2019-07-26 15:02:58 - [TEST_STEP][PASSED] - callTestCase(findTestCase("mobileWeb/_include/get_screenshot"), [:], STOP_ON_FAILURE): Call Test Case 'Test Cases/mobileWeb/_include/get_screenshot' successfully&#xD;
&#xD;
2019-07-26 15:02:58 - [TEST_CASE][PASSED] - Test Cases/mobileWeb/_include/get_screenshot: Test Cases/mobileWeb/_include/get_screenshot&#xD;
&#xD;
2019-07-26 15:02:58 - [TEST_STEP][PASSED] - takeScreenshot(screenPath + i + ".png"): Taking screenshot successfully&#xD;
&#xD;
2019-07-26 15:03:06 - [MESSAGE][PASSED] - Taking screenshot successfully&#xD;
[[ATTACHMENT|D:\\Test\\AgileTest\\AgileTest\\Reports\\mobileWeb\\stm\\20190726_145349\\../Screenshots/iPhone X/stm/Everest Prime/20190726_150119/10.png]]&#xD;
&#xD;
2019-07-26 15:03:06 - [TEST_STEP][PASSED] - (internal.GlobalVariable.i++): null&#xD;
&#xD;
2019-07-26 15:03:06 - [MESSAGE][PASSED] - Call Test Case 'Test Cases/mobileWeb/_include/get_screenshot' successfully&#xD;
&#xD;
2019-07-26 15:03:06 - [TEST_STEP][PASSED] - waitForElementPresent(findTestObject("mobileSanity/STM/Page_App Page 6/span_planName"), 30): Object 'Object Repository/mobileSanity/STM/Page_App Page 6/span_planName' is present&#xD;
&#xD;
2019-07-26 15:03:06 - [MESSAGE][PASSED] - Object 'Object Repository/mobileSanity/STM/Page_App Page 6/span_planName' is present&#xD;
&#xD;
2019-07-26 15:03:06 - [TEST_STEP][PASSED] - verifyElementPresent(findTestObject("mobileSanity/STM/Page_App Page 6/span_planName"), 20): Object 'Object Repository/mobileSanity/STM/Page_App Page 6/span_planName' is present&#xD;
&#xD;
2019-07-26 15:03:06 - [MESSAGE][PASSED] - Object 'Object Repository/mobileSanity/STM/Page_App Page 6/span_planName' is present&#xD;
&#xD;
2019-07-26 15:03:06 - [TEST_STEP][PASSED] - verifyElementPresent(findTestObject("mobileSanity/STM/Page_App Page 6/span_approved"), 20): Object 'Object Repository/mobileSanity/STM/Page_App Page 6/span_approved' is present&#xD;
&#xD;
2019-07-26 15:03:06 - [MESSAGE][PASSED] - Object 'Object Repository/mobileSanity/STM/Page_App Page 6/span_approved' is present&#xD;
&#xD;
2019-07-26 15:03:06 - [MESSAGE][PASSED] - Call Test Case 'Test Cases/mobileWeb/_include/goToEnd_stm_autofill' successfully</system-out>
            <system-err></system-err>
        </testcase>
        <testcase name="Test Cases/mobileWeb/stm/LifeShield" classname="Test Cases/mobileWeb/stm/LifeShield" status="PASSED">
            <system-out>2019-07-26 15:03:06 - [TEST_CASE][PASSED] - Test Cases/mobileWeb/stm/LifeShield: Test Cases/mobileWeb/stm/LifeShield&#xD;
&#xD;
2019-07-26 15:03:06 - [TEST_STEP][PASSED] - callTestCase(findTestCase("mobileWeb/_include/get_screenPath"), ["productLine":"stm", "carrierName":"LifeShield"], CONTINUE_ON_FAILURE): Call Test Case 'Test Cases/mobileWeb/_include/get_screenPath' successfully&#xD;
&#xD;
2019-07-26 15:03:06 - [TEST_CASE][PASSED] - Test Cases/mobileWeb/_include/get_screenPath: Test Cases/mobileWeb/_include/get_screenPath&#xD;
&#xD;
2019-07-26 15:03:06 - [TEST_STEP][PASSED] - m = getExecutionProperties(): null&#xD;
&#xD;
2019-07-26 15:03:06 - [TEST_STEP][PASSED] - deviceName = get("mobileEmulation").get("deviceName"): null&#xD;
&#xD;
2019-07-26 15:03:06 - [TEST_STEP][PASSED] - println(deviceName): null&#xD;
&#xD;
2019-07-26 15:03:06 - [TEST_STEP][PASSED] - now = new java.util.Date(): null&#xD;
&#xD;
2019-07-26 15:03:06 - [TEST_STEP][PASSED] - mydate = now.format("yyyyMMdd_HHmmss"): null&#xD;
&#xD;
2019-07-26 15:03:06 - [TEST_STEP][PASSED] - screenPath = "../Screenshots/": null&#xD;
&#xD;
2019-07-26 15:03:06 - [TEST_STEP][PASSED] - screenPath = screenPath + deviceName + "/" + productLine + "/" + carrierName + "/" + mydate + "/": null&#xD;
&#xD;
2019-07-26 15:03:06 - [TEST_STEP][PASSED] - println(screenPath): null&#xD;
&#xD;
2019-07-26 15:03:06 - [MESSAGE][PASSED] - Call Test Case 'Test Cases/mobileWeb/_include/get_screenPath' successfully&#xD;
&#xD;
2019-07-26 15:03:06 - [TEST_STEP][PASSED] - i = 0: null&#xD;
&#xD;
2019-07-26 15:03:06 - [TEST_STEP][PASSED] - callTestCase(findTestCase("mobileWeb/_include/openWebSite"), [:], STOP_ON_FAILURE): Call Test Case 'Test Cases/mobileWeb/_include/openWebSite' successfully&#xD;
&#xD;
2019-07-26 15:03:06 - [TEST_CASE][PASSED] - Test Cases/mobileWeb/_include/openWebSite: Test Cases/mobileWeb/_include/openWebSite&#xD;
&#xD;
2019-07-26 15:03:06 - [TEST_STEP][PASSED] - openBrowser(ENV): Browser is opened with url: 'https://praetemptatus.agilehealthinsurance.com'&#xD;
&#xD;
2019-07-26 15:03:06 - [MESSAGE][WARNING] - A browser is already opened. Closing browser and opening a new one&#xD;
&#xD;
2019-07-26 15:03:07 - [MESSAGE][INFO] - Starting 'Chrome' driver&#xD;
&#xD;
2019-07-26 15:03:07 - [MESSAGE][INFO] - User set preference: ['mobileEmulation', '{deviceName=iPhone X}']&#xD;
&#xD;
2019-07-26 15:03:07 - [MESSAGE][INFO] - User set preference: ['args', '[--incognito, --aggressive-cache-discard, --no-sandbox, --window-size=375,812]']&#xD;
&#xD;
2019-07-26 15:03:14 - [MESSAGE][PASSED] - Browser is opened with url: 'https://praetemptatus.agilehealthinsurance.com'&#xD;
&#xD;
2019-07-26 15:03:14 - [TEST_STEP][PASSED] - waitForPageLoad(10): Wait for page load successfully&#xD;
&#xD;
2019-07-26 15:03:14 - [MESSAGE][PASSED] - Wait for page load successfully&#xD;
&#xD;
2019-07-26 15:03:14 - [TEST_STEP][PASSED] - callTestCase(findTestCase("mobileWeb/_include/get_screenshot"), [:], STOP_ON_FAILURE): Call Test Case 'Test Cases/mobileWeb/_include/get_screenshot' successfully&#xD;
&#xD;
2019-07-26 15:03:14 - [TEST_CASE][PASSED] - Test Cases/mobileWeb/_include/get_screenshot: Test Cases/mobileWeb/_include/get_screenshot&#xD;
&#xD;
2019-07-26 15:03:14 - [TEST_STEP][PASSED] - takeScreenshot(screenPath + i + ".png"): Taking screenshot successfully&#xD;
&#xD;
2019-07-26 15:03:16 - [MESSAGE][PASSED] - Taking screenshot successfully&#xD;
[[ATTACHMENT|D:\\Test\\AgileTest\\AgileTest\\Reports\\mobileWeb\\stm\\20190726_145349\\../Screenshots/iPhone X/stm/LifeShield/20190726_150306/0.png]]&#xD;
&#xD;
2019-07-26 15:03:16 - [TEST_STEP][PASSED] - (internal.GlobalVariable.i++): null&#xD;
&#xD;
2019-07-26 15:03:16 - [MESSAGE][PASSED] - Call Test Case 'Test Cases/mobileWeb/_include/get_screenshot' successfully&#xD;
&#xD;
2019-07-26 15:03:16 - [MESSAGE][PASSED] - Call Test Case 'Test Cases/mobileWeb/_include/openWebSite' successfully&#xD;
&#xD;
2019-07-26 15:03:16 - [TEST_STEP][PASSED] - callTestCase(findTestCase("mobileWeb/_include/census_stm"), ["zipcode":"60602"], STOP_ON_FAILURE): Call Test Case 'Test Cases/mobileWeb/_include/census_stm' successfully&#xD;
&#xD;
2019-07-26 15:03:16 - [TEST_CASE][PASSED] - Test Cases/mobileWeb/_include/census_stm: Test Cases/mobileWeb/_include/census_stm&#xD;
&#xD;
2019-07-26 15:03:16 - [TEST_STEP][PASSED] - waitForElementClickable(findTestObject("mobileSanity/STM/Home Page/a_Quote  Save Today"), 10): Object 'Object Repository/mobileSanity/STM/Home Page/a_Quote  Save Today' is clickable&#xD;
&#xD;
2019-07-26 15:03:16 - [MESSAGE][PASSED] - Object 'Object Repository/mobileSanity/STM/Home Page/a_Quote  Save Today' is clickable&#xD;
&#xD;
2019-07-26 15:03:16 - [TEST_STEP][PASSED] - click(findTestObject("mobileSanity/STM/Home Page/a_Quote  Save Today")): Object: 'Object Repository/mobileSanity/STM/Home Page/a_Quote  Save Today' is clicked on&#xD;
&#xD;
2019-07-26 15:03:17 - [MESSAGE][PASSED] - Object: 'Object Repository/mobileSanity/STM/Home Page/a_Quote  Save Today' is clicked on&#xD;
&#xD;
2019-07-26 15:03:17 - [TEST_STEP][PASSED] - waitForPageLoad(10): Wait for page load successfully&#xD;
&#xD;
2019-07-26 15:03:18 - [MESSAGE][PASSED] - Wait for page load successfully&#xD;
&#xD;
2019-07-26 15:03:18 - [TEST_STEP][PASSED] - callTestCase(findTestCase("mobileWeb/_include/get_screenshot"), [:], STOP_ON_FAILURE): Call Test Case 'Test Cases/mobileWeb/_include/get_screenshot' successfully&#xD;
&#xD;
2019-07-26 15:03:18 - [TEST_CASE][PASSED] - Test Cases/mobileWeb/_include/get_screenshot: Test Cases/mobileWeb/_include/get_screenshot&#xD;
&#xD;
2019-07-26 15:03:18 - [TEST_STEP][PASSED] - takeScreenshot(screenPath + i + ".png"): Taking screenshot successfully&#xD;
&#xD;
2019-07-26 15:03:19 - [MESSAGE][PASSED] - Taking screenshot successfully&#xD;
[[ATTACHMENT|D:\\Test\\AgileTest\\AgileTest\\Reports\\mobileWeb\\stm\\20190726_145349\\../Screenshots/iPhone X/stm/LifeShield/20190726_150306/1.png]]&#xD;
&#xD;
2019-07-26 15:03:19 - [TEST_STEP][PASSED] - (internal.GlobalVariable.i++): null&#xD;
&#xD;
2019-07-26 15:03:19 - [MESSAGE][PASSED] - Call Test Case 'Test Cases/mobileWeb/_include/get_screenshot' successfully&#xD;
&#xD;
2019-07-26 15:03:19 - [TEST_STEP][PASSED] - setText(findTestObject("mobileSanity/STM/STM Census Page/input_Location_zip-input"), zipcode): Text '60602' is set on object 'Object Repository/mobileSanity/STM/STM Census Page/input_Location_zip-input'&#xD;
&#xD;
2019-07-26 15:03:19 - [MESSAGE][PASSED] - Text '60602' is set on object 'Object Repository/mobileSanity/STM/STM Census Page/input_Location_zip-input'&#xD;
&#xD;
2019-07-26 15:03:19 - [TEST_STEP][PASSED] - Thread.sleep(500): null&#xD;
&#xD;
2019-07-26 15:03:19 - [TEST_STEP][PASSED] - setText(findTestObject("mobileSanity/STM/STM Census Page/input_Date of Birth_dob-0"), "03031987"): Text '03031987' is set on object 'Object Repository/mobileSanity/STM/STM Census Page/input_Date of Birth_dob-0'&#xD;
&#xD;
2019-07-26 15:03:19 - [MESSAGE][PASSED] - Text '03031987' is set on object 'Object Repository/mobileSanity/STM/STM Census Page/input_Date of Birth_dob-0'&#xD;
&#xD;
2019-07-26 15:03:19 - [TEST_STEP][PASSED] - click(findTestObject("mobileSanity/STM/STM Census Page/label_Male")): Object: 'Object Repository/mobileSanity/STM/STM Census Page/label_Male' is clicked on&#xD;
&#xD;
2019-07-26 15:03:20 - [MESSAGE][PASSED] - Object: 'Object Repository/mobileSanity/STM/STM Census Page/label_Male' is clicked on&#xD;
&#xD;
2019-07-26 15:03:20 - [TEST_STEP][PASSED] - click(findTestObject("mobileSanity/STM/STM Census Page/label_Compare Plans")): Object: 'Object Repository/mobileSanity/STM/STM Census Page/label_Compare Plans' is clicked on&#xD;
&#xD;
2019-07-26 15:03:20 - [MESSAGE][PASSED] - Object: 'Object Repository/mobileSanity/STM/STM Census Page/label_Compare Plans' is clicked on&#xD;
&#xD;
2019-07-26 15:03:20 - [TEST_STEP][PASSED] - waitForPageLoad(10): Wait for page load successfully&#xD;
&#xD;
2019-07-26 15:03:20 - [MESSAGE][PASSED] - Wait for page load successfully&#xD;
&#xD;
2019-07-26 15:03:20 - [TEST_STEP][PASSED] - Thread.sleep(3000): null&#xD;
&#xD;
2019-07-26 15:03:23 - [TEST_STEP][PASSED] - callTestCase(findTestCase("mobileWeb/_include/get_screenshot"), [:], STOP_ON_FAILURE): Call Test Case 'Test Cases/mobileWeb/_include/get_screenshot' successfully&#xD;
&#xD;
2019-07-26 15:03:23 - [TEST_CASE][PASSED] - Test Cases/mobileWeb/_include/get_screenshot: Test Cases/mobileWeb/_include/get_screenshot&#xD;
&#xD;
2019-07-26 15:03:23 - [TEST_STEP][PASSED] - takeScreenshot(screenPath + i + ".png"): Taking screenshot successfully&#xD;
&#xD;
2019-07-26 15:03:25 - [MESSAGE][PASSED] - Taking screenshot successfully&#xD;
[[ATTACHMENT|D:\\Test\\AgileTest\\AgileTest\\Reports\\mobileWeb\\stm\\20190726_145349\\../Screenshots/iPhone X/stm/LifeShield/20190726_150306/2.png]]&#xD;
&#xD;
2019-07-26 15:03:25 - [TEST_STEP][PASSED] - (internal.GlobalVariable.i++): null&#xD;
&#xD;
2019-07-26 15:03:25 - [MESSAGE][PASSED] - Call Test Case 'Test Cases/mobileWeb/_include/get_screenshot' successfully&#xD;
&#xD;
2019-07-26 15:03:25 - [TEST_STEP][PASSED] - Thread.sleep(1000): null&#xD;
&#xD;
2019-07-26 15:03:26 - [MESSAGE][PASSED] - Call Test Case 'Test Cases/mobileWeb/_include/census_stm' successfully&#xD;
&#xD;
2019-07-26 15:03:26 - [TEST_STEP][PASSED] - callTestCase(findTestCase("mobileWeb/_include/filter_stm"), ["carrier":"lifeshield"], STOP_ON_FAILURE): Call Test Case 'Test Cases/mobileWeb/_include/filter_stm' successfully&#xD;
&#xD;
2019-07-26 15:03:26 - [TEST_CASE][PASSED] - Test Cases/mobileWeb/_include/filter_stm: Test Cases/mobileWeb/_include/filter_stm&#xD;
&#xD;
2019-07-26 15:03:27 - [TEST_STEP][PASSED] - driver = getWebDriver(): null&#xD;
&#xD;
2019-07-26 15:03:27 - [TEST_STEP][PASSED] - selenium = new com.thoughtworks.selenium.webdriven.WebDriverBackedSelenium(driver, internal.GlobalVariable.ENV): null&#xD;
&#xD;
2019-07-26 15:03:27 - [TEST_STEP][PASSED] - Thread.sleep(1000): null&#xD;
&#xD;
2019-07-26 15:03:28 - [TEST_STEP][PASSED] - click(findTestObject("mobileSanity/STM/STM Quote Page/button_filters")): Object: 'Object Repository/mobileSanity/STM/STM Quote Page/button_filters' is clicked on&#xD;
&#xD;
2019-07-26 15:03:28 - [MESSAGE][PASSED] - Object: 'Object Repository/mobileSanity/STM/STM Quote Page/button_filters' is clicked on&#xD;
&#xD;
2019-07-26 15:03:28 - [TEST_STEP][PASSED] - Thread.sleep(1000): null&#xD;
&#xD;
2019-07-26 15:03:29 - [TEST_STEP][PASSED] - click(findTestObject("mobileSanity/STM/STM Quote Page/i_Insurance company")): Object: 'Object Repository/mobileSanity/STM/STM Quote Page/i_Insurance company' is clicked on&#xD;
&#xD;
2019-07-26 15:03:29 - [MESSAGE][PASSED] - Object: 'Object Repository/mobileSanity/STM/STM Quote Page/i_Insurance company' is clicked on&#xD;
&#xD;
2019-07-26 15:03:29 - [TEST_STEP][PASSED] - Thread.sleep(1000): null&#xD;
&#xD;
2019-07-26 15:03:30 - [TEST_STEP][PASSED] - filter_carrier = "//input[@name='filter[carrier]' and @value='" + carrier + "']/following::label": null&#xD;
&#xD;
2019-07-26 15:03:30 - [TEST_STEP][PASSED] - println(filter_carrier): null&#xD;
&#xD;
2019-07-26 15:03:30 - [TEST_STEP][PASSED] - test.MobileKeywords.clickJS_ByXpath(filter_carrier): test.MobileKeywords.clickJS_ByXpath is PASSED&#xD;
&#xD;
2019-07-26 15:03:30 - [MESSAGE][PASSED] - Execute JavaScript 'arguments[0].click()' successfully&#xD;
&#xD;
2019-07-26 15:03:30 - [MESSAGE][PASSED] - test.MobileKeywords.clickJS_ByXpath is PASSED&#xD;
&#xD;
2019-07-26 15:03:30 - [TEST_STEP][PASSED] - Thread.sleep(1000): null&#xD;
&#xD;
2019-07-26 15:03:31 - [TEST_STEP][PASSED] - scrollToElement(findTestObject("mobileSanity/STM/STM Quote Page/a_Show Plans"), 1000): Scroll to object 'Object Repository/mobileSanity/STM/STM Quote Page/a_Show Plans' successfully&#xD;
&#xD;
2019-07-26 15:03:31 - [MESSAGE][PASSED] - Scroll to object 'Object Repository/mobileSanity/STM/STM Quote Page/a_Show Plans' successfully&#xD;
&#xD;
2019-07-26 15:03:31 - [TEST_STEP][PASSED] - click(findTestObject("mobileSanity/STM/STM Quote Page/a_Show Plans")): Object: 'Object Repository/mobileSanity/STM/STM Quote Page/a_Show Plans' is clicked on&#xD;
&#xD;
2019-07-26 15:03:31 - [MESSAGE][PASSED] - Object: 'Object Repository/mobileSanity/STM/STM Quote Page/a_Show Plans' is clicked on&#xD;
&#xD;
2019-07-26 15:03:31 - [TEST_STEP][PASSED] - waitForJQueryLoad(10, STOP_ON_FAILURE): jQuery is ready.&#xD;
&#xD;
2019-07-26 15:03:32 - [MESSAGE][PASSED] - jQuery is ready.&#xD;
&#xD;
2019-07-26 15:03:32 - [TEST_STEP][PASSED] - Thread.sleep(2000): null&#xD;
&#xD;
2019-07-26 15:03:34 - [TEST_STEP][PASSED] - callTestCase(findTestCase("mobileWeb/_include/get_screenshot"), [:], STOP_ON_FAILURE): Call Test Case 'Test Cases/mobileWeb/_include/get_screenshot' successfully&#xD;
&#xD;
2019-07-26 15:03:34 - [TEST_CASE][PASSED] - Test Cases/mobileWeb/_include/get_screenshot: Test Cases/mobileWeb/_include/get_screenshot&#xD;
&#xD;
2019-07-26 15:03:34 - [TEST_STEP][PASSED] - takeScreenshot(screenPath + i + ".png"): Taking screenshot successfully&#xD;
&#xD;
2019-07-26 15:03:35 - [MESSAGE][PASSED] - Taking screenshot successfully&#xD;
[[ATTACHMENT|D:\\Test\\AgileTest\\AgileTest\\Reports\\mobileWeb\\stm\\20190726_145349\\../Screenshots/iPhone X/stm/LifeShield/20190726_150306/3.png]]&#xD;
&#xD;
2019-07-26 15:03:35 - [TEST_STEP][PASSED] - (internal.GlobalVariable.i++): null&#xD;
&#xD;
2019-07-26 15:03:35 - [MESSAGE][PASSED] - Call Test Case 'Test Cases/mobileWeb/_include/get_screenshot' successfully&#xD;
&#xD;
2019-07-26 15:03:35 - [MESSAGE][PASSED] - Call Test Case 'Test Cases/mobileWeb/_include/filter_stm' successfully&#xD;
&#xD;
2019-07-26 15:03:35 - [TEST_STEP][PASSED] - callTestCase(findTestCase("mobileWeb/_include/goToDetail_stm"), ["carrier":"lifeshield"], STOP_ON_FAILURE): Call Test Case 'Test Cases/mobileWeb/_include/goToDetail_stm' successfully&#xD;
&#xD;
2019-07-26 15:03:35 - [TEST_CASE][PASSED] - Test Cases/mobileWeb/_include/goToDetail_stm: Test Cases/mobileWeb/_include/goToDetail_stm&#xD;
&#xD;
2019-07-26 15:03:35 - [TEST_STEP][PASSED] - driver = getWebDriver(): null&#xD;
&#xD;
2019-07-26 15:03:35 - [TEST_STEP][PASSED] - selenium = new com.thoughtworks.selenium.webdriven.WebDriverBackedSelenium(driver, internal.GlobalVariable.ENV): null&#xD;
&#xD;
2019-07-26 15:03:35 - [TEST_STEP][PASSED] - a_plan_name = "xpath=//a[contains(@href,'/term-health-insurance/plan/" + carrier + "')]": null&#xD;
&#xD;
2019-07-26 15:03:35 - [TEST_STEP][PASSED] - println(a_plan_name): null&#xD;
&#xD;
2019-07-26 15:03:35 - [TEST_STEP][PASSED] - selenium.click(a_plan_name): null&#xD;
&#xD;
2019-07-26 15:03:39 - [TEST_STEP][PASSED] - waitForPageLoad(10): Wait for page load successfully&#xD;
&#xD;
2019-07-26 15:03:39 - [MESSAGE][PASSED] - Wait for page load successfully&#xD;
&#xD;
2019-07-26 15:03:39 - [TEST_STEP][PASSED] - Thread.sleep(2000): null&#xD;
&#xD;
2019-07-26 15:03:41 - [TEST_STEP][PASSED] - callTestCase(findTestCase("mobileWeb/_include/get_screenshot"), [:], STOP_ON_FAILURE): Call Test Case 'Test Cases/mobileWeb/_include/get_screenshot' successfully&#xD;
&#xD;
2019-07-26 15:03:41 - [TEST_CASE][PASSED] - Test Cases/mobileWeb/_include/get_screenshot: Test Cases/mobileWeb/_include/get_screenshot&#xD;
&#xD;
2019-07-26 15:03:41 - [TEST_STEP][PASSED] - takeScreenshot(screenPath + i + ".png"): Taking screenshot successfully&#xD;
&#xD;
2019-07-26 15:03:42 - [MESSAGE][PASSED] - Taking screenshot successfully&#xD;
[[ATTACHMENT|D:\\Test\\AgileTest\\AgileTest\\Reports\\mobileWeb\\stm\\20190726_145349\\../Screenshots/iPhone X/stm/LifeShield/20190726_150306/4.png]]&#xD;
&#xD;
2019-07-26 15:03:42 - [TEST_STEP][PASSED] - (internal.GlobalVariable.i++): null&#xD;
&#xD;
2019-07-26 15:03:42 - [MESSAGE][PASSED] - Call Test Case 'Test Cases/mobileWeb/_include/get_screenshot' successfully&#xD;
&#xD;
2019-07-26 15:03:42 - [MESSAGE][PASSED] - Call Test Case 'Test Cases/mobileWeb/_include/goToDetail_stm' successfully&#xD;
&#xD;
2019-07-26 15:03:42 - [TEST_STEP][PASSED] - callTestCase(findTestCase("mobileWeb/_include/apply_stm"), [:], STOP_ON_FAILURE): Call Test Case 'Test Cases/mobileWeb/_include/apply_stm' successfully&#xD;
&#xD;
2019-07-26 15:03:42 - [TEST_CASE][PASSED] - Test Cases/mobileWeb/_include/apply_stm: Test Cases/mobileWeb/_include/apply_stm&#xD;
&#xD;
2019-07-26 15:03:42 - [TEST_STEP][PASSED] - waitForElementVisible(findTestObject("mobileSanity/STM/STM PlanDetail Page/a_Apply for This Plan"), 5): Object 'Object Repository/mobileSanity/STM/STM PlanDetail Page/a_Apply for This Plan' is visible&#xD;
&#xD;
2019-07-26 15:03:42 - [MESSAGE][PASSED] - Object 'Object Repository/mobileSanity/STM/STM PlanDetail Page/a_Apply for This Plan' is visible&#xD;
&#xD;
2019-07-26 15:03:42 - [TEST_STEP][PASSED] - click(findTestObject("mobileSanity/STM/STM PlanDetail Page/a_Apply for This Plan")): Object: 'Object Repository/mobileSanity/STM/STM PlanDetail Page/a_Apply for This Plan' is clicked on&#xD;
&#xD;
2019-07-26 15:03:46 - [MESSAGE][PASSED] - Object: 'Object Repository/mobileSanity/STM/STM PlanDetail Page/a_Apply for This Plan' is clicked on&#xD;
&#xD;
2019-07-26 15:03:46 - [TEST_STEP][PASSED] - waitForPageLoad(10): Wait for page load successfully&#xD;
&#xD;
2019-07-26 15:03:46 - [MESSAGE][PASSED] - Wait for page load successfully&#xD;
&#xD;
2019-07-26 15:03:46 - [TEST_STEP][PASSED] - Thread.sleep(2000): null&#xD;
&#xD;
2019-07-26 15:03:48 - [TEST_STEP][PASSED] - callTestCase(findTestCase("mobileWeb/_include/get_screenshot"), [:], STOP_ON_FAILURE): Call Test Case 'Test Cases/mobileWeb/_include/get_screenshot' successfully&#xD;
&#xD;
2019-07-26 15:03:48 - [TEST_CASE][PASSED] - Test Cases/mobileWeb/_include/get_screenshot: Test Cases/mobileWeb/_include/get_screenshot&#xD;
&#xD;
2019-07-26 15:03:48 - [TEST_STEP][PASSED] - takeScreenshot(screenPath + i + ".png"): Taking screenshot successfully&#xD;
&#xD;
2019-07-26 15:03:49 - [MESSAGE][PASSED] - Taking screenshot successfully&#xD;
[[ATTACHMENT|D:\\Test\\AgileTest\\AgileTest\\Reports\\mobileWeb\\stm\\20190726_145349\\../Screenshots/iPhone X/stm/LifeShield/20190726_150306/5.png]]&#xD;
&#xD;
2019-07-26 15:03:49 - [TEST_STEP][PASSED] - (internal.GlobalVariable.i++): null&#xD;
&#xD;
2019-07-26 15:03:49 - [MESSAGE][PASSED] - Call Test Case 'Test Cases/mobileWeb/_include/get_screenshot' successfully&#xD;
&#xD;
2019-07-26 15:03:49 - [TEST_STEP][PASSED] - waitForElementVisible(findTestObject("mobileSanity/STM/STM Apply Page/a_Start Secure Application"), 5): Object 'Object Repository/mobileSanity/STM/STM Apply Page/a_Start Secure Application' is visible&#xD;
&#xD;
2019-07-26 15:03:49 - [MESSAGE][PASSED] - Object 'Object Repository/mobileSanity/STM/STM Apply Page/a_Start Secure Application' is visible&#xD;
&#xD;
2019-07-26 15:03:49 - [TEST_STEP][PASSED] - click(findTestObject("mobileSanity/STM/STM Apply Page/a_Start Secure Application")): Object: 'Object Repository/mobileSanity/STM/STM Apply Page/a_Start Secure Application' is clicked on&#xD;
&#xD;
2019-07-26 15:03:56 - [MESSAGE][PASSED] - Object: 'Object Repository/mobileSanity/STM/STM Apply Page/a_Start Secure Application' is clicked on&#xD;
&#xD;
2019-07-26 15:03:56 - [TEST_STEP][PASSED] - waitForPageLoad(10): Wait for page load successfully&#xD;
&#xD;
2019-07-26 15:03:56 - [MESSAGE][PASSED] - Wait for page load successfully&#xD;
&#xD;
2019-07-26 15:03:56 - [TEST_STEP][PASSED] - Thread.sleep(2000): null&#xD;
&#xD;
2019-07-26 15:03:58 - [TEST_STEP][PASSED] - callTestCase(findTestCase("mobileWeb/_include/get_screenshot"), [:], STOP_ON_FAILURE): Call Test Case 'Test Cases/mobileWeb/_include/get_screenshot' successfully&#xD;
&#xD;
2019-07-26 15:03:58 - [TEST_CASE][PASSED] - Test Cases/mobileWeb/_include/get_screenshot: Test Cases/mobileWeb/_include/get_screenshot&#xD;
&#xD;
2019-07-26 15:03:58 - [TEST_STEP][PASSED] - takeScreenshot(screenPath + i + ".png"): Taking screenshot successfully&#xD;
&#xD;
2019-07-26 15:03:58 - [MESSAGE][PASSED] - Taking screenshot successfully&#xD;
[[ATTACHMENT|D:\\Test\\AgileTest\\AgileTest\\Reports\\mobileWeb\\stm\\20190726_145349\\../Screenshots/iPhone X/stm/LifeShield/20190726_150306/6.png]]&#xD;
&#xD;
2019-07-26 15:03:58 - [TEST_STEP][PASSED] - (internal.GlobalVariable.i++): null&#xD;
&#xD;
2019-07-26 15:03:58 - [MESSAGE][PASSED] - Call Test Case 'Test Cases/mobileWeb/_include/get_screenshot' successfully&#xD;
&#xD;
2019-07-26 15:03:58 - [MESSAGE][PASSED] - Call Test Case 'Test Cases/mobileWeb/_include/apply_stm' successfully&#xD;
&#xD;
2019-07-26 15:03:58 - [TEST_STEP][PASSED] - callTestCase(findTestCase("mobileWeb/_include/goToEnd_stm_autofill"), [:], STOP_ON_FAILURE): Call Test Case 'Test Cases/mobileWeb/_include/goToEnd_stm_autofill' successfully&#xD;
&#xD;
2019-07-26 15:03:58 - [TEST_CASE][PASSED] - Test Cases/mobileWeb/_include/goToEnd_stm_autofill: Test Cases/mobileWeb/_include/goToEnd_stm_autofill&#xD;
&#xD;
2019-07-26 15:03:58 - [TEST_STEP][PASSED] - callTestCase(findTestCase("mobileWeb/_include/name"), [:], CONTINUE_ON_FAILURE): Call Test Case 'Test Cases/mobileWeb/_include/name' successfully&#xD;
&#xD;
2019-07-26 15:03:59 - [TEST_CASE][PASSED] - Test Cases/mobileWeb/_include/name: Test Cases/mobileWeb/_include/name&#xD;
&#xD;
2019-07-26 15:03:59 - [TEST_STEP][PASSED] - driver = getWebDriver(): null&#xD;
&#xD;
2019-07-26 15:03:59 - [TEST_STEP][PASSED] - selenium = new com.thoughtworks.selenium.webdriven.WebDriverBackedSelenium(driver, internal.GlobalVariable.ENV): null&#xD;
&#xD;
2019-07-26 15:03:59 - [TEST_STEP][PASSED] - FirstName = "Test-123": null&#xD;
&#xD;
2019-07-26 15:03:59 - [TEST_STEP][PASSED] - LastName = selenium.getEval("{var x="ABCDEFGHIJKLMNOPQRSTUVWXYZabcdefghijklmnopqrstuvwxyz"; var tmp="ZZ11-"; for (i=0;i&lt;8;i++) tmp+=x.charAt(Math.ceil(51*Math.random()));tmp;}"): null&#xD;
&#xD;
2019-07-26 15:03:59 - [TEST_STEP][PASSED] - Address = selenium.getEval("{var x="ABCDEFGHIJKLMNOPQRSTUVWXYZabcdefghijklmnopqrstuvwxyz"; var tmp=""; for (i=0;i&lt;8;i++) tmp+=x.charAt(Math.ceil(51*Math.random()));tmp;}"): null&#xD;
&#xD;
2019-07-26 15:03:59 - [TEST_STEP][PASSED] - City = selenium.getEval("{var x="ABCDEFGHIJKLMNOPQRSTUVWXYZabcdefghijklmnopqrstuvwxyz"; var tmp=""; for (i=0;i&lt;8;i++) tmp+=x.charAt(Math.ceil(51*Math.random()));tmp;}"): null&#xD;
&#xD;
2019-07-26 15:03:59 - [TEST_STEP][PASSED] - tel1 = selenium.getEval("{var x="123456789"; var tmp=""; for (i=0;i&lt;3;i++) tmp+=x.charAt(Math.ceil(8*Math.random()));tmp;}"): null&#xD;
&#xD;
2019-07-26 15:03:59 - [TEST_STEP][PASSED] - tel2 = selenium.getEval("{var x="123456789"; var tmp=""; for (i=0;i&lt;3;i++) tmp+=x.charAt(Math.ceil(8*Math.random()));tmp;}"): null&#xD;
&#xD;
2019-07-26 15:03:59 - [TEST_STEP][PASSED] - tel3 = selenium.getEval("{var x="123456789"; var tmp=""; for (i=0;i&lt;4;i++) tmp+=x.charAt(Math.ceil(8*Math.random()));tmp;}"): null&#xD;
&#xD;
2019-07-26 15:03:59 - [TEST_STEP][PASSED] - Tel = selenium.getExpression(tel1 + "-" + tel2 + "-" + tel3): null&#xD;
&#xD;
2019-07-26 15:03:59 - [TEST_STEP][PASSED] - AutoEmail = selenium.getEval("{var x="ABCDEFGHIJKLMNOPQRSTUVWXYZabcdefghijklmnopqrstuvwxyz"; var tmp="test."; for (i=0;i&lt;8;i++) tmp+=x.charAt(Math.ceil(51*Math.random()));tmp+="@suryani.cn";}"): null&#xD;
&#xD;
2019-07-26 15:03:59 - [TEST_STEP][PASSED] - FirstName = FirstName: null&#xD;
&#xD;
2019-07-26 15:03:59 - [TEST_STEP][PASSED] - LastName = LastName: null&#xD;
&#xD;
2019-07-26 15:03:59 - [TEST_STEP][PASSED] - Address = Address: null&#xD;
&#xD;
2019-07-26 15:03:59 - [TEST_STEP][PASSED] - City = City: null&#xD;
&#xD;
2019-07-26 15:03:59 - [TEST_STEP][PASSED] - Tel = Tel: null&#xD;
&#xD;
2019-07-26 15:03:59 - [TEST_STEP][PASSED] - AutoEmail = AutoEmail: null&#xD;
&#xD;
2019-07-26 15:03:59 - [TEST_STEP][PASSED] - println(FirstName): null&#xD;
&#xD;
2019-07-26 15:03:59 - [TEST_STEP][PASSED] - println(LastName): null&#xD;
&#xD;
2019-07-26 15:03:59 - [TEST_STEP][PASSED] - println(Address): null&#xD;
&#xD;
2019-07-26 15:03:59 - [TEST_STEP][PASSED] - println(City): null&#xD;
&#xD;
2019-07-26 15:03:59 - [TEST_STEP][PASSED] - println(Tel): null&#xD;
&#xD;
2019-07-26 15:03:59 - [TEST_STEP][PASSED] - println(AutoEmail): null&#xD;
&#xD;
2019-07-26 15:03:59 - [MESSAGE][PASSED] - Call Test Case 'Test Cases/mobileWeb/_include/name' successfully&#xD;
&#xD;
2019-07-26 15:03:59 - [TEST_STEP][FAILED] - try: Unable to verify text 'Month Duration Acknowledgement' is present  (Root cause: com.kms.katalon.core.exception.StepFailedException: Unable to verify text 'Month Duration Acknowledgement' is present &#xD;
	at com.kms.katalon.core.webui.keyword.internal.WebUIKeywordMain.stepFailed(WebUIKeywordMain.groovy:64)&#xD;
	at com.kms.katalon.core.webui.keyword.internal.WebUIKeywordMain.runKeyword(WebUIKeywordMain.groovy:26)&#xD;
	at com.kms.katalon.core.webui.keyword.builtin.VerifyTextPresentKeyword.verifyTextPresent(VerifyTextPresentKeyword.groovy:83)&#xD;
	at com.kms.katalon.core.webui.keyword.builtin.VerifyTextPresentKeyword.execute(VerifyTextPresentKeyword.groovy:68)&#xD;
	at com.kms.katalon.core.keyword.internal.KeywordExecutor.executeKeywordForPlatform(KeywordExecutor.groovy:56)&#xD;
	at com.kms.katalon.core.webui.keyword.WebUiBuiltInKeywords.verifyTextPresent(WebUiBuiltInKeywords.groovy:1693)&#xD;
	at com.kms.katalon.core.webui.keyword.WebUiBuiltInKeywords$verifyTextPresent$9.call(Unknown Source)&#xD;
	at goToEnd_stm_autofill.run(goToEnd_stm_autofill:19)&#xD;
	at com.kms.katalon.core.main.ScriptEngine.run(ScriptEngine.java:194)&#xD;
	at com.kms.katalon.core.main.ScriptEngine.runScriptAsRawText(ScriptEngine.java:119)&#xD;
	at com.kms.katalon.core.main.TestCaseExecutor.runScript(TestCaseExecutor.java:337)&#xD;
	at com.kms.katalon.core.main.TestCaseExecutor.doExecute(TestCaseExecutor.java:328)&#xD;
	at com.kms.katalon.core.main.TestCaseExecutor.processExecutionPhase(TestCaseExecutor.java:307)&#xD;
	at com.kms.katalon.core.main.TestCaseExecutor.accessMainPhase(TestCaseExecutor.java:299)&#xD;
	at com.kms.katalon.core.main.TestCaseExecutor.execute(TestCaseExecutor.java:233)&#xD;
	at com.kms.katalon.core.main.TestCaseMain.runTestCase(TestCaseMain.java:114)&#xD;
	at com.kms.katalon.core.keyword.builtin.CallTestCaseKeyword$_callTestCase_closure1.doCall(CallTestCaseKeyword.groovy:59)&#xD;
	at com.kms.katalon.core.keyword.builtin.CallTestCaseKeyword$_callTestCase_closure1.call(CallTestCaseKeyword.groovy)&#xD;
	at com.kms.katalon.core.keyword.internal.KeywordMain.runKeyword(KeywordMain.groovy:68)&#xD;
	at com.kms.katalon.core.keyword.builtin.CallTestCaseKeyword.callTestCase(CallTestCaseKeyword.groovy:81)&#xD;
	at com.kms.katalon.core.keyword.builtin.CallTestCaseKeyword.execute(CallTestCaseKeyword.groovy:44)&#xD;
	at com.kms.katalon.core.keyword.internal.KeywordExecutor.executeKeywordForPlatform(KeywordExecutor.groovy:56)&#xD;
	at com.kms.katalon.core.keyword.BuiltinKeywords.callTestCase(BuiltinKeywords.groovy:334)&#xD;
	at LifeShield.run(LifeShield:31)&#xD;
	at com.kms.katalon.core.main.ScriptEngine.run(ScriptEngine.java:194)&#xD;
	at com.kms.katalon.core.main.ScriptEngine.runScriptAsRawText(ScriptEngine.java:119)&#xD;
	at com.kms.katalon.core.main.TestCaseExecutor.runScript(TestCaseExecutor.java:337)&#xD;
	at com.kms.katalon.core.main.TestCaseExecutor.doExecute(TestCaseExecutor.java:328)&#xD;
	at com.kms.katalon.core.main.TestCaseExecutor.processExecutionPhase(TestCaseExecutor.java:307)&#xD;
	at com.kms.katalon.core.main.TestCaseExecutor.accessMainPhase(TestCaseExecutor.java:299)&#xD;
	at com.kms.katalon.core.main.TestCaseExecutor.execute(TestCaseExecutor.java:233)&#xD;
	at com.kms.katalon.core.main.TestSuiteExecutor.accessTestCaseMainPhase(TestSuiteExecutor.java:133)&#xD;
	at com.kms.katalon.core.main.TestSuiteExecutor.accessTestSuiteMainPhase(TestSuiteExecutor.java:116)&#xD;
	at com.kms.katalon.core.main.TestSuiteExecutor.execute(TestSuiteExecutor.java:83)&#xD;
	at com.kms.katalon.core.main.TestCaseMain.startTestSuite(TestCaseMain.java:157)&#xD;
	at com.kms.katalon.core.main.TestCaseMain$startTestSuite$0.call(Unknown Source)&#xD;
	at TempTestSuite1564124029030.run(TempTestSuite1564124029030.groovy:35)&#xD;
Caused by: com.kms.katalon.core.exception.StepFailedException: Text 'Month Duration Acknowledgement' is not present on page &#xD;
	at com.kms.katalon.core.webui.keyword.internal.WebUIKeywordMain.stepFailed(WebUIKeywordMain.groovy:64)&#xD;
	at com.kms.katalon.core.webui.keyword.builtin.VerifyTextPresentKeyword$_verifyTextPresent_closure1.doCall(VerifyTextPresentKeyword.groovy:79)&#xD;
	at com.kms.katalon.core.webui.keyword.builtin.VerifyTextPresentKeyword$_verifyTextPresent_closure1.call(VerifyTextPresentKeyword.groovy)&#xD;
	at com.kms.katalon.core.webui.keyword.internal.WebUIKeywordMain.runKeyword(WebUIKeywordMain.groovy:20)&#xD;
	... 35 more&#xD;
)&#xD;
&#xD;
2019-07-26 15:03:59 - [TEST_STEP][FAILED] - if (verifyTextPresent("Month Duration Acknowledgement", false)): Unable to verify text 'Month Duration Acknowledgement' is present  (Root cause: com.kms.katalon.core.exception.StepFailedException: Unable to verify text 'Month Duration Acknowledgement' is present &#xD;
	at com.kms.katalon.core.webui.keyword.internal.WebUIKeywordMain.stepFailed(WebUIKeywordMain.groovy:64)&#xD;
	at com.kms.katalon.core.webui.keyword.internal.WebUIKeywordMain.runKeyword(WebUIKeywordMain.groovy:26)&#xD;
	at com.kms.katalon.core.webui.keyword.builtin.VerifyTextPresentKeyword.verifyTextPresent(VerifyTextPresentKeyword.groovy:83)&#xD;
	at com.kms.katalon.core.webui.keyword.builtin.VerifyTextPresentKeyword.execute(VerifyTextPresentKeyword.groovy:68)&#xD;
	at com.kms.katalon.core.keyword.internal.KeywordExecutor.executeKeywordForPlatform(KeywordExecutor.groovy:56)&#xD;
	at com.kms.katalon.core.webui.keyword.WebUiBuiltInKeywords.verifyTextPresent(WebUiBuiltInKeywords.groovy:1693)&#xD;
	at com.kms.katalon.core.webui.keyword.WebUiBuiltInKeywords$verifyTextPresent$9.call(Unknown Source)&#xD;
	at goToEnd_stm_autofill.run(goToEnd_stm_autofill:19)&#xD;
	at com.kms.katalon.core.main.ScriptEngine.run(ScriptEngine.java:194)&#xD;
	at com.kms.katalon.core.main.ScriptEngine.runScriptAsRawText(ScriptEngine.java:119)&#xD;
	at com.kms.katalon.core.main.TestCaseExecutor.runScript(TestCaseExecutor.java:337)&#xD;
	at com.kms.katalon.core.main.TestCaseExecutor.doExecute(TestCaseExecutor.java:328)&#xD;
	at com.kms.katalon.core.main.TestCaseExecutor.processExecutionPhase(TestCaseExecutor.java:307)&#xD;
	at com.kms.katalon.core.main.TestCaseExecutor.accessMainPhase(TestCaseExecutor.java:299)&#xD;
	at com.kms.katalon.core.main.TestCaseExecutor.execute(TestCaseExecutor.java:233)&#xD;
	at com.kms.katalon.core.main.TestCaseMain.runTestCase(TestCaseMain.java:114)&#xD;
	at com.kms.katalon.core.keyword.builtin.CallTestCaseKeyword$_callTestCase_closure1.doCall(CallTestCaseKeyword.groovy:59)&#xD;
	at com.kms.katalon.core.keyword.builtin.CallTestCaseKeyword$_callTestCase_closure1.call(CallTestCaseKeyword.groovy)&#xD;
	at com.kms.katalon.core.keyword.internal.KeywordMain.runKeyword(KeywordMain.groovy:68)&#xD;
	at com.kms.katalon.core.keyword.builtin.CallTestCaseKeyword.callTestCase(CallTestCaseKeyword.groovy:81)&#xD;
	at com.kms.katalon.core.keyword.builtin.CallTestCaseKeyword.execute(CallTestCaseKeyword.groovy:44)&#xD;
	at com.kms.katalon.core.keyword.internal.KeywordExecutor.executeKeywordForPlatform(KeywordExecutor.groovy:56)&#xD;
	at com.kms.katalon.core.keyword.BuiltinKeywords.callTestCase(BuiltinKeywords.groovy:334)&#xD;
	at LifeShield.run(LifeShield:31)&#xD;
	at com.kms.katalon.core.main.ScriptEngine.run(ScriptEngine.java:194)&#xD;
	at com.kms.katalon.core.main.ScriptEngine.runScriptAsRawText(ScriptEngine.java:119)&#xD;
	at com.kms.katalon.core.main.TestCaseExecutor.runScript(TestCaseExecutor.java:337)&#xD;
	at com.kms.katalon.core.main.TestCaseExecutor.doExecute(TestCaseExecutor.java:328)&#xD;
	at com.kms.katalon.core.main.TestCaseExecutor.processExecutionPhase(TestCaseExecutor.java:307)&#xD;
	at com.kms.katalon.core.main.TestCaseExecutor.accessMainPhase(TestCaseExecutor.java:299)&#xD;
	at com.kms.katalon.core.main.TestCaseExecutor.execute(TestCaseExecutor.java:233)&#xD;
	at com.kms.katalon.core.main.TestSuiteExecutor.accessTestCaseMainPhase(TestSuiteExecutor.java:133)&#xD;
	at com.kms.katalon.core.main.TestSuiteExecutor.accessTestSuiteMainPhase(TestSuiteExecutor.java:116)&#xD;
	at com.kms.katalon.core.main.TestSuiteExecutor.execute(TestSuiteExecutor.java:83)&#xD;
	at com.kms.katalon.core.main.TestCaseMain.startTestSuite(TestCaseMain.java:157)&#xD;
	at com.kms.katalon.core.main.TestCaseMain$startTestSuite$0.call(Unknown Source)&#xD;
	at TempTestSuite1564124029030.run(TempTestSuite1564124029030.groovy:35)&#xD;
Caused by: com.kms.katalon.core.exception.StepFailedException: Text 'Month Duration Acknowledgement' is not present on page &#xD;
	at com.kms.katalon.core.webui.keyword.internal.WebUIKeywordMain.stepFailed(WebUIKeywordMain.groovy:64)&#xD;
	at com.kms.katalon.core.webui.keyword.builtin.VerifyTextPresentKeyword$_verifyTextPresent_closure1.doCall(VerifyTextPresentKeyword.groovy:79)&#xD;
	at com.kms.katalon.core.webui.keyword.builtin.VerifyTextPresentKeyword$_verifyTextPresent_closure1.call(VerifyTextPresentKeyword.groovy)&#xD;
	at com.kms.katalon.core.webui.keyword.internal.WebUIKeywordMain.runKeyword(WebUIKeywordMain.groovy:20)&#xD;
	... 35 more&#xD;
)&#xD;
&#xD;
2019-07-26 15:03:59 - [MESSAGE][FAILED] - Text 'Month Duration Acknowledgement' is not present on page  (Root cause: com.kms.katalon.core.exception.StepFailedException: Text 'Month Duration Acknowledgement' is not present on page &#xD;
	at com.kms.katalon.core.webui.keyword.internal.WebUIKeywordMain.stepFailed(WebUIKeywordMain.groovy:64)&#xD;
	at com.kms.katalon.core.webui.keyword.builtin.VerifyTextPresentKeyword$_verifyTextPresent_closure1.doCall(VerifyTextPresentKeyword.groovy:79)&#xD;
	at com.kms.katalon.core.webui.keyword.builtin.VerifyTextPresentKeyword$_verifyTextPresent_closure1.call(VerifyTextPresentKeyword.groovy)&#xD;
	at com.kms.katalon.core.webui.keyword.internal.WebUIKeywordMain.runKeyword(WebUIKeywordMain.groovy:20)&#xD;
	at com.kms.katalon.core.webui.keyword.builtin.VerifyTextPresentKeyword.verifyTextPresent(VerifyTextPresentKeyword.groovy:83)&#xD;
	at com.kms.katalon.core.webui.keyword.builtin.VerifyTextPresentKeyword.execute(VerifyTextPresentKeyword.groovy:68)&#xD;
	at com.kms.katalon.core.keyword.internal.KeywordExecutor.executeKeywordForPlatform(KeywordExecutor.groovy:56)&#xD;
	at com.kms.katalon.core.webui.keyword.WebUiBuiltInKeywords.verifyTextPresent(WebUiBuiltInKeywords.groovy:1693)&#xD;
	at com.kms.katalon.core.webui.keyword.WebUiBuiltInKeywords$verifyTextPresent$9.call(Unknown Source)&#xD;
	at goToEnd_stm_autofill.run(goToEnd_stm_autofill:19)&#xD;
	at com.kms.katalon.core.main.ScriptEngine.run(ScriptEngine.java:194)&#xD;
	at com.kms.katalon.core.main.ScriptEngine.runScriptAsRawText(ScriptEngine.java:119)&#xD;
	at com.kms.katalon.core.main.TestCaseExecutor.runScript(TestCaseExecutor.java:337)&#xD;
	at com.kms.katalon.core.main.TestCaseExecutor.doExecute(TestCaseExecutor.java:328)&#xD;
	at com.kms.katalon.core.main.TestCaseExecutor.processExecutionPhase(TestCaseExecutor.java:307)&#xD;
	at com.kms.katalon.core.main.TestCaseExecutor.accessMainPhase(TestCaseExecutor.java:299)&#xD;
	at com.kms.katalon.core.main.TestCaseExecutor.execute(TestCaseExecutor.java:233)&#xD;
	at com.kms.katalon.core.main.TestCaseMain.runTestCase(TestCaseMain.java:114)&#xD;
	at com.kms.katalon.core.keyword.builtin.CallTestCaseKeyword$_callTestCase_closure1.doCall(CallTestCaseKeyword.groovy:59)&#xD;
	at com.kms.katalon.core.keyword.builtin.CallTestCaseKeyword$_callTestCase_closure1.call(CallTestCaseKeyword.groovy)&#xD;
	at com.kms.katalon.core.keyword.internal.KeywordMain.runKeyword(KeywordMain.groovy:68)&#xD;
	at com.kms.katalon.core.keyword.builtin.CallTestCaseKeyword.callTestCase(CallTestCaseKeyword.groovy:81)&#xD;
	at com.kms.katalon.core.keyword.builtin.CallTestCaseKeyword.execute(CallTestCaseKeyword.groovy:44)&#xD;
	at com.kms.katalon.core.keyword.internal.KeywordExecutor.executeKeywordForPlatform(KeywordExecutor.groovy:56)&#xD;
	at com.kms.katalon.core.keyword.BuiltinKeywords.callTestCase(BuiltinKeywords.groovy:334)&#xD;
	at LifeShield.run(LifeShield:31)&#xD;
	at com.kms.katalon.core.main.ScriptEngine.run(ScriptEngine.java:194)&#xD;
	at com.kms.katalon.core.main.ScriptEngine.runScriptAsRawText(ScriptEngine.java:119)&#xD;
	at com.kms.katalon.core.main.TestCaseExecutor.runScript(TestCaseExecutor.java:337)&#xD;
	at com.kms.katalon.core.main.TestCaseExecutor.doExecute(TestCaseExecutor.java:328)&#xD;
	at com.kms.katalon.core.main.TestCaseExecutor.processExecutionPhase(TestCaseExecutor.java:307)&#xD;
	at com.kms.katalon.core.main.TestCaseExecutor.accessMainPhase(TestCaseExecutor.java:299)&#xD;
	at com.kms.katalon.core.main.TestCaseExecutor.execute(TestCaseExecutor.java:233)&#xD;
	at com.kms.katalon.core.main.TestSuiteExecutor.accessTestCaseMainPhase(TestSuiteExecutor.java:133)&#xD;
	at com.kms.katalon.core.main.TestSuiteExecutor.accessTestSuiteMainPhase(TestSuiteExecutor.java:116)&#xD;
	at com.kms.katalon.core.main.TestSuiteExecutor.execute(TestSuiteExecutor.java:83)&#xD;
	at com.kms.katalon.core.main.TestCaseMain.startTestSuite(TestCaseMain.java:157)&#xD;
	at com.kms.katalon.core.main.TestCaseMain$startTestSuite$0.call(Unknown Source)&#xD;
	at TempTestSuite1564124029030.run(TempTestSuite1564124029030.groovy:35)&#xD;
)&#xD;
&#xD;
2019-07-26 15:04:00 - [MESSAGE][FAILED] - Unable to verify text 'Month Duration Acknowledgement' is present  (Root cause: com.kms.katalon.core.exception.StepFailedException: Unable to verify text 'Month Duration Acknowledgement' is present &#xD;
	at com.kms.katalon.core.webui.keyword.internal.WebUIKeywordMain.stepFailed(WebUIKeywordMain.groovy:64)&#xD;
	at com.kms.katalon.core.webui.keyword.internal.WebUIKeywordMain.runKeyword(WebUIKeywordMain.groovy:26)&#xD;
	at com.kms.katalon.core.webui.keyword.builtin.VerifyTextPresentKeyword.verifyTextPresent(VerifyTextPresentKeyword.groovy:83)&#xD;
	at com.kms.katalon.core.webui.keyword.builtin.VerifyTextPresentKeyword.execute(VerifyTextPresentKeyword.groovy:68)&#xD;
	at com.kms.katalon.core.keyword.internal.KeywordExecutor.executeKeywordForPlatform(KeywordExecutor.groovy:56)&#xD;
	at com.kms.katalon.core.webui.keyword.WebUiBuiltInKeywords.verifyTextPresent(WebUiBuiltInKeywords.groovy:1693)&#xD;
	at com.kms.katalon.core.webui.keyword.WebUiBuiltInKeywords$verifyTextPresent$9.call(Unknown Source)&#xD;
	at goToEnd_stm_autofill.run(goToEnd_stm_autofill:19)&#xD;
	at com.kms.katalon.core.main.ScriptEngine.run(ScriptEngine.java:194)&#xD;
	at com.kms.katalon.core.main.ScriptEngine.runScriptAsRawText(ScriptEngine.java:119)&#xD;
	at com.kms.katalon.core.main.TestCaseExecutor.runScript(TestCaseExecutor.java:337)&#xD;
	at com.kms.katalon.core.main.TestCaseExecutor.doExecute(TestCaseExecutor.java:328)&#xD;
	at com.kms.katalon.core.main.TestCaseExecutor.processExecutionPhase(TestCaseExecutor.java:307)&#xD;
	at com.kms.katalon.core.main.TestCaseExecutor.accessMainPhase(TestCaseExecutor.java:299)&#xD;
	at com.kms.katalon.core.main.TestCaseExecutor.execute(TestCaseExecutor.java:233)&#xD;
	at com.kms.katalon.core.main.TestCaseMain.runTestCase(TestCaseMain.java:114)&#xD;
	at com.kms.katalon.core.keyword.builtin.CallTestCaseKeyword$_callTestCase_closure1.doCall(CallTestCaseKeyword.groovy:59)&#xD;
	at com.kms.katalon.core.keyword.builtin.CallTestCaseKeyword$_callTestCase_closure1.call(CallTestCaseKeyword.groovy)&#xD;
	at com.kms.katalon.core.keyword.internal.KeywordMain.runKeyword(KeywordMain.groovy:68)&#xD;
	at com.kms.katalon.core.keyword.builtin.CallTestCaseKeyword.callTestCase(CallTestCaseKeyword.groovy:81)&#xD;
	at com.kms.katalon.core.keyword.builtin.CallTestCaseKeyword.execute(CallTestCaseKeyword.groovy:44)&#xD;
	at com.kms.katalon.core.keyword.internal.KeywordExecutor.executeKeywordForPlatform(KeywordExecutor.groovy:56)&#xD;
	at com.kms.katalon.core.keyword.BuiltinKeywords.callTestCase(BuiltinKeywords.groovy:334)&#xD;
	at LifeShield.run(LifeShield:31)&#xD;
	at com.kms.katalon.core.main.ScriptEngine.run(ScriptEngine.java:194)&#xD;
	at com.kms.katalon.core.main.ScriptEngine.runScriptAsRawText(ScriptEngine.java:119)&#xD;
	at com.kms.katalon.core.main.TestCaseExecutor.runScript(TestCaseExecutor.java:337)&#xD;
	at com.kms.katalon.core.main.TestCaseExecutor.doExecute(TestCaseExecutor.java:328)&#xD;
	at com.kms.katalon.core.main.TestCaseExecutor.processExecutionPhase(TestCaseExecutor.java:307)&#xD;
	at com.kms.katalon.core.main.TestCaseExecutor.accessMainPhase(TestCaseExecutor.java:299)&#xD;
	at com.kms.katalon.core.main.TestCaseExecutor.execute(TestCaseExecutor.java:233)&#xD;
	at com.kms.katalon.core.main.TestSuiteExecutor.accessTestCaseMainPhase(TestSuiteExecutor.java:133)&#xD;
	at com.kms.katalon.core.main.TestSuiteExecutor.accessTestSuiteMainPhase(TestSuiteExecutor.java:116)&#xD;
	at com.kms.katalon.core.main.TestSuiteExecutor.execute(TestSuiteExecutor.java:83)&#xD;
	at com.kms.katalon.core.main.TestCaseMain.startTestSuite(TestCaseMain.java:157)&#xD;
	at com.kms.katalon.core.main.TestCaseMain$startTestSuite$0.call(Unknown Source)&#xD;
	at TempTestSuite1564124029030.run(TempTestSuite1564124029030.groovy:35)&#xD;
Caused by: com.kms.katalon.core.exception.StepFailedException: Text 'Month Duration Acknowledgement' is not present on page &#xD;
	at com.kms.katalon.core.webui.keyword.internal.WebUIKeywordMain.stepFailed(WebUIKeywordMain.groovy:64)&#xD;
	at com.kms.katalon.core.webui.keyword.builtin.VerifyTextPresentKeyword$_verifyTextPresent_closure1.doCall(VerifyTextPresentKeyword.groovy:79)&#xD;
	at com.kms.katalon.core.webui.keyword.builtin.VerifyTextPresentKeyword$_verifyTextPresent_closure1.call(VerifyTextPresentKeyword.groovy)&#xD;
	at com.kms.katalon.core.webui.keyword.internal.WebUIKeywordMain.runKeyword(WebUIKeywordMain.groovy:20)&#xD;
	... 35 more&#xD;
)&#xD;
[[ATTACHMENT|D:\\Test\\AgileTest\\AgileTest\\Reports\\mobileWeb\\stm\\20190726_145349\\1564124639622.png]]&#xD;
&#xD;
2019-07-26 15:04:00 - [TEST_STEP][PASSED] - catch (Exception e): null&#xD;
&#xD;
2019-07-26 15:04:00 - [TEST_STEP][PASSED] - println("no consecutive"): null&#xD;
&#xD;
2019-07-26 15:04:00 - [TEST_STEP][PASSED] - waitForPageLoad(10): Wait for page load successfully&#xD;
&#xD;
2019-07-26 15:04:00 - [MESSAGE][PASSED] - Wait for page load successfully&#xD;
&#xD;
2019-07-26 15:04:00 - [TEST_STEP][PASSED] - Thread.sleep(3000): null&#xD;
&#xD;
2019-07-26 15:04:03 - [TEST_STEP][PASSED] - waitForElementVisible(findTestObject("mobileSanity/STM/Page_App Page 1/a_Autofill App Info"), 20): Object 'Object Repository/mobileSanity/STM/Page_App Page 1/a_Autofill App Info' is visible&#xD;
&#xD;
2019-07-26 15:04:03 - [MESSAGE][PASSED] - Object 'Object Repository/mobileSanity/STM/Page_App Page 1/a_Autofill App Info' is visible&#xD;
&#xD;
2019-07-26 15:04:03 - [TEST_STEP][PASSED] - click(findTestObject("mobileSanity/STM/Page_App Page 1/a_Autofill App Info")): Object: 'Object Repository/mobileSanity/STM/Page_App Page 1/a_Autofill App Info' is clicked on&#xD;
&#xD;
2019-07-26 15:04:03 - [MESSAGE][PASSED] - Object: 'Object Repository/mobileSanity/STM/Page_App Page 1/a_Autofill App Info' is clicked on&#xD;
&#xD;
2019-07-26 15:04:03 - [TEST_STEP][PASSED] - Thread.sleep(1000): null&#xD;
&#xD;
2019-07-26 15:04:04 - [TEST_STEP][PASSED] - click(findTestObject("mobileSanity/STM/Page_App Page 1/a_Autofill App Info")): Object: 'Object Repository/mobileSanity/STM/Page_App Page 1/a_Autofill App Info' is clicked on&#xD;
&#xD;
2019-07-26 15:04:05 - [MESSAGE][PASSED] - Object: 'Object Repository/mobileSanity/STM/Page_App Page 1/a_Autofill App Info' is clicked on&#xD;
&#xD;
2019-07-26 15:04:05 - [TEST_STEP][PASSED] - Thread.sleep(1000): null&#xD;
&#xD;
2019-07-26 15:04:06 - [TEST_STEP][PASSED] - waitForElementVisible(findTestObject("mobileSanity/STM/Page_App Page 1/a_Continue"), 20): Object 'Object Repository/mobileSanity/STM/Page_App Page 1/a_Continue' is visible&#xD;
&#xD;
2019-07-26 15:04:06 - [MESSAGE][PASSED] - Object 'Object Repository/mobileSanity/STM/Page_App Page 1/a_Continue' is visible&#xD;
&#xD;
2019-07-26 15:04:06 - [TEST_STEP][PASSED] - click(findTestObject("mobileSanity/STM/Page_App Page 1/a_Continue")): Object: 'Object Repository/mobileSanity/STM/Page_App Page 1/a_Continue' is clicked on&#xD;
&#xD;
2019-07-26 15:04:06 - [MESSAGE][PASSED] - Object: 'Object Repository/mobileSanity/STM/Page_App Page 1/a_Continue' is clicked on&#xD;
&#xD;
2019-07-26 15:04:06 - [TEST_STEP][PASSED] - waitForPageLoad(10): Wait for page load successfully&#xD;
&#xD;
2019-07-26 15:04:06 - [MESSAGE][PASSED] - Wait for page load successfully&#xD;
&#xD;
2019-07-26 15:04:06 - [TEST_STEP][PASSED] - Thread.sleep(2000): null&#xD;
&#xD;
2019-07-26 15:04:08 - [TEST_STEP][PASSED] - callTestCase(findTestCase("mobileWeb/_include/get_screenshot"), [:], STOP_ON_FAILURE): Call Test Case 'Test Cases/mobileWeb/_include/get_screenshot' successfully&#xD;
&#xD;
2019-07-26 15:04:08 - [TEST_CASE][PASSED] - Test Cases/mobileWeb/_include/get_screenshot: Test Cases/mobileWeb/_include/get_screenshot&#xD;
&#xD;
2019-07-26 15:04:08 - [TEST_STEP][PASSED] - takeScreenshot(screenPath + i + ".png"): Taking screenshot successfully&#xD;
&#xD;
2019-07-26 15:04:09 - [MESSAGE][PASSED] - Taking screenshot successfully&#xD;
[[ATTACHMENT|D:\\Test\\AgileTest\\AgileTest\\Reports\\mobileWeb\\stm\\20190726_145349\\../Screenshots/iPhone X/stm/LifeShield/20190726_150306/7.png]]&#xD;
&#xD;
2019-07-26 15:04:09 - [TEST_STEP][PASSED] - (internal.GlobalVariable.i++): null&#xD;
&#xD;
2019-07-26 15:04:09 - [MESSAGE][PASSED] - Call Test Case 'Test Cases/mobileWeb/_include/get_screenshot' successfully&#xD;
&#xD;
2019-07-26 15:04:09 - [TEST_STEP][PASSED] - click(findTestObject("mobileSanity/STM/Page_App Page 2/a_Continue to Step 3 - Payment")): Object: 'Object Repository/mobileSanity/STM/Page_App Page 2/a_Continue to Step 3 - Payment' is clicked on&#xD;
&#xD;
2019-07-26 15:04:09 - [MESSAGE][PASSED] - Object: 'Object Repository/mobileSanity/STM/Page_App Page 2/a_Continue to Step 3 - Payment' is clicked on&#xD;
&#xD;
2019-07-26 15:04:09 - [TEST_STEP][PASSED] - waitForPageLoad(10): Wait for page load successfully&#xD;
&#xD;
2019-07-26 15:04:09 - [MESSAGE][PASSED] - Wait for page load successfully&#xD;
&#xD;
2019-07-26 15:04:09 - [TEST_STEP][PASSED] - Thread.sleep(2000): null&#xD;
&#xD;
2019-07-26 15:04:11 - [TEST_STEP][PASSED] - callTestCase(findTestCase("mobileWeb/_include/get_screenshot"), [:], STOP_ON_FAILURE): Call Test Case 'Test Cases/mobileWeb/_include/get_screenshot' successfully&#xD;
&#xD;
2019-07-26 15:04:11 - [TEST_CASE][PASSED] - Test Cases/mobileWeb/_include/get_screenshot: Test Cases/mobileWeb/_include/get_screenshot&#xD;
&#xD;
2019-07-26 15:04:11 - [TEST_STEP][PASSED] - takeScreenshot(screenPath + i + ".png"): Taking screenshot successfully&#xD;
&#xD;
2019-07-26 15:04:11 - [MESSAGE][PASSED] - Taking screenshot successfully&#xD;
[[ATTACHMENT|D:\\Test\\AgileTest\\AgileTest\\Reports\\mobileWeb\\stm\\20190726_145349\\../Screenshots/iPhone X/stm/LifeShield/20190726_150306/8.png]]&#xD;
&#xD;
2019-07-26 15:04:12 - [TEST_STEP][PASSED] - (internal.GlobalVariable.i++): null&#xD;
&#xD;
2019-07-26 15:04:12 - [MESSAGE][PASSED] - Call Test Case 'Test Cases/mobileWeb/_include/get_screenshot' successfully&#xD;
&#xD;
2019-07-26 15:04:12 - [TEST_STEP][PASSED] - clearText(findTestObject("mobileSanity/STM/Page_App Page 3/input__credit-card-cvv")): Text of object 'Object Repository/mobileSanity/STM/Page_App Page 3/input__credit-card-cvv' is cleared&#xD;
&#xD;
2019-07-26 15:04:12 - [MESSAGE][PASSED] - Text of object 'Object Repository/mobileSanity/STM/Page_App Page 3/input__credit-card-cvv' is cleared&#xD;
&#xD;
2019-07-26 15:04:12 - [TEST_STEP][PASSED] - setText(findTestObject("mobileSanity/STM/Page_App Page 3/input__credit-card-cvv"), "123"): Text '123' is set on object 'Object Repository/mobileSanity/STM/Page_App Page 3/input__credit-card-cvv'&#xD;
&#xD;
2019-07-26 15:04:12 - [MESSAGE][PASSED] - Text '123' is set on object 'Object Repository/mobileSanity/STM/Page_App Page 3/input__credit-card-cvv'&#xD;
&#xD;
2019-07-26 15:04:12 - [TEST_STEP][PASSED] - click(findTestObject("mobileSanity/STM/Page_App Page 3/label_I Accept Authorization f")): Object: 'Object Repository/mobileSanity/STM/Page_App Page 3/label_I Accept Authorization f' is clicked on&#xD;
&#xD;
2019-07-26 15:04:12 - [MESSAGE][PASSED] - Object: 'Object Repository/mobileSanity/STM/Page_App Page 3/label_I Accept Authorization f' is clicked on&#xD;
&#xD;
2019-07-26 15:04:12 - [TEST_STEP][PASSED] - click(findTestObject("mobileSanity/STM/Page_App Page 3/a_Continue to Step 4 - Review")): Object: 'Object Repository/mobileSanity/STM/Page_App Page 3/a_Continue to Step 4 - Review' is clicked on&#xD;
&#xD;
2019-07-26 15:04:12 - [MESSAGE][PASSED] - Object: 'Object Repository/mobileSanity/STM/Page_App Page 3/a_Continue to Step 4 - Review' is clicked on&#xD;
&#xD;
2019-07-26 15:04:12 - [TEST_STEP][PASSED] - waitForPageLoad(10): Wait for page load successfully&#xD;
&#xD;
2019-07-26 15:04:12 - [MESSAGE][PASSED] - Wait for page load successfully&#xD;
&#xD;
2019-07-26 15:04:12 - [TEST_STEP][PASSED] - waitForElementClickable(findTestObject("mobileSanity/STM/Page_App Page 4/label"), 10): Object 'Object Repository/mobileSanity/STM/Page_App Page 4/label' is clickable&#xD;
&#xD;
2019-07-26 15:04:14 - [MESSAGE][PASSED] - Object 'Object Repository/mobileSanity/STM/Page_App Page 4/label' is clickable&#xD;
&#xD;
2019-07-26 15:04:14 - [TEST_STEP][PASSED] - Thread.sleep(2000): null&#xD;
&#xD;
2019-07-26 15:04:16 - [TEST_STEP][PASSED] - callTestCase(findTestCase("mobileWeb/_include/get_screenshot"), [:], STOP_ON_FAILURE): Call Test Case 'Test Cases/mobileWeb/_include/get_screenshot' successfully&#xD;
&#xD;
2019-07-26 15:04:16 - [TEST_CASE][PASSED] - Test Cases/mobileWeb/_include/get_screenshot: Test Cases/mobileWeb/_include/get_screenshot&#xD;
&#xD;
2019-07-26 15:04:16 - [TEST_STEP][PASSED] - takeScreenshot(screenPath + i + ".png"): Taking screenshot successfully&#xD;
&#xD;
2019-07-26 15:04:17 - [MESSAGE][PASSED] - Taking screenshot successfully&#xD;
[[ATTACHMENT|D:\\Test\\AgileTest\\AgileTest\\Reports\\mobileWeb\\stm\\20190726_145349\\../Screenshots/iPhone X/stm/LifeShield/20190726_150306/9.png]]&#xD;
&#xD;
2019-07-26 15:04:17 - [TEST_STEP][PASSED] - (internal.GlobalVariable.i++): null&#xD;
&#xD;
2019-07-26 15:04:17 - [MESSAGE][PASSED] - Call Test Case 'Test Cases/mobileWeb/_include/get_screenshot' successfully&#xD;
&#xD;
2019-07-26 15:04:17 - [TEST_STEP][PASSED] - click(findTestObject("mobileSanity/STM/Page_App Page 4/label")): Object: 'Object Repository/mobileSanity/STM/Page_App Page 4/label' is clicked on&#xD;
&#xD;
2019-07-26 15:04:17 - [MESSAGE][PASSED] - Object: 'Object Repository/mobileSanity/STM/Page_App Page 4/label' is clicked on&#xD;
&#xD;
2019-07-26 15:04:17 - [TEST_STEP][PASSED] - click(findTestObject("mobileSanity/STM/Page_App Page 4/div_CLICK TO SIGN")): Object: 'Object Repository/mobileSanity/STM/Page_App Page 4/div_CLICK TO SIGN' is clicked on&#xD;
&#xD;
2019-07-26 15:04:18 - [MESSAGE][PASSED] - Object: 'Object Repository/mobileSanity/STM/Page_App Page 4/div_CLICK TO SIGN' is clicked on&#xD;
&#xD;
2019-07-26 15:04:18 - [TEST_STEP][PASSED] - click(findTestObject("mobileSanity/STM/Page_App Page 4/a_Submit Your Application")): Object: 'Object Repository/mobileSanity/STM/Page_App Page 4/a_Submit Your Application' is clicked on&#xD;
&#xD;
2019-07-26 15:04:18 - [MESSAGE][PASSED] - Object: 'Object Repository/mobileSanity/STM/Page_App Page 4/a_Submit Your Application' is clicked on&#xD;
&#xD;
2019-07-26 15:04:18 - [TEST_STEP][PASSED] - Thread.sleep(30000): null&#xD;
&#xD;
2019-07-26 15:04:48 - [TEST_STEP][PASSED] - callTestCase(findTestCase("mobileWeb/_include/get_screenshot"), [:], STOP_ON_FAILURE): Call Test Case 'Test Cases/mobileWeb/_include/get_screenshot' successfully&#xD;
&#xD;
2019-07-26 15:04:48 - [TEST_CASE][PASSED] - Test Cases/mobileWeb/_include/get_screenshot: Test Cases/mobileWeb/_include/get_screenshot&#xD;
&#xD;
2019-07-26 15:04:48 - [TEST_STEP][PASSED] - takeScreenshot(screenPath + i + ".png"): Taking screenshot successfully&#xD;
&#xD;
2019-07-26 15:04:49 - [MESSAGE][PASSED] - Taking screenshot successfully&#xD;
[[ATTACHMENT|D:\\Test\\AgileTest\\AgileTest\\Reports\\mobileWeb\\stm\\20190726_145349\\../Screenshots/iPhone X/stm/LifeShield/20190726_150306/10.png]]&#xD;
&#xD;
2019-07-26 15:04:49 - [TEST_STEP][PASSED] - (internal.GlobalVariable.i++): null&#xD;
&#xD;
2019-07-26 15:04:49 - [MESSAGE][PASSED] - Call Test Case 'Test Cases/mobileWeb/_include/get_screenshot' successfully&#xD;
&#xD;
2019-07-26 15:04:49 - [TEST_STEP][PASSED] - waitForElementPresent(findTestObject("mobileSanity/STM/Page_App Page 6/span_planName"), 30): Object 'Object Repository/mobileSanity/STM/Page_App Page 6/span_planName' is present&#xD;
&#xD;
2019-07-26 15:04:49 - [MESSAGE][PASSED] - Object 'Object Repository/mobileSanity/STM/Page_App Page 6/span_planName' is present&#xD;
&#xD;
2019-07-26 15:04:49 - [TEST_STEP][PASSED] - verifyElementPresent(findTestObject("mobileSanity/STM/Page_App Page 6/span_planName"), 20): Object 'Object Repository/mobileSanity/STM/Page_App Page 6/span_planName' is present&#xD;
&#xD;
2019-07-26 15:04:49 - [MESSAGE][PASSED] - Object 'Object Repository/mobileSanity/STM/Page_App Page 6/span_planName' is present&#xD;
&#xD;
2019-07-26 15:04:49 - [TEST_STEP][PASSED] - verifyElementPresent(findTestObject("mobileSanity/STM/Page_App Page 6/span_approved"), 20): Object 'Object Repository/mobileSanity/STM/Page_App Page 6/span_approved' is present&#xD;
&#xD;
2019-07-26 15:04:49 - [MESSAGE][PASSED] - Object 'Object Repository/mobileSanity/STM/Page_App Page 6/span_approved' is present&#xD;
&#xD;
2019-07-26 15:04:49 - [MESSAGE][PASSED] - Call Test Case 'Test Cases/mobileWeb/_include/goToEnd_stm_autofill' successfully</system-out>
            <system-err></system-err>
        </testcase>
        <testcase name="Test Cases/mobileWeb/stm/NationalGeneral" classname="Test Cases/mobileWeb/stm/NationalGeneral" status="FAILED">
            <failure type="FAILED" message="Test Cases/mobileWeb/stm/NationalGeneral FAILED.&#xA;Reason:&#xA;com.kms.katalon.core.exception.StepFailedException: Call Test Case 'Test Cases/mobileWeb/_include/goToEnd_stm_autofill' failed&#xD;&#xA;&#x9;at com.kms.katalon.core.keyword.builtin.CallTestCaseKeyword$_callTestCase_closure1.doCall(CallTestCaseKeyword.groovy:63)&#xD;&#xA;&#x9;at com.kms.katalon.core.keyword.builtin.CallTestCaseKeyword$_callTestCase_closure1.call(CallTestCaseKeyword.groovy)&#xD;&#xA;&#x9;at com.kms.katalon.core.keyword.internal.KeywordMain.runKeyword(KeywordMain.groovy:68)&#xD;&#xA;&#x9;at com.kms.katalon.core.keyword.builtin.CallTestCaseKeyword.callTestCase(CallTestCaseKeyword.groovy:81)&#xD;&#xA;&#x9;at com.kms.katalon.core.keyword.builtin.CallTestCaseKeyword.execute(CallTestCaseKeyword.groovy:44)&#xD;&#xA;&#x9;at com.kms.katalon.core.keyword.internal.KeywordExecutor.executeKeywordForPlatform(KeywordExecutor.groovy:56)&#xD;&#xA;&#x9;at com.kms.katalon.core.keyword.BuiltinKeywords.callTestCase(BuiltinKeywords.groovy:334)&#xD;&#xA;&#x9;at NationalGeneral.run(NationalGeneral:31)&#xD;&#xA;&#x9;at com.kms.katalon.core.main.ScriptEngine.run(ScriptEngine.java:194)&#xD;&#xA;&#x9;at com.kms.katalon.core.main.ScriptEngine.runScriptAsRawText(ScriptEngine.java:119)&#xD;&#xA;&#x9;at com.kms.katalon.core.main.TestCaseExecutor.runScript(TestCaseExecutor.java:337)&#xD;&#xA;&#x9;at com.kms.katalon.core.main.TestCaseExecutor.doExecute(TestCaseExecutor.java:328)&#xD;&#xA;&#x9;at com.kms.katalon.core.main.TestCaseExecutor.processExecutionPhase(TestCaseExecutor.java:307)&#xD;&#xA;&#x9;at com.kms.katalon.core.main.TestCaseExecutor.accessMainPhase(TestCaseExecutor.java:299)&#xD;&#xA;&#x9;at com.kms.katalon.core.main.TestCaseExecutor.execute(TestCaseExecutor.java:233)&#xD;&#xA;&#x9;at com.kms.katalon.core.main.TestSuiteExecutor.accessTestCaseMainPhase(TestSuiteExecutor.java:133)&#xD;&#xA;&#x9;at com.kms.katalon.core.main.TestSuiteExecutor.accessTestSuiteMainPhase(TestSuiteExecutor.java:116)&#xD;&#xA;&#x9;at com.kms.katalon.core.main.TestSuiteExecutor.execute(TestSuiteExecutor.java:83)&#xD;&#xA;&#x9;at com.kms.katalon.core.main.TestCaseMain.startTestSuite(TestCaseMain.java:157)&#xD;&#xA;&#x9;at com.kms.katalon.core.main.TestCaseMain$startTestSuite$0.call(Unknown Source)&#xD;&#xA;&#x9;at TempTestSuite1564124029030.run(TempTestSuite1564124029030.groovy:35)&#xD;&#xA;Caused by: com.kms.katalon.core.exception.StepFailedException: Unable to verify object 'Object Repository/mobileSanity/STM/Page_App Page 6/span_planName' is present&#xD;&#xA;&#x9;at com.kms.katalon.core.webui.keyword.internal.WebUIKeywordMain.stepFailed(WebUIKeywordMain.groovy:64)&#xD;&#xA;&#x9;at com.kms.katalon.core.webui.keyword.internal.WebUIKeywordMain.runKeyword(WebUIKeywordMain.groovy:26)&#xD;&#xA;&#x9;at com.kms.katalon.core.webui.keyword.builtin.VerifyElementPresentKeyword.verifyElementPresent(VerifyElementPresentKeyword.groovy:92)&#xD;&#xA;&#x9;at com.kms.katalon.core.webui.keyword.builtin.VerifyElementPresentKeyword.execute(VerifyElementPresentKeyword.groovy:68)&#xD;&#xA;&#x9;at com.kms.katalon.core.keyword.internal.KeywordExecutor.executeKeywordForPlatform(KeywordExecutor.groovy:56)&#xD;&#xA;&#x9;at com.kms.katalon.core.webui.keyword.WebUiBuiltInKeywords.verifyElementPresent(WebUiBuiltInKeywords.groovy:1434)&#xD;&#xA;&#x9;at com.kms.katalon.core.webui.keyword.WebUiBuiltInKeywords$verifyElementPresent$12.call(Unknown Source)&#xD;&#xA;&#x9;at goToEnd_stm_autofill.run(goToEnd_stm_autofill:96)&#xD;&#xA;&#x9;at com.kms.katalon.core.main.ScriptEngine.run(ScriptEngine.java:194)&#xD;&#xA;&#x9;at com.kms.katalon.core.main.ScriptEngine.runScriptAsRawText(ScriptEngine.java:119)&#xD;&#xA;&#x9;at com.kms.katalon.core.main.TestCaseExecutor.runScript(TestCaseExecutor.java:337)&#xD;&#xA;&#x9;at com.kms.katalon.core.main.TestCaseExecutor.doExecute(TestCaseExecutor.java:328)&#xD;&#xA;&#x9;at com.kms.katalon.core.main.TestCaseExecutor.processExecutionPhase(TestCaseExecutor.java:307)&#xD;&#xA;&#x9;at com.kms.katalon.core.main.TestCaseExecutor.accessMainPhase(TestCaseExecutor.java:299)&#xD;&#xA;&#x9;at com.kms.katalon.core.main.TestCaseExecutor.execute(TestCaseExecutor.java:233)&#xD;&#xA;&#x9;at com.kms.katalon.core.main.TestCaseMain.runTestCase(TestCaseMain.java:114)&#xD;&#xA;&#x9;at com.kms.katalon.core.keyword.builtin.CallTestCaseKeyword$_callTestCase_closure1.doCall(CallTestCaseKeyword.groovy:59)&#xD;&#xA;&#x9;... 20 more&#xD;&#xA;Caused by: com.kms.katalon.core.exception.StepFailedException: com.kms.katalon.core.webui.exception.WebElementNotFoundException: Web element with id: 'Object Repository/mobileSanity/STM/Page_App Page 6/span_planName' located by 'By.xpath: id(&quot;js-app-confirmation&quot;)/div[@class=&quot;app-confirmation-main&quot;]/div[@class=&quot;app-confirmation-container&quot;]/p[@class=&quot;reset&quot;]/span[@class=&quot;emphasize&quot;]' not found&#xD;&#xA;&#x9;at com.kms.katalon.core.webui.keyword.internal.WebUIKeywordMain.stepFailed(WebUIKeywordMain.groovy:64)&#xD;&#xA;&#x9;at com.kms.katalon.core.webui.keyword.builtin.VerifyElementPresentKeyword$_verifyElementPresent_closure1.doCall(VerifyElementPresentKeyword.groovy:85)&#xD;&#xA;&#x9;at com.kms.katalon.core.webui.keyword.builtin.VerifyElementPresentKeyword$_verifyElementPresent_closure1.call(VerifyElementPresentKeyword.groovy)&#xD;&#xA;&#x9;at com.kms.katalon.core.webui.keyword.internal.WebUIKeywordMain.runKeyword(WebUIKeywordMain.groovy:20)&#xD;&#xA;&#x9;... 35 more&#xD;&#xA;"/>
            <system-out>2019-07-26 15:04:49 - [TEST_CASE][FAILED] - Test Cases/mobileWeb/stm/NationalGeneral: Test Cases/mobileWeb/stm/NationalGeneral FAILED.
Reason:
com.kms.katalon.core.exception.StepFailedException: Call Test Case 'Test Cases/mobileWeb/_include/goToEnd_stm_autofill' failed&#xD;
	at com.kms.katalon.core.keyword.builtin.CallTestCaseKeyword$_callTestCase_closure1.doCall(CallTestCaseKeyword.groovy:63)&#xD;
	at com.kms.katalon.core.keyword.builtin.CallTestCaseKeyword$_callTestCase_closure1.call(CallTestCaseKeyword.groovy)&#xD;
	at com.kms.katalon.core.keyword.internal.KeywordMain.runKeyword(KeywordMain.groovy:68)&#xD;
	at com.kms.katalon.core.keyword.builtin.CallTestCaseKeyword.callTestCase(CallTestCaseKeyword.groovy:81)&#xD;
	at com.kms.katalon.core.keyword.builtin.CallTestCaseKeyword.execute(CallTestCaseKeyword.groovy:44)&#xD;
	at com.kms.katalon.core.keyword.internal.KeywordExecutor.executeKeywordForPlatform(KeywordExecutor.groovy:56)&#xD;
	at com.kms.katalon.core.keyword.BuiltinKeywords.callTestCase(BuiltinKeywords.groovy:334)&#xD;
	at NationalGeneral.run(NationalGeneral:31)&#xD;
	at com.kms.katalon.core.main.ScriptEngine.run(ScriptEngine.java:194)&#xD;
	at com.kms.katalon.core.main.ScriptEngine.runScriptAsRawText(ScriptEngine.java:119)&#xD;
	at com.kms.katalon.core.main.TestCaseExecutor.runScript(TestCaseExecutor.java:337)&#xD;
	at com.kms.katalon.core.main.TestCaseExecutor.doExecute(TestCaseExecutor.java:328)&#xD;
	at com.kms.katalon.core.main.TestCaseExecutor.processExecutionPhase(TestCaseExecutor.java:307)&#xD;
	at com.kms.katalon.core.main.TestCaseExecutor.accessMainPhase(TestCaseExecutor.java:299)&#xD;
	at com.kms.katalon.core.main.TestCaseExecutor.execute(TestCaseExecutor.java:233)&#xD;
	at com.kms.katalon.core.main.TestSuiteExecutor.accessTestCaseMainPhase(TestSuiteExecutor.java:133)&#xD;
	at com.kms.katalon.core.main.TestSuiteExecutor.accessTestSuiteMainPhase(TestSuiteExecutor.java:116)&#xD;
	at com.kms.katalon.core.main.TestSuiteExecutor.execute(TestSuiteExecutor.java:83)&#xD;
	at com.kms.katalon.core.main.TestCaseMain.startTestSuite(TestCaseMain.java:157)&#xD;
	at com.kms.katalon.core.main.TestCaseMain$startTestSuite$0.call(Unknown Source)&#xD;
	at TempTestSuite1564124029030.run(TempTestSuite1564124029030.groovy:35)&#xD;
Caused by: com.kms.katalon.core.exception.StepFailedException: Unable to verify object 'Object Repository/mobileSanity/STM/Page_App Page 6/span_planName' is present&#xD;
	at com.kms.katalon.core.webui.keyword.internal.WebUIKeywordMain.stepFailed(WebUIKeywordMain.groovy:64)&#xD;
	at com.kms.katalon.core.webui.keyword.internal.WebUIKeywordMain.runKeyword(WebUIKeywordMain.groovy:26)&#xD;
	at com.kms.katalon.core.webui.keyword.builtin.VerifyElementPresentKeyword.verifyElementPresent(VerifyElementPresentKeyword.groovy:92)&#xD;
	at com.kms.katalon.core.webui.keyword.builtin.VerifyElementPresentKeyword.execute(VerifyElementPresentKeyword.groovy:68)&#xD;
	at com.kms.katalon.core.keyword.internal.KeywordExecutor.executeKeywordForPlatform(KeywordExecutor.groovy:56)&#xD;
	at com.kms.katalon.core.webui.keyword.WebUiBuiltInKeywords.verifyElementPresent(WebUiBuiltInKeywords.groovy:1434)&#xD;
	at com.kms.katalon.core.webui.keyword.WebUiBuiltInKeywords$verifyElementPresent$12.call(Unknown Source)&#xD;
	at goToEnd_stm_autofill.run(goToEnd_stm_autofill:96)&#xD;
	at com.kms.katalon.core.main.ScriptEngine.run(ScriptEngine.java:194)&#xD;
	at com.kms.katalon.core.main.ScriptEngine.runScriptAsRawText(ScriptEngine.java:119)&#xD;
	at com.kms.katalon.core.main.TestCaseExecutor.runScript(TestCaseExecutor.java:337)&#xD;
	at com.kms.katalon.core.main.TestCaseExecutor.doExecute(TestCaseExecutor.java:328)&#xD;
	at com.kms.katalon.core.main.TestCaseExecutor.processExecutionPhase(TestCaseExecutor.java:307)&#xD;
	at com.kms.katalon.core.main.TestCaseExecutor.accessMainPhase(TestCaseExecutor.java:299)&#xD;
	at com.kms.katalon.core.main.TestCaseExecutor.execute(TestCaseExecutor.java:233)&#xD;
	at com.kms.katalon.core.main.TestCaseMain.runTestCase(TestCaseMain.java:114)&#xD;
	at com.kms.katalon.core.keyword.builtin.CallTestCaseKeyword$_callTestCase_closure1.doCall(CallTestCaseKeyword.groovy:59)&#xD;
	... 20 more&#xD;
Caused by: com.kms.katalon.core.exception.StepFailedException: com.kms.katalon.core.webui.exception.WebElementNotFoundException: Web element with id: 'Object Repository/mobileSanity/STM/Page_App Page 6/span_planName' located by 'By.xpath: id("js-app-confirmation")/div[@class="app-confirmation-main"]/div[@class="app-confirmation-container"]/p[@class="reset"]/span[@class="emphasize"]' not found&#xD;
	at com.kms.katalon.core.webui.keyword.internal.WebUIKeywordMain.stepFailed(WebUIKeywordMain.groovy:64)&#xD;
	at com.kms.katalon.core.webui.keyword.builtin.VerifyElementPresentKeyword$_verifyElementPresent_closure1.doCall(VerifyElementPresentKeyword.groovy:85)&#xD;
	at com.kms.katalon.core.webui.keyword.builtin.VerifyElementPresentKeyword$_verifyElementPresent_closure1.call(VerifyElementPresentKeyword.groovy)&#xD;
	at com.kms.katalon.core.webui.keyword.internal.WebUIKeywordMain.runKeyword(WebUIKeywordMain.groovy:20)&#xD;
	... 35 more&#xD;
&#xD;
&#xD;
2019-07-26 15:04:49 - [TEST_STEP][PASSED] - callTestCase(findTestCase("mobileWeb/_include/get_screenPath"), ["productLine":"stm", "carrierName":"National General"], CONTINUE_ON_FAILURE): Call Test Case 'Test Cases/mobileWeb/_include/get_screenPath' successfully&#xD;
&#xD;
2019-07-26 15:04:49 - [TEST_CASE][PASSED] - Test Cases/mobileWeb/_include/get_screenPath: Test Cases/mobileWeb/_include/get_screenPath&#xD;
&#xD;
2019-07-26 15:04:49 - [TEST_STEP][PASSED] - m = getExecutionProperties(): null&#xD;
&#xD;
2019-07-26 15:04:49 - [TEST_STEP][PASSED] - deviceName = get("mobileEmulation").get("deviceName"): null&#xD;
&#xD;
2019-07-26 15:04:49 - [TEST_STEP][PASSED] - println(deviceName): null&#xD;
&#xD;
2019-07-26 15:04:49 - [TEST_STEP][PASSED] - now = new java.util.Date(): null&#xD;
&#xD;
2019-07-26 15:04:49 - [TEST_STEP][PASSED] - mydate = now.format("yyyyMMdd_HHmmss"): null&#xD;
&#xD;
2019-07-26 15:04:49 - [TEST_STEP][PASSED] - screenPath = "../Screenshots/": null&#xD;
&#xD;
2019-07-26 15:04:49 - [TEST_STEP][PASSED] - screenPath = screenPath + deviceName + "/" + productLine + "/" + carrierName + "/" + mydate + "/": null&#xD;
&#xD;
2019-07-26 15:04:49 - [TEST_STEP][PASSED] - println(screenPath): null&#xD;
&#xD;
2019-07-26 15:04:49 - [MESSAGE][PASSED] - Call Test Case 'Test Cases/mobileWeb/_include/get_screenPath' successfully&#xD;
&#xD;
2019-07-26 15:04:49 - [TEST_STEP][PASSED] - i = 0: null&#xD;
&#xD;
2019-07-26 15:04:49 - [TEST_STEP][PASSED] - callTestCase(findTestCase("mobileWeb/_include/openWebSite"), [:], CONTINUE_ON_FAILURE): Call Test Case 'Test Cases/mobileWeb/_include/openWebSite' successfully&#xD;
&#xD;
2019-07-26 15:04:49 - [TEST_CASE][PASSED] - Test Cases/mobileWeb/_include/openWebSite: Test Cases/mobileWeb/_include/openWebSite&#xD;
&#xD;
2019-07-26 15:04:49 - [TEST_STEP][PASSED] - openBrowser(ENV): Browser is opened with url: 'https://praetemptatus.agilehealthinsurance.com'&#xD;
&#xD;
2019-07-26 15:04:49 - [MESSAGE][WARNING] - A browser is already opened. Closing browser and opening a new one&#xD;
&#xD;
2019-07-26 15:04:50 - [MESSAGE][INFO] - Starting 'Chrome' driver&#xD;
&#xD;
2019-07-26 15:04:50 - [MESSAGE][INFO] - User set preference: ['mobileEmulation', '{deviceName=iPhone X}']&#xD;
&#xD;
2019-07-26 15:04:50 - [MESSAGE][INFO] - User set preference: ['args', '[--incognito, --aggressive-cache-discard, --no-sandbox, --window-size=375,812]']&#xD;
&#xD;
2019-07-26 15:04:56 - [MESSAGE][PASSED] - Browser is opened with url: 'https://praetemptatus.agilehealthinsurance.com'&#xD;
&#xD;
2019-07-26 15:04:56 - [TEST_STEP][PASSED] - waitForPageLoad(10): Wait for page load successfully&#xD;
&#xD;
2019-07-26 15:04:56 - [MESSAGE][PASSED] - Wait for page load successfully&#xD;
&#xD;
2019-07-26 15:04:56 - [TEST_STEP][PASSED] - callTestCase(findTestCase("mobileWeb/_include/get_screenshot"), [:], STOP_ON_FAILURE): Call Test Case 'Test Cases/mobileWeb/_include/get_screenshot' successfully&#xD;
&#xD;
2019-07-26 15:04:56 - [TEST_CASE][PASSED] - Test Cases/mobileWeb/_include/get_screenshot: Test Cases/mobileWeb/_include/get_screenshot&#xD;
&#xD;
2019-07-26 15:04:56 - [TEST_STEP][PASSED] - takeScreenshot(screenPath + i + ".png"): Taking screenshot successfully&#xD;
&#xD;
2019-07-26 15:04:58 - [MESSAGE][PASSED] - Taking screenshot successfully&#xD;
[[ATTACHMENT|D:\\Test\\AgileTest\\AgileTest\\Reports\\mobileWeb\\stm\\20190726_145349\\../Screenshots/iPhone X/stm/National General/20190726_150449/0.png]]&#xD;
&#xD;
2019-07-26 15:04:58 - [TEST_STEP][PASSED] - (internal.GlobalVariable.i++): null&#xD;
&#xD;
2019-07-26 15:04:58 - [MESSAGE][PASSED] - Call Test Case 'Test Cases/mobileWeb/_include/get_screenshot' successfully&#xD;
&#xD;
2019-07-26 15:04:58 - [MESSAGE][PASSED] - Call Test Case 'Test Cases/mobileWeb/_include/openWebSite' successfully&#xD;
&#xD;
2019-07-26 15:04:58 - [TEST_STEP][PASSED] - callTestCase(findTestCase("mobileWeb/_include/census_stm"), [:], CONTINUE_ON_FAILURE): Call Test Case 'Test Cases/mobileWeb/_include/census_stm' successfully&#xD;
&#xD;
2019-07-26 15:04:58 - [TEST_CASE][PASSED] - Test Cases/mobileWeb/_include/census_stm: Test Cases/mobileWeb/_include/census_stm&#xD;
&#xD;
2019-07-26 15:04:58 - [TEST_STEP][PASSED] - waitForElementClickable(findTestObject("mobileSanity/STM/Home Page/a_Quote  Save Today"), 10): Object 'Object Repository/mobileSanity/STM/Home Page/a_Quote  Save Today' is clickable&#xD;
&#xD;
2019-07-26 15:04:58 - [MESSAGE][PASSED] - Object 'Object Repository/mobileSanity/STM/Home Page/a_Quote  Save Today' is clickable&#xD;
&#xD;
2019-07-26 15:04:58 - [TEST_STEP][PASSED] - click(findTestObject("mobileSanity/STM/Home Page/a_Quote  Save Today")): Object: 'Object Repository/mobileSanity/STM/Home Page/a_Quote  Save Today' is clicked on&#xD;
&#xD;
2019-07-26 15:04:59 - [MESSAGE][PASSED] - Object: 'Object Repository/mobileSanity/STM/Home Page/a_Quote  Save Today' is clicked on&#xD;
&#xD;
2019-07-26 15:04:59 - [TEST_STEP][PASSED] - waitForPageLoad(10): Wait for page load successfully&#xD;
&#xD;
2019-07-26 15:05:00 - [MESSAGE][PASSED] - Wait for page load successfully&#xD;
&#xD;
2019-07-26 15:05:00 - [TEST_STEP][PASSED] - callTestCase(findTestCase("mobileWeb/_include/get_screenshot"), [:], STOP_ON_FAILURE): Call Test Case 'Test Cases/mobileWeb/_include/get_screenshot' successfully&#xD;
&#xD;
2019-07-26 15:05:00 - [TEST_CASE][PASSED] - Test Cases/mobileWeb/_include/get_screenshot: Test Cases/mobileWeb/_include/get_screenshot&#xD;
&#xD;
2019-07-26 15:05:00 - [TEST_STEP][PASSED] - takeScreenshot(screenPath + i + ".png"): Taking screenshot successfully&#xD;
&#xD;
2019-07-26 15:05:01 - [MESSAGE][PASSED] - Taking screenshot successfully&#xD;
[[ATTACHMENT|D:\\Test\\AgileTest\\AgileTest\\Reports\\mobileWeb\\stm\\20190726_145349\\../Screenshots/iPhone X/stm/National General/20190726_150449/1.png]]&#xD;
&#xD;
2019-07-26 15:05:01 - [TEST_STEP][PASSED] - (internal.GlobalVariable.i++): null&#xD;
&#xD;
2019-07-26 15:05:01 - [MESSAGE][PASSED] - Call Test Case 'Test Cases/mobileWeb/_include/get_screenshot' successfully&#xD;
&#xD;
2019-07-26 15:05:01 - [TEST_STEP][PASSED] - setText(findTestObject("mobileSanity/STM/STM Census Page/input_Location_zip-input"), zipcode): Text '35215' is set on object 'Object Repository/mobileSanity/STM/STM Census Page/input_Location_zip-input'&#xD;
&#xD;
2019-07-26 15:05:01 - [MESSAGE][PASSED] - Text '35215' is set on object 'Object Repository/mobileSanity/STM/STM Census Page/input_Location_zip-input'&#xD;
&#xD;
2019-07-26 15:05:01 - [TEST_STEP][PASSED] - Thread.sleep(500): null&#xD;
&#xD;
2019-07-26 15:05:01 - [TEST_STEP][PASSED] - setText(findTestObject("mobileSanity/STM/STM Census Page/input_Date of Birth_dob-0"), "03031987"): Text '03031987' is set on object 'Object Repository/mobileSanity/STM/STM Census Page/input_Date of Birth_dob-0'&#xD;
&#xD;
2019-07-26 15:05:02 - [MESSAGE][PASSED] - Text '03031987' is set on object 'Object Repository/mobileSanity/STM/STM Census Page/input_Date of Birth_dob-0'&#xD;
&#xD;
2019-07-26 15:05:02 - [TEST_STEP][PASSED] - click(findTestObject("mobileSanity/STM/STM Census Page/label_Male")): Object: 'Object Repository/mobileSanity/STM/STM Census Page/label_Male' is clicked on&#xD;
&#xD;
2019-07-26 15:05:02 - [MESSAGE][PASSED] - Object: 'Object Repository/mobileSanity/STM/STM Census Page/label_Male' is clicked on&#xD;
&#xD;
2019-07-26 15:05:02 - [TEST_STEP][PASSED] - click(findTestObject("mobileSanity/STM/STM Census Page/label_Compare Plans")): Object: 'Object Repository/mobileSanity/STM/STM Census Page/label_Compare Plans' is clicked on&#xD;
&#xD;
2019-07-26 15:05:02 - [MESSAGE][PASSED] - Object: 'Object Repository/mobileSanity/STM/STM Census Page/label_Compare Plans' is clicked on&#xD;
&#xD;
2019-07-26 15:05:02 - [TEST_STEP][PASSED] - waitForPageLoad(10): Wait for page load successfully&#xD;
&#xD;
2019-07-26 15:05:02 - [MESSAGE][PASSED] - Wait for page load successfully&#xD;
&#xD;
2019-07-26 15:05:02 - [TEST_STEP][PASSED] - Thread.sleep(3000): null&#xD;
&#xD;
2019-07-26 15:05:05 - [TEST_STEP][PASSED] - callTestCase(findTestCase("mobileWeb/_include/get_screenshot"), [:], STOP_ON_FAILURE): Call Test Case 'Test Cases/mobileWeb/_include/get_screenshot' successfully&#xD;
&#xD;
2019-07-26 15:05:05 - [TEST_CASE][PASSED] - Test Cases/mobileWeb/_include/get_screenshot: Test Cases/mobileWeb/_include/get_screenshot&#xD;
&#xD;
2019-07-26 15:05:05 - [TEST_STEP][PASSED] - takeScreenshot(screenPath + i + ".png"): Taking screenshot successfully&#xD;
&#xD;
2019-07-26 15:05:09 - [MESSAGE][PASSED] - Taking screenshot successfully&#xD;
[[ATTACHMENT|D:\\Test\\AgileTest\\AgileTest\\Reports\\mobileWeb\\stm\\20190726_145349\\../Screenshots/iPhone X/stm/National General/20190726_150449/2.png]]&#xD;
&#xD;
2019-07-26 15:05:09 - [TEST_STEP][PASSED] - (internal.GlobalVariable.i++): null&#xD;
&#xD;
2019-07-26 15:05:09 - [MESSAGE][PASSED] - Call Test Case 'Test Cases/mobileWeb/_include/get_screenshot' successfully&#xD;
&#xD;
2019-07-26 15:05:09 - [TEST_STEP][PASSED] - Thread.sleep(1000): null&#xD;
&#xD;
2019-07-26 15:05:10 - [MESSAGE][PASSED] - Call Test Case 'Test Cases/mobileWeb/_include/census_stm' successfully&#xD;
&#xD;
2019-07-26 15:05:10 - [TEST_STEP][PASSED] - callTestCase(findTestCase("mobileWeb/_include/filter_stm"), ["carrier":"nationalgeneral"], STOP_ON_FAILURE): Call Test Case 'Test Cases/mobileWeb/_include/filter_stm' successfully&#xD;
&#xD;
2019-07-26 15:05:10 - [TEST_CASE][PASSED] - Test Cases/mobileWeb/_include/filter_stm: Test Cases/mobileWeb/_include/filter_stm&#xD;
&#xD;
2019-07-26 15:05:10 - [TEST_STEP][PASSED] - driver = getWebDriver(): null&#xD;
&#xD;
2019-07-26 15:05:10 - [TEST_STEP][PASSED] - selenium = new com.thoughtworks.selenium.webdriven.WebDriverBackedSelenium(driver, internal.GlobalVariable.ENV): null&#xD;
&#xD;
2019-07-26 15:05:10 - [TEST_STEP][PASSED] - Thread.sleep(1000): null&#xD;
&#xD;
2019-07-26 15:05:11 - [TEST_STEP][PASSED] - click(findTestObject("mobileSanity/STM/STM Quote Page/button_filters")): Object: 'Object Repository/mobileSanity/STM/STM Quote Page/button_filters' is clicked on&#xD;
&#xD;
2019-07-26 15:05:11 - [MESSAGE][PASSED] - Object: 'Object Repository/mobileSanity/STM/STM Quote Page/button_filters' is clicked on&#xD;
&#xD;
2019-07-26 15:05:11 - [TEST_STEP][PASSED] - Thread.sleep(1000): null&#xD;
&#xD;
2019-07-26 15:05:12 - [TEST_STEP][PASSED] - click(findTestObject("mobileSanity/STM/STM Quote Page/i_Insurance company")): Object: 'Object Repository/mobileSanity/STM/STM Quote Page/i_Insurance company' is clicked on&#xD;
&#xD;
2019-07-26 15:05:12 - [MESSAGE][PASSED] - Object: 'Object Repository/mobileSanity/STM/STM Quote Page/i_Insurance company' is clicked on&#xD;
&#xD;
2019-07-26 15:05:12 - [TEST_STEP][PASSED] - Thread.sleep(1000): null&#xD;
&#xD;
2019-07-26 15:05:13 - [TEST_STEP][PASSED] - filter_carrier = "//input[@name='filter[carrier]' and @value='" + carrier + "']/following::label": null&#xD;
&#xD;
2019-07-26 15:05:13 - [TEST_STEP][PASSED] - println(filter_carrier): null&#xD;
&#xD;
2019-07-26 15:05:13 - [TEST_STEP][PASSED] - test.MobileKeywords.clickJS_ByXpath(filter_carrier): test.MobileKeywords.clickJS_ByXpath is PASSED&#xD;
&#xD;
2019-07-26 15:05:13 - [MESSAGE][PASSED] - Execute JavaScript 'arguments[0].click()' successfully&#xD;
&#xD;
2019-07-26 15:05:13 - [MESSAGE][PASSED] - test.MobileKeywords.clickJS_ByXpath is PASSED&#xD;
&#xD;
2019-07-26 15:05:13 - [TEST_STEP][PASSED] - Thread.sleep(1000): null&#xD;
&#xD;
2019-07-26 15:05:14 - [TEST_STEP][PASSED] - scrollToElement(findTestObject("mobileSanity/STM/STM Quote Page/a_Show Plans"), 1000): Scroll to object 'Object Repository/mobileSanity/STM/STM Quote Page/a_Show Plans' successfully&#xD;
&#xD;
2019-07-26 15:05:14 - [MESSAGE][PASSED] - Scroll to object 'Object Repository/mobileSanity/STM/STM Quote Page/a_Show Plans' successfully&#xD;
&#xD;
2019-07-26 15:05:14 - [TEST_STEP][PASSED] - click(findTestObject("mobileSanity/STM/STM Quote Page/a_Show Plans")): Object: 'Object Repository/mobileSanity/STM/STM Quote Page/a_Show Plans' is clicked on&#xD;
&#xD;
2019-07-26 15:05:15 - [MESSAGE][PASSED] - Object: 'Object Repository/mobileSanity/STM/STM Quote Page/a_Show Plans' is clicked on&#xD;
&#xD;
2019-07-26 15:05:15 - [TEST_STEP][PASSED] - waitForJQueryLoad(10, STOP_ON_FAILURE): jQuery is ready.&#xD;
&#xD;
2019-07-26 15:05:15 - [MESSAGE][PASSED] - jQuery is ready.&#xD;
&#xD;
2019-07-26 15:05:15 - [TEST_STEP][PASSED] - Thread.sleep(2000): null&#xD;
&#xD;
2019-07-26 15:05:17 - [TEST_STEP][PASSED] - callTestCase(findTestCase("mobileWeb/_include/get_screenshot"), [:], STOP_ON_FAILURE): Call Test Case 'Test Cases/mobileWeb/_include/get_screenshot' successfully&#xD;
&#xD;
2019-07-26 15:05:17 - [TEST_CASE][PASSED] - Test Cases/mobileWeb/_include/get_screenshot: Test Cases/mobileWeb/_include/get_screenshot&#xD;
&#xD;
2019-07-26 15:05:17 - [TEST_STEP][PASSED] - takeScreenshot(screenPath + i + ".png"): Taking screenshot successfully&#xD;
&#xD;
2019-07-26 15:05:18 - [MESSAGE][PASSED] - Taking screenshot successfully&#xD;
[[ATTACHMENT|D:\\Test\\AgileTest\\AgileTest\\Reports\\mobileWeb\\stm\\20190726_145349\\../Screenshots/iPhone X/stm/National General/20190726_150449/3.png]]&#xD;
&#xD;
2019-07-26 15:05:18 - [TEST_STEP][PASSED] - (internal.GlobalVariable.i++): null&#xD;
&#xD;
2019-07-26 15:05:18 - [MESSAGE][PASSED] - Call Test Case 'Test Cases/mobileWeb/_include/get_screenshot' successfully&#xD;
&#xD;
2019-07-26 15:05:18 - [MESSAGE][PASSED] - Call Test Case 'Test Cases/mobileWeb/_include/filter_stm' successfully&#xD;
&#xD;
2019-07-26 15:05:18 - [TEST_STEP][PASSED] - callTestCase(findTestCase("mobileWeb/_include/goToDetail_stm"), ["carrier":"nationalgeneral"], STOP_ON_FAILURE): Call Test Case 'Test Cases/mobileWeb/_include/goToDetail_stm' successfully&#xD;
&#xD;
2019-07-26 15:05:18 - [TEST_CASE][PASSED] - Test Cases/mobileWeb/_include/goToDetail_stm: Test Cases/mobileWeb/_include/goToDetail_stm&#xD;
&#xD;
2019-07-26 15:05:18 - [TEST_STEP][PASSED] - driver = getWebDriver(): null&#xD;
&#xD;
2019-07-26 15:05:18 - [TEST_STEP][PASSED] - selenium = new com.thoughtworks.selenium.webdriven.WebDriverBackedSelenium(driver, internal.GlobalVariable.ENV): null&#xD;
&#xD;
2019-07-26 15:05:18 - [TEST_STEP][PASSED] - a_plan_name = "xpath=//a[contains(@href,'/term-health-insurance/plan/" + carrier + "')]": null&#xD;
&#xD;
2019-07-26 15:05:18 - [TEST_STEP][PASSED] - println(a_plan_name): null&#xD;
&#xD;
2019-07-26 15:05:18 - [TEST_STEP][PASSED] - selenium.click(a_plan_name): null&#xD;
&#xD;
2019-07-26 15:05:22 - [TEST_STEP][PASSED] - waitForPageLoad(10): Wait for page load successfully&#xD;
&#xD;
2019-07-26 15:05:22 - [MESSAGE][PASSED] - Wait for page load successfully&#xD;
&#xD;
2019-07-26 15:05:22 - [TEST_STEP][PASSED] - Thread.sleep(2000): null&#xD;
&#xD;
2019-07-26 15:05:24 - [TEST_STEP][PASSED] - callTestCase(findTestCase("mobileWeb/_include/get_screenshot"), [:], STOP_ON_FAILURE): Call Test Case 'Test Cases/mobileWeb/_include/get_screenshot' successfully&#xD;
&#xD;
2019-07-26 15:05:24 - [TEST_CASE][PASSED] - Test Cases/mobileWeb/_include/get_screenshot: Test Cases/mobileWeb/_include/get_screenshot&#xD;
&#xD;
2019-07-26 15:05:24 - [TEST_STEP][PASSED] - takeScreenshot(screenPath + i + ".png"): Taking screenshot successfully&#xD;
&#xD;
2019-07-26 15:05:25 - [MESSAGE][PASSED] - Taking screenshot successfully&#xD;
[[ATTACHMENT|D:\\Test\\AgileTest\\AgileTest\\Reports\\mobileWeb\\stm\\20190726_145349\\../Screenshots/iPhone X/stm/National General/20190726_150449/4.png]]&#xD;
&#xD;
2019-07-26 15:05:25 - [TEST_STEP][PASSED] - (internal.GlobalVariable.i++): null&#xD;
&#xD;
2019-07-26 15:05:25 - [MESSAGE][PASSED] - Call Test Case 'Test Cases/mobileWeb/_include/get_screenshot' successfully&#xD;
&#xD;
2019-07-26 15:05:25 - [MESSAGE][PASSED] - Call Test Case 'Test Cases/mobileWeb/_include/goToDetail_stm' successfully&#xD;
&#xD;
2019-07-26 15:05:25 - [TEST_STEP][PASSED] - callTestCase(findTestCase("mobileWeb/_include/apply_stm"), [:], STOP_ON_FAILURE): Call Test Case 'Test Cases/mobileWeb/_include/apply_stm' successfully&#xD;
&#xD;
2019-07-26 15:05:25 - [TEST_CASE][PASSED] - Test Cases/mobileWeb/_include/apply_stm: Test Cases/mobileWeb/_include/apply_stm&#xD;
&#xD;
2019-07-26 15:05:25 - [TEST_STEP][PASSED] - waitForElementVisible(findTestObject("mobileSanity/STM/STM PlanDetail Page/a_Apply for This Plan"), 5): Object 'Object Repository/mobileSanity/STM/STM PlanDetail Page/a_Apply for This Plan' is visible&#xD;
&#xD;
2019-07-26 15:05:25 - [MESSAGE][PASSED] - Object 'Object Repository/mobileSanity/STM/STM PlanDetail Page/a_Apply for This Plan' is visible&#xD;
&#xD;
2019-07-26 15:05:25 - [TEST_STEP][PASSED] - click(findTestObject("mobileSanity/STM/STM PlanDetail Page/a_Apply for This Plan")): Object: 'Object Repository/mobileSanity/STM/STM PlanDetail Page/a_Apply for This Plan' is clicked on&#xD;
&#xD;
2019-07-26 15:05:27 - [MESSAGE][PASSED] - Object: 'Object Repository/mobileSanity/STM/STM PlanDetail Page/a_Apply for This Plan' is clicked on&#xD;
&#xD;
2019-07-26 15:05:27 - [TEST_STEP][PASSED] - waitForPageLoad(10): Wait for page load successfully&#xD;
&#xD;
2019-07-26 15:05:27 - [MESSAGE][PASSED] - Wait for page load successfully&#xD;
&#xD;
2019-07-26 15:05:27 - [TEST_STEP][PASSED] - Thread.sleep(2000): null&#xD;
&#xD;
2019-07-26 15:05:29 - [TEST_STEP][PASSED] - callTestCase(findTestCase("mobileWeb/_include/get_screenshot"), [:], STOP_ON_FAILURE): Call Test Case 'Test Cases/mobileWeb/_include/get_screenshot' successfully&#xD;
&#xD;
2019-07-26 15:05:29 - [TEST_CASE][PASSED] - Test Cases/mobileWeb/_include/get_screenshot: Test Cases/mobileWeb/_include/get_screenshot&#xD;
&#xD;
2019-07-26 15:05:29 - [TEST_STEP][PASSED] - takeScreenshot(screenPath + i + ".png"): Taking screenshot successfully&#xD;
&#xD;
2019-07-26 15:05:29 - [MESSAGE][PASSED] - Taking screenshot successfully&#xD;
[[ATTACHMENT|D:\\Test\\AgileTest\\AgileTest\\Reports\\mobileWeb\\stm\\20190726_145349\\../Screenshots/iPhone X/stm/National General/20190726_150449/5.png]]&#xD;
&#xD;
2019-07-26 15:05:29 - [TEST_STEP][PASSED] - (internal.GlobalVariable.i++): null&#xD;
&#xD;
2019-07-26 15:05:29 - [MESSAGE][PASSED] - Call Test Case 'Test Cases/mobileWeb/_include/get_screenshot' successfully&#xD;
&#xD;
2019-07-26 15:05:29 - [TEST_STEP][PASSED] - waitForElementVisible(findTestObject("mobileSanity/STM/STM Apply Page/a_Start Secure Application"), 5): Object 'Object Repository/mobileSanity/STM/STM Apply Page/a_Start Secure Application' is visible&#xD;
&#xD;
2019-07-26 15:05:30 - [MESSAGE][PASSED] - Object 'Object Repository/mobileSanity/STM/STM Apply Page/a_Start Secure Application' is visible&#xD;
&#xD;
2019-07-26 15:05:30 - [TEST_STEP][PASSED] - click(findTestObject("mobileSanity/STM/STM Apply Page/a_Start Secure Application")): Object: 'Object Repository/mobileSanity/STM/STM Apply Page/a_Start Secure Application' is clicked on&#xD;
&#xD;
2019-07-26 15:05:31 - [MESSAGE][PASSED] - Object: 'Object Repository/mobileSanity/STM/STM Apply Page/a_Start Secure Application' is clicked on&#xD;
&#xD;
2019-07-26 15:05:31 - [TEST_STEP][PASSED] - waitForPageLoad(10): Wait for page load successfully&#xD;
&#xD;
2019-07-26 15:05:31 - [MESSAGE][PASSED] - Wait for page load successfully&#xD;
&#xD;
2019-07-26 15:05:31 - [TEST_STEP][PASSED] - Thread.sleep(2000): null&#xD;
&#xD;
2019-07-26 15:05:33 - [TEST_STEP][PASSED] - callTestCase(findTestCase("mobileWeb/_include/get_screenshot"), [:], STOP_ON_FAILURE): Call Test Case 'Test Cases/mobileWeb/_include/get_screenshot' successfully&#xD;
&#xD;
2019-07-26 15:05:33 - [TEST_CASE][PASSED] - Test Cases/mobileWeb/_include/get_screenshot: Test Cases/mobileWeb/_include/get_screenshot&#xD;
&#xD;
2019-07-26 15:05:33 - [TEST_STEP][PASSED] - takeScreenshot(screenPath + i + ".png"): Taking screenshot successfully&#xD;
&#xD;
2019-07-26 15:05:34 - [MESSAGE][PASSED] - Taking screenshot successfully&#xD;
[[ATTACHMENT|D:\\Test\\AgileTest\\AgileTest\\Reports\\mobileWeb\\stm\\20190726_145349\\../Screenshots/iPhone X/stm/National General/20190726_150449/6.png]]&#xD;
&#xD;
2019-07-26 15:05:34 - [TEST_STEP][PASSED] - (internal.GlobalVariable.i++): null&#xD;
&#xD;
2019-07-26 15:05:34 - [MESSAGE][PASSED] - Call Test Case 'Test Cases/mobileWeb/_include/get_screenshot' successfully&#xD;
&#xD;
2019-07-26 15:05:34 - [MESSAGE][PASSED] - Call Test Case 'Test Cases/mobileWeb/_include/apply_stm' successfully&#xD;
&#xD;
2019-07-26 15:05:34 - [TEST_STEP][FAILED] - callTestCase(findTestCase("mobileWeb/_include/goToEnd_stm_autofill"), [:], STOP_ON_FAILURE): Unable to call Test Case 'Test Cases/mobileWeb/_include/goToEnd_stm_autofill' (Root cause: com.kms.katalon.core.exception.StepFailedException: Call Test Case 'Test Cases/mobileWeb/_include/goToEnd_stm_autofill' failed&#xD;
	at com.kms.katalon.core.keyword.builtin.CallTestCaseKeyword$_callTestCase_closure1.doCall(CallTestCaseKeyword.groovy:63)&#xD;
	at com.kms.katalon.core.keyword.builtin.CallTestCaseKeyword$_callTestCase_closure1.call(CallTestCaseKeyword.groovy)&#xD;
	at com.kms.katalon.core.keyword.internal.KeywordMain.runKeyword(KeywordMain.groovy:68)&#xD;
	at com.kms.katalon.core.keyword.builtin.CallTestCaseKeyword.callTestCase(CallTestCaseKeyword.groovy:81)&#xD;
	at com.kms.katalon.core.keyword.builtin.CallTestCaseKeyword.execute(CallTestCaseKeyword.groovy:44)&#xD;
	at com.kms.katalon.core.keyword.internal.KeywordExecutor.executeKeywordForPlatform(KeywordExecutor.groovy:56)&#xD;
	at com.kms.katalon.core.keyword.BuiltinKeywords.callTestCase(BuiltinKeywords.groovy:334)&#xD;
	at NationalGeneral.run(NationalGeneral:31)&#xD;
	at com.kms.katalon.core.main.ScriptEngine.run(ScriptEngine.java:194)&#xD;
	at com.kms.katalon.core.main.ScriptEngine.runScriptAsRawText(ScriptEngine.java:119)&#xD;
	at com.kms.katalon.core.main.TestCaseExecutor.runScript(TestCaseExecutor.java:337)&#xD;
	at com.kms.katalon.core.main.TestCaseExecutor.doExecute(TestCaseExecutor.java:328)&#xD;
	at com.kms.katalon.core.main.TestCaseExecutor.processExecutionPhase(TestCaseExecutor.java:307)&#xD;
	at com.kms.katalon.core.main.TestCaseExecutor.accessMainPhase(TestCaseExecutor.java:299)&#xD;
	at com.kms.katalon.core.main.TestCaseExecutor.execute(TestCaseExecutor.java:233)&#xD;
	at com.kms.katalon.core.main.TestSuiteExecutor.accessTestCaseMainPhase(TestSuiteExecutor.java:133)&#xD;
	at com.kms.katalon.core.main.TestSuiteExecutor.accessTestSuiteMainPhase(TestSuiteExecutor.java:116)&#xD;
	at com.kms.katalon.core.main.TestSuiteExecutor.execute(TestSuiteExecutor.java:83)&#xD;
	at com.kms.katalon.core.main.TestCaseMain.startTestSuite(TestCaseMain.java:157)&#xD;
	at com.kms.katalon.core.main.TestCaseMain$startTestSuite$0.call(Unknown Source)&#xD;
	at TempTestSuite1564124029030.run(TempTestSuite1564124029030.groovy:35)&#xD;
Caused by: com.kms.katalon.core.exception.StepFailedException: Unable to verify object 'Object Repository/mobileSanity/STM/Page_App Page 6/span_planName' is present&#xD;
	at com.kms.katalon.core.webui.keyword.internal.WebUIKeywordMain.stepFailed(WebUIKeywordMain.groovy:64)&#xD;
	at com.kms.katalon.core.webui.keyword.internal.WebUIKeywordMain.runKeyword(WebUIKeywordMain.groovy:26)&#xD;
	at com.kms.katalon.core.webui.keyword.builtin.VerifyElementPresentKeyword.verifyElementPresent(VerifyElementPresentKeyword.groovy:92)&#xD;
	at com.kms.katalon.core.webui.keyword.builtin.VerifyElementPresentKeyword.execute(VerifyElementPresentKeyword.groovy:68)&#xD;
	at com.kms.katalon.core.keyword.internal.KeywordExecutor.executeKeywordForPlatform(KeywordExecutor.groovy:56)&#xD;
	at com.kms.katalon.core.webui.keyword.WebUiBuiltInKeywords.verifyElementPresent(WebUiBuiltInKeywords.groovy:1434)&#xD;
	at com.kms.katalon.core.webui.keyword.WebUiBuiltInKeywords$verifyElementPresent$12.call(Unknown Source)&#xD;
	at goToEnd_stm_autofill.run(goToEnd_stm_autofill:96)&#xD;
	at com.kms.katalon.core.main.ScriptEngine.run(ScriptEngine.java:194)&#xD;
	at com.kms.katalon.core.main.ScriptEngine.runScriptAsRawText(ScriptEngine.java:119)&#xD;
	at com.kms.katalon.core.main.TestCaseExecutor.runScript(TestCaseExecutor.java:337)&#xD;
	at com.kms.katalon.core.main.TestCaseExecutor.doExecute(TestCaseExecutor.java:328)&#xD;
	at com.kms.katalon.core.main.TestCaseExecutor.processExecutionPhase(TestCaseExecutor.java:307)&#xD;
	at com.kms.katalon.core.main.TestCaseExecutor.accessMainPhase(TestCaseExecutor.java:299)&#xD;
	at com.kms.katalon.core.main.TestCaseExecutor.execute(TestCaseExecutor.java:233)&#xD;
	at com.kms.katalon.core.main.TestCaseMain.runTestCase(TestCaseMain.java:114)&#xD;
	at com.kms.katalon.core.keyword.builtin.CallTestCaseKeyword$_callTestCase_closure1.doCall(CallTestCaseKeyword.groovy:59)&#xD;
	... 20 more&#xD;
Caused by: com.kms.katalon.core.exception.StepFailedException: com.kms.katalon.core.webui.exception.WebElementNotFoundException: Web element with id: 'Object Repository/mobileSanity/STM/Page_App Page 6/span_planName' located by 'By.xpath: id("js-app-confirmation")/div[@class="app-confirmation-main"]/div[@class="app-confirmation-container"]/p[@class="reset"]/span[@class="emphasize"]' not found&#xD;
	at com.kms.katalon.core.webui.keyword.internal.WebUIKeywordMain.stepFailed(WebUIKeywordMain.groovy:64)&#xD;
	at com.kms.katalon.core.webui.keyword.builtin.VerifyElementPresentKeyword$_verifyElementPresent_closure1.doCall(VerifyElementPresentKeyword.groovy:85)&#xD;
	at com.kms.katalon.core.webui.keyword.builtin.VerifyElementPresentKeyword$_verifyElementPresent_closure1.call(VerifyElementPresentKeyword.groovy)&#xD;
	at com.kms.katalon.core.webui.keyword.internal.WebUIKeywordMain.runKeyword(WebUIKeywordMain.groovy:20)&#xD;
	... 35 more&#xD;
)&#xD;
&#xD;
2019-07-26 15:05:34 - [TEST_CASE][FAILED] - Test Cases/mobileWeb/_include/goToEnd_stm_autofill: Test Cases/mobileWeb/_include/goToEnd_stm_autofill FAILED.
Reason:
com.kms.katalon.core.exception.StepFailedException: Unable to verify object 'Object Repository/mobileSanity/STM/Page_App Page 6/span_planName' is present&#xD;
	at com.kms.katalon.core.webui.keyword.internal.WebUIKeywordMain.stepFailed(WebUIKeywordMain.groovy:64)&#xD;
	at com.kms.katalon.core.webui.keyword.internal.WebUIKeywordMain.runKeyword(WebUIKeywordMain.groovy:26)&#xD;
	at com.kms.katalon.core.webui.keyword.builtin.VerifyElementPresentKeyword.verifyElementPresent(VerifyElementPresentKeyword.groovy:92)&#xD;
	at com.kms.katalon.core.webui.keyword.builtin.VerifyElementPresentKeyword.execute(VerifyElementPresentKeyword.groovy:68)&#xD;
	at com.kms.katalon.core.keyword.internal.KeywordExecutor.executeKeywordForPlatform(KeywordExecutor.groovy:56)&#xD;
	at com.kms.katalon.core.webui.keyword.WebUiBuiltInKeywords.verifyElementPresent(WebUiBuiltInKeywords.groovy:1434)&#xD;
	at com.kms.katalon.core.webui.keyword.WebUiBuiltInKeywords$verifyElementPresent$12.call(Unknown Source)&#xD;
	at goToEnd_stm_autofill.run(goToEnd_stm_autofill:96)&#xD;
	at com.kms.katalon.core.main.ScriptEngine.run(ScriptEngine.java:194)&#xD;
	at com.kms.katalon.core.main.ScriptEngine.runScriptAsRawText(ScriptEngine.java:119)&#xD;
	at com.kms.katalon.core.main.TestCaseExecutor.runScript(TestCaseExecutor.java:337)&#xD;
	at com.kms.katalon.core.main.TestCaseExecutor.doExecute(TestCaseExecutor.java:328)&#xD;
	at com.kms.katalon.core.main.TestCaseExecutor.processExecutionPhase(TestCaseExecutor.java:307)&#xD;
	at com.kms.katalon.core.main.TestCaseExecutor.accessMainPhase(TestCaseExecutor.java:299)&#xD;
	at com.kms.katalon.core.main.TestCaseExecutor.execute(TestCaseExecutor.java:233)&#xD;
	at com.kms.katalon.core.main.TestCaseMain.runTestCase(TestCaseMain.java:114)&#xD;
	at com.kms.katalon.core.keyword.builtin.CallTestCaseKeyword$_callTestCase_closure1.doCall(CallTestCaseKeyword.groovy:59)&#xD;
	at com.kms.katalon.core.keyword.builtin.CallTestCaseKeyword$_callTestCase_closure1.call(CallTestCaseKeyword.groovy)&#xD;
	at com.kms.katalon.core.keyword.internal.KeywordMain.runKeyword(KeywordMain.groovy:68)&#xD;
	at com.kms.katalon.core.keyword.builtin.CallTestCaseKeyword.callTestCase(CallTestCaseKeyword.groovy:81)&#xD;
	at com.kms.katalon.core.keyword.builtin.CallTestCaseKeyword.execute(CallTestCaseKeyword.groovy:44)&#xD;
	at com.kms.katalon.core.keyword.internal.KeywordExecutor.executeKeywordForPlatform(KeywordExecutor.groovy:56)&#xD;
	at com.kms.katalon.core.keyword.BuiltinKeywords.callTestCase(BuiltinKeywords.groovy:334)&#xD;
	at NationalGeneral.run(NationalGeneral:31)&#xD;
	at com.kms.katalon.core.main.ScriptEngine.run(ScriptEngine.java:194)&#xD;
	at com.kms.katalon.core.main.ScriptEngine.runScriptAsRawText(ScriptEngine.java:119)&#xD;
	at com.kms.katalon.core.main.TestCaseExecutor.runScript(TestCaseExecutor.java:337)&#xD;
	at com.kms.katalon.core.main.TestCaseExecutor.doExecute(TestCaseExecutor.java:328)&#xD;
	at com.kms.katalon.core.main.TestCaseExecutor.processExecutionPhase(TestCaseExecutor.java:307)&#xD;
	at com.kms.katalon.core.main.TestCaseExecutor.accessMainPhase(TestCaseExecutor.java:299)&#xD;
	at com.kms.katalon.core.main.TestCaseExecutor.execute(TestCaseExecutor.java:233)&#xD;
	at com.kms.katalon.core.main.TestSuiteExecutor.accessTestCaseMainPhase(TestSuiteExecutor.java:133)&#xD;
	at com.kms.katalon.core.main.TestSuiteExecutor.accessTestSuiteMainPhase(TestSuiteExecutor.java:116)&#xD;
	at com.kms.katalon.core.main.TestSuiteExecutor.execute(TestSuiteExecutor.java:83)&#xD;
	at com.kms.katalon.core.main.TestCaseMain.startTestSuite(TestCaseMain.java:157)&#xD;
	at com.kms.katalon.core.main.TestCaseMain$startTestSuite$0.call(Unknown Source)&#xD;
	at TempTestSuite1564124029030.run(TempTestSuite1564124029030.groovy:35)&#xD;
Caused by: com.kms.katalon.core.exception.StepFailedException: com.kms.katalon.core.webui.exception.WebElementNotFoundException: Web element with id: 'Object Repository/mobileSanity/STM/Page_App Page 6/span_planName' located by 'By.xpath: id("js-app-confirmation")/div[@class="app-confirmation-main"]/div[@class="app-confirmation-container"]/p[@class="reset"]/span[@class="emphasize"]' not found&#xD;
	at com.kms.katalon.core.webui.keyword.internal.WebUIKeywordMain.stepFailed(WebUIKeywordMain.groovy:64)&#xD;
	at com.kms.katalon.core.webui.keyword.builtin.VerifyElementPresentKeyword$_verifyElementPresent_closure1.doCall(VerifyElementPresentKeyword.groovy:85)&#xD;
	at com.kms.katalon.core.webui.keyword.builtin.VerifyElementPresentKeyword$_verifyElementPresent_closure1.call(VerifyElementPresentKeyword.groovy)&#xD;
	at com.kms.katalon.core.webui.keyword.internal.WebUIKeywordMain.runKeyword(WebUIKeywordMain.groovy:20)&#xD;
	... 35 more&#xD;
&#xD;
&#xD;
2019-07-26 15:05:34 - [TEST_STEP][PASSED] - callTestCase(findTestCase("mobileWeb/_include/name"), [:], CONTINUE_ON_FAILURE): Call Test Case 'Test Cases/mobileWeb/_include/name' successfully&#xD;
&#xD;
2019-07-26 15:05:34 - [TEST_CASE][PASSED] - Test Cases/mobileWeb/_include/name: Test Cases/mobileWeb/_include/name&#xD;
&#xD;
2019-07-26 15:05:34 - [TEST_STEP][PASSED] - driver = getWebDriver(): null&#xD;
&#xD;
2019-07-26 15:05:34 - [TEST_STEP][PASSED] - selenium = new com.thoughtworks.selenium.webdriven.WebDriverBackedSelenium(driver, internal.GlobalVariable.ENV): null&#xD;
&#xD;
2019-07-26 15:05:34 - [TEST_STEP][PASSED] - FirstName = "Test-123": null&#xD;
&#xD;
2019-07-26 15:05:34 - [TEST_STEP][PASSED] - LastName = selenium.getEval("{var x="ABCDEFGHIJKLMNOPQRSTUVWXYZabcdefghijklmnopqrstuvwxyz"; var tmp="ZZ11-"; for (i=0;i&lt;8;i++) tmp+=x.charAt(Math.ceil(51*Math.random()));tmp;}"): null&#xD;
&#xD;
2019-07-26 15:05:34 - [TEST_STEP][PASSED] - Address = selenium.getEval("{var x="ABCDEFGHIJKLMNOPQRSTUVWXYZabcdefghijklmnopqrstuvwxyz"; var tmp=""; for (i=0;i&lt;8;i++) tmp+=x.charAt(Math.ceil(51*Math.random()));tmp;}"): null&#xD;
&#xD;
2019-07-26 15:05:34 - [TEST_STEP][PASSED] - City = selenium.getEval("{var x="ABCDEFGHIJKLMNOPQRSTUVWXYZabcdefghijklmnopqrstuvwxyz"; var tmp=""; for (i=0;i&lt;8;i++) tmp+=x.charAt(Math.ceil(51*Math.random()));tmp;}"): null&#xD;
&#xD;
2019-07-26 15:05:34 - [TEST_STEP][PASSED] - tel1 = selenium.getEval("{var x="123456789"; var tmp=""; for (i=0;i&lt;3;i++) tmp+=x.charAt(Math.ceil(8*Math.random()));tmp;}"): null&#xD;
&#xD;
2019-07-26 15:05:34 - [TEST_STEP][PASSED] - tel2 = selenium.getEval("{var x="123456789"; var tmp=""; for (i=0;i&lt;3;i++) tmp+=x.charAt(Math.ceil(8*Math.random()));tmp;}"): null&#xD;
&#xD;
2019-07-26 15:05:34 - [TEST_STEP][PASSED] - tel3 = selenium.getEval("{var x="123456789"; var tmp=""; for (i=0;i&lt;4;i++) tmp+=x.charAt(Math.ceil(8*Math.random()));tmp;}"): null&#xD;
&#xD;
2019-07-26 15:05:34 - [TEST_STEP][PASSED] - Tel = selenium.getExpression(tel1 + "-" + tel2 + "-" + tel3): null&#xD;
&#xD;
2019-07-26 15:05:34 - [TEST_STEP][PASSED] - AutoEmail = selenium.getEval("{var x="ABCDEFGHIJKLMNOPQRSTUVWXYZabcdefghijklmnopqrstuvwxyz"; var tmp="test."; for (i=0;i&lt;8;i++) tmp+=x.charAt(Math.ceil(51*Math.random()));tmp+="@suryani.cn";}"): null&#xD;
&#xD;
2019-07-26 15:05:34 - [TEST_STEP][PASSED] - FirstName = FirstName: null&#xD;
&#xD;
2019-07-26 15:05:34 - [TEST_STEP][PASSED] - LastName = LastName: null&#xD;
&#xD;
2019-07-26 15:05:34 - [TEST_STEP][PASSED] - Address = Address: null&#xD;
&#xD;
2019-07-26 15:05:34 - [TEST_STEP][PASSED] - City = City: null&#xD;
&#xD;
2019-07-26 15:05:34 - [TEST_STEP][PASSED] - Tel = Tel: null&#xD;
&#xD;
2019-07-26 15:05:34 - [TEST_STEP][PASSED] - AutoEmail = AutoEmail: null&#xD;
&#xD;
2019-07-26 15:05:34 - [TEST_STEP][PASSED] - println(FirstName): null&#xD;
&#xD;
2019-07-26 15:05:34 - [TEST_STEP][PASSED] - println(LastName): null&#xD;
&#xD;
2019-07-26 15:05:34 - [TEST_STEP][PASSED] - println(Address): null&#xD;
&#xD;
2019-07-26 15:05:34 - [TEST_STEP][PASSED] - println(City): null&#xD;
&#xD;
2019-07-26 15:05:34 - [TEST_STEP][PASSED] - println(Tel): null&#xD;
&#xD;
2019-07-26 15:05:34 - [TEST_STEP][PASSED] - println(AutoEmail): null&#xD;
&#xD;
2019-07-26 15:05:34 - [MESSAGE][PASSED] - Call Test Case 'Test Cases/mobileWeb/_include/name' successfully&#xD;
&#xD;
2019-07-26 15:05:34 - [TEST_STEP][PASSED] - try: Call Test Case 'Test Cases/mobileWeb/_include/get_screenshot' successfully&#xD;
&#xD;
2019-07-26 15:05:34 - [TEST_STEP][PASSED] - if (verifyTextPresent("Month Duration Acknowledgement", false)): Call Test Case 'Test Cases/mobileWeb/_include/get_screenshot' successfully&#xD;
&#xD;
2019-07-26 15:05:35 - [MESSAGE][PASSED] - Text 'Month Duration Acknowledgement' is present on page &#xD;
&#xD;
2019-07-26 15:05:35 - [TEST_STEP][PASSED] - click(findTestObject("mobileSanity/STM/Page_App Page 1/label_By checking this box I u")): Object: 'Object Repository/mobileSanity/STM/Page_App Page 1/label_By checking this box I u' is clicked on&#xD;
&#xD;
2019-07-26 15:05:35 - [MESSAGE][PASSED] - Object: 'Object Repository/mobileSanity/STM/Page_App Page 1/label_By checking this box I u' is clicked on&#xD;
&#xD;
2019-07-26 15:05:35 - [TEST_STEP][PASSED] - click(findTestObject("mobileSanity/STM/Page_App Page 1/button_Continue to Application")): Object: 'Object Repository/mobileSanity/STM/Page_App Page 1/button_Continue to Application' is clicked on&#xD;
&#xD;
2019-07-26 15:05:38 - [MESSAGE][PASSED] - Object: 'Object Repository/mobileSanity/STM/Page_App Page 1/button_Continue to Application' is clicked on&#xD;
&#xD;
2019-07-26 15:05:38 - [TEST_STEP][PASSED] - Thread.sleep(2000): null&#xD;
&#xD;
2019-07-26 15:05:40 - [TEST_STEP][PASSED] - callTestCase(findTestCase("mobileWeb/_include/get_screenshot"), [:], STOP_ON_FAILURE): Call Test Case 'Test Cases/mobileWeb/_include/get_screenshot' successfully&#xD;
&#xD;
2019-07-26 15:05:40 - [TEST_CASE][PASSED] - Test Cases/mobileWeb/_include/get_screenshot: Test Cases/mobileWeb/_include/get_screenshot&#xD;
&#xD;
2019-07-26 15:05:40 - [TEST_STEP][PASSED] - takeScreenshot(screenPath + i + ".png"): Taking screenshot successfully&#xD;
&#xD;
2019-07-26 15:05:41 - [MESSAGE][PASSED] - Taking screenshot successfully&#xD;
[[ATTACHMENT|D:\\Test\\AgileTest\\AgileTest\\Reports\\mobileWeb\\stm\\20190726_145349\\../Screenshots/iPhone X/stm/National General/20190726_150449/7.png]]&#xD;
&#xD;
2019-07-26 15:05:41 - [TEST_STEP][PASSED] - (internal.GlobalVariable.i++): null&#xD;
&#xD;
2019-07-26 15:05:41 - [MESSAGE][PASSED] - Call Test Case 'Test Cases/mobileWeb/_include/get_screenshot' successfully&#xD;
&#xD;
2019-07-26 15:05:41 - [TEST_STEP][PASSED] - waitForPageLoad(10): Wait for page load successfully&#xD;
&#xD;
2019-07-26 15:05:41 - [MESSAGE][PASSED] - Wait for page load successfully&#xD;
&#xD;
2019-07-26 15:05:41 - [TEST_STEP][PASSED] - Thread.sleep(3000): null&#xD;
&#xD;
2019-07-26 15:05:44 - [TEST_STEP][PASSED] - waitForElementVisible(findTestObject("mobileSanity/STM/Page_App Page 1/a_Autofill App Info"), 20): Object 'Object Repository/mobileSanity/STM/Page_App Page 1/a_Autofill App Info' is visible&#xD;
&#xD;
2019-07-26 15:05:44 - [MESSAGE][PASSED] - Object 'Object Repository/mobileSanity/STM/Page_App Page 1/a_Autofill App Info' is visible&#xD;
&#xD;
2019-07-26 15:05:44 - [TEST_STEP][PASSED] - click(findTestObject("mobileSanity/STM/Page_App Page 1/a_Autofill App Info")): Object: 'Object Repository/mobileSanity/STM/Page_App Page 1/a_Autofill App Info' is clicked on&#xD;
&#xD;
2019-07-26 15:05:44 - [MESSAGE][PASSED] - Object: 'Object Repository/mobileSanity/STM/Page_App Page 1/a_Autofill App Info' is clicked on&#xD;
&#xD;
2019-07-26 15:05:44 - [TEST_STEP][PASSED] - Thread.sleep(1000): null&#xD;
&#xD;
2019-07-26 15:05:45 - [TEST_STEP][PASSED] - click(findTestObject("mobileSanity/STM/Page_App Page 1/a_Autofill App Info")): Object: 'Object Repository/mobileSanity/STM/Page_App Page 1/a_Autofill App Info' is clicked on&#xD;
&#xD;
2019-07-26 15:05:45 - [MESSAGE][PASSED] - Object: 'Object Repository/mobileSanity/STM/Page_App Page 1/a_Autofill App Info' is clicked on&#xD;
&#xD;
2019-07-26 15:05:45 - [TEST_STEP][PASSED] - Thread.sleep(1000): null&#xD;
&#xD;
2019-07-26 15:05:46 - [TEST_STEP][PASSED] - waitForElementVisible(findTestObject("mobileSanity/STM/Page_App Page 1/a_Continue"), 20): Object 'Object Repository/mobileSanity/STM/Page_App Page 1/a_Continue' is visible&#xD;
&#xD;
2019-07-26 15:05:46 - [MESSAGE][PASSED] - Object 'Object Repository/mobileSanity/STM/Page_App Page 1/a_Continue' is visible&#xD;
&#xD;
2019-07-26 15:05:46 - [TEST_STEP][PASSED] - click(findTestObject("mobileSanity/STM/Page_App Page 1/a_Continue")): Object: 'Object Repository/mobileSanity/STM/Page_App Page 1/a_Continue' is clicked on&#xD;
&#xD;
2019-07-26 15:05:46 - [MESSAGE][PASSED] - Object: 'Object Repository/mobileSanity/STM/Page_App Page 1/a_Continue' is clicked on&#xD;
&#xD;
2019-07-26 15:05:46 - [TEST_STEP][PASSED] - waitForPageLoad(10): Wait for page load successfully&#xD;
&#xD;
2019-07-26 15:05:46 - [MESSAGE][PASSED] - Wait for page load successfully&#xD;
&#xD;
2019-07-26 15:05:46 - [TEST_STEP][PASSED] - Thread.sleep(2000): null&#xD;
&#xD;
2019-07-26 15:05:48 - [TEST_STEP][PASSED] - callTestCase(findTestCase("mobileWeb/_include/get_screenshot"), [:], STOP_ON_FAILURE): Call Test Case 'Test Cases/mobileWeb/_include/get_screenshot' successfully&#xD;
&#xD;
2019-07-26 15:05:48 - [TEST_CASE][PASSED] - Test Cases/mobileWeb/_include/get_screenshot: Test Cases/mobileWeb/_include/get_screenshot&#xD;
&#xD;
2019-07-26 15:05:48 - [TEST_STEP][PASSED] - takeScreenshot(screenPath + i + ".png"): Taking screenshot successfully&#xD;
&#xD;
2019-07-26 15:05:49 - [MESSAGE][PASSED] - Taking screenshot successfully&#xD;
[[ATTACHMENT|D:\\Test\\AgileTest\\AgileTest\\Reports\\mobileWeb\\stm\\20190726_145349\\../Screenshots/iPhone X/stm/National General/20190726_150449/8.png]]&#xD;
&#xD;
2019-07-26 15:05:49 - [TEST_STEP][PASSED] - (internal.GlobalVariable.i++): null&#xD;
&#xD;
2019-07-26 15:05:49 - [MESSAGE][PASSED] - Call Test Case 'Test Cases/mobileWeb/_include/get_screenshot' successfully&#xD;
&#xD;
2019-07-26 15:05:49 - [TEST_STEP][PASSED] - click(findTestObject("mobileSanity/STM/Page_App Page 2/a_Continue to Step 3 - Payment")): Object: 'Object Repository/mobileSanity/STM/Page_App Page 2/a_Continue to Step 3 - Payment' is clicked on&#xD;
&#xD;
2019-07-26 15:05:49 - [MESSAGE][PASSED] - Object: 'Object Repository/mobileSanity/STM/Page_App Page 2/a_Continue to Step 3 - Payment' is clicked on&#xD;
&#xD;
2019-07-26 15:05:49 - [TEST_STEP][PASSED] - waitForPageLoad(10): Wait for page load successfully&#xD;
&#xD;
2019-07-26 15:05:49 - [MESSAGE][PASSED] - Wait for page load successfully&#xD;
&#xD;
2019-07-26 15:05:49 - [TEST_STEP][PASSED] - Thread.sleep(2000): null&#xD;
&#xD;
2019-07-26 15:05:51 - [TEST_STEP][PASSED] - callTestCase(findTestCase("mobileWeb/_include/get_screenshot"), [:], STOP_ON_FAILURE): Call Test Case 'Test Cases/mobileWeb/_include/get_screenshot' successfully&#xD;
&#xD;
2019-07-26 15:05:51 - [TEST_CASE][PASSED] - Test Cases/mobileWeb/_include/get_screenshot: Test Cases/mobileWeb/_include/get_screenshot&#xD;
&#xD;
2019-07-26 15:05:51 - [TEST_STEP][PASSED] - takeScreenshot(screenPath + i + ".png"): Taking screenshot successfully&#xD;
&#xD;
2019-07-26 15:05:52 - [MESSAGE][PASSED] - Taking screenshot successfully&#xD;
[[ATTACHMENT|D:\\Test\\AgileTest\\AgileTest\\Reports\\mobileWeb\\stm\\20190726_145349\\../Screenshots/iPhone X/stm/National General/20190726_150449/9.png]]&#xD;
&#xD;
2019-07-26 15:05:52 - [TEST_STEP][PASSED] - (internal.GlobalVariable.i++): null&#xD;
&#xD;
2019-07-26 15:05:52 - [MESSAGE][PASSED] - Call Test Case 'Test Cases/mobileWeb/_include/get_screenshot' successfully&#xD;
&#xD;
2019-07-26 15:05:52 - [TEST_STEP][PASSED] - clearText(findTestObject("mobileSanity/STM/Page_App Page 3/input__credit-card-cvv")): Text of object 'Object Repository/mobileSanity/STM/Page_App Page 3/input__credit-card-cvv' is cleared&#xD;
&#xD;
2019-07-26 15:05:52 - [MESSAGE][PASSED] - Text of object 'Object Repository/mobileSanity/STM/Page_App Page 3/input__credit-card-cvv' is cleared&#xD;
&#xD;
2019-07-26 15:05:52 - [TEST_STEP][PASSED] - setText(findTestObject("mobileSanity/STM/Page_App Page 3/input__credit-card-cvv"), "123"): Text '123' is set on object 'Object Repository/mobileSanity/STM/Page_App Page 3/input__credit-card-cvv'&#xD;
&#xD;
2019-07-26 15:05:52 - [MESSAGE][PASSED] - Text '123' is set on object 'Object Repository/mobileSanity/STM/Page_App Page 3/input__credit-card-cvv'&#xD;
&#xD;
2019-07-26 15:05:52 - [TEST_STEP][PASSED] - click(findTestObject("mobileSanity/STM/Page_App Page 3/label_I Accept Authorization f")): Object: 'Object Repository/mobileSanity/STM/Page_App Page 3/label_I Accept Authorization f' is clicked on&#xD;
&#xD;
2019-07-26 15:05:52 - [MESSAGE][PASSED] - Object: 'Object Repository/mobileSanity/STM/Page_App Page 3/label_I Accept Authorization f' is clicked on&#xD;
&#xD;
2019-07-26 15:05:52 - [TEST_STEP][PASSED] - click(findTestObject("mobileSanity/STM/Page_App Page 3/a_Continue to Step 4 - Review")): Object: 'Object Repository/mobileSanity/STM/Page_App Page 3/a_Continue to Step 4 - Review' is clicked on&#xD;
&#xD;
2019-07-26 15:05:52 - [MESSAGE][PASSED] - Object: 'Object Repository/mobileSanity/STM/Page_App Page 3/a_Continue to Step 4 - Review' is clicked on&#xD;
&#xD;
2019-07-26 15:05:52 - [TEST_STEP][PASSED] - waitForPageLoad(10): Wait for page load successfully&#xD;
&#xD;
2019-07-26 15:05:52 - [MESSAGE][PASSED] - Wait for page load successfully&#xD;
&#xD;
2019-07-26 15:05:52 - [TEST_STEP][PASSED] - waitForElementClickable(findTestObject("mobileSanity/STM/Page_App Page 4/label"), 10): Object 'Object Repository/mobileSanity/STM/Page_App Page 4/label' is clickable&#xD;
&#xD;
2019-07-26 15:05:55 - [MESSAGE][PASSED] - Object 'Object Repository/mobileSanity/STM/Page_App Page 4/label' is clickable&#xD;
&#xD;
2019-07-26 15:05:55 - [TEST_STEP][PASSED] - Thread.sleep(2000): null&#xD;
&#xD;
2019-07-26 15:05:57 - [TEST_STEP][PASSED] - callTestCase(findTestCase("mobileWeb/_include/get_screenshot"), [:], STOP_ON_FAILURE): Call Test Case 'Test Cases/mobileWeb/_include/get_screenshot' successfully&#xD;
&#xD;
2019-07-26 15:05:57 - [TEST_CASE][PASSED] - Test Cases/mobileWeb/_include/get_screenshot: Test Cases/mobileWeb/_include/get_screenshot&#xD;
&#xD;
2019-07-26 15:05:57 - [TEST_STEP][PASSED] - takeScreenshot(screenPath + i + ".png"): Taking screenshot successfully&#xD;
&#xD;
2019-07-26 15:05:57 - [MESSAGE][PASSED] - Taking screenshot successfully&#xD;
[[ATTACHMENT|D:\\Test\\AgileTest\\AgileTest\\Reports\\mobileWeb\\stm\\20190726_145349\\../Screenshots/iPhone X/stm/National General/20190726_150449/10.png]]&#xD;
&#xD;
2019-07-26 15:05:57 - [TEST_STEP][PASSED] - (internal.GlobalVariable.i++): null&#xD;
&#xD;
2019-07-26 15:05:57 - [MESSAGE][PASSED] - Call Test Case 'Test Cases/mobileWeb/_include/get_screenshot' successfully&#xD;
&#xD;
2019-07-26 15:05:57 - [TEST_STEP][PASSED] - click(findTestObject("mobileSanity/STM/Page_App Page 4/label")): Object: 'Object Repository/mobileSanity/STM/Page_App Page 4/label' is clicked on&#xD;
&#xD;
2019-07-26 15:05:58 - [MESSAGE][PASSED] - Object: 'Object Repository/mobileSanity/STM/Page_App Page 4/label' is clicked on&#xD;
&#xD;
2019-07-26 15:05:58 - [TEST_STEP][PASSED] - click(findTestObject("mobileSanity/STM/Page_App Page 4/div_CLICK TO SIGN")): Object: 'Object Repository/mobileSanity/STM/Page_App Page 4/div_CLICK TO SIGN' is clicked on&#xD;
&#xD;
2019-07-26 15:05:58 - [MESSAGE][PASSED] - Object: 'Object Repository/mobileSanity/STM/Page_App Page 4/div_CLICK TO SIGN' is clicked on&#xD;
&#xD;
2019-07-26 15:05:58 - [TEST_STEP][PASSED] - click(findTestObject("mobileSanity/STM/Page_App Page 4/a_Submit Your Application")): Object: 'Object Repository/mobileSanity/STM/Page_App Page 4/a_Submit Your Application' is clicked on&#xD;
&#xD;
2019-07-26 15:05:58 - [MESSAGE][PASSED] - Object: 'Object Repository/mobileSanity/STM/Page_App Page 4/a_Submit Your Application' is clicked on&#xD;
&#xD;
2019-07-26 15:05:58 - [TEST_STEP][PASSED] - Thread.sleep(30000): null&#xD;
&#xD;
2019-07-26 15:06:28 - [TEST_STEP][PASSED] - callTestCase(findTestCase("mobileWeb/_include/get_screenshot"), [:], STOP_ON_FAILURE): Call Test Case 'Test Cases/mobileWeb/_include/get_screenshot' successfully&#xD;
&#xD;
2019-07-26 15:06:28 - [TEST_CASE][PASSED] - Test Cases/mobileWeb/_include/get_screenshot: Test Cases/mobileWeb/_include/get_screenshot&#xD;
&#xD;
2019-07-26 15:06:28 - [TEST_STEP][PASSED] - takeScreenshot(screenPath + i + ".png"): Taking screenshot successfully&#xD;
&#xD;
2019-07-26 15:06:29 - [MESSAGE][PASSED] - Taking screenshot successfully&#xD;
[[ATTACHMENT|D:\\Test\\AgileTest\\AgileTest\\Reports\\mobileWeb\\stm\\20190726_145349\\../Screenshots/iPhone X/stm/National General/20190726_150449/11.png]]&#xD;
&#xD;
2019-07-26 15:06:29 - [TEST_STEP][PASSED] - (internal.GlobalVariable.i++): null&#xD;
&#xD;
2019-07-26 15:06:29 - [MESSAGE][PASSED] - Call Test Case 'Test Cases/mobileWeb/_include/get_screenshot' successfully&#xD;
&#xD;
2019-07-26 15:06:29 - [TEST_STEP][PASSED] - waitForElementPresent(findTestObject("mobileSanity/STM/Page_App Page 6/span_planName"), 30): Object 'Object Repository/mobileSanity/STM/Page_App Page 6/span_planName' is not present after 30 second(s)&#xD;
&#xD;
2019-07-26 15:07:00 - [MESSAGE][INFO] - Unable to find the element located by 'By.xpath: id("js-app-confirmation")/div[@class="app-confirmation-main"]/div[@class="app-confirmation-container"]/p[@class="reset"]/span[@class="emphasize"]'. Please recheck the objects properties to make sure the desired element is located. &#xD;
&#xD;
2019-07-26 15:07:00 - [MESSAGE][WARNING] - Object 'Object Repository/mobileSanity/STM/Page_App Page 6/span_planName' is not present after 30 second(s)&#xD;
&#xD;
2019-07-26 15:07:00 - [TEST_STEP][FAILED] - verifyElementPresent(findTestObject("mobileSanity/STM/Page_App Page 6/span_planName"), 20): Unable to verify object 'Object Repository/mobileSanity/STM/Page_App Page 6/span_planName' is present (Root cause: com.kms.katalon.core.exception.StepFailedException: Unable to verify object 'Object Repository/mobileSanity/STM/Page_App Page 6/span_planName' is present&#xD;
	at com.kms.katalon.core.webui.keyword.internal.WebUIKeywordMain.stepFailed(WebUIKeywordMain.groovy:64)&#xD;
	at com.kms.katalon.core.webui.keyword.internal.WebUIKeywordMain.runKeyword(WebUIKeywordMain.groovy:26)&#xD;
	at com.kms.katalon.core.webui.keyword.builtin.VerifyElementPresentKeyword.verifyElementPresent(VerifyElementPresentKeyword.groovy:92)&#xD;
	at com.kms.katalon.core.webui.keyword.builtin.VerifyElementPresentKeyword.execute(VerifyElementPresentKeyword.groovy:68)&#xD;
	at com.kms.katalon.core.keyword.internal.KeywordExecutor.executeKeywordForPlatform(KeywordExecutor.groovy:56)&#xD;
	at com.kms.katalon.core.webui.keyword.WebUiBuiltInKeywords.verifyElementPresent(WebUiBuiltInKeywords.groovy:1434)&#xD;
	at com.kms.katalon.core.webui.keyword.WebUiBuiltInKeywords$verifyElementPresent$12.call(Unknown Source)&#xD;
	at goToEnd_stm_autofill.run(goToEnd_stm_autofill:96)&#xD;
	at com.kms.katalon.core.main.ScriptEngine.run(ScriptEngine.java:194)&#xD;
	at com.kms.katalon.core.main.ScriptEngine.runScriptAsRawText(ScriptEngine.java:119)&#xD;
	at com.kms.katalon.core.main.TestCaseExecutor.runScript(TestCaseExecutor.java:337)&#xD;
	at com.kms.katalon.core.main.TestCaseExecutor.doExecute(TestCaseExecutor.java:328)&#xD;
	at com.kms.katalon.core.main.TestCaseExecutor.processExecutionPhase(TestCaseExecutor.java:307)&#xD;
	at com.kms.katalon.core.main.TestCaseExecutor.accessMainPhase(TestCaseExecutor.java:299)&#xD;
	at com.kms.katalon.core.main.TestCaseExecutor.execute(TestCaseExecutor.java:233)&#xD;
	at com.kms.katalon.core.main.TestCaseMain.runTestCase(TestCaseMain.java:114)&#xD;
	at com.kms.katalon.core.keyword.builtin.CallTestCaseKeyword$_callTestCase_closure1.doCall(CallTestCaseKeyword.groovy:59)&#xD;
	at com.kms.katalon.core.keyword.builtin.CallTestCaseKeyword$_callTestCase_closure1.call(CallTestCaseKeyword.groovy)&#xD;
	at com.kms.katalon.core.keyword.internal.KeywordMain.runKeyword(KeywordMain.groovy:68)&#xD;
	at com.kms.katalon.core.keyword.builtin.CallTestCaseKeyword.callTestCase(CallTestCaseKeyword.groovy:81)&#xD;
	at com.kms.katalon.core.keyword.builtin.CallTestCaseKeyword.execute(CallTestCaseKeyword.groovy:44)&#xD;
	at com.kms.katalon.core.keyword.internal.KeywordExecutor.executeKeywordForPlatform(KeywordExecutor.groovy:56)&#xD;
	at com.kms.katalon.core.keyword.BuiltinKeywords.callTestCase(BuiltinKeywords.groovy:334)&#xD;
	at NationalGeneral.run(NationalGeneral:31)&#xD;
	at com.kms.katalon.core.main.ScriptEngine.run(ScriptEngine.java:194)&#xD;
	at com.kms.katalon.core.main.ScriptEngine.runScriptAsRawText(ScriptEngine.java:119)&#xD;
	at com.kms.katalon.core.main.TestCaseExecutor.runScript(TestCaseExecutor.java:337)&#xD;
	at com.kms.katalon.core.main.TestCaseExecutor.doExecute(TestCaseExecutor.java:328)&#xD;
	at com.kms.katalon.core.main.TestCaseExecutor.processExecutionPhase(TestCaseExecutor.java:307)&#xD;
	at com.kms.katalon.core.main.TestCaseExecutor.accessMainPhase(TestCaseExecutor.java:299)&#xD;
	at com.kms.katalon.core.main.TestCaseExecutor.execute(TestCaseExecutor.java:233)&#xD;
	at com.kms.katalon.core.main.TestSuiteExecutor.accessTestCaseMainPhase(TestSuiteExecutor.java:133)&#xD;
	at com.kms.katalon.core.main.TestSuiteExecutor.accessTestSuiteMainPhase(TestSuiteExecutor.java:116)&#xD;
	at com.kms.katalon.core.main.TestSuiteExecutor.execute(TestSuiteExecutor.java:83)&#xD;
	at com.kms.katalon.core.main.TestCaseMain.startTestSuite(TestCaseMain.java:157)&#xD;
	at com.kms.katalon.core.main.TestCaseMain$startTestSuite$0.call(Unknown Source)&#xD;
	at TempTestSuite1564124029030.run(TempTestSuite1564124029030.groovy:35)&#xD;
Caused by: com.kms.katalon.core.exception.StepFailedException: com.kms.katalon.core.webui.exception.WebElementNotFoundException: Web element with id: 'Object Repository/mobileSanity/STM/Page_App Page 6/span_planName' located by 'By.xpath: id("js-app-confirmation")/div[@class="app-confirmation-main"]/div[@class="app-confirmation-container"]/p[@class="reset"]/span[@class="emphasize"]' not found&#xD;
	at com.kms.katalon.core.webui.keyword.internal.WebUIKeywordMain.stepFailed(WebUIKeywordMain.groovy:64)&#xD;
	at com.kms.katalon.core.webui.keyword.builtin.VerifyElementPresentKeyword$_verifyElementPresent_closure1.doCall(VerifyElementPresentKeyword.groovy:85)&#xD;
	at com.kms.katalon.core.webui.keyword.builtin.VerifyElementPresentKeyword$_verifyElementPresent_closure1.call(VerifyElementPresentKeyword.groovy)&#xD;
	at com.kms.katalon.core.webui.keyword.internal.WebUIKeywordMain.runKeyword(WebUIKeywordMain.groovy:20)&#xD;
	... 35 more&#xD;
)&#xD;
&#xD;
2019-07-26 15:07:20 - [MESSAGE][INFO] - Unable to find the element located by 'By.xpath: id("js-app-confirmation")/div[@class="app-confirmation-main"]/div[@class="app-confirmation-container"]/p[@class="reset"]/span[@class="emphasize"]'. Please recheck the objects properties to make sure the desired element is located. &#xD;
&#xD;
2019-07-26 15:07:21 - [MESSAGE][FAILED] - com.kms.katalon.core.webui.exception.WebElementNotFoundException: Web element with id: 'Object Repository/mobileSanity/STM/Page_App Page 6/span_planName' located by 'By.xpath: id("js-app-confirmation")/div[@class="app-confirmation-main"]/div[@class="app-confirmation-container"]/p[@class="reset"]/span[@class="emphasize"]' not found (Root cause: com.kms.katalon.core.exception.StepFailedException: com.kms.katalon.core.webui.exception.WebElementNotFoundException: Web element with id: 'Object Repository/mobileSanity/STM/Page_App Page 6/span_planName' located by 'By.xpath: id("js-app-confirmation")/div[@class="app-confirmation-main"]/div[@class="app-confirmation-container"]/p[@class="reset"]/span[@class="emphasize"]' not found&#xD;
	at com.kms.katalon.core.webui.keyword.internal.WebUIKeywordMain.stepFailed(WebUIKeywordMain.groovy:64)&#xD;
	at com.kms.katalon.core.webui.keyword.builtin.VerifyElementPresentKeyword$_verifyElementPresent_closure1.doCall(VerifyElementPresentKeyword.groovy:85)&#xD;
	at com.kms.katalon.core.webui.keyword.builtin.VerifyElementPresentKeyword$_verifyElementPresent_closure1.call(VerifyElementPresentKeyword.groovy)&#xD;
	at com.kms.katalon.core.webui.keyword.internal.WebUIKeywordMain.runKeyword(WebUIKeywordMain.groovy:20)&#xD;
	at com.kms.katalon.core.webui.keyword.builtin.VerifyElementPresentKeyword.verifyElementPresent(VerifyElementPresentKeyword.groovy:92)&#xD;
	at com.kms.katalon.core.webui.keyword.builtin.VerifyElementPresentKeyword.execute(VerifyElementPresentKeyword.groovy:68)&#xD;
	at com.kms.katalon.core.keyword.internal.KeywordExecutor.executeKeywordForPlatform(KeywordExecutor.groovy:56)&#xD;
	at com.kms.katalon.core.webui.keyword.WebUiBuiltInKeywords.verifyElementPresent(WebUiBuiltInKeywords.groovy:1434)&#xD;
	at com.kms.katalon.core.webui.keyword.WebUiBuiltInKeywords$verifyElementPresent$12.call(Unknown Source)&#xD;
	at goToEnd_stm_autofill.run(goToEnd_stm_autofill:96)&#xD;
	at com.kms.katalon.core.main.ScriptEngine.run(ScriptEngine.java:194)&#xD;
	at com.kms.katalon.core.main.ScriptEngine.runScriptAsRawText(ScriptEngine.java:119)&#xD;
	at com.kms.katalon.core.main.TestCaseExecutor.runScript(TestCaseExecutor.java:337)&#xD;
	at com.kms.katalon.core.main.TestCaseExecutor.doExecute(TestCaseExecutor.java:328)&#xD;
	at com.kms.katalon.core.main.TestCaseExecutor.processExecutionPhase(TestCaseExecutor.java:307)&#xD;
	at com.kms.katalon.core.main.TestCaseExecutor.accessMainPhase(TestCaseExecutor.java:299)&#xD;
	at com.kms.katalon.core.main.TestCaseExecutor.execute(TestCaseExecutor.java:233)&#xD;
	at com.kms.katalon.core.main.TestCaseMain.runTestCase(TestCaseMain.java:114)&#xD;
	at com.kms.katalon.core.keyword.builtin.CallTestCaseKeyword$_callTestCase_closure1.doCall(CallTestCaseKeyword.groovy:59)&#xD;
	at com.kms.katalon.core.keyword.builtin.CallTestCaseKeyword$_callTestCase_closure1.call(CallTestCaseKeyword.groovy)&#xD;
	at com.kms.katalon.core.keyword.internal.KeywordMain.runKeyword(KeywordMain.groovy:68)&#xD;
	at com.kms.katalon.core.keyword.builtin.CallTestCaseKeyword.callTestCase(CallTestCaseKeyword.groovy:81)&#xD;
	at com.kms.katalon.core.keyword.builtin.CallTestCaseKeyword.execute(CallTestCaseKeyword.groovy:44)&#xD;
	at com.kms.katalon.core.keyword.internal.KeywordExecutor.executeKeywordForPlatform(KeywordExecutor.groovy:56)&#xD;
	at com.kms.katalon.core.keyword.BuiltinKeywords.callTestCase(BuiltinKeywords.groovy:334)&#xD;
	at NationalGeneral.run(NationalGeneral:31)&#xD;
	at com.kms.katalon.core.main.ScriptEngine.run(ScriptEngine.java:194)&#xD;
	at com.kms.katalon.core.main.ScriptEngine.runScriptAsRawText(ScriptEngine.java:119)&#xD;
	at com.kms.katalon.core.main.TestCaseExecutor.runScript(TestCaseExecutor.java:337)&#xD;
	at com.kms.katalon.core.main.TestCaseExecutor.doExecute(TestCaseExecutor.java:328)&#xD;
	at com.kms.katalon.core.main.TestCaseExecutor.processExecutionPhase(TestCaseExecutor.java:307)&#xD;
	at com.kms.katalon.core.main.TestCaseExecutor.accessMainPhase(TestCaseExecutor.java:299)&#xD;
	at com.kms.katalon.core.main.TestCaseExecutor.execute(TestCaseExecutor.java:233)&#xD;
	at com.kms.katalon.core.main.TestSuiteExecutor.accessTestCaseMainPhase(TestSuiteExecutor.java:133)&#xD;
	at com.kms.katalon.core.main.TestSuiteExecutor.accessTestSuiteMainPhase(TestSuiteExecutor.java:116)&#xD;
	at com.kms.katalon.core.main.TestSuiteExecutor.execute(TestSuiteExecutor.java:83)&#xD;
	at com.kms.katalon.core.main.TestCaseMain.startTestSuite(TestCaseMain.java:157)&#xD;
	at com.kms.katalon.core.main.TestCaseMain$startTestSuite$0.call(Unknown Source)&#xD;
	at TempTestSuite1564124029030.run(TempTestSuite1564124029030.groovy:35)&#xD;
)&#xD;
[[ATTACHMENT|D:\\Test\\AgileTest\\AgileTest\\Reports\\mobileWeb\\stm\\20190726_145349\\1564124840990.png]]&#xD;
&#xD;
2019-07-26 15:07:22 - [MESSAGE][FAILED] - Unable to verify object 'Object Repository/mobileSanity/STM/Page_App Page 6/span_planName' is present (Root cause: com.kms.katalon.core.exception.StepFailedException: Unable to verify object 'Object Repository/mobileSanity/STM/Page_App Page 6/span_planName' is present&#xD;
	at com.kms.katalon.core.webui.keyword.internal.WebUIKeywordMain.stepFailed(WebUIKeywordMain.groovy:64)&#xD;
	at com.kms.katalon.core.webui.keyword.internal.WebUIKeywordMain.runKeyword(WebUIKeywordMain.groovy:26)&#xD;
	at com.kms.katalon.core.webui.keyword.builtin.VerifyElementPresentKeyword.verifyElementPresent(VerifyElementPresentKeyword.groovy:92)&#xD;
	at com.kms.katalon.core.webui.keyword.builtin.VerifyElementPresentKeyword.execute(VerifyElementPresentKeyword.groovy:68)&#xD;
	at com.kms.katalon.core.keyword.internal.KeywordExecutor.executeKeywordForPlatform(KeywordExecutor.groovy:56)&#xD;
	at com.kms.katalon.core.webui.keyword.WebUiBuiltInKeywords.verifyElementPresent(WebUiBuiltInKeywords.groovy:1434)&#xD;
	at com.kms.katalon.core.webui.keyword.WebUiBuiltInKeywords$verifyElementPresent$12.call(Unknown Source)&#xD;
	at goToEnd_stm_autofill.run(goToEnd_stm_autofill:96)&#xD;
	at com.kms.katalon.core.main.ScriptEngine.run(ScriptEngine.java:194)&#xD;
	at com.kms.katalon.core.main.ScriptEngine.runScriptAsRawText(ScriptEngine.java:119)&#xD;
	at com.kms.katalon.core.main.TestCaseExecutor.runScript(TestCaseExecutor.java:337)&#xD;
	at com.kms.katalon.core.main.TestCaseExecutor.doExecute(TestCaseExecutor.java:328)&#xD;
	at com.kms.katalon.core.main.TestCaseExecutor.processExecutionPhase(TestCaseExecutor.java:307)&#xD;
	at com.kms.katalon.core.main.TestCaseExecutor.accessMainPhase(TestCaseExecutor.java:299)&#xD;
	at com.kms.katalon.core.main.TestCaseExecutor.execute(TestCaseExecutor.java:233)&#xD;
	at com.kms.katalon.core.main.TestCaseMain.runTestCase(TestCaseMain.java:114)&#xD;
	at com.kms.katalon.core.keyword.builtin.CallTestCaseKeyword$_callTestCase_closure1.doCall(CallTestCaseKeyword.groovy:59)&#xD;
	at com.kms.katalon.core.keyword.builtin.CallTestCaseKeyword$_callTestCase_closure1.call(CallTestCaseKeyword.groovy)&#xD;
	at com.kms.katalon.core.keyword.internal.KeywordMain.runKeyword(KeywordMain.groovy:68)&#xD;
	at com.kms.katalon.core.keyword.builtin.CallTestCaseKeyword.callTestCase(CallTestCaseKeyword.groovy:81)&#xD;
	at com.kms.katalon.core.keyword.builtin.CallTestCaseKeyword.execute(CallTestCaseKeyword.groovy:44)&#xD;
	at com.kms.katalon.core.keyword.internal.KeywordExecutor.executeKeywordForPlatform(KeywordExecutor.groovy:56)&#xD;
	at com.kms.katalon.core.keyword.BuiltinKeywords.callTestCase(BuiltinKeywords.groovy:334)&#xD;
	at NationalGeneral.run(NationalGeneral:31)&#xD;
	at com.kms.katalon.core.main.ScriptEngine.run(ScriptEngine.java:194)&#xD;
	at com.kms.katalon.core.main.ScriptEngine.runScriptAsRawText(ScriptEngine.java:119)&#xD;
	at com.kms.katalon.core.main.TestCaseExecutor.runScript(TestCaseExecutor.java:337)&#xD;
	at com.kms.katalon.core.main.TestCaseExecutor.doExecute(TestCaseExecutor.java:328)&#xD;
	at com.kms.katalon.core.main.TestCaseExecutor.processExecutionPhase(TestCaseExecutor.java:307)&#xD;
	at com.kms.katalon.core.main.TestCaseExecutor.accessMainPhase(TestCaseExecutor.java:299)&#xD;
	at com.kms.katalon.core.main.TestCaseExecutor.execute(TestCaseExecutor.java:233)&#xD;
	at com.kms.katalon.core.main.TestSuiteExecutor.accessTestCaseMainPhase(TestSuiteExecutor.java:133)&#xD;
	at com.kms.katalon.core.main.TestSuiteExecutor.accessTestSuiteMainPhase(TestSuiteExecutor.java:116)&#xD;
	at com.kms.katalon.core.main.TestSuiteExecutor.execute(TestSuiteExecutor.java:83)&#xD;
	at com.kms.katalon.core.main.TestCaseMain.startTestSuite(TestCaseMain.java:157)&#xD;
	at com.kms.katalon.core.main.TestCaseMain$startTestSuite$0.call(Unknown Source)&#xD;
	at TempTestSuite1564124029030.run(TempTestSuite1564124029030.groovy:35)&#xD;
Caused by: com.kms.katalon.core.exception.StepFailedException: com.kms.katalon.core.webui.exception.WebElementNotFoundException: Web element with id: 'Object Repository/mobileSanity/STM/Page_App Page 6/span_planName' located by 'By.xpath: id("js-app-confirmation")/div[@class="app-confirmation-main"]/div[@class="app-confirmation-container"]/p[@class="reset"]/span[@class="emphasize"]' not found&#xD;
	at com.kms.katalon.core.webui.keyword.internal.WebUIKeywordMain.stepFailed(WebUIKeywordMain.groovy:64)&#xD;
	at com.kms.katalon.core.webui.keyword.builtin.VerifyElementPresentKeyword$_verifyElementPresent_closure1.doCall(VerifyElementPresentKeyword.groovy:85)&#xD;
	at com.kms.katalon.core.webui.keyword.builtin.VerifyElementPresentKeyword$_verifyElementPresent_closure1.call(VerifyElementPresentKeyword.groovy)&#xD;
	at com.kms.katalon.core.webui.keyword.internal.WebUIKeywordMain.runKeyword(WebUIKeywordMain.groovy:20)&#xD;
	... 35 more&#xD;
)&#xD;
[[ATTACHMENT|D:\\Test\\AgileTest\\AgileTest\\Reports\\mobileWeb\\stm\\20190726_145349\\1564124841722.png]]&#xD;
&#xD;
2019-07-26 15:07:22 - [MESSAGE][FAILED] - Unable to call Test Case 'Test Cases/mobileWeb/_include/goToEnd_stm_autofill' (Root cause: com.kms.katalon.core.exception.StepFailedException: Call Test Case 'Test Cases/mobileWeb/_include/goToEnd_stm_autofill' failed&#xD;
	at com.kms.katalon.core.keyword.builtin.CallTestCaseKeyword$_callTestCase_closure1.doCall(CallTestCaseKeyword.groovy:63)&#xD;
	at com.kms.katalon.core.keyword.builtin.CallTestCaseKeyword$_callTestCase_closure1.call(CallTestCaseKeyword.groovy)&#xD;
	at com.kms.katalon.core.keyword.internal.KeywordMain.runKeyword(KeywordMain.groovy:68)&#xD;
	at com.kms.katalon.core.keyword.builtin.CallTestCaseKeyword.callTestCase(CallTestCaseKeyword.groovy:81)&#xD;
	at com.kms.katalon.core.keyword.builtin.CallTestCaseKeyword.execute(CallTestCaseKeyword.groovy:44)&#xD;
	at com.kms.katalon.core.keyword.internal.KeywordExecutor.executeKeywordForPlatform(KeywordExecutor.groovy:56)&#xD;
	at com.kms.katalon.core.keyword.BuiltinKeywords.callTestCase(BuiltinKeywords.groovy:334)&#xD;
	at NationalGeneral.run(NationalGeneral:31)&#xD;
	at com.kms.katalon.core.main.ScriptEngine.run(ScriptEngine.java:194)&#xD;
	at com.kms.katalon.core.main.ScriptEngine.runScriptAsRawText(ScriptEngine.java:119)&#xD;
	at com.kms.katalon.core.main.TestCaseExecutor.runScript(TestCaseExecutor.java:337)&#xD;
	at com.kms.katalon.core.main.TestCaseExecutor.doExecute(TestCaseExecutor.java:328)&#xD;
	at com.kms.katalon.core.main.TestCaseExecutor.processExecutionPhase(TestCaseExecutor.java:307)&#xD;
	at com.kms.katalon.core.main.TestCaseExecutor.accessMainPhase(TestCaseExecutor.java:299)&#xD;
	at com.kms.katalon.core.main.TestCaseExecutor.execute(TestCaseExecutor.java:233)&#xD;
	at com.kms.katalon.core.main.TestSuiteExecutor.accessTestCaseMainPhase(TestSuiteExecutor.java:133)&#xD;
	at com.kms.katalon.core.main.TestSuiteExecutor.accessTestSuiteMainPhase(TestSuiteExecutor.java:116)&#xD;
	at com.kms.katalon.core.main.TestSuiteExecutor.execute(TestSuiteExecutor.java:83)&#xD;
	at com.kms.katalon.core.main.TestCaseMain.startTestSuite(TestCaseMain.java:157)&#xD;
	at com.kms.katalon.core.main.TestCaseMain$startTestSuite$0.call(Unknown Source)&#xD;
	at TempTestSuite1564124029030.run(TempTestSuite1564124029030.groovy:35)&#xD;
Caused by: com.kms.katalon.core.exception.StepFailedException: Unable to verify object 'Object Repository/mobileSanity/STM/Page_App Page 6/span_planName' is present&#xD;
	at com.kms.katalon.core.webui.keyword.internal.WebUIKeywordMain.stepFailed(WebUIKeywordMain.groovy:64)&#xD;
	at com.kms.katalon.core.webui.keyword.internal.WebUIKeywordMain.runKeyword(WebUIKeywordMain.groovy:26)&#xD;
	at com.kms.katalon.core.webui.keyword.builtin.VerifyElementPresentKeyword.verifyElementPresent(VerifyElementPresentKeyword.groovy:92)&#xD;
	at com.kms.katalon.core.webui.keyword.builtin.VerifyElementPresentKeyword.execute(VerifyElementPresentKeyword.groovy:68)&#xD;
	at com.kms.katalon.core.keyword.internal.KeywordExecutor.executeKeywordForPlatform(KeywordExecutor.groovy:56)&#xD;
	at com.kms.katalon.core.webui.keyword.WebUiBuiltInKeywords.verifyElementPresent(WebUiBuiltInKeywords.groovy:1434)&#xD;
	at com.kms.katalon.core.webui.keyword.WebUiBuiltInKeywords$verifyElementPresent$12.call(Unknown Source)&#xD;
	at goToEnd_stm_autofill.run(goToEnd_stm_autofill:96)&#xD;
	at com.kms.katalon.core.main.ScriptEngine.run(ScriptEngine.java:194)&#xD;
	at com.kms.katalon.core.main.ScriptEngine.runScriptAsRawText(ScriptEngine.java:119)&#xD;
	at com.kms.katalon.core.main.TestCaseExecutor.runScript(TestCaseExecutor.java:337)&#xD;
	at com.kms.katalon.core.main.TestCaseExecutor.doExecute(TestCaseExecutor.java:328)&#xD;
	at com.kms.katalon.core.main.TestCaseExecutor.processExecutionPhase(TestCaseExecutor.java:307)&#xD;
	at com.kms.katalon.core.main.TestCaseExecutor.accessMainPhase(TestCaseExecutor.java:299)&#xD;
	at com.kms.katalon.core.main.TestCaseExecutor.execute(TestCaseExecutor.java:233)&#xD;
	at com.kms.katalon.core.main.TestCaseMain.runTestCase(TestCaseMain.java:114)&#xD;
	at com.kms.katalon.core.keyword.builtin.CallTestCaseKeyword$_callTestCase_closure1.doCall(CallTestCaseKeyword.groovy:59)&#xD;
	... 20 more&#xD;
Caused by: com.kms.katalon.core.exception.StepFailedException: com.kms.katalon.core.webui.exception.WebElementNotFoundException: Web element with id: 'Object Repository/mobileSanity/STM/Page_App Page 6/span_planName' located by 'By.xpath: id("js-app-confirmation")/div[@class="app-confirmation-main"]/div[@class="app-confirmation-container"]/p[@class="reset"]/span[@class="emphasize"]' not found&#xD;
	at com.kms.katalon.core.webui.keyword.internal.WebUIKeywordMain.stepFailed(WebUIKeywordMain.groovy:64)&#xD;
	at com.kms.katalon.core.webui.keyword.builtin.VerifyElementPresentKeyword$_verifyElementPresent_closure1.doCall(VerifyElementPresentKeyword.groovy:85)&#xD;
	at com.kms.katalon.core.webui.keyword.builtin.VerifyElementPresentKeyword$_verifyElementPresent_closure1.call(VerifyElementPresentKeyword.groovy)&#xD;
	at com.kms.katalon.core.webui.keyword.internal.WebUIKeywordMain.runKeyword(WebUIKeywordMain.groovy:20)&#xD;
	... 35 more&#xD;
)</system-out>
            <system-err>2019-07-26 15:04:49 - [TEST_CASE][FAILED] - Test Cases/mobileWeb/stm/NationalGeneral: Test Cases/mobileWeb/stm/NationalGeneral FAILED.
Reason:
com.kms.katalon.core.exception.StepFailedException: Call Test Case 'Test Cases/mobileWeb/_include/goToEnd_stm_autofill' failed&#xD;
	at com.kms.katalon.core.keyword.builtin.CallTestCaseKeyword$_callTestCase_closure1.doCall(CallTestCaseKeyword.groovy:63)&#xD;
	at com.kms.katalon.core.keyword.builtin.CallTestCaseKeyword$_callTestCase_closure1.call(CallTestCaseKeyword.groovy)&#xD;
	at com.kms.katalon.core.keyword.internal.KeywordMain.runKeyword(KeywordMain.groovy:68)&#xD;
	at com.kms.katalon.core.keyword.builtin.CallTestCaseKeyword.callTestCase(CallTestCaseKeyword.groovy:81)&#xD;
	at com.kms.katalon.core.keyword.builtin.CallTestCaseKeyword.execute(CallTestCaseKeyword.groovy:44)&#xD;
	at com.kms.katalon.core.keyword.internal.KeywordExecutor.executeKeywordForPlatform(KeywordExecutor.groovy:56)&#xD;
	at com.kms.katalon.core.keyword.BuiltinKeywords.callTestCase(BuiltinKeywords.groovy:334)&#xD;
	at NationalGeneral.run(NationalGeneral:31)&#xD;
	at com.kms.katalon.core.main.ScriptEngine.run(ScriptEngine.java:194)&#xD;
	at com.kms.katalon.core.main.ScriptEngine.runScriptAsRawText(ScriptEngine.java:119)&#xD;
	at com.kms.katalon.core.main.TestCaseExecutor.runScript(TestCaseExecutor.java:337)&#xD;
	at com.kms.katalon.core.main.TestCaseExecutor.doExecute(TestCaseExecutor.java:328)&#xD;
	at com.kms.katalon.core.main.TestCaseExecutor.processExecutionPhase(TestCaseExecutor.java:307)&#xD;
	at com.kms.katalon.core.main.TestCaseExecutor.accessMainPhase(TestCaseExecutor.java:299)&#xD;
	at com.kms.katalon.core.main.TestCaseExecutor.execute(TestCaseExecutor.java:233)&#xD;
	at com.kms.katalon.core.main.TestSuiteExecutor.accessTestCaseMainPhase(TestSuiteExecutor.java:133)&#xD;
	at com.kms.katalon.core.main.TestSuiteExecutor.accessTestSuiteMainPhase(TestSuiteExecutor.java:116)&#xD;
	at com.kms.katalon.core.main.TestSuiteExecutor.execute(TestSuiteExecutor.java:83)&#xD;
	at com.kms.katalon.core.main.TestCaseMain.startTestSuite(TestCaseMain.java:157)&#xD;
	at com.kms.katalon.core.main.TestCaseMain$startTestSuite$0.call(Unknown Source)&#xD;
	at TempTestSuite1564124029030.run(TempTestSuite1564124029030.groovy:35)&#xD;
Caused by: com.kms.katalon.core.exception.StepFailedException: Unable to verify object 'Object Repository/mobileSanity/STM/Page_App Page 6/span_planName' is present&#xD;
	at com.kms.katalon.core.webui.keyword.internal.WebUIKeywordMain.stepFailed(WebUIKeywordMain.groovy:64)&#xD;
	at com.kms.katalon.core.webui.keyword.internal.WebUIKeywordMain.runKeyword(WebUIKeywordMain.groovy:26)&#xD;
	at com.kms.katalon.core.webui.keyword.builtin.VerifyElementPresentKeyword.verifyElementPresent(VerifyElementPresentKeyword.groovy:92)&#xD;
	at com.kms.katalon.core.webui.keyword.builtin.VerifyElementPresentKeyword.execute(VerifyElementPresentKeyword.groovy:68)&#xD;
	at com.kms.katalon.core.keyword.internal.KeywordExecutor.executeKeywordForPlatform(KeywordExecutor.groovy:56)&#xD;
	at com.kms.katalon.core.webui.keyword.WebUiBuiltInKeywords.verifyElementPresent(WebUiBuiltInKeywords.groovy:1434)&#xD;
	at com.kms.katalon.core.webui.keyword.WebUiBuiltInKeywords$verifyElementPresent$12.call(Unknown Source)&#xD;
	at goToEnd_stm_autofill.run(goToEnd_stm_autofill:96)&#xD;
	at com.kms.katalon.core.main.ScriptEngine.run(ScriptEngine.java:194)&#xD;
	at com.kms.katalon.core.main.ScriptEngine.runScriptAsRawText(ScriptEngine.java:119)&#xD;
	at com.kms.katalon.core.main.TestCaseExecutor.runScript(TestCaseExecutor.java:337)&#xD;
	at com.kms.katalon.core.main.TestCaseExecutor.doExecute(TestCaseExecutor.java:328)&#xD;
	at com.kms.katalon.core.main.TestCaseExecutor.processExecutionPhase(TestCaseExecutor.java:307)&#xD;
	at com.kms.katalon.core.main.TestCaseExecutor.accessMainPhase(TestCaseExecutor.java:299)&#xD;
	at com.kms.katalon.core.main.TestCaseExecutor.execute(TestCaseExecutor.java:233)&#xD;
	at com.kms.katalon.core.main.TestCaseMain.runTestCase(TestCaseMain.java:114)&#xD;
	at com.kms.katalon.core.keyword.builtin.CallTestCaseKeyword$_callTestCase_closure1.doCall(CallTestCaseKeyword.groovy:59)&#xD;
	... 20 more&#xD;
Caused by: com.kms.katalon.core.exception.StepFailedException: com.kms.katalon.core.webui.exception.WebElementNotFoundException: Web element with id: 'Object Repository/mobileSanity/STM/Page_App Page 6/span_planName' located by 'By.xpath: id("js-app-confirmation")/div[@class="app-confirmation-main"]/div[@class="app-confirmation-container"]/p[@class="reset"]/span[@class="emphasize"]' not found&#xD;
	at com.kms.katalon.core.webui.keyword.internal.WebUIKeywordMain.stepFailed(WebUIKeywordMain.groovy:64)&#xD;
	at com.kms.katalon.core.webui.keyword.builtin.VerifyElementPresentKeyword$_verifyElementPresent_closure1.doCall(VerifyElementPresentKeyword.groovy:85)&#xD;
	at com.kms.katalon.core.webui.keyword.builtin.VerifyElementPresentKeyword$_verifyElementPresent_closure1.call(VerifyElementPresentKeyword.groovy)&#xD;
	at com.kms.katalon.core.webui.keyword.internal.WebUIKeywordMain.runKeyword(WebUIKeywordMain.groovy:20)&#xD;
	... 35 more</system-err>
        </testcase>
        <system-out>2019-07-26 14:53:52 - [TEST_SUITE][INCOMPLETE] - stm: null</system-out>
        <system-err>2019-07-26 14:53:52 - [TEST_SUITE][INCOMPLETE] - stm: null</system-err>
    </testsuite>
</testsuites>
