<?xml version="1.0" encoding="UTF-8"?>
<testsuites name="medicare_staging" time="1490" tests="11" failures="0" errors="0">
   <testsuite name="medicare_staging" tests="11" failures="0" errors="0" time="1490" timestamp="2020-06-07 08:00:41" hostname="Administrator - 172.30.0.53" id="Test Suites/Medicare/medicare_staging">
      <properties>
         <property name="deviceName" value=""/>
         <property name="devicePlatform" value=""/>
         <property name="logFolder" value="D:\\Test\\AgileTest\\Reports\\Medicare\\medicare_staging\\20200607_080037"/>
         <property name="logFiles" value="D:\\Test\\AgileTest\\Reports\\Medicare\\medicare_staging\\20200607_080037\\execution0.log"/>
         <property name="attachments" value="D:\\Test\\AgileTest\\Reports\\Medicare\\medicare_staging\\20200607_080037\\../Screenshots/Web/Medicare/Compare plan/20200607_080042/0.png, D:\\Test\\AgileTest\\Reports\\Medicare\\medicare_staging\\20200607_080037\\../Screenshots/Web/Medicare/Compare plan/20200607_080042/1.png, D:\\Test\\AgileTest\\Reports\\Medicare\\medicare_staging\\20200607_080037\\../Screenshots/Web/Medicare/Compare plan/20200607_080042/2.png, D:\\Test\\AgileTest\\Reports\\Medicare\\medicare_staging\\20200607_080037\\../Screenshots/Web/Medicare/Compare plan/20200607_080042/3.png, D:\\Test\\AgileTest\\Reports\\Medicare\\medicare_staging\\20200607_080037\\../Screenshots/Web/Medicare/Filter and sort/20200607_080231/0.png, D:\\Test\\AgileTest\\Reports\\Medicare\\medicare_staging\\20200607_080037\\../Screenshots/Web/Medicare/Filter and sort/20200607_080231/1.png, D:\\Test\\AgileTest\\Reports\\Medicare\\medicare_staging\\20200607_080037\\../Screenshots/Web/Medicare/Filter and sort/20200607_080231/2.png, D:\\Test\\AgileTest\\Reports\\Medicare\\medicare_staging\\20200607_080037\\../Screenshots/Web/Medicare/Filter and sort/20200607_080231/3.png, D:\\Test\\AgileTest\\Reports\\Medicare\\medicare_staging\\20200607_080037\\../Screenshots/Web/Medicare/Filter and sort/20200607_080231/4.png, D:\\Test\\AgileTest\\Reports\\Medicare\\medicare_staging\\20200607_080037\\../Screenshots/Web/Medicare/Filter and sort/20200607_080231/5.png, D:\\Test\\AgileTest\\Reports\\Medicare\\medicare_staging\\20200607_080037\\../Screenshots/Web/Medicare/Filter and sort/20200607_080231/6.png, D:\\Test\\AgileTest\\Reports\\Medicare\\medicare_staging\\20200607_080037\\../Screenshots/Web/Medicare/Filter and sort/20200607_080231/7.png, D:\\Test\\AgileTest\\Reports\\Medicare\\medicare_staging\\20200607_080037\\../Screenshots/Web/Medicare/Healthcare visits/20200607_080519/0.png, D:\\Test\\AgileTest\\Reports\\Medicare\\medicare_staging\\20200607_080037\\../Screenshots/Web/Medicare/Healthcare visits/20200607_080519/1.png, D:\\Test\\AgileTest\\Reports\\Medicare\\medicare_staging\\20200607_080037\\../Screenshots/Web/Medicare/Healthcare visits/20200607_080519/2.png, D:\\Test\\AgileTest\\Reports\\Medicare\\medicare_staging\\20200607_080037\\../Screenshots/Web/Medicare/Healthcare visits/20200607_080519/3.png, D:\\Test\\AgileTest\\Reports\\Medicare\\medicare_staging\\20200607_080037\\../Screenshots/Web/Medicare/Healthcare visits/20200607_080519/4.png, D:\\Test\\AgileTest\\Reports\\Medicare\\medicare_staging\\20200607_080037\\../Screenshots/Web/Medicare/Healthcare visits/20200607_080519/5.png, D:\\Test\\AgileTest\\Reports\\Medicare\\medicare_staging\\20200607_080037\\../Screenshots/Web/Medicare/Healthcare visits/20200607_080519/6.png, D:\\Test\\AgileTest\\Reports\\Medicare\\medicare_staging\\20200607_080037\\../Screenshots/Web/Medicare/Help/20200607_080725/0.png, D:\\Test\\AgileTest\\Reports\\Medicare\\medicare_staging\\20200607_080037\\../Screenshots/Web/Medicare/Help/20200607_080725/1.png, D:\\Test\\AgileTest\\Reports\\Medicare\\medicare_staging\\20200607_080037\\../Screenshots/Web/Medicare/Help/20200607_080725/2.png, D:\\Test\\AgileTest\\Reports\\Medicare\\medicare_staging\\20200607_080037\\../Screenshots/Web/Medicare/Main Flow/20200607_080856/0.png, D:\\Test\\AgileTest\\Reports\\Medicare\\medicare_staging\\20200607_080037\\../Screenshots/Web/Medicare/Main Flow/20200607_080856/1.png, D:\\Test\\AgileTest\\Reports\\Medicare\\medicare_staging\\20200607_080037\\../Screenshots/Web/Medicare/Main Flow/20200607_080856/2.png, D:\\Test\\AgileTest\\Reports\\Medicare\\medicare_staging\\20200607_080037\\../Screenshots/Web/Medicare/Main Flow/20200607_080856/3.png, D:\\Test\\AgileTest\\Reports\\Medicare\\medicare_staging\\20200607_080037\\../Screenshots/Web/Medicare/Main Flow/20200607_080856/4.png, D:\\Test\\AgileTest\\Reports\\Medicare\\medicare_staging\\20200607_080037\\../Screenshots/Web/Medicare/Main Flow/20200607_080856/5.png, D:\\Test\\AgileTest\\Reports\\Medicare\\medicare_staging\\20200607_080037\\../Screenshots/Web/Medicare/No inventory/20200607_081124/0.png, D:\\Test\\AgileTest\\Reports\\Medicare\\medicare_staging\\20200607_080037\\../Screenshots/Web/Medicare/No inventory/20200607_081124/1.png, D:\\Test\\AgileTest\\Reports\\Medicare\\medicare_staging\\20200607_080037\\../Screenshots/Web/Medicare/No inventory/20200607_081124/2.png, D:\\Test\\AgileTest\\Reports\\Medicare\\medicare_staging\\20200607_080037\\../Screenshots/Web/Medicare/Pharmacy/20200607_081231/0.png, D:\\Test\\AgileTest\\Reports\\Medicare\\medicare_staging\\20200607_080037\\../Screenshots/Web/Medicare/Pharmacy/20200607_081231/1.png, D:\\Test\\AgileTest\\Reports\\Medicare\\medicare_staging\\20200607_080037\\../Screenshots/Web/Medicare/Pharmacy/20200607_081231/2.png, D:\\Test\\AgileTest\\Reports\\Medicare\\medicare_staging\\20200607_080037\\../Screenshots/Web/Medicare/Pharmacy/20200607_081231/3.png, D:\\Test\\AgileTest\\Reports\\Medicare\\medicare_staging\\20200607_080037\\../Screenshots/Web/Medicare/Pharmacy/20200607_081231/4.png, D:\\Test\\AgileTest\\Reports\\Medicare\\medicare_staging\\20200607_080037\\../Screenshots/Web/Medicare/Pharmacy/20200607_081231/5.png, D:\\Test\\AgileTest\\Reports\\Medicare\\medicare_staging\\20200607_080037\\../Screenshots/Web/Medicare/Prescription drugs/20200607_081437/0.png, D:\\Test\\AgileTest\\Reports\\Medicare\\medicare_staging\\20200607_080037\\../Screenshots/Web/Medicare/Prescription drugs/20200607_081437/1.png, D:\\Test\\AgileTest\\Reports\\Medicare\\medicare_staging\\20200607_080037\\../Screenshots/Web/Medicare/Prescription drugs/20200607_081437/2.png, D:\\Test\\AgileTest\\Reports\\Medicare\\medicare_staging\\20200607_080037\\../Screenshots/Web/Medicare/Prescription drugs/20200607_081437/3.png, D:\\Test\\AgileTest\\Reports\\Medicare\\medicare_staging\\20200607_080037\\../Screenshots/Web/Medicare/Prescription drugs/20200607_081437/4.png, D:\\Test\\AgileTest\\Reports\\Medicare\\medicare_staging\\20200607_080037\\../Screenshots/Web/Medicare/Prescription drugs/20200607_081437/5.png, D:\\Test\\AgileTest\\Reports\\Medicare\\medicare_staging\\20200607_080037\\../Screenshots/Web/Medicare/Prescription drugs/20200607_081437/6.png, D:\\Test\\AgileTest\\Reports\\Medicare\\medicare_staging\\20200607_080037\\../Screenshots/Web/Medicare/Prescription drugs/20200607_081437/7.png, D:\\Test\\AgileTest\\Reports\\Medicare\\medicare_staging\\20200607_080037\\../Screenshots/Web/Medicare/Prescription drugs/20200607_081437/8.png, D:\\Test\\AgileTest\\Reports\\Medicare\\medicare_staging\\20200607_080037\\../Screenshots/Web/Medicare/Prescription drugs/20200607_081437/9.png, D:\\Test\\AgileTest\\Reports\\Medicare\\medicare_staging\\20200607_080037\\../Screenshots/Web/Medicare/Save progress/20200607_081830/0.png, D:\\Test\\AgileTest\\Reports\\Medicare\\medicare_staging\\20200607_080037\\../Screenshots/Web/Medicare/Save progress/20200607_081830/1.png, D:\\Test\\AgileTest\\Reports\\Medicare\\medicare_staging\\20200607_080037\\../Screenshots/Web/Medicare/Save progress/20200607_081830/2.png, D:\\Test\\AgileTest\\Reports\\Medicare\\medicare_staging\\20200607_080037\\../Screenshots/Web/Medicare/Your current plan/20200607_081933/0.png, D:\\Test\\AgileTest\\Reports\\Medicare\\medicare_staging\\20200607_080037\\../Screenshots/Web/Medicare/Your current plan/20200607_081933/1.png, D:\\Test\\AgileTest\\Reports\\Medicare\\medicare_staging\\20200607_080037\\../Screenshots/Web/Medicare/Your current plan/20200607_081933/2.png, D:\\Test\\AgileTest\\Reports\\Medicare\\medicare_staging\\20200607_080037\\../Screenshots/Web/Medicare/Your current plan/20200607_081933/3.png, D:\\Test\\AgileTest\\Reports\\Medicare\\medicare_staging\\20200607_080037\\../Screenshots/Web/Medicare/Your current plan/20200607_081933/4.png, D:\\Test\\AgileTest\\Reports\\Medicare\\medicare_staging\\20200607_080037\\../Screenshots/Web/Medicare/Your current plan/20200607_081933/5.png, D:\\Test\\AgileTest\\Reports\\Medicare\\medicare_staging\\20200607_080037\\../Screenshots/Web/Medicare/Your current plan/20200607_081933/6.png, D:\\Test\\AgileTest\\Reports\\Medicare\\medicare_staging\\20200607_080037\\../Screenshots/Web/Medicare/Your current plan/20200607_081933/7.png, D:\\Test\\AgileTest\\Reports\\Medicare\\medicare_staging\\20200607_080037\\../Screenshots/Web/Medicare/Your current plan/20200607_081933/8.png, D:\\Test\\AgileTest\\Reports\\Medicare\\medicare_staging\\20200607_080037\\../Screenshots/Web/Medicare/Your current plan/20200607_081933/9.png, D:\\Test\\AgileTest\\Reports\\Medicare\\medicare_staging\\20200607_080037\\../Screenshots/Web/Medicare/Zipcode modal/20200607_082258/0.png, D:\\Test\\AgileTest\\Reports\\Medicare\\medicare_staging\\20200607_080037\\../Screenshots/Web/Medicare/Zipcode modal/20200607_082258/1.png, D:\\Test\\AgileTest\\Reports\\Medicare\\medicare_staging\\20200607_080037\\../Screenshots/Web/Medicare/Zipcode modal/20200607_082258/2.png, D:\\Test\\AgileTest\\Reports\\Medicare\\medicare_staging\\20200607_080037\\../Screenshots/Web/Medicare/Zipcode modal/20200607_082258/3.png, D:\\Test\\AgileTest\\Reports\\Medicare\\medicare_staging\\20200607_080037\\../Screenshots/Web/Medicare/Zipcode modal/20200607_082258/4.png"/>
         <property name="hostName" value="Administrator - 172.30.0.53"/>
         <property name="os" value="Windows Server 2012 R2 64bit"/>
         <property name="katalonVersion" value="5.10.1.1"/>
         <property name="browser" value="Chrome 83.0.4103.61"/>
         <property name="hostAddress" value="172.30.0.53"/>
         <property name="sessionId" value="3a94ba30a494b6c5f501262edfafc99e"/>
         <property name="seleniumVersion" value="3.7.1"/>
         <property name="proxyInformation" value="ProxyInformation{proxyOption=NO_PROXY, proxyServerType=HTTP, password=, proxyServerAddress=, proxyServerPort=0}"/>
         <property name="platform" value="Windows Server 2012 R2"/>
      </properties>
      <testcase name="Test Cases/Web/Medicare/Staging vs Review/Staging/Compare plan" classname="Test Cases/Web/Medicare/Staging vs Review/Staging/Compare plan" status="PASSED">
         <system-out><![CDATA[2020-06-07 08:00:41 - [TEST_CASE][PASSED] - Test Cases/Web/Medicare/Staging vs Review/Staging/Compare plan: Test Cases/Web/Medicare/Staging vs Review/Staging/Compare plan

2020-06-07 08:00:42 - [TEST_STEP][PASSED] - callTestCase(findTestCase("Web/_include/get_screenPath"), ["project":"Medicare", "module":"Compare plan"], STOP_ON_FAILURE): Call Test Case 'Test Cases/Web/_include/get_screenPath' successfully

2020-06-07 08:00:42 - [TEST_CASE][PASSED] - Test Cases/Web/_include/get_screenPath: Test Cases/Web/_include/get_screenPath

2020-06-07 08:00:42 - [TEST_STEP][PASSED] - m = getExecutionProperties(): null

2020-06-07 08:00:42 - [TEST_STEP][PASSED] - now = new java.util.Date(): null

2020-06-07 08:00:42 - [TEST_STEP][PASSED] - mydate = now.format("yyyyMMdd_HHmmss"): null

2020-06-07 08:00:42 - [TEST_STEP][PASSED] - screenPath = "../Screenshots/": null

2020-06-07 08:00:42 - [TEST_STEP][PASSED] - screenPath = screenPath + "Web" + "/" + project + "/" + module + "/" + mydate + "/": null

2020-06-07 08:00:42 - [TEST_STEP][PASSED] - println(screenPath): null

2020-06-07 08:00:42 - [MESSAGE][PASSED] - Call Test Case 'Test Cases/Web/_include/get_screenPath' successfully

2020-06-07 08:00:42 - [TEST_STEP][PASSED] - i = 0: null

2020-06-07 08:00:42 - [TEST_STEP][PASSED] - openBrowser("https://staging.medicare.healthinsurance.com"): Browser is opened with url: 'https://staging.medicare.healthinsurance.com'

2020-06-07 08:00:42 - [MESSAGE][INFO] - Starting 'Chrome' driver

2020-06-07 08:00:42 - [MESSAGE][INFO] - User set preference: ['args', '[--start-maximized, --incognito, --disable-infobars, --no-sandbox]']

2020-06-07 08:00:42 - [MESSAGE][INFO] - Action delay is set to 3 seconds

2020-06-07 08:01:01 - [MESSAGE][PASSED] - Browser is opened with url: 'https://staging.medicare.healthinsurance.com'

2020-06-07 08:01:01 - [TEST_STEP][PASSED] - driver = getWebDriver(): null

2020-06-07 08:01:01 - [TEST_STEP][PASSED] - baseUrl = "https://staging.medicare.healthinsurance.com": null

2020-06-07 08:01:01 - [TEST_STEP][PASSED] - selenium = new com.thoughtworks.selenium.webdriven.WebDriverBackedSelenium(driver, baseUrl): null

2020-06-07 08:01:04 - [TEST_STEP][PASSED] - callTestCase(findTestCase("AHI/_include/get_screenshot"), [:], STOP_ON_FAILURE): Call Test Case 'Test Cases/AHI/_include/get_screenshot' successfully

2020-06-07 08:01:04 - [TEST_CASE][PASSED] - Test Cases/AHI/_include/get_screenshot: Test Cases/AHI/_include/get_screenshot

2020-06-07 08:01:04 - [TEST_STEP][PASSED] - Thread.sleep(1000): null

2020-06-07 08:01:05 - [TEST_STEP][PASSED] - takeScreenshot(screenPath + i + ".png"): Taking screenshot successfully

2020-06-07 08:01:09 - [MESSAGE][PASSED] - Taking screenshot successfully
[[ATTACHMENT|D:\\Test\\AgileTest\\Reports\\Medicare\\medicare_staging\\20200607_080037\\../Screenshots/Web/Medicare/Compare plan/20200607_080042/0.png]]

2020-06-07 08:01:09 - [TEST_STEP][PASSED] - (internal.GlobalVariable.i++): null

2020-06-07 08:01:09 - [MESSAGE][PASSED] - Call Test Case 'Test Cases/AHI/_include/get_screenshot' successfully

2020-06-07 08:01:09 - [TEST_STEP][PASSED] - setText(findTestObject("hic/medicare/census.location.zip"), "35215"): Text '35215' is set on object 'Object Repository/hic/medicare/census.location.zip'

2020-06-07 08:01:22 - [MESSAGE][PASSED] - Text '35215' is set on object 'Object Repository/hic/medicare/census.location.zip'

2020-06-07 08:01:22 - [TEST_STEP][PASSED] - click(findTestObject("hic/medicare/see medicare plans")): Object: 'Object Repository/hic/medicare/see medicare plans' is clicked on

2020-06-07 08:01:28 - [MESSAGE][PASSED] - Object: 'Object Repository/hic/medicare/see medicare plans' is clicked on

2020-06-07 08:01:28 - [TEST_STEP][PASSED] - waitForElementPresent(findTestObject("hic/medicare/mapd"), 20): Object 'Object Repository/hic/medicare/mapd' is not present after 20 second(s)

2020-06-07 08:01:49 - [MESSAGE][INFO] - Unable to find the element located by 'By.xpath: //h1[@class='sc-1xunf9a-0 hjdEdV']'. Please recheck the objects properties to make sure the desired element is located. 

2020-06-07 08:01:49 - [MESSAGE][WARNING] - Object 'Object Repository/hic/medicare/mapd' is not present after 20 second(s)

2020-06-07 08:01:49 - [TEST_STEP][PASSED] - callTestCase(findTestCase("AHI/_include/get_screenshot"), [:], STOP_ON_FAILURE): Call Test Case 'Test Cases/AHI/_include/get_screenshot' successfully

2020-06-07 08:01:49 - [TEST_CASE][PASSED] - Test Cases/AHI/_include/get_screenshot: Test Cases/AHI/_include/get_screenshot

2020-06-07 08:01:49 - [TEST_STEP][PASSED] - Thread.sleep(1000): null

2020-06-07 08:01:50 - [TEST_STEP][PASSED] - takeScreenshot(screenPath + i + ".png"): Taking screenshot successfully

2020-06-07 08:01:54 - [MESSAGE][PASSED] - Taking screenshot successfully
[[ATTACHMENT|D:\\Test\\AgileTest\\Reports\\Medicare\\medicare_staging\\20200607_080037\\../Screenshots/Web/Medicare/Compare plan/20200607_080042/1.png]]

2020-06-07 08:01:54 - [TEST_STEP][PASSED] - (internal.GlobalVariable.i++): null

2020-06-07 08:01:54 - [MESSAGE][PASSED] - Call Test Case 'Test Cases/AHI/_include/get_screenshot' successfully

2020-06-07 08:01:54 - [TEST_STEP][PASSED] - MobileKeywords.clickJS(findTestObject("medicare/quote/compare_checkbox_1")): MobileKeywords.clickJS is PASSED

2020-06-07 08:02:01 - [MESSAGE][PASSED] - Execute JavaScript 'arguments[0].click();' successfully

2020-06-07 08:02:01 - [MESSAGE][PASSED] - MobileKeywords.clickJS is PASSED

2020-06-07 08:02:01 - [TEST_STEP][PASSED] - MobileKeywords.clickJS(findTestObject("medicare/quote/compare_checkbox_2")): MobileKeywords.clickJS is PASSED

2020-06-07 08:02:07 - [MESSAGE][PASSED] - Execute JavaScript 'arguments[0].click();' successfully

2020-06-07 08:02:07 - [MESSAGE][PASSED] - MobileKeywords.clickJS is PASSED

2020-06-07 08:02:07 - [TEST_STEP][PASSED] - MobileKeywords.clickJS(findTestObject("medicare/quote/compare_checkbox_3")): MobileKeywords.clickJS is PASSED

2020-06-07 08:02:13 - [MESSAGE][PASSED] - Execute JavaScript 'arguments[0].click();' successfully

2020-06-07 08:02:13 - [MESSAGE][PASSED] - MobileKeywords.clickJS is PASSED

2020-06-07 08:02:13 - [TEST_STEP][PASSED] - Thread.sleep(2): null

2020-06-07 08:02:13 - [TEST_STEP][PASSED] - callTestCase(findTestCase("AHI/_include/get_screenshot"), [:], STOP_ON_FAILURE): Call Test Case 'Test Cases/AHI/_include/get_screenshot' successfully

2020-06-07 08:02:13 - [TEST_CASE][PASSED] - Test Cases/AHI/_include/get_screenshot: Test Cases/AHI/_include/get_screenshot

2020-06-07 08:02:13 - [TEST_STEP][PASSED] - Thread.sleep(1000): null

2020-06-07 08:02:14 - [TEST_STEP][PASSED] - takeScreenshot(screenPath + i + ".png"): Taking screenshot successfully

2020-06-07 08:02:17 - [MESSAGE][PASSED] - Taking screenshot successfully
[[ATTACHMENT|D:\\Test\\AgileTest\\Reports\\Medicare\\medicare_staging\\20200607_080037\\../Screenshots/Web/Medicare/Compare plan/20200607_080042/2.png]]

2020-06-07 08:02:17 - [TEST_STEP][PASSED] - (internal.GlobalVariable.i++): null

2020-06-07 08:02:17 - [MESSAGE][PASSED] - Call Test Case 'Test Cases/AHI/_include/get_screenshot' successfully

2020-06-07 08:02:17 - [TEST_STEP][PASSED] - selenium.click("//button[text()='Compare']"): null

2020-06-07 08:02:27 - [TEST_STEP][PASSED] - Thread.sleep(3): null

2020-06-07 08:02:27 - [TEST_STEP][PASSED] - callTestCase(findTestCase("AHI/_include/get_screenshot"), [:], STOP_ON_FAILURE): Call Test Case 'Test Cases/AHI/_include/get_screenshot' successfully

2020-06-07 08:02:27 - [TEST_CASE][PASSED] - Test Cases/AHI/_include/get_screenshot: Test Cases/AHI/_include/get_screenshot

2020-06-07 08:02:27 - [TEST_STEP][PASSED] - Thread.sleep(1000): null

2020-06-07 08:02:28 - [TEST_STEP][PASSED] - takeScreenshot(screenPath + i + ".png"): Taking screenshot successfully

2020-06-07 08:02:31 - [MESSAGE][PASSED] - Taking screenshot successfully
[[ATTACHMENT|D:\\Test\\AgileTest\\Reports\\Medicare\\medicare_staging\\20200607_080037\\../Screenshots/Web/Medicare/Compare plan/20200607_080042/3.png]]

2020-06-07 08:02:31 - [TEST_STEP][PASSED] - (internal.GlobalVariable.i++): null

2020-06-07 08:02:31 - [MESSAGE][PASSED] - Call Test Case 'Test Cases/AHI/_include/get_screenshot' successfully]]></system-out>
         <system-err><![CDATA[]]></system-err>
      </testcase>
      <testcase name="Test Cases/Web/Medicare/Staging vs Review/Staging/Filter and sort" classname="Test Cases/Web/Medicare/Staging vs Review/Staging/Filter and sort" status="PASSED">
         <system-out><![CDATA[2020-06-07 08:02:31 - [TEST_CASE][PASSED] - Test Cases/Web/Medicare/Staging vs Review/Staging/Filter and sort: Test Cases/Web/Medicare/Staging vs Review/Staging/Filter and sort

2020-06-07 08:02:31 - [TEST_STEP][PASSED] - callTestCase(findTestCase("Web/_include/get_screenPath"), ["project":"Medicare", "module":"Filter and sort"], STOP_ON_FAILURE): Call Test Case 'Test Cases/Web/_include/get_screenPath' successfully

2020-06-07 08:02:31 - [TEST_CASE][PASSED] - Test Cases/Web/_include/get_screenPath: Test Cases/Web/_include/get_screenPath

2020-06-07 08:02:31 - [TEST_STEP][PASSED] - m = getExecutionProperties(): null

2020-06-07 08:02:31 - [TEST_STEP][PASSED] - now = new java.util.Date(): null

2020-06-07 08:02:31 - [TEST_STEP][PASSED] - mydate = now.format("yyyyMMdd_HHmmss"): null

2020-06-07 08:02:31 - [TEST_STEP][PASSED] - screenPath = "../Screenshots/": null

2020-06-07 08:02:31 - [TEST_STEP][PASSED] - screenPath = screenPath + "Web" + "/" + project + "/" + module + "/" + mydate + "/": null

2020-06-07 08:02:31 - [TEST_STEP][PASSED] - println(screenPath): null

2020-06-07 08:02:31 - [MESSAGE][PASSED] - Call Test Case 'Test Cases/Web/_include/get_screenPath' successfully

2020-06-07 08:02:31 - [TEST_STEP][PASSED] - i = 0: null

2020-06-07 08:02:31 - [TEST_STEP][PASSED] - openBrowser("https://staging.medicare.healthinsurance.com"): Browser is opened with url: 'https://staging.medicare.healthinsurance.com'

2020-06-07 08:02:31 - [MESSAGE][WARNING] - A browser is already opened. Closing browser and opening a new one

2020-06-07 08:02:35 - [MESSAGE][INFO] - Starting 'Chrome' driver

2020-06-07 08:02:35 - [MESSAGE][INFO] - User set preference: ['args', '[--start-maximized, --incognito, --disable-infobars, --no-sandbox]']

2020-06-07 08:02:51 - [MESSAGE][PASSED] - Browser is opened with url: 'https://staging.medicare.healthinsurance.com'

2020-06-07 08:02:51 - [TEST_STEP][PASSED] - driver = getWebDriver(): null

2020-06-07 08:02:51 - [TEST_STEP][PASSED] - baseUrl = "https://staging.medicare.healthinsurance.com": null

2020-06-07 08:02:51 - [TEST_STEP][PASSED] - selenium = new com.thoughtworks.selenium.webdriven.WebDriverBackedSelenium(driver, baseUrl): null

2020-06-07 08:02:54 - [TEST_STEP][PASSED] - callTestCase(findTestCase("AHI/_include/get_screenshot"), [:], STOP_ON_FAILURE): Call Test Case 'Test Cases/AHI/_include/get_screenshot' successfully

2020-06-07 08:02:54 - [TEST_CASE][PASSED] - Test Cases/AHI/_include/get_screenshot: Test Cases/AHI/_include/get_screenshot

2020-06-07 08:02:54 - [TEST_STEP][PASSED] - Thread.sleep(1000): null

2020-06-07 08:02:55 - [TEST_STEP][PASSED] - takeScreenshot(screenPath + i + ".png"): Taking screenshot successfully

2020-06-07 08:02:59 - [MESSAGE][PASSED] - Taking screenshot successfully
[[ATTACHMENT|D:\\Test\\AgileTest\\Reports\\Medicare\\medicare_staging\\20200607_080037\\../Screenshots/Web/Medicare/Filter and sort/20200607_080231/0.png]]

2020-06-07 08:02:59 - [TEST_STEP][PASSED] - (internal.GlobalVariable.i++): null

2020-06-07 08:02:59 - [MESSAGE][PASSED] - Call Test Case 'Test Cases/AHI/_include/get_screenshot' successfully

2020-06-07 08:02:59 - [TEST_STEP][PASSED] - setText(findTestObject("hic/medicare/census.location.zip"), "32701"): Text '32701' is set on object 'Object Repository/hic/medicare/census.location.zip'

2020-06-07 08:03:11 - [MESSAGE][PASSED] - Text '32701' is set on object 'Object Repository/hic/medicare/census.location.zip'

2020-06-07 08:03:11 - [TEST_STEP][PASSED] - click(findTestObject("hic/medicare/see medicare plans")): Object: 'Object Repository/hic/medicare/see medicare plans' is clicked on

2020-06-07 08:03:17 - [MESSAGE][PASSED] - Object: 'Object Repository/hic/medicare/see medicare plans' is clicked on

2020-06-07 08:03:17 - [TEST_STEP][PASSED] - waitForElementPresent(findTestObject("medicare/quote/filter_button"), 20): Object 'Object Repository/medicare/quote/filter_button' is present

2020-06-07 08:03:24 - [MESSAGE][PASSED] - Object 'Object Repository/medicare/quote/filter_button' is present

2020-06-07 08:03:24 - [TEST_STEP][PASSED] - callTestCase(findTestCase("AHI/_include/get_screenshot"), [:], STOP_ON_FAILURE): Call Test Case 'Test Cases/AHI/_include/get_screenshot' successfully

2020-06-07 08:03:24 - [TEST_CASE][PASSED] - Test Cases/AHI/_include/get_screenshot: Test Cases/AHI/_include/get_screenshot

2020-06-07 08:03:24 - [TEST_STEP][PASSED] - Thread.sleep(1000): null

2020-06-07 08:03:25 - [TEST_STEP][PASSED] - takeScreenshot(screenPath + i + ".png"): Taking screenshot successfully

2020-06-07 08:03:28 - [MESSAGE][PASSED] - Taking screenshot successfully
[[ATTACHMENT|D:\\Test\\AgileTest\\Reports\\Medicare\\medicare_staging\\20200607_080037\\../Screenshots/Web/Medicare/Filter and sort/20200607_080231/1.png]]

2020-06-07 08:03:28 - [TEST_STEP][PASSED] - (internal.GlobalVariable.i++): null

2020-06-07 08:03:28 - [MESSAGE][PASSED] - Call Test Case 'Test Cases/AHI/_include/get_screenshot' successfully

2020-06-07 08:03:28 - [TEST_STEP][PASSED] - selenium.click("//p[contains(text(),'Filter Plans')]"): null

2020-06-07 08:03:37 - [TEST_STEP][PASSED] - Thread.sleep(2): null

2020-06-07 08:03:37 - [TEST_STEP][PASSED] - callTestCase(findTestCase("AHI/_include/get_screenshot"), [:], STOP_ON_FAILURE): Call Test Case 'Test Cases/AHI/_include/get_screenshot' successfully

2020-06-07 08:03:38 - [TEST_CASE][PASSED] - Test Cases/AHI/_include/get_screenshot: Test Cases/AHI/_include/get_screenshot

2020-06-07 08:03:38 - [TEST_STEP][PASSED] - Thread.sleep(1000): null

2020-06-07 08:03:39 - [TEST_STEP][PASSED] - takeScreenshot(screenPath + i + ".png"): Taking screenshot successfully

2020-06-07 08:03:42 - [MESSAGE][PASSED] - Taking screenshot successfully
[[ATTACHMENT|D:\\Test\\AgileTest\\Reports\\Medicare\\medicare_staging\\20200607_080037\\../Screenshots/Web/Medicare/Filter and sort/20200607_080231/2.png]]

2020-06-07 08:03:42 - [TEST_STEP][PASSED] - (internal.GlobalVariable.i++): null

2020-06-07 08:03:42 - [MESSAGE][PASSED] - Call Test Case 'Test Cases/AHI/_include/get_screenshot' successfully

2020-06-07 08:03:42 - [TEST_STEP][PASSED] - selenium.click("//label[contains(text(),'Cigna')]"): null

2020-06-07 08:03:51 - [TEST_STEP][PASSED] - selenium.click("//label[contains(text(),'Under $20')]"): null

2020-06-07 08:04:00 - [TEST_STEP][PASSED] - selenium.click("//label[contains(text(),'HMO')]"): null

2020-06-07 08:04:09 - [TEST_STEP][PASSED] - selenium.click("//label[contains(text(),'$0')]"): null

2020-06-07 08:04:19 - [TEST_STEP][PASSED] - selenium.click("//button[contains(text(),'Apply Filters')]"): null

2020-06-07 08:04:28 - [TEST_STEP][PASSED] - Thread.sleep(1): null

2020-06-07 08:04:28 - [TEST_STEP][PASSED] - callTestCase(findTestCase("AHI/_include/get_screenshot"), [:], STOP_ON_FAILURE): Call Test Case 'Test Cases/AHI/_include/get_screenshot' successfully

2020-06-07 08:04:28 - [TEST_CASE][PASSED] - Test Cases/AHI/_include/get_screenshot: Test Cases/AHI/_include/get_screenshot

2020-06-07 08:04:28 - [TEST_STEP][PASSED] - Thread.sleep(1000): null

2020-06-07 08:04:29 - [TEST_STEP][PASSED] - takeScreenshot(screenPath + i + ".png"): Taking screenshot successfully

2020-06-07 08:04:33 - [MESSAGE][PASSED] - Taking screenshot successfully
[[ATTACHMENT|D:\\Test\\AgileTest\\Reports\\Medicare\\medicare_staging\\20200607_080037\\../Screenshots/Web/Medicare/Filter and sort/20200607_080231/3.png]]

2020-06-07 08:04:33 - [TEST_STEP][PASSED] - (internal.GlobalVariable.i++): null

2020-06-07 08:04:33 - [MESSAGE][PASSED] - Call Test Case 'Test Cases/AHI/_include/get_screenshot' successfully

2020-06-07 08:04:33 - [TEST_STEP][PASSED] - Thread.sleep(2): null

2020-06-07 08:04:33 - [TEST_STEP][PASSED] - callTestCase(findTestCase("AHI/_include/get_screenshot"), [:], STOP_ON_FAILURE): Call Test Case 'Test Cases/AHI/_include/get_screenshot' successfully

2020-06-07 08:04:33 - [TEST_CASE][PASSED] - Test Cases/AHI/_include/get_screenshot: Test Cases/AHI/_include/get_screenshot

2020-06-07 08:04:33 - [TEST_STEP][PASSED] - Thread.sleep(1000): null

2020-06-07 08:04:34 - [TEST_STEP][PASSED] - takeScreenshot(screenPath + i + ".png"): Taking screenshot successfully

2020-06-07 08:04:37 - [MESSAGE][PASSED] - Taking screenshot successfully
[[ATTACHMENT|D:\\Test\\AgileTest\\Reports\\Medicare\\medicare_staging\\20200607_080037\\../Screenshots/Web/Medicare/Filter and sort/20200607_080231/4.png]]

2020-06-07 08:04:37 - [TEST_STEP][PASSED] - (internal.GlobalVariable.i++): null

2020-06-07 08:04:37 - [MESSAGE][PASSED] - Call Test Case 'Test Cases/AHI/_include/get_screenshot' successfully

2020-06-07 08:04:37 - [TEST_STEP][PASSED] - selenium.click("//a[contains(text(),'Clear All Filters')]"): null

2020-06-07 08:04:47 - [TEST_STEP][PASSED] - Thread.sleep(2): null

2020-06-07 08:04:47 - [TEST_STEP][PASSED] - callTestCase(findTestCase("AHI/_include/get_screenshot"), [:], STOP_ON_FAILURE): Call Test Case 'Test Cases/AHI/_include/get_screenshot' successfully

2020-06-07 08:04:47 - [TEST_CASE][PASSED] - Test Cases/AHI/_include/get_screenshot: Test Cases/AHI/_include/get_screenshot

2020-06-07 08:04:47 - [TEST_STEP][PASSED] - Thread.sleep(1000): null

2020-06-07 08:04:48 - [TEST_STEP][PASSED] - takeScreenshot(screenPath + i + ".png"): Taking screenshot successfully

2020-06-07 08:04:51 - [MESSAGE][PASSED] - Taking screenshot successfully
[[ATTACHMENT|D:\\Test\\AgileTest\\Reports\\Medicare\\medicare_staging\\20200607_080037\\../Screenshots/Web/Medicare/Filter and sort/20200607_080231/5.png]]

2020-06-07 08:04:51 - [TEST_STEP][PASSED] - (internal.GlobalVariable.i++): null

2020-06-07 08:04:51 - [MESSAGE][PASSED] - Call Test Case 'Test Cases/AHI/_include/get_screenshot' successfully

2020-06-07 08:04:51 - [TEST_STEP][PASSED] - selenium.click("//button[contains(text(),'Sort by Lowest Premium')]"): null

2020-06-07 08:05:00 - [TEST_STEP][PASSED] - Thread.sleep(1): null

2020-06-07 08:05:00 - [TEST_STEP][PASSED] - callTestCase(findTestCase("AHI/_include/get_screenshot"), [:], STOP_ON_FAILURE): Call Test Case 'Test Cases/AHI/_include/get_screenshot' successfully

2020-06-07 08:05:00 - [TEST_CASE][PASSED] - Test Cases/AHI/_include/get_screenshot: Test Cases/AHI/_include/get_screenshot

2020-06-07 08:05:00 - [TEST_STEP][PASSED] - Thread.sleep(1000): null

2020-06-07 08:05:01 - [TEST_STEP][PASSED] - takeScreenshot(screenPath + i + ".png"): Taking screenshot successfully

2020-06-07 08:05:05 - [MESSAGE][PASSED] - Taking screenshot successfully
[[ATTACHMENT|D:\\Test\\AgileTest\\Reports\\Medicare\\medicare_staging\\20200607_080037\\../Screenshots/Web/Medicare/Filter and sort/20200607_080231/6.png]]

2020-06-07 08:05:05 - [TEST_STEP][PASSED] - (internal.GlobalVariable.i++): null

2020-06-07 08:05:05 - [MESSAGE][PASSED] - Call Test Case 'Test Cases/AHI/_include/get_screenshot' successfully

2020-06-07 08:05:05 - [TEST_STEP][PASSED] - selenium.click("//button[contains(text(),'Sort by Company')]"): null

2020-06-07 08:05:14 - [TEST_STEP][PASSED] - Thread.sleep(2): null

2020-06-07 08:05:14 - [TEST_STEP][PASSED] - callTestCase(findTestCase("AHI/_include/get_screenshot"), [:], STOP_ON_FAILURE): Call Test Case 'Test Cases/AHI/_include/get_screenshot' successfully

2020-06-07 08:05:14 - [TEST_CASE][PASSED] - Test Cases/AHI/_include/get_screenshot: Test Cases/AHI/_include/get_screenshot

2020-06-07 08:05:14 - [TEST_STEP][PASSED] - Thread.sleep(1000): null

2020-06-07 08:05:15 - [TEST_STEP][PASSED] - takeScreenshot(screenPath + i + ".png"): Taking screenshot successfully

2020-06-07 08:05:18 - [MESSAGE][PASSED] - Taking screenshot successfully
[[ATTACHMENT|D:\\Test\\AgileTest\\Reports\\Medicare\\medicare_staging\\20200607_080037\\../Screenshots/Web/Medicare/Filter and sort/20200607_080231/7.png]]

2020-06-07 08:05:18 - [TEST_STEP][PASSED] - (internal.GlobalVariable.i++): null

2020-06-07 08:05:18 - [MESSAGE][PASSED] - Call Test Case 'Test Cases/AHI/_include/get_screenshot' successfully]]></system-out>
         <system-err><![CDATA[]]></system-err>
      </testcase>
      <testcase name="Test Cases/Web/Medicare/Staging vs Review/Staging/Healthcare visits" classname="Test Cases/Web/Medicare/Staging vs Review/Staging/Healthcare visits" status="PASSED">
         <system-out><![CDATA[2020-06-07 08:05:18 - [TEST_CASE][PASSED] - Test Cases/Web/Medicare/Staging vs Review/Staging/Healthcare visits: Test Cases/Web/Medicare/Staging vs Review/Staging/Healthcare visits

2020-06-07 08:05:19 - [TEST_STEP][PASSED] - callTestCase(findTestCase("Web/_include/get_screenPath"), ["project":"Medicare", "module":"Healthcare visits"], STOP_ON_FAILURE): Call Test Case 'Test Cases/Web/_include/get_screenPath' successfully

2020-06-07 08:05:19 - [TEST_CASE][PASSED] - Test Cases/Web/_include/get_screenPath: Test Cases/Web/_include/get_screenPath

2020-06-07 08:05:19 - [TEST_STEP][PASSED] - m = getExecutionProperties(): null

2020-06-07 08:05:19 - [TEST_STEP][PASSED] - now = new java.util.Date(): null

2020-06-07 08:05:19 - [TEST_STEP][PASSED] - mydate = now.format("yyyyMMdd_HHmmss"): null

2020-06-07 08:05:19 - [TEST_STEP][PASSED] - screenPath = "../Screenshots/": null

2020-06-07 08:05:19 - [TEST_STEP][PASSED] - screenPath = screenPath + "Web" + "/" + project + "/" + module + "/" + mydate + "/": null

2020-06-07 08:05:19 - [TEST_STEP][PASSED] - println(screenPath): null

2020-06-07 08:05:19 - [MESSAGE][PASSED] - Call Test Case 'Test Cases/Web/_include/get_screenPath' successfully

2020-06-07 08:05:19 - [TEST_STEP][PASSED] - i = 0: null

2020-06-07 08:05:19 - [TEST_STEP][PASSED] - openBrowser("https://staging.medicare.healthinsurance.com"): Browser is opened with url: 'https://staging.medicare.healthinsurance.com'

2020-06-07 08:05:19 - [MESSAGE][WARNING] - A browser is already opened. Closing browser and opening a new one

2020-06-07 08:05:23 - [MESSAGE][INFO] - Starting 'Chrome' driver

2020-06-07 08:05:23 - [MESSAGE][INFO] - User set preference: ['args', '[--start-maximized, --incognito, --disable-infobars, --no-sandbox]']

2020-06-07 08:05:39 - [MESSAGE][PASSED] - Browser is opened with url: 'https://staging.medicare.healthinsurance.com'

2020-06-07 08:05:39 - [TEST_STEP][PASSED] - driver = getWebDriver(): null

2020-06-07 08:05:39 - [TEST_STEP][PASSED] - baseUrl = "https://staging.medicare.healthinsurance.com": null

2020-06-07 08:05:39 - [TEST_STEP][PASSED] - selenium = new com.thoughtworks.selenium.webdriven.WebDriverBackedSelenium(driver, baseUrl): null

2020-06-07 08:05:42 - [TEST_STEP][PASSED] - callTestCase(findTestCase("AHI/_include/get_screenshot"), [:], STOP_ON_FAILURE): Call Test Case 'Test Cases/AHI/_include/get_screenshot' successfully

2020-06-07 08:05:42 - [TEST_CASE][PASSED] - Test Cases/AHI/_include/get_screenshot: Test Cases/AHI/_include/get_screenshot

2020-06-07 08:05:42 - [TEST_STEP][PASSED] - Thread.sleep(1000): null

2020-06-07 08:05:43 - [TEST_STEP][PASSED] - takeScreenshot(screenPath + i + ".png"): Taking screenshot successfully

2020-06-07 08:05:47 - [MESSAGE][PASSED] - Taking screenshot successfully
[[ATTACHMENT|D:\\Test\\AgileTest\\Reports\\Medicare\\medicare_staging\\20200607_080037\\../Screenshots/Web/Medicare/Healthcare visits/20200607_080519/0.png]]

2020-06-07 08:05:47 - [TEST_STEP][PASSED] - (internal.GlobalVariable.i++): null

2020-06-07 08:05:47 - [MESSAGE][PASSED] - Call Test Case 'Test Cases/AHI/_include/get_screenshot' successfully

2020-06-07 08:05:47 - [TEST_STEP][PASSED] - setText(findTestObject("hic/medicare/census.location.zip"), "32701"): Text '32701' is set on object 'Object Repository/hic/medicare/census.location.zip'

2020-06-07 08:05:59 - [MESSAGE][PASSED] - Text '32701' is set on object 'Object Repository/hic/medicare/census.location.zip'

2020-06-07 08:05:59 - [TEST_STEP][PASSED] - click(findTestObject("hic/medicare/see medicare plans")): Object: 'Object Repository/hic/medicare/see medicare plans' is clicked on

2020-06-07 08:06:05 - [MESSAGE][PASSED] - Object: 'Object Repository/hic/medicare/see medicare plans' is clicked on

2020-06-07 08:06:05 - [TEST_STEP][PASSED] - waitForElementPresent(findTestObject("medicare/quote/filter_button"), 20): Object 'Object Repository/medicare/quote/filter_button' is present

2020-06-07 08:06:09 - [MESSAGE][PASSED] - Object 'Object Repository/medicare/quote/filter_button' is present

2020-06-07 08:06:09 - [TEST_STEP][PASSED] - callTestCase(findTestCase("AHI/_include/get_screenshot"), [:], STOP_ON_FAILURE): Call Test Case 'Test Cases/AHI/_include/get_screenshot' successfully

2020-06-07 08:06:09 - [TEST_CASE][PASSED] - Test Cases/AHI/_include/get_screenshot: Test Cases/AHI/_include/get_screenshot

2020-06-07 08:06:09 - [TEST_STEP][PASSED] - Thread.sleep(1000): null

2020-06-07 08:06:10 - [TEST_STEP][PASSED] - takeScreenshot(screenPath + i + ".png"): Taking screenshot successfully

2020-06-07 08:06:13 - [MESSAGE][PASSED] - Taking screenshot successfully
[[ATTACHMENT|D:\\Test\\AgileTest\\Reports\\Medicare\\medicare_staging\\20200607_080037\\../Screenshots/Web/Medicare/Healthcare visits/20200607_080519/1.png]]

2020-06-07 08:06:13 - [TEST_STEP][PASSED] - (internal.GlobalVariable.i++): null

2020-06-07 08:06:13 - [MESSAGE][PASSED] - Call Test Case 'Test Cases/AHI/_include/get_screenshot' successfully

2020-06-07 08:06:13 - [TEST_STEP][PASSED] - selenium.click("//a[contains(text(),'Healthcare Visits')]"): null

2020-06-07 08:06:22 - [TEST_STEP][PASSED] - Thread.sleep(2): null

2020-06-07 08:06:22 - [TEST_STEP][PASSED] - callTestCase(findTestCase("AHI/_include/get_screenshot"), [:], STOP_ON_FAILURE): Call Test Case 'Test Cases/AHI/_include/get_screenshot' successfully

2020-06-07 08:06:22 - [TEST_CASE][PASSED] - Test Cases/AHI/_include/get_screenshot: Test Cases/AHI/_include/get_screenshot

2020-06-07 08:06:22 - [TEST_STEP][PASSED] - Thread.sleep(1000): null

2020-06-07 08:06:23 - [TEST_STEP][PASSED] - takeScreenshot(screenPath + i + ".png"): Taking screenshot successfully

2020-06-07 08:06:27 - [MESSAGE][PASSED] - Taking screenshot successfully
[[ATTACHMENT|D:\\Test\\AgileTest\\Reports\\Medicare\\medicare_staging\\20200607_080037\\../Screenshots/Web/Medicare/Healthcare visits/20200607_080519/2.png]]

2020-06-07 08:06:27 - [TEST_STEP][PASSED] - (internal.GlobalVariable.i++): null

2020-06-07 08:06:27 - [MESSAGE][PASSED] - Call Test Case 'Test Cases/AHI/_include/get_screenshot' successfully

2020-06-07 08:06:27 - [TEST_STEP][PASSED] - selenium.click("//button[contains(text(),'Add Healthcare Visits')]"): null

2020-06-07 08:06:36 - [TEST_STEP][PASSED] - Thread.sleep(2): null

2020-06-07 08:06:36 - [TEST_STEP][PASSED] - callTestCase(findTestCase("AHI/_include/get_screenshot"), [:], STOP_ON_FAILURE): Call Test Case 'Test Cases/AHI/_include/get_screenshot' successfully

2020-06-07 08:06:36 - [TEST_CASE][PASSED] - Test Cases/AHI/_include/get_screenshot: Test Cases/AHI/_include/get_screenshot

2020-06-07 08:06:36 - [TEST_STEP][PASSED] - Thread.sleep(1000): null

2020-06-07 08:06:37 - [TEST_STEP][PASSED] - takeScreenshot(screenPath + i + ".png"): Taking screenshot successfully

2020-06-07 08:06:41 - [MESSAGE][PASSED] - Taking screenshot successfully
[[ATTACHMENT|D:\\Test\\AgileTest\\Reports\\Medicare\\medicare_staging\\20200607_080037\\../Screenshots/Web/Medicare/Healthcare visits/20200607_080519/3.png]]

2020-06-07 08:06:41 - [TEST_STEP][PASSED] - (internal.GlobalVariable.i++): null

2020-06-07 08:06:41 - [MESSAGE][PASSED] - Call Test Case 'Test Cases/AHI/_include/get_screenshot' successfully

2020-06-07 08:06:41 - [TEST_STEP][PASSED] - selenium.click("//p[text()='Average']"): null

2020-06-07 08:06:50 - [TEST_STEP][PASSED] - Thread.sleep(1): null

2020-06-07 08:06:50 - [TEST_STEP][PASSED] - callTestCase(findTestCase("AHI/_include/get_screenshot"), [:], STOP_ON_FAILURE): Call Test Case 'Test Cases/AHI/_include/get_screenshot' successfully

2020-06-07 08:06:50 - [TEST_CASE][PASSED] - Test Cases/AHI/_include/get_screenshot: Test Cases/AHI/_include/get_screenshot

2020-06-07 08:06:50 - [TEST_STEP][PASSED] - Thread.sleep(1000): null

2020-06-07 08:06:51 - [TEST_STEP][PASSED] - takeScreenshot(screenPath + i + ".png"): Taking screenshot successfully

2020-06-07 08:06:54 - [MESSAGE][PASSED] - Taking screenshot successfully
[[ATTACHMENT|D:\\Test\\AgileTest\\Reports\\Medicare\\medicare_staging\\20200607_080037\\../Screenshots/Web/Medicare/Healthcare visits/20200607_080519/4.png]]

2020-06-07 08:06:54 - [TEST_STEP][PASSED] - (internal.GlobalVariable.i++): null

2020-06-07 08:06:54 - [MESSAGE][PASSED] - Call Test Case 'Test Cases/AHI/_include/get_screenshot' successfully

2020-06-07 08:06:54 - [TEST_STEP][PASSED] - selenium.click("//button[contains(text(),'continue to Prescription Drug')]"): null

2020-06-07 08:07:03 - [TEST_STEP][PASSED] - Thread.sleep(2): null

2020-06-07 08:07:03 - [TEST_STEP][PASSED] - callTestCase(findTestCase("AHI/_include/get_screenshot"), [:], STOP_ON_FAILURE): Call Test Case 'Test Cases/AHI/_include/get_screenshot' successfully

2020-06-07 08:07:03 - [TEST_CASE][PASSED] - Test Cases/AHI/_include/get_screenshot: Test Cases/AHI/_include/get_screenshot

2020-06-07 08:07:03 - [TEST_STEP][PASSED] - Thread.sleep(1000): null

2020-06-07 08:07:04 - [TEST_STEP][PASSED] - takeScreenshot(screenPath + i + ".png"): Taking screenshot successfully

2020-06-07 08:07:08 - [MESSAGE][PASSED] - Taking screenshot successfully
[[ATTACHMENT|D:\\Test\\AgileTest\\Reports\\Medicare\\medicare_staging\\20200607_080037\\../Screenshots/Web/Medicare/Healthcare visits/20200607_080519/5.png]]

2020-06-07 08:07:08 - [TEST_STEP][PASSED] - (internal.GlobalVariable.i++): null

2020-06-07 08:07:08 - [MESSAGE][PASSED] - Call Test Case 'Test Cases/AHI/_include/get_screenshot' successfully

2020-06-07 08:07:08 - [TEST_STEP][PASSED] - selenium.click("//a[contains(text(),'View Available Plans')]"): null

2020-06-07 08:07:17 - [TEST_STEP][PASSED] - waitForElementPresent(findTestObject("medicare/quote/filter_button"), 20): Object 'Object Repository/medicare/quote/filter_button' is present

2020-06-07 08:07:20 - [MESSAGE][PASSED] - Object 'Object Repository/medicare/quote/filter_button' is present

2020-06-07 08:07:20 - [TEST_STEP][PASSED] - callTestCase(findTestCase("AHI/_include/get_screenshot"), [:], STOP_ON_FAILURE): Call Test Case 'Test Cases/AHI/_include/get_screenshot' successfully

2020-06-07 08:07:20 - [TEST_CASE][PASSED] - Test Cases/AHI/_include/get_screenshot: Test Cases/AHI/_include/get_screenshot

2020-06-07 08:07:20 - [TEST_STEP][PASSED] - Thread.sleep(1000): null

2020-06-07 08:07:21 - [TEST_STEP][PASSED] - takeScreenshot(screenPath + i + ".png"): Taking screenshot successfully

2020-06-07 08:07:24 - [MESSAGE][PASSED] - Taking screenshot successfully
[[ATTACHMENT|D:\\Test\\AgileTest\\Reports\\Medicare\\medicare_staging\\20200607_080037\\../Screenshots/Web/Medicare/Healthcare visits/20200607_080519/6.png]]

2020-06-07 08:07:24 - [TEST_STEP][PASSED] - (internal.GlobalVariable.i++): null

2020-06-07 08:07:24 - [MESSAGE][PASSED] - Call Test Case 'Test Cases/AHI/_include/get_screenshot' successfully]]></system-out>
         <system-err><![CDATA[]]></system-err>
      </testcase>
      <testcase name="Test Cases/Web/Medicare/Staging vs Review/Staging/Help" classname="Test Cases/Web/Medicare/Staging vs Review/Staging/Help" status="PASSED">
         <system-out><![CDATA[2020-06-07 08:07:24 - [TEST_CASE][PASSED] - Test Cases/Web/Medicare/Staging vs Review/Staging/Help: Test Cases/Web/Medicare/Staging vs Review/Staging/Help

2020-06-07 08:07:25 - [TEST_STEP][PASSED] - callTestCase(findTestCase("Web/_include/get_screenPath"), ["project":"Medicare", "module":"Help"], STOP_ON_FAILURE): Call Test Case 'Test Cases/Web/_include/get_screenPath' successfully

2020-06-07 08:07:25 - [TEST_CASE][PASSED] - Test Cases/Web/_include/get_screenPath: Test Cases/Web/_include/get_screenPath

2020-06-07 08:07:25 - [TEST_STEP][PASSED] - m = getExecutionProperties(): null

2020-06-07 08:07:25 - [TEST_STEP][PASSED] - now = new java.util.Date(): null

2020-06-07 08:07:25 - [TEST_STEP][PASSED] - mydate = now.format("yyyyMMdd_HHmmss"): null

2020-06-07 08:07:25 - [TEST_STEP][PASSED] - screenPath = "../Screenshots/": null

2020-06-07 08:07:25 - [TEST_STEP][PASSED] - screenPath = screenPath + "Web" + "/" + project + "/" + module + "/" + mydate + "/": null

2020-06-07 08:07:25 - [TEST_STEP][PASSED] - println(screenPath): null

2020-06-07 08:07:25 - [MESSAGE][PASSED] - Call Test Case 'Test Cases/Web/_include/get_screenPath' successfully

2020-06-07 08:07:25 - [TEST_STEP][PASSED] - i = 0: null

2020-06-07 08:07:25 - [TEST_STEP][PASSED] - openBrowser("https://staging.medicare.healthinsurance.com"): Browser is opened with url: 'https://staging.medicare.healthinsurance.com'

2020-06-07 08:07:25 - [MESSAGE][WARNING] - A browser is already opened. Closing browser and opening a new one

2020-06-07 08:07:29 - [MESSAGE][INFO] - Starting 'Chrome' driver

2020-06-07 08:07:29 - [MESSAGE][INFO] - User set preference: ['args', '[--start-maximized, --incognito, --disable-infobars, --no-sandbox]']

2020-06-07 08:07:48 - [MESSAGE][PASSED] - Browser is opened with url: 'https://staging.medicare.healthinsurance.com'

2020-06-07 08:07:48 - [TEST_STEP][PASSED] - driver = getWebDriver(): null

2020-06-07 08:07:48 - [TEST_STEP][PASSED] - baseUrl = "https://staging.medicare.healthinsurance.com": null

2020-06-07 08:07:48 - [TEST_STEP][PASSED] - selenium = new com.thoughtworks.selenium.webdriven.WebDriverBackedSelenium(driver, baseUrl): null

2020-06-07 08:07:51 - [TEST_STEP][PASSED] - callTestCase(findTestCase("AHI/_include/get_screenshot"), [:], STOP_ON_FAILURE): Call Test Case 'Test Cases/AHI/_include/get_screenshot' successfully

2020-06-07 08:07:51 - [TEST_CASE][PASSED] - Test Cases/AHI/_include/get_screenshot: Test Cases/AHI/_include/get_screenshot

2020-06-07 08:07:51 - [TEST_STEP][PASSED] - Thread.sleep(1000): null

2020-06-07 08:07:52 - [TEST_STEP][PASSED] - takeScreenshot(screenPath + i + ".png"): Taking screenshot successfully

2020-06-07 08:07:55 - [MESSAGE][PASSED] - Taking screenshot successfully
[[ATTACHMENT|D:\\Test\\AgileTest\\Reports\\Medicare\\medicare_staging\\20200607_080037\\../Screenshots/Web/Medicare/Help/20200607_080725/0.png]]

2020-06-07 08:07:55 - [TEST_STEP][PASSED] - (internal.GlobalVariable.i++): null

2020-06-07 08:07:55 - [MESSAGE][PASSED] - Call Test Case 'Test Cases/AHI/_include/get_screenshot' successfully

2020-06-07 08:07:55 - [TEST_STEP][PASSED] - setText(findTestObject("hic/medicare/census.location.zip"), zip): Text '35215' is set on object 'Object Repository/hic/medicare/census.location.zip'

2020-06-07 08:08:08 - [MESSAGE][PASSED] - Text '35215' is set on object 'Object Repository/hic/medicare/census.location.zip'

2020-06-07 08:08:08 - [TEST_STEP][PASSED] - click(findTestObject("hic/medicare/see medicare plans")): Object: 'Object Repository/hic/medicare/see medicare plans' is clicked on

2020-06-07 08:08:14 - [MESSAGE][PASSED] - Object: 'Object Repository/hic/medicare/see medicare plans' is clicked on

2020-06-07 08:08:14 - [TEST_STEP][PASSED] - waitForElementPresent(findTestObject("hic/medicare/mapd"), 20): Object 'Object Repository/hic/medicare/mapd' is not present after 20 second(s)

2020-06-07 08:08:35 - [MESSAGE][INFO] - Unable to find the element located by 'By.xpath: //h1[@class='sc-1xunf9a-0 hjdEdV']'. Please recheck the objects properties to make sure the desired element is located. 

2020-06-07 08:08:35 - [MESSAGE][WARNING] - Object 'Object Repository/hic/medicare/mapd' is not present after 20 second(s)

2020-06-07 08:08:35 - [TEST_STEP][PASSED] - callTestCase(findTestCase("AHI/_include/get_screenshot"), [:], STOP_ON_FAILURE): Call Test Case 'Test Cases/AHI/_include/get_screenshot' successfully

2020-06-07 08:08:35 - [TEST_CASE][PASSED] - Test Cases/AHI/_include/get_screenshot: Test Cases/AHI/_include/get_screenshot

2020-06-07 08:08:35 - [TEST_STEP][PASSED] - Thread.sleep(1000): null

2020-06-07 08:08:36 - [TEST_STEP][PASSED] - takeScreenshot(screenPath + i + ".png"): Taking screenshot successfully

2020-06-07 08:08:39 - [MESSAGE][PASSED] - Taking screenshot successfully
[[ATTACHMENT|D:\\Test\\AgileTest\\Reports\\Medicare\\medicare_staging\\20200607_080037\\../Screenshots/Web/Medicare/Help/20200607_080725/1.png]]

2020-06-07 08:08:39 - [TEST_STEP][PASSED] - (internal.GlobalVariable.i++): null

2020-06-07 08:08:39 - [MESSAGE][PASSED] - Call Test Case 'Test Cases/AHI/_include/get_screenshot' successfully

2020-06-07 08:08:39 - [TEST_STEP][PASSED] - selenium.click("xpath=//img[contains(@src,'help')]"): null

2020-06-07 08:08:49 - [TEST_STEP][PASSED] - waitForElementPresent(findTestObject("medicare/quote/help_modal_head"), 20): Object 'Object Repository/medicare/quote/help_modal_head' is present

2020-06-07 08:08:52 - [MESSAGE][PASSED] - Object 'Object Repository/medicare/quote/help_modal_head' is present

2020-06-07 08:08:52 - [TEST_STEP][PASSED] - callTestCase(findTestCase("AHI/_include/get_screenshot"), [:], STOP_ON_FAILURE): Call Test Case 'Test Cases/AHI/_include/get_screenshot' successfully

2020-06-07 08:08:52 - [TEST_CASE][PASSED] - Test Cases/AHI/_include/get_screenshot: Test Cases/AHI/_include/get_screenshot

2020-06-07 08:08:52 - [TEST_STEP][PASSED] - Thread.sleep(1000): null

2020-06-07 08:08:53 - [TEST_STEP][PASSED] - takeScreenshot(screenPath + i + ".png"): Taking screenshot successfully

2020-06-07 08:08:56 - [MESSAGE][PASSED] - Taking screenshot successfully
[[ATTACHMENT|D:\\Test\\AgileTest\\Reports\\Medicare\\medicare_staging\\20200607_080037\\../Screenshots/Web/Medicare/Help/20200607_080725/2.png]]

2020-06-07 08:08:56 - [TEST_STEP][PASSED] - (internal.GlobalVariable.i++): null

2020-06-07 08:08:56 - [MESSAGE][PASSED] - Call Test Case 'Test Cases/AHI/_include/get_screenshot' successfully]]></system-out>
         <system-err><![CDATA[]]></system-err>
      </testcase>
      <testcase name="Test Cases/Web/Medicare/Staging vs Review/Staging/Main Flow" classname="Test Cases/Web/Medicare/Staging vs Review/Staging/Main Flow" status="PASSED">
         <system-out><![CDATA[2020-06-07 08:08:56 - [TEST_CASE][PASSED] - Test Cases/Web/Medicare/Staging vs Review/Staging/Main Flow: Test Cases/Web/Medicare/Staging vs Review/Staging/Main Flow

2020-06-07 08:08:56 - [TEST_STEP][PASSED] - callTestCase(findTestCase("Web/_include/get_screenPath"), ["project":"Medicare", "module":"Main Flow"], STOP_ON_FAILURE): Call Test Case 'Test Cases/Web/_include/get_screenPath' successfully

2020-06-07 08:08:56 - [TEST_CASE][PASSED] - Test Cases/Web/_include/get_screenPath: Test Cases/Web/_include/get_screenPath

2020-06-07 08:08:56 - [TEST_STEP][PASSED] - m = getExecutionProperties(): null

2020-06-07 08:08:56 - [TEST_STEP][PASSED] - now = new java.util.Date(): null

2020-06-07 08:08:56 - [TEST_STEP][PASSED] - mydate = now.format("yyyyMMdd_HHmmss"): null

2020-06-07 08:08:56 - [TEST_STEP][PASSED] - screenPath = "../Screenshots/": null

2020-06-07 08:08:56 - [TEST_STEP][PASSED] - screenPath = screenPath + "Web" + "/" + project + "/" + module + "/" + mydate + "/": null

2020-06-07 08:08:56 - [TEST_STEP][PASSED] - println(screenPath): null

2020-06-07 08:08:56 - [MESSAGE][PASSED] - Call Test Case 'Test Cases/Web/_include/get_screenPath' successfully

2020-06-07 08:08:56 - [TEST_STEP][PASSED] - i = 0: null

2020-06-07 08:08:56 - [TEST_STEP][PASSED] - openBrowser("https://staging.medicare.healthinsurance.com"): Browser is opened with url: 'https://staging.medicare.healthinsurance.com'

2020-06-07 08:08:56 - [MESSAGE][WARNING] - A browser is already opened. Closing browser and opening a new one

2020-06-07 08:09:01 - [MESSAGE][INFO] - Starting 'Chrome' driver

2020-06-07 08:09:01 - [MESSAGE][INFO] - User set preference: ['args', '[--start-maximized, --incognito, --disable-infobars, --no-sandbox]']

2020-06-07 08:09:17 - [MESSAGE][PASSED] - Browser is opened with url: 'https://staging.medicare.healthinsurance.com'

2020-06-07 08:09:17 - [TEST_STEP][PASSED] - driver = getWebDriver(): null

2020-06-07 08:09:17 - [TEST_STEP][PASSED] - baseUrl = "https://staging.medicare.healthinsurance.com": null

2020-06-07 08:09:17 - [TEST_STEP][PASSED] - selenium = new com.thoughtworks.selenium.webdriven.WebDriverBackedSelenium(driver, baseUrl): null

2020-06-07 08:09:20 - [TEST_STEP][PASSED] - callTestCase(findTestCase("AHI/_include/get_screenshot"), [:], STOP_ON_FAILURE): Call Test Case 'Test Cases/AHI/_include/get_screenshot' successfully

2020-06-07 08:09:20 - [TEST_CASE][PASSED] - Test Cases/AHI/_include/get_screenshot: Test Cases/AHI/_include/get_screenshot

2020-06-07 08:09:20 - [TEST_STEP][PASSED] - Thread.sleep(1000): null

2020-06-07 08:09:21 - [TEST_STEP][PASSED] - takeScreenshot(screenPath + i + ".png"): Taking screenshot successfully

2020-06-07 08:09:25 - [MESSAGE][PASSED] - Taking screenshot successfully
[[ATTACHMENT|D:\\Test\\AgileTest\\Reports\\Medicare\\medicare_staging\\20200607_080037\\../Screenshots/Web/Medicare/Main Flow/20200607_080856/0.png]]

2020-06-07 08:09:25 - [TEST_STEP][PASSED] - (internal.GlobalVariable.i++): null

2020-06-07 08:09:25 - [MESSAGE][PASSED] - Call Test Case 'Test Cases/AHI/_include/get_screenshot' successfully

2020-06-07 08:09:25 - [TEST_STEP][PASSED] - setText(findTestObject("hic/medicare/census.location.zip"), zip): Text '32701' is set on object 'Object Repository/hic/medicare/census.location.zip'

2020-06-07 08:09:37 - [MESSAGE][PASSED] - Text '32701' is set on object 'Object Repository/hic/medicare/census.location.zip'

2020-06-07 08:09:37 - [TEST_STEP][PASSED] - click(findTestObject("hic/medicare/see medicare plans")): Object: 'Object Repository/hic/medicare/see medicare plans' is clicked on

2020-06-07 08:09:43 - [MESSAGE][PASSED] - Object: 'Object Repository/hic/medicare/see medicare plans' is clicked on

2020-06-07 08:09:43 - [TEST_STEP][PASSED] - waitForElementPresent(findTestObject("medicare/quote/filter_button"), 20): Object 'Object Repository/medicare/quote/filter_button' is present

2020-06-07 08:09:47 - [MESSAGE][PASSED] - Object 'Object Repository/medicare/quote/filter_button' is present

2020-06-07 08:09:47 - [TEST_STEP][PASSED] - callTestCase(findTestCase("AHI/_include/get_screenshot"), [:], STOP_ON_FAILURE): Call Test Case 'Test Cases/AHI/_include/get_screenshot' successfully

2020-06-07 08:09:47 - [TEST_CASE][PASSED] - Test Cases/AHI/_include/get_screenshot: Test Cases/AHI/_include/get_screenshot

2020-06-07 08:09:47 - [TEST_STEP][PASSED] - Thread.sleep(1000): null

2020-06-07 08:09:48 - [TEST_STEP][PASSED] - takeScreenshot(screenPath + i + ".png"): Taking screenshot successfully

2020-06-07 08:09:51 - [MESSAGE][PASSED] - Taking screenshot successfully
[[ATTACHMENT|D:\\Test\\AgileTest\\Reports\\Medicare\\medicare_staging\\20200607_080037\\../Screenshots/Web/Medicare/Main Flow/20200607_080856/1.png]]

2020-06-07 08:09:51 - [TEST_STEP][PASSED] - (internal.GlobalVariable.i++): null

2020-06-07 08:09:51 - [MESSAGE][PASSED] - Call Test Case 'Test Cases/AHI/_include/get_screenshot' successfully

2020-06-07 08:09:51 - [TEST_STEP][PASSED] - selenium.click("xpath=//a[text()="See Plan Details"]"): null

2020-06-07 08:10:01 - [TEST_STEP][PASSED] - waitForElementPresent(findTestObject("medicare/details/detail_back"), 20): Object 'Object Repository/medicare/details/detail_back' is present

2020-06-07 08:10:04 - [MESSAGE][PASSED] - Object 'Object Repository/medicare/details/detail_back' is present

2020-06-07 08:10:04 - [TEST_STEP][PASSED] - Thread.sleep(2): null

2020-06-07 08:10:04 - [TEST_STEP][PASSED] - callTestCase(findTestCase("AHI/_include/get_screenshot"), [:], STOP_ON_FAILURE): Call Test Case 'Test Cases/AHI/_include/get_screenshot' successfully

2020-06-07 08:10:04 - [TEST_CASE][PASSED] - Test Cases/AHI/_include/get_screenshot: Test Cases/AHI/_include/get_screenshot

2020-06-07 08:10:04 - [TEST_STEP][PASSED] - Thread.sleep(1000): null

2020-06-07 08:10:05 - [TEST_STEP][PASSED] - takeScreenshot(screenPath + i + ".png"): Taking screenshot successfully

2020-06-07 08:10:08 - [MESSAGE][PASSED] - Taking screenshot successfully
[[ATTACHMENT|D:\\Test\\AgileTest\\Reports\\Medicare\\medicare_staging\\20200607_080037\\../Screenshots/Web/Medicare/Main Flow/20200607_080856/2.png]]

2020-06-07 08:10:08 - [TEST_STEP][PASSED] - (internal.GlobalVariable.i++): null

2020-06-07 08:10:08 - [MESSAGE][PASSED] - Call Test Case 'Test Cases/AHI/_include/get_screenshot' successfully

2020-06-07 08:10:08 - [TEST_STEP][PASSED] - click(findTestObject("medicare/details/detail_back")): Object: 'Object Repository/medicare/details/detail_back' is clicked on

2020-06-07 08:10:14 - [MESSAGE][PASSED] - Object: 'Object Repository/medicare/details/detail_back' is clicked on

2020-06-07 08:10:14 - [TEST_STEP][PASSED] - waitForElementPresent(findTestObject("medicare/quote/filter_button"), 20): Object 'Object Repository/medicare/quote/filter_button' is present

2020-06-07 08:10:17 - [MESSAGE][PASSED] - Object 'Object Repository/medicare/quote/filter_button' is present

2020-06-07 08:10:17 - [TEST_STEP][PASSED] - selenium.click("//a[text()='View Part D Plans.']"): null

2020-06-07 08:10:27 - [TEST_STEP][PASSED] - waitForElementPresent(findTestObject("medicare/quote/quote_pd_h1"), 20): Object 'Object Repository/medicare/quote/quote_pd_h1' is not present after 20 second(s)

2020-06-07 08:10:48 - [MESSAGE][INFO] - Unable to find the element located by 'By.xpath: //h1[contains(text(),'Medicare Part D Plans')]'. Please recheck the objects properties to make sure the desired element is located. 

2020-06-07 08:10:48 - [MESSAGE][WARNING] - Object 'Object Repository/medicare/quote/quote_pd_h1' is not present after 20 second(s)

2020-06-07 08:10:48 - [TEST_STEP][PASSED] - callTestCase(findTestCase("AHI/_include/get_screenshot"), [:], STOP_ON_FAILURE): Call Test Case 'Test Cases/AHI/_include/get_screenshot' successfully

2020-06-07 08:10:48 - [TEST_CASE][PASSED] - Test Cases/AHI/_include/get_screenshot: Test Cases/AHI/_include/get_screenshot

2020-06-07 08:10:48 - [TEST_STEP][PASSED] - Thread.sleep(1000): null

2020-06-07 08:10:49 - [TEST_STEP][PASSED] - takeScreenshot(screenPath + i + ".png"): Taking screenshot successfully

2020-06-07 08:10:53 - [MESSAGE][PASSED] - Taking screenshot successfully
[[ATTACHMENT|D:\\Test\\AgileTest\\Reports\\Medicare\\medicare_staging\\20200607_080037\\../Screenshots/Web/Medicare/Main Flow/20200607_080856/3.png]]

2020-06-07 08:10:53 - [TEST_STEP][PASSED] - (internal.GlobalVariable.i++): null

2020-06-07 08:10:53 - [MESSAGE][PASSED] - Call Test Case 'Test Cases/AHI/_include/get_screenshot' successfully

2020-06-07 08:10:53 - [TEST_STEP][PASSED] - selenium.click("//a[text()='See Plan Details']"): null

2020-06-07 08:11:02 - [TEST_STEP][PASSED] - waitForElementPresent(findTestObject("medicare/details/detail_back"), 20): Object 'Object Repository/medicare/details/detail_back' is present

2020-06-07 08:11:05 - [MESSAGE][PASSED] - Object 'Object Repository/medicare/details/detail_back' is present

2020-06-07 08:11:05 - [TEST_STEP][PASSED] - Thread.sleep(2): null

2020-06-07 08:11:05 - [TEST_STEP][PASSED] - callTestCase(findTestCase("AHI/_include/get_screenshot"), [:], STOP_ON_FAILURE): Call Test Case 'Test Cases/AHI/_include/get_screenshot' successfully

2020-06-07 08:11:05 - [TEST_CASE][PASSED] - Test Cases/AHI/_include/get_screenshot: Test Cases/AHI/_include/get_screenshot

2020-06-07 08:11:05 - [TEST_STEP][PASSED] - Thread.sleep(1000): null

2020-06-07 08:11:06 - [TEST_STEP][PASSED] - takeScreenshot(screenPath + i + ".png"): Taking screenshot successfully

2020-06-07 08:11:10 - [MESSAGE][PASSED] - Taking screenshot successfully
[[ATTACHMENT|D:\\Test\\AgileTest\\Reports\\Medicare\\medicare_staging\\20200607_080037\\../Screenshots/Web/Medicare/Main Flow/20200607_080856/4.png]]

2020-06-07 08:11:10 - [TEST_STEP][PASSED] - (internal.GlobalVariable.i++): null

2020-06-07 08:11:10 - [MESSAGE][PASSED] - Call Test Case 'Test Cases/AHI/_include/get_screenshot' successfully

2020-06-07 08:11:10 - [TEST_STEP][PASSED] - selenium.click("//a[text()='Enroll']"): null

2020-06-07 08:11:19 - [TEST_STEP][PASSED] - Thread.sleep(2): null

2020-06-07 08:11:19 - [TEST_STEP][PASSED] - callTestCase(findTestCase("AHI/_include/get_screenshot"), [:], STOP_ON_FAILURE): Call Test Case 'Test Cases/AHI/_include/get_screenshot' successfully

2020-06-07 08:11:19 - [TEST_CASE][PASSED] - Test Cases/AHI/_include/get_screenshot: Test Cases/AHI/_include/get_screenshot

2020-06-07 08:11:19 - [TEST_STEP][PASSED] - Thread.sleep(1000): null

2020-06-07 08:11:20 - [TEST_STEP][PASSED] - takeScreenshot(screenPath + i + ".png"): Taking screenshot successfully

2020-06-07 08:11:23 - [MESSAGE][PASSED] - Taking screenshot successfully
[[ATTACHMENT|D:\\Test\\AgileTest\\Reports\\Medicare\\medicare_staging\\20200607_080037\\../Screenshots/Web/Medicare/Main Flow/20200607_080856/5.png]]

2020-06-07 08:11:23 - [TEST_STEP][PASSED] - (internal.GlobalVariable.i++): null

2020-06-07 08:11:23 - [MESSAGE][PASSED] - Call Test Case 'Test Cases/AHI/_include/get_screenshot' successfully]]></system-out>
         <system-err><![CDATA[]]></system-err>
      </testcase>
      <testcase name="Test Cases/Web/Medicare/Staging vs Review/Staging/No inventory" classname="Test Cases/Web/Medicare/Staging vs Review/Staging/No inventory" status="PASSED">
         <system-out><![CDATA[2020-06-07 08:11:23 - [TEST_CASE][PASSED] - Test Cases/Web/Medicare/Staging vs Review/Staging/No inventory: Test Cases/Web/Medicare/Staging vs Review/Staging/No inventory

2020-06-07 08:11:24 - [TEST_STEP][PASSED] - callTestCase(findTestCase("Web/_include/get_screenPath"), ["project":"Medicare", "module":"No inventory"], STOP_ON_FAILURE): Call Test Case 'Test Cases/Web/_include/get_screenPath' successfully

2020-06-07 08:11:24 - [TEST_CASE][PASSED] - Test Cases/Web/_include/get_screenPath: Test Cases/Web/_include/get_screenPath

2020-06-07 08:11:24 - [TEST_STEP][PASSED] - m = getExecutionProperties(): null

2020-06-07 08:11:24 - [TEST_STEP][PASSED] - now = new java.util.Date(): null

2020-06-07 08:11:24 - [TEST_STEP][PASSED] - mydate = now.format("yyyyMMdd_HHmmss"): null

2020-06-07 08:11:24 - [TEST_STEP][PASSED] - screenPath = "../Screenshots/": null

2020-06-07 08:11:24 - [TEST_STEP][PASSED] - screenPath = screenPath + "Web" + "/" + project + "/" + module + "/" + mydate + "/": null

2020-06-07 08:11:24 - [TEST_STEP][PASSED] - println(screenPath): null

2020-06-07 08:11:24 - [MESSAGE][PASSED] - Call Test Case 'Test Cases/Web/_include/get_screenPath' successfully

2020-06-07 08:11:24 - [TEST_STEP][PASSED] - i = 0: null

2020-06-07 08:11:24 - [TEST_STEP][PASSED] - openBrowser("https://staging.medicare.healthinsurance.com"): Browser is opened with url: 'https://staging.medicare.healthinsurance.com'

2020-06-07 08:11:24 - [MESSAGE][WARNING] - A browser is already opened. Closing browser and opening a new one

2020-06-07 08:11:28 - [MESSAGE][INFO] - Starting 'Chrome' driver

2020-06-07 08:11:28 - [MESSAGE][INFO] - User set preference: ['args', '[--start-maximized, --incognito, --disable-infobars, --no-sandbox]']

2020-06-07 08:11:43 - [MESSAGE][PASSED] - Browser is opened with url: 'https://staging.medicare.healthinsurance.com'

2020-06-07 08:11:43 - [TEST_STEP][PASSED] - driver = getWebDriver(): null

2020-06-07 08:11:43 - [TEST_STEP][PASSED] - baseUrl = "https://staging.medicare.healthinsurance.com": null

2020-06-07 08:11:43 - [TEST_STEP][PASSED] - selenium = new com.thoughtworks.selenium.webdriven.WebDriverBackedSelenium(driver, baseUrl): null

2020-06-07 08:11:46 - [TEST_STEP][PASSED] - callTestCase(findTestCase("AHI/_include/get_screenshot"), [:], STOP_ON_FAILURE): Call Test Case 'Test Cases/AHI/_include/get_screenshot' successfully

2020-06-07 08:11:46 - [TEST_CASE][PASSED] - Test Cases/AHI/_include/get_screenshot: Test Cases/AHI/_include/get_screenshot

2020-06-07 08:11:46 - [TEST_STEP][PASSED] - Thread.sleep(1000): null

2020-06-07 08:11:47 - [TEST_STEP][PASSED] - takeScreenshot(screenPath + i + ".png"): Taking screenshot successfully

2020-06-07 08:11:51 - [MESSAGE][PASSED] - Taking screenshot successfully
[[ATTACHMENT|D:\\Test\\AgileTest\\Reports\\Medicare\\medicare_staging\\20200607_080037\\../Screenshots/Web/Medicare/No inventory/20200607_081124/0.png]]

2020-06-07 08:11:51 - [TEST_STEP][PASSED] - (internal.GlobalVariable.i++): null

2020-06-07 08:11:51 - [MESSAGE][PASSED] - Call Test Case 'Test Cases/AHI/_include/get_screenshot' successfully

2020-06-07 08:11:51 - [TEST_STEP][PASSED] - setText(findTestObject("hic/medicare/census.location.zip"), "72057"): Text '72057' is set on object 'Object Repository/hic/medicare/census.location.zip'

2020-06-07 08:12:03 - [MESSAGE][PASSED] - Text '72057' is set on object 'Object Repository/hic/medicare/census.location.zip'

2020-06-07 08:12:03 - [TEST_STEP][PASSED] - Thread.sleep(2): null

2020-06-07 08:12:03 - [TEST_STEP][PASSED] - callTestCase(findTestCase("AHI/_include/get_screenshot"), [:], STOP_ON_FAILURE): Call Test Case 'Test Cases/AHI/_include/get_screenshot' successfully

2020-06-07 08:12:03 - [TEST_CASE][PASSED] - Test Cases/AHI/_include/get_screenshot: Test Cases/AHI/_include/get_screenshot

2020-06-07 08:12:03 - [TEST_STEP][PASSED] - Thread.sleep(1000): null

2020-06-07 08:12:04 - [TEST_STEP][PASSED] - takeScreenshot(screenPath + i + ".png"): Taking screenshot successfully

2020-06-07 08:12:08 - [MESSAGE][PASSED] - Taking screenshot successfully
[[ATTACHMENT|D:\\Test\\AgileTest\\Reports\\Medicare\\medicare_staging\\20200607_080037\\../Screenshots/Web/Medicare/No inventory/20200607_081124/1.png]]

2020-06-07 08:12:08 - [TEST_STEP][PASSED] - (internal.GlobalVariable.i++): null

2020-06-07 08:12:08 - [MESSAGE][PASSED] - Call Test Case 'Test Cases/AHI/_include/get_screenshot' successfully

2020-06-07 08:12:08 - [TEST_STEP][PASSED] - selenium.click("//button[contains(text(),'Cleveland')]"): null

2020-06-07 08:12:17 - [TEST_STEP][PASSED] - Thread.sleep(1): null

2020-06-07 08:12:17 - [TEST_STEP][PASSED] - click(findTestObject("hic/medicare/see medicare plans")): Object: 'Object Repository/hic/medicare/see medicare plans' is clicked on

2020-06-07 08:12:23 - [MESSAGE][PASSED] - Object: 'Object Repository/hic/medicare/see medicare plans' is clicked on

2020-06-07 08:12:23 - [TEST_STEP][PASSED] - waitForElementPresent(findTestObject("medicare/quote/no_inventory_back"), 20): Object 'Object Repository/medicare/quote/no_inventory_back' is present

2020-06-07 08:12:26 - [MESSAGE][PASSED] - Object 'Object Repository/medicare/quote/no_inventory_back' is present

2020-06-07 08:12:26 - [TEST_STEP][PASSED] - callTestCase(findTestCase("AHI/_include/get_screenshot"), [:], STOP_ON_FAILURE): Call Test Case 'Test Cases/AHI/_include/get_screenshot' successfully

2020-06-07 08:12:26 - [TEST_CASE][PASSED] - Test Cases/AHI/_include/get_screenshot: Test Cases/AHI/_include/get_screenshot

2020-06-07 08:12:26 - [TEST_STEP][PASSED] - Thread.sleep(1000): null

2020-06-07 08:12:27 - [TEST_STEP][PASSED] - takeScreenshot(screenPath + i + ".png"): Taking screenshot successfully

2020-06-07 08:12:31 - [MESSAGE][PASSED] - Taking screenshot successfully
[[ATTACHMENT|D:\\Test\\AgileTest\\Reports\\Medicare\\medicare_staging\\20200607_080037\\../Screenshots/Web/Medicare/No inventory/20200607_081124/2.png]]

2020-06-07 08:12:31 - [TEST_STEP][PASSED] - (internal.GlobalVariable.i++): null

2020-06-07 08:12:31 - [MESSAGE][PASSED] - Call Test Case 'Test Cases/AHI/_include/get_screenshot' successfully]]></system-out>
         <system-err><![CDATA[]]></system-err>
      </testcase>
      <testcase name="Test Cases/Web/Medicare/Staging vs Review/Staging/Pharmacy" classname="Test Cases/Web/Medicare/Staging vs Review/Staging/Pharmacy" status="PASSED">
         <system-out><![CDATA[2020-06-07 08:12:31 - [TEST_CASE][PASSED] - Test Cases/Web/Medicare/Staging vs Review/Staging/Pharmacy: Test Cases/Web/Medicare/Staging vs Review/Staging/Pharmacy

2020-06-07 08:12:31 - [TEST_STEP][PASSED] - callTestCase(findTestCase("Web/_include/get_screenPath"), ["project":"Medicare", "module":"Pharmacy"], STOP_ON_FAILURE): Call Test Case 'Test Cases/Web/_include/get_screenPath' successfully

2020-06-07 08:12:31 - [TEST_CASE][PASSED] - Test Cases/Web/_include/get_screenPath: Test Cases/Web/_include/get_screenPath

2020-06-07 08:12:31 - [TEST_STEP][PASSED] - m = getExecutionProperties(): null

2020-06-07 08:12:31 - [TEST_STEP][PASSED] - now = new java.util.Date(): null

2020-06-07 08:12:31 - [TEST_STEP][PASSED] - mydate = now.format("yyyyMMdd_HHmmss"): null

2020-06-07 08:12:31 - [TEST_STEP][PASSED] - screenPath = "../Screenshots/": null

2020-06-07 08:12:31 - [TEST_STEP][PASSED] - screenPath = screenPath + "Web" + "/" + project + "/" + module + "/" + mydate + "/": null

2020-06-07 08:12:31 - [TEST_STEP][PASSED] - println(screenPath): null

2020-06-07 08:12:31 - [MESSAGE][PASSED] - Call Test Case 'Test Cases/Web/_include/get_screenPath' successfully

2020-06-07 08:12:31 - [TEST_STEP][PASSED] - i = 0: null

2020-06-07 08:12:31 - [TEST_STEP][PASSED] - openBrowser("https://staging.medicare.healthinsurance.com"): Browser is opened with url: 'https://staging.medicare.healthinsurance.com'

2020-06-07 08:12:31 - [MESSAGE][WARNING] - A browser is already opened. Closing browser and opening a new one

2020-06-07 08:12:35 - [MESSAGE][INFO] - Starting 'Chrome' driver

2020-06-07 08:12:35 - [MESSAGE][INFO] - User set preference: ['args', '[--start-maximized, --incognito, --disable-infobars, --no-sandbox]']

2020-06-07 08:12:52 - [MESSAGE][PASSED] - Browser is opened with url: 'https://staging.medicare.healthinsurance.com'

2020-06-07 08:12:52 - [TEST_STEP][PASSED] - driver = getWebDriver(): null

2020-06-07 08:12:52 - [TEST_STEP][PASSED] - baseUrl = "https://staging.medicare.healthinsurance.com": null

2020-06-07 08:12:52 - [TEST_STEP][PASSED] - selenium = new com.thoughtworks.selenium.webdriven.WebDriverBackedSelenium(driver, baseUrl): null

2020-06-07 08:12:55 - [TEST_STEP][PASSED] - callTestCase(findTestCase("AHI/_include/get_screenshot"), [:], STOP_ON_FAILURE): Call Test Case 'Test Cases/AHI/_include/get_screenshot' successfully

2020-06-07 08:12:55 - [TEST_CASE][PASSED] - Test Cases/AHI/_include/get_screenshot: Test Cases/AHI/_include/get_screenshot

2020-06-07 08:12:55 - [TEST_STEP][PASSED] - Thread.sleep(1000): null

2020-06-07 08:12:56 - [TEST_STEP][PASSED] - takeScreenshot(screenPath + i + ".png"): Taking screenshot successfully

2020-06-07 08:13:00 - [MESSAGE][PASSED] - Taking screenshot successfully
[[ATTACHMENT|D:\\Test\\AgileTest\\Reports\\Medicare\\medicare_staging\\20200607_080037\\../Screenshots/Web/Medicare/Pharmacy/20200607_081231/0.png]]

2020-06-07 08:13:00 - [TEST_STEP][PASSED] - (internal.GlobalVariable.i++): null

2020-06-07 08:13:00 - [MESSAGE][PASSED] - Call Test Case 'Test Cases/AHI/_include/get_screenshot' successfully

2020-06-07 08:13:00 - [TEST_STEP][PASSED] - setText(findTestObject("hic/medicare/census.location.zip"), "32701"): Text '32701' is set on object 'Object Repository/hic/medicare/census.location.zip'

2020-06-07 08:13:12 - [MESSAGE][PASSED] - Text '32701' is set on object 'Object Repository/hic/medicare/census.location.zip'

2020-06-07 08:13:12 - [TEST_STEP][PASSED] - click(findTestObject("hic/medicare/see medicare plans")): Object: 'Object Repository/hic/medicare/see medicare plans' is clicked on

2020-06-07 08:13:18 - [MESSAGE][PASSED] - Object: 'Object Repository/hic/medicare/see medicare plans' is clicked on

2020-06-07 08:13:18 - [TEST_STEP][PASSED] - waitForElementPresent(findTestObject("medicare/quote/filter_button"), 20): Object 'Object Repository/medicare/quote/filter_button' is present

2020-06-07 08:13:28 - [MESSAGE][PASSED] - Object 'Object Repository/medicare/quote/filter_button' is present

2020-06-07 08:13:28 - [TEST_STEP][PASSED] - callTestCase(findTestCase("AHI/_include/get_screenshot"), [:], STOP_ON_FAILURE): Call Test Case 'Test Cases/AHI/_include/get_screenshot' successfully

2020-06-07 08:13:28 - [TEST_CASE][PASSED] - Test Cases/AHI/_include/get_screenshot: Test Cases/AHI/_include/get_screenshot

2020-06-07 08:13:28 - [TEST_STEP][PASSED] - Thread.sleep(1000): null

2020-06-07 08:13:29 - [TEST_STEP][PASSED] - takeScreenshot(screenPath + i + ".png"): Taking screenshot successfully

2020-06-07 08:13:33 - [MESSAGE][PASSED] - Taking screenshot successfully
[[ATTACHMENT|D:\\Test\\AgileTest\\Reports\\Medicare\\medicare_staging\\20200607_080037\\../Screenshots/Web/Medicare/Pharmacy/20200607_081231/1.png]]

2020-06-07 08:13:33 - [TEST_STEP][PASSED] - (internal.GlobalVariable.i++): null

2020-06-07 08:13:33 - [MESSAGE][PASSED] - Call Test Case 'Test Cases/AHI/_include/get_screenshot' successfully

2020-06-07 08:13:33 - [TEST_STEP][PASSED] - selenium.click("//a[contains(text(),'Pharmacy')]"): null

2020-06-07 08:13:42 - [TEST_STEP][PASSED] - Thread.sleep(2): null

2020-06-07 08:13:42 - [TEST_STEP][PASSED] - callTestCase(findTestCase("AHI/_include/get_screenshot"), [:], STOP_ON_FAILURE): Call Test Case 'Test Cases/AHI/_include/get_screenshot' successfully

2020-06-07 08:13:42 - [TEST_CASE][PASSED] - Test Cases/AHI/_include/get_screenshot: Test Cases/AHI/_include/get_screenshot

2020-06-07 08:13:42 - [TEST_STEP][PASSED] - Thread.sleep(1000): null

2020-06-07 08:13:43 - [TEST_STEP][PASSED] - takeScreenshot(screenPath + i + ".png"): Taking screenshot successfully

2020-06-07 08:13:46 - [MESSAGE][PASSED] - Taking screenshot successfully
[[ATTACHMENT|D:\\Test\\AgileTest\\Reports\\Medicare\\medicare_staging\\20200607_080037\\../Screenshots/Web/Medicare/Pharmacy/20200607_081231/2.png]]

2020-06-07 08:13:46 - [TEST_STEP][PASSED] - (internal.GlobalVariable.i++): null

2020-06-07 08:13:46 - [MESSAGE][PASSED] - Call Test Case 'Test Cases/AHI/_include/get_screenshot' successfully

2020-06-07 08:13:46 - [TEST_STEP][PASSED] - selenium.click("//button[contains(text(),'Add Your Pharmacy')]"): null

2020-06-07 08:13:55 - [TEST_STEP][PASSED] - waitForElementPresent(findTestObject("medicare/quote/pharmacy_walgreens"), 20): Object 'Object Repository/medicare/quote/pharmacy_walgreens' is present

2020-06-07 08:13:58 - [MESSAGE][PASSED] - Object 'Object Repository/medicare/quote/pharmacy_walgreens' is present

2020-06-07 08:13:58 - [TEST_STEP][PASSED] - Thread.sleep(2): null

2020-06-07 08:13:58 - [TEST_STEP][PASSED] - callTestCase(findTestCase("AHI/_include/get_screenshot"), [:], STOP_ON_FAILURE): Call Test Case 'Test Cases/AHI/_include/get_screenshot' successfully

2020-06-07 08:13:58 - [TEST_CASE][PASSED] - Test Cases/AHI/_include/get_screenshot: Test Cases/AHI/_include/get_screenshot

2020-06-07 08:13:58 - [TEST_STEP][PASSED] - Thread.sleep(1000): null

2020-06-07 08:13:59 - [TEST_STEP][PASSED] - takeScreenshot(screenPath + i + ".png"): Taking screenshot successfully

2020-06-07 08:14:03 - [MESSAGE][PASSED] - Taking screenshot successfully
[[ATTACHMENT|D:\\Test\\AgileTest\\Reports\\Medicare\\medicare_staging\\20200607_080037\\../Screenshots/Web/Medicare/Pharmacy/20200607_081231/3.png]]

2020-06-07 08:14:03 - [TEST_STEP][PASSED] - (internal.GlobalVariable.i++): null

2020-06-07 08:14:03 - [MESSAGE][PASSED] - Call Test Case 'Test Cases/AHI/_include/get_screenshot' successfully

2020-06-07 08:14:03 - [TEST_STEP][PASSED] - selenium.click("//button[contains(text(),'Walgreens')]"): null

2020-06-07 08:14:12 - [TEST_STEP][PASSED] - Thread.sleep(1): null

2020-06-07 08:14:12 - [TEST_STEP][PASSED] - callTestCase(findTestCase("AHI/_include/get_screenshot"), [:], STOP_ON_FAILURE): Call Test Case 'Test Cases/AHI/_include/get_screenshot' successfully

2020-06-07 08:14:12 - [TEST_CASE][PASSED] - Test Cases/AHI/_include/get_screenshot: Test Cases/AHI/_include/get_screenshot

2020-06-07 08:14:12 - [TEST_STEP][PASSED] - Thread.sleep(1000): null

2020-06-07 08:14:13 - [TEST_STEP][PASSED] - takeScreenshot(screenPath + i + ".png"): Taking screenshot successfully

2020-06-07 08:14:16 - [MESSAGE][PASSED] - Taking screenshot successfully
[[ATTACHMENT|D:\\Test\\AgileTest\\Reports\\Medicare\\medicare_staging\\20200607_080037\\../Screenshots/Web/Medicare/Pharmacy/20200607_081231/4.png]]

2020-06-07 08:14:16 - [TEST_STEP][PASSED] - (internal.GlobalVariable.i++): null

2020-06-07 08:14:16 - [MESSAGE][PASSED] - Call Test Case 'Test Cases/AHI/_include/get_screenshot' successfully

2020-06-07 08:14:16 - [TEST_STEP][PASSED] - selenium.click("//button[contains(text(),'view available plans')]"): null

2020-06-07 08:14:25 - [TEST_STEP][PASSED] - Thread.sleep(2): null

2020-06-07 08:14:25 - [TEST_STEP][PASSED] - waitForElementPresent(findTestObject("medicare/quote/filter_button"), 20): Object 'Object Repository/medicare/quote/filter_button' is present

2020-06-07 08:14:32 - [MESSAGE][PASSED] - Object 'Object Repository/medicare/quote/filter_button' is present

2020-06-07 08:14:32 - [TEST_STEP][PASSED] - callTestCase(findTestCase("AHI/_include/get_screenshot"), [:], STOP_ON_FAILURE): Call Test Case 'Test Cases/AHI/_include/get_screenshot' successfully

2020-06-07 08:14:32 - [TEST_CASE][PASSED] - Test Cases/AHI/_include/get_screenshot: Test Cases/AHI/_include/get_screenshot

2020-06-07 08:14:32 - [TEST_STEP][PASSED] - Thread.sleep(1000): null

2020-06-07 08:14:33 - [TEST_STEP][PASSED] - takeScreenshot(screenPath + i + ".png"): Taking screenshot successfully

2020-06-07 08:14:36 - [MESSAGE][PASSED] - Taking screenshot successfully
[[ATTACHMENT|D:\\Test\\AgileTest\\Reports\\Medicare\\medicare_staging\\20200607_080037\\../Screenshots/Web/Medicare/Pharmacy/20200607_081231/5.png]]

2020-06-07 08:14:36 - [TEST_STEP][PASSED] - (internal.GlobalVariable.i++): null

2020-06-07 08:14:36 - [MESSAGE][PASSED] - Call Test Case 'Test Cases/AHI/_include/get_screenshot' successfully]]></system-out>
         <system-err><![CDATA[]]></system-err>
      </testcase>
      <testcase name="Test Cases/Web/Medicare/Staging vs Review/Staging/Prescription drugs" classname="Test Cases/Web/Medicare/Staging vs Review/Staging/Prescription drugs" status="PASSED">
         <system-out><![CDATA[2020-06-07 08:14:36 - [TEST_CASE][PASSED] - Test Cases/Web/Medicare/Staging vs Review/Staging/Prescription drugs: Test Cases/Web/Medicare/Staging vs Review/Staging/Prescription drugs

2020-06-07 08:14:37 - [TEST_STEP][PASSED] - callTestCase(findTestCase("Web/_include/get_screenPath"), ["project":"Medicare", "module":"Prescription drugs"], STOP_ON_FAILURE): Call Test Case 'Test Cases/Web/_include/get_screenPath' successfully

2020-06-07 08:14:37 - [TEST_CASE][PASSED] - Test Cases/Web/_include/get_screenPath: Test Cases/Web/_include/get_screenPath

2020-06-07 08:14:37 - [TEST_STEP][PASSED] - m = getExecutionProperties(): null

2020-06-07 08:14:37 - [TEST_STEP][PASSED] - now = new java.util.Date(): null

2020-06-07 08:14:37 - [TEST_STEP][PASSED] - mydate = now.format("yyyyMMdd_HHmmss"): null

2020-06-07 08:14:37 - [TEST_STEP][PASSED] - screenPath = "../Screenshots/": null

2020-06-07 08:14:37 - [TEST_STEP][PASSED] - screenPath = screenPath + "Web" + "/" + project + "/" + module + "/" + mydate + "/": null

2020-06-07 08:14:37 - [TEST_STEP][PASSED] - println(screenPath): null

2020-06-07 08:14:37 - [MESSAGE][PASSED] - Call Test Case 'Test Cases/Web/_include/get_screenPath' successfully

2020-06-07 08:14:37 - [TEST_STEP][PASSED] - i = 0: null

2020-06-07 08:14:37 - [TEST_STEP][PASSED] - openBrowser("https://staging.medicare.healthinsurance.com"): Browser is opened with url: 'https://staging.medicare.healthinsurance.com'

2020-06-07 08:14:37 - [MESSAGE][WARNING] - A browser is already opened. Closing browser and opening a new one

2020-06-07 08:14:41 - [MESSAGE][INFO] - Starting 'Chrome' driver

2020-06-07 08:14:41 - [MESSAGE][INFO] - User set preference: ['args', '[--start-maximized, --incognito, --disable-infobars, --no-sandbox]']

2020-06-07 08:14:56 - [MESSAGE][PASSED] - Browser is opened with url: 'https://staging.medicare.healthinsurance.com'

2020-06-07 08:14:56 - [TEST_STEP][PASSED] - driver = getWebDriver(): null

2020-06-07 08:14:56 - [TEST_STEP][PASSED] - baseUrl = "https://staging.medicare.healthinsurance.com": null

2020-06-07 08:14:56 - [TEST_STEP][PASSED] - selenium = new com.thoughtworks.selenium.webdriven.WebDriverBackedSelenium(driver, baseUrl): null

2020-06-07 08:14:59 - [TEST_STEP][PASSED] - callTestCase(findTestCase("AHI/_include/get_screenshot"), [:], STOP_ON_FAILURE): Call Test Case 'Test Cases/AHI/_include/get_screenshot' successfully

2020-06-07 08:14:59 - [TEST_CASE][PASSED] - Test Cases/AHI/_include/get_screenshot: Test Cases/AHI/_include/get_screenshot

2020-06-07 08:14:59 - [TEST_STEP][PASSED] - Thread.sleep(1000): null

2020-06-07 08:15:00 - [TEST_STEP][PASSED] - takeScreenshot(screenPath + i + ".png"): Taking screenshot successfully

2020-06-07 08:15:04 - [MESSAGE][PASSED] - Taking screenshot successfully
[[ATTACHMENT|D:\\Test\\AgileTest\\Reports\\Medicare\\medicare_staging\\20200607_080037\\../Screenshots/Web/Medicare/Prescription drugs/20200607_081437/0.png]]

2020-06-07 08:15:04 - [TEST_STEP][PASSED] - (internal.GlobalVariable.i++): null

2020-06-07 08:15:04 - [MESSAGE][PASSED] - Call Test Case 'Test Cases/AHI/_include/get_screenshot' successfully

2020-06-07 08:15:04 - [TEST_STEP][PASSED] - setText(findTestObject("hic/medicare/census.location.zip"), "32701"): Text '32701' is set on object 'Object Repository/hic/medicare/census.location.zip'

2020-06-07 08:15:16 - [MESSAGE][PASSED] - Text '32701' is set on object 'Object Repository/hic/medicare/census.location.zip'

2020-06-07 08:15:16 - [TEST_STEP][PASSED] - click(findTestObject("hic/medicare/see medicare plans")): Object: 'Object Repository/hic/medicare/see medicare plans' is clicked on

2020-06-07 08:15:22 - [MESSAGE][PASSED] - Object: 'Object Repository/hic/medicare/see medicare plans' is clicked on

2020-06-07 08:15:22 - [TEST_STEP][PASSED] - waitForElementPresent(findTestObject("medicare/quote/filter_button"), 20): Object 'Object Repository/medicare/quote/filter_button' is present

2020-06-07 08:15:29 - [MESSAGE][PASSED] - Object 'Object Repository/medicare/quote/filter_button' is present

2020-06-07 08:15:29 - [TEST_STEP][PASSED] - callTestCase(findTestCase("AHI/_include/get_screenshot"), [:], STOP_ON_FAILURE): Call Test Case 'Test Cases/AHI/_include/get_screenshot' successfully

2020-06-07 08:15:29 - [TEST_CASE][PASSED] - Test Cases/AHI/_include/get_screenshot: Test Cases/AHI/_include/get_screenshot

2020-06-07 08:15:29 - [TEST_STEP][PASSED] - Thread.sleep(1000): null

2020-06-07 08:15:30 - [TEST_STEP][PASSED] - takeScreenshot(screenPath + i + ".png"): Taking screenshot successfully

2020-06-07 08:15:33 - [MESSAGE][PASSED] - Taking screenshot successfully
[[ATTACHMENT|D:\\Test\\AgileTest\\Reports\\Medicare\\medicare_staging\\20200607_080037\\../Screenshots/Web/Medicare/Prescription drugs/20200607_081437/1.png]]

2020-06-07 08:15:33 - [TEST_STEP][PASSED] - (internal.GlobalVariable.i++): null

2020-06-07 08:15:33 - [MESSAGE][PASSED] - Call Test Case 'Test Cases/AHI/_include/get_screenshot' successfully

2020-06-07 08:15:33 - [TEST_STEP][PASSED] - selenium.click("//a[contains(text(),'Prescription Drugs')]"): null

2020-06-07 08:15:43 - [TEST_STEP][PASSED] - Thread.sleep(2): null

2020-06-07 08:15:43 - [TEST_STEP][PASSED] - callTestCase(findTestCase("AHI/_include/get_screenshot"), [:], STOP_ON_FAILURE): Call Test Case 'Test Cases/AHI/_include/get_screenshot' successfully

2020-06-07 08:15:43 - [TEST_CASE][PASSED] - Test Cases/AHI/_include/get_screenshot: Test Cases/AHI/_include/get_screenshot

2020-06-07 08:15:43 - [TEST_STEP][PASSED] - Thread.sleep(1000): null

2020-06-07 08:15:44 - [TEST_STEP][PASSED] - takeScreenshot(screenPath + i + ".png"): Taking screenshot successfully

2020-06-07 08:15:47 - [MESSAGE][PASSED] - Taking screenshot successfully
[[ATTACHMENT|D:\\Test\\AgileTest\\Reports\\Medicare\\medicare_staging\\20200607_080037\\../Screenshots/Web/Medicare/Prescription drugs/20200607_081437/2.png]]

2020-06-07 08:15:47 - [TEST_STEP][PASSED] - (internal.GlobalVariable.i++): null

2020-06-07 08:15:47 - [MESSAGE][PASSED] - Call Test Case 'Test Cases/AHI/_include/get_screenshot' successfully

2020-06-07 08:15:47 - [TEST_STEP][PASSED] - selenium.click("//button[contains(text(),'Add prescription drugs')]"): null

2020-06-07 08:15:56 - [TEST_STEP][PASSED] - Thread.sleep(2): null

2020-06-07 08:15:56 - [TEST_STEP][PASSED] - callTestCase(findTestCase("AHI/_include/get_screenshot"), [:], STOP_ON_FAILURE): Call Test Case 'Test Cases/AHI/_include/get_screenshot' successfully

2020-06-07 08:15:56 - [TEST_CASE][PASSED] - Test Cases/AHI/_include/get_screenshot: Test Cases/AHI/_include/get_screenshot

2020-06-07 08:15:56 - [TEST_STEP][PASSED] - Thread.sleep(1000): null

2020-06-07 08:15:57 - [TEST_STEP][PASSED] - takeScreenshot(screenPath + i + ".png"): Taking screenshot successfully

2020-06-07 08:16:01 - [MESSAGE][PASSED] - Taking screenshot successfully
[[ATTACHMENT|D:\\Test\\AgileTest\\Reports\\Medicare\\medicare_staging\\20200607_080037\\../Screenshots/Web/Medicare/Prescription drugs/20200607_081437/3.png]]

2020-06-07 08:16:01 - [TEST_STEP][PASSED] - (internal.GlobalVariable.i++): null

2020-06-07 08:16:01 - [MESSAGE][PASSED] - Call Test Case 'Test Cases/AHI/_include/get_screenshot' successfully

2020-06-07 08:16:01 - [TEST_STEP][PASSED] - setText(findTestObject("medicare/quote/drug_letter_1"), "a"): Text 'a' is set on object 'Object Repository/medicare/quote/drug_letter_1'

2020-06-07 08:16:13 - [MESSAGE][PASSED] - Text 'a' is set on object 'Object Repository/medicare/quote/drug_letter_1'

2020-06-07 08:16:13 - [TEST_STEP][PASSED] - setText(findTestObject("medicare/quote/drug_letter_2"), "m"): Text 'm' is set on object 'Object Repository/medicare/quote/drug_letter_2'

2020-06-07 08:16:25 - [MESSAGE][PASSED] - Text 'm' is set on object 'Object Repository/medicare/quote/drug_letter_2'

2020-06-07 08:16:25 - [TEST_STEP][PASSED] - setText(findTestObject("medicare/quote/drug_letter_3"), "o"): Text 'o' is set on object 'Object Repository/medicare/quote/drug_letter_3'

2020-06-07 08:16:37 - [MESSAGE][PASSED] - Text 'o' is set on object 'Object Repository/medicare/quote/drug_letter_3'

2020-06-07 08:16:37 - [TEST_STEP][PASSED] - Thread.sleep(2): null

2020-06-07 08:16:37 - [TEST_STEP][PASSED] - callTestCase(findTestCase("AHI/_include/get_screenshot"), [:], STOP_ON_FAILURE): Call Test Case 'Test Cases/AHI/_include/get_screenshot' successfully

2020-06-07 08:16:37 - [TEST_CASE][PASSED] - Test Cases/AHI/_include/get_screenshot: Test Cases/AHI/_include/get_screenshot

2020-06-07 08:16:37 - [TEST_STEP][PASSED] - Thread.sleep(1000): null

2020-06-07 08:16:38 - [TEST_STEP][PASSED] - takeScreenshot(screenPath + i + ".png"): Taking screenshot successfully

2020-06-07 08:16:42 - [MESSAGE][PASSED] - Taking screenshot successfully
[[ATTACHMENT|D:\\Test\\AgileTest\\Reports\\Medicare\\medicare_staging\\20200607_080037\\../Screenshots/Web/Medicare/Prescription drugs/20200607_081437/4.png]]

2020-06-07 08:16:42 - [TEST_STEP][PASSED] - (internal.GlobalVariable.i++): null

2020-06-07 08:16:42 - [MESSAGE][PASSED] - Call Test Case 'Test Cases/AHI/_include/get_screenshot' successfully

2020-06-07 08:16:42 - [TEST_STEP][PASSED] - click(findTestObject("medicare/quote/drug_li")): Object: 'Object Repository/medicare/quote/drug_li' is clicked on

2020-06-07 08:16:48 - [MESSAGE][PASSED] - Object: 'Object Repository/medicare/quote/drug_li' is clicked on

2020-06-07 08:16:48 - [TEST_STEP][PASSED] - Thread.sleep(2): null

2020-06-07 08:16:48 - [TEST_STEP][PASSED] - callTestCase(findTestCase("AHI/_include/get_screenshot"), [:], STOP_ON_FAILURE): Call Test Case 'Test Cases/AHI/_include/get_screenshot' successfully

2020-06-07 08:16:48 - [TEST_CASE][PASSED] - Test Cases/AHI/_include/get_screenshot: Test Cases/AHI/_include/get_screenshot

2020-06-07 08:16:48 - [TEST_STEP][PASSED] - Thread.sleep(1000): null

2020-06-07 08:16:49 - [TEST_STEP][PASSED] - takeScreenshot(screenPath + i + ".png"): Taking screenshot successfully

2020-06-07 08:16:52 - [MESSAGE][PASSED] - Taking screenshot successfully
[[ATTACHMENT|D:\\Test\\AgileTest\\Reports\\Medicare\\medicare_staging\\20200607_080037\\../Screenshots/Web/Medicare/Prescription drugs/20200607_081437/5.png]]

2020-06-07 08:16:52 - [TEST_STEP][PASSED] - (internal.GlobalVariable.i++): null

2020-06-07 08:16:52 - [MESSAGE][PASSED] - Call Test Case 'Test Cases/AHI/_include/get_screenshot' successfully

2020-06-07 08:16:52 - [TEST_STEP][PASSED] - selenium.mouseDown("//label[@for='i-dose-form']/following::div/div/div/input"): null

2020-06-07 08:16:58 - [TEST_STEP][PASSED] - Thread.sleep(2): null

2020-06-07 08:16:58 - [TEST_STEP][PASSED] - selenium.click("//label[@for='i-dose-form']/following::div/div[2]/div/div"): null

2020-06-07 08:17:08 - [TEST_STEP][PASSED] - Thread.sleep(2): null

2020-06-07 08:17:08 - [TEST_STEP][PASSED] - selenium.mouseDown("//label[@for='i-dose-id']/following::div/div/div/input"): null

2020-06-07 08:17:14 - [TEST_STEP][PASSED] - Thread.sleep(2): null

2020-06-07 08:17:14 - [TEST_STEP][PASSED] - selenium.click("//label[@for='i-dose-id']/following::div/div[2]/div/div/div"): null

2020-06-07 08:17:23 - [TEST_STEP][PASSED] - Thread.sleep(2): null

2020-06-07 08:17:23 - [TEST_STEP][PASSED] - selenium.mouseDown("//label[@for='i-frequency']/following::div/div/div/input"): null

2020-06-07 08:17:29 - [TEST_STEP][PASSED] - Thread.sleep(2): null

2020-06-07 08:17:29 - [TEST_STEP][PASSED] - selenium.click("//label[@for='i-frequency']/following::div/div[2]/div/div"): null

2020-06-07 08:17:38 - [TEST_STEP][PASSED] - Thread.sleep(2): null

2020-06-07 08:17:38 - [TEST_STEP][PASSED] - callTestCase(findTestCase("AHI/_include/get_screenshot"), [:], STOP_ON_FAILURE): Call Test Case 'Test Cases/AHI/_include/get_screenshot' successfully

2020-06-07 08:17:38 - [TEST_CASE][PASSED] - Test Cases/AHI/_include/get_screenshot: Test Cases/AHI/_include/get_screenshot

2020-06-07 08:17:38 - [TEST_STEP][PASSED] - Thread.sleep(1000): null

2020-06-07 08:17:39 - [TEST_STEP][PASSED] - takeScreenshot(screenPath + i + ".png"): Taking screenshot successfully

2020-06-07 08:17:42 - [MESSAGE][PASSED] - Taking screenshot successfully
[[ATTACHMENT|D:\\Test\\AgileTest\\Reports\\Medicare\\medicare_staging\\20200607_080037\\../Screenshots/Web/Medicare/Prescription drugs/20200607_081437/6.png]]

2020-06-07 08:17:42 - [TEST_STEP][PASSED] - (internal.GlobalVariable.i++): null

2020-06-07 08:17:42 - [MESSAGE][PASSED] - Call Test Case 'Test Cases/AHI/_include/get_screenshot' successfully

2020-06-07 08:17:42 - [TEST_STEP][PASSED] - selenium.click("//span[contains(text(),'Add this prescription')]"): null

2020-06-07 08:17:52 - [TEST_STEP][PASSED] - Thread.sleep(2): null

2020-06-07 08:17:52 - [TEST_STEP][PASSED] - callTestCase(findTestCase("AHI/_include/get_screenshot"), [:], STOP_ON_FAILURE): Call Test Case 'Test Cases/AHI/_include/get_screenshot' successfully

2020-06-07 08:17:52 - [TEST_CASE][PASSED] - Test Cases/AHI/_include/get_screenshot: Test Cases/AHI/_include/get_screenshot

2020-06-07 08:17:52 - [TEST_STEP][PASSED] - Thread.sleep(1000): null

2020-06-07 08:17:53 - [TEST_STEP][PASSED] - takeScreenshot(screenPath + i + ".png"): Taking screenshot successfully

2020-06-07 08:17:56 - [MESSAGE][PASSED] - Taking screenshot successfully
[[ATTACHMENT|D:\\Test\\AgileTest\\Reports\\Medicare\\medicare_staging\\20200607_080037\\../Screenshots/Web/Medicare/Prescription drugs/20200607_081437/7.png]]

2020-06-07 08:17:56 - [TEST_STEP][PASSED] - (internal.GlobalVariable.i++): null

2020-06-07 08:17:56 - [MESSAGE][PASSED] - Call Test Case 'Test Cases/AHI/_include/get_screenshot' successfully

2020-06-07 08:17:56 - [TEST_STEP][PASSED] - selenium.click("//button[contains(text(),'continue to pharmacy')]"): null

2020-06-07 08:18:05 - [TEST_STEP][PASSED] - Thread.sleep(2): null

2020-06-07 08:18:05 - [TEST_STEP][PASSED] - callTestCase(findTestCase("AHI/_include/get_screenshot"), [:], STOP_ON_FAILURE): Call Test Case 'Test Cases/AHI/_include/get_screenshot' successfully

2020-06-07 08:18:05 - [TEST_CASE][PASSED] - Test Cases/AHI/_include/get_screenshot: Test Cases/AHI/_include/get_screenshot

2020-06-07 08:18:05 - [TEST_STEP][PASSED] - Thread.sleep(1000): null

2020-06-07 08:18:06 - [TEST_STEP][PASSED] - takeScreenshot(screenPath + i + ".png"): Taking screenshot successfully

2020-06-07 08:18:10 - [MESSAGE][PASSED] - Taking screenshot successfully
[[ATTACHMENT|D:\\Test\\AgileTest\\Reports\\Medicare\\medicare_staging\\20200607_080037\\../Screenshots/Web/Medicare/Prescription drugs/20200607_081437/8.png]]

2020-06-07 08:18:10 - [TEST_STEP][PASSED] - (internal.GlobalVariable.i++): null

2020-06-07 08:18:10 - [MESSAGE][PASSED] - Call Test Case 'Test Cases/AHI/_include/get_screenshot' successfully

2020-06-07 08:18:10 - [TEST_STEP][PASSED] - selenium.click("//a[contains(text(),'View Available Plans')]"): null

2020-06-07 08:18:19 - [TEST_STEP][PASSED] - waitForElementPresent(findTestObject("medicare/quote/filter_button"), 20): Object 'Object Repository/medicare/quote/filter_button' is present

2020-06-07 08:18:25 - [MESSAGE][PASSED] - Object 'Object Repository/medicare/quote/filter_button' is present

2020-06-07 08:18:25 - [TEST_STEP][PASSED] - callTestCase(findTestCase("AHI/_include/get_screenshot"), [:], STOP_ON_FAILURE): Call Test Case 'Test Cases/AHI/_include/get_screenshot' successfully

2020-06-07 08:18:25 - [TEST_CASE][PASSED] - Test Cases/AHI/_include/get_screenshot: Test Cases/AHI/_include/get_screenshot

2020-06-07 08:18:25 - [TEST_STEP][PASSED] - Thread.sleep(1000): null

2020-06-07 08:18:26 - [TEST_STEP][PASSED] - takeScreenshot(screenPath + i + ".png"): Taking screenshot successfully

2020-06-07 08:18:30 - [MESSAGE][PASSED] - Taking screenshot successfully
[[ATTACHMENT|D:\\Test\\AgileTest\\Reports\\Medicare\\medicare_staging\\20200607_080037\\../Screenshots/Web/Medicare/Prescription drugs/20200607_081437/9.png]]

2020-06-07 08:18:30 - [TEST_STEP][PASSED] - (internal.GlobalVariable.i++): null

2020-06-07 08:18:30 - [MESSAGE][PASSED] - Call Test Case 'Test Cases/AHI/_include/get_screenshot' successfully]]></system-out>
         <system-err><![CDATA[]]></system-err>
      </testcase>
      <testcase name="Test Cases/Web/Medicare/Staging vs Review/Staging/Save progress" classname="Test Cases/Web/Medicare/Staging vs Review/Staging/Save progress" status="PASSED">
         <system-out><![CDATA[2020-06-07 08:18:30 - [TEST_CASE][PASSED] - Test Cases/Web/Medicare/Staging vs Review/Staging/Save progress: Test Cases/Web/Medicare/Staging vs Review/Staging/Save progress

2020-06-07 08:18:30 - [TEST_STEP][PASSED] - callTestCase(findTestCase("Web/_include/get_screenPath"), ["project":"Medicare", "module":"Save progress"], STOP_ON_FAILURE): Call Test Case 'Test Cases/Web/_include/get_screenPath' successfully

2020-06-07 08:18:30 - [TEST_CASE][PASSED] - Test Cases/Web/_include/get_screenPath: Test Cases/Web/_include/get_screenPath

2020-06-07 08:18:30 - [TEST_STEP][PASSED] - m = getExecutionProperties(): null

2020-06-07 08:18:30 - [TEST_STEP][PASSED] - now = new java.util.Date(): null

2020-06-07 08:18:30 - [TEST_STEP][PASSED] - mydate = now.format("yyyyMMdd_HHmmss"): null

2020-06-07 08:18:30 - [TEST_STEP][PASSED] - screenPath = "../Screenshots/": null

2020-06-07 08:18:30 - [TEST_STEP][PASSED] - screenPath = screenPath + "Web" + "/" + project + "/" + module + "/" + mydate + "/": null

2020-06-07 08:18:30 - [TEST_STEP][PASSED] - println(screenPath): null

2020-06-07 08:18:30 - [MESSAGE][PASSED] - Call Test Case 'Test Cases/Web/_include/get_screenPath' successfully

2020-06-07 08:18:30 - [TEST_STEP][PASSED] - i = 0: null

2020-06-07 08:18:30 - [TEST_STEP][PASSED] - openBrowser("https://staging.medicare.healthinsurance.com/saved-progress/ngvw7322"): Browser is opened with url: 'https://staging.medicare.healthinsurance.com/saved-progress/ngvw7322'

2020-06-07 08:18:30 - [MESSAGE][WARNING] - A browser is already opened. Closing browser and opening a new one

2020-06-07 08:18:34 - [MESSAGE][INFO] - Starting 'Chrome' driver

2020-06-07 08:18:34 - [MESSAGE][INFO] - User set preference: ['args', '[--start-maximized, --incognito, --disable-infobars, --no-sandbox]']

2020-06-07 08:18:49 - [MESSAGE][PASSED] - Browser is opened with url: 'https://staging.medicare.healthinsurance.com/saved-progress/ngvw7322'

2020-06-07 08:18:49 - [TEST_STEP][PASSED] - driver = getWebDriver(): null

2020-06-07 08:18:49 - [TEST_STEP][PASSED] - baseUrl = "https://staging.medicare.healthinsurance.com": null

2020-06-07 08:18:49 - [TEST_STEP][PASSED] - selenium = new com.thoughtworks.selenium.webdriven.WebDriverBackedSelenium(driver, baseUrl): null

2020-06-07 08:18:52 - [TEST_STEP][PASSED] - callTestCase(findTestCase("AHI/_include/get_screenshot"), [:], STOP_ON_FAILURE): Call Test Case 'Test Cases/AHI/_include/get_screenshot' successfully

2020-06-07 08:18:52 - [TEST_CASE][PASSED] - Test Cases/AHI/_include/get_screenshot: Test Cases/AHI/_include/get_screenshot

2020-06-07 08:18:52 - [TEST_STEP][PASSED] - Thread.sleep(1000): null

2020-06-07 08:18:53 - [TEST_STEP][PASSED] - takeScreenshot(screenPath + i + ".png"): Taking screenshot successfully

2020-06-07 08:18:56 - [MESSAGE][PASSED] - Taking screenshot successfully
[[ATTACHMENT|D:\\Test\\AgileTest\\Reports\\Medicare\\medicare_staging\\20200607_080037\\../Screenshots/Web/Medicare/Save progress/20200607_081830/0.png]]

2020-06-07 08:18:56 - [TEST_STEP][PASSED] - (internal.GlobalVariable.i++): null

2020-06-07 08:18:56 - [MESSAGE][PASSED] - Call Test Case 'Test Cases/AHI/_include/get_screenshot' successfully

2020-06-07 08:18:56 - [TEST_STEP][PASSED] - selenium.click("//a[text()='Save Progress']"): null

2020-06-07 08:19:06 - [TEST_STEP][PASSED] - Thread.sleep(2): null

2020-06-07 08:19:06 - [TEST_STEP][PASSED] - callTestCase(findTestCase("AHI/_include/get_screenshot"), [:], STOP_ON_FAILURE): Call Test Case 'Test Cases/AHI/_include/get_screenshot' successfully

2020-06-07 08:19:06 - [TEST_CASE][PASSED] - Test Cases/AHI/_include/get_screenshot: Test Cases/AHI/_include/get_screenshot

2020-06-07 08:19:06 - [TEST_STEP][PASSED] - Thread.sleep(1000): null

2020-06-07 08:19:07 - [TEST_STEP][PASSED] - takeScreenshot(screenPath + i + ".png"): Taking screenshot successfully

2020-06-07 08:19:10 - [MESSAGE][PASSED] - Taking screenshot successfully
[[ATTACHMENT|D:\\Test\\AgileTest\\Reports\\Medicare\\medicare_staging\\20200607_080037\\../Screenshots/Web/Medicare/Save progress/20200607_081830/1.png]]

2020-06-07 08:19:10 - [TEST_STEP][PASSED] - (internal.GlobalVariable.i++): null

2020-06-07 08:19:10 - [MESSAGE][PASSED] - Call Test Case 'Test Cases/AHI/_include/get_screenshot' successfully

2020-06-07 08:19:10 - [TEST_STEP][PASSED] - selenium.click("//*[@id='progress-saved-popup']/*[name()='svg']"): null

2020-06-07 08:19:19 - [TEST_STEP][PASSED] - Thread.sleep(1): null

2020-06-07 08:19:19 - [TEST_STEP][PASSED] - selenium.click("//a[text()='Estimated Annual Costs']/following::p/a"): null

2020-06-07 08:19:28 - [TEST_STEP][PASSED] - Thread.sleep(2): null

2020-06-07 08:19:28 - [TEST_STEP][PASSED] - callTestCase(findTestCase("AHI/_include/get_screenshot"), [:], STOP_ON_FAILURE): Call Test Case 'Test Cases/AHI/_include/get_screenshot' successfully

2020-06-07 08:19:28 - [TEST_CASE][PASSED] - Test Cases/AHI/_include/get_screenshot: Test Cases/AHI/_include/get_screenshot

2020-06-07 08:19:28 - [TEST_STEP][PASSED] - Thread.sleep(1000): null

2020-06-07 08:19:29 - [TEST_STEP][PASSED] - takeScreenshot(screenPath + i + ".png"): Taking screenshot successfully

2020-06-07 08:19:33 - [MESSAGE][PASSED] - Taking screenshot successfully
[[ATTACHMENT|D:\\Test\\AgileTest\\Reports\\Medicare\\medicare_staging\\20200607_080037\\../Screenshots/Web/Medicare/Save progress/20200607_081830/2.png]]

2020-06-07 08:19:33 - [TEST_STEP][PASSED] - (internal.GlobalVariable.i++): null

2020-06-07 08:19:33 - [MESSAGE][PASSED] - Call Test Case 'Test Cases/AHI/_include/get_screenshot' successfully]]></system-out>
         <system-err><![CDATA[]]></system-err>
      </testcase>
      <testcase name="Test Cases/Web/Medicare/Staging vs Review/Staging/Your Current Plan" classname="Test Cases/Web/Medicare/Staging vs Review/Staging/Your Current Plan" status="PASSED">
         <system-out><![CDATA[2020-06-07 08:19:33 - [TEST_CASE][PASSED] - Test Cases/Web/Medicare/Staging vs Review/Staging/Your Current Plan: Test Cases/Web/Medicare/Staging vs Review/Staging/Your Current Plan

2020-06-07 08:19:33 - [TEST_STEP][PASSED] - callTestCase(findTestCase("Web/_include/get_screenPath"), ["project":"Medicare", "module":"Your current plan"], STOP_ON_FAILURE): Call Test Case 'Test Cases/Web/_include/get_screenPath' successfully

2020-06-07 08:19:33 - [TEST_CASE][PASSED] - Test Cases/Web/_include/get_screenPath: Test Cases/Web/_include/get_screenPath

2020-06-07 08:19:33 - [TEST_STEP][PASSED] - m = getExecutionProperties(): null

2020-06-07 08:19:33 - [TEST_STEP][PASSED] - now = new java.util.Date(): null

2020-06-07 08:19:33 - [TEST_STEP][PASSED] - mydate = now.format("yyyyMMdd_HHmmss"): null

2020-06-07 08:19:33 - [TEST_STEP][PASSED] - screenPath = "../Screenshots/": null

2020-06-07 08:19:33 - [TEST_STEP][PASSED] - screenPath = screenPath + "Web" + "/" + project + "/" + module + "/" + mydate + "/": null

2020-06-07 08:19:33 - [TEST_STEP][PASSED] - println(screenPath): null

2020-06-07 08:19:33 - [MESSAGE][PASSED] - Call Test Case 'Test Cases/Web/_include/get_screenPath' successfully

2020-06-07 08:19:33 - [TEST_STEP][PASSED] - i = 0: null

2020-06-07 08:19:33 - [TEST_STEP][PASSED] - openBrowser("https://staging.medicare.healthinsurance.com"): Browser is opened with url: 'https://staging.medicare.healthinsurance.com'

2020-06-07 08:19:33 - [MESSAGE][WARNING] - A browser is already opened. Closing browser and opening a new one

2020-06-07 08:19:38 - [MESSAGE][INFO] - Starting 'Chrome' driver

2020-06-07 08:19:38 - [MESSAGE][INFO] - User set preference: ['args', '[--start-maximized, --incognito, --disable-infobars, --no-sandbox]']

2020-06-07 08:19:55 - [MESSAGE][PASSED] - Browser is opened with url: 'https://staging.medicare.healthinsurance.com'

2020-06-07 08:19:55 - [TEST_STEP][PASSED] - driver = getWebDriver(): null

2020-06-07 08:19:55 - [TEST_STEP][PASSED] - baseUrl = "https://staging.medicare.healthinsurance.com": null

2020-06-07 08:19:55 - [TEST_STEP][PASSED] - selenium = new com.thoughtworks.selenium.webdriven.WebDriverBackedSelenium(driver, baseUrl): null

2020-06-07 08:19:58 - [TEST_STEP][PASSED] - callTestCase(findTestCase("AHI/_include/get_screenshot"), [:], STOP_ON_FAILURE): Call Test Case 'Test Cases/AHI/_include/get_screenshot' successfully

2020-06-07 08:19:58 - [TEST_CASE][PASSED] - Test Cases/AHI/_include/get_screenshot: Test Cases/AHI/_include/get_screenshot

2020-06-07 08:19:58 - [TEST_STEP][PASSED] - Thread.sleep(1000): null

2020-06-07 08:19:59 - [TEST_STEP][PASSED] - takeScreenshot(screenPath + i + ".png"): Taking screenshot successfully

2020-06-07 08:20:02 - [MESSAGE][PASSED] - Taking screenshot successfully
[[ATTACHMENT|D:\\Test\\AgileTest\\Reports\\Medicare\\medicare_staging\\20200607_080037\\../Screenshots/Web/Medicare/Your current plan/20200607_081933/0.png]]

2020-06-07 08:20:02 - [TEST_STEP][PASSED] - (internal.GlobalVariable.i++): null

2020-06-07 08:20:02 - [MESSAGE][PASSED] - Call Test Case 'Test Cases/AHI/_include/get_screenshot' successfully

2020-06-07 08:20:02 - [TEST_STEP][PASSED] - setText(findTestObject("hic/medicare/census.location.zip"), "32701"): Text '32701' is set on object 'Object Repository/hic/medicare/census.location.zip'

2020-06-07 08:20:15 - [MESSAGE][PASSED] - Text '32701' is set on object 'Object Repository/hic/medicare/census.location.zip'

2020-06-07 08:20:15 - [TEST_STEP][PASSED] - click(findTestObject("hic/medicare/see medicare plans")): Object: 'Object Repository/hic/medicare/see medicare plans' is clicked on

2020-06-07 08:20:21 - [MESSAGE][PASSED] - Object: 'Object Repository/hic/medicare/see medicare plans' is clicked on

2020-06-07 08:20:21 - [TEST_STEP][PASSED] - waitForElementPresent(findTestObject("medicare/quote/filter_button"), 20): Object 'Object Repository/medicare/quote/filter_button' is present

2020-06-07 08:20:27 - [MESSAGE][PASSED] - Object 'Object Repository/medicare/quote/filter_button' is present

2020-06-07 08:20:27 - [TEST_STEP][PASSED] - callTestCase(findTestCase("AHI/_include/get_screenshot"), [:], STOP_ON_FAILURE): Call Test Case 'Test Cases/AHI/_include/get_screenshot' successfully

2020-06-07 08:20:27 - [TEST_CASE][PASSED] - Test Cases/AHI/_include/get_screenshot: Test Cases/AHI/_include/get_screenshot

2020-06-07 08:20:27 - [TEST_STEP][PASSED] - Thread.sleep(1000): null

2020-06-07 08:20:28 - [TEST_STEP][PASSED] - takeScreenshot(screenPath + i + ".png"): Taking screenshot successfully

2020-06-07 08:20:32 - [MESSAGE][PASSED] - Taking screenshot successfully
[[ATTACHMENT|D:\\Test\\AgileTest\\Reports\\Medicare\\medicare_staging\\20200607_080037\\../Screenshots/Web/Medicare/Your current plan/20200607_081933/1.png]]

2020-06-07 08:20:32 - [TEST_STEP][PASSED] - (internal.GlobalVariable.i++): null

2020-06-07 08:20:32 - [MESSAGE][PASSED] - Call Test Case 'Test Cases/AHI/_include/get_screenshot' successfully

2020-06-07 08:20:32 - [TEST_STEP][PASSED] - selenium.click("//a[contains(text(),'Your Current Plan')]"): null

2020-06-07 08:20:41 - [TEST_STEP][PASSED] - Thread.sleep(2): null

2020-06-07 08:20:41 - [TEST_STEP][PASSED] - callTestCase(findTestCase("AHI/_include/get_screenshot"), [:], STOP_ON_FAILURE): Call Test Case 'Test Cases/AHI/_include/get_screenshot' successfully

2020-06-07 08:20:41 - [TEST_CASE][PASSED] - Test Cases/AHI/_include/get_screenshot: Test Cases/AHI/_include/get_screenshot

2020-06-07 08:20:41 - [TEST_STEP][PASSED] - Thread.sleep(1000): null

2020-06-07 08:20:42 - [TEST_STEP][PASSED] - takeScreenshot(screenPath + i + ".png"): Taking screenshot successfully

2020-06-07 08:20:45 - [MESSAGE][PASSED] - Taking screenshot successfully
[[ATTACHMENT|D:\\Test\\AgileTest\\Reports\\Medicare\\medicare_staging\\20200607_080037\\../Screenshots/Web/Medicare/Your current plan/20200607_081933/2.png]]

2020-06-07 08:20:45 - [TEST_STEP][PASSED] - (internal.GlobalVariable.i++): null

2020-06-07 08:20:45 - [MESSAGE][PASSED] - Call Test Case 'Test Cases/AHI/_include/get_screenshot' successfully

2020-06-07 08:20:45 - [TEST_STEP][PASSED] - selenium.click("//button[contains(text(),'Add Your Current Plan')]"): null

2020-06-07 08:20:54 - [TEST_STEP][PASSED] - Thread.sleep(2): null

2020-06-07 08:20:54 - [TEST_STEP][PASSED] - callTestCase(findTestCase("AHI/_include/get_screenshot"), [:], STOP_ON_FAILURE): Call Test Case 'Test Cases/AHI/_include/get_screenshot' successfully

2020-06-07 08:20:54 - [TEST_CASE][PASSED] - Test Cases/AHI/_include/get_screenshot: Test Cases/AHI/_include/get_screenshot

2020-06-07 08:20:54 - [TEST_STEP][PASSED] - Thread.sleep(1000): null

2020-06-07 08:20:55 - [TEST_STEP][PASSED] - takeScreenshot(screenPath + i + ".png"): Taking screenshot successfully

2020-06-07 08:20:59 - [MESSAGE][PASSED] - Taking screenshot successfully
[[ATTACHMENT|D:\\Test\\AgileTest\\Reports\\Medicare\\medicare_staging\\20200607_080037\\../Screenshots/Web/Medicare/Your current plan/20200607_081933/3.png]]

2020-06-07 08:20:59 - [TEST_STEP][PASSED] - (internal.GlobalVariable.i++): null

2020-06-07 08:20:59 - [MESSAGE][PASSED] - Call Test Case 'Test Cases/AHI/_include/get_screenshot' successfully

2020-06-07 08:20:59 - [TEST_STEP][PASSED] - selenium.click("//button[contains(text(),'To replace a current Medicare Advantage plan')]"): null

2020-06-07 08:21:08 - [TEST_STEP][PASSED] - Thread.sleep(2): null

2020-06-07 08:21:08 - [TEST_STEP][PASSED] - callTestCase(findTestCase("AHI/_include/get_screenshot"), [:], STOP_ON_FAILURE): Call Test Case 'Test Cases/AHI/_include/get_screenshot' successfully

2020-06-07 08:21:08 - [TEST_CASE][PASSED] - Test Cases/AHI/_include/get_screenshot: Test Cases/AHI/_include/get_screenshot

2020-06-07 08:21:08 - [TEST_STEP][PASSED] - Thread.sleep(1000): null

2020-06-07 08:21:09 - [TEST_STEP][PASSED] - takeScreenshot(screenPath + i + ".png"): Taking screenshot successfully

2020-06-07 08:21:12 - [MESSAGE][PASSED] - Taking screenshot successfully
[[ATTACHMENT|D:\\Test\\AgileTest\\Reports\\Medicare\\medicare_staging\\20200607_080037\\../Screenshots/Web/Medicare/Your current plan/20200607_081933/4.png]]

2020-06-07 08:21:12 - [TEST_STEP][PASSED] - (internal.GlobalVariable.i++): null

2020-06-07 08:21:12 - [MESSAGE][PASSED] - Call Test Case 'Test Cases/AHI/_include/get_screenshot' successfully

2020-06-07 08:21:12 - [TEST_STEP][PASSED] - selenium.click("//strong/following-sibling::*"): null

2020-06-07 08:21:22 - [TEST_STEP][PASSED] - Thread.sleep(1): null

2020-06-07 08:21:22 - [TEST_STEP][PASSED] - callTestCase(findTestCase("AHI/_include/get_screenshot"), [:], STOP_ON_FAILURE): Call Test Case 'Test Cases/AHI/_include/get_screenshot' successfully

2020-06-07 08:21:22 - [TEST_CASE][PASSED] - Test Cases/AHI/_include/get_screenshot: Test Cases/AHI/_include/get_screenshot

2020-06-07 08:21:22 - [TEST_STEP][PASSED] - Thread.sleep(1000): null

2020-06-07 08:21:23 - [TEST_STEP][PASSED] - takeScreenshot(screenPath + i + ".png"): Taking screenshot successfully

2020-06-07 08:21:26 - [MESSAGE][PASSED] - Taking screenshot successfully
[[ATTACHMENT|D:\\Test\\AgileTest\\Reports\\Medicare\\medicare_staging\\20200607_080037\\../Screenshots/Web/Medicare/Your current plan/20200607_081933/5.png]]

2020-06-07 08:21:26 - [TEST_STEP][PASSED] - (internal.GlobalVariable.i++): null

2020-06-07 08:21:26 - [MESSAGE][PASSED] - Call Test Case 'Test Cases/AHI/_include/get_screenshot' successfully

2020-06-07 08:21:26 - [TEST_STEP][PASSED] - setText(findTestObject("medicare/quote/your_curren_plan_zip_input"), "35215"): Text '35215' is set on object 'Object Repository/medicare/quote/your_curren_plan_zip_input'

2020-06-07 08:21:39 - [MESSAGE][PASSED] - Text '35215' is set on object 'Object Repository/medicare/quote/your_curren_plan_zip_input'

2020-06-07 08:21:39 - [TEST_STEP][PASSED] - selenium.click("//button[text()='Update']"): null

2020-06-07 08:21:48 - [TEST_STEP][PASSED] - Thread.sleep(3): null

2020-06-07 08:21:48 - [TEST_STEP][PASSED] - callTestCase(findTestCase("AHI/_include/get_screenshot"), [:], STOP_ON_FAILURE): Call Test Case 'Test Cases/AHI/_include/get_screenshot' successfully

2020-06-07 08:21:48 - [TEST_CASE][PASSED] - Test Cases/AHI/_include/get_screenshot: Test Cases/AHI/_include/get_screenshot

2020-06-07 08:21:48 - [TEST_STEP][PASSED] - Thread.sleep(1000): null

2020-06-07 08:21:49 - [TEST_STEP][PASSED] - takeScreenshot(screenPath + i + ".png"): Taking screenshot successfully

2020-06-07 08:21:52 - [MESSAGE][PASSED] - Taking screenshot successfully
[[ATTACHMENT|D:\\Test\\AgileTest\\Reports\\Medicare\\medicare_staging\\20200607_080037\\../Screenshots/Web/Medicare/Your current plan/20200607_081933/6.png]]

2020-06-07 08:21:52 - [TEST_STEP][PASSED] - (internal.GlobalVariable.i++): null

2020-06-07 08:21:52 - [MESSAGE][PASSED] - Call Test Case 'Test Cases/AHI/_include/get_screenshot' successfully

2020-06-07 08:21:52 - [TEST_STEP][PASSED] - setText(findTestObject("medicare/quote/your_current_plan_company_input"), "Humana"): Text 'Humana' is set on object 'Object Repository/medicare/quote/your_current_plan_company_input'

2020-06-07 08:22:04 - [MESSAGE][PASSED] - Text 'Humana' is set on object 'Object Repository/medicare/quote/your_current_plan_company_input'

2020-06-07 08:22:04 - [TEST_STEP][PASSED] - selenium.click("link=Humana Inc."): null

2020-06-07 08:22:14 - [TEST_STEP][PASSED] - Thread.sleep(2): null

2020-06-07 08:22:14 - [TEST_STEP][PASSED] - selenium.click("//button[contains(text(),'HumanaChoice H5216-214 (PPO)')]"): null

2020-06-07 08:22:23 - [TEST_STEP][PASSED] - Thread.sleep(1): null

2020-06-07 08:22:23 - [TEST_STEP][PASSED] - callTestCase(findTestCase("AHI/_include/get_screenshot"), [:], STOP_ON_FAILURE): Call Test Case 'Test Cases/AHI/_include/get_screenshot' successfully

2020-06-07 08:22:23 - [TEST_CASE][PASSED] - Test Cases/AHI/_include/get_screenshot: Test Cases/AHI/_include/get_screenshot

2020-06-07 08:22:23 - [TEST_STEP][PASSED] - Thread.sleep(1000): null

2020-06-07 08:22:24 - [TEST_STEP][PASSED] - takeScreenshot(screenPath + i + ".png"): Taking screenshot successfully

2020-06-07 08:22:27 - [MESSAGE][PASSED] - Taking screenshot successfully
[[ATTACHMENT|D:\\Test\\AgileTest\\Reports\\Medicare\\medicare_staging\\20200607_080037\\../Screenshots/Web/Medicare/Your current plan/20200607_081933/7.png]]

2020-06-07 08:22:27 - [TEST_STEP][PASSED] - (internal.GlobalVariable.i++): null

2020-06-07 08:22:27 - [MESSAGE][PASSED] - Call Test Case 'Test Cases/AHI/_include/get_screenshot' successfully

2020-06-07 08:22:27 - [TEST_STEP][PASSED] - selenium.click("//button[contains(text(),'continue to Healthcare Visits')]"): null

2020-06-07 08:22:36 - [TEST_STEP][PASSED] - Thread.sleep(2): null

2020-06-07 08:22:36 - [TEST_STEP][PASSED] - callTestCase(findTestCase("AHI/_include/get_screenshot"), [:], STOP_ON_FAILURE): Call Test Case 'Test Cases/AHI/_include/get_screenshot' successfully

2020-06-07 08:22:36 - [TEST_CASE][PASSED] - Test Cases/AHI/_include/get_screenshot: Test Cases/AHI/_include/get_screenshot

2020-06-07 08:22:36 - [TEST_STEP][PASSED] - Thread.sleep(1000): null

2020-06-07 08:22:37 - [TEST_STEP][PASSED] - takeScreenshot(screenPath + i + ".png"): Taking screenshot successfully

2020-06-07 08:22:41 - [MESSAGE][PASSED] - Taking screenshot successfully
[[ATTACHMENT|D:\\Test\\AgileTest\\Reports\\Medicare\\medicare_staging\\20200607_080037\\../Screenshots/Web/Medicare/Your current plan/20200607_081933/8.png]]

2020-06-07 08:22:41 - [TEST_STEP][PASSED] - (internal.GlobalVariable.i++): null

2020-06-07 08:22:41 - [MESSAGE][PASSED] - Call Test Case 'Test Cases/AHI/_include/get_screenshot' successfully

2020-06-07 08:22:41 - [TEST_STEP][PASSED] - selenium.click("//a[contains(text(),'View Available Plans')]"): null

2020-06-07 08:22:50 - [TEST_STEP][PASSED] - waitForElementPresent(findTestObject("medicare/quote/filter_button"), 20): Object 'Object Repository/medicare/quote/filter_button' is present

2020-06-07 08:22:53 - [MESSAGE][PASSED] - Object 'Object Repository/medicare/quote/filter_button' is present

2020-06-07 08:22:53 - [TEST_STEP][PASSED] - callTestCase(findTestCase("AHI/_include/get_screenshot"), [:], STOP_ON_FAILURE): Call Test Case 'Test Cases/AHI/_include/get_screenshot' successfully

2020-06-07 08:22:53 - [TEST_CASE][PASSED] - Test Cases/AHI/_include/get_screenshot: Test Cases/AHI/_include/get_screenshot

2020-06-07 08:22:53 - [TEST_STEP][PASSED] - Thread.sleep(1000): null

2020-06-07 08:22:54 - [TEST_STEP][PASSED] - takeScreenshot(screenPath + i + ".png"): Taking screenshot successfully

2020-06-07 08:22:58 - [MESSAGE][PASSED] - Taking screenshot successfully
[[ATTACHMENT|D:\\Test\\AgileTest\\Reports\\Medicare\\medicare_staging\\20200607_080037\\../Screenshots/Web/Medicare/Your current plan/20200607_081933/9.png]]

2020-06-07 08:22:58 - [TEST_STEP][PASSED] - (internal.GlobalVariable.i++): null

2020-06-07 08:22:58 - [MESSAGE][PASSED] - Call Test Case 'Test Cases/AHI/_include/get_screenshot' successfully]]></system-out>
         <system-err><![CDATA[]]></system-err>
      </testcase>
      <testcase name="Test Cases/Web/Medicare/Staging vs Review/Staging/Zipcode modal" classname="Test Cases/Web/Medicare/Staging vs Review/Staging/Zipcode modal" status="PASSED">
         <system-out><![CDATA[2020-06-07 08:22:58 - [TEST_CASE][PASSED] - Test Cases/Web/Medicare/Staging vs Review/Staging/Zipcode modal: Test Cases/Web/Medicare/Staging vs Review/Staging/Zipcode modal

2020-06-07 08:22:58 - [TEST_STEP][PASSED] - callTestCase(findTestCase("Web/_include/get_screenPath"), ["project":"Medicare", "module":"Zipcode modal"], STOP_ON_FAILURE): Call Test Case 'Test Cases/Web/_include/get_screenPath' successfully

2020-06-07 08:22:58 - [TEST_CASE][PASSED] - Test Cases/Web/_include/get_screenPath: Test Cases/Web/_include/get_screenPath

2020-06-07 08:22:58 - [TEST_STEP][PASSED] - m = getExecutionProperties(): null

2020-06-07 08:22:58 - [TEST_STEP][PASSED] - now = new java.util.Date(): null

2020-06-07 08:22:58 - [TEST_STEP][PASSED] - mydate = now.format("yyyyMMdd_HHmmss"): null

2020-06-07 08:22:58 - [TEST_STEP][PASSED] - screenPath = "../Screenshots/": null

2020-06-07 08:22:58 - [TEST_STEP][PASSED] - screenPath = screenPath + "Web" + "/" + project + "/" + module + "/" + mydate + "/": null

2020-06-07 08:22:58 - [TEST_STEP][PASSED] - println(screenPath): null

2020-06-07 08:22:58 - [MESSAGE][PASSED] - Call Test Case 'Test Cases/Web/_include/get_screenPath' successfully

2020-06-07 08:22:58 - [TEST_STEP][PASSED] - i = 0: null

2020-06-07 08:22:58 - [TEST_STEP][PASSED] - openBrowser("https://staging.medicare.healthinsurance.com"): Browser is opened with url: 'https://staging.medicare.healthinsurance.com'

2020-06-07 08:22:58 - [MESSAGE][WARNING] - A browser is already opened. Closing browser and opening a new one

2020-06-07 08:23:02 - [MESSAGE][INFO] - Starting 'Chrome' driver

2020-06-07 08:23:02 - [MESSAGE][INFO] - User set preference: ['args', '[--start-maximized, --incognito, --disable-infobars, --no-sandbox]']

2020-06-07 08:23:17 - [MESSAGE][PASSED] - Browser is opened with url: 'https://staging.medicare.healthinsurance.com'

2020-06-07 08:23:17 - [TEST_STEP][PASSED] - driver = getWebDriver(): null

2020-06-07 08:23:17 - [TEST_STEP][PASSED] - baseUrl = "https://staging.medicare.healthinsurance.com": null

2020-06-07 08:23:17 - [TEST_STEP][PASSED] - selenium = new com.thoughtworks.selenium.webdriven.WebDriverBackedSelenium(driver, baseUrl): null

2020-06-07 08:23:20 - [TEST_STEP][PASSED] - callTestCase(findTestCase("AHI/_include/get_screenshot"), [:], STOP_ON_FAILURE): Call Test Case 'Test Cases/AHI/_include/get_screenshot' successfully

2020-06-07 08:23:20 - [TEST_CASE][PASSED] - Test Cases/AHI/_include/get_screenshot: Test Cases/AHI/_include/get_screenshot

2020-06-07 08:23:20 - [TEST_STEP][PASSED] - Thread.sleep(1000): null

2020-06-07 08:23:21 - [TEST_STEP][PASSED] - takeScreenshot(screenPath + i + ".png"): Taking screenshot successfully

2020-06-07 08:23:25 - [MESSAGE][PASSED] - Taking screenshot successfully
[[ATTACHMENT|D:\\Test\\AgileTest\\Reports\\Medicare\\medicare_staging\\20200607_080037\\../Screenshots/Web/Medicare/Zipcode modal/20200607_082258/0.png]]

2020-06-07 08:23:25 - [TEST_STEP][PASSED] - (internal.GlobalVariable.i++): null

2020-06-07 08:23:25 - [MESSAGE][PASSED] - Call Test Case 'Test Cases/AHI/_include/get_screenshot' successfully

2020-06-07 08:23:25 - [TEST_STEP][PASSED] - setText(findTestObject("hic/medicare/census.location.zip"), "35215"): Text '35215' is set on object 'Object Repository/hic/medicare/census.location.zip'

2020-06-07 08:23:37 - [MESSAGE][PASSED] - Text '35215' is set on object 'Object Repository/hic/medicare/census.location.zip'

2020-06-07 08:23:37 - [TEST_STEP][PASSED] - click(findTestObject("hic/medicare/see medicare plans")): Object: 'Object Repository/hic/medicare/see medicare plans' is clicked on

2020-06-07 08:23:43 - [MESSAGE][PASSED] - Object: 'Object Repository/hic/medicare/see medicare plans' is clicked on

2020-06-07 08:23:43 - [TEST_STEP][PASSED] - waitForElementPresent(findTestObject("hic/medicare/mapd"), 20): Object 'Object Repository/hic/medicare/mapd' is not present after 20 second(s)

2020-06-07 08:24:05 - [MESSAGE][INFO] - Unable to find the element located by 'By.xpath: //h1[@class='sc-1xunf9a-0 hjdEdV']'. Please recheck the objects properties to make sure the desired element is located. 

2020-06-07 08:24:05 - [MESSAGE][WARNING] - Object 'Object Repository/hic/medicare/mapd' is not present after 20 second(s)

2020-06-07 08:24:05 - [TEST_STEP][PASSED] - callTestCase(findTestCase("AHI/_include/get_screenshot"), [:], STOP_ON_FAILURE): Call Test Case 'Test Cases/AHI/_include/get_screenshot' successfully

2020-06-07 08:24:05 - [TEST_CASE][PASSED] - Test Cases/AHI/_include/get_screenshot: Test Cases/AHI/_include/get_screenshot

2020-06-07 08:24:05 - [TEST_STEP][PASSED] - Thread.sleep(1000): null

2020-06-07 08:24:06 - [TEST_STEP][PASSED] - takeScreenshot(screenPath + i + ".png"): Taking screenshot successfully

2020-06-07 08:24:09 - [MESSAGE][PASSED] - Taking screenshot successfully
[[ATTACHMENT|D:\\Test\\AgileTest\\Reports\\Medicare\\medicare_staging\\20200607_080037\\../Screenshots/Web/Medicare/Zipcode modal/20200607_082258/1.png]]

2020-06-07 08:24:09 - [TEST_STEP][PASSED] - (internal.GlobalVariable.i++): null

2020-06-07 08:24:09 - [MESSAGE][PASSED] - Call Test Case 'Test Cases/AHI/_include/get_screenshot' successfully

2020-06-07 08:24:09 - [TEST_STEP][PASSED] - selenium.click("xpath=//a[contains(text(),'35215')]"): null

2020-06-07 08:24:18 - [TEST_STEP][PASSED] - waitForElementPresent(findTestObject("medicare/quote/zipcode_modal_head"), 20): Object 'Object Repository/medicare/quote/zipcode_modal_head' is present

2020-06-07 08:24:21 - [MESSAGE][PASSED] - Object 'Object Repository/medicare/quote/zipcode_modal_head' is present

2020-06-07 08:24:21 - [TEST_STEP][PASSED] - callTestCase(findTestCase("AHI/_include/get_screenshot"), [:], STOP_ON_FAILURE): Call Test Case 'Test Cases/AHI/_include/get_screenshot' successfully

2020-06-07 08:24:21 - [TEST_CASE][PASSED] - Test Cases/AHI/_include/get_screenshot: Test Cases/AHI/_include/get_screenshot

2020-06-07 08:24:21 - [TEST_STEP][PASSED] - Thread.sleep(1000): null

2020-06-07 08:24:22 - [TEST_STEP][PASSED] - takeScreenshot(screenPath + i + ".png"): Taking screenshot successfully

2020-06-07 08:24:26 - [MESSAGE][PASSED] - Taking screenshot successfully
[[ATTACHMENT|D:\\Test\\AgileTest\\Reports\\Medicare\\medicare_staging\\20200607_080037\\../Screenshots/Web/Medicare/Zipcode modal/20200607_082258/2.png]]

2020-06-07 08:24:26 - [TEST_STEP][PASSED] - (internal.GlobalVariable.i++): null

2020-06-07 08:24:26 - [MESSAGE][PASSED] - Call Test Case 'Test Cases/AHI/_include/get_screenshot' successfully

2020-06-07 08:24:26 - [TEST_STEP][PASSED] - selenium.click("xpath=//input[@id='zip']/following-sibling::div/button"): null

2020-06-07 08:24:36 - [TEST_STEP][PASSED] - setText(findTestObject("medicare/quote/zipcode_modal_input"), "32701"): Text '32701' is set on object 'Object Repository/medicare/quote/zipcode_modal_input'

2020-06-07 08:24:48 - [MESSAGE][PASSED] - Text '32701' is set on object 'Object Repository/medicare/quote/zipcode_modal_input'

2020-06-07 08:24:48 - [TEST_STEP][PASSED] - Thread.sleep(3): null

2020-06-07 08:24:48 - [TEST_STEP][PASSED] - callTestCase(findTestCase("AHI/_include/get_screenshot"), [:], STOP_ON_FAILURE): Call Test Case 'Test Cases/AHI/_include/get_screenshot' successfully

2020-06-07 08:24:48 - [TEST_CASE][PASSED] - Test Cases/AHI/_include/get_screenshot: Test Cases/AHI/_include/get_screenshot

2020-06-07 08:24:48 - [TEST_STEP][PASSED] - Thread.sleep(1000): null

2020-06-07 08:24:49 - [TEST_STEP][PASSED] - takeScreenshot(screenPath + i + ".png"): Taking screenshot successfully

2020-06-07 08:24:53 - [MESSAGE][PASSED] - Taking screenshot successfully
[[ATTACHMENT|D:\\Test\\AgileTest\\Reports\\Medicare\\medicare_staging\\20200607_080037\\../Screenshots/Web/Medicare/Zipcode modal/20200607_082258/3.png]]

2020-06-07 08:24:53 - [TEST_STEP][PASSED] - (internal.GlobalVariable.i++): null

2020-06-07 08:24:53 - [MESSAGE][PASSED] - Call Test Case 'Test Cases/AHI/_include/get_screenshot' successfully

2020-06-07 08:24:53 - [TEST_STEP][PASSED] - selenium.click("xpath=//button[text()='Update my location']"): null

2020-06-07 08:25:02 - [TEST_STEP][PASSED] - waitForElementPresent(findTestObject("hic/medicare/mapd"), 20): Object 'Object Repository/hic/medicare/mapd' is not present after 20 second(s)

2020-06-07 08:25:23 - [MESSAGE][INFO] - Unable to find the element located by 'By.xpath: //h1[@class='sc-1xunf9a-0 hjdEdV']'. Please recheck the objects properties to make sure the desired element is located. 

2020-06-07 08:25:23 - [MESSAGE][WARNING] - Object 'Object Repository/hic/medicare/mapd' is not present after 20 second(s)

2020-06-07 08:25:23 - [TEST_STEP][PASSED] - callTestCase(findTestCase("AHI/_include/get_screenshot"), [:], STOP_ON_FAILURE): Call Test Case 'Test Cases/AHI/_include/get_screenshot' successfully

2020-06-07 08:25:23 - [TEST_CASE][PASSED] - Test Cases/AHI/_include/get_screenshot: Test Cases/AHI/_include/get_screenshot

2020-06-07 08:25:23 - [TEST_STEP][PASSED] - Thread.sleep(1000): null

2020-06-07 08:25:24 - [TEST_STEP][PASSED] - takeScreenshot(screenPath + i + ".png"): Taking screenshot successfully

2020-06-07 08:25:27 - [MESSAGE][PASSED] - Taking screenshot successfully
[[ATTACHMENT|D:\\Test\\AgileTest\\Reports\\Medicare\\medicare_staging\\20200607_080037\\../Screenshots/Web/Medicare/Zipcode modal/20200607_082258/4.png]]

2020-06-07 08:25:27 - [TEST_STEP][PASSED] - (internal.GlobalVariable.i++): null

2020-06-07 08:25:27 - [MESSAGE][PASSED] - Call Test Case 'Test Cases/AHI/_include/get_screenshot' successfully]]></system-out>
         <system-err><![CDATA[]]></system-err>
      </testcase>
      <system-out><![CDATA[2020-06-07 08:00:41 - [TEST_SUITE][PASSED] - medicare_staging: Test Cases/Web/Medicare/Staging vs Review/Staging/Zipcode modal]]></system-out>
      <system-err><![CDATA[]]></system-err>
   </testsuite>
</testsuites>
