<?xml version="1.0" encoding="UTF-8"?>
<testsuites name="HP" time="253" tests="8" failures="0" errors="0">
   <testsuite name="HP" tests="8" failures="0" errors="0" time="253" timestamp="2020-03-19 08:00:39" hostname="Administrator - 172.30.0.53" id="Test Suites/HP/HP">
      <properties>
         <property name="deviceName" value=""/>
         <property name="devicePlatform" value=""/>
         <property name="logFolder" value="D:\\Test\\AgileTest\\Reports\\HP\\HP\\20200319_080033"/>
         <property name="logFiles" value="D:\\Test\\AgileTest\\Reports\\HP\\HP\\20200319_080033\\execution0.log"/>
         <property name="attachments" value="D:\\Test\\AgileTest\\Reports\\HP\\HP\\20200319_080033\\../Screenshots/iPhone 6/HP/ACA/20200319_080046/0.png, D:\\Test\\AgileTest\\Reports\\HP\\HP\\20200319_080033\\../Screenshots/iPhone 6/HP/ACA/20200319_080046/1.png, D:\\Test\\AgileTest\\Reports\\HP\\HP\\20200319_080033\\../Screenshots/iPhone 6/HP/ACA/20200319_080046/2.png, D:\\Test\\AgileTest\\Reports\\HP\\HP\\20200319_080033\\../Screenshots/iPhone 6/HP/ACA/20200319_080046/3.png, D:\\Test\\AgileTest\\Reports\\HP\\HP\\20200319_080033\\../Screenshots/iPhone 6/HP/ACA/20200319_080046/4.png, D:\\Test\\AgileTest\\Reports\\HP\\HP\\20200319_080033\\../Screenshots/iPhone 6/HP/Dental/20200319_080159/0.png, D:\\Test\\AgileTest\\Reports\\HP\\HP\\20200319_080033\\../Screenshots/iPhone 6/HP/Dental/20200319_080159/1.png, D:\\Test\\AgileTest\\Reports\\HP\\HP\\20200319_080033\\../Screenshots/iPhone 6/HP/Dental/20200319_080159/2.png, D:\\Test\\AgileTest\\Reports\\HP\\HP\\20200319_080033\\../Screenshots/iPhone 6/HP/Dental/20200319_080159/3.png, D:\\Test\\AgileTest\\Reports\\HP\\HP\\20200319_080033\\../Screenshots/iPhone 6/HP/Medicaid Public/20200319_080246/0.png, D:\\Test\\AgileTest\\Reports\\HP\\HP\\20200319_080033\\../Screenshots/iPhone 6/HP/Medicaid Public/20200319_080246/1.png, D:\\Test\\AgileTest\\Reports\\HP\\HP\\20200319_080033\\../Screenshots/iPhone 6/HP/Medicaid Public/20200319_080246/2.png, D:\\Test\\AgileTest\\Reports\\HP\\HP\\20200319_080033\\../Screenshots/iPhone 6/HP/Medicare/20200319_080310/0.png, D:\\Test\\AgileTest\\Reports\\HP\\HP\\20200319_080033\\../Screenshots/iPhone 6/HP/Medicare/20200319_080310/1.png, D:\\Test\\AgileTest\\Reports\\HP\\HP\\20200319_080033\\../Screenshots/iPhone 6/HP/Medicare/20200319_080310/2.png, D:\\Test\\AgileTest\\Reports\\HP\\HP\\20200319_080033\\../Screenshots/iPhone 6/HP/Medigap/20200319_080331/0.png, D:\\Test\\AgileTest\\Reports\\HP\\HP\\20200319_080033\\../Screenshots/iPhone 6/HP/Medigap/20200319_080331/1.png, D:\\Test\\AgileTest\\Reports\\HP\\HP\\20200319_080033\\../Screenshots/iPhone 6/HP/Medigap/20200319_080331/2.png, D:\\Test\\AgileTest\\Reports\\HP\\HP\\20200319_080033\\../Screenshots/iPhone 6/HP/Small Business/20200319_080355/0.png, D:\\Test\\AgileTest\\Reports\\HP\\HP\\20200319_080033\\../Screenshots/iPhone 6/HP/Small Business/20200319_080355/1.png, D:\\Test\\AgileTest\\Reports\\HP\\HP\\20200319_080033\\../Screenshots/iPhone 6/HP/Small Business/20200319_080355/2.png, D:\\Test\\AgileTest\\Reports\\HP\\HP\\20200319_080033\\../Screenshots/iPhone 6/HP/STM/20200319_080419/0.png, D:\\Test\\AgileTest\\Reports\\HP\\HP\\20200319_080033\\../Screenshots/iPhone 6/HP/STM/20200319_080419/1.png, D:\\Test\\AgileTest\\Reports\\HP\\HP\\20200319_080033\\../Screenshots/iPhone 6/HP/Home/20200319_080442/0.png"/>
         <property name="hostName" value="Administrator - 172.30.0.53"/>
         <property name="os" value="Windows Server 2012 R2 64bit"/>
         <property name="katalonVersion" value="5.10.1.1"/>
         <property name="browser" value="Safari 11"/>
         <property name="hostAddress" value="172.30.0.53"/>
         <property name="sessionId" value="eb1ba7f56c3d87a6c6e663bbd638e70e"/>
         <property name="seleniumVersion" value="3.7.1"/>
         <property name="proxyInformation" value="ProxyInformation{proxyOption=NO_PROXY, proxyServerType=HTTP, password=, proxyServerAddress=, proxyServerPort=0}"/>
         <property name="platform" value="Windows Server 2012 R2"/>
      </properties>
      <testcase name="Test Cases/HP/Health Plans/ACA" classname="Test Cases/HP/Health Plans/ACA" status="PASSED">
         <system-out><![CDATA[2020-03-19 08:00:40 - [TEST_CASE][PASSED] - Test Cases/HP/Health Plans/ACA: Test Cases/HP/Health Plans/ACA

2020-03-19 08:00:44 - [TEST_STEP][PASSED] - now = new java.util.Date(): null

2020-03-19 08:00:44 - [TEST_STEP][PASSED] - mydate = now.format("yyyyMMdd_HHmmss"): null

2020-03-19 08:00:44 - [TEST_STEP][PASSED] - i = 0: null

2020-03-19 08:00:44 - [TEST_STEP][PASSED] - callTestCase(findTestCase("AHI/_include/get_screenPath"), ["productLine":"HP", "carrierName":"ACA"], CONTINUE_ON_FAILURE): Call Test Case 'Test Cases/AHI/_include/get_screenPath' successfully

2020-03-19 08:00:45 - [TEST_CASE][PASSED] - Test Cases/AHI/_include/get_screenPath: Test Cases/AHI/_include/get_screenPath

2020-03-19 08:00:46 - [TEST_STEP][PASSED] - m = getExecutionProperties(): null

2020-03-19 08:00:46 - [TEST_STEP][PASSED] - deviceName = get("mobileEmulation").get("deviceName"): null

2020-03-19 08:00:46 - [TEST_STEP][PASSED] - println(deviceName): null

2020-03-19 08:00:46 - [TEST_STEP][PASSED] - now = new java.util.Date(): null

2020-03-19 08:00:46 - [TEST_STEP][PASSED] - mydate = now.format("yyyyMMdd_HHmmss"): null

2020-03-19 08:00:46 - [TEST_STEP][PASSED] - screenPath = "../Screenshots/": null

2020-03-19 08:00:46 - [TEST_STEP][PASSED] - screenPath = screenPath + deviceName + "/" + productLine + "/" + carrierName + "/" + mydate + "/": null

2020-03-19 08:00:46 - [TEST_STEP][PASSED] - println(screenPath): null

2020-03-19 08:00:46 - [MESSAGE][PASSED] - Call Test Case 'Test Cases/AHI/_include/get_screenPath' successfully

2020-03-19 08:00:46 - [TEST_STEP][PASSED] - second = <not implemented yet for class: org.codehaus.groovy.ast.expr.EmptyExpression>: null

2020-03-19 08:00:46 - [TEST_STEP][PASSED] - openBrowser(env + "/individual-health-insurance"): Browser is opened with url: 'http://pengujian.healthpocket.com/individual-health-insurance'

2020-03-19 08:00:48 - [MESSAGE][INFO] - Starting 'Chrome' driver

2020-03-19 08:00:49 - [MESSAGE][INFO] - User set preference: ['mobileEmulation', '{deviceName=iPhone 6}']

2020-03-19 08:00:49 - [MESSAGE][INFO] - User set preference: ['args', '[--incognito, --aggressive-cache-discard, --window-size=375,677, --no-sandbox, --ignore-certificate-errors]']

2020-03-19 08:00:49 - [MESSAGE][INFO] - Action delay is set to 0 seconds

2020-03-19 08:01:05 - [MESSAGE][PASSED] - Browser is opened with url: 'http://pengujian.healthpocket.com/individual-health-insurance'

2020-03-19 08:01:05 - [TEST_STEP][PASSED] - Thread.sleep(3000): null

2020-03-19 08:01:08 - [TEST_STEP][PASSED] - callTestCase(findTestCase("AHI/_include/get_screenshot"), [:], STOP_ON_FAILURE): Call Test Case 'Test Cases/AHI/_include/get_screenshot' successfully

2020-03-19 08:01:09 - [TEST_CASE][PASSED] - Test Cases/AHI/_include/get_screenshot: Test Cases/AHI/_include/get_screenshot

2020-03-19 08:01:10 - [TEST_STEP][PASSED] - Thread.sleep(1000): null

2020-03-19 08:01:11 - [TEST_STEP][PASSED] - takeScreenshot(screenPath + i + ".png"): Taking screenshot successfully

2020-03-19 08:01:12 - [MESSAGE][PASSED] - Taking screenshot successfully
[[ATTACHMENT|D:\\Test\\AgileTest\\Reports\\HP\\HP\\20200319_080033\\../Screenshots/iPhone 6/HP/ACA/20200319_080046/0.png]]

2020-03-19 08:01:12 - [TEST_STEP][PASSED] - (internal.GlobalVariable.i++): null

2020-03-19 08:01:12 - [MESSAGE][PASSED] - Call Test Case 'Test Cases/AHI/_include/get_screenshot' successfully

2020-03-19 08:01:12 - [TEST_STEP][PASSED] - driver = getWebDriver(): null

2020-03-19 08:01:12 - [TEST_STEP][PASSED] - baseUrl = env: null

2020-03-19 08:01:12 - [TEST_STEP][PASSED] - selenium = new com.thoughtworks.selenium.webdriven.WebDriverBackedSelenium(driver, baseUrl): null

2020-03-19 08:01:13 - [TEST_STEP][PASSED] - for ([second = 0, second < 10, (second++)]): null

2020-03-19 08:01:13 - [TEST_STEP][PASSED] - try: null

2020-03-19 08:01:13 - [TEST_STEP][PASSED] - if (selenium.isElementPresent("//a[contains(text(),'No Thanks. I want to see ACA plans.')]")): null

2020-03-19 08:01:13 - [TEST_STEP][PASSED] - selenium.click("//a[contains(text(),'No Thanks. I want to see ACA plans.')]"): null

2020-03-19 08:01:15 - [TEST_STEP][PASSED] - break: null

2020-03-19 08:01:15 - [TEST_STEP][PASSED] - for ([second = 0, second < 10, (second++)]): null

2020-03-19 08:01:15 - [TEST_STEP][PASSED] - try: null

2020-03-19 08:01:15 - [TEST_STEP][PASSED] - if (selenium.isElementPresent("id=location")): null

2020-03-19 08:01:16 - [TEST_STEP][PASSED] - break: null

2020-03-19 08:01:16 - [TEST_STEP][PASSED] - callTestCase(findTestCase("AHI/_include/get_screenshot"), [:], STOP_ON_FAILURE): Call Test Case 'Test Cases/AHI/_include/get_screenshot' successfully

2020-03-19 08:01:16 - [TEST_CASE][PASSED] - Test Cases/AHI/_include/get_screenshot: Test Cases/AHI/_include/get_screenshot

2020-03-19 08:01:16 - [TEST_STEP][PASSED] - Thread.sleep(1000): null

2020-03-19 08:01:17 - [TEST_STEP][PASSED] - takeScreenshot(screenPath + i + ".png"): Taking screenshot successfully

2020-03-19 08:01:19 - [MESSAGE][PASSED] - Taking screenshot successfully
[[ATTACHMENT|D:\\Test\\AgileTest\\Reports\\HP\\HP\\20200319_080033\\../Screenshots/iPhone 6/HP/ACA/20200319_080046/1.png]]

2020-03-19 08:01:19 - [TEST_STEP][PASSED] - (internal.GlobalVariable.i++): null

2020-03-19 08:01:19 - [MESSAGE][PASSED] - Call Test Case 'Test Cases/AHI/_include/get_screenshot' successfully

2020-03-19 08:01:19 - [TEST_STEP][PASSED] - selenium.type("id=location", "32209"): null

2020-03-19 08:01:22 - [TEST_STEP][PASSED] - selenium.click("id=findPlans"): null

2020-03-19 08:01:23 - [TEST_STEP][PASSED] - for ([second = 0, second < 10, (second++)]): null

2020-03-19 08:01:23 - [TEST_STEP][PASSED] - try: null

2020-03-19 08:01:23 - [TEST_STEP][PASSED] - if (selenium.isElementPresent("//a[contains(text(),'Select')]")): null

2020-03-19 08:01:23 - [TEST_STEP][PASSED] - Thread.sleep(1000): null

2020-03-19 08:01:24 - [TEST_STEP][PASSED] - try: null

2020-03-19 08:01:24 - [TEST_STEP][PASSED] - if (selenium.isElementPresent("//a[contains(text(),'Select')]")): null

2020-03-19 08:01:29 - [TEST_STEP][PASSED] - break: null

2020-03-19 08:01:29 - [TEST_STEP][PASSED] - callTestCase(findTestCase("AHI/_include/get_screenshot"), [:], STOP_ON_FAILURE): Call Test Case 'Test Cases/AHI/_include/get_screenshot' successfully

2020-03-19 08:01:29 - [TEST_CASE][PASSED] - Test Cases/AHI/_include/get_screenshot: Test Cases/AHI/_include/get_screenshot

2020-03-19 08:01:29 - [TEST_STEP][PASSED] - Thread.sleep(1000): null

2020-03-19 08:01:30 - [TEST_STEP][PASSED] - takeScreenshot(screenPath + i + ".png"): Taking screenshot successfully

2020-03-19 08:01:35 - [MESSAGE][PASSED] - Taking screenshot successfully
[[ATTACHMENT|D:\\Test\\AgileTest\\Reports\\HP\\HP\\20200319_080033\\../Screenshots/iPhone 6/HP/ACA/20200319_080046/2.png]]

2020-03-19 08:01:35 - [TEST_STEP][PASSED] - (internal.GlobalVariable.i++): null

2020-03-19 08:01:35 - [MESSAGE][PASSED] - Call Test Case 'Test Cases/AHI/_include/get_screenshot' successfully

2020-03-19 08:01:35 - [TEST_STEP][PASSED] - Thread.sleep(3000): null

2020-03-19 08:01:38 - [TEST_STEP][PASSED] - selenium.click("//a[contains(text(),'Select')]"): null

2020-03-19 08:01:38 - [TEST_STEP][PASSED] - for ([second = 0, second < 10, (second++)]): null

2020-03-19 08:01:38 - [TEST_STEP][PASSED] - try: null

2020-03-19 08:01:38 - [TEST_STEP][PASSED] - if (selenium.isElementPresent("xpath=(//a[contains(text(),'Apply Now')])")): null

2020-03-19 08:01:40 - [TEST_STEP][PASSED] - Thread.sleep(1000): null

2020-03-19 08:01:41 - [TEST_STEP][PASSED] - try: null

2020-03-19 08:01:41 - [TEST_STEP][PASSED] - if (selenium.isElementPresent("xpath=(//a[contains(text(),'Apply Now')])")): null

2020-03-19 08:01:44 - [TEST_STEP][PASSED] - Thread.sleep(1000): null

2020-03-19 08:01:45 - [TEST_STEP][PASSED] - try: null

2020-03-19 08:01:45 - [TEST_STEP][PASSED] - if (selenium.isElementPresent("xpath=(//a[contains(text(),'Apply Now')])")): null

2020-03-19 08:01:46 - [TEST_STEP][PASSED] - break: null

2020-03-19 08:01:46 - [TEST_STEP][PASSED] - callTestCase(findTestCase("AHI/_include/get_screenshot"), [:], STOP_ON_FAILURE): Call Test Case 'Test Cases/AHI/_include/get_screenshot' successfully

2020-03-19 08:01:46 - [TEST_CASE][PASSED] - Test Cases/AHI/_include/get_screenshot: Test Cases/AHI/_include/get_screenshot

2020-03-19 08:01:46 - [TEST_STEP][PASSED] - Thread.sleep(1000): null

2020-03-19 08:01:47 - [TEST_STEP][PASSED] - takeScreenshot(screenPath + i + ".png"): Taking screenshot successfully

2020-03-19 08:01:50 - [MESSAGE][PASSED] - Taking screenshot successfully
[[ATTACHMENT|D:\\Test\\AgileTest\\Reports\\HP\\HP\\20200319_080033\\../Screenshots/iPhone 6/HP/ACA/20200319_080046/3.png]]

2020-03-19 08:01:50 - [TEST_STEP][PASSED] - (internal.GlobalVariable.i++): null

2020-03-19 08:01:50 - [MESSAGE][PASSED] - Call Test Case 'Test Cases/AHI/_include/get_screenshot' successfully

2020-03-19 08:01:50 - [TEST_STEP][PASSED] - selenium.click("xpath=(//a[contains(text(),'Apply Now')])"): null

2020-03-19 08:01:56 - [TEST_STEP][PASSED] - for ([second = 0, second < 10, (second++)]): null

2020-03-19 08:01:56 - [TEST_STEP][PASSED] - try: null

2020-03-19 08:01:56 - [TEST_STEP][PASSED] - if (selenium.isElementPresent("id=applyBody")): null

2020-03-19 08:01:56 - [TEST_STEP][PASSED] - break: null

2020-03-19 08:01:56 - [TEST_STEP][PASSED] - callTestCase(findTestCase("AHI/_include/get_screenshot"), [:], STOP_ON_FAILURE): Call Test Case 'Test Cases/AHI/_include/get_screenshot' successfully

2020-03-19 08:01:56 - [TEST_CASE][PASSED] - Test Cases/AHI/_include/get_screenshot: Test Cases/AHI/_include/get_screenshot

2020-03-19 08:01:56 - [TEST_STEP][PASSED] - Thread.sleep(1000): null

2020-03-19 08:01:57 - [TEST_STEP][PASSED] - takeScreenshot(screenPath + i + ".png"): Taking screenshot successfully

2020-03-19 08:01:58 - [MESSAGE][PASSED] - Taking screenshot successfully
[[ATTACHMENT|D:\\Test\\AgileTest\\Reports\\HP\\HP\\20200319_080033\\../Screenshots/iPhone 6/HP/ACA/20200319_080046/4.png]]

2020-03-19 08:01:58 - [TEST_STEP][PASSED] - (internal.GlobalVariable.i++): null

2020-03-19 08:01:58 - [MESSAGE][PASSED] - Call Test Case 'Test Cases/AHI/_include/get_screenshot' successfully]]></system-out>
         <system-err><![CDATA[]]></system-err>
      </testcase>
      <testcase name="Test Cases/HP/Health Plans/Dental" classname="Test Cases/HP/Health Plans/Dental" status="PASSED">
         <system-out><![CDATA[2020-03-19 08:01:58 - [TEST_CASE][PASSED] - Test Cases/HP/Health Plans/Dental: Test Cases/HP/Health Plans/Dental

2020-03-19 08:01:59 - [TEST_STEP][PASSED] - now = new java.util.Date(): null

2020-03-19 08:01:59 - [TEST_STEP][PASSED] - mydate = now.format("yyyyMMdd_HHmmss"): null

2020-03-19 08:01:59 - [TEST_STEP][PASSED] - i = 0: null

2020-03-19 08:01:59 - [TEST_STEP][PASSED] - callTestCase(findTestCase("AHI/_include/get_screenPath"), ["productLine":"HP", "carrierName":"Dental"], CONTINUE_ON_FAILURE): Call Test Case 'Test Cases/AHI/_include/get_screenPath' successfully

2020-03-19 08:01:59 - [TEST_CASE][PASSED] - Test Cases/AHI/_include/get_screenPath: Test Cases/AHI/_include/get_screenPath

2020-03-19 08:01:59 - [TEST_STEP][PASSED] - m = getExecutionProperties(): null

2020-03-19 08:01:59 - [TEST_STEP][PASSED] - deviceName = get("mobileEmulation").get("deviceName"): null

2020-03-19 08:01:59 - [TEST_STEP][PASSED] - println(deviceName): null

2020-03-19 08:01:59 - [TEST_STEP][PASSED] - now = new java.util.Date(): null

2020-03-19 08:01:59 - [TEST_STEP][PASSED] - mydate = now.format("yyyyMMdd_HHmmss"): null

2020-03-19 08:01:59 - [TEST_STEP][PASSED] - screenPath = "../Screenshots/": null

2020-03-19 08:01:59 - [TEST_STEP][PASSED] - screenPath = screenPath + deviceName + "/" + productLine + "/" + carrierName + "/" + mydate + "/": null

2020-03-19 08:01:59 - [TEST_STEP][PASSED] - println(screenPath): null

2020-03-19 08:01:59 - [MESSAGE][PASSED] - Call Test Case 'Test Cases/AHI/_include/get_screenPath' successfully

2020-03-19 08:01:59 - [TEST_STEP][PASSED] - second = <not implemented yet for class: org.codehaus.groovy.ast.expr.EmptyExpression>: null

2020-03-19 08:01:59 - [TEST_STEP][PASSED] - openBrowser(env + "/dental-insurance"): Browser is opened with url: 'http://pengujian.healthpocket.com/dental-insurance'

2020-03-19 08:01:59 - [MESSAGE][WARNING] - A browser is already opened. Closing browser and opening a new one

2020-03-19 08:02:00 - [MESSAGE][INFO] - Starting 'Chrome' driver

2020-03-19 08:02:00 - [MESSAGE][INFO] - User set preference: ['mobileEmulation', '{deviceName=iPhone 6}']

2020-03-19 08:02:00 - [MESSAGE][INFO] - User set preference: ['args', '[--incognito, --aggressive-cache-discard, --window-size=375,677, --no-sandbox, --ignore-certificate-errors]']

2020-03-19 08:02:07 - [MESSAGE][PASSED] - Browser is opened with url: 'http://pengujian.healthpocket.com/dental-insurance'

2020-03-19 08:02:07 - [TEST_STEP][PASSED] - Thread.sleep(3000): null

2020-03-19 08:02:10 - [TEST_STEP][PASSED] - driver = getWebDriver(): null

2020-03-19 08:02:10 - [TEST_STEP][PASSED] - baseUrl = env: null

2020-03-19 08:02:10 - [TEST_STEP][PASSED] - selenium = new com.thoughtworks.selenium.webdriven.WebDriverBackedSelenium(driver, baseUrl): null

2020-03-19 08:02:10 - [TEST_STEP][PASSED] - selenium.refresh(): null

2020-03-19 08:02:15 - [TEST_STEP][PASSED] - selenium.waitForPageToLoad("30000"): null

2020-03-19 08:02:16 - [TEST_STEP][PASSED] - for ([second = 0, second < 10, (second++)]): null

2020-03-19 08:02:16 - [TEST_STEP][PASSED] - try: null

2020-03-19 08:02:16 - [TEST_STEP][PASSED] - if (selenium.isElementPresent("id=location")): null

2020-03-19 08:02:16 - [TEST_STEP][PASSED] - break: null

2020-03-19 08:02:16 - [TEST_STEP][PASSED] - callTestCase(findTestCase("AHI/_include/get_screenshot"), [:], STOP_ON_FAILURE): Call Test Case 'Test Cases/AHI/_include/get_screenshot' successfully

2020-03-19 08:02:16 - [TEST_CASE][PASSED] - Test Cases/AHI/_include/get_screenshot: Test Cases/AHI/_include/get_screenshot

2020-03-19 08:02:16 - [TEST_STEP][PASSED] - Thread.sleep(1000): null

2020-03-19 08:02:17 - [TEST_STEP][PASSED] - takeScreenshot(screenPath + i + ".png"): Taking screenshot successfully

2020-03-19 08:02:18 - [MESSAGE][PASSED] - Taking screenshot successfully
[[ATTACHMENT|D:\\Test\\AgileTest\\Reports\\HP\\HP\\20200319_080033\\../Screenshots/iPhone 6/HP/Dental/20200319_080159/0.png]]

2020-03-19 08:02:18 - [TEST_STEP][PASSED] - (internal.GlobalVariable.i++): null

2020-03-19 08:02:18 - [MESSAGE][PASSED] - Call Test Case 'Test Cases/AHI/_include/get_screenshot' successfully

2020-03-19 08:02:18 - [TEST_STEP][PASSED] - selenium.type("id=location", "32209"): null

2020-03-19 08:02:18 - [TEST_STEP][PASSED] - selenium.click("id=findPlans"): null

2020-03-19 08:02:18 - [TEST_STEP][PASSED] - for ([second = 0, second < 10, (second++)]): null

2020-03-19 08:02:18 - [TEST_STEP][PASSED] - try: null

2020-03-19 08:02:18 - [TEST_STEP][PASSED] - if (selenium.isElementPresent("//a[contains(text(),'Select')]")): null

2020-03-19 08:02:18 - [TEST_STEP][PASSED] - Thread.sleep(1000): null

2020-03-19 08:02:19 - [TEST_STEP][PASSED] - try: null

2020-03-19 08:02:19 - [TEST_STEP][PASSED] - if (selenium.isElementPresent("//a[contains(text(),'Select')]")): null

2020-03-19 08:02:21 - [TEST_STEP][PASSED] - break: null

2020-03-19 08:02:21 - [TEST_STEP][PASSED] - callTestCase(findTestCase("AHI/_include/get_screenshot"), [:], STOP_ON_FAILURE): Call Test Case 'Test Cases/AHI/_include/get_screenshot' successfully

2020-03-19 08:02:21 - [TEST_CASE][PASSED] - Test Cases/AHI/_include/get_screenshot: Test Cases/AHI/_include/get_screenshot

2020-03-19 08:02:21 - [TEST_STEP][PASSED] - Thread.sleep(1000): null

2020-03-19 08:02:22 - [TEST_STEP][PASSED] - takeScreenshot(screenPath + i + ".png"): Taking screenshot successfully

2020-03-19 08:02:23 - [MESSAGE][PASSED] - Taking screenshot successfully
[[ATTACHMENT|D:\\Test\\AgileTest\\Reports\\HP\\HP\\20200319_080033\\../Screenshots/iPhone 6/HP/Dental/20200319_080159/1.png]]

2020-03-19 08:02:23 - [TEST_STEP][PASSED] - (internal.GlobalVariable.i++): null

2020-03-19 08:02:23 - [MESSAGE][PASSED] - Call Test Case 'Test Cases/AHI/_include/get_screenshot' successfully

2020-03-19 08:02:23 - [TEST_STEP][PASSED] - selenium.click("//a[contains(text(),'Select')]"): null

2020-03-19 08:02:24 - [TEST_STEP][PASSED] - for ([second = 0, second < 20, (second++)]): null

2020-03-19 08:02:24 - [TEST_STEP][PASSED] - try: null

2020-03-19 08:02:24 - [TEST_STEP][PASSED] - if (selenium.isElementPresent("xpath=(//a[contains(text(),'Apply Now')])")): null

2020-03-19 08:02:25 - [TEST_STEP][PASSED] - Thread.sleep(1000): null

2020-03-19 08:02:26 - [TEST_STEP][PASSED] - try: null

2020-03-19 08:02:26 - [TEST_STEP][PASSED] - if (selenium.isElementPresent("xpath=(//a[contains(text(),'Apply Now')])")): null

2020-03-19 08:02:26 - [TEST_STEP][PASSED] - Thread.sleep(1000): null

2020-03-19 08:02:27 - [TEST_STEP][PASSED] - try: null

2020-03-19 08:02:27 - [TEST_STEP][PASSED] - if (selenium.isElementPresent("xpath=(//a[contains(text(),'Apply Now')])")): null

2020-03-19 08:02:27 - [TEST_STEP][PASSED] - Thread.sleep(1000): null

2020-03-19 08:02:28 - [TEST_STEP][PASSED] - try: null

2020-03-19 08:02:28 - [TEST_STEP][PASSED] - if (selenium.isElementPresent("xpath=(//a[contains(text(),'Apply Now')])")): null

2020-03-19 08:02:28 - [TEST_STEP][PASSED] - Thread.sleep(1000): null

2020-03-19 08:02:29 - [TEST_STEP][PASSED] - try: null

2020-03-19 08:02:29 - [TEST_STEP][PASSED] - if (selenium.isElementPresent("xpath=(//a[contains(text(),'Apply Now')])")): null

2020-03-19 08:02:29 - [TEST_STEP][PASSED] - Thread.sleep(1000): null

2020-03-19 08:02:30 - [TEST_STEP][PASSED] - try: null

2020-03-19 08:02:30 - [TEST_STEP][PASSED] - if (selenium.isElementPresent("xpath=(//a[contains(text(),'Apply Now')])")): null

2020-03-19 08:02:31 - [TEST_STEP][PASSED] - Thread.sleep(1000): null

2020-03-19 08:02:32 - [TEST_STEP][PASSED] - try: null

2020-03-19 08:02:32 - [TEST_STEP][PASSED] - if (selenium.isElementPresent("xpath=(//a[contains(text(),'Apply Now')])")): null

2020-03-19 08:02:32 - [TEST_STEP][PASSED] - break: null

2020-03-19 08:02:32 - [TEST_STEP][PASSED] - callTestCase(findTestCase("AHI/_include/get_screenshot"), [:], STOP_ON_FAILURE): Call Test Case 'Test Cases/AHI/_include/get_screenshot' successfully

2020-03-19 08:02:32 - [TEST_CASE][PASSED] - Test Cases/AHI/_include/get_screenshot: Test Cases/AHI/_include/get_screenshot

2020-03-19 08:02:32 - [TEST_STEP][PASSED] - Thread.sleep(1000): null

2020-03-19 08:02:33 - [TEST_STEP][PASSED] - takeScreenshot(screenPath + i + ".png"): Taking screenshot successfully

2020-03-19 08:02:34 - [MESSAGE][PASSED] - Taking screenshot successfully
[[ATTACHMENT|D:\\Test\\AgileTest\\Reports\\HP\\HP\\20200319_080033\\../Screenshots/iPhone 6/HP/Dental/20200319_080159/2.png]]

2020-03-19 08:02:34 - [TEST_STEP][PASSED] - (internal.GlobalVariable.i++): null

2020-03-19 08:02:34 - [MESSAGE][PASSED] - Call Test Case 'Test Cases/AHI/_include/get_screenshot' successfully

2020-03-19 08:02:34 - [TEST_STEP][PASSED] - url = selenium.getAttribute("xpath=(//a[contains(text(),'Apply Now')])@href"): null

2020-03-19 08:02:34 - [TEST_STEP][PASSED] - openBrowser(url): Browser is opened with url: 'http://praetemptatus.agilehealthinsurance.com/dental-insurance-quotes?utm_source=healthpocket&utm_medium=detail_page&utm_campaign=dental_detail_page_xsell'

2020-03-19 08:02:34 - [MESSAGE][WARNING] - A browser is already opened. Closing browser and opening a new one

2020-03-19 08:02:35 - [MESSAGE][INFO] - Starting 'Chrome' driver

2020-03-19 08:02:35 - [MESSAGE][INFO] - User set preference: ['mobileEmulation', '{deviceName=iPhone 6}']

2020-03-19 08:02:35 - [MESSAGE][INFO] - User set preference: ['args', '[--incognito, --aggressive-cache-discard, --window-size=375,677, --no-sandbox, --ignore-certificate-errors]']

2020-03-19 08:02:40 - [MESSAGE][PASSED] - Browser is opened with url: 'http://praetemptatus.agilehealthinsurance.com/dental-insurance-quotes?utm_source=healthpocket&utm_medium=detail_page&utm_campaign=dental_detail_page_xsell'

2020-03-19 08:02:40 - [TEST_STEP][PASSED] - Thread.sleep(3000): null

2020-03-19 08:02:43 - [TEST_STEP][PASSED] - callTestCase(findTestCase("AHI/_include/get_screenshot"), [:], STOP_ON_FAILURE): Call Test Case 'Test Cases/AHI/_include/get_screenshot' successfully

2020-03-19 08:02:43 - [TEST_CASE][PASSED] - Test Cases/AHI/_include/get_screenshot: Test Cases/AHI/_include/get_screenshot

2020-03-19 08:02:43 - [TEST_STEP][PASSED] - Thread.sleep(1000): null

2020-03-19 08:02:44 - [TEST_STEP][PASSED] - takeScreenshot(screenPath + i + ".png"): Taking screenshot successfully

2020-03-19 08:02:45 - [MESSAGE][PASSED] - Taking screenshot successfully
[[ATTACHMENT|D:\\Test\\AgileTest\\Reports\\HP\\HP\\20200319_080033\\../Screenshots/iPhone 6/HP/Dental/20200319_080159/3.png]]

2020-03-19 08:02:45 - [TEST_STEP][PASSED] - (internal.GlobalVariable.i++): null

2020-03-19 08:02:45 - [MESSAGE][PASSED] - Call Test Case 'Test Cases/AHI/_include/get_screenshot' successfully]]></system-out>
         <system-err><![CDATA[]]></system-err>
      </testcase>
      <testcase name="Test Cases/HP/Health Plans/Medicaid Public" classname="Test Cases/HP/Health Plans/Medicaid Public" status="PASSED">
         <system-out><![CDATA[2020-03-19 08:02:45 - [TEST_CASE][PASSED] - Test Cases/HP/Health Plans/Medicaid Public: Test Cases/HP/Health Plans/Medicaid Public

2020-03-19 08:02:46 - [TEST_STEP][PASSED] - now = new java.util.Date(): null

2020-03-19 08:02:46 - [TEST_STEP][PASSED] - mydate = now.format("yyyyMMdd_HHmmss"): null

2020-03-19 08:02:46 - [TEST_STEP][PASSED] - i = 0: null

2020-03-19 08:02:46 - [TEST_STEP][PASSED] - callTestCase(findTestCase("AHI/_include/get_screenPath"), ["productLine":"HP", "carrierName":"Medicaid Public"], CONTINUE_ON_FAILURE): Call Test Case 'Test Cases/AHI/_include/get_screenPath' successfully

2020-03-19 08:02:46 - [TEST_CASE][PASSED] - Test Cases/AHI/_include/get_screenPath: Test Cases/AHI/_include/get_screenPath

2020-03-19 08:02:46 - [TEST_STEP][PASSED] - m = getExecutionProperties(): null

2020-03-19 08:02:46 - [TEST_STEP][PASSED] - deviceName = get("mobileEmulation").get("deviceName"): null

2020-03-19 08:02:46 - [TEST_STEP][PASSED] - println(deviceName): null

2020-03-19 08:02:46 - [TEST_STEP][PASSED] - now = new java.util.Date(): null

2020-03-19 08:02:46 - [TEST_STEP][PASSED] - mydate = now.format("yyyyMMdd_HHmmss"): null

2020-03-19 08:02:46 - [TEST_STEP][PASSED] - screenPath = "../Screenshots/": null

2020-03-19 08:02:46 - [TEST_STEP][PASSED] - screenPath = screenPath + deviceName + "/" + productLine + "/" + carrierName + "/" + mydate + "/": null

2020-03-19 08:02:46 - [TEST_STEP][PASSED] - println(screenPath): null

2020-03-19 08:02:46 - [MESSAGE][PASSED] - Call Test Case 'Test Cases/AHI/_include/get_screenPath' successfully

2020-03-19 08:02:46 - [TEST_STEP][PASSED] - second = <not implemented yet for class: org.codehaus.groovy.ast.expr.EmptyExpression>: null

2020-03-19 08:02:46 - [TEST_STEP][PASSED] - openBrowser(env + "/medicaid-public-plans"): Browser is opened with url: 'http://pengujian.healthpocket.com/medicaid-public-plans'

2020-03-19 08:02:46 - [MESSAGE][WARNING] - A browser is already opened. Closing browser and opening a new one

2020-03-19 08:02:48 - [MESSAGE][INFO] - Starting 'Chrome' driver

2020-03-19 08:02:48 - [MESSAGE][INFO] - User set preference: ['mobileEmulation', '{deviceName=iPhone 6}']

2020-03-19 08:02:48 - [MESSAGE][INFO] - User set preference: ['args', '[--incognito, --aggressive-cache-discard, --window-size=375,677, --no-sandbox, --ignore-certificate-errors]']

2020-03-19 08:02:56 - [MESSAGE][PASSED] - Browser is opened with url: 'http://pengujian.healthpocket.com/medicaid-public-plans'

2020-03-19 08:02:56 - [TEST_STEP][PASSED] - Thread.sleep(3000): null

2020-03-19 08:02:59 - [TEST_STEP][PASSED] - driver = getWebDriver(): null

2020-03-19 08:02:59 - [TEST_STEP][PASSED] - baseUrl = env: null

2020-03-19 08:02:59 - [TEST_STEP][PASSED] - selenium = new com.thoughtworks.selenium.webdriven.WebDriverBackedSelenium(driver, baseUrl): null

2020-03-19 08:02:59 - [TEST_STEP][PASSED] - for ([second = 0, second < 10, (second++)]): null

2020-03-19 08:02:59 - [TEST_STEP][PASSED] - try: null

2020-03-19 08:02:59 - [TEST_STEP][PASSED] - if (selenium.isElementPresent("id=location")): null

2020-03-19 08:02:59 - [TEST_STEP][PASSED] - break: null

2020-03-19 08:02:59 - [TEST_STEP][PASSED] - callTestCase(findTestCase("AHI/_include/get_screenshot"), [:], STOP_ON_FAILURE): Call Test Case 'Test Cases/AHI/_include/get_screenshot' successfully

2020-03-19 08:02:59 - [TEST_CASE][PASSED] - Test Cases/AHI/_include/get_screenshot: Test Cases/AHI/_include/get_screenshot

2020-03-19 08:02:59 - [TEST_STEP][PASSED] - Thread.sleep(1000): null

2020-03-19 08:03:00 - [TEST_STEP][PASSED] - takeScreenshot(screenPath + i + ".png"): Taking screenshot successfully

2020-03-19 08:03:01 - [MESSAGE][PASSED] - Taking screenshot successfully
[[ATTACHMENT|D:\\Test\\AgileTest\\Reports\\HP\\HP\\20200319_080033\\../Screenshots/iPhone 6/HP/Medicaid Public/20200319_080246/0.png]]

2020-03-19 08:03:01 - [TEST_STEP][PASSED] - (internal.GlobalVariable.i++): null

2020-03-19 08:03:01 - [MESSAGE][PASSED] - Call Test Case 'Test Cases/AHI/_include/get_screenshot' successfully

2020-03-19 08:03:01 - [TEST_STEP][PASSED] - selenium.type("id=location", "32209"): null

2020-03-19 08:03:01 - [TEST_STEP][PASSED] - selenium.click("id=findPlans"): null

2020-03-19 08:03:01 - [TEST_STEP][PASSED] - for ([second = 0, second < 10, (second++)]): null

2020-03-19 08:03:01 - [TEST_STEP][PASSED] - try: null

2020-03-19 08:03:01 - [TEST_STEP][PASSED] - if (selenium.isElementPresent("//a[contains(text(),'Select')]")): null

2020-03-19 08:03:05 - [TEST_STEP][PASSED] - break: null

2020-03-19 08:03:05 - [TEST_STEP][PASSED] - callTestCase(findTestCase("AHI/_include/get_screenshot"), [:], STOP_ON_FAILURE): Call Test Case 'Test Cases/AHI/_include/get_screenshot' successfully

2020-03-19 08:03:05 - [TEST_CASE][PASSED] - Test Cases/AHI/_include/get_screenshot: Test Cases/AHI/_include/get_screenshot

2020-03-19 08:03:05 - [TEST_STEP][PASSED] - Thread.sleep(1000): null

2020-03-19 08:03:06 - [TEST_STEP][PASSED] - takeScreenshot(screenPath + i + ".png"): Taking screenshot successfully

2020-03-19 08:03:07 - [MESSAGE][PASSED] - Taking screenshot successfully
[[ATTACHMENT|D:\\Test\\AgileTest\\Reports\\HP\\HP\\20200319_080033\\../Screenshots/iPhone 6/HP/Medicaid Public/20200319_080246/1.png]]

2020-03-19 08:03:07 - [TEST_STEP][PASSED] - (internal.GlobalVariable.i++): null

2020-03-19 08:03:07 - [MESSAGE][PASSED] - Call Test Case 'Test Cases/AHI/_include/get_screenshot' successfully

2020-03-19 08:03:07 - [TEST_STEP][PASSED] - selenium.click("//a[contains(text(),'Select')]"): null

2020-03-19 08:03:08 - [TEST_STEP][PASSED] - for ([second = 0, second < 60, (second++)]): null

2020-03-19 08:03:08 - [TEST_STEP][PASSED] - try: null

2020-03-19 08:03:08 - [TEST_STEP][PASSED] - if (selenium.isElementPresent("//div/h2[contains(text(),'Ways to Learn More')]")): null

2020-03-19 08:03:08 - [TEST_STEP][PASSED] - break: null

2020-03-19 08:03:08 - [TEST_STEP][PASSED] - callTestCase(findTestCase("AHI/_include/get_screenshot"), [:], STOP_ON_FAILURE): Call Test Case 'Test Cases/AHI/_include/get_screenshot' successfully

2020-03-19 08:03:08 - [TEST_CASE][PASSED] - Test Cases/AHI/_include/get_screenshot: Test Cases/AHI/_include/get_screenshot

2020-03-19 08:03:08 - [TEST_STEP][PASSED] - Thread.sleep(1000): null

2020-03-19 08:03:09 - [TEST_STEP][PASSED] - takeScreenshot(screenPath + i + ".png"): Taking screenshot successfully

2020-03-19 08:03:10 - [MESSAGE][PASSED] - Taking screenshot successfully
[[ATTACHMENT|D:\\Test\\AgileTest\\Reports\\HP\\HP\\20200319_080033\\../Screenshots/iPhone 6/HP/Medicaid Public/20200319_080246/2.png]]

2020-03-19 08:03:10 - [TEST_STEP][PASSED] - (internal.GlobalVariable.i++): null

2020-03-19 08:03:10 - [MESSAGE][PASSED] - Call Test Case 'Test Cases/AHI/_include/get_screenshot' successfully]]></system-out>
         <system-err><![CDATA[]]></system-err>
      </testcase>
      <testcase name="Test Cases/HP/Health Plans/Medicare" classname="Test Cases/HP/Health Plans/Medicare" status="PASSED">
         <system-out><![CDATA[2020-03-19 08:03:10 - [TEST_CASE][PASSED] - Test Cases/HP/Health Plans/Medicare: Test Cases/HP/Health Plans/Medicare

2020-03-19 08:03:10 - [TEST_STEP][PASSED] - now = new java.util.Date(): null

2020-03-19 08:03:10 - [TEST_STEP][PASSED] - mydate = now.format("yyyyMMdd_HHmmss"): null

2020-03-19 08:03:10 - [TEST_STEP][PASSED] - callTestCase(findTestCase("AHI/_include/get_screenPath"), ["productLine":"HP", "carrierName":"Medicare"], CONTINUE_ON_FAILURE): Call Test Case 'Test Cases/AHI/_include/get_screenPath' successfully

2020-03-19 08:03:10 - [TEST_CASE][PASSED] - Test Cases/AHI/_include/get_screenPath: Test Cases/AHI/_include/get_screenPath

2020-03-19 08:03:10 - [TEST_STEP][PASSED] - m = getExecutionProperties(): null

2020-03-19 08:03:10 - [TEST_STEP][PASSED] - deviceName = get("mobileEmulation").get("deviceName"): null

2020-03-19 08:03:10 - [TEST_STEP][PASSED] - println(deviceName): null

2020-03-19 08:03:10 - [TEST_STEP][PASSED] - now = new java.util.Date(): null

2020-03-19 08:03:10 - [TEST_STEP][PASSED] - mydate = now.format("yyyyMMdd_HHmmss"): null

2020-03-19 08:03:10 - [TEST_STEP][PASSED] - screenPath = "../Screenshots/": null

2020-03-19 08:03:10 - [TEST_STEP][PASSED] - screenPath = screenPath + deviceName + "/" + productLine + "/" + carrierName + "/" + mydate + "/": null

2020-03-19 08:03:10 - [TEST_STEP][PASSED] - println(screenPath): null

2020-03-19 08:03:10 - [MESSAGE][PASSED] - Call Test Case 'Test Cases/AHI/_include/get_screenPath' successfully

2020-03-19 08:03:10 - [TEST_STEP][PASSED] - i = 0: null

2020-03-19 08:03:10 - [TEST_STEP][PASSED] - openBrowser(env + "/medicare"): Browser is opened with url: 'http://pengujian.healthpocket.com/medicare'

2020-03-19 08:03:10 - [MESSAGE][WARNING] - A browser is already opened. Closing browser and opening a new one

2020-03-19 08:03:11 - [MESSAGE][INFO] - Starting 'Chrome' driver

2020-03-19 08:03:11 - [MESSAGE][INFO] - User set preference: ['mobileEmulation', '{deviceName=iPhone 6}']

2020-03-19 08:03:11 - [MESSAGE][INFO] - User set preference: ['args', '[--incognito, --aggressive-cache-discard, --window-size=375,677, --no-sandbox, --ignore-certificate-errors]']

2020-03-19 08:03:16 - [MESSAGE][PASSED] - Browser is opened with url: 'http://pengujian.healthpocket.com/medicare'

2020-03-19 08:03:16 - [TEST_STEP][PASSED] - driver = getWebDriver(): null

2020-03-19 08:03:16 - [TEST_STEP][PASSED] - baseUrl = env: null

2020-03-19 08:03:16 - [TEST_STEP][PASSED] - selenium = new com.thoughtworks.selenium.webdriven.WebDriverBackedSelenium(driver, baseUrl): null

2020-03-19 08:03:16 - [TEST_STEP][PASSED] - callTestCase(findTestCase("AHI/_include/get_screenshot"), [:], STOP_ON_FAILURE): Call Test Case 'Test Cases/AHI/_include/get_screenshot' successfully

2020-03-19 08:03:16 - [TEST_CASE][PASSED] - Test Cases/AHI/_include/get_screenshot: Test Cases/AHI/_include/get_screenshot

2020-03-19 08:03:16 - [TEST_STEP][PASSED] - Thread.sleep(1000): null

2020-03-19 08:03:17 - [TEST_STEP][PASSED] - takeScreenshot(screenPath + i + ".png"): Taking screenshot successfully

2020-03-19 08:03:18 - [MESSAGE][PASSED] - Taking screenshot successfully
[[ATTACHMENT|D:\\Test\\AgileTest\\Reports\\HP\\HP\\20200319_080033\\../Screenshots/iPhone 6/HP/Medicare/20200319_080310/0.png]]

2020-03-19 08:03:18 - [TEST_STEP][PASSED] - (internal.GlobalVariable.i++): null

2020-03-19 08:03:18 - [MESSAGE][PASSED] - Call Test Case 'Test Cases/AHI/_include/get_screenshot' successfully

2020-03-19 08:03:18 - [TEST_STEP][PASSED] - selenium.click("id=location"): null

2020-03-19 08:03:18 - [TEST_STEP][PASSED] - selenium.type("id=location", "32209"): null

2020-03-19 08:03:18 - [TEST_STEP][PASSED] - selenium.click("id=findPlans"): null

2020-03-19 08:03:19 - [TEST_STEP][PASSED] - for ([second = 0, second < 60, (second++)]): null

2020-03-19 08:03:19 - [TEST_STEP][PASSED] - try: null

2020-03-19 08:03:19 - [TEST_STEP][PASSED] - if (selenium.isElementPresent("//a[contains(text(),'Select')]")): null

2020-03-19 08:03:19 - [TEST_STEP][PASSED] - Thread.sleep(1000): null

2020-03-19 08:03:20 - [TEST_STEP][PASSED] - try: null

2020-03-19 08:03:20 - [TEST_STEP][PASSED] - if (selenium.isElementPresent("//a[contains(text(),'Select')]")): null

2020-03-19 08:03:22 - [TEST_STEP][PASSED] - break: null

2020-03-19 08:03:22 - [TEST_STEP][PASSED] - callTestCase(findTestCase("AHI/_include/get_screenshot"), [:], STOP_ON_FAILURE): Call Test Case 'Test Cases/AHI/_include/get_screenshot' successfully

2020-03-19 08:03:22 - [TEST_CASE][PASSED] - Test Cases/AHI/_include/get_screenshot: Test Cases/AHI/_include/get_screenshot

2020-03-19 08:03:22 - [TEST_STEP][PASSED] - Thread.sleep(1000): null

2020-03-19 08:03:23 - [TEST_STEP][PASSED] - takeScreenshot(screenPath + i + ".png"): Taking screenshot successfully

2020-03-19 08:03:23 - [MESSAGE][PASSED] - Taking screenshot successfully
[[ATTACHMENT|D:\\Test\\AgileTest\\Reports\\HP\\HP\\20200319_080033\\../Screenshots/iPhone 6/HP/Medicare/20200319_080310/1.png]]

2020-03-19 08:03:23 - [TEST_STEP][PASSED] - (internal.GlobalVariable.i++): null

2020-03-19 08:03:23 - [MESSAGE][PASSED] - Call Test Case 'Test Cases/AHI/_include/get_screenshot' successfully

2020-03-19 08:03:23 - [TEST_STEP][PASSED] - selenium.click("//a[contains(text(),'Select')]"): null

2020-03-19 08:03:24 - [TEST_STEP][PASSED] - for ([second = 0, second < 60, (second++)]): null

2020-03-19 08:03:24 - [TEST_STEP][PASSED] - try: null

2020-03-19 08:03:24 - [TEST_STEP][PASSED] - if (selenium.isElementPresent("//a/h2[contains(text(),'Benefits & Coverage')]")): null

2020-03-19 08:03:24 - [TEST_STEP][PASSED] - Thread.sleep(1000): null

2020-03-19 08:03:25 - [TEST_STEP][PASSED] - try: null

2020-03-19 08:03:25 - [TEST_STEP][PASSED] - if (selenium.isElementPresent("//a/h2[contains(text(),'Benefits & Coverage')]")): null

2020-03-19 08:03:25 - [TEST_STEP][PASSED] - Thread.sleep(1000): null

2020-03-19 08:03:26 - [TEST_STEP][PASSED] - try: null

2020-03-19 08:03:26 - [TEST_STEP][PASSED] - if (selenium.isElementPresent("//a/h2[contains(text(),'Benefits & Coverage')]")): null

2020-03-19 08:03:26 - [TEST_STEP][PASSED] - Thread.sleep(1000): null

2020-03-19 08:03:27 - [TEST_STEP][PASSED] - try: null

2020-03-19 08:03:27 - [TEST_STEP][PASSED] - if (selenium.isElementPresent("//a/h2[contains(text(),'Benefits & Coverage')]")): null

2020-03-19 08:03:28 - [TEST_STEP][PASSED] - Thread.sleep(1000): null

2020-03-19 08:03:29 - [TEST_STEP][PASSED] - try: null

2020-03-19 08:03:29 - [TEST_STEP][PASSED] - if (selenium.isElementPresent("//a/h2[contains(text(),'Benefits & Coverage')]")): null

2020-03-19 08:03:29 - [TEST_STEP][PASSED] - break: null

2020-03-19 08:03:29 - [TEST_STEP][PASSED] - callTestCase(findTestCase("AHI/_include/get_screenshot"), [:], STOP_ON_FAILURE): Call Test Case 'Test Cases/AHI/_include/get_screenshot' successfully

2020-03-19 08:03:29 - [TEST_CASE][PASSED] - Test Cases/AHI/_include/get_screenshot: Test Cases/AHI/_include/get_screenshot

2020-03-19 08:03:29 - [TEST_STEP][PASSED] - Thread.sleep(1000): null

2020-03-19 08:03:30 - [TEST_STEP][PASSED] - takeScreenshot(screenPath + i + ".png"): Taking screenshot successfully

2020-03-19 08:03:30 - [MESSAGE][PASSED] - Taking screenshot successfully
[[ATTACHMENT|D:\\Test\\AgileTest\\Reports\\HP\\HP\\20200319_080033\\../Screenshots/iPhone 6/HP/Medicare/20200319_080310/2.png]]

2020-03-19 08:03:30 - [TEST_STEP][PASSED] - (internal.GlobalVariable.i++): null

2020-03-19 08:03:30 - [MESSAGE][PASSED] - Call Test Case 'Test Cases/AHI/_include/get_screenshot' successfully]]></system-out>
         <system-err><![CDATA[]]></system-err>
      </testcase>
      <testcase name="Test Cases/HP/Health Plans/Medigap" classname="Test Cases/HP/Health Plans/Medigap" status="PASSED">
         <system-out><![CDATA[2020-03-19 08:03:30 - [TEST_CASE][PASSED] - Test Cases/HP/Health Plans/Medigap: Test Cases/HP/Health Plans/Medigap

2020-03-19 08:03:30 - [TEST_STEP][PASSED] - now = new java.util.Date(): null

2020-03-19 08:03:30 - [TEST_STEP][PASSED] - mydate = now.format("yyyyMMdd_HHmmss"): null

2020-03-19 08:03:30 - [TEST_STEP][PASSED] - i = 0: null

2020-03-19 08:03:30 - [TEST_STEP][PASSED] - callTestCase(findTestCase("AHI/_include/get_screenPath"), ["productLine":"HP", "carrierName":"Medigap"], CONTINUE_ON_FAILURE): Call Test Case 'Test Cases/AHI/_include/get_screenPath' successfully

2020-03-19 08:03:31 - [TEST_CASE][PASSED] - Test Cases/AHI/_include/get_screenPath: Test Cases/AHI/_include/get_screenPath

2020-03-19 08:03:31 - [TEST_STEP][PASSED] - m = getExecutionProperties(): null

2020-03-19 08:03:31 - [TEST_STEP][PASSED] - deviceName = get("mobileEmulation").get("deviceName"): null

2020-03-19 08:03:31 - [TEST_STEP][PASSED] - println(deviceName): null

2020-03-19 08:03:31 - [TEST_STEP][PASSED] - now = new java.util.Date(): null

2020-03-19 08:03:31 - [TEST_STEP][PASSED] - mydate = now.format("yyyyMMdd_HHmmss"): null

2020-03-19 08:03:31 - [TEST_STEP][PASSED] - screenPath = "../Screenshots/": null

2020-03-19 08:03:31 - [TEST_STEP][PASSED] - screenPath = screenPath + deviceName + "/" + productLine + "/" + carrierName + "/" + mydate + "/": null

2020-03-19 08:03:31 - [TEST_STEP][PASSED] - println(screenPath): null

2020-03-19 08:03:31 - [MESSAGE][PASSED] - Call Test Case 'Test Cases/AHI/_include/get_screenPath' successfully

2020-03-19 08:03:31 - [TEST_STEP][PASSED] - second = <not implemented yet for class: org.codehaus.groovy.ast.expr.EmptyExpression>: null

2020-03-19 08:03:31 - [TEST_STEP][PASSED] - openBrowser(env + "/medicare-medigap"): Browser is opened with url: 'http://pengujian.healthpocket.com/medicare-medigap'

2020-03-19 08:03:31 - [MESSAGE][WARNING] - A browser is already opened. Closing browser and opening a new one

2020-03-19 08:03:32 - [MESSAGE][INFO] - Starting 'Chrome' driver

2020-03-19 08:03:32 - [MESSAGE][INFO] - User set preference: ['mobileEmulation', '{deviceName=iPhone 6}']

2020-03-19 08:03:32 - [MESSAGE][INFO] - User set preference: ['args', '[--incognito, --aggressive-cache-discard, --window-size=375,677, --no-sandbox, --ignore-certificate-errors]']

2020-03-19 08:03:37 - [MESSAGE][PASSED] - Browser is opened with url: 'http://pengujian.healthpocket.com/medicare-medigap'

2020-03-19 08:03:37 - [TEST_STEP][PASSED] - Thread.sleep(3000): null

2020-03-19 08:03:40 - [TEST_STEP][PASSED] - driver = getWebDriver(): null

2020-03-19 08:03:40 - [TEST_STEP][PASSED] - baseUrl = env: null

2020-03-19 08:03:40 - [TEST_STEP][PASSED] - selenium = new com.thoughtworks.selenium.webdriven.WebDriverBackedSelenium(driver, baseUrl): null

2020-03-19 08:03:40 - [TEST_STEP][PASSED] - for ([second = 0, second < 10, (second++)]): null

2020-03-19 08:03:40 - [TEST_STEP][PASSED] - try: null

2020-03-19 08:03:40 - [TEST_STEP][PASSED] - if (selenium.isElementPresent("id=location")): null

2020-03-19 08:03:40 - [TEST_STEP][PASSED] - break: null

2020-03-19 08:03:40 - [TEST_STEP][PASSED] - callTestCase(findTestCase("AHI/_include/get_screenshot"), [:], STOP_ON_FAILURE): Call Test Case 'Test Cases/AHI/_include/get_screenshot' successfully

2020-03-19 08:03:40 - [TEST_CASE][PASSED] - Test Cases/AHI/_include/get_screenshot: Test Cases/AHI/_include/get_screenshot

2020-03-19 08:03:40 - [TEST_STEP][PASSED] - Thread.sleep(1000): null

2020-03-19 08:03:41 - [TEST_STEP][PASSED] - takeScreenshot(screenPath + i + ".png"): Taking screenshot successfully

2020-03-19 08:03:43 - [MESSAGE][PASSED] - Taking screenshot successfully
[[ATTACHMENT|D:\\Test\\AgileTest\\Reports\\HP\\HP\\20200319_080033\\../Screenshots/iPhone 6/HP/Medigap/20200319_080331/0.png]]

2020-03-19 08:03:43 - [TEST_STEP][PASSED] - (internal.GlobalVariable.i++): null

2020-03-19 08:03:43 - [MESSAGE][PASSED] - Call Test Case 'Test Cases/AHI/_include/get_screenshot' successfully

2020-03-19 08:03:43 - [TEST_STEP][PASSED] - selenium.type("id=location", "32209"): null

2020-03-19 08:03:43 - [TEST_STEP][PASSED] - selenium.click("id=findPlans"): null

2020-03-19 08:03:43 - [TEST_STEP][PASSED] - for ([second = 0, second < 10, (second++)]): null

2020-03-19 08:03:43 - [TEST_STEP][PASSED] - try: null

2020-03-19 08:03:43 - [TEST_STEP][PASSED] - if (selenium.isElementPresent("//a[contains(text(),'Select')]")): null

2020-03-19 08:03:47 - [TEST_STEP][PASSED] - break: null

2020-03-19 08:03:47 - [TEST_STEP][PASSED] - callTestCase(findTestCase("AHI/_include/get_screenshot"), [:], STOP_ON_FAILURE): Call Test Case 'Test Cases/AHI/_include/get_screenshot' successfully

2020-03-19 08:03:47 - [TEST_CASE][PASSED] - Test Cases/AHI/_include/get_screenshot: Test Cases/AHI/_include/get_screenshot

2020-03-19 08:03:47 - [TEST_STEP][PASSED] - Thread.sleep(1000): null

2020-03-19 08:03:48 - [TEST_STEP][PASSED] - takeScreenshot(screenPath + i + ".png"): Taking screenshot successfully

2020-03-19 08:03:49 - [MESSAGE][PASSED] - Taking screenshot successfully
[[ATTACHMENT|D:\\Test\\AgileTest\\Reports\\HP\\HP\\20200319_080033\\../Screenshots/iPhone 6/HP/Medigap/20200319_080331/1.png]]

2020-03-19 08:03:49 - [TEST_STEP][PASSED] - (internal.GlobalVariable.i++): null

2020-03-19 08:03:49 - [MESSAGE][PASSED] - Call Test Case 'Test Cases/AHI/_include/get_screenshot' successfully

2020-03-19 08:03:49 - [TEST_STEP][PASSED] - selenium.click("//a[contains(text(),'Select')]"): null

2020-03-19 08:03:49 - [TEST_STEP][PASSED] - for ([second = 0, second < 60, (second++)]): null

2020-03-19 08:03:49 - [TEST_STEP][PASSED] - try: null

2020-03-19 08:03:49 - [TEST_STEP][PASSED] - if (selenium.isElementPresent("//a/h2[contains(text(),'Plan Benefits')]")): null

2020-03-19 08:03:49 - [TEST_STEP][PASSED] - Thread.sleep(1000): null

2020-03-19 08:03:50 - [TEST_STEP][PASSED] - try: null

2020-03-19 08:03:50 - [TEST_STEP][PASSED] - if (selenium.isElementPresent("//a/h2[contains(text(),'Plan Benefits')]")): null

2020-03-19 08:03:52 - [TEST_STEP][PASSED] - Thread.sleep(1000): null

2020-03-19 08:03:53 - [TEST_STEP][PASSED] - try: null

2020-03-19 08:03:53 - [TEST_STEP][PASSED] - if (selenium.isElementPresent("//a/h2[contains(text(),'Plan Benefits')]")): null

2020-03-19 08:03:53 - [TEST_STEP][PASSED] - break: null

2020-03-19 08:03:53 - [TEST_STEP][PASSED] - callTestCase(findTestCase("AHI/_include/get_screenshot"), [:], STOP_ON_FAILURE): Call Test Case 'Test Cases/AHI/_include/get_screenshot' successfully

2020-03-19 08:03:53 - [TEST_CASE][PASSED] - Test Cases/AHI/_include/get_screenshot: Test Cases/AHI/_include/get_screenshot

2020-03-19 08:03:53 - [TEST_STEP][PASSED] - Thread.sleep(1000): null

2020-03-19 08:03:54 - [TEST_STEP][PASSED] - takeScreenshot(screenPath + i + ".png"): Taking screenshot successfully

2020-03-19 08:03:55 - [MESSAGE][PASSED] - Taking screenshot successfully
[[ATTACHMENT|D:\\Test\\AgileTest\\Reports\\HP\\HP\\20200319_080033\\../Screenshots/iPhone 6/HP/Medigap/20200319_080331/2.png]]

2020-03-19 08:03:55 - [TEST_STEP][PASSED] - (internal.GlobalVariable.i++): null

2020-03-19 08:03:55 - [MESSAGE][PASSED] - Call Test Case 'Test Cases/AHI/_include/get_screenshot' successfully]]></system-out>
         <system-err><![CDATA[]]></system-err>
      </testcase>
      <testcase name="Test Cases/HP/Health Plans/Small Business" classname="Test Cases/HP/Health Plans/Small Business" status="PASSED">
         <system-out><![CDATA[2020-03-19 08:03:55 - [TEST_CASE][PASSED] - Test Cases/HP/Health Plans/Small Business: Test Cases/HP/Health Plans/Small Business

2020-03-19 08:03:55 - [TEST_STEP][PASSED] - now = new java.util.Date(): null

2020-03-19 08:03:55 - [TEST_STEP][PASSED] - mydate = now.format("yyyyMMdd_HHmmss"): null

2020-03-19 08:03:55 - [TEST_STEP][PASSED] - i = 0: null

2020-03-19 08:03:55 - [TEST_STEP][PASSED] - callTestCase(findTestCase("AHI/_include/get_screenPath"), ["productLine":"HP", "carrierName":"Small Business"], CONTINUE_ON_FAILURE): Call Test Case 'Test Cases/AHI/_include/get_screenPath' successfully

2020-03-19 08:03:55 - [TEST_CASE][PASSED] - Test Cases/AHI/_include/get_screenPath: Test Cases/AHI/_include/get_screenPath

2020-03-19 08:03:55 - [TEST_STEP][PASSED] - m = getExecutionProperties(): null

2020-03-19 08:03:55 - [TEST_STEP][PASSED] - deviceName = get("mobileEmulation").get("deviceName"): null

2020-03-19 08:03:55 - [TEST_STEP][PASSED] - println(deviceName): null

2020-03-19 08:03:55 - [TEST_STEP][PASSED] - now = new java.util.Date(): null

2020-03-19 08:03:55 - [TEST_STEP][PASSED] - mydate = now.format("yyyyMMdd_HHmmss"): null

2020-03-19 08:03:55 - [TEST_STEP][PASSED] - screenPath = "../Screenshots/": null

2020-03-19 08:03:55 - [TEST_STEP][PASSED] - screenPath = screenPath + deviceName + "/" + productLine + "/" + carrierName + "/" + mydate + "/": null

2020-03-19 08:03:55 - [TEST_STEP][PASSED] - println(screenPath): null

2020-03-19 08:03:55 - [MESSAGE][PASSED] - Call Test Case 'Test Cases/AHI/_include/get_screenPath' successfully

2020-03-19 08:03:55 - [TEST_STEP][PASSED] - second = <not implemented yet for class: org.codehaus.groovy.ast.expr.EmptyExpression>: null

2020-03-19 08:03:55 - [TEST_STEP][PASSED] - openBrowser(env + "/small-business-health-insurance"): Browser is opened with url: 'http://pengujian.healthpocket.com/small-business-health-insurance'

2020-03-19 08:03:55 - [MESSAGE][WARNING] - A browser is already opened. Closing browser and opening a new one

2020-03-19 08:03:56 - [MESSAGE][INFO] - Starting 'Chrome' driver

2020-03-19 08:03:56 - [MESSAGE][INFO] - User set preference: ['mobileEmulation', '{deviceName=iPhone 6}']

2020-03-19 08:03:56 - [MESSAGE][INFO] - User set preference: ['args', '[--incognito, --aggressive-cache-discard, --window-size=375,677, --no-sandbox, --ignore-certificate-errors]']

2020-03-19 08:04:01 - [MESSAGE][PASSED] - Browser is opened with url: 'http://pengujian.healthpocket.com/small-business-health-insurance'

2020-03-19 08:04:01 - [TEST_STEP][PASSED] - Thread.sleep(3000): null

2020-03-19 08:04:04 - [TEST_STEP][PASSED] - driver = getWebDriver(): null

2020-03-19 08:04:04 - [TEST_STEP][PASSED] - baseUrl = env: null

2020-03-19 08:04:04 - [TEST_STEP][PASSED] - selenium = new com.thoughtworks.selenium.webdriven.WebDriverBackedSelenium(driver, baseUrl): null

2020-03-19 08:04:04 - [TEST_STEP][PASSED] - for ([second = 0, second < 10, (second++)]): null

2020-03-19 08:04:04 - [TEST_STEP][PASSED] - try: null

2020-03-19 08:04:04 - [TEST_STEP][PASSED] - if (selenium.isElementPresent("id=location")): null

2020-03-19 08:04:05 - [TEST_STEP][PASSED] - break: null

2020-03-19 08:04:05 - [TEST_STEP][PASSED] - callTestCase(findTestCase("AHI/_include/get_screenshot"), [:], STOP_ON_FAILURE): Call Test Case 'Test Cases/AHI/_include/get_screenshot' successfully

2020-03-19 08:04:05 - [TEST_CASE][PASSED] - Test Cases/AHI/_include/get_screenshot: Test Cases/AHI/_include/get_screenshot

2020-03-19 08:04:05 - [TEST_STEP][PASSED] - Thread.sleep(1000): null

2020-03-19 08:04:06 - [TEST_STEP][PASSED] - takeScreenshot(screenPath + i + ".png"): Taking screenshot successfully

2020-03-19 08:04:07 - [MESSAGE][PASSED] - Taking screenshot successfully
[[ATTACHMENT|D:\\Test\\AgileTest\\Reports\\HP\\HP\\20200319_080033\\../Screenshots/iPhone 6/HP/Small Business/20200319_080355/0.png]]

2020-03-19 08:04:07 - [TEST_STEP][PASSED] - (internal.GlobalVariable.i++): null

2020-03-19 08:04:07 - [MESSAGE][PASSED] - Call Test Case 'Test Cases/AHI/_include/get_screenshot' successfully

2020-03-19 08:04:07 - [TEST_STEP][PASSED] - selenium.type("id=location", "32209"): null

2020-03-19 08:04:07 - [TEST_STEP][PASSED] - selenium.click("id=findPlans"): null

2020-03-19 08:04:07 - [TEST_STEP][PASSED] - for ([second = 0, second < 10, (second++)]): null

2020-03-19 08:04:07 - [TEST_STEP][PASSED] - try: null

2020-03-19 08:04:07 - [TEST_STEP][PASSED] - if (selenium.isElementPresent("//a[contains(text(),'Select')]")): null

2020-03-19 08:04:07 - [TEST_STEP][PASSED] - Thread.sleep(1000): null

2020-03-19 08:04:09 - [TEST_STEP][PASSED] - try: null

2020-03-19 08:04:09 - [TEST_STEP][PASSED] - if (selenium.isElementPresent("//a[contains(text(),'Select')]")): null

2020-03-19 08:04:11 - [TEST_STEP][PASSED] - break: null

2020-03-19 08:04:11 - [TEST_STEP][PASSED] - callTestCase(findTestCase("AHI/_include/get_screenshot"), [:], STOP_ON_FAILURE): Call Test Case 'Test Cases/AHI/_include/get_screenshot' successfully

2020-03-19 08:04:11 - [TEST_CASE][PASSED] - Test Cases/AHI/_include/get_screenshot: Test Cases/AHI/_include/get_screenshot

2020-03-19 08:04:11 - [TEST_STEP][PASSED] - Thread.sleep(1000): null

2020-03-19 08:04:12 - [TEST_STEP][PASSED] - takeScreenshot(screenPath + i + ".png"): Taking screenshot successfully

2020-03-19 08:04:13 - [MESSAGE][PASSED] - Taking screenshot successfully
[[ATTACHMENT|D:\\Test\\AgileTest\\Reports\\HP\\HP\\20200319_080033\\../Screenshots/iPhone 6/HP/Small Business/20200319_080355/1.png]]

2020-03-19 08:04:13 - [TEST_STEP][PASSED] - (internal.GlobalVariable.i++): null

2020-03-19 08:04:13 - [MESSAGE][PASSED] - Call Test Case 'Test Cases/AHI/_include/get_screenshot' successfully

2020-03-19 08:04:13 - [TEST_STEP][PASSED] - selenium.click("//a[contains(text(),'Select')]"): null

2020-03-19 08:04:16 - [TEST_STEP][PASSED] - for ([second = 0, second < 60, (second++)]): null

2020-03-19 08:04:16 - [TEST_STEP][PASSED] - try: null

2020-03-19 08:04:16 - [TEST_STEP][PASSED] - if (selenium.isElementPresent("//div/h2[contains(text(),'Ways to Enroll or Learn More')]")): null

2020-03-19 08:04:16 - [TEST_STEP][PASSED] - break: null

2020-03-19 08:04:16 - [TEST_STEP][PASSED] - callTestCase(findTestCase("AHI/_include/get_screenshot"), [:], STOP_ON_FAILURE): Call Test Case 'Test Cases/AHI/_include/get_screenshot' successfully

2020-03-19 08:04:16 - [TEST_CASE][PASSED] - Test Cases/AHI/_include/get_screenshot: Test Cases/AHI/_include/get_screenshot

2020-03-19 08:04:16 - [TEST_STEP][PASSED] - Thread.sleep(1000): null

2020-03-19 08:04:17 - [TEST_STEP][PASSED] - takeScreenshot(screenPath + i + ".png"): Taking screenshot successfully

2020-03-19 08:04:18 - [MESSAGE][PASSED] - Taking screenshot successfully
[[ATTACHMENT|D:\\Test\\AgileTest\\Reports\\HP\\HP\\20200319_080033\\../Screenshots/iPhone 6/HP/Small Business/20200319_080355/2.png]]

2020-03-19 08:04:18 - [TEST_STEP][PASSED] - (internal.GlobalVariable.i++): null

2020-03-19 08:04:18 - [MESSAGE][PASSED] - Call Test Case 'Test Cases/AHI/_include/get_screenshot' successfully]]></system-out>
         <system-err><![CDATA[]]></system-err>
      </testcase>
      <testcase name="Test Cases/HP/Health Plans/STM" classname="Test Cases/HP/Health Plans/STM" status="PASSED">
         <system-out><![CDATA[2020-03-19 08:04:18 - [TEST_CASE][PASSED] - Test Cases/HP/Health Plans/STM: Test Cases/HP/Health Plans/STM

2020-03-19 08:04:19 - [TEST_STEP][PASSED] - now = new java.util.Date(): null

2020-03-19 08:04:19 - [TEST_STEP][PASSED] - mydate = now.format("yyyyMMdd_HHmmss"): null

2020-03-19 08:04:19 - [TEST_STEP][PASSED] - callTestCase(findTestCase("AHI/_include/get_screenPath"), ["productLine":"HP", "carrierName":"STM"], CONTINUE_ON_FAILURE): Call Test Case 'Test Cases/AHI/_include/get_screenPath' successfully

2020-03-19 08:04:19 - [TEST_CASE][PASSED] - Test Cases/AHI/_include/get_screenPath: Test Cases/AHI/_include/get_screenPath

2020-03-19 08:04:19 - [TEST_STEP][PASSED] - m = getExecutionProperties(): null

2020-03-19 08:04:19 - [TEST_STEP][PASSED] - deviceName = get("mobileEmulation").get("deviceName"): null

2020-03-19 08:04:19 - [TEST_STEP][PASSED] - println(deviceName): null

2020-03-19 08:04:19 - [TEST_STEP][PASSED] - now = new java.util.Date(): null

2020-03-19 08:04:19 - [TEST_STEP][PASSED] - mydate = now.format("yyyyMMdd_HHmmss"): null

2020-03-19 08:04:19 - [TEST_STEP][PASSED] - screenPath = "../Screenshots/": null

2020-03-19 08:04:19 - [TEST_STEP][PASSED] - screenPath = screenPath + deviceName + "/" + productLine + "/" + carrierName + "/" + mydate + "/": null

2020-03-19 08:04:19 - [TEST_STEP][PASSED] - println(screenPath): null

2020-03-19 08:04:19 - [MESSAGE][PASSED] - Call Test Case 'Test Cases/AHI/_include/get_screenPath' successfully

2020-03-19 08:04:19 - [TEST_STEP][PASSED] - i = 0: null

2020-03-19 08:04:19 - [TEST_STEP][PASSED] - openBrowser(env + "/short-term-health-insurance"): Browser is opened with url: 'http://pengujian.healthpocket.com/short-term-health-insurance'

2020-03-19 08:04:19 - [MESSAGE][WARNING] - A browser is already opened. Closing browser and opening a new one

2020-03-19 08:04:20 - [MESSAGE][INFO] - Starting 'Chrome' driver

2020-03-19 08:04:20 - [MESSAGE][INFO] - User set preference: ['mobileEmulation', '{deviceName=iPhone 6}']

2020-03-19 08:04:20 - [MESSAGE][INFO] - User set preference: ['args', '[--incognito, --aggressive-cache-discard, --window-size=375,677, --no-sandbox, --ignore-certificate-errors]']

2020-03-19 08:04:27 - [MESSAGE][PASSED] - Browser is opened with url: 'http://pengujian.healthpocket.com/short-term-health-insurance'

2020-03-19 08:04:27 - [TEST_STEP][PASSED] - driver = getWebDriver(): null

2020-03-19 08:04:27 - [TEST_STEP][PASSED] - baseUrl = env: null

2020-03-19 08:04:27 - [TEST_STEP][PASSED] - selenium = new com.thoughtworks.selenium.webdriven.WebDriverBackedSelenium(driver, baseUrl): null

2020-03-19 08:04:27 - [TEST_STEP][PASSED] - selenium.click("id=location"): null

2020-03-19 08:04:28 - [TEST_STEP][PASSED] - selenium.type("id=location", "32209"): null

2020-03-19 08:04:28 - [TEST_STEP][PASSED] - callTestCase(findTestCase("AHI/_include/get_screenshot"), [:], STOP_ON_FAILURE): Call Test Case 'Test Cases/AHI/_include/get_screenshot' successfully

2020-03-19 08:04:28 - [TEST_CASE][PASSED] - Test Cases/AHI/_include/get_screenshot: Test Cases/AHI/_include/get_screenshot

2020-03-19 08:04:28 - [TEST_STEP][PASSED] - Thread.sleep(1000): null

2020-03-19 08:04:29 - [TEST_STEP][PASSED] - takeScreenshot(screenPath + i + ".png"): Taking screenshot successfully

2020-03-19 08:04:29 - [MESSAGE][PASSED] - Taking screenshot successfully
[[ATTACHMENT|D:\\Test\\AgileTest\\Reports\\HP\\HP\\20200319_080033\\../Screenshots/iPhone 6/HP/STM/20200319_080419/0.png]]

2020-03-19 08:04:29 - [TEST_STEP][PASSED] - (internal.GlobalVariable.i++): null

2020-03-19 08:04:29 - [MESSAGE][PASSED] - Call Test Case 'Test Cases/AHI/_include/get_screenshot' successfully

2020-03-19 08:04:29 - [TEST_STEP][PASSED] - selenium.click("id=findPlans"): null

2020-03-19 08:04:30 - [TEST_STEP][PASSED] - for ([second = 0, second < 10, (second++)]): null

2020-03-19 08:04:30 - [TEST_STEP][PASSED] - try: null

2020-03-19 08:04:30 - [TEST_STEP][PASSED] - if (selenium.isElementPresent("//a[contains(text(),'Select')]")): null

2020-03-19 08:04:30 - [TEST_STEP][PASSED] - Thread.sleep(1000): null

2020-03-19 08:04:31 - [TEST_STEP][PASSED] - try: null

2020-03-19 08:04:31 - [TEST_STEP][PASSED] - if (selenium.isElementPresent("//a[contains(text(),'Select')]")): null

2020-03-19 08:04:31 - [TEST_STEP][PASSED] - Thread.sleep(1000): null

2020-03-19 08:04:32 - [TEST_STEP][PASSED] - try: null

2020-03-19 08:04:32 - [TEST_STEP][PASSED] - if (selenium.isElementPresent("//a[contains(text(),'Select')]")): null

2020-03-19 08:04:32 - [TEST_STEP][PASSED] - Thread.sleep(1000): null

2020-03-19 08:04:33 - [TEST_STEP][PASSED] - try: null

2020-03-19 08:04:33 - [TEST_STEP][PASSED] - if (selenium.isElementPresent("//a[contains(text(),'Select')]")): null

2020-03-19 08:04:33 - [TEST_STEP][PASSED] - Thread.sleep(1000): null

2020-03-19 08:04:34 - [TEST_STEP][PASSED] - try: null

2020-03-19 08:04:34 - [TEST_STEP][PASSED] - if (selenium.isElementPresent("//a[contains(text(),'Select')]")): null

2020-03-19 08:04:34 - [TEST_STEP][PASSED] - Thread.sleep(1000): null

2020-03-19 08:04:35 - [TEST_STEP][PASSED] - try: null

2020-03-19 08:04:35 - [TEST_STEP][PASSED] - if (selenium.isElementPresent("//a[contains(text(),'Select')]")): null

2020-03-19 08:04:35 - [TEST_STEP][PASSED] - Thread.sleep(1000): null

2020-03-19 08:04:36 - [TEST_STEP][PASSED] - try: null

2020-03-19 08:04:36 - [TEST_STEP][PASSED] - if (selenium.isElementPresent("//a[contains(text(),'Select')]")): null

2020-03-19 08:04:36 - [TEST_STEP][PASSED] - Thread.sleep(1000): null

2020-03-19 08:04:37 - [TEST_STEP][PASSED] - try: null

2020-03-19 08:04:37 - [TEST_STEP][PASSED] - if (selenium.isElementPresent("//a[contains(text(),'Select')]")): null

2020-03-19 08:04:37 - [TEST_STEP][PASSED] - Thread.sleep(1000): null

2020-03-19 08:04:38 - [TEST_STEP][PASSED] - try: null

2020-03-19 08:04:38 - [TEST_STEP][PASSED] - if (selenium.isElementPresent("//a[contains(text(),'Select')]")): null

2020-03-19 08:04:38 - [TEST_STEP][PASSED] - Thread.sleep(1000): null

2020-03-19 08:04:39 - [TEST_STEP][PASSED] - try: null

2020-03-19 08:04:39 - [TEST_STEP][PASSED] - if (selenium.isElementPresent("//a[contains(text(),'Select')]")): null

2020-03-19 08:04:39 - [TEST_STEP][PASSED] - Thread.sleep(1000): null

2020-03-19 08:04:40 - [TEST_STEP][PASSED] - callTestCase(findTestCase("AHI/_include/get_screenshot"), [:], STOP_ON_FAILURE): Call Test Case 'Test Cases/AHI/_include/get_screenshot' successfully

2020-03-19 08:04:40 - [TEST_CASE][PASSED] - Test Cases/AHI/_include/get_screenshot: Test Cases/AHI/_include/get_screenshot

2020-03-19 08:04:40 - [TEST_STEP][PASSED] - Thread.sleep(1000): null

2020-03-19 08:04:41 - [TEST_STEP][PASSED] - takeScreenshot(screenPath + i + ".png"): Taking screenshot successfully

2020-03-19 08:04:42 - [MESSAGE][PASSED] - Taking screenshot successfully
[[ATTACHMENT|D:\\Test\\AgileTest\\Reports\\HP\\HP\\20200319_080033\\../Screenshots/iPhone 6/HP/STM/20200319_080419/1.png]]

2020-03-19 08:04:42 - [TEST_STEP][PASSED] - (internal.GlobalVariable.i++): null

2020-03-19 08:04:42 - [MESSAGE][PASSED] - Call Test Case 'Test Cases/AHI/_include/get_screenshot' successfully]]></system-out>
         <system-err><![CDATA[]]></system-err>
      </testcase>
      <testcase name="Test Cases/HP/Home/Home" classname="Test Cases/HP/Home/Home" status="PASSED">
         <system-out><![CDATA[2020-03-19 08:04:42 - [TEST_CASE][PASSED] - Test Cases/HP/Home/Home: Test Cases/HP/Home/Home

2020-03-19 08:04:42 - [TEST_STEP][PASSED] - now = new java.util.Date(): null

2020-03-19 08:04:42 - [TEST_STEP][PASSED] - mydate = now.format("yyyyMMdd_HHmmss"): null

2020-03-19 08:04:42 - [TEST_STEP][PASSED] - callTestCase(findTestCase("AHI/_include/get_screenPath"), ["productLine":"HP", "carrierName":"Home"], CONTINUE_ON_FAILURE): Call Test Case 'Test Cases/AHI/_include/get_screenPath' successfully

2020-03-19 08:04:42 - [TEST_CASE][PASSED] - Test Cases/AHI/_include/get_screenPath: Test Cases/AHI/_include/get_screenPath

2020-03-19 08:04:42 - [TEST_STEP][PASSED] - m = getExecutionProperties(): null

2020-03-19 08:04:42 - [TEST_STEP][PASSED] - deviceName = get("mobileEmulation").get("deviceName"): null

2020-03-19 08:04:42 - [TEST_STEP][PASSED] - println(deviceName): null

2020-03-19 08:04:42 - [TEST_STEP][PASSED] - now = new java.util.Date(): null

2020-03-19 08:04:42 - [TEST_STEP][PASSED] - mydate = now.format("yyyyMMdd_HHmmss"): null

2020-03-19 08:04:42 - [TEST_STEP][PASSED] - screenPath = "../Screenshots/": null

2020-03-19 08:04:42 - [TEST_STEP][PASSED] - screenPath = screenPath + deviceName + "/" + productLine + "/" + carrierName + "/" + mydate + "/": null

2020-03-19 08:04:42 - [TEST_STEP][PASSED] - println(screenPath): null

2020-03-19 08:04:42 - [MESSAGE][PASSED] - Call Test Case 'Test Cases/AHI/_include/get_screenPath' successfully

2020-03-19 08:04:42 - [TEST_STEP][PASSED] - i = 0: null

2020-03-19 08:04:42 - [TEST_STEP][PASSED] - openBrowser(env): Browser is opened with url: 'http://pengujian.healthpocket.com'

2020-03-19 08:04:42 - [MESSAGE][WARNING] - A browser is already opened. Closing browser and opening a new one

2020-03-19 08:04:43 - [MESSAGE][INFO] - Starting 'Chrome' driver

2020-03-19 08:04:43 - [MESSAGE][INFO] - User set preference: ['mobileEmulation', '{deviceName=iPhone 6}']

2020-03-19 08:04:43 - [MESSAGE][INFO] - User set preference: ['args', '[--incognito, --aggressive-cache-discard, --window-size=375,677, --no-sandbox, --ignore-certificate-errors]']

2020-03-19 08:04:48 - [MESSAGE][PASSED] - Browser is opened with url: 'http://pengujian.healthpocket.com'

2020-03-19 08:04:48 - [TEST_STEP][PASSED] - Thread.sleep(3000): null

2020-03-19 08:04:51 - [TEST_STEP][PASSED] - callTestCase(findTestCase("AHI/_include/get_screenshot"), [:], STOP_ON_FAILURE): Call Test Case 'Test Cases/AHI/_include/get_screenshot' successfully

2020-03-19 08:04:51 - [TEST_CASE][PASSED] - Test Cases/AHI/_include/get_screenshot: Test Cases/AHI/_include/get_screenshot

2020-03-19 08:04:51 - [TEST_STEP][PASSED] - Thread.sleep(1000): null

2020-03-19 08:04:52 - [TEST_STEP][PASSED] - takeScreenshot(screenPath + i + ".png"): Taking screenshot successfully

2020-03-19 08:04:52 - [MESSAGE][PASSED] - Taking screenshot successfully
[[ATTACHMENT|D:\\Test\\AgileTest\\Reports\\HP\\HP\\20200319_080033\\../Screenshots/iPhone 6/HP/Home/20200319_080442/0.png]]

2020-03-19 08:04:52 - [TEST_STEP][PASSED] - (internal.GlobalVariable.i++): null

2020-03-19 08:04:52 - [MESSAGE][PASSED] - Call Test Case 'Test Cases/AHI/_include/get_screenshot' successfully]]></system-out>
         <system-err><![CDATA[]]></system-err>
      </testcase>
      <system-out><![CDATA[2020-03-19 08:00:39 - [TEST_SUITE][PASSED] - HP: Test Cases/HP/Home/Home]]></system-out>
      <system-err><![CDATA[]]></system-err>
   </testsuite>
</testsuites>
