<?xml version="1.0" encoding="UTF-8"?>
<testsuites name="dental" time="332" tests="3" failures="0" errors="0">
   <testsuite name="dental" tests="3" failures="0" errors="0" time="332" timestamp="2019-09-29 08:00:54" hostname="Administrator - 172.30.0.53" id="Test Suites/mobileWeb/dental">
      <properties>
         <property name="deviceName" value=""/>
         <property name="devicePlatform" value=""/>
         <property name="logFolder" value="D:\\Test\\AgileTest\\Reports\\mobileWeb\\dental\\20190929_080046"/>
         <property name="logFiles" value="D:\\Test\\AgileTest\\Reports\\mobileWeb\\dental\\20190929_080046\\execution0.log"/>
         <property name="attachments" value="D:\\Test\\AgileTest\\Reports\\mobileWeb\\dental\\20190929_080046\\../Screenshots/iPhone 6/dental/National General/20190929_080102/0.png, D:\\Test\\AgileTest\\Reports\\mobileWeb\\dental\\20190929_080046\\../Screenshots/iPhone 6/dental/National General/20190929_080102/1.png, D:\\Test\\AgileTest\\Reports\\mobileWeb\\dental\\20190929_080046\\../Screenshots/iPhone 6/dental/National General/20190929_080102/2.png, D:\\Test\\AgileTest\\Reports\\mobileWeb\\dental\\20190929_080046\\../Screenshots/iPhone 6/dental/National General/20190929_080102/3.png, D:\\Test\\AgileTest\\Reports\\mobileWeb\\dental\\20190929_080046\\../Screenshots/iPhone 6/dental/National General/20190929_080102/4.png, D:\\Test\\AgileTest\\Reports\\mobileWeb\\dental\\20190929_080046\\../Screenshots/iPhone 6/dental/National General/20190929_080102/5.png, D:\\Test\\AgileTest\\Reports\\mobileWeb\\dental\\20190929_080046\\../Screenshots/iPhone 6/dental/National General/20190929_080102/6.png, D:\\Test\\AgileTest\\Reports\\mobileWeb\\dental\\20190929_080046\\../Screenshots/iPhone 6/dental/National General/20190929_080102/7.png, D:\\Test\\AgileTest\\Reports\\mobileWeb\\dental\\20190929_080046\\../Screenshots/iPhone 6/dental/National General/20190929_080102/8.png, D:\\Test\\AgileTest\\Reports\\mobileWeb\\dental\\20190929_080046\\../Screenshots/iPhone 6/dental/National General/20190929_080102/9.png, D:\\Test\\AgileTest\\Reports\\mobileWeb\\dental\\20190929_080046\\../Screenshots/iPhone 6/dental/Nationwide/20190929_080309/0.png, D:\\Test\\AgileTest\\Reports\\mobileWeb\\dental\\20190929_080046\\../Screenshots/iPhone 6/dental/Nationwide/20190929_080309/1.png, D:\\Test\\AgileTest\\Reports\\mobileWeb\\dental\\20190929_080046\\../Screenshots/iPhone 6/dental/Nationwide/20190929_080309/2.png, D:\\Test\\AgileTest\\Reports\\mobileWeb\\dental\\20190929_080046\\../Screenshots/iPhone 6/dental/Nationwide/20190929_080309/3.png, D:\\Test\\AgileTest\\Reports\\mobileWeb\\dental\\20190929_080046\\../Screenshots/iPhone 6/dental/Nationwide/20190929_080309/4.png, D:\\Test\\AgileTest\\Reports\\mobileWeb\\dental\\20190929_080046\\../Screenshots/iPhone 6/dental/Nationwide/20190929_080309/5.png, D:\\Test\\AgileTest\\Reports\\mobileWeb\\dental\\20190929_080046\\../Screenshots/iPhone 6/dental/Nationwide/20190929_080309/6.png, D:\\Test\\AgileTest\\Reports\\mobileWeb\\dental\\20190929_080046\\../Screenshots/iPhone 6/dental/Nationwide/20190929_080309/7.png, D:\\Test\\AgileTest\\Reports\\mobileWeb\\dental\\20190929_080046\\../Screenshots/iPhone 6/dental/Nationwide/20190929_080309/8.png, D:\\Test\\AgileTest\\Reports\\mobileWeb\\dental\\20190929_080046\\../Screenshots/iPhone 6/dental/Nationwide/20190929_080309/9.png, D:\\Test\\AgileTest\\Reports\\mobileWeb\\dental\\20190929_080046\\../Screenshots/iPhone 6/dental/USA Access/20190929_080448/0.png, D:\\Test\\AgileTest\\Reports\\mobileWeb\\dental\\20190929_080046\\../Screenshots/iPhone 6/dental/USA Access/20190929_080448/1.png, D:\\Test\\AgileTest\\Reports\\mobileWeb\\dental\\20190929_080046\\../Screenshots/iPhone 6/dental/USA Access/20190929_080448/2.png, D:\\Test\\AgileTest\\Reports\\mobileWeb\\dental\\20190929_080046\\../Screenshots/iPhone 6/dental/USA Access/20190929_080448/3.png, D:\\Test\\AgileTest\\Reports\\mobileWeb\\dental\\20190929_080046\\../Screenshots/iPhone 6/dental/USA Access/20190929_080448/4.png, D:\\Test\\AgileTest\\Reports\\mobileWeb\\dental\\20190929_080046\\../Screenshots/iPhone 6/dental/USA Access/20190929_080448/5.png, D:\\Test\\AgileTest\\Reports\\mobileWeb\\dental\\20190929_080046\\../Screenshots/iPhone 6/dental/USA Access/20190929_080448/6.png, D:\\Test\\AgileTest\\Reports\\mobileWeb\\dental\\20190929_080046\\../Screenshots/iPhone 6/dental/USA Access/20190929_080448/7.png, D:\\Test\\AgileTest\\Reports\\mobileWeb\\dental\\20190929_080046\\../Screenshots/iPhone 6/dental/USA Access/20190929_080448/8.png, D:\\Test\\AgileTest\\Reports\\mobileWeb\\dental\\20190929_080046\\../Screenshots/iPhone 6/dental/USA Access/20190929_080448/9.png, D:\\Test\\AgileTest\\Reports\\mobileWeb\\dental\\20190929_080046\\../Screenshots/iPhone 6/dental/USA Access/20190929_080448/10.png"/>
         <property name="hostName" value="Administrator - 172.30.0.53"/>
         <property name="os" value="Windows Server 2012 R2 64bit"/>
         <property name="katalonVersion" value="5.10.1.1"/>
         <property name="browser" value="Safari 11"/>
         <property name="hostAddress" value="172.30.0.53"/>
         <property name="sessionId" value="cfe68d7a485ea350abd903b9fc603c9b"/>
         <property name="seleniumVersion" value="3.7.1"/>
         <property name="proxyInformation" value="ProxyInformation{proxyOption=NO_PROXY, proxyServerType=HTTP, password=, proxyServerAddress=, proxyServerPort=0}"/>
         <property name="platform" value="Windows Server 2012 R2"/>
      </properties>
      <testcase name="Test Cases/mobileWeb/Dental/National General" classname="Test Cases/mobileWeb/Dental/National General" status="PASSED">
         <system-out><![CDATA[2019-09-29 08:00:55 - [TEST_CASE][PASSED] - Test Cases/mobileWeb/Dental/National General: Test Cases/mobileWeb/Dental/National General

2019-09-29 08:00:58 - [TEST_STEP][PASSED] - callTestCase(findTestCase("mobileWeb/_include/get_screenPath"), ["productLine":"dental", "carrierName":"National General"], CONTINUE_ON_FAILURE): Call Test Case 'Test Cases/mobileWeb/_include/get_screenPath' successfully

2019-09-29 08:00:59 - [TEST_CASE][PASSED] - Test Cases/mobileWeb/_include/get_screenPath: Test Cases/mobileWeb/_include/get_screenPath

2019-09-29 08:01:02 - [TEST_STEP][PASSED] - m = getExecutionProperties(): null

2019-09-29 08:01:02 - [TEST_STEP][PASSED] - deviceName = get("mobileEmulation").get("deviceName"): null

2019-09-29 08:01:02 - [TEST_STEP][PASSED] - println(deviceName): null

2019-09-29 08:01:02 - [TEST_STEP][PASSED] - now = new java.util.Date(): null

2019-09-29 08:01:02 - [TEST_STEP][PASSED] - mydate = now.format("yyyyMMdd_HHmmss"): null

2019-09-29 08:01:02 - [TEST_STEP][PASSED] - screenPath = "../Screenshots/": null

2019-09-29 08:01:02 - [TEST_STEP][PASSED] - screenPath = screenPath + deviceName + "/" + productLine + "/" + carrierName + "/" + mydate + "/": null

2019-09-29 08:01:02 - [TEST_STEP][PASSED] - println(screenPath): null

2019-09-29 08:01:02 - [MESSAGE][PASSED] - Call Test Case 'Test Cases/mobileWeb/_include/get_screenPath' successfully

2019-09-29 08:01:02 - [TEST_STEP][PASSED] - callTestCase(findTestCase("mobileWeb/_include/openWebSite"), [:], STOP_ON_FAILURE): Call Test Case 'Test Cases/mobileWeb/_include/openWebSite' successfully

2019-09-29 08:01:02 - [TEST_CASE][PASSED] - Test Cases/mobileWeb/_include/openWebSite: Test Cases/mobileWeb/_include/openWebSite

2019-09-29 08:01:03 - [TEST_STEP][PASSED] - openBrowser(env): Browser is opened with url: 'https://praetemptatus.agilehealthinsurance.com'

2019-09-29 08:01:04 - [MESSAGE][INFO] - Starting 'Chrome' driver

2019-09-29 08:01:04 - [MESSAGE][INFO] - User set preference: ['mobileEmulation', '{deviceName=iPhone 6}']

2019-09-29 08:01:04 - [MESSAGE][INFO] - User set preference: ['args', '[--incognito, --aggressive-cache-discard, --window-size=375,677, --no-sandbox]']

2019-09-29 08:01:04 - [MESSAGE][INFO] - Action delay is set to 0 seconds

2019-09-29 08:01:14 - [MESSAGE][PASSED] - Browser is opened with url: 'https://praetemptatus.agilehealthinsurance.com'

2019-09-29 08:01:14 - [TEST_STEP][PASSED] - waitForPageLoad(20): Wait for page load successfully

2019-09-29 08:01:14 - [MESSAGE][PASSED] - Wait for page load successfully

2019-09-29 08:01:14 - [TEST_STEP][PASSED] - Thread.sleep(2000): null

2019-09-29 08:01:16 - [TEST_STEP][PASSED] - callTestCase(findTestCase("mobileWeb/_include/get_screenshot"), [:], STOP_ON_FAILURE): Call Test Case 'Test Cases/mobileWeb/_include/get_screenshot' successfully

2019-09-29 08:01:16 - [TEST_CASE][PASSED] - Test Cases/mobileWeb/_include/get_screenshot: Test Cases/mobileWeb/_include/get_screenshot

2019-09-29 08:01:17 - [TEST_STEP][PASSED] - takeScreenshot(screenPath + i + ".png"): Taking screenshot successfully

2019-09-29 08:01:19 - [MESSAGE][PASSED] - Taking screenshot successfully
[[ATTACHMENT|D:\\Test\\AgileTest\\Reports\\mobileWeb\\dental\\20190929_080046\\../Screenshots/iPhone 6/dental/National General/20190929_080102/0.png]]

2019-09-29 08:01:19 - [TEST_STEP][PASSED] - (internal.GlobalVariable.i++): null

2019-09-29 08:01:19 - [MESSAGE][PASSED] - Call Test Case 'Test Cases/mobileWeb/_include/get_screenshot' successfully

2019-09-29 08:01:19 - [MESSAGE][PASSED] - Call Test Case 'Test Cases/mobileWeb/_include/openWebSite' successfully

2019-09-29 08:01:19 - [TEST_STEP][PASSED] - callTestCase(findTestCase("mobileWeb/_include/census_dental"), ["zipcode":zipcode, "dob":"12/12/1980"], STOP_ON_FAILURE): Call Test Case 'Test Cases/mobileWeb/_include/census_dental' successfully

2019-09-29 08:01:19 - [TEST_CASE][PASSED] - Test Cases/mobileWeb/_include/census_dental: Test Cases/mobileWeb/_include/census_dental

2019-09-29 08:01:19 - [TEST_STEP][PASSED] - click(findTestObject("mobileSanity/Common/side_nav/menu")): Object: 'Object Repository/mobileSanity/Common/side_nav/menu' is clicked on

2019-09-29 08:01:20 - [MESSAGE][PASSED] - Object: 'Object Repository/mobileSanity/Common/side_nav/menu' is clicked on

2019-09-29 08:01:20 - [TEST_STEP][PASSED] - Thread.sleep(3000): null

2019-09-29 08:01:23 - [TEST_STEP][PASSED] - callTestCase(findTestCase("mobileWeb/_include/get_screenshot"), [:], STOP_ON_FAILURE): Call Test Case 'Test Cases/mobileWeb/_include/get_screenshot' successfully

2019-09-29 08:01:23 - [TEST_CASE][PASSED] - Test Cases/mobileWeb/_include/get_screenshot: Test Cases/mobileWeb/_include/get_screenshot

2019-09-29 08:01:23 - [TEST_STEP][PASSED] - takeScreenshot(screenPath + i + ".png"): Taking screenshot successfully

2019-09-29 08:01:24 - [MESSAGE][PASSED] - Taking screenshot successfully
[[ATTACHMENT|D:\\Test\\AgileTest\\Reports\\mobileWeb\\dental\\20190929_080046\\../Screenshots/iPhone 6/dental/National General/20190929_080102/1.png]]

2019-09-29 08:01:24 - [TEST_STEP][PASSED] - (internal.GlobalVariable.i++): null

2019-09-29 08:01:24 - [MESSAGE][PASSED] - Call Test Case 'Test Cases/mobileWeb/_include/get_screenshot' successfully

2019-09-29 08:01:24 - [TEST_STEP][PASSED] - click(findTestObject("mobileSanity/Common/side_nav/nav_dental")): Object: 'Object Repository/mobileSanity/Common/side_nav/nav_dental' is clicked on

2019-09-29 08:01:25 - [MESSAGE][PASSED] - Object: 'Object Repository/mobileSanity/Common/side_nav/nav_dental' is clicked on

2019-09-29 08:01:25 - [TEST_STEP][PASSED] - waitForPageLoad(10): Wait for page load successfully

2019-09-29 08:01:26 - [MESSAGE][PASSED] - Wait for page load successfully

2019-09-29 08:01:26 - [TEST_STEP][PASSED] - callTestCase(findTestCase("mobileWeb/_include/get_screenshot"), [:], STOP_ON_FAILURE): Call Test Case 'Test Cases/mobileWeb/_include/get_screenshot' successfully

2019-09-29 08:01:26 - [TEST_CASE][PASSED] - Test Cases/mobileWeb/_include/get_screenshot: Test Cases/mobileWeb/_include/get_screenshot

2019-09-29 08:01:26 - [TEST_STEP][PASSED] - takeScreenshot(screenPath + i + ".png"): Taking screenshot successfully

2019-09-29 08:01:27 - [MESSAGE][PASSED] - Taking screenshot successfully
[[ATTACHMENT|D:\\Test\\AgileTest\\Reports\\mobileWeb\\dental\\20190929_080046\\../Screenshots/iPhone 6/dental/National General/20190929_080102/2.png]]

2019-09-29 08:01:27 - [TEST_STEP][PASSED] - (internal.GlobalVariable.i++): null

2019-09-29 08:01:27 - [MESSAGE][PASSED] - Call Test Case 'Test Cases/mobileWeb/_include/get_screenshot' successfully

2019-09-29 08:01:27 - [TEST_STEP][PASSED] - sendKeys(findTestObject("mobileSanity/Dental/census/input_Location_zip-input"), zipcode): Keys '35215' sent to object: 'Object Repository/mobileSanity/Dental/census/input_Location_zip-input'

2019-09-29 08:01:28 - [MESSAGE][PASSED] - Keys '35215' sent to object: 'Object Repository/mobileSanity/Dental/census/input_Location_zip-input'

2019-09-29 08:01:28 - [TEST_STEP][PASSED] - Thread.sleep(500): null

2019-09-29 08:01:28 - [TEST_STEP][PASSED] - setText(findTestObject("mobileSanity/Dental/census/input_Date of Birth_dob-0"), "12121980"): Text '12121980' is set on object 'Object Repository/mobileSanity/Dental/census/input_Date of Birth_dob-0'

2019-09-29 08:01:29 - [MESSAGE][PASSED] - Text '12121980' is set on object 'Object Repository/mobileSanity/Dental/census/input_Date of Birth_dob-0'

2019-09-29 08:01:29 - [TEST_STEP][PASSED] - click(findTestObject("mobileSanity/Dental/census/label_Male")): Object: 'Object Repository/mobileSanity/Dental/census/label_Male' is clicked on

2019-09-29 08:01:29 - [MESSAGE][PASSED] - Object: 'Object Repository/mobileSanity/Dental/census/label_Male' is clicked on

2019-09-29 08:01:29 - [TEST_STEP][PASSED] - click(findTestObject("mobileSanity/Dental/census/label_Compare Dental Insurance")): Object: 'Object Repository/mobileSanity/Dental/census/label_Compare Dental Insurance' is clicked on

2019-09-29 08:01:30 - [MESSAGE][PASSED] - Object: 'Object Repository/mobileSanity/Dental/census/label_Compare Dental Insurance' is clicked on

2019-09-29 08:01:30 - [TEST_STEP][PASSED] - waitForPageLoad(10): Wait for page load successfully

2019-09-29 08:01:30 - [MESSAGE][PASSED] - Wait for page load successfully

2019-09-29 08:01:30 - [TEST_STEP][PASSED] - Thread.sleep(2000): null

2019-09-29 08:01:32 - [TEST_STEP][PASSED] - callTestCase(findTestCase("mobileWeb/_include/get_screenshot"), [:], STOP_ON_FAILURE): Call Test Case 'Test Cases/mobileWeb/_include/get_screenshot' successfully

2019-09-29 08:01:33 - [TEST_CASE][PASSED] - Test Cases/mobileWeb/_include/get_screenshot: Test Cases/mobileWeb/_include/get_screenshot

2019-09-29 08:01:33 - [TEST_STEP][PASSED] - takeScreenshot(screenPath + i + ".png"): Taking screenshot successfully

2019-09-29 08:01:33 - [MESSAGE][PASSED] - Taking screenshot successfully
[[ATTACHMENT|D:\\Test\\AgileTest\\Reports\\mobileWeb\\dental\\20190929_080046\\../Screenshots/iPhone 6/dental/National General/20190929_080102/3.png]]

2019-09-29 08:01:33 - [TEST_STEP][PASSED] - (internal.GlobalVariable.i++): null

2019-09-29 08:01:33 - [MESSAGE][PASSED] - Call Test Case 'Test Cases/mobileWeb/_include/get_screenshot' successfully

2019-09-29 08:01:33 - [MESSAGE][PASSED] - Call Test Case 'Test Cases/mobileWeb/_include/census_dental' successfully

2019-09-29 08:01:33 - [TEST_STEP][PASSED] - click(findTestObject("mobileSanity/Dental/filter/btn_filter")): Object: 'Object Repository/mobileSanity/Dental/filter/btn_filter' is clicked on

2019-09-29 08:01:33 - [MESSAGE][PASSED] - Object: 'Object Repository/mobileSanity/Dental/filter/btn_filter' is clicked on

2019-09-29 08:01:33 - [TEST_STEP][PASSED] - waitForElementVisible(findTestObject("mobileSanity/Dental/filter/btn_company"), 10): Object 'Object Repository/mobileSanity/Dental/filter/btn_company' is visible

2019-09-29 08:01:33 - [MESSAGE][PASSED] - Object 'Object Repository/mobileSanity/Dental/filter/btn_company' is visible

2019-09-29 08:01:33 - [TEST_STEP][PASSED] - click(findTestObject("mobileSanity/Dental/filter/btn_company")): Object: 'Object Repository/mobileSanity/Dental/filter/btn_company' is clicked on

2019-09-29 08:01:33 - [MESSAGE][PASSED] - Object: 'Object Repository/mobileSanity/Dental/filter/btn_company' is clicked on

2019-09-29 08:01:33 - [TEST_STEP][PASSED] - Thread.sleep(2000): null

2019-09-29 08:01:35 - [TEST_STEP][PASSED] - click(findTestObject("mobileSanity/Dental/filter/btn_ng")): Object: 'Object Repository/mobileSanity/Dental/filter/btn_ng' is clicked on

2019-09-29 08:01:35 - [MESSAGE][PASSED] - Object: 'Object Repository/mobileSanity/Dental/filter/btn_ng' is clicked on

2019-09-29 08:01:35 - [TEST_STEP][PASSED] - waitForJQueryLoad(20, STOP_ON_FAILURE): jQuery is ready.

2019-09-29 08:01:36 - [MESSAGE][PASSED] - jQuery is ready.

2019-09-29 08:01:36 - [TEST_STEP][PASSED] - callTestCase(findTestCase("mobileWeb/_include/get_screenshot"), [:], STOP_ON_FAILURE): Call Test Case 'Test Cases/mobileWeb/_include/get_screenshot' successfully

2019-09-29 08:01:36 - [TEST_CASE][PASSED] - Test Cases/mobileWeb/_include/get_screenshot: Test Cases/mobileWeb/_include/get_screenshot

2019-09-29 08:01:36 - [TEST_STEP][PASSED] - takeScreenshot(screenPath + i + ".png"): Taking screenshot successfully

2019-09-29 08:01:37 - [MESSAGE][PASSED] - Taking screenshot successfully
[[ATTACHMENT|D:\\Test\\AgileTest\\Reports\\mobileWeb\\dental\\20190929_080046\\../Screenshots/iPhone 6/dental/National General/20190929_080102/4.png]]

2019-09-29 08:01:37 - [TEST_STEP][PASSED] - (internal.GlobalVariable.i++): null

2019-09-29 08:01:37 - [MESSAGE][PASSED] - Call Test Case 'Test Cases/mobileWeb/_include/get_screenshot' successfully

2019-09-29 08:01:37 - [TEST_STEP][PASSED] - click(findTestObject("mobileSanity/Dental/filter/btn_filter")): Object: 'Object Repository/mobileSanity/Dental/filter/btn_filter' is clicked on

2019-09-29 08:01:37 - [MESSAGE][PASSED] - Object: 'Object Repository/mobileSanity/Dental/filter/btn_filter' is clicked on

2019-09-29 08:01:37 - [TEST_STEP][PASSED] - click(findTestObject("mobileSanity/Dental/quote/a_Select This Plan")): Object: 'Object Repository/mobileSanity/Dental/quote/a_Select This Plan' is clicked on

2019-09-29 08:01:38 - [MESSAGE][PASSED] - Object: 'Object Repository/mobileSanity/Dental/quote/a_Select This Plan' is clicked on

2019-09-29 08:01:38 - [TEST_STEP][PASSED] - waitForPageLoad(10): Wait for page load successfully

2019-09-29 08:01:38 - [MESSAGE][PASSED] - Wait for page load successfully

2019-09-29 08:01:38 - [TEST_STEP][PASSED] - callTestCase(findTestCase("mobileWeb/_include/get_screenshot"), [:], STOP_ON_FAILURE): Call Test Case 'Test Cases/mobileWeb/_include/get_screenshot' successfully

2019-09-29 08:01:38 - [TEST_CASE][PASSED] - Test Cases/mobileWeb/_include/get_screenshot: Test Cases/mobileWeb/_include/get_screenshot

2019-09-29 08:01:38 - [TEST_STEP][PASSED] - takeScreenshot(screenPath + i + ".png"): Taking screenshot successfully

2019-09-29 08:01:39 - [MESSAGE][PASSED] - Taking screenshot successfully
[[ATTACHMENT|D:\\Test\\AgileTest\\Reports\\mobileWeb\\dental\\20190929_080046\\../Screenshots/iPhone 6/dental/National General/20190929_080102/5.png]]

2019-09-29 08:01:39 - [TEST_STEP][PASSED] - (internal.GlobalVariable.i++): null

2019-09-29 08:01:39 - [MESSAGE][PASSED] - Call Test Case 'Test Cases/mobileWeb/_include/get_screenshot' successfully

2019-09-29 08:01:39 - [TEST_STEP][PASSED] - click(findTestObject("mobileSanity/Dental/apply/span_Start Secure Application")): Object: 'Object Repository/mobileSanity/Dental/apply/span_Start Secure Application' is clicked on

2019-09-29 08:01:40 - [MESSAGE][PASSED] - Object: 'Object Repository/mobileSanity/Dental/apply/span_Start Secure Application' is clicked on

2019-09-29 08:01:40 - [TEST_STEP][PASSED] - waitForPageLoad(10): Wait for page load successfully

2019-09-29 08:01:41 - [MESSAGE][PASSED] - Wait for page load successfully

2019-09-29 08:01:41 - [TEST_STEP][PASSED] - Thread.sleep(2000): null

2019-09-29 08:01:43 - [TEST_STEP][PASSED] - callTestCase(findTestCase("mobileWeb/_include/get_screenshot"), [:], STOP_ON_FAILURE): Call Test Case 'Test Cases/mobileWeb/_include/get_screenshot' successfully

2019-09-29 08:01:43 - [TEST_CASE][PASSED] - Test Cases/mobileWeb/_include/get_screenshot: Test Cases/mobileWeb/_include/get_screenshot

2019-09-29 08:01:43 - [TEST_STEP][PASSED] - takeScreenshot(screenPath + i + ".png"): Taking screenshot successfully

2019-09-29 08:01:43 - [MESSAGE][PASSED] - Taking screenshot successfully
[[ATTACHMENT|D:\\Test\\AgileTest\\Reports\\mobileWeb\\dental\\20190929_080046\\../Screenshots/iPhone 6/dental/National General/20190929_080102/6.png]]

2019-09-29 08:01:43 - [TEST_STEP][PASSED] - (internal.GlobalVariable.i++): null

2019-09-29 08:01:43 - [MESSAGE][PASSED] - Call Test Case 'Test Cases/mobileWeb/_include/get_screenshot' successfully

2019-09-29 08:01:43 - [TEST_STEP][PASSED] - callTestCase(findTestCase("mobileWeb/_include/goToEnd_dental"), ["carrier":"nationalgeneral"], CONTINUE_ON_FAILURE): Call Test Case 'Test Cases/mobileWeb/_include/goToEnd_dental' successfully

2019-09-29 08:01:43 - [TEST_CASE][PASSED] - Test Cases/mobileWeb/_include/goToEnd_dental: Test Cases/mobileWeb/_include/goToEnd_dental

2019-09-29 08:01:44 - [TEST_STEP][PASSED] - callTestCase(findTestCase("mobileWeb/_include/name"), [:], CONTINUE_ON_FAILURE): Call Test Case 'Test Cases/mobileWeb/_include/name' successfully

2019-09-29 08:01:44 - [TEST_CASE][PASSED] - Test Cases/mobileWeb/_include/name: Test Cases/mobileWeb/_include/name

2019-09-29 08:01:44 - [TEST_STEP][PASSED] - driver = getWebDriver(): null

2019-09-29 08:01:44 - [TEST_STEP][PASSED] - selenium = new com.thoughtworks.selenium.webdriven.WebDriverBackedSelenium(driver, internal.GlobalVariable.ENV): null

2019-09-29 08:01:44 - [TEST_STEP][PASSED] - FirstName = "Test-123": null

2019-09-29 08:01:44 - [TEST_STEP][PASSED] - LastName = selenium.getEval("{var x="ABCDEFGHIJKLMNOPQRSTUVWXYZabcdefghijklmnopqrstuvwxyz"; var tmp="ZZ11-"; for (i=0;i<8;i++) tmp+=x.charAt(Math.ceil(51*Math.random()));tmp;}"): null

2019-09-29 08:01:44 - [TEST_STEP][PASSED] - Address = selenium.getEval("{var x="ABCDEFGHIJKLMNOPQRSTUVWXYZabcdefghijklmnopqrstuvwxyz"; var tmp=""; for (i=0;i<8;i++) tmp+=x.charAt(Math.ceil(51*Math.random()));tmp;}"): null

2019-09-29 08:01:44 - [TEST_STEP][PASSED] - City = selenium.getEval("{var x="ABCDEFGHIJKLMNOPQRSTUVWXYZabcdefghijklmnopqrstuvwxyz"; var tmp=""; for (i=0;i<8;i++) tmp+=x.charAt(Math.ceil(51*Math.random()));tmp;}"): null

2019-09-29 08:01:44 - [TEST_STEP][PASSED] - tel1 = selenium.getEval("{var x="123456789"; var tmp=""; for (i=0;i<3;i++) tmp+=x.charAt(Math.ceil(8*Math.random()));tmp;}"): null

2019-09-29 08:01:44 - [TEST_STEP][PASSED] - tel2 = selenium.getEval("{var x="123456789"; var tmp=""; for (i=0;i<3;i++) tmp+=x.charAt(Math.ceil(8*Math.random()));tmp;}"): null

2019-09-29 08:01:44 - [TEST_STEP][PASSED] - tel3 = selenium.getEval("{var x="123456789"; var tmp=""; for (i=0;i<4;i++) tmp+=x.charAt(Math.ceil(8*Math.random()));tmp;}"): null

2019-09-29 08:01:44 - [TEST_STEP][PASSED] - Tel = selenium.getExpression(tel1 + "-" + tel2 + "-" + tel3): null

2019-09-29 08:01:44 - [TEST_STEP][PASSED] - AutoEmail = selenium.getEval("{var x="ABCDEFGHIJKLMNOPQRSTUVWXYZabcdefghijklmnopqrstuvwxyz"; var tmp="test."; for (i=0;i<8;i++) tmp+=x.charAt(Math.ceil(51*Math.random()));tmp+="@suryani.cn";}"): null

2019-09-29 08:01:44 - [TEST_STEP][PASSED] - FirstName = FirstName: null

2019-09-29 08:01:44 - [TEST_STEP][PASSED] - LastName = LastName: null

2019-09-29 08:01:44 - [TEST_STEP][PASSED] - Address = Address: null

2019-09-29 08:01:44 - [TEST_STEP][PASSED] - City = City: null

2019-09-29 08:01:44 - [TEST_STEP][PASSED] - Tel = Tel: null

2019-09-29 08:01:44 - [TEST_STEP][PASSED] - AutoEmail = AutoEmail: null

2019-09-29 08:01:44 - [TEST_STEP][PASSED] - println(FirstName): null

2019-09-29 08:01:44 - [TEST_STEP][PASSED] - println(LastName): null

2019-09-29 08:01:44 - [TEST_STEP][PASSED] - println(Address): null

2019-09-29 08:01:44 - [TEST_STEP][PASSED] - println(City): null

2019-09-29 08:01:44 - [TEST_STEP][PASSED] - println(Tel): null

2019-09-29 08:01:44 - [TEST_STEP][PASSED] - println(AutoEmail): null

2019-09-29 08:01:44 - [MESSAGE][PASSED] - Call Test Case 'Test Cases/mobileWeb/_include/name' successfully

2019-09-29 08:01:44 - [TEST_STEP][PASSED] - Thread.sleep(3000): null

2019-09-29 08:01:47 - [TEST_STEP][PASSED] - setText(findTestObject("mobileSanity/Dental/app_page1/input__member-P-1-firstName"), FirstName): Text 'Test-123' is set on object 'Object Repository/mobileSanity/Dental/app_page1/input__member-P-1-firstName'

2019-09-29 08:01:48 - [MESSAGE][PASSED] - Text 'Test-123' is set on object 'Object Repository/mobileSanity/Dental/app_page1/input__member-P-1-firstName'

2019-09-29 08:01:48 - [TEST_STEP][PASSED] - setText(findTestObject("mobileSanity/Dental/app_page1/input__member-P-1-lastName"), LastName): Text 'ZZ11-xnuKRcBt' is set on object 'Object Repository/mobileSanity/Dental/app_page1/input__member-P-1-lastName'

2019-09-29 08:01:48 - [MESSAGE][PASSED] - Text 'ZZ11-xnuKRcBt' is set on object 'Object Repository/mobileSanity/Dental/app_page1/input__member-P-1-lastName'

2019-09-29 08:01:48 - [TEST_STEP][PASSED] - setText(findTestObject("mobileSanity/Dental/app_page1/input__address"), Address): Text 'IvdOnhqK' is set on object 'Object Repository/mobileSanity/Dental/app_page1/input__address'

2019-09-29 08:01:48 - [MESSAGE][PASSED] - Text 'IvdOnhqK' is set on object 'Object Repository/mobileSanity/Dental/app_page1/input__address'

2019-09-29 08:01:48 - [TEST_STEP][PASSED] - setText(findTestObject("mobileSanity/Dental/app_page1/input__city"), City): Text 'uXTPxqQn' is set on object 'Object Repository/mobileSanity/Dental/app_page1/input__city'

2019-09-29 08:01:49 - [MESSAGE][PASSED] - Text 'uXTPxqQn' is set on object 'Object Repository/mobileSanity/Dental/app_page1/input__city'

2019-09-29 08:01:49 - [TEST_STEP][PASSED] - setText(findTestObject("mobileSanity/Dental/app_page1/input__email"), AutoEmail): Text 'test.pDZYyWGP@suryani.cn' is set on object 'Object Repository/mobileSanity/Dental/app_page1/input__email'

2019-09-29 08:01:49 - [MESSAGE][PASSED] - Text 'test.pDZYyWGP@suryani.cn' is set on object 'Object Repository/mobileSanity/Dental/app_page1/input__email'

2019-09-29 08:01:49 - [TEST_STEP][PASSED] - setText(findTestObject("mobileSanity/Dental/app_page1/input_phone"), Tel): Text '699-665-7475' is set on object 'Object Repository/mobileSanity/Dental/app_page1/input_phone'

2019-09-29 08:01:49 - [MESSAGE][PASSED] - Text '699-665-7475' is set on object 'Object Repository/mobileSanity/Dental/app_page1/input_phone'

2019-09-29 08:01:49 - [TEST_STEP][PASSED] - click(findTestObject("mobileSanity/Dental/app_page1/a_Continue to Step 2 - Payment")): Object: 'Object Repository/mobileSanity/Dental/app_page1/a_Continue to Step 2 - Payment' is clicked on

2019-09-29 08:01:49 - [MESSAGE][PASSED] - Object: 'Object Repository/mobileSanity/Dental/app_page1/a_Continue to Step 2 - Payment' is clicked on

2019-09-29 08:01:49 - [TEST_STEP][PASSED] - waitForPageLoad(10): Wait for page load successfully

2019-09-29 08:01:49 - [MESSAGE][PASSED] - Wait for page load successfully

2019-09-29 08:01:49 - [TEST_STEP][PASSED] - Thread.sleep(2000): null

2019-09-29 08:01:51 - [TEST_STEP][PASSED] - if (carrier == "usa"): null

2019-09-29 08:01:51 - [TEST_STEP][PASSED] - callTestCase(findTestCase("mobileWeb/_include/get_screenshot"), [:], STOP_ON_FAILURE): Call Test Case 'Test Cases/mobileWeb/_include/get_screenshot' successfully

2019-09-29 08:01:51 - [TEST_CASE][PASSED] - Test Cases/mobileWeb/_include/get_screenshot: Test Cases/mobileWeb/_include/get_screenshot

2019-09-29 08:01:51 - [TEST_STEP][PASSED] - takeScreenshot(screenPath + i + ".png"): Taking screenshot successfully

2019-09-29 08:01:52 - [MESSAGE][PASSED] - Taking screenshot successfully
[[ATTACHMENT|D:\\Test\\AgileTest\\Reports\\mobileWeb\\dental\\20190929_080046\\../Screenshots/iPhone 6/dental/National General/20190929_080102/7.png]]

2019-09-29 08:01:52 - [TEST_STEP][PASSED] - (internal.GlobalVariable.i++): null

2019-09-29 08:01:52 - [MESSAGE][PASSED] - Call Test Case 'Test Cases/mobileWeb/_include/get_screenshot' successfully

2019-09-29 08:01:52 - [TEST_STEP][PASSED] - setText(findTestObject("mobileSanity/Dental/app_page2/input__credit-card-first"), FirstName): Text 'Test-123' is set on object 'Object Repository/mobileSanity/Dental/app_page2/input__credit-card-first'

2019-09-29 08:01:52 - [MESSAGE][PASSED] - Text 'Test-123' is set on object 'Object Repository/mobileSanity/Dental/app_page2/input__credit-card-first'

2019-09-29 08:01:52 - [TEST_STEP][PASSED] - setText(findTestObject("mobileSanity/Dental/app_page2/input__credit-card-last"), LastName): Text 'ZZ11-xnuKRcBt' is set on object 'Object Repository/mobileSanity/Dental/app_page2/input__credit-card-last'

2019-09-29 08:01:52 - [MESSAGE][PASSED] - Text 'ZZ11-xnuKRcBt' is set on object 'Object Repository/mobileSanity/Dental/app_page2/input__credit-card-last'

2019-09-29 08:01:52 - [TEST_STEP][PASSED] - selectOptionByValue(findTestObject("mobileSanity/Dental/app_page2/select_MM010203040506070809101"), "12", true): All options with value '12' are selected in object 'Object Repository/mobileSanity/Dental/app_page2/select_MM010203040506070809101'  using regular expression

2019-09-29 08:01:52 - [MESSAGE][PASSED] - All options with value '12' are selected in object 'Object Repository/mobileSanity/Dental/app_page2/select_MM010203040506070809101'  using regular expression

2019-09-29 08:01:52 - [TEST_STEP][PASSED] - selectOptionByValue(findTestObject("mobileSanity/Dental/app_page2/select_YYYY2019202020212022202"), "2026", true): All options with value '2026' are selected in object 'Object Repository/mobileSanity/Dental/app_page2/select_YYYY2019202020212022202'  using regular expression

2019-09-29 08:01:53 - [MESSAGE][PASSED] - All options with value '2026' are selected in object 'Object Repository/mobileSanity/Dental/app_page2/select_YYYY2019202020212022202'  using regular expression

2019-09-29 08:01:53 - [TEST_STEP][PASSED] - setText(findTestObject("mobileSanity/Dental/app_page2/input__credit-card-number"), "4111111111111111"): Text '4111111111111111' is set on object 'Object Repository/mobileSanity/Dental/app_page2/input__credit-card-number'

2019-09-29 08:01:53 - [MESSAGE][PASSED] - Text '4111111111111111' is set on object 'Object Repository/mobileSanity/Dental/app_page2/input__credit-card-number'

2019-09-29 08:01:53 - [TEST_STEP][PASSED] - setText(findTestObject("mobileSanity/Dental/app_page2/input__cvv"), "123"): Text '123' is set on object 'Object Repository/mobileSanity/Dental/app_page2/input__cvv'

2019-09-29 08:01:53 - [MESSAGE][PASSED] - Text '123' is set on object 'Object Repository/mobileSanity/Dental/app_page2/input__cvv'

2019-09-29 08:01:53 - [TEST_STEP][PASSED] - click(findTestObject("mobileSanity/Dental/app_page2/label_My billing address is th")): Object: 'Object Repository/mobileSanity/Dental/app_page2/label_My billing address is th' is clicked on

2019-09-29 08:01:53 - [MESSAGE][PASSED] - Object: 'Object Repository/mobileSanity/Dental/app_page2/label_My billing address is th' is clicked on

2019-09-29 08:01:53 - [TEST_STEP][PASSED] - click(findTestObject("mobileSanity/Dental/app_page2/label_I Accept Authorization f")): Object: 'Object Repository/mobileSanity/Dental/app_page2/label_I Accept Authorization f' is clicked on

2019-09-29 08:01:53 - [MESSAGE][PASSED] - Object: 'Object Repository/mobileSanity/Dental/app_page2/label_I Accept Authorization f' is clicked on

2019-09-29 08:01:53 - [TEST_STEP][PASSED] - click(findTestObject("mobileSanity/Dental/app_page2/a_Continue to Step 3 - Review")): Object: 'Object Repository/mobileSanity/Dental/app_page2/a_Continue to Step 3 - Review' is clicked on

2019-09-29 08:01:53 - [MESSAGE][PASSED] - Object: 'Object Repository/mobileSanity/Dental/app_page2/a_Continue to Step 3 - Review' is clicked on

2019-09-29 08:01:53 - [TEST_STEP][PASSED] - waitForPageLoad(20): Wait for page load successfully

2019-09-29 08:01:53 - [MESSAGE][PASSED] - Wait for page load successfully

2019-09-29 08:01:53 - [TEST_STEP][PASSED] - Thread.sleep(2000): null

2019-09-29 08:01:55 - [TEST_STEP][PASSED] - waitForElementClickable(findTestObject("mobileSanity/Dental/app_page3/label"), 20): Object 'Object Repository/mobileSanity/Dental/app_page3/label' is clickable

2019-09-29 08:01:55 - [MESSAGE][PASSED] - Object 'Object Repository/mobileSanity/Dental/app_page3/label' is clickable

2019-09-29 08:01:56 - [TEST_STEP][PASSED] - callTestCase(findTestCase("mobileWeb/_include/get_screenshot"), [:], STOP_ON_FAILURE): Call Test Case 'Test Cases/mobileWeb/_include/get_screenshot' successfully

2019-09-29 08:01:56 - [TEST_CASE][PASSED] - Test Cases/mobileWeb/_include/get_screenshot: Test Cases/mobileWeb/_include/get_screenshot

2019-09-29 08:01:56 - [TEST_STEP][PASSED] - takeScreenshot(screenPath + i + ".png"): Taking screenshot successfully

2019-09-29 08:01:56 - [MESSAGE][PASSED] - Taking screenshot successfully
[[ATTACHMENT|D:\\Test\\AgileTest\\Reports\\mobileWeb\\dental\\20190929_080046\\../Screenshots/iPhone 6/dental/National General/20190929_080102/8.png]]

2019-09-29 08:01:56 - [TEST_STEP][PASSED] - (internal.GlobalVariable.i++): null

2019-09-29 08:01:56 - [MESSAGE][PASSED] - Call Test Case 'Test Cases/mobileWeb/_include/get_screenshot' successfully

2019-09-29 08:01:56 - [TEST_STEP][PASSED] - click(findTestObject("mobileSanity/Dental/app_page3/label")): Object: 'Object Repository/mobileSanity/Dental/app_page3/label' is clicked on

2019-09-29 08:01:56 - [MESSAGE][PASSED] - Object: 'Object Repository/mobileSanity/Dental/app_page3/label' is clicked on

2019-09-29 08:01:56 - [TEST_STEP][PASSED] - click(findTestObject("mobileSanity/Dental/app_page3/p_CLICK TO SIGN")): Object: 'Object Repository/mobileSanity/Dental/app_page3/p_CLICK TO SIGN' is clicked on

2019-09-29 08:01:56 - [MESSAGE][PASSED] - Object: 'Object Repository/mobileSanity/Dental/app_page3/p_CLICK TO SIGN' is clicked on

2019-09-29 08:01:56 - [TEST_STEP][PASSED] - click(findTestObject("mobileSanity/Dental/app_page3/a_Submit Your Application")): Object: 'Object Repository/mobileSanity/Dental/app_page3/a_Submit Your Application' is clicked on

2019-09-29 08:01:56 - [MESSAGE][PASSED] - Object: 'Object Repository/mobileSanity/Dental/app_page3/a_Submit Your Application' is clicked on

2019-09-29 08:01:56 - [TEST_STEP][PASSED] - Thread.sleep(50000): null

2019-09-29 08:02:46 - [TEST_STEP][PASSED] - waitForElementPresent(findTestObject("mobileSanity/Dental/app_page4/js-app-confirmation"), 20): Object 'Object Repository/mobileSanity/Dental/app_page4/js-app-confirmation' is not present after 20 second(s)

2019-09-29 08:03:08 - [MESSAGE][INFO] - Unable to find the element located by 'By.xpath: //*[@id = 'js-app-confirmation']'. Please recheck the objects properties to make sure the desired element is located. 

2019-09-29 08:03:08 - [MESSAGE][WARNING] - Object 'Object Repository/mobileSanity/Dental/app_page4/js-app-confirmation' is not present after 20 second(s)

2019-09-29 08:03:08 - [TEST_STEP][PASSED] - callTestCase(findTestCase("mobileWeb/_include/get_screenshot"), [:], STOP_ON_FAILURE): Call Test Case 'Test Cases/mobileWeb/_include/get_screenshot' successfully

2019-09-29 08:03:08 - [TEST_CASE][PASSED] - Test Cases/mobileWeb/_include/get_screenshot: Test Cases/mobileWeb/_include/get_screenshot

2019-09-29 08:03:08 - [TEST_STEP][PASSED] - takeScreenshot(screenPath + i + ".png"): Taking screenshot successfully

2019-09-29 08:03:09 - [MESSAGE][PASSED] - Taking screenshot successfully
[[ATTACHMENT|D:\\Test\\AgileTest\\Reports\\mobileWeb\\dental\\20190929_080046\\../Screenshots/iPhone 6/dental/National General/20190929_080102/9.png]]

2019-09-29 08:03:09 - [TEST_STEP][PASSED] - (internal.GlobalVariable.i++): null

2019-09-29 08:03:09 - [MESSAGE][PASSED] - Call Test Case 'Test Cases/mobileWeb/_include/get_screenshot' successfully

2019-09-29 08:03:09 - [MESSAGE][PASSED] - Call Test Case 'Test Cases/mobileWeb/_include/goToEnd_dental' successfully]]></system-out>
         <system-err><![CDATA[]]></system-err>
      </testcase>
      <testcase name="Test Cases/mobileWeb/Dental/Nationwide" classname="Test Cases/mobileWeb/Dental/Nationwide" status="PASSED">
         <system-out><![CDATA[2019-09-29 08:03:09 - [TEST_CASE][PASSED] - Test Cases/mobileWeb/Dental/Nationwide: Test Cases/mobileWeb/Dental/Nationwide

2019-09-29 08:03:09 - [TEST_STEP][PASSED] - callTestCase(findTestCase("mobileWeb/_include/get_screenPath"), ["productLine":"dental", "carrierName":"Nationwide"], CONTINUE_ON_FAILURE): Call Test Case 'Test Cases/mobileWeb/_include/get_screenPath' successfully

2019-09-29 08:03:09 - [TEST_CASE][PASSED] - Test Cases/mobileWeb/_include/get_screenPath: Test Cases/mobileWeb/_include/get_screenPath

2019-09-29 08:03:09 - [TEST_STEP][PASSED] - m = getExecutionProperties(): null

2019-09-29 08:03:09 - [TEST_STEP][PASSED] - deviceName = get("mobileEmulation").get("deviceName"): null

2019-09-29 08:03:09 - [TEST_STEP][PASSED] - println(deviceName): null

2019-09-29 08:03:09 - [TEST_STEP][PASSED] - now = new java.util.Date(): null

2019-09-29 08:03:09 - [TEST_STEP][PASSED] - mydate = now.format("yyyyMMdd_HHmmss"): null

2019-09-29 08:03:09 - [TEST_STEP][PASSED] - screenPath = "../Screenshots/": null

2019-09-29 08:03:09 - [TEST_STEP][PASSED] - screenPath = screenPath + deviceName + "/" + productLine + "/" + carrierName + "/" + mydate + "/": null

2019-09-29 08:03:09 - [TEST_STEP][PASSED] - println(screenPath): null

2019-09-29 08:03:09 - [MESSAGE][PASSED] - Call Test Case 'Test Cases/mobileWeb/_include/get_screenPath' successfully

2019-09-29 08:03:09 - [TEST_STEP][PASSED] - i = 0: null

2019-09-29 08:03:09 - [TEST_STEP][PASSED] - callTestCase(findTestCase("mobileWeb/_include/openWebSite"), [:], STOP_ON_FAILURE): Call Test Case 'Test Cases/mobileWeb/_include/openWebSite' successfully

2019-09-29 08:03:09 - [TEST_CASE][PASSED] - Test Cases/mobileWeb/_include/openWebSite: Test Cases/mobileWeb/_include/openWebSite

2019-09-29 08:03:09 - [TEST_STEP][PASSED] - openBrowser(env): Browser is opened with url: 'https://praetemptatus.agilehealthinsurance.com'

2019-09-29 08:03:09 - [MESSAGE][WARNING] - A browser is already opened. Closing browser and opening a new one

2019-09-29 08:03:10 - [MESSAGE][INFO] - Starting 'Chrome' driver

2019-09-29 08:03:10 - [MESSAGE][INFO] - User set preference: ['mobileEmulation', '{deviceName=iPhone 6}']

2019-09-29 08:03:10 - [MESSAGE][INFO] - User set preference: ['args', '[--incognito, --aggressive-cache-discard, --window-size=375,677, --no-sandbox]']

2019-09-29 08:03:12 - [MESSAGE][PASSED] - Browser is opened with url: 'https://praetemptatus.agilehealthinsurance.com'

2019-09-29 08:03:12 - [TEST_STEP][PASSED] - waitForPageLoad(20): Wait for page load successfully

2019-09-29 08:03:12 - [MESSAGE][PASSED] - Wait for page load successfully

2019-09-29 08:03:12 - [TEST_STEP][PASSED] - Thread.sleep(2000): null

2019-09-29 08:03:14 - [TEST_STEP][PASSED] - callTestCase(findTestCase("mobileWeb/_include/get_screenshot"), [:], STOP_ON_FAILURE): Call Test Case 'Test Cases/mobileWeb/_include/get_screenshot' successfully

2019-09-29 08:03:14 - [TEST_CASE][PASSED] - Test Cases/mobileWeb/_include/get_screenshot: Test Cases/mobileWeb/_include/get_screenshot

2019-09-29 08:03:14 - [TEST_STEP][PASSED] - takeScreenshot(screenPath + i + ".png"): Taking screenshot successfully

2019-09-29 08:03:15 - [MESSAGE][PASSED] - Taking screenshot successfully
[[ATTACHMENT|D:\\Test\\AgileTest\\Reports\\mobileWeb\\dental\\20190929_080046\\../Screenshots/iPhone 6/dental/Nationwide/20190929_080309/0.png]]

2019-09-29 08:03:15 - [TEST_STEP][PASSED] - (internal.GlobalVariable.i++): null

2019-09-29 08:03:15 - [MESSAGE][PASSED] - Call Test Case 'Test Cases/mobileWeb/_include/get_screenshot' successfully

2019-09-29 08:03:15 - [MESSAGE][PASSED] - Call Test Case 'Test Cases/mobileWeb/_include/openWebSite' successfully

2019-09-29 08:03:15 - [TEST_STEP][PASSED] - callTestCase(findTestCase("mobileWeb/_include/census_dental"), [:], STOP_ON_FAILURE): Call Test Case 'Test Cases/mobileWeb/_include/census_dental' successfully

2019-09-29 08:03:15 - [TEST_CASE][PASSED] - Test Cases/mobileWeb/_include/census_dental: Test Cases/mobileWeb/_include/census_dental

2019-09-29 08:03:15 - [TEST_STEP][PASSED] - click(findTestObject("mobileSanity/Common/side_nav/menu")): Object: 'Object Repository/mobileSanity/Common/side_nav/menu' is clicked on

2019-09-29 08:03:16 - [MESSAGE][PASSED] - Object: 'Object Repository/mobileSanity/Common/side_nav/menu' is clicked on

2019-09-29 08:03:16 - [TEST_STEP][PASSED] - Thread.sleep(3000): null

2019-09-29 08:03:19 - [TEST_STEP][PASSED] - callTestCase(findTestCase("mobileWeb/_include/get_screenshot"), [:], STOP_ON_FAILURE): Call Test Case 'Test Cases/mobileWeb/_include/get_screenshot' successfully

2019-09-29 08:03:19 - [TEST_CASE][PASSED] - Test Cases/mobileWeb/_include/get_screenshot: Test Cases/mobileWeb/_include/get_screenshot

2019-09-29 08:03:19 - [TEST_STEP][PASSED] - takeScreenshot(screenPath + i + ".png"): Taking screenshot successfully

2019-09-29 08:03:19 - [MESSAGE][PASSED] - Taking screenshot successfully
[[ATTACHMENT|D:\\Test\\AgileTest\\Reports\\mobileWeb\\dental\\20190929_080046\\../Screenshots/iPhone 6/dental/Nationwide/20190929_080309/1.png]]

2019-09-29 08:03:19 - [TEST_STEP][PASSED] - (internal.GlobalVariable.i++): null

2019-09-29 08:03:19 - [MESSAGE][PASSED] - Call Test Case 'Test Cases/mobileWeb/_include/get_screenshot' successfully

2019-09-29 08:03:19 - [TEST_STEP][PASSED] - click(findTestObject("mobileSanity/Common/side_nav/nav_dental")): Object: 'Object Repository/mobileSanity/Common/side_nav/nav_dental' is clicked on

2019-09-29 08:03:20 - [MESSAGE][PASSED] - Object: 'Object Repository/mobileSanity/Common/side_nav/nav_dental' is clicked on

2019-09-29 08:03:20 - [TEST_STEP][PASSED] - waitForPageLoad(10): Wait for page load successfully

2019-09-29 08:03:20 - [MESSAGE][PASSED] - Wait for page load successfully

2019-09-29 08:03:20 - [TEST_STEP][PASSED] - callTestCase(findTestCase("mobileWeb/_include/get_screenshot"), [:], STOP_ON_FAILURE): Call Test Case 'Test Cases/mobileWeb/_include/get_screenshot' successfully

2019-09-29 08:03:20 - [TEST_CASE][PASSED] - Test Cases/mobileWeb/_include/get_screenshot: Test Cases/mobileWeb/_include/get_screenshot

2019-09-29 08:03:20 - [TEST_STEP][PASSED] - takeScreenshot(screenPath + i + ".png"): Taking screenshot successfully

2019-09-29 08:03:21 - [MESSAGE][PASSED] - Taking screenshot successfully
[[ATTACHMENT|D:\\Test\\AgileTest\\Reports\\mobileWeb\\dental\\20190929_080046\\../Screenshots/iPhone 6/dental/Nationwide/20190929_080309/2.png]]

2019-09-29 08:03:21 - [TEST_STEP][PASSED] - (internal.GlobalVariable.i++): null

2019-09-29 08:03:21 - [MESSAGE][PASSED] - Call Test Case 'Test Cases/mobileWeb/_include/get_screenshot' successfully

2019-09-29 08:03:21 - [TEST_STEP][PASSED] - sendKeys(findTestObject("mobileSanity/Dental/census/input_Location_zip-input"), zipcode): Keys '35215' sent to object: 'Object Repository/mobileSanity/Dental/census/input_Location_zip-input'

2019-09-29 08:03:21 - [MESSAGE][PASSED] - Keys '35215' sent to object: 'Object Repository/mobileSanity/Dental/census/input_Location_zip-input'

2019-09-29 08:03:21 - [TEST_STEP][PASSED] - Thread.sleep(500): null

2019-09-29 08:03:21 - [TEST_STEP][PASSED] - setText(findTestObject("mobileSanity/Dental/census/input_Date of Birth_dob-0"), "12121980"): Text '12121980' is set on object 'Object Repository/mobileSanity/Dental/census/input_Date of Birth_dob-0'

2019-09-29 08:03:22 - [MESSAGE][PASSED] - Text '12121980' is set on object 'Object Repository/mobileSanity/Dental/census/input_Date of Birth_dob-0'

2019-09-29 08:03:22 - [TEST_STEP][PASSED] - click(findTestObject("mobileSanity/Dental/census/label_Male")): Object: 'Object Repository/mobileSanity/Dental/census/label_Male' is clicked on

2019-09-29 08:03:22 - [MESSAGE][PASSED] - Object: 'Object Repository/mobileSanity/Dental/census/label_Male' is clicked on

2019-09-29 08:03:22 - [TEST_STEP][PASSED] - click(findTestObject("mobileSanity/Dental/census/label_Compare Dental Insurance")): Object: 'Object Repository/mobileSanity/Dental/census/label_Compare Dental Insurance' is clicked on

2019-09-29 08:03:23 - [MESSAGE][PASSED] - Object: 'Object Repository/mobileSanity/Dental/census/label_Compare Dental Insurance' is clicked on

2019-09-29 08:03:23 - [TEST_STEP][PASSED] - waitForPageLoad(10): Wait for page load successfully

2019-09-29 08:03:24 - [MESSAGE][PASSED] - Wait for page load successfully

2019-09-29 08:03:24 - [TEST_STEP][PASSED] - Thread.sleep(2000): null

2019-09-29 08:03:26 - [TEST_STEP][PASSED] - callTestCase(findTestCase("mobileWeb/_include/get_screenshot"), [:], STOP_ON_FAILURE): Call Test Case 'Test Cases/mobileWeb/_include/get_screenshot' successfully

2019-09-29 08:03:26 - [TEST_CASE][PASSED] - Test Cases/mobileWeb/_include/get_screenshot: Test Cases/mobileWeb/_include/get_screenshot

2019-09-29 08:03:26 - [TEST_STEP][PASSED] - takeScreenshot(screenPath + i + ".png"): Taking screenshot successfully

2019-09-29 08:03:27 - [MESSAGE][PASSED] - Taking screenshot successfully
[[ATTACHMENT|D:\\Test\\AgileTest\\Reports\\mobileWeb\\dental\\20190929_080046\\../Screenshots/iPhone 6/dental/Nationwide/20190929_080309/3.png]]

2019-09-29 08:03:27 - [TEST_STEP][PASSED] - (internal.GlobalVariable.i++): null

2019-09-29 08:03:27 - [MESSAGE][PASSED] - Call Test Case 'Test Cases/mobileWeb/_include/get_screenshot' successfully

2019-09-29 08:03:27 - [MESSAGE][PASSED] - Call Test Case 'Test Cases/mobileWeb/_include/census_dental' successfully

2019-09-29 08:03:27 - [TEST_STEP][PASSED] - click(findTestObject("mobileSanity/Dental/filter/btn_filter")): Object: 'Object Repository/mobileSanity/Dental/filter/btn_filter' is clicked on

2019-09-29 08:03:27 - [MESSAGE][PASSED] - Object: 'Object Repository/mobileSanity/Dental/filter/btn_filter' is clicked on

2019-09-29 08:03:27 - [TEST_STEP][PASSED] - Thread.sleep(1000): null

2019-09-29 08:03:28 - [TEST_STEP][PASSED] - waitForElementVisible(findTestObject("mobileSanity/Dental/filter/btn_company"), 10): Object 'Object Repository/mobileSanity/Dental/filter/btn_company' is visible

2019-09-29 08:03:28 - [MESSAGE][PASSED] - Object 'Object Repository/mobileSanity/Dental/filter/btn_company' is visible

2019-09-29 08:03:28 - [TEST_STEP][PASSED] - click(findTestObject("mobileSanity/Dental/filter/btn_company")): Object: 'Object Repository/mobileSanity/Dental/filter/btn_company' is clicked on

2019-09-29 08:03:28 - [MESSAGE][PASSED] - Object: 'Object Repository/mobileSanity/Dental/filter/btn_company' is clicked on

2019-09-29 08:03:28 - [TEST_STEP][PASSED] - Thread.sleep(2000): null

2019-09-29 08:03:30 - [TEST_STEP][PASSED] - click(findTestObject("mobileSanity/Dental/filter/btn_nationwide")): Object: 'Object Repository/mobileSanity/Dental/filter/btn_nationwide' is clicked on

2019-09-29 08:03:30 - [MESSAGE][PASSED] - Object: 'Object Repository/mobileSanity/Dental/filter/btn_nationwide' is clicked on

2019-09-29 08:03:30 - [TEST_STEP][PASSED] - waitForJQueryLoad(20, STOP_ON_FAILURE): jQuery is ready.

2019-09-29 08:03:31 - [MESSAGE][PASSED] - jQuery is ready.

2019-09-29 08:03:31 - [TEST_STEP][PASSED] - callTestCase(findTestCase("mobileWeb/_include/get_screenshot"), [:], STOP_ON_FAILURE): Call Test Case 'Test Cases/mobileWeb/_include/get_screenshot' successfully

2019-09-29 08:03:31 - [TEST_CASE][PASSED] - Test Cases/mobileWeb/_include/get_screenshot: Test Cases/mobileWeb/_include/get_screenshot

2019-09-29 08:03:31 - [TEST_STEP][PASSED] - takeScreenshot(screenPath + i + ".png"): Taking screenshot successfully

2019-09-29 08:03:31 - [MESSAGE][PASSED] - Taking screenshot successfully
[[ATTACHMENT|D:\\Test\\AgileTest\\Reports\\mobileWeb\\dental\\20190929_080046\\../Screenshots/iPhone 6/dental/Nationwide/20190929_080309/4.png]]

2019-09-29 08:03:31 - [TEST_STEP][PASSED] - (internal.GlobalVariable.i++): null

2019-09-29 08:03:31 - [MESSAGE][PASSED] - Call Test Case 'Test Cases/mobileWeb/_include/get_screenshot' successfully

2019-09-29 08:03:31 - [TEST_STEP][PASSED] - click(findTestObject("mobileSanity/Dental/filter/btn_filter")): Object: 'Object Repository/mobileSanity/Dental/filter/btn_filter' is clicked on

2019-09-29 08:03:32 - [MESSAGE][PASSED] - Object: 'Object Repository/mobileSanity/Dental/filter/btn_filter' is clicked on

2019-09-29 08:03:32 - [TEST_STEP][PASSED] - click(findTestObject("mobileSanity/Dental/quote/a_Select This Plan")): Object: 'Object Repository/mobileSanity/Dental/quote/a_Select This Plan' is clicked on

2019-09-29 08:03:32 - [MESSAGE][PASSED] - Object: 'Object Repository/mobileSanity/Dental/quote/a_Select This Plan' is clicked on

2019-09-29 08:03:32 - [TEST_STEP][PASSED] - waitForPageLoad(10): Wait for page load successfully

2019-09-29 08:03:33 - [MESSAGE][PASSED] - Wait for page load successfully

2019-09-29 08:03:33 - [TEST_STEP][PASSED] - callTestCase(findTestCase("mobileWeb/_include/get_screenshot"), [:], STOP_ON_FAILURE): Call Test Case 'Test Cases/mobileWeb/_include/get_screenshot' successfully

2019-09-29 08:03:33 - [TEST_CASE][PASSED] - Test Cases/mobileWeb/_include/get_screenshot: Test Cases/mobileWeb/_include/get_screenshot

2019-09-29 08:03:33 - [TEST_STEP][PASSED] - takeScreenshot(screenPath + i + ".png"): Taking screenshot successfully

2019-09-29 08:03:33 - [MESSAGE][PASSED] - Taking screenshot successfully
[[ATTACHMENT|D:\\Test\\AgileTest\\Reports\\mobileWeb\\dental\\20190929_080046\\../Screenshots/iPhone 6/dental/Nationwide/20190929_080309/5.png]]

2019-09-29 08:03:33 - [TEST_STEP][PASSED] - (internal.GlobalVariable.i++): null

2019-09-29 08:03:33 - [MESSAGE][PASSED] - Call Test Case 'Test Cases/mobileWeb/_include/get_screenshot' successfully

2019-09-29 08:03:33 - [TEST_STEP][PASSED] - click(findTestObject("mobileSanity/Dental/apply/span_Start Secure Application")): Object: 'Object Repository/mobileSanity/Dental/apply/span_Start Secure Application' is clicked on

2019-09-29 08:03:34 - [MESSAGE][PASSED] - Object: 'Object Repository/mobileSanity/Dental/apply/span_Start Secure Application' is clicked on

2019-09-29 08:03:34 - [TEST_STEP][PASSED] - waitForPageLoad(10): Wait for page load successfully

2019-09-29 08:03:34 - [MESSAGE][PASSED] - Wait for page load successfully

2019-09-29 08:03:34 - [TEST_STEP][PASSED] - callTestCase(findTestCase("mobileWeb/_include/get_screenshot"), [:], STOP_ON_FAILURE): Call Test Case 'Test Cases/mobileWeb/_include/get_screenshot' successfully

2019-09-29 08:03:34 - [TEST_CASE][PASSED] - Test Cases/mobileWeb/_include/get_screenshot: Test Cases/mobileWeb/_include/get_screenshot

2019-09-29 08:03:34 - [TEST_STEP][PASSED] - takeScreenshot(screenPath + i + ".png"): Taking screenshot successfully

2019-09-29 08:03:36 - [MESSAGE][PASSED] - Taking screenshot successfully
[[ATTACHMENT|D:\\Test\\AgileTest\\Reports\\mobileWeb\\dental\\20190929_080046\\../Screenshots/iPhone 6/dental/Nationwide/20190929_080309/6.png]]

2019-09-29 08:03:36 - [TEST_STEP][PASSED] - (internal.GlobalVariable.i++): null

2019-09-29 08:03:36 - [MESSAGE][PASSED] - Call Test Case 'Test Cases/mobileWeb/_include/get_screenshot' successfully

2019-09-29 08:03:36 - [TEST_STEP][PASSED] - callTestCase(findTestCase("mobileWeb/_include/goToEnd_dental"), ["carrier":"nationwide"], STOP_ON_FAILURE): Call Test Case 'Test Cases/mobileWeb/_include/goToEnd_dental' successfully

2019-09-29 08:03:36 - [TEST_CASE][PASSED] - Test Cases/mobileWeb/_include/goToEnd_dental: Test Cases/mobileWeb/_include/goToEnd_dental

2019-09-29 08:03:36 - [TEST_STEP][PASSED] - callTestCase(findTestCase("mobileWeb/_include/name"), [:], CONTINUE_ON_FAILURE): Call Test Case 'Test Cases/mobileWeb/_include/name' successfully

2019-09-29 08:03:36 - [TEST_CASE][PASSED] - Test Cases/mobileWeb/_include/name: Test Cases/mobileWeb/_include/name

2019-09-29 08:03:36 - [TEST_STEP][PASSED] - driver = getWebDriver(): null

2019-09-29 08:03:36 - [TEST_STEP][PASSED] - selenium = new com.thoughtworks.selenium.webdriven.WebDriverBackedSelenium(driver, internal.GlobalVariable.ENV): null

2019-09-29 08:03:36 - [TEST_STEP][PASSED] - FirstName = "Test-123": null

2019-09-29 08:03:36 - [TEST_STEP][PASSED] - LastName = selenium.getEval("{var x="ABCDEFGHIJKLMNOPQRSTUVWXYZabcdefghijklmnopqrstuvwxyz"; var tmp="ZZ11-"; for (i=0;i<8;i++) tmp+=x.charAt(Math.ceil(51*Math.random()));tmp;}"): null

2019-09-29 08:03:36 - [TEST_STEP][PASSED] - Address = selenium.getEval("{var x="ABCDEFGHIJKLMNOPQRSTUVWXYZabcdefghijklmnopqrstuvwxyz"; var tmp=""; for (i=0;i<8;i++) tmp+=x.charAt(Math.ceil(51*Math.random()));tmp;}"): null

2019-09-29 08:03:36 - [TEST_STEP][PASSED] - City = selenium.getEval("{var x="ABCDEFGHIJKLMNOPQRSTUVWXYZabcdefghijklmnopqrstuvwxyz"; var tmp=""; for (i=0;i<8;i++) tmp+=x.charAt(Math.ceil(51*Math.random()));tmp;}"): null

2019-09-29 08:03:36 - [TEST_STEP][PASSED] - tel1 = selenium.getEval("{var x="123456789"; var tmp=""; for (i=0;i<3;i++) tmp+=x.charAt(Math.ceil(8*Math.random()));tmp;}"): null

2019-09-29 08:03:36 - [TEST_STEP][PASSED] - tel2 = selenium.getEval("{var x="123456789"; var tmp=""; for (i=0;i<3;i++) tmp+=x.charAt(Math.ceil(8*Math.random()));tmp;}"): null

2019-09-29 08:03:36 - [TEST_STEP][PASSED] - tel3 = selenium.getEval("{var x="123456789"; var tmp=""; for (i=0;i<4;i++) tmp+=x.charAt(Math.ceil(8*Math.random()));tmp;}"): null

2019-09-29 08:03:36 - [TEST_STEP][PASSED] - Tel = selenium.getExpression(tel1 + "-" + tel2 + "-" + tel3): null

2019-09-29 08:03:36 - [TEST_STEP][PASSED] - AutoEmail = selenium.getEval("{var x="ABCDEFGHIJKLMNOPQRSTUVWXYZabcdefghijklmnopqrstuvwxyz"; var tmp="test."; for (i=0;i<8;i++) tmp+=x.charAt(Math.ceil(51*Math.random()));tmp+="@suryani.cn";}"): null

2019-09-29 08:03:36 - [TEST_STEP][PASSED] - FirstName = FirstName: null

2019-09-29 08:03:36 - [TEST_STEP][PASSED] - LastName = LastName: null

2019-09-29 08:03:36 - [TEST_STEP][PASSED] - Address = Address: null

2019-09-29 08:03:36 - [TEST_STEP][PASSED] - City = City: null

2019-09-29 08:03:36 - [TEST_STEP][PASSED] - Tel = Tel: null

2019-09-29 08:03:36 - [TEST_STEP][PASSED] - AutoEmail = AutoEmail: null

2019-09-29 08:03:36 - [TEST_STEP][PASSED] - println(FirstName): null

2019-09-29 08:03:36 - [TEST_STEP][PASSED] - println(LastName): null

2019-09-29 08:03:36 - [TEST_STEP][PASSED] - println(Address): null

2019-09-29 08:03:36 - [TEST_STEP][PASSED] - println(City): null

2019-09-29 08:03:36 - [TEST_STEP][PASSED] - println(Tel): null

2019-09-29 08:03:36 - [TEST_STEP][PASSED] - println(AutoEmail): null

2019-09-29 08:03:36 - [MESSAGE][PASSED] - Call Test Case 'Test Cases/mobileWeb/_include/name' successfully

2019-09-29 08:03:36 - [TEST_STEP][PASSED] - Thread.sleep(3000): null

2019-09-29 08:03:39 - [TEST_STEP][PASSED] - setText(findTestObject("mobileSanity/Dental/app_page1/input__member-P-1-firstName"), FirstName): Text 'Test-123' is set on object 'Object Repository/mobileSanity/Dental/app_page1/input__member-P-1-firstName'

2019-09-29 08:03:40 - [MESSAGE][PASSED] - Text 'Test-123' is set on object 'Object Repository/mobileSanity/Dental/app_page1/input__member-P-1-firstName'

2019-09-29 08:03:40 - [TEST_STEP][PASSED] - setText(findTestObject("mobileSanity/Dental/app_page1/input__member-P-1-lastName"), LastName): Text 'ZZ11-qrSeQbQE' is set on object 'Object Repository/mobileSanity/Dental/app_page1/input__member-P-1-lastName'

2019-09-29 08:03:40 - [MESSAGE][PASSED] - Text 'ZZ11-qrSeQbQE' is set on object 'Object Repository/mobileSanity/Dental/app_page1/input__member-P-1-lastName'

2019-09-29 08:03:40 - [TEST_STEP][PASSED] - setText(findTestObject("mobileSanity/Dental/app_page1/input__address"), Address): Text 'ZcBTkfNE' is set on object 'Object Repository/mobileSanity/Dental/app_page1/input__address'

2019-09-29 08:03:40 - [MESSAGE][PASSED] - Text 'ZcBTkfNE' is set on object 'Object Repository/mobileSanity/Dental/app_page1/input__address'

2019-09-29 08:03:40 - [TEST_STEP][PASSED] - setText(findTestObject("mobileSanity/Dental/app_page1/input__city"), City): Text 'ZIQeLkdR' is set on object 'Object Repository/mobileSanity/Dental/app_page1/input__city'

2019-09-29 08:03:40 - [MESSAGE][PASSED] - Text 'ZIQeLkdR' is set on object 'Object Repository/mobileSanity/Dental/app_page1/input__city'

2019-09-29 08:03:40 - [TEST_STEP][PASSED] - setText(findTestObject("mobileSanity/Dental/app_page1/input__email"), AutoEmail): Text 'test.oWnbzHcN@suryani.cn' is set on object 'Object Repository/mobileSanity/Dental/app_page1/input__email'

2019-09-29 08:03:41 - [MESSAGE][PASSED] - Text 'test.oWnbzHcN@suryani.cn' is set on object 'Object Repository/mobileSanity/Dental/app_page1/input__email'

2019-09-29 08:03:41 - [TEST_STEP][PASSED] - setText(findTestObject("mobileSanity/Dental/app_page1/input_phone"), Tel): Text '282-889-7898' is set on object 'Object Repository/mobileSanity/Dental/app_page1/input_phone'

2019-09-29 08:03:41 - [MESSAGE][PASSED] - Text '282-889-7898' is set on object 'Object Repository/mobileSanity/Dental/app_page1/input_phone'

2019-09-29 08:03:41 - [TEST_STEP][PASSED] - click(findTestObject("mobileSanity/Dental/app_page1/a_Continue to Step 2 - Payment")): Object: 'Object Repository/mobileSanity/Dental/app_page1/a_Continue to Step 2 - Payment' is clicked on

2019-09-29 08:03:41 - [MESSAGE][PASSED] - Object: 'Object Repository/mobileSanity/Dental/app_page1/a_Continue to Step 2 - Payment' is clicked on

2019-09-29 08:03:41 - [TEST_STEP][PASSED] - waitForPageLoad(10): Wait for page load successfully

2019-09-29 08:03:41 - [MESSAGE][PASSED] - Wait for page load successfully

2019-09-29 08:03:41 - [TEST_STEP][PASSED] - Thread.sleep(2000): null

2019-09-29 08:03:43 - [TEST_STEP][PASSED] - if (carrier == "usa"): null

2019-09-29 08:03:43 - [TEST_STEP][PASSED] - callTestCase(findTestCase("mobileWeb/_include/get_screenshot"), [:], STOP_ON_FAILURE): Call Test Case 'Test Cases/mobileWeb/_include/get_screenshot' successfully

2019-09-29 08:03:43 - [TEST_CASE][PASSED] - Test Cases/mobileWeb/_include/get_screenshot: Test Cases/mobileWeb/_include/get_screenshot

2019-09-29 08:03:43 - [TEST_STEP][PASSED] - takeScreenshot(screenPath + i + ".png"): Taking screenshot successfully

2019-09-29 08:03:44 - [MESSAGE][PASSED] - Taking screenshot successfully
[[ATTACHMENT|D:\\Test\\AgileTest\\Reports\\mobileWeb\\dental\\20190929_080046\\../Screenshots/iPhone 6/dental/Nationwide/20190929_080309/7.png]]

2019-09-29 08:03:44 - [TEST_STEP][PASSED] - (internal.GlobalVariable.i++): null

2019-09-29 08:03:44 - [MESSAGE][PASSED] - Call Test Case 'Test Cases/mobileWeb/_include/get_screenshot' successfully

2019-09-29 08:03:44 - [TEST_STEP][PASSED] - setText(findTestObject("mobileSanity/Dental/app_page2/input__credit-card-first"), FirstName): Text 'Test-123' is set on object 'Object Repository/mobileSanity/Dental/app_page2/input__credit-card-first'

2019-09-29 08:03:44 - [MESSAGE][PASSED] - Text 'Test-123' is set on object 'Object Repository/mobileSanity/Dental/app_page2/input__credit-card-first'

2019-09-29 08:03:44 - [TEST_STEP][PASSED] - setText(findTestObject("mobileSanity/Dental/app_page2/input__credit-card-last"), LastName): Text 'ZZ11-qrSeQbQE' is set on object 'Object Repository/mobileSanity/Dental/app_page2/input__credit-card-last'

2019-09-29 08:03:44 - [MESSAGE][PASSED] - Text 'ZZ11-qrSeQbQE' is set on object 'Object Repository/mobileSanity/Dental/app_page2/input__credit-card-last'

2019-09-29 08:03:44 - [TEST_STEP][PASSED] - selectOptionByValue(findTestObject("mobileSanity/Dental/app_page2/select_MM010203040506070809101"), "12", true): All options with value '12' are selected in object 'Object Repository/mobileSanity/Dental/app_page2/select_MM010203040506070809101'  using regular expression

2019-09-29 08:03:44 - [MESSAGE][PASSED] - All options with value '12' are selected in object 'Object Repository/mobileSanity/Dental/app_page2/select_MM010203040506070809101'  using regular expression

2019-09-29 08:03:44 - [TEST_STEP][PASSED] - selectOptionByValue(findTestObject("mobileSanity/Dental/app_page2/select_YYYY2019202020212022202"), "2026", true): All options with value '2026' are selected in object 'Object Repository/mobileSanity/Dental/app_page2/select_YYYY2019202020212022202'  using regular expression

2019-09-29 08:03:44 - [MESSAGE][PASSED] - All options with value '2026' are selected in object 'Object Repository/mobileSanity/Dental/app_page2/select_YYYY2019202020212022202'  using regular expression

2019-09-29 08:03:44 - [TEST_STEP][PASSED] - setText(findTestObject("mobileSanity/Dental/app_page2/input__credit-card-number"), "4111111111111111"): Text '4111111111111111' is set on object 'Object Repository/mobileSanity/Dental/app_page2/input__credit-card-number'

2019-09-29 08:03:45 - [MESSAGE][PASSED] - Text '4111111111111111' is set on object 'Object Repository/mobileSanity/Dental/app_page2/input__credit-card-number'

2019-09-29 08:03:45 - [TEST_STEP][PASSED] - setText(findTestObject("mobileSanity/Dental/app_page2/input__cvv"), "123"): Text '123' is set on object 'Object Repository/mobileSanity/Dental/app_page2/input__cvv'

2019-09-29 08:03:45 - [MESSAGE][PASSED] - Text '123' is set on object 'Object Repository/mobileSanity/Dental/app_page2/input__cvv'

2019-09-29 08:03:45 - [TEST_STEP][PASSED] - click(findTestObject("mobileSanity/Dental/app_page2/label_My billing address is th")): Object: 'Object Repository/mobileSanity/Dental/app_page2/label_My billing address is th' is clicked on

2019-09-29 08:03:45 - [MESSAGE][PASSED] - Object: 'Object Repository/mobileSanity/Dental/app_page2/label_My billing address is th' is clicked on

2019-09-29 08:03:45 - [TEST_STEP][PASSED] - click(findTestObject("mobileSanity/Dental/app_page2/label_I Accept Authorization f")): Object: 'Object Repository/mobileSanity/Dental/app_page2/label_I Accept Authorization f' is clicked on

2019-09-29 08:03:45 - [MESSAGE][PASSED] - Object: 'Object Repository/mobileSanity/Dental/app_page2/label_I Accept Authorization f' is clicked on

2019-09-29 08:03:45 - [TEST_STEP][PASSED] - click(findTestObject("mobileSanity/Dental/app_page2/a_Continue to Step 3 - Review")): Object: 'Object Repository/mobileSanity/Dental/app_page2/a_Continue to Step 3 - Review' is clicked on

2019-09-29 08:03:45 - [MESSAGE][PASSED] - Object: 'Object Repository/mobileSanity/Dental/app_page2/a_Continue to Step 3 - Review' is clicked on

2019-09-29 08:03:45 - [TEST_STEP][PASSED] - waitForPageLoad(20): Wait for page load successfully

2019-09-29 08:03:45 - [MESSAGE][PASSED] - Wait for page load successfully

2019-09-29 08:03:45 - [TEST_STEP][PASSED] - Thread.sleep(2000): null

2019-09-29 08:03:47 - [TEST_STEP][PASSED] - waitForElementClickable(findTestObject("mobileSanity/Dental/app_page3/label"), 20): Object 'Object Repository/mobileSanity/Dental/app_page3/label' is clickable

2019-09-29 08:03:56 - [MESSAGE][PASSED] - Object 'Object Repository/mobileSanity/Dental/app_page3/label' is clickable

2019-09-29 08:03:56 - [TEST_STEP][PASSED] - callTestCase(findTestCase("mobileWeb/_include/get_screenshot"), [:], STOP_ON_FAILURE): Call Test Case 'Test Cases/mobileWeb/_include/get_screenshot' successfully

2019-09-29 08:03:56 - [TEST_CASE][PASSED] - Test Cases/mobileWeb/_include/get_screenshot: Test Cases/mobileWeb/_include/get_screenshot

2019-09-29 08:03:56 - [TEST_STEP][PASSED] - takeScreenshot(screenPath + i + ".png"): Taking screenshot successfully

2019-09-29 08:03:57 - [MESSAGE][PASSED] - Taking screenshot successfully
[[ATTACHMENT|D:\\Test\\AgileTest\\Reports\\mobileWeb\\dental\\20190929_080046\\../Screenshots/iPhone 6/dental/Nationwide/20190929_080309/8.png]]

2019-09-29 08:03:57 - [TEST_STEP][PASSED] - (internal.GlobalVariable.i++): null

2019-09-29 08:03:57 - [MESSAGE][PASSED] - Call Test Case 'Test Cases/mobileWeb/_include/get_screenshot' successfully

2019-09-29 08:03:57 - [TEST_STEP][PASSED] - click(findTestObject("mobileSanity/Dental/app_page3/label")): Object: 'Object Repository/mobileSanity/Dental/app_page3/label' is clicked on

2019-09-29 08:03:57 - [MESSAGE][PASSED] - Object: 'Object Repository/mobileSanity/Dental/app_page3/label' is clicked on

2019-09-29 08:03:57 - [TEST_STEP][PASSED] - click(findTestObject("mobileSanity/Dental/app_page3/p_CLICK TO SIGN")): Object: 'Object Repository/mobileSanity/Dental/app_page3/p_CLICK TO SIGN' is clicked on

2019-09-29 08:03:57 - [MESSAGE][PASSED] - Object: 'Object Repository/mobileSanity/Dental/app_page3/p_CLICK TO SIGN' is clicked on

2019-09-29 08:03:57 - [TEST_STEP][PASSED] - click(findTestObject("mobileSanity/Dental/app_page3/a_Submit Your Application")): Object: 'Object Repository/mobileSanity/Dental/app_page3/a_Submit Your Application' is clicked on

2019-09-29 08:03:57 - [MESSAGE][PASSED] - Object: 'Object Repository/mobileSanity/Dental/app_page3/a_Submit Your Application' is clicked on

2019-09-29 08:03:57 - [TEST_STEP][PASSED] - Thread.sleep(50000): null

2019-09-29 08:04:47 - [TEST_STEP][PASSED] - waitForElementPresent(findTestObject("mobileSanity/Dental/app_page4/js-app-confirmation"), 20): Object 'Object Repository/mobileSanity/Dental/app_page4/js-app-confirmation' is present

2019-09-29 08:04:47 - [MESSAGE][PASSED] - Object 'Object Repository/mobileSanity/Dental/app_page4/js-app-confirmation' is present

2019-09-29 08:04:47 - [TEST_STEP][PASSED] - callTestCase(findTestCase("mobileWeb/_include/get_screenshot"), [:], STOP_ON_FAILURE): Call Test Case 'Test Cases/mobileWeb/_include/get_screenshot' successfully

2019-09-29 08:04:47 - [TEST_CASE][PASSED] - Test Cases/mobileWeb/_include/get_screenshot: Test Cases/mobileWeb/_include/get_screenshot

2019-09-29 08:04:47 - [TEST_STEP][PASSED] - takeScreenshot(screenPath + i + ".png"): Taking screenshot successfully

2019-09-29 08:04:47 - [MESSAGE][PASSED] - Taking screenshot successfully
[[ATTACHMENT|D:\\Test\\AgileTest\\Reports\\mobileWeb\\dental\\20190929_080046\\../Screenshots/iPhone 6/dental/Nationwide/20190929_080309/9.png]]

2019-09-29 08:04:47 - [TEST_STEP][PASSED] - (internal.GlobalVariable.i++): null

2019-09-29 08:04:47 - [MESSAGE][PASSED] - Call Test Case 'Test Cases/mobileWeb/_include/get_screenshot' successfully

2019-09-29 08:04:47 - [MESSAGE][PASSED] - Call Test Case 'Test Cases/mobileWeb/_include/goToEnd_dental' successfully]]></system-out>
         <system-err><![CDATA[]]></system-err>
      </testcase>
      <testcase name="Test Cases/mobileWeb/Dental/USA Access" classname="Test Cases/mobileWeb/Dental/USA Access" status="PASSED">
         <system-out><![CDATA[2019-09-29 08:04:47 - [TEST_CASE][PASSED] - Test Cases/mobileWeb/Dental/USA Access: Test Cases/mobileWeb/Dental/USA Access

2019-09-29 08:04:47 - [TEST_STEP][PASSED] - callTestCase(findTestCase("mobileWeb/_include/get_screenPath"), ["productLine":"dental", "carrierName":"USA Access"], CONTINUE_ON_FAILURE): Call Test Case 'Test Cases/mobileWeb/_include/get_screenPath' successfully

2019-09-29 08:04:48 - [TEST_CASE][PASSED] - Test Cases/mobileWeb/_include/get_screenPath: Test Cases/mobileWeb/_include/get_screenPath

2019-09-29 08:04:48 - [TEST_STEP][PASSED] - m = getExecutionProperties(): null

2019-09-29 08:04:48 - [TEST_STEP][PASSED] - deviceName = get("mobileEmulation").get("deviceName"): null

2019-09-29 08:04:48 - [TEST_STEP][PASSED] - println(deviceName): null

2019-09-29 08:04:48 - [TEST_STEP][PASSED] - now = new java.util.Date(): null

2019-09-29 08:04:48 - [TEST_STEP][PASSED] - mydate = now.format("yyyyMMdd_HHmmss"): null

2019-09-29 08:04:48 - [TEST_STEP][PASSED] - screenPath = "../Screenshots/": null

2019-09-29 08:04:48 - [TEST_STEP][PASSED] - screenPath = screenPath + deviceName + "/" + productLine + "/" + carrierName + "/" + mydate + "/": null

2019-09-29 08:04:48 - [TEST_STEP][PASSED] - println(screenPath): null

2019-09-29 08:04:48 - [MESSAGE][PASSED] - Call Test Case 'Test Cases/mobileWeb/_include/get_screenPath' successfully

2019-09-29 08:04:48 - [TEST_STEP][PASSED] - i = 0: null

2019-09-29 08:04:48 - [TEST_STEP][PASSED] - callTestCase(findTestCase("mobileWeb/_include/openWebSite"), [:], STOP_ON_FAILURE): Call Test Case 'Test Cases/mobileWeb/_include/openWebSite' successfully

2019-09-29 08:04:48 - [TEST_CASE][PASSED] - Test Cases/mobileWeb/_include/openWebSite: Test Cases/mobileWeb/_include/openWebSite

2019-09-29 08:04:48 - [TEST_STEP][PASSED] - openBrowser(env): Browser is opened with url: 'https://praetemptatus.agilehealthinsurance.com'

2019-09-29 08:04:48 - [MESSAGE][WARNING] - A browser is already opened. Closing browser and opening a new one

2019-09-29 08:04:48 - [MESSAGE][INFO] - Starting 'Chrome' driver

2019-09-29 08:04:48 - [MESSAGE][INFO] - User set preference: ['mobileEmulation', '{deviceName=iPhone 6}']

2019-09-29 08:04:48 - [MESSAGE][INFO] - User set preference: ['args', '[--incognito, --aggressive-cache-discard, --window-size=375,677, --no-sandbox]']

2019-09-29 08:04:51 - [MESSAGE][PASSED] - Browser is opened with url: 'https://praetemptatus.agilehealthinsurance.com'

2019-09-29 08:04:51 - [TEST_STEP][PASSED] - waitForPageLoad(20): Wait for page load successfully

2019-09-29 08:04:51 - [MESSAGE][PASSED] - Wait for page load successfully

2019-09-29 08:04:51 - [TEST_STEP][PASSED] - Thread.sleep(2000): null

2019-09-29 08:04:53 - [TEST_STEP][PASSED] - callTestCase(findTestCase("mobileWeb/_include/get_screenshot"), [:], STOP_ON_FAILURE): Call Test Case 'Test Cases/mobileWeb/_include/get_screenshot' successfully

2019-09-29 08:04:53 - [TEST_CASE][PASSED] - Test Cases/mobileWeb/_include/get_screenshot: Test Cases/mobileWeb/_include/get_screenshot

2019-09-29 08:04:53 - [TEST_STEP][PASSED] - takeScreenshot(screenPath + i + ".png"): Taking screenshot successfully

2019-09-29 08:04:54 - [MESSAGE][PASSED] - Taking screenshot successfully
[[ATTACHMENT|D:\\Test\\AgileTest\\Reports\\mobileWeb\\dental\\20190929_080046\\../Screenshots/iPhone 6/dental/USA Access/20190929_080448/0.png]]

2019-09-29 08:04:54 - [TEST_STEP][PASSED] - (internal.GlobalVariable.i++): null

2019-09-29 08:04:54 - [MESSAGE][PASSED] - Call Test Case 'Test Cases/mobileWeb/_include/get_screenshot' successfully

2019-09-29 08:04:54 - [MESSAGE][PASSED] - Call Test Case 'Test Cases/mobileWeb/_include/openWebSite' successfully

2019-09-29 08:04:54 - [TEST_STEP][PASSED] - callTestCase(findTestCase("mobileWeb/_include/census_dental"), [:], STOP_ON_FAILURE): Call Test Case 'Test Cases/mobileWeb/_include/census_dental' successfully

2019-09-29 08:04:54 - [TEST_CASE][PASSED] - Test Cases/mobileWeb/_include/census_dental: Test Cases/mobileWeb/_include/census_dental

2019-09-29 08:04:54 - [TEST_STEP][PASSED] - click(findTestObject("mobileSanity/Common/side_nav/menu")): Object: 'Object Repository/mobileSanity/Common/side_nav/menu' is clicked on

2019-09-29 08:04:54 - [MESSAGE][PASSED] - Object: 'Object Repository/mobileSanity/Common/side_nav/menu' is clicked on

2019-09-29 08:04:54 - [TEST_STEP][PASSED] - Thread.sleep(3000): null

2019-09-29 08:04:57 - [TEST_STEP][PASSED] - callTestCase(findTestCase("mobileWeb/_include/get_screenshot"), [:], STOP_ON_FAILURE): Call Test Case 'Test Cases/mobileWeb/_include/get_screenshot' successfully

2019-09-29 08:04:57 - [TEST_CASE][PASSED] - Test Cases/mobileWeb/_include/get_screenshot: Test Cases/mobileWeb/_include/get_screenshot

2019-09-29 08:04:57 - [TEST_STEP][PASSED] - takeScreenshot(screenPath + i + ".png"): Taking screenshot successfully

2019-09-29 08:04:58 - [MESSAGE][PASSED] - Taking screenshot successfully
[[ATTACHMENT|D:\\Test\\AgileTest\\Reports\\mobileWeb\\dental\\20190929_080046\\../Screenshots/iPhone 6/dental/USA Access/20190929_080448/1.png]]

2019-09-29 08:04:58 - [TEST_STEP][PASSED] - (internal.GlobalVariable.i++): null

2019-09-29 08:04:58 - [MESSAGE][PASSED] - Call Test Case 'Test Cases/mobileWeb/_include/get_screenshot' successfully

2019-09-29 08:04:58 - [TEST_STEP][PASSED] - click(findTestObject("mobileSanity/Common/side_nav/nav_dental")): Object: 'Object Repository/mobileSanity/Common/side_nav/nav_dental' is clicked on

2019-09-29 08:04:59 - [MESSAGE][PASSED] - Object: 'Object Repository/mobileSanity/Common/side_nav/nav_dental' is clicked on

2019-09-29 08:04:59 - [TEST_STEP][PASSED] - waitForPageLoad(10): Wait for page load successfully

2019-09-29 08:04:59 - [MESSAGE][PASSED] - Wait for page load successfully

2019-09-29 08:04:59 - [TEST_STEP][PASSED] - callTestCase(findTestCase("mobileWeb/_include/get_screenshot"), [:], STOP_ON_FAILURE): Call Test Case 'Test Cases/mobileWeb/_include/get_screenshot' successfully

2019-09-29 08:04:59 - [TEST_CASE][PASSED] - Test Cases/mobileWeb/_include/get_screenshot: Test Cases/mobileWeb/_include/get_screenshot

2019-09-29 08:04:59 - [TEST_STEP][PASSED] - takeScreenshot(screenPath + i + ".png"): Taking screenshot successfully

2019-09-29 08:05:00 - [MESSAGE][PASSED] - Taking screenshot successfully
[[ATTACHMENT|D:\\Test\\AgileTest\\Reports\\mobileWeb\\dental\\20190929_080046\\../Screenshots/iPhone 6/dental/USA Access/20190929_080448/2.png]]

2019-09-29 08:05:00 - [TEST_STEP][PASSED] - (internal.GlobalVariable.i++): null

2019-09-29 08:05:00 - [MESSAGE][PASSED] - Call Test Case 'Test Cases/mobileWeb/_include/get_screenshot' successfully

2019-09-29 08:05:00 - [TEST_STEP][PASSED] - sendKeys(findTestObject("mobileSanity/Dental/census/input_Location_zip-input"), zipcode): Keys '35215' sent to object: 'Object Repository/mobileSanity/Dental/census/input_Location_zip-input'

2019-09-29 08:05:00 - [MESSAGE][PASSED] - Keys '35215' sent to object: 'Object Repository/mobileSanity/Dental/census/input_Location_zip-input'

2019-09-29 08:05:00 - [TEST_STEP][PASSED] - Thread.sleep(500): null

2019-09-29 08:05:00 - [TEST_STEP][PASSED] - setText(findTestObject("mobileSanity/Dental/census/input_Date of Birth_dob-0"), "12121980"): Text '12121980' is set on object 'Object Repository/mobileSanity/Dental/census/input_Date of Birth_dob-0'

2019-09-29 08:05:01 - [MESSAGE][PASSED] - Text '12121980' is set on object 'Object Repository/mobileSanity/Dental/census/input_Date of Birth_dob-0'

2019-09-29 08:05:01 - [TEST_STEP][PASSED] - click(findTestObject("mobileSanity/Dental/census/label_Male")): Object: 'Object Repository/mobileSanity/Dental/census/label_Male' is clicked on

2019-09-29 08:05:01 - [MESSAGE][PASSED] - Object: 'Object Repository/mobileSanity/Dental/census/label_Male' is clicked on

2019-09-29 08:05:01 - [TEST_STEP][PASSED] - click(findTestObject("mobileSanity/Dental/census/label_Compare Dental Insurance")): Object: 'Object Repository/mobileSanity/Dental/census/label_Compare Dental Insurance' is clicked on

2019-09-29 08:05:02 - [MESSAGE][PASSED] - Object: 'Object Repository/mobileSanity/Dental/census/label_Compare Dental Insurance' is clicked on

2019-09-29 08:05:02 - [TEST_STEP][PASSED] - waitForPageLoad(10): Wait for page load successfully

2019-09-29 08:05:02 - [MESSAGE][PASSED] - Wait for page load successfully

2019-09-29 08:05:02 - [TEST_STEP][PASSED] - Thread.sleep(2000): null

2019-09-29 08:05:04 - [TEST_STEP][PASSED] - callTestCase(findTestCase("mobileWeb/_include/get_screenshot"), [:], STOP_ON_FAILURE): Call Test Case 'Test Cases/mobileWeb/_include/get_screenshot' successfully

2019-09-29 08:05:04 - [TEST_CASE][PASSED] - Test Cases/mobileWeb/_include/get_screenshot: Test Cases/mobileWeb/_include/get_screenshot

2019-09-29 08:05:04 - [TEST_STEP][PASSED] - takeScreenshot(screenPath + i + ".png"): Taking screenshot successfully

2019-09-29 08:05:05 - [MESSAGE][PASSED] - Taking screenshot successfully
[[ATTACHMENT|D:\\Test\\AgileTest\\Reports\\mobileWeb\\dental\\20190929_080046\\../Screenshots/iPhone 6/dental/USA Access/20190929_080448/3.png]]

2019-09-29 08:05:05 - [TEST_STEP][PASSED] - (internal.GlobalVariable.i++): null

2019-09-29 08:05:05 - [MESSAGE][PASSED] - Call Test Case 'Test Cases/mobileWeb/_include/get_screenshot' successfully

2019-09-29 08:05:05 - [MESSAGE][PASSED] - Call Test Case 'Test Cases/mobileWeb/_include/census_dental' successfully

2019-09-29 08:05:05 - [TEST_STEP][PASSED] - comment("-------------quote page--------------------"): -------------quote page--------------------

2019-09-29 08:05:05 - [MESSAGE][INFO] - -------------quote page--------------------

2019-09-29 08:05:05 - [TEST_STEP][PASSED] - click(findTestObject("mobileSanity/Dental/filter/btn_filter")): Object: 'Object Repository/mobileSanity/Dental/filter/btn_filter' is clicked on

2019-09-29 08:05:05 - [MESSAGE][PASSED] - Object: 'Object Repository/mobileSanity/Dental/filter/btn_filter' is clicked on

2019-09-29 08:05:05 - [TEST_STEP][PASSED] - waitForElementVisible(findTestObject("mobileSanity/Dental/filter/btn_company"), 10): Object 'Object Repository/mobileSanity/Dental/filter/btn_company' is visible

2019-09-29 08:05:05 - [MESSAGE][PASSED] - Object 'Object Repository/mobileSanity/Dental/filter/btn_company' is visible

2019-09-29 08:05:05 - [TEST_STEP][PASSED] - click(findTestObject("mobileSanity/Dental/filter/btn_company")): Object: 'Object Repository/mobileSanity/Dental/filter/btn_company' is clicked on

2019-09-29 08:05:05 - [MESSAGE][PASSED] - Object: 'Object Repository/mobileSanity/Dental/filter/btn_company' is clicked on

2019-09-29 08:05:05 - [TEST_STEP][PASSED] - Thread.sleep(2000): null

2019-09-29 08:05:07 - [TEST_STEP][PASSED] - click(findTestObject("mobileSanity/Dental/filter/btn_usa")): Object: 'Object Repository/mobileSanity/Dental/filter/btn_usa' is clicked on

2019-09-29 08:05:07 - [MESSAGE][PASSED] - Object: 'Object Repository/mobileSanity/Dental/filter/btn_usa' is clicked on

2019-09-29 08:05:07 - [TEST_STEP][PASSED] - waitForJQueryLoad(20, STOP_ON_FAILURE): jQuery is ready.

2019-09-29 08:05:08 - [MESSAGE][PASSED] - jQuery is ready.

2019-09-29 08:05:08 - [TEST_STEP][PASSED] - callTestCase(findTestCase("mobileWeb/_include/get_screenshot"), [:], STOP_ON_FAILURE): Call Test Case 'Test Cases/mobileWeb/_include/get_screenshot' successfully

2019-09-29 08:05:08 - [TEST_CASE][PASSED] - Test Cases/mobileWeb/_include/get_screenshot: Test Cases/mobileWeb/_include/get_screenshot

2019-09-29 08:05:08 - [TEST_STEP][PASSED] - takeScreenshot(screenPath + i + ".png"): Taking screenshot successfully

2019-09-29 08:05:09 - [MESSAGE][PASSED] - Taking screenshot successfully
[[ATTACHMENT|D:\\Test\\AgileTest\\Reports\\mobileWeb\\dental\\20190929_080046\\../Screenshots/iPhone 6/dental/USA Access/20190929_080448/4.png]]

2019-09-29 08:05:09 - [TEST_STEP][PASSED] - (internal.GlobalVariable.i++): null

2019-09-29 08:05:09 - [MESSAGE][PASSED] - Call Test Case 'Test Cases/mobileWeb/_include/get_screenshot' successfully

2019-09-29 08:05:09 - [TEST_STEP][PASSED] - click(findTestObject("mobileSanity/Dental/filter/btn_filter")): Object: 'Object Repository/mobileSanity/Dental/filter/btn_filter' is clicked on

2019-09-29 08:05:09 - [MESSAGE][PASSED] - Object: 'Object Repository/mobileSanity/Dental/filter/btn_filter' is clicked on

2019-09-29 08:05:09 - [TEST_STEP][PASSED] - click(findTestObject("mobileSanity/Dental/quote/a_Select This Plan")): Object: 'Object Repository/mobileSanity/Dental/quote/a_Select This Plan' is clicked on

2019-09-29 08:05:09 - [MESSAGE][PASSED] - Object: 'Object Repository/mobileSanity/Dental/quote/a_Select This Plan' is clicked on

2019-09-29 08:05:09 - [TEST_STEP][PASSED] - waitForPageLoad(10): Wait for page load successfully

2019-09-29 08:05:09 - [MESSAGE][PASSED] - Wait for page load successfully

2019-09-29 08:05:09 - [TEST_STEP][PASSED] - callTestCase(findTestCase("mobileWeb/_include/get_screenshot"), [:], STOP_ON_FAILURE): Call Test Case 'Test Cases/mobileWeb/_include/get_screenshot' successfully

2019-09-29 08:05:10 - [TEST_CASE][PASSED] - Test Cases/mobileWeb/_include/get_screenshot: Test Cases/mobileWeb/_include/get_screenshot

2019-09-29 08:05:10 - [TEST_STEP][PASSED] - takeScreenshot(screenPath + i + ".png"): Taking screenshot successfully

2019-09-29 08:05:10 - [MESSAGE][PASSED] - Taking screenshot successfully
[[ATTACHMENT|D:\\Test\\AgileTest\\Reports\\mobileWeb\\dental\\20190929_080046\\../Screenshots/iPhone 6/dental/USA Access/20190929_080448/5.png]]

2019-09-29 08:05:10 - [TEST_STEP][PASSED] - (internal.GlobalVariable.i++): null

2019-09-29 08:05:10 - [MESSAGE][PASSED] - Call Test Case 'Test Cases/mobileWeb/_include/get_screenshot' successfully

2019-09-29 08:05:10 - [TEST_STEP][PASSED] - click(findTestObject("mobileSanity/Dental/apply/span_Start Secure Application")): Object: 'Object Repository/mobileSanity/Dental/apply/span_Start Secure Application' is clicked on

2019-09-29 08:05:11 - [MESSAGE][PASSED] - Object: 'Object Repository/mobileSanity/Dental/apply/span_Start Secure Application' is clicked on

2019-09-29 08:05:11 - [TEST_STEP][PASSED] - waitForPageLoad(10): Wait for page load successfully

2019-09-29 08:05:11 - [MESSAGE][PASSED] - Wait for page load successfully

2019-09-29 08:05:11 - [TEST_STEP][PASSED] - callTestCase(findTestCase("mobileWeb/_include/get_screenshot"), [:], STOP_ON_FAILURE): Call Test Case 'Test Cases/mobileWeb/_include/get_screenshot' successfully

2019-09-29 08:05:11 - [TEST_CASE][PASSED] - Test Cases/mobileWeb/_include/get_screenshot: Test Cases/mobileWeb/_include/get_screenshot

2019-09-29 08:05:11 - [TEST_STEP][PASSED] - takeScreenshot(screenPath + i + ".png"): Taking screenshot successfully

2019-09-29 08:05:12 - [MESSAGE][PASSED] - Taking screenshot successfully
[[ATTACHMENT|D:\\Test\\AgileTest\\Reports\\mobileWeb\\dental\\20190929_080046\\../Screenshots/iPhone 6/dental/USA Access/20190929_080448/6.png]]

2019-09-29 08:05:12 - [TEST_STEP][PASSED] - (internal.GlobalVariable.i++): null

2019-09-29 08:05:12 - [MESSAGE][PASSED] - Call Test Case 'Test Cases/mobileWeb/_include/get_screenshot' successfully

2019-09-29 08:05:12 - [TEST_STEP][PASSED] - callTestCase(findTestCase("mobileWeb/_include/goToEnd_dental"), ["carrier":"usa"], STOP_ON_FAILURE): Call Test Case 'Test Cases/mobileWeb/_include/goToEnd_dental' successfully

2019-09-29 08:05:12 - [TEST_CASE][PASSED] - Test Cases/mobileWeb/_include/goToEnd_dental: Test Cases/mobileWeb/_include/goToEnd_dental

2019-09-29 08:05:12 - [TEST_STEP][PASSED] - callTestCase(findTestCase("mobileWeb/_include/name"), [:], CONTINUE_ON_FAILURE): Call Test Case 'Test Cases/mobileWeb/_include/name' successfully

2019-09-29 08:05:12 - [TEST_CASE][PASSED] - Test Cases/mobileWeb/_include/name: Test Cases/mobileWeb/_include/name

2019-09-29 08:05:12 - [TEST_STEP][PASSED] - driver = getWebDriver(): null

2019-09-29 08:05:12 - [TEST_STEP][PASSED] - selenium = new com.thoughtworks.selenium.webdriven.WebDriverBackedSelenium(driver, internal.GlobalVariable.ENV): null

2019-09-29 08:05:12 - [TEST_STEP][PASSED] - FirstName = "Test-123": null

2019-09-29 08:05:12 - [TEST_STEP][PASSED] - LastName = selenium.getEval("{var x="ABCDEFGHIJKLMNOPQRSTUVWXYZabcdefghijklmnopqrstuvwxyz"; var tmp="ZZ11-"; for (i=0;i<8;i++) tmp+=x.charAt(Math.ceil(51*Math.random()));tmp;}"): null

2019-09-29 08:05:12 - [TEST_STEP][PASSED] - Address = selenium.getEval("{var x="ABCDEFGHIJKLMNOPQRSTUVWXYZabcdefghijklmnopqrstuvwxyz"; var tmp=""; for (i=0;i<8;i++) tmp+=x.charAt(Math.ceil(51*Math.random()));tmp;}"): null

2019-09-29 08:05:12 - [TEST_STEP][PASSED] - City = selenium.getEval("{var x="ABCDEFGHIJKLMNOPQRSTUVWXYZabcdefghijklmnopqrstuvwxyz"; var tmp=""; for (i=0;i<8;i++) tmp+=x.charAt(Math.ceil(51*Math.random()));tmp;}"): null

2019-09-29 08:05:12 - [TEST_STEP][PASSED] - tel1 = selenium.getEval("{var x="123456789"; var tmp=""; for (i=0;i<3;i++) tmp+=x.charAt(Math.ceil(8*Math.random()));tmp;}"): null

2019-09-29 08:05:12 - [TEST_STEP][PASSED] - tel2 = selenium.getEval("{var x="123456789"; var tmp=""; for (i=0;i<3;i++) tmp+=x.charAt(Math.ceil(8*Math.random()));tmp;}"): null

2019-09-29 08:05:12 - [TEST_STEP][PASSED] - tel3 = selenium.getEval("{var x="123456789"; var tmp=""; for (i=0;i<4;i++) tmp+=x.charAt(Math.ceil(8*Math.random()));tmp;}"): null

2019-09-29 08:05:12 - [TEST_STEP][PASSED] - Tel = selenium.getExpression(tel1 + "-" + tel2 + "-" + tel3): null

2019-09-29 08:05:12 - [TEST_STEP][PASSED] - AutoEmail = selenium.getEval("{var x="ABCDEFGHIJKLMNOPQRSTUVWXYZabcdefghijklmnopqrstuvwxyz"; var tmp="test."; for (i=0;i<8;i++) tmp+=x.charAt(Math.ceil(51*Math.random()));tmp+="@suryani.cn";}"): null

2019-09-29 08:05:12 - [TEST_STEP][PASSED] - FirstName = FirstName: null

2019-09-29 08:05:12 - [TEST_STEP][PASSED] - LastName = LastName: null

2019-09-29 08:05:12 - [TEST_STEP][PASSED] - Address = Address: null

2019-09-29 08:05:12 - [TEST_STEP][PASSED] - City = City: null

2019-09-29 08:05:12 - [TEST_STEP][PASSED] - Tel = Tel: null

2019-09-29 08:05:12 - [TEST_STEP][PASSED] - AutoEmail = AutoEmail: null

2019-09-29 08:05:12 - [TEST_STEP][PASSED] - println(FirstName): null

2019-09-29 08:05:12 - [TEST_STEP][PASSED] - println(LastName): null

2019-09-29 08:05:12 - [TEST_STEP][PASSED] - println(Address): null

2019-09-29 08:05:12 - [TEST_STEP][PASSED] - println(City): null

2019-09-29 08:05:12 - [TEST_STEP][PASSED] - println(Tel): null

2019-09-29 08:05:12 - [TEST_STEP][PASSED] - println(AutoEmail): null

2019-09-29 08:05:12 - [MESSAGE][PASSED] - Call Test Case 'Test Cases/mobileWeb/_include/name' successfully

2019-09-29 08:05:12 - [TEST_STEP][PASSED] - Thread.sleep(3000): null

2019-09-29 08:05:15 - [TEST_STEP][PASSED] - setText(findTestObject("mobileSanity/Dental/app_page1/input__member-P-1-firstName"), FirstName): Text 'Test-123' is set on object 'Object Repository/mobileSanity/Dental/app_page1/input__member-P-1-firstName'

2019-09-29 08:05:15 - [MESSAGE][PASSED] - Text 'Test-123' is set on object 'Object Repository/mobileSanity/Dental/app_page1/input__member-P-1-firstName'

2019-09-29 08:05:15 - [TEST_STEP][PASSED] - setText(findTestObject("mobileSanity/Dental/app_page1/input__member-P-1-lastName"), LastName): Text 'ZZ11-fBnDodTw' is set on object 'Object Repository/mobileSanity/Dental/app_page1/input__member-P-1-lastName'

2019-09-29 08:05:15 - [MESSAGE][PASSED] - Text 'ZZ11-fBnDodTw' is set on object 'Object Repository/mobileSanity/Dental/app_page1/input__member-P-1-lastName'

2019-09-29 08:05:15 - [TEST_STEP][PASSED] - setText(findTestObject("mobileSanity/Dental/app_page1/input__address"), Address): Text 'MRlnGwUs' is set on object 'Object Repository/mobileSanity/Dental/app_page1/input__address'

2019-09-29 08:05:15 - [MESSAGE][PASSED] - Text 'MRlnGwUs' is set on object 'Object Repository/mobileSanity/Dental/app_page1/input__address'

2019-09-29 08:05:15 - [TEST_STEP][PASSED] - setText(findTestObject("mobileSanity/Dental/app_page1/input__city"), City): Text 'pCJJDSVD' is set on object 'Object Repository/mobileSanity/Dental/app_page1/input__city'

2019-09-29 08:05:16 - [MESSAGE][PASSED] - Text 'pCJJDSVD' is set on object 'Object Repository/mobileSanity/Dental/app_page1/input__city'

2019-09-29 08:05:16 - [TEST_STEP][PASSED] - setText(findTestObject("mobileSanity/Dental/app_page1/input__email"), AutoEmail): Text 'test.bjGhNkjt@suryani.cn' is set on object 'Object Repository/mobileSanity/Dental/app_page1/input__email'

2019-09-29 08:05:16 - [MESSAGE][PASSED] - Text 'test.bjGhNkjt@suryani.cn' is set on object 'Object Repository/mobileSanity/Dental/app_page1/input__email'

2019-09-29 08:05:16 - [TEST_STEP][PASSED] - setText(findTestObject("mobileSanity/Dental/app_page1/input_phone"), Tel): Text '987-764-5362' is set on object 'Object Repository/mobileSanity/Dental/app_page1/input_phone'

2019-09-29 08:05:16 - [MESSAGE][PASSED] - Text '987-764-5362' is set on object 'Object Repository/mobileSanity/Dental/app_page1/input_phone'

2019-09-29 08:05:16 - [TEST_STEP][PASSED] - click(findTestObject("mobileSanity/Dental/app_page1/a_Continue to Step 2 - Payment")): Object: 'Object Repository/mobileSanity/Dental/app_page1/a_Continue to Step 2 - Payment' is clicked on

2019-09-29 08:05:16 - [MESSAGE][PASSED] - Object: 'Object Repository/mobileSanity/Dental/app_page1/a_Continue to Step 2 - Payment' is clicked on

2019-09-29 08:05:16 - [TEST_STEP][PASSED] - waitForPageLoad(10): Wait for page load successfully

2019-09-29 08:05:16 - [MESSAGE][PASSED] - Wait for page load successfully

2019-09-29 08:05:16 - [TEST_STEP][PASSED] - Thread.sleep(2000): null

2019-09-29 08:05:18 - [TEST_STEP][PASSED] - if (carrier == "usa"): null

2019-09-29 08:05:18 - [TEST_STEP][PASSED] - callTestCase(findTestCase("mobileWeb/_include/get_screenshot"), [:], STOP_ON_FAILURE): Call Test Case 'Test Cases/mobileWeb/_include/get_screenshot' successfully

2019-09-29 08:05:18 - [TEST_CASE][PASSED] - Test Cases/mobileWeb/_include/get_screenshot: Test Cases/mobileWeb/_include/get_screenshot

2019-09-29 08:05:18 - [TEST_STEP][PASSED] - takeScreenshot(screenPath + i + ".png"): Taking screenshot successfully

2019-09-29 08:05:19 - [MESSAGE][PASSED] - Taking screenshot successfully
[[ATTACHMENT|D:\\Test\\AgileTest\\Reports\\mobileWeb\\dental\\20190929_080046\\../Screenshots/iPhone 6/dental/USA Access/20190929_080448/7.png]]

2019-09-29 08:05:19 - [TEST_STEP][PASSED] - (internal.GlobalVariable.i++): null

2019-09-29 08:05:19 - [MESSAGE][PASSED] - Call Test Case 'Test Cases/mobileWeb/_include/get_screenshot' successfully

2019-09-29 08:05:19 - [TEST_STEP][PASSED] - click(findTestObject("mobileSanity/Dental/app_page2/membership/label_ihaveread")): Object: 'Object Repository/mobileSanity/Dental/app_page2/membership/label_ihaveread' is clicked on

2019-09-29 08:05:19 - [MESSAGE][PASSED] - Object: 'Object Repository/mobileSanity/Dental/app_page2/membership/label_ihaveread' is clicked on

2019-09-29 08:05:19 - [TEST_STEP][PASSED] - click(findTestObject("mobileSanity/Dental/app_page2/membership/a_ok")): Object: 'Object Repository/mobileSanity/Dental/app_page2/membership/a_ok' is clicked on

2019-09-29 08:05:19 - [MESSAGE][PASSED] - Object: 'Object Repository/mobileSanity/Dental/app_page2/membership/a_ok' is clicked on

2019-09-29 08:05:19 - [TEST_STEP][PASSED] - Thread.sleep(3000): null

2019-09-29 08:05:22 - [TEST_STEP][PASSED] - callTestCase(findTestCase("mobileWeb/_include/get_screenshot"), [:], STOP_ON_FAILURE): Call Test Case 'Test Cases/mobileWeb/_include/get_screenshot' successfully

2019-09-29 08:05:22 - [TEST_CASE][PASSED] - Test Cases/mobileWeb/_include/get_screenshot: Test Cases/mobileWeb/_include/get_screenshot

2019-09-29 08:05:22 - [TEST_STEP][PASSED] - takeScreenshot(screenPath + i + ".png"): Taking screenshot successfully

2019-09-29 08:05:22 - [MESSAGE][PASSED] - Taking screenshot successfully
[[ATTACHMENT|D:\\Test\\AgileTest\\Reports\\mobileWeb\\dental\\20190929_080046\\../Screenshots/iPhone 6/dental/USA Access/20190929_080448/8.png]]

2019-09-29 08:05:22 - [TEST_STEP][PASSED] - (internal.GlobalVariable.i++): null

2019-09-29 08:05:22 - [MESSAGE][PASSED] - Call Test Case 'Test Cases/mobileWeb/_include/get_screenshot' successfully

2019-09-29 08:05:22 - [TEST_STEP][PASSED] - setText(findTestObject("mobileSanity/Dental/app_page2/input__credit-card-first"), FirstName): Text 'Test-123' is set on object 'Object Repository/mobileSanity/Dental/app_page2/input__credit-card-first'

2019-09-29 08:05:23 - [MESSAGE][PASSED] - Text 'Test-123' is set on object 'Object Repository/mobileSanity/Dental/app_page2/input__credit-card-first'

2019-09-29 08:05:23 - [TEST_STEP][PASSED] - setText(findTestObject("mobileSanity/Dental/app_page2/input__credit-card-last"), LastName): Text 'ZZ11-fBnDodTw' is set on object 'Object Repository/mobileSanity/Dental/app_page2/input__credit-card-last'

2019-09-29 08:05:23 - [MESSAGE][PASSED] - Text 'ZZ11-fBnDodTw' is set on object 'Object Repository/mobileSanity/Dental/app_page2/input__credit-card-last'

2019-09-29 08:05:23 - [TEST_STEP][PASSED] - selectOptionByValue(findTestObject("mobileSanity/Dental/app_page2/select_MM010203040506070809101"), "12", true): All options with value '12' are selected in object 'Object Repository/mobileSanity/Dental/app_page2/select_MM010203040506070809101'  using regular expression

2019-09-29 08:05:23 - [MESSAGE][PASSED] - All options with value '12' are selected in object 'Object Repository/mobileSanity/Dental/app_page2/select_MM010203040506070809101'  using regular expression

2019-09-29 08:05:23 - [TEST_STEP][PASSED] - selectOptionByValue(findTestObject("mobileSanity/Dental/app_page2/select_YYYY2019202020212022202"), "2026", true): All options with value '2026' are selected in object 'Object Repository/mobileSanity/Dental/app_page2/select_YYYY2019202020212022202'  using regular expression

2019-09-29 08:05:23 - [MESSAGE][PASSED] - All options with value '2026' are selected in object 'Object Repository/mobileSanity/Dental/app_page2/select_YYYY2019202020212022202'  using regular expression

2019-09-29 08:05:23 - [TEST_STEP][PASSED] - setText(findTestObject("mobileSanity/Dental/app_page2/input__credit-card-number"), "4111111111111111"): Text '4111111111111111' is set on object 'Object Repository/mobileSanity/Dental/app_page2/input__credit-card-number'

2019-09-29 08:05:23 - [MESSAGE][PASSED] - Text '4111111111111111' is set on object 'Object Repository/mobileSanity/Dental/app_page2/input__credit-card-number'

2019-09-29 08:05:23 - [TEST_STEP][PASSED] - setText(findTestObject("mobileSanity/Dental/app_page2/input__cvv"), "123"): Text '123' is set on object 'Object Repository/mobileSanity/Dental/app_page2/input__cvv'

2019-09-29 08:05:24 - [MESSAGE][PASSED] - Text '123' is set on object 'Object Repository/mobileSanity/Dental/app_page2/input__cvv'

2019-09-29 08:05:24 - [TEST_STEP][PASSED] - click(findTestObject("mobileSanity/Dental/app_page2/label_My billing address is th")): Object: 'Object Repository/mobileSanity/Dental/app_page2/label_My billing address is th' is clicked on

2019-09-29 08:05:24 - [MESSAGE][PASSED] - Object: 'Object Repository/mobileSanity/Dental/app_page2/label_My billing address is th' is clicked on

2019-09-29 08:05:24 - [TEST_STEP][PASSED] - click(findTestObject("mobileSanity/Dental/app_page2/label_I Accept Authorization f")): Object: 'Object Repository/mobileSanity/Dental/app_page2/label_I Accept Authorization f' is clicked on

2019-09-29 08:05:24 - [MESSAGE][PASSED] - Object: 'Object Repository/mobileSanity/Dental/app_page2/label_I Accept Authorization f' is clicked on

2019-09-29 08:05:24 - [TEST_STEP][PASSED] - click(findTestObject("mobileSanity/Dental/app_page2/a_Continue to Step 3 - Review")): Object: 'Object Repository/mobileSanity/Dental/app_page2/a_Continue to Step 3 - Review' is clicked on

2019-09-29 08:05:24 - [MESSAGE][PASSED] - Object: 'Object Repository/mobileSanity/Dental/app_page2/a_Continue to Step 3 - Review' is clicked on

2019-09-29 08:05:24 - [TEST_STEP][PASSED] - waitForPageLoad(20): Wait for page load successfully

2019-09-29 08:05:24 - [MESSAGE][PASSED] - Wait for page load successfully

2019-09-29 08:05:24 - [TEST_STEP][PASSED] - Thread.sleep(2000): null

2019-09-29 08:05:26 - [TEST_STEP][PASSED] - waitForElementClickable(findTestObject("mobileSanity/Dental/app_page3/label"), 20): Object 'Object Repository/mobileSanity/Dental/app_page3/label' is clickable

2019-09-29 08:05:34 - [MESSAGE][PASSED] - Object 'Object Repository/mobileSanity/Dental/app_page3/label' is clickable

2019-09-29 08:05:34 - [TEST_STEP][PASSED] - callTestCase(findTestCase("mobileWeb/_include/get_screenshot"), [:], STOP_ON_FAILURE): Call Test Case 'Test Cases/mobileWeb/_include/get_screenshot' successfully

2019-09-29 08:05:35 - [TEST_CASE][PASSED] - Test Cases/mobileWeb/_include/get_screenshot: Test Cases/mobileWeb/_include/get_screenshot

2019-09-29 08:05:35 - [TEST_STEP][PASSED] - takeScreenshot(screenPath + i + ".png"): Taking screenshot successfully

2019-09-29 08:05:35 - [MESSAGE][PASSED] - Taking screenshot successfully
[[ATTACHMENT|D:\\Test\\AgileTest\\Reports\\mobileWeb\\dental\\20190929_080046\\../Screenshots/iPhone 6/dental/USA Access/20190929_080448/9.png]]

2019-09-29 08:05:35 - [TEST_STEP][PASSED] - (internal.GlobalVariable.i++): null

2019-09-29 08:05:35 - [MESSAGE][PASSED] - Call Test Case 'Test Cases/mobileWeb/_include/get_screenshot' successfully

2019-09-29 08:05:35 - [TEST_STEP][PASSED] - click(findTestObject("mobileSanity/Dental/app_page3/label")): Object: 'Object Repository/mobileSanity/Dental/app_page3/label' is clicked on

2019-09-29 08:05:35 - [MESSAGE][PASSED] - Object: 'Object Repository/mobileSanity/Dental/app_page3/label' is clicked on

2019-09-29 08:05:35 - [TEST_STEP][PASSED] - click(findTestObject("mobileSanity/Dental/app_page3/p_CLICK TO SIGN")): Object: 'Object Repository/mobileSanity/Dental/app_page3/p_CLICK TO SIGN' is clicked on

2019-09-29 08:05:35 - [MESSAGE][PASSED] - Object: 'Object Repository/mobileSanity/Dental/app_page3/p_CLICK TO SIGN' is clicked on

2019-09-29 08:05:35 - [TEST_STEP][PASSED] - click(findTestObject("mobileSanity/Dental/app_page3/a_Submit Your Application")): Object: 'Object Repository/mobileSanity/Dental/app_page3/a_Submit Your Application' is clicked on

2019-09-29 08:05:35 - [MESSAGE][PASSED] - Object: 'Object Repository/mobileSanity/Dental/app_page3/a_Submit Your Application' is clicked on

2019-09-29 08:05:35 - [TEST_STEP][PASSED] - Thread.sleep(50000): null

2019-09-29 08:06:25 - [TEST_STEP][PASSED] - waitForElementPresent(findTestObject("mobileSanity/Dental/app_page4/js-app-confirmation"), 20): Object 'Object Repository/mobileSanity/Dental/app_page4/js-app-confirmation' is present

2019-09-29 08:06:25 - [MESSAGE][PASSED] - Object 'Object Repository/mobileSanity/Dental/app_page4/js-app-confirmation' is present

2019-09-29 08:06:25 - [TEST_STEP][PASSED] - callTestCase(findTestCase("mobileWeb/_include/get_screenshot"), [:], STOP_ON_FAILURE): Call Test Case 'Test Cases/mobileWeb/_include/get_screenshot' successfully

2019-09-29 08:06:25 - [TEST_CASE][PASSED] - Test Cases/mobileWeb/_include/get_screenshot: Test Cases/mobileWeb/_include/get_screenshot

2019-09-29 08:06:25 - [TEST_STEP][PASSED] - takeScreenshot(screenPath + i + ".png"): Taking screenshot successfully

2019-09-29 08:06:26 - [MESSAGE][PASSED] - Taking screenshot successfully
[[ATTACHMENT|D:\\Test\\AgileTest\\Reports\\mobileWeb\\dental\\20190929_080046\\../Screenshots/iPhone 6/dental/USA Access/20190929_080448/10.png]]

2019-09-29 08:06:26 - [TEST_STEP][PASSED] - (internal.GlobalVariable.i++): null

2019-09-29 08:06:26 - [MESSAGE][PASSED] - Call Test Case 'Test Cases/mobileWeb/_include/get_screenshot' successfully

2019-09-29 08:06:26 - [MESSAGE][PASSED] - Call Test Case 'Test Cases/mobileWeb/_include/goToEnd_dental' successfully]]></system-out>
         <system-err><![CDATA[]]></system-err>
      </testcase>
      <system-out><![CDATA[2019-09-29 08:00:54 - [TEST_SUITE][PASSED] - dental: Test Cases/mobileWeb/Dental/USA Access]]></system-out>
      <system-err><![CDATA[]]></system-err>
   </testsuite>
</testsuites>
