<?xml version="1.0" encoding="UTF-8"?>
<testsuites name="hic" time="1766" tests="4" failures="1" errors="3">
   <testsuite name="hic" tests="4" failures="1" errors="3" time="1766" timestamp="2020-04-09 08:01:28" hostname="Administrator - 172.30.0.53" id="Test Suites/HIC/hic">
      <properties>
         <property name="deviceName" value=""/>
         <property name="devicePlatform" value=""/>
         <property name="logFolder" value="D:\\Test\\AgileTest\\Reports\\HIC\\hic\\20200409_080111"/>
         <property name="logFiles" value="D:\\Test\\AgileTest\\Reports\\HIC\\hic\\20200409_080111\\execution0.log"/>
         <property name="attachments" value="D:\\Test\\AgileTest\\Reports\\HIC\\hic\\20200409_080111\\../Screenshots/iPhone 6/HIC/ACA/ACA/20200409_080142/0.png, D:\\Test\\AgileTest\\Reports\\HIC\\hic\\20200409_080111\\../Screenshots/iPhone 6/HIC/Cancer/Cancer/20200409_080336/0.png, D:\\Test\\AgileTest\\Reports\\HIC\\hic\\20200409_080111\\../Screenshots/iPhone 6/HIC/Cancer/Cancer/20200409_080336/1.png, D:\\Test\\AgileTest\\Reports\\HIC\\hic\\20200409_080111\\../Screenshots/iPhone 6/HIC/Dental/USA Access/20200409_080559/0.png, D:\\Test\\AgileTest\\Reports\\HIC\\hic\\20200409_080111\\../Screenshots/iPhone 6/HIC/Dental/USA Access/20200409_080559/1.png, D:\\Test\\AgileTest\\Reports\\HIC\\hic\\20200409_080111\\../Screenshots/iPhone 6/HIC/Dental/USA Access/20200409_080559/2.png, D:\\Test\\AgileTest\\Reports\\HIC\\hic\\20200409_080111\\../Screenshots/iPhone 6/HIC/Dental/USA Access/20200409_080559/3.png, D:\\Test\\AgileTest\\Reports\\HIC\\hic\\20200409_080111\\../Screenshots/iPhone 6/HIC/Dental/USA Access/20200409_080559/4.png, D:\\Test\\AgileTest\\Reports\\HIC\\hic\\20200409_080111\\../Screenshots/iPhone 6/HIC/Dental/USA Access/20200409_080559/5.png, D:\\Test\\AgileTest\\Reports\\HIC\\hic\\20200409_080111\\../Screenshots/iPhone 6/HIC/Dental/USA Access/20200409_080559/6.png, D:\\Test\\AgileTest\\Reports\\HIC\\hic\\20200409_080111\\../Screenshots/iPhone 6/HIC/Dental/USA Access/20200409_080559/7.png, D:\\Test\\AgileTest\\Reports\\HIC\\hic\\20200409_080111\\../Screenshots/iPhone 6/HIC/Dental/USA Access/20200409_080559/8.png, D:\\Test\\AgileTest\\Reports\\HIC\\hic\\20200409_080111\\../Screenshots/iPhone 6/HIC/Dental/USA Access/20200409_080559/9.png, D:\\Test\\AgileTest\\Reports\\HIC\\hic\\20200409_080111\\../Screenshots/iPhone 6/HIC/HBI/HBI/20200409_081422/0.png, D:\\Test\\AgileTest\\Reports\\HIC\\hic\\20200409_080111\\../Screenshots/iPhone 6/HIC/HBI/HBI/20200409_081422/1.png, D:\\Test\\AgileTest\\Reports\\HIC\\hic\\20200409_080111\\../Screenshots/iPhone 6/HIC/HBI/HBI/20200409_081422/2.png, D:\\Test\\AgileTest\\Reports\\HIC\\hic\\20200409_080111\\../Screenshots/iPhone 6/HIC/Medicare/Medicare/20200409_081602/0.png, D:\\Test\\AgileTest\\Reports\\HIC\\hic\\20200409_080111\\../Screenshots/iPhone 6/HIC/Medicare/Medicare/20200409_081602/1.png, D:\\Test\\AgileTest\\Reports\\HIC\\hic\\20200409_080111\\../Screenshots/iPhone 6/HIC/Medicare/Medicare/20200409_081602/2.png, D:\\Test\\AgileTest\\Reports\\HIC\\hic\\20200409_080111\\../Screenshots/iPhone 6/HIC/Pet/Pet/20200409_081806/0.png, D:\\Test\\AgileTest\\Reports\\HIC\\hic\\20200409_080111\\../Screenshots/iPhone 6/HIC/Pet/Pet/20200409_081806/1.png, D:\\Test\\AgileTest\\Reports\\HIC\\hic\\20200409_080111\\../Screenshots/iPhone 6/HIC/Pet/Pet/20200409_081806/2.png, D:\\Test\\AgileTest\\Reports\\HIC\\hic\\20200409_080111\\../Screenshots/iPhone 6/HIC/Pet/Pet/20200409_081806/3.png, D:\\Test\\AgileTest\\Reports\\HIC\\hic\\20200409_080111\\../Screenshots/iPhone 6/HIC/Pet/Pet/20200409_081806/4.png, D:\\Test\\AgileTest\\Reports\\HIC\\hic\\20200409_080111\\../Screenshots/iPhone 6/HIC/Pet/Pet/20200409_081806/5.png, D:\\Test\\AgileTest\\Reports\\HIC\\hic\\20200409_080111\\../Screenshots/iPhone 6/HIC/Pet/Pet/20200409_081806/6.png, D:\\Test\\AgileTest\\Reports\\HIC\\hic\\20200409_080111\\../Screenshots/iPhone 6/HIC/Pet/Pet/20200409_081806/7.png, D:\\Test\\AgileTest\\Reports\\HIC\\hic\\20200409_080111\\../Screenshots/iPhone 6/HIC/Pet/Pet/20200409_081806/8.png, D:\\Test\\AgileTest\\Reports\\HIC\\hic\\20200409_080111\\../Screenshots/iPhone 6/HIC/Pet/Pet/20200409_081806/9.png, D:\\Test\\AgileTest\\Reports\\HIC\\hic\\20200409_080111\\../Screenshots/iPhone 6/HIC/Pet/Pet/20200409_081806/10.png, D:\\Test\\AgileTest\\Reports\\HIC\\hic\\20200409_080111\\../Screenshots/iPhone 6/HIC/STM/STM/20200409_082303/0.png, D:\\Test\\AgileTest\\Reports\\HIC\\hic\\20200409_080111\\../Screenshots/iPhone 6/HIC/STM/STM/20200409_082303/1.png, D:\\Test\\AgileTest\\Reports\\HIC\\hic\\20200409_080111\\../Screenshots/iPhone 6/HIC/Teladoc/Teladoc/20200409_082524/0.png, D:\\Test\\AgileTest\\Reports\\HIC\\hic\\20200409_080111\\../Screenshots/iPhone 6/HIC/Teladoc/Teladoc/20200409_082524/1.png, D:\\Test\\AgileTest\\Reports\\HIC\\hic\\20200409_080111\\../Screenshots/iPhone 6/HIC/Teladoc/Teladoc/20200409_082524/2.png, D:\\Test\\AgileTest\\Reports\\HIC\\hic\\20200409_080111\\../Screenshots/iPhone 6/HIC/Teladoc/Teladoc/20200409_082524/3.png, D:\\Test\\AgileTest\\Reports\\HIC\\hic\\20200409_080111\\../Screenshots/iPhone 6/HIC/Teladoc/Teladoc/20200409_082524/4.png, D:\\Test\\AgileTest\\Reports\\HIC\\hic\\20200409_080111\\../Screenshots/iPhone 6/HIC/Teladoc/Teladoc/20200409_082524/5.png, D:\\Test\\AgileTest\\Reports\\HIC\\hic\\20200409_080111\\../Screenshots/iPhone 6/HIC/Teladoc/Teladoc/20200409_082524/6.png, D:\\Test\\AgileTest\\Reports\\HIC\\hic\\20200409_080111\\../Screenshots/iPhone 6/HIC/Teladoc/Teladoc/20200409_082524/7.png, D:\\Test\\AgileTest\\Reports\\HIC\\hic\\20200409_080111\\1586435439267.png"/>
         <property name="hostName" value="Administrator - 172.30.0.53"/>
         <property name="os" value="Windows Server 2012 R2 64bit"/>
         <property name="katalonVersion" value="5.10.1.1"/>
         <property name="browser" value="Safari 11"/>
         <property name="hostAddress" value="172.30.0.53"/>
         <property name="sessionId" value="9163b89656e82ebc32985b6637a51fc1"/>
         <property name="seleniumVersion" value="3.7.1"/>
         <property name="proxyInformation" value="ProxyInformation{proxyOption=NO_PROXY, proxyServerType=HTTP, password=, proxyServerAddress=, proxyServerPort=0}"/>
         <property name="platform" value="Windows Server 2012 R2"/>
      </properties>
      <testcase name="Test Cases/HIC/New/ACA" classname="Test Cases/HIC/New/ACA" status="ERROR">
         <error type="ERROR" message="Test Cases/HIC/New/ACA FAILED.
Reason:
com.thoughtworks.selenium.SeleniumException: Timed out waiting for action to finish
	at com.thoughtworks.selenium.webdriven.Timer.run(Timer.java:46)
	at com.thoughtworks.selenium.webdriven.WebDriverCommandProcessor.execute(WebDriverCommandProcessor.java:150)
	at com.thoughtworks.selenium.webdriven.WebDriverCommandProcessor.doCommand(WebDriverCommandProcessor.java:76)
	at com.thoughtworks.selenium.DefaultSelenium.click(DefaultSelenium.java:198)
	at com.thoughtworks.selenium.Selenium$click.call(Unknown Source)
	at ACA.run(ACA:35)
	at com.kms.katalon.core.main.ScriptEngine.run(ScriptEngine.java:194)
	at com.kms.katalon.core.main.ScriptEngine.runScriptAsRawText(ScriptEngine.java:119)
	at com.kms.katalon.core.main.TestCaseExecutor.runScript(TestCaseExecutor.java:328)
	at com.kms.katalon.core.main.TestCaseExecutor.doExecute(TestCaseExecutor.java:319)
	at com.kms.katalon.core.main.TestCaseExecutor.processExecutionPhase(TestCaseExecutor.java:298)
	at com.kms.katalon.core.main.TestCaseExecutor.accessMainPhase(TestCaseExecutor.java:290)
	at com.kms.katalon.core.main.TestCaseExecutor.execute(TestCaseExecutor.java:224)
	at com.kms.katalon.core.main.TestSuiteExecutor.accessTestCaseMainPhase(TestSuiteExecutor.java:129)
	at com.kms.katalon.core.main.TestSuiteExecutor.accessTestSuiteMainPhase(TestSuiteExecutor.java:112)
	at com.kms.katalon.core.main.TestSuiteExecutor.execute(TestSuiteExecutor.java:81)
	at com.kms.katalon.core.main.TestCaseMain.startTestSuite(TestCaseMain.java:149)
	at com.kms.katalon.core.main.TestCaseMain$startTestSuite$0.call(Unknown Source)
	at TempTestSuite1586433671690.run(TempTestSuite1586433671690.groovy:36)
"/>
         <system-out><![CDATA[2020-04-09 08:01:29 - [TEST_CASE][ERROR] - Test Cases/HIC/New/ACA: Test Cases/HIC/New/ACA FAILED.
Reason:
com.thoughtworks.selenium.SeleniumException: Timed out waiting for action to finish
	at com.thoughtworks.selenium.webdriven.Timer.run(Timer.java:46)
	at com.thoughtworks.selenium.webdriven.WebDriverCommandProcessor.execute(WebDriverCommandProcessor.java:150)
	at com.thoughtworks.selenium.webdriven.WebDriverCommandProcessor.doCommand(WebDriverCommandProcessor.java:76)
	at com.thoughtworks.selenium.DefaultSelenium.click(DefaultSelenium.java:198)
	at com.thoughtworks.selenium.Selenium$click.call(Unknown Source)
	at ACA.run(ACA:35)
	at com.kms.katalon.core.main.ScriptEngine.run(ScriptEngine.java:194)
	at com.kms.katalon.core.main.ScriptEngine.runScriptAsRawText(ScriptEngine.java:119)
	at com.kms.katalon.core.main.TestCaseExecutor.runScript(TestCaseExecutor.java:328)
	at com.kms.katalon.core.main.TestCaseExecutor.doExecute(TestCaseExecutor.java:319)
	at com.kms.katalon.core.main.TestCaseExecutor.processExecutionPhase(TestCaseExecutor.java:298)
	at com.kms.katalon.core.main.TestCaseExecutor.accessMainPhase(TestCaseExecutor.java:290)
	at com.kms.katalon.core.main.TestCaseExecutor.execute(TestCaseExecutor.java:224)
	at com.kms.katalon.core.main.TestSuiteExecutor.accessTestCaseMainPhase(TestSuiteExecutor.java:129)
	at com.kms.katalon.core.main.TestSuiteExecutor.accessTestSuiteMainPhase(TestSuiteExecutor.java:112)
	at com.kms.katalon.core.main.TestSuiteExecutor.execute(TestSuiteExecutor.java:81)
	at com.kms.katalon.core.main.TestCaseMain.startTestSuite(TestCaseMain.java:149)
	at com.kms.katalon.core.main.TestCaseMain$startTestSuite$0.call(Unknown Source)
	at TempTestSuite1586433671690.run(TempTestSuite1586433671690.groovy:36)


2020-04-09 08:01:36 - [TEST_STEP][PASSED] - callTestCase(findTestCase("HIC/_include/get_hicScreenPath"), ["project":"HIC", "productLine":"ACA", "carrierName":"ACA"], CONTINUE_ON_FAILURE): Call Test Case 'Test Cases/HIC/_include/get_hicScreenPath' successfully

2020-04-09 08:01:40 - [TEST_CASE][PASSED] - Test Cases/HIC/_include/get_hicScreenPath: Test Cases/HIC/_include/get_hicScreenPath

2020-04-09 08:01:41 - [TEST_STEP][PASSED] - m = getExecutionProperties(): null

2020-04-09 08:01:42 - [TEST_STEP][PASSED] - deviceName = get("mobileEmulation").get("deviceName"): null

2020-04-09 08:01:42 - [TEST_STEP][PASSED] - println(deviceName): null

2020-04-09 08:01:42 - [TEST_STEP][PASSED] - now = new java.util.Date(): null

2020-04-09 08:01:42 - [TEST_STEP][PASSED] - mydate = now.format("yyyyMMdd_HHmmss"): null

2020-04-09 08:01:42 - [TEST_STEP][PASSED] - screenPath = "../Screenshots/": null

2020-04-09 08:01:42 - [TEST_STEP][PASSED] - screenPath = screenPath + deviceName + "/" + project + "/" + productLine + "/" + carrierName + "/" + mydate + "/": null

2020-04-09 08:01:42 - [TEST_STEP][PASSED] - println(screenPath): null

2020-04-09 08:01:42 - [MESSAGE][PASSED] - Call Test Case 'Test Cases/HIC/_include/get_hicScreenPath' successfully

2020-04-09 08:01:42 - [TEST_STEP][PASSED] - i = 0: null

2020-04-09 08:01:42 - [TEST_STEP][PASSED] - callTestCase(findTestCase("AHI/_include/openWebSite"), ["env":env], CONTINUE_ON_FAILURE): Call Test Case 'Test Cases/AHI/_include/openWebSite' successfully

2020-04-09 08:01:42 - [TEST_CASE][PASSED] - Test Cases/AHI/_include/openWebSite: Test Cases/AHI/_include/openWebSite

2020-04-09 08:01:42 - [TEST_STEP][PASSED] - openBrowser(env): Browser is opened with url: 'https://qa.healthinsurance.com'

2020-04-09 08:01:46 - [MESSAGE][INFO] - Starting 'Chrome' driver

2020-04-09 08:01:48 - [MESSAGE][INFO] - User set preference: ['mobileEmulation', '{deviceName=iPhone 6}']

2020-04-09 08:01:48 - [MESSAGE][INFO] - User set preference: ['args', '[--incognito, --aggressive-cache-discard, --window-size=375,677, --no-sandbox, --ignore-certificate-errors]']

2020-04-09 08:01:48 - [MESSAGE][INFO] - Action delay is set to 0 seconds

2020-04-09 08:02:28 - [MESSAGE][PASSED] - Browser is opened with url: 'https://qa.healthinsurance.com'

2020-04-09 08:02:28 - [TEST_STEP][PASSED] - waitForPageLoad(20): Wait for page load successfully

2020-04-09 08:02:36 - [MESSAGE][PASSED] - Wait for page load successfully

2020-04-09 08:02:36 - [TEST_STEP][PASSED] - callTestCase(findTestCase("AHI/_include/get_screenshot"), [:], STOP_ON_FAILURE): Call Test Case 'Test Cases/AHI/_include/get_screenshot' successfully

2020-04-09 08:02:37 - [TEST_CASE][PASSED] - Test Cases/AHI/_include/get_screenshot: Test Cases/AHI/_include/get_screenshot

2020-04-09 08:02:38 - [TEST_STEP][PASSED] - Thread.sleep(1000): null

2020-04-09 08:02:39 - [TEST_STEP][PASSED] - takeScreenshot(screenPath + i + ".png"): Taking screenshot successfully

2020-04-09 08:02:48 - [MESSAGE][PASSED] - Taking screenshot successfully
[[ATTACHMENT|D:\\Test\\AgileTest\\Reports\\HIC\\hic\\20200409_080111\\../Screenshots/iPhone 6/HIC/ACA/ACA/20200409_080142/0.png]]

2020-04-09 08:02:48 - [TEST_STEP][PASSED] - (internal.GlobalVariable.i++): null

2020-04-09 08:02:48 - [MESSAGE][PASSED] - Call Test Case 'Test Cases/AHI/_include/get_screenshot' successfully

2020-04-09 08:02:48 - [MESSAGE][PASSED] - Call Test Case 'Test Cases/AHI/_include/openWebSite' successfully

2020-04-09 08:02:48 - [TEST_STEP][PASSED] - driver = getWebDriver(): null

2020-04-09 08:02:50 - [TEST_STEP][PASSED] - baseUrl = env: null

2020-04-09 08:02:50 - [TEST_STEP][PASSED] - selenium = new com.thoughtworks.selenium.webdriven.WebDriverBackedSelenium(driver, baseUrl): null

2020-04-09 08:02:55 - [TEST_STEP][ERROR] - selenium.click("//span[@class='navbar-toggler-icon']"): selenium.click("//span[@class='navbar-toggler-icon']") FAILED.
Reason:
com.thoughtworks.selenium.SeleniumException: Timed out waiting for action to finish
	at com.thoughtworks.selenium.webdriven.Timer.run(Timer.java:46)
	at com.thoughtworks.selenium.webdriven.WebDriverCommandProcessor.execute(WebDriverCommandProcessor.java:150)
	at com.thoughtworks.selenium.webdriven.WebDriverCommandProcessor.doCommand(WebDriverCommandProcessor.java:76)
	at com.thoughtworks.selenium.DefaultSelenium.click(DefaultSelenium.java:198)
	at com.thoughtworks.selenium.Selenium$click.call(Unknown Source)
	at ACA.run(ACA:35)
	at com.kms.katalon.core.main.ScriptEngine.run(ScriptEngine.java:194)
	at com.kms.katalon.core.main.ScriptEngine.runScriptAsRawText(ScriptEngine.java:119)
	at com.kms.katalon.core.main.TestCaseExecutor.runScript(TestCaseExecutor.java:328)
	at com.kms.katalon.core.main.TestCaseExecutor.doExecute(TestCaseExecutor.java:319)
	at com.kms.katalon.core.main.TestCaseExecutor.processExecutionPhase(TestCaseExecutor.java:298)
	at com.kms.katalon.core.main.TestCaseExecutor.accessMainPhase(TestCaseExecutor.java:290)
	at com.kms.katalon.core.main.TestCaseExecutor.execute(TestCaseExecutor.java:224)
	at com.kms.katalon.core.main.TestSuiteExecutor.accessTestCaseMainPhase(TestSuiteExecutor.java:129)
	at com.kms.katalon.core.main.TestSuiteExecutor.accessTestSuiteMainPhase(TestSuiteExecutor.java:112)
	at com.kms.katalon.core.main.TestSuiteExecutor.execute(TestSuiteExecutor.java:81)
	at com.kms.katalon.core.main.TestCaseMain.startTestSuite(TestCaseMain.java:149)
	at com.kms.katalon.core.main.TestCaseMain$startTestSuite$0.call(Unknown Source)
	at TempTestSuite1586433671690.run(TempTestSuite1586433671690.groovy:36)


2020-04-09 08:03:34 - [MESSAGE][ERROR] - selenium.click("//span[@class='navbar-toggler-icon']") FAILED.
Reason:
com.thoughtworks.selenium.SeleniumException: Timed out waiting for action to finish
	at com.thoughtworks.selenium.webdriven.Timer.run(Timer.java:46)
	at com.thoughtworks.selenium.webdriven.WebDriverCommandProcessor.execute(WebDriverCommandProcessor.java:150)
	at com.thoughtworks.selenium.webdriven.WebDriverCommandProcessor.doCommand(WebDriverCommandProcessor.java:76)
	at com.thoughtworks.selenium.DefaultSelenium.click(DefaultSelenium.java:198)
	at com.thoughtworks.selenium.Selenium$click.call(Unknown Source)
	at ACA.run(ACA:35)
	at com.kms.katalon.core.main.ScriptEngine.run(ScriptEngine.java:194)
	at com.kms.katalon.core.main.ScriptEngine.runScriptAsRawText(ScriptEngine.java:119)
	at com.kms.katalon.core.main.TestCaseExecutor.runScript(TestCaseExecutor.java:328)
	at com.kms.katalon.core.main.TestCaseExecutor.doExecute(TestCaseExecutor.java:319)
	at com.kms.katalon.core.main.TestCaseExecutor.processExecutionPhase(TestCaseExecutor.java:298)
	at com.kms.katalon.core.main.TestCaseExecutor.accessMainPhase(TestCaseExecutor.java:290)
	at com.kms.katalon.core.main.TestCaseExecutor.execute(TestCaseExecutor.java:224)
	at com.kms.katalon.core.main.TestSuiteExecutor.accessTestCaseMainPhase(TestSuiteExecutor.java:129)
	at com.kms.katalon.core.main.TestSuiteExecutor.accessTestSuiteMainPhase(TestSuiteExecutor.java:112)
	at com.kms.katalon.core.main.TestSuiteExecutor.execute(TestSuiteExecutor.java:81)
	at com.kms.katalon.core.main.TestCaseMain.startTestSuite(TestCaseMain.java:149)
	at com.kms.katalon.core.main.TestCaseMain$startTestSuite$0.call(Unknown Source)
	at TempTestSuite1586433671690.run(TempTestSuite1586433671690.groovy:36)]]></system-out>
         <system-err><![CDATA[2020-04-09 08:01:29 - [TEST_CASE][ERROR] - Test Cases/HIC/New/ACA: Test Cases/HIC/New/ACA FAILED.
Reason:
com.thoughtworks.selenium.SeleniumException: Timed out waiting for action to finish
	at com.thoughtworks.selenium.webdriven.Timer.run(Timer.java:46)
	at com.thoughtworks.selenium.webdriven.WebDriverCommandProcessor.execute(WebDriverCommandProcessor.java:150)
	at com.thoughtworks.selenium.webdriven.WebDriverCommandProcessor.doCommand(WebDriverCommandProcessor.java:76)
	at com.thoughtworks.selenium.DefaultSelenium.click(DefaultSelenium.java:198)
	at com.thoughtworks.selenium.Selenium$click.call(Unknown Source)
	at ACA.run(ACA:35)
	at com.kms.katalon.core.main.ScriptEngine.run(ScriptEngine.java:194)
	at com.kms.katalon.core.main.ScriptEngine.runScriptAsRawText(ScriptEngine.java:119)
	at com.kms.katalon.core.main.TestCaseExecutor.runScript(TestCaseExecutor.java:328)
	at com.kms.katalon.core.main.TestCaseExecutor.doExecute(TestCaseExecutor.java:319)
	at com.kms.katalon.core.main.TestCaseExecutor.processExecutionPhase(TestCaseExecutor.java:298)
	at com.kms.katalon.core.main.TestCaseExecutor.accessMainPhase(TestCaseExecutor.java:290)
	at com.kms.katalon.core.main.TestCaseExecutor.execute(TestCaseExecutor.java:224)
	at com.kms.katalon.core.main.TestSuiteExecutor.accessTestCaseMainPhase(TestSuiteExecutor.java:129)
	at com.kms.katalon.core.main.TestSuiteExecutor.accessTestSuiteMainPhase(TestSuiteExecutor.java:112)
	at com.kms.katalon.core.main.TestSuiteExecutor.execute(TestSuiteExecutor.java:81)
	at com.kms.katalon.core.main.TestCaseMain.startTestSuite(TestCaseMain.java:149)
	at com.kms.katalon.core.main.TestCaseMain$startTestSuite$0.call(Unknown Source)
	at TempTestSuite1586433671690.run(TempTestSuite1586433671690.groovy:36)]]></system-err>
      </testcase>
      <testcase name="Test Cases/HIC/New/Cancer" classname="Test Cases/HIC/New/Cancer" status="ERROR">
         <error type="ERROR" message="Test Cases/HIC/New/Cancer FAILED.
Reason:
com.thoughtworks.selenium.SeleniumException: Timed out waiting for action to finish
	at com.thoughtworks.selenium.webdriven.Timer.run(Timer.java:46)
	at com.thoughtworks.selenium.webdriven.WebDriverCommandProcessor.execute(WebDriverCommandProcessor.java:150)
	at com.thoughtworks.selenium.webdriven.WebDriverCommandProcessor.doCommand(WebDriverCommandProcessor.java:76)
	at com.thoughtworks.selenium.DefaultSelenium.click(DefaultSelenium.java:198)
	at com.thoughtworks.selenium.Selenium$click.call(Unknown Source)
	at Cancer.run(Cancer:55)
	at com.kms.katalon.core.main.ScriptEngine.run(ScriptEngine.java:194)
	at com.kms.katalon.core.main.ScriptEngine.runScriptAsRawText(ScriptEngine.java:119)
	at com.kms.katalon.core.main.TestCaseExecutor.runScript(TestCaseExecutor.java:328)
	at com.kms.katalon.core.main.TestCaseExecutor.doExecute(TestCaseExecutor.java:319)
	at com.kms.katalon.core.main.TestCaseExecutor.processExecutionPhase(TestCaseExecutor.java:298)
	at com.kms.katalon.core.main.TestCaseExecutor.accessMainPhase(TestCaseExecutor.java:290)
	at com.kms.katalon.core.main.TestCaseExecutor.execute(TestCaseExecutor.java:224)
	at com.kms.katalon.core.main.TestSuiteExecutor.accessTestCaseMainPhase(TestSuiteExecutor.java:129)
	at com.kms.katalon.core.main.TestSuiteExecutor.accessTestSuiteMainPhase(TestSuiteExecutor.java:112)
	at com.kms.katalon.core.main.TestSuiteExecutor.execute(TestSuiteExecutor.java:81)
	at com.kms.katalon.core.main.TestCaseMain.startTestSuite(TestCaseMain.java:149)
	at com.kms.katalon.core.main.TestCaseMain$startTestSuite$0.call(Unknown Source)
	at TempTestSuite1586433671690.run(TempTestSuite1586433671690.groovy:36)
"/>
         <system-out><![CDATA[2020-04-09 08:03:34 - [TEST_CASE][ERROR] - Test Cases/HIC/New/Cancer: Test Cases/HIC/New/Cancer FAILED.
Reason:
com.thoughtworks.selenium.SeleniumException: Timed out waiting for action to finish
	at com.thoughtworks.selenium.webdriven.Timer.run(Timer.java:46)
	at com.thoughtworks.selenium.webdriven.WebDriverCommandProcessor.execute(WebDriverCommandProcessor.java:150)
	at com.thoughtworks.selenium.webdriven.WebDriverCommandProcessor.doCommand(WebDriverCommandProcessor.java:76)
	at com.thoughtworks.selenium.DefaultSelenium.click(DefaultSelenium.java:198)
	at com.thoughtworks.selenium.Selenium$click.call(Unknown Source)
	at Cancer.run(Cancer:55)
	at com.kms.katalon.core.main.ScriptEngine.run(ScriptEngine.java:194)
	at com.kms.katalon.core.main.ScriptEngine.runScriptAsRawText(ScriptEngine.java:119)
	at com.kms.katalon.core.main.TestCaseExecutor.runScript(TestCaseExecutor.java:328)
	at com.kms.katalon.core.main.TestCaseExecutor.doExecute(TestCaseExecutor.java:319)
	at com.kms.katalon.core.main.TestCaseExecutor.processExecutionPhase(TestCaseExecutor.java:298)
	at com.kms.katalon.core.main.TestCaseExecutor.accessMainPhase(TestCaseExecutor.java:290)
	at com.kms.katalon.core.main.TestCaseExecutor.execute(TestCaseExecutor.java:224)
	at com.kms.katalon.core.main.TestSuiteExecutor.accessTestCaseMainPhase(TestSuiteExecutor.java:129)
	at com.kms.katalon.core.main.TestSuiteExecutor.accessTestSuiteMainPhase(TestSuiteExecutor.java:112)
	at com.kms.katalon.core.main.TestSuiteExecutor.execute(TestSuiteExecutor.java:81)
	at com.kms.katalon.core.main.TestCaseMain.startTestSuite(TestCaseMain.java:149)
	at com.kms.katalon.core.main.TestCaseMain$startTestSuite$0.call(Unknown Source)
	at TempTestSuite1586433671690.run(TempTestSuite1586433671690.groovy:36)


2020-04-09 08:03:35 - [TEST_STEP][PASSED] - callTestCase(findTestCase("HIC/_include/get_hicScreenPath"), ["project":"HIC", "productLine":"Cancer", "carrierName":"Cancer"], CONTINUE_ON_FAILURE): Call Test Case 'Test Cases/HIC/_include/get_hicScreenPath' successfully

2020-04-09 08:03:36 - [TEST_CASE][PASSED] - Test Cases/HIC/_include/get_hicScreenPath: Test Cases/HIC/_include/get_hicScreenPath

2020-04-09 08:03:36 - [TEST_STEP][PASSED] - m = getExecutionProperties(): null

2020-04-09 08:03:36 - [TEST_STEP][PASSED] - deviceName = get("mobileEmulation").get("deviceName"): null

2020-04-09 08:03:36 - [TEST_STEP][PASSED] - println(deviceName): null

2020-04-09 08:03:36 - [TEST_STEP][PASSED] - now = new java.util.Date(): null

2020-04-09 08:03:36 - [TEST_STEP][PASSED] - mydate = now.format("yyyyMMdd_HHmmss"): null

2020-04-09 08:03:36 - [TEST_STEP][PASSED] - screenPath = "../Screenshots/": null

2020-04-09 08:03:36 - [TEST_STEP][PASSED] - screenPath = screenPath + deviceName + "/" + project + "/" + productLine + "/" + carrierName + "/" + mydate + "/": null

2020-04-09 08:03:36 - [TEST_STEP][PASSED] - println(screenPath): null

2020-04-09 08:03:36 - [MESSAGE][PASSED] - Call Test Case 'Test Cases/HIC/_include/get_hicScreenPath' successfully

2020-04-09 08:03:36 - [TEST_STEP][PASSED] - i = 0: null

2020-04-09 08:03:36 - [TEST_STEP][PASSED] - callTestCase(findTestCase("AHI/_include/openWebSite"), ["env":env], CONTINUE_ON_FAILURE): Call Test Case 'Test Cases/AHI/_include/openWebSite' successfully

2020-04-09 08:03:36 - [TEST_CASE][PASSED] - Test Cases/AHI/_include/openWebSite: Test Cases/AHI/_include/openWebSite

2020-04-09 08:03:36 - [TEST_STEP][PASSED] - openBrowser(env): Browser is opened with url: 'https://qa.healthinsurance.com'

2020-04-09 08:03:36 - [MESSAGE][WARNING] - A browser is already opened. Closing browser and opening a new one

2020-04-09 08:03:43 - [MESSAGE][INFO] - Starting 'Chrome' driver

2020-04-09 08:03:43 - [MESSAGE][INFO] - User set preference: ['mobileEmulation', '{deviceName=iPhone 6}']

2020-04-09 08:03:43 - [MESSAGE][INFO] - User set preference: ['args', '[--incognito, --aggressive-cache-discard, --window-size=375,677, --no-sandbox, --ignore-certificate-errors]']

2020-04-09 08:04:26 - [MESSAGE][PASSED] - Browser is opened with url: 'https://qa.healthinsurance.com'

2020-04-09 08:04:26 - [TEST_STEP][PASSED] - waitForPageLoad(20): Wait for page load successfully

2020-04-09 08:04:29 - [MESSAGE][PASSED] - Wait for page load successfully

2020-04-09 08:04:29 - [TEST_STEP][PASSED] - callTestCase(findTestCase("AHI/_include/get_screenshot"), [:], STOP_ON_FAILURE): Call Test Case 'Test Cases/AHI/_include/get_screenshot' successfully

2020-04-09 08:04:29 - [TEST_CASE][PASSED] - Test Cases/AHI/_include/get_screenshot: Test Cases/AHI/_include/get_screenshot

2020-04-09 08:04:29 - [TEST_STEP][PASSED] - Thread.sleep(1000): null

2020-04-09 08:04:30 - [TEST_STEP][PASSED] - takeScreenshot(screenPath + i + ".png"): Taking screenshot successfully

2020-04-09 08:04:33 - [MESSAGE][PASSED] - Taking screenshot successfully
[[ATTACHMENT|D:\\Test\\AgileTest\\Reports\\HIC\\hic\\20200409_080111\\../Screenshots/iPhone 6/HIC/Cancer/Cancer/20200409_080336/0.png]]

2020-04-09 08:04:33 - [TEST_STEP][PASSED] - (internal.GlobalVariable.i++): null

2020-04-09 08:04:33 - [MESSAGE][PASSED] - Call Test Case 'Test Cases/AHI/_include/get_screenshot' successfully

2020-04-09 08:04:33 - [MESSAGE][PASSED] - Call Test Case 'Test Cases/AHI/_include/openWebSite' successfully

2020-04-09 08:04:33 - [TEST_STEP][PASSED] - driver = getWebDriver(): null

2020-04-09 08:04:33 - [TEST_STEP][PASSED] - baseUrl = env: null

2020-04-09 08:04:33 - [TEST_STEP][PASSED] - selenium = new com.thoughtworks.selenium.webdriven.WebDriverBackedSelenium(driver, baseUrl): null

2020-04-09 08:04:34 - [TEST_STEP][PASSED] - selenium.click("//span[@class='navbar-toggler-icon']"): null

2020-04-09 08:04:38 - [TEST_STEP][PASSED] - selenium.click("//a[@class='dropdown-toggle nav-link']"): null

2020-04-09 08:04:42 - [TEST_STEP][PASSED] - selenium.click("//a[contains(text(),'Cancer Insurance')]"): null

2020-04-09 08:04:54 - [TEST_STEP][PASSED] - for ([second = 0, second < 10, (second++)]): null

2020-04-09 08:04:54 - [TEST_STEP][PASSED] - try: null

2020-04-09 08:04:54 - [TEST_STEP][PASSED] - if (selenium.isElementPresent("//a[@class='front-door-quote-button']")): null

2020-04-09 08:05:00 - [TEST_STEP][PASSED] - break: null

2020-04-09 08:05:00 - [TEST_STEP][PASSED] - callTestCase(findTestCase("AHI/_include/get_screenshot"), [:], STOP_ON_FAILURE): Call Test Case 'Test Cases/AHI/_include/get_screenshot' successfully

2020-04-09 08:05:00 - [TEST_CASE][PASSED] - Test Cases/AHI/_include/get_screenshot: Test Cases/AHI/_include/get_screenshot

2020-04-09 08:05:00 - [TEST_STEP][PASSED] - Thread.sleep(1000): null

2020-04-09 08:05:01 - [TEST_STEP][PASSED] - takeScreenshot(screenPath + i + ".png"): Taking screenshot successfully

2020-04-09 08:05:13 - [MESSAGE][PASSED] - Taking screenshot successfully
[[ATTACHMENT|D:\\Test\\AgileTest\\Reports\\HIC\\hic\\20200409_080111\\../Screenshots/iPhone 6/HIC/Cancer/Cancer/20200409_080336/1.png]]

2020-04-09 08:05:13 - [TEST_STEP][PASSED] - (internal.GlobalVariable.i++): null

2020-04-09 08:05:13 - [MESSAGE][PASSED] - Call Test Case 'Test Cases/AHI/_include/get_screenshot' successfully

2020-04-09 08:05:13 - [TEST_STEP][ERROR] - selenium.click("//a[@class='front-door-quote-button']"): selenium.click("//a[@class='front-door-quote-button']") FAILED.
Reason:
com.thoughtworks.selenium.SeleniumException: Timed out waiting for action to finish
	at com.thoughtworks.selenium.webdriven.Timer.run(Timer.java:46)
	at com.thoughtworks.selenium.webdriven.WebDriverCommandProcessor.execute(WebDriverCommandProcessor.java:150)
	at com.thoughtworks.selenium.webdriven.WebDriverCommandProcessor.doCommand(WebDriverCommandProcessor.java:76)
	at com.thoughtworks.selenium.DefaultSelenium.click(DefaultSelenium.java:198)
	at com.thoughtworks.selenium.Selenium$click.call(Unknown Source)
	at Cancer.run(Cancer:55)
	at com.kms.katalon.core.main.ScriptEngine.run(ScriptEngine.java:194)
	at com.kms.katalon.core.main.ScriptEngine.runScriptAsRawText(ScriptEngine.java:119)
	at com.kms.katalon.core.main.TestCaseExecutor.runScript(TestCaseExecutor.java:328)
	at com.kms.katalon.core.main.TestCaseExecutor.doExecute(TestCaseExecutor.java:319)
	at com.kms.katalon.core.main.TestCaseExecutor.processExecutionPhase(TestCaseExecutor.java:298)
	at com.kms.katalon.core.main.TestCaseExecutor.accessMainPhase(TestCaseExecutor.java:290)
	at com.kms.katalon.core.main.TestCaseExecutor.execute(TestCaseExecutor.java:224)
	at com.kms.katalon.core.main.TestSuiteExecutor.accessTestCaseMainPhase(TestSuiteExecutor.java:129)
	at com.kms.katalon.core.main.TestSuiteExecutor.accessTestSuiteMainPhase(TestSuiteExecutor.java:112)
	at com.kms.katalon.core.main.TestSuiteExecutor.execute(TestSuiteExecutor.java:81)
	at com.kms.katalon.core.main.TestCaseMain.startTestSuite(TestCaseMain.java:149)
	at com.kms.katalon.core.main.TestCaseMain$startTestSuite$0.call(Unknown Source)
	at TempTestSuite1586433671690.run(TempTestSuite1586433671690.groovy:36)


2020-04-09 08:05:56 - [MESSAGE][ERROR] - selenium.click("//a[@class='front-door-quote-button']") FAILED.
Reason:
com.thoughtworks.selenium.SeleniumException: Timed out waiting for action to finish
	at com.thoughtworks.selenium.webdriven.Timer.run(Timer.java:46)
	at com.thoughtworks.selenium.webdriven.WebDriverCommandProcessor.execute(WebDriverCommandProcessor.java:150)
	at com.thoughtworks.selenium.webdriven.WebDriverCommandProcessor.doCommand(WebDriverCommandProcessor.java:76)
	at com.thoughtworks.selenium.DefaultSelenium.click(DefaultSelenium.java:198)
	at com.thoughtworks.selenium.Selenium$click.call(Unknown Source)
	at Cancer.run(Cancer:55)
	at com.kms.katalon.core.main.ScriptEngine.run(ScriptEngine.java:194)
	at com.kms.katalon.core.main.ScriptEngine.runScriptAsRawText(ScriptEngine.java:119)
	at com.kms.katalon.core.main.TestCaseExecutor.runScript(TestCaseExecutor.java:328)
	at com.kms.katalon.core.main.TestCaseExecutor.doExecute(TestCaseExecutor.java:319)
	at com.kms.katalon.core.main.TestCaseExecutor.processExecutionPhase(TestCaseExecutor.java:298)
	at com.kms.katalon.core.main.TestCaseExecutor.accessMainPhase(TestCaseExecutor.java:290)
	at com.kms.katalon.core.main.TestCaseExecutor.execute(TestCaseExecutor.java:224)
	at com.kms.katalon.core.main.TestSuiteExecutor.accessTestCaseMainPhase(TestSuiteExecutor.java:129)
	at com.kms.katalon.core.main.TestSuiteExecutor.accessTestSuiteMainPhase(TestSuiteExecutor.java:112)
	at com.kms.katalon.core.main.TestSuiteExecutor.execute(TestSuiteExecutor.java:81)
	at com.kms.katalon.core.main.TestCaseMain.startTestSuite(TestCaseMain.java:149)
	at com.kms.katalon.core.main.TestCaseMain$startTestSuite$0.call(Unknown Source)
	at TempTestSuite1586433671690.run(TempTestSuite1586433671690.groovy:36)]]></system-out>
         <system-err><![CDATA[2020-04-09 08:03:34 - [TEST_CASE][ERROR] - Test Cases/HIC/New/Cancer: Test Cases/HIC/New/Cancer FAILED.
Reason:
com.thoughtworks.selenium.SeleniumException: Timed out waiting for action to finish
	at com.thoughtworks.selenium.webdriven.Timer.run(Timer.java:46)
	at com.thoughtworks.selenium.webdriven.WebDriverCommandProcessor.execute(WebDriverCommandProcessor.java:150)
	at com.thoughtworks.selenium.webdriven.WebDriverCommandProcessor.doCommand(WebDriverCommandProcessor.java:76)
	at com.thoughtworks.selenium.DefaultSelenium.click(DefaultSelenium.java:198)
	at com.thoughtworks.selenium.Selenium$click.call(Unknown Source)
	at Cancer.run(Cancer:55)
	at com.kms.katalon.core.main.ScriptEngine.run(ScriptEngine.java:194)
	at com.kms.katalon.core.main.ScriptEngine.runScriptAsRawText(ScriptEngine.java:119)
	at com.kms.katalon.core.main.TestCaseExecutor.runScript(TestCaseExecutor.java:328)
	at com.kms.katalon.core.main.TestCaseExecutor.doExecute(TestCaseExecutor.java:319)
	at com.kms.katalon.core.main.TestCaseExecutor.processExecutionPhase(TestCaseExecutor.java:298)
	at com.kms.katalon.core.main.TestCaseExecutor.accessMainPhase(TestCaseExecutor.java:290)
	at com.kms.katalon.core.main.TestCaseExecutor.execute(TestCaseExecutor.java:224)
	at com.kms.katalon.core.main.TestSuiteExecutor.accessTestCaseMainPhase(TestSuiteExecutor.java:129)
	at com.kms.katalon.core.main.TestSuiteExecutor.accessTestSuiteMainPhase(TestSuiteExecutor.java:112)
	at com.kms.katalon.core.main.TestSuiteExecutor.execute(TestSuiteExecutor.java:81)
	at com.kms.katalon.core.main.TestCaseMain.startTestSuite(TestCaseMain.java:149)
	at com.kms.katalon.core.main.TestCaseMain$startTestSuite$0.call(Unknown Source)
	at TempTestSuite1586433671690.run(TempTestSuite1586433671690.groovy:36)]]></system-err>
      </testcase>
      <testcase name="Test Cases/HIC/New/Dental" classname="Test Cases/HIC/New/Dental" status="PASSED">
         <system-out><![CDATA[2020-04-09 08:05:56 - [TEST_CASE][PASSED] - Test Cases/HIC/New/Dental: Test Cases/HIC/New/Dental

2020-04-09 08:05:58 - [TEST_STEP][PASSED] - callTestCase(findTestCase("HIC/_include/get_hicScreenPath"), ["project":"HIC", "productLine":"Dental", "carrierName":"USA Access"], CONTINUE_ON_FAILURE): Call Test Case 'Test Cases/HIC/_include/get_hicScreenPath' successfully

2020-04-09 08:05:59 - [TEST_CASE][PASSED] - Test Cases/HIC/_include/get_hicScreenPath: Test Cases/HIC/_include/get_hicScreenPath

2020-04-09 08:05:59 - [TEST_STEP][PASSED] - m = getExecutionProperties(): null

2020-04-09 08:05:59 - [TEST_STEP][PASSED] - deviceName = get("mobileEmulation").get("deviceName"): null

2020-04-09 08:05:59 - [TEST_STEP][PASSED] - println(deviceName): null

2020-04-09 08:05:59 - [TEST_STEP][PASSED] - now = new java.util.Date(): null

2020-04-09 08:05:59 - [TEST_STEP][PASSED] - mydate = now.format("yyyyMMdd_HHmmss"): null

2020-04-09 08:05:59 - [TEST_STEP][PASSED] - screenPath = "../Screenshots/": null

2020-04-09 08:05:59 - [TEST_STEP][PASSED] - screenPath = screenPath + deviceName + "/" + project + "/" + productLine + "/" + carrierName + "/" + mydate + "/": null

2020-04-09 08:05:59 - [TEST_STEP][PASSED] - println(screenPath): null

2020-04-09 08:05:59 - [MESSAGE][PASSED] - Call Test Case 'Test Cases/HIC/_include/get_hicScreenPath' successfully

2020-04-09 08:05:59 - [TEST_STEP][PASSED] - i = 0: null

2020-04-09 08:05:59 - [TEST_STEP][PASSED] - callTestCase(findTestCase("AHI/_include/openWebSite"), ["env":env], CONTINUE_ON_FAILURE): Call Test Case 'Test Cases/AHI/_include/openWebSite' successfully

2020-04-09 08:05:59 - [TEST_CASE][PASSED] - Test Cases/AHI/_include/openWebSite: Test Cases/AHI/_include/openWebSite

2020-04-09 08:05:59 - [TEST_STEP][PASSED] - openBrowser(env): Browser is opened with url: 'https://qa.healthinsurance.com'

2020-04-09 08:05:59 - [MESSAGE][WARNING] - A browser is already opened. Closing browser and opening a new one

2020-04-09 08:06:01 - [MESSAGE][INFO] - Starting 'Chrome' driver

2020-04-09 08:06:01 - [MESSAGE][INFO] - User set preference: ['mobileEmulation', '{deviceName=iPhone 6}']

2020-04-09 08:06:01 - [MESSAGE][INFO] - User set preference: ['args', '[--incognito, --aggressive-cache-discard, --window-size=375,677, --no-sandbox, --ignore-certificate-errors]']

2020-04-09 08:06:34 - [MESSAGE][PASSED] - Browser is opened with url: 'https://qa.healthinsurance.com'

2020-04-09 08:06:34 - [TEST_STEP][PASSED] - waitForPageLoad(20): Wait for page load successfully

2020-04-09 08:06:34 - [MESSAGE][PASSED] - Wait for page load successfully

2020-04-09 08:06:34 - [TEST_STEP][PASSED] - callTestCase(findTestCase("AHI/_include/get_screenshot"), [:], STOP_ON_FAILURE): Call Test Case 'Test Cases/AHI/_include/get_screenshot' successfully

2020-04-09 08:06:34 - [TEST_CASE][PASSED] - Test Cases/AHI/_include/get_screenshot: Test Cases/AHI/_include/get_screenshot

2020-04-09 08:06:34 - [TEST_STEP][PASSED] - Thread.sleep(1000): null

2020-04-09 08:06:35 - [TEST_STEP][PASSED] - takeScreenshot(screenPath + i + ".png"): Taking screenshot successfully

2020-04-09 08:06:40 - [MESSAGE][PASSED] - Taking screenshot successfully
[[ATTACHMENT|D:\\Test\\AgileTest\\Reports\\HIC\\hic\\20200409_080111\\../Screenshots/iPhone 6/HIC/Dental/USA Access/20200409_080559/0.png]]

2020-04-09 08:06:40 - [TEST_STEP][PASSED] - (internal.GlobalVariable.i++): null

2020-04-09 08:06:40 - [MESSAGE][PASSED] - Call Test Case 'Test Cases/AHI/_include/get_screenshot' successfully

2020-04-09 08:06:40 - [MESSAGE][PASSED] - Call Test Case 'Test Cases/AHI/_include/openWebSite' successfully

2020-04-09 08:06:40 - [TEST_STEP][PASSED] - driver = getWebDriver(): null

2020-04-09 08:06:40 - [TEST_STEP][PASSED] - baseUrl = env: null

2020-04-09 08:06:40 - [TEST_STEP][PASSED] - selenium = new com.thoughtworks.selenium.webdriven.WebDriverBackedSelenium(driver, baseUrl): null

2020-04-09 08:06:41 - [TEST_STEP][PASSED] - selenium.click("//span[@class='navbar-toggler-icon']"): null

2020-04-09 08:06:49 - [TEST_STEP][PASSED] - selenium.click("//a[@class='dropdown-toggle nav-link']"): null

2020-04-09 08:06:51 - [TEST_STEP][PASSED] - selenium.click("//a[contains(text(),'Dental')]"): null

2020-04-09 08:06:56 - [TEST_STEP][PASSED] - for ([second = 0, second < 10, (second++)]): null

2020-04-09 08:06:56 - [TEST_STEP][PASSED] - try: null

2020-04-09 08:06:56 - [TEST_STEP][PASSED] - if (selenium.isElementPresent("id=zip")): null

2020-04-09 08:06:56 - [TEST_STEP][PASSED] - break: null

2020-04-09 08:06:56 - [TEST_STEP][PASSED] - callTestCase(findTestCase("AHI/_include/get_screenshot"), [:], STOP_ON_FAILURE): Call Test Case 'Test Cases/AHI/_include/get_screenshot' successfully

2020-04-09 08:06:57 - [TEST_CASE][PASSED] - Test Cases/AHI/_include/get_screenshot: Test Cases/AHI/_include/get_screenshot

2020-04-09 08:06:57 - [TEST_STEP][PASSED] - Thread.sleep(1000): null

2020-04-09 08:06:58 - [TEST_STEP][PASSED] - takeScreenshot(screenPath + i + ".png"): Taking screenshot successfully

2020-04-09 08:07:04 - [MESSAGE][PASSED] - Taking screenshot successfully
[[ATTACHMENT|D:\\Test\\AgileTest\\Reports\\HIC\\hic\\20200409_080111\\../Screenshots/iPhone 6/HIC/Dental/USA Access/20200409_080559/1.png]]

2020-04-09 08:07:04 - [TEST_STEP][PASSED] - (internal.GlobalVariable.i++): null

2020-04-09 08:07:04 - [MESSAGE][PASSED] - Call Test Case 'Test Cases/AHI/_include/get_screenshot' successfully

2020-04-09 08:07:04 - [TEST_STEP][PASSED] - Thread.sleep(2000): null

2020-04-09 08:07:06 - [TEST_STEP][PASSED] - callTestCase(findTestCase("HIC/_include/stm_census"), ["zipcode":"35215"], STOP_ON_FAILURE): Call Test Case 'Test Cases/HIC/_include/stm_census' successfully

2020-04-09 08:07:06 - [TEST_CASE][PASSED] - Test Cases/HIC/_include/stm_census: Test Cases/HIC/_include/stm_census

2020-04-09 08:07:10 - [TEST_STEP][PASSED] - Thread.sleep(2000): null

2020-04-09 08:07:12 - [TEST_STEP][PASSED] - setText(findTestObject("hic/stm/census/zip"), zipcode): Text '35215' is set on object 'Object Repository/hic/stm/census/zip'

2020-04-09 08:07:41 - [MESSAGE][PASSED] - Text '35215' is set on object 'Object Repository/hic/stm/census/zip'

2020-04-09 08:07:41 - [TEST_STEP][PASSED] - Thread.sleep(500): null

2020-04-09 08:07:42 - [TEST_STEP][PASSED] - setText(findTestObject("hic/stm/census/primaryDOB"), "03031987"): Text '03031987' is set on object 'Object Repository/hic/stm/census/primaryDOB'

2020-04-09 08:07:43 - [MESSAGE][PASSED] - Text '03031987' is set on object 'Object Repository/hic/stm/census/primaryDOB'

2020-04-09 08:07:43 - [TEST_STEP][PASSED] - click(findTestObject("hic/stm/census/female")): Object: 'Object Repository/hic/stm/census/female' is clicked on

2020-04-09 08:07:44 - [MESSAGE][PASSED] - Object: 'Object Repository/hic/stm/census/female' is clicked on

2020-04-09 08:07:44 - [TEST_STEP][PASSED] - Thread.sleep(3000): null

2020-04-09 08:07:47 - [TEST_STEP][PASSED] - waitForElementClickable(findTestObject("hic/stm/census/submitButton"), 20): Object 'Object Repository/hic/stm/census/submitButton' is clickable

2020-04-09 08:07:50 - [MESSAGE][PASSED] - Object 'Object Repository/hic/stm/census/submitButton' is clickable

2020-04-09 08:07:50 - [TEST_STEP][PASSED] - click(findTestObject("hic/stm/census/submitButton")): Object: 'Object Repository/hic/stm/census/submitButton' is clicked on

2020-04-09 08:07:58 - [MESSAGE][PASSED] - Object: 'Object Repository/hic/stm/census/submitButton' is clicked on

2020-04-09 08:07:58 - [TEST_STEP][PASSED] - Thread.sleep(6000): null

2020-04-09 08:08:04 - [TEST_STEP][PASSED] - callTestCase(findTestCase("AHI/_include/check_quoteleadform"), [:], STOP_ON_FAILURE): Call Test Case 'Test Cases/AHI/_include/check_quoteleadform' successfully

2020-04-09 08:08:04 - [TEST_CASE][PASSED] - Test Cases/AHI/_include/check_quoteleadform: Test Cases/AHI/_include/check_quoteleadform

2020-04-09 08:08:05 - [TEST_STEP][PASSED] - callTestCase(findTestCase("AHI/_include/name"), [:], CONTINUE_ON_FAILURE): Call Test Case 'Test Cases/AHI/_include/name' successfully

2020-04-09 08:08:05 - [TEST_CASE][PASSED] - Test Cases/AHI/_include/name: Test Cases/AHI/_include/name

2020-04-09 08:08:07 - [TEST_STEP][PASSED] - driver = getWebDriver(): null

2020-04-09 08:08:07 - [TEST_STEP][PASSED] - selenium = new com.thoughtworks.selenium.webdriven.WebDriverBackedSelenium(driver, internal.GlobalVariable.ENV): null

2020-04-09 08:08:09 - [TEST_STEP][PASSED] - FirstName = "Test-123": null

2020-04-09 08:08:09 - [TEST_STEP][PASSED] - LastName = selenium.getEval("{var x="ABCDEFGHIJKLMNOPQRSTUVWXYZabcdefghijklmnopqrstuvwxyz"; var tmp="ZZ11-"; for (i=0;i<8;i++) tmp+=x.charAt(Math.ceil(51*Math.random()));tmp;}"): null

2020-04-09 08:08:09 - [TEST_STEP][PASSED] - Address = selenium.getEval("{var x="ABCDEFGHIJKLMNOPQRSTUVWXYZabcdefghijklmnopqrstuvwxyz"; var tmp=""; for (i=0;i<8;i++) tmp+=x.charAt(Math.ceil(51*Math.random()));tmp;}"): null

2020-04-09 08:08:10 - [TEST_STEP][PASSED] - City = selenium.getEval("{var x="ABCDEFGHIJKLMNOPQRSTUVWXYZabcdefghijklmnopqrstuvwxyz"; var tmp=""; for (i=0;i<8;i++) tmp+=x.charAt(Math.ceil(51*Math.random()));tmp;}"): null

2020-04-09 08:08:10 - [TEST_STEP][PASSED] - tel1 = selenium.getEval("{var x="123456789"; var tmp=""; for (i=0;i<3;i++) tmp+=x.charAt(Math.ceil(8*Math.random()));tmp;}"): null

2020-04-09 08:08:10 - [TEST_STEP][PASSED] - tel2 = selenium.getEval("{var x="123456789"; var tmp=""; for (i=0;i<3;i++) tmp+=x.charAt(Math.ceil(8*Math.random()));tmp;}"): null

2020-04-09 08:08:10 - [TEST_STEP][PASSED] - tel3 = selenium.getEval("{var x="123456789"; var tmp=""; for (i=0;i<4;i++) tmp+=x.charAt(Math.ceil(8*Math.random()));tmp;}"): null

2020-04-09 08:08:10 - [TEST_STEP][PASSED] - Tel = selenium.getExpression(tel1 + "-" + tel2 + "-" + tel3): null

2020-04-09 08:08:10 - [TEST_STEP][PASSED] - AutoEmail = selenium.getEval("{var x="ABCDEFGHIJKLMNOPQRSTUVWXYZabcdefghijklmnopqrstuvwxyz"; var tmp="test."; for (i=0;i<8;i++) tmp+=x.charAt(Math.ceil(51*Math.random()));tmp+="@suryani.cn";}"): null

2020-04-09 08:08:10 - [TEST_STEP][PASSED] - FirstName = FirstName: null

2020-04-09 08:08:10 - [TEST_STEP][PASSED] - LastName = LastName: null

2020-04-09 08:08:10 - [TEST_STEP][PASSED] - Address = Address: null

2020-04-09 08:08:10 - [TEST_STEP][PASSED] - City = City: null

2020-04-09 08:08:10 - [TEST_STEP][PASSED] - Tel = Tel: null

2020-04-09 08:08:10 - [TEST_STEP][PASSED] - AutoEmail = AutoEmail: null

2020-04-09 08:08:10 - [TEST_STEP][PASSED] - println(FirstName): null

2020-04-09 08:08:10 - [TEST_STEP][PASSED] - println(LastName): null

2020-04-09 08:08:10 - [TEST_STEP][PASSED] - println(Address): null

2020-04-09 08:08:10 - [TEST_STEP][PASSED] - println(City): null

2020-04-09 08:08:10 - [TEST_STEP][PASSED] - println(Tel): null

2020-04-09 08:08:10 - [TEST_STEP][PASSED] - println(AutoEmail): null

2020-04-09 08:08:10 - [MESSAGE][PASSED] - Call Test Case 'Test Cases/AHI/_include/name' successfully

2020-04-09 08:08:10 - [TEST_STEP][PASSED] - leadform_exist = test.MobileKeywords.isElementPresent_Web(findTestObject("mobileSanity/quote lead form/lead_form"), 20): test.MobileKeywords.isElementPresent_Web is PASSED

2020-04-09 08:08:37 - [MESSAGE][INFO] - Unable to find the element located by 'By.xpath: //*[@id = 'lightboxLeadForm']'. Please recheck the objects properties to make sure the desired element is located. 

2020-04-09 08:08:37 - [MESSAGE][PASSED] - test.MobileKeywords.isElementPresent_Web is PASSED

2020-04-09 08:08:37 - [TEST_STEP][PASSED] - if (leadform_exist): null

2020-04-09 08:08:37 - [MESSAGE][PASSED] - Call Test Case 'Test Cases/AHI/_include/check_quoteleadform' successfully

2020-04-09 08:08:37 - [TEST_STEP][PASSED] - callTestCase(findTestCase("AHI/_include/get_screenshot"), [:], STOP_ON_FAILURE): Call Test Case 'Test Cases/AHI/_include/get_screenshot' successfully

2020-04-09 08:08:37 - [TEST_CASE][PASSED] - Test Cases/AHI/_include/get_screenshot: Test Cases/AHI/_include/get_screenshot

2020-04-09 08:08:37 - [TEST_STEP][PASSED] - Thread.sleep(1000): null

2020-04-09 08:08:38 - [TEST_STEP][PASSED] - takeScreenshot(screenPath + i + ".png"): Taking screenshot successfully

2020-04-09 08:08:39 - [MESSAGE][PASSED] - Taking screenshot successfully
[[ATTACHMENT|D:\\Test\\AgileTest\\Reports\\HIC\\hic\\20200409_080111\\../Screenshots/iPhone 6/HIC/Dental/USA Access/20200409_080559/2.png]]

2020-04-09 08:08:39 - [TEST_STEP][PASSED] - (internal.GlobalVariable.i++): null

2020-04-09 08:08:39 - [MESSAGE][PASSED] - Call Test Case 'Test Cases/AHI/_include/get_screenshot' successfully

2020-04-09 08:08:39 - [TEST_STEP][PASSED] - Thread.sleep(1000): null

2020-04-09 08:08:40 - [MESSAGE][PASSED] - Call Test Case 'Test Cases/HIC/_include/stm_census' successfully

2020-04-09 08:08:40 - [TEST_STEP][PASSED] - click(findTestObject("mobileSanity/Dental/filter/btn_filter")): Object: 'Object Repository/mobileSanity/Dental/filter/btn_filter' is clicked on

2020-04-09 08:08:46 - [MESSAGE][PASSED] - Object: 'Object Repository/mobileSanity/Dental/filter/btn_filter' is clicked on

2020-04-09 08:08:46 - [TEST_STEP][PASSED] - waitForElementVisible(findTestObject("mobileSanity/Dental/filter/btn_company"), 10): Object 'Object Repository/mobileSanity/Dental/filter/btn_company' is visible

2020-04-09 08:08:52 - [MESSAGE][PASSED] - Object 'Object Repository/mobileSanity/Dental/filter/btn_company' is visible

2020-04-09 08:08:52 - [TEST_STEP][PASSED] - click(findTestObject("mobileSanity/Dental/filter/btn_company")): Object: 'Object Repository/mobileSanity/Dental/filter/btn_company' is clicked on

2020-04-09 08:08:55 - [MESSAGE][PASSED] - Object: 'Object Repository/mobileSanity/Dental/filter/btn_company' is clicked on

2020-04-09 08:08:55 - [TEST_STEP][PASSED] - Thread.sleep(2000): null

2020-04-09 08:08:57 - [TEST_STEP][PASSED] - click(findTestObject("mobileSanity/Dental/filter/btn_usa")): Object: 'Object Repository/mobileSanity/Dental/filter/btn_usa' is clicked on

2020-04-09 08:08:58 - [MESSAGE][PASSED] - Object: 'Object Repository/mobileSanity/Dental/filter/btn_usa' is clicked on

2020-04-09 08:08:58 - [TEST_STEP][PASSED] - waitForJQueryLoad(20, STOP_ON_FAILURE): jQuery is ready.

2020-04-09 08:09:00 - [MESSAGE][PASSED] - jQuery is ready.

2020-04-09 08:09:00 - [TEST_STEP][PASSED] - callTestCase(findTestCase("AHI/_include/get_screenshot"), [:], STOP_ON_FAILURE): Call Test Case 'Test Cases/AHI/_include/get_screenshot' successfully

2020-04-09 08:09:00 - [TEST_CASE][PASSED] - Test Cases/AHI/_include/get_screenshot: Test Cases/AHI/_include/get_screenshot

2020-04-09 08:09:00 - [TEST_STEP][PASSED] - Thread.sleep(1000): null

2020-04-09 08:09:01 - [TEST_STEP][PASSED] - takeScreenshot(screenPath + i + ".png"): Taking screenshot successfully

2020-04-09 08:09:03 - [MESSAGE][PASSED] - Taking screenshot successfully
[[ATTACHMENT|D:\\Test\\AgileTest\\Reports\\HIC\\hic\\20200409_080111\\../Screenshots/iPhone 6/HIC/Dental/USA Access/20200409_080559/3.png]]

2020-04-09 08:09:03 - [TEST_STEP][PASSED] - (internal.GlobalVariable.i++): null

2020-04-09 08:09:03 - [MESSAGE][PASSED] - Call Test Case 'Test Cases/AHI/_include/get_screenshot' successfully

2020-04-09 08:09:03 - [TEST_STEP][PASSED] - click(findTestObject("mobileSanity/Dental/filter/btn_filter")): Object: 'Object Repository/mobileSanity/Dental/filter/btn_filter' is clicked on

2020-04-09 08:09:13 - [MESSAGE][PASSED] - Object: 'Object Repository/mobileSanity/Dental/filter/btn_filter' is clicked on

2020-04-09 08:09:13 - [TEST_STEP][PASSED] - Thread.sleep(2000): null

2020-04-09 08:09:15 - [TEST_STEP][PASSED] - scrollToPosition(0, 600): Browser is scrolled to position x = 0, y = 600

2020-04-09 08:09:16 - [MESSAGE][PASSED] - Browser is scrolled to position x = 0, y = 600

2020-04-09 08:09:16 - [TEST_STEP][PASSED] - Thread.sleep(2000): null

2020-04-09 08:09:18 - [TEST_STEP][PASSED] - click(findTestObject("mobileSanity/Dental/quote/a_Select This Plan")): Object: 'Object Repository/mobileSanity/Dental/quote/a_Select This Plan' is clicked on

2020-04-09 08:09:23 - [MESSAGE][PASSED] - Object: 'Object Repository/mobileSanity/Dental/quote/a_Select This Plan' is clicked on

2020-04-09 08:09:23 - [TEST_STEP][PASSED] - waitForPageLoad(10): Wait for page load successfully

2020-04-09 08:09:25 - [MESSAGE][PASSED] - Wait for page load successfully

2020-04-09 08:09:25 - [TEST_STEP][PASSED] - callTestCase(findTestCase("AHI/_include/get_screenshot"), [:], STOP_ON_FAILURE): Call Test Case 'Test Cases/AHI/_include/get_screenshot' successfully

2020-04-09 08:09:25 - [TEST_CASE][PASSED] - Test Cases/AHI/_include/get_screenshot: Test Cases/AHI/_include/get_screenshot

2020-04-09 08:09:25 - [TEST_STEP][PASSED] - Thread.sleep(1000): null

2020-04-09 08:09:26 - [TEST_STEP][PASSED] - takeScreenshot(screenPath + i + ".png"): Taking screenshot successfully

2020-04-09 08:09:34 - [MESSAGE][PASSED] - Taking screenshot successfully
[[ATTACHMENT|D:\\Test\\AgileTest\\Reports\\HIC\\hic\\20200409_080111\\../Screenshots/iPhone 6/HIC/Dental/USA Access/20200409_080559/4.png]]

2020-04-09 08:09:34 - [TEST_STEP][PASSED] - (internal.GlobalVariable.i++): null

2020-04-09 08:09:34 - [MESSAGE][PASSED] - Call Test Case 'Test Cases/AHI/_include/get_screenshot' successfully

2020-04-09 08:09:34 - [TEST_STEP][PASSED] - Thread.sleep(2000): null

2020-04-09 08:09:36 - [TEST_STEP][PASSED] - click(findTestObject("mobileSanity/Dental/apply/span_Start Secure Application")): Object: 'Object Repository/mobileSanity/Dental/apply/span_Start Secure Application' is clicked on

2020-04-09 08:09:40 - [MESSAGE][PASSED] - Object: 'Object Repository/mobileSanity/Dental/apply/span_Start Secure Application' is clicked on

2020-04-09 08:09:40 - [TEST_STEP][PASSED] - waitForPageLoad(10): Wait for page load successfully

2020-04-09 08:09:44 - [MESSAGE][PASSED] - Wait for page load successfully

2020-04-09 08:09:44 - [TEST_STEP][PASSED] - Thread.sleep(2000): null

2020-04-09 08:09:46 - [TEST_STEP][PASSED] - callTestCase(findTestCase("AHI/_include/get_screenshot"), [:], STOP_ON_FAILURE): Call Test Case 'Test Cases/AHI/_include/get_screenshot' successfully

2020-04-09 08:09:46 - [TEST_CASE][PASSED] - Test Cases/AHI/_include/get_screenshot: Test Cases/AHI/_include/get_screenshot

2020-04-09 08:09:46 - [TEST_STEP][PASSED] - Thread.sleep(1000): null

2020-04-09 08:09:47 - [TEST_STEP][PASSED] - takeScreenshot(screenPath + i + ".png"): Taking screenshot successfully

2020-04-09 08:09:51 - [MESSAGE][PASSED] - Taking screenshot successfully
[[ATTACHMENT|D:\\Test\\AgileTest\\Reports\\HIC\\hic\\20200409_080111\\../Screenshots/iPhone 6/HIC/Dental/USA Access/20200409_080559/5.png]]

2020-04-09 08:09:51 - [TEST_STEP][PASSED] - (internal.GlobalVariable.i++): null

2020-04-09 08:09:51 - [MESSAGE][PASSED] - Call Test Case 'Test Cases/AHI/_include/get_screenshot' successfully

2020-04-09 08:09:51 - [TEST_STEP][PASSED] - callTestCase(findTestCase("AHI/_include/goToEnd_dental"), ["carrier":"usa"], CONTINUE_ON_FAILURE): Call Test Case 'Test Cases/AHI/_include/goToEnd_dental' successfully

2020-04-09 08:09:51 - [TEST_CASE][PASSED] - Test Cases/AHI/_include/goToEnd_dental: Test Cases/AHI/_include/goToEnd_dental

2020-04-09 08:09:52 - [TEST_STEP][PASSED] - callTestCase(findTestCase("AHI/_include/name"), [:], CONTINUE_ON_FAILURE): Call Test Case 'Test Cases/AHI/_include/name' successfully

2020-04-09 08:09:53 - [TEST_CASE][PASSED] - Test Cases/AHI/_include/name: Test Cases/AHI/_include/name

2020-04-09 08:09:53 - [TEST_STEP][PASSED] - driver = getWebDriver(): null

2020-04-09 08:09:53 - [TEST_STEP][PASSED] - selenium = new com.thoughtworks.selenium.webdriven.WebDriverBackedSelenium(driver, internal.GlobalVariable.ENV): null

2020-04-09 08:09:53 - [TEST_STEP][PASSED] - FirstName = "Test-123": null

2020-04-09 08:09:53 - [TEST_STEP][PASSED] - LastName = selenium.getEval("{var x="ABCDEFGHIJKLMNOPQRSTUVWXYZabcdefghijklmnopqrstuvwxyz"; var tmp="ZZ11-"; for (i=0;i<8;i++) tmp+=x.charAt(Math.ceil(51*Math.random()));tmp;}"): null

2020-04-09 08:09:53 - [TEST_STEP][PASSED] - Address = selenium.getEval("{var x="ABCDEFGHIJKLMNOPQRSTUVWXYZabcdefghijklmnopqrstuvwxyz"; var tmp=""; for (i=0;i<8;i++) tmp+=x.charAt(Math.ceil(51*Math.random()));tmp;}"): null

2020-04-09 08:09:54 - [TEST_STEP][PASSED] - City = selenium.getEval("{var x="ABCDEFGHIJKLMNOPQRSTUVWXYZabcdefghijklmnopqrstuvwxyz"; var tmp=""; for (i=0;i<8;i++) tmp+=x.charAt(Math.ceil(51*Math.random()));tmp;}"): null

2020-04-09 08:09:55 - [TEST_STEP][PASSED] - tel1 = selenium.getEval("{var x="123456789"; var tmp=""; for (i=0;i<3;i++) tmp+=x.charAt(Math.ceil(8*Math.random()));tmp;}"): null

2020-04-09 08:09:56 - [TEST_STEP][PASSED] - tel2 = selenium.getEval("{var x="123456789"; var tmp=""; for (i=0;i<3;i++) tmp+=x.charAt(Math.ceil(8*Math.random()));tmp;}"): null

2020-04-09 08:09:56 - [TEST_STEP][PASSED] - tel3 = selenium.getEval("{var x="123456789"; var tmp=""; for (i=0;i<4;i++) tmp+=x.charAt(Math.ceil(8*Math.random()));tmp;}"): null

2020-04-09 08:09:56 - [TEST_STEP][PASSED] - Tel = selenium.getExpression(tel1 + "-" + tel2 + "-" + tel3): null

2020-04-09 08:09:56 - [TEST_STEP][PASSED] - AutoEmail = selenium.getEval("{var x="ABCDEFGHIJKLMNOPQRSTUVWXYZabcdefghijklmnopqrstuvwxyz"; var tmp="test."; for (i=0;i<8;i++) tmp+=x.charAt(Math.ceil(51*Math.random()));tmp+="@suryani.cn";}"): null

2020-04-09 08:09:57 - [TEST_STEP][PASSED] - FirstName = FirstName: null

2020-04-09 08:09:57 - [TEST_STEP][PASSED] - LastName = LastName: null

2020-04-09 08:09:57 - [TEST_STEP][PASSED] - Address = Address: null

2020-04-09 08:09:57 - [TEST_STEP][PASSED] - City = City: null

2020-04-09 08:09:57 - [TEST_STEP][PASSED] - Tel = Tel: null

2020-04-09 08:09:57 - [TEST_STEP][PASSED] - AutoEmail = AutoEmail: null

2020-04-09 08:09:57 - [TEST_STEP][PASSED] - println(FirstName): null

2020-04-09 08:09:57 - [TEST_STEP][PASSED] - println(LastName): null

2020-04-09 08:09:57 - [TEST_STEP][PASSED] - println(Address): null

2020-04-09 08:09:57 - [TEST_STEP][PASSED] - println(City): null

2020-04-09 08:09:57 - [TEST_STEP][PASSED] - println(Tel): null

2020-04-09 08:09:57 - [TEST_STEP][PASSED] - println(AutoEmail): null

2020-04-09 08:09:57 - [MESSAGE][PASSED] - Call Test Case 'Test Cases/AHI/_include/name' successfully

2020-04-09 08:09:57 - [TEST_STEP][PASSED] - Thread.sleep(3000): null

2020-04-09 08:10:01 - [TEST_STEP][PASSED] - setText(findTestObject("mobileSanity/Dental/app_page1/input__member-P-1-firstName"), FirstName): Text 'Test-123' is set on object 'Object Repository/mobileSanity/Dental/app_page1/input__member-P-1-firstName'

2020-04-09 08:10:03 - [MESSAGE][PASSED] - Text 'Test-123' is set on object 'Object Repository/mobileSanity/Dental/app_page1/input__member-P-1-firstName'

2020-04-09 08:10:03 - [TEST_STEP][PASSED] - setText(findTestObject("mobileSanity/Dental/app_page1/input__member-P-1-lastName"), LastName): Text 'ZZ11-vySGxJQj' is set on object 'Object Repository/mobileSanity/Dental/app_page1/input__member-P-1-lastName'

2020-04-09 08:10:34 - [MESSAGE][PASSED] - Text 'ZZ11-vySGxJQj' is set on object 'Object Repository/mobileSanity/Dental/app_page1/input__member-P-1-lastName'

2020-04-09 08:10:34 - [TEST_STEP][PASSED] - setText(findTestObject("mobileSanity/Dental/app_page1/input__address"), Address): Text 'ZYhEOnva' is set on object 'Object Repository/mobileSanity/Dental/app_page1/input__address'

2020-04-09 08:10:39 - [MESSAGE][PASSED] - Text 'ZYhEOnva' is set on object 'Object Repository/mobileSanity/Dental/app_page1/input__address'

2020-04-09 08:10:39 - [TEST_STEP][PASSED] - setText(findTestObject("mobileSanity/Dental/app_page1/input__city"), City): Text 'xKYnibwc' is set on object 'Object Repository/mobileSanity/Dental/app_page1/input__city'

2020-04-09 08:10:42 - [MESSAGE][PASSED] - Text 'xKYnibwc' is set on object 'Object Repository/mobileSanity/Dental/app_page1/input__city'

2020-04-09 08:10:42 - [TEST_STEP][PASSED] - setText(findTestObject("mobileSanity/Dental/app_page1/input__email"), AutoEmail): Text 'test.YFWZDGIh@suryani.cn' is set on object 'Object Repository/mobileSanity/Dental/app_page1/input__email'

2020-04-09 08:11:25 - [MESSAGE][PASSED] - Text 'test.YFWZDGIh@suryani.cn' is set on object 'Object Repository/mobileSanity/Dental/app_page1/input__email'

2020-04-09 08:11:25 - [TEST_STEP][PASSED] - setText(findTestObject("mobileSanity/Dental/app_page1/input_phone"), Tel): Text '959-464-8784' is set on object 'Object Repository/mobileSanity/Dental/app_page1/input_phone'

2020-04-09 08:11:26 - [MESSAGE][PASSED] - Text '959-464-8784' is set on object 'Object Repository/mobileSanity/Dental/app_page1/input_phone'

2020-04-09 08:11:26 - [TEST_STEP][PASSED] - click(findTestObject("mobileSanity/Dental/app_page1/a_Continue to Step 2 - Payment")): Object: 'Object Repository/mobileSanity/Dental/app_page1/a_Continue to Step 2 - Payment' is clicked on

2020-04-09 08:11:26 - [MESSAGE][PASSED] - Object: 'Object Repository/mobileSanity/Dental/app_page1/a_Continue to Step 2 - Payment' is clicked on

2020-04-09 08:11:26 - [TEST_STEP][PASSED] - waitForPageLoad(10): Wait for page load successfully

2020-04-09 08:11:27 - [MESSAGE][PASSED] - Wait for page load successfully

2020-04-09 08:11:27 - [TEST_STEP][PASSED] - Thread.sleep(2000): null

2020-04-09 08:11:29 - [TEST_STEP][PASSED] - if (carrier == "usa"): null

2020-04-09 08:11:29 - [TEST_STEP][PASSED] - callTestCase(findTestCase("AHI/_include/get_screenshot"), [:], STOP_ON_FAILURE): Call Test Case 'Test Cases/AHI/_include/get_screenshot' successfully

2020-04-09 08:11:29 - [TEST_CASE][PASSED] - Test Cases/AHI/_include/get_screenshot: Test Cases/AHI/_include/get_screenshot

2020-04-09 08:11:29 - [TEST_STEP][PASSED] - Thread.sleep(1000): null

2020-04-09 08:11:30 - [TEST_STEP][PASSED] - takeScreenshot(screenPath + i + ".png"): Taking screenshot successfully

2020-04-09 08:11:35 - [MESSAGE][PASSED] - Taking screenshot successfully
[[ATTACHMENT|D:\\Test\\AgileTest\\Reports\\HIC\\hic\\20200409_080111\\../Screenshots/iPhone 6/HIC/Dental/USA Access/20200409_080559/6.png]]

2020-04-09 08:11:35 - [TEST_STEP][PASSED] - (internal.GlobalVariable.i++): null

2020-04-09 08:11:35 - [MESSAGE][PASSED] - Call Test Case 'Test Cases/AHI/_include/get_screenshot' successfully

2020-04-09 08:11:35 - [TEST_STEP][PASSED] - click(findTestObject("mobileSanity/Dental/app_page2/membership/label_ihaveread")): Object: 'Object Repository/mobileSanity/Dental/app_page2/membership/label_ihaveread' is clicked on

2020-04-09 08:11:36 - [MESSAGE][PASSED] - Object: 'Object Repository/mobileSanity/Dental/app_page2/membership/label_ihaveread' is clicked on

2020-04-09 08:11:36 - [TEST_STEP][PASSED] - click(findTestObject("mobileSanity/Dental/app_page2/membership/a_ok")): Object: 'Object Repository/mobileSanity/Dental/app_page2/membership/a_ok' is clicked on

2020-04-09 08:11:40 - [MESSAGE][PASSED] - Object: 'Object Repository/mobileSanity/Dental/app_page2/membership/a_ok' is clicked on

2020-04-09 08:11:40 - [TEST_STEP][PASSED] - Thread.sleep(3000): null

2020-04-09 08:11:43 - [TEST_STEP][PASSED] - callTestCase(findTestCase("AHI/_include/get_screenshot"), [:], STOP_ON_FAILURE): Call Test Case 'Test Cases/AHI/_include/get_screenshot' successfully

2020-04-09 08:11:43 - [TEST_CASE][PASSED] - Test Cases/AHI/_include/get_screenshot: Test Cases/AHI/_include/get_screenshot

2020-04-09 08:11:43 - [TEST_STEP][PASSED] - Thread.sleep(1000): null

2020-04-09 08:11:44 - [TEST_STEP][PASSED] - takeScreenshot(screenPath + i + ".png"): Taking screenshot successfully

2020-04-09 08:11:45 - [MESSAGE][PASSED] - Taking screenshot successfully
[[ATTACHMENT|D:\\Test\\AgileTest\\Reports\\HIC\\hic\\20200409_080111\\../Screenshots/iPhone 6/HIC/Dental/USA Access/20200409_080559/7.png]]

2020-04-09 08:11:45 - [TEST_STEP][PASSED] - (internal.GlobalVariable.i++): null

2020-04-09 08:11:45 - [MESSAGE][PASSED] - Call Test Case 'Test Cases/AHI/_include/get_screenshot' successfully

2020-04-09 08:11:45 - [TEST_STEP][PASSED] - setText(findTestObject("mobileSanity/Dental/app_page2/input__credit-card-first"), FirstName): Text 'Test-123' is set on object 'Object Repository/mobileSanity/Dental/app_page2/input__credit-card-first'

2020-04-09 08:11:45 - [MESSAGE][PASSED] - Text 'Test-123' is set on object 'Object Repository/mobileSanity/Dental/app_page2/input__credit-card-first'

2020-04-09 08:11:45 - [TEST_STEP][PASSED] - setText(findTestObject("mobileSanity/Dental/app_page2/input__credit-card-last"), LastName): Text 'ZZ11-vySGxJQj' is set on object 'Object Repository/mobileSanity/Dental/app_page2/input__credit-card-last'

2020-04-09 08:11:46 - [MESSAGE][PASSED] - Text 'ZZ11-vySGxJQj' is set on object 'Object Repository/mobileSanity/Dental/app_page2/input__credit-card-last'

2020-04-09 08:11:46 - [TEST_STEP][PASSED] - selectOptionByValue(findTestObject("mobileSanity/Dental/app_page2/select_MM010203040506070809101"), "12", true): All options with value '12' are selected in object 'Object Repository/mobileSanity/Dental/app_page2/select_MM010203040506070809101'  using regular expression

2020-04-09 08:12:22 - [MESSAGE][PASSED] - All options with value '12' are selected in object 'Object Repository/mobileSanity/Dental/app_page2/select_MM010203040506070809101'  using regular expression

2020-04-09 08:12:22 - [TEST_STEP][PASSED] - selectOptionByValue(findTestObject("mobileSanity/Dental/app_page2/select_YYYY2019202020212022202"), "2026", true): All options with value '2026' are selected in object 'Object Repository/mobileSanity/Dental/app_page2/select_YYYY2019202020212022202'  using regular expression

2020-04-09 08:12:28 - [MESSAGE][PASSED] - All options with value '2026' are selected in object 'Object Repository/mobileSanity/Dental/app_page2/select_YYYY2019202020212022202'  using regular expression

2020-04-09 08:12:28 - [TEST_STEP][PASSED] - setText(findTestObject("mobileSanity/Dental/app_page2/input__credit-card-number"), "4111111111111111"): Text '4111111111111111' is set on object 'Object Repository/mobileSanity/Dental/app_page2/input__credit-card-number'

2020-04-09 08:12:35 - [MESSAGE][PASSED] - Text '4111111111111111' is set on object 'Object Repository/mobileSanity/Dental/app_page2/input__credit-card-number'

2020-04-09 08:12:35 - [TEST_STEP][PASSED] - setText(findTestObject("mobileSanity/Dental/app_page2/input__cvv"), "123"): Text '123' is set on object 'Object Repository/mobileSanity/Dental/app_page2/input__cvv'

2020-04-09 08:12:37 - [MESSAGE][PASSED] - Text '123' is set on object 'Object Repository/mobileSanity/Dental/app_page2/input__cvv'

2020-04-09 08:12:37 - [TEST_STEP][PASSED] - click(findTestObject("mobileSanity/Dental/app_page2/label_My billing address is th")): Object: 'Object Repository/mobileSanity/Dental/app_page2/label_My billing address is th' is clicked on

2020-04-09 08:12:40 - [MESSAGE][PASSED] - Object: 'Object Repository/mobileSanity/Dental/app_page2/label_My billing address is th' is clicked on

2020-04-09 08:12:40 - [TEST_STEP][PASSED] - click(findTestObject("mobileSanity/Dental/app_page2/label_I Accept Authorization f")): Object: 'Object Repository/mobileSanity/Dental/app_page2/label_I Accept Authorization f' is clicked on

2020-04-09 08:12:40 - [MESSAGE][PASSED] - Object: 'Object Repository/mobileSanity/Dental/app_page2/label_I Accept Authorization f' is clicked on

2020-04-09 08:12:40 - [TEST_STEP][PASSED] - click(findTestObject("mobileSanity/Dental/app_page2/a_Continue to Step 3 - Review")): Object: 'Object Repository/mobileSanity/Dental/app_page2/a_Continue to Step 3 - Review' is clicked on

2020-04-09 08:12:42 - [MESSAGE][PASSED] - Object: 'Object Repository/mobileSanity/Dental/app_page2/a_Continue to Step 3 - Review' is clicked on

2020-04-09 08:12:42 - [TEST_STEP][PASSED] - waitForPageLoad(20): Wait for page load successfully

2020-04-09 08:12:42 - [MESSAGE][PASSED] - Wait for page load successfully

2020-04-09 08:12:42 - [TEST_STEP][PASSED] - Thread.sleep(2000): null

2020-04-09 08:12:44 - [TEST_STEP][PASSED] - waitForElementClickable(findTestObject("mobileSanity/Dental/app_page3/label"), 20): Object 'Object Repository/mobileSanity/Dental/app_page3/label' is clickable

2020-04-09 08:12:55 - [MESSAGE][PASSED] - Object 'Object Repository/mobileSanity/Dental/app_page3/label' is clickable

2020-04-09 08:12:55 - [TEST_STEP][PASSED] - callTestCase(findTestCase("AHI/_include/get_screenshot"), [:], STOP_ON_FAILURE): Call Test Case 'Test Cases/AHI/_include/get_screenshot' successfully

2020-04-09 08:12:56 - [TEST_CASE][PASSED] - Test Cases/AHI/_include/get_screenshot: Test Cases/AHI/_include/get_screenshot

2020-04-09 08:12:56 - [TEST_STEP][PASSED] - Thread.sleep(1000): null

2020-04-09 08:12:57 - [TEST_STEP][PASSED] - takeScreenshot(screenPath + i + ".png"): Taking screenshot successfully

2020-04-09 08:12:57 - [MESSAGE][PASSED] - Taking screenshot successfully
[[ATTACHMENT|D:\\Test\\AgileTest\\Reports\\HIC\\hic\\20200409_080111\\../Screenshots/iPhone 6/HIC/Dental/USA Access/20200409_080559/8.png]]

2020-04-09 08:12:57 - [TEST_STEP][PASSED] - (internal.GlobalVariable.i++): null

2020-04-09 08:12:57 - [MESSAGE][PASSED] - Call Test Case 'Test Cases/AHI/_include/get_screenshot' successfully

2020-04-09 08:12:57 - [TEST_STEP][PASSED] - click(findTestObject("mobileSanity/Dental/app_page3/label")): Object: 'Object Repository/mobileSanity/Dental/app_page3/label' is clicked on

2020-04-09 08:12:58 - [MESSAGE][PASSED] - Object: 'Object Repository/mobileSanity/Dental/app_page3/label' is clicked on

2020-04-09 08:12:58 - [TEST_STEP][PASSED] - click(findTestObject("mobileSanity/Dental/app_page3/p_CLICK TO SIGN")): Object: 'Object Repository/mobileSanity/Dental/app_page3/p_CLICK TO SIGN' is clicked on

2020-04-09 08:12:58 - [MESSAGE][PASSED] - Object: 'Object Repository/mobileSanity/Dental/app_page3/p_CLICK TO SIGN' is clicked on

2020-04-09 08:12:58 - [TEST_STEP][PASSED] - click(findTestObject("mobileSanity/Dental/app_page3/a_Submit Your Application")): Object: 'Object Repository/mobileSanity/Dental/app_page3/a_Submit Your Application' is clicked on

2020-04-09 08:12:58 - [MESSAGE][PASSED] - Object: 'Object Repository/mobileSanity/Dental/app_page3/a_Submit Your Application' is clicked on

2020-04-09 08:12:58 - [TEST_STEP][PASSED] - Thread.sleep(50000): null

2020-04-09 08:13:48 - [TEST_STEP][PASSED] - waitForElementPresent(findTestObject("mobileSanity/Dental/app_page4/js-app-confirmation"), 20): Object 'Object Repository/mobileSanity/Dental/app_page4/js-app-confirmation' is not present after 20 second(s)

2020-04-09 08:14:16 - [MESSAGE][INFO] - Unable to find the element located by 'By.xpath: //*[@id = 'js-app-confirmation']'. Please recheck the objects properties to make sure the desired element is located. 

2020-04-09 08:14:16 - [MESSAGE][WARNING] - Object 'Object Repository/mobileSanity/Dental/app_page4/js-app-confirmation' is not present after 20 second(s)

2020-04-09 08:14:16 - [TEST_STEP][PASSED] - callTestCase(findTestCase("AHI/_include/get_screenshot"), [:], STOP_ON_FAILURE): Call Test Case 'Test Cases/AHI/_include/get_screenshot' successfully

2020-04-09 08:14:16 - [TEST_CASE][PASSED] - Test Cases/AHI/_include/get_screenshot: Test Cases/AHI/_include/get_screenshot

2020-04-09 08:14:16 - [TEST_STEP][PASSED] - Thread.sleep(1000): null

2020-04-09 08:14:17 - [TEST_STEP][PASSED] - takeScreenshot(screenPath + i + ".png"): Taking screenshot successfully

2020-04-09 08:14:20 - [MESSAGE][PASSED] - Taking screenshot successfully
[[ATTACHMENT|D:\\Test\\AgileTest\\Reports\\HIC\\hic\\20200409_080111\\../Screenshots/iPhone 6/HIC/Dental/USA Access/20200409_080559/9.png]]

2020-04-09 08:14:20 - [TEST_STEP][PASSED] - (internal.GlobalVariable.i++): null

2020-04-09 08:14:20 - [MESSAGE][PASSED] - Call Test Case 'Test Cases/AHI/_include/get_screenshot' successfully

2020-04-09 08:14:20 - [MESSAGE][PASSED] - Call Test Case 'Test Cases/AHI/_include/goToEnd_dental' successfully]]></system-out>
         <system-err><![CDATA[]]></system-err>
      </testcase>
      <testcase name="Test Cases/HIC/New/HBI" classname="Test Cases/HIC/New/HBI" status="PASSED">
         <system-out><![CDATA[2020-04-09 08:14:20 - [TEST_CASE][PASSED] - Test Cases/HIC/New/HBI: Test Cases/HIC/New/HBI

2020-04-09 08:14:21 - [TEST_STEP][PASSED] - callTestCase(findTestCase("HIC/_include/get_hicScreenPath"), ["project":"HIC", "productLine":"HBI", "carrierName":"HBI"], CONTINUE_ON_FAILURE): Call Test Case 'Test Cases/HIC/_include/get_hicScreenPath' successfully

2020-04-09 08:14:21 - [TEST_CASE][PASSED] - Test Cases/HIC/_include/get_hicScreenPath: Test Cases/HIC/_include/get_hicScreenPath

2020-04-09 08:14:22 - [TEST_STEP][PASSED] - m = getExecutionProperties(): null

2020-04-09 08:14:22 - [TEST_STEP][PASSED] - deviceName = get("mobileEmulation").get("deviceName"): null

2020-04-09 08:14:22 - [TEST_STEP][PASSED] - println(deviceName): null

2020-04-09 08:14:22 - [TEST_STEP][PASSED] - now = new java.util.Date(): null

2020-04-09 08:14:22 - [TEST_STEP][PASSED] - mydate = now.format("yyyyMMdd_HHmmss"): null

2020-04-09 08:14:22 - [TEST_STEP][PASSED] - screenPath = "../Screenshots/": null

2020-04-09 08:14:22 - [TEST_STEP][PASSED] - screenPath = screenPath + deviceName + "/" + project + "/" + productLine + "/" + carrierName + "/" + mydate + "/": null

2020-04-09 08:14:22 - [TEST_STEP][PASSED] - println(screenPath): null

2020-04-09 08:14:22 - [MESSAGE][PASSED] - Call Test Case 'Test Cases/HIC/_include/get_hicScreenPath' successfully

2020-04-09 08:14:22 - [TEST_STEP][PASSED] - i = 0: null

2020-04-09 08:14:22 - [TEST_STEP][PASSED] - callTestCase(findTestCase("AHI/_include/openWebSite"), ["env":env], CONTINUE_ON_FAILURE): Call Test Case 'Test Cases/AHI/_include/openWebSite' successfully

2020-04-09 08:14:22 - [TEST_CASE][PASSED] - Test Cases/AHI/_include/openWebSite: Test Cases/AHI/_include/openWebSite

2020-04-09 08:14:22 - [TEST_STEP][PASSED] - openBrowser(env): Browser is opened with url: 'https://qa.healthinsurance.com'

2020-04-09 08:14:22 - [MESSAGE][WARNING] - A browser is already opened. Closing browser and opening a new one

2020-04-09 08:14:25 - [MESSAGE][INFO] - Starting 'Chrome' driver

2020-04-09 08:14:25 - [MESSAGE][INFO] - User set preference: ['mobileEmulation', '{deviceName=iPhone 6}']

2020-04-09 08:14:25 - [MESSAGE][INFO] - User set preference: ['args', '[--incognito, --aggressive-cache-discard, --window-size=375,677, --no-sandbox, --ignore-certificate-errors]']

2020-04-09 08:14:47 - [MESSAGE][PASSED] - Browser is opened with url: 'https://qa.healthinsurance.com'

2020-04-09 08:14:47 - [TEST_STEP][PASSED] - waitForPageLoad(20): Wait for page load successfully

2020-04-09 08:14:47 - [MESSAGE][PASSED] - Wait for page load successfully

2020-04-09 08:14:47 - [TEST_STEP][PASSED] - callTestCase(findTestCase("AHI/_include/get_screenshot"), [:], STOP_ON_FAILURE): Call Test Case 'Test Cases/AHI/_include/get_screenshot' successfully

2020-04-09 08:14:47 - [TEST_CASE][PASSED] - Test Cases/AHI/_include/get_screenshot: Test Cases/AHI/_include/get_screenshot

2020-04-09 08:14:47 - [TEST_STEP][PASSED] - Thread.sleep(1000): null

2020-04-09 08:14:48 - [TEST_STEP][PASSED] - takeScreenshot(screenPath + i + ".png"): Taking screenshot successfully

2020-04-09 08:14:51 - [MESSAGE][PASSED] - Taking screenshot successfully
[[ATTACHMENT|D:\\Test\\AgileTest\\Reports\\HIC\\hic\\20200409_080111\\../Screenshots/iPhone 6/HIC/HBI/HBI/20200409_081422/0.png]]

2020-04-09 08:14:51 - [TEST_STEP][PASSED] - (internal.GlobalVariable.i++): null

2020-04-09 08:14:51 - [MESSAGE][PASSED] - Call Test Case 'Test Cases/AHI/_include/get_screenshot' successfully

2020-04-09 08:14:51 - [MESSAGE][PASSED] - Call Test Case 'Test Cases/AHI/_include/openWebSite' successfully

2020-04-09 08:14:51 - [TEST_STEP][PASSED] - driver = getWebDriver(): null

2020-04-09 08:14:51 - [TEST_STEP][PASSED] - baseUrl = env: null

2020-04-09 08:14:51 - [TEST_STEP][PASSED] - selenium = new com.thoughtworks.selenium.webdriven.WebDriverBackedSelenium(driver, baseUrl): null

2020-04-09 08:14:52 - [TEST_STEP][PASSED] - selenium.click("//span[@class='navbar-toggler-icon']"): null

2020-04-09 08:15:00 - [TEST_STEP][PASSED] - selenium.click("//a[@class='dropdown-toggle nav-link']"): null

2020-04-09 08:15:03 - [TEST_STEP][PASSED] - selenium.click("//a[contains(text(),'Hospital Indemnity Plans')]"): null

2020-04-09 08:15:13 - [TEST_STEP][PASSED] - for ([second = 0, second < 10, (second++)]): null

2020-04-09 08:15:13 - [TEST_STEP][PASSED] - try: null

2020-04-09 08:15:13 - [TEST_STEP][PASSED] - if (selenium.isElementPresent("xpath=//button[contains(text(),'GET QUOTES')]")): null

2020-04-09 08:15:15 - [TEST_STEP][PASSED] - break: null

2020-04-09 08:15:15 - [TEST_STEP][PASSED] - callTestCase(findTestCase("AHI/_include/get_screenshot"), [:], STOP_ON_FAILURE): Call Test Case 'Test Cases/AHI/_include/get_screenshot' successfully

2020-04-09 08:15:15 - [TEST_CASE][PASSED] - Test Cases/AHI/_include/get_screenshot: Test Cases/AHI/_include/get_screenshot

2020-04-09 08:15:15 - [TEST_STEP][PASSED] - Thread.sleep(1000): null

2020-04-09 08:15:16 - [TEST_STEP][PASSED] - takeScreenshot(screenPath + i + ".png"): Taking screenshot successfully

2020-04-09 08:15:18 - [MESSAGE][PASSED] - Taking screenshot successfully
[[ATTACHMENT|D:\\Test\\AgileTest\\Reports\\HIC\\hic\\20200409_080111\\../Screenshots/iPhone 6/HIC/HBI/HBI/20200409_081422/1.png]]

2020-04-09 08:15:18 - [TEST_STEP][PASSED] - (internal.GlobalVariable.i++): null

2020-04-09 08:15:18 - [MESSAGE][PASSED] - Call Test Case 'Test Cases/AHI/_include/get_screenshot' successfully

2020-04-09 08:15:18 - [TEST_STEP][PASSED] - selenium.click("xpath=//button[contains(text(),'GET QUOTES')]"): null

2020-04-09 08:15:26 - [TEST_STEP][PASSED] - Thread.sleep(3000): null

2020-04-09 08:15:29 - [TEST_STEP][PASSED] - selenium.selectWindow("HealthInsurance.net | Get a Quote"): null

2020-04-09 08:15:56 - [TEST_STEP][PASSED] - Thread.sleep(3000): null

2020-04-09 08:15:59 - [TEST_STEP][PASSED] - callTestCase(findTestCase("AHI/_include/get_screenshot"), [:], STOP_ON_FAILURE): Call Test Case 'Test Cases/AHI/_include/get_screenshot' successfully

2020-04-09 08:15:59 - [TEST_CASE][PASSED] - Test Cases/AHI/_include/get_screenshot: Test Cases/AHI/_include/get_screenshot

2020-04-09 08:15:59 - [TEST_STEP][PASSED] - Thread.sleep(1000): null

2020-04-09 08:16:00 - [TEST_STEP][PASSED] - takeScreenshot(screenPath + i + ".png"): Taking screenshot successfully

2020-04-09 08:16:01 - [MESSAGE][PASSED] - Taking screenshot successfully
[[ATTACHMENT|D:\\Test\\AgileTest\\Reports\\HIC\\hic\\20200409_080111\\../Screenshots/iPhone 6/HIC/HBI/HBI/20200409_081422/2.png]]

2020-04-09 08:16:01 - [TEST_STEP][PASSED] - (internal.GlobalVariable.i++): null

2020-04-09 08:16:01 - [MESSAGE][PASSED] - Call Test Case 'Test Cases/AHI/_include/get_screenshot' successfully]]></system-out>
         <system-err><![CDATA[]]></system-err>
      </testcase>
      <testcase name="Test Cases/HIC/New/Medicare" classname="Test Cases/HIC/New/Medicare" status="PASSED">
         <system-out><![CDATA[2020-04-09 08:16:01 - [TEST_CASE][PASSED] - Test Cases/HIC/New/Medicare: Test Cases/HIC/New/Medicare

2020-04-09 08:16:02 - [TEST_STEP][PASSED] - callTestCase(findTestCase("HIC/_include/get_hicScreenPath"), ["project":"HIC", "productLine":"Medicare", "carrierName":"Medicare"], CONTINUE_ON_FAILURE): Call Test Case 'Test Cases/HIC/_include/get_hicScreenPath' successfully

2020-04-09 08:16:02 - [TEST_CASE][PASSED] - Test Cases/HIC/_include/get_hicScreenPath: Test Cases/HIC/_include/get_hicScreenPath

2020-04-09 08:16:02 - [TEST_STEP][PASSED] - m = getExecutionProperties(): null

2020-04-09 08:16:02 - [TEST_STEP][PASSED] - deviceName = get("mobileEmulation").get("deviceName"): null

2020-04-09 08:16:02 - [TEST_STEP][PASSED] - println(deviceName): null

2020-04-09 08:16:02 - [TEST_STEP][PASSED] - now = new java.util.Date(): null

2020-04-09 08:16:02 - [TEST_STEP][PASSED] - mydate = now.format("yyyyMMdd_HHmmss"): null

2020-04-09 08:16:02 - [TEST_STEP][PASSED] - screenPath = "../Screenshots/": null

2020-04-09 08:16:02 - [TEST_STEP][PASSED] - screenPath = screenPath + deviceName + "/" + project + "/" + productLine + "/" + carrierName + "/" + mydate + "/": null

2020-04-09 08:16:02 - [TEST_STEP][PASSED] - println(screenPath): null

2020-04-09 08:16:02 - [MESSAGE][PASSED] - Call Test Case 'Test Cases/HIC/_include/get_hicScreenPath' successfully

2020-04-09 08:16:02 - [TEST_STEP][PASSED] - i = 0: null

2020-04-09 08:16:02 - [TEST_STEP][PASSED] - callTestCase(findTestCase("AHI/_include/openWebSite"), ["env":env], CONTINUE_ON_FAILURE): Call Test Case 'Test Cases/AHI/_include/openWebSite' successfully

2020-04-09 08:16:02 - [TEST_CASE][PASSED] - Test Cases/AHI/_include/openWebSite: Test Cases/AHI/_include/openWebSite

2020-04-09 08:16:02 - [TEST_STEP][PASSED] - openBrowser(env): Browser is opened with url: 'https://qa.healthinsurance.com/'

2020-04-09 08:16:02 - [MESSAGE][WARNING] - A browser is already opened. Closing browser and opening a new one

2020-04-09 08:16:10 - [MESSAGE][INFO] - Starting 'Chrome' driver

2020-04-09 08:16:10 - [MESSAGE][INFO] - User set preference: ['mobileEmulation', '{deviceName=iPhone 6}']

2020-04-09 08:16:10 - [MESSAGE][INFO] - User set preference: ['args', '[--incognito, --aggressive-cache-discard, --window-size=375,677, --no-sandbox, --ignore-certificate-errors]']

2020-04-09 08:16:34 - [MESSAGE][PASSED] - Browser is opened with url: 'https://qa.healthinsurance.com/'

2020-04-09 08:16:34 - [TEST_STEP][PASSED] - waitForPageLoad(20): Wait for page load successfully

2020-04-09 08:16:38 - [MESSAGE][PASSED] - Wait for page load successfully

2020-04-09 08:16:38 - [TEST_STEP][PASSED] - callTestCase(findTestCase("AHI/_include/get_screenshot"), [:], STOP_ON_FAILURE): Call Test Case 'Test Cases/AHI/_include/get_screenshot' successfully

2020-04-09 08:16:39 - [TEST_CASE][PASSED] - Test Cases/AHI/_include/get_screenshot: Test Cases/AHI/_include/get_screenshot

2020-04-09 08:16:39 - [TEST_STEP][PASSED] - Thread.sleep(1000): null

2020-04-09 08:16:40 - [TEST_STEP][PASSED] - takeScreenshot(screenPath + i + ".png"): Taking screenshot successfully

2020-04-09 08:16:43 - [MESSAGE][PASSED] - Taking screenshot successfully
[[ATTACHMENT|D:\\Test\\AgileTest\\Reports\\HIC\\hic\\20200409_080111\\../Screenshots/iPhone 6/HIC/Medicare/Medicare/20200409_081602/0.png]]

2020-04-09 08:16:43 - [TEST_STEP][PASSED] - (internal.GlobalVariable.i++): null

2020-04-09 08:16:43 - [MESSAGE][PASSED] - Call Test Case 'Test Cases/AHI/_include/get_screenshot' successfully

2020-04-09 08:16:43 - [MESSAGE][PASSED] - Call Test Case 'Test Cases/AHI/_include/openWebSite' successfully

2020-04-09 08:16:43 - [TEST_STEP][PASSED] - driver = getWebDriver(): null

2020-04-09 08:16:43 - [TEST_STEP][PASSED] - baseUrl = env: null

2020-04-09 08:16:43 - [TEST_STEP][PASSED] - selenium = new com.thoughtworks.selenium.webdriven.WebDriverBackedSelenium(driver, baseUrl): null

2020-04-09 08:16:44 - [TEST_STEP][PASSED] - selenium.click("//span[@class='navbar-toggler-icon']"): null

2020-04-09 08:16:48 - [TEST_STEP][PASSED] - selenium.click("//a[@class='dropdown-toggle nav-link']"): null

2020-04-09 08:16:49 - [TEST_STEP][PASSED] - selenium.click("//a[contains(text(),'Medicare')]"): null

2020-04-09 08:17:04 - [TEST_STEP][PASSED] - for ([second = 0, second < 10, (second++)]): null

2020-04-09 08:17:04 - [TEST_STEP][PASSED] - try: null

2020-04-09 08:17:04 - [TEST_STEP][PASSED] - if (selenium.isElementPresent("id=zip")): null

2020-04-09 08:17:05 - [TEST_STEP][PASSED] - break: null

2020-04-09 08:17:05 - [TEST_STEP][PASSED] - callTestCase(findTestCase("AHI/_include/get_screenshot"), [:], STOP_ON_FAILURE): Call Test Case 'Test Cases/AHI/_include/get_screenshot' successfully

2020-04-09 08:17:05 - [TEST_CASE][PASSED] - Test Cases/AHI/_include/get_screenshot: Test Cases/AHI/_include/get_screenshot

2020-04-09 08:17:05 - [TEST_STEP][PASSED] - Thread.sleep(1000): null

2020-04-09 08:17:07 - [TEST_STEP][PASSED] - takeScreenshot(screenPath + i + ".png"): Taking screenshot successfully

2020-04-09 08:17:10 - [MESSAGE][PASSED] - Taking screenshot successfully
[[ATTACHMENT|D:\\Test\\AgileTest\\Reports\\HIC\\hic\\20200409_080111\\../Screenshots/iPhone 6/HIC/Medicare/Medicare/20200409_081602/1.png]]

2020-04-09 08:17:10 - [TEST_STEP][PASSED] - (internal.GlobalVariable.i++): null

2020-04-09 08:17:10 - [MESSAGE][PASSED] - Call Test Case 'Test Cases/AHI/_include/get_screenshot' successfully

2020-04-09 08:17:10 - [TEST_STEP][PASSED] - setText(findTestObject("hic/medicare/zip"), "33186"): Text '33186' is set on object 'Object Repository/hic/medicare/zip'

2020-04-09 08:17:14 - [MESSAGE][PASSED] - Text '33186' is set on object 'Object Repository/hic/medicare/zip'

2020-04-09 08:17:14 - [TEST_STEP][PASSED] - Thread.sleep(3000): null

2020-04-09 08:17:17 - [TEST_STEP][PASSED] - selenium.click("//button[contains(text(),'Compare Plans')]"): null

2020-04-09 08:17:39 - [TEST_STEP][PASSED] - for ([second = 0, second < 10, (second++)]): null

2020-04-09 08:17:39 - [TEST_STEP][PASSED] - try: null

2020-04-09 08:17:39 - [TEST_STEP][PASSED] - if (selenium.isElementPresent("id=planTypeSelect")): null

2020-04-09 08:17:41 - [TEST_STEP][PASSED] - Thread.sleep(1000): null

2020-04-09 08:17:42 - [TEST_STEP][PASSED] - try: null

2020-04-09 08:17:42 - [TEST_STEP][PASSED] - if (selenium.isElementPresent("id=planTypeSelect")): null

2020-04-09 08:17:42 - [TEST_STEP][PASSED] - Thread.sleep(1000): null

2020-04-09 08:17:44 - [TEST_STEP][PASSED] - try: null

2020-04-09 08:17:44 - [TEST_STEP][PASSED] - if (selenium.isElementPresent("id=planTypeSelect")): null

2020-04-09 08:17:46 - [TEST_STEP][PASSED] - Thread.sleep(1000): null

2020-04-09 08:17:48 - [TEST_STEP][PASSED] - try: null

2020-04-09 08:17:48 - [TEST_STEP][PASSED] - if (selenium.isElementPresent("id=planTypeSelect")): null

2020-04-09 08:17:50 - [TEST_STEP][PASSED] - Thread.sleep(1000): null

2020-04-09 08:17:51 - [TEST_STEP][PASSED] - try: null

2020-04-09 08:17:51 - [TEST_STEP][PASSED] - if (selenium.isElementPresent("id=planTypeSelect")): null

2020-04-09 08:17:52 - [TEST_STEP][PASSED] - Thread.sleep(1000): null

2020-04-09 08:17:53 - [TEST_STEP][PASSED] - try: null

2020-04-09 08:17:53 - [TEST_STEP][PASSED] - if (selenium.isElementPresent("id=planTypeSelect")): null

2020-04-09 08:17:53 - [TEST_STEP][PASSED] - Thread.sleep(1000): null

2020-04-09 08:17:54 - [TEST_STEP][PASSED] - try: null

2020-04-09 08:17:54 - [TEST_STEP][PASSED] - if (selenium.isElementPresent("id=planTypeSelect")): null

2020-04-09 08:17:55 - [TEST_STEP][PASSED] - Thread.sleep(1000): null

2020-04-09 08:17:56 - [TEST_STEP][PASSED] - try: null

2020-04-09 08:17:56 - [TEST_STEP][PASSED] - if (selenium.isElementPresent("id=planTypeSelect")): null

2020-04-09 08:17:58 - [TEST_STEP][PASSED] - Thread.sleep(1000): null

2020-04-09 08:17:59 - [TEST_STEP][PASSED] - try: null

2020-04-09 08:17:59 - [TEST_STEP][PASSED] - if (selenium.isElementPresent("id=planTypeSelect")): null

2020-04-09 08:18:00 - [TEST_STEP][PASSED] - Thread.sleep(1000): null

2020-04-09 08:18:01 - [TEST_STEP][PASSED] - try: null

2020-04-09 08:18:01 - [TEST_STEP][PASSED] - if (selenium.isElementPresent("id=planTypeSelect")): null

2020-04-09 08:18:01 - [TEST_STEP][PASSED] - Thread.sleep(1000): null

2020-04-09 08:18:02 - [TEST_STEP][PASSED] - callTestCase(findTestCase("AHI/_include/get_screenshot"), [:], STOP_ON_FAILURE): Call Test Case 'Test Cases/AHI/_include/get_screenshot' successfully

2020-04-09 08:18:02 - [TEST_CASE][PASSED] - Test Cases/AHI/_include/get_screenshot: Test Cases/AHI/_include/get_screenshot

2020-04-09 08:18:02 - [TEST_STEP][PASSED] - Thread.sleep(1000): null

2020-04-09 08:18:03 - [TEST_STEP][PASSED] - takeScreenshot(screenPath + i + ".png"): Taking screenshot successfully

2020-04-09 08:18:04 - [MESSAGE][PASSED] - Taking screenshot successfully
[[ATTACHMENT|D:\\Test\\AgileTest\\Reports\\HIC\\hic\\20200409_080111\\../Screenshots/iPhone 6/HIC/Medicare/Medicare/20200409_081602/2.png]]

2020-04-09 08:18:04 - [TEST_STEP][PASSED] - (internal.GlobalVariable.i++): null

2020-04-09 08:18:04 - [MESSAGE][PASSED] - Call Test Case 'Test Cases/AHI/_include/get_screenshot' successfully]]></system-out>
         <system-err><![CDATA[]]></system-err>
      </testcase>
      <testcase name="Test Cases/HIC/New/Pet" classname="Test Cases/HIC/New/Pet" status="PASSED">
         <system-out><![CDATA[2020-04-09 08:18:04 - [TEST_CASE][PASSED] - Test Cases/HIC/New/Pet: Test Cases/HIC/New/Pet

2020-04-09 08:18:06 - [TEST_STEP][PASSED] - callTestCase(findTestCase("HIC/_include/get_hicScreenPath"), ["project":"HIC", "productLine":"Pet", "carrierName":"Pet"], CONTINUE_ON_FAILURE): Call Test Case 'Test Cases/HIC/_include/get_hicScreenPath' successfully

2020-04-09 08:18:06 - [TEST_CASE][PASSED] - Test Cases/HIC/_include/get_hicScreenPath: Test Cases/HIC/_include/get_hicScreenPath

2020-04-09 08:18:06 - [TEST_STEP][PASSED] - m = getExecutionProperties(): null

2020-04-09 08:18:06 - [TEST_STEP][PASSED] - deviceName = get("mobileEmulation").get("deviceName"): null

2020-04-09 08:18:06 - [TEST_STEP][PASSED] - println(deviceName): null

2020-04-09 08:18:06 - [TEST_STEP][PASSED] - now = new java.util.Date(): null

2020-04-09 08:18:06 - [TEST_STEP][PASSED] - mydate = now.format("yyyyMMdd_HHmmss"): null

2020-04-09 08:18:06 - [TEST_STEP][PASSED] - screenPath = "../Screenshots/": null

2020-04-09 08:18:06 - [TEST_STEP][PASSED] - screenPath = screenPath + deviceName + "/" + project + "/" + productLine + "/" + carrierName + "/" + mydate + "/": null

2020-04-09 08:18:06 - [TEST_STEP][PASSED] - println(screenPath): null

2020-04-09 08:18:06 - [MESSAGE][PASSED] - Call Test Case 'Test Cases/HIC/_include/get_hicScreenPath' successfully

2020-04-09 08:18:06 - [TEST_STEP][PASSED] - i = 0: null

2020-04-09 08:18:06 - [TEST_STEP][PASSED] - callTestCase(findTestCase("AHI/_include/openWebSite"), ["env":env], CONTINUE_ON_FAILURE): Call Test Case 'Test Cases/AHI/_include/openWebSite' successfully

2020-04-09 08:18:06 - [TEST_CASE][PASSED] - Test Cases/AHI/_include/openWebSite: Test Cases/AHI/_include/openWebSite

2020-04-09 08:18:06 - [TEST_STEP][PASSED] - openBrowser(env): Browser is opened with url: 'https://qa.healthinsurance.com'

2020-04-09 08:18:06 - [MESSAGE][WARNING] - A browser is already opened. Closing browser and opening a new one

2020-04-09 08:18:08 - [MESSAGE][INFO] - Starting 'Chrome' driver

2020-04-09 08:18:08 - [MESSAGE][INFO] - User set preference: ['mobileEmulation', '{deviceName=iPhone 6}']

2020-04-09 08:18:08 - [MESSAGE][INFO] - User set preference: ['args', '[--incognito, --aggressive-cache-discard, --window-size=375,677, --no-sandbox, --ignore-certificate-errors]']

2020-04-09 08:18:35 - [MESSAGE][PASSED] - Browser is opened with url: 'https://qa.healthinsurance.com'

2020-04-09 08:18:35 - [TEST_STEP][PASSED] - waitForPageLoad(20): Wait for page load successfully

2020-04-09 08:18:35 - [MESSAGE][PASSED] - Wait for page load successfully

2020-04-09 08:18:35 - [TEST_STEP][PASSED] - callTestCase(findTestCase("AHI/_include/get_screenshot"), [:], STOP_ON_FAILURE): Call Test Case 'Test Cases/AHI/_include/get_screenshot' successfully

2020-04-09 08:18:36 - [TEST_CASE][PASSED] - Test Cases/AHI/_include/get_screenshot: Test Cases/AHI/_include/get_screenshot

2020-04-09 08:18:36 - [TEST_STEP][PASSED] - Thread.sleep(1000): null

2020-04-09 08:18:37 - [TEST_STEP][PASSED] - takeScreenshot(screenPath + i + ".png"): Taking screenshot successfully

2020-04-09 08:18:37 - [MESSAGE][PASSED] - Taking screenshot successfully
[[ATTACHMENT|D:\\Test\\AgileTest\\Reports\\HIC\\hic\\20200409_080111\\../Screenshots/iPhone 6/HIC/Pet/Pet/20200409_081806/0.png]]

2020-04-09 08:18:37 - [TEST_STEP][PASSED] - (internal.GlobalVariable.i++): null

2020-04-09 08:18:37 - [MESSAGE][PASSED] - Call Test Case 'Test Cases/AHI/_include/get_screenshot' successfully

2020-04-09 08:18:37 - [MESSAGE][PASSED] - Call Test Case 'Test Cases/AHI/_include/openWebSite' successfully

2020-04-09 08:18:37 - [TEST_STEP][PASSED] - driver = getWebDriver(): null

2020-04-09 08:18:37 - [TEST_STEP][PASSED] - baseUrl = env: null

2020-04-09 08:18:37 - [TEST_STEP][PASSED] - selenium = new com.thoughtworks.selenium.webdriven.WebDriverBackedSelenium(driver, baseUrl): null

2020-04-09 08:18:37 - [TEST_STEP][PASSED] - selenium.click("//span[@class='navbar-toggler-icon']"): null

2020-04-09 08:18:39 - [TEST_STEP][PASSED] - selenium.click("//a[@class='dropdown-toggle nav-link']"): null

2020-04-09 08:18:44 - [TEST_STEP][PASSED] - selenium.click("//a[contains(text(),'Pet Insurance')]"): null

2020-04-09 08:18:49 - [TEST_STEP][PASSED] - for ([second = 0, second < 20, (second++)]): null

2020-04-09 08:18:49 - [TEST_STEP][PASSED] - try: null

2020-04-09 08:18:49 - [TEST_STEP][PASSED] - if (selenium.isElementPresent("id=zip-input")): null

2020-04-09 08:18:54 - [TEST_STEP][PASSED] - break: null

2020-04-09 08:18:54 - [TEST_STEP][PASSED] - callTestCase(findTestCase("AHI/_include/get_screenshot"), [:], STOP_ON_FAILURE): Call Test Case 'Test Cases/AHI/_include/get_screenshot' successfully

2020-04-09 08:18:54 - [TEST_CASE][PASSED] - Test Cases/AHI/_include/get_screenshot: Test Cases/AHI/_include/get_screenshot

2020-04-09 08:18:54 - [TEST_STEP][PASSED] - Thread.sleep(1000): null

2020-04-09 08:18:55 - [TEST_STEP][PASSED] - takeScreenshot(screenPath + i + ".png"): Taking screenshot successfully

2020-04-09 08:18:59 - [MESSAGE][PASSED] - Taking screenshot successfully
[[ATTACHMENT|D:\\Test\\AgileTest\\Reports\\HIC\\hic\\20200409_080111\\../Screenshots/iPhone 6/HIC/Pet/Pet/20200409_081806/1.png]]

2020-04-09 08:18:59 - [TEST_STEP][PASSED] - (internal.GlobalVariable.i++): null

2020-04-09 08:18:59 - [MESSAGE][PASSED] - Call Test Case 'Test Cases/AHI/_include/get_screenshot' successfully

2020-04-09 08:18:59 - [TEST_STEP][PASSED] - sendKeys(findTestObject("mobileSanity/Cancer Insurance/zip"), "35216"): Keys '35216' sent to object: 'Object Repository/mobileSanity/Cancer Insurance/zip'

2020-04-09 08:19:03 - [MESSAGE][PASSED] - Keys '35216' sent to object: 'Object Repository/mobileSanity/Cancer Insurance/zip'

2020-04-09 08:19:03 - [TEST_STEP][PASSED] - Thread.sleep(3000): null

2020-04-09 08:19:06 - [TEST_STEP][PASSED] - selenium.click("id=js-see-plans"): null

2020-04-09 08:19:12 - [TEST_STEP][PASSED] - for ([second = 0, second < 20, (second++)]): null

2020-04-09 08:19:12 - [TEST_STEP][PASSED] - try: null

2020-04-09 08:19:12 - [TEST_STEP][PASSED] - if (selenium.isElementPresent("id=name-input")): null

2020-04-09 08:19:12 - [TEST_STEP][PASSED] - break: null

2020-04-09 08:19:12 - [TEST_STEP][PASSED] - callTestCase(findTestCase("AHI/_include/get_screenshot"), [:], STOP_ON_FAILURE): Call Test Case 'Test Cases/AHI/_include/get_screenshot' successfully

2020-04-09 08:19:12 - [TEST_CASE][PASSED] - Test Cases/AHI/_include/get_screenshot: Test Cases/AHI/_include/get_screenshot

2020-04-09 08:19:12 - [TEST_STEP][PASSED] - Thread.sleep(1000): null

2020-04-09 08:19:13 - [TEST_STEP][PASSED] - takeScreenshot(screenPath + i + ".png"): Taking screenshot successfully

2020-04-09 08:19:16 - [MESSAGE][PASSED] - Taking screenshot successfully
[[ATTACHMENT|D:\\Test\\AgileTest\\Reports\\HIC\\hic\\20200409_080111\\../Screenshots/iPhone 6/HIC/Pet/Pet/20200409_081806/2.png]]

2020-04-09 08:19:16 - [TEST_STEP][PASSED] - (internal.GlobalVariable.i++): null

2020-04-09 08:19:16 - [MESSAGE][PASSED] - Call Test Case 'Test Cases/AHI/_include/get_screenshot' successfully

2020-04-09 08:19:16 - [TEST_STEP][PASSED] - setText(findTestObject("mobileSanity/Pet Insurance/name-input"), "Test cat"): Text 'Test cat' is set on object 'Object Repository/mobileSanity/Pet Insurance/name-input'

2020-04-09 08:19:22 - [MESSAGE][PASSED] - Text 'Test cat' is set on object 'Object Repository/mobileSanity/Pet Insurance/name-input'

2020-04-09 08:19:22 - [TEST_STEP][PASSED] - selenium.click("id=js-continue"): null

2020-04-09 08:19:24 - [TEST_STEP][PASSED] - for ([second = 0, second < 20, (second++)]): null

2020-04-09 08:19:24 - [TEST_STEP][PASSED] - try: null

2020-04-09 08:19:24 - [TEST_STEP][PASSED] - if (selenium.isElementPresent("xpath=//label[@for='p-cat']")): null

2020-04-09 08:19:24 - [TEST_STEP][PASSED] - break: null

2020-04-09 08:19:24 - [TEST_STEP][PASSED] - callTestCase(findTestCase("AHI/_include/get_screenshot"), [:], STOP_ON_FAILURE): Call Test Case 'Test Cases/AHI/_include/get_screenshot' successfully

2020-04-09 08:19:25 - [TEST_CASE][PASSED] - Test Cases/AHI/_include/get_screenshot: Test Cases/AHI/_include/get_screenshot

2020-04-09 08:19:25 - [TEST_STEP][PASSED] - Thread.sleep(1000): null

2020-04-09 08:19:26 - [TEST_STEP][PASSED] - takeScreenshot(screenPath + i + ".png"): Taking screenshot successfully

2020-04-09 08:19:26 - [MESSAGE][PASSED] - Taking screenshot successfully
[[ATTACHMENT|D:\\Test\\AgileTest\\Reports\\HIC\\hic\\20200409_080111\\../Screenshots/iPhone 6/HIC/Pet/Pet/20200409_081806/3.png]]

2020-04-09 08:19:26 - [TEST_STEP][PASSED] - (internal.GlobalVariable.i++): null

2020-04-09 08:19:26 - [MESSAGE][PASSED] - Call Test Case 'Test Cases/AHI/_include/get_screenshot' successfully

2020-04-09 08:19:26 - [TEST_STEP][PASSED] - selenium.click("//label[@for='p-cat']"): null

2020-04-09 08:19:28 - [TEST_STEP][PASSED] - for ([second = 0, second < 20, (second++)]): null

2020-04-09 08:19:28 - [TEST_STEP][PASSED] - try: null

2020-04-09 08:19:28 - [TEST_STEP][PASSED] - if (selenium.isElementPresent("id=dob-mm-input")): null

2020-04-09 08:19:28 - [TEST_STEP][PASSED] - break: null

2020-04-09 08:19:28 - [TEST_STEP][PASSED] - callTestCase(findTestCase("AHI/_include/get_screenshot"), [:], STOP_ON_FAILURE): Call Test Case 'Test Cases/AHI/_include/get_screenshot' successfully

2020-04-09 08:19:28 - [TEST_CASE][PASSED] - Test Cases/AHI/_include/get_screenshot: Test Cases/AHI/_include/get_screenshot

2020-04-09 08:19:28 - [TEST_STEP][PASSED] - Thread.sleep(1000): null

2020-04-09 08:19:29 - [TEST_STEP][PASSED] - takeScreenshot(screenPath + i + ".png"): Taking screenshot successfully

2020-04-09 08:19:31 - [MESSAGE][PASSED] - Taking screenshot successfully
[[ATTACHMENT|D:\\Test\\AgileTest\\Reports\\HIC\\hic\\20200409_080111\\../Screenshots/iPhone 6/HIC/Pet/Pet/20200409_081806/4.png]]

2020-04-09 08:19:31 - [TEST_STEP][PASSED] - (internal.GlobalVariable.i++): null

2020-04-09 08:19:31 - [MESSAGE][PASSED] - Call Test Case 'Test Cases/AHI/_include/get_screenshot' successfully

2020-04-09 08:19:31 - [TEST_STEP][PASSED] - setText(findTestObject("mobileSanity/Pet Insurance/dob-mm-input"), "01"): Text '01' is set on object 'Object Repository/mobileSanity/Pet Insurance/dob-mm-input'

2020-04-09 08:19:38 - [MESSAGE][PASSED] - Text '01' is set on object 'Object Repository/mobileSanity/Pet Insurance/dob-mm-input'

2020-04-09 08:19:38 - [TEST_STEP][PASSED] - setText(findTestObject("mobileSanity/Pet Insurance/dob-dd-input"), "01"): Text '01' is set on object 'Object Repository/mobileSanity/Pet Insurance/dob-dd-input'

2020-04-09 08:19:46 - [MESSAGE][PASSED] - Text '01' is set on object 'Object Repository/mobileSanity/Pet Insurance/dob-dd-input'

2020-04-09 08:19:46 - [TEST_STEP][PASSED] - setText(findTestObject("mobileSanity/Pet Insurance/dob-yyyy-input"), "2016"): Text '2016' is set on object 'Object Repository/mobileSanity/Pet Insurance/dob-yyyy-input'

2020-04-09 08:19:48 - [MESSAGE][PASSED] - Text '2016' is set on object 'Object Repository/mobileSanity/Pet Insurance/dob-yyyy-input'

2020-04-09 08:19:48 - [TEST_STEP][PASSED] - for ([second = 0, second < 20, (second++)]): null

2020-04-09 08:19:48 - [TEST_STEP][PASSED] - try: null

2020-04-09 08:19:48 - [TEST_STEP][PASSED] - if (selenium.isElementPresent("xpath=//label[@for='p-no']")): null

2020-04-09 08:19:48 - [TEST_STEP][PASSED] - break: null

2020-04-09 08:19:48 - [TEST_STEP][PASSED] - callTestCase(findTestCase("AHI/_include/get_screenshot"), [:], STOP_ON_FAILURE): Call Test Case 'Test Cases/AHI/_include/get_screenshot' successfully

2020-04-09 08:19:48 - [TEST_CASE][PASSED] - Test Cases/AHI/_include/get_screenshot: Test Cases/AHI/_include/get_screenshot

2020-04-09 08:19:48 - [TEST_STEP][PASSED] - Thread.sleep(1000): null

2020-04-09 08:19:49 - [TEST_STEP][PASSED] - takeScreenshot(screenPath + i + ".png"): Taking screenshot successfully

2020-04-09 08:19:49 - [MESSAGE][PASSED] - Taking screenshot successfully
[[ATTACHMENT|D:\\Test\\AgileTest\\Reports\\HIC\\hic\\20200409_080111\\../Screenshots/iPhone 6/HIC/Pet/Pet/20200409_081806/5.png]]

2020-04-09 08:19:49 - [TEST_STEP][PASSED] - (internal.GlobalVariable.i++): null

2020-04-09 08:19:49 - [MESSAGE][PASSED] - Call Test Case 'Test Cases/AHI/_include/get_screenshot' successfully

2020-04-09 08:19:49 - [TEST_STEP][PASSED] - selenium.click("//label[@for='p-no']"): null

2020-04-09 08:19:59 - [TEST_STEP][PASSED] - for ([second = 0, second < 20, (second++)]): null

2020-04-09 08:19:59 - [TEST_STEP][PASSED] - try: null

2020-04-09 08:19:59 - [TEST_STEP][PASSED] - if (selenium.isElementPresent("id=applyCta")): null

2020-04-09 08:20:07 - [TEST_STEP][PASSED] - break: null

2020-04-09 08:20:07 - [TEST_STEP][PASSED] - callTestCase(findTestCase("AHI/_include/get_screenshot"), [:], STOP_ON_FAILURE): Call Test Case 'Test Cases/AHI/_include/get_screenshot' successfully

2020-04-09 08:20:08 - [TEST_CASE][PASSED] - Test Cases/AHI/_include/get_screenshot: Test Cases/AHI/_include/get_screenshot

2020-04-09 08:20:08 - [TEST_STEP][PASSED] - Thread.sleep(1000): null

2020-04-09 08:20:09 - [TEST_STEP][PASSED] - takeScreenshot(screenPath + i + ".png"): Taking screenshot successfully

2020-04-09 08:20:10 - [MESSAGE][PASSED] - Taking screenshot successfully
[[ATTACHMENT|D:\\Test\\AgileTest\\Reports\\HIC\\hic\\20200409_080111\\../Screenshots/iPhone 6/HIC/Pet/Pet/20200409_081806/6.png]]

2020-04-09 08:20:10 - [TEST_STEP][PASSED] - (internal.GlobalVariable.i++): null

2020-04-09 08:20:10 - [MESSAGE][PASSED] - Call Test Case 'Test Cases/AHI/_include/get_screenshot' successfully

2020-04-09 08:20:10 - [TEST_STEP][PASSED] - selenium.click("id=applyCta"): null

2020-04-09 08:20:12 - [TEST_STEP][PASSED] - for ([second = 0, second < 20, (second++)]): null

2020-04-09 08:20:12 - [TEST_STEP][PASSED] - try: null

2020-04-09 08:20:12 - [TEST_STEP][PASSED] - if (selenium.isElementPresent("id=member-P-1-firstName")): null

2020-04-09 08:20:16 - [TEST_STEP][PASSED] - break: null

2020-04-09 08:20:16 - [TEST_STEP][PASSED] - callTestCase(findTestCase("AHI/_include/get_screenshot"), [:], STOP_ON_FAILURE): Call Test Case 'Test Cases/AHI/_include/get_screenshot' successfully

2020-04-09 08:20:16 - [TEST_CASE][PASSED] - Test Cases/AHI/_include/get_screenshot: Test Cases/AHI/_include/get_screenshot

2020-04-09 08:20:16 - [TEST_STEP][PASSED] - Thread.sleep(1000): null

2020-04-09 08:20:18 - [TEST_STEP][PASSED] - takeScreenshot(screenPath + i + ".png"): Taking screenshot successfully

2020-04-09 08:20:20 - [MESSAGE][PASSED] - Taking screenshot successfully
[[ATTACHMENT|D:\\Test\\AgileTest\\Reports\\HIC\\hic\\20200409_080111\\../Screenshots/iPhone 6/HIC/Pet/Pet/20200409_081806/7.png]]

2020-04-09 08:20:20 - [TEST_STEP][PASSED] - (internal.GlobalVariable.i++): null

2020-04-09 08:20:20 - [MESSAGE][PASSED] - Call Test Case 'Test Cases/AHI/_include/get_screenshot' successfully

2020-04-09 08:20:20 - [TEST_STEP][PASSED] - callTestCase(findTestCase("AHI/_include/name"), [:], STOP_ON_FAILURE): Call Test Case 'Test Cases/AHI/_include/name' successfully

2020-04-09 08:20:20 - [TEST_CASE][PASSED] - Test Cases/AHI/_include/name: Test Cases/AHI/_include/name

2020-04-09 08:20:20 - [TEST_STEP][PASSED] - driver = getWebDriver(): null

2020-04-09 08:20:20 - [TEST_STEP][PASSED] - selenium = new com.thoughtworks.selenium.webdriven.WebDriverBackedSelenium(driver, internal.GlobalVariable.ENV): null

2020-04-09 08:20:21 - [TEST_STEP][PASSED] - FirstName = "Test-123": null

2020-04-09 08:20:21 - [TEST_STEP][PASSED] - LastName = selenium.getEval("{var x="ABCDEFGHIJKLMNOPQRSTUVWXYZabcdefghijklmnopqrstuvwxyz"; var tmp="ZZ11-"; for (i=0;i<8;i++) tmp+=x.charAt(Math.ceil(51*Math.random()));tmp;}"): null

2020-04-09 08:20:22 - [TEST_STEP][PASSED] - Address = selenium.getEval("{var x="ABCDEFGHIJKLMNOPQRSTUVWXYZabcdefghijklmnopqrstuvwxyz"; var tmp=""; for (i=0;i<8;i++) tmp+=x.charAt(Math.ceil(51*Math.random()));tmp;}"): null

2020-04-09 08:20:23 - [TEST_STEP][PASSED] - City = selenium.getEval("{var x="ABCDEFGHIJKLMNOPQRSTUVWXYZabcdefghijklmnopqrstuvwxyz"; var tmp=""; for (i=0;i<8;i++) tmp+=x.charAt(Math.ceil(51*Math.random()));tmp;}"): null

2020-04-09 08:20:23 - [TEST_STEP][PASSED] - tel1 = selenium.getEval("{var x="123456789"; var tmp=""; for (i=0;i<3;i++) tmp+=x.charAt(Math.ceil(8*Math.random()));tmp;}"): null

2020-04-09 08:20:23 - [TEST_STEP][PASSED] - tel2 = selenium.getEval("{var x="123456789"; var tmp=""; for (i=0;i<3;i++) tmp+=x.charAt(Math.ceil(8*Math.random()));tmp;}"): null

2020-04-09 08:20:24 - [TEST_STEP][PASSED] - tel3 = selenium.getEval("{var x="123456789"; var tmp=""; for (i=0;i<4;i++) tmp+=x.charAt(Math.ceil(8*Math.random()));tmp;}"): null

2020-04-09 08:20:24 - [TEST_STEP][PASSED] - Tel = selenium.getExpression(tel1 + "-" + tel2 + "-" + tel3): null

2020-04-09 08:20:24 - [TEST_STEP][PASSED] - AutoEmail = selenium.getEval("{var x="ABCDEFGHIJKLMNOPQRSTUVWXYZabcdefghijklmnopqrstuvwxyz"; var tmp="test."; for (i=0;i<8;i++) tmp+=x.charAt(Math.ceil(51*Math.random()));tmp+="@suryani.cn";}"): null

2020-04-09 08:20:24 - [TEST_STEP][PASSED] - FirstName = FirstName: null

2020-04-09 08:20:24 - [TEST_STEP][PASSED] - LastName = LastName: null

2020-04-09 08:20:24 - [TEST_STEP][PASSED] - Address = Address: null

2020-04-09 08:20:24 - [TEST_STEP][PASSED] - City = City: null

2020-04-09 08:20:24 - [TEST_STEP][PASSED] - Tel = Tel: null

2020-04-09 08:20:24 - [TEST_STEP][PASSED] - AutoEmail = AutoEmail: null

2020-04-09 08:20:24 - [TEST_STEP][PASSED] - println(FirstName): null

2020-04-09 08:20:24 - [TEST_STEP][PASSED] - println(LastName): null

2020-04-09 08:20:24 - [TEST_STEP][PASSED] - println(Address): null

2020-04-09 08:20:24 - [TEST_STEP][PASSED] - println(City): null

2020-04-09 08:20:24 - [TEST_STEP][PASSED] - println(Tel): null

2020-04-09 08:20:24 - [TEST_STEP][PASSED] - println(AutoEmail): null

2020-04-09 08:20:24 - [MESSAGE][PASSED] - Call Test Case 'Test Cases/AHI/_include/name' successfully

2020-04-09 08:20:24 - [TEST_STEP][PASSED] - selenium.type("id=member-P-1-firstName", FirstName): null

2020-04-09 08:20:25 - [TEST_STEP][PASSED] - selenium.type("id=member-P-1-lastName", LastName): null

2020-04-09 08:20:25 - [TEST_STEP][PASSED] - selenium.type("id=address", Address): null

2020-04-09 08:20:26 - [TEST_STEP][PASSED] - selenium.type("id=city", City): null

2020-04-09 08:20:27 - [TEST_STEP][PASSED] - selenium.type("id=email", AutoEmail): null

2020-04-09 08:20:34 - [TEST_STEP][PASSED] - selenium.type("id=primaryPhone", Tel): null

2020-04-09 08:20:35 - [TEST_STEP][PASSED] - selenium.click("id=pet-veterinary-clinic-flag"): null

2020-04-09 08:20:39 - [TEST_STEP][PASSED] - Thread.sleep(2000): null

2020-04-09 08:20:41 - [TEST_STEP][PASSED] - selenium.click("id=js-app-continue-link"): null

2020-04-09 08:20:47 - [TEST_STEP][PASSED] - for ([second = 0, second < 20, (second++)]): null

2020-04-09 08:20:47 - [TEST_STEP][PASSED] - try: null

2020-04-09 08:20:47 - [TEST_STEP][PASSED] - if (selenium.isElementPresent("id=credit-card-number")): null

2020-04-09 08:20:49 - [TEST_STEP][PASSED] - break: null

2020-04-09 08:20:49 - [TEST_STEP][PASSED] - callTestCase(findTestCase("AHI/_include/get_screenshot"), [:], STOP_ON_FAILURE): Call Test Case 'Test Cases/AHI/_include/get_screenshot' successfully

2020-04-09 08:20:49 - [TEST_CASE][PASSED] - Test Cases/AHI/_include/get_screenshot: Test Cases/AHI/_include/get_screenshot

2020-04-09 08:20:49 - [TEST_STEP][PASSED] - Thread.sleep(1000): null

2020-04-09 08:20:50 - [TEST_STEP][PASSED] - takeScreenshot(screenPath + i + ".png"): Taking screenshot successfully

2020-04-09 08:20:54 - [MESSAGE][PASSED] - Taking screenshot successfully
[[ATTACHMENT|D:\\Test\\AgileTest\\Reports\\HIC\\hic\\20200409_080111\\../Screenshots/iPhone 6/HIC/Pet/Pet/20200409_081806/8.png]]

2020-04-09 08:20:54 - [TEST_STEP][PASSED] - (internal.GlobalVariable.i++): null

2020-04-09 08:20:54 - [MESSAGE][PASSED] - Call Test Case 'Test Cases/AHI/_include/get_screenshot' successfully

2020-04-09 08:20:54 - [TEST_STEP][PASSED] - selenium.type("id=credit-card-number", "4111111111111111"): null

2020-04-09 08:20:57 - [TEST_STEP][PASSED] - selenium.type("id=credit-card-first", "test"): null

2020-04-09 08:21:01 - [TEST_STEP][PASSED] - selenium.type("id=credit-card-last", "test"): null

2020-04-09 08:21:03 - [TEST_STEP][PASSED] - selenium.select("id=expiration-month", "12"): null

2020-04-09 08:21:04 - [TEST_STEP][PASSED] - selenium.select("id=expiration-year", "2026"): null

2020-04-09 08:21:04 - [TEST_STEP][PASSED] - selenium.type("id=credit-card-cvv", "123"): null

2020-04-09 08:21:05 - [TEST_STEP][PASSED] - selenium.type("id=credit-card-number", "4111111111111111"): null

2020-04-09 08:21:05 - [TEST_STEP][PASSED] - selenium.click("id=js-same-billing"): null

2020-04-09 08:21:09 - [TEST_STEP][PASSED] - selenium.click("id=credit-payment-authorization"): null

2020-04-09 08:21:10 - [TEST_STEP][PASSED] - selenium.click("id=js-app-continue-link"): null

2020-04-09 08:21:13 - [TEST_STEP][PASSED] - for ([second = 0, second < 20, (second++)]): null

2020-04-09 08:21:13 - [TEST_STEP][PASSED] - try: null

2020-04-09 08:21:13 - [TEST_STEP][PASSED] - if (selenium.isElementPresent("id=consent-checkbox-0")): null

2020-04-09 08:21:14 - [TEST_STEP][PASSED] - Thread.sleep(1000): null

2020-04-09 08:21:15 - [TEST_STEP][PASSED] - try: null

2020-04-09 08:21:15 - [TEST_STEP][PASSED] - if (selenium.isElementPresent("id=consent-checkbox-0")): null

2020-04-09 08:21:15 - [TEST_STEP][PASSED] - break: null

2020-04-09 08:21:15 - [TEST_STEP][PASSED] - callTestCase(findTestCase("AHI/_include/get_screenshot"), [:], STOP_ON_FAILURE): Call Test Case 'Test Cases/AHI/_include/get_screenshot' successfully

2020-04-09 08:21:15 - [TEST_CASE][PASSED] - Test Cases/AHI/_include/get_screenshot: Test Cases/AHI/_include/get_screenshot

2020-04-09 08:21:15 - [TEST_STEP][PASSED] - Thread.sleep(1000): null

2020-04-09 08:21:16 - [TEST_STEP][PASSED] - takeScreenshot(screenPath + i + ".png"): Taking screenshot successfully

2020-04-09 08:21:18 - [MESSAGE][PASSED] - Taking screenshot successfully
[[ATTACHMENT|D:\\Test\\AgileTest\\Reports\\HIC\\hic\\20200409_080111\\../Screenshots/iPhone 6/HIC/Pet/Pet/20200409_081806/9.png]]

2020-04-09 08:21:18 - [TEST_STEP][PASSED] - (internal.GlobalVariable.i++): null

2020-04-09 08:21:18 - [MESSAGE][PASSED] - Call Test Case 'Test Cases/AHI/_include/get_screenshot' successfully

2020-04-09 08:21:18 - [TEST_STEP][PASSED] - selenium.click("id=consent-checkbox-0"): null

2020-04-09 08:21:19 - [TEST_STEP][PASSED] - selenium.click("id=consent-checkbox-1"): null

2020-04-09 08:21:20 - [TEST_STEP][PASSED] - selenium.click("id=consent-checkbox-2"): null

2020-04-09 08:21:21 - [TEST_STEP][PASSED] - selenium.click("id=consent-checkbox-3"): null

2020-04-09 08:21:26 - [TEST_STEP][PASSED] - selenium.click("id=js-signature-tab"): null

2020-04-09 08:21:30 - [TEST_STEP][PASSED] - selenium.click("id=js-app-continue-link"): null

2020-04-09 08:21:39 - [TEST_STEP][PASSED] - for ([second = 0, second < 30, (second++)]): null

2020-04-09 08:21:39 - [TEST_STEP][PASSED] - try: null

2020-04-09 08:21:39 - [TEST_STEP][PASSED] - if (selenium.isElementPresent("xpath=//h2[contains(text(),'Thank You')]")): null

2020-04-09 08:21:40 - [TEST_STEP][PASSED] - Thread.sleep(1000): null

2020-04-09 08:21:41 - [TEST_STEP][PASSED] - try: null

2020-04-09 08:21:41 - [TEST_STEP][PASSED] - if (selenium.isElementPresent("xpath=//h2[contains(text(),'Thank You')]")): null

2020-04-09 08:21:41 - [TEST_STEP][PASSED] - Thread.sleep(1000): null

2020-04-09 08:21:42 - [TEST_STEP][PASSED] - try: null

2020-04-09 08:21:42 - [TEST_STEP][PASSED] - if (selenium.isElementPresent("xpath=//h2[contains(text(),'Thank You')]")): null

2020-04-09 08:21:44 - [TEST_STEP][PASSED] - Thread.sleep(1000): null

2020-04-09 08:21:45 - [TEST_STEP][PASSED] - try: null

2020-04-09 08:21:45 - [TEST_STEP][PASSED] - if (selenium.isElementPresent("xpath=//h2[contains(text(),'Thank You')]")): null

2020-04-09 08:21:46 - [TEST_STEP][PASSED] - Thread.sleep(1000): null

2020-04-09 08:21:47 - [TEST_STEP][PASSED] - try: null

2020-04-09 08:21:47 - [TEST_STEP][PASSED] - if (selenium.isElementPresent("xpath=//h2[contains(text(),'Thank You')]")): null

2020-04-09 08:21:49 - [TEST_STEP][PASSED] - Thread.sleep(1000): null

2020-04-09 08:21:50 - [TEST_STEP][PASSED] - try: null

2020-04-09 08:21:50 - [TEST_STEP][PASSED] - if (selenium.isElementPresent("xpath=//h2[contains(text(),'Thank You')]")): null

2020-04-09 08:21:50 - [TEST_STEP][PASSED] - Thread.sleep(1000): null

2020-04-09 08:21:51 - [TEST_STEP][PASSED] - try: null

2020-04-09 08:21:51 - [TEST_STEP][PASSED] - if (selenium.isElementPresent("xpath=//h2[contains(text(),'Thank You')]")): null

2020-04-09 08:21:52 - [TEST_STEP][PASSED] - Thread.sleep(1000): null

2020-04-09 08:21:53 - [TEST_STEP][PASSED] - try: null

2020-04-09 08:21:53 - [TEST_STEP][PASSED] - if (selenium.isElementPresent("xpath=//h2[contains(text(),'Thank You')]")): null

2020-04-09 08:21:53 - [TEST_STEP][PASSED] - Thread.sleep(1000): null

2020-04-09 08:21:54 - [TEST_STEP][PASSED] - try: null

2020-04-09 08:21:54 - [TEST_STEP][PASSED] - if (selenium.isElementPresent("xpath=//h2[contains(text(),'Thank You')]")): null

2020-04-09 08:21:54 - [TEST_STEP][PASSED] - Thread.sleep(1000): null

2020-04-09 08:21:55 - [TEST_STEP][PASSED] - try: null

2020-04-09 08:21:55 - [TEST_STEP][PASSED] - if (selenium.isElementPresent("xpath=//h2[contains(text(),'Thank You')]")): null

2020-04-09 08:21:55 - [TEST_STEP][PASSED] - Thread.sleep(1000): null

2020-04-09 08:21:56 - [TEST_STEP][PASSED] - try: null

2020-04-09 08:21:56 - [TEST_STEP][PASSED] - if (selenium.isElementPresent("xpath=//h2[contains(text(),'Thank You')]")): null

2020-04-09 08:21:57 - [TEST_STEP][PASSED] - Thread.sleep(1000): null

2020-04-09 08:21:58 - [TEST_STEP][PASSED] - try: null

2020-04-09 08:21:58 - [TEST_STEP][PASSED] - if (selenium.isElementPresent("xpath=//h2[contains(text(),'Thank You')]")): null

2020-04-09 08:22:00 - [TEST_STEP][PASSED] - Thread.sleep(1000): null

2020-04-09 08:22:01 - [TEST_STEP][PASSED] - try: null

2020-04-09 08:22:01 - [TEST_STEP][PASSED] - if (selenium.isElementPresent("xpath=//h2[contains(text(),'Thank You')]")): null

2020-04-09 08:22:03 - [TEST_STEP][PASSED] - Thread.sleep(1000): null

2020-04-09 08:22:04 - [TEST_STEP][PASSED] - try: null

2020-04-09 08:22:04 - [TEST_STEP][PASSED] - if (selenium.isElementPresent("xpath=//h2[contains(text(),'Thank You')]")): null

2020-04-09 08:22:04 - [TEST_STEP][PASSED] - Thread.sleep(1000): null

2020-04-09 08:22:05 - [TEST_STEP][PASSED] - try: null

2020-04-09 08:22:05 - [TEST_STEP][PASSED] - if (selenium.isElementPresent("xpath=//h2[contains(text(),'Thank You')]")): null

2020-04-09 08:22:05 - [TEST_STEP][PASSED] - Thread.sleep(1000): null

2020-04-09 08:22:06 - [TEST_STEP][PASSED] - try: null

2020-04-09 08:22:06 - [TEST_STEP][PASSED] - if (selenium.isElementPresent("xpath=//h2[contains(text(),'Thank You')]")): null

2020-04-09 08:22:06 - [TEST_STEP][PASSED] - Thread.sleep(1000): null

2020-04-09 08:22:07 - [TEST_STEP][PASSED] - try: null

2020-04-09 08:22:07 - [TEST_STEP][PASSED] - if (selenium.isElementPresent("xpath=//h2[contains(text(),'Thank You')]")): null

2020-04-09 08:22:07 - [TEST_STEP][PASSED] - Thread.sleep(1000): null

2020-04-09 08:22:08 - [TEST_STEP][PASSED] - try: null

2020-04-09 08:22:08 - [TEST_STEP][PASSED] - if (selenium.isElementPresent("xpath=//h2[contains(text(),'Thank You')]")): null

2020-04-09 08:22:09 - [TEST_STEP][PASSED] - Thread.sleep(1000): null

2020-04-09 08:22:10 - [TEST_STEP][PASSED] - try: null

2020-04-09 08:22:10 - [TEST_STEP][PASSED] - if (selenium.isElementPresent("xpath=//h2[contains(text(),'Thank You')]")): null

2020-04-09 08:22:11 - [TEST_STEP][PASSED] - Thread.sleep(1000): null

2020-04-09 08:22:12 - [TEST_STEP][PASSED] - try: null

2020-04-09 08:22:12 - [TEST_STEP][PASSED] - if (selenium.isElementPresent("xpath=//h2[contains(text(),'Thank You')]")): null

2020-04-09 08:22:15 - [TEST_STEP][PASSED] - Thread.sleep(1000): null

2020-04-09 08:22:16 - [TEST_STEP][PASSED] - try: null

2020-04-09 08:22:16 - [TEST_STEP][PASSED] - if (selenium.isElementPresent("xpath=//h2[contains(text(),'Thank You')]")): null

2020-04-09 08:22:17 - [TEST_STEP][PASSED] - Thread.sleep(1000): null

2020-04-09 08:22:18 - [TEST_STEP][PASSED] - try: null

2020-04-09 08:22:18 - [TEST_STEP][PASSED] - if (selenium.isElementPresent("xpath=//h2[contains(text(),'Thank You')]")): null

2020-04-09 08:22:19 - [TEST_STEP][PASSED] - Thread.sleep(1000): null

2020-04-09 08:22:20 - [TEST_STEP][PASSED] - try: null

2020-04-09 08:22:20 - [TEST_STEP][PASSED] - if (selenium.isElementPresent("xpath=//h2[contains(text(),'Thank You')]")): null

2020-04-09 08:22:21 - [TEST_STEP][PASSED] - Thread.sleep(1000): null

2020-04-09 08:22:22 - [TEST_STEP][PASSED] - try: null

2020-04-09 08:22:22 - [TEST_STEP][PASSED] - if (selenium.isElementPresent("xpath=//h2[contains(text(),'Thank You')]")): null

2020-04-09 08:22:24 - [TEST_STEP][PASSED] - Thread.sleep(1000): null

2020-04-09 08:22:26 - [TEST_STEP][PASSED] - try: null

2020-04-09 08:22:26 - [TEST_STEP][PASSED] - if (selenium.isElementPresent("xpath=//h2[contains(text(),'Thank You')]")): null

2020-04-09 08:22:34 - [TEST_STEP][PASSED] - Thread.sleep(1000): null

2020-04-09 08:22:35 - [TEST_STEP][PASSED] - try: null

2020-04-09 08:22:35 - [TEST_STEP][PASSED] - if (selenium.isElementPresent("xpath=//h2[contains(text(),'Thank You')]")): null

2020-04-09 08:22:42 - [TEST_STEP][PASSED] - Thread.sleep(1000): null

2020-04-09 08:22:43 - [TEST_STEP][PASSED] - try: null

2020-04-09 08:22:43 - [TEST_STEP][PASSED] - if (selenium.isElementPresent("xpath=//h2[contains(text(),'Thank You')]")): null

2020-04-09 08:22:44 - [TEST_STEP][PASSED] - Thread.sleep(1000): null

2020-04-09 08:22:45 - [TEST_STEP][PASSED] - try: null

2020-04-09 08:22:45 - [TEST_STEP][PASSED] - if (selenium.isElementPresent("xpath=//h2[contains(text(),'Thank You')]")): null

2020-04-09 08:22:46 - [TEST_STEP][PASSED] - Thread.sleep(1000): null

2020-04-09 08:22:47 - [TEST_STEP][PASSED] - try: null

2020-04-09 08:22:47 - [TEST_STEP][PASSED] - if (selenium.isElementPresent("xpath=//h2[contains(text(),'Thank You')]")): null

2020-04-09 08:22:47 - [TEST_STEP][PASSED] - Thread.sleep(1000): null

2020-04-09 08:22:48 - [TEST_STEP][PASSED] - try: null

2020-04-09 08:22:48 - [TEST_STEP][PASSED] - if (selenium.isElementPresent("xpath=//h2[contains(text(),'Thank You')]")): null

2020-04-09 08:22:48 - [TEST_STEP][PASSED] - Thread.sleep(1000): null

2020-04-09 08:22:50 - [TEST_STEP][PASSED] - callTestCase(findTestCase("AHI/_include/get_screenshot"), [:], STOP_ON_FAILURE): Call Test Case 'Test Cases/AHI/_include/get_screenshot' successfully

2020-04-09 08:22:50 - [TEST_CASE][PASSED] - Test Cases/AHI/_include/get_screenshot: Test Cases/AHI/_include/get_screenshot

2020-04-09 08:22:50 - [TEST_STEP][PASSED] - Thread.sleep(1000): null

2020-04-09 08:22:53 - [TEST_STEP][PASSED] - takeScreenshot(screenPath + i + ".png"): Taking screenshot successfully

2020-04-09 08:23:00 - [MESSAGE][PASSED] - Taking screenshot successfully
[[ATTACHMENT|D:\\Test\\AgileTest\\Reports\\HIC\\hic\\20200409_080111\\../Screenshots/iPhone 6/HIC/Pet/Pet/20200409_081806/10.png]]

2020-04-09 08:23:00 - [TEST_STEP][PASSED] - (internal.GlobalVariable.i++): null

2020-04-09 08:23:00 - [MESSAGE][PASSED] - Call Test Case 'Test Cases/AHI/_include/get_screenshot' successfully]]></system-out>
         <system-err><![CDATA[]]></system-err>
      </testcase>
      <testcase name="Test Cases/HIC/New/STM" classname="Test Cases/HIC/New/STM" status="ERROR">
         <error type="ERROR" message="Test Cases/HIC/New/STM FAILED.
Reason:
com.thoughtworks.selenium.SeleniumException: Timed out waiting for action to finish
	at com.thoughtworks.selenium.webdriven.Timer.run(Timer.java:46)
	at com.thoughtworks.selenium.webdriven.WebDriverCommandProcessor.execute(WebDriverCommandProcessor.java:150)
	at com.thoughtworks.selenium.webdriven.WebDriverCommandProcessor.doCommand(WebDriverCommandProcessor.java:76)
	at com.thoughtworks.selenium.DefaultSelenium.selectWindow(DefaultSelenium.java:382)
	at com.thoughtworks.selenium.Selenium$selectWindow$3.call(Unknown Source)
	at STM.run(STM:59)
	at com.kms.katalon.core.main.ScriptEngine.run(ScriptEngine.java:194)
	at com.kms.katalon.core.main.ScriptEngine.runScriptAsRawText(ScriptEngine.java:119)
	at com.kms.katalon.core.main.TestCaseExecutor.runScript(TestCaseExecutor.java:328)
	at com.kms.katalon.core.main.TestCaseExecutor.doExecute(TestCaseExecutor.java:319)
	at com.kms.katalon.core.main.TestCaseExecutor.processExecutionPhase(TestCaseExecutor.java:298)
	at com.kms.katalon.core.main.TestCaseExecutor.accessMainPhase(TestCaseExecutor.java:290)
	at com.kms.katalon.core.main.TestCaseExecutor.execute(TestCaseExecutor.java:224)
	at com.kms.katalon.core.main.TestSuiteExecutor.accessTestCaseMainPhase(TestSuiteExecutor.java:129)
	at com.kms.katalon.core.main.TestSuiteExecutor.accessTestSuiteMainPhase(TestSuiteExecutor.java:112)
	at com.kms.katalon.core.main.TestSuiteExecutor.execute(TestSuiteExecutor.java:81)
	at com.kms.katalon.core.main.TestCaseMain.startTestSuite(TestCaseMain.java:149)
	at com.kms.katalon.core.main.TestCaseMain$startTestSuite$0.call(Unknown Source)
	at TempTestSuite1586433671690.run(TempTestSuite1586433671690.groovy:36)
"/>
         <system-out><![CDATA[2020-04-09 08:23:01 - [TEST_CASE][ERROR] - Test Cases/HIC/New/STM: Test Cases/HIC/New/STM FAILED.
Reason:
com.thoughtworks.selenium.SeleniumException: Timed out waiting for action to finish
	at com.thoughtworks.selenium.webdriven.Timer.run(Timer.java:46)
	at com.thoughtworks.selenium.webdriven.WebDriverCommandProcessor.execute(WebDriverCommandProcessor.java:150)
	at com.thoughtworks.selenium.webdriven.WebDriverCommandProcessor.doCommand(WebDriverCommandProcessor.java:76)
	at com.thoughtworks.selenium.DefaultSelenium.selectWindow(DefaultSelenium.java:382)
	at com.thoughtworks.selenium.Selenium$selectWindow$3.call(Unknown Source)
	at STM.run(STM:59)
	at com.kms.katalon.core.main.ScriptEngine.run(ScriptEngine.java:194)
	at com.kms.katalon.core.main.ScriptEngine.runScriptAsRawText(ScriptEngine.java:119)
	at com.kms.katalon.core.main.TestCaseExecutor.runScript(TestCaseExecutor.java:328)
	at com.kms.katalon.core.main.TestCaseExecutor.doExecute(TestCaseExecutor.java:319)
	at com.kms.katalon.core.main.TestCaseExecutor.processExecutionPhase(TestCaseExecutor.java:298)
	at com.kms.katalon.core.main.TestCaseExecutor.accessMainPhase(TestCaseExecutor.java:290)
	at com.kms.katalon.core.main.TestCaseExecutor.execute(TestCaseExecutor.java:224)
	at com.kms.katalon.core.main.TestSuiteExecutor.accessTestCaseMainPhase(TestSuiteExecutor.java:129)
	at com.kms.katalon.core.main.TestSuiteExecutor.accessTestSuiteMainPhase(TestSuiteExecutor.java:112)
	at com.kms.katalon.core.main.TestSuiteExecutor.execute(TestSuiteExecutor.java:81)
	at com.kms.katalon.core.main.TestCaseMain.startTestSuite(TestCaseMain.java:149)
	at com.kms.katalon.core.main.TestCaseMain$startTestSuite$0.call(Unknown Source)
	at TempTestSuite1586433671690.run(TempTestSuite1586433671690.groovy:36)


2020-04-09 08:23:03 - [TEST_STEP][PASSED] - callTestCase(findTestCase("HIC/_include/get_hicScreenPath"), ["project":"HIC", "productLine":"STM", "carrierName":"STM"], CONTINUE_ON_FAILURE): Call Test Case 'Test Cases/HIC/_include/get_hicScreenPath' successfully

2020-04-09 08:23:03 - [TEST_CASE][PASSED] - Test Cases/HIC/_include/get_hicScreenPath: Test Cases/HIC/_include/get_hicScreenPath

2020-04-09 08:23:03 - [TEST_STEP][PASSED] - m = getExecutionProperties(): null

2020-04-09 08:23:03 - [TEST_STEP][PASSED] - deviceName = get("mobileEmulation").get("deviceName"): null

2020-04-09 08:23:03 - [TEST_STEP][PASSED] - println(deviceName): null

2020-04-09 08:23:03 - [TEST_STEP][PASSED] - now = new java.util.Date(): null

2020-04-09 08:23:03 - [TEST_STEP][PASSED] - mydate = now.format("yyyyMMdd_HHmmss"): null

2020-04-09 08:23:03 - [TEST_STEP][PASSED] - screenPath = "../Screenshots/": null

2020-04-09 08:23:03 - [TEST_STEP][PASSED] - screenPath = screenPath + deviceName + "/" + project + "/" + productLine + "/" + carrierName + "/" + mydate + "/": null

2020-04-09 08:23:03 - [TEST_STEP][PASSED] - println(screenPath): null

2020-04-09 08:23:03 - [MESSAGE][PASSED] - Call Test Case 'Test Cases/HIC/_include/get_hicScreenPath' successfully

2020-04-09 08:23:03 - [TEST_STEP][PASSED] - i = 0: null

2020-04-09 08:23:03 - [TEST_STEP][PASSED] - callTestCase(findTestCase("AHI/_include/openWebSite"), ["env":env], CONTINUE_ON_FAILURE): Call Test Case 'Test Cases/AHI/_include/openWebSite' successfully

2020-04-09 08:23:03 - [TEST_CASE][PASSED] - Test Cases/AHI/_include/openWebSite: Test Cases/AHI/_include/openWebSite

2020-04-09 08:23:03 - [TEST_STEP][PASSED] - openBrowser(env): Browser is opened with url: 'https://qa.healthinsurance.com'

2020-04-09 08:23:03 - [MESSAGE][WARNING] - A browser is already opened. Closing browser and opening a new one

2020-04-09 08:23:06 - [MESSAGE][INFO] - Starting 'Chrome' driver

2020-04-09 08:23:06 - [MESSAGE][INFO] - User set preference: ['mobileEmulation', '{deviceName=iPhone 6}']

2020-04-09 08:23:06 - [MESSAGE][INFO] - User set preference: ['args', '[--incognito, --aggressive-cache-discard, --window-size=375,677, --no-sandbox, --ignore-certificate-errors]']

2020-04-09 08:23:50 - [MESSAGE][PASSED] - Browser is opened with url: 'https://qa.healthinsurance.com'

2020-04-09 08:23:50 - [TEST_STEP][PASSED] - waitForPageLoad(20): Wait for page load successfully

2020-04-09 08:23:50 - [MESSAGE][PASSED] - Wait for page load successfully

2020-04-09 08:23:50 - [TEST_STEP][PASSED] - callTestCase(findTestCase("AHI/_include/get_screenshot"), [:], STOP_ON_FAILURE): Call Test Case 'Test Cases/AHI/_include/get_screenshot' successfully

2020-04-09 08:23:50 - [TEST_CASE][PASSED] - Test Cases/AHI/_include/get_screenshot: Test Cases/AHI/_include/get_screenshot

2020-04-09 08:23:50 - [TEST_STEP][PASSED] - Thread.sleep(1000): null

2020-04-09 08:23:52 - [TEST_STEP][PASSED] - takeScreenshot(screenPath + i + ".png"): Taking screenshot successfully

2020-04-09 08:23:59 - [MESSAGE][PASSED] - Taking screenshot successfully
[[ATTACHMENT|D:\\Test\\AgileTest\\Reports\\HIC\\hic\\20200409_080111\\../Screenshots/iPhone 6/HIC/STM/STM/20200409_082303/0.png]]

2020-04-09 08:23:59 - [TEST_STEP][PASSED] - (internal.GlobalVariable.i++): null

2020-04-09 08:23:59 - [MESSAGE][PASSED] - Call Test Case 'Test Cases/AHI/_include/get_screenshot' successfully

2020-04-09 08:23:59 - [MESSAGE][PASSED] - Call Test Case 'Test Cases/AHI/_include/openWebSite' successfully

2020-04-09 08:23:59 - [TEST_STEP][PASSED] - driver = getWebDriver(): null

2020-04-09 08:23:59 - [TEST_STEP][PASSED] - baseUrl = env: null

2020-04-09 08:23:59 - [TEST_STEP][PASSED] - selenium = new com.thoughtworks.selenium.webdriven.WebDriverBackedSelenium(driver, baseUrl): null

2020-04-09 08:24:01 - [TEST_STEP][PASSED] - selenium.click("//span[@class='navbar-toggler-icon']"): null

2020-04-09 08:24:05 - [TEST_STEP][PASSED] - selenium.click("//a[@class='dropdown-toggle nav-link']"): null

2020-04-09 08:24:08 - [TEST_STEP][PASSED] - selenium.click("//a[contains(text(),'Short Term Insurance')]"): null

2020-04-09 08:24:25 - [TEST_STEP][PASSED] - for ([second = 0, second < 10, (second++)]): null

2020-04-09 08:24:25 - [TEST_STEP][PASSED] - try: null

2020-04-09 08:24:25 - [TEST_STEP][PASSED] - if (selenium.isElementPresent("xpath=//button[contains(text(),'GET QUOTES')]")): null

2020-04-09 08:24:26 - [TEST_STEP][PASSED] - break: null

2020-04-09 08:24:26 - [TEST_STEP][PASSED] - callTestCase(findTestCase("AHI/_include/get_screenshot"), [:], STOP_ON_FAILURE): Call Test Case 'Test Cases/AHI/_include/get_screenshot' successfully

2020-04-09 08:24:26 - [TEST_CASE][PASSED] - Test Cases/AHI/_include/get_screenshot: Test Cases/AHI/_include/get_screenshot

2020-04-09 08:24:26 - [TEST_STEP][PASSED] - Thread.sleep(1000): null

2020-04-09 08:24:27 - [TEST_STEP][PASSED] - takeScreenshot(screenPath + i + ".png"): Taking screenshot successfully

2020-04-09 08:24:28 - [MESSAGE][PASSED] - Taking screenshot successfully
[[ATTACHMENT|D:\\Test\\AgileTest\\Reports\\HIC\\hic\\20200409_080111\\../Screenshots/iPhone 6/HIC/STM/STM/20200409_082303/1.png]]

2020-04-09 08:24:28 - [TEST_STEP][PASSED] - (internal.GlobalVariable.i++): null

2020-04-09 08:24:28 - [MESSAGE][PASSED] - Call Test Case 'Test Cases/AHI/_include/get_screenshot' successfully

2020-04-09 08:24:28 - [TEST_STEP][PASSED] - selenium.click("xpath=//button[contains(text(),'GET QUOTES')]"): null

2020-04-09 08:24:28 - [TEST_STEP][PASSED] - Thread.sleep(3000): null

2020-04-09 08:24:32 - [TEST_STEP][ERROR] - selenium.selectWindow("HealthInsurance.net | Get a Quote"): selenium.selectWindow("HealthInsurance.net | Get a Quote") FAILED.
Reason:
com.thoughtworks.selenium.SeleniumException: Timed out waiting for action to finish
	at com.thoughtworks.selenium.webdriven.Timer.run(Timer.java:46)
	at com.thoughtworks.selenium.webdriven.WebDriverCommandProcessor.execute(WebDriverCommandProcessor.java:150)
	at com.thoughtworks.selenium.webdriven.WebDriverCommandProcessor.doCommand(WebDriverCommandProcessor.java:76)
	at com.thoughtworks.selenium.DefaultSelenium.selectWindow(DefaultSelenium.java:382)
	at com.thoughtworks.selenium.Selenium$selectWindow$3.call(Unknown Source)
	at STM.run(STM:59)
	at com.kms.katalon.core.main.ScriptEngine.run(ScriptEngine.java:194)
	at com.kms.katalon.core.main.ScriptEngine.runScriptAsRawText(ScriptEngine.java:119)
	at com.kms.katalon.core.main.TestCaseExecutor.runScript(TestCaseExecutor.java:328)
	at com.kms.katalon.core.main.TestCaseExecutor.doExecute(TestCaseExecutor.java:319)
	at com.kms.katalon.core.main.TestCaseExecutor.processExecutionPhase(TestCaseExecutor.java:298)
	at com.kms.katalon.core.main.TestCaseExecutor.accessMainPhase(TestCaseExecutor.java:290)
	at com.kms.katalon.core.main.TestCaseExecutor.execute(TestCaseExecutor.java:224)
	at com.kms.katalon.core.main.TestSuiteExecutor.accessTestCaseMainPhase(TestSuiteExecutor.java:129)
	at com.kms.katalon.core.main.TestSuiteExecutor.accessTestSuiteMainPhase(TestSuiteExecutor.java:112)
	at com.kms.katalon.core.main.TestSuiteExecutor.execute(TestSuiteExecutor.java:81)
	at com.kms.katalon.core.main.TestCaseMain.startTestSuite(TestCaseMain.java:149)
	at com.kms.katalon.core.main.TestCaseMain$startTestSuite$0.call(Unknown Source)
	at TempTestSuite1586433671690.run(TempTestSuite1586433671690.groovy:36)


2020-04-09 08:25:16 - [MESSAGE][ERROR] - selenium.selectWindow("HealthInsurance.net | Get a Quote") FAILED.
Reason:
com.thoughtworks.selenium.SeleniumException: Timed out waiting for action to finish
	at com.thoughtworks.selenium.webdriven.Timer.run(Timer.java:46)
	at com.thoughtworks.selenium.webdriven.WebDriverCommandProcessor.execute(WebDriverCommandProcessor.java:150)
	at com.thoughtworks.selenium.webdriven.WebDriverCommandProcessor.doCommand(WebDriverCommandProcessor.java:76)
	at com.thoughtworks.selenium.DefaultSelenium.selectWindow(DefaultSelenium.java:382)
	at com.thoughtworks.selenium.Selenium$selectWindow$3.call(Unknown Source)
	at STM.run(STM:59)
	at com.kms.katalon.core.main.ScriptEngine.run(ScriptEngine.java:194)
	at com.kms.katalon.core.main.ScriptEngine.runScriptAsRawText(ScriptEngine.java:119)
	at com.kms.katalon.core.main.TestCaseExecutor.runScript(TestCaseExecutor.java:328)
	at com.kms.katalon.core.main.TestCaseExecutor.doExecute(TestCaseExecutor.java:319)
	at com.kms.katalon.core.main.TestCaseExecutor.processExecutionPhase(TestCaseExecutor.java:298)
	at com.kms.katalon.core.main.TestCaseExecutor.accessMainPhase(TestCaseExecutor.java:290)
	at com.kms.katalon.core.main.TestCaseExecutor.execute(TestCaseExecutor.java:224)
	at com.kms.katalon.core.main.TestSuiteExecutor.accessTestCaseMainPhase(TestSuiteExecutor.java:129)
	at com.kms.katalon.core.main.TestSuiteExecutor.accessTestSuiteMainPhase(TestSuiteExecutor.java:112)
	at com.kms.katalon.core.main.TestSuiteExecutor.execute(TestSuiteExecutor.java:81)
	at com.kms.katalon.core.main.TestCaseMain.startTestSuite(TestCaseMain.java:149)
	at com.kms.katalon.core.main.TestCaseMain$startTestSuite$0.call(Unknown Source)
	at TempTestSuite1586433671690.run(TempTestSuite1586433671690.groovy:36)]]></system-out>
         <system-err><![CDATA[2020-04-09 08:23:01 - [TEST_CASE][ERROR] - Test Cases/HIC/New/STM: Test Cases/HIC/New/STM FAILED.
Reason:
com.thoughtworks.selenium.SeleniumException: Timed out waiting for action to finish
	at com.thoughtworks.selenium.webdriven.Timer.run(Timer.java:46)
	at com.thoughtworks.selenium.webdriven.WebDriverCommandProcessor.execute(WebDriverCommandProcessor.java:150)
	at com.thoughtworks.selenium.webdriven.WebDriverCommandProcessor.doCommand(WebDriverCommandProcessor.java:76)
	at com.thoughtworks.selenium.DefaultSelenium.selectWindow(DefaultSelenium.java:382)
	at com.thoughtworks.selenium.Selenium$selectWindow$3.call(Unknown Source)
	at STM.run(STM:59)
	at com.kms.katalon.core.main.ScriptEngine.run(ScriptEngine.java:194)
	at com.kms.katalon.core.main.ScriptEngine.runScriptAsRawText(ScriptEngine.java:119)
	at com.kms.katalon.core.main.TestCaseExecutor.runScript(TestCaseExecutor.java:328)
	at com.kms.katalon.core.main.TestCaseExecutor.doExecute(TestCaseExecutor.java:319)
	at com.kms.katalon.core.main.TestCaseExecutor.processExecutionPhase(TestCaseExecutor.java:298)
	at com.kms.katalon.core.main.TestCaseExecutor.accessMainPhase(TestCaseExecutor.java:290)
	at com.kms.katalon.core.main.TestCaseExecutor.execute(TestCaseExecutor.java:224)
	at com.kms.katalon.core.main.TestSuiteExecutor.accessTestCaseMainPhase(TestSuiteExecutor.java:129)
	at com.kms.katalon.core.main.TestSuiteExecutor.accessTestSuiteMainPhase(TestSuiteExecutor.java:112)
	at com.kms.katalon.core.main.TestSuiteExecutor.execute(TestSuiteExecutor.java:81)
	at com.kms.katalon.core.main.TestCaseMain.startTestSuite(TestCaseMain.java:149)
	at com.kms.katalon.core.main.TestCaseMain$startTestSuite$0.call(Unknown Source)
	at TempTestSuite1586433671690.run(TempTestSuite1586433671690.groovy:36)]]></system-err>
      </testcase>
      <testcase name="Test Cases/HIC/New/Teladoc" classname="Test Cases/HIC/New/Teladoc" status="FAILED">
         <failure type="FAILED" message="Test Cases/HIC/New/Teladoc FAILED.
Reason:
com.kms.katalon.core.exception.StepFailedException: Unable to verify text 'Congratulations' is present  (Root cause: com.kms.katalon.core.exception.StepFailedException: Text 'Congratulations' is not present on page )
	at com.kms.katalon.core.keyword.internal.KeywordMain.stepFailed(KeywordMain.groovy:36)
	at com.kms.katalon.core.webui.keyword.internal.WebUIKeywordMain.stepFailed(WebUIKeywordMain.groovy:65)
	at com.kms.katalon.core.webui.keyword.internal.WebUIKeywordMain.runKeyword(WebUIKeywordMain.groovy:27)
	at com.kms.katalon.core.webui.keyword.builtin.VerifyTextPresentKeyword.verifyTextPresent(VerifyTextPresentKeyword.groovy:83)
	at com.kms.katalon.core.webui.keyword.builtin.VerifyTextPresentKeyword.execute(VerifyTextPresentKeyword.groovy:68)
	at com.kms.katalon.core.keyword.internal.KeywordExecutor.executeKeywordForPlatform(KeywordExecutor.groovy:53)
	at com.kms.katalon.core.webui.keyword.WebUiBuiltInKeywords.verifyTextPresent(WebUiBuiltInKeywords.groovy:1693)
	at com.kms.katalon.core.webui.keyword.WebUiBuiltInKeywords$verifyTextPresent$13.call(Unknown Source)
	at Teladoc.run(Teladoc:161)
	at com.kms.katalon.core.main.ScriptEngine.run(ScriptEngine.java:194)
	at com.kms.katalon.core.main.ScriptEngine.runScriptAsRawText(ScriptEngine.java:119)
	at com.kms.katalon.core.main.TestCaseExecutor.runScript(TestCaseExecutor.java:328)
	at com.kms.katalon.core.main.TestCaseExecutor.doExecute(TestCaseExecutor.java:319)
	at com.kms.katalon.core.main.TestCaseExecutor.processExecutionPhase(TestCaseExecutor.java:298)
	at com.kms.katalon.core.main.TestCaseExecutor.accessMainPhase(TestCaseExecutor.java:290)
	at com.kms.katalon.core.main.TestCaseExecutor.execute(TestCaseExecutor.java:224)
	at com.kms.katalon.core.main.TestSuiteExecutor.accessTestCaseMainPhase(TestSuiteExecutor.java:129)
	at com.kms.katalon.core.main.TestSuiteExecutor.accessTestSuiteMainPhase(TestSuiteExecutor.java:112)
	at com.kms.katalon.core.main.TestSuiteExecutor.execute(TestSuiteExecutor.java:81)
	at com.kms.katalon.core.main.TestCaseMain.startTestSuite(TestCaseMain.java:149)
	at com.kms.katalon.core.main.TestCaseMain$startTestSuite$0.call(Unknown Source)
	at TempTestSuite1586433671690.run(TempTestSuite1586433671690.groovy:36)
"/>
         <system-out><![CDATA[2020-04-09 08:25:16 - [TEST_CASE][FAILED] - Test Cases/HIC/New/Teladoc: Test Cases/HIC/New/Teladoc FAILED.
Reason:
com.kms.katalon.core.exception.StepFailedException: Unable to verify text 'Congratulations' is present  (Root cause: com.kms.katalon.core.exception.StepFailedException: Text 'Congratulations' is not present on page )
	at com.kms.katalon.core.keyword.internal.KeywordMain.stepFailed(KeywordMain.groovy:36)
	at com.kms.katalon.core.webui.keyword.internal.WebUIKeywordMain.stepFailed(WebUIKeywordMain.groovy:65)
	at com.kms.katalon.core.webui.keyword.internal.WebUIKeywordMain.runKeyword(WebUIKeywordMain.groovy:27)
	at com.kms.katalon.core.webui.keyword.builtin.VerifyTextPresentKeyword.verifyTextPresent(VerifyTextPresentKeyword.groovy:83)
	at com.kms.katalon.core.webui.keyword.builtin.VerifyTextPresentKeyword.execute(VerifyTextPresentKeyword.groovy:68)
	at com.kms.katalon.core.keyword.internal.KeywordExecutor.executeKeywordForPlatform(KeywordExecutor.groovy:53)
	at com.kms.katalon.core.webui.keyword.WebUiBuiltInKeywords.verifyTextPresent(WebUiBuiltInKeywords.groovy:1693)
	at com.kms.katalon.core.webui.keyword.WebUiBuiltInKeywords$verifyTextPresent$13.call(Unknown Source)
	at Teladoc.run(Teladoc:161)
	at com.kms.katalon.core.main.ScriptEngine.run(ScriptEngine.java:194)
	at com.kms.katalon.core.main.ScriptEngine.runScriptAsRawText(ScriptEngine.java:119)
	at com.kms.katalon.core.main.TestCaseExecutor.runScript(TestCaseExecutor.java:328)
	at com.kms.katalon.core.main.TestCaseExecutor.doExecute(TestCaseExecutor.java:319)
	at com.kms.katalon.core.main.TestCaseExecutor.processExecutionPhase(TestCaseExecutor.java:298)
	at com.kms.katalon.core.main.TestCaseExecutor.accessMainPhase(TestCaseExecutor.java:290)
	at com.kms.katalon.core.main.TestCaseExecutor.execute(TestCaseExecutor.java:224)
	at com.kms.katalon.core.main.TestSuiteExecutor.accessTestCaseMainPhase(TestSuiteExecutor.java:129)
	at com.kms.katalon.core.main.TestSuiteExecutor.accessTestSuiteMainPhase(TestSuiteExecutor.java:112)
	at com.kms.katalon.core.main.TestSuiteExecutor.execute(TestSuiteExecutor.java:81)
	at com.kms.katalon.core.main.TestCaseMain.startTestSuite(TestCaseMain.java:149)
	at com.kms.katalon.core.main.TestCaseMain$startTestSuite$0.call(Unknown Source)
	at TempTestSuite1586433671690.run(TempTestSuite1586433671690.groovy:36)


2020-04-09 08:25:24 - [TEST_STEP][PASSED] - callTestCase(findTestCase("HIC/_include/get_hicScreenPath"), ["project":"HIC", "productLine":"Teladoc", "carrierName":"Teladoc"], CONTINUE_ON_FAILURE): Call Test Case 'Test Cases/HIC/_include/get_hicScreenPath' successfully

2020-04-09 08:25:24 - [TEST_CASE][PASSED] - Test Cases/HIC/_include/get_hicScreenPath: Test Cases/HIC/_include/get_hicScreenPath

2020-04-09 08:25:24 - [TEST_STEP][PASSED] - m = getExecutionProperties(): null

2020-04-09 08:25:24 - [TEST_STEP][PASSED] - deviceName = get("mobileEmulation").get("deviceName"): null

2020-04-09 08:25:24 - [TEST_STEP][PASSED] - println(deviceName): null

2020-04-09 08:25:24 - [TEST_STEP][PASSED] - now = new java.util.Date(): null

2020-04-09 08:25:24 - [TEST_STEP][PASSED] - mydate = now.format("yyyyMMdd_HHmmss"): null

2020-04-09 08:25:24 - [TEST_STEP][PASSED] - screenPath = "../Screenshots/": null

2020-04-09 08:25:24 - [TEST_STEP][PASSED] - screenPath = screenPath + deviceName + "/" + project + "/" + productLine + "/" + carrierName + "/" + mydate + "/": null

2020-04-09 08:25:24 - [TEST_STEP][PASSED] - println(screenPath): null

2020-04-09 08:25:24 - [MESSAGE][PASSED] - Call Test Case 'Test Cases/HIC/_include/get_hicScreenPath' successfully

2020-04-09 08:25:24 - [TEST_STEP][PASSED] - i = 0: null

2020-04-09 08:25:24 - [TEST_STEP][PASSED] - callTestCase(findTestCase("AHI/_include/openWebSite"), ["env":env], CONTINUE_ON_FAILURE): Call Test Case 'Test Cases/AHI/_include/openWebSite' successfully

2020-04-09 08:25:24 - [TEST_CASE][PASSED] - Test Cases/AHI/_include/openWebSite: Test Cases/AHI/_include/openWebSite

2020-04-09 08:25:24 - [TEST_STEP][PASSED] - openBrowser(env): Browser is opened with url: 'https://qa.healthinsurance.com'

2020-04-09 08:25:24 - [MESSAGE][WARNING] - A browser is already opened. Closing browser and opening a new one

2020-04-09 08:25:27 - [MESSAGE][INFO] - Starting 'Chrome' driver

2020-04-09 08:25:27 - [MESSAGE][INFO] - User set preference: ['mobileEmulation', '{deviceName=iPhone 6}']

2020-04-09 08:25:27 - [MESSAGE][INFO] - User set preference: ['args', '[--incognito, --aggressive-cache-discard, --window-size=375,677, --no-sandbox, --ignore-certificate-errors]']

2020-04-09 08:25:48 - [MESSAGE][PASSED] - Browser is opened with url: 'https://qa.healthinsurance.com'

2020-04-09 08:25:49 - [TEST_STEP][PASSED] - waitForPageLoad(20): Wait for page load successfully

2020-04-09 08:25:49 - [MESSAGE][PASSED] - Wait for page load successfully

2020-04-09 08:25:49 - [TEST_STEP][PASSED] - callTestCase(findTestCase("AHI/_include/get_screenshot"), [:], STOP_ON_FAILURE): Call Test Case 'Test Cases/AHI/_include/get_screenshot' successfully

2020-04-09 08:25:49 - [TEST_CASE][PASSED] - Test Cases/AHI/_include/get_screenshot: Test Cases/AHI/_include/get_screenshot

2020-04-09 08:25:49 - [TEST_STEP][PASSED] - Thread.sleep(1000): null

2020-04-09 08:25:50 - [TEST_STEP][PASSED] - takeScreenshot(screenPath + i + ".png"): Taking screenshot successfully

2020-04-09 08:25:51 - [MESSAGE][PASSED] - Taking screenshot successfully
[[ATTACHMENT|D:\\Test\\AgileTest\\Reports\\HIC\\hic\\20200409_080111\\../Screenshots/iPhone 6/HIC/Teladoc/Teladoc/20200409_082524/0.png]]

2020-04-09 08:25:51 - [TEST_STEP][PASSED] - (internal.GlobalVariable.i++): null

2020-04-09 08:25:51 - [MESSAGE][PASSED] - Call Test Case 'Test Cases/AHI/_include/get_screenshot' successfully

2020-04-09 08:25:51 - [MESSAGE][PASSED] - Call Test Case 'Test Cases/AHI/_include/openWebSite' successfully

2020-04-09 08:25:51 - [TEST_STEP][PASSED] - driver = getWebDriver(): null

2020-04-09 08:25:51 - [TEST_STEP][PASSED] - baseUrl = env: null

2020-04-09 08:25:51 - [TEST_STEP][PASSED] - selenium = new com.thoughtworks.selenium.webdriven.WebDriverBackedSelenium(driver, baseUrl): null

2020-04-09 08:25:51 - [TEST_STEP][PASSED] - selenium.click("//span[@class='navbar-toggler-icon']"): null

2020-04-09 08:25:51 - [TEST_STEP][PASSED] - selenium.click("//a[@class='dropdown-toggle nav-link']"): null

2020-04-09 08:25:57 - [TEST_STEP][PASSED] - selenium.click("//a[contains(text(),'Telemedicine')]"): null

2020-04-09 08:26:09 - [TEST_STEP][PASSED] - for ([second = 0, second < 10, (second++)]): null

2020-04-09 08:26:09 - [TEST_STEP][PASSED] - try: null

2020-04-09 08:26:09 - [TEST_STEP][PASSED] - if (selenium.isElementPresent("id=zip")): null

2020-04-09 08:26:10 - [TEST_STEP][PASSED] - break: null

2020-04-09 08:26:10 - [TEST_STEP][PASSED] - callTestCase(findTestCase("AHI/_include/get_screenshot"), [:], STOP_ON_FAILURE): Call Test Case 'Test Cases/AHI/_include/get_screenshot' successfully

2020-04-09 08:26:11 - [TEST_CASE][PASSED] - Test Cases/AHI/_include/get_screenshot: Test Cases/AHI/_include/get_screenshot

2020-04-09 08:26:11 - [TEST_STEP][PASSED] - Thread.sleep(1000): null

2020-04-09 08:26:12 - [TEST_STEP][PASSED] - takeScreenshot(screenPath + i + ".png"): Taking screenshot successfully

2020-04-09 08:26:14 - [MESSAGE][PASSED] - Taking screenshot successfully
[[ATTACHMENT|D:\\Test\\AgileTest\\Reports\\HIC\\hic\\20200409_080111\\../Screenshots/iPhone 6/HIC/Teladoc/Teladoc/20200409_082524/1.png]]

2020-04-09 08:26:14 - [TEST_STEP][PASSED] - (internal.GlobalVariable.i++): null

2020-04-09 08:26:14 - [MESSAGE][PASSED] - Call Test Case 'Test Cases/AHI/_include/get_screenshot' successfully

2020-04-09 08:26:14 - [TEST_STEP][PASSED] - Thread.sleep(2000): null

2020-04-09 08:26:16 - [TEST_STEP][PASSED] - setText(findTestObject("hic/stm/census/zip"), "33186"): Text '33186' is set on object 'Object Repository/hic/stm/census/zip'

2020-04-09 08:26:21 - [MESSAGE][PASSED] - Text '33186' is set on object 'Object Repository/hic/stm/census/zip'

2020-04-09 08:26:21 - [TEST_STEP][PASSED] - Thread.sleep(500): null

2020-04-09 08:26:21 - [TEST_STEP][PASSED] - setText(findTestObject("hic/stm/census/primaryDOB"), "03031987"): Text '03031987' is set on object 'Object Repository/hic/stm/census/primaryDOB'

2020-04-09 08:26:22 - [MESSAGE][PASSED] - Text '03031987' is set on object 'Object Repository/hic/stm/census/primaryDOB'

2020-04-09 08:26:22 - [TEST_STEP][PASSED] - click(findTestObject("hic/stm/census/female")): Object: 'Object Repository/hic/stm/census/female' is clicked on

2020-04-09 08:26:23 - [MESSAGE][PASSED] - Object: 'Object Repository/hic/stm/census/female' is clicked on

2020-04-09 08:26:23 - [TEST_STEP][PASSED] - Thread.sleep(3000): null

2020-04-09 08:26:26 - [TEST_STEP][PASSED] - click(findTestObject("hic/teladoc/seePlans")): Object: 'Object Repository/hic/teladoc/seePlans' is clicked on

2020-04-09 08:26:33 - [MESSAGE][PASSED] - Object: 'Object Repository/hic/teladoc/seePlans' is clicked on

2020-04-09 08:26:33 - [TEST_STEP][PASSED] - Thread.sleep(6000): null

2020-04-09 08:26:39 - [TEST_STEP][PASSED] - callTestCase(findTestCase("AHI/_include/get_screenshot"), [:], STOP_ON_FAILURE): Call Test Case 'Test Cases/AHI/_include/get_screenshot' successfully

2020-04-09 08:26:39 - [TEST_CASE][PASSED] - Test Cases/AHI/_include/get_screenshot: Test Cases/AHI/_include/get_screenshot

2020-04-09 08:26:39 - [TEST_STEP][PASSED] - Thread.sleep(1000): null

2020-04-09 08:26:40 - [TEST_STEP][PASSED] - takeScreenshot(screenPath + i + ".png"): Taking screenshot successfully

2020-04-09 08:26:44 - [MESSAGE][PASSED] - Taking screenshot successfully
[[ATTACHMENT|D:\\Test\\AgileTest\\Reports\\HIC\\hic\\20200409_080111\\../Screenshots/iPhone 6/HIC/Teladoc/Teladoc/20200409_082524/2.png]]

2020-04-09 08:26:44 - [TEST_STEP][PASSED] - (internal.GlobalVariable.i++): null

2020-04-09 08:26:44 - [MESSAGE][PASSED] - Call Test Case 'Test Cases/AHI/_include/get_screenshot' successfully

2020-04-09 08:26:44 - [TEST_STEP][PASSED] - Thread.sleep(1000): null

2020-04-09 08:26:45 - [TEST_STEP][PASSED] - waitForPageLoad(20): Wait for page load successfully

2020-04-09 08:26:46 - [MESSAGE][PASSED] - Wait for page load successfully

2020-04-09 08:26:46 - [TEST_STEP][PASSED] - waitForElementVisible(findTestObject("mobileSanity/Teladoc/apply_button"), 20): Object 'Object Repository/mobileSanity/Teladoc/apply_button' is visible

2020-04-09 08:26:46 - [MESSAGE][PASSED] - Object 'Object Repository/mobileSanity/Teladoc/apply_button' is visible

2020-04-09 08:26:46 - [TEST_STEP][PASSED] - callTestCase(findTestCase("AHI/_include/get_screenshot"), [:], STOP_ON_FAILURE): Call Test Case 'Test Cases/AHI/_include/get_screenshot' successfully

2020-04-09 08:26:46 - [TEST_CASE][PASSED] - Test Cases/AHI/_include/get_screenshot: Test Cases/AHI/_include/get_screenshot

2020-04-09 08:26:46 - [TEST_STEP][PASSED] - Thread.sleep(1000): null

2020-04-09 08:26:47 - [TEST_STEP][PASSED] - takeScreenshot(screenPath + i + ".png"): Taking screenshot successfully

2020-04-09 08:26:49 - [MESSAGE][PASSED] - Taking screenshot successfully
[[ATTACHMENT|D:\\Test\\AgileTest\\Reports\\HIC\\hic\\20200409_080111\\../Screenshots/iPhone 6/HIC/Teladoc/Teladoc/20200409_082524/3.png]]

2020-04-09 08:26:49 - [TEST_STEP][PASSED] - (internal.GlobalVariable.i++): null

2020-04-09 08:26:49 - [MESSAGE][PASSED] - Call Test Case 'Test Cases/AHI/_include/get_screenshot' successfully

2020-04-09 08:26:49 - [TEST_STEP][PASSED] - click(findTestObject("mobileSanity/Teladoc/apply_button")): Object: 'Object Repository/mobileSanity/Teladoc/apply_button' is clicked on

2020-04-09 08:26:51 - [MESSAGE][PASSED] - Object: 'Object Repository/mobileSanity/Teladoc/apply_button' is clicked on

2020-04-09 08:26:51 - [TEST_STEP][PASSED] - waitForPageLoad(20): Wait for page load successfully

2020-04-09 08:27:02 - [MESSAGE][PASSED] - Wait for page load successfully

2020-04-09 08:27:02 - [TEST_STEP][PASSED] - waitForElementPresent(findTestObject("mobileSanity/Teladoc/Page_App Page 1/input__member-P-1-firstName"), 20): Object 'Object Repository/mobileSanity/Teladoc/Page_App Page 1/input__member-P-1-firstName' is present

2020-04-09 08:27:02 - [MESSAGE][PASSED] - Object 'Object Repository/mobileSanity/Teladoc/Page_App Page 1/input__member-P-1-firstName' is present

2020-04-09 08:27:02 - [TEST_STEP][PASSED] - callTestCase(findTestCase("AHI/_include/get_screenshot"), [:], STOP_ON_FAILURE): Call Test Case 'Test Cases/AHI/_include/get_screenshot' successfully

2020-04-09 08:27:02 - [TEST_CASE][PASSED] - Test Cases/AHI/_include/get_screenshot: Test Cases/AHI/_include/get_screenshot

2020-04-09 08:27:02 - [TEST_STEP][PASSED] - Thread.sleep(1000): null

2020-04-09 08:27:03 - [TEST_STEP][PASSED] - takeScreenshot(screenPath + i + ".png"): Taking screenshot successfully

2020-04-09 08:27:04 - [MESSAGE][PASSED] - Taking screenshot successfully
[[ATTACHMENT|D:\\Test\\AgileTest\\Reports\\HIC\\hic\\20200409_080111\\../Screenshots/iPhone 6/HIC/Teladoc/Teladoc/20200409_082524/4.png]]

2020-04-09 08:27:04 - [TEST_STEP][PASSED] - (internal.GlobalVariable.i++): null

2020-04-09 08:27:04 - [MESSAGE][PASSED] - Call Test Case 'Test Cases/AHI/_include/get_screenshot' successfully

2020-04-09 08:27:04 - [TEST_STEP][PASSED] - callTestCase(findTestCase("AHI/_include/name"), [:], STOP_ON_FAILURE): Call Test Case 'Test Cases/AHI/_include/name' successfully

2020-04-09 08:27:05 - [TEST_CASE][PASSED] - Test Cases/AHI/_include/name: Test Cases/AHI/_include/name

2020-04-09 08:27:05 - [TEST_STEP][PASSED] - driver = getWebDriver(): null

2020-04-09 08:27:05 - [TEST_STEP][PASSED] - selenium = new com.thoughtworks.selenium.webdriven.WebDriverBackedSelenium(driver, internal.GlobalVariable.ENV): null

2020-04-09 08:27:05 - [TEST_STEP][PASSED] - FirstName = "Test-123": null

2020-04-09 08:27:05 - [TEST_STEP][PASSED] - LastName = selenium.getEval("{var x="ABCDEFGHIJKLMNOPQRSTUVWXYZabcdefghijklmnopqrstuvwxyz"; var tmp="ZZ11-"; for (i=0;i<8;i++) tmp+=x.charAt(Math.ceil(51*Math.random()));tmp;}"): null

2020-04-09 08:27:05 - [TEST_STEP][PASSED] - Address = selenium.getEval("{var x="ABCDEFGHIJKLMNOPQRSTUVWXYZabcdefghijklmnopqrstuvwxyz"; var tmp=""; for (i=0;i<8;i++) tmp+=x.charAt(Math.ceil(51*Math.random()));tmp;}"): null

2020-04-09 08:27:05 - [TEST_STEP][PASSED] - City = selenium.getEval("{var x="ABCDEFGHIJKLMNOPQRSTUVWXYZabcdefghijklmnopqrstuvwxyz"; var tmp=""; for (i=0;i<8;i++) tmp+=x.charAt(Math.ceil(51*Math.random()));tmp;}"): null

2020-04-09 08:27:05 - [TEST_STEP][PASSED] - tel1 = selenium.getEval("{var x="123456789"; var tmp=""; for (i=0;i<3;i++) tmp+=x.charAt(Math.ceil(8*Math.random()));tmp;}"): null

2020-04-09 08:27:05 - [TEST_STEP][PASSED] - tel2 = selenium.getEval("{var x="123456789"; var tmp=""; for (i=0;i<3;i++) tmp+=x.charAt(Math.ceil(8*Math.random()));tmp;}"): null

2020-04-09 08:27:05 - [TEST_STEP][PASSED] - tel3 = selenium.getEval("{var x="123456789"; var tmp=""; for (i=0;i<4;i++) tmp+=x.charAt(Math.ceil(8*Math.random()));tmp;}"): null

2020-04-09 08:27:05 - [TEST_STEP][PASSED] - Tel = selenium.getExpression(tel1 + "-" + tel2 + "-" + tel3): null

2020-04-09 08:27:05 - [TEST_STEP][PASSED] - AutoEmail = selenium.getEval("{var x="ABCDEFGHIJKLMNOPQRSTUVWXYZabcdefghijklmnopqrstuvwxyz"; var tmp="test."; for (i=0;i<8;i++) tmp+=x.charAt(Math.ceil(51*Math.random()));tmp+="@suryani.cn";}"): null

2020-04-09 08:27:05 - [TEST_STEP][PASSED] - FirstName = FirstName: null

2020-04-09 08:27:05 - [TEST_STEP][PASSED] - LastName = LastName: null

2020-04-09 08:27:05 - [TEST_STEP][PASSED] - Address = Address: null

2020-04-09 08:27:05 - [TEST_STEP][PASSED] - City = City: null

2020-04-09 08:27:05 - [TEST_STEP][PASSED] - Tel = Tel: null

2020-04-09 08:27:05 - [TEST_STEP][PASSED] - AutoEmail = AutoEmail: null

2020-04-09 08:27:05 - [TEST_STEP][PASSED] - println(FirstName): null

2020-04-09 08:27:05 - [TEST_STEP][PASSED] - println(LastName): null

2020-04-09 08:27:05 - [TEST_STEP][PASSED] - println(Address): null

2020-04-09 08:27:05 - [TEST_STEP][PASSED] - println(City): null

2020-04-09 08:27:05 - [TEST_STEP][PASSED] - println(Tel): null

2020-04-09 08:27:05 - [TEST_STEP][PASSED] - println(AutoEmail): null

2020-04-09 08:27:05 - [MESSAGE][PASSED] - Call Test Case 'Test Cases/AHI/_include/name' successfully

2020-04-09 08:27:05 - [TEST_STEP][PASSED] - setText(findTestObject("mobileSanity/Teladoc/Page_App Page 1/input__member-P-1-firstName"), FirstName): Text 'Test-123' is set on object 'Object Repository/mobileSanity/Teladoc/Page_App Page 1/input__member-P-1-firstName'

2020-04-09 08:27:07 - [MESSAGE][PASSED] - Text 'Test-123' is set on object 'Object Repository/mobileSanity/Teladoc/Page_App Page 1/input__member-P-1-firstName'

2020-04-09 08:27:07 - [TEST_STEP][PASSED] - setText(findTestObject("mobileSanity/Teladoc/Page_App Page 1/input__member-P-1-lastName"), LastName): Text 'ZZ11-mUmvHMmx' is set on object 'Object Repository/mobileSanity/Teladoc/Page_App Page 1/input__member-P-1-lastName'

2020-04-09 08:27:24 - [MESSAGE][PASSED] - Text 'ZZ11-mUmvHMmx' is set on object 'Object Repository/mobileSanity/Teladoc/Page_App Page 1/input__member-P-1-lastName'

2020-04-09 08:27:24 - [TEST_STEP][PASSED] - selectOptionByValue(findTestObject("mobileSanity/Teladoc/Page_App Page 1/select_01020304050607"), "05", true): All options with value '05' are selected in object 'Object Repository/mobileSanity/Teladoc/Page_App Page 1/select_01020304050607'  using regular expression

2020-04-09 08:27:28 - [MESSAGE][PASSED] - All options with value '05' are selected in object 'Object Repository/mobileSanity/Teladoc/Page_App Page 1/select_01020304050607'  using regular expression

2020-04-09 08:27:28 - [TEST_STEP][PASSED] - selectOptionByValue(findTestObject("mobileSanity/Teladoc/Page_App Page 1/select_00102030405060708091011"), "06", true): All options with value '06' are selected in object 'Object Repository/mobileSanity/Teladoc/Page_App Page 1/select_00102030405060708091011'  using regular expression

2020-04-09 08:27:56 - [MESSAGE][PASSED] - All options with value '06' are selected in object 'Object Repository/mobileSanity/Teladoc/Page_App Page 1/select_00102030405060708091011'  using regular expression

2020-04-09 08:27:56 - [TEST_STEP][PASSED] - setText(findTestObject("mobileSanity/Teladoc/Page_App Page 1/input_lbs"), "180"): Text '180' is set on object 'Object Repository/mobileSanity/Teladoc/Page_App Page 1/input_lbs'

2020-04-09 08:27:59 - [MESSAGE][PASSED] - Text '180' is set on object 'Object Repository/mobileSanity/Teladoc/Page_App Page 1/input_lbs'

2020-04-09 08:27:59 - [TEST_STEP][PASSED] - setText(findTestObject("mobileSanity/Teladoc/Page_App Page 1/input__address"), Address): Text 'ZNiFgmdS' is set on object 'Object Repository/mobileSanity/Teladoc/Page_App Page 1/input__address'

2020-04-09 08:28:03 - [MESSAGE][PASSED] - Text 'ZNiFgmdS' is set on object 'Object Repository/mobileSanity/Teladoc/Page_App Page 1/input__address'

2020-04-09 08:28:03 - [TEST_STEP][PASSED] - setText(findTestObject("mobileSanity/Teladoc/Page_App Page 1/input__city"), City): Text 'GrjkFwMT' is set on object 'Object Repository/mobileSanity/Teladoc/Page_App Page 1/input__city'

2020-04-09 08:28:04 - [MESSAGE][PASSED] - Text 'GrjkFwMT' is set on object 'Object Repository/mobileSanity/Teladoc/Page_App Page 1/input__city'

2020-04-09 08:28:04 - [TEST_STEP][PASSED] - setText(findTestObject("mobileSanity/Teladoc/Page_App Page 1/input__email"), AutoEmail): Text 'test.GfYqjrco@suryani.cn' is set on object 'Object Repository/mobileSanity/Teladoc/Page_App Page 1/input__email'

2020-04-09 08:28:05 - [MESSAGE][PASSED] - Text 'test.GfYqjrco@suryani.cn' is set on object 'Object Repository/mobileSanity/Teladoc/Page_App Page 1/input__email'

2020-04-09 08:28:05 - [TEST_STEP][PASSED] - setText(findTestObject("mobileSanity/Teladoc/Page_App Page 1/input_phone number"), Tel): Text '942-498-9445' is set on object 'Object Repository/mobileSanity/Teladoc/Page_App Page 1/input_phone number'

2020-04-09 08:28:07 - [MESSAGE][PASSED] - Text '942-498-9445' is set on object 'Object Repository/mobileSanity/Teladoc/Page_App Page 1/input_phone number'

2020-04-09 08:28:07 - [TEST_STEP][PASSED] - Thread.sleep(2000): null

2020-04-09 08:28:09 - [TEST_STEP][PASSED] - scrollToElement(findTestObject("mobileSanity/Teladoc/Page_App Page 1/a_Continue to Step 2 - Payment"), 10): Scroll to object 'Object Repository/mobileSanity/Teladoc/Page_App Page 1/a_Continue to Step 2 - Payment' successfully

2020-04-09 08:28:10 - [MESSAGE][PASSED] - Scroll to object 'Object Repository/mobileSanity/Teladoc/Page_App Page 1/a_Continue to Step 2 - Payment' successfully

2020-04-09 08:28:10 - [TEST_STEP][PASSED] - click(findTestObject("mobileSanity/Teladoc/Page_App Page 1/a_Continue to Step 2 - Payment")): Object: 'Object Repository/mobileSanity/Teladoc/Page_App Page 1/a_Continue to Step 2 - Payment' is clicked on

2020-04-09 08:28:14 - [MESSAGE][PASSED] - Object: 'Object Repository/mobileSanity/Teladoc/Page_App Page 1/a_Continue to Step 2 - Payment' is clicked on

2020-04-09 08:28:14 - [TEST_STEP][PASSED] - waitForPageLoad(20): Wait for page load successfully

2020-04-09 08:28:15 - [MESSAGE][PASSED] - Wait for page load successfully

2020-04-09 08:28:15 - [TEST_STEP][PASSED] - waitForElementVisible(findTestObject("mobileSanity/Teladoc/Page_App Page 2/input__credit-card-first"), 20): Object 'Object Repository/mobileSanity/Teladoc/Page_App Page 2/input__credit-card-first' is visible

2020-04-09 08:28:16 - [MESSAGE][PASSED] - Object 'Object Repository/mobileSanity/Teladoc/Page_App Page 2/input__credit-card-first' is visible

2020-04-09 08:28:16 - [TEST_STEP][PASSED] - callTestCase(findTestCase("AHI/_include/get_screenshot"), [:], STOP_ON_FAILURE): Call Test Case 'Test Cases/AHI/_include/get_screenshot' successfully

2020-04-09 08:28:16 - [TEST_CASE][PASSED] - Test Cases/AHI/_include/get_screenshot: Test Cases/AHI/_include/get_screenshot

2020-04-09 08:28:16 - [TEST_STEP][PASSED] - Thread.sleep(1000): null

2020-04-09 08:28:17 - [TEST_STEP][PASSED] - takeScreenshot(screenPath + i + ".png"): Taking screenshot successfully

2020-04-09 08:28:18 - [MESSAGE][PASSED] - Taking screenshot successfully
[[ATTACHMENT|D:\\Test\\AgileTest\\Reports\\HIC\\hic\\20200409_080111\\../Screenshots/iPhone 6/HIC/Teladoc/Teladoc/20200409_082524/5.png]]

2020-04-09 08:28:18 - [TEST_STEP][PASSED] - (internal.GlobalVariable.i++): null

2020-04-09 08:28:18 - [MESSAGE][PASSED] - Call Test Case 'Test Cases/AHI/_include/get_screenshot' successfully

2020-04-09 08:28:18 - [TEST_STEP][PASSED] - setText(findTestObject("mobileSanity/Teladoc/Page_App Page 2/input__credit-card-first"), FirstName): Text 'Test-123' is set on object 'Object Repository/mobileSanity/Teladoc/Page_App Page 2/input__credit-card-first'

2020-04-09 08:28:19 - [MESSAGE][PASSED] - Text 'Test-123' is set on object 'Object Repository/mobileSanity/Teladoc/Page_App Page 2/input__credit-card-first'

2020-04-09 08:28:19 - [TEST_STEP][PASSED] - setText(findTestObject("mobileSanity/Teladoc/Page_App Page 2/input__credit-card-last"), LastName): Text 'ZZ11-mUmvHMmx' is set on object 'Object Repository/mobileSanity/Teladoc/Page_App Page 2/input__credit-card-last'

2020-04-09 08:28:22 - [MESSAGE][PASSED] - Text 'ZZ11-mUmvHMmx' is set on object 'Object Repository/mobileSanity/Teladoc/Page_App Page 2/input__credit-card-last'

2020-04-09 08:28:22 - [TEST_STEP][PASSED] - selectOptionByValue(findTestObject("mobileSanity/Teladoc/Page_App Page 2/select_MM010203040506070809101"), "12", true): All options with value '12' are selected in object 'Object Repository/mobileSanity/Teladoc/Page_App Page 2/select_MM010203040506070809101'  using regular expression

2020-04-09 08:28:49 - [MESSAGE][PASSED] - All options with value '12' are selected in object 'Object Repository/mobileSanity/Teladoc/Page_App Page 2/select_MM010203040506070809101'  using regular expression

2020-04-09 08:28:49 - [TEST_STEP][PASSED] - selectOptionByValue(findTestObject("mobileSanity/Teladoc/Page_App Page 2/select_YYYY2019202020212022202"), "2026", true): All options with value '2026' are selected in object 'Object Repository/mobileSanity/Teladoc/Page_App Page 2/select_YYYY2019202020212022202'  using regular expression

2020-04-09 08:28:57 - [MESSAGE][PASSED] - All options with value '2026' are selected in object 'Object Repository/mobileSanity/Teladoc/Page_App Page 2/select_YYYY2019202020212022202'  using regular expression

2020-04-09 08:28:57 - [TEST_STEP][PASSED] - setText(findTestObject("mobileSanity/Teladoc/Page_App Page 2/input__credit-card-number"), "4111111111111111"): Text '4111111111111111' is set on object 'Object Repository/mobileSanity/Teladoc/Page_App Page 2/input__credit-card-number'

2020-04-09 08:28:58 - [MESSAGE][PASSED] - Text '4111111111111111' is set on object 'Object Repository/mobileSanity/Teladoc/Page_App Page 2/input__credit-card-number'

2020-04-09 08:28:58 - [TEST_STEP][PASSED] - setText(findTestObject("mobileSanity/Teladoc/Page_App Page 2/input__credit-card-cvv"), "122"): Text '122' is set on object 'Object Repository/mobileSanity/Teladoc/Page_App Page 2/input__credit-card-cvv'

2020-04-09 08:29:01 - [MESSAGE][PASSED] - Text '122' is set on object 'Object Repository/mobileSanity/Teladoc/Page_App Page 2/input__credit-card-cvv'

2020-04-09 08:29:01 - [TEST_STEP][PASSED] - click(findTestObject("mobileSanity/Teladoc/Page_App Page 2/label_My billing address is th")): Object: 'Object Repository/mobileSanity/Teladoc/Page_App Page 2/label_My billing address is th' is clicked on

2020-04-09 08:29:02 - [MESSAGE][PASSED] - Object: 'Object Repository/mobileSanity/Teladoc/Page_App Page 2/label_My billing address is th' is clicked on

2020-04-09 08:29:02 - [TEST_STEP][PASSED] - click(findTestObject("mobileSanity/Teladoc/Page_App Page 2/label_I Accept Authorization f")): Object: 'Object Repository/mobileSanity/Teladoc/Page_App Page 2/label_I Accept Authorization f' is clicked on

2020-04-09 08:29:03 - [MESSAGE][PASSED] - Object: 'Object Repository/mobileSanity/Teladoc/Page_App Page 2/label_I Accept Authorization f' is clicked on

2020-04-09 08:29:03 - [TEST_STEP][PASSED] - click(findTestObject("mobileSanity/Teladoc/Page_App Page 2/a_Continue to Step 3 - Review")): Object: 'Object Repository/mobileSanity/Teladoc/Page_App Page 2/a_Continue to Step 3 - Review' is clicked on

2020-04-09 08:29:04 - [MESSAGE][PASSED] - Object: 'Object Repository/mobileSanity/Teladoc/Page_App Page 2/a_Continue to Step 3 - Review' is clicked on

2020-04-09 08:29:04 - [TEST_STEP][PASSED] - waitForPageLoad(20): Wait for page load successfully

2020-04-09 08:29:07 - [MESSAGE][PASSED] - Wait for page load successfully

2020-04-09 08:29:07 - [TEST_STEP][PASSED] - waitForElementPresent(findTestObject("mobileSanity/Teladoc/Page_App Page 3/label"), 20): Object 'Object Repository/mobileSanity/Teladoc/Page_App Page 3/label' is present

2020-04-09 08:29:23 - [MESSAGE][PASSED] - Object 'Object Repository/mobileSanity/Teladoc/Page_App Page 3/label' is present

2020-04-09 08:29:23 - [TEST_STEP][PASSED] - Thread.sleep(5000): null

2020-04-09 08:29:28 - [TEST_STEP][PASSED] - callTestCase(findTestCase("AHI/_include/get_screenshot"), [:], STOP_ON_FAILURE): Call Test Case 'Test Cases/AHI/_include/get_screenshot' successfully

2020-04-09 08:29:29 - [TEST_CASE][PASSED] - Test Cases/AHI/_include/get_screenshot: Test Cases/AHI/_include/get_screenshot

2020-04-09 08:29:29 - [TEST_STEP][PASSED] - Thread.sleep(1000): null

2020-04-09 08:29:30 - [TEST_STEP][PASSED] - takeScreenshot(screenPath + i + ".png"): Taking screenshot successfully

2020-04-09 08:29:33 - [MESSAGE][PASSED] - Taking screenshot successfully
[[ATTACHMENT|D:\\Test\\AgileTest\\Reports\\HIC\\hic\\20200409_080111\\../Screenshots/iPhone 6/HIC/Teladoc/Teladoc/20200409_082524/6.png]]

2020-04-09 08:29:33 - [TEST_STEP][PASSED] - (internal.GlobalVariable.i++): null

2020-04-09 08:29:33 - [MESSAGE][PASSED] - Call Test Case 'Test Cases/AHI/_include/get_screenshot' successfully

2020-04-09 08:29:33 - [TEST_STEP][PASSED] - scrollToElement(findTestObject("mobileSanity/Teladoc/Page_App Page 3/label"), 10): Scroll to object 'Object Repository/mobileSanity/Teladoc/Page_App Page 3/label' successfully

2020-04-09 08:29:34 - [MESSAGE][PASSED] - Scroll to object 'Object Repository/mobileSanity/Teladoc/Page_App Page 3/label' successfully

2020-04-09 08:29:34 - [TEST_STEP][PASSED] - waitForElementClickable(findTestObject("mobileSanity/Teladoc/Page_App Page 3/label"), 10): Object 'Object Repository/mobileSanity/Teladoc/Page_App Page 3/label' is clickable

2020-04-09 08:29:34 - [MESSAGE][PASSED] - Object 'Object Repository/mobileSanity/Teladoc/Page_App Page 3/label' is clickable

2020-04-09 08:29:34 - [TEST_STEP][PASSED] - click(findTestObject("mobileSanity/Teladoc/Page_App Page 3/label")): Object: 'Object Repository/mobileSanity/Teladoc/Page_App Page 3/label' is clicked on

2020-04-09 08:29:36 - [MESSAGE][PASSED] - Object: 'Object Repository/mobileSanity/Teladoc/Page_App Page 3/label' is clicked on

2020-04-09 08:29:36 - [TEST_STEP][PASSED] - click(findTestObject("mobileSanity/Teladoc/Page_App Page 3/p_")): Object: 'Object Repository/mobileSanity/Teladoc/Page_App Page 3/p_' is clicked on

2020-04-09 08:29:37 - [MESSAGE][PASSED] - Object: 'Object Repository/mobileSanity/Teladoc/Page_App Page 3/p_' is clicked on

2020-04-09 08:29:37 - [TEST_STEP][PASSED] - click(findTestObject("mobileSanity/Teladoc/Page_App Page 3/a_Submit Your Application")): Object: 'Object Repository/mobileSanity/Teladoc/Page_App Page 3/a_Submit Your Application' is clicked on

2020-04-09 08:29:40 - [MESSAGE][PASSED] - Object: 'Object Repository/mobileSanity/Teladoc/Page_App Page 3/a_Submit Your Application' is clicked on

2020-04-09 08:29:40 - [TEST_STEP][PASSED] - Thread.sleep(50000): null

2020-04-09 08:30:30 - [TEST_STEP][PASSED] - callTestCase(findTestCase("AHI/_include/get_screenshot"), [:], STOP_ON_FAILURE): Call Test Case 'Test Cases/AHI/_include/get_screenshot' successfully

2020-04-09 08:30:30 - [TEST_CASE][PASSED] - Test Cases/AHI/_include/get_screenshot: Test Cases/AHI/_include/get_screenshot

2020-04-09 08:30:30 - [TEST_STEP][PASSED] - Thread.sleep(1000): null

2020-04-09 08:30:31 - [TEST_STEP][PASSED] - takeScreenshot(screenPath + i + ".png"): Taking screenshot successfully

2020-04-09 08:30:35 - [MESSAGE][PASSED] - Taking screenshot successfully
[[ATTACHMENT|D:\\Test\\AgileTest\\Reports\\HIC\\hic\\20200409_080111\\../Screenshots/iPhone 6/HIC/Teladoc/Teladoc/20200409_082524/7.png]]

2020-04-09 08:30:35 - [TEST_STEP][PASSED] - (internal.GlobalVariable.i++): null

2020-04-09 08:30:35 - [MESSAGE][PASSED] - Call Test Case 'Test Cases/AHI/_include/get_screenshot' successfully

2020-04-09 08:30:35 - [TEST_STEP][FAILED] - verifyTextPresent("Congratulations", false): verifyTextPresent("Congratulations", false) FAILED.
Reason:
com.kms.katalon.core.exception.StepFailedException: Unable to verify text 'Congratulations' is present  (Root cause: com.kms.katalon.core.exception.StepFailedException: Text 'Congratulations' is not present on page )
	at com.kms.katalon.core.keyword.internal.KeywordMain.stepFailed(KeywordMain.groovy:36)
	at com.kms.katalon.core.webui.keyword.internal.WebUIKeywordMain.stepFailed(WebUIKeywordMain.groovy:65)
	at com.kms.katalon.core.webui.keyword.internal.WebUIKeywordMain.runKeyword(WebUIKeywordMain.groovy:27)
	at com.kms.katalon.core.webui.keyword.builtin.VerifyTextPresentKeyword.verifyTextPresent(VerifyTextPresentKeyword.groovy:83)
	at com.kms.katalon.core.webui.keyword.builtin.VerifyTextPresentKeyword.execute(VerifyTextPresentKeyword.groovy:68)
	at com.kms.katalon.core.keyword.internal.KeywordExecutor.executeKeywordForPlatform(KeywordExecutor.groovy:53)
	at com.kms.katalon.core.webui.keyword.WebUiBuiltInKeywords.verifyTextPresent(WebUiBuiltInKeywords.groovy:1693)
	at com.kms.katalon.core.webui.keyword.WebUiBuiltInKeywords$verifyTextPresent$13.call(Unknown Source)
	at Teladoc.run(Teladoc:161)
	at com.kms.katalon.core.main.ScriptEngine.run(ScriptEngine.java:194)
	at com.kms.katalon.core.main.ScriptEngine.runScriptAsRawText(ScriptEngine.java:119)
	at com.kms.katalon.core.main.TestCaseExecutor.runScript(TestCaseExecutor.java:328)
	at com.kms.katalon.core.main.TestCaseExecutor.doExecute(TestCaseExecutor.java:319)
	at com.kms.katalon.core.main.TestCaseExecutor.processExecutionPhase(TestCaseExecutor.java:298)
	at com.kms.katalon.core.main.TestCaseExecutor.accessMainPhase(TestCaseExecutor.java:290)
	at com.kms.katalon.core.main.TestCaseExecutor.execute(TestCaseExecutor.java:224)
	at com.kms.katalon.core.main.TestSuiteExecutor.accessTestCaseMainPhase(TestSuiteExecutor.java:129)
	at com.kms.katalon.core.main.TestSuiteExecutor.accessTestSuiteMainPhase(TestSuiteExecutor.java:112)
	at com.kms.katalon.core.main.TestSuiteExecutor.execute(TestSuiteExecutor.java:81)
	at com.kms.katalon.core.main.TestCaseMain.startTestSuite(TestCaseMain.java:149)
	at com.kms.katalon.core.main.TestCaseMain$startTestSuite$0.call(Unknown Source)
	at TempTestSuite1586433671690.run(TempTestSuite1586433671690.groovy:36)


2020-04-09 08:30:39 - [MESSAGE][FAILED] - Text 'Congratulations' is not present on page 

2020-04-09 08:30:45 - [MESSAGE][FAILED] - Unable to verify text 'Congratulations' is present  (Root cause: com.kms.katalon.core.exception.StepFailedException: Text 'Congratulations' is not present on page )
[[ATTACHMENT|D:\\Test\\AgileTest\\Reports\\HIC\\hic\\20200409_080111\\1586435439267.png]]

2020-04-09 08:30:45 - [MESSAGE][FAILED] - verifyTextPresent("Congratulations", false) FAILED.
Reason:
com.kms.katalon.core.exception.StepFailedException: Unable to verify text 'Congratulations' is present  (Root cause: com.kms.katalon.core.exception.StepFailedException: Text 'Congratulations' is not present on page )
	at com.kms.katalon.core.keyword.internal.KeywordMain.stepFailed(KeywordMain.groovy:36)
	at com.kms.katalon.core.webui.keyword.internal.WebUIKeywordMain.stepFailed(WebUIKeywordMain.groovy:65)
	at com.kms.katalon.core.webui.keyword.internal.WebUIKeywordMain.runKeyword(WebUIKeywordMain.groovy:27)
	at com.kms.katalon.core.webui.keyword.builtin.VerifyTextPresentKeyword.verifyTextPresent(VerifyTextPresentKeyword.groovy:83)
	at com.kms.katalon.core.webui.keyword.builtin.VerifyTextPresentKeyword.execute(VerifyTextPresentKeyword.groovy:68)
	at com.kms.katalon.core.keyword.internal.KeywordExecutor.executeKeywordForPlatform(KeywordExecutor.groovy:53)
	at com.kms.katalon.core.webui.keyword.WebUiBuiltInKeywords.verifyTextPresent(WebUiBuiltInKeywords.groovy:1693)
	at com.kms.katalon.core.webui.keyword.WebUiBuiltInKeywords$verifyTextPresent$13.call(Unknown Source)
	at Teladoc.run(Teladoc:161)
	at com.kms.katalon.core.main.ScriptEngine.run(ScriptEngine.java:194)
	at com.kms.katalon.core.main.ScriptEngine.runScriptAsRawText(ScriptEngine.java:119)
	at com.kms.katalon.core.main.TestCaseExecutor.runScript(TestCaseExecutor.java:328)
	at com.kms.katalon.core.main.TestCaseExecutor.doExecute(TestCaseExecutor.java:319)
	at com.kms.katalon.core.main.TestCaseExecutor.processExecutionPhase(TestCaseExecutor.java:298)
	at com.kms.katalon.core.main.TestCaseExecutor.accessMainPhase(TestCaseExecutor.java:290)
	at com.kms.katalon.core.main.TestCaseExecutor.execute(TestCaseExecutor.java:224)
	at com.kms.katalon.core.main.TestSuiteExecutor.accessTestCaseMainPhase(TestSuiteExecutor.java:129)
	at com.kms.katalon.core.main.TestSuiteExecutor.accessTestSuiteMainPhase(TestSuiteExecutor.java:112)
	at com.kms.katalon.core.main.TestSuiteExecutor.execute(TestSuiteExecutor.java:81)
	at com.kms.katalon.core.main.TestCaseMain.startTestSuite(TestCaseMain.java:149)
	at com.kms.katalon.core.main.TestCaseMain$startTestSuite$0.call(Unknown Source)
	at TempTestSuite1586433671690.run(TempTestSuite1586433671690.groovy:36)]]></system-out>
         <system-err><![CDATA[2020-04-09 08:25:16 - [TEST_CASE][FAILED] - Test Cases/HIC/New/Teladoc: Test Cases/HIC/New/Teladoc FAILED.
Reason:
com.kms.katalon.core.exception.StepFailedException: Unable to verify text 'Congratulations' is present  (Root cause: com.kms.katalon.core.exception.StepFailedException: Text 'Congratulations' is not present on page )
	at com.kms.katalon.core.keyword.internal.KeywordMain.stepFailed(KeywordMain.groovy:36)
	at com.kms.katalon.core.webui.keyword.internal.WebUIKeywordMain.stepFailed(WebUIKeywordMain.groovy:65)
	at com.kms.katalon.core.webui.keyword.internal.WebUIKeywordMain.runKeyword(WebUIKeywordMain.groovy:27)
	at com.kms.katalon.core.webui.keyword.builtin.VerifyTextPresentKeyword.verifyTextPresent(VerifyTextPresentKeyword.groovy:83)
	at com.kms.katalon.core.webui.keyword.builtin.VerifyTextPresentKeyword.execute(VerifyTextPresentKeyword.groovy:68)
	at com.kms.katalon.core.keyword.internal.KeywordExecutor.executeKeywordForPlatform(KeywordExecutor.groovy:53)
	at com.kms.katalon.core.webui.keyword.WebUiBuiltInKeywords.verifyTextPresent(WebUiBuiltInKeywords.groovy:1693)
	at com.kms.katalon.core.webui.keyword.WebUiBuiltInKeywords$verifyTextPresent$13.call(Unknown Source)
	at Teladoc.run(Teladoc:161)
	at com.kms.katalon.core.main.ScriptEngine.run(ScriptEngine.java:194)
	at com.kms.katalon.core.main.ScriptEngine.runScriptAsRawText(ScriptEngine.java:119)
	at com.kms.katalon.core.main.TestCaseExecutor.runScript(TestCaseExecutor.java:328)
	at com.kms.katalon.core.main.TestCaseExecutor.doExecute(TestCaseExecutor.java:319)
	at com.kms.katalon.core.main.TestCaseExecutor.processExecutionPhase(TestCaseExecutor.java:298)
	at com.kms.katalon.core.main.TestCaseExecutor.accessMainPhase(TestCaseExecutor.java:290)
	at com.kms.katalon.core.main.TestCaseExecutor.execute(TestCaseExecutor.java:224)
	at com.kms.katalon.core.main.TestSuiteExecutor.accessTestCaseMainPhase(TestSuiteExecutor.java:129)
	at com.kms.katalon.core.main.TestSuiteExecutor.accessTestSuiteMainPhase(TestSuiteExecutor.java:112)
	at com.kms.katalon.core.main.TestSuiteExecutor.execute(TestSuiteExecutor.java:81)
	at com.kms.katalon.core.main.TestCaseMain.startTestSuite(TestCaseMain.java:149)
	at com.kms.katalon.core.main.TestCaseMain$startTestSuite$0.call(Unknown Source)
	at TempTestSuite1586433671690.run(TempTestSuite1586433671690.groovy:36)]]></system-err>
      </testcase>
      <system-out><![CDATA[2020-04-09 08:01:28 - [TEST_SUITE][ERROR] - hic: Test Cases/HIC/New/ACA FAILED.
Reason:
com.thoughtworks.selenium.SeleniumException: Timed out waiting for action to finish
	at com.thoughtworks.selenium.webdriven.Timer.run(Timer.java:46)
	at com.thoughtworks.selenium.webdriven.WebDriverCommandProcessor.execute(WebDriverCommandProcessor.java:150)
	at com.thoughtworks.selenium.webdriven.WebDriverCommandProcessor.doCommand(WebDriverCommandProcessor.java:76)
	at com.thoughtworks.selenium.DefaultSelenium.click(DefaultSelenium.java:198)
	at com.thoughtworks.selenium.Selenium$click.call(Unknown Source)
	at ACA.run(ACA:35)
	at com.kms.katalon.core.main.ScriptEngine.run(ScriptEngine.java:194)
	at com.kms.katalon.core.main.ScriptEngine.runScriptAsRawText(ScriptEngine.java:119)
	at com.kms.katalon.core.main.TestCaseExecutor.runScript(TestCaseExecutor.java:328)
	at com.kms.katalon.core.main.TestCaseExecutor.doExecute(TestCaseExecutor.java:319)
	at com.kms.katalon.core.main.TestCaseExecutor.processExecutionPhase(TestCaseExecutor.java:298)
	at com.kms.katalon.core.main.TestCaseExecutor.accessMainPhase(TestCaseExecutor.java:290)
	at com.kms.katalon.core.main.TestCaseExecutor.execute(TestCaseExecutor.java:224)
	at com.kms.katalon.core.main.TestSuiteExecutor.accessTestCaseMainPhase(TestSuiteExecutor.java:129)
	at com.kms.katalon.core.main.TestSuiteExecutor.accessTestSuiteMainPhase(TestSuiteExecutor.java:112)
	at com.kms.katalon.core.main.TestSuiteExecutor.execute(TestSuiteExecutor.java:81)
	at com.kms.katalon.core.main.TestCaseMain.startTestSuite(TestCaseMain.java:149)
	at com.kms.katalon.core.main.TestCaseMain$startTestSuite$0.call(Unknown Source)
	at TempTestSuite1586433671690.run(TempTestSuite1586433671690.groovy:36)]]></system-out>
      <system-err><![CDATA[2020-04-09 08:01:28 - [TEST_SUITE][ERROR] - hic: Test Cases/HIC/New/ACA FAILED.
Reason:
com.thoughtworks.selenium.SeleniumException: Timed out waiting for action to finish
	at com.thoughtworks.selenium.webdriven.Timer.run(Timer.java:46)
	at com.thoughtworks.selenium.webdriven.WebDriverCommandProcessor.execute(WebDriverCommandProcessor.java:150)
	at com.thoughtworks.selenium.webdriven.WebDriverCommandProcessor.doCommand(WebDriverCommandProcessor.java:76)
	at com.thoughtworks.selenium.DefaultSelenium.click(DefaultSelenium.java:198)
	at com.thoughtworks.selenium.Selenium$click.call(Unknown Source)
	at ACA.run(ACA:35)
	at com.kms.katalon.core.main.ScriptEngine.run(ScriptEngine.java:194)
	at com.kms.katalon.core.main.ScriptEngine.runScriptAsRawText(ScriptEngine.java:119)
	at com.kms.katalon.core.main.TestCaseExecutor.runScript(TestCaseExecutor.java:328)
	at com.kms.katalon.core.main.TestCaseExecutor.doExecute(TestCaseExecutor.java:319)
	at com.kms.katalon.core.main.TestCaseExecutor.processExecutionPhase(TestCaseExecutor.java:298)
	at com.kms.katalon.core.main.TestCaseExecutor.accessMainPhase(TestCaseExecutor.java:290)
	at com.kms.katalon.core.main.TestCaseExecutor.execute(TestCaseExecutor.java:224)
	at com.kms.katalon.core.main.TestSuiteExecutor.accessTestCaseMainPhase(TestSuiteExecutor.java:129)
	at com.kms.katalon.core.main.TestSuiteExecutor.accessTestSuiteMainPhase(TestSuiteExecutor.java:112)
	at com.kms.katalon.core.main.TestSuiteExecutor.execute(TestSuiteExecutor.java:81)
	at com.kms.katalon.core.main.TestCaseMain.startTestSuite(TestCaseMain.java:149)
	at com.kms.katalon.core.main.TestCaseMain$startTestSuite$0.call(Unknown Source)
	at TempTestSuite1586433671690.run(TempTestSuite1586433671690.groovy:36)]]></system-err>
   </testsuite>
</testsuites>
