<?xml version="1.0" encoding="UTF-8"?>
<testsuites name="teladoc" time="74" tests="0" failures="1" errors="0">
   <testsuite name="teladoc" tests="0" failures="1" errors="0" time="74" timestamp="2019-02-21 15:40:25" hostname="denisyu - 172.16.86.34" id="Test Suites/mobileWeb/teladoc">
      <properties>
         <property name="deviceName" value=""/>
         <property name="devicePlatform" value=""/>
         <property name="logFolder" value="/Users/denisyu/workplace/test/AgileTest/Reports/mobileWeb/teladoc/20190221_153949"/>
         <property name="logFiles" value="/Users/denisyu/workplace/test/AgileTest/Reports/mobileWeb/teladoc/20190221_153949/execution0.log"/>
         <property name="attachments" value="/Users/denisyu/workplace/test/AgileTest/Reports/mobileWeb/teladoc/20190221_153949/1550734899023.png"/>
         <property name="hostName" value="denisyu - 172.16.86.34"/>
         <property name="os" value="Mac OS X 64bit"/>
         <property name="katalonVersion" value="5.10.1.1"/>
         <property name="browser" value="Chrome 66.0.3329.0"/>
         <property name="hostAddress" value="172.16.86.34"/>
         <property name="sessionId" value="90333d4bd8de1eda4325a9f7f75fc370"/>
         <property name="seleniumVersion" value="3.7.1"/>
         <property name="proxyInformation" value="ProxyInformation{proxyOption=NO_PROXY, proxyServerType=HTTP, password=, proxyServerAddress=, proxyServerPort=0}"/>
         <property name="platform" value="Mac OS X"/>
      </properties>
      <testcase name="Test Cases/mobileWeb/Teladoc" classname="Test Cases/mobileWeb/Teladoc" status="FAILED">
         <failure type="FAILED" message="Test Cases/mobileWeb/Teladoc FAILED.
Reason:
com.kms.katalon.core.exception.StepFailedException: Unable to set text 'Test-123' of object 'Object Repository/mobileSanity/Teladoc/Page_App Page 2/input__credit-card-first' (Root cause: com.kms.katalon.core.webui.exception.WebElementNotFoundException: Web element with id: 'Object Repository/mobileSanity/Teladoc/Page_App Page 2/input__credit-card-first' located by 'By.xpath: //input[@type = 'text' and @id = 'credit-card-first']' not found)
	at com.kms.katalon.core.keyword.internal.KeywordMain.stepFailed(KeywordMain.groovy:36)
	at com.kms.katalon.core.webui.keyword.internal.WebUIKeywordMain.stepFailed(WebUIKeywordMain.groovy:65)
	at com.kms.katalon.core.webui.keyword.internal.WebUIKeywordMain.runKeyword(WebUIKeywordMain.groovy:27)
	at com.kms.katalon.core.webui.keyword.builtin.SetTextKeyword.setText(SetTextKeyword.groovy:65)
	at com.kms.katalon.core.webui.keyword.builtin.SetTextKeyword.execute(SetTextKeyword.groovy:37)
	at com.kms.katalon.core.keyword.internal.KeywordExecutor.executeKeywordForPlatform(KeywordExecutor.groovy:53)
	at com.kms.katalon.core.webui.keyword.WebUiBuiltInKeywords.setText(WebUiBuiltInKeywords.groovy:950)
	at com.kms.katalon.core.webui.keyword.WebUiBuiltInKeywords$setText$4.call(Unknown Source)
	at Teladoc.run(Teladoc:73)
	at com.kms.katalon.core.main.ScriptEngine.run(ScriptEngine.java:194)
	at com.kms.katalon.core.main.ScriptEngine.runScriptAsRawText(ScriptEngine.java:119)
	at com.kms.katalon.core.main.TestCaseExecutor.runScript(TestCaseExecutor.java:328)
	at com.kms.katalon.core.main.TestCaseExecutor.doExecute(TestCaseExecutor.java:319)
	at com.kms.katalon.core.main.TestCaseExecutor.processExecutionPhase(TestCaseExecutor.java:298)
	at com.kms.katalon.core.main.TestCaseExecutor.accessMainPhase(TestCaseExecutor.java:290)
	at com.kms.katalon.core.main.TestCaseExecutor.execute(TestCaseExecutor.java:224)
	at com.kms.katalon.core.main.TestSuiteExecutor.accessTestCaseMainPhase(TestSuiteExecutor.java:129)
	at com.kms.katalon.core.main.TestSuiteExecutor.accessTestSuiteMainPhase(TestSuiteExecutor.java:112)
	at com.kms.katalon.core.main.TestSuiteExecutor.execute(TestSuiteExecutor.java:81)
	at com.kms.katalon.core.main.TestCaseMain.startTestSuite(TestCaseMain.java:149)
	at com.kms.katalon.core.main.TestCaseMain$startTestSuite$0.call(Unknown Source)
	at TempTestSuite1550734799469.run(TempTestSuite1550734799469.groovy:36)
"/>
         <system-out><![CDATA[2019-02-21 15:40:26 - [TEST_CASE][FAILED] - Test Cases/mobileWeb/Teladoc: Test Cases/mobileWeb/Teladoc FAILED.
Reason:
com.kms.katalon.core.exception.StepFailedException: Unable to set text 'Test-123' of object 'Object Repository/mobileSanity/Teladoc/Page_App Page 2/input__credit-card-first' (Root cause: com.kms.katalon.core.webui.exception.WebElementNotFoundException: Web element with id: 'Object Repository/mobileSanity/Teladoc/Page_App Page 2/input__credit-card-first' located by 'By.xpath: //input[@type = 'text' and @id = 'credit-card-first']' not found)
	at com.kms.katalon.core.keyword.internal.KeywordMain.stepFailed(KeywordMain.groovy:36)
	at com.kms.katalon.core.webui.keyword.internal.WebUIKeywordMain.stepFailed(WebUIKeywordMain.groovy:65)
	at com.kms.katalon.core.webui.keyword.internal.WebUIKeywordMain.runKeyword(WebUIKeywordMain.groovy:27)
	at com.kms.katalon.core.webui.keyword.builtin.SetTextKeyword.setText(SetTextKeyword.groovy:65)
	at com.kms.katalon.core.webui.keyword.builtin.SetTextKeyword.execute(SetTextKeyword.groovy:37)
	at com.kms.katalon.core.keyword.internal.KeywordExecutor.executeKeywordForPlatform(KeywordExecutor.groovy:53)
	at com.kms.katalon.core.webui.keyword.WebUiBuiltInKeywords.setText(WebUiBuiltInKeywords.groovy:950)
	at com.kms.katalon.core.webui.keyword.WebUiBuiltInKeywords$setText$4.call(Unknown Source)
	at Teladoc.run(Teladoc:73)
	at com.kms.katalon.core.main.ScriptEngine.run(ScriptEngine.java:194)
	at com.kms.katalon.core.main.ScriptEngine.runScriptAsRawText(ScriptEngine.java:119)
	at com.kms.katalon.core.main.TestCaseExecutor.runScript(TestCaseExecutor.java:328)
	at com.kms.katalon.core.main.TestCaseExecutor.doExecute(TestCaseExecutor.java:319)
	at com.kms.katalon.core.main.TestCaseExecutor.processExecutionPhase(TestCaseExecutor.java:298)
	at com.kms.katalon.core.main.TestCaseExecutor.accessMainPhase(TestCaseExecutor.java:290)
	at com.kms.katalon.core.main.TestCaseExecutor.execute(TestCaseExecutor.java:224)
	at com.kms.katalon.core.main.TestSuiteExecutor.accessTestCaseMainPhase(TestSuiteExecutor.java:129)
	at com.kms.katalon.core.main.TestSuiteExecutor.accessTestSuiteMainPhase(TestSuiteExecutor.java:112)
	at com.kms.katalon.core.main.TestSuiteExecutor.execute(TestSuiteExecutor.java:81)
	at com.kms.katalon.core.main.TestCaseMain.startTestSuite(TestCaseMain.java:149)
	at com.kms.katalon.core.main.TestCaseMain$startTestSuite$0.call(Unknown Source)
	at TempTestSuite1550734799469.run(TempTestSuite1550734799469.groovy:36)


2019-02-21 15:40:27 - [TEST_STEP][PASSED] - callTestCase(findTestCase("mobileWeb/_include/openWebSite"), [:], STOP_ON_FAILURE): Call Test Case 'Test Cases/mobileWeb/_include/openWebSite' successfully

2019-02-21 15:40:27 - [TEST_CASE][PASSED] - Test Cases/mobileWeb/_include/openWebSite: Test Cases/mobileWeb/_include/openWebSite

2019-02-21 15:40:28 - [TEST_STEP][PASSED] - openBrowser(""): Browser is opened with url: ''

2019-02-21 15:40:29 - [MESSAGE][INFO] - Starting 'Chrome' driver

2019-02-21 15:40:29 - [MESSAGE][INFO] - User set preference: ['mobileEmulation', '{deviceName=Galaxy S5}']

2019-02-21 15:40:29 - [MESSAGE][INFO] - User set preference: ['args', '[--incognito, --aggressive-cache-discard]']

2019-02-21 15:40:29 - [MESSAGE][INFO] - Action delay is set to 0 seconds

2019-02-21 15:40:35 - [MESSAGE][PASSED] - Browser is opened with url: ''

2019-02-21 15:40:35 - [TEST_STEP][PASSED] - navigateToUrl(ENV): Navigate to 'https://praetemptatus.agilehealthinsurance.com' successfully

2019-02-21 15:40:46 - [MESSAGE][PASSED] - Navigate to 'https://praetemptatus.agilehealthinsurance.com' successfully

2019-02-21 15:40:46 - [TEST_STEP][PASSED] - waitForPageLoad(10): Wait for page load successfully

2019-02-21 15:40:46 - [MESSAGE][PASSED] - Wait for page load successfully

2019-02-21 15:40:46 - [TEST_STEP][PASSED] - Thread.sleep(3000): null

2019-02-21 15:40:49 - [MESSAGE][PASSED] - Call Test Case 'Test Cases/mobileWeb/_include/openWebSite' successfully

2019-02-21 15:40:49 - [TEST_STEP][PASSED] - click(findTestObject("mobileSanity/Common/side_nav/menu")): Object: 'Object Repository/mobileSanity/Common/side_nav/menu' is clicked on

2019-02-21 15:40:51 - [MESSAGE][PASSED] - Object: 'Object Repository/mobileSanity/Common/side_nav/menu' is clicked on

2019-02-21 15:40:51 - [TEST_STEP][PASSED] - Thread.sleep(3000): null

2019-02-21 15:40:54 - [TEST_STEP][PASSED] - click(findTestObject("mobileSanity/Common/side_nav/nav_teladoc")): Object: 'Object Repository/mobileSanity/Common/side_nav/nav_teladoc' is clicked on

2019-02-21 15:41:14 - [MESSAGE][PASSED] - Object: 'Object Repository/mobileSanity/Common/side_nav/nav_teladoc' is clicked on

2019-02-21 15:41:14 - [TEST_STEP][PASSED] - waitForPageLoad(10): Wait for page load successfully

2019-02-21 15:41:14 - [MESSAGE][PASSED] - Wait for page load successfully

2019-02-21 15:41:14 - [TEST_STEP][PASSED] - click(findTestObject("mobileSanity/Teladoc/front_door_quote_button")): Object: 'Object Repository/mobileSanity/Teladoc/front_door_quote_button' is clicked on

2019-02-21 15:41:18 - [MESSAGE][PASSED] - Object: 'Object Repository/mobileSanity/Teladoc/front_door_quote_button' is clicked on

2019-02-21 15:41:18 - [TEST_STEP][PASSED] - sendKeys(findTestObject("mobileSanity/Teladoc/census/input_Location_zip-input"), "35215"): Keys '35215' sent to object: 'Object Repository/mobileSanity/Teladoc/census/input_Location_zip-input'

2019-02-21 15:41:18 - [MESSAGE][PASSED] - Keys '35215' sent to object: 'Object Repository/mobileSanity/Teladoc/census/input_Location_zip-input'

2019-02-21 15:41:18 - [TEST_STEP][PASSED] - setText(findTestObject("mobileSanity/Teladoc/census/input_Date of Birth_dob-0"), "12/12/1980"): Text '12/12/1980' is set on object 'Object Repository/mobileSanity/Teladoc/census/input_Date of Birth_dob-0'

2019-02-21 15:41:19 - [MESSAGE][PASSED] - Text '12/12/1980' is set on object 'Object Repository/mobileSanity/Teladoc/census/input_Date of Birth_dob-0'

2019-02-21 15:41:19 - [TEST_STEP][PASSED] - click(findTestObject("mobileSanity/Teladoc/census/label_Male")): Object: 'Object Repository/mobileSanity/Teladoc/census/label_Male' is clicked on

2019-02-21 15:41:19 - [MESSAGE][PASSED] - Object: 'Object Repository/mobileSanity/Teladoc/census/label_Male' is clicked on

2019-02-21 15:41:19 - [TEST_STEP][PASSED] - Thread.sleep(3000): null

2019-02-21 15:41:22 - [TEST_STEP][PASSED] - click(findTestObject("mobileSanity/Teladoc/census/label_Start Secure Application")): Object: 'Object Repository/mobileSanity/Teladoc/census/label_Start Secure Application' is clicked on

2019-02-21 15:41:31 - [MESSAGE][PASSED] - Object: 'Object Repository/mobileSanity/Teladoc/census/label_Start Secure Application' is clicked on

2019-02-21 15:41:31 - [TEST_STEP][PASSED] - waitForPageLoad(10): Wait for page load successfully

2019-02-21 15:41:32 - [MESSAGE][PASSED] - Wait for page load successfully

2019-02-21 15:41:32 - [TEST_STEP][PASSED] - callTestCase(findTestCase("mobileWeb/_include/name"), [:], STOP_ON_FAILURE): Call Test Case 'Test Cases/mobileWeb/_include/name' successfully

2019-02-21 15:41:33 - [TEST_CASE][PASSED] - Test Cases/mobileWeb/_include/name: Test Cases/mobileWeb/_include/name

2019-02-21 15:41:33 - [TEST_STEP][PASSED] - driver = getWebDriver(): null

2019-02-21 15:41:33 - [TEST_STEP][PASSED] - selenium = new com.thoughtworks.selenium.webdriven.WebDriverBackedSelenium(driver, internal.GlobalVariable.ENV): null

2019-02-21 15:41:33 - [TEST_STEP][PASSED] - FirstName = "Test-123": null

2019-02-21 15:41:33 - [TEST_STEP][PASSED] - LastName = selenium.getEval("{var x="ABCDEFGHIJKLMNOPQRSTUVWXYZabcdefghijklmnopqrstuvwxyz"; var tmp="ZZ11-"; for (i=0;i<8;i++) tmp+=x.charAt(Math.ceil(51*Math.random()));tmp;}"): null

2019-02-21 15:41:34 - [TEST_STEP][PASSED] - Address = selenium.getEval("{var x="ABCDEFGHIJKLMNOPQRSTUVWXYZabcdefghijklmnopqrstuvwxyz"; var tmp=""; for (i=0;i<8;i++) tmp+=x.charAt(Math.ceil(51*Math.random()));tmp;}"): null

2019-02-21 15:41:34 - [TEST_STEP][PASSED] - City = selenium.getEval("{var x="ABCDEFGHIJKLMNOPQRSTUVWXYZabcdefghijklmnopqrstuvwxyz"; var tmp=""; for (i=0;i<8;i++) tmp+=x.charAt(Math.ceil(51*Math.random()));tmp;}"): null

2019-02-21 15:41:34 - [TEST_STEP][PASSED] - tel1 = selenium.getEval("{var x="123456789"; var tmp=""; for (i=0;i<3;i++) tmp+=x.charAt(Math.ceil(8*Math.random()));tmp;}"): null

2019-02-21 15:41:34 - [TEST_STEP][PASSED] - tel2 = selenium.getEval("{var x="123456789"; var tmp=""; for (i=0;i<3;i++) tmp+=x.charAt(Math.ceil(8*Math.random()));tmp;}"): null

2019-02-21 15:41:34 - [TEST_STEP][PASSED] - tel3 = selenium.getEval("{var x="123456789"; var tmp=""; for (i=0;i<4;i++) tmp+=x.charAt(Math.ceil(8*Math.random()));tmp;}"): null

2019-02-21 15:41:34 - [TEST_STEP][PASSED] - Tel = selenium.getExpression(tel1 + "-" + tel2 + "-" + tel3): null

2019-02-21 15:41:34 - [TEST_STEP][PASSED] - AutoEmail = selenium.getEval("{var x="ABCDEFGHIJKLMNOPQRSTUVWXYZabcdefghijklmnopqrstuvwxyz"; var tmp="test."; for (i=0;i<8;i++) tmp+=x.charAt(Math.ceil(51*Math.random()));tmp+="@suryani.cn";}"): null

2019-02-21 15:41:34 - [TEST_STEP][PASSED] - FirstName = FirstName: null

2019-02-21 15:41:34 - [TEST_STEP][PASSED] - LastName = LastName: null

2019-02-21 15:41:34 - [TEST_STEP][PASSED] - Address = Address: null

2019-02-21 15:41:34 - [TEST_STEP][PASSED] - City = City: null

2019-02-21 15:41:34 - [TEST_STEP][PASSED] - Tel = Tel: null

2019-02-21 15:41:34 - [TEST_STEP][PASSED] - AutoEmail = AutoEmail: null

2019-02-21 15:41:34 - [TEST_STEP][PASSED] - println(FirstName): null

2019-02-21 15:41:34 - [TEST_STEP][PASSED] - println(LastName): null

2019-02-21 15:41:34 - [TEST_STEP][PASSED] - println(Address): null

2019-02-21 15:41:34 - [TEST_STEP][PASSED] - println(City): null

2019-02-21 15:41:34 - [TEST_STEP][PASSED] - println(Tel): null

2019-02-21 15:41:34 - [TEST_STEP][PASSED] - println(AutoEmail): null

2019-02-21 15:41:34 - [MESSAGE][PASSED] - Call Test Case 'Test Cases/mobileWeb/_include/name' successfully

2019-02-21 15:41:34 - [TEST_STEP][PASSED] - setText(findTestObject("mobileSanity/Teladoc/Page_App Page 1/input__member-P-1-firstName"), FirstName): Text 'Test-123' is set on object 'Object Repository/mobileSanity/Teladoc/Page_App Page 1/input__member-P-1-firstName'

2019-02-21 15:41:34 - [MESSAGE][PASSED] - Text 'Test-123' is set on object 'Object Repository/mobileSanity/Teladoc/Page_App Page 1/input__member-P-1-firstName'

2019-02-21 15:41:34 - [TEST_STEP][PASSED] - setText(findTestObject("mobileSanity/Teladoc/Page_App Page 1/input__member-P-1-lastName"), LastName): Text 'ZZ11-mhbyfNTl' is set on object 'Object Repository/mobileSanity/Teladoc/Page_App Page 1/input__member-P-1-lastName'

2019-02-21 15:41:34 - [MESSAGE][PASSED] - Text 'ZZ11-mhbyfNTl' is set on object 'Object Repository/mobileSanity/Teladoc/Page_App Page 1/input__member-P-1-lastName'

2019-02-21 15:41:34 - [TEST_STEP][PASSED] - selectOptionByValue(findTestObject("mobileSanity/Teladoc/Page_App Page 1/select_01020304050607"), "05", true): All options with value '05' are selected in object 'Object Repository/mobileSanity/Teladoc/Page_App Page 1/select_01020304050607'  using regular expression

2019-02-21 15:41:35 - [MESSAGE][PASSED] - All options with value '05' are selected in object 'Object Repository/mobileSanity/Teladoc/Page_App Page 1/select_01020304050607'  using regular expression

2019-02-21 15:41:35 - [TEST_STEP][PASSED] - selectOptionByValue(findTestObject("mobileSanity/Teladoc/Page_App Page 1/select_00102030405060708091011"), "06", true): All options with value '06' are selected in object 'Object Repository/mobileSanity/Teladoc/Page_App Page 1/select_00102030405060708091011'  using regular expression

2019-02-21 15:41:35 - [MESSAGE][PASSED] - All options with value '06' are selected in object 'Object Repository/mobileSanity/Teladoc/Page_App Page 1/select_00102030405060708091011'  using regular expression

2019-02-21 15:41:35 - [TEST_STEP][PASSED] - setText(findTestObject("mobileSanity/Teladoc/Page_App Page 1/input_lbs"), "180"): Text '180' is set on object 'Object Repository/mobileSanity/Teladoc/Page_App Page 1/input_lbs'

2019-02-21 15:41:35 - [MESSAGE][PASSED] - Text '180' is set on object 'Object Repository/mobileSanity/Teladoc/Page_App Page 1/input_lbs'

2019-02-21 15:41:35 - [TEST_STEP][PASSED] - setText(findTestObject("mobileSanity/Teladoc/Page_App Page 1/input__address"), Address): Text 'PiSBRuWL' is set on object 'Object Repository/mobileSanity/Teladoc/Page_App Page 1/input__address'

2019-02-21 15:41:36 - [MESSAGE][PASSED] - Text 'PiSBRuWL' is set on object 'Object Repository/mobileSanity/Teladoc/Page_App Page 1/input__address'

2019-02-21 15:41:36 - [TEST_STEP][PASSED] - setText(findTestObject("mobileSanity/Teladoc/Page_App Page 1/input__city"), City): Text 'zTGkMrGv' is set on object 'Object Repository/mobileSanity/Teladoc/Page_App Page 1/input__city'

2019-02-21 15:41:36 - [MESSAGE][PASSED] - Text 'zTGkMrGv' is set on object 'Object Repository/mobileSanity/Teladoc/Page_App Page 1/input__city'

2019-02-21 15:41:36 - [TEST_STEP][PASSED] - setText(findTestObject("mobileSanity/Teladoc/Page_App Page 1/input__email"), AutoEmail): Text 'test.bjtRJJeP@suryani.cn' is set on object 'Object Repository/mobileSanity/Teladoc/Page_App Page 1/input__email'

2019-02-21 15:41:36 - [MESSAGE][PASSED] - Text 'test.bjtRJJeP@suryani.cn' is set on object 'Object Repository/mobileSanity/Teladoc/Page_App Page 1/input__email'

2019-02-21 15:41:36 - [TEST_STEP][PASSED] - setText(findTestObject("mobileSanity/Teladoc/Page_App Page 1/input_phone number"), Tel): Text '822-227-2569' is set on object 'Object Repository/mobileSanity/Teladoc/Page_App Page 1/input_phone number'

2019-02-21 15:41:36 - [MESSAGE][PASSED] - Text '822-227-2569' is set on object 'Object Repository/mobileSanity/Teladoc/Page_App Page 1/input_phone number'

2019-02-21 15:41:36 - [TEST_STEP][PASSED] - click(findTestObject("mobileSanity/Teladoc/Page_App Page 1/a_Continue to Step 2 - Payment")): Object: 'Object Repository/mobileSanity/Teladoc/Page_App Page 1/a_Continue to Step 2 - Payment' is clicked on

2019-02-21 15:41:36 - [MESSAGE][PASSED] - Object: 'Object Repository/mobileSanity/Teladoc/Page_App Page 1/a_Continue to Step 2 - Payment' is clicked on

2019-02-21 15:41:36 - [TEST_STEP][PASSED] - waitForPageLoad(10): Wait for page load successfully

2019-02-21 15:41:36 - [MESSAGE][PASSED] - Wait for page load successfully

2019-02-21 15:41:36 - [TEST_STEP][FAILED] - setText(findTestObject("mobileSanity/Teladoc/Page_App Page 2/input__credit-card-first"), FirstName): setText(findTestObject("mobileSanity/Teladoc/Page_App Page 2/input__credit-card-first"), FirstName) FAILED.
Reason:
com.kms.katalon.core.exception.StepFailedException: Unable to set text 'Test-123' of object 'Object Repository/mobileSanity/Teladoc/Page_App Page 2/input__credit-card-first' (Root cause: com.kms.katalon.core.webui.exception.WebElementNotFoundException: Web element with id: 'Object Repository/mobileSanity/Teladoc/Page_App Page 2/input__credit-card-first' located by 'By.xpath: //input[@type = 'text' and @id = 'credit-card-first']' not found)
	at com.kms.katalon.core.keyword.internal.KeywordMain.stepFailed(KeywordMain.groovy:36)
	at com.kms.katalon.core.webui.keyword.internal.WebUIKeywordMain.stepFailed(WebUIKeywordMain.groovy:65)
	at com.kms.katalon.core.webui.keyword.internal.WebUIKeywordMain.runKeyword(WebUIKeywordMain.groovy:27)
	at com.kms.katalon.core.webui.keyword.builtin.SetTextKeyword.setText(SetTextKeyword.groovy:65)
	at com.kms.katalon.core.webui.keyword.builtin.SetTextKeyword.execute(SetTextKeyword.groovy:37)
	at com.kms.katalon.core.keyword.internal.KeywordExecutor.executeKeywordForPlatform(KeywordExecutor.groovy:53)
	at com.kms.katalon.core.webui.keyword.WebUiBuiltInKeywords.setText(WebUiBuiltInKeywords.groovy:950)
	at com.kms.katalon.core.webui.keyword.WebUiBuiltInKeywords$setText$4.call(Unknown Source)
	at Teladoc.run(Teladoc:73)
	at com.kms.katalon.core.main.ScriptEngine.run(ScriptEngine.java:194)
	at com.kms.katalon.core.main.ScriptEngine.runScriptAsRawText(ScriptEngine.java:119)
	at com.kms.katalon.core.main.TestCaseExecutor.runScript(TestCaseExecutor.java:328)
	at com.kms.katalon.core.main.TestCaseExecutor.doExecute(TestCaseExecutor.java:319)
	at com.kms.katalon.core.main.TestCaseExecutor.processExecutionPhase(TestCaseExecutor.java:298)
	at com.kms.katalon.core.main.TestCaseExecutor.accessMainPhase(TestCaseExecutor.java:290)
	at com.kms.katalon.core.main.TestCaseExecutor.execute(TestCaseExecutor.java:224)
	at com.kms.katalon.core.main.TestSuiteExecutor.accessTestCaseMainPhase(TestSuiteExecutor.java:129)
	at com.kms.katalon.core.main.TestSuiteExecutor.accessTestSuiteMainPhase(TestSuiteExecutor.java:112)
	at com.kms.katalon.core.main.TestSuiteExecutor.execute(TestSuiteExecutor.java:81)
	at com.kms.katalon.core.main.TestCaseMain.startTestSuite(TestCaseMain.java:149)
	at com.kms.katalon.core.main.TestCaseMain$startTestSuite$0.call(Unknown Source)
	at TempTestSuite1550734799469.run(TempTestSuite1550734799469.groovy:36)


2019-02-21 15:41:39 - [MESSAGE][INFO] - Unable to find the element located by 'By.xpath: //input[@type = 'text' and @id = 'credit-card-first']'. Please recheck the objects properties to make sure the desired element is located. 

2019-02-21 15:41:39 - [MESSAGE][FAILED] - Unable to set text 'Test-123' of object 'Object Repository/mobileSanity/Teladoc/Page_App Page 2/input__credit-card-first' (Root cause: com.kms.katalon.core.webui.exception.WebElementNotFoundException: Web element with id: 'Object Repository/mobileSanity/Teladoc/Page_App Page 2/input__credit-card-first' located by 'By.xpath: //input[@type = 'text' and @id = 'credit-card-first']' not found)
[[ATTACHMENT|/Users/denisyu/workplace/test/AgileTest/Reports/mobileWeb/teladoc/20190221_153949/1550734899023.png]]

2019-02-21 15:41:39 - [MESSAGE][FAILED] - setText(findTestObject("mobileSanity/Teladoc/Page_App Page 2/input__credit-card-first"), FirstName) FAILED.
Reason:
com.kms.katalon.core.exception.StepFailedException: Unable to set text 'Test-123' of object 'Object Repository/mobileSanity/Teladoc/Page_App Page 2/input__credit-card-first' (Root cause: com.kms.katalon.core.webui.exception.WebElementNotFoundException: Web element with id: 'Object Repository/mobileSanity/Teladoc/Page_App Page 2/input__credit-card-first' located by 'By.xpath: //input[@type = 'text' and @id = 'credit-card-first']' not found)
	at com.kms.katalon.core.keyword.internal.KeywordMain.stepFailed(KeywordMain.groovy:36)
	at com.kms.katalon.core.webui.keyword.internal.WebUIKeywordMain.stepFailed(WebUIKeywordMain.groovy:65)
	at com.kms.katalon.core.webui.keyword.internal.WebUIKeywordMain.runKeyword(WebUIKeywordMain.groovy:27)
	at com.kms.katalon.core.webui.keyword.builtin.SetTextKeyword.setText(SetTextKeyword.groovy:65)
	at com.kms.katalon.core.webui.keyword.builtin.SetTextKeyword.execute(SetTextKeyword.groovy:37)
	at com.kms.katalon.core.keyword.internal.KeywordExecutor.executeKeywordForPlatform(KeywordExecutor.groovy:53)
	at com.kms.katalon.core.webui.keyword.WebUiBuiltInKeywords.setText(WebUiBuiltInKeywords.groovy:950)
	at com.kms.katalon.core.webui.keyword.WebUiBuiltInKeywords$setText$4.call(Unknown Source)
	at Teladoc.run(Teladoc:73)
	at com.kms.katalon.core.main.ScriptEngine.run(ScriptEngine.java:194)
	at com.kms.katalon.core.main.ScriptEngine.runScriptAsRawText(ScriptEngine.java:119)
	at com.kms.katalon.core.main.TestCaseExecutor.runScript(TestCaseExecutor.java:328)
	at com.kms.katalon.core.main.TestCaseExecutor.doExecute(TestCaseExecutor.java:319)
	at com.kms.katalon.core.main.TestCaseExecutor.processExecutionPhase(TestCaseExecutor.java:298)
	at com.kms.katalon.core.main.TestCaseExecutor.accessMainPhase(TestCaseExecutor.java:290)
	at com.kms.katalon.core.main.TestCaseExecutor.execute(TestCaseExecutor.java:224)
	at com.kms.katalon.core.main.TestSuiteExecutor.accessTestCaseMainPhase(TestSuiteExecutor.java:129)
	at com.kms.katalon.core.main.TestSuiteExecutor.accessTestSuiteMainPhase(TestSuiteExecutor.java:112)
	at com.kms.katalon.core.main.TestSuiteExecutor.execute(TestSuiteExecutor.java:81)
	at com.kms.katalon.core.main.TestCaseMain.startTestSuite(TestCaseMain.java:149)
	at com.kms.katalon.core.main.TestCaseMain$startTestSuite$0.call(Unknown Source)
	at TempTestSuite1550734799469.run(TempTestSuite1550734799469.groovy:36)]]></system-out>
         <system-err><![CDATA[2019-02-21 15:40:26 - [TEST_CASE][FAILED] - Test Cases/mobileWeb/Teladoc: Test Cases/mobileWeb/Teladoc FAILED.
Reason:
com.kms.katalon.core.exception.StepFailedException: Unable to set text 'Test-123' of object 'Object Repository/mobileSanity/Teladoc/Page_App Page 2/input__credit-card-first' (Root cause: com.kms.katalon.core.webui.exception.WebElementNotFoundException: Web element with id: 'Object Repository/mobileSanity/Teladoc/Page_App Page 2/input__credit-card-first' located by 'By.xpath: //input[@type = 'text' and @id = 'credit-card-first']' not found)
	at com.kms.katalon.core.keyword.internal.KeywordMain.stepFailed(KeywordMain.groovy:36)
	at com.kms.katalon.core.webui.keyword.internal.WebUIKeywordMain.stepFailed(WebUIKeywordMain.groovy:65)
	at com.kms.katalon.core.webui.keyword.internal.WebUIKeywordMain.runKeyword(WebUIKeywordMain.groovy:27)
	at com.kms.katalon.core.webui.keyword.builtin.SetTextKeyword.setText(SetTextKeyword.groovy:65)
	at com.kms.katalon.core.webui.keyword.builtin.SetTextKeyword.execute(SetTextKeyword.groovy:37)
	at com.kms.katalon.core.keyword.internal.KeywordExecutor.executeKeywordForPlatform(KeywordExecutor.groovy:53)
	at com.kms.katalon.core.webui.keyword.WebUiBuiltInKeywords.setText(WebUiBuiltInKeywords.groovy:950)
	at com.kms.katalon.core.webui.keyword.WebUiBuiltInKeywords$setText$4.call(Unknown Source)
	at Teladoc.run(Teladoc:73)
	at com.kms.katalon.core.main.ScriptEngine.run(ScriptEngine.java:194)
	at com.kms.katalon.core.main.ScriptEngine.runScriptAsRawText(ScriptEngine.java:119)
	at com.kms.katalon.core.main.TestCaseExecutor.runScript(TestCaseExecutor.java:328)
	at com.kms.katalon.core.main.TestCaseExecutor.doExecute(TestCaseExecutor.java:319)
	at com.kms.katalon.core.main.TestCaseExecutor.processExecutionPhase(TestCaseExecutor.java:298)
	at com.kms.katalon.core.main.TestCaseExecutor.accessMainPhase(TestCaseExecutor.java:290)
	at com.kms.katalon.core.main.TestCaseExecutor.execute(TestCaseExecutor.java:224)
	at com.kms.katalon.core.main.TestSuiteExecutor.accessTestCaseMainPhase(TestSuiteExecutor.java:129)
	at com.kms.katalon.core.main.TestSuiteExecutor.accessTestSuiteMainPhase(TestSuiteExecutor.java:112)
	at com.kms.katalon.core.main.TestSuiteExecutor.execute(TestSuiteExecutor.java:81)
	at com.kms.katalon.core.main.TestCaseMain.startTestSuite(TestCaseMain.java:149)
	at com.kms.katalon.core.main.TestCaseMain$startTestSuite$0.call(Unknown Source)
	at TempTestSuite1550734799469.run(TempTestSuite1550734799469.groovy:36)]]></system-err>
      </testcase>
      <system-out><![CDATA[2019-02-21 15:40:25 - [TEST_SUITE][FAILED] - teladoc: Test Cases/mobileWeb/Teladoc FAILED.
Reason:
com.kms.katalon.core.exception.StepFailedException: Unable to set text 'Test-123' of object 'Object Repository/mobileSanity/Teladoc/Page_App Page 2/input__credit-card-first' (Root cause: com.kms.katalon.core.webui.exception.WebElementNotFoundException: Web element with id: 'Object Repository/mobileSanity/Teladoc/Page_App Page 2/input__credit-card-first' located by 'By.xpath: //input[@type = 'text' and @id = 'credit-card-first']' not found)
	at com.kms.katalon.core.keyword.internal.KeywordMain.stepFailed(KeywordMain.groovy:36)
	at com.kms.katalon.core.webui.keyword.internal.WebUIKeywordMain.stepFailed(WebUIKeywordMain.groovy:65)
	at com.kms.katalon.core.webui.keyword.internal.WebUIKeywordMain.runKeyword(WebUIKeywordMain.groovy:27)
	at com.kms.katalon.core.webui.keyword.builtin.SetTextKeyword.setText(SetTextKeyword.groovy:65)
	at com.kms.katalon.core.webui.keyword.builtin.SetTextKeyword.execute(SetTextKeyword.groovy:37)
	at com.kms.katalon.core.keyword.internal.KeywordExecutor.executeKeywordForPlatform(KeywordExecutor.groovy:53)
	at com.kms.katalon.core.webui.keyword.WebUiBuiltInKeywords.setText(WebUiBuiltInKeywords.groovy:950)
	at com.kms.katalon.core.webui.keyword.WebUiBuiltInKeywords$setText$4.call(Unknown Source)
	at Teladoc.run(Teladoc:73)
	at com.kms.katalon.core.main.ScriptEngine.run(ScriptEngine.java:194)
	at com.kms.katalon.core.main.ScriptEngine.runScriptAsRawText(ScriptEngine.java:119)
	at com.kms.katalon.core.main.TestCaseExecutor.runScript(TestCaseExecutor.java:328)
	at com.kms.katalon.core.main.TestCaseExecutor.doExecute(TestCaseExecutor.java:319)
	at com.kms.katalon.core.main.TestCaseExecutor.processExecutionPhase(TestCaseExecutor.java:298)
	at com.kms.katalon.core.main.TestCaseExecutor.accessMainPhase(TestCaseExecutor.java:290)
	at com.kms.katalon.core.main.TestCaseExecutor.execute(TestCaseExecutor.java:224)
	at com.kms.katalon.core.main.TestSuiteExecutor.accessTestCaseMainPhase(TestSuiteExecutor.java:129)
	at com.kms.katalon.core.main.TestSuiteExecutor.accessTestSuiteMainPhase(TestSuiteExecutor.java:112)
	at com.kms.katalon.core.main.TestSuiteExecutor.execute(TestSuiteExecutor.java:81)
	at com.kms.katalon.core.main.TestCaseMain.startTestSuite(TestCaseMain.java:149)
	at com.kms.katalon.core.main.TestCaseMain$startTestSuite$0.call(Unknown Source)
	at TempTestSuite1550734799469.run(TempTestSuite1550734799469.groovy:36)]]></system-out>
      <system-err><![CDATA[2019-02-21 15:40:25 - [TEST_SUITE][FAILED] - teladoc: Test Cases/mobileWeb/Teladoc FAILED.
Reason:
com.kms.katalon.core.exception.StepFailedException: Unable to set text 'Test-123' of object 'Object Repository/mobileSanity/Teladoc/Page_App Page 2/input__credit-card-first' (Root cause: com.kms.katalon.core.webui.exception.WebElementNotFoundException: Web element with id: 'Object Repository/mobileSanity/Teladoc/Page_App Page 2/input__credit-card-first' located by 'By.xpath: //input[@type = 'text' and @id = 'credit-card-first']' not found)
	at com.kms.katalon.core.keyword.internal.KeywordMain.stepFailed(KeywordMain.groovy:36)
	at com.kms.katalon.core.webui.keyword.internal.WebUIKeywordMain.stepFailed(WebUIKeywordMain.groovy:65)
	at com.kms.katalon.core.webui.keyword.internal.WebUIKeywordMain.runKeyword(WebUIKeywordMain.groovy:27)
	at com.kms.katalon.core.webui.keyword.builtin.SetTextKeyword.setText(SetTextKeyword.groovy:65)
	at com.kms.katalon.core.webui.keyword.builtin.SetTextKeyword.execute(SetTextKeyword.groovy:37)
	at com.kms.katalon.core.keyword.internal.KeywordExecutor.executeKeywordForPlatform(KeywordExecutor.groovy:53)
	at com.kms.katalon.core.webui.keyword.WebUiBuiltInKeywords.setText(WebUiBuiltInKeywords.groovy:950)
	at com.kms.katalon.core.webui.keyword.WebUiBuiltInKeywords$setText$4.call(Unknown Source)
	at Teladoc.run(Teladoc:73)
	at com.kms.katalon.core.main.ScriptEngine.run(ScriptEngine.java:194)
	at com.kms.katalon.core.main.ScriptEngine.runScriptAsRawText(ScriptEngine.java:119)
	at com.kms.katalon.core.main.TestCaseExecutor.runScript(TestCaseExecutor.java:328)
	at com.kms.katalon.core.main.TestCaseExecutor.doExecute(TestCaseExecutor.java:319)
	at com.kms.katalon.core.main.TestCaseExecutor.processExecutionPhase(TestCaseExecutor.java:298)
	at com.kms.katalon.core.main.TestCaseExecutor.accessMainPhase(TestCaseExecutor.java:290)
	at com.kms.katalon.core.main.TestCaseExecutor.execute(TestCaseExecutor.java:224)
	at com.kms.katalon.core.main.TestSuiteExecutor.accessTestCaseMainPhase(TestSuiteExecutor.java:129)
	at com.kms.katalon.core.main.TestSuiteExecutor.accessTestSuiteMainPhase(TestSuiteExecutor.java:112)
	at com.kms.katalon.core.main.TestSuiteExecutor.execute(TestSuiteExecutor.java:81)
	at com.kms.katalon.core.main.TestCaseMain.startTestSuite(TestCaseMain.java:149)
	at com.kms.katalon.core.main.TestCaseMain$startTestSuite$0.call(Unknown Source)
	at TempTestSuite1550734799469.run(TempTestSuite1550734799469.groovy:36)]]></system-err>
   </testsuite>
</testsuites>
