<?xml version="1.0" encoding="UTF-8" standalone="yes"?>
<testsuites name="plan detail" time="2650" tests="22" failures="0" errors="0">
    <testsuite name="plan detail" tests="22" failures="0" errors="0" time="2650" timestamp="2019-08-12 17:37:49" hostname="sofee.yu - windows10.microdone.cn" id="Test Suites/mobileWeb/plan detail">
        <properties>
            <property name="deviceName" value=""/>
            <property name="devicePlatform" value=""/>
            <property name="logFolder" value="D:\\Test\\AgileTest\\AgileTest\\Reports\\mobileWeb\\plan detail\\20190812_173746"/>
            <property name="logFiles" value="D:\\Test\\AgileTest\\AgileTest\\Reports\\mobileWeb\\plan detail\\20190812_173746\\execution0.log"/>
            <property name="attachments" value="D:\\Test\\AgileTest\\AgileTest\\Reports\\mobileWeb\\plan detail\\20190812_173746\\../Screenshots/iPhone X/Plan Detail/dental national general/20190812_173750/0.png, D:\\Test\\AgileTest\\AgileTest\\Reports\\mobileWeb\\plan detail\\20190812_173746\\../Screenshots/iPhone X/Plan Detail/dental national general/20190812_173750/1.png, D:\\Test\\AgileTest\\AgileTest\\Reports\\mobileWeb\\plan detail\\20190812_173746\\../Screenshots/iPhone X/Plan Detail/dental national general/20190812_173750/2.png, D:\\Test\\AgileTest\\AgileTest\\Reports\\mobileWeb\\plan detail\\20190812_173746\\../Screenshots/iPhone X/Plan Detail/dental nationwide/20190812_173815/0.png, D:\\Test\\AgileTest\\AgileTest\\Reports\\mobileWeb\\plan detail\\20190812_173746\\../Screenshots/iPhone X/Plan Detail/dental nationwide/20190812_173815/1.png, D:\\Test\\AgileTest\\AgileTest\\Reports\\mobileWeb\\plan detail\\20190812_173746\\../Screenshots/iPhone X/Plan Detail/dental nationwide/20190812_173815/2.png, D:\\Test\\AgileTest\\AgileTest\\Reports\\mobileWeb\\plan detail\\20190812_173746\\../Screenshots/iPhone X/Plan Detail/hbi agile one/20190812_173835/0.png, D:\\Test\\AgileTest\\AgileTest\\Reports\\mobileWeb\\plan detail\\20190812_173746\\../Screenshots/iPhone X/Plan Detail/hbi agile one/20190812_173835/1.png, D:\\Test\\AgileTest\\AgileTest\\Reports\\mobileWeb\\plan detail\\20190812_173746\\../Screenshots/iPhone X/Plan Detail/hbi agile one/20190812_173835/2.png, D:\\Test\\AgileTest\\AgileTest\\Reports\\mobileWeb\\plan detail\\20190812_173746\\../Screenshots/iPhone X/Plan Detail/hbi agile one/20190812_173835/3.png, D:\\Test\\AgileTest\\AgileTest\\Reports\\mobileWeb\\plan detail\\20190812_173746\\../Screenshots/iPhone X/Plan Detail/hbi agile one/20190812_173835/4.png, D:\\Test\\AgileTest\\AgileTest\\Reports\\mobileWeb\\plan detail\\20190812_173746\\../Screenshots/iPhone X/Plan Detail/hbi agile one/20190812_173835/5.png, D:\\Test\\AgileTest\\AgileTest\\Reports\\mobileWeb\\plan detail\\20190812_173746\\../Screenshots/iPhone X/Plan Detail/hbi agile one/20190812_173835/6.png, D:\\Test\\AgileTest\\AgileTest\\Reports\\mobileWeb\\plan detail\\20190812_173746\\../Screenshots/iPhone X/Plan Detail/hbi agile one/20190812_173835/7.png, D:\\Test\\AgileTest\\AgileTest\\Reports\\mobileWeb\\plan detail\\20190812_173746\\../Screenshots/iPhone X/Plan Detail/hbi agile one/20190812_173835/8.png, D:\\Test\\AgileTest\\AgileTest\\Reports\\mobileWeb\\plan detail\\20190812_173746\\../Screenshots/iPhone X/Plan Detail/hbi agile one/20190812_173835/9.png, D:\\Test\\AgileTest\\AgileTest\\Reports\\mobileWeb\\plan detail\\20190812_173746\\../Screenshots/iPhone X/Plan Detail/hbi agile one/20190812_173835/10.png, D:\\Test\\AgileTest\\AgileTest\\Reports\\mobileWeb\\plan detail\\20190812_173746\\../Screenshots/iPhone X/Plan Detail/hbi agile one/20190812_173835/11.png, D:\\Test\\AgileTest\\AgileTest\\Reports\\mobileWeb\\plan detail\\20190812_173746\\../Screenshots/iPhone X/Plan Detail/hbi agile secure/20190812_173931/0.png, D:\\Test\\AgileTest\\AgileTest\\Reports\\mobileWeb\\plan detail\\20190812_173746\\../Screenshots/iPhone X/Plan Detail/hbi agile secure/20190812_173931/1.png, D:\\Test\\AgileTest\\AgileTest\\Reports\\mobileWeb\\plan detail\\20190812_173746\\../Screenshots/iPhone X/Plan Detail/hbi agile secure/20190812_173931/2.png, D:\\Test\\AgileTest\\AgileTest\\Reports\\mobileWeb\\plan detail\\20190812_173746\\../Screenshots/iPhone X/Plan Detail/hbi cardinal choice/20190812_173955/0.png, D:\\Test\\AgileTest\\AgileTest\\Reports\\mobileWeb\\plan detail\\20190812_173746\\../Screenshots/iPhone X/Plan Detail/hbi cardinal choice/20190812_173955/1.png, D:\\Test\\AgileTest\\AgileTest\\Reports\\mobileWeb\\plan detail\\20190812_173746\\../Screenshots/iPhone X/Plan Detail/hbi cardinal choice/20190812_173955/2.png, D:\\Test\\AgileTest\\AgileTest\\Reports\\mobileWeb\\plan detail\\20190812_173746\\../Screenshots/iPhone X/Plan Detail/hbi cardinal choice/20190812_173955/3.png, D:\\Test\\AgileTest\\AgileTest\\Reports\\mobileWeb\\plan detail\\20190812_173746\\../Screenshots/iPhone X/Plan Detail/hbi cardinal choice/20190812_173955/4.png, D:\\Test\\AgileTest\\AgileTest\\Reports\\mobileWeb\\plan detail\\20190812_173746\\../Screenshots/iPhone X/Plan Detail/hbi cardinal choice/20190812_173955/5.png, D:\\Test\\AgileTest\\AgileTest\\Reports\\mobileWeb\\plan detail\\20190812_173746\\../Screenshots/iPhone X/Plan Detail/hbi cardinal choice/20190812_173955/6.png, D:\\Test\\AgileTest\\AgileTest\\Reports\\mobileWeb\\plan detail\\20190812_173746\\../Screenshots/iPhone X/Plan Detail/hbi cardinal choice/20190812_173955/7.png, D:\\Test\\AgileTest\\AgileTest\\Reports\\mobileWeb\\plan detail\\20190812_173746\\../Screenshots/iPhone X/Plan Detail/hbi cardinal choice/20190812_173955/8.png, D:\\Test\\AgileTest\\AgileTest\\Reports\\mobileWeb\\plan detail\\20190812_173746\\../Screenshots/iPhone X/Plan Detail/hbi cardinal choice/20190812_173955/9.png, D:\\Test\\AgileTest\\AgileTest\\Reports\\mobileWeb\\plan detail\\20190812_173746\\../Screenshots/iPhone X/Plan Detail/hbi cardinal choice/20190812_173955/10.png, D:\\Test\\AgileTest\\AgileTest\\Reports\\mobileWeb\\plan detail\\20190812_173746\\../Screenshots/iPhone X/Plan Detail/hbi core shield/20190812_174049/0.png, D:\\Test\\AgileTest\\AgileTest\\Reports\\mobileWeb\\plan detail\\20190812_173746\\../Screenshots/iPhone X/Plan Detail/hbi core shield/20190812_174049/1.png, D:\\Test\\AgileTest\\AgileTest\\Reports\\mobileWeb\\plan detail\\20190812_173746\\../Screenshots/iPhone X/Plan Detail/hbi core shield/20190812_174049/2.png, D:\\Test\\AgileTest\\AgileTest\\Reports\\mobileWeb\\plan detail\\20190812_173746\\../Screenshots/iPhone X/Plan Detail/hbi core shield/20190812_174049/3.png, D:\\Test\\AgileTest\\AgileTest\\Reports\\mobileWeb\\plan detail\\20190812_173746\\../Screenshots/iPhone X/Plan Detail/hbi core shield/20190812_174049/4.png, D:\\Test\\AgileTest\\AgileTest\\Reports\\mobileWeb\\plan detail\\20190812_173746\\../Screenshots/iPhone X/Plan Detail/hbi core shield/20190812_174049/5.png, D:\\Test\\AgileTest\\AgileTest\\Reports\\mobileWeb\\plan detail\\20190812_173746\\../Screenshots/iPhone X/Plan Detail/hbi core shield/20190812_174049/6.png, D:\\Test\\AgileTest\\AgileTest\\Reports\\mobileWeb\\plan detail\\20190812_173746\\../Screenshots/iPhone X/Plan Detail/hbi core shield/20190812_174049/7.png, D:\\Test\\AgileTest\\AgileTest\\Reports\\mobileWeb\\plan detail\\20190812_173746\\../Screenshots/iPhone X/Plan Detail/hbi core shield/20190812_174049/8.png, D:\\Test\\AgileTest\\AgileTest\\Reports\\mobileWeb\\plan detail\\20190812_173746\\../Screenshots/iPhone X/Plan Detail/hbi health choice plus/20190812_174134/0.png, D:\\Test\\AgileTest\\AgileTest\\Reports\\mobileWeb\\plan detail\\20190812_173746\\../Screenshots/iPhone X/Plan Detail/hbi health choice plus/20190812_174134/1.png, D:\\Test\\AgileTest\\AgileTest\\Reports\\mobileWeb\\plan detail\\20190812_173746\\../Screenshots/iPhone X/Plan Detail/hbi health choice plus/20190812_174134/2.png, D:\\Test\\AgileTest\\AgileTest\\Reports\\mobileWeb\\plan detail\\20190812_173746\\../Screenshots/iPhone X/Plan Detail/hbi health choice plus/20190812_174134/3.png, D:\\Test\\AgileTest\\AgileTest\\Reports\\mobileWeb\\plan detail\\20190812_173746\\../Screenshots/iPhone X/Plan Detail/hbi health choice plus/20190812_174134/4.png, D:\\Test\\AgileTest\\AgileTest\\Reports\\mobileWeb\\plan detail\\20190812_173746\\../Screenshots/iPhone X/Plan Detail/hbi health choice plus/20190812_174134/5.png, D:\\Test\\AgileTest\\AgileTest\\Reports\\mobileWeb\\plan detail\\20190812_173746\\../Screenshots/iPhone X/Plan Detail/hbi health choice plus/20190812_174134/6.png, D:\\Test\\AgileTest\\AgileTest\\Reports\\mobileWeb\\plan detail\\20190812_173746\\../Screenshots/iPhone X/Plan Detail/hbi health choice plus/20190812_174134/7.png, D:\\Test\\AgileTest\\AgileTest\\Reports\\mobileWeb\\plan detail\\20190812_173746\\../Screenshots/iPhone X/Plan Detail/hbi health choice plus/20190812_174134/8.png, D:\\Test\\AgileTest\\AgileTest\\Reports\\mobileWeb\\plan detail\\20190812_173746\\../Screenshots/iPhone X/Plan Detail/hbi health choice plus/20190812_174134/9.png, D:\\Test\\AgileTest\\AgileTest\\Reports\\mobileWeb\\plan detail\\20190812_173746\\../Screenshots/iPhone X/Plan Detail/hbi health choice plus/20190812_174134/10.png, D:\\Test\\AgileTest\\AgileTest\\Reports\\mobileWeb\\plan detail\\20190812_173746\\../Screenshots/iPhone X/Plan Detail/hbi legion/20190812_174226/0.png, D:\\Test\\AgileTest\\AgileTest\\Reports\\mobileWeb\\plan detail\\20190812_173746\\../Screenshots/iPhone X/Plan Detail/hbi legion/20190812_174226/1.png, D:\\Test\\AgileTest\\AgileTest\\Reports\\mobileWeb\\plan detail\\20190812_173746\\../Screenshots/iPhone X/Plan Detail/hbi legion/20190812_174226/2.png, D:\\Test\\AgileTest\\AgileTest\\Reports\\mobileWeb\\plan detail\\20190812_173746\\../Screenshots/iPhone X/Plan Detail/hbi legion/20190812_174226/3.png, D:\\Test\\AgileTest\\AgileTest\\Reports\\mobileWeb\\plan detail\\20190812_173746\\../Screenshots/iPhone X/Plan Detail/hbi legion/20190812_174226/4.png, D:\\Test\\AgileTest\\AgileTest\\Reports\\mobileWeb\\plan detail\\20190812_173746\\../Screenshots/iPhone X/Plan Detail/hbi legion/20190812_174226/5.png, D:\\Test\\AgileTest\\AgileTest\\Reports\\mobileWeb\\plan detail\\20190812_173746\\../Screenshots/iPhone X/Plan Detail/hbi legion/20190812_174226/6.png, D:\\Test\\AgileTest\\AgileTest\\Reports\\mobileWeb\\plan detail\\20190812_173746\\../Screenshots/iPhone X/Plan Detail/hbi legion/20190812_174226/7.png, D:\\Test\\AgileTest\\AgileTest\\Reports\\mobileWeb\\plan detail\\20190812_173746\\../Screenshots/iPhone X/Plan Detail/hbi legion/20190812_174226/8.png, D:\\Test\\AgileTest\\AgileTest\\Reports\\mobileWeb\\plan detail\\20190812_173746\\../Screenshots/iPhone X/Plan Detail/hbi legion/20190812_174226/9.png, D:\\Test\\AgileTest\\AgileTest\\Reports\\mobileWeb\\plan detail\\20190812_173746\\../Screenshots/iPhone X/Plan Detail/hbi legion/20190812_174226/10.png, D:\\Test\\AgileTest\\AgileTest\\Reports\\mobileWeb\\plan detail\\20190812_173746\\../Screenshots/iPhone X/Plan Detail/hbi slaico hbi/20190812_174318/0.png, D:\\Test\\AgileTest\\AgileTest\\Reports\\mobileWeb\\plan detail\\20190812_173746\\../Screenshots/iPhone X/Plan Detail/hbi slaico hbi/20190812_174318/1.png, D:\\Test\\AgileTest\\AgileTest\\Reports\\mobileWeb\\plan detail\\20190812_173746\\../Screenshots/iPhone X/Plan Detail/hbi slaico hbi/20190812_174318/2.png, D:\\Test\\AgileTest\\AgileTest\\Reports\\mobileWeb\\plan detail\\20190812_173746\\../Screenshots/iPhone X/Plan Detail/hbi slaico hbi/20190812_174318/3.png, D:\\Test\\AgileTest\\AgileTest\\Reports\\mobileWeb\\plan detail\\20190812_173746\\../Screenshots/iPhone X/Plan Detail/hbi slaico hbi/20190812_174318/4.png, D:\\Test\\AgileTest\\AgileTest\\Reports\\mobileWeb\\plan detail\\20190812_173746\\../Screenshots/iPhone X/Plan Detail/hbi slaico hbi/20190812_174318/5.png, D:\\Test\\AgileTest\\AgileTest\\Reports\\mobileWeb\\plan detail\\20190812_173746\\../Screenshots/iPhone X/Plan Detail/hbi slaico hbi/20190812_174318/6.png, D:\\Test\\AgileTest\\AgileTest\\Reports\\mobileWeb\\plan detail\\20190812_173746\\../Screenshots/iPhone X/Plan Detail/hbi slaico hbi/20190812_174318/7.png, D:\\Test\\AgileTest\\AgileTest\\Reports\\mobileWeb\\plan detail\\20190812_173746\\../Screenshots/iPhone X/Plan Detail/hbi slaico hbi/20190812_174318/8.png, D:\\Test\\AgileTest\\AgileTest\\Reports\\mobileWeb\\plan detail\\20190812_173746\\../Screenshots/iPhone X/Plan Detail/hbi slaico hbi/20190812_174318/9.png, D:\\Test\\AgileTest\\AgileTest\\Reports\\mobileWeb\\plan detail\\20190812_173746\\../Screenshots/iPhone X/Plan Detail/hbi vitala care/20190812_174406/0.png, D:\\Test\\AgileTest\\AgileTest\\Reports\\mobileWeb\\plan detail\\20190812_173746\\../Screenshots/iPhone X/Plan Detail/hbi vitala care/20190812_174406/1.png, D:\\Test\\AgileTest\\AgileTest\\Reports\\mobileWeb\\plan detail\\20190812_173746\\../Screenshots/iPhone X/Plan Detail/hbi vitala care/20190812_174406/2.png, D:\\Test\\AgileTest\\AgileTest\\Reports\\mobileWeb\\plan detail\\20190812_173746\\../Screenshots/iPhone X/Plan Detail/hbi vitala care/20190812_174406/3.png, D:\\Test\\AgileTest\\AgileTest\\Reports\\mobileWeb\\plan detail\\20190812_173746\\../Screenshots/iPhone X/Plan Detail/hbi vitala care/20190812_174406/4.png, D:\\Test\\AgileTest\\AgileTest\\Reports\\mobileWeb\\plan detail\\20190812_173746\\../Screenshots/iPhone X/Plan Detail/hbi vitala care/20190812_174406/5.png, D:\\Test\\AgileTest\\AgileTest\\Reports\\mobileWeb\\plan detail\\20190812_173746\\../Screenshots/iPhone X/Plan Detail/hbi vitala care/20190812_174406/6.png, D:\\Test\\AgileTest\\AgileTest\\Reports\\mobileWeb\\plan detail\\20190812_173746\\../Screenshots/iPhone X/Plan Detail/hbi vitala care/20190812_174406/7.png, D:\\Test\\AgileTest\\AgileTest\\Reports\\mobileWeb\\plan detail\\20190812_173746\\../Screenshots/iPhone X/Plan Detail/hbi vitala care/20190812_174406/8.png, D:\\Test\\AgileTest\\AgileTest\\Reports\\mobileWeb\\plan detail\\20190812_173746\\../Screenshots/iPhone X/Plan Detail/hbi vitala care/20190812_174406/9.png, D:\\Test\\AgileTest\\AgileTest\\Reports\\mobileWeb\\plan detail\\20190812_173746\\../Screenshots/iPhone X/Plan Detail/hbi vitala care/20190812_174406/10.png, D:\\Test\\AgileTest\\AgileTest\\Reports\\mobileWeb\\plan detail\\20190812_173746\\../Screenshots/iPhone X/Plan Detail/stm_advanthealth 1/20190812_174458/0.png, D:\\Test\\AgileTest\\AgileTest\\Reports\\mobileWeb\\plan detail\\20190812_173746\\../Screenshots/iPhone X/Plan Detail/stm_advanthealth 1/20190812_174458/1.png, D:\\Test\\AgileTest\\AgileTest\\Reports\\mobileWeb\\plan detail\\20190812_173746\\../Screenshots/iPhone X/Plan Detail/stm_advanthealth 1/20190812_174458/2.png, D:\\Test\\AgileTest\\AgileTest\\Reports\\mobileWeb\\plan detail\\20190812_173746\\../Screenshots/iPhone X/Plan Detail/stm_advanthealth 1/20190812_174458/3.png, D:\\Test\\AgileTest\\AgileTest\\Reports\\mobileWeb\\plan detail\\20190812_173746\\../Screenshots/iPhone X/Plan Detail/stm_advanthealth 1/20190812_174458/4.png, D:\\Test\\AgileTest\\AgileTest\\Reports\\mobileWeb\\plan detail\\20190812_173746\\../Screenshots/iPhone X/Plan Detail/stm_advanthealth 1/20190812_174458/5.png, D:\\Test\\AgileTest\\AgileTest\\Reports\\mobileWeb\\plan detail\\20190812_173746\\../Screenshots/iPhone X/Plan Detail/stm_advanthealth 1/20190812_174458/6.png, D:\\Test\\AgileTest\\AgileTest\\Reports\\mobileWeb\\plan detail\\20190812_173746\\../Screenshots/iPhone X/Plan Detail/stm_advanthealth 1/20190812_174458/7.png, D:\\Test\\AgileTest\\AgileTest\\Reports\\mobileWeb\\plan detail\\20190812_173746\\../Screenshots/iPhone X/Plan Detail/stm_advanthealth 1/20190812_174458/8.png, D:\\Test\\AgileTest\\AgileTest\\Reports\\mobileWeb\\plan detail\\20190812_173746\\../Screenshots/iPhone X/Plan Detail/stm_advanthealth 1/20190812_174458/9.png, D:\\Test\\AgileTest\\AgileTest\\Reports\\mobileWeb\\plan detail\\20190812_173746\\../Screenshots/iPhone X/Plan Detail/stm_advanthealth 1/20190812_174458/10.png, D:\\Test\\AgileTest\\AgileTest\\Reports\\mobileWeb\\plan detail\\20190812_173746\\../Screenshots/iPhone X/Plan Detail/stm_advanthealth 1/20190812_174458/11.png, D:\\Test\\AgileTest\\AgileTest\\Reports\\mobileWeb\\plan detail\\20190812_173746\\../Screenshots/iPhone X/Plan Detail/stm_advanthealth 1/20190812_174458/12.png, D:\\Test\\AgileTest\\AgileTest\\Reports\\mobileWeb\\plan detail\\20190812_173746\\../Screenshots/iPhone X/Plan Detail/stm_advanthealth 1/20190812_174458/13.png, D:\\Test\\AgileTest\\AgileTest\\Reports\\mobileWeb\\plan detail\\20190812_173746\\../Screenshots/iPhone X/Plan Detail/stm_advanthealth 1/20190812_174458/14.png, D:\\Test\\AgileTest\\AgileTest\\Reports\\mobileWeb\\plan detail\\20190812_173746\\../Screenshots/iPhone X/Plan Detail/stm_advanthealth 1/20190812_174458/15.png, D:\\Test\\AgileTest\\AgileTest\\Reports\\mobileWeb\\plan detail\\20190812_173746\\../Screenshots/iPhone X/Plan Detail/stm_advanthealth 1/20190812_174458/16.png, D:\\Test\\AgileTest\\AgileTest\\Reports\\mobileWeb\\plan detail\\20190812_173746\\../Screenshots/iPhone X/Plan Detail/stm_advanthealth 1/20190812_174458/17.png, D:\\Test\\AgileTest\\AgileTest\\Reports\\mobileWeb\\plan detail\\20190812_173746\\../Screenshots/iPhone X/Plan Detail/stm_advanthealth 1/20190812_174458/18.png, D:\\Test\\AgileTest\\AgileTest\\Reports\\mobileWeb\\plan detail\\20190812_173746\\../Screenshots/iPhone X/Plan Detail/stm_advanthealth 1/20190812_174458/19.png, D:\\Test\\AgileTest\\AgileTest\\Reports\\mobileWeb\\plan detail\\20190812_173746\\../Screenshots/iPhone X/Plan Detail/stm_advanthealth 1/20190812_174458/20.png, D:\\Test\\AgileTest\\AgileTest\\Reports\\mobileWeb\\plan detail\\20190812_173746\\../Screenshots/iPhone X/Plan Detail/stm_advanthealth 1/20190812_174458/21.png, D:\\Test\\AgileTest\\AgileTest\\Reports\\mobileWeb\\plan detail\\20190812_173746\\../Screenshots/iPhone X/Plan Detail/stm_advanthealth 1/20190812_174458/22.png, D:\\Test\\AgileTest\\AgileTest\\Reports\\mobileWeb\\plan detail\\20190812_173746\\../Screenshots/iPhone X/Plan Detail/stm_advanthealth 1/20190812_174458/23.png, D:\\Test\\AgileTest\\AgileTest\\Reports\\mobileWeb\\plan detail\\20190812_173746\\../Screenshots/iPhone X/Plan Detail/stm_advanthealth 1/20190812_174458/24.png, D:\\Test\\AgileTest\\AgileTest\\Reports\\mobileWeb\\plan detail\\20190812_173746\\../Screenshots/iPhone X/Plan Detail/stm_advanthealth 1/20190812_174458/25.png, D:\\Test\\AgileTest\\AgileTest\\Reports\\mobileWeb\\plan detail\\20190812_173746\\../Screenshots/iPhone X/Plan Detail/stm_advanthealth 1/20190812_174458/26.png, D:\\Test\\AgileTest\\AgileTest\\Reports\\mobileWeb\\plan detail\\20190812_173746\\../Screenshots/iPhone X/Plan Detail/stm_advanthealth 1/20190812_174458/27.png, D:\\Test\\AgileTest\\AgileTest\\Reports\\mobileWeb\\plan detail\\20190812_173746\\../Screenshots/iPhone X/Plan Detail/stm_advanthealth 1/20190812_174458/28.png, D:\\Test\\AgileTest\\AgileTest\\Reports\\mobileWeb\\plan detail\\20190812_173746\\../Screenshots/iPhone X/Plan Detail/stm_advanthealth 1/20190812_174458/29.png, D:\\Test\\AgileTest\\AgileTest\\Reports\\mobileWeb\\plan detail\\20190812_173746\\../Screenshots/iPhone X/Plan Detail/stm_advanthealth 1/20190812_174458/30.png, D:\\Test\\AgileTest\\AgileTest\\Reports\\mobileWeb\\plan detail\\20190812_173746\\../Screenshots/iPhone X/Plan Detail/stm_advanthealth 1/20190812_174458/31.png, D:\\Test\\AgileTest\\AgileTest\\Reports\\mobileWeb\\plan detail\\20190812_173746\\../Screenshots/iPhone X/Plan Detail/stm_advanthealth 1/20190812_174458/32.png, D:\\Test\\AgileTest\\AgileTest\\Reports\\mobileWeb\\plan detail\\20190812_173746\\../Screenshots/iPhone X/Plan Detail/stm_advanthealth 1/20190812_174458/33.png, D:\\Test\\AgileTest\\AgileTest\\Reports\\mobileWeb\\plan detail\\20190812_173746\\../Screenshots/iPhone X/Plan Detail/stm_advanthealth 1/20190812_174458/34.png, D:\\Test\\AgileTest\\AgileTest\\Reports\\mobileWeb\\plan detail\\20190812_173746\\../Screenshots/iPhone X/Plan Detail/stm_advanthealth 1/20190812_174458/35.png, D:\\Test\\AgileTest\\AgileTest\\Reports\\mobileWeb\\plan detail\\20190812_173746\\../Screenshots/iPhone X/Plan Detail/stm_advanthealth 1/20190812_174458/36.png, D:\\Test\\AgileTest\\AgileTest\\Reports\\mobileWeb\\plan detail\\20190812_173746\\../Screenshots/iPhone X/Plan Detail/stm_advanthealth 1/20190812_174458/37.png, D:\\Test\\AgileTest\\AgileTest\\Reports\\mobileWeb\\plan detail\\20190812_173746\\../Screenshots/iPhone X/Plan Detail/stm_advanthealth 1/20190812_174458/38.png, D:\\Test\\AgileTest\\AgileTest\\Reports\\mobileWeb\\plan detail\\20190812_173746\\../Screenshots/iPhone X/Plan Detail/stm_advanthealth 1/20190812_174458/39.png, D:\\Test\\AgileTest\\AgileTest\\Reports\\mobileWeb\\plan detail\\20190812_173746\\../Screenshots/iPhone X/Plan Detail/stm_advanthealth 1/20190812_174458/40.png, D:\\Test\\AgileTest\\AgileTest\\Reports\\mobileWeb\\plan detail\\20190812_173746\\../Screenshots/iPhone X/Plan Detail/stm_advanthealth 1/20190812_174458/41.png, D:\\Test\\AgileTest\\AgileTest\\Reports\\mobileWeb\\plan detail\\20190812_173746\\../Screenshots/iPhone X/Plan Detail/stm_advanthealth 1/20190812_174458/42.png, D:\\Test\\AgileTest\\AgileTest\\Reports\\mobileWeb\\plan detail\\20190812_173746\\../Screenshots/iPhone X/Plan Detail/stm_advanthealth 1/20190812_174458/43.png, D:\\Test\\AgileTest\\AgileTest\\Reports\\mobileWeb\\plan detail\\20190812_173746\\../Screenshots/iPhone X/Plan Detail/stm_advanthealth 1/20190812_174458/44.png, D:\\Test\\AgileTest\\AgileTest\\Reports\\mobileWeb\\plan detail\\20190812_173746\\../Screenshots/iPhone X/Plan Detail/stm_advanthealth 2/20190812_174758/0.png, D:\\Test\\AgileTest\\AgileTest\\Reports\\mobileWeb\\plan detail\\20190812_173746\\../Screenshots/iPhone X/Plan Detail/stm_advanthealth 2/20190812_174758/1.png, D:\\Test\\AgileTest\\AgileTest\\Reports\\mobileWeb\\plan detail\\20190812_173746\\../Screenshots/iPhone X/Plan Detail/stm_advanthealth 2/20190812_174758/2.png, D:\\Test\\AgileTest\\AgileTest\\Reports\\mobileWeb\\plan detail\\20190812_173746\\../Screenshots/iPhone X/Plan Detail/stm_advanthealth 2/20190812_174758/3.png, D:\\Test\\AgileTest\\AgileTest\\Reports\\mobileWeb\\plan detail\\20190812_173746\\../Screenshots/iPhone X/Plan Detail/stm_advanthealth 2/20190812_174758/4.png, D:\\Test\\AgileTest\\AgileTest\\Reports\\mobileWeb\\plan detail\\20190812_173746\\../Screenshots/iPhone X/Plan Detail/stm_advanthealth 2/20190812_174758/5.png, D:\\Test\\AgileTest\\AgileTest\\Reports\\mobileWeb\\plan detail\\20190812_173746\\../Screenshots/iPhone X/Plan Detail/stm_advanthealth 2/20190812_174758/6.png, D:\\Test\\AgileTest\\AgileTest\\Reports\\mobileWeb\\plan detail\\20190812_173746\\../Screenshots/iPhone X/Plan Detail/stm_advanthealth 2/20190812_174758/7.png, D:\\Test\\AgileTest\\AgileTest\\Reports\\mobileWeb\\plan detail\\20190812_173746\\../Screenshots/iPhone X/Plan Detail/stm_advanthealth 2/20190812_174758/8.png, D:\\Test\\AgileTest\\AgileTest\\Reports\\mobileWeb\\plan detail\\20190812_173746\\../Screenshots/iPhone X/Plan Detail/stm_advanthealth 2/20190812_174758/9.png, D:\\Test\\AgileTest\\AgileTest\\Reports\\mobileWeb\\plan detail\\20190812_173746\\../Screenshots/iPhone X/Plan Detail/stm_advanthealth 2/20190812_174758/10.png, D:\\Test\\AgileTest\\AgileTest\\Reports\\mobileWeb\\plan detail\\20190812_173746\\../Screenshots/iPhone X/Plan Detail/stm_advanthealth 2/20190812_174758/11.png, D:\\Test\\AgileTest\\AgileTest\\Reports\\mobileWeb\\plan detail\\20190812_173746\\../Screenshots/iPhone X/Plan Detail/stm_advanthealth 2/20190812_174758/12.png, D:\\Test\\AgileTest\\AgileTest\\Reports\\mobileWeb\\plan detail\\20190812_173746\\../Screenshots/iPhone X/Plan Detail/stm_advanthealth 2/20190812_174758/13.png, D:\\Test\\AgileTest\\AgileTest\\Reports\\mobileWeb\\plan detail\\20190812_173746\\../Screenshots/iPhone X/Plan Detail/stm_advanthealth 2/20190812_174758/14.png, D:\\Test\\AgileTest\\AgileTest\\Reports\\mobileWeb\\plan detail\\20190812_173746\\../Screenshots/iPhone X/Plan Detail/stm_advanthealth 2/20190812_174758/15.png, D:\\Test\\AgileTest\\AgileTest\\Reports\\mobileWeb\\plan detail\\20190812_173746\\../Screenshots/iPhone X/Plan Detail/stm_advanthealth 2/20190812_174758/16.png, D:\\Test\\AgileTest\\AgileTest\\Reports\\mobileWeb\\plan detail\\20190812_173746\\../Screenshots/iPhone X/Plan Detail/stm_advanthealth 2/20190812_174758/17.png, D:\\Test\\AgileTest\\AgileTest\\Reports\\mobileWeb\\plan detail\\20190812_173746\\../Screenshots/iPhone X/Plan Detail/stm_advanthealth 2/20190812_174758/18.png, D:\\Test\\AgileTest\\AgileTest\\Reports\\mobileWeb\\plan detail\\20190812_173746\\../Screenshots/iPhone X/Plan Detail/stm_advanthealth 2/20190812_174758/19.png, D:\\Test\\AgileTest\\AgileTest\\Reports\\mobileWeb\\plan detail\\20190812_173746\\../Screenshots/iPhone X/Plan Detail/stm_advanthealth 2/20190812_174758/20.png, D:\\Test\\AgileTest\\AgileTest\\Reports\\mobileWeb\\plan detail\\20190812_173746\\../Screenshots/iPhone X/Plan Detail/stm_advanthealth 2/20190812_174758/21.png, D:\\Test\\AgileTest\\AgileTest\\Reports\\mobileWeb\\plan detail\\20190812_173746\\../Screenshots/iPhone X/Plan Detail/stm_advanthealth 2/20190812_174758/22.png, D:\\Test\\AgileTest\\AgileTest\\Reports\\mobileWeb\\plan detail\\20190812_173746\\../Screenshots/iPhone X/Plan Detail/stm_advanthealth 2/20190812_174758/23.png, D:\\Test\\AgileTest\\AgileTest\\Reports\\mobileWeb\\plan detail\\20190812_173746\\../Screenshots/iPhone X/Plan Detail/stm_advanthealth 2/20190812_174758/24.png, D:\\Test\\AgileTest\\AgileTest\\Reports\\mobileWeb\\plan detail\\20190812_173746\\../Screenshots/iPhone X/Plan Detail/stm_advanthealth 2/20190812_174758/25.png, D:\\Test\\AgileTest\\AgileTest\\Reports\\mobileWeb\\plan detail\\20190812_173746\\../Screenshots/iPhone X/Plan Detail/stm_advanthealth 2/20190812_174758/26.png, D:\\Test\\AgileTest\\AgileTest\\Reports\\mobileWeb\\plan detail\\20190812_173746\\../Screenshots/iPhone X/Plan Detail/stm_advanthealth 2/20190812_174758/27.png, D:\\Test\\AgileTest\\AgileTest\\Reports\\mobileWeb\\plan detail\\20190812_173746\\../Screenshots/iPhone X/Plan Detail/stm_advanthealth 2/20190812_174758/28.png, D:\\Test\\AgileTest\\AgileTest\\Reports\\mobileWeb\\plan detail\\20190812_173746\\../Screenshots/iPhone X/Plan Detail/stm_advanthealth 2/20190812_174758/29.png, D:\\Test\\AgileTest\\AgileTest\\Reports\\mobileWeb\\plan detail\\20190812_173746\\../Screenshots/iPhone X/Plan Detail/stm_advanthealth 2/20190812_174758/30.png, D:\\Test\\AgileTest\\AgileTest\\Reports\\mobileWeb\\plan detail\\20190812_173746\\../Screenshots/iPhone X/Plan Detail/stm_advanthealth 2/20190812_174758/31.png, D:\\Test\\AgileTest\\AgileTest\\Reports\\mobileWeb\\plan detail\\20190812_173746\\../Screenshots/iPhone X/Plan Detail/stm_advanthealth 2/20190812_174758/32.png, D:\\Test\\AgileTest\\AgileTest\\Reports\\mobileWeb\\plan detail\\20190812_173746\\../Screenshots/iPhone X/Plan Detail/stm_advanthealth 2/20190812_174758/33.png, D:\\Test\\AgileTest\\AgileTest\\Reports\\mobileWeb\\plan detail\\20190812_173746\\../Screenshots/iPhone X/Plan Detail/stm_advanthealth 2/20190812_174758/34.png, D:\\Test\\AgileTest\\AgileTest\\Reports\\mobileWeb\\plan detail\\20190812_173746\\../Screenshots/iPhone X/Plan Detail/stm_advanthealth 2/20190812_174758/35.png, D:\\Test\\AgileTest\\AgileTest\\Reports\\mobileWeb\\plan detail\\20190812_173746\\../Screenshots/iPhone X/Plan Detail/stm_advanthealth 2/20190812_174758/36.png, D:\\Test\\AgileTest\\AgileTest\\Reports\\mobileWeb\\plan detail\\20190812_173746\\../Screenshots/iPhone X/Plan Detail/stm_advanthealth 2/20190812_174758/37.png, D:\\Test\\AgileTest\\AgileTest\\Reports\\mobileWeb\\plan detail\\20190812_173746\\../Screenshots/iPhone X/Plan Detail/stm_advanthealth 2/20190812_174758/38.png, D:\\Test\\AgileTest\\AgileTest\\Reports\\mobileWeb\\plan detail\\20190812_173746\\../Screenshots/iPhone X/Plan Detail/stm_advanthealth 2/20190812_174758/39.png, D:\\Test\\AgileTest\\AgileTest\\Reports\\mobileWeb\\plan detail\\20190812_173746\\../Screenshots/iPhone X/Plan Detail/stm_advanthealth 2/20190812_174758/40.png, D:\\Test\\AgileTest\\AgileTest\\Reports\\mobileWeb\\plan detail\\20190812_173746\\../Screenshots/iPhone X/Plan Detail/stm_advanthealth 2/20190812_174758/41.png, D:\\Test\\AgileTest\\AgileTest\\Reports\\mobileWeb\\plan detail\\20190812_173746\\../Screenshots/iPhone X/Plan Detail/stm_advanthealth 2/20190812_174758/42.png, D:\\Test\\AgileTest\\AgileTest\\Reports\\mobileWeb\\plan detail\\20190812_173746\\../Screenshots/iPhone X/Plan Detail/stm_advanthealth 2/20190812_174758/43.png, D:\\Test\\AgileTest\\AgileTest\\Reports\\mobileWeb\\plan detail\\20190812_173746\\../Screenshots/iPhone X/Plan Detail/stm_advanthealth 3/20190812_175055/0.png, D:\\Test\\AgileTest\\AgileTest\\Reports\\mobileWeb\\plan detail\\20190812_173746\\../Screenshots/iPhone X/Plan Detail/stm_advanthealth 3/20190812_175055/1.png, D:\\Test\\AgileTest\\AgileTest\\Reports\\mobileWeb\\plan detail\\20190812_173746\\../Screenshots/iPhone X/Plan Detail/stm_advanthealth 3/20190812_175055/2.png, D:\\Test\\AgileTest\\AgileTest\\Reports\\mobileWeb\\plan detail\\20190812_173746\\../Screenshots/iPhone X/Plan Detail/stm_advanthealth 3/20190812_175055/3.png, D:\\Test\\AgileTest\\AgileTest\\Reports\\mobileWeb\\plan detail\\20190812_173746\\../Screenshots/iPhone X/Plan Detail/stm_advanthealth 3/20190812_175055/4.png, D:\\Test\\AgileTest\\AgileTest\\Reports\\mobileWeb\\plan detail\\20190812_173746\\../Screenshots/iPhone X/Plan Detail/stm_advanthealth 3/20190812_175055/5.png, D:\\Test\\AgileTest\\AgileTest\\Reports\\mobileWeb\\plan detail\\20190812_173746\\../Screenshots/iPhone X/Plan Detail/stm_advanthealth 3/20190812_175055/6.png, D:\\Test\\AgileTest\\AgileTest\\Reports\\mobileWeb\\plan detail\\20190812_173746\\../Screenshots/iPhone X/Plan Detail/stm_advanthealth 3/20190812_175055/7.png, D:\\Test\\AgileTest\\AgileTest\\Reports\\mobileWeb\\plan detail\\20190812_173746\\../Screenshots/iPhone X/Plan Detail/stm_advanthealth 3/20190812_175055/8.png, D:\\Test\\AgileTest\\AgileTest\\Reports\\mobileWeb\\plan detail\\20190812_173746\\../Screenshots/iPhone X/Plan Detail/stm_advanthealth 3/20190812_175055/9.png, D:\\Test\\AgileTest\\AgileTest\\Reports\\mobileWeb\\plan detail\\20190812_173746\\../Screenshots/iPhone X/Plan Detail/stm_advanthealth 3/20190812_175055/10.png, D:\\Test\\AgileTest\\AgileTest\\Reports\\mobileWeb\\plan detail\\20190812_173746\\../Screenshots/iPhone X/Plan Detail/stm_advanthealth 3/20190812_175055/11.png, D:\\Test\\AgileTest\\AgileTest\\Reports\\mobileWeb\\plan detail\\20190812_173746\\../Screenshots/iPhone X/Plan Detail/stm_advanthealth 3/20190812_175055/12.png, D:\\Test\\AgileTest\\AgileTest\\Reports\\mobileWeb\\plan detail\\20190812_173746\\../Screenshots/iPhone X/Plan Detail/stm_advanthealth 3/20190812_175055/13.png, D:\\Test\\AgileTest\\AgileTest\\Reports\\mobileWeb\\plan detail\\20190812_173746\\../Screenshots/iPhone X/Plan Detail/stm_advanthealth 3/20190812_175055/14.png, D:\\Test\\AgileTest\\AgileTest\\Reports\\mobileWeb\\plan detail\\20190812_173746\\../Screenshots/iPhone X/Plan Detail/stm_advanthealth 3/20190812_175055/15.png, D:\\Test\\AgileTest\\AgileTest\\Reports\\mobileWeb\\plan detail\\20190812_173746\\../Screenshots/iPhone X/Plan Detail/stm_advanthealth 3/20190812_175055/16.png, D:\\Test\\AgileTest\\AgileTest\\Reports\\mobileWeb\\plan detail\\20190812_173746\\../Screenshots/iPhone X/Plan Detail/stm_advanthealth 3/20190812_175055/17.png, D:\\Test\\AgileTest\\AgileTest\\Reports\\mobileWeb\\plan detail\\20190812_173746\\../Screenshots/iPhone X/Plan Detail/stm_advanthealth 3/20190812_175055/18.png, D:\\Test\\AgileTest\\AgileTest\\Reports\\mobileWeb\\plan detail\\20190812_173746\\../Screenshots/iPhone X/Plan Detail/stm_advanthealth 3/20190812_175055/19.png, D:\\Test\\AgileTest\\AgileTest\\Reports\\mobileWeb\\plan detail\\20190812_173746\\../Screenshots/iPhone X/Plan Detail/stm_advanthealth 3/20190812_175055/20.png, D:\\Test\\AgileTest\\AgileTest\\Reports\\mobileWeb\\plan detail\\20190812_173746\\../Screenshots/iPhone X/Plan Detail/stm_advanthealth 3/20190812_175055/21.png, D:\\Test\\AgileTest\\AgileTest\\Reports\\mobileWeb\\plan detail\\20190812_173746\\../Screenshots/iPhone X/Plan Detail/stm_advanthealth 3/20190812_175055/22.png, D:\\Test\\AgileTest\\AgileTest\\Reports\\mobileWeb\\plan detail\\20190812_173746\\../Screenshots/iPhone X/Plan Detail/stm_advanthealth 3/20190812_175055/23.png, D:\\Test\\AgileTest\\AgileTest\\Reports\\mobileWeb\\plan detail\\20190812_173746\\../Screenshots/iPhone X/Plan Detail/stm_advanthealth 3/20190812_175055/24.png, D:\\Test\\AgileTest\\AgileTest\\Reports\\mobileWeb\\plan detail\\20190812_173746\\../Screenshots/iPhone X/Plan Detail/stm_advanthealth 3/20190812_175055/25.png, D:\\Test\\AgileTest\\AgileTest\\Reports\\mobileWeb\\plan detail\\20190812_173746\\../Screenshots/iPhone X/Plan Detail/stm_advanthealth 3/20190812_175055/26.png, D:\\Test\\AgileTest\\AgileTest\\Reports\\mobileWeb\\plan detail\\20190812_173746\\../Screenshots/iPhone X/Plan Detail/stm_advanthealth 3/20190812_175055/27.png, D:\\Test\\AgileTest\\AgileTest\\Reports\\mobileWeb\\plan detail\\20190812_173746\\../Screenshots/iPhone X/Plan Detail/stm_advanthealth 3/20190812_175055/28.png, D:\\Test\\AgileTest\\AgileTest\\Reports\\mobileWeb\\plan detail\\20190812_173746\\../Screenshots/iPhone X/Plan Detail/stm_advanthealth 3/20190812_175055/29.png, D:\\Test\\AgileTest\\AgileTest\\Reports\\mobileWeb\\plan detail\\20190812_173746\\../Screenshots/iPhone X/Plan Detail/stm_advanthealth 3/20190812_175055/30.png, D:\\Test\\AgileTest\\AgileTest\\Reports\\mobileWeb\\plan detail\\20190812_173746\\../Screenshots/iPhone X/Plan Detail/stm_advanthealth 3/20190812_175055/31.png, D:\\Test\\AgileTest\\AgileTest\\Reports\\mobileWeb\\plan detail\\20190812_173746\\../Screenshots/iPhone X/Plan Detail/stm_advanthealth 3/20190812_175055/32.png, D:\\Test\\AgileTest\\AgileTest\\Reports\\mobileWeb\\plan detail\\20190812_173746\\../Screenshots/iPhone X/Plan Detail/stm_advanthealth 3/20190812_175055/33.png, D:\\Test\\AgileTest\\AgileTest\\Reports\\mobileWeb\\plan detail\\20190812_173746\\../Screenshots/iPhone X/Plan Detail/stm_advanthealth 3/20190812_175055/34.png, D:\\Test\\AgileTest\\AgileTest\\Reports\\mobileWeb\\plan detail\\20190812_173746\\../Screenshots/iPhone X/Plan Detail/stm_advanthealth 3/20190812_175055/35.png, D:\\Test\\AgileTest\\AgileTest\\Reports\\mobileWeb\\plan detail\\20190812_173746\\../Screenshots/iPhone X/Plan Detail/stm_advanthealth 3/20190812_175055/36.png, D:\\Test\\AgileTest\\AgileTest\\Reports\\mobileWeb\\plan detail\\20190812_173746\\../Screenshots/iPhone X/Plan Detail/stm_advanthealth 3/20190812_175055/37.png, D:\\Test\\AgileTest\\AgileTest\\Reports\\mobileWeb\\plan detail\\20190812_173746\\../Screenshots/iPhone X/Plan Detail/stm_advanthealth 3/20190812_175055/38.png, D:\\Test\\AgileTest\\AgileTest\\Reports\\mobileWeb\\plan detail\\20190812_173746\\../Screenshots/iPhone X/Plan Detail/stm_advanthealth 3/20190812_175055/39.png, D:\\Test\\AgileTest\\AgileTest\\Reports\\mobileWeb\\plan detail\\20190812_173746\\../Screenshots/iPhone X/Plan Detail/stm_advanthealth 3/20190812_175055/40.png, D:\\Test\\AgileTest\\AgileTest\\Reports\\mobileWeb\\plan detail\\20190812_173746\\../Screenshots/iPhone X/Plan Detail/stm_advanthealth 3/20190812_175055/41.png, D:\\Test\\AgileTest\\AgileTest\\Reports\\mobileWeb\\plan detail\\20190812_173746\\../Screenshots/iPhone X/Plan Detail/stm_advanthealth 3/20190812_175055/42.png, D:\\Test\\AgileTest\\AgileTest\\Reports\\mobileWeb\\plan detail\\20190812_173746\\../Screenshots/iPhone X/Plan Detail/stm_advanthealth 3/20190812_175055/43.png, D:\\Test\\AgileTest\\AgileTest\\Reports\\mobileWeb\\plan detail\\20190812_173746\\../Screenshots/iPhone X/Plan Detail/stm_aspen 3/20190812_175352/0.png, D:\\Test\\AgileTest\\AgileTest\\Reports\\mobileWeb\\plan detail\\20190812_173746\\../Screenshots/iPhone X/Plan Detail/stm_aspen 3/20190812_175352/1.png, D:\\Test\\AgileTest\\AgileTest\\Reports\\mobileWeb\\plan detail\\20190812_173746\\../Screenshots/iPhone X/Plan Detail/stm_aspen 3/20190812_175352/2.png, D:\\Test\\AgileTest\\AgileTest\\Reports\\mobileWeb\\plan detail\\20190812_173746\\../Screenshots/iPhone X/Plan Detail/stm_aspen 3/20190812_175352/3.png, D:\\Test\\AgileTest\\AgileTest\\Reports\\mobileWeb\\plan detail\\20190812_173746\\../Screenshots/iPhone X/Plan Detail/stm_aspen 3/20190812_175352/4.png, D:\\Test\\AgileTest\\AgileTest\\Reports\\mobileWeb\\plan detail\\20190812_173746\\../Screenshots/iPhone X/Plan Detail/stm_aspen 3/20190812_175352/5.png, D:\\Test\\AgileTest\\AgileTest\\Reports\\mobileWeb\\plan detail\\20190812_173746\\../Screenshots/iPhone X/Plan Detail/stm_aspen 3/20190812_175352/6.png, D:\\Test\\AgileTest\\AgileTest\\Reports\\mobileWeb\\plan detail\\20190812_173746\\../Screenshots/iPhone X/Plan Detail/stm_aspen 3/20190812_175352/7.png, D:\\Test\\AgileTest\\AgileTest\\Reports\\mobileWeb\\plan detail\\20190812_173746\\../Screenshots/iPhone X/Plan Detail/stm_aspen 3/20190812_175352/8.png, D:\\Test\\AgileTest\\AgileTest\\Reports\\mobileWeb\\plan detail\\20190812_173746\\../Screenshots/iPhone X/Plan Detail/stm_aspen 3/20190812_175352/9.png, D:\\Test\\AgileTest\\AgileTest\\Reports\\mobileWeb\\plan detail\\20190812_173746\\../Screenshots/iPhone X/Plan Detail/stm_aspen 3/20190812_175352/10.png, D:\\Test\\AgileTest\\AgileTest\\Reports\\mobileWeb\\plan detail\\20190812_173746\\../Screenshots/iPhone X/Plan Detail/stm_aspen 3/20190812_175352/11.png, D:\\Test\\AgileTest\\AgileTest\\Reports\\mobileWeb\\plan detail\\20190812_173746\\../Screenshots/iPhone X/Plan Detail/stm_aspen 3/20190812_175352/12.png, D:\\Test\\AgileTest\\AgileTest\\Reports\\mobileWeb\\plan detail\\20190812_173746\\../Screenshots/iPhone X/Plan Detail/stm_aspen 3/20190812_175352/13.png, D:\\Test\\AgileTest\\AgileTest\\Reports\\mobileWeb\\plan detail\\20190812_173746\\../Screenshots/iPhone X/Plan Detail/stm_aspen 3/20190812_175352/14.png, D:\\Test\\AgileTest\\AgileTest\\Reports\\mobileWeb\\plan detail\\20190812_173746\\../Screenshots/iPhone X/Plan Detail/stm_aspen 3/20190812_175352/15.png, D:\\Test\\AgileTest\\AgileTest\\Reports\\mobileWeb\\plan detail\\20190812_173746\\../Screenshots/iPhone X/Plan Detail/stm_aspen 3/20190812_175352/16.png, D:\\Test\\AgileTest\\AgileTest\\Reports\\mobileWeb\\plan detail\\20190812_173746\\../Screenshots/iPhone X/Plan Detail/stm_aspen 3/20190812_175352/17.png, D:\\Test\\AgileTest\\AgileTest\\Reports\\mobileWeb\\plan detail\\20190812_173746\\../Screenshots/iPhone X/Plan Detail/stm_aspen 3/20190812_175352/18.png, D:\\Test\\AgileTest\\AgileTest\\Reports\\mobileWeb\\plan detail\\20190812_173746\\../Screenshots/iPhone X/Plan Detail/stm_aspen 3/20190812_175352/19.png, D:\\Test\\AgileTest\\AgileTest\\Reports\\mobileWeb\\plan detail\\20190812_173746\\../Screenshots/iPhone X/Plan Detail/stm_aspen 3/20190812_175352/20.png, D:\\Test\\AgileTest\\AgileTest\\Reports\\mobileWeb\\plan detail\\20190812_173746\\../Screenshots/iPhone X/Plan Detail/stm_aspen 3/20190812_175352/21.png, D:\\Test\\AgileTest\\AgileTest\\Reports\\mobileWeb\\plan detail\\20190812_173746\\../Screenshots/iPhone X/Plan Detail/stm_aspen 3/20190812_175352/22.png, D:\\Test\\AgileTest\\AgileTest\\Reports\\mobileWeb\\plan detail\\20190812_173746\\../Screenshots/iPhone X/Plan Detail/stm_aspen 3/20190812_175352/23.png, D:\\Test\\AgileTest\\AgileTest\\Reports\\mobileWeb\\plan detail\\20190812_173746\\../Screenshots/iPhone X/Plan Detail/stm_aspen 3/20190812_175352/24.png, D:\\Test\\AgileTest\\AgileTest\\Reports\\mobileWeb\\plan detail\\20190812_173746\\../Screenshots/iPhone X/Plan Detail/stm_aspen 3/20190812_175352/25.png, D:\\Test\\AgileTest\\AgileTest\\Reports\\mobileWeb\\plan detail\\20190812_173746\\../Screenshots/iPhone X/Plan Detail/stm_aspen 3/20190812_175352/26.png, D:\\Test\\AgileTest\\AgileTest\\Reports\\mobileWeb\\plan detail\\20190812_173746\\../Screenshots/iPhone X/Plan Detail/stm_aspen 3/20190812_175352/27.png, D:\\Test\\AgileTest\\AgileTest\\Reports\\mobileWeb\\plan detail\\20190812_173746\\../Screenshots/iPhone X/Plan Detail/stm_aspen 3/20190812_175352/28.png, D:\\Test\\AgileTest\\AgileTest\\Reports\\mobileWeb\\plan detail\\20190812_173746\\../Screenshots/iPhone X/Plan Detail/stm_aspen 3/20190812_175352/29.png, D:\\Test\\AgileTest\\AgileTest\\Reports\\mobileWeb\\plan detail\\20190812_173746\\../Screenshots/iPhone X/Plan Detail/stm_aspen 3/20190812_175352/30.png, D:\\Test\\AgileTest\\AgileTest\\Reports\\mobileWeb\\plan detail\\20190812_173746\\../Screenshots/iPhone X/Plan Detail/stm_aspen 3/20190812_175352/31.png, D:\\Test\\AgileTest\\AgileTest\\Reports\\mobileWeb\\plan detail\\20190812_173746\\../Screenshots/iPhone X/Plan Detail/stm_aspen 3/20190812_175352/32.png, D:\\Test\\AgileTest\\AgileTest\\Reports\\mobileWeb\\plan detail\\20190812_173746\\../Screenshots/iPhone X/Plan Detail/stm_aspen 3/20190812_175352/33.png, D:\\Test\\AgileTest\\AgileTest\\Reports\\mobileWeb\\plan detail\\20190812_173746\\../Screenshots/iPhone X/Plan Detail/stm_aspen 3/20190812_175352/34.png, D:\\Test\\AgileTest\\AgileTest\\Reports\\mobileWeb\\plan detail\\20190812_173746\\../Screenshots/iPhone X/Plan Detail/stm_aspen 3/20190812_175352/35.png, D:\\Test\\AgileTest\\AgileTest\\Reports\\mobileWeb\\plan detail\\20190812_173746\\../Screenshots/iPhone X/Plan Detail/stm_aspen 3/20190812_175352/36.png, D:\\Test\\AgileTest\\AgileTest\\Reports\\mobileWeb\\plan detail\\20190812_173746\\../Screenshots/iPhone X/Plan Detail/stm_aspen 3/20190812_175352/37.png, D:\\Test\\AgileTest\\AgileTest\\Reports\\mobileWeb\\plan detail\\20190812_173746\\../Screenshots/iPhone X/Plan Detail/stm_aspen 3/20190812_175352/38.png, D:\\Test\\AgileTest\\AgileTest\\Reports\\mobileWeb\\plan detail\\20190812_173746\\../Screenshots/iPhone X/Plan Detail/stm_aspen 3/20190812_175352/39.png, D:\\Test\\AgileTest\\AgileTest\\Reports\\mobileWeb\\plan detail\\20190812_173746\\../Screenshots/iPhone X/Plan Detail/stm_aspen 3/20190812_175352/40.png, D:\\Test\\AgileTest\\AgileTest\\Reports\\mobileWeb\\plan detail\\20190812_173746\\../Screenshots/iPhone X/Plan Detail/stm_aspen 3/20190812_175352/41.png, D:\\Test\\AgileTest\\AgileTest\\Reports\\mobileWeb\\plan detail\\20190812_173746\\../Screenshots/iPhone X/Plan Detail/stm_aspen 3/20190812_175352/42.png, D:\\Test\\AgileTest\\AgileTest\\Reports\\mobileWeb\\plan detail\\20190812_173746\\../Screenshots/iPhone X/Plan Detail/stm_aspen 3/20190812_175352/43.png, D:\\Test\\AgileTest\\AgileTest\\Reports\\mobileWeb\\plan detail\\20190812_173746\\../Screenshots/iPhone X/Plan Detail/stm_aspen 3/20190812_175352/44.png, D:\\Test\\AgileTest\\AgileTest\\Reports\\mobileWeb\\plan detail\\20190812_173746\\../Screenshots/iPhone X/Plan Detail/stm_aspen 3/20190812_175352/45.png, D:\\Test\\AgileTest\\AgileTest\\Reports\\mobileWeb\\plan detail\\20190812_173746\\../Screenshots/iPhone X/Plan Detail/stm_aspen 3/20190812_175352/46.png, D:\\Test\\AgileTest\\AgileTest\\Reports\\mobileWeb\\plan detail\\20190812_173746\\../Screenshots/iPhone X/Plan Detail/stm_aspen 3/20190812_175352/47.png, D:\\Test\\AgileTest\\AgileTest\\Reports\\mobileWeb\\plan detail\\20190812_173746\\../Screenshots/iPhone X/Plan Detail/stm_aspen 3/20190812_175352/48.png, D:\\Test\\AgileTest\\AgileTest\\Reports\\mobileWeb\\plan detail\\20190812_173746\\../Screenshots/iPhone X/Plan Detail/stm_aspen 3/20190812_175352/49.png, D:\\Test\\AgileTest\\AgileTest\\Reports\\mobileWeb\\plan detail\\20190812_173746\\../Screenshots/iPhone X/Plan Detail/stm_aspen 3/20190812_175352/50.png, D:\\Test\\AgileTest\\AgileTest\\Reports\\mobileWeb\\plan detail\\20190812_173746\\../Screenshots/iPhone X/Plan Detail/stm_aspen 3/20190812_175352/51.png, D:\\Test\\AgileTest\\AgileTest\\Reports\\mobileWeb\\plan detail\\20190812_173746\\../Screenshots/iPhone X/Plan Detail/stm_everest prime/20190812_175719/0.png, D:\\Test\\AgileTest\\AgileTest\\Reports\\mobileWeb\\plan detail\\20190812_173746\\../Screenshots/iPhone X/Plan Detail/stm_everest prime/20190812_175719/1.png, D:\\Test\\AgileTest\\AgileTest\\Reports\\mobileWeb\\plan detail\\20190812_173746\\../Screenshots/iPhone X/Plan Detail/stm_everest prime/20190812_175719/2.png, D:\\Test\\AgileTest\\AgileTest\\Reports\\mobileWeb\\plan detail\\20190812_173746\\../Screenshots/iPhone X/Plan Detail/stm_everest prime/20190812_175719/3.png, D:\\Test\\AgileTest\\AgileTest\\Reports\\mobileWeb\\plan detail\\20190812_173746\\../Screenshots/iPhone X/Plan Detail/stm_everest prime/20190812_175719/4.png, D:\\Test\\AgileTest\\AgileTest\\Reports\\mobileWeb\\plan detail\\20190812_173746\\../Screenshots/iPhone X/Plan Detail/stm_everest prime/20190812_175719/5.png, D:\\Test\\AgileTest\\AgileTest\\Reports\\mobileWeb\\plan detail\\20190812_173746\\../Screenshots/iPhone X/Plan Detail/stm_everest prime/20190812_175719/6.png, D:\\Test\\AgileTest\\AgileTest\\Reports\\mobileWeb\\plan detail\\20190812_173746\\../Screenshots/iPhone X/Plan Detail/stm_everest prime/20190812_175719/7.png, D:\\Test\\AgileTest\\AgileTest\\Reports\\mobileWeb\\plan detail\\20190812_173746\\../Screenshots/iPhone X/Plan Detail/stm_everest prime/20190812_175719/8.png, D:\\Test\\AgileTest\\AgileTest\\Reports\\mobileWeb\\plan detail\\20190812_173746\\../Screenshots/iPhone X/Plan Detail/stm_everest prime/20190812_175719/9.png, D:\\Test\\AgileTest\\AgileTest\\Reports\\mobileWeb\\plan detail\\20190812_173746\\../Screenshots/iPhone X/Plan Detail/stm_everest prime/20190812_175719/10.png, D:\\Test\\AgileTest\\AgileTest\\Reports\\mobileWeb\\plan detail\\20190812_173746\\../Screenshots/iPhone X/Plan Detail/stm_everest prime/20190812_175719/11.png, D:\\Test\\AgileTest\\AgileTest\\Reports\\mobileWeb\\plan detail\\20190812_173746\\../Screenshots/iPhone X/Plan Detail/stm_everest prime/20190812_175719/12.png, D:\\Test\\AgileTest\\AgileTest\\Reports\\mobileWeb\\plan detail\\20190812_173746\\../Screenshots/iPhone X/Plan Detail/stm_everest prime/20190812_175719/13.png, D:\\Test\\AgileTest\\AgileTest\\Reports\\mobileWeb\\plan detail\\20190812_173746\\../Screenshots/iPhone X/Plan Detail/stm_everest prime/20190812_175719/14.png, D:\\Test\\AgileTest\\AgileTest\\Reports\\mobileWeb\\plan detail\\20190812_173746\\../Screenshots/iPhone X/Plan Detail/stm_everest prime/20190812_175719/15.png, D:\\Test\\AgileTest\\AgileTest\\Reports\\mobileWeb\\plan detail\\20190812_173746\\../Screenshots/iPhone X/Plan Detail/stm_everest prime/20190812_175719/16.png, D:\\Test\\AgileTest\\AgileTest\\Reports\\mobileWeb\\plan detail\\20190812_173746\\../Screenshots/iPhone X/Plan Detail/stm_everest prime/20190812_175719/17.png, D:\\Test\\AgileTest\\AgileTest\\Reports\\mobileWeb\\plan detail\\20190812_173746\\../Screenshots/iPhone X/Plan Detail/stm_everest prime/20190812_175719/18.png, D:\\Test\\AgileTest\\AgileTest\\Reports\\mobileWeb\\plan detail\\20190812_173746\\../Screenshots/iPhone X/Plan Detail/stm_everest prime/20190812_175719/19.png, D:\\Test\\AgileTest\\AgileTest\\Reports\\mobileWeb\\plan detail\\20190812_173746\\../Screenshots/iPhone X/Plan Detail/stm_everest prime/20190812_175719/20.png, D:\\Test\\AgileTest\\AgileTest\\Reports\\mobileWeb\\plan detail\\20190812_173746\\../Screenshots/iPhone X/Plan Detail/stm_everest prime/20190812_175719/21.png, D:\\Test\\AgileTest\\AgileTest\\Reports\\mobileWeb\\plan detail\\20190812_173746\\../Screenshots/iPhone X/Plan Detail/stm_everest prime/20190812_175719/22.png, D:\\Test\\AgileTest\\AgileTest\\Reports\\mobileWeb\\plan detail\\20190812_173746\\../Screenshots/iPhone X/Plan Detail/stm_everest prime/20190812_175719/23.png, D:\\Test\\AgileTest\\AgileTest\\Reports\\mobileWeb\\plan detail\\20190812_173746\\../Screenshots/iPhone X/Plan Detail/stm_everest prime/20190812_175719/24.png, D:\\Test\\AgileTest\\AgileTest\\Reports\\mobileWeb\\plan detail\\20190812_173746\\../Screenshots/iPhone X/Plan Detail/stm_everest prime/20190812_175719/25.png, D:\\Test\\AgileTest\\AgileTest\\Reports\\mobileWeb\\plan detail\\20190812_173746\\../Screenshots/iPhone X/Plan Detail/stm_everest prime/20190812_175719/26.png, D:\\Test\\AgileTest\\AgileTest\\Reports\\mobileWeb\\plan detail\\20190812_173746\\../Screenshots/iPhone X/Plan Detail/stm_everest prime/20190812_175719/27.png, D:\\Test\\AgileTest\\AgileTest\\Reports\\mobileWeb\\plan detail\\20190812_173746\\../Screenshots/iPhone X/Plan Detail/stm_everest prime/20190812_175719/28.png, D:\\Test\\AgileTest\\AgileTest\\Reports\\mobileWeb\\plan detail\\20190812_173746\\../Screenshots/iPhone X/Plan Detail/stm_everest prime/20190812_175719/29.png, D:\\Test\\AgileTest\\AgileTest\\Reports\\mobileWeb\\plan detail\\20190812_173746\\../Screenshots/iPhone X/Plan Detail/stm_everest prime/20190812_175719/30.png, D:\\Test\\AgileTest\\AgileTest\\Reports\\mobileWeb\\plan detail\\20190812_173746\\../Screenshots/iPhone X/Plan Detail/stm_everest prime/20190812_175719/31.png, D:\\Test\\AgileTest\\AgileTest\\Reports\\mobileWeb\\plan detail\\20190812_173746\\../Screenshots/iPhone X/Plan Detail/stm_everest prime/20190812_175719/32.png, D:\\Test\\AgileTest\\AgileTest\\Reports\\mobileWeb\\plan detail\\20190812_173746\\../Screenshots/iPhone X/Plan Detail/stm_everest prime/20190812_175719/33.png, D:\\Test\\AgileTest\\AgileTest\\Reports\\mobileWeb\\plan detail\\20190812_173746\\../Screenshots/iPhone X/Plan Detail/stm_everest prime/20190812_175719/34.png, D:\\Test\\AgileTest\\AgileTest\\Reports\\mobileWeb\\plan detail\\20190812_173746\\../Screenshots/iPhone X/Plan Detail/stm_everest prime/20190812_175719/35.png, D:\\Test\\AgileTest\\AgileTest\\Reports\\mobileWeb\\plan detail\\20190812_173746\\../Screenshots/iPhone X/Plan Detail/stm_everest prime/20190812_175719/36.png, D:\\Test\\AgileTest\\AgileTest\\Reports\\mobileWeb\\plan detail\\20190812_173746\\../Screenshots/iPhone X/Plan Detail/stm_everest prime/20190812_175719/37.png, D:\\Test\\AgileTest\\AgileTest\\Reports\\mobileWeb\\plan detail\\20190812_173746\\../Screenshots/iPhone X/Plan Detail/stm_everest prime/20190812_175719/38.png, D:\\Test\\AgileTest\\AgileTest\\Reports\\mobileWeb\\plan detail\\20190812_173746\\../Screenshots/iPhone X/Plan Detail/stm_everest prime/20190812_175719/39.png, D:\\Test\\AgileTest\\AgileTest\\Reports\\mobileWeb\\plan detail\\20190812_173746\\../Screenshots/iPhone X/Plan Detail/stm_everest prime/20190812_175719/40.png, D:\\Test\\AgileTest\\AgileTest\\Reports\\mobileWeb\\plan detail\\20190812_173746\\../Screenshots/iPhone X/Plan Detail/stm_everest prime/20190812_175719/41.png, D:\\Test\\AgileTest\\AgileTest\\Reports\\mobileWeb\\plan detail\\20190812_173746\\../Screenshots/iPhone X/Plan Detail/stm_everest prime/20190812_175719/42.png, D:\\Test\\AgileTest\\AgileTest\\Reports\\mobileWeb\\plan detail\\20190812_173746\\../Screenshots/iPhone X/Plan Detail/stm_everest prime/20190812_175719/43.png, D:\\Test\\AgileTest\\AgileTest\\Reports\\mobileWeb\\plan detail\\20190812_173746\\../Screenshots/iPhone X/Plan Detail/stm_everest prime/20190812_175719/44.png, D:\\Test\\AgileTest\\AgileTest\\Reports\\mobileWeb\\plan detail\\20190812_173746\\../Screenshots/iPhone X/Plan Detail/stm_everest prime/20190812_175719/45.png, D:\\Test\\AgileTest\\AgileTest\\Reports\\mobileWeb\\plan detail\\20190812_173746\\../Screenshots/iPhone X/Plan Detail/stm_everest/20190812_180023/0.png, D:\\Test\\AgileTest\\AgileTest\\Reports\\mobileWeb\\plan detail\\20190812_173746\\../Screenshots/iPhone X/Plan Detail/stm_everest/20190812_180023/1.png, D:\\Test\\AgileTest\\AgileTest\\Reports\\mobileWeb\\plan detail\\20190812_173746\\../Screenshots/iPhone X/Plan Detail/stm_everest/20190812_180023/2.png, D:\\Test\\AgileTest\\AgileTest\\Reports\\mobileWeb\\plan detail\\20190812_173746\\../Screenshots/iPhone X/Plan Detail/stm_everest/20190812_180023/3.png, D:\\Test\\AgileTest\\AgileTest\\Reports\\mobileWeb\\plan detail\\20190812_173746\\../Screenshots/iPhone X/Plan Detail/stm_everest/20190812_180023/4.png, D:\\Test\\AgileTest\\AgileTest\\Reports\\mobileWeb\\plan detail\\20190812_173746\\../Screenshots/iPhone X/Plan Detail/stm_everest/20190812_180023/5.png, D:\\Test\\AgileTest\\AgileTest\\Reports\\mobileWeb\\plan detail\\20190812_173746\\../Screenshots/iPhone X/Plan Detail/stm_everest/20190812_180023/6.png, D:\\Test\\AgileTest\\AgileTest\\Reports\\mobileWeb\\plan detail\\20190812_173746\\../Screenshots/iPhone X/Plan Detail/stm_everest/20190812_180023/7.png, D:\\Test\\AgileTest\\AgileTest\\Reports\\mobileWeb\\plan detail\\20190812_173746\\../Screenshots/iPhone X/Plan Detail/stm_everest/20190812_180023/8.png, D:\\Test\\AgileTest\\AgileTest\\Reports\\mobileWeb\\plan detail\\20190812_173746\\../Screenshots/iPhone X/Plan Detail/stm_everest/20190812_180023/9.png, D:\\Test\\AgileTest\\AgileTest\\Reports\\mobileWeb\\plan detail\\20190812_173746\\../Screenshots/iPhone X/Plan Detail/stm_everest/20190812_180023/10.png, D:\\Test\\AgileTest\\AgileTest\\Reports\\mobileWeb\\plan detail\\20190812_173746\\../Screenshots/iPhone X/Plan Detail/stm_everest/20190812_180023/11.png, D:\\Test\\AgileTest\\AgileTest\\Reports\\mobileWeb\\plan detail\\20190812_173746\\../Screenshots/iPhone X/Plan Detail/stm_everest/20190812_180023/12.png, D:\\Test\\AgileTest\\AgileTest\\Reports\\mobileWeb\\plan detail\\20190812_173746\\../Screenshots/iPhone X/Plan Detail/stm_everest/20190812_180023/13.png, D:\\Test\\AgileTest\\AgileTest\\Reports\\mobileWeb\\plan detail\\20190812_173746\\../Screenshots/iPhone X/Plan Detail/stm_everest/20190812_180023/14.png, D:\\Test\\AgileTest\\AgileTest\\Reports\\mobileWeb\\plan detail\\20190812_173746\\../Screenshots/iPhone X/Plan Detail/stm_everest/20190812_180023/15.png, D:\\Test\\AgileTest\\AgileTest\\Reports\\mobileWeb\\plan detail\\20190812_173746\\../Screenshots/iPhone X/Plan Detail/stm_everest/20190812_180023/16.png, D:\\Test\\AgileTest\\AgileTest\\Reports\\mobileWeb\\plan detail\\20190812_173746\\../Screenshots/iPhone X/Plan Detail/stm_everest/20190812_180023/17.png, D:\\Test\\AgileTest\\AgileTest\\Reports\\mobileWeb\\plan detail\\20190812_173746\\../Screenshots/iPhone X/Plan Detail/stm_everest/20190812_180023/18.png, D:\\Test\\AgileTest\\AgileTest\\Reports\\mobileWeb\\plan detail\\20190812_173746\\../Screenshots/iPhone X/Plan Detail/stm_everest/20190812_180023/19.png, D:\\Test\\AgileTest\\AgileTest\\Reports\\mobileWeb\\plan detail\\20190812_173746\\../Screenshots/iPhone X/Plan Detail/stm_everest/20190812_180023/20.png, D:\\Test\\AgileTest\\AgileTest\\Reports\\mobileWeb\\plan detail\\20190812_173746\\../Screenshots/iPhone X/Plan Detail/stm_everest/20190812_180023/21.png, D:\\Test\\AgileTest\\AgileTest\\Reports\\mobileWeb\\plan detail\\20190812_173746\\../Screenshots/iPhone X/Plan Detail/stm_everest/20190812_180023/22.png, D:\\Test\\AgileTest\\AgileTest\\Reports\\mobileWeb\\plan detail\\20190812_173746\\../Screenshots/iPhone X/Plan Detail/stm_everest/20190812_180023/23.png, D:\\Test\\AgileTest\\AgileTest\\Reports\\mobileWeb\\plan detail\\20190812_173746\\../Screenshots/iPhone X/Plan Detail/stm_everest/20190812_180023/24.png, D:\\Test\\AgileTest\\AgileTest\\Reports\\mobileWeb\\plan detail\\20190812_173746\\../Screenshots/iPhone X/Plan Detail/stm_everest/20190812_180023/25.png, D:\\Test\\AgileTest\\AgileTest\\Reports\\mobileWeb\\plan detail\\20190812_173746\\../Screenshots/iPhone X/Plan Detail/stm_everest/20190812_180023/26.png, D:\\Test\\AgileTest\\AgileTest\\Reports\\mobileWeb\\plan detail\\20190812_173746\\../Screenshots/iPhone X/Plan Detail/stm_everest/20190812_180023/27.png, D:\\Test\\AgileTest\\AgileTest\\Reports\\mobileWeb\\plan detail\\20190812_173746\\../Screenshots/iPhone X/Plan Detail/stm_everest/20190812_180023/28.png, D:\\Test\\AgileTest\\AgileTest\\Reports\\mobileWeb\\plan detail\\20190812_173746\\../Screenshots/iPhone X/Plan Detail/stm_everest/20190812_180023/29.png, D:\\Test\\AgileTest\\AgileTest\\Reports\\mobileWeb\\plan detail\\20190812_173746\\../Screenshots/iPhone X/Plan Detail/stm_everest/20190812_180023/30.png, D:\\Test\\AgileTest\\AgileTest\\Reports\\mobileWeb\\plan detail\\20190812_173746\\../Screenshots/iPhone X/Plan Detail/stm_everest/20190812_180023/31.png, D:\\Test\\AgileTest\\AgileTest\\Reports\\mobileWeb\\plan detail\\20190812_173746\\../Screenshots/iPhone X/Plan Detail/stm_everest/20190812_180023/32.png, D:\\Test\\AgileTest\\AgileTest\\Reports\\mobileWeb\\plan detail\\20190812_173746\\../Screenshots/iPhone X/Plan Detail/stm_everest/20190812_180023/33.png, D:\\Test\\AgileTest\\AgileTest\\Reports\\mobileWeb\\plan detail\\20190812_173746\\../Screenshots/iPhone X/Plan Detail/stm_everest/20190812_180023/34.png, D:\\Test\\AgileTest\\AgileTest\\Reports\\mobileWeb\\plan detail\\20190812_173746\\../Screenshots/iPhone X/Plan Detail/stm_everest/20190812_180023/35.png, D:\\Test\\AgileTest\\AgileTest\\Reports\\mobileWeb\\plan detail\\20190812_173746\\../Screenshots/iPhone X/Plan Detail/stm_everest/20190812_180023/36.png, D:\\Test\\AgileTest\\AgileTest\\Reports\\mobileWeb\\plan detail\\20190812_173746\\../Screenshots/iPhone X/Plan Detail/stm_everest/20190812_180023/37.png, D:\\Test\\AgileTest\\AgileTest\\Reports\\mobileWeb\\plan detail\\20190812_173746\\../Screenshots/iPhone X/Plan Detail/stm_everest/20190812_180023/38.png, D:\\Test\\AgileTest\\AgileTest\\Reports\\mobileWeb\\plan detail\\20190812_173746\\../Screenshots/iPhone X/Plan Detail/stm_everest/20190812_180023/39.png, D:\\Test\\AgileTest\\AgileTest\\Reports\\mobileWeb\\plan detail\\20190812_173746\\../Screenshots/iPhone X/Plan Detail/stm_everest/20190812_180023/40.png, D:\\Test\\AgileTest\\AgileTest\\Reports\\mobileWeb\\plan detail\\20190812_173746\\../Screenshots/iPhone X/Plan Detail/stm_everest/20190812_180023/41.png, D:\\Test\\AgileTest\\AgileTest\\Reports\\mobileWeb\\plan detail\\20190812_173746\\../Screenshots/iPhone X/Plan Detail/stm_everest/20190812_180023/42.png, D:\\Test\\AgileTest\\AgileTest\\Reports\\mobileWeb\\plan detail\\20190812_173746\\../Screenshots/iPhone X/Plan Detail/stm_everest/20190812_180023/43.png, D:\\Test\\AgileTest\\AgileTest\\Reports\\mobileWeb\\plan detail\\20190812_173746\\../Screenshots/iPhone X/Plan Detail/stm_everest/20190812_180023/44.png, D:\\Test\\AgileTest\\AgileTest\\Reports\\mobileWeb\\plan detail\\20190812_173746\\../Screenshots/iPhone X/Plan Detail/stm_everest/20190812_180023/45.png, D:\\Test\\AgileTest\\AgileTest\\Reports\\mobileWeb\\plan detail\\20190812_173746\\../Screenshots/iPhone X/Plan Detail/stm_everest/20190812_180023/46.png, D:\\Test\\AgileTest\\AgileTest\\Reports\\mobileWeb\\plan detail\\20190812_173746\\../Screenshots/iPhone X/Plan Detail/stm_lifeshield advantage/20190812_180332/0.png, D:\\Test\\AgileTest\\AgileTest\\Reports\\mobileWeb\\plan detail\\20190812_173746\\../Screenshots/iPhone X/Plan Detail/stm_lifeshield advantage/20190812_180332/1.png, D:\\Test\\AgileTest\\AgileTest\\Reports\\mobileWeb\\plan detail\\20190812_173746\\../Screenshots/iPhone X/Plan Detail/stm_lifeshield advantage/20190812_180332/2.png, D:\\Test\\AgileTest\\AgileTest\\Reports\\mobileWeb\\plan detail\\20190812_173746\\../Screenshots/iPhone X/Plan Detail/stm_lifeshield advantage/20190812_180332/3.png, D:\\Test\\AgileTest\\AgileTest\\Reports\\mobileWeb\\plan detail\\20190812_173746\\../Screenshots/iPhone X/Plan Detail/stm_lifeshield advantage/20190812_180332/4.png, D:\\Test\\AgileTest\\AgileTest\\Reports\\mobileWeb\\plan detail\\20190812_173746\\../Screenshots/iPhone X/Plan Detail/stm_lifeshield advantage/20190812_180332/5.png, D:\\Test\\AgileTest\\AgileTest\\Reports\\mobileWeb\\plan detail\\20190812_173746\\../Screenshots/iPhone X/Plan Detail/stm_lifeshield advantage/20190812_180332/6.png, D:\\Test\\AgileTest\\AgileTest\\Reports\\mobileWeb\\plan detail\\20190812_173746\\../Screenshots/iPhone X/Plan Detail/stm_lifeshield advantage/20190812_180332/7.png, D:\\Test\\AgileTest\\AgileTest\\Reports\\mobileWeb\\plan detail\\20190812_173746\\../Screenshots/iPhone X/Plan Detail/stm_lifeshield advantage/20190812_180332/8.png, D:\\Test\\AgileTest\\AgileTest\\Reports\\mobileWeb\\plan detail\\20190812_173746\\../Screenshots/iPhone X/Plan Detail/stm_lifeshield advantage/20190812_180332/9.png, D:\\Test\\AgileTest\\AgileTest\\Reports\\mobileWeb\\plan detail\\20190812_173746\\../Screenshots/iPhone X/Plan Detail/stm_lifeshield advantage/20190812_180332/10.png, D:\\Test\\AgileTest\\AgileTest\\Reports\\mobileWeb\\plan detail\\20190812_173746\\../Screenshots/iPhone X/Plan Detail/stm_lifeshield advantage/20190812_180332/11.png, D:\\Test\\AgileTest\\AgileTest\\Reports\\mobileWeb\\plan detail\\20190812_173746\\../Screenshots/iPhone X/Plan Detail/stm_lifeshield advantage/20190812_180332/12.png, D:\\Test\\AgileTest\\AgileTest\\Reports\\mobileWeb\\plan detail\\20190812_173746\\../Screenshots/iPhone X/Plan Detail/stm_lifeshield advantage/20190812_180332/13.png, D:\\Test\\AgileTest\\AgileTest\\Reports\\mobileWeb\\plan detail\\20190812_173746\\../Screenshots/iPhone X/Plan Detail/stm_lifeshield advantage/20190812_180332/14.png, D:\\Test\\AgileTest\\AgileTest\\Reports\\mobileWeb\\plan detail\\20190812_173746\\../Screenshots/iPhone X/Plan Detail/stm_lifeshield advantage/20190812_180332/15.png, D:\\Test\\AgileTest\\AgileTest\\Reports\\mobileWeb\\plan detail\\20190812_173746\\../Screenshots/iPhone X/Plan Detail/stm_lifeshield advantage/20190812_180332/16.png, D:\\Test\\AgileTest\\AgileTest\\Reports\\mobileWeb\\plan detail\\20190812_173746\\../Screenshots/iPhone X/Plan Detail/stm_lifeshield advantage/20190812_180332/17.png, D:\\Test\\AgileTest\\AgileTest\\Reports\\mobileWeb\\plan detail\\20190812_173746\\../Screenshots/iPhone X/Plan Detail/stm_lifeshield advantage/20190812_180332/18.png, D:\\Test\\AgileTest\\AgileTest\\Reports\\mobileWeb\\plan detail\\20190812_173746\\../Screenshots/iPhone X/Plan Detail/stm_lifeshield advantage/20190812_180332/19.png, D:\\Test\\AgileTest\\AgileTest\\Reports\\mobileWeb\\plan detail\\20190812_173746\\../Screenshots/iPhone X/Plan Detail/stm_lifeshield advantage/20190812_180332/20.png, D:\\Test\\AgileTest\\AgileTest\\Reports\\mobileWeb\\plan detail\\20190812_173746\\../Screenshots/iPhone X/Plan Detail/stm_lifeshield advantage/20190812_180332/21.png, D:\\Test\\AgileTest\\AgileTest\\Reports\\mobileWeb\\plan detail\\20190812_173746\\../Screenshots/iPhone X/Plan Detail/stm_lifeshield advantage/20190812_180332/22.png, D:\\Test\\AgileTest\\AgileTest\\Reports\\mobileWeb\\plan detail\\20190812_173746\\../Screenshots/iPhone X/Plan Detail/stm_lifeshield advantage/20190812_180332/23.png, D:\\Test\\AgileTest\\AgileTest\\Reports\\mobileWeb\\plan detail\\20190812_173746\\../Screenshots/iPhone X/Plan Detail/stm_lifeshield advantage/20190812_180332/24.png, D:\\Test\\AgileTest\\AgileTest\\Reports\\mobileWeb\\plan detail\\20190812_173746\\../Screenshots/iPhone X/Plan Detail/stm_lifeshield advantage/20190812_180332/25.png, D:\\Test\\AgileTest\\AgileTest\\Reports\\mobileWeb\\plan detail\\20190812_173746\\../Screenshots/iPhone X/Plan Detail/stm_lifeshield advantage/20190812_180332/26.png, D:\\Test\\AgileTest\\AgileTest\\Reports\\mobileWeb\\plan detail\\20190812_173746\\../Screenshots/iPhone X/Plan Detail/stm_lifeshield advantage/20190812_180332/27.png, D:\\Test\\AgileTest\\AgileTest\\Reports\\mobileWeb\\plan detail\\20190812_173746\\../Screenshots/iPhone X/Plan Detail/stm_lifeshield advantage/20190812_180332/28.png, D:\\Test\\AgileTest\\AgileTest\\Reports\\mobileWeb\\plan detail\\20190812_173746\\../Screenshots/iPhone X/Plan Detail/stm_lifeshield advantage/20190812_180332/29.png, D:\\Test\\AgileTest\\AgileTest\\Reports\\mobileWeb\\plan detail\\20190812_173746\\../Screenshots/iPhone X/Plan Detail/stm_lifeshield advantage/20190812_180332/30.png, D:\\Test\\AgileTest\\AgileTest\\Reports\\mobileWeb\\plan detail\\20190812_173746\\../Screenshots/iPhone X/Plan Detail/stm_lifeshield advantage/20190812_180332/31.png, D:\\Test\\AgileTest\\AgileTest\\Reports\\mobileWeb\\plan detail\\20190812_173746\\../Screenshots/iPhone X/Plan Detail/stm_lifeshield advantage/20190812_180332/32.png, D:\\Test\\AgileTest\\AgileTest\\Reports\\mobileWeb\\plan detail\\20190812_173746\\../Screenshots/iPhone X/Plan Detail/stm_lifeshield advantage/20190812_180332/33.png, D:\\Test\\AgileTest\\AgileTest\\Reports\\mobileWeb\\plan detail\\20190812_173746\\../Screenshots/iPhone X/Plan Detail/stm_lifeshield advantage/20190812_180332/34.png, D:\\Test\\AgileTest\\AgileTest\\Reports\\mobileWeb\\plan detail\\20190812_173746\\../Screenshots/iPhone X/Plan Detail/stm_lifeshield advantage/20190812_180332/35.png, D:\\Test\\AgileTest\\AgileTest\\Reports\\mobileWeb\\plan detail\\20190812_173746\\../Screenshots/iPhone X/Plan Detail/stm_lifeshield advantage/20190812_180332/36.png, D:\\Test\\AgileTest\\AgileTest\\Reports\\mobileWeb\\plan detail\\20190812_173746\\../Screenshots/iPhone X/Plan Detail/stm_lifeshield advantage/20190812_180332/37.png, D:\\Test\\AgileTest\\AgileTest\\Reports\\mobileWeb\\plan detail\\20190812_173746\\../Screenshots/iPhone X/Plan Detail/stm_lifeshield advantage/20190812_180332/38.png, D:\\Test\\AgileTest\\AgileTest\\Reports\\mobileWeb\\plan detail\\20190812_173746\\../Screenshots/iPhone X/Plan Detail/stm_lifeshield advantage/20190812_180332/39.png, D:\\Test\\AgileTest\\AgileTest\\Reports\\mobileWeb\\plan detail\\20190812_173746\\../Screenshots/iPhone X/Plan Detail/stm_lifeshield advantage/20190812_180332/40.png, D:\\Test\\AgileTest\\AgileTest\\Reports\\mobileWeb\\plan detail\\20190812_173746\\../Screenshots/iPhone X/Plan Detail/stm_lifeshield advantage/20190812_180332/41.png, D:\\Test\\AgileTest\\AgileTest\\Reports\\mobileWeb\\plan detail\\20190812_173746\\../Screenshots/iPhone X/Plan Detail/stm_lifeshield advantage/20190812_180332/42.png, D:\\Test\\AgileTest\\AgileTest\\Reports\\mobileWeb\\plan detail\\20190812_173746\\../Screenshots/iPhone X/Plan Detail/stm_lifeshield advantage/20190812_180332/43.png, D:\\Test\\AgileTest\\AgileTest\\Reports\\mobileWeb\\plan detail\\20190812_173746\\../Screenshots/iPhone X/Plan Detail/stm_lifeshield advantage/20190812_180332/44.png, D:\\Test\\AgileTest\\AgileTest\\Reports\\mobileWeb\\plan detail\\20190812_173746\\../Screenshots/iPhone X/Plan Detail/stm_lifeshield advantage/20190812_180332/45.png, D:\\Test\\AgileTest\\AgileTest\\Reports\\mobileWeb\\plan detail\\20190812_173746\\../Screenshots/iPhone X/Plan Detail/stm_lifeshield advantage/20190812_180332/46.png, D:\\Test\\AgileTest\\AgileTest\\Reports\\mobileWeb\\plan detail\\20190812_173746\\../Screenshots/iPhone X/Plan Detail/stm_lifeshield advantage/20190812_180332/47.png, D:\\Test\\AgileTest\\AgileTest\\Reports\\mobileWeb\\plan detail\\20190812_173746\\../Screenshots/iPhone X/Plan Detail/stm_lifeshield advantage/20190812_180332/48.png, D:\\Test\\AgileTest\\AgileTest\\Reports\\mobileWeb\\plan detail\\20190812_173746\\../Screenshots/iPhone X/Plan Detail/stm_lifeshield advantage/20190812_180332/49.png, D:\\Test\\AgileTest\\AgileTest\\Reports\\mobileWeb\\plan detail\\20190812_173746\\../Screenshots/iPhone X/Plan Detail/stm_lifeshield advantage/20190812_180332/50.png, D:\\Test\\AgileTest\\AgileTest\\Reports\\mobileWeb\\plan detail\\20190812_173746\\../Screenshots/iPhone X/Plan Detail/stm_lifeshield advantage/20190812_180332/51.png, D:\\Test\\AgileTest\\AgileTest\\Reports\\mobileWeb\\plan detail\\20190812_173746\\../Screenshots/iPhone X/Plan Detail/stm_lifeshield advantage/20190812_180332/52.png, D:\\Test\\AgileTest\\AgileTest\\Reports\\mobileWeb\\plan detail\\20190812_173746\\../Screenshots/iPhone X/Plan Detail/stm_lifeshield advantage/20190812_180332/53.png, D:\\Test\\AgileTest\\AgileTest\\Reports\\mobileWeb\\plan detail\\20190812_173746\\../Screenshots/iPhone X/Plan Detail/stm_lifeshield advantage/20190812_180332/54.png, D:\\Test\\AgileTest\\AgileTest\\Reports\\mobileWeb\\plan detail\\20190812_173746\\../Screenshots/iPhone X/Plan Detail/stm_lifeshield advantage/20190812_180332/55.png, D:\\Test\\AgileTest\\AgileTest\\Reports\\mobileWeb\\plan detail\\20190812_173746\\../Screenshots/iPhone X/Plan Detail/stm_lifeshield advantage/20190812_180332/56.png, D:\\Test\\AgileTest\\AgileTest\\Reports\\mobileWeb\\plan detail\\20190812_173746\\../Screenshots/iPhone X/Plan Detail/stm_lifeshield advantage/20190812_180332/57.png, D:\\Test\\AgileTest\\AgileTest\\Reports\\mobileWeb\\plan detail\\20190812_173746\\../Screenshots/iPhone X/Plan Detail/stm_lifeshield advantage/20190812_180332/58.png, D:\\Test\\AgileTest\\AgileTest\\Reports\\mobileWeb\\plan detail\\20190812_173746\\../Screenshots/iPhone X/Plan Detail/stm_lifeshield advantage/20190812_180332/59.png, D:\\Test\\AgileTest\\AgileTest\\Reports\\mobileWeb\\plan detail\\20190812_173746\\../Screenshots/iPhone X/Plan Detail/stm_lifeshield flex/20190812_180731/0.png, D:\\Test\\AgileTest\\AgileTest\\Reports\\mobileWeb\\plan detail\\20190812_173746\\../Screenshots/iPhone X/Plan Detail/stm_lifeshield flex/20190812_180731/1.png, D:\\Test\\AgileTest\\AgileTest\\Reports\\mobileWeb\\plan detail\\20190812_173746\\../Screenshots/iPhone X/Plan Detail/stm_lifeshield flex/20190812_180731/2.png, D:\\Test\\AgileTest\\AgileTest\\Reports\\mobileWeb\\plan detail\\20190812_173746\\../Screenshots/iPhone X/Plan Detail/stm_lifeshield flex/20190812_180731/3.png, D:\\Test\\AgileTest\\AgileTest\\Reports\\mobileWeb\\plan detail\\20190812_173746\\../Screenshots/iPhone X/Plan Detail/stm_lifeshield flex/20190812_180731/4.png, D:\\Test\\AgileTest\\AgileTest\\Reports\\mobileWeb\\plan detail\\20190812_173746\\../Screenshots/iPhone X/Plan Detail/stm_lifeshield flex/20190812_180731/5.png, D:\\Test\\AgileTest\\AgileTest\\Reports\\mobileWeb\\plan detail\\20190812_173746\\../Screenshots/iPhone X/Plan Detail/stm_lifeshield flex/20190812_180731/6.png, D:\\Test\\AgileTest\\AgileTest\\Reports\\mobileWeb\\plan detail\\20190812_173746\\../Screenshots/iPhone X/Plan Detail/stm_lifeshield flex/20190812_180731/7.png, D:\\Test\\AgileTest\\AgileTest\\Reports\\mobileWeb\\plan detail\\20190812_173746\\../Screenshots/iPhone X/Plan Detail/stm_lifeshield flex/20190812_180731/8.png, D:\\Test\\AgileTest\\AgileTest\\Reports\\mobileWeb\\plan detail\\20190812_173746\\../Screenshots/iPhone X/Plan Detail/stm_lifeshield flex/20190812_180731/9.png, D:\\Test\\AgileTest\\AgileTest\\Reports\\mobileWeb\\plan detail\\20190812_173746\\../Screenshots/iPhone X/Plan Detail/stm_lifeshield flex/20190812_180731/10.png, D:\\Test\\AgileTest\\AgileTest\\Reports\\mobileWeb\\plan detail\\20190812_173746\\../Screenshots/iPhone X/Plan Detail/stm_lifeshield flex/20190812_180731/11.png, D:\\Test\\AgileTest\\AgileTest\\Reports\\mobileWeb\\plan detail\\20190812_173746\\../Screenshots/iPhone X/Plan Detail/stm_lifeshield flex/20190812_180731/12.png, D:\\Test\\AgileTest\\AgileTest\\Reports\\mobileWeb\\plan detail\\20190812_173746\\../Screenshots/iPhone X/Plan Detail/stm_lifeshield flex/20190812_180731/13.png, D:\\Test\\AgileTest\\AgileTest\\Reports\\mobileWeb\\plan detail\\20190812_173746\\../Screenshots/iPhone X/Plan Detail/stm_lifeshield flex/20190812_180731/14.png, D:\\Test\\AgileTest\\AgileTest\\Reports\\mobileWeb\\plan detail\\20190812_173746\\../Screenshots/iPhone X/Plan Detail/stm_lifeshield flex/20190812_180731/15.png, D:\\Test\\AgileTest\\AgileTest\\Reports\\mobileWeb\\plan detail\\20190812_173746\\../Screenshots/iPhone X/Plan Detail/stm_lifeshield flex/20190812_180731/16.png, D:\\Test\\AgileTest\\AgileTest\\Reports\\mobileWeb\\plan detail\\20190812_173746\\../Screenshots/iPhone X/Plan Detail/stm_lifeshield flex/20190812_180731/17.png, D:\\Test\\AgileTest\\AgileTest\\Reports\\mobileWeb\\plan detail\\20190812_173746\\../Screenshots/iPhone X/Plan Detail/stm_lifeshield flex/20190812_180731/18.png, D:\\Test\\AgileTest\\AgileTest\\Reports\\mobileWeb\\plan detail\\20190812_173746\\../Screenshots/iPhone X/Plan Detail/stm_lifeshield flex/20190812_180731/19.png, D:\\Test\\AgileTest\\AgileTest\\Reports\\mobileWeb\\plan detail\\20190812_173746\\../Screenshots/iPhone X/Plan Detail/stm_lifeshield flex/20190812_180731/20.png, D:\\Test\\AgileTest\\AgileTest\\Reports\\mobileWeb\\plan detail\\20190812_173746\\../Screenshots/iPhone X/Plan Detail/stm_lifeshield flex/20190812_180731/21.png, D:\\Test\\AgileTest\\AgileTest\\Reports\\mobileWeb\\plan detail\\20190812_173746\\../Screenshots/iPhone X/Plan Detail/stm_lifeshield flex/20190812_180731/22.png, D:\\Test\\AgileTest\\AgileTest\\Reports\\mobileWeb\\plan detail\\20190812_173746\\../Screenshots/iPhone X/Plan Detail/stm_lifeshield flex/20190812_180731/23.png, D:\\Test\\AgileTest\\AgileTest\\Reports\\mobileWeb\\plan detail\\20190812_173746\\../Screenshots/iPhone X/Plan Detail/stm_lifeshield flex/20190812_180731/24.png, D:\\Test\\AgileTest\\AgileTest\\Reports\\mobileWeb\\plan detail\\20190812_173746\\../Screenshots/iPhone X/Plan Detail/stm_lifeshield flex/20190812_180731/25.png, D:\\Test\\AgileTest\\AgileTest\\Reports\\mobileWeb\\plan detail\\20190812_173746\\../Screenshots/iPhone X/Plan Detail/stm_lifeshield flex/20190812_180731/26.png, D:\\Test\\AgileTest\\AgileTest\\Reports\\mobileWeb\\plan detail\\20190812_173746\\../Screenshots/iPhone X/Plan Detail/stm_lifeshield flex/20190812_180731/27.png, D:\\Test\\AgileTest\\AgileTest\\Reports\\mobileWeb\\plan detail\\20190812_173746\\../Screenshots/iPhone X/Plan Detail/stm_lifeshield flex/20190812_180731/28.png, D:\\Test\\AgileTest\\AgileTest\\Reports\\mobileWeb\\plan detail\\20190812_173746\\../Screenshots/iPhone X/Plan Detail/stm_lifeshield flex/20190812_180731/29.png, D:\\Test\\AgileTest\\AgileTest\\Reports\\mobileWeb\\plan detail\\20190812_173746\\../Screenshots/iPhone X/Plan Detail/stm_lifeshield flex/20190812_180731/30.png, D:\\Test\\AgileTest\\AgileTest\\Reports\\mobileWeb\\plan detail\\20190812_173746\\../Screenshots/iPhone X/Plan Detail/stm_lifeshield flex/20190812_180731/31.png, D:\\Test\\AgileTest\\AgileTest\\Reports\\mobileWeb\\plan detail\\20190812_173746\\../Screenshots/iPhone X/Plan Detail/stm_lifeshield flex/20190812_180731/32.png, D:\\Test\\AgileTest\\AgileTest\\Reports\\mobileWeb\\plan detail\\20190812_173746\\../Screenshots/iPhone X/Plan Detail/stm_lifeshield flex/20190812_180731/33.png, D:\\Test\\AgileTest\\AgileTest\\Reports\\mobileWeb\\plan detail\\20190812_173746\\../Screenshots/iPhone X/Plan Detail/stm_lifeshield flex/20190812_180731/34.png, D:\\Test\\AgileTest\\AgileTest\\Reports\\mobileWeb\\plan detail\\20190812_173746\\../Screenshots/iPhone X/Plan Detail/stm_lifeshield flex/20190812_180731/35.png, D:\\Test\\AgileTest\\AgileTest\\Reports\\mobileWeb\\plan detail\\20190812_173746\\../Screenshots/iPhone X/Plan Detail/stm_lifeshield flex/20190812_180731/36.png, D:\\Test\\AgileTest\\AgileTest\\Reports\\mobileWeb\\plan detail\\20190812_173746\\../Screenshots/iPhone X/Plan Detail/stm_lifeshield flex/20190812_180731/37.png, D:\\Test\\AgileTest\\AgileTest\\Reports\\mobileWeb\\plan detail\\20190812_173746\\../Screenshots/iPhone X/Plan Detail/stm_lifeshield flex/20190812_180731/38.png, D:\\Test\\AgileTest\\AgileTest\\Reports\\mobileWeb\\plan detail\\20190812_173746\\../Screenshots/iPhone X/Plan Detail/stm_lifeshield flex/20190812_180731/39.png, D:\\Test\\AgileTest\\AgileTest\\Reports\\mobileWeb\\plan detail\\20190812_173746\\../Screenshots/iPhone X/Plan Detail/stm_lifeshield flex/20190812_180731/40.png, D:\\Test\\AgileTest\\AgileTest\\Reports\\mobileWeb\\plan detail\\20190812_173746\\../Screenshots/iPhone X/Plan Detail/stm_lifeshield flex/20190812_180731/41.png, D:\\Test\\AgileTest\\AgileTest\\Reports\\mobileWeb\\plan detail\\20190812_173746\\../Screenshots/iPhone X/Plan Detail/stm_lifeshield flex/20190812_180731/42.png, D:\\Test\\AgileTest\\AgileTest\\Reports\\mobileWeb\\plan detail\\20190812_173746\\../Screenshots/iPhone X/Plan Detail/stm_lifeshield flex/20190812_180731/43.png, D:\\Test\\AgileTest\\AgileTest\\Reports\\mobileWeb\\plan detail\\20190812_173746\\../Screenshots/iPhone X/Plan Detail/stm_lifeshield flex/20190812_180731/44.png, D:\\Test\\AgileTest\\AgileTest\\Reports\\mobileWeb\\plan detail\\20190812_173746\\../Screenshots/iPhone X/Plan Detail/stm_lifeshield flex/20190812_180731/45.png, D:\\Test\\AgileTest\\AgileTest\\Reports\\mobileWeb\\plan detail\\20190812_173746\\../Screenshots/iPhone X/Plan Detail/stm_lifeshield flex/20190812_180731/46.png, D:\\Test\\AgileTest\\AgileTest\\Reports\\mobileWeb\\plan detail\\20190812_173746\\../Screenshots/iPhone X/Plan Detail/stm_lifeshield flex/20190812_180731/47.png, D:\\Test\\AgileTest\\AgileTest\\Reports\\mobileWeb\\plan detail\\20190812_173746\\../Screenshots/iPhone X/Plan Detail/stm_lifeshield flex/20190812_180731/48.png, D:\\Test\\AgileTest\\AgileTest\\Reports\\mobileWeb\\plan detail\\20190812_173746\\../Screenshots/iPhone X/Plan Detail/stm_lifeshield flex/20190812_180731/49.png, D:\\Test\\AgileTest\\AgileTest\\Reports\\mobileWeb\\plan detail\\20190812_173746\\../Screenshots/iPhone X/Plan Detail/stm_lifeshield flex/20190812_180731/50.png, D:\\Test\\AgileTest\\AgileTest\\Reports\\mobileWeb\\plan detail\\20190812_173746\\../Screenshots/iPhone X/Plan Detail/stm_lifeshield flex/20190812_180731/51.png, D:\\Test\\AgileTest\\AgileTest\\Reports\\mobileWeb\\plan detail\\20190812_173746\\../Screenshots/iPhone X/Plan Detail/stm_lifeshield flex/20190812_180731/52.png, D:\\Test\\AgileTest\\AgileTest\\Reports\\mobileWeb\\plan detail\\20190812_173746\\../Screenshots/iPhone X/Plan Detail/stm_lifeshield flex/20190812_180731/53.png, D:\\Test\\AgileTest\\AgileTest\\Reports\\mobileWeb\\plan detail\\20190812_173746\\../Screenshots/iPhone X/Plan Detail/stm_lifeshield flex/20190812_180731/54.png, D:\\Test\\AgileTest\\AgileTest\\Reports\\mobileWeb\\plan detail\\20190812_173746\\../Screenshots/iPhone X/Plan Detail/stm_lifeshield flex/20190812_180731/55.png, D:\\Test\\AgileTest\\AgileTest\\Reports\\mobileWeb\\plan detail\\20190812_173746\\../Screenshots/iPhone X/Plan Detail/stm_lifeshield flex/20190812_180731/56.png, D:\\Test\\AgileTest\\AgileTest\\Reports\\mobileWeb\\plan detail\\20190812_173746\\../Screenshots/iPhone X/Plan Detail/stm_lifeshield flex/20190812_180731/57.png, D:\\Test\\AgileTest\\AgileTest\\Reports\\mobileWeb\\plan detail\\20190812_173746\\../Screenshots/iPhone X/Plan Detail/stm_lifeshield flex/20190812_180731/58.png, D:\\Test\\AgileTest\\AgileTest\\Reports\\mobileWeb\\plan detail\\20190812_173746\\../Screenshots/iPhone X/Plan Detail/stm_national general/20190812_181127/0.png, D:\\Test\\AgileTest\\AgileTest\\Reports\\mobileWeb\\plan detail\\20190812_173746\\../Screenshots/iPhone X/Plan Detail/stm_national general/20190812_181127/1.png, D:\\Test\\AgileTest\\AgileTest\\Reports\\mobileWeb\\plan detail\\20190812_173746\\../Screenshots/iPhone X/Plan Detail/stm_national general/20190812_181127/2.png, D:\\Test\\AgileTest\\AgileTest\\Reports\\mobileWeb\\plan detail\\20190812_173746\\../Screenshots/iPhone X/Plan Detail/stm_national general/20190812_181127/3.png, D:\\Test\\AgileTest\\AgileTest\\Reports\\mobileWeb\\plan detail\\20190812_173746\\../Screenshots/iPhone X/Plan Detail/stm_national general/20190812_181127/4.png, D:\\Test\\AgileTest\\AgileTest\\Reports\\mobileWeb\\plan detail\\20190812_173746\\../Screenshots/iPhone X/Plan Detail/stm_national general/20190812_181127/5.png, D:\\Test\\AgileTest\\AgileTest\\Reports\\mobileWeb\\plan detail\\20190812_173746\\../Screenshots/iPhone X/Plan Detail/stm_national general/20190812_181127/6.png, D:\\Test\\AgileTest\\AgileTest\\Reports\\mobileWeb\\plan detail\\20190812_173746\\../Screenshots/iPhone X/Plan Detail/stm_national general/20190812_181127/7.png, D:\\Test\\AgileTest\\AgileTest\\Reports\\mobileWeb\\plan detail\\20190812_173746\\../Screenshots/iPhone X/Plan Detail/stm_national general/20190812_181127/8.png, D:\\Test\\AgileTest\\AgileTest\\Reports\\mobileWeb\\plan detail\\20190812_173746\\../Screenshots/iPhone X/Plan Detail/stm_national general/20190812_181127/9.png, D:\\Test\\AgileTest\\AgileTest\\Reports\\mobileWeb\\plan detail\\20190812_173746\\../Screenshots/iPhone X/Plan Detail/stm_national general/20190812_181127/10.png, D:\\Test\\AgileTest\\AgileTest\\Reports\\mobileWeb\\plan detail\\20190812_173746\\../Screenshots/iPhone X/Plan Detail/stm_national general/20190812_181127/11.png, D:\\Test\\AgileTest\\AgileTest\\Reports\\mobileWeb\\plan detail\\20190812_173746\\../Screenshots/iPhone X/Plan Detail/stm_national general/20190812_181127/12.png, D:\\Test\\AgileTest\\AgileTest\\Reports\\mobileWeb\\plan detail\\20190812_173746\\../Screenshots/iPhone X/Plan Detail/stm_national general/20190812_181127/13.png, D:\\Test\\AgileTest\\AgileTest\\Reports\\mobileWeb\\plan detail\\20190812_173746\\../Screenshots/iPhone X/Plan Detail/stm_national general/20190812_181127/14.png, D:\\Test\\AgileTest\\AgileTest\\Reports\\mobileWeb\\plan detail\\20190812_173746\\../Screenshots/iPhone X/Plan Detail/stm_national general/20190812_181127/15.png, D:\\Test\\AgileTest\\AgileTest\\Reports\\mobileWeb\\plan detail\\20190812_173746\\../Screenshots/iPhone X/Plan Detail/stm_national general/20190812_181127/16.png, D:\\Test\\AgileTest\\AgileTest\\Reports\\mobileWeb\\plan detail\\20190812_173746\\../Screenshots/iPhone X/Plan Detail/stm_national general/20190812_181127/17.png, D:\\Test\\AgileTest\\AgileTest\\Reports\\mobileWeb\\plan detail\\20190812_173746\\../Screenshots/iPhone X/Plan Detail/stm_national general/20190812_181127/18.png, D:\\Test\\AgileTest\\AgileTest\\Reports\\mobileWeb\\plan detail\\20190812_173746\\../Screenshots/iPhone X/Plan Detail/stm_national general/20190812_181127/19.png, D:\\Test\\AgileTest\\AgileTest\\Reports\\mobileWeb\\plan detail\\20190812_173746\\../Screenshots/iPhone X/Plan Detail/stm_national general/20190812_181127/20.png, D:\\Test\\AgileTest\\AgileTest\\Reports\\mobileWeb\\plan detail\\20190812_173746\\../Screenshots/iPhone X/Plan Detail/stm_national general/20190812_181127/21.png, D:\\Test\\AgileTest\\AgileTest\\Reports\\mobileWeb\\plan detail\\20190812_173746\\../Screenshots/iPhone X/Plan Detail/stm_national general/20190812_181127/22.png, D:\\Test\\AgileTest\\AgileTest\\Reports\\mobileWeb\\plan detail\\20190812_173746\\../Screenshots/iPhone X/Plan Detail/stm_national general/20190812_181127/23.png, D:\\Test\\AgileTest\\AgileTest\\Reports\\mobileWeb\\plan detail\\20190812_173746\\../Screenshots/iPhone X/Plan Detail/stm_national general/20190812_181127/24.png, D:\\Test\\AgileTest\\AgileTest\\Reports\\mobileWeb\\plan detail\\20190812_173746\\../Screenshots/iPhone X/Plan Detail/stm_national general/20190812_181127/25.png, D:\\Test\\AgileTest\\AgileTest\\Reports\\mobileWeb\\plan detail\\20190812_173746\\../Screenshots/iPhone X/Plan Detail/stm_national general/20190812_181127/26.png, D:\\Test\\AgileTest\\AgileTest\\Reports\\mobileWeb\\plan detail\\20190812_173746\\../Screenshots/iPhone X/Plan Detail/stm_national general/20190812_181127/27.png, D:\\Test\\AgileTest\\AgileTest\\Reports\\mobileWeb\\plan detail\\20190812_173746\\../Screenshots/iPhone X/Plan Detail/stm_national general/20190812_181127/28.png, D:\\Test\\AgileTest\\AgileTest\\Reports\\mobileWeb\\plan detail\\20190812_173746\\../Screenshots/iPhone X/Plan Detail/stm_national general/20190812_181127/29.png, D:\\Test\\AgileTest\\AgileTest\\Reports\\mobileWeb\\plan detail\\20190812_173746\\../Screenshots/iPhone X/Plan Detail/stm_national general/20190812_181127/30.png, D:\\Test\\AgileTest\\AgileTest\\Reports\\mobileWeb\\plan detail\\20190812_173746\\../Screenshots/iPhone X/Plan Detail/stm_national general/20190812_181127/31.png, D:\\Test\\AgileTest\\AgileTest\\Reports\\mobileWeb\\plan detail\\20190812_173746\\../Screenshots/iPhone X/Plan Detail/stm_national general/20190812_181127/32.png, D:\\Test\\AgileTest\\AgileTest\\Reports\\mobileWeb\\plan detail\\20190812_173746\\../Screenshots/iPhone X/Plan Detail/stm_national general/20190812_181127/33.png, D:\\Test\\AgileTest\\AgileTest\\Reports\\mobileWeb\\plan detail\\20190812_173746\\../Screenshots/iPhone X/Plan Detail/stm_national general/20190812_181127/34.png, D:\\Test\\AgileTest\\AgileTest\\Reports\\mobileWeb\\plan detail\\20190812_173746\\../Screenshots/iPhone X/Plan Detail/stm_national general/20190812_181127/35.png, D:\\Test\\AgileTest\\AgileTest\\Reports\\mobileWeb\\plan detail\\20190812_173746\\../Screenshots/iPhone X/Plan Detail/stm_national general/20190812_181127/36.png, D:\\Test\\AgileTest\\AgileTest\\Reports\\mobileWeb\\plan detail\\20190812_173746\\../Screenshots/iPhone X/Plan Detail/stm_pivot health choice/20190812_181358/0.png, D:\\Test\\AgileTest\\AgileTest\\Reports\\mobileWeb\\plan detail\\20190812_173746\\../Screenshots/iPhone X/Plan Detail/stm_pivot health choice/20190812_181358/1.png, D:\\Test\\AgileTest\\AgileTest\\Reports\\mobileWeb\\plan detail\\20190812_173746\\../Screenshots/iPhone X/Plan Detail/stm_pivot health choice/20190812_181358/2.png, D:\\Test\\AgileTest\\AgileTest\\Reports\\mobileWeb\\plan detail\\20190812_173746\\../Screenshots/iPhone X/Plan Detail/stm_pivot health choice/20190812_181358/3.png, D:\\Test\\AgileTest\\AgileTest\\Reports\\mobileWeb\\plan detail\\20190812_173746\\../Screenshots/iPhone X/Plan Detail/stm_pivot health choice/20190812_181358/4.png, D:\\Test\\AgileTest\\AgileTest\\Reports\\mobileWeb\\plan detail\\20190812_173746\\../Screenshots/iPhone X/Plan Detail/stm_pivot health choice/20190812_181358/5.png, D:\\Test\\AgileTest\\AgileTest\\Reports\\mobileWeb\\plan detail\\20190812_173746\\../Screenshots/iPhone X/Plan Detail/stm_pivot health choice/20190812_181358/6.png, D:\\Test\\AgileTest\\AgileTest\\Reports\\mobileWeb\\plan detail\\20190812_173746\\../Screenshots/iPhone X/Plan Detail/stm_pivot health choice/20190812_181358/7.png, D:\\Test\\AgileTest\\AgileTest\\Reports\\mobileWeb\\plan detail\\20190812_173746\\../Screenshots/iPhone X/Plan Detail/stm_pivot health choice/20190812_181358/8.png, D:\\Test\\AgileTest\\AgileTest\\Reports\\mobileWeb\\plan detail\\20190812_173746\\../Screenshots/iPhone X/Plan Detail/stm_pivot health choice/20190812_181358/9.png, D:\\Test\\AgileTest\\AgileTest\\Reports\\mobileWeb\\plan detail\\20190812_173746\\../Screenshots/iPhone X/Plan Detail/stm_pivot health choice/20190812_181358/10.png, D:\\Test\\AgileTest\\AgileTest\\Reports\\mobileWeb\\plan detail\\20190812_173746\\../Screenshots/iPhone X/Plan Detail/stm_pivot health choice/20190812_181358/11.png, D:\\Test\\AgileTest\\AgileTest\\Reports\\mobileWeb\\plan detail\\20190812_173746\\../Screenshots/iPhone X/Plan Detail/stm_pivot health choice/20190812_181358/12.png, D:\\Test\\AgileTest\\AgileTest\\Reports\\mobileWeb\\plan detail\\20190812_173746\\../Screenshots/iPhone X/Plan Detail/stm_pivot health choice/20190812_181358/13.png, D:\\Test\\AgileTest\\AgileTest\\Reports\\mobileWeb\\plan detail\\20190812_173746\\../Screenshots/iPhone X/Plan Detail/stm_pivot health choice/20190812_181358/14.png, D:\\Test\\AgileTest\\AgileTest\\Reports\\mobileWeb\\plan detail\\20190812_173746\\../Screenshots/iPhone X/Plan Detail/stm_pivot health choice/20190812_181358/15.png, D:\\Test\\AgileTest\\AgileTest\\Reports\\mobileWeb\\plan detail\\20190812_173746\\../Screenshots/iPhone X/Plan Detail/stm_pivot health choice/20190812_181358/16.png, D:\\Test\\AgileTest\\AgileTest\\Reports\\mobileWeb\\plan detail\\20190812_173746\\../Screenshots/iPhone X/Plan Detail/stm_pivot health choice/20190812_181358/17.png, D:\\Test\\AgileTest\\AgileTest\\Reports\\mobileWeb\\plan detail\\20190812_173746\\../Screenshots/iPhone X/Plan Detail/stm_pivot health choice/20190812_181358/18.png, D:\\Test\\AgileTest\\AgileTest\\Reports\\mobileWeb\\plan detail\\20190812_173746\\../Screenshots/iPhone X/Plan Detail/stm_pivot health choice/20190812_181358/19.png, D:\\Test\\AgileTest\\AgileTest\\Reports\\mobileWeb\\plan detail\\20190812_173746\\../Screenshots/iPhone X/Plan Detail/stm_pivot health choice/20190812_181358/20.png, D:\\Test\\AgileTest\\AgileTest\\Reports\\mobileWeb\\plan detail\\20190812_173746\\../Screenshots/iPhone X/Plan Detail/stm_pivot health choice/20190812_181358/21.png, D:\\Test\\AgileTest\\AgileTest\\Reports\\mobileWeb\\plan detail\\20190812_173746\\../Screenshots/iPhone X/Plan Detail/stm_pivot health choice/20190812_181358/22.png, D:\\Test\\AgileTest\\AgileTest\\Reports\\mobileWeb\\plan detail\\20190812_173746\\../Screenshots/iPhone X/Plan Detail/stm_pivot health choice/20190812_181358/23.png, D:\\Test\\AgileTest\\AgileTest\\Reports\\mobileWeb\\plan detail\\20190812_173746\\../Screenshots/iPhone X/Plan Detail/stm_pivot health choice/20190812_181358/24.png, D:\\Test\\AgileTest\\AgileTest\\Reports\\mobileWeb\\plan detail\\20190812_173746\\../Screenshots/iPhone X/Plan Detail/stm_pivot health choice/20190812_181358/25.png, D:\\Test\\AgileTest\\AgileTest\\Reports\\mobileWeb\\plan detail\\20190812_173746\\../Screenshots/iPhone X/Plan Detail/stm_pivot health choice/20190812_181358/26.png, D:\\Test\\AgileTest\\AgileTest\\Reports\\mobileWeb\\plan detail\\20190812_173746\\../Screenshots/iPhone X/Plan Detail/stm_pivot health choice/20190812_181358/27.png, D:\\Test\\AgileTest\\AgileTest\\Reports\\mobileWeb\\plan detail\\20190812_173746\\../Screenshots/iPhone X/Plan Detail/stm_pivot health choice/20190812_181358/28.png, D:\\Test\\AgileTest\\AgileTest\\Reports\\mobileWeb\\plan detail\\20190812_173746\\../Screenshots/iPhone X/Plan Detail/stm_pivot health choice/20190812_181358/29.png, D:\\Test\\AgileTest\\AgileTest\\Reports\\mobileWeb\\plan detail\\20190812_173746\\../Screenshots/iPhone X/Plan Detail/stm_pivot health choice/20190812_181358/30.png, D:\\Test\\AgileTest\\AgileTest\\Reports\\mobileWeb\\plan detail\\20190812_173746\\../Screenshots/iPhone X/Plan Detail/stm_pivot health choice/20190812_181358/31.png, D:\\Test\\AgileTest\\AgileTest\\Reports\\mobileWeb\\plan detail\\20190812_173746\\../Screenshots/iPhone X/Plan Detail/stm_pivot health choice/20190812_181358/32.png, D:\\Test\\AgileTest\\AgileTest\\Reports\\mobileWeb\\plan detail\\20190812_173746\\../Screenshots/iPhone X/Plan Detail/stm_pivot health choice/20190812_181358/33.png, D:\\Test\\AgileTest\\AgileTest\\Reports\\mobileWeb\\plan detail\\20190812_173746\\../Screenshots/iPhone X/Plan Detail/stm_pivot health choice/20190812_181358/34.png, D:\\Test\\AgileTest\\AgileTest\\Reports\\mobileWeb\\plan detail\\20190812_173746\\../Screenshots/iPhone X/Plan Detail/stm_pivot health choice/20190812_181358/35.png, D:\\Test\\AgileTest\\AgileTest\\Reports\\mobileWeb\\plan detail\\20190812_173746\\../Screenshots/iPhone X/Plan Detail/stm_pivot health deluxe/20190812_181626/0.png, D:\\Test\\AgileTest\\AgileTest\\Reports\\mobileWeb\\plan detail\\20190812_173746\\../Screenshots/iPhone X/Plan Detail/stm_pivot health deluxe/20190812_181626/1.png, D:\\Test\\AgileTest\\AgileTest\\Reports\\mobileWeb\\plan detail\\20190812_173746\\../Screenshots/iPhone X/Plan Detail/stm_pivot health deluxe/20190812_181626/2.png, D:\\Test\\AgileTest\\AgileTest\\Reports\\mobileWeb\\plan detail\\20190812_173746\\../Screenshots/iPhone X/Plan Detail/stm_pivot health deluxe/20190812_181626/3.png, D:\\Test\\AgileTest\\AgileTest\\Reports\\mobileWeb\\plan detail\\20190812_173746\\../Screenshots/iPhone X/Plan Detail/stm_pivot health deluxe/20190812_181626/4.png, D:\\Test\\AgileTest\\AgileTest\\Reports\\mobileWeb\\plan detail\\20190812_173746\\../Screenshots/iPhone X/Plan Detail/stm_pivot health deluxe/20190812_181626/5.png, D:\\Test\\AgileTest\\AgileTest\\Reports\\mobileWeb\\plan detail\\20190812_173746\\../Screenshots/iPhone X/Plan Detail/stm_pivot health deluxe/20190812_181626/6.png, D:\\Test\\AgileTest\\AgileTest\\Reports\\mobileWeb\\plan detail\\20190812_173746\\../Screenshots/iPhone X/Plan Detail/stm_pivot health deluxe/20190812_181626/7.png, D:\\Test\\AgileTest\\AgileTest\\Reports\\mobileWeb\\plan detail\\20190812_173746\\../Screenshots/iPhone X/Plan Detail/stm_pivot health deluxe/20190812_181626/8.png, D:\\Test\\AgileTest\\AgileTest\\Reports\\mobileWeb\\plan detail\\20190812_173746\\../Screenshots/iPhone X/Plan Detail/stm_pivot health deluxe/20190812_181626/9.png, D:\\Test\\AgileTest\\AgileTest\\Reports\\mobileWeb\\plan detail\\20190812_173746\\../Screenshots/iPhone X/Plan Detail/stm_pivot health deluxe/20190812_181626/10.png, D:\\Test\\AgileTest\\AgileTest\\Reports\\mobileWeb\\plan detail\\20190812_173746\\../Screenshots/iPhone X/Plan Detail/stm_pivot health deluxe/20190812_181626/11.png, D:\\Test\\AgileTest\\AgileTest\\Reports\\mobileWeb\\plan detail\\20190812_173746\\../Screenshots/iPhone X/Plan Detail/stm_pivot health deluxe/20190812_181626/12.png, D:\\Test\\AgileTest\\AgileTest\\Reports\\mobileWeb\\plan detail\\20190812_173746\\../Screenshots/iPhone X/Plan Detail/stm_pivot health deluxe/20190812_181626/13.png, D:\\Test\\AgileTest\\AgileTest\\Reports\\mobileWeb\\plan detail\\20190812_173746\\../Screenshots/iPhone X/Plan Detail/stm_pivot health deluxe/20190812_181626/14.png, D:\\Test\\AgileTest\\AgileTest\\Reports\\mobileWeb\\plan detail\\20190812_173746\\../Screenshots/iPhone X/Plan Detail/stm_pivot health deluxe/20190812_181626/15.png, D:\\Test\\AgileTest\\AgileTest\\Reports\\mobileWeb\\plan detail\\20190812_173746\\../Screenshots/iPhone X/Plan Detail/stm_pivot health deluxe/20190812_181626/16.png, D:\\Test\\AgileTest\\AgileTest\\Reports\\mobileWeb\\plan detail\\20190812_173746\\../Screenshots/iPhone X/Plan Detail/stm_pivot health deluxe/20190812_181626/17.png, D:\\Test\\AgileTest\\AgileTest\\Reports\\mobileWeb\\plan detail\\20190812_173746\\../Screenshots/iPhone X/Plan Detail/stm_pivot health deluxe/20190812_181626/18.png, D:\\Test\\AgileTest\\AgileTest\\Reports\\mobileWeb\\plan detail\\20190812_173746\\../Screenshots/iPhone X/Plan Detail/stm_pivot health deluxe/20190812_181626/19.png, D:\\Test\\AgileTest\\AgileTest\\Reports\\mobileWeb\\plan detail\\20190812_173746\\../Screenshots/iPhone X/Plan Detail/stm_pivot health deluxe/20190812_181626/20.png, D:\\Test\\AgileTest\\AgileTest\\Reports\\mobileWeb\\plan detail\\20190812_173746\\../Screenshots/iPhone X/Plan Detail/stm_pivot health deluxe/20190812_181626/21.png, D:\\Test\\AgileTest\\AgileTest\\Reports\\mobileWeb\\plan detail\\20190812_173746\\../Screenshots/iPhone X/Plan Detail/stm_pivot health deluxe/20190812_181626/22.png, D:\\Test\\AgileTest\\AgileTest\\Reports\\mobileWeb\\plan detail\\20190812_173746\\../Screenshots/iPhone X/Plan Detail/stm_pivot health deluxe/20190812_181626/23.png, D:\\Test\\AgileTest\\AgileTest\\Reports\\mobileWeb\\plan detail\\20190812_173746\\../Screenshots/iPhone X/Plan Detail/stm_pivot health deluxe/20190812_181626/24.png, D:\\Test\\AgileTest\\AgileTest\\Reports\\mobileWeb\\plan detail\\20190812_173746\\../Screenshots/iPhone X/Plan Detail/stm_pivot health deluxe/20190812_181626/25.png, D:\\Test\\AgileTest\\AgileTest\\Reports\\mobileWeb\\plan detail\\20190812_173746\\../Screenshots/iPhone X/Plan Detail/stm_pivot health deluxe/20190812_181626/26.png, D:\\Test\\AgileTest\\AgileTest\\Reports\\mobileWeb\\plan detail\\20190812_173746\\../Screenshots/iPhone X/Plan Detail/stm_pivot health deluxe/20190812_181626/27.png, D:\\Test\\AgileTest\\AgileTest\\Reports\\mobileWeb\\plan detail\\20190812_173746\\../Screenshots/iPhone X/Plan Detail/stm_pivot health deluxe/20190812_181626/28.png, D:\\Test\\AgileTest\\AgileTest\\Reports\\mobileWeb\\plan detail\\20190812_173746\\../Screenshots/iPhone X/Plan Detail/stm_pivot health deluxe/20190812_181626/29.png, D:\\Test\\AgileTest\\AgileTest\\Reports\\mobileWeb\\plan detail\\20190812_173746\\../Screenshots/iPhone X/Plan Detail/stm_pivot health deluxe/20190812_181626/30.png, D:\\Test\\AgileTest\\AgileTest\\Reports\\mobileWeb\\plan detail\\20190812_173746\\../Screenshots/iPhone X/Plan Detail/stm_pivot health deluxe/20190812_181626/31.png, D:\\Test\\AgileTest\\AgileTest\\Reports\\mobileWeb\\plan detail\\20190812_173746\\../Screenshots/iPhone X/Plan Detail/stm_pivot health deluxe/20190812_181626/32.png, D:\\Test\\AgileTest\\AgileTest\\Reports\\mobileWeb\\plan detail\\20190812_173746\\../Screenshots/iPhone X/Plan Detail/stm_pivot health deluxe/20190812_181626/33.png, D:\\Test\\AgileTest\\AgileTest\\Reports\\mobileWeb\\plan detail\\20190812_173746\\../Screenshots/iPhone X/Plan Detail/stm_pivot health deluxe/20190812_181626/34.png, D:\\Test\\AgileTest\\AgileTest\\Reports\\mobileWeb\\plan detail\\20190812_173746\\../Screenshots/iPhone X/Plan Detail/stm_pivot health deluxe/20190812_181626/35.png, D:\\Test\\AgileTest\\AgileTest\\Reports\\mobileWeb\\plan detail\\20190812_173746\\../Screenshots/iPhone X/Plan Detail/stm_standard life/20190812_181854/0.png, D:\\Test\\AgileTest\\AgileTest\\Reports\\mobileWeb\\plan detail\\20190812_173746\\../Screenshots/iPhone X/Plan Detail/stm_standard life/20190812_181854/1.png, D:\\Test\\AgileTest\\AgileTest\\Reports\\mobileWeb\\plan detail\\20190812_173746\\../Screenshots/iPhone X/Plan Detail/stm_standard life/20190812_181854/2.png, D:\\Test\\AgileTest\\AgileTest\\Reports\\mobileWeb\\plan detail\\20190812_173746\\../Screenshots/iPhone X/Plan Detail/stm_standard life/20190812_181854/3.png, D:\\Test\\AgileTest\\AgileTest\\Reports\\mobileWeb\\plan detail\\20190812_173746\\../Screenshots/iPhone X/Plan Detail/stm_standard life/20190812_181854/4.png, D:\\Test\\AgileTest\\AgileTest\\Reports\\mobileWeb\\plan detail\\20190812_173746\\../Screenshots/iPhone X/Plan Detail/stm_standard life/20190812_181854/5.png, D:\\Test\\AgileTest\\AgileTest\\Reports\\mobileWeb\\plan detail\\20190812_173746\\../Screenshots/iPhone X/Plan Detail/stm_standard life/20190812_181854/6.png, D:\\Test\\AgileTest\\AgileTest\\Reports\\mobileWeb\\plan detail\\20190812_173746\\../Screenshots/iPhone X/Plan Detail/stm_standard life/20190812_181854/7.png, D:\\Test\\AgileTest\\AgileTest\\Reports\\mobileWeb\\plan detail\\20190812_173746\\../Screenshots/iPhone X/Plan Detail/stm_standard life/20190812_181854/8.png, D:\\Test\\AgileTest\\AgileTest\\Reports\\mobileWeb\\plan detail\\20190812_173746\\../Screenshots/iPhone X/Plan Detail/stm_standard life/20190812_181854/9.png, D:\\Test\\AgileTest\\AgileTest\\Reports\\mobileWeb\\plan detail\\20190812_173746\\../Screenshots/iPhone X/Plan Detail/stm_standard life/20190812_181854/10.png, D:\\Test\\AgileTest\\AgileTest\\Reports\\mobileWeb\\plan detail\\20190812_173746\\../Screenshots/iPhone X/Plan Detail/stm_standard life/20190812_181854/11.png, D:\\Test\\AgileTest\\AgileTest\\Reports\\mobileWeb\\plan detail\\20190812_173746\\../Screenshots/iPhone X/Plan Detail/stm_standard life/20190812_181854/12.png, D:\\Test\\AgileTest\\AgileTest\\Reports\\mobileWeb\\plan detail\\20190812_173746\\../Screenshots/iPhone X/Plan Detail/stm_standard life/20190812_181854/13.png, D:\\Test\\AgileTest\\AgileTest\\Reports\\mobileWeb\\plan detail\\20190812_173746\\../Screenshots/iPhone X/Plan Detail/stm_standard life/20190812_181854/14.png, D:\\Test\\AgileTest\\AgileTest\\Reports\\mobileWeb\\plan detail\\20190812_173746\\../Screenshots/iPhone X/Plan Detail/stm_standard life/20190812_181854/15.png, D:\\Test\\AgileTest\\AgileTest\\Reports\\mobileWeb\\plan detail\\20190812_173746\\../Screenshots/iPhone X/Plan Detail/stm_standard life/20190812_181854/16.png, D:\\Test\\AgileTest\\AgileTest\\Reports\\mobileWeb\\plan detail\\20190812_173746\\../Screenshots/iPhone X/Plan Detail/stm_standard life/20190812_181854/17.png, D:\\Test\\AgileTest\\AgileTest\\Reports\\mobileWeb\\plan detail\\20190812_173746\\../Screenshots/iPhone X/Plan Detail/stm_standard life/20190812_181854/18.png, D:\\Test\\AgileTest\\AgileTest\\Reports\\mobileWeb\\plan detail\\20190812_173746\\../Screenshots/iPhone X/Plan Detail/stm_standard life/20190812_181854/19.png, D:\\Test\\AgileTest\\AgileTest\\Reports\\mobileWeb\\plan detail\\20190812_173746\\../Screenshots/iPhone X/Plan Detail/stm_standard life/20190812_181854/20.png, D:\\Test\\AgileTest\\AgileTest\\Reports\\mobileWeb\\plan detail\\20190812_173746\\../Screenshots/iPhone X/Plan Detail/stm_standard life/20190812_181854/21.png, D:\\Test\\AgileTest\\AgileTest\\Reports\\mobileWeb\\plan detail\\20190812_173746\\../Screenshots/iPhone X/Plan Detail/stm_standard life/20190812_181854/22.png, D:\\Test\\AgileTest\\AgileTest\\Reports\\mobileWeb\\plan detail\\20190812_173746\\../Screenshots/iPhone X/Plan Detail/stm_standard life/20190812_181854/23.png, D:\\Test\\AgileTest\\AgileTest\\Reports\\mobileWeb\\plan detail\\20190812_173746\\../Screenshots/iPhone X/Plan Detail/stm_standard life/20190812_181854/24.png, D:\\Test\\AgileTest\\AgileTest\\Reports\\mobileWeb\\plan detail\\20190812_173746\\../Screenshots/iPhone X/Plan Detail/stm_standard life/20190812_181854/25.png, D:\\Test\\AgileTest\\AgileTest\\Reports\\mobileWeb\\plan detail\\20190812_173746\\../Screenshots/iPhone X/Plan Detail/stm_standard life/20190812_181854/26.png, D:\\Test\\AgileTest\\AgileTest\\Reports\\mobileWeb\\plan detail\\20190812_173746\\../Screenshots/iPhone X/Plan Detail/stm_standard life/20190812_181854/27.png, D:\\Test\\AgileTest\\AgileTest\\Reports\\mobileWeb\\plan detail\\20190812_173746\\../Screenshots/iPhone X/Plan Detail/stm_standard life/20190812_181854/28.png, D:\\Test\\AgileTest\\AgileTest\\Reports\\mobileWeb\\plan detail\\20190812_173746\\../Screenshots/iPhone X/Plan Detail/stm_standard life/20190812_181854/29.png, D:\\Test\\AgileTest\\AgileTest\\Reports\\mobileWeb\\plan detail\\20190812_173746\\../Screenshots/iPhone X/Plan Detail/stm_standard life/20190812_181854/30.png, D:\\Test\\AgileTest\\AgileTest\\Reports\\mobileWeb\\plan detail\\20190812_173746\\../Screenshots/iPhone X/Plan Detail/stm_standard life/20190812_181854/31.png, D:\\Test\\AgileTest\\AgileTest\\Reports\\mobileWeb\\plan detail\\20190812_173746\\../Screenshots/iPhone X/Plan Detail/stm_standard life/20190812_181854/32.png, D:\\Test\\AgileTest\\AgileTest\\Reports\\mobileWeb\\plan detail\\20190812_173746\\../Screenshots/iPhone X/Plan Detail/stm_standard life/20190812_181854/33.png, D:\\Test\\AgileTest\\AgileTest\\Reports\\mobileWeb\\plan detail\\20190812_173746\\../Screenshots/iPhone X/Plan Detail/stm_standard life/20190812_181854/34.png, D:\\Test\\AgileTest\\AgileTest\\Reports\\mobileWeb\\plan detail\\20190812_173746\\../Screenshots/iPhone X/Plan Detail/stm_standard life/20190812_181854/35.png, D:\\Test\\AgileTest\\AgileTest\\Reports\\mobileWeb\\plan detail\\20190812_173746\\../Screenshots/iPhone X/Plan Detail/stm_standard life/20190812_181854/36.png, D:\\Test\\AgileTest\\AgileTest\\Reports\\mobileWeb\\plan detail\\20190812_173746\\../Screenshots/iPhone X/Plan Detail/stm_standard life/20190812_181854/37.png, D:\\Test\\AgileTest\\AgileTest\\Reports\\mobileWeb\\plan detail\\20190812_173746\\../Screenshots/iPhone X/Plan Detail/stm_standard life/20190812_181854/38.png, D:\\Test\\AgileTest\\AgileTest\\Reports\\mobileWeb\\plan detail\\20190812_173746\\../Screenshots/iPhone X/Plan Detail/stm_standard life/20190812_181854/39.png, D:\\Test\\AgileTest\\AgileTest\\Reports\\mobileWeb\\plan detail\\20190812_173746\\../Screenshots/iPhone X/Plan Detail/stm_standard life/20190812_181854/40.png, D:\\Test\\AgileTest\\AgileTest\\Reports\\mobileWeb\\plan detail\\20190812_173746\\../Screenshots/iPhone X/Plan Detail/stm_standard life/20190812_181854/41.png, D:\\Test\\AgileTest\\AgileTest\\Reports\\mobileWeb\\plan detail\\20190812_173746\\../Screenshots/iPhone X/Plan Detail/stm_standard life/20190812_181854/42.png, D:\\Test\\AgileTest\\AgileTest\\Reports\\mobileWeb\\plan detail\\20190812_173746\\../Screenshots/iPhone X/Plan Detail/stm_standard life/20190812_181854/43.png, D:\\Test\\AgileTest\\AgileTest\\Reports\\mobileWeb\\plan detail\\20190812_173746\\../Screenshots/iPhone X/Plan Detail/stm_standard life/20190812_181854/44.png, D:\\Test\\AgileTest\\AgileTest\\Reports\\mobileWeb\\plan detail\\20190812_173746\\../Screenshots/iPhone X/Plan Detail/stm_standard life/20190812_181854/45.png"/>
            <property name="hostName" value="sofee.yu - windows10.microdone.cn"/>
            <property name="os" value="Windows 7 64bit"/>
            <property name="katalonVersion" value="6.2.2.4"/>
            <property name="browser" value="Safari 11"/>
            <property name="hostAddress" value="172.16.86.47"/>
            <property name="sessionId" value="be6759a0d1a3090fedc30ee0fbc31b10"/>
            <property name="seleniumVersion" value="3.141.59"/>
            <property name="proxyInformation" value="ProxyInformation{proxyOption=NO_PROXY, proxyServerType=HTTP, password=, proxyServerAddress=, proxyServerPort=0}"/>
            <property name="platform" value="Windows 7"/>
        </properties>
        <testcase name="Test Cases/mobileWeb/Other Pages Check/Plan Detail/dental/national general" classname="Test Cases/mobileWeb/Other Pages Check/Plan Detail/dental/national general" status="PASSED">
            <system-out>2019-08-12 17:37:49 - [TEST_CASE][PASSED] - Test Cases/mobileWeb/Other Pages Check/Plan Detail/dental/national general: Test Cases/mobileWeb/Other Pages Check/Plan Detail/dental/national general&#xD;
&#xD;
2019-08-12 17:37:50 - [TEST_STEP][PASSED] - callTestCase(findTestCase("mobileWeb/_include/get_screenPath"), ["productLine":"Plan Detail", "carrierName":"dental national general"], CONTINUE_ON_FAILURE): Call Test Case 'Test Cases/mobileWeb/_include/get_screenPath' successfully&#xD;
&#xD;
2019-08-12 17:37:50 - [TEST_CASE][PASSED] - Test Cases/mobileWeb/_include/get_screenPath: Test Cases/mobileWeb/_include/get_screenPath&#xD;
&#xD;
2019-08-12 17:37:50 - [TEST_STEP][PASSED] - m = getExecutionProperties(): null&#xD;
&#xD;
2019-08-12 17:37:50 - [TEST_STEP][PASSED] - deviceName = get("mobileEmulation").get("deviceName"): null&#xD;
&#xD;
2019-08-12 17:37:50 - [TEST_STEP][PASSED] - println(deviceName): null&#xD;
&#xD;
2019-08-12 17:37:50 - [TEST_STEP][PASSED] - now = new java.util.Date(): null&#xD;
&#xD;
2019-08-12 17:37:50 - [TEST_STEP][PASSED] - mydate = now.format("yyyyMMdd_HHmmss"): null&#xD;
&#xD;
2019-08-12 17:37:50 - [TEST_STEP][PASSED] - screenPath = "../Screenshots/": null&#xD;
&#xD;
2019-08-12 17:37:51 - [TEST_STEP][PASSED] - screenPath = screenPath + deviceName + "/" + productLine + "/" + carrierName + "/" + mydate + "/": null&#xD;
&#xD;
2019-08-12 17:37:51 - [TEST_STEP][PASSED] - println(screenPath): null&#xD;
&#xD;
2019-08-12 17:37:51 - [MESSAGE][PASSED] - Call Test Case 'Test Cases/mobileWeb/_include/get_screenPath' successfully&#xD;
&#xD;
2019-08-12 17:37:51 - [TEST_STEP][PASSED] - i = 0: null&#xD;
&#xD;
2019-08-12 17:37:51 - [TEST_STEP][PASSED] - openBrowser("https://praetemptatus.agilehealthinsurance.com/health-benefit-insurance/plan/nationalgeneral-dental-essentials-al?census[location][zip]=35215&amp;census[member][0][dob]=1/1/1980&amp;census[member][0][gender]=F&amp;census[member][0][role]=P"): Browser is opened with url: 'https://praetemptatus.agilehealthinsurance.com/health-benefit-insurance/plan/nationalgeneral-dental-essentials-al?census[location][zip]=35215&amp;census[member][0][dob]=1/1/1980&amp;census[member][0][gender]=F&amp;census[member][0][role]=P'&#xD;
&#xD;
2019-08-12 17:37:51 - [MESSAGE][INFO] - Starting 'Chrome' driver&#xD;
&#xD;
2019-08-12 17:37:51 - [MESSAGE][INFO] - User set preference: ['mobileEmulation', '{deviceName=iPhone X}']&#xD;
&#xD;
2019-08-12 17:37:51 - [MESSAGE][INFO] - User set preference: ['args', '[--incognito, --aggressive-cache-discard, --no-sandbox, --window-size=375,812]']&#xD;
&#xD;
2019-08-12 17:37:51 - [MESSAGE][INFO] - Action delay is set to 0 seconds&#xD;
&#xD;
2019-08-12 17:38:02 - [MESSAGE][PASSED] - Browser is opened with url: 'https://praetemptatus.agilehealthinsurance.com/health-benefit-insurance/plan/nationalgeneral-dental-essentials-al?census[location][zip]=35215&amp;census[member][0][dob]=1/1/1980&amp;census[member][0][gender]=F&amp;census[member][0][role]=P'&#xD;
&#xD;
2019-08-12 17:38:02 - [TEST_STEP][PASSED] - waitForPageLoad(20): Wait for page load successfully&#xD;
&#xD;
2019-08-12 17:38:02 - [MESSAGE][PASSED] - Wait for page load successfully&#xD;
&#xD;
2019-08-12 17:38:02 - [TEST_STEP][PASSED] - callTestCase(findTestCase("mobileWeb/_include/get_scrollScreenshot"), [:], STOP_ON_FAILURE): Call Test Case 'Test Cases/mobileWeb/_include/get_scrollScreenshot' successfully&#xD;
&#xD;
2019-08-12 17:38:02 - [TEST_CASE][PASSED] - Test Cases/mobileWeb/_include/get_scrollScreenshot: Test Cases/mobileWeb/_include/get_scrollScreenshot&#xD;
&#xD;
2019-08-12 17:38:03 - [TEST_STEP][PASSED] - pageHeight = getPageHeight(): Current page's height is 1902&#xD;
&#xD;
2019-08-12 17:38:03 - [MESSAGE][PASSED] - Current page's height is 1902&#xD;
&#xD;
2019-08-12 17:38:03 - [TEST_STEP][PASSED] - for ([y = 600, y &lt; pageHeight, y = y + 600]): null&#xD;
&#xD;
2019-08-12 17:38:03 - [TEST_STEP][PASSED] - callTestCase(findTestCase("mobileWeb/_include/get_screenshot"), [:], STOP_ON_FAILURE): Call Test Case 'Test Cases/mobileWeb/_include/get_screenshot' successfully&#xD;
&#xD;
2019-08-12 17:38:03 - [TEST_CASE][PASSED] - Test Cases/mobileWeb/_include/get_screenshot: Test Cases/mobileWeb/_include/get_screenshot&#xD;
&#xD;
2019-08-12 17:38:03 - [TEST_STEP][PASSED] - takeScreenshot(screenPath + i + ".png"): Taking screenshot successfully&#xD;
&#xD;
2019-08-12 17:38:04 - [MESSAGE][PASSED] - Taking screenshot successfully&#xD;
[[ATTACHMENT|D:\\Test\\AgileTest\\AgileTest\\Reports\\mobileWeb\\plan detail\\20190812_173746\\../Screenshots/iPhone X/Plan Detail/dental national general/20190812_173750/0.png]]&#xD;
&#xD;
2019-08-12 17:38:04 - [TEST_STEP][PASSED] - (internal.GlobalVariable.i++): null&#xD;
&#xD;
2019-08-12 17:38:04 - [MESSAGE][PASSED] - Call Test Case 'Test Cases/mobileWeb/_include/get_screenshot' successfully&#xD;
&#xD;
2019-08-12 17:38:04 - [TEST_STEP][PASSED] - scrollToPosition(0, y): Browser is scrolled to position x = 0, y = 600&#xD;
&#xD;
2019-08-12 17:38:04 - [MESSAGE][PASSED] - Browser is scrolled to position x = 0, y = 600&#xD;
&#xD;
2019-08-12 17:38:04 - [TEST_STEP][PASSED] - Thread.sleep(3000): null&#xD;
&#xD;
2019-08-12 17:38:07 - [TEST_STEP][PASSED] - callTestCase(findTestCase("mobileWeb/_include/get_screenshot"), [:], STOP_ON_FAILURE): Call Test Case 'Test Cases/mobileWeb/_include/get_screenshot' successfully&#xD;
&#xD;
2019-08-12 17:38:07 - [TEST_CASE][PASSED] - Test Cases/mobileWeb/_include/get_screenshot: Test Cases/mobileWeb/_include/get_screenshot&#xD;
&#xD;
2019-08-12 17:38:07 - [TEST_STEP][PASSED] - takeScreenshot(screenPath + i + ".png"): Taking screenshot successfully&#xD;
&#xD;
2019-08-12 17:38:08 - [MESSAGE][PASSED] - Taking screenshot successfully&#xD;
[[ATTACHMENT|D:\\Test\\AgileTest\\AgileTest\\Reports\\mobileWeb\\plan detail\\20190812_173746\\../Screenshots/iPhone X/Plan Detail/dental national general/20190812_173750/1.png]]&#xD;
&#xD;
2019-08-12 17:38:08 - [TEST_STEP][PASSED] - (internal.GlobalVariable.i++): null&#xD;
&#xD;
2019-08-12 17:38:08 - [MESSAGE][PASSED] - Call Test Case 'Test Cases/mobileWeb/_include/get_screenshot' successfully&#xD;
&#xD;
2019-08-12 17:38:08 - [TEST_STEP][PASSED] - scrollToPosition(0, y): Browser is scrolled to position x = 0, y = 1200&#xD;
&#xD;
2019-08-12 17:38:08 - [MESSAGE][PASSED] - Browser is scrolled to position x = 0, y = 1200&#xD;
&#xD;
2019-08-12 17:38:08 - [TEST_STEP][PASSED] - Thread.sleep(3000): null&#xD;
&#xD;
2019-08-12 17:38:11 - [TEST_STEP][PASSED] - callTestCase(findTestCase("mobileWeb/_include/get_screenshot"), [:], STOP_ON_FAILURE): Call Test Case 'Test Cases/mobileWeb/_include/get_screenshot' successfully&#xD;
&#xD;
2019-08-12 17:38:11 - [TEST_CASE][PASSED] - Test Cases/mobileWeb/_include/get_screenshot: Test Cases/mobileWeb/_include/get_screenshot&#xD;
&#xD;
2019-08-12 17:38:11 - [TEST_STEP][PASSED] - takeScreenshot(screenPath + i + ".png"): Taking screenshot successfully&#xD;
&#xD;
2019-08-12 17:38:12 - [MESSAGE][PASSED] - Taking screenshot successfully&#xD;
[[ATTACHMENT|D:\\Test\\AgileTest\\AgileTest\\Reports\\mobileWeb\\plan detail\\20190812_173746\\../Screenshots/iPhone X/Plan Detail/dental national general/20190812_173750/2.png]]&#xD;
&#xD;
2019-08-12 17:38:12 - [TEST_STEP][PASSED] - (internal.GlobalVariable.i++): null&#xD;
&#xD;
2019-08-12 17:38:12 - [MESSAGE][PASSED] - Call Test Case 'Test Cases/mobileWeb/_include/get_screenshot' successfully&#xD;
&#xD;
2019-08-12 17:38:12 - [TEST_STEP][PASSED] - scrollToPosition(0, y): Browser is scrolled to position x = 0, y = 1800&#xD;
&#xD;
2019-08-12 17:38:12 - [MESSAGE][PASSED] - Browser is scrolled to position x = 0, y = 1800&#xD;
&#xD;
2019-08-12 17:38:12 - [TEST_STEP][PASSED] - Thread.sleep(3000): null&#xD;
&#xD;
2019-08-12 17:38:15 - [MESSAGE][PASSED] - Call Test Case 'Test Cases/mobileWeb/_include/get_scrollScreenshot' successfully</system-out>
            <system-err></system-err>
        </testcase>
        <testcase name="Test Cases/mobileWeb/Other Pages Check/Plan Detail/dental/nationwide" classname="Test Cases/mobileWeb/Other Pages Check/Plan Detail/dental/nationwide" status="PASSED">
            <system-out>2019-08-12 17:38:15 - [TEST_CASE][PASSED] - Test Cases/mobileWeb/Other Pages Check/Plan Detail/dental/nationwide: Test Cases/mobileWeb/Other Pages Check/Plan Detail/dental/nationwide&#xD;
&#xD;
2019-08-12 17:38:15 - [TEST_STEP][PASSED] - callTestCase(findTestCase("mobileWeb/_include/get_screenPath"), ["productLine":"Plan Detail", "carrierName":"dental nationwide"], CONTINUE_ON_FAILURE): Call Test Case 'Test Cases/mobileWeb/_include/get_screenPath' successfully&#xD;
&#xD;
2019-08-12 17:38:15 - [TEST_CASE][PASSED] - Test Cases/mobileWeb/_include/get_screenPath: Test Cases/mobileWeb/_include/get_screenPath&#xD;
&#xD;
2019-08-12 17:38:15 - [TEST_STEP][PASSED] - m = getExecutionProperties(): null&#xD;
&#xD;
2019-08-12 17:38:15 - [TEST_STEP][PASSED] - deviceName = get("mobileEmulation").get("deviceName"): null&#xD;
&#xD;
2019-08-12 17:38:15 - [TEST_STEP][PASSED] - println(deviceName): null&#xD;
&#xD;
2019-08-12 17:38:15 - [TEST_STEP][PASSED] - now = new java.util.Date(): null&#xD;
&#xD;
2019-08-12 17:38:15 - [TEST_STEP][PASSED] - mydate = now.format("yyyyMMdd_HHmmss"): null&#xD;
&#xD;
2019-08-12 17:38:15 - [TEST_STEP][PASSED] - screenPath = "../Screenshots/": null&#xD;
&#xD;
2019-08-12 17:38:15 - [TEST_STEP][PASSED] - screenPath = screenPath + deviceName + "/" + productLine + "/" + carrierName + "/" + mydate + "/": null&#xD;
&#xD;
2019-08-12 17:38:15 - [TEST_STEP][PASSED] - println(screenPath): null&#xD;
&#xD;
2019-08-12 17:38:15 - [MESSAGE][PASSED] - Call Test Case 'Test Cases/mobileWeb/_include/get_screenPath' successfully&#xD;
&#xD;
2019-08-12 17:38:15 - [TEST_STEP][PASSED] - i = 0: null&#xD;
&#xD;
2019-08-12 17:38:15 - [TEST_STEP][PASSED] - openBrowser("https://praetemptatus.agilehealthinsurance.com/health-benefit-insurance/plan/foundation-dental-defender-al?census[location][zip]=35215&amp;census[member][0][dob]=1/1/1980&amp;census[member][0][gender]=F&amp;census[member][0][role]=P"): Browser is opened with url: 'https://praetemptatus.agilehealthinsurance.com/health-benefit-insurance/plan/foundation-dental-defender-al?census[location][zip]=35215&amp;census[member][0][dob]=1/1/1980&amp;census[member][0][gender]=F&amp;census[member][0][role]=P'&#xD;
&#xD;
2019-08-12 17:38:15 - [MESSAGE][WARNING] - A browser is already opened. Closing browser and opening a new one&#xD;
&#xD;
2019-08-12 17:38:16 - [MESSAGE][INFO] - Starting 'Chrome' driver&#xD;
&#xD;
2019-08-12 17:38:16 - [MESSAGE][INFO] - User set preference: ['mobileEmulation', '{deviceName=iPhone X}']&#xD;
&#xD;
2019-08-12 17:38:16 - [MESSAGE][INFO] - User set preference: ['args', '[--incognito, --aggressive-cache-discard, --no-sandbox, --window-size=375,812]']&#xD;
&#xD;
2019-08-12 17:38:23 - [MESSAGE][PASSED] - Browser is opened with url: 'https://praetemptatus.agilehealthinsurance.com/health-benefit-insurance/plan/foundation-dental-defender-al?census[location][zip]=35215&amp;census[member][0][dob]=1/1/1980&amp;census[member][0][gender]=F&amp;census[member][0][role]=P'&#xD;
&#xD;
2019-08-12 17:38:23 - [TEST_STEP][PASSED] - waitForPageLoad(20): Wait for page load successfully&#xD;
&#xD;
2019-08-12 17:38:23 - [MESSAGE][PASSED] - Wait for page load successfully&#xD;
&#xD;
2019-08-12 17:38:23 - [TEST_STEP][PASSED] - callTestCase(findTestCase("mobileWeb/_include/get_scrollScreenshot"), [:], STOP_ON_FAILURE): Call Test Case 'Test Cases/mobileWeb/_include/get_scrollScreenshot' successfully&#xD;
&#xD;
2019-08-12 17:38:23 - [TEST_CASE][PASSED] - Test Cases/mobileWeb/_include/get_scrollScreenshot: Test Cases/mobileWeb/_include/get_scrollScreenshot&#xD;
&#xD;
2019-08-12 17:38:23 - [TEST_STEP][PASSED] - pageHeight = getPageHeight(): Current page's height is 1902&#xD;
&#xD;
2019-08-12 17:38:23 - [MESSAGE][PASSED] - Current page's height is 1902&#xD;
&#xD;
2019-08-12 17:38:23 - [TEST_STEP][PASSED] - for ([y = 600, y &lt; pageHeight, y = y + 600]): null&#xD;
&#xD;
2019-08-12 17:38:23 - [TEST_STEP][PASSED] - callTestCase(findTestCase("mobileWeb/_include/get_screenshot"), [:], STOP_ON_FAILURE): Call Test Case 'Test Cases/mobileWeb/_include/get_screenshot' successfully&#xD;
&#xD;
2019-08-12 17:38:23 - [TEST_CASE][PASSED] - Test Cases/mobileWeb/_include/get_screenshot: Test Cases/mobileWeb/_include/get_screenshot&#xD;
&#xD;
2019-08-12 17:38:23 - [TEST_STEP][PASSED] - takeScreenshot(screenPath + i + ".png"): Taking screenshot successfully&#xD;
&#xD;
2019-08-12 17:38:24 - [MESSAGE][PASSED] - Taking screenshot successfully&#xD;
[[ATTACHMENT|D:\\Test\\AgileTest\\AgileTest\\Reports\\mobileWeb\\plan detail\\20190812_173746\\../Screenshots/iPhone X/Plan Detail/dental nationwide/20190812_173815/0.png]]&#xD;
&#xD;
2019-08-12 17:38:24 - [TEST_STEP][PASSED] - (internal.GlobalVariable.i++): null&#xD;
&#xD;
2019-08-12 17:38:24 - [MESSAGE][PASSED] - Call Test Case 'Test Cases/mobileWeb/_include/get_screenshot' successfully&#xD;
&#xD;
2019-08-12 17:38:24 - [TEST_STEP][PASSED] - scrollToPosition(0, y): Browser is scrolled to position x = 0, y = 600&#xD;
&#xD;
2019-08-12 17:38:24 - [MESSAGE][PASSED] - Browser is scrolled to position x = 0, y = 600&#xD;
&#xD;
2019-08-12 17:38:24 - [TEST_STEP][PASSED] - Thread.sleep(3000): null&#xD;
&#xD;
2019-08-12 17:38:27 - [TEST_STEP][PASSED] - callTestCase(findTestCase("mobileWeb/_include/get_screenshot"), [:], STOP_ON_FAILURE): Call Test Case 'Test Cases/mobileWeb/_include/get_screenshot' successfully&#xD;
&#xD;
2019-08-12 17:38:27 - [TEST_CASE][PASSED] - Test Cases/mobileWeb/_include/get_screenshot: Test Cases/mobileWeb/_include/get_screenshot&#xD;
&#xD;
2019-08-12 17:38:27 - [TEST_STEP][PASSED] - takeScreenshot(screenPath + i + ".png"): Taking screenshot successfully&#xD;
&#xD;
2019-08-12 17:38:28 - [MESSAGE][PASSED] - Taking screenshot successfully&#xD;
[[ATTACHMENT|D:\\Test\\AgileTest\\AgileTest\\Reports\\mobileWeb\\plan detail\\20190812_173746\\../Screenshots/iPhone X/Plan Detail/dental nationwide/20190812_173815/1.png]]&#xD;
&#xD;
2019-08-12 17:38:28 - [TEST_STEP][PASSED] - (internal.GlobalVariable.i++): null&#xD;
&#xD;
2019-08-12 17:38:28 - [MESSAGE][PASSED] - Call Test Case 'Test Cases/mobileWeb/_include/get_screenshot' successfully&#xD;
&#xD;
2019-08-12 17:38:28 - [TEST_STEP][PASSED] - scrollToPosition(0, y): Browser is scrolled to position x = 0, y = 1200&#xD;
&#xD;
2019-08-12 17:38:28 - [MESSAGE][PASSED] - Browser is scrolled to position x = 0, y = 1200&#xD;
&#xD;
2019-08-12 17:38:28 - [TEST_STEP][PASSED] - Thread.sleep(3000): null&#xD;
&#xD;
2019-08-12 17:38:31 - [TEST_STEP][PASSED] - callTestCase(findTestCase("mobileWeb/_include/get_screenshot"), [:], STOP_ON_FAILURE): Call Test Case 'Test Cases/mobileWeb/_include/get_screenshot' successfully&#xD;
&#xD;
2019-08-12 17:38:31 - [TEST_CASE][PASSED] - Test Cases/mobileWeb/_include/get_screenshot: Test Cases/mobileWeb/_include/get_screenshot&#xD;
&#xD;
2019-08-12 17:38:31 - [TEST_STEP][PASSED] - takeScreenshot(screenPath + i + ".png"): Taking screenshot successfully&#xD;
&#xD;
2019-08-12 17:38:31 - [MESSAGE][PASSED] - Taking screenshot successfully&#xD;
[[ATTACHMENT|D:\\Test\\AgileTest\\AgileTest\\Reports\\mobileWeb\\plan detail\\20190812_173746\\../Screenshots/iPhone X/Plan Detail/dental nationwide/20190812_173815/2.png]]&#xD;
&#xD;
2019-08-12 17:38:31 - [TEST_STEP][PASSED] - (internal.GlobalVariable.i++): null&#xD;
&#xD;
2019-08-12 17:38:31 - [MESSAGE][PASSED] - Call Test Case 'Test Cases/mobileWeb/_include/get_screenshot' successfully&#xD;
&#xD;
2019-08-12 17:38:31 - [TEST_STEP][PASSED] - scrollToPosition(0, y): Browser is scrolled to position x = 0, y = 1800&#xD;
&#xD;
2019-08-12 17:38:31 - [MESSAGE][PASSED] - Browser is scrolled to position x = 0, y = 1800&#xD;
&#xD;
2019-08-12 17:38:32 - [TEST_STEP][PASSED] - Thread.sleep(3000): null&#xD;
&#xD;
2019-08-12 17:38:35 - [MESSAGE][PASSED] - Call Test Case 'Test Cases/mobileWeb/_include/get_scrollScreenshot' successfully</system-out>
            <system-err></system-err>
        </testcase>
        <testcase name="Test Cases/mobileWeb/Other Pages Check/Plan Detail/hbi/agile one" classname="Test Cases/mobileWeb/Other Pages Check/Plan Detail/hbi/agile one" status="PASSED">
            <system-out>2019-08-12 17:38:35 - [TEST_CASE][PASSED] - Test Cases/mobileWeb/Other Pages Check/Plan Detail/hbi/agile one: Test Cases/mobileWeb/Other Pages Check/Plan Detail/hbi/agile one&#xD;
&#xD;
2019-08-12 17:38:35 - [TEST_STEP][PASSED] - callTestCase(findTestCase("mobileWeb/_include/get_screenPath"), ["productLine":"Plan Detail", "carrierName":"hbi agile one"], CONTINUE_ON_FAILURE): Call Test Case 'Test Cases/mobileWeb/_include/get_screenPath' successfully&#xD;
&#xD;
2019-08-12 17:38:35 - [TEST_CASE][PASSED] - Test Cases/mobileWeb/_include/get_screenPath: Test Cases/mobileWeb/_include/get_screenPath&#xD;
&#xD;
2019-08-12 17:38:35 - [TEST_STEP][PASSED] - m = getExecutionProperties(): null&#xD;
&#xD;
2019-08-12 17:38:35 - [TEST_STEP][PASSED] - deviceName = get("mobileEmulation").get("deviceName"): null&#xD;
&#xD;
2019-08-12 17:38:35 - [TEST_STEP][PASSED] - println(deviceName): null&#xD;
&#xD;
2019-08-12 17:38:35 - [TEST_STEP][PASSED] - now = new java.util.Date(): null&#xD;
&#xD;
2019-08-12 17:38:35 - [TEST_STEP][PASSED] - mydate = now.format("yyyyMMdd_HHmmss"): null&#xD;
&#xD;
2019-08-12 17:38:35 - [TEST_STEP][PASSED] - screenPath = "../Screenshots/": null&#xD;
&#xD;
2019-08-12 17:38:35 - [TEST_STEP][PASSED] - screenPath = screenPath + deviceName + "/" + productLine + "/" + carrierName + "/" + mydate + "/": null&#xD;
&#xD;
2019-08-12 17:38:35 - [TEST_STEP][PASSED] - println(screenPath): null&#xD;
&#xD;
2019-08-12 17:38:35 - [MESSAGE][PASSED] - Call Test Case 'Test Cases/mobileWeb/_include/get_screenPath' successfully&#xD;
&#xD;
2019-08-12 17:38:35 - [TEST_STEP][PASSED] - i = 0: null&#xD;
&#xD;
2019-08-12 17:38:35 - [TEST_STEP][PASSED] - openBrowser("https://praetemptatus.agilehealthinsurance.com/health-benefit-insurance/plan/agileone-al-750?census[location][zip]=35215&amp;census[member][0][dob]=1/1/1980&amp;census[member][0][gender]=F&amp;census[member][0][role]=P"): Browser is opened with url: 'https://praetemptatus.agilehealthinsurance.com/health-benefit-insurance/plan/agileone-al-750?census[location][zip]=35215&amp;census[member][0][dob]=1/1/1980&amp;census[member][0][gender]=F&amp;census[member][0][role]=P'&#xD;
&#xD;
2019-08-12 17:38:35 - [MESSAGE][WARNING] - A browser is already opened. Closing browser and opening a new one&#xD;
&#xD;
2019-08-12 17:38:36 - [MESSAGE][INFO] - Starting 'Chrome' driver&#xD;
&#xD;
2019-08-12 17:38:36 - [MESSAGE][INFO] - User set preference: ['mobileEmulation', '{deviceName=iPhone X}']&#xD;
&#xD;
2019-08-12 17:38:36 - [MESSAGE][INFO] - User set preference: ['args', '[--incognito, --aggressive-cache-discard, --no-sandbox, --window-size=375,812]']&#xD;
&#xD;
2019-08-12 17:38:44 - [MESSAGE][PASSED] - Browser is opened with url: 'https://praetemptatus.agilehealthinsurance.com/health-benefit-insurance/plan/agileone-al-750?census[location][zip]=35215&amp;census[member][0][dob]=1/1/1980&amp;census[member][0][gender]=F&amp;census[member][0][role]=P'&#xD;
&#xD;
2019-08-12 17:38:44 - [TEST_STEP][PASSED] - waitForPageLoad(20): Wait for page load successfully&#xD;
&#xD;
2019-08-12 17:38:44 - [MESSAGE][PASSED] - Wait for page load successfully&#xD;
&#xD;
2019-08-12 17:38:44 - [TEST_STEP][PASSED] - callTestCase(findTestCase("mobileWeb/_include/get_scrollScreenshot"), [:], STOP_ON_FAILURE): Call Test Case 'Test Cases/mobileWeb/_include/get_scrollScreenshot' successfully&#xD;
&#xD;
2019-08-12 17:38:44 - [TEST_CASE][PASSED] - Test Cases/mobileWeb/_include/get_scrollScreenshot: Test Cases/mobileWeb/_include/get_scrollScreenshot&#xD;
&#xD;
2019-08-12 17:38:44 - [TEST_STEP][PASSED] - pageHeight = getPageHeight(): Current page's height is 7793&#xD;
&#xD;
2019-08-12 17:38:44 - [MESSAGE][PASSED] - Current page's height is 7793&#xD;
&#xD;
2019-08-12 17:38:44 - [TEST_STEP][PASSED] - for ([y = 600, y &lt; pageHeight, y = y + 600]): null&#xD;
&#xD;
2019-08-12 17:38:44 - [TEST_STEP][PASSED] - callTestCase(findTestCase("mobileWeb/_include/get_screenshot"), [:], STOP_ON_FAILURE): Call Test Case 'Test Cases/mobileWeb/_include/get_screenshot' successfully&#xD;
&#xD;
2019-08-12 17:38:45 - [TEST_CASE][PASSED] - Test Cases/mobileWeb/_include/get_screenshot: Test Cases/mobileWeb/_include/get_screenshot&#xD;
&#xD;
2019-08-12 17:38:45 - [TEST_STEP][PASSED] - takeScreenshot(screenPath + i + ".png"): Taking screenshot successfully&#xD;
&#xD;
2019-08-12 17:38:45 - [MESSAGE][PASSED] - Taking screenshot successfully&#xD;
[[ATTACHMENT|D:\\Test\\AgileTest\\AgileTest\\Reports\\mobileWeb\\plan detail\\20190812_173746\\../Screenshots/iPhone X/Plan Detail/hbi agile one/20190812_173835/0.png]]&#xD;
&#xD;
2019-08-12 17:38:45 - [TEST_STEP][PASSED] - (internal.GlobalVariable.i++): null&#xD;
&#xD;
2019-08-12 17:38:45 - [MESSAGE][PASSED] - Call Test Case 'Test Cases/mobileWeb/_include/get_screenshot' successfully&#xD;
&#xD;
2019-08-12 17:38:45 - [TEST_STEP][PASSED] - scrollToPosition(0, y): Browser is scrolled to position x = 0, y = 600&#xD;
&#xD;
2019-08-12 17:38:45 - [MESSAGE][PASSED] - Browser is scrolled to position x = 0, y = 600&#xD;
&#xD;
2019-08-12 17:38:45 - [TEST_STEP][PASSED] - Thread.sleep(3000): null&#xD;
&#xD;
2019-08-12 17:38:48 - [TEST_STEP][PASSED] - callTestCase(findTestCase("mobileWeb/_include/get_screenshot"), [:], STOP_ON_FAILURE): Call Test Case 'Test Cases/mobileWeb/_include/get_screenshot' successfully&#xD;
&#xD;
2019-08-12 17:38:48 - [TEST_CASE][PASSED] - Test Cases/mobileWeb/_include/get_screenshot: Test Cases/mobileWeb/_include/get_screenshot&#xD;
&#xD;
2019-08-12 17:38:48 - [TEST_STEP][PASSED] - takeScreenshot(screenPath + i + ".png"): Taking screenshot successfully&#xD;
&#xD;
2019-08-12 17:38:49 - [MESSAGE][PASSED] - Taking screenshot successfully&#xD;
[[ATTACHMENT|D:\\Test\\AgileTest\\AgileTest\\Reports\\mobileWeb\\plan detail\\20190812_173746\\../Screenshots/iPhone X/Plan Detail/hbi agile one/20190812_173835/1.png]]&#xD;
&#xD;
2019-08-12 17:38:49 - [TEST_STEP][PASSED] - (internal.GlobalVariable.i++): null&#xD;
&#xD;
2019-08-12 17:38:49 - [MESSAGE][PASSED] - Call Test Case 'Test Cases/mobileWeb/_include/get_screenshot' successfully&#xD;
&#xD;
2019-08-12 17:38:49 - [TEST_STEP][PASSED] - scrollToPosition(0, y): Browser is scrolled to position x = 0, y = 1200&#xD;
&#xD;
2019-08-12 17:38:49 - [MESSAGE][PASSED] - Browser is scrolled to position x = 0, y = 1200&#xD;
&#xD;
2019-08-12 17:38:49 - [TEST_STEP][PASSED] - Thread.sleep(3000): null&#xD;
&#xD;
2019-08-12 17:38:52 - [TEST_STEP][PASSED] - callTestCase(findTestCase("mobileWeb/_include/get_screenshot"), [:], STOP_ON_FAILURE): Call Test Case 'Test Cases/mobileWeb/_include/get_screenshot' successfully&#xD;
&#xD;
2019-08-12 17:38:52 - [TEST_CASE][PASSED] - Test Cases/mobileWeb/_include/get_screenshot: Test Cases/mobileWeb/_include/get_screenshot&#xD;
&#xD;
2019-08-12 17:38:52 - [TEST_STEP][PASSED] - takeScreenshot(screenPath + i + ".png"): Taking screenshot successfully&#xD;
&#xD;
2019-08-12 17:38:53 - [MESSAGE][PASSED] - Taking screenshot successfully&#xD;
[[ATTACHMENT|D:\\Test\\AgileTest\\AgileTest\\Reports\\mobileWeb\\plan detail\\20190812_173746\\../Screenshots/iPhone X/Plan Detail/hbi agile one/20190812_173835/2.png]]&#xD;
&#xD;
2019-08-12 17:38:53 - [TEST_STEP][PASSED] - (internal.GlobalVariable.i++): null&#xD;
&#xD;
2019-08-12 17:38:53 - [MESSAGE][PASSED] - Call Test Case 'Test Cases/mobileWeb/_include/get_screenshot' successfully&#xD;
&#xD;
2019-08-12 17:38:53 - [TEST_STEP][PASSED] - scrollToPosition(0, y): Browser is scrolled to position x = 0, y = 1800&#xD;
&#xD;
2019-08-12 17:38:53 - [MESSAGE][PASSED] - Browser is scrolled to position x = 0, y = 1800&#xD;
&#xD;
2019-08-12 17:38:53 - [TEST_STEP][PASSED] - Thread.sleep(3000): null&#xD;
&#xD;
2019-08-12 17:38:56 - [TEST_STEP][PASSED] - callTestCase(findTestCase("mobileWeb/_include/get_screenshot"), [:], STOP_ON_FAILURE): Call Test Case 'Test Cases/mobileWeb/_include/get_screenshot' successfully&#xD;
&#xD;
2019-08-12 17:38:56 - [TEST_CASE][PASSED] - Test Cases/mobileWeb/_include/get_screenshot: Test Cases/mobileWeb/_include/get_screenshot&#xD;
&#xD;
2019-08-12 17:38:56 - [TEST_STEP][PASSED] - takeScreenshot(screenPath + i + ".png"): Taking screenshot successfully&#xD;
&#xD;
2019-08-12 17:38:57 - [MESSAGE][PASSED] - Taking screenshot successfully&#xD;
[[ATTACHMENT|D:\\Test\\AgileTest\\AgileTest\\Reports\\mobileWeb\\plan detail\\20190812_173746\\../Screenshots/iPhone X/Plan Detail/hbi agile one/20190812_173835/3.png]]&#xD;
&#xD;
2019-08-12 17:38:57 - [TEST_STEP][PASSED] - (internal.GlobalVariable.i++): null&#xD;
&#xD;
2019-08-12 17:38:57 - [MESSAGE][PASSED] - Call Test Case 'Test Cases/mobileWeb/_include/get_screenshot' successfully&#xD;
&#xD;
2019-08-12 17:38:57 - [TEST_STEP][PASSED] - scrollToPosition(0, y): Browser is scrolled to position x = 0, y = 2400&#xD;
&#xD;
2019-08-12 17:38:57 - [MESSAGE][PASSED] - Browser is scrolled to position x = 0, y = 2400&#xD;
&#xD;
2019-08-12 17:38:57 - [TEST_STEP][PASSED] - Thread.sleep(3000): null&#xD;
&#xD;
2019-08-12 17:39:00 - [TEST_STEP][PASSED] - callTestCase(findTestCase("mobileWeb/_include/get_screenshot"), [:], STOP_ON_FAILURE): Call Test Case 'Test Cases/mobileWeb/_include/get_screenshot' successfully&#xD;
&#xD;
2019-08-12 17:39:00 - [TEST_CASE][PASSED] - Test Cases/mobileWeb/_include/get_screenshot: Test Cases/mobileWeb/_include/get_screenshot&#xD;
&#xD;
2019-08-12 17:39:00 - [TEST_STEP][PASSED] - takeScreenshot(screenPath + i + ".png"): Taking screenshot successfully&#xD;
&#xD;
2019-08-12 17:39:01 - [MESSAGE][PASSED] - Taking screenshot successfully&#xD;
[[ATTACHMENT|D:\\Test\\AgileTest\\AgileTest\\Reports\\mobileWeb\\plan detail\\20190812_173746\\../Screenshots/iPhone X/Plan Detail/hbi agile one/20190812_173835/4.png]]&#xD;
&#xD;
2019-08-12 17:39:01 - [TEST_STEP][PASSED] - (internal.GlobalVariable.i++): null&#xD;
&#xD;
2019-08-12 17:39:01 - [MESSAGE][PASSED] - Call Test Case 'Test Cases/mobileWeb/_include/get_screenshot' successfully&#xD;
&#xD;
2019-08-12 17:39:01 - [TEST_STEP][PASSED] - scrollToPosition(0, y): Browser is scrolled to position x = 0, y = 3000&#xD;
&#xD;
2019-08-12 17:39:01 - [MESSAGE][PASSED] - Browser is scrolled to position x = 0, y = 3000&#xD;
&#xD;
2019-08-12 17:39:01 - [TEST_STEP][PASSED] - Thread.sleep(3000): null&#xD;
&#xD;
2019-08-12 17:39:04 - [TEST_STEP][PASSED] - callTestCase(findTestCase("mobileWeb/_include/get_screenshot"), [:], STOP_ON_FAILURE): Call Test Case 'Test Cases/mobileWeb/_include/get_screenshot' successfully&#xD;
&#xD;
2019-08-12 17:39:04 - [TEST_CASE][PASSED] - Test Cases/mobileWeb/_include/get_screenshot: Test Cases/mobileWeb/_include/get_screenshot&#xD;
&#xD;
2019-08-12 17:39:04 - [TEST_STEP][PASSED] - takeScreenshot(screenPath + i + ".png"): Taking screenshot successfully&#xD;
&#xD;
2019-08-12 17:39:04 - [MESSAGE][PASSED] - Taking screenshot successfully&#xD;
[[ATTACHMENT|D:\\Test\\AgileTest\\AgileTest\\Reports\\mobileWeb\\plan detail\\20190812_173746\\../Screenshots/iPhone X/Plan Detail/hbi agile one/20190812_173835/5.png]]&#xD;
&#xD;
2019-08-12 17:39:04 - [TEST_STEP][PASSED] - (internal.GlobalVariable.i++): null&#xD;
&#xD;
2019-08-12 17:39:04 - [MESSAGE][PASSED] - Call Test Case 'Test Cases/mobileWeb/_include/get_screenshot' successfully&#xD;
&#xD;
2019-08-12 17:39:04 - [TEST_STEP][PASSED] - scrollToPosition(0, y): Browser is scrolled to position x = 0, y = 3600&#xD;
&#xD;
2019-08-12 17:39:04 - [MESSAGE][PASSED] - Browser is scrolled to position x = 0, y = 3600&#xD;
&#xD;
2019-08-12 17:39:04 - [TEST_STEP][PASSED] - Thread.sleep(3000): null&#xD;
&#xD;
2019-08-12 17:39:07 - [TEST_STEP][PASSED] - callTestCase(findTestCase("mobileWeb/_include/get_screenshot"), [:], STOP_ON_FAILURE): Call Test Case 'Test Cases/mobileWeb/_include/get_screenshot' successfully&#xD;
&#xD;
2019-08-12 17:39:07 - [TEST_CASE][PASSED] - Test Cases/mobileWeb/_include/get_screenshot: Test Cases/mobileWeb/_include/get_screenshot&#xD;
&#xD;
2019-08-12 17:39:07 - [TEST_STEP][PASSED] - takeScreenshot(screenPath + i + ".png"): Taking screenshot successfully&#xD;
&#xD;
2019-08-12 17:39:08 - [MESSAGE][PASSED] - Taking screenshot successfully&#xD;
[[ATTACHMENT|D:\\Test\\AgileTest\\AgileTest\\Reports\\mobileWeb\\plan detail\\20190812_173746\\../Screenshots/iPhone X/Plan Detail/hbi agile one/20190812_173835/6.png]]&#xD;
&#xD;
2019-08-12 17:39:08 - [TEST_STEP][PASSED] - (internal.GlobalVariable.i++): null&#xD;
&#xD;
2019-08-12 17:39:08 - [MESSAGE][PASSED] - Call Test Case 'Test Cases/mobileWeb/_include/get_screenshot' successfully&#xD;
&#xD;
2019-08-12 17:39:08 - [TEST_STEP][PASSED] - scrollToPosition(0, y): Browser is scrolled to position x = 0, y = 4200&#xD;
&#xD;
2019-08-12 17:39:08 - [MESSAGE][PASSED] - Browser is scrolled to position x = 0, y = 4200&#xD;
&#xD;
2019-08-12 17:39:08 - [TEST_STEP][PASSED] - Thread.sleep(3000): null&#xD;
&#xD;
2019-08-12 17:39:11 - [TEST_STEP][PASSED] - callTestCase(findTestCase("mobileWeb/_include/get_screenshot"), [:], STOP_ON_FAILURE): Call Test Case 'Test Cases/mobileWeb/_include/get_screenshot' successfully&#xD;
&#xD;
2019-08-12 17:39:11 - [TEST_CASE][PASSED] - Test Cases/mobileWeb/_include/get_screenshot: Test Cases/mobileWeb/_include/get_screenshot&#xD;
&#xD;
2019-08-12 17:39:11 - [TEST_STEP][PASSED] - takeScreenshot(screenPath + i + ".png"): Taking screenshot successfully&#xD;
&#xD;
2019-08-12 17:39:12 - [MESSAGE][PASSED] - Taking screenshot successfully&#xD;
[[ATTACHMENT|D:\\Test\\AgileTest\\AgileTest\\Reports\\mobileWeb\\plan detail\\20190812_173746\\../Screenshots/iPhone X/Plan Detail/hbi agile one/20190812_173835/7.png]]&#xD;
&#xD;
2019-08-12 17:39:12 - [TEST_STEP][PASSED] - (internal.GlobalVariable.i++): null&#xD;
&#xD;
2019-08-12 17:39:12 - [MESSAGE][PASSED] - Call Test Case 'Test Cases/mobileWeb/_include/get_screenshot' successfully&#xD;
&#xD;
2019-08-12 17:39:12 - [TEST_STEP][PASSED] - scrollToPosition(0, y): Browser is scrolled to position x = 0, y = 4800&#xD;
&#xD;
2019-08-12 17:39:12 - [MESSAGE][PASSED] - Browser is scrolled to position x = 0, y = 4800&#xD;
&#xD;
2019-08-12 17:39:12 - [TEST_STEP][PASSED] - Thread.sleep(3000): null&#xD;
&#xD;
2019-08-12 17:39:15 - [TEST_STEP][PASSED] - callTestCase(findTestCase("mobileWeb/_include/get_screenshot"), [:], STOP_ON_FAILURE): Call Test Case 'Test Cases/mobileWeb/_include/get_screenshot' successfully&#xD;
&#xD;
2019-08-12 17:39:15 - [TEST_CASE][PASSED] - Test Cases/mobileWeb/_include/get_screenshot: Test Cases/mobileWeb/_include/get_screenshot&#xD;
&#xD;
2019-08-12 17:39:15 - [TEST_STEP][PASSED] - takeScreenshot(screenPath + i + ".png"): Taking screenshot successfully&#xD;
&#xD;
2019-08-12 17:39:16 - [MESSAGE][PASSED] - Taking screenshot successfully&#xD;
[[ATTACHMENT|D:\\Test\\AgileTest\\AgileTest\\Reports\\mobileWeb\\plan detail\\20190812_173746\\../Screenshots/iPhone X/Plan Detail/hbi agile one/20190812_173835/8.png]]&#xD;
&#xD;
2019-08-12 17:39:16 - [TEST_STEP][PASSED] - (internal.GlobalVariable.i++): null&#xD;
&#xD;
2019-08-12 17:39:16 - [MESSAGE][PASSED] - Call Test Case 'Test Cases/mobileWeb/_include/get_screenshot' successfully&#xD;
&#xD;
2019-08-12 17:39:16 - [TEST_STEP][PASSED] - scrollToPosition(0, y): Browser is scrolled to position x = 0, y = 5400&#xD;
&#xD;
2019-08-12 17:39:16 - [MESSAGE][PASSED] - Browser is scrolled to position x = 0, y = 5400&#xD;
&#xD;
2019-08-12 17:39:16 - [TEST_STEP][PASSED] - Thread.sleep(3000): null&#xD;
&#xD;
2019-08-12 17:39:19 - [TEST_STEP][PASSED] - callTestCase(findTestCase("mobileWeb/_include/get_screenshot"), [:], STOP_ON_FAILURE): Call Test Case 'Test Cases/mobileWeb/_include/get_screenshot' successfully&#xD;
&#xD;
2019-08-12 17:39:19 - [TEST_CASE][PASSED] - Test Cases/mobileWeb/_include/get_screenshot: Test Cases/mobileWeb/_include/get_screenshot&#xD;
&#xD;
2019-08-12 17:39:19 - [TEST_STEP][PASSED] - takeScreenshot(screenPath + i + ".png"): Taking screenshot successfully&#xD;
&#xD;
2019-08-12 17:39:20 - [MESSAGE][PASSED] - Taking screenshot successfully&#xD;
[[ATTACHMENT|D:\\Test\\AgileTest\\AgileTest\\Reports\\mobileWeb\\plan detail\\20190812_173746\\../Screenshots/iPhone X/Plan Detail/hbi agile one/20190812_173835/9.png]]&#xD;
&#xD;
2019-08-12 17:39:20 - [TEST_STEP][PASSED] - (internal.GlobalVariable.i++): null&#xD;
&#xD;
2019-08-12 17:39:20 - [MESSAGE][PASSED] - Call Test Case 'Test Cases/mobileWeb/_include/get_screenshot' successfully&#xD;
&#xD;
2019-08-12 17:39:20 - [TEST_STEP][PASSED] - scrollToPosition(0, y): Browser is scrolled to position x = 0, y = 6000&#xD;
&#xD;
2019-08-12 17:39:20 - [MESSAGE][PASSED] - Browser is scrolled to position x = 0, y = 6000&#xD;
&#xD;
2019-08-12 17:39:20 - [TEST_STEP][PASSED] - Thread.sleep(3000): null&#xD;
&#xD;
2019-08-12 17:39:23 - [TEST_STEP][PASSED] - callTestCase(findTestCase("mobileWeb/_include/get_screenshot"), [:], STOP_ON_FAILURE): Call Test Case 'Test Cases/mobileWeb/_include/get_screenshot' successfully&#xD;
&#xD;
2019-08-12 17:39:23 - [TEST_CASE][PASSED] - Test Cases/mobileWeb/_include/get_screenshot: Test Cases/mobileWeb/_include/get_screenshot&#xD;
&#xD;
2019-08-12 17:39:23 - [TEST_STEP][PASSED] - takeScreenshot(screenPath + i + ".png"): Taking screenshot successfully&#xD;
&#xD;
2019-08-12 17:39:23 - [MESSAGE][PASSED] - Taking screenshot successfully&#xD;
[[ATTACHMENT|D:\\Test\\AgileTest\\AgileTest\\Reports\\mobileWeb\\plan detail\\20190812_173746\\../Screenshots/iPhone X/Plan Detail/hbi agile one/20190812_173835/10.png]]&#xD;
&#xD;
2019-08-12 17:39:23 - [TEST_STEP][PASSED] - (internal.GlobalVariable.i++): null&#xD;
&#xD;
2019-08-12 17:39:23 - [MESSAGE][PASSED] - Call Test Case 'Test Cases/mobileWeb/_include/get_screenshot' successfully&#xD;
&#xD;
2019-08-12 17:39:23 - [TEST_STEP][PASSED] - scrollToPosition(0, y): Browser is scrolled to position x = 0, y = 6600&#xD;
&#xD;
2019-08-12 17:39:23 - [MESSAGE][PASSED] - Browser is scrolled to position x = 0, y = 6600&#xD;
&#xD;
2019-08-12 17:39:23 - [TEST_STEP][PASSED] - Thread.sleep(3000): null&#xD;
&#xD;
2019-08-12 17:39:26 - [TEST_STEP][PASSED] - callTestCase(findTestCase("mobileWeb/_include/get_screenshot"), [:], STOP_ON_FAILURE): Call Test Case 'Test Cases/mobileWeb/_include/get_screenshot' successfully&#xD;
&#xD;
2019-08-12 17:39:27 - [TEST_CASE][PASSED] - Test Cases/mobileWeb/_include/get_screenshot: Test Cases/mobileWeb/_include/get_screenshot&#xD;
&#xD;
2019-08-12 17:39:27 - [TEST_STEP][PASSED] - takeScreenshot(screenPath + i + ".png"): Taking screenshot successfully&#xD;
&#xD;
2019-08-12 17:39:27 - [MESSAGE][PASSED] - Taking screenshot successfully&#xD;
[[ATTACHMENT|D:\\Test\\AgileTest\\AgileTest\\Reports\\mobileWeb\\plan detail\\20190812_173746\\../Screenshots/iPhone X/Plan Detail/hbi agile one/20190812_173835/11.png]]&#xD;
&#xD;
2019-08-12 17:39:27 - [TEST_STEP][PASSED] - (internal.GlobalVariable.i++): null&#xD;
&#xD;
2019-08-12 17:39:27 - [MESSAGE][PASSED] - Call Test Case 'Test Cases/mobileWeb/_include/get_screenshot' successfully&#xD;
&#xD;
2019-08-12 17:39:27 - [TEST_STEP][PASSED] - scrollToPosition(0, y): Browser is scrolled to position x = 0, y = 7200&#xD;
&#xD;
2019-08-12 17:39:27 - [MESSAGE][PASSED] - Browser is scrolled to position x = 0, y = 7200&#xD;
&#xD;
2019-08-12 17:39:27 - [TEST_STEP][PASSED] - Thread.sleep(3000): null&#xD;
&#xD;
2019-08-12 17:39:30 - [MESSAGE][PASSED] - Call Test Case 'Test Cases/mobileWeb/_include/get_scrollScreenshot' successfully</system-out>
            <system-err></system-err>
        </testcase>
        <testcase name="Test Cases/mobileWeb/Other Pages Check/Plan Detail/hbi/agile secure" classname="Test Cases/mobileWeb/Other Pages Check/Plan Detail/hbi/agile secure" status="PASSED">
            <system-out>2019-08-12 17:39:30 - [TEST_CASE][PASSED] - Test Cases/mobileWeb/Other Pages Check/Plan Detail/hbi/agile secure: Test Cases/mobileWeb/Other Pages Check/Plan Detail/hbi/agile secure&#xD;
&#xD;
2019-08-12 17:39:30 - [TEST_STEP][PASSED] - callTestCase(findTestCase("mobileWeb/_include/get_screenPath"), ["productLine":"Plan Detail", "carrierName":"hbi agile secure"], CONTINUE_ON_FAILURE): Call Test Case 'Test Cases/mobileWeb/_include/get_screenPath' successfully&#xD;
&#xD;
2019-08-12 17:39:31 - [TEST_CASE][PASSED] - Test Cases/mobileWeb/_include/get_screenPath: Test Cases/mobileWeb/_include/get_screenPath&#xD;
&#xD;
2019-08-12 17:39:31 - [TEST_STEP][PASSED] - m = getExecutionProperties(): null&#xD;
&#xD;
2019-08-12 17:39:31 - [TEST_STEP][PASSED] - deviceName = get("mobileEmulation").get("deviceName"): null&#xD;
&#xD;
2019-08-12 17:39:31 - [TEST_STEP][PASSED] - println(deviceName): null&#xD;
&#xD;
2019-08-12 17:39:31 - [TEST_STEP][PASSED] - now = new java.util.Date(): null&#xD;
&#xD;
2019-08-12 17:39:31 - [TEST_STEP][PASSED] - mydate = now.format("yyyyMMdd_HHmmss"): null&#xD;
&#xD;
2019-08-12 17:39:31 - [TEST_STEP][PASSED] - screenPath = "../Screenshots/": null&#xD;
&#xD;
2019-08-12 17:39:31 - [TEST_STEP][PASSED] - screenPath = screenPath + deviceName + "/" + productLine + "/" + carrierName + "/" + mydate + "/": null&#xD;
&#xD;
2019-08-12 17:39:31 - [TEST_STEP][PASSED] - println(screenPath): null&#xD;
&#xD;
2019-08-12 17:39:31 - [MESSAGE][PASSED] - Call Test Case 'Test Cases/mobileWeb/_include/get_screenPath' successfully&#xD;
&#xD;
2019-08-12 17:39:31 - [TEST_STEP][PASSED] - i = 0: null&#xD;
&#xD;
2019-08-12 17:39:31 - [TEST_STEP][PASSED] - openBrowser("https://praetemptatus.agilehealthinsurance.com/health-benefit-insurance/plan/agilesecure?census[location][zip]=08701&amp;census[member][0][dob]=1/1/1980&amp;census[member][0][gender]=F&amp;census[member][0][role]=P"): Browser is opened with url: 'https://praetemptatus.agilehealthinsurance.com/health-benefit-insurance/plan/agilesecure?census[location][zip]=08701&amp;census[member][0][dob]=1/1/1980&amp;census[member][0][gender]=F&amp;census[member][0][role]=P'&#xD;
&#xD;
2019-08-12 17:39:31 - [MESSAGE][WARNING] - A browser is already opened. Closing browser and opening a new one&#xD;
&#xD;
2019-08-12 17:39:31 - [MESSAGE][INFO] - Starting 'Chrome' driver&#xD;
&#xD;
2019-08-12 17:39:31 - [MESSAGE][INFO] - User set preference: ['mobileEmulation', '{deviceName=iPhone X}']&#xD;
&#xD;
2019-08-12 17:39:31 - [MESSAGE][INFO] - User set preference: ['args', '[--incognito, --aggressive-cache-discard, --no-sandbox, --window-size=375,812]']&#xD;
&#xD;
2019-08-12 17:39:43 - [MESSAGE][PASSED] - Browser is opened with url: 'https://praetemptatus.agilehealthinsurance.com/health-benefit-insurance/plan/agilesecure?census[location][zip]=08701&amp;census[member][0][dob]=1/1/1980&amp;census[member][0][gender]=F&amp;census[member][0][role]=P'&#xD;
&#xD;
2019-08-12 17:39:43 - [TEST_STEP][PASSED] - waitForPageLoad(20): Wait for page load successfully&#xD;
&#xD;
2019-08-12 17:39:43 - [MESSAGE][PASSED] - Wait for page load successfully&#xD;
&#xD;
2019-08-12 17:39:43 - [TEST_STEP][PASSED] - callTestCase(findTestCase("mobileWeb/_include/get_scrollScreenshot"), [:], STOP_ON_FAILURE): Call Test Case 'Test Cases/mobileWeb/_include/get_scrollScreenshot' successfully&#xD;
&#xD;
2019-08-12 17:39:43 - [TEST_CASE][PASSED] - Test Cases/mobileWeb/_include/get_scrollScreenshot: Test Cases/mobileWeb/_include/get_scrollScreenshot&#xD;
&#xD;
2019-08-12 17:39:43 - [TEST_STEP][PASSED] - pageHeight = getPageHeight(): Current page's height is 1902&#xD;
&#xD;
2019-08-12 17:39:43 - [MESSAGE][PASSED] - Current page's height is 1902&#xD;
&#xD;
2019-08-12 17:39:43 - [TEST_STEP][PASSED] - for ([y = 600, y &lt; pageHeight, y = y + 600]): null&#xD;
&#xD;
2019-08-12 17:39:43 - [TEST_STEP][PASSED] - callTestCase(findTestCase("mobileWeb/_include/get_screenshot"), [:], STOP_ON_FAILURE): Call Test Case 'Test Cases/mobileWeb/_include/get_screenshot' successfully&#xD;
&#xD;
2019-08-12 17:39:43 - [TEST_CASE][PASSED] - Test Cases/mobileWeb/_include/get_screenshot: Test Cases/mobileWeb/_include/get_screenshot&#xD;
&#xD;
2019-08-12 17:39:43 - [TEST_STEP][PASSED] - takeScreenshot(screenPath + i + ".png"): Taking screenshot successfully&#xD;
&#xD;
2019-08-12 17:39:44 - [MESSAGE][PASSED] - Taking screenshot successfully&#xD;
[[ATTACHMENT|D:\\Test\\AgileTest\\AgileTest\\Reports\\mobileWeb\\plan detail\\20190812_173746\\../Screenshots/iPhone X/Plan Detail/hbi agile secure/20190812_173931/0.png]]&#xD;
&#xD;
2019-08-12 17:39:44 - [TEST_STEP][PASSED] - (internal.GlobalVariable.i++): null&#xD;
&#xD;
2019-08-12 17:39:44 - [MESSAGE][PASSED] - Call Test Case 'Test Cases/mobileWeb/_include/get_screenshot' successfully&#xD;
&#xD;
2019-08-12 17:39:44 - [TEST_STEP][PASSED] - scrollToPosition(0, y): Browser is scrolled to position x = 0, y = 600&#xD;
&#xD;
2019-08-12 17:39:44 - [MESSAGE][PASSED] - Browser is scrolled to position x = 0, y = 600&#xD;
&#xD;
2019-08-12 17:39:44 - [TEST_STEP][PASSED] - Thread.sleep(3000): null&#xD;
&#xD;
2019-08-12 17:39:47 - [TEST_STEP][PASSED] - callTestCase(findTestCase("mobileWeb/_include/get_screenshot"), [:], STOP_ON_FAILURE): Call Test Case 'Test Cases/mobileWeb/_include/get_screenshot' successfully&#xD;
&#xD;
2019-08-12 17:39:47 - [TEST_CASE][PASSED] - Test Cases/mobileWeb/_include/get_screenshot: Test Cases/mobileWeb/_include/get_screenshot&#xD;
&#xD;
2019-08-12 17:39:47 - [TEST_STEP][PASSED] - takeScreenshot(screenPath + i + ".png"): Taking screenshot successfully&#xD;
&#xD;
2019-08-12 17:39:48 - [MESSAGE][PASSED] - Taking screenshot successfully&#xD;
[[ATTACHMENT|D:\\Test\\AgileTest\\AgileTest\\Reports\\mobileWeb\\plan detail\\20190812_173746\\../Screenshots/iPhone X/Plan Detail/hbi agile secure/20190812_173931/1.png]]&#xD;
&#xD;
2019-08-12 17:39:48 - [TEST_STEP][PASSED] - (internal.GlobalVariable.i++): null&#xD;
&#xD;
2019-08-12 17:39:48 - [MESSAGE][PASSED] - Call Test Case 'Test Cases/mobileWeb/_include/get_screenshot' successfully&#xD;
&#xD;
2019-08-12 17:39:48 - [TEST_STEP][PASSED] - scrollToPosition(0, y): Browser is scrolled to position x = 0, y = 1200&#xD;
&#xD;
2019-08-12 17:39:48 - [MESSAGE][PASSED] - Browser is scrolled to position x = 0, y = 1200&#xD;
&#xD;
2019-08-12 17:39:48 - [TEST_STEP][PASSED] - Thread.sleep(3000): null&#xD;
&#xD;
2019-08-12 17:39:51 - [TEST_STEP][PASSED] - callTestCase(findTestCase("mobileWeb/_include/get_screenshot"), [:], STOP_ON_FAILURE): Call Test Case 'Test Cases/mobileWeb/_include/get_screenshot' successfully&#xD;
&#xD;
2019-08-12 17:39:51 - [TEST_CASE][PASSED] - Test Cases/mobileWeb/_include/get_screenshot: Test Cases/mobileWeb/_include/get_screenshot&#xD;
&#xD;
2019-08-12 17:39:51 - [TEST_STEP][PASSED] - takeScreenshot(screenPath + i + ".png"): Taking screenshot successfully&#xD;
&#xD;
2019-08-12 17:39:52 - [MESSAGE][PASSED] - Taking screenshot successfully&#xD;
[[ATTACHMENT|D:\\Test\\AgileTest\\AgileTest\\Reports\\mobileWeb\\plan detail\\20190812_173746\\../Screenshots/iPhone X/Plan Detail/hbi agile secure/20190812_173931/2.png]]&#xD;
&#xD;
2019-08-12 17:39:52 - [TEST_STEP][PASSED] - (internal.GlobalVariable.i++): null&#xD;
&#xD;
2019-08-12 17:39:52 - [MESSAGE][PASSED] - Call Test Case 'Test Cases/mobileWeb/_include/get_screenshot' successfully&#xD;
&#xD;
2019-08-12 17:39:52 - [TEST_STEP][PASSED] - scrollToPosition(0, y): Browser is scrolled to position x = 0, y = 1800&#xD;
&#xD;
2019-08-12 17:39:52 - [MESSAGE][PASSED] - Browser is scrolled to position x = 0, y = 1800&#xD;
&#xD;
2019-08-12 17:39:52 - [TEST_STEP][PASSED] - Thread.sleep(3000): null&#xD;
&#xD;
2019-08-12 17:39:55 - [MESSAGE][PASSED] - Call Test Case 'Test Cases/mobileWeb/_include/get_scrollScreenshot' successfully</system-out>
            <system-err></system-err>
        </testcase>
        <testcase name="Test Cases/mobileWeb/Other Pages Check/Plan Detail/hbi/cardinal choice" classname="Test Cases/mobileWeb/Other Pages Check/Plan Detail/hbi/cardinal choice" status="PASSED">
            <system-out>2019-08-12 17:39:55 - [TEST_CASE][PASSED] - Test Cases/mobileWeb/Other Pages Check/Plan Detail/hbi/cardinal choice: Test Cases/mobileWeb/Other Pages Check/Plan Detail/hbi/cardinal choice&#xD;
&#xD;
2019-08-12 17:39:55 - [TEST_STEP][PASSED] - callTestCase(findTestCase("mobileWeb/_include/get_screenPath"), ["productLine":"Plan Detail", "carrierName":"hbi cardinal choice"], CONTINUE_ON_FAILURE): Call Test Case 'Test Cases/mobileWeb/_include/get_screenPath' successfully&#xD;
&#xD;
2019-08-12 17:39:55 - [TEST_CASE][PASSED] - Test Cases/mobileWeb/_include/get_screenPath: Test Cases/mobileWeb/_include/get_screenPath&#xD;
&#xD;
2019-08-12 17:39:55 - [TEST_STEP][PASSED] - m = getExecutionProperties(): null&#xD;
&#xD;
2019-08-12 17:39:55 - [TEST_STEP][PASSED] - deviceName = get("mobileEmulation").get("deviceName"): null&#xD;
&#xD;
2019-08-12 17:39:55 - [TEST_STEP][PASSED] - println(deviceName): null&#xD;
&#xD;
2019-08-12 17:39:55 - [TEST_STEP][PASSED] - now = new java.util.Date(): null&#xD;
&#xD;
2019-08-12 17:39:55 - [TEST_STEP][PASSED] - mydate = now.format("yyyyMMdd_HHmmss"): null&#xD;
&#xD;
2019-08-12 17:39:55 - [TEST_STEP][PASSED] - screenPath = "../Screenshots/": null&#xD;
&#xD;
2019-08-12 17:39:55 - [TEST_STEP][PASSED] - screenPath = screenPath + deviceName + "/" + productLine + "/" + carrierName + "/" + mydate + "/": null&#xD;
&#xD;
2019-08-12 17:39:55 - [TEST_STEP][PASSED] - println(screenPath): null&#xD;
&#xD;
2019-08-12 17:39:55 - [MESSAGE][PASSED] - Call Test Case 'Test Cases/mobileWeb/_include/get_screenPath' successfully&#xD;
&#xD;
2019-08-12 17:39:55 - [TEST_STEP][PASSED] - i = 0: null&#xD;
&#xD;
2019-08-12 17:39:55 - [TEST_STEP][PASSED] - openBrowser("https://praetemptatus.agilehealthinsurance.com/health-benefit-insurance/plan/cardinalchoice-al-750-22500-75-3?census[location][zip]=35215&amp;census[member][0][dob]=1/1/1980&amp;census[member][0][gender]=F&amp;census[member][0][role]=P"): Browser is opened with url: 'https://praetemptatus.agilehealthinsurance.com/health-benefit-insurance/plan/cardinalchoice-al-750-22500-75-3?census[location][zip]=35215&amp;census[member][0][dob]=1/1/1980&amp;census[member][0][gender]=F&amp;census[member][0][role]=P'&#xD;
&#xD;
2019-08-12 17:39:55 - [MESSAGE][WARNING] - A browser is already opened. Closing browser and opening a new one&#xD;
&#xD;
2019-08-12 17:39:56 - [MESSAGE][INFO] - Starting 'Chrome' driver&#xD;
&#xD;
2019-08-12 17:39:56 - [MESSAGE][INFO] - User set preference: ['mobileEmulation', '{deviceName=iPhone X}']&#xD;
&#xD;
2019-08-12 17:39:56 - [MESSAGE][INFO] - User set preference: ['args', '[--incognito, --aggressive-cache-discard, --no-sandbox, --window-size=375,812]']&#xD;
&#xD;
2019-08-12 17:40:06 - [MESSAGE][PASSED] - Browser is opened with url: 'https://praetemptatus.agilehealthinsurance.com/health-benefit-insurance/plan/cardinalchoice-al-750-22500-75-3?census[location][zip]=35215&amp;census[member][0][dob]=1/1/1980&amp;census[member][0][gender]=F&amp;census[member][0][role]=P'&#xD;
&#xD;
2019-08-12 17:40:06 - [TEST_STEP][PASSED] - waitForPageLoad(20): Wait for page load successfully&#xD;
&#xD;
2019-08-12 17:40:06 - [MESSAGE][PASSED] - Wait for page load successfully&#xD;
&#xD;
2019-08-12 17:40:06 - [TEST_STEP][PASSED] - callTestCase(findTestCase("mobileWeb/_include/get_scrollScreenshot"), [:], STOP_ON_FAILURE): Call Test Case 'Test Cases/mobileWeb/_include/get_scrollScreenshot' successfully&#xD;
&#xD;
2019-08-12 17:40:06 - [TEST_CASE][PASSED] - Test Cases/mobileWeb/_include/get_scrollScreenshot: Test Cases/mobileWeb/_include/get_scrollScreenshot&#xD;
&#xD;
2019-08-12 17:40:06 - [TEST_STEP][PASSED] - pageHeight = getPageHeight(): Current page's height is 6702&#xD;
&#xD;
2019-08-12 17:40:07 - [MESSAGE][PASSED] - Current page's height is 6702&#xD;
&#xD;
2019-08-12 17:40:07 - [TEST_STEP][PASSED] - for ([y = 600, y &lt; pageHeight, y = y + 600]): null&#xD;
&#xD;
2019-08-12 17:40:07 - [TEST_STEP][PASSED] - callTestCase(findTestCase("mobileWeb/_include/get_screenshot"), [:], STOP_ON_FAILURE): Call Test Case 'Test Cases/mobileWeb/_include/get_screenshot' successfully&#xD;
&#xD;
2019-08-12 17:40:07 - [TEST_CASE][PASSED] - Test Cases/mobileWeb/_include/get_screenshot: Test Cases/mobileWeb/_include/get_screenshot&#xD;
&#xD;
2019-08-12 17:40:07 - [TEST_STEP][PASSED] - takeScreenshot(screenPath + i + ".png"): Taking screenshot successfully&#xD;
&#xD;
2019-08-12 17:40:07 - [MESSAGE][PASSED] - Taking screenshot successfully&#xD;
[[ATTACHMENT|D:\\Test\\AgileTest\\AgileTest\\Reports\\mobileWeb\\plan detail\\20190812_173746\\../Screenshots/iPhone X/Plan Detail/hbi cardinal choice/20190812_173955/0.png]]&#xD;
&#xD;
2019-08-12 17:40:07 - [TEST_STEP][PASSED] - (internal.GlobalVariable.i++): null&#xD;
&#xD;
2019-08-12 17:40:07 - [MESSAGE][PASSED] - Call Test Case 'Test Cases/mobileWeb/_include/get_screenshot' successfully&#xD;
&#xD;
2019-08-12 17:40:07 - [TEST_STEP][PASSED] - scrollToPosition(0, y): Browser is scrolled to position x = 0, y = 600&#xD;
&#xD;
2019-08-12 17:40:07 - [MESSAGE][PASSED] - Browser is scrolled to position x = 0, y = 600&#xD;
&#xD;
2019-08-12 17:40:07 - [TEST_STEP][PASSED] - Thread.sleep(3000): null&#xD;
&#xD;
2019-08-12 17:40:10 - [TEST_STEP][PASSED] - callTestCase(findTestCase("mobileWeb/_include/get_screenshot"), [:], STOP_ON_FAILURE): Call Test Case 'Test Cases/mobileWeb/_include/get_screenshot' successfully&#xD;
&#xD;
2019-08-12 17:40:10 - [TEST_CASE][PASSED] - Test Cases/mobileWeb/_include/get_screenshot: Test Cases/mobileWeb/_include/get_screenshot&#xD;
&#xD;
2019-08-12 17:40:10 - [TEST_STEP][PASSED] - takeScreenshot(screenPath + i + ".png"): Taking screenshot successfully&#xD;
&#xD;
2019-08-12 17:40:11 - [MESSAGE][PASSED] - Taking screenshot successfully&#xD;
[[ATTACHMENT|D:\\Test\\AgileTest\\AgileTest\\Reports\\mobileWeb\\plan detail\\20190812_173746\\../Screenshots/iPhone X/Plan Detail/hbi cardinal choice/20190812_173955/1.png]]&#xD;
&#xD;
2019-08-12 17:40:11 - [TEST_STEP][PASSED] - (internal.GlobalVariable.i++): null&#xD;
&#xD;
2019-08-12 17:40:11 - [MESSAGE][PASSED] - Call Test Case 'Test Cases/mobileWeb/_include/get_screenshot' successfully&#xD;
&#xD;
2019-08-12 17:40:11 - [TEST_STEP][PASSED] - scrollToPosition(0, y): Browser is scrolled to position x = 0, y = 1200&#xD;
&#xD;
2019-08-12 17:40:11 - [MESSAGE][PASSED] - Browser is scrolled to position x = 0, y = 1200&#xD;
&#xD;
2019-08-12 17:40:11 - [TEST_STEP][PASSED] - Thread.sleep(3000): null&#xD;
&#xD;
2019-08-12 17:40:14 - [TEST_STEP][PASSED] - callTestCase(findTestCase("mobileWeb/_include/get_screenshot"), [:], STOP_ON_FAILURE): Call Test Case 'Test Cases/mobileWeb/_include/get_screenshot' successfully&#xD;
&#xD;
2019-08-12 17:40:14 - [TEST_CASE][PASSED] - Test Cases/mobileWeb/_include/get_screenshot: Test Cases/mobileWeb/_include/get_screenshot&#xD;
&#xD;
2019-08-12 17:40:14 - [TEST_STEP][PASSED] - takeScreenshot(screenPath + i + ".png"): Taking screenshot successfully&#xD;
&#xD;
2019-08-12 17:40:15 - [MESSAGE][PASSED] - Taking screenshot successfully&#xD;
[[ATTACHMENT|D:\\Test\\AgileTest\\AgileTest\\Reports\\mobileWeb\\plan detail\\20190812_173746\\../Screenshots/iPhone X/Plan Detail/hbi cardinal choice/20190812_173955/2.png]]&#xD;
&#xD;
2019-08-12 17:40:15 - [TEST_STEP][PASSED] - (internal.GlobalVariable.i++): null&#xD;
&#xD;
2019-08-12 17:40:15 - [MESSAGE][PASSED] - Call Test Case 'Test Cases/mobileWeb/_include/get_screenshot' successfully&#xD;
&#xD;
2019-08-12 17:40:15 - [TEST_STEP][PASSED] - scrollToPosition(0, y): Browser is scrolled to position x = 0, y = 1800&#xD;
&#xD;
2019-08-12 17:40:15 - [MESSAGE][PASSED] - Browser is scrolled to position x = 0, y = 1800&#xD;
&#xD;
2019-08-12 17:40:15 - [TEST_STEP][PASSED] - Thread.sleep(3000): null&#xD;
&#xD;
2019-08-12 17:40:18 - [TEST_STEP][PASSED] - callTestCase(findTestCase("mobileWeb/_include/get_screenshot"), [:], STOP_ON_FAILURE): Call Test Case 'Test Cases/mobileWeb/_include/get_screenshot' successfully&#xD;
&#xD;
2019-08-12 17:40:18 - [TEST_CASE][PASSED] - Test Cases/mobileWeb/_include/get_screenshot: Test Cases/mobileWeb/_include/get_screenshot&#xD;
&#xD;
2019-08-12 17:40:18 - [TEST_STEP][PASSED] - takeScreenshot(screenPath + i + ".png"): Taking screenshot successfully&#xD;
&#xD;
2019-08-12 17:40:19 - [MESSAGE][PASSED] - Taking screenshot successfully&#xD;
[[ATTACHMENT|D:\\Test\\AgileTest\\AgileTest\\Reports\\mobileWeb\\plan detail\\20190812_173746\\../Screenshots/iPhone X/Plan Detail/hbi cardinal choice/20190812_173955/3.png]]&#xD;
&#xD;
2019-08-12 17:40:19 - [TEST_STEP][PASSED] - (internal.GlobalVariable.i++): null&#xD;
&#xD;
2019-08-12 17:40:19 - [MESSAGE][PASSED] - Call Test Case 'Test Cases/mobileWeb/_include/get_screenshot' successfully&#xD;
&#xD;
2019-08-12 17:40:19 - [TEST_STEP][PASSED] - scrollToPosition(0, y): Browser is scrolled to position x = 0, y = 2400&#xD;
&#xD;
2019-08-12 17:40:19 - [MESSAGE][PASSED] - Browser is scrolled to position x = 0, y = 2400&#xD;
&#xD;
2019-08-12 17:40:19 - [TEST_STEP][PASSED] - Thread.sleep(3000): null&#xD;
&#xD;
2019-08-12 17:40:22 - [TEST_STEP][PASSED] - callTestCase(findTestCase("mobileWeb/_include/get_screenshot"), [:], STOP_ON_FAILURE): Call Test Case 'Test Cases/mobileWeb/_include/get_screenshot' successfully&#xD;
&#xD;
2019-08-12 17:40:22 - [TEST_CASE][PASSED] - Test Cases/mobileWeb/_include/get_screenshot: Test Cases/mobileWeb/_include/get_screenshot&#xD;
&#xD;
2019-08-12 17:40:22 - [TEST_STEP][PASSED] - takeScreenshot(screenPath + i + ".png"): Taking screenshot successfully&#xD;
&#xD;
2019-08-12 17:40:23 - [MESSAGE][PASSED] - Taking screenshot successfully&#xD;
[[ATTACHMENT|D:\\Test\\AgileTest\\AgileTest\\Reports\\mobileWeb\\plan detail\\20190812_173746\\../Screenshots/iPhone X/Plan Detail/hbi cardinal choice/20190812_173955/4.png]]&#xD;
&#xD;
2019-08-12 17:40:23 - [TEST_STEP][PASSED] - (internal.GlobalVariable.i++): null&#xD;
&#xD;
2019-08-12 17:40:23 - [MESSAGE][PASSED] - Call Test Case 'Test Cases/mobileWeb/_include/get_screenshot' successfully&#xD;
&#xD;
2019-08-12 17:40:23 - [TEST_STEP][PASSED] - scrollToPosition(0, y): Browser is scrolled to position x = 0, y = 3000&#xD;
&#xD;
2019-08-12 17:40:23 - [MESSAGE][PASSED] - Browser is scrolled to position x = 0, y = 3000&#xD;
&#xD;
2019-08-12 17:40:23 - [TEST_STEP][PASSED] - Thread.sleep(3000): null&#xD;
&#xD;
2019-08-12 17:40:26 - [TEST_STEP][PASSED] - callTestCase(findTestCase("mobileWeb/_include/get_screenshot"), [:], STOP_ON_FAILURE): Call Test Case 'Test Cases/mobileWeb/_include/get_screenshot' successfully&#xD;
&#xD;
2019-08-12 17:40:26 - [TEST_CASE][PASSED] - Test Cases/mobileWeb/_include/get_screenshot: Test Cases/mobileWeb/_include/get_screenshot&#xD;
&#xD;
2019-08-12 17:40:26 - [TEST_STEP][PASSED] - takeScreenshot(screenPath + i + ".png"): Taking screenshot successfully&#xD;
&#xD;
2019-08-12 17:40:27 - [MESSAGE][PASSED] - Taking screenshot successfully&#xD;
[[ATTACHMENT|D:\\Test\\AgileTest\\AgileTest\\Reports\\mobileWeb\\plan detail\\20190812_173746\\../Screenshots/iPhone X/Plan Detail/hbi cardinal choice/20190812_173955/5.png]]&#xD;
&#xD;
2019-08-12 17:40:27 - [TEST_STEP][PASSED] - (internal.GlobalVariable.i++): null&#xD;
&#xD;
2019-08-12 17:40:27 - [MESSAGE][PASSED] - Call Test Case 'Test Cases/mobileWeb/_include/get_screenshot' successfully&#xD;
&#xD;
2019-08-12 17:40:27 - [TEST_STEP][PASSED] - scrollToPosition(0, y): Browser is scrolled to position x = 0, y = 3600&#xD;
&#xD;
2019-08-12 17:40:27 - [MESSAGE][PASSED] - Browser is scrolled to position x = 0, y = 3600&#xD;
&#xD;
2019-08-12 17:40:27 - [TEST_STEP][PASSED] - Thread.sleep(3000): null&#xD;
&#xD;
2019-08-12 17:40:30 - [TEST_STEP][PASSED] - callTestCase(findTestCase("mobileWeb/_include/get_screenshot"), [:], STOP_ON_FAILURE): Call Test Case 'Test Cases/mobileWeb/_include/get_screenshot' successfully&#xD;
&#xD;
2019-08-12 17:40:30 - [TEST_CASE][PASSED] - Test Cases/mobileWeb/_include/get_screenshot: Test Cases/mobileWeb/_include/get_screenshot&#xD;
&#xD;
2019-08-12 17:40:30 - [TEST_STEP][PASSED] - takeScreenshot(screenPath + i + ".png"): Taking screenshot successfully&#xD;
&#xD;
2019-08-12 17:40:30 - [MESSAGE][PASSED] - Taking screenshot successfully&#xD;
[[ATTACHMENT|D:\\Test\\AgileTest\\AgileTest\\Reports\\mobileWeb\\plan detail\\20190812_173746\\../Screenshots/iPhone X/Plan Detail/hbi cardinal choice/20190812_173955/6.png]]&#xD;
&#xD;
2019-08-12 17:40:30 - [TEST_STEP][PASSED] - (internal.GlobalVariable.i++): null&#xD;
&#xD;
2019-08-12 17:40:30 - [MESSAGE][PASSED] - Call Test Case 'Test Cases/mobileWeb/_include/get_screenshot' successfully&#xD;
&#xD;
2019-08-12 17:40:30 - [TEST_STEP][PASSED] - scrollToPosition(0, y): Browser is scrolled to position x = 0, y = 4200&#xD;
&#xD;
2019-08-12 17:40:30 - [MESSAGE][PASSED] - Browser is scrolled to position x = 0, y = 4200&#xD;
&#xD;
2019-08-12 17:40:30 - [TEST_STEP][PASSED] - Thread.sleep(3000): null&#xD;
&#xD;
2019-08-12 17:40:33 - [TEST_STEP][PASSED] - callTestCase(findTestCase("mobileWeb/_include/get_screenshot"), [:], STOP_ON_FAILURE): Call Test Case 'Test Cases/mobileWeb/_include/get_screenshot' successfully&#xD;
&#xD;
2019-08-12 17:40:33 - [TEST_CASE][PASSED] - Test Cases/mobileWeb/_include/get_screenshot: Test Cases/mobileWeb/_include/get_screenshot&#xD;
&#xD;
2019-08-12 17:40:33 - [TEST_STEP][PASSED] - takeScreenshot(screenPath + i + ".png"): Taking screenshot successfully&#xD;
&#xD;
2019-08-12 17:40:34 - [MESSAGE][PASSED] - Taking screenshot successfully&#xD;
[[ATTACHMENT|D:\\Test\\AgileTest\\AgileTest\\Reports\\mobileWeb\\plan detail\\20190812_173746\\../Screenshots/iPhone X/Plan Detail/hbi cardinal choice/20190812_173955/7.png]]&#xD;
&#xD;
2019-08-12 17:40:34 - [TEST_STEP][PASSED] - (internal.GlobalVariable.i++): null&#xD;
&#xD;
2019-08-12 17:40:34 - [MESSAGE][PASSED] - Call Test Case 'Test Cases/mobileWeb/_include/get_screenshot' successfully&#xD;
&#xD;
2019-08-12 17:40:34 - [TEST_STEP][PASSED] - scrollToPosition(0, y): Browser is scrolled to position x = 0, y = 4800&#xD;
&#xD;
2019-08-12 17:40:34 - [MESSAGE][PASSED] - Browser is scrolled to position x = 0, y = 4800&#xD;
&#xD;
2019-08-12 17:40:34 - [TEST_STEP][PASSED] - Thread.sleep(3000): null&#xD;
&#xD;
2019-08-12 17:40:37 - [TEST_STEP][PASSED] - callTestCase(findTestCase("mobileWeb/_include/get_screenshot"), [:], STOP_ON_FAILURE): Call Test Case 'Test Cases/mobileWeb/_include/get_screenshot' successfully&#xD;
&#xD;
2019-08-12 17:40:37 - [TEST_CASE][PASSED] - Test Cases/mobileWeb/_include/get_screenshot: Test Cases/mobileWeb/_include/get_screenshot&#xD;
&#xD;
2019-08-12 17:40:37 - [TEST_STEP][PASSED] - takeScreenshot(screenPath + i + ".png"): Taking screenshot successfully&#xD;
&#xD;
2019-08-12 17:40:38 - [MESSAGE][PASSED] - Taking screenshot successfully&#xD;
[[ATTACHMENT|D:\\Test\\AgileTest\\AgileTest\\Reports\\mobileWeb\\plan detail\\20190812_173746\\../Screenshots/iPhone X/Plan Detail/hbi cardinal choice/20190812_173955/8.png]]&#xD;
&#xD;
2019-08-12 17:40:38 - [TEST_STEP][PASSED] - (internal.GlobalVariable.i++): null&#xD;
&#xD;
2019-08-12 17:40:38 - [MESSAGE][PASSED] - Call Test Case 'Test Cases/mobileWeb/_include/get_screenshot' successfully&#xD;
&#xD;
2019-08-12 17:40:38 - [TEST_STEP][PASSED] - scrollToPosition(0, y): Browser is scrolled to position x = 0, y = 5400&#xD;
&#xD;
2019-08-12 17:40:38 - [MESSAGE][PASSED] - Browser is scrolled to position x = 0, y = 5400&#xD;
&#xD;
2019-08-12 17:40:38 - [TEST_STEP][PASSED] - Thread.sleep(3000): null&#xD;
&#xD;
2019-08-12 17:40:41 - [TEST_STEP][PASSED] - callTestCase(findTestCase("mobileWeb/_include/get_screenshot"), [:], STOP_ON_FAILURE): Call Test Case 'Test Cases/mobileWeb/_include/get_screenshot' successfully&#xD;
&#xD;
2019-08-12 17:40:41 - [TEST_CASE][PASSED] - Test Cases/mobileWeb/_include/get_screenshot: Test Cases/mobileWeb/_include/get_screenshot&#xD;
&#xD;
2019-08-12 17:40:41 - [TEST_STEP][PASSED] - takeScreenshot(screenPath + i + ".png"): Taking screenshot successfully&#xD;
&#xD;
2019-08-12 17:40:42 - [MESSAGE][PASSED] - Taking screenshot successfully&#xD;
[[ATTACHMENT|D:\\Test\\AgileTest\\AgileTest\\Reports\\mobileWeb\\plan detail\\20190812_173746\\../Screenshots/iPhone X/Plan Detail/hbi cardinal choice/20190812_173955/9.png]]&#xD;
&#xD;
2019-08-12 17:40:42 - [TEST_STEP][PASSED] - (internal.GlobalVariable.i++): null&#xD;
&#xD;
2019-08-12 17:40:42 - [MESSAGE][PASSED] - Call Test Case 'Test Cases/mobileWeb/_include/get_screenshot' successfully&#xD;
&#xD;
2019-08-12 17:40:42 - [TEST_STEP][PASSED] - scrollToPosition(0, y): Browser is scrolled to position x = 0, y = 6000&#xD;
&#xD;
2019-08-12 17:40:42 - [MESSAGE][PASSED] - Browser is scrolled to position x = 0, y = 6000&#xD;
&#xD;
2019-08-12 17:40:42 - [TEST_STEP][PASSED] - Thread.sleep(3000): null&#xD;
&#xD;
2019-08-12 17:40:45 - [TEST_STEP][PASSED] - callTestCase(findTestCase("mobileWeb/_include/get_screenshot"), [:], STOP_ON_FAILURE): Call Test Case 'Test Cases/mobileWeb/_include/get_screenshot' successfully&#xD;
&#xD;
2019-08-12 17:40:45 - [TEST_CASE][PASSED] - Test Cases/mobileWeb/_include/get_screenshot: Test Cases/mobileWeb/_include/get_screenshot&#xD;
&#xD;
2019-08-12 17:40:45 - [TEST_STEP][PASSED] - takeScreenshot(screenPath + i + ".png"): Taking screenshot successfully&#xD;
&#xD;
2019-08-12 17:40:46 - [MESSAGE][PASSED] - Taking screenshot successfully&#xD;
[[ATTACHMENT|D:\\Test\\AgileTest\\AgileTest\\Reports\\mobileWeb\\plan detail\\20190812_173746\\../Screenshots/iPhone X/Plan Detail/hbi cardinal choice/20190812_173955/10.png]]&#xD;
&#xD;
2019-08-12 17:40:46 - [TEST_STEP][PASSED] - (internal.GlobalVariable.i++): null&#xD;
&#xD;
2019-08-12 17:40:46 - [MESSAGE][PASSED] - Call Test Case 'Test Cases/mobileWeb/_include/get_screenshot' successfully&#xD;
&#xD;
2019-08-12 17:40:46 - [TEST_STEP][PASSED] - scrollToPosition(0, y): Browser is scrolled to position x = 0, y = 6600&#xD;
&#xD;
2019-08-12 17:40:46 - [MESSAGE][PASSED] - Browser is scrolled to position x = 0, y = 6600&#xD;
&#xD;
2019-08-12 17:40:46 - [TEST_STEP][PASSED] - Thread.sleep(3000): null&#xD;
&#xD;
2019-08-12 17:40:49 - [MESSAGE][PASSED] - Call Test Case 'Test Cases/mobileWeb/_include/get_scrollScreenshot' successfully</system-out>
            <system-err></system-err>
        </testcase>
        <testcase name="Test Cases/mobileWeb/Other Pages Check/Plan Detail/hbi/core shield" classname="Test Cases/mobileWeb/Other Pages Check/Plan Detail/hbi/core shield" status="PASSED">
            <system-out>2019-08-12 17:40:49 - [TEST_CASE][PASSED] - Test Cases/mobileWeb/Other Pages Check/Plan Detail/hbi/core shield: Test Cases/mobileWeb/Other Pages Check/Plan Detail/hbi/core shield&#xD;
&#xD;
2019-08-12 17:40:49 - [TEST_STEP][PASSED] - callTestCase(findTestCase("mobileWeb/_include/get_screenPath"), ["productLine":"Plan Detail", "carrierName":"hbi core shield"], CONTINUE_ON_FAILURE): Call Test Case 'Test Cases/mobileWeb/_include/get_screenPath' successfully&#xD;
&#xD;
2019-08-12 17:40:49 - [TEST_CASE][PASSED] - Test Cases/mobileWeb/_include/get_screenPath: Test Cases/mobileWeb/_include/get_screenPath&#xD;
&#xD;
2019-08-12 17:40:49 - [TEST_STEP][PASSED] - m = getExecutionProperties(): null&#xD;
&#xD;
2019-08-12 17:40:49 - [TEST_STEP][PASSED] - deviceName = get("mobileEmulation").get("deviceName"): null&#xD;
&#xD;
2019-08-12 17:40:49 - [TEST_STEP][PASSED] - println(deviceName): null&#xD;
&#xD;
2019-08-12 17:40:49 - [TEST_STEP][PASSED] - now = new java.util.Date(): null&#xD;
&#xD;
2019-08-12 17:40:49 - [TEST_STEP][PASSED] - mydate = now.format("yyyyMMdd_HHmmss"): null&#xD;
&#xD;
2019-08-12 17:40:49 - [TEST_STEP][PASSED] - screenPath = "../Screenshots/": null&#xD;
&#xD;
2019-08-12 17:40:49 - [TEST_STEP][PASSED] - screenPath = screenPath + deviceName + "/" + productLine + "/" + carrierName + "/" + mydate + "/": null&#xD;
&#xD;
2019-08-12 17:40:49 - [TEST_STEP][PASSED] - println(screenPath): null&#xD;
&#xD;
2019-08-12 17:40:49 - [MESSAGE][PASSED] - Call Test Case 'Test Cases/mobileWeb/_include/get_screenPath' successfully&#xD;
&#xD;
2019-08-12 17:40:49 - [TEST_STEP][PASSED] - i = 0: null&#xD;
&#xD;
2019-08-12 17:40:49 - [TEST_STEP][PASSED] - openBrowser("https://praetemptatus.agilehealthinsurance.com/health-benefit-insurance/plan/coreshield-al-1000-30-100-5?census[location][zip]=35215&amp;census[member][0][dob]=1/1/1980&amp;census[member][0][gender]=F&amp;census[member][0][role]=P"): Browser is opened with url: 'https://praetemptatus.agilehealthinsurance.com/health-benefit-insurance/plan/coreshield-al-1000-30-100-5?census[location][zip]=35215&amp;census[member][0][dob]=1/1/1980&amp;census[member][0][gender]=F&amp;census[member][0][role]=P'&#xD;
&#xD;
2019-08-12 17:40:49 - [MESSAGE][WARNING] - A browser is already opened. Closing browser and opening a new one&#xD;
&#xD;
2019-08-12 17:40:50 - [MESSAGE][INFO] - Starting 'Chrome' driver&#xD;
&#xD;
2019-08-12 17:40:50 - [MESSAGE][INFO] - User set preference: ['mobileEmulation', '{deviceName=iPhone X}']&#xD;
&#xD;
2019-08-12 17:40:50 - [MESSAGE][INFO] - User set preference: ['args', '[--incognito, --aggressive-cache-discard, --no-sandbox, --window-size=375,812]']&#xD;
&#xD;
2019-08-12 17:40:59 - [MESSAGE][PASSED] - Browser is opened with url: 'https://praetemptatus.agilehealthinsurance.com/health-benefit-insurance/plan/coreshield-al-1000-30-100-5?census[location][zip]=35215&amp;census[member][0][dob]=1/1/1980&amp;census[member][0][gender]=F&amp;census[member][0][role]=P'&#xD;
&#xD;
2019-08-12 17:40:59 - [TEST_STEP][PASSED] - waitForPageLoad(20): Wait for page load successfully&#xD;
&#xD;
2019-08-12 17:40:59 - [MESSAGE][PASSED] - Wait for page load successfully&#xD;
&#xD;
2019-08-12 17:40:59 - [TEST_STEP][PASSED] - callTestCase(findTestCase("mobileWeb/_include/get_scrollScreenshot"), [:], STOP_ON_FAILURE): Call Test Case 'Test Cases/mobileWeb/_include/get_scrollScreenshot' successfully&#xD;
&#xD;
2019-08-12 17:40:59 - [TEST_CASE][PASSED] - Test Cases/mobileWeb/_include/get_scrollScreenshot: Test Cases/mobileWeb/_include/get_scrollScreenshot&#xD;
&#xD;
2019-08-12 17:40:59 - [TEST_STEP][PASSED] - pageHeight = getPageHeight(): Current page's height is 5944&#xD;
&#xD;
2019-08-12 17:40:59 - [MESSAGE][PASSED] - Current page's height is 5944&#xD;
&#xD;
2019-08-12 17:40:59 - [TEST_STEP][PASSED] - for ([y = 600, y &lt; pageHeight, y = y + 600]): null&#xD;
&#xD;
2019-08-12 17:40:59 - [TEST_STEP][PASSED] - callTestCase(findTestCase("mobileWeb/_include/get_screenshot"), [:], STOP_ON_FAILURE): Call Test Case 'Test Cases/mobileWeb/_include/get_screenshot' successfully&#xD;
&#xD;
2019-08-12 17:40:59 - [TEST_CASE][PASSED] - Test Cases/mobileWeb/_include/get_screenshot: Test Cases/mobileWeb/_include/get_screenshot&#xD;
&#xD;
2019-08-12 17:40:59 - [TEST_STEP][PASSED] - takeScreenshot(screenPath + i + ".png"): Taking screenshot successfully&#xD;
&#xD;
2019-08-12 17:41:00 - [MESSAGE][PASSED] - Taking screenshot successfully&#xD;
[[ATTACHMENT|D:\\Test\\AgileTest\\AgileTest\\Reports\\mobileWeb\\plan detail\\20190812_173746\\../Screenshots/iPhone X/Plan Detail/hbi core shield/20190812_174049/0.png]]&#xD;
&#xD;
2019-08-12 17:41:00 - [TEST_STEP][PASSED] - (internal.GlobalVariable.i++): null&#xD;
&#xD;
2019-08-12 17:41:00 - [MESSAGE][PASSED] - Call Test Case 'Test Cases/mobileWeb/_include/get_screenshot' successfully&#xD;
&#xD;
2019-08-12 17:41:00 - [TEST_STEP][PASSED] - scrollToPosition(0, y): Browser is scrolled to position x = 0, y = 600&#xD;
&#xD;
2019-08-12 17:41:00 - [MESSAGE][PASSED] - Browser is scrolled to position x = 0, y = 600&#xD;
&#xD;
2019-08-12 17:41:00 - [TEST_STEP][PASSED] - Thread.sleep(3000): null&#xD;
&#xD;
2019-08-12 17:41:03 - [TEST_STEP][PASSED] - callTestCase(findTestCase("mobileWeb/_include/get_screenshot"), [:], STOP_ON_FAILURE): Call Test Case 'Test Cases/mobileWeb/_include/get_screenshot' successfully&#xD;
&#xD;
2019-08-12 17:41:03 - [TEST_CASE][PASSED] - Test Cases/mobileWeb/_include/get_screenshot: Test Cases/mobileWeb/_include/get_screenshot&#xD;
&#xD;
2019-08-12 17:41:03 - [TEST_STEP][PASSED] - takeScreenshot(screenPath + i + ".png"): Taking screenshot successfully&#xD;
&#xD;
2019-08-12 17:41:04 - [MESSAGE][PASSED] - Taking screenshot successfully&#xD;
[[ATTACHMENT|D:\\Test\\AgileTest\\AgileTest\\Reports\\mobileWeb\\plan detail\\20190812_173746\\../Screenshots/iPhone X/Plan Detail/hbi core shield/20190812_174049/1.png]]&#xD;
&#xD;
2019-08-12 17:41:04 - [TEST_STEP][PASSED] - (internal.GlobalVariable.i++): null&#xD;
&#xD;
2019-08-12 17:41:04 - [MESSAGE][PASSED] - Call Test Case 'Test Cases/mobileWeb/_include/get_screenshot' successfully&#xD;
&#xD;
2019-08-12 17:41:04 - [TEST_STEP][PASSED] - scrollToPosition(0, y): Browser is scrolled to position x = 0, y = 1200&#xD;
&#xD;
2019-08-12 17:41:04 - [MESSAGE][PASSED] - Browser is scrolled to position x = 0, y = 1200&#xD;
&#xD;
2019-08-12 17:41:04 - [TEST_STEP][PASSED] - Thread.sleep(3000): null&#xD;
&#xD;
2019-08-12 17:41:07 - [TEST_STEP][PASSED] - callTestCase(findTestCase("mobileWeb/_include/get_screenshot"), [:], STOP_ON_FAILURE): Call Test Case 'Test Cases/mobileWeb/_include/get_screenshot' successfully&#xD;
&#xD;
2019-08-12 17:41:07 - [TEST_CASE][PASSED] - Test Cases/mobileWeb/_include/get_screenshot: Test Cases/mobileWeb/_include/get_screenshot&#xD;
&#xD;
2019-08-12 17:41:07 - [TEST_STEP][PASSED] - takeScreenshot(screenPath + i + ".png"): Taking screenshot successfully&#xD;
&#xD;
2019-08-12 17:41:07 - [MESSAGE][PASSED] - Taking screenshot successfully&#xD;
[[ATTACHMENT|D:\\Test\\AgileTest\\AgileTest\\Reports\\mobileWeb\\plan detail\\20190812_173746\\../Screenshots/iPhone X/Plan Detail/hbi core shield/20190812_174049/2.png]]&#xD;
&#xD;
2019-08-12 17:41:07 - [TEST_STEP][PASSED] - (internal.GlobalVariable.i++): null&#xD;
&#xD;
2019-08-12 17:41:07 - [MESSAGE][PASSED] - Call Test Case 'Test Cases/mobileWeb/_include/get_screenshot' successfully&#xD;
&#xD;
2019-08-12 17:41:07 - [TEST_STEP][PASSED] - scrollToPosition(0, y): Browser is scrolled to position x = 0, y = 1800&#xD;
&#xD;
2019-08-12 17:41:07 - [MESSAGE][PASSED] - Browser is scrolled to position x = 0, y = 1800&#xD;
&#xD;
2019-08-12 17:41:07 - [TEST_STEP][PASSED] - Thread.sleep(3000): null&#xD;
&#xD;
2019-08-12 17:41:10 - [TEST_STEP][PASSED] - callTestCase(findTestCase("mobileWeb/_include/get_screenshot"), [:], STOP_ON_FAILURE): Call Test Case 'Test Cases/mobileWeb/_include/get_screenshot' successfully&#xD;
&#xD;
2019-08-12 17:41:10 - [TEST_CASE][PASSED] - Test Cases/mobileWeb/_include/get_screenshot: Test Cases/mobileWeb/_include/get_screenshot&#xD;
&#xD;
2019-08-12 17:41:11 - [TEST_STEP][PASSED] - takeScreenshot(screenPath + i + ".png"): Taking screenshot successfully&#xD;
&#xD;
2019-08-12 17:41:11 - [MESSAGE][PASSED] - Taking screenshot successfully&#xD;
[[ATTACHMENT|D:\\Test\\AgileTest\\AgileTest\\Reports\\mobileWeb\\plan detail\\20190812_173746\\../Screenshots/iPhone X/Plan Detail/hbi core shield/20190812_174049/3.png]]&#xD;
&#xD;
2019-08-12 17:41:11 - [TEST_STEP][PASSED] - (internal.GlobalVariable.i++): null&#xD;
&#xD;
2019-08-12 17:41:11 - [MESSAGE][PASSED] - Call Test Case 'Test Cases/mobileWeb/_include/get_screenshot' successfully&#xD;
&#xD;
2019-08-12 17:41:11 - [TEST_STEP][PASSED] - scrollToPosition(0, y): Browser is scrolled to position x = 0, y = 2400&#xD;
&#xD;
2019-08-12 17:41:11 - [MESSAGE][PASSED] - Browser is scrolled to position x = 0, y = 2400&#xD;
&#xD;
2019-08-12 17:41:11 - [TEST_STEP][PASSED] - Thread.sleep(3000): null&#xD;
&#xD;
2019-08-12 17:41:14 - [TEST_STEP][PASSED] - callTestCase(findTestCase("mobileWeb/_include/get_screenshot"), [:], STOP_ON_FAILURE): Call Test Case 'Test Cases/mobileWeb/_include/get_screenshot' successfully&#xD;
&#xD;
2019-08-12 17:41:14 - [TEST_CASE][PASSED] - Test Cases/mobileWeb/_include/get_screenshot: Test Cases/mobileWeb/_include/get_screenshot&#xD;
&#xD;
2019-08-12 17:41:14 - [TEST_STEP][PASSED] - takeScreenshot(screenPath + i + ".png"): Taking screenshot successfully&#xD;
&#xD;
2019-08-12 17:41:15 - [MESSAGE][PASSED] - Taking screenshot successfully&#xD;
[[ATTACHMENT|D:\\Test\\AgileTest\\AgileTest\\Reports\\mobileWeb\\plan detail\\20190812_173746\\../Screenshots/iPhone X/Plan Detail/hbi core shield/20190812_174049/4.png]]&#xD;
&#xD;
2019-08-12 17:41:15 - [TEST_STEP][PASSED] - (internal.GlobalVariable.i++): null&#xD;
&#xD;
2019-08-12 17:41:15 - [MESSAGE][PASSED] - Call Test Case 'Test Cases/mobileWeb/_include/get_screenshot' successfully&#xD;
&#xD;
2019-08-12 17:41:15 - [TEST_STEP][PASSED] - scrollToPosition(0, y): Browser is scrolled to position x = 0, y = 3000&#xD;
&#xD;
2019-08-12 17:41:15 - [MESSAGE][PASSED] - Browser is scrolled to position x = 0, y = 3000&#xD;
&#xD;
2019-08-12 17:41:15 - [TEST_STEP][PASSED] - Thread.sleep(3000): null&#xD;
&#xD;
2019-08-12 17:41:18 - [TEST_STEP][PASSED] - callTestCase(findTestCase("mobileWeb/_include/get_screenshot"), [:], STOP_ON_FAILURE): Call Test Case 'Test Cases/mobileWeb/_include/get_screenshot' successfully&#xD;
&#xD;
2019-08-12 17:41:18 - [TEST_CASE][PASSED] - Test Cases/mobileWeb/_include/get_screenshot: Test Cases/mobileWeb/_include/get_screenshot&#xD;
&#xD;
2019-08-12 17:41:18 - [TEST_STEP][PASSED] - takeScreenshot(screenPath + i + ".png"): Taking screenshot successfully&#xD;
&#xD;
2019-08-12 17:41:19 - [MESSAGE][PASSED] - Taking screenshot successfully&#xD;
[[ATTACHMENT|D:\\Test\\AgileTest\\AgileTest\\Reports\\mobileWeb\\plan detail\\20190812_173746\\../Screenshots/iPhone X/Plan Detail/hbi core shield/20190812_174049/5.png]]&#xD;
&#xD;
2019-08-12 17:41:19 - [TEST_STEP][PASSED] - (internal.GlobalVariable.i++): null&#xD;
&#xD;
2019-08-12 17:41:19 - [MESSAGE][PASSED] - Call Test Case 'Test Cases/mobileWeb/_include/get_screenshot' successfully&#xD;
&#xD;
2019-08-12 17:41:19 - [TEST_STEP][PASSED] - scrollToPosition(0, y): Browser is scrolled to position x = 0, y = 3600&#xD;
&#xD;
2019-08-12 17:41:19 - [MESSAGE][PASSED] - Browser is scrolled to position x = 0, y = 3600&#xD;
&#xD;
2019-08-12 17:41:19 - [TEST_STEP][PASSED] - Thread.sleep(3000): null&#xD;
&#xD;
2019-08-12 17:41:22 - [TEST_STEP][PASSED] - callTestCase(findTestCase("mobileWeb/_include/get_screenshot"), [:], STOP_ON_FAILURE): Call Test Case 'Test Cases/mobileWeb/_include/get_screenshot' successfully&#xD;
&#xD;
2019-08-12 17:41:22 - [TEST_CASE][PASSED] - Test Cases/mobileWeb/_include/get_screenshot: Test Cases/mobileWeb/_include/get_screenshot&#xD;
&#xD;
2019-08-12 17:41:22 - [TEST_STEP][PASSED] - takeScreenshot(screenPath + i + ".png"): Taking screenshot successfully&#xD;
&#xD;
2019-08-12 17:41:23 - [MESSAGE][PASSED] - Taking screenshot successfully&#xD;
[[ATTACHMENT|D:\\Test\\AgileTest\\AgileTest\\Reports\\mobileWeb\\plan detail\\20190812_173746\\../Screenshots/iPhone X/Plan Detail/hbi core shield/20190812_174049/6.png]]&#xD;
&#xD;
2019-08-12 17:41:23 - [TEST_STEP][PASSED] - (internal.GlobalVariable.i++): null&#xD;
&#xD;
2019-08-12 17:41:23 - [MESSAGE][PASSED] - Call Test Case 'Test Cases/mobileWeb/_include/get_screenshot' successfully&#xD;
&#xD;
2019-08-12 17:41:23 - [TEST_STEP][PASSED] - scrollToPosition(0, y): Browser is scrolled to position x = 0, y = 4200&#xD;
&#xD;
2019-08-12 17:41:23 - [MESSAGE][PASSED] - Browser is scrolled to position x = 0, y = 4200&#xD;
&#xD;
2019-08-12 17:41:23 - [TEST_STEP][PASSED] - Thread.sleep(3000): null&#xD;
&#xD;
2019-08-12 17:41:26 - [TEST_STEP][PASSED] - callTestCase(findTestCase("mobileWeb/_include/get_screenshot"), [:], STOP_ON_FAILURE): Call Test Case 'Test Cases/mobileWeb/_include/get_screenshot' successfully&#xD;
&#xD;
2019-08-12 17:41:26 - [TEST_CASE][PASSED] - Test Cases/mobileWeb/_include/get_screenshot: Test Cases/mobileWeb/_include/get_screenshot&#xD;
&#xD;
2019-08-12 17:41:26 - [TEST_STEP][PASSED] - takeScreenshot(screenPath + i + ".png"): Taking screenshot successfully&#xD;
&#xD;
2019-08-12 17:41:27 - [MESSAGE][PASSED] - Taking screenshot successfully&#xD;
[[ATTACHMENT|D:\\Test\\AgileTest\\AgileTest\\Reports\\mobileWeb\\plan detail\\20190812_173746\\../Screenshots/iPhone X/Plan Detail/hbi core shield/20190812_174049/7.png]]&#xD;
&#xD;
2019-08-12 17:41:27 - [TEST_STEP][PASSED] - (internal.GlobalVariable.i++): null&#xD;
&#xD;
2019-08-12 17:41:27 - [MESSAGE][PASSED] - Call Test Case 'Test Cases/mobileWeb/_include/get_screenshot' successfully&#xD;
&#xD;
2019-08-12 17:41:27 - [TEST_STEP][PASSED] - scrollToPosition(0, y): Browser is scrolled to position x = 0, y = 4800&#xD;
&#xD;
2019-08-12 17:41:27 - [MESSAGE][PASSED] - Browser is scrolled to position x = 0, y = 4800&#xD;
&#xD;
2019-08-12 17:41:27 - [TEST_STEP][PASSED] - Thread.sleep(3000): null&#xD;
&#xD;
2019-08-12 17:41:30 - [TEST_STEP][PASSED] - callTestCase(findTestCase("mobileWeb/_include/get_screenshot"), [:], STOP_ON_FAILURE): Call Test Case 'Test Cases/mobileWeb/_include/get_screenshot' successfully&#xD;
&#xD;
2019-08-12 17:41:30 - [TEST_CASE][PASSED] - Test Cases/mobileWeb/_include/get_screenshot: Test Cases/mobileWeb/_include/get_screenshot&#xD;
&#xD;
2019-08-12 17:41:30 - [TEST_STEP][PASSED] - takeScreenshot(screenPath + i + ".png"): Taking screenshot successfully&#xD;
&#xD;
2019-08-12 17:41:30 - [MESSAGE][PASSED] - Taking screenshot successfully&#xD;
[[ATTACHMENT|D:\\Test\\AgileTest\\AgileTest\\Reports\\mobileWeb\\plan detail\\20190812_173746\\../Screenshots/iPhone X/Plan Detail/hbi core shield/20190812_174049/8.png]]&#xD;
&#xD;
2019-08-12 17:41:30 - [TEST_STEP][PASSED] - (internal.GlobalVariable.i++): null&#xD;
&#xD;
2019-08-12 17:41:30 - [MESSAGE][PASSED] - Call Test Case 'Test Cases/mobileWeb/_include/get_screenshot' successfully&#xD;
&#xD;
2019-08-12 17:41:30 - [TEST_STEP][PASSED] - scrollToPosition(0, y): Browser is scrolled to position x = 0, y = 5400&#xD;
&#xD;
2019-08-12 17:41:30 - [MESSAGE][PASSED] - Browser is scrolled to position x = 0, y = 5400&#xD;
&#xD;
2019-08-12 17:41:30 - [TEST_STEP][PASSED] - Thread.sleep(3000): null&#xD;
&#xD;
2019-08-12 17:41:33 - [MESSAGE][PASSED] - Call Test Case 'Test Cases/mobileWeb/_include/get_scrollScreenshot' successfully</system-out>
            <system-err></system-err>
        </testcase>
        <testcase name="Test Cases/mobileWeb/Other Pages Check/Plan Detail/hbi/health choice plus" classname="Test Cases/mobileWeb/Other Pages Check/Plan Detail/hbi/health choice plus" status="PASSED">
            <system-out>2019-08-12 17:41:33 - [TEST_CASE][PASSED] - Test Cases/mobileWeb/Other Pages Check/Plan Detail/hbi/health choice plus: Test Cases/mobileWeb/Other Pages Check/Plan Detail/hbi/health choice plus&#xD;
&#xD;
2019-08-12 17:41:34 - [TEST_STEP][PASSED] - callTestCase(findTestCase("mobileWeb/_include/get_screenPath"), ["productLine":"Plan Detail", "carrierName":"hbi health choice plus"], CONTINUE_ON_FAILURE): Call Test Case 'Test Cases/mobileWeb/_include/get_screenPath' successfully&#xD;
&#xD;
2019-08-12 17:41:34 - [TEST_CASE][PASSED] - Test Cases/mobileWeb/_include/get_screenPath: Test Cases/mobileWeb/_include/get_screenPath&#xD;
&#xD;
2019-08-12 17:41:34 - [TEST_STEP][PASSED] - m = getExecutionProperties(): null&#xD;
&#xD;
2019-08-12 17:41:34 - [TEST_STEP][PASSED] - deviceName = get("mobileEmulation").get("deviceName"): null&#xD;
&#xD;
2019-08-12 17:41:34 - [TEST_STEP][PASSED] - println(deviceName): null&#xD;
&#xD;
2019-08-12 17:41:34 - [TEST_STEP][PASSED] - now = new java.util.Date(): null&#xD;
&#xD;
2019-08-12 17:41:34 - [TEST_STEP][PASSED] - mydate = now.format("yyyyMMdd_HHmmss"): null&#xD;
&#xD;
2019-08-12 17:41:34 - [TEST_STEP][PASSED] - screenPath = "../Screenshots/": null&#xD;
&#xD;
2019-08-12 17:41:34 - [TEST_STEP][PASSED] - screenPath = screenPath + deviceName + "/" + productLine + "/" + carrierName + "/" + mydate + "/": null&#xD;
&#xD;
2019-08-12 17:41:34 - [TEST_STEP][PASSED] - println(screenPath): null&#xD;
&#xD;
2019-08-12 17:41:34 - [MESSAGE][PASSED] - Call Test Case 'Test Cases/mobileWeb/_include/get_screenPath' successfully&#xD;
&#xD;
2019-08-12 17:41:34 - [TEST_STEP][PASSED] - i = 0: null&#xD;
&#xD;
2019-08-12 17:41:34 - [TEST_STEP][PASSED] - openBrowser("https://praetemptatus.agilehealthinsurance.com/health-benefit-insurance/plan/healthchoiceplus-al-100a-100-30-50-3?census[location][zip]=35215&amp;census[member][0][dob]=1/1/1980&amp;census[member][0][gender]=F&amp;census[member][0][role]=P"): Browser is opened with url: 'https://praetemptatus.agilehealthinsurance.com/health-benefit-insurance/plan/healthchoiceplus-al-100a-100-30-50-3?census[location][zip]=35215&amp;census[member][0][dob]=1/1/1980&amp;census[member][0][gender]=F&amp;census[member][0][role]=P'&#xD;
&#xD;
2019-08-12 17:41:34 - [MESSAGE][WARNING] - A browser is already opened. Closing browser and opening a new one&#xD;
&#xD;
2019-08-12 17:41:34 - [MESSAGE][INFO] - Starting 'Chrome' driver&#xD;
&#xD;
2019-08-12 17:41:34 - [MESSAGE][INFO] - User set preference: ['mobileEmulation', '{deviceName=iPhone X}']&#xD;
&#xD;
2019-08-12 17:41:34 - [MESSAGE][INFO] - User set preference: ['args', '[--incognito, --aggressive-cache-discard, --no-sandbox, --window-size=375,812]']&#xD;
&#xD;
2019-08-12 17:41:44 - [MESSAGE][PASSED] - Browser is opened with url: 'https://praetemptatus.agilehealthinsurance.com/health-benefit-insurance/plan/healthchoiceplus-al-100a-100-30-50-3?census[location][zip]=35215&amp;census[member][0][dob]=1/1/1980&amp;census[member][0][gender]=F&amp;census[member][0][role]=P'&#xD;
&#xD;
2019-08-12 17:41:44 - [TEST_STEP][PASSED] - waitForPageLoad(20): Wait for page load successfully&#xD;
&#xD;
2019-08-12 17:41:44 - [MESSAGE][PASSED] - Wait for page load successfully&#xD;
&#xD;
2019-08-12 17:41:44 - [TEST_STEP][PASSED] - callTestCase(findTestCase("mobileWeb/_include/get_scrollScreenshot"), [:], STOP_ON_FAILURE): Call Test Case 'Test Cases/mobileWeb/_include/get_scrollScreenshot' successfully&#xD;
&#xD;
2019-08-12 17:41:44 - [TEST_CASE][PASSED] - Test Cases/mobileWeb/_include/get_scrollScreenshot: Test Cases/mobileWeb/_include/get_scrollScreenshot&#xD;
&#xD;
2019-08-12 17:41:44 - [TEST_STEP][PASSED] - pageHeight = getPageHeight(): Current page's height is 6685&#xD;
&#xD;
2019-08-12 17:41:44 - [MESSAGE][PASSED] - Current page's height is 6685&#xD;
&#xD;
2019-08-12 17:41:44 - [TEST_STEP][PASSED] - for ([y = 600, y &lt; pageHeight, y = y + 600]): null&#xD;
&#xD;
2019-08-12 17:41:44 - [TEST_STEP][PASSED] - callTestCase(findTestCase("mobileWeb/_include/get_screenshot"), [:], STOP_ON_FAILURE): Call Test Case 'Test Cases/mobileWeb/_include/get_screenshot' successfully&#xD;
&#xD;
2019-08-12 17:41:44 - [TEST_CASE][PASSED] - Test Cases/mobileWeb/_include/get_screenshot: Test Cases/mobileWeb/_include/get_screenshot&#xD;
&#xD;
2019-08-12 17:41:44 - [TEST_STEP][PASSED] - takeScreenshot(screenPath + i + ".png"): Taking screenshot successfully&#xD;
&#xD;
2019-08-12 17:41:45 - [MESSAGE][PASSED] - Taking screenshot successfully&#xD;
[[ATTACHMENT|D:\\Test\\AgileTest\\AgileTest\\Reports\\mobileWeb\\plan detail\\20190812_173746\\../Screenshots/iPhone X/Plan Detail/hbi health choice plus/20190812_174134/0.png]]&#xD;
&#xD;
2019-08-12 17:41:45 - [TEST_STEP][PASSED] - (internal.GlobalVariable.i++): null&#xD;
&#xD;
2019-08-12 17:41:45 - [MESSAGE][PASSED] - Call Test Case 'Test Cases/mobileWeb/_include/get_screenshot' successfully&#xD;
&#xD;
2019-08-12 17:41:45 - [TEST_STEP][PASSED] - scrollToPosition(0, y): Browser is scrolled to position x = 0, y = 600&#xD;
&#xD;
2019-08-12 17:41:45 - [MESSAGE][PASSED] - Browser is scrolled to position x = 0, y = 600&#xD;
&#xD;
2019-08-12 17:41:45 - [TEST_STEP][PASSED] - Thread.sleep(3000): null&#xD;
&#xD;
2019-08-12 17:41:48 - [TEST_STEP][PASSED] - callTestCase(findTestCase("mobileWeb/_include/get_screenshot"), [:], STOP_ON_FAILURE): Call Test Case 'Test Cases/mobileWeb/_include/get_screenshot' successfully&#xD;
&#xD;
2019-08-12 17:41:48 - [TEST_CASE][PASSED] - Test Cases/mobileWeb/_include/get_screenshot: Test Cases/mobileWeb/_include/get_screenshot&#xD;
&#xD;
2019-08-12 17:41:48 - [TEST_STEP][PASSED] - takeScreenshot(screenPath + i + ".png"): Taking screenshot successfully&#xD;
&#xD;
2019-08-12 17:41:49 - [MESSAGE][PASSED] - Taking screenshot successfully&#xD;
[[ATTACHMENT|D:\\Test\\AgileTest\\AgileTest\\Reports\\mobileWeb\\plan detail\\20190812_173746\\../Screenshots/iPhone X/Plan Detail/hbi health choice plus/20190812_174134/1.png]]&#xD;
&#xD;
2019-08-12 17:41:49 - [TEST_STEP][PASSED] - (internal.GlobalVariable.i++): null&#xD;
&#xD;
2019-08-12 17:41:49 - [MESSAGE][PASSED] - Call Test Case 'Test Cases/mobileWeb/_include/get_screenshot' successfully&#xD;
&#xD;
2019-08-12 17:41:49 - [TEST_STEP][PASSED] - scrollToPosition(0, y): Browser is scrolled to position x = 0, y = 1200&#xD;
&#xD;
2019-08-12 17:41:49 - [MESSAGE][PASSED] - Browser is scrolled to position x = 0, y = 1200&#xD;
&#xD;
2019-08-12 17:41:49 - [TEST_STEP][PASSED] - Thread.sleep(3000): null&#xD;
&#xD;
2019-08-12 17:41:52 - [TEST_STEP][PASSED] - callTestCase(findTestCase("mobileWeb/_include/get_screenshot"), [:], STOP_ON_FAILURE): Call Test Case 'Test Cases/mobileWeb/_include/get_screenshot' successfully&#xD;
&#xD;
2019-08-12 17:41:52 - [TEST_CASE][PASSED] - Test Cases/mobileWeb/_include/get_screenshot: Test Cases/mobileWeb/_include/get_screenshot&#xD;
&#xD;
2019-08-12 17:41:52 - [TEST_STEP][PASSED] - takeScreenshot(screenPath + i + ".png"): Taking screenshot successfully&#xD;
&#xD;
2019-08-12 17:41:52 - [MESSAGE][PASSED] - Taking screenshot successfully&#xD;
[[ATTACHMENT|D:\\Test\\AgileTest\\AgileTest\\Reports\\mobileWeb\\plan detail\\20190812_173746\\../Screenshots/iPhone X/Plan Detail/hbi health choice plus/20190812_174134/2.png]]&#xD;
&#xD;
2019-08-12 17:41:52 - [TEST_STEP][PASSED] - (internal.GlobalVariable.i++): null&#xD;
&#xD;
2019-08-12 17:41:52 - [MESSAGE][PASSED] - Call Test Case 'Test Cases/mobileWeb/_include/get_screenshot' successfully&#xD;
&#xD;
2019-08-12 17:41:52 - [TEST_STEP][PASSED] - scrollToPosition(0, y): Browser is scrolled to position x = 0, y = 1800&#xD;
&#xD;
2019-08-12 17:41:52 - [MESSAGE][PASSED] - Browser is scrolled to position x = 0, y = 1800&#xD;
&#xD;
2019-08-12 17:41:52 - [TEST_STEP][PASSED] - Thread.sleep(3000): null&#xD;
&#xD;
2019-08-12 17:41:55 - [TEST_STEP][PASSED] - callTestCase(findTestCase("mobileWeb/_include/get_screenshot"), [:], STOP_ON_FAILURE): Call Test Case 'Test Cases/mobileWeb/_include/get_screenshot' successfully&#xD;
&#xD;
2019-08-12 17:41:56 - [TEST_CASE][PASSED] - Test Cases/mobileWeb/_include/get_screenshot: Test Cases/mobileWeb/_include/get_screenshot&#xD;
&#xD;
2019-08-12 17:41:56 - [TEST_STEP][PASSED] - takeScreenshot(screenPath + i + ".png"): Taking screenshot successfully&#xD;
&#xD;
2019-08-12 17:41:56 - [MESSAGE][PASSED] - Taking screenshot successfully&#xD;
[[ATTACHMENT|D:\\Test\\AgileTest\\AgileTest\\Reports\\mobileWeb\\plan detail\\20190812_173746\\../Screenshots/iPhone X/Plan Detail/hbi health choice plus/20190812_174134/3.png]]&#xD;
&#xD;
2019-08-12 17:41:56 - [TEST_STEP][PASSED] - (internal.GlobalVariable.i++): null&#xD;
&#xD;
2019-08-12 17:41:56 - [MESSAGE][PASSED] - Call Test Case 'Test Cases/mobileWeb/_include/get_screenshot' successfully&#xD;
&#xD;
2019-08-12 17:41:56 - [TEST_STEP][PASSED] - scrollToPosition(0, y): Browser is scrolled to position x = 0, y = 2400&#xD;
&#xD;
2019-08-12 17:41:56 - [MESSAGE][PASSED] - Browser is scrolled to position x = 0, y = 2400&#xD;
&#xD;
2019-08-12 17:41:56 - [TEST_STEP][PASSED] - Thread.sleep(3000): null&#xD;
&#xD;
2019-08-12 17:41:59 - [TEST_STEP][PASSED] - callTestCase(findTestCase("mobileWeb/_include/get_screenshot"), [:], STOP_ON_FAILURE): Call Test Case 'Test Cases/mobileWeb/_include/get_screenshot' successfully&#xD;
&#xD;
2019-08-12 17:41:59 - [TEST_CASE][PASSED] - Test Cases/mobileWeb/_include/get_screenshot: Test Cases/mobileWeb/_include/get_screenshot&#xD;
&#xD;
2019-08-12 17:41:59 - [TEST_STEP][PASSED] - takeScreenshot(screenPath + i + ".png"): Taking screenshot successfully&#xD;
&#xD;
2019-08-12 17:42:00 - [MESSAGE][PASSED] - Taking screenshot successfully&#xD;
[[ATTACHMENT|D:\\Test\\AgileTest\\AgileTest\\Reports\\mobileWeb\\plan detail\\20190812_173746\\../Screenshots/iPhone X/Plan Detail/hbi health choice plus/20190812_174134/4.png]]&#xD;
&#xD;
2019-08-12 17:42:00 - [TEST_STEP][PASSED] - (internal.GlobalVariable.i++): null&#xD;
&#xD;
2019-08-12 17:42:00 - [MESSAGE][PASSED] - Call Test Case 'Test Cases/mobileWeb/_include/get_screenshot' successfully&#xD;
&#xD;
2019-08-12 17:42:00 - [TEST_STEP][PASSED] - scrollToPosition(0, y): Browser is scrolled to position x = 0, y = 3000&#xD;
&#xD;
2019-08-12 17:42:00 - [MESSAGE][PASSED] - Browser is scrolled to position x = 0, y = 3000&#xD;
&#xD;
2019-08-12 17:42:00 - [TEST_STEP][PASSED] - Thread.sleep(3000): null&#xD;
&#xD;
2019-08-12 17:42:03 - [TEST_STEP][PASSED] - callTestCase(findTestCase("mobileWeb/_include/get_screenshot"), [:], STOP_ON_FAILURE): Call Test Case 'Test Cases/mobileWeb/_include/get_screenshot' successfully&#xD;
&#xD;
2019-08-12 17:42:03 - [TEST_CASE][PASSED] - Test Cases/mobileWeb/_include/get_screenshot: Test Cases/mobileWeb/_include/get_screenshot&#xD;
&#xD;
2019-08-12 17:42:03 - [TEST_STEP][PASSED] - takeScreenshot(screenPath + i + ".png"): Taking screenshot successfully&#xD;
&#xD;
2019-08-12 17:42:04 - [MESSAGE][PASSED] - Taking screenshot successfully&#xD;
[[ATTACHMENT|D:\\Test\\AgileTest\\AgileTest\\Reports\\mobileWeb\\plan detail\\20190812_173746\\../Screenshots/iPhone X/Plan Detail/hbi health choice plus/20190812_174134/5.png]]&#xD;
&#xD;
2019-08-12 17:42:04 - [TEST_STEP][PASSED] - (internal.GlobalVariable.i++): null&#xD;
&#xD;
2019-08-12 17:42:04 - [MESSAGE][PASSED] - Call Test Case 'Test Cases/mobileWeb/_include/get_screenshot' successfully&#xD;
&#xD;
2019-08-12 17:42:04 - [TEST_STEP][PASSED] - scrollToPosition(0, y): Browser is scrolled to position x = 0, y = 3600&#xD;
&#xD;
2019-08-12 17:42:04 - [MESSAGE][PASSED] - Browser is scrolled to position x = 0, y = 3600&#xD;
&#xD;
2019-08-12 17:42:04 - [TEST_STEP][PASSED] - Thread.sleep(3000): null&#xD;
&#xD;
2019-08-12 17:42:07 - [TEST_STEP][PASSED] - callTestCase(findTestCase("mobileWeb/_include/get_screenshot"), [:], STOP_ON_FAILURE): Call Test Case 'Test Cases/mobileWeb/_include/get_screenshot' successfully&#xD;
&#xD;
2019-08-12 17:42:07 - [TEST_CASE][PASSED] - Test Cases/mobileWeb/_include/get_screenshot: Test Cases/mobileWeb/_include/get_screenshot&#xD;
&#xD;
2019-08-12 17:42:07 - [TEST_STEP][PASSED] - takeScreenshot(screenPath + i + ".png"): Taking screenshot successfully&#xD;
&#xD;
2019-08-12 17:42:08 - [MESSAGE][PASSED] - Taking screenshot successfully&#xD;
[[ATTACHMENT|D:\\Test\\AgileTest\\AgileTest\\Reports\\mobileWeb\\plan detail\\20190812_173746\\../Screenshots/iPhone X/Plan Detail/hbi health choice plus/20190812_174134/6.png]]&#xD;
&#xD;
2019-08-12 17:42:08 - [TEST_STEP][PASSED] - (internal.GlobalVariable.i++): null&#xD;
&#xD;
2019-08-12 17:42:08 - [MESSAGE][PASSED] - Call Test Case 'Test Cases/mobileWeb/_include/get_screenshot' successfully&#xD;
&#xD;
2019-08-12 17:42:08 - [TEST_STEP][PASSED] - scrollToPosition(0, y): Browser is scrolled to position x = 0, y = 4200&#xD;
&#xD;
2019-08-12 17:42:08 - [MESSAGE][PASSED] - Browser is scrolled to position x = 0, y = 4200&#xD;
&#xD;
2019-08-12 17:42:08 - [TEST_STEP][PASSED] - Thread.sleep(3000): null&#xD;
&#xD;
2019-08-12 17:42:11 - [TEST_STEP][PASSED] - callTestCase(findTestCase("mobileWeb/_include/get_screenshot"), [:], STOP_ON_FAILURE): Call Test Case 'Test Cases/mobileWeb/_include/get_screenshot' successfully&#xD;
&#xD;
2019-08-12 17:42:11 - [TEST_CASE][PASSED] - Test Cases/mobileWeb/_include/get_screenshot: Test Cases/mobileWeb/_include/get_screenshot&#xD;
&#xD;
2019-08-12 17:42:11 - [TEST_STEP][PASSED] - takeScreenshot(screenPath + i + ".png"): Taking screenshot successfully&#xD;
&#xD;
2019-08-12 17:42:11 - [MESSAGE][PASSED] - Taking screenshot successfully&#xD;
[[ATTACHMENT|D:\\Test\\AgileTest\\AgileTest\\Reports\\mobileWeb\\plan detail\\20190812_173746\\../Screenshots/iPhone X/Plan Detail/hbi health choice plus/20190812_174134/7.png]]&#xD;
&#xD;
2019-08-12 17:42:11 - [TEST_STEP][PASSED] - (internal.GlobalVariable.i++): null&#xD;
&#xD;
2019-08-12 17:42:11 - [MESSAGE][PASSED] - Call Test Case 'Test Cases/mobileWeb/_include/get_screenshot' successfully&#xD;
&#xD;
2019-08-12 17:42:11 - [TEST_STEP][PASSED] - scrollToPosition(0, y): Browser is scrolled to position x = 0, y = 4800&#xD;
&#xD;
2019-08-12 17:42:11 - [MESSAGE][PASSED] - Browser is scrolled to position x = 0, y = 4800&#xD;
&#xD;
2019-08-12 17:42:11 - [TEST_STEP][PASSED] - Thread.sleep(3000): null&#xD;
&#xD;
2019-08-12 17:42:14 - [TEST_STEP][PASSED] - callTestCase(findTestCase("mobileWeb/_include/get_screenshot"), [:], STOP_ON_FAILURE): Call Test Case 'Test Cases/mobileWeb/_include/get_screenshot' successfully&#xD;
&#xD;
2019-08-12 17:42:14 - [TEST_CASE][PASSED] - Test Cases/mobileWeb/_include/get_screenshot: Test Cases/mobileWeb/_include/get_screenshot&#xD;
&#xD;
2019-08-12 17:42:14 - [TEST_STEP][PASSED] - takeScreenshot(screenPath + i + ".png"): Taking screenshot successfully&#xD;
&#xD;
2019-08-12 17:42:15 - [MESSAGE][PASSED] - Taking screenshot successfully&#xD;
[[ATTACHMENT|D:\\Test\\AgileTest\\AgileTest\\Reports\\mobileWeb\\plan detail\\20190812_173746\\../Screenshots/iPhone X/Plan Detail/hbi health choice plus/20190812_174134/8.png]]&#xD;
&#xD;
2019-08-12 17:42:15 - [TEST_STEP][PASSED] - (internal.GlobalVariable.i++): null&#xD;
&#xD;
2019-08-12 17:42:15 - [MESSAGE][PASSED] - Call Test Case 'Test Cases/mobileWeb/_include/get_screenshot' successfully&#xD;
&#xD;
2019-08-12 17:42:15 - [TEST_STEP][PASSED] - scrollToPosition(0, y): Browser is scrolled to position x = 0, y = 5400&#xD;
&#xD;
2019-08-12 17:42:15 - [MESSAGE][PASSED] - Browser is scrolled to position x = 0, y = 5400&#xD;
&#xD;
2019-08-12 17:42:15 - [TEST_STEP][PASSED] - Thread.sleep(3000): null&#xD;
&#xD;
2019-08-12 17:42:18 - [TEST_STEP][PASSED] - callTestCase(findTestCase("mobileWeb/_include/get_screenshot"), [:], STOP_ON_FAILURE): Call Test Case 'Test Cases/mobileWeb/_include/get_screenshot' successfully&#xD;
&#xD;
2019-08-12 17:42:18 - [TEST_CASE][PASSED] - Test Cases/mobileWeb/_include/get_screenshot: Test Cases/mobileWeb/_include/get_screenshot&#xD;
&#xD;
2019-08-12 17:42:18 - [TEST_STEP][PASSED] - takeScreenshot(screenPath + i + ".png"): Taking screenshot successfully&#xD;
&#xD;
2019-08-12 17:42:19 - [MESSAGE][PASSED] - Taking screenshot successfully&#xD;
[[ATTACHMENT|D:\\Test\\AgileTest\\AgileTest\\Reports\\mobileWeb\\plan detail\\20190812_173746\\../Screenshots/iPhone X/Plan Detail/hbi health choice plus/20190812_174134/9.png]]&#xD;
&#xD;
2019-08-12 17:42:19 - [TEST_STEP][PASSED] - (internal.GlobalVariable.i++): null&#xD;
&#xD;
2019-08-12 17:42:19 - [MESSAGE][PASSED] - Call Test Case 'Test Cases/mobileWeb/_include/get_screenshot' successfully&#xD;
&#xD;
2019-08-12 17:42:19 - [TEST_STEP][PASSED] - scrollToPosition(0, y): Browser is scrolled to position x = 0, y = 6000&#xD;
&#xD;
2019-08-12 17:42:19 - [MESSAGE][PASSED] - Browser is scrolled to position x = 0, y = 6000&#xD;
&#xD;
2019-08-12 17:42:19 - [TEST_STEP][PASSED] - Thread.sleep(3000): null&#xD;
&#xD;
2019-08-12 17:42:22 - [TEST_STEP][PASSED] - callTestCase(findTestCase("mobileWeb/_include/get_screenshot"), [:], STOP_ON_FAILURE): Call Test Case 'Test Cases/mobileWeb/_include/get_screenshot' successfully&#xD;
&#xD;
2019-08-12 17:42:22 - [TEST_CASE][PASSED] - Test Cases/mobileWeb/_include/get_screenshot: Test Cases/mobileWeb/_include/get_screenshot&#xD;
&#xD;
2019-08-12 17:42:22 - [TEST_STEP][PASSED] - takeScreenshot(screenPath + i + ".png"): Taking screenshot successfully&#xD;
&#xD;
2019-08-12 17:42:23 - [MESSAGE][PASSED] - Taking screenshot successfully&#xD;
[[ATTACHMENT|D:\\Test\\AgileTest\\AgileTest\\Reports\\mobileWeb\\plan detail\\20190812_173746\\../Screenshots/iPhone X/Plan Detail/hbi health choice plus/20190812_174134/10.png]]&#xD;
&#xD;
2019-08-12 17:42:23 - [TEST_STEP][PASSED] - (internal.GlobalVariable.i++): null&#xD;
&#xD;
2019-08-12 17:42:23 - [MESSAGE][PASSED] - Call Test Case 'Test Cases/mobileWeb/_include/get_screenshot' successfully&#xD;
&#xD;
2019-08-12 17:42:23 - [TEST_STEP][PASSED] - scrollToPosition(0, y): Browser is scrolled to position x = 0, y = 6600&#xD;
&#xD;
2019-08-12 17:42:23 - [MESSAGE][PASSED] - Browser is scrolled to position x = 0, y = 6600&#xD;
&#xD;
2019-08-12 17:42:23 - [TEST_STEP][PASSED] - Thread.sleep(3000): null&#xD;
&#xD;
2019-08-12 17:42:26 - [MESSAGE][PASSED] - Call Test Case 'Test Cases/mobileWeb/_include/get_scrollScreenshot' successfully</system-out>
            <system-err></system-err>
        </testcase>
        <testcase name="Test Cases/mobileWeb/Other Pages Check/Plan Detail/hbi/legion" classname="Test Cases/mobileWeb/Other Pages Check/Plan Detail/hbi/legion" status="PASSED">
            <system-out>2019-08-12 17:42:26 - [TEST_CASE][PASSED] - Test Cases/mobileWeb/Other Pages Check/Plan Detail/hbi/legion: Test Cases/mobileWeb/Other Pages Check/Plan Detail/hbi/legion&#xD;
&#xD;
2019-08-12 17:42:26 - [TEST_STEP][PASSED] - callTestCase(findTestCase("mobileWeb/_include/get_screenPath"), ["productLine":"Plan Detail", "carrierName":"hbi legion"], CONTINUE_ON_FAILURE): Call Test Case 'Test Cases/mobileWeb/_include/get_screenPath' successfully&#xD;
&#xD;
2019-08-12 17:42:26 - [TEST_CASE][PASSED] - Test Cases/mobileWeb/_include/get_screenPath: Test Cases/mobileWeb/_include/get_screenPath&#xD;
&#xD;
2019-08-12 17:42:26 - [TEST_STEP][PASSED] - m = getExecutionProperties(): null&#xD;
&#xD;
2019-08-12 17:42:26 - [TEST_STEP][PASSED] - deviceName = get("mobileEmulation").get("deviceName"): null&#xD;
&#xD;
2019-08-12 17:42:26 - [TEST_STEP][PASSED] - println(deviceName): null&#xD;
&#xD;
2019-08-12 17:42:26 - [TEST_STEP][PASSED] - now = new java.util.Date(): null&#xD;
&#xD;
2019-08-12 17:42:26 - [TEST_STEP][PASSED] - mydate = now.format("yyyyMMdd_HHmmss"): null&#xD;
&#xD;
2019-08-12 17:42:26 - [TEST_STEP][PASSED] - screenPath = "../Screenshots/": null&#xD;
&#xD;
2019-08-12 17:42:26 - [TEST_STEP][PASSED] - screenPath = screenPath + deviceName + "/" + productLine + "/" + carrierName + "/" + mydate + "/": null&#xD;
&#xD;
2019-08-12 17:42:26 - [TEST_STEP][PASSED] - println(screenPath): null&#xD;
&#xD;
2019-08-12 17:42:26 - [MESSAGE][PASSED] - Call Test Case 'Test Cases/mobileWeb/_include/get_screenPath' successfully&#xD;
&#xD;
2019-08-12 17:42:26 - [TEST_STEP][PASSED] - i = 0: null&#xD;
&#xD;
2019-08-12 17:42:26 - [TEST_STEP][PASSED] - openBrowser("https://praetemptatus.agilehealthinsurance.com/health-benefit-insurance/plan/legion-al-500-30-100-3?census[location][zip]=35215&amp;census[member][0][dob]=1/1/1980&amp;census[member][0][gender]=F&amp;census[member][0][role]=P"): Browser is opened with url: 'https://praetemptatus.agilehealthinsurance.com/health-benefit-insurance/plan/legion-al-500-30-100-3?census[location][zip]=35215&amp;census[member][0][dob]=1/1/1980&amp;census[member][0][gender]=F&amp;census[member][0][role]=P'&#xD;
&#xD;
2019-08-12 17:42:26 - [MESSAGE][WARNING] - A browser is already opened. Closing browser and opening a new one&#xD;
&#xD;
2019-08-12 17:42:27 - [MESSAGE][INFO] - Starting 'Chrome' driver&#xD;
&#xD;
2019-08-12 17:42:27 - [MESSAGE][INFO] - User set preference: ['mobileEmulation', '{deviceName=iPhone X}']&#xD;
&#xD;
2019-08-12 17:42:27 - [MESSAGE][INFO] - User set preference: ['args', '[--incognito, --aggressive-cache-discard, --no-sandbox, --window-size=375,812]']&#xD;
&#xD;
2019-08-12 17:42:36 - [MESSAGE][PASSED] - Browser is opened with url: 'https://praetemptatus.agilehealthinsurance.com/health-benefit-insurance/plan/legion-al-500-30-100-3?census[location][zip]=35215&amp;census[member][0][dob]=1/1/1980&amp;census[member][0][gender]=F&amp;census[member][0][role]=P'&#xD;
&#xD;
2019-08-12 17:42:36 - [TEST_STEP][PASSED] - waitForPageLoad(20): Wait for page load successfully&#xD;
&#xD;
2019-08-12 17:42:36 - [MESSAGE][PASSED] - Wait for page load successfully&#xD;
&#xD;
2019-08-12 17:42:36 - [TEST_STEP][PASSED] - callTestCase(findTestCase("mobileWeb/_include/get_scrollScreenshot"), [:], STOP_ON_FAILURE): Call Test Case 'Test Cases/mobileWeb/_include/get_scrollScreenshot' successfully&#xD;
&#xD;
2019-08-12 17:42:36 - [TEST_CASE][PASSED] - Test Cases/mobileWeb/_include/get_scrollScreenshot: Test Cases/mobileWeb/_include/get_scrollScreenshot&#xD;
&#xD;
2019-08-12 17:42:36 - [TEST_STEP][PASSED] - pageHeight = getPageHeight(): Current page's height is 6878&#xD;
&#xD;
2019-08-12 17:42:36 - [MESSAGE][PASSED] - Current page's height is 6878&#xD;
&#xD;
2019-08-12 17:42:36 - [TEST_STEP][PASSED] - for ([y = 600, y &lt; pageHeight, y = y + 600]): null&#xD;
&#xD;
2019-08-12 17:42:36 - [TEST_STEP][PASSED] - callTestCase(findTestCase("mobileWeb/_include/get_screenshot"), [:], STOP_ON_FAILURE): Call Test Case 'Test Cases/mobileWeb/_include/get_screenshot' successfully&#xD;
&#xD;
2019-08-12 17:42:36 - [TEST_CASE][PASSED] - Test Cases/mobileWeb/_include/get_screenshot: Test Cases/mobileWeb/_include/get_screenshot&#xD;
&#xD;
2019-08-12 17:42:36 - [TEST_STEP][PASSED] - takeScreenshot(screenPath + i + ".png"): Taking screenshot successfully&#xD;
&#xD;
2019-08-12 17:42:37 - [MESSAGE][PASSED] - Taking screenshot successfully&#xD;
[[ATTACHMENT|D:\\Test\\AgileTest\\AgileTest\\Reports\\mobileWeb\\plan detail\\20190812_173746\\../Screenshots/iPhone X/Plan Detail/hbi legion/20190812_174226/0.png]]&#xD;
&#xD;
2019-08-12 17:42:37 - [TEST_STEP][PASSED] - (internal.GlobalVariable.i++): null&#xD;
&#xD;
2019-08-12 17:42:37 - [MESSAGE][PASSED] - Call Test Case 'Test Cases/mobileWeb/_include/get_screenshot' successfully&#xD;
&#xD;
2019-08-12 17:42:37 - [TEST_STEP][PASSED] - scrollToPosition(0, y): Browser is scrolled to position x = 0, y = 600&#xD;
&#xD;
2019-08-12 17:42:37 - [MESSAGE][PASSED] - Browser is scrolled to position x = 0, y = 600&#xD;
&#xD;
2019-08-12 17:42:37 - [TEST_STEP][PASSED] - Thread.sleep(3000): null&#xD;
&#xD;
2019-08-12 17:42:40 - [TEST_STEP][PASSED] - callTestCase(findTestCase("mobileWeb/_include/get_screenshot"), [:], STOP_ON_FAILURE): Call Test Case 'Test Cases/mobileWeb/_include/get_screenshot' successfully&#xD;
&#xD;
2019-08-12 17:42:40 - [TEST_CASE][PASSED] - Test Cases/mobileWeb/_include/get_screenshot: Test Cases/mobileWeb/_include/get_screenshot&#xD;
&#xD;
2019-08-12 17:42:40 - [TEST_STEP][PASSED] - takeScreenshot(screenPath + i + ".png"): Taking screenshot successfully&#xD;
&#xD;
2019-08-12 17:42:41 - [MESSAGE][PASSED] - Taking screenshot successfully&#xD;
[[ATTACHMENT|D:\\Test\\AgileTest\\AgileTest\\Reports\\mobileWeb\\plan detail\\20190812_173746\\../Screenshots/iPhone X/Plan Detail/hbi legion/20190812_174226/1.png]]&#xD;
&#xD;
2019-08-12 17:42:41 - [TEST_STEP][PASSED] - (internal.GlobalVariable.i++): null&#xD;
&#xD;
2019-08-12 17:42:41 - [MESSAGE][PASSED] - Call Test Case 'Test Cases/mobileWeb/_include/get_screenshot' successfully&#xD;
&#xD;
2019-08-12 17:42:41 - [TEST_STEP][PASSED] - scrollToPosition(0, y): Browser is scrolled to position x = 0, y = 1200&#xD;
&#xD;
2019-08-12 17:42:41 - [MESSAGE][PASSED] - Browser is scrolled to position x = 0, y = 1200&#xD;
&#xD;
2019-08-12 17:42:41 - [TEST_STEP][PASSED] - Thread.sleep(3000): null&#xD;
&#xD;
2019-08-12 17:42:44 - [TEST_STEP][PASSED] - callTestCase(findTestCase("mobileWeb/_include/get_screenshot"), [:], STOP_ON_FAILURE): Call Test Case 'Test Cases/mobileWeb/_include/get_screenshot' successfully&#xD;
&#xD;
2019-08-12 17:42:44 - [TEST_CASE][PASSED] - Test Cases/mobileWeb/_include/get_screenshot: Test Cases/mobileWeb/_include/get_screenshot&#xD;
&#xD;
2019-08-12 17:42:44 - [TEST_STEP][PASSED] - takeScreenshot(screenPath + i + ".png"): Taking screenshot successfully&#xD;
&#xD;
2019-08-12 17:42:45 - [MESSAGE][PASSED] - Taking screenshot successfully&#xD;
[[ATTACHMENT|D:\\Test\\AgileTest\\AgileTest\\Reports\\mobileWeb\\plan detail\\20190812_173746\\../Screenshots/iPhone X/Plan Detail/hbi legion/20190812_174226/2.png]]&#xD;
&#xD;
2019-08-12 17:42:45 - [TEST_STEP][PASSED] - (internal.GlobalVariable.i++): null&#xD;
&#xD;
2019-08-12 17:42:45 - [MESSAGE][PASSED] - Call Test Case 'Test Cases/mobileWeb/_include/get_screenshot' successfully&#xD;
&#xD;
2019-08-12 17:42:45 - [TEST_STEP][PASSED] - scrollToPosition(0, y): Browser is scrolled to position x = 0, y = 1800&#xD;
&#xD;
2019-08-12 17:42:45 - [MESSAGE][PASSED] - Browser is scrolled to position x = 0, y = 1800&#xD;
&#xD;
2019-08-12 17:42:45 - [TEST_STEP][PASSED] - Thread.sleep(3000): null&#xD;
&#xD;
2019-08-12 17:42:48 - [TEST_STEP][PASSED] - callTestCase(findTestCase("mobileWeb/_include/get_screenshot"), [:], STOP_ON_FAILURE): Call Test Case 'Test Cases/mobileWeb/_include/get_screenshot' successfully&#xD;
&#xD;
2019-08-12 17:42:48 - [TEST_CASE][PASSED] - Test Cases/mobileWeb/_include/get_screenshot: Test Cases/mobileWeb/_include/get_screenshot&#xD;
&#xD;
2019-08-12 17:42:48 - [TEST_STEP][PASSED] - takeScreenshot(screenPath + i + ".png"): Taking screenshot successfully&#xD;
&#xD;
2019-08-12 17:42:48 - [MESSAGE][PASSED] - Taking screenshot successfully&#xD;
[[ATTACHMENT|D:\\Test\\AgileTest\\AgileTest\\Reports\\mobileWeb\\plan detail\\20190812_173746\\../Screenshots/iPhone X/Plan Detail/hbi legion/20190812_174226/3.png]]&#xD;
&#xD;
2019-08-12 17:42:48 - [TEST_STEP][PASSED] - (internal.GlobalVariable.i++): null&#xD;
&#xD;
2019-08-12 17:42:48 - [MESSAGE][PASSED] - Call Test Case 'Test Cases/mobileWeb/_include/get_screenshot' successfully&#xD;
&#xD;
2019-08-12 17:42:48 - [TEST_STEP][PASSED] - scrollToPosition(0, y): Browser is scrolled to position x = 0, y = 2400&#xD;
&#xD;
2019-08-12 17:42:48 - [MESSAGE][PASSED] - Browser is scrolled to position x = 0, y = 2400&#xD;
&#xD;
2019-08-12 17:42:48 - [TEST_STEP][PASSED] - Thread.sleep(3000): null&#xD;
&#xD;
2019-08-12 17:42:51 - [TEST_STEP][PASSED] - callTestCase(findTestCase("mobileWeb/_include/get_screenshot"), [:], STOP_ON_FAILURE): Call Test Case 'Test Cases/mobileWeb/_include/get_screenshot' successfully&#xD;
&#xD;
2019-08-12 17:42:51 - [TEST_CASE][PASSED] - Test Cases/mobileWeb/_include/get_screenshot: Test Cases/mobileWeb/_include/get_screenshot&#xD;
&#xD;
2019-08-12 17:42:51 - [TEST_STEP][PASSED] - takeScreenshot(screenPath + i + ".png"): Taking screenshot successfully&#xD;
&#xD;
2019-08-12 17:42:52 - [MESSAGE][PASSED] - Taking screenshot successfully&#xD;
[[ATTACHMENT|D:\\Test\\AgileTest\\AgileTest\\Reports\\mobileWeb\\plan detail\\20190812_173746\\../Screenshots/iPhone X/Plan Detail/hbi legion/20190812_174226/4.png]]&#xD;
&#xD;
2019-08-12 17:42:52 - [TEST_STEP][PASSED] - (internal.GlobalVariable.i++): null&#xD;
&#xD;
2019-08-12 17:42:52 - [MESSAGE][PASSED] - Call Test Case 'Test Cases/mobileWeb/_include/get_screenshot' successfully&#xD;
&#xD;
2019-08-12 17:42:52 - [TEST_STEP][PASSED] - scrollToPosition(0, y): Browser is scrolled to position x = 0, y = 3000&#xD;
&#xD;
2019-08-12 17:42:52 - [MESSAGE][PASSED] - Browser is scrolled to position x = 0, y = 3000&#xD;
&#xD;
2019-08-12 17:42:52 - [TEST_STEP][PASSED] - Thread.sleep(3000): null&#xD;
&#xD;
2019-08-12 17:42:55 - [TEST_STEP][PASSED] - callTestCase(findTestCase("mobileWeb/_include/get_screenshot"), [:], STOP_ON_FAILURE): Call Test Case 'Test Cases/mobileWeb/_include/get_screenshot' successfully&#xD;
&#xD;
2019-08-12 17:42:55 - [TEST_CASE][PASSED] - Test Cases/mobileWeb/_include/get_screenshot: Test Cases/mobileWeb/_include/get_screenshot&#xD;
&#xD;
2019-08-12 17:42:55 - [TEST_STEP][PASSED] - takeScreenshot(screenPath + i + ".png"): Taking screenshot successfully&#xD;
&#xD;
2019-08-12 17:42:56 - [MESSAGE][PASSED] - Taking screenshot successfully&#xD;
[[ATTACHMENT|D:\\Test\\AgileTest\\AgileTest\\Reports\\mobileWeb\\plan detail\\20190812_173746\\../Screenshots/iPhone X/Plan Detail/hbi legion/20190812_174226/5.png]]&#xD;
&#xD;
2019-08-12 17:42:56 - [TEST_STEP][PASSED] - (internal.GlobalVariable.i++): null&#xD;
&#xD;
2019-08-12 17:42:56 - [MESSAGE][PASSED] - Call Test Case 'Test Cases/mobileWeb/_include/get_screenshot' successfully&#xD;
&#xD;
2019-08-12 17:42:56 - [TEST_STEP][PASSED] - scrollToPosition(0, y): Browser is scrolled to position x = 0, y = 3600&#xD;
&#xD;
2019-08-12 17:42:56 - [MESSAGE][PASSED] - Browser is scrolled to position x = 0, y = 3600&#xD;
&#xD;
2019-08-12 17:42:56 - [TEST_STEP][PASSED] - Thread.sleep(3000): null&#xD;
&#xD;
2019-08-12 17:42:59 - [TEST_STEP][PASSED] - callTestCase(findTestCase("mobileWeb/_include/get_screenshot"), [:], STOP_ON_FAILURE): Call Test Case 'Test Cases/mobileWeb/_include/get_screenshot' successfully&#xD;
&#xD;
2019-08-12 17:42:59 - [TEST_CASE][PASSED] - Test Cases/mobileWeb/_include/get_screenshot: Test Cases/mobileWeb/_include/get_screenshot&#xD;
&#xD;
2019-08-12 17:42:59 - [TEST_STEP][PASSED] - takeScreenshot(screenPath + i + ".png"): Taking screenshot successfully&#xD;
&#xD;
2019-08-12 17:43:00 - [MESSAGE][PASSED] - Taking screenshot successfully&#xD;
[[ATTACHMENT|D:\\Test\\AgileTest\\AgileTest\\Reports\\mobileWeb\\plan detail\\20190812_173746\\../Screenshots/iPhone X/Plan Detail/hbi legion/20190812_174226/6.png]]&#xD;
&#xD;
2019-08-12 17:43:00 - [TEST_STEP][PASSED] - (internal.GlobalVariable.i++): null&#xD;
&#xD;
2019-08-12 17:43:00 - [MESSAGE][PASSED] - Call Test Case 'Test Cases/mobileWeb/_include/get_screenshot' successfully&#xD;
&#xD;
2019-08-12 17:43:00 - [TEST_STEP][PASSED] - scrollToPosition(0, y): Browser is scrolled to position x = 0, y = 4200&#xD;
&#xD;
2019-08-12 17:43:00 - [MESSAGE][PASSED] - Browser is scrolled to position x = 0, y = 4200&#xD;
&#xD;
2019-08-12 17:43:00 - [TEST_STEP][PASSED] - Thread.sleep(3000): null&#xD;
&#xD;
2019-08-12 17:43:03 - [TEST_STEP][PASSED] - callTestCase(findTestCase("mobileWeb/_include/get_screenshot"), [:], STOP_ON_FAILURE): Call Test Case 'Test Cases/mobileWeb/_include/get_screenshot' successfully&#xD;
&#xD;
2019-08-12 17:43:03 - [TEST_CASE][PASSED] - Test Cases/mobileWeb/_include/get_screenshot: Test Cases/mobileWeb/_include/get_screenshot&#xD;
&#xD;
2019-08-12 17:43:03 - [TEST_STEP][PASSED] - takeScreenshot(screenPath + i + ".png"): Taking screenshot successfully&#xD;
&#xD;
2019-08-12 17:43:03 - [MESSAGE][PASSED] - Taking screenshot successfully&#xD;
[[ATTACHMENT|D:\\Test\\AgileTest\\AgileTest\\Reports\\mobileWeb\\plan detail\\20190812_173746\\../Screenshots/iPhone X/Plan Detail/hbi legion/20190812_174226/7.png]]&#xD;
&#xD;
2019-08-12 17:43:03 - [TEST_STEP][PASSED] - (internal.GlobalVariable.i++): null&#xD;
&#xD;
2019-08-12 17:43:03 - [MESSAGE][PASSED] - Call Test Case 'Test Cases/mobileWeb/_include/get_screenshot' successfully&#xD;
&#xD;
2019-08-12 17:43:03 - [TEST_STEP][PASSED] - scrollToPosition(0, y): Browser is scrolled to position x = 0, y = 4800&#xD;
&#xD;
2019-08-12 17:43:03 - [MESSAGE][PASSED] - Browser is scrolled to position x = 0, y = 4800&#xD;
&#xD;
2019-08-12 17:43:03 - [TEST_STEP][PASSED] - Thread.sleep(3000): null&#xD;
&#xD;
2019-08-12 17:43:06 - [TEST_STEP][PASSED] - callTestCase(findTestCase("mobileWeb/_include/get_screenshot"), [:], STOP_ON_FAILURE): Call Test Case 'Test Cases/mobileWeb/_include/get_screenshot' successfully&#xD;
&#xD;
2019-08-12 17:43:07 - [TEST_CASE][PASSED] - Test Cases/mobileWeb/_include/get_screenshot: Test Cases/mobileWeb/_include/get_screenshot&#xD;
&#xD;
2019-08-12 17:43:07 - [TEST_STEP][PASSED] - takeScreenshot(screenPath + i + ".png"): Taking screenshot successfully&#xD;
&#xD;
2019-08-12 17:43:07 - [MESSAGE][PASSED] - Taking screenshot successfully&#xD;
[[ATTACHMENT|D:\\Test\\AgileTest\\AgileTest\\Reports\\mobileWeb\\plan detail\\20190812_173746\\../Screenshots/iPhone X/Plan Detail/hbi legion/20190812_174226/8.png]]&#xD;
&#xD;
2019-08-12 17:43:07 - [TEST_STEP][PASSED] - (internal.GlobalVariable.i++): null&#xD;
&#xD;
2019-08-12 17:43:07 - [MESSAGE][PASSED] - Call Test Case 'Test Cases/mobileWeb/_include/get_screenshot' successfully&#xD;
&#xD;
2019-08-12 17:43:07 - [TEST_STEP][PASSED] - scrollToPosition(0, y): Browser is scrolled to position x = 0, y = 5400&#xD;
&#xD;
2019-08-12 17:43:07 - [MESSAGE][PASSED] - Browser is scrolled to position x = 0, y = 5400&#xD;
&#xD;
2019-08-12 17:43:07 - [TEST_STEP][PASSED] - Thread.sleep(3000): null&#xD;
&#xD;
2019-08-12 17:43:10 - [TEST_STEP][PASSED] - callTestCase(findTestCase("mobileWeb/_include/get_screenshot"), [:], STOP_ON_FAILURE): Call Test Case 'Test Cases/mobileWeb/_include/get_screenshot' successfully&#xD;
&#xD;
2019-08-12 17:43:10 - [TEST_CASE][PASSED] - Test Cases/mobileWeb/_include/get_screenshot: Test Cases/mobileWeb/_include/get_screenshot&#xD;
&#xD;
2019-08-12 17:43:10 - [TEST_STEP][PASSED] - takeScreenshot(screenPath + i + ".png"): Taking screenshot successfully&#xD;
&#xD;
2019-08-12 17:43:11 - [MESSAGE][PASSED] - Taking screenshot successfully&#xD;
[[ATTACHMENT|D:\\Test\\AgileTest\\AgileTest\\Reports\\mobileWeb\\plan detail\\20190812_173746\\../Screenshots/iPhone X/Plan Detail/hbi legion/20190812_174226/9.png]]&#xD;
&#xD;
2019-08-12 17:43:11 - [TEST_STEP][PASSED] - (internal.GlobalVariable.i++): null&#xD;
&#xD;
2019-08-12 17:43:11 - [MESSAGE][PASSED] - Call Test Case 'Test Cases/mobileWeb/_include/get_screenshot' successfully&#xD;
&#xD;
2019-08-12 17:43:11 - [TEST_STEP][PASSED] - scrollToPosition(0, y): Browser is scrolled to position x = 0, y = 6000&#xD;
&#xD;
2019-08-12 17:43:11 - [MESSAGE][PASSED] - Browser is scrolled to position x = 0, y = 6000&#xD;
&#xD;
2019-08-12 17:43:11 - [TEST_STEP][PASSED] - Thread.sleep(3000): null&#xD;
&#xD;
2019-08-12 17:43:14 - [TEST_STEP][PASSED] - callTestCase(findTestCase("mobileWeb/_include/get_screenshot"), [:], STOP_ON_FAILURE): Call Test Case 'Test Cases/mobileWeb/_include/get_screenshot' successfully&#xD;
&#xD;
2019-08-12 17:43:14 - [TEST_CASE][PASSED] - Test Cases/mobileWeb/_include/get_screenshot: Test Cases/mobileWeb/_include/get_screenshot&#xD;
&#xD;
2019-08-12 17:43:14 - [TEST_STEP][PASSED] - takeScreenshot(screenPath + i + ".png"): Taking screenshot successfully&#xD;
&#xD;
2019-08-12 17:43:15 - [MESSAGE][PASSED] - Taking screenshot successfully&#xD;
[[ATTACHMENT|D:\\Test\\AgileTest\\AgileTest\\Reports\\mobileWeb\\plan detail\\20190812_173746\\../Screenshots/iPhone X/Plan Detail/hbi legion/20190812_174226/10.png]]&#xD;
&#xD;
2019-08-12 17:43:15 - [TEST_STEP][PASSED] - (internal.GlobalVariable.i++): null&#xD;
&#xD;
2019-08-12 17:43:15 - [MESSAGE][PASSED] - Call Test Case 'Test Cases/mobileWeb/_include/get_screenshot' successfully&#xD;
&#xD;
2019-08-12 17:43:15 - [TEST_STEP][PASSED] - scrollToPosition(0, y): Browser is scrolled to position x = 0, y = 6600&#xD;
&#xD;
2019-08-12 17:43:15 - [MESSAGE][PASSED] - Browser is scrolled to position x = 0, y = 6600&#xD;
&#xD;
2019-08-12 17:43:15 - [TEST_STEP][PASSED] - Thread.sleep(3000): null&#xD;
&#xD;
2019-08-12 17:43:18 - [MESSAGE][PASSED] - Call Test Case 'Test Cases/mobileWeb/_include/get_scrollScreenshot' successfully</system-out>
            <system-err></system-err>
        </testcase>
        <testcase name="Test Cases/mobileWeb/Other Pages Check/Plan Detail/hbi/slaico hbi" classname="Test Cases/mobileWeb/Other Pages Check/Plan Detail/hbi/slaico hbi" status="PASSED">
            <system-out>2019-08-12 17:43:18 - [TEST_CASE][PASSED] - Test Cases/mobileWeb/Other Pages Check/Plan Detail/hbi/slaico hbi: Test Cases/mobileWeb/Other Pages Check/Plan Detail/hbi/slaico hbi&#xD;
&#xD;
2019-08-12 17:43:18 - [TEST_STEP][PASSED] - callTestCase(findTestCase("mobileWeb/_include/get_screenPath"), ["productLine":"Plan Detail", "carrierName":"hbi slaico hbi"], CONTINUE_ON_FAILURE): Call Test Case 'Test Cases/mobileWeb/_include/get_screenPath' successfully&#xD;
&#xD;
2019-08-12 17:43:18 - [TEST_CASE][PASSED] - Test Cases/mobileWeb/_include/get_screenPath: Test Cases/mobileWeb/_include/get_screenPath&#xD;
&#xD;
2019-08-12 17:43:18 - [TEST_STEP][PASSED] - m = getExecutionProperties(): null&#xD;
&#xD;
2019-08-12 17:43:18 - [TEST_STEP][PASSED] - deviceName = get("mobileEmulation").get("deviceName"): null&#xD;
&#xD;
2019-08-12 17:43:18 - [TEST_STEP][PASSED] - println(deviceName): null&#xD;
&#xD;
2019-08-12 17:43:18 - [TEST_STEP][PASSED] - now = new java.util.Date(): null&#xD;
&#xD;
2019-08-12 17:43:18 - [TEST_STEP][PASSED] - mydate = now.format("yyyyMMdd_HHmmss"): null&#xD;
&#xD;
2019-08-12 17:43:18 - [TEST_STEP][PASSED] - screenPath = "../Screenshots/": null&#xD;
&#xD;
2019-08-12 17:43:18 - [TEST_STEP][PASSED] - screenPath = screenPath + deviceName + "/" + productLine + "/" + carrierName + "/" + mydate + "/": null&#xD;
&#xD;
2019-08-12 17:43:18 - [TEST_STEP][PASSED] - println(screenPath): null&#xD;
&#xD;
2019-08-12 17:43:18 - [MESSAGE][PASSED] - Call Test Case 'Test Cases/mobileWeb/_include/get_screenPath' successfully&#xD;
&#xD;
2019-08-12 17:43:18 - [TEST_STEP][PASSED] - i = 0: null&#xD;
&#xD;
2019-08-12 17:43:18 - [TEST_STEP][PASSED] - openBrowser("https://praetemptatus.agilehealthinsurance.com/health-benefit-insurance/plan/slaicohbi-az-500-30-50-5?census[location][zip]=85364&amp;census[member][0][dob]=1/1/1980&amp;census[member][0][gender]=F&amp;census[member][0][role]=P"): Browser is opened with url: 'https://praetemptatus.agilehealthinsurance.com/health-benefit-insurance/plan/slaicohbi-az-500-30-50-5?census[location][zip]=85364&amp;census[member][0][dob]=1/1/1980&amp;census[member][0][gender]=F&amp;census[member][0][role]=P'&#xD;
&#xD;
2019-08-12 17:43:18 - [MESSAGE][WARNING] - A browser is already opened. Closing browser and opening a new one&#xD;
&#xD;
2019-08-12 17:43:19 - [MESSAGE][INFO] - Starting 'Chrome' driver&#xD;
&#xD;
2019-08-12 17:43:19 - [MESSAGE][INFO] - User set preference: ['mobileEmulation', '{deviceName=iPhone X}']&#xD;
&#xD;
2019-08-12 17:43:19 - [MESSAGE][INFO] - User set preference: ['args', '[--incognito, --aggressive-cache-discard, --no-sandbox, --window-size=375,812]']&#xD;
&#xD;
2019-08-12 17:43:27 - [MESSAGE][PASSED] - Browser is opened with url: 'https://praetemptatus.agilehealthinsurance.com/health-benefit-insurance/plan/slaicohbi-az-500-30-50-5?census[location][zip]=85364&amp;census[member][0][dob]=1/1/1980&amp;census[member][0][gender]=F&amp;census[member][0][role]=P'&#xD;
&#xD;
2019-08-12 17:43:27 - [TEST_STEP][PASSED] - waitForPageLoad(20): Wait for page load successfully&#xD;
&#xD;
2019-08-12 17:43:27 - [MESSAGE][PASSED] - Wait for page load successfully&#xD;
&#xD;
2019-08-12 17:43:27 - [TEST_STEP][PASSED] - callTestCase(findTestCase("mobileWeb/_include/get_scrollScreenshot"), [:], STOP_ON_FAILURE): Call Test Case 'Test Cases/mobileWeb/_include/get_scrollScreenshot' successfully&#xD;
&#xD;
2019-08-12 17:43:27 - [TEST_CASE][PASSED] - Test Cases/mobileWeb/_include/get_scrollScreenshot: Test Cases/mobileWeb/_include/get_scrollScreenshot&#xD;
&#xD;
2019-08-12 17:43:27 - [TEST_STEP][PASSED] - pageHeight = getPageHeight(): Current page's height is 6296&#xD;
&#xD;
2019-08-12 17:43:27 - [MESSAGE][PASSED] - Current page's height is 6296&#xD;
&#xD;
2019-08-12 17:43:27 - [TEST_STEP][PASSED] - for ([y = 600, y &lt; pageHeight, y = y + 600]): null&#xD;
&#xD;
2019-08-12 17:43:27 - [TEST_STEP][PASSED] - callTestCase(findTestCase("mobileWeb/_include/get_screenshot"), [:], STOP_ON_FAILURE): Call Test Case 'Test Cases/mobileWeb/_include/get_screenshot' successfully&#xD;
&#xD;
2019-08-12 17:43:27 - [TEST_CASE][PASSED] - Test Cases/mobileWeb/_include/get_screenshot: Test Cases/mobileWeb/_include/get_screenshot&#xD;
&#xD;
2019-08-12 17:43:27 - [TEST_STEP][PASSED] - takeScreenshot(screenPath + i + ".png"): Taking screenshot successfully&#xD;
&#xD;
2019-08-12 17:43:28 - [MESSAGE][PASSED] - Taking screenshot successfully&#xD;
[[ATTACHMENT|D:\\Test\\AgileTest\\AgileTest\\Reports\\mobileWeb\\plan detail\\20190812_173746\\../Screenshots/iPhone X/Plan Detail/hbi slaico hbi/20190812_174318/0.png]]&#xD;
&#xD;
2019-08-12 17:43:28 - [TEST_STEP][PASSED] - (internal.GlobalVariable.i++): null&#xD;
&#xD;
2019-08-12 17:43:28 - [MESSAGE][PASSED] - Call Test Case 'Test Cases/mobileWeb/_include/get_screenshot' successfully&#xD;
&#xD;
2019-08-12 17:43:28 - [TEST_STEP][PASSED] - scrollToPosition(0, y): Browser is scrolled to position x = 0, y = 600&#xD;
&#xD;
2019-08-12 17:43:28 - [MESSAGE][PASSED] - Browser is scrolled to position x = 0, y = 600&#xD;
&#xD;
2019-08-12 17:43:28 - [TEST_STEP][PASSED] - Thread.sleep(3000): null&#xD;
&#xD;
2019-08-12 17:43:31 - [TEST_STEP][PASSED] - callTestCase(findTestCase("mobileWeb/_include/get_screenshot"), [:], STOP_ON_FAILURE): Call Test Case 'Test Cases/mobileWeb/_include/get_screenshot' successfully&#xD;
&#xD;
2019-08-12 17:43:31 - [TEST_CASE][PASSED] - Test Cases/mobileWeb/_include/get_screenshot: Test Cases/mobileWeb/_include/get_screenshot&#xD;
&#xD;
2019-08-12 17:43:31 - [TEST_STEP][PASSED] - takeScreenshot(screenPath + i + ".png"): Taking screenshot successfully&#xD;
&#xD;
2019-08-12 17:43:32 - [MESSAGE][PASSED] - Taking screenshot successfully&#xD;
[[ATTACHMENT|D:\\Test\\AgileTest\\AgileTest\\Reports\\mobileWeb\\plan detail\\20190812_173746\\../Screenshots/iPhone X/Plan Detail/hbi slaico hbi/20190812_174318/1.png]]&#xD;
&#xD;
2019-08-12 17:43:32 - [TEST_STEP][PASSED] - (internal.GlobalVariable.i++): null&#xD;
&#xD;
2019-08-12 17:43:32 - [MESSAGE][PASSED] - Call Test Case 'Test Cases/mobileWeb/_include/get_screenshot' successfully&#xD;
&#xD;
2019-08-12 17:43:32 - [TEST_STEP][PASSED] - scrollToPosition(0, y): Browser is scrolled to position x = 0, y = 1200&#xD;
&#xD;
2019-08-12 17:43:32 - [MESSAGE][PASSED] - Browser is scrolled to position x = 0, y = 1200&#xD;
&#xD;
2019-08-12 17:43:32 - [TEST_STEP][PASSED] - Thread.sleep(3000): null&#xD;
&#xD;
2019-08-12 17:43:35 - [TEST_STEP][PASSED] - callTestCase(findTestCase("mobileWeb/_include/get_screenshot"), [:], STOP_ON_FAILURE): Call Test Case 'Test Cases/mobileWeb/_include/get_screenshot' successfully&#xD;
&#xD;
2019-08-12 17:43:35 - [TEST_CASE][PASSED] - Test Cases/mobileWeb/_include/get_screenshot: Test Cases/mobileWeb/_include/get_screenshot&#xD;
&#xD;
2019-08-12 17:43:35 - [TEST_STEP][PASSED] - takeScreenshot(screenPath + i + ".png"): Taking screenshot successfully&#xD;
&#xD;
2019-08-12 17:43:36 - [MESSAGE][PASSED] - Taking screenshot successfully&#xD;
[[ATTACHMENT|D:\\Test\\AgileTest\\AgileTest\\Reports\\mobileWeb\\plan detail\\20190812_173746\\../Screenshots/iPhone X/Plan Detail/hbi slaico hbi/20190812_174318/2.png]]&#xD;
&#xD;
2019-08-12 17:43:36 - [TEST_STEP][PASSED] - (internal.GlobalVariable.i++): null&#xD;
&#xD;
2019-08-12 17:43:36 - [MESSAGE][PASSED] - Call Test Case 'Test Cases/mobileWeb/_include/get_screenshot' successfully&#xD;
&#xD;
2019-08-12 17:43:36 - [TEST_STEP][PASSED] - scrollToPosition(0, y): Browser is scrolled to position x = 0, y = 1800&#xD;
&#xD;
2019-08-12 17:43:36 - [MESSAGE][PASSED] - Browser is scrolled to position x = 0, y = 1800&#xD;
&#xD;
2019-08-12 17:43:36 - [TEST_STEP][PASSED] - Thread.sleep(3000): null&#xD;
&#xD;
2019-08-12 17:43:39 - [TEST_STEP][PASSED] - callTestCase(findTestCase("mobileWeb/_include/get_screenshot"), [:], STOP_ON_FAILURE): Call Test Case 'Test Cases/mobileWeb/_include/get_screenshot' successfully&#xD;
&#xD;
2019-08-12 17:43:39 - [TEST_CASE][PASSED] - Test Cases/mobileWeb/_include/get_screenshot: Test Cases/mobileWeb/_include/get_screenshot&#xD;
&#xD;
2019-08-12 17:43:39 - [TEST_STEP][PASSED] - takeScreenshot(screenPath + i + ".png"): Taking screenshot successfully&#xD;
&#xD;
2019-08-12 17:43:40 - [MESSAGE][PASSED] - Taking screenshot successfully&#xD;
[[ATTACHMENT|D:\\Test\\AgileTest\\AgileTest\\Reports\\mobileWeb\\plan detail\\20190812_173746\\../Screenshots/iPhone X/Plan Detail/hbi slaico hbi/20190812_174318/3.png]]&#xD;
&#xD;
2019-08-12 17:43:40 - [TEST_STEP][PASSED] - (internal.GlobalVariable.i++): null&#xD;
&#xD;
2019-08-12 17:43:40 - [MESSAGE][PASSED] - Call Test Case 'Test Cases/mobileWeb/_include/get_screenshot' successfully&#xD;
&#xD;
2019-08-12 17:43:40 - [TEST_STEP][PASSED] - scrollToPosition(0, y): Browser is scrolled to position x = 0, y = 2400&#xD;
&#xD;
2019-08-12 17:43:40 - [MESSAGE][PASSED] - Browser is scrolled to position x = 0, y = 2400&#xD;
&#xD;
2019-08-12 17:43:40 - [TEST_STEP][PASSED] - Thread.sleep(3000): null&#xD;
&#xD;
2019-08-12 17:43:43 - [TEST_STEP][PASSED] - callTestCase(findTestCase("mobileWeb/_include/get_screenshot"), [:], STOP_ON_FAILURE): Call Test Case 'Test Cases/mobileWeb/_include/get_screenshot' successfully&#xD;
&#xD;
2019-08-12 17:43:43 - [TEST_CASE][PASSED] - Test Cases/mobileWeb/_include/get_screenshot: Test Cases/mobileWeb/_include/get_screenshot&#xD;
&#xD;
2019-08-12 17:43:43 - [TEST_STEP][PASSED] - takeScreenshot(screenPath + i + ".png"): Taking screenshot successfully&#xD;
&#xD;
2019-08-12 17:43:43 - [MESSAGE][PASSED] - Taking screenshot successfully&#xD;
[[ATTACHMENT|D:\\Test\\AgileTest\\AgileTest\\Reports\\mobileWeb\\plan detail\\20190812_173746\\../Screenshots/iPhone X/Plan Detail/hbi slaico hbi/20190812_174318/4.png]]&#xD;
&#xD;
2019-08-12 17:43:43 - [TEST_STEP][PASSED] - (internal.GlobalVariable.i++): null&#xD;
&#xD;
2019-08-12 17:43:43 - [MESSAGE][PASSED] - Call Test Case 'Test Cases/mobileWeb/_include/get_screenshot' successfully&#xD;
&#xD;
2019-08-12 17:43:43 - [TEST_STEP][PASSED] - scrollToPosition(0, y): Browser is scrolled to position x = 0, y = 3000&#xD;
&#xD;
2019-08-12 17:43:43 - [MESSAGE][PASSED] - Browser is scrolled to position x = 0, y = 3000&#xD;
&#xD;
2019-08-12 17:43:43 - [TEST_STEP][PASSED] - Thread.sleep(3000): null&#xD;
&#xD;
2019-08-12 17:43:46 - [TEST_STEP][PASSED] - callTestCase(findTestCase("mobileWeb/_include/get_screenshot"), [:], STOP_ON_FAILURE): Call Test Case 'Test Cases/mobileWeb/_include/get_screenshot' successfully&#xD;
&#xD;
2019-08-12 17:43:46 - [TEST_CASE][PASSED] - Test Cases/mobileWeb/_include/get_screenshot: Test Cases/mobileWeb/_include/get_screenshot&#xD;
&#xD;
2019-08-12 17:43:46 - [TEST_STEP][PASSED] - takeScreenshot(screenPath + i + ".png"): Taking screenshot successfully&#xD;
&#xD;
2019-08-12 17:43:47 - [MESSAGE][PASSED] - Taking screenshot successfully&#xD;
[[ATTACHMENT|D:\\Test\\AgileTest\\AgileTest\\Reports\\mobileWeb\\plan detail\\20190812_173746\\../Screenshots/iPhone X/Plan Detail/hbi slaico hbi/20190812_174318/5.png]]&#xD;
&#xD;
2019-08-12 17:43:47 - [TEST_STEP][PASSED] - (internal.GlobalVariable.i++): null&#xD;
&#xD;
2019-08-12 17:43:47 - [MESSAGE][PASSED] - Call Test Case 'Test Cases/mobileWeb/_include/get_screenshot' successfully&#xD;
&#xD;
2019-08-12 17:43:47 - [TEST_STEP][PASSED] - scrollToPosition(0, y): Browser is scrolled to position x = 0, y = 3600&#xD;
&#xD;
2019-08-12 17:43:47 - [MESSAGE][PASSED] - Browser is scrolled to position x = 0, y = 3600&#xD;
&#xD;
2019-08-12 17:43:47 - [TEST_STEP][PASSED] - Thread.sleep(3000): null&#xD;
&#xD;
2019-08-12 17:43:50 - [TEST_STEP][PASSED] - callTestCase(findTestCase("mobileWeb/_include/get_screenshot"), [:], STOP_ON_FAILURE): Call Test Case 'Test Cases/mobileWeb/_include/get_screenshot' successfully&#xD;
&#xD;
2019-08-12 17:43:50 - [TEST_CASE][PASSED] - Test Cases/mobileWeb/_include/get_screenshot: Test Cases/mobileWeb/_include/get_screenshot&#xD;
&#xD;
2019-08-12 17:43:50 - [TEST_STEP][PASSED] - takeScreenshot(screenPath + i + ".png"): Taking screenshot successfully&#xD;
&#xD;
2019-08-12 17:43:51 - [MESSAGE][PASSED] - Taking screenshot successfully&#xD;
[[ATTACHMENT|D:\\Test\\AgileTest\\AgileTest\\Reports\\mobileWeb\\plan detail\\20190812_173746\\../Screenshots/iPhone X/Plan Detail/hbi slaico hbi/20190812_174318/6.png]]&#xD;
&#xD;
2019-08-12 17:43:51 - [TEST_STEP][PASSED] - (internal.GlobalVariable.i++): null&#xD;
&#xD;
2019-08-12 17:43:51 - [MESSAGE][PASSED] - Call Test Case 'Test Cases/mobileWeb/_include/get_screenshot' successfully&#xD;
&#xD;
2019-08-12 17:43:51 - [TEST_STEP][PASSED] - scrollToPosition(0, y): Browser is scrolled to position x = 0, y = 4200&#xD;
&#xD;
2019-08-12 17:43:51 - [MESSAGE][PASSED] - Browser is scrolled to position x = 0, y = 4200&#xD;
&#xD;
2019-08-12 17:43:51 - [TEST_STEP][PASSED] - Thread.sleep(3000): null&#xD;
&#xD;
2019-08-12 17:43:54 - [TEST_STEP][PASSED] - callTestCase(findTestCase("mobileWeb/_include/get_screenshot"), [:], STOP_ON_FAILURE): Call Test Case 'Test Cases/mobileWeb/_include/get_screenshot' successfully&#xD;
&#xD;
2019-08-12 17:43:54 - [TEST_CASE][PASSED] - Test Cases/mobileWeb/_include/get_screenshot: Test Cases/mobileWeb/_include/get_screenshot&#xD;
&#xD;
2019-08-12 17:43:54 - [TEST_STEP][PASSED] - takeScreenshot(screenPath + i + ".png"): Taking screenshot successfully&#xD;
&#xD;
2019-08-12 17:43:55 - [MESSAGE][PASSED] - Taking screenshot successfully&#xD;
[[ATTACHMENT|D:\\Test\\AgileTest\\AgileTest\\Reports\\mobileWeb\\plan detail\\20190812_173746\\../Screenshots/iPhone X/Plan Detail/hbi slaico hbi/20190812_174318/7.png]]&#xD;
&#xD;
2019-08-12 17:43:55 - [TEST_STEP][PASSED] - (internal.GlobalVariable.i++): null&#xD;
&#xD;
2019-08-12 17:43:55 - [MESSAGE][PASSED] - Call Test Case 'Test Cases/mobileWeb/_include/get_screenshot' successfully&#xD;
&#xD;
2019-08-12 17:43:55 - [TEST_STEP][PASSED] - scrollToPosition(0, y): Browser is scrolled to position x = 0, y = 4800&#xD;
&#xD;
2019-08-12 17:43:55 - [MESSAGE][PASSED] - Browser is scrolled to position x = 0, y = 4800&#xD;
&#xD;
2019-08-12 17:43:55 - [TEST_STEP][PASSED] - Thread.sleep(3000): null&#xD;
&#xD;
2019-08-12 17:43:58 - [TEST_STEP][PASSED] - callTestCase(findTestCase("mobileWeb/_include/get_screenshot"), [:], STOP_ON_FAILURE): Call Test Case 'Test Cases/mobileWeb/_include/get_screenshot' successfully&#xD;
&#xD;
2019-08-12 17:43:58 - [TEST_CASE][PASSED] - Test Cases/mobileWeb/_include/get_screenshot: Test Cases/mobileWeb/_include/get_screenshot&#xD;
&#xD;
2019-08-12 17:43:58 - [TEST_STEP][PASSED] - takeScreenshot(screenPath + i + ".png"): Taking screenshot successfully&#xD;
&#xD;
2019-08-12 17:43:59 - [MESSAGE][PASSED] - Taking screenshot successfully&#xD;
[[ATTACHMENT|D:\\Test\\AgileTest\\AgileTest\\Reports\\mobileWeb\\plan detail\\20190812_173746\\../Screenshots/iPhone X/Plan Detail/hbi slaico hbi/20190812_174318/8.png]]&#xD;
&#xD;
2019-08-12 17:43:59 - [TEST_STEP][PASSED] - (internal.GlobalVariable.i++): null&#xD;
&#xD;
2019-08-12 17:43:59 - [MESSAGE][PASSED] - Call Test Case 'Test Cases/mobileWeb/_include/get_screenshot' successfully&#xD;
&#xD;
2019-08-12 17:43:59 - [TEST_STEP][PASSED] - scrollToPosition(0, y): Browser is scrolled to position x = 0, y = 5400&#xD;
&#xD;
2019-08-12 17:43:59 - [MESSAGE][PASSED] - Browser is scrolled to position x = 0, y = 5400&#xD;
&#xD;
2019-08-12 17:43:59 - [TEST_STEP][PASSED] - Thread.sleep(3000): null&#xD;
&#xD;
2019-08-12 17:44:02 - [TEST_STEP][PASSED] - callTestCase(findTestCase("mobileWeb/_include/get_screenshot"), [:], STOP_ON_FAILURE): Call Test Case 'Test Cases/mobileWeb/_include/get_screenshot' successfully&#xD;
&#xD;
2019-08-12 17:44:02 - [TEST_CASE][PASSED] - Test Cases/mobileWeb/_include/get_screenshot: Test Cases/mobileWeb/_include/get_screenshot&#xD;
&#xD;
2019-08-12 17:44:02 - [TEST_STEP][PASSED] - takeScreenshot(screenPath + i + ".png"): Taking screenshot successfully&#xD;
&#xD;
2019-08-12 17:44:02 - [MESSAGE][PASSED] - Taking screenshot successfully&#xD;
[[ATTACHMENT|D:\\Test\\AgileTest\\AgileTest\\Reports\\mobileWeb\\plan detail\\20190812_173746\\../Screenshots/iPhone X/Plan Detail/hbi slaico hbi/20190812_174318/9.png]]&#xD;
&#xD;
2019-08-12 17:44:02 - [TEST_STEP][PASSED] - (internal.GlobalVariable.i++): null&#xD;
&#xD;
2019-08-12 17:44:02 - [MESSAGE][PASSED] - Call Test Case 'Test Cases/mobileWeb/_include/get_screenshot' successfully&#xD;
&#xD;
2019-08-12 17:44:02 - [TEST_STEP][PASSED] - scrollToPosition(0, y): Browser is scrolled to position x = 0, y = 6000&#xD;
&#xD;
2019-08-12 17:44:02 - [MESSAGE][PASSED] - Browser is scrolled to position x = 0, y = 6000&#xD;
&#xD;
2019-08-12 17:44:02 - [TEST_STEP][PASSED] - Thread.sleep(3000): null&#xD;
&#xD;
2019-08-12 17:44:05 - [MESSAGE][PASSED] - Call Test Case 'Test Cases/mobileWeb/_include/get_scrollScreenshot' successfully</system-out>
            <system-err></system-err>
        </testcase>
        <testcase name="Test Cases/mobileWeb/Other Pages Check/Plan Detail/hbi/vitala care" classname="Test Cases/mobileWeb/Other Pages Check/Plan Detail/hbi/vitala care" status="PASSED">
            <system-out>2019-08-12 17:44:05 - [TEST_CASE][PASSED] - Test Cases/mobileWeb/Other Pages Check/Plan Detail/hbi/vitala care: Test Cases/mobileWeb/Other Pages Check/Plan Detail/hbi/vitala care&#xD;
&#xD;
2019-08-12 17:44:06 - [TEST_STEP][PASSED] - callTestCase(findTestCase("mobileWeb/_include/get_screenPath"), ["productLine":"Plan Detail", "carrierName":"hbi vitala care"], CONTINUE_ON_FAILURE): Call Test Case 'Test Cases/mobileWeb/_include/get_screenPath' successfully&#xD;
&#xD;
2019-08-12 17:44:06 - [TEST_CASE][PASSED] - Test Cases/mobileWeb/_include/get_screenPath: Test Cases/mobileWeb/_include/get_screenPath&#xD;
&#xD;
2019-08-12 17:44:06 - [TEST_STEP][PASSED] - m = getExecutionProperties(): null&#xD;
&#xD;
2019-08-12 17:44:06 - [TEST_STEP][PASSED] - deviceName = get("mobileEmulation").get("deviceName"): null&#xD;
&#xD;
2019-08-12 17:44:06 - [TEST_STEP][PASSED] - println(deviceName): null&#xD;
&#xD;
2019-08-12 17:44:06 - [TEST_STEP][PASSED] - now = new java.util.Date(): null&#xD;
&#xD;
2019-08-12 17:44:06 - [TEST_STEP][PASSED] - mydate = now.format("yyyyMMdd_HHmmss"): null&#xD;
&#xD;
2019-08-12 17:44:06 - [TEST_STEP][PASSED] - screenPath = "../Screenshots/": null&#xD;
&#xD;
2019-08-12 17:44:06 - [TEST_STEP][PASSED] - screenPath = screenPath + deviceName + "/" + productLine + "/" + carrierName + "/" + mydate + "/": null&#xD;
&#xD;
2019-08-12 17:44:06 - [TEST_STEP][PASSED] - println(screenPath): null&#xD;
&#xD;
2019-08-12 17:44:06 - [MESSAGE][PASSED] - Call Test Case 'Test Cases/mobileWeb/_include/get_screenPath' successfully&#xD;
&#xD;
2019-08-12 17:44:06 - [TEST_STEP][PASSED] - i = 0: null&#xD;
&#xD;
2019-08-12 17:44:06 - [TEST_STEP][PASSED] - openBrowser("https://praetemptatus.agilehealthinsurance.com/health-benefit-insurance/plan/vitalacare-ca-100a-100-30-50-3?census[location][zip]=90011&amp;census[member][0][dob]=1/1/1980&amp;census[member][0][gender]=F&amp;census[member][0][role]=P"): Browser is opened with url: 'https://praetemptatus.agilehealthinsurance.com/health-benefit-insurance/plan/vitalacare-ca-100a-100-30-50-3?census[location][zip]=90011&amp;census[member][0][dob]=1/1/1980&amp;census[member][0][gender]=F&amp;census[member][0][role]=P'&#xD;
&#xD;
2019-08-12 17:44:06 - [MESSAGE][WARNING] - A browser is already opened. Closing browser and opening a new one&#xD;
&#xD;
2019-08-12 17:44:06 - [MESSAGE][INFO] - Starting 'Chrome' driver&#xD;
&#xD;
2019-08-12 17:44:06 - [MESSAGE][INFO] - User set preference: ['mobileEmulation', '{deviceName=iPhone X}']&#xD;
&#xD;
2019-08-12 17:44:06 - [MESSAGE][INFO] - User set preference: ['args', '[--incognito, --aggressive-cache-discard, --no-sandbox, --window-size=375,812]']&#xD;
&#xD;
2019-08-12 17:44:16 - [MESSAGE][PASSED] - Browser is opened with url: 'https://praetemptatus.agilehealthinsurance.com/health-benefit-insurance/plan/vitalacare-ca-100a-100-30-50-3?census[location][zip]=90011&amp;census[member][0][dob]=1/1/1980&amp;census[member][0][gender]=F&amp;census[member][0][role]=P'&#xD;
&#xD;
2019-08-12 17:44:16 - [TEST_STEP][PASSED] - waitForPageLoad(20): Wait for page load successfully&#xD;
&#xD;
2019-08-12 17:44:16 - [MESSAGE][PASSED] - Wait for page load successfully&#xD;
&#xD;
2019-08-12 17:44:16 - [TEST_STEP][PASSED] - callTestCase(findTestCase("mobileWeb/_include/get_scrollScreenshot"), [:], STOP_ON_FAILURE): Call Test Case 'Test Cases/mobileWeb/_include/get_scrollScreenshot' successfully&#xD;
&#xD;
2019-08-12 17:44:16 - [TEST_CASE][PASSED] - Test Cases/mobileWeb/_include/get_scrollScreenshot: Test Cases/mobileWeb/_include/get_scrollScreenshot&#xD;
&#xD;
2019-08-12 17:44:16 - [TEST_STEP][PASSED] - pageHeight = getPageHeight(): Current page's height is 6729&#xD;
&#xD;
2019-08-12 17:44:16 - [MESSAGE][PASSED] - Current page's height is 6729&#xD;
&#xD;
2019-08-12 17:44:16 - [TEST_STEP][PASSED] - for ([y = 600, y &lt; pageHeight, y = y + 600]): null&#xD;
&#xD;
2019-08-12 17:44:16 - [TEST_STEP][PASSED] - callTestCase(findTestCase("mobileWeb/_include/get_screenshot"), [:], STOP_ON_FAILURE): Call Test Case 'Test Cases/mobileWeb/_include/get_screenshot' successfully&#xD;
&#xD;
2019-08-12 17:44:16 - [TEST_CASE][PASSED] - Test Cases/mobileWeb/_include/get_screenshot: Test Cases/mobileWeb/_include/get_screenshot&#xD;
&#xD;
2019-08-12 17:44:16 - [TEST_STEP][PASSED] - takeScreenshot(screenPath + i + ".png"): Taking screenshot successfully&#xD;
&#xD;
2019-08-12 17:44:17 - [MESSAGE][PASSED] - Taking screenshot successfully&#xD;
[[ATTACHMENT|D:\\Test\\AgileTest\\AgileTest\\Reports\\mobileWeb\\plan detail\\20190812_173746\\../Screenshots/iPhone X/Plan Detail/hbi vitala care/20190812_174406/0.png]]&#xD;
&#xD;
2019-08-12 17:44:17 - [TEST_STEP][PASSED] - (internal.GlobalVariable.i++): null&#xD;
&#xD;
2019-08-12 17:44:17 - [MESSAGE][PASSED] - Call Test Case 'Test Cases/mobileWeb/_include/get_screenshot' successfully&#xD;
&#xD;
2019-08-12 17:44:17 - [TEST_STEP][PASSED] - scrollToPosition(0, y): Browser is scrolled to position x = 0, y = 600&#xD;
&#xD;
2019-08-12 17:44:17 - [MESSAGE][PASSED] - Browser is scrolled to position x = 0, y = 600&#xD;
&#xD;
2019-08-12 17:44:17 - [TEST_STEP][PASSED] - Thread.sleep(3000): null&#xD;
&#xD;
2019-08-12 17:44:20 - [TEST_STEP][PASSED] - callTestCase(findTestCase("mobileWeb/_include/get_screenshot"), [:], STOP_ON_FAILURE): Call Test Case 'Test Cases/mobileWeb/_include/get_screenshot' successfully&#xD;
&#xD;
2019-08-12 17:44:20 - [TEST_CASE][PASSED] - Test Cases/mobileWeb/_include/get_screenshot: Test Cases/mobileWeb/_include/get_screenshot&#xD;
&#xD;
2019-08-12 17:44:20 - [TEST_STEP][PASSED] - takeScreenshot(screenPath + i + ".png"): Taking screenshot successfully&#xD;
&#xD;
2019-08-12 17:44:21 - [MESSAGE][PASSED] - Taking screenshot successfully&#xD;
[[ATTACHMENT|D:\\Test\\AgileTest\\AgileTest\\Reports\\mobileWeb\\plan detail\\20190812_173746\\../Screenshots/iPhone X/Plan Detail/hbi vitala care/20190812_174406/1.png]]&#xD;
&#xD;
2019-08-12 17:44:21 - [TEST_STEP][PASSED] - (internal.GlobalVariable.i++): null&#xD;
&#xD;
2019-08-12 17:44:21 - [MESSAGE][PASSED] - Call Test Case 'Test Cases/mobileWeb/_include/get_screenshot' successfully&#xD;
&#xD;
2019-08-12 17:44:21 - [TEST_STEP][PASSED] - scrollToPosition(0, y): Browser is scrolled to position x = 0, y = 1200&#xD;
&#xD;
2019-08-12 17:44:21 - [MESSAGE][PASSED] - Browser is scrolled to position x = 0, y = 1200&#xD;
&#xD;
2019-08-12 17:44:21 - [TEST_STEP][PASSED] - Thread.sleep(3000): null&#xD;
&#xD;
2019-08-12 17:44:24 - [TEST_STEP][PASSED] - callTestCase(findTestCase("mobileWeb/_include/get_screenshot"), [:], STOP_ON_FAILURE): Call Test Case 'Test Cases/mobileWeb/_include/get_screenshot' successfully&#xD;
&#xD;
2019-08-12 17:44:24 - [TEST_CASE][PASSED] - Test Cases/mobileWeb/_include/get_screenshot: Test Cases/mobileWeb/_include/get_screenshot&#xD;
&#xD;
2019-08-12 17:44:24 - [TEST_STEP][PASSED] - takeScreenshot(screenPath + i + ".png"): Taking screenshot successfully&#xD;
&#xD;
2019-08-12 17:44:24 - [MESSAGE][PASSED] - Taking screenshot successfully&#xD;
[[ATTACHMENT|D:\\Test\\AgileTest\\AgileTest\\Reports\\mobileWeb\\plan detail\\20190812_173746\\../Screenshots/iPhone X/Plan Detail/hbi vitala care/20190812_174406/2.png]]&#xD;
&#xD;
2019-08-12 17:44:24 - [TEST_STEP][PASSED] - (internal.GlobalVariable.i++): null&#xD;
&#xD;
2019-08-12 17:44:24 - [MESSAGE][PASSED] - Call Test Case 'Test Cases/mobileWeb/_include/get_screenshot' successfully&#xD;
&#xD;
2019-08-12 17:44:24 - [TEST_STEP][PASSED] - scrollToPosition(0, y): Browser is scrolled to position x = 0, y = 1800&#xD;
&#xD;
2019-08-12 17:44:24 - [MESSAGE][PASSED] - Browser is scrolled to position x = 0, y = 1800&#xD;
&#xD;
2019-08-12 17:44:24 - [TEST_STEP][PASSED] - Thread.sleep(3000): null&#xD;
&#xD;
2019-08-12 17:44:27 - [TEST_STEP][PASSED] - callTestCase(findTestCase("mobileWeb/_include/get_screenshot"), [:], STOP_ON_FAILURE): Call Test Case 'Test Cases/mobileWeb/_include/get_screenshot' successfully&#xD;
&#xD;
2019-08-12 17:44:28 - [TEST_CASE][PASSED] - Test Cases/mobileWeb/_include/get_screenshot: Test Cases/mobileWeb/_include/get_screenshot&#xD;
&#xD;
2019-08-12 17:44:28 - [TEST_STEP][PASSED] - takeScreenshot(screenPath + i + ".png"): Taking screenshot successfully&#xD;
&#xD;
2019-08-12 17:44:28 - [MESSAGE][PASSED] - Taking screenshot successfully&#xD;
[[ATTACHMENT|D:\\Test\\AgileTest\\AgileTest\\Reports\\mobileWeb\\plan detail\\20190812_173746\\../Screenshots/iPhone X/Plan Detail/hbi vitala care/20190812_174406/3.png]]&#xD;
&#xD;
2019-08-12 17:44:28 - [TEST_STEP][PASSED] - (internal.GlobalVariable.i++): null&#xD;
&#xD;
2019-08-12 17:44:28 - [MESSAGE][PASSED] - Call Test Case 'Test Cases/mobileWeb/_include/get_screenshot' successfully&#xD;
&#xD;
2019-08-12 17:44:28 - [TEST_STEP][PASSED] - scrollToPosition(0, y): Browser is scrolled to position x = 0, y = 2400&#xD;
&#xD;
2019-08-12 17:44:28 - [MESSAGE][PASSED] - Browser is scrolled to position x = 0, y = 2400&#xD;
&#xD;
2019-08-12 17:44:28 - [TEST_STEP][PASSED] - Thread.sleep(3000): null&#xD;
&#xD;
2019-08-12 17:44:31 - [TEST_STEP][PASSED] - callTestCase(findTestCase("mobileWeb/_include/get_screenshot"), [:], STOP_ON_FAILURE): Call Test Case 'Test Cases/mobileWeb/_include/get_screenshot' successfully&#xD;
&#xD;
2019-08-12 17:44:31 - [TEST_CASE][PASSED] - Test Cases/mobileWeb/_include/get_screenshot: Test Cases/mobileWeb/_include/get_screenshot&#xD;
&#xD;
2019-08-12 17:44:31 - [TEST_STEP][PASSED] - takeScreenshot(screenPath + i + ".png"): Taking screenshot successfully&#xD;
&#xD;
2019-08-12 17:44:32 - [MESSAGE][PASSED] - Taking screenshot successfully&#xD;
[[ATTACHMENT|D:\\Test\\AgileTest\\AgileTest\\Reports\\mobileWeb\\plan detail\\20190812_173746\\../Screenshots/iPhone X/Plan Detail/hbi vitala care/20190812_174406/4.png]]&#xD;
&#xD;
2019-08-12 17:44:32 - [TEST_STEP][PASSED] - (internal.GlobalVariable.i++): null&#xD;
&#xD;
2019-08-12 17:44:32 - [MESSAGE][PASSED] - Call Test Case 'Test Cases/mobileWeb/_include/get_screenshot' successfully&#xD;
&#xD;
2019-08-12 17:44:32 - [TEST_STEP][PASSED] - scrollToPosition(0, y): Browser is scrolled to position x = 0, y = 3000&#xD;
&#xD;
2019-08-12 17:44:32 - [MESSAGE][PASSED] - Browser is scrolled to position x = 0, y = 3000&#xD;
&#xD;
2019-08-12 17:44:32 - [TEST_STEP][PASSED] - Thread.sleep(3000): null&#xD;
&#xD;
2019-08-12 17:44:35 - [TEST_STEP][PASSED] - callTestCase(findTestCase("mobileWeb/_include/get_screenshot"), [:], STOP_ON_FAILURE): Call Test Case 'Test Cases/mobileWeb/_include/get_screenshot' successfully&#xD;
&#xD;
2019-08-12 17:44:35 - [TEST_CASE][PASSED] - Test Cases/mobileWeb/_include/get_screenshot: Test Cases/mobileWeb/_include/get_screenshot&#xD;
&#xD;
2019-08-12 17:44:35 - [TEST_STEP][PASSED] - takeScreenshot(screenPath + i + ".png"): Taking screenshot successfully&#xD;
&#xD;
2019-08-12 17:44:36 - [MESSAGE][PASSED] - Taking screenshot successfully&#xD;
[[ATTACHMENT|D:\\Test\\AgileTest\\AgileTest\\Reports\\mobileWeb\\plan detail\\20190812_173746\\../Screenshots/iPhone X/Plan Detail/hbi vitala care/20190812_174406/5.png]]&#xD;
&#xD;
2019-08-12 17:44:36 - [TEST_STEP][PASSED] - (internal.GlobalVariable.i++): null&#xD;
&#xD;
2019-08-12 17:44:36 - [MESSAGE][PASSED] - Call Test Case 'Test Cases/mobileWeb/_include/get_screenshot' successfully&#xD;
&#xD;
2019-08-12 17:44:36 - [TEST_STEP][PASSED] - scrollToPosition(0, y): Browser is scrolled to position x = 0, y = 3600&#xD;
&#xD;
2019-08-12 17:44:36 - [MESSAGE][PASSED] - Browser is scrolled to position x = 0, y = 3600&#xD;
&#xD;
2019-08-12 17:44:36 - [TEST_STEP][PASSED] - Thread.sleep(3000): null&#xD;
&#xD;
2019-08-12 17:44:39 - [TEST_STEP][PASSED] - callTestCase(findTestCase("mobileWeb/_include/get_screenshot"), [:], STOP_ON_FAILURE): Call Test Case 'Test Cases/mobileWeb/_include/get_screenshot' successfully&#xD;
&#xD;
2019-08-12 17:44:39 - [TEST_CASE][PASSED] - Test Cases/mobileWeb/_include/get_screenshot: Test Cases/mobileWeb/_include/get_screenshot&#xD;
&#xD;
2019-08-12 17:44:39 - [TEST_STEP][PASSED] - takeScreenshot(screenPath + i + ".png"): Taking screenshot successfully&#xD;
&#xD;
2019-08-12 17:44:40 - [MESSAGE][PASSED] - Taking screenshot successfully&#xD;
[[ATTACHMENT|D:\\Test\\AgileTest\\AgileTest\\Reports\\mobileWeb\\plan detail\\20190812_173746\\../Screenshots/iPhone X/Plan Detail/hbi vitala care/20190812_174406/6.png]]&#xD;
&#xD;
2019-08-12 17:44:40 - [TEST_STEP][PASSED] - (internal.GlobalVariable.i++): null&#xD;
&#xD;
2019-08-12 17:44:40 - [MESSAGE][PASSED] - Call Test Case 'Test Cases/mobileWeb/_include/get_screenshot' successfully&#xD;
&#xD;
2019-08-12 17:44:40 - [TEST_STEP][PASSED] - scrollToPosition(0, y): Browser is scrolled to position x = 0, y = 4200&#xD;
&#xD;
2019-08-12 17:44:40 - [MESSAGE][PASSED] - Browser is scrolled to position x = 0, y = 4200&#xD;
&#xD;
2019-08-12 17:44:40 - [TEST_STEP][PASSED] - Thread.sleep(3000): null&#xD;
&#xD;
2019-08-12 17:44:43 - [TEST_STEP][PASSED] - callTestCase(findTestCase("mobileWeb/_include/get_screenshot"), [:], STOP_ON_FAILURE): Call Test Case 'Test Cases/mobileWeb/_include/get_screenshot' successfully&#xD;
&#xD;
2019-08-12 17:44:43 - [TEST_CASE][PASSED] - Test Cases/mobileWeb/_include/get_screenshot: Test Cases/mobileWeb/_include/get_screenshot&#xD;
&#xD;
2019-08-12 17:44:43 - [TEST_STEP][PASSED] - takeScreenshot(screenPath + i + ".png"): Taking screenshot successfully&#xD;
&#xD;
2019-08-12 17:44:43 - [MESSAGE][PASSED] - Taking screenshot successfully&#xD;
[[ATTACHMENT|D:\\Test\\AgileTest\\AgileTest\\Reports\\mobileWeb\\plan detail\\20190812_173746\\../Screenshots/iPhone X/Plan Detail/hbi vitala care/20190812_174406/7.png]]&#xD;
&#xD;
2019-08-12 17:44:43 - [TEST_STEP][PASSED] - (internal.GlobalVariable.i++): null&#xD;
&#xD;
2019-08-12 17:44:43 - [MESSAGE][PASSED] - Call Test Case 'Test Cases/mobileWeb/_include/get_screenshot' successfully&#xD;
&#xD;
2019-08-12 17:44:43 - [TEST_STEP][PASSED] - scrollToPosition(0, y): Browser is scrolled to position x = 0, y = 4800&#xD;
&#xD;
2019-08-12 17:44:43 - [MESSAGE][PASSED] - Browser is scrolled to position x = 0, y = 4800&#xD;
&#xD;
2019-08-12 17:44:43 - [TEST_STEP][PASSED] - Thread.sleep(3000): null&#xD;
&#xD;
2019-08-12 17:44:46 - [TEST_STEP][PASSED] - callTestCase(findTestCase("mobileWeb/_include/get_screenshot"), [:], STOP_ON_FAILURE): Call Test Case 'Test Cases/mobileWeb/_include/get_screenshot' successfully&#xD;
&#xD;
2019-08-12 17:44:46 - [TEST_CASE][PASSED] - Test Cases/mobileWeb/_include/get_screenshot: Test Cases/mobileWeb/_include/get_screenshot&#xD;
&#xD;
2019-08-12 17:44:46 - [TEST_STEP][PASSED] - takeScreenshot(screenPath + i + ".png"): Taking screenshot successfully&#xD;
&#xD;
2019-08-12 17:44:47 - [MESSAGE][PASSED] - Taking screenshot successfully&#xD;
[[ATTACHMENT|D:\\Test\\AgileTest\\AgileTest\\Reports\\mobileWeb\\plan detail\\20190812_173746\\../Screenshots/iPhone X/Plan Detail/hbi vitala care/20190812_174406/8.png]]&#xD;
&#xD;
2019-08-12 17:44:47 - [TEST_STEP][PASSED] - (internal.GlobalVariable.i++): null&#xD;
&#xD;
2019-08-12 17:44:47 - [MESSAGE][PASSED] - Call Test Case 'Test Cases/mobileWeb/_include/get_screenshot' successfully&#xD;
&#xD;
2019-08-12 17:44:47 - [TEST_STEP][PASSED] - scrollToPosition(0, y): Browser is scrolled to position x = 0, y = 5400&#xD;
&#xD;
2019-08-12 17:44:47 - [MESSAGE][PASSED] - Browser is scrolled to position x = 0, y = 5400&#xD;
&#xD;
2019-08-12 17:44:47 - [TEST_STEP][PASSED] - Thread.sleep(3000): null&#xD;
&#xD;
2019-08-12 17:44:50 - [TEST_STEP][PASSED] - callTestCase(findTestCase("mobileWeb/_include/get_screenshot"), [:], STOP_ON_FAILURE): Call Test Case 'Test Cases/mobileWeb/_include/get_screenshot' successfully&#xD;
&#xD;
2019-08-12 17:44:50 - [TEST_CASE][PASSED] - Test Cases/mobileWeb/_include/get_screenshot: Test Cases/mobileWeb/_include/get_screenshot&#xD;
&#xD;
2019-08-12 17:44:50 - [TEST_STEP][PASSED] - takeScreenshot(screenPath + i + ".png"): Taking screenshot successfully&#xD;
&#xD;
2019-08-12 17:44:51 - [MESSAGE][PASSED] - Taking screenshot successfully&#xD;
[[ATTACHMENT|D:\\Test\\AgileTest\\AgileTest\\Reports\\mobileWeb\\plan detail\\20190812_173746\\../Screenshots/iPhone X/Plan Detail/hbi vitala care/20190812_174406/9.png]]&#xD;
&#xD;
2019-08-12 17:44:51 - [TEST_STEP][PASSED] - (internal.GlobalVariable.i++): null&#xD;
&#xD;
2019-08-12 17:44:51 - [MESSAGE][PASSED] - Call Test Case 'Test Cases/mobileWeb/_include/get_screenshot' successfully&#xD;
&#xD;
2019-08-12 17:44:51 - [TEST_STEP][PASSED] - scrollToPosition(0, y): Browser is scrolled to position x = 0, y = 6000&#xD;
&#xD;
2019-08-12 17:44:51 - [MESSAGE][PASSED] - Browser is scrolled to position x = 0, y = 6000&#xD;
&#xD;
2019-08-12 17:44:51 - [TEST_STEP][PASSED] - Thread.sleep(3000): null&#xD;
&#xD;
2019-08-12 17:44:54 - [TEST_STEP][PASSED] - callTestCase(findTestCase("mobileWeb/_include/get_screenshot"), [:], STOP_ON_FAILURE): Call Test Case 'Test Cases/mobileWeb/_include/get_screenshot' successfully&#xD;
&#xD;
2019-08-12 17:44:54 - [TEST_CASE][PASSED] - Test Cases/mobileWeb/_include/get_screenshot: Test Cases/mobileWeb/_include/get_screenshot&#xD;
&#xD;
2019-08-12 17:44:54 - [TEST_STEP][PASSED] - takeScreenshot(screenPath + i + ".png"): Taking screenshot successfully&#xD;
&#xD;
2019-08-12 17:44:55 - [MESSAGE][PASSED] - Taking screenshot successfully&#xD;
[[ATTACHMENT|D:\\Test\\AgileTest\\AgileTest\\Reports\\mobileWeb\\plan detail\\20190812_173746\\../Screenshots/iPhone X/Plan Detail/hbi vitala care/20190812_174406/10.png]]&#xD;
&#xD;
2019-08-12 17:44:55 - [TEST_STEP][PASSED] - (internal.GlobalVariable.i++): null&#xD;
&#xD;
2019-08-12 17:44:55 - [MESSAGE][PASSED] - Call Test Case 'Test Cases/mobileWeb/_include/get_screenshot' successfully&#xD;
&#xD;
2019-08-12 17:44:55 - [TEST_STEP][PASSED] - scrollToPosition(0, y): Browser is scrolled to position x = 0, y = 6600&#xD;
&#xD;
2019-08-12 17:44:55 - [MESSAGE][PASSED] - Browser is scrolled to position x = 0, y = 6600&#xD;
&#xD;
2019-08-12 17:44:55 - [TEST_STEP][PASSED] - Thread.sleep(3000): null&#xD;
&#xD;
2019-08-12 17:44:58 - [MESSAGE][PASSED] - Call Test Case 'Test Cases/mobileWeb/_include/get_scrollScreenshot' successfully</system-out>
            <system-err></system-err>
        </testcase>
        <testcase name="Test Cases/mobileWeb/Other Pages Check/Plan Detail/stm/advanthealth 1" classname="Test Cases/mobileWeb/Other Pages Check/Plan Detail/stm/advanthealth 1" status="PASSED">
            <system-out>2019-08-12 17:44:58 - [TEST_CASE][PASSED] - Test Cases/mobileWeb/Other Pages Check/Plan Detail/stm/advanthealth 1: Test Cases/mobileWeb/Other Pages Check/Plan Detail/stm/advanthealth 1&#xD;
&#xD;
2019-08-12 17:44:58 - [TEST_STEP][PASSED] - callTestCase(findTestCase("mobileWeb/_include/get_screenPath"), ["productLine":"Plan Detail", "carrierName":"stm_advanthealth 1"], CONTINUE_ON_FAILURE): Call Test Case 'Test Cases/mobileWeb/_include/get_screenPath' successfully&#xD;
&#xD;
2019-08-12 17:44:58 - [TEST_CASE][PASSED] - Test Cases/mobileWeb/_include/get_screenPath: Test Cases/mobileWeb/_include/get_screenPath&#xD;
&#xD;
2019-08-12 17:44:58 - [TEST_STEP][PASSED] - m = getExecutionProperties(): null&#xD;
&#xD;
2019-08-12 17:44:58 - [TEST_STEP][PASSED] - deviceName = get("mobileEmulation").get("deviceName"): null&#xD;
&#xD;
2019-08-12 17:44:58 - [TEST_STEP][PASSED] - println(deviceName): null&#xD;
&#xD;
2019-08-12 17:44:58 - [TEST_STEP][PASSED] - now = new java.util.Date(): null&#xD;
&#xD;
2019-08-12 17:44:58 - [TEST_STEP][PASSED] - mydate = now.format("yyyyMMdd_HHmmss"): null&#xD;
&#xD;
2019-08-12 17:44:58 - [TEST_STEP][PASSED] - screenPath = "../Screenshots/": null&#xD;
&#xD;
2019-08-12 17:44:58 - [TEST_STEP][PASSED] - screenPath = screenPath + deviceName + "/" + productLine + "/" + carrierName + "/" + mydate + "/": null&#xD;
&#xD;
2019-08-12 17:44:58 - [TEST_STEP][PASSED] - println(screenPath): null&#xD;
&#xD;
2019-08-12 17:44:58 - [MESSAGE][PASSED] - Call Test Case 'Test Cases/mobileWeb/_include/get_screenPath' successfully&#xD;
&#xD;
2019-08-12 17:44:58 - [TEST_STEP][PASSED] - i = 0: null&#xD;
&#xD;
2019-08-12 17:44:58 - [TEST_STEP][PASSED] - openBrowser("https://praetemptatus.agilehealthinsurance.com/term-health-insurance/plan/advanthealth-plan-1-al-5000-20-9000-500000?census[location][zip]=35215&amp;census[member][0][dob]=1/1/1980&amp;census[member][0][gender]=F&amp;census[member][0][role]=P"): Browser is opened with url: 'https://praetemptatus.agilehealthinsurance.com/term-health-insurance/plan/advanthealth-plan-1-al-5000-20-9000-500000?census[location][zip]=35215&amp;census[member][0][dob]=1/1/1980&amp;census[member][0][gender]=F&amp;census[member][0][role]=P'&#xD;
&#xD;
2019-08-12 17:44:58 - [MESSAGE][WARNING] - A browser is already opened. Closing browser and opening a new one&#xD;
&#xD;
2019-08-12 17:44:59 - [MESSAGE][INFO] - Starting 'Chrome' driver&#xD;
&#xD;
2019-08-12 17:44:59 - [MESSAGE][INFO] - User set preference: ['mobileEmulation', '{deviceName=iPhone X}']&#xD;
&#xD;
2019-08-12 17:44:59 - [MESSAGE][INFO] - User set preference: ['args', '[--incognito, --aggressive-cache-discard, --no-sandbox, --window-size=375,812]']&#xD;
&#xD;
2019-08-12 17:45:07 - [MESSAGE][PASSED] - Browser is opened with url: 'https://praetemptatus.agilehealthinsurance.com/term-health-insurance/plan/advanthealth-plan-1-al-5000-20-9000-500000?census[location][zip]=35215&amp;census[member][0][dob]=1/1/1980&amp;census[member][0][gender]=F&amp;census[member][0][role]=P'&#xD;
&#xD;
2019-08-12 17:45:07 - [TEST_STEP][PASSED] - waitForPageLoad(20): Wait for page load successfully&#xD;
&#xD;
2019-08-12 17:45:07 - [MESSAGE][PASSED] - Wait for page load successfully&#xD;
&#xD;
2019-08-12 17:45:07 - [TEST_STEP][PASSED] - callTestCase(findTestCase("mobileWeb/_include/get_scrollScreenshot"), [:], STOP_ON_FAILURE): Call Test Case 'Test Cases/mobileWeb/_include/get_scrollScreenshot' successfully&#xD;
&#xD;
2019-08-12 17:45:07 - [TEST_CASE][PASSED] - Test Cases/mobileWeb/_include/get_scrollScreenshot: Test Cases/mobileWeb/_include/get_scrollScreenshot&#xD;
&#xD;
2019-08-12 17:45:07 - [TEST_STEP][PASSED] - pageHeight = getPageHeight(): Current page's height is 27471&#xD;
&#xD;
2019-08-12 17:45:07 - [MESSAGE][PASSED] - Current page's height is 27471&#xD;
&#xD;
2019-08-12 17:45:07 - [TEST_STEP][PASSED] - for ([y = 600, y &lt; pageHeight, y = y + 600]): null&#xD;
&#xD;
2019-08-12 17:45:07 - [TEST_STEP][PASSED] - callTestCase(findTestCase("mobileWeb/_include/get_screenshot"), [:], STOP_ON_FAILURE): Call Test Case 'Test Cases/mobileWeb/_include/get_screenshot' successfully&#xD;
&#xD;
2019-08-12 17:45:07 - [TEST_CASE][PASSED] - Test Cases/mobileWeb/_include/get_screenshot: Test Cases/mobileWeb/_include/get_screenshot&#xD;
&#xD;
2019-08-12 17:45:07 - [TEST_STEP][PASSED] - takeScreenshot(screenPath + i + ".png"): Taking screenshot successfully&#xD;
&#xD;
2019-08-12 17:45:08 - [MESSAGE][PASSED] - Taking screenshot successfully&#xD;
[[ATTACHMENT|D:\\Test\\AgileTest\\AgileTest\\Reports\\mobileWeb\\plan detail\\20190812_173746\\../Screenshots/iPhone X/Plan Detail/stm_advanthealth 1/20190812_174458/0.png]]&#xD;
&#xD;
2019-08-12 17:45:08 - [TEST_STEP][PASSED] - (internal.GlobalVariable.i++): null&#xD;
&#xD;
2019-08-12 17:45:08 - [MESSAGE][PASSED] - Call Test Case 'Test Cases/mobileWeb/_include/get_screenshot' successfully&#xD;
&#xD;
2019-08-12 17:45:08 - [TEST_STEP][PASSED] - scrollToPosition(0, y): Browser is scrolled to position x = 0, y = 600&#xD;
&#xD;
2019-08-12 17:45:08 - [MESSAGE][PASSED] - Browser is scrolled to position x = 0, y = 600&#xD;
&#xD;
2019-08-12 17:45:08 - [TEST_STEP][PASSED] - Thread.sleep(3000): null&#xD;
&#xD;
2019-08-12 17:45:11 - [TEST_STEP][PASSED] - callTestCase(findTestCase("mobileWeb/_include/get_screenshot"), [:], STOP_ON_FAILURE): Call Test Case 'Test Cases/mobileWeb/_include/get_screenshot' successfully&#xD;
&#xD;
2019-08-12 17:45:11 - [TEST_CASE][PASSED] - Test Cases/mobileWeb/_include/get_screenshot: Test Cases/mobileWeb/_include/get_screenshot&#xD;
&#xD;
2019-08-12 17:45:11 - [TEST_STEP][PASSED] - takeScreenshot(screenPath + i + ".png"): Taking screenshot successfully&#xD;
&#xD;
2019-08-12 17:45:12 - [MESSAGE][PASSED] - Taking screenshot successfully&#xD;
[[ATTACHMENT|D:\\Test\\AgileTest\\AgileTest\\Reports\\mobileWeb\\plan detail\\20190812_173746\\../Screenshots/iPhone X/Plan Detail/stm_advanthealth 1/20190812_174458/1.png]]&#xD;
&#xD;
2019-08-12 17:45:12 - [TEST_STEP][PASSED] - (internal.GlobalVariable.i++): null&#xD;
&#xD;
2019-08-12 17:45:12 - [MESSAGE][PASSED] - Call Test Case 'Test Cases/mobileWeb/_include/get_screenshot' successfully&#xD;
&#xD;
2019-08-12 17:45:12 - [TEST_STEP][PASSED] - scrollToPosition(0, y): Browser is scrolled to position x = 0, y = 1200&#xD;
&#xD;
2019-08-12 17:45:12 - [MESSAGE][PASSED] - Browser is scrolled to position x = 0, y = 1200&#xD;
&#xD;
2019-08-12 17:45:12 - [TEST_STEP][PASSED] - Thread.sleep(3000): null&#xD;
&#xD;
2019-08-12 17:45:15 - [TEST_STEP][PASSED] - callTestCase(findTestCase("mobileWeb/_include/get_screenshot"), [:], STOP_ON_FAILURE): Call Test Case 'Test Cases/mobileWeb/_include/get_screenshot' successfully&#xD;
&#xD;
2019-08-12 17:45:15 - [TEST_CASE][PASSED] - Test Cases/mobileWeb/_include/get_screenshot: Test Cases/mobileWeb/_include/get_screenshot&#xD;
&#xD;
2019-08-12 17:45:15 - [TEST_STEP][PASSED] - takeScreenshot(screenPath + i + ".png"): Taking screenshot successfully&#xD;
&#xD;
2019-08-12 17:45:16 - [MESSAGE][PASSED] - Taking screenshot successfully&#xD;
[[ATTACHMENT|D:\\Test\\AgileTest\\AgileTest\\Reports\\mobileWeb\\plan detail\\20190812_173746\\../Screenshots/iPhone X/Plan Detail/stm_advanthealth 1/20190812_174458/2.png]]&#xD;
&#xD;
2019-08-12 17:45:16 - [TEST_STEP][PASSED] - (internal.GlobalVariable.i++): null&#xD;
&#xD;
2019-08-12 17:45:16 - [MESSAGE][PASSED] - Call Test Case 'Test Cases/mobileWeb/_include/get_screenshot' successfully&#xD;
&#xD;
2019-08-12 17:45:16 - [TEST_STEP][PASSED] - scrollToPosition(0, y): Browser is scrolled to position x = 0, y = 1800&#xD;
&#xD;
2019-08-12 17:45:16 - [MESSAGE][PASSED] - Browser is scrolled to position x = 0, y = 1800&#xD;
&#xD;
2019-08-12 17:45:16 - [TEST_STEP][PASSED] - Thread.sleep(3000): null&#xD;
&#xD;
2019-08-12 17:45:19 - [TEST_STEP][PASSED] - callTestCase(findTestCase("mobileWeb/_include/get_screenshot"), [:], STOP_ON_FAILURE): Call Test Case 'Test Cases/mobileWeb/_include/get_screenshot' successfully&#xD;
&#xD;
2019-08-12 17:45:19 - [TEST_CASE][PASSED] - Test Cases/mobileWeb/_include/get_screenshot: Test Cases/mobileWeb/_include/get_screenshot&#xD;
&#xD;
2019-08-12 17:45:19 - [TEST_STEP][PASSED] - takeScreenshot(screenPath + i + ".png"): Taking screenshot successfully&#xD;
&#xD;
2019-08-12 17:45:20 - [MESSAGE][PASSED] - Taking screenshot successfully&#xD;
[[ATTACHMENT|D:\\Test\\AgileTest\\AgileTest\\Reports\\mobileWeb\\plan detail\\20190812_173746\\../Screenshots/iPhone X/Plan Detail/stm_advanthealth 1/20190812_174458/3.png]]&#xD;
&#xD;
2019-08-12 17:45:20 - [TEST_STEP][PASSED] - (internal.GlobalVariable.i++): null&#xD;
&#xD;
2019-08-12 17:45:20 - [MESSAGE][PASSED] - Call Test Case 'Test Cases/mobileWeb/_include/get_screenshot' successfully&#xD;
&#xD;
2019-08-12 17:45:20 - [TEST_STEP][PASSED] - scrollToPosition(0, y): Browser is scrolled to position x = 0, y = 2400&#xD;
&#xD;
2019-08-12 17:45:20 - [MESSAGE][PASSED] - Browser is scrolled to position x = 0, y = 2400&#xD;
&#xD;
2019-08-12 17:45:20 - [TEST_STEP][PASSED] - Thread.sleep(3000): null&#xD;
&#xD;
2019-08-12 17:45:23 - [TEST_STEP][PASSED] - callTestCase(findTestCase("mobileWeb/_include/get_screenshot"), [:], STOP_ON_FAILURE): Call Test Case 'Test Cases/mobileWeb/_include/get_screenshot' successfully&#xD;
&#xD;
2019-08-12 17:45:23 - [TEST_CASE][PASSED] - Test Cases/mobileWeb/_include/get_screenshot: Test Cases/mobileWeb/_include/get_screenshot&#xD;
&#xD;
2019-08-12 17:45:23 - [TEST_STEP][PASSED] - takeScreenshot(screenPath + i + ".png"): Taking screenshot successfully&#xD;
&#xD;
2019-08-12 17:45:23 - [MESSAGE][PASSED] - Taking screenshot successfully&#xD;
[[ATTACHMENT|D:\\Test\\AgileTest\\AgileTest\\Reports\\mobileWeb\\plan detail\\20190812_173746\\../Screenshots/iPhone X/Plan Detail/stm_advanthealth 1/20190812_174458/4.png]]&#xD;
&#xD;
2019-08-12 17:45:23 - [TEST_STEP][PASSED] - (internal.GlobalVariable.i++): null&#xD;
&#xD;
2019-08-12 17:45:23 - [MESSAGE][PASSED] - Call Test Case 'Test Cases/mobileWeb/_include/get_screenshot' successfully&#xD;
&#xD;
2019-08-12 17:45:23 - [TEST_STEP][PASSED] - scrollToPosition(0, y): Browser is scrolled to position x = 0, y = 3000&#xD;
&#xD;
2019-08-12 17:45:23 - [MESSAGE][PASSED] - Browser is scrolled to position x = 0, y = 3000&#xD;
&#xD;
2019-08-12 17:45:23 - [TEST_STEP][PASSED] - Thread.sleep(3000): null&#xD;
&#xD;
2019-08-12 17:45:26 - [TEST_STEP][PASSED] - callTestCase(findTestCase("mobileWeb/_include/get_screenshot"), [:], STOP_ON_FAILURE): Call Test Case 'Test Cases/mobileWeb/_include/get_screenshot' successfully&#xD;
&#xD;
2019-08-12 17:45:26 - [TEST_CASE][PASSED] - Test Cases/mobileWeb/_include/get_screenshot: Test Cases/mobileWeb/_include/get_screenshot&#xD;
&#xD;
2019-08-12 17:45:26 - [TEST_STEP][PASSED] - takeScreenshot(screenPath + i + ".png"): Taking screenshot successfully&#xD;
&#xD;
2019-08-12 17:45:27 - [MESSAGE][PASSED] - Taking screenshot successfully&#xD;
[[ATTACHMENT|D:\\Test\\AgileTest\\AgileTest\\Reports\\mobileWeb\\plan detail\\20190812_173746\\../Screenshots/iPhone X/Plan Detail/stm_advanthealth 1/20190812_174458/5.png]]&#xD;
&#xD;
2019-08-12 17:45:27 - [TEST_STEP][PASSED] - (internal.GlobalVariable.i++): null&#xD;
&#xD;
2019-08-12 17:45:27 - [MESSAGE][PASSED] - Call Test Case 'Test Cases/mobileWeb/_include/get_screenshot' successfully&#xD;
&#xD;
2019-08-12 17:45:27 - [TEST_STEP][PASSED] - scrollToPosition(0, y): Browser is scrolled to position x = 0, y = 3600&#xD;
&#xD;
2019-08-12 17:45:27 - [MESSAGE][PASSED] - Browser is scrolled to position x = 0, y = 3600&#xD;
&#xD;
2019-08-12 17:45:27 - [TEST_STEP][PASSED] - Thread.sleep(3000): null&#xD;
&#xD;
2019-08-12 17:45:30 - [TEST_STEP][PASSED] - callTestCase(findTestCase("mobileWeb/_include/get_screenshot"), [:], STOP_ON_FAILURE): Call Test Case 'Test Cases/mobileWeb/_include/get_screenshot' successfully&#xD;
&#xD;
2019-08-12 17:45:30 - [TEST_CASE][PASSED] - Test Cases/mobileWeb/_include/get_screenshot: Test Cases/mobileWeb/_include/get_screenshot&#xD;
&#xD;
2019-08-12 17:45:30 - [TEST_STEP][PASSED] - takeScreenshot(screenPath + i + ".png"): Taking screenshot successfully&#xD;
&#xD;
2019-08-12 17:45:31 - [MESSAGE][PASSED] - Taking screenshot successfully&#xD;
[[ATTACHMENT|D:\\Test\\AgileTest\\AgileTest\\Reports\\mobileWeb\\plan detail\\20190812_173746\\../Screenshots/iPhone X/Plan Detail/stm_advanthealth 1/20190812_174458/6.png]]&#xD;
&#xD;
2019-08-12 17:45:31 - [TEST_STEP][PASSED] - (internal.GlobalVariable.i++): null&#xD;
&#xD;
2019-08-12 17:45:31 - [MESSAGE][PASSED] - Call Test Case 'Test Cases/mobileWeb/_include/get_screenshot' successfully&#xD;
&#xD;
2019-08-12 17:45:31 - [TEST_STEP][PASSED] - scrollToPosition(0, y): Browser is scrolled to position x = 0, y = 4200&#xD;
&#xD;
2019-08-12 17:45:31 - [MESSAGE][PASSED] - Browser is scrolled to position x = 0, y = 4200&#xD;
&#xD;
2019-08-12 17:45:31 - [TEST_STEP][PASSED] - Thread.sleep(3000): null&#xD;
&#xD;
2019-08-12 17:45:34 - [TEST_STEP][PASSED] - callTestCase(findTestCase("mobileWeb/_include/get_screenshot"), [:], STOP_ON_FAILURE): Call Test Case 'Test Cases/mobileWeb/_include/get_screenshot' successfully&#xD;
&#xD;
2019-08-12 17:45:34 - [TEST_CASE][PASSED] - Test Cases/mobileWeb/_include/get_screenshot: Test Cases/mobileWeb/_include/get_screenshot&#xD;
&#xD;
2019-08-12 17:45:34 - [TEST_STEP][PASSED] - takeScreenshot(screenPath + i + ".png"): Taking screenshot successfully&#xD;
&#xD;
2019-08-12 17:45:35 - [MESSAGE][PASSED] - Taking screenshot successfully&#xD;
[[ATTACHMENT|D:\\Test\\AgileTest\\AgileTest\\Reports\\mobileWeb\\plan detail\\20190812_173746\\../Screenshots/iPhone X/Plan Detail/stm_advanthealth 1/20190812_174458/7.png]]&#xD;
&#xD;
2019-08-12 17:45:35 - [TEST_STEP][PASSED] - (internal.GlobalVariable.i++): null&#xD;
&#xD;
2019-08-12 17:45:35 - [MESSAGE][PASSED] - Call Test Case 'Test Cases/mobileWeb/_include/get_screenshot' successfully&#xD;
&#xD;
2019-08-12 17:45:35 - [TEST_STEP][PASSED] - scrollToPosition(0, y): Browser is scrolled to position x = 0, y = 4800&#xD;
&#xD;
2019-08-12 17:45:35 - [MESSAGE][PASSED] - Browser is scrolled to position x = 0, y = 4800&#xD;
&#xD;
2019-08-12 17:45:35 - [TEST_STEP][PASSED] - Thread.sleep(3000): null&#xD;
&#xD;
2019-08-12 17:45:38 - [TEST_STEP][PASSED] - callTestCase(findTestCase("mobileWeb/_include/get_screenshot"), [:], STOP_ON_FAILURE): Call Test Case 'Test Cases/mobileWeb/_include/get_screenshot' successfully&#xD;
&#xD;
2019-08-12 17:45:38 - [TEST_CASE][PASSED] - Test Cases/mobileWeb/_include/get_screenshot: Test Cases/mobileWeb/_include/get_screenshot&#xD;
&#xD;
2019-08-12 17:45:38 - [TEST_STEP][PASSED] - takeScreenshot(screenPath + i + ".png"): Taking screenshot successfully&#xD;
&#xD;
2019-08-12 17:45:38 - [MESSAGE][PASSED] - Taking screenshot successfully&#xD;
[[ATTACHMENT|D:\\Test\\AgileTest\\AgileTest\\Reports\\mobileWeb\\plan detail\\20190812_173746\\../Screenshots/iPhone X/Plan Detail/stm_advanthealth 1/20190812_174458/8.png]]&#xD;
&#xD;
2019-08-12 17:45:38 - [TEST_STEP][PASSED] - (internal.GlobalVariable.i++): null&#xD;
&#xD;
2019-08-12 17:45:38 - [MESSAGE][PASSED] - Call Test Case 'Test Cases/mobileWeb/_include/get_screenshot' successfully&#xD;
&#xD;
2019-08-12 17:45:38 - [TEST_STEP][PASSED] - scrollToPosition(0, y): Browser is scrolled to position x = 0, y = 5400&#xD;
&#xD;
2019-08-12 17:45:38 - [MESSAGE][PASSED] - Browser is scrolled to position x = 0, y = 5400&#xD;
&#xD;
2019-08-12 17:45:38 - [TEST_STEP][PASSED] - Thread.sleep(3000): null&#xD;
&#xD;
2019-08-12 17:45:41 - [TEST_STEP][PASSED] - callTestCase(findTestCase("mobileWeb/_include/get_screenshot"), [:], STOP_ON_FAILURE): Call Test Case 'Test Cases/mobileWeb/_include/get_screenshot' successfully&#xD;
&#xD;
2019-08-12 17:45:41 - [TEST_CASE][PASSED] - Test Cases/mobileWeb/_include/get_screenshot: Test Cases/mobileWeb/_include/get_screenshot&#xD;
&#xD;
2019-08-12 17:45:41 - [TEST_STEP][PASSED] - takeScreenshot(screenPath + i + ".png"): Taking screenshot successfully&#xD;
&#xD;
2019-08-12 17:45:42 - [MESSAGE][PASSED] - Taking screenshot successfully&#xD;
[[ATTACHMENT|D:\\Test\\AgileTest\\AgileTest\\Reports\\mobileWeb\\plan detail\\20190812_173746\\../Screenshots/iPhone X/Plan Detail/stm_advanthealth 1/20190812_174458/9.png]]&#xD;
&#xD;
2019-08-12 17:45:42 - [TEST_STEP][PASSED] - (internal.GlobalVariable.i++): null&#xD;
&#xD;
2019-08-12 17:45:42 - [MESSAGE][PASSED] - Call Test Case 'Test Cases/mobileWeb/_include/get_screenshot' successfully&#xD;
&#xD;
2019-08-12 17:45:42 - [TEST_STEP][PASSED] - scrollToPosition(0, y): Browser is scrolled to position x = 0, y = 6000&#xD;
&#xD;
2019-08-12 17:45:42 - [MESSAGE][PASSED] - Browser is scrolled to position x = 0, y = 6000&#xD;
&#xD;
2019-08-12 17:45:42 - [TEST_STEP][PASSED] - Thread.sleep(3000): null&#xD;
&#xD;
2019-08-12 17:45:45 - [TEST_STEP][PASSED] - callTestCase(findTestCase("mobileWeb/_include/get_screenshot"), [:], STOP_ON_FAILURE): Call Test Case 'Test Cases/mobileWeb/_include/get_screenshot' successfully&#xD;
&#xD;
2019-08-12 17:45:45 - [TEST_CASE][PASSED] - Test Cases/mobileWeb/_include/get_screenshot: Test Cases/mobileWeb/_include/get_screenshot&#xD;
&#xD;
2019-08-12 17:45:45 - [TEST_STEP][PASSED] - takeScreenshot(screenPath + i + ".png"): Taking screenshot successfully&#xD;
&#xD;
2019-08-12 17:45:46 - [MESSAGE][PASSED] - Taking screenshot successfully&#xD;
[[ATTACHMENT|D:\\Test\\AgileTest\\AgileTest\\Reports\\mobileWeb\\plan detail\\20190812_173746\\../Screenshots/iPhone X/Plan Detail/stm_advanthealth 1/20190812_174458/10.png]]&#xD;
&#xD;
2019-08-12 17:45:46 - [TEST_STEP][PASSED] - (internal.GlobalVariable.i++): null&#xD;
&#xD;
2019-08-12 17:45:46 - [MESSAGE][PASSED] - Call Test Case 'Test Cases/mobileWeb/_include/get_screenshot' successfully&#xD;
&#xD;
2019-08-12 17:45:46 - [TEST_STEP][PASSED] - scrollToPosition(0, y): Browser is scrolled to position x = 0, y = 6600&#xD;
&#xD;
2019-08-12 17:45:46 - [MESSAGE][PASSED] - Browser is scrolled to position x = 0, y = 6600&#xD;
&#xD;
2019-08-12 17:45:46 - [TEST_STEP][PASSED] - Thread.sleep(3000): null&#xD;
&#xD;
2019-08-12 17:45:49 - [TEST_STEP][PASSED] - callTestCase(findTestCase("mobileWeb/_include/get_screenshot"), [:], STOP_ON_FAILURE): Call Test Case 'Test Cases/mobileWeb/_include/get_screenshot' successfully&#xD;
&#xD;
2019-08-12 17:45:49 - [TEST_CASE][PASSED] - Test Cases/mobileWeb/_include/get_screenshot: Test Cases/mobileWeb/_include/get_screenshot&#xD;
&#xD;
2019-08-12 17:45:49 - [TEST_STEP][PASSED] - takeScreenshot(screenPath + i + ".png"): Taking screenshot successfully&#xD;
&#xD;
2019-08-12 17:45:50 - [MESSAGE][PASSED] - Taking screenshot successfully&#xD;
[[ATTACHMENT|D:\\Test\\AgileTest\\AgileTest\\Reports\\mobileWeb\\plan detail\\20190812_173746\\../Screenshots/iPhone X/Plan Detail/stm_advanthealth 1/20190812_174458/11.png]]&#xD;
&#xD;
2019-08-12 17:45:50 - [TEST_STEP][PASSED] - (internal.GlobalVariable.i++): null&#xD;
&#xD;
2019-08-12 17:45:50 - [MESSAGE][PASSED] - Call Test Case 'Test Cases/mobileWeb/_include/get_screenshot' successfully&#xD;
&#xD;
2019-08-12 17:45:50 - [TEST_STEP][PASSED] - scrollToPosition(0, y): Browser is scrolled to position x = 0, y = 7200&#xD;
&#xD;
2019-08-12 17:45:50 - [MESSAGE][PASSED] - Browser is scrolled to position x = 0, y = 7200&#xD;
&#xD;
2019-08-12 17:45:50 - [TEST_STEP][PASSED] - Thread.sleep(3000): null&#xD;
&#xD;
2019-08-12 17:45:53 - [TEST_STEP][PASSED] - callTestCase(findTestCase("mobileWeb/_include/get_screenshot"), [:], STOP_ON_FAILURE): Call Test Case 'Test Cases/mobileWeb/_include/get_screenshot' successfully&#xD;
&#xD;
2019-08-12 17:45:53 - [TEST_CASE][PASSED] - Test Cases/mobileWeb/_include/get_screenshot: Test Cases/mobileWeb/_include/get_screenshot&#xD;
&#xD;
2019-08-12 17:45:53 - [TEST_STEP][PASSED] - takeScreenshot(screenPath + i + ".png"): Taking screenshot successfully&#xD;
&#xD;
2019-08-12 17:45:54 - [MESSAGE][PASSED] - Taking screenshot successfully&#xD;
[[ATTACHMENT|D:\\Test\\AgileTest\\AgileTest\\Reports\\mobileWeb\\plan detail\\20190812_173746\\../Screenshots/iPhone X/Plan Detail/stm_advanthealth 1/20190812_174458/12.png]]&#xD;
&#xD;
2019-08-12 17:45:54 - [TEST_STEP][PASSED] - (internal.GlobalVariable.i++): null&#xD;
&#xD;
2019-08-12 17:45:54 - [MESSAGE][PASSED] - Call Test Case 'Test Cases/mobileWeb/_include/get_screenshot' successfully&#xD;
&#xD;
2019-08-12 17:45:54 - [TEST_STEP][PASSED] - scrollToPosition(0, y): Browser is scrolled to position x = 0, y = 7800&#xD;
&#xD;
2019-08-12 17:45:54 - [MESSAGE][PASSED] - Browser is scrolled to position x = 0, y = 7800&#xD;
&#xD;
2019-08-12 17:45:54 - [TEST_STEP][PASSED] - Thread.sleep(3000): null&#xD;
&#xD;
2019-08-12 17:45:57 - [TEST_STEP][PASSED] - callTestCase(findTestCase("mobileWeb/_include/get_screenshot"), [:], STOP_ON_FAILURE): Call Test Case 'Test Cases/mobileWeb/_include/get_screenshot' successfully&#xD;
&#xD;
2019-08-12 17:45:57 - [TEST_CASE][PASSED] - Test Cases/mobileWeb/_include/get_screenshot: Test Cases/mobileWeb/_include/get_screenshot&#xD;
&#xD;
2019-08-12 17:45:57 - [TEST_STEP][PASSED] - takeScreenshot(screenPath + i + ".png"): Taking screenshot successfully&#xD;
&#xD;
2019-08-12 17:45:57 - [MESSAGE][PASSED] - Taking screenshot successfully&#xD;
[[ATTACHMENT|D:\\Test\\AgileTest\\AgileTest\\Reports\\mobileWeb\\plan detail\\20190812_173746\\../Screenshots/iPhone X/Plan Detail/stm_advanthealth 1/20190812_174458/13.png]]&#xD;
&#xD;
2019-08-12 17:45:57 - [TEST_STEP][PASSED] - (internal.GlobalVariable.i++): null&#xD;
&#xD;
2019-08-12 17:45:57 - [MESSAGE][PASSED] - Call Test Case 'Test Cases/mobileWeb/_include/get_screenshot' successfully&#xD;
&#xD;
2019-08-12 17:45:57 - [TEST_STEP][PASSED] - scrollToPosition(0, y): Browser is scrolled to position x = 0, y = 8400&#xD;
&#xD;
2019-08-12 17:45:58 - [MESSAGE][PASSED] - Browser is scrolled to position x = 0, y = 8400&#xD;
&#xD;
2019-08-12 17:45:58 - [TEST_STEP][PASSED] - Thread.sleep(3000): null&#xD;
&#xD;
2019-08-12 17:46:01 - [TEST_STEP][PASSED] - callTestCase(findTestCase("mobileWeb/_include/get_screenshot"), [:], STOP_ON_FAILURE): Call Test Case 'Test Cases/mobileWeb/_include/get_screenshot' successfully&#xD;
&#xD;
2019-08-12 17:46:01 - [TEST_CASE][PASSED] - Test Cases/mobileWeb/_include/get_screenshot: Test Cases/mobileWeb/_include/get_screenshot&#xD;
&#xD;
2019-08-12 17:46:01 - [TEST_STEP][PASSED] - takeScreenshot(screenPath + i + ".png"): Taking screenshot successfully&#xD;
&#xD;
2019-08-12 17:46:01 - [MESSAGE][PASSED] - Taking screenshot successfully&#xD;
[[ATTACHMENT|D:\\Test\\AgileTest\\AgileTest\\Reports\\mobileWeb\\plan detail\\20190812_173746\\../Screenshots/iPhone X/Plan Detail/stm_advanthealth 1/20190812_174458/14.png]]&#xD;
&#xD;
2019-08-12 17:46:01 - [TEST_STEP][PASSED] - (internal.GlobalVariable.i++): null&#xD;
&#xD;
2019-08-12 17:46:01 - [MESSAGE][PASSED] - Call Test Case 'Test Cases/mobileWeb/_include/get_screenshot' successfully&#xD;
&#xD;
2019-08-12 17:46:01 - [TEST_STEP][PASSED] - scrollToPosition(0, y): Browser is scrolled to position x = 0, y = 9000&#xD;
&#xD;
2019-08-12 17:46:01 - [MESSAGE][PASSED] - Browser is scrolled to position x = 0, y = 9000&#xD;
&#xD;
2019-08-12 17:46:01 - [TEST_STEP][PASSED] - Thread.sleep(3000): null&#xD;
&#xD;
2019-08-12 17:46:04 - [TEST_STEP][PASSED] - callTestCase(findTestCase("mobileWeb/_include/get_screenshot"), [:], STOP_ON_FAILURE): Call Test Case 'Test Cases/mobileWeb/_include/get_screenshot' successfully&#xD;
&#xD;
2019-08-12 17:46:04 - [TEST_CASE][PASSED] - Test Cases/mobileWeb/_include/get_screenshot: Test Cases/mobileWeb/_include/get_screenshot&#xD;
&#xD;
2019-08-12 17:46:04 - [TEST_STEP][PASSED] - takeScreenshot(screenPath + i + ".png"): Taking screenshot successfully&#xD;
&#xD;
2019-08-12 17:46:05 - [MESSAGE][PASSED] - Taking screenshot successfully&#xD;
[[ATTACHMENT|D:\\Test\\AgileTest\\AgileTest\\Reports\\mobileWeb\\plan detail\\20190812_173746\\../Screenshots/iPhone X/Plan Detail/stm_advanthealth 1/20190812_174458/15.png]]&#xD;
&#xD;
2019-08-12 17:46:05 - [TEST_STEP][PASSED] - (internal.GlobalVariable.i++): null&#xD;
&#xD;
2019-08-12 17:46:05 - [MESSAGE][PASSED] - Call Test Case 'Test Cases/mobileWeb/_include/get_screenshot' successfully&#xD;
&#xD;
2019-08-12 17:46:05 - [TEST_STEP][PASSED] - scrollToPosition(0, y): Browser is scrolled to position x = 0, y = 9600&#xD;
&#xD;
2019-08-12 17:46:05 - [MESSAGE][PASSED] - Browser is scrolled to position x = 0, y = 9600&#xD;
&#xD;
2019-08-12 17:46:05 - [TEST_STEP][PASSED] - Thread.sleep(3000): null&#xD;
&#xD;
2019-08-12 17:46:08 - [TEST_STEP][PASSED] - callTestCase(findTestCase("mobileWeb/_include/get_screenshot"), [:], STOP_ON_FAILURE): Call Test Case 'Test Cases/mobileWeb/_include/get_screenshot' successfully&#xD;
&#xD;
2019-08-12 17:46:08 - [TEST_CASE][PASSED] - Test Cases/mobileWeb/_include/get_screenshot: Test Cases/mobileWeb/_include/get_screenshot&#xD;
&#xD;
2019-08-12 17:46:08 - [TEST_STEP][PASSED] - takeScreenshot(screenPath + i + ".png"): Taking screenshot successfully&#xD;
&#xD;
2019-08-12 17:46:09 - [MESSAGE][PASSED] - Taking screenshot successfully&#xD;
[[ATTACHMENT|D:\\Test\\AgileTest\\AgileTest\\Reports\\mobileWeb\\plan detail\\20190812_173746\\../Screenshots/iPhone X/Plan Detail/stm_advanthealth 1/20190812_174458/16.png]]&#xD;
&#xD;
2019-08-12 17:46:09 - [TEST_STEP][PASSED] - (internal.GlobalVariable.i++): null&#xD;
&#xD;
2019-08-12 17:46:09 - [MESSAGE][PASSED] - Call Test Case 'Test Cases/mobileWeb/_include/get_screenshot' successfully&#xD;
&#xD;
2019-08-12 17:46:09 - [TEST_STEP][PASSED] - scrollToPosition(0, y): Browser is scrolled to position x = 0, y = 10200&#xD;
&#xD;
2019-08-12 17:46:09 - [MESSAGE][PASSED] - Browser is scrolled to position x = 0, y = 10200&#xD;
&#xD;
2019-08-12 17:46:09 - [TEST_STEP][PASSED] - Thread.sleep(3000): null&#xD;
&#xD;
2019-08-12 17:46:12 - [TEST_STEP][PASSED] - callTestCase(findTestCase("mobileWeb/_include/get_screenshot"), [:], STOP_ON_FAILURE): Call Test Case 'Test Cases/mobileWeb/_include/get_screenshot' successfully&#xD;
&#xD;
2019-08-12 17:46:12 - [TEST_CASE][PASSED] - Test Cases/mobileWeb/_include/get_screenshot: Test Cases/mobileWeb/_include/get_screenshot&#xD;
&#xD;
2019-08-12 17:46:12 - [TEST_STEP][PASSED] - takeScreenshot(screenPath + i + ".png"): Taking screenshot successfully&#xD;
&#xD;
2019-08-12 17:46:13 - [MESSAGE][PASSED] - Taking screenshot successfully&#xD;
[[ATTACHMENT|D:\\Test\\AgileTest\\AgileTest\\Reports\\mobileWeb\\plan detail\\20190812_173746\\../Screenshots/iPhone X/Plan Detail/stm_advanthealth 1/20190812_174458/17.png]]&#xD;
&#xD;
2019-08-12 17:46:13 - [TEST_STEP][PASSED] - (internal.GlobalVariable.i++): null&#xD;
&#xD;
2019-08-12 17:46:13 - [MESSAGE][PASSED] - Call Test Case 'Test Cases/mobileWeb/_include/get_screenshot' successfully&#xD;
&#xD;
2019-08-12 17:46:13 - [TEST_STEP][PASSED] - scrollToPosition(0, y): Browser is scrolled to position x = 0, y = 10800&#xD;
&#xD;
2019-08-12 17:46:13 - [MESSAGE][PASSED] - Browser is scrolled to position x = 0, y = 10800&#xD;
&#xD;
2019-08-12 17:46:13 - [TEST_STEP][PASSED] - Thread.sleep(3000): null&#xD;
&#xD;
2019-08-12 17:46:16 - [TEST_STEP][PASSED] - callTestCase(findTestCase("mobileWeb/_include/get_screenshot"), [:], STOP_ON_FAILURE): Call Test Case 'Test Cases/mobileWeb/_include/get_screenshot' successfully&#xD;
&#xD;
2019-08-12 17:46:16 - [TEST_CASE][PASSED] - Test Cases/mobileWeb/_include/get_screenshot: Test Cases/mobileWeb/_include/get_screenshot&#xD;
&#xD;
2019-08-12 17:46:16 - [TEST_STEP][PASSED] - takeScreenshot(screenPath + i + ".png"): Taking screenshot successfully&#xD;
&#xD;
2019-08-12 17:46:17 - [MESSAGE][PASSED] - Taking screenshot successfully&#xD;
[[ATTACHMENT|D:\\Test\\AgileTest\\AgileTest\\Reports\\mobileWeb\\plan detail\\20190812_173746\\../Screenshots/iPhone X/Plan Detail/stm_advanthealth 1/20190812_174458/18.png]]&#xD;
&#xD;
2019-08-12 17:46:17 - [TEST_STEP][PASSED] - (internal.GlobalVariable.i++): null&#xD;
&#xD;
2019-08-12 17:46:17 - [MESSAGE][PASSED] - Call Test Case 'Test Cases/mobileWeb/_include/get_screenshot' successfully&#xD;
&#xD;
2019-08-12 17:46:17 - [TEST_STEP][PASSED] - scrollToPosition(0, y): Browser is scrolled to position x = 0, y = 11400&#xD;
&#xD;
2019-08-12 17:46:17 - [MESSAGE][PASSED] - Browser is scrolled to position x = 0, y = 11400&#xD;
&#xD;
2019-08-12 17:46:17 - [TEST_STEP][PASSED] - Thread.sleep(3000): null&#xD;
&#xD;
2019-08-12 17:46:20 - [TEST_STEP][PASSED] - callTestCase(findTestCase("mobileWeb/_include/get_screenshot"), [:], STOP_ON_FAILURE): Call Test Case 'Test Cases/mobileWeb/_include/get_screenshot' successfully&#xD;
&#xD;
2019-08-12 17:46:20 - [TEST_CASE][PASSED] - Test Cases/mobileWeb/_include/get_screenshot: Test Cases/mobileWeb/_include/get_screenshot&#xD;
&#xD;
2019-08-12 17:46:20 - [TEST_STEP][PASSED] - takeScreenshot(screenPath + i + ".png"): Taking screenshot successfully&#xD;
&#xD;
2019-08-12 17:46:20 - [MESSAGE][PASSED] - Taking screenshot successfully&#xD;
[[ATTACHMENT|D:\\Test\\AgileTest\\AgileTest\\Reports\\mobileWeb\\plan detail\\20190812_173746\\../Screenshots/iPhone X/Plan Detail/stm_advanthealth 1/20190812_174458/19.png]]&#xD;
&#xD;
2019-08-12 17:46:20 - [TEST_STEP][PASSED] - (internal.GlobalVariable.i++): null&#xD;
&#xD;
2019-08-12 17:46:20 - [MESSAGE][PASSED] - Call Test Case 'Test Cases/mobileWeb/_include/get_screenshot' successfully&#xD;
&#xD;
2019-08-12 17:46:20 - [TEST_STEP][PASSED] - scrollToPosition(0, y): Browser is scrolled to position x = 0, y = 12000&#xD;
&#xD;
2019-08-12 17:46:20 - [MESSAGE][PASSED] - Browser is scrolled to position x = 0, y = 12000&#xD;
&#xD;
2019-08-12 17:46:20 - [TEST_STEP][PASSED] - Thread.sleep(3000): null&#xD;
&#xD;
2019-08-12 17:46:23 - [TEST_STEP][PASSED] - callTestCase(findTestCase("mobileWeb/_include/get_screenshot"), [:], STOP_ON_FAILURE): Call Test Case 'Test Cases/mobileWeb/_include/get_screenshot' successfully&#xD;
&#xD;
2019-08-12 17:46:23 - [TEST_CASE][PASSED] - Test Cases/mobileWeb/_include/get_screenshot: Test Cases/mobileWeb/_include/get_screenshot&#xD;
&#xD;
2019-08-12 17:46:23 - [TEST_STEP][PASSED] - takeScreenshot(screenPath + i + ".png"): Taking screenshot successfully&#xD;
&#xD;
2019-08-12 17:46:24 - [MESSAGE][PASSED] - Taking screenshot successfully&#xD;
[[ATTACHMENT|D:\\Test\\AgileTest\\AgileTest\\Reports\\mobileWeb\\plan detail\\20190812_173746\\../Screenshots/iPhone X/Plan Detail/stm_advanthealth 1/20190812_174458/20.png]]&#xD;
&#xD;
2019-08-12 17:46:24 - [TEST_STEP][PASSED] - (internal.GlobalVariable.i++): null&#xD;
&#xD;
2019-08-12 17:46:24 - [MESSAGE][PASSED] - Call Test Case 'Test Cases/mobileWeb/_include/get_screenshot' successfully&#xD;
&#xD;
2019-08-12 17:46:24 - [TEST_STEP][PASSED] - scrollToPosition(0, y): Browser is scrolled to position x = 0, y = 12600&#xD;
&#xD;
2019-08-12 17:46:24 - [MESSAGE][PASSED] - Browser is scrolled to position x = 0, y = 12600&#xD;
&#xD;
2019-08-12 17:46:24 - [TEST_STEP][PASSED] - Thread.sleep(3000): null&#xD;
&#xD;
2019-08-12 17:46:27 - [TEST_STEP][PASSED] - callTestCase(findTestCase("mobileWeb/_include/get_screenshot"), [:], STOP_ON_FAILURE): Call Test Case 'Test Cases/mobileWeb/_include/get_screenshot' successfully&#xD;
&#xD;
2019-08-12 17:46:27 - [TEST_CASE][PASSED] - Test Cases/mobileWeb/_include/get_screenshot: Test Cases/mobileWeb/_include/get_screenshot&#xD;
&#xD;
2019-08-12 17:46:27 - [TEST_STEP][PASSED] - takeScreenshot(screenPath + i + ".png"): Taking screenshot successfully&#xD;
&#xD;
2019-08-12 17:46:28 - [MESSAGE][PASSED] - Taking screenshot successfully&#xD;
[[ATTACHMENT|D:\\Test\\AgileTest\\AgileTest\\Reports\\mobileWeb\\plan detail\\20190812_173746\\../Screenshots/iPhone X/Plan Detail/stm_advanthealth 1/20190812_174458/21.png]]&#xD;
&#xD;
2019-08-12 17:46:28 - [TEST_STEP][PASSED] - (internal.GlobalVariable.i++): null&#xD;
&#xD;
2019-08-12 17:46:28 - [MESSAGE][PASSED] - Call Test Case 'Test Cases/mobileWeb/_include/get_screenshot' successfully&#xD;
&#xD;
2019-08-12 17:46:28 - [TEST_STEP][PASSED] - scrollToPosition(0, y): Browser is scrolled to position x = 0, y = 13200&#xD;
&#xD;
2019-08-12 17:46:28 - [MESSAGE][PASSED] - Browser is scrolled to position x = 0, y = 13200&#xD;
&#xD;
2019-08-12 17:46:28 - [TEST_STEP][PASSED] - Thread.sleep(3000): null&#xD;
&#xD;
2019-08-12 17:46:31 - [TEST_STEP][PASSED] - callTestCase(findTestCase("mobileWeb/_include/get_screenshot"), [:], STOP_ON_FAILURE): Call Test Case 'Test Cases/mobileWeb/_include/get_screenshot' successfully&#xD;
&#xD;
2019-08-12 17:46:31 - [TEST_CASE][PASSED] - Test Cases/mobileWeb/_include/get_screenshot: Test Cases/mobileWeb/_include/get_screenshot&#xD;
&#xD;
2019-08-12 17:46:31 - [TEST_STEP][PASSED] - takeScreenshot(screenPath + i + ".png"): Taking screenshot successfully&#xD;
&#xD;
2019-08-12 17:46:32 - [MESSAGE][PASSED] - Taking screenshot successfully&#xD;
[[ATTACHMENT|D:\\Test\\AgileTest\\AgileTest\\Reports\\mobileWeb\\plan detail\\20190812_173746\\../Screenshots/iPhone X/Plan Detail/stm_advanthealth 1/20190812_174458/22.png]]&#xD;
&#xD;
2019-08-12 17:46:32 - [TEST_STEP][PASSED] - (internal.GlobalVariable.i++): null&#xD;
&#xD;
2019-08-12 17:46:32 - [MESSAGE][PASSED] - Call Test Case 'Test Cases/mobileWeb/_include/get_screenshot' successfully&#xD;
&#xD;
2019-08-12 17:46:32 - [TEST_STEP][PASSED] - scrollToPosition(0, y): Browser is scrolled to position x = 0, y = 13800&#xD;
&#xD;
2019-08-12 17:46:32 - [MESSAGE][PASSED] - Browser is scrolled to position x = 0, y = 13800&#xD;
&#xD;
2019-08-12 17:46:32 - [TEST_STEP][PASSED] - Thread.sleep(3000): null&#xD;
&#xD;
2019-08-12 17:46:35 - [TEST_STEP][PASSED] - callTestCase(findTestCase("mobileWeb/_include/get_screenshot"), [:], STOP_ON_FAILURE): Call Test Case 'Test Cases/mobileWeb/_include/get_screenshot' successfully&#xD;
&#xD;
2019-08-12 17:46:35 - [TEST_CASE][PASSED] - Test Cases/mobileWeb/_include/get_screenshot: Test Cases/mobileWeb/_include/get_screenshot&#xD;
&#xD;
2019-08-12 17:46:35 - [TEST_STEP][PASSED] - takeScreenshot(screenPath + i + ".png"): Taking screenshot successfully&#xD;
&#xD;
2019-08-12 17:46:35 - [MESSAGE][PASSED] - Taking screenshot successfully&#xD;
[[ATTACHMENT|D:\\Test\\AgileTest\\AgileTest\\Reports\\mobileWeb\\plan detail\\20190812_173746\\../Screenshots/iPhone X/Plan Detail/stm_advanthealth 1/20190812_174458/23.png]]&#xD;
&#xD;
2019-08-12 17:46:35 - [TEST_STEP][PASSED] - (internal.GlobalVariable.i++): null&#xD;
&#xD;
2019-08-12 17:46:35 - [MESSAGE][PASSED] - Call Test Case 'Test Cases/mobileWeb/_include/get_screenshot' successfully&#xD;
&#xD;
2019-08-12 17:46:35 - [TEST_STEP][PASSED] - scrollToPosition(0, y): Browser is scrolled to position x = 0, y = 14400&#xD;
&#xD;
2019-08-12 17:46:36 - [MESSAGE][PASSED] - Browser is scrolled to position x = 0, y = 14400&#xD;
&#xD;
2019-08-12 17:46:36 - [TEST_STEP][PASSED] - Thread.sleep(3000): null&#xD;
&#xD;
2019-08-12 17:46:39 - [TEST_STEP][PASSED] - callTestCase(findTestCase("mobileWeb/_include/get_screenshot"), [:], STOP_ON_FAILURE): Call Test Case 'Test Cases/mobileWeb/_include/get_screenshot' successfully&#xD;
&#xD;
2019-08-12 17:46:39 - [TEST_CASE][PASSED] - Test Cases/mobileWeb/_include/get_screenshot: Test Cases/mobileWeb/_include/get_screenshot&#xD;
&#xD;
2019-08-12 17:46:39 - [TEST_STEP][PASSED] - takeScreenshot(screenPath + i + ".png"): Taking screenshot successfully&#xD;
&#xD;
2019-08-12 17:46:39 - [MESSAGE][PASSED] - Taking screenshot successfully&#xD;
[[ATTACHMENT|D:\\Test\\AgileTest\\AgileTest\\Reports\\mobileWeb\\plan detail\\20190812_173746\\../Screenshots/iPhone X/Plan Detail/stm_advanthealth 1/20190812_174458/24.png]]&#xD;
&#xD;
2019-08-12 17:46:39 - [TEST_STEP][PASSED] - (internal.GlobalVariable.i++): null&#xD;
&#xD;
2019-08-12 17:46:39 - [MESSAGE][PASSED] - Call Test Case 'Test Cases/mobileWeb/_include/get_screenshot' successfully&#xD;
&#xD;
2019-08-12 17:46:39 - [TEST_STEP][PASSED] - scrollToPosition(0, y): Browser is scrolled to position x = 0, y = 15000&#xD;
&#xD;
2019-08-12 17:46:39 - [MESSAGE][PASSED] - Browser is scrolled to position x = 0, y = 15000&#xD;
&#xD;
2019-08-12 17:46:39 - [TEST_STEP][PASSED] - Thread.sleep(3000): null&#xD;
&#xD;
2019-08-12 17:46:42 - [TEST_STEP][PASSED] - callTestCase(findTestCase("mobileWeb/_include/get_screenshot"), [:], STOP_ON_FAILURE): Call Test Case 'Test Cases/mobileWeb/_include/get_screenshot' successfully&#xD;
&#xD;
2019-08-12 17:46:42 - [TEST_CASE][PASSED] - Test Cases/mobileWeb/_include/get_screenshot: Test Cases/mobileWeb/_include/get_screenshot&#xD;
&#xD;
2019-08-12 17:46:42 - [TEST_STEP][PASSED] - takeScreenshot(screenPath + i + ".png"): Taking screenshot successfully&#xD;
&#xD;
2019-08-12 17:46:43 - [MESSAGE][PASSED] - Taking screenshot successfully&#xD;
[[ATTACHMENT|D:\\Test\\AgileTest\\AgileTest\\Reports\\mobileWeb\\plan detail\\20190812_173746\\../Screenshots/iPhone X/Plan Detail/stm_advanthealth 1/20190812_174458/25.png]]&#xD;
&#xD;
2019-08-12 17:46:43 - [TEST_STEP][PASSED] - (internal.GlobalVariable.i++): null&#xD;
&#xD;
2019-08-12 17:46:43 - [MESSAGE][PASSED] - Call Test Case 'Test Cases/mobileWeb/_include/get_screenshot' successfully&#xD;
&#xD;
2019-08-12 17:46:43 - [TEST_STEP][PASSED] - scrollToPosition(0, y): Browser is scrolled to position x = 0, y = 15600&#xD;
&#xD;
2019-08-12 17:46:43 - [MESSAGE][PASSED] - Browser is scrolled to position x = 0, y = 15600&#xD;
&#xD;
2019-08-12 17:46:43 - [TEST_STEP][PASSED] - Thread.sleep(3000): null&#xD;
&#xD;
2019-08-12 17:46:46 - [TEST_STEP][PASSED] - callTestCase(findTestCase("mobileWeb/_include/get_screenshot"), [:], STOP_ON_FAILURE): Call Test Case 'Test Cases/mobileWeb/_include/get_screenshot' successfully&#xD;
&#xD;
2019-08-12 17:46:46 - [TEST_CASE][PASSED] - Test Cases/mobileWeb/_include/get_screenshot: Test Cases/mobileWeb/_include/get_screenshot&#xD;
&#xD;
2019-08-12 17:46:46 - [TEST_STEP][PASSED] - takeScreenshot(screenPath + i + ".png"): Taking screenshot successfully&#xD;
&#xD;
2019-08-12 17:46:47 - [MESSAGE][PASSED] - Taking screenshot successfully&#xD;
[[ATTACHMENT|D:\\Test\\AgileTest\\AgileTest\\Reports\\mobileWeb\\plan detail\\20190812_173746\\../Screenshots/iPhone X/Plan Detail/stm_advanthealth 1/20190812_174458/26.png]]&#xD;
&#xD;
2019-08-12 17:46:47 - [TEST_STEP][PASSED] - (internal.GlobalVariable.i++): null&#xD;
&#xD;
2019-08-12 17:46:47 - [MESSAGE][PASSED] - Call Test Case 'Test Cases/mobileWeb/_include/get_screenshot' successfully&#xD;
&#xD;
2019-08-12 17:46:47 - [TEST_STEP][PASSED] - scrollToPosition(0, y): Browser is scrolled to position x = 0, y = 16200&#xD;
&#xD;
2019-08-12 17:46:47 - [MESSAGE][PASSED] - Browser is scrolled to position x = 0, y = 16200&#xD;
&#xD;
2019-08-12 17:46:47 - [TEST_STEP][PASSED] - Thread.sleep(3000): null&#xD;
&#xD;
2019-08-12 17:46:50 - [TEST_STEP][PASSED] - callTestCase(findTestCase("mobileWeb/_include/get_screenshot"), [:], STOP_ON_FAILURE): Call Test Case 'Test Cases/mobileWeb/_include/get_screenshot' successfully&#xD;
&#xD;
2019-08-12 17:46:50 - [TEST_CASE][PASSED] - Test Cases/mobileWeb/_include/get_screenshot: Test Cases/mobileWeb/_include/get_screenshot&#xD;
&#xD;
2019-08-12 17:46:50 - [TEST_STEP][PASSED] - takeScreenshot(screenPath + i + ".png"): Taking screenshot successfully&#xD;
&#xD;
2019-08-12 17:46:51 - [MESSAGE][PASSED] - Taking screenshot successfully&#xD;
[[ATTACHMENT|D:\\Test\\AgileTest\\AgileTest\\Reports\\mobileWeb\\plan detail\\20190812_173746\\../Screenshots/iPhone X/Plan Detail/stm_advanthealth 1/20190812_174458/27.png]]&#xD;
&#xD;
2019-08-12 17:46:51 - [TEST_STEP][PASSED] - (internal.GlobalVariable.i++): null&#xD;
&#xD;
2019-08-12 17:46:51 - [MESSAGE][PASSED] - Call Test Case 'Test Cases/mobileWeb/_include/get_screenshot' successfully&#xD;
&#xD;
2019-08-12 17:46:51 - [TEST_STEP][PASSED] - scrollToPosition(0, y): Browser is scrolled to position x = 0, y = 16800&#xD;
&#xD;
2019-08-12 17:46:51 - [MESSAGE][PASSED] - Browser is scrolled to position x = 0, y = 16800&#xD;
&#xD;
2019-08-12 17:46:51 - [TEST_STEP][PASSED] - Thread.sleep(3000): null&#xD;
&#xD;
2019-08-12 17:46:54 - [TEST_STEP][PASSED] - callTestCase(findTestCase("mobileWeb/_include/get_screenshot"), [:], STOP_ON_FAILURE): Call Test Case 'Test Cases/mobileWeb/_include/get_screenshot' successfully&#xD;
&#xD;
2019-08-12 17:46:54 - [TEST_CASE][PASSED] - Test Cases/mobileWeb/_include/get_screenshot: Test Cases/mobileWeb/_include/get_screenshot&#xD;
&#xD;
2019-08-12 17:46:54 - [TEST_STEP][PASSED] - takeScreenshot(screenPath + i + ".png"): Taking screenshot successfully&#xD;
&#xD;
2019-08-12 17:46:54 - [MESSAGE][PASSED] - Taking screenshot successfully&#xD;
[[ATTACHMENT|D:\\Test\\AgileTest\\AgileTest\\Reports\\mobileWeb\\plan detail\\20190812_173746\\../Screenshots/iPhone X/Plan Detail/stm_advanthealth 1/20190812_174458/28.png]]&#xD;
&#xD;
2019-08-12 17:46:54 - [TEST_STEP][PASSED] - (internal.GlobalVariable.i++): null&#xD;
&#xD;
2019-08-12 17:46:54 - [MESSAGE][PASSED] - Call Test Case 'Test Cases/mobileWeb/_include/get_screenshot' successfully&#xD;
&#xD;
2019-08-12 17:46:54 - [TEST_STEP][PASSED] - scrollToPosition(0, y): Browser is scrolled to position x = 0, y = 17400&#xD;
&#xD;
2019-08-12 17:46:54 - [MESSAGE][PASSED] - Browser is scrolled to position x = 0, y = 17400&#xD;
&#xD;
2019-08-12 17:46:54 - [TEST_STEP][PASSED] - Thread.sleep(3000): null&#xD;
&#xD;
2019-08-12 17:46:57 - [TEST_STEP][PASSED] - callTestCase(findTestCase("mobileWeb/_include/get_screenshot"), [:], STOP_ON_FAILURE): Call Test Case 'Test Cases/mobileWeb/_include/get_screenshot' successfully&#xD;
&#xD;
2019-08-12 17:46:58 - [TEST_CASE][PASSED] - Test Cases/mobileWeb/_include/get_screenshot: Test Cases/mobileWeb/_include/get_screenshot&#xD;
&#xD;
2019-08-12 17:46:58 - [TEST_STEP][PASSED] - takeScreenshot(screenPath + i + ".png"): Taking screenshot successfully&#xD;
&#xD;
2019-08-12 17:46:58 - [MESSAGE][PASSED] - Taking screenshot successfully&#xD;
[[ATTACHMENT|D:\\Test\\AgileTest\\AgileTest\\Reports\\mobileWeb\\plan detail\\20190812_173746\\../Screenshots/iPhone X/Plan Detail/stm_advanthealth 1/20190812_174458/29.png]]&#xD;
&#xD;
2019-08-12 17:46:58 - [TEST_STEP][PASSED] - (internal.GlobalVariable.i++): null&#xD;
&#xD;
2019-08-12 17:46:58 - [MESSAGE][PASSED] - Call Test Case 'Test Cases/mobileWeb/_include/get_screenshot' successfully&#xD;
&#xD;
2019-08-12 17:46:58 - [TEST_STEP][PASSED] - scrollToPosition(0, y): Browser is scrolled to position x = 0, y = 18000&#xD;
&#xD;
2019-08-12 17:46:58 - [MESSAGE][PASSED] - Browser is scrolled to position x = 0, y = 18000&#xD;
&#xD;
2019-08-12 17:46:58 - [TEST_STEP][PASSED] - Thread.sleep(3000): null&#xD;
&#xD;
2019-08-12 17:47:01 - [TEST_STEP][PASSED] - callTestCase(findTestCase("mobileWeb/_include/get_screenshot"), [:], STOP_ON_FAILURE): Call Test Case 'Test Cases/mobileWeb/_include/get_screenshot' successfully&#xD;
&#xD;
2019-08-12 17:47:01 - [TEST_CASE][PASSED] - Test Cases/mobileWeb/_include/get_screenshot: Test Cases/mobileWeb/_include/get_screenshot&#xD;
&#xD;
2019-08-12 17:47:01 - [TEST_STEP][PASSED] - takeScreenshot(screenPath + i + ".png"): Taking screenshot successfully&#xD;
&#xD;
2019-08-12 17:47:02 - [MESSAGE][PASSED] - Taking screenshot successfully&#xD;
[[ATTACHMENT|D:\\Test\\AgileTest\\AgileTest\\Reports\\mobileWeb\\plan detail\\20190812_173746\\../Screenshots/iPhone X/Plan Detail/stm_advanthealth 1/20190812_174458/30.png]]&#xD;
&#xD;
2019-08-12 17:47:02 - [TEST_STEP][PASSED] - (internal.GlobalVariable.i++): null&#xD;
&#xD;
2019-08-12 17:47:02 - [MESSAGE][PASSED] - Call Test Case 'Test Cases/mobileWeb/_include/get_screenshot' successfully&#xD;
&#xD;
2019-08-12 17:47:02 - [TEST_STEP][PASSED] - scrollToPosition(0, y): Browser is scrolled to position x = 0, y = 18600&#xD;
&#xD;
2019-08-12 17:47:02 - [MESSAGE][PASSED] - Browser is scrolled to position x = 0, y = 18600&#xD;
&#xD;
2019-08-12 17:47:02 - [TEST_STEP][PASSED] - Thread.sleep(3000): null&#xD;
&#xD;
2019-08-12 17:47:05 - [TEST_STEP][PASSED] - callTestCase(findTestCase("mobileWeb/_include/get_screenshot"), [:], STOP_ON_FAILURE): Call Test Case 'Test Cases/mobileWeb/_include/get_screenshot' successfully&#xD;
&#xD;
2019-08-12 17:47:05 - [TEST_CASE][PASSED] - Test Cases/mobileWeb/_include/get_screenshot: Test Cases/mobileWeb/_include/get_screenshot&#xD;
&#xD;
2019-08-12 17:47:05 - [TEST_STEP][PASSED] - takeScreenshot(screenPath + i + ".png"): Taking screenshot successfully&#xD;
&#xD;
2019-08-12 17:47:06 - [MESSAGE][PASSED] - Taking screenshot successfully&#xD;
[[ATTACHMENT|D:\\Test\\AgileTest\\AgileTest\\Reports\\mobileWeb\\plan detail\\20190812_173746\\../Screenshots/iPhone X/Plan Detail/stm_advanthealth 1/20190812_174458/31.png]]&#xD;
&#xD;
2019-08-12 17:47:06 - [TEST_STEP][PASSED] - (internal.GlobalVariable.i++): null&#xD;
&#xD;
2019-08-12 17:47:06 - [MESSAGE][PASSED] - Call Test Case 'Test Cases/mobileWeb/_include/get_screenshot' successfully&#xD;
&#xD;
2019-08-12 17:47:06 - [TEST_STEP][PASSED] - scrollToPosition(0, y): Browser is scrolled to position x = 0, y = 19200&#xD;
&#xD;
2019-08-12 17:47:06 - [MESSAGE][PASSED] - Browser is scrolled to position x = 0, y = 19200&#xD;
&#xD;
2019-08-12 17:47:06 - [TEST_STEP][PASSED] - Thread.sleep(3000): null&#xD;
&#xD;
2019-08-12 17:47:09 - [TEST_STEP][PASSED] - callTestCase(findTestCase("mobileWeb/_include/get_screenshot"), [:], STOP_ON_FAILURE): Call Test Case 'Test Cases/mobileWeb/_include/get_screenshot' successfully&#xD;
&#xD;
2019-08-12 17:47:09 - [TEST_CASE][PASSED] - Test Cases/mobileWeb/_include/get_screenshot: Test Cases/mobileWeb/_include/get_screenshot&#xD;
&#xD;
2019-08-12 17:47:09 - [TEST_STEP][PASSED] - takeScreenshot(screenPath + i + ".png"): Taking screenshot successfully&#xD;
&#xD;
2019-08-12 17:47:10 - [MESSAGE][PASSED] - Taking screenshot successfully&#xD;
[[ATTACHMENT|D:\\Test\\AgileTest\\AgileTest\\Reports\\mobileWeb\\plan detail\\20190812_173746\\../Screenshots/iPhone X/Plan Detail/stm_advanthealth 1/20190812_174458/32.png]]&#xD;
&#xD;
2019-08-12 17:47:10 - [TEST_STEP][PASSED] - (internal.GlobalVariable.i++): null&#xD;
&#xD;
2019-08-12 17:47:10 - [MESSAGE][PASSED] - Call Test Case 'Test Cases/mobileWeb/_include/get_screenshot' successfully&#xD;
&#xD;
2019-08-12 17:47:10 - [TEST_STEP][PASSED] - scrollToPosition(0, y): Browser is scrolled to position x = 0, y = 19800&#xD;
&#xD;
2019-08-12 17:47:10 - [MESSAGE][PASSED] - Browser is scrolled to position x = 0, y = 19800&#xD;
&#xD;
2019-08-12 17:47:10 - [TEST_STEP][PASSED] - Thread.sleep(3000): null&#xD;
&#xD;
2019-08-12 17:47:13 - [TEST_STEP][PASSED] - callTestCase(findTestCase("mobileWeb/_include/get_screenshot"), [:], STOP_ON_FAILURE): Call Test Case 'Test Cases/mobileWeb/_include/get_screenshot' successfully&#xD;
&#xD;
2019-08-12 17:47:13 - [TEST_CASE][PASSED] - Test Cases/mobileWeb/_include/get_screenshot: Test Cases/mobileWeb/_include/get_screenshot&#xD;
&#xD;
2019-08-12 17:47:13 - [TEST_STEP][PASSED] - takeScreenshot(screenPath + i + ".png"): Taking screenshot successfully&#xD;
&#xD;
2019-08-12 17:47:14 - [MESSAGE][PASSED] - Taking screenshot successfully&#xD;
[[ATTACHMENT|D:\\Test\\AgileTest\\AgileTest\\Reports\\mobileWeb\\plan detail\\20190812_173746\\../Screenshots/iPhone X/Plan Detail/stm_advanthealth 1/20190812_174458/33.png]]&#xD;
&#xD;
2019-08-12 17:47:14 - [TEST_STEP][PASSED] - (internal.GlobalVariable.i++): null&#xD;
&#xD;
2019-08-12 17:47:14 - [MESSAGE][PASSED] - Call Test Case 'Test Cases/mobileWeb/_include/get_screenshot' successfully&#xD;
&#xD;
2019-08-12 17:47:14 - [TEST_STEP][PASSED] - scrollToPosition(0, y): Browser is scrolled to position x = 0, y = 20400&#xD;
&#xD;
2019-08-12 17:47:14 - [MESSAGE][PASSED] - Browser is scrolled to position x = 0, y = 20400&#xD;
&#xD;
2019-08-12 17:47:14 - [TEST_STEP][PASSED] - Thread.sleep(3000): null&#xD;
&#xD;
2019-08-12 17:47:17 - [TEST_STEP][PASSED] - callTestCase(findTestCase("mobileWeb/_include/get_screenshot"), [:], STOP_ON_FAILURE): Call Test Case 'Test Cases/mobileWeb/_include/get_screenshot' successfully&#xD;
&#xD;
2019-08-12 17:47:17 - [TEST_CASE][PASSED] - Test Cases/mobileWeb/_include/get_screenshot: Test Cases/mobileWeb/_include/get_screenshot&#xD;
&#xD;
2019-08-12 17:47:17 - [TEST_STEP][PASSED] - takeScreenshot(screenPath + i + ".png"): Taking screenshot successfully&#xD;
&#xD;
2019-08-12 17:47:17 - [MESSAGE][PASSED] - Taking screenshot successfully&#xD;
[[ATTACHMENT|D:\\Test\\AgileTest\\AgileTest\\Reports\\mobileWeb\\plan detail\\20190812_173746\\../Screenshots/iPhone X/Plan Detail/stm_advanthealth 1/20190812_174458/34.png]]&#xD;
&#xD;
2019-08-12 17:47:17 - [TEST_STEP][PASSED] - (internal.GlobalVariable.i++): null&#xD;
&#xD;
2019-08-12 17:47:17 - [MESSAGE][PASSED] - Call Test Case 'Test Cases/mobileWeb/_include/get_screenshot' successfully&#xD;
&#xD;
2019-08-12 17:47:17 - [TEST_STEP][PASSED] - scrollToPosition(0, y): Browser is scrolled to position x = 0, y = 21000&#xD;
&#xD;
2019-08-12 17:47:17 - [MESSAGE][PASSED] - Browser is scrolled to position x = 0, y = 21000&#xD;
&#xD;
2019-08-12 17:47:17 - [TEST_STEP][PASSED] - Thread.sleep(3000): null&#xD;
&#xD;
2019-08-12 17:47:20 - [TEST_STEP][PASSED] - callTestCase(findTestCase("mobileWeb/_include/get_screenshot"), [:], STOP_ON_FAILURE): Call Test Case 'Test Cases/mobileWeb/_include/get_screenshot' successfully&#xD;
&#xD;
2019-08-12 17:47:20 - [TEST_CASE][PASSED] - Test Cases/mobileWeb/_include/get_screenshot: Test Cases/mobileWeb/_include/get_screenshot&#xD;
&#xD;
2019-08-12 17:47:20 - [TEST_STEP][PASSED] - takeScreenshot(screenPath + i + ".png"): Taking screenshot successfully&#xD;
&#xD;
2019-08-12 17:47:21 - [MESSAGE][PASSED] - Taking screenshot successfully&#xD;
[[ATTACHMENT|D:\\Test\\AgileTest\\AgileTest\\Reports\\mobileWeb\\plan detail\\20190812_173746\\../Screenshots/iPhone X/Plan Detail/stm_advanthealth 1/20190812_174458/35.png]]&#xD;
&#xD;
2019-08-12 17:47:21 - [TEST_STEP][PASSED] - (internal.GlobalVariable.i++): null&#xD;
&#xD;
2019-08-12 17:47:21 - [MESSAGE][PASSED] - Call Test Case 'Test Cases/mobileWeb/_include/get_screenshot' successfully&#xD;
&#xD;
2019-08-12 17:47:21 - [TEST_STEP][PASSED] - scrollToPosition(0, y): Browser is scrolled to position x = 0, y = 21600&#xD;
&#xD;
2019-08-12 17:47:21 - [MESSAGE][PASSED] - Browser is scrolled to position x = 0, y = 21600&#xD;
&#xD;
2019-08-12 17:47:21 - [TEST_STEP][PASSED] - Thread.sleep(3000): null&#xD;
&#xD;
2019-08-12 17:47:24 - [TEST_STEP][PASSED] - callTestCase(findTestCase("mobileWeb/_include/get_screenshot"), [:], STOP_ON_FAILURE): Call Test Case 'Test Cases/mobileWeb/_include/get_screenshot' successfully&#xD;
&#xD;
2019-08-12 17:47:24 - [TEST_CASE][PASSED] - Test Cases/mobileWeb/_include/get_screenshot: Test Cases/mobileWeb/_include/get_screenshot&#xD;
&#xD;
2019-08-12 17:47:24 - [TEST_STEP][PASSED] - takeScreenshot(screenPath + i + ".png"): Taking screenshot successfully&#xD;
&#xD;
2019-08-12 17:47:25 - [MESSAGE][PASSED] - Taking screenshot successfully&#xD;
[[ATTACHMENT|D:\\Test\\AgileTest\\AgileTest\\Reports\\mobileWeb\\plan detail\\20190812_173746\\../Screenshots/iPhone X/Plan Detail/stm_advanthealth 1/20190812_174458/36.png]]&#xD;
&#xD;
2019-08-12 17:47:25 - [TEST_STEP][PASSED] - (internal.GlobalVariable.i++): null&#xD;
&#xD;
2019-08-12 17:47:25 - [MESSAGE][PASSED] - Call Test Case 'Test Cases/mobileWeb/_include/get_screenshot' successfully&#xD;
&#xD;
2019-08-12 17:47:25 - [TEST_STEP][PASSED] - scrollToPosition(0, y): Browser is scrolled to position x = 0, y = 22200&#xD;
&#xD;
2019-08-12 17:47:25 - [MESSAGE][PASSED] - Browser is scrolled to position x = 0, y = 22200&#xD;
&#xD;
2019-08-12 17:47:25 - [TEST_STEP][PASSED] - Thread.sleep(3000): null&#xD;
&#xD;
2019-08-12 17:47:28 - [TEST_STEP][PASSED] - callTestCase(findTestCase("mobileWeb/_include/get_screenshot"), [:], STOP_ON_FAILURE): Call Test Case 'Test Cases/mobileWeb/_include/get_screenshot' successfully&#xD;
&#xD;
2019-08-12 17:47:28 - [TEST_CASE][PASSED] - Test Cases/mobileWeb/_include/get_screenshot: Test Cases/mobileWeb/_include/get_screenshot&#xD;
&#xD;
2019-08-12 17:47:28 - [TEST_STEP][PASSED] - takeScreenshot(screenPath + i + ".png"): Taking screenshot successfully&#xD;
&#xD;
2019-08-12 17:47:29 - [MESSAGE][PASSED] - Taking screenshot successfully&#xD;
[[ATTACHMENT|D:\\Test\\AgileTest\\AgileTest\\Reports\\mobileWeb\\plan detail\\20190812_173746\\../Screenshots/iPhone X/Plan Detail/stm_advanthealth 1/20190812_174458/37.png]]&#xD;
&#xD;
2019-08-12 17:47:29 - [TEST_STEP][PASSED] - (internal.GlobalVariable.i++): null&#xD;
&#xD;
2019-08-12 17:47:29 - [MESSAGE][PASSED] - Call Test Case 'Test Cases/mobileWeb/_include/get_screenshot' successfully&#xD;
&#xD;
2019-08-12 17:47:29 - [TEST_STEP][PASSED] - scrollToPosition(0, y): Browser is scrolled to position x = 0, y = 22800&#xD;
&#xD;
2019-08-12 17:47:29 - [MESSAGE][PASSED] - Browser is scrolled to position x = 0, y = 22800&#xD;
&#xD;
2019-08-12 17:47:29 - [TEST_STEP][PASSED] - Thread.sleep(3000): null&#xD;
&#xD;
2019-08-12 17:47:32 - [TEST_STEP][PASSED] - callTestCase(findTestCase("mobileWeb/_include/get_screenshot"), [:], STOP_ON_FAILURE): Call Test Case 'Test Cases/mobileWeb/_include/get_screenshot' successfully&#xD;
&#xD;
2019-08-12 17:47:32 - [TEST_CASE][PASSED] - Test Cases/mobileWeb/_include/get_screenshot: Test Cases/mobileWeb/_include/get_screenshot&#xD;
&#xD;
2019-08-12 17:47:32 - [TEST_STEP][PASSED] - takeScreenshot(screenPath + i + ".png"): Taking screenshot successfully&#xD;
&#xD;
2019-08-12 17:47:32 - [MESSAGE][PASSED] - Taking screenshot successfully&#xD;
[[ATTACHMENT|D:\\Test\\AgileTest\\AgileTest\\Reports\\mobileWeb\\plan detail\\20190812_173746\\../Screenshots/iPhone X/Plan Detail/stm_advanthealth 1/20190812_174458/38.png]]&#xD;
&#xD;
2019-08-12 17:47:32 - [TEST_STEP][PASSED] - (internal.GlobalVariable.i++): null&#xD;
&#xD;
2019-08-12 17:47:32 - [MESSAGE][PASSED] - Call Test Case 'Test Cases/mobileWeb/_include/get_screenshot' successfully&#xD;
&#xD;
2019-08-12 17:47:32 - [TEST_STEP][PASSED] - scrollToPosition(0, y): Browser is scrolled to position x = 0, y = 23400&#xD;
&#xD;
2019-08-12 17:47:32 - [MESSAGE][PASSED] - Browser is scrolled to position x = 0, y = 23400&#xD;
&#xD;
2019-08-12 17:47:32 - [TEST_STEP][PASSED] - Thread.sleep(3000): null&#xD;
&#xD;
2019-08-12 17:47:35 - [TEST_STEP][PASSED] - callTestCase(findTestCase("mobileWeb/_include/get_screenshot"), [:], STOP_ON_FAILURE): Call Test Case 'Test Cases/mobileWeb/_include/get_screenshot' successfully&#xD;
&#xD;
2019-08-12 17:47:35 - [TEST_CASE][PASSED] - Test Cases/mobileWeb/_include/get_screenshot: Test Cases/mobileWeb/_include/get_screenshot&#xD;
&#xD;
2019-08-12 17:47:35 - [TEST_STEP][PASSED] - takeScreenshot(screenPath + i + ".png"): Taking screenshot successfully&#xD;
&#xD;
2019-08-12 17:47:36 - [MESSAGE][PASSED] - Taking screenshot successfully&#xD;
[[ATTACHMENT|D:\\Test\\AgileTest\\AgileTest\\Reports\\mobileWeb\\plan detail\\20190812_173746\\../Screenshots/iPhone X/Plan Detail/stm_advanthealth 1/20190812_174458/39.png]]&#xD;
&#xD;
2019-08-12 17:47:36 - [TEST_STEP][PASSED] - (internal.GlobalVariable.i++): null&#xD;
&#xD;
2019-08-12 17:47:36 - [MESSAGE][PASSED] - Call Test Case 'Test Cases/mobileWeb/_include/get_screenshot' successfully&#xD;
&#xD;
2019-08-12 17:47:36 - [TEST_STEP][PASSED] - scrollToPosition(0, y): Browser is scrolled to position x = 0, y = 24000&#xD;
&#xD;
2019-08-12 17:47:36 - [MESSAGE][PASSED] - Browser is scrolled to position x = 0, y = 24000&#xD;
&#xD;
2019-08-12 17:47:36 - [TEST_STEP][PASSED] - Thread.sleep(3000): null&#xD;
&#xD;
2019-08-12 17:47:39 - [TEST_STEP][PASSED] - callTestCase(findTestCase("mobileWeb/_include/get_screenshot"), [:], STOP_ON_FAILURE): Call Test Case 'Test Cases/mobileWeb/_include/get_screenshot' successfully&#xD;
&#xD;
2019-08-12 17:47:39 - [TEST_CASE][PASSED] - Test Cases/mobileWeb/_include/get_screenshot: Test Cases/mobileWeb/_include/get_screenshot&#xD;
&#xD;
2019-08-12 17:47:39 - [TEST_STEP][PASSED] - takeScreenshot(screenPath + i + ".png"): Taking screenshot successfully&#xD;
&#xD;
2019-08-12 17:47:40 - [MESSAGE][PASSED] - Taking screenshot successfully&#xD;
[[ATTACHMENT|D:\\Test\\AgileTest\\AgileTest\\Reports\\mobileWeb\\plan detail\\20190812_173746\\../Screenshots/iPhone X/Plan Detail/stm_advanthealth 1/20190812_174458/40.png]]&#xD;
&#xD;
2019-08-12 17:47:40 - [TEST_STEP][PASSED] - (internal.GlobalVariable.i++): null&#xD;
&#xD;
2019-08-12 17:47:40 - [MESSAGE][PASSED] - Call Test Case 'Test Cases/mobileWeb/_include/get_screenshot' successfully&#xD;
&#xD;
2019-08-12 17:47:40 - [TEST_STEP][PASSED] - scrollToPosition(0, y): Browser is scrolled to position x = 0, y = 24600&#xD;
&#xD;
2019-08-12 17:47:40 - [MESSAGE][PASSED] - Browser is scrolled to position x = 0, y = 24600&#xD;
&#xD;
2019-08-12 17:47:40 - [TEST_STEP][PASSED] - Thread.sleep(3000): null&#xD;
&#xD;
2019-08-12 17:47:43 - [TEST_STEP][PASSED] - callTestCase(findTestCase("mobileWeb/_include/get_screenshot"), [:], STOP_ON_FAILURE): Call Test Case 'Test Cases/mobileWeb/_include/get_screenshot' successfully&#xD;
&#xD;
2019-08-12 17:47:43 - [TEST_CASE][PASSED] - Test Cases/mobileWeb/_include/get_screenshot: Test Cases/mobileWeb/_include/get_screenshot&#xD;
&#xD;
2019-08-12 17:47:43 - [TEST_STEP][PASSED] - takeScreenshot(screenPath + i + ".png"): Taking screenshot successfully&#xD;
&#xD;
2019-08-12 17:47:44 - [MESSAGE][PASSED] - Taking screenshot successfully&#xD;
[[ATTACHMENT|D:\\Test\\AgileTest\\AgileTest\\Reports\\mobileWeb\\plan detail\\20190812_173746\\../Screenshots/iPhone X/Plan Detail/stm_advanthealth 1/20190812_174458/41.png]]&#xD;
&#xD;
2019-08-12 17:47:44 - [TEST_STEP][PASSED] - (internal.GlobalVariable.i++): null&#xD;
&#xD;
2019-08-12 17:47:44 - [MESSAGE][PASSED] - Call Test Case 'Test Cases/mobileWeb/_include/get_screenshot' successfully&#xD;
&#xD;
2019-08-12 17:47:44 - [TEST_STEP][PASSED] - scrollToPosition(0, y): Browser is scrolled to position x = 0, y = 25200&#xD;
&#xD;
2019-08-12 17:47:44 - [MESSAGE][PASSED] - Browser is scrolled to position x = 0, y = 25200&#xD;
&#xD;
2019-08-12 17:47:44 - [TEST_STEP][PASSED] - Thread.sleep(3000): null&#xD;
&#xD;
2019-08-12 17:47:47 - [TEST_STEP][PASSED] - callTestCase(findTestCase("mobileWeb/_include/get_screenshot"), [:], STOP_ON_FAILURE): Call Test Case 'Test Cases/mobileWeb/_include/get_screenshot' successfully&#xD;
&#xD;
2019-08-12 17:47:47 - [TEST_CASE][PASSED] - Test Cases/mobileWeb/_include/get_screenshot: Test Cases/mobileWeb/_include/get_screenshot&#xD;
&#xD;
2019-08-12 17:47:47 - [TEST_STEP][PASSED] - takeScreenshot(screenPath + i + ".png"): Taking screenshot successfully&#xD;
&#xD;
2019-08-12 17:47:47 - [MESSAGE][PASSED] - Taking screenshot successfully&#xD;
[[ATTACHMENT|D:\\Test\\AgileTest\\AgileTest\\Reports\\mobileWeb\\plan detail\\20190812_173746\\../Screenshots/iPhone X/Plan Detail/stm_advanthealth 1/20190812_174458/42.png]]&#xD;
&#xD;
2019-08-12 17:47:47 - [TEST_STEP][PASSED] - (internal.GlobalVariable.i++): null&#xD;
&#xD;
2019-08-12 17:47:47 - [MESSAGE][PASSED] - Call Test Case 'Test Cases/mobileWeb/_include/get_screenshot' successfully&#xD;
&#xD;
2019-08-12 17:47:47 - [TEST_STEP][PASSED] - scrollToPosition(0, y): Browser is scrolled to position x = 0, y = 25800&#xD;
&#xD;
2019-08-12 17:47:47 - [MESSAGE][PASSED] - Browser is scrolled to position x = 0, y = 25800&#xD;
&#xD;
2019-08-12 17:47:47 - [TEST_STEP][PASSED] - Thread.sleep(3000): null&#xD;
&#xD;
2019-08-12 17:47:50 - [TEST_STEP][PASSED] - callTestCase(findTestCase("mobileWeb/_include/get_screenshot"), [:], STOP_ON_FAILURE): Call Test Case 'Test Cases/mobileWeb/_include/get_screenshot' successfully&#xD;
&#xD;
2019-08-12 17:47:51 - [TEST_CASE][PASSED] - Test Cases/mobileWeb/_include/get_screenshot: Test Cases/mobileWeb/_include/get_screenshot&#xD;
&#xD;
2019-08-12 17:47:51 - [TEST_STEP][PASSED] - takeScreenshot(screenPath + i + ".png"): Taking screenshot successfully&#xD;
&#xD;
2019-08-12 17:47:51 - [MESSAGE][PASSED] - Taking screenshot successfully&#xD;
[[ATTACHMENT|D:\\Test\\AgileTest\\AgileTest\\Reports\\mobileWeb\\plan detail\\20190812_173746\\../Screenshots/iPhone X/Plan Detail/stm_advanthealth 1/20190812_174458/43.png]]&#xD;
&#xD;
2019-08-12 17:47:51 - [TEST_STEP][PASSED] - (internal.GlobalVariable.i++): null&#xD;
&#xD;
2019-08-12 17:47:51 - [MESSAGE][PASSED] - Call Test Case 'Test Cases/mobileWeb/_include/get_screenshot' successfully&#xD;
&#xD;
2019-08-12 17:47:51 - [TEST_STEP][PASSED] - scrollToPosition(0, y): Browser is scrolled to position x = 0, y = 26400&#xD;
&#xD;
2019-08-12 17:47:51 - [MESSAGE][PASSED] - Browser is scrolled to position x = 0, y = 26400&#xD;
&#xD;
2019-08-12 17:47:51 - [TEST_STEP][PASSED] - Thread.sleep(3000): null&#xD;
&#xD;
2019-08-12 17:47:54 - [TEST_STEP][PASSED] - callTestCase(findTestCase("mobileWeb/_include/get_screenshot"), [:], STOP_ON_FAILURE): Call Test Case 'Test Cases/mobileWeb/_include/get_screenshot' successfully&#xD;
&#xD;
2019-08-12 17:47:54 - [TEST_CASE][PASSED] - Test Cases/mobileWeb/_include/get_screenshot: Test Cases/mobileWeb/_include/get_screenshot&#xD;
&#xD;
2019-08-12 17:47:54 - [TEST_STEP][PASSED] - takeScreenshot(screenPath + i + ".png"): Taking screenshot successfully&#xD;
&#xD;
2019-08-12 17:47:55 - [MESSAGE][PASSED] - Taking screenshot successfully&#xD;
[[ATTACHMENT|D:\\Test\\AgileTest\\AgileTest\\Reports\\mobileWeb\\plan detail\\20190812_173746\\../Screenshots/iPhone X/Plan Detail/stm_advanthealth 1/20190812_174458/44.png]]&#xD;
&#xD;
2019-08-12 17:47:55 - [TEST_STEP][PASSED] - (internal.GlobalVariable.i++): null&#xD;
&#xD;
2019-08-12 17:47:55 - [MESSAGE][PASSED] - Call Test Case 'Test Cases/mobileWeb/_include/get_screenshot' successfully&#xD;
&#xD;
2019-08-12 17:47:55 - [TEST_STEP][PASSED] - scrollToPosition(0, y): Browser is scrolled to position x = 0, y = 27000&#xD;
&#xD;
2019-08-12 17:47:55 - [MESSAGE][PASSED] - Browser is scrolled to position x = 0, y = 27000&#xD;
&#xD;
2019-08-12 17:47:55 - [TEST_STEP][PASSED] - Thread.sleep(3000): null&#xD;
&#xD;
2019-08-12 17:47:58 - [MESSAGE][PASSED] - Call Test Case 'Test Cases/mobileWeb/_include/get_scrollScreenshot' successfully</system-out>
            <system-err></system-err>
        </testcase>
        <testcase name="Test Cases/mobileWeb/Other Pages Check/Plan Detail/stm/advanthealth 2" classname="Test Cases/mobileWeb/Other Pages Check/Plan Detail/stm/advanthealth 2" status="PASSED">
            <system-out>2019-08-12 17:47:58 - [TEST_CASE][PASSED] - Test Cases/mobileWeb/Other Pages Check/Plan Detail/stm/advanthealth 2: Test Cases/mobileWeb/Other Pages Check/Plan Detail/stm/advanthealth 2&#xD;
&#xD;
2019-08-12 17:47:58 - [TEST_STEP][PASSED] - callTestCase(findTestCase("mobileWeb/_include/get_screenPath"), ["productLine":"Plan Detail", "carrierName":"stm_advanthealth 2"], CONTINUE_ON_FAILURE): Call Test Case 'Test Cases/mobileWeb/_include/get_screenPath' successfully&#xD;
&#xD;
2019-08-12 17:47:58 - [TEST_CASE][PASSED] - Test Cases/mobileWeb/_include/get_screenPath: Test Cases/mobileWeb/_include/get_screenPath&#xD;
&#xD;
2019-08-12 17:47:58 - [TEST_STEP][PASSED] - m = getExecutionProperties(): null&#xD;
&#xD;
2019-08-12 17:47:58 - [TEST_STEP][PASSED] - deviceName = get("mobileEmulation").get("deviceName"): null&#xD;
&#xD;
2019-08-12 17:47:58 - [TEST_STEP][PASSED] - println(deviceName): null&#xD;
&#xD;
2019-08-12 17:47:58 - [TEST_STEP][PASSED] - now = new java.util.Date(): null&#xD;
&#xD;
2019-08-12 17:47:58 - [TEST_STEP][PASSED] - mydate = now.format("yyyyMMdd_HHmmss"): null&#xD;
&#xD;
2019-08-12 17:47:58 - [TEST_STEP][PASSED] - screenPath = "../Screenshots/": null&#xD;
&#xD;
2019-08-12 17:47:58 - [TEST_STEP][PASSED] - screenPath = screenPath + deviceName + "/" + productLine + "/" + carrierName + "/" + mydate + "/": null&#xD;
&#xD;
2019-08-12 17:47:58 - [TEST_STEP][PASSED] - println(screenPath): null&#xD;
&#xD;
2019-08-12 17:47:58 - [MESSAGE][PASSED] - Call Test Case 'Test Cases/mobileWeb/_include/get_screenPath' successfully&#xD;
&#xD;
2019-08-12 17:47:58 - [TEST_STEP][PASSED] - i = 0: null&#xD;
&#xD;
2019-08-12 17:47:58 - [TEST_STEP][PASSED] - openBrowser("https://praetemptatus.agilehealthinsurance.com/term-health-insurance/plan/advanthealth-plan-2-al-5000-20-9000-1000000?census[location][zip]=35215&amp;census[member][0][dob]=1/1/1980&amp;census[member][0][gender]=F&amp;census[member][0][role]=P"): Browser is opened with url: 'https://praetemptatus.agilehealthinsurance.com/term-health-insurance/plan/advanthealth-plan-2-al-5000-20-9000-1000000?census[location][zip]=35215&amp;census[member][0][dob]=1/1/1980&amp;census[member][0][gender]=F&amp;census[member][0][role]=P'&#xD;
&#xD;
2019-08-12 17:47:58 - [MESSAGE][WARNING] - A browser is already opened. Closing browser and opening a new one&#xD;
&#xD;
2019-08-12 17:47:59 - [MESSAGE][INFO] - Starting 'Chrome' driver&#xD;
&#xD;
2019-08-12 17:47:59 - [MESSAGE][INFO] - User set preference: ['mobileEmulation', '{deviceName=iPhone X}']&#xD;
&#xD;
2019-08-12 17:47:59 - [MESSAGE][INFO] - User set preference: ['args', '[--incognito, --aggressive-cache-discard, --no-sandbox, --window-size=375,812]']&#xD;
&#xD;
2019-08-12 17:48:08 - [MESSAGE][PASSED] - Browser is opened with url: 'https://praetemptatus.agilehealthinsurance.com/term-health-insurance/plan/advanthealth-plan-2-al-5000-20-9000-1000000?census[location][zip]=35215&amp;census[member][0][dob]=1/1/1980&amp;census[member][0][gender]=F&amp;census[member][0][role]=P'&#xD;
&#xD;
2019-08-12 17:48:08 - [TEST_STEP][PASSED] - waitForPageLoad(20): Wait for page load successfully&#xD;
&#xD;
2019-08-12 17:48:08 - [MESSAGE][PASSED] - Wait for page load successfully&#xD;
&#xD;
2019-08-12 17:48:08 - [TEST_STEP][PASSED] - callTestCase(findTestCase("mobileWeb/_include/get_scrollScreenshot"), [:], STOP_ON_FAILURE): Call Test Case 'Test Cases/mobileWeb/_include/get_scrollScreenshot' successfully&#xD;
&#xD;
2019-08-12 17:48:08 - [TEST_CASE][PASSED] - Test Cases/mobileWeb/_include/get_scrollScreenshot: Test Cases/mobileWeb/_include/get_scrollScreenshot&#xD;
&#xD;
2019-08-12 17:48:08 - [TEST_STEP][PASSED] - pageHeight = getPageHeight(): Current page's height is 26748&#xD;
&#xD;
2019-08-12 17:48:08 - [MESSAGE][PASSED] - Current page's height is 26748&#xD;
&#xD;
2019-08-12 17:48:08 - [TEST_STEP][PASSED] - for ([y = 600, y &lt; pageHeight, y = y + 600]): null&#xD;
&#xD;
2019-08-12 17:48:08 - [TEST_STEP][PASSED] - callTestCase(findTestCase("mobileWeb/_include/get_screenshot"), [:], STOP_ON_FAILURE): Call Test Case 'Test Cases/mobileWeb/_include/get_screenshot' successfully&#xD;
&#xD;
2019-08-12 17:48:08 - [TEST_CASE][PASSED] - Test Cases/mobileWeb/_include/get_screenshot: Test Cases/mobileWeb/_include/get_screenshot&#xD;
&#xD;
2019-08-12 17:48:08 - [TEST_STEP][PASSED] - takeScreenshot(screenPath + i + ".png"): Taking screenshot successfully&#xD;
&#xD;
2019-08-12 17:48:09 - [MESSAGE][PASSED] - Taking screenshot successfully&#xD;
[[ATTACHMENT|D:\\Test\\AgileTest\\AgileTest\\Reports\\mobileWeb\\plan detail\\20190812_173746\\../Screenshots/iPhone X/Plan Detail/stm_advanthealth 2/20190812_174758/0.png]]&#xD;
&#xD;
2019-08-12 17:48:09 - [TEST_STEP][PASSED] - (internal.GlobalVariable.i++): null&#xD;
&#xD;
2019-08-12 17:48:09 - [MESSAGE][PASSED] - Call Test Case 'Test Cases/mobileWeb/_include/get_screenshot' successfully&#xD;
&#xD;
2019-08-12 17:48:09 - [TEST_STEP][PASSED] - scrollToPosition(0, y): Browser is scrolled to position x = 0, y = 600&#xD;
&#xD;
2019-08-12 17:48:09 - [MESSAGE][PASSED] - Browser is scrolled to position x = 0, y = 600&#xD;
&#xD;
2019-08-12 17:48:09 - [TEST_STEP][PASSED] - Thread.sleep(3000): null&#xD;
&#xD;
2019-08-12 17:48:12 - [TEST_STEP][PASSED] - callTestCase(findTestCase("mobileWeb/_include/get_screenshot"), [:], STOP_ON_FAILURE): Call Test Case 'Test Cases/mobileWeb/_include/get_screenshot' successfully&#xD;
&#xD;
2019-08-12 17:48:12 - [TEST_CASE][PASSED] - Test Cases/mobileWeb/_include/get_screenshot: Test Cases/mobileWeb/_include/get_screenshot&#xD;
&#xD;
2019-08-12 17:48:12 - [TEST_STEP][PASSED] - takeScreenshot(screenPath + i + ".png"): Taking screenshot successfully&#xD;
&#xD;
2019-08-12 17:48:13 - [MESSAGE][PASSED] - Taking screenshot successfully&#xD;
[[ATTACHMENT|D:\\Test\\AgileTest\\AgileTest\\Reports\\mobileWeb\\plan detail\\20190812_173746\\../Screenshots/iPhone X/Plan Detail/stm_advanthealth 2/20190812_174758/1.png]]&#xD;
&#xD;
2019-08-12 17:48:13 - [TEST_STEP][PASSED] - (internal.GlobalVariable.i++): null&#xD;
&#xD;
2019-08-12 17:48:13 - [MESSAGE][PASSED] - Call Test Case 'Test Cases/mobileWeb/_include/get_screenshot' successfully&#xD;
&#xD;
2019-08-12 17:48:13 - [TEST_STEP][PASSED] - scrollToPosition(0, y): Browser is scrolled to position x = 0, y = 1200&#xD;
&#xD;
2019-08-12 17:48:13 - [MESSAGE][PASSED] - Browser is scrolled to position x = 0, y = 1200&#xD;
&#xD;
2019-08-12 17:48:13 - [TEST_STEP][PASSED] - Thread.sleep(3000): null&#xD;
&#xD;
2019-08-12 17:48:16 - [TEST_STEP][PASSED] - callTestCase(findTestCase("mobileWeb/_include/get_screenshot"), [:], STOP_ON_FAILURE): Call Test Case 'Test Cases/mobileWeb/_include/get_screenshot' successfully&#xD;
&#xD;
2019-08-12 17:48:16 - [TEST_CASE][PASSED] - Test Cases/mobileWeb/_include/get_screenshot: Test Cases/mobileWeb/_include/get_screenshot&#xD;
&#xD;
2019-08-12 17:48:16 - [TEST_STEP][PASSED] - takeScreenshot(screenPath + i + ".png"): Taking screenshot successfully&#xD;
&#xD;
2019-08-12 17:48:16 - [MESSAGE][PASSED] - Taking screenshot successfully&#xD;
[[ATTACHMENT|D:\\Test\\AgileTest\\AgileTest\\Reports\\mobileWeb\\plan detail\\20190812_173746\\../Screenshots/iPhone X/Plan Detail/stm_advanthealth 2/20190812_174758/2.png]]&#xD;
&#xD;
2019-08-12 17:48:16 - [TEST_STEP][PASSED] - (internal.GlobalVariable.i++): null&#xD;
&#xD;
2019-08-12 17:48:16 - [MESSAGE][PASSED] - Call Test Case 'Test Cases/mobileWeb/_include/get_screenshot' successfully&#xD;
&#xD;
2019-08-12 17:48:16 - [TEST_STEP][PASSED] - scrollToPosition(0, y): Browser is scrolled to position x = 0, y = 1800&#xD;
&#xD;
2019-08-12 17:48:16 - [MESSAGE][PASSED] - Browser is scrolled to position x = 0, y = 1800&#xD;
&#xD;
2019-08-12 17:48:16 - [TEST_STEP][PASSED] - Thread.sleep(3000): null&#xD;
&#xD;
2019-08-12 17:48:19 - [TEST_STEP][PASSED] - callTestCase(findTestCase("mobileWeb/_include/get_screenshot"), [:], STOP_ON_FAILURE): Call Test Case 'Test Cases/mobileWeb/_include/get_screenshot' successfully&#xD;
&#xD;
2019-08-12 17:48:19 - [TEST_CASE][PASSED] - Test Cases/mobileWeb/_include/get_screenshot: Test Cases/mobileWeb/_include/get_screenshot&#xD;
&#xD;
2019-08-12 17:48:19 - [TEST_STEP][PASSED] - takeScreenshot(screenPath + i + ".png"): Taking screenshot successfully&#xD;
&#xD;
2019-08-12 17:48:20 - [MESSAGE][PASSED] - Taking screenshot successfully&#xD;
[[ATTACHMENT|D:\\Test\\AgileTest\\AgileTest\\Reports\\mobileWeb\\plan detail\\20190812_173746\\../Screenshots/iPhone X/Plan Detail/stm_advanthealth 2/20190812_174758/3.png]]&#xD;
&#xD;
2019-08-12 17:48:20 - [TEST_STEP][PASSED] - (internal.GlobalVariable.i++): null&#xD;
&#xD;
2019-08-12 17:48:20 - [MESSAGE][PASSED] - Call Test Case 'Test Cases/mobileWeb/_include/get_screenshot' successfully&#xD;
&#xD;
2019-08-12 17:48:20 - [TEST_STEP][PASSED] - scrollToPosition(0, y): Browser is scrolled to position x = 0, y = 2400&#xD;
&#xD;
2019-08-12 17:48:20 - [MESSAGE][PASSED] - Browser is scrolled to position x = 0, y = 2400&#xD;
&#xD;
2019-08-12 17:48:20 - [TEST_STEP][PASSED] - Thread.sleep(3000): null&#xD;
&#xD;
2019-08-12 17:48:23 - [TEST_STEP][PASSED] - callTestCase(findTestCase("mobileWeb/_include/get_screenshot"), [:], STOP_ON_FAILURE): Call Test Case 'Test Cases/mobileWeb/_include/get_screenshot' successfully&#xD;
&#xD;
2019-08-12 17:48:23 - [TEST_CASE][PASSED] - Test Cases/mobileWeb/_include/get_screenshot: Test Cases/mobileWeb/_include/get_screenshot&#xD;
&#xD;
2019-08-12 17:48:23 - [TEST_STEP][PASSED] - takeScreenshot(screenPath + i + ".png"): Taking screenshot successfully&#xD;
&#xD;
2019-08-12 17:48:24 - [MESSAGE][PASSED] - Taking screenshot successfully&#xD;
[[ATTACHMENT|D:\\Test\\AgileTest\\AgileTest\\Reports\\mobileWeb\\plan detail\\20190812_173746\\../Screenshots/iPhone X/Plan Detail/stm_advanthealth 2/20190812_174758/4.png]]&#xD;
&#xD;
2019-08-12 17:48:24 - [TEST_STEP][PASSED] - (internal.GlobalVariable.i++): null&#xD;
&#xD;
2019-08-12 17:48:24 - [MESSAGE][PASSED] - Call Test Case 'Test Cases/mobileWeb/_include/get_screenshot' successfully&#xD;
&#xD;
2019-08-12 17:48:24 - [TEST_STEP][PASSED] - scrollToPosition(0, y): Browser is scrolled to position x = 0, y = 3000&#xD;
&#xD;
2019-08-12 17:48:24 - [MESSAGE][PASSED] - Browser is scrolled to position x = 0, y = 3000&#xD;
&#xD;
2019-08-12 17:48:24 - [TEST_STEP][PASSED] - Thread.sleep(3000): null&#xD;
&#xD;
2019-08-12 17:48:27 - [TEST_STEP][PASSED] - callTestCase(findTestCase("mobileWeb/_include/get_screenshot"), [:], STOP_ON_FAILURE): Call Test Case 'Test Cases/mobileWeb/_include/get_screenshot' successfully&#xD;
&#xD;
2019-08-12 17:48:27 - [TEST_CASE][PASSED] - Test Cases/mobileWeb/_include/get_screenshot: Test Cases/mobileWeb/_include/get_screenshot&#xD;
&#xD;
2019-08-12 17:48:27 - [TEST_STEP][PASSED] - takeScreenshot(screenPath + i + ".png"): Taking screenshot successfully&#xD;
&#xD;
2019-08-12 17:48:28 - [MESSAGE][PASSED] - Taking screenshot successfully&#xD;
[[ATTACHMENT|D:\\Test\\AgileTest\\AgileTest\\Reports\\mobileWeb\\plan detail\\20190812_173746\\../Screenshots/iPhone X/Plan Detail/stm_advanthealth 2/20190812_174758/5.png]]&#xD;
&#xD;
2019-08-12 17:48:28 - [TEST_STEP][PASSED] - (internal.GlobalVariable.i++): null&#xD;
&#xD;
2019-08-12 17:48:28 - [MESSAGE][PASSED] - Call Test Case 'Test Cases/mobileWeb/_include/get_screenshot' successfully&#xD;
&#xD;
2019-08-12 17:48:28 - [TEST_STEP][PASSED] - scrollToPosition(0, y): Browser is scrolled to position x = 0, y = 3600&#xD;
&#xD;
2019-08-12 17:48:28 - [MESSAGE][PASSED] - Browser is scrolled to position x = 0, y = 3600&#xD;
&#xD;
2019-08-12 17:48:28 - [TEST_STEP][PASSED] - Thread.sleep(3000): null&#xD;
&#xD;
2019-08-12 17:48:31 - [TEST_STEP][PASSED] - callTestCase(findTestCase("mobileWeb/_include/get_screenshot"), [:], STOP_ON_FAILURE): Call Test Case 'Test Cases/mobileWeb/_include/get_screenshot' successfully&#xD;
&#xD;
2019-08-12 17:48:31 - [TEST_CASE][PASSED] - Test Cases/mobileWeb/_include/get_screenshot: Test Cases/mobileWeb/_include/get_screenshot&#xD;
&#xD;
2019-08-12 17:48:31 - [TEST_STEP][PASSED] - takeScreenshot(screenPath + i + ".png"): Taking screenshot successfully&#xD;
&#xD;
2019-08-12 17:48:31 - [MESSAGE][PASSED] - Taking screenshot successfully&#xD;
[[ATTACHMENT|D:\\Test\\AgileTest\\AgileTest\\Reports\\mobileWeb\\plan detail\\20190812_173746\\../Screenshots/iPhone X/Plan Detail/stm_advanthealth 2/20190812_174758/6.png]]&#xD;
&#xD;
2019-08-12 17:48:31 - [TEST_STEP][PASSED] - (internal.GlobalVariable.i++): null&#xD;
&#xD;
2019-08-12 17:48:31 - [MESSAGE][PASSED] - Call Test Case 'Test Cases/mobileWeb/_include/get_screenshot' successfully&#xD;
&#xD;
2019-08-12 17:48:31 - [TEST_STEP][PASSED] - scrollToPosition(0, y): Browser is scrolled to position x = 0, y = 4200&#xD;
&#xD;
2019-08-12 17:48:31 - [MESSAGE][PASSED] - Browser is scrolled to position x = 0, y = 4200&#xD;
&#xD;
2019-08-12 17:48:31 - [TEST_STEP][PASSED] - Thread.sleep(3000): null&#xD;
&#xD;
2019-08-12 17:48:34 - [TEST_STEP][PASSED] - callTestCase(findTestCase("mobileWeb/_include/get_screenshot"), [:], STOP_ON_FAILURE): Call Test Case 'Test Cases/mobileWeb/_include/get_screenshot' successfully&#xD;
&#xD;
2019-08-12 17:48:35 - [TEST_CASE][PASSED] - Test Cases/mobileWeb/_include/get_screenshot: Test Cases/mobileWeb/_include/get_screenshot&#xD;
&#xD;
2019-08-12 17:48:35 - [TEST_STEP][PASSED] - takeScreenshot(screenPath + i + ".png"): Taking screenshot successfully&#xD;
&#xD;
2019-08-12 17:48:35 - [MESSAGE][PASSED] - Taking screenshot successfully&#xD;
[[ATTACHMENT|D:\\Test\\AgileTest\\AgileTest\\Reports\\mobileWeb\\plan detail\\20190812_173746\\../Screenshots/iPhone X/Plan Detail/stm_advanthealth 2/20190812_174758/7.png]]&#xD;
&#xD;
2019-08-12 17:48:35 - [TEST_STEP][PASSED] - (internal.GlobalVariable.i++): null&#xD;
&#xD;
2019-08-12 17:48:35 - [MESSAGE][PASSED] - Call Test Case 'Test Cases/mobileWeb/_include/get_screenshot' successfully&#xD;
&#xD;
2019-08-12 17:48:35 - [TEST_STEP][PASSED] - scrollToPosition(0, y): Browser is scrolled to position x = 0, y = 4800&#xD;
&#xD;
2019-08-12 17:48:35 - [MESSAGE][PASSED] - Browser is scrolled to position x = 0, y = 4800&#xD;
&#xD;
2019-08-12 17:48:35 - [TEST_STEP][PASSED] - Thread.sleep(3000): null&#xD;
&#xD;
2019-08-12 17:48:38 - [TEST_STEP][PASSED] - callTestCase(findTestCase("mobileWeb/_include/get_screenshot"), [:], STOP_ON_FAILURE): Call Test Case 'Test Cases/mobileWeb/_include/get_screenshot' successfully&#xD;
&#xD;
2019-08-12 17:48:38 - [TEST_CASE][PASSED] - Test Cases/mobileWeb/_include/get_screenshot: Test Cases/mobileWeb/_include/get_screenshot&#xD;
&#xD;
2019-08-12 17:48:38 - [TEST_STEP][PASSED] - takeScreenshot(screenPath + i + ".png"): Taking screenshot successfully&#xD;
&#xD;
2019-08-12 17:48:39 - [MESSAGE][PASSED] - Taking screenshot successfully&#xD;
[[ATTACHMENT|D:\\Test\\AgileTest\\AgileTest\\Reports\\mobileWeb\\plan detail\\20190812_173746\\../Screenshots/iPhone X/Plan Detail/stm_advanthealth 2/20190812_174758/8.png]]&#xD;
&#xD;
2019-08-12 17:48:39 - [TEST_STEP][PASSED] - (internal.GlobalVariable.i++): null&#xD;
&#xD;
2019-08-12 17:48:39 - [MESSAGE][PASSED] - Call Test Case 'Test Cases/mobileWeb/_include/get_screenshot' successfully&#xD;
&#xD;
2019-08-12 17:48:39 - [TEST_STEP][PASSED] - scrollToPosition(0, y): Browser is scrolled to position x = 0, y = 5400&#xD;
&#xD;
2019-08-12 17:48:39 - [MESSAGE][PASSED] - Browser is scrolled to position x = 0, y = 5400&#xD;
&#xD;
2019-08-12 17:48:39 - [TEST_STEP][PASSED] - Thread.sleep(3000): null&#xD;
&#xD;
2019-08-12 17:48:42 - [TEST_STEP][PASSED] - callTestCase(findTestCase("mobileWeb/_include/get_screenshot"), [:], STOP_ON_FAILURE): Call Test Case 'Test Cases/mobileWeb/_include/get_screenshot' successfully&#xD;
&#xD;
2019-08-12 17:48:42 - [TEST_CASE][PASSED] - Test Cases/mobileWeb/_include/get_screenshot: Test Cases/mobileWeb/_include/get_screenshot&#xD;
&#xD;
2019-08-12 17:48:42 - [TEST_STEP][PASSED] - takeScreenshot(screenPath + i + ".png"): Taking screenshot successfully&#xD;
&#xD;
2019-08-12 17:48:43 - [MESSAGE][PASSED] - Taking screenshot successfully&#xD;
[[ATTACHMENT|D:\\Test\\AgileTest\\AgileTest\\Reports\\mobileWeb\\plan detail\\20190812_173746\\../Screenshots/iPhone X/Plan Detail/stm_advanthealth 2/20190812_174758/9.png]]&#xD;
&#xD;
2019-08-12 17:48:43 - [TEST_STEP][PASSED] - (internal.GlobalVariable.i++): null&#xD;
&#xD;
2019-08-12 17:48:43 - [MESSAGE][PASSED] - Call Test Case 'Test Cases/mobileWeb/_include/get_screenshot' successfully&#xD;
&#xD;
2019-08-12 17:48:43 - [TEST_STEP][PASSED] - scrollToPosition(0, y): Browser is scrolled to position x = 0, y = 6000&#xD;
&#xD;
2019-08-12 17:48:43 - [MESSAGE][PASSED] - Browser is scrolled to position x = 0, y = 6000&#xD;
&#xD;
2019-08-12 17:48:43 - [TEST_STEP][PASSED] - Thread.sleep(3000): null&#xD;
&#xD;
2019-08-12 17:48:46 - [TEST_STEP][PASSED] - callTestCase(findTestCase("mobileWeb/_include/get_screenshot"), [:], STOP_ON_FAILURE): Call Test Case 'Test Cases/mobileWeb/_include/get_screenshot' successfully&#xD;
&#xD;
2019-08-12 17:48:46 - [TEST_CASE][PASSED] - Test Cases/mobileWeb/_include/get_screenshot: Test Cases/mobileWeb/_include/get_screenshot&#xD;
&#xD;
2019-08-12 17:48:46 - [TEST_STEP][PASSED] - takeScreenshot(screenPath + i + ".png"): Taking screenshot successfully&#xD;
&#xD;
2019-08-12 17:48:47 - [MESSAGE][PASSED] - Taking screenshot successfully&#xD;
[[ATTACHMENT|D:\\Test\\AgileTest\\AgileTest\\Reports\\mobileWeb\\plan detail\\20190812_173746\\../Screenshots/iPhone X/Plan Detail/stm_advanthealth 2/20190812_174758/10.png]]&#xD;
&#xD;
2019-08-12 17:48:47 - [TEST_STEP][PASSED] - (internal.GlobalVariable.i++): null&#xD;
&#xD;
2019-08-12 17:48:47 - [MESSAGE][PASSED] - Call Test Case 'Test Cases/mobileWeb/_include/get_screenshot' successfully&#xD;
&#xD;
2019-08-12 17:48:47 - [TEST_STEP][PASSED] - scrollToPosition(0, y): Browser is scrolled to position x = 0, y = 6600&#xD;
&#xD;
2019-08-12 17:48:47 - [MESSAGE][PASSED] - Browser is scrolled to position x = 0, y = 6600&#xD;
&#xD;
2019-08-12 17:48:47 - [TEST_STEP][PASSED] - Thread.sleep(3000): null&#xD;
&#xD;
2019-08-12 17:48:50 - [TEST_STEP][PASSED] - callTestCase(findTestCase("mobileWeb/_include/get_screenshot"), [:], STOP_ON_FAILURE): Call Test Case 'Test Cases/mobileWeb/_include/get_screenshot' successfully&#xD;
&#xD;
2019-08-12 17:48:50 - [TEST_CASE][PASSED] - Test Cases/mobileWeb/_include/get_screenshot: Test Cases/mobileWeb/_include/get_screenshot&#xD;
&#xD;
2019-08-12 17:48:50 - [TEST_STEP][PASSED] - takeScreenshot(screenPath + i + ".png"): Taking screenshot successfully&#xD;
&#xD;
2019-08-12 17:48:50 - [MESSAGE][PASSED] - Taking screenshot successfully&#xD;
[[ATTACHMENT|D:\\Test\\AgileTest\\AgileTest\\Reports\\mobileWeb\\plan detail\\20190812_173746\\../Screenshots/iPhone X/Plan Detail/stm_advanthealth 2/20190812_174758/11.png]]&#xD;
&#xD;
2019-08-12 17:48:50 - [TEST_STEP][PASSED] - (internal.GlobalVariable.i++): null&#xD;
&#xD;
2019-08-12 17:48:50 - [MESSAGE][PASSED] - Call Test Case 'Test Cases/mobileWeb/_include/get_screenshot' successfully&#xD;
&#xD;
2019-08-12 17:48:50 - [TEST_STEP][PASSED] - scrollToPosition(0, y): Browser is scrolled to position x = 0, y = 7200&#xD;
&#xD;
2019-08-12 17:48:51 - [MESSAGE][PASSED] - Browser is scrolled to position x = 0, y = 7200&#xD;
&#xD;
2019-08-12 17:48:51 - [TEST_STEP][PASSED] - Thread.sleep(3000): null&#xD;
&#xD;
2019-08-12 17:48:54 - [TEST_STEP][PASSED] - callTestCase(findTestCase("mobileWeb/_include/get_screenshot"), [:], STOP_ON_FAILURE): Call Test Case 'Test Cases/mobileWeb/_include/get_screenshot' successfully&#xD;
&#xD;
2019-08-12 17:48:54 - [TEST_CASE][PASSED] - Test Cases/mobileWeb/_include/get_screenshot: Test Cases/mobileWeb/_include/get_screenshot&#xD;
&#xD;
2019-08-12 17:48:54 - [TEST_STEP][PASSED] - takeScreenshot(screenPath + i + ".png"): Taking screenshot successfully&#xD;
&#xD;
2019-08-12 17:48:54 - [MESSAGE][PASSED] - Taking screenshot successfully&#xD;
[[ATTACHMENT|D:\\Test\\AgileTest\\AgileTest\\Reports\\mobileWeb\\plan detail\\20190812_173746\\../Screenshots/iPhone X/Plan Detail/stm_advanthealth 2/20190812_174758/12.png]]&#xD;
&#xD;
2019-08-12 17:48:54 - [TEST_STEP][PASSED] - (internal.GlobalVariable.i++): null&#xD;
&#xD;
2019-08-12 17:48:54 - [MESSAGE][PASSED] - Call Test Case 'Test Cases/mobileWeb/_include/get_screenshot' successfully&#xD;
&#xD;
2019-08-12 17:48:54 - [TEST_STEP][PASSED] - scrollToPosition(0, y): Browser is scrolled to position x = 0, y = 7800&#xD;
&#xD;
2019-08-12 17:48:54 - [MESSAGE][PASSED] - Browser is scrolled to position x = 0, y = 7800&#xD;
&#xD;
2019-08-12 17:48:54 - [TEST_STEP][PASSED] - Thread.sleep(3000): null&#xD;
&#xD;
2019-08-12 17:48:57 - [TEST_STEP][PASSED] - callTestCase(findTestCase("mobileWeb/_include/get_screenshot"), [:], STOP_ON_FAILURE): Call Test Case 'Test Cases/mobileWeb/_include/get_screenshot' successfully&#xD;
&#xD;
2019-08-12 17:48:57 - [TEST_CASE][PASSED] - Test Cases/mobileWeb/_include/get_screenshot: Test Cases/mobileWeb/_include/get_screenshot&#xD;
&#xD;
2019-08-12 17:48:57 - [TEST_STEP][PASSED] - takeScreenshot(screenPath + i + ".png"): Taking screenshot successfully&#xD;
&#xD;
2019-08-12 17:48:58 - [MESSAGE][PASSED] - Taking screenshot successfully&#xD;
[[ATTACHMENT|D:\\Test\\AgileTest\\AgileTest\\Reports\\mobileWeb\\plan detail\\20190812_173746\\../Screenshots/iPhone X/Plan Detail/stm_advanthealth 2/20190812_174758/13.png]]&#xD;
&#xD;
2019-08-12 17:48:58 - [TEST_STEP][PASSED] - (internal.GlobalVariable.i++): null&#xD;
&#xD;
2019-08-12 17:48:58 - [MESSAGE][PASSED] - Call Test Case 'Test Cases/mobileWeb/_include/get_screenshot' successfully&#xD;
&#xD;
2019-08-12 17:48:58 - [TEST_STEP][PASSED] - scrollToPosition(0, y): Browser is scrolled to position x = 0, y = 8400&#xD;
&#xD;
2019-08-12 17:48:58 - [MESSAGE][PASSED] - Browser is scrolled to position x = 0, y = 8400&#xD;
&#xD;
2019-08-12 17:48:58 - [TEST_STEP][PASSED] - Thread.sleep(3000): null&#xD;
&#xD;
2019-08-12 17:49:01 - [TEST_STEP][PASSED] - callTestCase(findTestCase("mobileWeb/_include/get_screenshot"), [:], STOP_ON_FAILURE): Call Test Case 'Test Cases/mobileWeb/_include/get_screenshot' successfully&#xD;
&#xD;
2019-08-12 17:49:01 - [TEST_CASE][PASSED] - Test Cases/mobileWeb/_include/get_screenshot: Test Cases/mobileWeb/_include/get_screenshot&#xD;
&#xD;
2019-08-12 17:49:01 - [TEST_STEP][PASSED] - takeScreenshot(screenPath + i + ".png"): Taking screenshot successfully&#xD;
&#xD;
2019-08-12 17:49:02 - [MESSAGE][PASSED] - Taking screenshot successfully&#xD;
[[ATTACHMENT|D:\\Test\\AgileTest\\AgileTest\\Reports\\mobileWeb\\plan detail\\20190812_173746\\../Screenshots/iPhone X/Plan Detail/stm_advanthealth 2/20190812_174758/14.png]]&#xD;
&#xD;
2019-08-12 17:49:02 - [TEST_STEP][PASSED] - (internal.GlobalVariable.i++): null&#xD;
&#xD;
2019-08-12 17:49:02 - [MESSAGE][PASSED] - Call Test Case 'Test Cases/mobileWeb/_include/get_screenshot' successfully&#xD;
&#xD;
2019-08-12 17:49:02 - [TEST_STEP][PASSED] - scrollToPosition(0, y): Browser is scrolled to position x = 0, y = 9000&#xD;
&#xD;
2019-08-12 17:49:02 - [MESSAGE][PASSED] - Browser is scrolled to position x = 0, y = 9000&#xD;
&#xD;
2019-08-12 17:49:02 - [TEST_STEP][PASSED] - Thread.sleep(3000): null&#xD;
&#xD;
2019-08-12 17:49:05 - [TEST_STEP][PASSED] - callTestCase(findTestCase("mobileWeb/_include/get_screenshot"), [:], STOP_ON_FAILURE): Call Test Case 'Test Cases/mobileWeb/_include/get_screenshot' successfully&#xD;
&#xD;
2019-08-12 17:49:05 - [TEST_CASE][PASSED] - Test Cases/mobileWeb/_include/get_screenshot: Test Cases/mobileWeb/_include/get_screenshot&#xD;
&#xD;
2019-08-12 17:49:05 - [TEST_STEP][PASSED] - takeScreenshot(screenPath + i + ".png"): Taking screenshot successfully&#xD;
&#xD;
2019-08-12 17:49:06 - [MESSAGE][PASSED] - Taking screenshot successfully&#xD;
[[ATTACHMENT|D:\\Test\\AgileTest\\AgileTest\\Reports\\mobileWeb\\plan detail\\20190812_173746\\../Screenshots/iPhone X/Plan Detail/stm_advanthealth 2/20190812_174758/15.png]]&#xD;
&#xD;
2019-08-12 17:49:06 - [TEST_STEP][PASSED] - (internal.GlobalVariable.i++): null&#xD;
&#xD;
2019-08-12 17:49:06 - [MESSAGE][PASSED] - Call Test Case 'Test Cases/mobileWeb/_include/get_screenshot' successfully&#xD;
&#xD;
2019-08-12 17:49:06 - [TEST_STEP][PASSED] - scrollToPosition(0, y): Browser is scrolled to position x = 0, y = 9600&#xD;
&#xD;
2019-08-12 17:49:06 - [MESSAGE][PASSED] - Browser is scrolled to position x = 0, y = 9600&#xD;
&#xD;
2019-08-12 17:49:06 - [TEST_STEP][PASSED] - Thread.sleep(3000): null&#xD;
&#xD;
2019-08-12 17:49:09 - [TEST_STEP][PASSED] - callTestCase(findTestCase("mobileWeb/_include/get_screenshot"), [:], STOP_ON_FAILURE): Call Test Case 'Test Cases/mobileWeb/_include/get_screenshot' successfully&#xD;
&#xD;
2019-08-12 17:49:09 - [TEST_CASE][PASSED] - Test Cases/mobileWeb/_include/get_screenshot: Test Cases/mobileWeb/_include/get_screenshot&#xD;
&#xD;
2019-08-12 17:49:09 - [TEST_STEP][PASSED] - takeScreenshot(screenPath + i + ".png"): Taking screenshot successfully&#xD;
&#xD;
2019-08-12 17:49:09 - [MESSAGE][PASSED] - Taking screenshot successfully&#xD;
[[ATTACHMENT|D:\\Test\\AgileTest\\AgileTest\\Reports\\mobileWeb\\plan detail\\20190812_173746\\../Screenshots/iPhone X/Plan Detail/stm_advanthealth 2/20190812_174758/16.png]]&#xD;
&#xD;
2019-08-12 17:49:09 - [TEST_STEP][PASSED] - (internal.GlobalVariable.i++): null&#xD;
&#xD;
2019-08-12 17:49:09 - [MESSAGE][PASSED] - Call Test Case 'Test Cases/mobileWeb/_include/get_screenshot' successfully&#xD;
&#xD;
2019-08-12 17:49:09 - [TEST_STEP][PASSED] - scrollToPosition(0, y): Browser is scrolled to position x = 0, y = 10200&#xD;
&#xD;
2019-08-12 17:49:10 - [MESSAGE][PASSED] - Browser is scrolled to position x = 0, y = 10200&#xD;
&#xD;
2019-08-12 17:49:10 - [TEST_STEP][PASSED] - Thread.sleep(3000): null&#xD;
&#xD;
2019-08-12 17:49:13 - [TEST_STEP][PASSED] - callTestCase(findTestCase("mobileWeb/_include/get_screenshot"), [:], STOP_ON_FAILURE): Call Test Case 'Test Cases/mobileWeb/_include/get_screenshot' successfully&#xD;
&#xD;
2019-08-12 17:49:13 - [TEST_CASE][PASSED] - Test Cases/mobileWeb/_include/get_screenshot: Test Cases/mobileWeb/_include/get_screenshot&#xD;
&#xD;
2019-08-12 17:49:13 - [TEST_STEP][PASSED] - takeScreenshot(screenPath + i + ".png"): Taking screenshot successfully&#xD;
&#xD;
2019-08-12 17:49:13 - [MESSAGE][PASSED] - Taking screenshot successfully&#xD;
[[ATTACHMENT|D:\\Test\\AgileTest\\AgileTest\\Reports\\mobileWeb\\plan detail\\20190812_173746\\../Screenshots/iPhone X/Plan Detail/stm_advanthealth 2/20190812_174758/17.png]]&#xD;
&#xD;
2019-08-12 17:49:13 - [TEST_STEP][PASSED] - (internal.GlobalVariable.i++): null&#xD;
&#xD;
2019-08-12 17:49:13 - [MESSAGE][PASSED] - Call Test Case 'Test Cases/mobileWeb/_include/get_screenshot' successfully&#xD;
&#xD;
2019-08-12 17:49:13 - [TEST_STEP][PASSED] - scrollToPosition(0, y): Browser is scrolled to position x = 0, y = 10800&#xD;
&#xD;
2019-08-12 17:49:13 - [MESSAGE][PASSED] - Browser is scrolled to position x = 0, y = 10800&#xD;
&#xD;
2019-08-12 17:49:13 - [TEST_STEP][PASSED] - Thread.sleep(3000): null&#xD;
&#xD;
2019-08-12 17:49:16 - [TEST_STEP][PASSED] - callTestCase(findTestCase("mobileWeb/_include/get_screenshot"), [:], STOP_ON_FAILURE): Call Test Case 'Test Cases/mobileWeb/_include/get_screenshot' successfully&#xD;
&#xD;
2019-08-12 17:49:16 - [TEST_CASE][PASSED] - Test Cases/mobileWeb/_include/get_screenshot: Test Cases/mobileWeb/_include/get_screenshot&#xD;
&#xD;
2019-08-12 17:49:16 - [TEST_STEP][PASSED] - takeScreenshot(screenPath + i + ".png"): Taking screenshot successfully&#xD;
&#xD;
2019-08-12 17:49:17 - [MESSAGE][PASSED] - Taking screenshot successfully&#xD;
[[ATTACHMENT|D:\\Test\\AgileTest\\AgileTest\\Reports\\mobileWeb\\plan detail\\20190812_173746\\../Screenshots/iPhone X/Plan Detail/stm_advanthealth 2/20190812_174758/18.png]]&#xD;
&#xD;
2019-08-12 17:49:17 - [TEST_STEP][PASSED] - (internal.GlobalVariable.i++): null&#xD;
&#xD;
2019-08-12 17:49:17 - [MESSAGE][PASSED] - Call Test Case 'Test Cases/mobileWeb/_include/get_screenshot' successfully&#xD;
&#xD;
2019-08-12 17:49:17 - [TEST_STEP][PASSED] - scrollToPosition(0, y): Browser is scrolled to position x = 0, y = 11400&#xD;
&#xD;
2019-08-12 17:49:17 - [MESSAGE][PASSED] - Browser is scrolled to position x = 0, y = 11400&#xD;
&#xD;
2019-08-12 17:49:17 - [TEST_STEP][PASSED] - Thread.sleep(3000): null&#xD;
&#xD;
2019-08-12 17:49:20 - [TEST_STEP][PASSED] - callTestCase(findTestCase("mobileWeb/_include/get_screenshot"), [:], STOP_ON_FAILURE): Call Test Case 'Test Cases/mobileWeb/_include/get_screenshot' successfully&#xD;
&#xD;
2019-08-12 17:49:20 - [TEST_CASE][PASSED] - Test Cases/mobileWeb/_include/get_screenshot: Test Cases/mobileWeb/_include/get_screenshot&#xD;
&#xD;
2019-08-12 17:49:20 - [TEST_STEP][PASSED] - takeScreenshot(screenPath + i + ".png"): Taking screenshot successfully&#xD;
&#xD;
2019-08-12 17:49:21 - [MESSAGE][PASSED] - Taking screenshot successfully&#xD;
[[ATTACHMENT|D:\\Test\\AgileTest\\AgileTest\\Reports\\mobileWeb\\plan detail\\20190812_173746\\../Screenshots/iPhone X/Plan Detail/stm_advanthealth 2/20190812_174758/19.png]]&#xD;
&#xD;
2019-08-12 17:49:21 - [TEST_STEP][PASSED] - (internal.GlobalVariable.i++): null&#xD;
&#xD;
2019-08-12 17:49:21 - [MESSAGE][PASSED] - Call Test Case 'Test Cases/mobileWeb/_include/get_screenshot' successfully&#xD;
&#xD;
2019-08-12 17:49:21 - [TEST_STEP][PASSED] - scrollToPosition(0, y): Browser is scrolled to position x = 0, y = 12000&#xD;
&#xD;
2019-08-12 17:49:21 - [MESSAGE][PASSED] - Browser is scrolled to position x = 0, y = 12000&#xD;
&#xD;
2019-08-12 17:49:21 - [TEST_STEP][PASSED] - Thread.sleep(3000): null&#xD;
&#xD;
2019-08-12 17:49:24 - [TEST_STEP][PASSED] - callTestCase(findTestCase("mobileWeb/_include/get_screenshot"), [:], STOP_ON_FAILURE): Call Test Case 'Test Cases/mobileWeb/_include/get_screenshot' successfully&#xD;
&#xD;
2019-08-12 17:49:24 - [TEST_CASE][PASSED] - Test Cases/mobileWeb/_include/get_screenshot: Test Cases/mobileWeb/_include/get_screenshot&#xD;
&#xD;
2019-08-12 17:49:24 - [TEST_STEP][PASSED] - takeScreenshot(screenPath + i + ".png"): Taking screenshot successfully&#xD;
&#xD;
2019-08-12 17:49:25 - [MESSAGE][PASSED] - Taking screenshot successfully&#xD;
[[ATTACHMENT|D:\\Test\\AgileTest\\AgileTest\\Reports\\mobileWeb\\plan detail\\20190812_173746\\../Screenshots/iPhone X/Plan Detail/stm_advanthealth 2/20190812_174758/20.png]]&#xD;
&#xD;
2019-08-12 17:49:25 - [TEST_STEP][PASSED] - (internal.GlobalVariable.i++): null&#xD;
&#xD;
2019-08-12 17:49:25 - [MESSAGE][PASSED] - Call Test Case 'Test Cases/mobileWeb/_include/get_screenshot' successfully&#xD;
&#xD;
2019-08-12 17:49:25 - [TEST_STEP][PASSED] - scrollToPosition(0, y): Browser is scrolled to position x = 0, y = 12600&#xD;
&#xD;
2019-08-12 17:49:25 - [MESSAGE][PASSED] - Browser is scrolled to position x = 0, y = 12600&#xD;
&#xD;
2019-08-12 17:49:25 - [TEST_STEP][PASSED] - Thread.sleep(3000): null&#xD;
&#xD;
2019-08-12 17:49:28 - [TEST_STEP][PASSED] - callTestCase(findTestCase("mobileWeb/_include/get_screenshot"), [:], STOP_ON_FAILURE): Call Test Case 'Test Cases/mobileWeb/_include/get_screenshot' successfully&#xD;
&#xD;
2019-08-12 17:49:28 - [TEST_CASE][PASSED] - Test Cases/mobileWeb/_include/get_screenshot: Test Cases/mobileWeb/_include/get_screenshot&#xD;
&#xD;
2019-08-12 17:49:28 - [TEST_STEP][PASSED] - takeScreenshot(screenPath + i + ".png"): Taking screenshot successfully&#xD;
&#xD;
2019-08-12 17:49:28 - [MESSAGE][PASSED] - Taking screenshot successfully&#xD;
[[ATTACHMENT|D:\\Test\\AgileTest\\AgileTest\\Reports\\mobileWeb\\plan detail\\20190812_173746\\../Screenshots/iPhone X/Plan Detail/stm_advanthealth 2/20190812_174758/21.png]]&#xD;
&#xD;
2019-08-12 17:49:29 - [TEST_STEP][PASSED] - (internal.GlobalVariable.i++): null&#xD;
&#xD;
2019-08-12 17:49:29 - [MESSAGE][PASSED] - Call Test Case 'Test Cases/mobileWeb/_include/get_screenshot' successfully&#xD;
&#xD;
2019-08-12 17:49:29 - [TEST_STEP][PASSED] - scrollToPosition(0, y): Browser is scrolled to position x = 0, y = 13200&#xD;
&#xD;
2019-08-12 17:49:29 - [MESSAGE][PASSED] - Browser is scrolled to position x = 0, y = 13200&#xD;
&#xD;
2019-08-12 17:49:29 - [TEST_STEP][PASSED] - Thread.sleep(3000): null&#xD;
&#xD;
2019-08-12 17:49:32 - [TEST_STEP][PASSED] - callTestCase(findTestCase("mobileWeb/_include/get_screenshot"), [:], STOP_ON_FAILURE): Call Test Case 'Test Cases/mobileWeb/_include/get_screenshot' successfully&#xD;
&#xD;
2019-08-12 17:49:32 - [TEST_CASE][PASSED] - Test Cases/mobileWeb/_include/get_screenshot: Test Cases/mobileWeb/_include/get_screenshot&#xD;
&#xD;
2019-08-12 17:49:32 - [TEST_STEP][PASSED] - takeScreenshot(screenPath + i + ".png"): Taking screenshot successfully&#xD;
&#xD;
2019-08-12 17:49:32 - [MESSAGE][PASSED] - Taking screenshot successfully&#xD;
[[ATTACHMENT|D:\\Test\\AgileTest\\AgileTest\\Reports\\mobileWeb\\plan detail\\20190812_173746\\../Screenshots/iPhone X/Plan Detail/stm_advanthealth 2/20190812_174758/22.png]]&#xD;
&#xD;
2019-08-12 17:49:32 - [TEST_STEP][PASSED] - (internal.GlobalVariable.i++): null&#xD;
&#xD;
2019-08-12 17:49:32 - [MESSAGE][PASSED] - Call Test Case 'Test Cases/mobileWeb/_include/get_screenshot' successfully&#xD;
&#xD;
2019-08-12 17:49:32 - [TEST_STEP][PASSED] - scrollToPosition(0, y): Browser is scrolled to position x = 0, y = 13800&#xD;
&#xD;
2019-08-12 17:49:32 - [MESSAGE][PASSED] - Browser is scrolled to position x = 0, y = 13800&#xD;
&#xD;
2019-08-12 17:49:32 - [TEST_STEP][PASSED] - Thread.sleep(3000): null&#xD;
&#xD;
2019-08-12 17:49:35 - [TEST_STEP][PASSED] - callTestCase(findTestCase("mobileWeb/_include/get_screenshot"), [:], STOP_ON_FAILURE): Call Test Case 'Test Cases/mobileWeb/_include/get_screenshot' successfully&#xD;
&#xD;
2019-08-12 17:49:35 - [TEST_CASE][PASSED] - Test Cases/mobileWeb/_include/get_screenshot: Test Cases/mobileWeb/_include/get_screenshot&#xD;
&#xD;
2019-08-12 17:49:35 - [TEST_STEP][PASSED] - takeScreenshot(screenPath + i + ".png"): Taking screenshot successfully&#xD;
&#xD;
2019-08-12 17:49:36 - [MESSAGE][PASSED] - Taking screenshot successfully&#xD;
[[ATTACHMENT|D:\\Test\\AgileTest\\AgileTest\\Reports\\mobileWeb\\plan detail\\20190812_173746\\../Screenshots/iPhone X/Plan Detail/stm_advanthealth 2/20190812_174758/23.png]]&#xD;
&#xD;
2019-08-12 17:49:36 - [TEST_STEP][PASSED] - (internal.GlobalVariable.i++): null&#xD;
&#xD;
2019-08-12 17:49:36 - [MESSAGE][PASSED] - Call Test Case 'Test Cases/mobileWeb/_include/get_screenshot' successfully&#xD;
&#xD;
2019-08-12 17:49:36 - [TEST_STEP][PASSED] - scrollToPosition(0, y): Browser is scrolled to position x = 0, y = 14400&#xD;
&#xD;
2019-08-12 17:49:36 - [MESSAGE][PASSED] - Browser is scrolled to position x = 0, y = 14400&#xD;
&#xD;
2019-08-12 17:49:36 - [TEST_STEP][PASSED] - Thread.sleep(3000): null&#xD;
&#xD;
2019-08-12 17:49:39 - [TEST_STEP][PASSED] - callTestCase(findTestCase("mobileWeb/_include/get_screenshot"), [:], STOP_ON_FAILURE): Call Test Case 'Test Cases/mobileWeb/_include/get_screenshot' successfully&#xD;
&#xD;
2019-08-12 17:49:39 - [TEST_CASE][PASSED] - Test Cases/mobileWeb/_include/get_screenshot: Test Cases/mobileWeb/_include/get_screenshot&#xD;
&#xD;
2019-08-12 17:49:39 - [TEST_STEP][PASSED] - takeScreenshot(screenPath + i + ".png"): Taking screenshot successfully&#xD;
&#xD;
2019-08-12 17:49:40 - [MESSAGE][PASSED] - Taking screenshot successfully&#xD;
[[ATTACHMENT|D:\\Test\\AgileTest\\AgileTest\\Reports\\mobileWeb\\plan detail\\20190812_173746\\../Screenshots/iPhone X/Plan Detail/stm_advanthealth 2/20190812_174758/24.png]]&#xD;
&#xD;
2019-08-12 17:49:40 - [TEST_STEP][PASSED] - (internal.GlobalVariable.i++): null&#xD;
&#xD;
2019-08-12 17:49:40 - [MESSAGE][PASSED] - Call Test Case 'Test Cases/mobileWeb/_include/get_screenshot' successfully&#xD;
&#xD;
2019-08-12 17:49:40 - [TEST_STEP][PASSED] - scrollToPosition(0, y): Browser is scrolled to position x = 0, y = 15000&#xD;
&#xD;
2019-08-12 17:49:40 - [MESSAGE][PASSED] - Browser is scrolled to position x = 0, y = 15000&#xD;
&#xD;
2019-08-12 17:49:40 - [TEST_STEP][PASSED] - Thread.sleep(3000): null&#xD;
&#xD;
2019-08-12 17:49:43 - [TEST_STEP][PASSED] - callTestCase(findTestCase("mobileWeb/_include/get_screenshot"), [:], STOP_ON_FAILURE): Call Test Case 'Test Cases/mobileWeb/_include/get_screenshot' successfully&#xD;
&#xD;
2019-08-12 17:49:43 - [TEST_CASE][PASSED] - Test Cases/mobileWeb/_include/get_screenshot: Test Cases/mobileWeb/_include/get_screenshot&#xD;
&#xD;
2019-08-12 17:49:43 - [TEST_STEP][PASSED] - takeScreenshot(screenPath + i + ".png"): Taking screenshot successfully&#xD;
&#xD;
2019-08-12 17:49:44 - [MESSAGE][PASSED] - Taking screenshot successfully&#xD;
[[ATTACHMENT|D:\\Test\\AgileTest\\AgileTest\\Reports\\mobileWeb\\plan detail\\20190812_173746\\../Screenshots/iPhone X/Plan Detail/stm_advanthealth 2/20190812_174758/25.png]]&#xD;
&#xD;
2019-08-12 17:49:44 - [TEST_STEP][PASSED] - (internal.GlobalVariable.i++): null&#xD;
&#xD;
2019-08-12 17:49:44 - [MESSAGE][PASSED] - Call Test Case 'Test Cases/mobileWeb/_include/get_screenshot' successfully&#xD;
&#xD;
2019-08-12 17:49:44 - [TEST_STEP][PASSED] - scrollToPosition(0, y): Browser is scrolled to position x = 0, y = 15600&#xD;
&#xD;
2019-08-12 17:49:44 - [MESSAGE][PASSED] - Browser is scrolled to position x = 0, y = 15600&#xD;
&#xD;
2019-08-12 17:49:44 - [TEST_STEP][PASSED] - Thread.sleep(3000): null&#xD;
&#xD;
2019-08-12 17:49:47 - [TEST_STEP][PASSED] - callTestCase(findTestCase("mobileWeb/_include/get_screenshot"), [:], STOP_ON_FAILURE): Call Test Case 'Test Cases/mobileWeb/_include/get_screenshot' successfully&#xD;
&#xD;
2019-08-12 17:49:47 - [TEST_CASE][PASSED] - Test Cases/mobileWeb/_include/get_screenshot: Test Cases/mobileWeb/_include/get_screenshot&#xD;
&#xD;
2019-08-12 17:49:47 - [TEST_STEP][PASSED] - takeScreenshot(screenPath + i + ".png"): Taking screenshot successfully&#xD;
&#xD;
2019-08-12 17:49:48 - [MESSAGE][PASSED] - Taking screenshot successfully&#xD;
[[ATTACHMENT|D:\\Test\\AgileTest\\AgileTest\\Reports\\mobileWeb\\plan detail\\20190812_173746\\../Screenshots/iPhone X/Plan Detail/stm_advanthealth 2/20190812_174758/26.png]]&#xD;
&#xD;
2019-08-12 17:49:48 - [TEST_STEP][PASSED] - (internal.GlobalVariable.i++): null&#xD;
&#xD;
2019-08-12 17:49:48 - [MESSAGE][PASSED] - Call Test Case 'Test Cases/mobileWeb/_include/get_screenshot' successfully&#xD;
&#xD;
2019-08-12 17:49:48 - [TEST_STEP][PASSED] - scrollToPosition(0, y): Browser is scrolled to position x = 0, y = 16200&#xD;
&#xD;
2019-08-12 17:49:48 - [MESSAGE][PASSED] - Browser is scrolled to position x = 0, y = 16200&#xD;
&#xD;
2019-08-12 17:49:48 - [TEST_STEP][PASSED] - Thread.sleep(3000): null&#xD;
&#xD;
2019-08-12 17:49:51 - [TEST_STEP][PASSED] - callTestCase(findTestCase("mobileWeb/_include/get_screenshot"), [:], STOP_ON_FAILURE): Call Test Case 'Test Cases/mobileWeb/_include/get_screenshot' successfully&#xD;
&#xD;
2019-08-12 17:49:51 - [TEST_CASE][PASSED] - Test Cases/mobileWeb/_include/get_screenshot: Test Cases/mobileWeb/_include/get_screenshot&#xD;
&#xD;
2019-08-12 17:49:51 - [TEST_STEP][PASSED] - takeScreenshot(screenPath + i + ".png"): Taking screenshot successfully&#xD;
&#xD;
2019-08-12 17:49:51 - [MESSAGE][PASSED] - Taking screenshot successfully&#xD;
[[ATTACHMENT|D:\\Test\\AgileTest\\AgileTest\\Reports\\mobileWeb\\plan detail\\20190812_173746\\../Screenshots/iPhone X/Plan Detail/stm_advanthealth 2/20190812_174758/27.png]]&#xD;
&#xD;
2019-08-12 17:49:51 - [TEST_STEP][PASSED] - (internal.GlobalVariable.i++): null&#xD;
&#xD;
2019-08-12 17:49:51 - [MESSAGE][PASSED] - Call Test Case 'Test Cases/mobileWeb/_include/get_screenshot' successfully&#xD;
&#xD;
2019-08-12 17:49:51 - [TEST_STEP][PASSED] - scrollToPosition(0, y): Browser is scrolled to position x = 0, y = 16800&#xD;
&#xD;
2019-08-12 17:49:51 - [MESSAGE][PASSED] - Browser is scrolled to position x = 0, y = 16800&#xD;
&#xD;
2019-08-12 17:49:51 - [TEST_STEP][PASSED] - Thread.sleep(3000): null&#xD;
&#xD;
2019-08-12 17:49:54 - [TEST_STEP][PASSED] - callTestCase(findTestCase("mobileWeb/_include/get_screenshot"), [:], STOP_ON_FAILURE): Call Test Case 'Test Cases/mobileWeb/_include/get_screenshot' successfully&#xD;
&#xD;
2019-08-12 17:49:54 - [TEST_CASE][PASSED] - Test Cases/mobileWeb/_include/get_screenshot: Test Cases/mobileWeb/_include/get_screenshot&#xD;
&#xD;
2019-08-12 17:49:54 - [TEST_STEP][PASSED] - takeScreenshot(screenPath + i + ".png"): Taking screenshot successfully&#xD;
&#xD;
2019-08-12 17:49:55 - [MESSAGE][PASSED] - Taking screenshot successfully&#xD;
[[ATTACHMENT|D:\\Test\\AgileTest\\AgileTest\\Reports\\mobileWeb\\plan detail\\20190812_173746\\../Screenshots/iPhone X/Plan Detail/stm_advanthealth 2/20190812_174758/28.png]]&#xD;
&#xD;
2019-08-12 17:49:55 - [TEST_STEP][PASSED] - (internal.GlobalVariable.i++): null&#xD;
&#xD;
2019-08-12 17:49:55 - [MESSAGE][PASSED] - Call Test Case 'Test Cases/mobileWeb/_include/get_screenshot' successfully&#xD;
&#xD;
2019-08-12 17:49:55 - [TEST_STEP][PASSED] - scrollToPosition(0, y): Browser is scrolled to position x = 0, y = 17400&#xD;
&#xD;
2019-08-12 17:49:55 - [MESSAGE][PASSED] - Browser is scrolled to position x = 0, y = 17400&#xD;
&#xD;
2019-08-12 17:49:55 - [TEST_STEP][PASSED] - Thread.sleep(3000): null&#xD;
&#xD;
2019-08-12 17:49:58 - [TEST_STEP][PASSED] - callTestCase(findTestCase("mobileWeb/_include/get_screenshot"), [:], STOP_ON_FAILURE): Call Test Case 'Test Cases/mobileWeb/_include/get_screenshot' successfully&#xD;
&#xD;
2019-08-12 17:49:58 - [TEST_CASE][PASSED] - Test Cases/mobileWeb/_include/get_screenshot: Test Cases/mobileWeb/_include/get_screenshot&#xD;
&#xD;
2019-08-12 17:49:58 - [TEST_STEP][PASSED] - takeScreenshot(screenPath + i + ".png"): Taking screenshot successfully&#xD;
&#xD;
2019-08-12 17:49:59 - [MESSAGE][PASSED] - Taking screenshot successfully&#xD;
[[ATTACHMENT|D:\\Test\\AgileTest\\AgileTest\\Reports\\mobileWeb\\plan detail\\20190812_173746\\../Screenshots/iPhone X/Plan Detail/stm_advanthealth 2/20190812_174758/29.png]]&#xD;
&#xD;
2019-08-12 17:49:59 - [TEST_STEP][PASSED] - (internal.GlobalVariable.i++): null&#xD;
&#xD;
2019-08-12 17:49:59 - [MESSAGE][PASSED] - Call Test Case 'Test Cases/mobileWeb/_include/get_screenshot' successfully&#xD;
&#xD;
2019-08-12 17:49:59 - [TEST_STEP][PASSED] - scrollToPosition(0, y): Browser is scrolled to position x = 0, y = 18000&#xD;
&#xD;
2019-08-12 17:49:59 - [MESSAGE][PASSED] - Browser is scrolled to position x = 0, y = 18000&#xD;
&#xD;
2019-08-12 17:49:59 - [TEST_STEP][PASSED] - Thread.sleep(3000): null&#xD;
&#xD;
2019-08-12 17:50:02 - [TEST_STEP][PASSED] - callTestCase(findTestCase("mobileWeb/_include/get_screenshot"), [:], STOP_ON_FAILURE): Call Test Case 'Test Cases/mobileWeb/_include/get_screenshot' successfully&#xD;
&#xD;
2019-08-12 17:50:02 - [TEST_CASE][PASSED] - Test Cases/mobileWeb/_include/get_screenshot: Test Cases/mobileWeb/_include/get_screenshot&#xD;
&#xD;
2019-08-12 17:50:02 - [TEST_STEP][PASSED] - takeScreenshot(screenPath + i + ".png"): Taking screenshot successfully&#xD;
&#xD;
2019-08-12 17:50:03 - [MESSAGE][PASSED] - Taking screenshot successfully&#xD;
[[ATTACHMENT|D:\\Test\\AgileTest\\AgileTest\\Reports\\mobileWeb\\plan detail\\20190812_173746\\../Screenshots/iPhone X/Plan Detail/stm_advanthealth 2/20190812_174758/30.png]]&#xD;
&#xD;
2019-08-12 17:50:03 - [TEST_STEP][PASSED] - (internal.GlobalVariable.i++): null&#xD;
&#xD;
2019-08-12 17:50:03 - [MESSAGE][PASSED] - Call Test Case 'Test Cases/mobileWeb/_include/get_screenshot' successfully&#xD;
&#xD;
2019-08-12 17:50:03 - [TEST_STEP][PASSED] - scrollToPosition(0, y): Browser is scrolled to position x = 0, y = 18600&#xD;
&#xD;
2019-08-12 17:50:03 - [MESSAGE][PASSED] - Browser is scrolled to position x = 0, y = 18600&#xD;
&#xD;
2019-08-12 17:50:03 - [TEST_STEP][PASSED] - Thread.sleep(3000): null&#xD;
&#xD;
2019-08-12 17:50:06 - [TEST_STEP][PASSED] - callTestCase(findTestCase("mobileWeb/_include/get_screenshot"), [:], STOP_ON_FAILURE): Call Test Case 'Test Cases/mobileWeb/_include/get_screenshot' successfully&#xD;
&#xD;
2019-08-12 17:50:06 - [TEST_CASE][PASSED] - Test Cases/mobileWeb/_include/get_screenshot: Test Cases/mobileWeb/_include/get_screenshot&#xD;
&#xD;
2019-08-12 17:50:06 - [TEST_STEP][PASSED] - takeScreenshot(screenPath + i + ".png"): Taking screenshot successfully&#xD;
&#xD;
2019-08-12 17:50:07 - [MESSAGE][PASSED] - Taking screenshot successfully&#xD;
[[ATTACHMENT|D:\\Test\\AgileTest\\AgileTest\\Reports\\mobileWeb\\plan detail\\20190812_173746\\../Screenshots/iPhone X/Plan Detail/stm_advanthealth 2/20190812_174758/31.png]]&#xD;
&#xD;
2019-08-12 17:50:07 - [TEST_STEP][PASSED] - (internal.GlobalVariable.i++): null&#xD;
&#xD;
2019-08-12 17:50:07 - [MESSAGE][PASSED] - Call Test Case 'Test Cases/mobileWeb/_include/get_screenshot' successfully&#xD;
&#xD;
2019-08-12 17:50:07 - [TEST_STEP][PASSED] - scrollToPosition(0, y): Browser is scrolled to position x = 0, y = 19200&#xD;
&#xD;
2019-08-12 17:50:07 - [MESSAGE][PASSED] - Browser is scrolled to position x = 0, y = 19200&#xD;
&#xD;
2019-08-12 17:50:07 - [TEST_STEP][PASSED] - Thread.sleep(3000): null&#xD;
&#xD;
2019-08-12 17:50:10 - [TEST_STEP][PASSED] - callTestCase(findTestCase("mobileWeb/_include/get_screenshot"), [:], STOP_ON_FAILURE): Call Test Case 'Test Cases/mobileWeb/_include/get_screenshot' successfully&#xD;
&#xD;
2019-08-12 17:50:10 - [TEST_CASE][PASSED] - Test Cases/mobileWeb/_include/get_screenshot: Test Cases/mobileWeb/_include/get_screenshot&#xD;
&#xD;
2019-08-12 17:50:10 - [TEST_STEP][PASSED] - takeScreenshot(screenPath + i + ".png"): Taking screenshot successfully&#xD;
&#xD;
2019-08-12 17:50:10 - [MESSAGE][PASSED] - Taking screenshot successfully&#xD;
[[ATTACHMENT|D:\\Test\\AgileTest\\AgileTest\\Reports\\mobileWeb\\plan detail\\20190812_173746\\../Screenshots/iPhone X/Plan Detail/stm_advanthealth 2/20190812_174758/32.png]]&#xD;
&#xD;
2019-08-12 17:50:10 - [TEST_STEP][PASSED] - (internal.GlobalVariable.i++): null&#xD;
&#xD;
2019-08-12 17:50:10 - [MESSAGE][PASSED] - Call Test Case 'Test Cases/mobileWeb/_include/get_screenshot' successfully&#xD;
&#xD;
2019-08-12 17:50:10 - [TEST_STEP][PASSED] - scrollToPosition(0, y): Browser is scrolled to position x = 0, y = 19800&#xD;
&#xD;
2019-08-12 17:50:11 - [MESSAGE][PASSED] - Browser is scrolled to position x = 0, y = 19800&#xD;
&#xD;
2019-08-12 17:50:11 - [TEST_STEP][PASSED] - Thread.sleep(3000): null&#xD;
&#xD;
2019-08-12 17:50:14 - [TEST_STEP][PASSED] - callTestCase(findTestCase("mobileWeb/_include/get_screenshot"), [:], STOP_ON_FAILURE): Call Test Case 'Test Cases/mobileWeb/_include/get_screenshot' successfully&#xD;
&#xD;
2019-08-12 17:50:14 - [TEST_CASE][PASSED] - Test Cases/mobileWeb/_include/get_screenshot: Test Cases/mobileWeb/_include/get_screenshot&#xD;
&#xD;
2019-08-12 17:50:14 - [TEST_STEP][PASSED] - takeScreenshot(screenPath + i + ".png"): Taking screenshot successfully&#xD;
&#xD;
2019-08-12 17:50:14 - [MESSAGE][PASSED] - Taking screenshot successfully&#xD;
[[ATTACHMENT|D:\\Test\\AgileTest\\AgileTest\\Reports\\mobileWeb\\plan detail\\20190812_173746\\../Screenshots/iPhone X/Plan Detail/stm_advanthealth 2/20190812_174758/33.png]]&#xD;
&#xD;
2019-08-12 17:50:14 - [TEST_STEP][PASSED] - (internal.GlobalVariable.i++): null&#xD;
&#xD;
2019-08-12 17:50:14 - [MESSAGE][PASSED] - Call Test Case 'Test Cases/mobileWeb/_include/get_screenshot' successfully&#xD;
&#xD;
2019-08-12 17:50:14 - [TEST_STEP][PASSED] - scrollToPosition(0, y): Browser is scrolled to position x = 0, y = 20400&#xD;
&#xD;
2019-08-12 17:50:14 - [MESSAGE][PASSED] - Browser is scrolled to position x = 0, y = 20400&#xD;
&#xD;
2019-08-12 17:50:14 - [TEST_STEP][PASSED] - Thread.sleep(3000): null&#xD;
&#xD;
2019-08-12 17:50:17 - [TEST_STEP][PASSED] - callTestCase(findTestCase("mobileWeb/_include/get_screenshot"), [:], STOP_ON_FAILURE): Call Test Case 'Test Cases/mobileWeb/_include/get_screenshot' successfully&#xD;
&#xD;
2019-08-12 17:50:17 - [TEST_CASE][PASSED] - Test Cases/mobileWeb/_include/get_screenshot: Test Cases/mobileWeb/_include/get_screenshot&#xD;
&#xD;
2019-08-12 17:50:17 - [TEST_STEP][PASSED] - takeScreenshot(screenPath + i + ".png"): Taking screenshot successfully&#xD;
&#xD;
2019-08-12 17:50:18 - [MESSAGE][PASSED] - Taking screenshot successfully&#xD;
[[ATTACHMENT|D:\\Test\\AgileTest\\AgileTest\\Reports\\mobileWeb\\plan detail\\20190812_173746\\../Screenshots/iPhone X/Plan Detail/stm_advanthealth 2/20190812_174758/34.png]]&#xD;
&#xD;
2019-08-12 17:50:18 - [TEST_STEP][PASSED] - (internal.GlobalVariable.i++): null&#xD;
&#xD;
2019-08-12 17:50:18 - [MESSAGE][PASSED] - Call Test Case 'Test Cases/mobileWeb/_include/get_screenshot' successfully&#xD;
&#xD;
2019-08-12 17:50:18 - [TEST_STEP][PASSED] - scrollToPosition(0, y): Browser is scrolled to position x = 0, y = 21000&#xD;
&#xD;
2019-08-12 17:50:18 - [MESSAGE][PASSED] - Browser is scrolled to position x = 0, y = 21000&#xD;
&#xD;
2019-08-12 17:50:18 - [TEST_STEP][PASSED] - Thread.sleep(3000): null&#xD;
&#xD;
2019-08-12 17:50:21 - [TEST_STEP][PASSED] - callTestCase(findTestCase("mobileWeb/_include/get_screenshot"), [:], STOP_ON_FAILURE): Call Test Case 'Test Cases/mobileWeb/_include/get_screenshot' successfully&#xD;
&#xD;
2019-08-12 17:50:21 - [TEST_CASE][PASSED] - Test Cases/mobileWeb/_include/get_screenshot: Test Cases/mobileWeb/_include/get_screenshot&#xD;
&#xD;
2019-08-12 17:50:21 - [TEST_STEP][PASSED] - takeScreenshot(screenPath + i + ".png"): Taking screenshot successfully&#xD;
&#xD;
2019-08-12 17:50:22 - [MESSAGE][PASSED] - Taking screenshot successfully&#xD;
[[ATTACHMENT|D:\\Test\\AgileTest\\AgileTest\\Reports\\mobileWeb\\plan detail\\20190812_173746\\../Screenshots/iPhone X/Plan Detail/stm_advanthealth 2/20190812_174758/35.png]]&#xD;
&#xD;
2019-08-12 17:50:22 - [TEST_STEP][PASSED] - (internal.GlobalVariable.i++): null&#xD;
&#xD;
2019-08-12 17:50:22 - [MESSAGE][PASSED] - Call Test Case 'Test Cases/mobileWeb/_include/get_screenshot' successfully&#xD;
&#xD;
2019-08-12 17:50:22 - [TEST_STEP][PASSED] - scrollToPosition(0, y): Browser is scrolled to position x = 0, y = 21600&#xD;
&#xD;
2019-08-12 17:50:22 - [MESSAGE][PASSED] - Browser is scrolled to position x = 0, y = 21600&#xD;
&#xD;
2019-08-12 17:50:22 - [TEST_STEP][PASSED] - Thread.sleep(3000): null&#xD;
&#xD;
2019-08-12 17:50:25 - [TEST_STEP][PASSED] - callTestCase(findTestCase("mobileWeb/_include/get_screenshot"), [:], STOP_ON_FAILURE): Call Test Case 'Test Cases/mobileWeb/_include/get_screenshot' successfully&#xD;
&#xD;
2019-08-12 17:50:25 - [TEST_CASE][PASSED] - Test Cases/mobileWeb/_include/get_screenshot: Test Cases/mobileWeb/_include/get_screenshot&#xD;
&#xD;
2019-08-12 17:50:25 - [TEST_STEP][PASSED] - takeScreenshot(screenPath + i + ".png"): Taking screenshot successfully&#xD;
&#xD;
2019-08-12 17:50:25 - [MESSAGE][PASSED] - Taking screenshot successfully&#xD;
[[ATTACHMENT|D:\\Test\\AgileTest\\AgileTest\\Reports\\mobileWeb\\plan detail\\20190812_173746\\../Screenshots/iPhone X/Plan Detail/stm_advanthealth 2/20190812_174758/36.png]]&#xD;
&#xD;
2019-08-12 17:50:25 - [TEST_STEP][PASSED] - (internal.GlobalVariable.i++): null&#xD;
&#xD;
2019-08-12 17:50:25 - [MESSAGE][PASSED] - Call Test Case 'Test Cases/mobileWeb/_include/get_screenshot' successfully&#xD;
&#xD;
2019-08-12 17:50:25 - [TEST_STEP][PASSED] - scrollToPosition(0, y): Browser is scrolled to position x = 0, y = 22200&#xD;
&#xD;
2019-08-12 17:50:26 - [MESSAGE][PASSED] - Browser is scrolled to position x = 0, y = 22200&#xD;
&#xD;
2019-08-12 17:50:26 - [TEST_STEP][PASSED] - Thread.sleep(3000): null&#xD;
&#xD;
2019-08-12 17:50:29 - [TEST_STEP][PASSED] - callTestCase(findTestCase("mobileWeb/_include/get_screenshot"), [:], STOP_ON_FAILURE): Call Test Case 'Test Cases/mobileWeb/_include/get_screenshot' successfully&#xD;
&#xD;
2019-08-12 17:50:29 - [TEST_CASE][PASSED] - Test Cases/mobileWeb/_include/get_screenshot: Test Cases/mobileWeb/_include/get_screenshot&#xD;
&#xD;
2019-08-12 17:50:29 - [TEST_STEP][PASSED] - takeScreenshot(screenPath + i + ".png"): Taking screenshot successfully&#xD;
&#xD;
2019-08-12 17:50:29 - [MESSAGE][PASSED] - Taking screenshot successfully&#xD;
[[ATTACHMENT|D:\\Test\\AgileTest\\AgileTest\\Reports\\mobileWeb\\plan detail\\20190812_173746\\../Screenshots/iPhone X/Plan Detail/stm_advanthealth 2/20190812_174758/37.png]]&#xD;
&#xD;
2019-08-12 17:50:29 - [TEST_STEP][PASSED] - (internal.GlobalVariable.i++): null&#xD;
&#xD;
2019-08-12 17:50:29 - [MESSAGE][PASSED] - Call Test Case 'Test Cases/mobileWeb/_include/get_screenshot' successfully&#xD;
&#xD;
2019-08-12 17:50:29 - [TEST_STEP][PASSED] - scrollToPosition(0, y): Browser is scrolled to position x = 0, y = 22800&#xD;
&#xD;
2019-08-12 17:50:29 - [MESSAGE][PASSED] - Browser is scrolled to position x = 0, y = 22800&#xD;
&#xD;
2019-08-12 17:50:29 - [TEST_STEP][PASSED] - Thread.sleep(3000): null&#xD;
&#xD;
2019-08-12 17:50:32 - [TEST_STEP][PASSED] - callTestCase(findTestCase("mobileWeb/_include/get_screenshot"), [:], STOP_ON_FAILURE): Call Test Case 'Test Cases/mobileWeb/_include/get_screenshot' successfully&#xD;
&#xD;
2019-08-12 17:50:32 - [TEST_CASE][PASSED] - Test Cases/mobileWeb/_include/get_screenshot: Test Cases/mobileWeb/_include/get_screenshot&#xD;
&#xD;
2019-08-12 17:50:32 - [TEST_STEP][PASSED] - takeScreenshot(screenPath + i + ".png"): Taking screenshot successfully&#xD;
&#xD;
2019-08-12 17:50:33 - [MESSAGE][PASSED] - Taking screenshot successfully&#xD;
[[ATTACHMENT|D:\\Test\\AgileTest\\AgileTest\\Reports\\mobileWeb\\plan detail\\20190812_173746\\../Screenshots/iPhone X/Plan Detail/stm_advanthealth 2/20190812_174758/38.png]]&#xD;
&#xD;
2019-08-12 17:50:33 - [TEST_STEP][PASSED] - (internal.GlobalVariable.i++): null&#xD;
&#xD;
2019-08-12 17:50:33 - [MESSAGE][PASSED] - Call Test Case 'Test Cases/mobileWeb/_include/get_screenshot' successfully&#xD;
&#xD;
2019-08-12 17:50:33 - [TEST_STEP][PASSED] - scrollToPosition(0, y): Browser is scrolled to position x = 0, y = 23400&#xD;
&#xD;
2019-08-12 17:50:33 - [MESSAGE][PASSED] - Browser is scrolled to position x = 0, y = 23400&#xD;
&#xD;
2019-08-12 17:50:33 - [TEST_STEP][PASSED] - Thread.sleep(3000): null&#xD;
&#xD;
2019-08-12 17:50:36 - [TEST_STEP][PASSED] - callTestCase(findTestCase("mobileWeb/_include/get_screenshot"), [:], STOP_ON_FAILURE): Call Test Case 'Test Cases/mobileWeb/_include/get_screenshot' successfully&#xD;
&#xD;
2019-08-12 17:50:36 - [TEST_CASE][PASSED] - Test Cases/mobileWeb/_include/get_screenshot: Test Cases/mobileWeb/_include/get_screenshot&#xD;
&#xD;
2019-08-12 17:50:36 - [TEST_STEP][PASSED] - takeScreenshot(screenPath + i + ".png"): Taking screenshot successfully&#xD;
&#xD;
2019-08-12 17:50:37 - [MESSAGE][PASSED] - Taking screenshot successfully&#xD;
[[ATTACHMENT|D:\\Test\\AgileTest\\AgileTest\\Reports\\mobileWeb\\plan detail\\20190812_173746\\../Screenshots/iPhone X/Plan Detail/stm_advanthealth 2/20190812_174758/39.png]]&#xD;
&#xD;
2019-08-12 17:50:37 - [TEST_STEP][PASSED] - (internal.GlobalVariable.i++): null&#xD;
&#xD;
2019-08-12 17:50:37 - [MESSAGE][PASSED] - Call Test Case 'Test Cases/mobileWeb/_include/get_screenshot' successfully&#xD;
&#xD;
2019-08-12 17:50:37 - [TEST_STEP][PASSED] - scrollToPosition(0, y): Browser is scrolled to position x = 0, y = 24000&#xD;
&#xD;
2019-08-12 17:50:37 - [MESSAGE][PASSED] - Browser is scrolled to position x = 0, y = 24000&#xD;
&#xD;
2019-08-12 17:50:37 - [TEST_STEP][PASSED] - Thread.sleep(3000): null&#xD;
&#xD;
2019-08-12 17:50:40 - [TEST_STEP][PASSED] - callTestCase(findTestCase("mobileWeb/_include/get_screenshot"), [:], STOP_ON_FAILURE): Call Test Case 'Test Cases/mobileWeb/_include/get_screenshot' successfully&#xD;
&#xD;
2019-08-12 17:50:40 - [TEST_CASE][PASSED] - Test Cases/mobileWeb/_include/get_screenshot: Test Cases/mobileWeb/_include/get_screenshot&#xD;
&#xD;
2019-08-12 17:50:40 - [TEST_STEP][PASSED] - takeScreenshot(screenPath + i + ".png"): Taking screenshot successfully&#xD;
&#xD;
2019-08-12 17:50:40 - [MESSAGE][PASSED] - Taking screenshot successfully&#xD;
[[ATTACHMENT|D:\\Test\\AgileTest\\AgileTest\\Reports\\mobileWeb\\plan detail\\20190812_173746\\../Screenshots/iPhone X/Plan Detail/stm_advanthealth 2/20190812_174758/40.png]]&#xD;
&#xD;
2019-08-12 17:50:40 - [TEST_STEP][PASSED] - (internal.GlobalVariable.i++): null&#xD;
&#xD;
2019-08-12 17:50:40 - [MESSAGE][PASSED] - Call Test Case 'Test Cases/mobileWeb/_include/get_screenshot' successfully&#xD;
&#xD;
2019-08-12 17:50:40 - [TEST_STEP][PASSED] - scrollToPosition(0, y): Browser is scrolled to position x = 0, y = 24600&#xD;
&#xD;
2019-08-12 17:50:40 - [MESSAGE][PASSED] - Browser is scrolled to position x = 0, y = 24600&#xD;
&#xD;
2019-08-12 17:50:40 - [TEST_STEP][PASSED] - Thread.sleep(3000): null&#xD;
&#xD;
2019-08-12 17:50:43 - [TEST_STEP][PASSED] - callTestCase(findTestCase("mobileWeb/_include/get_screenshot"), [:], STOP_ON_FAILURE): Call Test Case 'Test Cases/mobileWeb/_include/get_screenshot' successfully&#xD;
&#xD;
2019-08-12 17:50:44 - [TEST_CASE][PASSED] - Test Cases/mobileWeb/_include/get_screenshot: Test Cases/mobileWeb/_include/get_screenshot&#xD;
&#xD;
2019-08-12 17:50:44 - [TEST_STEP][PASSED] - takeScreenshot(screenPath + i + ".png"): Taking screenshot successfully&#xD;
&#xD;
2019-08-12 17:50:44 - [MESSAGE][PASSED] - Taking screenshot successfully&#xD;
[[ATTACHMENT|D:\\Test\\AgileTest\\AgileTest\\Reports\\mobileWeb\\plan detail\\20190812_173746\\../Screenshots/iPhone X/Plan Detail/stm_advanthealth 2/20190812_174758/41.png]]&#xD;
&#xD;
2019-08-12 17:50:44 - [TEST_STEP][PASSED] - (internal.GlobalVariable.i++): null&#xD;
&#xD;
2019-08-12 17:50:44 - [MESSAGE][PASSED] - Call Test Case 'Test Cases/mobileWeb/_include/get_screenshot' successfully&#xD;
&#xD;
2019-08-12 17:50:44 - [TEST_STEP][PASSED] - scrollToPosition(0, y): Browser is scrolled to position x = 0, y = 25200&#xD;
&#xD;
2019-08-12 17:50:44 - [MESSAGE][PASSED] - Browser is scrolled to position x = 0, y = 25200&#xD;
&#xD;
2019-08-12 17:50:44 - [TEST_STEP][PASSED] - Thread.sleep(3000): null&#xD;
&#xD;
2019-08-12 17:50:47 - [TEST_STEP][PASSED] - callTestCase(findTestCase("mobileWeb/_include/get_screenshot"), [:], STOP_ON_FAILURE): Call Test Case 'Test Cases/mobileWeb/_include/get_screenshot' successfully&#xD;
&#xD;
2019-08-12 17:50:47 - [TEST_CASE][PASSED] - Test Cases/mobileWeb/_include/get_screenshot: Test Cases/mobileWeb/_include/get_screenshot&#xD;
&#xD;
2019-08-12 17:50:47 - [TEST_STEP][PASSED] - takeScreenshot(screenPath + i + ".png"): Taking screenshot successfully&#xD;
&#xD;
2019-08-12 17:50:48 - [MESSAGE][PASSED] - Taking screenshot successfully&#xD;
[[ATTACHMENT|D:\\Test\\AgileTest\\AgileTest\\Reports\\mobileWeb\\plan detail\\20190812_173746\\../Screenshots/iPhone X/Plan Detail/stm_advanthealth 2/20190812_174758/42.png]]&#xD;
&#xD;
2019-08-12 17:50:48 - [TEST_STEP][PASSED] - (internal.GlobalVariable.i++): null&#xD;
&#xD;
2019-08-12 17:50:48 - [MESSAGE][PASSED] - Call Test Case 'Test Cases/mobileWeb/_include/get_screenshot' successfully&#xD;
&#xD;
2019-08-12 17:50:48 - [TEST_STEP][PASSED] - scrollToPosition(0, y): Browser is scrolled to position x = 0, y = 25800&#xD;
&#xD;
2019-08-12 17:50:48 - [MESSAGE][PASSED] - Browser is scrolled to position x = 0, y = 25800&#xD;
&#xD;
2019-08-12 17:50:48 - [TEST_STEP][PASSED] - Thread.sleep(3000): null&#xD;
&#xD;
2019-08-12 17:50:51 - [TEST_STEP][PASSED] - callTestCase(findTestCase("mobileWeb/_include/get_screenshot"), [:], STOP_ON_FAILURE): Call Test Case 'Test Cases/mobileWeb/_include/get_screenshot' successfully&#xD;
&#xD;
2019-08-12 17:50:51 - [TEST_CASE][PASSED] - Test Cases/mobileWeb/_include/get_screenshot: Test Cases/mobileWeb/_include/get_screenshot&#xD;
&#xD;
2019-08-12 17:50:51 - [TEST_STEP][PASSED] - takeScreenshot(screenPath + i + ".png"): Taking screenshot successfully&#xD;
&#xD;
2019-08-12 17:50:52 - [MESSAGE][PASSED] - Taking screenshot successfully&#xD;
[[ATTACHMENT|D:\\Test\\AgileTest\\AgileTest\\Reports\\mobileWeb\\plan detail\\20190812_173746\\../Screenshots/iPhone X/Plan Detail/stm_advanthealth 2/20190812_174758/43.png]]&#xD;
&#xD;
2019-08-12 17:50:52 - [TEST_STEP][PASSED] - (internal.GlobalVariable.i++): null&#xD;
&#xD;
2019-08-12 17:50:52 - [MESSAGE][PASSED] - Call Test Case 'Test Cases/mobileWeb/_include/get_screenshot' successfully&#xD;
&#xD;
2019-08-12 17:50:52 - [TEST_STEP][PASSED] - scrollToPosition(0, y): Browser is scrolled to position x = 0, y = 26400&#xD;
&#xD;
2019-08-12 17:50:52 - [MESSAGE][PASSED] - Browser is scrolled to position x = 0, y = 26400&#xD;
&#xD;
2019-08-12 17:50:52 - [TEST_STEP][PASSED] - Thread.sleep(3000): null&#xD;
&#xD;
2019-08-12 17:50:55 - [MESSAGE][PASSED] - Call Test Case 'Test Cases/mobileWeb/_include/get_scrollScreenshot' successfully</system-out>
            <system-err></system-err>
        </testcase>
        <testcase name="Test Cases/mobileWeb/Other Pages Check/Plan Detail/stm/advanthealth 3" classname="Test Cases/mobileWeb/Other Pages Check/Plan Detail/stm/advanthealth 3" status="PASSED">
            <system-out>2019-08-12 17:50:55 - [TEST_CASE][PASSED] - Test Cases/mobileWeb/Other Pages Check/Plan Detail/stm/advanthealth 3: Test Cases/mobileWeb/Other Pages Check/Plan Detail/stm/advanthealth 3&#xD;
&#xD;
2019-08-12 17:50:55 - [TEST_STEP][PASSED] - callTestCase(findTestCase("mobileWeb/_include/get_screenPath"), ["productLine":"Plan Detail", "carrierName":"stm_advanthealth 3"], CONTINUE_ON_FAILURE): Call Test Case 'Test Cases/mobileWeb/_include/get_screenPath' successfully&#xD;
&#xD;
2019-08-12 17:50:55 - [TEST_CASE][PASSED] - Test Cases/mobileWeb/_include/get_screenPath: Test Cases/mobileWeb/_include/get_screenPath&#xD;
&#xD;
2019-08-12 17:50:55 - [TEST_STEP][PASSED] - m = getExecutionProperties(): null&#xD;
&#xD;
2019-08-12 17:50:55 - [TEST_STEP][PASSED] - deviceName = get("mobileEmulation").get("deviceName"): null&#xD;
&#xD;
2019-08-12 17:50:55 - [TEST_STEP][PASSED] - println(deviceName): null&#xD;
&#xD;
2019-08-12 17:50:55 - [TEST_STEP][PASSED] - now = new java.util.Date(): null&#xD;
&#xD;
2019-08-12 17:50:55 - [TEST_STEP][PASSED] - mydate = now.format("yyyyMMdd_HHmmss"): null&#xD;
&#xD;
2019-08-12 17:50:55 - [TEST_STEP][PASSED] - screenPath = "../Screenshots/": null&#xD;
&#xD;
2019-08-12 17:50:55 - [TEST_STEP][PASSED] - screenPath = screenPath + deviceName + "/" + productLine + "/" + carrierName + "/" + mydate + "/": null&#xD;
&#xD;
2019-08-12 17:50:55 - [TEST_STEP][PASSED] - println(screenPath): null&#xD;
&#xD;
2019-08-12 17:50:55 - [MESSAGE][PASSED] - Call Test Case 'Test Cases/mobileWeb/_include/get_screenPath' successfully&#xD;
&#xD;
2019-08-12 17:50:55 - [TEST_STEP][PASSED] - i = 0: null&#xD;
&#xD;
2019-08-12 17:50:55 - [TEST_STEP][PASSED] - openBrowser("https://praetemptatus.agilehealthinsurance.com/term-health-insurance/plan/advanthealth-plan-3-al-5000-20-9000-1000000?census[location][zip]=35215&amp;census[member][0][dob]=1/1/1980&amp;census[member][0][gender]=F&amp;census[member][0][role]=P"): Browser is opened with url: 'https://praetemptatus.agilehealthinsurance.com/term-health-insurance/plan/advanthealth-plan-3-al-5000-20-9000-1000000?census[location][zip]=35215&amp;census[member][0][dob]=1/1/1980&amp;census[member][0][gender]=F&amp;census[member][0][role]=P'&#xD;
&#xD;
2019-08-12 17:50:55 - [MESSAGE][WARNING] - A browser is already opened. Closing browser and opening a new one&#xD;
&#xD;
2019-08-12 17:50:56 - [MESSAGE][INFO] - Starting 'Chrome' driver&#xD;
&#xD;
2019-08-12 17:50:56 - [MESSAGE][INFO] - User set preference: ['mobileEmulation', '{deviceName=iPhone X}']&#xD;
&#xD;
2019-08-12 17:50:56 - [MESSAGE][INFO] - User set preference: ['args', '[--incognito, --aggressive-cache-discard, --no-sandbox, --window-size=375,812]']&#xD;
&#xD;
2019-08-12 17:51:05 - [MESSAGE][PASSED] - Browser is opened with url: 'https://praetemptatus.agilehealthinsurance.com/term-health-insurance/plan/advanthealth-plan-3-al-5000-20-9000-1000000?census[location][zip]=35215&amp;census[member][0][dob]=1/1/1980&amp;census[member][0][gender]=F&amp;census[member][0][role]=P'&#xD;
&#xD;
2019-08-12 17:51:05 - [TEST_STEP][PASSED] - waitForPageLoad(20): Wait for page load successfully&#xD;
&#xD;
2019-08-12 17:51:05 - [MESSAGE][PASSED] - Wait for page load successfully&#xD;
&#xD;
2019-08-12 17:51:05 - [TEST_STEP][PASSED] - callTestCase(findTestCase("mobileWeb/_include/get_scrollScreenshot"), [:], STOP_ON_FAILURE): Call Test Case 'Test Cases/mobileWeb/_include/get_scrollScreenshot' successfully&#xD;
&#xD;
2019-08-12 17:51:05 - [TEST_CASE][PASSED] - Test Cases/mobileWeb/_include/get_scrollScreenshot: Test Cases/mobileWeb/_include/get_scrollScreenshot&#xD;
&#xD;
2019-08-12 17:51:05 - [TEST_STEP][PASSED] - pageHeight = getPageHeight(): Current page's height is 26723&#xD;
&#xD;
2019-08-12 17:51:05 - [MESSAGE][PASSED] - Current page's height is 26723&#xD;
&#xD;
2019-08-12 17:51:05 - [TEST_STEP][PASSED] - for ([y = 600, y &lt; pageHeight, y = y + 600]): null&#xD;
&#xD;
2019-08-12 17:51:05 - [TEST_STEP][PASSED] - callTestCase(findTestCase("mobileWeb/_include/get_screenshot"), [:], STOP_ON_FAILURE): Call Test Case 'Test Cases/mobileWeb/_include/get_screenshot' successfully&#xD;
&#xD;
2019-08-12 17:51:05 - [TEST_CASE][PASSED] - Test Cases/mobileWeb/_include/get_screenshot: Test Cases/mobileWeb/_include/get_screenshot&#xD;
&#xD;
2019-08-12 17:51:05 - [TEST_STEP][PASSED] - takeScreenshot(screenPath + i + ".png"): Taking screenshot successfully&#xD;
&#xD;
2019-08-12 17:51:06 - [MESSAGE][PASSED] - Taking screenshot successfully&#xD;
[[ATTACHMENT|D:\\Test\\AgileTest\\AgileTest\\Reports\\mobileWeb\\plan detail\\20190812_173746\\../Screenshots/iPhone X/Plan Detail/stm_advanthealth 3/20190812_175055/0.png]]&#xD;
&#xD;
2019-08-12 17:51:06 - [TEST_STEP][PASSED] - (internal.GlobalVariable.i++): null&#xD;
&#xD;
2019-08-12 17:51:06 - [MESSAGE][PASSED] - Call Test Case 'Test Cases/mobileWeb/_include/get_screenshot' successfully&#xD;
&#xD;
2019-08-12 17:51:06 - [TEST_STEP][PASSED] - scrollToPosition(0, y): Browser is scrolled to position x = 0, y = 600&#xD;
&#xD;
2019-08-12 17:51:06 - [MESSAGE][PASSED] - Browser is scrolled to position x = 0, y = 600&#xD;
&#xD;
2019-08-12 17:51:06 - [TEST_STEP][PASSED] - Thread.sleep(3000): null&#xD;
&#xD;
2019-08-12 17:51:09 - [TEST_STEP][PASSED] - callTestCase(findTestCase("mobileWeb/_include/get_screenshot"), [:], STOP_ON_FAILURE): Call Test Case 'Test Cases/mobileWeb/_include/get_screenshot' successfully&#xD;
&#xD;
2019-08-12 17:51:09 - [TEST_CASE][PASSED] - Test Cases/mobileWeb/_include/get_screenshot: Test Cases/mobileWeb/_include/get_screenshot&#xD;
&#xD;
2019-08-12 17:51:09 - [TEST_STEP][PASSED] - takeScreenshot(screenPath + i + ".png"): Taking screenshot successfully&#xD;
&#xD;
2019-08-12 17:51:09 - [MESSAGE][PASSED] - Taking screenshot successfully&#xD;
[[ATTACHMENT|D:\\Test\\AgileTest\\AgileTest\\Reports\\mobileWeb\\plan detail\\20190812_173746\\../Screenshots/iPhone X/Plan Detail/stm_advanthealth 3/20190812_175055/1.png]]&#xD;
&#xD;
2019-08-12 17:51:09 - [TEST_STEP][PASSED] - (internal.GlobalVariable.i++): null&#xD;
&#xD;
2019-08-12 17:51:09 - [MESSAGE][PASSED] - Call Test Case 'Test Cases/mobileWeb/_include/get_screenshot' successfully&#xD;
&#xD;
2019-08-12 17:51:09 - [TEST_STEP][PASSED] - scrollToPosition(0, y): Browser is scrolled to position x = 0, y = 1200&#xD;
&#xD;
2019-08-12 17:51:09 - [MESSAGE][PASSED] - Browser is scrolled to position x = 0, y = 1200&#xD;
&#xD;
2019-08-12 17:51:09 - [TEST_STEP][PASSED] - Thread.sleep(3000): null&#xD;
&#xD;
2019-08-12 17:51:12 - [TEST_STEP][PASSED] - callTestCase(findTestCase("mobileWeb/_include/get_screenshot"), [:], STOP_ON_FAILURE): Call Test Case 'Test Cases/mobileWeb/_include/get_screenshot' successfully&#xD;
&#xD;
2019-08-12 17:51:12 - [TEST_CASE][PASSED] - Test Cases/mobileWeb/_include/get_screenshot: Test Cases/mobileWeb/_include/get_screenshot&#xD;
&#xD;
2019-08-12 17:51:12 - [TEST_STEP][PASSED] - takeScreenshot(screenPath + i + ".png"): Taking screenshot successfully&#xD;
&#xD;
2019-08-12 17:51:13 - [MESSAGE][PASSED] - Taking screenshot successfully&#xD;
[[ATTACHMENT|D:\\Test\\AgileTest\\AgileTest\\Reports\\mobileWeb\\plan detail\\20190812_173746\\../Screenshots/iPhone X/Plan Detail/stm_advanthealth 3/20190812_175055/2.png]]&#xD;
&#xD;
2019-08-12 17:51:13 - [TEST_STEP][PASSED] - (internal.GlobalVariable.i++): null&#xD;
&#xD;
2019-08-12 17:51:13 - [MESSAGE][PASSED] - Call Test Case 'Test Cases/mobileWeb/_include/get_screenshot' successfully&#xD;
&#xD;
2019-08-12 17:51:13 - [TEST_STEP][PASSED] - scrollToPosition(0, y): Browser is scrolled to position x = 0, y = 1800&#xD;
&#xD;
2019-08-12 17:51:13 - [MESSAGE][PASSED] - Browser is scrolled to position x = 0, y = 1800&#xD;
&#xD;
2019-08-12 17:51:13 - [TEST_STEP][PASSED] - Thread.sleep(3000): null&#xD;
&#xD;
2019-08-12 17:51:16 - [TEST_STEP][PASSED] - callTestCase(findTestCase("mobileWeb/_include/get_screenshot"), [:], STOP_ON_FAILURE): Call Test Case 'Test Cases/mobileWeb/_include/get_screenshot' successfully&#xD;
&#xD;
2019-08-12 17:51:16 - [TEST_CASE][PASSED] - Test Cases/mobileWeb/_include/get_screenshot: Test Cases/mobileWeb/_include/get_screenshot&#xD;
&#xD;
2019-08-12 17:51:16 - [TEST_STEP][PASSED] - takeScreenshot(screenPath + i + ".png"): Taking screenshot successfully&#xD;
&#xD;
2019-08-12 17:51:17 - [MESSAGE][PASSED] - Taking screenshot successfully&#xD;
[[ATTACHMENT|D:\\Test\\AgileTest\\AgileTest\\Reports\\mobileWeb\\plan detail\\20190812_173746\\../Screenshots/iPhone X/Plan Detail/stm_advanthealth 3/20190812_175055/3.png]]&#xD;
&#xD;
2019-08-12 17:51:17 - [TEST_STEP][PASSED] - (internal.GlobalVariable.i++): null&#xD;
&#xD;
2019-08-12 17:51:17 - [MESSAGE][PASSED] - Call Test Case 'Test Cases/mobileWeb/_include/get_screenshot' successfully&#xD;
&#xD;
2019-08-12 17:51:17 - [TEST_STEP][PASSED] - scrollToPosition(0, y): Browser is scrolled to position x = 0, y = 2400&#xD;
&#xD;
2019-08-12 17:51:17 - [MESSAGE][PASSED] - Browser is scrolled to position x = 0, y = 2400&#xD;
&#xD;
2019-08-12 17:51:17 - [TEST_STEP][PASSED] - Thread.sleep(3000): null&#xD;
&#xD;
2019-08-12 17:51:20 - [TEST_STEP][PASSED] - callTestCase(findTestCase("mobileWeb/_include/get_screenshot"), [:], STOP_ON_FAILURE): Call Test Case 'Test Cases/mobileWeb/_include/get_screenshot' successfully&#xD;
&#xD;
2019-08-12 17:51:20 - [TEST_CASE][PASSED] - Test Cases/mobileWeb/_include/get_screenshot: Test Cases/mobileWeb/_include/get_screenshot&#xD;
&#xD;
2019-08-12 17:51:20 - [TEST_STEP][PASSED] - takeScreenshot(screenPath + i + ".png"): Taking screenshot successfully&#xD;
&#xD;
2019-08-12 17:51:21 - [MESSAGE][PASSED] - Taking screenshot successfully&#xD;
[[ATTACHMENT|D:\\Test\\AgileTest\\AgileTest\\Reports\\mobileWeb\\plan detail\\20190812_173746\\../Screenshots/iPhone X/Plan Detail/stm_advanthealth 3/20190812_175055/4.png]]&#xD;
&#xD;
2019-08-12 17:51:21 - [TEST_STEP][PASSED] - (internal.GlobalVariable.i++): null&#xD;
&#xD;
2019-08-12 17:51:21 - [MESSAGE][PASSED] - Call Test Case 'Test Cases/mobileWeb/_include/get_screenshot' successfully&#xD;
&#xD;
2019-08-12 17:51:21 - [TEST_STEP][PASSED] - scrollToPosition(0, y): Browser is scrolled to position x = 0, y = 3000&#xD;
&#xD;
2019-08-12 17:51:21 - [MESSAGE][PASSED] - Browser is scrolled to position x = 0, y = 3000&#xD;
&#xD;
2019-08-12 17:51:21 - [TEST_STEP][PASSED] - Thread.sleep(3000): null&#xD;
&#xD;
2019-08-12 17:51:24 - [TEST_STEP][PASSED] - callTestCase(findTestCase("mobileWeb/_include/get_screenshot"), [:], STOP_ON_FAILURE): Call Test Case 'Test Cases/mobileWeb/_include/get_screenshot' successfully&#xD;
&#xD;
2019-08-12 17:51:24 - [TEST_CASE][PASSED] - Test Cases/mobileWeb/_include/get_screenshot: Test Cases/mobileWeb/_include/get_screenshot&#xD;
&#xD;
2019-08-12 17:51:24 - [TEST_STEP][PASSED] - takeScreenshot(screenPath + i + ".png"): Taking screenshot successfully&#xD;
&#xD;
2019-08-12 17:51:25 - [MESSAGE][PASSED] - Taking screenshot successfully&#xD;
[[ATTACHMENT|D:\\Test\\AgileTest\\AgileTest\\Reports\\mobileWeb\\plan detail\\20190812_173746\\../Screenshots/iPhone X/Plan Detail/stm_advanthealth 3/20190812_175055/5.png]]&#xD;
&#xD;
2019-08-12 17:51:25 - [TEST_STEP][PASSED] - (internal.GlobalVariable.i++): null&#xD;
&#xD;
2019-08-12 17:51:25 - [MESSAGE][PASSED] - Call Test Case 'Test Cases/mobileWeb/_include/get_screenshot' successfully&#xD;
&#xD;
2019-08-12 17:51:25 - [TEST_STEP][PASSED] - scrollToPosition(0, y): Browser is scrolled to position x = 0, y = 3600&#xD;
&#xD;
2019-08-12 17:51:25 - [MESSAGE][PASSED] - Browser is scrolled to position x = 0, y = 3600&#xD;
&#xD;
2019-08-12 17:51:25 - [TEST_STEP][PASSED] - Thread.sleep(3000): null&#xD;
&#xD;
2019-08-12 17:51:28 - [TEST_STEP][PASSED] - callTestCase(findTestCase("mobileWeb/_include/get_screenshot"), [:], STOP_ON_FAILURE): Call Test Case 'Test Cases/mobileWeb/_include/get_screenshot' successfully&#xD;
&#xD;
2019-08-12 17:51:28 - [TEST_CASE][PASSED] - Test Cases/mobileWeb/_include/get_screenshot: Test Cases/mobileWeb/_include/get_screenshot&#xD;
&#xD;
2019-08-12 17:51:28 - [TEST_STEP][PASSED] - takeScreenshot(screenPath + i + ".png"): Taking screenshot successfully&#xD;
&#xD;
2019-08-12 17:51:28 - [MESSAGE][PASSED] - Taking screenshot successfully&#xD;
[[ATTACHMENT|D:\\Test\\AgileTest\\AgileTest\\Reports\\mobileWeb\\plan detail\\20190812_173746\\../Screenshots/iPhone X/Plan Detail/stm_advanthealth 3/20190812_175055/6.png]]&#xD;
&#xD;
2019-08-12 17:51:28 - [TEST_STEP][PASSED] - (internal.GlobalVariable.i++): null&#xD;
&#xD;
2019-08-12 17:51:28 - [MESSAGE][PASSED] - Call Test Case 'Test Cases/mobileWeb/_include/get_screenshot' successfully&#xD;
&#xD;
2019-08-12 17:51:28 - [TEST_STEP][PASSED] - scrollToPosition(0, y): Browser is scrolled to position x = 0, y = 4200&#xD;
&#xD;
2019-08-12 17:51:28 - [MESSAGE][PASSED] - Browser is scrolled to position x = 0, y = 4200&#xD;
&#xD;
2019-08-12 17:51:28 - [TEST_STEP][PASSED] - Thread.sleep(3000): null&#xD;
&#xD;
2019-08-12 17:51:31 - [TEST_STEP][PASSED] - callTestCase(findTestCase("mobileWeb/_include/get_screenshot"), [:], STOP_ON_FAILURE): Call Test Case 'Test Cases/mobileWeb/_include/get_screenshot' successfully&#xD;
&#xD;
2019-08-12 17:51:31 - [TEST_CASE][PASSED] - Test Cases/mobileWeb/_include/get_screenshot: Test Cases/mobileWeb/_include/get_screenshot&#xD;
&#xD;
2019-08-12 17:51:31 - [TEST_STEP][PASSED] - takeScreenshot(screenPath + i + ".png"): Taking screenshot successfully&#xD;
&#xD;
2019-08-12 17:51:32 - [MESSAGE][PASSED] - Taking screenshot successfully&#xD;
[[ATTACHMENT|D:\\Test\\AgileTest\\AgileTest\\Reports\\mobileWeb\\plan detail\\20190812_173746\\../Screenshots/iPhone X/Plan Detail/stm_advanthealth 3/20190812_175055/7.png]]&#xD;
&#xD;
2019-08-12 17:51:32 - [TEST_STEP][PASSED] - (internal.GlobalVariable.i++): null&#xD;
&#xD;
2019-08-12 17:51:32 - [MESSAGE][PASSED] - Call Test Case 'Test Cases/mobileWeb/_include/get_screenshot' successfully&#xD;
&#xD;
2019-08-12 17:51:32 - [TEST_STEP][PASSED] - scrollToPosition(0, y): Browser is scrolled to position x = 0, y = 4800&#xD;
&#xD;
2019-08-12 17:51:32 - [MESSAGE][PASSED] - Browser is scrolled to position x = 0, y = 4800&#xD;
&#xD;
2019-08-12 17:51:32 - [TEST_STEP][PASSED] - Thread.sleep(3000): null&#xD;
&#xD;
2019-08-12 17:51:35 - [TEST_STEP][PASSED] - callTestCase(findTestCase("mobileWeb/_include/get_screenshot"), [:], STOP_ON_FAILURE): Call Test Case 'Test Cases/mobileWeb/_include/get_screenshot' successfully&#xD;
&#xD;
2019-08-12 17:51:35 - [TEST_CASE][PASSED] - Test Cases/mobileWeb/_include/get_screenshot: Test Cases/mobileWeb/_include/get_screenshot&#xD;
&#xD;
2019-08-12 17:51:35 - [TEST_STEP][PASSED] - takeScreenshot(screenPath + i + ".png"): Taking screenshot successfully&#xD;
&#xD;
2019-08-12 17:51:36 - [MESSAGE][PASSED] - Taking screenshot successfully&#xD;
[[ATTACHMENT|D:\\Test\\AgileTest\\AgileTest\\Reports\\mobileWeb\\plan detail\\20190812_173746\\../Screenshots/iPhone X/Plan Detail/stm_advanthealth 3/20190812_175055/8.png]]&#xD;
&#xD;
2019-08-12 17:51:36 - [TEST_STEP][PASSED] - (internal.GlobalVariable.i++): null&#xD;
&#xD;
2019-08-12 17:51:36 - [MESSAGE][PASSED] - Call Test Case 'Test Cases/mobileWeb/_include/get_screenshot' successfully&#xD;
&#xD;
2019-08-12 17:51:36 - [TEST_STEP][PASSED] - scrollToPosition(0, y): Browser is scrolled to position x = 0, y = 5400&#xD;
&#xD;
2019-08-12 17:51:36 - [MESSAGE][PASSED] - Browser is scrolled to position x = 0, y = 5400&#xD;
&#xD;
2019-08-12 17:51:36 - [TEST_STEP][PASSED] - Thread.sleep(3000): null&#xD;
&#xD;
2019-08-12 17:51:39 - [TEST_STEP][PASSED] - callTestCase(findTestCase("mobileWeb/_include/get_screenshot"), [:], STOP_ON_FAILURE): Call Test Case 'Test Cases/mobileWeb/_include/get_screenshot' successfully&#xD;
&#xD;
2019-08-12 17:51:39 - [TEST_CASE][PASSED] - Test Cases/mobileWeb/_include/get_screenshot: Test Cases/mobileWeb/_include/get_screenshot&#xD;
&#xD;
2019-08-12 17:51:39 - [TEST_STEP][PASSED] - takeScreenshot(screenPath + i + ".png"): Taking screenshot successfully&#xD;
&#xD;
2019-08-12 17:51:40 - [MESSAGE][PASSED] - Taking screenshot successfully&#xD;
[[ATTACHMENT|D:\\Test\\AgileTest\\AgileTest\\Reports\\mobileWeb\\plan detail\\20190812_173746\\../Screenshots/iPhone X/Plan Detail/stm_advanthealth 3/20190812_175055/9.png]]&#xD;
&#xD;
2019-08-12 17:51:40 - [TEST_STEP][PASSED] - (internal.GlobalVariable.i++): null&#xD;
&#xD;
2019-08-12 17:51:40 - [MESSAGE][PASSED] - Call Test Case 'Test Cases/mobileWeb/_include/get_screenshot' successfully&#xD;
&#xD;
2019-08-12 17:51:40 - [TEST_STEP][PASSED] - scrollToPosition(0, y): Browser is scrolled to position x = 0, y = 6000&#xD;
&#xD;
2019-08-12 17:51:40 - [MESSAGE][PASSED] - Browser is scrolled to position x = 0, y = 6000&#xD;
&#xD;
2019-08-12 17:51:40 - [TEST_STEP][PASSED] - Thread.sleep(3000): null&#xD;
&#xD;
2019-08-12 17:51:43 - [TEST_STEP][PASSED] - callTestCase(findTestCase("mobileWeb/_include/get_screenshot"), [:], STOP_ON_FAILURE): Call Test Case 'Test Cases/mobileWeb/_include/get_screenshot' successfully&#xD;
&#xD;
2019-08-12 17:51:43 - [TEST_CASE][PASSED] - Test Cases/mobileWeb/_include/get_screenshot: Test Cases/mobileWeb/_include/get_screenshot&#xD;
&#xD;
2019-08-12 17:51:43 - [TEST_STEP][PASSED] - takeScreenshot(screenPath + i + ".png"): Taking screenshot successfully&#xD;
&#xD;
2019-08-12 17:51:43 - [MESSAGE][PASSED] - Taking screenshot successfully&#xD;
[[ATTACHMENT|D:\\Test\\AgileTest\\AgileTest\\Reports\\mobileWeb\\plan detail\\20190812_173746\\../Screenshots/iPhone X/Plan Detail/stm_advanthealth 3/20190812_175055/10.png]]&#xD;
&#xD;
2019-08-12 17:51:43 - [TEST_STEP][PASSED] - (internal.GlobalVariable.i++): null&#xD;
&#xD;
2019-08-12 17:51:43 - [MESSAGE][PASSED] - Call Test Case 'Test Cases/mobileWeb/_include/get_screenshot' successfully&#xD;
&#xD;
2019-08-12 17:51:43 - [TEST_STEP][PASSED] - scrollToPosition(0, y): Browser is scrolled to position x = 0, y = 6600&#xD;
&#xD;
2019-08-12 17:51:43 - [MESSAGE][PASSED] - Browser is scrolled to position x = 0, y = 6600&#xD;
&#xD;
2019-08-12 17:51:43 - [TEST_STEP][PASSED] - Thread.sleep(3000): null&#xD;
&#xD;
2019-08-12 17:51:46 - [TEST_STEP][PASSED] - callTestCase(findTestCase("mobileWeb/_include/get_screenshot"), [:], STOP_ON_FAILURE): Call Test Case 'Test Cases/mobileWeb/_include/get_screenshot' successfully&#xD;
&#xD;
2019-08-12 17:51:46 - [TEST_CASE][PASSED] - Test Cases/mobileWeb/_include/get_screenshot: Test Cases/mobileWeb/_include/get_screenshot&#xD;
&#xD;
2019-08-12 17:51:46 - [TEST_STEP][PASSED] - takeScreenshot(screenPath + i + ".png"): Taking screenshot successfully&#xD;
&#xD;
2019-08-12 17:51:47 - [MESSAGE][PASSED] - Taking screenshot successfully&#xD;
[[ATTACHMENT|D:\\Test\\AgileTest\\AgileTest\\Reports\\mobileWeb\\plan detail\\20190812_173746\\../Screenshots/iPhone X/Plan Detail/stm_advanthealth 3/20190812_175055/11.png]]&#xD;
&#xD;
2019-08-12 17:51:47 - [TEST_STEP][PASSED] - (internal.GlobalVariable.i++): null&#xD;
&#xD;
2019-08-12 17:51:47 - [MESSAGE][PASSED] - Call Test Case 'Test Cases/mobileWeb/_include/get_screenshot' successfully&#xD;
&#xD;
2019-08-12 17:51:47 - [TEST_STEP][PASSED] - scrollToPosition(0, y): Browser is scrolled to position x = 0, y = 7200&#xD;
&#xD;
2019-08-12 17:51:47 - [MESSAGE][PASSED] - Browser is scrolled to position x = 0, y = 7200&#xD;
&#xD;
2019-08-12 17:51:47 - [TEST_STEP][PASSED] - Thread.sleep(3000): null&#xD;
&#xD;
2019-08-12 17:51:50 - [TEST_STEP][PASSED] - callTestCase(findTestCase("mobileWeb/_include/get_screenshot"), [:], STOP_ON_FAILURE): Call Test Case 'Test Cases/mobileWeb/_include/get_screenshot' successfully&#xD;
&#xD;
2019-08-12 17:51:50 - [TEST_CASE][PASSED] - Test Cases/mobileWeb/_include/get_screenshot: Test Cases/mobileWeb/_include/get_screenshot&#xD;
&#xD;
2019-08-12 17:51:50 - [TEST_STEP][PASSED] - takeScreenshot(screenPath + i + ".png"): Taking screenshot successfully&#xD;
&#xD;
2019-08-12 17:51:51 - [MESSAGE][PASSED] - Taking screenshot successfully&#xD;
[[ATTACHMENT|D:\\Test\\AgileTest\\AgileTest\\Reports\\mobileWeb\\plan detail\\20190812_173746\\../Screenshots/iPhone X/Plan Detail/stm_advanthealth 3/20190812_175055/12.png]]&#xD;
&#xD;
2019-08-12 17:51:51 - [TEST_STEP][PASSED] - (internal.GlobalVariable.i++): null&#xD;
&#xD;
2019-08-12 17:51:51 - [MESSAGE][PASSED] - Call Test Case 'Test Cases/mobileWeb/_include/get_screenshot' successfully&#xD;
&#xD;
2019-08-12 17:51:51 - [TEST_STEP][PASSED] - scrollToPosition(0, y): Browser is scrolled to position x = 0, y = 7800&#xD;
&#xD;
2019-08-12 17:51:51 - [MESSAGE][PASSED] - Browser is scrolled to position x = 0, y = 7800&#xD;
&#xD;
2019-08-12 17:51:51 - [TEST_STEP][PASSED] - Thread.sleep(3000): null&#xD;
&#xD;
2019-08-12 17:51:54 - [TEST_STEP][PASSED] - callTestCase(findTestCase("mobileWeb/_include/get_screenshot"), [:], STOP_ON_FAILURE): Call Test Case 'Test Cases/mobileWeb/_include/get_screenshot' successfully&#xD;
&#xD;
2019-08-12 17:51:54 - [TEST_CASE][PASSED] - Test Cases/mobileWeb/_include/get_screenshot: Test Cases/mobileWeb/_include/get_screenshot&#xD;
&#xD;
2019-08-12 17:51:54 - [TEST_STEP][PASSED] - takeScreenshot(screenPath + i + ".png"): Taking screenshot successfully&#xD;
&#xD;
2019-08-12 17:51:55 - [MESSAGE][PASSED] - Taking screenshot successfully&#xD;
[[ATTACHMENT|D:\\Test\\AgileTest\\AgileTest\\Reports\\mobileWeb\\plan detail\\20190812_173746\\../Screenshots/iPhone X/Plan Detail/stm_advanthealth 3/20190812_175055/13.png]]&#xD;
&#xD;
2019-08-12 17:51:55 - [TEST_STEP][PASSED] - (internal.GlobalVariable.i++): null&#xD;
&#xD;
2019-08-12 17:51:55 - [MESSAGE][PASSED] - Call Test Case 'Test Cases/mobileWeb/_include/get_screenshot' successfully&#xD;
&#xD;
2019-08-12 17:51:55 - [TEST_STEP][PASSED] - scrollToPosition(0, y): Browser is scrolled to position x = 0, y = 8400&#xD;
&#xD;
2019-08-12 17:51:55 - [MESSAGE][PASSED] - Browser is scrolled to position x = 0, y = 8400&#xD;
&#xD;
2019-08-12 17:51:55 - [TEST_STEP][PASSED] - Thread.sleep(3000): null&#xD;
&#xD;
2019-08-12 17:51:58 - [TEST_STEP][PASSED] - callTestCase(findTestCase("mobileWeb/_include/get_screenshot"), [:], STOP_ON_FAILURE): Call Test Case 'Test Cases/mobileWeb/_include/get_screenshot' successfully&#xD;
&#xD;
2019-08-12 17:51:58 - [TEST_CASE][PASSED] - Test Cases/mobileWeb/_include/get_screenshot: Test Cases/mobileWeb/_include/get_screenshot&#xD;
&#xD;
2019-08-12 17:51:58 - [TEST_STEP][PASSED] - takeScreenshot(screenPath + i + ".png"): Taking screenshot successfully&#xD;
&#xD;
2019-08-12 17:51:59 - [MESSAGE][PASSED] - Taking screenshot successfully&#xD;
[[ATTACHMENT|D:\\Test\\AgileTest\\AgileTest\\Reports\\mobileWeb\\plan detail\\20190812_173746\\../Screenshots/iPhone X/Plan Detail/stm_advanthealth 3/20190812_175055/14.png]]&#xD;
&#xD;
2019-08-12 17:51:59 - [TEST_STEP][PASSED] - (internal.GlobalVariable.i++): null&#xD;
&#xD;
2019-08-12 17:51:59 - [MESSAGE][PASSED] - Call Test Case 'Test Cases/mobileWeb/_include/get_screenshot' successfully&#xD;
&#xD;
2019-08-12 17:51:59 - [TEST_STEP][PASSED] - scrollToPosition(0, y): Browser is scrolled to position x = 0, y = 9000&#xD;
&#xD;
2019-08-12 17:51:59 - [MESSAGE][PASSED] - Browser is scrolled to position x = 0, y = 9000&#xD;
&#xD;
2019-08-12 17:51:59 - [TEST_STEP][PASSED] - Thread.sleep(3000): null&#xD;
&#xD;
2019-08-12 17:52:02 - [TEST_STEP][PASSED] - callTestCase(findTestCase("mobileWeb/_include/get_screenshot"), [:], STOP_ON_FAILURE): Call Test Case 'Test Cases/mobileWeb/_include/get_screenshot' successfully&#xD;
&#xD;
2019-08-12 17:52:02 - [TEST_CASE][PASSED] - Test Cases/mobileWeb/_include/get_screenshot: Test Cases/mobileWeb/_include/get_screenshot&#xD;
&#xD;
2019-08-12 17:52:02 - [TEST_STEP][PASSED] - takeScreenshot(screenPath + i + ".png"): Taking screenshot successfully&#xD;
&#xD;
2019-08-12 17:52:02 - [MESSAGE][PASSED] - Taking screenshot successfully&#xD;
[[ATTACHMENT|D:\\Test\\AgileTest\\AgileTest\\Reports\\mobileWeb\\plan detail\\20190812_173746\\../Screenshots/iPhone X/Plan Detail/stm_advanthealth 3/20190812_175055/15.png]]&#xD;
&#xD;
2019-08-12 17:52:02 - [TEST_STEP][PASSED] - (internal.GlobalVariable.i++): null&#xD;
&#xD;
2019-08-12 17:52:02 - [MESSAGE][PASSED] - Call Test Case 'Test Cases/mobileWeb/_include/get_screenshot' successfully&#xD;
&#xD;
2019-08-12 17:52:02 - [TEST_STEP][PASSED] - scrollToPosition(0, y): Browser is scrolled to position x = 0, y = 9600&#xD;
&#xD;
2019-08-12 17:52:02 - [MESSAGE][PASSED] - Browser is scrolled to position x = 0, y = 9600&#xD;
&#xD;
2019-08-12 17:52:02 - [TEST_STEP][PASSED] - Thread.sleep(3000): null&#xD;
&#xD;
2019-08-12 17:52:05 - [TEST_STEP][PASSED] - callTestCase(findTestCase("mobileWeb/_include/get_screenshot"), [:], STOP_ON_FAILURE): Call Test Case 'Test Cases/mobileWeb/_include/get_screenshot' successfully&#xD;
&#xD;
2019-08-12 17:52:05 - [TEST_CASE][PASSED] - Test Cases/mobileWeb/_include/get_screenshot: Test Cases/mobileWeb/_include/get_screenshot&#xD;
&#xD;
2019-08-12 17:52:05 - [TEST_STEP][PASSED] - takeScreenshot(screenPath + i + ".png"): Taking screenshot successfully&#xD;
&#xD;
2019-08-12 17:52:06 - [MESSAGE][PASSED] - Taking screenshot successfully&#xD;
[[ATTACHMENT|D:\\Test\\AgileTest\\AgileTest\\Reports\\mobileWeb\\plan detail\\20190812_173746\\../Screenshots/iPhone X/Plan Detail/stm_advanthealth 3/20190812_175055/16.png]]&#xD;
&#xD;
2019-08-12 17:52:06 - [TEST_STEP][PASSED] - (internal.GlobalVariable.i++): null&#xD;
&#xD;
2019-08-12 17:52:06 - [MESSAGE][PASSED] - Call Test Case 'Test Cases/mobileWeb/_include/get_screenshot' successfully&#xD;
&#xD;
2019-08-12 17:52:06 - [TEST_STEP][PASSED] - scrollToPosition(0, y): Browser is scrolled to position x = 0, y = 10200&#xD;
&#xD;
2019-08-12 17:52:06 - [MESSAGE][PASSED] - Browser is scrolled to position x = 0, y = 10200&#xD;
&#xD;
2019-08-12 17:52:06 - [TEST_STEP][PASSED] - Thread.sleep(3000): null&#xD;
&#xD;
2019-08-12 17:52:09 - [TEST_STEP][PASSED] - callTestCase(findTestCase("mobileWeb/_include/get_screenshot"), [:], STOP_ON_FAILURE): Call Test Case 'Test Cases/mobileWeb/_include/get_screenshot' successfully&#xD;
&#xD;
2019-08-12 17:52:09 - [TEST_CASE][PASSED] - Test Cases/mobileWeb/_include/get_screenshot: Test Cases/mobileWeb/_include/get_screenshot&#xD;
&#xD;
2019-08-12 17:52:09 - [TEST_STEP][PASSED] - takeScreenshot(screenPath + i + ".png"): Taking screenshot successfully&#xD;
&#xD;
2019-08-12 17:52:10 - [MESSAGE][PASSED] - Taking screenshot successfully&#xD;
[[ATTACHMENT|D:\\Test\\AgileTest\\AgileTest\\Reports\\mobileWeb\\plan detail\\20190812_173746\\../Screenshots/iPhone X/Plan Detail/stm_advanthealth 3/20190812_175055/17.png]]&#xD;
&#xD;
2019-08-12 17:52:10 - [TEST_STEP][PASSED] - (internal.GlobalVariable.i++): null&#xD;
&#xD;
2019-08-12 17:52:10 - [MESSAGE][PASSED] - Call Test Case 'Test Cases/mobileWeb/_include/get_screenshot' successfully&#xD;
&#xD;
2019-08-12 17:52:10 - [TEST_STEP][PASSED] - scrollToPosition(0, y): Browser is scrolled to position x = 0, y = 10800&#xD;
&#xD;
2019-08-12 17:52:10 - [MESSAGE][PASSED] - Browser is scrolled to position x = 0, y = 10800&#xD;
&#xD;
2019-08-12 17:52:10 - [TEST_STEP][PASSED] - Thread.sleep(3000): null&#xD;
&#xD;
2019-08-12 17:52:13 - [TEST_STEP][PASSED] - callTestCase(findTestCase("mobileWeb/_include/get_screenshot"), [:], STOP_ON_FAILURE): Call Test Case 'Test Cases/mobileWeb/_include/get_screenshot' successfully&#xD;
&#xD;
2019-08-12 17:52:13 - [TEST_CASE][PASSED] - Test Cases/mobileWeb/_include/get_screenshot: Test Cases/mobileWeb/_include/get_screenshot&#xD;
&#xD;
2019-08-12 17:52:13 - [TEST_STEP][PASSED] - takeScreenshot(screenPath + i + ".png"): Taking screenshot successfully&#xD;
&#xD;
2019-08-12 17:52:14 - [MESSAGE][PASSED] - Taking screenshot successfully&#xD;
[[ATTACHMENT|D:\\Test\\AgileTest\\AgileTest\\Reports\\mobileWeb\\plan detail\\20190812_173746\\../Screenshots/iPhone X/Plan Detail/stm_advanthealth 3/20190812_175055/18.png]]&#xD;
&#xD;
2019-08-12 17:52:14 - [TEST_STEP][PASSED] - (internal.GlobalVariable.i++): null&#xD;
&#xD;
2019-08-12 17:52:14 - [MESSAGE][PASSED] - Call Test Case 'Test Cases/mobileWeb/_include/get_screenshot' successfully&#xD;
&#xD;
2019-08-12 17:52:14 - [TEST_STEP][PASSED] - scrollToPosition(0, y): Browser is scrolled to position x = 0, y = 11400&#xD;
&#xD;
2019-08-12 17:52:14 - [MESSAGE][PASSED] - Browser is scrolled to position x = 0, y = 11400&#xD;
&#xD;
2019-08-12 17:52:14 - [TEST_STEP][PASSED] - Thread.sleep(3000): null&#xD;
&#xD;
2019-08-12 17:52:17 - [TEST_STEP][PASSED] - callTestCase(findTestCase("mobileWeb/_include/get_screenshot"), [:], STOP_ON_FAILURE): Call Test Case 'Test Cases/mobileWeb/_include/get_screenshot' successfully&#xD;
&#xD;
2019-08-12 17:52:17 - [TEST_CASE][PASSED] - Test Cases/mobileWeb/_include/get_screenshot: Test Cases/mobileWeb/_include/get_screenshot&#xD;
&#xD;
2019-08-12 17:52:17 - [TEST_STEP][PASSED] - takeScreenshot(screenPath + i + ".png"): Taking screenshot successfully&#xD;
&#xD;
2019-08-12 17:52:17 - [MESSAGE][PASSED] - Taking screenshot successfully&#xD;
[[ATTACHMENT|D:\\Test\\AgileTest\\AgileTest\\Reports\\mobileWeb\\plan detail\\20190812_173746\\../Screenshots/iPhone X/Plan Detail/stm_advanthealth 3/20190812_175055/19.png]]&#xD;
&#xD;
2019-08-12 17:52:17 - [TEST_STEP][PASSED] - (internal.GlobalVariable.i++): null&#xD;
&#xD;
2019-08-12 17:52:17 - [MESSAGE][PASSED] - Call Test Case 'Test Cases/mobileWeb/_include/get_screenshot' successfully&#xD;
&#xD;
2019-08-12 17:52:17 - [TEST_STEP][PASSED] - scrollToPosition(0, y): Browser is scrolled to position x = 0, y = 12000&#xD;
&#xD;
2019-08-12 17:52:18 - [MESSAGE][PASSED] - Browser is scrolled to position x = 0, y = 12000&#xD;
&#xD;
2019-08-12 17:52:18 - [TEST_STEP][PASSED] - Thread.sleep(3000): null&#xD;
&#xD;
2019-08-12 17:52:21 - [TEST_STEP][PASSED] - callTestCase(findTestCase("mobileWeb/_include/get_screenshot"), [:], STOP_ON_FAILURE): Call Test Case 'Test Cases/mobileWeb/_include/get_screenshot' successfully&#xD;
&#xD;
2019-08-12 17:52:21 - [TEST_CASE][PASSED] - Test Cases/mobileWeb/_include/get_screenshot: Test Cases/mobileWeb/_include/get_screenshot&#xD;
&#xD;
2019-08-12 17:52:21 - [TEST_STEP][PASSED] - takeScreenshot(screenPath + i + ".png"): Taking screenshot successfully&#xD;
&#xD;
2019-08-12 17:52:21 - [MESSAGE][PASSED] - Taking screenshot successfully&#xD;
[[ATTACHMENT|D:\\Test\\AgileTest\\AgileTest\\Reports\\mobileWeb\\plan detail\\20190812_173746\\../Screenshots/iPhone X/Plan Detail/stm_advanthealth 3/20190812_175055/20.png]]&#xD;
&#xD;
2019-08-12 17:52:21 - [TEST_STEP][PASSED] - (internal.GlobalVariable.i++): null&#xD;
&#xD;
2019-08-12 17:52:21 - [MESSAGE][PASSED] - Call Test Case 'Test Cases/mobileWeb/_include/get_screenshot' successfully&#xD;
&#xD;
2019-08-12 17:52:21 - [TEST_STEP][PASSED] - scrollToPosition(0, y): Browser is scrolled to position x = 0, y = 12600&#xD;
&#xD;
2019-08-12 17:52:21 - [MESSAGE][PASSED] - Browser is scrolled to position x = 0, y = 12600&#xD;
&#xD;
2019-08-12 17:52:21 - [TEST_STEP][PASSED] - Thread.sleep(3000): null&#xD;
&#xD;
2019-08-12 17:52:24 - [TEST_STEP][PASSED] - callTestCase(findTestCase("mobileWeb/_include/get_screenshot"), [:], STOP_ON_FAILURE): Call Test Case 'Test Cases/mobileWeb/_include/get_screenshot' successfully&#xD;
&#xD;
2019-08-12 17:52:24 - [TEST_CASE][PASSED] - Test Cases/mobileWeb/_include/get_screenshot: Test Cases/mobileWeb/_include/get_screenshot&#xD;
&#xD;
2019-08-12 17:52:24 - [TEST_STEP][PASSED] - takeScreenshot(screenPath + i + ".png"): Taking screenshot successfully&#xD;
&#xD;
2019-08-12 17:52:25 - [MESSAGE][PASSED] - Taking screenshot successfully&#xD;
[[ATTACHMENT|D:\\Test\\AgileTest\\AgileTest\\Reports\\mobileWeb\\plan detail\\20190812_173746\\../Screenshots/iPhone X/Plan Detail/stm_advanthealth 3/20190812_175055/21.png]]&#xD;
&#xD;
2019-08-12 17:52:25 - [TEST_STEP][PASSED] - (internal.GlobalVariable.i++): null&#xD;
&#xD;
2019-08-12 17:52:25 - [MESSAGE][PASSED] - Call Test Case 'Test Cases/mobileWeb/_include/get_screenshot' successfully&#xD;
&#xD;
2019-08-12 17:52:25 - [TEST_STEP][PASSED] - scrollToPosition(0, y): Browser is scrolled to position x = 0, y = 13200&#xD;
&#xD;
2019-08-12 17:52:25 - [MESSAGE][PASSED] - Browser is scrolled to position x = 0, y = 13200&#xD;
&#xD;
2019-08-12 17:52:25 - [TEST_STEP][PASSED] - Thread.sleep(3000): null&#xD;
&#xD;
2019-08-12 17:52:28 - [TEST_STEP][PASSED] - callTestCase(findTestCase("mobileWeb/_include/get_screenshot"), [:], STOP_ON_FAILURE): Call Test Case 'Test Cases/mobileWeb/_include/get_screenshot' successfully&#xD;
&#xD;
2019-08-12 17:52:28 - [TEST_CASE][PASSED] - Test Cases/mobileWeb/_include/get_screenshot: Test Cases/mobileWeb/_include/get_screenshot&#xD;
&#xD;
2019-08-12 17:52:28 - [TEST_STEP][PASSED] - takeScreenshot(screenPath + i + ".png"): Taking screenshot successfully&#xD;
&#xD;
2019-08-12 17:52:29 - [MESSAGE][PASSED] - Taking screenshot successfully&#xD;
[[ATTACHMENT|D:\\Test\\AgileTest\\AgileTest\\Reports\\mobileWeb\\plan detail\\20190812_173746\\../Screenshots/iPhone X/Plan Detail/stm_advanthealth 3/20190812_175055/22.png]]&#xD;
&#xD;
2019-08-12 17:52:29 - [TEST_STEP][PASSED] - (internal.GlobalVariable.i++): null&#xD;
&#xD;
2019-08-12 17:52:29 - [MESSAGE][PASSED] - Call Test Case 'Test Cases/mobileWeb/_include/get_screenshot' successfully&#xD;
&#xD;
2019-08-12 17:52:29 - [TEST_STEP][PASSED] - scrollToPosition(0, y): Browser is scrolled to position x = 0, y = 13800&#xD;
&#xD;
2019-08-12 17:52:29 - [MESSAGE][PASSED] - Browser is scrolled to position x = 0, y = 13800&#xD;
&#xD;
2019-08-12 17:52:29 - [TEST_STEP][PASSED] - Thread.sleep(3000): null&#xD;
&#xD;
2019-08-12 17:52:32 - [TEST_STEP][PASSED] - callTestCase(findTestCase("mobileWeb/_include/get_screenshot"), [:], STOP_ON_FAILURE): Call Test Case 'Test Cases/mobileWeb/_include/get_screenshot' successfully&#xD;
&#xD;
2019-08-12 17:52:32 - [TEST_CASE][PASSED] - Test Cases/mobileWeb/_include/get_screenshot: Test Cases/mobileWeb/_include/get_screenshot&#xD;
&#xD;
2019-08-12 17:52:32 - [TEST_STEP][PASSED] - takeScreenshot(screenPath + i + ".png"): Taking screenshot successfully&#xD;
&#xD;
2019-08-12 17:52:33 - [MESSAGE][PASSED] - Taking screenshot successfully&#xD;
[[ATTACHMENT|D:\\Test\\AgileTest\\AgileTest\\Reports\\mobileWeb\\plan detail\\20190812_173746\\../Screenshots/iPhone X/Plan Detail/stm_advanthealth 3/20190812_175055/23.png]]&#xD;
&#xD;
2019-08-12 17:52:33 - [TEST_STEP][PASSED] - (internal.GlobalVariable.i++): null&#xD;
&#xD;
2019-08-12 17:52:33 - [MESSAGE][PASSED] - Call Test Case 'Test Cases/mobileWeb/_include/get_screenshot' successfully&#xD;
&#xD;
2019-08-12 17:52:33 - [TEST_STEP][PASSED] - scrollToPosition(0, y): Browser is scrolled to position x = 0, y = 14400&#xD;
&#xD;
2019-08-12 17:52:33 - [MESSAGE][PASSED] - Browser is scrolled to position x = 0, y = 14400&#xD;
&#xD;
2019-08-12 17:52:33 - [TEST_STEP][PASSED] - Thread.sleep(3000): null&#xD;
&#xD;
2019-08-12 17:52:36 - [TEST_STEP][PASSED] - callTestCase(findTestCase("mobileWeb/_include/get_screenshot"), [:], STOP_ON_FAILURE): Call Test Case 'Test Cases/mobileWeb/_include/get_screenshot' successfully&#xD;
&#xD;
2019-08-12 17:52:36 - [TEST_CASE][PASSED] - Test Cases/mobileWeb/_include/get_screenshot: Test Cases/mobileWeb/_include/get_screenshot&#xD;
&#xD;
2019-08-12 17:52:36 - [TEST_STEP][PASSED] - takeScreenshot(screenPath + i + ".png"): Taking screenshot successfully&#xD;
&#xD;
2019-08-12 17:52:36 - [MESSAGE][PASSED] - Taking screenshot successfully&#xD;
[[ATTACHMENT|D:\\Test\\AgileTest\\AgileTest\\Reports\\mobileWeb\\plan detail\\20190812_173746\\../Screenshots/iPhone X/Plan Detail/stm_advanthealth 3/20190812_175055/24.png]]&#xD;
&#xD;
2019-08-12 17:52:36 - [TEST_STEP][PASSED] - (internal.GlobalVariable.i++): null&#xD;
&#xD;
2019-08-12 17:52:36 - [MESSAGE][PASSED] - Call Test Case 'Test Cases/mobileWeb/_include/get_screenshot' successfully&#xD;
&#xD;
2019-08-12 17:52:36 - [TEST_STEP][PASSED] - scrollToPosition(0, y): Browser is scrolled to position x = 0, y = 15000&#xD;
&#xD;
2019-08-12 17:52:36 - [MESSAGE][PASSED] - Browser is scrolled to position x = 0, y = 15000&#xD;
&#xD;
2019-08-12 17:52:36 - [TEST_STEP][PASSED] - Thread.sleep(3000): null&#xD;
&#xD;
2019-08-12 17:52:39 - [TEST_STEP][PASSED] - callTestCase(findTestCase("mobileWeb/_include/get_screenshot"), [:], STOP_ON_FAILURE): Call Test Case 'Test Cases/mobileWeb/_include/get_screenshot' successfully&#xD;
&#xD;
2019-08-12 17:52:40 - [TEST_CASE][PASSED] - Test Cases/mobileWeb/_include/get_screenshot: Test Cases/mobileWeb/_include/get_screenshot&#xD;
&#xD;
2019-08-12 17:52:40 - [TEST_STEP][PASSED] - takeScreenshot(screenPath + i + ".png"): Taking screenshot successfully&#xD;
&#xD;
2019-08-12 17:52:40 - [MESSAGE][PASSED] - Taking screenshot successfully&#xD;
[[ATTACHMENT|D:\\Test\\AgileTest\\AgileTest\\Reports\\mobileWeb\\plan detail\\20190812_173746\\../Screenshots/iPhone X/Plan Detail/stm_advanthealth 3/20190812_175055/25.png]]&#xD;
&#xD;
2019-08-12 17:52:40 - [TEST_STEP][PASSED] - (internal.GlobalVariable.i++): null&#xD;
&#xD;
2019-08-12 17:52:40 - [MESSAGE][PASSED] - Call Test Case 'Test Cases/mobileWeb/_include/get_screenshot' successfully&#xD;
&#xD;
2019-08-12 17:52:40 - [TEST_STEP][PASSED] - scrollToPosition(0, y): Browser is scrolled to position x = 0, y = 15600&#xD;
&#xD;
2019-08-12 17:52:40 - [MESSAGE][PASSED] - Browser is scrolled to position x = 0, y = 15600&#xD;
&#xD;
2019-08-12 17:52:40 - [TEST_STEP][PASSED] - Thread.sleep(3000): null&#xD;
&#xD;
2019-08-12 17:52:43 - [TEST_STEP][PASSED] - callTestCase(findTestCase("mobileWeb/_include/get_screenshot"), [:], STOP_ON_FAILURE): Call Test Case 'Test Cases/mobileWeb/_include/get_screenshot' successfully&#xD;
&#xD;
2019-08-12 17:52:43 - [TEST_CASE][PASSED] - Test Cases/mobileWeb/_include/get_screenshot: Test Cases/mobileWeb/_include/get_screenshot&#xD;
&#xD;
2019-08-12 17:52:43 - [TEST_STEP][PASSED] - takeScreenshot(screenPath + i + ".png"): Taking screenshot successfully&#xD;
&#xD;
2019-08-12 17:52:44 - [MESSAGE][PASSED] - Taking screenshot successfully&#xD;
[[ATTACHMENT|D:\\Test\\AgileTest\\AgileTest\\Reports\\mobileWeb\\plan detail\\20190812_173746\\../Screenshots/iPhone X/Plan Detail/stm_advanthealth 3/20190812_175055/26.png]]&#xD;
&#xD;
2019-08-12 17:52:44 - [TEST_STEP][PASSED] - (internal.GlobalVariable.i++): null&#xD;
&#xD;
2019-08-12 17:52:44 - [MESSAGE][PASSED] - Call Test Case 'Test Cases/mobileWeb/_include/get_screenshot' successfully&#xD;
&#xD;
2019-08-12 17:52:44 - [TEST_STEP][PASSED] - scrollToPosition(0, y): Browser is scrolled to position x = 0, y = 16200&#xD;
&#xD;
2019-08-12 17:52:44 - [MESSAGE][PASSED] - Browser is scrolled to position x = 0, y = 16200&#xD;
&#xD;
2019-08-12 17:52:44 - [TEST_STEP][PASSED] - Thread.sleep(3000): null&#xD;
&#xD;
2019-08-12 17:52:47 - [TEST_STEP][PASSED] - callTestCase(findTestCase("mobileWeb/_include/get_screenshot"), [:], STOP_ON_FAILURE): Call Test Case 'Test Cases/mobileWeb/_include/get_screenshot' successfully&#xD;
&#xD;
2019-08-12 17:52:47 - [TEST_CASE][PASSED] - Test Cases/mobileWeb/_include/get_screenshot: Test Cases/mobileWeb/_include/get_screenshot&#xD;
&#xD;
2019-08-12 17:52:47 - [TEST_STEP][PASSED] - takeScreenshot(screenPath + i + ".png"): Taking screenshot successfully&#xD;
&#xD;
2019-08-12 17:52:48 - [MESSAGE][PASSED] - Taking screenshot successfully&#xD;
[[ATTACHMENT|D:\\Test\\AgileTest\\AgileTest\\Reports\\mobileWeb\\plan detail\\20190812_173746\\../Screenshots/iPhone X/Plan Detail/stm_advanthealth 3/20190812_175055/27.png]]&#xD;
&#xD;
2019-08-12 17:52:48 - [TEST_STEP][PASSED] - (internal.GlobalVariable.i++): null&#xD;
&#xD;
2019-08-12 17:52:48 - [MESSAGE][PASSED] - Call Test Case 'Test Cases/mobileWeb/_include/get_screenshot' successfully&#xD;
&#xD;
2019-08-12 17:52:48 - [TEST_STEP][PASSED] - scrollToPosition(0, y): Browser is scrolled to position x = 0, y = 16800&#xD;
&#xD;
2019-08-12 17:52:48 - [MESSAGE][PASSED] - Browser is scrolled to position x = 0, y = 16800&#xD;
&#xD;
2019-08-12 17:52:48 - [TEST_STEP][PASSED] - Thread.sleep(3000): null&#xD;
&#xD;
2019-08-12 17:52:51 - [TEST_STEP][PASSED] - callTestCase(findTestCase("mobileWeb/_include/get_screenshot"), [:], STOP_ON_FAILURE): Call Test Case 'Test Cases/mobileWeb/_include/get_screenshot' successfully&#xD;
&#xD;
2019-08-12 17:52:51 - [TEST_CASE][PASSED] - Test Cases/mobileWeb/_include/get_screenshot: Test Cases/mobileWeb/_include/get_screenshot&#xD;
&#xD;
2019-08-12 17:52:51 - [TEST_STEP][PASSED] - takeScreenshot(screenPath + i + ".png"): Taking screenshot successfully&#xD;
&#xD;
2019-08-12 17:52:52 - [MESSAGE][PASSED] - Taking screenshot successfully&#xD;
[[ATTACHMENT|D:\\Test\\AgileTest\\AgileTest\\Reports\\mobileWeb\\plan detail\\20190812_173746\\../Screenshots/iPhone X/Plan Detail/stm_advanthealth 3/20190812_175055/28.png]]&#xD;
&#xD;
2019-08-12 17:52:52 - [TEST_STEP][PASSED] - (internal.GlobalVariable.i++): null&#xD;
&#xD;
2019-08-12 17:52:52 - [MESSAGE][PASSED] - Call Test Case 'Test Cases/mobileWeb/_include/get_screenshot' successfully&#xD;
&#xD;
2019-08-12 17:52:52 - [TEST_STEP][PASSED] - scrollToPosition(0, y): Browser is scrolled to position x = 0, y = 17400&#xD;
&#xD;
2019-08-12 17:52:52 - [MESSAGE][PASSED] - Browser is scrolled to position x = 0, y = 17400&#xD;
&#xD;
2019-08-12 17:52:52 - [TEST_STEP][PASSED] - Thread.sleep(3000): null&#xD;
&#xD;
2019-08-12 17:52:55 - [TEST_STEP][PASSED] - callTestCase(findTestCase("mobileWeb/_include/get_screenshot"), [:], STOP_ON_FAILURE): Call Test Case 'Test Cases/mobileWeb/_include/get_screenshot' successfully&#xD;
&#xD;
2019-08-12 17:52:55 - [TEST_CASE][PASSED] - Test Cases/mobileWeb/_include/get_screenshot: Test Cases/mobileWeb/_include/get_screenshot&#xD;
&#xD;
2019-08-12 17:52:55 - [TEST_STEP][PASSED] - takeScreenshot(screenPath + i + ".png"): Taking screenshot successfully&#xD;
&#xD;
2019-08-12 17:52:55 - [MESSAGE][PASSED] - Taking screenshot successfully&#xD;
[[ATTACHMENT|D:\\Test\\AgileTest\\AgileTest\\Reports\\mobileWeb\\plan detail\\20190812_173746\\../Screenshots/iPhone X/Plan Detail/stm_advanthealth 3/20190812_175055/29.png]]&#xD;
&#xD;
2019-08-12 17:52:55 - [TEST_STEP][PASSED] - (internal.GlobalVariable.i++): null&#xD;
&#xD;
2019-08-12 17:52:55 - [MESSAGE][PASSED] - Call Test Case 'Test Cases/mobileWeb/_include/get_screenshot' successfully&#xD;
&#xD;
2019-08-12 17:52:55 - [TEST_STEP][PASSED] - scrollToPosition(0, y): Browser is scrolled to position x = 0, y = 18000&#xD;
&#xD;
2019-08-12 17:52:56 - [MESSAGE][PASSED] - Browser is scrolled to position x = 0, y = 18000&#xD;
&#xD;
2019-08-12 17:52:56 - [TEST_STEP][PASSED] - Thread.sleep(3000): null&#xD;
&#xD;
2019-08-12 17:52:59 - [TEST_STEP][PASSED] - callTestCase(findTestCase("mobileWeb/_include/get_screenshot"), [:], STOP_ON_FAILURE): Call Test Case 'Test Cases/mobileWeb/_include/get_screenshot' successfully&#xD;
&#xD;
2019-08-12 17:52:59 - [TEST_CASE][PASSED] - Test Cases/mobileWeb/_include/get_screenshot: Test Cases/mobileWeb/_include/get_screenshot&#xD;
&#xD;
2019-08-12 17:52:59 - [TEST_STEP][PASSED] - takeScreenshot(screenPath + i + ".png"): Taking screenshot successfully&#xD;
&#xD;
2019-08-12 17:52:59 - [MESSAGE][PASSED] - Taking screenshot successfully&#xD;
[[ATTACHMENT|D:\\Test\\AgileTest\\AgileTest\\Reports\\mobileWeb\\plan detail\\20190812_173746\\../Screenshots/iPhone X/Plan Detail/stm_advanthealth 3/20190812_175055/30.png]]&#xD;
&#xD;
2019-08-12 17:52:59 - [TEST_STEP][PASSED] - (internal.GlobalVariable.i++): null&#xD;
&#xD;
2019-08-12 17:52:59 - [MESSAGE][PASSED] - Call Test Case 'Test Cases/mobileWeb/_include/get_screenshot' successfully&#xD;
&#xD;
2019-08-12 17:52:59 - [TEST_STEP][PASSED] - scrollToPosition(0, y): Browser is scrolled to position x = 0, y = 18600&#xD;
&#xD;
2019-08-12 17:52:59 - [MESSAGE][PASSED] - Browser is scrolled to position x = 0, y = 18600&#xD;
&#xD;
2019-08-12 17:52:59 - [TEST_STEP][PASSED] - Thread.sleep(3000): null&#xD;
&#xD;
2019-08-12 17:53:02 - [TEST_STEP][PASSED] - callTestCase(findTestCase("mobileWeb/_include/get_screenshot"), [:], STOP_ON_FAILURE): Call Test Case 'Test Cases/mobileWeb/_include/get_screenshot' successfully&#xD;
&#xD;
2019-08-12 17:53:02 - [TEST_CASE][PASSED] - Test Cases/mobileWeb/_include/get_screenshot: Test Cases/mobileWeb/_include/get_screenshot&#xD;
&#xD;
2019-08-12 17:53:02 - [TEST_STEP][PASSED] - takeScreenshot(screenPath + i + ".png"): Taking screenshot successfully&#xD;
&#xD;
2019-08-12 17:53:03 - [MESSAGE][PASSED] - Taking screenshot successfully&#xD;
[[ATTACHMENT|D:\\Test\\AgileTest\\AgileTest\\Reports\\mobileWeb\\plan detail\\20190812_173746\\../Screenshots/iPhone X/Plan Detail/stm_advanthealth 3/20190812_175055/31.png]]&#xD;
&#xD;
2019-08-12 17:53:03 - [TEST_STEP][PASSED] - (internal.GlobalVariable.i++): null&#xD;
&#xD;
2019-08-12 17:53:03 - [MESSAGE][PASSED] - Call Test Case 'Test Cases/mobileWeb/_include/get_screenshot' successfully&#xD;
&#xD;
2019-08-12 17:53:03 - [TEST_STEP][PASSED] - scrollToPosition(0, y): Browser is scrolled to position x = 0, y = 19200&#xD;
&#xD;
2019-08-12 17:53:03 - [MESSAGE][PASSED] - Browser is scrolled to position x = 0, y = 19200&#xD;
&#xD;
2019-08-12 17:53:03 - [TEST_STEP][PASSED] - Thread.sleep(3000): null&#xD;
&#xD;
2019-08-12 17:53:06 - [TEST_STEP][PASSED] - callTestCase(findTestCase("mobileWeb/_include/get_screenshot"), [:], STOP_ON_FAILURE): Call Test Case 'Test Cases/mobileWeb/_include/get_screenshot' successfully&#xD;
&#xD;
2019-08-12 17:53:06 - [TEST_CASE][PASSED] - Test Cases/mobileWeb/_include/get_screenshot: Test Cases/mobileWeb/_include/get_screenshot&#xD;
&#xD;
2019-08-12 17:53:06 - [TEST_STEP][PASSED] - takeScreenshot(screenPath + i + ".png"): Taking screenshot successfully&#xD;
&#xD;
2019-08-12 17:53:07 - [MESSAGE][PASSED] - Taking screenshot successfully&#xD;
[[ATTACHMENT|D:\\Test\\AgileTest\\AgileTest\\Reports\\mobileWeb\\plan detail\\20190812_173746\\../Screenshots/iPhone X/Plan Detail/stm_advanthealth 3/20190812_175055/32.png]]&#xD;
&#xD;
2019-08-12 17:53:07 - [TEST_STEP][PASSED] - (internal.GlobalVariable.i++): null&#xD;
&#xD;
2019-08-12 17:53:07 - [MESSAGE][PASSED] - Call Test Case 'Test Cases/mobileWeb/_include/get_screenshot' successfully&#xD;
&#xD;
2019-08-12 17:53:07 - [TEST_STEP][PASSED] - scrollToPosition(0, y): Browser is scrolled to position x = 0, y = 19800&#xD;
&#xD;
2019-08-12 17:53:07 - [MESSAGE][PASSED] - Browser is scrolled to position x = 0, y = 19800&#xD;
&#xD;
2019-08-12 17:53:07 - [TEST_STEP][PASSED] - Thread.sleep(3000): null&#xD;
&#xD;
2019-08-12 17:53:10 - [TEST_STEP][PASSED] - callTestCase(findTestCase("mobileWeb/_include/get_screenshot"), [:], STOP_ON_FAILURE): Call Test Case 'Test Cases/mobileWeb/_include/get_screenshot' successfully&#xD;
&#xD;
2019-08-12 17:53:10 - [TEST_CASE][PASSED] - Test Cases/mobileWeb/_include/get_screenshot: Test Cases/mobileWeb/_include/get_screenshot&#xD;
&#xD;
2019-08-12 17:53:10 - [TEST_STEP][PASSED] - takeScreenshot(screenPath + i + ".png"): Taking screenshot successfully&#xD;
&#xD;
2019-08-12 17:53:11 - [MESSAGE][PASSED] - Taking screenshot successfully&#xD;
[[ATTACHMENT|D:\\Test\\AgileTest\\AgileTest\\Reports\\mobileWeb\\plan detail\\20190812_173746\\../Screenshots/iPhone X/Plan Detail/stm_advanthealth 3/20190812_175055/33.png]]&#xD;
&#xD;
2019-08-12 17:53:11 - [TEST_STEP][PASSED] - (internal.GlobalVariable.i++): null&#xD;
&#xD;
2019-08-12 17:53:11 - [MESSAGE][PASSED] - Call Test Case 'Test Cases/mobileWeb/_include/get_screenshot' successfully&#xD;
&#xD;
2019-08-12 17:53:11 - [TEST_STEP][PASSED] - scrollToPosition(0, y): Browser is scrolled to position x = 0, y = 20400&#xD;
&#xD;
2019-08-12 17:53:11 - [MESSAGE][PASSED] - Browser is scrolled to position x = 0, y = 20400&#xD;
&#xD;
2019-08-12 17:53:11 - [TEST_STEP][PASSED] - Thread.sleep(3000): null&#xD;
&#xD;
2019-08-12 17:53:14 - [TEST_STEP][PASSED] - callTestCase(findTestCase("mobileWeb/_include/get_screenshot"), [:], STOP_ON_FAILURE): Call Test Case 'Test Cases/mobileWeb/_include/get_screenshot' successfully&#xD;
&#xD;
2019-08-12 17:53:14 - [TEST_CASE][PASSED] - Test Cases/mobileWeb/_include/get_screenshot: Test Cases/mobileWeb/_include/get_screenshot&#xD;
&#xD;
2019-08-12 17:53:14 - [TEST_STEP][PASSED] - takeScreenshot(screenPath + i + ".png"): Taking screenshot successfully&#xD;
&#xD;
2019-08-12 17:53:14 - [MESSAGE][PASSED] - Taking screenshot successfully&#xD;
[[ATTACHMENT|D:\\Test\\AgileTest\\AgileTest\\Reports\\mobileWeb\\plan detail\\20190812_173746\\../Screenshots/iPhone X/Plan Detail/stm_advanthealth 3/20190812_175055/34.png]]&#xD;
&#xD;
2019-08-12 17:53:14 - [TEST_STEP][PASSED] - (internal.GlobalVariable.i++): null&#xD;
&#xD;
2019-08-12 17:53:14 - [MESSAGE][PASSED] - Call Test Case 'Test Cases/mobileWeb/_include/get_screenshot' successfully&#xD;
&#xD;
2019-08-12 17:53:14 - [TEST_STEP][PASSED] - scrollToPosition(0, y): Browser is scrolled to position x = 0, y = 21000&#xD;
&#xD;
2019-08-12 17:53:14 - [MESSAGE][PASSED] - Browser is scrolled to position x = 0, y = 21000&#xD;
&#xD;
2019-08-12 17:53:14 - [TEST_STEP][PASSED] - Thread.sleep(3000): null&#xD;
&#xD;
2019-08-12 17:53:17 - [TEST_STEP][PASSED] - callTestCase(findTestCase("mobileWeb/_include/get_screenshot"), [:], STOP_ON_FAILURE): Call Test Case 'Test Cases/mobileWeb/_include/get_screenshot' successfully&#xD;
&#xD;
2019-08-12 17:53:18 - [TEST_CASE][PASSED] - Test Cases/mobileWeb/_include/get_screenshot: Test Cases/mobileWeb/_include/get_screenshot&#xD;
&#xD;
2019-08-12 17:53:18 - [TEST_STEP][PASSED] - takeScreenshot(screenPath + i + ".png"): Taking screenshot successfully&#xD;
&#xD;
2019-08-12 17:53:18 - [MESSAGE][PASSED] - Taking screenshot successfully&#xD;
[[ATTACHMENT|D:\\Test\\AgileTest\\AgileTest\\Reports\\mobileWeb\\plan detail\\20190812_173746\\../Screenshots/iPhone X/Plan Detail/stm_advanthealth 3/20190812_175055/35.png]]&#xD;
&#xD;
2019-08-12 17:53:18 - [TEST_STEP][PASSED] - (internal.GlobalVariable.i++): null&#xD;
&#xD;
2019-08-12 17:53:18 - [MESSAGE][PASSED] - Call Test Case 'Test Cases/mobileWeb/_include/get_screenshot' successfully&#xD;
&#xD;
2019-08-12 17:53:18 - [TEST_STEP][PASSED] - scrollToPosition(0, y): Browser is scrolled to position x = 0, y = 21600&#xD;
&#xD;
2019-08-12 17:53:18 - [MESSAGE][PASSED] - Browser is scrolled to position x = 0, y = 21600&#xD;
&#xD;
2019-08-12 17:53:18 - [TEST_STEP][PASSED] - Thread.sleep(3000): null&#xD;
&#xD;
2019-08-12 17:53:21 - [TEST_STEP][PASSED] - callTestCase(findTestCase("mobileWeb/_include/get_screenshot"), [:], STOP_ON_FAILURE): Call Test Case 'Test Cases/mobileWeb/_include/get_screenshot' successfully&#xD;
&#xD;
2019-08-12 17:53:21 - [TEST_CASE][PASSED] - Test Cases/mobileWeb/_include/get_screenshot: Test Cases/mobileWeb/_include/get_screenshot&#xD;
&#xD;
2019-08-12 17:53:21 - [TEST_STEP][PASSED] - takeScreenshot(screenPath + i + ".png"): Taking screenshot successfully&#xD;
&#xD;
2019-08-12 17:53:22 - [MESSAGE][PASSED] - Taking screenshot successfully&#xD;
[[ATTACHMENT|D:\\Test\\AgileTest\\AgileTest\\Reports\\mobileWeb\\plan detail\\20190812_173746\\../Screenshots/iPhone X/Plan Detail/stm_advanthealth 3/20190812_175055/36.png]]&#xD;
&#xD;
2019-08-12 17:53:22 - [TEST_STEP][PASSED] - (internal.GlobalVariable.i++): null&#xD;
&#xD;
2019-08-12 17:53:22 - [MESSAGE][PASSED] - Call Test Case 'Test Cases/mobileWeb/_include/get_screenshot' successfully&#xD;
&#xD;
2019-08-12 17:53:22 - [TEST_STEP][PASSED] - scrollToPosition(0, y): Browser is scrolled to position x = 0, y = 22200&#xD;
&#xD;
2019-08-12 17:53:22 - [MESSAGE][PASSED] - Browser is scrolled to position x = 0, y = 22200&#xD;
&#xD;
2019-08-12 17:53:22 - [TEST_STEP][PASSED] - Thread.sleep(3000): null&#xD;
&#xD;
2019-08-12 17:53:25 - [TEST_STEP][PASSED] - callTestCase(findTestCase("mobileWeb/_include/get_screenshot"), [:], STOP_ON_FAILURE): Call Test Case 'Test Cases/mobileWeb/_include/get_screenshot' successfully&#xD;
&#xD;
2019-08-12 17:53:25 - [TEST_CASE][PASSED] - Test Cases/mobileWeb/_include/get_screenshot: Test Cases/mobileWeb/_include/get_screenshot&#xD;
&#xD;
2019-08-12 17:53:25 - [TEST_STEP][PASSED] - takeScreenshot(screenPath + i + ".png"): Taking screenshot successfully&#xD;
&#xD;
2019-08-12 17:53:26 - [MESSAGE][PASSED] - Taking screenshot successfully&#xD;
[[ATTACHMENT|D:\\Test\\AgileTest\\AgileTest\\Reports\\mobileWeb\\plan detail\\20190812_173746\\../Screenshots/iPhone X/Plan Detail/stm_advanthealth 3/20190812_175055/37.png]]&#xD;
&#xD;
2019-08-12 17:53:26 - [TEST_STEP][PASSED] - (internal.GlobalVariable.i++): null&#xD;
&#xD;
2019-08-12 17:53:26 - [MESSAGE][PASSED] - Call Test Case 'Test Cases/mobileWeb/_include/get_screenshot' successfully&#xD;
&#xD;
2019-08-12 17:53:26 - [TEST_STEP][PASSED] - scrollToPosition(0, y): Browser is scrolled to position x = 0, y = 22800&#xD;
&#xD;
2019-08-12 17:53:26 - [MESSAGE][PASSED] - Browser is scrolled to position x = 0, y = 22800&#xD;
&#xD;
2019-08-12 17:53:26 - [TEST_STEP][PASSED] - Thread.sleep(3000): null&#xD;
&#xD;
2019-08-12 17:53:29 - [TEST_STEP][PASSED] - callTestCase(findTestCase("mobileWeb/_include/get_screenshot"), [:], STOP_ON_FAILURE): Call Test Case 'Test Cases/mobileWeb/_include/get_screenshot' successfully&#xD;
&#xD;
2019-08-12 17:53:29 - [TEST_CASE][PASSED] - Test Cases/mobileWeb/_include/get_screenshot: Test Cases/mobileWeb/_include/get_screenshot&#xD;
&#xD;
2019-08-12 17:53:29 - [TEST_STEP][PASSED] - takeScreenshot(screenPath + i + ".png"): Taking screenshot successfully&#xD;
&#xD;
2019-08-12 17:53:29 - [MESSAGE][PASSED] - Taking screenshot successfully&#xD;
[[ATTACHMENT|D:\\Test\\AgileTest\\AgileTest\\Reports\\mobileWeb\\plan detail\\20190812_173746\\../Screenshots/iPhone X/Plan Detail/stm_advanthealth 3/20190812_175055/38.png]]&#xD;
&#xD;
2019-08-12 17:53:29 - [TEST_STEP][PASSED] - (internal.GlobalVariable.i++): null&#xD;
&#xD;
2019-08-12 17:53:29 - [MESSAGE][PASSED] - Call Test Case 'Test Cases/mobileWeb/_include/get_screenshot' successfully&#xD;
&#xD;
2019-08-12 17:53:29 - [TEST_STEP][PASSED] - scrollToPosition(0, y): Browser is scrolled to position x = 0, y = 23400&#xD;
&#xD;
2019-08-12 17:53:29 - [MESSAGE][PASSED] - Browser is scrolled to position x = 0, y = 23400&#xD;
&#xD;
2019-08-12 17:53:29 - [TEST_STEP][PASSED] - Thread.sleep(3000): null&#xD;
&#xD;
2019-08-12 17:53:32 - [TEST_STEP][PASSED] - callTestCase(findTestCase("mobileWeb/_include/get_screenshot"), [:], STOP_ON_FAILURE): Call Test Case 'Test Cases/mobileWeb/_include/get_screenshot' successfully&#xD;
&#xD;
2019-08-12 17:53:32 - [TEST_CASE][PASSED] - Test Cases/mobileWeb/_include/get_screenshot: Test Cases/mobileWeb/_include/get_screenshot&#xD;
&#xD;
2019-08-12 17:53:32 - [TEST_STEP][PASSED] - takeScreenshot(screenPath + i + ".png"): Taking screenshot successfully&#xD;
&#xD;
2019-08-12 17:53:33 - [MESSAGE][PASSED] - Taking screenshot successfully&#xD;
[[ATTACHMENT|D:\\Test\\AgileTest\\AgileTest\\Reports\\mobileWeb\\plan detail\\20190812_173746\\../Screenshots/iPhone X/Plan Detail/stm_advanthealth 3/20190812_175055/39.png]]&#xD;
&#xD;
2019-08-12 17:53:33 - [TEST_STEP][PASSED] - (internal.GlobalVariable.i++): null&#xD;
&#xD;
2019-08-12 17:53:33 - [MESSAGE][PASSED] - Call Test Case 'Test Cases/mobileWeb/_include/get_screenshot' successfully&#xD;
&#xD;
2019-08-12 17:53:33 - [TEST_STEP][PASSED] - scrollToPosition(0, y): Browser is scrolled to position x = 0, y = 24000&#xD;
&#xD;
2019-08-12 17:53:33 - [MESSAGE][PASSED] - Browser is scrolled to position x = 0, y = 24000&#xD;
&#xD;
2019-08-12 17:53:33 - [TEST_STEP][PASSED] - Thread.sleep(3000): null&#xD;
&#xD;
2019-08-12 17:53:36 - [TEST_STEP][PASSED] - callTestCase(findTestCase("mobileWeb/_include/get_screenshot"), [:], STOP_ON_FAILURE): Call Test Case 'Test Cases/mobileWeb/_include/get_screenshot' successfully&#xD;
&#xD;
2019-08-12 17:53:36 - [TEST_CASE][PASSED] - Test Cases/mobileWeb/_include/get_screenshot: Test Cases/mobileWeb/_include/get_screenshot&#xD;
&#xD;
2019-08-12 17:53:36 - [TEST_STEP][PASSED] - takeScreenshot(screenPath + i + ".png"): Taking screenshot successfully&#xD;
&#xD;
2019-08-12 17:53:37 - [MESSAGE][PASSED] - Taking screenshot successfully&#xD;
[[ATTACHMENT|D:\\Test\\AgileTest\\AgileTest\\Reports\\mobileWeb\\plan detail\\20190812_173746\\../Screenshots/iPhone X/Plan Detail/stm_advanthealth 3/20190812_175055/40.png]]&#xD;
&#xD;
2019-08-12 17:53:37 - [TEST_STEP][PASSED] - (internal.GlobalVariable.i++): null&#xD;
&#xD;
2019-08-12 17:53:37 - [MESSAGE][PASSED] - Call Test Case 'Test Cases/mobileWeb/_include/get_screenshot' successfully&#xD;
&#xD;
2019-08-12 17:53:37 - [TEST_STEP][PASSED] - scrollToPosition(0, y): Browser is scrolled to position x = 0, y = 24600&#xD;
&#xD;
2019-08-12 17:53:37 - [MESSAGE][PASSED] - Browser is scrolled to position x = 0, y = 24600&#xD;
&#xD;
2019-08-12 17:53:37 - [TEST_STEP][PASSED] - Thread.sleep(3000): null&#xD;
&#xD;
2019-08-12 17:53:40 - [TEST_STEP][PASSED] - callTestCase(findTestCase("mobileWeb/_include/get_screenshot"), [:], STOP_ON_FAILURE): Call Test Case 'Test Cases/mobileWeb/_include/get_screenshot' successfully&#xD;
&#xD;
2019-08-12 17:53:40 - [TEST_CASE][PASSED] - Test Cases/mobileWeb/_include/get_screenshot: Test Cases/mobileWeb/_include/get_screenshot&#xD;
&#xD;
2019-08-12 17:53:40 - [TEST_STEP][PASSED] - takeScreenshot(screenPath + i + ".png"): Taking screenshot successfully&#xD;
&#xD;
2019-08-12 17:53:41 - [MESSAGE][PASSED] - Taking screenshot successfully&#xD;
[[ATTACHMENT|D:\\Test\\AgileTest\\AgileTest\\Reports\\mobileWeb\\plan detail\\20190812_173746\\../Screenshots/iPhone X/Plan Detail/stm_advanthealth 3/20190812_175055/41.png]]&#xD;
&#xD;
2019-08-12 17:53:41 - [TEST_STEP][PASSED] - (internal.GlobalVariable.i++): null&#xD;
&#xD;
2019-08-12 17:53:41 - [MESSAGE][PASSED] - Call Test Case 'Test Cases/mobileWeb/_include/get_screenshot' successfully&#xD;
&#xD;
2019-08-12 17:53:41 - [TEST_STEP][PASSED] - scrollToPosition(0, y): Browser is scrolled to position x = 0, y = 25200&#xD;
&#xD;
2019-08-12 17:53:41 - [MESSAGE][PASSED] - Browser is scrolled to position x = 0, y = 25200&#xD;
&#xD;
2019-08-12 17:53:41 - [TEST_STEP][PASSED] - Thread.sleep(3000): null&#xD;
&#xD;
2019-08-12 17:53:44 - [TEST_STEP][PASSED] - callTestCase(findTestCase("mobileWeb/_include/get_screenshot"), [:], STOP_ON_FAILURE): Call Test Case 'Test Cases/mobileWeb/_include/get_screenshot' successfully&#xD;
&#xD;
2019-08-12 17:53:44 - [TEST_CASE][PASSED] - Test Cases/mobileWeb/_include/get_screenshot: Test Cases/mobileWeb/_include/get_screenshot&#xD;
&#xD;
2019-08-12 17:53:44 - [TEST_STEP][PASSED] - takeScreenshot(screenPath + i + ".png"): Taking screenshot successfully&#xD;
&#xD;
2019-08-12 17:53:44 - [MESSAGE][PASSED] - Taking screenshot successfully&#xD;
[[ATTACHMENT|D:\\Test\\AgileTest\\AgileTest\\Reports\\mobileWeb\\plan detail\\20190812_173746\\../Screenshots/iPhone X/Plan Detail/stm_advanthealth 3/20190812_175055/42.png]]&#xD;
&#xD;
2019-08-12 17:53:44 - [TEST_STEP][PASSED] - (internal.GlobalVariable.i++): null&#xD;
&#xD;
2019-08-12 17:53:44 - [MESSAGE][PASSED] - Call Test Case 'Test Cases/mobileWeb/_include/get_screenshot' successfully&#xD;
&#xD;
2019-08-12 17:53:44 - [TEST_STEP][PASSED] - scrollToPosition(0, y): Browser is scrolled to position x = 0, y = 25800&#xD;
&#xD;
2019-08-12 17:53:44 - [MESSAGE][PASSED] - Browser is scrolled to position x = 0, y = 25800&#xD;
&#xD;
2019-08-12 17:53:44 - [TEST_STEP][PASSED] - Thread.sleep(3000): null&#xD;
&#xD;
2019-08-12 17:53:47 - [TEST_STEP][PASSED] - callTestCase(findTestCase("mobileWeb/_include/get_screenshot"), [:], STOP_ON_FAILURE): Call Test Case 'Test Cases/mobileWeb/_include/get_screenshot' successfully&#xD;
&#xD;
2019-08-12 17:53:48 - [TEST_CASE][PASSED] - Test Cases/mobileWeb/_include/get_screenshot: Test Cases/mobileWeb/_include/get_screenshot&#xD;
&#xD;
2019-08-12 17:53:48 - [TEST_STEP][PASSED] - takeScreenshot(screenPath + i + ".png"): Taking screenshot successfully&#xD;
&#xD;
2019-08-12 17:53:48 - [MESSAGE][PASSED] - Taking screenshot successfully&#xD;
[[ATTACHMENT|D:\\Test\\AgileTest\\AgileTest\\Reports\\mobileWeb\\plan detail\\20190812_173746\\../Screenshots/iPhone X/Plan Detail/stm_advanthealth 3/20190812_175055/43.png]]&#xD;
&#xD;
2019-08-12 17:53:48 - [TEST_STEP][PASSED] - (internal.GlobalVariable.i++): null&#xD;
&#xD;
2019-08-12 17:53:48 - [MESSAGE][PASSED] - Call Test Case 'Test Cases/mobileWeb/_include/get_screenshot' successfully&#xD;
&#xD;
2019-08-12 17:53:48 - [TEST_STEP][PASSED] - scrollToPosition(0, y): Browser is scrolled to position x = 0, y = 26400&#xD;
&#xD;
2019-08-12 17:53:48 - [MESSAGE][PASSED] - Browser is scrolled to position x = 0, y = 26400&#xD;
&#xD;
2019-08-12 17:53:48 - [TEST_STEP][PASSED] - Thread.sleep(3000): null&#xD;
&#xD;
2019-08-12 17:53:51 - [MESSAGE][PASSED] - Call Test Case 'Test Cases/mobileWeb/_include/get_scrollScreenshot' successfully</system-out>
            <system-err></system-err>
        </testcase>
        <testcase name="Test Cases/mobileWeb/Other Pages Check/Plan Detail/stm/aspen 3" classname="Test Cases/mobileWeb/Other Pages Check/Plan Detail/stm/aspen 3" status="PASSED">
            <system-out>2019-08-12 17:53:51 - [TEST_CASE][PASSED] - Test Cases/mobileWeb/Other Pages Check/Plan Detail/stm/aspen 3: Test Cases/mobileWeb/Other Pages Check/Plan Detail/stm/aspen 3&#xD;
&#xD;
2019-08-12 17:53:51 - [TEST_STEP][PASSED] - callTestCase(findTestCase("mobileWeb/_include/get_screenPath"), ["productLine":"Plan Detail", "carrierName":"stm_aspen 3"], CONTINUE_ON_FAILURE): Call Test Case 'Test Cases/mobileWeb/_include/get_screenPath' successfully&#xD;
&#xD;
2019-08-12 17:53:52 - [TEST_CASE][PASSED] - Test Cases/mobileWeb/_include/get_screenPath: Test Cases/mobileWeb/_include/get_screenPath&#xD;
&#xD;
2019-08-12 17:53:52 - [TEST_STEP][PASSED] - m = getExecutionProperties(): null&#xD;
&#xD;
2019-08-12 17:53:52 - [TEST_STEP][PASSED] - deviceName = get("mobileEmulation").get("deviceName"): null&#xD;
&#xD;
2019-08-12 17:53:52 - [TEST_STEP][PASSED] - println(deviceName): null&#xD;
&#xD;
2019-08-12 17:53:52 - [TEST_STEP][PASSED] - now = new java.util.Date(): null&#xD;
&#xD;
2019-08-12 17:53:52 - [TEST_STEP][PASSED] - mydate = now.format("yyyyMMdd_HHmmss"): null&#xD;
&#xD;
2019-08-12 17:53:52 - [TEST_STEP][PASSED] - screenPath = "../Screenshots/": null&#xD;
&#xD;
2019-08-12 17:53:52 - [TEST_STEP][PASSED] - screenPath = screenPath + deviceName + "/" + productLine + "/" + carrierName + "/" + mydate + "/": null&#xD;
&#xD;
2019-08-12 17:53:52 - [TEST_STEP][PASSED] - println(screenPath): null&#xD;
&#xD;
2019-08-12 17:53:52 - [MESSAGE][PASSED] - Call Test Case 'Test Cases/mobileWeb/_include/get_screenPath' successfully&#xD;
&#xD;
2019-08-12 17:53:52 - [TEST_STEP][PASSED] - i = 0: null&#xD;
&#xD;
2019-08-12 17:53:52 - [TEST_STEP][PASSED] - openBrowser("https://praetemptatus.agilehealthinsurance.com/term-health-insurance/plan/aspen-plan-3-al-7500-30-17500-1500000-extended?census[location][zip]=35215&amp;census[member][0][dob]=1/1/1980&amp;census[member][0][gender]=F&amp;census[member][0][role]=P"): Browser is opened with url: 'https://praetemptatus.agilehealthinsurance.com/term-health-insurance/plan/aspen-plan-3-al-7500-30-17500-1500000-extended?census[location][zip]=35215&amp;census[member][0][dob]=1/1/1980&amp;census[member][0][gender]=F&amp;census[member][0][role]=P'&#xD;
&#xD;
2019-08-12 17:53:52 - [MESSAGE][WARNING] - A browser is already opened. Closing browser and opening a new one&#xD;
&#xD;
2019-08-12 17:53:52 - [MESSAGE][INFO] - Starting 'Chrome' driver&#xD;
&#xD;
2019-08-12 17:53:52 - [MESSAGE][INFO] - User set preference: ['mobileEmulation', '{deviceName=iPhone X}']&#xD;
&#xD;
2019-08-12 17:53:52 - [MESSAGE][INFO] - User set preference: ['args', '[--incognito, --aggressive-cache-discard, --no-sandbox, --window-size=375,812]']&#xD;
&#xD;
2019-08-12 17:54:01 - [MESSAGE][PASSED] - Browser is opened with url: 'https://praetemptatus.agilehealthinsurance.com/term-health-insurance/plan/aspen-plan-3-al-7500-30-17500-1500000-extended?census[location][zip]=35215&amp;census[member][0][dob]=1/1/1980&amp;census[member][0][gender]=F&amp;census[member][0][role]=P'&#xD;
&#xD;
2019-08-12 17:54:01 - [TEST_STEP][PASSED] - waitForPageLoad(20): Wait for page load successfully&#xD;
&#xD;
2019-08-12 17:54:01 - [MESSAGE][PASSED] - Wait for page load successfully&#xD;
&#xD;
2019-08-12 17:54:01 - [TEST_STEP][PASSED] - callTestCase(findTestCase("mobileWeb/_include/get_scrollScreenshot"), [:], STOP_ON_FAILURE): Call Test Case 'Test Cases/mobileWeb/_include/get_scrollScreenshot' successfully&#xD;
&#xD;
2019-08-12 17:54:01 - [TEST_CASE][PASSED] - Test Cases/mobileWeb/_include/get_scrollScreenshot: Test Cases/mobileWeb/_include/get_scrollScreenshot&#xD;
&#xD;
2019-08-12 17:54:01 - [TEST_STEP][PASSED] - pageHeight = getPageHeight(): Current page's height is 31524&#xD;
&#xD;
2019-08-12 17:54:01 - [MESSAGE][PASSED] - Current page's height is 31524&#xD;
&#xD;
2019-08-12 17:54:01 - [TEST_STEP][PASSED] - for ([y = 600, y &lt; pageHeight, y = y + 600]): null&#xD;
&#xD;
2019-08-12 17:54:01 - [TEST_STEP][PASSED] - callTestCase(findTestCase("mobileWeb/_include/get_screenshot"), [:], STOP_ON_FAILURE): Call Test Case 'Test Cases/mobileWeb/_include/get_screenshot' successfully&#xD;
&#xD;
2019-08-12 17:54:01 - [TEST_CASE][PASSED] - Test Cases/mobileWeb/_include/get_screenshot: Test Cases/mobileWeb/_include/get_screenshot&#xD;
&#xD;
2019-08-12 17:54:01 - [TEST_STEP][PASSED] - takeScreenshot(screenPath + i + ".png"): Taking screenshot successfully&#xD;
&#xD;
2019-08-12 17:54:02 - [MESSAGE][PASSED] - Taking screenshot successfully&#xD;
[[ATTACHMENT|D:\\Test\\AgileTest\\AgileTest\\Reports\\mobileWeb\\plan detail\\20190812_173746\\../Screenshots/iPhone X/Plan Detail/stm_aspen 3/20190812_175352/0.png]]&#xD;
&#xD;
2019-08-12 17:54:02 - [TEST_STEP][PASSED] - (internal.GlobalVariable.i++): null&#xD;
&#xD;
2019-08-12 17:54:02 - [MESSAGE][PASSED] - Call Test Case 'Test Cases/mobileWeb/_include/get_screenshot' successfully&#xD;
&#xD;
2019-08-12 17:54:02 - [TEST_STEP][PASSED] - scrollToPosition(0, y): Browser is scrolled to position x = 0, y = 600&#xD;
&#xD;
2019-08-12 17:54:02 - [MESSAGE][PASSED] - Browser is scrolled to position x = 0, y = 600&#xD;
&#xD;
2019-08-12 17:54:02 - [TEST_STEP][PASSED] - Thread.sleep(3000): null&#xD;
&#xD;
2019-08-12 17:54:05 - [TEST_STEP][PASSED] - callTestCase(findTestCase("mobileWeb/_include/get_screenshot"), [:], STOP_ON_FAILURE): Call Test Case 'Test Cases/mobileWeb/_include/get_screenshot' successfully&#xD;
&#xD;
2019-08-12 17:54:05 - [TEST_CASE][PASSED] - Test Cases/mobileWeb/_include/get_screenshot: Test Cases/mobileWeb/_include/get_screenshot&#xD;
&#xD;
2019-08-12 17:54:05 - [TEST_STEP][PASSED] - takeScreenshot(screenPath + i + ".png"): Taking screenshot successfully&#xD;
&#xD;
2019-08-12 17:54:06 - [MESSAGE][PASSED] - Taking screenshot successfully&#xD;
[[ATTACHMENT|D:\\Test\\AgileTest\\AgileTest\\Reports\\mobileWeb\\plan detail\\20190812_173746\\../Screenshots/iPhone X/Plan Detail/stm_aspen 3/20190812_175352/1.png]]&#xD;
&#xD;
2019-08-12 17:54:06 - [TEST_STEP][PASSED] - (internal.GlobalVariable.i++): null&#xD;
&#xD;
2019-08-12 17:54:06 - [MESSAGE][PASSED] - Call Test Case 'Test Cases/mobileWeb/_include/get_screenshot' successfully&#xD;
&#xD;
2019-08-12 17:54:06 - [TEST_STEP][PASSED] - scrollToPosition(0, y): Browser is scrolled to position x = 0, y = 1200&#xD;
&#xD;
2019-08-12 17:54:06 - [MESSAGE][PASSED] - Browser is scrolled to position x = 0, y = 1200&#xD;
&#xD;
2019-08-12 17:54:06 - [TEST_STEP][PASSED] - Thread.sleep(3000): null&#xD;
&#xD;
2019-08-12 17:54:09 - [TEST_STEP][PASSED] - callTestCase(findTestCase("mobileWeb/_include/get_screenshot"), [:], STOP_ON_FAILURE): Call Test Case 'Test Cases/mobileWeb/_include/get_screenshot' successfully&#xD;
&#xD;
2019-08-12 17:54:09 - [TEST_CASE][PASSED] - Test Cases/mobileWeb/_include/get_screenshot: Test Cases/mobileWeb/_include/get_screenshot&#xD;
&#xD;
2019-08-12 17:54:09 - [TEST_STEP][PASSED] - takeScreenshot(screenPath + i + ".png"): Taking screenshot successfully&#xD;
&#xD;
2019-08-12 17:54:09 - [MESSAGE][PASSED] - Taking screenshot successfully&#xD;
[[ATTACHMENT|D:\\Test\\AgileTest\\AgileTest\\Reports\\mobileWeb\\plan detail\\20190812_173746\\../Screenshots/iPhone X/Plan Detail/stm_aspen 3/20190812_175352/2.png]]&#xD;
&#xD;
2019-08-12 17:54:09 - [TEST_STEP][PASSED] - (internal.GlobalVariable.i++): null&#xD;
&#xD;
2019-08-12 17:54:09 - [MESSAGE][PASSED] - Call Test Case 'Test Cases/mobileWeb/_include/get_screenshot' successfully&#xD;
&#xD;
2019-08-12 17:54:09 - [TEST_STEP][PASSED] - scrollToPosition(0, y): Browser is scrolled to position x = 0, y = 1800&#xD;
&#xD;
2019-08-12 17:54:09 - [MESSAGE][PASSED] - Browser is scrolled to position x = 0, y = 1800&#xD;
&#xD;
2019-08-12 17:54:09 - [TEST_STEP][PASSED] - Thread.sleep(3000): null&#xD;
&#xD;
2019-08-12 17:54:12 - [TEST_STEP][PASSED] - callTestCase(findTestCase("mobileWeb/_include/get_screenshot"), [:], STOP_ON_FAILURE): Call Test Case 'Test Cases/mobileWeb/_include/get_screenshot' successfully&#xD;
&#xD;
2019-08-12 17:54:12 - [TEST_CASE][PASSED] - Test Cases/mobileWeb/_include/get_screenshot: Test Cases/mobileWeb/_include/get_screenshot&#xD;
&#xD;
2019-08-12 17:54:12 - [TEST_STEP][PASSED] - takeScreenshot(screenPath + i + ".png"): Taking screenshot successfully&#xD;
&#xD;
2019-08-12 17:54:13 - [MESSAGE][PASSED] - Taking screenshot successfully&#xD;
[[ATTACHMENT|D:\\Test\\AgileTest\\AgileTest\\Reports\\mobileWeb\\plan detail\\20190812_173746\\../Screenshots/iPhone X/Plan Detail/stm_aspen 3/20190812_175352/3.png]]&#xD;
&#xD;
2019-08-12 17:54:13 - [TEST_STEP][PASSED] - (internal.GlobalVariable.i++): null&#xD;
&#xD;
2019-08-12 17:54:13 - [MESSAGE][PASSED] - Call Test Case 'Test Cases/mobileWeb/_include/get_screenshot' successfully&#xD;
&#xD;
2019-08-12 17:54:13 - [TEST_STEP][PASSED] - scrollToPosition(0, y): Browser is scrolled to position x = 0, y = 2400&#xD;
&#xD;
2019-08-12 17:54:13 - [MESSAGE][PASSED] - Browser is scrolled to position x = 0, y = 2400&#xD;
&#xD;
2019-08-12 17:54:13 - [TEST_STEP][PASSED] - Thread.sleep(3000): null&#xD;
&#xD;
2019-08-12 17:54:16 - [TEST_STEP][PASSED] - callTestCase(findTestCase("mobileWeb/_include/get_screenshot"), [:], STOP_ON_FAILURE): Call Test Case 'Test Cases/mobileWeb/_include/get_screenshot' successfully&#xD;
&#xD;
2019-08-12 17:54:16 - [TEST_CASE][PASSED] - Test Cases/mobileWeb/_include/get_screenshot: Test Cases/mobileWeb/_include/get_screenshot&#xD;
&#xD;
2019-08-12 17:54:16 - [TEST_STEP][PASSED] - takeScreenshot(screenPath + i + ".png"): Taking screenshot successfully&#xD;
&#xD;
2019-08-12 17:54:17 - [MESSAGE][PASSED] - Taking screenshot successfully&#xD;
[[ATTACHMENT|D:\\Test\\AgileTest\\AgileTest\\Reports\\mobileWeb\\plan detail\\20190812_173746\\../Screenshots/iPhone X/Plan Detail/stm_aspen 3/20190812_175352/4.png]]&#xD;
&#xD;
2019-08-12 17:54:17 - [TEST_STEP][PASSED] - (internal.GlobalVariable.i++): null&#xD;
&#xD;
2019-08-12 17:54:17 - [MESSAGE][PASSED] - Call Test Case 'Test Cases/mobileWeb/_include/get_screenshot' successfully&#xD;
&#xD;
2019-08-12 17:54:17 - [TEST_STEP][PASSED] - scrollToPosition(0, y): Browser is scrolled to position x = 0, y = 3000&#xD;
&#xD;
2019-08-12 17:54:17 - [MESSAGE][PASSED] - Browser is scrolled to position x = 0, y = 3000&#xD;
&#xD;
2019-08-12 17:54:17 - [TEST_STEP][PASSED] - Thread.sleep(3000): null&#xD;
&#xD;
2019-08-12 17:54:20 - [TEST_STEP][PASSED] - callTestCase(findTestCase("mobileWeb/_include/get_screenshot"), [:], STOP_ON_FAILURE): Call Test Case 'Test Cases/mobileWeb/_include/get_screenshot' successfully&#xD;
&#xD;
2019-08-12 17:54:20 - [TEST_CASE][PASSED] - Test Cases/mobileWeb/_include/get_screenshot: Test Cases/mobileWeb/_include/get_screenshot&#xD;
&#xD;
2019-08-12 17:54:20 - [TEST_STEP][PASSED] - takeScreenshot(screenPath + i + ".png"): Taking screenshot successfully&#xD;
&#xD;
2019-08-12 17:54:21 - [MESSAGE][PASSED] - Taking screenshot successfully&#xD;
[[ATTACHMENT|D:\\Test\\AgileTest\\AgileTest\\Reports\\mobileWeb\\plan detail\\20190812_173746\\../Screenshots/iPhone X/Plan Detail/stm_aspen 3/20190812_175352/5.png]]&#xD;
&#xD;
2019-08-12 17:54:21 - [TEST_STEP][PASSED] - (internal.GlobalVariable.i++): null&#xD;
&#xD;
2019-08-12 17:54:21 - [MESSAGE][PASSED] - Call Test Case 'Test Cases/mobileWeb/_include/get_screenshot' successfully&#xD;
&#xD;
2019-08-12 17:54:21 - [TEST_STEP][PASSED] - scrollToPosition(0, y): Browser is scrolled to position x = 0, y = 3600&#xD;
&#xD;
2019-08-12 17:54:21 - [MESSAGE][PASSED] - Browser is scrolled to position x = 0, y = 3600&#xD;
&#xD;
2019-08-12 17:54:21 - [TEST_STEP][PASSED] - Thread.sleep(3000): null&#xD;
&#xD;
2019-08-12 17:54:24 - [TEST_STEP][PASSED] - callTestCase(findTestCase("mobileWeb/_include/get_screenshot"), [:], STOP_ON_FAILURE): Call Test Case 'Test Cases/mobileWeb/_include/get_screenshot' successfully&#xD;
&#xD;
2019-08-12 17:54:24 - [TEST_CASE][PASSED] - Test Cases/mobileWeb/_include/get_screenshot: Test Cases/mobileWeb/_include/get_screenshot&#xD;
&#xD;
2019-08-12 17:54:24 - [TEST_STEP][PASSED] - takeScreenshot(screenPath + i + ".png"): Taking screenshot successfully&#xD;
&#xD;
2019-08-12 17:54:24 - [MESSAGE][PASSED] - Taking screenshot successfully&#xD;
[[ATTACHMENT|D:\\Test\\AgileTest\\AgileTest\\Reports\\mobileWeb\\plan detail\\20190812_173746\\../Screenshots/iPhone X/Plan Detail/stm_aspen 3/20190812_175352/6.png]]&#xD;
&#xD;
2019-08-12 17:54:24 - [TEST_STEP][PASSED] - (internal.GlobalVariable.i++): null&#xD;
&#xD;
2019-08-12 17:54:24 - [MESSAGE][PASSED] - Call Test Case 'Test Cases/mobileWeb/_include/get_screenshot' successfully&#xD;
&#xD;
2019-08-12 17:54:24 - [TEST_STEP][PASSED] - scrollToPosition(0, y): Browser is scrolled to position x = 0, y = 4200&#xD;
&#xD;
2019-08-12 17:54:24 - [MESSAGE][PASSED] - Browser is scrolled to position x = 0, y = 4200&#xD;
&#xD;
2019-08-12 17:54:24 - [TEST_STEP][PASSED] - Thread.sleep(3000): null&#xD;
&#xD;
2019-08-12 17:54:27 - [TEST_STEP][PASSED] - callTestCase(findTestCase("mobileWeb/_include/get_screenshot"), [:], STOP_ON_FAILURE): Call Test Case 'Test Cases/mobileWeb/_include/get_screenshot' successfully&#xD;
&#xD;
2019-08-12 17:54:28 - [TEST_CASE][PASSED] - Test Cases/mobileWeb/_include/get_screenshot: Test Cases/mobileWeb/_include/get_screenshot&#xD;
&#xD;
2019-08-12 17:54:28 - [TEST_STEP][PASSED] - takeScreenshot(screenPath + i + ".png"): Taking screenshot successfully&#xD;
&#xD;
2019-08-12 17:54:28 - [MESSAGE][PASSED] - Taking screenshot successfully&#xD;
[[ATTACHMENT|D:\\Test\\AgileTest\\AgileTest\\Reports\\mobileWeb\\plan detail\\20190812_173746\\../Screenshots/iPhone X/Plan Detail/stm_aspen 3/20190812_175352/7.png]]&#xD;
&#xD;
2019-08-12 17:54:28 - [TEST_STEP][PASSED] - (internal.GlobalVariable.i++): null&#xD;
&#xD;
2019-08-12 17:54:28 - [MESSAGE][PASSED] - Call Test Case 'Test Cases/mobileWeb/_include/get_screenshot' successfully&#xD;
&#xD;
2019-08-12 17:54:28 - [TEST_STEP][PASSED] - scrollToPosition(0, y): Browser is scrolled to position x = 0, y = 4800&#xD;
&#xD;
2019-08-12 17:54:28 - [MESSAGE][PASSED] - Browser is scrolled to position x = 0, y = 4800&#xD;
&#xD;
2019-08-12 17:54:28 - [TEST_STEP][PASSED] - Thread.sleep(3000): null&#xD;
&#xD;
2019-08-12 17:54:31 - [TEST_STEP][PASSED] - callTestCase(findTestCase("mobileWeb/_include/get_screenshot"), [:], STOP_ON_FAILURE): Call Test Case 'Test Cases/mobileWeb/_include/get_screenshot' successfully&#xD;
&#xD;
2019-08-12 17:54:31 - [TEST_CASE][PASSED] - Test Cases/mobileWeb/_include/get_screenshot: Test Cases/mobileWeb/_include/get_screenshot&#xD;
&#xD;
2019-08-12 17:54:31 - [TEST_STEP][PASSED] - takeScreenshot(screenPath + i + ".png"): Taking screenshot successfully&#xD;
&#xD;
2019-08-12 17:54:32 - [MESSAGE][PASSED] - Taking screenshot successfully&#xD;
[[ATTACHMENT|D:\\Test\\AgileTest\\AgileTest\\Reports\\mobileWeb\\plan detail\\20190812_173746\\../Screenshots/iPhone X/Plan Detail/stm_aspen 3/20190812_175352/8.png]]&#xD;
&#xD;
2019-08-12 17:54:32 - [TEST_STEP][PASSED] - (internal.GlobalVariable.i++): null&#xD;
&#xD;
2019-08-12 17:54:32 - [MESSAGE][PASSED] - Call Test Case 'Test Cases/mobileWeb/_include/get_screenshot' successfully&#xD;
&#xD;
2019-08-12 17:54:32 - [TEST_STEP][PASSED] - scrollToPosition(0, y): Browser is scrolled to position x = 0, y = 5400&#xD;
&#xD;
2019-08-12 17:54:32 - [MESSAGE][PASSED] - Browser is scrolled to position x = 0, y = 5400&#xD;
&#xD;
2019-08-12 17:54:32 - [TEST_STEP][PASSED] - Thread.sleep(3000): null&#xD;
&#xD;
2019-08-12 17:54:35 - [TEST_STEP][PASSED] - callTestCase(findTestCase("mobileWeb/_include/get_screenshot"), [:], STOP_ON_FAILURE): Call Test Case 'Test Cases/mobileWeb/_include/get_screenshot' successfully&#xD;
&#xD;
2019-08-12 17:54:35 - [TEST_CASE][PASSED] - Test Cases/mobileWeb/_include/get_screenshot: Test Cases/mobileWeb/_include/get_screenshot&#xD;
&#xD;
2019-08-12 17:54:35 - [TEST_STEP][PASSED] - takeScreenshot(screenPath + i + ".png"): Taking screenshot successfully&#xD;
&#xD;
2019-08-12 17:54:36 - [MESSAGE][PASSED] - Taking screenshot successfully&#xD;
[[ATTACHMENT|D:\\Test\\AgileTest\\AgileTest\\Reports\\mobileWeb\\plan detail\\20190812_173746\\../Screenshots/iPhone X/Plan Detail/stm_aspen 3/20190812_175352/9.png]]&#xD;
&#xD;
2019-08-12 17:54:36 - [TEST_STEP][PASSED] - (internal.GlobalVariable.i++): null&#xD;
&#xD;
2019-08-12 17:54:36 - [MESSAGE][PASSED] - Call Test Case 'Test Cases/mobileWeb/_include/get_screenshot' successfully&#xD;
&#xD;
2019-08-12 17:54:36 - [TEST_STEP][PASSED] - scrollToPosition(0, y): Browser is scrolled to position x = 0, y = 6000&#xD;
&#xD;
2019-08-12 17:54:36 - [MESSAGE][PASSED] - Browser is scrolled to position x = 0, y = 6000&#xD;
&#xD;
2019-08-12 17:54:36 - [TEST_STEP][PASSED] - Thread.sleep(3000): null&#xD;
&#xD;
2019-08-12 17:54:39 - [TEST_STEP][PASSED] - callTestCase(findTestCase("mobileWeb/_include/get_screenshot"), [:], STOP_ON_FAILURE): Call Test Case 'Test Cases/mobileWeb/_include/get_screenshot' successfully&#xD;
&#xD;
2019-08-12 17:54:39 - [TEST_CASE][PASSED] - Test Cases/mobileWeb/_include/get_screenshot: Test Cases/mobileWeb/_include/get_screenshot&#xD;
&#xD;
2019-08-12 17:54:39 - [TEST_STEP][PASSED] - takeScreenshot(screenPath + i + ".png"): Taking screenshot successfully&#xD;
&#xD;
2019-08-12 17:54:40 - [MESSAGE][PASSED] - Taking screenshot successfully&#xD;
[[ATTACHMENT|D:\\Test\\AgileTest\\AgileTest\\Reports\\mobileWeb\\plan detail\\20190812_173746\\../Screenshots/iPhone X/Plan Detail/stm_aspen 3/20190812_175352/10.png]]&#xD;
&#xD;
2019-08-12 17:54:40 - [TEST_STEP][PASSED] - (internal.GlobalVariable.i++): null&#xD;
&#xD;
2019-08-12 17:54:40 - [MESSAGE][PASSED] - Call Test Case 'Test Cases/mobileWeb/_include/get_screenshot' successfully&#xD;
&#xD;
2019-08-12 17:54:40 - [TEST_STEP][PASSED] - scrollToPosition(0, y): Browser is scrolled to position x = 0, y = 6600&#xD;
&#xD;
2019-08-12 17:54:40 - [MESSAGE][PASSED] - Browser is scrolled to position x = 0, y = 6600&#xD;
&#xD;
2019-08-12 17:54:40 - [TEST_STEP][PASSED] - Thread.sleep(3000): null&#xD;
&#xD;
2019-08-12 17:54:43 - [TEST_STEP][PASSED] - callTestCase(findTestCase("mobileWeb/_include/get_screenshot"), [:], STOP_ON_FAILURE): Call Test Case 'Test Cases/mobileWeb/_include/get_screenshot' successfully&#xD;
&#xD;
2019-08-12 17:54:43 - [TEST_CASE][PASSED] - Test Cases/mobileWeb/_include/get_screenshot: Test Cases/mobileWeb/_include/get_screenshot&#xD;
&#xD;
2019-08-12 17:54:43 - [TEST_STEP][PASSED] - takeScreenshot(screenPath + i + ".png"): Taking screenshot successfully&#xD;
&#xD;
2019-08-12 17:54:43 - [MESSAGE][PASSED] - Taking screenshot successfully&#xD;
[[ATTACHMENT|D:\\Test\\AgileTest\\AgileTest\\Reports\\mobileWeb\\plan detail\\20190812_173746\\../Screenshots/iPhone X/Plan Detail/stm_aspen 3/20190812_175352/11.png]]&#xD;
&#xD;
2019-08-12 17:54:43 - [TEST_STEP][PASSED] - (internal.GlobalVariable.i++): null&#xD;
&#xD;
2019-08-12 17:54:43 - [MESSAGE][PASSED] - Call Test Case 'Test Cases/mobileWeb/_include/get_screenshot' successfully&#xD;
&#xD;
2019-08-12 17:54:43 - [TEST_STEP][PASSED] - scrollToPosition(0, y): Browser is scrolled to position x = 0, y = 7200&#xD;
&#xD;
2019-08-12 17:54:43 - [MESSAGE][PASSED] - Browser is scrolled to position x = 0, y = 7200&#xD;
&#xD;
2019-08-12 17:54:43 - [TEST_STEP][PASSED] - Thread.sleep(3000): null&#xD;
&#xD;
2019-08-12 17:54:46 - [TEST_STEP][PASSED] - callTestCase(findTestCase("mobileWeb/_include/get_screenshot"), [:], STOP_ON_FAILURE): Call Test Case 'Test Cases/mobileWeb/_include/get_screenshot' successfully&#xD;
&#xD;
2019-08-12 17:54:46 - [TEST_CASE][PASSED] - Test Cases/mobileWeb/_include/get_screenshot: Test Cases/mobileWeb/_include/get_screenshot&#xD;
&#xD;
2019-08-12 17:54:46 - [TEST_STEP][PASSED] - takeScreenshot(screenPath + i + ".png"): Taking screenshot successfully&#xD;
&#xD;
2019-08-12 17:54:47 - [MESSAGE][PASSED] - Taking screenshot successfully&#xD;
[[ATTACHMENT|D:\\Test\\AgileTest\\AgileTest\\Reports\\mobileWeb\\plan detail\\20190812_173746\\../Screenshots/iPhone X/Plan Detail/stm_aspen 3/20190812_175352/12.png]]&#xD;
&#xD;
2019-08-12 17:54:47 - [TEST_STEP][PASSED] - (internal.GlobalVariable.i++): null&#xD;
&#xD;
2019-08-12 17:54:47 - [MESSAGE][PASSED] - Call Test Case 'Test Cases/mobileWeb/_include/get_screenshot' successfully&#xD;
&#xD;
2019-08-12 17:54:47 - [TEST_STEP][PASSED] - scrollToPosition(0, y): Browser is scrolled to position x = 0, y = 7800&#xD;
&#xD;
2019-08-12 17:54:47 - [MESSAGE][PASSED] - Browser is scrolled to position x = 0, y = 7800&#xD;
&#xD;
2019-08-12 17:54:47 - [TEST_STEP][PASSED] - Thread.sleep(3000): null&#xD;
&#xD;
2019-08-12 17:54:50 - [TEST_STEP][PASSED] - callTestCase(findTestCase("mobileWeb/_include/get_screenshot"), [:], STOP_ON_FAILURE): Call Test Case 'Test Cases/mobileWeb/_include/get_screenshot' successfully&#xD;
&#xD;
2019-08-12 17:54:50 - [TEST_CASE][PASSED] - Test Cases/mobileWeb/_include/get_screenshot: Test Cases/mobileWeb/_include/get_screenshot&#xD;
&#xD;
2019-08-12 17:54:50 - [TEST_STEP][PASSED] - takeScreenshot(screenPath + i + ".png"): Taking screenshot successfully&#xD;
&#xD;
2019-08-12 17:54:51 - [MESSAGE][PASSED] - Taking screenshot successfully&#xD;
[[ATTACHMENT|D:\\Test\\AgileTest\\AgileTest\\Reports\\mobileWeb\\plan detail\\20190812_173746\\../Screenshots/iPhone X/Plan Detail/stm_aspen 3/20190812_175352/13.png]]&#xD;
&#xD;
2019-08-12 17:54:51 - [TEST_STEP][PASSED] - (internal.GlobalVariable.i++): null&#xD;
&#xD;
2019-08-12 17:54:51 - [MESSAGE][PASSED] - Call Test Case 'Test Cases/mobileWeb/_include/get_screenshot' successfully&#xD;
&#xD;
2019-08-12 17:54:51 - [TEST_STEP][PASSED] - scrollToPosition(0, y): Browser is scrolled to position x = 0, y = 8400&#xD;
&#xD;
2019-08-12 17:54:51 - [MESSAGE][PASSED] - Browser is scrolled to position x = 0, y = 8400&#xD;
&#xD;
2019-08-12 17:54:51 - [TEST_STEP][PASSED] - Thread.sleep(3000): null&#xD;
&#xD;
2019-08-12 17:54:54 - [TEST_STEP][PASSED] - callTestCase(findTestCase("mobileWeb/_include/get_screenshot"), [:], STOP_ON_FAILURE): Call Test Case 'Test Cases/mobileWeb/_include/get_screenshot' successfully&#xD;
&#xD;
2019-08-12 17:54:54 - [TEST_CASE][PASSED] - Test Cases/mobileWeb/_include/get_screenshot: Test Cases/mobileWeb/_include/get_screenshot&#xD;
&#xD;
2019-08-12 17:54:54 - [TEST_STEP][PASSED] - takeScreenshot(screenPath + i + ".png"): Taking screenshot successfully&#xD;
&#xD;
2019-08-12 17:54:55 - [MESSAGE][PASSED] - Taking screenshot successfully&#xD;
[[ATTACHMENT|D:\\Test\\AgileTest\\AgileTest\\Reports\\mobileWeb\\plan detail\\20190812_173746\\../Screenshots/iPhone X/Plan Detail/stm_aspen 3/20190812_175352/14.png]]&#xD;
&#xD;
2019-08-12 17:54:55 - [TEST_STEP][PASSED] - (internal.GlobalVariable.i++): null&#xD;
&#xD;
2019-08-12 17:54:55 - [MESSAGE][PASSED] - Call Test Case 'Test Cases/mobileWeb/_include/get_screenshot' successfully&#xD;
&#xD;
2019-08-12 17:54:55 - [TEST_STEP][PASSED] - scrollToPosition(0, y): Browser is scrolled to position x = 0, y = 9000&#xD;
&#xD;
2019-08-12 17:54:55 - [MESSAGE][PASSED] - Browser is scrolled to position x = 0, y = 9000&#xD;
&#xD;
2019-08-12 17:54:55 - [TEST_STEP][PASSED] - Thread.sleep(3000): null&#xD;
&#xD;
2019-08-12 17:54:58 - [TEST_STEP][PASSED] - callTestCase(findTestCase("mobileWeb/_include/get_screenshot"), [:], STOP_ON_FAILURE): Call Test Case 'Test Cases/mobileWeb/_include/get_screenshot' successfully&#xD;
&#xD;
2019-08-12 17:54:58 - [TEST_CASE][PASSED] - Test Cases/mobileWeb/_include/get_screenshot: Test Cases/mobileWeb/_include/get_screenshot&#xD;
&#xD;
2019-08-12 17:54:58 - [TEST_STEP][PASSED] - takeScreenshot(screenPath + i + ".png"): Taking screenshot successfully&#xD;
&#xD;
2019-08-12 17:54:59 - [MESSAGE][PASSED] - Taking screenshot successfully&#xD;
[[ATTACHMENT|D:\\Test\\AgileTest\\AgileTest\\Reports\\mobileWeb\\plan detail\\20190812_173746\\../Screenshots/iPhone X/Plan Detail/stm_aspen 3/20190812_175352/15.png]]&#xD;
&#xD;
2019-08-12 17:54:59 - [TEST_STEP][PASSED] - (internal.GlobalVariable.i++): null&#xD;
&#xD;
2019-08-12 17:54:59 - [MESSAGE][PASSED] - Call Test Case 'Test Cases/mobileWeb/_include/get_screenshot' successfully&#xD;
&#xD;
2019-08-12 17:54:59 - [TEST_STEP][PASSED] - scrollToPosition(0, y): Browser is scrolled to position x = 0, y = 9600&#xD;
&#xD;
2019-08-12 17:54:59 - [MESSAGE][PASSED] - Browser is scrolled to position x = 0, y = 9600&#xD;
&#xD;
2019-08-12 17:54:59 - [TEST_STEP][PASSED] - Thread.sleep(3000): null&#xD;
&#xD;
2019-08-12 17:55:02 - [TEST_STEP][PASSED] - callTestCase(findTestCase("mobileWeb/_include/get_screenshot"), [:], STOP_ON_FAILURE): Call Test Case 'Test Cases/mobileWeb/_include/get_screenshot' successfully&#xD;
&#xD;
2019-08-12 17:55:02 - [TEST_CASE][PASSED] - Test Cases/mobileWeb/_include/get_screenshot: Test Cases/mobileWeb/_include/get_screenshot&#xD;
&#xD;
2019-08-12 17:55:02 - [TEST_STEP][PASSED] - takeScreenshot(screenPath + i + ".png"): Taking screenshot successfully&#xD;
&#xD;
2019-08-12 17:55:02 - [MESSAGE][PASSED] - Taking screenshot successfully&#xD;
[[ATTACHMENT|D:\\Test\\AgileTest\\AgileTest\\Reports\\mobileWeb\\plan detail\\20190812_173746\\../Screenshots/iPhone X/Plan Detail/stm_aspen 3/20190812_175352/16.png]]&#xD;
&#xD;
2019-08-12 17:55:02 - [TEST_STEP][PASSED] - (internal.GlobalVariable.i++): null&#xD;
&#xD;
2019-08-12 17:55:02 - [MESSAGE][PASSED] - Call Test Case 'Test Cases/mobileWeb/_include/get_screenshot' successfully&#xD;
&#xD;
2019-08-12 17:55:02 - [TEST_STEP][PASSED] - scrollToPosition(0, y): Browser is scrolled to position x = 0, y = 10200&#xD;
&#xD;
2019-08-12 17:55:02 - [MESSAGE][PASSED] - Browser is scrolled to position x = 0, y = 10200&#xD;
&#xD;
2019-08-12 17:55:02 - [TEST_STEP][PASSED] - Thread.sleep(3000): null&#xD;
&#xD;
2019-08-12 17:55:05 - [TEST_STEP][PASSED] - callTestCase(findTestCase("mobileWeb/_include/get_screenshot"), [:], STOP_ON_FAILURE): Call Test Case 'Test Cases/mobileWeb/_include/get_screenshot' successfully&#xD;
&#xD;
2019-08-12 17:55:06 - [TEST_CASE][PASSED] - Test Cases/mobileWeb/_include/get_screenshot: Test Cases/mobileWeb/_include/get_screenshot&#xD;
&#xD;
2019-08-12 17:55:06 - [TEST_STEP][PASSED] - takeScreenshot(screenPath + i + ".png"): Taking screenshot successfully&#xD;
&#xD;
2019-08-12 17:55:06 - [MESSAGE][PASSED] - Taking screenshot successfully&#xD;
[[ATTACHMENT|D:\\Test\\AgileTest\\AgileTest\\Reports\\mobileWeb\\plan detail\\20190812_173746\\../Screenshots/iPhone X/Plan Detail/stm_aspen 3/20190812_175352/17.png]]&#xD;
&#xD;
2019-08-12 17:55:06 - [TEST_STEP][PASSED] - (internal.GlobalVariable.i++): null&#xD;
&#xD;
2019-08-12 17:55:06 - [MESSAGE][PASSED] - Call Test Case 'Test Cases/mobileWeb/_include/get_screenshot' successfully&#xD;
&#xD;
2019-08-12 17:55:06 - [TEST_STEP][PASSED] - scrollToPosition(0, y): Browser is scrolled to position x = 0, y = 10800&#xD;
&#xD;
2019-08-12 17:55:06 - [MESSAGE][PASSED] - Browser is scrolled to position x = 0, y = 10800&#xD;
&#xD;
2019-08-12 17:55:06 - [TEST_STEP][PASSED] - Thread.sleep(3000): null&#xD;
&#xD;
2019-08-12 17:55:09 - [TEST_STEP][PASSED] - callTestCase(findTestCase("mobileWeb/_include/get_screenshot"), [:], STOP_ON_FAILURE): Call Test Case 'Test Cases/mobileWeb/_include/get_screenshot' successfully&#xD;
&#xD;
2019-08-12 17:55:09 - [TEST_CASE][PASSED] - Test Cases/mobileWeb/_include/get_screenshot: Test Cases/mobileWeb/_include/get_screenshot&#xD;
&#xD;
2019-08-12 17:55:09 - [TEST_STEP][PASSED] - takeScreenshot(screenPath + i + ".png"): Taking screenshot successfully&#xD;
&#xD;
2019-08-12 17:55:10 - [MESSAGE][PASSED] - Taking screenshot successfully&#xD;
[[ATTACHMENT|D:\\Test\\AgileTest\\AgileTest\\Reports\\mobileWeb\\plan detail\\20190812_173746\\../Screenshots/iPhone X/Plan Detail/stm_aspen 3/20190812_175352/18.png]]&#xD;
&#xD;
2019-08-12 17:55:10 - [TEST_STEP][PASSED] - (internal.GlobalVariable.i++): null&#xD;
&#xD;
2019-08-12 17:55:10 - [MESSAGE][PASSED] - Call Test Case 'Test Cases/mobileWeb/_include/get_screenshot' successfully&#xD;
&#xD;
2019-08-12 17:55:10 - [TEST_STEP][PASSED] - scrollToPosition(0, y): Browser is scrolled to position x = 0, y = 11400&#xD;
&#xD;
2019-08-12 17:55:10 - [MESSAGE][PASSED] - Browser is scrolled to position x = 0, y = 11400&#xD;
&#xD;
2019-08-12 17:55:10 - [TEST_STEP][PASSED] - Thread.sleep(3000): null&#xD;
&#xD;
2019-08-12 17:55:13 - [TEST_STEP][PASSED] - callTestCase(findTestCase("mobileWeb/_include/get_screenshot"), [:], STOP_ON_FAILURE): Call Test Case 'Test Cases/mobileWeb/_include/get_screenshot' successfully&#xD;
&#xD;
2019-08-12 17:55:13 - [TEST_CASE][PASSED] - Test Cases/mobileWeb/_include/get_screenshot: Test Cases/mobileWeb/_include/get_screenshot&#xD;
&#xD;
2019-08-12 17:55:13 - [TEST_STEP][PASSED] - takeScreenshot(screenPath + i + ".png"): Taking screenshot successfully&#xD;
&#xD;
2019-08-12 17:55:14 - [MESSAGE][PASSED] - Taking screenshot successfully&#xD;
[[ATTACHMENT|D:\\Test\\AgileTest\\AgileTest\\Reports\\mobileWeb\\plan detail\\20190812_173746\\../Screenshots/iPhone X/Plan Detail/stm_aspen 3/20190812_175352/19.png]]&#xD;
&#xD;
2019-08-12 17:55:14 - [TEST_STEP][PASSED] - (internal.GlobalVariable.i++): null&#xD;
&#xD;
2019-08-12 17:55:14 - [MESSAGE][PASSED] - Call Test Case 'Test Cases/mobileWeb/_include/get_screenshot' successfully&#xD;
&#xD;
2019-08-12 17:55:14 - [TEST_STEP][PASSED] - scrollToPosition(0, y): Browser is scrolled to position x = 0, y = 12000&#xD;
&#xD;
2019-08-12 17:55:14 - [MESSAGE][PASSED] - Browser is scrolled to position x = 0, y = 12000&#xD;
&#xD;
2019-08-12 17:55:14 - [TEST_STEP][PASSED] - Thread.sleep(3000): null&#xD;
&#xD;
2019-08-12 17:55:17 - [TEST_STEP][PASSED] - callTestCase(findTestCase("mobileWeb/_include/get_screenshot"), [:], STOP_ON_FAILURE): Call Test Case 'Test Cases/mobileWeb/_include/get_screenshot' successfully&#xD;
&#xD;
2019-08-12 17:55:17 - [TEST_CASE][PASSED] - Test Cases/mobileWeb/_include/get_screenshot: Test Cases/mobileWeb/_include/get_screenshot&#xD;
&#xD;
2019-08-12 17:55:17 - [TEST_STEP][PASSED] - takeScreenshot(screenPath + i + ".png"): Taking screenshot successfully&#xD;
&#xD;
2019-08-12 17:55:18 - [MESSAGE][PASSED] - Taking screenshot successfully&#xD;
[[ATTACHMENT|D:\\Test\\AgileTest\\AgileTest\\Reports\\mobileWeb\\plan detail\\20190812_173746\\../Screenshots/iPhone X/Plan Detail/stm_aspen 3/20190812_175352/20.png]]&#xD;
&#xD;
2019-08-12 17:55:18 - [TEST_STEP][PASSED] - (internal.GlobalVariable.i++): null&#xD;
&#xD;
2019-08-12 17:55:18 - [MESSAGE][PASSED] - Call Test Case 'Test Cases/mobileWeb/_include/get_screenshot' successfully&#xD;
&#xD;
2019-08-12 17:55:18 - [TEST_STEP][PASSED] - scrollToPosition(0, y): Browser is scrolled to position x = 0, y = 12600&#xD;
&#xD;
2019-08-12 17:55:18 - [MESSAGE][PASSED] - Browser is scrolled to position x = 0, y = 12600&#xD;
&#xD;
2019-08-12 17:55:18 - [TEST_STEP][PASSED] - Thread.sleep(3000): null&#xD;
&#xD;
2019-08-12 17:55:21 - [TEST_STEP][PASSED] - callTestCase(findTestCase("mobileWeb/_include/get_screenshot"), [:], STOP_ON_FAILURE): Call Test Case 'Test Cases/mobileWeb/_include/get_screenshot' successfully&#xD;
&#xD;
2019-08-12 17:55:21 - [TEST_CASE][PASSED] - Test Cases/mobileWeb/_include/get_screenshot: Test Cases/mobileWeb/_include/get_screenshot&#xD;
&#xD;
2019-08-12 17:55:21 - [TEST_STEP][PASSED] - takeScreenshot(screenPath + i + ".png"): Taking screenshot successfully&#xD;
&#xD;
2019-08-12 17:55:21 - [MESSAGE][PASSED] - Taking screenshot successfully&#xD;
[[ATTACHMENT|D:\\Test\\AgileTest\\AgileTest\\Reports\\mobileWeb\\plan detail\\20190812_173746\\../Screenshots/iPhone X/Plan Detail/stm_aspen 3/20190812_175352/21.png]]&#xD;
&#xD;
2019-08-12 17:55:21 - [TEST_STEP][PASSED] - (internal.GlobalVariable.i++): null&#xD;
&#xD;
2019-08-12 17:55:21 - [MESSAGE][PASSED] - Call Test Case 'Test Cases/mobileWeb/_include/get_screenshot' successfully&#xD;
&#xD;
2019-08-12 17:55:21 - [TEST_STEP][PASSED] - scrollToPosition(0, y): Browser is scrolled to position x = 0, y = 13200&#xD;
&#xD;
2019-08-12 17:55:21 - [MESSAGE][PASSED] - Browser is scrolled to position x = 0, y = 13200&#xD;
&#xD;
2019-08-12 17:55:21 - [TEST_STEP][PASSED] - Thread.sleep(3000): null&#xD;
&#xD;
2019-08-12 17:55:24 - [TEST_STEP][PASSED] - callTestCase(findTestCase("mobileWeb/_include/get_screenshot"), [:], STOP_ON_FAILURE): Call Test Case 'Test Cases/mobileWeb/_include/get_screenshot' successfully&#xD;
&#xD;
2019-08-12 17:55:25 - [TEST_CASE][PASSED] - Test Cases/mobileWeb/_include/get_screenshot: Test Cases/mobileWeb/_include/get_screenshot&#xD;
&#xD;
2019-08-12 17:55:25 - [TEST_STEP][PASSED] - takeScreenshot(screenPath + i + ".png"): Taking screenshot successfully&#xD;
&#xD;
2019-08-12 17:55:25 - [MESSAGE][PASSED] - Taking screenshot successfully&#xD;
[[ATTACHMENT|D:\\Test\\AgileTest\\AgileTest\\Reports\\mobileWeb\\plan detail\\20190812_173746\\../Screenshots/iPhone X/Plan Detail/stm_aspen 3/20190812_175352/22.png]]&#xD;
&#xD;
2019-08-12 17:55:25 - [TEST_STEP][PASSED] - (internal.GlobalVariable.i++): null&#xD;
&#xD;
2019-08-12 17:55:25 - [MESSAGE][PASSED] - Call Test Case 'Test Cases/mobileWeb/_include/get_screenshot' successfully&#xD;
&#xD;
2019-08-12 17:55:25 - [TEST_STEP][PASSED] - scrollToPosition(0, y): Browser is scrolled to position x = 0, y = 13800&#xD;
&#xD;
2019-08-12 17:55:25 - [MESSAGE][PASSED] - Browser is scrolled to position x = 0, y = 13800&#xD;
&#xD;
2019-08-12 17:55:25 - [TEST_STEP][PASSED] - Thread.sleep(3000): null&#xD;
&#xD;
2019-08-12 17:55:28 - [TEST_STEP][PASSED] - callTestCase(findTestCase("mobileWeb/_include/get_screenshot"), [:], STOP_ON_FAILURE): Call Test Case 'Test Cases/mobileWeb/_include/get_screenshot' successfully&#xD;
&#xD;
2019-08-12 17:55:28 - [TEST_CASE][PASSED] - Test Cases/mobileWeb/_include/get_screenshot: Test Cases/mobileWeb/_include/get_screenshot&#xD;
&#xD;
2019-08-12 17:55:28 - [TEST_STEP][PASSED] - takeScreenshot(screenPath + i + ".png"): Taking screenshot successfully&#xD;
&#xD;
2019-08-12 17:55:29 - [MESSAGE][PASSED] - Taking screenshot successfully&#xD;
[[ATTACHMENT|D:\\Test\\AgileTest\\AgileTest\\Reports\\mobileWeb\\plan detail\\20190812_173746\\../Screenshots/iPhone X/Plan Detail/stm_aspen 3/20190812_175352/23.png]]&#xD;
&#xD;
2019-08-12 17:55:29 - [TEST_STEP][PASSED] - (internal.GlobalVariable.i++): null&#xD;
&#xD;
2019-08-12 17:55:29 - [MESSAGE][PASSED] - Call Test Case 'Test Cases/mobileWeb/_include/get_screenshot' successfully&#xD;
&#xD;
2019-08-12 17:55:29 - [TEST_STEP][PASSED] - scrollToPosition(0, y): Browser is scrolled to position x = 0, y = 14400&#xD;
&#xD;
2019-08-12 17:55:29 - [MESSAGE][PASSED] - Browser is scrolled to position x = 0, y = 14400&#xD;
&#xD;
2019-08-12 17:55:29 - [TEST_STEP][PASSED] - Thread.sleep(3000): null&#xD;
&#xD;
2019-08-12 17:55:32 - [TEST_STEP][PASSED] - callTestCase(findTestCase("mobileWeb/_include/get_screenshot"), [:], STOP_ON_FAILURE): Call Test Case 'Test Cases/mobileWeb/_include/get_screenshot' successfully&#xD;
&#xD;
2019-08-12 17:55:32 - [TEST_CASE][PASSED] - Test Cases/mobileWeb/_include/get_screenshot: Test Cases/mobileWeb/_include/get_screenshot&#xD;
&#xD;
2019-08-12 17:55:32 - [TEST_STEP][PASSED] - takeScreenshot(screenPath + i + ".png"): Taking screenshot successfully&#xD;
&#xD;
2019-08-12 17:55:33 - [MESSAGE][PASSED] - Taking screenshot successfully&#xD;
[[ATTACHMENT|D:\\Test\\AgileTest\\AgileTest\\Reports\\mobileWeb\\plan detail\\20190812_173746\\../Screenshots/iPhone X/Plan Detail/stm_aspen 3/20190812_175352/24.png]]&#xD;
&#xD;
2019-08-12 17:55:33 - [TEST_STEP][PASSED] - (internal.GlobalVariable.i++): null&#xD;
&#xD;
2019-08-12 17:55:33 - [MESSAGE][PASSED] - Call Test Case 'Test Cases/mobileWeb/_include/get_screenshot' successfully&#xD;
&#xD;
2019-08-12 17:55:33 - [TEST_STEP][PASSED] - scrollToPosition(0, y): Browser is scrolled to position x = 0, y = 15000&#xD;
&#xD;
2019-08-12 17:55:33 - [MESSAGE][PASSED] - Browser is scrolled to position x = 0, y = 15000&#xD;
&#xD;
2019-08-12 17:55:33 - [TEST_STEP][PASSED] - Thread.sleep(3000): null&#xD;
&#xD;
2019-08-12 17:55:36 - [TEST_STEP][PASSED] - callTestCase(findTestCase("mobileWeb/_include/get_screenshot"), [:], STOP_ON_FAILURE): Call Test Case 'Test Cases/mobileWeb/_include/get_screenshot' successfully&#xD;
&#xD;
2019-08-12 17:55:36 - [TEST_CASE][PASSED] - Test Cases/mobileWeb/_include/get_screenshot: Test Cases/mobileWeb/_include/get_screenshot&#xD;
&#xD;
2019-08-12 17:55:36 - [TEST_STEP][PASSED] - takeScreenshot(screenPath + i + ".png"): Taking screenshot successfully&#xD;
&#xD;
2019-08-12 17:55:37 - [MESSAGE][PASSED] - Taking screenshot successfully&#xD;
[[ATTACHMENT|D:\\Test\\AgileTest\\AgileTest\\Reports\\mobileWeb\\plan detail\\20190812_173746\\../Screenshots/iPhone X/Plan Detail/stm_aspen 3/20190812_175352/25.png]]&#xD;
&#xD;
2019-08-12 17:55:37 - [TEST_STEP][PASSED] - (internal.GlobalVariable.i++): null&#xD;
&#xD;
2019-08-12 17:55:37 - [MESSAGE][PASSED] - Call Test Case 'Test Cases/mobileWeb/_include/get_screenshot' successfully&#xD;
&#xD;
2019-08-12 17:55:37 - [TEST_STEP][PASSED] - scrollToPosition(0, y): Browser is scrolled to position x = 0, y = 15600&#xD;
&#xD;
2019-08-12 17:55:37 - [MESSAGE][PASSED] - Browser is scrolled to position x = 0, y = 15600&#xD;
&#xD;
2019-08-12 17:55:37 - [TEST_STEP][PASSED] - Thread.sleep(3000): null&#xD;
&#xD;
2019-08-12 17:55:40 - [TEST_STEP][PASSED] - callTestCase(findTestCase("mobileWeb/_include/get_screenshot"), [:], STOP_ON_FAILURE): Call Test Case 'Test Cases/mobileWeb/_include/get_screenshot' successfully&#xD;
&#xD;
2019-08-12 17:55:40 - [TEST_CASE][PASSED] - Test Cases/mobileWeb/_include/get_screenshot: Test Cases/mobileWeb/_include/get_screenshot&#xD;
&#xD;
2019-08-12 17:55:40 - [TEST_STEP][PASSED] - takeScreenshot(screenPath + i + ".png"): Taking screenshot successfully&#xD;
&#xD;
2019-08-12 17:55:40 - [MESSAGE][PASSED] - Taking screenshot successfully&#xD;
[[ATTACHMENT|D:\\Test\\AgileTest\\AgileTest\\Reports\\mobileWeb\\plan detail\\20190812_173746\\../Screenshots/iPhone X/Plan Detail/stm_aspen 3/20190812_175352/26.png]]&#xD;
&#xD;
2019-08-12 17:55:40 - [TEST_STEP][PASSED] - (internal.GlobalVariable.i++): null&#xD;
&#xD;
2019-08-12 17:55:40 - [MESSAGE][PASSED] - Call Test Case 'Test Cases/mobileWeb/_include/get_screenshot' successfully&#xD;
&#xD;
2019-08-12 17:55:40 - [TEST_STEP][PASSED] - scrollToPosition(0, y): Browser is scrolled to position x = 0, y = 16200&#xD;
&#xD;
2019-08-12 17:55:40 - [MESSAGE][PASSED] - Browser is scrolled to position x = 0, y = 16200&#xD;
&#xD;
2019-08-12 17:55:40 - [TEST_STEP][PASSED] - Thread.sleep(3000): null&#xD;
&#xD;
2019-08-12 17:55:43 - [TEST_STEP][PASSED] - callTestCase(findTestCase("mobileWeb/_include/get_screenshot"), [:], STOP_ON_FAILURE): Call Test Case 'Test Cases/mobileWeb/_include/get_screenshot' successfully&#xD;
&#xD;
2019-08-12 17:55:44 - [TEST_CASE][PASSED] - Test Cases/mobileWeb/_include/get_screenshot: Test Cases/mobileWeb/_include/get_screenshot&#xD;
&#xD;
2019-08-12 17:55:44 - [TEST_STEP][PASSED] - takeScreenshot(screenPath + i + ".png"): Taking screenshot successfully&#xD;
&#xD;
2019-08-12 17:55:44 - [MESSAGE][PASSED] - Taking screenshot successfully&#xD;
[[ATTACHMENT|D:\\Test\\AgileTest\\AgileTest\\Reports\\mobileWeb\\plan detail\\20190812_173746\\../Screenshots/iPhone X/Plan Detail/stm_aspen 3/20190812_175352/27.png]]&#xD;
&#xD;
2019-08-12 17:55:44 - [TEST_STEP][PASSED] - (internal.GlobalVariable.i++): null&#xD;
&#xD;
2019-08-12 17:55:44 - [MESSAGE][PASSED] - Call Test Case 'Test Cases/mobileWeb/_include/get_screenshot' successfully&#xD;
&#xD;
2019-08-12 17:55:44 - [TEST_STEP][PASSED] - scrollToPosition(0, y): Browser is scrolled to position x = 0, y = 16800&#xD;
&#xD;
2019-08-12 17:55:44 - [MESSAGE][PASSED] - Browser is scrolled to position x = 0, y = 16800&#xD;
&#xD;
2019-08-12 17:55:44 - [TEST_STEP][PASSED] - Thread.sleep(3000): null&#xD;
&#xD;
2019-08-12 17:55:47 - [TEST_STEP][PASSED] - callTestCase(findTestCase("mobileWeb/_include/get_screenshot"), [:], STOP_ON_FAILURE): Call Test Case 'Test Cases/mobileWeb/_include/get_screenshot' successfully&#xD;
&#xD;
2019-08-12 17:55:47 - [TEST_CASE][PASSED] - Test Cases/mobileWeb/_include/get_screenshot: Test Cases/mobileWeb/_include/get_screenshot&#xD;
&#xD;
2019-08-12 17:55:47 - [TEST_STEP][PASSED] - takeScreenshot(screenPath + i + ".png"): Taking screenshot successfully&#xD;
&#xD;
2019-08-12 17:55:48 - [MESSAGE][PASSED] - Taking screenshot successfully&#xD;
[[ATTACHMENT|D:\\Test\\AgileTest\\AgileTest\\Reports\\mobileWeb\\plan detail\\20190812_173746\\../Screenshots/iPhone X/Plan Detail/stm_aspen 3/20190812_175352/28.png]]&#xD;
&#xD;
2019-08-12 17:55:48 - [TEST_STEP][PASSED] - (internal.GlobalVariable.i++): null&#xD;
&#xD;
2019-08-12 17:55:48 - [MESSAGE][PASSED] - Call Test Case 'Test Cases/mobileWeb/_include/get_screenshot' successfully&#xD;
&#xD;
2019-08-12 17:55:48 - [TEST_STEP][PASSED] - scrollToPosition(0, y): Browser is scrolled to position x = 0, y = 17400&#xD;
&#xD;
2019-08-12 17:55:48 - [MESSAGE][PASSED] - Browser is scrolled to position x = 0, y = 17400&#xD;
&#xD;
2019-08-12 17:55:48 - [TEST_STEP][PASSED] - Thread.sleep(3000): null&#xD;
&#xD;
2019-08-12 17:55:51 - [TEST_STEP][PASSED] - callTestCase(findTestCase("mobileWeb/_include/get_screenshot"), [:], STOP_ON_FAILURE): Call Test Case 'Test Cases/mobileWeb/_include/get_screenshot' successfully&#xD;
&#xD;
2019-08-12 17:55:51 - [TEST_CASE][PASSED] - Test Cases/mobileWeb/_include/get_screenshot: Test Cases/mobileWeb/_include/get_screenshot&#xD;
&#xD;
2019-08-12 17:55:51 - [TEST_STEP][PASSED] - takeScreenshot(screenPath + i + ".png"): Taking screenshot successfully&#xD;
&#xD;
2019-08-12 17:55:52 - [MESSAGE][PASSED] - Taking screenshot successfully&#xD;
[[ATTACHMENT|D:\\Test\\AgileTest\\AgileTest\\Reports\\mobileWeb\\plan detail\\20190812_173746\\../Screenshots/iPhone X/Plan Detail/stm_aspen 3/20190812_175352/29.png]]&#xD;
&#xD;
2019-08-12 17:55:52 - [TEST_STEP][PASSED] - (internal.GlobalVariable.i++): null&#xD;
&#xD;
2019-08-12 17:55:52 - [MESSAGE][PASSED] - Call Test Case 'Test Cases/mobileWeb/_include/get_screenshot' successfully&#xD;
&#xD;
2019-08-12 17:55:52 - [TEST_STEP][PASSED] - scrollToPosition(0, y): Browser is scrolled to position x = 0, y = 18000&#xD;
&#xD;
2019-08-12 17:55:52 - [MESSAGE][PASSED] - Browser is scrolled to position x = 0, y = 18000&#xD;
&#xD;
2019-08-12 17:55:52 - [TEST_STEP][PASSED] - Thread.sleep(3000): null&#xD;
&#xD;
2019-08-12 17:55:55 - [TEST_STEP][PASSED] - callTestCase(findTestCase("mobileWeb/_include/get_screenshot"), [:], STOP_ON_FAILURE): Call Test Case 'Test Cases/mobileWeb/_include/get_screenshot' successfully&#xD;
&#xD;
2019-08-12 17:55:55 - [TEST_CASE][PASSED] - Test Cases/mobileWeb/_include/get_screenshot: Test Cases/mobileWeb/_include/get_screenshot&#xD;
&#xD;
2019-08-12 17:55:55 - [TEST_STEP][PASSED] - takeScreenshot(screenPath + i + ".png"): Taking screenshot successfully&#xD;
&#xD;
2019-08-12 17:55:56 - [MESSAGE][PASSED] - Taking screenshot successfully&#xD;
[[ATTACHMENT|D:\\Test\\AgileTest\\AgileTest\\Reports\\mobileWeb\\plan detail\\20190812_173746\\../Screenshots/iPhone X/Plan Detail/stm_aspen 3/20190812_175352/30.png]]&#xD;
&#xD;
2019-08-12 17:55:56 - [TEST_STEP][PASSED] - (internal.GlobalVariable.i++): null&#xD;
&#xD;
2019-08-12 17:55:56 - [MESSAGE][PASSED] - Call Test Case 'Test Cases/mobileWeb/_include/get_screenshot' successfully&#xD;
&#xD;
2019-08-12 17:55:56 - [TEST_STEP][PASSED] - scrollToPosition(0, y): Browser is scrolled to position x = 0, y = 18600&#xD;
&#xD;
2019-08-12 17:55:56 - [MESSAGE][PASSED] - Browser is scrolled to position x = 0, y = 18600&#xD;
&#xD;
2019-08-12 17:55:56 - [TEST_STEP][PASSED] - Thread.sleep(3000): null&#xD;
&#xD;
2019-08-12 17:55:59 - [TEST_STEP][PASSED] - callTestCase(findTestCase("mobileWeb/_include/get_screenshot"), [:], STOP_ON_FAILURE): Call Test Case 'Test Cases/mobileWeb/_include/get_screenshot' successfully&#xD;
&#xD;
2019-08-12 17:55:59 - [TEST_CASE][PASSED] - Test Cases/mobileWeb/_include/get_screenshot: Test Cases/mobileWeb/_include/get_screenshot&#xD;
&#xD;
2019-08-12 17:55:59 - [TEST_STEP][PASSED] - takeScreenshot(screenPath + i + ".png"): Taking screenshot successfully&#xD;
&#xD;
2019-08-12 17:56:00 - [MESSAGE][PASSED] - Taking screenshot successfully&#xD;
[[ATTACHMENT|D:\\Test\\AgileTest\\AgileTest\\Reports\\mobileWeb\\plan detail\\20190812_173746\\../Screenshots/iPhone X/Plan Detail/stm_aspen 3/20190812_175352/31.png]]&#xD;
&#xD;
2019-08-12 17:56:00 - [TEST_STEP][PASSED] - (internal.GlobalVariable.i++): null&#xD;
&#xD;
2019-08-12 17:56:00 - [MESSAGE][PASSED] - Call Test Case 'Test Cases/mobileWeb/_include/get_screenshot' successfully&#xD;
&#xD;
2019-08-12 17:56:00 - [TEST_STEP][PASSED] - scrollToPosition(0, y): Browser is scrolled to position x = 0, y = 19200&#xD;
&#xD;
2019-08-12 17:56:00 - [MESSAGE][PASSED] - Browser is scrolled to position x = 0, y = 19200&#xD;
&#xD;
2019-08-12 17:56:00 - [TEST_STEP][PASSED] - Thread.sleep(3000): null&#xD;
&#xD;
2019-08-12 17:56:03 - [TEST_STEP][PASSED] - callTestCase(findTestCase("mobileWeb/_include/get_screenshot"), [:], STOP_ON_FAILURE): Call Test Case 'Test Cases/mobileWeb/_include/get_screenshot' successfully&#xD;
&#xD;
2019-08-12 17:56:03 - [TEST_CASE][PASSED] - Test Cases/mobileWeb/_include/get_screenshot: Test Cases/mobileWeb/_include/get_screenshot&#xD;
&#xD;
2019-08-12 17:56:03 - [TEST_STEP][PASSED] - takeScreenshot(screenPath + i + ".png"): Taking screenshot successfully&#xD;
&#xD;
2019-08-12 17:56:03 - [MESSAGE][PASSED] - Taking screenshot successfully&#xD;
[[ATTACHMENT|D:\\Test\\AgileTest\\AgileTest\\Reports\\mobileWeb\\plan detail\\20190812_173746\\../Screenshots/iPhone X/Plan Detail/stm_aspen 3/20190812_175352/32.png]]&#xD;
&#xD;
2019-08-12 17:56:03 - [TEST_STEP][PASSED] - (internal.GlobalVariable.i++): null&#xD;
&#xD;
2019-08-12 17:56:03 - [MESSAGE][PASSED] - Call Test Case 'Test Cases/mobileWeb/_include/get_screenshot' successfully&#xD;
&#xD;
2019-08-12 17:56:03 - [TEST_STEP][PASSED] - scrollToPosition(0, y): Browser is scrolled to position x = 0, y = 19800&#xD;
&#xD;
2019-08-12 17:56:03 - [MESSAGE][PASSED] - Browser is scrolled to position x = 0, y = 19800&#xD;
&#xD;
2019-08-12 17:56:03 - [TEST_STEP][PASSED] - Thread.sleep(3000): null&#xD;
&#xD;
2019-08-12 17:56:06 - [TEST_STEP][PASSED] - callTestCase(findTestCase("mobileWeb/_include/get_screenshot"), [:], STOP_ON_FAILURE): Call Test Case 'Test Cases/mobileWeb/_include/get_screenshot' successfully&#xD;
&#xD;
2019-08-12 17:56:06 - [TEST_CASE][PASSED] - Test Cases/mobileWeb/_include/get_screenshot: Test Cases/mobileWeb/_include/get_screenshot&#xD;
&#xD;
2019-08-12 17:56:06 - [TEST_STEP][PASSED] - takeScreenshot(screenPath + i + ".png"): Taking screenshot successfully&#xD;
&#xD;
2019-08-12 17:56:07 - [MESSAGE][PASSED] - Taking screenshot successfully&#xD;
[[ATTACHMENT|D:\\Test\\AgileTest\\AgileTest\\Reports\\mobileWeb\\plan detail\\20190812_173746\\../Screenshots/iPhone X/Plan Detail/stm_aspen 3/20190812_175352/33.png]]&#xD;
&#xD;
2019-08-12 17:56:07 - [TEST_STEP][PASSED] - (internal.GlobalVariable.i++): null&#xD;
&#xD;
2019-08-12 17:56:07 - [MESSAGE][PASSED] - Call Test Case 'Test Cases/mobileWeb/_include/get_screenshot' successfully&#xD;
&#xD;
2019-08-12 17:56:07 - [TEST_STEP][PASSED] - scrollToPosition(0, y): Browser is scrolled to position x = 0, y = 20400&#xD;
&#xD;
2019-08-12 17:56:07 - [MESSAGE][PASSED] - Browser is scrolled to position x = 0, y = 20400&#xD;
&#xD;
2019-08-12 17:56:07 - [TEST_STEP][PASSED] - Thread.sleep(3000): null&#xD;
&#xD;
2019-08-12 17:56:10 - [TEST_STEP][PASSED] - callTestCase(findTestCase("mobileWeb/_include/get_screenshot"), [:], STOP_ON_FAILURE): Call Test Case 'Test Cases/mobileWeb/_include/get_screenshot' successfully&#xD;
&#xD;
2019-08-12 17:56:10 - [TEST_CASE][PASSED] - Test Cases/mobileWeb/_include/get_screenshot: Test Cases/mobileWeb/_include/get_screenshot&#xD;
&#xD;
2019-08-12 17:56:10 - [TEST_STEP][PASSED] - takeScreenshot(screenPath + i + ".png"): Taking screenshot successfully&#xD;
&#xD;
2019-08-12 17:56:11 - [MESSAGE][PASSED] - Taking screenshot successfully&#xD;
[[ATTACHMENT|D:\\Test\\AgileTest\\AgileTest\\Reports\\mobileWeb\\plan detail\\20190812_173746\\../Screenshots/iPhone X/Plan Detail/stm_aspen 3/20190812_175352/34.png]]&#xD;
&#xD;
2019-08-12 17:56:11 - [TEST_STEP][PASSED] - (internal.GlobalVariable.i++): null&#xD;
&#xD;
2019-08-12 17:56:11 - [MESSAGE][PASSED] - Call Test Case 'Test Cases/mobileWeb/_include/get_screenshot' successfully&#xD;
&#xD;
2019-08-12 17:56:11 - [TEST_STEP][PASSED] - scrollToPosition(0, y): Browser is scrolled to position x = 0, y = 21000&#xD;
&#xD;
2019-08-12 17:56:11 - [MESSAGE][PASSED] - Browser is scrolled to position x = 0, y = 21000&#xD;
&#xD;
2019-08-12 17:56:11 - [TEST_STEP][PASSED] - Thread.sleep(3000): null&#xD;
&#xD;
2019-08-12 17:56:14 - [TEST_STEP][PASSED] - callTestCase(findTestCase("mobileWeb/_include/get_screenshot"), [:], STOP_ON_FAILURE): Call Test Case 'Test Cases/mobileWeb/_include/get_screenshot' successfully&#xD;
&#xD;
2019-08-12 17:56:14 - [TEST_CASE][PASSED] - Test Cases/mobileWeb/_include/get_screenshot: Test Cases/mobileWeb/_include/get_screenshot&#xD;
&#xD;
2019-08-12 17:56:14 - [TEST_STEP][PASSED] - takeScreenshot(screenPath + i + ".png"): Taking screenshot successfully&#xD;
&#xD;
2019-08-12 17:56:15 - [MESSAGE][PASSED] - Taking screenshot successfully&#xD;
[[ATTACHMENT|D:\\Test\\AgileTest\\AgileTest\\Reports\\mobileWeb\\plan detail\\20190812_173746\\../Screenshots/iPhone X/Plan Detail/stm_aspen 3/20190812_175352/35.png]]&#xD;
&#xD;
2019-08-12 17:56:15 - [TEST_STEP][PASSED] - (internal.GlobalVariable.i++): null&#xD;
&#xD;
2019-08-12 17:56:15 - [MESSAGE][PASSED] - Call Test Case 'Test Cases/mobileWeb/_include/get_screenshot' successfully&#xD;
&#xD;
2019-08-12 17:56:15 - [TEST_STEP][PASSED] - scrollToPosition(0, y): Browser is scrolled to position x = 0, y = 21600&#xD;
&#xD;
2019-08-12 17:56:15 - [MESSAGE][PASSED] - Browser is scrolled to position x = 0, y = 21600&#xD;
&#xD;
2019-08-12 17:56:15 - [TEST_STEP][PASSED] - Thread.sleep(3000): null&#xD;
&#xD;
2019-08-12 17:56:18 - [TEST_STEP][PASSED] - callTestCase(findTestCase("mobileWeb/_include/get_screenshot"), [:], STOP_ON_FAILURE): Call Test Case 'Test Cases/mobileWeb/_include/get_screenshot' successfully&#xD;
&#xD;
2019-08-12 17:56:18 - [TEST_CASE][PASSED] - Test Cases/mobileWeb/_include/get_screenshot: Test Cases/mobileWeb/_include/get_screenshot&#xD;
&#xD;
2019-08-12 17:56:18 - [TEST_STEP][PASSED] - takeScreenshot(screenPath + i + ".png"): Taking screenshot successfully&#xD;
&#xD;
2019-08-12 17:56:19 - [MESSAGE][PASSED] - Taking screenshot successfully&#xD;
[[ATTACHMENT|D:\\Test\\AgileTest\\AgileTest\\Reports\\mobileWeb\\plan detail\\20190812_173746\\../Screenshots/iPhone X/Plan Detail/stm_aspen 3/20190812_175352/36.png]]&#xD;
&#xD;
2019-08-12 17:56:19 - [TEST_STEP][PASSED] - (internal.GlobalVariable.i++): null&#xD;
&#xD;
2019-08-12 17:56:19 - [MESSAGE][PASSED] - Call Test Case 'Test Cases/mobileWeb/_include/get_screenshot' successfully&#xD;
&#xD;
2019-08-12 17:56:19 - [TEST_STEP][PASSED] - scrollToPosition(0, y): Browser is scrolled to position x = 0, y = 22200&#xD;
&#xD;
2019-08-12 17:56:19 - [MESSAGE][PASSED] - Browser is scrolled to position x = 0, y = 22200&#xD;
&#xD;
2019-08-12 17:56:19 - [TEST_STEP][PASSED] - Thread.sleep(3000): null&#xD;
&#xD;
2019-08-12 17:56:22 - [TEST_STEP][PASSED] - callTestCase(findTestCase("mobileWeb/_include/get_screenshot"), [:], STOP_ON_FAILURE): Call Test Case 'Test Cases/mobileWeb/_include/get_screenshot' successfully&#xD;
&#xD;
2019-08-12 17:56:22 - [TEST_CASE][PASSED] - Test Cases/mobileWeb/_include/get_screenshot: Test Cases/mobileWeb/_include/get_screenshot&#xD;
&#xD;
2019-08-12 17:56:22 - [TEST_STEP][PASSED] - takeScreenshot(screenPath + i + ".png"): Taking screenshot successfully&#xD;
&#xD;
2019-08-12 17:56:23 - [MESSAGE][PASSED] - Taking screenshot successfully&#xD;
[[ATTACHMENT|D:\\Test\\AgileTest\\AgileTest\\Reports\\mobileWeb\\plan detail\\20190812_173746\\../Screenshots/iPhone X/Plan Detail/stm_aspen 3/20190812_175352/37.png]]&#xD;
&#xD;
2019-08-12 17:56:23 - [TEST_STEP][PASSED] - (internal.GlobalVariable.i++): null&#xD;
&#xD;
2019-08-12 17:56:23 - [MESSAGE][PASSED] - Call Test Case 'Test Cases/mobileWeb/_include/get_screenshot' successfully&#xD;
&#xD;
2019-08-12 17:56:23 - [TEST_STEP][PASSED] - scrollToPosition(0, y): Browser is scrolled to position x = 0, y = 22800&#xD;
&#xD;
2019-08-12 17:56:23 - [MESSAGE][PASSED] - Browser is scrolled to position x = 0, y = 22800&#xD;
&#xD;
2019-08-12 17:56:23 - [TEST_STEP][PASSED] - Thread.sleep(3000): null&#xD;
&#xD;
2019-08-12 17:56:26 - [TEST_STEP][PASSED] - callTestCase(findTestCase("mobileWeb/_include/get_screenshot"), [:], STOP_ON_FAILURE): Call Test Case 'Test Cases/mobileWeb/_include/get_screenshot' successfully&#xD;
&#xD;
2019-08-12 17:56:26 - [TEST_CASE][PASSED] - Test Cases/mobileWeb/_include/get_screenshot: Test Cases/mobileWeb/_include/get_screenshot&#xD;
&#xD;
2019-08-12 17:56:26 - [TEST_STEP][PASSED] - takeScreenshot(screenPath + i + ".png"): Taking screenshot successfully&#xD;
&#xD;
2019-08-12 17:56:26 - [MESSAGE][PASSED] - Taking screenshot successfully&#xD;
[[ATTACHMENT|D:\\Test\\AgileTest\\AgileTest\\Reports\\mobileWeb\\plan detail\\20190812_173746\\../Screenshots/iPhone X/Plan Detail/stm_aspen 3/20190812_175352/38.png]]&#xD;
&#xD;
2019-08-12 17:56:26 - [TEST_STEP][PASSED] - (internal.GlobalVariable.i++): null&#xD;
&#xD;
2019-08-12 17:56:26 - [MESSAGE][PASSED] - Call Test Case 'Test Cases/mobileWeb/_include/get_screenshot' successfully&#xD;
&#xD;
2019-08-12 17:56:26 - [TEST_STEP][PASSED] - scrollToPosition(0, y): Browser is scrolled to position x = 0, y = 23400&#xD;
&#xD;
2019-08-12 17:56:26 - [MESSAGE][PASSED] - Browser is scrolled to position x = 0, y = 23400&#xD;
&#xD;
2019-08-12 17:56:26 - [TEST_STEP][PASSED] - Thread.sleep(3000): null&#xD;
&#xD;
2019-08-12 17:56:29 - [TEST_STEP][PASSED] - callTestCase(findTestCase("mobileWeb/_include/get_screenshot"), [:], STOP_ON_FAILURE): Call Test Case 'Test Cases/mobileWeb/_include/get_screenshot' successfully&#xD;
&#xD;
2019-08-12 17:56:29 - [TEST_CASE][PASSED] - Test Cases/mobileWeb/_include/get_screenshot: Test Cases/mobileWeb/_include/get_screenshot&#xD;
&#xD;
2019-08-12 17:56:29 - [TEST_STEP][PASSED] - takeScreenshot(screenPath + i + ".png"): Taking screenshot successfully&#xD;
&#xD;
2019-08-12 17:56:30 - [MESSAGE][PASSED] - Taking screenshot successfully&#xD;
[[ATTACHMENT|D:\\Test\\AgileTest\\AgileTest\\Reports\\mobileWeb\\plan detail\\20190812_173746\\../Screenshots/iPhone X/Plan Detail/stm_aspen 3/20190812_175352/39.png]]&#xD;
&#xD;
2019-08-12 17:56:30 - [TEST_STEP][PASSED] - (internal.GlobalVariable.i++): null&#xD;
&#xD;
2019-08-12 17:56:30 - [MESSAGE][PASSED] - Call Test Case 'Test Cases/mobileWeb/_include/get_screenshot' successfully&#xD;
&#xD;
2019-08-12 17:56:30 - [TEST_STEP][PASSED] - scrollToPosition(0, y): Browser is scrolled to position x = 0, y = 24000&#xD;
&#xD;
2019-08-12 17:56:30 - [MESSAGE][PASSED] - Browser is scrolled to position x = 0, y = 24000&#xD;
&#xD;
2019-08-12 17:56:30 - [TEST_STEP][PASSED] - Thread.sleep(3000): null&#xD;
&#xD;
2019-08-12 17:56:33 - [TEST_STEP][PASSED] - callTestCase(findTestCase("mobileWeb/_include/get_screenshot"), [:], STOP_ON_FAILURE): Call Test Case 'Test Cases/mobileWeb/_include/get_screenshot' successfully&#xD;
&#xD;
2019-08-12 17:56:33 - [TEST_CASE][PASSED] - Test Cases/mobileWeb/_include/get_screenshot: Test Cases/mobileWeb/_include/get_screenshot&#xD;
&#xD;
2019-08-12 17:56:33 - [TEST_STEP][PASSED] - takeScreenshot(screenPath + i + ".png"): Taking screenshot successfully&#xD;
&#xD;
2019-08-12 17:56:34 - [MESSAGE][PASSED] - Taking screenshot successfully&#xD;
[[ATTACHMENT|D:\\Test\\AgileTest\\AgileTest\\Reports\\mobileWeb\\plan detail\\20190812_173746\\../Screenshots/iPhone X/Plan Detail/stm_aspen 3/20190812_175352/40.png]]&#xD;
&#xD;
2019-08-12 17:56:34 - [TEST_STEP][PASSED] - (internal.GlobalVariable.i++): null&#xD;
&#xD;
2019-08-12 17:56:34 - [MESSAGE][PASSED] - Call Test Case 'Test Cases/mobileWeb/_include/get_screenshot' successfully&#xD;
&#xD;
2019-08-12 17:56:34 - [TEST_STEP][PASSED] - scrollToPosition(0, y): Browser is scrolled to position x = 0, y = 24600&#xD;
&#xD;
2019-08-12 17:56:34 - [MESSAGE][PASSED] - Browser is scrolled to position x = 0, y = 24600&#xD;
&#xD;
2019-08-12 17:56:34 - [TEST_STEP][PASSED] - Thread.sleep(3000): null&#xD;
&#xD;
2019-08-12 17:56:37 - [TEST_STEP][PASSED] - callTestCase(findTestCase("mobileWeb/_include/get_screenshot"), [:], STOP_ON_FAILURE): Call Test Case 'Test Cases/mobileWeb/_include/get_screenshot' successfully&#xD;
&#xD;
2019-08-12 17:56:37 - [TEST_CASE][PASSED] - Test Cases/mobileWeb/_include/get_screenshot: Test Cases/mobileWeb/_include/get_screenshot&#xD;
&#xD;
2019-08-12 17:56:37 - [TEST_STEP][PASSED] - takeScreenshot(screenPath + i + ".png"): Taking screenshot successfully&#xD;
&#xD;
2019-08-12 17:56:38 - [MESSAGE][PASSED] - Taking screenshot successfully&#xD;
[[ATTACHMENT|D:\\Test\\AgileTest\\AgileTest\\Reports\\mobileWeb\\plan detail\\20190812_173746\\../Screenshots/iPhone X/Plan Detail/stm_aspen 3/20190812_175352/41.png]]&#xD;
&#xD;
2019-08-12 17:56:38 - [TEST_STEP][PASSED] - (internal.GlobalVariable.i++): null&#xD;
&#xD;
2019-08-12 17:56:38 - [MESSAGE][PASSED] - Call Test Case 'Test Cases/mobileWeb/_include/get_screenshot' successfully&#xD;
&#xD;
2019-08-12 17:56:38 - [TEST_STEP][PASSED] - scrollToPosition(0, y): Browser is scrolled to position x = 0, y = 25200&#xD;
&#xD;
2019-08-12 17:56:38 - [MESSAGE][PASSED] - Browser is scrolled to position x = 0, y = 25200&#xD;
&#xD;
2019-08-12 17:56:38 - [TEST_STEP][PASSED] - Thread.sleep(3000): null&#xD;
&#xD;
2019-08-12 17:56:41 - [TEST_STEP][PASSED] - callTestCase(findTestCase("mobileWeb/_include/get_screenshot"), [:], STOP_ON_FAILURE): Call Test Case 'Test Cases/mobileWeb/_include/get_screenshot' successfully&#xD;
&#xD;
2019-08-12 17:56:41 - [TEST_CASE][PASSED] - Test Cases/mobileWeb/_include/get_screenshot: Test Cases/mobileWeb/_include/get_screenshot&#xD;
&#xD;
2019-08-12 17:56:41 - [TEST_STEP][PASSED] - takeScreenshot(screenPath + i + ".png"): Taking screenshot successfully&#xD;
&#xD;
2019-08-12 17:56:41 - [MESSAGE][PASSED] - Taking screenshot successfully&#xD;
[[ATTACHMENT|D:\\Test\\AgileTest\\AgileTest\\Reports\\mobileWeb\\plan detail\\20190812_173746\\../Screenshots/iPhone X/Plan Detail/stm_aspen 3/20190812_175352/42.png]]&#xD;
&#xD;
2019-08-12 17:56:41 - [TEST_STEP][PASSED] - (internal.GlobalVariable.i++): null&#xD;
&#xD;
2019-08-12 17:56:41 - [MESSAGE][PASSED] - Call Test Case 'Test Cases/mobileWeb/_include/get_screenshot' successfully&#xD;
&#xD;
2019-08-12 17:56:41 - [TEST_STEP][PASSED] - scrollToPosition(0, y): Browser is scrolled to position x = 0, y = 25800&#xD;
&#xD;
2019-08-12 17:56:41 - [MESSAGE][PASSED] - Browser is scrolled to position x = 0, y = 25800&#xD;
&#xD;
2019-08-12 17:56:41 - [TEST_STEP][PASSED] - Thread.sleep(3000): null&#xD;
&#xD;
2019-08-12 17:56:44 - [TEST_STEP][PASSED] - callTestCase(findTestCase("mobileWeb/_include/get_screenshot"), [:], STOP_ON_FAILURE): Call Test Case 'Test Cases/mobileWeb/_include/get_screenshot' successfully&#xD;
&#xD;
2019-08-12 17:56:45 - [TEST_CASE][PASSED] - Test Cases/mobileWeb/_include/get_screenshot: Test Cases/mobileWeb/_include/get_screenshot&#xD;
&#xD;
2019-08-12 17:56:45 - [TEST_STEP][PASSED] - takeScreenshot(screenPath + i + ".png"): Taking screenshot successfully&#xD;
&#xD;
2019-08-12 17:56:45 - [MESSAGE][PASSED] - Taking screenshot successfully&#xD;
[[ATTACHMENT|D:\\Test\\AgileTest\\AgileTest\\Reports\\mobileWeb\\plan detail\\20190812_173746\\../Screenshots/iPhone X/Plan Detail/stm_aspen 3/20190812_175352/43.png]]&#xD;
&#xD;
2019-08-12 17:56:45 - [TEST_STEP][PASSED] - (internal.GlobalVariable.i++): null&#xD;
&#xD;
2019-08-12 17:56:45 - [MESSAGE][PASSED] - Call Test Case 'Test Cases/mobileWeb/_include/get_screenshot' successfully&#xD;
&#xD;
2019-08-12 17:56:45 - [TEST_STEP][PASSED] - scrollToPosition(0, y): Browser is scrolled to position x = 0, y = 26400&#xD;
&#xD;
2019-08-12 17:56:45 - [MESSAGE][PASSED] - Browser is scrolled to position x = 0, y = 26400&#xD;
&#xD;
2019-08-12 17:56:45 - [TEST_STEP][PASSED] - Thread.sleep(3000): null&#xD;
&#xD;
2019-08-12 17:56:48 - [TEST_STEP][PASSED] - callTestCase(findTestCase("mobileWeb/_include/get_screenshot"), [:], STOP_ON_FAILURE): Call Test Case 'Test Cases/mobileWeb/_include/get_screenshot' successfully&#xD;
&#xD;
2019-08-12 17:56:48 - [TEST_CASE][PASSED] - Test Cases/mobileWeb/_include/get_screenshot: Test Cases/mobileWeb/_include/get_screenshot&#xD;
&#xD;
2019-08-12 17:56:48 - [TEST_STEP][PASSED] - takeScreenshot(screenPath + i + ".png"): Taking screenshot successfully&#xD;
&#xD;
2019-08-12 17:56:49 - [MESSAGE][PASSED] - Taking screenshot successfully&#xD;
[[ATTACHMENT|D:\\Test\\AgileTest\\AgileTest\\Reports\\mobileWeb\\plan detail\\20190812_173746\\../Screenshots/iPhone X/Plan Detail/stm_aspen 3/20190812_175352/44.png]]&#xD;
&#xD;
2019-08-12 17:56:49 - [TEST_STEP][PASSED] - (internal.GlobalVariable.i++): null&#xD;
&#xD;
2019-08-12 17:56:49 - [MESSAGE][PASSED] - Call Test Case 'Test Cases/mobileWeb/_include/get_screenshot' successfully&#xD;
&#xD;
2019-08-12 17:56:49 - [TEST_STEP][PASSED] - scrollToPosition(0, y): Browser is scrolled to position x = 0, y = 27000&#xD;
&#xD;
2019-08-12 17:56:49 - [MESSAGE][PASSED] - Browser is scrolled to position x = 0, y = 27000&#xD;
&#xD;
2019-08-12 17:56:49 - [TEST_STEP][PASSED] - Thread.sleep(3000): null&#xD;
&#xD;
2019-08-12 17:56:52 - [TEST_STEP][PASSED] - callTestCase(findTestCase("mobileWeb/_include/get_screenshot"), [:], STOP_ON_FAILURE): Call Test Case 'Test Cases/mobileWeb/_include/get_screenshot' successfully&#xD;
&#xD;
2019-08-12 17:56:52 - [TEST_CASE][PASSED] - Test Cases/mobileWeb/_include/get_screenshot: Test Cases/mobileWeb/_include/get_screenshot&#xD;
&#xD;
2019-08-12 17:56:52 - [TEST_STEP][PASSED] - takeScreenshot(screenPath + i + ".png"): Taking screenshot successfully&#xD;
&#xD;
2019-08-12 17:56:53 - [MESSAGE][PASSED] - Taking screenshot successfully&#xD;
[[ATTACHMENT|D:\\Test\\AgileTest\\AgileTest\\Reports\\mobileWeb\\plan detail\\20190812_173746\\../Screenshots/iPhone X/Plan Detail/stm_aspen 3/20190812_175352/45.png]]&#xD;
&#xD;
2019-08-12 17:56:53 - [TEST_STEP][PASSED] - (internal.GlobalVariable.i++): null&#xD;
&#xD;
2019-08-12 17:56:53 - [MESSAGE][PASSED] - Call Test Case 'Test Cases/mobileWeb/_include/get_screenshot' successfully&#xD;
&#xD;
2019-08-12 17:56:53 - [TEST_STEP][PASSED] - scrollToPosition(0, y): Browser is scrolled to position x = 0, y = 27600&#xD;
&#xD;
2019-08-12 17:56:53 - [MESSAGE][PASSED] - Browser is scrolled to position x = 0, y = 27600&#xD;
&#xD;
2019-08-12 17:56:53 - [TEST_STEP][PASSED] - Thread.sleep(3000): null&#xD;
&#xD;
2019-08-12 17:56:56 - [TEST_STEP][PASSED] - callTestCase(findTestCase("mobileWeb/_include/get_screenshot"), [:], STOP_ON_FAILURE): Call Test Case 'Test Cases/mobileWeb/_include/get_screenshot' successfully&#xD;
&#xD;
2019-08-12 17:56:56 - [TEST_CASE][PASSED] - Test Cases/mobileWeb/_include/get_screenshot: Test Cases/mobileWeb/_include/get_screenshot&#xD;
&#xD;
2019-08-12 17:56:56 - [TEST_STEP][PASSED] - takeScreenshot(screenPath + i + ".png"): Taking screenshot successfully&#xD;
&#xD;
2019-08-12 17:56:56 - [MESSAGE][PASSED] - Taking screenshot successfully&#xD;
[[ATTACHMENT|D:\\Test\\AgileTest\\AgileTest\\Reports\\mobileWeb\\plan detail\\20190812_173746\\../Screenshots/iPhone X/Plan Detail/stm_aspen 3/20190812_175352/46.png]]&#xD;
&#xD;
2019-08-12 17:56:56 - [TEST_STEP][PASSED] - (internal.GlobalVariable.i++): null&#xD;
&#xD;
2019-08-12 17:56:56 - [MESSAGE][PASSED] - Call Test Case 'Test Cases/mobileWeb/_include/get_screenshot' successfully&#xD;
&#xD;
2019-08-12 17:56:56 - [TEST_STEP][PASSED] - scrollToPosition(0, y): Browser is scrolled to position x = 0, y = 28200&#xD;
&#xD;
2019-08-12 17:56:56 - [MESSAGE][PASSED] - Browser is scrolled to position x = 0, y = 28200&#xD;
&#xD;
2019-08-12 17:56:56 - [TEST_STEP][PASSED] - Thread.sleep(3000): null&#xD;
&#xD;
2019-08-12 17:56:59 - [TEST_STEP][PASSED] - callTestCase(findTestCase("mobileWeb/_include/get_screenshot"), [:], STOP_ON_FAILURE): Call Test Case 'Test Cases/mobileWeb/_include/get_screenshot' successfully&#xD;
&#xD;
2019-08-12 17:56:59 - [TEST_CASE][PASSED] - Test Cases/mobileWeb/_include/get_screenshot: Test Cases/mobileWeb/_include/get_screenshot&#xD;
&#xD;
2019-08-12 17:56:59 - [TEST_STEP][PASSED] - takeScreenshot(screenPath + i + ".png"): Taking screenshot successfully&#xD;
&#xD;
2019-08-12 17:57:00 - [MESSAGE][PASSED] - Taking screenshot successfully&#xD;
[[ATTACHMENT|D:\\Test\\AgileTest\\AgileTest\\Reports\\mobileWeb\\plan detail\\20190812_173746\\../Screenshots/iPhone X/Plan Detail/stm_aspen 3/20190812_175352/47.png]]&#xD;
&#xD;
2019-08-12 17:57:00 - [TEST_STEP][PASSED] - (internal.GlobalVariable.i++): null&#xD;
&#xD;
2019-08-12 17:57:00 - [MESSAGE][PASSED] - Call Test Case 'Test Cases/mobileWeb/_include/get_screenshot' successfully&#xD;
&#xD;
2019-08-12 17:57:00 - [TEST_STEP][PASSED] - scrollToPosition(0, y): Browser is scrolled to position x = 0, y = 28800&#xD;
&#xD;
2019-08-12 17:57:00 - [MESSAGE][PASSED] - Browser is scrolled to position x = 0, y = 28800&#xD;
&#xD;
2019-08-12 17:57:00 - [TEST_STEP][PASSED] - Thread.sleep(3000): null&#xD;
&#xD;
2019-08-12 17:57:03 - [TEST_STEP][PASSED] - callTestCase(findTestCase("mobileWeb/_include/get_screenshot"), [:], STOP_ON_FAILURE): Call Test Case 'Test Cases/mobileWeb/_include/get_screenshot' successfully&#xD;
&#xD;
2019-08-12 17:57:03 - [TEST_CASE][PASSED] - Test Cases/mobileWeb/_include/get_screenshot: Test Cases/mobileWeb/_include/get_screenshot&#xD;
&#xD;
2019-08-12 17:57:03 - [TEST_STEP][PASSED] - takeScreenshot(screenPath + i + ".png"): Taking screenshot successfully&#xD;
&#xD;
2019-08-12 17:57:04 - [MESSAGE][PASSED] - Taking screenshot successfully&#xD;
[[ATTACHMENT|D:\\Test\\AgileTest\\AgileTest\\Reports\\mobileWeb\\plan detail\\20190812_173746\\../Screenshots/iPhone X/Plan Detail/stm_aspen 3/20190812_175352/48.png]]&#xD;
&#xD;
2019-08-12 17:57:04 - [TEST_STEP][PASSED] - (internal.GlobalVariable.i++): null&#xD;
&#xD;
2019-08-12 17:57:04 - [MESSAGE][PASSED] - Call Test Case 'Test Cases/mobileWeb/_include/get_screenshot' successfully&#xD;
&#xD;
2019-08-12 17:57:04 - [TEST_STEP][PASSED] - scrollToPosition(0, y): Browser is scrolled to position x = 0, y = 29400&#xD;
&#xD;
2019-08-12 17:57:04 - [MESSAGE][PASSED] - Browser is scrolled to position x = 0, y = 29400&#xD;
&#xD;
2019-08-12 17:57:04 - [TEST_STEP][PASSED] - Thread.sleep(3000): null&#xD;
&#xD;
2019-08-12 17:57:07 - [TEST_STEP][PASSED] - callTestCase(findTestCase("mobileWeb/_include/get_screenshot"), [:], STOP_ON_FAILURE): Call Test Case 'Test Cases/mobileWeb/_include/get_screenshot' successfully&#xD;
&#xD;
2019-08-12 17:57:07 - [TEST_CASE][PASSED] - Test Cases/mobileWeb/_include/get_screenshot: Test Cases/mobileWeb/_include/get_screenshot&#xD;
&#xD;
2019-08-12 17:57:07 - [TEST_STEP][PASSED] - takeScreenshot(screenPath + i + ".png"): Taking screenshot successfully&#xD;
&#xD;
2019-08-12 17:57:08 - [MESSAGE][PASSED] - Taking screenshot successfully&#xD;
[[ATTACHMENT|D:\\Test\\AgileTest\\AgileTest\\Reports\\mobileWeb\\plan detail\\20190812_173746\\../Screenshots/iPhone X/Plan Detail/stm_aspen 3/20190812_175352/49.png]]&#xD;
&#xD;
2019-08-12 17:57:08 - [TEST_STEP][PASSED] - (internal.GlobalVariable.i++): null&#xD;
&#xD;
2019-08-12 17:57:08 - [MESSAGE][PASSED] - Call Test Case 'Test Cases/mobileWeb/_include/get_screenshot' successfully&#xD;
&#xD;
2019-08-12 17:57:08 - [TEST_STEP][PASSED] - scrollToPosition(0, y): Browser is scrolled to position x = 0, y = 30000&#xD;
&#xD;
2019-08-12 17:57:08 - [MESSAGE][PASSED] - Browser is scrolled to position x = 0, y = 30000&#xD;
&#xD;
2019-08-12 17:57:08 - [TEST_STEP][PASSED] - Thread.sleep(3000): null&#xD;
&#xD;
2019-08-12 17:57:11 - [TEST_STEP][PASSED] - callTestCase(findTestCase("mobileWeb/_include/get_screenshot"), [:], STOP_ON_FAILURE): Call Test Case 'Test Cases/mobileWeb/_include/get_screenshot' successfully&#xD;
&#xD;
2019-08-12 17:57:11 - [TEST_CASE][PASSED] - Test Cases/mobileWeb/_include/get_screenshot: Test Cases/mobileWeb/_include/get_screenshot&#xD;
&#xD;
2019-08-12 17:57:11 - [TEST_STEP][PASSED] - takeScreenshot(screenPath + i + ".png"): Taking screenshot successfully&#xD;
&#xD;
2019-08-12 17:57:12 - [MESSAGE][PASSED] - Taking screenshot successfully&#xD;
[[ATTACHMENT|D:\\Test\\AgileTest\\AgileTest\\Reports\\mobileWeb\\plan detail\\20190812_173746\\../Screenshots/iPhone X/Plan Detail/stm_aspen 3/20190812_175352/50.png]]&#xD;
&#xD;
2019-08-12 17:57:12 - [TEST_STEP][PASSED] - (internal.GlobalVariable.i++): null&#xD;
&#xD;
2019-08-12 17:57:12 - [MESSAGE][PASSED] - Call Test Case 'Test Cases/mobileWeb/_include/get_screenshot' successfully&#xD;
&#xD;
2019-08-12 17:57:12 - [TEST_STEP][PASSED] - scrollToPosition(0, y): Browser is scrolled to position x = 0, y = 30600&#xD;
&#xD;
2019-08-12 17:57:12 - [MESSAGE][PASSED] - Browser is scrolled to position x = 0, y = 30600&#xD;
&#xD;
2019-08-12 17:57:12 - [TEST_STEP][PASSED] - Thread.sleep(3000): null&#xD;
&#xD;
2019-08-12 17:57:15 - [TEST_STEP][PASSED] - callTestCase(findTestCase("mobileWeb/_include/get_screenshot"), [:], STOP_ON_FAILURE): Call Test Case 'Test Cases/mobileWeb/_include/get_screenshot' successfully&#xD;
&#xD;
2019-08-12 17:57:15 - [TEST_CASE][PASSED] - Test Cases/mobileWeb/_include/get_screenshot: Test Cases/mobileWeb/_include/get_screenshot&#xD;
&#xD;
2019-08-12 17:57:15 - [TEST_STEP][PASSED] - takeScreenshot(screenPath + i + ".png"): Taking screenshot successfully&#xD;
&#xD;
2019-08-12 17:57:15 - [MESSAGE][PASSED] - Taking screenshot successfully&#xD;
[[ATTACHMENT|D:\\Test\\AgileTest\\AgileTest\\Reports\\mobileWeb\\plan detail\\20190812_173746\\../Screenshots/iPhone X/Plan Detail/stm_aspen 3/20190812_175352/51.png]]&#xD;
&#xD;
2019-08-12 17:57:15 - [TEST_STEP][PASSED] - (internal.GlobalVariable.i++): null&#xD;
&#xD;
2019-08-12 17:57:15 - [MESSAGE][PASSED] - Call Test Case 'Test Cases/mobileWeb/_include/get_screenshot' successfully&#xD;
&#xD;
2019-08-12 17:57:15 - [TEST_STEP][PASSED] - scrollToPosition(0, y): Browser is scrolled to position x = 0, y = 31200&#xD;
&#xD;
2019-08-12 17:57:15 - [MESSAGE][PASSED] - Browser is scrolled to position x = 0, y = 31200&#xD;
&#xD;
2019-08-12 17:57:15 - [TEST_STEP][PASSED] - Thread.sleep(3000): null&#xD;
&#xD;
2019-08-12 17:57:18 - [MESSAGE][PASSED] - Call Test Case 'Test Cases/mobileWeb/_include/get_scrollScreenshot' successfully</system-out>
            <system-err></system-err>
        </testcase>
        <testcase name="Test Cases/mobileWeb/Other Pages Check/Plan Detail/stm/everest prime" classname="Test Cases/mobileWeb/Other Pages Check/Plan Detail/stm/everest prime" status="PASSED">
            <system-out>2019-08-12 17:57:18 - [TEST_CASE][PASSED] - Test Cases/mobileWeb/Other Pages Check/Plan Detail/stm/everest prime: Test Cases/mobileWeb/Other Pages Check/Plan Detail/stm/everest prime&#xD;
&#xD;
2019-08-12 17:57:19 - [TEST_STEP][PASSED] - callTestCase(findTestCase("mobileWeb/_include/get_screenPath"), ["productLine":"Plan Detail", "carrierName":"stm_everest prime"], CONTINUE_ON_FAILURE): Call Test Case 'Test Cases/mobileWeb/_include/get_screenPath' successfully&#xD;
&#xD;
2019-08-12 17:57:19 - [TEST_CASE][PASSED] - Test Cases/mobileWeb/_include/get_screenPath: Test Cases/mobileWeb/_include/get_screenPath&#xD;
&#xD;
2019-08-12 17:57:19 - [TEST_STEP][PASSED] - m = getExecutionProperties(): null&#xD;
&#xD;
2019-08-12 17:57:19 - [TEST_STEP][PASSED] - deviceName = get("mobileEmulation").get("deviceName"): null&#xD;
&#xD;
2019-08-12 17:57:19 - [TEST_STEP][PASSED] - println(deviceName): null&#xD;
&#xD;
2019-08-12 17:57:19 - [TEST_STEP][PASSED] - now = new java.util.Date(): null&#xD;
&#xD;
2019-08-12 17:57:19 - [TEST_STEP][PASSED] - mydate = now.format("yyyyMMdd_HHmmss"): null&#xD;
&#xD;
2019-08-12 17:57:19 - [TEST_STEP][PASSED] - screenPath = "../Screenshots/": null&#xD;
&#xD;
2019-08-12 17:57:19 - [TEST_STEP][PASSED] - screenPath = screenPath + deviceName + "/" + productLine + "/" + carrierName + "/" + mydate + "/": null&#xD;
&#xD;
2019-08-12 17:57:19 - [TEST_STEP][PASSED] - println(screenPath): null&#xD;
&#xD;
2019-08-12 17:57:19 - [MESSAGE][PASSED] - Call Test Case 'Test Cases/mobileWeb/_include/get_screenPath' successfully&#xD;
&#xD;
2019-08-12 17:57:19 - [TEST_STEP][PASSED] - i = 0: null&#xD;
&#xD;
2019-08-12 17:57:19 - [TEST_STEP][PASSED] - openBrowser("https://praetemptatus.agilehealthinsurance.com/term-health-insurance/plan/everest-al-5000-30-10000-1500000-extended?census[location][zip]=35215&amp;census[member][0][dob]=1/1/1980&amp;census[member][0][gender]=F&amp;census[member][0][role]=P"): Browser is opened with url: 'https://praetemptatus.agilehealthinsurance.com/term-health-insurance/plan/everest-al-5000-30-10000-1500000-extended?census[location][zip]=35215&amp;census[member][0][dob]=1/1/1980&amp;census[member][0][gender]=F&amp;census[member][0][role]=P'&#xD;
&#xD;
2019-08-12 17:57:19 - [MESSAGE][WARNING] - A browser is already opened. Closing browser and opening a new one&#xD;
&#xD;
2019-08-12 17:57:19 - [MESSAGE][INFO] - Starting 'Chrome' driver&#xD;
&#xD;
2019-08-12 17:57:19 - [MESSAGE][INFO] - User set preference: ['mobileEmulation', '{deviceName=iPhone X}']&#xD;
&#xD;
2019-08-12 17:57:19 - [MESSAGE][INFO] - User set preference: ['args', '[--incognito, --aggressive-cache-discard, --no-sandbox, --window-size=375,812]']&#xD;
&#xD;
2019-08-12 17:57:28 - [MESSAGE][PASSED] - Browser is opened with url: 'https://praetemptatus.agilehealthinsurance.com/term-health-insurance/plan/everest-al-5000-30-10000-1500000-extended?census[location][zip]=35215&amp;census[member][0][dob]=1/1/1980&amp;census[member][0][gender]=F&amp;census[member][0][role]=P'&#xD;
&#xD;
2019-08-12 17:57:28 - [TEST_STEP][PASSED] - waitForPageLoad(20): Wait for page load successfully&#xD;
&#xD;
2019-08-12 17:57:29 - [MESSAGE][PASSED] - Wait for page load successfully&#xD;
&#xD;
2019-08-12 17:57:29 - [TEST_STEP][PASSED] - callTestCase(findTestCase("mobileWeb/_include/get_scrollScreenshot"), [:], STOP_ON_FAILURE): Call Test Case 'Test Cases/mobileWeb/_include/get_scrollScreenshot' successfully&#xD;
&#xD;
2019-08-12 17:57:29 - [TEST_CASE][PASSED] - Test Cases/mobileWeb/_include/get_scrollScreenshot: Test Cases/mobileWeb/_include/get_scrollScreenshot&#xD;
&#xD;
2019-08-12 17:57:29 - [TEST_STEP][PASSED] - pageHeight = getPageHeight(): Current page's height is 27755&#xD;
&#xD;
2019-08-12 17:57:29 - [MESSAGE][PASSED] - Current page's height is 27755&#xD;
&#xD;
2019-08-12 17:57:29 - [TEST_STEP][PASSED] - for ([y = 600, y &lt; pageHeight, y = y + 600]): null&#xD;
&#xD;
2019-08-12 17:57:29 - [TEST_STEP][PASSED] - callTestCase(findTestCase("mobileWeb/_include/get_screenshot"), [:], STOP_ON_FAILURE): Call Test Case 'Test Cases/mobileWeb/_include/get_screenshot' successfully&#xD;
&#xD;
2019-08-12 17:57:29 - [TEST_CASE][PASSED] - Test Cases/mobileWeb/_include/get_screenshot: Test Cases/mobileWeb/_include/get_screenshot&#xD;
&#xD;
2019-08-12 17:57:29 - [TEST_STEP][PASSED] - takeScreenshot(screenPath + i + ".png"): Taking screenshot successfully&#xD;
&#xD;
2019-08-12 17:57:30 - [MESSAGE][PASSED] - Taking screenshot successfully&#xD;
[[ATTACHMENT|D:\\Test\\AgileTest\\AgileTest\\Reports\\mobileWeb\\plan detail\\20190812_173746\\../Screenshots/iPhone X/Plan Detail/stm_everest prime/20190812_175719/0.png]]&#xD;
&#xD;
2019-08-12 17:57:30 - [TEST_STEP][PASSED] - (internal.GlobalVariable.i++): null&#xD;
&#xD;
2019-08-12 17:57:30 - [MESSAGE][PASSED] - Call Test Case 'Test Cases/mobileWeb/_include/get_screenshot' successfully&#xD;
&#xD;
2019-08-12 17:57:30 - [TEST_STEP][PASSED] - scrollToPosition(0, y): Browser is scrolled to position x = 0, y = 600&#xD;
&#xD;
2019-08-12 17:57:30 - [MESSAGE][PASSED] - Browser is scrolled to position x = 0, y = 600&#xD;
&#xD;
2019-08-12 17:57:30 - [TEST_STEP][PASSED] - Thread.sleep(3000): null&#xD;
&#xD;
2019-08-12 17:57:33 - [TEST_STEP][PASSED] - callTestCase(findTestCase("mobileWeb/_include/get_screenshot"), [:], STOP_ON_FAILURE): Call Test Case 'Test Cases/mobileWeb/_include/get_screenshot' successfully&#xD;
&#xD;
2019-08-12 17:57:33 - [TEST_CASE][PASSED] - Test Cases/mobileWeb/_include/get_screenshot: Test Cases/mobileWeb/_include/get_screenshot&#xD;
&#xD;
2019-08-12 17:57:33 - [TEST_STEP][PASSED] - takeScreenshot(screenPath + i + ".png"): Taking screenshot successfully&#xD;
&#xD;
2019-08-12 17:57:33 - [MESSAGE][PASSED] - Taking screenshot successfully&#xD;
[[ATTACHMENT|D:\\Test\\AgileTest\\AgileTest\\Reports\\mobileWeb\\plan detail\\20190812_173746\\../Screenshots/iPhone X/Plan Detail/stm_everest prime/20190812_175719/1.png]]&#xD;
&#xD;
2019-08-12 17:57:33 - [TEST_STEP][PASSED] - (internal.GlobalVariable.i++): null&#xD;
&#xD;
2019-08-12 17:57:33 - [MESSAGE][PASSED] - Call Test Case 'Test Cases/mobileWeb/_include/get_screenshot' successfully&#xD;
&#xD;
2019-08-12 17:57:33 - [TEST_STEP][PASSED] - scrollToPosition(0, y): Browser is scrolled to position x = 0, y = 1200&#xD;
&#xD;
2019-08-12 17:57:33 - [MESSAGE][PASSED] - Browser is scrolled to position x = 0, y = 1200&#xD;
&#xD;
2019-08-12 17:57:33 - [TEST_STEP][PASSED] - Thread.sleep(3000): null&#xD;
&#xD;
2019-08-12 17:57:36 - [TEST_STEP][PASSED] - callTestCase(findTestCase("mobileWeb/_include/get_screenshot"), [:], STOP_ON_FAILURE): Call Test Case 'Test Cases/mobileWeb/_include/get_screenshot' successfully&#xD;
&#xD;
2019-08-12 17:57:37 - [TEST_CASE][PASSED] - Test Cases/mobileWeb/_include/get_screenshot: Test Cases/mobileWeb/_include/get_screenshot&#xD;
&#xD;
2019-08-12 17:57:37 - [TEST_STEP][PASSED] - takeScreenshot(screenPath + i + ".png"): Taking screenshot successfully&#xD;
&#xD;
2019-08-12 17:57:37 - [MESSAGE][PASSED] - Taking screenshot successfully&#xD;
[[ATTACHMENT|D:\\Test\\AgileTest\\AgileTest\\Reports\\mobileWeb\\plan detail\\20190812_173746\\../Screenshots/iPhone X/Plan Detail/stm_everest prime/20190812_175719/2.png]]&#xD;
&#xD;
2019-08-12 17:57:37 - [TEST_STEP][PASSED] - (internal.GlobalVariable.i++): null&#xD;
&#xD;
2019-08-12 17:57:37 - [MESSAGE][PASSED] - Call Test Case 'Test Cases/mobileWeb/_include/get_screenshot' successfully&#xD;
&#xD;
2019-08-12 17:57:37 - [TEST_STEP][PASSED] - scrollToPosition(0, y): Browser is scrolled to position x = 0, y = 1800&#xD;
&#xD;
2019-08-12 17:57:37 - [MESSAGE][PASSED] - Browser is scrolled to position x = 0, y = 1800&#xD;
&#xD;
2019-08-12 17:57:37 - [TEST_STEP][PASSED] - Thread.sleep(3000): null&#xD;
&#xD;
2019-08-12 17:57:40 - [TEST_STEP][PASSED] - callTestCase(findTestCase("mobileWeb/_include/get_screenshot"), [:], STOP_ON_FAILURE): Call Test Case 'Test Cases/mobileWeb/_include/get_screenshot' successfully&#xD;
&#xD;
2019-08-12 17:57:40 - [TEST_CASE][PASSED] - Test Cases/mobileWeb/_include/get_screenshot: Test Cases/mobileWeb/_include/get_screenshot&#xD;
&#xD;
2019-08-12 17:57:40 - [TEST_STEP][PASSED] - takeScreenshot(screenPath + i + ".png"): Taking screenshot successfully&#xD;
&#xD;
2019-08-12 17:57:41 - [MESSAGE][PASSED] - Taking screenshot successfully&#xD;
[[ATTACHMENT|D:\\Test\\AgileTest\\AgileTest\\Reports\\mobileWeb\\plan detail\\20190812_173746\\../Screenshots/iPhone X/Plan Detail/stm_everest prime/20190812_175719/3.png]]&#xD;
&#xD;
2019-08-12 17:57:41 - [TEST_STEP][PASSED] - (internal.GlobalVariable.i++): null&#xD;
&#xD;
2019-08-12 17:57:41 - [MESSAGE][PASSED] - Call Test Case 'Test Cases/mobileWeb/_include/get_screenshot' successfully&#xD;
&#xD;
2019-08-12 17:57:41 - [TEST_STEP][PASSED] - scrollToPosition(0, y): Browser is scrolled to position x = 0, y = 2400&#xD;
&#xD;
2019-08-12 17:57:41 - [MESSAGE][PASSED] - Browser is scrolled to position x = 0, y = 2400&#xD;
&#xD;
2019-08-12 17:57:41 - [TEST_STEP][PASSED] - Thread.sleep(3000): null&#xD;
&#xD;
2019-08-12 17:57:44 - [TEST_STEP][PASSED] - callTestCase(findTestCase("mobileWeb/_include/get_screenshot"), [:], STOP_ON_FAILURE): Call Test Case 'Test Cases/mobileWeb/_include/get_screenshot' successfully&#xD;
&#xD;
2019-08-12 17:57:44 - [TEST_CASE][PASSED] - Test Cases/mobileWeb/_include/get_screenshot: Test Cases/mobileWeb/_include/get_screenshot&#xD;
&#xD;
2019-08-12 17:57:44 - [TEST_STEP][PASSED] - takeScreenshot(screenPath + i + ".png"): Taking screenshot successfully&#xD;
&#xD;
2019-08-12 17:57:45 - [MESSAGE][PASSED] - Taking screenshot successfully&#xD;
[[ATTACHMENT|D:\\Test\\AgileTest\\AgileTest\\Reports\\mobileWeb\\plan detail\\20190812_173746\\../Screenshots/iPhone X/Plan Detail/stm_everest prime/20190812_175719/4.png]]&#xD;
&#xD;
2019-08-12 17:57:45 - [TEST_STEP][PASSED] - (internal.GlobalVariable.i++): null&#xD;
&#xD;
2019-08-12 17:57:45 - [MESSAGE][PASSED] - Call Test Case 'Test Cases/mobileWeb/_include/get_screenshot' successfully&#xD;
&#xD;
2019-08-12 17:57:45 - [TEST_STEP][PASSED] - scrollToPosition(0, y): Browser is scrolled to position x = 0, y = 3000&#xD;
&#xD;
2019-08-12 17:57:45 - [MESSAGE][PASSED] - Browser is scrolled to position x = 0, y = 3000&#xD;
&#xD;
2019-08-12 17:57:45 - [TEST_STEP][PASSED] - Thread.sleep(3000): null&#xD;
&#xD;
2019-08-12 17:57:48 - [TEST_STEP][PASSED] - callTestCase(findTestCase("mobileWeb/_include/get_screenshot"), [:], STOP_ON_FAILURE): Call Test Case 'Test Cases/mobileWeb/_include/get_screenshot' successfully&#xD;
&#xD;
2019-08-12 17:57:48 - [TEST_CASE][PASSED] - Test Cases/mobileWeb/_include/get_screenshot: Test Cases/mobileWeb/_include/get_screenshot&#xD;
&#xD;
2019-08-12 17:57:48 - [TEST_STEP][PASSED] - takeScreenshot(screenPath + i + ".png"): Taking screenshot successfully&#xD;
&#xD;
2019-08-12 17:57:48 - [MESSAGE][PASSED] - Taking screenshot successfully&#xD;
[[ATTACHMENT|D:\\Test\\AgileTest\\AgileTest\\Reports\\mobileWeb\\plan detail\\20190812_173746\\../Screenshots/iPhone X/Plan Detail/stm_everest prime/20190812_175719/5.png]]&#xD;
&#xD;
2019-08-12 17:57:48 - [TEST_STEP][PASSED] - (internal.GlobalVariable.i++): null&#xD;
&#xD;
2019-08-12 17:57:48 - [MESSAGE][PASSED] - Call Test Case 'Test Cases/mobileWeb/_include/get_screenshot' successfully&#xD;
&#xD;
2019-08-12 17:57:48 - [TEST_STEP][PASSED] - scrollToPosition(0, y): Browser is scrolled to position x = 0, y = 3600&#xD;
&#xD;
2019-08-12 17:57:48 - [MESSAGE][PASSED] - Browser is scrolled to position x = 0, y = 3600&#xD;
&#xD;
2019-08-12 17:57:48 - [TEST_STEP][PASSED] - Thread.sleep(3000): null&#xD;
&#xD;
2019-08-12 17:57:51 - [TEST_STEP][PASSED] - callTestCase(findTestCase("mobileWeb/_include/get_screenshot"), [:], STOP_ON_FAILURE): Call Test Case 'Test Cases/mobileWeb/_include/get_screenshot' successfully&#xD;
&#xD;
2019-08-12 17:57:52 - [TEST_CASE][PASSED] - Test Cases/mobileWeb/_include/get_screenshot: Test Cases/mobileWeb/_include/get_screenshot&#xD;
&#xD;
2019-08-12 17:57:52 - [TEST_STEP][PASSED] - takeScreenshot(screenPath + i + ".png"): Taking screenshot successfully&#xD;
&#xD;
2019-08-12 17:57:52 - [MESSAGE][PASSED] - Taking screenshot successfully&#xD;
[[ATTACHMENT|D:\\Test\\AgileTest\\AgileTest\\Reports\\mobileWeb\\plan detail\\20190812_173746\\../Screenshots/iPhone X/Plan Detail/stm_everest prime/20190812_175719/6.png]]&#xD;
&#xD;
2019-08-12 17:57:52 - [TEST_STEP][PASSED] - (internal.GlobalVariable.i++): null&#xD;
&#xD;
2019-08-12 17:57:52 - [MESSAGE][PASSED] - Call Test Case 'Test Cases/mobileWeb/_include/get_screenshot' successfully&#xD;
&#xD;
2019-08-12 17:57:52 - [TEST_STEP][PASSED] - scrollToPosition(0, y): Browser is scrolled to position x = 0, y = 4200&#xD;
&#xD;
2019-08-12 17:57:52 - [MESSAGE][PASSED] - Browser is scrolled to position x = 0, y = 4200&#xD;
&#xD;
2019-08-12 17:57:52 - [TEST_STEP][PASSED] - Thread.sleep(3000): null&#xD;
&#xD;
2019-08-12 17:57:55 - [TEST_STEP][PASSED] - callTestCase(findTestCase("mobileWeb/_include/get_screenshot"), [:], STOP_ON_FAILURE): Call Test Case 'Test Cases/mobileWeb/_include/get_screenshot' successfully&#xD;
&#xD;
2019-08-12 17:57:56 - [TEST_CASE][PASSED] - Test Cases/mobileWeb/_include/get_screenshot: Test Cases/mobileWeb/_include/get_screenshot&#xD;
&#xD;
2019-08-12 17:57:56 - [TEST_STEP][PASSED] - takeScreenshot(screenPath + i + ".png"): Taking screenshot successfully&#xD;
&#xD;
2019-08-12 17:57:56 - [MESSAGE][PASSED] - Taking screenshot successfully&#xD;
[[ATTACHMENT|D:\\Test\\AgileTest\\AgileTest\\Reports\\mobileWeb\\plan detail\\20190812_173746\\../Screenshots/iPhone X/Plan Detail/stm_everest prime/20190812_175719/7.png]]&#xD;
&#xD;
2019-08-12 17:57:56 - [TEST_STEP][PASSED] - (internal.GlobalVariable.i++): null&#xD;
&#xD;
2019-08-12 17:57:56 - [MESSAGE][PASSED] - Call Test Case 'Test Cases/mobileWeb/_include/get_screenshot' successfully&#xD;
&#xD;
2019-08-12 17:57:56 - [TEST_STEP][PASSED] - scrollToPosition(0, y): Browser is scrolled to position x = 0, y = 4800&#xD;
&#xD;
2019-08-12 17:57:56 - [MESSAGE][PASSED] - Browser is scrolled to position x = 0, y = 4800&#xD;
&#xD;
2019-08-12 17:57:56 - [TEST_STEP][PASSED] - Thread.sleep(3000): null&#xD;
&#xD;
2019-08-12 17:57:59 - [TEST_STEP][PASSED] - callTestCase(findTestCase("mobileWeb/_include/get_screenshot"), [:], STOP_ON_FAILURE): Call Test Case 'Test Cases/mobileWeb/_include/get_screenshot' successfully&#xD;
&#xD;
2019-08-12 17:57:59 - [TEST_CASE][PASSED] - Test Cases/mobileWeb/_include/get_screenshot: Test Cases/mobileWeb/_include/get_screenshot&#xD;
&#xD;
2019-08-12 17:57:59 - [TEST_STEP][PASSED] - takeScreenshot(screenPath + i + ".png"): Taking screenshot successfully&#xD;
&#xD;
2019-08-12 17:58:00 - [MESSAGE][PASSED] - Taking screenshot successfully&#xD;
[[ATTACHMENT|D:\\Test\\AgileTest\\AgileTest\\Reports\\mobileWeb\\plan detail\\20190812_173746\\../Screenshots/iPhone X/Plan Detail/stm_everest prime/20190812_175719/8.png]]&#xD;
&#xD;
2019-08-12 17:58:00 - [TEST_STEP][PASSED] - (internal.GlobalVariable.i++): null&#xD;
&#xD;
2019-08-12 17:58:00 - [MESSAGE][PASSED] - Call Test Case 'Test Cases/mobileWeb/_include/get_screenshot' successfully&#xD;
&#xD;
2019-08-12 17:58:00 - [TEST_STEP][PASSED] - scrollToPosition(0, y): Browser is scrolled to position x = 0, y = 5400&#xD;
&#xD;
2019-08-12 17:58:00 - [MESSAGE][PASSED] - Browser is scrolled to position x = 0, y = 5400&#xD;
&#xD;
2019-08-12 17:58:00 - [TEST_STEP][PASSED] - Thread.sleep(3000): null&#xD;
&#xD;
2019-08-12 17:58:03 - [TEST_STEP][PASSED] - callTestCase(findTestCase("mobileWeb/_include/get_screenshot"), [:], STOP_ON_FAILURE): Call Test Case 'Test Cases/mobileWeb/_include/get_screenshot' successfully&#xD;
&#xD;
2019-08-12 17:58:03 - [TEST_CASE][PASSED] - Test Cases/mobileWeb/_include/get_screenshot: Test Cases/mobileWeb/_include/get_screenshot&#xD;
&#xD;
2019-08-12 17:58:03 - [TEST_STEP][PASSED] - takeScreenshot(screenPath + i + ".png"): Taking screenshot successfully&#xD;
&#xD;
2019-08-12 17:58:04 - [MESSAGE][PASSED] - Taking screenshot successfully&#xD;
[[ATTACHMENT|D:\\Test\\AgileTest\\AgileTest\\Reports\\mobileWeb\\plan detail\\20190812_173746\\../Screenshots/iPhone X/Plan Detail/stm_everest prime/20190812_175719/9.png]]&#xD;
&#xD;
2019-08-12 17:58:04 - [TEST_STEP][PASSED] - (internal.GlobalVariable.i++): null&#xD;
&#xD;
2019-08-12 17:58:04 - [MESSAGE][PASSED] - Call Test Case 'Test Cases/mobileWeb/_include/get_screenshot' successfully&#xD;
&#xD;
2019-08-12 17:58:04 - [TEST_STEP][PASSED] - scrollToPosition(0, y): Browser is scrolled to position x = 0, y = 6000&#xD;
&#xD;
2019-08-12 17:58:04 - [MESSAGE][PASSED] - Browser is scrolled to position x = 0, y = 6000&#xD;
&#xD;
2019-08-12 17:58:04 - [TEST_STEP][PASSED] - Thread.sleep(3000): null&#xD;
&#xD;
2019-08-12 17:58:07 - [TEST_STEP][PASSED] - callTestCase(findTestCase("mobileWeb/_include/get_screenshot"), [:], STOP_ON_FAILURE): Call Test Case 'Test Cases/mobileWeb/_include/get_screenshot' successfully&#xD;
&#xD;
2019-08-12 17:58:07 - [TEST_CASE][PASSED] - Test Cases/mobileWeb/_include/get_screenshot: Test Cases/mobileWeb/_include/get_screenshot&#xD;
&#xD;
2019-08-12 17:58:07 - [TEST_STEP][PASSED] - takeScreenshot(screenPath + i + ".png"): Taking screenshot successfully&#xD;
&#xD;
2019-08-12 17:58:08 - [MESSAGE][PASSED] - Taking screenshot successfully&#xD;
[[ATTACHMENT|D:\\Test\\AgileTest\\AgileTest\\Reports\\mobileWeb\\plan detail\\20190812_173746\\../Screenshots/iPhone X/Plan Detail/stm_everest prime/20190812_175719/10.png]]&#xD;
&#xD;
2019-08-12 17:58:08 - [TEST_STEP][PASSED] - (internal.GlobalVariable.i++): null&#xD;
&#xD;
2019-08-12 17:58:08 - [MESSAGE][PASSED] - Call Test Case 'Test Cases/mobileWeb/_include/get_screenshot' successfully&#xD;
&#xD;
2019-08-12 17:58:08 - [TEST_STEP][PASSED] - scrollToPosition(0, y): Browser is scrolled to position x = 0, y = 6600&#xD;
&#xD;
2019-08-12 17:58:08 - [MESSAGE][PASSED] - Browser is scrolled to position x = 0, y = 6600&#xD;
&#xD;
2019-08-12 17:58:08 - [TEST_STEP][PASSED] - Thread.sleep(3000): null&#xD;
&#xD;
2019-08-12 17:58:11 - [TEST_STEP][PASSED] - callTestCase(findTestCase("mobileWeb/_include/get_screenshot"), [:], STOP_ON_FAILURE): Call Test Case 'Test Cases/mobileWeb/_include/get_screenshot' successfully&#xD;
&#xD;
2019-08-12 17:58:11 - [TEST_CASE][PASSED] - Test Cases/mobileWeb/_include/get_screenshot: Test Cases/mobileWeb/_include/get_screenshot&#xD;
&#xD;
2019-08-12 17:58:11 - [TEST_STEP][PASSED] - takeScreenshot(screenPath + i + ".png"): Taking screenshot successfully&#xD;
&#xD;
2019-08-12 17:58:11 - [MESSAGE][PASSED] - Taking screenshot successfully&#xD;
[[ATTACHMENT|D:\\Test\\AgileTest\\AgileTest\\Reports\\mobileWeb\\plan detail\\20190812_173746\\../Screenshots/iPhone X/Plan Detail/stm_everest prime/20190812_175719/11.png]]&#xD;
&#xD;
2019-08-12 17:58:11 - [TEST_STEP][PASSED] - (internal.GlobalVariable.i++): null&#xD;
&#xD;
2019-08-12 17:58:11 - [MESSAGE][PASSED] - Call Test Case 'Test Cases/mobileWeb/_include/get_screenshot' successfully&#xD;
&#xD;
2019-08-12 17:58:11 - [TEST_STEP][PASSED] - scrollToPosition(0, y): Browser is scrolled to position x = 0, y = 7200&#xD;
&#xD;
2019-08-12 17:58:11 - [MESSAGE][PASSED] - Browser is scrolled to position x = 0, y = 7200&#xD;
&#xD;
2019-08-12 17:58:11 - [TEST_STEP][PASSED] - Thread.sleep(3000): null&#xD;
&#xD;
2019-08-12 17:58:14 - [TEST_STEP][PASSED] - callTestCase(findTestCase("mobileWeb/_include/get_screenshot"), [:], STOP_ON_FAILURE): Call Test Case 'Test Cases/mobileWeb/_include/get_screenshot' successfully&#xD;
&#xD;
2019-08-12 17:58:14 - [TEST_CASE][PASSED] - Test Cases/mobileWeb/_include/get_screenshot: Test Cases/mobileWeb/_include/get_screenshot&#xD;
&#xD;
2019-08-12 17:58:14 - [TEST_STEP][PASSED] - takeScreenshot(screenPath + i + ".png"): Taking screenshot successfully&#xD;
&#xD;
2019-08-12 17:58:15 - [MESSAGE][PASSED] - Taking screenshot successfully&#xD;
[[ATTACHMENT|D:\\Test\\AgileTest\\AgileTest\\Reports\\mobileWeb\\plan detail\\20190812_173746\\../Screenshots/iPhone X/Plan Detail/stm_everest prime/20190812_175719/12.png]]&#xD;
&#xD;
2019-08-12 17:58:15 - [TEST_STEP][PASSED] - (internal.GlobalVariable.i++): null&#xD;
&#xD;
2019-08-12 17:58:15 - [MESSAGE][PASSED] - Call Test Case 'Test Cases/mobileWeb/_include/get_screenshot' successfully&#xD;
&#xD;
2019-08-12 17:58:15 - [TEST_STEP][PASSED] - scrollToPosition(0, y): Browser is scrolled to position x = 0, y = 7800&#xD;
&#xD;
2019-08-12 17:58:15 - [MESSAGE][PASSED] - Browser is scrolled to position x = 0, y = 7800&#xD;
&#xD;
2019-08-12 17:58:15 - [TEST_STEP][PASSED] - Thread.sleep(3000): null&#xD;
&#xD;
2019-08-12 17:58:18 - [TEST_STEP][PASSED] - callTestCase(findTestCase("mobileWeb/_include/get_screenshot"), [:], STOP_ON_FAILURE): Call Test Case 'Test Cases/mobileWeb/_include/get_screenshot' successfully&#xD;
&#xD;
2019-08-12 17:58:18 - [TEST_CASE][PASSED] - Test Cases/mobileWeb/_include/get_screenshot: Test Cases/mobileWeb/_include/get_screenshot&#xD;
&#xD;
2019-08-12 17:58:18 - [TEST_STEP][PASSED] - takeScreenshot(screenPath + i + ".png"): Taking screenshot successfully&#xD;
&#xD;
2019-08-12 17:58:19 - [MESSAGE][PASSED] - Taking screenshot successfully&#xD;
[[ATTACHMENT|D:\\Test\\AgileTest\\AgileTest\\Reports\\mobileWeb\\plan detail\\20190812_173746\\../Screenshots/iPhone X/Plan Detail/stm_everest prime/20190812_175719/13.png]]&#xD;
&#xD;
2019-08-12 17:58:19 - [TEST_STEP][PASSED] - (internal.GlobalVariable.i++): null&#xD;
&#xD;
2019-08-12 17:58:19 - [MESSAGE][PASSED] - Call Test Case 'Test Cases/mobileWeb/_include/get_screenshot' successfully&#xD;
&#xD;
2019-08-12 17:58:19 - [TEST_STEP][PASSED] - scrollToPosition(0, y): Browser is scrolled to position x = 0, y = 8400&#xD;
&#xD;
2019-08-12 17:58:19 - [MESSAGE][PASSED] - Browser is scrolled to position x = 0, y = 8400&#xD;
&#xD;
2019-08-12 17:58:19 - [TEST_STEP][PASSED] - Thread.sleep(3000): null&#xD;
&#xD;
2019-08-12 17:58:22 - [TEST_STEP][PASSED] - callTestCase(findTestCase("mobileWeb/_include/get_screenshot"), [:], STOP_ON_FAILURE): Call Test Case 'Test Cases/mobileWeb/_include/get_screenshot' successfully&#xD;
&#xD;
2019-08-12 17:58:22 - [TEST_CASE][PASSED] - Test Cases/mobileWeb/_include/get_screenshot: Test Cases/mobileWeb/_include/get_screenshot&#xD;
&#xD;
2019-08-12 17:58:22 - [TEST_STEP][PASSED] - takeScreenshot(screenPath + i + ".png"): Taking screenshot successfully&#xD;
&#xD;
2019-08-12 17:58:23 - [MESSAGE][PASSED] - Taking screenshot successfully&#xD;
[[ATTACHMENT|D:\\Test\\AgileTest\\AgileTest\\Reports\\mobileWeb\\plan detail\\20190812_173746\\../Screenshots/iPhone X/Plan Detail/stm_everest prime/20190812_175719/14.png]]&#xD;
&#xD;
2019-08-12 17:58:23 - [TEST_STEP][PASSED] - (internal.GlobalVariable.i++): null&#xD;
&#xD;
2019-08-12 17:58:23 - [MESSAGE][PASSED] - Call Test Case 'Test Cases/mobileWeb/_include/get_screenshot' successfully&#xD;
&#xD;
2019-08-12 17:58:23 - [TEST_STEP][PASSED] - scrollToPosition(0, y): Browser is scrolled to position x = 0, y = 9000&#xD;
&#xD;
2019-08-12 17:58:23 - [MESSAGE][PASSED] - Browser is scrolled to position x = 0, y = 9000&#xD;
&#xD;
2019-08-12 17:58:23 - [TEST_STEP][PASSED] - Thread.sleep(3000): null&#xD;
&#xD;
2019-08-12 17:58:26 - [TEST_STEP][PASSED] - callTestCase(findTestCase("mobileWeb/_include/get_screenshot"), [:], STOP_ON_FAILURE): Call Test Case 'Test Cases/mobileWeb/_include/get_screenshot' successfully&#xD;
&#xD;
2019-08-12 17:58:26 - [TEST_CASE][PASSED] - Test Cases/mobileWeb/_include/get_screenshot: Test Cases/mobileWeb/_include/get_screenshot&#xD;
&#xD;
2019-08-12 17:58:26 - [TEST_STEP][PASSED] - takeScreenshot(screenPath + i + ".png"): Taking screenshot successfully&#xD;
&#xD;
2019-08-12 17:58:27 - [MESSAGE][PASSED] - Taking screenshot successfully&#xD;
[[ATTACHMENT|D:\\Test\\AgileTest\\AgileTest\\Reports\\mobileWeb\\plan detail\\20190812_173746\\../Screenshots/iPhone X/Plan Detail/stm_everest prime/20190812_175719/15.png]]&#xD;
&#xD;
2019-08-12 17:58:27 - [TEST_STEP][PASSED] - (internal.GlobalVariable.i++): null&#xD;
&#xD;
2019-08-12 17:58:27 - [MESSAGE][PASSED] - Call Test Case 'Test Cases/mobileWeb/_include/get_screenshot' successfully&#xD;
&#xD;
2019-08-12 17:58:27 - [TEST_STEP][PASSED] - scrollToPosition(0, y): Browser is scrolled to position x = 0, y = 9600&#xD;
&#xD;
2019-08-12 17:58:27 - [MESSAGE][PASSED] - Browser is scrolled to position x = 0, y = 9600&#xD;
&#xD;
2019-08-12 17:58:27 - [TEST_STEP][PASSED] - Thread.sleep(3000): null&#xD;
&#xD;
2019-08-12 17:58:30 - [TEST_STEP][PASSED] - callTestCase(findTestCase("mobileWeb/_include/get_screenshot"), [:], STOP_ON_FAILURE): Call Test Case 'Test Cases/mobileWeb/_include/get_screenshot' successfully&#xD;
&#xD;
2019-08-12 17:58:30 - [TEST_CASE][PASSED] - Test Cases/mobileWeb/_include/get_screenshot: Test Cases/mobileWeb/_include/get_screenshot&#xD;
&#xD;
2019-08-12 17:58:30 - [TEST_STEP][PASSED] - takeScreenshot(screenPath + i + ".png"): Taking screenshot successfully&#xD;
&#xD;
2019-08-12 17:58:30 - [MESSAGE][PASSED] - Taking screenshot successfully&#xD;
[[ATTACHMENT|D:\\Test\\AgileTest\\AgileTest\\Reports\\mobileWeb\\plan detail\\20190812_173746\\../Screenshots/iPhone X/Plan Detail/stm_everest prime/20190812_175719/16.png]]&#xD;
&#xD;
2019-08-12 17:58:30 - [TEST_STEP][PASSED] - (internal.GlobalVariable.i++): null&#xD;
&#xD;
2019-08-12 17:58:30 - [MESSAGE][PASSED] - Call Test Case 'Test Cases/mobileWeb/_include/get_screenshot' successfully&#xD;
&#xD;
2019-08-12 17:58:30 - [TEST_STEP][PASSED] - scrollToPosition(0, y): Browser is scrolled to position x = 0, y = 10200&#xD;
&#xD;
2019-08-12 17:58:30 - [MESSAGE][PASSED] - Browser is scrolled to position x = 0, y = 10200&#xD;
&#xD;
2019-08-12 17:58:30 - [TEST_STEP][PASSED] - Thread.sleep(3000): null&#xD;
&#xD;
2019-08-12 17:58:33 - [TEST_STEP][PASSED] - callTestCase(findTestCase("mobileWeb/_include/get_screenshot"), [:], STOP_ON_FAILURE): Call Test Case 'Test Cases/mobileWeb/_include/get_screenshot' successfully&#xD;
&#xD;
2019-08-12 17:58:33 - [TEST_CASE][PASSED] - Test Cases/mobileWeb/_include/get_screenshot: Test Cases/mobileWeb/_include/get_screenshot&#xD;
&#xD;
2019-08-12 17:58:33 - [TEST_STEP][PASSED] - takeScreenshot(screenPath + i + ".png"): Taking screenshot successfully&#xD;
&#xD;
2019-08-12 17:58:34 - [MESSAGE][PASSED] - Taking screenshot successfully&#xD;
[[ATTACHMENT|D:\\Test\\AgileTest\\AgileTest\\Reports\\mobileWeb\\plan detail\\20190812_173746\\../Screenshots/iPhone X/Plan Detail/stm_everest prime/20190812_175719/17.png]]&#xD;
&#xD;
2019-08-12 17:58:34 - [TEST_STEP][PASSED] - (internal.GlobalVariable.i++): null&#xD;
&#xD;
2019-08-12 17:58:34 - [MESSAGE][PASSED] - Call Test Case 'Test Cases/mobileWeb/_include/get_screenshot' successfully&#xD;
&#xD;
2019-08-12 17:58:34 - [TEST_STEP][PASSED] - scrollToPosition(0, y): Browser is scrolled to position x = 0, y = 10800&#xD;
&#xD;
2019-08-12 17:58:34 - [MESSAGE][PASSED] - Browser is scrolled to position x = 0, y = 10800&#xD;
&#xD;
2019-08-12 17:58:34 - [TEST_STEP][PASSED] - Thread.sleep(3000): null&#xD;
&#xD;
2019-08-12 17:58:37 - [TEST_STEP][PASSED] - callTestCase(findTestCase("mobileWeb/_include/get_screenshot"), [:], STOP_ON_FAILURE): Call Test Case 'Test Cases/mobileWeb/_include/get_screenshot' successfully&#xD;
&#xD;
2019-08-12 17:58:37 - [TEST_CASE][PASSED] - Test Cases/mobileWeb/_include/get_screenshot: Test Cases/mobileWeb/_include/get_screenshot&#xD;
&#xD;
2019-08-12 17:58:37 - [TEST_STEP][PASSED] - takeScreenshot(screenPath + i + ".png"): Taking screenshot successfully&#xD;
&#xD;
2019-08-12 17:58:38 - [MESSAGE][PASSED] - Taking screenshot successfully&#xD;
[[ATTACHMENT|D:\\Test\\AgileTest\\AgileTest\\Reports\\mobileWeb\\plan detail\\20190812_173746\\../Screenshots/iPhone X/Plan Detail/stm_everest prime/20190812_175719/18.png]]&#xD;
&#xD;
2019-08-12 17:58:38 - [TEST_STEP][PASSED] - (internal.GlobalVariable.i++): null&#xD;
&#xD;
2019-08-12 17:58:38 - [MESSAGE][PASSED] - Call Test Case 'Test Cases/mobileWeb/_include/get_screenshot' successfully&#xD;
&#xD;
2019-08-12 17:58:38 - [TEST_STEP][PASSED] - scrollToPosition(0, y): Browser is scrolled to position x = 0, y = 11400&#xD;
&#xD;
2019-08-12 17:58:38 - [MESSAGE][PASSED] - Browser is scrolled to position x = 0, y = 11400&#xD;
&#xD;
2019-08-12 17:58:38 - [TEST_STEP][PASSED] - Thread.sleep(3000): null&#xD;
&#xD;
2019-08-12 17:58:41 - [TEST_STEP][PASSED] - callTestCase(findTestCase("mobileWeb/_include/get_screenshot"), [:], STOP_ON_FAILURE): Call Test Case 'Test Cases/mobileWeb/_include/get_screenshot' successfully&#xD;
&#xD;
2019-08-12 17:58:41 - [TEST_CASE][PASSED] - Test Cases/mobileWeb/_include/get_screenshot: Test Cases/mobileWeb/_include/get_screenshot&#xD;
&#xD;
2019-08-12 17:58:41 - [TEST_STEP][PASSED] - takeScreenshot(screenPath + i + ".png"): Taking screenshot successfully&#xD;
&#xD;
2019-08-12 17:58:42 - [MESSAGE][PASSED] - Taking screenshot successfully&#xD;
[[ATTACHMENT|D:\\Test\\AgileTest\\AgileTest\\Reports\\mobileWeb\\plan detail\\20190812_173746\\../Screenshots/iPhone X/Plan Detail/stm_everest prime/20190812_175719/19.png]]&#xD;
&#xD;
2019-08-12 17:58:42 - [TEST_STEP][PASSED] - (internal.GlobalVariable.i++): null&#xD;
&#xD;
2019-08-12 17:58:42 - [MESSAGE][PASSED] - Call Test Case 'Test Cases/mobileWeb/_include/get_screenshot' successfully&#xD;
&#xD;
2019-08-12 17:58:42 - [TEST_STEP][PASSED] - scrollToPosition(0, y): Browser is scrolled to position x = 0, y = 12000&#xD;
&#xD;
2019-08-12 17:58:42 - [MESSAGE][PASSED] - Browser is scrolled to position x = 0, y = 12000&#xD;
&#xD;
2019-08-12 17:58:42 - [TEST_STEP][PASSED] - Thread.sleep(3000): null&#xD;
&#xD;
2019-08-12 17:58:45 - [TEST_STEP][PASSED] - callTestCase(findTestCase("mobileWeb/_include/get_screenshot"), [:], STOP_ON_FAILURE): Call Test Case 'Test Cases/mobileWeb/_include/get_screenshot' successfully&#xD;
&#xD;
2019-08-12 17:58:45 - [TEST_CASE][PASSED] - Test Cases/mobileWeb/_include/get_screenshot: Test Cases/mobileWeb/_include/get_screenshot&#xD;
&#xD;
2019-08-12 17:58:45 - [TEST_STEP][PASSED] - takeScreenshot(screenPath + i + ".png"): Taking screenshot successfully&#xD;
&#xD;
2019-08-12 17:58:46 - [MESSAGE][PASSED] - Taking screenshot successfully&#xD;
[[ATTACHMENT|D:\\Test\\AgileTest\\AgileTest\\Reports\\mobileWeb\\plan detail\\20190812_173746\\../Screenshots/iPhone X/Plan Detail/stm_everest prime/20190812_175719/20.png]]&#xD;
&#xD;
2019-08-12 17:58:46 - [TEST_STEP][PASSED] - (internal.GlobalVariable.i++): null&#xD;
&#xD;
2019-08-12 17:58:46 - [MESSAGE][PASSED] - Call Test Case 'Test Cases/mobileWeb/_include/get_screenshot' successfully&#xD;
&#xD;
2019-08-12 17:58:46 - [TEST_STEP][PASSED] - scrollToPosition(0, y): Browser is scrolled to position x = 0, y = 12600&#xD;
&#xD;
2019-08-12 17:58:46 - [MESSAGE][PASSED] - Browser is scrolled to position x = 0, y = 12600&#xD;
&#xD;
2019-08-12 17:58:46 - [TEST_STEP][PASSED] - Thread.sleep(3000): null&#xD;
&#xD;
2019-08-12 17:58:49 - [TEST_STEP][PASSED] - callTestCase(findTestCase("mobileWeb/_include/get_screenshot"), [:], STOP_ON_FAILURE): Call Test Case 'Test Cases/mobileWeb/_include/get_screenshot' successfully&#xD;
&#xD;
2019-08-12 17:58:49 - [TEST_CASE][PASSED] - Test Cases/mobileWeb/_include/get_screenshot: Test Cases/mobileWeb/_include/get_screenshot&#xD;
&#xD;
2019-08-12 17:58:49 - [TEST_STEP][PASSED] - takeScreenshot(screenPath + i + ".png"): Taking screenshot successfully&#xD;
&#xD;
2019-08-12 17:58:49 - [MESSAGE][PASSED] - Taking screenshot successfully&#xD;
[[ATTACHMENT|D:\\Test\\AgileTest\\AgileTest\\Reports\\mobileWeb\\plan detail\\20190812_173746\\../Screenshots/iPhone X/Plan Detail/stm_everest prime/20190812_175719/21.png]]&#xD;
&#xD;
2019-08-12 17:58:49 - [TEST_STEP][PASSED] - (internal.GlobalVariable.i++): null&#xD;
&#xD;
2019-08-12 17:58:49 - [MESSAGE][PASSED] - Call Test Case 'Test Cases/mobileWeb/_include/get_screenshot' successfully&#xD;
&#xD;
2019-08-12 17:58:49 - [TEST_STEP][PASSED] - scrollToPosition(0, y): Browser is scrolled to position x = 0, y = 13200&#xD;
&#xD;
2019-08-12 17:58:49 - [MESSAGE][PASSED] - Browser is scrolled to position x = 0, y = 13200&#xD;
&#xD;
2019-08-12 17:58:49 - [TEST_STEP][PASSED] - Thread.sleep(3000): null&#xD;
&#xD;
2019-08-12 17:58:52 - [TEST_STEP][PASSED] - callTestCase(findTestCase("mobileWeb/_include/get_screenshot"), [:], STOP_ON_FAILURE): Call Test Case 'Test Cases/mobileWeb/_include/get_screenshot' successfully&#xD;
&#xD;
2019-08-12 17:58:52 - [TEST_CASE][PASSED] - Test Cases/mobileWeb/_include/get_screenshot: Test Cases/mobileWeb/_include/get_screenshot&#xD;
&#xD;
2019-08-12 17:58:52 - [TEST_STEP][PASSED] - takeScreenshot(screenPath + i + ".png"): Taking screenshot successfully&#xD;
&#xD;
2019-08-12 17:58:53 - [MESSAGE][PASSED] - Taking screenshot successfully&#xD;
[[ATTACHMENT|D:\\Test\\AgileTest\\AgileTest\\Reports\\mobileWeb\\plan detail\\20190812_173746\\../Screenshots/iPhone X/Plan Detail/stm_everest prime/20190812_175719/22.png]]&#xD;
&#xD;
2019-08-12 17:58:53 - [TEST_STEP][PASSED] - (internal.GlobalVariable.i++): null&#xD;
&#xD;
2019-08-12 17:58:53 - [MESSAGE][PASSED] - Call Test Case 'Test Cases/mobileWeb/_include/get_screenshot' successfully&#xD;
&#xD;
2019-08-12 17:58:53 - [TEST_STEP][PASSED] - scrollToPosition(0, y): Browser is scrolled to position x = 0, y = 13800&#xD;
&#xD;
2019-08-12 17:58:53 - [MESSAGE][PASSED] - Browser is scrolled to position x = 0, y = 13800&#xD;
&#xD;
2019-08-12 17:58:53 - [TEST_STEP][PASSED] - Thread.sleep(3000): null&#xD;
&#xD;
2019-08-12 17:58:56 - [TEST_STEP][PASSED] - callTestCase(findTestCase("mobileWeb/_include/get_screenshot"), [:], STOP_ON_FAILURE): Call Test Case 'Test Cases/mobileWeb/_include/get_screenshot' successfully&#xD;
&#xD;
2019-08-12 17:58:56 - [TEST_CASE][PASSED] - Test Cases/mobileWeb/_include/get_screenshot: Test Cases/mobileWeb/_include/get_screenshot&#xD;
&#xD;
2019-08-12 17:58:56 - [TEST_STEP][PASSED] - takeScreenshot(screenPath + i + ".png"): Taking screenshot successfully&#xD;
&#xD;
2019-08-12 17:58:57 - [MESSAGE][PASSED] - Taking screenshot successfully&#xD;
[[ATTACHMENT|D:\\Test\\AgileTest\\AgileTest\\Reports\\mobileWeb\\plan detail\\20190812_173746\\../Screenshots/iPhone X/Plan Detail/stm_everest prime/20190812_175719/23.png]]&#xD;
&#xD;
2019-08-12 17:58:57 - [TEST_STEP][PASSED] - (internal.GlobalVariable.i++): null&#xD;
&#xD;
2019-08-12 17:58:57 - [MESSAGE][PASSED] - Call Test Case 'Test Cases/mobileWeb/_include/get_screenshot' successfully&#xD;
&#xD;
2019-08-12 17:58:57 - [TEST_STEP][PASSED] - scrollToPosition(0, y): Browser is scrolled to position x = 0, y = 14400&#xD;
&#xD;
2019-08-12 17:58:57 - [MESSAGE][PASSED] - Browser is scrolled to position x = 0, y = 14400&#xD;
&#xD;
2019-08-12 17:58:57 - [TEST_STEP][PASSED] - Thread.sleep(3000): null&#xD;
&#xD;
2019-08-12 17:59:00 - [TEST_STEP][PASSED] - callTestCase(findTestCase("mobileWeb/_include/get_screenshot"), [:], STOP_ON_FAILURE): Call Test Case 'Test Cases/mobileWeb/_include/get_screenshot' successfully&#xD;
&#xD;
2019-08-12 17:59:00 - [TEST_CASE][PASSED] - Test Cases/mobileWeb/_include/get_screenshot: Test Cases/mobileWeb/_include/get_screenshot&#xD;
&#xD;
2019-08-12 17:59:00 - [TEST_STEP][PASSED] - takeScreenshot(screenPath + i + ".png"): Taking screenshot successfully&#xD;
&#xD;
2019-08-12 17:59:01 - [MESSAGE][PASSED] - Taking screenshot successfully&#xD;
[[ATTACHMENT|D:\\Test\\AgileTest\\AgileTest\\Reports\\mobileWeb\\plan detail\\20190812_173746\\../Screenshots/iPhone X/Plan Detail/stm_everest prime/20190812_175719/24.png]]&#xD;
&#xD;
2019-08-12 17:59:01 - [TEST_STEP][PASSED] - (internal.GlobalVariable.i++): null&#xD;
&#xD;
2019-08-12 17:59:01 - [MESSAGE][PASSED] - Call Test Case 'Test Cases/mobileWeb/_include/get_screenshot' successfully&#xD;
&#xD;
2019-08-12 17:59:01 - [TEST_STEP][PASSED] - scrollToPosition(0, y): Browser is scrolled to position x = 0, y = 15000&#xD;
&#xD;
2019-08-12 17:59:01 - [MESSAGE][PASSED] - Browser is scrolled to position x = 0, y = 15000&#xD;
&#xD;
2019-08-12 17:59:01 - [TEST_STEP][PASSED] - Thread.sleep(3000): null&#xD;
&#xD;
2019-08-12 17:59:04 - [TEST_STEP][PASSED] - callTestCase(findTestCase("mobileWeb/_include/get_screenshot"), [:], STOP_ON_FAILURE): Call Test Case 'Test Cases/mobileWeb/_include/get_screenshot' successfully&#xD;
&#xD;
2019-08-12 17:59:04 - [TEST_CASE][PASSED] - Test Cases/mobileWeb/_include/get_screenshot: Test Cases/mobileWeb/_include/get_screenshot&#xD;
&#xD;
2019-08-12 17:59:04 - [TEST_STEP][PASSED] - takeScreenshot(screenPath + i + ".png"): Taking screenshot successfully&#xD;
&#xD;
2019-08-12 17:59:05 - [MESSAGE][PASSED] - Taking screenshot successfully&#xD;
[[ATTACHMENT|D:\\Test\\AgileTest\\AgileTest\\Reports\\mobileWeb\\plan detail\\20190812_173746\\../Screenshots/iPhone X/Plan Detail/stm_everest prime/20190812_175719/25.png]]&#xD;
&#xD;
2019-08-12 17:59:05 - [TEST_STEP][PASSED] - (internal.GlobalVariable.i++): null&#xD;
&#xD;
2019-08-12 17:59:05 - [MESSAGE][PASSED] - Call Test Case 'Test Cases/mobileWeb/_include/get_screenshot' successfully&#xD;
&#xD;
2019-08-12 17:59:05 - [TEST_STEP][PASSED] - scrollToPosition(0, y): Browser is scrolled to position x = 0, y = 15600&#xD;
&#xD;
2019-08-12 17:59:05 - [MESSAGE][PASSED] - Browser is scrolled to position x = 0, y = 15600&#xD;
&#xD;
2019-08-12 17:59:05 - [TEST_STEP][PASSED] - Thread.sleep(3000): null&#xD;
&#xD;
2019-08-12 17:59:08 - [TEST_STEP][PASSED] - callTestCase(findTestCase("mobileWeb/_include/get_screenshot"), [:], STOP_ON_FAILURE): Call Test Case 'Test Cases/mobileWeb/_include/get_screenshot' successfully&#xD;
&#xD;
2019-08-12 17:59:08 - [TEST_CASE][PASSED] - Test Cases/mobileWeb/_include/get_screenshot: Test Cases/mobileWeb/_include/get_screenshot&#xD;
&#xD;
2019-08-12 17:59:08 - [TEST_STEP][PASSED] - takeScreenshot(screenPath + i + ".png"): Taking screenshot successfully&#xD;
&#xD;
2019-08-12 17:59:08 - [MESSAGE][PASSED] - Taking screenshot successfully&#xD;
[[ATTACHMENT|D:\\Test\\AgileTest\\AgileTest\\Reports\\mobileWeb\\plan detail\\20190812_173746\\../Screenshots/iPhone X/Plan Detail/stm_everest prime/20190812_175719/26.png]]&#xD;
&#xD;
2019-08-12 17:59:08 - [TEST_STEP][PASSED] - (internal.GlobalVariable.i++): null&#xD;
&#xD;
2019-08-12 17:59:08 - [MESSAGE][PASSED] - Call Test Case 'Test Cases/mobileWeb/_include/get_screenshot' successfully&#xD;
&#xD;
2019-08-12 17:59:08 - [TEST_STEP][PASSED] - scrollToPosition(0, y): Browser is scrolled to position x = 0, y = 16200&#xD;
&#xD;
2019-08-12 17:59:08 - [MESSAGE][PASSED] - Browser is scrolled to position x = 0, y = 16200&#xD;
&#xD;
2019-08-12 17:59:08 - [TEST_STEP][PASSED] - Thread.sleep(3000): null&#xD;
&#xD;
2019-08-12 17:59:11 - [TEST_STEP][PASSED] - callTestCase(findTestCase("mobileWeb/_include/get_screenshot"), [:], STOP_ON_FAILURE): Call Test Case 'Test Cases/mobileWeb/_include/get_screenshot' successfully&#xD;
&#xD;
2019-08-12 17:59:11 - [TEST_CASE][PASSED] - Test Cases/mobileWeb/_include/get_screenshot: Test Cases/mobileWeb/_include/get_screenshot&#xD;
&#xD;
2019-08-12 17:59:11 - [TEST_STEP][PASSED] - takeScreenshot(screenPath + i + ".png"): Taking screenshot successfully&#xD;
&#xD;
2019-08-12 17:59:12 - [MESSAGE][PASSED] - Taking screenshot successfully&#xD;
[[ATTACHMENT|D:\\Test\\AgileTest\\AgileTest\\Reports\\mobileWeb\\plan detail\\20190812_173746\\../Screenshots/iPhone X/Plan Detail/stm_everest prime/20190812_175719/27.png]]&#xD;
&#xD;
2019-08-12 17:59:12 - [TEST_STEP][PASSED] - (internal.GlobalVariable.i++): null&#xD;
&#xD;
2019-08-12 17:59:12 - [MESSAGE][PASSED] - Call Test Case 'Test Cases/mobileWeb/_include/get_screenshot' successfully&#xD;
&#xD;
2019-08-12 17:59:12 - [TEST_STEP][PASSED] - scrollToPosition(0, y): Browser is scrolled to position x = 0, y = 16800&#xD;
&#xD;
2019-08-12 17:59:12 - [MESSAGE][PASSED] - Browser is scrolled to position x = 0, y = 16800&#xD;
&#xD;
2019-08-12 17:59:12 - [TEST_STEP][PASSED] - Thread.sleep(3000): null&#xD;
&#xD;
2019-08-12 17:59:15 - [TEST_STEP][PASSED] - callTestCase(findTestCase("mobileWeb/_include/get_screenshot"), [:], STOP_ON_FAILURE): Call Test Case 'Test Cases/mobileWeb/_include/get_screenshot' successfully&#xD;
&#xD;
2019-08-12 17:59:15 - [TEST_CASE][PASSED] - Test Cases/mobileWeb/_include/get_screenshot: Test Cases/mobileWeb/_include/get_screenshot&#xD;
&#xD;
2019-08-12 17:59:15 - [TEST_STEP][PASSED] - takeScreenshot(screenPath + i + ".png"): Taking screenshot successfully&#xD;
&#xD;
2019-08-12 17:59:16 - [MESSAGE][PASSED] - Taking screenshot successfully&#xD;
[[ATTACHMENT|D:\\Test\\AgileTest\\AgileTest\\Reports\\mobileWeb\\plan detail\\20190812_173746\\../Screenshots/iPhone X/Plan Detail/stm_everest prime/20190812_175719/28.png]]&#xD;
&#xD;
2019-08-12 17:59:16 - [TEST_STEP][PASSED] - (internal.GlobalVariable.i++): null&#xD;
&#xD;
2019-08-12 17:59:16 - [MESSAGE][PASSED] - Call Test Case 'Test Cases/mobileWeb/_include/get_screenshot' successfully&#xD;
&#xD;
2019-08-12 17:59:16 - [TEST_STEP][PASSED] - scrollToPosition(0, y): Browser is scrolled to position x = 0, y = 17400&#xD;
&#xD;
2019-08-12 17:59:16 - [MESSAGE][PASSED] - Browser is scrolled to position x = 0, y = 17400&#xD;
&#xD;
2019-08-12 17:59:16 - [TEST_STEP][PASSED] - Thread.sleep(3000): null&#xD;
&#xD;
2019-08-12 17:59:19 - [TEST_STEP][PASSED] - callTestCase(findTestCase("mobileWeb/_include/get_screenshot"), [:], STOP_ON_FAILURE): Call Test Case 'Test Cases/mobileWeb/_include/get_screenshot' successfully&#xD;
&#xD;
2019-08-12 17:59:19 - [TEST_CASE][PASSED] - Test Cases/mobileWeb/_include/get_screenshot: Test Cases/mobileWeb/_include/get_screenshot&#xD;
&#xD;
2019-08-12 17:59:19 - [TEST_STEP][PASSED] - takeScreenshot(screenPath + i + ".png"): Taking screenshot successfully&#xD;
&#xD;
2019-08-12 17:59:20 - [MESSAGE][PASSED] - Taking screenshot successfully&#xD;
[[ATTACHMENT|D:\\Test\\AgileTest\\AgileTest\\Reports\\mobileWeb\\plan detail\\20190812_173746\\../Screenshots/iPhone X/Plan Detail/stm_everest prime/20190812_175719/29.png]]&#xD;
&#xD;
2019-08-12 17:59:20 - [TEST_STEP][PASSED] - (internal.GlobalVariable.i++): null&#xD;
&#xD;
2019-08-12 17:59:20 - [MESSAGE][PASSED] - Call Test Case 'Test Cases/mobileWeb/_include/get_screenshot' successfully&#xD;
&#xD;
2019-08-12 17:59:20 - [TEST_STEP][PASSED] - scrollToPosition(0, y): Browser is scrolled to position x = 0, y = 18000&#xD;
&#xD;
2019-08-12 17:59:20 - [MESSAGE][PASSED] - Browser is scrolled to position x = 0, y = 18000&#xD;
&#xD;
2019-08-12 17:59:20 - [TEST_STEP][PASSED] - Thread.sleep(3000): null&#xD;
&#xD;
2019-08-12 17:59:23 - [TEST_STEP][PASSED] - callTestCase(findTestCase("mobileWeb/_include/get_screenshot"), [:], STOP_ON_FAILURE): Call Test Case 'Test Cases/mobileWeb/_include/get_screenshot' successfully&#xD;
&#xD;
2019-08-12 17:59:23 - [TEST_CASE][PASSED] - Test Cases/mobileWeb/_include/get_screenshot: Test Cases/mobileWeb/_include/get_screenshot&#xD;
&#xD;
2019-08-12 17:59:23 - [TEST_STEP][PASSED] - takeScreenshot(screenPath + i + ".png"): Taking screenshot successfully&#xD;
&#xD;
2019-08-12 17:59:24 - [MESSAGE][PASSED] - Taking screenshot successfully&#xD;
[[ATTACHMENT|D:\\Test\\AgileTest\\AgileTest\\Reports\\mobileWeb\\plan detail\\20190812_173746\\../Screenshots/iPhone X/Plan Detail/stm_everest prime/20190812_175719/30.png]]&#xD;
&#xD;
2019-08-12 17:59:24 - [TEST_STEP][PASSED] - (internal.GlobalVariable.i++): null&#xD;
&#xD;
2019-08-12 17:59:24 - [MESSAGE][PASSED] - Call Test Case 'Test Cases/mobileWeb/_include/get_screenshot' successfully&#xD;
&#xD;
2019-08-12 17:59:24 - [TEST_STEP][PASSED] - scrollToPosition(0, y): Browser is scrolled to position x = 0, y = 18600&#xD;
&#xD;
2019-08-12 17:59:24 - [MESSAGE][PASSED] - Browser is scrolled to position x = 0, y = 18600&#xD;
&#xD;
2019-08-12 17:59:24 - [TEST_STEP][PASSED] - Thread.sleep(3000): null&#xD;
&#xD;
2019-08-12 17:59:27 - [TEST_STEP][PASSED] - callTestCase(findTestCase("mobileWeb/_include/get_screenshot"), [:], STOP_ON_FAILURE): Call Test Case 'Test Cases/mobileWeb/_include/get_screenshot' successfully&#xD;
&#xD;
2019-08-12 17:59:27 - [TEST_CASE][PASSED] - Test Cases/mobileWeb/_include/get_screenshot: Test Cases/mobileWeb/_include/get_screenshot&#xD;
&#xD;
2019-08-12 17:59:27 - [TEST_STEP][PASSED] - takeScreenshot(screenPath + i + ".png"): Taking screenshot successfully&#xD;
&#xD;
2019-08-12 17:59:27 - [MESSAGE][PASSED] - Taking screenshot successfully&#xD;
[[ATTACHMENT|D:\\Test\\AgileTest\\AgileTest\\Reports\\mobileWeb\\plan detail\\20190812_173746\\../Screenshots/iPhone X/Plan Detail/stm_everest prime/20190812_175719/31.png]]&#xD;
&#xD;
2019-08-12 17:59:27 - [TEST_STEP][PASSED] - (internal.GlobalVariable.i++): null&#xD;
&#xD;
2019-08-12 17:59:27 - [MESSAGE][PASSED] - Call Test Case 'Test Cases/mobileWeb/_include/get_screenshot' successfully&#xD;
&#xD;
2019-08-12 17:59:27 - [TEST_STEP][PASSED] - scrollToPosition(0, y): Browser is scrolled to position x = 0, y = 19200&#xD;
&#xD;
2019-08-12 17:59:27 - [MESSAGE][PASSED] - Browser is scrolled to position x = 0, y = 19200&#xD;
&#xD;
2019-08-12 17:59:27 - [TEST_STEP][PASSED] - Thread.sleep(3000): null&#xD;
&#xD;
2019-08-12 17:59:30 - [TEST_STEP][PASSED] - callTestCase(findTestCase("mobileWeb/_include/get_screenshot"), [:], STOP_ON_FAILURE): Call Test Case 'Test Cases/mobileWeb/_include/get_screenshot' successfully&#xD;
&#xD;
2019-08-12 17:59:31 - [TEST_CASE][PASSED] - Test Cases/mobileWeb/_include/get_screenshot: Test Cases/mobileWeb/_include/get_screenshot&#xD;
&#xD;
2019-08-12 17:59:31 - [TEST_STEP][PASSED] - takeScreenshot(screenPath + i + ".png"): Taking screenshot successfully&#xD;
&#xD;
2019-08-12 17:59:31 - [MESSAGE][PASSED] - Taking screenshot successfully&#xD;
[[ATTACHMENT|D:\\Test\\AgileTest\\AgileTest\\Reports\\mobileWeb\\plan detail\\20190812_173746\\../Screenshots/iPhone X/Plan Detail/stm_everest prime/20190812_175719/32.png]]&#xD;
&#xD;
2019-08-12 17:59:31 - [TEST_STEP][PASSED] - (internal.GlobalVariable.i++): null&#xD;
&#xD;
2019-08-12 17:59:31 - [MESSAGE][PASSED] - Call Test Case 'Test Cases/mobileWeb/_include/get_screenshot' successfully&#xD;
&#xD;
2019-08-12 17:59:31 - [TEST_STEP][PASSED] - scrollToPosition(0, y): Browser is scrolled to position x = 0, y = 19800&#xD;
&#xD;
2019-08-12 17:59:31 - [MESSAGE][PASSED] - Browser is scrolled to position x = 0, y = 19800&#xD;
&#xD;
2019-08-12 17:59:31 - [TEST_STEP][PASSED] - Thread.sleep(3000): null&#xD;
&#xD;
2019-08-12 17:59:34 - [TEST_STEP][PASSED] - callTestCase(findTestCase("mobileWeb/_include/get_screenshot"), [:], STOP_ON_FAILURE): Call Test Case 'Test Cases/mobileWeb/_include/get_screenshot' successfully&#xD;
&#xD;
2019-08-12 17:59:34 - [TEST_CASE][PASSED] - Test Cases/mobileWeb/_include/get_screenshot: Test Cases/mobileWeb/_include/get_screenshot&#xD;
&#xD;
2019-08-12 17:59:34 - [TEST_STEP][PASSED] - takeScreenshot(screenPath + i + ".png"): Taking screenshot successfully&#xD;
&#xD;
2019-08-12 17:59:35 - [MESSAGE][PASSED] - Taking screenshot successfully&#xD;
[[ATTACHMENT|D:\\Test\\AgileTest\\AgileTest\\Reports\\mobileWeb\\plan detail\\20190812_173746\\../Screenshots/iPhone X/Plan Detail/stm_everest prime/20190812_175719/33.png]]&#xD;
&#xD;
2019-08-12 17:59:35 - [TEST_STEP][PASSED] - (internal.GlobalVariable.i++): null&#xD;
&#xD;
2019-08-12 17:59:35 - [MESSAGE][PASSED] - Call Test Case 'Test Cases/mobileWeb/_include/get_screenshot' successfully&#xD;
&#xD;
2019-08-12 17:59:35 - [TEST_STEP][PASSED] - scrollToPosition(0, y): Browser is scrolled to position x = 0, y = 20400&#xD;
&#xD;
2019-08-12 17:59:35 - [MESSAGE][PASSED] - Browser is scrolled to position x = 0, y = 20400&#xD;
&#xD;
2019-08-12 17:59:35 - [TEST_STEP][PASSED] - Thread.sleep(3000): null&#xD;
&#xD;
2019-08-12 17:59:38 - [TEST_STEP][PASSED] - callTestCase(findTestCase("mobileWeb/_include/get_screenshot"), [:], STOP_ON_FAILURE): Call Test Case 'Test Cases/mobileWeb/_include/get_screenshot' successfully&#xD;
&#xD;
2019-08-12 17:59:38 - [TEST_CASE][PASSED] - Test Cases/mobileWeb/_include/get_screenshot: Test Cases/mobileWeb/_include/get_screenshot&#xD;
&#xD;
2019-08-12 17:59:38 - [TEST_STEP][PASSED] - takeScreenshot(screenPath + i + ".png"): Taking screenshot successfully&#xD;
&#xD;
2019-08-12 17:59:39 - [MESSAGE][PASSED] - Taking screenshot successfully&#xD;
[[ATTACHMENT|D:\\Test\\AgileTest\\AgileTest\\Reports\\mobileWeb\\plan detail\\20190812_173746\\../Screenshots/iPhone X/Plan Detail/stm_everest prime/20190812_175719/34.png]]&#xD;
&#xD;
2019-08-12 17:59:39 - [TEST_STEP][PASSED] - (internal.GlobalVariable.i++): null&#xD;
&#xD;
2019-08-12 17:59:39 - [MESSAGE][PASSED] - Call Test Case 'Test Cases/mobileWeb/_include/get_screenshot' successfully&#xD;
&#xD;
2019-08-12 17:59:39 - [TEST_STEP][PASSED] - scrollToPosition(0, y): Browser is scrolled to position x = 0, y = 21000&#xD;
&#xD;
2019-08-12 17:59:39 - [MESSAGE][PASSED] - Browser is scrolled to position x = 0, y = 21000&#xD;
&#xD;
2019-08-12 17:59:39 - [TEST_STEP][PASSED] - Thread.sleep(3000): null&#xD;
&#xD;
2019-08-12 17:59:42 - [TEST_STEP][PASSED] - callTestCase(findTestCase("mobileWeb/_include/get_screenshot"), [:], STOP_ON_FAILURE): Call Test Case 'Test Cases/mobileWeb/_include/get_screenshot' successfully&#xD;
&#xD;
2019-08-12 17:59:42 - [TEST_CASE][PASSED] - Test Cases/mobileWeb/_include/get_screenshot: Test Cases/mobileWeb/_include/get_screenshot&#xD;
&#xD;
2019-08-12 17:59:42 - [TEST_STEP][PASSED] - takeScreenshot(screenPath + i + ".png"): Taking screenshot successfully&#xD;
&#xD;
2019-08-12 17:59:43 - [MESSAGE][PASSED] - Taking screenshot successfully&#xD;
[[ATTACHMENT|D:\\Test\\AgileTest\\AgileTest\\Reports\\mobileWeb\\plan detail\\20190812_173746\\../Screenshots/iPhone X/Plan Detail/stm_everest prime/20190812_175719/35.png]]&#xD;
&#xD;
2019-08-12 17:59:43 - [TEST_STEP][PASSED] - (internal.GlobalVariable.i++): null&#xD;
&#xD;
2019-08-12 17:59:43 - [MESSAGE][PASSED] - Call Test Case 'Test Cases/mobileWeb/_include/get_screenshot' successfully&#xD;
&#xD;
2019-08-12 17:59:43 - [TEST_STEP][PASSED] - scrollToPosition(0, y): Browser is scrolled to position x = 0, y = 21600&#xD;
&#xD;
2019-08-12 17:59:43 - [MESSAGE][PASSED] - Browser is scrolled to position x = 0, y = 21600&#xD;
&#xD;
2019-08-12 17:59:43 - [TEST_STEP][PASSED] - Thread.sleep(3000): null&#xD;
&#xD;
2019-08-12 17:59:46 - [TEST_STEP][PASSED] - callTestCase(findTestCase("mobileWeb/_include/get_screenshot"), [:], STOP_ON_FAILURE): Call Test Case 'Test Cases/mobileWeb/_include/get_screenshot' successfully&#xD;
&#xD;
2019-08-12 17:59:46 - [TEST_CASE][PASSED] - Test Cases/mobileWeb/_include/get_screenshot: Test Cases/mobileWeb/_include/get_screenshot&#xD;
&#xD;
2019-08-12 17:59:46 - [TEST_STEP][PASSED] - takeScreenshot(screenPath + i + ".png"): Taking screenshot successfully&#xD;
&#xD;
2019-08-12 17:59:47 - [MESSAGE][PASSED] - Taking screenshot successfully&#xD;
[[ATTACHMENT|D:\\Test\\AgileTest\\AgileTest\\Reports\\mobileWeb\\plan detail\\20190812_173746\\../Screenshots/iPhone X/Plan Detail/stm_everest prime/20190812_175719/36.png]]&#xD;
&#xD;
2019-08-12 17:59:47 - [TEST_STEP][PASSED] - (internal.GlobalVariable.i++): null&#xD;
&#xD;
2019-08-12 17:59:47 - [MESSAGE][PASSED] - Call Test Case 'Test Cases/mobileWeb/_include/get_screenshot' successfully&#xD;
&#xD;
2019-08-12 17:59:47 - [TEST_STEP][PASSED] - scrollToPosition(0, y): Browser is scrolled to position x = 0, y = 22200&#xD;
&#xD;
2019-08-12 17:59:47 - [MESSAGE][PASSED] - Browser is scrolled to position x = 0, y = 22200&#xD;
&#xD;
2019-08-12 17:59:47 - [TEST_STEP][PASSED] - Thread.sleep(3000): null&#xD;
&#xD;
2019-08-12 17:59:50 - [TEST_STEP][PASSED] - callTestCase(findTestCase("mobileWeb/_include/get_screenshot"), [:], STOP_ON_FAILURE): Call Test Case 'Test Cases/mobileWeb/_include/get_screenshot' successfully&#xD;
&#xD;
2019-08-12 17:59:50 - [TEST_CASE][PASSED] - Test Cases/mobileWeb/_include/get_screenshot: Test Cases/mobileWeb/_include/get_screenshot&#xD;
&#xD;
2019-08-12 17:59:50 - [TEST_STEP][PASSED] - takeScreenshot(screenPath + i + ".png"): Taking screenshot successfully&#xD;
&#xD;
2019-08-12 17:59:50 - [MESSAGE][PASSED] - Taking screenshot successfully&#xD;
[[ATTACHMENT|D:\\Test\\AgileTest\\AgileTest\\Reports\\mobileWeb\\plan detail\\20190812_173746\\../Screenshots/iPhone X/Plan Detail/stm_everest prime/20190812_175719/37.png]]&#xD;
&#xD;
2019-08-12 17:59:50 - [TEST_STEP][PASSED] - (internal.GlobalVariable.i++): null&#xD;
&#xD;
2019-08-12 17:59:50 - [MESSAGE][PASSED] - Call Test Case 'Test Cases/mobileWeb/_include/get_screenshot' successfully&#xD;
&#xD;
2019-08-12 17:59:50 - [TEST_STEP][PASSED] - scrollToPosition(0, y): Browser is scrolled to position x = 0, y = 22800&#xD;
&#xD;
2019-08-12 17:59:50 - [MESSAGE][PASSED] - Browser is scrolled to position x = 0, y = 22800&#xD;
&#xD;
2019-08-12 17:59:50 - [TEST_STEP][PASSED] - Thread.sleep(3000): null&#xD;
&#xD;
2019-08-12 17:59:53 - [TEST_STEP][PASSED] - callTestCase(findTestCase("mobileWeb/_include/get_screenshot"), [:], STOP_ON_FAILURE): Call Test Case 'Test Cases/mobileWeb/_include/get_screenshot' successfully&#xD;
&#xD;
2019-08-12 17:59:53 - [TEST_CASE][PASSED] - Test Cases/mobileWeb/_include/get_screenshot: Test Cases/mobileWeb/_include/get_screenshot&#xD;
&#xD;
2019-08-12 17:59:53 - [TEST_STEP][PASSED] - takeScreenshot(screenPath + i + ".png"): Taking screenshot successfully&#xD;
&#xD;
2019-08-12 17:59:54 - [MESSAGE][PASSED] - Taking screenshot successfully&#xD;
[[ATTACHMENT|D:\\Test\\AgileTest\\AgileTest\\Reports\\mobileWeb\\plan detail\\20190812_173746\\../Screenshots/iPhone X/Plan Detail/stm_everest prime/20190812_175719/38.png]]&#xD;
&#xD;
2019-08-12 17:59:54 - [TEST_STEP][PASSED] - (internal.GlobalVariable.i++): null&#xD;
&#xD;
2019-08-12 17:59:54 - [MESSAGE][PASSED] - Call Test Case 'Test Cases/mobileWeb/_include/get_screenshot' successfully&#xD;
&#xD;
2019-08-12 17:59:54 - [TEST_STEP][PASSED] - scrollToPosition(0, y): Browser is scrolled to position x = 0, y = 23400&#xD;
&#xD;
2019-08-12 17:59:54 - [MESSAGE][PASSED] - Browser is scrolled to position x = 0, y = 23400&#xD;
&#xD;
2019-08-12 17:59:54 - [TEST_STEP][PASSED] - Thread.sleep(3000): null&#xD;
&#xD;
2019-08-12 17:59:57 - [TEST_STEP][PASSED] - callTestCase(findTestCase("mobileWeb/_include/get_screenshot"), [:], STOP_ON_FAILURE): Call Test Case 'Test Cases/mobileWeb/_include/get_screenshot' successfully&#xD;
&#xD;
2019-08-12 17:59:57 - [TEST_CASE][PASSED] - Test Cases/mobileWeb/_include/get_screenshot: Test Cases/mobileWeb/_include/get_screenshot&#xD;
&#xD;
2019-08-12 17:59:57 - [TEST_STEP][PASSED] - takeScreenshot(screenPath + i + ".png"): Taking screenshot successfully&#xD;
&#xD;
2019-08-12 17:59:58 - [MESSAGE][PASSED] - Taking screenshot successfully&#xD;
[[ATTACHMENT|D:\\Test\\AgileTest\\AgileTest\\Reports\\mobileWeb\\plan detail\\20190812_173746\\../Screenshots/iPhone X/Plan Detail/stm_everest prime/20190812_175719/39.png]]&#xD;
&#xD;
2019-08-12 17:59:58 - [TEST_STEP][PASSED] - (internal.GlobalVariable.i++): null&#xD;
&#xD;
2019-08-12 17:59:58 - [MESSAGE][PASSED] - Call Test Case 'Test Cases/mobileWeb/_include/get_screenshot' successfully&#xD;
&#xD;
2019-08-12 17:59:58 - [TEST_STEP][PASSED] - scrollToPosition(0, y): Browser is scrolled to position x = 0, y = 24000&#xD;
&#xD;
2019-08-12 17:59:58 - [MESSAGE][PASSED] - Browser is scrolled to position x = 0, y = 24000&#xD;
&#xD;
2019-08-12 17:59:58 - [TEST_STEP][PASSED] - Thread.sleep(3000): null&#xD;
&#xD;
2019-08-12 18:00:01 - [TEST_STEP][PASSED] - callTestCase(findTestCase("mobileWeb/_include/get_screenshot"), [:], STOP_ON_FAILURE): Call Test Case 'Test Cases/mobileWeb/_include/get_screenshot' successfully&#xD;
&#xD;
2019-08-12 18:00:01 - [TEST_CASE][PASSED] - Test Cases/mobileWeb/_include/get_screenshot: Test Cases/mobileWeb/_include/get_screenshot&#xD;
&#xD;
2019-08-12 18:00:01 - [TEST_STEP][PASSED] - takeScreenshot(screenPath + i + ".png"): Taking screenshot successfully&#xD;
&#xD;
2019-08-12 18:00:01 - [MESSAGE][PASSED] - Taking screenshot successfully&#xD;
[[ATTACHMENT|D:\\Test\\AgileTest\\AgileTest\\Reports\\mobileWeb\\plan detail\\20190812_173746\\../Screenshots/iPhone X/Plan Detail/stm_everest prime/20190812_175719/40.png]]&#xD;
&#xD;
2019-08-12 18:00:01 - [TEST_STEP][PASSED] - (internal.GlobalVariable.i++): null&#xD;
&#xD;
2019-08-12 18:00:01 - [MESSAGE][PASSED] - Call Test Case 'Test Cases/mobileWeb/_include/get_screenshot' successfully&#xD;
&#xD;
2019-08-12 18:00:01 - [TEST_STEP][PASSED] - scrollToPosition(0, y): Browser is scrolled to position x = 0, y = 24600&#xD;
&#xD;
2019-08-12 18:00:01 - [MESSAGE][PASSED] - Browser is scrolled to position x = 0, y = 24600&#xD;
&#xD;
2019-08-12 18:00:01 - [TEST_STEP][PASSED] - Thread.sleep(3000): null&#xD;
&#xD;
2019-08-12 18:00:04 - [TEST_STEP][PASSED] - callTestCase(findTestCase("mobileWeb/_include/get_screenshot"), [:], STOP_ON_FAILURE): Call Test Case 'Test Cases/mobileWeb/_include/get_screenshot' successfully&#xD;
&#xD;
2019-08-12 18:00:05 - [TEST_CASE][PASSED] - Test Cases/mobileWeb/_include/get_screenshot: Test Cases/mobileWeb/_include/get_screenshot&#xD;
&#xD;
2019-08-12 18:00:05 - [TEST_STEP][PASSED] - takeScreenshot(screenPath + i + ".png"): Taking screenshot successfully&#xD;
&#xD;
2019-08-12 18:00:05 - [MESSAGE][PASSED] - Taking screenshot successfully&#xD;
[[ATTACHMENT|D:\\Test\\AgileTest\\AgileTest\\Reports\\mobileWeb\\plan detail\\20190812_173746\\../Screenshots/iPhone X/Plan Detail/stm_everest prime/20190812_175719/41.png]]&#xD;
&#xD;
2019-08-12 18:00:05 - [TEST_STEP][PASSED] - (internal.GlobalVariable.i++): null&#xD;
&#xD;
2019-08-12 18:00:05 - [MESSAGE][PASSED] - Call Test Case 'Test Cases/mobileWeb/_include/get_screenshot' successfully&#xD;
&#xD;
2019-08-12 18:00:05 - [TEST_STEP][PASSED] - scrollToPosition(0, y): Browser is scrolled to position x = 0, y = 25200&#xD;
&#xD;
2019-08-12 18:00:05 - [MESSAGE][PASSED] - Browser is scrolled to position x = 0, y = 25200&#xD;
&#xD;
2019-08-12 18:00:05 - [TEST_STEP][PASSED] - Thread.sleep(3000): null&#xD;
&#xD;
2019-08-12 18:00:08 - [TEST_STEP][PASSED] - callTestCase(findTestCase("mobileWeb/_include/get_screenshot"), [:], STOP_ON_FAILURE): Call Test Case 'Test Cases/mobileWeb/_include/get_screenshot' successfully&#xD;
&#xD;
2019-08-12 18:00:08 - [TEST_CASE][PASSED] - Test Cases/mobileWeb/_include/get_screenshot: Test Cases/mobileWeb/_include/get_screenshot&#xD;
&#xD;
2019-08-12 18:00:08 - [TEST_STEP][PASSED] - takeScreenshot(screenPath + i + ".png"): Taking screenshot successfully&#xD;
&#xD;
2019-08-12 18:00:09 - [MESSAGE][PASSED] - Taking screenshot successfully&#xD;
[[ATTACHMENT|D:\\Test\\AgileTest\\AgileTest\\Reports\\mobileWeb\\plan detail\\20190812_173746\\../Screenshots/iPhone X/Plan Detail/stm_everest prime/20190812_175719/42.png]]&#xD;
&#xD;
2019-08-12 18:00:09 - [TEST_STEP][PASSED] - (internal.GlobalVariable.i++): null&#xD;
&#xD;
2019-08-12 18:00:09 - [MESSAGE][PASSED] - Call Test Case 'Test Cases/mobileWeb/_include/get_screenshot' successfully&#xD;
&#xD;
2019-08-12 18:00:09 - [TEST_STEP][PASSED] - scrollToPosition(0, y): Browser is scrolled to position x = 0, y = 25800&#xD;
&#xD;
2019-08-12 18:00:09 - [MESSAGE][PASSED] - Browser is scrolled to position x = 0, y = 25800&#xD;
&#xD;
2019-08-12 18:00:09 - [TEST_STEP][PASSED] - Thread.sleep(3000): null&#xD;
&#xD;
2019-08-12 18:00:12 - [TEST_STEP][PASSED] - callTestCase(findTestCase("mobileWeb/_include/get_screenshot"), [:], STOP_ON_FAILURE): Call Test Case 'Test Cases/mobileWeb/_include/get_screenshot' successfully&#xD;
&#xD;
2019-08-12 18:00:12 - [TEST_CASE][PASSED] - Test Cases/mobileWeb/_include/get_screenshot: Test Cases/mobileWeb/_include/get_screenshot&#xD;
&#xD;
2019-08-12 18:00:12 - [TEST_STEP][PASSED] - takeScreenshot(screenPath + i + ".png"): Taking screenshot successfully&#xD;
&#xD;
2019-08-12 18:00:13 - [MESSAGE][PASSED] - Taking screenshot successfully&#xD;
[[ATTACHMENT|D:\\Test\\AgileTest\\AgileTest\\Reports\\mobileWeb\\plan detail\\20190812_173746\\../Screenshots/iPhone X/Plan Detail/stm_everest prime/20190812_175719/43.png]]&#xD;
&#xD;
2019-08-12 18:00:13 - [TEST_STEP][PASSED] - (internal.GlobalVariable.i++): null&#xD;
&#xD;
2019-08-12 18:00:13 - [MESSAGE][PASSED] - Call Test Case 'Test Cases/mobileWeb/_include/get_screenshot' successfully&#xD;
&#xD;
2019-08-12 18:00:13 - [TEST_STEP][PASSED] - scrollToPosition(0, y): Browser is scrolled to position x = 0, y = 26400&#xD;
&#xD;
2019-08-12 18:00:13 - [MESSAGE][PASSED] - Browser is scrolled to position x = 0, y = 26400&#xD;
&#xD;
2019-08-12 18:00:13 - [TEST_STEP][PASSED] - Thread.sleep(3000): null&#xD;
&#xD;
2019-08-12 18:00:16 - [TEST_STEP][PASSED] - callTestCase(findTestCase("mobileWeb/_include/get_screenshot"), [:], STOP_ON_FAILURE): Call Test Case 'Test Cases/mobileWeb/_include/get_screenshot' successfully&#xD;
&#xD;
2019-08-12 18:00:16 - [TEST_CASE][PASSED] - Test Cases/mobileWeb/_include/get_screenshot: Test Cases/mobileWeb/_include/get_screenshot&#xD;
&#xD;
2019-08-12 18:00:16 - [TEST_STEP][PASSED] - takeScreenshot(screenPath + i + ".png"): Taking screenshot successfully&#xD;
&#xD;
2019-08-12 18:00:16 - [MESSAGE][PASSED] - Taking screenshot successfully&#xD;
[[ATTACHMENT|D:\\Test\\AgileTest\\AgileTest\\Reports\\mobileWeb\\plan detail\\20190812_173746\\../Screenshots/iPhone X/Plan Detail/stm_everest prime/20190812_175719/44.png]]&#xD;
&#xD;
2019-08-12 18:00:16 - [TEST_STEP][PASSED] - (internal.GlobalVariable.i++): null&#xD;
&#xD;
2019-08-12 18:00:16 - [MESSAGE][PASSED] - Call Test Case 'Test Cases/mobileWeb/_include/get_screenshot' successfully&#xD;
&#xD;
2019-08-12 18:00:16 - [TEST_STEP][PASSED] - scrollToPosition(0, y): Browser is scrolled to position x = 0, y = 27000&#xD;
&#xD;
2019-08-12 18:00:16 - [MESSAGE][PASSED] - Browser is scrolled to position x = 0, y = 27000&#xD;
&#xD;
2019-08-12 18:00:16 - [TEST_STEP][PASSED] - Thread.sleep(3000): null&#xD;
&#xD;
2019-08-12 18:00:19 - [TEST_STEP][PASSED] - callTestCase(findTestCase("mobileWeb/_include/get_screenshot"), [:], STOP_ON_FAILURE): Call Test Case 'Test Cases/mobileWeb/_include/get_screenshot' successfully&#xD;
&#xD;
2019-08-12 18:00:20 - [TEST_CASE][PASSED] - Test Cases/mobileWeb/_include/get_screenshot: Test Cases/mobileWeb/_include/get_screenshot&#xD;
&#xD;
2019-08-12 18:00:20 - [TEST_STEP][PASSED] - takeScreenshot(screenPath + i + ".png"): Taking screenshot successfully&#xD;
&#xD;
2019-08-12 18:00:20 - [MESSAGE][PASSED] - Taking screenshot successfully&#xD;
[[ATTACHMENT|D:\\Test\\AgileTest\\AgileTest\\Reports\\mobileWeb\\plan detail\\20190812_173746\\../Screenshots/iPhone X/Plan Detail/stm_everest prime/20190812_175719/45.png]]&#xD;
&#xD;
2019-08-12 18:00:20 - [TEST_STEP][PASSED] - (internal.GlobalVariable.i++): null&#xD;
&#xD;
2019-08-12 18:00:20 - [MESSAGE][PASSED] - Call Test Case 'Test Cases/mobileWeb/_include/get_screenshot' successfully&#xD;
&#xD;
2019-08-12 18:00:20 - [TEST_STEP][PASSED] - scrollToPosition(0, y): Browser is scrolled to position x = 0, y = 27600&#xD;
&#xD;
2019-08-12 18:00:20 - [MESSAGE][PASSED] - Browser is scrolled to position x = 0, y = 27600&#xD;
&#xD;
2019-08-12 18:00:20 - [TEST_STEP][PASSED] - Thread.sleep(3000): null&#xD;
&#xD;
2019-08-12 18:00:23 - [MESSAGE][PASSED] - Call Test Case 'Test Cases/mobileWeb/_include/get_scrollScreenshot' successfully</system-out>
            <system-err></system-err>
        </testcase>
        <testcase name="Test Cases/mobileWeb/Other Pages Check/Plan Detail/stm/everest" classname="Test Cases/mobileWeb/Other Pages Check/Plan Detail/stm/everest" status="PASSED">
            <system-out>2019-08-12 18:00:23 - [TEST_CASE][PASSED] - Test Cases/mobileWeb/Other Pages Check/Plan Detail/stm/everest: Test Cases/mobileWeb/Other Pages Check/Plan Detail/stm/everest&#xD;
&#xD;
2019-08-12 18:00:23 - [TEST_STEP][PASSED] - callTestCase(findTestCase("mobileWeb/_include/get_screenPath"), ["productLine":"Plan Detail", "carrierName":"stm_everest"], CONTINUE_ON_FAILURE): Call Test Case 'Test Cases/mobileWeb/_include/get_screenPath' successfully&#xD;
&#xD;
2019-08-12 18:00:23 - [TEST_CASE][PASSED] - Test Cases/mobileWeb/_include/get_screenPath: Test Cases/mobileWeb/_include/get_screenPath&#xD;
&#xD;
2019-08-12 18:00:23 - [TEST_STEP][PASSED] - m = getExecutionProperties(): null&#xD;
&#xD;
2019-08-12 18:00:23 - [TEST_STEP][PASSED] - deviceName = get("mobileEmulation").get("deviceName"): null&#xD;
&#xD;
2019-08-12 18:00:23 - [TEST_STEP][PASSED] - println(deviceName): null&#xD;
&#xD;
2019-08-12 18:00:23 - [TEST_STEP][PASSED] - now = new java.util.Date(): null&#xD;
&#xD;
2019-08-12 18:00:23 - [TEST_STEP][PASSED] - mydate = now.format("yyyyMMdd_HHmmss"): null&#xD;
&#xD;
2019-08-12 18:00:23 - [TEST_STEP][PASSED] - screenPath = "../Screenshots/": null&#xD;
&#xD;
2019-08-12 18:00:23 - [TEST_STEP][PASSED] - screenPath = screenPath + deviceName + "/" + productLine + "/" + carrierName + "/" + mydate + "/": null&#xD;
&#xD;
2019-08-12 18:00:23 - [TEST_STEP][PASSED] - println(screenPath): null&#xD;
&#xD;
2019-08-12 18:00:23 - [MESSAGE][PASSED] - Call Test Case 'Test Cases/mobileWeb/_include/get_screenPath' successfully&#xD;
&#xD;
2019-08-12 18:00:23 - [TEST_STEP][PASSED] - i = 0: null&#xD;
&#xD;
2019-08-12 18:00:23 - [TEST_STEP][PASSED] - openBrowser("https://praetemptatus.agilehealthinsurance.com/term-health-insurance/plan/everest-one-id-5000-20-9000-250000-extended?census[location][zip]=83709&amp;census[member][0][dob]=1/1/1980&amp;census[member][0][gender]=F&amp;census[member][0][role]=P"): Browser is opened with url: 'https://praetemptatus.agilehealthinsurance.com/term-health-insurance/plan/everest-one-id-5000-20-9000-250000-extended?census[location][zip]=83709&amp;census[member][0][dob]=1/1/1980&amp;census[member][0][gender]=F&amp;census[member][0][role]=P'&#xD;
&#xD;
2019-08-12 18:00:23 - [MESSAGE][WARNING] - A browser is already opened. Closing browser and opening a new one&#xD;
&#xD;
2019-08-12 18:00:24 - [MESSAGE][INFO] - Starting 'Chrome' driver&#xD;
&#xD;
2019-08-12 18:00:24 - [MESSAGE][INFO] - User set preference: ['mobileEmulation', '{deviceName=iPhone X}']&#xD;
&#xD;
2019-08-12 18:00:24 - [MESSAGE][INFO] - User set preference: ['args', '[--incognito, --aggressive-cache-discard, --no-sandbox, --window-size=375,812]']&#xD;
&#xD;
2019-08-12 18:00:34 - [MESSAGE][PASSED] - Browser is opened with url: 'https://praetemptatus.agilehealthinsurance.com/term-health-insurance/plan/everest-one-id-5000-20-9000-250000-extended?census[location][zip]=83709&amp;census[member][0][dob]=1/1/1980&amp;census[member][0][gender]=F&amp;census[member][0][role]=P'&#xD;
&#xD;
2019-08-12 18:00:34 - [TEST_STEP][PASSED] - waitForPageLoad(20): Wait for page load successfully&#xD;
&#xD;
2019-08-12 18:00:34 - [MESSAGE][PASSED] - Wait for page load successfully&#xD;
&#xD;
2019-08-12 18:00:34 - [TEST_STEP][PASSED] - callTestCase(findTestCase("mobileWeb/_include/get_scrollScreenshot"), [:], STOP_ON_FAILURE): Call Test Case 'Test Cases/mobileWeb/_include/get_scrollScreenshot' successfully&#xD;
&#xD;
2019-08-12 18:00:34 - [TEST_CASE][PASSED] - Test Cases/mobileWeb/_include/get_scrollScreenshot: Test Cases/mobileWeb/_include/get_scrollScreenshot&#xD;
&#xD;
2019-08-12 18:00:34 - [TEST_STEP][PASSED] - pageHeight = getPageHeight(): Current page's height is 28724&#xD;
&#xD;
2019-08-12 18:00:34 - [MESSAGE][PASSED] - Current page's height is 28724&#xD;
&#xD;
2019-08-12 18:00:34 - [TEST_STEP][PASSED] - for ([y = 600, y &lt; pageHeight, y = y + 600]): null&#xD;
&#xD;
2019-08-12 18:00:34 - [TEST_STEP][PASSED] - callTestCase(findTestCase("mobileWeb/_include/get_screenshot"), [:], STOP_ON_FAILURE): Call Test Case 'Test Cases/mobileWeb/_include/get_screenshot' successfully&#xD;
&#xD;
2019-08-12 18:00:34 - [TEST_CASE][PASSED] - Test Cases/mobileWeb/_include/get_screenshot: Test Cases/mobileWeb/_include/get_screenshot&#xD;
&#xD;
2019-08-12 18:00:34 - [TEST_STEP][PASSED] - takeScreenshot(screenPath + i + ".png"): Taking screenshot successfully&#xD;
&#xD;
2019-08-12 18:00:35 - [MESSAGE][PASSED] - Taking screenshot successfully&#xD;
[[ATTACHMENT|D:\\Test\\AgileTest\\AgileTest\\Reports\\mobileWeb\\plan detail\\20190812_173746\\../Screenshots/iPhone X/Plan Detail/stm_everest/20190812_180023/0.png]]&#xD;
&#xD;
2019-08-12 18:00:35 - [TEST_STEP][PASSED] - (internal.GlobalVariable.i++): null&#xD;
&#xD;
2019-08-12 18:00:35 - [MESSAGE][PASSED] - Call Test Case 'Test Cases/mobileWeb/_include/get_screenshot' successfully&#xD;
&#xD;
2019-08-12 18:00:35 - [TEST_STEP][PASSED] - scrollToPosition(0, y): Browser is scrolled to position x = 0, y = 600&#xD;
&#xD;
2019-08-12 18:00:35 - [MESSAGE][PASSED] - Browser is scrolled to position x = 0, y = 600&#xD;
&#xD;
2019-08-12 18:00:35 - [TEST_STEP][PASSED] - Thread.sleep(3000): null&#xD;
&#xD;
2019-08-12 18:00:38 - [TEST_STEP][PASSED] - callTestCase(findTestCase("mobileWeb/_include/get_screenshot"), [:], STOP_ON_FAILURE): Call Test Case 'Test Cases/mobileWeb/_include/get_screenshot' successfully&#xD;
&#xD;
2019-08-12 18:00:38 - [TEST_CASE][PASSED] - Test Cases/mobileWeb/_include/get_screenshot: Test Cases/mobileWeb/_include/get_screenshot&#xD;
&#xD;
2019-08-12 18:00:38 - [TEST_STEP][PASSED] - takeScreenshot(screenPath + i + ".png"): Taking screenshot successfully&#xD;
&#xD;
2019-08-12 18:00:39 - [MESSAGE][PASSED] - Taking screenshot successfully&#xD;
[[ATTACHMENT|D:\\Test\\AgileTest\\AgileTest\\Reports\\mobileWeb\\plan detail\\20190812_173746\\../Screenshots/iPhone X/Plan Detail/stm_everest/20190812_180023/1.png]]&#xD;
&#xD;
2019-08-12 18:00:39 - [TEST_STEP][PASSED] - (internal.GlobalVariable.i++): null&#xD;
&#xD;
2019-08-12 18:00:39 - [MESSAGE][PASSED] - Call Test Case 'Test Cases/mobileWeb/_include/get_screenshot' successfully&#xD;
&#xD;
2019-08-12 18:00:39 - [TEST_STEP][PASSED] - scrollToPosition(0, y): Browser is scrolled to position x = 0, y = 1200&#xD;
&#xD;
2019-08-12 18:00:39 - [MESSAGE][PASSED] - Browser is scrolled to position x = 0, y = 1200&#xD;
&#xD;
2019-08-12 18:00:39 - [TEST_STEP][PASSED] - Thread.sleep(3000): null&#xD;
&#xD;
2019-08-12 18:00:42 - [TEST_STEP][PASSED] - callTestCase(findTestCase("mobileWeb/_include/get_screenshot"), [:], STOP_ON_FAILURE): Call Test Case 'Test Cases/mobileWeb/_include/get_screenshot' successfully&#xD;
&#xD;
2019-08-12 18:00:42 - [TEST_CASE][PASSED] - Test Cases/mobileWeb/_include/get_screenshot: Test Cases/mobileWeb/_include/get_screenshot&#xD;
&#xD;
2019-08-12 18:00:42 - [TEST_STEP][PASSED] - takeScreenshot(screenPath + i + ".png"): Taking screenshot successfully&#xD;
&#xD;
2019-08-12 18:00:42 - [MESSAGE][PASSED] - Taking screenshot successfully&#xD;
[[ATTACHMENT|D:\\Test\\AgileTest\\AgileTest\\Reports\\mobileWeb\\plan detail\\20190812_173746\\../Screenshots/iPhone X/Plan Detail/stm_everest/20190812_180023/2.png]]&#xD;
&#xD;
2019-08-12 18:00:42 - [TEST_STEP][PASSED] - (internal.GlobalVariable.i++): null&#xD;
&#xD;
2019-08-12 18:00:42 - [MESSAGE][PASSED] - Call Test Case 'Test Cases/mobileWeb/_include/get_screenshot' successfully&#xD;
&#xD;
2019-08-12 18:00:42 - [TEST_STEP][PASSED] - scrollToPosition(0, y): Browser is scrolled to position x = 0, y = 1800&#xD;
&#xD;
2019-08-12 18:00:42 - [MESSAGE][PASSED] - Browser is scrolled to position x = 0, y = 1800&#xD;
&#xD;
2019-08-12 18:00:42 - [TEST_STEP][PASSED] - Thread.sleep(3000): null&#xD;
&#xD;
2019-08-12 18:00:45 - [TEST_STEP][PASSED] - callTestCase(findTestCase("mobileWeb/_include/get_screenshot"), [:], STOP_ON_FAILURE): Call Test Case 'Test Cases/mobileWeb/_include/get_screenshot' successfully&#xD;
&#xD;
2019-08-12 18:00:46 - [TEST_CASE][PASSED] - Test Cases/mobileWeb/_include/get_screenshot: Test Cases/mobileWeb/_include/get_screenshot&#xD;
&#xD;
2019-08-12 18:00:46 - [TEST_STEP][PASSED] - takeScreenshot(screenPath + i + ".png"): Taking screenshot successfully&#xD;
&#xD;
2019-08-12 18:00:46 - [MESSAGE][PASSED] - Taking screenshot successfully&#xD;
[[ATTACHMENT|D:\\Test\\AgileTest\\AgileTest\\Reports\\mobileWeb\\plan detail\\20190812_173746\\../Screenshots/iPhone X/Plan Detail/stm_everest/20190812_180023/3.png]]&#xD;
&#xD;
2019-08-12 18:00:46 - [TEST_STEP][PASSED] - (internal.GlobalVariable.i++): null&#xD;
&#xD;
2019-08-12 18:00:46 - [MESSAGE][PASSED] - Call Test Case 'Test Cases/mobileWeb/_include/get_screenshot' successfully&#xD;
&#xD;
2019-08-12 18:00:46 - [TEST_STEP][PASSED] - scrollToPosition(0, y): Browser is scrolled to position x = 0, y = 2400&#xD;
&#xD;
2019-08-12 18:00:46 - [MESSAGE][PASSED] - Browser is scrolled to position x = 0, y = 2400&#xD;
&#xD;
2019-08-12 18:00:46 - [TEST_STEP][PASSED] - Thread.sleep(3000): null&#xD;
&#xD;
2019-08-12 18:00:49 - [TEST_STEP][PASSED] - callTestCase(findTestCase("mobileWeb/_include/get_screenshot"), [:], STOP_ON_FAILURE): Call Test Case 'Test Cases/mobileWeb/_include/get_screenshot' successfully&#xD;
&#xD;
2019-08-12 18:00:49 - [TEST_CASE][PASSED] - Test Cases/mobileWeb/_include/get_screenshot: Test Cases/mobileWeb/_include/get_screenshot&#xD;
&#xD;
2019-08-12 18:00:49 - [TEST_STEP][PASSED] - takeScreenshot(screenPath + i + ".png"): Taking screenshot successfully&#xD;
&#xD;
2019-08-12 18:00:50 - [MESSAGE][PASSED] - Taking screenshot successfully&#xD;
[[ATTACHMENT|D:\\Test\\AgileTest\\AgileTest\\Reports\\mobileWeb\\plan detail\\20190812_173746\\../Screenshots/iPhone X/Plan Detail/stm_everest/20190812_180023/4.png]]&#xD;
&#xD;
2019-08-12 18:00:50 - [TEST_STEP][PASSED] - (internal.GlobalVariable.i++): null&#xD;
&#xD;
2019-08-12 18:00:50 - [MESSAGE][PASSED] - Call Test Case 'Test Cases/mobileWeb/_include/get_screenshot' successfully&#xD;
&#xD;
2019-08-12 18:00:50 - [TEST_STEP][PASSED] - scrollToPosition(0, y): Browser is scrolled to position x = 0, y = 3000&#xD;
&#xD;
2019-08-12 18:00:50 - [MESSAGE][PASSED] - Browser is scrolled to position x = 0, y = 3000&#xD;
&#xD;
2019-08-12 18:00:50 - [TEST_STEP][PASSED] - Thread.sleep(3000): null&#xD;
&#xD;
2019-08-12 18:00:53 - [TEST_STEP][PASSED] - callTestCase(findTestCase("mobileWeb/_include/get_screenshot"), [:], STOP_ON_FAILURE): Call Test Case 'Test Cases/mobileWeb/_include/get_screenshot' successfully&#xD;
&#xD;
2019-08-12 18:00:53 - [TEST_CASE][PASSED] - Test Cases/mobileWeb/_include/get_screenshot: Test Cases/mobileWeb/_include/get_screenshot&#xD;
&#xD;
2019-08-12 18:00:53 - [TEST_STEP][PASSED] - takeScreenshot(screenPath + i + ".png"): Taking screenshot successfully&#xD;
&#xD;
2019-08-12 18:00:54 - [MESSAGE][PASSED] - Taking screenshot successfully&#xD;
[[ATTACHMENT|D:\\Test\\AgileTest\\AgileTest\\Reports\\mobileWeb\\plan detail\\20190812_173746\\../Screenshots/iPhone X/Plan Detail/stm_everest/20190812_180023/5.png]]&#xD;
&#xD;
2019-08-12 18:00:54 - [TEST_STEP][PASSED] - (internal.GlobalVariable.i++): null&#xD;
&#xD;
2019-08-12 18:00:54 - [MESSAGE][PASSED] - Call Test Case 'Test Cases/mobileWeb/_include/get_screenshot' successfully&#xD;
&#xD;
2019-08-12 18:00:54 - [TEST_STEP][PASSED] - scrollToPosition(0, y): Browser is scrolled to position x = 0, y = 3600&#xD;
&#xD;
2019-08-12 18:00:54 - [MESSAGE][PASSED] - Browser is scrolled to position x = 0, y = 3600&#xD;
&#xD;
2019-08-12 18:00:54 - [TEST_STEP][PASSED] - Thread.sleep(3000): null&#xD;
&#xD;
2019-08-12 18:00:57 - [TEST_STEP][PASSED] - callTestCase(findTestCase("mobileWeb/_include/get_screenshot"), [:], STOP_ON_FAILURE): Call Test Case 'Test Cases/mobileWeb/_include/get_screenshot' successfully&#xD;
&#xD;
2019-08-12 18:00:57 - [TEST_CASE][PASSED] - Test Cases/mobileWeb/_include/get_screenshot: Test Cases/mobileWeb/_include/get_screenshot&#xD;
&#xD;
2019-08-12 18:00:57 - [TEST_STEP][PASSED] - takeScreenshot(screenPath + i + ".png"): Taking screenshot successfully&#xD;
&#xD;
2019-08-12 18:00:57 - [MESSAGE][PASSED] - Taking screenshot successfully&#xD;
[[ATTACHMENT|D:\\Test\\AgileTest\\AgileTest\\Reports\\mobileWeb\\plan detail\\20190812_173746\\../Screenshots/iPhone X/Plan Detail/stm_everest/20190812_180023/6.png]]&#xD;
&#xD;
2019-08-12 18:00:57 - [TEST_STEP][PASSED] - (internal.GlobalVariable.i++): null&#xD;
&#xD;
2019-08-12 18:00:57 - [MESSAGE][PASSED] - Call Test Case 'Test Cases/mobileWeb/_include/get_screenshot' successfully&#xD;
&#xD;
2019-08-12 18:00:57 - [TEST_STEP][PASSED] - scrollToPosition(0, y): Browser is scrolled to position x = 0, y = 4200&#xD;
&#xD;
2019-08-12 18:00:57 - [MESSAGE][PASSED] - Browser is scrolled to position x = 0, y = 4200&#xD;
&#xD;
2019-08-12 18:00:57 - [TEST_STEP][PASSED] - Thread.sleep(3000): null&#xD;
&#xD;
2019-08-12 18:01:00 - [TEST_STEP][PASSED] - callTestCase(findTestCase("mobileWeb/_include/get_screenshot"), [:], STOP_ON_FAILURE): Call Test Case 'Test Cases/mobileWeb/_include/get_screenshot' successfully&#xD;
&#xD;
2019-08-12 18:01:01 - [TEST_CASE][PASSED] - Test Cases/mobileWeb/_include/get_screenshot: Test Cases/mobileWeb/_include/get_screenshot&#xD;
&#xD;
2019-08-12 18:01:01 - [TEST_STEP][PASSED] - takeScreenshot(screenPath + i + ".png"): Taking screenshot successfully&#xD;
&#xD;
2019-08-12 18:01:01 - [MESSAGE][PASSED] - Taking screenshot successfully&#xD;
[[ATTACHMENT|D:\\Test\\AgileTest\\AgileTest\\Reports\\mobileWeb\\plan detail\\20190812_173746\\../Screenshots/iPhone X/Plan Detail/stm_everest/20190812_180023/7.png]]&#xD;
&#xD;
2019-08-12 18:01:01 - [TEST_STEP][PASSED] - (internal.GlobalVariable.i++): null&#xD;
&#xD;
2019-08-12 18:01:01 - [MESSAGE][PASSED] - Call Test Case 'Test Cases/mobileWeb/_include/get_screenshot' successfully&#xD;
&#xD;
2019-08-12 18:01:01 - [TEST_STEP][PASSED] - scrollToPosition(0, y): Browser is scrolled to position x = 0, y = 4800&#xD;
&#xD;
2019-08-12 18:01:01 - [MESSAGE][PASSED] - Browser is scrolled to position x = 0, y = 4800&#xD;
&#xD;
2019-08-12 18:01:01 - [TEST_STEP][PASSED] - Thread.sleep(3000): null&#xD;
&#xD;
2019-08-12 18:01:04 - [TEST_STEP][PASSED] - callTestCase(findTestCase("mobileWeb/_include/get_screenshot"), [:], STOP_ON_FAILURE): Call Test Case 'Test Cases/mobileWeb/_include/get_screenshot' successfully&#xD;
&#xD;
2019-08-12 18:01:04 - [TEST_CASE][PASSED] - Test Cases/mobileWeb/_include/get_screenshot: Test Cases/mobileWeb/_include/get_screenshot&#xD;
&#xD;
2019-08-12 18:01:04 - [TEST_STEP][PASSED] - takeScreenshot(screenPath + i + ".png"): Taking screenshot successfully&#xD;
&#xD;
2019-08-12 18:01:05 - [MESSAGE][PASSED] - Taking screenshot successfully&#xD;
[[ATTACHMENT|D:\\Test\\AgileTest\\AgileTest\\Reports\\mobileWeb\\plan detail\\20190812_173746\\../Screenshots/iPhone X/Plan Detail/stm_everest/20190812_180023/8.png]]&#xD;
&#xD;
2019-08-12 18:01:05 - [TEST_STEP][PASSED] - (internal.GlobalVariable.i++): null&#xD;
&#xD;
2019-08-12 18:01:05 - [MESSAGE][PASSED] - Call Test Case 'Test Cases/mobileWeb/_include/get_screenshot' successfully&#xD;
&#xD;
2019-08-12 18:01:05 - [TEST_STEP][PASSED] - scrollToPosition(0, y): Browser is scrolled to position x = 0, y = 5400&#xD;
&#xD;
2019-08-12 18:01:05 - [MESSAGE][PASSED] - Browser is scrolled to position x = 0, y = 5400&#xD;
&#xD;
2019-08-12 18:01:05 - [TEST_STEP][PASSED] - Thread.sleep(3000): null&#xD;
&#xD;
2019-08-12 18:01:08 - [TEST_STEP][PASSED] - callTestCase(findTestCase("mobileWeb/_include/get_screenshot"), [:], STOP_ON_FAILURE): Call Test Case 'Test Cases/mobileWeb/_include/get_screenshot' successfully&#xD;
&#xD;
2019-08-12 18:01:08 - [TEST_CASE][PASSED] - Test Cases/mobileWeb/_include/get_screenshot: Test Cases/mobileWeb/_include/get_screenshot&#xD;
&#xD;
2019-08-12 18:01:08 - [TEST_STEP][PASSED] - takeScreenshot(screenPath + i + ".png"): Taking screenshot successfully&#xD;
&#xD;
2019-08-12 18:01:09 - [MESSAGE][PASSED] - Taking screenshot successfully&#xD;
[[ATTACHMENT|D:\\Test\\AgileTest\\AgileTest\\Reports\\mobileWeb\\plan detail\\20190812_173746\\../Screenshots/iPhone X/Plan Detail/stm_everest/20190812_180023/9.png]]&#xD;
&#xD;
2019-08-12 18:01:09 - [TEST_STEP][PASSED] - (internal.GlobalVariable.i++): null&#xD;
&#xD;
2019-08-12 18:01:09 - [MESSAGE][PASSED] - Call Test Case 'Test Cases/mobileWeb/_include/get_screenshot' successfully&#xD;
&#xD;
2019-08-12 18:01:09 - [TEST_STEP][PASSED] - scrollToPosition(0, y): Browser is scrolled to position x = 0, y = 6000&#xD;
&#xD;
2019-08-12 18:01:09 - [MESSAGE][PASSED] - Browser is scrolled to position x = 0, y = 6000&#xD;
&#xD;
2019-08-12 18:01:09 - [TEST_STEP][PASSED] - Thread.sleep(3000): null&#xD;
&#xD;
2019-08-12 18:01:12 - [TEST_STEP][PASSED] - callTestCase(findTestCase("mobileWeb/_include/get_screenshot"), [:], STOP_ON_FAILURE): Call Test Case 'Test Cases/mobileWeb/_include/get_screenshot' successfully&#xD;
&#xD;
2019-08-12 18:01:12 - [TEST_CASE][PASSED] - Test Cases/mobileWeb/_include/get_screenshot: Test Cases/mobileWeb/_include/get_screenshot&#xD;
&#xD;
2019-08-12 18:01:12 - [TEST_STEP][PASSED] - takeScreenshot(screenPath + i + ".png"): Taking screenshot successfully&#xD;
&#xD;
2019-08-12 18:01:13 - [MESSAGE][PASSED] - Taking screenshot successfully&#xD;
[[ATTACHMENT|D:\\Test\\AgileTest\\AgileTest\\Reports\\mobileWeb\\plan detail\\20190812_173746\\../Screenshots/iPhone X/Plan Detail/stm_everest/20190812_180023/10.png]]&#xD;
&#xD;
2019-08-12 18:01:13 - [TEST_STEP][PASSED] - (internal.GlobalVariable.i++): null&#xD;
&#xD;
2019-08-12 18:01:13 - [MESSAGE][PASSED] - Call Test Case 'Test Cases/mobileWeb/_include/get_screenshot' successfully&#xD;
&#xD;
2019-08-12 18:01:13 - [TEST_STEP][PASSED] - scrollToPosition(0, y): Browser is scrolled to position x = 0, y = 6600&#xD;
&#xD;
2019-08-12 18:01:13 - [MESSAGE][PASSED] - Browser is scrolled to position x = 0, y = 6600&#xD;
&#xD;
2019-08-12 18:01:13 - [TEST_STEP][PASSED] - Thread.sleep(3000): null&#xD;
&#xD;
2019-08-12 18:01:16 - [TEST_STEP][PASSED] - callTestCase(findTestCase("mobileWeb/_include/get_screenshot"), [:], STOP_ON_FAILURE): Call Test Case 'Test Cases/mobileWeb/_include/get_screenshot' successfully&#xD;
&#xD;
2019-08-12 18:01:16 - [TEST_CASE][PASSED] - Test Cases/mobileWeb/_include/get_screenshot: Test Cases/mobileWeb/_include/get_screenshot&#xD;
&#xD;
2019-08-12 18:01:16 - [TEST_STEP][PASSED] - takeScreenshot(screenPath + i + ".png"): Taking screenshot successfully&#xD;
&#xD;
2019-08-12 18:01:16 - [MESSAGE][PASSED] - Taking screenshot successfully&#xD;
[[ATTACHMENT|D:\\Test\\AgileTest\\AgileTest\\Reports\\mobileWeb\\plan detail\\20190812_173746\\../Screenshots/iPhone X/Plan Detail/stm_everest/20190812_180023/11.png]]&#xD;
&#xD;
2019-08-12 18:01:16 - [TEST_STEP][PASSED] - (internal.GlobalVariable.i++): null&#xD;
&#xD;
2019-08-12 18:01:16 - [MESSAGE][PASSED] - Call Test Case 'Test Cases/mobileWeb/_include/get_screenshot' successfully&#xD;
&#xD;
2019-08-12 18:01:16 - [TEST_STEP][PASSED] - scrollToPosition(0, y): Browser is scrolled to position x = 0, y = 7200&#xD;
&#xD;
2019-08-12 18:01:16 - [MESSAGE][PASSED] - Browser is scrolled to position x = 0, y = 7200&#xD;
&#xD;
2019-08-12 18:01:16 - [TEST_STEP][PASSED] - Thread.sleep(3000): null&#xD;
&#xD;
2019-08-12 18:01:19 - [TEST_STEP][PASSED] - callTestCase(findTestCase("mobileWeb/_include/get_screenshot"), [:], STOP_ON_FAILURE): Call Test Case 'Test Cases/mobileWeb/_include/get_screenshot' successfully&#xD;
&#xD;
2019-08-12 18:01:19 - [TEST_CASE][PASSED] - Test Cases/mobileWeb/_include/get_screenshot: Test Cases/mobileWeb/_include/get_screenshot&#xD;
&#xD;
2019-08-12 18:01:19 - [TEST_STEP][PASSED] - takeScreenshot(screenPath + i + ".png"): Taking screenshot successfully&#xD;
&#xD;
2019-08-12 18:01:20 - [MESSAGE][PASSED] - Taking screenshot successfully&#xD;
[[ATTACHMENT|D:\\Test\\AgileTest\\AgileTest\\Reports\\mobileWeb\\plan detail\\20190812_173746\\../Screenshots/iPhone X/Plan Detail/stm_everest/20190812_180023/12.png]]&#xD;
&#xD;
2019-08-12 18:01:20 - [TEST_STEP][PASSED] - (internal.GlobalVariable.i++): null&#xD;
&#xD;
2019-08-12 18:01:20 - [MESSAGE][PASSED] - Call Test Case 'Test Cases/mobileWeb/_include/get_screenshot' successfully&#xD;
&#xD;
2019-08-12 18:01:20 - [TEST_STEP][PASSED] - scrollToPosition(0, y): Browser is scrolled to position x = 0, y = 7800&#xD;
&#xD;
2019-08-12 18:01:20 - [MESSAGE][PASSED] - Browser is scrolled to position x = 0, y = 7800&#xD;
&#xD;
2019-08-12 18:01:20 - [TEST_STEP][PASSED] - Thread.sleep(3000): null&#xD;
&#xD;
2019-08-12 18:01:23 - [TEST_STEP][PASSED] - callTestCase(findTestCase("mobileWeb/_include/get_screenshot"), [:], STOP_ON_FAILURE): Call Test Case 'Test Cases/mobileWeb/_include/get_screenshot' successfully&#xD;
&#xD;
2019-08-12 18:01:23 - [TEST_CASE][PASSED] - Test Cases/mobileWeb/_include/get_screenshot: Test Cases/mobileWeb/_include/get_screenshot&#xD;
&#xD;
2019-08-12 18:01:23 - [TEST_STEP][PASSED] - takeScreenshot(screenPath + i + ".png"): Taking screenshot successfully&#xD;
&#xD;
2019-08-12 18:01:24 - [MESSAGE][PASSED] - Taking screenshot successfully&#xD;
[[ATTACHMENT|D:\\Test\\AgileTest\\AgileTest\\Reports\\mobileWeb\\plan detail\\20190812_173746\\../Screenshots/iPhone X/Plan Detail/stm_everest/20190812_180023/13.png]]&#xD;
&#xD;
2019-08-12 18:01:24 - [TEST_STEP][PASSED] - (internal.GlobalVariable.i++): null&#xD;
&#xD;
2019-08-12 18:01:24 - [MESSAGE][PASSED] - Call Test Case 'Test Cases/mobileWeb/_include/get_screenshot' successfully&#xD;
&#xD;
2019-08-12 18:01:24 - [TEST_STEP][PASSED] - scrollToPosition(0, y): Browser is scrolled to position x = 0, y = 8400&#xD;
&#xD;
2019-08-12 18:01:24 - [MESSAGE][PASSED] - Browser is scrolled to position x = 0, y = 8400&#xD;
&#xD;
2019-08-12 18:01:24 - [TEST_STEP][PASSED] - Thread.sleep(3000): null&#xD;
&#xD;
2019-08-12 18:01:27 - [TEST_STEP][PASSED] - callTestCase(findTestCase("mobileWeb/_include/get_screenshot"), [:], STOP_ON_FAILURE): Call Test Case 'Test Cases/mobileWeb/_include/get_screenshot' successfully&#xD;
&#xD;
2019-08-12 18:01:27 - [TEST_CASE][PASSED] - Test Cases/mobileWeb/_include/get_screenshot: Test Cases/mobileWeb/_include/get_screenshot&#xD;
&#xD;
2019-08-12 18:01:27 - [TEST_STEP][PASSED] - takeScreenshot(screenPath + i + ".png"): Taking screenshot successfully&#xD;
&#xD;
2019-08-12 18:01:28 - [MESSAGE][PASSED] - Taking screenshot successfully&#xD;
[[ATTACHMENT|D:\\Test\\AgileTest\\AgileTest\\Reports\\mobileWeb\\plan detail\\20190812_173746\\../Screenshots/iPhone X/Plan Detail/stm_everest/20190812_180023/14.png]]&#xD;
&#xD;
2019-08-12 18:01:28 - [TEST_STEP][PASSED] - (internal.GlobalVariable.i++): null&#xD;
&#xD;
2019-08-12 18:01:28 - [MESSAGE][PASSED] - Call Test Case 'Test Cases/mobileWeb/_include/get_screenshot' successfully&#xD;
&#xD;
2019-08-12 18:01:28 - [TEST_STEP][PASSED] - scrollToPosition(0, y): Browser is scrolled to position x = 0, y = 9000&#xD;
&#xD;
2019-08-12 18:01:28 - [MESSAGE][PASSED] - Browser is scrolled to position x = 0, y = 9000&#xD;
&#xD;
2019-08-12 18:01:28 - [TEST_STEP][PASSED] - Thread.sleep(3000): null&#xD;
&#xD;
2019-08-12 18:01:31 - [TEST_STEP][PASSED] - callTestCase(findTestCase("mobileWeb/_include/get_screenshot"), [:], STOP_ON_FAILURE): Call Test Case 'Test Cases/mobileWeb/_include/get_screenshot' successfully&#xD;
&#xD;
2019-08-12 18:01:31 - [TEST_CASE][PASSED] - Test Cases/mobileWeb/_include/get_screenshot: Test Cases/mobileWeb/_include/get_screenshot&#xD;
&#xD;
2019-08-12 18:01:31 - [TEST_STEP][PASSED] - takeScreenshot(screenPath + i + ".png"): Taking screenshot successfully&#xD;
&#xD;
2019-08-12 18:01:32 - [MESSAGE][PASSED] - Taking screenshot successfully&#xD;
[[ATTACHMENT|D:\\Test\\AgileTest\\AgileTest\\Reports\\mobileWeb\\plan detail\\20190812_173746\\../Screenshots/iPhone X/Plan Detail/stm_everest/20190812_180023/15.png]]&#xD;
&#xD;
2019-08-12 18:01:32 - [TEST_STEP][PASSED] - (internal.GlobalVariable.i++): null&#xD;
&#xD;
2019-08-12 18:01:32 - [MESSAGE][PASSED] - Call Test Case 'Test Cases/mobileWeb/_include/get_screenshot' successfully&#xD;
&#xD;
2019-08-12 18:01:32 - [TEST_STEP][PASSED] - scrollToPosition(0, y): Browser is scrolled to position x = 0, y = 9600&#xD;
&#xD;
2019-08-12 18:01:32 - [MESSAGE][PASSED] - Browser is scrolled to position x = 0, y = 9600&#xD;
&#xD;
2019-08-12 18:01:32 - [TEST_STEP][PASSED] - Thread.sleep(3000): null&#xD;
&#xD;
2019-08-12 18:01:35 - [TEST_STEP][PASSED] - callTestCase(findTestCase("mobileWeb/_include/get_screenshot"), [:], STOP_ON_FAILURE): Call Test Case 'Test Cases/mobileWeb/_include/get_screenshot' successfully&#xD;
&#xD;
2019-08-12 18:01:35 - [TEST_CASE][PASSED] - Test Cases/mobileWeb/_include/get_screenshot: Test Cases/mobileWeb/_include/get_screenshot&#xD;
&#xD;
2019-08-12 18:01:35 - [TEST_STEP][PASSED] - takeScreenshot(screenPath + i + ".png"): Taking screenshot successfully&#xD;
&#xD;
2019-08-12 18:01:35 - [MESSAGE][PASSED] - Taking screenshot successfully&#xD;
[[ATTACHMENT|D:\\Test\\AgileTest\\AgileTest\\Reports\\mobileWeb\\plan detail\\20190812_173746\\../Screenshots/iPhone X/Plan Detail/stm_everest/20190812_180023/16.png]]&#xD;
&#xD;
2019-08-12 18:01:35 - [TEST_STEP][PASSED] - (internal.GlobalVariable.i++): null&#xD;
&#xD;
2019-08-12 18:01:35 - [MESSAGE][PASSED] - Call Test Case 'Test Cases/mobileWeb/_include/get_screenshot' successfully&#xD;
&#xD;
2019-08-12 18:01:35 - [TEST_STEP][PASSED] - scrollToPosition(0, y): Browser is scrolled to position x = 0, y = 10200&#xD;
&#xD;
2019-08-12 18:01:35 - [MESSAGE][PASSED] - Browser is scrolled to position x = 0, y = 10200&#xD;
&#xD;
2019-08-12 18:01:35 - [TEST_STEP][PASSED] - Thread.sleep(3000): null&#xD;
&#xD;
2019-08-12 18:01:38 - [TEST_STEP][PASSED] - callTestCase(findTestCase("mobileWeb/_include/get_screenshot"), [:], STOP_ON_FAILURE): Call Test Case 'Test Cases/mobileWeb/_include/get_screenshot' successfully&#xD;
&#xD;
2019-08-12 18:01:39 - [TEST_CASE][PASSED] - Test Cases/mobileWeb/_include/get_screenshot: Test Cases/mobileWeb/_include/get_screenshot&#xD;
&#xD;
2019-08-12 18:01:39 - [TEST_STEP][PASSED] - takeScreenshot(screenPath + i + ".png"): Taking screenshot successfully&#xD;
&#xD;
2019-08-12 18:01:39 - [MESSAGE][PASSED] - Taking screenshot successfully&#xD;
[[ATTACHMENT|D:\\Test\\AgileTest\\AgileTest\\Reports\\mobileWeb\\plan detail\\20190812_173746\\../Screenshots/iPhone X/Plan Detail/stm_everest/20190812_180023/17.png]]&#xD;
&#xD;
2019-08-12 18:01:39 - [TEST_STEP][PASSED] - (internal.GlobalVariable.i++): null&#xD;
&#xD;
2019-08-12 18:01:39 - [MESSAGE][PASSED] - Call Test Case 'Test Cases/mobileWeb/_include/get_screenshot' successfully&#xD;
&#xD;
2019-08-12 18:01:39 - [TEST_STEP][PASSED] - scrollToPosition(0, y): Browser is scrolled to position x = 0, y = 10800&#xD;
&#xD;
2019-08-12 18:01:39 - [MESSAGE][PASSED] - Browser is scrolled to position x = 0, y = 10800&#xD;
&#xD;
2019-08-12 18:01:39 - [TEST_STEP][PASSED] - Thread.sleep(3000): null&#xD;
&#xD;
2019-08-12 18:01:42 - [TEST_STEP][PASSED] - callTestCase(findTestCase("mobileWeb/_include/get_screenshot"), [:], STOP_ON_FAILURE): Call Test Case 'Test Cases/mobileWeb/_include/get_screenshot' successfully&#xD;
&#xD;
2019-08-12 18:01:42 - [TEST_CASE][PASSED] - Test Cases/mobileWeb/_include/get_screenshot: Test Cases/mobileWeb/_include/get_screenshot&#xD;
&#xD;
2019-08-12 18:01:42 - [TEST_STEP][PASSED] - takeScreenshot(screenPath + i + ".png"): Taking screenshot successfully&#xD;
&#xD;
2019-08-12 18:01:43 - [MESSAGE][PASSED] - Taking screenshot successfully&#xD;
[[ATTACHMENT|D:\\Test\\AgileTest\\AgileTest\\Reports\\mobileWeb\\plan detail\\20190812_173746\\../Screenshots/iPhone X/Plan Detail/stm_everest/20190812_180023/18.png]]&#xD;
&#xD;
2019-08-12 18:01:43 - [TEST_STEP][PASSED] - (internal.GlobalVariable.i++): null&#xD;
&#xD;
2019-08-12 18:01:43 - [MESSAGE][PASSED] - Call Test Case 'Test Cases/mobileWeb/_include/get_screenshot' successfully&#xD;
&#xD;
2019-08-12 18:01:43 - [TEST_STEP][PASSED] - scrollToPosition(0, y): Browser is scrolled to position x = 0, y = 11400&#xD;
&#xD;
2019-08-12 18:01:43 - [MESSAGE][PASSED] - Browser is scrolled to position x = 0, y = 11400&#xD;
&#xD;
2019-08-12 18:01:43 - [TEST_STEP][PASSED] - Thread.sleep(3000): null&#xD;
&#xD;
2019-08-12 18:01:46 - [TEST_STEP][PASSED] - callTestCase(findTestCase("mobileWeb/_include/get_screenshot"), [:], STOP_ON_FAILURE): Call Test Case 'Test Cases/mobileWeb/_include/get_screenshot' successfully&#xD;
&#xD;
2019-08-12 18:01:46 - [TEST_CASE][PASSED] - Test Cases/mobileWeb/_include/get_screenshot: Test Cases/mobileWeb/_include/get_screenshot&#xD;
&#xD;
2019-08-12 18:01:46 - [TEST_STEP][PASSED] - takeScreenshot(screenPath + i + ".png"): Taking screenshot successfully&#xD;
&#xD;
2019-08-12 18:01:47 - [MESSAGE][PASSED] - Taking screenshot successfully&#xD;
[[ATTACHMENT|D:\\Test\\AgileTest\\AgileTest\\Reports\\mobileWeb\\plan detail\\20190812_173746\\../Screenshots/iPhone X/Plan Detail/stm_everest/20190812_180023/19.png]]&#xD;
&#xD;
2019-08-12 18:01:47 - [TEST_STEP][PASSED] - (internal.GlobalVariable.i++): null&#xD;
&#xD;
2019-08-12 18:01:47 - [MESSAGE][PASSED] - Call Test Case 'Test Cases/mobileWeb/_include/get_screenshot' successfully&#xD;
&#xD;
2019-08-12 18:01:47 - [TEST_STEP][PASSED] - scrollToPosition(0, y): Browser is scrolled to position x = 0, y = 12000&#xD;
&#xD;
2019-08-12 18:01:47 - [MESSAGE][PASSED] - Browser is scrolled to position x = 0, y = 12000&#xD;
&#xD;
2019-08-12 18:01:47 - [TEST_STEP][PASSED] - Thread.sleep(3000): null&#xD;
&#xD;
2019-08-12 18:01:50 - [TEST_STEP][PASSED] - callTestCase(findTestCase("mobileWeb/_include/get_screenshot"), [:], STOP_ON_FAILURE): Call Test Case 'Test Cases/mobileWeb/_include/get_screenshot' successfully&#xD;
&#xD;
2019-08-12 18:01:50 - [TEST_CASE][PASSED] - Test Cases/mobileWeb/_include/get_screenshot: Test Cases/mobileWeb/_include/get_screenshot&#xD;
&#xD;
2019-08-12 18:01:50 - [TEST_STEP][PASSED] - takeScreenshot(screenPath + i + ".png"): Taking screenshot successfully&#xD;
&#xD;
2019-08-12 18:01:51 - [MESSAGE][PASSED] - Taking screenshot successfully&#xD;
[[ATTACHMENT|D:\\Test\\AgileTest\\AgileTest\\Reports\\mobileWeb\\plan detail\\20190812_173746\\../Screenshots/iPhone X/Plan Detail/stm_everest/20190812_180023/20.png]]&#xD;
&#xD;
2019-08-12 18:01:51 - [TEST_STEP][PASSED] - (internal.GlobalVariable.i++): null&#xD;
&#xD;
2019-08-12 18:01:51 - [MESSAGE][PASSED] - Call Test Case 'Test Cases/mobileWeb/_include/get_screenshot' successfully&#xD;
&#xD;
2019-08-12 18:01:51 - [TEST_STEP][PASSED] - scrollToPosition(0, y): Browser is scrolled to position x = 0, y = 12600&#xD;
&#xD;
2019-08-12 18:01:51 - [MESSAGE][PASSED] - Browser is scrolled to position x = 0, y = 12600&#xD;
&#xD;
2019-08-12 18:01:51 - [TEST_STEP][PASSED] - Thread.sleep(3000): null&#xD;
&#xD;
2019-08-12 18:01:54 - [TEST_STEP][PASSED] - callTestCase(findTestCase("mobileWeb/_include/get_screenshot"), [:], STOP_ON_FAILURE): Call Test Case 'Test Cases/mobileWeb/_include/get_screenshot' successfully&#xD;
&#xD;
2019-08-12 18:01:54 - [TEST_CASE][PASSED] - Test Cases/mobileWeb/_include/get_screenshot: Test Cases/mobileWeb/_include/get_screenshot&#xD;
&#xD;
2019-08-12 18:01:54 - [TEST_STEP][PASSED] - takeScreenshot(screenPath + i + ".png"): Taking screenshot successfully&#xD;
&#xD;
2019-08-12 18:01:54 - [MESSAGE][PASSED] - Taking screenshot successfully&#xD;
[[ATTACHMENT|D:\\Test\\AgileTest\\AgileTest\\Reports\\mobileWeb\\plan detail\\20190812_173746\\../Screenshots/iPhone X/Plan Detail/stm_everest/20190812_180023/21.png]]&#xD;
&#xD;
2019-08-12 18:01:54 - [TEST_STEP][PASSED] - (internal.GlobalVariable.i++): null&#xD;
&#xD;
2019-08-12 18:01:54 - [MESSAGE][PASSED] - Call Test Case 'Test Cases/mobileWeb/_include/get_screenshot' successfully&#xD;
&#xD;
2019-08-12 18:01:54 - [TEST_STEP][PASSED] - scrollToPosition(0, y): Browser is scrolled to position x = 0, y = 13200&#xD;
&#xD;
2019-08-12 18:01:54 - [MESSAGE][PASSED] - Browser is scrolled to position x = 0, y = 13200&#xD;
&#xD;
2019-08-12 18:01:54 - [TEST_STEP][PASSED] - Thread.sleep(3000): null&#xD;
&#xD;
2019-08-12 18:01:57 - [TEST_STEP][PASSED] - callTestCase(findTestCase("mobileWeb/_include/get_screenshot"), [:], STOP_ON_FAILURE): Call Test Case 'Test Cases/mobileWeb/_include/get_screenshot' successfully&#xD;
&#xD;
2019-08-12 18:01:58 - [TEST_CASE][PASSED] - Test Cases/mobileWeb/_include/get_screenshot: Test Cases/mobileWeb/_include/get_screenshot&#xD;
&#xD;
2019-08-12 18:01:58 - [TEST_STEP][PASSED] - takeScreenshot(screenPath + i + ".png"): Taking screenshot successfully&#xD;
&#xD;
2019-08-12 18:01:58 - [MESSAGE][PASSED] - Taking screenshot successfully&#xD;
[[ATTACHMENT|D:\\Test\\AgileTest\\AgileTest\\Reports\\mobileWeb\\plan detail\\20190812_173746\\../Screenshots/iPhone X/Plan Detail/stm_everest/20190812_180023/22.png]]&#xD;
&#xD;
2019-08-12 18:01:58 - [TEST_STEP][PASSED] - (internal.GlobalVariable.i++): null&#xD;
&#xD;
2019-08-12 18:01:58 - [MESSAGE][PASSED] - Call Test Case 'Test Cases/mobileWeb/_include/get_screenshot' successfully&#xD;
&#xD;
2019-08-12 18:01:58 - [TEST_STEP][PASSED] - scrollToPosition(0, y): Browser is scrolled to position x = 0, y = 13800&#xD;
&#xD;
2019-08-12 18:01:58 - [MESSAGE][PASSED] - Browser is scrolled to position x = 0, y = 13800&#xD;
&#xD;
2019-08-12 18:01:58 - [TEST_STEP][PASSED] - Thread.sleep(3000): null&#xD;
&#xD;
2019-08-12 18:02:01 - [TEST_STEP][PASSED] - callTestCase(findTestCase("mobileWeb/_include/get_screenshot"), [:], STOP_ON_FAILURE): Call Test Case 'Test Cases/mobileWeb/_include/get_screenshot' successfully&#xD;
&#xD;
2019-08-12 18:02:01 - [TEST_CASE][PASSED] - Test Cases/mobileWeb/_include/get_screenshot: Test Cases/mobileWeb/_include/get_screenshot&#xD;
&#xD;
2019-08-12 18:02:01 - [TEST_STEP][PASSED] - takeScreenshot(screenPath + i + ".png"): Taking screenshot successfully&#xD;
&#xD;
2019-08-12 18:02:02 - [MESSAGE][PASSED] - Taking screenshot successfully&#xD;
[[ATTACHMENT|D:\\Test\\AgileTest\\AgileTest\\Reports\\mobileWeb\\plan detail\\20190812_173746\\../Screenshots/iPhone X/Plan Detail/stm_everest/20190812_180023/23.png]]&#xD;
&#xD;
2019-08-12 18:02:02 - [TEST_STEP][PASSED] - (internal.GlobalVariable.i++): null&#xD;
&#xD;
2019-08-12 18:02:02 - [MESSAGE][PASSED] - Call Test Case 'Test Cases/mobileWeb/_include/get_screenshot' successfully&#xD;
&#xD;
2019-08-12 18:02:02 - [TEST_STEP][PASSED] - scrollToPosition(0, y): Browser is scrolled to position x = 0, y = 14400&#xD;
&#xD;
2019-08-12 18:02:02 - [MESSAGE][PASSED] - Browser is scrolled to position x = 0, y = 14400&#xD;
&#xD;
2019-08-12 18:02:02 - [TEST_STEP][PASSED] - Thread.sleep(3000): null&#xD;
&#xD;
2019-08-12 18:02:05 - [TEST_STEP][PASSED] - callTestCase(findTestCase("mobileWeb/_include/get_screenshot"), [:], STOP_ON_FAILURE): Call Test Case 'Test Cases/mobileWeb/_include/get_screenshot' successfully&#xD;
&#xD;
2019-08-12 18:02:05 - [TEST_CASE][PASSED] - Test Cases/mobileWeb/_include/get_screenshot: Test Cases/mobileWeb/_include/get_screenshot&#xD;
&#xD;
2019-08-12 18:02:05 - [TEST_STEP][PASSED] - takeScreenshot(screenPath + i + ".png"): Taking screenshot successfully&#xD;
&#xD;
2019-08-12 18:02:06 - [MESSAGE][PASSED] - Taking screenshot successfully&#xD;
[[ATTACHMENT|D:\\Test\\AgileTest\\AgileTest\\Reports\\mobileWeb\\plan detail\\20190812_173746\\../Screenshots/iPhone X/Plan Detail/stm_everest/20190812_180023/24.png]]&#xD;
&#xD;
2019-08-12 18:02:06 - [TEST_STEP][PASSED] - (internal.GlobalVariable.i++): null&#xD;
&#xD;
2019-08-12 18:02:06 - [MESSAGE][PASSED] - Call Test Case 'Test Cases/mobileWeb/_include/get_screenshot' successfully&#xD;
&#xD;
2019-08-12 18:02:06 - [TEST_STEP][PASSED] - scrollToPosition(0, y): Browser is scrolled to position x = 0, y = 15000&#xD;
&#xD;
2019-08-12 18:02:06 - [MESSAGE][PASSED] - Browser is scrolled to position x = 0, y = 15000&#xD;
&#xD;
2019-08-12 18:02:06 - [TEST_STEP][PASSED] - Thread.sleep(3000): null&#xD;
&#xD;
2019-08-12 18:02:09 - [TEST_STEP][PASSED] - callTestCase(findTestCase("mobileWeb/_include/get_screenshot"), [:], STOP_ON_FAILURE): Call Test Case 'Test Cases/mobileWeb/_include/get_screenshot' successfully&#xD;
&#xD;
2019-08-12 18:02:09 - [TEST_CASE][PASSED] - Test Cases/mobileWeb/_include/get_screenshot: Test Cases/mobileWeb/_include/get_screenshot&#xD;
&#xD;
2019-08-12 18:02:09 - [TEST_STEP][PASSED] - takeScreenshot(screenPath + i + ".png"): Taking screenshot successfully&#xD;
&#xD;
2019-08-12 18:02:10 - [MESSAGE][PASSED] - Taking screenshot successfully&#xD;
[[ATTACHMENT|D:\\Test\\AgileTest\\AgileTest\\Reports\\mobileWeb\\plan detail\\20190812_173746\\../Screenshots/iPhone X/Plan Detail/stm_everest/20190812_180023/25.png]]&#xD;
&#xD;
2019-08-12 18:02:10 - [TEST_STEP][PASSED] - (internal.GlobalVariable.i++): null&#xD;
&#xD;
2019-08-12 18:02:10 - [MESSAGE][PASSED] - Call Test Case 'Test Cases/mobileWeb/_include/get_screenshot' successfully&#xD;
&#xD;
2019-08-12 18:02:10 - [TEST_STEP][PASSED] - scrollToPosition(0, y): Browser is scrolled to position x = 0, y = 15600&#xD;
&#xD;
2019-08-12 18:02:10 - [MESSAGE][PASSED] - Browser is scrolled to position x = 0, y = 15600&#xD;
&#xD;
2019-08-12 18:02:10 - [TEST_STEP][PASSED] - Thread.sleep(3000): null&#xD;
&#xD;
2019-08-12 18:02:13 - [TEST_STEP][PASSED] - callTestCase(findTestCase("mobileWeb/_include/get_screenshot"), [:], STOP_ON_FAILURE): Call Test Case 'Test Cases/mobileWeb/_include/get_screenshot' successfully&#xD;
&#xD;
2019-08-12 18:02:13 - [TEST_CASE][PASSED] - Test Cases/mobileWeb/_include/get_screenshot: Test Cases/mobileWeb/_include/get_screenshot&#xD;
&#xD;
2019-08-12 18:02:13 - [TEST_STEP][PASSED] - takeScreenshot(screenPath + i + ".png"): Taking screenshot successfully&#xD;
&#xD;
2019-08-12 18:02:13 - [MESSAGE][PASSED] - Taking screenshot successfully&#xD;
[[ATTACHMENT|D:\\Test\\AgileTest\\AgileTest\\Reports\\mobileWeb\\plan detail\\20190812_173746\\../Screenshots/iPhone X/Plan Detail/stm_everest/20190812_180023/26.png]]&#xD;
&#xD;
2019-08-12 18:02:13 - [TEST_STEP][PASSED] - (internal.GlobalVariable.i++): null&#xD;
&#xD;
2019-08-12 18:02:13 - [MESSAGE][PASSED] - Call Test Case 'Test Cases/mobileWeb/_include/get_screenshot' successfully&#xD;
&#xD;
2019-08-12 18:02:13 - [TEST_STEP][PASSED] - scrollToPosition(0, y): Browser is scrolled to position x = 0, y = 16200&#xD;
&#xD;
2019-08-12 18:02:13 - [MESSAGE][PASSED] - Browser is scrolled to position x = 0, y = 16200&#xD;
&#xD;
2019-08-12 18:02:13 - [TEST_STEP][PASSED] - Thread.sleep(3000): null&#xD;
&#xD;
2019-08-12 18:02:16 - [TEST_STEP][PASSED] - callTestCase(findTestCase("mobileWeb/_include/get_screenshot"), [:], STOP_ON_FAILURE): Call Test Case 'Test Cases/mobileWeb/_include/get_screenshot' successfully&#xD;
&#xD;
2019-08-12 18:02:17 - [TEST_CASE][PASSED] - Test Cases/mobileWeb/_include/get_screenshot: Test Cases/mobileWeb/_include/get_screenshot&#xD;
&#xD;
2019-08-12 18:02:17 - [TEST_STEP][PASSED] - takeScreenshot(screenPath + i + ".png"): Taking screenshot successfully&#xD;
&#xD;
2019-08-12 18:02:17 - [MESSAGE][PASSED] - Taking screenshot successfully&#xD;
[[ATTACHMENT|D:\\Test\\AgileTest\\AgileTest\\Reports\\mobileWeb\\plan detail\\20190812_173746\\../Screenshots/iPhone X/Plan Detail/stm_everest/20190812_180023/27.png]]&#xD;
&#xD;
2019-08-12 18:02:17 - [TEST_STEP][PASSED] - (internal.GlobalVariable.i++): null&#xD;
&#xD;
2019-08-12 18:02:17 - [MESSAGE][PASSED] - Call Test Case 'Test Cases/mobileWeb/_include/get_screenshot' successfully&#xD;
&#xD;
2019-08-12 18:02:17 - [TEST_STEP][PASSED] - scrollToPosition(0, y): Browser is scrolled to position x = 0, y = 16800&#xD;
&#xD;
2019-08-12 18:02:17 - [MESSAGE][PASSED] - Browser is scrolled to position x = 0, y = 16800&#xD;
&#xD;
2019-08-12 18:02:17 - [TEST_STEP][PASSED] - Thread.sleep(3000): null&#xD;
&#xD;
2019-08-12 18:02:20 - [TEST_STEP][PASSED] - callTestCase(findTestCase("mobileWeb/_include/get_screenshot"), [:], STOP_ON_FAILURE): Call Test Case 'Test Cases/mobileWeb/_include/get_screenshot' successfully&#xD;
&#xD;
2019-08-12 18:02:20 - [TEST_CASE][PASSED] - Test Cases/mobileWeb/_include/get_screenshot: Test Cases/mobileWeb/_include/get_screenshot&#xD;
&#xD;
2019-08-12 18:02:20 - [TEST_STEP][PASSED] - takeScreenshot(screenPath + i + ".png"): Taking screenshot successfully&#xD;
&#xD;
2019-08-12 18:02:21 - [MESSAGE][PASSED] - Taking screenshot successfully&#xD;
[[ATTACHMENT|D:\\Test\\AgileTest\\AgileTest\\Reports\\mobileWeb\\plan detail\\20190812_173746\\../Screenshots/iPhone X/Plan Detail/stm_everest/20190812_180023/28.png]]&#xD;
&#xD;
2019-08-12 18:02:21 - [TEST_STEP][PASSED] - (internal.GlobalVariable.i++): null&#xD;
&#xD;
2019-08-12 18:02:21 - [MESSAGE][PASSED] - Call Test Case 'Test Cases/mobileWeb/_include/get_screenshot' successfully&#xD;
&#xD;
2019-08-12 18:02:21 - [TEST_STEP][PASSED] - scrollToPosition(0, y): Browser is scrolled to position x = 0, y = 17400&#xD;
&#xD;
2019-08-12 18:02:21 - [MESSAGE][PASSED] - Browser is scrolled to position x = 0, y = 17400&#xD;
&#xD;
2019-08-12 18:02:21 - [TEST_STEP][PASSED] - Thread.sleep(3000): null&#xD;
&#xD;
2019-08-12 18:02:24 - [TEST_STEP][PASSED] - callTestCase(findTestCase("mobileWeb/_include/get_screenshot"), [:], STOP_ON_FAILURE): Call Test Case 'Test Cases/mobileWeb/_include/get_screenshot' successfully&#xD;
&#xD;
2019-08-12 18:02:24 - [TEST_CASE][PASSED] - Test Cases/mobileWeb/_include/get_screenshot: Test Cases/mobileWeb/_include/get_screenshot&#xD;
&#xD;
2019-08-12 18:02:24 - [TEST_STEP][PASSED] - takeScreenshot(screenPath + i + ".png"): Taking screenshot successfully&#xD;
&#xD;
2019-08-12 18:02:25 - [MESSAGE][PASSED] - Taking screenshot successfully&#xD;
[[ATTACHMENT|D:\\Test\\AgileTest\\AgileTest\\Reports\\mobileWeb\\plan detail\\20190812_173746\\../Screenshots/iPhone X/Plan Detail/stm_everest/20190812_180023/29.png]]&#xD;
&#xD;
2019-08-12 18:02:25 - [TEST_STEP][PASSED] - (internal.GlobalVariable.i++): null&#xD;
&#xD;
2019-08-12 18:02:25 - [MESSAGE][PASSED] - Call Test Case 'Test Cases/mobileWeb/_include/get_screenshot' successfully&#xD;
&#xD;
2019-08-12 18:02:25 - [TEST_STEP][PASSED] - scrollToPosition(0, y): Browser is scrolled to position x = 0, y = 18000&#xD;
&#xD;
2019-08-12 18:02:25 - [MESSAGE][PASSED] - Browser is scrolled to position x = 0, y = 18000&#xD;
&#xD;
2019-08-12 18:02:25 - [TEST_STEP][PASSED] - Thread.sleep(3000): null&#xD;
&#xD;
2019-08-12 18:02:28 - [TEST_STEP][PASSED] - callTestCase(findTestCase("mobileWeb/_include/get_screenshot"), [:], STOP_ON_FAILURE): Call Test Case 'Test Cases/mobileWeb/_include/get_screenshot' successfully&#xD;
&#xD;
2019-08-12 18:02:28 - [TEST_CASE][PASSED] - Test Cases/mobileWeb/_include/get_screenshot: Test Cases/mobileWeb/_include/get_screenshot&#xD;
&#xD;
2019-08-12 18:02:28 - [TEST_STEP][PASSED] - takeScreenshot(screenPath + i + ".png"): Taking screenshot successfully&#xD;
&#xD;
2019-08-12 18:02:29 - [MESSAGE][PASSED] - Taking screenshot successfully&#xD;
[[ATTACHMENT|D:\\Test\\AgileTest\\AgileTest\\Reports\\mobileWeb\\plan detail\\20190812_173746\\../Screenshots/iPhone X/Plan Detail/stm_everest/20190812_180023/30.png]]&#xD;
&#xD;
2019-08-12 18:02:29 - [TEST_STEP][PASSED] - (internal.GlobalVariable.i++): null&#xD;
&#xD;
2019-08-12 18:02:29 - [MESSAGE][PASSED] - Call Test Case 'Test Cases/mobileWeb/_include/get_screenshot' successfully&#xD;
&#xD;
2019-08-12 18:02:29 - [TEST_STEP][PASSED] - scrollToPosition(0, y): Browser is scrolled to position x = 0, y = 18600&#xD;
&#xD;
2019-08-12 18:02:29 - [MESSAGE][PASSED] - Browser is scrolled to position x = 0, y = 18600&#xD;
&#xD;
2019-08-12 18:02:29 - [TEST_STEP][PASSED] - Thread.sleep(3000): null&#xD;
&#xD;
2019-08-12 18:02:32 - [TEST_STEP][PASSED] - callTestCase(findTestCase("mobileWeb/_include/get_screenshot"), [:], STOP_ON_FAILURE): Call Test Case 'Test Cases/mobileWeb/_include/get_screenshot' successfully&#xD;
&#xD;
2019-08-12 18:02:32 - [TEST_CASE][PASSED] - Test Cases/mobileWeb/_include/get_screenshot: Test Cases/mobileWeb/_include/get_screenshot&#xD;
&#xD;
2019-08-12 18:02:32 - [TEST_STEP][PASSED] - takeScreenshot(screenPath + i + ".png"): Taking screenshot successfully&#xD;
&#xD;
2019-08-12 18:02:33 - [MESSAGE][PASSED] - Taking screenshot successfully&#xD;
[[ATTACHMENT|D:\\Test\\AgileTest\\AgileTest\\Reports\\mobileWeb\\plan detail\\20190812_173746\\../Screenshots/iPhone X/Plan Detail/stm_everest/20190812_180023/31.png]]&#xD;
&#xD;
2019-08-12 18:02:33 - [TEST_STEP][PASSED] - (internal.GlobalVariable.i++): null&#xD;
&#xD;
2019-08-12 18:02:33 - [MESSAGE][PASSED] - Call Test Case 'Test Cases/mobileWeb/_include/get_screenshot' successfully&#xD;
&#xD;
2019-08-12 18:02:33 - [TEST_STEP][PASSED] - scrollToPosition(0, y): Browser is scrolled to position x = 0, y = 19200&#xD;
&#xD;
2019-08-12 18:02:33 - [MESSAGE][PASSED] - Browser is scrolled to position x = 0, y = 19200&#xD;
&#xD;
2019-08-12 18:02:33 - [TEST_STEP][PASSED] - Thread.sleep(3000): null&#xD;
&#xD;
2019-08-12 18:02:36 - [TEST_STEP][PASSED] - callTestCase(findTestCase("mobileWeb/_include/get_screenshot"), [:], STOP_ON_FAILURE): Call Test Case 'Test Cases/mobileWeb/_include/get_screenshot' successfully&#xD;
&#xD;
2019-08-12 18:02:36 - [TEST_CASE][PASSED] - Test Cases/mobileWeb/_include/get_screenshot: Test Cases/mobileWeb/_include/get_screenshot&#xD;
&#xD;
2019-08-12 18:02:36 - [TEST_STEP][PASSED] - takeScreenshot(screenPath + i + ".png"): Taking screenshot successfully&#xD;
&#xD;
2019-08-12 18:02:36 - [MESSAGE][PASSED] - Taking screenshot successfully&#xD;
[[ATTACHMENT|D:\\Test\\AgileTest\\AgileTest\\Reports\\mobileWeb\\plan detail\\20190812_173746\\../Screenshots/iPhone X/Plan Detail/stm_everest/20190812_180023/32.png]]&#xD;
&#xD;
2019-08-12 18:02:36 - [TEST_STEP][PASSED] - (internal.GlobalVariable.i++): null&#xD;
&#xD;
2019-08-12 18:02:36 - [MESSAGE][PASSED] - Call Test Case 'Test Cases/mobileWeb/_include/get_screenshot' successfully&#xD;
&#xD;
2019-08-12 18:02:36 - [TEST_STEP][PASSED] - scrollToPosition(0, y): Browser is scrolled to position x = 0, y = 19800&#xD;
&#xD;
2019-08-12 18:02:36 - [MESSAGE][PASSED] - Browser is scrolled to position x = 0, y = 19800&#xD;
&#xD;
2019-08-12 18:02:36 - [TEST_STEP][PASSED] - Thread.sleep(3000): null&#xD;
&#xD;
2019-08-12 18:02:39 - [TEST_STEP][PASSED] - callTestCase(findTestCase("mobileWeb/_include/get_screenshot"), [:], STOP_ON_FAILURE): Call Test Case 'Test Cases/mobileWeb/_include/get_screenshot' successfully&#xD;
&#xD;
2019-08-12 18:02:39 - [TEST_CASE][PASSED] - Test Cases/mobileWeb/_include/get_screenshot: Test Cases/mobileWeb/_include/get_screenshot&#xD;
&#xD;
2019-08-12 18:02:39 - [TEST_STEP][PASSED] - takeScreenshot(screenPath + i + ".png"): Taking screenshot successfully&#xD;
&#xD;
2019-08-12 18:02:40 - [MESSAGE][PASSED] - Taking screenshot successfully&#xD;
[[ATTACHMENT|D:\\Test\\AgileTest\\AgileTest\\Reports\\mobileWeb\\plan detail\\20190812_173746\\../Screenshots/iPhone X/Plan Detail/stm_everest/20190812_180023/33.png]]&#xD;
&#xD;
2019-08-12 18:02:40 - [TEST_STEP][PASSED] - (internal.GlobalVariable.i++): null&#xD;
&#xD;
2019-08-12 18:02:40 - [MESSAGE][PASSED] - Call Test Case 'Test Cases/mobileWeb/_include/get_screenshot' successfully&#xD;
&#xD;
2019-08-12 18:02:40 - [TEST_STEP][PASSED] - scrollToPosition(0, y): Browser is scrolled to position x = 0, y = 20400&#xD;
&#xD;
2019-08-12 18:02:40 - [MESSAGE][PASSED] - Browser is scrolled to position x = 0, y = 20400&#xD;
&#xD;
2019-08-12 18:02:40 - [TEST_STEP][PASSED] - Thread.sleep(3000): null&#xD;
&#xD;
2019-08-12 18:02:43 - [TEST_STEP][PASSED] - callTestCase(findTestCase("mobileWeb/_include/get_screenshot"), [:], STOP_ON_FAILURE): Call Test Case 'Test Cases/mobileWeb/_include/get_screenshot' successfully&#xD;
&#xD;
2019-08-12 18:02:43 - [TEST_CASE][PASSED] - Test Cases/mobileWeb/_include/get_screenshot: Test Cases/mobileWeb/_include/get_screenshot&#xD;
&#xD;
2019-08-12 18:02:43 - [TEST_STEP][PASSED] - takeScreenshot(screenPath + i + ".png"): Taking screenshot successfully&#xD;
&#xD;
2019-08-12 18:02:44 - [MESSAGE][PASSED] - Taking screenshot successfully&#xD;
[[ATTACHMENT|D:\\Test\\AgileTest\\AgileTest\\Reports\\mobileWeb\\plan detail\\20190812_173746\\../Screenshots/iPhone X/Plan Detail/stm_everest/20190812_180023/34.png]]&#xD;
&#xD;
2019-08-12 18:02:44 - [TEST_STEP][PASSED] - (internal.GlobalVariable.i++): null&#xD;
&#xD;
2019-08-12 18:02:44 - [MESSAGE][PASSED] - Call Test Case 'Test Cases/mobileWeb/_include/get_screenshot' successfully&#xD;
&#xD;
2019-08-12 18:02:44 - [TEST_STEP][PASSED] - scrollToPosition(0, y): Browser is scrolled to position x = 0, y = 21000&#xD;
&#xD;
2019-08-12 18:02:44 - [MESSAGE][PASSED] - Browser is scrolled to position x = 0, y = 21000&#xD;
&#xD;
2019-08-12 18:02:44 - [TEST_STEP][PASSED] - Thread.sleep(3000): null&#xD;
&#xD;
2019-08-12 18:02:47 - [TEST_STEP][PASSED] - callTestCase(findTestCase("mobileWeb/_include/get_screenshot"), [:], STOP_ON_FAILURE): Call Test Case 'Test Cases/mobileWeb/_include/get_screenshot' successfully&#xD;
&#xD;
2019-08-12 18:02:47 - [TEST_CASE][PASSED] - Test Cases/mobileWeb/_include/get_screenshot: Test Cases/mobileWeb/_include/get_screenshot&#xD;
&#xD;
2019-08-12 18:02:47 - [TEST_STEP][PASSED] - takeScreenshot(screenPath + i + ".png"): Taking screenshot successfully&#xD;
&#xD;
2019-08-12 18:02:48 - [MESSAGE][PASSED] - Taking screenshot successfully&#xD;
[[ATTACHMENT|D:\\Test\\AgileTest\\AgileTest\\Reports\\mobileWeb\\plan detail\\20190812_173746\\../Screenshots/iPhone X/Plan Detail/stm_everest/20190812_180023/35.png]]&#xD;
&#xD;
2019-08-12 18:02:48 - [TEST_STEP][PASSED] - (internal.GlobalVariable.i++): null&#xD;
&#xD;
2019-08-12 18:02:48 - [MESSAGE][PASSED] - Call Test Case 'Test Cases/mobileWeb/_include/get_screenshot' successfully&#xD;
&#xD;
2019-08-12 18:02:48 - [TEST_STEP][PASSED] - scrollToPosition(0, y): Browser is scrolled to position x = 0, y = 21600&#xD;
&#xD;
2019-08-12 18:02:48 - [MESSAGE][PASSED] - Browser is scrolled to position x = 0, y = 21600&#xD;
&#xD;
2019-08-12 18:02:48 - [TEST_STEP][PASSED] - Thread.sleep(3000): null&#xD;
&#xD;
2019-08-12 18:02:51 - [TEST_STEP][PASSED] - callTestCase(findTestCase("mobileWeb/_include/get_screenshot"), [:], STOP_ON_FAILURE): Call Test Case 'Test Cases/mobileWeb/_include/get_screenshot' successfully&#xD;
&#xD;
2019-08-12 18:02:51 - [TEST_CASE][PASSED] - Test Cases/mobileWeb/_include/get_screenshot: Test Cases/mobileWeb/_include/get_screenshot&#xD;
&#xD;
2019-08-12 18:02:51 - [TEST_STEP][PASSED] - takeScreenshot(screenPath + i + ".png"): Taking screenshot successfully&#xD;
&#xD;
2019-08-12 18:02:52 - [MESSAGE][PASSED] - Taking screenshot successfully&#xD;
[[ATTACHMENT|D:\\Test\\AgileTest\\AgileTest\\Reports\\mobileWeb\\plan detail\\20190812_173746\\../Screenshots/iPhone X/Plan Detail/stm_everest/20190812_180023/36.png]]&#xD;
&#xD;
2019-08-12 18:02:52 - [TEST_STEP][PASSED] - (internal.GlobalVariable.i++): null&#xD;
&#xD;
2019-08-12 18:02:52 - [MESSAGE][PASSED] - Call Test Case 'Test Cases/mobileWeb/_include/get_screenshot' successfully&#xD;
&#xD;
2019-08-12 18:02:52 - [TEST_STEP][PASSED] - scrollToPosition(0, y): Browser is scrolled to position x = 0, y = 22200&#xD;
&#xD;
2019-08-12 18:02:52 - [MESSAGE][PASSED] - Browser is scrolled to position x = 0, y = 22200&#xD;
&#xD;
2019-08-12 18:02:52 - [TEST_STEP][PASSED] - Thread.sleep(3000): null&#xD;
&#xD;
2019-08-12 18:02:55 - [TEST_STEP][PASSED] - callTestCase(findTestCase("mobileWeb/_include/get_screenshot"), [:], STOP_ON_FAILURE): Call Test Case 'Test Cases/mobileWeb/_include/get_screenshot' successfully&#xD;
&#xD;
2019-08-12 18:02:55 - [TEST_CASE][PASSED] - Test Cases/mobileWeb/_include/get_screenshot: Test Cases/mobileWeb/_include/get_screenshot&#xD;
&#xD;
2019-08-12 18:02:55 - [TEST_STEP][PASSED] - takeScreenshot(screenPath + i + ".png"): Taking screenshot successfully&#xD;
&#xD;
2019-08-12 18:02:55 - [MESSAGE][PASSED] - Taking screenshot successfully&#xD;
[[ATTACHMENT|D:\\Test\\AgileTest\\AgileTest\\Reports\\mobileWeb\\plan detail\\20190812_173746\\../Screenshots/iPhone X/Plan Detail/stm_everest/20190812_180023/37.png]]&#xD;
&#xD;
2019-08-12 18:02:55 - [TEST_STEP][PASSED] - (internal.GlobalVariable.i++): null&#xD;
&#xD;
2019-08-12 18:02:55 - [MESSAGE][PASSED] - Call Test Case 'Test Cases/mobileWeb/_include/get_screenshot' successfully&#xD;
&#xD;
2019-08-12 18:02:55 - [TEST_STEP][PASSED] - scrollToPosition(0, y): Browser is scrolled to position x = 0, y = 22800&#xD;
&#xD;
2019-08-12 18:02:55 - [MESSAGE][PASSED] - Browser is scrolled to position x = 0, y = 22800&#xD;
&#xD;
2019-08-12 18:02:55 - [TEST_STEP][PASSED] - Thread.sleep(3000): null&#xD;
&#xD;
2019-08-12 18:02:58 - [TEST_STEP][PASSED] - callTestCase(findTestCase("mobileWeb/_include/get_screenshot"), [:], STOP_ON_FAILURE): Call Test Case 'Test Cases/mobileWeb/_include/get_screenshot' successfully&#xD;
&#xD;
2019-08-12 18:02:58 - [TEST_CASE][PASSED] - Test Cases/mobileWeb/_include/get_screenshot: Test Cases/mobileWeb/_include/get_screenshot&#xD;
&#xD;
2019-08-12 18:02:59 - [TEST_STEP][PASSED] - takeScreenshot(screenPath + i + ".png"): Taking screenshot successfully&#xD;
&#xD;
2019-08-12 18:02:59 - [MESSAGE][PASSED] - Taking screenshot successfully&#xD;
[[ATTACHMENT|D:\\Test\\AgileTest\\AgileTest\\Reports\\mobileWeb\\plan detail\\20190812_173746\\../Screenshots/iPhone X/Plan Detail/stm_everest/20190812_180023/38.png]]&#xD;
&#xD;
2019-08-12 18:02:59 - [TEST_STEP][PASSED] - (internal.GlobalVariable.i++): null&#xD;
&#xD;
2019-08-12 18:02:59 - [MESSAGE][PASSED] - Call Test Case 'Test Cases/mobileWeb/_include/get_screenshot' successfully&#xD;
&#xD;
2019-08-12 18:02:59 - [TEST_STEP][PASSED] - scrollToPosition(0, y): Browser is scrolled to position x = 0, y = 23400&#xD;
&#xD;
2019-08-12 18:02:59 - [MESSAGE][PASSED] - Browser is scrolled to position x = 0, y = 23400&#xD;
&#xD;
2019-08-12 18:02:59 - [TEST_STEP][PASSED] - Thread.sleep(3000): null&#xD;
&#xD;
2019-08-12 18:03:02 - [TEST_STEP][PASSED] - callTestCase(findTestCase("mobileWeb/_include/get_screenshot"), [:], STOP_ON_FAILURE): Call Test Case 'Test Cases/mobileWeb/_include/get_screenshot' successfully&#xD;
&#xD;
2019-08-12 18:03:02 - [TEST_CASE][PASSED] - Test Cases/mobileWeb/_include/get_screenshot: Test Cases/mobileWeb/_include/get_screenshot&#xD;
&#xD;
2019-08-12 18:03:02 - [TEST_STEP][PASSED] - takeScreenshot(screenPath + i + ".png"): Taking screenshot successfully&#xD;
&#xD;
2019-08-12 18:03:03 - [MESSAGE][PASSED] - Taking screenshot successfully&#xD;
[[ATTACHMENT|D:\\Test\\AgileTest\\AgileTest\\Reports\\mobileWeb\\plan detail\\20190812_173746\\../Screenshots/iPhone X/Plan Detail/stm_everest/20190812_180023/39.png]]&#xD;
&#xD;
2019-08-12 18:03:03 - [TEST_STEP][PASSED] - (internal.GlobalVariable.i++): null&#xD;
&#xD;
2019-08-12 18:03:03 - [MESSAGE][PASSED] - Call Test Case 'Test Cases/mobileWeb/_include/get_screenshot' successfully&#xD;
&#xD;
2019-08-12 18:03:03 - [TEST_STEP][PASSED] - scrollToPosition(0, y): Browser is scrolled to position x = 0, y = 24000&#xD;
&#xD;
2019-08-12 18:03:03 - [MESSAGE][PASSED] - Browser is scrolled to position x = 0, y = 24000&#xD;
&#xD;
2019-08-12 18:03:03 - [TEST_STEP][PASSED] - Thread.sleep(3000): null&#xD;
&#xD;
2019-08-12 18:03:06 - [TEST_STEP][PASSED] - callTestCase(findTestCase("mobileWeb/_include/get_screenshot"), [:], STOP_ON_FAILURE): Call Test Case 'Test Cases/mobileWeb/_include/get_screenshot' successfully&#xD;
&#xD;
2019-08-12 18:03:06 - [TEST_CASE][PASSED] - Test Cases/mobileWeb/_include/get_screenshot: Test Cases/mobileWeb/_include/get_screenshot&#xD;
&#xD;
2019-08-12 18:03:06 - [TEST_STEP][PASSED] - takeScreenshot(screenPath + i + ".png"): Taking screenshot successfully&#xD;
&#xD;
2019-08-12 18:03:07 - [MESSAGE][PASSED] - Taking screenshot successfully&#xD;
[[ATTACHMENT|D:\\Test\\AgileTest\\AgileTest\\Reports\\mobileWeb\\plan detail\\20190812_173746\\../Screenshots/iPhone X/Plan Detail/stm_everest/20190812_180023/40.png]]&#xD;
&#xD;
2019-08-12 18:03:07 - [TEST_STEP][PASSED] - (internal.GlobalVariable.i++): null&#xD;
&#xD;
2019-08-12 18:03:07 - [MESSAGE][PASSED] - Call Test Case 'Test Cases/mobileWeb/_include/get_screenshot' successfully&#xD;
&#xD;
2019-08-12 18:03:07 - [TEST_STEP][PASSED] - scrollToPosition(0, y): Browser is scrolled to position x = 0, y = 24600&#xD;
&#xD;
2019-08-12 18:03:07 - [MESSAGE][PASSED] - Browser is scrolled to position x = 0, y = 24600&#xD;
&#xD;
2019-08-12 18:03:07 - [TEST_STEP][PASSED] - Thread.sleep(3000): null&#xD;
&#xD;
2019-08-12 18:03:10 - [TEST_STEP][PASSED] - callTestCase(findTestCase("mobileWeb/_include/get_screenshot"), [:], STOP_ON_FAILURE): Call Test Case 'Test Cases/mobileWeb/_include/get_screenshot' successfully&#xD;
&#xD;
2019-08-12 18:03:10 - [TEST_CASE][PASSED] - Test Cases/mobileWeb/_include/get_screenshot: Test Cases/mobileWeb/_include/get_screenshot&#xD;
&#xD;
2019-08-12 18:03:10 - [TEST_STEP][PASSED] - takeScreenshot(screenPath + i + ".png"): Taking screenshot successfully&#xD;
&#xD;
2019-08-12 18:03:10 - [MESSAGE][PASSED] - Taking screenshot successfully&#xD;
[[ATTACHMENT|D:\\Test\\AgileTest\\AgileTest\\Reports\\mobileWeb\\plan detail\\20190812_173746\\../Screenshots/iPhone X/Plan Detail/stm_everest/20190812_180023/41.png]]&#xD;
&#xD;
2019-08-12 18:03:10 - [TEST_STEP][PASSED] - (internal.GlobalVariable.i++): null&#xD;
&#xD;
2019-08-12 18:03:10 - [MESSAGE][PASSED] - Call Test Case 'Test Cases/mobileWeb/_include/get_screenshot' successfully&#xD;
&#xD;
2019-08-12 18:03:10 - [TEST_STEP][PASSED] - scrollToPosition(0, y): Browser is scrolled to position x = 0, y = 25200&#xD;
&#xD;
2019-08-12 18:03:10 - [MESSAGE][PASSED] - Browser is scrolled to position x = 0, y = 25200&#xD;
&#xD;
2019-08-12 18:03:10 - [TEST_STEP][PASSED] - Thread.sleep(3000): null&#xD;
&#xD;
2019-08-12 18:03:13 - [TEST_STEP][PASSED] - callTestCase(findTestCase("mobileWeb/_include/get_screenshot"), [:], STOP_ON_FAILURE): Call Test Case 'Test Cases/mobileWeb/_include/get_screenshot' successfully&#xD;
&#xD;
2019-08-12 18:03:13 - [TEST_CASE][PASSED] - Test Cases/mobileWeb/_include/get_screenshot: Test Cases/mobileWeb/_include/get_screenshot&#xD;
&#xD;
2019-08-12 18:03:13 - [TEST_STEP][PASSED] - takeScreenshot(screenPath + i + ".png"): Taking screenshot successfully&#xD;
&#xD;
2019-08-12 18:03:14 - [MESSAGE][PASSED] - Taking screenshot successfully&#xD;
[[ATTACHMENT|D:\\Test\\AgileTest\\AgileTest\\Reports\\mobileWeb\\plan detail\\20190812_173746\\../Screenshots/iPhone X/Plan Detail/stm_everest/20190812_180023/42.png]]&#xD;
&#xD;
2019-08-12 18:03:14 - [TEST_STEP][PASSED] - (internal.GlobalVariable.i++): null&#xD;
&#xD;
2019-08-12 18:03:14 - [MESSAGE][PASSED] - Call Test Case 'Test Cases/mobileWeb/_include/get_screenshot' successfully&#xD;
&#xD;
2019-08-12 18:03:14 - [TEST_STEP][PASSED] - scrollToPosition(0, y): Browser is scrolled to position x = 0, y = 25800&#xD;
&#xD;
2019-08-12 18:03:14 - [MESSAGE][PASSED] - Browser is scrolled to position x = 0, y = 25800&#xD;
&#xD;
2019-08-12 18:03:14 - [TEST_STEP][PASSED] - Thread.sleep(3000): null&#xD;
&#xD;
2019-08-12 18:03:17 - [TEST_STEP][PASSED] - callTestCase(findTestCase("mobileWeb/_include/get_screenshot"), [:], STOP_ON_FAILURE): Call Test Case 'Test Cases/mobileWeb/_include/get_screenshot' successfully&#xD;
&#xD;
2019-08-12 18:03:17 - [TEST_CASE][PASSED] - Test Cases/mobileWeb/_include/get_screenshot: Test Cases/mobileWeb/_include/get_screenshot&#xD;
&#xD;
2019-08-12 18:03:17 - [TEST_STEP][PASSED] - takeScreenshot(screenPath + i + ".png"): Taking screenshot successfully&#xD;
&#xD;
2019-08-12 18:03:18 - [MESSAGE][PASSED] - Taking screenshot successfully&#xD;
[[ATTACHMENT|D:\\Test\\AgileTest\\AgileTest\\Reports\\mobileWeb\\plan detail\\20190812_173746\\../Screenshots/iPhone X/Plan Detail/stm_everest/20190812_180023/43.png]]&#xD;
&#xD;
2019-08-12 18:03:18 - [TEST_STEP][PASSED] - (internal.GlobalVariable.i++): null&#xD;
&#xD;
2019-08-12 18:03:18 - [MESSAGE][PASSED] - Call Test Case 'Test Cases/mobileWeb/_include/get_screenshot' successfully&#xD;
&#xD;
2019-08-12 18:03:18 - [TEST_STEP][PASSED] - scrollToPosition(0, y): Browser is scrolled to position x = 0, y = 26400&#xD;
&#xD;
2019-08-12 18:03:18 - [MESSAGE][PASSED] - Browser is scrolled to position x = 0, y = 26400&#xD;
&#xD;
2019-08-12 18:03:18 - [TEST_STEP][PASSED] - Thread.sleep(3000): null&#xD;
&#xD;
2019-08-12 18:03:21 - [TEST_STEP][PASSED] - callTestCase(findTestCase("mobileWeb/_include/get_screenshot"), [:], STOP_ON_FAILURE): Call Test Case 'Test Cases/mobileWeb/_include/get_screenshot' successfully&#xD;
&#xD;
2019-08-12 18:03:21 - [TEST_CASE][PASSED] - Test Cases/mobileWeb/_include/get_screenshot: Test Cases/mobileWeb/_include/get_screenshot&#xD;
&#xD;
2019-08-12 18:03:21 - [TEST_STEP][PASSED] - takeScreenshot(screenPath + i + ".png"): Taking screenshot successfully&#xD;
&#xD;
2019-08-12 18:03:22 - [MESSAGE][PASSED] - Taking screenshot successfully&#xD;
[[ATTACHMENT|D:\\Test\\AgileTest\\AgileTest\\Reports\\mobileWeb\\plan detail\\20190812_173746\\../Screenshots/iPhone X/Plan Detail/stm_everest/20190812_180023/44.png]]&#xD;
&#xD;
2019-08-12 18:03:22 - [TEST_STEP][PASSED] - (internal.GlobalVariable.i++): null&#xD;
&#xD;
2019-08-12 18:03:22 - [MESSAGE][PASSED] - Call Test Case 'Test Cases/mobileWeb/_include/get_screenshot' successfully&#xD;
&#xD;
2019-08-12 18:03:22 - [TEST_STEP][PASSED] - scrollToPosition(0, y): Browser is scrolled to position x = 0, y = 27000&#xD;
&#xD;
2019-08-12 18:03:22 - [MESSAGE][PASSED] - Browser is scrolled to position x = 0, y = 27000&#xD;
&#xD;
2019-08-12 18:03:22 - [TEST_STEP][PASSED] - Thread.sleep(3000): null&#xD;
&#xD;
2019-08-12 18:03:25 - [TEST_STEP][PASSED] - callTestCase(findTestCase("mobileWeb/_include/get_screenshot"), [:], STOP_ON_FAILURE): Call Test Case 'Test Cases/mobileWeb/_include/get_screenshot' successfully&#xD;
&#xD;
2019-08-12 18:03:25 - [TEST_CASE][PASSED] - Test Cases/mobileWeb/_include/get_screenshot: Test Cases/mobileWeb/_include/get_screenshot&#xD;
&#xD;
2019-08-12 18:03:25 - [TEST_STEP][PASSED] - takeScreenshot(screenPath + i + ".png"): Taking screenshot successfully&#xD;
&#xD;
2019-08-12 18:03:25 - [MESSAGE][PASSED] - Taking screenshot successfully&#xD;
[[ATTACHMENT|D:\\Test\\AgileTest\\AgileTest\\Reports\\mobileWeb\\plan detail\\20190812_173746\\../Screenshots/iPhone X/Plan Detail/stm_everest/20190812_180023/45.png]]&#xD;
&#xD;
2019-08-12 18:03:25 - [TEST_STEP][PASSED] - (internal.GlobalVariable.i++): null&#xD;
&#xD;
2019-08-12 18:03:25 - [MESSAGE][PASSED] - Call Test Case 'Test Cases/mobileWeb/_include/get_screenshot' successfully&#xD;
&#xD;
2019-08-12 18:03:25 - [TEST_STEP][PASSED] - scrollToPosition(0, y): Browser is scrolled to position x = 0, y = 27600&#xD;
&#xD;
2019-08-12 18:03:25 - [MESSAGE][PASSED] - Browser is scrolled to position x = 0, y = 27600&#xD;
&#xD;
2019-08-12 18:03:25 - [TEST_STEP][PASSED] - Thread.sleep(3000): null&#xD;
&#xD;
2019-08-12 18:03:28 - [TEST_STEP][PASSED] - callTestCase(findTestCase("mobileWeb/_include/get_screenshot"), [:], STOP_ON_FAILURE): Call Test Case 'Test Cases/mobileWeb/_include/get_screenshot' successfully&#xD;
&#xD;
2019-08-12 18:03:28 - [TEST_CASE][PASSED] - Test Cases/mobileWeb/_include/get_screenshot: Test Cases/mobileWeb/_include/get_screenshot&#xD;
&#xD;
2019-08-12 18:03:28 - [TEST_STEP][PASSED] - takeScreenshot(screenPath + i + ".png"): Taking screenshot successfully&#xD;
&#xD;
2019-08-12 18:03:29 - [MESSAGE][PASSED] - Taking screenshot successfully&#xD;
[[ATTACHMENT|D:\\Test\\AgileTest\\AgileTest\\Reports\\mobileWeb\\plan detail\\20190812_173746\\../Screenshots/iPhone X/Plan Detail/stm_everest/20190812_180023/46.png]]&#xD;
&#xD;
2019-08-12 18:03:29 - [TEST_STEP][PASSED] - (internal.GlobalVariable.i++): null&#xD;
&#xD;
2019-08-12 18:03:29 - [MESSAGE][PASSED] - Call Test Case 'Test Cases/mobileWeb/_include/get_screenshot' successfully&#xD;
&#xD;
2019-08-12 18:03:29 - [TEST_STEP][PASSED] - scrollToPosition(0, y): Browser is scrolled to position x = 0, y = 28200&#xD;
&#xD;
2019-08-12 18:03:29 - [MESSAGE][PASSED] - Browser is scrolled to position x = 0, y = 28200&#xD;
&#xD;
2019-08-12 18:03:29 - [TEST_STEP][PASSED] - Thread.sleep(3000): null&#xD;
&#xD;
2019-08-12 18:03:32 - [MESSAGE][PASSED] - Call Test Case 'Test Cases/mobileWeb/_include/get_scrollScreenshot' successfully</system-out>
            <system-err></system-err>
        </testcase>
        <testcase name="Test Cases/mobileWeb/Other Pages Check/Plan Detail/stm/lifeshield advantage" classname="Test Cases/mobileWeb/Other Pages Check/Plan Detail/stm/lifeshield advantage" status="PASSED">
            <system-out>2019-08-12 18:03:32 - [TEST_CASE][PASSED] - Test Cases/mobileWeb/Other Pages Check/Plan Detail/stm/lifeshield advantage: Test Cases/mobileWeb/Other Pages Check/Plan Detail/stm/lifeshield advantage&#xD;
&#xD;
2019-08-12 18:03:32 - [TEST_STEP][PASSED] - callTestCase(findTestCase("mobileWeb/_include/get_screenPath"), ["productLine":"Plan Detail", "carrierName":"stm_lifeshield advantage"], CONTINUE_ON_FAILURE): Call Test Case 'Test Cases/mobileWeb/_include/get_screenPath' successfully&#xD;
&#xD;
2019-08-12 18:03:32 - [TEST_CASE][PASSED] - Test Cases/mobileWeb/_include/get_screenPath: Test Cases/mobileWeb/_include/get_screenPath&#xD;
&#xD;
2019-08-12 18:03:32 - [TEST_STEP][PASSED] - m = getExecutionProperties(): null&#xD;
&#xD;
2019-08-12 18:03:32 - [TEST_STEP][PASSED] - deviceName = get("mobileEmulation").get("deviceName"): null&#xD;
&#xD;
2019-08-12 18:03:32 - [TEST_STEP][PASSED] - println(deviceName): null&#xD;
&#xD;
2019-08-12 18:03:32 - [TEST_STEP][PASSED] - now = new java.util.Date(): null&#xD;
&#xD;
2019-08-12 18:03:32 - [TEST_STEP][PASSED] - mydate = now.format("yyyyMMdd_HHmmss"): null&#xD;
&#xD;
2019-08-12 18:03:32 - [TEST_STEP][PASSED] - screenPath = "../Screenshots/": null&#xD;
&#xD;
2019-08-12 18:03:32 - [TEST_STEP][PASSED] - screenPath = screenPath + deviceName + "/" + productLine + "/" + carrierName + "/" + mydate + "/": null&#xD;
&#xD;
2019-08-12 18:03:32 - [TEST_STEP][PASSED] - println(screenPath): null&#xD;
&#xD;
2019-08-12 18:03:32 - [MESSAGE][PASSED] - Call Test Case 'Test Cases/mobileWeb/_include/get_screenPath' successfully&#xD;
&#xD;
2019-08-12 18:03:32 - [TEST_STEP][PASSED] - i = 0: null&#xD;
&#xD;
2019-08-12 18:03:32 - [TEST_STEP][PASSED] - openBrowser("https://praetemptatus.agilehealthinsurance.com/term-health-insurance/plan/lifeshield-advantage-fl-5000-20-9000-1000000-extended?census[location][zip]=33186&amp;census[member][0][dob]=1/1/1980&amp;census[member][0][gender]=F&amp;census[member][0][role]=P"): Browser is opened with url: 'https://praetemptatus.agilehealthinsurance.com/term-health-insurance/plan/lifeshield-advantage-fl-5000-20-9000-1000000-extended?census[location][zip]=33186&amp;census[member][0][dob]=1/1/1980&amp;census[member][0][gender]=F&amp;census[member][0][role]=P'&#xD;
&#xD;
2019-08-12 18:03:32 - [MESSAGE][WARNING] - A browser is already opened. Closing browser and opening a new one&#xD;
&#xD;
2019-08-12 18:03:33 - [MESSAGE][INFO] - Starting 'Chrome' driver&#xD;
&#xD;
2019-08-12 18:03:33 - [MESSAGE][INFO] - User set preference: ['mobileEmulation', '{deviceName=iPhone X}']&#xD;
&#xD;
2019-08-12 18:03:33 - [MESSAGE][INFO] - User set preference: ['args', '[--incognito, --aggressive-cache-discard, --no-sandbox, --window-size=375,812]']&#xD;
&#xD;
2019-08-12 18:03:43 - [MESSAGE][PASSED] - Browser is opened with url: 'https://praetemptatus.agilehealthinsurance.com/term-health-insurance/plan/lifeshield-advantage-fl-5000-20-9000-1000000-extended?census[location][zip]=33186&amp;census[member][0][dob]=1/1/1980&amp;census[member][0][gender]=F&amp;census[member][0][role]=P'&#xD;
&#xD;
2019-08-12 18:03:43 - [TEST_STEP][PASSED] - waitForPageLoad(20): Wait for page load successfully&#xD;
&#xD;
2019-08-12 18:03:43 - [MESSAGE][PASSED] - Wait for page load successfully&#xD;
&#xD;
2019-08-12 18:03:43 - [TEST_STEP][PASSED] - callTestCase(findTestCase("mobileWeb/_include/get_scrollScreenshot"), [:], STOP_ON_FAILURE): Call Test Case 'Test Cases/mobileWeb/_include/get_scrollScreenshot' successfully&#xD;
&#xD;
2019-08-12 18:03:43 - [TEST_CASE][PASSED] - Test Cases/mobileWeb/_include/get_scrollScreenshot: Test Cases/mobileWeb/_include/get_scrollScreenshot&#xD;
&#xD;
2019-08-12 18:03:43 - [TEST_STEP][PASSED] - pageHeight = getPageHeight(): Current page's height is 36222&#xD;
&#xD;
2019-08-12 18:03:43 - [MESSAGE][PASSED] - Current page's height is 36222&#xD;
&#xD;
2019-08-12 18:03:43 - [TEST_STEP][PASSED] - for ([y = 600, y &lt; pageHeight, y = y + 600]): null&#xD;
&#xD;
2019-08-12 18:03:43 - [TEST_STEP][PASSED] - callTestCase(findTestCase("mobileWeb/_include/get_screenshot"), [:], STOP_ON_FAILURE): Call Test Case 'Test Cases/mobileWeb/_include/get_screenshot' successfully&#xD;
&#xD;
2019-08-12 18:03:43 - [TEST_CASE][PASSED] - Test Cases/mobileWeb/_include/get_screenshot: Test Cases/mobileWeb/_include/get_screenshot&#xD;
&#xD;
2019-08-12 18:03:43 - [TEST_STEP][PASSED] - takeScreenshot(screenPath + i + ".png"): Taking screenshot successfully&#xD;
&#xD;
2019-08-12 18:03:44 - [MESSAGE][PASSED] - Taking screenshot successfully&#xD;
[[ATTACHMENT|D:\\Test\\AgileTest\\AgileTest\\Reports\\mobileWeb\\plan detail\\20190812_173746\\../Screenshots/iPhone X/Plan Detail/stm_lifeshield advantage/20190812_180332/0.png]]&#xD;
&#xD;
2019-08-12 18:03:44 - [TEST_STEP][PASSED] - (internal.GlobalVariable.i++): null&#xD;
&#xD;
2019-08-12 18:03:44 - [MESSAGE][PASSED] - Call Test Case 'Test Cases/mobileWeb/_include/get_screenshot' successfully&#xD;
&#xD;
2019-08-12 18:03:44 - [TEST_STEP][PASSED] - scrollToPosition(0, y): Browser is scrolled to position x = 0, y = 600&#xD;
&#xD;
2019-08-12 18:03:44 - [MESSAGE][PASSED] - Browser is scrolled to position x = 0, y = 600&#xD;
&#xD;
2019-08-12 18:03:44 - [TEST_STEP][PASSED] - Thread.sleep(3000): null&#xD;
&#xD;
2019-08-12 18:03:47 - [TEST_STEP][PASSED] - callTestCase(findTestCase("mobileWeb/_include/get_screenshot"), [:], STOP_ON_FAILURE): Call Test Case 'Test Cases/mobileWeb/_include/get_screenshot' successfully&#xD;
&#xD;
2019-08-12 18:03:47 - [TEST_CASE][PASSED] - Test Cases/mobileWeb/_include/get_screenshot: Test Cases/mobileWeb/_include/get_screenshot&#xD;
&#xD;
2019-08-12 18:03:47 - [TEST_STEP][PASSED] - takeScreenshot(screenPath + i + ".png"): Taking screenshot successfully&#xD;
&#xD;
2019-08-12 18:03:48 - [MESSAGE][PASSED] - Taking screenshot successfully&#xD;
[[ATTACHMENT|D:\\Test\\AgileTest\\AgileTest\\Reports\\mobileWeb\\plan detail\\20190812_173746\\../Screenshots/iPhone X/Plan Detail/stm_lifeshield advantage/20190812_180332/1.png]]&#xD;
&#xD;
2019-08-12 18:03:48 - [TEST_STEP][PASSED] - (internal.GlobalVariable.i++): null&#xD;
&#xD;
2019-08-12 18:03:48 - [MESSAGE][PASSED] - Call Test Case 'Test Cases/mobileWeb/_include/get_screenshot' successfully&#xD;
&#xD;
2019-08-12 18:03:48 - [TEST_STEP][PASSED] - scrollToPosition(0, y): Browser is scrolled to position x = 0, y = 1200&#xD;
&#xD;
2019-08-12 18:03:48 - [MESSAGE][PASSED] - Browser is scrolled to position x = 0, y = 1200&#xD;
&#xD;
2019-08-12 18:03:48 - [TEST_STEP][PASSED] - Thread.sleep(3000): null&#xD;
&#xD;
2019-08-12 18:03:51 - [TEST_STEP][PASSED] - callTestCase(findTestCase("mobileWeb/_include/get_screenshot"), [:], STOP_ON_FAILURE): Call Test Case 'Test Cases/mobileWeb/_include/get_screenshot' successfully&#xD;
&#xD;
2019-08-12 18:03:51 - [TEST_CASE][PASSED] - Test Cases/mobileWeb/_include/get_screenshot: Test Cases/mobileWeb/_include/get_screenshot&#xD;
&#xD;
2019-08-12 18:03:51 - [TEST_STEP][PASSED] - takeScreenshot(screenPath + i + ".png"): Taking screenshot successfully&#xD;
&#xD;
2019-08-12 18:03:51 - [MESSAGE][PASSED] - Taking screenshot successfully&#xD;
[[ATTACHMENT|D:\\Test\\AgileTest\\AgileTest\\Reports\\mobileWeb\\plan detail\\20190812_173746\\../Screenshots/iPhone X/Plan Detail/stm_lifeshield advantage/20190812_180332/2.png]]&#xD;
&#xD;
2019-08-12 18:03:51 - [TEST_STEP][PASSED] - (internal.GlobalVariable.i++): null&#xD;
&#xD;
2019-08-12 18:03:51 - [MESSAGE][PASSED] - Call Test Case 'Test Cases/mobileWeb/_include/get_screenshot' successfully&#xD;
&#xD;
2019-08-12 18:03:51 - [TEST_STEP][PASSED] - scrollToPosition(0, y): Browser is scrolled to position x = 0, y = 1800&#xD;
&#xD;
2019-08-12 18:03:51 - [MESSAGE][PASSED] - Browser is scrolled to position x = 0, y = 1800&#xD;
&#xD;
2019-08-12 18:03:51 - [TEST_STEP][PASSED] - Thread.sleep(3000): null&#xD;
&#xD;
2019-08-12 18:03:54 - [TEST_STEP][PASSED] - callTestCase(findTestCase("mobileWeb/_include/get_screenshot"), [:], STOP_ON_FAILURE): Call Test Case 'Test Cases/mobileWeb/_include/get_screenshot' successfully&#xD;
&#xD;
2019-08-12 18:03:54 - [TEST_CASE][PASSED] - Test Cases/mobileWeb/_include/get_screenshot: Test Cases/mobileWeb/_include/get_screenshot&#xD;
&#xD;
2019-08-12 18:03:54 - [TEST_STEP][PASSED] - takeScreenshot(screenPath + i + ".png"): Taking screenshot successfully&#xD;
&#xD;
2019-08-12 18:03:55 - [MESSAGE][PASSED] - Taking screenshot successfully&#xD;
[[ATTACHMENT|D:\\Test\\AgileTest\\AgileTest\\Reports\\mobileWeb\\plan detail\\20190812_173746\\../Screenshots/iPhone X/Plan Detail/stm_lifeshield advantage/20190812_180332/3.png]]&#xD;
&#xD;
2019-08-12 18:03:55 - [TEST_STEP][PASSED] - (internal.GlobalVariable.i++): null&#xD;
&#xD;
2019-08-12 18:03:55 - [MESSAGE][PASSED] - Call Test Case 'Test Cases/mobileWeb/_include/get_screenshot' successfully&#xD;
&#xD;
2019-08-12 18:03:55 - [TEST_STEP][PASSED] - scrollToPosition(0, y): Browser is scrolled to position x = 0, y = 2400&#xD;
&#xD;
2019-08-12 18:03:55 - [MESSAGE][PASSED] - Browser is scrolled to position x = 0, y = 2400&#xD;
&#xD;
2019-08-12 18:03:55 - [TEST_STEP][PASSED] - Thread.sleep(3000): null&#xD;
&#xD;
2019-08-12 18:03:58 - [TEST_STEP][PASSED] - callTestCase(findTestCase("mobileWeb/_include/get_screenshot"), [:], STOP_ON_FAILURE): Call Test Case 'Test Cases/mobileWeb/_include/get_screenshot' successfully&#xD;
&#xD;
2019-08-12 18:03:58 - [TEST_CASE][PASSED] - Test Cases/mobileWeb/_include/get_screenshot: Test Cases/mobileWeb/_include/get_screenshot&#xD;
&#xD;
2019-08-12 18:03:58 - [TEST_STEP][PASSED] - takeScreenshot(screenPath + i + ".png"): Taking screenshot successfully&#xD;
&#xD;
2019-08-12 18:03:59 - [MESSAGE][PASSED] - Taking screenshot successfully&#xD;
[[ATTACHMENT|D:\\Test\\AgileTest\\AgileTest\\Reports\\mobileWeb\\plan detail\\20190812_173746\\../Screenshots/iPhone X/Plan Detail/stm_lifeshield advantage/20190812_180332/4.png]]&#xD;
&#xD;
2019-08-12 18:03:59 - [TEST_STEP][PASSED] - (internal.GlobalVariable.i++): null&#xD;
&#xD;
2019-08-12 18:03:59 - [MESSAGE][PASSED] - Call Test Case 'Test Cases/mobileWeb/_include/get_screenshot' successfully&#xD;
&#xD;
2019-08-12 18:03:59 - [TEST_STEP][PASSED] - scrollToPosition(0, y): Browser is scrolled to position x = 0, y = 3000&#xD;
&#xD;
2019-08-12 18:03:59 - [MESSAGE][PASSED] - Browser is scrolled to position x = 0, y = 3000&#xD;
&#xD;
2019-08-12 18:03:59 - [TEST_STEP][PASSED] - Thread.sleep(3000): null&#xD;
&#xD;
2019-08-12 18:04:02 - [TEST_STEP][PASSED] - callTestCase(findTestCase("mobileWeb/_include/get_screenshot"), [:], STOP_ON_FAILURE): Call Test Case 'Test Cases/mobileWeb/_include/get_screenshot' successfully&#xD;
&#xD;
2019-08-12 18:04:02 - [TEST_CASE][PASSED] - Test Cases/mobileWeb/_include/get_screenshot: Test Cases/mobileWeb/_include/get_screenshot&#xD;
&#xD;
2019-08-12 18:04:02 - [TEST_STEP][PASSED] - takeScreenshot(screenPath + i + ".png"): Taking screenshot successfully&#xD;
&#xD;
2019-08-12 18:04:03 - [MESSAGE][PASSED] - Taking screenshot successfully&#xD;
[[ATTACHMENT|D:\\Test\\AgileTest\\AgileTest\\Reports\\mobileWeb\\plan detail\\20190812_173746\\../Screenshots/iPhone X/Plan Detail/stm_lifeshield advantage/20190812_180332/5.png]]&#xD;
&#xD;
2019-08-12 18:04:03 - [TEST_STEP][PASSED] - (internal.GlobalVariable.i++): null&#xD;
&#xD;
2019-08-12 18:04:03 - [MESSAGE][PASSED] - Call Test Case 'Test Cases/mobileWeb/_include/get_screenshot' successfully&#xD;
&#xD;
2019-08-12 18:04:03 - [TEST_STEP][PASSED] - scrollToPosition(0, y): Browser is scrolled to position x = 0, y = 3600&#xD;
&#xD;
2019-08-12 18:04:03 - [MESSAGE][PASSED] - Browser is scrolled to position x = 0, y = 3600&#xD;
&#xD;
2019-08-12 18:04:03 - [TEST_STEP][PASSED] - Thread.sleep(3000): null&#xD;
&#xD;
2019-08-12 18:04:06 - [TEST_STEP][PASSED] - callTestCase(findTestCase("mobileWeb/_include/get_screenshot"), [:], STOP_ON_FAILURE): Call Test Case 'Test Cases/mobileWeb/_include/get_screenshot' successfully&#xD;
&#xD;
2019-08-12 18:04:06 - [TEST_CASE][PASSED] - Test Cases/mobileWeb/_include/get_screenshot: Test Cases/mobileWeb/_include/get_screenshot&#xD;
&#xD;
2019-08-12 18:04:06 - [TEST_STEP][PASSED] - takeScreenshot(screenPath + i + ".png"): Taking screenshot successfully&#xD;
&#xD;
2019-08-12 18:04:06 - [MESSAGE][PASSED] - Taking screenshot successfully&#xD;
[[ATTACHMENT|D:\\Test\\AgileTest\\AgileTest\\Reports\\mobileWeb\\plan detail\\20190812_173746\\../Screenshots/iPhone X/Plan Detail/stm_lifeshield advantage/20190812_180332/6.png]]&#xD;
&#xD;
2019-08-12 18:04:06 - [TEST_STEP][PASSED] - (internal.GlobalVariable.i++): null&#xD;
&#xD;
2019-08-12 18:04:06 - [MESSAGE][PASSED] - Call Test Case 'Test Cases/mobileWeb/_include/get_screenshot' successfully&#xD;
&#xD;
2019-08-12 18:04:06 - [TEST_STEP][PASSED] - scrollToPosition(0, y): Browser is scrolled to position x = 0, y = 4200&#xD;
&#xD;
2019-08-12 18:04:06 - [MESSAGE][PASSED] - Browser is scrolled to position x = 0, y = 4200&#xD;
&#xD;
2019-08-12 18:04:06 - [TEST_STEP][PASSED] - Thread.sleep(3000): null&#xD;
&#xD;
2019-08-12 18:04:09 - [TEST_STEP][PASSED] - callTestCase(findTestCase("mobileWeb/_include/get_screenshot"), [:], STOP_ON_FAILURE): Call Test Case 'Test Cases/mobileWeb/_include/get_screenshot' successfully&#xD;
&#xD;
2019-08-12 18:04:09 - [TEST_CASE][PASSED] - Test Cases/mobileWeb/_include/get_screenshot: Test Cases/mobileWeb/_include/get_screenshot&#xD;
&#xD;
2019-08-12 18:04:09 - [TEST_STEP][PASSED] - takeScreenshot(screenPath + i + ".png"): Taking screenshot successfully&#xD;
&#xD;
2019-08-12 18:04:10 - [MESSAGE][PASSED] - Taking screenshot successfully&#xD;
[[ATTACHMENT|D:\\Test\\AgileTest\\AgileTest\\Reports\\mobileWeb\\plan detail\\20190812_173746\\../Screenshots/iPhone X/Plan Detail/stm_lifeshield advantage/20190812_180332/7.png]]&#xD;
&#xD;
2019-08-12 18:04:10 - [TEST_STEP][PASSED] - (internal.GlobalVariable.i++): null&#xD;
&#xD;
2019-08-12 18:04:10 - [MESSAGE][PASSED] - Call Test Case 'Test Cases/mobileWeb/_include/get_screenshot' successfully&#xD;
&#xD;
2019-08-12 18:04:10 - [TEST_STEP][PASSED] - scrollToPosition(0, y): Browser is scrolled to position x = 0, y = 4800&#xD;
&#xD;
2019-08-12 18:04:10 - [MESSAGE][PASSED] - Browser is scrolled to position x = 0, y = 4800&#xD;
&#xD;
2019-08-12 18:04:10 - [TEST_STEP][PASSED] - Thread.sleep(3000): null&#xD;
&#xD;
2019-08-12 18:04:13 - [TEST_STEP][PASSED] - callTestCase(findTestCase("mobileWeb/_include/get_screenshot"), [:], STOP_ON_FAILURE): Call Test Case 'Test Cases/mobileWeb/_include/get_screenshot' successfully&#xD;
&#xD;
2019-08-12 18:04:13 - [TEST_CASE][PASSED] - Test Cases/mobileWeb/_include/get_screenshot: Test Cases/mobileWeb/_include/get_screenshot&#xD;
&#xD;
2019-08-12 18:04:13 - [TEST_STEP][PASSED] - takeScreenshot(screenPath + i + ".png"): Taking screenshot successfully&#xD;
&#xD;
2019-08-12 18:04:14 - [MESSAGE][PASSED] - Taking screenshot successfully&#xD;
[[ATTACHMENT|D:\\Test\\AgileTest\\AgileTest\\Reports\\mobileWeb\\plan detail\\20190812_173746\\../Screenshots/iPhone X/Plan Detail/stm_lifeshield advantage/20190812_180332/8.png]]&#xD;
&#xD;
2019-08-12 18:04:14 - [TEST_STEP][PASSED] - (internal.GlobalVariable.i++): null&#xD;
&#xD;
2019-08-12 18:04:14 - [MESSAGE][PASSED] - Call Test Case 'Test Cases/mobileWeb/_include/get_screenshot' successfully&#xD;
&#xD;
2019-08-12 18:04:14 - [TEST_STEP][PASSED] - scrollToPosition(0, y): Browser is scrolled to position x = 0, y = 5400&#xD;
&#xD;
2019-08-12 18:04:14 - [MESSAGE][PASSED] - Browser is scrolled to position x = 0, y = 5400&#xD;
&#xD;
2019-08-12 18:04:14 - [TEST_STEP][PASSED] - Thread.sleep(3000): null&#xD;
&#xD;
2019-08-12 18:04:17 - [TEST_STEP][PASSED] - callTestCase(findTestCase("mobileWeb/_include/get_screenshot"), [:], STOP_ON_FAILURE): Call Test Case 'Test Cases/mobileWeb/_include/get_screenshot' successfully&#xD;
&#xD;
2019-08-12 18:04:17 - [TEST_CASE][PASSED] - Test Cases/mobileWeb/_include/get_screenshot: Test Cases/mobileWeb/_include/get_screenshot&#xD;
&#xD;
2019-08-12 18:04:17 - [TEST_STEP][PASSED] - takeScreenshot(screenPath + i + ".png"): Taking screenshot successfully&#xD;
&#xD;
2019-08-12 18:04:18 - [MESSAGE][PASSED] - Taking screenshot successfully&#xD;
[[ATTACHMENT|D:\\Test\\AgileTest\\AgileTest\\Reports\\mobileWeb\\plan detail\\20190812_173746\\../Screenshots/iPhone X/Plan Detail/stm_lifeshield advantage/20190812_180332/9.png]]&#xD;
&#xD;
2019-08-12 18:04:18 - [TEST_STEP][PASSED] - (internal.GlobalVariable.i++): null&#xD;
&#xD;
2019-08-12 18:04:18 - [MESSAGE][PASSED] - Call Test Case 'Test Cases/mobileWeb/_include/get_screenshot' successfully&#xD;
&#xD;
2019-08-12 18:04:18 - [TEST_STEP][PASSED] - scrollToPosition(0, y): Browser is scrolled to position x = 0, y = 6000&#xD;
&#xD;
2019-08-12 18:04:18 - [MESSAGE][PASSED] - Browser is scrolled to position x = 0, y = 6000&#xD;
&#xD;
2019-08-12 18:04:18 - [TEST_STEP][PASSED] - Thread.sleep(3000): null&#xD;
&#xD;
2019-08-12 18:04:21 - [TEST_STEP][PASSED] - callTestCase(findTestCase("mobileWeb/_include/get_screenshot"), [:], STOP_ON_FAILURE): Call Test Case 'Test Cases/mobileWeb/_include/get_screenshot' successfully&#xD;
&#xD;
2019-08-12 18:04:21 - [TEST_CASE][PASSED] - Test Cases/mobileWeb/_include/get_screenshot: Test Cases/mobileWeb/_include/get_screenshot&#xD;
&#xD;
2019-08-12 18:04:21 - [TEST_STEP][PASSED] - takeScreenshot(screenPath + i + ".png"): Taking screenshot successfully&#xD;
&#xD;
2019-08-12 18:04:22 - [MESSAGE][PASSED] - Taking screenshot successfully&#xD;
[[ATTACHMENT|D:\\Test\\AgileTest\\AgileTest\\Reports\\mobileWeb\\plan detail\\20190812_173746\\../Screenshots/iPhone X/Plan Detail/stm_lifeshield advantage/20190812_180332/10.png]]&#xD;
&#xD;
2019-08-12 18:04:22 - [TEST_STEP][PASSED] - (internal.GlobalVariable.i++): null&#xD;
&#xD;
2019-08-12 18:04:22 - [MESSAGE][PASSED] - Call Test Case 'Test Cases/mobileWeb/_include/get_screenshot' successfully&#xD;
&#xD;
2019-08-12 18:04:22 - [TEST_STEP][PASSED] - scrollToPosition(0, y): Browser is scrolled to position x = 0, y = 6600&#xD;
&#xD;
2019-08-12 18:04:22 - [MESSAGE][PASSED] - Browser is scrolled to position x = 0, y = 6600&#xD;
&#xD;
2019-08-12 18:04:22 - [TEST_STEP][PASSED] - Thread.sleep(3000): null&#xD;
&#xD;
2019-08-12 18:04:25 - [TEST_STEP][PASSED] - callTestCase(findTestCase("mobileWeb/_include/get_screenshot"), [:], STOP_ON_FAILURE): Call Test Case 'Test Cases/mobileWeb/_include/get_screenshot' successfully&#xD;
&#xD;
2019-08-12 18:04:25 - [TEST_CASE][PASSED] - Test Cases/mobileWeb/_include/get_screenshot: Test Cases/mobileWeb/_include/get_screenshot&#xD;
&#xD;
2019-08-12 18:04:25 - [TEST_STEP][PASSED] - takeScreenshot(screenPath + i + ".png"): Taking screenshot successfully&#xD;
&#xD;
2019-08-12 18:04:25 - [MESSAGE][PASSED] - Taking screenshot successfully&#xD;
[[ATTACHMENT|D:\\Test\\AgileTest\\AgileTest\\Reports\\mobileWeb\\plan detail\\20190812_173746\\../Screenshots/iPhone X/Plan Detail/stm_lifeshield advantage/20190812_180332/11.png]]&#xD;
&#xD;
2019-08-12 18:04:25 - [TEST_STEP][PASSED] - (internal.GlobalVariable.i++): null&#xD;
&#xD;
2019-08-12 18:04:25 - [MESSAGE][PASSED] - Call Test Case 'Test Cases/mobileWeb/_include/get_screenshot' successfully&#xD;
&#xD;
2019-08-12 18:04:25 - [TEST_STEP][PASSED] - scrollToPosition(0, y): Browser is scrolled to position x = 0, y = 7200&#xD;
&#xD;
2019-08-12 18:04:25 - [MESSAGE][PASSED] - Browser is scrolled to position x = 0, y = 7200&#xD;
&#xD;
2019-08-12 18:04:25 - [TEST_STEP][PASSED] - Thread.sleep(3000): null&#xD;
&#xD;
2019-08-12 18:04:28 - [TEST_STEP][PASSED] - callTestCase(findTestCase("mobileWeb/_include/get_screenshot"), [:], STOP_ON_FAILURE): Call Test Case 'Test Cases/mobileWeb/_include/get_screenshot' successfully&#xD;
&#xD;
2019-08-12 18:04:28 - [TEST_CASE][PASSED] - Test Cases/mobileWeb/_include/get_screenshot: Test Cases/mobileWeb/_include/get_screenshot&#xD;
&#xD;
2019-08-12 18:04:28 - [TEST_STEP][PASSED] - takeScreenshot(screenPath + i + ".png"): Taking screenshot successfully&#xD;
&#xD;
2019-08-12 18:04:29 - [MESSAGE][PASSED] - Taking screenshot successfully&#xD;
[[ATTACHMENT|D:\\Test\\AgileTest\\AgileTest\\Reports\\mobileWeb\\plan detail\\20190812_173746\\../Screenshots/iPhone X/Plan Detail/stm_lifeshield advantage/20190812_180332/12.png]]&#xD;
&#xD;
2019-08-12 18:04:29 - [TEST_STEP][PASSED] - (internal.GlobalVariable.i++): null&#xD;
&#xD;
2019-08-12 18:04:29 - [MESSAGE][PASSED] - Call Test Case 'Test Cases/mobileWeb/_include/get_screenshot' successfully&#xD;
&#xD;
2019-08-12 18:04:29 - [TEST_STEP][PASSED] - scrollToPosition(0, y): Browser is scrolled to position x = 0, y = 7800&#xD;
&#xD;
2019-08-12 18:04:29 - [MESSAGE][PASSED] - Browser is scrolled to position x = 0, y = 7800&#xD;
&#xD;
2019-08-12 18:04:29 - [TEST_STEP][PASSED] - Thread.sleep(3000): null&#xD;
&#xD;
2019-08-12 18:04:32 - [TEST_STEP][PASSED] - callTestCase(findTestCase("mobileWeb/_include/get_screenshot"), [:], STOP_ON_FAILURE): Call Test Case 'Test Cases/mobileWeb/_include/get_screenshot' successfully&#xD;
&#xD;
2019-08-12 18:04:32 - [TEST_CASE][PASSED] - Test Cases/mobileWeb/_include/get_screenshot: Test Cases/mobileWeb/_include/get_screenshot&#xD;
&#xD;
2019-08-12 18:04:32 - [TEST_STEP][PASSED] - takeScreenshot(screenPath + i + ".png"): Taking screenshot successfully&#xD;
&#xD;
2019-08-12 18:04:33 - [MESSAGE][PASSED] - Taking screenshot successfully&#xD;
[[ATTACHMENT|D:\\Test\\AgileTest\\AgileTest\\Reports\\mobileWeb\\plan detail\\20190812_173746\\../Screenshots/iPhone X/Plan Detail/stm_lifeshield advantage/20190812_180332/13.png]]&#xD;
&#xD;
2019-08-12 18:04:33 - [TEST_STEP][PASSED] - (internal.GlobalVariable.i++): null&#xD;
&#xD;
2019-08-12 18:04:33 - [MESSAGE][PASSED] - Call Test Case 'Test Cases/mobileWeb/_include/get_screenshot' successfully&#xD;
&#xD;
2019-08-12 18:04:33 - [TEST_STEP][PASSED] - scrollToPosition(0, y): Browser is scrolled to position x = 0, y = 8400&#xD;
&#xD;
2019-08-12 18:04:33 - [MESSAGE][PASSED] - Browser is scrolled to position x = 0, y = 8400&#xD;
&#xD;
2019-08-12 18:04:33 - [TEST_STEP][PASSED] - Thread.sleep(3000): null&#xD;
&#xD;
2019-08-12 18:04:36 - [TEST_STEP][PASSED] - callTestCase(findTestCase("mobileWeb/_include/get_screenshot"), [:], STOP_ON_FAILURE): Call Test Case 'Test Cases/mobileWeb/_include/get_screenshot' successfully&#xD;
&#xD;
2019-08-12 18:04:36 - [TEST_CASE][PASSED] - Test Cases/mobileWeb/_include/get_screenshot: Test Cases/mobileWeb/_include/get_screenshot&#xD;
&#xD;
2019-08-12 18:04:36 - [TEST_STEP][PASSED] - takeScreenshot(screenPath + i + ".png"): Taking screenshot successfully&#xD;
&#xD;
2019-08-12 18:04:37 - [MESSAGE][PASSED] - Taking screenshot successfully&#xD;
[[ATTACHMENT|D:\\Test\\AgileTest\\AgileTest\\Reports\\mobileWeb\\plan detail\\20190812_173746\\../Screenshots/iPhone X/Plan Detail/stm_lifeshield advantage/20190812_180332/14.png]]&#xD;
&#xD;
2019-08-12 18:04:37 - [TEST_STEP][PASSED] - (internal.GlobalVariable.i++): null&#xD;
&#xD;
2019-08-12 18:04:37 - [MESSAGE][PASSED] - Call Test Case 'Test Cases/mobileWeb/_include/get_screenshot' successfully&#xD;
&#xD;
2019-08-12 18:04:37 - [TEST_STEP][PASSED] - scrollToPosition(0, y): Browser is scrolled to position x = 0, y = 9000&#xD;
&#xD;
2019-08-12 18:04:37 - [MESSAGE][PASSED] - Browser is scrolled to position x = 0, y = 9000&#xD;
&#xD;
2019-08-12 18:04:37 - [TEST_STEP][PASSED] - Thread.sleep(3000): null&#xD;
&#xD;
2019-08-12 18:04:40 - [TEST_STEP][PASSED] - callTestCase(findTestCase("mobileWeb/_include/get_screenshot"), [:], STOP_ON_FAILURE): Call Test Case 'Test Cases/mobileWeb/_include/get_screenshot' successfully&#xD;
&#xD;
2019-08-12 18:04:40 - [TEST_CASE][PASSED] - Test Cases/mobileWeb/_include/get_screenshot: Test Cases/mobileWeb/_include/get_screenshot&#xD;
&#xD;
2019-08-12 18:04:40 - [TEST_STEP][PASSED] - takeScreenshot(screenPath + i + ".png"): Taking screenshot successfully&#xD;
&#xD;
2019-08-12 18:04:41 - [MESSAGE][PASSED] - Taking screenshot successfully&#xD;
[[ATTACHMENT|D:\\Test\\AgileTest\\AgileTest\\Reports\\mobileWeb\\plan detail\\20190812_173746\\../Screenshots/iPhone X/Plan Detail/stm_lifeshield advantage/20190812_180332/15.png]]&#xD;
&#xD;
2019-08-12 18:04:41 - [TEST_STEP][PASSED] - (internal.GlobalVariable.i++): null&#xD;
&#xD;
2019-08-12 18:04:41 - [MESSAGE][PASSED] - Call Test Case 'Test Cases/mobileWeb/_include/get_screenshot' successfully&#xD;
&#xD;
2019-08-12 18:04:41 - [TEST_STEP][PASSED] - scrollToPosition(0, y): Browser is scrolled to position x = 0, y = 9600&#xD;
&#xD;
2019-08-12 18:04:41 - [MESSAGE][PASSED] - Browser is scrolled to position x = 0, y = 9600&#xD;
&#xD;
2019-08-12 18:04:41 - [TEST_STEP][PASSED] - Thread.sleep(3000): null&#xD;
&#xD;
2019-08-12 18:04:44 - [TEST_STEP][PASSED] - callTestCase(findTestCase("mobileWeb/_include/get_screenshot"), [:], STOP_ON_FAILURE): Call Test Case 'Test Cases/mobileWeb/_include/get_screenshot' successfully&#xD;
&#xD;
2019-08-12 18:04:44 - [TEST_CASE][PASSED] - Test Cases/mobileWeb/_include/get_screenshot: Test Cases/mobileWeb/_include/get_screenshot&#xD;
&#xD;
2019-08-12 18:04:44 - [TEST_STEP][PASSED] - takeScreenshot(screenPath + i + ".png"): Taking screenshot successfully&#xD;
&#xD;
2019-08-12 18:04:44 - [MESSAGE][PASSED] - Taking screenshot successfully&#xD;
[[ATTACHMENT|D:\\Test\\AgileTest\\AgileTest\\Reports\\mobileWeb\\plan detail\\20190812_173746\\../Screenshots/iPhone X/Plan Detail/stm_lifeshield advantage/20190812_180332/16.png]]&#xD;
&#xD;
2019-08-12 18:04:44 - [TEST_STEP][PASSED] - (internal.GlobalVariable.i++): null&#xD;
&#xD;
2019-08-12 18:04:44 - [MESSAGE][PASSED] - Call Test Case 'Test Cases/mobileWeb/_include/get_screenshot' successfully&#xD;
&#xD;
2019-08-12 18:04:44 - [TEST_STEP][PASSED] - scrollToPosition(0, y): Browser is scrolled to position x = 0, y = 10200&#xD;
&#xD;
2019-08-12 18:04:44 - [MESSAGE][PASSED] - Browser is scrolled to position x = 0, y = 10200&#xD;
&#xD;
2019-08-12 18:04:44 - [TEST_STEP][PASSED] - Thread.sleep(3000): null&#xD;
&#xD;
2019-08-12 18:04:47 - [TEST_STEP][PASSED] - callTestCase(findTestCase("mobileWeb/_include/get_screenshot"), [:], STOP_ON_FAILURE): Call Test Case 'Test Cases/mobileWeb/_include/get_screenshot' successfully&#xD;
&#xD;
2019-08-12 18:04:47 - [TEST_CASE][PASSED] - Test Cases/mobileWeb/_include/get_screenshot: Test Cases/mobileWeb/_include/get_screenshot&#xD;
&#xD;
2019-08-12 18:04:48 - [TEST_STEP][PASSED] - takeScreenshot(screenPath + i + ".png"): Taking screenshot successfully&#xD;
&#xD;
2019-08-12 18:04:48 - [MESSAGE][PASSED] - Taking screenshot successfully&#xD;
[[ATTACHMENT|D:\\Test\\AgileTest\\AgileTest\\Reports\\mobileWeb\\plan detail\\20190812_173746\\../Screenshots/iPhone X/Plan Detail/stm_lifeshield advantage/20190812_180332/17.png]]&#xD;
&#xD;
2019-08-12 18:04:48 - [TEST_STEP][PASSED] - (internal.GlobalVariable.i++): null&#xD;
&#xD;
2019-08-12 18:04:48 - [MESSAGE][PASSED] - Call Test Case 'Test Cases/mobileWeb/_include/get_screenshot' successfully&#xD;
&#xD;
2019-08-12 18:04:48 - [TEST_STEP][PASSED] - scrollToPosition(0, y): Browser is scrolled to position x = 0, y = 10800&#xD;
&#xD;
2019-08-12 18:04:48 - [MESSAGE][PASSED] - Browser is scrolled to position x = 0, y = 10800&#xD;
&#xD;
2019-08-12 18:04:48 - [TEST_STEP][PASSED] - Thread.sleep(3000): null&#xD;
&#xD;
2019-08-12 18:04:51 - [TEST_STEP][PASSED] - callTestCase(findTestCase("mobileWeb/_include/get_screenshot"), [:], STOP_ON_FAILURE): Call Test Case 'Test Cases/mobileWeb/_include/get_screenshot' successfully&#xD;
&#xD;
2019-08-12 18:04:51 - [TEST_CASE][PASSED] - Test Cases/mobileWeb/_include/get_screenshot: Test Cases/mobileWeb/_include/get_screenshot&#xD;
&#xD;
2019-08-12 18:04:51 - [TEST_STEP][PASSED] - takeScreenshot(screenPath + i + ".png"): Taking screenshot successfully&#xD;
&#xD;
2019-08-12 18:04:52 - [MESSAGE][PASSED] - Taking screenshot successfully&#xD;
[[ATTACHMENT|D:\\Test\\AgileTest\\AgileTest\\Reports\\mobileWeb\\plan detail\\20190812_173746\\../Screenshots/iPhone X/Plan Detail/stm_lifeshield advantage/20190812_180332/18.png]]&#xD;
&#xD;
2019-08-12 18:04:52 - [TEST_STEP][PASSED] - (internal.GlobalVariable.i++): null&#xD;
&#xD;
2019-08-12 18:04:52 - [MESSAGE][PASSED] - Call Test Case 'Test Cases/mobileWeb/_include/get_screenshot' successfully&#xD;
&#xD;
2019-08-12 18:04:52 - [TEST_STEP][PASSED] - scrollToPosition(0, y): Browser is scrolled to position x = 0, y = 11400&#xD;
&#xD;
2019-08-12 18:04:52 - [MESSAGE][PASSED] - Browser is scrolled to position x = 0, y = 11400&#xD;
&#xD;
2019-08-12 18:04:52 - [TEST_STEP][PASSED] - Thread.sleep(3000): null&#xD;
&#xD;
2019-08-12 18:04:55 - [TEST_STEP][PASSED] - callTestCase(findTestCase("mobileWeb/_include/get_screenshot"), [:], STOP_ON_FAILURE): Call Test Case 'Test Cases/mobileWeb/_include/get_screenshot' successfully&#xD;
&#xD;
2019-08-12 18:04:55 - [TEST_CASE][PASSED] - Test Cases/mobileWeb/_include/get_screenshot: Test Cases/mobileWeb/_include/get_screenshot&#xD;
&#xD;
2019-08-12 18:04:55 - [TEST_STEP][PASSED] - takeScreenshot(screenPath + i + ".png"): Taking screenshot successfully&#xD;
&#xD;
2019-08-12 18:04:56 - [MESSAGE][PASSED] - Taking screenshot successfully&#xD;
[[ATTACHMENT|D:\\Test\\AgileTest\\AgileTest\\Reports\\mobileWeb\\plan detail\\20190812_173746\\../Screenshots/iPhone X/Plan Detail/stm_lifeshield advantage/20190812_180332/19.png]]&#xD;
&#xD;
2019-08-12 18:04:56 - [TEST_STEP][PASSED] - (internal.GlobalVariable.i++): null&#xD;
&#xD;
2019-08-12 18:04:56 - [MESSAGE][PASSED] - Call Test Case 'Test Cases/mobileWeb/_include/get_screenshot' successfully&#xD;
&#xD;
2019-08-12 18:04:56 - [TEST_STEP][PASSED] - scrollToPosition(0, y): Browser is scrolled to position x = 0, y = 12000&#xD;
&#xD;
2019-08-12 18:04:56 - [MESSAGE][PASSED] - Browser is scrolled to position x = 0, y = 12000&#xD;
&#xD;
2019-08-12 18:04:56 - [TEST_STEP][PASSED] - Thread.sleep(3000): null&#xD;
&#xD;
2019-08-12 18:04:59 - [TEST_STEP][PASSED] - callTestCase(findTestCase("mobileWeb/_include/get_screenshot"), [:], STOP_ON_FAILURE): Call Test Case 'Test Cases/mobileWeb/_include/get_screenshot' successfully&#xD;
&#xD;
2019-08-12 18:04:59 - [TEST_CASE][PASSED] - Test Cases/mobileWeb/_include/get_screenshot: Test Cases/mobileWeb/_include/get_screenshot&#xD;
&#xD;
2019-08-12 18:04:59 - [TEST_STEP][PASSED] - takeScreenshot(screenPath + i + ".png"): Taking screenshot successfully&#xD;
&#xD;
2019-08-12 18:05:00 - [MESSAGE][PASSED] - Taking screenshot successfully&#xD;
[[ATTACHMENT|D:\\Test\\AgileTest\\AgileTest\\Reports\\mobileWeb\\plan detail\\20190812_173746\\../Screenshots/iPhone X/Plan Detail/stm_lifeshield advantage/20190812_180332/20.png]]&#xD;
&#xD;
2019-08-12 18:05:00 - [TEST_STEP][PASSED] - (internal.GlobalVariable.i++): null&#xD;
&#xD;
2019-08-12 18:05:00 - [MESSAGE][PASSED] - Call Test Case 'Test Cases/mobileWeb/_include/get_screenshot' successfully&#xD;
&#xD;
2019-08-12 18:05:00 - [TEST_STEP][PASSED] - scrollToPosition(0, y): Browser is scrolled to position x = 0, y = 12600&#xD;
&#xD;
2019-08-12 18:05:00 - [MESSAGE][PASSED] - Browser is scrolled to position x = 0, y = 12600&#xD;
&#xD;
2019-08-12 18:05:00 - [TEST_STEP][PASSED] - Thread.sleep(3000): null&#xD;
&#xD;
2019-08-12 18:05:03 - [TEST_STEP][PASSED] - callTestCase(findTestCase("mobileWeb/_include/get_screenshot"), [:], STOP_ON_FAILURE): Call Test Case 'Test Cases/mobileWeb/_include/get_screenshot' successfully&#xD;
&#xD;
2019-08-12 18:05:03 - [TEST_CASE][PASSED] - Test Cases/mobileWeb/_include/get_screenshot: Test Cases/mobileWeb/_include/get_screenshot&#xD;
&#xD;
2019-08-12 18:05:03 - [TEST_STEP][PASSED] - takeScreenshot(screenPath + i + ".png"): Taking screenshot successfully&#xD;
&#xD;
2019-08-12 18:05:04 - [MESSAGE][PASSED] - Taking screenshot successfully&#xD;
[[ATTACHMENT|D:\\Test\\AgileTest\\AgileTest\\Reports\\mobileWeb\\plan detail\\20190812_173746\\../Screenshots/iPhone X/Plan Detail/stm_lifeshield advantage/20190812_180332/21.png]]&#xD;
&#xD;
2019-08-12 18:05:04 - [TEST_STEP][PASSED] - (internal.GlobalVariable.i++): null&#xD;
&#xD;
2019-08-12 18:05:04 - [MESSAGE][PASSED] - Call Test Case 'Test Cases/mobileWeb/_include/get_screenshot' successfully&#xD;
&#xD;
2019-08-12 18:05:04 - [TEST_STEP][PASSED] - scrollToPosition(0, y): Browser is scrolled to position x = 0, y = 13200&#xD;
&#xD;
2019-08-12 18:05:04 - [MESSAGE][PASSED] - Browser is scrolled to position x = 0, y = 13200&#xD;
&#xD;
2019-08-12 18:05:04 - [TEST_STEP][PASSED] - Thread.sleep(3000): null&#xD;
&#xD;
2019-08-12 18:05:07 - [TEST_STEP][PASSED] - callTestCase(findTestCase("mobileWeb/_include/get_screenshot"), [:], STOP_ON_FAILURE): Call Test Case 'Test Cases/mobileWeb/_include/get_screenshot' successfully&#xD;
&#xD;
2019-08-12 18:05:07 - [TEST_CASE][PASSED] - Test Cases/mobileWeb/_include/get_screenshot: Test Cases/mobileWeb/_include/get_screenshot&#xD;
&#xD;
2019-08-12 18:05:07 - [TEST_STEP][PASSED] - takeScreenshot(screenPath + i + ".png"): Taking screenshot successfully&#xD;
&#xD;
2019-08-12 18:05:07 - [MESSAGE][PASSED] - Taking screenshot successfully&#xD;
[[ATTACHMENT|D:\\Test\\AgileTest\\AgileTest\\Reports\\mobileWeb\\plan detail\\20190812_173746\\../Screenshots/iPhone X/Plan Detail/stm_lifeshield advantage/20190812_180332/22.png]]&#xD;
&#xD;
2019-08-12 18:05:07 - [TEST_STEP][PASSED] - (internal.GlobalVariable.i++): null&#xD;
&#xD;
2019-08-12 18:05:07 - [MESSAGE][PASSED] - Call Test Case 'Test Cases/mobileWeb/_include/get_screenshot' successfully&#xD;
&#xD;
2019-08-12 18:05:07 - [TEST_STEP][PASSED] - scrollToPosition(0, y): Browser is scrolled to position x = 0, y = 13800&#xD;
&#xD;
2019-08-12 18:05:07 - [MESSAGE][PASSED] - Browser is scrolled to position x = 0, y = 13800&#xD;
&#xD;
2019-08-12 18:05:07 - [TEST_STEP][PASSED] - Thread.sleep(3000): null&#xD;
&#xD;
2019-08-12 18:05:10 - [TEST_STEP][PASSED] - callTestCase(findTestCase("mobileWeb/_include/get_screenshot"), [:], STOP_ON_FAILURE): Call Test Case 'Test Cases/mobileWeb/_include/get_screenshot' successfully&#xD;
&#xD;
2019-08-12 18:05:10 - [TEST_CASE][PASSED] - Test Cases/mobileWeb/_include/get_screenshot: Test Cases/mobileWeb/_include/get_screenshot&#xD;
&#xD;
2019-08-12 18:05:10 - [TEST_STEP][PASSED] - takeScreenshot(screenPath + i + ".png"): Taking screenshot successfully&#xD;
&#xD;
2019-08-12 18:05:11 - [MESSAGE][PASSED] - Taking screenshot successfully&#xD;
[[ATTACHMENT|D:\\Test\\AgileTest\\AgileTest\\Reports\\mobileWeb\\plan detail\\20190812_173746\\../Screenshots/iPhone X/Plan Detail/stm_lifeshield advantage/20190812_180332/23.png]]&#xD;
&#xD;
2019-08-12 18:05:11 - [TEST_STEP][PASSED] - (internal.GlobalVariable.i++): null&#xD;
&#xD;
2019-08-12 18:05:11 - [MESSAGE][PASSED] - Call Test Case 'Test Cases/mobileWeb/_include/get_screenshot' successfully&#xD;
&#xD;
2019-08-12 18:05:11 - [TEST_STEP][PASSED] - scrollToPosition(0, y): Browser is scrolled to position x = 0, y = 14400&#xD;
&#xD;
2019-08-12 18:05:11 - [MESSAGE][PASSED] - Browser is scrolled to position x = 0, y = 14400&#xD;
&#xD;
2019-08-12 18:05:11 - [TEST_STEP][PASSED] - Thread.sleep(3000): null&#xD;
&#xD;
2019-08-12 18:05:14 - [TEST_STEP][PASSED] - callTestCase(findTestCase("mobileWeb/_include/get_screenshot"), [:], STOP_ON_FAILURE): Call Test Case 'Test Cases/mobileWeb/_include/get_screenshot' successfully&#xD;
&#xD;
2019-08-12 18:05:14 - [TEST_CASE][PASSED] - Test Cases/mobileWeb/_include/get_screenshot: Test Cases/mobileWeb/_include/get_screenshot&#xD;
&#xD;
2019-08-12 18:05:14 - [TEST_STEP][PASSED] - takeScreenshot(screenPath + i + ".png"): Taking screenshot successfully&#xD;
&#xD;
2019-08-12 18:05:15 - [MESSAGE][PASSED] - Taking screenshot successfully&#xD;
[[ATTACHMENT|D:\\Test\\AgileTest\\AgileTest\\Reports\\mobileWeb\\plan detail\\20190812_173746\\../Screenshots/iPhone X/Plan Detail/stm_lifeshield advantage/20190812_180332/24.png]]&#xD;
&#xD;
2019-08-12 18:05:15 - [TEST_STEP][PASSED] - (internal.GlobalVariable.i++): null&#xD;
&#xD;
2019-08-12 18:05:15 - [MESSAGE][PASSED] - Call Test Case 'Test Cases/mobileWeb/_include/get_screenshot' successfully&#xD;
&#xD;
2019-08-12 18:05:15 - [TEST_STEP][PASSED] - scrollToPosition(0, y): Browser is scrolled to position x = 0, y = 15000&#xD;
&#xD;
2019-08-12 18:05:15 - [MESSAGE][PASSED] - Browser is scrolled to position x = 0, y = 15000&#xD;
&#xD;
2019-08-12 18:05:15 - [TEST_STEP][PASSED] - Thread.sleep(3000): null&#xD;
&#xD;
2019-08-12 18:05:18 - [TEST_STEP][PASSED] - callTestCase(findTestCase("mobileWeb/_include/get_screenshot"), [:], STOP_ON_FAILURE): Call Test Case 'Test Cases/mobileWeb/_include/get_screenshot' successfully&#xD;
&#xD;
2019-08-12 18:05:18 - [TEST_CASE][PASSED] - Test Cases/mobileWeb/_include/get_screenshot: Test Cases/mobileWeb/_include/get_screenshot&#xD;
&#xD;
2019-08-12 18:05:18 - [TEST_STEP][PASSED] - takeScreenshot(screenPath + i + ".png"): Taking screenshot successfully&#xD;
&#xD;
2019-08-12 18:05:19 - [MESSAGE][PASSED] - Taking screenshot successfully&#xD;
[[ATTACHMENT|D:\\Test\\AgileTest\\AgileTest\\Reports\\mobileWeb\\plan detail\\20190812_173746\\../Screenshots/iPhone X/Plan Detail/stm_lifeshield advantage/20190812_180332/25.png]]&#xD;
&#xD;
2019-08-12 18:05:19 - [TEST_STEP][PASSED] - (internal.GlobalVariable.i++): null&#xD;
&#xD;
2019-08-12 18:05:19 - [MESSAGE][PASSED] - Call Test Case 'Test Cases/mobileWeb/_include/get_screenshot' successfully&#xD;
&#xD;
2019-08-12 18:05:19 - [TEST_STEP][PASSED] - scrollToPosition(0, y): Browser is scrolled to position x = 0, y = 15600&#xD;
&#xD;
2019-08-12 18:05:19 - [MESSAGE][PASSED] - Browser is scrolled to position x = 0, y = 15600&#xD;
&#xD;
2019-08-12 18:05:19 - [TEST_STEP][PASSED] - Thread.sleep(3000): null&#xD;
&#xD;
2019-08-12 18:05:22 - [TEST_STEP][PASSED] - callTestCase(findTestCase("mobileWeb/_include/get_screenshot"), [:], STOP_ON_FAILURE): Call Test Case 'Test Cases/mobileWeb/_include/get_screenshot' successfully&#xD;
&#xD;
2019-08-12 18:05:22 - [TEST_CASE][PASSED] - Test Cases/mobileWeb/_include/get_screenshot: Test Cases/mobileWeb/_include/get_screenshot&#xD;
&#xD;
2019-08-12 18:05:22 - [TEST_STEP][PASSED] - takeScreenshot(screenPath + i + ".png"): Taking screenshot successfully&#xD;
&#xD;
2019-08-12 18:05:23 - [MESSAGE][PASSED] - Taking screenshot successfully&#xD;
[[ATTACHMENT|D:\\Test\\AgileTest\\AgileTest\\Reports\\mobileWeb\\plan detail\\20190812_173746\\../Screenshots/iPhone X/Plan Detail/stm_lifeshield advantage/20190812_180332/26.png]]&#xD;
&#xD;
2019-08-12 18:05:23 - [TEST_STEP][PASSED] - (internal.GlobalVariable.i++): null&#xD;
&#xD;
2019-08-12 18:05:23 - [MESSAGE][PASSED] - Call Test Case 'Test Cases/mobileWeb/_include/get_screenshot' successfully&#xD;
&#xD;
2019-08-12 18:05:23 - [TEST_STEP][PASSED] - scrollToPosition(0, y): Browser is scrolled to position x = 0, y = 16200&#xD;
&#xD;
2019-08-12 18:05:23 - [MESSAGE][PASSED] - Browser is scrolled to position x = 0, y = 16200&#xD;
&#xD;
2019-08-12 18:05:23 - [TEST_STEP][PASSED] - Thread.sleep(3000): null&#xD;
&#xD;
2019-08-12 18:05:26 - [TEST_STEP][PASSED] - callTestCase(findTestCase("mobileWeb/_include/get_screenshot"), [:], STOP_ON_FAILURE): Call Test Case 'Test Cases/mobileWeb/_include/get_screenshot' successfully&#xD;
&#xD;
2019-08-12 18:05:26 - [TEST_CASE][PASSED] - Test Cases/mobileWeb/_include/get_screenshot: Test Cases/mobileWeb/_include/get_screenshot&#xD;
&#xD;
2019-08-12 18:05:26 - [TEST_STEP][PASSED] - takeScreenshot(screenPath + i + ".png"): Taking screenshot successfully&#xD;
&#xD;
2019-08-12 18:05:26 - [MESSAGE][PASSED] - Taking screenshot successfully&#xD;
[[ATTACHMENT|D:\\Test\\AgileTest\\AgileTest\\Reports\\mobileWeb\\plan detail\\20190812_173746\\../Screenshots/iPhone X/Plan Detail/stm_lifeshield advantage/20190812_180332/27.png]]&#xD;
&#xD;
2019-08-12 18:05:26 - [TEST_STEP][PASSED] - (internal.GlobalVariable.i++): null&#xD;
&#xD;
2019-08-12 18:05:26 - [MESSAGE][PASSED] - Call Test Case 'Test Cases/mobileWeb/_include/get_screenshot' successfully&#xD;
&#xD;
2019-08-12 18:05:26 - [TEST_STEP][PASSED] - scrollToPosition(0, y): Browser is scrolled to position x = 0, y = 16800&#xD;
&#xD;
2019-08-12 18:05:26 - [MESSAGE][PASSED] - Browser is scrolled to position x = 0, y = 16800&#xD;
&#xD;
2019-08-12 18:05:26 - [TEST_STEP][PASSED] - Thread.sleep(3000): null&#xD;
&#xD;
2019-08-12 18:05:29 - [TEST_STEP][PASSED] - callTestCase(findTestCase("mobileWeb/_include/get_screenshot"), [:], STOP_ON_FAILURE): Call Test Case 'Test Cases/mobileWeb/_include/get_screenshot' successfully&#xD;
&#xD;
2019-08-12 18:05:29 - [TEST_CASE][PASSED] - Test Cases/mobileWeb/_include/get_screenshot: Test Cases/mobileWeb/_include/get_screenshot&#xD;
&#xD;
2019-08-12 18:05:29 - [TEST_STEP][PASSED] - takeScreenshot(screenPath + i + ".png"): Taking screenshot successfully&#xD;
&#xD;
2019-08-12 18:05:30 - [MESSAGE][PASSED] - Taking screenshot successfully&#xD;
[[ATTACHMENT|D:\\Test\\AgileTest\\AgileTest\\Reports\\mobileWeb\\plan detail\\20190812_173746\\../Screenshots/iPhone X/Plan Detail/stm_lifeshield advantage/20190812_180332/28.png]]&#xD;
&#xD;
2019-08-12 18:05:30 - [TEST_STEP][PASSED] - (internal.GlobalVariable.i++): null&#xD;
&#xD;
2019-08-12 18:05:30 - [MESSAGE][PASSED] - Call Test Case 'Test Cases/mobileWeb/_include/get_screenshot' successfully&#xD;
&#xD;
2019-08-12 18:05:30 - [TEST_STEP][PASSED] - scrollToPosition(0, y): Browser is scrolled to position x = 0, y = 17400&#xD;
&#xD;
2019-08-12 18:05:30 - [MESSAGE][PASSED] - Browser is scrolled to position x = 0, y = 17400&#xD;
&#xD;
2019-08-12 18:05:30 - [TEST_STEP][PASSED] - Thread.sleep(3000): null&#xD;
&#xD;
2019-08-12 18:05:33 - [TEST_STEP][PASSED] - callTestCase(findTestCase("mobileWeb/_include/get_screenshot"), [:], STOP_ON_FAILURE): Call Test Case 'Test Cases/mobileWeb/_include/get_screenshot' successfully&#xD;
&#xD;
2019-08-12 18:05:33 - [TEST_CASE][PASSED] - Test Cases/mobileWeb/_include/get_screenshot: Test Cases/mobileWeb/_include/get_screenshot&#xD;
&#xD;
2019-08-12 18:05:33 - [TEST_STEP][PASSED] - takeScreenshot(screenPath + i + ".png"): Taking screenshot successfully&#xD;
&#xD;
2019-08-12 18:05:34 - [MESSAGE][PASSED] - Taking screenshot successfully&#xD;
[[ATTACHMENT|D:\\Test\\AgileTest\\AgileTest\\Reports\\mobileWeb\\plan detail\\20190812_173746\\../Screenshots/iPhone X/Plan Detail/stm_lifeshield advantage/20190812_180332/29.png]]&#xD;
&#xD;
2019-08-12 18:05:34 - [TEST_STEP][PASSED] - (internal.GlobalVariable.i++): null&#xD;
&#xD;
2019-08-12 18:05:34 - [MESSAGE][PASSED] - Call Test Case 'Test Cases/mobileWeb/_include/get_screenshot' successfully&#xD;
&#xD;
2019-08-12 18:05:34 - [TEST_STEP][PASSED] - scrollToPosition(0, y): Browser is scrolled to position x = 0, y = 18000&#xD;
&#xD;
2019-08-12 18:05:34 - [MESSAGE][PASSED] - Browser is scrolled to position x = 0, y = 18000&#xD;
&#xD;
2019-08-12 18:05:34 - [TEST_STEP][PASSED] - Thread.sleep(3000): null&#xD;
&#xD;
2019-08-12 18:05:37 - [TEST_STEP][PASSED] - callTestCase(findTestCase("mobileWeb/_include/get_screenshot"), [:], STOP_ON_FAILURE): Call Test Case 'Test Cases/mobileWeb/_include/get_screenshot' successfully&#xD;
&#xD;
2019-08-12 18:05:37 - [TEST_CASE][PASSED] - Test Cases/mobileWeb/_include/get_screenshot: Test Cases/mobileWeb/_include/get_screenshot&#xD;
&#xD;
2019-08-12 18:05:37 - [TEST_STEP][PASSED] - takeScreenshot(screenPath + i + ".png"): Taking screenshot successfully&#xD;
&#xD;
2019-08-12 18:05:38 - [MESSAGE][PASSED] - Taking screenshot successfully&#xD;
[[ATTACHMENT|D:\\Test\\AgileTest\\AgileTest\\Reports\\mobileWeb\\plan detail\\20190812_173746\\../Screenshots/iPhone X/Plan Detail/stm_lifeshield advantage/20190812_180332/30.png]]&#xD;
&#xD;
2019-08-12 18:05:38 - [TEST_STEP][PASSED] - (internal.GlobalVariable.i++): null&#xD;
&#xD;
2019-08-12 18:05:38 - [MESSAGE][PASSED] - Call Test Case 'Test Cases/mobileWeb/_include/get_screenshot' successfully&#xD;
&#xD;
2019-08-12 18:05:38 - [TEST_STEP][PASSED] - scrollToPosition(0, y): Browser is scrolled to position x = 0, y = 18600&#xD;
&#xD;
2019-08-12 18:05:38 - [MESSAGE][PASSED] - Browser is scrolled to position x = 0, y = 18600&#xD;
&#xD;
2019-08-12 18:05:38 - [TEST_STEP][PASSED] - Thread.sleep(3000): null&#xD;
&#xD;
2019-08-12 18:05:41 - [TEST_STEP][PASSED] - callTestCase(findTestCase("mobileWeb/_include/get_screenshot"), [:], STOP_ON_FAILURE): Call Test Case 'Test Cases/mobileWeb/_include/get_screenshot' successfully&#xD;
&#xD;
2019-08-12 18:05:41 - [TEST_CASE][PASSED] - Test Cases/mobileWeb/_include/get_screenshot: Test Cases/mobileWeb/_include/get_screenshot&#xD;
&#xD;
2019-08-12 18:05:41 - [TEST_STEP][PASSED] - takeScreenshot(screenPath + i + ".png"): Taking screenshot successfully&#xD;
&#xD;
2019-08-12 18:05:42 - [MESSAGE][PASSED] - Taking screenshot successfully&#xD;
[[ATTACHMENT|D:\\Test\\AgileTest\\AgileTest\\Reports\\mobileWeb\\plan detail\\20190812_173746\\../Screenshots/iPhone X/Plan Detail/stm_lifeshield advantage/20190812_180332/31.png]]&#xD;
&#xD;
2019-08-12 18:05:42 - [TEST_STEP][PASSED] - (internal.GlobalVariable.i++): null&#xD;
&#xD;
2019-08-12 18:05:42 - [MESSAGE][PASSED] - Call Test Case 'Test Cases/mobileWeb/_include/get_screenshot' successfully&#xD;
&#xD;
2019-08-12 18:05:42 - [TEST_STEP][PASSED] - scrollToPosition(0, y): Browser is scrolled to position x = 0, y = 19200&#xD;
&#xD;
2019-08-12 18:05:42 - [MESSAGE][PASSED] - Browser is scrolled to position x = 0, y = 19200&#xD;
&#xD;
2019-08-12 18:05:42 - [TEST_STEP][PASSED] - Thread.sleep(3000): null&#xD;
&#xD;
2019-08-12 18:05:45 - [TEST_STEP][PASSED] - callTestCase(findTestCase("mobileWeb/_include/get_screenshot"), [:], STOP_ON_FAILURE): Call Test Case 'Test Cases/mobileWeb/_include/get_screenshot' successfully&#xD;
&#xD;
2019-08-12 18:05:45 - [TEST_CASE][PASSED] - Test Cases/mobileWeb/_include/get_screenshot: Test Cases/mobileWeb/_include/get_screenshot&#xD;
&#xD;
2019-08-12 18:05:45 - [TEST_STEP][PASSED] - takeScreenshot(screenPath + i + ".png"): Taking screenshot successfully&#xD;
&#xD;
2019-08-12 18:05:45 - [MESSAGE][PASSED] - Taking screenshot successfully&#xD;
[[ATTACHMENT|D:\\Test\\AgileTest\\AgileTest\\Reports\\mobileWeb\\plan detail\\20190812_173746\\../Screenshots/iPhone X/Plan Detail/stm_lifeshield advantage/20190812_180332/32.png]]&#xD;
&#xD;
2019-08-12 18:05:45 - [TEST_STEP][PASSED] - (internal.GlobalVariable.i++): null&#xD;
&#xD;
2019-08-12 18:05:45 - [MESSAGE][PASSED] - Call Test Case 'Test Cases/mobileWeb/_include/get_screenshot' successfully&#xD;
&#xD;
2019-08-12 18:05:45 - [TEST_STEP][PASSED] - scrollToPosition(0, y): Browser is scrolled to position x = 0, y = 19800&#xD;
&#xD;
2019-08-12 18:05:45 - [MESSAGE][PASSED] - Browser is scrolled to position x = 0, y = 19800&#xD;
&#xD;
2019-08-12 18:05:45 - [TEST_STEP][PASSED] - Thread.sleep(3000): null&#xD;
&#xD;
2019-08-12 18:05:48 - [TEST_STEP][PASSED] - callTestCase(findTestCase("mobileWeb/_include/get_screenshot"), [:], STOP_ON_FAILURE): Call Test Case 'Test Cases/mobileWeb/_include/get_screenshot' successfully&#xD;
&#xD;
2019-08-12 18:05:48 - [TEST_CASE][PASSED] - Test Cases/mobileWeb/_include/get_screenshot: Test Cases/mobileWeb/_include/get_screenshot&#xD;
&#xD;
2019-08-12 18:05:48 - [TEST_STEP][PASSED] - takeScreenshot(screenPath + i + ".png"): Taking screenshot successfully&#xD;
&#xD;
2019-08-12 18:05:49 - [MESSAGE][PASSED] - Taking screenshot successfully&#xD;
[[ATTACHMENT|D:\\Test\\AgileTest\\AgileTest\\Reports\\mobileWeb\\plan detail\\20190812_173746\\../Screenshots/iPhone X/Plan Detail/stm_lifeshield advantage/20190812_180332/33.png]]&#xD;
&#xD;
2019-08-12 18:05:49 - [TEST_STEP][PASSED] - (internal.GlobalVariable.i++): null&#xD;
&#xD;
2019-08-12 18:05:49 - [MESSAGE][PASSED] - Call Test Case 'Test Cases/mobileWeb/_include/get_screenshot' successfully&#xD;
&#xD;
2019-08-12 18:05:49 - [TEST_STEP][PASSED] - scrollToPosition(0, y): Browser is scrolled to position x = 0, y = 20400&#xD;
&#xD;
2019-08-12 18:05:49 - [MESSAGE][PASSED] - Browser is scrolled to position x = 0, y = 20400&#xD;
&#xD;
2019-08-12 18:05:49 - [TEST_STEP][PASSED] - Thread.sleep(3000): null&#xD;
&#xD;
2019-08-12 18:05:52 - [TEST_STEP][PASSED] - callTestCase(findTestCase("mobileWeb/_include/get_screenshot"), [:], STOP_ON_FAILURE): Call Test Case 'Test Cases/mobileWeb/_include/get_screenshot' successfully&#xD;
&#xD;
2019-08-12 18:05:52 - [TEST_CASE][PASSED] - Test Cases/mobileWeb/_include/get_screenshot: Test Cases/mobileWeb/_include/get_screenshot&#xD;
&#xD;
2019-08-12 18:05:52 - [TEST_STEP][PASSED] - takeScreenshot(screenPath + i + ".png"): Taking screenshot successfully&#xD;
&#xD;
2019-08-12 18:05:53 - [MESSAGE][PASSED] - Taking screenshot successfully&#xD;
[[ATTACHMENT|D:\\Test\\AgileTest\\AgileTest\\Reports\\mobileWeb\\plan detail\\20190812_173746\\../Screenshots/iPhone X/Plan Detail/stm_lifeshield advantage/20190812_180332/34.png]]&#xD;
&#xD;
2019-08-12 18:05:53 - [TEST_STEP][PASSED] - (internal.GlobalVariable.i++): null&#xD;
&#xD;
2019-08-12 18:05:53 - [MESSAGE][PASSED] - Call Test Case 'Test Cases/mobileWeb/_include/get_screenshot' successfully&#xD;
&#xD;
2019-08-12 18:05:53 - [TEST_STEP][PASSED] - scrollToPosition(0, y): Browser is scrolled to position x = 0, y = 21000&#xD;
&#xD;
2019-08-12 18:05:53 - [MESSAGE][PASSED] - Browser is scrolled to position x = 0, y = 21000&#xD;
&#xD;
2019-08-12 18:05:53 - [TEST_STEP][PASSED] - Thread.sleep(3000): null&#xD;
&#xD;
2019-08-12 18:05:56 - [TEST_STEP][PASSED] - callTestCase(findTestCase("mobileWeb/_include/get_screenshot"), [:], STOP_ON_FAILURE): Call Test Case 'Test Cases/mobileWeb/_include/get_screenshot' successfully&#xD;
&#xD;
2019-08-12 18:05:56 - [TEST_CASE][PASSED] - Test Cases/mobileWeb/_include/get_screenshot: Test Cases/mobileWeb/_include/get_screenshot&#xD;
&#xD;
2019-08-12 18:05:56 - [TEST_STEP][PASSED] - takeScreenshot(screenPath + i + ".png"): Taking screenshot successfully&#xD;
&#xD;
2019-08-12 18:05:57 - [MESSAGE][PASSED] - Taking screenshot successfully&#xD;
[[ATTACHMENT|D:\\Test\\AgileTest\\AgileTest\\Reports\\mobileWeb\\plan detail\\20190812_173746\\../Screenshots/iPhone X/Plan Detail/stm_lifeshield advantage/20190812_180332/35.png]]&#xD;
&#xD;
2019-08-12 18:05:57 - [TEST_STEP][PASSED] - (internal.GlobalVariable.i++): null&#xD;
&#xD;
2019-08-12 18:05:57 - [MESSAGE][PASSED] - Call Test Case 'Test Cases/mobileWeb/_include/get_screenshot' successfully&#xD;
&#xD;
2019-08-12 18:05:57 - [TEST_STEP][PASSED] - scrollToPosition(0, y): Browser is scrolled to position x = 0, y = 21600&#xD;
&#xD;
2019-08-12 18:05:57 - [MESSAGE][PASSED] - Browser is scrolled to position x = 0, y = 21600&#xD;
&#xD;
2019-08-12 18:05:57 - [TEST_STEP][PASSED] - Thread.sleep(3000): null&#xD;
&#xD;
2019-08-12 18:06:00 - [TEST_STEP][PASSED] - callTestCase(findTestCase("mobileWeb/_include/get_screenshot"), [:], STOP_ON_FAILURE): Call Test Case 'Test Cases/mobileWeb/_include/get_screenshot' successfully&#xD;
&#xD;
2019-08-12 18:06:00 - [TEST_CASE][PASSED] - Test Cases/mobileWeb/_include/get_screenshot: Test Cases/mobileWeb/_include/get_screenshot&#xD;
&#xD;
2019-08-12 18:06:00 - [TEST_STEP][PASSED] - takeScreenshot(screenPath + i + ".png"): Taking screenshot successfully&#xD;
&#xD;
2019-08-12 18:06:01 - [MESSAGE][PASSED] - Taking screenshot successfully&#xD;
[[ATTACHMENT|D:\\Test\\AgileTest\\AgileTest\\Reports\\mobileWeb\\plan detail\\20190812_173746\\../Screenshots/iPhone X/Plan Detail/stm_lifeshield advantage/20190812_180332/36.png]]&#xD;
&#xD;
2019-08-12 18:06:01 - [TEST_STEP][PASSED] - (internal.GlobalVariable.i++): null&#xD;
&#xD;
2019-08-12 18:06:01 - [MESSAGE][PASSED] - Call Test Case 'Test Cases/mobileWeb/_include/get_screenshot' successfully&#xD;
&#xD;
2019-08-12 18:06:01 - [TEST_STEP][PASSED] - scrollToPosition(0, y): Browser is scrolled to position x = 0, y = 22200&#xD;
&#xD;
2019-08-12 18:06:01 - [MESSAGE][PASSED] - Browser is scrolled to position x = 0, y = 22200&#xD;
&#xD;
2019-08-12 18:06:01 - [TEST_STEP][PASSED] - Thread.sleep(3000): null&#xD;
&#xD;
2019-08-12 18:06:04 - [TEST_STEP][PASSED] - callTestCase(findTestCase("mobileWeb/_include/get_screenshot"), [:], STOP_ON_FAILURE): Call Test Case 'Test Cases/mobileWeb/_include/get_screenshot' successfully&#xD;
&#xD;
2019-08-12 18:06:04 - [TEST_CASE][PASSED] - Test Cases/mobileWeb/_include/get_screenshot: Test Cases/mobileWeb/_include/get_screenshot&#xD;
&#xD;
2019-08-12 18:06:04 - [TEST_STEP][PASSED] - takeScreenshot(screenPath + i + ".png"): Taking screenshot successfully&#xD;
&#xD;
2019-08-12 18:06:04 - [MESSAGE][PASSED] - Taking screenshot successfully&#xD;
[[ATTACHMENT|D:\\Test\\AgileTest\\AgileTest\\Reports\\mobileWeb\\plan detail\\20190812_173746\\../Screenshots/iPhone X/Plan Detail/stm_lifeshield advantage/20190812_180332/37.png]]&#xD;
&#xD;
2019-08-12 18:06:04 - [TEST_STEP][PASSED] - (internal.GlobalVariable.i++): null&#xD;
&#xD;
2019-08-12 18:06:04 - [MESSAGE][PASSED] - Call Test Case 'Test Cases/mobileWeb/_include/get_screenshot' successfully&#xD;
&#xD;
2019-08-12 18:06:04 - [TEST_STEP][PASSED] - scrollToPosition(0, y): Browser is scrolled to position x = 0, y = 22800&#xD;
&#xD;
2019-08-12 18:06:04 - [MESSAGE][PASSED] - Browser is scrolled to position x = 0, y = 22800&#xD;
&#xD;
2019-08-12 18:06:04 - [TEST_STEP][PASSED] - Thread.sleep(3000): null&#xD;
&#xD;
2019-08-12 18:06:07 - [TEST_STEP][PASSED] - callTestCase(findTestCase("mobileWeb/_include/get_screenshot"), [:], STOP_ON_FAILURE): Call Test Case 'Test Cases/mobileWeb/_include/get_screenshot' successfully&#xD;
&#xD;
2019-08-12 18:06:07 - [TEST_CASE][PASSED] - Test Cases/mobileWeb/_include/get_screenshot: Test Cases/mobileWeb/_include/get_screenshot&#xD;
&#xD;
2019-08-12 18:06:07 - [TEST_STEP][PASSED] - takeScreenshot(screenPath + i + ".png"): Taking screenshot successfully&#xD;
&#xD;
2019-08-12 18:06:08 - [MESSAGE][PASSED] - Taking screenshot successfully&#xD;
[[ATTACHMENT|D:\\Test\\AgileTest\\AgileTest\\Reports\\mobileWeb\\plan detail\\20190812_173746\\../Screenshots/iPhone X/Plan Detail/stm_lifeshield advantage/20190812_180332/38.png]]&#xD;
&#xD;
2019-08-12 18:06:08 - [TEST_STEP][PASSED] - (internal.GlobalVariable.i++): null&#xD;
&#xD;
2019-08-12 18:06:08 - [MESSAGE][PASSED] - Call Test Case 'Test Cases/mobileWeb/_include/get_screenshot' successfully&#xD;
&#xD;
2019-08-12 18:06:08 - [TEST_STEP][PASSED] - scrollToPosition(0, y): Browser is scrolled to position x = 0, y = 23400&#xD;
&#xD;
2019-08-12 18:06:08 - [MESSAGE][PASSED] - Browser is scrolled to position x = 0, y = 23400&#xD;
&#xD;
2019-08-12 18:06:08 - [TEST_STEP][PASSED] - Thread.sleep(3000): null&#xD;
&#xD;
2019-08-12 18:06:11 - [TEST_STEP][PASSED] - callTestCase(findTestCase("mobileWeb/_include/get_screenshot"), [:], STOP_ON_FAILURE): Call Test Case 'Test Cases/mobileWeb/_include/get_screenshot' successfully&#xD;
&#xD;
2019-08-12 18:06:11 - [TEST_CASE][PASSED] - Test Cases/mobileWeb/_include/get_screenshot: Test Cases/mobileWeb/_include/get_screenshot&#xD;
&#xD;
2019-08-12 18:06:11 - [TEST_STEP][PASSED] - takeScreenshot(screenPath + i + ".png"): Taking screenshot successfully&#xD;
&#xD;
2019-08-12 18:06:12 - [MESSAGE][PASSED] - Taking screenshot successfully&#xD;
[[ATTACHMENT|D:\\Test\\AgileTest\\AgileTest\\Reports\\mobileWeb\\plan detail\\20190812_173746\\../Screenshots/iPhone X/Plan Detail/stm_lifeshield advantage/20190812_180332/39.png]]&#xD;
&#xD;
2019-08-12 18:06:12 - [TEST_STEP][PASSED] - (internal.GlobalVariable.i++): null&#xD;
&#xD;
2019-08-12 18:06:12 - [MESSAGE][PASSED] - Call Test Case 'Test Cases/mobileWeb/_include/get_screenshot' successfully&#xD;
&#xD;
2019-08-12 18:06:12 - [TEST_STEP][PASSED] - scrollToPosition(0, y): Browser is scrolled to position x = 0, y = 24000&#xD;
&#xD;
2019-08-12 18:06:12 - [MESSAGE][PASSED] - Browser is scrolled to position x = 0, y = 24000&#xD;
&#xD;
2019-08-12 18:06:12 - [TEST_STEP][PASSED] - Thread.sleep(3000): null&#xD;
&#xD;
2019-08-12 18:06:15 - [TEST_STEP][PASSED] - callTestCase(findTestCase("mobileWeb/_include/get_screenshot"), [:], STOP_ON_FAILURE): Call Test Case 'Test Cases/mobileWeb/_include/get_screenshot' successfully&#xD;
&#xD;
2019-08-12 18:06:15 - [TEST_CASE][PASSED] - Test Cases/mobileWeb/_include/get_screenshot: Test Cases/mobileWeb/_include/get_screenshot&#xD;
&#xD;
2019-08-12 18:06:15 - [TEST_STEP][PASSED] - takeScreenshot(screenPath + i + ".png"): Taking screenshot successfully&#xD;
&#xD;
2019-08-12 18:06:16 - [MESSAGE][PASSED] - Taking screenshot successfully&#xD;
[[ATTACHMENT|D:\\Test\\AgileTest\\AgileTest\\Reports\\mobileWeb\\plan detail\\20190812_173746\\../Screenshots/iPhone X/Plan Detail/stm_lifeshield advantage/20190812_180332/40.png]]&#xD;
&#xD;
2019-08-12 18:06:16 - [TEST_STEP][PASSED] - (internal.GlobalVariable.i++): null&#xD;
&#xD;
2019-08-12 18:06:16 - [MESSAGE][PASSED] - Call Test Case 'Test Cases/mobileWeb/_include/get_screenshot' successfully&#xD;
&#xD;
2019-08-12 18:06:16 - [TEST_STEP][PASSED] - scrollToPosition(0, y): Browser is scrolled to position x = 0, y = 24600&#xD;
&#xD;
2019-08-12 18:06:16 - [MESSAGE][PASSED] - Browser is scrolled to position x = 0, y = 24600&#xD;
&#xD;
2019-08-12 18:06:16 - [TEST_STEP][PASSED] - Thread.sleep(3000): null&#xD;
&#xD;
2019-08-12 18:06:19 - [TEST_STEP][PASSED] - callTestCase(findTestCase("mobileWeb/_include/get_screenshot"), [:], STOP_ON_FAILURE): Call Test Case 'Test Cases/mobileWeb/_include/get_screenshot' successfully&#xD;
&#xD;
2019-08-12 18:06:19 - [TEST_CASE][PASSED] - Test Cases/mobileWeb/_include/get_screenshot: Test Cases/mobileWeb/_include/get_screenshot&#xD;
&#xD;
2019-08-12 18:06:19 - [TEST_STEP][PASSED] - takeScreenshot(screenPath + i + ".png"): Taking screenshot successfully&#xD;
&#xD;
2019-08-12 18:06:20 - [MESSAGE][PASSED] - Taking screenshot successfully&#xD;
[[ATTACHMENT|D:\\Test\\AgileTest\\AgileTest\\Reports\\mobileWeb\\plan detail\\20190812_173746\\../Screenshots/iPhone X/Plan Detail/stm_lifeshield advantage/20190812_180332/41.png]]&#xD;
&#xD;
2019-08-12 18:06:20 - [TEST_STEP][PASSED] - (internal.GlobalVariable.i++): null&#xD;
&#xD;
2019-08-12 18:06:20 - [MESSAGE][PASSED] - Call Test Case 'Test Cases/mobileWeb/_include/get_screenshot' successfully&#xD;
&#xD;
2019-08-12 18:06:20 - [TEST_STEP][PASSED] - scrollToPosition(0, y): Browser is scrolled to position x = 0, y = 25200&#xD;
&#xD;
2019-08-12 18:06:20 - [MESSAGE][PASSED] - Browser is scrolled to position x = 0, y = 25200&#xD;
&#xD;
2019-08-12 18:06:20 - [TEST_STEP][PASSED] - Thread.sleep(3000): null&#xD;
&#xD;
2019-08-12 18:06:23 - [TEST_STEP][PASSED] - callTestCase(findTestCase("mobileWeb/_include/get_screenshot"), [:], STOP_ON_FAILURE): Call Test Case 'Test Cases/mobileWeb/_include/get_screenshot' successfully&#xD;
&#xD;
2019-08-12 18:06:23 - [TEST_CASE][PASSED] - Test Cases/mobileWeb/_include/get_screenshot: Test Cases/mobileWeb/_include/get_screenshot&#xD;
&#xD;
2019-08-12 18:06:23 - [TEST_STEP][PASSED] - takeScreenshot(screenPath + i + ".png"): Taking screenshot successfully&#xD;
&#xD;
2019-08-12 18:06:23 - [MESSAGE][PASSED] - Taking screenshot successfully&#xD;
[[ATTACHMENT|D:\\Test\\AgileTest\\AgileTest\\Reports\\mobileWeb\\plan detail\\20190812_173746\\../Screenshots/iPhone X/Plan Detail/stm_lifeshield advantage/20190812_180332/42.png]]&#xD;
&#xD;
2019-08-12 18:06:23 - [TEST_STEP][PASSED] - (internal.GlobalVariable.i++): null&#xD;
&#xD;
2019-08-12 18:06:23 - [MESSAGE][PASSED] - Call Test Case 'Test Cases/mobileWeb/_include/get_screenshot' successfully&#xD;
&#xD;
2019-08-12 18:06:23 - [TEST_STEP][PASSED] - scrollToPosition(0, y): Browser is scrolled to position x = 0, y = 25800&#xD;
&#xD;
2019-08-12 18:06:23 - [MESSAGE][PASSED] - Browser is scrolled to position x = 0, y = 25800&#xD;
&#xD;
2019-08-12 18:06:23 - [TEST_STEP][PASSED] - Thread.sleep(3000): null&#xD;
&#xD;
2019-08-12 18:06:26 - [TEST_STEP][PASSED] - callTestCase(findTestCase("mobileWeb/_include/get_screenshot"), [:], STOP_ON_FAILURE): Call Test Case 'Test Cases/mobileWeb/_include/get_screenshot' successfully&#xD;
&#xD;
2019-08-12 18:06:27 - [TEST_CASE][PASSED] - Test Cases/mobileWeb/_include/get_screenshot: Test Cases/mobileWeb/_include/get_screenshot&#xD;
&#xD;
2019-08-12 18:06:27 - [TEST_STEP][PASSED] - takeScreenshot(screenPath + i + ".png"): Taking screenshot successfully&#xD;
&#xD;
2019-08-12 18:06:27 - [MESSAGE][PASSED] - Taking screenshot successfully&#xD;
[[ATTACHMENT|D:\\Test\\AgileTest\\AgileTest\\Reports\\mobileWeb\\plan detail\\20190812_173746\\../Screenshots/iPhone X/Plan Detail/stm_lifeshield advantage/20190812_180332/43.png]]&#xD;
&#xD;
2019-08-12 18:06:27 - [TEST_STEP][PASSED] - (internal.GlobalVariable.i++): null&#xD;
&#xD;
2019-08-12 18:06:27 - [MESSAGE][PASSED] - Call Test Case 'Test Cases/mobileWeb/_include/get_screenshot' successfully&#xD;
&#xD;
2019-08-12 18:06:27 - [TEST_STEP][PASSED] - scrollToPosition(0, y): Browser is scrolled to position x = 0, y = 26400&#xD;
&#xD;
2019-08-12 18:06:27 - [MESSAGE][PASSED] - Browser is scrolled to position x = 0, y = 26400&#xD;
&#xD;
2019-08-12 18:06:27 - [TEST_STEP][PASSED] - Thread.sleep(3000): null&#xD;
&#xD;
2019-08-12 18:06:30 - [TEST_STEP][PASSED] - callTestCase(findTestCase("mobileWeb/_include/get_screenshot"), [:], STOP_ON_FAILURE): Call Test Case 'Test Cases/mobileWeb/_include/get_screenshot' successfully&#xD;
&#xD;
2019-08-12 18:06:30 - [TEST_CASE][PASSED] - Test Cases/mobileWeb/_include/get_screenshot: Test Cases/mobileWeb/_include/get_screenshot&#xD;
&#xD;
2019-08-12 18:06:30 - [TEST_STEP][PASSED] - takeScreenshot(screenPath + i + ".png"): Taking screenshot successfully&#xD;
&#xD;
2019-08-12 18:06:31 - [MESSAGE][PASSED] - Taking screenshot successfully&#xD;
[[ATTACHMENT|D:\\Test\\AgileTest\\AgileTest\\Reports\\mobileWeb\\plan detail\\20190812_173746\\../Screenshots/iPhone X/Plan Detail/stm_lifeshield advantage/20190812_180332/44.png]]&#xD;
&#xD;
2019-08-12 18:06:31 - [TEST_STEP][PASSED] - (internal.GlobalVariable.i++): null&#xD;
&#xD;
2019-08-12 18:06:31 - [MESSAGE][PASSED] - Call Test Case 'Test Cases/mobileWeb/_include/get_screenshot' successfully&#xD;
&#xD;
2019-08-12 18:06:31 - [TEST_STEP][PASSED] - scrollToPosition(0, y): Browser is scrolled to position x = 0, y = 27000&#xD;
&#xD;
2019-08-12 18:06:31 - [MESSAGE][PASSED] - Browser is scrolled to position x = 0, y = 27000&#xD;
&#xD;
2019-08-12 18:06:31 - [TEST_STEP][PASSED] - Thread.sleep(3000): null&#xD;
&#xD;
2019-08-12 18:06:34 - [TEST_STEP][PASSED] - callTestCase(findTestCase("mobileWeb/_include/get_screenshot"), [:], STOP_ON_FAILURE): Call Test Case 'Test Cases/mobileWeb/_include/get_screenshot' successfully&#xD;
&#xD;
2019-08-12 18:06:34 - [TEST_CASE][PASSED] - Test Cases/mobileWeb/_include/get_screenshot: Test Cases/mobileWeb/_include/get_screenshot&#xD;
&#xD;
2019-08-12 18:06:34 - [TEST_STEP][PASSED] - takeScreenshot(screenPath + i + ".png"): Taking screenshot successfully&#xD;
&#xD;
2019-08-12 18:06:35 - [MESSAGE][PASSED] - Taking screenshot successfully&#xD;
[[ATTACHMENT|D:\\Test\\AgileTest\\AgileTest\\Reports\\mobileWeb\\plan detail\\20190812_173746\\../Screenshots/iPhone X/Plan Detail/stm_lifeshield advantage/20190812_180332/45.png]]&#xD;
&#xD;
2019-08-12 18:06:35 - [TEST_STEP][PASSED] - (internal.GlobalVariable.i++): null&#xD;
&#xD;
2019-08-12 18:06:35 - [MESSAGE][PASSED] - Call Test Case 'Test Cases/mobileWeb/_include/get_screenshot' successfully&#xD;
&#xD;
2019-08-12 18:06:35 - [TEST_STEP][PASSED] - scrollToPosition(0, y): Browser is scrolled to position x = 0, y = 27600&#xD;
&#xD;
2019-08-12 18:06:35 - [MESSAGE][PASSED] - Browser is scrolled to position x = 0, y = 27600&#xD;
&#xD;
2019-08-12 18:06:35 - [TEST_STEP][PASSED] - Thread.sleep(3000): null&#xD;
&#xD;
2019-08-12 18:06:38 - [TEST_STEP][PASSED] - callTestCase(findTestCase("mobileWeb/_include/get_screenshot"), [:], STOP_ON_FAILURE): Call Test Case 'Test Cases/mobileWeb/_include/get_screenshot' successfully&#xD;
&#xD;
2019-08-12 18:06:38 - [TEST_CASE][PASSED] - Test Cases/mobileWeb/_include/get_screenshot: Test Cases/mobileWeb/_include/get_screenshot&#xD;
&#xD;
2019-08-12 18:06:38 - [TEST_STEP][PASSED] - takeScreenshot(screenPath + i + ".png"): Taking screenshot successfully&#xD;
&#xD;
2019-08-12 18:06:39 - [MESSAGE][PASSED] - Taking screenshot successfully&#xD;
[[ATTACHMENT|D:\\Test\\AgileTest\\AgileTest\\Reports\\mobileWeb\\plan detail\\20190812_173746\\../Screenshots/iPhone X/Plan Detail/stm_lifeshield advantage/20190812_180332/46.png]]&#xD;
&#xD;
2019-08-12 18:06:39 - [TEST_STEP][PASSED] - (internal.GlobalVariable.i++): null&#xD;
&#xD;
2019-08-12 18:06:39 - [MESSAGE][PASSED] - Call Test Case 'Test Cases/mobileWeb/_include/get_screenshot' successfully&#xD;
&#xD;
2019-08-12 18:06:39 - [TEST_STEP][PASSED] - scrollToPosition(0, y): Browser is scrolled to position x = 0, y = 28200&#xD;
&#xD;
2019-08-12 18:06:39 - [MESSAGE][PASSED] - Browser is scrolled to position x = 0, y = 28200&#xD;
&#xD;
2019-08-12 18:06:39 - [TEST_STEP][PASSED] - Thread.sleep(3000): null&#xD;
&#xD;
2019-08-12 18:06:42 - [TEST_STEP][PASSED] - callTestCase(findTestCase("mobileWeb/_include/get_screenshot"), [:], STOP_ON_FAILURE): Call Test Case 'Test Cases/mobileWeb/_include/get_screenshot' successfully&#xD;
&#xD;
2019-08-12 18:06:42 - [TEST_CASE][PASSED] - Test Cases/mobileWeb/_include/get_screenshot: Test Cases/mobileWeb/_include/get_screenshot&#xD;
&#xD;
2019-08-12 18:06:42 - [TEST_STEP][PASSED] - takeScreenshot(screenPath + i + ".png"): Taking screenshot successfully&#xD;
&#xD;
2019-08-12 18:06:43 - [MESSAGE][PASSED] - Taking screenshot successfully&#xD;
[[ATTACHMENT|D:\\Test\\AgileTest\\AgileTest\\Reports\\mobileWeb\\plan detail\\20190812_173746\\../Screenshots/iPhone X/Plan Detail/stm_lifeshield advantage/20190812_180332/47.png]]&#xD;
&#xD;
2019-08-12 18:06:43 - [TEST_STEP][PASSED] - (internal.GlobalVariable.i++): null&#xD;
&#xD;
2019-08-12 18:06:43 - [MESSAGE][PASSED] - Call Test Case 'Test Cases/mobileWeb/_include/get_screenshot' successfully&#xD;
&#xD;
2019-08-12 18:06:43 - [TEST_STEP][PASSED] - scrollToPosition(0, y): Browser is scrolled to position x = 0, y = 28800&#xD;
&#xD;
2019-08-12 18:06:43 - [MESSAGE][PASSED] - Browser is scrolled to position x = 0, y = 28800&#xD;
&#xD;
2019-08-12 18:06:43 - [TEST_STEP][PASSED] - Thread.sleep(3000): null&#xD;
&#xD;
2019-08-12 18:06:46 - [TEST_STEP][PASSED] - callTestCase(findTestCase("mobileWeb/_include/get_screenshot"), [:], STOP_ON_FAILURE): Call Test Case 'Test Cases/mobileWeb/_include/get_screenshot' successfully&#xD;
&#xD;
2019-08-12 18:06:46 - [TEST_CASE][PASSED] - Test Cases/mobileWeb/_include/get_screenshot: Test Cases/mobileWeb/_include/get_screenshot&#xD;
&#xD;
2019-08-12 18:06:46 - [TEST_STEP][PASSED] - takeScreenshot(screenPath + i + ".png"): Taking screenshot successfully&#xD;
&#xD;
2019-08-12 18:06:46 - [MESSAGE][PASSED] - Taking screenshot successfully&#xD;
[[ATTACHMENT|D:\\Test\\AgileTest\\AgileTest\\Reports\\mobileWeb\\plan detail\\20190812_173746\\../Screenshots/iPhone X/Plan Detail/stm_lifeshield advantage/20190812_180332/48.png]]&#xD;
&#xD;
2019-08-12 18:06:46 - [TEST_STEP][PASSED] - (internal.GlobalVariable.i++): null&#xD;
&#xD;
2019-08-12 18:06:46 - [MESSAGE][PASSED] - Call Test Case 'Test Cases/mobileWeb/_include/get_screenshot' successfully&#xD;
&#xD;
2019-08-12 18:06:46 - [TEST_STEP][PASSED] - scrollToPosition(0, y): Browser is scrolled to position x = 0, y = 29400&#xD;
&#xD;
2019-08-12 18:06:46 - [MESSAGE][PASSED] - Browser is scrolled to position x = 0, y = 29400&#xD;
&#xD;
2019-08-12 18:06:46 - [TEST_STEP][PASSED] - Thread.sleep(3000): null&#xD;
&#xD;
2019-08-12 18:06:49 - [TEST_STEP][PASSED] - callTestCase(findTestCase("mobileWeb/_include/get_screenshot"), [:], STOP_ON_FAILURE): Call Test Case 'Test Cases/mobileWeb/_include/get_screenshot' successfully&#xD;
&#xD;
2019-08-12 18:06:49 - [TEST_CASE][PASSED] - Test Cases/mobileWeb/_include/get_screenshot: Test Cases/mobileWeb/_include/get_screenshot&#xD;
&#xD;
2019-08-12 18:06:49 - [TEST_STEP][PASSED] - takeScreenshot(screenPath + i + ".png"): Taking screenshot successfully&#xD;
&#xD;
2019-08-12 18:06:50 - [MESSAGE][PASSED] - Taking screenshot successfully&#xD;
[[ATTACHMENT|D:\\Test\\AgileTest\\AgileTest\\Reports\\mobileWeb\\plan detail\\20190812_173746\\../Screenshots/iPhone X/Plan Detail/stm_lifeshield advantage/20190812_180332/49.png]]&#xD;
&#xD;
2019-08-12 18:06:50 - [TEST_STEP][PASSED] - (internal.GlobalVariable.i++): null&#xD;
&#xD;
2019-08-12 18:06:50 - [MESSAGE][PASSED] - Call Test Case 'Test Cases/mobileWeb/_include/get_screenshot' successfully&#xD;
&#xD;
2019-08-12 18:06:50 - [TEST_STEP][PASSED] - scrollToPosition(0, y): Browser is scrolled to position x = 0, y = 30000&#xD;
&#xD;
2019-08-12 18:06:50 - [MESSAGE][PASSED] - Browser is scrolled to position x = 0, y = 30000&#xD;
&#xD;
2019-08-12 18:06:50 - [TEST_STEP][PASSED] - Thread.sleep(3000): null&#xD;
&#xD;
2019-08-12 18:06:53 - [TEST_STEP][PASSED] - callTestCase(findTestCase("mobileWeb/_include/get_screenshot"), [:], STOP_ON_FAILURE): Call Test Case 'Test Cases/mobileWeb/_include/get_screenshot' successfully&#xD;
&#xD;
2019-08-12 18:06:53 - [TEST_CASE][PASSED] - Test Cases/mobileWeb/_include/get_screenshot: Test Cases/mobileWeb/_include/get_screenshot&#xD;
&#xD;
2019-08-12 18:06:53 - [TEST_STEP][PASSED] - takeScreenshot(screenPath + i + ".png"): Taking screenshot successfully&#xD;
&#xD;
2019-08-12 18:06:54 - [MESSAGE][PASSED] - Taking screenshot successfully&#xD;
[[ATTACHMENT|D:\\Test\\AgileTest\\AgileTest\\Reports\\mobileWeb\\plan detail\\20190812_173746\\../Screenshots/iPhone X/Plan Detail/stm_lifeshield advantage/20190812_180332/50.png]]&#xD;
&#xD;
2019-08-12 18:06:54 - [TEST_STEP][PASSED] - (internal.GlobalVariable.i++): null&#xD;
&#xD;
2019-08-12 18:06:54 - [MESSAGE][PASSED] - Call Test Case 'Test Cases/mobileWeb/_include/get_screenshot' successfully&#xD;
&#xD;
2019-08-12 18:06:54 - [TEST_STEP][PASSED] - scrollToPosition(0, y): Browser is scrolled to position x = 0, y = 30600&#xD;
&#xD;
2019-08-12 18:06:54 - [MESSAGE][PASSED] - Browser is scrolled to position x = 0, y = 30600&#xD;
&#xD;
2019-08-12 18:06:54 - [TEST_STEP][PASSED] - Thread.sleep(3000): null&#xD;
&#xD;
2019-08-12 18:06:57 - [TEST_STEP][PASSED] - callTestCase(findTestCase("mobileWeb/_include/get_screenshot"), [:], STOP_ON_FAILURE): Call Test Case 'Test Cases/mobileWeb/_include/get_screenshot' successfully&#xD;
&#xD;
2019-08-12 18:06:57 - [TEST_CASE][PASSED] - Test Cases/mobileWeb/_include/get_screenshot: Test Cases/mobileWeb/_include/get_screenshot&#xD;
&#xD;
2019-08-12 18:06:57 - [TEST_STEP][PASSED] - takeScreenshot(screenPath + i + ".png"): Taking screenshot successfully&#xD;
&#xD;
2019-08-12 18:06:58 - [MESSAGE][PASSED] - Taking screenshot successfully&#xD;
[[ATTACHMENT|D:\\Test\\AgileTest\\AgileTest\\Reports\\mobileWeb\\plan detail\\20190812_173746\\../Screenshots/iPhone X/Plan Detail/stm_lifeshield advantage/20190812_180332/51.png]]&#xD;
&#xD;
2019-08-12 18:06:58 - [TEST_STEP][PASSED] - (internal.GlobalVariable.i++): null&#xD;
&#xD;
2019-08-12 18:06:58 - [MESSAGE][PASSED] - Call Test Case 'Test Cases/mobileWeb/_include/get_screenshot' successfully&#xD;
&#xD;
2019-08-12 18:06:58 - [TEST_STEP][PASSED] - scrollToPosition(0, y): Browser is scrolled to position x = 0, y = 31200&#xD;
&#xD;
2019-08-12 18:06:58 - [MESSAGE][PASSED] - Browser is scrolled to position x = 0, y = 31200&#xD;
&#xD;
2019-08-12 18:06:58 - [TEST_STEP][PASSED] - Thread.sleep(3000): null&#xD;
&#xD;
2019-08-12 18:07:01 - [TEST_STEP][PASSED] - callTestCase(findTestCase("mobileWeb/_include/get_screenshot"), [:], STOP_ON_FAILURE): Call Test Case 'Test Cases/mobileWeb/_include/get_screenshot' successfully&#xD;
&#xD;
2019-08-12 18:07:01 - [TEST_CASE][PASSED] - Test Cases/mobileWeb/_include/get_screenshot: Test Cases/mobileWeb/_include/get_screenshot&#xD;
&#xD;
2019-08-12 18:07:01 - [TEST_STEP][PASSED] - takeScreenshot(screenPath + i + ".png"): Taking screenshot successfully&#xD;
&#xD;
2019-08-12 18:07:01 - [MESSAGE][PASSED] - Taking screenshot successfully&#xD;
[[ATTACHMENT|D:\\Test\\AgileTest\\AgileTest\\Reports\\mobileWeb\\plan detail\\20190812_173746\\../Screenshots/iPhone X/Plan Detail/stm_lifeshield advantage/20190812_180332/52.png]]&#xD;
&#xD;
2019-08-12 18:07:01 - [TEST_STEP][PASSED] - (internal.GlobalVariable.i++): null&#xD;
&#xD;
2019-08-12 18:07:01 - [MESSAGE][PASSED] - Call Test Case 'Test Cases/mobileWeb/_include/get_screenshot' successfully&#xD;
&#xD;
2019-08-12 18:07:01 - [TEST_STEP][PASSED] - scrollToPosition(0, y): Browser is scrolled to position x = 0, y = 31800&#xD;
&#xD;
2019-08-12 18:07:01 - [MESSAGE][PASSED] - Browser is scrolled to position x = 0, y = 31800&#xD;
&#xD;
2019-08-12 18:07:01 - [TEST_STEP][PASSED] - Thread.sleep(3000): null&#xD;
&#xD;
2019-08-12 18:07:04 - [TEST_STEP][PASSED] - callTestCase(findTestCase("mobileWeb/_include/get_screenshot"), [:], STOP_ON_FAILURE): Call Test Case 'Test Cases/mobileWeb/_include/get_screenshot' successfully&#xD;
&#xD;
2019-08-12 18:07:04 - [TEST_CASE][PASSED] - Test Cases/mobileWeb/_include/get_screenshot: Test Cases/mobileWeb/_include/get_screenshot&#xD;
&#xD;
2019-08-12 18:07:04 - [TEST_STEP][PASSED] - takeScreenshot(screenPath + i + ".png"): Taking screenshot successfully&#xD;
&#xD;
2019-08-12 18:07:05 - [MESSAGE][PASSED] - Taking screenshot successfully&#xD;
[[ATTACHMENT|D:\\Test\\AgileTest\\AgileTest\\Reports\\mobileWeb\\plan detail\\20190812_173746\\../Screenshots/iPhone X/Plan Detail/stm_lifeshield advantage/20190812_180332/53.png]]&#xD;
&#xD;
2019-08-12 18:07:05 - [TEST_STEP][PASSED] - (internal.GlobalVariable.i++): null&#xD;
&#xD;
2019-08-12 18:07:05 - [MESSAGE][PASSED] - Call Test Case 'Test Cases/mobileWeb/_include/get_screenshot' successfully&#xD;
&#xD;
2019-08-12 18:07:05 - [TEST_STEP][PASSED] - scrollToPosition(0, y): Browser is scrolled to position x = 0, y = 32400&#xD;
&#xD;
2019-08-12 18:07:05 - [MESSAGE][PASSED] - Browser is scrolled to position x = 0, y = 32400&#xD;
&#xD;
2019-08-12 18:07:05 - [TEST_STEP][PASSED] - Thread.sleep(3000): null&#xD;
&#xD;
2019-08-12 18:07:08 - [TEST_STEP][PASSED] - callTestCase(findTestCase("mobileWeb/_include/get_screenshot"), [:], STOP_ON_FAILURE): Call Test Case 'Test Cases/mobileWeb/_include/get_screenshot' successfully&#xD;
&#xD;
2019-08-12 18:07:08 - [TEST_CASE][PASSED] - Test Cases/mobileWeb/_include/get_screenshot: Test Cases/mobileWeb/_include/get_screenshot&#xD;
&#xD;
2019-08-12 18:07:08 - [TEST_STEP][PASSED] - takeScreenshot(screenPath + i + ".png"): Taking screenshot successfully&#xD;
&#xD;
2019-08-12 18:07:09 - [MESSAGE][PASSED] - Taking screenshot successfully&#xD;
[[ATTACHMENT|D:\\Test\\AgileTest\\AgileTest\\Reports\\mobileWeb\\plan detail\\20190812_173746\\../Screenshots/iPhone X/Plan Detail/stm_lifeshield advantage/20190812_180332/54.png]]&#xD;
&#xD;
2019-08-12 18:07:09 - [TEST_STEP][PASSED] - (internal.GlobalVariable.i++): null&#xD;
&#xD;
2019-08-12 18:07:09 - [MESSAGE][PASSED] - Call Test Case 'Test Cases/mobileWeb/_include/get_screenshot' successfully&#xD;
&#xD;
2019-08-12 18:07:09 - [TEST_STEP][PASSED] - scrollToPosition(0, y): Browser is scrolled to position x = 0, y = 33000&#xD;
&#xD;
2019-08-12 18:07:09 - [MESSAGE][PASSED] - Browser is scrolled to position x = 0, y = 33000&#xD;
&#xD;
2019-08-12 18:07:09 - [TEST_STEP][PASSED] - Thread.sleep(3000): null&#xD;
&#xD;
2019-08-12 18:07:12 - [TEST_STEP][PASSED] - callTestCase(findTestCase("mobileWeb/_include/get_screenshot"), [:], STOP_ON_FAILURE): Call Test Case 'Test Cases/mobileWeb/_include/get_screenshot' successfully&#xD;
&#xD;
2019-08-12 18:07:12 - [TEST_CASE][PASSED] - Test Cases/mobileWeb/_include/get_screenshot: Test Cases/mobileWeb/_include/get_screenshot&#xD;
&#xD;
2019-08-12 18:07:12 - [TEST_STEP][PASSED] - takeScreenshot(screenPath + i + ".png"): Taking screenshot successfully&#xD;
&#xD;
2019-08-12 18:07:13 - [MESSAGE][PASSED] - Taking screenshot successfully&#xD;
[[ATTACHMENT|D:\\Test\\AgileTest\\AgileTest\\Reports\\mobileWeb\\plan detail\\20190812_173746\\../Screenshots/iPhone X/Plan Detail/stm_lifeshield advantage/20190812_180332/55.png]]&#xD;
&#xD;
2019-08-12 18:07:13 - [TEST_STEP][PASSED] - (internal.GlobalVariable.i++): null&#xD;
&#xD;
2019-08-12 18:07:13 - [MESSAGE][PASSED] - Call Test Case 'Test Cases/mobileWeb/_include/get_screenshot' successfully&#xD;
&#xD;
2019-08-12 18:07:13 - [TEST_STEP][PASSED] - scrollToPosition(0, y): Browser is scrolled to position x = 0, y = 33600&#xD;
&#xD;
2019-08-12 18:07:13 - [MESSAGE][PASSED] - Browser is scrolled to position x = 0, y = 33600&#xD;
&#xD;
2019-08-12 18:07:13 - [TEST_STEP][PASSED] - Thread.sleep(3000): null&#xD;
&#xD;
2019-08-12 18:07:16 - [TEST_STEP][PASSED] - callTestCase(findTestCase("mobileWeb/_include/get_screenshot"), [:], STOP_ON_FAILURE): Call Test Case 'Test Cases/mobileWeb/_include/get_screenshot' successfully&#xD;
&#xD;
2019-08-12 18:07:16 - [TEST_CASE][PASSED] - Test Cases/mobileWeb/_include/get_screenshot: Test Cases/mobileWeb/_include/get_screenshot&#xD;
&#xD;
2019-08-12 18:07:16 - [TEST_STEP][PASSED] - takeScreenshot(screenPath + i + ".png"): Taking screenshot successfully&#xD;
&#xD;
2019-08-12 18:07:17 - [MESSAGE][PASSED] - Taking screenshot successfully&#xD;
[[ATTACHMENT|D:\\Test\\AgileTest\\AgileTest\\Reports\\mobileWeb\\plan detail\\20190812_173746\\../Screenshots/iPhone X/Plan Detail/stm_lifeshield advantage/20190812_180332/56.png]]&#xD;
&#xD;
2019-08-12 18:07:17 - [TEST_STEP][PASSED] - (internal.GlobalVariable.i++): null&#xD;
&#xD;
2019-08-12 18:07:17 - [MESSAGE][PASSED] - Call Test Case 'Test Cases/mobileWeb/_include/get_screenshot' successfully&#xD;
&#xD;
2019-08-12 18:07:17 - [TEST_STEP][PASSED] - scrollToPosition(0, y): Browser is scrolled to position x = 0, y = 34200&#xD;
&#xD;
2019-08-12 18:07:17 - [MESSAGE][PASSED] - Browser is scrolled to position x = 0, y = 34200&#xD;
&#xD;
2019-08-12 18:07:17 - [TEST_STEP][PASSED] - Thread.sleep(3000): null&#xD;
&#xD;
2019-08-12 18:07:20 - [TEST_STEP][PASSED] - callTestCase(findTestCase("mobileWeb/_include/get_screenshot"), [:], STOP_ON_FAILURE): Call Test Case 'Test Cases/mobileWeb/_include/get_screenshot' successfully&#xD;
&#xD;
2019-08-12 18:07:20 - [TEST_CASE][PASSED] - Test Cases/mobileWeb/_include/get_screenshot: Test Cases/mobileWeb/_include/get_screenshot&#xD;
&#xD;
2019-08-12 18:07:20 - [TEST_STEP][PASSED] - takeScreenshot(screenPath + i + ".png"): Taking screenshot successfully&#xD;
&#xD;
2019-08-12 18:07:20 - [MESSAGE][PASSED] - Taking screenshot successfully&#xD;
[[ATTACHMENT|D:\\Test\\AgileTest\\AgileTest\\Reports\\mobileWeb\\plan detail\\20190812_173746\\../Screenshots/iPhone X/Plan Detail/stm_lifeshield advantage/20190812_180332/57.png]]&#xD;
&#xD;
2019-08-12 18:07:20 - [TEST_STEP][PASSED] - (internal.GlobalVariable.i++): null&#xD;
&#xD;
2019-08-12 18:07:20 - [MESSAGE][PASSED] - Call Test Case 'Test Cases/mobileWeb/_include/get_screenshot' successfully&#xD;
&#xD;
2019-08-12 18:07:20 - [TEST_STEP][PASSED] - scrollToPosition(0, y): Browser is scrolled to position x = 0, y = 34800&#xD;
&#xD;
2019-08-12 18:07:20 - [MESSAGE][PASSED] - Browser is scrolled to position x = 0, y = 34800&#xD;
&#xD;
2019-08-12 18:07:20 - [TEST_STEP][PASSED] - Thread.sleep(3000): null&#xD;
&#xD;
2019-08-12 18:07:23 - [TEST_STEP][PASSED] - callTestCase(findTestCase("mobileWeb/_include/get_screenshot"), [:], STOP_ON_FAILURE): Call Test Case 'Test Cases/mobileWeb/_include/get_screenshot' successfully&#xD;
&#xD;
2019-08-12 18:07:23 - [TEST_CASE][PASSED] - Test Cases/mobileWeb/_include/get_screenshot: Test Cases/mobileWeb/_include/get_screenshot&#xD;
&#xD;
2019-08-12 18:07:23 - [TEST_STEP][PASSED] - takeScreenshot(screenPath + i + ".png"): Taking screenshot successfully&#xD;
&#xD;
2019-08-12 18:07:24 - [MESSAGE][PASSED] - Taking screenshot successfully&#xD;
[[ATTACHMENT|D:\\Test\\AgileTest\\AgileTest\\Reports\\mobileWeb\\plan detail\\20190812_173746\\../Screenshots/iPhone X/Plan Detail/stm_lifeshield advantage/20190812_180332/58.png]]&#xD;
&#xD;
2019-08-12 18:07:24 - [TEST_STEP][PASSED] - (internal.GlobalVariable.i++): null&#xD;
&#xD;
2019-08-12 18:07:24 - [MESSAGE][PASSED] - Call Test Case 'Test Cases/mobileWeb/_include/get_screenshot' successfully&#xD;
&#xD;
2019-08-12 18:07:24 - [TEST_STEP][PASSED] - scrollToPosition(0, y): Browser is scrolled to position x = 0, y = 35400&#xD;
&#xD;
2019-08-12 18:07:24 - [MESSAGE][PASSED] - Browser is scrolled to position x = 0, y = 35400&#xD;
&#xD;
2019-08-12 18:07:24 - [TEST_STEP][PASSED] - Thread.sleep(3000): null&#xD;
&#xD;
2019-08-12 18:07:27 - [TEST_STEP][PASSED] - callTestCase(findTestCase("mobileWeb/_include/get_screenshot"), [:], STOP_ON_FAILURE): Call Test Case 'Test Cases/mobileWeb/_include/get_screenshot' successfully&#xD;
&#xD;
2019-08-12 18:07:27 - [TEST_CASE][PASSED] - Test Cases/mobileWeb/_include/get_screenshot: Test Cases/mobileWeb/_include/get_screenshot&#xD;
&#xD;
2019-08-12 18:07:27 - [TEST_STEP][PASSED] - takeScreenshot(screenPath + i + ".png"): Taking screenshot successfully&#xD;
&#xD;
2019-08-12 18:07:28 - [MESSAGE][PASSED] - Taking screenshot successfully&#xD;
[[ATTACHMENT|D:\\Test\\AgileTest\\AgileTest\\Reports\\mobileWeb\\plan detail\\20190812_173746\\../Screenshots/iPhone X/Plan Detail/stm_lifeshield advantage/20190812_180332/59.png]]&#xD;
&#xD;
2019-08-12 18:07:28 - [TEST_STEP][PASSED] - (internal.GlobalVariable.i++): null&#xD;
&#xD;
2019-08-12 18:07:28 - [MESSAGE][PASSED] - Call Test Case 'Test Cases/mobileWeb/_include/get_screenshot' successfully&#xD;
&#xD;
2019-08-12 18:07:28 - [TEST_STEP][PASSED] - scrollToPosition(0, y): Browser is scrolled to position x = 0, y = 36000&#xD;
&#xD;
2019-08-12 18:07:28 - [MESSAGE][PASSED] - Browser is scrolled to position x = 0, y = 36000&#xD;
&#xD;
2019-08-12 18:07:28 - [TEST_STEP][PASSED] - Thread.sleep(3000): null&#xD;
&#xD;
2019-08-12 18:07:31 - [MESSAGE][PASSED] - Call Test Case 'Test Cases/mobileWeb/_include/get_scrollScreenshot' successfully</system-out>
            <system-err></system-err>
        </testcase>
        <testcase name="Test Cases/mobileWeb/Other Pages Check/Plan Detail/stm/lifeshield flex" classname="Test Cases/mobileWeb/Other Pages Check/Plan Detail/stm/lifeshield flex" status="PASSED">
            <system-out>2019-08-12 18:07:31 - [TEST_CASE][PASSED] - Test Cases/mobileWeb/Other Pages Check/Plan Detail/stm/lifeshield flex: Test Cases/mobileWeb/Other Pages Check/Plan Detail/stm/lifeshield flex&#xD;
&#xD;
2019-08-12 18:07:31 - [TEST_STEP][PASSED] - callTestCase(findTestCase("mobileWeb/_include/get_screenPath"), ["productLine":"Plan Detail", "carrierName":"stm_lifeshield flex"], CONTINUE_ON_FAILURE): Call Test Case 'Test Cases/mobileWeb/_include/get_screenPath' successfully&#xD;
&#xD;
2019-08-12 18:07:31 - [TEST_CASE][PASSED] - Test Cases/mobileWeb/_include/get_screenPath: Test Cases/mobileWeb/_include/get_screenPath&#xD;
&#xD;
2019-08-12 18:07:31 - [TEST_STEP][PASSED] - m = getExecutionProperties(): null&#xD;
&#xD;
2019-08-12 18:07:31 - [TEST_STEP][PASSED] - deviceName = get("mobileEmulation").get("deviceName"): null&#xD;
&#xD;
2019-08-12 18:07:31 - [TEST_STEP][PASSED] - println(deviceName): null&#xD;
&#xD;
2019-08-12 18:07:31 - [TEST_STEP][PASSED] - now = new java.util.Date(): null&#xD;
&#xD;
2019-08-12 18:07:31 - [TEST_STEP][PASSED] - mydate = now.format("yyyyMMdd_HHmmss"): null&#xD;
&#xD;
2019-08-12 18:07:31 - [TEST_STEP][PASSED] - screenPath = "../Screenshots/": null&#xD;
&#xD;
2019-08-12 18:07:31 - [TEST_STEP][PASSED] - screenPath = screenPath + deviceName + "/" + productLine + "/" + carrierName + "/" + mydate + "/": null&#xD;
&#xD;
2019-08-12 18:07:31 - [TEST_STEP][PASSED] - println(screenPath): null&#xD;
&#xD;
2019-08-12 18:07:31 - [MESSAGE][PASSED] - Call Test Case 'Test Cases/mobileWeb/_include/get_screenPath' successfully&#xD;
&#xD;
2019-08-12 18:07:31 - [TEST_STEP][PASSED] - i = 0: null&#xD;
&#xD;
2019-08-12 18:07:31 - [TEST_STEP][PASSED] - openBrowser("https://praetemptatus.agilehealthinsurance.com/term-health-insurance/plan/lifeshield-flex-fl-5000-20-9000-1000000-extended?census[location][zip]=33186&amp;census[member][0][dob]=1/1/1980&amp;census[member][0][gender]=F&amp;census[member][0][role]=P"): Browser is opened with url: 'https://praetemptatus.agilehealthinsurance.com/term-health-insurance/plan/lifeshield-flex-fl-5000-20-9000-1000000-extended?census[location][zip]=33186&amp;census[member][0][dob]=1/1/1980&amp;census[member][0][gender]=F&amp;census[member][0][role]=P'&#xD;
&#xD;
2019-08-12 18:07:31 - [MESSAGE][WARNING] - A browser is already opened. Closing browser and opening a new one&#xD;
&#xD;
2019-08-12 18:07:32 - [MESSAGE][INFO] - Starting 'Chrome' driver&#xD;
&#xD;
2019-08-12 18:07:32 - [MESSAGE][INFO] - User set preference: ['mobileEmulation', '{deviceName=iPhone X}']&#xD;
&#xD;
2019-08-12 18:07:32 - [MESSAGE][INFO] - User set preference: ['args', '[--incognito, --aggressive-cache-discard, --no-sandbox, --window-size=375,812]']&#xD;
&#xD;
2019-08-12 18:07:42 - [MESSAGE][PASSED] - Browser is opened with url: 'https://praetemptatus.agilehealthinsurance.com/term-health-insurance/plan/lifeshield-flex-fl-5000-20-9000-1000000-extended?census[location][zip]=33186&amp;census[member][0][dob]=1/1/1980&amp;census[member][0][gender]=F&amp;census[member][0][role]=P'&#xD;
&#xD;
2019-08-12 18:07:42 - [TEST_STEP][PASSED] - waitForPageLoad(20): Wait for page load successfully&#xD;
&#xD;
2019-08-12 18:07:42 - [MESSAGE][PASSED] - Wait for page load successfully&#xD;
&#xD;
2019-08-12 18:07:42 - [TEST_STEP][PASSED] - callTestCase(findTestCase("mobileWeb/_include/get_scrollScreenshot"), [:], STOP_ON_FAILURE): Call Test Case 'Test Cases/mobileWeb/_include/get_scrollScreenshot' successfully&#xD;
&#xD;
2019-08-12 18:07:43 - [TEST_CASE][PASSED] - Test Cases/mobileWeb/_include/get_scrollScreenshot: Test Cases/mobileWeb/_include/get_scrollScreenshot&#xD;
&#xD;
2019-08-12 18:07:43 - [TEST_STEP][PASSED] - pageHeight = getPageHeight(): Current page's height is 35811&#xD;
&#xD;
2019-08-12 18:07:43 - [MESSAGE][PASSED] - Current page's height is 35811&#xD;
&#xD;
2019-08-12 18:07:43 - [TEST_STEP][PASSED] - for ([y = 600, y &lt; pageHeight, y = y + 600]): null&#xD;
&#xD;
2019-08-12 18:07:43 - [TEST_STEP][PASSED] - callTestCase(findTestCase("mobileWeb/_include/get_screenshot"), [:], STOP_ON_FAILURE): Call Test Case 'Test Cases/mobileWeb/_include/get_screenshot' successfully&#xD;
&#xD;
2019-08-12 18:07:43 - [TEST_CASE][PASSED] - Test Cases/mobileWeb/_include/get_screenshot: Test Cases/mobileWeb/_include/get_screenshot&#xD;
&#xD;
2019-08-12 18:07:43 - [TEST_STEP][PASSED] - takeScreenshot(screenPath + i + ".png"): Taking screenshot successfully&#xD;
&#xD;
2019-08-12 18:07:43 - [MESSAGE][PASSED] - Taking screenshot successfully&#xD;
[[ATTACHMENT|D:\\Test\\AgileTest\\AgileTest\\Reports\\mobileWeb\\plan detail\\20190812_173746\\../Screenshots/iPhone X/Plan Detail/stm_lifeshield flex/20190812_180731/0.png]]&#xD;
&#xD;
2019-08-12 18:07:43 - [TEST_STEP][PASSED] - (internal.GlobalVariable.i++): null&#xD;
&#xD;
2019-08-12 18:07:43 - [MESSAGE][PASSED] - Call Test Case 'Test Cases/mobileWeb/_include/get_screenshot' successfully&#xD;
&#xD;
2019-08-12 18:07:43 - [TEST_STEP][PASSED] - scrollToPosition(0, y): Browser is scrolled to position x = 0, y = 600&#xD;
&#xD;
2019-08-12 18:07:43 - [MESSAGE][PASSED] - Browser is scrolled to position x = 0, y = 600&#xD;
&#xD;
2019-08-12 18:07:43 - [TEST_STEP][PASSED] - Thread.sleep(3000): null&#xD;
&#xD;
2019-08-12 18:07:46 - [TEST_STEP][PASSED] - callTestCase(findTestCase("mobileWeb/_include/get_screenshot"), [:], STOP_ON_FAILURE): Call Test Case 'Test Cases/mobileWeb/_include/get_screenshot' successfully&#xD;
&#xD;
2019-08-12 18:07:46 - [TEST_CASE][PASSED] - Test Cases/mobileWeb/_include/get_screenshot: Test Cases/mobileWeb/_include/get_screenshot&#xD;
&#xD;
2019-08-12 18:07:46 - [TEST_STEP][PASSED] - takeScreenshot(screenPath + i + ".png"): Taking screenshot successfully&#xD;
&#xD;
2019-08-12 18:07:47 - [MESSAGE][PASSED] - Taking screenshot successfully&#xD;
[[ATTACHMENT|D:\\Test\\AgileTest\\AgileTest\\Reports\\mobileWeb\\plan detail\\20190812_173746\\../Screenshots/iPhone X/Plan Detail/stm_lifeshield flex/20190812_180731/1.png]]&#xD;
&#xD;
2019-08-12 18:07:47 - [TEST_STEP][PASSED] - (internal.GlobalVariable.i++): null&#xD;
&#xD;
2019-08-12 18:07:47 - [MESSAGE][PASSED] - Call Test Case 'Test Cases/mobileWeb/_include/get_screenshot' successfully&#xD;
&#xD;
2019-08-12 18:07:47 - [TEST_STEP][PASSED] - scrollToPosition(0, y): Browser is scrolled to position x = 0, y = 1200&#xD;
&#xD;
2019-08-12 18:07:47 - [MESSAGE][PASSED] - Browser is scrolled to position x = 0, y = 1200&#xD;
&#xD;
2019-08-12 18:07:47 - [TEST_STEP][PASSED] - Thread.sleep(3000): null&#xD;
&#xD;
2019-08-12 18:07:50 - [TEST_STEP][PASSED] - callTestCase(findTestCase("mobileWeb/_include/get_screenshot"), [:], STOP_ON_FAILURE): Call Test Case 'Test Cases/mobileWeb/_include/get_screenshot' successfully&#xD;
&#xD;
2019-08-12 18:07:50 - [TEST_CASE][PASSED] - Test Cases/mobileWeb/_include/get_screenshot: Test Cases/mobileWeb/_include/get_screenshot&#xD;
&#xD;
2019-08-12 18:07:50 - [TEST_STEP][PASSED] - takeScreenshot(screenPath + i + ".png"): Taking screenshot successfully&#xD;
&#xD;
2019-08-12 18:07:51 - [MESSAGE][PASSED] - Taking screenshot successfully&#xD;
[[ATTACHMENT|D:\\Test\\AgileTest\\AgileTest\\Reports\\mobileWeb\\plan detail\\20190812_173746\\../Screenshots/iPhone X/Plan Detail/stm_lifeshield flex/20190812_180731/2.png]]&#xD;
&#xD;
2019-08-12 18:07:51 - [TEST_STEP][PASSED] - (internal.GlobalVariable.i++): null&#xD;
&#xD;
2019-08-12 18:07:51 - [MESSAGE][PASSED] - Call Test Case 'Test Cases/mobileWeb/_include/get_screenshot' successfully&#xD;
&#xD;
2019-08-12 18:07:51 - [TEST_STEP][PASSED] - scrollToPosition(0, y): Browser is scrolled to position x = 0, y = 1800&#xD;
&#xD;
2019-08-12 18:07:51 - [MESSAGE][PASSED] - Browser is scrolled to position x = 0, y = 1800&#xD;
&#xD;
2019-08-12 18:07:51 - [TEST_STEP][PASSED] - Thread.sleep(3000): null&#xD;
&#xD;
2019-08-12 18:07:54 - [TEST_STEP][PASSED] - callTestCase(findTestCase("mobileWeb/_include/get_screenshot"), [:], STOP_ON_FAILURE): Call Test Case 'Test Cases/mobileWeb/_include/get_screenshot' successfully&#xD;
&#xD;
2019-08-12 18:07:54 - [TEST_CASE][PASSED] - Test Cases/mobileWeb/_include/get_screenshot: Test Cases/mobileWeb/_include/get_screenshot&#xD;
&#xD;
2019-08-12 18:07:54 - [TEST_STEP][PASSED] - takeScreenshot(screenPath + i + ".png"): Taking screenshot successfully&#xD;
&#xD;
2019-08-12 18:07:55 - [MESSAGE][PASSED] - Taking screenshot successfully&#xD;
[[ATTACHMENT|D:\\Test\\AgileTest\\AgileTest\\Reports\\mobileWeb\\plan detail\\20190812_173746\\../Screenshots/iPhone X/Plan Detail/stm_lifeshield flex/20190812_180731/3.png]]&#xD;
&#xD;
2019-08-12 18:07:55 - [TEST_STEP][PASSED] - (internal.GlobalVariable.i++): null&#xD;
&#xD;
2019-08-12 18:07:55 - [MESSAGE][PASSED] - Call Test Case 'Test Cases/mobileWeb/_include/get_screenshot' successfully&#xD;
&#xD;
2019-08-12 18:07:55 - [TEST_STEP][PASSED] - scrollToPosition(0, y): Browser is scrolled to position x = 0, y = 2400&#xD;
&#xD;
2019-08-12 18:07:55 - [MESSAGE][PASSED] - Browser is scrolled to position x = 0, y = 2400&#xD;
&#xD;
2019-08-12 18:07:55 - [TEST_STEP][PASSED] - Thread.sleep(3000): null&#xD;
&#xD;
2019-08-12 18:07:58 - [TEST_STEP][PASSED] - callTestCase(findTestCase("mobileWeb/_include/get_screenshot"), [:], STOP_ON_FAILURE): Call Test Case 'Test Cases/mobileWeb/_include/get_screenshot' successfully&#xD;
&#xD;
2019-08-12 18:07:58 - [TEST_CASE][PASSED] - Test Cases/mobileWeb/_include/get_screenshot: Test Cases/mobileWeb/_include/get_screenshot&#xD;
&#xD;
2019-08-12 18:07:58 - [TEST_STEP][PASSED] - takeScreenshot(screenPath + i + ".png"): Taking screenshot successfully&#xD;
&#xD;
2019-08-12 18:07:59 - [MESSAGE][PASSED] - Taking screenshot successfully&#xD;
[[ATTACHMENT|D:\\Test\\AgileTest\\AgileTest\\Reports\\mobileWeb\\plan detail\\20190812_173746\\../Screenshots/iPhone X/Plan Detail/stm_lifeshield flex/20190812_180731/4.png]]&#xD;
&#xD;
2019-08-12 18:07:59 - [TEST_STEP][PASSED] - (internal.GlobalVariable.i++): null&#xD;
&#xD;
2019-08-12 18:07:59 - [MESSAGE][PASSED] - Call Test Case 'Test Cases/mobileWeb/_include/get_screenshot' successfully&#xD;
&#xD;
2019-08-12 18:07:59 - [TEST_STEP][PASSED] - scrollToPosition(0, y): Browser is scrolled to position x = 0, y = 3000&#xD;
&#xD;
2019-08-12 18:07:59 - [MESSAGE][PASSED] - Browser is scrolled to position x = 0, y = 3000&#xD;
&#xD;
2019-08-12 18:07:59 - [TEST_STEP][PASSED] - Thread.sleep(3000): null&#xD;
&#xD;
2019-08-12 18:08:02 - [TEST_STEP][PASSED] - callTestCase(findTestCase("mobileWeb/_include/get_screenshot"), [:], STOP_ON_FAILURE): Call Test Case 'Test Cases/mobileWeb/_include/get_screenshot' successfully&#xD;
&#xD;
2019-08-12 18:08:02 - [TEST_CASE][PASSED] - Test Cases/mobileWeb/_include/get_screenshot: Test Cases/mobileWeb/_include/get_screenshot&#xD;
&#xD;
2019-08-12 18:08:02 - [TEST_STEP][PASSED] - takeScreenshot(screenPath + i + ".png"): Taking screenshot successfully&#xD;
&#xD;
2019-08-12 18:08:02 - [MESSAGE][PASSED] - Taking screenshot successfully&#xD;
[[ATTACHMENT|D:\\Test\\AgileTest\\AgileTest\\Reports\\mobileWeb\\plan detail\\20190812_173746\\../Screenshots/iPhone X/Plan Detail/stm_lifeshield flex/20190812_180731/5.png]]&#xD;
&#xD;
2019-08-12 18:08:02 - [TEST_STEP][PASSED] - (internal.GlobalVariable.i++): null&#xD;
&#xD;
2019-08-12 18:08:02 - [MESSAGE][PASSED] - Call Test Case 'Test Cases/mobileWeb/_include/get_screenshot' successfully&#xD;
&#xD;
2019-08-12 18:08:02 - [TEST_STEP][PASSED] - scrollToPosition(0, y): Browser is scrolled to position x = 0, y = 3600&#xD;
&#xD;
2019-08-12 18:08:02 - [MESSAGE][PASSED] - Browser is scrolled to position x = 0, y = 3600&#xD;
&#xD;
2019-08-12 18:08:02 - [TEST_STEP][PASSED] - Thread.sleep(3000): null&#xD;
&#xD;
2019-08-12 18:08:05 - [TEST_STEP][PASSED] - callTestCase(findTestCase("mobileWeb/_include/get_screenshot"), [:], STOP_ON_FAILURE): Call Test Case 'Test Cases/mobileWeb/_include/get_screenshot' successfully&#xD;
&#xD;
2019-08-12 18:08:05 - [TEST_CASE][PASSED] - Test Cases/mobileWeb/_include/get_screenshot: Test Cases/mobileWeb/_include/get_screenshot&#xD;
&#xD;
2019-08-12 18:08:05 - [TEST_STEP][PASSED] - takeScreenshot(screenPath + i + ".png"): Taking screenshot successfully&#xD;
&#xD;
2019-08-12 18:08:07 - [MESSAGE][PASSED] - Taking screenshot successfully&#xD;
[[ATTACHMENT|D:\\Test\\AgileTest\\AgileTest\\Reports\\mobileWeb\\plan detail\\20190812_173746\\../Screenshots/iPhone X/Plan Detail/stm_lifeshield flex/20190812_180731/6.png]]&#xD;
&#xD;
2019-08-12 18:08:07 - [TEST_STEP][PASSED] - (internal.GlobalVariable.i++): null&#xD;
&#xD;
2019-08-12 18:08:07 - [MESSAGE][PASSED] - Call Test Case 'Test Cases/mobileWeb/_include/get_screenshot' successfully&#xD;
&#xD;
2019-08-12 18:08:07 - [TEST_STEP][PASSED] - scrollToPosition(0, y): Browser is scrolled to position x = 0, y = 4200&#xD;
&#xD;
2019-08-12 18:08:07 - [MESSAGE][PASSED] - Browser is scrolled to position x = 0, y = 4200&#xD;
&#xD;
2019-08-12 18:08:07 - [TEST_STEP][PASSED] - Thread.sleep(3000): null&#xD;
&#xD;
2019-08-12 18:08:10 - [TEST_STEP][PASSED] - callTestCase(findTestCase("mobileWeb/_include/get_screenshot"), [:], STOP_ON_FAILURE): Call Test Case 'Test Cases/mobileWeb/_include/get_screenshot' successfully&#xD;
&#xD;
2019-08-12 18:08:10 - [TEST_CASE][PASSED] - Test Cases/mobileWeb/_include/get_screenshot: Test Cases/mobileWeb/_include/get_screenshot&#xD;
&#xD;
2019-08-12 18:08:10 - [TEST_STEP][PASSED] - takeScreenshot(screenPath + i + ".png"): Taking screenshot successfully&#xD;
&#xD;
2019-08-12 18:08:10 - [MESSAGE][PASSED] - Taking screenshot successfully&#xD;
[[ATTACHMENT|D:\\Test\\AgileTest\\AgileTest\\Reports\\mobileWeb\\plan detail\\20190812_173746\\../Screenshots/iPhone X/Plan Detail/stm_lifeshield flex/20190812_180731/7.png]]&#xD;
&#xD;
2019-08-12 18:08:10 - [TEST_STEP][PASSED] - (internal.GlobalVariable.i++): null&#xD;
&#xD;
2019-08-12 18:08:10 - [MESSAGE][PASSED] - Call Test Case 'Test Cases/mobileWeb/_include/get_screenshot' successfully&#xD;
&#xD;
2019-08-12 18:08:10 - [TEST_STEP][PASSED] - scrollToPosition(0, y): Browser is scrolled to position x = 0, y = 4800&#xD;
&#xD;
2019-08-12 18:08:10 - [MESSAGE][PASSED] - Browser is scrolled to position x = 0, y = 4800&#xD;
&#xD;
2019-08-12 18:08:10 - [TEST_STEP][PASSED] - Thread.sleep(3000): null&#xD;
&#xD;
2019-08-12 18:08:13 - [TEST_STEP][PASSED] - callTestCase(findTestCase("mobileWeb/_include/get_screenshot"), [:], STOP_ON_FAILURE): Call Test Case 'Test Cases/mobileWeb/_include/get_screenshot' successfully&#xD;
&#xD;
2019-08-12 18:08:13 - [TEST_CASE][PASSED] - Test Cases/mobileWeb/_include/get_screenshot: Test Cases/mobileWeb/_include/get_screenshot&#xD;
&#xD;
2019-08-12 18:08:13 - [TEST_STEP][PASSED] - takeScreenshot(screenPath + i + ".png"): Taking screenshot successfully&#xD;
&#xD;
2019-08-12 18:08:14 - [MESSAGE][PASSED] - Taking screenshot successfully&#xD;
[[ATTACHMENT|D:\\Test\\AgileTest\\AgileTest\\Reports\\mobileWeb\\plan detail\\20190812_173746\\../Screenshots/iPhone X/Plan Detail/stm_lifeshield flex/20190812_180731/8.png]]&#xD;
&#xD;
2019-08-12 18:08:14 - [TEST_STEP][PASSED] - (internal.GlobalVariable.i++): null&#xD;
&#xD;
2019-08-12 18:08:14 - [MESSAGE][PASSED] - Call Test Case 'Test Cases/mobileWeb/_include/get_screenshot' successfully&#xD;
&#xD;
2019-08-12 18:08:14 - [TEST_STEP][PASSED] - scrollToPosition(0, y): Browser is scrolled to position x = 0, y = 5400&#xD;
&#xD;
2019-08-12 18:08:14 - [MESSAGE][PASSED] - Browser is scrolled to position x = 0, y = 5400&#xD;
&#xD;
2019-08-12 18:08:14 - [TEST_STEP][PASSED] - Thread.sleep(3000): null&#xD;
&#xD;
2019-08-12 18:08:17 - [TEST_STEP][PASSED] - callTestCase(findTestCase("mobileWeb/_include/get_screenshot"), [:], STOP_ON_FAILURE): Call Test Case 'Test Cases/mobileWeb/_include/get_screenshot' successfully&#xD;
&#xD;
2019-08-12 18:08:17 - [TEST_CASE][PASSED] - Test Cases/mobileWeb/_include/get_screenshot: Test Cases/mobileWeb/_include/get_screenshot&#xD;
&#xD;
2019-08-12 18:08:17 - [TEST_STEP][PASSED] - takeScreenshot(screenPath + i + ".png"): Taking screenshot successfully&#xD;
&#xD;
2019-08-12 18:08:18 - [MESSAGE][PASSED] - Taking screenshot successfully&#xD;
[[ATTACHMENT|D:\\Test\\AgileTest\\AgileTest\\Reports\\mobileWeb\\plan detail\\20190812_173746\\../Screenshots/iPhone X/Plan Detail/stm_lifeshield flex/20190812_180731/9.png]]&#xD;
&#xD;
2019-08-12 18:08:18 - [TEST_STEP][PASSED] - (internal.GlobalVariable.i++): null&#xD;
&#xD;
2019-08-12 18:08:18 - [MESSAGE][PASSED] - Call Test Case 'Test Cases/mobileWeb/_include/get_screenshot' successfully&#xD;
&#xD;
2019-08-12 18:08:18 - [TEST_STEP][PASSED] - scrollToPosition(0, y): Browser is scrolled to position x = 0, y = 6000&#xD;
&#xD;
2019-08-12 18:08:18 - [MESSAGE][PASSED] - Browser is scrolled to position x = 0, y = 6000&#xD;
&#xD;
2019-08-12 18:08:18 - [TEST_STEP][PASSED] - Thread.sleep(3000): null&#xD;
&#xD;
2019-08-12 18:08:21 - [TEST_STEP][PASSED] - callTestCase(findTestCase("mobileWeb/_include/get_screenshot"), [:], STOP_ON_FAILURE): Call Test Case 'Test Cases/mobileWeb/_include/get_screenshot' successfully&#xD;
&#xD;
2019-08-12 18:08:21 - [TEST_CASE][PASSED] - Test Cases/mobileWeb/_include/get_screenshot: Test Cases/mobileWeb/_include/get_screenshot&#xD;
&#xD;
2019-08-12 18:08:21 - [TEST_STEP][PASSED] - takeScreenshot(screenPath + i + ".png"): Taking screenshot successfully&#xD;
&#xD;
2019-08-12 18:08:22 - [MESSAGE][PASSED] - Taking screenshot successfully&#xD;
[[ATTACHMENT|D:\\Test\\AgileTest\\AgileTest\\Reports\\mobileWeb\\plan detail\\20190812_173746\\../Screenshots/iPhone X/Plan Detail/stm_lifeshield flex/20190812_180731/10.png]]&#xD;
&#xD;
2019-08-12 18:08:22 - [TEST_STEP][PASSED] - (internal.GlobalVariable.i++): null&#xD;
&#xD;
2019-08-12 18:08:22 - [MESSAGE][PASSED] - Call Test Case 'Test Cases/mobileWeb/_include/get_screenshot' successfully&#xD;
&#xD;
2019-08-12 18:08:22 - [TEST_STEP][PASSED] - scrollToPosition(0, y): Browser is scrolled to position x = 0, y = 6600&#xD;
&#xD;
2019-08-12 18:08:22 - [MESSAGE][PASSED] - Browser is scrolled to position x = 0, y = 6600&#xD;
&#xD;
2019-08-12 18:08:22 - [TEST_STEP][PASSED] - Thread.sleep(3000): null&#xD;
&#xD;
2019-08-12 18:08:25 - [TEST_STEP][PASSED] - callTestCase(findTestCase("mobileWeb/_include/get_screenshot"), [:], STOP_ON_FAILURE): Call Test Case 'Test Cases/mobileWeb/_include/get_screenshot' successfully&#xD;
&#xD;
2019-08-12 18:08:25 - [TEST_CASE][PASSED] - Test Cases/mobileWeb/_include/get_screenshot: Test Cases/mobileWeb/_include/get_screenshot&#xD;
&#xD;
2019-08-12 18:08:25 - [TEST_STEP][PASSED] - takeScreenshot(screenPath + i + ".png"): Taking screenshot successfully&#xD;
&#xD;
2019-08-12 18:08:25 - [MESSAGE][PASSED] - Taking screenshot successfully&#xD;
[[ATTACHMENT|D:\\Test\\AgileTest\\AgileTest\\Reports\\mobileWeb\\plan detail\\20190812_173746\\../Screenshots/iPhone X/Plan Detail/stm_lifeshield flex/20190812_180731/11.png]]&#xD;
&#xD;
2019-08-12 18:08:25 - [TEST_STEP][PASSED] - (internal.GlobalVariable.i++): null&#xD;
&#xD;
2019-08-12 18:08:25 - [MESSAGE][PASSED] - Call Test Case 'Test Cases/mobileWeb/_include/get_screenshot' successfully&#xD;
&#xD;
2019-08-12 18:08:25 - [TEST_STEP][PASSED] - scrollToPosition(0, y): Browser is scrolled to position x = 0, y = 7200&#xD;
&#xD;
2019-08-12 18:08:25 - [MESSAGE][PASSED] - Browser is scrolled to position x = 0, y = 7200&#xD;
&#xD;
2019-08-12 18:08:25 - [TEST_STEP][PASSED] - Thread.sleep(3000): null&#xD;
&#xD;
2019-08-12 18:08:28 - [TEST_STEP][PASSED] - callTestCase(findTestCase("mobileWeb/_include/get_screenshot"), [:], STOP_ON_FAILURE): Call Test Case 'Test Cases/mobileWeb/_include/get_screenshot' successfully&#xD;
&#xD;
2019-08-12 18:08:28 - [TEST_CASE][PASSED] - Test Cases/mobileWeb/_include/get_screenshot: Test Cases/mobileWeb/_include/get_screenshot&#xD;
&#xD;
2019-08-12 18:08:28 - [TEST_STEP][PASSED] - takeScreenshot(screenPath + i + ".png"): Taking screenshot successfully&#xD;
&#xD;
2019-08-12 18:08:29 - [MESSAGE][PASSED] - Taking screenshot successfully&#xD;
[[ATTACHMENT|D:\\Test\\AgileTest\\AgileTest\\Reports\\mobileWeb\\plan detail\\20190812_173746\\../Screenshots/iPhone X/Plan Detail/stm_lifeshield flex/20190812_180731/12.png]]&#xD;
&#xD;
2019-08-12 18:08:29 - [TEST_STEP][PASSED] - (internal.GlobalVariable.i++): null&#xD;
&#xD;
2019-08-12 18:08:29 - [MESSAGE][PASSED] - Call Test Case 'Test Cases/mobileWeb/_include/get_screenshot' successfully&#xD;
&#xD;
2019-08-12 18:08:29 - [TEST_STEP][PASSED] - scrollToPosition(0, y): Browser is scrolled to position x = 0, y = 7800&#xD;
&#xD;
2019-08-12 18:08:29 - [MESSAGE][PASSED] - Browser is scrolled to position x = 0, y = 7800&#xD;
&#xD;
2019-08-12 18:08:29 - [TEST_STEP][PASSED] - Thread.sleep(3000): null&#xD;
&#xD;
2019-08-12 18:08:32 - [TEST_STEP][PASSED] - callTestCase(findTestCase("mobileWeb/_include/get_screenshot"), [:], STOP_ON_FAILURE): Call Test Case 'Test Cases/mobileWeb/_include/get_screenshot' successfully&#xD;
&#xD;
2019-08-12 18:08:32 - [TEST_CASE][PASSED] - Test Cases/mobileWeb/_include/get_screenshot: Test Cases/mobileWeb/_include/get_screenshot&#xD;
&#xD;
2019-08-12 18:08:32 - [TEST_STEP][PASSED] - takeScreenshot(screenPath + i + ".png"): Taking screenshot successfully&#xD;
&#xD;
2019-08-12 18:08:33 - [MESSAGE][PASSED] - Taking screenshot successfully&#xD;
[[ATTACHMENT|D:\\Test\\AgileTest\\AgileTest\\Reports\\mobileWeb\\plan detail\\20190812_173746\\../Screenshots/iPhone X/Plan Detail/stm_lifeshield flex/20190812_180731/13.png]]&#xD;
&#xD;
2019-08-12 18:08:33 - [TEST_STEP][PASSED] - (internal.GlobalVariable.i++): null&#xD;
&#xD;
2019-08-12 18:08:33 - [MESSAGE][PASSED] - Call Test Case 'Test Cases/mobileWeb/_include/get_screenshot' successfully&#xD;
&#xD;
2019-08-12 18:08:33 - [TEST_STEP][PASSED] - scrollToPosition(0, y): Browser is scrolled to position x = 0, y = 8400&#xD;
&#xD;
2019-08-12 18:08:33 - [MESSAGE][PASSED] - Browser is scrolled to position x = 0, y = 8400&#xD;
&#xD;
2019-08-12 18:08:33 - [TEST_STEP][PASSED] - Thread.sleep(3000): null&#xD;
&#xD;
2019-08-12 18:08:36 - [TEST_STEP][PASSED] - callTestCase(findTestCase("mobileWeb/_include/get_screenshot"), [:], STOP_ON_FAILURE): Call Test Case 'Test Cases/mobileWeb/_include/get_screenshot' successfully&#xD;
&#xD;
2019-08-12 18:08:36 - [TEST_CASE][PASSED] - Test Cases/mobileWeb/_include/get_screenshot: Test Cases/mobileWeb/_include/get_screenshot&#xD;
&#xD;
2019-08-12 18:08:36 - [TEST_STEP][PASSED] - takeScreenshot(screenPath + i + ".png"): Taking screenshot successfully&#xD;
&#xD;
2019-08-12 18:08:37 - [MESSAGE][PASSED] - Taking screenshot successfully&#xD;
[[ATTACHMENT|D:\\Test\\AgileTest\\AgileTest\\Reports\\mobileWeb\\plan detail\\20190812_173746\\../Screenshots/iPhone X/Plan Detail/stm_lifeshield flex/20190812_180731/14.png]]&#xD;
&#xD;
2019-08-12 18:08:37 - [TEST_STEP][PASSED] - (internal.GlobalVariable.i++): null&#xD;
&#xD;
2019-08-12 18:08:37 - [MESSAGE][PASSED] - Call Test Case 'Test Cases/mobileWeb/_include/get_screenshot' successfully&#xD;
&#xD;
2019-08-12 18:08:37 - [TEST_STEP][PASSED] - scrollToPosition(0, y): Browser is scrolled to position x = 0, y = 9000&#xD;
&#xD;
2019-08-12 18:08:37 - [MESSAGE][PASSED] - Browser is scrolled to position x = 0, y = 9000&#xD;
&#xD;
2019-08-12 18:08:37 - [TEST_STEP][PASSED] - Thread.sleep(3000): null&#xD;
&#xD;
2019-08-12 18:08:40 - [TEST_STEP][PASSED] - callTestCase(findTestCase("mobileWeb/_include/get_screenshot"), [:], STOP_ON_FAILURE): Call Test Case 'Test Cases/mobileWeb/_include/get_screenshot' successfully&#xD;
&#xD;
2019-08-12 18:08:40 - [TEST_CASE][PASSED] - Test Cases/mobileWeb/_include/get_screenshot: Test Cases/mobileWeb/_include/get_screenshot&#xD;
&#xD;
2019-08-12 18:08:40 - [TEST_STEP][PASSED] - takeScreenshot(screenPath + i + ".png"): Taking screenshot successfully&#xD;
&#xD;
2019-08-12 18:08:41 - [MESSAGE][PASSED] - Taking screenshot successfully&#xD;
[[ATTACHMENT|D:\\Test\\AgileTest\\AgileTest\\Reports\\mobileWeb\\plan detail\\20190812_173746\\../Screenshots/iPhone X/Plan Detail/stm_lifeshield flex/20190812_180731/15.png]]&#xD;
&#xD;
2019-08-12 18:08:41 - [TEST_STEP][PASSED] - (internal.GlobalVariable.i++): null&#xD;
&#xD;
2019-08-12 18:08:41 - [MESSAGE][PASSED] - Call Test Case 'Test Cases/mobileWeb/_include/get_screenshot' successfully&#xD;
&#xD;
2019-08-12 18:08:41 - [TEST_STEP][PASSED] - scrollToPosition(0, y): Browser is scrolled to position x = 0, y = 9600&#xD;
&#xD;
2019-08-12 18:08:41 - [MESSAGE][PASSED] - Browser is scrolled to position x = 0, y = 9600&#xD;
&#xD;
2019-08-12 18:08:41 - [TEST_STEP][PASSED] - Thread.sleep(3000): null&#xD;
&#xD;
2019-08-12 18:08:44 - [TEST_STEP][PASSED] - callTestCase(findTestCase("mobileWeb/_include/get_screenshot"), [:], STOP_ON_FAILURE): Call Test Case 'Test Cases/mobileWeb/_include/get_screenshot' successfully&#xD;
&#xD;
2019-08-12 18:08:44 - [TEST_CASE][PASSED] - Test Cases/mobileWeb/_include/get_screenshot: Test Cases/mobileWeb/_include/get_screenshot&#xD;
&#xD;
2019-08-12 18:08:44 - [TEST_STEP][PASSED] - takeScreenshot(screenPath + i + ".png"): Taking screenshot successfully&#xD;
&#xD;
2019-08-12 18:08:45 - [MESSAGE][PASSED] - Taking screenshot successfully&#xD;
[[ATTACHMENT|D:\\Test\\AgileTest\\AgileTest\\Reports\\mobileWeb\\plan detail\\20190812_173746\\../Screenshots/iPhone X/Plan Detail/stm_lifeshield flex/20190812_180731/16.png]]&#xD;
&#xD;
2019-08-12 18:08:45 - [TEST_STEP][PASSED] - (internal.GlobalVariable.i++): null&#xD;
&#xD;
2019-08-12 18:08:45 - [MESSAGE][PASSED] - Call Test Case 'Test Cases/mobileWeb/_include/get_screenshot' successfully&#xD;
&#xD;
2019-08-12 18:08:45 - [TEST_STEP][PASSED] - scrollToPosition(0, y): Browser is scrolled to position x = 0, y = 10200&#xD;
&#xD;
2019-08-12 18:08:45 - [MESSAGE][PASSED] - Browser is scrolled to position x = 0, y = 10200&#xD;
&#xD;
2019-08-12 18:08:45 - [TEST_STEP][PASSED] - Thread.sleep(3000): null&#xD;
&#xD;
2019-08-12 18:08:48 - [TEST_STEP][PASSED] - callTestCase(findTestCase("mobileWeb/_include/get_screenshot"), [:], STOP_ON_FAILURE): Call Test Case 'Test Cases/mobileWeb/_include/get_screenshot' successfully&#xD;
&#xD;
2019-08-12 18:08:48 - [TEST_CASE][PASSED] - Test Cases/mobileWeb/_include/get_screenshot: Test Cases/mobileWeb/_include/get_screenshot&#xD;
&#xD;
2019-08-12 18:08:48 - [TEST_STEP][PASSED] - takeScreenshot(screenPath + i + ".png"): Taking screenshot successfully&#xD;
&#xD;
2019-08-12 18:08:48 - [MESSAGE][PASSED] - Taking screenshot successfully&#xD;
[[ATTACHMENT|D:\\Test\\AgileTest\\AgileTest\\Reports\\mobileWeb\\plan detail\\20190812_173746\\../Screenshots/iPhone X/Plan Detail/stm_lifeshield flex/20190812_180731/17.png]]&#xD;
&#xD;
2019-08-12 18:08:48 - [TEST_STEP][PASSED] - (internal.GlobalVariable.i++): null&#xD;
&#xD;
2019-08-12 18:08:48 - [MESSAGE][PASSED] - Call Test Case 'Test Cases/mobileWeb/_include/get_screenshot' successfully&#xD;
&#xD;
2019-08-12 18:08:48 - [TEST_STEP][PASSED] - scrollToPosition(0, y): Browser is scrolled to position x = 0, y = 10800&#xD;
&#xD;
2019-08-12 18:08:48 - [MESSAGE][PASSED] - Browser is scrolled to position x = 0, y = 10800&#xD;
&#xD;
2019-08-12 18:08:48 - [TEST_STEP][PASSED] - Thread.sleep(3000): null&#xD;
&#xD;
2019-08-12 18:08:51 - [TEST_STEP][PASSED] - callTestCase(findTestCase("mobileWeb/_include/get_screenshot"), [:], STOP_ON_FAILURE): Call Test Case 'Test Cases/mobileWeb/_include/get_screenshot' successfully&#xD;
&#xD;
2019-08-12 18:08:51 - [TEST_CASE][PASSED] - Test Cases/mobileWeb/_include/get_screenshot: Test Cases/mobileWeb/_include/get_screenshot&#xD;
&#xD;
2019-08-12 18:08:51 - [TEST_STEP][PASSED] - takeScreenshot(screenPath + i + ".png"): Taking screenshot successfully&#xD;
&#xD;
2019-08-12 18:08:52 - [MESSAGE][PASSED] - Taking screenshot successfully&#xD;
[[ATTACHMENT|D:\\Test\\AgileTest\\AgileTest\\Reports\\mobileWeb\\plan detail\\20190812_173746\\../Screenshots/iPhone X/Plan Detail/stm_lifeshield flex/20190812_180731/18.png]]&#xD;
&#xD;
2019-08-12 18:08:52 - [TEST_STEP][PASSED] - (internal.GlobalVariable.i++): null&#xD;
&#xD;
2019-08-12 18:08:52 - [MESSAGE][PASSED] - Call Test Case 'Test Cases/mobileWeb/_include/get_screenshot' successfully&#xD;
&#xD;
2019-08-12 18:08:52 - [TEST_STEP][PASSED] - scrollToPosition(0, y): Browser is scrolled to position x = 0, y = 11400&#xD;
&#xD;
2019-08-12 18:08:52 - [MESSAGE][PASSED] - Browser is scrolled to position x = 0, y = 11400&#xD;
&#xD;
2019-08-12 18:08:52 - [TEST_STEP][PASSED] - Thread.sleep(3000): null&#xD;
&#xD;
2019-08-12 18:08:55 - [TEST_STEP][PASSED] - callTestCase(findTestCase("mobileWeb/_include/get_screenshot"), [:], STOP_ON_FAILURE): Call Test Case 'Test Cases/mobileWeb/_include/get_screenshot' successfully&#xD;
&#xD;
2019-08-12 18:08:55 - [TEST_CASE][PASSED] - Test Cases/mobileWeb/_include/get_screenshot: Test Cases/mobileWeb/_include/get_screenshot&#xD;
&#xD;
2019-08-12 18:08:55 - [TEST_STEP][PASSED] - takeScreenshot(screenPath + i + ".png"): Taking screenshot successfully&#xD;
&#xD;
2019-08-12 18:08:56 - [MESSAGE][PASSED] - Taking screenshot successfully&#xD;
[[ATTACHMENT|D:\\Test\\AgileTest\\AgileTest\\Reports\\mobileWeb\\plan detail\\20190812_173746\\../Screenshots/iPhone X/Plan Detail/stm_lifeshield flex/20190812_180731/19.png]]&#xD;
&#xD;
2019-08-12 18:08:56 - [TEST_STEP][PASSED] - (internal.GlobalVariable.i++): null&#xD;
&#xD;
2019-08-12 18:08:56 - [MESSAGE][PASSED] - Call Test Case 'Test Cases/mobileWeb/_include/get_screenshot' successfully&#xD;
&#xD;
2019-08-12 18:08:56 - [TEST_STEP][PASSED] - scrollToPosition(0, y): Browser is scrolled to position x = 0, y = 12000&#xD;
&#xD;
2019-08-12 18:08:56 - [MESSAGE][PASSED] - Browser is scrolled to position x = 0, y = 12000&#xD;
&#xD;
2019-08-12 18:08:56 - [TEST_STEP][PASSED] - Thread.sleep(3000): null&#xD;
&#xD;
2019-08-12 18:08:59 - [TEST_STEP][PASSED] - callTestCase(findTestCase("mobileWeb/_include/get_screenshot"), [:], STOP_ON_FAILURE): Call Test Case 'Test Cases/mobileWeb/_include/get_screenshot' successfully&#xD;
&#xD;
2019-08-12 18:08:59 - [TEST_CASE][PASSED] - Test Cases/mobileWeb/_include/get_screenshot: Test Cases/mobileWeb/_include/get_screenshot&#xD;
&#xD;
2019-08-12 18:08:59 - [TEST_STEP][PASSED] - takeScreenshot(screenPath + i + ".png"): Taking screenshot successfully&#xD;
&#xD;
2019-08-12 18:09:00 - [MESSAGE][PASSED] - Taking screenshot successfully&#xD;
[[ATTACHMENT|D:\\Test\\AgileTest\\AgileTest\\Reports\\mobileWeb\\plan detail\\20190812_173746\\../Screenshots/iPhone X/Plan Detail/stm_lifeshield flex/20190812_180731/20.png]]&#xD;
&#xD;
2019-08-12 18:09:00 - [TEST_STEP][PASSED] - (internal.GlobalVariable.i++): null&#xD;
&#xD;
2019-08-12 18:09:00 - [MESSAGE][PASSED] - Call Test Case 'Test Cases/mobileWeb/_include/get_screenshot' successfully&#xD;
&#xD;
2019-08-12 18:09:00 - [TEST_STEP][PASSED] - scrollToPosition(0, y): Browser is scrolled to position x = 0, y = 12600&#xD;
&#xD;
2019-08-12 18:09:00 - [MESSAGE][PASSED] - Browser is scrolled to position x = 0, y = 12600&#xD;
&#xD;
2019-08-12 18:09:00 - [TEST_STEP][PASSED] - Thread.sleep(3000): null&#xD;
&#xD;
2019-08-12 18:09:03 - [TEST_STEP][PASSED] - callTestCase(findTestCase("mobileWeb/_include/get_screenshot"), [:], STOP_ON_FAILURE): Call Test Case 'Test Cases/mobileWeb/_include/get_screenshot' successfully&#xD;
&#xD;
2019-08-12 18:09:03 - [TEST_CASE][PASSED] - Test Cases/mobileWeb/_include/get_screenshot: Test Cases/mobileWeb/_include/get_screenshot&#xD;
&#xD;
2019-08-12 18:09:03 - [TEST_STEP][PASSED] - takeScreenshot(screenPath + i + ".png"): Taking screenshot successfully&#xD;
&#xD;
2019-08-12 18:09:04 - [MESSAGE][PASSED] - Taking screenshot successfully&#xD;
[[ATTACHMENT|D:\\Test\\AgileTest\\AgileTest\\Reports\\mobileWeb\\plan detail\\20190812_173746\\../Screenshots/iPhone X/Plan Detail/stm_lifeshield flex/20190812_180731/21.png]]&#xD;
&#xD;
2019-08-12 18:09:04 - [TEST_STEP][PASSED] - (internal.GlobalVariable.i++): null&#xD;
&#xD;
2019-08-12 18:09:04 - [MESSAGE][PASSED] - Call Test Case 'Test Cases/mobileWeb/_include/get_screenshot' successfully&#xD;
&#xD;
2019-08-12 18:09:04 - [TEST_STEP][PASSED] - scrollToPosition(0, y): Browser is scrolled to position x = 0, y = 13200&#xD;
&#xD;
2019-08-12 18:09:04 - [MESSAGE][PASSED] - Browser is scrolled to position x = 0, y = 13200&#xD;
&#xD;
2019-08-12 18:09:04 - [TEST_STEP][PASSED] - Thread.sleep(3000): null&#xD;
&#xD;
2019-08-12 18:09:07 - [TEST_STEP][PASSED] - callTestCase(findTestCase("mobileWeb/_include/get_screenshot"), [:], STOP_ON_FAILURE): Call Test Case 'Test Cases/mobileWeb/_include/get_screenshot' successfully&#xD;
&#xD;
2019-08-12 18:09:07 - [TEST_CASE][PASSED] - Test Cases/mobileWeb/_include/get_screenshot: Test Cases/mobileWeb/_include/get_screenshot&#xD;
&#xD;
2019-08-12 18:09:07 - [TEST_STEP][PASSED] - takeScreenshot(screenPath + i + ".png"): Taking screenshot successfully&#xD;
&#xD;
2019-08-12 18:09:07 - [MESSAGE][PASSED] - Taking screenshot successfully&#xD;
[[ATTACHMENT|D:\\Test\\AgileTest\\AgileTest\\Reports\\mobileWeb\\plan detail\\20190812_173746\\../Screenshots/iPhone X/Plan Detail/stm_lifeshield flex/20190812_180731/22.png]]&#xD;
&#xD;
2019-08-12 18:09:07 - [TEST_STEP][PASSED] - (internal.GlobalVariable.i++): null&#xD;
&#xD;
2019-08-12 18:09:07 - [MESSAGE][PASSED] - Call Test Case 'Test Cases/mobileWeb/_include/get_screenshot' successfully&#xD;
&#xD;
2019-08-12 18:09:07 - [TEST_STEP][PASSED] - scrollToPosition(0, y): Browser is scrolled to position x = 0, y = 13800&#xD;
&#xD;
2019-08-12 18:09:07 - [MESSAGE][PASSED] - Browser is scrolled to position x = 0, y = 13800&#xD;
&#xD;
2019-08-12 18:09:07 - [TEST_STEP][PASSED] - Thread.sleep(3000): null&#xD;
&#xD;
2019-08-12 18:09:10 - [TEST_STEP][PASSED] - callTestCase(findTestCase("mobileWeb/_include/get_screenshot"), [:], STOP_ON_FAILURE): Call Test Case 'Test Cases/mobileWeb/_include/get_screenshot' successfully&#xD;
&#xD;
2019-08-12 18:09:11 - [TEST_CASE][PASSED] - Test Cases/mobileWeb/_include/get_screenshot: Test Cases/mobileWeb/_include/get_screenshot&#xD;
&#xD;
2019-08-12 18:09:11 - [TEST_STEP][PASSED] - takeScreenshot(screenPath + i + ".png"): Taking screenshot successfully&#xD;
&#xD;
2019-08-12 18:09:11 - [MESSAGE][PASSED] - Taking screenshot successfully&#xD;
[[ATTACHMENT|D:\\Test\\AgileTest\\AgileTest\\Reports\\mobileWeb\\plan detail\\20190812_173746\\../Screenshots/iPhone X/Plan Detail/stm_lifeshield flex/20190812_180731/23.png]]&#xD;
&#xD;
2019-08-12 18:09:11 - [TEST_STEP][PASSED] - (internal.GlobalVariable.i++): null&#xD;
&#xD;
2019-08-12 18:09:11 - [MESSAGE][PASSED] - Call Test Case 'Test Cases/mobileWeb/_include/get_screenshot' successfully&#xD;
&#xD;
2019-08-12 18:09:11 - [TEST_STEP][PASSED] - scrollToPosition(0, y): Browser is scrolled to position x = 0, y = 14400&#xD;
&#xD;
2019-08-12 18:09:11 - [MESSAGE][PASSED] - Browser is scrolled to position x = 0, y = 14400&#xD;
&#xD;
2019-08-12 18:09:11 - [TEST_STEP][PASSED] - Thread.sleep(3000): null&#xD;
&#xD;
2019-08-12 18:09:14 - [TEST_STEP][PASSED] - callTestCase(findTestCase("mobileWeb/_include/get_screenshot"), [:], STOP_ON_FAILURE): Call Test Case 'Test Cases/mobileWeb/_include/get_screenshot' successfully&#xD;
&#xD;
2019-08-12 18:09:14 - [TEST_CASE][PASSED] - Test Cases/mobileWeb/_include/get_screenshot: Test Cases/mobileWeb/_include/get_screenshot&#xD;
&#xD;
2019-08-12 18:09:14 - [TEST_STEP][PASSED] - takeScreenshot(screenPath + i + ".png"): Taking screenshot successfully&#xD;
&#xD;
2019-08-12 18:09:15 - [MESSAGE][PASSED] - Taking screenshot successfully&#xD;
[[ATTACHMENT|D:\\Test\\AgileTest\\AgileTest\\Reports\\mobileWeb\\plan detail\\20190812_173746\\../Screenshots/iPhone X/Plan Detail/stm_lifeshield flex/20190812_180731/24.png]]&#xD;
&#xD;
2019-08-12 18:09:15 - [TEST_STEP][PASSED] - (internal.GlobalVariable.i++): null&#xD;
&#xD;
2019-08-12 18:09:15 - [MESSAGE][PASSED] - Call Test Case 'Test Cases/mobileWeb/_include/get_screenshot' successfully&#xD;
&#xD;
2019-08-12 18:09:15 - [TEST_STEP][PASSED] - scrollToPosition(0, y): Browser is scrolled to position x = 0, y = 15000&#xD;
&#xD;
2019-08-12 18:09:15 - [MESSAGE][PASSED] - Browser is scrolled to position x = 0, y = 15000&#xD;
&#xD;
2019-08-12 18:09:15 - [TEST_STEP][PASSED] - Thread.sleep(3000): null&#xD;
&#xD;
2019-08-12 18:09:18 - [TEST_STEP][PASSED] - callTestCase(findTestCase("mobileWeb/_include/get_screenshot"), [:], STOP_ON_FAILURE): Call Test Case 'Test Cases/mobileWeb/_include/get_screenshot' successfully&#xD;
&#xD;
2019-08-12 18:09:18 - [TEST_CASE][PASSED] - Test Cases/mobileWeb/_include/get_screenshot: Test Cases/mobileWeb/_include/get_screenshot&#xD;
&#xD;
2019-08-12 18:09:18 - [TEST_STEP][PASSED] - takeScreenshot(screenPath + i + ".png"): Taking screenshot successfully&#xD;
&#xD;
2019-08-12 18:09:19 - [MESSAGE][PASSED] - Taking screenshot successfully&#xD;
[[ATTACHMENT|D:\\Test\\AgileTest\\AgileTest\\Reports\\mobileWeb\\plan detail\\20190812_173746\\../Screenshots/iPhone X/Plan Detail/stm_lifeshield flex/20190812_180731/25.png]]&#xD;
&#xD;
2019-08-12 18:09:19 - [TEST_STEP][PASSED] - (internal.GlobalVariable.i++): null&#xD;
&#xD;
2019-08-12 18:09:19 - [MESSAGE][PASSED] - Call Test Case 'Test Cases/mobileWeb/_include/get_screenshot' successfully&#xD;
&#xD;
2019-08-12 18:09:19 - [TEST_STEP][PASSED] - scrollToPosition(0, y): Browser is scrolled to position x = 0, y = 15600&#xD;
&#xD;
2019-08-12 18:09:19 - [MESSAGE][PASSED] - Browser is scrolled to position x = 0, y = 15600&#xD;
&#xD;
2019-08-12 18:09:19 - [TEST_STEP][PASSED] - Thread.sleep(3000): null&#xD;
&#xD;
2019-08-12 18:09:22 - [TEST_STEP][PASSED] - callTestCase(findTestCase("mobileWeb/_include/get_screenshot"), [:], STOP_ON_FAILURE): Call Test Case 'Test Cases/mobileWeb/_include/get_screenshot' successfully&#xD;
&#xD;
2019-08-12 18:09:22 - [TEST_CASE][PASSED] - Test Cases/mobileWeb/_include/get_screenshot: Test Cases/mobileWeb/_include/get_screenshot&#xD;
&#xD;
2019-08-12 18:09:22 - [TEST_STEP][PASSED] - takeScreenshot(screenPath + i + ".png"): Taking screenshot successfully&#xD;
&#xD;
2019-08-12 18:09:23 - [MESSAGE][PASSED] - Taking screenshot successfully&#xD;
[[ATTACHMENT|D:\\Test\\AgileTest\\AgileTest\\Reports\\mobileWeb\\plan detail\\20190812_173746\\../Screenshots/iPhone X/Plan Detail/stm_lifeshield flex/20190812_180731/26.png]]&#xD;
&#xD;
2019-08-12 18:09:23 - [TEST_STEP][PASSED] - (internal.GlobalVariable.i++): null&#xD;
&#xD;
2019-08-12 18:09:23 - [MESSAGE][PASSED] - Call Test Case 'Test Cases/mobileWeb/_include/get_screenshot' successfully&#xD;
&#xD;
2019-08-12 18:09:23 - [TEST_STEP][PASSED] - scrollToPosition(0, y): Browser is scrolled to position x = 0, y = 16200&#xD;
&#xD;
2019-08-12 18:09:23 - [MESSAGE][PASSED] - Browser is scrolled to position x = 0, y = 16200&#xD;
&#xD;
2019-08-12 18:09:23 - [TEST_STEP][PASSED] - Thread.sleep(3000): null&#xD;
&#xD;
2019-08-12 18:09:26 - [TEST_STEP][PASSED] - callTestCase(findTestCase("mobileWeb/_include/get_screenshot"), [:], STOP_ON_FAILURE): Call Test Case 'Test Cases/mobileWeb/_include/get_screenshot' successfully&#xD;
&#xD;
2019-08-12 18:09:26 - [TEST_CASE][PASSED] - Test Cases/mobileWeb/_include/get_screenshot: Test Cases/mobileWeb/_include/get_screenshot&#xD;
&#xD;
2019-08-12 18:09:26 - [TEST_STEP][PASSED] - takeScreenshot(screenPath + i + ".png"): Taking screenshot successfully&#xD;
&#xD;
2019-08-12 18:09:26 - [MESSAGE][PASSED] - Taking screenshot successfully&#xD;
[[ATTACHMENT|D:\\Test\\AgileTest\\AgileTest\\Reports\\mobileWeb\\plan detail\\20190812_173746\\../Screenshots/iPhone X/Plan Detail/stm_lifeshield flex/20190812_180731/27.png]]&#xD;
&#xD;
2019-08-12 18:09:26 - [TEST_STEP][PASSED] - (internal.GlobalVariable.i++): null&#xD;
&#xD;
2019-08-12 18:09:26 - [MESSAGE][PASSED] - Call Test Case 'Test Cases/mobileWeb/_include/get_screenshot' successfully&#xD;
&#xD;
2019-08-12 18:09:26 - [TEST_STEP][PASSED] - scrollToPosition(0, y): Browser is scrolled to position x = 0, y = 16800&#xD;
&#xD;
2019-08-12 18:09:26 - [MESSAGE][PASSED] - Browser is scrolled to position x = 0, y = 16800&#xD;
&#xD;
2019-08-12 18:09:26 - [TEST_STEP][PASSED] - Thread.sleep(3000): null&#xD;
&#xD;
2019-08-12 18:09:29 - [TEST_STEP][PASSED] - callTestCase(findTestCase("mobileWeb/_include/get_screenshot"), [:], STOP_ON_FAILURE): Call Test Case 'Test Cases/mobileWeb/_include/get_screenshot' successfully&#xD;
&#xD;
2019-08-12 18:09:30 - [TEST_CASE][PASSED] - Test Cases/mobileWeb/_include/get_screenshot: Test Cases/mobileWeb/_include/get_screenshot&#xD;
&#xD;
2019-08-12 18:09:30 - [TEST_STEP][PASSED] - takeScreenshot(screenPath + i + ".png"): Taking screenshot successfully&#xD;
&#xD;
2019-08-12 18:09:30 - [MESSAGE][PASSED] - Taking screenshot successfully&#xD;
[[ATTACHMENT|D:\\Test\\AgileTest\\AgileTest\\Reports\\mobileWeb\\plan detail\\20190812_173746\\../Screenshots/iPhone X/Plan Detail/stm_lifeshield flex/20190812_180731/28.png]]&#xD;
&#xD;
2019-08-12 18:09:30 - [TEST_STEP][PASSED] - (internal.GlobalVariable.i++): null&#xD;
&#xD;
2019-08-12 18:09:30 - [MESSAGE][PASSED] - Call Test Case 'Test Cases/mobileWeb/_include/get_screenshot' successfully&#xD;
&#xD;
2019-08-12 18:09:30 - [TEST_STEP][PASSED] - scrollToPosition(0, y): Browser is scrolled to position x = 0, y = 17400&#xD;
&#xD;
2019-08-12 18:09:30 - [MESSAGE][PASSED] - Browser is scrolled to position x = 0, y = 17400&#xD;
&#xD;
2019-08-12 18:09:30 - [TEST_STEP][PASSED] - Thread.sleep(3000): null&#xD;
&#xD;
2019-08-12 18:09:33 - [TEST_STEP][PASSED] - callTestCase(findTestCase("mobileWeb/_include/get_screenshot"), [:], STOP_ON_FAILURE): Call Test Case 'Test Cases/mobileWeb/_include/get_screenshot' successfully&#xD;
&#xD;
2019-08-12 18:09:33 - [TEST_CASE][PASSED] - Test Cases/mobileWeb/_include/get_screenshot: Test Cases/mobileWeb/_include/get_screenshot&#xD;
&#xD;
2019-08-12 18:09:33 - [TEST_STEP][PASSED] - takeScreenshot(screenPath + i + ".png"): Taking screenshot successfully&#xD;
&#xD;
2019-08-12 18:09:34 - [MESSAGE][PASSED] - Taking screenshot successfully&#xD;
[[ATTACHMENT|D:\\Test\\AgileTest\\AgileTest\\Reports\\mobileWeb\\plan detail\\20190812_173746\\../Screenshots/iPhone X/Plan Detail/stm_lifeshield flex/20190812_180731/29.png]]&#xD;
&#xD;
2019-08-12 18:09:34 - [TEST_STEP][PASSED] - (internal.GlobalVariable.i++): null&#xD;
&#xD;
2019-08-12 18:09:34 - [MESSAGE][PASSED] - Call Test Case 'Test Cases/mobileWeb/_include/get_screenshot' successfully&#xD;
&#xD;
2019-08-12 18:09:34 - [TEST_STEP][PASSED] - scrollToPosition(0, y): Browser is scrolled to position x = 0, y = 18000&#xD;
&#xD;
2019-08-12 18:09:34 - [MESSAGE][PASSED] - Browser is scrolled to position x = 0, y = 18000&#xD;
&#xD;
2019-08-12 18:09:34 - [TEST_STEP][PASSED] - Thread.sleep(3000): null&#xD;
&#xD;
2019-08-12 18:09:37 - [TEST_STEP][PASSED] - callTestCase(findTestCase("mobileWeb/_include/get_screenshot"), [:], STOP_ON_FAILURE): Call Test Case 'Test Cases/mobileWeb/_include/get_screenshot' successfully&#xD;
&#xD;
2019-08-12 18:09:37 - [TEST_CASE][PASSED] - Test Cases/mobileWeb/_include/get_screenshot: Test Cases/mobileWeb/_include/get_screenshot&#xD;
&#xD;
2019-08-12 18:09:37 - [TEST_STEP][PASSED] - takeScreenshot(screenPath + i + ".png"): Taking screenshot successfully&#xD;
&#xD;
2019-08-12 18:09:38 - [MESSAGE][PASSED] - Taking screenshot successfully&#xD;
[[ATTACHMENT|D:\\Test\\AgileTest\\AgileTest\\Reports\\mobileWeb\\plan detail\\20190812_173746\\../Screenshots/iPhone X/Plan Detail/stm_lifeshield flex/20190812_180731/30.png]]&#xD;
&#xD;
2019-08-12 18:09:38 - [TEST_STEP][PASSED] - (internal.GlobalVariable.i++): null&#xD;
&#xD;
2019-08-12 18:09:38 - [MESSAGE][PASSED] - Call Test Case 'Test Cases/mobileWeb/_include/get_screenshot' successfully&#xD;
&#xD;
2019-08-12 18:09:38 - [TEST_STEP][PASSED] - scrollToPosition(0, y): Browser is scrolled to position x = 0, y = 18600&#xD;
&#xD;
2019-08-12 18:09:38 - [MESSAGE][PASSED] - Browser is scrolled to position x = 0, y = 18600&#xD;
&#xD;
2019-08-12 18:09:38 - [TEST_STEP][PASSED] - Thread.sleep(3000): null&#xD;
&#xD;
2019-08-12 18:09:41 - [TEST_STEP][PASSED] - callTestCase(findTestCase("mobileWeb/_include/get_screenshot"), [:], STOP_ON_FAILURE): Call Test Case 'Test Cases/mobileWeb/_include/get_screenshot' successfully&#xD;
&#xD;
2019-08-12 18:09:41 - [TEST_CASE][PASSED] - Test Cases/mobileWeb/_include/get_screenshot: Test Cases/mobileWeb/_include/get_screenshot&#xD;
&#xD;
2019-08-12 18:09:41 - [TEST_STEP][PASSED] - takeScreenshot(screenPath + i + ".png"): Taking screenshot successfully&#xD;
&#xD;
2019-08-12 18:09:42 - [MESSAGE][PASSED] - Taking screenshot successfully&#xD;
[[ATTACHMENT|D:\\Test\\AgileTest\\AgileTest\\Reports\\mobileWeb\\plan detail\\20190812_173746\\../Screenshots/iPhone X/Plan Detail/stm_lifeshield flex/20190812_180731/31.png]]&#xD;
&#xD;
2019-08-12 18:09:42 - [TEST_STEP][PASSED] - (internal.GlobalVariable.i++): null&#xD;
&#xD;
2019-08-12 18:09:42 - [MESSAGE][PASSED] - Call Test Case 'Test Cases/mobileWeb/_include/get_screenshot' successfully&#xD;
&#xD;
2019-08-12 18:09:42 - [TEST_STEP][PASSED] - scrollToPosition(0, y): Browser is scrolled to position x = 0, y = 19200&#xD;
&#xD;
2019-08-12 18:09:42 - [MESSAGE][PASSED] - Browser is scrolled to position x = 0, y = 19200&#xD;
&#xD;
2019-08-12 18:09:42 - [TEST_STEP][PASSED] - Thread.sleep(3000): null&#xD;
&#xD;
2019-08-12 18:09:45 - [TEST_STEP][PASSED] - callTestCase(findTestCase("mobileWeb/_include/get_screenshot"), [:], STOP_ON_FAILURE): Call Test Case 'Test Cases/mobileWeb/_include/get_screenshot' successfully&#xD;
&#xD;
2019-08-12 18:09:45 - [TEST_CASE][PASSED] - Test Cases/mobileWeb/_include/get_screenshot: Test Cases/mobileWeb/_include/get_screenshot&#xD;
&#xD;
2019-08-12 18:09:45 - [TEST_STEP][PASSED] - takeScreenshot(screenPath + i + ".png"): Taking screenshot successfully&#xD;
&#xD;
2019-08-12 18:09:45 - [MESSAGE][PASSED] - Taking screenshot successfully&#xD;
[[ATTACHMENT|D:\\Test\\AgileTest\\AgileTest\\Reports\\mobileWeb\\plan detail\\20190812_173746\\../Screenshots/iPhone X/Plan Detail/stm_lifeshield flex/20190812_180731/32.png]]&#xD;
&#xD;
2019-08-12 18:09:45 - [TEST_STEP][PASSED] - (internal.GlobalVariable.i++): null&#xD;
&#xD;
2019-08-12 18:09:45 - [MESSAGE][PASSED] - Call Test Case 'Test Cases/mobileWeb/_include/get_screenshot' successfully&#xD;
&#xD;
2019-08-12 18:09:45 - [TEST_STEP][PASSED] - scrollToPosition(0, y): Browser is scrolled to position x = 0, y = 19800&#xD;
&#xD;
2019-08-12 18:09:45 - [MESSAGE][PASSED] - Browser is scrolled to position x = 0, y = 19800&#xD;
&#xD;
2019-08-12 18:09:45 - [TEST_STEP][PASSED] - Thread.sleep(3000): null&#xD;
&#xD;
2019-08-12 18:09:48 - [TEST_STEP][PASSED] - callTestCase(findTestCase("mobileWeb/_include/get_screenshot"), [:], STOP_ON_FAILURE): Call Test Case 'Test Cases/mobileWeb/_include/get_screenshot' successfully&#xD;
&#xD;
2019-08-12 18:09:48 - [TEST_CASE][PASSED] - Test Cases/mobileWeb/_include/get_screenshot: Test Cases/mobileWeb/_include/get_screenshot&#xD;
&#xD;
2019-08-12 18:09:48 - [TEST_STEP][PASSED] - takeScreenshot(screenPath + i + ".png"): Taking screenshot successfully&#xD;
&#xD;
2019-08-12 18:09:49 - [MESSAGE][PASSED] - Taking screenshot successfully&#xD;
[[ATTACHMENT|D:\\Test\\AgileTest\\AgileTest\\Reports\\mobileWeb\\plan detail\\20190812_173746\\../Screenshots/iPhone X/Plan Detail/stm_lifeshield flex/20190812_180731/33.png]]&#xD;
&#xD;
2019-08-12 18:09:49 - [TEST_STEP][PASSED] - (internal.GlobalVariable.i++): null&#xD;
&#xD;
2019-08-12 18:09:49 - [MESSAGE][PASSED] - Call Test Case 'Test Cases/mobileWeb/_include/get_screenshot' successfully&#xD;
&#xD;
2019-08-12 18:09:49 - [TEST_STEP][PASSED] - scrollToPosition(0, y): Browser is scrolled to position x = 0, y = 20400&#xD;
&#xD;
2019-08-12 18:09:49 - [MESSAGE][PASSED] - Browser is scrolled to position x = 0, y = 20400&#xD;
&#xD;
2019-08-12 18:09:49 - [TEST_STEP][PASSED] - Thread.sleep(3000): null&#xD;
&#xD;
2019-08-12 18:09:52 - [TEST_STEP][PASSED] - callTestCase(findTestCase("mobileWeb/_include/get_screenshot"), [:], STOP_ON_FAILURE): Call Test Case 'Test Cases/mobileWeb/_include/get_screenshot' successfully&#xD;
&#xD;
2019-08-12 18:09:52 - [TEST_CASE][PASSED] - Test Cases/mobileWeb/_include/get_screenshot: Test Cases/mobileWeb/_include/get_screenshot&#xD;
&#xD;
2019-08-12 18:09:52 - [TEST_STEP][PASSED] - takeScreenshot(screenPath + i + ".png"): Taking screenshot successfully&#xD;
&#xD;
2019-08-12 18:09:53 - [MESSAGE][PASSED] - Taking screenshot successfully&#xD;
[[ATTACHMENT|D:\\Test\\AgileTest\\AgileTest\\Reports\\mobileWeb\\plan detail\\20190812_173746\\../Screenshots/iPhone X/Plan Detail/stm_lifeshield flex/20190812_180731/34.png]]&#xD;
&#xD;
2019-08-12 18:09:53 - [TEST_STEP][PASSED] - (internal.GlobalVariable.i++): null&#xD;
&#xD;
2019-08-12 18:09:53 - [MESSAGE][PASSED] - Call Test Case 'Test Cases/mobileWeb/_include/get_screenshot' successfully&#xD;
&#xD;
2019-08-12 18:09:53 - [TEST_STEP][PASSED] - scrollToPosition(0, y): Browser is scrolled to position x = 0, y = 21000&#xD;
&#xD;
2019-08-12 18:09:53 - [MESSAGE][PASSED] - Browser is scrolled to position x = 0, y = 21000&#xD;
&#xD;
2019-08-12 18:09:53 - [TEST_STEP][PASSED] - Thread.sleep(3000): null&#xD;
&#xD;
2019-08-12 18:09:56 - [TEST_STEP][PASSED] - callTestCase(findTestCase("mobileWeb/_include/get_screenshot"), [:], STOP_ON_FAILURE): Call Test Case 'Test Cases/mobileWeb/_include/get_screenshot' successfully&#xD;
&#xD;
2019-08-12 18:09:56 - [TEST_CASE][PASSED] - Test Cases/mobileWeb/_include/get_screenshot: Test Cases/mobileWeb/_include/get_screenshot&#xD;
&#xD;
2019-08-12 18:09:56 - [TEST_STEP][PASSED] - takeScreenshot(screenPath + i + ".png"): Taking screenshot successfully&#xD;
&#xD;
2019-08-12 18:09:57 - [MESSAGE][PASSED] - Taking screenshot successfully&#xD;
[[ATTACHMENT|D:\\Test\\AgileTest\\AgileTest\\Reports\\mobileWeb\\plan detail\\20190812_173746\\../Screenshots/iPhone X/Plan Detail/stm_lifeshield flex/20190812_180731/35.png]]&#xD;
&#xD;
2019-08-12 18:09:57 - [TEST_STEP][PASSED] - (internal.GlobalVariable.i++): null&#xD;
&#xD;
2019-08-12 18:09:57 - [MESSAGE][PASSED] - Call Test Case 'Test Cases/mobileWeb/_include/get_screenshot' successfully&#xD;
&#xD;
2019-08-12 18:09:57 - [TEST_STEP][PASSED] - scrollToPosition(0, y): Browser is scrolled to position x = 0, y = 21600&#xD;
&#xD;
2019-08-12 18:09:57 - [MESSAGE][PASSED] - Browser is scrolled to position x = 0, y = 21600&#xD;
&#xD;
2019-08-12 18:09:57 - [TEST_STEP][PASSED] - Thread.sleep(3000): null&#xD;
&#xD;
2019-08-12 18:10:00 - [TEST_STEP][PASSED] - callTestCase(findTestCase("mobileWeb/_include/get_screenshot"), [:], STOP_ON_FAILURE): Call Test Case 'Test Cases/mobileWeb/_include/get_screenshot' successfully&#xD;
&#xD;
2019-08-12 18:10:00 - [TEST_CASE][PASSED] - Test Cases/mobileWeb/_include/get_screenshot: Test Cases/mobileWeb/_include/get_screenshot&#xD;
&#xD;
2019-08-12 18:10:00 - [TEST_STEP][PASSED] - takeScreenshot(screenPath + i + ".png"): Taking screenshot successfully&#xD;
&#xD;
2019-08-12 18:10:01 - [MESSAGE][PASSED] - Taking screenshot successfully&#xD;
[[ATTACHMENT|D:\\Test\\AgileTest\\AgileTest\\Reports\\mobileWeb\\plan detail\\20190812_173746\\../Screenshots/iPhone X/Plan Detail/stm_lifeshield flex/20190812_180731/36.png]]&#xD;
&#xD;
2019-08-12 18:10:01 - [TEST_STEP][PASSED] - (internal.GlobalVariable.i++): null&#xD;
&#xD;
2019-08-12 18:10:01 - [MESSAGE][PASSED] - Call Test Case 'Test Cases/mobileWeb/_include/get_screenshot' successfully&#xD;
&#xD;
2019-08-12 18:10:01 - [TEST_STEP][PASSED] - scrollToPosition(0, y): Browser is scrolled to position x = 0, y = 22200&#xD;
&#xD;
2019-08-12 18:10:01 - [MESSAGE][PASSED] - Browser is scrolled to position x = 0, y = 22200&#xD;
&#xD;
2019-08-12 18:10:01 - [TEST_STEP][PASSED] - Thread.sleep(3000): null&#xD;
&#xD;
2019-08-12 18:10:04 - [TEST_STEP][PASSED] - callTestCase(findTestCase("mobileWeb/_include/get_screenshot"), [:], STOP_ON_FAILURE): Call Test Case 'Test Cases/mobileWeb/_include/get_screenshot' successfully&#xD;
&#xD;
2019-08-12 18:10:04 - [TEST_CASE][PASSED] - Test Cases/mobileWeb/_include/get_screenshot: Test Cases/mobileWeb/_include/get_screenshot&#xD;
&#xD;
2019-08-12 18:10:04 - [TEST_STEP][PASSED] - takeScreenshot(screenPath + i + ".png"): Taking screenshot successfully&#xD;
&#xD;
2019-08-12 18:10:04 - [MESSAGE][PASSED] - Taking screenshot successfully&#xD;
[[ATTACHMENT|D:\\Test\\AgileTest\\AgileTest\\Reports\\mobileWeb\\plan detail\\20190812_173746\\../Screenshots/iPhone X/Plan Detail/stm_lifeshield flex/20190812_180731/37.png]]&#xD;
&#xD;
2019-08-12 18:10:04 - [TEST_STEP][PASSED] - (internal.GlobalVariable.i++): null&#xD;
&#xD;
2019-08-12 18:10:04 - [MESSAGE][PASSED] - Call Test Case 'Test Cases/mobileWeb/_include/get_screenshot' successfully&#xD;
&#xD;
2019-08-12 18:10:04 - [TEST_STEP][PASSED] - scrollToPosition(0, y): Browser is scrolled to position x = 0, y = 22800&#xD;
&#xD;
2019-08-12 18:10:04 - [MESSAGE][PASSED] - Browser is scrolled to position x = 0, y = 22800&#xD;
&#xD;
2019-08-12 18:10:04 - [TEST_STEP][PASSED] - Thread.sleep(3000): null&#xD;
&#xD;
2019-08-12 18:10:07 - [TEST_STEP][PASSED] - callTestCase(findTestCase("mobileWeb/_include/get_screenshot"), [:], STOP_ON_FAILURE): Call Test Case 'Test Cases/mobileWeb/_include/get_screenshot' successfully&#xD;
&#xD;
2019-08-12 18:10:07 - [TEST_CASE][PASSED] - Test Cases/mobileWeb/_include/get_screenshot: Test Cases/mobileWeb/_include/get_screenshot&#xD;
&#xD;
2019-08-12 18:10:07 - [TEST_STEP][PASSED] - takeScreenshot(screenPath + i + ".png"): Taking screenshot successfully&#xD;
&#xD;
2019-08-12 18:10:08 - [MESSAGE][PASSED] - Taking screenshot successfully&#xD;
[[ATTACHMENT|D:\\Test\\AgileTest\\AgileTest\\Reports\\mobileWeb\\plan detail\\20190812_173746\\../Screenshots/iPhone X/Plan Detail/stm_lifeshield flex/20190812_180731/38.png]]&#xD;
&#xD;
2019-08-12 18:10:08 - [TEST_STEP][PASSED] - (internal.GlobalVariable.i++): null&#xD;
&#xD;
2019-08-12 18:10:08 - [MESSAGE][PASSED] - Call Test Case 'Test Cases/mobileWeb/_include/get_screenshot' successfully&#xD;
&#xD;
2019-08-12 18:10:08 - [TEST_STEP][PASSED] - scrollToPosition(0, y): Browser is scrolled to position x = 0, y = 23400&#xD;
&#xD;
2019-08-12 18:10:08 - [MESSAGE][PASSED] - Browser is scrolled to position x = 0, y = 23400&#xD;
&#xD;
2019-08-12 18:10:08 - [TEST_STEP][PASSED] - Thread.sleep(3000): null&#xD;
&#xD;
2019-08-12 18:10:11 - [TEST_STEP][PASSED] - callTestCase(findTestCase("mobileWeb/_include/get_screenshot"), [:], STOP_ON_FAILURE): Call Test Case 'Test Cases/mobileWeb/_include/get_screenshot' successfully&#xD;
&#xD;
2019-08-12 18:10:11 - [TEST_CASE][PASSED] - Test Cases/mobileWeb/_include/get_screenshot: Test Cases/mobileWeb/_include/get_screenshot&#xD;
&#xD;
2019-08-12 18:10:11 - [TEST_STEP][PASSED] - takeScreenshot(screenPath + i + ".png"): Taking screenshot successfully&#xD;
&#xD;
2019-08-12 18:10:12 - [MESSAGE][PASSED] - Taking screenshot successfully&#xD;
[[ATTACHMENT|D:\\Test\\AgileTest\\AgileTest\\Reports\\mobileWeb\\plan detail\\20190812_173746\\../Screenshots/iPhone X/Plan Detail/stm_lifeshield flex/20190812_180731/39.png]]&#xD;
&#xD;
2019-08-12 18:10:12 - [TEST_STEP][PASSED] - (internal.GlobalVariable.i++): null&#xD;
&#xD;
2019-08-12 18:10:12 - [MESSAGE][PASSED] - Call Test Case 'Test Cases/mobileWeb/_include/get_screenshot' successfully&#xD;
&#xD;
2019-08-12 18:10:12 - [TEST_STEP][PASSED] - scrollToPosition(0, y): Browser is scrolled to position x = 0, y = 24000&#xD;
&#xD;
2019-08-12 18:10:12 - [MESSAGE][PASSED] - Browser is scrolled to position x = 0, y = 24000&#xD;
&#xD;
2019-08-12 18:10:12 - [TEST_STEP][PASSED] - Thread.sleep(3000): null&#xD;
&#xD;
2019-08-12 18:10:15 - [TEST_STEP][PASSED] - callTestCase(findTestCase("mobileWeb/_include/get_screenshot"), [:], STOP_ON_FAILURE): Call Test Case 'Test Cases/mobileWeb/_include/get_screenshot' successfully&#xD;
&#xD;
2019-08-12 18:10:15 - [TEST_CASE][PASSED] - Test Cases/mobileWeb/_include/get_screenshot: Test Cases/mobileWeb/_include/get_screenshot&#xD;
&#xD;
2019-08-12 18:10:15 - [TEST_STEP][PASSED] - takeScreenshot(screenPath + i + ".png"): Taking screenshot successfully&#xD;
&#xD;
2019-08-12 18:10:16 - [MESSAGE][PASSED] - Taking screenshot successfully&#xD;
[[ATTACHMENT|D:\\Test\\AgileTest\\AgileTest\\Reports\\mobileWeb\\plan detail\\20190812_173746\\../Screenshots/iPhone X/Plan Detail/stm_lifeshield flex/20190812_180731/40.png]]&#xD;
&#xD;
2019-08-12 18:10:16 - [TEST_STEP][PASSED] - (internal.GlobalVariable.i++): null&#xD;
&#xD;
2019-08-12 18:10:16 - [MESSAGE][PASSED] - Call Test Case 'Test Cases/mobileWeb/_include/get_screenshot' successfully&#xD;
&#xD;
2019-08-12 18:10:16 - [TEST_STEP][PASSED] - scrollToPosition(0, y): Browser is scrolled to position x = 0, y = 24600&#xD;
&#xD;
2019-08-12 18:10:16 - [MESSAGE][PASSED] - Browser is scrolled to position x = 0, y = 24600&#xD;
&#xD;
2019-08-12 18:10:16 - [TEST_STEP][PASSED] - Thread.sleep(3000): null&#xD;
&#xD;
2019-08-12 18:10:19 - [TEST_STEP][PASSED] - callTestCase(findTestCase("mobileWeb/_include/get_screenshot"), [:], STOP_ON_FAILURE): Call Test Case 'Test Cases/mobileWeb/_include/get_screenshot' successfully&#xD;
&#xD;
2019-08-12 18:10:19 - [TEST_CASE][PASSED] - Test Cases/mobileWeb/_include/get_screenshot: Test Cases/mobileWeb/_include/get_screenshot&#xD;
&#xD;
2019-08-12 18:10:19 - [TEST_STEP][PASSED] - takeScreenshot(screenPath + i + ".png"): Taking screenshot successfully&#xD;
&#xD;
2019-08-12 18:10:20 - [MESSAGE][PASSED] - Taking screenshot successfully&#xD;
[[ATTACHMENT|D:\\Test\\AgileTest\\AgileTest\\Reports\\mobileWeb\\plan detail\\20190812_173746\\../Screenshots/iPhone X/Plan Detail/stm_lifeshield flex/20190812_180731/41.png]]&#xD;
&#xD;
2019-08-12 18:10:20 - [TEST_STEP][PASSED] - (internal.GlobalVariable.i++): null&#xD;
&#xD;
2019-08-12 18:10:20 - [MESSAGE][PASSED] - Call Test Case 'Test Cases/mobileWeb/_include/get_screenshot' successfully&#xD;
&#xD;
2019-08-12 18:10:20 - [TEST_STEP][PASSED] - scrollToPosition(0, y): Browser is scrolled to position x = 0, y = 25200&#xD;
&#xD;
2019-08-12 18:10:20 - [MESSAGE][PASSED] - Browser is scrolled to position x = 0, y = 25200&#xD;
&#xD;
2019-08-12 18:10:20 - [TEST_STEP][PASSED] - Thread.sleep(3000): null&#xD;
&#xD;
2019-08-12 18:10:23 - [TEST_STEP][PASSED] - callTestCase(findTestCase("mobileWeb/_include/get_screenshot"), [:], STOP_ON_FAILURE): Call Test Case 'Test Cases/mobileWeb/_include/get_screenshot' successfully&#xD;
&#xD;
2019-08-12 18:10:23 - [TEST_CASE][PASSED] - Test Cases/mobileWeb/_include/get_screenshot: Test Cases/mobileWeb/_include/get_screenshot&#xD;
&#xD;
2019-08-12 18:10:23 - [TEST_STEP][PASSED] - takeScreenshot(screenPath + i + ".png"): Taking screenshot successfully&#xD;
&#xD;
2019-08-12 18:10:24 - [MESSAGE][PASSED] - Taking screenshot successfully&#xD;
[[ATTACHMENT|D:\\Test\\AgileTest\\AgileTest\\Reports\\mobileWeb\\plan detail\\20190812_173746\\../Screenshots/iPhone X/Plan Detail/stm_lifeshield flex/20190812_180731/42.png]]&#xD;
&#xD;
2019-08-12 18:10:24 - [TEST_STEP][PASSED] - (internal.GlobalVariable.i++): null&#xD;
&#xD;
2019-08-12 18:10:24 - [MESSAGE][PASSED] - Call Test Case 'Test Cases/mobileWeb/_include/get_screenshot' successfully&#xD;
&#xD;
2019-08-12 18:10:24 - [TEST_STEP][PASSED] - scrollToPosition(0, y): Browser is scrolled to position x = 0, y = 25800&#xD;
&#xD;
2019-08-12 18:10:24 - [MESSAGE][PASSED] - Browser is scrolled to position x = 0, y = 25800&#xD;
&#xD;
2019-08-12 18:10:24 - [TEST_STEP][PASSED] - Thread.sleep(3000): null&#xD;
&#xD;
2019-08-12 18:10:27 - [TEST_STEP][PASSED] - callTestCase(findTestCase("mobileWeb/_include/get_screenshot"), [:], STOP_ON_FAILURE): Call Test Case 'Test Cases/mobileWeb/_include/get_screenshot' successfully&#xD;
&#xD;
2019-08-12 18:10:27 - [TEST_CASE][PASSED] - Test Cases/mobileWeb/_include/get_screenshot: Test Cases/mobileWeb/_include/get_screenshot&#xD;
&#xD;
2019-08-12 18:10:27 - [TEST_STEP][PASSED] - takeScreenshot(screenPath + i + ".png"): Taking screenshot successfully&#xD;
&#xD;
2019-08-12 18:10:27 - [MESSAGE][PASSED] - Taking screenshot successfully&#xD;
[[ATTACHMENT|D:\\Test\\AgileTest\\AgileTest\\Reports\\mobileWeb\\plan detail\\20190812_173746\\../Screenshots/iPhone X/Plan Detail/stm_lifeshield flex/20190812_180731/43.png]]&#xD;
&#xD;
2019-08-12 18:10:27 - [TEST_STEP][PASSED] - (internal.GlobalVariable.i++): null&#xD;
&#xD;
2019-08-12 18:10:27 - [MESSAGE][PASSED] - Call Test Case 'Test Cases/mobileWeb/_include/get_screenshot' successfully&#xD;
&#xD;
2019-08-12 18:10:27 - [TEST_STEP][PASSED] - scrollToPosition(0, y): Browser is scrolled to position x = 0, y = 26400&#xD;
&#xD;
2019-08-12 18:10:27 - [MESSAGE][PASSED] - Browser is scrolled to position x = 0, y = 26400&#xD;
&#xD;
2019-08-12 18:10:27 - [TEST_STEP][PASSED] - Thread.sleep(3000): null&#xD;
&#xD;
2019-08-12 18:10:30 - [TEST_STEP][PASSED] - callTestCase(findTestCase("mobileWeb/_include/get_screenshot"), [:], STOP_ON_FAILURE): Call Test Case 'Test Cases/mobileWeb/_include/get_screenshot' successfully&#xD;
&#xD;
2019-08-12 18:10:30 - [TEST_CASE][PASSED] - Test Cases/mobileWeb/_include/get_screenshot: Test Cases/mobileWeb/_include/get_screenshot&#xD;
&#xD;
2019-08-12 18:10:30 - [TEST_STEP][PASSED] - takeScreenshot(screenPath + i + ".png"): Taking screenshot successfully&#xD;
&#xD;
2019-08-12 18:10:31 - [MESSAGE][PASSED] - Taking screenshot successfully&#xD;
[[ATTACHMENT|D:\\Test\\AgileTest\\AgileTest\\Reports\\mobileWeb\\plan detail\\20190812_173746\\../Screenshots/iPhone X/Plan Detail/stm_lifeshield flex/20190812_180731/44.png]]&#xD;
&#xD;
2019-08-12 18:10:31 - [TEST_STEP][PASSED] - (internal.GlobalVariable.i++): null&#xD;
&#xD;
2019-08-12 18:10:31 - [MESSAGE][PASSED] - Call Test Case 'Test Cases/mobileWeb/_include/get_screenshot' successfully&#xD;
&#xD;
2019-08-12 18:10:31 - [TEST_STEP][PASSED] - scrollToPosition(0, y): Browser is scrolled to position x = 0, y = 27000&#xD;
&#xD;
2019-08-12 18:10:31 - [MESSAGE][PASSED] - Browser is scrolled to position x = 0, y = 27000&#xD;
&#xD;
2019-08-12 18:10:31 - [TEST_STEP][PASSED] - Thread.sleep(3000): null&#xD;
&#xD;
2019-08-12 18:10:34 - [TEST_STEP][PASSED] - callTestCase(findTestCase("mobileWeb/_include/get_screenshot"), [:], STOP_ON_FAILURE): Call Test Case 'Test Cases/mobileWeb/_include/get_screenshot' successfully&#xD;
&#xD;
2019-08-12 18:10:34 - [TEST_CASE][PASSED] - Test Cases/mobileWeb/_include/get_screenshot: Test Cases/mobileWeb/_include/get_screenshot&#xD;
&#xD;
2019-08-12 18:10:34 - [TEST_STEP][PASSED] - takeScreenshot(screenPath + i + ".png"): Taking screenshot successfully&#xD;
&#xD;
2019-08-12 18:10:35 - [MESSAGE][PASSED] - Taking screenshot successfully&#xD;
[[ATTACHMENT|D:\\Test\\AgileTest\\AgileTest\\Reports\\mobileWeb\\plan detail\\20190812_173746\\../Screenshots/iPhone X/Plan Detail/stm_lifeshield flex/20190812_180731/45.png]]&#xD;
&#xD;
2019-08-12 18:10:35 - [TEST_STEP][PASSED] - (internal.GlobalVariable.i++): null&#xD;
&#xD;
2019-08-12 18:10:35 - [MESSAGE][PASSED] - Call Test Case 'Test Cases/mobileWeb/_include/get_screenshot' successfully&#xD;
&#xD;
2019-08-12 18:10:35 - [TEST_STEP][PASSED] - scrollToPosition(0, y): Browser is scrolled to position x = 0, y = 27600&#xD;
&#xD;
2019-08-12 18:10:35 - [MESSAGE][PASSED] - Browser is scrolled to position x = 0, y = 27600&#xD;
&#xD;
2019-08-12 18:10:35 - [TEST_STEP][PASSED] - Thread.sleep(3000): null&#xD;
&#xD;
2019-08-12 18:10:38 - [TEST_STEP][PASSED] - callTestCase(findTestCase("mobileWeb/_include/get_screenshot"), [:], STOP_ON_FAILURE): Call Test Case 'Test Cases/mobileWeb/_include/get_screenshot' successfully&#xD;
&#xD;
2019-08-12 18:10:38 - [TEST_CASE][PASSED] - Test Cases/mobileWeb/_include/get_screenshot: Test Cases/mobileWeb/_include/get_screenshot&#xD;
&#xD;
2019-08-12 18:10:38 - [TEST_STEP][PASSED] - takeScreenshot(screenPath + i + ".png"): Taking screenshot successfully&#xD;
&#xD;
2019-08-12 18:10:39 - [MESSAGE][PASSED] - Taking screenshot successfully&#xD;
[[ATTACHMENT|D:\\Test\\AgileTest\\AgileTest\\Reports\\mobileWeb\\plan detail\\20190812_173746\\../Screenshots/iPhone X/Plan Detail/stm_lifeshield flex/20190812_180731/46.png]]&#xD;
&#xD;
2019-08-12 18:10:39 - [TEST_STEP][PASSED] - (internal.GlobalVariable.i++): null&#xD;
&#xD;
2019-08-12 18:10:39 - [MESSAGE][PASSED] - Call Test Case 'Test Cases/mobileWeb/_include/get_screenshot' successfully&#xD;
&#xD;
2019-08-12 18:10:39 - [TEST_STEP][PASSED] - scrollToPosition(0, y): Browser is scrolled to position x = 0, y = 28200&#xD;
&#xD;
2019-08-12 18:10:39 - [MESSAGE][PASSED] - Browser is scrolled to position x = 0, y = 28200&#xD;
&#xD;
2019-08-12 18:10:39 - [TEST_STEP][PASSED] - Thread.sleep(3000): null&#xD;
&#xD;
2019-08-12 18:10:42 - [TEST_STEP][PASSED] - callTestCase(findTestCase("mobileWeb/_include/get_screenshot"), [:], STOP_ON_FAILURE): Call Test Case 'Test Cases/mobileWeb/_include/get_screenshot' successfully&#xD;
&#xD;
2019-08-12 18:10:42 - [TEST_CASE][PASSED] - Test Cases/mobileWeb/_include/get_screenshot: Test Cases/mobileWeb/_include/get_screenshot&#xD;
&#xD;
2019-08-12 18:10:42 - [TEST_STEP][PASSED] - takeScreenshot(screenPath + i + ".png"): Taking screenshot successfully&#xD;
&#xD;
2019-08-12 18:10:42 - [MESSAGE][PASSED] - Taking screenshot successfully&#xD;
[[ATTACHMENT|D:\\Test\\AgileTest\\AgileTest\\Reports\\mobileWeb\\plan detail\\20190812_173746\\../Screenshots/iPhone X/Plan Detail/stm_lifeshield flex/20190812_180731/47.png]]&#xD;
&#xD;
2019-08-12 18:10:42 - [TEST_STEP][PASSED] - (internal.GlobalVariable.i++): null&#xD;
&#xD;
2019-08-12 18:10:42 - [MESSAGE][PASSED] - Call Test Case 'Test Cases/mobileWeb/_include/get_screenshot' successfully&#xD;
&#xD;
2019-08-12 18:10:42 - [TEST_STEP][PASSED] - scrollToPosition(0, y): Browser is scrolled to position x = 0, y = 28800&#xD;
&#xD;
2019-08-12 18:10:43 - [MESSAGE][PASSED] - Browser is scrolled to position x = 0, y = 28800&#xD;
&#xD;
2019-08-12 18:10:43 - [TEST_STEP][PASSED] - Thread.sleep(3000): null&#xD;
&#xD;
2019-08-12 18:10:46 - [TEST_STEP][PASSED] - callTestCase(findTestCase("mobileWeb/_include/get_screenshot"), [:], STOP_ON_FAILURE): Call Test Case 'Test Cases/mobileWeb/_include/get_screenshot' successfully&#xD;
&#xD;
2019-08-12 18:10:46 - [TEST_CASE][PASSED] - Test Cases/mobileWeb/_include/get_screenshot: Test Cases/mobileWeb/_include/get_screenshot&#xD;
&#xD;
2019-08-12 18:10:46 - [TEST_STEP][PASSED] - takeScreenshot(screenPath + i + ".png"): Taking screenshot successfully&#xD;
&#xD;
2019-08-12 18:10:46 - [MESSAGE][PASSED] - Taking screenshot successfully&#xD;
[[ATTACHMENT|D:\\Test\\AgileTest\\AgileTest\\Reports\\mobileWeb\\plan detail\\20190812_173746\\../Screenshots/iPhone X/Plan Detail/stm_lifeshield flex/20190812_180731/48.png]]&#xD;
&#xD;
2019-08-12 18:10:46 - [TEST_STEP][PASSED] - (internal.GlobalVariable.i++): null&#xD;
&#xD;
2019-08-12 18:10:46 - [MESSAGE][PASSED] - Call Test Case 'Test Cases/mobileWeb/_include/get_screenshot' successfully&#xD;
&#xD;
2019-08-12 18:10:46 - [TEST_STEP][PASSED] - scrollToPosition(0, y): Browser is scrolled to position x = 0, y = 29400&#xD;
&#xD;
2019-08-12 18:10:46 - [MESSAGE][PASSED] - Browser is scrolled to position x = 0, y = 29400&#xD;
&#xD;
2019-08-12 18:10:46 - [TEST_STEP][PASSED] - Thread.sleep(3000): null&#xD;
&#xD;
2019-08-12 18:10:49 - [TEST_STEP][PASSED] - callTestCase(findTestCase("mobileWeb/_include/get_screenshot"), [:], STOP_ON_FAILURE): Call Test Case 'Test Cases/mobileWeb/_include/get_screenshot' successfully&#xD;
&#xD;
2019-08-12 18:10:49 - [TEST_CASE][PASSED] - Test Cases/mobileWeb/_include/get_screenshot: Test Cases/mobileWeb/_include/get_screenshot&#xD;
&#xD;
2019-08-12 18:10:49 - [TEST_STEP][PASSED] - takeScreenshot(screenPath + i + ".png"): Taking screenshot successfully&#xD;
&#xD;
2019-08-12 18:10:50 - [MESSAGE][PASSED] - Taking screenshot successfully&#xD;
[[ATTACHMENT|D:\\Test\\AgileTest\\AgileTest\\Reports\\mobileWeb\\plan detail\\20190812_173746\\../Screenshots/iPhone X/Plan Detail/stm_lifeshield flex/20190812_180731/49.png]]&#xD;
&#xD;
2019-08-12 18:10:50 - [TEST_STEP][PASSED] - (internal.GlobalVariable.i++): null&#xD;
&#xD;
2019-08-12 18:10:50 - [MESSAGE][PASSED] - Call Test Case 'Test Cases/mobileWeb/_include/get_screenshot' successfully&#xD;
&#xD;
2019-08-12 18:10:50 - [TEST_STEP][PASSED] - scrollToPosition(0, y): Browser is scrolled to position x = 0, y = 30000&#xD;
&#xD;
2019-08-12 18:10:50 - [MESSAGE][PASSED] - Browser is scrolled to position x = 0, y = 30000&#xD;
&#xD;
2019-08-12 18:10:50 - [TEST_STEP][PASSED] - Thread.sleep(3000): null&#xD;
&#xD;
2019-08-12 18:10:53 - [TEST_STEP][PASSED] - callTestCase(findTestCase("mobileWeb/_include/get_screenshot"), [:], STOP_ON_FAILURE): Call Test Case 'Test Cases/mobileWeb/_include/get_screenshot' successfully&#xD;
&#xD;
2019-08-12 18:10:53 - [TEST_CASE][PASSED] - Test Cases/mobileWeb/_include/get_screenshot: Test Cases/mobileWeb/_include/get_screenshot&#xD;
&#xD;
2019-08-12 18:10:53 - [TEST_STEP][PASSED] - takeScreenshot(screenPath + i + ".png"): Taking screenshot successfully&#xD;
&#xD;
2019-08-12 18:10:54 - [MESSAGE][PASSED] - Taking screenshot successfully&#xD;
[[ATTACHMENT|D:\\Test\\AgileTest\\AgileTest\\Reports\\mobileWeb\\plan detail\\20190812_173746\\../Screenshots/iPhone X/Plan Detail/stm_lifeshield flex/20190812_180731/50.png]]&#xD;
&#xD;
2019-08-12 18:10:54 - [TEST_STEP][PASSED] - (internal.GlobalVariable.i++): null&#xD;
&#xD;
2019-08-12 18:10:54 - [MESSAGE][PASSED] - Call Test Case 'Test Cases/mobileWeb/_include/get_screenshot' successfully&#xD;
&#xD;
2019-08-12 18:10:54 - [TEST_STEP][PASSED] - scrollToPosition(0, y): Browser is scrolled to position x = 0, y = 30600&#xD;
&#xD;
2019-08-12 18:10:54 - [MESSAGE][PASSED] - Browser is scrolled to position x = 0, y = 30600&#xD;
&#xD;
2019-08-12 18:10:54 - [TEST_STEP][PASSED] - Thread.sleep(3000): null&#xD;
&#xD;
2019-08-12 18:10:57 - [TEST_STEP][PASSED] - callTestCase(findTestCase("mobileWeb/_include/get_screenshot"), [:], STOP_ON_FAILURE): Call Test Case 'Test Cases/mobileWeb/_include/get_screenshot' successfully&#xD;
&#xD;
2019-08-12 18:10:57 - [TEST_CASE][PASSED] - Test Cases/mobileWeb/_include/get_screenshot: Test Cases/mobileWeb/_include/get_screenshot&#xD;
&#xD;
2019-08-12 18:10:57 - [TEST_STEP][PASSED] - takeScreenshot(screenPath + i + ".png"): Taking screenshot successfully&#xD;
&#xD;
2019-08-12 18:10:58 - [MESSAGE][PASSED] - Taking screenshot successfully&#xD;
[[ATTACHMENT|D:\\Test\\AgileTest\\AgileTest\\Reports\\mobileWeb\\plan detail\\20190812_173746\\../Screenshots/iPhone X/Plan Detail/stm_lifeshield flex/20190812_180731/51.png]]&#xD;
&#xD;
2019-08-12 18:10:58 - [TEST_STEP][PASSED] - (internal.GlobalVariable.i++): null&#xD;
&#xD;
2019-08-12 18:10:58 - [MESSAGE][PASSED] - Call Test Case 'Test Cases/mobileWeb/_include/get_screenshot' successfully&#xD;
&#xD;
2019-08-12 18:10:58 - [TEST_STEP][PASSED] - scrollToPosition(0, y): Browser is scrolled to position x = 0, y = 31200&#xD;
&#xD;
2019-08-12 18:10:58 - [MESSAGE][PASSED] - Browser is scrolled to position x = 0, y = 31200&#xD;
&#xD;
2019-08-12 18:10:58 - [TEST_STEP][PASSED] - Thread.sleep(3000): null&#xD;
&#xD;
2019-08-12 18:11:01 - [TEST_STEP][PASSED] - callTestCase(findTestCase("mobileWeb/_include/get_screenshot"), [:], STOP_ON_FAILURE): Call Test Case 'Test Cases/mobileWeb/_include/get_screenshot' successfully&#xD;
&#xD;
2019-08-12 18:11:01 - [TEST_CASE][PASSED] - Test Cases/mobileWeb/_include/get_screenshot: Test Cases/mobileWeb/_include/get_screenshot&#xD;
&#xD;
2019-08-12 18:11:01 - [TEST_STEP][PASSED] - takeScreenshot(screenPath + i + ".png"): Taking screenshot successfully&#xD;
&#xD;
2019-08-12 18:11:01 - [MESSAGE][PASSED] - Taking screenshot successfully&#xD;
[[ATTACHMENT|D:\\Test\\AgileTest\\AgileTest\\Reports\\mobileWeb\\plan detail\\20190812_173746\\../Screenshots/iPhone X/Plan Detail/stm_lifeshield flex/20190812_180731/52.png]]&#xD;
&#xD;
2019-08-12 18:11:01 - [TEST_STEP][PASSED] - (internal.GlobalVariable.i++): null&#xD;
&#xD;
2019-08-12 18:11:01 - [MESSAGE][PASSED] - Call Test Case 'Test Cases/mobileWeb/_include/get_screenshot' successfully&#xD;
&#xD;
2019-08-12 18:11:01 - [TEST_STEP][PASSED] - scrollToPosition(0, y): Browser is scrolled to position x = 0, y = 31800&#xD;
&#xD;
2019-08-12 18:11:01 - [MESSAGE][PASSED] - Browser is scrolled to position x = 0, y = 31800&#xD;
&#xD;
2019-08-12 18:11:01 - [TEST_STEP][PASSED] - Thread.sleep(3000): null&#xD;
&#xD;
2019-08-12 18:11:04 - [TEST_STEP][PASSED] - callTestCase(findTestCase("mobileWeb/_include/get_screenshot"), [:], STOP_ON_FAILURE): Call Test Case 'Test Cases/mobileWeb/_include/get_screenshot' successfully&#xD;
&#xD;
2019-08-12 18:11:04 - [TEST_CASE][PASSED] - Test Cases/mobileWeb/_include/get_screenshot: Test Cases/mobileWeb/_include/get_screenshot&#xD;
&#xD;
2019-08-12 18:11:04 - [TEST_STEP][PASSED] - takeScreenshot(screenPath + i + ".png"): Taking screenshot successfully&#xD;
&#xD;
2019-08-12 18:11:05 - [MESSAGE][PASSED] - Taking screenshot successfully&#xD;
[[ATTACHMENT|D:\\Test\\AgileTest\\AgileTest\\Reports\\mobileWeb\\plan detail\\20190812_173746\\../Screenshots/iPhone X/Plan Detail/stm_lifeshield flex/20190812_180731/53.png]]&#xD;
&#xD;
2019-08-12 18:11:05 - [TEST_STEP][PASSED] - (internal.GlobalVariable.i++): null&#xD;
&#xD;
2019-08-12 18:11:05 - [MESSAGE][PASSED] - Call Test Case 'Test Cases/mobileWeb/_include/get_screenshot' successfully&#xD;
&#xD;
2019-08-12 18:11:05 - [TEST_STEP][PASSED] - scrollToPosition(0, y): Browser is scrolled to position x = 0, y = 32400&#xD;
&#xD;
2019-08-12 18:11:05 - [MESSAGE][PASSED] - Browser is scrolled to position x = 0, y = 32400&#xD;
&#xD;
2019-08-12 18:11:05 - [TEST_STEP][PASSED] - Thread.sleep(3000): null&#xD;
&#xD;
2019-08-12 18:11:08 - [TEST_STEP][PASSED] - callTestCase(findTestCase("mobileWeb/_include/get_screenshot"), [:], STOP_ON_FAILURE): Call Test Case 'Test Cases/mobileWeb/_include/get_screenshot' successfully&#xD;
&#xD;
2019-08-12 18:11:08 - [TEST_CASE][PASSED] - Test Cases/mobileWeb/_include/get_screenshot: Test Cases/mobileWeb/_include/get_screenshot&#xD;
&#xD;
2019-08-12 18:11:08 - [TEST_STEP][PASSED] - takeScreenshot(screenPath + i + ".png"): Taking screenshot successfully&#xD;
&#xD;
2019-08-12 18:11:09 - [MESSAGE][PASSED] - Taking screenshot successfully&#xD;
[[ATTACHMENT|D:\\Test\\AgileTest\\AgileTest\\Reports\\mobileWeb\\plan detail\\20190812_173746\\../Screenshots/iPhone X/Plan Detail/stm_lifeshield flex/20190812_180731/54.png]]&#xD;
&#xD;
2019-08-12 18:11:09 - [TEST_STEP][PASSED] - (internal.GlobalVariable.i++): null&#xD;
&#xD;
2019-08-12 18:11:09 - [MESSAGE][PASSED] - Call Test Case 'Test Cases/mobileWeb/_include/get_screenshot' successfully&#xD;
&#xD;
2019-08-12 18:11:09 - [TEST_STEP][PASSED] - scrollToPosition(0, y): Browser is scrolled to position x = 0, y = 33000&#xD;
&#xD;
2019-08-12 18:11:09 - [MESSAGE][PASSED] - Browser is scrolled to position x = 0, y = 33000&#xD;
&#xD;
2019-08-12 18:11:09 - [TEST_STEP][PASSED] - Thread.sleep(3000): null&#xD;
&#xD;
2019-08-12 18:11:12 - [TEST_STEP][PASSED] - callTestCase(findTestCase("mobileWeb/_include/get_screenshot"), [:], STOP_ON_FAILURE): Call Test Case 'Test Cases/mobileWeb/_include/get_screenshot' successfully&#xD;
&#xD;
2019-08-12 18:11:12 - [TEST_CASE][PASSED] - Test Cases/mobileWeb/_include/get_screenshot: Test Cases/mobileWeb/_include/get_screenshot&#xD;
&#xD;
2019-08-12 18:11:12 - [TEST_STEP][PASSED] - takeScreenshot(screenPath + i + ".png"): Taking screenshot successfully&#xD;
&#xD;
2019-08-12 18:11:13 - [MESSAGE][PASSED] - Taking screenshot successfully&#xD;
[[ATTACHMENT|D:\\Test\\AgileTest\\AgileTest\\Reports\\mobileWeb\\plan detail\\20190812_173746\\../Screenshots/iPhone X/Plan Detail/stm_lifeshield flex/20190812_180731/55.png]]&#xD;
&#xD;
2019-08-12 18:11:13 - [TEST_STEP][PASSED] - (internal.GlobalVariable.i++): null&#xD;
&#xD;
2019-08-12 18:11:13 - [MESSAGE][PASSED] - Call Test Case 'Test Cases/mobileWeb/_include/get_screenshot' successfully&#xD;
&#xD;
2019-08-12 18:11:13 - [TEST_STEP][PASSED] - scrollToPosition(0, y): Browser is scrolled to position x = 0, y = 33600&#xD;
&#xD;
2019-08-12 18:11:13 - [MESSAGE][PASSED] - Browser is scrolled to position x = 0, y = 33600&#xD;
&#xD;
2019-08-12 18:11:13 - [TEST_STEP][PASSED] - Thread.sleep(3000): null&#xD;
&#xD;
2019-08-12 18:11:16 - [TEST_STEP][PASSED] - callTestCase(findTestCase("mobileWeb/_include/get_screenshot"), [:], STOP_ON_FAILURE): Call Test Case 'Test Cases/mobileWeb/_include/get_screenshot' successfully&#xD;
&#xD;
2019-08-12 18:11:16 - [TEST_CASE][PASSED] - Test Cases/mobileWeb/_include/get_screenshot: Test Cases/mobileWeb/_include/get_screenshot&#xD;
&#xD;
2019-08-12 18:11:16 - [TEST_STEP][PASSED] - takeScreenshot(screenPath + i + ".png"): Taking screenshot successfully&#xD;
&#xD;
2019-08-12 18:11:17 - [MESSAGE][PASSED] - Taking screenshot successfully&#xD;
[[ATTACHMENT|D:\\Test\\AgileTest\\AgileTest\\Reports\\mobileWeb\\plan detail\\20190812_173746\\../Screenshots/iPhone X/Plan Detail/stm_lifeshield flex/20190812_180731/56.png]]&#xD;
&#xD;
2019-08-12 18:11:17 - [TEST_STEP][PASSED] - (internal.GlobalVariable.i++): null&#xD;
&#xD;
2019-08-12 18:11:17 - [MESSAGE][PASSED] - Call Test Case 'Test Cases/mobileWeb/_include/get_screenshot' successfully&#xD;
&#xD;
2019-08-12 18:11:17 - [TEST_STEP][PASSED] - scrollToPosition(0, y): Browser is scrolled to position x = 0, y = 34200&#xD;
&#xD;
2019-08-12 18:11:17 - [MESSAGE][PASSED] - Browser is scrolled to position x = 0, y = 34200&#xD;
&#xD;
2019-08-12 18:11:17 - [TEST_STEP][PASSED] - Thread.sleep(3000): null&#xD;
&#xD;
2019-08-12 18:11:20 - [TEST_STEP][PASSED] - callTestCase(findTestCase("mobileWeb/_include/get_screenshot"), [:], STOP_ON_FAILURE): Call Test Case 'Test Cases/mobileWeb/_include/get_screenshot' successfully&#xD;
&#xD;
2019-08-12 18:11:20 - [TEST_CASE][PASSED] - Test Cases/mobileWeb/_include/get_screenshot: Test Cases/mobileWeb/_include/get_screenshot&#xD;
&#xD;
2019-08-12 18:11:20 - [TEST_STEP][PASSED] - takeScreenshot(screenPath + i + ".png"): Taking screenshot successfully&#xD;
&#xD;
2019-08-12 18:11:20 - [MESSAGE][PASSED] - Taking screenshot successfully&#xD;
[[ATTACHMENT|D:\\Test\\AgileTest\\AgileTest\\Reports\\mobileWeb\\plan detail\\20190812_173746\\../Screenshots/iPhone X/Plan Detail/stm_lifeshield flex/20190812_180731/57.png]]&#xD;
&#xD;
2019-08-12 18:11:20 - [TEST_STEP][PASSED] - (internal.GlobalVariable.i++): null&#xD;
&#xD;
2019-08-12 18:11:20 - [MESSAGE][PASSED] - Call Test Case 'Test Cases/mobileWeb/_include/get_screenshot' successfully&#xD;
&#xD;
2019-08-12 18:11:20 - [TEST_STEP][PASSED] - scrollToPosition(0, y): Browser is scrolled to position x = 0, y = 34800&#xD;
&#xD;
2019-08-12 18:11:20 - [MESSAGE][PASSED] - Browser is scrolled to position x = 0, y = 34800&#xD;
&#xD;
2019-08-12 18:11:20 - [TEST_STEP][PASSED] - Thread.sleep(3000): null&#xD;
&#xD;
2019-08-12 18:11:23 - [TEST_STEP][PASSED] - callTestCase(findTestCase("mobileWeb/_include/get_screenshot"), [:], STOP_ON_FAILURE): Call Test Case 'Test Cases/mobileWeb/_include/get_screenshot' successfully&#xD;
&#xD;
2019-08-12 18:11:23 - [TEST_CASE][PASSED] - Test Cases/mobileWeb/_include/get_screenshot: Test Cases/mobileWeb/_include/get_screenshot&#xD;
&#xD;
2019-08-12 18:11:23 - [TEST_STEP][PASSED] - takeScreenshot(screenPath + i + ".png"): Taking screenshot successfully&#xD;
&#xD;
2019-08-12 18:11:24 - [MESSAGE][PASSED] - Taking screenshot successfully&#xD;
[[ATTACHMENT|D:\\Test\\AgileTest\\AgileTest\\Reports\\mobileWeb\\plan detail\\20190812_173746\\../Screenshots/iPhone X/Plan Detail/stm_lifeshield flex/20190812_180731/58.png]]&#xD;
&#xD;
2019-08-12 18:11:24 - [TEST_STEP][PASSED] - (internal.GlobalVariable.i++): null&#xD;
&#xD;
2019-08-12 18:11:24 - [MESSAGE][PASSED] - Call Test Case 'Test Cases/mobileWeb/_include/get_screenshot' successfully&#xD;
&#xD;
2019-08-12 18:11:24 - [TEST_STEP][PASSED] - scrollToPosition(0, y): Browser is scrolled to position x = 0, y = 35400&#xD;
&#xD;
2019-08-12 18:11:24 - [MESSAGE][PASSED] - Browser is scrolled to position x = 0, y = 35400&#xD;
&#xD;
2019-08-12 18:11:24 - [TEST_STEP][PASSED] - Thread.sleep(3000): null&#xD;
&#xD;
2019-08-12 18:11:27 - [MESSAGE][PASSED] - Call Test Case 'Test Cases/mobileWeb/_include/get_scrollScreenshot' successfully</system-out>
            <system-err></system-err>
        </testcase>
        <testcase name="Test Cases/mobileWeb/Other Pages Check/Plan Detail/stm/national general" classname="Test Cases/mobileWeb/Other Pages Check/Plan Detail/stm/national general" status="PASSED">
            <system-out>2019-08-12 18:11:27 - [TEST_CASE][PASSED] - Test Cases/mobileWeb/Other Pages Check/Plan Detail/stm/national general: Test Cases/mobileWeb/Other Pages Check/Plan Detail/stm/national general&#xD;
&#xD;
2019-08-12 18:11:27 - [TEST_STEP][PASSED] - callTestCase(findTestCase("mobileWeb/_include/get_screenPath"), ["productLine":"Plan Detail", "carrierName":"stm_national general"], CONTINUE_ON_FAILURE): Call Test Case 'Test Cases/mobileWeb/_include/get_screenPath' successfully&#xD;
&#xD;
2019-08-12 18:11:27 - [TEST_CASE][PASSED] - Test Cases/mobileWeb/_include/get_screenPath: Test Cases/mobileWeb/_include/get_screenPath&#xD;
&#xD;
2019-08-12 18:11:27 - [TEST_STEP][PASSED] - m = getExecutionProperties(): null&#xD;
&#xD;
2019-08-12 18:11:27 - [TEST_STEP][PASSED] - deviceName = get("mobileEmulation").get("deviceName"): null&#xD;
&#xD;
2019-08-12 18:11:27 - [TEST_STEP][PASSED] - println(deviceName): null&#xD;
&#xD;
2019-08-12 18:11:27 - [TEST_STEP][PASSED] - now = new java.util.Date(): null&#xD;
&#xD;
2019-08-12 18:11:27 - [TEST_STEP][PASSED] - mydate = now.format("yyyyMMdd_HHmmss"): null&#xD;
&#xD;
2019-08-12 18:11:27 - [TEST_STEP][PASSED] - screenPath = "../Screenshots/": null&#xD;
&#xD;
2019-08-12 18:11:27 - [TEST_STEP][PASSED] - screenPath = screenPath + deviceName + "/" + productLine + "/" + carrierName + "/" + mydate + "/": null&#xD;
&#xD;
2019-08-12 18:11:27 - [TEST_STEP][PASSED] - println(screenPath): null&#xD;
&#xD;
2019-08-12 18:11:27 - [MESSAGE][PASSED] - Call Test Case 'Test Cases/mobileWeb/_include/get_screenPath' successfully&#xD;
&#xD;
2019-08-12 18:11:27 - [TEST_STEP][PASSED] - i = 0: null&#xD;
&#xD;
2019-08-12 18:11:27 - [TEST_STEP][PASSED] - openBrowser("https://praetemptatus.agilehealthinsurance.com/term-health-insurance/plan/nationalgeneral-al-5000-50-10000-250000-extended?census[location][zip]=35215&amp;census[member][0][dob]=1/1/1980&amp;census[member][0][gender]=F&amp;census[member][0][role]=P"): Browser is opened with url: 'https://praetemptatus.agilehealthinsurance.com/term-health-insurance/plan/nationalgeneral-al-5000-50-10000-250000-extended?census[location][zip]=35215&amp;census[member][0][dob]=1/1/1980&amp;census[member][0][gender]=F&amp;census[member][0][role]=P'&#xD;
&#xD;
2019-08-12 18:11:27 - [MESSAGE][WARNING] - A browser is already opened. Closing browser and opening a new one&#xD;
&#xD;
2019-08-12 18:11:28 - [MESSAGE][INFO] - Starting 'Chrome' driver&#xD;
&#xD;
2019-08-12 18:11:28 - [MESSAGE][INFO] - User set preference: ['mobileEmulation', '{deviceName=iPhone X}']&#xD;
&#xD;
2019-08-12 18:11:28 - [MESSAGE][INFO] - User set preference: ['args', '[--incognito, --aggressive-cache-discard, --no-sandbox, --window-size=375,812]']&#xD;
&#xD;
2019-08-12 18:11:37 - [MESSAGE][PASSED] - Browser is opened with url: 'https://praetemptatus.agilehealthinsurance.com/term-health-insurance/plan/nationalgeneral-al-5000-50-10000-250000-extended?census[location][zip]=35215&amp;census[member][0][dob]=1/1/1980&amp;census[member][0][gender]=F&amp;census[member][0][role]=P'&#xD;
&#xD;
2019-08-12 18:11:37 - [TEST_STEP][PASSED] - waitForPageLoad(20): Wait for page load successfully&#xD;
&#xD;
2019-08-12 18:11:37 - [MESSAGE][PASSED] - Wait for page load successfully&#xD;
&#xD;
2019-08-12 18:11:37 - [TEST_STEP][PASSED] - callTestCase(findTestCase("mobileWeb/_include/get_scrollScreenshot"), [:], STOP_ON_FAILURE): Call Test Case 'Test Cases/mobileWeb/_include/get_scrollScreenshot' successfully&#xD;
&#xD;
2019-08-12 18:11:38 - [TEST_CASE][PASSED] - Test Cases/mobileWeb/_include/get_scrollScreenshot: Test Cases/mobileWeb/_include/get_scrollScreenshot&#xD;
&#xD;
2019-08-12 18:11:38 - [TEST_STEP][PASSED] - pageHeight = getPageHeight(): Current page's height is 22712&#xD;
&#xD;
2019-08-12 18:11:38 - [MESSAGE][PASSED] - Current page's height is 22712&#xD;
&#xD;
2019-08-12 18:11:38 - [TEST_STEP][PASSED] - for ([y = 600, y &lt; pageHeight, y = y + 600]): null&#xD;
&#xD;
2019-08-12 18:11:38 - [TEST_STEP][PASSED] - callTestCase(findTestCase("mobileWeb/_include/get_screenshot"), [:], STOP_ON_FAILURE): Call Test Case 'Test Cases/mobileWeb/_include/get_screenshot' successfully&#xD;
&#xD;
2019-08-12 18:11:38 - [TEST_CASE][PASSED] - Test Cases/mobileWeb/_include/get_screenshot: Test Cases/mobileWeb/_include/get_screenshot&#xD;
&#xD;
2019-08-12 18:11:38 - [TEST_STEP][PASSED] - takeScreenshot(screenPath + i + ".png"): Taking screenshot successfully&#xD;
&#xD;
2019-08-12 18:11:39 - [MESSAGE][PASSED] - Taking screenshot successfully&#xD;
[[ATTACHMENT|D:\\Test\\AgileTest\\AgileTest\\Reports\\mobileWeb\\plan detail\\20190812_173746\\../Screenshots/iPhone X/Plan Detail/stm_national general/20190812_181127/0.png]]&#xD;
&#xD;
2019-08-12 18:11:39 - [TEST_STEP][PASSED] - (internal.GlobalVariable.i++): null&#xD;
&#xD;
2019-08-12 18:11:39 - [MESSAGE][PASSED] - Call Test Case 'Test Cases/mobileWeb/_include/get_screenshot' successfully&#xD;
&#xD;
2019-08-12 18:11:39 - [TEST_STEP][PASSED] - scrollToPosition(0, y): Browser is scrolled to position x = 0, y = 600&#xD;
&#xD;
2019-08-12 18:11:39 - [MESSAGE][PASSED] - Browser is scrolled to position x = 0, y = 600&#xD;
&#xD;
2019-08-12 18:11:39 - [TEST_STEP][PASSED] - Thread.sleep(3000): null&#xD;
&#xD;
2019-08-12 18:11:42 - [TEST_STEP][PASSED] - callTestCase(findTestCase("mobileWeb/_include/get_screenshot"), [:], STOP_ON_FAILURE): Call Test Case 'Test Cases/mobileWeb/_include/get_screenshot' successfully&#xD;
&#xD;
2019-08-12 18:11:42 - [TEST_CASE][PASSED] - Test Cases/mobileWeb/_include/get_screenshot: Test Cases/mobileWeb/_include/get_screenshot&#xD;
&#xD;
2019-08-12 18:11:42 - [TEST_STEP][PASSED] - takeScreenshot(screenPath + i + ".png"): Taking screenshot successfully&#xD;
&#xD;
2019-08-12 18:11:42 - [MESSAGE][PASSED] - Taking screenshot successfully&#xD;
[[ATTACHMENT|D:\\Test\\AgileTest\\AgileTest\\Reports\\mobileWeb\\plan detail\\20190812_173746\\../Screenshots/iPhone X/Plan Detail/stm_national general/20190812_181127/1.png]]&#xD;
&#xD;
2019-08-12 18:11:42 - [TEST_STEP][PASSED] - (internal.GlobalVariable.i++): null&#xD;
&#xD;
2019-08-12 18:11:42 - [MESSAGE][PASSED] - Call Test Case 'Test Cases/mobileWeb/_include/get_screenshot' successfully&#xD;
&#xD;
2019-08-12 18:11:42 - [TEST_STEP][PASSED] - scrollToPosition(0, y): Browser is scrolled to position x = 0, y = 1200&#xD;
&#xD;
2019-08-12 18:11:42 - [MESSAGE][PASSED] - Browser is scrolled to position x = 0, y = 1200&#xD;
&#xD;
2019-08-12 18:11:42 - [TEST_STEP][PASSED] - Thread.sleep(3000): null&#xD;
&#xD;
2019-08-12 18:11:45 - [TEST_STEP][PASSED] - callTestCase(findTestCase("mobileWeb/_include/get_screenshot"), [:], STOP_ON_FAILURE): Call Test Case 'Test Cases/mobileWeb/_include/get_screenshot' successfully&#xD;
&#xD;
2019-08-12 18:11:46 - [TEST_CASE][PASSED] - Test Cases/mobileWeb/_include/get_screenshot: Test Cases/mobileWeb/_include/get_screenshot&#xD;
&#xD;
2019-08-12 18:11:46 - [TEST_STEP][PASSED] - takeScreenshot(screenPath + i + ".png"): Taking screenshot successfully&#xD;
&#xD;
2019-08-12 18:11:46 - [MESSAGE][PASSED] - Taking screenshot successfully&#xD;
[[ATTACHMENT|D:\\Test\\AgileTest\\AgileTest\\Reports\\mobileWeb\\plan detail\\20190812_173746\\../Screenshots/iPhone X/Plan Detail/stm_national general/20190812_181127/2.png]]&#xD;
&#xD;
2019-08-12 18:11:46 - [TEST_STEP][PASSED] - (internal.GlobalVariable.i++): null&#xD;
&#xD;
2019-08-12 18:11:46 - [MESSAGE][PASSED] - Call Test Case 'Test Cases/mobileWeb/_include/get_screenshot' successfully&#xD;
&#xD;
2019-08-12 18:11:46 - [TEST_STEP][PASSED] - scrollToPosition(0, y): Browser is scrolled to position x = 0, y = 1800&#xD;
&#xD;
2019-08-12 18:11:46 - [MESSAGE][PASSED] - Browser is scrolled to position x = 0, y = 1800&#xD;
&#xD;
2019-08-12 18:11:46 - [TEST_STEP][PASSED] - Thread.sleep(3000): null&#xD;
&#xD;
2019-08-12 18:11:49 - [TEST_STEP][PASSED] - callTestCase(findTestCase("mobileWeb/_include/get_screenshot"), [:], STOP_ON_FAILURE): Call Test Case 'Test Cases/mobileWeb/_include/get_screenshot' successfully&#xD;
&#xD;
2019-08-12 18:11:49 - [TEST_CASE][PASSED] - Test Cases/mobileWeb/_include/get_screenshot: Test Cases/mobileWeb/_include/get_screenshot&#xD;
&#xD;
2019-08-12 18:11:49 - [TEST_STEP][PASSED] - takeScreenshot(screenPath + i + ".png"): Taking screenshot successfully&#xD;
&#xD;
2019-08-12 18:11:50 - [MESSAGE][PASSED] - Taking screenshot successfully&#xD;
[[ATTACHMENT|D:\\Test\\AgileTest\\AgileTest\\Reports\\mobileWeb\\plan detail\\20190812_173746\\../Screenshots/iPhone X/Plan Detail/stm_national general/20190812_181127/3.png]]&#xD;
&#xD;
2019-08-12 18:11:50 - [TEST_STEP][PASSED] - (internal.GlobalVariable.i++): null&#xD;
&#xD;
2019-08-12 18:11:50 - [MESSAGE][PASSED] - Call Test Case 'Test Cases/mobileWeb/_include/get_screenshot' successfully&#xD;
&#xD;
2019-08-12 18:11:50 - [TEST_STEP][PASSED] - scrollToPosition(0, y): Browser is scrolled to position x = 0, y = 2400&#xD;
&#xD;
2019-08-12 18:11:50 - [MESSAGE][PASSED] - Browser is scrolled to position x = 0, y = 2400&#xD;
&#xD;
2019-08-12 18:11:50 - [TEST_STEP][PASSED] - Thread.sleep(3000): null&#xD;
&#xD;
2019-08-12 18:11:53 - [TEST_STEP][PASSED] - callTestCase(findTestCase("mobileWeb/_include/get_screenshot"), [:], STOP_ON_FAILURE): Call Test Case 'Test Cases/mobileWeb/_include/get_screenshot' successfully&#xD;
&#xD;
2019-08-12 18:11:53 - [TEST_CASE][PASSED] - Test Cases/mobileWeb/_include/get_screenshot: Test Cases/mobileWeb/_include/get_screenshot&#xD;
&#xD;
2019-08-12 18:11:53 - [TEST_STEP][PASSED] - takeScreenshot(screenPath + i + ".png"): Taking screenshot successfully&#xD;
&#xD;
2019-08-12 18:11:54 - [MESSAGE][PASSED] - Taking screenshot successfully&#xD;
[[ATTACHMENT|D:\\Test\\AgileTest\\AgileTest\\Reports\\mobileWeb\\plan detail\\20190812_173746\\../Screenshots/iPhone X/Plan Detail/stm_national general/20190812_181127/4.png]]&#xD;
&#xD;
2019-08-12 18:11:54 - [TEST_STEP][PASSED] - (internal.GlobalVariable.i++): null&#xD;
&#xD;
2019-08-12 18:11:54 - [MESSAGE][PASSED] - Call Test Case 'Test Cases/mobileWeb/_include/get_screenshot' successfully&#xD;
&#xD;
2019-08-12 18:11:54 - [TEST_STEP][PASSED] - scrollToPosition(0, y): Browser is scrolled to position x = 0, y = 3000&#xD;
&#xD;
2019-08-12 18:11:54 - [MESSAGE][PASSED] - Browser is scrolled to position x = 0, y = 3000&#xD;
&#xD;
2019-08-12 18:11:54 - [TEST_STEP][PASSED] - Thread.sleep(3000): null&#xD;
&#xD;
2019-08-12 18:11:57 - [TEST_STEP][PASSED] - callTestCase(findTestCase("mobileWeb/_include/get_screenshot"), [:], STOP_ON_FAILURE): Call Test Case 'Test Cases/mobileWeb/_include/get_screenshot' successfully&#xD;
&#xD;
2019-08-12 18:11:57 - [TEST_CASE][PASSED] - Test Cases/mobileWeb/_include/get_screenshot: Test Cases/mobileWeb/_include/get_screenshot&#xD;
&#xD;
2019-08-12 18:11:57 - [TEST_STEP][PASSED] - takeScreenshot(screenPath + i + ".png"): Taking screenshot successfully&#xD;
&#xD;
2019-08-12 18:11:57 - [MESSAGE][PASSED] - Taking screenshot successfully&#xD;
[[ATTACHMENT|D:\\Test\\AgileTest\\AgileTest\\Reports\\mobileWeb\\plan detail\\20190812_173746\\../Screenshots/iPhone X/Plan Detail/stm_national general/20190812_181127/5.png]]&#xD;
&#xD;
2019-08-12 18:11:57 - [TEST_STEP][PASSED] - (internal.GlobalVariable.i++): null&#xD;
&#xD;
2019-08-12 18:11:57 - [MESSAGE][PASSED] - Call Test Case 'Test Cases/mobileWeb/_include/get_screenshot' successfully&#xD;
&#xD;
2019-08-12 18:11:57 - [TEST_STEP][PASSED] - scrollToPosition(0, y): Browser is scrolled to position x = 0, y = 3600&#xD;
&#xD;
2019-08-12 18:11:57 - [MESSAGE][PASSED] - Browser is scrolled to position x = 0, y = 3600&#xD;
&#xD;
2019-08-12 18:11:57 - [TEST_STEP][PASSED] - Thread.sleep(3000): null&#xD;
&#xD;
2019-08-12 18:12:00 - [TEST_STEP][PASSED] - callTestCase(findTestCase("mobileWeb/_include/get_screenshot"), [:], STOP_ON_FAILURE): Call Test Case 'Test Cases/mobileWeb/_include/get_screenshot' successfully&#xD;
&#xD;
2019-08-12 18:12:00 - [TEST_CASE][PASSED] - Test Cases/mobileWeb/_include/get_screenshot: Test Cases/mobileWeb/_include/get_screenshot&#xD;
&#xD;
2019-08-12 18:12:00 - [TEST_STEP][PASSED] - takeScreenshot(screenPath + i + ".png"): Taking screenshot successfully&#xD;
&#xD;
2019-08-12 18:12:01 - [MESSAGE][PASSED] - Taking screenshot successfully&#xD;
[[ATTACHMENT|D:\\Test\\AgileTest\\AgileTest\\Reports\\mobileWeb\\plan detail\\20190812_173746\\../Screenshots/iPhone X/Plan Detail/stm_national general/20190812_181127/6.png]]&#xD;
&#xD;
2019-08-12 18:12:01 - [TEST_STEP][PASSED] - (internal.GlobalVariable.i++): null&#xD;
&#xD;
2019-08-12 18:12:01 - [MESSAGE][PASSED] - Call Test Case 'Test Cases/mobileWeb/_include/get_screenshot' successfully&#xD;
&#xD;
2019-08-12 18:12:01 - [TEST_STEP][PASSED] - scrollToPosition(0, y): Browser is scrolled to position x = 0, y = 4200&#xD;
&#xD;
2019-08-12 18:12:01 - [MESSAGE][PASSED] - Browser is scrolled to position x = 0, y = 4200&#xD;
&#xD;
2019-08-12 18:12:01 - [TEST_STEP][PASSED] - Thread.sleep(3000): null&#xD;
&#xD;
2019-08-12 18:12:04 - [TEST_STEP][PASSED] - callTestCase(findTestCase("mobileWeb/_include/get_screenshot"), [:], STOP_ON_FAILURE): Call Test Case 'Test Cases/mobileWeb/_include/get_screenshot' successfully&#xD;
&#xD;
2019-08-12 18:12:04 - [TEST_CASE][PASSED] - Test Cases/mobileWeb/_include/get_screenshot: Test Cases/mobileWeb/_include/get_screenshot&#xD;
&#xD;
2019-08-12 18:12:04 - [TEST_STEP][PASSED] - takeScreenshot(screenPath + i + ".png"): Taking screenshot successfully&#xD;
&#xD;
2019-08-12 18:12:05 - [MESSAGE][PASSED] - Taking screenshot successfully&#xD;
[[ATTACHMENT|D:\\Test\\AgileTest\\AgileTest\\Reports\\mobileWeb\\plan detail\\20190812_173746\\../Screenshots/iPhone X/Plan Detail/stm_national general/20190812_181127/7.png]]&#xD;
&#xD;
2019-08-12 18:12:05 - [TEST_STEP][PASSED] - (internal.GlobalVariable.i++): null&#xD;
&#xD;
2019-08-12 18:12:05 - [MESSAGE][PASSED] - Call Test Case 'Test Cases/mobileWeb/_include/get_screenshot' successfully&#xD;
&#xD;
2019-08-12 18:12:05 - [TEST_STEP][PASSED] - scrollToPosition(0, y): Browser is scrolled to position x = 0, y = 4800&#xD;
&#xD;
2019-08-12 18:12:05 - [MESSAGE][PASSED] - Browser is scrolled to position x = 0, y = 4800&#xD;
&#xD;
2019-08-12 18:12:05 - [TEST_STEP][PASSED] - Thread.sleep(3000): null&#xD;
&#xD;
2019-08-12 18:12:08 - [TEST_STEP][PASSED] - callTestCase(findTestCase("mobileWeb/_include/get_screenshot"), [:], STOP_ON_FAILURE): Call Test Case 'Test Cases/mobileWeb/_include/get_screenshot' successfully&#xD;
&#xD;
2019-08-12 18:12:08 - [TEST_CASE][PASSED] - Test Cases/mobileWeb/_include/get_screenshot: Test Cases/mobileWeb/_include/get_screenshot&#xD;
&#xD;
2019-08-12 18:12:08 - [TEST_STEP][PASSED] - takeScreenshot(screenPath + i + ".png"): Taking screenshot successfully&#xD;
&#xD;
2019-08-12 18:12:09 - [MESSAGE][PASSED] - Taking screenshot successfully&#xD;
[[ATTACHMENT|D:\\Test\\AgileTest\\AgileTest\\Reports\\mobileWeb\\plan detail\\20190812_173746\\../Screenshots/iPhone X/Plan Detail/stm_national general/20190812_181127/8.png]]&#xD;
&#xD;
2019-08-12 18:12:09 - [TEST_STEP][PASSED] - (internal.GlobalVariable.i++): null&#xD;
&#xD;
2019-08-12 18:12:09 - [MESSAGE][PASSED] - Call Test Case 'Test Cases/mobileWeb/_include/get_screenshot' successfully&#xD;
&#xD;
2019-08-12 18:12:09 - [TEST_STEP][PASSED] - scrollToPosition(0, y): Browser is scrolled to position x = 0, y = 5400&#xD;
&#xD;
2019-08-12 18:12:09 - [MESSAGE][PASSED] - Browser is scrolled to position x = 0, y = 5400&#xD;
&#xD;
2019-08-12 18:12:09 - [TEST_STEP][PASSED] - Thread.sleep(3000): null&#xD;
&#xD;
2019-08-12 18:12:12 - [TEST_STEP][PASSED] - callTestCase(findTestCase("mobileWeb/_include/get_screenshot"), [:], STOP_ON_FAILURE): Call Test Case 'Test Cases/mobileWeb/_include/get_screenshot' successfully&#xD;
&#xD;
2019-08-12 18:12:12 - [TEST_CASE][PASSED] - Test Cases/mobileWeb/_include/get_screenshot: Test Cases/mobileWeb/_include/get_screenshot&#xD;
&#xD;
2019-08-12 18:12:12 - [TEST_STEP][PASSED] - takeScreenshot(screenPath + i + ".png"): Taking screenshot successfully&#xD;
&#xD;
2019-08-12 18:12:12 - [MESSAGE][PASSED] - Taking screenshot successfully&#xD;
[[ATTACHMENT|D:\\Test\\AgileTest\\AgileTest\\Reports\\mobileWeb\\plan detail\\20190812_173746\\../Screenshots/iPhone X/Plan Detail/stm_national general/20190812_181127/9.png]]&#xD;
&#xD;
2019-08-12 18:12:12 - [TEST_STEP][PASSED] - (internal.GlobalVariable.i++): null&#xD;
&#xD;
2019-08-12 18:12:12 - [MESSAGE][PASSED] - Call Test Case 'Test Cases/mobileWeb/_include/get_screenshot' successfully&#xD;
&#xD;
2019-08-12 18:12:12 - [TEST_STEP][PASSED] - scrollToPosition(0, y): Browser is scrolled to position x = 0, y = 6000&#xD;
&#xD;
2019-08-12 18:12:12 - [MESSAGE][PASSED] - Browser is scrolled to position x = 0, y = 6000&#xD;
&#xD;
2019-08-12 18:12:12 - [TEST_STEP][PASSED] - Thread.sleep(3000): null&#xD;
&#xD;
2019-08-12 18:12:15 - [TEST_STEP][PASSED] - callTestCase(findTestCase("mobileWeb/_include/get_screenshot"), [:], STOP_ON_FAILURE): Call Test Case 'Test Cases/mobileWeb/_include/get_screenshot' successfully&#xD;
&#xD;
2019-08-12 18:12:16 - [TEST_CASE][PASSED] - Test Cases/mobileWeb/_include/get_screenshot: Test Cases/mobileWeb/_include/get_screenshot&#xD;
&#xD;
2019-08-12 18:12:16 - [TEST_STEP][PASSED] - takeScreenshot(screenPath + i + ".png"): Taking screenshot successfully&#xD;
&#xD;
2019-08-12 18:12:16 - [MESSAGE][PASSED] - Taking screenshot successfully&#xD;
[[ATTACHMENT|D:\\Test\\AgileTest\\AgileTest\\Reports\\mobileWeb\\plan detail\\20190812_173746\\../Screenshots/iPhone X/Plan Detail/stm_national general/20190812_181127/10.png]]&#xD;
&#xD;
2019-08-12 18:12:16 - [TEST_STEP][PASSED] - (internal.GlobalVariable.i++): null&#xD;
&#xD;
2019-08-12 18:12:16 - [MESSAGE][PASSED] - Call Test Case 'Test Cases/mobileWeb/_include/get_screenshot' successfully&#xD;
&#xD;
2019-08-12 18:12:16 - [TEST_STEP][PASSED] - scrollToPosition(0, y): Browser is scrolled to position x = 0, y = 6600&#xD;
&#xD;
2019-08-12 18:12:16 - [MESSAGE][PASSED] - Browser is scrolled to position x = 0, y = 6600&#xD;
&#xD;
2019-08-12 18:12:16 - [TEST_STEP][PASSED] - Thread.sleep(3000): null&#xD;
&#xD;
2019-08-12 18:12:19 - [TEST_STEP][PASSED] - callTestCase(findTestCase("mobileWeb/_include/get_screenshot"), [:], STOP_ON_FAILURE): Call Test Case 'Test Cases/mobileWeb/_include/get_screenshot' successfully&#xD;
&#xD;
2019-08-12 18:12:19 - [TEST_CASE][PASSED] - Test Cases/mobileWeb/_include/get_screenshot: Test Cases/mobileWeb/_include/get_screenshot&#xD;
&#xD;
2019-08-12 18:12:19 - [TEST_STEP][PASSED] - takeScreenshot(screenPath + i + ".png"): Taking screenshot successfully&#xD;
&#xD;
2019-08-12 18:12:20 - [MESSAGE][PASSED] - Taking screenshot successfully&#xD;
[[ATTACHMENT|D:\\Test\\AgileTest\\AgileTest\\Reports\\mobileWeb\\plan detail\\20190812_173746\\../Screenshots/iPhone X/Plan Detail/stm_national general/20190812_181127/11.png]]&#xD;
&#xD;
2019-08-12 18:12:20 - [TEST_STEP][PASSED] - (internal.GlobalVariable.i++): null&#xD;
&#xD;
2019-08-12 18:12:20 - [MESSAGE][PASSED] - Call Test Case 'Test Cases/mobileWeb/_include/get_screenshot' successfully&#xD;
&#xD;
2019-08-12 18:12:20 - [TEST_STEP][PASSED] - scrollToPosition(0, y): Browser is scrolled to position x = 0, y = 7200&#xD;
&#xD;
2019-08-12 18:12:20 - [MESSAGE][PASSED] - Browser is scrolled to position x = 0, y = 7200&#xD;
&#xD;
2019-08-12 18:12:20 - [TEST_STEP][PASSED] - Thread.sleep(3000): null&#xD;
&#xD;
2019-08-12 18:12:23 - [TEST_STEP][PASSED] - callTestCase(findTestCase("mobileWeb/_include/get_screenshot"), [:], STOP_ON_FAILURE): Call Test Case 'Test Cases/mobileWeb/_include/get_screenshot' successfully&#xD;
&#xD;
2019-08-12 18:12:23 - [TEST_CASE][PASSED] - Test Cases/mobileWeb/_include/get_screenshot: Test Cases/mobileWeb/_include/get_screenshot&#xD;
&#xD;
2019-08-12 18:12:23 - [TEST_STEP][PASSED] - takeScreenshot(screenPath + i + ".png"): Taking screenshot successfully&#xD;
&#xD;
2019-08-12 18:12:24 - [MESSAGE][PASSED] - Taking screenshot successfully&#xD;
[[ATTACHMENT|D:\\Test\\AgileTest\\AgileTest\\Reports\\mobileWeb\\plan detail\\20190812_173746\\../Screenshots/iPhone X/Plan Detail/stm_national general/20190812_181127/12.png]]&#xD;
&#xD;
2019-08-12 18:12:24 - [TEST_STEP][PASSED] - (internal.GlobalVariable.i++): null&#xD;
&#xD;
2019-08-12 18:12:24 - [MESSAGE][PASSED] - Call Test Case 'Test Cases/mobileWeb/_include/get_screenshot' successfully&#xD;
&#xD;
2019-08-12 18:12:24 - [TEST_STEP][PASSED] - scrollToPosition(0, y): Browser is scrolled to position x = 0, y = 7800&#xD;
&#xD;
2019-08-12 18:12:24 - [MESSAGE][PASSED] - Browser is scrolled to position x = 0, y = 7800&#xD;
&#xD;
2019-08-12 18:12:24 - [TEST_STEP][PASSED] - Thread.sleep(3000): null&#xD;
&#xD;
2019-08-12 18:12:27 - [TEST_STEP][PASSED] - callTestCase(findTestCase("mobileWeb/_include/get_screenshot"), [:], STOP_ON_FAILURE): Call Test Case 'Test Cases/mobileWeb/_include/get_screenshot' successfully&#xD;
&#xD;
2019-08-12 18:12:27 - [TEST_CASE][PASSED] - Test Cases/mobileWeb/_include/get_screenshot: Test Cases/mobileWeb/_include/get_screenshot&#xD;
&#xD;
2019-08-12 18:12:27 - [TEST_STEP][PASSED] - takeScreenshot(screenPath + i + ".png"): Taking screenshot successfully&#xD;
&#xD;
2019-08-12 18:12:28 - [MESSAGE][PASSED] - Taking screenshot successfully&#xD;
[[ATTACHMENT|D:\\Test\\AgileTest\\AgileTest\\Reports\\mobileWeb\\plan detail\\20190812_173746\\../Screenshots/iPhone X/Plan Detail/stm_national general/20190812_181127/13.png]]&#xD;
&#xD;
2019-08-12 18:12:28 - [TEST_STEP][PASSED] - (internal.GlobalVariable.i++): null&#xD;
&#xD;
2019-08-12 18:12:28 - [MESSAGE][PASSED] - Call Test Case 'Test Cases/mobileWeb/_include/get_screenshot' successfully&#xD;
&#xD;
2019-08-12 18:12:28 - [TEST_STEP][PASSED] - scrollToPosition(0, y): Browser is scrolled to position x = 0, y = 8400&#xD;
&#xD;
2019-08-12 18:12:28 - [MESSAGE][PASSED] - Browser is scrolled to position x = 0, y = 8400&#xD;
&#xD;
2019-08-12 18:12:28 - [TEST_STEP][PASSED] - Thread.sleep(3000): null&#xD;
&#xD;
2019-08-12 18:12:31 - [TEST_STEP][PASSED] - callTestCase(findTestCase("mobileWeb/_include/get_screenshot"), [:], STOP_ON_FAILURE): Call Test Case 'Test Cases/mobileWeb/_include/get_screenshot' successfully&#xD;
&#xD;
2019-08-12 18:12:31 - [TEST_CASE][PASSED] - Test Cases/mobileWeb/_include/get_screenshot: Test Cases/mobileWeb/_include/get_screenshot&#xD;
&#xD;
2019-08-12 18:12:31 - [TEST_STEP][PASSED] - takeScreenshot(screenPath + i + ".png"): Taking screenshot successfully&#xD;
&#xD;
2019-08-12 18:12:32 - [MESSAGE][PASSED] - Taking screenshot successfully&#xD;
[[ATTACHMENT|D:\\Test\\AgileTest\\AgileTest\\Reports\\mobileWeb\\plan detail\\20190812_173746\\../Screenshots/iPhone X/Plan Detail/stm_national general/20190812_181127/14.png]]&#xD;
&#xD;
2019-08-12 18:12:32 - [TEST_STEP][PASSED] - (internal.GlobalVariable.i++): null&#xD;
&#xD;
2019-08-12 18:12:32 - [MESSAGE][PASSED] - Call Test Case 'Test Cases/mobileWeb/_include/get_screenshot' successfully&#xD;
&#xD;
2019-08-12 18:12:32 - [TEST_STEP][PASSED] - scrollToPosition(0, y): Browser is scrolled to position x = 0, y = 9000&#xD;
&#xD;
2019-08-12 18:12:32 - [MESSAGE][PASSED] - Browser is scrolled to position x = 0, y = 9000&#xD;
&#xD;
2019-08-12 18:12:32 - [TEST_STEP][PASSED] - Thread.sleep(3000): null&#xD;
&#xD;
2019-08-12 18:12:35 - [TEST_STEP][PASSED] - callTestCase(findTestCase("mobileWeb/_include/get_screenshot"), [:], STOP_ON_FAILURE): Call Test Case 'Test Cases/mobileWeb/_include/get_screenshot' successfully&#xD;
&#xD;
2019-08-12 18:12:35 - [TEST_CASE][PASSED] - Test Cases/mobileWeb/_include/get_screenshot: Test Cases/mobileWeb/_include/get_screenshot&#xD;
&#xD;
2019-08-12 18:12:35 - [TEST_STEP][PASSED] - takeScreenshot(screenPath + i + ".png"): Taking screenshot successfully&#xD;
&#xD;
2019-08-12 18:12:35 - [MESSAGE][PASSED] - Taking screenshot successfully&#xD;
[[ATTACHMENT|D:\\Test\\AgileTest\\AgileTest\\Reports\\mobileWeb\\plan detail\\20190812_173746\\../Screenshots/iPhone X/Plan Detail/stm_national general/20190812_181127/15.png]]&#xD;
&#xD;
2019-08-12 18:12:35 - [TEST_STEP][PASSED] - (internal.GlobalVariable.i++): null&#xD;
&#xD;
2019-08-12 18:12:35 - [MESSAGE][PASSED] - Call Test Case 'Test Cases/mobileWeb/_include/get_screenshot' successfully&#xD;
&#xD;
2019-08-12 18:12:35 - [TEST_STEP][PASSED] - scrollToPosition(0, y): Browser is scrolled to position x = 0, y = 9600&#xD;
&#xD;
2019-08-12 18:12:35 - [MESSAGE][PASSED] - Browser is scrolled to position x = 0, y = 9600&#xD;
&#xD;
2019-08-12 18:12:35 - [TEST_STEP][PASSED] - Thread.sleep(3000): null&#xD;
&#xD;
2019-08-12 18:12:38 - [TEST_STEP][PASSED] - callTestCase(findTestCase("mobileWeb/_include/get_screenshot"), [:], STOP_ON_FAILURE): Call Test Case 'Test Cases/mobileWeb/_include/get_screenshot' successfully&#xD;
&#xD;
2019-08-12 18:12:38 - [TEST_CASE][PASSED] - Test Cases/mobileWeb/_include/get_screenshot: Test Cases/mobileWeb/_include/get_screenshot&#xD;
&#xD;
2019-08-12 18:12:38 - [TEST_STEP][PASSED] - takeScreenshot(screenPath + i + ".png"): Taking screenshot successfully&#xD;
&#xD;
2019-08-12 18:12:39 - [MESSAGE][PASSED] - Taking screenshot successfully&#xD;
[[ATTACHMENT|D:\\Test\\AgileTest\\AgileTest\\Reports\\mobileWeb\\plan detail\\20190812_173746\\../Screenshots/iPhone X/Plan Detail/stm_national general/20190812_181127/16.png]]&#xD;
&#xD;
2019-08-12 18:12:39 - [TEST_STEP][PASSED] - (internal.GlobalVariable.i++): null&#xD;
&#xD;
2019-08-12 18:12:39 - [MESSAGE][PASSED] - Call Test Case 'Test Cases/mobileWeb/_include/get_screenshot' successfully&#xD;
&#xD;
2019-08-12 18:12:39 - [TEST_STEP][PASSED] - scrollToPosition(0, y): Browser is scrolled to position x = 0, y = 10200&#xD;
&#xD;
2019-08-12 18:12:39 - [MESSAGE][PASSED] - Browser is scrolled to position x = 0, y = 10200&#xD;
&#xD;
2019-08-12 18:12:39 - [TEST_STEP][PASSED] - Thread.sleep(3000): null&#xD;
&#xD;
2019-08-12 18:12:42 - [TEST_STEP][PASSED] - callTestCase(findTestCase("mobileWeb/_include/get_screenshot"), [:], STOP_ON_FAILURE): Call Test Case 'Test Cases/mobileWeb/_include/get_screenshot' successfully&#xD;
&#xD;
2019-08-12 18:12:42 - [TEST_CASE][PASSED] - Test Cases/mobileWeb/_include/get_screenshot: Test Cases/mobileWeb/_include/get_screenshot&#xD;
&#xD;
2019-08-12 18:12:42 - [TEST_STEP][PASSED] - takeScreenshot(screenPath + i + ".png"): Taking screenshot successfully&#xD;
&#xD;
2019-08-12 18:12:43 - [MESSAGE][PASSED] - Taking screenshot successfully&#xD;
[[ATTACHMENT|D:\\Test\\AgileTest\\AgileTest\\Reports\\mobileWeb\\plan detail\\20190812_173746\\../Screenshots/iPhone X/Plan Detail/stm_national general/20190812_181127/17.png]]&#xD;
&#xD;
2019-08-12 18:12:43 - [TEST_STEP][PASSED] - (internal.GlobalVariable.i++): null&#xD;
&#xD;
2019-08-12 18:12:43 - [MESSAGE][PASSED] - Call Test Case 'Test Cases/mobileWeb/_include/get_screenshot' successfully&#xD;
&#xD;
2019-08-12 18:12:43 - [TEST_STEP][PASSED] - scrollToPosition(0, y): Browser is scrolled to position x = 0, y = 10800&#xD;
&#xD;
2019-08-12 18:12:43 - [MESSAGE][PASSED] - Browser is scrolled to position x = 0, y = 10800&#xD;
&#xD;
2019-08-12 18:12:43 - [TEST_STEP][PASSED] - Thread.sleep(3000): null&#xD;
&#xD;
2019-08-12 18:12:46 - [TEST_STEP][PASSED] - callTestCase(findTestCase("mobileWeb/_include/get_screenshot"), [:], STOP_ON_FAILURE): Call Test Case 'Test Cases/mobileWeb/_include/get_screenshot' successfully&#xD;
&#xD;
2019-08-12 18:12:46 - [TEST_CASE][PASSED] - Test Cases/mobileWeb/_include/get_screenshot: Test Cases/mobileWeb/_include/get_screenshot&#xD;
&#xD;
2019-08-12 18:12:46 - [TEST_STEP][PASSED] - takeScreenshot(screenPath + i + ".png"): Taking screenshot successfully&#xD;
&#xD;
2019-08-12 18:12:47 - [MESSAGE][PASSED] - Taking screenshot successfully&#xD;
[[ATTACHMENT|D:\\Test\\AgileTest\\AgileTest\\Reports\\mobileWeb\\plan detail\\20190812_173746\\../Screenshots/iPhone X/Plan Detail/stm_national general/20190812_181127/18.png]]&#xD;
&#xD;
2019-08-12 18:12:47 - [TEST_STEP][PASSED] - (internal.GlobalVariable.i++): null&#xD;
&#xD;
2019-08-12 18:12:47 - [MESSAGE][PASSED] - Call Test Case 'Test Cases/mobileWeb/_include/get_screenshot' successfully&#xD;
&#xD;
2019-08-12 18:12:47 - [TEST_STEP][PASSED] - scrollToPosition(0, y): Browser is scrolled to position x = 0, y = 11400&#xD;
&#xD;
2019-08-12 18:12:47 - [MESSAGE][PASSED] - Browser is scrolled to position x = 0, y = 11400&#xD;
&#xD;
2019-08-12 18:12:47 - [TEST_STEP][PASSED] - Thread.sleep(3000): null&#xD;
&#xD;
2019-08-12 18:12:50 - [TEST_STEP][PASSED] - callTestCase(findTestCase("mobileWeb/_include/get_screenshot"), [:], STOP_ON_FAILURE): Call Test Case 'Test Cases/mobileWeb/_include/get_screenshot' successfully&#xD;
&#xD;
2019-08-12 18:12:50 - [TEST_CASE][PASSED] - Test Cases/mobileWeb/_include/get_screenshot: Test Cases/mobileWeb/_include/get_screenshot&#xD;
&#xD;
2019-08-12 18:12:50 - [TEST_STEP][PASSED] - takeScreenshot(screenPath + i + ".png"): Taking screenshot successfully&#xD;
&#xD;
2019-08-12 18:12:51 - [MESSAGE][PASSED] - Taking screenshot successfully&#xD;
[[ATTACHMENT|D:\\Test\\AgileTest\\AgileTest\\Reports\\mobileWeb\\plan detail\\20190812_173746\\../Screenshots/iPhone X/Plan Detail/stm_national general/20190812_181127/19.png]]&#xD;
&#xD;
2019-08-12 18:12:51 - [TEST_STEP][PASSED] - (internal.GlobalVariable.i++): null&#xD;
&#xD;
2019-08-12 18:12:51 - [MESSAGE][PASSED] - Call Test Case 'Test Cases/mobileWeb/_include/get_screenshot' successfully&#xD;
&#xD;
2019-08-12 18:12:51 - [TEST_STEP][PASSED] - scrollToPosition(0, y): Browser is scrolled to position x = 0, y = 12000&#xD;
&#xD;
2019-08-12 18:12:51 - [MESSAGE][PASSED] - Browser is scrolled to position x = 0, y = 12000&#xD;
&#xD;
2019-08-12 18:12:51 - [TEST_STEP][PASSED] - Thread.sleep(3000): null&#xD;
&#xD;
2019-08-12 18:12:54 - [TEST_STEP][PASSED] - callTestCase(findTestCase("mobileWeb/_include/get_screenshot"), [:], STOP_ON_FAILURE): Call Test Case 'Test Cases/mobileWeb/_include/get_screenshot' successfully&#xD;
&#xD;
2019-08-12 18:12:54 - [TEST_CASE][PASSED] - Test Cases/mobileWeb/_include/get_screenshot: Test Cases/mobileWeb/_include/get_screenshot&#xD;
&#xD;
2019-08-12 18:12:54 - [TEST_STEP][PASSED] - takeScreenshot(screenPath + i + ".png"): Taking screenshot successfully&#xD;
&#xD;
2019-08-12 18:12:55 - [MESSAGE][PASSED] - Taking screenshot successfully&#xD;
[[ATTACHMENT|D:\\Test\\AgileTest\\AgileTest\\Reports\\mobileWeb\\plan detail\\20190812_173746\\../Screenshots/iPhone X/Plan Detail/stm_national general/20190812_181127/20.png]]&#xD;
&#xD;
2019-08-12 18:12:55 - [TEST_STEP][PASSED] - (internal.GlobalVariable.i++): null&#xD;
&#xD;
2019-08-12 18:12:55 - [MESSAGE][PASSED] - Call Test Case 'Test Cases/mobileWeb/_include/get_screenshot' successfully&#xD;
&#xD;
2019-08-12 18:12:55 - [TEST_STEP][PASSED] - scrollToPosition(0, y): Browser is scrolled to position x = 0, y = 12600&#xD;
&#xD;
2019-08-12 18:12:55 - [MESSAGE][PASSED] - Browser is scrolled to position x = 0, y = 12600&#xD;
&#xD;
2019-08-12 18:12:55 - [TEST_STEP][PASSED] - Thread.sleep(3000): null&#xD;
&#xD;
2019-08-12 18:12:58 - [TEST_STEP][PASSED] - callTestCase(findTestCase("mobileWeb/_include/get_screenshot"), [:], STOP_ON_FAILURE): Call Test Case 'Test Cases/mobileWeb/_include/get_screenshot' successfully&#xD;
&#xD;
2019-08-12 18:12:58 - [TEST_CASE][PASSED] - Test Cases/mobileWeb/_include/get_screenshot: Test Cases/mobileWeb/_include/get_screenshot&#xD;
&#xD;
2019-08-12 18:12:58 - [TEST_STEP][PASSED] - takeScreenshot(screenPath + i + ".png"): Taking screenshot successfully&#xD;
&#xD;
2019-08-12 18:12:58 - [MESSAGE][PASSED] - Taking screenshot successfully&#xD;
[[ATTACHMENT|D:\\Test\\AgileTest\\AgileTest\\Reports\\mobileWeb\\plan detail\\20190812_173746\\../Screenshots/iPhone X/Plan Detail/stm_national general/20190812_181127/21.png]]&#xD;
&#xD;
2019-08-12 18:12:58 - [TEST_STEP][PASSED] - (internal.GlobalVariable.i++): null&#xD;
&#xD;
2019-08-12 18:12:58 - [MESSAGE][PASSED] - Call Test Case 'Test Cases/mobileWeb/_include/get_screenshot' successfully&#xD;
&#xD;
2019-08-12 18:12:58 - [TEST_STEP][PASSED] - scrollToPosition(0, y): Browser is scrolled to position x = 0, y = 13200&#xD;
&#xD;
2019-08-12 18:12:58 - [MESSAGE][PASSED] - Browser is scrolled to position x = 0, y = 13200&#xD;
&#xD;
2019-08-12 18:12:58 - [TEST_STEP][PASSED] - Thread.sleep(3000): null&#xD;
&#xD;
2019-08-12 18:13:01 - [TEST_STEP][PASSED] - callTestCase(findTestCase("mobileWeb/_include/get_screenshot"), [:], STOP_ON_FAILURE): Call Test Case 'Test Cases/mobileWeb/_include/get_screenshot' successfully&#xD;
&#xD;
2019-08-12 18:13:01 - [TEST_CASE][PASSED] - Test Cases/mobileWeb/_include/get_screenshot: Test Cases/mobileWeb/_include/get_screenshot&#xD;
&#xD;
2019-08-12 18:13:01 - [TEST_STEP][PASSED] - takeScreenshot(screenPath + i + ".png"): Taking screenshot successfully&#xD;
&#xD;
2019-08-12 18:13:02 - [MESSAGE][PASSED] - Taking screenshot successfully&#xD;
[[ATTACHMENT|D:\\Test\\AgileTest\\AgileTest\\Reports\\mobileWeb\\plan detail\\20190812_173746\\../Screenshots/iPhone X/Plan Detail/stm_national general/20190812_181127/22.png]]&#xD;
&#xD;
2019-08-12 18:13:02 - [TEST_STEP][PASSED] - (internal.GlobalVariable.i++): null&#xD;
&#xD;
2019-08-12 18:13:02 - [MESSAGE][PASSED] - Call Test Case 'Test Cases/mobileWeb/_include/get_screenshot' successfully&#xD;
&#xD;
2019-08-12 18:13:02 - [TEST_STEP][PASSED] - scrollToPosition(0, y): Browser is scrolled to position x = 0, y = 13800&#xD;
&#xD;
2019-08-12 18:13:02 - [MESSAGE][PASSED] - Browser is scrolled to position x = 0, y = 13800&#xD;
&#xD;
2019-08-12 18:13:02 - [TEST_STEP][PASSED] - Thread.sleep(3000): null&#xD;
&#xD;
2019-08-12 18:13:05 - [TEST_STEP][PASSED] - callTestCase(findTestCase("mobileWeb/_include/get_screenshot"), [:], STOP_ON_FAILURE): Call Test Case 'Test Cases/mobileWeb/_include/get_screenshot' successfully&#xD;
&#xD;
2019-08-12 18:13:05 - [TEST_CASE][PASSED] - Test Cases/mobileWeb/_include/get_screenshot: Test Cases/mobileWeb/_include/get_screenshot&#xD;
&#xD;
2019-08-12 18:13:05 - [TEST_STEP][PASSED] - takeScreenshot(screenPath + i + ".png"): Taking screenshot successfully&#xD;
&#xD;
2019-08-12 18:13:06 - [MESSAGE][PASSED] - Taking screenshot successfully&#xD;
[[ATTACHMENT|D:\\Test\\AgileTest\\AgileTest\\Reports\\mobileWeb\\plan detail\\20190812_173746\\../Screenshots/iPhone X/Plan Detail/stm_national general/20190812_181127/23.png]]&#xD;
&#xD;
2019-08-12 18:13:06 - [TEST_STEP][PASSED] - (internal.GlobalVariable.i++): null&#xD;
&#xD;
2019-08-12 18:13:06 - [MESSAGE][PASSED] - Call Test Case 'Test Cases/mobileWeb/_include/get_screenshot' successfully&#xD;
&#xD;
2019-08-12 18:13:06 - [TEST_STEP][PASSED] - scrollToPosition(0, y): Browser is scrolled to position x = 0, y = 14400&#xD;
&#xD;
2019-08-12 18:13:06 - [MESSAGE][PASSED] - Browser is scrolled to position x = 0, y = 14400&#xD;
&#xD;
2019-08-12 18:13:06 - [TEST_STEP][PASSED] - Thread.sleep(3000): null&#xD;
&#xD;
2019-08-12 18:13:09 - [TEST_STEP][PASSED] - callTestCase(findTestCase("mobileWeb/_include/get_screenshot"), [:], STOP_ON_FAILURE): Call Test Case 'Test Cases/mobileWeb/_include/get_screenshot' successfully&#xD;
&#xD;
2019-08-12 18:13:09 - [TEST_CASE][PASSED] - Test Cases/mobileWeb/_include/get_screenshot: Test Cases/mobileWeb/_include/get_screenshot&#xD;
&#xD;
2019-08-12 18:13:09 - [TEST_STEP][PASSED] - takeScreenshot(screenPath + i + ".png"): Taking screenshot successfully&#xD;
&#xD;
2019-08-12 18:13:10 - [MESSAGE][PASSED] - Taking screenshot successfully&#xD;
[[ATTACHMENT|D:\\Test\\AgileTest\\AgileTest\\Reports\\mobileWeb\\plan detail\\20190812_173746\\../Screenshots/iPhone X/Plan Detail/stm_national general/20190812_181127/24.png]]&#xD;
&#xD;
2019-08-12 18:13:10 - [TEST_STEP][PASSED] - (internal.GlobalVariable.i++): null&#xD;
&#xD;
2019-08-12 18:13:10 - [MESSAGE][PASSED] - Call Test Case 'Test Cases/mobileWeb/_include/get_screenshot' successfully&#xD;
&#xD;
2019-08-12 18:13:10 - [TEST_STEP][PASSED] - scrollToPosition(0, y): Browser is scrolled to position x = 0, y = 15000&#xD;
&#xD;
2019-08-12 18:13:10 - [MESSAGE][PASSED] - Browser is scrolled to position x = 0, y = 15000&#xD;
&#xD;
2019-08-12 18:13:10 - [TEST_STEP][PASSED] - Thread.sleep(3000): null&#xD;
&#xD;
2019-08-12 18:13:13 - [TEST_STEP][PASSED] - callTestCase(findTestCase("mobileWeb/_include/get_screenshot"), [:], STOP_ON_FAILURE): Call Test Case 'Test Cases/mobileWeb/_include/get_screenshot' successfully&#xD;
&#xD;
2019-08-12 18:13:13 - [TEST_CASE][PASSED] - Test Cases/mobileWeb/_include/get_screenshot: Test Cases/mobileWeb/_include/get_screenshot&#xD;
&#xD;
2019-08-12 18:13:13 - [TEST_STEP][PASSED] - takeScreenshot(screenPath + i + ".png"): Taking screenshot successfully&#xD;
&#xD;
2019-08-12 18:13:14 - [MESSAGE][PASSED] - Taking screenshot successfully&#xD;
[[ATTACHMENT|D:\\Test\\AgileTest\\AgileTest\\Reports\\mobileWeb\\plan detail\\20190812_173746\\../Screenshots/iPhone X/Plan Detail/stm_national general/20190812_181127/25.png]]&#xD;
&#xD;
2019-08-12 18:13:14 - [TEST_STEP][PASSED] - (internal.GlobalVariable.i++): null&#xD;
&#xD;
2019-08-12 18:13:14 - [MESSAGE][PASSED] - Call Test Case 'Test Cases/mobileWeb/_include/get_screenshot' successfully&#xD;
&#xD;
2019-08-12 18:13:14 - [TEST_STEP][PASSED] - scrollToPosition(0, y): Browser is scrolled to position x = 0, y = 15600&#xD;
&#xD;
2019-08-12 18:13:14 - [MESSAGE][PASSED] - Browser is scrolled to position x = 0, y = 15600&#xD;
&#xD;
2019-08-12 18:13:14 - [TEST_STEP][PASSED] - Thread.sleep(3000): null&#xD;
&#xD;
2019-08-12 18:13:17 - [TEST_STEP][PASSED] - callTestCase(findTestCase("mobileWeb/_include/get_screenshot"), [:], STOP_ON_FAILURE): Call Test Case 'Test Cases/mobileWeb/_include/get_screenshot' successfully&#xD;
&#xD;
2019-08-12 18:13:17 - [TEST_CASE][PASSED] - Test Cases/mobileWeb/_include/get_screenshot: Test Cases/mobileWeb/_include/get_screenshot&#xD;
&#xD;
2019-08-12 18:13:17 - [TEST_STEP][PASSED] - takeScreenshot(screenPath + i + ".png"): Taking screenshot successfully&#xD;
&#xD;
2019-08-12 18:13:17 - [MESSAGE][PASSED] - Taking screenshot successfully&#xD;
[[ATTACHMENT|D:\\Test\\AgileTest\\AgileTest\\Reports\\mobileWeb\\plan detail\\20190812_173746\\../Screenshots/iPhone X/Plan Detail/stm_national general/20190812_181127/26.png]]&#xD;
&#xD;
2019-08-12 18:13:17 - [TEST_STEP][PASSED] - (internal.GlobalVariable.i++): null&#xD;
&#xD;
2019-08-12 18:13:17 - [MESSAGE][PASSED] - Call Test Case 'Test Cases/mobileWeb/_include/get_screenshot' successfully&#xD;
&#xD;
2019-08-12 18:13:17 - [TEST_STEP][PASSED] - scrollToPosition(0, y): Browser is scrolled to position x = 0, y = 16200&#xD;
&#xD;
2019-08-12 18:13:17 - [MESSAGE][PASSED] - Browser is scrolled to position x = 0, y = 16200&#xD;
&#xD;
2019-08-12 18:13:17 - [TEST_STEP][PASSED] - Thread.sleep(3000): null&#xD;
&#xD;
2019-08-12 18:13:20 - [TEST_STEP][PASSED] - callTestCase(findTestCase("mobileWeb/_include/get_screenshot"), [:], STOP_ON_FAILURE): Call Test Case 'Test Cases/mobileWeb/_include/get_screenshot' successfully&#xD;
&#xD;
2019-08-12 18:13:20 - [TEST_CASE][PASSED] - Test Cases/mobileWeb/_include/get_screenshot: Test Cases/mobileWeb/_include/get_screenshot&#xD;
&#xD;
2019-08-12 18:13:20 - [TEST_STEP][PASSED] - takeScreenshot(screenPath + i + ".png"): Taking screenshot successfully&#xD;
&#xD;
2019-08-12 18:13:21 - [MESSAGE][PASSED] - Taking screenshot successfully&#xD;
[[ATTACHMENT|D:\\Test\\AgileTest\\AgileTest\\Reports\\mobileWeb\\plan detail\\20190812_173746\\../Screenshots/iPhone X/Plan Detail/stm_national general/20190812_181127/27.png]]&#xD;
&#xD;
2019-08-12 18:13:21 - [TEST_STEP][PASSED] - (internal.GlobalVariable.i++): null&#xD;
&#xD;
2019-08-12 18:13:21 - [MESSAGE][PASSED] - Call Test Case 'Test Cases/mobileWeb/_include/get_screenshot' successfully&#xD;
&#xD;
2019-08-12 18:13:21 - [TEST_STEP][PASSED] - scrollToPosition(0, y): Browser is scrolled to position x = 0, y = 16800&#xD;
&#xD;
2019-08-12 18:13:21 - [MESSAGE][PASSED] - Browser is scrolled to position x = 0, y = 16800&#xD;
&#xD;
2019-08-12 18:13:21 - [TEST_STEP][PASSED] - Thread.sleep(3000): null&#xD;
&#xD;
2019-08-12 18:13:24 - [TEST_STEP][PASSED] - callTestCase(findTestCase("mobileWeb/_include/get_screenshot"), [:], STOP_ON_FAILURE): Call Test Case 'Test Cases/mobileWeb/_include/get_screenshot' successfully&#xD;
&#xD;
2019-08-12 18:13:24 - [TEST_CASE][PASSED] - Test Cases/mobileWeb/_include/get_screenshot: Test Cases/mobileWeb/_include/get_screenshot&#xD;
&#xD;
2019-08-12 18:13:24 - [TEST_STEP][PASSED] - takeScreenshot(screenPath + i + ".png"): Taking screenshot successfully&#xD;
&#xD;
2019-08-12 18:13:25 - [MESSAGE][PASSED] - Taking screenshot successfully&#xD;
[[ATTACHMENT|D:\\Test\\AgileTest\\AgileTest\\Reports\\mobileWeb\\plan detail\\20190812_173746\\../Screenshots/iPhone X/Plan Detail/stm_national general/20190812_181127/28.png]]&#xD;
&#xD;
2019-08-12 18:13:25 - [TEST_STEP][PASSED] - (internal.GlobalVariable.i++): null&#xD;
&#xD;
2019-08-12 18:13:25 - [MESSAGE][PASSED] - Call Test Case 'Test Cases/mobileWeb/_include/get_screenshot' successfully&#xD;
&#xD;
2019-08-12 18:13:25 - [TEST_STEP][PASSED] - scrollToPosition(0, y): Browser is scrolled to position x = 0, y = 17400&#xD;
&#xD;
2019-08-12 18:13:25 - [MESSAGE][PASSED] - Browser is scrolled to position x = 0, y = 17400&#xD;
&#xD;
2019-08-12 18:13:25 - [TEST_STEP][PASSED] - Thread.sleep(3000): null&#xD;
&#xD;
2019-08-12 18:13:28 - [TEST_STEP][PASSED] - callTestCase(findTestCase("mobileWeb/_include/get_screenshot"), [:], STOP_ON_FAILURE): Call Test Case 'Test Cases/mobileWeb/_include/get_screenshot' successfully&#xD;
&#xD;
2019-08-12 18:13:28 - [TEST_CASE][PASSED] - Test Cases/mobileWeb/_include/get_screenshot: Test Cases/mobileWeb/_include/get_screenshot&#xD;
&#xD;
2019-08-12 18:13:28 - [TEST_STEP][PASSED] - takeScreenshot(screenPath + i + ".png"): Taking screenshot successfully&#xD;
&#xD;
2019-08-12 18:13:29 - [MESSAGE][PASSED] - Taking screenshot successfully&#xD;
[[ATTACHMENT|D:\\Test\\AgileTest\\AgileTest\\Reports\\mobileWeb\\plan detail\\20190812_173746\\../Screenshots/iPhone X/Plan Detail/stm_national general/20190812_181127/29.png]]&#xD;
&#xD;
2019-08-12 18:13:29 - [TEST_STEP][PASSED] - (internal.GlobalVariable.i++): null&#xD;
&#xD;
2019-08-12 18:13:29 - [MESSAGE][PASSED] - Call Test Case 'Test Cases/mobileWeb/_include/get_screenshot' successfully&#xD;
&#xD;
2019-08-12 18:13:29 - [TEST_STEP][PASSED] - scrollToPosition(0, y): Browser is scrolled to position x = 0, y = 18000&#xD;
&#xD;
2019-08-12 18:13:29 - [MESSAGE][PASSED] - Browser is scrolled to position x = 0, y = 18000&#xD;
&#xD;
2019-08-12 18:13:29 - [TEST_STEP][PASSED] - Thread.sleep(3000): null&#xD;
&#xD;
2019-08-12 18:13:32 - [TEST_STEP][PASSED] - callTestCase(findTestCase("mobileWeb/_include/get_screenshot"), [:], STOP_ON_FAILURE): Call Test Case 'Test Cases/mobileWeb/_include/get_screenshot' successfully&#xD;
&#xD;
2019-08-12 18:13:32 - [TEST_CASE][PASSED] - Test Cases/mobileWeb/_include/get_screenshot: Test Cases/mobileWeb/_include/get_screenshot&#xD;
&#xD;
2019-08-12 18:13:32 - [TEST_STEP][PASSED] - takeScreenshot(screenPath + i + ".png"): Taking screenshot successfully&#xD;
&#xD;
2019-08-12 18:13:33 - [MESSAGE][PASSED] - Taking screenshot successfully&#xD;
[[ATTACHMENT|D:\\Test\\AgileTest\\AgileTest\\Reports\\mobileWeb\\plan detail\\20190812_173746\\../Screenshots/iPhone X/Plan Detail/stm_national general/20190812_181127/30.png]]&#xD;
&#xD;
2019-08-12 18:13:33 - [TEST_STEP][PASSED] - (internal.GlobalVariable.i++): null&#xD;
&#xD;
2019-08-12 18:13:33 - [MESSAGE][PASSED] - Call Test Case 'Test Cases/mobileWeb/_include/get_screenshot' successfully&#xD;
&#xD;
2019-08-12 18:13:33 - [TEST_STEP][PASSED] - scrollToPosition(0, y): Browser is scrolled to position x = 0, y = 18600&#xD;
&#xD;
2019-08-12 18:13:33 - [MESSAGE][PASSED] - Browser is scrolled to position x = 0, y = 18600&#xD;
&#xD;
2019-08-12 18:13:33 - [TEST_STEP][PASSED] - Thread.sleep(3000): null&#xD;
&#xD;
2019-08-12 18:13:36 - [TEST_STEP][PASSED] - callTestCase(findTestCase("mobileWeb/_include/get_screenshot"), [:], STOP_ON_FAILURE): Call Test Case 'Test Cases/mobileWeb/_include/get_screenshot' successfully&#xD;
&#xD;
2019-08-12 18:13:36 - [TEST_CASE][PASSED] - Test Cases/mobileWeb/_include/get_screenshot: Test Cases/mobileWeb/_include/get_screenshot&#xD;
&#xD;
2019-08-12 18:13:36 - [TEST_STEP][PASSED] - takeScreenshot(screenPath + i + ".png"): Taking screenshot successfully&#xD;
&#xD;
2019-08-12 18:13:36 - [MESSAGE][PASSED] - Taking screenshot successfully&#xD;
[[ATTACHMENT|D:\\Test\\AgileTest\\AgileTest\\Reports\\mobileWeb\\plan detail\\20190812_173746\\../Screenshots/iPhone X/Plan Detail/stm_national general/20190812_181127/31.png]]&#xD;
&#xD;
2019-08-12 18:13:36 - [TEST_STEP][PASSED] - (internal.GlobalVariable.i++): null&#xD;
&#xD;
2019-08-12 18:13:36 - [MESSAGE][PASSED] - Call Test Case 'Test Cases/mobileWeb/_include/get_screenshot' successfully&#xD;
&#xD;
2019-08-12 18:13:36 - [TEST_STEP][PASSED] - scrollToPosition(0, y): Browser is scrolled to position x = 0, y = 19200&#xD;
&#xD;
2019-08-12 18:13:36 - [MESSAGE][PASSED] - Browser is scrolled to position x = 0, y = 19200&#xD;
&#xD;
2019-08-12 18:13:36 - [TEST_STEP][PASSED] - Thread.sleep(3000): null&#xD;
&#xD;
2019-08-12 18:13:39 - [TEST_STEP][PASSED] - callTestCase(findTestCase("mobileWeb/_include/get_screenshot"), [:], STOP_ON_FAILURE): Call Test Case 'Test Cases/mobileWeb/_include/get_screenshot' successfully&#xD;
&#xD;
2019-08-12 18:13:39 - [TEST_CASE][PASSED] - Test Cases/mobileWeb/_include/get_screenshot: Test Cases/mobileWeb/_include/get_screenshot&#xD;
&#xD;
2019-08-12 18:13:39 - [TEST_STEP][PASSED] - takeScreenshot(screenPath + i + ".png"): Taking screenshot successfully&#xD;
&#xD;
2019-08-12 18:13:40 - [MESSAGE][PASSED] - Taking screenshot successfully&#xD;
[[ATTACHMENT|D:\\Test\\AgileTest\\AgileTest\\Reports\\mobileWeb\\plan detail\\20190812_173746\\../Screenshots/iPhone X/Plan Detail/stm_national general/20190812_181127/32.png]]&#xD;
&#xD;
2019-08-12 18:13:40 - [TEST_STEP][PASSED] - (internal.GlobalVariable.i++): null&#xD;
&#xD;
2019-08-12 18:13:40 - [MESSAGE][PASSED] - Call Test Case 'Test Cases/mobileWeb/_include/get_screenshot' successfully&#xD;
&#xD;
2019-08-12 18:13:40 - [TEST_STEP][PASSED] - scrollToPosition(0, y): Browser is scrolled to position x = 0, y = 19800&#xD;
&#xD;
2019-08-12 18:13:40 - [MESSAGE][PASSED] - Browser is scrolled to position x = 0, y = 19800&#xD;
&#xD;
2019-08-12 18:13:40 - [TEST_STEP][PASSED] - Thread.sleep(3000): null&#xD;
&#xD;
2019-08-12 18:13:43 - [TEST_STEP][PASSED] - callTestCase(findTestCase("mobileWeb/_include/get_screenshot"), [:], STOP_ON_FAILURE): Call Test Case 'Test Cases/mobileWeb/_include/get_screenshot' successfully&#xD;
&#xD;
2019-08-12 18:13:43 - [TEST_CASE][PASSED] - Test Cases/mobileWeb/_include/get_screenshot: Test Cases/mobileWeb/_include/get_screenshot&#xD;
&#xD;
2019-08-12 18:13:43 - [TEST_STEP][PASSED] - takeScreenshot(screenPath + i + ".png"): Taking screenshot successfully&#xD;
&#xD;
2019-08-12 18:13:44 - [MESSAGE][PASSED] - Taking screenshot successfully&#xD;
[[ATTACHMENT|D:\\Test\\AgileTest\\AgileTest\\Reports\\mobileWeb\\plan detail\\20190812_173746\\../Screenshots/iPhone X/Plan Detail/stm_national general/20190812_181127/33.png]]&#xD;
&#xD;
2019-08-12 18:13:44 - [TEST_STEP][PASSED] - (internal.GlobalVariable.i++): null&#xD;
&#xD;
2019-08-12 18:13:44 - [MESSAGE][PASSED] - Call Test Case 'Test Cases/mobileWeb/_include/get_screenshot' successfully&#xD;
&#xD;
2019-08-12 18:13:44 - [TEST_STEP][PASSED] - scrollToPosition(0, y): Browser is scrolled to position x = 0, y = 20400&#xD;
&#xD;
2019-08-12 18:13:44 - [MESSAGE][PASSED] - Browser is scrolled to position x = 0, y = 20400&#xD;
&#xD;
2019-08-12 18:13:44 - [TEST_STEP][PASSED] - Thread.sleep(3000): null&#xD;
&#xD;
2019-08-12 18:13:47 - [TEST_STEP][PASSED] - callTestCase(findTestCase("mobileWeb/_include/get_screenshot"), [:], STOP_ON_FAILURE): Call Test Case 'Test Cases/mobileWeb/_include/get_screenshot' successfully&#xD;
&#xD;
2019-08-12 18:13:47 - [TEST_CASE][PASSED] - Test Cases/mobileWeb/_include/get_screenshot: Test Cases/mobileWeb/_include/get_screenshot&#xD;
&#xD;
2019-08-12 18:13:47 - [TEST_STEP][PASSED] - takeScreenshot(screenPath + i + ".png"): Taking screenshot successfully&#xD;
&#xD;
2019-08-12 18:13:48 - [MESSAGE][PASSED] - Taking screenshot successfully&#xD;
[[ATTACHMENT|D:\\Test\\AgileTest\\AgileTest\\Reports\\mobileWeb\\plan detail\\20190812_173746\\../Screenshots/iPhone X/Plan Detail/stm_national general/20190812_181127/34.png]]&#xD;
&#xD;
2019-08-12 18:13:48 - [TEST_STEP][PASSED] - (internal.GlobalVariable.i++): null&#xD;
&#xD;
2019-08-12 18:13:48 - [MESSAGE][PASSED] - Call Test Case 'Test Cases/mobileWeb/_include/get_screenshot' successfully&#xD;
&#xD;
2019-08-12 18:13:48 - [TEST_STEP][PASSED] - scrollToPosition(0, y): Browser is scrolled to position x = 0, y = 21000&#xD;
&#xD;
2019-08-12 18:13:48 - [MESSAGE][PASSED] - Browser is scrolled to position x = 0, y = 21000&#xD;
&#xD;
2019-08-12 18:13:48 - [TEST_STEP][PASSED] - Thread.sleep(3000): null&#xD;
&#xD;
2019-08-12 18:13:51 - [TEST_STEP][PASSED] - callTestCase(findTestCase("mobileWeb/_include/get_screenshot"), [:], STOP_ON_FAILURE): Call Test Case 'Test Cases/mobileWeb/_include/get_screenshot' successfully&#xD;
&#xD;
2019-08-12 18:13:51 - [TEST_CASE][PASSED] - Test Cases/mobileWeb/_include/get_screenshot: Test Cases/mobileWeb/_include/get_screenshot&#xD;
&#xD;
2019-08-12 18:13:51 - [TEST_STEP][PASSED] - takeScreenshot(screenPath + i + ".png"): Taking screenshot successfully&#xD;
&#xD;
2019-08-12 18:13:51 - [MESSAGE][PASSED] - Taking screenshot successfully&#xD;
[[ATTACHMENT|D:\\Test\\AgileTest\\AgileTest\\Reports\\mobileWeb\\plan detail\\20190812_173746\\../Screenshots/iPhone X/Plan Detail/stm_national general/20190812_181127/35.png]]&#xD;
&#xD;
2019-08-12 18:13:51 - [TEST_STEP][PASSED] - (internal.GlobalVariable.i++): null&#xD;
&#xD;
2019-08-12 18:13:51 - [MESSAGE][PASSED] - Call Test Case 'Test Cases/mobileWeb/_include/get_screenshot' successfully&#xD;
&#xD;
2019-08-12 18:13:51 - [TEST_STEP][PASSED] - scrollToPosition(0, y): Browser is scrolled to position x = 0, y = 21600&#xD;
&#xD;
2019-08-12 18:13:51 - [MESSAGE][PASSED] - Browser is scrolled to position x = 0, y = 21600&#xD;
&#xD;
2019-08-12 18:13:51 - [TEST_STEP][PASSED] - Thread.sleep(3000): null&#xD;
&#xD;
2019-08-12 18:13:54 - [TEST_STEP][PASSED] - callTestCase(findTestCase("mobileWeb/_include/get_screenshot"), [:], STOP_ON_FAILURE): Call Test Case 'Test Cases/mobileWeb/_include/get_screenshot' successfully&#xD;
&#xD;
2019-08-12 18:13:54 - [TEST_CASE][PASSED] - Test Cases/mobileWeb/_include/get_screenshot: Test Cases/mobileWeb/_include/get_screenshot&#xD;
&#xD;
2019-08-12 18:13:54 - [TEST_STEP][PASSED] - takeScreenshot(screenPath + i + ".png"): Taking screenshot successfully&#xD;
&#xD;
2019-08-12 18:13:55 - [MESSAGE][PASSED] - Taking screenshot successfully&#xD;
[[ATTACHMENT|D:\\Test\\AgileTest\\AgileTest\\Reports\\mobileWeb\\plan detail\\20190812_173746\\../Screenshots/iPhone X/Plan Detail/stm_national general/20190812_181127/36.png]]&#xD;
&#xD;
2019-08-12 18:13:55 - [TEST_STEP][PASSED] - (internal.GlobalVariable.i++): null&#xD;
&#xD;
2019-08-12 18:13:55 - [MESSAGE][PASSED] - Call Test Case 'Test Cases/mobileWeb/_include/get_screenshot' successfully&#xD;
&#xD;
2019-08-12 18:13:55 - [TEST_STEP][PASSED] - scrollToPosition(0, y): Browser is scrolled to position x = 0, y = 22200&#xD;
&#xD;
2019-08-12 18:13:55 - [MESSAGE][PASSED] - Browser is scrolled to position x = 0, y = 22200&#xD;
&#xD;
2019-08-12 18:13:55 - [TEST_STEP][PASSED] - Thread.sleep(3000): null&#xD;
&#xD;
2019-08-12 18:13:58 - [MESSAGE][PASSED] - Call Test Case 'Test Cases/mobileWeb/_include/get_scrollScreenshot' successfully</system-out>
            <system-err></system-err>
        </testcase>
        <testcase name="Test Cases/mobileWeb/Other Pages Check/Plan Detail/stm/pivot health choice" classname="Test Cases/mobileWeb/Other Pages Check/Plan Detail/stm/pivot health choice" status="PASSED">
            <system-out>2019-08-12 18:13:58 - [TEST_CASE][PASSED] - Test Cases/mobileWeb/Other Pages Check/Plan Detail/stm/pivot health choice: Test Cases/mobileWeb/Other Pages Check/Plan Detail/stm/pivot health choice&#xD;
&#xD;
2019-08-12 18:13:58 - [TEST_STEP][PASSED] - callTestCase(findTestCase("mobileWeb/_include/get_screenPath"), ["productLine":"Plan Detail", "carrierName":"stm_pivot health choice"], CONTINUE_ON_FAILURE): Call Test Case 'Test Cases/mobileWeb/_include/get_screenPath' successfully&#xD;
&#xD;
2019-08-12 18:13:58 - [TEST_CASE][PASSED] - Test Cases/mobileWeb/_include/get_screenPath: Test Cases/mobileWeb/_include/get_screenPath&#xD;
&#xD;
2019-08-12 18:13:58 - [TEST_STEP][PASSED] - m = getExecutionProperties(): null&#xD;
&#xD;
2019-08-12 18:13:58 - [TEST_STEP][PASSED] - deviceName = get("mobileEmulation").get("deviceName"): null&#xD;
&#xD;
2019-08-12 18:13:58 - [TEST_STEP][PASSED] - println(deviceName): null&#xD;
&#xD;
2019-08-12 18:13:58 - [TEST_STEP][PASSED] - now = new java.util.Date(): null&#xD;
&#xD;
2019-08-12 18:13:58 - [TEST_STEP][PASSED] - mydate = now.format("yyyyMMdd_HHmmss"): null&#xD;
&#xD;
2019-08-12 18:13:58 - [TEST_STEP][PASSED] - screenPath = "../Screenshots/": null&#xD;
&#xD;
2019-08-12 18:13:58 - [TEST_STEP][PASSED] - screenPath = screenPath + deviceName + "/" + productLine + "/" + carrierName + "/" + mydate + "/": null&#xD;
&#xD;
2019-08-12 18:13:58 - [TEST_STEP][PASSED] - println(screenPath): null&#xD;
&#xD;
2019-08-12 18:13:58 - [MESSAGE][PASSED] - Call Test Case 'Test Cases/mobileWeb/_include/get_screenPath' successfully&#xD;
&#xD;
2019-08-12 18:13:58 - [TEST_STEP][PASSED] - i = 0: null&#xD;
&#xD;
2019-08-12 18:13:58 - [TEST_STEP][PASSED] - openBrowser("https://praetemptatus.agilehealthinsurance.com/term-health-insurance/plan/pivot-health-choice-al-5000-20-extended?census[location][zip]=35215&amp;census[member][0][dob]=1/1/1980&amp;census[member][0][gender]=F&amp;census[member][0][role]=P"): Browser is opened with url: 'https://praetemptatus.agilehealthinsurance.com/term-health-insurance/plan/pivot-health-choice-al-5000-20-extended?census[location][zip]=35215&amp;census[member][0][dob]=1/1/1980&amp;census[member][0][gender]=F&amp;census[member][0][role]=P'&#xD;
&#xD;
2019-08-12 18:13:58 - [MESSAGE][WARNING] - A browser is already opened. Closing browser and opening a new one&#xD;
&#xD;
2019-08-12 18:13:59 - [MESSAGE][INFO] - Starting 'Chrome' driver&#xD;
&#xD;
2019-08-12 18:13:59 - [MESSAGE][INFO] - User set preference: ['mobileEmulation', '{deviceName=iPhone X}']&#xD;
&#xD;
2019-08-12 18:13:59 - [MESSAGE][INFO] - User set preference: ['args', '[--incognito, --aggressive-cache-discard, --no-sandbox, --window-size=375,812]']&#xD;
&#xD;
2019-08-12 18:14:09 - [MESSAGE][PASSED] - Browser is opened with url: 'https://praetemptatus.agilehealthinsurance.com/term-health-insurance/plan/pivot-health-choice-al-5000-20-extended?census[location][zip]=35215&amp;census[member][0][dob]=1/1/1980&amp;census[member][0][gender]=F&amp;census[member][0][role]=P'&#xD;
&#xD;
2019-08-12 18:14:09 - [TEST_STEP][PASSED] - waitForPageLoad(20): Wait for page load successfully&#xD;
&#xD;
2019-08-12 18:14:09 - [MESSAGE][PASSED] - Wait for page load successfully&#xD;
&#xD;
2019-08-12 18:14:09 - [TEST_STEP][PASSED] - callTestCase(findTestCase("mobileWeb/_include/get_scrollScreenshot"), [:], STOP_ON_FAILURE): Call Test Case 'Test Cases/mobileWeb/_include/get_scrollScreenshot' successfully&#xD;
&#xD;
2019-08-12 18:14:09 - [TEST_CASE][PASSED] - Test Cases/mobileWeb/_include/get_scrollScreenshot: Test Cases/mobileWeb/_include/get_scrollScreenshot&#xD;
&#xD;
2019-08-12 18:14:09 - [TEST_STEP][PASSED] - pageHeight = getPageHeight(): Current page's height is 21710&#xD;
&#xD;
2019-08-12 18:14:09 - [MESSAGE][PASSED] - Current page's height is 21710&#xD;
&#xD;
2019-08-12 18:14:09 - [TEST_STEP][PASSED] - for ([y = 600, y &lt; pageHeight, y = y + 600]): null&#xD;
&#xD;
2019-08-12 18:14:09 - [TEST_STEP][PASSED] - callTestCase(findTestCase("mobileWeb/_include/get_screenshot"), [:], STOP_ON_FAILURE): Call Test Case 'Test Cases/mobileWeb/_include/get_screenshot' successfully&#xD;
&#xD;
2019-08-12 18:14:09 - [TEST_CASE][PASSED] - Test Cases/mobileWeb/_include/get_screenshot: Test Cases/mobileWeb/_include/get_screenshot&#xD;
&#xD;
2019-08-12 18:14:09 - [TEST_STEP][PASSED] - takeScreenshot(screenPath + i + ".png"): Taking screenshot successfully&#xD;
&#xD;
2019-08-12 18:14:10 - [MESSAGE][PASSED] - Taking screenshot successfully&#xD;
[[ATTACHMENT|D:\\Test\\AgileTest\\AgileTest\\Reports\\mobileWeb\\plan detail\\20190812_173746\\../Screenshots/iPhone X/Plan Detail/stm_pivot health choice/20190812_181358/0.png]]&#xD;
&#xD;
2019-08-12 18:14:10 - [TEST_STEP][PASSED] - (internal.GlobalVariable.i++): null&#xD;
&#xD;
2019-08-12 18:14:10 - [MESSAGE][PASSED] - Call Test Case 'Test Cases/mobileWeb/_include/get_screenshot' successfully&#xD;
&#xD;
2019-08-12 18:14:10 - [TEST_STEP][PASSED] - scrollToPosition(0, y): Browser is scrolled to position x = 0, y = 600&#xD;
&#xD;
2019-08-12 18:14:10 - [MESSAGE][PASSED] - Browser is scrolled to position x = 0, y = 600&#xD;
&#xD;
2019-08-12 18:14:10 - [TEST_STEP][PASSED] - Thread.sleep(3000): null&#xD;
&#xD;
2019-08-12 18:14:13 - [TEST_STEP][PASSED] - callTestCase(findTestCase("mobileWeb/_include/get_screenshot"), [:], STOP_ON_FAILURE): Call Test Case 'Test Cases/mobileWeb/_include/get_screenshot' successfully&#xD;
&#xD;
2019-08-12 18:14:13 - [TEST_CASE][PASSED] - Test Cases/mobileWeb/_include/get_screenshot: Test Cases/mobileWeb/_include/get_screenshot&#xD;
&#xD;
2019-08-12 18:14:13 - [TEST_STEP][PASSED] - takeScreenshot(screenPath + i + ".png"): Taking screenshot successfully&#xD;
&#xD;
2019-08-12 18:14:14 - [MESSAGE][PASSED] - Taking screenshot successfully&#xD;
[[ATTACHMENT|D:\\Test\\AgileTest\\AgileTest\\Reports\\mobileWeb\\plan detail\\20190812_173746\\../Screenshots/iPhone X/Plan Detail/stm_pivot health choice/20190812_181358/1.png]]&#xD;
&#xD;
2019-08-12 18:14:14 - [TEST_STEP][PASSED] - (internal.GlobalVariable.i++): null&#xD;
&#xD;
2019-08-12 18:14:14 - [MESSAGE][PASSED] - Call Test Case 'Test Cases/mobileWeb/_include/get_screenshot' successfully&#xD;
&#xD;
2019-08-12 18:14:14 - [TEST_STEP][PASSED] - scrollToPosition(0, y): Browser is scrolled to position x = 0, y = 1200&#xD;
&#xD;
2019-08-12 18:14:14 - [MESSAGE][PASSED] - Browser is scrolled to position x = 0, y = 1200&#xD;
&#xD;
2019-08-12 18:14:14 - [TEST_STEP][PASSED] - Thread.sleep(3000): null&#xD;
&#xD;
2019-08-12 18:14:17 - [TEST_STEP][PASSED] - callTestCase(findTestCase("mobileWeb/_include/get_screenshot"), [:], STOP_ON_FAILURE): Call Test Case 'Test Cases/mobileWeb/_include/get_screenshot' successfully&#xD;
&#xD;
2019-08-12 18:14:17 - [TEST_CASE][PASSED] - Test Cases/mobileWeb/_include/get_screenshot: Test Cases/mobileWeb/_include/get_screenshot&#xD;
&#xD;
2019-08-12 18:14:17 - [TEST_STEP][PASSED] - takeScreenshot(screenPath + i + ".png"): Taking screenshot successfully&#xD;
&#xD;
2019-08-12 18:14:18 - [MESSAGE][PASSED] - Taking screenshot successfully&#xD;
[[ATTACHMENT|D:\\Test\\AgileTest\\AgileTest\\Reports\\mobileWeb\\plan detail\\20190812_173746\\../Screenshots/iPhone X/Plan Detail/stm_pivot health choice/20190812_181358/2.png]]&#xD;
&#xD;
2019-08-12 18:14:18 - [TEST_STEP][PASSED] - (internal.GlobalVariable.i++): null&#xD;
&#xD;
2019-08-12 18:14:18 - [MESSAGE][PASSED] - Call Test Case 'Test Cases/mobileWeb/_include/get_screenshot' successfully&#xD;
&#xD;
2019-08-12 18:14:18 - [TEST_STEP][PASSED] - scrollToPosition(0, y): Browser is scrolled to position x = 0, y = 1800&#xD;
&#xD;
2019-08-12 18:14:18 - [MESSAGE][PASSED] - Browser is scrolled to position x = 0, y = 1800&#xD;
&#xD;
2019-08-12 18:14:18 - [TEST_STEP][PASSED] - Thread.sleep(3000): null&#xD;
&#xD;
2019-08-12 18:14:21 - [TEST_STEP][PASSED] - callTestCase(findTestCase("mobileWeb/_include/get_screenshot"), [:], STOP_ON_FAILURE): Call Test Case 'Test Cases/mobileWeb/_include/get_screenshot' successfully&#xD;
&#xD;
2019-08-12 18:14:21 - [TEST_CASE][PASSED] - Test Cases/mobileWeb/_include/get_screenshot: Test Cases/mobileWeb/_include/get_screenshot&#xD;
&#xD;
2019-08-12 18:14:21 - [TEST_STEP][PASSED] - takeScreenshot(screenPath + i + ".png"): Taking screenshot successfully&#xD;
&#xD;
2019-08-12 18:14:21 - [MESSAGE][PASSED] - Taking screenshot successfully&#xD;
[[ATTACHMENT|D:\\Test\\AgileTest\\AgileTest\\Reports\\mobileWeb\\plan detail\\20190812_173746\\../Screenshots/iPhone X/Plan Detail/stm_pivot health choice/20190812_181358/3.png]]&#xD;
&#xD;
2019-08-12 18:14:21 - [TEST_STEP][PASSED] - (internal.GlobalVariable.i++): null&#xD;
&#xD;
2019-08-12 18:14:21 - [MESSAGE][PASSED] - Call Test Case 'Test Cases/mobileWeb/_include/get_screenshot' successfully&#xD;
&#xD;
2019-08-12 18:14:21 - [TEST_STEP][PASSED] - scrollToPosition(0, y): Browser is scrolled to position x = 0, y = 2400&#xD;
&#xD;
2019-08-12 18:14:21 - [MESSAGE][PASSED] - Browser is scrolled to position x = 0, y = 2400&#xD;
&#xD;
2019-08-12 18:14:21 - [TEST_STEP][PASSED] - Thread.sleep(3000): null&#xD;
&#xD;
2019-08-12 18:14:24 - [TEST_STEP][PASSED] - callTestCase(findTestCase("mobileWeb/_include/get_screenshot"), [:], STOP_ON_FAILURE): Call Test Case 'Test Cases/mobileWeb/_include/get_screenshot' successfully&#xD;
&#xD;
2019-08-12 18:14:24 - [TEST_CASE][PASSED] - Test Cases/mobileWeb/_include/get_screenshot: Test Cases/mobileWeb/_include/get_screenshot&#xD;
&#xD;
2019-08-12 18:14:24 - [TEST_STEP][PASSED] - takeScreenshot(screenPath + i + ".png"): Taking screenshot successfully&#xD;
&#xD;
2019-08-12 18:14:25 - [MESSAGE][PASSED] - Taking screenshot successfully&#xD;
[[ATTACHMENT|D:\\Test\\AgileTest\\AgileTest\\Reports\\mobileWeb\\plan detail\\20190812_173746\\../Screenshots/iPhone X/Plan Detail/stm_pivot health choice/20190812_181358/4.png]]&#xD;
&#xD;
2019-08-12 18:14:25 - [TEST_STEP][PASSED] - (internal.GlobalVariable.i++): null&#xD;
&#xD;
2019-08-12 18:14:25 - [MESSAGE][PASSED] - Call Test Case 'Test Cases/mobileWeb/_include/get_screenshot' successfully&#xD;
&#xD;
2019-08-12 18:14:25 - [TEST_STEP][PASSED] - scrollToPosition(0, y): Browser is scrolled to position x = 0, y = 3000&#xD;
&#xD;
2019-08-12 18:14:25 - [MESSAGE][PASSED] - Browser is scrolled to position x = 0, y = 3000&#xD;
&#xD;
2019-08-12 18:14:25 - [TEST_STEP][PASSED] - Thread.sleep(3000): null&#xD;
&#xD;
2019-08-12 18:14:28 - [TEST_STEP][PASSED] - callTestCase(findTestCase("mobileWeb/_include/get_screenshot"), [:], STOP_ON_FAILURE): Call Test Case 'Test Cases/mobileWeb/_include/get_screenshot' successfully&#xD;
&#xD;
2019-08-12 18:14:28 - [TEST_CASE][PASSED] - Test Cases/mobileWeb/_include/get_screenshot: Test Cases/mobileWeb/_include/get_screenshot&#xD;
&#xD;
2019-08-12 18:14:28 - [TEST_STEP][PASSED] - takeScreenshot(screenPath + i + ".png"): Taking screenshot successfully&#xD;
&#xD;
2019-08-12 18:14:29 - [MESSAGE][PASSED] - Taking screenshot successfully&#xD;
[[ATTACHMENT|D:\\Test\\AgileTest\\AgileTest\\Reports\\mobileWeb\\plan detail\\20190812_173746\\../Screenshots/iPhone X/Plan Detail/stm_pivot health choice/20190812_181358/5.png]]&#xD;
&#xD;
2019-08-12 18:14:29 - [TEST_STEP][PASSED] - (internal.GlobalVariable.i++): null&#xD;
&#xD;
2019-08-12 18:14:29 - [MESSAGE][PASSED] - Call Test Case 'Test Cases/mobileWeb/_include/get_screenshot' successfully&#xD;
&#xD;
2019-08-12 18:14:29 - [TEST_STEP][PASSED] - scrollToPosition(0, y): Browser is scrolled to position x = 0, y = 3600&#xD;
&#xD;
2019-08-12 18:14:29 - [MESSAGE][PASSED] - Browser is scrolled to position x = 0, y = 3600&#xD;
&#xD;
2019-08-12 18:14:29 - [TEST_STEP][PASSED] - Thread.sleep(3000): null&#xD;
&#xD;
2019-08-12 18:14:32 - [TEST_STEP][PASSED] - callTestCase(findTestCase("mobileWeb/_include/get_screenshot"), [:], STOP_ON_FAILURE): Call Test Case 'Test Cases/mobileWeb/_include/get_screenshot' successfully&#xD;
&#xD;
2019-08-12 18:14:32 - [TEST_CASE][PASSED] - Test Cases/mobileWeb/_include/get_screenshot: Test Cases/mobileWeb/_include/get_screenshot&#xD;
&#xD;
2019-08-12 18:14:32 - [TEST_STEP][PASSED] - takeScreenshot(screenPath + i + ".png"): Taking screenshot successfully&#xD;
&#xD;
2019-08-12 18:14:33 - [MESSAGE][PASSED] - Taking screenshot successfully&#xD;
[[ATTACHMENT|D:\\Test\\AgileTest\\AgileTest\\Reports\\mobileWeb\\plan detail\\20190812_173746\\../Screenshots/iPhone X/Plan Detail/stm_pivot health choice/20190812_181358/6.png]]&#xD;
&#xD;
2019-08-12 18:14:33 - [TEST_STEP][PASSED] - (internal.GlobalVariable.i++): null&#xD;
&#xD;
2019-08-12 18:14:33 - [MESSAGE][PASSED] - Call Test Case 'Test Cases/mobileWeb/_include/get_screenshot' successfully&#xD;
&#xD;
2019-08-12 18:14:33 - [TEST_STEP][PASSED] - scrollToPosition(0, y): Browser is scrolled to position x = 0, y = 4200&#xD;
&#xD;
2019-08-12 18:14:33 - [MESSAGE][PASSED] - Browser is scrolled to position x = 0, y = 4200&#xD;
&#xD;
2019-08-12 18:14:33 - [TEST_STEP][PASSED] - Thread.sleep(3000): null&#xD;
&#xD;
2019-08-12 18:14:36 - [TEST_STEP][PASSED] - callTestCase(findTestCase("mobileWeb/_include/get_screenshot"), [:], STOP_ON_FAILURE): Call Test Case 'Test Cases/mobileWeb/_include/get_screenshot' successfully&#xD;
&#xD;
2019-08-12 18:14:36 - [TEST_CASE][PASSED] - Test Cases/mobileWeb/_include/get_screenshot: Test Cases/mobileWeb/_include/get_screenshot&#xD;
&#xD;
2019-08-12 18:14:36 - [TEST_STEP][PASSED] - takeScreenshot(screenPath + i + ".png"): Taking screenshot successfully&#xD;
&#xD;
2019-08-12 18:14:37 - [MESSAGE][PASSED] - Taking screenshot successfully&#xD;
[[ATTACHMENT|D:\\Test\\AgileTest\\AgileTest\\Reports\\mobileWeb\\plan detail\\20190812_173746\\../Screenshots/iPhone X/Plan Detail/stm_pivot health choice/20190812_181358/7.png]]&#xD;
&#xD;
2019-08-12 18:14:37 - [TEST_STEP][PASSED] - (internal.GlobalVariable.i++): null&#xD;
&#xD;
2019-08-12 18:14:37 - [MESSAGE][PASSED] - Call Test Case 'Test Cases/mobileWeb/_include/get_screenshot' successfully&#xD;
&#xD;
2019-08-12 18:14:37 - [TEST_STEP][PASSED] - scrollToPosition(0, y): Browser is scrolled to position x = 0, y = 4800&#xD;
&#xD;
2019-08-12 18:14:37 - [MESSAGE][PASSED] - Browser is scrolled to position x = 0, y = 4800&#xD;
&#xD;
2019-08-12 18:14:37 - [TEST_STEP][PASSED] - Thread.sleep(3000): null&#xD;
&#xD;
2019-08-12 18:14:40 - [TEST_STEP][PASSED] - callTestCase(findTestCase("mobileWeb/_include/get_screenshot"), [:], STOP_ON_FAILURE): Call Test Case 'Test Cases/mobileWeb/_include/get_screenshot' successfully&#xD;
&#xD;
2019-08-12 18:14:40 - [TEST_CASE][PASSED] - Test Cases/mobileWeb/_include/get_screenshot: Test Cases/mobileWeb/_include/get_screenshot&#xD;
&#xD;
2019-08-12 18:14:40 - [TEST_STEP][PASSED] - takeScreenshot(screenPath + i + ".png"): Taking screenshot successfully&#xD;
&#xD;
2019-08-12 18:14:41 - [MESSAGE][PASSED] - Taking screenshot successfully&#xD;
[[ATTACHMENT|D:\\Test\\AgileTest\\AgileTest\\Reports\\mobileWeb\\plan detail\\20190812_173746\\../Screenshots/iPhone X/Plan Detail/stm_pivot health choice/20190812_181358/8.png]]&#xD;
&#xD;
2019-08-12 18:14:41 - [TEST_STEP][PASSED] - (internal.GlobalVariable.i++): null&#xD;
&#xD;
2019-08-12 18:14:41 - [MESSAGE][PASSED] - Call Test Case 'Test Cases/mobileWeb/_include/get_screenshot' successfully&#xD;
&#xD;
2019-08-12 18:14:41 - [TEST_STEP][PASSED] - scrollToPosition(0, y): Browser is scrolled to position x = 0, y = 5400&#xD;
&#xD;
2019-08-12 18:14:41 - [MESSAGE][PASSED] - Browser is scrolled to position x = 0, y = 5400&#xD;
&#xD;
2019-08-12 18:14:41 - [TEST_STEP][PASSED] - Thread.sleep(3000): null&#xD;
&#xD;
2019-08-12 18:14:44 - [TEST_STEP][PASSED] - callTestCase(findTestCase("mobileWeb/_include/get_screenshot"), [:], STOP_ON_FAILURE): Call Test Case 'Test Cases/mobileWeb/_include/get_screenshot' successfully&#xD;
&#xD;
2019-08-12 18:14:44 - [TEST_CASE][PASSED] - Test Cases/mobileWeb/_include/get_screenshot: Test Cases/mobileWeb/_include/get_screenshot&#xD;
&#xD;
2019-08-12 18:14:44 - [TEST_STEP][PASSED] - takeScreenshot(screenPath + i + ".png"): Taking screenshot successfully&#xD;
&#xD;
2019-08-12 18:14:44 - [MESSAGE][PASSED] - Taking screenshot successfully&#xD;
[[ATTACHMENT|D:\\Test\\AgileTest\\AgileTest\\Reports\\mobileWeb\\plan detail\\20190812_173746\\../Screenshots/iPhone X/Plan Detail/stm_pivot health choice/20190812_181358/9.png]]&#xD;
&#xD;
2019-08-12 18:14:44 - [TEST_STEP][PASSED] - (internal.GlobalVariable.i++): null&#xD;
&#xD;
2019-08-12 18:14:44 - [MESSAGE][PASSED] - Call Test Case 'Test Cases/mobileWeb/_include/get_screenshot' successfully&#xD;
&#xD;
2019-08-12 18:14:44 - [TEST_STEP][PASSED] - scrollToPosition(0, y): Browser is scrolled to position x = 0, y = 6000&#xD;
&#xD;
2019-08-12 18:14:44 - [MESSAGE][PASSED] - Browser is scrolled to position x = 0, y = 6000&#xD;
&#xD;
2019-08-12 18:14:44 - [TEST_STEP][PASSED] - Thread.sleep(3000): null&#xD;
&#xD;
2019-08-12 18:14:47 - [TEST_STEP][PASSED] - callTestCase(findTestCase("mobileWeb/_include/get_screenshot"), [:], STOP_ON_FAILURE): Call Test Case 'Test Cases/mobileWeb/_include/get_screenshot' successfully&#xD;
&#xD;
2019-08-12 18:14:48 - [TEST_CASE][PASSED] - Test Cases/mobileWeb/_include/get_screenshot: Test Cases/mobileWeb/_include/get_screenshot&#xD;
&#xD;
2019-08-12 18:14:48 - [TEST_STEP][PASSED] - takeScreenshot(screenPath + i + ".png"): Taking screenshot successfully&#xD;
&#xD;
2019-08-12 18:14:48 - [MESSAGE][PASSED] - Taking screenshot successfully&#xD;
[[ATTACHMENT|D:\\Test\\AgileTest\\AgileTest\\Reports\\mobileWeb\\plan detail\\20190812_173746\\../Screenshots/iPhone X/Plan Detail/stm_pivot health choice/20190812_181358/10.png]]&#xD;
&#xD;
2019-08-12 18:14:48 - [TEST_STEP][PASSED] - (internal.GlobalVariable.i++): null&#xD;
&#xD;
2019-08-12 18:14:48 - [MESSAGE][PASSED] - Call Test Case 'Test Cases/mobileWeb/_include/get_screenshot' successfully&#xD;
&#xD;
2019-08-12 18:14:48 - [TEST_STEP][PASSED] - scrollToPosition(0, y): Browser is scrolled to position x = 0, y = 6600&#xD;
&#xD;
2019-08-12 18:14:48 - [MESSAGE][PASSED] - Browser is scrolled to position x = 0, y = 6600&#xD;
&#xD;
2019-08-12 18:14:48 - [TEST_STEP][PASSED] - Thread.sleep(3000): null&#xD;
&#xD;
2019-08-12 18:14:51 - [TEST_STEP][PASSED] - callTestCase(findTestCase("mobileWeb/_include/get_screenshot"), [:], STOP_ON_FAILURE): Call Test Case 'Test Cases/mobileWeb/_include/get_screenshot' successfully&#xD;
&#xD;
2019-08-12 18:14:51 - [TEST_CASE][PASSED] - Test Cases/mobileWeb/_include/get_screenshot: Test Cases/mobileWeb/_include/get_screenshot&#xD;
&#xD;
2019-08-12 18:14:51 - [TEST_STEP][PASSED] - takeScreenshot(screenPath + i + ".png"): Taking screenshot successfully&#xD;
&#xD;
2019-08-12 18:14:52 - [MESSAGE][PASSED] - Taking screenshot successfully&#xD;
[[ATTACHMENT|D:\\Test\\AgileTest\\AgileTest\\Reports\\mobileWeb\\plan detail\\20190812_173746\\../Screenshots/iPhone X/Plan Detail/stm_pivot health choice/20190812_181358/11.png]]&#xD;
&#xD;
2019-08-12 18:14:52 - [TEST_STEP][PASSED] - (internal.GlobalVariable.i++): null&#xD;
&#xD;
2019-08-12 18:14:52 - [MESSAGE][PASSED] - Call Test Case 'Test Cases/mobileWeb/_include/get_screenshot' successfully&#xD;
&#xD;
2019-08-12 18:14:52 - [TEST_STEP][PASSED] - scrollToPosition(0, y): Browser is scrolled to position x = 0, y = 7200&#xD;
&#xD;
2019-08-12 18:14:52 - [MESSAGE][PASSED] - Browser is scrolled to position x = 0, y = 7200&#xD;
&#xD;
2019-08-12 18:14:52 - [TEST_STEP][PASSED] - Thread.sleep(3000): null&#xD;
&#xD;
2019-08-12 18:14:55 - [TEST_STEP][PASSED] - callTestCase(findTestCase("mobileWeb/_include/get_screenshot"), [:], STOP_ON_FAILURE): Call Test Case 'Test Cases/mobileWeb/_include/get_screenshot' successfully&#xD;
&#xD;
2019-08-12 18:14:55 - [TEST_CASE][PASSED] - Test Cases/mobileWeb/_include/get_screenshot: Test Cases/mobileWeb/_include/get_screenshot&#xD;
&#xD;
2019-08-12 18:14:55 - [TEST_STEP][PASSED] - takeScreenshot(screenPath + i + ".png"): Taking screenshot successfully&#xD;
&#xD;
2019-08-12 18:14:56 - [MESSAGE][PASSED] - Taking screenshot successfully&#xD;
[[ATTACHMENT|D:\\Test\\AgileTest\\AgileTest\\Reports\\mobileWeb\\plan detail\\20190812_173746\\../Screenshots/iPhone X/Plan Detail/stm_pivot health choice/20190812_181358/12.png]]&#xD;
&#xD;
2019-08-12 18:14:56 - [TEST_STEP][PASSED] - (internal.GlobalVariable.i++): null&#xD;
&#xD;
2019-08-12 18:14:56 - [MESSAGE][PASSED] - Call Test Case 'Test Cases/mobileWeb/_include/get_screenshot' successfully&#xD;
&#xD;
2019-08-12 18:14:56 - [TEST_STEP][PASSED] - scrollToPosition(0, y): Browser is scrolled to position x = 0, y = 7800&#xD;
&#xD;
2019-08-12 18:14:56 - [MESSAGE][PASSED] - Browser is scrolled to position x = 0, y = 7800&#xD;
&#xD;
2019-08-12 18:14:56 - [TEST_STEP][PASSED] - Thread.sleep(3000): null&#xD;
&#xD;
2019-08-12 18:14:59 - [TEST_STEP][PASSED] - callTestCase(findTestCase("mobileWeb/_include/get_screenshot"), [:], STOP_ON_FAILURE): Call Test Case 'Test Cases/mobileWeb/_include/get_screenshot' successfully&#xD;
&#xD;
2019-08-12 18:14:59 - [TEST_CASE][PASSED] - Test Cases/mobileWeb/_include/get_screenshot: Test Cases/mobileWeb/_include/get_screenshot&#xD;
&#xD;
2019-08-12 18:14:59 - [TEST_STEP][PASSED] - takeScreenshot(screenPath + i + ".png"): Taking screenshot successfully&#xD;
&#xD;
2019-08-12 18:15:00 - [MESSAGE][PASSED] - Taking screenshot successfully&#xD;
[[ATTACHMENT|D:\\Test\\AgileTest\\AgileTest\\Reports\\mobileWeb\\plan detail\\20190812_173746\\../Screenshots/iPhone X/Plan Detail/stm_pivot health choice/20190812_181358/13.png]]&#xD;
&#xD;
2019-08-12 18:15:00 - [TEST_STEP][PASSED] - (internal.GlobalVariable.i++): null&#xD;
&#xD;
2019-08-12 18:15:00 - [MESSAGE][PASSED] - Call Test Case 'Test Cases/mobileWeb/_include/get_screenshot' successfully&#xD;
&#xD;
2019-08-12 18:15:00 - [TEST_STEP][PASSED] - scrollToPosition(0, y): Browser is scrolled to position x = 0, y = 8400&#xD;
&#xD;
2019-08-12 18:15:00 - [MESSAGE][PASSED] - Browser is scrolled to position x = 0, y = 8400&#xD;
&#xD;
2019-08-12 18:15:00 - [TEST_STEP][PASSED] - Thread.sleep(3000): null&#xD;
&#xD;
2019-08-12 18:15:03 - [TEST_STEP][PASSED] - callTestCase(findTestCase("mobileWeb/_include/get_screenshot"), [:], STOP_ON_FAILURE): Call Test Case 'Test Cases/mobileWeb/_include/get_screenshot' successfully&#xD;
&#xD;
2019-08-12 18:15:03 - [TEST_CASE][PASSED] - Test Cases/mobileWeb/_include/get_screenshot: Test Cases/mobileWeb/_include/get_screenshot&#xD;
&#xD;
2019-08-12 18:15:03 - [TEST_STEP][PASSED] - takeScreenshot(screenPath + i + ".png"): Taking screenshot successfully&#xD;
&#xD;
2019-08-12 18:15:04 - [MESSAGE][PASSED] - Taking screenshot successfully&#xD;
[[ATTACHMENT|D:\\Test\\AgileTest\\AgileTest\\Reports\\mobileWeb\\plan detail\\20190812_173746\\../Screenshots/iPhone X/Plan Detail/stm_pivot health choice/20190812_181358/14.png]]&#xD;
&#xD;
2019-08-12 18:15:04 - [TEST_STEP][PASSED] - (internal.GlobalVariable.i++): null&#xD;
&#xD;
2019-08-12 18:15:04 - [MESSAGE][PASSED] - Call Test Case 'Test Cases/mobileWeb/_include/get_screenshot' successfully&#xD;
&#xD;
2019-08-12 18:15:04 - [TEST_STEP][PASSED] - scrollToPosition(0, y): Browser is scrolled to position x = 0, y = 9000&#xD;
&#xD;
2019-08-12 18:15:04 - [MESSAGE][PASSED] - Browser is scrolled to position x = 0, y = 9000&#xD;
&#xD;
2019-08-12 18:15:04 - [TEST_STEP][PASSED] - Thread.sleep(3000): null&#xD;
&#xD;
2019-08-12 18:15:07 - [TEST_STEP][PASSED] - callTestCase(findTestCase("mobileWeb/_include/get_screenshot"), [:], STOP_ON_FAILURE): Call Test Case 'Test Cases/mobileWeb/_include/get_screenshot' successfully&#xD;
&#xD;
2019-08-12 18:15:07 - [TEST_CASE][PASSED] - Test Cases/mobileWeb/_include/get_screenshot: Test Cases/mobileWeb/_include/get_screenshot&#xD;
&#xD;
2019-08-12 18:15:07 - [TEST_STEP][PASSED] - takeScreenshot(screenPath + i + ".png"): Taking screenshot successfully&#xD;
&#xD;
2019-08-12 18:15:07 - [MESSAGE][PASSED] - Taking screenshot successfully&#xD;
[[ATTACHMENT|D:\\Test\\AgileTest\\AgileTest\\Reports\\mobileWeb\\plan detail\\20190812_173746\\../Screenshots/iPhone X/Plan Detail/stm_pivot health choice/20190812_181358/15.png]]&#xD;
&#xD;
2019-08-12 18:15:07 - [TEST_STEP][PASSED] - (internal.GlobalVariable.i++): null&#xD;
&#xD;
2019-08-12 18:15:07 - [MESSAGE][PASSED] - Call Test Case 'Test Cases/mobileWeb/_include/get_screenshot' successfully&#xD;
&#xD;
2019-08-12 18:15:07 - [TEST_STEP][PASSED] - scrollToPosition(0, y): Browser is scrolled to position x = 0, y = 9600&#xD;
&#xD;
2019-08-12 18:15:07 - [MESSAGE][PASSED] - Browser is scrolled to position x = 0, y = 9600&#xD;
&#xD;
2019-08-12 18:15:07 - [TEST_STEP][PASSED] - Thread.sleep(3000): null&#xD;
&#xD;
2019-08-12 18:15:10 - [TEST_STEP][PASSED] - callTestCase(findTestCase("mobileWeb/_include/get_screenshot"), [:], STOP_ON_FAILURE): Call Test Case 'Test Cases/mobileWeb/_include/get_screenshot' successfully&#xD;
&#xD;
2019-08-12 18:15:10 - [TEST_CASE][PASSED] - Test Cases/mobileWeb/_include/get_screenshot: Test Cases/mobileWeb/_include/get_screenshot&#xD;
&#xD;
2019-08-12 18:15:10 - [TEST_STEP][PASSED] - takeScreenshot(screenPath + i + ".png"): Taking screenshot successfully&#xD;
&#xD;
2019-08-12 18:15:11 - [MESSAGE][PASSED] - Taking screenshot successfully&#xD;
[[ATTACHMENT|D:\\Test\\AgileTest\\AgileTest\\Reports\\mobileWeb\\plan detail\\20190812_173746\\../Screenshots/iPhone X/Plan Detail/stm_pivot health choice/20190812_181358/16.png]]&#xD;
&#xD;
2019-08-12 18:15:11 - [TEST_STEP][PASSED] - (internal.GlobalVariable.i++): null&#xD;
&#xD;
2019-08-12 18:15:11 - [MESSAGE][PASSED] - Call Test Case 'Test Cases/mobileWeb/_include/get_screenshot' successfully&#xD;
&#xD;
2019-08-12 18:15:11 - [TEST_STEP][PASSED] - scrollToPosition(0, y): Browser is scrolled to position x = 0, y = 10200&#xD;
&#xD;
2019-08-12 18:15:11 - [MESSAGE][PASSED] - Browser is scrolled to position x = 0, y = 10200&#xD;
&#xD;
2019-08-12 18:15:11 - [TEST_STEP][PASSED] - Thread.sleep(3000): null&#xD;
&#xD;
2019-08-12 18:15:14 - [TEST_STEP][PASSED] - callTestCase(findTestCase("mobileWeb/_include/get_screenshot"), [:], STOP_ON_FAILURE): Call Test Case 'Test Cases/mobileWeb/_include/get_screenshot' successfully&#xD;
&#xD;
2019-08-12 18:15:14 - [TEST_CASE][PASSED] - Test Cases/mobileWeb/_include/get_screenshot: Test Cases/mobileWeb/_include/get_screenshot&#xD;
&#xD;
2019-08-12 18:15:14 - [TEST_STEP][PASSED] - takeScreenshot(screenPath + i + ".png"): Taking screenshot successfully&#xD;
&#xD;
2019-08-12 18:15:15 - [MESSAGE][PASSED] - Taking screenshot successfully&#xD;
[[ATTACHMENT|D:\\Test\\AgileTest\\AgileTest\\Reports\\mobileWeb\\plan detail\\20190812_173746\\../Screenshots/iPhone X/Plan Detail/stm_pivot health choice/20190812_181358/17.png]]&#xD;
&#xD;
2019-08-12 18:15:15 - [TEST_STEP][PASSED] - (internal.GlobalVariable.i++): null&#xD;
&#xD;
2019-08-12 18:15:15 - [MESSAGE][PASSED] - Call Test Case 'Test Cases/mobileWeb/_include/get_screenshot' successfully&#xD;
&#xD;
2019-08-12 18:15:15 - [TEST_STEP][PASSED] - scrollToPosition(0, y): Browser is scrolled to position x = 0, y = 10800&#xD;
&#xD;
2019-08-12 18:15:15 - [MESSAGE][PASSED] - Browser is scrolled to position x = 0, y = 10800&#xD;
&#xD;
2019-08-12 18:15:15 - [TEST_STEP][PASSED] - Thread.sleep(3000): null&#xD;
&#xD;
2019-08-12 18:15:18 - [TEST_STEP][PASSED] - callTestCase(findTestCase("mobileWeb/_include/get_screenshot"), [:], STOP_ON_FAILURE): Call Test Case 'Test Cases/mobileWeb/_include/get_screenshot' successfully&#xD;
&#xD;
2019-08-12 18:15:18 - [TEST_CASE][PASSED] - Test Cases/mobileWeb/_include/get_screenshot: Test Cases/mobileWeb/_include/get_screenshot&#xD;
&#xD;
2019-08-12 18:15:18 - [TEST_STEP][PASSED] - takeScreenshot(screenPath + i + ".png"): Taking screenshot successfully&#xD;
&#xD;
2019-08-12 18:15:19 - [MESSAGE][PASSED] - Taking screenshot successfully&#xD;
[[ATTACHMENT|D:\\Test\\AgileTest\\AgileTest\\Reports\\mobileWeb\\plan detail\\20190812_173746\\../Screenshots/iPhone X/Plan Detail/stm_pivot health choice/20190812_181358/18.png]]&#xD;
&#xD;
2019-08-12 18:15:19 - [TEST_STEP][PASSED] - (internal.GlobalVariable.i++): null&#xD;
&#xD;
2019-08-12 18:15:19 - [MESSAGE][PASSED] - Call Test Case 'Test Cases/mobileWeb/_include/get_screenshot' successfully&#xD;
&#xD;
2019-08-12 18:15:19 - [TEST_STEP][PASSED] - scrollToPosition(0, y): Browser is scrolled to position x = 0, y = 11400&#xD;
&#xD;
2019-08-12 18:15:19 - [MESSAGE][PASSED] - Browser is scrolled to position x = 0, y = 11400&#xD;
&#xD;
2019-08-12 18:15:19 - [TEST_STEP][PASSED] - Thread.sleep(3000): null&#xD;
&#xD;
2019-08-12 18:15:22 - [TEST_STEP][PASSED] - callTestCase(findTestCase("mobileWeb/_include/get_screenshot"), [:], STOP_ON_FAILURE): Call Test Case 'Test Cases/mobileWeb/_include/get_screenshot' successfully&#xD;
&#xD;
2019-08-12 18:15:22 - [TEST_CASE][PASSED] - Test Cases/mobileWeb/_include/get_screenshot: Test Cases/mobileWeb/_include/get_screenshot&#xD;
&#xD;
2019-08-12 18:15:22 - [TEST_STEP][PASSED] - takeScreenshot(screenPath + i + ".png"): Taking screenshot successfully&#xD;
&#xD;
2019-08-12 18:15:23 - [MESSAGE][PASSED] - Taking screenshot successfully&#xD;
[[ATTACHMENT|D:\\Test\\AgileTest\\AgileTest\\Reports\\mobileWeb\\plan detail\\20190812_173746\\../Screenshots/iPhone X/Plan Detail/stm_pivot health choice/20190812_181358/19.png]]&#xD;
&#xD;
2019-08-12 18:15:23 - [TEST_STEP][PASSED] - (internal.GlobalVariable.i++): null&#xD;
&#xD;
2019-08-12 18:15:23 - [MESSAGE][PASSED] - Call Test Case 'Test Cases/mobileWeb/_include/get_screenshot' successfully&#xD;
&#xD;
2019-08-12 18:15:23 - [TEST_STEP][PASSED] - scrollToPosition(0, y): Browser is scrolled to position x = 0, y = 12000&#xD;
&#xD;
2019-08-12 18:15:23 - [MESSAGE][PASSED] - Browser is scrolled to position x = 0, y = 12000&#xD;
&#xD;
2019-08-12 18:15:23 - [TEST_STEP][PASSED] - Thread.sleep(3000): null&#xD;
&#xD;
2019-08-12 18:15:26 - [TEST_STEP][PASSED] - callTestCase(findTestCase("mobileWeb/_include/get_screenshot"), [:], STOP_ON_FAILURE): Call Test Case 'Test Cases/mobileWeb/_include/get_screenshot' successfully&#xD;
&#xD;
2019-08-12 18:15:26 - [TEST_CASE][PASSED] - Test Cases/mobileWeb/_include/get_screenshot: Test Cases/mobileWeb/_include/get_screenshot&#xD;
&#xD;
2019-08-12 18:15:26 - [TEST_STEP][PASSED] - takeScreenshot(screenPath + i + ".png"): Taking screenshot successfully&#xD;
&#xD;
2019-08-12 18:15:26 - [MESSAGE][PASSED] - Taking screenshot successfully&#xD;
[[ATTACHMENT|D:\\Test\\AgileTest\\AgileTest\\Reports\\mobileWeb\\plan detail\\20190812_173746\\../Screenshots/iPhone X/Plan Detail/stm_pivot health choice/20190812_181358/20.png]]&#xD;
&#xD;
2019-08-12 18:15:26 - [TEST_STEP][PASSED] - (internal.GlobalVariable.i++): null&#xD;
&#xD;
2019-08-12 18:15:26 - [MESSAGE][PASSED] - Call Test Case 'Test Cases/mobileWeb/_include/get_screenshot' successfully&#xD;
&#xD;
2019-08-12 18:15:26 - [TEST_STEP][PASSED] - scrollToPosition(0, y): Browser is scrolled to position x = 0, y = 12600&#xD;
&#xD;
2019-08-12 18:15:26 - [MESSAGE][PASSED] - Browser is scrolled to position x = 0, y = 12600&#xD;
&#xD;
2019-08-12 18:15:26 - [TEST_STEP][PASSED] - Thread.sleep(3000): null&#xD;
&#xD;
2019-08-12 18:15:29 - [TEST_STEP][PASSED] - callTestCase(findTestCase("mobileWeb/_include/get_screenshot"), [:], STOP_ON_FAILURE): Call Test Case 'Test Cases/mobileWeb/_include/get_screenshot' successfully&#xD;
&#xD;
2019-08-12 18:15:29 - [TEST_CASE][PASSED] - Test Cases/mobileWeb/_include/get_screenshot: Test Cases/mobileWeb/_include/get_screenshot&#xD;
&#xD;
2019-08-12 18:15:29 - [TEST_STEP][PASSED] - takeScreenshot(screenPath + i + ".png"): Taking screenshot successfully&#xD;
&#xD;
2019-08-12 18:15:30 - [MESSAGE][PASSED] - Taking screenshot successfully&#xD;
[[ATTACHMENT|D:\\Test\\AgileTest\\AgileTest\\Reports\\mobileWeb\\plan detail\\20190812_173746\\../Screenshots/iPhone X/Plan Detail/stm_pivot health choice/20190812_181358/21.png]]&#xD;
&#xD;
2019-08-12 18:15:30 - [TEST_STEP][PASSED] - (internal.GlobalVariable.i++): null&#xD;
&#xD;
2019-08-12 18:15:30 - [MESSAGE][PASSED] - Call Test Case 'Test Cases/mobileWeb/_include/get_screenshot' successfully&#xD;
&#xD;
2019-08-12 18:15:30 - [TEST_STEP][PASSED] - scrollToPosition(0, y): Browser is scrolled to position x = 0, y = 13200&#xD;
&#xD;
2019-08-12 18:15:30 - [MESSAGE][PASSED] - Browser is scrolled to position x = 0, y = 13200&#xD;
&#xD;
2019-08-12 18:15:30 - [TEST_STEP][PASSED] - Thread.sleep(3000): null&#xD;
&#xD;
2019-08-12 18:15:33 - [TEST_STEP][PASSED] - callTestCase(findTestCase("mobileWeb/_include/get_screenshot"), [:], STOP_ON_FAILURE): Call Test Case 'Test Cases/mobileWeb/_include/get_screenshot' successfully&#xD;
&#xD;
2019-08-12 18:15:33 - [TEST_CASE][PASSED] - Test Cases/mobileWeb/_include/get_screenshot: Test Cases/mobileWeb/_include/get_screenshot&#xD;
&#xD;
2019-08-12 18:15:33 - [TEST_STEP][PASSED] - takeScreenshot(screenPath + i + ".png"): Taking screenshot successfully&#xD;
&#xD;
2019-08-12 18:15:34 - [MESSAGE][PASSED] - Taking screenshot successfully&#xD;
[[ATTACHMENT|D:\\Test\\AgileTest\\AgileTest\\Reports\\mobileWeb\\plan detail\\20190812_173746\\../Screenshots/iPhone X/Plan Detail/stm_pivot health choice/20190812_181358/22.png]]&#xD;
&#xD;
2019-08-12 18:15:34 - [TEST_STEP][PASSED] - (internal.GlobalVariable.i++): null&#xD;
&#xD;
2019-08-12 18:15:34 - [MESSAGE][PASSED] - Call Test Case 'Test Cases/mobileWeb/_include/get_screenshot' successfully&#xD;
&#xD;
2019-08-12 18:15:34 - [TEST_STEP][PASSED] - scrollToPosition(0, y): Browser is scrolled to position x = 0, y = 13800&#xD;
&#xD;
2019-08-12 18:15:34 - [MESSAGE][PASSED] - Browser is scrolled to position x = 0, y = 13800&#xD;
&#xD;
2019-08-12 18:15:34 - [TEST_STEP][PASSED] - Thread.sleep(3000): null&#xD;
&#xD;
2019-08-12 18:15:37 - [TEST_STEP][PASSED] - callTestCase(findTestCase("mobileWeb/_include/get_screenshot"), [:], STOP_ON_FAILURE): Call Test Case 'Test Cases/mobileWeb/_include/get_screenshot' successfully&#xD;
&#xD;
2019-08-12 18:15:37 - [TEST_CASE][PASSED] - Test Cases/mobileWeb/_include/get_screenshot: Test Cases/mobileWeb/_include/get_screenshot&#xD;
&#xD;
2019-08-12 18:15:37 - [TEST_STEP][PASSED] - takeScreenshot(screenPath + i + ".png"): Taking screenshot successfully&#xD;
&#xD;
2019-08-12 18:15:38 - [MESSAGE][PASSED] - Taking screenshot successfully&#xD;
[[ATTACHMENT|D:\\Test\\AgileTest\\AgileTest\\Reports\\mobileWeb\\plan detail\\20190812_173746\\../Screenshots/iPhone X/Plan Detail/stm_pivot health choice/20190812_181358/23.png]]&#xD;
&#xD;
2019-08-12 18:15:38 - [TEST_STEP][PASSED] - (internal.GlobalVariable.i++): null&#xD;
&#xD;
2019-08-12 18:15:38 - [MESSAGE][PASSED] - Call Test Case 'Test Cases/mobileWeb/_include/get_screenshot' successfully&#xD;
&#xD;
2019-08-12 18:15:38 - [TEST_STEP][PASSED] - scrollToPosition(0, y): Browser is scrolled to position x = 0, y = 14400&#xD;
&#xD;
2019-08-12 18:15:38 - [MESSAGE][PASSED] - Browser is scrolled to position x = 0, y = 14400&#xD;
&#xD;
2019-08-12 18:15:38 - [TEST_STEP][PASSED] - Thread.sleep(3000): null&#xD;
&#xD;
2019-08-12 18:15:41 - [TEST_STEP][PASSED] - callTestCase(findTestCase("mobileWeb/_include/get_screenshot"), [:], STOP_ON_FAILURE): Call Test Case 'Test Cases/mobileWeb/_include/get_screenshot' successfully&#xD;
&#xD;
2019-08-12 18:15:41 - [TEST_CASE][PASSED] - Test Cases/mobileWeb/_include/get_screenshot: Test Cases/mobileWeb/_include/get_screenshot&#xD;
&#xD;
2019-08-12 18:15:41 - [TEST_STEP][PASSED] - takeScreenshot(screenPath + i + ".png"): Taking screenshot successfully&#xD;
&#xD;
2019-08-12 18:15:42 - [MESSAGE][PASSED] - Taking screenshot successfully&#xD;
[[ATTACHMENT|D:\\Test\\AgileTest\\AgileTest\\Reports\\mobileWeb\\plan detail\\20190812_173746\\../Screenshots/iPhone X/Plan Detail/stm_pivot health choice/20190812_181358/24.png]]&#xD;
&#xD;
2019-08-12 18:15:42 - [TEST_STEP][PASSED] - (internal.GlobalVariable.i++): null&#xD;
&#xD;
2019-08-12 18:15:42 - [MESSAGE][PASSED] - Call Test Case 'Test Cases/mobileWeb/_include/get_screenshot' successfully&#xD;
&#xD;
2019-08-12 18:15:42 - [TEST_STEP][PASSED] - scrollToPosition(0, y): Browser is scrolled to position x = 0, y = 15000&#xD;
&#xD;
2019-08-12 18:15:42 - [MESSAGE][PASSED] - Browser is scrolled to position x = 0, y = 15000&#xD;
&#xD;
2019-08-12 18:15:42 - [TEST_STEP][PASSED] - Thread.sleep(3000): null&#xD;
&#xD;
2019-08-12 18:15:45 - [TEST_STEP][PASSED] - callTestCase(findTestCase("mobileWeb/_include/get_screenshot"), [:], STOP_ON_FAILURE): Call Test Case 'Test Cases/mobileWeb/_include/get_screenshot' successfully&#xD;
&#xD;
2019-08-12 18:15:45 - [TEST_CASE][PASSED] - Test Cases/mobileWeb/_include/get_screenshot: Test Cases/mobileWeb/_include/get_screenshot&#xD;
&#xD;
2019-08-12 18:15:45 - [TEST_STEP][PASSED] - takeScreenshot(screenPath + i + ".png"): Taking screenshot successfully&#xD;
&#xD;
2019-08-12 18:15:45 - [MESSAGE][PASSED] - Taking screenshot successfully&#xD;
[[ATTACHMENT|D:\\Test\\AgileTest\\AgileTest\\Reports\\mobileWeb\\plan detail\\20190812_173746\\../Screenshots/iPhone X/Plan Detail/stm_pivot health choice/20190812_181358/25.png]]&#xD;
&#xD;
2019-08-12 18:15:45 - [TEST_STEP][PASSED] - (internal.GlobalVariable.i++): null&#xD;
&#xD;
2019-08-12 18:15:45 - [MESSAGE][PASSED] - Call Test Case 'Test Cases/mobileWeb/_include/get_screenshot' successfully&#xD;
&#xD;
2019-08-12 18:15:45 - [TEST_STEP][PASSED] - scrollToPosition(0, y): Browser is scrolled to position x = 0, y = 15600&#xD;
&#xD;
2019-08-12 18:15:45 - [MESSAGE][PASSED] - Browser is scrolled to position x = 0, y = 15600&#xD;
&#xD;
2019-08-12 18:15:45 - [TEST_STEP][PASSED] - Thread.sleep(3000): null&#xD;
&#xD;
2019-08-12 18:15:48 - [TEST_STEP][PASSED] - callTestCase(findTestCase("mobileWeb/_include/get_screenshot"), [:], STOP_ON_FAILURE): Call Test Case 'Test Cases/mobileWeb/_include/get_screenshot' successfully&#xD;
&#xD;
2019-08-12 18:15:48 - [TEST_CASE][PASSED] - Test Cases/mobileWeb/_include/get_screenshot: Test Cases/mobileWeb/_include/get_screenshot&#xD;
&#xD;
2019-08-12 18:15:48 - [TEST_STEP][PASSED] - takeScreenshot(screenPath + i + ".png"): Taking screenshot successfully&#xD;
&#xD;
2019-08-12 18:15:49 - [MESSAGE][PASSED] - Taking screenshot successfully&#xD;
[[ATTACHMENT|D:\\Test\\AgileTest\\AgileTest\\Reports\\mobileWeb\\plan detail\\20190812_173746\\../Screenshots/iPhone X/Plan Detail/stm_pivot health choice/20190812_181358/26.png]]&#xD;
&#xD;
2019-08-12 18:15:49 - [TEST_STEP][PASSED] - (internal.GlobalVariable.i++): null&#xD;
&#xD;
2019-08-12 18:15:49 - [MESSAGE][PASSED] - Call Test Case 'Test Cases/mobileWeb/_include/get_screenshot' successfully&#xD;
&#xD;
2019-08-12 18:15:49 - [TEST_STEP][PASSED] - scrollToPosition(0, y): Browser is scrolled to position x = 0, y = 16200&#xD;
&#xD;
2019-08-12 18:15:49 - [MESSAGE][PASSED] - Browser is scrolled to position x = 0, y = 16200&#xD;
&#xD;
2019-08-12 18:15:49 - [TEST_STEP][PASSED] - Thread.sleep(3000): null&#xD;
&#xD;
2019-08-12 18:15:52 - [TEST_STEP][PASSED] - callTestCase(findTestCase("mobileWeb/_include/get_screenshot"), [:], STOP_ON_FAILURE): Call Test Case 'Test Cases/mobileWeb/_include/get_screenshot' successfully&#xD;
&#xD;
2019-08-12 18:15:52 - [TEST_CASE][PASSED] - Test Cases/mobileWeb/_include/get_screenshot: Test Cases/mobileWeb/_include/get_screenshot&#xD;
&#xD;
2019-08-12 18:15:52 - [TEST_STEP][PASSED] - takeScreenshot(screenPath + i + ".png"): Taking screenshot successfully&#xD;
&#xD;
2019-08-12 18:15:53 - [MESSAGE][PASSED] - Taking screenshot successfully&#xD;
[[ATTACHMENT|D:\\Test\\AgileTest\\AgileTest\\Reports\\mobileWeb\\plan detail\\20190812_173746\\../Screenshots/iPhone X/Plan Detail/stm_pivot health choice/20190812_181358/27.png]]&#xD;
&#xD;
2019-08-12 18:15:53 - [TEST_STEP][PASSED] - (internal.GlobalVariable.i++): null&#xD;
&#xD;
2019-08-12 18:15:53 - [MESSAGE][PASSED] - Call Test Case 'Test Cases/mobileWeb/_include/get_screenshot' successfully&#xD;
&#xD;
2019-08-12 18:15:53 - [TEST_STEP][PASSED] - scrollToPosition(0, y): Browser is scrolled to position x = 0, y = 16800&#xD;
&#xD;
2019-08-12 18:15:53 - [MESSAGE][PASSED] - Browser is scrolled to position x = 0, y = 16800&#xD;
&#xD;
2019-08-12 18:15:53 - [TEST_STEP][PASSED] - Thread.sleep(3000): null&#xD;
&#xD;
2019-08-12 18:15:56 - [TEST_STEP][PASSED] - callTestCase(findTestCase("mobileWeb/_include/get_screenshot"), [:], STOP_ON_FAILURE): Call Test Case 'Test Cases/mobileWeb/_include/get_screenshot' successfully&#xD;
&#xD;
2019-08-12 18:15:56 - [TEST_CASE][PASSED] - Test Cases/mobileWeb/_include/get_screenshot: Test Cases/mobileWeb/_include/get_screenshot&#xD;
&#xD;
2019-08-12 18:15:56 - [TEST_STEP][PASSED] - takeScreenshot(screenPath + i + ".png"): Taking screenshot successfully&#xD;
&#xD;
2019-08-12 18:15:57 - [MESSAGE][PASSED] - Taking screenshot successfully&#xD;
[[ATTACHMENT|D:\\Test\\AgileTest\\AgileTest\\Reports\\mobileWeb\\plan detail\\20190812_173746\\../Screenshots/iPhone X/Plan Detail/stm_pivot health choice/20190812_181358/28.png]]&#xD;
&#xD;
2019-08-12 18:15:57 - [TEST_STEP][PASSED] - (internal.GlobalVariable.i++): null&#xD;
&#xD;
2019-08-12 18:15:57 - [MESSAGE][PASSED] - Call Test Case 'Test Cases/mobileWeb/_include/get_screenshot' successfully&#xD;
&#xD;
2019-08-12 18:15:57 - [TEST_STEP][PASSED] - scrollToPosition(0, y): Browser is scrolled to position x = 0, y = 17400&#xD;
&#xD;
2019-08-12 18:15:57 - [MESSAGE][PASSED] - Browser is scrolled to position x = 0, y = 17400&#xD;
&#xD;
2019-08-12 18:15:57 - [TEST_STEP][PASSED] - Thread.sleep(3000): null&#xD;
&#xD;
2019-08-12 18:16:00 - [TEST_STEP][PASSED] - callTestCase(findTestCase("mobileWeb/_include/get_screenshot"), [:], STOP_ON_FAILURE): Call Test Case 'Test Cases/mobileWeb/_include/get_screenshot' successfully&#xD;
&#xD;
2019-08-12 18:16:00 - [TEST_CASE][PASSED] - Test Cases/mobileWeb/_include/get_screenshot: Test Cases/mobileWeb/_include/get_screenshot&#xD;
&#xD;
2019-08-12 18:16:00 - [TEST_STEP][PASSED] - takeScreenshot(screenPath + i + ".png"): Taking screenshot successfully&#xD;
&#xD;
2019-08-12 18:16:01 - [MESSAGE][PASSED] - Taking screenshot successfully&#xD;
[[ATTACHMENT|D:\\Test\\AgileTest\\AgileTest\\Reports\\mobileWeb\\plan detail\\20190812_173746\\../Screenshots/iPhone X/Plan Detail/stm_pivot health choice/20190812_181358/29.png]]&#xD;
&#xD;
2019-08-12 18:16:01 - [TEST_STEP][PASSED] - (internal.GlobalVariable.i++): null&#xD;
&#xD;
2019-08-12 18:16:01 - [MESSAGE][PASSED] - Call Test Case 'Test Cases/mobileWeb/_include/get_screenshot' successfully&#xD;
&#xD;
2019-08-12 18:16:01 - [TEST_STEP][PASSED] - scrollToPosition(0, y): Browser is scrolled to position x = 0, y = 18000&#xD;
&#xD;
2019-08-12 18:16:01 - [MESSAGE][PASSED] - Browser is scrolled to position x = 0, y = 18000&#xD;
&#xD;
2019-08-12 18:16:01 - [TEST_STEP][PASSED] - Thread.sleep(3000): null&#xD;
&#xD;
2019-08-12 18:16:04 - [TEST_STEP][PASSED] - callTestCase(findTestCase("mobileWeb/_include/get_screenshot"), [:], STOP_ON_FAILURE): Call Test Case 'Test Cases/mobileWeb/_include/get_screenshot' successfully&#xD;
&#xD;
2019-08-12 18:16:04 - [TEST_CASE][PASSED] - Test Cases/mobileWeb/_include/get_screenshot: Test Cases/mobileWeb/_include/get_screenshot&#xD;
&#xD;
2019-08-12 18:16:04 - [TEST_STEP][PASSED] - takeScreenshot(screenPath + i + ".png"): Taking screenshot successfully&#xD;
&#xD;
2019-08-12 18:16:04 - [MESSAGE][PASSED] - Taking screenshot successfully&#xD;
[[ATTACHMENT|D:\\Test\\AgileTest\\AgileTest\\Reports\\mobileWeb\\plan detail\\20190812_173746\\../Screenshots/iPhone X/Plan Detail/stm_pivot health choice/20190812_181358/30.png]]&#xD;
&#xD;
2019-08-12 18:16:04 - [TEST_STEP][PASSED] - (internal.GlobalVariable.i++): null&#xD;
&#xD;
2019-08-12 18:16:04 - [MESSAGE][PASSED] - Call Test Case 'Test Cases/mobileWeb/_include/get_screenshot' successfully&#xD;
&#xD;
2019-08-12 18:16:04 - [TEST_STEP][PASSED] - scrollToPosition(0, y): Browser is scrolled to position x = 0, y = 18600&#xD;
&#xD;
2019-08-12 18:16:04 - [MESSAGE][PASSED] - Browser is scrolled to position x = 0, y = 18600&#xD;
&#xD;
2019-08-12 18:16:04 - [TEST_STEP][PASSED] - Thread.sleep(3000): null&#xD;
&#xD;
2019-08-12 18:16:07 - [TEST_STEP][PASSED] - callTestCase(findTestCase("mobileWeb/_include/get_screenshot"), [:], STOP_ON_FAILURE): Call Test Case 'Test Cases/mobileWeb/_include/get_screenshot' successfully&#xD;
&#xD;
2019-08-12 18:16:07 - [TEST_CASE][PASSED] - Test Cases/mobileWeb/_include/get_screenshot: Test Cases/mobileWeb/_include/get_screenshot&#xD;
&#xD;
2019-08-12 18:16:07 - [TEST_STEP][PASSED] - takeScreenshot(screenPath + i + ".png"): Taking screenshot successfully&#xD;
&#xD;
2019-08-12 18:16:08 - [MESSAGE][PASSED] - Taking screenshot successfully&#xD;
[[ATTACHMENT|D:\\Test\\AgileTest\\AgileTest\\Reports\\mobileWeb\\plan detail\\20190812_173746\\../Screenshots/iPhone X/Plan Detail/stm_pivot health choice/20190812_181358/31.png]]&#xD;
&#xD;
2019-08-12 18:16:08 - [TEST_STEP][PASSED] - (internal.GlobalVariable.i++): null&#xD;
&#xD;
2019-08-12 18:16:08 - [MESSAGE][PASSED] - Call Test Case 'Test Cases/mobileWeb/_include/get_screenshot' successfully&#xD;
&#xD;
2019-08-12 18:16:08 - [TEST_STEP][PASSED] - scrollToPosition(0, y): Browser is scrolled to position x = 0, y = 19200&#xD;
&#xD;
2019-08-12 18:16:08 - [MESSAGE][PASSED] - Browser is scrolled to position x = 0, y = 19200&#xD;
&#xD;
2019-08-12 18:16:08 - [TEST_STEP][PASSED] - Thread.sleep(3000): null&#xD;
&#xD;
2019-08-12 18:16:11 - [TEST_STEP][PASSED] - callTestCase(findTestCase("mobileWeb/_include/get_screenshot"), [:], STOP_ON_FAILURE): Call Test Case 'Test Cases/mobileWeb/_include/get_screenshot' successfully&#xD;
&#xD;
2019-08-12 18:16:11 - [TEST_CASE][PASSED] - Test Cases/mobileWeb/_include/get_screenshot: Test Cases/mobileWeb/_include/get_screenshot&#xD;
&#xD;
2019-08-12 18:16:11 - [TEST_STEP][PASSED] - takeScreenshot(screenPath + i + ".png"): Taking screenshot successfully&#xD;
&#xD;
2019-08-12 18:16:12 - [MESSAGE][PASSED] - Taking screenshot successfully&#xD;
[[ATTACHMENT|D:\\Test\\AgileTest\\AgileTest\\Reports\\mobileWeb\\plan detail\\20190812_173746\\../Screenshots/iPhone X/Plan Detail/stm_pivot health choice/20190812_181358/32.png]]&#xD;
&#xD;
2019-08-12 18:16:12 - [TEST_STEP][PASSED] - (internal.GlobalVariable.i++): null&#xD;
&#xD;
2019-08-12 18:16:12 - [MESSAGE][PASSED] - Call Test Case 'Test Cases/mobileWeb/_include/get_screenshot' successfully&#xD;
&#xD;
2019-08-12 18:16:12 - [TEST_STEP][PASSED] - scrollToPosition(0, y): Browser is scrolled to position x = 0, y = 19800&#xD;
&#xD;
2019-08-12 18:16:12 - [MESSAGE][PASSED] - Browser is scrolled to position x = 0, y = 19800&#xD;
&#xD;
2019-08-12 18:16:12 - [TEST_STEP][PASSED] - Thread.sleep(3000): null&#xD;
&#xD;
2019-08-12 18:16:15 - [TEST_STEP][PASSED] - callTestCase(findTestCase("mobileWeb/_include/get_screenshot"), [:], STOP_ON_FAILURE): Call Test Case 'Test Cases/mobileWeb/_include/get_screenshot' successfully&#xD;
&#xD;
2019-08-12 18:16:15 - [TEST_CASE][PASSED] - Test Cases/mobileWeb/_include/get_screenshot: Test Cases/mobileWeb/_include/get_screenshot&#xD;
&#xD;
2019-08-12 18:16:15 - [TEST_STEP][PASSED] - takeScreenshot(screenPath + i + ".png"): Taking screenshot successfully&#xD;
&#xD;
2019-08-12 18:16:16 - [MESSAGE][PASSED] - Taking screenshot successfully&#xD;
[[ATTACHMENT|D:\\Test\\AgileTest\\AgileTest\\Reports\\mobileWeb\\plan detail\\20190812_173746\\../Screenshots/iPhone X/Plan Detail/stm_pivot health choice/20190812_181358/33.png]]&#xD;
&#xD;
2019-08-12 18:16:16 - [TEST_STEP][PASSED] - (internal.GlobalVariable.i++): null&#xD;
&#xD;
2019-08-12 18:16:16 - [MESSAGE][PASSED] - Call Test Case 'Test Cases/mobileWeb/_include/get_screenshot' successfully&#xD;
&#xD;
2019-08-12 18:16:16 - [TEST_STEP][PASSED] - scrollToPosition(0, y): Browser is scrolled to position x = 0, y = 20400&#xD;
&#xD;
2019-08-12 18:16:16 - [MESSAGE][PASSED] - Browser is scrolled to position x = 0, y = 20400&#xD;
&#xD;
2019-08-12 18:16:16 - [TEST_STEP][PASSED] - Thread.sleep(3000): null&#xD;
&#xD;
2019-08-12 18:16:19 - [TEST_STEP][PASSED] - callTestCase(findTestCase("mobileWeb/_include/get_screenshot"), [:], STOP_ON_FAILURE): Call Test Case 'Test Cases/mobileWeb/_include/get_screenshot' successfully&#xD;
&#xD;
2019-08-12 18:16:19 - [TEST_CASE][PASSED] - Test Cases/mobileWeb/_include/get_screenshot: Test Cases/mobileWeb/_include/get_screenshot&#xD;
&#xD;
2019-08-12 18:16:19 - [TEST_STEP][PASSED] - takeScreenshot(screenPath + i + ".png"): Taking screenshot successfully&#xD;
&#xD;
2019-08-12 18:16:19 - [MESSAGE][PASSED] - Taking screenshot successfully&#xD;
[[ATTACHMENT|D:\\Test\\AgileTest\\AgileTest\\Reports\\mobileWeb\\plan detail\\20190812_173746\\../Screenshots/iPhone X/Plan Detail/stm_pivot health choice/20190812_181358/34.png]]&#xD;
&#xD;
2019-08-12 18:16:19 - [TEST_STEP][PASSED] - (internal.GlobalVariable.i++): null&#xD;
&#xD;
2019-08-12 18:16:19 - [MESSAGE][PASSED] - Call Test Case 'Test Cases/mobileWeb/_include/get_screenshot' successfully&#xD;
&#xD;
2019-08-12 18:16:19 - [TEST_STEP][PASSED] - scrollToPosition(0, y): Browser is scrolled to position x = 0, y = 21000&#xD;
&#xD;
2019-08-12 18:16:19 - [MESSAGE][PASSED] - Browser is scrolled to position x = 0, y = 21000&#xD;
&#xD;
2019-08-12 18:16:19 - [TEST_STEP][PASSED] - Thread.sleep(3000): null&#xD;
&#xD;
2019-08-12 18:16:22 - [TEST_STEP][PASSED] - callTestCase(findTestCase("mobileWeb/_include/get_screenshot"), [:], STOP_ON_FAILURE): Call Test Case 'Test Cases/mobileWeb/_include/get_screenshot' successfully&#xD;
&#xD;
2019-08-12 18:16:23 - [TEST_CASE][PASSED] - Test Cases/mobileWeb/_include/get_screenshot: Test Cases/mobileWeb/_include/get_screenshot&#xD;
&#xD;
2019-08-12 18:16:23 - [TEST_STEP][PASSED] - takeScreenshot(screenPath + i + ".png"): Taking screenshot successfully&#xD;
&#xD;
2019-08-12 18:16:23 - [MESSAGE][PASSED] - Taking screenshot successfully&#xD;
[[ATTACHMENT|D:\\Test\\AgileTest\\AgileTest\\Reports\\mobileWeb\\plan detail\\20190812_173746\\../Screenshots/iPhone X/Plan Detail/stm_pivot health choice/20190812_181358/35.png]]&#xD;
&#xD;
2019-08-12 18:16:23 - [TEST_STEP][PASSED] - (internal.GlobalVariable.i++): null&#xD;
&#xD;
2019-08-12 18:16:23 - [MESSAGE][PASSED] - Call Test Case 'Test Cases/mobileWeb/_include/get_screenshot' successfully&#xD;
&#xD;
2019-08-12 18:16:23 - [TEST_STEP][PASSED] - scrollToPosition(0, y): Browser is scrolled to position x = 0, y = 21600&#xD;
&#xD;
2019-08-12 18:16:23 - [MESSAGE][PASSED] - Browser is scrolled to position x = 0, y = 21600&#xD;
&#xD;
2019-08-12 18:16:23 - [TEST_STEP][PASSED] - Thread.sleep(3000): null&#xD;
&#xD;
2019-08-12 18:16:26 - [MESSAGE][PASSED] - Call Test Case 'Test Cases/mobileWeb/_include/get_scrollScreenshot' successfully</system-out>
            <system-err></system-err>
        </testcase>
        <testcase name="Test Cases/mobileWeb/Other Pages Check/Plan Detail/stm/pivot health deluxe" classname="Test Cases/mobileWeb/Other Pages Check/Plan Detail/stm/pivot health deluxe" status="PASSED">
            <system-out>2019-08-12 18:16:26 - [TEST_CASE][PASSED] - Test Cases/mobileWeb/Other Pages Check/Plan Detail/stm/pivot health deluxe: Test Cases/mobileWeb/Other Pages Check/Plan Detail/stm/pivot health deluxe&#xD;
&#xD;
2019-08-12 18:16:26 - [TEST_STEP][PASSED] - callTestCase(findTestCase("mobileWeb/_include/get_screenPath"), ["productLine":"Plan Detail", "carrierName":"stm_pivot health deluxe"], CONTINUE_ON_FAILURE): Call Test Case 'Test Cases/mobileWeb/_include/get_screenPath' successfully&#xD;
&#xD;
2019-08-12 18:16:26 - [TEST_CASE][PASSED] - Test Cases/mobileWeb/_include/get_screenPath: Test Cases/mobileWeb/_include/get_screenPath&#xD;
&#xD;
2019-08-12 18:16:26 - [TEST_STEP][PASSED] - m = getExecutionProperties(): null&#xD;
&#xD;
2019-08-12 18:16:26 - [TEST_STEP][PASSED] - deviceName = get("mobileEmulation").get("deviceName"): null&#xD;
&#xD;
2019-08-12 18:16:26 - [TEST_STEP][PASSED] - println(deviceName): null&#xD;
&#xD;
2019-08-12 18:16:26 - [TEST_STEP][PASSED] - now = new java.util.Date(): null&#xD;
&#xD;
2019-08-12 18:16:26 - [TEST_STEP][PASSED] - mydate = now.format("yyyyMMdd_HHmmss"): null&#xD;
&#xD;
2019-08-12 18:16:26 - [TEST_STEP][PASSED] - screenPath = "../Screenshots/": null&#xD;
&#xD;
2019-08-12 18:16:26 - [TEST_STEP][PASSED] - screenPath = screenPath + deviceName + "/" + productLine + "/" + carrierName + "/" + mydate + "/": null&#xD;
&#xD;
2019-08-12 18:16:26 - [TEST_STEP][PASSED] - println(screenPath): null&#xD;
&#xD;
2019-08-12 18:16:26 - [MESSAGE][PASSED] - Call Test Case 'Test Cases/mobileWeb/_include/get_screenPath' successfully&#xD;
&#xD;
2019-08-12 18:16:26 - [TEST_STEP][PASSED] - i = 0: null&#xD;
&#xD;
2019-08-12 18:16:26 - [TEST_STEP][PASSED] - openBrowser("https://praetemptatus.agilehealthinsurance.com/term-health-insurance/plan/pivot-health-deluxe-al-5000-20-extended?census[location][zip]=35215&amp;census[member][0][dob]=1/1/1980&amp;census[member][0][gender]=F&amp;census[member][0][role]=P"): Browser is opened with url: 'https://praetemptatus.agilehealthinsurance.com/term-health-insurance/plan/pivot-health-deluxe-al-5000-20-extended?census[location][zip]=35215&amp;census[member][0][dob]=1/1/1980&amp;census[member][0][gender]=F&amp;census[member][0][role]=P'&#xD;
&#xD;
2019-08-12 18:16:26 - [MESSAGE][WARNING] - A browser is already opened. Closing browser and opening a new one&#xD;
&#xD;
2019-08-12 18:16:27 - [MESSAGE][INFO] - Starting 'Chrome' driver&#xD;
&#xD;
2019-08-12 18:16:27 - [MESSAGE][INFO] - User set preference: ['mobileEmulation', '{deviceName=iPhone X}']&#xD;
&#xD;
2019-08-12 18:16:27 - [MESSAGE][INFO] - User set preference: ['args', '[--incognito, --aggressive-cache-discard, --no-sandbox, --window-size=375,812]']&#xD;
&#xD;
2019-08-12 18:16:36 - [MESSAGE][PASSED] - Browser is opened with url: 'https://praetemptatus.agilehealthinsurance.com/term-health-insurance/plan/pivot-health-deluxe-al-5000-20-extended?census[location][zip]=35215&amp;census[member][0][dob]=1/1/1980&amp;census[member][0][gender]=F&amp;census[member][0][role]=P'&#xD;
&#xD;
2019-08-12 18:16:36 - [TEST_STEP][PASSED] - waitForPageLoad(20): Wait for page load successfully&#xD;
&#xD;
2019-08-12 18:16:36 - [MESSAGE][PASSED] - Wait for page load successfully&#xD;
&#xD;
2019-08-12 18:16:36 - [TEST_STEP][PASSED] - callTestCase(findTestCase("mobileWeb/_include/get_scrollScreenshot"), [:], STOP_ON_FAILURE): Call Test Case 'Test Cases/mobileWeb/_include/get_scrollScreenshot' successfully&#xD;
&#xD;
2019-08-12 18:16:36 - [TEST_CASE][PASSED] - Test Cases/mobileWeb/_include/get_scrollScreenshot: Test Cases/mobileWeb/_include/get_scrollScreenshot&#xD;
&#xD;
2019-08-12 18:16:36 - [TEST_STEP][PASSED] - pageHeight = getPageHeight(): Current page's height is 22176&#xD;
&#xD;
2019-08-12 18:16:36 - [MESSAGE][PASSED] - Current page's height is 22176&#xD;
&#xD;
2019-08-12 18:16:36 - [TEST_STEP][PASSED] - for ([y = 600, y &lt; pageHeight, y = y + 600]): null&#xD;
&#xD;
2019-08-12 18:16:36 - [TEST_STEP][PASSED] - callTestCase(findTestCase("mobileWeb/_include/get_screenshot"), [:], STOP_ON_FAILURE): Call Test Case 'Test Cases/mobileWeb/_include/get_screenshot' successfully&#xD;
&#xD;
2019-08-12 18:16:36 - [TEST_CASE][PASSED] - Test Cases/mobileWeb/_include/get_screenshot: Test Cases/mobileWeb/_include/get_screenshot&#xD;
&#xD;
2019-08-12 18:16:36 - [TEST_STEP][PASSED] - takeScreenshot(screenPath + i + ".png"): Taking screenshot successfully&#xD;
&#xD;
2019-08-12 18:16:37 - [MESSAGE][PASSED] - Taking screenshot successfully&#xD;
[[ATTACHMENT|D:\\Test\\AgileTest\\AgileTest\\Reports\\mobileWeb\\plan detail\\20190812_173746\\../Screenshots/iPhone X/Plan Detail/stm_pivot health deluxe/20190812_181626/0.png]]&#xD;
&#xD;
2019-08-12 18:16:37 - [TEST_STEP][PASSED] - (internal.GlobalVariable.i++): null&#xD;
&#xD;
2019-08-12 18:16:37 - [MESSAGE][PASSED] - Call Test Case 'Test Cases/mobileWeb/_include/get_screenshot' successfully&#xD;
&#xD;
2019-08-12 18:16:37 - [TEST_STEP][PASSED] - scrollToPosition(0, y): Browser is scrolled to position x = 0, y = 600&#xD;
&#xD;
2019-08-12 18:16:37 - [MESSAGE][PASSED] - Browser is scrolled to position x = 0, y = 600&#xD;
&#xD;
2019-08-12 18:16:37 - [TEST_STEP][PASSED] - Thread.sleep(3000): null&#xD;
&#xD;
2019-08-12 18:16:40 - [TEST_STEP][PASSED] - callTestCase(findTestCase("mobileWeb/_include/get_screenshot"), [:], STOP_ON_FAILURE): Call Test Case 'Test Cases/mobileWeb/_include/get_screenshot' successfully&#xD;
&#xD;
2019-08-12 18:16:40 - [TEST_CASE][PASSED] - Test Cases/mobileWeb/_include/get_screenshot: Test Cases/mobileWeb/_include/get_screenshot&#xD;
&#xD;
2019-08-12 18:16:40 - [TEST_STEP][PASSED] - takeScreenshot(screenPath + i + ".png"): Taking screenshot successfully&#xD;
&#xD;
2019-08-12 18:16:41 - [MESSAGE][PASSED] - Taking screenshot successfully&#xD;
[[ATTACHMENT|D:\\Test\\AgileTest\\AgileTest\\Reports\\mobileWeb\\plan detail\\20190812_173746\\../Screenshots/iPhone X/Plan Detail/stm_pivot health deluxe/20190812_181626/1.png]]&#xD;
&#xD;
2019-08-12 18:16:41 - [TEST_STEP][PASSED] - (internal.GlobalVariable.i++): null&#xD;
&#xD;
2019-08-12 18:16:41 - [MESSAGE][PASSED] - Call Test Case 'Test Cases/mobileWeb/_include/get_screenshot' successfully&#xD;
&#xD;
2019-08-12 18:16:41 - [TEST_STEP][PASSED] - scrollToPosition(0, y): Browser is scrolled to position x = 0, y = 1200&#xD;
&#xD;
2019-08-12 18:16:41 - [MESSAGE][PASSED] - Browser is scrolled to position x = 0, y = 1200&#xD;
&#xD;
2019-08-12 18:16:41 - [TEST_STEP][PASSED] - Thread.sleep(3000): null&#xD;
&#xD;
2019-08-12 18:16:44 - [TEST_STEP][PASSED] - callTestCase(findTestCase("mobileWeb/_include/get_screenshot"), [:], STOP_ON_FAILURE): Call Test Case 'Test Cases/mobileWeb/_include/get_screenshot' successfully&#xD;
&#xD;
2019-08-12 18:16:44 - [TEST_CASE][PASSED] - Test Cases/mobileWeb/_include/get_screenshot: Test Cases/mobileWeb/_include/get_screenshot&#xD;
&#xD;
2019-08-12 18:16:44 - [TEST_STEP][PASSED] - takeScreenshot(screenPath + i + ".png"): Taking screenshot successfully&#xD;
&#xD;
2019-08-12 18:16:45 - [MESSAGE][PASSED] - Taking screenshot successfully&#xD;
[[ATTACHMENT|D:\\Test\\AgileTest\\AgileTest\\Reports\\mobileWeb\\plan detail\\20190812_173746\\../Screenshots/iPhone X/Plan Detail/stm_pivot health deluxe/20190812_181626/2.png]]&#xD;
&#xD;
2019-08-12 18:16:45 - [TEST_STEP][PASSED] - (internal.GlobalVariable.i++): null&#xD;
&#xD;
2019-08-12 18:16:45 - [MESSAGE][PASSED] - Call Test Case 'Test Cases/mobileWeb/_include/get_screenshot' successfully&#xD;
&#xD;
2019-08-12 18:16:45 - [TEST_STEP][PASSED] - scrollToPosition(0, y): Browser is scrolled to position x = 0, y = 1800&#xD;
&#xD;
2019-08-12 18:16:45 - [MESSAGE][PASSED] - Browser is scrolled to position x = 0, y = 1800&#xD;
&#xD;
2019-08-12 18:16:45 - [TEST_STEP][PASSED] - Thread.sleep(3000): null&#xD;
&#xD;
2019-08-12 18:16:48 - [TEST_STEP][PASSED] - callTestCase(findTestCase("mobileWeb/_include/get_screenshot"), [:], STOP_ON_FAILURE): Call Test Case 'Test Cases/mobileWeb/_include/get_screenshot' successfully&#xD;
&#xD;
2019-08-12 18:16:48 - [TEST_CASE][PASSED] - Test Cases/mobileWeb/_include/get_screenshot: Test Cases/mobileWeb/_include/get_screenshot&#xD;
&#xD;
2019-08-12 18:16:48 - [TEST_STEP][PASSED] - takeScreenshot(screenPath + i + ".png"): Taking screenshot successfully&#xD;
&#xD;
2019-08-12 18:16:49 - [MESSAGE][PASSED] - Taking screenshot successfully&#xD;
[[ATTACHMENT|D:\\Test\\AgileTest\\AgileTest\\Reports\\mobileWeb\\plan detail\\20190812_173746\\../Screenshots/iPhone X/Plan Detail/stm_pivot health deluxe/20190812_181626/3.png]]&#xD;
&#xD;
2019-08-12 18:16:49 - [TEST_STEP][PASSED] - (internal.GlobalVariable.i++): null&#xD;
&#xD;
2019-08-12 18:16:49 - [MESSAGE][PASSED] - Call Test Case 'Test Cases/mobileWeb/_include/get_screenshot' successfully&#xD;
&#xD;
2019-08-12 18:16:49 - [TEST_STEP][PASSED] - scrollToPosition(0, y): Browser is scrolled to position x = 0, y = 2400&#xD;
&#xD;
2019-08-12 18:16:49 - [MESSAGE][PASSED] - Browser is scrolled to position x = 0, y = 2400&#xD;
&#xD;
2019-08-12 18:16:49 - [TEST_STEP][PASSED] - Thread.sleep(3000): null&#xD;
&#xD;
2019-08-12 18:16:52 - [TEST_STEP][PASSED] - callTestCase(findTestCase("mobileWeb/_include/get_screenshot"), [:], STOP_ON_FAILURE): Call Test Case 'Test Cases/mobileWeb/_include/get_screenshot' successfully&#xD;
&#xD;
2019-08-12 18:16:52 - [TEST_CASE][PASSED] - Test Cases/mobileWeb/_include/get_screenshot: Test Cases/mobileWeb/_include/get_screenshot&#xD;
&#xD;
2019-08-12 18:16:52 - [TEST_STEP][PASSED] - takeScreenshot(screenPath + i + ".png"): Taking screenshot successfully&#xD;
&#xD;
2019-08-12 18:16:52 - [MESSAGE][PASSED] - Taking screenshot successfully&#xD;
[[ATTACHMENT|D:\\Test\\AgileTest\\AgileTest\\Reports\\mobileWeb\\plan detail\\20190812_173746\\../Screenshots/iPhone X/Plan Detail/stm_pivot health deluxe/20190812_181626/4.png]]&#xD;
&#xD;
2019-08-12 18:16:52 - [TEST_STEP][PASSED] - (internal.GlobalVariable.i++): null&#xD;
&#xD;
2019-08-12 18:16:52 - [MESSAGE][PASSED] - Call Test Case 'Test Cases/mobileWeb/_include/get_screenshot' successfully&#xD;
&#xD;
2019-08-12 18:16:52 - [TEST_STEP][PASSED] - scrollToPosition(0, y): Browser is scrolled to position x = 0, y = 3000&#xD;
&#xD;
2019-08-12 18:16:52 - [MESSAGE][PASSED] - Browser is scrolled to position x = 0, y = 3000&#xD;
&#xD;
2019-08-12 18:16:52 - [TEST_STEP][PASSED] - Thread.sleep(3000): null&#xD;
&#xD;
2019-08-12 18:16:55 - [TEST_STEP][PASSED] - callTestCase(findTestCase("mobileWeb/_include/get_screenshot"), [:], STOP_ON_FAILURE): Call Test Case 'Test Cases/mobileWeb/_include/get_screenshot' successfully&#xD;
&#xD;
2019-08-12 18:16:55 - [TEST_CASE][PASSED] - Test Cases/mobileWeb/_include/get_screenshot: Test Cases/mobileWeb/_include/get_screenshot&#xD;
&#xD;
2019-08-12 18:16:55 - [TEST_STEP][PASSED] - takeScreenshot(screenPath + i + ".png"): Taking screenshot successfully&#xD;
&#xD;
2019-08-12 18:16:56 - [MESSAGE][PASSED] - Taking screenshot successfully&#xD;
[[ATTACHMENT|D:\\Test\\AgileTest\\AgileTest\\Reports\\mobileWeb\\plan detail\\20190812_173746\\../Screenshots/iPhone X/Plan Detail/stm_pivot health deluxe/20190812_181626/5.png]]&#xD;
&#xD;
2019-08-12 18:16:56 - [TEST_STEP][PASSED] - (internal.GlobalVariable.i++): null&#xD;
&#xD;
2019-08-12 18:16:56 - [MESSAGE][PASSED] - Call Test Case 'Test Cases/mobileWeb/_include/get_screenshot' successfully&#xD;
&#xD;
2019-08-12 18:16:56 - [TEST_STEP][PASSED] - scrollToPosition(0, y): Browser is scrolled to position x = 0, y = 3600&#xD;
&#xD;
2019-08-12 18:16:56 - [MESSAGE][PASSED] - Browser is scrolled to position x = 0, y = 3600&#xD;
&#xD;
2019-08-12 18:16:56 - [TEST_STEP][PASSED] - Thread.sleep(3000): null&#xD;
&#xD;
2019-08-12 18:16:59 - [TEST_STEP][PASSED] - callTestCase(findTestCase("mobileWeb/_include/get_screenshot"), [:], STOP_ON_FAILURE): Call Test Case 'Test Cases/mobileWeb/_include/get_screenshot' successfully&#xD;
&#xD;
2019-08-12 18:16:59 - [TEST_CASE][PASSED] - Test Cases/mobileWeb/_include/get_screenshot: Test Cases/mobileWeb/_include/get_screenshot&#xD;
&#xD;
2019-08-12 18:16:59 - [TEST_STEP][PASSED] - takeScreenshot(screenPath + i + ".png"): Taking screenshot successfully&#xD;
&#xD;
2019-08-12 18:17:00 - [MESSAGE][PASSED] - Taking screenshot successfully&#xD;
[[ATTACHMENT|D:\\Test\\AgileTest\\AgileTest\\Reports\\mobileWeb\\plan detail\\20190812_173746\\../Screenshots/iPhone X/Plan Detail/stm_pivot health deluxe/20190812_181626/6.png]]&#xD;
&#xD;
2019-08-12 18:17:00 - [TEST_STEP][PASSED] - (internal.GlobalVariable.i++): null&#xD;
&#xD;
2019-08-12 18:17:00 - [MESSAGE][PASSED] - Call Test Case 'Test Cases/mobileWeb/_include/get_screenshot' successfully&#xD;
&#xD;
2019-08-12 18:17:00 - [TEST_STEP][PASSED] - scrollToPosition(0, y): Browser is scrolled to position x = 0, y = 4200&#xD;
&#xD;
2019-08-12 18:17:00 - [MESSAGE][PASSED] - Browser is scrolled to position x = 0, y = 4200&#xD;
&#xD;
2019-08-12 18:17:00 - [TEST_STEP][PASSED] - Thread.sleep(3000): null&#xD;
&#xD;
2019-08-12 18:17:03 - [TEST_STEP][PASSED] - callTestCase(findTestCase("mobileWeb/_include/get_screenshot"), [:], STOP_ON_FAILURE): Call Test Case 'Test Cases/mobileWeb/_include/get_screenshot' successfully&#xD;
&#xD;
2019-08-12 18:17:03 - [TEST_CASE][PASSED] - Test Cases/mobileWeb/_include/get_screenshot: Test Cases/mobileWeb/_include/get_screenshot&#xD;
&#xD;
2019-08-12 18:17:03 - [TEST_STEP][PASSED] - takeScreenshot(screenPath + i + ".png"): Taking screenshot successfully&#xD;
&#xD;
2019-08-12 18:17:04 - [MESSAGE][PASSED] - Taking screenshot successfully&#xD;
[[ATTACHMENT|D:\\Test\\AgileTest\\AgileTest\\Reports\\mobileWeb\\plan detail\\20190812_173746\\../Screenshots/iPhone X/Plan Detail/stm_pivot health deluxe/20190812_181626/7.png]]&#xD;
&#xD;
2019-08-12 18:17:04 - [TEST_STEP][PASSED] - (internal.GlobalVariable.i++): null&#xD;
&#xD;
2019-08-12 18:17:04 - [MESSAGE][PASSED] - Call Test Case 'Test Cases/mobileWeb/_include/get_screenshot' successfully&#xD;
&#xD;
2019-08-12 18:17:04 - [TEST_STEP][PASSED] - scrollToPosition(0, y): Browser is scrolled to position x = 0, y = 4800&#xD;
&#xD;
2019-08-12 18:17:04 - [MESSAGE][PASSED] - Browser is scrolled to position x = 0, y = 4800&#xD;
&#xD;
2019-08-12 18:17:04 - [TEST_STEP][PASSED] - Thread.sleep(3000): null&#xD;
&#xD;
2019-08-12 18:17:07 - [TEST_STEP][PASSED] - callTestCase(findTestCase("mobileWeb/_include/get_screenshot"), [:], STOP_ON_FAILURE): Call Test Case 'Test Cases/mobileWeb/_include/get_screenshot' successfully&#xD;
&#xD;
2019-08-12 18:17:07 - [TEST_CASE][PASSED] - Test Cases/mobileWeb/_include/get_screenshot: Test Cases/mobileWeb/_include/get_screenshot&#xD;
&#xD;
2019-08-12 18:17:07 - [TEST_STEP][PASSED] - takeScreenshot(screenPath + i + ".png"): Taking screenshot successfully&#xD;
&#xD;
2019-08-12 18:17:07 - [MESSAGE][PASSED] - Taking screenshot successfully&#xD;
[[ATTACHMENT|D:\\Test\\AgileTest\\AgileTest\\Reports\\mobileWeb\\plan detail\\20190812_173746\\../Screenshots/iPhone X/Plan Detail/stm_pivot health deluxe/20190812_181626/8.png]]&#xD;
&#xD;
2019-08-12 18:17:07 - [TEST_STEP][PASSED] - (internal.GlobalVariable.i++): null&#xD;
&#xD;
2019-08-12 18:17:07 - [MESSAGE][PASSED] - Call Test Case 'Test Cases/mobileWeb/_include/get_screenshot' successfully&#xD;
&#xD;
2019-08-12 18:17:07 - [TEST_STEP][PASSED] - scrollToPosition(0, y): Browser is scrolled to position x = 0, y = 5400&#xD;
&#xD;
2019-08-12 18:17:07 - [MESSAGE][PASSED] - Browser is scrolled to position x = 0, y = 5400&#xD;
&#xD;
2019-08-12 18:17:07 - [TEST_STEP][PASSED] - Thread.sleep(3000): null&#xD;
&#xD;
2019-08-12 18:17:10 - [TEST_STEP][PASSED] - callTestCase(findTestCase("mobileWeb/_include/get_screenshot"), [:], STOP_ON_FAILURE): Call Test Case 'Test Cases/mobileWeb/_include/get_screenshot' successfully&#xD;
&#xD;
2019-08-12 18:17:11 - [TEST_CASE][PASSED] - Test Cases/mobileWeb/_include/get_screenshot: Test Cases/mobileWeb/_include/get_screenshot&#xD;
&#xD;
2019-08-12 18:17:11 - [TEST_STEP][PASSED] - takeScreenshot(screenPath + i + ".png"): Taking screenshot successfully&#xD;
&#xD;
2019-08-12 18:17:11 - [MESSAGE][PASSED] - Taking screenshot successfully&#xD;
[[ATTACHMENT|D:\\Test\\AgileTest\\AgileTest\\Reports\\mobileWeb\\plan detail\\20190812_173746\\../Screenshots/iPhone X/Plan Detail/stm_pivot health deluxe/20190812_181626/9.png]]&#xD;
&#xD;
2019-08-12 18:17:11 - [TEST_STEP][PASSED] - (internal.GlobalVariable.i++): null&#xD;
&#xD;
2019-08-12 18:17:11 - [MESSAGE][PASSED] - Call Test Case 'Test Cases/mobileWeb/_include/get_screenshot' successfully&#xD;
&#xD;
2019-08-12 18:17:11 - [TEST_STEP][PASSED] - scrollToPosition(0, y): Browser is scrolled to position x = 0, y = 6000&#xD;
&#xD;
2019-08-12 18:17:11 - [MESSAGE][PASSED] - Browser is scrolled to position x = 0, y = 6000&#xD;
&#xD;
2019-08-12 18:17:11 - [TEST_STEP][PASSED] - Thread.sleep(3000): null&#xD;
&#xD;
2019-08-12 18:17:14 - [TEST_STEP][PASSED] - callTestCase(findTestCase("mobileWeb/_include/get_screenshot"), [:], STOP_ON_FAILURE): Call Test Case 'Test Cases/mobileWeb/_include/get_screenshot' successfully&#xD;
&#xD;
2019-08-12 18:17:14 - [TEST_CASE][PASSED] - Test Cases/mobileWeb/_include/get_screenshot: Test Cases/mobileWeb/_include/get_screenshot&#xD;
&#xD;
2019-08-12 18:17:14 - [TEST_STEP][PASSED] - takeScreenshot(screenPath + i + ".png"): Taking screenshot successfully&#xD;
&#xD;
2019-08-12 18:17:15 - [MESSAGE][PASSED] - Taking screenshot successfully&#xD;
[[ATTACHMENT|D:\\Test\\AgileTest\\AgileTest\\Reports\\mobileWeb\\plan detail\\20190812_173746\\../Screenshots/iPhone X/Plan Detail/stm_pivot health deluxe/20190812_181626/10.png]]&#xD;
&#xD;
2019-08-12 18:17:15 - [TEST_STEP][PASSED] - (internal.GlobalVariable.i++): null&#xD;
&#xD;
2019-08-12 18:17:15 - [MESSAGE][PASSED] - Call Test Case 'Test Cases/mobileWeb/_include/get_screenshot' successfully&#xD;
&#xD;
2019-08-12 18:17:15 - [TEST_STEP][PASSED] - scrollToPosition(0, y): Browser is scrolled to position x = 0, y = 6600&#xD;
&#xD;
2019-08-12 18:17:15 - [MESSAGE][PASSED] - Browser is scrolled to position x = 0, y = 6600&#xD;
&#xD;
2019-08-12 18:17:15 - [TEST_STEP][PASSED] - Thread.sleep(3000): null&#xD;
&#xD;
2019-08-12 18:17:18 - [TEST_STEP][PASSED] - callTestCase(findTestCase("mobileWeb/_include/get_screenshot"), [:], STOP_ON_FAILURE): Call Test Case 'Test Cases/mobileWeb/_include/get_screenshot' successfully&#xD;
&#xD;
2019-08-12 18:17:18 - [TEST_CASE][PASSED] - Test Cases/mobileWeb/_include/get_screenshot: Test Cases/mobileWeb/_include/get_screenshot&#xD;
&#xD;
2019-08-12 18:17:18 - [TEST_STEP][PASSED] - takeScreenshot(screenPath + i + ".png"): Taking screenshot successfully&#xD;
&#xD;
2019-08-12 18:17:19 - [MESSAGE][PASSED] - Taking screenshot successfully&#xD;
[[ATTACHMENT|D:\\Test\\AgileTest\\AgileTest\\Reports\\mobileWeb\\plan detail\\20190812_173746\\../Screenshots/iPhone X/Plan Detail/stm_pivot health deluxe/20190812_181626/11.png]]&#xD;
&#xD;
2019-08-12 18:17:19 - [TEST_STEP][PASSED] - (internal.GlobalVariable.i++): null&#xD;
&#xD;
2019-08-12 18:17:19 - [MESSAGE][PASSED] - Call Test Case 'Test Cases/mobileWeb/_include/get_screenshot' successfully&#xD;
&#xD;
2019-08-12 18:17:19 - [TEST_STEP][PASSED] - scrollToPosition(0, y): Browser is scrolled to position x = 0, y = 7200&#xD;
&#xD;
2019-08-12 18:17:19 - [MESSAGE][PASSED] - Browser is scrolled to position x = 0, y = 7200&#xD;
&#xD;
2019-08-12 18:17:19 - [TEST_STEP][PASSED] - Thread.sleep(3000): null&#xD;
&#xD;
2019-08-12 18:17:22 - [TEST_STEP][PASSED] - callTestCase(findTestCase("mobileWeb/_include/get_screenshot"), [:], STOP_ON_FAILURE): Call Test Case 'Test Cases/mobileWeb/_include/get_screenshot' successfully&#xD;
&#xD;
2019-08-12 18:17:22 - [TEST_CASE][PASSED] - Test Cases/mobileWeb/_include/get_screenshot: Test Cases/mobileWeb/_include/get_screenshot&#xD;
&#xD;
2019-08-12 18:17:22 - [TEST_STEP][PASSED] - takeScreenshot(screenPath + i + ".png"): Taking screenshot successfully&#xD;
&#xD;
2019-08-12 18:17:23 - [MESSAGE][PASSED] - Taking screenshot successfully&#xD;
[[ATTACHMENT|D:\\Test\\AgileTest\\AgileTest\\Reports\\mobileWeb\\plan detail\\20190812_173746\\../Screenshots/iPhone X/Plan Detail/stm_pivot health deluxe/20190812_181626/12.png]]&#xD;
&#xD;
2019-08-12 18:17:23 - [TEST_STEP][PASSED] - (internal.GlobalVariable.i++): null&#xD;
&#xD;
2019-08-12 18:17:23 - [MESSAGE][PASSED] - Call Test Case 'Test Cases/mobileWeb/_include/get_screenshot' successfully&#xD;
&#xD;
2019-08-12 18:17:23 - [TEST_STEP][PASSED] - scrollToPosition(0, y): Browser is scrolled to position x = 0, y = 7800&#xD;
&#xD;
2019-08-12 18:17:23 - [MESSAGE][PASSED] - Browser is scrolled to position x = 0, y = 7800&#xD;
&#xD;
2019-08-12 18:17:23 - [TEST_STEP][PASSED] - Thread.sleep(3000): null&#xD;
&#xD;
2019-08-12 18:17:26 - [TEST_STEP][PASSED] - callTestCase(findTestCase("mobileWeb/_include/get_screenshot"), [:], STOP_ON_FAILURE): Call Test Case 'Test Cases/mobileWeb/_include/get_screenshot' successfully&#xD;
&#xD;
2019-08-12 18:17:26 - [TEST_CASE][PASSED] - Test Cases/mobileWeb/_include/get_screenshot: Test Cases/mobileWeb/_include/get_screenshot&#xD;
&#xD;
2019-08-12 18:17:26 - [TEST_STEP][PASSED] - takeScreenshot(screenPath + i + ".png"): Taking screenshot successfully&#xD;
&#xD;
2019-08-12 18:17:27 - [MESSAGE][PASSED] - Taking screenshot successfully&#xD;
[[ATTACHMENT|D:\\Test\\AgileTest\\AgileTest\\Reports\\mobileWeb\\plan detail\\20190812_173746\\../Screenshots/iPhone X/Plan Detail/stm_pivot health deluxe/20190812_181626/13.png]]&#xD;
&#xD;
2019-08-12 18:17:27 - [TEST_STEP][PASSED] - (internal.GlobalVariable.i++): null&#xD;
&#xD;
2019-08-12 18:17:27 - [MESSAGE][PASSED] - Call Test Case 'Test Cases/mobileWeb/_include/get_screenshot' successfully&#xD;
&#xD;
2019-08-12 18:17:27 - [TEST_STEP][PASSED] - scrollToPosition(0, y): Browser is scrolled to position x = 0, y = 8400&#xD;
&#xD;
2019-08-12 18:17:27 - [MESSAGE][PASSED] - Browser is scrolled to position x = 0, y = 8400&#xD;
&#xD;
2019-08-12 18:17:27 - [TEST_STEP][PASSED] - Thread.sleep(3000): null&#xD;
&#xD;
2019-08-12 18:17:30 - [TEST_STEP][PASSED] - callTestCase(findTestCase("mobileWeb/_include/get_screenshot"), [:], STOP_ON_FAILURE): Call Test Case 'Test Cases/mobileWeb/_include/get_screenshot' successfully&#xD;
&#xD;
2019-08-12 18:17:30 - [TEST_CASE][PASSED] - Test Cases/mobileWeb/_include/get_screenshot: Test Cases/mobileWeb/_include/get_screenshot&#xD;
&#xD;
2019-08-12 18:17:30 - [TEST_STEP][PASSED] - takeScreenshot(screenPath + i + ".png"): Taking screenshot successfully&#xD;
&#xD;
2019-08-12 18:17:31 - [MESSAGE][PASSED] - Taking screenshot successfully&#xD;
[[ATTACHMENT|D:\\Test\\AgileTest\\AgileTest\\Reports\\mobileWeb\\plan detail\\20190812_173746\\../Screenshots/iPhone X/Plan Detail/stm_pivot health deluxe/20190812_181626/14.png]]&#xD;
&#xD;
2019-08-12 18:17:31 - [TEST_STEP][PASSED] - (internal.GlobalVariable.i++): null&#xD;
&#xD;
2019-08-12 18:17:31 - [MESSAGE][PASSED] - Call Test Case 'Test Cases/mobileWeb/_include/get_screenshot' successfully&#xD;
&#xD;
2019-08-12 18:17:31 - [TEST_STEP][PASSED] - scrollToPosition(0, y): Browser is scrolled to position x = 0, y = 9000&#xD;
&#xD;
2019-08-12 18:17:31 - [MESSAGE][PASSED] - Browser is scrolled to position x = 0, y = 9000&#xD;
&#xD;
2019-08-12 18:17:31 - [TEST_STEP][PASSED] - Thread.sleep(3000): null&#xD;
&#xD;
2019-08-12 18:17:34 - [TEST_STEP][PASSED] - callTestCase(findTestCase("mobileWeb/_include/get_screenshot"), [:], STOP_ON_FAILURE): Call Test Case 'Test Cases/mobileWeb/_include/get_screenshot' successfully&#xD;
&#xD;
2019-08-12 18:17:34 - [TEST_CASE][PASSED] - Test Cases/mobileWeb/_include/get_screenshot: Test Cases/mobileWeb/_include/get_screenshot&#xD;
&#xD;
2019-08-12 18:17:34 - [TEST_STEP][PASSED] - takeScreenshot(screenPath + i + ".png"): Taking screenshot successfully&#xD;
&#xD;
2019-08-12 18:17:34 - [MESSAGE][PASSED] - Taking screenshot successfully&#xD;
[[ATTACHMENT|D:\\Test\\AgileTest\\AgileTest\\Reports\\mobileWeb\\plan detail\\20190812_173746\\../Screenshots/iPhone X/Plan Detail/stm_pivot health deluxe/20190812_181626/15.png]]&#xD;
&#xD;
2019-08-12 18:17:34 - [TEST_STEP][PASSED] - (internal.GlobalVariable.i++): null&#xD;
&#xD;
2019-08-12 18:17:34 - [MESSAGE][PASSED] - Call Test Case 'Test Cases/mobileWeb/_include/get_screenshot' successfully&#xD;
&#xD;
2019-08-12 18:17:34 - [TEST_STEP][PASSED] - scrollToPosition(0, y): Browser is scrolled to position x = 0, y = 9600&#xD;
&#xD;
2019-08-12 18:17:34 - [MESSAGE][PASSED] - Browser is scrolled to position x = 0, y = 9600&#xD;
&#xD;
2019-08-12 18:17:34 - [TEST_STEP][PASSED] - Thread.sleep(3000): null&#xD;
&#xD;
2019-08-12 18:17:37 - [TEST_STEP][PASSED] - callTestCase(findTestCase("mobileWeb/_include/get_screenshot"), [:], STOP_ON_FAILURE): Call Test Case 'Test Cases/mobileWeb/_include/get_screenshot' successfully&#xD;
&#xD;
2019-08-12 18:17:37 - [TEST_CASE][PASSED] - Test Cases/mobileWeb/_include/get_screenshot: Test Cases/mobileWeb/_include/get_screenshot&#xD;
&#xD;
2019-08-12 18:17:37 - [TEST_STEP][PASSED] - takeScreenshot(screenPath + i + ".png"): Taking screenshot successfully&#xD;
&#xD;
2019-08-12 18:17:38 - [MESSAGE][PASSED] - Taking screenshot successfully&#xD;
[[ATTACHMENT|D:\\Test\\AgileTest\\AgileTest\\Reports\\mobileWeb\\plan detail\\20190812_173746\\../Screenshots/iPhone X/Plan Detail/stm_pivot health deluxe/20190812_181626/16.png]]&#xD;
&#xD;
2019-08-12 18:17:38 - [TEST_STEP][PASSED] - (internal.GlobalVariable.i++): null&#xD;
&#xD;
2019-08-12 18:17:38 - [MESSAGE][PASSED] - Call Test Case 'Test Cases/mobileWeb/_include/get_screenshot' successfully&#xD;
&#xD;
2019-08-12 18:17:38 - [TEST_STEP][PASSED] - scrollToPosition(0, y): Browser is scrolled to position x = 0, y = 10200&#xD;
&#xD;
2019-08-12 18:17:38 - [MESSAGE][PASSED] - Browser is scrolled to position x = 0, y = 10200&#xD;
&#xD;
2019-08-12 18:17:38 - [TEST_STEP][PASSED] - Thread.sleep(3000): null&#xD;
&#xD;
2019-08-12 18:17:41 - [TEST_STEP][PASSED] - callTestCase(findTestCase("mobileWeb/_include/get_screenshot"), [:], STOP_ON_FAILURE): Call Test Case 'Test Cases/mobileWeb/_include/get_screenshot' successfully&#xD;
&#xD;
2019-08-12 18:17:41 - [TEST_CASE][PASSED] - Test Cases/mobileWeb/_include/get_screenshot: Test Cases/mobileWeb/_include/get_screenshot&#xD;
&#xD;
2019-08-12 18:17:41 - [TEST_STEP][PASSED] - takeScreenshot(screenPath + i + ".png"): Taking screenshot successfully&#xD;
&#xD;
2019-08-12 18:17:42 - [MESSAGE][PASSED] - Taking screenshot successfully&#xD;
[[ATTACHMENT|D:\\Test\\AgileTest\\AgileTest\\Reports\\mobileWeb\\plan detail\\20190812_173746\\../Screenshots/iPhone X/Plan Detail/stm_pivot health deluxe/20190812_181626/17.png]]&#xD;
&#xD;
2019-08-12 18:17:42 - [TEST_STEP][PASSED] - (internal.GlobalVariable.i++): null&#xD;
&#xD;
2019-08-12 18:17:42 - [MESSAGE][PASSED] - Call Test Case 'Test Cases/mobileWeb/_include/get_screenshot' successfully&#xD;
&#xD;
2019-08-12 18:17:42 - [TEST_STEP][PASSED] - scrollToPosition(0, y): Browser is scrolled to position x = 0, y = 10800&#xD;
&#xD;
2019-08-12 18:17:42 - [MESSAGE][PASSED] - Browser is scrolled to position x = 0, y = 10800&#xD;
&#xD;
2019-08-12 18:17:42 - [TEST_STEP][PASSED] - Thread.sleep(3000): null&#xD;
&#xD;
2019-08-12 18:17:45 - [TEST_STEP][PASSED] - callTestCase(findTestCase("mobileWeb/_include/get_screenshot"), [:], STOP_ON_FAILURE): Call Test Case 'Test Cases/mobileWeb/_include/get_screenshot' successfully&#xD;
&#xD;
2019-08-12 18:17:45 - [TEST_CASE][PASSED] - Test Cases/mobileWeb/_include/get_screenshot: Test Cases/mobileWeb/_include/get_screenshot&#xD;
&#xD;
2019-08-12 18:17:45 - [TEST_STEP][PASSED] - takeScreenshot(screenPath + i + ".png"): Taking screenshot successfully&#xD;
&#xD;
2019-08-12 18:17:46 - [MESSAGE][PASSED] - Taking screenshot successfully&#xD;
[[ATTACHMENT|D:\\Test\\AgileTest\\AgileTest\\Reports\\mobileWeb\\plan detail\\20190812_173746\\../Screenshots/iPhone X/Plan Detail/stm_pivot health deluxe/20190812_181626/18.png]]&#xD;
&#xD;
2019-08-12 18:17:46 - [TEST_STEP][PASSED] - (internal.GlobalVariable.i++): null&#xD;
&#xD;
2019-08-12 18:17:46 - [MESSAGE][PASSED] - Call Test Case 'Test Cases/mobileWeb/_include/get_screenshot' successfully&#xD;
&#xD;
2019-08-12 18:17:46 - [TEST_STEP][PASSED] - scrollToPosition(0, y): Browser is scrolled to position x = 0, y = 11400&#xD;
&#xD;
2019-08-12 18:17:46 - [MESSAGE][PASSED] - Browser is scrolled to position x = 0, y = 11400&#xD;
&#xD;
2019-08-12 18:17:46 - [TEST_STEP][PASSED] - Thread.sleep(3000): null&#xD;
&#xD;
2019-08-12 18:17:49 - [TEST_STEP][PASSED] - callTestCase(findTestCase("mobileWeb/_include/get_screenshot"), [:], STOP_ON_FAILURE): Call Test Case 'Test Cases/mobileWeb/_include/get_screenshot' successfully&#xD;
&#xD;
2019-08-12 18:17:49 - [TEST_CASE][PASSED] - Test Cases/mobileWeb/_include/get_screenshot: Test Cases/mobileWeb/_include/get_screenshot&#xD;
&#xD;
2019-08-12 18:17:49 - [TEST_STEP][PASSED] - takeScreenshot(screenPath + i + ".png"): Taking screenshot successfully&#xD;
&#xD;
2019-08-12 18:17:50 - [MESSAGE][PASSED] - Taking screenshot successfully&#xD;
[[ATTACHMENT|D:\\Test\\AgileTest\\AgileTest\\Reports\\mobileWeb\\plan detail\\20190812_173746\\../Screenshots/iPhone X/Plan Detail/stm_pivot health deluxe/20190812_181626/19.png]]&#xD;
&#xD;
2019-08-12 18:17:50 - [TEST_STEP][PASSED] - (internal.GlobalVariable.i++): null&#xD;
&#xD;
2019-08-12 18:17:50 - [MESSAGE][PASSED] - Call Test Case 'Test Cases/mobileWeb/_include/get_screenshot' successfully&#xD;
&#xD;
2019-08-12 18:17:50 - [TEST_STEP][PASSED] - scrollToPosition(0, y): Browser is scrolled to position x = 0, y = 12000&#xD;
&#xD;
2019-08-12 18:17:50 - [MESSAGE][PASSED] - Browser is scrolled to position x = 0, y = 12000&#xD;
&#xD;
2019-08-12 18:17:50 - [TEST_STEP][PASSED] - Thread.sleep(3000): null&#xD;
&#xD;
2019-08-12 18:17:53 - [TEST_STEP][PASSED] - callTestCase(findTestCase("mobileWeb/_include/get_screenshot"), [:], STOP_ON_FAILURE): Call Test Case 'Test Cases/mobileWeb/_include/get_screenshot' successfully&#xD;
&#xD;
2019-08-12 18:17:53 - [TEST_CASE][PASSED] - Test Cases/mobileWeb/_include/get_screenshot: Test Cases/mobileWeb/_include/get_screenshot&#xD;
&#xD;
2019-08-12 18:17:53 - [TEST_STEP][PASSED] - takeScreenshot(screenPath + i + ".png"): Taking screenshot successfully&#xD;
&#xD;
2019-08-12 18:17:53 - [MESSAGE][PASSED] - Taking screenshot successfully&#xD;
[[ATTACHMENT|D:\\Test\\AgileTest\\AgileTest\\Reports\\mobileWeb\\plan detail\\20190812_173746\\../Screenshots/iPhone X/Plan Detail/stm_pivot health deluxe/20190812_181626/20.png]]&#xD;
&#xD;
2019-08-12 18:17:53 - [TEST_STEP][PASSED] - (internal.GlobalVariable.i++): null&#xD;
&#xD;
2019-08-12 18:17:53 - [MESSAGE][PASSED] - Call Test Case 'Test Cases/mobileWeb/_include/get_screenshot' successfully&#xD;
&#xD;
2019-08-12 18:17:53 - [TEST_STEP][PASSED] - scrollToPosition(0, y): Browser is scrolled to position x = 0, y = 12600&#xD;
&#xD;
2019-08-12 18:17:53 - [MESSAGE][PASSED] - Browser is scrolled to position x = 0, y = 12600&#xD;
&#xD;
2019-08-12 18:17:53 - [TEST_STEP][PASSED] - Thread.sleep(3000): null&#xD;
&#xD;
2019-08-12 18:17:56 - [TEST_STEP][PASSED] - callTestCase(findTestCase("mobileWeb/_include/get_screenshot"), [:], STOP_ON_FAILURE): Call Test Case 'Test Cases/mobileWeb/_include/get_screenshot' successfully&#xD;
&#xD;
2019-08-12 18:17:57 - [TEST_CASE][PASSED] - Test Cases/mobileWeb/_include/get_screenshot: Test Cases/mobileWeb/_include/get_screenshot&#xD;
&#xD;
2019-08-12 18:17:57 - [TEST_STEP][PASSED] - takeScreenshot(screenPath + i + ".png"): Taking screenshot successfully&#xD;
&#xD;
2019-08-12 18:17:57 - [MESSAGE][PASSED] - Taking screenshot successfully&#xD;
[[ATTACHMENT|D:\\Test\\AgileTest\\AgileTest\\Reports\\mobileWeb\\plan detail\\20190812_173746\\../Screenshots/iPhone X/Plan Detail/stm_pivot health deluxe/20190812_181626/21.png]]&#xD;
&#xD;
2019-08-12 18:17:57 - [TEST_STEP][PASSED] - (internal.GlobalVariable.i++): null&#xD;
&#xD;
2019-08-12 18:17:57 - [MESSAGE][PASSED] - Call Test Case 'Test Cases/mobileWeb/_include/get_screenshot' successfully&#xD;
&#xD;
2019-08-12 18:17:57 - [TEST_STEP][PASSED] - scrollToPosition(0, y): Browser is scrolled to position x = 0, y = 13200&#xD;
&#xD;
2019-08-12 18:17:57 - [MESSAGE][PASSED] - Browser is scrolled to position x = 0, y = 13200&#xD;
&#xD;
2019-08-12 18:17:57 - [TEST_STEP][PASSED] - Thread.sleep(3000): null&#xD;
&#xD;
2019-08-12 18:18:00 - [TEST_STEP][PASSED] - callTestCase(findTestCase("mobileWeb/_include/get_screenshot"), [:], STOP_ON_FAILURE): Call Test Case 'Test Cases/mobileWeb/_include/get_screenshot' successfully&#xD;
&#xD;
2019-08-12 18:18:00 - [TEST_CASE][PASSED] - Test Cases/mobileWeb/_include/get_screenshot: Test Cases/mobileWeb/_include/get_screenshot&#xD;
&#xD;
2019-08-12 18:18:00 - [TEST_STEP][PASSED] - takeScreenshot(screenPath + i + ".png"): Taking screenshot successfully&#xD;
&#xD;
2019-08-12 18:18:01 - [MESSAGE][PASSED] - Taking screenshot successfully&#xD;
[[ATTACHMENT|D:\\Test\\AgileTest\\AgileTest\\Reports\\mobileWeb\\plan detail\\20190812_173746\\../Screenshots/iPhone X/Plan Detail/stm_pivot health deluxe/20190812_181626/22.png]]&#xD;
&#xD;
2019-08-12 18:18:01 - [TEST_STEP][PASSED] - (internal.GlobalVariable.i++): null&#xD;
&#xD;
2019-08-12 18:18:01 - [MESSAGE][PASSED] - Call Test Case 'Test Cases/mobileWeb/_include/get_screenshot' successfully&#xD;
&#xD;
2019-08-12 18:18:01 - [TEST_STEP][PASSED] - scrollToPosition(0, y): Browser is scrolled to position x = 0, y = 13800&#xD;
&#xD;
2019-08-12 18:18:01 - [MESSAGE][PASSED] - Browser is scrolled to position x = 0, y = 13800&#xD;
&#xD;
2019-08-12 18:18:01 - [TEST_STEP][PASSED] - Thread.sleep(3000): null&#xD;
&#xD;
2019-08-12 18:18:04 - [TEST_STEP][PASSED] - callTestCase(findTestCase("mobileWeb/_include/get_screenshot"), [:], STOP_ON_FAILURE): Call Test Case 'Test Cases/mobileWeb/_include/get_screenshot' successfully&#xD;
&#xD;
2019-08-12 18:18:04 - [TEST_CASE][PASSED] - Test Cases/mobileWeb/_include/get_screenshot: Test Cases/mobileWeb/_include/get_screenshot&#xD;
&#xD;
2019-08-12 18:18:04 - [TEST_STEP][PASSED] - takeScreenshot(screenPath + i + ".png"): Taking screenshot successfully&#xD;
&#xD;
2019-08-12 18:18:05 - [MESSAGE][PASSED] - Taking screenshot successfully&#xD;
[[ATTACHMENT|D:\\Test\\AgileTest\\AgileTest\\Reports\\mobileWeb\\plan detail\\20190812_173746\\../Screenshots/iPhone X/Plan Detail/stm_pivot health deluxe/20190812_181626/23.png]]&#xD;
&#xD;
2019-08-12 18:18:05 - [TEST_STEP][PASSED] - (internal.GlobalVariable.i++): null&#xD;
&#xD;
2019-08-12 18:18:05 - [MESSAGE][PASSED] - Call Test Case 'Test Cases/mobileWeb/_include/get_screenshot' successfully&#xD;
&#xD;
2019-08-12 18:18:05 - [TEST_STEP][PASSED] - scrollToPosition(0, y): Browser is scrolled to position x = 0, y = 14400&#xD;
&#xD;
2019-08-12 18:18:05 - [MESSAGE][PASSED] - Browser is scrolled to position x = 0, y = 14400&#xD;
&#xD;
2019-08-12 18:18:05 - [TEST_STEP][PASSED] - Thread.sleep(3000): null&#xD;
&#xD;
2019-08-12 18:18:08 - [TEST_STEP][PASSED] - callTestCase(findTestCase("mobileWeb/_include/get_screenshot"), [:], STOP_ON_FAILURE): Call Test Case 'Test Cases/mobileWeb/_include/get_screenshot' successfully&#xD;
&#xD;
2019-08-12 18:18:08 - [TEST_CASE][PASSED] - Test Cases/mobileWeb/_include/get_screenshot: Test Cases/mobileWeb/_include/get_screenshot&#xD;
&#xD;
2019-08-12 18:18:08 - [TEST_STEP][PASSED] - takeScreenshot(screenPath + i + ".png"): Taking screenshot successfully&#xD;
&#xD;
2019-08-12 18:18:09 - [MESSAGE][PASSED] - Taking screenshot successfully&#xD;
[[ATTACHMENT|D:\\Test\\AgileTest\\AgileTest\\Reports\\mobileWeb\\plan detail\\20190812_173746\\../Screenshots/iPhone X/Plan Detail/stm_pivot health deluxe/20190812_181626/24.png]]&#xD;
&#xD;
2019-08-12 18:18:09 - [TEST_STEP][PASSED] - (internal.GlobalVariable.i++): null&#xD;
&#xD;
2019-08-12 18:18:09 - [MESSAGE][PASSED] - Call Test Case 'Test Cases/mobileWeb/_include/get_screenshot' successfully&#xD;
&#xD;
2019-08-12 18:18:09 - [TEST_STEP][PASSED] - scrollToPosition(0, y): Browser is scrolled to position x = 0, y = 15000&#xD;
&#xD;
2019-08-12 18:18:09 - [MESSAGE][PASSED] - Browser is scrolled to position x = 0, y = 15000&#xD;
&#xD;
2019-08-12 18:18:09 - [TEST_STEP][PASSED] - Thread.sleep(3000): null&#xD;
&#xD;
2019-08-12 18:18:12 - [TEST_STEP][PASSED] - callTestCase(findTestCase("mobileWeb/_include/get_screenshot"), [:], STOP_ON_FAILURE): Call Test Case 'Test Cases/mobileWeb/_include/get_screenshot' successfully&#xD;
&#xD;
2019-08-12 18:18:12 - [TEST_CASE][PASSED] - Test Cases/mobileWeb/_include/get_screenshot: Test Cases/mobileWeb/_include/get_screenshot&#xD;
&#xD;
2019-08-12 18:18:12 - [TEST_STEP][PASSED] - takeScreenshot(screenPath + i + ".png"): Taking screenshot successfully&#xD;
&#xD;
2019-08-12 18:18:12 - [MESSAGE][PASSED] - Taking screenshot successfully&#xD;
[[ATTACHMENT|D:\\Test\\AgileTest\\AgileTest\\Reports\\mobileWeb\\plan detail\\20190812_173746\\../Screenshots/iPhone X/Plan Detail/stm_pivot health deluxe/20190812_181626/25.png]]&#xD;
&#xD;
2019-08-12 18:18:12 - [TEST_STEP][PASSED] - (internal.GlobalVariable.i++): null&#xD;
&#xD;
2019-08-12 18:18:12 - [MESSAGE][PASSED] - Call Test Case 'Test Cases/mobileWeb/_include/get_screenshot' successfully&#xD;
&#xD;
2019-08-12 18:18:12 - [TEST_STEP][PASSED] - scrollToPosition(0, y): Browser is scrolled to position x = 0, y = 15600&#xD;
&#xD;
2019-08-12 18:18:12 - [MESSAGE][PASSED] - Browser is scrolled to position x = 0, y = 15600&#xD;
&#xD;
2019-08-12 18:18:12 - [TEST_STEP][PASSED] - Thread.sleep(3000): null&#xD;
&#xD;
2019-08-12 18:18:15 - [TEST_STEP][PASSED] - callTestCase(findTestCase("mobileWeb/_include/get_screenshot"), [:], STOP_ON_FAILURE): Call Test Case 'Test Cases/mobileWeb/_include/get_screenshot' successfully&#xD;
&#xD;
2019-08-12 18:18:15 - [TEST_CASE][PASSED] - Test Cases/mobileWeb/_include/get_screenshot: Test Cases/mobileWeb/_include/get_screenshot&#xD;
&#xD;
2019-08-12 18:18:15 - [TEST_STEP][PASSED] - takeScreenshot(screenPath + i + ".png"): Taking screenshot successfully&#xD;
&#xD;
2019-08-12 18:18:16 - [MESSAGE][PASSED] - Taking screenshot successfully&#xD;
[[ATTACHMENT|D:\\Test\\AgileTest\\AgileTest\\Reports\\mobileWeb\\plan detail\\20190812_173746\\../Screenshots/iPhone X/Plan Detail/stm_pivot health deluxe/20190812_181626/26.png]]&#xD;
&#xD;
2019-08-12 18:18:16 - [TEST_STEP][PASSED] - (internal.GlobalVariable.i++): null&#xD;
&#xD;
2019-08-12 18:18:16 - [MESSAGE][PASSED] - Call Test Case 'Test Cases/mobileWeb/_include/get_screenshot' successfully&#xD;
&#xD;
2019-08-12 18:18:16 - [TEST_STEP][PASSED] - scrollToPosition(0, y): Browser is scrolled to position x = 0, y = 16200&#xD;
&#xD;
2019-08-12 18:18:16 - [MESSAGE][PASSED] - Browser is scrolled to position x = 0, y = 16200&#xD;
&#xD;
2019-08-12 18:18:16 - [TEST_STEP][PASSED] - Thread.sleep(3000): null&#xD;
&#xD;
2019-08-12 18:18:19 - [TEST_STEP][PASSED] - callTestCase(findTestCase("mobileWeb/_include/get_screenshot"), [:], STOP_ON_FAILURE): Call Test Case 'Test Cases/mobileWeb/_include/get_screenshot' successfully&#xD;
&#xD;
2019-08-12 18:18:19 - [TEST_CASE][PASSED] - Test Cases/mobileWeb/_include/get_screenshot: Test Cases/mobileWeb/_include/get_screenshot&#xD;
&#xD;
2019-08-12 18:18:19 - [TEST_STEP][PASSED] - takeScreenshot(screenPath + i + ".png"): Taking screenshot successfully&#xD;
&#xD;
2019-08-12 18:18:20 - [MESSAGE][PASSED] - Taking screenshot successfully&#xD;
[[ATTACHMENT|D:\\Test\\AgileTest\\AgileTest\\Reports\\mobileWeb\\plan detail\\20190812_173746\\../Screenshots/iPhone X/Plan Detail/stm_pivot health deluxe/20190812_181626/27.png]]&#xD;
&#xD;
2019-08-12 18:18:20 - [TEST_STEP][PASSED] - (internal.GlobalVariable.i++): null&#xD;
&#xD;
2019-08-12 18:18:20 - [MESSAGE][PASSED] - Call Test Case 'Test Cases/mobileWeb/_include/get_screenshot' successfully&#xD;
&#xD;
2019-08-12 18:18:20 - [TEST_STEP][PASSED] - scrollToPosition(0, y): Browser is scrolled to position x = 0, y = 16800&#xD;
&#xD;
2019-08-12 18:18:20 - [MESSAGE][PASSED] - Browser is scrolled to position x = 0, y = 16800&#xD;
&#xD;
2019-08-12 18:18:20 - [TEST_STEP][PASSED] - Thread.sleep(3000): null&#xD;
&#xD;
2019-08-12 18:18:23 - [TEST_STEP][PASSED] - callTestCase(findTestCase("mobileWeb/_include/get_screenshot"), [:], STOP_ON_FAILURE): Call Test Case 'Test Cases/mobileWeb/_include/get_screenshot' successfully&#xD;
&#xD;
2019-08-12 18:18:23 - [TEST_CASE][PASSED] - Test Cases/mobileWeb/_include/get_screenshot: Test Cases/mobileWeb/_include/get_screenshot&#xD;
&#xD;
2019-08-12 18:18:23 - [TEST_STEP][PASSED] - takeScreenshot(screenPath + i + ".png"): Taking screenshot successfully&#xD;
&#xD;
2019-08-12 18:18:24 - [MESSAGE][PASSED] - Taking screenshot successfully&#xD;
[[ATTACHMENT|D:\\Test\\AgileTest\\AgileTest\\Reports\\mobileWeb\\plan detail\\20190812_173746\\../Screenshots/iPhone X/Plan Detail/stm_pivot health deluxe/20190812_181626/28.png]]&#xD;
&#xD;
2019-08-12 18:18:24 - [TEST_STEP][PASSED] - (internal.GlobalVariable.i++): null&#xD;
&#xD;
2019-08-12 18:18:24 - [MESSAGE][PASSED] - Call Test Case 'Test Cases/mobileWeb/_include/get_screenshot' successfully&#xD;
&#xD;
2019-08-12 18:18:24 - [TEST_STEP][PASSED] - scrollToPosition(0, y): Browser is scrolled to position x = 0, y = 17400&#xD;
&#xD;
2019-08-12 18:18:24 - [MESSAGE][PASSED] - Browser is scrolled to position x = 0, y = 17400&#xD;
&#xD;
2019-08-12 18:18:24 - [TEST_STEP][PASSED] - Thread.sleep(3000): null&#xD;
&#xD;
2019-08-12 18:18:27 - [TEST_STEP][PASSED] - callTestCase(findTestCase("mobileWeb/_include/get_screenshot"), [:], STOP_ON_FAILURE): Call Test Case 'Test Cases/mobileWeb/_include/get_screenshot' successfully&#xD;
&#xD;
2019-08-12 18:18:27 - [TEST_CASE][PASSED] - Test Cases/mobileWeb/_include/get_screenshot: Test Cases/mobileWeb/_include/get_screenshot&#xD;
&#xD;
2019-08-12 18:18:27 - [TEST_STEP][PASSED] - takeScreenshot(screenPath + i + ".png"): Taking screenshot successfully&#xD;
&#xD;
2019-08-12 18:18:28 - [MESSAGE][PASSED] - Taking screenshot successfully&#xD;
[[ATTACHMENT|D:\\Test\\AgileTest\\AgileTest\\Reports\\mobileWeb\\plan detail\\20190812_173746\\../Screenshots/iPhone X/Plan Detail/stm_pivot health deluxe/20190812_181626/29.png]]&#xD;
&#xD;
2019-08-12 18:18:28 - [TEST_STEP][PASSED] - (internal.GlobalVariable.i++): null&#xD;
&#xD;
2019-08-12 18:18:28 - [MESSAGE][PASSED] - Call Test Case 'Test Cases/mobileWeb/_include/get_screenshot' successfully&#xD;
&#xD;
2019-08-12 18:18:28 - [TEST_STEP][PASSED] - scrollToPosition(0, y): Browser is scrolled to position x = 0, y = 18000&#xD;
&#xD;
2019-08-12 18:18:28 - [MESSAGE][PASSED] - Browser is scrolled to position x = 0, y = 18000&#xD;
&#xD;
2019-08-12 18:18:28 - [TEST_STEP][PASSED] - Thread.sleep(3000): null&#xD;
&#xD;
2019-08-12 18:18:31 - [TEST_STEP][PASSED] - callTestCase(findTestCase("mobileWeb/_include/get_screenshot"), [:], STOP_ON_FAILURE): Call Test Case 'Test Cases/mobileWeb/_include/get_screenshot' successfully&#xD;
&#xD;
2019-08-12 18:18:31 - [TEST_CASE][PASSED] - Test Cases/mobileWeb/_include/get_screenshot: Test Cases/mobileWeb/_include/get_screenshot&#xD;
&#xD;
2019-08-12 18:18:31 - [TEST_STEP][PASSED] - takeScreenshot(screenPath + i + ".png"): Taking screenshot successfully&#xD;
&#xD;
2019-08-12 18:18:31 - [MESSAGE][PASSED] - Taking screenshot successfully&#xD;
[[ATTACHMENT|D:\\Test\\AgileTest\\AgileTest\\Reports\\mobileWeb\\plan detail\\20190812_173746\\../Screenshots/iPhone X/Plan Detail/stm_pivot health deluxe/20190812_181626/30.png]]&#xD;
&#xD;
2019-08-12 18:18:31 - [TEST_STEP][PASSED] - (internal.GlobalVariable.i++): null&#xD;
&#xD;
2019-08-12 18:18:31 - [MESSAGE][PASSED] - Call Test Case 'Test Cases/mobileWeb/_include/get_screenshot' successfully&#xD;
&#xD;
2019-08-12 18:18:31 - [TEST_STEP][PASSED] - scrollToPosition(0, y): Browser is scrolled to position x = 0, y = 18600&#xD;
&#xD;
2019-08-12 18:18:31 - [MESSAGE][PASSED] - Browser is scrolled to position x = 0, y = 18600&#xD;
&#xD;
2019-08-12 18:18:31 - [TEST_STEP][PASSED] - Thread.sleep(3000): null&#xD;
&#xD;
2019-08-12 18:18:34 - [TEST_STEP][PASSED] - callTestCase(findTestCase("mobileWeb/_include/get_screenshot"), [:], STOP_ON_FAILURE): Call Test Case 'Test Cases/mobileWeb/_include/get_screenshot' successfully&#xD;
&#xD;
2019-08-12 18:18:34 - [TEST_CASE][PASSED] - Test Cases/mobileWeb/_include/get_screenshot: Test Cases/mobileWeb/_include/get_screenshot&#xD;
&#xD;
2019-08-12 18:18:35 - [TEST_STEP][PASSED] - takeScreenshot(screenPath + i + ".png"): Taking screenshot successfully&#xD;
&#xD;
2019-08-12 18:18:35 - [MESSAGE][PASSED] - Taking screenshot successfully&#xD;
[[ATTACHMENT|D:\\Test\\AgileTest\\AgileTest\\Reports\\mobileWeb\\plan detail\\20190812_173746\\../Screenshots/iPhone X/Plan Detail/stm_pivot health deluxe/20190812_181626/31.png]]&#xD;
&#xD;
2019-08-12 18:18:35 - [TEST_STEP][PASSED] - (internal.GlobalVariable.i++): null&#xD;
&#xD;
2019-08-12 18:18:35 - [MESSAGE][PASSED] - Call Test Case 'Test Cases/mobileWeb/_include/get_screenshot' successfully&#xD;
&#xD;
2019-08-12 18:18:35 - [TEST_STEP][PASSED] - scrollToPosition(0, y): Browser is scrolled to position x = 0, y = 19200&#xD;
&#xD;
2019-08-12 18:18:35 - [MESSAGE][PASSED] - Browser is scrolled to position x = 0, y = 19200&#xD;
&#xD;
2019-08-12 18:18:35 - [TEST_STEP][PASSED] - Thread.sleep(3000): null&#xD;
&#xD;
2019-08-12 18:18:38 - [TEST_STEP][PASSED] - callTestCase(findTestCase("mobileWeb/_include/get_screenshot"), [:], STOP_ON_FAILURE): Call Test Case 'Test Cases/mobileWeb/_include/get_screenshot' successfully&#xD;
&#xD;
2019-08-12 18:18:38 - [TEST_CASE][PASSED] - Test Cases/mobileWeb/_include/get_screenshot: Test Cases/mobileWeb/_include/get_screenshot&#xD;
&#xD;
2019-08-12 18:18:38 - [TEST_STEP][PASSED] - takeScreenshot(screenPath + i + ".png"): Taking screenshot successfully&#xD;
&#xD;
2019-08-12 18:18:39 - [MESSAGE][PASSED] - Taking screenshot successfully&#xD;
[[ATTACHMENT|D:\\Test\\AgileTest\\AgileTest\\Reports\\mobileWeb\\plan detail\\20190812_173746\\../Screenshots/iPhone X/Plan Detail/stm_pivot health deluxe/20190812_181626/32.png]]&#xD;
&#xD;
2019-08-12 18:18:39 - [TEST_STEP][PASSED] - (internal.GlobalVariable.i++): null&#xD;
&#xD;
2019-08-12 18:18:39 - [MESSAGE][PASSED] - Call Test Case 'Test Cases/mobileWeb/_include/get_screenshot' successfully&#xD;
&#xD;
2019-08-12 18:18:39 - [TEST_STEP][PASSED] - scrollToPosition(0, y): Browser is scrolled to position x = 0, y = 19800&#xD;
&#xD;
2019-08-12 18:18:39 - [MESSAGE][PASSED] - Browser is scrolled to position x = 0, y = 19800&#xD;
&#xD;
2019-08-12 18:18:39 - [TEST_STEP][PASSED] - Thread.sleep(3000): null&#xD;
&#xD;
2019-08-12 18:18:42 - [TEST_STEP][PASSED] - callTestCase(findTestCase("mobileWeb/_include/get_screenshot"), [:], STOP_ON_FAILURE): Call Test Case 'Test Cases/mobileWeb/_include/get_screenshot' successfully&#xD;
&#xD;
2019-08-12 18:18:42 - [TEST_CASE][PASSED] - Test Cases/mobileWeb/_include/get_screenshot: Test Cases/mobileWeb/_include/get_screenshot&#xD;
&#xD;
2019-08-12 18:18:42 - [TEST_STEP][PASSED] - takeScreenshot(screenPath + i + ".png"): Taking screenshot successfully&#xD;
&#xD;
2019-08-12 18:18:43 - [MESSAGE][PASSED] - Taking screenshot successfully&#xD;
[[ATTACHMENT|D:\\Test\\AgileTest\\AgileTest\\Reports\\mobileWeb\\plan detail\\20190812_173746\\../Screenshots/iPhone X/Plan Detail/stm_pivot health deluxe/20190812_181626/33.png]]&#xD;
&#xD;
2019-08-12 18:18:43 - [TEST_STEP][PASSED] - (internal.GlobalVariable.i++): null&#xD;
&#xD;
2019-08-12 18:18:43 - [MESSAGE][PASSED] - Call Test Case 'Test Cases/mobileWeb/_include/get_screenshot' successfully&#xD;
&#xD;
2019-08-12 18:18:43 - [TEST_STEP][PASSED] - scrollToPosition(0, y): Browser is scrolled to position x = 0, y = 20400&#xD;
&#xD;
2019-08-12 18:18:43 - [MESSAGE][PASSED] - Browser is scrolled to position x = 0, y = 20400&#xD;
&#xD;
2019-08-12 18:18:43 - [TEST_STEP][PASSED] - Thread.sleep(3000): null&#xD;
&#xD;
2019-08-12 18:18:46 - [TEST_STEP][PASSED] - callTestCase(findTestCase("mobileWeb/_include/get_screenshot"), [:], STOP_ON_FAILURE): Call Test Case 'Test Cases/mobileWeb/_include/get_screenshot' successfully&#xD;
&#xD;
2019-08-12 18:18:46 - [TEST_CASE][PASSED] - Test Cases/mobileWeb/_include/get_screenshot: Test Cases/mobileWeb/_include/get_screenshot&#xD;
&#xD;
2019-08-12 18:18:46 - [TEST_STEP][PASSED] - takeScreenshot(screenPath + i + ".png"): Taking screenshot successfully&#xD;
&#xD;
2019-08-12 18:18:47 - [MESSAGE][PASSED] - Taking screenshot successfully&#xD;
[[ATTACHMENT|D:\\Test\\AgileTest\\AgileTest\\Reports\\mobileWeb\\plan detail\\20190812_173746\\../Screenshots/iPhone X/Plan Detail/stm_pivot health deluxe/20190812_181626/34.png]]&#xD;
&#xD;
2019-08-12 18:18:47 - [TEST_STEP][PASSED] - (internal.GlobalVariable.i++): null&#xD;
&#xD;
2019-08-12 18:18:47 - [MESSAGE][PASSED] - Call Test Case 'Test Cases/mobileWeb/_include/get_screenshot' successfully&#xD;
&#xD;
2019-08-12 18:18:47 - [TEST_STEP][PASSED] - scrollToPosition(0, y): Browser is scrolled to position x = 0, y = 21000&#xD;
&#xD;
2019-08-12 18:18:47 - [MESSAGE][PASSED] - Browser is scrolled to position x = 0, y = 21000&#xD;
&#xD;
2019-08-12 18:18:47 - [TEST_STEP][PASSED] - Thread.sleep(3000): null&#xD;
&#xD;
2019-08-12 18:18:50 - [TEST_STEP][PASSED] - callTestCase(findTestCase("mobileWeb/_include/get_screenshot"), [:], STOP_ON_FAILURE): Call Test Case 'Test Cases/mobileWeb/_include/get_screenshot' successfully&#xD;
&#xD;
2019-08-12 18:18:50 - [TEST_CASE][PASSED] - Test Cases/mobileWeb/_include/get_screenshot: Test Cases/mobileWeb/_include/get_screenshot&#xD;
&#xD;
2019-08-12 18:18:50 - [TEST_STEP][PASSED] - takeScreenshot(screenPath + i + ".png"): Taking screenshot successfully&#xD;
&#xD;
2019-08-12 18:18:50 - [MESSAGE][PASSED] - Taking screenshot successfully&#xD;
[[ATTACHMENT|D:\\Test\\AgileTest\\AgileTest\\Reports\\mobileWeb\\plan detail\\20190812_173746\\../Screenshots/iPhone X/Plan Detail/stm_pivot health deluxe/20190812_181626/35.png]]&#xD;
&#xD;
2019-08-12 18:18:50 - [TEST_STEP][PASSED] - (internal.GlobalVariable.i++): null&#xD;
&#xD;
2019-08-12 18:18:50 - [MESSAGE][PASSED] - Call Test Case 'Test Cases/mobileWeb/_include/get_screenshot' successfully&#xD;
&#xD;
2019-08-12 18:18:50 - [TEST_STEP][PASSED] - scrollToPosition(0, y): Browser is scrolled to position x = 0, y = 21600&#xD;
&#xD;
2019-08-12 18:18:50 - [MESSAGE][PASSED] - Browser is scrolled to position x = 0, y = 21600&#xD;
&#xD;
2019-08-12 18:18:50 - [TEST_STEP][PASSED] - Thread.sleep(3000): null&#xD;
&#xD;
2019-08-12 18:18:53 - [MESSAGE][PASSED] - Call Test Case 'Test Cases/mobileWeb/_include/get_scrollScreenshot' successfully</system-out>
            <system-err></system-err>
        </testcase>
        <testcase name="Test Cases/mobileWeb/Other Pages Check/Plan Detail/stm/standard life" classname="Test Cases/mobileWeb/Other Pages Check/Plan Detail/stm/standard life" status="PASSED">
            <system-out>2019-08-12 18:18:53 - [TEST_CASE][PASSED] - Test Cases/mobileWeb/Other Pages Check/Plan Detail/stm/standard life: Test Cases/mobileWeb/Other Pages Check/Plan Detail/stm/standard life&#xD;
&#xD;
2019-08-12 18:18:53 - [TEST_STEP][PASSED] - callTestCase(findTestCase("mobileWeb/_include/get_screenPath"), ["productLine":"Plan Detail", "carrierName":"stm_standard life"], CONTINUE_ON_FAILURE): Call Test Case 'Test Cases/mobileWeb/_include/get_screenPath' successfully&#xD;
&#xD;
2019-08-12 18:18:54 - [TEST_CASE][PASSED] - Test Cases/mobileWeb/_include/get_screenPath: Test Cases/mobileWeb/_include/get_screenPath&#xD;
&#xD;
2019-08-12 18:18:54 - [TEST_STEP][PASSED] - m = getExecutionProperties(): null&#xD;
&#xD;
2019-08-12 18:18:54 - [TEST_STEP][PASSED] - deviceName = get("mobileEmulation").get("deviceName"): null&#xD;
&#xD;
2019-08-12 18:18:54 - [TEST_STEP][PASSED] - println(deviceName): null&#xD;
&#xD;
2019-08-12 18:18:54 - [TEST_STEP][PASSED] - now = new java.util.Date(): null&#xD;
&#xD;
2019-08-12 18:18:54 - [TEST_STEP][PASSED] - mydate = now.format("yyyyMMdd_HHmmss"): null&#xD;
&#xD;
2019-08-12 18:18:54 - [TEST_STEP][PASSED] - screenPath = "../Screenshots/": null&#xD;
&#xD;
2019-08-12 18:18:54 - [TEST_STEP][PASSED] - screenPath = screenPath + deviceName + "/" + productLine + "/" + carrierName + "/" + mydate + "/": null&#xD;
&#xD;
2019-08-12 18:18:54 - [TEST_STEP][PASSED] - println(screenPath): null&#xD;
&#xD;
2019-08-12 18:18:54 - [MESSAGE][PASSED] - Call Test Case 'Test Cases/mobileWeb/_include/get_screenPath' successfully&#xD;
&#xD;
2019-08-12 18:18:54 - [TEST_STEP][PASSED] - i = 0: null&#xD;
&#xD;
2019-08-12 18:18:54 - [TEST_STEP][PASSED] - openBrowser("https://praetemptatus.agilehealthinsurance.com/term-health-insurance/plan/slaico-az-plan-2-10000-30-20000-1000000-extended?census[location][zip]=85364&amp;census[member][0][dob]=1/1/1980&amp;census[member][0][gender]=F&amp;census[member][0][role]=P"): Browser is opened with url: 'https://praetemptatus.agilehealthinsurance.com/term-health-insurance/plan/slaico-az-plan-2-10000-30-20000-1000000-extended?census[location][zip]=85364&amp;census[member][0][dob]=1/1/1980&amp;census[member][0][gender]=F&amp;census[member][0][role]=P'&#xD;
&#xD;
2019-08-12 18:18:54 - [MESSAGE][WARNING] - A browser is already opened. Closing browser and opening a new one&#xD;
&#xD;
2019-08-12 18:18:54 - [MESSAGE][INFO] - Starting 'Chrome' driver&#xD;
&#xD;
2019-08-12 18:18:54 - [MESSAGE][INFO] - User set preference: ['mobileEmulation', '{deviceName=iPhone X}']&#xD;
&#xD;
2019-08-12 18:18:54 - [MESSAGE][INFO] - User set preference: ['args', '[--incognito, --aggressive-cache-discard, --no-sandbox, --window-size=375,812]']&#xD;
&#xD;
2019-08-12 18:19:04 - [MESSAGE][PASSED] - Browser is opened with url: 'https://praetemptatus.agilehealthinsurance.com/term-health-insurance/plan/slaico-az-plan-2-10000-30-20000-1000000-extended?census[location][zip]=85364&amp;census[member][0][dob]=1/1/1980&amp;census[member][0][gender]=F&amp;census[member][0][role]=P'&#xD;
&#xD;
2019-08-12 18:19:04 - [TEST_STEP][PASSED] - waitForPageLoad(20): Wait for page load successfully&#xD;
&#xD;
2019-08-12 18:19:04 - [MESSAGE][PASSED] - Wait for page load successfully&#xD;
&#xD;
2019-08-12 18:19:04 - [TEST_STEP][PASSED] - callTestCase(findTestCase("mobileWeb/_include/get_scrollScreenshot"), [:], STOP_ON_FAILURE): Call Test Case 'Test Cases/mobileWeb/_include/get_scrollScreenshot' successfully&#xD;
&#xD;
2019-08-12 18:19:04 - [TEST_CASE][PASSED] - Test Cases/mobileWeb/_include/get_scrollScreenshot: Test Cases/mobileWeb/_include/get_scrollScreenshot&#xD;
&#xD;
2019-08-12 18:19:04 - [TEST_STEP][PASSED] - pageHeight = getPageHeight(): Current page's height is 28132&#xD;
&#xD;
2019-08-12 18:19:04 - [MESSAGE][PASSED] - Current page's height is 28132&#xD;
&#xD;
2019-08-12 18:19:04 - [TEST_STEP][PASSED] - for ([y = 600, y &lt; pageHeight, y = y + 600]): null&#xD;
&#xD;
2019-08-12 18:19:04 - [TEST_STEP][PASSED] - callTestCase(findTestCase("mobileWeb/_include/get_screenshot"), [:], STOP_ON_FAILURE): Call Test Case 'Test Cases/mobileWeb/_include/get_screenshot' successfully&#xD;
&#xD;
2019-08-12 18:19:04 - [TEST_CASE][PASSED] - Test Cases/mobileWeb/_include/get_screenshot: Test Cases/mobileWeb/_include/get_screenshot&#xD;
&#xD;
2019-08-12 18:19:04 - [TEST_STEP][PASSED] - takeScreenshot(screenPath + i + ".png"): Taking screenshot successfully&#xD;
&#xD;
2019-08-12 18:19:05 - [MESSAGE][PASSED] - Taking screenshot successfully&#xD;
[[ATTACHMENT|D:\\Test\\AgileTest\\AgileTest\\Reports\\mobileWeb\\plan detail\\20190812_173746\\../Screenshots/iPhone X/Plan Detail/stm_standard life/20190812_181854/0.png]]&#xD;
&#xD;
2019-08-12 18:19:05 - [TEST_STEP][PASSED] - (internal.GlobalVariable.i++): null&#xD;
&#xD;
2019-08-12 18:19:05 - [MESSAGE][PASSED] - Call Test Case 'Test Cases/mobileWeb/_include/get_screenshot' successfully&#xD;
&#xD;
2019-08-12 18:19:05 - [TEST_STEP][PASSED] - scrollToPosition(0, y): Browser is scrolled to position x = 0, y = 600&#xD;
&#xD;
2019-08-12 18:19:05 - [MESSAGE][PASSED] - Browser is scrolled to position x = 0, y = 600&#xD;
&#xD;
2019-08-12 18:19:05 - [TEST_STEP][PASSED] - Thread.sleep(3000): null&#xD;
&#xD;
2019-08-12 18:19:08 - [TEST_STEP][PASSED] - callTestCase(findTestCase("mobileWeb/_include/get_screenshot"), [:], STOP_ON_FAILURE): Call Test Case 'Test Cases/mobileWeb/_include/get_screenshot' successfully&#xD;
&#xD;
2019-08-12 18:19:08 - [TEST_CASE][PASSED] - Test Cases/mobileWeb/_include/get_screenshot: Test Cases/mobileWeb/_include/get_screenshot&#xD;
&#xD;
2019-08-12 18:19:08 - [TEST_STEP][PASSED] - takeScreenshot(screenPath + i + ".png"): Taking screenshot successfully&#xD;
&#xD;
2019-08-12 18:19:09 - [MESSAGE][PASSED] - Taking screenshot successfully&#xD;
[[ATTACHMENT|D:\\Test\\AgileTest\\AgileTest\\Reports\\mobileWeb\\plan detail\\20190812_173746\\../Screenshots/iPhone X/Plan Detail/stm_standard life/20190812_181854/1.png]]&#xD;
&#xD;
2019-08-12 18:19:09 - [TEST_STEP][PASSED] - (internal.GlobalVariable.i++): null&#xD;
&#xD;
2019-08-12 18:19:09 - [MESSAGE][PASSED] - Call Test Case 'Test Cases/mobileWeb/_include/get_screenshot' successfully&#xD;
&#xD;
2019-08-12 18:19:09 - [TEST_STEP][PASSED] - scrollToPosition(0, y): Browser is scrolled to position x = 0, y = 1200&#xD;
&#xD;
2019-08-12 18:19:09 - [MESSAGE][PASSED] - Browser is scrolled to position x = 0, y = 1200&#xD;
&#xD;
2019-08-12 18:19:09 - [TEST_STEP][PASSED] - Thread.sleep(3000): null&#xD;
&#xD;
2019-08-12 18:19:12 - [TEST_STEP][PASSED] - callTestCase(findTestCase("mobileWeb/_include/get_screenshot"), [:], STOP_ON_FAILURE): Call Test Case 'Test Cases/mobileWeb/_include/get_screenshot' successfully&#xD;
&#xD;
2019-08-12 18:19:12 - [TEST_CASE][PASSED] - Test Cases/mobileWeb/_include/get_screenshot: Test Cases/mobileWeb/_include/get_screenshot&#xD;
&#xD;
2019-08-12 18:19:12 - [TEST_STEP][PASSED] - takeScreenshot(screenPath + i + ".png"): Taking screenshot successfully&#xD;
&#xD;
2019-08-12 18:19:13 - [MESSAGE][PASSED] - Taking screenshot successfully&#xD;
[[ATTACHMENT|D:\\Test\\AgileTest\\AgileTest\\Reports\\mobileWeb\\plan detail\\20190812_173746\\../Screenshots/iPhone X/Plan Detail/stm_standard life/20190812_181854/2.png]]&#xD;
&#xD;
2019-08-12 18:19:13 - [TEST_STEP][PASSED] - (internal.GlobalVariable.i++): null&#xD;
&#xD;
2019-08-12 18:19:13 - [MESSAGE][PASSED] - Call Test Case 'Test Cases/mobileWeb/_include/get_screenshot' successfully&#xD;
&#xD;
2019-08-12 18:19:13 - [TEST_STEP][PASSED] - scrollToPosition(0, y): Browser is scrolled to position x = 0, y = 1800&#xD;
&#xD;
2019-08-12 18:19:13 - [MESSAGE][PASSED] - Browser is scrolled to position x = 0, y = 1800&#xD;
&#xD;
2019-08-12 18:19:13 - [TEST_STEP][PASSED] - Thread.sleep(3000): null&#xD;
&#xD;
2019-08-12 18:19:16 - [TEST_STEP][PASSED] - callTestCase(findTestCase("mobileWeb/_include/get_screenshot"), [:], STOP_ON_FAILURE): Call Test Case 'Test Cases/mobileWeb/_include/get_screenshot' successfully&#xD;
&#xD;
2019-08-12 18:19:16 - [TEST_CASE][PASSED] - Test Cases/mobileWeb/_include/get_screenshot: Test Cases/mobileWeb/_include/get_screenshot&#xD;
&#xD;
2019-08-12 18:19:16 - [TEST_STEP][PASSED] - takeScreenshot(screenPath + i + ".png"): Taking screenshot successfully&#xD;
&#xD;
2019-08-12 18:19:17 - [MESSAGE][PASSED] - Taking screenshot successfully&#xD;
[[ATTACHMENT|D:\\Test\\AgileTest\\AgileTest\\Reports\\mobileWeb\\plan detail\\20190812_173746\\../Screenshots/iPhone X/Plan Detail/stm_standard life/20190812_181854/3.png]]&#xD;
&#xD;
2019-08-12 18:19:17 - [TEST_STEP][PASSED] - (internal.GlobalVariable.i++): null&#xD;
&#xD;
2019-08-12 18:19:17 - [MESSAGE][PASSED] - Call Test Case 'Test Cases/mobileWeb/_include/get_screenshot' successfully&#xD;
&#xD;
2019-08-12 18:19:17 - [TEST_STEP][PASSED] - scrollToPosition(0, y): Browser is scrolled to position x = 0, y = 2400&#xD;
&#xD;
2019-08-12 18:19:17 - [MESSAGE][PASSED] - Browser is scrolled to position x = 0, y = 2400&#xD;
&#xD;
2019-08-12 18:19:17 - [TEST_STEP][PASSED] - Thread.sleep(3000): null&#xD;
&#xD;
2019-08-12 18:19:20 - [TEST_STEP][PASSED] - callTestCase(findTestCase("mobileWeb/_include/get_screenshot"), [:], STOP_ON_FAILURE): Call Test Case 'Test Cases/mobileWeb/_include/get_screenshot' successfully&#xD;
&#xD;
2019-08-12 18:19:20 - [TEST_CASE][PASSED] - Test Cases/mobileWeb/_include/get_screenshot: Test Cases/mobileWeb/_include/get_screenshot&#xD;
&#xD;
2019-08-12 18:19:20 - [TEST_STEP][PASSED] - takeScreenshot(screenPath + i + ".png"): Taking screenshot successfully&#xD;
&#xD;
2019-08-12 18:19:21 - [MESSAGE][PASSED] - Taking screenshot successfully&#xD;
[[ATTACHMENT|D:\\Test\\AgileTest\\AgileTest\\Reports\\mobileWeb\\plan detail\\20190812_173746\\../Screenshots/iPhone X/Plan Detail/stm_standard life/20190812_181854/4.png]]&#xD;
&#xD;
2019-08-12 18:19:21 - [TEST_STEP][PASSED] - (internal.GlobalVariable.i++): null&#xD;
&#xD;
2019-08-12 18:19:21 - [MESSAGE][PASSED] - Call Test Case 'Test Cases/mobileWeb/_include/get_screenshot' successfully&#xD;
&#xD;
2019-08-12 18:19:21 - [TEST_STEP][PASSED] - scrollToPosition(0, y): Browser is scrolled to position x = 0, y = 3000&#xD;
&#xD;
2019-08-12 18:19:21 - [MESSAGE][PASSED] - Browser is scrolled to position x = 0, y = 3000&#xD;
&#xD;
2019-08-12 18:19:21 - [TEST_STEP][PASSED] - Thread.sleep(3000): null&#xD;
&#xD;
2019-08-12 18:19:24 - [TEST_STEP][PASSED] - callTestCase(findTestCase("mobileWeb/_include/get_screenshot"), [:], STOP_ON_FAILURE): Call Test Case 'Test Cases/mobileWeb/_include/get_screenshot' successfully&#xD;
&#xD;
2019-08-12 18:19:24 - [TEST_CASE][PASSED] - Test Cases/mobileWeb/_include/get_screenshot: Test Cases/mobileWeb/_include/get_screenshot&#xD;
&#xD;
2019-08-12 18:19:24 - [TEST_STEP][PASSED] - takeScreenshot(screenPath + i + ".png"): Taking screenshot successfully&#xD;
&#xD;
2019-08-12 18:19:24 - [MESSAGE][PASSED] - Taking screenshot successfully&#xD;
[[ATTACHMENT|D:\\Test\\AgileTest\\AgileTest\\Reports\\mobileWeb\\plan detail\\20190812_173746\\../Screenshots/iPhone X/Plan Detail/stm_standard life/20190812_181854/5.png]]&#xD;
&#xD;
2019-08-12 18:19:24 - [TEST_STEP][PASSED] - (internal.GlobalVariable.i++): null&#xD;
&#xD;
2019-08-12 18:19:24 - [MESSAGE][PASSED] - Call Test Case 'Test Cases/mobileWeb/_include/get_screenshot' successfully&#xD;
&#xD;
2019-08-12 18:19:24 - [TEST_STEP][PASSED] - scrollToPosition(0, y): Browser is scrolled to position x = 0, y = 3600&#xD;
&#xD;
2019-08-12 18:19:24 - [MESSAGE][PASSED] - Browser is scrolled to position x = 0, y = 3600&#xD;
&#xD;
2019-08-12 18:19:24 - [TEST_STEP][PASSED] - Thread.sleep(3000): null&#xD;
&#xD;
2019-08-12 18:19:27 - [TEST_STEP][PASSED] - callTestCase(findTestCase("mobileWeb/_include/get_screenshot"), [:], STOP_ON_FAILURE): Call Test Case 'Test Cases/mobileWeb/_include/get_screenshot' successfully&#xD;
&#xD;
2019-08-12 18:19:27 - [TEST_CASE][PASSED] - Test Cases/mobileWeb/_include/get_screenshot: Test Cases/mobileWeb/_include/get_screenshot&#xD;
&#xD;
2019-08-12 18:19:27 - [TEST_STEP][PASSED] - takeScreenshot(screenPath + i + ".png"): Taking screenshot successfully&#xD;
&#xD;
2019-08-12 18:19:28 - [MESSAGE][PASSED] - Taking screenshot successfully&#xD;
[[ATTACHMENT|D:\\Test\\AgileTest\\AgileTest\\Reports\\mobileWeb\\plan detail\\20190812_173746\\../Screenshots/iPhone X/Plan Detail/stm_standard life/20190812_181854/6.png]]&#xD;
&#xD;
2019-08-12 18:19:28 - [TEST_STEP][PASSED] - (internal.GlobalVariable.i++): null&#xD;
&#xD;
2019-08-12 18:19:28 - [MESSAGE][PASSED] - Call Test Case 'Test Cases/mobileWeb/_include/get_screenshot' successfully&#xD;
&#xD;
2019-08-12 18:19:28 - [TEST_STEP][PASSED] - scrollToPosition(0, y): Browser is scrolled to position x = 0, y = 4200&#xD;
&#xD;
2019-08-12 18:19:28 - [MESSAGE][PASSED] - Browser is scrolled to position x = 0, y = 4200&#xD;
&#xD;
2019-08-12 18:19:28 - [TEST_STEP][PASSED] - Thread.sleep(3000): null&#xD;
&#xD;
2019-08-12 18:19:31 - [TEST_STEP][PASSED] - callTestCase(findTestCase("mobileWeb/_include/get_screenshot"), [:], STOP_ON_FAILURE): Call Test Case 'Test Cases/mobileWeb/_include/get_screenshot' successfully&#xD;
&#xD;
2019-08-12 18:19:31 - [TEST_CASE][PASSED] - Test Cases/mobileWeb/_include/get_screenshot: Test Cases/mobileWeb/_include/get_screenshot&#xD;
&#xD;
2019-08-12 18:19:31 - [TEST_STEP][PASSED] - takeScreenshot(screenPath + i + ".png"): Taking screenshot successfully&#xD;
&#xD;
2019-08-12 18:19:32 - [MESSAGE][PASSED] - Taking screenshot successfully&#xD;
[[ATTACHMENT|D:\\Test\\AgileTest\\AgileTest\\Reports\\mobileWeb\\plan detail\\20190812_173746\\../Screenshots/iPhone X/Plan Detail/stm_standard life/20190812_181854/7.png]]&#xD;
&#xD;
2019-08-12 18:19:32 - [TEST_STEP][PASSED] - (internal.GlobalVariable.i++): null&#xD;
&#xD;
2019-08-12 18:19:32 - [MESSAGE][PASSED] - Call Test Case 'Test Cases/mobileWeb/_include/get_screenshot' successfully&#xD;
&#xD;
2019-08-12 18:19:32 - [TEST_STEP][PASSED] - scrollToPosition(0, y): Browser is scrolled to position x = 0, y = 4800&#xD;
&#xD;
2019-08-12 18:19:32 - [MESSAGE][PASSED] - Browser is scrolled to position x = 0, y = 4800&#xD;
&#xD;
2019-08-12 18:19:32 - [TEST_STEP][PASSED] - Thread.sleep(3000): null&#xD;
&#xD;
2019-08-12 18:19:35 - [TEST_STEP][PASSED] - callTestCase(findTestCase("mobileWeb/_include/get_screenshot"), [:], STOP_ON_FAILURE): Call Test Case 'Test Cases/mobileWeb/_include/get_screenshot' successfully&#xD;
&#xD;
2019-08-12 18:19:35 - [TEST_CASE][PASSED] - Test Cases/mobileWeb/_include/get_screenshot: Test Cases/mobileWeb/_include/get_screenshot&#xD;
&#xD;
2019-08-12 18:19:35 - [TEST_STEP][PASSED] - takeScreenshot(screenPath + i + ".png"): Taking screenshot successfully&#xD;
&#xD;
2019-08-12 18:19:36 - [MESSAGE][PASSED] - Taking screenshot successfully&#xD;
[[ATTACHMENT|D:\\Test\\AgileTest\\AgileTest\\Reports\\mobileWeb\\plan detail\\20190812_173746\\../Screenshots/iPhone X/Plan Detail/stm_standard life/20190812_181854/8.png]]&#xD;
&#xD;
2019-08-12 18:19:36 - [TEST_STEP][PASSED] - (internal.GlobalVariable.i++): null&#xD;
&#xD;
2019-08-12 18:19:36 - [MESSAGE][PASSED] - Call Test Case 'Test Cases/mobileWeb/_include/get_screenshot' successfully&#xD;
&#xD;
2019-08-12 18:19:36 - [TEST_STEP][PASSED] - scrollToPosition(0, y): Browser is scrolled to position x = 0, y = 5400&#xD;
&#xD;
2019-08-12 18:19:36 - [MESSAGE][PASSED] - Browser is scrolled to position x = 0, y = 5400&#xD;
&#xD;
2019-08-12 18:19:36 - [TEST_STEP][PASSED] - Thread.sleep(3000): null&#xD;
&#xD;
2019-08-12 18:19:39 - [TEST_STEP][PASSED] - callTestCase(findTestCase("mobileWeb/_include/get_screenshot"), [:], STOP_ON_FAILURE): Call Test Case 'Test Cases/mobileWeb/_include/get_screenshot' successfully&#xD;
&#xD;
2019-08-12 18:19:39 - [TEST_CASE][PASSED] - Test Cases/mobileWeb/_include/get_screenshot: Test Cases/mobileWeb/_include/get_screenshot&#xD;
&#xD;
2019-08-12 18:19:39 - [TEST_STEP][PASSED] - takeScreenshot(screenPath + i + ".png"): Taking screenshot successfully&#xD;
&#xD;
2019-08-12 18:19:39 - [MESSAGE][PASSED] - Taking screenshot successfully&#xD;
[[ATTACHMENT|D:\\Test\\AgileTest\\AgileTest\\Reports\\mobileWeb\\plan detail\\20190812_173746\\../Screenshots/iPhone X/Plan Detail/stm_standard life/20190812_181854/9.png]]&#xD;
&#xD;
2019-08-12 18:19:39 - [TEST_STEP][PASSED] - (internal.GlobalVariable.i++): null&#xD;
&#xD;
2019-08-12 18:19:39 - [MESSAGE][PASSED] - Call Test Case 'Test Cases/mobileWeb/_include/get_screenshot' successfully&#xD;
&#xD;
2019-08-12 18:19:39 - [TEST_STEP][PASSED] - scrollToPosition(0, y): Browser is scrolled to position x = 0, y = 6000&#xD;
&#xD;
2019-08-12 18:19:39 - [MESSAGE][PASSED] - Browser is scrolled to position x = 0, y = 6000&#xD;
&#xD;
2019-08-12 18:19:39 - [TEST_STEP][PASSED] - Thread.sleep(3000): null&#xD;
&#xD;
2019-08-12 18:19:42 - [TEST_STEP][PASSED] - callTestCase(findTestCase("mobileWeb/_include/get_screenshot"), [:], STOP_ON_FAILURE): Call Test Case 'Test Cases/mobileWeb/_include/get_screenshot' successfully&#xD;
&#xD;
2019-08-12 18:19:43 - [TEST_CASE][PASSED] - Test Cases/mobileWeb/_include/get_screenshot: Test Cases/mobileWeb/_include/get_screenshot&#xD;
&#xD;
2019-08-12 18:19:43 - [TEST_STEP][PASSED] - takeScreenshot(screenPath + i + ".png"): Taking screenshot successfully&#xD;
&#xD;
2019-08-12 18:19:43 - [MESSAGE][PASSED] - Taking screenshot successfully&#xD;
[[ATTACHMENT|D:\\Test\\AgileTest\\AgileTest\\Reports\\mobileWeb\\plan detail\\20190812_173746\\../Screenshots/iPhone X/Plan Detail/stm_standard life/20190812_181854/10.png]]&#xD;
&#xD;
2019-08-12 18:19:43 - [TEST_STEP][PASSED] - (internal.GlobalVariable.i++): null&#xD;
&#xD;
2019-08-12 18:19:43 - [MESSAGE][PASSED] - Call Test Case 'Test Cases/mobileWeb/_include/get_screenshot' successfully&#xD;
&#xD;
2019-08-12 18:19:43 - [TEST_STEP][PASSED] - scrollToPosition(0, y): Browser is scrolled to position x = 0, y = 6600&#xD;
&#xD;
2019-08-12 18:19:43 - [MESSAGE][PASSED] - Browser is scrolled to position x = 0, y = 6600&#xD;
&#xD;
2019-08-12 18:19:43 - [TEST_STEP][PASSED] - Thread.sleep(3000): null&#xD;
&#xD;
2019-08-12 18:19:46 - [TEST_STEP][PASSED] - callTestCase(findTestCase("mobileWeb/_include/get_screenshot"), [:], STOP_ON_FAILURE): Call Test Case 'Test Cases/mobileWeb/_include/get_screenshot' successfully&#xD;
&#xD;
2019-08-12 18:19:46 - [TEST_CASE][PASSED] - Test Cases/mobileWeb/_include/get_screenshot: Test Cases/mobileWeb/_include/get_screenshot&#xD;
&#xD;
2019-08-12 18:19:46 - [TEST_STEP][PASSED] - takeScreenshot(screenPath + i + ".png"): Taking screenshot successfully&#xD;
&#xD;
2019-08-12 18:19:47 - [MESSAGE][PASSED] - Taking screenshot successfully&#xD;
[[ATTACHMENT|D:\\Test\\AgileTest\\AgileTest\\Reports\\mobileWeb\\plan detail\\20190812_173746\\../Screenshots/iPhone X/Plan Detail/stm_standard life/20190812_181854/11.png]]&#xD;
&#xD;
2019-08-12 18:19:47 - [TEST_STEP][PASSED] - (internal.GlobalVariable.i++): null&#xD;
&#xD;
2019-08-12 18:19:47 - [MESSAGE][PASSED] - Call Test Case 'Test Cases/mobileWeb/_include/get_screenshot' successfully&#xD;
&#xD;
2019-08-12 18:19:47 - [TEST_STEP][PASSED] - scrollToPosition(0, y): Browser is scrolled to position x = 0, y = 7200&#xD;
&#xD;
2019-08-12 18:19:47 - [MESSAGE][PASSED] - Browser is scrolled to position x = 0, y = 7200&#xD;
&#xD;
2019-08-12 18:19:47 - [TEST_STEP][PASSED] - Thread.sleep(3000): null&#xD;
&#xD;
2019-08-12 18:19:50 - [TEST_STEP][PASSED] - callTestCase(findTestCase("mobileWeb/_include/get_screenshot"), [:], STOP_ON_FAILURE): Call Test Case 'Test Cases/mobileWeb/_include/get_screenshot' successfully&#xD;
&#xD;
2019-08-12 18:19:50 - [TEST_CASE][PASSED] - Test Cases/mobileWeb/_include/get_screenshot: Test Cases/mobileWeb/_include/get_screenshot&#xD;
&#xD;
2019-08-12 18:19:50 - [TEST_STEP][PASSED] - takeScreenshot(screenPath + i + ".png"): Taking screenshot successfully&#xD;
&#xD;
2019-08-12 18:19:51 - [MESSAGE][PASSED] - Taking screenshot successfully&#xD;
[[ATTACHMENT|D:\\Test\\AgileTest\\AgileTest\\Reports\\mobileWeb\\plan detail\\20190812_173746\\../Screenshots/iPhone X/Plan Detail/stm_standard life/20190812_181854/12.png]]&#xD;
&#xD;
2019-08-12 18:19:51 - [TEST_STEP][PASSED] - (internal.GlobalVariable.i++): null&#xD;
&#xD;
2019-08-12 18:19:51 - [MESSAGE][PASSED] - Call Test Case 'Test Cases/mobileWeb/_include/get_screenshot' successfully&#xD;
&#xD;
2019-08-12 18:19:51 - [TEST_STEP][PASSED] - scrollToPosition(0, y): Browser is scrolled to position x = 0, y = 7800&#xD;
&#xD;
2019-08-12 18:19:51 - [MESSAGE][PASSED] - Browser is scrolled to position x = 0, y = 7800&#xD;
&#xD;
2019-08-12 18:19:51 - [TEST_STEP][PASSED] - Thread.sleep(3000): null&#xD;
&#xD;
2019-08-12 18:19:54 - [TEST_STEP][PASSED] - callTestCase(findTestCase("mobileWeb/_include/get_screenshot"), [:], STOP_ON_FAILURE): Call Test Case 'Test Cases/mobileWeb/_include/get_screenshot' successfully&#xD;
&#xD;
2019-08-12 18:19:54 - [TEST_CASE][PASSED] - Test Cases/mobileWeb/_include/get_screenshot: Test Cases/mobileWeb/_include/get_screenshot&#xD;
&#xD;
2019-08-12 18:19:54 - [TEST_STEP][PASSED] - takeScreenshot(screenPath + i + ".png"): Taking screenshot successfully&#xD;
&#xD;
2019-08-12 18:19:55 - [MESSAGE][PASSED] - Taking screenshot successfully&#xD;
[[ATTACHMENT|D:\\Test\\AgileTest\\AgileTest\\Reports\\mobileWeb\\plan detail\\20190812_173746\\../Screenshots/iPhone X/Plan Detail/stm_standard life/20190812_181854/13.png]]&#xD;
&#xD;
2019-08-12 18:19:55 - [TEST_STEP][PASSED] - (internal.GlobalVariable.i++): null&#xD;
&#xD;
2019-08-12 18:19:55 - [MESSAGE][PASSED] - Call Test Case 'Test Cases/mobileWeb/_include/get_screenshot' successfully&#xD;
&#xD;
2019-08-12 18:19:55 - [TEST_STEP][PASSED] - scrollToPosition(0, y): Browser is scrolled to position x = 0, y = 8400&#xD;
&#xD;
2019-08-12 18:19:55 - [MESSAGE][PASSED] - Browser is scrolled to position x = 0, y = 8400&#xD;
&#xD;
2019-08-12 18:19:55 - [TEST_STEP][PASSED] - Thread.sleep(3000): null&#xD;
&#xD;
2019-08-12 18:19:58 - [TEST_STEP][PASSED] - callTestCase(findTestCase("mobileWeb/_include/get_screenshot"), [:], STOP_ON_FAILURE): Call Test Case 'Test Cases/mobileWeb/_include/get_screenshot' successfully&#xD;
&#xD;
2019-08-12 18:19:58 - [TEST_CASE][PASSED] - Test Cases/mobileWeb/_include/get_screenshot: Test Cases/mobileWeb/_include/get_screenshot&#xD;
&#xD;
2019-08-12 18:19:58 - [TEST_STEP][PASSED] - takeScreenshot(screenPath + i + ".png"): Taking screenshot successfully&#xD;
&#xD;
2019-08-12 18:19:58 - [MESSAGE][PASSED] - Taking screenshot successfully&#xD;
[[ATTACHMENT|D:\\Test\\AgileTest\\AgileTest\\Reports\\mobileWeb\\plan detail\\20190812_173746\\../Screenshots/iPhone X/Plan Detail/stm_standard life/20190812_181854/14.png]]&#xD;
&#xD;
2019-08-12 18:19:58 - [TEST_STEP][PASSED] - (internal.GlobalVariable.i++): null&#xD;
&#xD;
2019-08-12 18:19:58 - [MESSAGE][PASSED] - Call Test Case 'Test Cases/mobileWeb/_include/get_screenshot' successfully&#xD;
&#xD;
2019-08-12 18:19:58 - [TEST_STEP][PASSED] - scrollToPosition(0, y): Browser is scrolled to position x = 0, y = 9000&#xD;
&#xD;
2019-08-12 18:19:58 - [MESSAGE][PASSED] - Browser is scrolled to position x = 0, y = 9000&#xD;
&#xD;
2019-08-12 18:19:58 - [TEST_STEP][PASSED] - Thread.sleep(3000): null&#xD;
&#xD;
2019-08-12 18:20:01 - [TEST_STEP][PASSED] - callTestCase(findTestCase("mobileWeb/_include/get_screenshot"), [:], STOP_ON_FAILURE): Call Test Case 'Test Cases/mobileWeb/_include/get_screenshot' successfully&#xD;
&#xD;
2019-08-12 18:20:02 - [TEST_CASE][PASSED] - Test Cases/mobileWeb/_include/get_screenshot: Test Cases/mobileWeb/_include/get_screenshot&#xD;
&#xD;
2019-08-12 18:20:02 - [TEST_STEP][PASSED] - takeScreenshot(screenPath + i + ".png"): Taking screenshot successfully&#xD;
&#xD;
2019-08-12 18:20:02 - [MESSAGE][PASSED] - Taking screenshot successfully&#xD;
[[ATTACHMENT|D:\\Test\\AgileTest\\AgileTest\\Reports\\mobileWeb\\plan detail\\20190812_173746\\../Screenshots/iPhone X/Plan Detail/stm_standard life/20190812_181854/15.png]]&#xD;
&#xD;
2019-08-12 18:20:02 - [TEST_STEP][PASSED] - (internal.GlobalVariable.i++): null&#xD;
&#xD;
2019-08-12 18:20:02 - [MESSAGE][PASSED] - Call Test Case 'Test Cases/mobileWeb/_include/get_screenshot' successfully&#xD;
&#xD;
2019-08-12 18:20:02 - [TEST_STEP][PASSED] - scrollToPosition(0, y): Browser is scrolled to position x = 0, y = 9600&#xD;
&#xD;
2019-08-12 18:20:02 - [MESSAGE][PASSED] - Browser is scrolled to position x = 0, y = 9600&#xD;
&#xD;
2019-08-12 18:20:02 - [TEST_STEP][PASSED] - Thread.sleep(3000): null&#xD;
&#xD;
2019-08-12 18:20:05 - [TEST_STEP][PASSED] - callTestCase(findTestCase("mobileWeb/_include/get_screenshot"), [:], STOP_ON_FAILURE): Call Test Case 'Test Cases/mobileWeb/_include/get_screenshot' successfully&#xD;
&#xD;
2019-08-12 18:20:05 - [TEST_CASE][PASSED] - Test Cases/mobileWeb/_include/get_screenshot: Test Cases/mobileWeb/_include/get_screenshot&#xD;
&#xD;
2019-08-12 18:20:05 - [TEST_STEP][PASSED] - takeScreenshot(screenPath + i + ".png"): Taking screenshot successfully&#xD;
&#xD;
2019-08-12 18:20:06 - [MESSAGE][PASSED] - Taking screenshot successfully&#xD;
[[ATTACHMENT|D:\\Test\\AgileTest\\AgileTest\\Reports\\mobileWeb\\plan detail\\20190812_173746\\../Screenshots/iPhone X/Plan Detail/stm_standard life/20190812_181854/16.png]]&#xD;
&#xD;
2019-08-12 18:20:06 - [TEST_STEP][PASSED] - (internal.GlobalVariable.i++): null&#xD;
&#xD;
2019-08-12 18:20:06 - [MESSAGE][PASSED] - Call Test Case 'Test Cases/mobileWeb/_include/get_screenshot' successfully&#xD;
&#xD;
2019-08-12 18:20:06 - [TEST_STEP][PASSED] - scrollToPosition(0, y): Browser is scrolled to position x = 0, y = 10200&#xD;
&#xD;
2019-08-12 18:20:06 - [MESSAGE][PASSED] - Browser is scrolled to position x = 0, y = 10200&#xD;
&#xD;
2019-08-12 18:20:06 - [TEST_STEP][PASSED] - Thread.sleep(3000): null&#xD;
&#xD;
2019-08-12 18:20:09 - [TEST_STEP][PASSED] - callTestCase(findTestCase("mobileWeb/_include/get_screenshot"), [:], STOP_ON_FAILURE): Call Test Case 'Test Cases/mobileWeb/_include/get_screenshot' successfully&#xD;
&#xD;
2019-08-12 18:20:09 - [TEST_CASE][PASSED] - Test Cases/mobileWeb/_include/get_screenshot: Test Cases/mobileWeb/_include/get_screenshot&#xD;
&#xD;
2019-08-12 18:20:09 - [TEST_STEP][PASSED] - takeScreenshot(screenPath + i + ".png"): Taking screenshot successfully&#xD;
&#xD;
2019-08-12 18:20:10 - [MESSAGE][PASSED] - Taking screenshot successfully&#xD;
[[ATTACHMENT|D:\\Test\\AgileTest\\AgileTest\\Reports\\mobileWeb\\plan detail\\20190812_173746\\../Screenshots/iPhone X/Plan Detail/stm_standard life/20190812_181854/17.png]]&#xD;
&#xD;
2019-08-12 18:20:10 - [TEST_STEP][PASSED] - (internal.GlobalVariable.i++): null&#xD;
&#xD;
2019-08-12 18:20:10 - [MESSAGE][PASSED] - Call Test Case 'Test Cases/mobileWeb/_include/get_screenshot' successfully&#xD;
&#xD;
2019-08-12 18:20:10 - [TEST_STEP][PASSED] - scrollToPosition(0, y): Browser is scrolled to position x = 0, y = 10800&#xD;
&#xD;
2019-08-12 18:20:10 - [MESSAGE][PASSED] - Browser is scrolled to position x = 0, y = 10800&#xD;
&#xD;
2019-08-12 18:20:10 - [TEST_STEP][PASSED] - Thread.sleep(3000): null&#xD;
&#xD;
2019-08-12 18:20:13 - [TEST_STEP][PASSED] - callTestCase(findTestCase("mobileWeb/_include/get_screenshot"), [:], STOP_ON_FAILURE): Call Test Case 'Test Cases/mobileWeb/_include/get_screenshot' successfully&#xD;
&#xD;
2019-08-12 18:20:13 - [TEST_CASE][PASSED] - Test Cases/mobileWeb/_include/get_screenshot: Test Cases/mobileWeb/_include/get_screenshot&#xD;
&#xD;
2019-08-12 18:20:13 - [TEST_STEP][PASSED] - takeScreenshot(screenPath + i + ".png"): Taking screenshot successfully&#xD;
&#xD;
2019-08-12 18:20:14 - [MESSAGE][PASSED] - Taking screenshot successfully&#xD;
[[ATTACHMENT|D:\\Test\\AgileTest\\AgileTest\\Reports\\mobileWeb\\plan detail\\20190812_173746\\../Screenshots/iPhone X/Plan Detail/stm_standard life/20190812_181854/18.png]]&#xD;
&#xD;
2019-08-12 18:20:14 - [TEST_STEP][PASSED] - (internal.GlobalVariable.i++): null&#xD;
&#xD;
2019-08-12 18:20:14 - [MESSAGE][PASSED] - Call Test Case 'Test Cases/mobileWeb/_include/get_screenshot' successfully&#xD;
&#xD;
2019-08-12 18:20:14 - [TEST_STEP][PASSED] - scrollToPosition(0, y): Browser is scrolled to position x = 0, y = 11400&#xD;
&#xD;
2019-08-12 18:20:14 - [MESSAGE][PASSED] - Browser is scrolled to position x = 0, y = 11400&#xD;
&#xD;
2019-08-12 18:20:14 - [TEST_STEP][PASSED] - Thread.sleep(3000): null&#xD;
&#xD;
2019-08-12 18:20:17 - [TEST_STEP][PASSED] - callTestCase(findTestCase("mobileWeb/_include/get_screenshot"), [:], STOP_ON_FAILURE): Call Test Case 'Test Cases/mobileWeb/_include/get_screenshot' successfully&#xD;
&#xD;
2019-08-12 18:20:17 - [TEST_CASE][PASSED] - Test Cases/mobileWeb/_include/get_screenshot: Test Cases/mobileWeb/_include/get_screenshot&#xD;
&#xD;
2019-08-12 18:20:17 - [TEST_STEP][PASSED] - takeScreenshot(screenPath + i + ".png"): Taking screenshot successfully&#xD;
&#xD;
2019-08-12 18:20:17 - [MESSAGE][PASSED] - Taking screenshot successfully&#xD;
[[ATTACHMENT|D:\\Test\\AgileTest\\AgileTest\\Reports\\mobileWeb\\plan detail\\20190812_173746\\../Screenshots/iPhone X/Plan Detail/stm_standard life/20190812_181854/19.png]]&#xD;
&#xD;
2019-08-12 18:20:17 - [TEST_STEP][PASSED] - (internal.GlobalVariable.i++): null&#xD;
&#xD;
2019-08-12 18:20:17 - [MESSAGE][PASSED] - Call Test Case 'Test Cases/mobileWeb/_include/get_screenshot' successfully&#xD;
&#xD;
2019-08-12 18:20:17 - [TEST_STEP][PASSED] - scrollToPosition(0, y): Browser is scrolled to position x = 0, y = 12000&#xD;
&#xD;
2019-08-12 18:20:17 - [MESSAGE][PASSED] - Browser is scrolled to position x = 0, y = 12000&#xD;
&#xD;
2019-08-12 18:20:17 - [TEST_STEP][PASSED] - Thread.sleep(3000): null&#xD;
&#xD;
2019-08-12 18:20:20 - [TEST_STEP][PASSED] - callTestCase(findTestCase("mobileWeb/_include/get_screenshot"), [:], STOP_ON_FAILURE): Call Test Case 'Test Cases/mobileWeb/_include/get_screenshot' successfully&#xD;
&#xD;
2019-08-12 18:20:20 - [TEST_CASE][PASSED] - Test Cases/mobileWeb/_include/get_screenshot: Test Cases/mobileWeb/_include/get_screenshot&#xD;
&#xD;
2019-08-12 18:20:20 - [TEST_STEP][PASSED] - takeScreenshot(screenPath + i + ".png"): Taking screenshot successfully&#xD;
&#xD;
2019-08-12 18:20:21 - [MESSAGE][PASSED] - Taking screenshot successfully&#xD;
[[ATTACHMENT|D:\\Test\\AgileTest\\AgileTest\\Reports\\mobileWeb\\plan detail\\20190812_173746\\../Screenshots/iPhone X/Plan Detail/stm_standard life/20190812_181854/20.png]]&#xD;
&#xD;
2019-08-12 18:20:21 - [TEST_STEP][PASSED] - (internal.GlobalVariable.i++): null&#xD;
&#xD;
2019-08-12 18:20:21 - [MESSAGE][PASSED] - Call Test Case 'Test Cases/mobileWeb/_include/get_screenshot' successfully&#xD;
&#xD;
2019-08-12 18:20:21 - [TEST_STEP][PASSED] - scrollToPosition(0, y): Browser is scrolled to position x = 0, y = 12600&#xD;
&#xD;
2019-08-12 18:20:21 - [MESSAGE][PASSED] - Browser is scrolled to position x = 0, y = 12600&#xD;
&#xD;
2019-08-12 18:20:21 - [TEST_STEP][PASSED] - Thread.sleep(3000): null&#xD;
&#xD;
2019-08-12 18:20:24 - [TEST_STEP][PASSED] - callTestCase(findTestCase("mobileWeb/_include/get_screenshot"), [:], STOP_ON_FAILURE): Call Test Case 'Test Cases/mobileWeb/_include/get_screenshot' successfully&#xD;
&#xD;
2019-08-12 18:20:24 - [TEST_CASE][PASSED] - Test Cases/mobileWeb/_include/get_screenshot: Test Cases/mobileWeb/_include/get_screenshot&#xD;
&#xD;
2019-08-12 18:20:24 - [TEST_STEP][PASSED] - takeScreenshot(screenPath + i + ".png"): Taking screenshot successfully&#xD;
&#xD;
2019-08-12 18:20:25 - [MESSAGE][PASSED] - Taking screenshot successfully&#xD;
[[ATTACHMENT|D:\\Test\\AgileTest\\AgileTest\\Reports\\mobileWeb\\plan detail\\20190812_173746\\../Screenshots/iPhone X/Plan Detail/stm_standard life/20190812_181854/21.png]]&#xD;
&#xD;
2019-08-12 18:20:25 - [TEST_STEP][PASSED] - (internal.GlobalVariable.i++): null&#xD;
&#xD;
2019-08-12 18:20:25 - [MESSAGE][PASSED] - Call Test Case 'Test Cases/mobileWeb/_include/get_screenshot' successfully&#xD;
&#xD;
2019-08-12 18:20:25 - [TEST_STEP][PASSED] - scrollToPosition(0, y): Browser is scrolled to position x = 0, y = 13200&#xD;
&#xD;
2019-08-12 18:20:25 - [MESSAGE][PASSED] - Browser is scrolled to position x = 0, y = 13200&#xD;
&#xD;
2019-08-12 18:20:25 - [TEST_STEP][PASSED] - Thread.sleep(3000): null&#xD;
&#xD;
2019-08-12 18:20:28 - [TEST_STEP][PASSED] - callTestCase(findTestCase("mobileWeb/_include/get_screenshot"), [:], STOP_ON_FAILURE): Call Test Case 'Test Cases/mobileWeb/_include/get_screenshot' successfully&#xD;
&#xD;
2019-08-12 18:20:28 - [TEST_CASE][PASSED] - Test Cases/mobileWeb/_include/get_screenshot: Test Cases/mobileWeb/_include/get_screenshot&#xD;
&#xD;
2019-08-12 18:20:28 - [TEST_STEP][PASSED] - takeScreenshot(screenPath + i + ".png"): Taking screenshot successfully&#xD;
&#xD;
2019-08-12 18:20:29 - [MESSAGE][PASSED] - Taking screenshot successfully&#xD;
[[ATTACHMENT|D:\\Test\\AgileTest\\AgileTest\\Reports\\mobileWeb\\plan detail\\20190812_173746\\../Screenshots/iPhone X/Plan Detail/stm_standard life/20190812_181854/22.png]]&#xD;
&#xD;
2019-08-12 18:20:29 - [TEST_STEP][PASSED] - (internal.GlobalVariable.i++): null&#xD;
&#xD;
2019-08-12 18:20:29 - [MESSAGE][PASSED] - Call Test Case 'Test Cases/mobileWeb/_include/get_screenshot' successfully&#xD;
&#xD;
2019-08-12 18:20:29 - [TEST_STEP][PASSED] - scrollToPosition(0, y): Browser is scrolled to position x = 0, y = 13800&#xD;
&#xD;
2019-08-12 18:20:29 - [MESSAGE][PASSED] - Browser is scrolled to position x = 0, y = 13800&#xD;
&#xD;
2019-08-12 18:20:29 - [TEST_STEP][PASSED] - Thread.sleep(3000): null&#xD;
&#xD;
2019-08-12 18:20:32 - [TEST_STEP][PASSED] - callTestCase(findTestCase("mobileWeb/_include/get_screenshot"), [:], STOP_ON_FAILURE): Call Test Case 'Test Cases/mobileWeb/_include/get_screenshot' successfully&#xD;
&#xD;
2019-08-12 18:20:32 - [TEST_CASE][PASSED] - Test Cases/mobileWeb/_include/get_screenshot: Test Cases/mobileWeb/_include/get_screenshot&#xD;
&#xD;
2019-08-12 18:20:32 - [TEST_STEP][PASSED] - takeScreenshot(screenPath + i + ".png"): Taking screenshot successfully&#xD;
&#xD;
2019-08-12 18:20:33 - [MESSAGE][PASSED] - Taking screenshot successfully&#xD;
[[ATTACHMENT|D:\\Test\\AgileTest\\AgileTest\\Reports\\mobileWeb\\plan detail\\20190812_173746\\../Screenshots/iPhone X/Plan Detail/stm_standard life/20190812_181854/23.png]]&#xD;
&#xD;
2019-08-12 18:20:33 - [TEST_STEP][PASSED] - (internal.GlobalVariable.i++): null&#xD;
&#xD;
2019-08-12 18:20:33 - [MESSAGE][PASSED] - Call Test Case 'Test Cases/mobileWeb/_include/get_screenshot' successfully&#xD;
&#xD;
2019-08-12 18:20:33 - [TEST_STEP][PASSED] - scrollToPosition(0, y): Browser is scrolled to position x = 0, y = 14400&#xD;
&#xD;
2019-08-12 18:20:33 - [MESSAGE][PASSED] - Browser is scrolled to position x = 0, y = 14400&#xD;
&#xD;
2019-08-12 18:20:33 - [TEST_STEP][PASSED] - Thread.sleep(3000): null&#xD;
&#xD;
2019-08-12 18:20:36 - [TEST_STEP][PASSED] - callTestCase(findTestCase("mobileWeb/_include/get_screenshot"), [:], STOP_ON_FAILURE): Call Test Case 'Test Cases/mobileWeb/_include/get_screenshot' successfully&#xD;
&#xD;
2019-08-12 18:20:36 - [TEST_CASE][PASSED] - Test Cases/mobileWeb/_include/get_screenshot: Test Cases/mobileWeb/_include/get_screenshot&#xD;
&#xD;
2019-08-12 18:20:36 - [TEST_STEP][PASSED] - takeScreenshot(screenPath + i + ".png"): Taking screenshot successfully&#xD;
&#xD;
2019-08-12 18:20:36 - [MESSAGE][PASSED] - Taking screenshot successfully&#xD;
[[ATTACHMENT|D:\\Test\\AgileTest\\AgileTest\\Reports\\mobileWeb\\plan detail\\20190812_173746\\../Screenshots/iPhone X/Plan Detail/stm_standard life/20190812_181854/24.png]]&#xD;
&#xD;
2019-08-12 18:20:36 - [TEST_STEP][PASSED] - (internal.GlobalVariable.i++): null&#xD;
&#xD;
2019-08-12 18:20:36 - [MESSAGE][PASSED] - Call Test Case 'Test Cases/mobileWeb/_include/get_screenshot' successfully&#xD;
&#xD;
2019-08-12 18:20:36 - [TEST_STEP][PASSED] - scrollToPosition(0, y): Browser is scrolled to position x = 0, y = 15000&#xD;
&#xD;
2019-08-12 18:20:37 - [MESSAGE][PASSED] - Browser is scrolled to position x = 0, y = 15000&#xD;
&#xD;
2019-08-12 18:20:37 - [TEST_STEP][PASSED] - Thread.sleep(3000): null&#xD;
&#xD;
2019-08-12 18:20:40 - [TEST_STEP][PASSED] - callTestCase(findTestCase("mobileWeb/_include/get_screenshot"), [:], STOP_ON_FAILURE): Call Test Case 'Test Cases/mobileWeb/_include/get_screenshot' successfully&#xD;
&#xD;
2019-08-12 18:20:40 - [TEST_CASE][PASSED] - Test Cases/mobileWeb/_include/get_screenshot: Test Cases/mobileWeb/_include/get_screenshot&#xD;
&#xD;
2019-08-12 18:20:40 - [TEST_STEP][PASSED] - takeScreenshot(screenPath + i + ".png"): Taking screenshot successfully&#xD;
&#xD;
2019-08-12 18:20:40 - [MESSAGE][PASSED] - Taking screenshot successfully&#xD;
[[ATTACHMENT|D:\\Test\\AgileTest\\AgileTest\\Reports\\mobileWeb\\plan detail\\20190812_173746\\../Screenshots/iPhone X/Plan Detail/stm_standard life/20190812_181854/25.png]]&#xD;
&#xD;
2019-08-12 18:20:40 - [TEST_STEP][PASSED] - (internal.GlobalVariable.i++): null&#xD;
&#xD;
2019-08-12 18:20:40 - [MESSAGE][PASSED] - Call Test Case 'Test Cases/mobileWeb/_include/get_screenshot' successfully&#xD;
&#xD;
2019-08-12 18:20:40 - [TEST_STEP][PASSED] - scrollToPosition(0, y): Browser is scrolled to position x = 0, y = 15600&#xD;
&#xD;
2019-08-12 18:20:40 - [MESSAGE][PASSED] - Browser is scrolled to position x = 0, y = 15600&#xD;
&#xD;
2019-08-12 18:20:40 - [TEST_STEP][PASSED] - Thread.sleep(3000): null&#xD;
&#xD;
2019-08-12 18:20:43 - [TEST_STEP][PASSED] - callTestCase(findTestCase("mobileWeb/_include/get_screenshot"), [:], STOP_ON_FAILURE): Call Test Case 'Test Cases/mobileWeb/_include/get_screenshot' successfully&#xD;
&#xD;
2019-08-12 18:20:43 - [TEST_CASE][PASSED] - Test Cases/mobileWeb/_include/get_screenshot: Test Cases/mobileWeb/_include/get_screenshot&#xD;
&#xD;
2019-08-12 18:20:43 - [TEST_STEP][PASSED] - takeScreenshot(screenPath + i + ".png"): Taking screenshot successfully&#xD;
&#xD;
2019-08-12 18:20:44 - [MESSAGE][PASSED] - Taking screenshot successfully&#xD;
[[ATTACHMENT|D:\\Test\\AgileTest\\AgileTest\\Reports\\mobileWeb\\plan detail\\20190812_173746\\../Screenshots/iPhone X/Plan Detail/stm_standard life/20190812_181854/26.png]]&#xD;
&#xD;
2019-08-12 18:20:44 - [TEST_STEP][PASSED] - (internal.GlobalVariable.i++): null&#xD;
&#xD;
2019-08-12 18:20:44 - [MESSAGE][PASSED] - Call Test Case 'Test Cases/mobileWeb/_include/get_screenshot' successfully&#xD;
&#xD;
2019-08-12 18:20:44 - [TEST_STEP][PASSED] - scrollToPosition(0, y): Browser is scrolled to position x = 0, y = 16200&#xD;
&#xD;
2019-08-12 18:20:44 - [MESSAGE][PASSED] - Browser is scrolled to position x = 0, y = 16200&#xD;
&#xD;
2019-08-12 18:20:44 - [TEST_STEP][PASSED] - Thread.sleep(3000): null&#xD;
&#xD;
2019-08-12 18:20:47 - [TEST_STEP][PASSED] - callTestCase(findTestCase("mobileWeb/_include/get_screenshot"), [:], STOP_ON_FAILURE): Call Test Case 'Test Cases/mobileWeb/_include/get_screenshot' successfully&#xD;
&#xD;
2019-08-12 18:20:47 - [TEST_CASE][PASSED] - Test Cases/mobileWeb/_include/get_screenshot: Test Cases/mobileWeb/_include/get_screenshot&#xD;
&#xD;
2019-08-12 18:20:47 - [TEST_STEP][PASSED] - takeScreenshot(screenPath + i + ".png"): Taking screenshot successfully&#xD;
&#xD;
2019-08-12 18:20:48 - [MESSAGE][PASSED] - Taking screenshot successfully&#xD;
[[ATTACHMENT|D:\\Test\\AgileTest\\AgileTest\\Reports\\mobileWeb\\plan detail\\20190812_173746\\../Screenshots/iPhone X/Plan Detail/stm_standard life/20190812_181854/27.png]]&#xD;
&#xD;
2019-08-12 18:20:48 - [TEST_STEP][PASSED] - (internal.GlobalVariable.i++): null&#xD;
&#xD;
2019-08-12 18:20:48 - [MESSAGE][PASSED] - Call Test Case 'Test Cases/mobileWeb/_include/get_screenshot' successfully&#xD;
&#xD;
2019-08-12 18:20:48 - [TEST_STEP][PASSED] - scrollToPosition(0, y): Browser is scrolled to position x = 0, y = 16800&#xD;
&#xD;
2019-08-12 18:20:48 - [MESSAGE][PASSED] - Browser is scrolled to position x = 0, y = 16800&#xD;
&#xD;
2019-08-12 18:20:48 - [TEST_STEP][PASSED] - Thread.sleep(3000): null&#xD;
&#xD;
2019-08-12 18:20:51 - [TEST_STEP][PASSED] - callTestCase(findTestCase("mobileWeb/_include/get_screenshot"), [:], STOP_ON_FAILURE): Call Test Case 'Test Cases/mobileWeb/_include/get_screenshot' successfully&#xD;
&#xD;
2019-08-12 18:20:51 - [TEST_CASE][PASSED] - Test Cases/mobileWeb/_include/get_screenshot: Test Cases/mobileWeb/_include/get_screenshot&#xD;
&#xD;
2019-08-12 18:20:51 - [TEST_STEP][PASSED] - takeScreenshot(screenPath + i + ".png"): Taking screenshot successfully&#xD;
&#xD;
2019-08-12 18:20:52 - [MESSAGE][PASSED] - Taking screenshot successfully&#xD;
[[ATTACHMENT|D:\\Test\\AgileTest\\AgileTest\\Reports\\mobileWeb\\plan detail\\20190812_173746\\../Screenshots/iPhone X/Plan Detail/stm_standard life/20190812_181854/28.png]]&#xD;
&#xD;
2019-08-12 18:20:52 - [TEST_STEP][PASSED] - (internal.GlobalVariable.i++): null&#xD;
&#xD;
2019-08-12 18:20:52 - [MESSAGE][PASSED] - Call Test Case 'Test Cases/mobileWeb/_include/get_screenshot' successfully&#xD;
&#xD;
2019-08-12 18:20:52 - [TEST_STEP][PASSED] - scrollToPosition(0, y): Browser is scrolled to position x = 0, y = 17400&#xD;
&#xD;
2019-08-12 18:20:52 - [MESSAGE][PASSED] - Browser is scrolled to position x = 0, y = 17400&#xD;
&#xD;
2019-08-12 18:20:52 - [TEST_STEP][PASSED] - Thread.sleep(3000): null&#xD;
&#xD;
2019-08-12 18:20:55 - [TEST_STEP][PASSED] - callTestCase(findTestCase("mobileWeb/_include/get_screenshot"), [:], STOP_ON_FAILURE): Call Test Case 'Test Cases/mobileWeb/_include/get_screenshot' successfully&#xD;
&#xD;
2019-08-12 18:20:55 - [TEST_CASE][PASSED] - Test Cases/mobileWeb/_include/get_screenshot: Test Cases/mobileWeb/_include/get_screenshot&#xD;
&#xD;
2019-08-12 18:20:55 - [TEST_STEP][PASSED] - takeScreenshot(screenPath + i + ".png"): Taking screenshot successfully&#xD;
&#xD;
2019-08-12 18:20:56 - [MESSAGE][PASSED] - Taking screenshot successfully&#xD;
[[ATTACHMENT|D:\\Test\\AgileTest\\AgileTest\\Reports\\mobileWeb\\plan detail\\20190812_173746\\../Screenshots/iPhone X/Plan Detail/stm_standard life/20190812_181854/29.png]]&#xD;
&#xD;
2019-08-12 18:20:56 - [TEST_STEP][PASSED] - (internal.GlobalVariable.i++): null&#xD;
&#xD;
2019-08-12 18:20:56 - [MESSAGE][PASSED] - Call Test Case 'Test Cases/mobileWeb/_include/get_screenshot' successfully&#xD;
&#xD;
2019-08-12 18:20:56 - [TEST_STEP][PASSED] - scrollToPosition(0, y): Browser is scrolled to position x = 0, y = 18000&#xD;
&#xD;
2019-08-12 18:20:56 - [MESSAGE][PASSED] - Browser is scrolled to position x = 0, y = 18000&#xD;
&#xD;
2019-08-12 18:20:56 - [TEST_STEP][PASSED] - Thread.sleep(3000): null&#xD;
&#xD;
2019-08-12 18:20:59 - [TEST_STEP][PASSED] - callTestCase(findTestCase("mobileWeb/_include/get_screenshot"), [:], STOP_ON_FAILURE): Call Test Case 'Test Cases/mobileWeb/_include/get_screenshot' successfully&#xD;
&#xD;
2019-08-12 18:20:59 - [TEST_CASE][PASSED] - Test Cases/mobileWeb/_include/get_screenshot: Test Cases/mobileWeb/_include/get_screenshot&#xD;
&#xD;
2019-08-12 18:20:59 - [TEST_STEP][PASSED] - takeScreenshot(screenPath + i + ".png"): Taking screenshot successfully&#xD;
&#xD;
2019-08-12 18:20:59 - [MESSAGE][PASSED] - Taking screenshot successfully&#xD;
[[ATTACHMENT|D:\\Test\\AgileTest\\AgileTest\\Reports\\mobileWeb\\plan detail\\20190812_173746\\../Screenshots/iPhone X/Plan Detail/stm_standard life/20190812_181854/30.png]]&#xD;
&#xD;
2019-08-12 18:20:59 - [TEST_STEP][PASSED] - (internal.GlobalVariable.i++): null&#xD;
&#xD;
2019-08-12 18:20:59 - [MESSAGE][PASSED] - Call Test Case 'Test Cases/mobileWeb/_include/get_screenshot' successfully&#xD;
&#xD;
2019-08-12 18:20:59 - [TEST_STEP][PASSED] - scrollToPosition(0, y): Browser is scrolled to position x = 0, y = 18600&#xD;
&#xD;
2019-08-12 18:20:59 - [MESSAGE][PASSED] - Browser is scrolled to position x = 0, y = 18600&#xD;
&#xD;
2019-08-12 18:20:59 - [TEST_STEP][PASSED] - Thread.sleep(3000): null&#xD;
&#xD;
2019-08-12 18:21:02 - [TEST_STEP][PASSED] - callTestCase(findTestCase("mobileWeb/_include/get_screenshot"), [:], STOP_ON_FAILURE): Call Test Case 'Test Cases/mobileWeb/_include/get_screenshot' successfully&#xD;
&#xD;
2019-08-12 18:21:02 - [TEST_CASE][PASSED] - Test Cases/mobileWeb/_include/get_screenshot: Test Cases/mobileWeb/_include/get_screenshot&#xD;
&#xD;
2019-08-12 18:21:02 - [TEST_STEP][PASSED] - takeScreenshot(screenPath + i + ".png"): Taking screenshot successfully&#xD;
&#xD;
2019-08-12 18:21:03 - [MESSAGE][PASSED] - Taking screenshot successfully&#xD;
[[ATTACHMENT|D:\\Test\\AgileTest\\AgileTest\\Reports\\mobileWeb\\plan detail\\20190812_173746\\../Screenshots/iPhone X/Plan Detail/stm_standard life/20190812_181854/31.png]]&#xD;
&#xD;
2019-08-12 18:21:03 - [TEST_STEP][PASSED] - (internal.GlobalVariable.i++): null&#xD;
&#xD;
2019-08-12 18:21:03 - [MESSAGE][PASSED] - Call Test Case 'Test Cases/mobileWeb/_include/get_screenshot' successfully&#xD;
&#xD;
2019-08-12 18:21:03 - [TEST_STEP][PASSED] - scrollToPosition(0, y): Browser is scrolled to position x = 0, y = 19200&#xD;
&#xD;
2019-08-12 18:21:03 - [MESSAGE][PASSED] - Browser is scrolled to position x = 0, y = 19200&#xD;
&#xD;
2019-08-12 18:21:03 - [TEST_STEP][PASSED] - Thread.sleep(3000): null&#xD;
&#xD;
2019-08-12 18:21:06 - [TEST_STEP][PASSED] - callTestCase(findTestCase("mobileWeb/_include/get_screenshot"), [:], STOP_ON_FAILURE): Call Test Case 'Test Cases/mobileWeb/_include/get_screenshot' successfully&#xD;
&#xD;
2019-08-12 18:21:06 - [TEST_CASE][PASSED] - Test Cases/mobileWeb/_include/get_screenshot: Test Cases/mobileWeb/_include/get_screenshot&#xD;
&#xD;
2019-08-12 18:21:06 - [TEST_STEP][PASSED] - takeScreenshot(screenPath + i + ".png"): Taking screenshot successfully&#xD;
&#xD;
2019-08-12 18:21:07 - [MESSAGE][PASSED] - Taking screenshot successfully&#xD;
[[ATTACHMENT|D:\\Test\\AgileTest\\AgileTest\\Reports\\mobileWeb\\plan detail\\20190812_173746\\../Screenshots/iPhone X/Plan Detail/stm_standard life/20190812_181854/32.png]]&#xD;
&#xD;
2019-08-12 18:21:07 - [TEST_STEP][PASSED] - (internal.GlobalVariable.i++): null&#xD;
&#xD;
2019-08-12 18:21:07 - [MESSAGE][PASSED] - Call Test Case 'Test Cases/mobileWeb/_include/get_screenshot' successfully&#xD;
&#xD;
2019-08-12 18:21:07 - [TEST_STEP][PASSED] - scrollToPosition(0, y): Browser is scrolled to position x = 0, y = 19800&#xD;
&#xD;
2019-08-12 18:21:07 - [MESSAGE][PASSED] - Browser is scrolled to position x = 0, y = 19800&#xD;
&#xD;
2019-08-12 18:21:07 - [TEST_STEP][PASSED] - Thread.sleep(3000): null&#xD;
&#xD;
2019-08-12 18:21:10 - [TEST_STEP][PASSED] - callTestCase(findTestCase("mobileWeb/_include/get_screenshot"), [:], STOP_ON_FAILURE): Call Test Case 'Test Cases/mobileWeb/_include/get_screenshot' successfully&#xD;
&#xD;
2019-08-12 18:21:10 - [TEST_CASE][PASSED] - Test Cases/mobileWeb/_include/get_screenshot: Test Cases/mobileWeb/_include/get_screenshot&#xD;
&#xD;
2019-08-12 18:21:10 - [TEST_STEP][PASSED] - takeScreenshot(screenPath + i + ".png"): Taking screenshot successfully&#xD;
&#xD;
2019-08-12 18:21:11 - [MESSAGE][PASSED] - Taking screenshot successfully&#xD;
[[ATTACHMENT|D:\\Test\\AgileTest\\AgileTest\\Reports\\mobileWeb\\plan detail\\20190812_173746\\../Screenshots/iPhone X/Plan Detail/stm_standard life/20190812_181854/33.png]]&#xD;
&#xD;
2019-08-12 18:21:11 - [TEST_STEP][PASSED] - (internal.GlobalVariable.i++): null&#xD;
&#xD;
2019-08-12 18:21:11 - [MESSAGE][PASSED] - Call Test Case 'Test Cases/mobileWeb/_include/get_screenshot' successfully&#xD;
&#xD;
2019-08-12 18:21:11 - [TEST_STEP][PASSED] - scrollToPosition(0, y): Browser is scrolled to position x = 0, y = 20400&#xD;
&#xD;
2019-08-12 18:21:11 - [MESSAGE][PASSED] - Browser is scrolled to position x = 0, y = 20400&#xD;
&#xD;
2019-08-12 18:21:11 - [TEST_STEP][PASSED] - Thread.sleep(3000): null&#xD;
&#xD;
2019-08-12 18:21:14 - [TEST_STEP][PASSED] - callTestCase(findTestCase("mobileWeb/_include/get_screenshot"), [:], STOP_ON_FAILURE): Call Test Case 'Test Cases/mobileWeb/_include/get_screenshot' successfully&#xD;
&#xD;
2019-08-12 18:21:14 - [TEST_CASE][PASSED] - Test Cases/mobileWeb/_include/get_screenshot: Test Cases/mobileWeb/_include/get_screenshot&#xD;
&#xD;
2019-08-12 18:21:14 - [TEST_STEP][PASSED] - takeScreenshot(screenPath + i + ".png"): Taking screenshot successfully&#xD;
&#xD;
2019-08-12 18:21:15 - [MESSAGE][PASSED] - Taking screenshot successfully&#xD;
[[ATTACHMENT|D:\\Test\\AgileTest\\AgileTest\\Reports\\mobileWeb\\plan detail\\20190812_173746\\../Screenshots/iPhone X/Plan Detail/stm_standard life/20190812_181854/34.png]]&#xD;
&#xD;
2019-08-12 18:21:15 - [TEST_STEP][PASSED] - (internal.GlobalVariable.i++): null&#xD;
&#xD;
2019-08-12 18:21:15 - [MESSAGE][PASSED] - Call Test Case 'Test Cases/mobileWeb/_include/get_screenshot' successfully&#xD;
&#xD;
2019-08-12 18:21:15 - [TEST_STEP][PASSED] - scrollToPosition(0, y): Browser is scrolled to position x = 0, y = 21000&#xD;
&#xD;
2019-08-12 18:21:15 - [MESSAGE][PASSED] - Browser is scrolled to position x = 0, y = 21000&#xD;
&#xD;
2019-08-12 18:21:15 - [TEST_STEP][PASSED] - Thread.sleep(3000): null&#xD;
&#xD;
2019-08-12 18:21:18 - [TEST_STEP][PASSED] - callTestCase(findTestCase("mobileWeb/_include/get_screenshot"), [:], STOP_ON_FAILURE): Call Test Case 'Test Cases/mobileWeb/_include/get_screenshot' successfully&#xD;
&#xD;
2019-08-12 18:21:18 - [TEST_CASE][PASSED] - Test Cases/mobileWeb/_include/get_screenshot: Test Cases/mobileWeb/_include/get_screenshot&#xD;
&#xD;
2019-08-12 18:21:18 - [TEST_STEP][PASSED] - takeScreenshot(screenPath + i + ".png"): Taking screenshot successfully&#xD;
&#xD;
2019-08-12 18:21:19 - [MESSAGE][PASSED] - Taking screenshot successfully&#xD;
[[ATTACHMENT|D:\\Test\\AgileTest\\AgileTest\\Reports\\mobileWeb\\plan detail\\20190812_173746\\../Screenshots/iPhone X/Plan Detail/stm_standard life/20190812_181854/35.png]]&#xD;
&#xD;
2019-08-12 18:21:19 - [TEST_STEP][PASSED] - (internal.GlobalVariable.i++): null&#xD;
&#xD;
2019-08-12 18:21:19 - [MESSAGE][PASSED] - Call Test Case 'Test Cases/mobileWeb/_include/get_screenshot' successfully&#xD;
&#xD;
2019-08-12 18:21:19 - [TEST_STEP][PASSED] - scrollToPosition(0, y): Browser is scrolled to position x = 0, y = 21600&#xD;
&#xD;
2019-08-12 18:21:19 - [MESSAGE][PASSED] - Browser is scrolled to position x = 0, y = 21600&#xD;
&#xD;
2019-08-12 18:21:19 - [TEST_STEP][PASSED] - Thread.sleep(3000): null&#xD;
&#xD;
2019-08-12 18:21:22 - [TEST_STEP][PASSED] - callTestCase(findTestCase("mobileWeb/_include/get_screenshot"), [:], STOP_ON_FAILURE): Call Test Case 'Test Cases/mobileWeb/_include/get_screenshot' successfully&#xD;
&#xD;
2019-08-12 18:21:22 - [TEST_CASE][PASSED] - Test Cases/mobileWeb/_include/get_screenshot: Test Cases/mobileWeb/_include/get_screenshot&#xD;
&#xD;
2019-08-12 18:21:22 - [TEST_STEP][PASSED] - takeScreenshot(screenPath + i + ".png"): Taking screenshot successfully&#xD;
&#xD;
2019-08-12 18:21:22 - [MESSAGE][PASSED] - Taking screenshot successfully&#xD;
[[ATTACHMENT|D:\\Test\\AgileTest\\AgileTest\\Reports\\mobileWeb\\plan detail\\20190812_173746\\../Screenshots/iPhone X/Plan Detail/stm_standard life/20190812_181854/36.png]]&#xD;
&#xD;
2019-08-12 18:21:22 - [TEST_STEP][PASSED] - (internal.GlobalVariable.i++): null&#xD;
&#xD;
2019-08-12 18:21:22 - [MESSAGE][PASSED] - Call Test Case 'Test Cases/mobileWeb/_include/get_screenshot' successfully&#xD;
&#xD;
2019-08-12 18:21:22 - [TEST_STEP][PASSED] - scrollToPosition(0, y): Browser is scrolled to position x = 0, y = 22200&#xD;
&#xD;
2019-08-12 18:21:22 - [MESSAGE][PASSED] - Browser is scrolled to position x = 0, y = 22200&#xD;
&#xD;
2019-08-12 18:21:22 - [TEST_STEP][PASSED] - Thread.sleep(3000): null&#xD;
&#xD;
2019-08-12 18:21:25 - [TEST_STEP][PASSED] - callTestCase(findTestCase("mobileWeb/_include/get_screenshot"), [:], STOP_ON_FAILURE): Call Test Case 'Test Cases/mobileWeb/_include/get_screenshot' successfully&#xD;
&#xD;
2019-08-12 18:21:25 - [TEST_CASE][PASSED] - Test Cases/mobileWeb/_include/get_screenshot: Test Cases/mobileWeb/_include/get_screenshot&#xD;
&#xD;
2019-08-12 18:21:25 - [TEST_STEP][PASSED] - takeScreenshot(screenPath + i + ".png"): Taking screenshot successfully&#xD;
&#xD;
2019-08-12 18:21:26 - [MESSAGE][PASSED] - Taking screenshot successfully&#xD;
[[ATTACHMENT|D:\\Test\\AgileTest\\AgileTest\\Reports\\mobileWeb\\plan detail\\20190812_173746\\../Screenshots/iPhone X/Plan Detail/stm_standard life/20190812_181854/37.png]]&#xD;
&#xD;
2019-08-12 18:21:26 - [TEST_STEP][PASSED] - (internal.GlobalVariable.i++): null&#xD;
&#xD;
2019-08-12 18:21:26 - [MESSAGE][PASSED] - Call Test Case 'Test Cases/mobileWeb/_include/get_screenshot' successfully&#xD;
&#xD;
2019-08-12 18:21:26 - [TEST_STEP][PASSED] - scrollToPosition(0, y): Browser is scrolled to position x = 0, y = 22800&#xD;
&#xD;
2019-08-12 18:21:26 - [MESSAGE][PASSED] - Browser is scrolled to position x = 0, y = 22800&#xD;
&#xD;
2019-08-12 18:21:26 - [TEST_STEP][PASSED] - Thread.sleep(3000): null&#xD;
&#xD;
2019-08-12 18:21:29 - [TEST_STEP][PASSED] - callTestCase(findTestCase("mobileWeb/_include/get_screenshot"), [:], STOP_ON_FAILURE): Call Test Case 'Test Cases/mobileWeb/_include/get_screenshot' successfully&#xD;
&#xD;
2019-08-12 18:21:29 - [TEST_CASE][PASSED] - Test Cases/mobileWeb/_include/get_screenshot: Test Cases/mobileWeb/_include/get_screenshot&#xD;
&#xD;
2019-08-12 18:21:29 - [TEST_STEP][PASSED] - takeScreenshot(screenPath + i + ".png"): Taking screenshot successfully&#xD;
&#xD;
2019-08-12 18:21:30 - [MESSAGE][PASSED] - Taking screenshot successfully&#xD;
[[ATTACHMENT|D:\\Test\\AgileTest\\AgileTest\\Reports\\mobileWeb\\plan detail\\20190812_173746\\../Screenshots/iPhone X/Plan Detail/stm_standard life/20190812_181854/38.png]]&#xD;
&#xD;
2019-08-12 18:21:30 - [TEST_STEP][PASSED] - (internal.GlobalVariable.i++): null&#xD;
&#xD;
2019-08-12 18:21:30 - [MESSAGE][PASSED] - Call Test Case 'Test Cases/mobileWeb/_include/get_screenshot' successfully&#xD;
&#xD;
2019-08-12 18:21:30 - [TEST_STEP][PASSED] - scrollToPosition(0, y): Browser is scrolled to position x = 0, y = 23400&#xD;
&#xD;
2019-08-12 18:21:30 - [MESSAGE][PASSED] - Browser is scrolled to position x = 0, y = 23400&#xD;
&#xD;
2019-08-12 18:21:30 - [TEST_STEP][PASSED] - Thread.sleep(3000): null&#xD;
&#xD;
2019-08-12 18:21:33 - [TEST_STEP][PASSED] - callTestCase(findTestCase("mobileWeb/_include/get_screenshot"), [:], STOP_ON_FAILURE): Call Test Case 'Test Cases/mobileWeb/_include/get_screenshot' successfully&#xD;
&#xD;
2019-08-12 18:21:33 - [TEST_CASE][PASSED] - Test Cases/mobileWeb/_include/get_screenshot: Test Cases/mobileWeb/_include/get_screenshot&#xD;
&#xD;
2019-08-12 18:21:33 - [TEST_STEP][PASSED] - takeScreenshot(screenPath + i + ".png"): Taking screenshot successfully&#xD;
&#xD;
2019-08-12 18:21:34 - [MESSAGE][PASSED] - Taking screenshot successfully&#xD;
[[ATTACHMENT|D:\\Test\\AgileTest\\AgileTest\\Reports\\mobileWeb\\plan detail\\20190812_173746\\../Screenshots/iPhone X/Plan Detail/stm_standard life/20190812_181854/39.png]]&#xD;
&#xD;
2019-08-12 18:21:34 - [TEST_STEP][PASSED] - (internal.GlobalVariable.i++): null&#xD;
&#xD;
2019-08-12 18:21:34 - [MESSAGE][PASSED] - Call Test Case 'Test Cases/mobileWeb/_include/get_screenshot' successfully&#xD;
&#xD;
2019-08-12 18:21:34 - [TEST_STEP][PASSED] - scrollToPosition(0, y): Browser is scrolled to position x = 0, y = 24000&#xD;
&#xD;
2019-08-12 18:21:34 - [MESSAGE][PASSED] - Browser is scrolled to position x = 0, y = 24000&#xD;
&#xD;
2019-08-12 18:21:34 - [TEST_STEP][PASSED] - Thread.sleep(3000): null&#xD;
&#xD;
2019-08-12 18:21:37 - [TEST_STEP][PASSED] - callTestCase(findTestCase("mobileWeb/_include/get_screenshot"), [:], STOP_ON_FAILURE): Call Test Case 'Test Cases/mobileWeb/_include/get_screenshot' successfully&#xD;
&#xD;
2019-08-12 18:21:37 - [TEST_CASE][PASSED] - Test Cases/mobileWeb/_include/get_screenshot: Test Cases/mobileWeb/_include/get_screenshot&#xD;
&#xD;
2019-08-12 18:21:37 - [TEST_STEP][PASSED] - takeScreenshot(screenPath + i + ".png"): Taking screenshot successfully&#xD;
&#xD;
2019-08-12 18:21:37 - [MESSAGE][PASSED] - Taking screenshot successfully&#xD;
[[ATTACHMENT|D:\\Test\\AgileTest\\AgileTest\\Reports\\mobileWeb\\plan detail\\20190812_173746\\../Screenshots/iPhone X/Plan Detail/stm_standard life/20190812_181854/40.png]]&#xD;
&#xD;
2019-08-12 18:21:37 - [TEST_STEP][PASSED] - (internal.GlobalVariable.i++): null&#xD;
&#xD;
2019-08-12 18:21:37 - [MESSAGE][PASSED] - Call Test Case 'Test Cases/mobileWeb/_include/get_screenshot' successfully&#xD;
&#xD;
2019-08-12 18:21:37 - [TEST_STEP][PASSED] - scrollToPosition(0, y): Browser is scrolled to position x = 0, y = 24600&#xD;
&#xD;
2019-08-12 18:21:37 - [MESSAGE][PASSED] - Browser is scrolled to position x = 0, y = 24600&#xD;
&#xD;
2019-08-12 18:21:37 - [TEST_STEP][PASSED] - Thread.sleep(3000): null&#xD;
&#xD;
2019-08-12 18:21:40 - [TEST_STEP][PASSED] - callTestCase(findTestCase("mobileWeb/_include/get_screenshot"), [:], STOP_ON_FAILURE): Call Test Case 'Test Cases/mobileWeb/_include/get_screenshot' successfully&#xD;
&#xD;
2019-08-12 18:21:40 - [TEST_CASE][PASSED] - Test Cases/mobileWeb/_include/get_screenshot: Test Cases/mobileWeb/_include/get_screenshot&#xD;
&#xD;
2019-08-12 18:21:40 - [TEST_STEP][PASSED] - takeScreenshot(screenPath + i + ".png"): Taking screenshot successfully&#xD;
&#xD;
2019-08-12 18:21:41 - [MESSAGE][PASSED] - Taking screenshot successfully&#xD;
[[ATTACHMENT|D:\\Test\\AgileTest\\AgileTest\\Reports\\mobileWeb\\plan detail\\20190812_173746\\../Screenshots/iPhone X/Plan Detail/stm_standard life/20190812_181854/41.png]]&#xD;
&#xD;
2019-08-12 18:21:41 - [TEST_STEP][PASSED] - (internal.GlobalVariable.i++): null&#xD;
&#xD;
2019-08-12 18:21:41 - [MESSAGE][PASSED] - Call Test Case 'Test Cases/mobileWeb/_include/get_screenshot' successfully&#xD;
&#xD;
2019-08-12 18:21:41 - [TEST_STEP][PASSED] - scrollToPosition(0, y): Browser is scrolled to position x = 0, y = 25200&#xD;
&#xD;
2019-08-12 18:21:41 - [MESSAGE][PASSED] - Browser is scrolled to position x = 0, y = 25200&#xD;
&#xD;
2019-08-12 18:21:41 - [TEST_STEP][PASSED] - Thread.sleep(3000): null&#xD;
&#xD;
2019-08-12 18:21:44 - [TEST_STEP][PASSED] - callTestCase(findTestCase("mobileWeb/_include/get_screenshot"), [:], STOP_ON_FAILURE): Call Test Case 'Test Cases/mobileWeb/_include/get_screenshot' successfully&#xD;
&#xD;
2019-08-12 18:21:44 - [TEST_CASE][PASSED] - Test Cases/mobileWeb/_include/get_screenshot: Test Cases/mobileWeb/_include/get_screenshot&#xD;
&#xD;
2019-08-12 18:21:44 - [TEST_STEP][PASSED] - takeScreenshot(screenPath + i + ".png"): Taking screenshot successfully&#xD;
&#xD;
2019-08-12 18:21:45 - [MESSAGE][PASSED] - Taking screenshot successfully&#xD;
[[ATTACHMENT|D:\\Test\\AgileTest\\AgileTest\\Reports\\mobileWeb\\plan detail\\20190812_173746\\../Screenshots/iPhone X/Plan Detail/stm_standard life/20190812_181854/42.png]]&#xD;
&#xD;
2019-08-12 18:21:45 - [TEST_STEP][PASSED] - (internal.GlobalVariable.i++): null&#xD;
&#xD;
2019-08-12 18:21:45 - [MESSAGE][PASSED] - Call Test Case 'Test Cases/mobileWeb/_include/get_screenshot' successfully&#xD;
&#xD;
2019-08-12 18:21:45 - [TEST_STEP][PASSED] - scrollToPosition(0, y): Browser is scrolled to position x = 0, y = 25800&#xD;
&#xD;
2019-08-12 18:21:45 - [MESSAGE][PASSED] - Browser is scrolled to position x = 0, y = 25800&#xD;
&#xD;
2019-08-12 18:21:45 - [TEST_STEP][PASSED] - Thread.sleep(3000): null&#xD;
&#xD;
2019-08-12 18:21:48 - [TEST_STEP][PASSED] - callTestCase(findTestCase("mobileWeb/_include/get_screenshot"), [:], STOP_ON_FAILURE): Call Test Case 'Test Cases/mobileWeb/_include/get_screenshot' successfully&#xD;
&#xD;
2019-08-12 18:21:48 - [TEST_CASE][PASSED] - Test Cases/mobileWeb/_include/get_screenshot: Test Cases/mobileWeb/_include/get_screenshot&#xD;
&#xD;
2019-08-12 18:21:48 - [TEST_STEP][PASSED] - takeScreenshot(screenPath + i + ".png"): Taking screenshot successfully&#xD;
&#xD;
2019-08-12 18:21:49 - [MESSAGE][PASSED] - Taking screenshot successfully&#xD;
[[ATTACHMENT|D:\\Test\\AgileTest\\AgileTest\\Reports\\mobileWeb\\plan detail\\20190812_173746\\../Screenshots/iPhone X/Plan Detail/stm_standard life/20190812_181854/43.png]]&#xD;
&#xD;
2019-08-12 18:21:49 - [TEST_STEP][PASSED] - (internal.GlobalVariable.i++): null&#xD;
&#xD;
2019-08-12 18:21:49 - [MESSAGE][PASSED] - Call Test Case 'Test Cases/mobileWeb/_include/get_screenshot' successfully&#xD;
&#xD;
2019-08-12 18:21:49 - [TEST_STEP][PASSED] - scrollToPosition(0, y): Browser is scrolled to position x = 0, y = 26400&#xD;
&#xD;
2019-08-12 18:21:49 - [MESSAGE][PASSED] - Browser is scrolled to position x = 0, y = 26400&#xD;
&#xD;
2019-08-12 18:21:49 - [TEST_STEP][PASSED] - Thread.sleep(3000): null&#xD;
&#xD;
2019-08-12 18:21:52 - [TEST_STEP][PASSED] - callTestCase(findTestCase("mobileWeb/_include/get_screenshot"), [:], STOP_ON_FAILURE): Call Test Case 'Test Cases/mobileWeb/_include/get_screenshot' successfully&#xD;
&#xD;
2019-08-12 18:21:52 - [TEST_CASE][PASSED] - Test Cases/mobileWeb/_include/get_screenshot: Test Cases/mobileWeb/_include/get_screenshot&#xD;
&#xD;
2019-08-12 18:21:52 - [TEST_STEP][PASSED] - takeScreenshot(screenPath + i + ".png"): Taking screenshot successfully&#xD;
&#xD;
2019-08-12 18:21:53 - [MESSAGE][PASSED] - Taking screenshot successfully&#xD;
[[ATTACHMENT|D:\\Test\\AgileTest\\AgileTest\\Reports\\mobileWeb\\plan detail\\20190812_173746\\../Screenshots/iPhone X/Plan Detail/stm_standard life/20190812_181854/44.png]]&#xD;
&#xD;
2019-08-12 18:21:53 - [TEST_STEP][PASSED] - (internal.GlobalVariable.i++): null&#xD;
&#xD;
2019-08-12 18:21:53 - [MESSAGE][PASSED] - Call Test Case 'Test Cases/mobileWeb/_include/get_screenshot' successfully&#xD;
&#xD;
2019-08-12 18:21:53 - [TEST_STEP][PASSED] - scrollToPosition(0, y): Browser is scrolled to position x = 0, y = 27000&#xD;
&#xD;
2019-08-12 18:21:53 - [MESSAGE][PASSED] - Browser is scrolled to position x = 0, y = 27000&#xD;
&#xD;
2019-08-12 18:21:53 - [TEST_STEP][PASSED] - Thread.sleep(3000): null&#xD;
&#xD;
2019-08-12 18:21:56 - [TEST_STEP][PASSED] - callTestCase(findTestCase("mobileWeb/_include/get_screenshot"), [:], STOP_ON_FAILURE): Call Test Case 'Test Cases/mobileWeb/_include/get_screenshot' successfully&#xD;
&#xD;
2019-08-12 18:21:56 - [TEST_CASE][PASSED] - Test Cases/mobileWeb/_include/get_screenshot: Test Cases/mobileWeb/_include/get_screenshot&#xD;
&#xD;
2019-08-12 18:21:56 - [TEST_STEP][PASSED] - takeScreenshot(screenPath + i + ".png"): Taking screenshot successfully&#xD;
&#xD;
2019-08-12 18:21:56 - [MESSAGE][PASSED] - Taking screenshot successfully&#xD;
[[ATTACHMENT|D:\\Test\\AgileTest\\AgileTest\\Reports\\mobileWeb\\plan detail\\20190812_173746\\../Screenshots/iPhone X/Plan Detail/stm_standard life/20190812_181854/45.png]]&#xD;
&#xD;
2019-08-12 18:21:56 - [TEST_STEP][PASSED] - (internal.GlobalVariable.i++): null&#xD;
&#xD;
2019-08-12 18:21:56 - [MESSAGE][PASSED] - Call Test Case 'Test Cases/mobileWeb/_include/get_screenshot' successfully&#xD;
&#xD;
2019-08-12 18:21:56 - [TEST_STEP][PASSED] - scrollToPosition(0, y): Browser is scrolled to position x = 0, y = 27600&#xD;
&#xD;
2019-08-12 18:21:56 - [MESSAGE][PASSED] - Browser is scrolled to position x = 0, y = 27600&#xD;
&#xD;
2019-08-12 18:21:56 - [TEST_STEP][PASSED] - Thread.sleep(3000): null&#xD;
&#xD;
2019-08-12 18:21:59 - [MESSAGE][PASSED] - Call Test Case 'Test Cases/mobileWeb/_include/get_scrollScreenshot' successfully</system-out>
            <system-err></system-err>
        </testcase>
        <system-out>2019-08-12 17:37:49 - [TEST_SUITE][INCOMPLETE] - plan detail: null</system-out>
        <system-err>2019-08-12 17:37:49 - [TEST_SUITE][INCOMPLETE] - plan detail: null</system-err>
    </testsuite>
</testsuites>
