<?xml version="1.0" encoding="UTF-8"?>
<testsuites name="HP" time="115" tests="4" failures="0" errors="0">
   <testsuite name="HP" tests="4" failures="0" errors="0" time="115" timestamp="2019-12-05 22:24:15" hostname="Administrator - 172.30.0.53" id="Test Suites/HP/HP">
      <properties>
         <property name="deviceName" value=""/>
         <property name="devicePlatform" value=""/>
         <property name="logFolder" value="D:\\Test\\AgileTest\\Reports\\HP\\HP\\20191205_222411"/>
         <property name="logFiles" value="D:\\Test\\AgileTest\\Reports\\HP\\HP\\20191205_222411\\execution0.log"/>
         <property name="attachments" value="D:\\Test\\AgileTest\\Reports\\HP\\HP\\20191205_222411\\../Screenshots/HP/IFP/20191205_222416/0.png, D:\\Test\\AgileTest\\Reports\\HP\\HP\\20191205_222411\\../Screenshots/HP/IFP/20191205_222416/1.png, D:\\Test\\AgileTest\\Reports\\HP\\HP\\20191205_222411\\../Screenshots/HP/IFP/20191205_222416/2.png, D:\\Test\\AgileTest\\Reports\\HP\\HP\\20191205_222411\\../Screenshots/HP/IFP/20191205_222416/3.png, D:\\Test\\AgileTest\\Reports\\HP\\HP\\20191205_222411\\../Screenshots/HP/IFP/20191205_222416/4.png, D:\\Test\\AgileTest\\Reports\\HP\\HP\\20191205_222411\\../Screenshots/HP/IFP/20191205_222416/5.png, D:\\Test\\AgileTest\\Reports\\HP\\HP\\20191205_222411\\../Screenshots/HP/IFP/20191205_222416/6.png, D:\\Test\\AgileTest\\Reports\\HP\\HP\\20191205_222411\\../Screenshots/HP/HomePage/20191205_222539/0.png, D:\\Test\\AgileTest\\Reports\\HP\\HP\\20191205_222411\\../Screenshots/HP/Medicare/20191205_222544/0.png, D:\\Test\\AgileTest\\Reports\\HP\\HP\\20191205_222411\\../Screenshots/HP/Medicare/20191205_222544/1.png, D:\\Test\\AgileTest\\Reports\\HP\\HP\\20191205_222411\\../Screenshots/HP/Medicare/20191205_222544/2.png, D:\\Test\\AgileTest\\Reports\\HP\\HP\\20191205_222411\\../Screenshots/HP/Medicare/20191205_222544/3.png, D:\\Test\\AgileTest\\Reports\\HP\\HP\\20191205_222411\\../Screenshots/HP/Medicare/20191205_222544/4.png, D:\\Test\\AgileTest\\Reports\\HP\\HP\\20191205_222411\\../Screenshots/HP/STM/20191205_222557/0.png, D:\\Test\\AgileTest\\Reports\\HP\\HP\\20191205_222411\\../Screenshots/HP/STM/20191205_222557/1.png, D:\\Test\\AgileTest\\Reports\\HP\\HP\\20191205_222411\\../Screenshots/HP/STM/20191205_222557/2.png, D:\\Test\\AgileTest\\Reports\\HP\\HP\\20191205_222411\\../Screenshots/HP/STM/20191205_222557/3.png, D:\\Test\\AgileTest\\Reports\\HP\\HP\\20191205_222411\\../Screenshots/HP/STM/20191205_222557/4.png, D:\\Test\\AgileTest\\Reports\\HP\\HP\\20191205_222411\\../Screenshots/HP/STM/20191205_222557/5.png"/>
         <property name="hostName" value="Administrator - 172.30.0.53"/>
         <property name="os" value="Windows Server 2012 R2 64bit"/>
         <property name="katalonVersion" value="5.10.1.1"/>
         <property name="browser" value="Safari 11"/>
         <property name="hostAddress" value="172.30.0.53"/>
         <property name="sessionId" value="afd310c0926c67302d71974ae9a70a0d"/>
         <property name="seleniumVersion" value="3.7.1"/>
         <property name="proxyInformation" value="ProxyInformation{proxyOption=NO_PROXY, proxyServerType=HTTP, password=, proxyServerAddress=, proxyServerPort=0}"/>
         <property name="platform" value="Windows Server 2012 R2"/>
      </properties>
      <testcase name="Test Cases/HP/ACA/ACAFlow" classname="Test Cases/HP/ACA/ACAFlow" status="PASSED">
         <system-out><![CDATA[2019-12-05 22:24:15 - [TEST_CASE][PASSED] - Test Cases/HP/ACA/ACAFlow: Test Cases/HP/ACA/ACAFlow

2019-12-05 22:24:16 - [TEST_STEP][PASSED] - now = new java.util.Date(): null

2019-12-05 22:24:16 - [TEST_STEP][PASSED] - mydate = now.format("yyyyMMdd_HHmmss"): null

2019-12-05 22:24:16 - [TEST_STEP][PASSED] - screenPath = HPPath + "IFP/" + mydate + "/": null

2019-12-05 22:24:16 - [TEST_STEP][PASSED] - i = 0: null

2019-12-05 22:24:16 - [TEST_STEP][PASSED] - second = <not implemented yet for class: org.codehaus.groovy.ast.expr.EmptyExpression>: null

2019-12-05 22:24:16 - [TEST_STEP][PASSED] - openBrowser("www.healthpocket.com/individual-health-insurance"): Browser is opened with url: 'www.healthpocket.com/individual-health-insurance'

2019-12-05 22:24:16 - [MESSAGE][INFO] - Starting 'Chrome' driver

2019-12-05 22:24:16 - [MESSAGE][INFO] - User set preference: ['mobileEmulation', '{deviceName=iPhone 6}']

2019-12-05 22:24:16 - [MESSAGE][INFO] - User set preference: ['args', '[--incognito, --aggressive-cache-discard, --window-size=375,677, --no-sandbox]']

2019-12-05 22:24:16 - [MESSAGE][INFO] - Action delay is set to 0 seconds

2019-12-05 22:24:21 - [MESSAGE][PASSED] - Browser is opened with url: 'www.healthpocket.com/individual-health-insurance'

2019-12-05 22:24:21 - [TEST_STEP][PASSED] - driver = getWebDriver(): null

2019-12-05 22:24:21 - [TEST_STEP][PASSED] - baseUrl = "https://www.healthpocket.com/individual-health-insurance/": null

2019-12-05 22:24:21 - [TEST_STEP][PASSED] - selenium = new com.thoughtworks.selenium.webdriven.WebDriverBackedSelenium(driver, baseUrl): null

2019-12-05 22:24:21 - [TEST_STEP][PASSED] - selenium.refresh(): null

2019-12-05 22:24:21 - [TEST_STEP][PASSED] - selenium.waitForPageToLoad("30000"): null

2019-12-05 22:24:23 - [TEST_STEP][PASSED] - for ([second = 0, second < 60, (second++)]): null

2019-12-05 22:24:23 - [TEST_STEP][PASSED] - try: null

2019-12-05 22:24:23 - [TEST_STEP][PASSED] - if (selenium.isElementPresent("//a[contains(text(),'No Thanks. I want to see ACA plans.')]")): null

2019-12-05 22:24:23 - [TEST_STEP][PASSED] - catch (Exception e): null

2019-12-05 22:24:23 - [TEST_STEP][PASSED] - Thread.sleep(1000): null

2019-12-05 22:24:24 - [TEST_STEP][PASSED] - try: null

2019-12-05 22:24:24 - [TEST_STEP][PASSED] - if (selenium.isElementPresent("//a[contains(text(),'No Thanks. I want to see ACA plans.')]")): null

2019-12-05 22:24:24 - [TEST_STEP][PASSED] - catch (Exception e): null

2019-12-05 22:24:24 - [TEST_STEP][PASSED] - Thread.sleep(1000): null

2019-12-05 22:24:25 - [TEST_STEP][PASSED] - try: null

2019-12-05 22:24:25 - [TEST_STEP][PASSED] - if (selenium.isElementPresent("//a[contains(text(),'No Thanks. I want to see ACA plans.')]")): null

2019-12-05 22:24:26 - [TEST_STEP][PASSED] - catch (Exception e): null

2019-12-05 22:24:26 - [TEST_STEP][PASSED] - Thread.sleep(1000): null

2019-12-05 22:24:27 - [TEST_STEP][PASSED] - try: null

2019-12-05 22:24:27 - [TEST_STEP][PASSED] - if (selenium.isElementPresent("//a[contains(text(),'No Thanks. I want to see ACA plans.')]")): null

2019-12-05 22:24:27 - [TEST_STEP][PASSED] - catch (Exception e): null

2019-12-05 22:24:27 - [TEST_STEP][PASSED] - Thread.sleep(1000): null

2019-12-05 22:24:28 - [TEST_STEP][PASSED] - try: null

2019-12-05 22:24:28 - [TEST_STEP][PASSED] - if (selenium.isElementPresent("//a[contains(text(),'No Thanks. I want to see ACA plans.')]")): null

2019-12-05 22:24:29 - [TEST_STEP][PASSED] - catch (Exception e): null

2019-12-05 22:24:29 - [TEST_STEP][PASSED] - Thread.sleep(1000): null

2019-12-05 22:24:30 - [TEST_STEP][PASSED] - try: null

2019-12-05 22:24:30 - [TEST_STEP][PASSED] - if (selenium.isElementPresent("//a[contains(text(),'No Thanks. I want to see ACA plans.')]")): null

2019-12-05 22:24:30 - [TEST_STEP][PASSED] - catch (Exception e): null

2019-12-05 22:24:30 - [TEST_STEP][PASSED] - Thread.sleep(1000): null

2019-12-05 22:24:31 - [TEST_STEP][PASSED] - try: null

2019-12-05 22:24:31 - [TEST_STEP][PASSED] - if (selenium.isElementPresent("//a[contains(text(),'No Thanks. I want to see ACA plans.')]")): null

2019-12-05 22:24:31 - [TEST_STEP][PASSED] - catch (Exception e): null

2019-12-05 22:24:31 - [TEST_STEP][PASSED] - Thread.sleep(1000): null

2019-12-05 22:24:32 - [TEST_STEP][PASSED] - try: null

2019-12-05 22:24:32 - [TEST_STEP][PASSED] - if (selenium.isElementPresent("//a[contains(text(),'No Thanks. I want to see ACA plans.')]")): null

2019-12-05 22:24:32 - [TEST_STEP][PASSED] - catch (Exception e): null

2019-12-05 22:24:32 - [TEST_STEP][PASSED] - Thread.sleep(1000): null

2019-12-05 22:24:33 - [TEST_STEP][PASSED] - try: null

2019-12-05 22:24:33 - [TEST_STEP][PASSED] - if (selenium.isElementPresent("//a[contains(text(),'No Thanks. I want to see ACA plans.')]")): null

2019-12-05 22:24:33 - [TEST_STEP][PASSED] - catch (Exception e): null

2019-12-05 22:24:33 - [TEST_STEP][PASSED] - Thread.sleep(1000): null

2019-12-05 22:24:34 - [TEST_STEP][PASSED] - try: null

2019-12-05 22:24:34 - [TEST_STEP][PASSED] - if (selenium.isElementPresent("//a[contains(text(),'No Thanks. I want to see ACA plans.')]")): null

2019-12-05 22:24:34 - [TEST_STEP][PASSED] - catch (Exception e): null

2019-12-05 22:24:34 - [TEST_STEP][PASSED] - Thread.sleep(1000): null

2019-12-05 22:24:35 - [TEST_STEP][PASSED] - try: null

2019-12-05 22:24:35 - [TEST_STEP][PASSED] - if (selenium.isElementPresent("//a[contains(text(),'No Thanks. I want to see ACA plans.')]")): null

2019-12-05 22:24:35 - [TEST_STEP][PASSED] - catch (Exception e): null

2019-12-05 22:24:35 - [TEST_STEP][PASSED] - Thread.sleep(1000): null

2019-12-05 22:24:36 - [TEST_STEP][PASSED] - try: null

2019-12-05 22:24:36 - [TEST_STEP][PASSED] - if (selenium.isElementPresent("//a[contains(text(),'No Thanks. I want to see ACA plans.')]")): null

2019-12-05 22:24:36 - [TEST_STEP][PASSED] - catch (Exception e): null

2019-12-05 22:24:36 - [TEST_STEP][PASSED] - Thread.sleep(1000): null

2019-12-05 22:24:37 - [TEST_STEP][PASSED] - try: null

2019-12-05 22:24:37 - [TEST_STEP][PASSED] - if (selenium.isElementPresent("//a[contains(text(),'No Thanks. I want to see ACA plans.')]")): null

2019-12-05 22:24:38 - [TEST_STEP][PASSED] - catch (Exception e): null

2019-12-05 22:24:38 - [TEST_STEP][PASSED] - Thread.sleep(1000): null

2019-12-05 22:24:39 - [TEST_STEP][PASSED] - try: null

2019-12-05 22:24:39 - [TEST_STEP][PASSED] - if (selenium.isElementPresent("//a[contains(text(),'No Thanks. I want to see ACA plans.')]")): null

2019-12-05 22:24:39 - [TEST_STEP][PASSED] - catch (Exception e): null

2019-12-05 22:24:39 - [TEST_STEP][PASSED] - Thread.sleep(1000): null

2019-12-05 22:24:40 - [TEST_STEP][PASSED] - try: null

2019-12-05 22:24:40 - [TEST_STEP][PASSED] - if (selenium.isElementPresent("//a[contains(text(),'No Thanks. I want to see ACA plans.')]")): null

2019-12-05 22:24:40 - [TEST_STEP][PASSED] - catch (Exception e): null

2019-12-05 22:24:40 - [TEST_STEP][PASSED] - Thread.sleep(1000): null

2019-12-05 22:24:41 - [TEST_STEP][PASSED] - try: null

2019-12-05 22:24:41 - [TEST_STEP][PASSED] - if (selenium.isElementPresent("//a[contains(text(),'No Thanks. I want to see ACA plans.')]")): null

2019-12-05 22:24:41 - [TEST_STEP][PASSED] - catch (Exception e): null

2019-12-05 22:24:41 - [TEST_STEP][PASSED] - Thread.sleep(1000): null

2019-12-05 22:24:42 - [TEST_STEP][PASSED] - try: null

2019-12-05 22:24:42 - [TEST_STEP][PASSED] - if (selenium.isElementPresent("//a[contains(text(),'No Thanks. I want to see ACA plans.')]")): null

2019-12-05 22:24:42 - [TEST_STEP][PASSED] - catch (Exception e): null

2019-12-05 22:24:42 - [TEST_STEP][PASSED] - Thread.sleep(1000): null

2019-12-05 22:24:43 - [TEST_STEP][PASSED] - try: null

2019-12-05 22:24:43 - [TEST_STEP][PASSED] - if (selenium.isElementPresent("//a[contains(text(),'No Thanks. I want to see ACA plans.')]")): null

2019-12-05 22:24:43 - [TEST_STEP][PASSED] - catch (Exception e): null

2019-12-05 22:24:43 - [TEST_STEP][PASSED] - Thread.sleep(1000): null

2019-12-05 22:24:44 - [TEST_STEP][PASSED] - try: null

2019-12-05 22:24:44 - [TEST_STEP][PASSED] - if (selenium.isElementPresent("//a[contains(text(),'No Thanks. I want to see ACA plans.')]")): null

2019-12-05 22:24:44 - [TEST_STEP][PASSED] - catch (Exception e): null

2019-12-05 22:24:44 - [TEST_STEP][PASSED] - Thread.sleep(1000): null

2019-12-05 22:24:45 - [TEST_STEP][PASSED] - try: null

2019-12-05 22:24:45 - [TEST_STEP][PASSED] - if (selenium.isElementPresent("//a[contains(text(),'No Thanks. I want to see ACA plans.')]")): null

2019-12-05 22:24:45 - [TEST_STEP][PASSED] - catch (Exception e): null

2019-12-05 22:24:45 - [TEST_STEP][PASSED] - Thread.sleep(1000): null

2019-12-05 22:24:46 - [TEST_STEP][PASSED] - try: null

2019-12-05 22:24:46 - [TEST_STEP][PASSED] - if (selenium.isElementPresent("//a[contains(text(),'No Thanks. I want to see ACA plans.')]")): null

2019-12-05 22:24:46 - [TEST_STEP][PASSED] - catch (Exception e): null

2019-12-05 22:24:46 - [TEST_STEP][PASSED] - Thread.sleep(1000): null

2019-12-05 22:24:47 - [TEST_STEP][PASSED] - try: null

2019-12-05 22:24:47 - [TEST_STEP][PASSED] - if (selenium.isElementPresent("//a[contains(text(),'No Thanks. I want to see ACA plans.')]")): null

2019-12-05 22:24:47 - [TEST_STEP][PASSED] - catch (Exception e): null

2019-12-05 22:24:47 - [TEST_STEP][PASSED] - Thread.sleep(1000): null

2019-12-05 22:24:48 - [TEST_STEP][PASSED] - try: null

2019-12-05 22:24:48 - [TEST_STEP][PASSED] - if (selenium.isElementPresent("//a[contains(text(),'No Thanks. I want to see ACA plans.')]")): null

2019-12-05 22:24:48 - [TEST_STEP][PASSED] - catch (Exception e): null

2019-12-05 22:24:48 - [TEST_STEP][PASSED] - Thread.sleep(1000): null

2019-12-05 22:24:49 - [TEST_STEP][PASSED] - try: null

2019-12-05 22:24:49 - [TEST_STEP][PASSED] - if (selenium.isElementPresent("//a[contains(text(),'No Thanks. I want to see ACA plans.')]")): null

2019-12-05 22:24:49 - [TEST_STEP][PASSED] - catch (Exception e): null

2019-12-05 22:24:49 - [TEST_STEP][PASSED] - Thread.sleep(1000): null

2019-12-05 22:24:50 - [TEST_STEP][PASSED] - try: null

2019-12-05 22:24:50 - [TEST_STEP][PASSED] - if (selenium.isElementPresent("//a[contains(text(),'No Thanks. I want to see ACA plans.')]")): null

2019-12-05 22:24:50 - [TEST_STEP][PASSED] - catch (Exception e): null

2019-12-05 22:24:50 - [TEST_STEP][PASSED] - Thread.sleep(1000): null

2019-12-05 22:24:51 - [TEST_STEP][PASSED] - try: null

2019-12-05 22:24:51 - [TEST_STEP][PASSED] - if (selenium.isElementPresent("//a[contains(text(),'No Thanks. I want to see ACA plans.')]")): null

2019-12-05 22:24:51 - [TEST_STEP][PASSED] - catch (Exception e): null

2019-12-05 22:24:51 - [TEST_STEP][PASSED] - Thread.sleep(1000): null

2019-12-05 22:24:52 - [TEST_STEP][PASSED] - try: null

2019-12-05 22:24:52 - [TEST_STEP][PASSED] - if (selenium.isElementPresent("//a[contains(text(),'No Thanks. I want to see ACA plans.')]")): null

2019-12-05 22:24:52 - [TEST_STEP][PASSED] - catch (Exception e): null

2019-12-05 22:24:52 - [TEST_STEP][PASSED] - Thread.sleep(1000): null

2019-12-05 22:24:53 - [TEST_STEP][PASSED] - try: null

2019-12-05 22:24:53 - [TEST_STEP][PASSED] - if (selenium.isElementPresent("//a[contains(text(),'No Thanks. I want to see ACA plans.')]")): null

2019-12-05 22:24:54 - [TEST_STEP][PASSED] - catch (Exception e): null

2019-12-05 22:24:54 - [TEST_STEP][PASSED] - Thread.sleep(1000): null

2019-12-05 22:24:55 - [TEST_STEP][PASSED] - try: null

2019-12-05 22:24:55 - [TEST_STEP][PASSED] - if (selenium.isElementPresent("//a[contains(text(),'No Thanks. I want to see ACA plans.')]")): null

2019-12-05 22:24:55 - [TEST_STEP][PASSED] - catch (Exception e): null

2019-12-05 22:24:55 - [TEST_STEP][PASSED] - Thread.sleep(1000): null

2019-12-05 22:24:56 - [TEST_STEP][PASSED] - try: null

2019-12-05 22:24:56 - [TEST_STEP][PASSED] - if (selenium.isElementPresent("//a[contains(text(),'No Thanks. I want to see ACA plans.')]")): null

2019-12-05 22:24:56 - [TEST_STEP][PASSED] - catch (Exception e): null

2019-12-05 22:24:56 - [TEST_STEP][PASSED] - Thread.sleep(1000): null

2019-12-05 22:24:57 - [TEST_STEP][PASSED] - try: null

2019-12-05 22:24:57 - [TEST_STEP][PASSED] - if (selenium.isElementPresent("//a[contains(text(),'No Thanks. I want to see ACA plans.')]")): null

2019-12-05 22:24:57 - [TEST_STEP][PASSED] - catch (Exception e): null

2019-12-05 22:24:57 - [TEST_STEP][PASSED] - Thread.sleep(1000): null

2019-12-05 22:24:58 - [TEST_STEP][PASSED] - try: null

2019-12-05 22:24:58 - [TEST_STEP][PASSED] - if (selenium.isElementPresent("//a[contains(text(),'No Thanks. I want to see ACA plans.')]")): null

2019-12-05 22:24:58 - [TEST_STEP][PASSED] - catch (Exception e): null

2019-12-05 22:24:58 - [TEST_STEP][PASSED] - Thread.sleep(1000): null

2019-12-05 22:24:59 - [TEST_STEP][PASSED] - try: null

2019-12-05 22:24:59 - [TEST_STEP][PASSED] - if (selenium.isElementPresent("//a[contains(text(),'No Thanks. I want to see ACA plans.')]")): null

2019-12-05 22:24:59 - [TEST_STEP][PASSED] - catch (Exception e): null

2019-12-05 22:24:59 - [TEST_STEP][PASSED] - Thread.sleep(1000): null

2019-12-05 22:25:00 - [TEST_STEP][PASSED] - try: null

2019-12-05 22:25:00 - [TEST_STEP][PASSED] - if (selenium.isElementPresent("//a[contains(text(),'No Thanks. I want to see ACA plans.')]")): null

2019-12-05 22:25:00 - [TEST_STEP][PASSED] - catch (Exception e): null

2019-12-05 22:25:00 - [TEST_STEP][PASSED] - Thread.sleep(1000): null

2019-12-05 22:25:01 - [TEST_STEP][PASSED] - try: null

2019-12-05 22:25:01 - [TEST_STEP][PASSED] - if (selenium.isElementPresent("//a[contains(text(),'No Thanks. I want to see ACA plans.')]")): null

2019-12-05 22:25:01 - [TEST_STEP][PASSED] - catch (Exception e): null

2019-12-05 22:25:01 - [TEST_STEP][PASSED] - Thread.sleep(1000): null

2019-12-05 22:25:02 - [TEST_STEP][PASSED] - try: null

2019-12-05 22:25:02 - [TEST_STEP][PASSED] - if (selenium.isElementPresent("//a[contains(text(),'No Thanks. I want to see ACA plans.')]")): null

2019-12-05 22:25:02 - [TEST_STEP][PASSED] - catch (Exception e): null

2019-12-05 22:25:02 - [TEST_STEP][PASSED] - Thread.sleep(1000): null

2019-12-05 22:25:03 - [TEST_STEP][PASSED] - try: null

2019-12-05 22:25:03 - [TEST_STEP][PASSED] - if (selenium.isElementPresent("//a[contains(text(),'No Thanks. I want to see ACA plans.')]")): null

2019-12-05 22:25:03 - [TEST_STEP][PASSED] - catch (Exception e): null

2019-12-05 22:25:03 - [TEST_STEP][PASSED] - Thread.sleep(1000): null

2019-12-05 22:25:04 - [TEST_STEP][PASSED] - try: null

2019-12-05 22:25:04 - [TEST_STEP][PASSED] - if (selenium.isElementPresent("//a[contains(text(),'No Thanks. I want to see ACA plans.')]")): null

2019-12-05 22:25:04 - [TEST_STEP][PASSED] - catch (Exception e): null

2019-12-05 22:25:04 - [TEST_STEP][PASSED] - Thread.sleep(1000): null

2019-12-05 22:25:05 - [TEST_STEP][PASSED] - try: null

2019-12-05 22:25:05 - [TEST_STEP][PASSED] - if (selenium.isElementPresent("//a[contains(text(),'No Thanks. I want to see ACA plans.')]")): null

2019-12-05 22:25:05 - [TEST_STEP][PASSED] - catch (Exception e): null

2019-12-05 22:25:05 - [TEST_STEP][PASSED] - Thread.sleep(1000): null

2019-12-05 22:25:06 - [TEST_STEP][PASSED] - try: null

2019-12-05 22:25:06 - [TEST_STEP][PASSED] - if (selenium.isElementPresent("//a[contains(text(),'No Thanks. I want to see ACA plans.')]")): null

2019-12-05 22:25:06 - [TEST_STEP][PASSED] - catch (Exception e): null

2019-12-05 22:25:06 - [TEST_STEP][PASSED] - Thread.sleep(1000): null

2019-12-05 22:25:07 - [TEST_STEP][PASSED] - try: null

2019-12-05 22:25:07 - [TEST_STEP][PASSED] - if (selenium.isElementPresent("//a[contains(text(),'No Thanks. I want to see ACA plans.')]")): null

2019-12-05 22:25:07 - [TEST_STEP][PASSED] - catch (Exception e): null

2019-12-05 22:25:07 - [TEST_STEP][PASSED] - Thread.sleep(1000): null

2019-12-05 22:25:08 - [TEST_STEP][PASSED] - try: null

2019-12-05 22:25:08 - [TEST_STEP][PASSED] - if (selenium.isElementPresent("//a[contains(text(),'No Thanks. I want to see ACA plans.')]")): null

2019-12-05 22:25:08 - [TEST_STEP][PASSED] - catch (Exception e): null

2019-12-05 22:25:08 - [TEST_STEP][PASSED] - Thread.sleep(1000): null

2019-12-05 22:25:09 - [TEST_STEP][PASSED] - try: null

2019-12-05 22:25:09 - [TEST_STEP][PASSED] - if (selenium.isElementPresent("//a[contains(text(),'No Thanks. I want to see ACA plans.')]")): null

2019-12-05 22:25:10 - [TEST_STEP][PASSED] - catch (Exception e): null

2019-12-05 22:25:10 - [TEST_STEP][PASSED] - Thread.sleep(1000): null

2019-12-05 22:25:11 - [TEST_STEP][PASSED] - try: null

2019-12-05 22:25:11 - [TEST_STEP][PASSED] - if (selenium.isElementPresent("//a[contains(text(),'No Thanks. I want to see ACA plans.')]")): null

2019-12-05 22:25:11 - [TEST_STEP][PASSED] - catch (Exception e): null

2019-12-05 22:25:11 - [TEST_STEP][PASSED] - Thread.sleep(1000): null

2019-12-05 22:25:12 - [TEST_STEP][PASSED] - try: null

2019-12-05 22:25:12 - [TEST_STEP][PASSED] - if (selenium.isElementPresent("//a[contains(text(),'No Thanks. I want to see ACA plans.')]")): null

2019-12-05 22:25:12 - [TEST_STEP][PASSED] - catch (Exception e): null

2019-12-05 22:25:12 - [TEST_STEP][PASSED] - Thread.sleep(1000): null

2019-12-05 22:25:13 - [TEST_STEP][PASSED] - try: null

2019-12-05 22:25:13 - [TEST_STEP][PASSED] - if (selenium.isElementPresent("//a[contains(text(),'No Thanks. I want to see ACA plans.')]")): null

2019-12-05 22:25:13 - [TEST_STEP][PASSED] - catch (Exception e): null

2019-12-05 22:25:13 - [TEST_STEP][PASSED] - Thread.sleep(1000): null

2019-12-05 22:25:14 - [TEST_STEP][PASSED] - try: null

2019-12-05 22:25:14 - [TEST_STEP][PASSED] - if (selenium.isElementPresent("//a[contains(text(),'No Thanks. I want to see ACA plans.')]")): null

2019-12-05 22:25:14 - [TEST_STEP][PASSED] - catch (Exception e): null

2019-12-05 22:25:14 - [TEST_STEP][PASSED] - Thread.sleep(1000): null

2019-12-05 22:25:15 - [TEST_STEP][PASSED] - try: null

2019-12-05 22:25:15 - [TEST_STEP][PASSED] - if (selenium.isElementPresent("//a[contains(text(),'No Thanks. I want to see ACA plans.')]")): null

2019-12-05 22:25:15 - [TEST_STEP][PASSED] - catch (Exception e): null

2019-12-05 22:25:15 - [TEST_STEP][PASSED] - Thread.sleep(1000): null

2019-12-05 22:25:16 - [TEST_STEP][PASSED] - try: null

2019-12-05 22:25:16 - [TEST_STEP][PASSED] - if (selenium.isElementPresent("//a[contains(text(),'No Thanks. I want to see ACA plans.')]")): null

2019-12-05 22:25:16 - [TEST_STEP][PASSED] - catch (Exception e): null

2019-12-05 22:25:16 - [TEST_STEP][PASSED] - Thread.sleep(1000): null

2019-12-05 22:25:17 - [TEST_STEP][PASSED] - try: null

2019-12-05 22:25:17 - [TEST_STEP][PASSED] - if (selenium.isElementPresent("//a[contains(text(),'No Thanks. I want to see ACA plans.')]")): null

2019-12-05 22:25:17 - [TEST_STEP][PASSED] - catch (Exception e): null

2019-12-05 22:25:17 - [TEST_STEP][PASSED] - Thread.sleep(1000): null

2019-12-05 22:25:18 - [TEST_STEP][PASSED] - try: null

2019-12-05 22:25:18 - [TEST_STEP][PASSED] - if (selenium.isElementPresent("//a[contains(text(),'No Thanks. I want to see ACA plans.')]")): null

2019-12-05 22:25:18 - [TEST_STEP][PASSED] - catch (Exception e): null

2019-12-05 22:25:18 - [TEST_STEP][PASSED] - Thread.sleep(1000): null

2019-12-05 22:25:19 - [TEST_STEP][PASSED] - try: null

2019-12-05 22:25:19 - [TEST_STEP][PASSED] - if (selenium.isElementPresent("//a[contains(text(),'No Thanks. I want to see ACA plans.')]")): null

2019-12-05 22:25:19 - [TEST_STEP][PASSED] - catch (Exception e): null

2019-12-05 22:25:19 - [TEST_STEP][PASSED] - Thread.sleep(1000): null

2019-12-05 22:25:20 - [TEST_STEP][PASSED] - try: null

2019-12-05 22:25:20 - [TEST_STEP][PASSED] - if (selenium.isElementPresent("//a[contains(text(),'No Thanks. I want to see ACA plans.')]")): null

2019-12-05 22:25:20 - [TEST_STEP][PASSED] - catch (Exception e): null

2019-12-05 22:25:20 - [TEST_STEP][PASSED] - Thread.sleep(1000): null

2019-12-05 22:25:21 - [TEST_STEP][PASSED] - try: null

2019-12-05 22:25:21 - [TEST_STEP][PASSED] - if (selenium.isElementPresent("//a[contains(text(),'No Thanks. I want to see ACA plans.')]")): null

2019-12-05 22:25:21 - [TEST_STEP][PASSED] - catch (Exception e): null

2019-12-05 22:25:21 - [TEST_STEP][PASSED] - Thread.sleep(1000): null

2019-12-05 22:25:22 - [TEST_STEP][PASSED] - try: null

2019-12-05 22:25:22 - [TEST_STEP][PASSED] - if (selenium.isElementPresent("//a[contains(text(),'No Thanks. I want to see ACA plans.')]")): null

2019-12-05 22:25:22 - [TEST_STEP][PASSED] - catch (Exception e): null

2019-12-05 22:25:22 - [TEST_STEP][PASSED] - Thread.sleep(1000): null

2019-12-05 22:25:23 - [TEST_STEP][PASSED] - try: null

2019-12-05 22:25:23 - [TEST_STEP][PASSED] - if (selenium.isElementPresent("//a[contains(text(),'No Thanks. I want to see ACA plans.')]")): null

2019-12-05 22:25:23 - [TEST_STEP][PASSED] - catch (Exception e): null

2019-12-05 22:25:23 - [TEST_STEP][PASSED] - Thread.sleep(1000): null

2019-12-05 22:25:24 - [TEST_STEP][PASSED] - try: null

2019-12-05 22:25:24 - [TEST_STEP][PASSED] - if (selenium.isElementPresent("//a[contains(text(),'No Thanks. I want to see ACA plans.')]")): null

2019-12-05 22:25:24 - [TEST_STEP][PASSED] - catch (Exception e): null

2019-12-05 22:25:24 - [TEST_STEP][PASSED] - Thread.sleep(1000): null

2019-12-05 22:25:25 - [TEST_STEP][PASSED] - try: null

2019-12-05 22:25:25 - [TEST_STEP][PASSED] - if (selenium.isElementPresent("//a[contains(text(),'No Thanks. I want to see ACA plans.')]")): null

2019-12-05 22:25:25 - [TEST_STEP][PASSED] - catch (Exception e): null

2019-12-05 22:25:25 - [TEST_STEP][PASSED] - Thread.sleep(1000): null

2019-12-05 22:25:26 - [TEST_STEP][PASSED] - try: null

2019-12-05 22:25:26 - [TEST_STEP][PASSED] - if (selenium.isElementPresent("//a[contains(text(),'No Thanks. I want to see ACA plans.')]")): null

2019-12-05 22:25:26 - [TEST_STEP][PASSED] - catch (Exception e): null

2019-12-05 22:25:26 - [TEST_STEP][PASSED] - Thread.sleep(1000): null

2019-12-05 22:25:27 - [TEST_STEP][PASSED] - try: null

2019-12-05 22:25:27 - [TEST_STEP][PASSED] - if (selenium.isElementPresent("//a[contains(text(),'No Thanks. I want to see ACA plans.')]")): null

2019-12-05 22:25:28 - [TEST_STEP][PASSED] - catch (Exception e): null

2019-12-05 22:25:28 - [TEST_STEP][PASSED] - Thread.sleep(1000): null

2019-12-05 22:25:29 - [TEST_STEP][PASSED] - for ([second = 0, second < 60, (second++)]): null

2019-12-05 22:25:29 - [TEST_STEP][PASSED] - try: null

2019-12-05 22:25:29 - [TEST_STEP][PASSED] - if (selenium.isElementPresent("id=location")): null

2019-12-05 22:25:29 - [TEST_STEP][PASSED] - callTestCase(findTestCase("mobileWeb/_include/get_screenshot"), [:], STOP_ON_FAILURE): Call Test Case 'Test Cases/mobileWeb/_include/get_screenshot' successfully

2019-12-05 22:25:29 - [TEST_CASE][PASSED] - Test Cases/mobileWeb/_include/get_screenshot: Test Cases/mobileWeb/_include/get_screenshot

2019-12-05 22:25:29 - [TEST_STEP][PASSED] - takeScreenshot(screenPath + i + ".png"): Taking screenshot successfully

2019-12-05 22:25:30 - [MESSAGE][PASSED] - Taking screenshot successfully
[[ATTACHMENT|D:\\Test\\AgileTest\\Reports\\HP\\HP\\20191205_222411\\../Screenshots/HP/IFP/20191205_222416/0.png]]

2019-12-05 22:25:30 - [TEST_STEP][PASSED] - (internal.GlobalVariable.i++): null

2019-12-05 22:25:30 - [MESSAGE][PASSED] - Call Test Case 'Test Cases/mobileWeb/_include/get_screenshot' successfully

2019-12-05 22:25:30 - [TEST_STEP][PASSED] - selenium.type("id=location", "32209"): null

2019-12-05 22:25:30 - [TEST_STEP][PASSED] - callTestCase(findTestCase("mobileWeb/_include/get_screenshot"), [:], STOP_ON_FAILURE): Call Test Case 'Test Cases/mobileWeb/_include/get_screenshot' successfully

2019-12-05 22:25:30 - [TEST_CASE][PASSED] - Test Cases/mobileWeb/_include/get_screenshot: Test Cases/mobileWeb/_include/get_screenshot

2019-12-05 22:25:30 - [TEST_STEP][PASSED] - takeScreenshot(screenPath + i + ".png"): Taking screenshot successfully

2019-12-05 22:25:30 - [MESSAGE][PASSED] - Taking screenshot successfully
[[ATTACHMENT|D:\\Test\\AgileTest\\Reports\\HP\\HP\\20191205_222411\\../Screenshots/HP/IFP/20191205_222416/1.png]]

2019-12-05 22:25:30 - [TEST_STEP][PASSED] - (internal.GlobalVariable.i++): null

2019-12-05 22:25:30 - [MESSAGE][PASSED] - Call Test Case 'Test Cases/mobileWeb/_include/get_screenshot' successfully

2019-12-05 22:25:30 - [TEST_STEP][PASSED] - selenium.click("id=findPlans"): null

2019-12-05 22:25:30 - [TEST_STEP][PASSED] - callTestCase(findTestCase("mobileWeb/_include/get_screenshot"), [:], STOP_ON_FAILURE): Call Test Case 'Test Cases/mobileWeb/_include/get_screenshot' successfully

2019-12-05 22:25:30 - [TEST_CASE][PASSED] - Test Cases/mobileWeb/_include/get_screenshot: Test Cases/mobileWeb/_include/get_screenshot

2019-12-05 22:25:31 - [TEST_STEP][PASSED] - takeScreenshot(screenPath + i + ".png"): Taking screenshot successfully

2019-12-05 22:25:32 - [MESSAGE][PASSED] - Taking screenshot successfully
[[ATTACHMENT|D:\\Test\\AgileTest\\Reports\\HP\\HP\\20191205_222411\\../Screenshots/HP/IFP/20191205_222416/2.png]]

2019-12-05 22:25:32 - [TEST_STEP][PASSED] - (internal.GlobalVariable.i++): null

2019-12-05 22:25:32 - [MESSAGE][PASSED] - Call Test Case 'Test Cases/mobileWeb/_include/get_screenshot' successfully

2019-12-05 22:25:32 - [TEST_STEP][PASSED] - for ([second = 0, second < 60, (second++)]): null

2019-12-05 22:25:32 - [TEST_STEP][PASSED] - try: null

2019-12-05 22:25:32 - [TEST_STEP][PASSED] - if (selenium.isElementPresent("//a[contains(text(),'Select')]")): null

2019-12-05 22:25:32 - [TEST_STEP][PASSED] - callTestCase(findTestCase("mobileWeb/_include/get_screenshot"), [:], STOP_ON_FAILURE): Call Test Case 'Test Cases/mobileWeb/_include/get_screenshot' successfully

2019-12-05 22:25:32 - [TEST_CASE][PASSED] - Test Cases/mobileWeb/_include/get_screenshot: Test Cases/mobileWeb/_include/get_screenshot

2019-12-05 22:25:32 - [TEST_STEP][PASSED] - takeScreenshot(screenPath + i + ".png"): Taking screenshot successfully

2019-12-05 22:25:33 - [MESSAGE][PASSED] - Taking screenshot successfully
[[ATTACHMENT|D:\\Test\\AgileTest\\Reports\\HP\\HP\\20191205_222411\\../Screenshots/HP/IFP/20191205_222416/3.png]]

2019-12-05 22:25:33 - [TEST_STEP][PASSED] - (internal.GlobalVariable.i++): null

2019-12-05 22:25:33 - [MESSAGE][PASSED] - Call Test Case 'Test Cases/mobileWeb/_include/get_screenshot' successfully

2019-12-05 22:25:33 - [TEST_STEP][PASSED] - selenium.click("//a[contains(text(),'Select')]"): null

2019-12-05 22:25:33 - [TEST_STEP][PASSED] - for ([second = 0, second < 60, (second++)]): null

2019-12-05 22:25:33 - [TEST_STEP][PASSED] - try: null

2019-12-05 22:25:33 - [TEST_STEP][PASSED] - if (selenium.isElementPresent("xpath=(//a[contains(text(),'Apply Now')])")): null

2019-12-05 22:25:33 - [TEST_STEP][PASSED] - Thread.sleep(1000): null

2019-12-05 22:25:34 - [TEST_STEP][PASSED] - try: null

2019-12-05 22:25:34 - [TEST_STEP][PASSED] - if (selenium.isElementPresent("xpath=(//a[contains(text(),'Apply Now')])")): null

2019-12-05 22:25:34 - [TEST_STEP][PASSED] - Thread.sleep(1000): null

2019-12-05 22:25:35 - [TEST_STEP][PASSED] - try: null

2019-12-05 22:25:35 - [TEST_STEP][PASSED] - if (selenium.isElementPresent("xpath=(//a[contains(text(),'Apply Now')])")): null

2019-12-05 22:25:35 - [TEST_STEP][PASSED] - callTestCase(findTestCase("mobileWeb/_include/get_screenshot"), [:], STOP_ON_FAILURE): Call Test Case 'Test Cases/mobileWeb/_include/get_screenshot' successfully

2019-12-05 22:25:35 - [TEST_CASE][PASSED] - Test Cases/mobileWeb/_include/get_screenshot: Test Cases/mobileWeb/_include/get_screenshot

2019-12-05 22:25:35 - [TEST_STEP][PASSED] - takeScreenshot(screenPath + i + ".png"): Taking screenshot successfully

2019-12-05 22:25:35 - [MESSAGE][PASSED] - Taking screenshot successfully
[[ATTACHMENT|D:\\Test\\AgileTest\\Reports\\HP\\HP\\20191205_222411\\../Screenshots/HP/IFP/20191205_222416/4.png]]

2019-12-05 22:25:35 - [TEST_STEP][PASSED] - (internal.GlobalVariable.i++): null

2019-12-05 22:25:35 - [MESSAGE][PASSED] - Call Test Case 'Test Cases/mobileWeb/_include/get_screenshot' successfully

2019-12-05 22:25:35 - [TEST_STEP][PASSED] - selenium.click("xpath=(//a[contains(text(),'Apply Now')])"): null

2019-12-05 22:25:37 - [TEST_STEP][PASSED] - for ([second = 0, second < 60, (second++)]): null

2019-12-05 22:25:37 - [TEST_STEP][PASSED] - try: null

2019-12-05 22:25:37 - [TEST_STEP][PASSED] - if (selenium.isElementPresent("//a[contains(text(),'Select')]")): null

2019-12-05 22:25:37 - [TEST_STEP][PASSED] - callTestCase(findTestCase("mobileWeb/_include/get_screenshot"), [:], STOP_ON_FAILURE): Call Test Case 'Test Cases/mobileWeb/_include/get_screenshot' successfully

2019-12-05 22:25:37 - [TEST_CASE][PASSED] - Test Cases/mobileWeb/_include/get_screenshot: Test Cases/mobileWeb/_include/get_screenshot

2019-12-05 22:25:37 - [TEST_STEP][PASSED] - takeScreenshot(screenPath + i + ".png"): Taking screenshot successfully

2019-12-05 22:25:37 - [MESSAGE][PASSED] - Taking screenshot successfully
[[ATTACHMENT|D:\\Test\\AgileTest\\Reports\\HP\\HP\\20191205_222411\\../Screenshots/HP/IFP/20191205_222416/5.png]]

2019-12-05 22:25:37 - [TEST_STEP][PASSED] - (internal.GlobalVariable.i++): null

2019-12-05 22:25:37 - [MESSAGE][PASSED] - Call Test Case 'Test Cases/mobileWeb/_include/get_screenshot' successfully

2019-12-05 22:25:37 - [TEST_STEP][PASSED] - selenium.click("//a[contains(text(),'Select')]"): null

2019-12-05 22:25:37 - [TEST_STEP][PASSED] - callTestCase(findTestCase("mobileWeb/_include/get_screenshot"), [:], STOP_ON_FAILURE): Call Test Case 'Test Cases/mobileWeb/_include/get_screenshot' successfully

2019-12-05 22:25:38 - [TEST_CASE][PASSED] - Test Cases/mobileWeb/_include/get_screenshot: Test Cases/mobileWeb/_include/get_screenshot

2019-12-05 22:25:38 - [TEST_STEP][PASSED] - takeScreenshot(screenPath + i + ".png"): Taking screenshot successfully

2019-12-05 22:25:38 - [MESSAGE][PASSED] - Taking screenshot successfully
[[ATTACHMENT|D:\\Test\\AgileTest\\Reports\\HP\\HP\\20191205_222411\\../Screenshots/HP/IFP/20191205_222416/6.png]]

2019-12-05 22:25:38 - [TEST_STEP][PASSED] - (internal.GlobalVariable.i++): null

2019-12-05 22:25:38 - [MESSAGE][PASSED] - Call Test Case 'Test Cases/mobileWeb/_include/get_screenshot' successfully]]></system-out>
         <system-err><![CDATA[]]></system-err>
      </testcase>
      <testcase name="Test Cases/HP/HomePage/HomePage" classname="Test Cases/HP/HomePage/HomePage" status="PASSED">
         <system-out><![CDATA[2019-12-05 22:25:38 - [TEST_CASE][PASSED] - Test Cases/HP/HomePage/HomePage: Test Cases/HP/HomePage/HomePage

2019-12-05 22:25:39 - [TEST_STEP][PASSED] - now = new java.util.Date(): null

2019-12-05 22:25:39 - [TEST_STEP][PASSED] - mydate = now.format("yyyyMMdd_HHmmss"): null

2019-12-05 22:25:39 - [TEST_STEP][PASSED] - screenPath = HPPath + "HomePage/" + mydate + "/": null

2019-12-05 22:25:39 - [TEST_STEP][PASSED] - i = 0: null

2019-12-05 22:25:39 - [TEST_STEP][PASSED] - openBrowser("https://www.healthpocket.com/"): Browser is opened with url: 'https://www.healthpocket.com/'

2019-12-05 22:25:39 - [MESSAGE][WARNING] - A browser is already opened. Closing browser and opening a new one

2019-12-05 22:25:40 - [MESSAGE][INFO] - Starting 'Chrome' driver

2019-12-05 22:25:40 - [MESSAGE][INFO] - User set preference: ['mobileEmulation', '{deviceName=iPhone 6}']

2019-12-05 22:25:40 - [MESSAGE][INFO] - User set preference: ['args', '[--incognito, --aggressive-cache-discard, --window-size=375,677, --no-sandbox]']

2019-12-05 22:25:43 - [MESSAGE][PASSED] - Browser is opened with url: 'https://www.healthpocket.com/'

2019-12-05 22:25:43 - [TEST_STEP][PASSED] - navigateToUrl("https://www.healthpocket.com/"): Navigate to 'https://www.healthpocket.com/' successfully

2019-12-05 22:25:43 - [MESSAGE][PASSED] - Navigate to 'https://www.healthpocket.com/' successfully

2019-12-05 22:25:43 - [TEST_STEP][PASSED] - callTestCase(findTestCase("mobileWeb/_include/get_screenshot"), [:], STOP_ON_FAILURE): Call Test Case 'Test Cases/mobileWeb/_include/get_screenshot' successfully

2019-12-05 22:25:44 - [TEST_CASE][PASSED] - Test Cases/mobileWeb/_include/get_screenshot: Test Cases/mobileWeb/_include/get_screenshot

2019-12-05 22:25:44 - [TEST_STEP][PASSED] - takeScreenshot(screenPath + i + ".png"): Taking screenshot successfully

2019-12-05 22:25:44 - [MESSAGE][PASSED] - Taking screenshot successfully
[[ATTACHMENT|D:\\Test\\AgileTest\\Reports\\HP\\HP\\20191205_222411\\../Screenshots/HP/HomePage/20191205_222539/0.png]]

2019-12-05 22:25:44 - [TEST_STEP][PASSED] - (internal.GlobalVariable.i++): null

2019-12-05 22:25:44 - [MESSAGE][PASSED] - Call Test Case 'Test Cases/mobileWeb/_include/get_screenshot' successfully]]></system-out>
         <system-err><![CDATA[]]></system-err>
      </testcase>
      <testcase name="Test Cases/HP/Medicare/MedicareFlow" classname="Test Cases/HP/Medicare/MedicareFlow" status="PASSED">
         <system-out><![CDATA[2019-12-05 22:25:44 - [TEST_CASE][PASSED] - Test Cases/HP/Medicare/MedicareFlow: Test Cases/HP/Medicare/MedicareFlow

2019-12-05 22:25:44 - [TEST_STEP][PASSED] - now = new java.util.Date(): null

2019-12-05 22:25:44 - [TEST_STEP][PASSED] - mydate = now.format("yyyyMMdd_HHmmss"): null

2019-12-05 22:25:44 - [TEST_STEP][PASSED] - screenPath = HPPath + "Medicare/" + mydate + "/": null

2019-12-05 22:25:44 - [TEST_STEP][PASSED] - i = 0: null

2019-12-05 22:25:44 - [TEST_STEP][PASSED] - openBrowser("https://pengujian.healthpocket.com/medicare"): Browser is opened with url: 'https://pengujian.healthpocket.com/medicare'

2019-12-05 22:25:44 - [MESSAGE][WARNING] - A browser is already opened. Closing browser and opening a new one

2019-12-05 22:25:45 - [MESSAGE][INFO] - Starting 'Chrome' driver

2019-12-05 22:25:45 - [MESSAGE][INFO] - User set preference: ['mobileEmulation', '{deviceName=iPhone 6}']

2019-12-05 22:25:45 - [MESSAGE][INFO] - User set preference: ['args', '[--incognito, --aggressive-cache-discard, --window-size=375,677, --no-sandbox]']

2019-12-05 22:25:48 - [MESSAGE][PASSED] - Browser is opened with url: 'https://pengujian.healthpocket.com/medicare'

2019-12-05 22:25:48 - [TEST_STEP][PASSED] - driver = getWebDriver(): null

2019-12-05 22:25:48 - [TEST_STEP][PASSED] - baseUrl = "https://pengujian.healthpocket.com/medicare/": null

2019-12-05 22:25:48 - [TEST_STEP][PASSED] - selenium = new com.thoughtworks.selenium.webdriven.WebDriverBackedSelenium(driver, baseUrl): null

2019-12-05 22:25:48 - [TEST_STEP][PASSED] - callTestCase(findTestCase("mobileWeb/_include/get_screenshot"), [:], STOP_ON_FAILURE): Call Test Case 'Test Cases/mobileWeb/_include/get_screenshot' successfully

2019-12-05 22:25:48 - [TEST_CASE][PASSED] - Test Cases/mobileWeb/_include/get_screenshot: Test Cases/mobileWeb/_include/get_screenshot

2019-12-05 22:25:48 - [TEST_STEP][PASSED] - takeScreenshot(screenPath + i + ".png"): Taking screenshot successfully

2019-12-05 22:25:49 - [MESSAGE][PASSED] - Taking screenshot successfully
[[ATTACHMENT|D:\\Test\\AgileTest\\Reports\\HP\\HP\\20191205_222411\\../Screenshots/HP/Medicare/20191205_222544/0.png]]

2019-12-05 22:25:49 - [TEST_STEP][PASSED] - (internal.GlobalVariable.i++): null

2019-12-05 22:25:49 - [MESSAGE][PASSED] - Call Test Case 'Test Cases/mobileWeb/_include/get_screenshot' successfully

2019-12-05 22:25:49 - [TEST_STEP][PASSED] - selenium.click("id=location"): null

2019-12-05 22:25:49 - [TEST_STEP][PASSED] - callTestCase(findTestCase("mobileWeb/_include/get_screenshot"), [:], STOP_ON_FAILURE): Call Test Case 'Test Cases/mobileWeb/_include/get_screenshot' successfully

2019-12-05 22:25:49 - [TEST_CASE][PASSED] - Test Cases/mobileWeb/_include/get_screenshot: Test Cases/mobileWeb/_include/get_screenshot

2019-12-05 22:25:49 - [TEST_STEP][PASSED] - takeScreenshot(screenPath + i + ".png"): Taking screenshot successfully

2019-12-05 22:25:49 - [MESSAGE][PASSED] - Taking screenshot successfully
[[ATTACHMENT|D:\\Test\\AgileTest\\Reports\\HP\\HP\\20191205_222411\\../Screenshots/HP/Medicare/20191205_222544/1.png]]

2019-12-05 22:25:49 - [TEST_STEP][PASSED] - (internal.GlobalVariable.i++): null

2019-12-05 22:25:49 - [MESSAGE][PASSED] - Call Test Case 'Test Cases/mobileWeb/_include/get_screenshot' successfully

2019-12-05 22:25:49 - [TEST_STEP][PASSED] - selenium.type("id=location", "32209"): null

2019-12-05 22:25:50 - [TEST_STEP][PASSED] - callTestCase(findTestCase("mobileWeb/_include/get_screenshot"), [:], STOP_ON_FAILURE): Call Test Case 'Test Cases/mobileWeb/_include/get_screenshot' successfully

2019-12-05 22:25:50 - [TEST_CASE][PASSED] - Test Cases/mobileWeb/_include/get_screenshot: Test Cases/mobileWeb/_include/get_screenshot

2019-12-05 22:25:50 - [TEST_STEP][PASSED] - takeScreenshot(screenPath + i + ".png"): Taking screenshot successfully

2019-12-05 22:25:50 - [MESSAGE][PASSED] - Taking screenshot successfully
[[ATTACHMENT|D:\\Test\\AgileTest\\Reports\\HP\\HP\\20191205_222411\\../Screenshots/HP/Medicare/20191205_222544/2.png]]

2019-12-05 22:25:50 - [TEST_STEP][PASSED] - (internal.GlobalVariable.i++): null

2019-12-05 22:25:50 - [MESSAGE][PASSED] - Call Test Case 'Test Cases/mobileWeb/_include/get_screenshot' successfully

2019-12-05 22:25:50 - [TEST_STEP][PASSED] - selenium.click("id=findPlans"): null

2019-12-05 22:25:50 - [TEST_STEP][PASSED] - for ([second = 0, second < 60, (second++)]): null

2019-12-05 22:25:50 - [TEST_STEP][PASSED] - try: null

2019-12-05 22:25:50 - [TEST_STEP][PASSED] - if (selenium.isElementPresent("//a[contains(text(),'Select')]")): null

2019-12-05 22:25:50 - [TEST_STEP][PASSED] - Thread.sleep(1000): null

2019-12-05 22:25:51 - [TEST_STEP][PASSED] - try: null

2019-12-05 22:25:51 - [TEST_STEP][PASSED] - if (selenium.isElementPresent("//a[contains(text(),'Select')]")): null

2019-12-05 22:25:52 - [TEST_STEP][PASSED] - callTestCase(findTestCase("mobileWeb/_include/get_screenshot"), [:], STOP_ON_FAILURE): Call Test Case 'Test Cases/mobileWeb/_include/get_screenshot' successfully

2019-12-05 22:25:52 - [TEST_CASE][PASSED] - Test Cases/mobileWeb/_include/get_screenshot: Test Cases/mobileWeb/_include/get_screenshot

2019-12-05 22:25:52 - [TEST_STEP][PASSED] - takeScreenshot(screenPath + i + ".png"): Taking screenshot successfully

2019-12-05 22:25:52 - [MESSAGE][PASSED] - Taking screenshot successfully
[[ATTACHMENT|D:\\Test\\AgileTest\\Reports\\HP\\HP\\20191205_222411\\../Screenshots/HP/Medicare/20191205_222544/3.png]]

2019-12-05 22:25:52 - [TEST_STEP][PASSED] - (internal.GlobalVariable.i++): null

2019-12-05 22:25:52 - [MESSAGE][PASSED] - Call Test Case 'Test Cases/mobileWeb/_include/get_screenshot' successfully

2019-12-05 22:25:52 - [TEST_STEP][PASSED] - selenium.click("//a[contains(text(),'Select')]"): null

2019-12-05 22:25:53 - [TEST_STEP][PASSED] - for ([second = 0, second < 60, (second++)]): null

2019-12-05 22:25:53 - [TEST_STEP][PASSED] - try: null

2019-12-05 22:25:53 - [TEST_STEP][PASSED] - if (selenium.isElementPresent("//a/h2[contains(text(),'Benefits & Coverage')]")): null

2019-12-05 22:25:53 - [TEST_STEP][PASSED] - Thread.sleep(1000): null

2019-12-05 22:25:54 - [TEST_STEP][PASSED] - try: null

2019-12-05 22:25:54 - [TEST_STEP][PASSED] - if (selenium.isElementPresent("//a/h2[contains(text(),'Benefits & Coverage')]")): null

2019-12-05 22:25:54 - [TEST_STEP][PASSED] - Thread.sleep(1000): null

2019-12-05 22:25:55 - [TEST_STEP][PASSED] - try: null

2019-12-05 22:25:55 - [TEST_STEP][PASSED] - if (selenium.isElementPresent("//a/h2[contains(text(),'Benefits & Coverage')]")): null

2019-12-05 22:25:55 - [TEST_STEP][PASSED] - Thread.sleep(1000): null

2019-12-05 22:25:56 - [TEST_STEP][PASSED] - try: null

2019-12-05 22:25:56 - [TEST_STEP][PASSED] - if (selenium.isElementPresent("//a/h2[contains(text(),'Benefits & Coverage')]")): null

2019-12-05 22:25:56 - [TEST_STEP][PASSED] - callTestCase(findTestCase("mobileWeb/_include/get_screenshot"), [:], STOP_ON_FAILURE): Call Test Case 'Test Cases/mobileWeb/_include/get_screenshot' successfully

2019-12-05 22:25:56 - [TEST_CASE][PASSED] - Test Cases/mobileWeb/_include/get_screenshot: Test Cases/mobileWeb/_include/get_screenshot

2019-12-05 22:25:56 - [TEST_STEP][PASSED] - takeScreenshot(screenPath + i + ".png"): Taking screenshot successfully

2019-12-05 22:25:56 - [MESSAGE][PASSED] - Taking screenshot successfully
[[ATTACHMENT|D:\\Test\\AgileTest\\Reports\\HP\\HP\\20191205_222411\\../Screenshots/HP/Medicare/20191205_222544/4.png]]

2019-12-05 22:25:56 - [TEST_STEP][PASSED] - (internal.GlobalVariable.i++): null

2019-12-05 22:25:56 - [MESSAGE][PASSED] - Call Test Case 'Test Cases/mobileWeb/_include/get_screenshot' successfully]]></system-out>
         <system-err><![CDATA[]]></system-err>
      </testcase>
      <testcase name="Test Cases/HP/Short Term/STMFlow" classname="Test Cases/HP/Short Term/STMFlow" status="PASSED">
         <system-out><![CDATA[2019-12-05 22:25:56 - [TEST_CASE][PASSED] - Test Cases/HP/Short Term/STMFlow: Test Cases/HP/Short Term/STMFlow

2019-12-05 22:25:57 - [TEST_STEP][PASSED] - now = new java.util.Date(): null

2019-12-05 22:25:57 - [TEST_STEP][PASSED] - mydate = now.format("yyyyMMdd_HHmmss"): null

2019-12-05 22:25:57 - [TEST_STEP][PASSED] - screenPath = HPPath + "STM/" + mydate + "/": null

2019-12-05 22:25:57 - [TEST_STEP][PASSED] - i = 0: null

2019-12-05 22:25:57 - [TEST_STEP][PASSED] - openBrowser("https://pengujian.healthpocket.com/short-term-health-insurance"): Browser is opened with url: 'https://pengujian.healthpocket.com/short-term-health-insurance'

2019-12-05 22:25:57 - [MESSAGE][WARNING] - A browser is already opened. Closing browser and opening a new one

2019-12-05 22:25:57 - [MESSAGE][INFO] - Starting 'Chrome' driver

2019-12-05 22:25:57 - [MESSAGE][INFO] - User set preference: ['mobileEmulation', '{deviceName=iPhone 6}']

2019-12-05 22:25:57 - [MESSAGE][INFO] - User set preference: ['args', '[--incognito, --aggressive-cache-discard, --window-size=375,677, --no-sandbox]']

2019-12-05 22:26:00 - [MESSAGE][PASSED] - Browser is opened with url: 'https://pengujian.healthpocket.com/short-term-health-insurance'

2019-12-05 22:26:00 - [TEST_STEP][PASSED] - driver = getWebDriver(): null

2019-12-05 22:26:00 - [TEST_STEP][PASSED] - baseUrl = "https://pengujian.healthpocket.com/short-term-health-insurance/": null

2019-12-05 22:26:00 - [TEST_STEP][PASSED] - selenium = new com.thoughtworks.selenium.webdriven.WebDriverBackedSelenium(driver, baseUrl): null

2019-12-05 22:26:00 - [TEST_STEP][PASSED] - selenium.click("id=location"): null

2019-12-05 22:26:01 - [TEST_STEP][PASSED] - callTestCase(findTestCase("mobileWeb/_include/get_screenshot"), [:], STOP_ON_FAILURE): Call Test Case 'Test Cases/mobileWeb/_include/get_screenshot' successfully

2019-12-05 22:26:01 - [TEST_CASE][PASSED] - Test Cases/mobileWeb/_include/get_screenshot: Test Cases/mobileWeb/_include/get_screenshot

2019-12-05 22:26:01 - [TEST_STEP][PASSED] - takeScreenshot(screenPath + i + ".png"): Taking screenshot successfully

2019-12-05 22:26:01 - [MESSAGE][PASSED] - Taking screenshot successfully
[[ATTACHMENT|D:\\Test\\AgileTest\\Reports\\HP\\HP\\20191205_222411\\../Screenshots/HP/STM/20191205_222557/0.png]]

2019-12-05 22:26:01 - [TEST_STEP][PASSED] - (internal.GlobalVariable.i++): null

2019-12-05 22:26:01 - [MESSAGE][PASSED] - Call Test Case 'Test Cases/mobileWeb/_include/get_screenshot' successfully

2019-12-05 22:26:01 - [TEST_STEP][PASSED] - selenium.type("id=location", "32209"): null

2019-12-05 22:26:01 - [TEST_STEP][PASSED] - callTestCase(findTestCase("mobileWeb/_include/get_screenshot"), [:], STOP_ON_FAILURE): Call Test Case 'Test Cases/mobileWeb/_include/get_screenshot' successfully

2019-12-05 22:26:01 - [TEST_CASE][PASSED] - Test Cases/mobileWeb/_include/get_screenshot: Test Cases/mobileWeb/_include/get_screenshot

2019-12-05 22:26:01 - [TEST_STEP][PASSED] - takeScreenshot(screenPath + i + ".png"): Taking screenshot successfully

2019-12-05 22:26:02 - [MESSAGE][PASSED] - Taking screenshot successfully
[[ATTACHMENT|D:\\Test\\AgileTest\\Reports\\HP\\HP\\20191205_222411\\../Screenshots/HP/STM/20191205_222557/1.png]]

2019-12-05 22:26:02 - [TEST_STEP][PASSED] - (internal.GlobalVariable.i++): null

2019-12-05 22:26:02 - [MESSAGE][PASSED] - Call Test Case 'Test Cases/mobileWeb/_include/get_screenshot' successfully

2019-12-05 22:26:02 - [TEST_STEP][PASSED] - selenium.click("id=findPlans"): null

2019-12-05 22:26:02 - [TEST_STEP][PASSED] - callTestCase(findTestCase("mobileWeb/_include/get_screenshot"), [:], STOP_ON_FAILURE): Call Test Case 'Test Cases/mobileWeb/_include/get_screenshot' successfully

2019-12-05 22:26:02 - [TEST_CASE][PASSED] - Test Cases/mobileWeb/_include/get_screenshot: Test Cases/mobileWeb/_include/get_screenshot

2019-12-05 22:26:02 - [TEST_STEP][PASSED] - takeScreenshot(screenPath + i + ".png"): Taking screenshot successfully

2019-12-05 22:26:04 - [MESSAGE][PASSED] - Taking screenshot successfully
[[ATTACHMENT|D:\\Test\\AgileTest\\Reports\\HP\\HP\\20191205_222411\\../Screenshots/HP/STM/20191205_222557/2.png]]

2019-12-05 22:26:04 - [TEST_STEP][PASSED] - (internal.GlobalVariable.i++): null

2019-12-05 22:26:04 - [MESSAGE][PASSED] - Call Test Case 'Test Cases/mobileWeb/_include/get_screenshot' successfully

2019-12-05 22:26:04 - [TEST_STEP][PASSED] - for ([second = 0, second < 60, (second++)]): null

2019-12-05 22:26:04 - [TEST_STEP][PASSED] - try: null

2019-12-05 22:26:04 - [TEST_STEP][PASSED] - if (selenium.isElementPresent("//a[contains(text(),'Select')]")): null

2019-12-05 22:26:04 - [TEST_STEP][PASSED] - callTestCase(findTestCase("mobileWeb/_include/get_screenshot"), [:], STOP_ON_FAILURE): Call Test Case 'Test Cases/mobileWeb/_include/get_screenshot' successfully

2019-12-05 22:26:04 - [TEST_CASE][PASSED] - Test Cases/mobileWeb/_include/get_screenshot: Test Cases/mobileWeb/_include/get_screenshot

2019-12-05 22:26:04 - [TEST_STEP][PASSED] - takeScreenshot(screenPath + i + ".png"): Taking screenshot successfully

2019-12-05 22:26:05 - [MESSAGE][PASSED] - Taking screenshot successfully
[[ATTACHMENT|D:\\Test\\AgileTest\\Reports\\HP\\HP\\20191205_222411\\../Screenshots/HP/STM/20191205_222557/3.png]]

2019-12-05 22:26:05 - [TEST_STEP][PASSED] - (internal.GlobalVariable.i++): null

2019-12-05 22:26:05 - [MESSAGE][PASSED] - Call Test Case 'Test Cases/mobileWeb/_include/get_screenshot' successfully

2019-12-05 22:26:05 - [TEST_STEP][PASSED] - selenium.click("//a[contains(text(),'Select')]"): null

2019-12-05 22:26:05 - [TEST_STEP][PASSED] - for ([second = 0, second < 60, (second++)]): null

2019-12-05 22:26:05 - [TEST_STEP][PASSED] - try: null

2019-12-05 22:26:05 - [TEST_STEP][PASSED] - if (selenium.isElementPresent("xpath=(//a[contains(text(),'Apply Now')])")): null

2019-12-05 22:26:05 - [TEST_STEP][PASSED] - Thread.sleep(1000): null

2019-12-05 22:26:06 - [TEST_STEP][PASSED] - try: null

2019-12-05 22:26:06 - [TEST_STEP][PASSED] - if (selenium.isElementPresent("xpath=(//a[contains(text(),'Apply Now')])")): null

2019-12-05 22:26:06 - [TEST_STEP][PASSED] - callTestCase(findTestCase("mobileWeb/_include/get_screenshot"), [:], STOP_ON_FAILURE): Call Test Case 'Test Cases/mobileWeb/_include/get_screenshot' successfully

2019-12-05 22:26:06 - [TEST_CASE][PASSED] - Test Cases/mobileWeb/_include/get_screenshot: Test Cases/mobileWeb/_include/get_screenshot

2019-12-05 22:26:06 - [TEST_STEP][PASSED] - takeScreenshot(screenPath + i + ".png"): Taking screenshot successfully

2019-12-05 22:26:07 - [MESSAGE][PASSED] - Taking screenshot successfully
[[ATTACHMENT|D:\\Test\\AgileTest\\Reports\\HP\\HP\\20191205_222411\\../Screenshots/HP/STM/20191205_222557/4.png]]

2019-12-05 22:26:07 - [TEST_STEP][PASSED] - (internal.GlobalVariable.i++): null

2019-12-05 22:26:07 - [MESSAGE][PASSED] - Call Test Case 'Test Cases/mobileWeb/_include/get_screenshot' successfully

2019-12-05 22:26:07 - [TEST_STEP][PASSED] - selenium.click("xpath=(//a[contains(text(),'Apply Now')])"): null

2019-12-05 22:26:08 - [TEST_STEP][PASSED] - for ([second = 0, second < 60, (second++)]): null

2019-12-05 22:26:08 - [TEST_STEP][PASSED] - try: null

2019-12-05 22:26:08 - [TEST_STEP][PASSED] - if (selenium.isElementPresent("xpath=(//a[contains(text(),'Short Term Health Insurance')])[3]")): null

2019-12-05 22:26:08 - [TEST_STEP][PASSED] - callTestCase(findTestCase("mobileWeb/_include/get_screenshot"), [:], STOP_ON_FAILURE): Call Test Case 'Test Cases/mobileWeb/_include/get_screenshot' successfully

2019-12-05 22:26:08 - [TEST_CASE][PASSED] - Test Cases/mobileWeb/_include/get_screenshot: Test Cases/mobileWeb/_include/get_screenshot

2019-12-05 22:26:08 - [TEST_STEP][PASSED] - takeScreenshot(screenPath + i + ".png"): Taking screenshot successfully

2019-12-05 22:26:09 - [MESSAGE][PASSED] - Taking screenshot successfully
[[ATTACHMENT|D:\\Test\\AgileTest\\Reports\\HP\\HP\\20191205_222411\\../Screenshots/HP/STM/20191205_222557/5.png]]

2019-12-05 22:26:09 - [TEST_STEP][PASSED] - (internal.GlobalVariable.i++): null

2019-12-05 22:26:09 - [MESSAGE][PASSED] - Call Test Case 'Test Cases/mobileWeb/_include/get_screenshot' successfully]]></system-out>
         <system-err><![CDATA[]]></system-err>
      </testcase>
      <system-out><![CDATA[2019-12-05 22:24:15 - [TEST_SUITE][PASSED] - HP: Test Cases/HP/Short Term/STMFlow]]></system-out>
      <system-err><![CDATA[]]></system-err>
   </testsuite>
</testsuites>
