<?xml version="1.0" encoding="UTF-8"?>
<testsuites name="LLBenefits" time="123" tests="1" failures="0" errors="0">
   <testsuite name="LLBenefits" tests="1" failures="0" errors="0" time="123" timestamp="2020-04-14 08:08:13" hostname="Administrator - 172.30.0.53" id="Test Suites/PrivateLabel/LLBenefits">
      <properties>
         <property name="deviceName" value=""/>
         <property name="devicePlatform" value=""/>
         <property name="logFolder" value="D:\\Test\\AgileTest\\Reports\\PrivateLabel\\LLBenefits\\20200414_080049"/>
         <property name="logFiles" value="D:\\Test\\AgileTest\\Reports\\PrivateLabel\\LLBenefits\\20200414_080049\\execution0.log"/>
         <property name="attachments" value="D:\\Test\\AgileTest\\Reports\\PrivateLabel\\LLBenefits\\20200414_080049\\../Screenshots/iPhone 6/LLBenefits/Vitala Care/20200414_080814/0.png, D:\\Test\\AgileTest\\Reports\\PrivateLabel\\LLBenefits\\20200414_080049\\../Screenshots/iPhone 6/LLBenefits/Vitala Care/20200414_080814/1.png, D:\\Test\\AgileTest\\Reports\\PrivateLabel\\LLBenefits\\20200414_080049\\../Screenshots/iPhone 6/LLBenefits/Vitala Care/20200414_080814/2.png, D:\\Test\\AgileTest\\Reports\\PrivateLabel\\LLBenefits\\20200414_080049\\../Screenshots/iPhone 6/LLBenefits/Vitala Care/20200414_080814/3.png, D:\\Test\\AgileTest\\Reports\\PrivateLabel\\LLBenefits\\20200414_080049\\../Screenshots/iPhone 6/LLBenefits/Vitala Care/20200414_080814/4.png, D:\\Test\\AgileTest\\Reports\\PrivateLabel\\LLBenefits\\20200414_080049\\../Screenshots/iPhone 6/LLBenefits/Vitala Care/20200414_080814/5.png, D:\\Test\\AgileTest\\Reports\\PrivateLabel\\LLBenefits\\20200414_080049\\../Screenshots/iPhone 6/LLBenefits/Vitala Care/20200414_080814/6.png, D:\\Test\\AgileTest\\Reports\\PrivateLabel\\LLBenefits\\20200414_080049\\../Screenshots/iPhone 6/LLBenefits/Vitala Care/20200414_080814/7.png, D:\\Test\\AgileTest\\Reports\\PrivateLabel\\LLBenefits\\20200414_080049\\../Screenshots/iPhone 6/LLBenefits/Vitala Care/20200414_080814/8.png, D:\\Test\\AgileTest\\Reports\\PrivateLabel\\LLBenefits\\20200414_080049\\../Screenshots/iPhone 6/LLBenefits/Vitala Care/20200414_080814/9.png"/>
         <property name="hostName" value="Administrator - 172.30.0.53"/>
         <property name="os" value="Windows Server 2012 R2 64bit"/>
         <property name="katalonVersion" value="5.10.1.1"/>
         <property name="browser" value="Safari 11"/>
         <property name="hostAddress" value="172.30.0.53"/>
         <property name="sessionId" value="94be45b16f5882cb0f5298103f35e107"/>
         <property name="seleniumVersion" value="3.7.1"/>
         <property name="proxyInformation" value="ProxyInformation{proxyOption=NO_PROXY, proxyServerType=HTTP, password=, proxyServerAddress=, proxyServerPort=0}"/>
         <property name="platform" value="Windows Server 2012 R2"/>
      </properties>
      <testcase name="Test Cases/PL Site/LLBenefits/hbi/Vitala Care" classname="Test Cases/PL Site/LLBenefits/hbi/Vitala Care" status="PASSED">
         <system-out><![CDATA[2020-04-14 08:08:13 - [TEST_CASE][PASSED] - Test Cases/PL Site/LLBenefits/hbi/Vitala Care: Test Cases/PL Site/LLBenefits/hbi/Vitala Care

2020-04-14 08:08:14 - [TEST_STEP][PASSED] - callTestCase(findTestCase("AHI/_include/get_screenPath"), ["productLine":"LLBenefits", "carrierName":"Vitala Care"], CONTINUE_ON_FAILURE): Call Test Case 'Test Cases/AHI/_include/get_screenPath' successfully

2020-04-14 08:08:14 - [TEST_CASE][PASSED] - Test Cases/AHI/_include/get_screenPath: Test Cases/AHI/_include/get_screenPath

2020-04-14 08:08:14 - [TEST_STEP][PASSED] - m = getExecutionProperties(): null

2020-04-14 08:08:14 - [TEST_STEP][PASSED] - deviceName = get("mobileEmulation").get("deviceName"): null

2020-04-14 08:08:14 - [TEST_STEP][PASSED] - println(deviceName): null

2020-04-14 08:08:14 - [TEST_STEP][PASSED] - now = new java.util.Date(): null

2020-04-14 08:08:14 - [TEST_STEP][PASSED] - mydate = now.format("yyyyMMdd_HHmmss"): null

2020-04-14 08:08:14 - [TEST_STEP][PASSED] - screenPath = "../Screenshots/": null

2020-04-14 08:08:14 - [TEST_STEP][PASSED] - screenPath = screenPath + deviceName + "/" + productLine + "/" + carrierName + "/" + mydate + "/": null

2020-04-14 08:08:14 - [TEST_STEP][PASSED] - println(screenPath): null

2020-04-14 08:08:14 - [MESSAGE][PASSED] - Call Test Case 'Test Cases/AHI/_include/get_screenPath' successfully

2020-04-14 08:08:14 - [TEST_STEP][PASSED] - i = 0: null

2020-04-14 08:08:14 - [TEST_STEP][PASSED] - callTestCase(findTestCase("AHI/_include/openWebSite"), ["env":"https://llbenefits--qa.storefront.mybenefitskeeper.com"], STOP_ON_FAILURE): Call Test Case 'Test Cases/AHI/_include/openWebSite' successfully

2020-04-14 08:08:14 - [TEST_CASE][PASSED] - Test Cases/AHI/_include/openWebSite: Test Cases/AHI/_include/openWebSite

2020-04-14 08:08:14 - [TEST_STEP][PASSED] - openBrowser(env): Browser is opened with url: 'https://llbenefits--qa.storefront.mybenefitskeeper.com'

2020-04-14 08:08:15 - [MESSAGE][INFO] - Starting 'Chrome' driver

2020-04-14 08:08:15 - [MESSAGE][INFO] - User set preference: ['mobileEmulation', '{deviceName=iPhone 6}']

2020-04-14 08:08:15 - [MESSAGE][INFO] - User set preference: ['args', '[--incognito, --aggressive-cache-discard, --window-size=375,677, --no-sandbox, --ignore-certificate-errors]']

2020-04-14 08:08:15 - [MESSAGE][INFO] - Action delay is set to 0 seconds

2020-04-14 08:08:28 - [MESSAGE][PASSED] - Browser is opened with url: 'https://llbenefits--qa.storefront.mybenefitskeeper.com'

2020-04-14 08:08:28 - [TEST_STEP][PASSED] - waitForPageLoad(20): Wait for page load successfully

2020-04-14 08:08:28 - [MESSAGE][PASSED] - Wait for page load successfully

2020-04-14 08:08:28 - [TEST_STEP][PASSED] - callTestCase(findTestCase("AHI/_include/get_screenshot"), [:], STOP_ON_FAILURE): Call Test Case 'Test Cases/AHI/_include/get_screenshot' successfully

2020-04-14 08:08:28 - [TEST_CASE][PASSED] - Test Cases/AHI/_include/get_screenshot: Test Cases/AHI/_include/get_screenshot

2020-04-14 08:08:28 - [TEST_STEP][PASSED] - Thread.sleep(1000): null

2020-04-14 08:08:30 - [TEST_STEP][PASSED] - takeScreenshot(screenPath + i + ".png"): Taking screenshot successfully

2020-04-14 08:08:31 - [MESSAGE][PASSED] - Taking screenshot successfully
[[ATTACHMENT|D:\\Test\\AgileTest\\Reports\\PrivateLabel\\LLBenefits\\20200414_080049\\../Screenshots/iPhone 6/LLBenefits/Vitala Care/20200414_080814/0.png]]

2020-04-14 08:08:31 - [TEST_STEP][PASSED] - (internal.GlobalVariable.i++): null

2020-04-14 08:08:31 - [MESSAGE][PASSED] - Call Test Case 'Test Cases/AHI/_include/get_screenshot' successfully

2020-04-14 08:08:31 - [MESSAGE][PASSED] - Call Test Case 'Test Cases/AHI/_include/openWebSite' successfully

2020-04-14 08:08:31 - [TEST_STEP][PASSED] - callTestCase(findTestCase("PL Site/_include/census_hbi"), ["zipcode":"33186"], CONTINUE_ON_FAILURE): Call Test Case 'Test Cases/PL Site/_include/census_hbi' successfully

2020-04-14 08:08:31 - [TEST_CASE][PASSED] - Test Cases/PL Site/_include/census_hbi: Test Cases/PL Site/_include/census_hbi

2020-04-14 08:08:31 - [TEST_STEP][PASSED] - click(findTestObject("mobileSanity/Common/side_nav/menu")): Object: 'Object Repository/mobileSanity/Common/side_nav/menu' is clicked on

2020-04-14 08:08:31 - [MESSAGE][PASSED] - Object: 'Object Repository/mobileSanity/Common/side_nav/menu' is clicked on

2020-04-14 08:08:31 - [TEST_STEP][PASSED] - Thread.sleep(3000): null

2020-04-14 08:08:34 - [TEST_STEP][PASSED] - callTestCase(findTestCase("AHI/_include/get_screenshot"), [:], STOP_ON_FAILURE): Call Test Case 'Test Cases/AHI/_include/get_screenshot' successfully

2020-04-14 08:08:34 - [TEST_CASE][PASSED] - Test Cases/AHI/_include/get_screenshot: Test Cases/AHI/_include/get_screenshot

2020-04-14 08:08:34 - [TEST_STEP][PASSED] - Thread.sleep(1000): null

2020-04-14 08:08:35 - [TEST_STEP][PASSED] - takeScreenshot(screenPath + i + ".png"): Taking screenshot successfully

2020-04-14 08:08:37 - [MESSAGE][PASSED] - Taking screenshot successfully
[[ATTACHMENT|D:\\Test\\AgileTest\\Reports\\PrivateLabel\\LLBenefits\\20200414_080049\\../Screenshots/iPhone 6/LLBenefits/Vitala Care/20200414_080814/1.png]]

2020-04-14 08:08:37 - [TEST_STEP][PASSED] - (internal.GlobalVariable.i++): null

2020-04-14 08:08:37 - [MESSAGE][PASSED] - Call Test Case 'Test Cases/AHI/_include/get_screenshot' successfully

2020-04-14 08:08:37 - [TEST_STEP][PASSED] - click(findTestObject("PLSite/pl_nav_hbi")): Object: 'Object Repository/PLSite/pl_nav_hbi' is clicked on

2020-04-14 08:08:38 - [MESSAGE][PASSED] - Object: 'Object Repository/PLSite/pl_nav_hbi' is clicked on

2020-04-14 08:08:38 - [TEST_STEP][PASSED] - waitForPageLoad(10): Wait for page load successfully

2020-04-14 08:08:38 - [MESSAGE][PASSED] - Wait for page load successfully

2020-04-14 08:08:38 - [TEST_STEP][PASSED] - Thread.sleep(3000): null

2020-04-14 08:08:41 - [TEST_STEP][PASSED] - callTestCase(findTestCase("AHI/_include/get_screenshot"), [:], STOP_ON_FAILURE): Call Test Case 'Test Cases/AHI/_include/get_screenshot' successfully

2020-04-14 08:08:41 - [TEST_CASE][PASSED] - Test Cases/AHI/_include/get_screenshot: Test Cases/AHI/_include/get_screenshot

2020-04-14 08:08:42 - [TEST_STEP][PASSED] - Thread.sleep(1000): null

2020-04-14 08:08:43 - [TEST_STEP][PASSED] - takeScreenshot(screenPath + i + ".png"): Taking screenshot successfully

2020-04-14 08:08:44 - [MESSAGE][PASSED] - Taking screenshot successfully
[[ATTACHMENT|D:\\Test\\AgileTest\\Reports\\PrivateLabel\\LLBenefits\\20200414_080049\\../Screenshots/iPhone 6/LLBenefits/Vitala Care/20200414_080814/2.png]]

2020-04-14 08:08:44 - [TEST_STEP][PASSED] - (internal.GlobalVariable.i++): null

2020-04-14 08:08:44 - [MESSAGE][PASSED] - Call Test Case 'Test Cases/AHI/_include/get_screenshot' successfully

2020-04-14 08:08:44 - [TEST_STEP][PASSED] - setText(findTestObject("mobileSanity/HBI/census/input_Location_zip-input"), zipcode): Text '33186' is set on object 'Object Repository/mobileSanity/HBI/census/input_Location_zip-input'

2020-04-14 08:08:45 - [MESSAGE][PASSED] - Text '33186' is set on object 'Object Repository/mobileSanity/HBI/census/input_Location_zip-input'

2020-04-14 08:08:45 - [TEST_STEP][PASSED] - Thread.sleep(500): null

2020-04-14 08:08:46 - [TEST_STEP][PASSED] - setText(findTestObject("mobileSanity/HBI/census/input_Date of Birth_dob-0"), "12121980"): Text '12121980' is set on object 'Object Repository/mobileSanity/HBI/census/input_Date of Birth_dob-0'

2020-04-14 08:08:46 - [MESSAGE][PASSED] - Text '12121980' is set on object 'Object Repository/mobileSanity/HBI/census/input_Date of Birth_dob-0'

2020-04-14 08:08:46 - [TEST_STEP][PASSED] - click(findTestObject("mobileSanity/HBI/census/label_Male")): Object: 'Object Repository/mobileSanity/HBI/census/label_Male' is clicked on

2020-04-14 08:08:47 - [MESSAGE][PASSED] - Object: 'Object Repository/mobileSanity/HBI/census/label_Male' is clicked on

2020-04-14 08:08:47 - [TEST_STEP][PASSED] - click(findTestObject("mobileSanity/HBI/census/label_Get a Quote")): Object: 'Object Repository/mobileSanity/HBI/census/label_Get a Quote' is clicked on

2020-04-14 08:08:48 - [MESSAGE][PASSED] - Object: 'Object Repository/mobileSanity/HBI/census/label_Get a Quote' is clicked on

2020-04-14 08:08:48 - [TEST_STEP][PASSED] - waitForPageLoad(20): Wait for page load successfully

2020-04-14 08:08:48 - [MESSAGE][PASSED] - Wait for page load successfully

2020-04-14 08:08:48 - [TEST_STEP][PASSED] - Thread.sleep(3000): null

2020-04-14 08:08:51 - [TEST_STEP][PASSED] - callTestCase(findTestCase("AHI/_include/check_quoteleadform"), [:], STOP_ON_FAILURE): Call Test Case 'Test Cases/AHI/_include/check_quoteleadform' successfully

2020-04-14 08:08:52 - [TEST_CASE][PASSED] - Test Cases/AHI/_include/check_quoteleadform: Test Cases/AHI/_include/check_quoteleadform

2020-04-14 08:08:52 - [TEST_STEP][PASSED] - callTestCase(findTestCase("AHI/_include/name"), [:], CONTINUE_ON_FAILURE): Call Test Case 'Test Cases/AHI/_include/name' successfully

2020-04-14 08:08:52 - [TEST_CASE][PASSED] - Test Cases/AHI/_include/name: Test Cases/AHI/_include/name

2020-04-14 08:08:52 - [TEST_STEP][PASSED] - driver = getWebDriver(): null

2020-04-14 08:08:52 - [TEST_STEP][PASSED] - selenium = new com.thoughtworks.selenium.webdriven.WebDriverBackedSelenium(driver, internal.GlobalVariable.ENV): null

2020-04-14 08:08:53 - [TEST_STEP][PASSED] - FirstName = "Test-123": null

2020-04-14 08:08:53 - [TEST_STEP][PASSED] - LastName = selenium.getEval("{var x="ABCDEFGHIJKLMNOPQRSTUVWXYZabcdefghijklmnopqrstuvwxyz"; var tmp="ZZ11-"; for (i=0;i<8;i++) tmp+=x.charAt(Math.ceil(51*Math.random()));tmp;}"): null

2020-04-14 08:08:53 - [TEST_STEP][PASSED] - Address = selenium.getEval("{var x="ABCDEFGHIJKLMNOPQRSTUVWXYZabcdefghijklmnopqrstuvwxyz"; var tmp=""; for (i=0;i<8;i++) tmp+=x.charAt(Math.ceil(51*Math.random()));tmp;}"): null

2020-04-14 08:08:53 - [TEST_STEP][PASSED] - City = selenium.getEval("{var x="ABCDEFGHIJKLMNOPQRSTUVWXYZabcdefghijklmnopqrstuvwxyz"; var tmp=""; for (i=0;i<8;i++) tmp+=x.charAt(Math.ceil(51*Math.random()));tmp;}"): null

2020-04-14 08:08:53 - [TEST_STEP][PASSED] - tel1 = selenium.getEval("{var x="123456789"; var tmp=""; for (i=0;i<3;i++) tmp+=x.charAt(Math.ceil(8*Math.random()));tmp;}"): null

2020-04-14 08:08:53 - [TEST_STEP][PASSED] - tel2 = selenium.getEval("{var x="123456789"; var tmp=""; for (i=0;i<3;i++) tmp+=x.charAt(Math.ceil(8*Math.random()));tmp;}"): null

2020-04-14 08:08:53 - [TEST_STEP][PASSED] - tel3 = selenium.getEval("{var x="123456789"; var tmp=""; for (i=0;i<4;i++) tmp+=x.charAt(Math.ceil(8*Math.random()));tmp;}"): null

2020-04-14 08:08:53 - [TEST_STEP][PASSED] - Tel = selenium.getExpression(tel1 + "-" + tel2 + "-" + tel3): null

2020-04-14 08:08:53 - [TEST_STEP][PASSED] - AutoEmail = selenium.getEval("{var x="ABCDEFGHIJKLMNOPQRSTUVWXYZabcdefghijklmnopqrstuvwxyz"; var tmp="test."; for (i=0;i<8;i++) tmp+=x.charAt(Math.ceil(51*Math.random()));tmp+="@suryani.cn";}"): null

2020-04-14 08:08:53 - [TEST_STEP][PASSED] - FirstName = FirstName: null

2020-04-14 08:08:53 - [TEST_STEP][PASSED] - LastName = LastName: null

2020-04-14 08:08:53 - [TEST_STEP][PASSED] - Address = Address: null

2020-04-14 08:08:53 - [TEST_STEP][PASSED] - City = City: null

2020-04-14 08:08:53 - [TEST_STEP][PASSED] - Tel = Tel: null

2020-04-14 08:08:53 - [TEST_STEP][PASSED] - AutoEmail = AutoEmail: null

2020-04-14 08:08:53 - [TEST_STEP][PASSED] - println(FirstName): null

2020-04-14 08:08:53 - [TEST_STEP][PASSED] - println(LastName): null

2020-04-14 08:08:53 - [TEST_STEP][PASSED] - println(Address): null

2020-04-14 08:08:53 - [TEST_STEP][PASSED] - println(City): null

2020-04-14 08:08:53 - [TEST_STEP][PASSED] - println(Tel): null

2020-04-14 08:08:53 - [TEST_STEP][PASSED] - println(AutoEmail): null

2020-04-14 08:08:53 - [MESSAGE][PASSED] - Call Test Case 'Test Cases/AHI/_include/name' successfully

2020-04-14 08:08:53 - [TEST_STEP][PASSED] - leadform_exist = test.MobileKeywords.isElementPresent_Web(findTestObject("mobileSanity/quote lead form/lead_form"), 20): test.MobileKeywords.isElementPresent_Web is PASSED

2020-04-14 08:09:18 - [MESSAGE][INFO] - Unable to find the element located by 'By.xpath: //*[@id = 'lightboxLeadForm']'. Please recheck the objects properties to make sure the desired element is located. 

2020-04-14 08:09:18 - [MESSAGE][PASSED] - test.MobileKeywords.isElementPresent_Web is PASSED

2020-04-14 08:09:18 - [TEST_STEP][PASSED] - if (leadform_exist): null

2020-04-14 08:09:18 - [MESSAGE][PASSED] - Call Test Case 'Test Cases/AHI/_include/check_quoteleadform' successfully

2020-04-14 08:09:18 - [TEST_STEP][PASSED] - callTestCase(findTestCase("AHI/_include/get_screenshot"), [:], STOP_ON_FAILURE): Call Test Case 'Test Cases/AHI/_include/get_screenshot' successfully

2020-04-14 08:09:18 - [TEST_CASE][PASSED] - Test Cases/AHI/_include/get_screenshot: Test Cases/AHI/_include/get_screenshot

2020-04-14 08:09:18 - [TEST_STEP][PASSED] - Thread.sleep(1000): null

2020-04-14 08:09:19 - [TEST_STEP][PASSED] - takeScreenshot(screenPath + i + ".png"): Taking screenshot successfully

2020-04-14 08:09:19 - [MESSAGE][PASSED] - Taking screenshot successfully
[[ATTACHMENT|D:\\Test\\AgileTest\\Reports\\PrivateLabel\\LLBenefits\\20200414_080049\\../Screenshots/iPhone 6/LLBenefits/Vitala Care/20200414_080814/3.png]]

2020-04-14 08:09:19 - [TEST_STEP][PASSED] - (internal.GlobalVariable.i++): null

2020-04-14 08:09:19 - [MESSAGE][PASSED] - Call Test Case 'Test Cases/AHI/_include/get_screenshot' successfully

2020-04-14 08:09:19 - [MESSAGE][PASSED] - Call Test Case 'Test Cases/PL Site/_include/census_hbi' successfully

2020-04-14 08:09:19 - [TEST_STEP][PASSED] - Thread.sleep(5000): null

2020-04-14 08:09:24 - [TEST_STEP][PASSED] - scrollToPosition(200, 2300): Browser is scrolled to position x = 200, y = 2300

2020-04-14 08:09:25 - [MESSAGE][PASSED] - Browser is scrolled to position x = 200, y = 2300

2020-04-14 08:09:25 - [TEST_STEP][PASSED] - click(findTestObject("PLSite/a_vitalacare")): Object: 'Object Repository/PLSite/a_vitalacare' is clicked on

2020-04-14 08:09:26 - [MESSAGE][PASSED] - Object: 'Object Repository/PLSite/a_vitalacare' is clicked on

2020-04-14 08:09:26 - [TEST_STEP][PASSED] - waitForPageLoad(10): Wait for page load successfully

2020-04-14 08:09:27 - [MESSAGE][PASSED] - Wait for page load successfully

2020-04-14 08:09:27 - [TEST_STEP][PASSED] - callTestCase(findTestCase("AHI/_include/get_screenshot"), [:], STOP_ON_FAILURE): Call Test Case 'Test Cases/AHI/_include/get_screenshot' successfully

2020-04-14 08:09:27 - [TEST_CASE][PASSED] - Test Cases/AHI/_include/get_screenshot: Test Cases/AHI/_include/get_screenshot

2020-04-14 08:09:27 - [TEST_STEP][PASSED] - Thread.sleep(1000): null

2020-04-14 08:09:28 - [TEST_STEP][PASSED] - takeScreenshot(screenPath + i + ".png"): Taking screenshot successfully

2020-04-14 08:09:29 - [MESSAGE][PASSED] - Taking screenshot successfully
[[ATTACHMENT|D:\\Test\\AgileTest\\Reports\\PrivateLabel\\LLBenefits\\20200414_080049\\../Screenshots/iPhone 6/LLBenefits/Vitala Care/20200414_080814/4.png]]

2020-04-14 08:09:29 - [TEST_STEP][PASSED] - (internal.GlobalVariable.i++): null

2020-04-14 08:09:29 - [MESSAGE][PASSED] - Call Test Case 'Test Cases/AHI/_include/get_screenshot' successfully

2020-04-14 08:09:29 - [TEST_STEP][PASSED] - click(findTestObject("mobileSanity/HBI/detail/a_Apply for This Plan")): Object: 'Object Repository/mobileSanity/HBI/detail/a_Apply for This Plan' is clicked on

2020-04-14 08:09:29 - [MESSAGE][PASSED] - Object: 'Object Repository/mobileSanity/HBI/detail/a_Apply for This Plan' is clicked on

2020-04-14 08:09:29 - [TEST_STEP][PASSED] - waitForPageLoad(10): Wait for page load successfully

2020-04-14 08:09:29 - [MESSAGE][PASSED] - Wait for page load successfully

2020-04-14 08:09:29 - [TEST_STEP][PASSED] - callTestCase(findTestCase("AHI/_include/get_screenshot"), [:], STOP_ON_FAILURE): Call Test Case 'Test Cases/AHI/_include/get_screenshot' successfully

2020-04-14 08:09:29 - [TEST_CASE][PASSED] - Test Cases/AHI/_include/get_screenshot: Test Cases/AHI/_include/get_screenshot

2020-04-14 08:09:29 - [TEST_STEP][PASSED] - Thread.sleep(1000): null

2020-04-14 08:09:30 - [TEST_STEP][PASSED] - takeScreenshot(screenPath + i + ".png"): Taking screenshot successfully

2020-04-14 08:09:31 - [MESSAGE][PASSED] - Taking screenshot successfully
[[ATTACHMENT|D:\\Test\\AgileTest\\Reports\\PrivateLabel\\LLBenefits\\20200414_080049\\../Screenshots/iPhone 6/LLBenefits/Vitala Care/20200414_080814/5.png]]

2020-04-14 08:09:31 - [TEST_STEP][PASSED] - (internal.GlobalVariable.i++): null

2020-04-14 08:09:31 - [MESSAGE][PASSED] - Call Test Case 'Test Cases/AHI/_include/get_screenshot' successfully

2020-04-14 08:09:31 - [TEST_STEP][PASSED] - click(findTestObject("mobileSanity/HBI/Page_Apply/span_Start Secure Application")): Object: 'Object Repository/mobileSanity/HBI/Page_Apply/span_Start Secure Application' is clicked on

2020-04-14 08:09:31 - [MESSAGE][PASSED] - Object: 'Object Repository/mobileSanity/HBI/Page_Apply/span_Start Secure Application' is clicked on

2020-04-14 08:09:31 - [TEST_STEP][PASSED] - waitForPageLoad(10): Wait for page load successfully

2020-04-14 08:09:32 - [MESSAGE][PASSED] - Wait for page load successfully

2020-04-14 08:09:32 - [TEST_STEP][PASSED] - callTestCase(findTestCase("AHI/_include/get_screenshot"), [:], STOP_ON_FAILURE): Call Test Case 'Test Cases/AHI/_include/get_screenshot' successfully

2020-04-14 08:09:32 - [TEST_CASE][PASSED] - Test Cases/AHI/_include/get_screenshot: Test Cases/AHI/_include/get_screenshot

2020-04-14 08:09:32 - [TEST_STEP][PASSED] - Thread.sleep(1000): null

2020-04-14 08:09:33 - [TEST_STEP][PASSED] - takeScreenshot(screenPath + i + ".png"): Taking screenshot successfully

2020-04-14 08:09:33 - [MESSAGE][PASSED] - Taking screenshot successfully
[[ATTACHMENT|D:\\Test\\AgileTest\\Reports\\PrivateLabel\\LLBenefits\\20200414_080049\\../Screenshots/iPhone 6/LLBenefits/Vitala Care/20200414_080814/6.png]]

2020-04-14 08:09:33 - [TEST_STEP][PASSED] - (internal.GlobalVariable.i++): null

2020-04-14 08:09:33 - [MESSAGE][PASSED] - Call Test Case 'Test Cases/AHI/_include/get_screenshot' successfully

2020-04-14 08:09:33 - [TEST_STEP][PASSED] - callTestCase(findTestCase("AHI/_include/goToEnd_hbi"), ["carrier":"vitalacare", "state":"fl"], CONTINUE_ON_FAILURE): Call Test Case 'Test Cases/AHI/_include/goToEnd_hbi' successfully

2020-04-14 08:09:33 - [TEST_CASE][PASSED] - Test Cases/AHI/_include/goToEnd_hbi: Test Cases/AHI/_include/goToEnd_hbi

2020-04-14 08:09:34 - [TEST_STEP][PASSED] - if (state == "ca"): null

2020-04-14 08:09:34 - [TEST_STEP][PASSED] - callTestCase(findTestCase("AHI/_include/name"), [:], CONTINUE_ON_FAILURE): Call Test Case 'Test Cases/AHI/_include/name' successfully

2020-04-14 08:09:34 - [TEST_CASE][PASSED] - Test Cases/AHI/_include/name: Test Cases/AHI/_include/name

2020-04-14 08:09:34 - [TEST_STEP][PASSED] - driver = getWebDriver(): null

2020-04-14 08:09:34 - [TEST_STEP][PASSED] - selenium = new com.thoughtworks.selenium.webdriven.WebDriverBackedSelenium(driver, internal.GlobalVariable.ENV): null

2020-04-14 08:09:34 - [TEST_STEP][PASSED] - FirstName = "Test-123": null

2020-04-14 08:09:34 - [TEST_STEP][PASSED] - LastName = selenium.getEval("{var x="ABCDEFGHIJKLMNOPQRSTUVWXYZabcdefghijklmnopqrstuvwxyz"; var tmp="ZZ11-"; for (i=0;i<8;i++) tmp+=x.charAt(Math.ceil(51*Math.random()));tmp;}"): null

2020-04-14 08:09:34 - [TEST_STEP][PASSED] - Address = selenium.getEval("{var x="ABCDEFGHIJKLMNOPQRSTUVWXYZabcdefghijklmnopqrstuvwxyz"; var tmp=""; for (i=0;i<8;i++) tmp+=x.charAt(Math.ceil(51*Math.random()));tmp;}"): null

2020-04-14 08:09:34 - [TEST_STEP][PASSED] - City = selenium.getEval("{var x="ABCDEFGHIJKLMNOPQRSTUVWXYZabcdefghijklmnopqrstuvwxyz"; var tmp=""; for (i=0;i<8;i++) tmp+=x.charAt(Math.ceil(51*Math.random()));tmp;}"): null

2020-04-14 08:09:34 - [TEST_STEP][PASSED] - tel1 = selenium.getEval("{var x="123456789"; var tmp=""; for (i=0;i<3;i++) tmp+=x.charAt(Math.ceil(8*Math.random()));tmp;}"): null

2020-04-14 08:09:34 - [TEST_STEP][PASSED] - tel2 = selenium.getEval("{var x="123456789"; var tmp=""; for (i=0;i<3;i++) tmp+=x.charAt(Math.ceil(8*Math.random()));tmp;}"): null

2020-04-14 08:09:34 - [TEST_STEP][PASSED] - tel3 = selenium.getEval("{var x="123456789"; var tmp=""; for (i=0;i<4;i++) tmp+=x.charAt(Math.ceil(8*Math.random()));tmp;}"): null

2020-04-14 08:09:34 - [TEST_STEP][PASSED] - Tel = selenium.getExpression(tel1 + "-" + tel2 + "-" + tel3): null

2020-04-14 08:09:34 - [TEST_STEP][PASSED] - AutoEmail = selenium.getEval("{var x="ABCDEFGHIJKLMNOPQRSTUVWXYZabcdefghijklmnopqrstuvwxyz"; var tmp="test."; for (i=0;i<8;i++) tmp+=x.charAt(Math.ceil(51*Math.random()));tmp+="@suryani.cn";}"): null

2020-04-14 08:09:34 - [TEST_STEP][PASSED] - FirstName = FirstName: null

2020-04-14 08:09:34 - [TEST_STEP][PASSED] - LastName = LastName: null

2020-04-14 08:09:34 - [TEST_STEP][PASSED] - Address = Address: null

2020-04-14 08:09:34 - [TEST_STEP][PASSED] - City = City: null

2020-04-14 08:09:34 - [TEST_STEP][PASSED] - Tel = Tel: null

2020-04-14 08:09:34 - [TEST_STEP][PASSED] - AutoEmail = AutoEmail: null

2020-04-14 08:09:34 - [TEST_STEP][PASSED] - println(FirstName): null

2020-04-14 08:09:34 - [TEST_STEP][PASSED] - println(LastName): null

2020-04-14 08:09:34 - [TEST_STEP][PASSED] - println(Address): null

2020-04-14 08:09:34 - [TEST_STEP][PASSED] - println(City): null

2020-04-14 08:09:34 - [TEST_STEP][PASSED] - println(Tel): null

2020-04-14 08:09:34 - [TEST_STEP][PASSED] - println(AutoEmail): null

2020-04-14 08:09:34 - [MESSAGE][PASSED] - Call Test Case 'Test Cases/AHI/_include/name' successfully

2020-04-14 08:09:34 - [TEST_STEP][PASSED] - setText(findTestObject("mobileSanity/HBI/Page_App Page 1/input__member-P-1-firstName"), FirstName): Text 'Test-123' is set on object 'Object Repository/mobileSanity/HBI/Page_App Page 1/input__member-P-1-firstName'

2020-04-14 08:09:34 - [MESSAGE][PASSED] - Text 'Test-123' is set on object 'Object Repository/mobileSanity/HBI/Page_App Page 1/input__member-P-1-firstName'

2020-04-14 08:09:34 - [TEST_STEP][PASSED] - setText(findTestObject("mobileSanity/HBI/Page_App Page 1/input__member-P-1-lastName"), LastName): Text 'ZZ11-aBwvhXuT' is set on object 'Object Repository/mobileSanity/HBI/Page_App Page 1/input__member-P-1-lastName'

2020-04-14 08:09:35 - [MESSAGE][PASSED] - Text 'ZZ11-aBwvhXuT' is set on object 'Object Repository/mobileSanity/HBI/Page_App Page 1/input__member-P-1-lastName'

2020-04-14 08:09:35 - [TEST_STEP][PASSED] - if (carrier == "agileone" || carrier == "agilesecure"): null

2020-04-14 08:09:35 - [TEST_STEP][PASSED] - setText(findTestObject("mobileSanity/HBI/Page_App Page 1/input__address"), Address): Text 'gupeDHNn' is set on object 'Object Repository/mobileSanity/HBI/Page_App Page 1/input__address'

2020-04-14 08:09:35 - [MESSAGE][PASSED] - Text 'gupeDHNn' is set on object 'Object Repository/mobileSanity/HBI/Page_App Page 1/input__address'

2020-04-14 08:09:35 - [TEST_STEP][PASSED] - setText(findTestObject("mobileSanity/HBI/Page_App Page 1/input__city"), City): Text 'uEHpLHPs' is set on object 'Object Repository/mobileSanity/HBI/Page_App Page 1/input__city'

2020-04-14 08:09:36 - [MESSAGE][PASSED] - Text 'uEHpLHPs' is set on object 'Object Repository/mobileSanity/HBI/Page_App Page 1/input__city'

2020-04-14 08:09:36 - [TEST_STEP][PASSED] - setText(findTestObject("mobileSanity/HBI/Page_App Page 1/input__email"), AutoEmail): Text 'test.ekFYfrCk@suryani.cn' is set on object 'Object Repository/mobileSanity/HBI/Page_App Page 1/input__email'

2020-04-14 08:09:37 - [MESSAGE][PASSED] - Text 'test.ekFYfrCk@suryani.cn' is set on object 'Object Repository/mobileSanity/HBI/Page_App Page 1/input__email'

2020-04-14 08:09:37 - [TEST_STEP][PASSED] - setText(findTestObject("mobileSanity/HBI/Page_App Page 1/input_tel"), Tel): Text '287-446-5836' is set on object 'Object Repository/mobileSanity/HBI/Page_App Page 1/input_tel'

2020-04-14 08:09:37 - [MESSAGE][PASSED] - Text '287-446-5836' is set on object 'Object Repository/mobileSanity/HBI/Page_App Page 1/input_tel'

2020-04-14 08:09:37 - [TEST_STEP][PASSED] - Thread.sleep(5000): null

2020-04-14 08:09:42 - [TEST_STEP][PASSED] - click(findTestObject("mobileSanity/HBI/Page_App Page 1/a_Continue to Step 2 - Payment")): Object: 'Object Repository/mobileSanity/HBI/Page_App Page 1/a_Continue to Step 2 - Payment' is clicked on

2020-04-14 08:09:43 - [MESSAGE][PASSED] - Object: 'Object Repository/mobileSanity/HBI/Page_App Page 1/a_Continue to Step 2 - Payment' is clicked on

2020-04-14 08:09:43 - [TEST_STEP][PASSED] - waitForPageLoad(20): Wait for page load successfully

2020-04-14 08:09:43 - [MESSAGE][PASSED] - Wait for page load successfully

2020-04-14 08:09:43 - [TEST_STEP][PASSED] - Thread.sleep(2000): null

2020-04-14 08:09:45 - [TEST_STEP][PASSED] - waitForElementVisible(findTestObject("mobileSanity/HBI/Page_App Page 2/input__credit-card-first"), 20): Object 'Object Repository/mobileSanity/HBI/Page_App Page 2/input__credit-card-first' is visible

2020-04-14 08:09:46 - [MESSAGE][PASSED] - Object 'Object Repository/mobileSanity/HBI/Page_App Page 2/input__credit-card-first' is visible

2020-04-14 08:09:46 - [TEST_STEP][PASSED] - callTestCase(findTestCase("AHI/_include/get_screenshot"), [:], STOP_ON_FAILURE): Call Test Case 'Test Cases/AHI/_include/get_screenshot' successfully

2020-04-14 08:09:46 - [TEST_CASE][PASSED] - Test Cases/AHI/_include/get_screenshot: Test Cases/AHI/_include/get_screenshot

2020-04-14 08:09:46 - [TEST_STEP][PASSED] - Thread.sleep(1000): null

2020-04-14 08:09:47 - [TEST_STEP][PASSED] - takeScreenshot(screenPath + i + ".png"): Taking screenshot successfully

2020-04-14 08:09:47 - [MESSAGE][PASSED] - Taking screenshot successfully
[[ATTACHMENT|D:\\Test\\AgileTest\\Reports\\PrivateLabel\\LLBenefits\\20200414_080049\\../Screenshots/iPhone 6/LLBenefits/Vitala Care/20200414_080814/7.png]]

2020-04-14 08:09:47 - [TEST_STEP][PASSED] - (internal.GlobalVariable.i++): null

2020-04-14 08:09:47 - [MESSAGE][PASSED] - Call Test Case 'Test Cases/AHI/_include/get_screenshot' successfully

2020-04-14 08:09:47 - [TEST_STEP][PASSED] - setText(findTestObject("mobileSanity/HBI/Page_App Page 2/input__credit-card-first"), FirstName): Text 'Test-123' is set on object 'Object Repository/mobileSanity/HBI/Page_App Page 2/input__credit-card-first'

2020-04-14 08:09:49 - [MESSAGE][PASSED] - Text 'Test-123' is set on object 'Object Repository/mobileSanity/HBI/Page_App Page 2/input__credit-card-first'

2020-04-14 08:09:49 - [TEST_STEP][PASSED] - setText(findTestObject("mobileSanity/HBI/Page_App Page 2/input__credit-card-last"), LastName): Text 'ZZ11-aBwvhXuT' is set on object 'Object Repository/mobileSanity/HBI/Page_App Page 2/input__credit-card-last'

2020-04-14 08:09:51 - [MESSAGE][PASSED] - Text 'ZZ11-aBwvhXuT' is set on object 'Object Repository/mobileSanity/HBI/Page_App Page 2/input__credit-card-last'

2020-04-14 08:09:51 - [TEST_STEP][PASSED] - selectOptionByValue(findTestObject("mobileSanity/HBI/Page_App Page 2/select_MM010203040506070809101"), "12", true): All options with value '12' are selected in object 'Object Repository/mobileSanity/HBI/Page_App Page 2/select_MM010203040506070809101'  using regular expression

2020-04-14 08:09:53 - [MESSAGE][PASSED] - All options with value '12' are selected in object 'Object Repository/mobileSanity/HBI/Page_App Page 2/select_MM010203040506070809101'  using regular expression

2020-04-14 08:09:53 - [TEST_STEP][PASSED] - selectOptionByValue(findTestObject("mobileSanity/HBI/Page_App Page 2/select_YYYY2019202020212022202"), "2026", true): All options with value '2026' are selected in object 'Object Repository/mobileSanity/HBI/Page_App Page 2/select_YYYY2019202020212022202'  using regular expression

2020-04-14 08:09:54 - [MESSAGE][PASSED] - All options with value '2026' are selected in object 'Object Repository/mobileSanity/HBI/Page_App Page 2/select_YYYY2019202020212022202'  using regular expression

2020-04-14 08:09:54 - [TEST_STEP][PASSED] - setText(findTestObject("mobileSanity/HBI/Page_App Page 2/input__credit-card-number"), "4111111111111111"): Text '4111111111111111' is set on object 'Object Repository/mobileSanity/HBI/Page_App Page 2/input__credit-card-number'

2020-04-14 08:09:55 - [MESSAGE][PASSED] - Text '4111111111111111' is set on object 'Object Repository/mobileSanity/HBI/Page_App Page 2/input__credit-card-number'

2020-04-14 08:09:55 - [TEST_STEP][PASSED] - setText(findTestObject("mobileSanity/HBI/Page_App Page 2/input__cvv"), "123"): Text '123' is set on object 'Object Repository/mobileSanity/HBI/Page_App Page 2/input__cvv'

2020-04-14 08:09:55 - [MESSAGE][PASSED] - Text '123' is set on object 'Object Repository/mobileSanity/HBI/Page_App Page 2/input__cvv'

2020-04-14 08:09:55 - [TEST_STEP][PASSED] - click(findTestObject("mobileSanity/HBI/Page_App Page 2/label_My billing address is th")): Object: 'Object Repository/mobileSanity/HBI/Page_App Page 2/label_My billing address is th' is clicked on

2020-04-14 08:09:55 - [MESSAGE][PASSED] - Object: 'Object Repository/mobileSanity/HBI/Page_App Page 2/label_My billing address is th' is clicked on

2020-04-14 08:09:55 - [TEST_STEP][PASSED] - click(findTestObject("mobileSanity/HBI/Page_App Page 2/label_I Accept Authorization f")): Object: 'Object Repository/mobileSanity/HBI/Page_App Page 2/label_I Accept Authorization f' is clicked on

2020-04-14 08:09:55 - [MESSAGE][PASSED] - Object: 'Object Repository/mobileSanity/HBI/Page_App Page 2/label_I Accept Authorization f' is clicked on

2020-04-14 08:09:55 - [TEST_STEP][PASSED] - click(findTestObject("mobileSanity/HBI/Page_App Page 2/a_Continue to Step 3 - Review")): Object: 'Object Repository/mobileSanity/HBI/Page_App Page 2/a_Continue to Step 3 - Review' is clicked on

2020-04-14 08:09:56 - [MESSAGE][PASSED] - Object: 'Object Repository/mobileSanity/HBI/Page_App Page 2/a_Continue to Step 3 - Review' is clicked on

2020-04-14 08:09:56 - [TEST_STEP][PASSED] - waitForPageLoad(20): Wait for page load successfully

2020-04-14 08:09:56 - [MESSAGE][PASSED] - Wait for page load successfully

2020-04-14 08:09:56 - [TEST_STEP][PASSED] - Thread.sleep(10000): null

2020-04-14 08:10:06 - [TEST_STEP][PASSED] - waitForElementPresent(findTestObject("mobileSanity/HBI/Page_App Page 3/label"), 20): Object 'Object Repository/mobileSanity/HBI/Page_App Page 3/label' is present

2020-04-14 08:10:07 - [MESSAGE][PASSED] - Object 'Object Repository/mobileSanity/HBI/Page_App Page 3/label' is present

2020-04-14 08:10:07 - [TEST_STEP][PASSED] - callTestCase(findTestCase("AHI/_include/get_screenshot"), [:], STOP_ON_FAILURE): Call Test Case 'Test Cases/AHI/_include/get_screenshot' successfully

2020-04-14 08:10:07 - [TEST_CASE][PASSED] - Test Cases/AHI/_include/get_screenshot: Test Cases/AHI/_include/get_screenshot

2020-04-14 08:10:07 - [TEST_STEP][PASSED] - Thread.sleep(1000): null

2020-04-14 08:10:08 - [TEST_STEP][PASSED] - takeScreenshot(screenPath + i + ".png"): Taking screenshot successfully

2020-04-14 08:10:08 - [MESSAGE][PASSED] - Taking screenshot successfully
[[ATTACHMENT|D:\\Test\\AgileTest\\Reports\\PrivateLabel\\LLBenefits\\20200414_080049\\../Screenshots/iPhone 6/LLBenefits/Vitala Care/20200414_080814/8.png]]

2020-04-14 08:10:08 - [TEST_STEP][PASSED] - (internal.GlobalVariable.i++): null

2020-04-14 08:10:08 - [MESSAGE][PASSED] - Call Test Case 'Test Cases/AHI/_include/get_screenshot' successfully

2020-04-14 08:10:08 - [TEST_STEP][PASSED] - click(findTestObject("mobileSanity/HBI/Page_App Page 3/label")): Object: 'Object Repository/mobileSanity/HBI/Page_App Page 3/label' is clicked on

2020-04-14 08:10:09 - [MESSAGE][PASSED] - Object: 'Object Repository/mobileSanity/HBI/Page_App Page 3/label' is clicked on

2020-04-14 08:10:09 - [TEST_STEP][PASSED] - click(findTestObject("mobileSanity/HBI/Page_App Page 3/p_CLICK TO SIGN")): Object: 'Object Repository/mobileSanity/HBI/Page_App Page 3/p_CLICK TO SIGN' is clicked on

2020-04-14 08:10:10 - [MESSAGE][PASSED] - Object: 'Object Repository/mobileSanity/HBI/Page_App Page 3/p_CLICK TO SIGN' is clicked on

2020-04-14 08:10:10 - [TEST_STEP][PASSED] - click(findTestObject("mobileSanity/HBI/Page_App Page 3/a_Submit Your Application")): Object: 'Object Repository/mobileSanity/HBI/Page_App Page 3/a_Submit Your Application' is clicked on

2020-04-14 08:10:12 - [MESSAGE][PASSED] - Object: 'Object Repository/mobileSanity/HBI/Page_App Page 3/a_Submit Your Application' is clicked on

2020-04-14 08:10:12 - [TEST_STEP][PASSED] - waitForElementPresent(findTestObject("mobileSanity/Common/app-confirmation"), 20): Object 'Object Repository/mobileSanity/Common/app-confirmation' is present

2020-04-14 08:10:13 - [MESSAGE][PASSED] - Object 'Object Repository/mobileSanity/Common/app-confirmation' is present

2020-04-14 08:10:13 - [TEST_STEP][PASSED] - callTestCase(findTestCase("AHI/_include/get_screenshot"), [:], STOP_ON_FAILURE): Call Test Case 'Test Cases/AHI/_include/get_screenshot' successfully

2020-04-14 08:10:13 - [TEST_CASE][PASSED] - Test Cases/AHI/_include/get_screenshot: Test Cases/AHI/_include/get_screenshot

2020-04-14 08:10:14 - [TEST_STEP][PASSED] - Thread.sleep(1000): null

2020-04-14 08:10:15 - [TEST_STEP][PASSED] - takeScreenshot(screenPath + i + ".png"): Taking screenshot successfully

2020-04-14 08:10:15 - [MESSAGE][PASSED] - Taking screenshot successfully
[[ATTACHMENT|D:\\Test\\AgileTest\\Reports\\PrivateLabel\\LLBenefits\\20200414_080049\\../Screenshots/iPhone 6/LLBenefits/Vitala Care/20200414_080814/9.png]]

2020-04-14 08:10:15 - [TEST_STEP][PASSED] - (internal.GlobalVariable.i++): null

2020-04-14 08:10:15 - [MESSAGE][PASSED] - Call Test Case 'Test Cases/AHI/_include/get_screenshot' successfully

2020-04-14 08:10:15 - [MESSAGE][PASSED] - Call Test Case 'Test Cases/AHI/_include/goToEnd_hbi' successfully]]></system-out>
         <system-err><![CDATA[]]></system-err>
      </testcase>
      <system-out><![CDATA[2020-04-14 08:08:13 - [TEST_SUITE][PASSED] - LLBenefits: Test Cases/PL Site/LLBenefits/hbi/Vitala Care]]></system-out>
      <system-err><![CDATA[]]></system-err>
   </testsuite>
</testsuites>
