<?xml version="1.0" encoding="UTF-8"?>
<testsuites name="stm" time="666" tests="8" failures="0" errors="0">
   <testsuite name="stm" tests="8" failures="0" errors="0" time="666" timestamp="2019-10-24 08:07:25" hostname="Administrator - 172.30.0.53" id="Test Suites/mobileWeb/stm">
      <properties>
         <property name="deviceName" value=""/>
         <property name="devicePlatform" value=""/>
         <property name="logFolder" value="D:\\Test\\AgileTest\\Reports\\mobileWeb\\stm\\20191024_080031"/>
         <property name="logFiles" value="D:\\Test\\AgileTest\\Reports\\mobileWeb\\stm\\20191024_080031\\execution0.log"/>
         <property name="attachments" value="D:\\Test\\AgileTest\\Reports\\mobileWeb\\stm\\20191024_080031\\../Screenshots/iPhone 6/stm/Slaico/20191024_080726/0.png, D:\\Test\\AgileTest\\Reports\\mobileWeb\\stm\\20191024_080031\\../Screenshots/iPhone 6/stm/Slaico/20191024_080726/1.png, D:\\Test\\AgileTest\\Reports\\mobileWeb\\stm\\20191024_080031\\../Screenshots/iPhone 6/stm/Slaico/20191024_080726/2.png, D:\\Test\\AgileTest\\Reports\\mobileWeb\\stm\\20191024_080031\\../Screenshots/iPhone 6/stm/Slaico/20191024_080726/3.png, D:\\Test\\AgileTest\\Reports\\mobileWeb\\stm\\20191024_080031\\../Screenshots/iPhone 6/stm/Slaico/20191024_080726/4.png, D:\\Test\\AgileTest\\Reports\\mobileWeb\\stm\\20191024_080031\\../Screenshots/iPhone 6/stm/Slaico/20191024_080726/5.png, D:\\Test\\AgileTest\\Reports\\mobileWeb\\stm\\20191024_080031\\../Screenshots/iPhone 6/stm/Slaico/20191024_080726/6.png, D:\\Test\\AgileTest\\Reports\\mobileWeb\\stm\\20191024_080031\\1571918887377.png, D:\\Test\\AgileTest\\Reports\\mobileWeb\\stm\\20191024_080031\\../Screenshots/iPhone 6/stm/Slaico/20191024_080726/7.png, D:\\Test\\AgileTest\\Reports\\mobileWeb\\stm\\20191024_080031\\../Screenshots/iPhone 6/stm/Slaico/20191024_080726/8.png, D:\\Test\\AgileTest\\Reports\\mobileWeb\\stm\\20191024_080031\\../Screenshots/iPhone 6/stm/Slaico/20191024_080726/9.png, D:\\Test\\AgileTest\\Reports\\mobileWeb\\stm\\20191024_080031\\../Screenshots/iPhone 6/stm/Slaico/20191024_080726/10.png, D:\\Test\\AgileTest\\Reports\\mobileWeb\\stm\\20191024_080031\\../Screenshots/iPhone 6/stm/AdvantHealth/20191024_080853/0.png, D:\\Test\\AgileTest\\Reports\\mobileWeb\\stm\\20191024_080031\\../Screenshots/iPhone 6/stm/AdvantHealth/20191024_080853/1.png, D:\\Test\\AgileTest\\Reports\\mobileWeb\\stm\\20191024_080031\\../Screenshots/iPhone 6/stm/AdvantHealth/20191024_080853/2.png, D:\\Test\\AgileTest\\Reports\\mobileWeb\\stm\\20191024_080031\\../Screenshots/iPhone 6/stm/AdvantHealth/20191024_080853/3.png, D:\\Test\\AgileTest\\Reports\\mobileWeb\\stm\\20191024_080031\\../Screenshots/iPhone 6/stm/AdvantHealth/20191024_080853/4.png, D:\\Test\\AgileTest\\Reports\\mobileWeb\\stm\\20191024_080031\\../Screenshots/iPhone 6/stm/AdvantHealth/20191024_080853/5.png, D:\\Test\\AgileTest\\Reports\\mobileWeb\\stm\\20191024_080031\\../Screenshots/iPhone 6/stm/AdvantHealth/20191024_080853/6.png, D:\\Test\\AgileTest\\Reports\\mobileWeb\\stm\\20191024_080031\\../Screenshots/iPhone 6/stm/AdvantHealth/20191024_080853/7.png, D:\\Test\\AgileTest\\Reports\\mobileWeb\\stm\\20191024_080031\\../Screenshots/iPhone 6/stm/AdvantHealth/20191024_080853/8.png, D:\\Test\\AgileTest\\Reports\\mobileWeb\\stm\\20191024_080031\\../Screenshots/iPhone 6/stm/AdvantHealth/20191024_080853/9.png, D:\\Test\\AgileTest\\Reports\\mobileWeb\\stm\\20191024_080031\\../Screenshots/iPhone 6/stm/AdvantHealth/20191024_080853/10.png, D:\\Test\\AgileTest\\Reports\\mobileWeb\\stm\\20191024_080031\\../Screenshots/iPhone 6/stm/AdvantHealth/20191024_080853/11.png, D:\\Test\\AgileTest\\Reports\\mobileWeb\\stm\\20191024_080031\\../Screenshots/iPhone 6/stm/Companion/20191024_081022/0.png, D:\\Test\\AgileTest\\Reports\\mobileWeb\\stm\\20191024_080031\\../Screenshots/iPhone 6/stm/Companion/20191024_081022/1.png, D:\\Test\\AgileTest\\Reports\\mobileWeb\\stm\\20191024_080031\\../Screenshots/iPhone 6/stm/Companion/20191024_081022/2.png, D:\\Test\\AgileTest\\Reports\\mobileWeb\\stm\\20191024_080031\\../Screenshots/iPhone 6/stm/Companion/20191024_081022/3.png, D:\\Test\\AgileTest\\Reports\\mobileWeb\\stm\\20191024_080031\\../Screenshots/iPhone 6/stm/Companion/20191024_081022/4.png, D:\\Test\\AgileTest\\Reports\\mobileWeb\\stm\\20191024_080031\\../Screenshots/iPhone 6/stm/Companion/20191024_081022/5.png, D:\\Test\\AgileTest\\Reports\\mobileWeb\\stm\\20191024_080031\\../Screenshots/iPhone 6/stm/Companion/20191024_081022/6.png, D:\\Test\\AgileTest\\Reports\\mobileWeb\\stm\\20191024_080031\\1571919057986.png, D:\\Test\\AgileTest\\Reports\\mobileWeb\\stm\\20191024_080031\\../Screenshots/iPhone 6/stm/Companion/20191024_081022/7.png, D:\\Test\\AgileTest\\Reports\\mobileWeb\\stm\\20191024_080031\\../Screenshots/iPhone 6/stm/Companion/20191024_081022/8.png, D:\\Test\\AgileTest\\Reports\\mobileWeb\\stm\\20191024_080031\\../Screenshots/iPhone 6/stm/Companion/20191024_081022/9.png, D:\\Test\\AgileTest\\Reports\\mobileWeb\\stm\\20191024_080031\\../Screenshots/iPhone 6/stm/Companion/20191024_081022/10.png, D:\\Test\\AgileTest\\Reports\\mobileWeb\\stm\\20191024_080031\\../Screenshots/iPhone 6/stm/Everest/20191024_081153/0.png, D:\\Test\\AgileTest\\Reports\\mobileWeb\\stm\\20191024_080031\\../Screenshots/iPhone 6/stm/Everest/20191024_081153/1.png, D:\\Test\\AgileTest\\Reports\\mobileWeb\\stm\\20191024_080031\\../Screenshots/iPhone 6/stm/Everest/20191024_081153/2.png, D:\\Test\\AgileTest\\Reports\\mobileWeb\\stm\\20191024_080031\\../Screenshots/iPhone 6/stm/Everest/20191024_081153/3.png, D:\\Test\\AgileTest\\Reports\\mobileWeb\\stm\\20191024_080031\\../Screenshots/iPhone 6/stm/Everest/20191024_081153/4.png, D:\\Test\\AgileTest\\Reports\\mobileWeb\\stm\\20191024_080031\\../Screenshots/iPhone 6/stm/Everest/20191024_081153/5.png, D:\\Test\\AgileTest\\Reports\\mobileWeb\\stm\\20191024_080031\\../Screenshots/iPhone 6/stm/Everest/20191024_081153/6.png, D:\\Test\\AgileTest\\Reports\\mobileWeb\\stm\\20191024_080031\\1571919147862.png, D:\\Test\\AgileTest\\Reports\\mobileWeb\\stm\\20191024_080031\\../Screenshots/iPhone 6/stm/Everest/20191024_081153/7.png, D:\\Test\\AgileTest\\Reports\\mobileWeb\\stm\\20191024_080031\\../Screenshots/iPhone 6/stm/Everest/20191024_081153/8.png, D:\\Test\\AgileTest\\Reports\\mobileWeb\\stm\\20191024_080031\\../Screenshots/iPhone 6/stm/Everest/20191024_081153/9.png, D:\\Test\\AgileTest\\Reports\\mobileWeb\\stm\\20191024_080031\\../Screenshots/iPhone 6/stm/Everest/20191024_081153/10.png, D:\\Test\\AgileTest\\Reports\\mobileWeb\\stm\\20191024_080031\\../Screenshots/iPhone 6/stm/Everest Prime/20191024_081313/0.png, D:\\Test\\AgileTest\\Reports\\mobileWeb\\stm\\20191024_080031\\../Screenshots/iPhone 6/stm/Everest Prime/20191024_081313/1.png, D:\\Test\\AgileTest\\Reports\\mobileWeb\\stm\\20191024_080031\\../Screenshots/iPhone 6/stm/Everest Prime/20191024_081313/2.png, D:\\Test\\AgileTest\\Reports\\mobileWeb\\stm\\20191024_080031\\../Screenshots/iPhone 6/stm/Everest Prime/20191024_081313/3.png, D:\\Test\\AgileTest\\Reports\\mobileWeb\\stm\\20191024_080031\\../Screenshots/iPhone 6/stm/Everest Prime/20191024_081313/4.png, D:\\Test\\AgileTest\\Reports\\mobileWeb\\stm\\20191024_080031\\../Screenshots/iPhone 6/stm/Everest Prime/20191024_081313/5.png, D:\\Test\\AgileTest\\Reports\\mobileWeb\\stm\\20191024_080031\\../Screenshots/iPhone 6/stm/Everest Prime/20191024_081313/6.png, D:\\Test\\AgileTest\\Reports\\mobileWeb\\stm\\20191024_080031\\1571919226115.png, D:\\Test\\AgileTest\\Reports\\mobileWeb\\stm\\20191024_080031\\../Screenshots/iPhone 6/stm/Everest Prime/20191024_081313/7.png, D:\\Test\\AgileTest\\Reports\\mobileWeb\\stm\\20191024_080031\\../Screenshots/iPhone 6/stm/Everest Prime/20191024_081313/8.png, D:\\Test\\AgileTest\\Reports\\mobileWeb\\stm\\20191024_080031\\../Screenshots/iPhone 6/stm/Everest Prime/20191024_081313/9.png, D:\\Test\\AgileTest\\Reports\\mobileWeb\\stm\\20191024_080031\\../Screenshots/iPhone 6/stm/Everest Prime/20191024_081313/10.png, D:\\Test\\AgileTest\\Reports\\mobileWeb\\stm\\20191024_080031\\../Screenshots/iPhone 6/stm/LifeShield/20191024_081431/0.png, D:\\Test\\AgileTest\\Reports\\mobileWeb\\stm\\20191024_080031\\../Screenshots/iPhone 6/stm/LifeShield/20191024_081431/1.png, D:\\Test\\AgileTest\\Reports\\mobileWeb\\stm\\20191024_080031\\../Screenshots/iPhone 6/stm/LifeShield/20191024_081431/2.png, D:\\Test\\AgileTest\\Reports\\mobileWeb\\stm\\20191024_080031\\../Screenshots/iPhone 6/stm/LifeShield/20191024_081431/3.png, D:\\Test\\AgileTest\\Reports\\mobileWeb\\stm\\20191024_080031\\../Screenshots/iPhone 6/stm/LifeShield/20191024_081431/4.png, D:\\Test\\AgileTest\\Reports\\mobileWeb\\stm\\20191024_080031\\../Screenshots/iPhone 6/stm/LifeShield/20191024_081431/5.png, D:\\Test\\AgileTest\\Reports\\mobileWeb\\stm\\20191024_080031\\../Screenshots/iPhone 6/stm/LifeShield/20191024_081431/6.png, D:\\Test\\AgileTest\\Reports\\mobileWeb\\stm\\20191024_080031\\1571919303948.png, D:\\Test\\AgileTest\\Reports\\mobileWeb\\stm\\20191024_080031\\../Screenshots/iPhone 6/stm/LifeShield/20191024_081431/7.png, D:\\Test\\AgileTest\\Reports\\mobileWeb\\stm\\20191024_080031\\../Screenshots/iPhone 6/stm/LifeShield/20191024_081431/8.png, D:\\Test\\AgileTest\\Reports\\mobileWeb\\stm\\20191024_080031\\../Screenshots/iPhone 6/stm/LifeShield/20191024_081431/9.png, D:\\Test\\AgileTest\\Reports\\mobileWeb\\stm\\20191024_080031\\../Screenshots/iPhone 6/stm/LifeShield/20191024_081431/10.png, D:\\Test\\AgileTest\\Reports\\mobileWeb\\stm\\20191024_080031\\../Screenshots/iPhone 6/stm/National General/20191024_081549/0.png, D:\\Test\\AgileTest\\Reports\\mobileWeb\\stm\\20191024_080031\\../Screenshots/iPhone 6/stm/National General/20191024_081549/1.png, D:\\Test\\AgileTest\\Reports\\mobileWeb\\stm\\20191024_080031\\../Screenshots/iPhone 6/stm/National General/20191024_081549/2.png, D:\\Test\\AgileTest\\Reports\\mobileWeb\\stm\\20191024_080031\\../Screenshots/iPhone 6/stm/National General/20191024_081549/3.png, D:\\Test\\AgileTest\\Reports\\mobileWeb\\stm\\20191024_080031\\../Screenshots/iPhone 6/stm/National General/20191024_081549/4.png, D:\\Test\\AgileTest\\Reports\\mobileWeb\\stm\\20191024_080031\\../Screenshots/iPhone 6/stm/National General/20191024_081549/5.png, D:\\Test\\AgileTest\\Reports\\mobileWeb\\stm\\20191024_080031\\../Screenshots/iPhone 6/stm/National General/20191024_081549/6.png, D:\\Test\\AgileTest\\Reports\\mobileWeb\\stm\\20191024_080031\\../Screenshots/iPhone 6/stm/National General/20191024_081549/7.png, D:\\Test\\AgileTest\\Reports\\mobileWeb\\stm\\20191024_080031\\../Screenshots/iPhone 6/stm/National General/20191024_081549/8.png, D:\\Test\\AgileTest\\Reports\\mobileWeb\\stm\\20191024_080031\\../Screenshots/iPhone 6/stm/National General/20191024_081549/9.png, D:\\Test\\AgileTest\\Reports\\mobileWeb\\stm\\20191024_080031\\../Screenshots/iPhone 6/stm/National General/20191024_081549/10.png, D:\\Test\\AgileTest\\Reports\\mobileWeb\\stm\\20191024_080031\\../Screenshots/iPhone 6/stm/National General/20191024_081549/11.png, D:\\Test\\AgileTest\\Reports\\mobileWeb\\stm\\20191024_080031\\../Screenshots/iPhone 6/stm/Aspen/20191024_081713/0.png, D:\\Test\\AgileTest\\Reports\\mobileWeb\\stm\\20191024_080031\\../Screenshots/iPhone 6/stm/Aspen/20191024_081713/1.png, D:\\Test\\AgileTest\\Reports\\mobileWeb\\stm\\20191024_080031\\../Screenshots/iPhone 6/stm/Aspen/20191024_081713/2.png, D:\\Test\\AgileTest\\Reports\\mobileWeb\\stm\\20191024_080031\\../Screenshots/iPhone 6/stm/Aspen/20191024_081713/3.png, D:\\Test\\AgileTest\\Reports\\mobileWeb\\stm\\20191024_080031\\../Screenshots/iPhone 6/stm/Aspen/20191024_081713/4.png, D:\\Test\\AgileTest\\Reports\\mobileWeb\\stm\\20191024_080031\\../Screenshots/iPhone 6/stm/Aspen/20191024_081713/5.png, D:\\Test\\AgileTest\\Reports\\mobileWeb\\stm\\20191024_080031\\../Screenshots/iPhone 6/stm/Aspen/20191024_081713/6.png, D:\\Test\\AgileTest\\Reports\\mobileWeb\\stm\\20191024_080031\\1571919465739.png, D:\\Test\\AgileTest\\Reports\\mobileWeb\\stm\\20191024_080031\\../Screenshots/iPhone 6/stm/Aspen/20191024_081713/7.png, D:\\Test\\AgileTest\\Reports\\mobileWeb\\stm\\20191024_080031\\../Screenshots/iPhone 6/stm/Aspen/20191024_081713/8.png, D:\\Test\\AgileTest\\Reports\\mobileWeb\\stm\\20191024_080031\\../Screenshots/iPhone 6/stm/Aspen/20191024_081713/9.png, D:\\Test\\AgileTest\\Reports\\mobileWeb\\stm\\20191024_080031\\../Screenshots/iPhone 6/stm/Aspen/20191024_081713/10.png"/>
         <property name="hostName" value="Administrator - 172.30.0.53"/>
         <property name="os" value="Windows Server 2012 R2 64bit"/>
         <property name="katalonVersion" value="5.10.1.1"/>
         <property name="browser" value="Safari 11"/>
         <property name="hostAddress" value="172.30.0.53"/>
         <property name="sessionId" value="139549f76ce85f9570e3c198a87e5979"/>
         <property name="seleniumVersion" value="3.7.1"/>
         <property name="proxyInformation" value="ProxyInformation{proxyOption=NO_PROXY, proxyServerType=HTTP, password=, proxyServerAddress=, proxyServerPort=0}"/>
         <property name="platform" value="Windows Server 2012 R2"/>
      </properties>
      <testcase name="Test Cases/mobileWeb/stm/Slaico" classname="Test Cases/mobileWeb/stm/Slaico" status="PASSED">
         <system-out><![CDATA[2019-10-24 08:07:25 - [TEST_CASE][PASSED] - Test Cases/mobileWeb/stm/Slaico: Test Cases/mobileWeb/stm/Slaico

2019-10-24 08:07:26 - [TEST_STEP][PASSED] - callTestCase(findTestCase("mobileWeb/_include/get_screenPath"), ["productLine":"stm", "carrierName":"Slaico"], CONTINUE_ON_FAILURE): Call Test Case 'Test Cases/mobileWeb/_include/get_screenPath' successfully

2019-10-24 08:07:26 - [TEST_CASE][PASSED] - Test Cases/mobileWeb/_include/get_screenPath: Test Cases/mobileWeb/_include/get_screenPath

2019-10-24 08:07:26 - [TEST_STEP][PASSED] - m = getExecutionProperties(): null

2019-10-24 08:07:26 - [TEST_STEP][PASSED] - deviceName = get("mobileEmulation").get("deviceName"): null

2019-10-24 08:07:26 - [TEST_STEP][PASSED] - println(deviceName): null

2019-10-24 08:07:26 - [TEST_STEP][PASSED] - now = new java.util.Date(): null

2019-10-24 08:07:26 - [TEST_STEP][PASSED] - mydate = now.format("yyyyMMdd_HHmmss"): null

2019-10-24 08:07:26 - [TEST_STEP][PASSED] - screenPath = "../Screenshots/": null

2019-10-24 08:07:26 - [TEST_STEP][PASSED] - screenPath = screenPath + deviceName + "/" + productLine + "/" + carrierName + "/" + mydate + "/": null

2019-10-24 08:07:26 - [TEST_STEP][PASSED] - println(screenPath): null

2019-10-24 08:07:26 - [MESSAGE][PASSED] - Call Test Case 'Test Cases/mobileWeb/_include/get_screenPath' successfully

2019-10-24 08:07:26 - [TEST_STEP][PASSED] - i = 0: null

2019-10-24 08:07:26 - [TEST_STEP][PASSED] - callTestCase(findTestCase("mobileWeb/_include/openWebSite"), [:], STOP_ON_FAILURE): Call Test Case 'Test Cases/mobileWeb/_include/openWebSite' successfully

2019-10-24 08:07:26 - [TEST_CASE][PASSED] - Test Cases/mobileWeb/_include/openWebSite: Test Cases/mobileWeb/_include/openWebSite

2019-10-24 08:07:26 - [TEST_STEP][PASSED] - openBrowser(env): Browser is opened with url: 'https://praetemptatus.agilehealthinsurance.com'

2019-10-24 08:07:27 - [MESSAGE][INFO] - Starting 'Chrome' driver

2019-10-24 08:07:27 - [MESSAGE][INFO] - User set preference: ['mobileEmulation', '{deviceName=iPhone 6}']

2019-10-24 08:07:27 - [MESSAGE][INFO] - User set preference: ['args', '[--incognito, --aggressive-cache-discard, --window-size=375,677, --no-sandbox]']

2019-10-24 08:07:27 - [MESSAGE][INFO] - Action delay is set to 0 seconds

2019-10-24 08:07:30 - [MESSAGE][PASSED] - Browser is opened with url: 'https://praetemptatus.agilehealthinsurance.com'

2019-10-24 08:07:30 - [TEST_STEP][PASSED] - waitForPageLoad(20): Wait for page load successfully

2019-10-24 08:07:30 - [MESSAGE][PASSED] - Wait for page load successfully

2019-10-24 08:07:30 - [TEST_STEP][PASSED] - Thread.sleep(2000): null

2019-10-24 08:07:32 - [TEST_STEP][PASSED] - callTestCase(findTestCase("mobileWeb/_include/get_screenshot"), [:], STOP_ON_FAILURE): Call Test Case 'Test Cases/mobileWeb/_include/get_screenshot' successfully

2019-10-24 08:07:32 - [TEST_CASE][PASSED] - Test Cases/mobileWeb/_include/get_screenshot: Test Cases/mobileWeb/_include/get_screenshot

2019-10-24 08:07:32 - [TEST_STEP][PASSED] - takeScreenshot(screenPath + i + ".png"): Taking screenshot successfully

2019-10-24 08:07:33 - [MESSAGE][PASSED] - Taking screenshot successfully
[[ATTACHMENT|D:\\Test\\AgileTest\\Reports\\mobileWeb\\stm\\20191024_080031\\../Screenshots/iPhone 6/stm/Slaico/20191024_080726/0.png]]

2019-10-24 08:07:33 - [TEST_STEP][PASSED] - (internal.GlobalVariable.i++): null

2019-10-24 08:07:33 - [MESSAGE][PASSED] - Call Test Case 'Test Cases/mobileWeb/_include/get_screenshot' successfully

2019-10-24 08:07:33 - [MESSAGE][PASSED] - Call Test Case 'Test Cases/mobileWeb/_include/openWebSite' successfully

2019-10-24 08:07:33 - [TEST_STEP][PASSED] - callTestCase(findTestCase("mobileWeb/_include/census_stm"), ["zipcode":"60602"], STOP_ON_FAILURE): Call Test Case 'Test Cases/mobileWeb/_include/census_stm' successfully

2019-10-24 08:07:33 - [TEST_CASE][PASSED] - Test Cases/mobileWeb/_include/census_stm: Test Cases/mobileWeb/_include/census_stm

2019-10-24 08:07:33 - [TEST_STEP][PASSED] - waitForElementClickable(findTestObject("mobileSanity/STM/Home Page/a_Quote  Save Today"), 10): Object 'Object Repository/mobileSanity/STM/Home Page/a_Quote  Save Today' is clickable

2019-10-24 08:07:33 - [MESSAGE][PASSED] - Object 'Object Repository/mobileSanity/STM/Home Page/a_Quote  Save Today' is clickable

2019-10-24 08:07:33 - [TEST_STEP][PASSED] - click(findTestObject("mobileSanity/STM/Home Page/a_Quote  Save Today")): Object: 'Object Repository/mobileSanity/STM/Home Page/a_Quote  Save Today' is clicked on

2019-10-24 08:07:34 - [MESSAGE][PASSED] - Object: 'Object Repository/mobileSanity/STM/Home Page/a_Quote  Save Today' is clicked on

2019-10-24 08:07:34 - [TEST_STEP][PASSED] - waitForPageLoad(10): Wait for page load successfully

2019-10-24 08:07:34 - [MESSAGE][PASSED] - Wait for page load successfully

2019-10-24 08:07:34 - [TEST_STEP][PASSED] - callTestCase(findTestCase("mobileWeb/_include/get_screenshot"), [:], STOP_ON_FAILURE): Call Test Case 'Test Cases/mobileWeb/_include/get_screenshot' successfully

2019-10-24 08:07:34 - [TEST_CASE][PASSED] - Test Cases/mobileWeb/_include/get_screenshot: Test Cases/mobileWeb/_include/get_screenshot

2019-10-24 08:07:34 - [TEST_STEP][PASSED] - takeScreenshot(screenPath + i + ".png"): Taking screenshot successfully

2019-10-24 08:07:34 - [MESSAGE][PASSED] - Taking screenshot successfully
[[ATTACHMENT|D:\\Test\\AgileTest\\Reports\\mobileWeb\\stm\\20191024_080031\\../Screenshots/iPhone 6/stm/Slaico/20191024_080726/1.png]]

2019-10-24 08:07:35 - [TEST_STEP][PASSED] - (internal.GlobalVariable.i++): null

2019-10-24 08:07:35 - [MESSAGE][PASSED] - Call Test Case 'Test Cases/mobileWeb/_include/get_screenshot' successfully

2019-10-24 08:07:35 - [TEST_STEP][PASSED] - setText(findTestObject("mobileSanity/STM/STM Census Page/input_Location_zip-input"), zipcode): Text '60602' is set on object 'Object Repository/mobileSanity/STM/STM Census Page/input_Location_zip-input'

2019-10-24 08:07:35 - [MESSAGE][PASSED] - Text '60602' is set on object 'Object Repository/mobileSanity/STM/STM Census Page/input_Location_zip-input'

2019-10-24 08:07:35 - [TEST_STEP][PASSED] - Thread.sleep(500): null

2019-10-24 08:07:35 - [TEST_STEP][PASSED] - setText(findTestObject("mobileSanity/STM/STM Census Page/input_Date of Birth_dob-0"), "03031987"): Text '03031987' is set on object 'Object Repository/mobileSanity/STM/STM Census Page/input_Date of Birth_dob-0'

2019-10-24 08:07:35 - [MESSAGE][PASSED] - Text '03031987' is set on object 'Object Repository/mobileSanity/STM/STM Census Page/input_Date of Birth_dob-0'

2019-10-24 08:07:35 - [TEST_STEP][PASSED] - click(findTestObject("mobileSanity/STM/STM Census Page/label_Male")): Object: 'Object Repository/mobileSanity/STM/STM Census Page/label_Male' is clicked on

2019-10-24 08:07:36 - [MESSAGE][PASSED] - Object: 'Object Repository/mobileSanity/STM/STM Census Page/label_Male' is clicked on

2019-10-24 08:07:36 - [TEST_STEP][PASSED] - click(findTestObject("mobileSanity/STM/STM Census Page/label_Compare Plans")): Object: 'Object Repository/mobileSanity/STM/STM Census Page/label_Compare Plans' is clicked on

2019-10-24 08:07:40 - [MESSAGE][PASSED] - Object: 'Object Repository/mobileSanity/STM/STM Census Page/label_Compare Plans' is clicked on

2019-10-24 08:07:40 - [TEST_STEP][PASSED] - waitForElementVisible(findTestObject("mobileSanity/STM/STM Quote Page/button_sort"), 20): Object 'Object Repository/mobileSanity/STM/STM Quote Page/button_sort' is visible

2019-10-24 08:07:41 - [MESSAGE][PASSED] - Object 'Object Repository/mobileSanity/STM/STM Quote Page/button_sort' is visible

2019-10-24 08:07:41 - [TEST_STEP][PASSED] - Thread.sleep(3000): null

2019-10-24 08:07:44 - [TEST_STEP][PASSED] - callTestCase(findTestCase("mobileWeb/_include/get_screenshot"), [:], STOP_ON_FAILURE): Call Test Case 'Test Cases/mobileWeb/_include/get_screenshot' successfully

2019-10-24 08:07:44 - [TEST_CASE][PASSED] - Test Cases/mobileWeb/_include/get_screenshot: Test Cases/mobileWeb/_include/get_screenshot

2019-10-24 08:07:44 - [TEST_STEP][PASSED] - takeScreenshot(screenPath + i + ".png"): Taking screenshot successfully

2019-10-24 08:07:44 - [MESSAGE][PASSED] - Taking screenshot successfully
[[ATTACHMENT|D:\\Test\\AgileTest\\Reports\\mobileWeb\\stm\\20191024_080031\\../Screenshots/iPhone 6/stm/Slaico/20191024_080726/2.png]]

2019-10-24 08:07:44 - [TEST_STEP][PASSED] - (internal.GlobalVariable.i++): null

2019-10-24 08:07:44 - [MESSAGE][PASSED] - Call Test Case 'Test Cases/mobileWeb/_include/get_screenshot' successfully

2019-10-24 08:07:44 - [TEST_STEP][PASSED] - Thread.sleep(1000): null

2019-10-24 08:07:45 - [MESSAGE][PASSED] - Call Test Case 'Test Cases/mobileWeb/_include/census_stm' successfully

2019-10-24 08:07:45 - [TEST_STEP][PASSED] - callTestCase(findTestCase("mobileWeb/_include/filter_stm"), ["carrier":"slaico"], STOP_ON_FAILURE): Call Test Case 'Test Cases/mobileWeb/_include/filter_stm' successfully

2019-10-24 08:07:45 - [TEST_CASE][PASSED] - Test Cases/mobileWeb/_include/filter_stm: Test Cases/mobileWeb/_include/filter_stm

2019-10-24 08:07:45 - [TEST_STEP][PASSED] - driver = getWebDriver(): null

2019-10-24 08:07:45 - [TEST_STEP][PASSED] - selenium = new com.thoughtworks.selenium.webdriven.WebDriverBackedSelenium(driver, internal.GlobalVariable.ENV): null

2019-10-24 08:07:45 - [TEST_STEP][PASSED] - Thread.sleep(1000): null

2019-10-24 08:07:46 - [TEST_STEP][PASSED] - click(findTestObject("mobileSanity/STM/STM Quote Page/button_filters")): Object: 'Object Repository/mobileSanity/STM/STM Quote Page/button_filters' is clicked on

2019-10-24 08:07:47 - [MESSAGE][PASSED] - Object: 'Object Repository/mobileSanity/STM/STM Quote Page/button_filters' is clicked on

2019-10-24 08:07:47 - [TEST_STEP][PASSED] - Thread.sleep(1000): null

2019-10-24 08:07:48 - [TEST_STEP][PASSED] - click(findTestObject("mobileSanity/STM/STM Quote Page/i_Insurance company")): Object: 'Object Repository/mobileSanity/STM/STM Quote Page/i_Insurance company' is clicked on

2019-10-24 08:07:48 - [MESSAGE][PASSED] - Object: 'Object Repository/mobileSanity/STM/STM Quote Page/i_Insurance company' is clicked on

2019-10-24 08:07:48 - [TEST_STEP][PASSED] - Thread.sleep(1000): null

2019-10-24 08:07:49 - [TEST_STEP][PASSED] - filter_carrier = "//input[@name='filter[carrier]' and @value='" + carrier + "']/following::label": null

2019-10-24 08:07:49 - [TEST_STEP][PASSED] - println(filter_carrier): null

2019-10-24 08:07:49 - [TEST_STEP][PASSED] - test.MobileKeywords.clickJS_ByXpath(filter_carrier): test.MobileKeywords.clickJS_ByXpath is PASSED

2019-10-24 08:07:49 - [MESSAGE][PASSED] - Execute JavaScript 'arguments[0].click()' successfully

2019-10-24 08:07:49 - [MESSAGE][PASSED] - test.MobileKeywords.clickJS_ByXpath is PASSED

2019-10-24 08:07:49 - [TEST_STEP][PASSED] - Thread.sleep(1000): null

2019-10-24 08:07:50 - [TEST_STEP][PASSED] - scrollToElement(findTestObject("mobileSanity/STM/STM Quote Page/a_Show Plans"), 1000): Scroll to object 'Object Repository/mobileSanity/STM/STM Quote Page/a_Show Plans' successfully

2019-10-24 08:07:50 - [MESSAGE][PASSED] - Scroll to object 'Object Repository/mobileSanity/STM/STM Quote Page/a_Show Plans' successfully

2019-10-24 08:07:50 - [TEST_STEP][PASSED] - click(findTestObject("mobileSanity/STM/STM Quote Page/a_Show Plans")): Object: 'Object Repository/mobileSanity/STM/STM Quote Page/a_Show Plans' is clicked on

2019-10-24 08:07:51 - [MESSAGE][PASSED] - Object: 'Object Repository/mobileSanity/STM/STM Quote Page/a_Show Plans' is clicked on

2019-10-24 08:07:51 - [TEST_STEP][PASSED] - waitForJQueryLoad(20, STOP_ON_FAILURE): jQuery is ready.

2019-10-24 08:07:51 - [MESSAGE][PASSED] - jQuery is ready.

2019-10-24 08:07:51 - [TEST_STEP][PASSED] - Thread.sleep(2000): null

2019-10-24 08:07:53 - [TEST_STEP][PASSED] - callTestCase(findTestCase("mobileWeb/_include/get_screenshot"), [:], STOP_ON_FAILURE): Call Test Case 'Test Cases/mobileWeb/_include/get_screenshot' successfully

2019-10-24 08:07:53 - [TEST_CASE][PASSED] - Test Cases/mobileWeb/_include/get_screenshot: Test Cases/mobileWeb/_include/get_screenshot

2019-10-24 08:07:53 - [TEST_STEP][PASSED] - takeScreenshot(screenPath + i + ".png"): Taking screenshot successfully

2019-10-24 08:07:53 - [MESSAGE][PASSED] - Taking screenshot successfully
[[ATTACHMENT|D:\\Test\\AgileTest\\Reports\\mobileWeb\\stm\\20191024_080031\\../Screenshots/iPhone 6/stm/Slaico/20191024_080726/3.png]]

2019-10-24 08:07:53 - [TEST_STEP][PASSED] - (internal.GlobalVariable.i++): null

2019-10-24 08:07:53 - [MESSAGE][PASSED] - Call Test Case 'Test Cases/mobileWeb/_include/get_screenshot' successfully

2019-10-24 08:07:53 - [MESSAGE][PASSED] - Call Test Case 'Test Cases/mobileWeb/_include/filter_stm' successfully

2019-10-24 08:07:53 - [TEST_STEP][PASSED] - callTestCase(findTestCase("mobileWeb/_include/goToDetail_stm"), ["carrier":"slaico"], STOP_ON_FAILURE): Call Test Case 'Test Cases/mobileWeb/_include/goToDetail_stm' successfully

2019-10-24 08:07:53 - [TEST_CASE][PASSED] - Test Cases/mobileWeb/_include/goToDetail_stm: Test Cases/mobileWeb/_include/goToDetail_stm

2019-10-24 08:07:54 - [TEST_STEP][PASSED] - driver = getWebDriver(): null

2019-10-24 08:07:54 - [TEST_STEP][PASSED] - selenium = new com.thoughtworks.selenium.webdriven.WebDriverBackedSelenium(driver, internal.GlobalVariable.ENV): null

2019-10-24 08:07:54 - [TEST_STEP][PASSED] - a_plan_name = "xpath=//a[contains(@href,'/term-health-insurance/plan/" + carrier + "')]": null

2019-10-24 08:07:54 - [TEST_STEP][PASSED] - println(a_plan_name): null

2019-10-24 08:07:54 - [TEST_STEP][PASSED] - selenium.click(a_plan_name): null

2019-10-24 08:07:56 - [TEST_STEP][PASSED] - waitForPageLoad(20): Wait for page load successfully

2019-10-24 08:07:56 - [MESSAGE][PASSED] - Wait for page load successfully

2019-10-24 08:07:56 - [TEST_STEP][PASSED] - Thread.sleep(2000): null

2019-10-24 08:07:58 - [TEST_STEP][PASSED] - callTestCase(findTestCase("mobileWeb/_include/get_screenshot"), [:], STOP_ON_FAILURE): Call Test Case 'Test Cases/mobileWeb/_include/get_screenshot' successfully

2019-10-24 08:07:58 - [TEST_CASE][PASSED] - Test Cases/mobileWeb/_include/get_screenshot: Test Cases/mobileWeb/_include/get_screenshot

2019-10-24 08:07:58 - [TEST_STEP][PASSED] - takeScreenshot(screenPath + i + ".png"): Taking screenshot successfully

2019-10-24 08:07:58 - [MESSAGE][PASSED] - Taking screenshot successfully
[[ATTACHMENT|D:\\Test\\AgileTest\\Reports\\mobileWeb\\stm\\20191024_080031\\../Screenshots/iPhone 6/stm/Slaico/20191024_080726/4.png]]

2019-10-24 08:07:58 - [TEST_STEP][PASSED] - (internal.GlobalVariable.i++): null

2019-10-24 08:07:58 - [MESSAGE][PASSED] - Call Test Case 'Test Cases/mobileWeb/_include/get_screenshot' successfully

2019-10-24 08:07:58 - [MESSAGE][PASSED] - Call Test Case 'Test Cases/mobileWeb/_include/goToDetail_stm' successfully

2019-10-24 08:07:58 - [TEST_STEP][PASSED] - callTestCase(findTestCase("mobileWeb/_include/apply_stm"), [:], STOP_ON_FAILURE): Call Test Case 'Test Cases/mobileWeb/_include/apply_stm' successfully

2019-10-24 08:07:58 - [TEST_CASE][PASSED] - Test Cases/mobileWeb/_include/apply_stm: Test Cases/mobileWeb/_include/apply_stm

2019-10-24 08:07:58 - [TEST_STEP][PASSED] - waitForElementVisible(findTestObject("mobileSanity/STM/STM PlanDetail Page/a_Apply for This Plan"), 5): Object 'Object Repository/mobileSanity/STM/STM PlanDetail Page/a_Apply for This Plan' is visible

2019-10-24 08:07:58 - [MESSAGE][PASSED] - Object 'Object Repository/mobileSanity/STM/STM PlanDetail Page/a_Apply for This Plan' is visible

2019-10-24 08:07:58 - [TEST_STEP][PASSED] - click(findTestObject("mobileSanity/STM/STM PlanDetail Page/a_Apply for This Plan")): Object: 'Object Repository/mobileSanity/STM/STM PlanDetail Page/a_Apply for This Plan' is clicked on

2019-10-24 08:07:59 - [MESSAGE][PASSED] - Object: 'Object Repository/mobileSanity/STM/STM PlanDetail Page/a_Apply for This Plan' is clicked on

2019-10-24 08:07:59 - [TEST_STEP][PASSED] - waitForPageLoad(10): Wait for page load successfully

2019-10-24 08:07:59 - [MESSAGE][PASSED] - Wait for page load successfully

2019-10-24 08:07:59 - [TEST_STEP][PASSED] - Thread.sleep(2000): null

2019-10-24 08:08:01 - [TEST_STEP][PASSED] - callTestCase(findTestCase("mobileWeb/_include/get_screenshot"), [:], STOP_ON_FAILURE): Call Test Case 'Test Cases/mobileWeb/_include/get_screenshot' successfully

2019-10-24 08:08:01 - [TEST_CASE][PASSED] - Test Cases/mobileWeb/_include/get_screenshot: Test Cases/mobileWeb/_include/get_screenshot

2019-10-24 08:08:01 - [TEST_STEP][PASSED] - takeScreenshot(screenPath + i + ".png"): Taking screenshot successfully

2019-10-24 08:08:02 - [MESSAGE][PASSED] - Taking screenshot successfully
[[ATTACHMENT|D:\\Test\\AgileTest\\Reports\\mobileWeb\\stm\\20191024_080031\\../Screenshots/iPhone 6/stm/Slaico/20191024_080726/5.png]]

2019-10-24 08:08:02 - [TEST_STEP][PASSED] - (internal.GlobalVariable.i++): null

2019-10-24 08:08:02 - [MESSAGE][PASSED] - Call Test Case 'Test Cases/mobileWeb/_include/get_screenshot' successfully

2019-10-24 08:08:02 - [TEST_STEP][PASSED] - waitForElementVisible(findTestObject("mobileSanity/STM/STM Apply Page/a_Start Secure Application"), 5): Object 'Object Repository/mobileSanity/STM/STM Apply Page/a_Start Secure Application' is visible

2019-10-24 08:08:02 - [MESSAGE][PASSED] - Object 'Object Repository/mobileSanity/STM/STM Apply Page/a_Start Secure Application' is visible

2019-10-24 08:08:02 - [TEST_STEP][PASSED] - click(findTestObject("mobileSanity/STM/STM Apply Page/a_Start Secure Application")): Object: 'Object Repository/mobileSanity/STM/STM Apply Page/a_Start Secure Application' is clicked on

2019-10-24 08:08:02 - [MESSAGE][PASSED] - Object: 'Object Repository/mobileSanity/STM/STM Apply Page/a_Start Secure Application' is clicked on

2019-10-24 08:08:02 - [TEST_STEP][PASSED] - waitForPageLoad(20): Wait for page load successfully

2019-10-24 08:08:03 - [MESSAGE][PASSED] - Wait for page load successfully

2019-10-24 08:08:03 - [TEST_STEP][PASSED] - Thread.sleep(2000): null

2019-10-24 08:08:05 - [TEST_STEP][PASSED] - callTestCase(findTestCase("mobileWeb/_include/get_screenshot"), [:], STOP_ON_FAILURE): Call Test Case 'Test Cases/mobileWeb/_include/get_screenshot' successfully

2019-10-24 08:08:05 - [TEST_CASE][PASSED] - Test Cases/mobileWeb/_include/get_screenshot: Test Cases/mobileWeb/_include/get_screenshot

2019-10-24 08:08:05 - [TEST_STEP][PASSED] - takeScreenshot(screenPath + i + ".png"): Taking screenshot successfully

2019-10-24 08:08:05 - [MESSAGE][PASSED] - Taking screenshot successfully
[[ATTACHMENT|D:\\Test\\AgileTest\\Reports\\mobileWeb\\stm\\20191024_080031\\../Screenshots/iPhone 6/stm/Slaico/20191024_080726/6.png]]

2019-10-24 08:08:05 - [TEST_STEP][PASSED] - (internal.GlobalVariable.i++): null

2019-10-24 08:08:05 - [MESSAGE][PASSED] - Call Test Case 'Test Cases/mobileWeb/_include/get_screenshot' successfully

2019-10-24 08:08:05 - [MESSAGE][PASSED] - Call Test Case 'Test Cases/mobileWeb/_include/apply_stm' successfully

2019-10-24 08:08:05 - [TEST_STEP][PASSED] - callTestCase(findTestCase("mobileWeb/_include/goToEnd_stm_autofill"), [:], STOP_ON_FAILURE): Call Test Case 'Test Cases/mobileWeb/_include/goToEnd_stm_autofill' successfully

2019-10-24 08:08:05 - [TEST_CASE][PASSED] - Test Cases/mobileWeb/_include/goToEnd_stm_autofill: Test Cases/mobileWeb/_include/goToEnd_stm_autofill

2019-10-24 08:08:06 - [TEST_STEP][PASSED] - callTestCase(findTestCase("mobileWeb/_include/name"), [:], CONTINUE_ON_FAILURE): Call Test Case 'Test Cases/mobileWeb/_include/name' successfully

2019-10-24 08:08:06 - [TEST_CASE][PASSED] - Test Cases/mobileWeb/_include/name: Test Cases/mobileWeb/_include/name

2019-10-24 08:08:06 - [TEST_STEP][PASSED] - driver = getWebDriver(): null

2019-10-24 08:08:06 - [TEST_STEP][PASSED] - selenium = new com.thoughtworks.selenium.webdriven.WebDriverBackedSelenium(driver, internal.GlobalVariable.ENV): null

2019-10-24 08:08:06 - [TEST_STEP][PASSED] - FirstName = "Test-123": null

2019-10-24 08:08:06 - [TEST_STEP][PASSED] - LastName = selenium.getEval("{var x="ABCDEFGHIJKLMNOPQRSTUVWXYZabcdefghijklmnopqrstuvwxyz"; var tmp="ZZ11-"; for (i=0;i<8;i++) tmp+=x.charAt(Math.ceil(51*Math.random()));tmp;}"): null

2019-10-24 08:08:06 - [TEST_STEP][PASSED] - Address = selenium.getEval("{var x="ABCDEFGHIJKLMNOPQRSTUVWXYZabcdefghijklmnopqrstuvwxyz"; var tmp=""; for (i=0;i<8;i++) tmp+=x.charAt(Math.ceil(51*Math.random()));tmp;}"): null

2019-10-24 08:08:07 - [TEST_STEP][PASSED] - City = selenium.getEval("{var x="ABCDEFGHIJKLMNOPQRSTUVWXYZabcdefghijklmnopqrstuvwxyz"; var tmp=""; for (i=0;i<8;i++) tmp+=x.charAt(Math.ceil(51*Math.random()));tmp;}"): null

2019-10-24 08:08:07 - [TEST_STEP][PASSED] - tel1 = selenium.getEval("{var x="123456789"; var tmp=""; for (i=0;i<3;i++) tmp+=x.charAt(Math.ceil(8*Math.random()));tmp;}"): null

2019-10-24 08:08:07 - [TEST_STEP][PASSED] - tel2 = selenium.getEval("{var x="123456789"; var tmp=""; for (i=0;i<3;i++) tmp+=x.charAt(Math.ceil(8*Math.random()));tmp;}"): null

2019-10-24 08:08:07 - [TEST_STEP][PASSED] - tel3 = selenium.getEval("{var x="123456789"; var tmp=""; for (i=0;i<4;i++) tmp+=x.charAt(Math.ceil(8*Math.random()));tmp;}"): null

2019-10-24 08:08:07 - [TEST_STEP][PASSED] - Tel = selenium.getExpression(tel1 + "-" + tel2 + "-" + tel3): null

2019-10-24 08:08:07 - [TEST_STEP][PASSED] - AutoEmail = selenium.getEval("{var x="ABCDEFGHIJKLMNOPQRSTUVWXYZabcdefghijklmnopqrstuvwxyz"; var tmp="test."; for (i=0;i<8;i++) tmp+=x.charAt(Math.ceil(51*Math.random()));tmp+="@suryani.cn";}"): null

2019-10-24 08:08:07 - [TEST_STEP][PASSED] - FirstName = FirstName: null

2019-10-24 08:08:07 - [TEST_STEP][PASSED] - LastName = LastName: null

2019-10-24 08:08:07 - [TEST_STEP][PASSED] - Address = Address: null

2019-10-24 08:08:07 - [TEST_STEP][PASSED] - City = City: null

2019-10-24 08:08:07 - [TEST_STEP][PASSED] - Tel = Tel: null

2019-10-24 08:08:07 - [TEST_STEP][PASSED] - AutoEmail = AutoEmail: null

2019-10-24 08:08:07 - [TEST_STEP][PASSED] - println(FirstName): null

2019-10-24 08:08:07 - [TEST_STEP][PASSED] - println(LastName): null

2019-10-24 08:08:07 - [TEST_STEP][PASSED] - println(Address): null

2019-10-24 08:08:07 - [TEST_STEP][PASSED] - println(City): null

2019-10-24 08:08:07 - [TEST_STEP][PASSED] - println(Tel): null

2019-10-24 08:08:07 - [TEST_STEP][PASSED] - println(AutoEmail): null

2019-10-24 08:08:07 - [MESSAGE][PASSED] - Call Test Case 'Test Cases/mobileWeb/_include/name' successfully

2019-10-24 08:08:07 - [TEST_STEP][FAILED] - try: Unable to verify text 'Month Duration Acknowledgement' is present  (Root cause: com.kms.katalon.core.exception.StepFailedException: Text 'Month Duration Acknowledgement' is not present on page )

2019-10-24 08:08:07 - [TEST_STEP][FAILED] - if (verifyTextPresent("Month Duration Acknowledgement", false)): Unable to verify text 'Month Duration Acknowledgement' is present  (Root cause: com.kms.katalon.core.exception.StepFailedException: Text 'Month Duration Acknowledgement' is not present on page )

2019-10-24 08:08:07 - [MESSAGE][FAILED] - Text 'Month Duration Acknowledgement' is not present on page 

2019-10-24 08:08:07 - [MESSAGE][FAILED] - Unable to verify text 'Month Duration Acknowledgement' is present  (Root cause: com.kms.katalon.core.exception.StepFailedException: Text 'Month Duration Acknowledgement' is not present on page )
[[ATTACHMENT|D:\\Test\\AgileTest\\Reports\\mobileWeb\\stm\\20191024_080031\\1571918887377.png]]

2019-10-24 08:08:07 - [TEST_STEP][PASSED] - catch (Exception e): null

2019-10-24 08:08:07 - [TEST_STEP][PASSED] - println("no consecutive"): null

2019-10-24 08:08:07 - [TEST_STEP][PASSED] - waitForPageLoad(10): Wait for page load successfully

2019-10-24 08:08:08 - [MESSAGE][PASSED] - Wait for page load successfully

2019-10-24 08:08:08 - [TEST_STEP][PASSED] - Thread.sleep(3000): null

2019-10-24 08:08:11 - [TEST_STEP][PASSED] - waitForElementVisible(findTestObject("mobileSanity/STM/Page_App Page 1/a_Autofill App Info"), 20): Object 'Object Repository/mobileSanity/STM/Page_App Page 1/a_Autofill App Info' is visible

2019-10-24 08:08:11 - [MESSAGE][PASSED] - Object 'Object Repository/mobileSanity/STM/Page_App Page 1/a_Autofill App Info' is visible

2019-10-24 08:08:11 - [TEST_STEP][PASSED] - click(findTestObject("mobileSanity/STM/Page_App Page 1/a_Autofill App Info")): Object: 'Object Repository/mobileSanity/STM/Page_App Page 1/a_Autofill App Info' is clicked on

2019-10-24 08:08:11 - [MESSAGE][PASSED] - Object: 'Object Repository/mobileSanity/STM/Page_App Page 1/a_Autofill App Info' is clicked on

2019-10-24 08:08:11 - [TEST_STEP][PASSED] - Thread.sleep(1000): null

2019-10-24 08:08:12 - [TEST_STEP][PASSED] - click(findTestObject("mobileSanity/STM/Page_App Page 1/a_Autofill App Info")): Object: 'Object Repository/mobileSanity/STM/Page_App Page 1/a_Autofill App Info' is clicked on

2019-10-24 08:08:12 - [MESSAGE][PASSED] - Object: 'Object Repository/mobileSanity/STM/Page_App Page 1/a_Autofill App Info' is clicked on

2019-10-24 08:08:12 - [TEST_STEP][PASSED] - Thread.sleep(1000): null

2019-10-24 08:08:13 - [TEST_STEP][PASSED] - waitForElementVisible(findTestObject("mobileSanity/STM/Page_App Page 1/a_Continue"), 20): Object 'Object Repository/mobileSanity/STM/Page_App Page 1/a_Continue' is visible

2019-10-24 08:08:13 - [MESSAGE][PASSED] - Object 'Object Repository/mobileSanity/STM/Page_App Page 1/a_Continue' is visible

2019-10-24 08:08:13 - [TEST_STEP][PASSED] - click(findTestObject("mobileSanity/STM/Page_App Page 1/a_Continue")): Object: 'Object Repository/mobileSanity/STM/Page_App Page 1/a_Continue' is clicked on

2019-10-24 08:08:13 - [MESSAGE][PASSED] - Object: 'Object Repository/mobileSanity/STM/Page_App Page 1/a_Continue' is clicked on

2019-10-24 08:08:13 - [TEST_STEP][PASSED] - waitForPageLoad(20): Wait for page load successfully

2019-10-24 08:08:13 - [MESSAGE][PASSED] - Wait for page load successfully

2019-10-24 08:08:13 - [TEST_STEP][PASSED] - Thread.sleep(2000): null

2019-10-24 08:08:15 - [TEST_STEP][PASSED] - callTestCase(findTestCase("mobileWeb/_include/get_screenshot"), [:], STOP_ON_FAILURE): Call Test Case 'Test Cases/mobileWeb/_include/get_screenshot' successfully

2019-10-24 08:08:15 - [TEST_CASE][PASSED] - Test Cases/mobileWeb/_include/get_screenshot: Test Cases/mobileWeb/_include/get_screenshot

2019-10-24 08:08:15 - [TEST_STEP][PASSED] - takeScreenshot(screenPath + i + ".png"): Taking screenshot successfully

2019-10-24 08:08:15 - [MESSAGE][PASSED] - Taking screenshot successfully
[[ATTACHMENT|D:\\Test\\AgileTest\\Reports\\mobileWeb\\stm\\20191024_080031\\../Screenshots/iPhone 6/stm/Slaico/20191024_080726/7.png]]

2019-10-24 08:08:15 - [TEST_STEP][PASSED] - (internal.GlobalVariable.i++): null

2019-10-24 08:08:15 - [MESSAGE][PASSED] - Call Test Case 'Test Cases/mobileWeb/_include/get_screenshot' successfully

2019-10-24 08:08:15 - [TEST_STEP][PASSED] - click(findTestObject("mobileSanity/STM/Page_App Page 2/a_Continue to Step 3 - Payment")): Object: 'Object Repository/mobileSanity/STM/Page_App Page 2/a_Continue to Step 3 - Payment' is clicked on

2019-10-24 08:08:16 - [MESSAGE][PASSED] - Object: 'Object Repository/mobileSanity/STM/Page_App Page 2/a_Continue to Step 3 - Payment' is clicked on

2019-10-24 08:08:16 - [TEST_STEP][PASSED] - waitForPageLoad(20): Wait for page load successfully

2019-10-24 08:08:16 - [MESSAGE][PASSED] - Wait for page load successfully

2019-10-24 08:08:16 - [TEST_STEP][PASSED] - waitForElementVisible(findTestObject("mobileSanity/STM/Page_App Page 3/input__credit-card-cvv"), 20): Object 'Object Repository/mobileSanity/STM/Page_App Page 3/input__credit-card-cvv' is visible

2019-10-24 08:08:16 - [MESSAGE][PASSED] - Object 'Object Repository/mobileSanity/STM/Page_App Page 3/input__credit-card-cvv' is visible

2019-10-24 08:08:16 - [TEST_STEP][PASSED] - Thread.sleep(2000): null

2019-10-24 08:08:18 - [TEST_STEP][PASSED] - callTestCase(findTestCase("mobileWeb/_include/get_screenshot"), [:], STOP_ON_FAILURE): Call Test Case 'Test Cases/mobileWeb/_include/get_screenshot' successfully

2019-10-24 08:08:18 - [TEST_CASE][PASSED] - Test Cases/mobileWeb/_include/get_screenshot: Test Cases/mobileWeb/_include/get_screenshot

2019-10-24 08:08:18 - [TEST_STEP][PASSED] - takeScreenshot(screenPath + i + ".png"): Taking screenshot successfully

2019-10-24 08:08:19 - [MESSAGE][PASSED] - Taking screenshot successfully
[[ATTACHMENT|D:\\Test\\AgileTest\\Reports\\mobileWeb\\stm\\20191024_080031\\../Screenshots/iPhone 6/stm/Slaico/20191024_080726/8.png]]

2019-10-24 08:08:19 - [TEST_STEP][PASSED] - (internal.GlobalVariable.i++): null

2019-10-24 08:08:19 - [MESSAGE][PASSED] - Call Test Case 'Test Cases/mobileWeb/_include/get_screenshot' successfully

2019-10-24 08:08:19 - [TEST_STEP][PASSED] - clearText(findTestObject("mobileSanity/STM/Page_App Page 3/input__credit-card-cvv")): Text of object 'Object Repository/mobileSanity/STM/Page_App Page 3/input__credit-card-cvv' is cleared

2019-10-24 08:08:19 - [MESSAGE][PASSED] - Text of object 'Object Repository/mobileSanity/STM/Page_App Page 3/input__credit-card-cvv' is cleared

2019-10-24 08:08:19 - [TEST_STEP][PASSED] - setText(findTestObject("mobileSanity/STM/Page_App Page 3/input__credit-card-cvv"), "123"): Text '123' is set on object 'Object Repository/mobileSanity/STM/Page_App Page 3/input__credit-card-cvv'

2019-10-24 08:08:19 - [MESSAGE][PASSED] - Text '123' is set on object 'Object Repository/mobileSanity/STM/Page_App Page 3/input__credit-card-cvv'

2019-10-24 08:08:19 - [TEST_STEP][PASSED] - click(findTestObject("mobileSanity/STM/Page_App Page 3/label_I Accept Authorization f")): Object: 'Object Repository/mobileSanity/STM/Page_App Page 3/label_I Accept Authorization f' is clicked on

2019-10-24 08:08:19 - [MESSAGE][PASSED] - Object: 'Object Repository/mobileSanity/STM/Page_App Page 3/label_I Accept Authorization f' is clicked on

2019-10-24 08:08:19 - [TEST_STEP][PASSED] - click(findTestObject("mobileSanity/STM/Page_App Page 3/a_Continue to Step 4 - Review")): Object: 'Object Repository/mobileSanity/STM/Page_App Page 3/a_Continue to Step 4 - Review' is clicked on

2019-10-24 08:08:19 - [MESSAGE][PASSED] - Object: 'Object Repository/mobileSanity/STM/Page_App Page 3/a_Continue to Step 4 - Review' is clicked on

2019-10-24 08:08:19 - [TEST_STEP][PASSED] - waitForPageLoad(10): Wait for page load successfully

2019-10-24 08:08:19 - [MESSAGE][PASSED] - Wait for page load successfully

2019-10-24 08:08:19 - [TEST_STEP][PASSED] - waitForElementClickable(findTestObject("mobileSanity/STM/Page_App Page 4/label"), 10): Object 'Object Repository/mobileSanity/STM/Page_App Page 4/label' is clickable

2019-10-24 08:08:20 - [MESSAGE][PASSED] - Object 'Object Repository/mobileSanity/STM/Page_App Page 4/label' is clickable

2019-10-24 08:08:20 - [TEST_STEP][PASSED] - Thread.sleep(2000): null

2019-10-24 08:08:22 - [TEST_STEP][PASSED] - callTestCase(findTestCase("mobileWeb/_include/get_screenshot"), [:], STOP_ON_FAILURE): Call Test Case 'Test Cases/mobileWeb/_include/get_screenshot' successfully

2019-10-24 08:08:22 - [TEST_CASE][PASSED] - Test Cases/mobileWeb/_include/get_screenshot: Test Cases/mobileWeb/_include/get_screenshot

2019-10-24 08:08:22 - [TEST_STEP][PASSED] - takeScreenshot(screenPath + i + ".png"): Taking screenshot successfully

2019-10-24 08:08:22 - [MESSAGE][PASSED] - Taking screenshot successfully
[[ATTACHMENT|D:\\Test\\AgileTest\\Reports\\mobileWeb\\stm\\20191024_080031\\../Screenshots/iPhone 6/stm/Slaico/20191024_080726/9.png]]

2019-10-24 08:08:22 - [TEST_STEP][PASSED] - (internal.GlobalVariable.i++): null

2019-10-24 08:08:22 - [MESSAGE][PASSED] - Call Test Case 'Test Cases/mobileWeb/_include/get_screenshot' successfully

2019-10-24 08:08:22 - [TEST_STEP][PASSED] - click(findTestObject("mobileSanity/STM/Page_App Page 4/label")): Object: 'Object Repository/mobileSanity/STM/Page_App Page 4/label' is clicked on

2019-10-24 08:08:22 - [MESSAGE][PASSED] - Object: 'Object Repository/mobileSanity/STM/Page_App Page 4/label' is clicked on

2019-10-24 08:08:22 - [TEST_STEP][PASSED] - click(findTestObject("mobileSanity/STM/Page_App Page 4/div_CLICK TO SIGN")): Object: 'Object Repository/mobileSanity/STM/Page_App Page 4/div_CLICK TO SIGN' is clicked on

2019-10-24 08:08:23 - [MESSAGE][PASSED] - Object: 'Object Repository/mobileSanity/STM/Page_App Page 4/div_CLICK TO SIGN' is clicked on

2019-10-24 08:08:23 - [TEST_STEP][PASSED] - click(findTestObject("mobileSanity/STM/Page_App Page 4/a_Submit Your Application")): Object: 'Object Repository/mobileSanity/STM/Page_App Page 4/a_Submit Your Application' is clicked on

2019-10-24 08:08:23 - [MESSAGE][PASSED] - Object: 'Object Repository/mobileSanity/STM/Page_App Page 4/a_Submit Your Application' is clicked on

2019-10-24 08:08:23 - [TEST_STEP][PASSED] - Thread.sleep(30000): null

2019-10-24 08:08:53 - [TEST_STEP][PASSED] - waitForElementPresent(findTestObject("mobileSanity/STM/Page_App Page 6/app-page-wrapper"), 20): Object 'Object Repository/mobileSanity/STM/Page_App Page 6/app-page-wrapper' is present

2019-10-24 08:08:53 - [MESSAGE][PASSED] - Object 'Object Repository/mobileSanity/STM/Page_App Page 6/app-page-wrapper' is present

2019-10-24 08:08:53 - [TEST_STEP][PASSED] - callTestCase(findTestCase("mobileWeb/_include/get_screenshot"), [:], STOP_ON_FAILURE): Call Test Case 'Test Cases/mobileWeb/_include/get_screenshot' successfully

2019-10-24 08:08:53 - [TEST_CASE][PASSED] - Test Cases/mobileWeb/_include/get_screenshot: Test Cases/mobileWeb/_include/get_screenshot

2019-10-24 08:08:53 - [TEST_STEP][PASSED] - takeScreenshot(screenPath + i + ".png"): Taking screenshot successfully

2019-10-24 08:08:53 - [MESSAGE][PASSED] - Taking screenshot successfully
[[ATTACHMENT|D:\\Test\\AgileTest\\Reports\\mobileWeb\\stm\\20191024_080031\\../Screenshots/iPhone 6/stm/Slaico/20191024_080726/10.png]]

2019-10-24 08:08:53 - [TEST_STEP][PASSED] - (internal.GlobalVariable.i++): null

2019-10-24 08:08:53 - [MESSAGE][PASSED] - Call Test Case 'Test Cases/mobileWeb/_include/get_screenshot' successfully

2019-10-24 08:08:53 - [MESSAGE][PASSED] - Call Test Case 'Test Cases/mobileWeb/_include/goToEnd_stm_autofill' successfully]]></system-out>
         <system-err><![CDATA[]]></system-err>
      </testcase>
      <testcase name="Test Cases/mobileWeb/stm/AdvantHealth" classname="Test Cases/mobileWeb/stm/AdvantHealth" status="PASSED">
         <system-out><![CDATA[2019-10-24 08:08:53 - [TEST_CASE][PASSED] - Test Cases/mobileWeb/stm/AdvantHealth: Test Cases/mobileWeb/stm/AdvantHealth

2019-10-24 08:08:53 - [TEST_STEP][PASSED] - callTestCase(findTestCase("mobileWeb/_include/get_screenPath"), ["productLine":"stm", "carrierName":"AdvantHealth"], CONTINUE_ON_FAILURE): Call Test Case 'Test Cases/mobileWeb/_include/get_screenPath' successfully

2019-10-24 08:08:53 - [TEST_CASE][PASSED] - Test Cases/mobileWeb/_include/get_screenPath: Test Cases/mobileWeb/_include/get_screenPath

2019-10-24 08:08:53 - [TEST_STEP][PASSED] - m = getExecutionProperties(): null

2019-10-24 08:08:53 - [TEST_STEP][PASSED] - deviceName = get("mobileEmulation").get("deviceName"): null

2019-10-24 08:08:53 - [TEST_STEP][PASSED] - println(deviceName): null

2019-10-24 08:08:53 - [TEST_STEP][PASSED] - now = new java.util.Date(): null

2019-10-24 08:08:53 - [TEST_STEP][PASSED] - mydate = now.format("yyyyMMdd_HHmmss"): null

2019-10-24 08:08:53 - [TEST_STEP][PASSED] - screenPath = "../Screenshots/": null

2019-10-24 08:08:53 - [TEST_STEP][PASSED] - screenPath = screenPath + deviceName + "/" + productLine + "/" + carrierName + "/" + mydate + "/": null

2019-10-24 08:08:53 - [TEST_STEP][PASSED] - println(screenPath): null

2019-10-24 08:08:53 - [MESSAGE][PASSED] - Call Test Case 'Test Cases/mobileWeb/_include/get_screenPath' successfully

2019-10-24 08:08:53 - [TEST_STEP][PASSED] - i = 0: null

2019-10-24 08:08:53 - [TEST_STEP][PASSED] - callTestCase(findTestCase("mobileWeb/_include/openWebSite"), [:], CONTINUE_ON_FAILURE): Call Test Case 'Test Cases/mobileWeb/_include/openWebSite' successfully

2019-10-24 08:08:54 - [TEST_CASE][PASSED] - Test Cases/mobileWeb/_include/openWebSite: Test Cases/mobileWeb/_include/openWebSite

2019-10-24 08:08:54 - [TEST_STEP][PASSED] - openBrowser(env): Browser is opened with url: 'https://praetemptatus.agilehealthinsurance.com'

2019-10-24 08:08:54 - [MESSAGE][WARNING] - A browser is already opened. Closing browser and opening a new one

2019-10-24 08:08:54 - [MESSAGE][INFO] - Starting 'Chrome' driver

2019-10-24 08:08:54 - [MESSAGE][INFO] - User set preference: ['mobileEmulation', '{deviceName=iPhone 6}']

2019-10-24 08:08:54 - [MESSAGE][INFO] - User set preference: ['args', '[--incognito, --aggressive-cache-discard, --window-size=375,677, --no-sandbox]']

2019-10-24 08:08:56 - [MESSAGE][PASSED] - Browser is opened with url: 'https://praetemptatus.agilehealthinsurance.com'

2019-10-24 08:08:56 - [TEST_STEP][PASSED] - waitForPageLoad(20): Wait for page load successfully

2019-10-24 08:08:56 - [MESSAGE][PASSED] - Wait for page load successfully

2019-10-24 08:08:56 - [TEST_STEP][PASSED] - Thread.sleep(2000): null

2019-10-24 08:08:58 - [TEST_STEP][PASSED] - callTestCase(findTestCase("mobileWeb/_include/get_screenshot"), [:], STOP_ON_FAILURE): Call Test Case 'Test Cases/mobileWeb/_include/get_screenshot' successfully

2019-10-24 08:08:58 - [TEST_CASE][PASSED] - Test Cases/mobileWeb/_include/get_screenshot: Test Cases/mobileWeb/_include/get_screenshot

2019-10-24 08:08:58 - [TEST_STEP][PASSED] - takeScreenshot(screenPath + i + ".png"): Taking screenshot successfully

2019-10-24 08:08:59 - [MESSAGE][PASSED] - Taking screenshot successfully
[[ATTACHMENT|D:\\Test\\AgileTest\\Reports\\mobileWeb\\stm\\20191024_080031\\../Screenshots/iPhone 6/stm/AdvantHealth/20191024_080853/0.png]]

2019-10-24 08:08:59 - [TEST_STEP][PASSED] - (internal.GlobalVariable.i++): null

2019-10-24 08:08:59 - [MESSAGE][PASSED] - Call Test Case 'Test Cases/mobileWeb/_include/get_screenshot' successfully

2019-10-24 08:08:59 - [MESSAGE][PASSED] - Call Test Case 'Test Cases/mobileWeb/_include/openWebSite' successfully

2019-10-24 08:08:59 - [TEST_STEP][PASSED] - callTestCase(findTestCase("mobileWeb/_include/census_stm"), ["zipcode":"35215"], STOP_ON_FAILURE): Call Test Case 'Test Cases/mobileWeb/_include/census_stm' successfully

2019-10-24 08:08:59 - [TEST_CASE][PASSED] - Test Cases/mobileWeb/_include/census_stm: Test Cases/mobileWeb/_include/census_stm

2019-10-24 08:08:59 - [TEST_STEP][PASSED] - waitForElementClickable(findTestObject("mobileSanity/STM/Home Page/a_Quote  Save Today"), 10): Object 'Object Repository/mobileSanity/STM/Home Page/a_Quote  Save Today' is clickable

2019-10-24 08:08:59 - [MESSAGE][PASSED] - Object 'Object Repository/mobileSanity/STM/Home Page/a_Quote  Save Today' is clickable

2019-10-24 08:08:59 - [TEST_STEP][PASSED] - click(findTestObject("mobileSanity/STM/Home Page/a_Quote  Save Today")): Object: 'Object Repository/mobileSanity/STM/Home Page/a_Quote  Save Today' is clicked on

2019-10-24 08:09:00 - [MESSAGE][PASSED] - Object: 'Object Repository/mobileSanity/STM/Home Page/a_Quote  Save Today' is clicked on

2019-10-24 08:09:00 - [TEST_STEP][PASSED] - waitForPageLoad(10): Wait for page load successfully

2019-10-24 08:09:00 - [MESSAGE][PASSED] - Wait for page load successfully

2019-10-24 08:09:00 - [TEST_STEP][PASSED] - callTestCase(findTestCase("mobileWeb/_include/get_screenshot"), [:], STOP_ON_FAILURE): Call Test Case 'Test Cases/mobileWeb/_include/get_screenshot' successfully

2019-10-24 08:09:00 - [TEST_CASE][PASSED] - Test Cases/mobileWeb/_include/get_screenshot: Test Cases/mobileWeb/_include/get_screenshot

2019-10-24 08:09:00 - [TEST_STEP][PASSED] - takeScreenshot(screenPath + i + ".png"): Taking screenshot successfully

2019-10-24 08:09:00 - [MESSAGE][PASSED] - Taking screenshot successfully
[[ATTACHMENT|D:\\Test\\AgileTest\\Reports\\mobileWeb\\stm\\20191024_080031\\../Screenshots/iPhone 6/stm/AdvantHealth/20191024_080853/1.png]]

2019-10-24 08:09:00 - [TEST_STEP][PASSED] - (internal.GlobalVariable.i++): null

2019-10-24 08:09:00 - [MESSAGE][PASSED] - Call Test Case 'Test Cases/mobileWeb/_include/get_screenshot' successfully

2019-10-24 08:09:00 - [TEST_STEP][PASSED] - setText(findTestObject("mobileSanity/STM/STM Census Page/input_Location_zip-input"), zipcode): Text '35215' is set on object 'Object Repository/mobileSanity/STM/STM Census Page/input_Location_zip-input'

2019-10-24 08:09:01 - [MESSAGE][PASSED] - Text '35215' is set on object 'Object Repository/mobileSanity/STM/STM Census Page/input_Location_zip-input'

2019-10-24 08:09:01 - [TEST_STEP][PASSED] - Thread.sleep(500): null

2019-10-24 08:09:01 - [TEST_STEP][PASSED] - setText(findTestObject("mobileSanity/STM/STM Census Page/input_Date of Birth_dob-0"), "03031987"): Text '03031987' is set on object 'Object Repository/mobileSanity/STM/STM Census Page/input_Date of Birth_dob-0'

2019-10-24 08:09:01 - [MESSAGE][PASSED] - Text '03031987' is set on object 'Object Repository/mobileSanity/STM/STM Census Page/input_Date of Birth_dob-0'

2019-10-24 08:09:01 - [TEST_STEP][PASSED] - click(findTestObject("mobileSanity/STM/STM Census Page/label_Male")): Object: 'Object Repository/mobileSanity/STM/STM Census Page/label_Male' is clicked on

2019-10-24 08:09:01 - [MESSAGE][PASSED] - Object: 'Object Repository/mobileSanity/STM/STM Census Page/label_Male' is clicked on

2019-10-24 08:09:01 - [TEST_STEP][PASSED] - click(findTestObject("mobileSanity/STM/STM Census Page/label_Compare Plans")): Object: 'Object Repository/mobileSanity/STM/STM Census Page/label_Compare Plans' is clicked on

2019-10-24 08:09:05 - [MESSAGE][PASSED] - Object: 'Object Repository/mobileSanity/STM/STM Census Page/label_Compare Plans' is clicked on

2019-10-24 08:09:05 - [TEST_STEP][PASSED] - waitForElementVisible(findTestObject("mobileSanity/STM/STM Quote Page/button_sort"), 20): Object 'Object Repository/mobileSanity/STM/STM Quote Page/button_sort' is visible

2019-10-24 08:09:06 - [MESSAGE][PASSED] - Object 'Object Repository/mobileSanity/STM/STM Quote Page/button_sort' is visible

2019-10-24 08:09:06 - [TEST_STEP][PASSED] - Thread.sleep(3000): null

2019-10-24 08:09:09 - [TEST_STEP][PASSED] - callTestCase(findTestCase("mobileWeb/_include/get_screenshot"), [:], STOP_ON_FAILURE): Call Test Case 'Test Cases/mobileWeb/_include/get_screenshot' successfully

2019-10-24 08:09:09 - [TEST_CASE][PASSED] - Test Cases/mobileWeb/_include/get_screenshot: Test Cases/mobileWeb/_include/get_screenshot

2019-10-24 08:09:09 - [TEST_STEP][PASSED] - takeScreenshot(screenPath + i + ".png"): Taking screenshot successfully

2019-10-24 08:09:09 - [MESSAGE][PASSED] - Taking screenshot successfully
[[ATTACHMENT|D:\\Test\\AgileTest\\Reports\\mobileWeb\\stm\\20191024_080031\\../Screenshots/iPhone 6/stm/AdvantHealth/20191024_080853/2.png]]

2019-10-24 08:09:09 - [TEST_STEP][PASSED] - (internal.GlobalVariable.i++): null

2019-10-24 08:09:09 - [MESSAGE][PASSED] - Call Test Case 'Test Cases/mobileWeb/_include/get_screenshot' successfully

2019-10-24 08:09:09 - [TEST_STEP][PASSED] - Thread.sleep(1000): null

2019-10-24 08:09:10 - [MESSAGE][PASSED] - Call Test Case 'Test Cases/mobileWeb/_include/census_stm' successfully

2019-10-24 08:09:10 - [TEST_STEP][PASSED] - callTestCase(findTestCase("mobileWeb/_include/filter_stm"), ["carrier":"advanthealth"], STOP_ON_FAILURE): Call Test Case 'Test Cases/mobileWeb/_include/filter_stm' successfully

2019-10-24 08:09:10 - [TEST_CASE][PASSED] - Test Cases/mobileWeb/_include/filter_stm: Test Cases/mobileWeb/_include/filter_stm

2019-10-24 08:09:10 - [TEST_STEP][PASSED] - driver = getWebDriver(): null

2019-10-24 08:09:10 - [TEST_STEP][PASSED] - selenium = new com.thoughtworks.selenium.webdriven.WebDriverBackedSelenium(driver, internal.GlobalVariable.ENV): null

2019-10-24 08:09:10 - [TEST_STEP][PASSED] - Thread.sleep(1000): null

2019-10-24 08:09:11 - [TEST_STEP][PASSED] - click(findTestObject("mobileSanity/STM/STM Quote Page/button_filters")): Object: 'Object Repository/mobileSanity/STM/STM Quote Page/button_filters' is clicked on

2019-10-24 08:09:12 - [MESSAGE][PASSED] - Object: 'Object Repository/mobileSanity/STM/STM Quote Page/button_filters' is clicked on

2019-10-24 08:09:12 - [TEST_STEP][PASSED] - Thread.sleep(1000): null

2019-10-24 08:09:13 - [TEST_STEP][PASSED] - click(findTestObject("mobileSanity/STM/STM Quote Page/i_Insurance company")): Object: 'Object Repository/mobileSanity/STM/STM Quote Page/i_Insurance company' is clicked on

2019-10-24 08:09:13 - [MESSAGE][PASSED] - Object: 'Object Repository/mobileSanity/STM/STM Quote Page/i_Insurance company' is clicked on

2019-10-24 08:09:13 - [TEST_STEP][PASSED] - Thread.sleep(1000): null

2019-10-24 08:09:14 - [TEST_STEP][PASSED] - filter_carrier = "//input[@name='filter[carrier]' and @value='" + carrier + "']/following::label": null

2019-10-24 08:09:14 - [TEST_STEP][PASSED] - println(filter_carrier): null

2019-10-24 08:09:14 - [TEST_STEP][PASSED] - test.MobileKeywords.clickJS_ByXpath(filter_carrier): test.MobileKeywords.clickJS_ByXpath is PASSED

2019-10-24 08:09:14 - [MESSAGE][PASSED] - Execute JavaScript 'arguments[0].click()' successfully

2019-10-24 08:09:14 - [MESSAGE][PASSED] - test.MobileKeywords.clickJS_ByXpath is PASSED

2019-10-24 08:09:14 - [TEST_STEP][PASSED] - Thread.sleep(1000): null

2019-10-24 08:09:15 - [TEST_STEP][PASSED] - scrollToElement(findTestObject("mobileSanity/STM/STM Quote Page/a_Show Plans"), 1000): Scroll to object 'Object Repository/mobileSanity/STM/STM Quote Page/a_Show Plans' successfully

2019-10-24 08:09:15 - [MESSAGE][PASSED] - Scroll to object 'Object Repository/mobileSanity/STM/STM Quote Page/a_Show Plans' successfully

2019-10-24 08:09:15 - [TEST_STEP][PASSED] - click(findTestObject("mobileSanity/STM/STM Quote Page/a_Show Plans")): Object: 'Object Repository/mobileSanity/STM/STM Quote Page/a_Show Plans' is clicked on

2019-10-24 08:09:15 - [MESSAGE][PASSED] - Object: 'Object Repository/mobileSanity/STM/STM Quote Page/a_Show Plans' is clicked on

2019-10-24 08:09:15 - [TEST_STEP][PASSED] - waitForJQueryLoad(20, STOP_ON_FAILURE): jQuery is ready.

2019-10-24 08:09:15 - [MESSAGE][PASSED] - jQuery is ready.

2019-10-24 08:09:15 - [TEST_STEP][PASSED] - Thread.sleep(2000): null

2019-10-24 08:09:17 - [TEST_STEP][PASSED] - callTestCase(findTestCase("mobileWeb/_include/get_screenshot"), [:], STOP_ON_FAILURE): Call Test Case 'Test Cases/mobileWeb/_include/get_screenshot' successfully

2019-10-24 08:09:17 - [TEST_CASE][PASSED] - Test Cases/mobileWeb/_include/get_screenshot: Test Cases/mobileWeb/_include/get_screenshot

2019-10-24 08:09:17 - [TEST_STEP][PASSED] - takeScreenshot(screenPath + i + ".png"): Taking screenshot successfully

2019-10-24 08:09:18 - [MESSAGE][PASSED] - Taking screenshot successfully
[[ATTACHMENT|D:\\Test\\AgileTest\\Reports\\mobileWeb\\stm\\20191024_080031\\../Screenshots/iPhone 6/stm/AdvantHealth/20191024_080853/3.png]]

2019-10-24 08:09:18 - [TEST_STEP][PASSED] - (internal.GlobalVariable.i++): null

2019-10-24 08:09:18 - [MESSAGE][PASSED] - Call Test Case 'Test Cases/mobileWeb/_include/get_screenshot' successfully

2019-10-24 08:09:18 - [MESSAGE][PASSED] - Call Test Case 'Test Cases/mobileWeb/_include/filter_stm' successfully

2019-10-24 08:09:18 - [TEST_STEP][PASSED] - callTestCase(findTestCase("mobileWeb/_include/goToDetail_stm"), ["carrier":"advanthealth"], STOP_ON_FAILURE): Call Test Case 'Test Cases/mobileWeb/_include/goToDetail_stm' successfully

2019-10-24 08:09:18 - [TEST_CASE][PASSED] - Test Cases/mobileWeb/_include/goToDetail_stm: Test Cases/mobileWeb/_include/goToDetail_stm

2019-10-24 08:09:18 - [TEST_STEP][PASSED] - driver = getWebDriver(): null

2019-10-24 08:09:18 - [TEST_STEP][PASSED] - selenium = new com.thoughtworks.selenium.webdriven.WebDriverBackedSelenium(driver, internal.GlobalVariable.ENV): null

2019-10-24 08:09:18 - [TEST_STEP][PASSED] - a_plan_name = "xpath=//a[contains(@href,'/term-health-insurance/plan/" + carrier + "')]": null

2019-10-24 08:09:18 - [TEST_STEP][PASSED] - println(a_plan_name): null

2019-10-24 08:09:18 - [TEST_STEP][PASSED] - selenium.click(a_plan_name): null

2019-10-24 08:09:19 - [TEST_STEP][PASSED] - waitForPageLoad(20): Wait for page load successfully

2019-10-24 08:09:19 - [MESSAGE][PASSED] - Wait for page load successfully

2019-10-24 08:09:19 - [TEST_STEP][PASSED] - Thread.sleep(2000): null

2019-10-24 08:09:21 - [TEST_STEP][PASSED] - callTestCase(findTestCase("mobileWeb/_include/get_screenshot"), [:], STOP_ON_FAILURE): Call Test Case 'Test Cases/mobileWeb/_include/get_screenshot' successfully

2019-10-24 08:09:21 - [TEST_CASE][PASSED] - Test Cases/mobileWeb/_include/get_screenshot: Test Cases/mobileWeb/_include/get_screenshot

2019-10-24 08:09:21 - [TEST_STEP][PASSED] - takeScreenshot(screenPath + i + ".png"): Taking screenshot successfully

2019-10-24 08:09:22 - [MESSAGE][PASSED] - Taking screenshot successfully
[[ATTACHMENT|D:\\Test\\AgileTest\\Reports\\mobileWeb\\stm\\20191024_080031\\../Screenshots/iPhone 6/stm/AdvantHealth/20191024_080853/4.png]]

2019-10-24 08:09:22 - [TEST_STEP][PASSED] - (internal.GlobalVariable.i++): null

2019-10-24 08:09:22 - [MESSAGE][PASSED] - Call Test Case 'Test Cases/mobileWeb/_include/get_screenshot' successfully

2019-10-24 08:09:22 - [MESSAGE][PASSED] - Call Test Case 'Test Cases/mobileWeb/_include/goToDetail_stm' successfully

2019-10-24 08:09:22 - [TEST_STEP][PASSED] - callTestCase(findTestCase("mobileWeb/_include/apply_stm"), [:], STOP_ON_FAILURE): Call Test Case 'Test Cases/mobileWeb/_include/apply_stm' successfully

2019-10-24 08:09:22 - [TEST_CASE][PASSED] - Test Cases/mobileWeb/_include/apply_stm: Test Cases/mobileWeb/_include/apply_stm

2019-10-24 08:09:22 - [TEST_STEP][PASSED] - waitForElementVisible(findTestObject("mobileSanity/STM/STM PlanDetail Page/a_Apply for This Plan"), 5): Object 'Object Repository/mobileSanity/STM/STM PlanDetail Page/a_Apply for This Plan' is visible

2019-10-24 08:09:22 - [MESSAGE][PASSED] - Object 'Object Repository/mobileSanity/STM/STM PlanDetail Page/a_Apply for This Plan' is visible

2019-10-24 08:09:22 - [TEST_STEP][PASSED] - click(findTestObject("mobileSanity/STM/STM PlanDetail Page/a_Apply for This Plan")): Object: 'Object Repository/mobileSanity/STM/STM PlanDetail Page/a_Apply for This Plan' is clicked on

2019-10-24 08:09:22 - [MESSAGE][PASSED] - Object: 'Object Repository/mobileSanity/STM/STM PlanDetail Page/a_Apply for This Plan' is clicked on

2019-10-24 08:09:22 - [TEST_STEP][PASSED] - waitForPageLoad(10): Wait for page load successfully

2019-10-24 08:09:23 - [MESSAGE][PASSED] - Wait for page load successfully

2019-10-24 08:09:23 - [TEST_STEP][PASSED] - Thread.sleep(2000): null

2019-10-24 08:09:25 - [TEST_STEP][PASSED] - callTestCase(findTestCase("mobileWeb/_include/get_screenshot"), [:], STOP_ON_FAILURE): Call Test Case 'Test Cases/mobileWeb/_include/get_screenshot' successfully

2019-10-24 08:09:25 - [TEST_CASE][PASSED] - Test Cases/mobileWeb/_include/get_screenshot: Test Cases/mobileWeb/_include/get_screenshot

2019-10-24 08:09:25 - [TEST_STEP][PASSED] - takeScreenshot(screenPath + i + ".png"): Taking screenshot successfully

2019-10-24 08:09:25 - [MESSAGE][PASSED] - Taking screenshot successfully
[[ATTACHMENT|D:\\Test\\AgileTest\\Reports\\mobileWeb\\stm\\20191024_080031\\../Screenshots/iPhone 6/stm/AdvantHealth/20191024_080853/5.png]]

2019-10-24 08:09:25 - [TEST_STEP][PASSED] - (internal.GlobalVariable.i++): null

2019-10-24 08:09:25 - [MESSAGE][PASSED] - Call Test Case 'Test Cases/mobileWeb/_include/get_screenshot' successfully

2019-10-24 08:09:25 - [TEST_STEP][PASSED] - waitForElementVisible(findTestObject("mobileSanity/STM/STM Apply Page/a_Start Secure Application"), 5): Object 'Object Repository/mobileSanity/STM/STM Apply Page/a_Start Secure Application' is visible

2019-10-24 08:09:25 - [MESSAGE][PASSED] - Object 'Object Repository/mobileSanity/STM/STM Apply Page/a_Start Secure Application' is visible

2019-10-24 08:09:25 - [TEST_STEP][PASSED] - click(findTestObject("mobileSanity/STM/STM Apply Page/a_Start Secure Application")): Object: 'Object Repository/mobileSanity/STM/STM Apply Page/a_Start Secure Application' is clicked on

2019-10-24 08:09:26 - [MESSAGE][PASSED] - Object: 'Object Repository/mobileSanity/STM/STM Apply Page/a_Start Secure Application' is clicked on

2019-10-24 08:09:26 - [TEST_STEP][PASSED] - waitForPageLoad(20): Wait for page load successfully

2019-10-24 08:09:26 - [MESSAGE][PASSED] - Wait for page load successfully

2019-10-24 08:09:26 - [TEST_STEP][PASSED] - Thread.sleep(2000): null

2019-10-24 08:09:28 - [TEST_STEP][PASSED] - callTestCase(findTestCase("mobileWeb/_include/get_screenshot"), [:], STOP_ON_FAILURE): Call Test Case 'Test Cases/mobileWeb/_include/get_screenshot' successfully

2019-10-24 08:09:28 - [TEST_CASE][PASSED] - Test Cases/mobileWeb/_include/get_screenshot: Test Cases/mobileWeb/_include/get_screenshot

2019-10-24 08:09:28 - [TEST_STEP][PASSED] - takeScreenshot(screenPath + i + ".png"): Taking screenshot successfully

2019-10-24 08:09:29 - [MESSAGE][PASSED] - Taking screenshot successfully
[[ATTACHMENT|D:\\Test\\AgileTest\\Reports\\mobileWeb\\stm\\20191024_080031\\../Screenshots/iPhone 6/stm/AdvantHealth/20191024_080853/6.png]]

2019-10-24 08:09:29 - [TEST_STEP][PASSED] - (internal.GlobalVariable.i++): null

2019-10-24 08:09:29 - [MESSAGE][PASSED] - Call Test Case 'Test Cases/mobileWeb/_include/get_screenshot' successfully

2019-10-24 08:09:29 - [MESSAGE][PASSED] - Call Test Case 'Test Cases/mobileWeb/_include/apply_stm' successfully

2019-10-24 08:09:29 - [TEST_STEP][PASSED] - callTestCase(findTestCase("mobileWeb/_include/goToEnd_stm_autofill"), [:], STOP_ON_FAILURE): Call Test Case 'Test Cases/mobileWeb/_include/goToEnd_stm_autofill' successfully

2019-10-24 08:09:29 - [TEST_CASE][PASSED] - Test Cases/mobileWeb/_include/goToEnd_stm_autofill: Test Cases/mobileWeb/_include/goToEnd_stm_autofill

2019-10-24 08:09:29 - [TEST_STEP][PASSED] - callTestCase(findTestCase("mobileWeb/_include/name"), [:], CONTINUE_ON_FAILURE): Call Test Case 'Test Cases/mobileWeb/_include/name' successfully

2019-10-24 08:09:29 - [TEST_CASE][PASSED] - Test Cases/mobileWeb/_include/name: Test Cases/mobileWeb/_include/name

2019-10-24 08:09:29 - [TEST_STEP][PASSED] - driver = getWebDriver(): null

2019-10-24 08:09:29 - [TEST_STEP][PASSED] - selenium = new com.thoughtworks.selenium.webdriven.WebDriverBackedSelenium(driver, internal.GlobalVariable.ENV): null

2019-10-24 08:09:29 - [TEST_STEP][PASSED] - FirstName = "Test-123": null

2019-10-24 08:09:29 - [TEST_STEP][PASSED] - LastName = selenium.getEval("{var x="ABCDEFGHIJKLMNOPQRSTUVWXYZabcdefghijklmnopqrstuvwxyz"; var tmp="ZZ11-"; for (i=0;i<8;i++) tmp+=x.charAt(Math.ceil(51*Math.random()));tmp;}"): null

2019-10-24 08:09:29 - [TEST_STEP][PASSED] - Address = selenium.getEval("{var x="ABCDEFGHIJKLMNOPQRSTUVWXYZabcdefghijklmnopqrstuvwxyz"; var tmp=""; for (i=0;i<8;i++) tmp+=x.charAt(Math.ceil(51*Math.random()));tmp;}"): null

2019-10-24 08:09:29 - [TEST_STEP][PASSED] - City = selenium.getEval("{var x="ABCDEFGHIJKLMNOPQRSTUVWXYZabcdefghijklmnopqrstuvwxyz"; var tmp=""; for (i=0;i<8;i++) tmp+=x.charAt(Math.ceil(51*Math.random()));tmp;}"): null

2019-10-24 08:09:29 - [TEST_STEP][PASSED] - tel1 = selenium.getEval("{var x="123456789"; var tmp=""; for (i=0;i<3;i++) tmp+=x.charAt(Math.ceil(8*Math.random()));tmp;}"): null

2019-10-24 08:09:29 - [TEST_STEP][PASSED] - tel2 = selenium.getEval("{var x="123456789"; var tmp=""; for (i=0;i<3;i++) tmp+=x.charAt(Math.ceil(8*Math.random()));tmp;}"): null

2019-10-24 08:09:29 - [TEST_STEP][PASSED] - tel3 = selenium.getEval("{var x="123456789"; var tmp=""; for (i=0;i<4;i++) tmp+=x.charAt(Math.ceil(8*Math.random()));tmp;}"): null

2019-10-24 08:09:29 - [TEST_STEP][PASSED] - Tel = selenium.getExpression(tel1 + "-" + tel2 + "-" + tel3): null

2019-10-24 08:09:29 - [TEST_STEP][PASSED] - AutoEmail = selenium.getEval("{var x="ABCDEFGHIJKLMNOPQRSTUVWXYZabcdefghijklmnopqrstuvwxyz"; var tmp="test."; for (i=0;i<8;i++) tmp+=x.charAt(Math.ceil(51*Math.random()));tmp+="@suryani.cn";}"): null

2019-10-24 08:09:29 - [TEST_STEP][PASSED] - FirstName = FirstName: null

2019-10-24 08:09:29 - [TEST_STEP][PASSED] - LastName = LastName: null

2019-10-24 08:09:29 - [TEST_STEP][PASSED] - Address = Address: null

2019-10-24 08:09:29 - [TEST_STEP][PASSED] - City = City: null

2019-10-24 08:09:29 - [TEST_STEP][PASSED] - Tel = Tel: null

2019-10-24 08:09:29 - [TEST_STEP][PASSED] - AutoEmail = AutoEmail: null

2019-10-24 08:09:29 - [TEST_STEP][PASSED] - println(FirstName): null

2019-10-24 08:09:29 - [TEST_STEP][PASSED] - println(LastName): null

2019-10-24 08:09:29 - [TEST_STEP][PASSED] - println(Address): null

2019-10-24 08:09:29 - [TEST_STEP][PASSED] - println(City): null

2019-10-24 08:09:29 - [TEST_STEP][PASSED] - println(Tel): null

2019-10-24 08:09:29 - [TEST_STEP][PASSED] - println(AutoEmail): null

2019-10-24 08:09:29 - [MESSAGE][PASSED] - Call Test Case 'Test Cases/mobileWeb/_include/name' successfully

2019-10-24 08:09:29 - [TEST_STEP][PASSED] - try: Call Test Case 'Test Cases/mobileWeb/_include/get_screenshot' successfully

2019-10-24 08:09:29 - [TEST_STEP][PASSED] - if (verifyTextPresent("Month Duration Acknowledgement", false)): Call Test Case 'Test Cases/mobileWeb/_include/get_screenshot' successfully

2019-10-24 08:09:29 - [MESSAGE][PASSED] - Text 'Month Duration Acknowledgement' is present on page 

2019-10-24 08:09:29 - [TEST_STEP][PASSED] - click(findTestObject("mobileSanity/STM/Page_App Page 1/label_By checking this box I u")): Object: 'Object Repository/mobileSanity/STM/Page_App Page 1/label_By checking this box I u' is clicked on

2019-10-24 08:09:29 - [MESSAGE][PASSED] - Object: 'Object Repository/mobileSanity/STM/Page_App Page 1/label_By checking this box I u' is clicked on

2019-10-24 08:09:29 - [TEST_STEP][PASSED] - click(findTestObject("mobileSanity/STM/Page_App Page 1/button_Continue to Application")): Object: 'Object Repository/mobileSanity/STM/Page_App Page 1/button_Continue to Application' is clicked on

2019-10-24 08:09:30 - [MESSAGE][PASSED] - Object: 'Object Repository/mobileSanity/STM/Page_App Page 1/button_Continue to Application' is clicked on

2019-10-24 08:09:30 - [TEST_STEP][PASSED] - waitForPageLoad(20): Wait for page load successfully

2019-10-24 08:09:31 - [MESSAGE][PASSED] - Wait for page load successfully

2019-10-24 08:09:31 - [TEST_STEP][PASSED] - Thread.sleep(5000): null

2019-10-24 08:09:36 - [TEST_STEP][PASSED] - callTestCase(findTestCase("mobileWeb/_include/get_screenshot"), [:], STOP_ON_FAILURE): Call Test Case 'Test Cases/mobileWeb/_include/get_screenshot' successfully

2019-10-24 08:09:36 - [TEST_CASE][PASSED] - Test Cases/mobileWeb/_include/get_screenshot: Test Cases/mobileWeb/_include/get_screenshot

2019-10-24 08:09:36 - [TEST_STEP][PASSED] - takeScreenshot(screenPath + i + ".png"): Taking screenshot successfully

2019-10-24 08:09:36 - [MESSAGE][PASSED] - Taking screenshot successfully
[[ATTACHMENT|D:\\Test\\AgileTest\\Reports\\mobileWeb\\stm\\20191024_080031\\../Screenshots/iPhone 6/stm/AdvantHealth/20191024_080853/7.png]]

2019-10-24 08:09:36 - [TEST_STEP][PASSED] - (internal.GlobalVariable.i++): null

2019-10-24 08:09:36 - [MESSAGE][PASSED] - Call Test Case 'Test Cases/mobileWeb/_include/get_screenshot' successfully

2019-10-24 08:09:36 - [TEST_STEP][PASSED] - waitForPageLoad(10): Wait for page load successfully

2019-10-24 08:09:36 - [MESSAGE][PASSED] - Wait for page load successfully

2019-10-24 08:09:36 - [TEST_STEP][PASSED] - Thread.sleep(3000): null

2019-10-24 08:09:39 - [TEST_STEP][PASSED] - waitForElementVisible(findTestObject("mobileSanity/STM/Page_App Page 1/a_Autofill App Info"), 20): Object 'Object Repository/mobileSanity/STM/Page_App Page 1/a_Autofill App Info' is visible

2019-10-24 08:09:39 - [MESSAGE][PASSED] - Object 'Object Repository/mobileSanity/STM/Page_App Page 1/a_Autofill App Info' is visible

2019-10-24 08:09:39 - [TEST_STEP][PASSED] - click(findTestObject("mobileSanity/STM/Page_App Page 1/a_Autofill App Info")): Object: 'Object Repository/mobileSanity/STM/Page_App Page 1/a_Autofill App Info' is clicked on

2019-10-24 08:09:39 - [MESSAGE][PASSED] - Object: 'Object Repository/mobileSanity/STM/Page_App Page 1/a_Autofill App Info' is clicked on

2019-10-24 08:09:39 - [TEST_STEP][PASSED] - Thread.sleep(1000): null

2019-10-24 08:09:40 - [TEST_STEP][PASSED] - click(findTestObject("mobileSanity/STM/Page_App Page 1/a_Autofill App Info")): Object: 'Object Repository/mobileSanity/STM/Page_App Page 1/a_Autofill App Info' is clicked on

2019-10-24 08:09:40 - [MESSAGE][PASSED] - Object: 'Object Repository/mobileSanity/STM/Page_App Page 1/a_Autofill App Info' is clicked on

2019-10-24 08:09:40 - [TEST_STEP][PASSED] - Thread.sleep(1000): null

2019-10-24 08:09:41 - [TEST_STEP][PASSED] - waitForElementVisible(findTestObject("mobileSanity/STM/Page_App Page 1/a_Continue"), 20): Object 'Object Repository/mobileSanity/STM/Page_App Page 1/a_Continue' is visible

2019-10-24 08:09:42 - [MESSAGE][PASSED] - Object 'Object Repository/mobileSanity/STM/Page_App Page 1/a_Continue' is visible

2019-10-24 08:09:42 - [TEST_STEP][PASSED] - click(findTestObject("mobileSanity/STM/Page_App Page 1/a_Continue")): Object: 'Object Repository/mobileSanity/STM/Page_App Page 1/a_Continue' is clicked on

2019-10-24 08:09:42 - [MESSAGE][PASSED] - Object: 'Object Repository/mobileSanity/STM/Page_App Page 1/a_Continue' is clicked on

2019-10-24 08:09:42 - [TEST_STEP][PASSED] - waitForPageLoad(20): Wait for page load successfully

2019-10-24 08:09:42 - [MESSAGE][PASSED] - Wait for page load successfully

2019-10-24 08:09:42 - [TEST_STEP][PASSED] - Thread.sleep(2000): null

2019-10-24 08:09:44 - [TEST_STEP][PASSED] - callTestCase(findTestCase("mobileWeb/_include/get_screenshot"), [:], STOP_ON_FAILURE): Call Test Case 'Test Cases/mobileWeb/_include/get_screenshot' successfully

2019-10-24 08:09:44 - [TEST_CASE][PASSED] - Test Cases/mobileWeb/_include/get_screenshot: Test Cases/mobileWeb/_include/get_screenshot

2019-10-24 08:09:44 - [TEST_STEP][PASSED] - takeScreenshot(screenPath + i + ".png"): Taking screenshot successfully

2019-10-24 08:09:44 - [MESSAGE][PASSED] - Taking screenshot successfully
[[ATTACHMENT|D:\\Test\\AgileTest\\Reports\\mobileWeb\\stm\\20191024_080031\\../Screenshots/iPhone 6/stm/AdvantHealth/20191024_080853/8.png]]

2019-10-24 08:09:44 - [TEST_STEP][PASSED] - (internal.GlobalVariable.i++): null

2019-10-24 08:09:44 - [MESSAGE][PASSED] - Call Test Case 'Test Cases/mobileWeb/_include/get_screenshot' successfully

2019-10-24 08:09:44 - [TEST_STEP][PASSED] - click(findTestObject("mobileSanity/STM/Page_App Page 2/a_Continue to Step 3 - Payment")): Object: 'Object Repository/mobileSanity/STM/Page_App Page 2/a_Continue to Step 3 - Payment' is clicked on

2019-10-24 08:09:45 - [MESSAGE][PASSED] - Object: 'Object Repository/mobileSanity/STM/Page_App Page 2/a_Continue to Step 3 - Payment' is clicked on

2019-10-24 08:09:45 - [TEST_STEP][PASSED] - waitForPageLoad(20): Wait for page load successfully

2019-10-24 08:09:45 - [MESSAGE][PASSED] - Wait for page load successfully

2019-10-24 08:09:45 - [TEST_STEP][PASSED] - waitForElementVisible(findTestObject("mobileSanity/STM/Page_App Page 3/input__credit-card-cvv"), 20): Object 'Object Repository/mobileSanity/STM/Page_App Page 3/input__credit-card-cvv' is visible

2019-10-24 08:09:45 - [MESSAGE][PASSED] - Object 'Object Repository/mobileSanity/STM/Page_App Page 3/input__credit-card-cvv' is visible

2019-10-24 08:09:45 - [TEST_STEP][PASSED] - Thread.sleep(2000): null

2019-10-24 08:09:47 - [TEST_STEP][PASSED] - callTestCase(findTestCase("mobileWeb/_include/get_screenshot"), [:], STOP_ON_FAILURE): Call Test Case 'Test Cases/mobileWeb/_include/get_screenshot' successfully

2019-10-24 08:09:47 - [TEST_CASE][PASSED] - Test Cases/mobileWeb/_include/get_screenshot: Test Cases/mobileWeb/_include/get_screenshot

2019-10-24 08:09:47 - [TEST_STEP][PASSED] - takeScreenshot(screenPath + i + ".png"): Taking screenshot successfully

2019-10-24 08:09:48 - [MESSAGE][PASSED] - Taking screenshot successfully
[[ATTACHMENT|D:\\Test\\AgileTest\\Reports\\mobileWeb\\stm\\20191024_080031\\../Screenshots/iPhone 6/stm/AdvantHealth/20191024_080853/9.png]]

2019-10-24 08:09:48 - [TEST_STEP][PASSED] - (internal.GlobalVariable.i++): null

2019-10-24 08:09:48 - [MESSAGE][PASSED] - Call Test Case 'Test Cases/mobileWeb/_include/get_screenshot' successfully

2019-10-24 08:09:48 - [TEST_STEP][PASSED] - clearText(findTestObject("mobileSanity/STM/Page_App Page 3/input__credit-card-cvv")): Text of object 'Object Repository/mobileSanity/STM/Page_App Page 3/input__credit-card-cvv' is cleared

2019-10-24 08:09:48 - [MESSAGE][PASSED] - Text of object 'Object Repository/mobileSanity/STM/Page_App Page 3/input__credit-card-cvv' is cleared

2019-10-24 08:09:48 - [TEST_STEP][PASSED] - setText(findTestObject("mobileSanity/STM/Page_App Page 3/input__credit-card-cvv"), "123"): Text '123' is set on object 'Object Repository/mobileSanity/STM/Page_App Page 3/input__credit-card-cvv'

2019-10-24 08:09:48 - [MESSAGE][PASSED] - Text '123' is set on object 'Object Repository/mobileSanity/STM/Page_App Page 3/input__credit-card-cvv'

2019-10-24 08:09:48 - [TEST_STEP][PASSED] - click(findTestObject("mobileSanity/STM/Page_App Page 3/label_I Accept Authorization f")): Object: 'Object Repository/mobileSanity/STM/Page_App Page 3/label_I Accept Authorization f' is clicked on

2019-10-24 08:09:48 - [MESSAGE][PASSED] - Object: 'Object Repository/mobileSanity/STM/Page_App Page 3/label_I Accept Authorization f' is clicked on

2019-10-24 08:09:48 - [TEST_STEP][PASSED] - click(findTestObject("mobileSanity/STM/Page_App Page 3/a_Continue to Step 4 - Review")): Object: 'Object Repository/mobileSanity/STM/Page_App Page 3/a_Continue to Step 4 - Review' is clicked on

2019-10-24 08:09:48 - [MESSAGE][PASSED] - Object: 'Object Repository/mobileSanity/STM/Page_App Page 3/a_Continue to Step 4 - Review' is clicked on

2019-10-24 08:09:48 - [TEST_STEP][PASSED] - waitForPageLoad(10): Wait for page load successfully

2019-10-24 08:09:48 - [MESSAGE][PASSED] - Wait for page load successfully

2019-10-24 08:09:48 - [TEST_STEP][PASSED] - waitForElementClickable(findTestObject("mobileSanity/STM/Page_App Page 4/label"), 10): Object 'Object Repository/mobileSanity/STM/Page_App Page 4/label' is clickable

2019-10-24 08:09:48 - [MESSAGE][PASSED] - Object 'Object Repository/mobileSanity/STM/Page_App Page 4/label' is clickable

2019-10-24 08:09:48 - [TEST_STEP][PASSED] - Thread.sleep(2000): null

2019-10-24 08:09:50 - [TEST_STEP][PASSED] - callTestCase(findTestCase("mobileWeb/_include/get_screenshot"), [:], STOP_ON_FAILURE): Call Test Case 'Test Cases/mobileWeb/_include/get_screenshot' successfully

2019-10-24 08:09:51 - [TEST_CASE][PASSED] - Test Cases/mobileWeb/_include/get_screenshot: Test Cases/mobileWeb/_include/get_screenshot

2019-10-24 08:09:51 - [TEST_STEP][PASSED] - takeScreenshot(screenPath + i + ".png"): Taking screenshot successfully

2019-10-24 08:09:51 - [MESSAGE][PASSED] - Taking screenshot successfully
[[ATTACHMENT|D:\\Test\\AgileTest\\Reports\\mobileWeb\\stm\\20191024_080031\\../Screenshots/iPhone 6/stm/AdvantHealth/20191024_080853/10.png]]

2019-10-24 08:09:51 - [TEST_STEP][PASSED] - (internal.GlobalVariable.i++): null

2019-10-24 08:09:51 - [MESSAGE][PASSED] - Call Test Case 'Test Cases/mobileWeb/_include/get_screenshot' successfully

2019-10-24 08:09:51 - [TEST_STEP][PASSED] - click(findTestObject("mobileSanity/STM/Page_App Page 4/label")): Object: 'Object Repository/mobileSanity/STM/Page_App Page 4/label' is clicked on

2019-10-24 08:09:51 - [MESSAGE][PASSED] - Object: 'Object Repository/mobileSanity/STM/Page_App Page 4/label' is clicked on

2019-10-24 08:09:51 - [TEST_STEP][PASSED] - click(findTestObject("mobileSanity/STM/Page_App Page 4/div_CLICK TO SIGN")): Object: 'Object Repository/mobileSanity/STM/Page_App Page 4/div_CLICK TO SIGN' is clicked on

2019-10-24 08:09:51 - [MESSAGE][PASSED] - Object: 'Object Repository/mobileSanity/STM/Page_App Page 4/div_CLICK TO SIGN' is clicked on

2019-10-24 08:09:51 - [TEST_STEP][PASSED] - click(findTestObject("mobileSanity/STM/Page_App Page 4/a_Submit Your Application")): Object: 'Object Repository/mobileSanity/STM/Page_App Page 4/a_Submit Your Application' is clicked on

2019-10-24 08:09:51 - [MESSAGE][PASSED] - Object: 'Object Repository/mobileSanity/STM/Page_App Page 4/a_Submit Your Application' is clicked on

2019-10-24 08:09:51 - [TEST_STEP][PASSED] - Thread.sleep(30000): null

2019-10-24 08:10:21 - [TEST_STEP][PASSED] - waitForElementPresent(findTestObject("mobileSanity/STM/Page_App Page 6/app-page-wrapper"), 20): Object 'Object Repository/mobileSanity/STM/Page_App Page 6/app-page-wrapper' is present

2019-10-24 08:10:21 - [MESSAGE][PASSED] - Object 'Object Repository/mobileSanity/STM/Page_App Page 6/app-page-wrapper' is present

2019-10-24 08:10:21 - [TEST_STEP][PASSED] - callTestCase(findTestCase("mobileWeb/_include/get_screenshot"), [:], STOP_ON_FAILURE): Call Test Case 'Test Cases/mobileWeb/_include/get_screenshot' successfully

2019-10-24 08:10:21 - [TEST_CASE][PASSED] - Test Cases/mobileWeb/_include/get_screenshot: Test Cases/mobileWeb/_include/get_screenshot

2019-10-24 08:10:21 - [TEST_STEP][PASSED] - takeScreenshot(screenPath + i + ".png"): Taking screenshot successfully

2019-10-24 08:10:22 - [MESSAGE][PASSED] - Taking screenshot successfully
[[ATTACHMENT|D:\\Test\\AgileTest\\Reports\\mobileWeb\\stm\\20191024_080031\\../Screenshots/iPhone 6/stm/AdvantHealth/20191024_080853/11.png]]

2019-10-24 08:10:22 - [TEST_STEP][PASSED] - (internal.GlobalVariable.i++): null

2019-10-24 08:10:22 - [MESSAGE][PASSED] - Call Test Case 'Test Cases/mobileWeb/_include/get_screenshot' successfully

2019-10-24 08:10:22 - [MESSAGE][PASSED] - Call Test Case 'Test Cases/mobileWeb/_include/goToEnd_stm_autofill' successfully]]></system-out>
         <system-err><![CDATA[]]></system-err>
      </testcase>
      <testcase name="Test Cases/mobileWeb/stm/Companion" classname="Test Cases/mobileWeb/stm/Companion" status="PASSED">
         <system-out><![CDATA[2019-10-24 08:10:22 - [TEST_CASE][PASSED] - Test Cases/mobileWeb/stm/Companion: Test Cases/mobileWeb/stm/Companion

2019-10-24 08:10:22 - [TEST_STEP][PASSED] - callTestCase(findTestCase("mobileWeb/_include/get_screenPath"), ["productLine":"stm", "carrierName":"Companion"], CONTINUE_ON_FAILURE): Call Test Case 'Test Cases/mobileWeb/_include/get_screenPath' successfully

2019-10-24 08:10:22 - [TEST_CASE][PASSED] - Test Cases/mobileWeb/_include/get_screenPath: Test Cases/mobileWeb/_include/get_screenPath

2019-10-24 08:10:22 - [TEST_STEP][PASSED] - m = getExecutionProperties(): null

2019-10-24 08:10:22 - [TEST_STEP][PASSED] - deviceName = get("mobileEmulation").get("deviceName"): null

2019-10-24 08:10:22 - [TEST_STEP][PASSED] - println(deviceName): null

2019-10-24 08:10:22 - [TEST_STEP][PASSED] - now = new java.util.Date(): null

2019-10-24 08:10:22 - [TEST_STEP][PASSED] - mydate = now.format("yyyyMMdd_HHmmss"): null

2019-10-24 08:10:22 - [TEST_STEP][PASSED] - screenPath = "../Screenshots/": null

2019-10-24 08:10:22 - [TEST_STEP][PASSED] - screenPath = screenPath + deviceName + "/" + productLine + "/" + carrierName + "/" + mydate + "/": null

2019-10-24 08:10:22 - [TEST_STEP][PASSED] - println(screenPath): null

2019-10-24 08:10:22 - [MESSAGE][PASSED] - Call Test Case 'Test Cases/mobileWeb/_include/get_screenPath' successfully

2019-10-24 08:10:22 - [TEST_STEP][PASSED] - i = 0: null

2019-10-24 08:10:22 - [TEST_STEP][PASSED] - callTestCase(findTestCase("mobileWeb/_include/openWebSite"), [:], CONTINUE_ON_FAILURE): Call Test Case 'Test Cases/mobileWeb/_include/openWebSite' successfully

2019-10-24 08:10:22 - [TEST_CASE][PASSED] - Test Cases/mobileWeb/_include/openWebSite: Test Cases/mobileWeb/_include/openWebSite

2019-10-24 08:10:22 - [TEST_STEP][PASSED] - openBrowser(env): Browser is opened with url: 'https://praetemptatus.agilehealthinsurance.com'

2019-10-24 08:10:22 - [MESSAGE][WARNING] - A browser is already opened. Closing browser and opening a new one

2019-10-24 08:10:23 - [MESSAGE][INFO] - Starting 'Chrome' driver

2019-10-24 08:10:23 - [MESSAGE][INFO] - User set preference: ['mobileEmulation', '{deviceName=iPhone 6}']

2019-10-24 08:10:23 - [MESSAGE][INFO] - User set preference: ['args', '[--incognito, --aggressive-cache-discard, --window-size=375,677, --no-sandbox]']

2019-10-24 08:10:25 - [MESSAGE][PASSED] - Browser is opened with url: 'https://praetemptatus.agilehealthinsurance.com'

2019-10-24 08:10:25 - [TEST_STEP][PASSED] - waitForPageLoad(20): Wait for page load successfully

2019-10-24 08:10:25 - [MESSAGE][PASSED] - Wait for page load successfully

2019-10-24 08:10:25 - [TEST_STEP][PASSED] - Thread.sleep(2000): null

2019-10-24 08:10:27 - [TEST_STEP][PASSED] - callTestCase(findTestCase("mobileWeb/_include/get_screenshot"), [:], STOP_ON_FAILURE): Call Test Case 'Test Cases/mobileWeb/_include/get_screenshot' successfully

2019-10-24 08:10:27 - [TEST_CASE][PASSED] - Test Cases/mobileWeb/_include/get_screenshot: Test Cases/mobileWeb/_include/get_screenshot

2019-10-24 08:10:27 - [TEST_STEP][PASSED] - takeScreenshot(screenPath + i + ".png"): Taking screenshot successfully

2019-10-24 08:10:28 - [MESSAGE][PASSED] - Taking screenshot successfully
[[ATTACHMENT|D:\\Test\\AgileTest\\Reports\\mobileWeb\\stm\\20191024_080031\\../Screenshots/iPhone 6/stm/Companion/20191024_081022/0.png]]

2019-10-24 08:10:28 - [TEST_STEP][PASSED] - (internal.GlobalVariable.i++): null

2019-10-24 08:10:28 - [MESSAGE][PASSED] - Call Test Case 'Test Cases/mobileWeb/_include/get_screenshot' successfully

2019-10-24 08:10:28 - [MESSAGE][PASSED] - Call Test Case 'Test Cases/mobileWeb/_include/openWebSite' successfully

2019-10-24 08:10:28 - [TEST_STEP][PASSED] - callTestCase(findTestCase("mobileWeb/_include/census_stm"), [:], CONTINUE_ON_FAILURE): Call Test Case 'Test Cases/mobileWeb/_include/census_stm' successfully

2019-10-24 08:10:28 - [TEST_CASE][PASSED] - Test Cases/mobileWeb/_include/census_stm: Test Cases/mobileWeb/_include/census_stm

2019-10-24 08:10:28 - [TEST_STEP][PASSED] - waitForElementClickable(findTestObject("mobileSanity/STM/Home Page/a_Quote  Save Today"), 10): Object 'Object Repository/mobileSanity/STM/Home Page/a_Quote  Save Today' is clickable

2019-10-24 08:10:28 - [MESSAGE][PASSED] - Object 'Object Repository/mobileSanity/STM/Home Page/a_Quote  Save Today' is clickable

2019-10-24 08:10:28 - [TEST_STEP][PASSED] - click(findTestObject("mobileSanity/STM/Home Page/a_Quote  Save Today")): Object: 'Object Repository/mobileSanity/STM/Home Page/a_Quote  Save Today' is clicked on

2019-10-24 08:10:29 - [MESSAGE][PASSED] - Object: 'Object Repository/mobileSanity/STM/Home Page/a_Quote  Save Today' is clicked on

2019-10-24 08:10:29 - [TEST_STEP][PASSED] - waitForPageLoad(10): Wait for page load successfully

2019-10-24 08:10:29 - [MESSAGE][PASSED] - Wait for page load successfully

2019-10-24 08:10:29 - [TEST_STEP][PASSED] - callTestCase(findTestCase("mobileWeb/_include/get_screenshot"), [:], STOP_ON_FAILURE): Call Test Case 'Test Cases/mobileWeb/_include/get_screenshot' successfully

2019-10-24 08:10:29 - [TEST_CASE][PASSED] - Test Cases/mobileWeb/_include/get_screenshot: Test Cases/mobileWeb/_include/get_screenshot

2019-10-24 08:10:29 - [TEST_STEP][PASSED] - takeScreenshot(screenPath + i + ".png"): Taking screenshot successfully

2019-10-24 08:10:30 - [MESSAGE][PASSED] - Taking screenshot successfully
[[ATTACHMENT|D:\\Test\\AgileTest\\Reports\\mobileWeb\\stm\\20191024_080031\\../Screenshots/iPhone 6/stm/Companion/20191024_081022/1.png]]

2019-10-24 08:10:30 - [TEST_STEP][PASSED] - (internal.GlobalVariable.i++): null

2019-10-24 08:10:30 - [MESSAGE][PASSED] - Call Test Case 'Test Cases/mobileWeb/_include/get_screenshot' successfully

2019-10-24 08:10:30 - [TEST_STEP][PASSED] - setText(findTestObject("mobileSanity/STM/STM Census Page/input_Location_zip-input"), zipcode): Text '35215' is set on object 'Object Repository/mobileSanity/STM/STM Census Page/input_Location_zip-input'

2019-10-24 08:10:30 - [MESSAGE][PASSED] - Text '35215' is set on object 'Object Repository/mobileSanity/STM/STM Census Page/input_Location_zip-input'

2019-10-24 08:10:30 - [TEST_STEP][PASSED] - Thread.sleep(500): null

2019-10-24 08:10:31 - [TEST_STEP][PASSED] - setText(findTestObject("mobileSanity/STM/STM Census Page/input_Date of Birth_dob-0"), "03031987"): Text '03031987' is set on object 'Object Repository/mobileSanity/STM/STM Census Page/input_Date of Birth_dob-0'

2019-10-24 08:10:31 - [MESSAGE][PASSED] - Text '03031987' is set on object 'Object Repository/mobileSanity/STM/STM Census Page/input_Date of Birth_dob-0'

2019-10-24 08:10:31 - [TEST_STEP][PASSED] - click(findTestObject("mobileSanity/STM/STM Census Page/label_Male")): Object: 'Object Repository/mobileSanity/STM/STM Census Page/label_Male' is clicked on

2019-10-24 08:10:31 - [MESSAGE][PASSED] - Object: 'Object Repository/mobileSanity/STM/STM Census Page/label_Male' is clicked on

2019-10-24 08:10:31 - [TEST_STEP][PASSED] - click(findTestObject("mobileSanity/STM/STM Census Page/label_Compare Plans")): Object: 'Object Repository/mobileSanity/STM/STM Census Page/label_Compare Plans' is clicked on

2019-10-24 08:10:33 - [MESSAGE][PASSED] - Object: 'Object Repository/mobileSanity/STM/STM Census Page/label_Compare Plans' is clicked on

2019-10-24 08:10:33 - [TEST_STEP][PASSED] - waitForElementVisible(findTestObject("mobileSanity/STM/STM Quote Page/button_sort"), 20): Object 'Object Repository/mobileSanity/STM/STM Quote Page/button_sort' is visible

2019-10-24 08:10:34 - [MESSAGE][PASSED] - Object 'Object Repository/mobileSanity/STM/STM Quote Page/button_sort' is visible

2019-10-24 08:10:34 - [TEST_STEP][PASSED] - Thread.sleep(3000): null

2019-10-24 08:10:37 - [TEST_STEP][PASSED] - callTestCase(findTestCase("mobileWeb/_include/get_screenshot"), [:], STOP_ON_FAILURE): Call Test Case 'Test Cases/mobileWeb/_include/get_screenshot' successfully

2019-10-24 08:10:37 - [TEST_CASE][PASSED] - Test Cases/mobileWeb/_include/get_screenshot: Test Cases/mobileWeb/_include/get_screenshot

2019-10-24 08:10:37 - [TEST_STEP][PASSED] - takeScreenshot(screenPath + i + ".png"): Taking screenshot successfully

2019-10-24 08:10:37 - [MESSAGE][PASSED] - Taking screenshot successfully
[[ATTACHMENT|D:\\Test\\AgileTest\\Reports\\mobileWeb\\stm\\20191024_080031\\../Screenshots/iPhone 6/stm/Companion/20191024_081022/2.png]]

2019-10-24 08:10:37 - [TEST_STEP][PASSED] - (internal.GlobalVariable.i++): null

2019-10-24 08:10:37 - [MESSAGE][PASSED] - Call Test Case 'Test Cases/mobileWeb/_include/get_screenshot' successfully

2019-10-24 08:10:37 - [TEST_STEP][PASSED] - Thread.sleep(1000): null

2019-10-24 08:10:38 - [MESSAGE][PASSED] - Call Test Case 'Test Cases/mobileWeb/_include/census_stm' successfully

2019-10-24 08:10:38 - [TEST_STEP][PASSED] - callTestCase(findTestCase("mobileWeb/_include/filter_stm"), ["carrier":"pivotcompanion"], STOP_ON_FAILURE): Call Test Case 'Test Cases/mobileWeb/_include/filter_stm' successfully

2019-10-24 08:10:38 - [TEST_CASE][PASSED] - Test Cases/mobileWeb/_include/filter_stm: Test Cases/mobileWeb/_include/filter_stm

2019-10-24 08:10:38 - [TEST_STEP][PASSED] - driver = getWebDriver(): null

2019-10-24 08:10:38 - [TEST_STEP][PASSED] - selenium = new com.thoughtworks.selenium.webdriven.WebDriverBackedSelenium(driver, internal.GlobalVariable.ENV): null

2019-10-24 08:10:38 - [TEST_STEP][PASSED] - Thread.sleep(1000): null

2019-10-24 08:10:39 - [TEST_STEP][PASSED] - click(findTestObject("mobileSanity/STM/STM Quote Page/button_filters")): Object: 'Object Repository/mobileSanity/STM/STM Quote Page/button_filters' is clicked on

2019-10-24 08:10:39 - [MESSAGE][PASSED] - Object: 'Object Repository/mobileSanity/STM/STM Quote Page/button_filters' is clicked on

2019-10-24 08:10:39 - [TEST_STEP][PASSED] - Thread.sleep(1000): null

2019-10-24 08:10:40 - [TEST_STEP][PASSED] - click(findTestObject("mobileSanity/STM/STM Quote Page/i_Insurance company")): Object: 'Object Repository/mobileSanity/STM/STM Quote Page/i_Insurance company' is clicked on

2019-10-24 08:10:40 - [MESSAGE][PASSED] - Object: 'Object Repository/mobileSanity/STM/STM Quote Page/i_Insurance company' is clicked on

2019-10-24 08:10:40 - [TEST_STEP][PASSED] - Thread.sleep(1000): null

2019-10-24 08:10:42 - [TEST_STEP][PASSED] - filter_carrier = "//input[@name='filter[carrier]' and @value='" + carrier + "']/following::label": null

2019-10-24 08:10:42 - [TEST_STEP][PASSED] - println(filter_carrier): null

2019-10-24 08:10:42 - [TEST_STEP][PASSED] - test.MobileKeywords.clickJS_ByXpath(filter_carrier): test.MobileKeywords.clickJS_ByXpath is PASSED

2019-10-24 08:10:42 - [MESSAGE][PASSED] - Execute JavaScript 'arguments[0].click()' successfully

2019-10-24 08:10:42 - [MESSAGE][PASSED] - test.MobileKeywords.clickJS_ByXpath is PASSED

2019-10-24 08:10:42 - [TEST_STEP][PASSED] - Thread.sleep(1000): null

2019-10-24 08:10:43 - [TEST_STEP][PASSED] - scrollToElement(findTestObject("mobileSanity/STM/STM Quote Page/a_Show Plans"), 1000): Scroll to object 'Object Repository/mobileSanity/STM/STM Quote Page/a_Show Plans' successfully

2019-10-24 08:10:43 - [MESSAGE][PASSED] - Scroll to object 'Object Repository/mobileSanity/STM/STM Quote Page/a_Show Plans' successfully

2019-10-24 08:10:43 - [TEST_STEP][PASSED] - click(findTestObject("mobileSanity/STM/STM Quote Page/a_Show Plans")): Object: 'Object Repository/mobileSanity/STM/STM Quote Page/a_Show Plans' is clicked on

2019-10-24 08:10:43 - [MESSAGE][PASSED] - Object: 'Object Repository/mobileSanity/STM/STM Quote Page/a_Show Plans' is clicked on

2019-10-24 08:10:43 - [TEST_STEP][PASSED] - waitForJQueryLoad(20, STOP_ON_FAILURE): jQuery is ready.

2019-10-24 08:10:43 - [MESSAGE][PASSED] - jQuery is ready.

2019-10-24 08:10:43 - [TEST_STEP][PASSED] - Thread.sleep(2000): null

2019-10-24 08:10:45 - [TEST_STEP][PASSED] - callTestCase(findTestCase("mobileWeb/_include/get_screenshot"), [:], STOP_ON_FAILURE): Call Test Case 'Test Cases/mobileWeb/_include/get_screenshot' successfully

2019-10-24 08:10:45 - [TEST_CASE][PASSED] - Test Cases/mobileWeb/_include/get_screenshot: Test Cases/mobileWeb/_include/get_screenshot

2019-10-24 08:10:45 - [TEST_STEP][PASSED] - takeScreenshot(screenPath + i + ".png"): Taking screenshot successfully

2019-10-24 08:10:45 - [MESSAGE][PASSED] - Taking screenshot successfully
[[ATTACHMENT|D:\\Test\\AgileTest\\Reports\\mobileWeb\\stm\\20191024_080031\\../Screenshots/iPhone 6/stm/Companion/20191024_081022/3.png]]

2019-10-24 08:10:45 - [TEST_STEP][PASSED] - (internal.GlobalVariable.i++): null

2019-10-24 08:10:45 - [MESSAGE][PASSED] - Call Test Case 'Test Cases/mobileWeb/_include/get_screenshot' successfully

2019-10-24 08:10:45 - [MESSAGE][PASSED] - Call Test Case 'Test Cases/mobileWeb/_include/filter_stm' successfully

2019-10-24 08:10:45 - [TEST_STEP][PASSED] - callTestCase(findTestCase("mobileWeb/_include/goToDetail_stm"), ["carrier":"pivot-health-choice"], STOP_ON_FAILURE): Call Test Case 'Test Cases/mobileWeb/_include/goToDetail_stm' successfully

2019-10-24 08:10:45 - [TEST_CASE][PASSED] - Test Cases/mobileWeb/_include/goToDetail_stm: Test Cases/mobileWeb/_include/goToDetail_stm

2019-10-24 08:10:45 - [TEST_STEP][PASSED] - driver = getWebDriver(): null

2019-10-24 08:10:45 - [TEST_STEP][PASSED] - selenium = new com.thoughtworks.selenium.webdriven.WebDriverBackedSelenium(driver, internal.GlobalVariable.ENV): null

2019-10-24 08:10:45 - [TEST_STEP][PASSED] - a_plan_name = "xpath=//a[contains(@href,'/term-health-insurance/plan/" + carrier + "')]": null

2019-10-24 08:10:45 - [TEST_STEP][PASSED] - println(a_plan_name): null

2019-10-24 08:10:45 - [TEST_STEP][PASSED] - selenium.click(a_plan_name): null

2019-10-24 08:10:46 - [TEST_STEP][PASSED] - waitForPageLoad(20): Wait for page load successfully

2019-10-24 08:10:46 - [MESSAGE][PASSED] - Wait for page load successfully

2019-10-24 08:10:46 - [TEST_STEP][PASSED] - Thread.sleep(2000): null

2019-10-24 08:10:48 - [TEST_STEP][PASSED] - callTestCase(findTestCase("mobileWeb/_include/get_screenshot"), [:], STOP_ON_FAILURE): Call Test Case 'Test Cases/mobileWeb/_include/get_screenshot' successfully

2019-10-24 08:10:49 - [TEST_CASE][PASSED] - Test Cases/mobileWeb/_include/get_screenshot: Test Cases/mobileWeb/_include/get_screenshot

2019-10-24 08:10:49 - [TEST_STEP][PASSED] - takeScreenshot(screenPath + i + ".png"): Taking screenshot successfully

2019-10-24 08:10:49 - [MESSAGE][PASSED] - Taking screenshot successfully
[[ATTACHMENT|D:\\Test\\AgileTest\\Reports\\mobileWeb\\stm\\20191024_080031\\../Screenshots/iPhone 6/stm/Companion/20191024_081022/4.png]]

2019-10-24 08:10:49 - [TEST_STEP][PASSED] - (internal.GlobalVariable.i++): null

2019-10-24 08:10:49 - [MESSAGE][PASSED] - Call Test Case 'Test Cases/mobileWeb/_include/get_screenshot' successfully

2019-10-24 08:10:49 - [MESSAGE][PASSED] - Call Test Case 'Test Cases/mobileWeb/_include/goToDetail_stm' successfully

2019-10-24 08:10:49 - [TEST_STEP][PASSED] - callTestCase(findTestCase("mobileWeb/_include/apply_stm"), [:], STOP_ON_FAILURE): Call Test Case 'Test Cases/mobileWeb/_include/apply_stm' successfully

2019-10-24 08:10:49 - [TEST_CASE][PASSED] - Test Cases/mobileWeb/_include/apply_stm: Test Cases/mobileWeb/_include/apply_stm

2019-10-24 08:10:49 - [TEST_STEP][PASSED] - waitForElementVisible(findTestObject("mobileSanity/STM/STM PlanDetail Page/a_Apply for This Plan"), 5): Object 'Object Repository/mobileSanity/STM/STM PlanDetail Page/a_Apply for This Plan' is visible

2019-10-24 08:10:49 - [MESSAGE][PASSED] - Object 'Object Repository/mobileSanity/STM/STM PlanDetail Page/a_Apply for This Plan' is visible

2019-10-24 08:10:49 - [TEST_STEP][PASSED] - click(findTestObject("mobileSanity/STM/STM PlanDetail Page/a_Apply for This Plan")): Object: 'Object Repository/mobileSanity/STM/STM PlanDetail Page/a_Apply for This Plan' is clicked on

2019-10-24 08:10:51 - [MESSAGE][PASSED] - Object: 'Object Repository/mobileSanity/STM/STM PlanDetail Page/a_Apply for This Plan' is clicked on

2019-10-24 08:10:51 - [TEST_STEP][PASSED] - waitForPageLoad(10): Wait for page load successfully

2019-10-24 08:10:51 - [MESSAGE][PASSED] - Wait for page load successfully

2019-10-24 08:10:51 - [TEST_STEP][PASSED] - Thread.sleep(2000): null

2019-10-24 08:10:53 - [TEST_STEP][PASSED] - callTestCase(findTestCase("mobileWeb/_include/get_screenshot"), [:], STOP_ON_FAILURE): Call Test Case 'Test Cases/mobileWeb/_include/get_screenshot' successfully

2019-10-24 08:10:53 - [TEST_CASE][PASSED] - Test Cases/mobileWeb/_include/get_screenshot: Test Cases/mobileWeb/_include/get_screenshot

2019-10-24 08:10:53 - [TEST_STEP][PASSED] - takeScreenshot(screenPath + i + ".png"): Taking screenshot successfully

2019-10-24 08:10:53 - [MESSAGE][PASSED] - Taking screenshot successfully
[[ATTACHMENT|D:\\Test\\AgileTest\\Reports\\mobileWeb\\stm\\20191024_080031\\../Screenshots/iPhone 6/stm/Companion/20191024_081022/5.png]]

2019-10-24 08:10:53 - [TEST_STEP][PASSED] - (internal.GlobalVariable.i++): null

2019-10-24 08:10:53 - [MESSAGE][PASSED] - Call Test Case 'Test Cases/mobileWeb/_include/get_screenshot' successfully

2019-10-24 08:10:53 - [TEST_STEP][PASSED] - waitForElementVisible(findTestObject("mobileSanity/STM/STM Apply Page/a_Start Secure Application"), 5): Object 'Object Repository/mobileSanity/STM/STM Apply Page/a_Start Secure Application' is visible

2019-10-24 08:10:53 - [MESSAGE][PASSED] - Object 'Object Repository/mobileSanity/STM/STM Apply Page/a_Start Secure Application' is visible

2019-10-24 08:10:53 - [TEST_STEP][PASSED] - click(findTestObject("mobileSanity/STM/STM Apply Page/a_Start Secure Application")): Object: 'Object Repository/mobileSanity/STM/STM Apply Page/a_Start Secure Application' is clicked on

2019-10-24 08:10:54 - [MESSAGE][PASSED] - Object: 'Object Repository/mobileSanity/STM/STM Apply Page/a_Start Secure Application' is clicked on

2019-10-24 08:10:54 - [TEST_STEP][PASSED] - waitForPageLoad(20): Wait for page load successfully

2019-10-24 08:10:55 - [MESSAGE][PASSED] - Wait for page load successfully

2019-10-24 08:10:55 - [TEST_STEP][PASSED] - Thread.sleep(2000): null

2019-10-24 08:10:57 - [TEST_STEP][PASSED] - callTestCase(findTestCase("mobileWeb/_include/get_screenshot"), [:], STOP_ON_FAILURE): Call Test Case 'Test Cases/mobileWeb/_include/get_screenshot' successfully

2019-10-24 08:10:57 - [TEST_CASE][PASSED] - Test Cases/mobileWeb/_include/get_screenshot: Test Cases/mobileWeb/_include/get_screenshot

2019-10-24 08:10:57 - [TEST_STEP][PASSED] - takeScreenshot(screenPath + i + ".png"): Taking screenshot successfully

2019-10-24 08:10:57 - [MESSAGE][PASSED] - Taking screenshot successfully
[[ATTACHMENT|D:\\Test\\AgileTest\\Reports\\mobileWeb\\stm\\20191024_080031\\../Screenshots/iPhone 6/stm/Companion/20191024_081022/6.png]]

2019-10-24 08:10:57 - [TEST_STEP][PASSED] - (internal.GlobalVariable.i++): null

2019-10-24 08:10:57 - [MESSAGE][PASSED] - Call Test Case 'Test Cases/mobileWeb/_include/get_screenshot' successfully

2019-10-24 08:10:57 - [MESSAGE][PASSED] - Call Test Case 'Test Cases/mobileWeb/_include/apply_stm' successfully

2019-10-24 08:10:57 - [TEST_STEP][PASSED] - callTestCase(findTestCase("mobileWeb/_include/goToEnd_stm_autofill"), [:], STOP_ON_FAILURE): Call Test Case 'Test Cases/mobileWeb/_include/goToEnd_stm_autofill' successfully

2019-10-24 08:10:57 - [TEST_CASE][PASSED] - Test Cases/mobileWeb/_include/goToEnd_stm_autofill: Test Cases/mobileWeb/_include/goToEnd_stm_autofill

2019-10-24 08:10:57 - [TEST_STEP][PASSED] - callTestCase(findTestCase("mobileWeb/_include/name"), [:], CONTINUE_ON_FAILURE): Call Test Case 'Test Cases/mobileWeb/_include/name' successfully

2019-10-24 08:10:57 - [TEST_CASE][PASSED] - Test Cases/mobileWeb/_include/name: Test Cases/mobileWeb/_include/name

2019-10-24 08:10:57 - [TEST_STEP][PASSED] - driver = getWebDriver(): null

2019-10-24 08:10:57 - [TEST_STEP][PASSED] - selenium = new com.thoughtworks.selenium.webdriven.WebDriverBackedSelenium(driver, internal.GlobalVariable.ENV): null

2019-10-24 08:10:57 - [TEST_STEP][PASSED] - FirstName = "Test-123": null

2019-10-24 08:10:57 - [TEST_STEP][PASSED] - LastName = selenium.getEval("{var x="ABCDEFGHIJKLMNOPQRSTUVWXYZabcdefghijklmnopqrstuvwxyz"; var tmp="ZZ11-"; for (i=0;i<8;i++) tmp+=x.charAt(Math.ceil(51*Math.random()));tmp;}"): null

2019-10-24 08:10:57 - [TEST_STEP][PASSED] - Address = selenium.getEval("{var x="ABCDEFGHIJKLMNOPQRSTUVWXYZabcdefghijklmnopqrstuvwxyz"; var tmp=""; for (i=0;i<8;i++) tmp+=x.charAt(Math.ceil(51*Math.random()));tmp;}"): null

2019-10-24 08:10:57 - [TEST_STEP][PASSED] - City = selenium.getEval("{var x="ABCDEFGHIJKLMNOPQRSTUVWXYZabcdefghijklmnopqrstuvwxyz"; var tmp=""; for (i=0;i<8;i++) tmp+=x.charAt(Math.ceil(51*Math.random()));tmp;}"): null

2019-10-24 08:10:57 - [TEST_STEP][PASSED] - tel1 = selenium.getEval("{var x="123456789"; var tmp=""; for (i=0;i<3;i++) tmp+=x.charAt(Math.ceil(8*Math.random()));tmp;}"): null

2019-10-24 08:10:57 - [TEST_STEP][PASSED] - tel2 = selenium.getEval("{var x="123456789"; var tmp=""; for (i=0;i<3;i++) tmp+=x.charAt(Math.ceil(8*Math.random()));tmp;}"): null

2019-10-24 08:10:57 - [TEST_STEP][PASSED] - tel3 = selenium.getEval("{var x="123456789"; var tmp=""; for (i=0;i<4;i++) tmp+=x.charAt(Math.ceil(8*Math.random()));tmp;}"): null

2019-10-24 08:10:57 - [TEST_STEP][PASSED] - Tel = selenium.getExpression(tel1 + "-" + tel2 + "-" + tel3): null

2019-10-24 08:10:57 - [TEST_STEP][PASSED] - AutoEmail = selenium.getEval("{var x="ABCDEFGHIJKLMNOPQRSTUVWXYZabcdefghijklmnopqrstuvwxyz"; var tmp="test."; for (i=0;i<8;i++) tmp+=x.charAt(Math.ceil(51*Math.random()));tmp+="@suryani.cn";}"): null

2019-10-24 08:10:57 - [TEST_STEP][PASSED] - FirstName = FirstName: null

2019-10-24 08:10:57 - [TEST_STEP][PASSED] - LastName = LastName: null

2019-10-24 08:10:57 - [TEST_STEP][PASSED] - Address = Address: null

2019-10-24 08:10:57 - [TEST_STEP][PASSED] - City = City: null

2019-10-24 08:10:57 - [TEST_STEP][PASSED] - Tel = Tel: null

2019-10-24 08:10:57 - [TEST_STEP][PASSED] - AutoEmail = AutoEmail: null

2019-10-24 08:10:57 - [TEST_STEP][PASSED] - println(FirstName): null

2019-10-24 08:10:57 - [TEST_STEP][PASSED] - println(LastName): null

2019-10-24 08:10:57 - [TEST_STEP][PASSED] - println(Address): null

2019-10-24 08:10:57 - [TEST_STEP][PASSED] - println(City): null

2019-10-24 08:10:57 - [TEST_STEP][PASSED] - println(Tel): null

2019-10-24 08:10:57 - [TEST_STEP][PASSED] - println(AutoEmail): null

2019-10-24 08:10:57 - [MESSAGE][PASSED] - Call Test Case 'Test Cases/mobileWeb/_include/name' successfully

2019-10-24 08:10:57 - [TEST_STEP][FAILED] - try: Unable to verify text 'Month Duration Acknowledgement' is present  (Root cause: com.kms.katalon.core.exception.StepFailedException: Text 'Month Duration Acknowledgement' is not present on page )

2019-10-24 08:10:57 - [TEST_STEP][FAILED] - if (verifyTextPresent("Month Duration Acknowledgement", false)): Unable to verify text 'Month Duration Acknowledgement' is present  (Root cause: com.kms.katalon.core.exception.StepFailedException: Text 'Month Duration Acknowledgement' is not present on page )

2019-10-24 08:10:57 - [MESSAGE][FAILED] - Text 'Month Duration Acknowledgement' is not present on page 

2019-10-24 08:10:58 - [MESSAGE][FAILED] - Unable to verify text 'Month Duration Acknowledgement' is present  (Root cause: com.kms.katalon.core.exception.StepFailedException: Text 'Month Duration Acknowledgement' is not present on page )
[[ATTACHMENT|D:\\Test\\AgileTest\\Reports\\mobileWeb\\stm\\20191024_080031\\1571919057986.png]]

2019-10-24 08:10:58 - [TEST_STEP][PASSED] - catch (Exception e): null

2019-10-24 08:10:58 - [TEST_STEP][PASSED] - println("no consecutive"): null

2019-10-24 08:10:58 - [TEST_STEP][PASSED] - waitForPageLoad(10): Wait for page load successfully

2019-10-24 08:10:58 - [MESSAGE][PASSED] - Wait for page load successfully

2019-10-24 08:10:58 - [TEST_STEP][PASSED] - Thread.sleep(3000): null

2019-10-24 08:11:01 - [TEST_STEP][PASSED] - waitForElementVisible(findTestObject("mobileSanity/STM/Page_App Page 1/a_Autofill App Info"), 20): Object 'Object Repository/mobileSanity/STM/Page_App Page 1/a_Autofill App Info' is visible

2019-10-24 08:11:01 - [MESSAGE][PASSED] - Object 'Object Repository/mobileSanity/STM/Page_App Page 1/a_Autofill App Info' is visible

2019-10-24 08:11:01 - [TEST_STEP][PASSED] - click(findTestObject("mobileSanity/STM/Page_App Page 1/a_Autofill App Info")): Object: 'Object Repository/mobileSanity/STM/Page_App Page 1/a_Autofill App Info' is clicked on

2019-10-24 08:11:01 - [MESSAGE][PASSED] - Object: 'Object Repository/mobileSanity/STM/Page_App Page 1/a_Autofill App Info' is clicked on

2019-10-24 08:11:01 - [TEST_STEP][PASSED] - Thread.sleep(1000): null

2019-10-24 08:11:02 - [TEST_STEP][PASSED] - click(findTestObject("mobileSanity/STM/Page_App Page 1/a_Autofill App Info")): Object: 'Object Repository/mobileSanity/STM/Page_App Page 1/a_Autofill App Info' is clicked on

2019-10-24 08:11:02 - [MESSAGE][PASSED] - Object: 'Object Repository/mobileSanity/STM/Page_App Page 1/a_Autofill App Info' is clicked on

2019-10-24 08:11:02 - [TEST_STEP][PASSED] - Thread.sleep(1000): null

2019-10-24 08:11:03 - [TEST_STEP][PASSED] - waitForElementVisible(findTestObject("mobileSanity/STM/Page_App Page 1/a_Continue"), 20): Object 'Object Repository/mobileSanity/STM/Page_App Page 1/a_Continue' is visible

2019-10-24 08:11:03 - [MESSAGE][PASSED] - Object 'Object Repository/mobileSanity/STM/Page_App Page 1/a_Continue' is visible

2019-10-24 08:11:03 - [TEST_STEP][PASSED] - click(findTestObject("mobileSanity/STM/Page_App Page 1/a_Continue")): Object: 'Object Repository/mobileSanity/STM/Page_App Page 1/a_Continue' is clicked on

2019-10-24 08:11:03 - [MESSAGE][PASSED] - Object: 'Object Repository/mobileSanity/STM/Page_App Page 1/a_Continue' is clicked on

2019-10-24 08:11:03 - [TEST_STEP][PASSED] - waitForPageLoad(20): Wait for page load successfully

2019-10-24 08:11:03 - [MESSAGE][PASSED] - Wait for page load successfully

2019-10-24 08:11:03 - [TEST_STEP][PASSED] - Thread.sleep(2000): null

2019-10-24 08:11:05 - [TEST_STEP][PASSED] - callTestCase(findTestCase("mobileWeb/_include/get_screenshot"), [:], STOP_ON_FAILURE): Call Test Case 'Test Cases/mobileWeb/_include/get_screenshot' successfully

2019-10-24 08:11:05 - [TEST_CASE][PASSED] - Test Cases/mobileWeb/_include/get_screenshot: Test Cases/mobileWeb/_include/get_screenshot

2019-10-24 08:11:05 - [TEST_STEP][PASSED] - takeScreenshot(screenPath + i + ".png"): Taking screenshot successfully

2019-10-24 08:11:06 - [MESSAGE][PASSED] - Taking screenshot successfully
[[ATTACHMENT|D:\\Test\\AgileTest\\Reports\\mobileWeb\\stm\\20191024_080031\\../Screenshots/iPhone 6/stm/Companion/20191024_081022/7.png]]

2019-10-24 08:11:06 - [TEST_STEP][PASSED] - (internal.GlobalVariable.i++): null

2019-10-24 08:11:06 - [MESSAGE][PASSED] - Call Test Case 'Test Cases/mobileWeb/_include/get_screenshot' successfully

2019-10-24 08:11:06 - [TEST_STEP][PASSED] - click(findTestObject("mobileSanity/STM/Page_App Page 2/a_Continue to Step 3 - Payment")): Object: 'Object Repository/mobileSanity/STM/Page_App Page 2/a_Continue to Step 3 - Payment' is clicked on

2019-10-24 08:11:06 - [MESSAGE][PASSED] - Object: 'Object Repository/mobileSanity/STM/Page_App Page 2/a_Continue to Step 3 - Payment' is clicked on

2019-10-24 08:11:06 - [TEST_STEP][PASSED] - waitForPageLoad(20): Wait for page load successfully

2019-10-24 08:11:06 - [MESSAGE][PASSED] - Wait for page load successfully

2019-10-24 08:11:06 - [TEST_STEP][PASSED] - waitForElementVisible(findTestObject("mobileSanity/STM/Page_App Page 3/input__credit-card-cvv"), 20): Object 'Object Repository/mobileSanity/STM/Page_App Page 3/input__credit-card-cvv' is visible

2019-10-24 08:11:06 - [MESSAGE][PASSED] - Object 'Object Repository/mobileSanity/STM/Page_App Page 3/input__credit-card-cvv' is visible

2019-10-24 08:11:06 - [TEST_STEP][PASSED] - Thread.sleep(2000): null

2019-10-24 08:11:08 - [TEST_STEP][PASSED] - callTestCase(findTestCase("mobileWeb/_include/get_screenshot"), [:], STOP_ON_FAILURE): Call Test Case 'Test Cases/mobileWeb/_include/get_screenshot' successfully

2019-10-24 08:11:08 - [TEST_CASE][PASSED] - Test Cases/mobileWeb/_include/get_screenshot: Test Cases/mobileWeb/_include/get_screenshot

2019-10-24 08:11:08 - [TEST_STEP][PASSED] - takeScreenshot(screenPath + i + ".png"): Taking screenshot successfully

2019-10-24 08:11:09 - [MESSAGE][PASSED] - Taking screenshot successfully
[[ATTACHMENT|D:\\Test\\AgileTest\\Reports\\mobileWeb\\stm\\20191024_080031\\../Screenshots/iPhone 6/stm/Companion/20191024_081022/8.png]]

2019-10-24 08:11:09 - [TEST_STEP][PASSED] - (internal.GlobalVariable.i++): null

2019-10-24 08:11:09 - [MESSAGE][PASSED] - Call Test Case 'Test Cases/mobileWeb/_include/get_screenshot' successfully

2019-10-24 08:11:09 - [TEST_STEP][PASSED] - clearText(findTestObject("mobileSanity/STM/Page_App Page 3/input__credit-card-cvv")): Text of object 'Object Repository/mobileSanity/STM/Page_App Page 3/input__credit-card-cvv' is cleared

2019-10-24 08:11:09 - [MESSAGE][PASSED] - Text of object 'Object Repository/mobileSanity/STM/Page_App Page 3/input__credit-card-cvv' is cleared

2019-10-24 08:11:09 - [TEST_STEP][PASSED] - setText(findTestObject("mobileSanity/STM/Page_App Page 3/input__credit-card-cvv"), "123"): Text '123' is set on object 'Object Repository/mobileSanity/STM/Page_App Page 3/input__credit-card-cvv'

2019-10-24 08:11:09 - [MESSAGE][PASSED] - Text '123' is set on object 'Object Repository/mobileSanity/STM/Page_App Page 3/input__credit-card-cvv'

2019-10-24 08:11:09 - [TEST_STEP][PASSED] - click(findTestObject("mobileSanity/STM/Page_App Page 3/label_I Accept Authorization f")): Object: 'Object Repository/mobileSanity/STM/Page_App Page 3/label_I Accept Authorization f' is clicked on

2019-10-24 08:11:09 - [MESSAGE][PASSED] - Object: 'Object Repository/mobileSanity/STM/Page_App Page 3/label_I Accept Authorization f' is clicked on

2019-10-24 08:11:09 - [TEST_STEP][PASSED] - click(findTestObject("mobileSanity/STM/Page_App Page 3/a_Continue to Step 4 - Review")): Object: 'Object Repository/mobileSanity/STM/Page_App Page 3/a_Continue to Step 4 - Review' is clicked on

2019-10-24 08:11:09 - [MESSAGE][PASSED] - Object: 'Object Repository/mobileSanity/STM/Page_App Page 3/a_Continue to Step 4 - Review' is clicked on

2019-10-24 08:11:09 - [TEST_STEP][PASSED] - waitForPageLoad(10): Wait for page load successfully

2019-10-24 08:11:09 - [MESSAGE][PASSED] - Wait for page load successfully

2019-10-24 08:11:09 - [TEST_STEP][PASSED] - waitForElementClickable(findTestObject("mobileSanity/STM/Page_App Page 4/label"), 10): Web element with id: 'Object Repository/mobileSanity/STM/Page_App Page 4/label' located by 'By.xpath: //input[@id = 'consent-checkbox-0']' not found

2019-10-24 08:11:19 - [MESSAGE][INFO] - Unable to find the element located by 'By.xpath: //input[@id = 'consent-checkbox-0']'. Please recheck the objects properties to make sure the desired element is located. 

2019-10-24 08:11:19 - [MESSAGE][WARNING] - Web element with id: 'Object Repository/mobileSanity/STM/Page_App Page 4/label' located by 'By.xpath: //input[@id = 'consent-checkbox-0']' not found

2019-10-24 08:11:19 - [TEST_STEP][PASSED] - Thread.sleep(2000): null

2019-10-24 08:11:21 - [TEST_STEP][PASSED] - callTestCase(findTestCase("mobileWeb/_include/get_screenshot"), [:], STOP_ON_FAILURE): Call Test Case 'Test Cases/mobileWeb/_include/get_screenshot' successfully

2019-10-24 08:11:21 - [TEST_CASE][PASSED] - Test Cases/mobileWeb/_include/get_screenshot: Test Cases/mobileWeb/_include/get_screenshot

2019-10-24 08:11:21 - [TEST_STEP][PASSED] - takeScreenshot(screenPath + i + ".png"): Taking screenshot successfully

2019-10-24 08:11:22 - [MESSAGE][PASSED] - Taking screenshot successfully
[[ATTACHMENT|D:\\Test\\AgileTest\\Reports\\mobileWeb\\stm\\20191024_080031\\../Screenshots/iPhone 6/stm/Companion/20191024_081022/9.png]]

2019-10-24 08:11:22 - [TEST_STEP][PASSED] - (internal.GlobalVariable.i++): null

2019-10-24 08:11:22 - [MESSAGE][PASSED] - Call Test Case 'Test Cases/mobileWeb/_include/get_screenshot' successfully

2019-10-24 08:11:22 - [TEST_STEP][PASSED] - click(findTestObject("mobileSanity/STM/Page_App Page 4/label")): Object: 'Object Repository/mobileSanity/STM/Page_App Page 4/label' is clicked on

2019-10-24 08:11:22 - [MESSAGE][PASSED] - Object: 'Object Repository/mobileSanity/STM/Page_App Page 4/label' is clicked on

2019-10-24 08:11:22 - [TEST_STEP][PASSED] - click(findTestObject("mobileSanity/STM/Page_App Page 4/div_CLICK TO SIGN")): Object: 'Object Repository/mobileSanity/STM/Page_App Page 4/div_CLICK TO SIGN' is clicked on

2019-10-24 08:11:22 - [MESSAGE][PASSED] - Object: 'Object Repository/mobileSanity/STM/Page_App Page 4/div_CLICK TO SIGN' is clicked on

2019-10-24 08:11:22 - [TEST_STEP][PASSED] - click(findTestObject("mobileSanity/STM/Page_App Page 4/a_Submit Your Application")): Object: 'Object Repository/mobileSanity/STM/Page_App Page 4/a_Submit Your Application' is clicked on

2019-10-24 08:11:22 - [MESSAGE][PASSED] - Object: 'Object Repository/mobileSanity/STM/Page_App Page 4/a_Submit Your Application' is clicked on

2019-10-24 08:11:22 - [TEST_STEP][PASSED] - Thread.sleep(30000): null

2019-10-24 08:11:52 - [TEST_STEP][PASSED] - waitForElementPresent(findTestObject("mobileSanity/STM/Page_App Page 6/app-page-wrapper"), 20): Object 'Object Repository/mobileSanity/STM/Page_App Page 6/app-page-wrapper' is present

2019-10-24 08:11:52 - [MESSAGE][PASSED] - Object 'Object Repository/mobileSanity/STM/Page_App Page 6/app-page-wrapper' is present

2019-10-24 08:11:52 - [TEST_STEP][PASSED] - callTestCase(findTestCase("mobileWeb/_include/get_screenshot"), [:], STOP_ON_FAILURE): Call Test Case 'Test Cases/mobileWeb/_include/get_screenshot' successfully

2019-10-24 08:11:52 - [TEST_CASE][PASSED] - Test Cases/mobileWeb/_include/get_screenshot: Test Cases/mobileWeb/_include/get_screenshot

2019-10-24 08:11:52 - [TEST_STEP][PASSED] - takeScreenshot(screenPath + i + ".png"): Taking screenshot successfully

2019-10-24 08:11:53 - [MESSAGE][PASSED] - Taking screenshot successfully
[[ATTACHMENT|D:\\Test\\AgileTest\\Reports\\mobileWeb\\stm\\20191024_080031\\../Screenshots/iPhone 6/stm/Companion/20191024_081022/10.png]]

2019-10-24 08:11:53 - [TEST_STEP][PASSED] - (internal.GlobalVariable.i++): null

2019-10-24 08:11:53 - [MESSAGE][PASSED] - Call Test Case 'Test Cases/mobileWeb/_include/get_screenshot' successfully

2019-10-24 08:11:53 - [MESSAGE][PASSED] - Call Test Case 'Test Cases/mobileWeb/_include/goToEnd_stm_autofill' successfully]]></system-out>
         <system-err><![CDATA[]]></system-err>
      </testcase>
      <testcase name="Test Cases/mobileWeb/stm/Everest" classname="Test Cases/mobileWeb/stm/Everest" status="PASSED">
         <system-out><![CDATA[2019-10-24 08:11:53 - [TEST_CASE][PASSED] - Test Cases/mobileWeb/stm/Everest: Test Cases/mobileWeb/stm/Everest

2019-10-24 08:11:53 - [TEST_STEP][PASSED] - callTestCase(findTestCase("mobileWeb/_include/get_screenPath"), ["productLine":"stm", "carrierName":"Everest"], CONTINUE_ON_FAILURE): Call Test Case 'Test Cases/mobileWeb/_include/get_screenPath' successfully

2019-10-24 08:11:53 - [TEST_CASE][PASSED] - Test Cases/mobileWeb/_include/get_screenPath: Test Cases/mobileWeb/_include/get_screenPath

2019-10-24 08:11:53 - [TEST_STEP][PASSED] - m = getExecutionProperties(): null

2019-10-24 08:11:53 - [TEST_STEP][PASSED] - deviceName = get("mobileEmulation").get("deviceName"): null

2019-10-24 08:11:53 - [TEST_STEP][PASSED] - println(deviceName): null

2019-10-24 08:11:53 - [TEST_STEP][PASSED] - now = new java.util.Date(): null

2019-10-24 08:11:53 - [TEST_STEP][PASSED] - mydate = now.format("yyyyMMdd_HHmmss"): null

2019-10-24 08:11:53 - [TEST_STEP][PASSED] - screenPath = "../Screenshots/": null

2019-10-24 08:11:53 - [TEST_STEP][PASSED] - screenPath = screenPath + deviceName + "/" + productLine + "/" + carrierName + "/" + mydate + "/": null

2019-10-24 08:11:53 - [TEST_STEP][PASSED] - println(screenPath): null

2019-10-24 08:11:53 - [MESSAGE][PASSED] - Call Test Case 'Test Cases/mobileWeb/_include/get_screenPath' successfully

2019-10-24 08:11:53 - [TEST_STEP][PASSED] - i = 0: null

2019-10-24 08:11:53 - [TEST_STEP][PASSED] - callTestCase(findTestCase("mobileWeb/_include/openWebSite"), [:], STOP_ON_FAILURE): Call Test Case 'Test Cases/mobileWeb/_include/openWebSite' successfully

2019-10-24 08:11:53 - [TEST_CASE][PASSED] - Test Cases/mobileWeb/_include/openWebSite: Test Cases/mobileWeb/_include/openWebSite

2019-10-24 08:11:53 - [TEST_STEP][PASSED] - openBrowser(env): Browser is opened with url: 'https://praetemptatus.agilehealthinsurance.com'

2019-10-24 08:11:53 - [MESSAGE][WARNING] - A browser is already opened. Closing browser and opening a new one

2019-10-24 08:11:54 - [MESSAGE][INFO] - Starting 'Chrome' driver

2019-10-24 08:11:54 - [MESSAGE][INFO] - User set preference: ['mobileEmulation', '{deviceName=iPhone 6}']

2019-10-24 08:11:54 - [MESSAGE][INFO] - User set preference: ['args', '[--incognito, --aggressive-cache-discard, --window-size=375,677, --no-sandbox]']

2019-10-24 08:11:56 - [MESSAGE][PASSED] - Browser is opened with url: 'https://praetemptatus.agilehealthinsurance.com'

2019-10-24 08:11:56 - [TEST_STEP][PASSED] - waitForPageLoad(20): Wait for page load successfully

2019-10-24 08:11:56 - [MESSAGE][PASSED] - Wait for page load successfully

2019-10-24 08:11:56 - [TEST_STEP][PASSED] - Thread.sleep(2000): null

2019-10-24 08:11:58 - [TEST_STEP][PASSED] - callTestCase(findTestCase("mobileWeb/_include/get_screenshot"), [:], STOP_ON_FAILURE): Call Test Case 'Test Cases/mobileWeb/_include/get_screenshot' successfully

2019-10-24 08:11:58 - [TEST_CASE][PASSED] - Test Cases/mobileWeb/_include/get_screenshot: Test Cases/mobileWeb/_include/get_screenshot

2019-10-24 08:11:58 - [TEST_STEP][PASSED] - takeScreenshot(screenPath + i + ".png"): Taking screenshot successfully

2019-10-24 08:11:58 - [MESSAGE][PASSED] - Taking screenshot successfully
[[ATTACHMENT|D:\\Test\\AgileTest\\Reports\\mobileWeb\\stm\\20191024_080031\\../Screenshots/iPhone 6/stm/Everest/20191024_081153/0.png]]

2019-10-24 08:11:58 - [TEST_STEP][PASSED] - (internal.GlobalVariable.i++): null

2019-10-24 08:11:58 - [MESSAGE][PASSED] - Call Test Case 'Test Cases/mobileWeb/_include/get_screenshot' successfully

2019-10-24 08:11:58 - [MESSAGE][PASSED] - Call Test Case 'Test Cases/mobileWeb/_include/openWebSite' successfully

2019-10-24 08:11:58 - [TEST_STEP][PASSED] - callTestCase(findTestCase("mobileWeb/_include/census_stm"), ["zipcode":"83709"], STOP_ON_FAILURE): Call Test Case 'Test Cases/mobileWeb/_include/census_stm' successfully

2019-10-24 08:11:58 - [TEST_CASE][PASSED] - Test Cases/mobileWeb/_include/census_stm: Test Cases/mobileWeb/_include/census_stm

2019-10-24 08:11:58 - [TEST_STEP][PASSED] - waitForElementClickable(findTestObject("mobileSanity/STM/Home Page/a_Quote  Save Today"), 10): Object 'Object Repository/mobileSanity/STM/Home Page/a_Quote  Save Today' is clickable

2019-10-24 08:11:58 - [MESSAGE][PASSED] - Object 'Object Repository/mobileSanity/STM/Home Page/a_Quote  Save Today' is clickable

2019-10-24 08:11:58 - [TEST_STEP][PASSED] - click(findTestObject("mobileSanity/STM/Home Page/a_Quote  Save Today")): Object: 'Object Repository/mobileSanity/STM/Home Page/a_Quote  Save Today' is clicked on

2019-10-24 08:11:59 - [MESSAGE][PASSED] - Object: 'Object Repository/mobileSanity/STM/Home Page/a_Quote  Save Today' is clicked on

2019-10-24 08:11:59 - [TEST_STEP][PASSED] - waitForPageLoad(10): Wait for page load successfully

2019-10-24 08:11:59 - [MESSAGE][PASSED] - Wait for page load successfully

2019-10-24 08:11:59 - [TEST_STEP][PASSED] - callTestCase(findTestCase("mobileWeb/_include/get_screenshot"), [:], STOP_ON_FAILURE): Call Test Case 'Test Cases/mobileWeb/_include/get_screenshot' successfully

2019-10-24 08:11:59 - [TEST_CASE][PASSED] - Test Cases/mobileWeb/_include/get_screenshot: Test Cases/mobileWeb/_include/get_screenshot

2019-10-24 08:11:59 - [TEST_STEP][PASSED] - takeScreenshot(screenPath + i + ".png"): Taking screenshot successfully

2019-10-24 08:12:00 - [MESSAGE][PASSED] - Taking screenshot successfully
[[ATTACHMENT|D:\\Test\\AgileTest\\Reports\\mobileWeb\\stm\\20191024_080031\\../Screenshots/iPhone 6/stm/Everest/20191024_081153/1.png]]

2019-10-24 08:12:00 - [TEST_STEP][PASSED] - (internal.GlobalVariable.i++): null

2019-10-24 08:12:00 - [MESSAGE][PASSED] - Call Test Case 'Test Cases/mobileWeb/_include/get_screenshot' successfully

2019-10-24 08:12:00 - [TEST_STEP][PASSED] - setText(findTestObject("mobileSanity/STM/STM Census Page/input_Location_zip-input"), zipcode): Text '83709' is set on object 'Object Repository/mobileSanity/STM/STM Census Page/input_Location_zip-input'

2019-10-24 08:12:00 - [MESSAGE][PASSED] - Text '83709' is set on object 'Object Repository/mobileSanity/STM/STM Census Page/input_Location_zip-input'

2019-10-24 08:12:00 - [TEST_STEP][PASSED] - Thread.sleep(500): null

2019-10-24 08:12:01 - [TEST_STEP][PASSED] - setText(findTestObject("mobileSanity/STM/STM Census Page/input_Date of Birth_dob-0"), "03031987"): Text '03031987' is set on object 'Object Repository/mobileSanity/STM/STM Census Page/input_Date of Birth_dob-0'

2019-10-24 08:12:01 - [MESSAGE][PASSED] - Text '03031987' is set on object 'Object Repository/mobileSanity/STM/STM Census Page/input_Date of Birth_dob-0'

2019-10-24 08:12:01 - [TEST_STEP][PASSED] - click(findTestObject("mobileSanity/STM/STM Census Page/label_Male")): Object: 'Object Repository/mobileSanity/STM/STM Census Page/label_Male' is clicked on

2019-10-24 08:12:01 - [MESSAGE][PASSED] - Object: 'Object Repository/mobileSanity/STM/STM Census Page/label_Male' is clicked on

2019-10-24 08:12:01 - [TEST_STEP][PASSED] - click(findTestObject("mobileSanity/STM/STM Census Page/label_Compare Plans")): Object: 'Object Repository/mobileSanity/STM/STM Census Page/label_Compare Plans' is clicked on

2019-10-24 08:12:03 - [MESSAGE][PASSED] - Object: 'Object Repository/mobileSanity/STM/STM Census Page/label_Compare Plans' is clicked on

2019-10-24 08:12:03 - [TEST_STEP][PASSED] - waitForElementVisible(findTestObject("mobileSanity/STM/STM Quote Page/button_sort"), 20): Object 'Object Repository/mobileSanity/STM/STM Quote Page/button_sort' is visible

2019-10-24 08:12:03 - [MESSAGE][PASSED] - Object 'Object Repository/mobileSanity/STM/STM Quote Page/button_sort' is visible

2019-10-24 08:12:03 - [TEST_STEP][PASSED] - Thread.sleep(3000): null

2019-10-24 08:12:06 - [TEST_STEP][PASSED] - callTestCase(findTestCase("mobileWeb/_include/get_screenshot"), [:], STOP_ON_FAILURE): Call Test Case 'Test Cases/mobileWeb/_include/get_screenshot' successfully

2019-10-24 08:12:06 - [TEST_CASE][PASSED] - Test Cases/mobileWeb/_include/get_screenshot: Test Cases/mobileWeb/_include/get_screenshot

2019-10-24 08:12:06 - [TEST_STEP][PASSED] - takeScreenshot(screenPath + i + ".png"): Taking screenshot successfully

2019-10-24 08:12:07 - [MESSAGE][PASSED] - Taking screenshot successfully
[[ATTACHMENT|D:\\Test\\AgileTest\\Reports\\mobileWeb\\stm\\20191024_080031\\../Screenshots/iPhone 6/stm/Everest/20191024_081153/2.png]]

2019-10-24 08:12:07 - [TEST_STEP][PASSED] - (internal.GlobalVariable.i++): null

2019-10-24 08:12:07 - [MESSAGE][PASSED] - Call Test Case 'Test Cases/mobileWeb/_include/get_screenshot' successfully

2019-10-24 08:12:07 - [TEST_STEP][PASSED] - Thread.sleep(1000): null

2019-10-24 08:12:08 - [MESSAGE][PASSED] - Call Test Case 'Test Cases/mobileWeb/_include/census_stm' successfully

2019-10-24 08:12:08 - [TEST_STEP][PASSED] - callTestCase(findTestCase("mobileWeb/_include/filter_stm"), ["carrier":"everest-one"], STOP_ON_FAILURE): Call Test Case 'Test Cases/mobileWeb/_include/filter_stm' successfully

2019-10-24 08:12:08 - [TEST_CASE][PASSED] - Test Cases/mobileWeb/_include/filter_stm: Test Cases/mobileWeb/_include/filter_stm

2019-10-24 08:12:08 - [TEST_STEP][PASSED] - driver = getWebDriver(): null

2019-10-24 08:12:08 - [TEST_STEP][PASSED] - selenium = new com.thoughtworks.selenium.webdriven.WebDriverBackedSelenium(driver, internal.GlobalVariable.ENV): null

2019-10-24 08:12:08 - [TEST_STEP][PASSED] - Thread.sleep(1000): null

2019-10-24 08:12:09 - [TEST_STEP][PASSED] - click(findTestObject("mobileSanity/STM/STM Quote Page/button_filters")): Object: 'Object Repository/mobileSanity/STM/STM Quote Page/button_filters' is clicked on

2019-10-24 08:12:09 - [MESSAGE][PASSED] - Object: 'Object Repository/mobileSanity/STM/STM Quote Page/button_filters' is clicked on

2019-10-24 08:12:09 - [TEST_STEP][PASSED] - Thread.sleep(1000): null

2019-10-24 08:12:10 - [TEST_STEP][PASSED] - click(findTestObject("mobileSanity/STM/STM Quote Page/i_Insurance company")): Object: 'Object Repository/mobileSanity/STM/STM Quote Page/i_Insurance company' is clicked on

2019-10-24 08:12:10 - [MESSAGE][PASSED] - Object: 'Object Repository/mobileSanity/STM/STM Quote Page/i_Insurance company' is clicked on

2019-10-24 08:12:10 - [TEST_STEP][PASSED] - Thread.sleep(1000): null

2019-10-24 08:12:11 - [TEST_STEP][PASSED] - filter_carrier = "//input[@name='filter[carrier]' and @value='" + carrier + "']/following::label": null

2019-10-24 08:12:11 - [TEST_STEP][PASSED] - println(filter_carrier): null

2019-10-24 08:12:11 - [TEST_STEP][PASSED] - test.MobileKeywords.clickJS_ByXpath(filter_carrier): test.MobileKeywords.clickJS_ByXpath is PASSED

2019-10-24 08:12:11 - [MESSAGE][PASSED] - Execute JavaScript 'arguments[0].click()' successfully

2019-10-24 08:12:11 - [MESSAGE][PASSED] - test.MobileKeywords.clickJS_ByXpath is PASSED

2019-10-24 08:12:11 - [TEST_STEP][PASSED] - Thread.sleep(1000): null

2019-10-24 08:12:12 - [TEST_STEP][PASSED] - scrollToElement(findTestObject("mobileSanity/STM/STM Quote Page/a_Show Plans"), 1000): Scroll to object 'Object Repository/mobileSanity/STM/STM Quote Page/a_Show Plans' successfully

2019-10-24 08:12:13 - [MESSAGE][PASSED] - Scroll to object 'Object Repository/mobileSanity/STM/STM Quote Page/a_Show Plans' successfully

2019-10-24 08:12:13 - [TEST_STEP][PASSED] - click(findTestObject("mobileSanity/STM/STM Quote Page/a_Show Plans")): Object: 'Object Repository/mobileSanity/STM/STM Quote Page/a_Show Plans' is clicked on

2019-10-24 08:12:13 - [MESSAGE][PASSED] - Object: 'Object Repository/mobileSanity/STM/STM Quote Page/a_Show Plans' is clicked on

2019-10-24 08:12:13 - [TEST_STEP][PASSED] - waitForJQueryLoad(20, STOP_ON_FAILURE): jQuery is ready.

2019-10-24 08:12:13 - [MESSAGE][PASSED] - jQuery is ready.

2019-10-24 08:12:13 - [TEST_STEP][PASSED] - Thread.sleep(2000): null

2019-10-24 08:12:15 - [TEST_STEP][PASSED] - callTestCase(findTestCase("mobileWeb/_include/get_screenshot"), [:], STOP_ON_FAILURE): Call Test Case 'Test Cases/mobileWeb/_include/get_screenshot' successfully

2019-10-24 08:12:15 - [TEST_CASE][PASSED] - Test Cases/mobileWeb/_include/get_screenshot: Test Cases/mobileWeb/_include/get_screenshot

2019-10-24 08:12:15 - [TEST_STEP][PASSED] - takeScreenshot(screenPath + i + ".png"): Taking screenshot successfully

2019-10-24 08:12:15 - [MESSAGE][PASSED] - Taking screenshot successfully
[[ATTACHMENT|D:\\Test\\AgileTest\\Reports\\mobileWeb\\stm\\20191024_080031\\../Screenshots/iPhone 6/stm/Everest/20191024_081153/3.png]]

2019-10-24 08:12:15 - [TEST_STEP][PASSED] - (internal.GlobalVariable.i++): null

2019-10-24 08:12:15 - [MESSAGE][PASSED] - Call Test Case 'Test Cases/mobileWeb/_include/get_screenshot' successfully

2019-10-24 08:12:15 - [MESSAGE][PASSED] - Call Test Case 'Test Cases/mobileWeb/_include/filter_stm' successfully

2019-10-24 08:12:15 - [TEST_STEP][PASSED] - callTestCase(findTestCase("mobileWeb/_include/goToDetail_stm"), ["carrier":"everest-one"], STOP_ON_FAILURE): Call Test Case 'Test Cases/mobileWeb/_include/goToDetail_stm' successfully

2019-10-24 08:12:15 - [TEST_CASE][PASSED] - Test Cases/mobileWeb/_include/goToDetail_stm: Test Cases/mobileWeb/_include/goToDetail_stm

2019-10-24 08:12:15 - [TEST_STEP][PASSED] - driver = getWebDriver(): null

2019-10-24 08:12:15 - [TEST_STEP][PASSED] - selenium = new com.thoughtworks.selenium.webdriven.WebDriverBackedSelenium(driver, internal.GlobalVariable.ENV): null

2019-10-24 08:12:15 - [TEST_STEP][PASSED] - a_plan_name = "xpath=//a[contains(@href,'/term-health-insurance/plan/" + carrier + "')]": null

2019-10-24 08:12:15 - [TEST_STEP][PASSED] - println(a_plan_name): null

2019-10-24 08:12:15 - [TEST_STEP][PASSED] - selenium.click(a_plan_name): null

2019-10-24 08:12:17 - [TEST_STEP][PASSED] - waitForPageLoad(20): Wait for page load successfully

2019-10-24 08:12:17 - [MESSAGE][PASSED] - Wait for page load successfully

2019-10-24 08:12:17 - [TEST_STEP][PASSED] - Thread.sleep(2000): null

2019-10-24 08:12:19 - [TEST_STEP][PASSED] - callTestCase(findTestCase("mobileWeb/_include/get_screenshot"), [:], STOP_ON_FAILURE): Call Test Case 'Test Cases/mobileWeb/_include/get_screenshot' successfully

2019-10-24 08:12:19 - [TEST_CASE][PASSED] - Test Cases/mobileWeb/_include/get_screenshot: Test Cases/mobileWeb/_include/get_screenshot

2019-10-24 08:12:19 - [TEST_STEP][PASSED] - takeScreenshot(screenPath + i + ".png"): Taking screenshot successfully

2019-10-24 08:12:19 - [MESSAGE][PASSED] - Taking screenshot successfully
[[ATTACHMENT|D:\\Test\\AgileTest\\Reports\\mobileWeb\\stm\\20191024_080031\\../Screenshots/iPhone 6/stm/Everest/20191024_081153/4.png]]

2019-10-24 08:12:19 - [TEST_STEP][PASSED] - (internal.GlobalVariable.i++): null

2019-10-24 08:12:19 - [MESSAGE][PASSED] - Call Test Case 'Test Cases/mobileWeb/_include/get_screenshot' successfully

2019-10-24 08:12:19 - [MESSAGE][PASSED] - Call Test Case 'Test Cases/mobileWeb/_include/goToDetail_stm' successfully

2019-10-24 08:12:19 - [TEST_STEP][PASSED] - callTestCase(findTestCase("mobileWeb/_include/apply_stm"), [:], STOP_ON_FAILURE): Call Test Case 'Test Cases/mobileWeb/_include/apply_stm' successfully

2019-10-24 08:12:19 - [TEST_CASE][PASSED] - Test Cases/mobileWeb/_include/apply_stm: Test Cases/mobileWeb/_include/apply_stm

2019-10-24 08:12:19 - [TEST_STEP][PASSED] - waitForElementVisible(findTestObject("mobileSanity/STM/STM PlanDetail Page/a_Apply for This Plan"), 5): Object 'Object Repository/mobileSanity/STM/STM PlanDetail Page/a_Apply for This Plan' is visible

2019-10-24 08:12:20 - [MESSAGE][PASSED] - Object 'Object Repository/mobileSanity/STM/STM PlanDetail Page/a_Apply for This Plan' is visible

2019-10-24 08:12:20 - [TEST_STEP][PASSED] - click(findTestObject("mobileSanity/STM/STM PlanDetail Page/a_Apply for This Plan")): Object: 'Object Repository/mobileSanity/STM/STM PlanDetail Page/a_Apply for This Plan' is clicked on

2019-10-24 08:12:20 - [MESSAGE][PASSED] - Object: 'Object Repository/mobileSanity/STM/STM PlanDetail Page/a_Apply for This Plan' is clicked on

2019-10-24 08:12:20 - [TEST_STEP][PASSED] - waitForPageLoad(10): Wait for page load successfully

2019-10-24 08:12:20 - [MESSAGE][PASSED] - Wait for page load successfully

2019-10-24 08:12:20 - [TEST_STEP][PASSED] - Thread.sleep(2000): null

2019-10-24 08:12:22 - [TEST_STEP][PASSED] - callTestCase(findTestCase("mobileWeb/_include/get_screenshot"), [:], STOP_ON_FAILURE): Call Test Case 'Test Cases/mobileWeb/_include/get_screenshot' successfully

2019-10-24 08:12:22 - [TEST_CASE][PASSED] - Test Cases/mobileWeb/_include/get_screenshot: Test Cases/mobileWeb/_include/get_screenshot

2019-10-24 08:12:22 - [TEST_STEP][PASSED] - takeScreenshot(screenPath + i + ".png"): Taking screenshot successfully

2019-10-24 08:12:23 - [MESSAGE][PASSED] - Taking screenshot successfully
[[ATTACHMENT|D:\\Test\\AgileTest\\Reports\\mobileWeb\\stm\\20191024_080031\\../Screenshots/iPhone 6/stm/Everest/20191024_081153/5.png]]

2019-10-24 08:12:23 - [TEST_STEP][PASSED] - (internal.GlobalVariable.i++): null

2019-10-24 08:12:23 - [MESSAGE][PASSED] - Call Test Case 'Test Cases/mobileWeb/_include/get_screenshot' successfully

2019-10-24 08:12:23 - [TEST_STEP][PASSED] - waitForElementVisible(findTestObject("mobileSanity/STM/STM Apply Page/a_Start Secure Application"), 5): Object 'Object Repository/mobileSanity/STM/STM Apply Page/a_Start Secure Application' is visible

2019-10-24 08:12:23 - [MESSAGE][PASSED] - Object 'Object Repository/mobileSanity/STM/STM Apply Page/a_Start Secure Application' is visible

2019-10-24 08:12:23 - [TEST_STEP][PASSED] - click(findTestObject("mobileSanity/STM/STM Apply Page/a_Start Secure Application")): Object: 'Object Repository/mobileSanity/STM/STM Apply Page/a_Start Secure Application' is clicked on

2019-10-24 08:12:24 - [MESSAGE][PASSED] - Object: 'Object Repository/mobileSanity/STM/STM Apply Page/a_Start Secure Application' is clicked on

2019-10-24 08:12:24 - [TEST_STEP][PASSED] - waitForPageLoad(20): Wait for page load successfully

2019-10-24 08:12:25 - [MESSAGE][PASSED] - Wait for page load successfully

2019-10-24 08:12:25 - [TEST_STEP][PASSED] - Thread.sleep(2000): null

2019-10-24 08:12:27 - [TEST_STEP][PASSED] - callTestCase(findTestCase("mobileWeb/_include/get_screenshot"), [:], STOP_ON_FAILURE): Call Test Case 'Test Cases/mobileWeb/_include/get_screenshot' successfully

2019-10-24 08:12:27 - [TEST_CASE][PASSED] - Test Cases/mobileWeb/_include/get_screenshot: Test Cases/mobileWeb/_include/get_screenshot

2019-10-24 08:12:27 - [TEST_STEP][PASSED] - takeScreenshot(screenPath + i + ".png"): Taking screenshot successfully

2019-10-24 08:12:27 - [MESSAGE][PASSED] - Taking screenshot successfully
[[ATTACHMENT|D:\\Test\\AgileTest\\Reports\\mobileWeb\\stm\\20191024_080031\\../Screenshots/iPhone 6/stm/Everest/20191024_081153/6.png]]

2019-10-24 08:12:27 - [TEST_STEP][PASSED] - (internal.GlobalVariable.i++): null

2019-10-24 08:12:27 - [MESSAGE][PASSED] - Call Test Case 'Test Cases/mobileWeb/_include/get_screenshot' successfully

2019-10-24 08:12:27 - [MESSAGE][PASSED] - Call Test Case 'Test Cases/mobileWeb/_include/apply_stm' successfully

2019-10-24 08:12:27 - [TEST_STEP][PASSED] - callTestCase(findTestCase("mobileWeb/_include/goToEnd_stm_autofill"), [:], STOP_ON_FAILURE): Call Test Case 'Test Cases/mobileWeb/_include/goToEnd_stm_autofill' successfully

2019-10-24 08:12:27 - [TEST_CASE][PASSED] - Test Cases/mobileWeb/_include/goToEnd_stm_autofill: Test Cases/mobileWeb/_include/goToEnd_stm_autofill

2019-10-24 08:12:27 - [TEST_STEP][PASSED] - callTestCase(findTestCase("mobileWeb/_include/name"), [:], CONTINUE_ON_FAILURE): Call Test Case 'Test Cases/mobileWeb/_include/name' successfully

2019-10-24 08:12:27 - [TEST_CASE][PASSED] - Test Cases/mobileWeb/_include/name: Test Cases/mobileWeb/_include/name

2019-10-24 08:12:27 - [TEST_STEP][PASSED] - driver = getWebDriver(): null

2019-10-24 08:12:27 - [TEST_STEP][PASSED] - selenium = new com.thoughtworks.selenium.webdriven.WebDriverBackedSelenium(driver, internal.GlobalVariable.ENV): null

2019-10-24 08:12:27 - [TEST_STEP][PASSED] - FirstName = "Test-123": null

2019-10-24 08:12:27 - [TEST_STEP][PASSED] - LastName = selenium.getEval("{var x="ABCDEFGHIJKLMNOPQRSTUVWXYZabcdefghijklmnopqrstuvwxyz"; var tmp="ZZ11-"; for (i=0;i<8;i++) tmp+=x.charAt(Math.ceil(51*Math.random()));tmp;}"): null

2019-10-24 08:12:27 - [TEST_STEP][PASSED] - Address = selenium.getEval("{var x="ABCDEFGHIJKLMNOPQRSTUVWXYZabcdefghijklmnopqrstuvwxyz"; var tmp=""; for (i=0;i<8;i++) tmp+=x.charAt(Math.ceil(51*Math.random()));tmp;}"): null

2019-10-24 08:12:27 - [TEST_STEP][PASSED] - City = selenium.getEval("{var x="ABCDEFGHIJKLMNOPQRSTUVWXYZabcdefghijklmnopqrstuvwxyz"; var tmp=""; for (i=0;i<8;i++) tmp+=x.charAt(Math.ceil(51*Math.random()));tmp;}"): null

2019-10-24 08:12:27 - [TEST_STEP][PASSED] - tel1 = selenium.getEval("{var x="123456789"; var tmp=""; for (i=0;i<3;i++) tmp+=x.charAt(Math.ceil(8*Math.random()));tmp;}"): null

2019-10-24 08:12:27 - [TEST_STEP][PASSED] - tel2 = selenium.getEval("{var x="123456789"; var tmp=""; for (i=0;i<3;i++) tmp+=x.charAt(Math.ceil(8*Math.random()));tmp;}"): null

2019-10-24 08:12:27 - [TEST_STEP][PASSED] - tel3 = selenium.getEval("{var x="123456789"; var tmp=""; for (i=0;i<4;i++) tmp+=x.charAt(Math.ceil(8*Math.random()));tmp;}"): null

2019-10-24 08:12:27 - [TEST_STEP][PASSED] - Tel = selenium.getExpression(tel1 + "-" + tel2 + "-" + tel3): null

2019-10-24 08:12:27 - [TEST_STEP][PASSED] - AutoEmail = selenium.getEval("{var x="ABCDEFGHIJKLMNOPQRSTUVWXYZabcdefghijklmnopqrstuvwxyz"; var tmp="test."; for (i=0;i<8;i++) tmp+=x.charAt(Math.ceil(51*Math.random()));tmp+="@suryani.cn";}"): null

2019-10-24 08:12:27 - [TEST_STEP][PASSED] - FirstName = FirstName: null

2019-10-24 08:12:27 - [TEST_STEP][PASSED] - LastName = LastName: null

2019-10-24 08:12:27 - [TEST_STEP][PASSED] - Address = Address: null

2019-10-24 08:12:27 - [TEST_STEP][PASSED] - City = City: null

2019-10-24 08:12:27 - [TEST_STEP][PASSED] - Tel = Tel: null

2019-10-24 08:12:27 - [TEST_STEP][PASSED] - AutoEmail = AutoEmail: null

2019-10-24 08:12:27 - [TEST_STEP][PASSED] - println(FirstName): null

2019-10-24 08:12:27 - [TEST_STEP][PASSED] - println(LastName): null

2019-10-24 08:12:27 - [TEST_STEP][PASSED] - println(Address): null

2019-10-24 08:12:27 - [TEST_STEP][PASSED] - println(City): null

2019-10-24 08:12:27 - [TEST_STEP][PASSED] - println(Tel): null

2019-10-24 08:12:27 - [TEST_STEP][PASSED] - println(AutoEmail): null

2019-10-24 08:12:27 - [MESSAGE][PASSED] - Call Test Case 'Test Cases/mobileWeb/_include/name' successfully

2019-10-24 08:12:27 - [TEST_STEP][FAILED] - try: Unable to verify text 'Month Duration Acknowledgement' is present  (Root cause: com.kms.katalon.core.exception.StepFailedException: Text 'Month Duration Acknowledgement' is not present on page )

2019-10-24 08:12:27 - [TEST_STEP][FAILED] - if (verifyTextPresent("Month Duration Acknowledgement", false)): Unable to verify text 'Month Duration Acknowledgement' is present  (Root cause: com.kms.katalon.core.exception.StepFailedException: Text 'Month Duration Acknowledgement' is not present on page )

2019-10-24 08:12:27 - [MESSAGE][FAILED] - Text 'Month Duration Acknowledgement' is not present on page 

2019-10-24 08:12:28 - [MESSAGE][FAILED] - Unable to verify text 'Month Duration Acknowledgement' is present  (Root cause: com.kms.katalon.core.exception.StepFailedException: Text 'Month Duration Acknowledgement' is not present on page )
[[ATTACHMENT|D:\\Test\\AgileTest\\Reports\\mobileWeb\\stm\\20191024_080031\\1571919147862.png]]

2019-10-24 08:12:28 - [TEST_STEP][PASSED] - catch (Exception e): null

2019-10-24 08:12:28 - [TEST_STEP][PASSED] - println("no consecutive"): null

2019-10-24 08:12:28 - [TEST_STEP][PASSED] - waitForPageLoad(10): Wait for page load successfully

2019-10-24 08:12:28 - [MESSAGE][PASSED] - Wait for page load successfully

2019-10-24 08:12:28 - [TEST_STEP][PASSED] - Thread.sleep(3000): null

2019-10-24 08:12:31 - [TEST_STEP][PASSED] - waitForElementVisible(findTestObject("mobileSanity/STM/Page_App Page 1/a_Autofill App Info"), 20): Object 'Object Repository/mobileSanity/STM/Page_App Page 1/a_Autofill App Info' is visible

2019-10-24 08:12:31 - [MESSAGE][PASSED] - Object 'Object Repository/mobileSanity/STM/Page_App Page 1/a_Autofill App Info' is visible

2019-10-24 08:12:31 - [TEST_STEP][PASSED] - click(findTestObject("mobileSanity/STM/Page_App Page 1/a_Autofill App Info")): Object: 'Object Repository/mobileSanity/STM/Page_App Page 1/a_Autofill App Info' is clicked on

2019-10-24 08:12:31 - [MESSAGE][PASSED] - Object: 'Object Repository/mobileSanity/STM/Page_App Page 1/a_Autofill App Info' is clicked on

2019-10-24 08:12:31 - [TEST_STEP][PASSED] - Thread.sleep(1000): null

2019-10-24 08:12:32 - [TEST_STEP][PASSED] - click(findTestObject("mobileSanity/STM/Page_App Page 1/a_Autofill App Info")): Object: 'Object Repository/mobileSanity/STM/Page_App Page 1/a_Autofill App Info' is clicked on

2019-10-24 08:12:32 - [MESSAGE][PASSED] - Object: 'Object Repository/mobileSanity/STM/Page_App Page 1/a_Autofill App Info' is clicked on

2019-10-24 08:12:32 - [TEST_STEP][PASSED] - Thread.sleep(1000): null

2019-10-24 08:12:33 - [TEST_STEP][PASSED] - waitForElementVisible(findTestObject("mobileSanity/STM/Page_App Page 1/a_Continue"), 20): Object 'Object Repository/mobileSanity/STM/Page_App Page 1/a_Continue' is visible

2019-10-24 08:12:33 - [MESSAGE][PASSED] - Object 'Object Repository/mobileSanity/STM/Page_App Page 1/a_Continue' is visible

2019-10-24 08:12:33 - [TEST_STEP][PASSED] - click(findTestObject("mobileSanity/STM/Page_App Page 1/a_Continue")): Object: 'Object Repository/mobileSanity/STM/Page_App Page 1/a_Continue' is clicked on

2019-10-24 08:12:33 - [MESSAGE][PASSED] - Object: 'Object Repository/mobileSanity/STM/Page_App Page 1/a_Continue' is clicked on

2019-10-24 08:12:33 - [TEST_STEP][PASSED] - waitForPageLoad(20): Wait for page load successfully

2019-10-24 08:12:33 - [MESSAGE][PASSED] - Wait for page load successfully

2019-10-24 08:12:33 - [TEST_STEP][PASSED] - Thread.sleep(2000): null

2019-10-24 08:12:35 - [TEST_STEP][PASSED] - callTestCase(findTestCase("mobileWeb/_include/get_screenshot"), [:], STOP_ON_FAILURE): Call Test Case 'Test Cases/mobileWeb/_include/get_screenshot' successfully

2019-10-24 08:12:35 - [TEST_CASE][PASSED] - Test Cases/mobileWeb/_include/get_screenshot: Test Cases/mobileWeb/_include/get_screenshot

2019-10-24 08:12:35 - [TEST_STEP][PASSED] - takeScreenshot(screenPath + i + ".png"): Taking screenshot successfully

2019-10-24 08:12:36 - [MESSAGE][PASSED] - Taking screenshot successfully
[[ATTACHMENT|D:\\Test\\AgileTest\\Reports\\mobileWeb\\stm\\20191024_080031\\../Screenshots/iPhone 6/stm/Everest/20191024_081153/7.png]]

2019-10-24 08:12:36 - [TEST_STEP][PASSED] - (internal.GlobalVariable.i++): null

2019-10-24 08:12:36 - [MESSAGE][PASSED] - Call Test Case 'Test Cases/mobileWeb/_include/get_screenshot' successfully

2019-10-24 08:12:36 - [TEST_STEP][PASSED] - click(findTestObject("mobileSanity/STM/Page_App Page 2/a_Continue to Step 3 - Payment")): Object: 'Object Repository/mobileSanity/STM/Page_App Page 2/a_Continue to Step 3 - Payment' is clicked on

2019-10-24 08:12:36 - [MESSAGE][PASSED] - Object: 'Object Repository/mobileSanity/STM/Page_App Page 2/a_Continue to Step 3 - Payment' is clicked on

2019-10-24 08:12:36 - [TEST_STEP][PASSED] - waitForPageLoad(20): Wait for page load successfully

2019-10-24 08:12:36 - [MESSAGE][PASSED] - Wait for page load successfully

2019-10-24 08:12:36 - [TEST_STEP][PASSED] - waitForElementVisible(findTestObject("mobileSanity/STM/Page_App Page 3/input__credit-card-cvv"), 20): Object 'Object Repository/mobileSanity/STM/Page_App Page 3/input__credit-card-cvv' is visible

2019-10-24 08:12:36 - [MESSAGE][PASSED] - Object 'Object Repository/mobileSanity/STM/Page_App Page 3/input__credit-card-cvv' is visible

2019-10-24 08:12:36 - [TEST_STEP][PASSED] - Thread.sleep(2000): null

2019-10-24 08:12:38 - [TEST_STEP][PASSED] - callTestCase(findTestCase("mobileWeb/_include/get_screenshot"), [:], STOP_ON_FAILURE): Call Test Case 'Test Cases/mobileWeb/_include/get_screenshot' successfully

2019-10-24 08:12:38 - [TEST_CASE][PASSED] - Test Cases/mobileWeb/_include/get_screenshot: Test Cases/mobileWeb/_include/get_screenshot

2019-10-24 08:12:38 - [TEST_STEP][PASSED] - takeScreenshot(screenPath + i + ".png"): Taking screenshot successfully

2019-10-24 08:12:39 - [MESSAGE][PASSED] - Taking screenshot successfully
[[ATTACHMENT|D:\\Test\\AgileTest\\Reports\\mobileWeb\\stm\\20191024_080031\\../Screenshots/iPhone 6/stm/Everest/20191024_081153/8.png]]

2019-10-24 08:12:39 - [TEST_STEP][PASSED] - (internal.GlobalVariable.i++): null

2019-10-24 08:12:39 - [MESSAGE][PASSED] - Call Test Case 'Test Cases/mobileWeb/_include/get_screenshot' successfully

2019-10-24 08:12:39 - [TEST_STEP][PASSED] - clearText(findTestObject("mobileSanity/STM/Page_App Page 3/input__credit-card-cvv")): Text of object 'Object Repository/mobileSanity/STM/Page_App Page 3/input__credit-card-cvv' is cleared

2019-10-24 08:12:39 - [MESSAGE][PASSED] - Text of object 'Object Repository/mobileSanity/STM/Page_App Page 3/input__credit-card-cvv' is cleared

2019-10-24 08:12:39 - [TEST_STEP][PASSED] - setText(findTestObject("mobileSanity/STM/Page_App Page 3/input__credit-card-cvv"), "123"): Text '123' is set on object 'Object Repository/mobileSanity/STM/Page_App Page 3/input__credit-card-cvv'

2019-10-24 08:12:39 - [MESSAGE][PASSED] - Text '123' is set on object 'Object Repository/mobileSanity/STM/Page_App Page 3/input__credit-card-cvv'

2019-10-24 08:12:39 - [TEST_STEP][PASSED] - click(findTestObject("mobileSanity/STM/Page_App Page 3/label_I Accept Authorization f")): Object: 'Object Repository/mobileSanity/STM/Page_App Page 3/label_I Accept Authorization f' is clicked on

2019-10-24 08:12:39 - [MESSAGE][PASSED] - Object: 'Object Repository/mobileSanity/STM/Page_App Page 3/label_I Accept Authorization f' is clicked on

2019-10-24 08:12:39 - [TEST_STEP][PASSED] - click(findTestObject("mobileSanity/STM/Page_App Page 3/a_Continue to Step 4 - Review")): Object: 'Object Repository/mobileSanity/STM/Page_App Page 3/a_Continue to Step 4 - Review' is clicked on

2019-10-24 08:12:39 - [MESSAGE][PASSED] - Object: 'Object Repository/mobileSanity/STM/Page_App Page 3/a_Continue to Step 4 - Review' is clicked on

2019-10-24 08:12:39 - [TEST_STEP][PASSED] - waitForPageLoad(10): Wait for page load successfully

2019-10-24 08:12:39 - [MESSAGE][PASSED] - Wait for page load successfully

2019-10-24 08:12:39 - [TEST_STEP][PASSED] - waitForElementClickable(findTestObject("mobileSanity/STM/Page_App Page 4/label"), 10): Object 'Object Repository/mobileSanity/STM/Page_App Page 4/label' is clickable

2019-10-24 08:12:40 - [MESSAGE][PASSED] - Object 'Object Repository/mobileSanity/STM/Page_App Page 4/label' is clickable

2019-10-24 08:12:40 - [TEST_STEP][PASSED] - Thread.sleep(2000): null

2019-10-24 08:12:42 - [TEST_STEP][PASSED] - callTestCase(findTestCase("mobileWeb/_include/get_screenshot"), [:], STOP_ON_FAILURE): Call Test Case 'Test Cases/mobileWeb/_include/get_screenshot' successfully

2019-10-24 08:12:42 - [TEST_CASE][PASSED] - Test Cases/mobileWeb/_include/get_screenshot: Test Cases/mobileWeb/_include/get_screenshot

2019-10-24 08:12:42 - [TEST_STEP][PASSED] - takeScreenshot(screenPath + i + ".png"): Taking screenshot successfully

2019-10-24 08:12:42 - [MESSAGE][PASSED] - Taking screenshot successfully
[[ATTACHMENT|D:\\Test\\AgileTest\\Reports\\mobileWeb\\stm\\20191024_080031\\../Screenshots/iPhone 6/stm/Everest/20191024_081153/9.png]]

2019-10-24 08:12:42 - [TEST_STEP][PASSED] - (internal.GlobalVariable.i++): null

2019-10-24 08:12:42 - [MESSAGE][PASSED] - Call Test Case 'Test Cases/mobileWeb/_include/get_screenshot' successfully

2019-10-24 08:12:42 - [TEST_STEP][PASSED] - click(findTestObject("mobileSanity/STM/Page_App Page 4/label")): Object: 'Object Repository/mobileSanity/STM/Page_App Page 4/label' is clicked on

2019-10-24 08:12:42 - [MESSAGE][PASSED] - Object: 'Object Repository/mobileSanity/STM/Page_App Page 4/label' is clicked on

2019-10-24 08:12:42 - [TEST_STEP][PASSED] - click(findTestObject("mobileSanity/STM/Page_App Page 4/div_CLICK TO SIGN")): Object: 'Object Repository/mobileSanity/STM/Page_App Page 4/div_CLICK TO SIGN' is clicked on

2019-10-24 08:12:42 - [MESSAGE][PASSED] - Object: 'Object Repository/mobileSanity/STM/Page_App Page 4/div_CLICK TO SIGN' is clicked on

2019-10-24 08:12:42 - [TEST_STEP][PASSED] - click(findTestObject("mobileSanity/STM/Page_App Page 4/a_Submit Your Application")): Object: 'Object Repository/mobileSanity/STM/Page_App Page 4/a_Submit Your Application' is clicked on

2019-10-24 08:12:42 - [MESSAGE][PASSED] - Object: 'Object Repository/mobileSanity/STM/Page_App Page 4/a_Submit Your Application' is clicked on

2019-10-24 08:12:42 - [TEST_STEP][PASSED] - Thread.sleep(30000): null

2019-10-24 08:13:12 - [TEST_STEP][PASSED] - waitForElementPresent(findTestObject("mobileSanity/STM/Page_App Page 6/app-page-wrapper"), 20): Object 'Object Repository/mobileSanity/STM/Page_App Page 6/app-page-wrapper' is present

2019-10-24 08:13:12 - [MESSAGE][PASSED] - Object 'Object Repository/mobileSanity/STM/Page_App Page 6/app-page-wrapper' is present

2019-10-24 08:13:12 - [TEST_STEP][PASSED] - callTestCase(findTestCase("mobileWeb/_include/get_screenshot"), [:], STOP_ON_FAILURE): Call Test Case 'Test Cases/mobileWeb/_include/get_screenshot' successfully

2019-10-24 08:13:12 - [TEST_CASE][PASSED] - Test Cases/mobileWeb/_include/get_screenshot: Test Cases/mobileWeb/_include/get_screenshot

2019-10-24 08:13:12 - [TEST_STEP][PASSED] - takeScreenshot(screenPath + i + ".png"): Taking screenshot successfully

2019-10-24 08:13:13 - [MESSAGE][PASSED] - Taking screenshot successfully
[[ATTACHMENT|D:\\Test\\AgileTest\\Reports\\mobileWeb\\stm\\20191024_080031\\../Screenshots/iPhone 6/stm/Everest/20191024_081153/10.png]]

2019-10-24 08:13:13 - [TEST_STEP][PASSED] - (internal.GlobalVariable.i++): null

2019-10-24 08:13:13 - [MESSAGE][PASSED] - Call Test Case 'Test Cases/mobileWeb/_include/get_screenshot' successfully

2019-10-24 08:13:13 - [MESSAGE][PASSED] - Call Test Case 'Test Cases/mobileWeb/_include/goToEnd_stm_autofill' successfully]]></system-out>
         <system-err><![CDATA[]]></system-err>
      </testcase>
      <testcase name="Test Cases/mobileWeb/stm/Everest Prime" classname="Test Cases/mobileWeb/stm/Everest Prime" status="PASSED">
         <system-out><![CDATA[2019-10-24 08:13:13 - [TEST_CASE][PASSED] - Test Cases/mobileWeb/stm/Everest Prime: Test Cases/mobileWeb/stm/Everest Prime

2019-10-24 08:13:13 - [TEST_STEP][PASSED] - callTestCase(findTestCase("mobileWeb/_include/get_screenPath"), ["productLine":"stm", "carrierName":"Everest Prime"], CONTINUE_ON_FAILURE): Call Test Case 'Test Cases/mobileWeb/_include/get_screenPath' successfully

2019-10-24 08:13:13 - [TEST_CASE][PASSED] - Test Cases/mobileWeb/_include/get_screenPath: Test Cases/mobileWeb/_include/get_screenPath

2019-10-24 08:13:13 - [TEST_STEP][PASSED] - m = getExecutionProperties(): null

2019-10-24 08:13:13 - [TEST_STEP][PASSED] - deviceName = get("mobileEmulation").get("deviceName"): null

2019-10-24 08:13:13 - [TEST_STEP][PASSED] - println(deviceName): null

2019-10-24 08:13:13 - [TEST_STEP][PASSED] - now = new java.util.Date(): null

2019-10-24 08:13:13 - [TEST_STEP][PASSED] - mydate = now.format("yyyyMMdd_HHmmss"): null

2019-10-24 08:13:13 - [TEST_STEP][PASSED] - screenPath = "../Screenshots/": null

2019-10-24 08:13:13 - [TEST_STEP][PASSED] - screenPath = screenPath + deviceName + "/" + productLine + "/" + carrierName + "/" + mydate + "/": null

2019-10-24 08:13:13 - [TEST_STEP][PASSED] - println(screenPath): null

2019-10-24 08:13:13 - [MESSAGE][PASSED] - Call Test Case 'Test Cases/mobileWeb/_include/get_screenPath' successfully

2019-10-24 08:13:13 - [TEST_STEP][PASSED] - i = 0: null

2019-10-24 08:13:13 - [TEST_STEP][PASSED] - callTestCase(findTestCase("mobileWeb/_include/openWebSite"), [:], CONTINUE_ON_FAILURE): Call Test Case 'Test Cases/mobileWeb/_include/openWebSite' successfully

2019-10-24 08:13:13 - [TEST_CASE][PASSED] - Test Cases/mobileWeb/_include/openWebSite: Test Cases/mobileWeb/_include/openWebSite

2019-10-24 08:13:13 - [TEST_STEP][PASSED] - openBrowser(env): Browser is opened with url: 'https://praetemptatus.agilehealthinsurance.com'

2019-10-24 08:13:13 - [MESSAGE][WARNING] - A browser is already opened. Closing browser and opening a new one

2019-10-24 08:13:14 - [MESSAGE][INFO] - Starting 'Chrome' driver

2019-10-24 08:13:14 - [MESSAGE][INFO] - User set preference: ['mobileEmulation', '{deviceName=iPhone 6}']

2019-10-24 08:13:14 - [MESSAGE][INFO] - User set preference: ['args', '[--incognito, --aggressive-cache-discard, --window-size=375,677, --no-sandbox]']

2019-10-24 08:13:16 - [MESSAGE][PASSED] - Browser is opened with url: 'https://praetemptatus.agilehealthinsurance.com'

2019-10-24 08:13:16 - [TEST_STEP][PASSED] - waitForPageLoad(20): Wait for page load successfully

2019-10-24 08:13:16 - [MESSAGE][PASSED] - Wait for page load successfully

2019-10-24 08:13:16 - [TEST_STEP][PASSED] - Thread.sleep(2000): null

2019-10-24 08:13:18 - [TEST_STEP][PASSED] - callTestCase(findTestCase("mobileWeb/_include/get_screenshot"), [:], STOP_ON_FAILURE): Call Test Case 'Test Cases/mobileWeb/_include/get_screenshot' successfully

2019-10-24 08:13:18 - [TEST_CASE][PASSED] - Test Cases/mobileWeb/_include/get_screenshot: Test Cases/mobileWeb/_include/get_screenshot

2019-10-24 08:13:18 - [TEST_STEP][PASSED] - takeScreenshot(screenPath + i + ".png"): Taking screenshot successfully

2019-10-24 08:13:18 - [MESSAGE][PASSED] - Taking screenshot successfully
[[ATTACHMENT|D:\\Test\\AgileTest\\Reports\\mobileWeb\\stm\\20191024_080031\\../Screenshots/iPhone 6/stm/Everest Prime/20191024_081313/0.png]]

2019-10-24 08:13:18 - [TEST_STEP][PASSED] - (internal.GlobalVariable.i++): null

2019-10-24 08:13:18 - [MESSAGE][PASSED] - Call Test Case 'Test Cases/mobileWeb/_include/get_screenshot' successfully

2019-10-24 08:13:18 - [MESSAGE][PASSED] - Call Test Case 'Test Cases/mobileWeb/_include/openWebSite' successfully

2019-10-24 08:13:18 - [TEST_STEP][PASSED] - callTestCase(findTestCase("mobileWeb/_include/census_stm"), [:], CONTINUE_ON_FAILURE): Call Test Case 'Test Cases/mobileWeb/_include/census_stm' successfully

2019-10-24 08:13:18 - [TEST_CASE][PASSED] - Test Cases/mobileWeb/_include/census_stm: Test Cases/mobileWeb/_include/census_stm

2019-10-24 08:13:18 - [TEST_STEP][PASSED] - waitForElementClickable(findTestObject("mobileSanity/STM/Home Page/a_Quote  Save Today"), 10): Object 'Object Repository/mobileSanity/STM/Home Page/a_Quote  Save Today' is clickable

2019-10-24 08:13:18 - [MESSAGE][PASSED] - Object 'Object Repository/mobileSanity/STM/Home Page/a_Quote  Save Today' is clickable

2019-10-24 08:13:18 - [TEST_STEP][PASSED] - click(findTestObject("mobileSanity/STM/Home Page/a_Quote  Save Today")): Object: 'Object Repository/mobileSanity/STM/Home Page/a_Quote  Save Today' is clicked on

2019-10-24 08:13:19 - [MESSAGE][PASSED] - Object: 'Object Repository/mobileSanity/STM/Home Page/a_Quote  Save Today' is clicked on

2019-10-24 08:13:19 - [TEST_STEP][PASSED] - waitForPageLoad(10): Wait for page load successfully

2019-10-24 08:13:19 - [MESSAGE][PASSED] - Wait for page load successfully

2019-10-24 08:13:19 - [TEST_STEP][PASSED] - callTestCase(findTestCase("mobileWeb/_include/get_screenshot"), [:], STOP_ON_FAILURE): Call Test Case 'Test Cases/mobileWeb/_include/get_screenshot' successfully

2019-10-24 08:13:19 - [TEST_CASE][PASSED] - Test Cases/mobileWeb/_include/get_screenshot: Test Cases/mobileWeb/_include/get_screenshot

2019-10-24 08:13:19 - [TEST_STEP][PASSED] - takeScreenshot(screenPath + i + ".png"): Taking screenshot successfully

2019-10-24 08:13:20 - [MESSAGE][PASSED] - Taking screenshot successfully
[[ATTACHMENT|D:\\Test\\AgileTest\\Reports\\mobileWeb\\stm\\20191024_080031\\../Screenshots/iPhone 6/stm/Everest Prime/20191024_081313/1.png]]

2019-10-24 08:13:20 - [TEST_STEP][PASSED] - (internal.GlobalVariable.i++): null

2019-10-24 08:13:20 - [MESSAGE][PASSED] - Call Test Case 'Test Cases/mobileWeb/_include/get_screenshot' successfully

2019-10-24 08:13:20 - [TEST_STEP][PASSED] - setText(findTestObject("mobileSanity/STM/STM Census Page/input_Location_zip-input"), zipcode): Text '35215' is set on object 'Object Repository/mobileSanity/STM/STM Census Page/input_Location_zip-input'

2019-10-24 08:13:20 - [MESSAGE][PASSED] - Text '35215' is set on object 'Object Repository/mobileSanity/STM/STM Census Page/input_Location_zip-input'

2019-10-24 08:13:20 - [TEST_STEP][PASSED] - Thread.sleep(500): null

2019-10-24 08:13:20 - [TEST_STEP][PASSED] - setText(findTestObject("mobileSanity/STM/STM Census Page/input_Date of Birth_dob-0"), "03031987"): Text '03031987' is set on object 'Object Repository/mobileSanity/STM/STM Census Page/input_Date of Birth_dob-0'

2019-10-24 08:13:20 - [MESSAGE][PASSED] - Text '03031987' is set on object 'Object Repository/mobileSanity/STM/STM Census Page/input_Date of Birth_dob-0'

2019-10-24 08:13:20 - [TEST_STEP][PASSED] - click(findTestObject("mobileSanity/STM/STM Census Page/label_Male")): Object: 'Object Repository/mobileSanity/STM/STM Census Page/label_Male' is clicked on

2019-10-24 08:13:21 - [MESSAGE][PASSED] - Object: 'Object Repository/mobileSanity/STM/STM Census Page/label_Male' is clicked on

2019-10-24 08:13:21 - [TEST_STEP][PASSED] - click(findTestObject("mobileSanity/STM/STM Census Page/label_Compare Plans")): Object: 'Object Repository/mobileSanity/STM/STM Census Page/label_Compare Plans' is clicked on

2019-10-24 08:13:22 - [MESSAGE][PASSED] - Object: 'Object Repository/mobileSanity/STM/STM Census Page/label_Compare Plans' is clicked on

2019-10-24 08:13:22 - [TEST_STEP][PASSED] - waitForElementVisible(findTestObject("mobileSanity/STM/STM Quote Page/button_sort"), 20): Object 'Object Repository/mobileSanity/STM/STM Quote Page/button_sort' is visible

2019-10-24 08:13:23 - [MESSAGE][PASSED] - Object 'Object Repository/mobileSanity/STM/STM Quote Page/button_sort' is visible

2019-10-24 08:13:23 - [TEST_STEP][PASSED] - Thread.sleep(3000): null

2019-10-24 08:13:26 - [TEST_STEP][PASSED] - callTestCase(findTestCase("mobileWeb/_include/get_screenshot"), [:], STOP_ON_FAILURE): Call Test Case 'Test Cases/mobileWeb/_include/get_screenshot' successfully

2019-10-24 08:13:26 - [TEST_CASE][PASSED] - Test Cases/mobileWeb/_include/get_screenshot: Test Cases/mobileWeb/_include/get_screenshot

2019-10-24 08:13:26 - [TEST_STEP][PASSED] - takeScreenshot(screenPath + i + ".png"): Taking screenshot successfully

2019-10-24 08:13:26 - [MESSAGE][PASSED] - Taking screenshot successfully
[[ATTACHMENT|D:\\Test\\AgileTest\\Reports\\mobileWeb\\stm\\20191024_080031\\../Screenshots/iPhone 6/stm/Everest Prime/20191024_081313/2.png]]

2019-10-24 08:13:26 - [TEST_STEP][PASSED] - (internal.GlobalVariable.i++): null

2019-10-24 08:13:26 - [MESSAGE][PASSED] - Call Test Case 'Test Cases/mobileWeb/_include/get_screenshot' successfully

2019-10-24 08:13:26 - [TEST_STEP][PASSED] - Thread.sleep(1000): null

2019-10-24 08:13:27 - [MESSAGE][PASSED] - Call Test Case 'Test Cases/mobileWeb/_include/census_stm' successfully

2019-10-24 08:13:27 - [TEST_STEP][PASSED] - callTestCase(findTestCase("mobileWeb/_include/filter_stm"), ["carrier":"everest"], STOP_ON_FAILURE): Call Test Case 'Test Cases/mobileWeb/_include/filter_stm' successfully

2019-10-24 08:13:27 - [TEST_CASE][PASSED] - Test Cases/mobileWeb/_include/filter_stm: Test Cases/mobileWeb/_include/filter_stm

2019-10-24 08:13:27 - [TEST_STEP][PASSED] - driver = getWebDriver(): null

2019-10-24 08:13:27 - [TEST_STEP][PASSED] - selenium = new com.thoughtworks.selenium.webdriven.WebDriverBackedSelenium(driver, internal.GlobalVariable.ENV): null

2019-10-24 08:13:27 - [TEST_STEP][PASSED] - Thread.sleep(1000): null

2019-10-24 08:13:28 - [TEST_STEP][PASSED] - click(findTestObject("mobileSanity/STM/STM Quote Page/button_filters")): Object: 'Object Repository/mobileSanity/STM/STM Quote Page/button_filters' is clicked on

2019-10-24 08:13:28 - [MESSAGE][PASSED] - Object: 'Object Repository/mobileSanity/STM/STM Quote Page/button_filters' is clicked on

2019-10-24 08:13:28 - [TEST_STEP][PASSED] - Thread.sleep(1000): null

2019-10-24 08:13:29 - [TEST_STEP][PASSED] - click(findTestObject("mobileSanity/STM/STM Quote Page/i_Insurance company")): Object: 'Object Repository/mobileSanity/STM/STM Quote Page/i_Insurance company' is clicked on

2019-10-24 08:13:30 - [MESSAGE][PASSED] - Object: 'Object Repository/mobileSanity/STM/STM Quote Page/i_Insurance company' is clicked on

2019-10-24 08:13:30 - [TEST_STEP][PASSED] - Thread.sleep(1000): null

2019-10-24 08:13:31 - [TEST_STEP][PASSED] - filter_carrier = "//input[@name='filter[carrier]' and @value='" + carrier + "']/following::label": null

2019-10-24 08:13:31 - [TEST_STEP][PASSED] - println(filter_carrier): null

2019-10-24 08:13:31 - [TEST_STEP][PASSED] - test.MobileKeywords.clickJS_ByXpath(filter_carrier): test.MobileKeywords.clickJS_ByXpath is PASSED

2019-10-24 08:13:31 - [MESSAGE][PASSED] - Execute JavaScript 'arguments[0].click()' successfully

2019-10-24 08:13:31 - [MESSAGE][PASSED] - test.MobileKeywords.clickJS_ByXpath is PASSED

2019-10-24 08:13:31 - [TEST_STEP][PASSED] - Thread.sleep(1000): null

2019-10-24 08:13:32 - [TEST_STEP][PASSED] - scrollToElement(findTestObject("mobileSanity/STM/STM Quote Page/a_Show Plans"), 1000): Scroll to object 'Object Repository/mobileSanity/STM/STM Quote Page/a_Show Plans' successfully

2019-10-24 08:13:32 - [MESSAGE][PASSED] - Scroll to object 'Object Repository/mobileSanity/STM/STM Quote Page/a_Show Plans' successfully

2019-10-24 08:13:32 - [TEST_STEP][PASSED] - click(findTestObject("mobileSanity/STM/STM Quote Page/a_Show Plans")): Object: 'Object Repository/mobileSanity/STM/STM Quote Page/a_Show Plans' is clicked on

2019-10-24 08:13:32 - [MESSAGE][PASSED] - Object: 'Object Repository/mobileSanity/STM/STM Quote Page/a_Show Plans' is clicked on

2019-10-24 08:13:32 - [TEST_STEP][PASSED] - waitForJQueryLoad(20, STOP_ON_FAILURE): jQuery is ready.

2019-10-24 08:13:32 - [MESSAGE][PASSED] - jQuery is ready.

2019-10-24 08:13:32 - [TEST_STEP][PASSED] - Thread.sleep(2000): null

2019-10-24 08:13:34 - [TEST_STEP][PASSED] - callTestCase(findTestCase("mobileWeb/_include/get_screenshot"), [:], STOP_ON_FAILURE): Call Test Case 'Test Cases/mobileWeb/_include/get_screenshot' successfully

2019-10-24 08:13:34 - [TEST_CASE][PASSED] - Test Cases/mobileWeb/_include/get_screenshot: Test Cases/mobileWeb/_include/get_screenshot

2019-10-24 08:13:34 - [TEST_STEP][PASSED] - takeScreenshot(screenPath + i + ".png"): Taking screenshot successfully

2019-10-24 08:13:34 - [MESSAGE][PASSED] - Taking screenshot successfully
[[ATTACHMENT|D:\\Test\\AgileTest\\Reports\\mobileWeb\\stm\\20191024_080031\\../Screenshots/iPhone 6/stm/Everest Prime/20191024_081313/3.png]]

2019-10-24 08:13:34 - [TEST_STEP][PASSED] - (internal.GlobalVariable.i++): null

2019-10-24 08:13:34 - [MESSAGE][PASSED] - Call Test Case 'Test Cases/mobileWeb/_include/get_screenshot' successfully

2019-10-24 08:13:34 - [MESSAGE][PASSED] - Call Test Case 'Test Cases/mobileWeb/_include/filter_stm' successfully

2019-10-24 08:13:34 - [TEST_STEP][PASSED] - callTestCase(findTestCase("mobileWeb/_include/goToDetail_stm"), ["carrier":"everest"], STOP_ON_FAILURE): Call Test Case 'Test Cases/mobileWeb/_include/goToDetail_stm' successfully

2019-10-24 08:13:34 - [TEST_CASE][PASSED] - Test Cases/mobileWeb/_include/goToDetail_stm: Test Cases/mobileWeb/_include/goToDetail_stm

2019-10-24 08:13:34 - [TEST_STEP][PASSED] - driver = getWebDriver(): null

2019-10-24 08:13:34 - [TEST_STEP][PASSED] - selenium = new com.thoughtworks.selenium.webdriven.WebDriverBackedSelenium(driver, internal.GlobalVariable.ENV): null

2019-10-24 08:13:34 - [TEST_STEP][PASSED] - a_plan_name = "xpath=//a[contains(@href,'/term-health-insurance/plan/" + carrier + "')]": null

2019-10-24 08:13:34 - [TEST_STEP][PASSED] - println(a_plan_name): null

2019-10-24 08:13:34 - [TEST_STEP][PASSED] - selenium.click(a_plan_name): null

2019-10-24 08:13:35 - [TEST_STEP][PASSED] - waitForPageLoad(20): Wait for page load successfully

2019-10-24 08:13:36 - [MESSAGE][PASSED] - Wait for page load successfully

2019-10-24 08:13:36 - [TEST_STEP][PASSED] - Thread.sleep(2000): null

2019-10-24 08:13:38 - [TEST_STEP][PASSED] - callTestCase(findTestCase("mobileWeb/_include/get_screenshot"), [:], STOP_ON_FAILURE): Call Test Case 'Test Cases/mobileWeb/_include/get_screenshot' successfully

2019-10-24 08:13:38 - [TEST_CASE][PASSED] - Test Cases/mobileWeb/_include/get_screenshot: Test Cases/mobileWeb/_include/get_screenshot

2019-10-24 08:13:38 - [TEST_STEP][PASSED] - takeScreenshot(screenPath + i + ".png"): Taking screenshot successfully

2019-10-24 08:13:38 - [MESSAGE][PASSED] - Taking screenshot successfully
[[ATTACHMENT|D:\\Test\\AgileTest\\Reports\\mobileWeb\\stm\\20191024_080031\\../Screenshots/iPhone 6/stm/Everest Prime/20191024_081313/4.png]]

2019-10-24 08:13:38 - [TEST_STEP][PASSED] - (internal.GlobalVariable.i++): null

2019-10-24 08:13:38 - [MESSAGE][PASSED] - Call Test Case 'Test Cases/mobileWeb/_include/get_screenshot' successfully

2019-10-24 08:13:38 - [MESSAGE][PASSED] - Call Test Case 'Test Cases/mobileWeb/_include/goToDetail_stm' successfully

2019-10-24 08:13:38 - [TEST_STEP][PASSED] - callTestCase(findTestCase("mobileWeb/_include/apply_stm"), [:], STOP_ON_FAILURE): Call Test Case 'Test Cases/mobileWeb/_include/apply_stm' successfully

2019-10-24 08:13:38 - [TEST_CASE][PASSED] - Test Cases/mobileWeb/_include/apply_stm: Test Cases/mobileWeb/_include/apply_stm

2019-10-24 08:13:38 - [TEST_STEP][PASSED] - waitForElementVisible(findTestObject("mobileSanity/STM/STM PlanDetail Page/a_Apply for This Plan"), 5): Object 'Object Repository/mobileSanity/STM/STM PlanDetail Page/a_Apply for This Plan' is visible

2019-10-24 08:13:38 - [MESSAGE][PASSED] - Object 'Object Repository/mobileSanity/STM/STM PlanDetail Page/a_Apply for This Plan' is visible

2019-10-24 08:13:38 - [TEST_STEP][PASSED] - click(findTestObject("mobileSanity/STM/STM PlanDetail Page/a_Apply for This Plan")): Object: 'Object Repository/mobileSanity/STM/STM PlanDetail Page/a_Apply for This Plan' is clicked on

2019-10-24 08:13:39 - [MESSAGE][PASSED] - Object: 'Object Repository/mobileSanity/STM/STM PlanDetail Page/a_Apply for This Plan' is clicked on

2019-10-24 08:13:39 - [TEST_STEP][PASSED] - waitForPageLoad(10): Wait for page load successfully

2019-10-24 08:13:39 - [MESSAGE][PASSED] - Wait for page load successfully

2019-10-24 08:13:39 - [TEST_STEP][PASSED] - Thread.sleep(2000): null

2019-10-24 08:13:41 - [TEST_STEP][PASSED] - callTestCase(findTestCase("mobileWeb/_include/get_screenshot"), [:], STOP_ON_FAILURE): Call Test Case 'Test Cases/mobileWeb/_include/get_screenshot' successfully

2019-10-24 08:13:41 - [TEST_CASE][PASSED] - Test Cases/mobileWeb/_include/get_screenshot: Test Cases/mobileWeb/_include/get_screenshot

2019-10-24 08:13:41 - [TEST_STEP][PASSED] - takeScreenshot(screenPath + i + ".png"): Taking screenshot successfully

2019-10-24 08:13:41 - [MESSAGE][PASSED] - Taking screenshot successfully
[[ATTACHMENT|D:\\Test\\AgileTest\\Reports\\mobileWeb\\stm\\20191024_080031\\../Screenshots/iPhone 6/stm/Everest Prime/20191024_081313/5.png]]

2019-10-24 08:13:41 - [TEST_STEP][PASSED] - (internal.GlobalVariable.i++): null

2019-10-24 08:13:41 - [MESSAGE][PASSED] - Call Test Case 'Test Cases/mobileWeb/_include/get_screenshot' successfully

2019-10-24 08:13:41 - [TEST_STEP][PASSED] - waitForElementVisible(findTestObject("mobileSanity/STM/STM Apply Page/a_Start Secure Application"), 5): Object 'Object Repository/mobileSanity/STM/STM Apply Page/a_Start Secure Application' is visible

2019-10-24 08:13:42 - [MESSAGE][PASSED] - Object 'Object Repository/mobileSanity/STM/STM Apply Page/a_Start Secure Application' is visible

2019-10-24 08:13:42 - [TEST_STEP][PASSED] - click(findTestObject("mobileSanity/STM/STM Apply Page/a_Start Secure Application")): Object: 'Object Repository/mobileSanity/STM/STM Apply Page/a_Start Secure Application' is clicked on

2019-10-24 08:13:42 - [MESSAGE][PASSED] - Object: 'Object Repository/mobileSanity/STM/STM Apply Page/a_Start Secure Application' is clicked on

2019-10-24 08:13:42 - [TEST_STEP][PASSED] - waitForPageLoad(20): Wait for page load successfully

2019-10-24 08:13:43 - [MESSAGE][PASSED] - Wait for page load successfully

2019-10-24 08:13:43 - [TEST_STEP][PASSED] - Thread.sleep(2000): null

2019-10-24 08:13:45 - [TEST_STEP][PASSED] - callTestCase(findTestCase("mobileWeb/_include/get_screenshot"), [:], STOP_ON_FAILURE): Call Test Case 'Test Cases/mobileWeb/_include/get_screenshot' successfully

2019-10-24 08:13:45 - [TEST_CASE][PASSED] - Test Cases/mobileWeb/_include/get_screenshot: Test Cases/mobileWeb/_include/get_screenshot

2019-10-24 08:13:45 - [TEST_STEP][PASSED] - takeScreenshot(screenPath + i + ".png"): Taking screenshot successfully

2019-10-24 08:13:45 - [MESSAGE][PASSED] - Taking screenshot successfully
[[ATTACHMENT|D:\\Test\\AgileTest\\Reports\\mobileWeb\\stm\\20191024_080031\\../Screenshots/iPhone 6/stm/Everest Prime/20191024_081313/6.png]]

2019-10-24 08:13:45 - [TEST_STEP][PASSED] - (internal.GlobalVariable.i++): null

2019-10-24 08:13:45 - [MESSAGE][PASSED] - Call Test Case 'Test Cases/mobileWeb/_include/get_screenshot' successfully

2019-10-24 08:13:45 - [MESSAGE][PASSED] - Call Test Case 'Test Cases/mobileWeb/_include/apply_stm' successfully

2019-10-24 08:13:45 - [TEST_STEP][PASSED] - callTestCase(findTestCase("mobileWeb/_include/goToEnd_stm_autofill"), [:], STOP_ON_FAILURE): Call Test Case 'Test Cases/mobileWeb/_include/goToEnd_stm_autofill' successfully

2019-10-24 08:13:45 - [TEST_CASE][PASSED] - Test Cases/mobileWeb/_include/goToEnd_stm_autofill: Test Cases/mobileWeb/_include/goToEnd_stm_autofill

2019-10-24 08:13:45 - [TEST_STEP][PASSED] - callTestCase(findTestCase("mobileWeb/_include/name"), [:], CONTINUE_ON_FAILURE): Call Test Case 'Test Cases/mobileWeb/_include/name' successfully

2019-10-24 08:13:45 - [TEST_CASE][PASSED] - Test Cases/mobileWeb/_include/name: Test Cases/mobileWeb/_include/name

2019-10-24 08:13:45 - [TEST_STEP][PASSED] - driver = getWebDriver(): null

2019-10-24 08:13:45 - [TEST_STEP][PASSED] - selenium = new com.thoughtworks.selenium.webdriven.WebDriverBackedSelenium(driver, internal.GlobalVariable.ENV): null

2019-10-24 08:13:45 - [TEST_STEP][PASSED] - FirstName = "Test-123": null

2019-10-24 08:13:45 - [TEST_STEP][PASSED] - LastName = selenium.getEval("{var x="ABCDEFGHIJKLMNOPQRSTUVWXYZabcdefghijklmnopqrstuvwxyz"; var tmp="ZZ11-"; for (i=0;i<8;i++) tmp+=x.charAt(Math.ceil(51*Math.random()));tmp;}"): null

2019-10-24 08:13:45 - [TEST_STEP][PASSED] - Address = selenium.getEval("{var x="ABCDEFGHIJKLMNOPQRSTUVWXYZabcdefghijklmnopqrstuvwxyz"; var tmp=""; for (i=0;i<8;i++) tmp+=x.charAt(Math.ceil(51*Math.random()));tmp;}"): null

2019-10-24 08:13:45 - [TEST_STEP][PASSED] - City = selenium.getEval("{var x="ABCDEFGHIJKLMNOPQRSTUVWXYZabcdefghijklmnopqrstuvwxyz"; var tmp=""; for (i=0;i<8;i++) tmp+=x.charAt(Math.ceil(51*Math.random()));tmp;}"): null

2019-10-24 08:13:45 - [TEST_STEP][PASSED] - tel1 = selenium.getEval("{var x="123456789"; var tmp=""; for (i=0;i<3;i++) tmp+=x.charAt(Math.ceil(8*Math.random()));tmp;}"): null

2019-10-24 08:13:45 - [TEST_STEP][PASSED] - tel2 = selenium.getEval("{var x="123456789"; var tmp=""; for (i=0;i<3;i++) tmp+=x.charAt(Math.ceil(8*Math.random()));tmp;}"): null

2019-10-24 08:13:45 - [TEST_STEP][PASSED] - tel3 = selenium.getEval("{var x="123456789"; var tmp=""; for (i=0;i<4;i++) tmp+=x.charAt(Math.ceil(8*Math.random()));tmp;}"): null

2019-10-24 08:13:45 - [TEST_STEP][PASSED] - Tel = selenium.getExpression(tel1 + "-" + tel2 + "-" + tel3): null

2019-10-24 08:13:45 - [TEST_STEP][PASSED] - AutoEmail = selenium.getEval("{var x="ABCDEFGHIJKLMNOPQRSTUVWXYZabcdefghijklmnopqrstuvwxyz"; var tmp="test."; for (i=0;i<8;i++) tmp+=x.charAt(Math.ceil(51*Math.random()));tmp+="@suryani.cn";}"): null

2019-10-24 08:13:45 - [TEST_STEP][PASSED] - FirstName = FirstName: null

2019-10-24 08:13:45 - [TEST_STEP][PASSED] - LastName = LastName: null

2019-10-24 08:13:45 - [TEST_STEP][PASSED] - Address = Address: null

2019-10-24 08:13:45 - [TEST_STEP][PASSED] - City = City: null

2019-10-24 08:13:45 - [TEST_STEP][PASSED] - Tel = Tel: null

2019-10-24 08:13:45 - [TEST_STEP][PASSED] - AutoEmail = AutoEmail: null

2019-10-24 08:13:45 - [TEST_STEP][PASSED] - println(FirstName): null

2019-10-24 08:13:45 - [TEST_STEP][PASSED] - println(LastName): null

2019-10-24 08:13:45 - [TEST_STEP][PASSED] - println(Address): null

2019-10-24 08:13:45 - [TEST_STEP][PASSED] - println(City): null

2019-10-24 08:13:45 - [TEST_STEP][PASSED] - println(Tel): null

2019-10-24 08:13:45 - [TEST_STEP][PASSED] - println(AutoEmail): null

2019-10-24 08:13:45 - [MESSAGE][PASSED] - Call Test Case 'Test Cases/mobileWeb/_include/name' successfully

2019-10-24 08:13:45 - [TEST_STEP][FAILED] - try: Unable to verify text 'Month Duration Acknowledgement' is present  (Root cause: com.kms.katalon.core.exception.StepFailedException: Text 'Month Duration Acknowledgement' is not present on page )

2019-10-24 08:13:45 - [TEST_STEP][FAILED] - if (verifyTextPresent("Month Duration Acknowledgement", false)): Unable to verify text 'Month Duration Acknowledgement' is present  (Root cause: com.kms.katalon.core.exception.StepFailedException: Text 'Month Duration Acknowledgement' is not present on page )

2019-10-24 08:13:46 - [MESSAGE][FAILED] - Text 'Month Duration Acknowledgement' is not present on page 

2019-10-24 08:13:46 - [MESSAGE][FAILED] - Unable to verify text 'Month Duration Acknowledgement' is present  (Root cause: com.kms.katalon.core.exception.StepFailedException: Text 'Month Duration Acknowledgement' is not present on page )
[[ATTACHMENT|D:\\Test\\AgileTest\\Reports\\mobileWeb\\stm\\20191024_080031\\1571919226115.png]]

2019-10-24 08:13:46 - [TEST_STEP][PASSED] - catch (Exception e): null

2019-10-24 08:13:46 - [TEST_STEP][PASSED] - println("no consecutive"): null

2019-10-24 08:13:46 - [TEST_STEP][PASSED] - waitForPageLoad(10): Wait for page load successfully

2019-10-24 08:13:46 - [MESSAGE][PASSED] - Wait for page load successfully

2019-10-24 08:13:46 - [TEST_STEP][PASSED] - Thread.sleep(3000): null

2019-10-24 08:13:49 - [TEST_STEP][PASSED] - waitForElementVisible(findTestObject("mobileSanity/STM/Page_App Page 1/a_Autofill App Info"), 20): Object 'Object Repository/mobileSanity/STM/Page_App Page 1/a_Autofill App Info' is visible

2019-10-24 08:13:49 - [MESSAGE][PASSED] - Object 'Object Repository/mobileSanity/STM/Page_App Page 1/a_Autofill App Info' is visible

2019-10-24 08:13:49 - [TEST_STEP][PASSED] - click(findTestObject("mobileSanity/STM/Page_App Page 1/a_Autofill App Info")): Object: 'Object Repository/mobileSanity/STM/Page_App Page 1/a_Autofill App Info' is clicked on

2019-10-24 08:13:49 - [MESSAGE][PASSED] - Object: 'Object Repository/mobileSanity/STM/Page_App Page 1/a_Autofill App Info' is clicked on

2019-10-24 08:13:49 - [TEST_STEP][PASSED] - Thread.sleep(1000): null

2019-10-24 08:13:50 - [TEST_STEP][PASSED] - click(findTestObject("mobileSanity/STM/Page_App Page 1/a_Autofill App Info")): Object: 'Object Repository/mobileSanity/STM/Page_App Page 1/a_Autofill App Info' is clicked on

2019-10-24 08:13:50 - [MESSAGE][PASSED] - Object: 'Object Repository/mobileSanity/STM/Page_App Page 1/a_Autofill App Info' is clicked on

2019-10-24 08:13:50 - [TEST_STEP][PASSED] - Thread.sleep(1000): null

2019-10-24 08:13:51 - [TEST_STEP][PASSED] - waitForElementVisible(findTestObject("mobileSanity/STM/Page_App Page 1/a_Continue"), 20): Object 'Object Repository/mobileSanity/STM/Page_App Page 1/a_Continue' is visible

2019-10-24 08:13:51 - [MESSAGE][PASSED] - Object 'Object Repository/mobileSanity/STM/Page_App Page 1/a_Continue' is visible

2019-10-24 08:13:51 - [TEST_STEP][PASSED] - click(findTestObject("mobileSanity/STM/Page_App Page 1/a_Continue")): Object: 'Object Repository/mobileSanity/STM/Page_App Page 1/a_Continue' is clicked on

2019-10-24 08:13:51 - [MESSAGE][PASSED] - Object: 'Object Repository/mobileSanity/STM/Page_App Page 1/a_Continue' is clicked on

2019-10-24 08:13:51 - [TEST_STEP][PASSED] - waitForPageLoad(20): Wait for page load successfully

2019-10-24 08:13:51 - [MESSAGE][PASSED] - Wait for page load successfully

2019-10-24 08:13:51 - [TEST_STEP][PASSED] - Thread.sleep(2000): null

2019-10-24 08:13:53 - [TEST_STEP][PASSED] - callTestCase(findTestCase("mobileWeb/_include/get_screenshot"), [:], STOP_ON_FAILURE): Call Test Case 'Test Cases/mobileWeb/_include/get_screenshot' successfully

2019-10-24 08:13:53 - [TEST_CASE][PASSED] - Test Cases/mobileWeb/_include/get_screenshot: Test Cases/mobileWeb/_include/get_screenshot

2019-10-24 08:13:53 - [TEST_STEP][PASSED] - takeScreenshot(screenPath + i + ".png"): Taking screenshot successfully

2019-10-24 08:13:54 - [MESSAGE][PASSED] - Taking screenshot successfully
[[ATTACHMENT|D:\\Test\\AgileTest\\Reports\\mobileWeb\\stm\\20191024_080031\\../Screenshots/iPhone 6/stm/Everest Prime/20191024_081313/7.png]]

2019-10-24 08:13:54 - [TEST_STEP][PASSED] - (internal.GlobalVariable.i++): null

2019-10-24 08:13:54 - [MESSAGE][PASSED] - Call Test Case 'Test Cases/mobileWeb/_include/get_screenshot' successfully

2019-10-24 08:13:54 - [TEST_STEP][PASSED] - click(findTestObject("mobileSanity/STM/Page_App Page 2/a_Continue to Step 3 - Payment")): Object: 'Object Repository/mobileSanity/STM/Page_App Page 2/a_Continue to Step 3 - Payment' is clicked on

2019-10-24 08:13:54 - [MESSAGE][PASSED] - Object: 'Object Repository/mobileSanity/STM/Page_App Page 2/a_Continue to Step 3 - Payment' is clicked on

2019-10-24 08:13:54 - [TEST_STEP][PASSED] - waitForPageLoad(20): Wait for page load successfully

2019-10-24 08:13:54 - [MESSAGE][PASSED] - Wait for page load successfully

2019-10-24 08:13:54 - [TEST_STEP][PASSED] - waitForElementVisible(findTestObject("mobileSanity/STM/Page_App Page 3/input__credit-card-cvv"), 20): Object 'Object Repository/mobileSanity/STM/Page_App Page 3/input__credit-card-cvv' is visible

2019-10-24 08:13:54 - [MESSAGE][PASSED] - Object 'Object Repository/mobileSanity/STM/Page_App Page 3/input__credit-card-cvv' is visible

2019-10-24 08:13:54 - [TEST_STEP][PASSED] - Thread.sleep(2000): null

2019-10-24 08:13:56 - [TEST_STEP][PASSED] - callTestCase(findTestCase("mobileWeb/_include/get_screenshot"), [:], STOP_ON_FAILURE): Call Test Case 'Test Cases/mobileWeb/_include/get_screenshot' successfully

2019-10-24 08:13:56 - [TEST_CASE][PASSED] - Test Cases/mobileWeb/_include/get_screenshot: Test Cases/mobileWeb/_include/get_screenshot

2019-10-24 08:13:56 - [TEST_STEP][PASSED] - takeScreenshot(screenPath + i + ".png"): Taking screenshot successfully

2019-10-24 08:13:57 - [MESSAGE][PASSED] - Taking screenshot successfully
[[ATTACHMENT|D:\\Test\\AgileTest\\Reports\\mobileWeb\\stm\\20191024_080031\\../Screenshots/iPhone 6/stm/Everest Prime/20191024_081313/8.png]]

2019-10-24 08:13:57 - [TEST_STEP][PASSED] - (internal.GlobalVariable.i++): null

2019-10-24 08:13:57 - [MESSAGE][PASSED] - Call Test Case 'Test Cases/mobileWeb/_include/get_screenshot' successfully

2019-10-24 08:13:57 - [TEST_STEP][PASSED] - clearText(findTestObject("mobileSanity/STM/Page_App Page 3/input__credit-card-cvv")): Text of object 'Object Repository/mobileSanity/STM/Page_App Page 3/input__credit-card-cvv' is cleared

2019-10-24 08:13:57 - [MESSAGE][PASSED] - Text of object 'Object Repository/mobileSanity/STM/Page_App Page 3/input__credit-card-cvv' is cleared

2019-10-24 08:13:57 - [TEST_STEP][PASSED] - setText(findTestObject("mobileSanity/STM/Page_App Page 3/input__credit-card-cvv"), "123"): Text '123' is set on object 'Object Repository/mobileSanity/STM/Page_App Page 3/input__credit-card-cvv'

2019-10-24 08:13:57 - [MESSAGE][PASSED] - Text '123' is set on object 'Object Repository/mobileSanity/STM/Page_App Page 3/input__credit-card-cvv'

2019-10-24 08:13:57 - [TEST_STEP][PASSED] - click(findTestObject("mobileSanity/STM/Page_App Page 3/label_I Accept Authorization f")): Object: 'Object Repository/mobileSanity/STM/Page_App Page 3/label_I Accept Authorization f' is clicked on

2019-10-24 08:13:57 - [MESSAGE][PASSED] - Object: 'Object Repository/mobileSanity/STM/Page_App Page 3/label_I Accept Authorization f' is clicked on

2019-10-24 08:13:57 - [TEST_STEP][PASSED] - click(findTestObject("mobileSanity/STM/Page_App Page 3/a_Continue to Step 4 - Review")): Object: 'Object Repository/mobileSanity/STM/Page_App Page 3/a_Continue to Step 4 - Review' is clicked on

2019-10-24 08:13:57 - [MESSAGE][PASSED] - Object: 'Object Repository/mobileSanity/STM/Page_App Page 3/a_Continue to Step 4 - Review' is clicked on

2019-10-24 08:13:57 - [TEST_STEP][PASSED] - waitForPageLoad(10): Wait for page load successfully

2019-10-24 08:13:57 - [MESSAGE][PASSED] - Wait for page load successfully

2019-10-24 08:13:57 - [TEST_STEP][PASSED] - waitForElementClickable(findTestObject("mobileSanity/STM/Page_App Page 4/label"), 10): Object 'Object Repository/mobileSanity/STM/Page_App Page 4/label' is clickable

2019-10-24 08:13:58 - [MESSAGE][PASSED] - Object 'Object Repository/mobileSanity/STM/Page_App Page 4/label' is clickable

2019-10-24 08:13:58 - [TEST_STEP][PASSED] - Thread.sleep(2000): null

2019-10-24 08:14:00 - [TEST_STEP][PASSED] - callTestCase(findTestCase("mobileWeb/_include/get_screenshot"), [:], STOP_ON_FAILURE): Call Test Case 'Test Cases/mobileWeb/_include/get_screenshot' successfully

2019-10-24 08:14:00 - [TEST_CASE][PASSED] - Test Cases/mobileWeb/_include/get_screenshot: Test Cases/mobileWeb/_include/get_screenshot

2019-10-24 08:14:00 - [TEST_STEP][PASSED] - takeScreenshot(screenPath + i + ".png"): Taking screenshot successfully

2019-10-24 08:14:00 - [MESSAGE][PASSED] - Taking screenshot successfully
[[ATTACHMENT|D:\\Test\\AgileTest\\Reports\\mobileWeb\\stm\\20191024_080031\\../Screenshots/iPhone 6/stm/Everest Prime/20191024_081313/9.png]]

2019-10-24 08:14:00 - [TEST_STEP][PASSED] - (internal.GlobalVariable.i++): null

2019-10-24 08:14:00 - [MESSAGE][PASSED] - Call Test Case 'Test Cases/mobileWeb/_include/get_screenshot' successfully

2019-10-24 08:14:00 - [TEST_STEP][PASSED] - click(findTestObject("mobileSanity/STM/Page_App Page 4/label")): Object: 'Object Repository/mobileSanity/STM/Page_App Page 4/label' is clicked on

2019-10-24 08:14:00 - [MESSAGE][PASSED] - Object: 'Object Repository/mobileSanity/STM/Page_App Page 4/label' is clicked on

2019-10-24 08:14:00 - [TEST_STEP][PASSED] - click(findTestObject("mobileSanity/STM/Page_App Page 4/div_CLICK TO SIGN")): Object: 'Object Repository/mobileSanity/STM/Page_App Page 4/div_CLICK TO SIGN' is clicked on

2019-10-24 08:14:00 - [MESSAGE][PASSED] - Object: 'Object Repository/mobileSanity/STM/Page_App Page 4/div_CLICK TO SIGN' is clicked on

2019-10-24 08:14:00 - [TEST_STEP][PASSED] - click(findTestObject("mobileSanity/STM/Page_App Page 4/a_Submit Your Application")): Object: 'Object Repository/mobileSanity/STM/Page_App Page 4/a_Submit Your Application' is clicked on

2019-10-24 08:14:00 - [MESSAGE][PASSED] - Object: 'Object Repository/mobileSanity/STM/Page_App Page 4/a_Submit Your Application' is clicked on

2019-10-24 08:14:00 - [TEST_STEP][PASSED] - Thread.sleep(30000): null

2019-10-24 08:14:30 - [TEST_STEP][PASSED] - waitForElementPresent(findTestObject("mobileSanity/STM/Page_App Page 6/app-page-wrapper"), 20): Object 'Object Repository/mobileSanity/STM/Page_App Page 6/app-page-wrapper' is present

2019-10-24 08:14:30 - [MESSAGE][PASSED] - Object 'Object Repository/mobileSanity/STM/Page_App Page 6/app-page-wrapper' is present

2019-10-24 08:14:30 - [TEST_STEP][PASSED] - callTestCase(findTestCase("mobileWeb/_include/get_screenshot"), [:], STOP_ON_FAILURE): Call Test Case 'Test Cases/mobileWeb/_include/get_screenshot' successfully

2019-10-24 08:14:31 - [TEST_CASE][PASSED] - Test Cases/mobileWeb/_include/get_screenshot: Test Cases/mobileWeb/_include/get_screenshot

2019-10-24 08:14:31 - [TEST_STEP][PASSED] - takeScreenshot(screenPath + i + ".png"): Taking screenshot successfully

2019-10-24 08:14:31 - [MESSAGE][PASSED] - Taking screenshot successfully
[[ATTACHMENT|D:\\Test\\AgileTest\\Reports\\mobileWeb\\stm\\20191024_080031\\../Screenshots/iPhone 6/stm/Everest Prime/20191024_081313/10.png]]

2019-10-24 08:14:31 - [TEST_STEP][PASSED] - (internal.GlobalVariable.i++): null

2019-10-24 08:14:31 - [MESSAGE][PASSED] - Call Test Case 'Test Cases/mobileWeb/_include/get_screenshot' successfully

2019-10-24 08:14:31 - [MESSAGE][PASSED] - Call Test Case 'Test Cases/mobileWeb/_include/goToEnd_stm_autofill' successfully]]></system-out>
         <system-err><![CDATA[]]></system-err>
      </testcase>
      <testcase name="Test Cases/mobileWeb/stm/LifeShield" classname="Test Cases/mobileWeb/stm/LifeShield" status="PASSED">
         <system-out><![CDATA[2019-10-24 08:14:31 - [TEST_CASE][PASSED] - Test Cases/mobileWeb/stm/LifeShield: Test Cases/mobileWeb/stm/LifeShield

2019-10-24 08:14:31 - [TEST_STEP][PASSED] - callTestCase(findTestCase("mobileWeb/_include/get_screenPath"), ["productLine":"stm", "carrierName":"LifeShield"], CONTINUE_ON_FAILURE): Call Test Case 'Test Cases/mobileWeb/_include/get_screenPath' successfully

2019-10-24 08:14:31 - [TEST_CASE][PASSED] - Test Cases/mobileWeb/_include/get_screenPath: Test Cases/mobileWeb/_include/get_screenPath

2019-10-24 08:14:31 - [TEST_STEP][PASSED] - m = getExecutionProperties(): null

2019-10-24 08:14:31 - [TEST_STEP][PASSED] - deviceName = get("mobileEmulation").get("deviceName"): null

2019-10-24 08:14:31 - [TEST_STEP][PASSED] - println(deviceName): null

2019-10-24 08:14:31 - [TEST_STEP][PASSED] - now = new java.util.Date(): null

2019-10-24 08:14:31 - [TEST_STEP][PASSED] - mydate = now.format("yyyyMMdd_HHmmss"): null

2019-10-24 08:14:31 - [TEST_STEP][PASSED] - screenPath = "../Screenshots/": null

2019-10-24 08:14:31 - [TEST_STEP][PASSED] - screenPath = screenPath + deviceName + "/" + productLine + "/" + carrierName + "/" + mydate + "/": null

2019-10-24 08:14:31 - [TEST_STEP][PASSED] - println(screenPath): null

2019-10-24 08:14:31 - [MESSAGE][PASSED] - Call Test Case 'Test Cases/mobileWeb/_include/get_screenPath' successfully

2019-10-24 08:14:31 - [TEST_STEP][PASSED] - i = 0: null

2019-10-24 08:14:31 - [TEST_STEP][PASSED] - callTestCase(findTestCase("mobileWeb/_include/openWebSite"), [:], STOP_ON_FAILURE): Call Test Case 'Test Cases/mobileWeb/_include/openWebSite' successfully

2019-10-24 08:14:31 - [TEST_CASE][PASSED] - Test Cases/mobileWeb/_include/openWebSite: Test Cases/mobileWeb/_include/openWebSite

2019-10-24 08:14:31 - [TEST_STEP][PASSED] - openBrowser(env): Browser is opened with url: 'https://praetemptatus.agilehealthinsurance.com'

2019-10-24 08:14:31 - [MESSAGE][WARNING] - A browser is already opened. Closing browser and opening a new one

2019-10-24 08:14:32 - [MESSAGE][INFO] - Starting 'Chrome' driver

2019-10-24 08:14:32 - [MESSAGE][INFO] - User set preference: ['mobileEmulation', '{deviceName=iPhone 6}']

2019-10-24 08:14:32 - [MESSAGE][INFO] - User set preference: ['args', '[--incognito, --aggressive-cache-discard, --window-size=375,677, --no-sandbox]']

2019-10-24 08:14:34 - [MESSAGE][PASSED] - Browser is opened with url: 'https://praetemptatus.agilehealthinsurance.com'

2019-10-24 08:14:34 - [TEST_STEP][PASSED] - waitForPageLoad(20): Wait for page load successfully

2019-10-24 08:14:34 - [MESSAGE][PASSED] - Wait for page load successfully

2019-10-24 08:14:34 - [TEST_STEP][PASSED] - Thread.sleep(2000): null

2019-10-24 08:14:36 - [TEST_STEP][PASSED] - callTestCase(findTestCase("mobileWeb/_include/get_screenshot"), [:], STOP_ON_FAILURE): Call Test Case 'Test Cases/mobileWeb/_include/get_screenshot' successfully

2019-10-24 08:14:36 - [TEST_CASE][PASSED] - Test Cases/mobileWeb/_include/get_screenshot: Test Cases/mobileWeb/_include/get_screenshot

2019-10-24 08:14:36 - [TEST_STEP][PASSED] - takeScreenshot(screenPath + i + ".png"): Taking screenshot successfully

2019-10-24 08:14:36 - [MESSAGE][PASSED] - Taking screenshot successfully
[[ATTACHMENT|D:\\Test\\AgileTest\\Reports\\mobileWeb\\stm\\20191024_080031\\../Screenshots/iPhone 6/stm/LifeShield/20191024_081431/0.png]]

2019-10-24 08:14:36 - [TEST_STEP][PASSED] - (internal.GlobalVariable.i++): null

2019-10-24 08:14:36 - [MESSAGE][PASSED] - Call Test Case 'Test Cases/mobileWeb/_include/get_screenshot' successfully

2019-10-24 08:14:36 - [MESSAGE][PASSED] - Call Test Case 'Test Cases/mobileWeb/_include/openWebSite' successfully

2019-10-24 08:14:36 - [TEST_STEP][PASSED] - callTestCase(findTestCase("mobileWeb/_include/census_stm"), ["zipcode":"60602"], STOP_ON_FAILURE): Call Test Case 'Test Cases/mobileWeb/_include/census_stm' successfully

2019-10-24 08:14:36 - [TEST_CASE][PASSED] - Test Cases/mobileWeb/_include/census_stm: Test Cases/mobileWeb/_include/census_stm

2019-10-24 08:14:36 - [TEST_STEP][PASSED] - waitForElementClickable(findTestObject("mobileSanity/STM/Home Page/a_Quote  Save Today"), 10): Object 'Object Repository/mobileSanity/STM/Home Page/a_Quote  Save Today' is clickable

2019-10-24 08:14:36 - [MESSAGE][PASSED] - Object 'Object Repository/mobileSanity/STM/Home Page/a_Quote  Save Today' is clickable

2019-10-24 08:14:36 - [TEST_STEP][PASSED] - click(findTestObject("mobileSanity/STM/Home Page/a_Quote  Save Today")): Object: 'Object Repository/mobileSanity/STM/Home Page/a_Quote  Save Today' is clicked on

2019-10-24 08:14:37 - [MESSAGE][PASSED] - Object: 'Object Repository/mobileSanity/STM/Home Page/a_Quote  Save Today' is clicked on

2019-10-24 08:14:37 - [TEST_STEP][PASSED] - waitForPageLoad(10): Wait for page load successfully

2019-10-24 08:14:37 - [MESSAGE][PASSED] - Wait for page load successfully

2019-10-24 08:14:37 - [TEST_STEP][PASSED] - callTestCase(findTestCase("mobileWeb/_include/get_screenshot"), [:], STOP_ON_FAILURE): Call Test Case 'Test Cases/mobileWeb/_include/get_screenshot' successfully

2019-10-24 08:14:37 - [TEST_CASE][PASSED] - Test Cases/mobileWeb/_include/get_screenshot: Test Cases/mobileWeb/_include/get_screenshot

2019-10-24 08:14:37 - [TEST_STEP][PASSED] - takeScreenshot(screenPath + i + ".png"): Taking screenshot successfully

2019-10-24 08:14:38 - [MESSAGE][PASSED] - Taking screenshot successfully
[[ATTACHMENT|D:\\Test\\AgileTest\\Reports\\mobileWeb\\stm\\20191024_080031\\../Screenshots/iPhone 6/stm/LifeShield/20191024_081431/1.png]]

2019-10-24 08:14:38 - [TEST_STEP][PASSED] - (internal.GlobalVariable.i++): null

2019-10-24 08:14:38 - [MESSAGE][PASSED] - Call Test Case 'Test Cases/mobileWeb/_include/get_screenshot' successfully

2019-10-24 08:14:38 - [TEST_STEP][PASSED] - setText(findTestObject("mobileSanity/STM/STM Census Page/input_Location_zip-input"), zipcode): Text '60602' is set on object 'Object Repository/mobileSanity/STM/STM Census Page/input_Location_zip-input'

2019-10-24 08:14:38 - [MESSAGE][PASSED] - Text '60602' is set on object 'Object Repository/mobileSanity/STM/STM Census Page/input_Location_zip-input'

2019-10-24 08:14:38 - [TEST_STEP][PASSED] - Thread.sleep(500): null

2019-10-24 08:14:38 - [TEST_STEP][PASSED] - setText(findTestObject("mobileSanity/STM/STM Census Page/input_Date of Birth_dob-0"), "03031987"): Text '03031987' is set on object 'Object Repository/mobileSanity/STM/STM Census Page/input_Date of Birth_dob-0'

2019-10-24 08:14:38 - [MESSAGE][PASSED] - Text '03031987' is set on object 'Object Repository/mobileSanity/STM/STM Census Page/input_Date of Birth_dob-0'

2019-10-24 08:14:38 - [TEST_STEP][PASSED] - click(findTestObject("mobileSanity/STM/STM Census Page/label_Male")): Object: 'Object Repository/mobileSanity/STM/STM Census Page/label_Male' is clicked on

2019-10-24 08:14:38 - [MESSAGE][PASSED] - Object: 'Object Repository/mobileSanity/STM/STM Census Page/label_Male' is clicked on

2019-10-24 08:14:38 - [TEST_STEP][PASSED] - click(findTestObject("mobileSanity/STM/STM Census Page/label_Compare Plans")): Object: 'Object Repository/mobileSanity/STM/STM Census Page/label_Compare Plans' is clicked on

2019-10-24 08:14:40 - [MESSAGE][PASSED] - Object: 'Object Repository/mobileSanity/STM/STM Census Page/label_Compare Plans' is clicked on

2019-10-24 08:14:40 - [TEST_STEP][PASSED] - waitForElementVisible(findTestObject("mobileSanity/STM/STM Quote Page/button_sort"), 20): Object 'Object Repository/mobileSanity/STM/STM Quote Page/button_sort' is visible

2019-10-24 08:14:41 - [MESSAGE][PASSED] - Object 'Object Repository/mobileSanity/STM/STM Quote Page/button_sort' is visible

2019-10-24 08:14:41 - [TEST_STEP][PASSED] - Thread.sleep(3000): null

2019-10-24 08:14:44 - [TEST_STEP][PASSED] - callTestCase(findTestCase("mobileWeb/_include/get_screenshot"), [:], STOP_ON_FAILURE): Call Test Case 'Test Cases/mobileWeb/_include/get_screenshot' successfully

2019-10-24 08:14:44 - [TEST_CASE][PASSED] - Test Cases/mobileWeb/_include/get_screenshot: Test Cases/mobileWeb/_include/get_screenshot

2019-10-24 08:14:44 - [TEST_STEP][PASSED] - takeScreenshot(screenPath + i + ".png"): Taking screenshot successfully

2019-10-24 08:14:44 - [MESSAGE][PASSED] - Taking screenshot successfully
[[ATTACHMENT|D:\\Test\\AgileTest\\Reports\\mobileWeb\\stm\\20191024_080031\\../Screenshots/iPhone 6/stm/LifeShield/20191024_081431/2.png]]

2019-10-24 08:14:44 - [TEST_STEP][PASSED] - (internal.GlobalVariable.i++): null

2019-10-24 08:14:44 - [MESSAGE][PASSED] - Call Test Case 'Test Cases/mobileWeb/_include/get_screenshot' successfully

2019-10-24 08:14:44 - [TEST_STEP][PASSED] - Thread.sleep(1000): null

2019-10-24 08:14:45 - [MESSAGE][PASSED] - Call Test Case 'Test Cases/mobileWeb/_include/census_stm' successfully

2019-10-24 08:14:45 - [TEST_STEP][PASSED] - callTestCase(findTestCase("mobileWeb/_include/filter_stm"), ["carrier":"lifeshield"], STOP_ON_FAILURE): Call Test Case 'Test Cases/mobileWeb/_include/filter_stm' successfully

2019-10-24 08:14:45 - [TEST_CASE][PASSED] - Test Cases/mobileWeb/_include/filter_stm: Test Cases/mobileWeb/_include/filter_stm

2019-10-24 08:14:45 - [TEST_STEP][PASSED] - driver = getWebDriver(): null

2019-10-24 08:14:45 - [TEST_STEP][PASSED] - selenium = new com.thoughtworks.selenium.webdriven.WebDriverBackedSelenium(driver, internal.GlobalVariable.ENV): null

2019-10-24 08:14:45 - [TEST_STEP][PASSED] - Thread.sleep(1000): null

2019-10-24 08:14:46 - [TEST_STEP][PASSED] - click(findTestObject("mobileSanity/STM/STM Quote Page/button_filters")): Object: 'Object Repository/mobileSanity/STM/STM Quote Page/button_filters' is clicked on

2019-10-24 08:14:47 - [MESSAGE][PASSED] - Object: 'Object Repository/mobileSanity/STM/STM Quote Page/button_filters' is clicked on

2019-10-24 08:14:47 - [TEST_STEP][PASSED] - Thread.sleep(1000): null

2019-10-24 08:14:48 - [TEST_STEP][PASSED] - click(findTestObject("mobileSanity/STM/STM Quote Page/i_Insurance company")): Object: 'Object Repository/mobileSanity/STM/STM Quote Page/i_Insurance company' is clicked on

2019-10-24 08:14:48 - [MESSAGE][PASSED] - Object: 'Object Repository/mobileSanity/STM/STM Quote Page/i_Insurance company' is clicked on

2019-10-24 08:14:48 - [TEST_STEP][PASSED] - Thread.sleep(1000): null

2019-10-24 08:14:49 - [TEST_STEP][PASSED] - filter_carrier = "//input[@name='filter[carrier]' and @value='" + carrier + "']/following::label": null

2019-10-24 08:14:49 - [TEST_STEP][PASSED] - println(filter_carrier): null

2019-10-24 08:14:49 - [TEST_STEP][PASSED] - test.MobileKeywords.clickJS_ByXpath(filter_carrier): test.MobileKeywords.clickJS_ByXpath is PASSED

2019-10-24 08:14:49 - [MESSAGE][PASSED] - Execute JavaScript 'arguments[0].click()' successfully

2019-10-24 08:14:49 - [MESSAGE][PASSED] - test.MobileKeywords.clickJS_ByXpath is PASSED

2019-10-24 08:14:49 - [TEST_STEP][PASSED] - Thread.sleep(1000): null

2019-10-24 08:14:50 - [TEST_STEP][PASSED] - scrollToElement(findTestObject("mobileSanity/STM/STM Quote Page/a_Show Plans"), 1000): Scroll to object 'Object Repository/mobileSanity/STM/STM Quote Page/a_Show Plans' successfully

2019-10-24 08:14:50 - [MESSAGE][PASSED] - Scroll to object 'Object Repository/mobileSanity/STM/STM Quote Page/a_Show Plans' successfully

2019-10-24 08:14:50 - [TEST_STEP][PASSED] - click(findTestObject("mobileSanity/STM/STM Quote Page/a_Show Plans")): Object: 'Object Repository/mobileSanity/STM/STM Quote Page/a_Show Plans' is clicked on

2019-10-24 08:14:50 - [MESSAGE][PASSED] - Object: 'Object Repository/mobileSanity/STM/STM Quote Page/a_Show Plans' is clicked on

2019-10-24 08:14:50 - [TEST_STEP][PASSED] - waitForJQueryLoad(20, STOP_ON_FAILURE): jQuery is ready.

2019-10-24 08:14:50 - [MESSAGE][PASSED] - jQuery is ready.

2019-10-24 08:14:50 - [TEST_STEP][PASSED] - Thread.sleep(2000): null

2019-10-24 08:14:52 - [TEST_STEP][PASSED] - callTestCase(findTestCase("mobileWeb/_include/get_screenshot"), [:], STOP_ON_FAILURE): Call Test Case 'Test Cases/mobileWeb/_include/get_screenshot' successfully

2019-10-24 08:14:52 - [TEST_CASE][PASSED] - Test Cases/mobileWeb/_include/get_screenshot: Test Cases/mobileWeb/_include/get_screenshot

2019-10-24 08:14:52 - [TEST_STEP][PASSED] - takeScreenshot(screenPath + i + ".png"): Taking screenshot successfully

2019-10-24 08:14:53 - [MESSAGE][PASSED] - Taking screenshot successfully
[[ATTACHMENT|D:\\Test\\AgileTest\\Reports\\mobileWeb\\stm\\20191024_080031\\../Screenshots/iPhone 6/stm/LifeShield/20191024_081431/3.png]]

2019-10-24 08:14:53 - [TEST_STEP][PASSED] - (internal.GlobalVariable.i++): null

2019-10-24 08:14:53 - [MESSAGE][PASSED] - Call Test Case 'Test Cases/mobileWeb/_include/get_screenshot' successfully

2019-10-24 08:14:53 - [MESSAGE][PASSED] - Call Test Case 'Test Cases/mobileWeb/_include/filter_stm' successfully

2019-10-24 08:14:53 - [TEST_STEP][PASSED] - callTestCase(findTestCase("mobileWeb/_include/goToDetail_stm"), ["carrier":"lifeshield"], STOP_ON_FAILURE): Call Test Case 'Test Cases/mobileWeb/_include/goToDetail_stm' successfully

2019-10-24 08:14:53 - [TEST_CASE][PASSED] - Test Cases/mobileWeb/_include/goToDetail_stm: Test Cases/mobileWeb/_include/goToDetail_stm

2019-10-24 08:14:53 - [TEST_STEP][PASSED] - driver = getWebDriver(): null

2019-10-24 08:14:53 - [TEST_STEP][PASSED] - selenium = new com.thoughtworks.selenium.webdriven.WebDriverBackedSelenium(driver, internal.GlobalVariable.ENV): null

2019-10-24 08:14:53 - [TEST_STEP][PASSED] - a_plan_name = "xpath=//a[contains(@href,'/term-health-insurance/plan/" + carrier + "')]": null

2019-10-24 08:14:53 - [TEST_STEP][PASSED] - println(a_plan_name): null

2019-10-24 08:14:53 - [TEST_STEP][PASSED] - selenium.click(a_plan_name): null

2019-10-24 08:14:54 - [TEST_STEP][PASSED] - waitForPageLoad(20): Wait for page load successfully

2019-10-24 08:14:54 - [MESSAGE][PASSED] - Wait for page load successfully

2019-10-24 08:14:54 - [TEST_STEP][PASSED] - Thread.sleep(2000): null

2019-10-24 08:14:56 - [TEST_STEP][PASSED] - callTestCase(findTestCase("mobileWeb/_include/get_screenshot"), [:], STOP_ON_FAILURE): Call Test Case 'Test Cases/mobileWeb/_include/get_screenshot' successfully

2019-10-24 08:14:56 - [TEST_CASE][PASSED] - Test Cases/mobileWeb/_include/get_screenshot: Test Cases/mobileWeb/_include/get_screenshot

2019-10-24 08:14:56 - [TEST_STEP][PASSED] - takeScreenshot(screenPath + i + ".png"): Taking screenshot successfully

2019-10-24 08:14:56 - [MESSAGE][PASSED] - Taking screenshot successfully
[[ATTACHMENT|D:\\Test\\AgileTest\\Reports\\mobileWeb\\stm\\20191024_080031\\../Screenshots/iPhone 6/stm/LifeShield/20191024_081431/4.png]]

2019-10-24 08:14:56 - [TEST_STEP][PASSED] - (internal.GlobalVariable.i++): null

2019-10-24 08:14:56 - [MESSAGE][PASSED] - Call Test Case 'Test Cases/mobileWeb/_include/get_screenshot' successfully

2019-10-24 08:14:56 - [MESSAGE][PASSED] - Call Test Case 'Test Cases/mobileWeb/_include/goToDetail_stm' successfully

2019-10-24 08:14:56 - [TEST_STEP][PASSED] - callTestCase(findTestCase("mobileWeb/_include/apply_stm"), [:], STOP_ON_FAILURE): Call Test Case 'Test Cases/mobileWeb/_include/apply_stm' successfully

2019-10-24 08:14:56 - [TEST_CASE][PASSED] - Test Cases/mobileWeb/_include/apply_stm: Test Cases/mobileWeb/_include/apply_stm

2019-10-24 08:14:56 - [TEST_STEP][PASSED] - waitForElementVisible(findTestObject("mobileSanity/STM/STM PlanDetail Page/a_Apply for This Plan"), 5): Object 'Object Repository/mobileSanity/STM/STM PlanDetail Page/a_Apply for This Plan' is visible

2019-10-24 08:14:56 - [MESSAGE][PASSED] - Object 'Object Repository/mobileSanity/STM/STM PlanDetail Page/a_Apply for This Plan' is visible

2019-10-24 08:14:56 - [TEST_STEP][PASSED] - click(findTestObject("mobileSanity/STM/STM PlanDetail Page/a_Apply for This Plan")): Object: 'Object Repository/mobileSanity/STM/STM PlanDetail Page/a_Apply for This Plan' is clicked on

2019-10-24 08:14:57 - [MESSAGE][PASSED] - Object: 'Object Repository/mobileSanity/STM/STM PlanDetail Page/a_Apply for This Plan' is clicked on

2019-10-24 08:14:57 - [TEST_STEP][PASSED] - waitForPageLoad(10): Wait for page load successfully

2019-10-24 08:14:57 - [MESSAGE][PASSED] - Wait for page load successfully

2019-10-24 08:14:57 - [TEST_STEP][PASSED] - Thread.sleep(2000): null

2019-10-24 08:14:59 - [TEST_STEP][PASSED] - callTestCase(findTestCase("mobileWeb/_include/get_screenshot"), [:], STOP_ON_FAILURE): Call Test Case 'Test Cases/mobileWeb/_include/get_screenshot' successfully

2019-10-24 08:14:59 - [TEST_CASE][PASSED] - Test Cases/mobileWeb/_include/get_screenshot: Test Cases/mobileWeb/_include/get_screenshot

2019-10-24 08:14:59 - [TEST_STEP][PASSED] - takeScreenshot(screenPath + i + ".png"): Taking screenshot successfully

2019-10-24 08:14:59 - [MESSAGE][PASSED] - Taking screenshot successfully
[[ATTACHMENT|D:\\Test\\AgileTest\\Reports\\mobileWeb\\stm\\20191024_080031\\../Screenshots/iPhone 6/stm/LifeShield/20191024_081431/5.png]]

2019-10-24 08:14:59 - [TEST_STEP][PASSED] - (internal.GlobalVariable.i++): null

2019-10-24 08:14:59 - [MESSAGE][PASSED] - Call Test Case 'Test Cases/mobileWeb/_include/get_screenshot' successfully

2019-10-24 08:14:59 - [TEST_STEP][PASSED] - waitForElementVisible(findTestObject("mobileSanity/STM/STM Apply Page/a_Start Secure Application"), 5): Object 'Object Repository/mobileSanity/STM/STM Apply Page/a_Start Secure Application' is visible

2019-10-24 08:15:00 - [MESSAGE][PASSED] - Object 'Object Repository/mobileSanity/STM/STM Apply Page/a_Start Secure Application' is visible

2019-10-24 08:15:00 - [TEST_STEP][PASSED] - click(findTestObject("mobileSanity/STM/STM Apply Page/a_Start Secure Application")): Object: 'Object Repository/mobileSanity/STM/STM Apply Page/a_Start Secure Application' is clicked on

2019-10-24 08:15:00 - [MESSAGE][PASSED] - Object: 'Object Repository/mobileSanity/STM/STM Apply Page/a_Start Secure Application' is clicked on

2019-10-24 08:15:00 - [TEST_STEP][PASSED] - waitForPageLoad(20): Wait for page load successfully

2019-10-24 08:15:01 - [MESSAGE][PASSED] - Wait for page load successfully

2019-10-24 08:15:01 - [TEST_STEP][PASSED] - Thread.sleep(2000): null

2019-10-24 08:15:03 - [TEST_STEP][PASSED] - callTestCase(findTestCase("mobileWeb/_include/get_screenshot"), [:], STOP_ON_FAILURE): Call Test Case 'Test Cases/mobileWeb/_include/get_screenshot' successfully

2019-10-24 08:15:03 - [TEST_CASE][PASSED] - Test Cases/mobileWeb/_include/get_screenshot: Test Cases/mobileWeb/_include/get_screenshot

2019-10-24 08:15:03 - [TEST_STEP][PASSED] - takeScreenshot(screenPath + i + ".png"): Taking screenshot successfully

2019-10-24 08:15:03 - [MESSAGE][PASSED] - Taking screenshot successfully
[[ATTACHMENT|D:\\Test\\AgileTest\\Reports\\mobileWeb\\stm\\20191024_080031\\../Screenshots/iPhone 6/stm/LifeShield/20191024_081431/6.png]]

2019-10-24 08:15:03 - [TEST_STEP][PASSED] - (internal.GlobalVariable.i++): null

2019-10-24 08:15:03 - [MESSAGE][PASSED] - Call Test Case 'Test Cases/mobileWeb/_include/get_screenshot' successfully

2019-10-24 08:15:03 - [MESSAGE][PASSED] - Call Test Case 'Test Cases/mobileWeb/_include/apply_stm' successfully

2019-10-24 08:15:03 - [TEST_STEP][PASSED] - callTestCase(findTestCase("mobileWeb/_include/goToEnd_stm_autofill"), [:], STOP_ON_FAILURE): Call Test Case 'Test Cases/mobileWeb/_include/goToEnd_stm_autofill' successfully

2019-10-24 08:15:03 - [TEST_CASE][PASSED] - Test Cases/mobileWeb/_include/goToEnd_stm_autofill: Test Cases/mobileWeb/_include/goToEnd_stm_autofill

2019-10-24 08:15:03 - [TEST_STEP][PASSED] - callTestCase(findTestCase("mobileWeb/_include/name"), [:], CONTINUE_ON_FAILURE): Call Test Case 'Test Cases/mobileWeb/_include/name' successfully

2019-10-24 08:15:03 - [TEST_CASE][PASSED] - Test Cases/mobileWeb/_include/name: Test Cases/mobileWeb/_include/name

2019-10-24 08:15:03 - [TEST_STEP][PASSED] - driver = getWebDriver(): null

2019-10-24 08:15:03 - [TEST_STEP][PASSED] - selenium = new com.thoughtworks.selenium.webdriven.WebDriverBackedSelenium(driver, internal.GlobalVariable.ENV): null

2019-10-24 08:15:03 - [TEST_STEP][PASSED] - FirstName = "Test-123": null

2019-10-24 08:15:03 - [TEST_STEP][PASSED] - LastName = selenium.getEval("{var x="ABCDEFGHIJKLMNOPQRSTUVWXYZabcdefghijklmnopqrstuvwxyz"; var tmp="ZZ11-"; for (i=0;i<8;i++) tmp+=x.charAt(Math.ceil(51*Math.random()));tmp;}"): null

2019-10-24 08:15:03 - [TEST_STEP][PASSED] - Address = selenium.getEval("{var x="ABCDEFGHIJKLMNOPQRSTUVWXYZabcdefghijklmnopqrstuvwxyz"; var tmp=""; for (i=0;i<8;i++) tmp+=x.charAt(Math.ceil(51*Math.random()));tmp;}"): null

2019-10-24 08:15:03 - [TEST_STEP][PASSED] - City = selenium.getEval("{var x="ABCDEFGHIJKLMNOPQRSTUVWXYZabcdefghijklmnopqrstuvwxyz"; var tmp=""; for (i=0;i<8;i++) tmp+=x.charAt(Math.ceil(51*Math.random()));tmp;}"): null

2019-10-24 08:15:03 - [TEST_STEP][PASSED] - tel1 = selenium.getEval("{var x="123456789"; var tmp=""; for (i=0;i<3;i++) tmp+=x.charAt(Math.ceil(8*Math.random()));tmp;}"): null

2019-10-24 08:15:03 - [TEST_STEP][PASSED] - tel2 = selenium.getEval("{var x="123456789"; var tmp=""; for (i=0;i<3;i++) tmp+=x.charAt(Math.ceil(8*Math.random()));tmp;}"): null

2019-10-24 08:15:03 - [TEST_STEP][PASSED] - tel3 = selenium.getEval("{var x="123456789"; var tmp=""; for (i=0;i<4;i++) tmp+=x.charAt(Math.ceil(8*Math.random()));tmp;}"): null

2019-10-24 08:15:03 - [TEST_STEP][PASSED] - Tel = selenium.getExpression(tel1 + "-" + tel2 + "-" + tel3): null

2019-10-24 08:15:03 - [TEST_STEP][PASSED] - AutoEmail = selenium.getEval("{var x="ABCDEFGHIJKLMNOPQRSTUVWXYZabcdefghijklmnopqrstuvwxyz"; var tmp="test."; for (i=0;i<8;i++) tmp+=x.charAt(Math.ceil(51*Math.random()));tmp+="@suryani.cn";}"): null

2019-10-24 08:15:03 - [TEST_STEP][PASSED] - FirstName = FirstName: null

2019-10-24 08:15:03 - [TEST_STEP][PASSED] - LastName = LastName: null

2019-10-24 08:15:03 - [TEST_STEP][PASSED] - Address = Address: null

2019-10-24 08:15:03 - [TEST_STEP][PASSED] - City = City: null

2019-10-24 08:15:03 - [TEST_STEP][PASSED] - Tel = Tel: null

2019-10-24 08:15:03 - [TEST_STEP][PASSED] - AutoEmail = AutoEmail: null

2019-10-24 08:15:03 - [TEST_STEP][PASSED] - println(FirstName): null

2019-10-24 08:15:03 - [TEST_STEP][PASSED] - println(LastName): null

2019-10-24 08:15:03 - [TEST_STEP][PASSED] - println(Address): null

2019-10-24 08:15:03 - [TEST_STEP][PASSED] - println(City): null

2019-10-24 08:15:03 - [TEST_STEP][PASSED] - println(Tel): null

2019-10-24 08:15:03 - [TEST_STEP][PASSED] - println(AutoEmail): null

2019-10-24 08:15:03 - [MESSAGE][PASSED] - Call Test Case 'Test Cases/mobileWeb/_include/name' successfully

2019-10-24 08:15:03 - [TEST_STEP][FAILED] - try: Unable to verify text 'Month Duration Acknowledgement' is present  (Root cause: com.kms.katalon.core.exception.StepFailedException: Text 'Month Duration Acknowledgement' is not present on page )

2019-10-24 08:15:03 - [TEST_STEP][FAILED] - if (verifyTextPresent("Month Duration Acknowledgement", false)): Unable to verify text 'Month Duration Acknowledgement' is present  (Root cause: com.kms.katalon.core.exception.StepFailedException: Text 'Month Duration Acknowledgement' is not present on page )

2019-10-24 08:15:03 - [MESSAGE][FAILED] - Text 'Month Duration Acknowledgement' is not present on page 

2019-10-24 08:15:04 - [MESSAGE][FAILED] - Unable to verify text 'Month Duration Acknowledgement' is present  (Root cause: com.kms.katalon.core.exception.StepFailedException: Text 'Month Duration Acknowledgement' is not present on page )
[[ATTACHMENT|D:\\Test\\AgileTest\\Reports\\mobileWeb\\stm\\20191024_080031\\1571919303948.png]]

2019-10-24 08:15:04 - [TEST_STEP][PASSED] - catch (Exception e): null

2019-10-24 08:15:04 - [TEST_STEP][PASSED] - println("no consecutive"): null

2019-10-24 08:15:04 - [TEST_STEP][PASSED] - waitForPageLoad(10): Wait for page load successfully

2019-10-24 08:15:04 - [MESSAGE][PASSED] - Wait for page load successfully

2019-10-24 08:15:04 - [TEST_STEP][PASSED] - Thread.sleep(3000): null

2019-10-24 08:15:07 - [TEST_STEP][PASSED] - waitForElementVisible(findTestObject("mobileSanity/STM/Page_App Page 1/a_Autofill App Info"), 20): Object 'Object Repository/mobileSanity/STM/Page_App Page 1/a_Autofill App Info' is visible

2019-10-24 08:15:07 - [MESSAGE][PASSED] - Object 'Object Repository/mobileSanity/STM/Page_App Page 1/a_Autofill App Info' is visible

2019-10-24 08:15:07 - [TEST_STEP][PASSED] - click(findTestObject("mobileSanity/STM/Page_App Page 1/a_Autofill App Info")): Object: 'Object Repository/mobileSanity/STM/Page_App Page 1/a_Autofill App Info' is clicked on

2019-10-24 08:15:07 - [MESSAGE][PASSED] - Object: 'Object Repository/mobileSanity/STM/Page_App Page 1/a_Autofill App Info' is clicked on

2019-10-24 08:15:07 - [TEST_STEP][PASSED] - Thread.sleep(1000): null

2019-10-24 08:15:08 - [TEST_STEP][PASSED] - click(findTestObject("mobileSanity/STM/Page_App Page 1/a_Autofill App Info")): Object: 'Object Repository/mobileSanity/STM/Page_App Page 1/a_Autofill App Info' is clicked on

2019-10-24 08:15:08 - [MESSAGE][PASSED] - Object: 'Object Repository/mobileSanity/STM/Page_App Page 1/a_Autofill App Info' is clicked on

2019-10-24 08:15:08 - [TEST_STEP][PASSED] - Thread.sleep(1000): null

2019-10-24 08:15:09 - [TEST_STEP][PASSED] - waitForElementVisible(findTestObject("mobileSanity/STM/Page_App Page 1/a_Continue"), 20): Object 'Object Repository/mobileSanity/STM/Page_App Page 1/a_Continue' is visible

2019-10-24 08:15:09 - [MESSAGE][PASSED] - Object 'Object Repository/mobileSanity/STM/Page_App Page 1/a_Continue' is visible

2019-10-24 08:15:09 - [TEST_STEP][PASSED] - click(findTestObject("mobileSanity/STM/Page_App Page 1/a_Continue")): Object: 'Object Repository/mobileSanity/STM/Page_App Page 1/a_Continue' is clicked on

2019-10-24 08:15:09 - [MESSAGE][PASSED] - Object: 'Object Repository/mobileSanity/STM/Page_App Page 1/a_Continue' is clicked on

2019-10-24 08:15:09 - [TEST_STEP][PASSED] - waitForPageLoad(20): Wait for page load successfully

2019-10-24 08:15:09 - [MESSAGE][PASSED] - Wait for page load successfully

2019-10-24 08:15:09 - [TEST_STEP][PASSED] - Thread.sleep(2000): null

2019-10-24 08:15:11 - [TEST_STEP][PASSED] - callTestCase(findTestCase("mobileWeb/_include/get_screenshot"), [:], STOP_ON_FAILURE): Call Test Case 'Test Cases/mobileWeb/_include/get_screenshot' successfully

2019-10-24 08:15:11 - [TEST_CASE][PASSED] - Test Cases/mobileWeb/_include/get_screenshot: Test Cases/mobileWeb/_include/get_screenshot

2019-10-24 08:15:11 - [TEST_STEP][PASSED] - takeScreenshot(screenPath + i + ".png"): Taking screenshot successfully

2019-10-24 08:15:12 - [MESSAGE][PASSED] - Taking screenshot successfully
[[ATTACHMENT|D:\\Test\\AgileTest\\Reports\\mobileWeb\\stm\\20191024_080031\\../Screenshots/iPhone 6/stm/LifeShield/20191024_081431/7.png]]

2019-10-24 08:15:12 - [TEST_STEP][PASSED] - (internal.GlobalVariable.i++): null

2019-10-24 08:15:12 - [MESSAGE][PASSED] - Call Test Case 'Test Cases/mobileWeb/_include/get_screenshot' successfully

2019-10-24 08:15:12 - [TEST_STEP][PASSED] - click(findTestObject("mobileSanity/STM/Page_App Page 2/a_Continue to Step 3 - Payment")): Object: 'Object Repository/mobileSanity/STM/Page_App Page 2/a_Continue to Step 3 - Payment' is clicked on

2019-10-24 08:15:12 - [MESSAGE][PASSED] - Object: 'Object Repository/mobileSanity/STM/Page_App Page 2/a_Continue to Step 3 - Payment' is clicked on

2019-10-24 08:15:12 - [TEST_STEP][PASSED] - waitForPageLoad(20): Wait for page load successfully

2019-10-24 08:15:12 - [MESSAGE][PASSED] - Wait for page load successfully

2019-10-24 08:15:12 - [TEST_STEP][PASSED] - waitForElementVisible(findTestObject("mobileSanity/STM/Page_App Page 3/input__credit-card-cvv"), 20): Object 'Object Repository/mobileSanity/STM/Page_App Page 3/input__credit-card-cvv' is visible

2019-10-24 08:15:12 - [MESSAGE][PASSED] - Object 'Object Repository/mobileSanity/STM/Page_App Page 3/input__credit-card-cvv' is visible

2019-10-24 08:15:12 - [TEST_STEP][PASSED] - Thread.sleep(2000): null

2019-10-24 08:15:14 - [TEST_STEP][PASSED] - callTestCase(findTestCase("mobileWeb/_include/get_screenshot"), [:], STOP_ON_FAILURE): Call Test Case 'Test Cases/mobileWeb/_include/get_screenshot' successfully

2019-10-24 08:15:14 - [TEST_CASE][PASSED] - Test Cases/mobileWeb/_include/get_screenshot: Test Cases/mobileWeb/_include/get_screenshot

2019-10-24 08:15:14 - [TEST_STEP][PASSED] - takeScreenshot(screenPath + i + ".png"): Taking screenshot successfully

2019-10-24 08:15:15 - [MESSAGE][PASSED] - Taking screenshot successfully
[[ATTACHMENT|D:\\Test\\AgileTest\\Reports\\mobileWeb\\stm\\20191024_080031\\../Screenshots/iPhone 6/stm/LifeShield/20191024_081431/8.png]]

2019-10-24 08:15:15 - [TEST_STEP][PASSED] - (internal.GlobalVariable.i++): null

2019-10-24 08:15:15 - [MESSAGE][PASSED] - Call Test Case 'Test Cases/mobileWeb/_include/get_screenshot' successfully

2019-10-24 08:15:15 - [TEST_STEP][PASSED] - clearText(findTestObject("mobileSanity/STM/Page_App Page 3/input__credit-card-cvv")): Text of object 'Object Repository/mobileSanity/STM/Page_App Page 3/input__credit-card-cvv' is cleared

2019-10-24 08:15:15 - [MESSAGE][PASSED] - Text of object 'Object Repository/mobileSanity/STM/Page_App Page 3/input__credit-card-cvv' is cleared

2019-10-24 08:15:15 - [TEST_STEP][PASSED] - setText(findTestObject("mobileSanity/STM/Page_App Page 3/input__credit-card-cvv"), "123"): Text '123' is set on object 'Object Repository/mobileSanity/STM/Page_App Page 3/input__credit-card-cvv'

2019-10-24 08:15:15 - [MESSAGE][PASSED] - Text '123' is set on object 'Object Repository/mobileSanity/STM/Page_App Page 3/input__credit-card-cvv'

2019-10-24 08:15:15 - [TEST_STEP][PASSED] - click(findTestObject("mobileSanity/STM/Page_App Page 3/label_I Accept Authorization f")): Object: 'Object Repository/mobileSanity/STM/Page_App Page 3/label_I Accept Authorization f' is clicked on

2019-10-24 08:15:15 - [MESSAGE][PASSED] - Object: 'Object Repository/mobileSanity/STM/Page_App Page 3/label_I Accept Authorization f' is clicked on

2019-10-24 08:15:15 - [TEST_STEP][PASSED] - click(findTestObject("mobileSanity/STM/Page_App Page 3/a_Continue to Step 4 - Review")): Object: 'Object Repository/mobileSanity/STM/Page_App Page 3/a_Continue to Step 4 - Review' is clicked on

2019-10-24 08:15:15 - [MESSAGE][PASSED] - Object: 'Object Repository/mobileSanity/STM/Page_App Page 3/a_Continue to Step 4 - Review' is clicked on

2019-10-24 08:15:15 - [TEST_STEP][PASSED] - waitForPageLoad(10): Wait for page load successfully

2019-10-24 08:15:15 - [MESSAGE][PASSED] - Wait for page load successfully

2019-10-24 08:15:15 - [TEST_STEP][PASSED] - waitForElementClickable(findTestObject("mobileSanity/STM/Page_App Page 4/label"), 10): Object 'Object Repository/mobileSanity/STM/Page_App Page 4/label' is clickable

2019-10-24 08:15:16 - [MESSAGE][PASSED] - Object 'Object Repository/mobileSanity/STM/Page_App Page 4/label' is clickable

2019-10-24 08:15:16 - [TEST_STEP][PASSED] - Thread.sleep(2000): null

2019-10-24 08:15:18 - [TEST_STEP][PASSED] - callTestCase(findTestCase("mobileWeb/_include/get_screenshot"), [:], STOP_ON_FAILURE): Call Test Case 'Test Cases/mobileWeb/_include/get_screenshot' successfully

2019-10-24 08:15:18 - [TEST_CASE][PASSED] - Test Cases/mobileWeb/_include/get_screenshot: Test Cases/mobileWeb/_include/get_screenshot

2019-10-24 08:15:18 - [TEST_STEP][PASSED] - takeScreenshot(screenPath + i + ".png"): Taking screenshot successfully

2019-10-24 08:15:18 - [MESSAGE][PASSED] - Taking screenshot successfully
[[ATTACHMENT|D:\\Test\\AgileTest\\Reports\\mobileWeb\\stm\\20191024_080031\\../Screenshots/iPhone 6/stm/LifeShield/20191024_081431/9.png]]

2019-10-24 08:15:18 - [TEST_STEP][PASSED] - (internal.GlobalVariable.i++): null

2019-10-24 08:15:18 - [MESSAGE][PASSED] - Call Test Case 'Test Cases/mobileWeb/_include/get_screenshot' successfully

2019-10-24 08:15:18 - [TEST_STEP][PASSED] - click(findTestObject("mobileSanity/STM/Page_App Page 4/label")): Object: 'Object Repository/mobileSanity/STM/Page_App Page 4/label' is clicked on

2019-10-24 08:15:18 - [MESSAGE][PASSED] - Object: 'Object Repository/mobileSanity/STM/Page_App Page 4/label' is clicked on

2019-10-24 08:15:18 - [TEST_STEP][PASSED] - click(findTestObject("mobileSanity/STM/Page_App Page 4/div_CLICK TO SIGN")): Object: 'Object Repository/mobileSanity/STM/Page_App Page 4/div_CLICK TO SIGN' is clicked on

2019-10-24 08:15:18 - [MESSAGE][PASSED] - Object: 'Object Repository/mobileSanity/STM/Page_App Page 4/div_CLICK TO SIGN' is clicked on

2019-10-24 08:15:18 - [TEST_STEP][PASSED] - click(findTestObject("mobileSanity/STM/Page_App Page 4/a_Submit Your Application")): Object: 'Object Repository/mobileSanity/STM/Page_App Page 4/a_Submit Your Application' is clicked on

2019-10-24 08:15:18 - [MESSAGE][PASSED] - Object: 'Object Repository/mobileSanity/STM/Page_App Page 4/a_Submit Your Application' is clicked on

2019-10-24 08:15:18 - [TEST_STEP][PASSED] - Thread.sleep(30000): null

2019-10-24 08:15:48 - [TEST_STEP][PASSED] - waitForElementPresent(findTestObject("mobileSanity/STM/Page_App Page 6/app-page-wrapper"), 20): Object 'Object Repository/mobileSanity/STM/Page_App Page 6/app-page-wrapper' is present

2019-10-24 08:15:49 - [MESSAGE][PASSED] - Object 'Object Repository/mobileSanity/STM/Page_App Page 6/app-page-wrapper' is present

2019-10-24 08:15:49 - [TEST_STEP][PASSED] - callTestCase(findTestCase("mobileWeb/_include/get_screenshot"), [:], STOP_ON_FAILURE): Call Test Case 'Test Cases/mobileWeb/_include/get_screenshot' successfully

2019-10-24 08:15:49 - [TEST_CASE][PASSED] - Test Cases/mobileWeb/_include/get_screenshot: Test Cases/mobileWeb/_include/get_screenshot

2019-10-24 08:15:49 - [TEST_STEP][PASSED] - takeScreenshot(screenPath + i + ".png"): Taking screenshot successfully

2019-10-24 08:15:49 - [MESSAGE][PASSED] - Taking screenshot successfully
[[ATTACHMENT|D:\\Test\\AgileTest\\Reports\\mobileWeb\\stm\\20191024_080031\\../Screenshots/iPhone 6/stm/LifeShield/20191024_081431/10.png]]

2019-10-24 08:15:49 - [TEST_STEP][PASSED] - (internal.GlobalVariable.i++): null

2019-10-24 08:15:49 - [MESSAGE][PASSED] - Call Test Case 'Test Cases/mobileWeb/_include/get_screenshot' successfully

2019-10-24 08:15:49 - [MESSAGE][PASSED] - Call Test Case 'Test Cases/mobileWeb/_include/goToEnd_stm_autofill' successfully]]></system-out>
         <system-err><![CDATA[]]></system-err>
      </testcase>
      <testcase name="Test Cases/mobileWeb/stm/NationalGeneral" classname="Test Cases/mobileWeb/stm/NationalGeneral" status="PASSED">
         <system-out><![CDATA[2019-10-24 08:15:49 - [TEST_CASE][PASSED] - Test Cases/mobileWeb/stm/NationalGeneral: Test Cases/mobileWeb/stm/NationalGeneral

2019-10-24 08:15:49 - [TEST_STEP][PASSED] - callTestCase(findTestCase("mobileWeb/_include/get_screenPath"), ["productLine":"stm", "carrierName":"National General"], CONTINUE_ON_FAILURE): Call Test Case 'Test Cases/mobileWeb/_include/get_screenPath' successfully

2019-10-24 08:15:49 - [TEST_CASE][PASSED] - Test Cases/mobileWeb/_include/get_screenPath: Test Cases/mobileWeb/_include/get_screenPath

2019-10-24 08:15:49 - [TEST_STEP][PASSED] - m = getExecutionProperties(): null

2019-10-24 08:15:49 - [TEST_STEP][PASSED] - deviceName = get("mobileEmulation").get("deviceName"): null

2019-10-24 08:15:49 - [TEST_STEP][PASSED] - println(deviceName): null

2019-10-24 08:15:49 - [TEST_STEP][PASSED] - now = new java.util.Date(): null

2019-10-24 08:15:49 - [TEST_STEP][PASSED] - mydate = now.format("yyyyMMdd_HHmmss"): null

2019-10-24 08:15:49 - [TEST_STEP][PASSED] - screenPath = "../Screenshots/": null

2019-10-24 08:15:49 - [TEST_STEP][PASSED] - screenPath = screenPath + deviceName + "/" + productLine + "/" + carrierName + "/" + mydate + "/": null

2019-10-24 08:15:49 - [TEST_STEP][PASSED] - println(screenPath): null

2019-10-24 08:15:49 - [MESSAGE][PASSED] - Call Test Case 'Test Cases/mobileWeb/_include/get_screenPath' successfully

2019-10-24 08:15:49 - [TEST_STEP][PASSED] - i = 0: null

2019-10-24 08:15:49 - [TEST_STEP][PASSED] - callTestCase(findTestCase("mobileWeb/_include/openWebSite"), [:], CONTINUE_ON_FAILURE): Call Test Case 'Test Cases/mobileWeb/_include/openWebSite' successfully

2019-10-24 08:15:49 - [TEST_CASE][PASSED] - Test Cases/mobileWeb/_include/openWebSite: Test Cases/mobileWeb/_include/openWebSite

2019-10-24 08:15:49 - [TEST_STEP][PASSED] - openBrowser(env): Browser is opened with url: 'https://praetemptatus.agilehealthinsurance.com'

2019-10-24 08:15:49 - [MESSAGE][WARNING] - A browser is already opened. Closing browser and opening a new one

2019-10-24 08:15:50 - [MESSAGE][INFO] - Starting 'Chrome' driver

2019-10-24 08:15:50 - [MESSAGE][INFO] - User set preference: ['mobileEmulation', '{deviceName=iPhone 6}']

2019-10-24 08:15:50 - [MESSAGE][INFO] - User set preference: ['args', '[--incognito, --aggressive-cache-discard, --window-size=375,677, --no-sandbox]']

2019-10-24 08:15:52 - [MESSAGE][PASSED] - Browser is opened with url: 'https://praetemptatus.agilehealthinsurance.com'

2019-10-24 08:15:52 - [TEST_STEP][PASSED] - waitForPageLoad(20): Wait for page load successfully

2019-10-24 08:15:52 - [MESSAGE][PASSED] - Wait for page load successfully

2019-10-24 08:15:52 - [TEST_STEP][PASSED] - Thread.sleep(2000): null

2019-10-24 08:15:54 - [TEST_STEP][PASSED] - callTestCase(findTestCase("mobileWeb/_include/get_screenshot"), [:], STOP_ON_FAILURE): Call Test Case 'Test Cases/mobileWeb/_include/get_screenshot' successfully

2019-10-24 08:15:54 - [TEST_CASE][PASSED] - Test Cases/mobileWeb/_include/get_screenshot: Test Cases/mobileWeb/_include/get_screenshot

2019-10-24 08:15:54 - [TEST_STEP][PASSED] - takeScreenshot(screenPath + i + ".png"): Taking screenshot successfully

2019-10-24 08:15:54 - [MESSAGE][PASSED] - Taking screenshot successfully
[[ATTACHMENT|D:\\Test\\AgileTest\\Reports\\mobileWeb\\stm\\20191024_080031\\../Screenshots/iPhone 6/stm/National General/20191024_081549/0.png]]

2019-10-24 08:15:54 - [TEST_STEP][PASSED] - (internal.GlobalVariable.i++): null

2019-10-24 08:15:54 - [MESSAGE][PASSED] - Call Test Case 'Test Cases/mobileWeb/_include/get_screenshot' successfully

2019-10-24 08:15:54 - [MESSAGE][PASSED] - Call Test Case 'Test Cases/mobileWeb/_include/openWebSite' successfully

2019-10-24 08:15:54 - [TEST_STEP][PASSED] - callTestCase(findTestCase("mobileWeb/_include/census_stm"), [:], CONTINUE_ON_FAILURE): Call Test Case 'Test Cases/mobileWeb/_include/census_stm' successfully

2019-10-24 08:15:54 - [TEST_CASE][PASSED] - Test Cases/mobileWeb/_include/census_stm: Test Cases/mobileWeb/_include/census_stm

2019-10-24 08:15:54 - [TEST_STEP][PASSED] - waitForElementClickable(findTestObject("mobileSanity/STM/Home Page/a_Quote  Save Today"), 10): Object 'Object Repository/mobileSanity/STM/Home Page/a_Quote  Save Today' is clickable

2019-10-24 08:15:55 - [MESSAGE][PASSED] - Object 'Object Repository/mobileSanity/STM/Home Page/a_Quote  Save Today' is clickable

2019-10-24 08:15:55 - [TEST_STEP][PASSED] - click(findTestObject("mobileSanity/STM/Home Page/a_Quote  Save Today")): Object: 'Object Repository/mobileSanity/STM/Home Page/a_Quote  Save Today' is clicked on

2019-10-24 08:15:55 - [MESSAGE][PASSED] - Object: 'Object Repository/mobileSanity/STM/Home Page/a_Quote  Save Today' is clicked on

2019-10-24 08:15:55 - [TEST_STEP][PASSED] - waitForPageLoad(10): Wait for page load successfully

2019-10-24 08:15:55 - [MESSAGE][PASSED] - Wait for page load successfully

2019-10-24 08:15:55 - [TEST_STEP][PASSED] - callTestCase(findTestCase("mobileWeb/_include/get_screenshot"), [:], STOP_ON_FAILURE): Call Test Case 'Test Cases/mobileWeb/_include/get_screenshot' successfully

2019-10-24 08:15:55 - [TEST_CASE][PASSED] - Test Cases/mobileWeb/_include/get_screenshot: Test Cases/mobileWeb/_include/get_screenshot

2019-10-24 08:15:55 - [TEST_STEP][PASSED] - takeScreenshot(screenPath + i + ".png"): Taking screenshot successfully

2019-10-24 08:15:56 - [MESSAGE][PASSED] - Taking screenshot successfully
[[ATTACHMENT|D:\\Test\\AgileTest\\Reports\\mobileWeb\\stm\\20191024_080031\\../Screenshots/iPhone 6/stm/National General/20191024_081549/1.png]]

2019-10-24 08:15:56 - [TEST_STEP][PASSED] - (internal.GlobalVariable.i++): null

2019-10-24 08:15:56 - [MESSAGE][PASSED] - Call Test Case 'Test Cases/mobileWeb/_include/get_screenshot' successfully

2019-10-24 08:15:56 - [TEST_STEP][PASSED] - setText(findTestObject("mobileSanity/STM/STM Census Page/input_Location_zip-input"), zipcode): Text '35215' is set on object 'Object Repository/mobileSanity/STM/STM Census Page/input_Location_zip-input'

2019-10-24 08:15:56 - [MESSAGE][PASSED] - Text '35215' is set on object 'Object Repository/mobileSanity/STM/STM Census Page/input_Location_zip-input'

2019-10-24 08:15:56 - [TEST_STEP][PASSED] - Thread.sleep(500): null

2019-10-24 08:15:56 - [TEST_STEP][PASSED] - setText(findTestObject("mobileSanity/STM/STM Census Page/input_Date of Birth_dob-0"), "03031987"): Text '03031987' is set on object 'Object Repository/mobileSanity/STM/STM Census Page/input_Date of Birth_dob-0'

2019-10-24 08:15:56 - [MESSAGE][PASSED] - Text '03031987' is set on object 'Object Repository/mobileSanity/STM/STM Census Page/input_Date of Birth_dob-0'

2019-10-24 08:15:56 - [TEST_STEP][PASSED] - click(findTestObject("mobileSanity/STM/STM Census Page/label_Male")): Object: 'Object Repository/mobileSanity/STM/STM Census Page/label_Male' is clicked on

2019-10-24 08:15:57 - [MESSAGE][PASSED] - Object: 'Object Repository/mobileSanity/STM/STM Census Page/label_Male' is clicked on

2019-10-24 08:15:57 - [TEST_STEP][PASSED] - click(findTestObject("mobileSanity/STM/STM Census Page/label_Compare Plans")): Object: 'Object Repository/mobileSanity/STM/STM Census Page/label_Compare Plans' is clicked on

2019-10-24 08:15:58 - [MESSAGE][PASSED] - Object: 'Object Repository/mobileSanity/STM/STM Census Page/label_Compare Plans' is clicked on

2019-10-24 08:15:58 - [TEST_STEP][PASSED] - waitForElementVisible(findTestObject("mobileSanity/STM/STM Quote Page/button_sort"), 20): Object 'Object Repository/mobileSanity/STM/STM Quote Page/button_sort' is visible

2019-10-24 08:15:59 - [MESSAGE][PASSED] - Object 'Object Repository/mobileSanity/STM/STM Quote Page/button_sort' is visible

2019-10-24 08:15:59 - [TEST_STEP][PASSED] - Thread.sleep(3000): null

2019-10-24 08:16:02 - [TEST_STEP][PASSED] - callTestCase(findTestCase("mobileWeb/_include/get_screenshot"), [:], STOP_ON_FAILURE): Call Test Case 'Test Cases/mobileWeb/_include/get_screenshot' successfully

2019-10-24 08:16:02 - [TEST_CASE][PASSED] - Test Cases/mobileWeb/_include/get_screenshot: Test Cases/mobileWeb/_include/get_screenshot

2019-10-24 08:16:02 - [TEST_STEP][PASSED] - takeScreenshot(screenPath + i + ".png"): Taking screenshot successfully

2019-10-24 08:16:02 - [MESSAGE][PASSED] - Taking screenshot successfully
[[ATTACHMENT|D:\\Test\\AgileTest\\Reports\\mobileWeb\\stm\\20191024_080031\\../Screenshots/iPhone 6/stm/National General/20191024_081549/2.png]]

2019-10-24 08:16:02 - [TEST_STEP][PASSED] - (internal.GlobalVariable.i++): null

2019-10-24 08:16:02 - [MESSAGE][PASSED] - Call Test Case 'Test Cases/mobileWeb/_include/get_screenshot' successfully

2019-10-24 08:16:02 - [TEST_STEP][PASSED] - Thread.sleep(1000): null

2019-10-24 08:16:03 - [MESSAGE][PASSED] - Call Test Case 'Test Cases/mobileWeb/_include/census_stm' successfully

2019-10-24 08:16:03 - [TEST_STEP][PASSED] - callTestCase(findTestCase("mobileWeb/_include/filter_stm"), ["carrier":"nationalgeneral"], STOP_ON_FAILURE): Call Test Case 'Test Cases/mobileWeb/_include/filter_stm' successfully

2019-10-24 08:16:03 - [TEST_CASE][PASSED] - Test Cases/mobileWeb/_include/filter_stm: Test Cases/mobileWeb/_include/filter_stm

2019-10-24 08:16:03 - [TEST_STEP][PASSED] - driver = getWebDriver(): null

2019-10-24 08:16:03 - [TEST_STEP][PASSED] - selenium = new com.thoughtworks.selenium.webdriven.WebDriverBackedSelenium(driver, internal.GlobalVariable.ENV): null

2019-10-24 08:16:03 - [TEST_STEP][PASSED] - Thread.sleep(1000): null

2019-10-24 08:16:04 - [TEST_STEP][PASSED] - click(findTestObject("mobileSanity/STM/STM Quote Page/button_filters")): Object: 'Object Repository/mobileSanity/STM/STM Quote Page/button_filters' is clicked on

2019-10-24 08:16:04 - [MESSAGE][PASSED] - Object: 'Object Repository/mobileSanity/STM/STM Quote Page/button_filters' is clicked on

2019-10-24 08:16:04 - [TEST_STEP][PASSED] - Thread.sleep(1000): null

2019-10-24 08:16:05 - [TEST_STEP][PASSED] - click(findTestObject("mobileSanity/STM/STM Quote Page/i_Insurance company")): Object: 'Object Repository/mobileSanity/STM/STM Quote Page/i_Insurance company' is clicked on

2019-10-24 08:16:05 - [MESSAGE][PASSED] - Object: 'Object Repository/mobileSanity/STM/STM Quote Page/i_Insurance company' is clicked on

2019-10-24 08:16:05 - [TEST_STEP][PASSED] - Thread.sleep(1000): null

2019-10-24 08:16:06 - [TEST_STEP][PASSED] - filter_carrier = "//input[@name='filter[carrier]' and @value='" + carrier + "']/following::label": null

2019-10-24 08:16:06 - [TEST_STEP][PASSED] - println(filter_carrier): null

2019-10-24 08:16:06 - [TEST_STEP][PASSED] - test.MobileKeywords.clickJS_ByXpath(filter_carrier): test.MobileKeywords.clickJS_ByXpath is PASSED

2019-10-24 08:16:06 - [MESSAGE][PASSED] - Execute JavaScript 'arguments[0].click()' successfully

2019-10-24 08:16:06 - [MESSAGE][PASSED] - test.MobileKeywords.clickJS_ByXpath is PASSED

2019-10-24 08:16:06 - [TEST_STEP][PASSED] - Thread.sleep(1000): null

2019-10-24 08:16:07 - [TEST_STEP][PASSED] - scrollToElement(findTestObject("mobileSanity/STM/STM Quote Page/a_Show Plans"), 1000): Scroll to object 'Object Repository/mobileSanity/STM/STM Quote Page/a_Show Plans' successfully

2019-10-24 08:16:08 - [MESSAGE][PASSED] - Scroll to object 'Object Repository/mobileSanity/STM/STM Quote Page/a_Show Plans' successfully

2019-10-24 08:16:08 - [TEST_STEP][PASSED] - click(findTestObject("mobileSanity/STM/STM Quote Page/a_Show Plans")): Object: 'Object Repository/mobileSanity/STM/STM Quote Page/a_Show Plans' is clicked on

2019-10-24 08:16:08 - [MESSAGE][PASSED] - Object: 'Object Repository/mobileSanity/STM/STM Quote Page/a_Show Plans' is clicked on

2019-10-24 08:16:08 - [TEST_STEP][PASSED] - waitForJQueryLoad(20, STOP_ON_FAILURE): jQuery is ready.

2019-10-24 08:16:08 - [MESSAGE][PASSED] - jQuery is ready.

2019-10-24 08:16:08 - [TEST_STEP][PASSED] - Thread.sleep(2000): null

2019-10-24 08:16:10 - [TEST_STEP][PASSED] - callTestCase(findTestCase("mobileWeb/_include/get_screenshot"), [:], STOP_ON_FAILURE): Call Test Case 'Test Cases/mobileWeb/_include/get_screenshot' successfully

2019-10-24 08:16:10 - [TEST_CASE][PASSED] - Test Cases/mobileWeb/_include/get_screenshot: Test Cases/mobileWeb/_include/get_screenshot

2019-10-24 08:16:10 - [TEST_STEP][PASSED] - takeScreenshot(screenPath + i + ".png"): Taking screenshot successfully

2019-10-24 08:16:10 - [MESSAGE][PASSED] - Taking screenshot successfully
[[ATTACHMENT|D:\\Test\\AgileTest\\Reports\\mobileWeb\\stm\\20191024_080031\\../Screenshots/iPhone 6/stm/National General/20191024_081549/3.png]]

2019-10-24 08:16:10 - [TEST_STEP][PASSED] - (internal.GlobalVariable.i++): null

2019-10-24 08:16:10 - [MESSAGE][PASSED] - Call Test Case 'Test Cases/mobileWeb/_include/get_screenshot' successfully

2019-10-24 08:16:10 - [MESSAGE][PASSED] - Call Test Case 'Test Cases/mobileWeb/_include/filter_stm' successfully

2019-10-24 08:16:10 - [TEST_STEP][PASSED] - callTestCase(findTestCase("mobileWeb/_include/goToDetail_stm"), ["carrier":"nationalgeneral"], STOP_ON_FAILURE): Call Test Case 'Test Cases/mobileWeb/_include/goToDetail_stm' successfully

2019-10-24 08:16:10 - [TEST_CASE][PASSED] - Test Cases/mobileWeb/_include/goToDetail_stm: Test Cases/mobileWeb/_include/goToDetail_stm

2019-10-24 08:16:10 - [TEST_STEP][PASSED] - driver = getWebDriver(): null

2019-10-24 08:16:10 - [TEST_STEP][PASSED] - selenium = new com.thoughtworks.selenium.webdriven.WebDriverBackedSelenium(driver, internal.GlobalVariable.ENV): null

2019-10-24 08:16:10 - [TEST_STEP][PASSED] - a_plan_name = "xpath=//a[contains(@href,'/term-health-insurance/plan/" + carrier + "')]": null

2019-10-24 08:16:10 - [TEST_STEP][PASSED] - println(a_plan_name): null

2019-10-24 08:16:10 - [TEST_STEP][PASSED] - selenium.click(a_plan_name): null

2019-10-24 08:16:11 - [TEST_STEP][PASSED] - waitForPageLoad(20): Wait for page load successfully

2019-10-24 08:16:11 - [MESSAGE][PASSED] - Wait for page load successfully

2019-10-24 08:16:11 - [TEST_STEP][PASSED] - Thread.sleep(2000): null

2019-10-24 08:16:13 - [TEST_STEP][PASSED] - callTestCase(findTestCase("mobileWeb/_include/get_screenshot"), [:], STOP_ON_FAILURE): Call Test Case 'Test Cases/mobileWeb/_include/get_screenshot' successfully

2019-10-24 08:16:14 - [TEST_CASE][PASSED] - Test Cases/mobileWeb/_include/get_screenshot: Test Cases/mobileWeb/_include/get_screenshot

2019-10-24 08:16:14 - [TEST_STEP][PASSED] - takeScreenshot(screenPath + i + ".png"): Taking screenshot successfully

2019-10-24 08:16:14 - [MESSAGE][PASSED] - Taking screenshot successfully
[[ATTACHMENT|D:\\Test\\AgileTest\\Reports\\mobileWeb\\stm\\20191024_080031\\../Screenshots/iPhone 6/stm/National General/20191024_081549/4.png]]

2019-10-24 08:16:14 - [TEST_STEP][PASSED] - (internal.GlobalVariable.i++): null

2019-10-24 08:16:14 - [MESSAGE][PASSED] - Call Test Case 'Test Cases/mobileWeb/_include/get_screenshot' successfully

2019-10-24 08:16:14 - [MESSAGE][PASSED] - Call Test Case 'Test Cases/mobileWeb/_include/goToDetail_stm' successfully

2019-10-24 08:16:14 - [TEST_STEP][PASSED] - callTestCase(findTestCase("mobileWeb/_include/apply_stm"), [:], STOP_ON_FAILURE): Call Test Case 'Test Cases/mobileWeb/_include/apply_stm' successfully

2019-10-24 08:16:14 - [TEST_CASE][PASSED] - Test Cases/mobileWeb/_include/apply_stm: Test Cases/mobileWeb/_include/apply_stm

2019-10-24 08:16:14 - [TEST_STEP][PASSED] - waitForElementVisible(findTestObject("mobileSanity/STM/STM PlanDetail Page/a_Apply for This Plan"), 5): Object 'Object Repository/mobileSanity/STM/STM PlanDetail Page/a_Apply for This Plan' is visible

2019-10-24 08:16:14 - [MESSAGE][PASSED] - Object 'Object Repository/mobileSanity/STM/STM PlanDetail Page/a_Apply for This Plan' is visible

2019-10-24 08:16:14 - [TEST_STEP][PASSED] - click(findTestObject("mobileSanity/STM/STM PlanDetail Page/a_Apply for This Plan")): Object: 'Object Repository/mobileSanity/STM/STM PlanDetail Page/a_Apply for This Plan' is clicked on

2019-10-24 08:16:15 - [MESSAGE][PASSED] - Object: 'Object Repository/mobileSanity/STM/STM PlanDetail Page/a_Apply for This Plan' is clicked on

2019-10-24 08:16:15 - [TEST_STEP][PASSED] - waitForPageLoad(10): Wait for page load successfully

2019-10-24 08:16:15 - [MESSAGE][PASSED] - Wait for page load successfully

2019-10-24 08:16:15 - [TEST_STEP][PASSED] - Thread.sleep(2000): null

2019-10-24 08:16:17 - [TEST_STEP][PASSED] - callTestCase(findTestCase("mobileWeb/_include/get_screenshot"), [:], STOP_ON_FAILURE): Call Test Case 'Test Cases/mobileWeb/_include/get_screenshot' successfully

2019-10-24 08:16:17 - [TEST_CASE][PASSED] - Test Cases/mobileWeb/_include/get_screenshot: Test Cases/mobileWeb/_include/get_screenshot

2019-10-24 08:16:17 - [TEST_STEP][PASSED] - takeScreenshot(screenPath + i + ".png"): Taking screenshot successfully

2019-10-24 08:16:17 - [MESSAGE][PASSED] - Taking screenshot successfully
[[ATTACHMENT|D:\\Test\\AgileTest\\Reports\\mobileWeb\\stm\\20191024_080031\\../Screenshots/iPhone 6/stm/National General/20191024_081549/5.png]]

2019-10-24 08:16:17 - [TEST_STEP][PASSED] - (internal.GlobalVariable.i++): null

2019-10-24 08:16:17 - [MESSAGE][PASSED] - Call Test Case 'Test Cases/mobileWeb/_include/get_screenshot' successfully

2019-10-24 08:16:17 - [TEST_STEP][PASSED] - waitForElementVisible(findTestObject("mobileSanity/STM/STM Apply Page/a_Start Secure Application"), 5): Object 'Object Repository/mobileSanity/STM/STM Apply Page/a_Start Secure Application' is visible

2019-10-24 08:16:17 - [MESSAGE][PASSED] - Object 'Object Repository/mobileSanity/STM/STM Apply Page/a_Start Secure Application' is visible

2019-10-24 08:16:17 - [TEST_STEP][PASSED] - click(findTestObject("mobileSanity/STM/STM Apply Page/a_Start Secure Application")): Object: 'Object Repository/mobileSanity/STM/STM Apply Page/a_Start Secure Application' is clicked on

2019-10-24 08:16:19 - [MESSAGE][PASSED] - Object: 'Object Repository/mobileSanity/STM/STM Apply Page/a_Start Secure Application' is clicked on

2019-10-24 08:16:19 - [TEST_STEP][PASSED] - waitForPageLoad(20): Wait for page load successfully

2019-10-24 08:16:19 - [MESSAGE][PASSED] - Wait for page load successfully

2019-10-24 08:16:19 - [TEST_STEP][PASSED] - Thread.sleep(2000): null

2019-10-24 08:16:21 - [TEST_STEP][PASSED] - callTestCase(findTestCase("mobileWeb/_include/get_screenshot"), [:], STOP_ON_FAILURE): Call Test Case 'Test Cases/mobileWeb/_include/get_screenshot' successfully

2019-10-24 08:16:21 - [TEST_CASE][PASSED] - Test Cases/mobileWeb/_include/get_screenshot: Test Cases/mobileWeb/_include/get_screenshot

2019-10-24 08:16:21 - [TEST_STEP][PASSED] - takeScreenshot(screenPath + i + ".png"): Taking screenshot successfully

2019-10-24 08:16:21 - [MESSAGE][PASSED] - Taking screenshot successfully
[[ATTACHMENT|D:\\Test\\AgileTest\\Reports\\mobileWeb\\stm\\20191024_080031\\../Screenshots/iPhone 6/stm/National General/20191024_081549/6.png]]

2019-10-24 08:16:21 - [TEST_STEP][PASSED] - (internal.GlobalVariable.i++): null

2019-10-24 08:16:21 - [MESSAGE][PASSED] - Call Test Case 'Test Cases/mobileWeb/_include/get_screenshot' successfully

2019-10-24 08:16:21 - [MESSAGE][PASSED] - Call Test Case 'Test Cases/mobileWeb/_include/apply_stm' successfully

2019-10-24 08:16:21 - [TEST_STEP][PASSED] - callTestCase(findTestCase("mobileWeb/_include/goToEnd_stm_autofill"), [:], STOP_ON_FAILURE): Call Test Case 'Test Cases/mobileWeb/_include/goToEnd_stm_autofill' successfully

2019-10-24 08:16:21 - [TEST_CASE][PASSED] - Test Cases/mobileWeb/_include/goToEnd_stm_autofill: Test Cases/mobileWeb/_include/goToEnd_stm_autofill

2019-10-24 08:16:21 - [TEST_STEP][PASSED] - callTestCase(findTestCase("mobileWeb/_include/name"), [:], CONTINUE_ON_FAILURE): Call Test Case 'Test Cases/mobileWeb/_include/name' successfully

2019-10-24 08:16:21 - [TEST_CASE][PASSED] - Test Cases/mobileWeb/_include/name: Test Cases/mobileWeb/_include/name

2019-10-24 08:16:21 - [TEST_STEP][PASSED] - driver = getWebDriver(): null

2019-10-24 08:16:21 - [TEST_STEP][PASSED] - selenium = new com.thoughtworks.selenium.webdriven.WebDriverBackedSelenium(driver, internal.GlobalVariable.ENV): null

2019-10-24 08:16:21 - [TEST_STEP][PASSED] - FirstName = "Test-123": null

2019-10-24 08:16:21 - [TEST_STEP][PASSED] - LastName = selenium.getEval("{var x="ABCDEFGHIJKLMNOPQRSTUVWXYZabcdefghijklmnopqrstuvwxyz"; var tmp="ZZ11-"; for (i=0;i<8;i++) tmp+=x.charAt(Math.ceil(51*Math.random()));tmp;}"): null

2019-10-24 08:16:21 - [TEST_STEP][PASSED] - Address = selenium.getEval("{var x="ABCDEFGHIJKLMNOPQRSTUVWXYZabcdefghijklmnopqrstuvwxyz"; var tmp=""; for (i=0;i<8;i++) tmp+=x.charAt(Math.ceil(51*Math.random()));tmp;}"): null

2019-10-24 08:16:21 - [TEST_STEP][PASSED] - City = selenium.getEval("{var x="ABCDEFGHIJKLMNOPQRSTUVWXYZabcdefghijklmnopqrstuvwxyz"; var tmp=""; for (i=0;i<8;i++) tmp+=x.charAt(Math.ceil(51*Math.random()));tmp;}"): null

2019-10-24 08:16:21 - [TEST_STEP][PASSED] - tel1 = selenium.getEval("{var x="123456789"; var tmp=""; for (i=0;i<3;i++) tmp+=x.charAt(Math.ceil(8*Math.random()));tmp;}"): null

2019-10-24 08:16:21 - [TEST_STEP][PASSED] - tel2 = selenium.getEval("{var x="123456789"; var tmp=""; for (i=0;i<3;i++) tmp+=x.charAt(Math.ceil(8*Math.random()));tmp;}"): null

2019-10-24 08:16:21 - [TEST_STEP][PASSED] - tel3 = selenium.getEval("{var x="123456789"; var tmp=""; for (i=0;i<4;i++) tmp+=x.charAt(Math.ceil(8*Math.random()));tmp;}"): null

2019-10-24 08:16:21 - [TEST_STEP][PASSED] - Tel = selenium.getExpression(tel1 + "-" + tel2 + "-" + tel3): null

2019-10-24 08:16:21 - [TEST_STEP][PASSED] - AutoEmail = selenium.getEval("{var x="ABCDEFGHIJKLMNOPQRSTUVWXYZabcdefghijklmnopqrstuvwxyz"; var tmp="test."; for (i=0;i<8;i++) tmp+=x.charAt(Math.ceil(51*Math.random()));tmp+="@suryani.cn";}"): null

2019-10-24 08:16:21 - [TEST_STEP][PASSED] - FirstName = FirstName: null

2019-10-24 08:16:21 - [TEST_STEP][PASSED] - LastName = LastName: null

2019-10-24 08:16:21 - [TEST_STEP][PASSED] - Address = Address: null

2019-10-24 08:16:21 - [TEST_STEP][PASSED] - City = City: null

2019-10-24 08:16:21 - [TEST_STEP][PASSED] - Tel = Tel: null

2019-10-24 08:16:21 - [TEST_STEP][PASSED] - AutoEmail = AutoEmail: null

2019-10-24 08:16:21 - [TEST_STEP][PASSED] - println(FirstName): null

2019-10-24 08:16:21 - [TEST_STEP][PASSED] - println(LastName): null

2019-10-24 08:16:21 - [TEST_STEP][PASSED] - println(Address): null

2019-10-24 08:16:21 - [TEST_STEP][PASSED] - println(City): null

2019-10-24 08:16:21 - [TEST_STEP][PASSED] - println(Tel): null

2019-10-24 08:16:21 - [TEST_STEP][PASSED] - println(AutoEmail): null

2019-10-24 08:16:21 - [MESSAGE][PASSED] - Call Test Case 'Test Cases/mobileWeb/_include/name' successfully

2019-10-24 08:16:21 - [TEST_STEP][PASSED] - try: Call Test Case 'Test Cases/mobileWeb/_include/get_screenshot' successfully

2019-10-24 08:16:21 - [TEST_STEP][PASSED] - if (verifyTextPresent("Month Duration Acknowledgement", false)): Call Test Case 'Test Cases/mobileWeb/_include/get_screenshot' successfully

2019-10-24 08:16:21 - [MESSAGE][PASSED] - Text 'Month Duration Acknowledgement' is present on page 

2019-10-24 08:16:21 - [TEST_STEP][PASSED] - click(findTestObject("mobileSanity/STM/Page_App Page 1/label_By checking this box I u")): Object: 'Object Repository/mobileSanity/STM/Page_App Page 1/label_By checking this box I u' is clicked on

2019-10-24 08:16:21 - [MESSAGE][PASSED] - Object: 'Object Repository/mobileSanity/STM/Page_App Page 1/label_By checking this box I u' is clicked on

2019-10-24 08:16:21 - [TEST_STEP][PASSED] - click(findTestObject("mobileSanity/STM/Page_App Page 1/button_Continue to Application")): Object: 'Object Repository/mobileSanity/STM/Page_App Page 1/button_Continue to Application' is clicked on

2019-10-24 08:16:22 - [MESSAGE][PASSED] - Object: 'Object Repository/mobileSanity/STM/Page_App Page 1/button_Continue to Application' is clicked on

2019-10-24 08:16:22 - [TEST_STEP][PASSED] - waitForPageLoad(20): Wait for page load successfully

2019-10-24 08:16:22 - [MESSAGE][PASSED] - Wait for page load successfully

2019-10-24 08:16:22 - [TEST_STEP][PASSED] - Thread.sleep(5000): null

2019-10-24 08:16:27 - [TEST_STEP][PASSED] - callTestCase(findTestCase("mobileWeb/_include/get_screenshot"), [:], STOP_ON_FAILURE): Call Test Case 'Test Cases/mobileWeb/_include/get_screenshot' successfully

2019-10-24 08:16:27 - [TEST_CASE][PASSED] - Test Cases/mobileWeb/_include/get_screenshot: Test Cases/mobileWeb/_include/get_screenshot

2019-10-24 08:16:27 - [TEST_STEP][PASSED] - takeScreenshot(screenPath + i + ".png"): Taking screenshot successfully

2019-10-24 08:16:28 - [MESSAGE][PASSED] - Taking screenshot successfully
[[ATTACHMENT|D:\\Test\\AgileTest\\Reports\\mobileWeb\\stm\\20191024_080031\\../Screenshots/iPhone 6/stm/National General/20191024_081549/7.png]]

2019-10-24 08:16:28 - [TEST_STEP][PASSED] - (internal.GlobalVariable.i++): null

2019-10-24 08:16:28 - [MESSAGE][PASSED] - Call Test Case 'Test Cases/mobileWeb/_include/get_screenshot' successfully

2019-10-24 08:16:28 - [TEST_STEP][PASSED] - waitForPageLoad(10): Wait for page load successfully

2019-10-24 08:16:28 - [MESSAGE][PASSED] - Wait for page load successfully

2019-10-24 08:16:28 - [TEST_STEP][PASSED] - Thread.sleep(3000): null

2019-10-24 08:16:31 - [TEST_STEP][PASSED] - waitForElementVisible(findTestObject("mobileSanity/STM/Page_App Page 1/a_Autofill App Info"), 20): Object 'Object Repository/mobileSanity/STM/Page_App Page 1/a_Autofill App Info' is visible

2019-10-24 08:16:31 - [MESSAGE][PASSED] - Object 'Object Repository/mobileSanity/STM/Page_App Page 1/a_Autofill App Info' is visible

2019-10-24 08:16:31 - [TEST_STEP][PASSED] - click(findTestObject("mobileSanity/STM/Page_App Page 1/a_Autofill App Info")): Object: 'Object Repository/mobileSanity/STM/Page_App Page 1/a_Autofill App Info' is clicked on

2019-10-24 08:16:31 - [MESSAGE][PASSED] - Object: 'Object Repository/mobileSanity/STM/Page_App Page 1/a_Autofill App Info' is clicked on

2019-10-24 08:16:31 - [TEST_STEP][PASSED] - Thread.sleep(1000): null

2019-10-24 08:16:32 - [TEST_STEP][PASSED] - click(findTestObject("mobileSanity/STM/Page_App Page 1/a_Autofill App Info")): Object: 'Object Repository/mobileSanity/STM/Page_App Page 1/a_Autofill App Info' is clicked on

2019-10-24 08:16:32 - [MESSAGE][PASSED] - Object: 'Object Repository/mobileSanity/STM/Page_App Page 1/a_Autofill App Info' is clicked on

2019-10-24 08:16:32 - [TEST_STEP][PASSED] - Thread.sleep(1000): null

2019-10-24 08:16:33 - [TEST_STEP][PASSED] - waitForElementVisible(findTestObject("mobileSanity/STM/Page_App Page 1/a_Continue"), 20): Object 'Object Repository/mobileSanity/STM/Page_App Page 1/a_Continue' is visible

2019-10-24 08:16:33 - [MESSAGE][PASSED] - Object 'Object Repository/mobileSanity/STM/Page_App Page 1/a_Continue' is visible

2019-10-24 08:16:33 - [TEST_STEP][PASSED] - click(findTestObject("mobileSanity/STM/Page_App Page 1/a_Continue")): Object: 'Object Repository/mobileSanity/STM/Page_App Page 1/a_Continue' is clicked on

2019-10-24 08:16:33 - [MESSAGE][PASSED] - Object: 'Object Repository/mobileSanity/STM/Page_App Page 1/a_Continue' is clicked on

2019-10-24 08:16:33 - [TEST_STEP][PASSED] - waitForPageLoad(20): Wait for page load successfully

2019-10-24 08:16:33 - [MESSAGE][PASSED] - Wait for page load successfully

2019-10-24 08:16:33 - [TEST_STEP][PASSED] - Thread.sleep(2000): null

2019-10-24 08:16:35 - [TEST_STEP][PASSED] - callTestCase(findTestCase("mobileWeb/_include/get_screenshot"), [:], STOP_ON_FAILURE): Call Test Case 'Test Cases/mobileWeb/_include/get_screenshot' successfully

2019-10-24 08:16:35 - [TEST_CASE][PASSED] - Test Cases/mobileWeb/_include/get_screenshot: Test Cases/mobileWeb/_include/get_screenshot

2019-10-24 08:16:35 - [TEST_STEP][PASSED] - takeScreenshot(screenPath + i + ".png"): Taking screenshot successfully

2019-10-24 08:16:35 - [MESSAGE][PASSED] - Taking screenshot successfully
[[ATTACHMENT|D:\\Test\\AgileTest\\Reports\\mobileWeb\\stm\\20191024_080031\\../Screenshots/iPhone 6/stm/National General/20191024_081549/8.png]]

2019-10-24 08:16:35 - [TEST_STEP][PASSED] - (internal.GlobalVariable.i++): null

2019-10-24 08:16:35 - [MESSAGE][PASSED] - Call Test Case 'Test Cases/mobileWeb/_include/get_screenshot' successfully

2019-10-24 08:16:35 - [TEST_STEP][PASSED] - click(findTestObject("mobileSanity/STM/Page_App Page 2/a_Continue to Step 3 - Payment")): Object: 'Object Repository/mobileSanity/STM/Page_App Page 2/a_Continue to Step 3 - Payment' is clicked on

2019-10-24 08:16:36 - [MESSAGE][PASSED] - Object: 'Object Repository/mobileSanity/STM/Page_App Page 2/a_Continue to Step 3 - Payment' is clicked on

2019-10-24 08:16:36 - [TEST_STEP][PASSED] - waitForPageLoad(20): Wait for page load successfully

2019-10-24 08:16:36 - [MESSAGE][PASSED] - Wait for page load successfully

2019-10-24 08:16:36 - [TEST_STEP][PASSED] - waitForElementVisible(findTestObject("mobileSanity/STM/Page_App Page 3/input__credit-card-cvv"), 20): Object 'Object Repository/mobileSanity/STM/Page_App Page 3/input__credit-card-cvv' is visible

2019-10-24 08:16:36 - [MESSAGE][PASSED] - Object 'Object Repository/mobileSanity/STM/Page_App Page 3/input__credit-card-cvv' is visible

2019-10-24 08:16:36 - [TEST_STEP][PASSED] - Thread.sleep(2000): null

2019-10-24 08:16:38 - [TEST_STEP][PASSED] - callTestCase(findTestCase("mobileWeb/_include/get_screenshot"), [:], STOP_ON_FAILURE): Call Test Case 'Test Cases/mobileWeb/_include/get_screenshot' successfully

2019-10-24 08:16:38 - [TEST_CASE][PASSED] - Test Cases/mobileWeb/_include/get_screenshot: Test Cases/mobileWeb/_include/get_screenshot

2019-10-24 08:16:38 - [TEST_STEP][PASSED] - takeScreenshot(screenPath + i + ".png"): Taking screenshot successfully

2019-10-24 08:16:39 - [MESSAGE][PASSED] - Taking screenshot successfully
[[ATTACHMENT|D:\\Test\\AgileTest\\Reports\\mobileWeb\\stm\\20191024_080031\\../Screenshots/iPhone 6/stm/National General/20191024_081549/9.png]]

2019-10-24 08:16:39 - [TEST_STEP][PASSED] - (internal.GlobalVariable.i++): null

2019-10-24 08:16:39 - [MESSAGE][PASSED] - Call Test Case 'Test Cases/mobileWeb/_include/get_screenshot' successfully

2019-10-24 08:16:39 - [TEST_STEP][PASSED] - clearText(findTestObject("mobileSanity/STM/Page_App Page 3/input__credit-card-cvv")): Text of object 'Object Repository/mobileSanity/STM/Page_App Page 3/input__credit-card-cvv' is cleared

2019-10-24 08:16:39 - [MESSAGE][PASSED] - Text of object 'Object Repository/mobileSanity/STM/Page_App Page 3/input__credit-card-cvv' is cleared

2019-10-24 08:16:39 - [TEST_STEP][PASSED] - setText(findTestObject("mobileSanity/STM/Page_App Page 3/input__credit-card-cvv"), "123"): Text '123' is set on object 'Object Repository/mobileSanity/STM/Page_App Page 3/input__credit-card-cvv'

2019-10-24 08:16:39 - [MESSAGE][PASSED] - Text '123' is set on object 'Object Repository/mobileSanity/STM/Page_App Page 3/input__credit-card-cvv'

2019-10-24 08:16:39 - [TEST_STEP][PASSED] - click(findTestObject("mobileSanity/STM/Page_App Page 3/label_I Accept Authorization f")): Object: 'Object Repository/mobileSanity/STM/Page_App Page 3/label_I Accept Authorization f' is clicked on

2019-10-24 08:16:39 - [MESSAGE][PASSED] - Object: 'Object Repository/mobileSanity/STM/Page_App Page 3/label_I Accept Authorization f' is clicked on

2019-10-24 08:16:39 - [TEST_STEP][PASSED] - click(findTestObject("mobileSanity/STM/Page_App Page 3/a_Continue to Step 4 - Review")): Object: 'Object Repository/mobileSanity/STM/Page_App Page 3/a_Continue to Step 4 - Review' is clicked on

2019-10-24 08:16:39 - [MESSAGE][PASSED] - Object: 'Object Repository/mobileSanity/STM/Page_App Page 3/a_Continue to Step 4 - Review' is clicked on

2019-10-24 08:16:39 - [TEST_STEP][PASSED] - waitForPageLoad(10): Wait for page load successfully

2019-10-24 08:16:39 - [MESSAGE][PASSED] - Wait for page load successfully

2019-10-24 08:16:39 - [TEST_STEP][PASSED] - waitForElementClickable(findTestObject("mobileSanity/STM/Page_App Page 4/label"), 10): Object 'Object Repository/mobileSanity/STM/Page_App Page 4/label' is clickable

2019-10-24 08:16:40 - [MESSAGE][PASSED] - Object 'Object Repository/mobileSanity/STM/Page_App Page 4/label' is clickable

2019-10-24 08:16:40 - [TEST_STEP][PASSED] - Thread.sleep(2000): null

2019-10-24 08:16:42 - [TEST_STEP][PASSED] - callTestCase(findTestCase("mobileWeb/_include/get_screenshot"), [:], STOP_ON_FAILURE): Call Test Case 'Test Cases/mobileWeb/_include/get_screenshot' successfully

2019-10-24 08:16:42 - [TEST_CASE][PASSED] - Test Cases/mobileWeb/_include/get_screenshot: Test Cases/mobileWeb/_include/get_screenshot

2019-10-24 08:16:42 - [TEST_STEP][PASSED] - takeScreenshot(screenPath + i + ".png"): Taking screenshot successfully

2019-10-24 08:16:42 - [MESSAGE][PASSED] - Taking screenshot successfully
[[ATTACHMENT|D:\\Test\\AgileTest\\Reports\\mobileWeb\\stm\\20191024_080031\\../Screenshots/iPhone 6/stm/National General/20191024_081549/10.png]]

2019-10-24 08:16:42 - [TEST_STEP][PASSED] - (internal.GlobalVariable.i++): null

2019-10-24 08:16:42 - [MESSAGE][PASSED] - Call Test Case 'Test Cases/mobileWeb/_include/get_screenshot' successfully

2019-10-24 08:16:42 - [TEST_STEP][PASSED] - click(findTestObject("mobileSanity/STM/Page_App Page 4/label")): Object: 'Object Repository/mobileSanity/STM/Page_App Page 4/label' is clicked on

2019-10-24 08:16:42 - [MESSAGE][PASSED] - Object: 'Object Repository/mobileSanity/STM/Page_App Page 4/label' is clicked on

2019-10-24 08:16:42 - [TEST_STEP][PASSED] - click(findTestObject("mobileSanity/STM/Page_App Page 4/div_CLICK TO SIGN")): Object: 'Object Repository/mobileSanity/STM/Page_App Page 4/div_CLICK TO SIGN' is clicked on

2019-10-24 08:16:42 - [MESSAGE][PASSED] - Object: 'Object Repository/mobileSanity/STM/Page_App Page 4/div_CLICK TO SIGN' is clicked on

2019-10-24 08:16:42 - [TEST_STEP][PASSED] - click(findTestObject("mobileSanity/STM/Page_App Page 4/a_Submit Your Application")): Object: 'Object Repository/mobileSanity/STM/Page_App Page 4/a_Submit Your Application' is clicked on

2019-10-24 08:16:42 - [MESSAGE][PASSED] - Object: 'Object Repository/mobileSanity/STM/Page_App Page 4/a_Submit Your Application' is clicked on

2019-10-24 08:16:42 - [TEST_STEP][PASSED] - Thread.sleep(30000): null

2019-10-24 08:17:12 - [TEST_STEP][PASSED] - waitForElementPresent(findTestObject("mobileSanity/STM/Page_App Page 6/app-page-wrapper"), 20): Object 'Object Repository/mobileSanity/STM/Page_App Page 6/app-page-wrapper' is present

2019-10-24 08:17:12 - [MESSAGE][PASSED] - Object 'Object Repository/mobileSanity/STM/Page_App Page 6/app-page-wrapper' is present

2019-10-24 08:17:12 - [TEST_STEP][PASSED] - callTestCase(findTestCase("mobileWeb/_include/get_screenshot"), [:], STOP_ON_FAILURE): Call Test Case 'Test Cases/mobileWeb/_include/get_screenshot' successfully

2019-10-24 08:17:12 - [TEST_CASE][PASSED] - Test Cases/mobileWeb/_include/get_screenshot: Test Cases/mobileWeb/_include/get_screenshot

2019-10-24 08:17:12 - [TEST_STEP][PASSED] - takeScreenshot(screenPath + i + ".png"): Taking screenshot successfully

2019-10-24 08:17:13 - [MESSAGE][PASSED] - Taking screenshot successfully
[[ATTACHMENT|D:\\Test\\AgileTest\\Reports\\mobileWeb\\stm\\20191024_080031\\../Screenshots/iPhone 6/stm/National General/20191024_081549/11.png]]

2019-10-24 08:17:13 - [TEST_STEP][PASSED] - (internal.GlobalVariable.i++): null

2019-10-24 08:17:13 - [MESSAGE][PASSED] - Call Test Case 'Test Cases/mobileWeb/_include/get_screenshot' successfully

2019-10-24 08:17:13 - [MESSAGE][PASSED] - Call Test Case 'Test Cases/mobileWeb/_include/goToEnd_stm_autofill' successfully]]></system-out>
         <system-err><![CDATA[]]></system-err>
      </testcase>
      <testcase name="Test Cases/mobileWeb/stm/Aspen" classname="Test Cases/mobileWeb/stm/Aspen" status="PASSED">
         <system-out><![CDATA[2019-10-24 08:17:13 - [TEST_CASE][PASSED] - Test Cases/mobileWeb/stm/Aspen: Test Cases/mobileWeb/stm/Aspen

2019-10-24 08:17:13 - [TEST_STEP][PASSED] - callTestCase(findTestCase("mobileWeb/_include/get_screenPath"), ["productLine":"stm", "carrierName":"Aspen"], CONTINUE_ON_FAILURE): Call Test Case 'Test Cases/mobileWeb/_include/get_screenPath' successfully

2019-10-24 08:17:13 - [TEST_CASE][PASSED] - Test Cases/mobileWeb/_include/get_screenPath: Test Cases/mobileWeb/_include/get_screenPath

2019-10-24 08:17:13 - [TEST_STEP][PASSED] - m = getExecutionProperties(): null

2019-10-24 08:17:13 - [TEST_STEP][PASSED] - deviceName = get("mobileEmulation").get("deviceName"): null

2019-10-24 08:17:13 - [TEST_STEP][PASSED] - println(deviceName): null

2019-10-24 08:17:13 - [TEST_STEP][PASSED] - now = new java.util.Date(): null

2019-10-24 08:17:13 - [TEST_STEP][PASSED] - mydate = now.format("yyyyMMdd_HHmmss"): null

2019-10-24 08:17:13 - [TEST_STEP][PASSED] - screenPath = "../Screenshots/": null

2019-10-24 08:17:13 - [TEST_STEP][PASSED] - screenPath = screenPath + deviceName + "/" + productLine + "/" + carrierName + "/" + mydate + "/": null

2019-10-24 08:17:13 - [TEST_STEP][PASSED] - println(screenPath): null

2019-10-24 08:17:13 - [MESSAGE][PASSED] - Call Test Case 'Test Cases/mobileWeb/_include/get_screenPath' successfully

2019-10-24 08:17:13 - [TEST_STEP][PASSED] - i = 0: null

2019-10-24 08:17:13 - [TEST_STEP][PASSED] - callTestCase(findTestCase("mobileWeb/_include/openWebSite"), [:], STOP_ON_FAILURE): Call Test Case 'Test Cases/mobileWeb/_include/openWebSite' successfully

2019-10-24 08:17:13 - [TEST_CASE][PASSED] - Test Cases/mobileWeb/_include/openWebSite: Test Cases/mobileWeb/_include/openWebSite

2019-10-24 08:17:13 - [TEST_STEP][PASSED] - openBrowser(env): Browser is opened with url: 'https://praetemptatus.agilehealthinsurance.com'

2019-10-24 08:17:13 - [MESSAGE][WARNING] - A browser is already opened. Closing browser and opening a new one

2019-10-24 08:17:14 - [MESSAGE][INFO] - Starting 'Chrome' driver

2019-10-24 08:17:14 - [MESSAGE][INFO] - User set preference: ['mobileEmulation', '{deviceName=iPhone 6}']

2019-10-24 08:17:14 - [MESSAGE][INFO] - User set preference: ['args', '[--incognito, --aggressive-cache-discard, --window-size=375,677, --no-sandbox]']

2019-10-24 08:17:16 - [MESSAGE][PASSED] - Browser is opened with url: 'https://praetemptatus.agilehealthinsurance.com'

2019-10-24 08:17:16 - [TEST_STEP][PASSED] - waitForPageLoad(20): Wait for page load successfully

2019-10-24 08:17:16 - [MESSAGE][PASSED] - Wait for page load successfully

2019-10-24 08:17:16 - [TEST_STEP][PASSED] - Thread.sleep(2000): null

2019-10-24 08:17:18 - [TEST_STEP][PASSED] - callTestCase(findTestCase("mobileWeb/_include/get_screenshot"), [:], STOP_ON_FAILURE): Call Test Case 'Test Cases/mobileWeb/_include/get_screenshot' successfully

2019-10-24 08:17:18 - [TEST_CASE][PASSED] - Test Cases/mobileWeb/_include/get_screenshot: Test Cases/mobileWeb/_include/get_screenshot

2019-10-24 08:17:18 - [TEST_STEP][PASSED] - takeScreenshot(screenPath + i + ".png"): Taking screenshot successfully

2019-10-24 08:17:18 - [MESSAGE][PASSED] - Taking screenshot successfully
[[ATTACHMENT|D:\\Test\\AgileTest\\Reports\\mobileWeb\\stm\\20191024_080031\\../Screenshots/iPhone 6/stm/Aspen/20191024_081713/0.png]]

2019-10-24 08:17:18 - [TEST_STEP][PASSED] - (internal.GlobalVariable.i++): null

2019-10-24 08:17:18 - [MESSAGE][PASSED] - Call Test Case 'Test Cases/mobileWeb/_include/get_screenshot' successfully

2019-10-24 08:17:18 - [MESSAGE][PASSED] - Call Test Case 'Test Cases/mobileWeb/_include/openWebSite' successfully

2019-10-24 08:17:18 - [TEST_STEP][PASSED] - callTestCase(findTestCase("mobileWeb/_include/census_stm"), ["zipcode":"60602"], STOP_ON_FAILURE): Call Test Case 'Test Cases/mobileWeb/_include/census_stm' successfully

2019-10-24 08:17:18 - [TEST_CASE][PASSED] - Test Cases/mobileWeb/_include/census_stm: Test Cases/mobileWeb/_include/census_stm

2019-10-24 08:17:18 - [TEST_STEP][PASSED] - waitForElementClickable(findTestObject("mobileSanity/STM/Home Page/a_Quote  Save Today"), 10): Object 'Object Repository/mobileSanity/STM/Home Page/a_Quote  Save Today' is clickable

2019-10-24 08:17:18 - [MESSAGE][PASSED] - Object 'Object Repository/mobileSanity/STM/Home Page/a_Quote  Save Today' is clickable

2019-10-24 08:17:18 - [TEST_STEP][PASSED] - click(findTestObject("mobileSanity/STM/Home Page/a_Quote  Save Today")): Object: 'Object Repository/mobileSanity/STM/Home Page/a_Quote  Save Today' is clicked on

2019-10-24 08:17:19 - [MESSAGE][PASSED] - Object: 'Object Repository/mobileSanity/STM/Home Page/a_Quote  Save Today' is clicked on

2019-10-24 08:17:19 - [TEST_STEP][PASSED] - waitForPageLoad(10): Wait for page load successfully

2019-10-24 08:17:19 - [MESSAGE][PASSED] - Wait for page load successfully

2019-10-24 08:17:19 - [TEST_STEP][PASSED] - callTestCase(findTestCase("mobileWeb/_include/get_screenshot"), [:], STOP_ON_FAILURE): Call Test Case 'Test Cases/mobileWeb/_include/get_screenshot' successfully

2019-10-24 08:17:19 - [TEST_CASE][PASSED] - Test Cases/mobileWeb/_include/get_screenshot: Test Cases/mobileWeb/_include/get_screenshot

2019-10-24 08:17:19 - [TEST_STEP][PASSED] - takeScreenshot(screenPath + i + ".png"): Taking screenshot successfully

2019-10-24 08:17:19 - [MESSAGE][PASSED] - Taking screenshot successfully
[[ATTACHMENT|D:\\Test\\AgileTest\\Reports\\mobileWeb\\stm\\20191024_080031\\../Screenshots/iPhone 6/stm/Aspen/20191024_081713/1.png]]

2019-10-24 08:17:19 - [TEST_STEP][PASSED] - (internal.GlobalVariable.i++): null

2019-10-24 08:17:19 - [MESSAGE][PASSED] - Call Test Case 'Test Cases/mobileWeb/_include/get_screenshot' successfully

2019-10-24 08:17:19 - [TEST_STEP][PASSED] - setText(findTestObject("mobileSanity/STM/STM Census Page/input_Location_zip-input"), zipcode): Text '60602' is set on object 'Object Repository/mobileSanity/STM/STM Census Page/input_Location_zip-input'

2019-10-24 08:17:19 - [MESSAGE][PASSED] - Text '60602' is set on object 'Object Repository/mobileSanity/STM/STM Census Page/input_Location_zip-input'

2019-10-24 08:17:19 - [TEST_STEP][PASSED] - Thread.sleep(500): null

2019-10-24 08:17:20 - [TEST_STEP][PASSED] - setText(findTestObject("mobileSanity/STM/STM Census Page/input_Date of Birth_dob-0"), "03031987"): Text '03031987' is set on object 'Object Repository/mobileSanity/STM/STM Census Page/input_Date of Birth_dob-0'

2019-10-24 08:17:20 - [MESSAGE][PASSED] - Text '03031987' is set on object 'Object Repository/mobileSanity/STM/STM Census Page/input_Date of Birth_dob-0'

2019-10-24 08:17:20 - [TEST_STEP][PASSED] - click(findTestObject("mobileSanity/STM/STM Census Page/label_Male")): Object: 'Object Repository/mobileSanity/STM/STM Census Page/label_Male' is clicked on

2019-10-24 08:17:20 - [MESSAGE][PASSED] - Object: 'Object Repository/mobileSanity/STM/STM Census Page/label_Male' is clicked on

2019-10-24 08:17:20 - [TEST_STEP][PASSED] - click(findTestObject("mobileSanity/STM/STM Census Page/label_Compare Plans")): Object: 'Object Repository/mobileSanity/STM/STM Census Page/label_Compare Plans' is clicked on

2019-10-24 08:17:22 - [MESSAGE][PASSED] - Object: 'Object Repository/mobileSanity/STM/STM Census Page/label_Compare Plans' is clicked on

2019-10-24 08:17:22 - [TEST_STEP][PASSED] - waitForElementVisible(findTestObject("mobileSanity/STM/STM Quote Page/button_sort"), 20): Object 'Object Repository/mobileSanity/STM/STM Quote Page/button_sort' is visible

2019-10-24 08:17:22 - [MESSAGE][PASSED] - Object 'Object Repository/mobileSanity/STM/STM Quote Page/button_sort' is visible

2019-10-24 08:17:22 - [TEST_STEP][PASSED] - Thread.sleep(3000): null

2019-10-24 08:17:25 - [TEST_STEP][PASSED] - callTestCase(findTestCase("mobileWeb/_include/get_screenshot"), [:], STOP_ON_FAILURE): Call Test Case 'Test Cases/mobileWeb/_include/get_screenshot' successfully

2019-10-24 08:17:25 - [TEST_CASE][PASSED] - Test Cases/mobileWeb/_include/get_screenshot: Test Cases/mobileWeb/_include/get_screenshot

2019-10-24 08:17:25 - [TEST_STEP][PASSED] - takeScreenshot(screenPath + i + ".png"): Taking screenshot successfully

2019-10-24 08:17:26 - [MESSAGE][PASSED] - Taking screenshot successfully
[[ATTACHMENT|D:\\Test\\AgileTest\\Reports\\mobileWeb\\stm\\20191024_080031\\../Screenshots/iPhone 6/stm/Aspen/20191024_081713/2.png]]

2019-10-24 08:17:26 - [TEST_STEP][PASSED] - (internal.GlobalVariable.i++): null

2019-10-24 08:17:26 - [MESSAGE][PASSED] - Call Test Case 'Test Cases/mobileWeb/_include/get_screenshot' successfully

2019-10-24 08:17:26 - [TEST_STEP][PASSED] - Thread.sleep(1000): null

2019-10-24 08:17:27 - [MESSAGE][PASSED] - Call Test Case 'Test Cases/mobileWeb/_include/census_stm' successfully

2019-10-24 08:17:27 - [TEST_STEP][PASSED] - callTestCase(findTestCase("mobileWeb/_include/filter_stm"), ["carrier":"aspen"], STOP_ON_FAILURE): Call Test Case 'Test Cases/mobileWeb/_include/filter_stm' successfully

2019-10-24 08:17:27 - [TEST_CASE][PASSED] - Test Cases/mobileWeb/_include/filter_stm: Test Cases/mobileWeb/_include/filter_stm

2019-10-24 08:17:27 - [TEST_STEP][PASSED] - driver = getWebDriver(): null

2019-10-24 08:17:27 - [TEST_STEP][PASSED] - selenium = new com.thoughtworks.selenium.webdriven.WebDriverBackedSelenium(driver, internal.GlobalVariable.ENV): null

2019-10-24 08:17:27 - [TEST_STEP][PASSED] - Thread.sleep(1000): null

2019-10-24 08:17:28 - [TEST_STEP][PASSED] - click(findTestObject("mobileSanity/STM/STM Quote Page/button_filters")): Object: 'Object Repository/mobileSanity/STM/STM Quote Page/button_filters' is clicked on

2019-10-24 08:17:28 - [MESSAGE][PASSED] - Object: 'Object Repository/mobileSanity/STM/STM Quote Page/button_filters' is clicked on

2019-10-24 08:17:28 - [TEST_STEP][PASSED] - Thread.sleep(1000): null

2019-10-24 08:17:29 - [TEST_STEP][PASSED] - click(findTestObject("mobileSanity/STM/STM Quote Page/i_Insurance company")): Object: 'Object Repository/mobileSanity/STM/STM Quote Page/i_Insurance company' is clicked on

2019-10-24 08:17:29 - [MESSAGE][PASSED] - Object: 'Object Repository/mobileSanity/STM/STM Quote Page/i_Insurance company' is clicked on

2019-10-24 08:17:29 - [TEST_STEP][PASSED] - Thread.sleep(1000): null

2019-10-24 08:17:30 - [TEST_STEP][PASSED] - filter_carrier = "//input[@name='filter[carrier]' and @value='" + carrier + "']/following::label": null

2019-10-24 08:17:30 - [TEST_STEP][PASSED] - println(filter_carrier): null

2019-10-24 08:17:30 - [TEST_STEP][PASSED] - test.MobileKeywords.clickJS_ByXpath(filter_carrier): test.MobileKeywords.clickJS_ByXpath is PASSED

2019-10-24 08:17:30 - [MESSAGE][PASSED] - Execute JavaScript 'arguments[0].click()' successfully

2019-10-24 08:17:30 - [MESSAGE][PASSED] - test.MobileKeywords.clickJS_ByXpath is PASSED

2019-10-24 08:17:30 - [TEST_STEP][PASSED] - Thread.sleep(1000): null

2019-10-24 08:17:31 - [TEST_STEP][PASSED] - scrollToElement(findTestObject("mobileSanity/STM/STM Quote Page/a_Show Plans"), 1000): Scroll to object 'Object Repository/mobileSanity/STM/STM Quote Page/a_Show Plans' successfully

2019-10-24 08:17:32 - [MESSAGE][PASSED] - Scroll to object 'Object Repository/mobileSanity/STM/STM Quote Page/a_Show Plans' successfully

2019-10-24 08:17:32 - [TEST_STEP][PASSED] - click(findTestObject("mobileSanity/STM/STM Quote Page/a_Show Plans")): Object: 'Object Repository/mobileSanity/STM/STM Quote Page/a_Show Plans' is clicked on

2019-10-24 08:17:32 - [MESSAGE][PASSED] - Object: 'Object Repository/mobileSanity/STM/STM Quote Page/a_Show Plans' is clicked on

2019-10-24 08:17:32 - [TEST_STEP][PASSED] - waitForJQueryLoad(20, STOP_ON_FAILURE): jQuery is ready.

2019-10-24 08:17:32 - [MESSAGE][PASSED] - jQuery is ready.

2019-10-24 08:17:32 - [TEST_STEP][PASSED] - Thread.sleep(2000): null

2019-10-24 08:17:34 - [TEST_STEP][PASSED] - callTestCase(findTestCase("mobileWeb/_include/get_screenshot"), [:], STOP_ON_FAILURE): Call Test Case 'Test Cases/mobileWeb/_include/get_screenshot' successfully

2019-10-24 08:17:34 - [TEST_CASE][PASSED] - Test Cases/mobileWeb/_include/get_screenshot: Test Cases/mobileWeb/_include/get_screenshot

2019-10-24 08:17:34 - [TEST_STEP][PASSED] - takeScreenshot(screenPath + i + ".png"): Taking screenshot successfully

2019-10-24 08:17:34 - [MESSAGE][PASSED] - Taking screenshot successfully
[[ATTACHMENT|D:\\Test\\AgileTest\\Reports\\mobileWeb\\stm\\20191024_080031\\../Screenshots/iPhone 6/stm/Aspen/20191024_081713/3.png]]

2019-10-24 08:17:34 - [TEST_STEP][PASSED] - (internal.GlobalVariable.i++): null

2019-10-24 08:17:34 - [MESSAGE][PASSED] - Call Test Case 'Test Cases/mobileWeb/_include/get_screenshot' successfully

2019-10-24 08:17:34 - [MESSAGE][PASSED] - Call Test Case 'Test Cases/mobileWeb/_include/filter_stm' successfully

2019-10-24 08:17:34 - [TEST_STEP][PASSED] - callTestCase(findTestCase("mobileWeb/_include/goToDetail_stm"), ["carrier":"aspen"], STOP_ON_FAILURE): Call Test Case 'Test Cases/mobileWeb/_include/goToDetail_stm' successfully

2019-10-24 08:17:34 - [TEST_CASE][PASSED] - Test Cases/mobileWeb/_include/goToDetail_stm: Test Cases/mobileWeb/_include/goToDetail_stm

2019-10-24 08:17:34 - [TEST_STEP][PASSED] - driver = getWebDriver(): null

2019-10-24 08:17:34 - [TEST_STEP][PASSED] - selenium = new com.thoughtworks.selenium.webdriven.WebDriverBackedSelenium(driver, internal.GlobalVariable.ENV): null

2019-10-24 08:17:34 - [TEST_STEP][PASSED] - a_plan_name = "xpath=//a[contains(@href,'/term-health-insurance/plan/" + carrier + "')]": null

2019-10-24 08:17:34 - [TEST_STEP][PASSED] - println(a_plan_name): null

2019-10-24 08:17:34 - [TEST_STEP][PASSED] - selenium.click(a_plan_name): null

2019-10-24 08:17:35 - [TEST_STEP][PASSED] - waitForPageLoad(20): Wait for page load successfully

2019-10-24 08:17:35 - [MESSAGE][PASSED] - Wait for page load successfully

2019-10-24 08:17:35 - [TEST_STEP][PASSED] - Thread.sleep(2000): null

2019-10-24 08:17:37 - [TEST_STEP][PASSED] - callTestCase(findTestCase("mobileWeb/_include/get_screenshot"), [:], STOP_ON_FAILURE): Call Test Case 'Test Cases/mobileWeb/_include/get_screenshot' successfully

2019-10-24 08:17:37 - [TEST_CASE][PASSED] - Test Cases/mobileWeb/_include/get_screenshot: Test Cases/mobileWeb/_include/get_screenshot

2019-10-24 08:17:37 - [TEST_STEP][PASSED] - takeScreenshot(screenPath + i + ".png"): Taking screenshot successfully

2019-10-24 08:17:38 - [MESSAGE][PASSED] - Taking screenshot successfully
[[ATTACHMENT|D:\\Test\\AgileTest\\Reports\\mobileWeb\\stm\\20191024_080031\\../Screenshots/iPhone 6/stm/Aspen/20191024_081713/4.png]]

2019-10-24 08:17:38 - [TEST_STEP][PASSED] - (internal.GlobalVariable.i++): null

2019-10-24 08:17:38 - [MESSAGE][PASSED] - Call Test Case 'Test Cases/mobileWeb/_include/get_screenshot' successfully

2019-10-24 08:17:38 - [MESSAGE][PASSED] - Call Test Case 'Test Cases/mobileWeb/_include/goToDetail_stm' successfully

2019-10-24 08:17:38 - [TEST_STEP][PASSED] - callTestCase(findTestCase("mobileWeb/_include/apply_stm"), [:], STOP_ON_FAILURE): Call Test Case 'Test Cases/mobileWeb/_include/apply_stm' successfully

2019-10-24 08:17:38 - [TEST_CASE][PASSED] - Test Cases/mobileWeb/_include/apply_stm: Test Cases/mobileWeb/_include/apply_stm

2019-10-24 08:17:38 - [TEST_STEP][PASSED] - waitForElementVisible(findTestObject("mobileSanity/STM/STM PlanDetail Page/a_Apply for This Plan"), 5): Object 'Object Repository/mobileSanity/STM/STM PlanDetail Page/a_Apply for This Plan' is visible

2019-10-24 08:17:38 - [MESSAGE][PASSED] - Object 'Object Repository/mobileSanity/STM/STM PlanDetail Page/a_Apply for This Plan' is visible

2019-10-24 08:17:38 - [TEST_STEP][PASSED] - click(findTestObject("mobileSanity/STM/STM PlanDetail Page/a_Apply for This Plan")): Object: 'Object Repository/mobileSanity/STM/STM PlanDetail Page/a_Apply for This Plan' is clicked on

2019-10-24 08:17:39 - [MESSAGE][PASSED] - Object: 'Object Repository/mobileSanity/STM/STM PlanDetail Page/a_Apply for This Plan' is clicked on

2019-10-24 08:17:39 - [TEST_STEP][PASSED] - waitForPageLoad(10): Wait for page load successfully

2019-10-24 08:17:39 - [MESSAGE][PASSED] - Wait for page load successfully

2019-10-24 08:17:39 - [TEST_STEP][PASSED] - Thread.sleep(2000): null

2019-10-24 08:17:41 - [TEST_STEP][PASSED] - callTestCase(findTestCase("mobileWeb/_include/get_screenshot"), [:], STOP_ON_FAILURE): Call Test Case 'Test Cases/mobileWeb/_include/get_screenshot' successfully

2019-10-24 08:17:41 - [TEST_CASE][PASSED] - Test Cases/mobileWeb/_include/get_screenshot: Test Cases/mobileWeb/_include/get_screenshot

2019-10-24 08:17:41 - [TEST_STEP][PASSED] - takeScreenshot(screenPath + i + ".png"): Taking screenshot successfully

2019-10-24 08:17:41 - [MESSAGE][PASSED] - Taking screenshot successfully
[[ATTACHMENT|D:\\Test\\AgileTest\\Reports\\mobileWeb\\stm\\20191024_080031\\../Screenshots/iPhone 6/stm/Aspen/20191024_081713/5.png]]

2019-10-24 08:17:41 - [TEST_STEP][PASSED] - (internal.GlobalVariable.i++): null

2019-10-24 08:17:41 - [MESSAGE][PASSED] - Call Test Case 'Test Cases/mobileWeb/_include/get_screenshot' successfully

2019-10-24 08:17:41 - [TEST_STEP][PASSED] - waitForElementVisible(findTestObject("mobileSanity/STM/STM Apply Page/a_Start Secure Application"), 5): Object 'Object Repository/mobileSanity/STM/STM Apply Page/a_Start Secure Application' is visible

2019-10-24 08:17:41 - [MESSAGE][PASSED] - Object 'Object Repository/mobileSanity/STM/STM Apply Page/a_Start Secure Application' is visible

2019-10-24 08:17:41 - [TEST_STEP][PASSED] - click(findTestObject("mobileSanity/STM/STM Apply Page/a_Start Secure Application")): Object: 'Object Repository/mobileSanity/STM/STM Apply Page/a_Start Secure Application' is clicked on

2019-10-24 08:17:42 - [MESSAGE][PASSED] - Object: 'Object Repository/mobileSanity/STM/STM Apply Page/a_Start Secure Application' is clicked on

2019-10-24 08:17:42 - [TEST_STEP][PASSED] - waitForPageLoad(20): Wait for page load successfully

2019-10-24 08:17:42 - [MESSAGE][PASSED] - Wait for page load successfully

2019-10-24 08:17:42 - [TEST_STEP][PASSED] - Thread.sleep(2000): null

2019-10-24 08:17:44 - [TEST_STEP][PASSED] - callTestCase(findTestCase("mobileWeb/_include/get_screenshot"), [:], STOP_ON_FAILURE): Call Test Case 'Test Cases/mobileWeb/_include/get_screenshot' successfully

2019-10-24 08:17:44 - [TEST_CASE][PASSED] - Test Cases/mobileWeb/_include/get_screenshot: Test Cases/mobileWeb/_include/get_screenshot

2019-10-24 08:17:44 - [TEST_STEP][PASSED] - takeScreenshot(screenPath + i + ".png"): Taking screenshot successfully

2019-10-24 08:17:45 - [MESSAGE][PASSED] - Taking screenshot successfully
[[ATTACHMENT|D:\\Test\\AgileTest\\Reports\\mobileWeb\\stm\\20191024_080031\\../Screenshots/iPhone 6/stm/Aspen/20191024_081713/6.png]]

2019-10-24 08:17:45 - [TEST_STEP][PASSED] - (internal.GlobalVariable.i++): null

2019-10-24 08:17:45 - [MESSAGE][PASSED] - Call Test Case 'Test Cases/mobileWeb/_include/get_screenshot' successfully

2019-10-24 08:17:45 - [MESSAGE][PASSED] - Call Test Case 'Test Cases/mobileWeb/_include/apply_stm' successfully

2019-10-24 08:17:45 - [TEST_STEP][PASSED] - callTestCase(findTestCase("mobileWeb/_include/goToEnd_stm_autofill"), [:], STOP_ON_FAILURE): Call Test Case 'Test Cases/mobileWeb/_include/goToEnd_stm_autofill' successfully

2019-10-24 08:17:45 - [TEST_CASE][PASSED] - Test Cases/mobileWeb/_include/goToEnd_stm_autofill: Test Cases/mobileWeb/_include/goToEnd_stm_autofill

2019-10-24 08:17:45 - [TEST_STEP][PASSED] - callTestCase(findTestCase("mobileWeb/_include/name"), [:], CONTINUE_ON_FAILURE): Call Test Case 'Test Cases/mobileWeb/_include/name' successfully

2019-10-24 08:17:45 - [TEST_CASE][PASSED] - Test Cases/mobileWeb/_include/name: Test Cases/mobileWeb/_include/name

2019-10-24 08:17:45 - [TEST_STEP][PASSED] - driver = getWebDriver(): null

2019-10-24 08:17:45 - [TEST_STEP][PASSED] - selenium = new com.thoughtworks.selenium.webdriven.WebDriverBackedSelenium(driver, internal.GlobalVariable.ENV): null

2019-10-24 08:17:45 - [TEST_STEP][PASSED] - FirstName = "Test-123": null

2019-10-24 08:17:45 - [TEST_STEP][PASSED] - LastName = selenium.getEval("{var x="ABCDEFGHIJKLMNOPQRSTUVWXYZabcdefghijklmnopqrstuvwxyz"; var tmp="ZZ11-"; for (i=0;i<8;i++) tmp+=x.charAt(Math.ceil(51*Math.random()));tmp;}"): null

2019-10-24 08:17:45 - [TEST_STEP][PASSED] - Address = selenium.getEval("{var x="ABCDEFGHIJKLMNOPQRSTUVWXYZabcdefghijklmnopqrstuvwxyz"; var tmp=""; for (i=0;i<8;i++) tmp+=x.charAt(Math.ceil(51*Math.random()));tmp;}"): null

2019-10-24 08:17:45 - [TEST_STEP][PASSED] - City = selenium.getEval("{var x="ABCDEFGHIJKLMNOPQRSTUVWXYZabcdefghijklmnopqrstuvwxyz"; var tmp=""; for (i=0;i<8;i++) tmp+=x.charAt(Math.ceil(51*Math.random()));tmp;}"): null

2019-10-24 08:17:45 - [TEST_STEP][PASSED] - tel1 = selenium.getEval("{var x="123456789"; var tmp=""; for (i=0;i<3;i++) tmp+=x.charAt(Math.ceil(8*Math.random()));tmp;}"): null

2019-10-24 08:17:45 - [TEST_STEP][PASSED] - tel2 = selenium.getEval("{var x="123456789"; var tmp=""; for (i=0;i<3;i++) tmp+=x.charAt(Math.ceil(8*Math.random()));tmp;}"): null

2019-10-24 08:17:45 - [TEST_STEP][PASSED] - tel3 = selenium.getEval("{var x="123456789"; var tmp=""; for (i=0;i<4;i++) tmp+=x.charAt(Math.ceil(8*Math.random()));tmp;}"): null

2019-10-24 08:17:45 - [TEST_STEP][PASSED] - Tel = selenium.getExpression(tel1 + "-" + tel2 + "-" + tel3): null

2019-10-24 08:17:45 - [TEST_STEP][PASSED] - AutoEmail = selenium.getEval("{var x="ABCDEFGHIJKLMNOPQRSTUVWXYZabcdefghijklmnopqrstuvwxyz"; var tmp="test."; for (i=0;i<8;i++) tmp+=x.charAt(Math.ceil(51*Math.random()));tmp+="@suryani.cn";}"): null

2019-10-24 08:17:45 - [TEST_STEP][PASSED] - FirstName = FirstName: null

2019-10-24 08:17:45 - [TEST_STEP][PASSED] - LastName = LastName: null

2019-10-24 08:17:45 - [TEST_STEP][PASSED] - Address = Address: null

2019-10-24 08:17:45 - [TEST_STEP][PASSED] - City = City: null

2019-10-24 08:17:45 - [TEST_STEP][PASSED] - Tel = Tel: null

2019-10-24 08:17:45 - [TEST_STEP][PASSED] - AutoEmail = AutoEmail: null

2019-10-24 08:17:45 - [TEST_STEP][PASSED] - println(FirstName): null

2019-10-24 08:17:45 - [TEST_STEP][PASSED] - println(LastName): null

2019-10-24 08:17:45 - [TEST_STEP][PASSED] - println(Address): null

2019-10-24 08:17:45 - [TEST_STEP][PASSED] - println(City): null

2019-10-24 08:17:45 - [TEST_STEP][PASSED] - println(Tel): null

2019-10-24 08:17:45 - [TEST_STEP][PASSED] - println(AutoEmail): null

2019-10-24 08:17:45 - [MESSAGE][PASSED] - Call Test Case 'Test Cases/mobileWeb/_include/name' successfully

2019-10-24 08:17:45 - [TEST_STEP][FAILED] - try: Unable to verify text 'Month Duration Acknowledgement' is present  (Root cause: com.kms.katalon.core.exception.StepFailedException: Text 'Month Duration Acknowledgement' is not present on page )

2019-10-24 08:17:45 - [TEST_STEP][FAILED] - if (verifyTextPresent("Month Duration Acknowledgement", false)): Unable to verify text 'Month Duration Acknowledgement' is present  (Root cause: com.kms.katalon.core.exception.StepFailedException: Text 'Month Duration Acknowledgement' is not present on page )

2019-10-24 08:17:45 - [MESSAGE][FAILED] - Text 'Month Duration Acknowledgement' is not present on page 

2019-10-24 08:17:46 - [MESSAGE][FAILED] - Unable to verify text 'Month Duration Acknowledgement' is present  (Root cause: com.kms.katalon.core.exception.StepFailedException: Text 'Month Duration Acknowledgement' is not present on page )
[[ATTACHMENT|D:\\Test\\AgileTest\\Reports\\mobileWeb\\stm\\20191024_080031\\1571919465739.png]]

2019-10-24 08:17:46 - [TEST_STEP][PASSED] - catch (Exception e): null

2019-10-24 08:17:46 - [TEST_STEP][PASSED] - println("no consecutive"): null

2019-10-24 08:17:46 - [TEST_STEP][PASSED] - waitForPageLoad(10): Wait for page load successfully

2019-10-24 08:17:46 - [MESSAGE][PASSED] - Wait for page load successfully

2019-10-24 08:17:46 - [TEST_STEP][PASSED] - Thread.sleep(3000): null

2019-10-24 08:17:49 - [TEST_STEP][PASSED] - waitForElementVisible(findTestObject("mobileSanity/STM/Page_App Page 1/a_Autofill App Info"), 20): Object 'Object Repository/mobileSanity/STM/Page_App Page 1/a_Autofill App Info' is visible

2019-10-24 08:17:49 - [MESSAGE][PASSED] - Object 'Object Repository/mobileSanity/STM/Page_App Page 1/a_Autofill App Info' is visible

2019-10-24 08:17:49 - [TEST_STEP][PASSED] - click(findTestObject("mobileSanity/STM/Page_App Page 1/a_Autofill App Info")): Object: 'Object Repository/mobileSanity/STM/Page_App Page 1/a_Autofill App Info' is clicked on

2019-10-24 08:17:49 - [MESSAGE][PASSED] - Object: 'Object Repository/mobileSanity/STM/Page_App Page 1/a_Autofill App Info' is clicked on

2019-10-24 08:17:49 - [TEST_STEP][PASSED] - Thread.sleep(1000): null

2019-10-24 08:17:50 - [TEST_STEP][PASSED] - click(findTestObject("mobileSanity/STM/Page_App Page 1/a_Autofill App Info")): Object: 'Object Repository/mobileSanity/STM/Page_App Page 1/a_Autofill App Info' is clicked on

2019-10-24 08:17:50 - [MESSAGE][PASSED] - Object: 'Object Repository/mobileSanity/STM/Page_App Page 1/a_Autofill App Info' is clicked on

2019-10-24 08:17:50 - [TEST_STEP][PASSED] - Thread.sleep(1000): null

2019-10-24 08:17:51 - [TEST_STEP][PASSED] - waitForElementVisible(findTestObject("mobileSanity/STM/Page_App Page 1/a_Continue"), 20): Object 'Object Repository/mobileSanity/STM/Page_App Page 1/a_Continue' is visible

2019-10-24 08:17:51 - [MESSAGE][PASSED] - Object 'Object Repository/mobileSanity/STM/Page_App Page 1/a_Continue' is visible

2019-10-24 08:17:51 - [TEST_STEP][PASSED] - click(findTestObject("mobileSanity/STM/Page_App Page 1/a_Continue")): Object: 'Object Repository/mobileSanity/STM/Page_App Page 1/a_Continue' is clicked on

2019-10-24 08:17:51 - [MESSAGE][PASSED] - Object: 'Object Repository/mobileSanity/STM/Page_App Page 1/a_Continue' is clicked on

2019-10-24 08:17:51 - [TEST_STEP][PASSED] - waitForPageLoad(20): Wait for page load successfully

2019-10-24 08:17:51 - [MESSAGE][PASSED] - Wait for page load successfully

2019-10-24 08:17:51 - [TEST_STEP][PASSED] - Thread.sleep(2000): null

2019-10-24 08:17:53 - [TEST_STEP][PASSED] - callTestCase(findTestCase("mobileWeb/_include/get_screenshot"), [:], STOP_ON_FAILURE): Call Test Case 'Test Cases/mobileWeb/_include/get_screenshot' successfully

2019-10-24 08:17:53 - [TEST_CASE][PASSED] - Test Cases/mobileWeb/_include/get_screenshot: Test Cases/mobileWeb/_include/get_screenshot

2019-10-24 08:17:53 - [TEST_STEP][PASSED] - takeScreenshot(screenPath + i + ".png"): Taking screenshot successfully

2019-10-24 08:17:53 - [MESSAGE][PASSED] - Taking screenshot successfully
[[ATTACHMENT|D:\\Test\\AgileTest\\Reports\\mobileWeb\\stm\\20191024_080031\\../Screenshots/iPhone 6/stm/Aspen/20191024_081713/7.png]]

2019-10-24 08:17:53 - [TEST_STEP][PASSED] - (internal.GlobalVariable.i++): null

2019-10-24 08:17:53 - [MESSAGE][PASSED] - Call Test Case 'Test Cases/mobileWeb/_include/get_screenshot' successfully

2019-10-24 08:17:53 - [TEST_STEP][PASSED] - click(findTestObject("mobileSanity/STM/Page_App Page 2/a_Continue to Step 3 - Payment")): Object: 'Object Repository/mobileSanity/STM/Page_App Page 2/a_Continue to Step 3 - Payment' is clicked on

2019-10-24 08:17:54 - [MESSAGE][PASSED] - Object: 'Object Repository/mobileSanity/STM/Page_App Page 2/a_Continue to Step 3 - Payment' is clicked on

2019-10-24 08:17:54 - [TEST_STEP][PASSED] - waitForPageLoad(20): Wait for page load successfully

2019-10-24 08:17:54 - [MESSAGE][PASSED] - Wait for page load successfully

2019-10-24 08:17:54 - [TEST_STEP][PASSED] - waitForElementVisible(findTestObject("mobileSanity/STM/Page_App Page 3/input__credit-card-cvv"), 20): Object 'Object Repository/mobileSanity/STM/Page_App Page 3/input__credit-card-cvv' is visible

2019-10-24 08:17:54 - [MESSAGE][PASSED] - Object 'Object Repository/mobileSanity/STM/Page_App Page 3/input__credit-card-cvv' is visible

2019-10-24 08:17:54 - [TEST_STEP][PASSED] - Thread.sleep(2000): null

2019-10-24 08:17:56 - [TEST_STEP][PASSED] - callTestCase(findTestCase("mobileWeb/_include/get_screenshot"), [:], STOP_ON_FAILURE): Call Test Case 'Test Cases/mobileWeb/_include/get_screenshot' successfully

2019-10-24 08:17:56 - [TEST_CASE][PASSED] - Test Cases/mobileWeb/_include/get_screenshot: Test Cases/mobileWeb/_include/get_screenshot

2019-10-24 08:17:56 - [TEST_STEP][PASSED] - takeScreenshot(screenPath + i + ".png"): Taking screenshot successfully

2019-10-24 08:17:57 - [MESSAGE][PASSED] - Taking screenshot successfully
[[ATTACHMENT|D:\\Test\\AgileTest\\Reports\\mobileWeb\\stm\\20191024_080031\\../Screenshots/iPhone 6/stm/Aspen/20191024_081713/8.png]]

2019-10-24 08:17:57 - [TEST_STEP][PASSED] - (internal.GlobalVariable.i++): null

2019-10-24 08:17:57 - [MESSAGE][PASSED] - Call Test Case 'Test Cases/mobileWeb/_include/get_screenshot' successfully

2019-10-24 08:17:57 - [TEST_STEP][PASSED] - clearText(findTestObject("mobileSanity/STM/Page_App Page 3/input__credit-card-cvv")): Text of object 'Object Repository/mobileSanity/STM/Page_App Page 3/input__credit-card-cvv' is cleared

2019-10-24 08:17:57 - [MESSAGE][PASSED] - Text of object 'Object Repository/mobileSanity/STM/Page_App Page 3/input__credit-card-cvv' is cleared

2019-10-24 08:17:57 - [TEST_STEP][PASSED] - setText(findTestObject("mobileSanity/STM/Page_App Page 3/input__credit-card-cvv"), "123"): Text '123' is set on object 'Object Repository/mobileSanity/STM/Page_App Page 3/input__credit-card-cvv'

2019-10-24 08:17:57 - [MESSAGE][PASSED] - Text '123' is set on object 'Object Repository/mobileSanity/STM/Page_App Page 3/input__credit-card-cvv'

2019-10-24 08:17:57 - [TEST_STEP][PASSED] - click(findTestObject("mobileSanity/STM/Page_App Page 3/label_I Accept Authorization f")): Object: 'Object Repository/mobileSanity/STM/Page_App Page 3/label_I Accept Authorization f' is clicked on

2019-10-24 08:17:57 - [MESSAGE][PASSED] - Object: 'Object Repository/mobileSanity/STM/Page_App Page 3/label_I Accept Authorization f' is clicked on

2019-10-24 08:17:57 - [TEST_STEP][PASSED] - click(findTestObject("mobileSanity/STM/Page_App Page 3/a_Continue to Step 4 - Review")): Object: 'Object Repository/mobileSanity/STM/Page_App Page 3/a_Continue to Step 4 - Review' is clicked on

2019-10-24 08:17:57 - [MESSAGE][PASSED] - Object: 'Object Repository/mobileSanity/STM/Page_App Page 3/a_Continue to Step 4 - Review' is clicked on

2019-10-24 08:17:57 - [TEST_STEP][PASSED] - waitForPageLoad(10): Wait for page load successfully

2019-10-24 08:17:57 - [MESSAGE][PASSED] - Wait for page load successfully

2019-10-24 08:17:57 - [TEST_STEP][PASSED] - waitForElementClickable(findTestObject("mobileSanity/STM/Page_App Page 4/label"), 10): Object 'Object Repository/mobileSanity/STM/Page_App Page 4/label' is clickable

2019-10-24 08:17:57 - [MESSAGE][PASSED] - Object 'Object Repository/mobileSanity/STM/Page_App Page 4/label' is clickable

2019-10-24 08:17:57 - [TEST_STEP][PASSED] - Thread.sleep(2000): null

2019-10-24 08:17:59 - [TEST_STEP][PASSED] - callTestCase(findTestCase("mobileWeb/_include/get_screenshot"), [:], STOP_ON_FAILURE): Call Test Case 'Test Cases/mobileWeb/_include/get_screenshot' successfully

2019-10-24 08:18:00 - [TEST_CASE][PASSED] - Test Cases/mobileWeb/_include/get_screenshot: Test Cases/mobileWeb/_include/get_screenshot

2019-10-24 08:18:00 - [TEST_STEP][PASSED] - takeScreenshot(screenPath + i + ".png"): Taking screenshot successfully

2019-10-24 08:18:00 - [MESSAGE][PASSED] - Taking screenshot successfully
[[ATTACHMENT|D:\\Test\\AgileTest\\Reports\\mobileWeb\\stm\\20191024_080031\\../Screenshots/iPhone 6/stm/Aspen/20191024_081713/9.png]]

2019-10-24 08:18:00 - [TEST_STEP][PASSED] - (internal.GlobalVariable.i++): null

2019-10-24 08:18:00 - [MESSAGE][PASSED] - Call Test Case 'Test Cases/mobileWeb/_include/get_screenshot' successfully

2019-10-24 08:18:00 - [TEST_STEP][PASSED] - click(findTestObject("mobileSanity/STM/Page_App Page 4/label")): Object: 'Object Repository/mobileSanity/STM/Page_App Page 4/label' is clicked on

2019-10-24 08:18:00 - [MESSAGE][PASSED] - Object: 'Object Repository/mobileSanity/STM/Page_App Page 4/label' is clicked on

2019-10-24 08:18:00 - [TEST_STEP][PASSED] - click(findTestObject("mobileSanity/STM/Page_App Page 4/div_CLICK TO SIGN")): Object: 'Object Repository/mobileSanity/STM/Page_App Page 4/div_CLICK TO SIGN' is clicked on

2019-10-24 08:18:00 - [MESSAGE][PASSED] - Object: 'Object Repository/mobileSanity/STM/Page_App Page 4/div_CLICK TO SIGN' is clicked on

2019-10-24 08:18:00 - [TEST_STEP][PASSED] - click(findTestObject("mobileSanity/STM/Page_App Page 4/a_Submit Your Application")): Object: 'Object Repository/mobileSanity/STM/Page_App Page 4/a_Submit Your Application' is clicked on

2019-10-24 08:18:00 - [MESSAGE][PASSED] - Object: 'Object Repository/mobileSanity/STM/Page_App Page 4/a_Submit Your Application' is clicked on

2019-10-24 08:18:00 - [TEST_STEP][PASSED] - Thread.sleep(30000): null

2019-10-24 08:18:30 - [TEST_STEP][PASSED] - waitForElementPresent(findTestObject("mobileSanity/STM/Page_App Page 6/app-page-wrapper"), 20): Object 'Object Repository/mobileSanity/STM/Page_App Page 6/app-page-wrapper' is present

2019-10-24 08:18:30 - [MESSAGE][PASSED] - Object 'Object Repository/mobileSanity/STM/Page_App Page 6/app-page-wrapper' is present

2019-10-24 08:18:30 - [TEST_STEP][PASSED] - callTestCase(findTestCase("mobileWeb/_include/get_screenshot"), [:], STOP_ON_FAILURE): Call Test Case 'Test Cases/mobileWeb/_include/get_screenshot' successfully

2019-10-24 08:18:30 - [TEST_CASE][PASSED] - Test Cases/mobileWeb/_include/get_screenshot: Test Cases/mobileWeb/_include/get_screenshot

2019-10-24 08:18:30 - [TEST_STEP][PASSED] - takeScreenshot(screenPath + i + ".png"): Taking screenshot successfully

2019-10-24 08:18:31 - [MESSAGE][PASSED] - Taking screenshot successfully
[[ATTACHMENT|D:\\Test\\AgileTest\\Reports\\mobileWeb\\stm\\20191024_080031\\../Screenshots/iPhone 6/stm/Aspen/20191024_081713/10.png]]

2019-10-24 08:18:31 - [TEST_STEP][PASSED] - (internal.GlobalVariable.i++): null

2019-10-24 08:18:31 - [MESSAGE][PASSED] - Call Test Case 'Test Cases/mobileWeb/_include/get_screenshot' successfully

2019-10-24 08:18:31 - [MESSAGE][PASSED] - Call Test Case 'Test Cases/mobileWeb/_include/goToEnd_stm_autofill' successfully]]></system-out>
         <system-err><![CDATA[]]></system-err>
      </testcase>
      <system-out><![CDATA[2019-10-24 08:07:25 - [TEST_SUITE][PASSED] - stm: Test Cases/mobileWeb/stm/Aspen]]></system-out>
      <system-err><![CDATA[]]></system-err>
   </testsuite>
</testsuites>
